<?xml version="1.0" encoding="UTF-8"?>
<testsuite name="org.waldreg.acceptance.teambuilding.TeamBuildingAcceptanceTest" tests="39" skipped="0" failures="0" errors="0" timestamp="2023-06-27T14:51:08" hostname="xb-apple.local" time="1.248">
  <properties/>
  <testcase name="팀빌딩 그룹 내 팀 삭제 실패 테스트 - 권한 없음" classname="org.waldreg.acceptance.teambuilding.TeamBuildingAcceptanceTest" time="0.049"/>
  <testcase name="팀빌딩 그룹 내 팀이름 수정 실패 테스트 - team_name이 공백" classname="org.waldreg.acceptance.teambuilding.TeamBuildingAcceptanceTest" time="0.029"/>
  <testcase name="팀빌딩 그룹 내 팀 수정 실패 테스트 - 권한 없음" classname="org.waldreg.acceptance.teambuilding.TeamBuildingAcceptanceTest" time="0.039"/>
  <testcase name="팀빌딩 그룹 생성 실패 테스트 - 권한 없음" classname="org.waldreg.acceptance.teambuilding.TeamBuildingAcceptanceTest" time="0.031"/>
  <testcase name="팀빌딩 그룹 내 팀 추가 실패 테스트 - 권한 없음" classname="org.waldreg.acceptance.teambuilding.TeamBuildingAcceptanceTest" time="0.039"/>
  <testcase name="팀빌딩 그룹 내 팀 수정 실패 테스트 - 없는 team_id" classname="org.waldreg.acceptance.teambuilding.TeamBuildingAcceptanceTest" time="0.032"/>
  <testcase name="팀빌딩 그룹 수정 실패 테스트 - 없는 teambuilding_id" classname="org.waldreg.acceptance.teambuilding.TeamBuildingAcceptanceTest" time="0.029"/>
  <testcase name="팀빌딩 그룹 수정 실패 테스트 - teambuilding_title이 공백" classname="org.waldreg.acceptance.teambuilding.TeamBuildingAcceptanceTest" time="0.036"/>
  <testcase name="팀빌딩 그룹 내 팀 추가 실패 테스트 - team_name 중복" classname="org.waldreg.acceptance.teambuilding.TeamBuildingAcceptanceTest" time="0.045"/>
  <testcase name="팀빌딩 그룹 내 팀 추가 실패 테스트 - teambuilding_id가 없을 때" classname="org.waldreg.acceptance.teambuilding.TeamBuildingAcceptanceTest" time="0.042"/>
  <testcase name="팀빌딩 그룹 삭제 성공 테스트" classname="org.waldreg.acceptance.teambuilding.TeamBuildingAcceptanceTest" time="0.03"/>
  <testcase name="팀빌딩 그룹 수정 실패 테스트 - teambuilding_title 1000자 초과" classname="org.waldreg.acceptance.teambuilding.TeamBuildingAcceptanceTest" time="0.037"/>
  <testcase name="팀빌딩 그룹 내 팀 수정 실패 테스트 - 이미 그룹 내 다른 팀에 존재하는 user를 팀원으로 추가" classname="org.waldreg.acceptance.teambuilding.TeamBuildingAcceptanceTest" time="0.032"/>
  <testcase name="팀빌딩 그룹 내 팀 삭제 실패 테스트 - 없는 team_id" classname="org.waldreg.acceptance.teambuilding.TeamBuildingAcceptanceTest" time="0.031"/>
  <testcase name="팀빌딩 그룹 조회 실패 테스트 - 없는 teambuilding id" classname="org.waldreg.acceptance.teambuilding.TeamBuildingAcceptanceTest" time="0.042"/>
  <testcase name="팀빌딩 그룹 생성 실패 테스트 - teambuilding_title overflow (1000자 이상)" classname="org.waldreg.acceptance.teambuilding.TeamBuildingAcceptanceTest" time="0.019"/>
  <testcase name="팀빌딩 그룹 삭제 실패 테스트 - 권한 없음" classname="org.waldreg.acceptance.teambuilding.TeamBuildingAcceptanceTest" time="0.028"/>
  <testcase name="팀빌딩 그룹 수정 실패 테스트 - 권한 없음" classname="org.waldreg.acceptance.teambuilding.TeamBuildingAcceptanceTest" time="0.029"/>
  <testcase name="팀빌딩 그룹 내 팀 수정 실패 테스트 - 중복된 team_name" classname="org.waldreg.acceptance.teambuilding.TeamBuildingAcceptanceTest" time="0.024"/>
  <testcase name="팀빌딩 그룹 전체 조회 성공 테스트" classname="org.waldreg.acceptance.teambuilding.TeamBuildingAcceptanceTest" time="0.043"/>
  <testcase name="팀빌딩 그룹 내 팀 삭제 성공 테스트" classname="org.waldreg.acceptance.teambuilding.TeamBuildingAcceptanceTest" time="0.022"/>
  <testcase name="팀빌딩 그룹 조회 성공 테스트" classname="org.waldreg.acceptance.teambuilding.TeamBuildingAcceptanceTest" time="0.046"/>
  <testcase name="팀빌딩 그룹 생성 실패 테스트 - 잘못된 user의 weight 범위" classname="org.waldreg.acceptance.teambuilding.TeamBuildingAcceptanceTest" time="0.02"/>
  <testcase name="팀빌딩 그룹 내 팀 수정 성공 테스트" classname="org.waldreg.acceptance.teambuilding.TeamBuildingAcceptanceTest" time="0.025"/>
  <testcase name="팀빌딩 그룹 생성 성공 테스트" classname="org.waldreg.acceptance.teambuilding.TeamBuildingAcceptanceTest" time="0.026"/>
  <testcase name="팀빌딩 그룹 생성 실패 테스트 - teambuilding_title이 공백" classname="org.waldreg.acceptance.teambuilding.TeamBuildingAcceptanceTest" time="0.048"/>
  <testcase name="팀빌딩 그룹 내 팀이름 수정 실패 테스트 - 없는 team_id" classname="org.waldreg.acceptance.teambuilding.TeamBuildingAcceptanceTest" time="0.029"/>
  <testcase name="팀빌딩 그룹 수정 성공 테스트" classname="org.waldreg.acceptance.teambuilding.TeamBuildingAcceptanceTest" time="0.025"/>
  <testcase name="팀빌딩 그룹 생성 실패 테스트 - team_count가 0 이하일 때" classname="org.waldreg.acceptance.teambuilding.TeamBuildingAcceptanceTest" time="0.025"/>
  <testcase name="팀빌딩 그룹 내 팀이름 수정 실패 테스트 - team_name 중복" classname="org.waldreg.acceptance.teambuilding.TeamBuildingAcceptanceTest" time="0.033"/>
  <testcase name="팀 빌딩 그룹 내 팀 수정 실패 테스트 - team_name이 공백" classname="org.waldreg.acceptance.teambuilding.TeamBuildingAcceptanceTest" time="0.022"/>
  <testcase name="팀빌딩 그룹 내 팀이름 수정 성공 테스트" classname="org.waldreg.acceptance.teambuilding.TeamBuildingAcceptanceTest" time="0.026"/>
  <testcase name="팀빌딩 그룹 전체 조회 실패 테스트 - 잘못된 범위" classname="org.waldreg.acceptance.teambuilding.TeamBuildingAcceptanceTest" time="0.041"/>
  <testcase name="팀빌딩 그룹 내 팀 추가 성공 테스트" classname="org.waldreg.acceptance.teambuilding.TeamBuildingAcceptanceTest" time="0.025"/>
  <testcase name="팀빌딩 그룹 삭제 실패 테스트 - 없는 teambuilding_id" classname="org.waldreg.acceptance.teambuilding.TeamBuildingAcceptanceTest" time="0.037"/>
  <testcase name="팀빌딩 그룹 내 팀 추가 실패 테스트 - user_id가 이미 다른 팀에 존재할 때" classname="org.waldreg.acceptance.teambuilding.TeamBuildingAcceptanceTest" time="0.026"/>
  <testcase name="팀빌딩 그룹 내 팀이름 수정 실패 테스트 - 권한 없음" classname="org.waldreg.acceptance.teambuilding.TeamBuildingAcceptanceTest" time="0.028"/>
  <testcase name="팀빌딩 그룹 내 팀 추가 실패 테스트 - team_name이 공백" classname="org.waldreg.acceptance.teambuilding.TeamBuildingAcceptanceTest" time="0.024"/>
  <testcase name="팀빌딩 그룹 생성 실패 테스트 - team_count가 user의 수보다 클 때" classname="org.waldreg.acceptance.teambuilding.TeamBuildingAcceptanceTest" time="0.02"/>
  <system-out><![CDATA[2023-06-27 23:51:08.535  INFO 92687 --- [    Test worker] .b.t.c.SpringBootTestContextBootstrapper : Neither @ContextConfiguration nor @ContextHierarchy found for test class [org.waldreg.acceptance.teambuilding.TeamBuildingAcceptanceTest], using SpringBootContextLoader
2023-06-27 23:51:08.535  INFO 92687 --- [    Test worker] o.s.t.c.support.AbstractContextLoader    : Could not detect default resource locations for test class [org.waldreg.acceptance.teambuilding.TeamBuildingAcceptanceTest]: no resource found for suffixes {-context.xml, Context.groovy}.
2023-06-27 23:51:08.535  INFO 92687 --- [    Test worker] t.c.s.AnnotationConfigContextLoaderUtils : Could not detect default configuration classes for test class [org.waldreg.acceptance.teambuilding.TeamBuildingAcceptanceTest]: TeamBuildingAcceptanceTest does not declare any static, non-private, non-final, nested classes annotated with @Configuration.
2023-06-27 23:51:08.538  INFO 92687 --- [    Test worker] .b.t.c.SpringBootTestContextBootstrapper : Found @SpringBootConfiguration org.waldreg.Application for test class org.waldreg.acceptance.teambuilding.TeamBuildingAcceptanceTest
2023-06-27 23:51:08.538  INFO 92687 --- [    Test worker] .b.t.c.SpringBootTestContextBootstrapper : Loaded default TestExecutionListener class names from location [META-INF/spring.factories]: [org.springframework.boot.test.autoconfigure.restdocs.RestDocsTestExecutionListener, org.springframework.boot.test.autoconfigure.web.client.MockRestServiceServerResetTestExecutionListener, org.springframework.boot.test.autoconfigure.web.servlet.MockMvcPrintOnlyOnFailureTestExecutionListener, org.springframework.boot.test.autoconfigure.web.servlet.WebDriverTestExecutionListener, org.springframework.boot.test.autoconfigure.webservices.client.MockWebServiceServerTestExecutionListener, org.springframework.boot.test.mock.mockito.MockitoTestExecutionListener, org.springframework.boot.test.mock.mockito.ResetMocksTestExecutionListener, org.springframework.test.context.web.ServletTestExecutionListener, org.springframework.test.context.support.DirtiesContextBeforeModesTestExecutionListener, org.springframework.test.context.event.ApplicationEventsTestExecutionListener, org.springframework.test.context.support.DependencyInjectionTestExecutionListener, org.springframework.test.context.support.DirtiesContextTestExecutionListener, org.springframework.test.context.transaction.TransactionalTestExecutionListener, org.springframework.test.context.jdbc.SqlScriptsTestExecutionListener, org.springframework.test.context.event.EventPublishingTestExecutionListener]
2023-06-27 23:51:08.538  INFO 92687 --- [    Test worker] .b.t.c.SpringBootTestContextBootstrapper : Using TestExecutionListeners: [org.springframework.test.context.web.ServletTestExecutionListener@490592ae, org.springframework.test.context.support.DirtiesContextBeforeModesTestExecutionListener@7b97980d, org.springframework.test.context.event.ApplicationEventsTestExecutionListener@27c757e9, org.springframework.boot.test.mock.mockito.MockitoTestExecutionListener@11139de, org.springframework.boot.test.autoconfigure.SpringBootDependencyInjectionTestExecutionListener@64e44bb0, org.springframework.test.context.support.DirtiesContextTestExecutionListener@2374e0d1, org.springframework.test.context.transaction.TransactionalTestExecutionListener@3e119349, org.springframework.test.context.jdbc.SqlScriptsTestExecutionListener@3646929c, org.springframework.test.context.event.EventPublishingTestExecutionListener@70b9e62f, org.springframework.boot.test.autoconfigure.restdocs.RestDocsTestExecutionListener@74cff281, org.springframework.boot.test.autoconfigure.web.client.MockRestServiceServerResetTestExecutionListener@4676ac8a, org.springframework.boot.test.autoconfigure.web.servlet.MockMvcPrintOnlyOnFailureTestExecutionListener@44a604aa, org.springframework.boot.test.autoconfigure.web.servlet.WebDriverTestExecutionListener@7b911a8f, org.springframework.boot.test.autoconfigure.webservices.client.MockWebServiceServerTestExecutionListener@70c1a486, org.springframework.boot.test.mock.mockito.ResetMocksTestExecutionListener@32054e8]
Hibernate: select user0_.user_id as col_0_0_ from user user0_ where user0_.user_user_id=? limit ?
Hibernate: select user0_.user_id as col_0_0_ from user user0_ where user0_.user_user_id=? limit ?
Hibernate: select U.* from USER U where U.USER_USER_ID =?
Hibernate: select character0_.character_id as characte1_6_0_, character0_.character_character_name as characte2_6_0_ from characters character0_ where character0_.character_id=?
Hibernate: select user0_.user_id as user_id1_21_0_, user0_.character_id as characte7_21_0_, user0_.user_created_at as user_cre2_21_0_, user0_.user_name as user_nam3_21_0_, user0_.user_phone_number as user_pho4_21_0_, user0_.user_user_id as user_use5_21_0_, user0_.user_user_password as user_use6_21_0_ from user user0_ where user0_.user_id=?
Hibernate: select character0_.character_id as characte1_6_0_, character0_.character_character_name as characte2_6_0_ from characters character0_ where character0_.character_id=?
Hibernate: select count(*) as col_0_0_ from team_building teambuildi0_
Hibernate: select count(*) as col_0_0_ from team_building teambuildi0_
Hibernate: select user0_.user_id as col_0_0_ from user user0_ where user0_.user_user_id=? limit ?
Hibernate: select user0_.user_id as col_0_0_ from user user0_ where user0_.user_user_id=? limit ?
Hibernate: select U.* from USER U where U.USER_USER_ID =?
Hibernate: select character0_.character_id as characte1_6_0_, character0_.character_character_name as characte2_6_0_ from characters character0_ where character0_.character_id=?
Hibernate: select user0_.user_id as col_0_0_ from user user0_ where user0_.user_user_id=? limit ?
Hibernate: select user0_.user_id as col_0_0_ from user user0_ where user0_.user_user_id=? limit ?
Hibernate: select U.* from USER U where U.USER_USER_ID =?
Hibernate: select character0_.character_id as characte1_6_0_, character0_.character_character_name as characte2_6_0_ from characters character0_ where character0_.character_id=?
Hibernate: select user0_.user_id as col_0_0_ from user user0_ where user0_.user_user_id=? limit ?
Hibernate: select user0_.user_id as col_0_0_ from user user0_ where user0_.user_user_id=? limit ?
Hibernate: select U.* from USER U where U.USER_USER_ID =?
Hibernate: select character0_.character_id as characte1_6_0_, character0_.character_character_name as characte2_6_0_ from characters character0_ where character0_.character_id=?
Hibernate: select user0_.user_id as col_0_0_ from user user0_ where user0_.user_user_id=? limit ?
Hibernate: select userjoinin0_.user_joining_pool_id as col_0_0_ from user_joining_pool userjoinin0_ where userjoinin0_.user_user_id=? limit ?
Hibernate: select character0_.character_id as col_0_0_ from characters character0_ where character0_.character_character_name=? limit ?
Hibernate: insert into user_joining_pool (user_joining_pool_id, user_created_at, user_name, user_phone_number, user_user_id, user_user_password) values (default, ?, ?, ?, ?, ?)

MockHttpServletRequest:
      HTTP Method = POST
      Request URI = /user
       Parameters = {}
          Headers = [Content-Type:"application/json;charset=UTF-8", Accept:"application/json", api-version:"1.0", Content-Length:"90"]
             Body = {"name":"lin","user_id":"lini","user_password":"linirini!!2","phone_number":"01012341234"}
    Session Attrs = {}

Handler:
             Type = org.waldreg.controller.joiningpool.JoiningPoolController
           Method = org.waldreg.controller.joiningpool.JoiningPoolController#createUser(UserRequest)

Async:
    Async started = false
     Async result = null

Resolved Exception:
             Type = null

ModelAndView:
        View name = null
             View = null
            Model = null

FlashMap:
       Attributes = null

MockHttpServletResponse:
           Status = 200
    Error message = null
          Headers = [Vary:"Origin", "Access-Control-Request-Method", "Access-Control-Request-Headers", Api-version:"1.0"]
     Content type = null
             Body = 
    Forwarded URL = null
   Redirected URL = null
          Cookies = []
Hibernate: select user0_.user_id as user_id1_21_0_, user0_.character_id as characte7_21_0_, user0_.user_created_at as user_cre2_21_0_, user0_.user_name as user_nam3_21_0_, user0_.user_phone_number as user_pho4_21_0_, user0_.user_user_id as user_use5_21_0_, user0_.user_user_password as user_use6_21_0_ from user user0_ where user0_.user_id=?
Hibernate: select character0_.character_id as characte1_6_0_, character0_.character_character_name as characte2_6_0_ from characters character0_ where character0_.character_id=?
Hibernate: select count(*) as col_0_0_ from user user0_ where user0_.user_id=?
Hibernate: select character1_.character_id as characte1_6_, character1_.character_character_name as characte2_6_ from user user0_ inner join characters character1_ on user0_.character_id=character1_.character_id where user0_.user_id=?
Hibernate: select permission0_.character_id as characte6_12_0_, permission0_.permission_id as permissi1_12_0_, permission0_.permission_id as permissi1_12_1_, permission0_.character_id as characte6_12_1_, permission0_.permission_name as permissi2_12_1_, permission0_.permission_permission_unit_id as permissi3_12_1_, permission0_.permission_service as permissi4_12_1_, permission0_.permission_status as permissi5_12_1_ from permission permission0_ where permission0_.character_id=?
Hibernate: select userjoinin0_.user_joining_pool_id as col_0_0_ from user_joining_pool userjoinin0_ where userjoinin0_.user_user_id=? limit ?
Hibernate: select userjoinin0_.user_joining_pool_id as user_joi1_22_, userjoinin0_.user_created_at as user_cre2_22_, userjoinin0_.user_name as user_nam3_22_, userjoinin0_.user_phone_number as user_pho4_22_, userjoinin0_.user_user_id as user_use5_22_, userjoinin0_.user_user_password as user_use6_22_ from user_joining_pool userjoinin0_ where userjoinin0_.user_user_id=?
Hibernate: select character0_.character_id as characte1_6_, character0_.character_character_name as characte2_6_ from characters character0_ where character0_.character_character_name=?
Hibernate: insert into user (user_id, character_id, user_created_at, user_name, user_phone_number, user_user_id, user_user_password) values (default, ?, ?, ?, ?, ?, ?)
Hibernate: DELETE FROM USER_JOINING_POOL as JU where JU.USER_USER_ID =?
Hibernate: select user0_.user_id as col_0_0_ from user user0_ where user0_.user_user_id=? limit ?
Hibernate: select user0_.user_id as col_0_0_ from user user0_ where user0_.user_user_id=? limit ?
Hibernate: select U.* from USER U where U.USER_USER_ID =?
Hibernate: select character0_.character_id as characte1_6_0_, character0_.character_character_name as characte2_6_0_ from characters character0_ where character0_.character_id=?
Hibernate: select user0_.user_id as col_0_0_ from user user0_ where user0_.user_user_id=? limit ?
Hibernate: select user0_.user_id as col_0_0_ from user user0_ where user0_.user_user_id=? limit ?
Hibernate: select U.* from USER U where U.USER_USER_ID =?
Hibernate: select character0_.character_id as characte1_6_0_, character0_.character_character_name as characte2_6_0_ from characters character0_ where character0_.character_id=?
Hibernate: select user0_.user_id as col_0_0_ from user user0_ where user0_.user_user_id=? limit ?
Hibernate: select userjoinin0_.user_joining_pool_id as col_0_0_ from user_joining_pool userjoinin0_ where userjoinin0_.user_user_id=? limit ?
Hibernate: select character0_.character_id as col_0_0_ from characters character0_ where character0_.character_character_name=? limit ?
Hibernate: insert into user_joining_pool (user_joining_pool_id, user_created_at, user_name, user_phone_number, user_user_id, user_user_password) values (default, ?, ?, ?, ?, ?)
Hibernate: select user0_.user_id as user_id1_21_0_, user0_.character_id as characte7_21_0_, user0_.user_created_at as user_cre2_21_0_, user0_.user_name as user_nam3_21_0_, user0_.user_phone_number as user_pho4_21_0_, user0_.user_user_id as user_use5_21_0_, user0_.user_user_password as user_use6_21_0_ from user user0_ where user0_.user_id=?
Hibernate: select character0_.character_id as characte1_6_0_, character0_.character_character_name as characte2_6_0_ from characters character0_ where character0_.character_id=?
Hibernate: select count(*) as col_0_0_ from user user0_ where user0_.user_id=?
Hibernate: select character1_.character_id as characte1_6_, character1_.character_character_name as characte2_6_ from user user0_ inner join characters character1_ on user0_.character_id=character1_.character_id where user0_.user_id=?
Hibernate: select permission0_.character_id as characte6_12_0_, permission0_.permission_id as permissi1_12_0_, permission0_.permission_id as permissi1_12_1_, permission0_.character_id as characte6_12_1_, permission0_.permission_name as permissi2_12_1_, permission0_.permission_permission_unit_id as permissi3_12_1_, permission0_.permission_service as permissi4_12_1_, permission0_.permission_status as permissi5_12_1_ from permission permission0_ where permission0_.character_id=?
Hibernate: select userjoinin0_.user_joining_pool_id as col_0_0_ from user_joining_pool userjoinin0_ where userjoinin0_.user_user_id=? limit ?
Hibernate: select userjoinin0_.user_joining_pool_id as user_joi1_22_, userjoinin0_.user_created_at as user_cre2_22_, userjoinin0_.user_name as user_nam3_22_, userjoinin0_.user_phone_number as user_pho4_22_, userjoinin0_.user_user_id as user_use5_22_, userjoinin0_.user_user_password as user_use6_22_ from user_joining_pool userjoinin0_ where userjoinin0_.user_user_id=?
Hibernate: select character0_.character_id as characte1_6_, character0_.character_character_name as characte2_6_ from characters character0_ where character0_.character_character_name=?
Hibernate: insert into user (user_id, character_id, user_created_at, user_name, user_phone_number, user_user_id, user_user_password) values (default, ?, ?, ?, ?, ?, ?)
Hibernate: DELETE FROM USER_JOINING_POOL as JU where JU.USER_USER_ID =?
Hibernate: select user0_.user_id as col_0_0_ from user user0_ where user0_.user_user_id=? limit ?
Hibernate: select user0_.user_id as col_0_0_ from user user0_ where user0_.user_user_id=? limit ?
Hibernate: select U.* from USER U where U.USER_USER_ID =?
Hibernate: select character0_.character_id as characte1_6_0_, character0_.character_character_name as characte2_6_0_ from characters character0_ where character0_.character_id=?
Hibernate: select user0_.user_id as col_0_0_ from user user0_ where user0_.user_user_id=? limit ?
Hibernate: select userjoinin0_.user_joining_pool_id as col_0_0_ from user_joining_pool userjoinin0_ where userjoinin0_.user_user_id=? limit ?
Hibernate: select character0_.character_id as col_0_0_ from characters character0_ where character0_.character_character_name=? limit ?
Hibernate: insert into user_joining_pool (user_joining_pool_id, user_created_at, user_name, user_phone_number, user_user_id, user_user_password) values (default, ?, ?, ?, ?, ?)
Hibernate: select user0_.user_id as user_id1_21_0_, user0_.character_id as characte7_21_0_, user0_.user_created_at as user_cre2_21_0_, user0_.user_name as user_nam3_21_0_, user0_.user_phone_number as user_pho4_21_0_, user0_.user_user_id as user_use5_21_0_, user0_.user_user_password as user_use6_21_0_ from user user0_ where user0_.user_id=?
Hibernate: select character0_.character_id as characte1_6_0_, character0_.character_character_name as characte2_6_0_ from characters character0_ where character0_.character_id=?
Hibernate: select count(*) as col_0_0_ from user user0_ where user0_.user_id=?
Hibernate: select character1_.character_id as characte1_6_, character1_.character_character_name as characte2_6_ from user user0_ inner join characters character1_ on user0_.character_id=character1_.character_id where user0_.user_id=?
Hibernate: select permission0_.character_id as characte6_12_0_, permission0_.permission_id as permissi1_12_0_, permission0_.permission_id as permissi1_12_1_, permission0_.character_id as characte6_12_1_, permission0_.permission_name as permissi2_12_1_, permission0_.permission_permission_unit_id as permissi3_12_1_, permission0_.permission_service as permissi4_12_1_, permission0_.permission_status as permissi5_12_1_ from permission permission0_ where permission0_.character_id=?
Hibernate: select userjoinin0_.user_joining_pool_id as col_0_0_ from user_joining_pool userjoinin0_ where userjoinin0_.user_user_id=? limit ?
Hibernate: select userjoinin0_.user_joining_pool_id as user_joi1_22_, userjoinin0_.user_created_at as user_cre2_22_, userjoinin0_.user_name as user_nam3_22_, userjoinin0_.user_phone_number as user_pho4_22_, userjoinin0_.user_user_id as user_use5_22_, userjoinin0_.user_user_password as user_use6_22_ from user_joining_pool userjoinin0_ where userjoinin0_.user_user_id=?
Hibernate: select character0_.character_id as characte1_6_, character0_.character_character_name as characte2_6_ from characters character0_ where character0_.character_character_name=?
Hibernate: insert into user (user_id, character_id, user_created_at, user_name, user_phone_number, user_user_id, user_user_password) values (default, ?, ?, ?, ?, ?, ?)
Hibernate: DELETE FROM USER_JOINING_POOL as JU where JU.USER_USER_ID =?
Hibernate: select user0_.user_id as col_0_0_ from user user0_ where user0_.user_user_id=? limit ?
Hibernate: select user0_.user_id as col_0_0_ from user user0_ where user0_.user_user_id=? limit ?
Hibernate: select U.* from USER U where U.USER_USER_ID =?
Hibernate: select character0_.character_id as characte1_6_0_, character0_.character_character_name as characte2_6_0_ from characters character0_ where character0_.character_id=?
Hibernate: select user0_.user_id as col_0_0_ from user user0_ where user0_.user_user_id=? limit ?
Hibernate: select userjoinin0_.user_joining_pool_id as col_0_0_ from user_joining_pool userjoinin0_ where userjoinin0_.user_user_id=? limit ?
Hibernate: select character0_.character_id as col_0_0_ from characters character0_ where character0_.character_character_name=? limit ?
Hibernate: insert into user_joining_pool (user_joining_pool_id, user_created_at, user_name, user_phone_number, user_user_id, user_user_password) values (default, ?, ?, ?, ?, ?)
Hibernate: select user0_.user_id as user_id1_21_0_, user0_.character_id as characte7_21_0_, user0_.user_created_at as user_cre2_21_0_, user0_.user_name as user_nam3_21_0_, user0_.user_phone_number as user_pho4_21_0_, user0_.user_user_id as user_use5_21_0_, user0_.user_user_password as user_use6_21_0_ from user user0_ where user0_.user_id=?
Hibernate: select character0_.character_id as characte1_6_0_, character0_.character_character_name as characte2_6_0_ from characters character0_ where character0_.character_id=?
Hibernate: select count(*) as col_0_0_ from user user0_ where user0_.user_id=?
Hibernate: select character1_.character_id as characte1_6_, character1_.character_character_name as characte2_6_ from user user0_ inner join characters character1_ on user0_.character_id=character1_.character_id where user0_.user_id=?
Hibernate: select permission0_.character_id as characte6_12_0_, permission0_.permission_id as permissi1_12_0_, permission0_.permission_id as permissi1_12_1_, permission0_.character_id as characte6_12_1_, permission0_.permission_name as permissi2_12_1_, permission0_.permission_permission_unit_id as permissi3_12_1_, permission0_.permission_service as permissi4_12_1_, permission0_.permission_status as permissi5_12_1_ from permission permission0_ where permission0_.character_id=?
Hibernate: select userjoinin0_.user_joining_pool_id as col_0_0_ from user_joining_pool userjoinin0_ where userjoinin0_.user_user_id=? limit ?
Hibernate: select userjoinin0_.user_joining_pool_id as user_joi1_22_, userjoinin0_.user_created_at as user_cre2_22_, userjoinin0_.user_name as user_nam3_22_, userjoinin0_.user_phone_number as user_pho4_22_, userjoinin0_.user_user_id as user_use5_22_, userjoinin0_.user_user_password as user_use6_22_ from user_joining_pool userjoinin0_ where userjoinin0_.user_user_id=?
Hibernate: select character0_.character_id as characte1_6_, character0_.character_character_name as characte2_6_ from characters character0_ where character0_.character_character_name=?
Hibernate: insert into user (user_id, character_id, user_created_at, user_name, user_phone_number, user_user_id, user_user_password) values (default, ?, ?, ?, ?, ?, ?)
Hibernate: DELETE FROM USER_JOINING_POOL as JU where JU.USER_USER_ID =?
Hibernate: select user0_.user_id as col_0_0_ from user user0_ where user0_.user_user_id=? limit ?
Hibernate: select user0_.user_id as col_0_0_ from user user0_ where user0_.user_user_id=? limit ?
Hibernate: select U.* from USER U where U.USER_USER_ID =?
Hibernate: select character0_.character_id as characte1_6_0_, character0_.character_character_name as characte2_6_0_ from characters character0_ where character0_.character_id=?
Hibernate: select user0_.user_id as col_0_0_ from user user0_ where user0_.user_user_id=? limit ?
Hibernate: select userjoinin0_.user_joining_pool_id as col_0_0_ from user_joining_pool userjoinin0_ where userjoinin0_.user_user_id=? limit ?
Hibernate: select character0_.character_id as col_0_0_ from characters character0_ where character0_.character_character_name=? limit ?
Hibernate: insert into user_joining_pool (user_joining_pool_id, user_created_at, user_name, user_phone_number, user_user_id, user_user_password) values (default, ?, ?, ?, ?, ?)
Hibernate: select user0_.user_id as user_id1_21_0_, user0_.character_id as characte7_21_0_, user0_.user_created_at as user_cre2_21_0_, user0_.user_name as user_nam3_21_0_, user0_.user_phone_number as user_pho4_21_0_, user0_.user_user_id as user_use5_21_0_, user0_.user_user_password as user_use6_21_0_ from user user0_ where user0_.user_id=?
Hibernate: select character0_.character_id as characte1_6_0_, character0_.character_character_name as characte2_6_0_ from characters character0_ where character0_.character_id=?
Hibernate: select count(*) as col_0_0_ from user user0_ where user0_.user_id=?
Hibernate: select character1_.character_id as characte1_6_, character1_.character_character_name as characte2_6_ from user user0_ inner join characters character1_ on user0_.character_id=character1_.character_id where user0_.user_id=?
Hibernate: select permission0_.character_id as characte6_12_0_, permission0_.permission_id as permissi1_12_0_, permission0_.permission_id as permissi1_12_1_, permission0_.character_id as characte6_12_1_, permission0_.permission_name as permissi2_12_1_, permission0_.permission_permission_unit_id as permissi3_12_1_, permission0_.permission_service as permissi4_12_1_, permission0_.permission_status as permissi5_12_1_ from permission permission0_ where permission0_.character_id=?
Hibernate: select userjoinin0_.user_joining_pool_id as col_0_0_ from user_joining_pool userjoinin0_ where userjoinin0_.user_user_id=? limit ?
Hibernate: select userjoinin0_.user_joining_pool_id as user_joi1_22_, userjoinin0_.user_created_at as user_cre2_22_, userjoinin0_.user_name as user_nam3_22_, userjoinin0_.user_phone_number as user_pho4_22_, userjoinin0_.user_user_id as user_use5_22_, userjoinin0_.user_user_password as user_use6_22_ from user_joining_pool userjoinin0_ where userjoinin0_.user_user_id=?
Hibernate: select character0_.character_id as characte1_6_, character0_.character_character_name as characte2_6_ from characters character0_ where character0_.character_character_name=?
Hibernate: insert into user (user_id, character_id, user_created_at, user_name, user_phone_number, user_user_id, user_user_password) values (default, ?, ?, ?, ?, ?, ?)
Hibernate: DELETE FROM USER_JOINING_POOL as JU where JU.USER_USER_ID =?
Hibernate: select user0_.user_id as col_0_0_ from user user0_ where user0_.user_user_id=? limit ?
Hibernate: select user0_.user_id as col_0_0_ from user user0_ where user0_.user_user_id=? limit ?
Hibernate: select U.* from USER U where U.USER_USER_ID =?
Hibernate: select character0_.character_id as characte1_6_0_, character0_.character_character_name as characte2_6_0_ from characters character0_ where character0_.character_id=?
Hibernate: select user0_.user_id as col_0_0_ from user user0_ where user0_.user_user_id=? limit ?
Hibernate: select userjoinin0_.user_joining_pool_id as col_0_0_ from user_joining_pool userjoinin0_ where userjoinin0_.user_user_id=? limit ?
Hibernate: select character0_.character_id as col_0_0_ from characters character0_ where character0_.character_character_name=? limit ?
Hibernate: insert into user_joining_pool (user_joining_pool_id, user_created_at, user_name, user_phone_number, user_user_id, user_user_password) values (default, ?, ?, ?, ?, ?)
Hibernate: select user0_.user_id as user_id1_21_0_, user0_.character_id as characte7_21_0_, user0_.user_created_at as user_cre2_21_0_, user0_.user_name as user_nam3_21_0_, user0_.user_phone_number as user_pho4_21_0_, user0_.user_user_id as user_use5_21_0_, user0_.user_user_password as user_use6_21_0_ from user user0_ where user0_.user_id=?
Hibernate: select character0_.character_id as characte1_6_0_, character0_.character_character_name as characte2_6_0_ from characters character0_ where character0_.character_id=?
Hibernate: select count(*) as col_0_0_ from user user0_ where user0_.user_id=?
Hibernate: select character1_.character_id as characte1_6_, character1_.character_character_name as characte2_6_ from user user0_ inner join characters character1_ on user0_.character_id=character1_.character_id where user0_.user_id=?
Hibernate: select permission0_.character_id as characte6_12_0_, permission0_.permission_id as permissi1_12_0_, permission0_.permission_id as permissi1_12_1_, permission0_.character_id as characte6_12_1_, permission0_.permission_name as permissi2_12_1_, permission0_.permission_permission_unit_id as permissi3_12_1_, permission0_.permission_service as permissi4_12_1_, permission0_.permission_status as permissi5_12_1_ from permission permission0_ where permission0_.character_id=?
Hibernate: select userjoinin0_.user_joining_pool_id as col_0_0_ from user_joining_pool userjoinin0_ where userjoinin0_.user_user_id=? limit ?
Hibernate: select userjoinin0_.user_joining_pool_id as user_joi1_22_, userjoinin0_.user_created_at as user_cre2_22_, userjoinin0_.user_name as user_nam3_22_, userjoinin0_.user_phone_number as user_pho4_22_, userjoinin0_.user_user_id as user_use5_22_, userjoinin0_.user_user_password as user_use6_22_ from user_joining_pool userjoinin0_ where userjoinin0_.user_user_id=?
Hibernate: select character0_.character_id as characte1_6_, character0_.character_character_name as characte2_6_ from characters character0_ where character0_.character_character_name=?
Hibernate: insert into user (user_id, character_id, user_created_at, user_name, user_phone_number, user_user_id, user_user_password) values (default, ?, ?, ?, ?, ?, ?)
Hibernate: DELETE FROM USER_JOINING_POOL as JU where JU.USER_USER_ID =?
Hibernate: select user0_.user_id as user_id1_21_0_, user0_.character_id as characte7_21_0_, user0_.user_created_at as user_cre2_21_0_, user0_.user_name as user_nam3_21_0_, user0_.user_phone_number as user_pho4_21_0_, user0_.user_user_id as user_use5_21_0_, user0_.user_user_password as user_use6_21_0_ from user user0_ where user0_.user_id=?
Hibernate: select character0_.character_id as characte1_6_0_, character0_.character_character_name as characte2_6_0_ from characters character0_ where character0_.character_id=?
Hibernate: select count(*) as col_0_0_ from user user0_ where user0_.user_id=?
Hibernate: select character1_.character_id as characte1_6_, character1_.character_character_name as characte2_6_ from user user0_ inner join characters character1_ on user0_.character_id=character1_.character_id where user0_.user_id=?
Hibernate: select permission0_.character_id as characte6_12_0_, permission0_.permission_id as permissi1_12_0_, permission0_.permission_id as permissi1_12_1_, permission0_.character_id as characte6_12_1_, permission0_.permission_name as permissi2_12_1_, permission0_.permission_permission_unit_id as permissi3_12_1_, permission0_.permission_service as permissi4_12_1_, permission0_.permission_status as permissi5_12_1_ from permission permission0_ where permission0_.character_id=?
Hibernate: select user0_.user_id as col_0_0_ from user user0_ where user0_.user_user_id=? limit ?
Hibernate: select user0_.user_id as col_0_0_ from user user0_ where user0_.user_user_id=? limit ?
Hibernate: select user0_.user_id as col_0_0_ from user user0_ where user0_.user_user_id=? limit ?
Hibernate: select user0_.user_id as col_0_0_ from user user0_ where user0_.user_user_id=? limit ?
Hibernate: select user0_.user_id as col_0_0_ from user user0_ where user0_.user_user_id=? limit ?
Hibernate: select user0_.user_id as user_id1_21_, user0_.character_id as characte7_21_, user0_.user_created_at as user_cre2_21_, user0_.user_name as user_nam3_21_, user0_.user_phone_number as user_pho4_21_, user0_.user_user_id as user_use5_21_, user0_.user_user_password as user_use6_21_ from user user0_ inner join characters character1_ on user0_.character_id=character1_.character_id where user0_.user_user_id=?
Hibernate: select character0_.character_id as characte1_6_0_, character0_.character_character_name as characte2_6_0_ from characters character0_ where character0_.character_id=?
Hibernate: select user0_.user_id as user_id1_21_, user0_.character_id as characte7_21_, user0_.user_created_at as user_cre2_21_, user0_.user_name as user_nam3_21_, user0_.user_phone_number as user_pho4_21_, user0_.user_user_id as user_use5_21_, user0_.user_user_password as user_use6_21_ from user user0_ inner join characters character1_ on user0_.character_id=character1_.character_id where user0_.user_user_id=?
Hibernate: select user0_.user_id as user_id1_21_, user0_.character_id as characte7_21_, user0_.user_created_at as user_cre2_21_, user0_.user_name as user_nam3_21_, user0_.user_phone_number as user_pho4_21_, user0_.user_user_id as user_use5_21_, user0_.user_user_password as user_use6_21_ from user user0_ inner join characters character1_ on user0_.character_id=character1_.character_id where user0_.user_user_id=?
Hibernate: select user0_.user_id as user_id1_21_, user0_.character_id as characte7_21_, user0_.user_created_at as user_cre2_21_, user0_.user_name as user_nam3_21_, user0_.user_phone_number as user_pho4_21_, user0_.user_user_id as user_use5_21_, user0_.user_user_password as user_use6_21_ from user user0_ inner join characters character1_ on user0_.character_id=character1_.character_id where user0_.user_user_id=?
Hibernate: select user0_.user_id as user_id1_21_, user0_.character_id as characte7_21_, user0_.user_created_at as user_cre2_21_, user0_.user_name as user_nam3_21_, user0_.user_phone_number as user_pho4_21_, user0_.user_user_id as user_use5_21_, user0_.user_user_password as user_use6_21_ from user user0_ inner join characters character1_ on user0_.character_id=character1_.character_id where user0_.user_user_id=?
Hibernate: insert into team_building (team_building_team_building_id, team_building_created_at, team_building_last_modified_at, team_building_team_building_title) values (default, ?, ?, ?)
Hibernate: insert into team (team_team_id, team_last_modified_at, team_building_team_building_id, team_team_name) values (default, ?, ?, ?)
Hibernate: insert into team_user (team_user_id, team_team_id, user_id) values (default, ?, ?)
Hibernate: insert into team_user (team_user_id, team_team_id, user_id) values (default, ?, ?)
Hibernate: insert into team_user (team_user_id, team_team_id, user_id) values (default, ?, ?)
Hibernate: insert into team (team_team_id, team_last_modified_at, team_building_team_building_id, team_team_name) values (default, ?, ?, ?)
Hibernate: insert into team_user (team_user_id, team_team_id, user_id) values (default, ?, ?)
Hibernate: insert into team_user (team_user_id, team_team_id, user_id) values (default, ?, ?)
Hibernate: select user0_.user_id as user_id1_21_0_, user0_.character_id as characte7_21_0_, user0_.user_created_at as user_cre2_21_0_, user0_.user_name as user_nam3_21_0_, user0_.user_phone_number as user_pho4_21_0_, user0_.user_user_id as user_use5_21_0_, user0_.user_user_password as user_use6_21_0_ from user user0_ where user0_.user_id=?
Hibernate: select character0_.character_id as characte1_6_0_, character0_.character_character_name as characte2_6_0_ from characters character0_ where character0_.character_id=?
Hibernate: select count(*) as col_0_0_ from team_building teambuildi0_
Hibernate: select count(*) as col_0_0_ from team_building teambuildi0_
Hibernate: select teambuildi0_.team_building_team_building_id as team_bui1_19_, teambuildi0_.team_building_created_at as team_bui2_19_, teambuildi0_.team_building_last_modified_at as team_bui3_19_, teambuildi0_.team_building_team_building_title as team_bui4_19_ from team_building teambuildi0_ order by teambuildi0_.team_building_created_at desc, teambuildi0_.team_building_team_building_id desc limit ?
Hibernate: select teamlist0_.team_building_team_building_id as team_bui4_18_0_, teamlist0_.team_team_id as team_tea1_18_0_, teamlist0_.team_team_id as team_tea1_18_1_, teamlist0_.team_last_modified_at as team_las2_18_1_, teamlist0_.team_building_team_building_id as team_bui4_18_1_, teamlist0_.team_team_name as team_tea3_18_1_ from team teamlist0_ where teamlist0_.team_building_team_building_id=?
Hibernate: select teamuserli0_.team_team_id as team_tea2_20_0_, teamuserli0_.team_user_id as team_use1_20_0_, teamuserli0_.team_user_id as team_use1_20_1_, teamuserli0_.team_team_id as team_tea2_20_1_, teamuserli0_.user_id as user_id3_20_1_ from team_user teamuserli0_ where teamuserli0_.team_team_id=?
Hibernate: select user0_.user_id as user_id1_21_0_, user0_.character_id as characte7_21_0_, user0_.user_created_at as user_cre2_21_0_, user0_.user_name as user_nam3_21_0_, user0_.user_phone_number as user_pho4_21_0_, user0_.user_user_id as user_use5_21_0_, user0_.user_user_password as user_use6_21_0_ from user user0_ where user0_.user_id=?
Hibernate: select character0_.character_id as characte1_6_0_, character0_.character_character_name as characte2_6_0_ from characters character0_ where character0_.character_id=?
Hibernate: select user0_.user_id as user_id1_21_0_, user0_.character_id as characte7_21_0_, user0_.user_created_at as user_cre2_21_0_, user0_.user_name as user_nam3_21_0_, user0_.user_phone_number as user_pho4_21_0_, user0_.user_user_id as user_use5_21_0_, user0_.user_user_password as user_use6_21_0_ from user user0_ where user0_.user_id=?
Hibernate: select user0_.user_id as user_id1_21_0_, user0_.character_id as characte7_21_0_, user0_.user_created_at as user_cre2_21_0_, user0_.user_name as user_nam3_21_0_, user0_.user_phone_number as user_pho4_21_0_, user0_.user_user_id as user_use5_21_0_, user0_.user_user_password as user_use6_21_0_ from user user0_ where user0_.user_id=?
Hibernate: select teamuserli0_.team_team_id as team_tea2_20_0_, teamuserli0_.team_user_id as team_use1_20_0_, teamuserli0_.team_user_id as team_use1_20_1_, teamuserli0_.team_team_id as team_tea2_20_1_, teamuserli0_.user_id as user_id3_20_1_ from team_user teamuserli0_ where teamuserli0_.team_team_id=?
Hibernate: select user0_.user_id as user_id1_21_0_, user0_.character_id as characte7_21_0_, user0_.user_created_at as user_cre2_21_0_, user0_.user_name as user_nam3_21_0_, user0_.user_phone_number as user_pho4_21_0_, user0_.user_user_id as user_use5_21_0_, user0_.user_user_password as user_use6_21_0_ from user user0_ where user0_.user_id=?
Hibernate: select user0_.user_id as user_id1_21_0_, user0_.character_id as characte7_21_0_, user0_.user_created_at as user_cre2_21_0_, user0_.user_name as user_nam3_21_0_, user0_.user_phone_number as user_pho4_21_0_, user0_.user_user_id as user_use5_21_0_, user0_.user_user_password as user_use6_21_0_ from user user0_ where user0_.user_id=?
Hibernate: select user0_.user_id as user_id1_21_0_, user0_.character_id as characte7_21_0_, user0_.user_created_at as user_cre2_21_0_, user0_.user_name as user_nam3_21_0_, user0_.user_phone_number as user_pho4_21_0_, user0_.user_user_id as user_use5_21_0_, user0_.user_user_password as user_use6_21_0_ from user user0_ where user0_.user_id=?
Hibernate: select character0_.character_id as characte1_6_0_, character0_.character_character_name as characte2_6_0_ from characters character0_ where character0_.character_id=?
Hibernate: select count(*) as col_0_0_ from user user0_ where user0_.user_id=?
Hibernate: select character1_.character_id as characte1_6_, character1_.character_character_name as characte2_6_ from user user0_ inner join characters character1_ on user0_.character_id=character1_.character_id where user0_.user_id=?
Hibernate: select permission0_.character_id as characte6_12_0_, permission0_.permission_id as permissi1_12_0_, permission0_.permission_id as permissi1_12_1_, permission0_.character_id as characte6_12_1_, permission0_.permission_name as permissi2_12_1_, permission0_.permission_permission_unit_id as permissi3_12_1_, permission0_.permission_service as permissi4_12_1_, permission0_.permission_status as permissi5_12_1_ from permission permission0_ where permission0_.character_id=?

MockHttpServletRequest:
      HTTP Method = DELETE
      Request URI = /teambuilding/team/1
       Parameters = {}
          Headers = [Accept:"application/json", api-version:"1.0", Authorization:"Bearer eyJhbGciOiJIUzI1NiJ9.eyJzdWIiOiI1OSIsImlhdCI6MTY4Nzg3NzQ2OCwiZXhwIjoxNjg3ODgxMDY4fQ.RLEi0PED9Q7C2EW1LDqbkyHFVpnhHiX-IN_hyZvJr98"]
             Body = null
    Session Attrs = {}

Handler:
             Type = org.waldreg.controller.teambuilding.TeamBuildingController
           Method = org.waldreg.controller.teambuilding.TeamBuildingController#deleteTeamByTeamId(int)

Async:
    Async started = false
     Async result = null

Resolved Exception:
             Type = org.waldreg.character.exception.NoPermissionException

ModelAndView:
        View name = null
             View = null
            Model = null

FlashMap:
       Attributes = null

MockHttpServletResponse:
           Status = 403
    Error message = null
          Headers = [Vary:"Origin", "Access-Control-Request-Method", "Access-Control-Request-Headers", Api-version:"1.0", Content-Type:"application/json"]
     Content type = application/json
             Body = {"code":"CHARACTER-403","messages":"No permission","document_url":"docs.waldreg.org"}
    Forwarded URL = null
   Redirected URL = null
          Cookies = []
Hibernate: select user0_.user_id as col_0_0_ from user user0_ where user0_.user_user_id=? limit ?
Hibernate: select user0_.user_id as col_0_0_ from user user0_ where user0_.user_user_id=? limit ?
Hibernate: select U.* from USER U where U.USER_USER_ID =?
Hibernate: select character0_.character_id as characte1_6_0_, character0_.character_character_name as characte2_6_0_ from characters character0_ where character0_.character_id=?
Hibernate: select user0_.user_id as user_id1_21_0_, user0_.character_id as characte7_21_0_, user0_.user_created_at as user_cre2_21_0_, user0_.user_name as user_nam3_21_0_, user0_.user_phone_number as user_pho4_21_0_, user0_.user_user_id as user_use5_21_0_, user0_.user_user_password as user_use6_21_0_ from user user0_ where user0_.user_id=?
Hibernate: select character0_.character_id as characte1_6_0_, character0_.character_character_name as characte2_6_0_ from characters character0_ where character0_.character_id=?
Hibernate: select count(*) as col_0_0_ from team_building teambuildi0_
Hibernate: select count(*) as col_0_0_ from team_building teambuildi0_
Hibernate: select teambuildi0_.team_building_team_building_id as team_bui1_19_, teambuildi0_.team_building_created_at as team_bui2_19_, teambuildi0_.team_building_last_modified_at as team_bui3_19_, teambuildi0_.team_building_team_building_title as team_bui4_19_ from team_building teambuildi0_ order by teambuildi0_.team_building_created_at desc, teambuildi0_.team_building_team_building_id desc limit ?
Hibernate: select teamlist0_.team_building_team_building_id as team_bui4_18_0_, teamlist0_.team_team_id as team_tea1_18_0_, teamlist0_.team_team_id as team_tea1_18_1_, teamlist0_.team_last_modified_at as team_las2_18_1_, teamlist0_.team_building_team_building_id as team_bui4_18_1_, teamlist0_.team_team_name as team_tea3_18_1_ from team teamlist0_ where teamlist0_.team_building_team_building_id=?
Hibernate: select teamuserli0_.team_team_id as team_tea2_20_0_, teamuserli0_.team_user_id as team_use1_20_0_, teamuserli0_.team_user_id as team_use1_20_1_, teamuserli0_.team_team_id as team_tea2_20_1_, teamuserli0_.user_id as user_id3_20_1_ from team_user teamuserli0_ where teamuserli0_.team_team_id=?
Hibernate: select user0_.user_id as user_id1_21_0_, user0_.character_id as characte7_21_0_, user0_.user_created_at as user_cre2_21_0_, user0_.user_name as user_nam3_21_0_, user0_.user_phone_number as user_pho4_21_0_, user0_.user_user_id as user_use5_21_0_, user0_.user_user_password as user_use6_21_0_ from user user0_ where user0_.user_id=?
Hibernate: select character0_.character_id as characte1_6_0_, character0_.character_character_name as characte2_6_0_ from characters character0_ where character0_.character_id=?
Hibernate: select user0_.user_id as user_id1_21_0_, user0_.character_id as characte7_21_0_, user0_.user_created_at as user_cre2_21_0_, user0_.user_name as user_nam3_21_0_, user0_.user_phone_number as user_pho4_21_0_, user0_.user_user_id as user_use5_21_0_, user0_.user_user_password as user_use6_21_0_ from user user0_ where user0_.user_id=?
Hibernate: select user0_.user_id as user_id1_21_0_, user0_.character_id as characte7_21_0_, user0_.user_created_at as user_cre2_21_0_, user0_.user_name as user_nam3_21_0_, user0_.user_phone_number as user_pho4_21_0_, user0_.user_user_id as user_use5_21_0_, user0_.user_user_password as user_use6_21_0_ from user user0_ where user0_.user_id=?
Hibernate: select teamuserli0_.team_team_id as team_tea2_20_0_, teamuserli0_.team_user_id as team_use1_20_0_, teamuserli0_.team_user_id as team_use1_20_1_, teamuserli0_.team_team_id as team_tea2_20_1_, teamuserli0_.user_id as user_id3_20_1_ from team_user teamuserli0_ where teamuserli0_.team_team_id=?
Hibernate: select user0_.user_id as user_id1_21_0_, user0_.character_id as characte7_21_0_, user0_.user_created_at as user_cre2_21_0_, user0_.user_name as user_nam3_21_0_, user0_.user_phone_number as user_pho4_21_0_, user0_.user_user_id as user_use5_21_0_, user0_.user_user_password as user_use6_21_0_ from user user0_ where user0_.user_id=?
Hibernate: select user0_.user_id as user_id1_21_0_, user0_.character_id as characte7_21_0_, user0_.user_created_at as user_cre2_21_0_, user0_.user_name as user_nam3_21_0_, user0_.user_phone_number as user_pho4_21_0_, user0_.user_user_id as user_use5_21_0_, user0_.user_user_password as user_use6_21_0_ from user user0_ where user0_.user_id=?
Hibernate: select user0_.user_id as user_id1_21_0_, user0_.character_id as characte7_21_0_, user0_.user_created_at as user_cre2_21_0_, user0_.user_name as user_nam3_21_0_, user0_.user_phone_number as user_pho4_21_0_, user0_.user_user_id as user_use5_21_0_, user0_.user_user_password as user_use6_21_0_ from user user0_ where user0_.user_id=?
Hibernate: select character0_.character_id as characte1_6_0_, character0_.character_character_name as characte2_6_0_ from characters character0_ where character0_.character_id=?
Hibernate: select count(*) as col_0_0_ from user user0_ where user0_.user_id=?
Hibernate: select character1_.character_id as characte1_6_, character1_.character_character_name as characte2_6_ from user user0_ inner join characters character1_ on user0_.character_id=character1_.character_id where user0_.user_id=?
Hibernate: select permission0_.character_id as characte6_12_0_, permission0_.permission_id as permissi1_12_0_, permission0_.permission_id as permissi1_12_1_, permission0_.character_id as characte6_12_1_, permission0_.permission_name as permissi2_12_1_, permission0_.permission_permission_unit_id as permissi3_12_1_, permission0_.permission_service as permissi4_12_1_, permission0_.permission_status as permissi5_12_1_ from permission permission0_ where permission0_.character_id=?
Hibernate: select count(*) as col_0_0_ from team_building teambuildi0_ where teambuildi0_.team_building_team_building_id=?
Hibernate: select teambuildi0_.team_building_team_building_id as team_bui1_19_0_, teambuildi0_.team_building_created_at as team_bui2_19_0_, teambuildi0_.team_building_last_modified_at as team_bui3_19_0_, teambuildi0_.team_building_team_building_title as team_bui4_19_0_ from team_building teambuildi0_ where teambuildi0_.team_building_team_building_id=?
Hibernate: select teamlist0_.team_building_team_building_id as team_bui4_18_0_, teamlist0_.team_team_id as team_tea1_18_0_, teamlist0_.team_team_id as team_tea1_18_1_, teamlist0_.team_last_modified_at as team_las2_18_1_, teamlist0_.team_building_team_building_id as team_bui4_18_1_, teamlist0_.team_team_name as team_tea3_18_1_ from team teamlist0_ where teamlist0_.team_building_team_building_id=?
Hibernate: select teamuserli0_.team_team_id as team_tea2_20_0_, teamuserli0_.team_user_id as team_use1_20_0_, teamuserli0_.team_user_id as team_use1_20_1_, teamuserli0_.team_team_id as team_tea2_20_1_, teamuserli0_.user_id as user_id3_20_1_ from team_user teamuserli0_ where teamuserli0_.team_team_id=?
Hibernate: select user0_.user_id as user_id1_21_0_, user0_.character_id as characte7_21_0_, user0_.user_created_at as user_cre2_21_0_, user0_.user_name as user_nam3_21_0_, user0_.user_phone_number as user_pho4_21_0_, user0_.user_user_id as user_use5_21_0_, user0_.user_user_password as user_use6_21_0_ from user user0_ where user0_.user_id=?
Hibernate: select character0_.character_id as characte1_6_0_, character0_.character_character_name as characte2_6_0_ from characters character0_ where character0_.character_id=?
Hibernate: select user0_.user_id as user_id1_21_0_, user0_.character_id as characte7_21_0_, user0_.user_created_at as user_cre2_21_0_, user0_.user_name as user_nam3_21_0_, user0_.user_phone_number as user_pho4_21_0_, user0_.user_user_id as user_use5_21_0_, user0_.user_user_password as user_use6_21_0_ from user user0_ where user0_.user_id=?
Hibernate: select user0_.user_id as user_id1_21_0_, user0_.character_id as characte7_21_0_, user0_.user_created_at as user_cre2_21_0_, user0_.user_name as user_nam3_21_0_, user0_.user_phone_number as user_pho4_21_0_, user0_.user_user_id as user_use5_21_0_, user0_.user_user_password as user_use6_21_0_ from user user0_ where user0_.user_id=?
Hibernate: select teamuserli0_.team_team_id as team_tea2_20_0_, teamuserli0_.team_user_id as team_use1_20_0_, teamuserli0_.team_user_id as team_use1_20_1_, teamuserli0_.team_team_id as team_tea2_20_1_, teamuserli0_.user_id as user_id3_20_1_ from team_user teamuserli0_ where teamuserli0_.team_team_id=?
Hibernate: select user0_.user_id as user_id1_21_0_, user0_.character_id as characte7_21_0_, user0_.user_created_at as user_cre2_21_0_, user0_.user_name as user_nam3_21_0_, user0_.user_phone_number as user_pho4_21_0_, user0_.user_user_id as user_use5_21_0_, user0_.user_user_password as user_use6_21_0_ from user user0_ where user0_.user_id=?
Hibernate: select user0_.user_id as user_id1_21_0_, user0_.character_id as characte7_21_0_, user0_.user_created_at as user_cre2_21_0_, user0_.user_name as user_nam3_21_0_, user0_.user_phone_number as user_pho4_21_0_, user0_.user_user_id as user_use5_21_0_, user0_.user_user_password as user_use6_21_0_ from user user0_ where user0_.user_id=?
Hibernate: delete from team_user where team_user_id=?
Hibernate: delete from team_user where team_user_id=?
Hibernate: delete from team_user where team_user_id=?
Hibernate: delete from team where team_team_id=?
Hibernate: delete from team_user where team_user_id=?
Hibernate: delete from team_user where team_user_id=?
Hibernate: delete from team where team_team_id=?
Hibernate: delete from team_building where team_building_team_building_id=?
Hibernate: select user0_.user_id as user_id1_21_0_, user0_.character_id as characte7_21_0_, user0_.user_created_at as user_cre2_21_0_, user0_.user_name as user_nam3_21_0_, user0_.user_phone_number as user_pho4_21_0_, user0_.user_user_id as user_use5_21_0_, user0_.user_user_password as user_use6_21_0_ from user user0_ where user0_.user_id=?
Hibernate: select character0_.character_id as characte1_6_0_, character0_.character_character_name as characte2_6_0_ from characters character0_ where character0_.character_id=?
Hibernate: select count(*) as col_0_0_ from team_building teambuildi0_ where teambuildi0_.team_building_team_building_id=?
Hibernate: select user0_.user_id as col_0_0_ from user user0_ where user0_.user_user_id=? limit ?
Hibernate: select user0_.user_id as col_0_0_ from user user0_ where user0_.user_user_id=? limit ?
Hibernate: select U.* from USER U where U.USER_USER_ID =?
Hibernate: select character0_.character_id as characte1_6_0_, character0_.character_character_name as characte2_6_0_ from characters character0_ where character0_.character_id=?
Hibernate: select user0_.user_id as col_0_0_ from user user0_ where user0_.user_user_id=? limit ?
Hibernate: select user0_.user_id as user_id1_21_, user0_.character_id as characte7_21_, user0_.user_created_at as user_cre2_21_, user0_.user_name as user_nam3_21_, user0_.user_phone_number as user_pho4_21_, user0_.user_user_id as user_use5_21_, user0_.user_user_password as user_use6_21_ from user user0_ inner join characters character1_ on user0_.character_id=character1_.character_id where user0_.user_user_id=?
Hibernate: select character0_.character_id as characte1_6_0_, character0_.character_character_name as characte2_6_0_ from characters character0_ where character0_.character_id=?
Hibernate: select rewardtagw0_.user_id as user_id4_16_0_, rewardtagw0_.reward_tag_wrapper_reward_id as reward_t1_16_0_, rewardtagw0_.reward_tag_wrapper_reward_id as reward_t1_16_1_, rewardtagw0_.reward_tag_wrapper_reward_presented_at as reward_t2_16_1_, rewardtagw0_.reward_tag_reward_tag_id as reward_t3_16_1_, rewardtagw0_.user_id as user_id4_16_1_ from reward_tag_wrapper rewardtagw0_ where rewardtagw0_.user_id=?
Hibernate: select user0_.user_id as user_id1_21_0_, user0_.character_id as characte7_21_0_, user0_.user_created_at as user_cre2_21_0_, user0_.user_name as user_nam3_21_0_, user0_.user_phone_number as user_pho4_21_0_, user0_.user_user_id as user_use5_21_0_, user0_.user_user_password as user_use6_21_0_ from user user0_ where user0_.user_id=?
Hibernate: select character0_.character_id as characte1_6_0_, character0_.character_character_name as characte2_6_0_ from characters character0_ where character0_.character_id=?
Hibernate: select count(*) as col_0_0_ from user user0_ where user0_.user_id=?
Hibernate: select character1_.character_id as characte1_6_, character1_.character_character_name as characte2_6_ from user user0_ inner join characters character1_ on user0_.character_id=character1_.character_id where user0_.user_id=?
Hibernate: select permission0_.character_id as characte6_12_0_, permission0_.permission_id as permissi1_12_0_, permission0_.permission_id as permissi1_12_1_, permission0_.character_id as characte6_12_1_, permission0_.permission_name as permissi2_12_1_, permission0_.permission_permission_unit_id as permissi3_12_1_, permission0_.permission_service as permissi4_12_1_, permission0_.permission_status as permissi5_12_1_ from permission permission0_ where permission0_.character_id=?
Hibernate: select count(*) as col_0_0_ from user user0_ where user0_.user_id=?
Hibernate: select user0_.user_id as user_id1_21_, user0_.character_id as characte7_21_, user0_.user_created_at as user_cre2_21_, user0_.user_name as user_nam3_21_, user0_.user_phone_number as user_pho4_21_, user0_.user_user_id as user_use5_21_, user0_.user_user_password as user_use6_21_ from user user0_ where user0_.user_id=?
Hibernate: select character0_.character_id as characte1_6_0_, character0_.character_character_name as characte2_6_0_ from characters character0_ where character0_.character_id=?
Hibernate: select rewardtagw0_.user_id as user_id4_16_0_, rewardtagw0_.reward_tag_wrapper_reward_id as reward_t1_16_0_, rewardtagw0_.reward_tag_wrapper_reward_id as reward_t1_16_1_, rewardtagw0_.reward_tag_wrapper_reward_presented_at as reward_t2_16_1_, rewardtagw0_.reward_tag_reward_tag_id as reward_t3_16_1_, rewardtagw0_.user_id as user_id4_16_1_ from reward_tag_wrapper rewardtagw0_ where rewardtagw0_.user_id=?
Hibernate: select attendance0_.attendance_user_attendance_user_id as col_0_0_ from attendance_user attendance0_ where attendance0_.user_id=? limit ?
Hibernate: DELETE FROM USER WHERE USER_ID = ?
Hibernate: select user0_.user_id as col_0_0_ from user user0_ where user0_.user_user_id=? limit ?
Hibernate: select user0_.user_id as col_0_0_ from user user0_ where user0_.user_user_id=? limit ?
Hibernate: select user0_.user_id as user_id1_21_, user0_.character_id as characte7_21_, user0_.user_created_at as user_cre2_21_, user0_.user_name as user_nam3_21_, user0_.user_phone_number as user_pho4_21_, user0_.user_user_id as user_use5_21_, user0_.user_user_password as user_use6_21_ from user user0_ inner join characters character1_ on user0_.character_id=character1_.character_id where user0_.user_user_id=?
Hibernate: select character0_.character_id as characte1_6_0_, character0_.character_character_name as characte2_6_0_ from characters character0_ where character0_.character_id=?
Hibernate: select rewardtagw0_.user_id as user_id4_16_0_, rewardtagw0_.reward_tag_wrapper_reward_id as reward_t1_16_0_, rewardtagw0_.reward_tag_wrapper_reward_id as reward_t1_16_1_, rewardtagw0_.reward_tag_wrapper_reward_presented_at as reward_t2_16_1_, rewardtagw0_.reward_tag_reward_tag_id as reward_t3_16_1_, rewardtagw0_.user_id as user_id4_16_1_ from reward_tag_wrapper rewardtagw0_ where rewardtagw0_.user_id=?
Hibernate: select user0_.user_id as user_id1_21_0_, user0_.character_id as characte7_21_0_, user0_.user_created_at as user_cre2_21_0_, user0_.user_name as user_nam3_21_0_, user0_.user_phone_number as user_pho4_21_0_, user0_.user_user_id as user_use5_21_0_, user0_.user_user_password as user_use6_21_0_ from user user0_ where user0_.user_id=?
Hibernate: select character0_.character_id as characte1_6_0_, character0_.character_character_name as characte2_6_0_ from characters character0_ where character0_.character_id=?
Hibernate: select count(*) as col_0_0_ from user user0_ where user0_.user_id=?
Hibernate: select character1_.character_id as characte1_6_, character1_.character_character_name as characte2_6_ from user user0_ inner join characters character1_ on user0_.character_id=character1_.character_id where user0_.user_id=?
Hibernate: select permission0_.character_id as characte6_12_0_, permission0_.permission_id as permissi1_12_0_, permission0_.permission_id as permissi1_12_1_, permission0_.character_id as characte6_12_1_, permission0_.permission_name as permissi2_12_1_, permission0_.permission_permission_unit_id as permissi3_12_1_, permission0_.permission_service as permissi4_12_1_, permission0_.permission_status as permissi5_12_1_ from permission permission0_ where permission0_.character_id=?
Hibernate: select count(*) as col_0_0_ from user user0_ where user0_.user_id=?
Hibernate: select user0_.user_id as user_id1_21_, user0_.character_id as characte7_21_, user0_.user_created_at as user_cre2_21_, user0_.user_name as user_nam3_21_, user0_.user_phone_number as user_pho4_21_, user0_.user_user_id as user_use5_21_, user0_.user_user_password as user_use6_21_ from user user0_ where user0_.user_id=?
Hibernate: select character0_.character_id as characte1_6_0_, character0_.character_character_name as characte2_6_0_ from characters character0_ where character0_.character_id=?
Hibernate: select rewardtagw0_.user_id as user_id4_16_0_, rewardtagw0_.reward_tag_wrapper_reward_id as reward_t1_16_0_, rewardtagw0_.reward_tag_wrapper_reward_id as reward_t1_16_1_, rewardtagw0_.reward_tag_wrapper_reward_presented_at as reward_t2_16_1_, rewardtagw0_.reward_tag_reward_tag_id as reward_t3_16_1_, rewardtagw0_.user_id as user_id4_16_1_ from reward_tag_wrapper rewardtagw0_ where rewardtagw0_.user_id=?
Hibernate: select attendance0_.attendance_user_attendance_user_id as col_0_0_ from attendance_user attendance0_ where attendance0_.user_id=? limit ?
Hibernate: DELETE FROM USER WHERE USER_ID = ?
Hibernate: select user0_.user_id as col_0_0_ from user user0_ where user0_.user_user_id=? limit ?
Hibernate: select user0_.user_id as col_0_0_ from user user0_ where user0_.user_user_id=? limit ?
Hibernate: select user0_.user_id as user_id1_21_, user0_.character_id as characte7_21_, user0_.user_created_at as user_cre2_21_, user0_.user_name as user_nam3_21_, user0_.user_phone_number as user_pho4_21_, user0_.user_user_id as user_use5_21_, user0_.user_user_password as user_use6_21_ from user user0_ inner join characters character1_ on user0_.character_id=character1_.character_id where user0_.user_user_id=?
Hibernate: select character0_.character_id as characte1_6_0_, character0_.character_character_name as characte2_6_0_ from characters character0_ where character0_.character_id=?
Hibernate: select rewardtagw0_.user_id as user_id4_16_0_, rewardtagw0_.reward_tag_wrapper_reward_id as reward_t1_16_0_, rewardtagw0_.reward_tag_wrapper_reward_id as reward_t1_16_1_, rewardtagw0_.reward_tag_wrapper_reward_presented_at as reward_t2_16_1_, rewardtagw0_.reward_tag_reward_tag_id as reward_t3_16_1_, rewardtagw0_.user_id as user_id4_16_1_ from reward_tag_wrapper rewardtagw0_ where rewardtagw0_.user_id=?
Hibernate: select user0_.user_id as user_id1_21_0_, user0_.character_id as characte7_21_0_, user0_.user_created_at as user_cre2_21_0_, user0_.user_name as user_nam3_21_0_, user0_.user_phone_number as user_pho4_21_0_, user0_.user_user_id as user_use5_21_0_, user0_.user_user_password as user_use6_21_0_ from user user0_ where user0_.user_id=?
Hibernate: select character0_.character_id as characte1_6_0_, character0_.character_character_name as characte2_6_0_ from characters character0_ where character0_.character_id=?
Hibernate: select count(*) as col_0_0_ from user user0_ where user0_.user_id=?
Hibernate: select character1_.character_id as characte1_6_, character1_.character_character_name as characte2_6_ from user user0_ inner join characters character1_ on user0_.character_id=character1_.character_id where user0_.user_id=?
Hibernate: select permission0_.character_id as characte6_12_0_, permission0_.permission_id as permissi1_12_0_, permission0_.permission_id as permissi1_12_1_, permission0_.character_id as characte6_12_1_, permission0_.permission_name as permissi2_12_1_, permission0_.permission_permission_unit_id as permissi3_12_1_, permission0_.permission_service as permissi4_12_1_, permission0_.permission_status as permissi5_12_1_ from permission permission0_ where permission0_.character_id=?
Hibernate: select count(*) as col_0_0_ from user user0_ where user0_.user_id=?
Hibernate: select user0_.user_id as user_id1_21_, user0_.character_id as characte7_21_, user0_.user_created_at as user_cre2_21_, user0_.user_name as user_nam3_21_, user0_.user_phone_number as user_pho4_21_, user0_.user_user_id as user_use5_21_, user0_.user_user_password as user_use6_21_ from user user0_ where user0_.user_id=?
Hibernate: select character0_.character_id as characte1_6_0_, character0_.character_character_name as characte2_6_0_ from characters character0_ where character0_.character_id=?
Hibernate: select rewardtagw0_.user_id as user_id4_16_0_, rewardtagw0_.reward_tag_wrapper_reward_id as reward_t1_16_0_, rewardtagw0_.reward_tag_wrapper_reward_id as reward_t1_16_1_, rewardtagw0_.reward_tag_wrapper_reward_presented_at as reward_t2_16_1_, rewardtagw0_.reward_tag_reward_tag_id as reward_t3_16_1_, rewardtagw0_.user_id as user_id4_16_1_ from reward_tag_wrapper rewardtagw0_ where rewardtagw0_.user_id=?
Hibernate: select attendance0_.attendance_user_attendance_user_id as col_0_0_ from attendance_user attendance0_ where attendance0_.user_id=? limit ?
Hibernate: DELETE FROM USER WHERE USER_ID = ?
Hibernate: select user0_.user_id as col_0_0_ from user user0_ where user0_.user_user_id=? limit ?
Hibernate: select user0_.user_id as col_0_0_ from user user0_ where user0_.user_user_id=? limit ?
Hibernate: select user0_.user_id as user_id1_21_, user0_.character_id as characte7_21_, user0_.user_created_at as user_cre2_21_, user0_.user_name as user_nam3_21_, user0_.user_phone_number as user_pho4_21_, user0_.user_user_id as user_use5_21_, user0_.user_user_password as user_use6_21_ from user user0_ inner join characters character1_ on user0_.character_id=character1_.character_id where user0_.user_user_id=?
Hibernate: select character0_.character_id as characte1_6_0_, character0_.character_character_name as characte2_6_0_ from characters character0_ where character0_.character_id=?
Hibernate: select rewardtagw0_.user_id as user_id4_16_0_, rewardtagw0_.reward_tag_wrapper_reward_id as reward_t1_16_0_, rewardtagw0_.reward_tag_wrapper_reward_id as reward_t1_16_1_, rewardtagw0_.reward_tag_wrapper_reward_presented_at as reward_t2_16_1_, rewardtagw0_.reward_tag_reward_tag_id as reward_t3_16_1_, rewardtagw0_.user_id as user_id4_16_1_ from reward_tag_wrapper rewardtagw0_ where rewardtagw0_.user_id=?
Hibernate: select user0_.user_id as user_id1_21_0_, user0_.character_id as characte7_21_0_, user0_.user_created_at as user_cre2_21_0_, user0_.user_name as user_nam3_21_0_, user0_.user_phone_number as user_pho4_21_0_, user0_.user_user_id as user_use5_21_0_, user0_.user_user_password as user_use6_21_0_ from user user0_ where user0_.user_id=?
Hibernate: select character0_.character_id as characte1_6_0_, character0_.character_character_name as characte2_6_0_ from characters character0_ where character0_.character_id=?
Hibernate: select count(*) as col_0_0_ from user user0_ where user0_.user_id=?
Hibernate: select character1_.character_id as characte1_6_, character1_.character_character_name as characte2_6_ from user user0_ inner join characters character1_ on user0_.character_id=character1_.character_id where user0_.user_id=?
Hibernate: select permission0_.character_id as characte6_12_0_, permission0_.permission_id as permissi1_12_0_, permission0_.permission_id as permissi1_12_1_, permission0_.character_id as characte6_12_1_, permission0_.permission_name as permissi2_12_1_, permission0_.permission_permission_unit_id as permissi3_12_1_, permission0_.permission_service as permissi4_12_1_, permission0_.permission_status as permissi5_12_1_ from permission permission0_ where permission0_.character_id=?
Hibernate: select count(*) as col_0_0_ from user user0_ where user0_.user_id=?
Hibernate: select user0_.user_id as user_id1_21_, user0_.character_id as characte7_21_, user0_.user_created_at as user_cre2_21_, user0_.user_name as user_nam3_21_, user0_.user_phone_number as user_pho4_21_, user0_.user_user_id as user_use5_21_, user0_.user_user_password as user_use6_21_ from user user0_ where user0_.user_id=?
Hibernate: select character0_.character_id as characte1_6_0_, character0_.character_character_name as characte2_6_0_ from characters character0_ where character0_.character_id=?
Hibernate: select rewardtagw0_.user_id as user_id4_16_0_, rewardtagw0_.reward_tag_wrapper_reward_id as reward_t1_16_0_, rewardtagw0_.reward_tag_wrapper_reward_id as reward_t1_16_1_, rewardtagw0_.reward_tag_wrapper_reward_presented_at as reward_t2_16_1_, rewardtagw0_.reward_tag_reward_tag_id as reward_t3_16_1_, rewardtagw0_.user_id as user_id4_16_1_ from reward_tag_wrapper rewardtagw0_ where rewardtagw0_.user_id=?
Hibernate: select attendance0_.attendance_user_attendance_user_id as col_0_0_ from attendance_user attendance0_ where attendance0_.user_id=? limit ?
Hibernate: DELETE FROM USER WHERE USER_ID = ?
Hibernate: select user0_.user_id as col_0_0_ from user user0_ where user0_.user_user_id=? limit ?
Hibernate: select user0_.user_id as col_0_0_ from user user0_ where user0_.user_user_id=? limit ?
Hibernate: select user0_.user_id as user_id1_21_, user0_.character_id as characte7_21_, user0_.user_created_at as user_cre2_21_, user0_.user_name as user_nam3_21_, user0_.user_phone_number as user_pho4_21_, user0_.user_user_id as user_use5_21_, user0_.user_user_password as user_use6_21_ from user user0_ inner join characters character1_ on user0_.character_id=character1_.character_id where user0_.user_user_id=?
Hibernate: select character0_.character_id as characte1_6_0_, character0_.character_character_name as characte2_6_0_ from characters character0_ where character0_.character_id=?
Hibernate: select rewardtagw0_.user_id as user_id4_16_0_, rewardtagw0_.reward_tag_wrapper_reward_id as reward_t1_16_0_, rewardtagw0_.reward_tag_wrapper_reward_id as reward_t1_16_1_, rewardtagw0_.reward_tag_wrapper_reward_presented_at as reward_t2_16_1_, rewardtagw0_.reward_tag_reward_tag_id as reward_t3_16_1_, rewardtagw0_.user_id as user_id4_16_1_ from reward_tag_wrapper rewardtagw0_ where rewardtagw0_.user_id=?
Hibernate: select user0_.user_id as user_id1_21_0_, user0_.character_id as characte7_21_0_, user0_.user_created_at as user_cre2_21_0_, user0_.user_name as user_nam3_21_0_, user0_.user_phone_number as user_pho4_21_0_, user0_.user_user_id as user_use5_21_0_, user0_.user_user_password as user_use6_21_0_ from user user0_ where user0_.user_id=?
Hibernate: select character0_.character_id as characte1_6_0_, character0_.character_character_name as characte2_6_0_ from characters character0_ where character0_.character_id=?
Hibernate: select count(*) as col_0_0_ from user user0_ where user0_.user_id=?
Hibernate: select character1_.character_id as characte1_6_, character1_.character_character_name as characte2_6_ from user user0_ inner join characters character1_ on user0_.character_id=character1_.character_id where user0_.user_id=?
Hibernate: select permission0_.character_id as characte6_12_0_, permission0_.permission_id as permissi1_12_0_, permission0_.permission_id as permissi1_12_1_, permission0_.character_id as characte6_12_1_, permission0_.permission_name as permissi2_12_1_, permission0_.permission_permission_unit_id as permissi3_12_1_, permission0_.permission_service as permissi4_12_1_, permission0_.permission_status as permissi5_12_1_ from permission permission0_ where permission0_.character_id=?
Hibernate: select count(*) as col_0_0_ from user user0_ where user0_.user_id=?
Hibernate: select user0_.user_id as user_id1_21_, user0_.character_id as characte7_21_, user0_.user_created_at as user_cre2_21_, user0_.user_name as user_nam3_21_, user0_.user_phone_number as user_pho4_21_, user0_.user_user_id as user_use5_21_, user0_.user_user_password as user_use6_21_ from user user0_ where user0_.user_id=?
Hibernate: select character0_.character_id as characte1_6_0_, character0_.character_character_name as characte2_6_0_ from characters character0_ where character0_.character_id=?
Hibernate: select rewardtagw0_.user_id as user_id4_16_0_, rewardtagw0_.reward_tag_wrapper_reward_id as reward_t1_16_0_, rewardtagw0_.reward_tag_wrapper_reward_id as reward_t1_16_1_, rewardtagw0_.reward_tag_wrapper_reward_presented_at as reward_t2_16_1_, rewardtagw0_.reward_tag_reward_tag_id as reward_t3_16_1_, rewardtagw0_.user_id as user_id4_16_1_ from reward_tag_wrapper rewardtagw0_ where rewardtagw0_.user_id=?
Hibernate: select attendance0_.attendance_user_attendance_user_id as col_0_0_ from attendance_user attendance0_ where attendance0_.user_id=? limit ?
Hibernate: DELETE FROM USER WHERE USER_ID = ?
Hibernate: select user0_.user_id as col_0_0_ from user user0_ where user0_.user_user_id=? limit ?
Hibernate: select user0_.user_id as col_0_0_ from user user0_ where user0_.user_user_id=? limit ?
Hibernate: select user0_.user_id as user_id1_21_, user0_.character_id as characte7_21_, user0_.user_created_at as user_cre2_21_, user0_.user_name as user_nam3_21_, user0_.user_phone_number as user_pho4_21_, user0_.user_user_id as user_use5_21_, user0_.user_user_password as user_use6_21_ from user user0_ inner join characters character1_ on user0_.character_id=character1_.character_id where user0_.user_user_id=?
Hibernate: select character0_.character_id as characte1_6_0_, character0_.character_character_name as characte2_6_0_ from characters character0_ where character0_.character_id=?
Hibernate: select rewardtagw0_.user_id as user_id4_16_0_, rewardtagw0_.reward_tag_wrapper_reward_id as reward_t1_16_0_, rewardtagw0_.reward_tag_wrapper_reward_id as reward_t1_16_1_, rewardtagw0_.reward_tag_wrapper_reward_presented_at as reward_t2_16_1_, rewardtagw0_.reward_tag_reward_tag_id as reward_t3_16_1_, rewardtagw0_.user_id as user_id4_16_1_ from reward_tag_wrapper rewardtagw0_ where rewardtagw0_.user_id=?
Hibernate: select user0_.user_id as user_id1_21_0_, user0_.character_id as characte7_21_0_, user0_.user_created_at as user_cre2_21_0_, user0_.user_name as user_nam3_21_0_, user0_.user_phone_number as user_pho4_21_0_, user0_.user_user_id as user_use5_21_0_, user0_.user_user_password as user_use6_21_0_ from user user0_ where user0_.user_id=?
Hibernate: select character0_.character_id as characte1_6_0_, character0_.character_character_name as characte2_6_0_ from characters character0_ where character0_.character_id=?
Hibernate: select count(*) as col_0_0_ from user user0_ where user0_.user_id=?
Hibernate: select character1_.character_id as characte1_6_, character1_.character_character_name as characte2_6_ from user user0_ inner join characters character1_ on user0_.character_id=character1_.character_id where user0_.user_id=?
Hibernate: select permission0_.character_id as characte6_12_0_, permission0_.permission_id as permissi1_12_0_, permission0_.permission_id as permissi1_12_1_, permission0_.character_id as characte6_12_1_, permission0_.permission_name as permissi2_12_1_, permission0_.permission_permission_unit_id as permissi3_12_1_, permission0_.permission_service as permissi4_12_1_, permission0_.permission_status as permissi5_12_1_ from permission permission0_ where permission0_.character_id=?
Hibernate: select count(*) as col_0_0_ from user user0_ where user0_.user_id=?
Hibernate: select user0_.user_id as user_id1_21_, user0_.character_id as characte7_21_, user0_.user_created_at as user_cre2_21_, user0_.user_name as user_nam3_21_, user0_.user_phone_number as user_pho4_21_, user0_.user_user_id as user_use5_21_, user0_.user_user_password as user_use6_21_ from user user0_ where user0_.user_id=?
Hibernate: select character0_.character_id as characte1_6_0_, character0_.character_character_name as characte2_6_0_ from characters character0_ where character0_.character_id=?
Hibernate: select rewardtagw0_.user_id as user_id4_16_0_, rewardtagw0_.reward_tag_wrapper_reward_id as reward_t1_16_0_, rewardtagw0_.reward_tag_wrapper_reward_id as reward_t1_16_1_, rewardtagw0_.reward_tag_wrapper_reward_presented_at as reward_t2_16_1_, rewardtagw0_.reward_tag_reward_tag_id as reward_t3_16_1_, rewardtagw0_.user_id as user_id4_16_1_ from reward_tag_wrapper rewardtagw0_ where rewardtagw0_.user_id=?
Hibernate: select attendance0_.attendance_user_attendance_user_id as col_0_0_ from attendance_user attendance0_ where attendance0_.user_id=? limit ?
Hibernate: DELETE FROM USER WHERE USER_ID = ?
Hibernate: select user0_.user_id as col_0_0_ from user user0_ where user0_.user_user_id=? limit ?
Hibernate: select user0_.user_id as col_0_0_ from user user0_ where user0_.user_user_id=? limit ?
Hibernate: select user0_.user_id as col_0_0_ from user user0_ where user0_.user_user_id=? limit ?
Hibernate: select U.* from USER U where U.USER_USER_ID =?
Hibernate: select character0_.character_id as characte1_6_0_, character0_.character_character_name as characte2_6_0_ from characters character0_ where character0_.character_id=?
Hibernate: select user0_.user_id as user_id1_21_0_, user0_.character_id as characte7_21_0_, user0_.user_created_at as user_cre2_21_0_, user0_.user_name as user_nam3_21_0_, user0_.user_phone_number as user_pho4_21_0_, user0_.user_user_id as user_use5_21_0_, user0_.user_user_password as user_use6_21_0_ from user user0_ where user0_.user_id=?
Hibernate: select character0_.character_id as characte1_6_0_, character0_.character_character_name as characte2_6_0_ from characters character0_ where character0_.character_id=?
Hibernate: select count(*) as col_0_0_ from team_building teambuildi0_
Hibernate: select count(*) as col_0_0_ from team_building teambuildi0_
Hibernate: select user0_.user_id as col_0_0_ from user user0_ where user0_.user_user_id=? limit ?
Hibernate: select user0_.user_id as col_0_0_ from user user0_ where user0_.user_user_id=? limit ?
Hibernate: select U.* from USER U where U.USER_USER_ID =?
Hibernate: select character0_.character_id as characte1_6_0_, character0_.character_character_name as characte2_6_0_ from characters character0_ where character0_.character_id=?
Hibernate: select user0_.user_id as col_0_0_ from user user0_ where user0_.user_user_id=? limit ?
Hibernate: select user0_.user_id as col_0_0_ from user user0_ where user0_.user_user_id=? limit ?
Hibernate: select U.* from USER U where U.USER_USER_ID =?
Hibernate: select character0_.character_id as characte1_6_0_, character0_.character_character_name as characte2_6_0_ from characters character0_ where character0_.character_id=?
Hibernate: select user0_.user_id as col_0_0_ from user user0_ where user0_.user_user_id=? limit ?
Hibernate: select user0_.user_id as col_0_0_ from user user0_ where user0_.user_user_id=? limit ?
Hibernate: select U.* from USER U where U.USER_USER_ID =?
Hibernate: select character0_.character_id as characte1_6_0_, character0_.character_character_name as characte2_6_0_ from characters character0_ where character0_.character_id=?
Hibernate: select user0_.user_id as col_0_0_ from user user0_ where user0_.user_user_id=? limit ?
Hibernate: select userjoinin0_.user_joining_pool_id as col_0_0_ from user_joining_pool userjoinin0_ where userjoinin0_.user_user_id=? limit ?
Hibernate: select character0_.character_id as col_0_0_ from characters character0_ where character0_.character_character_name=? limit ?
Hibernate: insert into user_joining_pool (user_joining_pool_id, user_created_at, user_name, user_phone_number, user_user_id, user_user_password) values (default, ?, ?, ?, ?, ?)
Hibernate: select user0_.user_id as user_id1_21_0_, user0_.character_id as characte7_21_0_, user0_.user_created_at as user_cre2_21_0_, user0_.user_name as user_nam3_21_0_, user0_.user_phone_number as user_pho4_21_0_, user0_.user_user_id as user_use5_21_0_, user0_.user_user_password as user_use6_21_0_ from user user0_ where user0_.user_id=?
Hibernate: select character0_.character_id as characte1_6_0_, character0_.character_character_name as characte2_6_0_ from characters character0_ where character0_.character_id=?
Hibernate: select count(*) as col_0_0_ from user user0_ where user0_.user_id=?
Hibernate: select character1_.character_id as characte1_6_, character1_.character_character_name as characte2_6_ from user user0_ inner join characters character1_ on user0_.character_id=character1_.character_id where user0_.user_id=?
Hibernate: select permission0_.character_id as characte6_12_0_, permission0_.permission_id as permissi1_12_0_, permission0_.permission_id as permissi1_12_1_, permission0_.character_id as characte6_12_1_, permission0_.permission_name as permissi2_12_1_, permission0_.permission_permission_unit_id as permissi3_12_1_, permission0_.permission_service as permissi4_12_1_, permission0_.permission_status as permissi5_12_1_ from permission permission0_ where permission0_.character_id=?
Hibernate: select userjoinin0_.user_joining_pool_id as col_0_0_ from user_joining_pool userjoinin0_ where userjoinin0_.user_user_id=? limit ?
Hibernate: select userjoinin0_.user_joining_pool_id as user_joi1_22_, userjoinin0_.user_created_at as user_cre2_22_, userjoinin0_.user_name as user_nam3_22_, userjoinin0_.user_phone_number as user_pho4_22_, userjoinin0_.user_user_id as user_use5_22_, userjoinin0_.user_user_password as user_use6_22_ from user_joining_pool userjoinin0_ where userjoinin0_.user_user_id=?
Hibernate: select character0_.character_id as characte1_6_, character0_.character_character_name as characte2_6_ from characters character0_ where character0_.character_character_name=?
Hibernate: insert into user (user_id, character_id, user_created_at, user_name, user_phone_number, user_user_id, user_user_password) values (default, ?, ?, ?, ?, ?, ?)
Hibernate: DELETE FROM USER_JOINING_POOL as JU where JU.USER_USER_ID =?
Hibernate: select user0_.user_id as col_0_0_ from user user0_ where user0_.user_user_id=? limit ?
Hibernate: select user0_.user_id as col_0_0_ from user user0_ where user0_.user_user_id=? limit ?
Hibernate: select U.* from USER U where U.USER_USER_ID =?
Hibernate: select character0_.character_id as characte1_6_0_, character0_.character_character_name as characte2_6_0_ from characters character0_ where character0_.character_id=?
Hibernate: select user0_.user_id as col_0_0_ from user user0_ where user0_.user_user_id=? limit ?
Hibernate: select userjoinin0_.user_joining_pool_id as col_0_0_ from user_joining_pool userjoinin0_ where userjoinin0_.user_user_id=? limit ?
Hibernate: select character0_.character_id as col_0_0_ from characters character0_ where character0_.character_character_name=? limit ?
Hibernate: insert into user_joining_pool (user_joining_pool_id, user_created_at, user_name, user_phone_number, user_user_id, user_user_password) values (default, ?, ?, ?, ?, ?)
Hibernate: select user0_.user_id as user_id1_21_0_, user0_.character_id as characte7_21_0_, user0_.user_created_at as user_cre2_21_0_, user0_.user_name as user_nam3_21_0_, user0_.user_phone_number as user_pho4_21_0_, user0_.user_user_id as user_use5_21_0_, user0_.user_user_password as user_use6_21_0_ from user user0_ where user0_.user_id=?
Hibernate: select character0_.character_id as characte1_6_0_, character0_.character_character_name as characte2_6_0_ from characters character0_ where character0_.character_id=?
Hibernate: select count(*) as col_0_0_ from user user0_ where user0_.user_id=?
Hibernate: select character1_.character_id as characte1_6_, character1_.character_character_name as characte2_6_ from user user0_ inner join characters character1_ on user0_.character_id=character1_.character_id where user0_.user_id=?
Hibernate: select permission0_.character_id as characte6_12_0_, permission0_.permission_id as permissi1_12_0_, permission0_.permission_id as permissi1_12_1_, permission0_.character_id as characte6_12_1_, permission0_.permission_name as permissi2_12_1_, permission0_.permission_permission_unit_id as permissi3_12_1_, permission0_.permission_service as permissi4_12_1_, permission0_.permission_status as permissi5_12_1_ from permission permission0_ where permission0_.character_id=?
Hibernate: select userjoinin0_.user_joining_pool_id as col_0_0_ from user_joining_pool userjoinin0_ where userjoinin0_.user_user_id=? limit ?
Hibernate: select userjoinin0_.user_joining_pool_id as user_joi1_22_, userjoinin0_.user_created_at as user_cre2_22_, userjoinin0_.user_name as user_nam3_22_, userjoinin0_.user_phone_number as user_pho4_22_, userjoinin0_.user_user_id as user_use5_22_, userjoinin0_.user_user_password as user_use6_22_ from user_joining_pool userjoinin0_ where userjoinin0_.user_user_id=?
Hibernate: select character0_.character_id as characte1_6_, character0_.character_character_name as characte2_6_ from characters character0_ where character0_.character_character_name=?
Hibernate: insert into user (user_id, character_id, user_created_at, user_name, user_phone_number, user_user_id, user_user_password) values (default, ?, ?, ?, ?, ?, ?)
Hibernate: DELETE FROM USER_JOINING_POOL as JU where JU.USER_USER_ID =?
Hibernate: select user0_.user_id as col_0_0_ from user user0_ where user0_.user_user_id=? limit ?
Hibernate: select user0_.user_id as col_0_0_ from user user0_ where user0_.user_user_id=? limit ?
Hibernate: select U.* from USER U where U.USER_USER_ID =?
Hibernate: select character0_.character_id as characte1_6_0_, character0_.character_character_name as characte2_6_0_ from characters character0_ where character0_.character_id=?
Hibernate: select user0_.user_id as col_0_0_ from user user0_ where user0_.user_user_id=? limit ?
Hibernate: select userjoinin0_.user_joining_pool_id as col_0_0_ from user_joining_pool userjoinin0_ where userjoinin0_.user_user_id=? limit ?
Hibernate: select character0_.character_id as col_0_0_ from characters character0_ where character0_.character_character_name=? limit ?
Hibernate: insert into user_joining_pool (user_joining_pool_id, user_created_at, user_name, user_phone_number, user_user_id, user_user_password) values (default, ?, ?, ?, ?, ?)
Hibernate: select user0_.user_id as user_id1_21_0_, user0_.character_id as characte7_21_0_, user0_.user_created_at as user_cre2_21_0_, user0_.user_name as user_nam3_21_0_, user0_.user_phone_number as user_pho4_21_0_, user0_.user_user_id as user_use5_21_0_, user0_.user_user_password as user_use6_21_0_ from user user0_ where user0_.user_id=?
Hibernate: select character0_.character_id as characte1_6_0_, character0_.character_character_name as characte2_6_0_ from characters character0_ where character0_.character_id=?
Hibernate: select count(*) as col_0_0_ from user user0_ where user0_.user_id=?
Hibernate: select character1_.character_id as characte1_6_, character1_.character_character_name as characte2_6_ from user user0_ inner join characters character1_ on user0_.character_id=character1_.character_id where user0_.user_id=?
Hibernate: select permission0_.character_id as characte6_12_0_, permission0_.permission_id as permissi1_12_0_, permission0_.permission_id as permissi1_12_1_, permission0_.character_id as characte6_12_1_, permission0_.permission_name as permissi2_12_1_, permission0_.permission_permission_unit_id as permissi3_12_1_, permission0_.permission_service as permissi4_12_1_, permission0_.permission_status as permissi5_12_1_ from permission permission0_ where permission0_.character_id=?
Hibernate: select userjoinin0_.user_joining_pool_id as col_0_0_ from user_joining_pool userjoinin0_ where userjoinin0_.user_user_id=? limit ?
Hibernate: select userjoinin0_.user_joining_pool_id as user_joi1_22_, userjoinin0_.user_created_at as user_cre2_22_, userjoinin0_.user_name as user_nam3_22_, userjoinin0_.user_phone_number as user_pho4_22_, userjoinin0_.user_user_id as user_use5_22_, userjoinin0_.user_user_password as user_use6_22_ from user_joining_pool userjoinin0_ where userjoinin0_.user_user_id=?
Hibernate: select character0_.character_id as characte1_6_, character0_.character_character_name as characte2_6_ from characters character0_ where character0_.character_character_name=?
Hibernate: insert into user (user_id, character_id, user_created_at, user_name, user_phone_number, user_user_id, user_user_password) values (default, ?, ?, ?, ?, ?, ?)
Hibernate: DELETE FROM USER_JOINING_POOL as JU where JU.USER_USER_ID =?
Hibernate: select user0_.user_id as col_0_0_ from user user0_ where user0_.user_user_id=? limit ?
Hibernate: select user0_.user_id as col_0_0_ from user user0_ where user0_.user_user_id=? limit ?
Hibernate: select U.* from USER U where U.USER_USER_ID =?
Hibernate: select character0_.character_id as characte1_6_0_, character0_.character_character_name as characte2_6_0_ from characters character0_ where character0_.character_id=?
Hibernate: select user0_.user_id as col_0_0_ from user user0_ where user0_.user_user_id=? limit ?
Hibernate: select userjoinin0_.user_joining_pool_id as col_0_0_ from user_joining_pool userjoinin0_ where userjoinin0_.user_user_id=? limit ?
Hibernate: select character0_.character_id as col_0_0_ from characters character0_ where character0_.character_character_name=? limit ?
Hibernate: insert into user_joining_pool (user_joining_pool_id, user_created_at, user_name, user_phone_number, user_user_id, user_user_password) values (default, ?, ?, ?, ?, ?)
Hibernate: select user0_.user_id as user_id1_21_0_, user0_.character_id as characte7_21_0_, user0_.user_created_at as user_cre2_21_0_, user0_.user_name as user_nam3_21_0_, user0_.user_phone_number as user_pho4_21_0_, user0_.user_user_id as user_use5_21_0_, user0_.user_user_password as user_use6_21_0_ from user user0_ where user0_.user_id=?
Hibernate: select character0_.character_id as characte1_6_0_, character0_.character_character_name as characte2_6_0_ from characters character0_ where character0_.character_id=?
Hibernate: select count(*) as col_0_0_ from user user0_ where user0_.user_id=?
Hibernate: select character1_.character_id as characte1_6_, character1_.character_character_name as characte2_6_ from user user0_ inner join characters character1_ on user0_.character_id=character1_.character_id where user0_.user_id=?
Hibernate: select permission0_.character_id as characte6_12_0_, permission0_.permission_id as permissi1_12_0_, permission0_.permission_id as permissi1_12_1_, permission0_.character_id as characte6_12_1_, permission0_.permission_name as permissi2_12_1_, permission0_.permission_permission_unit_id as permissi3_12_1_, permission0_.permission_service as permissi4_12_1_, permission0_.permission_status as permissi5_12_1_ from permission permission0_ where permission0_.character_id=?
Hibernate: select userjoinin0_.user_joining_pool_id as col_0_0_ from user_joining_pool userjoinin0_ where userjoinin0_.user_user_id=? limit ?
Hibernate: select userjoinin0_.user_joining_pool_id as user_joi1_22_, userjoinin0_.user_created_at as user_cre2_22_, userjoinin0_.user_name as user_nam3_22_, userjoinin0_.user_phone_number as user_pho4_22_, userjoinin0_.user_user_id as user_use5_22_, userjoinin0_.user_user_password as user_use6_22_ from user_joining_pool userjoinin0_ where userjoinin0_.user_user_id=?
Hibernate: select character0_.character_id as characte1_6_, character0_.character_character_name as characte2_6_ from characters character0_ where character0_.character_character_name=?
Hibernate: insert into user (user_id, character_id, user_created_at, user_name, user_phone_number, user_user_id, user_user_password) values (default, ?, ?, ?, ?, ?, ?)
Hibernate: DELETE FROM USER_JOINING_POOL as JU where JU.USER_USER_ID =?
Hibernate: select user0_.user_id as col_0_0_ from user user0_ where user0_.user_user_id=? limit ?
Hibernate: select user0_.user_id as col_0_0_ from user user0_ where user0_.user_user_id=? limit ?
Hibernate: select U.* from USER U where U.USER_USER_ID =?
Hibernate: select character0_.character_id as characte1_6_0_, character0_.character_character_name as characte2_6_0_ from characters character0_ where character0_.character_id=?
Hibernate: select user0_.user_id as col_0_0_ from user user0_ where user0_.user_user_id=? limit ?
Hibernate: select userjoinin0_.user_joining_pool_id as col_0_0_ from user_joining_pool userjoinin0_ where userjoinin0_.user_user_id=? limit ?
Hibernate: select character0_.character_id as col_0_0_ from characters character0_ where character0_.character_character_name=? limit ?
Hibernate: insert into user_joining_pool (user_joining_pool_id, user_created_at, user_name, user_phone_number, user_user_id, user_user_password) values (default, ?, ?, ?, ?, ?)
Hibernate: select user0_.user_id as user_id1_21_0_, user0_.character_id as characte7_21_0_, user0_.user_created_at as user_cre2_21_0_, user0_.user_name as user_nam3_21_0_, user0_.user_phone_number as user_pho4_21_0_, user0_.user_user_id as user_use5_21_0_, user0_.user_user_password as user_use6_21_0_ from user user0_ where user0_.user_id=?
Hibernate: select character0_.character_id as characte1_6_0_, character0_.character_character_name as characte2_6_0_ from characters character0_ where character0_.character_id=?
Hibernate: select count(*) as col_0_0_ from user user0_ where user0_.user_id=?
Hibernate: select character1_.character_id as characte1_6_, character1_.character_character_name as characte2_6_ from user user0_ inner join characters character1_ on user0_.character_id=character1_.character_id where user0_.user_id=?
Hibernate: select permission0_.character_id as characte6_12_0_, permission0_.permission_id as permissi1_12_0_, permission0_.permission_id as permissi1_12_1_, permission0_.character_id as characte6_12_1_, permission0_.permission_name as permissi2_12_1_, permission0_.permission_permission_unit_id as permissi3_12_1_, permission0_.permission_service as permissi4_12_1_, permission0_.permission_status as permissi5_12_1_ from permission permission0_ where permission0_.character_id=?
Hibernate: select userjoinin0_.user_joining_pool_id as col_0_0_ from user_joining_pool userjoinin0_ where userjoinin0_.user_user_id=? limit ?
Hibernate: select userjoinin0_.user_joining_pool_id as user_joi1_22_, userjoinin0_.user_created_at as user_cre2_22_, userjoinin0_.user_name as user_nam3_22_, userjoinin0_.user_phone_number as user_pho4_22_, userjoinin0_.user_user_id as user_use5_22_, userjoinin0_.user_user_password as user_use6_22_ from user_joining_pool userjoinin0_ where userjoinin0_.user_user_id=?
Hibernate: select character0_.character_id as characte1_6_, character0_.character_character_name as characte2_6_ from characters character0_ where character0_.character_character_name=?
Hibernate: insert into user (user_id, character_id, user_created_at, user_name, user_phone_number, user_user_id, user_user_password) values (default, ?, ?, ?, ?, ?, ?)
Hibernate: DELETE FROM USER_JOINING_POOL as JU where JU.USER_USER_ID =?
Hibernate: select user0_.user_id as user_id1_21_0_, user0_.character_id as characte7_21_0_, user0_.user_created_at as user_cre2_21_0_, user0_.user_name as user_nam3_21_0_, user0_.user_phone_number as user_pho4_21_0_, user0_.user_user_id as user_use5_21_0_, user0_.user_user_password as user_use6_21_0_ from user user0_ where user0_.user_id=?
Hibernate: select character0_.character_id as characte1_6_0_, character0_.character_character_name as characte2_6_0_ from characters character0_ where character0_.character_id=?
Hibernate: select count(*) as col_0_0_ from user user0_ where user0_.user_id=?
Hibernate: select character1_.character_id as characte1_6_, character1_.character_character_name as characte2_6_ from user user0_ inner join characters character1_ on user0_.character_id=character1_.character_id where user0_.user_id=?
Hibernate: select permission0_.character_id as characte6_12_0_, permission0_.permission_id as permissi1_12_0_, permission0_.permission_id as permissi1_12_1_, permission0_.character_id as characte6_12_1_, permission0_.permission_name as permissi2_12_1_, permission0_.permission_permission_unit_id as permissi3_12_1_, permission0_.permission_service as permissi4_12_1_, permission0_.permission_status as permissi5_12_1_ from permission permission0_ where permission0_.character_id=?
Hibernate: select user0_.user_id as col_0_0_ from user user0_ where user0_.user_user_id=? limit ?
Hibernate: select user0_.user_id as col_0_0_ from user user0_ where user0_.user_user_id=? limit ?
Hibernate: select user0_.user_id as col_0_0_ from user user0_ where user0_.user_user_id=? limit ?
Hibernate: select user0_.user_id as col_0_0_ from user user0_ where user0_.user_user_id=? limit ?
Hibernate: select user0_.user_id as col_0_0_ from user user0_ where user0_.user_user_id=? limit ?
Hibernate: select user0_.user_id as user_id1_21_, user0_.character_id as characte7_21_, user0_.user_created_at as user_cre2_21_, user0_.user_name as user_nam3_21_, user0_.user_phone_number as user_pho4_21_, user0_.user_user_id as user_use5_21_, user0_.user_user_password as user_use6_21_ from user user0_ inner join characters character1_ on user0_.character_id=character1_.character_id where user0_.user_user_id=?
Hibernate: select character0_.character_id as characte1_6_0_, character0_.character_character_name as characte2_6_0_ from characters character0_ where character0_.character_id=?
Hibernate: select user0_.user_id as user_id1_21_, user0_.character_id as characte7_21_, user0_.user_created_at as user_cre2_21_, user0_.user_name as user_nam3_21_, user0_.user_phone_number as user_pho4_21_, user0_.user_user_id as user_use5_21_, user0_.user_user_password as user_use6_21_ from user user0_ inner join characters character1_ on user0_.character_id=character1_.character_id where user0_.user_user_id=?
Hibernate: select user0_.user_id as user_id1_21_, user0_.character_id as characte7_21_, user0_.user_created_at as user_cre2_21_, user0_.user_name as user_nam3_21_, user0_.user_phone_number as user_pho4_21_, user0_.user_user_id as user_use5_21_, user0_.user_user_password as user_use6_21_ from user user0_ inner join characters character1_ on user0_.character_id=character1_.character_id where user0_.user_user_id=?
Hibernate: select user0_.user_id as user_id1_21_, user0_.character_id as characte7_21_, user0_.user_created_at as user_cre2_21_, user0_.user_name as user_nam3_21_, user0_.user_phone_number as user_pho4_21_, user0_.user_user_id as user_use5_21_, user0_.user_user_password as user_use6_21_ from user user0_ inner join characters character1_ on user0_.character_id=character1_.character_id where user0_.user_user_id=?
Hibernate: select user0_.user_id as user_id1_21_, user0_.character_id as characte7_21_, user0_.user_created_at as user_cre2_21_, user0_.user_name as user_nam3_21_, user0_.user_phone_number as user_pho4_21_, user0_.user_user_id as user_use5_21_, user0_.user_user_password as user_use6_21_ from user user0_ inner join characters character1_ on user0_.character_id=character1_.character_id where user0_.user_user_id=?
Hibernate: insert into team_building (team_building_team_building_id, team_building_created_at, team_building_last_modified_at, team_building_team_building_title) values (default, ?, ?, ?)
Hibernate: insert into team (team_team_id, team_last_modified_at, team_building_team_building_id, team_team_name) values (default, ?, ?, ?)
Hibernate: insert into team_user (team_user_id, team_team_id, user_id) values (default, ?, ?)
Hibernate: insert into team_user (team_user_id, team_team_id, user_id) values (default, ?, ?)
Hibernate: insert into team_user (team_user_id, team_team_id, user_id) values (default, ?, ?)
Hibernate: insert into team (team_team_id, team_last_modified_at, team_building_team_building_id, team_team_name) values (default, ?, ?, ?)
Hibernate: insert into team_user (team_user_id, team_team_id, user_id) values (default, ?, ?)
Hibernate: insert into team_user (team_user_id, team_team_id, user_id) values (default, ?, ?)
Hibernate: select user0_.user_id as user_id1_21_0_, user0_.character_id as characte7_21_0_, user0_.user_created_at as user_cre2_21_0_, user0_.user_name as user_nam3_21_0_, user0_.user_phone_number as user_pho4_21_0_, user0_.user_user_id as user_use5_21_0_, user0_.user_user_password as user_use6_21_0_ from user user0_ where user0_.user_id=?
Hibernate: select character0_.character_id as characte1_6_0_, character0_.character_character_name as characte2_6_0_ from characters character0_ where character0_.character_id=?
Hibernate: select count(*) as col_0_0_ from team_building teambuildi0_
Hibernate: select count(*) as col_0_0_ from team_building teambuildi0_
Hibernate: select teambuildi0_.team_building_team_building_id as team_bui1_19_, teambuildi0_.team_building_created_at as team_bui2_19_, teambuildi0_.team_building_last_modified_at as team_bui3_19_, teambuildi0_.team_building_team_building_title as team_bui4_19_ from team_building teambuildi0_ order by teambuildi0_.team_building_created_at desc, teambuildi0_.team_building_team_building_id desc limit ?
Hibernate: select teamlist0_.team_building_team_building_id as team_bui4_18_0_, teamlist0_.team_team_id as team_tea1_18_0_, teamlist0_.team_team_id as team_tea1_18_1_, teamlist0_.team_last_modified_at as team_las2_18_1_, teamlist0_.team_building_team_building_id as team_bui4_18_1_, teamlist0_.team_team_name as team_tea3_18_1_ from team teamlist0_ where teamlist0_.team_building_team_building_id=?
Hibernate: select teamuserli0_.team_team_id as team_tea2_20_0_, teamuserli0_.team_user_id as team_use1_20_0_, teamuserli0_.team_user_id as team_use1_20_1_, teamuserli0_.team_team_id as team_tea2_20_1_, teamuserli0_.user_id as user_id3_20_1_ from team_user teamuserli0_ where teamuserli0_.team_team_id=?
Hibernate: select user0_.user_id as user_id1_21_0_, user0_.character_id as characte7_21_0_, user0_.user_created_at as user_cre2_21_0_, user0_.user_name as user_nam3_21_0_, user0_.user_phone_number as user_pho4_21_0_, user0_.user_user_id as user_use5_21_0_, user0_.user_user_password as user_use6_21_0_ from user user0_ where user0_.user_id=?
Hibernate: select character0_.character_id as characte1_6_0_, character0_.character_character_name as characte2_6_0_ from characters character0_ where character0_.character_id=?
Hibernate: select user0_.user_id as user_id1_21_0_, user0_.character_id as characte7_21_0_, user0_.user_created_at as user_cre2_21_0_, user0_.user_name as user_nam3_21_0_, user0_.user_phone_number as user_pho4_21_0_, user0_.user_user_id as user_use5_21_0_, user0_.user_user_password as user_use6_21_0_ from user user0_ where user0_.user_id=?
Hibernate: select user0_.user_id as user_id1_21_0_, user0_.character_id as characte7_21_0_, user0_.user_created_at as user_cre2_21_0_, user0_.user_name as user_nam3_21_0_, user0_.user_phone_number as user_pho4_21_0_, user0_.user_user_id as user_use5_21_0_, user0_.user_user_password as user_use6_21_0_ from user user0_ where user0_.user_id=?
Hibernate: select teamuserli0_.team_team_id as team_tea2_20_0_, teamuserli0_.team_user_id as team_use1_20_0_, teamuserli0_.team_user_id as team_use1_20_1_, teamuserli0_.team_team_id as team_tea2_20_1_, teamuserli0_.user_id as user_id3_20_1_ from team_user teamuserli0_ where teamuserli0_.team_team_id=?
Hibernate: select user0_.user_id as user_id1_21_0_, user0_.character_id as characte7_21_0_, user0_.user_created_at as user_cre2_21_0_, user0_.user_name as user_nam3_21_0_, user0_.user_phone_number as user_pho4_21_0_, user0_.user_user_id as user_use5_21_0_, user0_.user_user_password as user_use6_21_0_ from user user0_ where user0_.user_id=?
Hibernate: select user0_.user_id as user_id1_21_0_, user0_.character_id as characte7_21_0_, user0_.user_created_at as user_cre2_21_0_, user0_.user_name as user_nam3_21_0_, user0_.user_phone_number as user_pho4_21_0_, user0_.user_user_id as user_use5_21_0_, user0_.user_user_password as user_use6_21_0_ from user user0_ where user0_.user_id=?

MockHttpServletRequest:
      HTTP Method = PATCH
      Request URI = /teambuilding/team/3
       Parameters = {}
          Headers = [Content-Type:"application/json;charset=UTF-8", Accept:"application/json", api-version:"1.0", Authorization:"Bearer eyJhbGciOiJIUzI1NiJ9.eyJzdWIiOiIxIiwiaWF0IjoxNjg3ODc3NDY4LCJleHAiOjE2ODc4ODEwNjh9.L4tO6_dDAW_EBZT75Jfu2R72X2bmpa30eKXBNOnKWzQ", Content-Length:"16"]
             Body = {"team_name":""}
    Session Attrs = {}

Handler:
             Type = org.waldreg.controller.teambuilding.TeamBuildingController
           Method = org.waldreg.controller.teambuilding.TeamBuildingController#updateTeamNameByTeamId(int, TeamUpdateRequest, PermissionVerifyState)

Async:
    Async started = false
     Async result = null

Resolved Exception:
             Type = org.springframework.web.bind.MethodArgumentNotValidException

ModelAndView:
        View name = null
             View = null
            Model = null

FlashMap:
       Attributes = null

MockHttpServletResponse:
           Status = 400
    Error message = null
          Headers = [Vary:"Origin", "Access-Control-Request-Method", "Access-Control-Request-Headers", Api-version:"1.0", Content-Type:"application/json"]
     Content type = application/json
             Body = {"code":"TEAMBUILDING-408","messages":"Team name cannot be blank","document_url":"docs.waldreg.org"}
    Forwarded URL = null
   Redirected URL = null
          Cookies = []
Hibernate: select user0_.user_id as col_0_0_ from user user0_ where user0_.user_user_id=? limit ?
Hibernate: select user0_.user_id as col_0_0_ from user user0_ where user0_.user_user_id=? limit ?
Hibernate: select U.* from USER U where U.USER_USER_ID =?
Hibernate: select character0_.character_id as characte1_6_0_, character0_.character_character_name as characte2_6_0_ from characters character0_ where character0_.character_id=?
Hibernate: select user0_.user_id as user_id1_21_0_, user0_.character_id as characte7_21_0_, user0_.user_created_at as user_cre2_21_0_, user0_.user_name as user_nam3_21_0_, user0_.user_phone_number as user_pho4_21_0_, user0_.user_user_id as user_use5_21_0_, user0_.user_user_password as user_use6_21_0_ from user user0_ where user0_.user_id=?
Hibernate: select character0_.character_id as characte1_6_0_, character0_.character_character_name as characte2_6_0_ from characters character0_ where character0_.character_id=?
Hibernate: select count(*) as col_0_0_ from team_building teambuildi0_
Hibernate: select count(*) as col_0_0_ from team_building teambuildi0_
Hibernate: select teambuildi0_.team_building_team_building_id as team_bui1_19_, teambuildi0_.team_building_created_at as team_bui2_19_, teambuildi0_.team_building_last_modified_at as team_bui3_19_, teambuildi0_.team_building_team_building_title as team_bui4_19_ from team_building teambuildi0_ order by teambuildi0_.team_building_created_at desc, teambuildi0_.team_building_team_building_id desc limit ?
Hibernate: select teamlist0_.team_building_team_building_id as team_bui4_18_0_, teamlist0_.team_team_id as team_tea1_18_0_, teamlist0_.team_team_id as team_tea1_18_1_, teamlist0_.team_last_modified_at as team_las2_18_1_, teamlist0_.team_building_team_building_id as team_bui4_18_1_, teamlist0_.team_team_name as team_tea3_18_1_ from team teamlist0_ where teamlist0_.team_building_team_building_id=?
Hibernate: select teamuserli0_.team_team_id as team_tea2_20_0_, teamuserli0_.team_user_id as team_use1_20_0_, teamuserli0_.team_user_id as team_use1_20_1_, teamuserli0_.team_team_id as team_tea2_20_1_, teamuserli0_.user_id as user_id3_20_1_ from team_user teamuserli0_ where teamuserli0_.team_team_id=?
Hibernate: select user0_.user_id as user_id1_21_0_, user0_.character_id as characte7_21_0_, user0_.user_created_at as user_cre2_21_0_, user0_.user_name as user_nam3_21_0_, user0_.user_phone_number as user_pho4_21_0_, user0_.user_user_id as user_use5_21_0_, user0_.user_user_password as user_use6_21_0_ from user user0_ where user0_.user_id=?
Hibernate: select character0_.character_id as characte1_6_0_, character0_.character_character_name as characte2_6_0_ from characters character0_ where character0_.character_id=?
Hibernate: select user0_.user_id as user_id1_21_0_, user0_.character_id as characte7_21_0_, user0_.user_created_at as user_cre2_21_0_, user0_.user_name as user_nam3_21_0_, user0_.user_phone_number as user_pho4_21_0_, user0_.user_user_id as user_use5_21_0_, user0_.user_user_password as user_use6_21_0_ from user user0_ where user0_.user_id=?
Hibernate: select user0_.user_id as user_id1_21_0_, user0_.character_id as characte7_21_0_, user0_.user_created_at as user_cre2_21_0_, user0_.user_name as user_nam3_21_0_, user0_.user_phone_number as user_pho4_21_0_, user0_.user_user_id as user_use5_21_0_, user0_.user_user_password as user_use6_21_0_ from user user0_ where user0_.user_id=?
Hibernate: select teamuserli0_.team_team_id as team_tea2_20_0_, teamuserli0_.team_user_id as team_use1_20_0_, teamuserli0_.team_user_id as team_use1_20_1_, teamuserli0_.team_team_id as team_tea2_20_1_, teamuserli0_.user_id as user_id3_20_1_ from team_user teamuserli0_ where teamuserli0_.team_team_id=?
Hibernate: select user0_.user_id as user_id1_21_0_, user0_.character_id as characte7_21_0_, user0_.user_created_at as user_cre2_21_0_, user0_.user_name as user_nam3_21_0_, user0_.user_phone_number as user_pho4_21_0_, user0_.user_user_id as user_use5_21_0_, user0_.user_user_password as user_use6_21_0_ from user user0_ where user0_.user_id=?
Hibernate: select user0_.user_id as user_id1_21_0_, user0_.character_id as characte7_21_0_, user0_.user_created_at as user_cre2_21_0_, user0_.user_name as user_nam3_21_0_, user0_.user_phone_number as user_pho4_21_0_, user0_.user_user_id as user_use5_21_0_, user0_.user_user_password as user_use6_21_0_ from user user0_ where user0_.user_id=?
Hibernate: select user0_.user_id as user_id1_21_0_, user0_.character_id as characte7_21_0_, user0_.user_created_at as user_cre2_21_0_, user0_.user_name as user_nam3_21_0_, user0_.user_phone_number as user_pho4_21_0_, user0_.user_user_id as user_use5_21_0_, user0_.user_user_password as user_use6_21_0_ from user user0_ where user0_.user_id=?
Hibernate: select character0_.character_id as characte1_6_0_, character0_.character_character_name as characte2_6_0_ from characters character0_ where character0_.character_id=?
Hibernate: select count(*) as col_0_0_ from user user0_ where user0_.user_id=?
Hibernate: select character1_.character_id as characte1_6_, character1_.character_character_name as characte2_6_ from user user0_ inner join characters character1_ on user0_.character_id=character1_.character_id where user0_.user_id=?
Hibernate: select permission0_.character_id as characte6_12_0_, permission0_.permission_id as permissi1_12_0_, permission0_.permission_id as permissi1_12_1_, permission0_.character_id as characte6_12_1_, permission0_.permission_name as permissi2_12_1_, permission0_.permission_permission_unit_id as permissi3_12_1_, permission0_.permission_service as permissi4_12_1_, permission0_.permission_status as permissi5_12_1_ from permission permission0_ where permission0_.character_id=?
Hibernate: select count(*) as col_0_0_ from team_building teambuildi0_ where teambuildi0_.team_building_team_building_id=?
Hibernate: select teambuildi0_.team_building_team_building_id as team_bui1_19_0_, teambuildi0_.team_building_created_at as team_bui2_19_0_, teambuildi0_.team_building_last_modified_at as team_bui3_19_0_, teambuildi0_.team_building_team_building_title as team_bui4_19_0_ from team_building teambuildi0_ where teambuildi0_.team_building_team_building_id=?
Hibernate: select teamlist0_.team_building_team_building_id as team_bui4_18_0_, teamlist0_.team_team_id as team_tea1_18_0_, teamlist0_.team_team_id as team_tea1_18_1_, teamlist0_.team_last_modified_at as team_las2_18_1_, teamlist0_.team_building_team_building_id as team_bui4_18_1_, teamlist0_.team_team_name as team_tea3_18_1_ from team teamlist0_ where teamlist0_.team_building_team_building_id=?
Hibernate: select teamuserli0_.team_team_id as team_tea2_20_0_, teamuserli0_.team_user_id as team_use1_20_0_, teamuserli0_.team_user_id as team_use1_20_1_, teamuserli0_.team_team_id as team_tea2_20_1_, teamuserli0_.user_id as user_id3_20_1_ from team_user teamuserli0_ where teamuserli0_.team_team_id=?
Hibernate: select user0_.user_id as user_id1_21_0_, user0_.character_id as characte7_21_0_, user0_.user_created_at as user_cre2_21_0_, user0_.user_name as user_nam3_21_0_, user0_.user_phone_number as user_pho4_21_0_, user0_.user_user_id as user_use5_21_0_, user0_.user_user_password as user_use6_21_0_ from user user0_ where user0_.user_id=?
Hibernate: select character0_.character_id as characte1_6_0_, character0_.character_character_name as characte2_6_0_ from characters character0_ where character0_.character_id=?
Hibernate: select user0_.user_id as user_id1_21_0_, user0_.character_id as characte7_21_0_, user0_.user_created_at as user_cre2_21_0_, user0_.user_name as user_nam3_21_0_, user0_.user_phone_number as user_pho4_21_0_, user0_.user_user_id as user_use5_21_0_, user0_.user_user_password as user_use6_21_0_ from user user0_ where user0_.user_id=?
Hibernate: select user0_.user_id as user_id1_21_0_, user0_.character_id as characte7_21_0_, user0_.user_created_at as user_cre2_21_0_, user0_.user_name as user_nam3_21_0_, user0_.user_phone_number as user_pho4_21_0_, user0_.user_user_id as user_use5_21_0_, user0_.user_user_password as user_use6_21_0_ from user user0_ where user0_.user_id=?
Hibernate: select teamuserli0_.team_team_id as team_tea2_20_0_, teamuserli0_.team_user_id as team_use1_20_0_, teamuserli0_.team_user_id as team_use1_20_1_, teamuserli0_.team_team_id as team_tea2_20_1_, teamuserli0_.user_id as user_id3_20_1_ from team_user teamuserli0_ where teamuserli0_.team_team_id=?
Hibernate: select user0_.user_id as user_id1_21_0_, user0_.character_id as characte7_21_0_, user0_.user_created_at as user_cre2_21_0_, user0_.user_name as user_nam3_21_0_, user0_.user_phone_number as user_pho4_21_0_, user0_.user_user_id as user_use5_21_0_, user0_.user_user_password as user_use6_21_0_ from user user0_ where user0_.user_id=?
Hibernate: select user0_.user_id as user_id1_21_0_, user0_.character_id as characte7_21_0_, user0_.user_created_at as user_cre2_21_0_, user0_.user_name as user_nam3_21_0_, user0_.user_phone_number as user_pho4_21_0_, user0_.user_user_id as user_use5_21_0_, user0_.user_user_password as user_use6_21_0_ from user user0_ where user0_.user_id=?
Hibernate: delete from team_user where team_user_id=?
Hibernate: delete from team_user where team_user_id=?
Hibernate: delete from team_user where team_user_id=?
Hibernate: delete from team where team_team_id=?
Hibernate: delete from team_user where team_user_id=?
Hibernate: delete from team_user where team_user_id=?
Hibernate: delete from team where team_team_id=?
Hibernate: delete from team_building where team_building_team_building_id=?
Hibernate: select user0_.user_id as user_id1_21_0_, user0_.character_id as characte7_21_0_, user0_.user_created_at as user_cre2_21_0_, user0_.user_name as user_nam3_21_0_, user0_.user_phone_number as user_pho4_21_0_, user0_.user_user_id as user_use5_21_0_, user0_.user_user_password as user_use6_21_0_ from user user0_ where user0_.user_id=?
Hibernate: select character0_.character_id as characte1_6_0_, character0_.character_character_name as characte2_6_0_ from characters character0_ where character0_.character_id=?
Hibernate: select count(*) as col_0_0_ from team_building teambuildi0_ where teambuildi0_.team_building_team_building_id=?
Hibernate: select user0_.user_id as col_0_0_ from user user0_ where user0_.user_user_id=? limit ?
Hibernate: select user0_.user_id as col_0_0_ from user user0_ where user0_.user_user_id=? limit ?
Hibernate: select U.* from USER U where U.USER_USER_ID =?
Hibernate: select character0_.character_id as characte1_6_0_, character0_.character_character_name as characte2_6_0_ from characters character0_ where character0_.character_id=?
Hibernate: select user0_.user_id as col_0_0_ from user user0_ where user0_.user_user_id=? limit ?
Hibernate: select user0_.user_id as user_id1_21_, user0_.character_id as characte7_21_, user0_.user_created_at as user_cre2_21_, user0_.user_name as user_nam3_21_, user0_.user_phone_number as user_pho4_21_, user0_.user_user_id as user_use5_21_, user0_.user_user_password as user_use6_21_ from user user0_ inner join characters character1_ on user0_.character_id=character1_.character_id where user0_.user_user_id=?
Hibernate: select character0_.character_id as characte1_6_0_, character0_.character_character_name as characte2_6_0_ from characters character0_ where character0_.character_id=?
Hibernate: select rewardtagw0_.user_id as user_id4_16_0_, rewardtagw0_.reward_tag_wrapper_reward_id as reward_t1_16_0_, rewardtagw0_.reward_tag_wrapper_reward_id as reward_t1_16_1_, rewardtagw0_.reward_tag_wrapper_reward_presented_at as reward_t2_16_1_, rewardtagw0_.reward_tag_reward_tag_id as reward_t3_16_1_, rewardtagw0_.user_id as user_id4_16_1_ from reward_tag_wrapper rewardtagw0_ where rewardtagw0_.user_id=?
Hibernate: select user0_.user_id as user_id1_21_0_, user0_.character_id as characte7_21_0_, user0_.user_created_at as user_cre2_21_0_, user0_.user_name as user_nam3_21_0_, user0_.user_phone_number as user_pho4_21_0_, user0_.user_user_id as user_use5_21_0_, user0_.user_user_password as user_use6_21_0_ from user user0_ where user0_.user_id=?
Hibernate: select character0_.character_id as characte1_6_0_, character0_.character_character_name as characte2_6_0_ from characters character0_ where character0_.character_id=?
Hibernate: select count(*) as col_0_0_ from user user0_ where user0_.user_id=?
Hibernate: select character1_.character_id as characte1_6_, character1_.character_character_name as characte2_6_ from user user0_ inner join characters character1_ on user0_.character_id=character1_.character_id where user0_.user_id=?
Hibernate: select permission0_.character_id as characte6_12_0_, permission0_.permission_id as permissi1_12_0_, permission0_.permission_id as permissi1_12_1_, permission0_.character_id as characte6_12_1_, permission0_.permission_name as permissi2_12_1_, permission0_.permission_permission_unit_id as permissi3_12_1_, permission0_.permission_service as permissi4_12_1_, permission0_.permission_status as permissi5_12_1_ from permission permission0_ where permission0_.character_id=?
Hibernate: select count(*) as col_0_0_ from user user0_ where user0_.user_id=?
Hibernate: select user0_.user_id as user_id1_21_, user0_.character_id as characte7_21_, user0_.user_created_at as user_cre2_21_, user0_.user_name as user_nam3_21_, user0_.user_phone_number as user_pho4_21_, user0_.user_user_id as user_use5_21_, user0_.user_user_password as user_use6_21_ from user user0_ where user0_.user_id=?
Hibernate: select character0_.character_id as characte1_6_0_, character0_.character_character_name as characte2_6_0_ from characters character0_ where character0_.character_id=?
Hibernate: select rewardtagw0_.user_id as user_id4_16_0_, rewardtagw0_.reward_tag_wrapper_reward_id as reward_t1_16_0_, rewardtagw0_.reward_tag_wrapper_reward_id as reward_t1_16_1_, rewardtagw0_.reward_tag_wrapper_reward_presented_at as reward_t2_16_1_, rewardtagw0_.reward_tag_reward_tag_id as reward_t3_16_1_, rewardtagw0_.user_id as user_id4_16_1_ from reward_tag_wrapper rewardtagw0_ where rewardtagw0_.user_id=?
Hibernate: select attendance0_.attendance_user_attendance_user_id as col_0_0_ from attendance_user attendance0_ where attendance0_.user_id=? limit ?
Hibernate: DELETE FROM USER WHERE USER_ID = ?
Hibernate: select user0_.user_id as col_0_0_ from user user0_ where user0_.user_user_id=? limit ?
Hibernate: select user0_.user_id as col_0_0_ from user user0_ where user0_.user_user_id=? limit ?
Hibernate: select user0_.user_id as user_id1_21_, user0_.character_id as characte7_21_, user0_.user_created_at as user_cre2_21_, user0_.user_name as user_nam3_21_, user0_.user_phone_number as user_pho4_21_, user0_.user_user_id as user_use5_21_, user0_.user_user_password as user_use6_21_ from user user0_ inner join characters character1_ on user0_.character_id=character1_.character_id where user0_.user_user_id=?
Hibernate: select character0_.character_id as characte1_6_0_, character0_.character_character_name as characte2_6_0_ from characters character0_ where character0_.character_id=?
Hibernate: select rewardtagw0_.user_id as user_id4_16_0_, rewardtagw0_.reward_tag_wrapper_reward_id as reward_t1_16_0_, rewardtagw0_.reward_tag_wrapper_reward_id as reward_t1_16_1_, rewardtagw0_.reward_tag_wrapper_reward_presented_at as reward_t2_16_1_, rewardtagw0_.reward_tag_reward_tag_id as reward_t3_16_1_, rewardtagw0_.user_id as user_id4_16_1_ from reward_tag_wrapper rewardtagw0_ where rewardtagw0_.user_id=?
Hibernate: select user0_.user_id as user_id1_21_0_, user0_.character_id as characte7_21_0_, user0_.user_created_at as user_cre2_21_0_, user0_.user_name as user_nam3_21_0_, user0_.user_phone_number as user_pho4_21_0_, user0_.user_user_id as user_use5_21_0_, user0_.user_user_password as user_use6_21_0_ from user user0_ where user0_.user_id=?
Hibernate: select character0_.character_id as characte1_6_0_, character0_.character_character_name as characte2_6_0_ from characters character0_ where character0_.character_id=?
Hibernate: select count(*) as col_0_0_ from user user0_ where user0_.user_id=?
Hibernate: select character1_.character_id as characte1_6_, character1_.character_character_name as characte2_6_ from user user0_ inner join characters character1_ on user0_.character_id=character1_.character_id where user0_.user_id=?
Hibernate: select permission0_.character_id as characte6_12_0_, permission0_.permission_id as permissi1_12_0_, permission0_.permission_id as permissi1_12_1_, permission0_.character_id as characte6_12_1_, permission0_.permission_name as permissi2_12_1_, permission0_.permission_permission_unit_id as permissi3_12_1_, permission0_.permission_service as permissi4_12_1_, permission0_.permission_status as permissi5_12_1_ from permission permission0_ where permission0_.character_id=?
Hibernate: select count(*) as col_0_0_ from user user0_ where user0_.user_id=?
Hibernate: select user0_.user_id as user_id1_21_, user0_.character_id as characte7_21_, user0_.user_created_at as user_cre2_21_, user0_.user_name as user_nam3_21_, user0_.user_phone_number as user_pho4_21_, user0_.user_user_id as user_use5_21_, user0_.user_user_password as user_use6_21_ from user user0_ where user0_.user_id=?
Hibernate: select character0_.character_id as characte1_6_0_, character0_.character_character_name as characte2_6_0_ from characters character0_ where character0_.character_id=?
Hibernate: select rewardtagw0_.user_id as user_id4_16_0_, rewardtagw0_.reward_tag_wrapper_reward_id as reward_t1_16_0_, rewardtagw0_.reward_tag_wrapper_reward_id as reward_t1_16_1_, rewardtagw0_.reward_tag_wrapper_reward_presented_at as reward_t2_16_1_, rewardtagw0_.reward_tag_reward_tag_id as reward_t3_16_1_, rewardtagw0_.user_id as user_id4_16_1_ from reward_tag_wrapper rewardtagw0_ where rewardtagw0_.user_id=?
Hibernate: select attendance0_.attendance_user_attendance_user_id as col_0_0_ from attendance_user attendance0_ where attendance0_.user_id=? limit ?
Hibernate: DELETE FROM USER WHERE USER_ID = ?
Hibernate: select user0_.user_id as col_0_0_ from user user0_ where user0_.user_user_id=? limit ?
Hibernate: select user0_.user_id as col_0_0_ from user user0_ where user0_.user_user_id=? limit ?
Hibernate: select user0_.user_id as user_id1_21_, user0_.character_id as characte7_21_, user0_.user_created_at as user_cre2_21_, user0_.user_name as user_nam3_21_, user0_.user_phone_number as user_pho4_21_, user0_.user_user_id as user_use5_21_, user0_.user_user_password as user_use6_21_ from user user0_ inner join characters character1_ on user0_.character_id=character1_.character_id where user0_.user_user_id=?
Hibernate: select character0_.character_id as characte1_6_0_, character0_.character_character_name as characte2_6_0_ from characters character0_ where character0_.character_id=?
Hibernate: select rewardtagw0_.user_id as user_id4_16_0_, rewardtagw0_.reward_tag_wrapper_reward_id as reward_t1_16_0_, rewardtagw0_.reward_tag_wrapper_reward_id as reward_t1_16_1_, rewardtagw0_.reward_tag_wrapper_reward_presented_at as reward_t2_16_1_, rewardtagw0_.reward_tag_reward_tag_id as reward_t3_16_1_, rewardtagw0_.user_id as user_id4_16_1_ from reward_tag_wrapper rewardtagw0_ where rewardtagw0_.user_id=?
Hibernate: select user0_.user_id as user_id1_21_0_, user0_.character_id as characte7_21_0_, user0_.user_created_at as user_cre2_21_0_, user0_.user_name as user_nam3_21_0_, user0_.user_phone_number as user_pho4_21_0_, user0_.user_user_id as user_use5_21_0_, user0_.user_user_password as user_use6_21_0_ from user user0_ where user0_.user_id=?
Hibernate: select character0_.character_id as characte1_6_0_, character0_.character_character_name as characte2_6_0_ from characters character0_ where character0_.character_id=?
Hibernate: select count(*) as col_0_0_ from user user0_ where user0_.user_id=?
Hibernate: select character1_.character_id as characte1_6_, character1_.character_character_name as characte2_6_ from user user0_ inner join characters character1_ on user0_.character_id=character1_.character_id where user0_.user_id=?
Hibernate: select permission0_.character_id as characte6_12_0_, permission0_.permission_id as permissi1_12_0_, permission0_.permission_id as permissi1_12_1_, permission0_.character_id as characte6_12_1_, permission0_.permission_name as permissi2_12_1_, permission0_.permission_permission_unit_id as permissi3_12_1_, permission0_.permission_service as permissi4_12_1_, permission0_.permission_status as permissi5_12_1_ from permission permission0_ where permission0_.character_id=?
Hibernate: select count(*) as col_0_0_ from user user0_ where user0_.user_id=?
Hibernate: select user0_.user_id as user_id1_21_, user0_.character_id as characte7_21_, user0_.user_created_at as user_cre2_21_, user0_.user_name as user_nam3_21_, user0_.user_phone_number as user_pho4_21_, user0_.user_user_id as user_use5_21_, user0_.user_user_password as user_use6_21_ from user user0_ where user0_.user_id=?
Hibernate: select character0_.character_id as characte1_6_0_, character0_.character_character_name as characte2_6_0_ from characters character0_ where character0_.character_id=?
Hibernate: select rewardtagw0_.user_id as user_id4_16_0_, rewardtagw0_.reward_tag_wrapper_reward_id as reward_t1_16_0_, rewardtagw0_.reward_tag_wrapper_reward_id as reward_t1_16_1_, rewardtagw0_.reward_tag_wrapper_reward_presented_at as reward_t2_16_1_, rewardtagw0_.reward_tag_reward_tag_id as reward_t3_16_1_, rewardtagw0_.user_id as user_id4_16_1_ from reward_tag_wrapper rewardtagw0_ where rewardtagw0_.user_id=?
Hibernate: select attendance0_.attendance_user_attendance_user_id as col_0_0_ from attendance_user attendance0_ where attendance0_.user_id=? limit ?
Hibernate: DELETE FROM USER WHERE USER_ID = ?
Hibernate: select user0_.user_id as col_0_0_ from user user0_ where user0_.user_user_id=? limit ?
Hibernate: select user0_.user_id as col_0_0_ from user user0_ where user0_.user_user_id=? limit ?
Hibernate: select user0_.user_id as user_id1_21_, user0_.character_id as characte7_21_, user0_.user_created_at as user_cre2_21_, user0_.user_name as user_nam3_21_, user0_.user_phone_number as user_pho4_21_, user0_.user_user_id as user_use5_21_, user0_.user_user_password as user_use6_21_ from user user0_ inner join characters character1_ on user0_.character_id=character1_.character_id where user0_.user_user_id=?
Hibernate: select character0_.character_id as characte1_6_0_, character0_.character_character_name as characte2_6_0_ from characters character0_ where character0_.character_id=?
Hibernate: select rewardtagw0_.user_id as user_id4_16_0_, rewardtagw0_.reward_tag_wrapper_reward_id as reward_t1_16_0_, rewardtagw0_.reward_tag_wrapper_reward_id as reward_t1_16_1_, rewardtagw0_.reward_tag_wrapper_reward_presented_at as reward_t2_16_1_, rewardtagw0_.reward_tag_reward_tag_id as reward_t3_16_1_, rewardtagw0_.user_id as user_id4_16_1_ from reward_tag_wrapper rewardtagw0_ where rewardtagw0_.user_id=?
Hibernate: select user0_.user_id as user_id1_21_0_, user0_.character_id as characte7_21_0_, user0_.user_created_at as user_cre2_21_0_, user0_.user_name as user_nam3_21_0_, user0_.user_phone_number as user_pho4_21_0_, user0_.user_user_id as user_use5_21_0_, user0_.user_user_password as user_use6_21_0_ from user user0_ where user0_.user_id=?
Hibernate: select character0_.character_id as characte1_6_0_, character0_.character_character_name as characte2_6_0_ from characters character0_ where character0_.character_id=?
Hibernate: select count(*) as col_0_0_ from user user0_ where user0_.user_id=?
Hibernate: select character1_.character_id as characte1_6_, character1_.character_character_name as characte2_6_ from user user0_ inner join characters character1_ on user0_.character_id=character1_.character_id where user0_.user_id=?
Hibernate: select permission0_.character_id as characte6_12_0_, permission0_.permission_id as permissi1_12_0_, permission0_.permission_id as permissi1_12_1_, permission0_.character_id as characte6_12_1_, permission0_.permission_name as permissi2_12_1_, permission0_.permission_permission_unit_id as permissi3_12_1_, permission0_.permission_service as permissi4_12_1_, permission0_.permission_status as permissi5_12_1_ from permission permission0_ where permission0_.character_id=?
Hibernate: select count(*) as col_0_0_ from user user0_ where user0_.user_id=?
Hibernate: select user0_.user_id as user_id1_21_, user0_.character_id as characte7_21_, user0_.user_created_at as user_cre2_21_, user0_.user_name as user_nam3_21_, user0_.user_phone_number as user_pho4_21_, user0_.user_user_id as user_use5_21_, user0_.user_user_password as user_use6_21_ from user user0_ where user0_.user_id=?
Hibernate: select character0_.character_id as characte1_6_0_, character0_.character_character_name as characte2_6_0_ from characters character0_ where character0_.character_id=?
Hibernate: select rewardtagw0_.user_id as user_id4_16_0_, rewardtagw0_.reward_tag_wrapper_reward_id as reward_t1_16_0_, rewardtagw0_.reward_tag_wrapper_reward_id as reward_t1_16_1_, rewardtagw0_.reward_tag_wrapper_reward_presented_at as reward_t2_16_1_, rewardtagw0_.reward_tag_reward_tag_id as reward_t3_16_1_, rewardtagw0_.user_id as user_id4_16_1_ from reward_tag_wrapper rewardtagw0_ where rewardtagw0_.user_id=?
Hibernate: select attendance0_.attendance_user_attendance_user_id as col_0_0_ from attendance_user attendance0_ where attendance0_.user_id=? limit ?
Hibernate: DELETE FROM USER WHERE USER_ID = ?
Hibernate: select user0_.user_id as col_0_0_ from user user0_ where user0_.user_user_id=? limit ?
Hibernate: select user0_.user_id as col_0_0_ from user user0_ where user0_.user_user_id=? limit ?
Hibernate: select user0_.user_id as user_id1_21_, user0_.character_id as characte7_21_, user0_.user_created_at as user_cre2_21_, user0_.user_name as user_nam3_21_, user0_.user_phone_number as user_pho4_21_, user0_.user_user_id as user_use5_21_, user0_.user_user_password as user_use6_21_ from user user0_ inner join characters character1_ on user0_.character_id=character1_.character_id where user0_.user_user_id=?
Hibernate: select character0_.character_id as characte1_6_0_, character0_.character_character_name as characte2_6_0_ from characters character0_ where character0_.character_id=?
Hibernate: select rewardtagw0_.user_id as user_id4_16_0_, rewardtagw0_.reward_tag_wrapper_reward_id as reward_t1_16_0_, rewardtagw0_.reward_tag_wrapper_reward_id as reward_t1_16_1_, rewardtagw0_.reward_tag_wrapper_reward_presented_at as reward_t2_16_1_, rewardtagw0_.reward_tag_reward_tag_id as reward_t3_16_1_, rewardtagw0_.user_id as user_id4_16_1_ from reward_tag_wrapper rewardtagw0_ where rewardtagw0_.user_id=?
Hibernate: select user0_.user_id as user_id1_21_0_, user0_.character_id as characte7_21_0_, user0_.user_created_at as user_cre2_21_0_, user0_.user_name as user_nam3_21_0_, user0_.user_phone_number as user_pho4_21_0_, user0_.user_user_id as user_use5_21_0_, user0_.user_user_password as user_use6_21_0_ from user user0_ where user0_.user_id=?
Hibernate: select character0_.character_id as characte1_6_0_, character0_.character_character_name as characte2_6_0_ from characters character0_ where character0_.character_id=?
Hibernate: select count(*) as col_0_0_ from user user0_ where user0_.user_id=?
Hibernate: select character1_.character_id as characte1_6_, character1_.character_character_name as characte2_6_ from user user0_ inner join characters character1_ on user0_.character_id=character1_.character_id where user0_.user_id=?
Hibernate: select permission0_.character_id as characte6_12_0_, permission0_.permission_id as permissi1_12_0_, permission0_.permission_id as permissi1_12_1_, permission0_.character_id as characte6_12_1_, permission0_.permission_name as permissi2_12_1_, permission0_.permission_permission_unit_id as permissi3_12_1_, permission0_.permission_service as permissi4_12_1_, permission0_.permission_status as permissi5_12_1_ from permission permission0_ where permission0_.character_id=?
Hibernate: select count(*) as col_0_0_ from user user0_ where user0_.user_id=?
Hibernate: select user0_.user_id as user_id1_21_, user0_.character_id as characte7_21_, user0_.user_created_at as user_cre2_21_, user0_.user_name as user_nam3_21_, user0_.user_phone_number as user_pho4_21_, user0_.user_user_id as user_use5_21_, user0_.user_user_password as user_use6_21_ from user user0_ where user0_.user_id=?
Hibernate: select character0_.character_id as characte1_6_0_, character0_.character_character_name as characte2_6_0_ from characters character0_ where character0_.character_id=?
Hibernate: select rewardtagw0_.user_id as user_id4_16_0_, rewardtagw0_.reward_tag_wrapper_reward_id as reward_t1_16_0_, rewardtagw0_.reward_tag_wrapper_reward_id as reward_t1_16_1_, rewardtagw0_.reward_tag_wrapper_reward_presented_at as reward_t2_16_1_, rewardtagw0_.reward_tag_reward_tag_id as reward_t3_16_1_, rewardtagw0_.user_id as user_id4_16_1_ from reward_tag_wrapper rewardtagw0_ where rewardtagw0_.user_id=?
Hibernate: select attendance0_.attendance_user_attendance_user_id as col_0_0_ from attendance_user attendance0_ where attendance0_.user_id=? limit ?
Hibernate: DELETE FROM USER WHERE USER_ID = ?
Hibernate: select user0_.user_id as col_0_0_ from user user0_ where user0_.user_user_id=? limit ?
Hibernate: select user0_.user_id as col_0_0_ from user user0_ where user0_.user_user_id=? limit ?
Hibernate: select user0_.user_id as col_0_0_ from user user0_ where user0_.user_user_id=? limit ?
Hibernate: select U.* from USER U where U.USER_USER_ID =?
Hibernate: select character0_.character_id as characte1_6_0_, character0_.character_character_name as characte2_6_0_ from characters character0_ where character0_.character_id=?
Hibernate: select user0_.user_id as user_id1_21_0_, user0_.character_id as characte7_21_0_, user0_.user_created_at as user_cre2_21_0_, user0_.user_name as user_nam3_21_0_, user0_.user_phone_number as user_pho4_21_0_, user0_.user_user_id as user_use5_21_0_, user0_.user_user_password as user_use6_21_0_ from user user0_ where user0_.user_id=?
Hibernate: select character0_.character_id as characte1_6_0_, character0_.character_character_name as characte2_6_0_ from characters character0_ where character0_.character_id=?
Hibernate: select count(*) as col_0_0_ from team_building teambuildi0_
Hibernate: select count(*) as col_0_0_ from team_building teambuildi0_
Hibernate: select user0_.user_id as col_0_0_ from user user0_ where user0_.user_user_id=? limit ?
Hibernate: select user0_.user_id as col_0_0_ from user user0_ where user0_.user_user_id=? limit ?
Hibernate: select U.* from USER U where U.USER_USER_ID =?
Hibernate: select character0_.character_id as characte1_6_0_, character0_.character_character_name as characte2_6_0_ from characters character0_ where character0_.character_id=?
Hibernate: select user0_.user_id as col_0_0_ from user user0_ where user0_.user_user_id=? limit ?
Hibernate: select user0_.user_id as col_0_0_ from user user0_ where user0_.user_user_id=? limit ?
Hibernate: select U.* from USER U where U.USER_USER_ID =?
Hibernate: select character0_.character_id as characte1_6_0_, character0_.character_character_name as characte2_6_0_ from characters character0_ where character0_.character_id=?
Hibernate: select user0_.user_id as col_0_0_ from user user0_ where user0_.user_user_id=? limit ?
Hibernate: select user0_.user_id as col_0_0_ from user user0_ where user0_.user_user_id=? limit ?
Hibernate: select U.* from USER U where U.USER_USER_ID =?
Hibernate: select character0_.character_id as characte1_6_0_, character0_.character_character_name as characte2_6_0_ from characters character0_ where character0_.character_id=?
Hibernate: select user0_.user_id as col_0_0_ from user user0_ where user0_.user_user_id=? limit ?
Hibernate: select userjoinin0_.user_joining_pool_id as col_0_0_ from user_joining_pool userjoinin0_ where userjoinin0_.user_user_id=? limit ?
Hibernate: select character0_.character_id as col_0_0_ from characters character0_ where character0_.character_character_name=? limit ?
Hibernate: insert into user_joining_pool (user_joining_pool_id, user_created_at, user_name, user_phone_number, user_user_id, user_user_password) values (default, ?, ?, ?, ?, ?)

MockHttpServletRequest:
      HTTP Method = POST
      Request URI = /user
       Parameters = {}
          Headers = [Content-Type:"application/json;charset=UTF-8", Accept:"application/json", api-version:"1.0", Content-Length:"93"]
             Body = {"name":"lin","user_id":"linirini","user_password":"2fhfhfhfh!","phone_number":"01012341234"}
    Session Attrs = {}

Handler:
             Type = org.waldreg.controller.joiningpool.JoiningPoolController
           Method = org.waldreg.controller.joiningpool.JoiningPoolController#createUser(UserRequest)

Async:
    Async started = false
     Async result = null

Resolved Exception:
             Type = null

ModelAndView:
        View name = null
             View = null
            Model = null

FlashMap:
       Attributes = null

MockHttpServletResponse:
           Status = 200
    Error message = null
          Headers = [Vary:"Origin", "Access-Control-Request-Method", "Access-Control-Request-Headers", Api-version:"1.0"]
     Content type = null
             Body = 
    Forwarded URL = null
   Redirected URL = null
          Cookies = []
Hibernate: select user0_.user_id as user_id1_21_0_, user0_.character_id as characte7_21_0_, user0_.user_created_at as user_cre2_21_0_, user0_.user_name as user_nam3_21_0_, user0_.user_phone_number as user_pho4_21_0_, user0_.user_user_id as user_use5_21_0_, user0_.user_user_password as user_use6_21_0_ from user user0_ where user0_.user_id=?
Hibernate: select character0_.character_id as characte1_6_0_, character0_.character_character_name as characte2_6_0_ from characters character0_ where character0_.character_id=?
Hibernate: select count(*) as col_0_0_ from user user0_ where user0_.user_id=?
Hibernate: select character1_.character_id as characte1_6_, character1_.character_character_name as characte2_6_ from user user0_ inner join characters character1_ on user0_.character_id=character1_.character_id where user0_.user_id=?
Hibernate: select permission0_.character_id as characte6_12_0_, permission0_.permission_id as permissi1_12_0_, permission0_.permission_id as permissi1_12_1_, permission0_.character_id as characte6_12_1_, permission0_.permission_name as permissi2_12_1_, permission0_.permission_permission_unit_id as permissi3_12_1_, permission0_.permission_service as permissi4_12_1_, permission0_.permission_status as permissi5_12_1_ from permission permission0_ where permission0_.character_id=?
Hibernate: select userjoinin0_.user_joining_pool_id as col_0_0_ from user_joining_pool userjoinin0_ where userjoinin0_.user_user_id=? limit ?
Hibernate: select userjoinin0_.user_joining_pool_id as user_joi1_22_, userjoinin0_.user_created_at as user_cre2_22_, userjoinin0_.user_name as user_nam3_22_, userjoinin0_.user_phone_number as user_pho4_22_, userjoinin0_.user_user_id as user_use5_22_, userjoinin0_.user_user_password as user_use6_22_ from user_joining_pool userjoinin0_ where userjoinin0_.user_user_id=?
Hibernate: select character0_.character_id as characte1_6_, character0_.character_character_name as characte2_6_ from characters character0_ where character0_.character_character_name=?
Hibernate: insert into user (user_id, character_id, user_created_at, user_name, user_phone_number, user_user_id, user_user_password) values (default, ?, ?, ?, ?, ?, ?)
Hibernate: DELETE FROM USER_JOINING_POOL as JU where JU.USER_USER_ID =?
Hibernate: select user0_.user_id as col_0_0_ from user user0_ where user0_.user_user_id=? limit ?
Hibernate: select user0_.user_id as col_0_0_ from user user0_ where user0_.user_user_id=? limit ?
Hibernate: select U.* from USER U where U.USER_USER_ID =?
Hibernate: select character0_.character_id as characte1_6_0_, character0_.character_character_name as characte2_6_0_ from characters character0_ where character0_.character_id=?
Hibernate: select user0_.user_id as col_0_0_ from user user0_ where user0_.user_user_id=? limit ?
Hibernate: select user0_.user_id as col_0_0_ from user user0_ where user0_.user_user_id=? limit ?
Hibernate: select U.* from USER U where U.USER_USER_ID =?
Hibernate: select character0_.character_id as characte1_6_0_, character0_.character_character_name as characte2_6_0_ from characters character0_ where character0_.character_id=?
Hibernate: select user0_.user_id as col_0_0_ from user user0_ where user0_.user_user_id=? limit ?
Hibernate: select userjoinin0_.user_joining_pool_id as col_0_0_ from user_joining_pool userjoinin0_ where userjoinin0_.user_user_id=? limit ?
Hibernate: select character0_.character_id as col_0_0_ from characters character0_ where character0_.character_character_name=? limit ?
Hibernate: insert into user_joining_pool (user_joining_pool_id, user_created_at, user_name, user_phone_number, user_user_id, user_user_password) values (default, ?, ?, ?, ?, ?)
Hibernate: select user0_.user_id as user_id1_21_0_, user0_.character_id as characte7_21_0_, user0_.user_created_at as user_cre2_21_0_, user0_.user_name as user_nam3_21_0_, user0_.user_phone_number as user_pho4_21_0_, user0_.user_user_id as user_use5_21_0_, user0_.user_user_password as user_use6_21_0_ from user user0_ where user0_.user_id=?
Hibernate: select character0_.character_id as characte1_6_0_, character0_.character_character_name as characte2_6_0_ from characters character0_ where character0_.character_id=?
Hibernate: select count(*) as col_0_0_ from user user0_ where user0_.user_id=?
Hibernate: select character1_.character_id as characte1_6_, character1_.character_character_name as characte2_6_ from user user0_ inner join characters character1_ on user0_.character_id=character1_.character_id where user0_.user_id=?
Hibernate: select permission0_.character_id as characte6_12_0_, permission0_.permission_id as permissi1_12_0_, permission0_.permission_id as permissi1_12_1_, permission0_.character_id as characte6_12_1_, permission0_.permission_name as permissi2_12_1_, permission0_.permission_permission_unit_id as permissi3_12_1_, permission0_.permission_service as permissi4_12_1_, permission0_.permission_status as permissi5_12_1_ from permission permission0_ where permission0_.character_id=?
Hibernate: select userjoinin0_.user_joining_pool_id as col_0_0_ from user_joining_pool userjoinin0_ where userjoinin0_.user_user_id=? limit ?
Hibernate: select userjoinin0_.user_joining_pool_id as user_joi1_22_, userjoinin0_.user_created_at as user_cre2_22_, userjoinin0_.user_name as user_nam3_22_, userjoinin0_.user_phone_number as user_pho4_22_, userjoinin0_.user_user_id as user_use5_22_, userjoinin0_.user_user_password as user_use6_22_ from user_joining_pool userjoinin0_ where userjoinin0_.user_user_id=?
Hibernate: select character0_.character_id as characte1_6_, character0_.character_character_name as characte2_6_ from characters character0_ where character0_.character_character_name=?
Hibernate: insert into user (user_id, character_id, user_created_at, user_name, user_phone_number, user_user_id, user_user_password) values (default, ?, ?, ?, ?, ?, ?)
Hibernate: DELETE FROM USER_JOINING_POOL as JU where JU.USER_USER_ID =?
Hibernate: select user0_.user_id as col_0_0_ from user user0_ where user0_.user_user_id=? limit ?
Hibernate: select user0_.user_id as col_0_0_ from user user0_ where user0_.user_user_id=? limit ?
Hibernate: select U.* from USER U where U.USER_USER_ID =?
Hibernate: select character0_.character_id as characte1_6_0_, character0_.character_character_name as characte2_6_0_ from characters character0_ where character0_.character_id=?
Hibernate: select user0_.user_id as col_0_0_ from user user0_ where user0_.user_user_id=? limit ?
Hibernate: select userjoinin0_.user_joining_pool_id as col_0_0_ from user_joining_pool userjoinin0_ where userjoinin0_.user_user_id=? limit ?
Hibernate: select character0_.character_id as col_0_0_ from characters character0_ where character0_.character_character_name=? limit ?
Hibernate: insert into user_joining_pool (user_joining_pool_id, user_created_at, user_name, user_phone_number, user_user_id, user_user_password) values (default, ?, ?, ?, ?, ?)
Hibernate: select user0_.user_id as user_id1_21_0_, user0_.character_id as characte7_21_0_, user0_.user_created_at as user_cre2_21_0_, user0_.user_name as user_nam3_21_0_, user0_.user_phone_number as user_pho4_21_0_, user0_.user_user_id as user_use5_21_0_, user0_.user_user_password as user_use6_21_0_ from user user0_ where user0_.user_id=?
Hibernate: select character0_.character_id as characte1_6_0_, character0_.character_character_name as characte2_6_0_ from characters character0_ where character0_.character_id=?
Hibernate: select count(*) as col_0_0_ from user user0_ where user0_.user_id=?
Hibernate: select character1_.character_id as characte1_6_, character1_.character_character_name as characte2_6_ from user user0_ inner join characters character1_ on user0_.character_id=character1_.character_id where user0_.user_id=?
Hibernate: select permission0_.character_id as characte6_12_0_, permission0_.permission_id as permissi1_12_0_, permission0_.permission_id as permissi1_12_1_, permission0_.character_id as characte6_12_1_, permission0_.permission_name as permissi2_12_1_, permission0_.permission_permission_unit_id as permissi3_12_1_, permission0_.permission_service as permissi4_12_1_, permission0_.permission_status as permissi5_12_1_ from permission permission0_ where permission0_.character_id=?
Hibernate: select userjoinin0_.user_joining_pool_id as col_0_0_ from user_joining_pool userjoinin0_ where userjoinin0_.user_user_id=? limit ?
Hibernate: select userjoinin0_.user_joining_pool_id as user_joi1_22_, userjoinin0_.user_created_at as user_cre2_22_, userjoinin0_.user_name as user_nam3_22_, userjoinin0_.user_phone_number as user_pho4_22_, userjoinin0_.user_user_id as user_use5_22_, userjoinin0_.user_user_password as user_use6_22_ from user_joining_pool userjoinin0_ where userjoinin0_.user_user_id=?
Hibernate: select character0_.character_id as characte1_6_, character0_.character_character_name as characte2_6_ from characters character0_ where character0_.character_character_name=?
Hibernate: insert into user (user_id, character_id, user_created_at, user_name, user_phone_number, user_user_id, user_user_password) values (default, ?, ?, ?, ?, ?, ?)
Hibernate: DELETE FROM USER_JOINING_POOL as JU where JU.USER_USER_ID =?
Hibernate: select user0_.user_id as col_0_0_ from user user0_ where user0_.user_user_id=? limit ?
Hibernate: select user0_.user_id as col_0_0_ from user user0_ where user0_.user_user_id=? limit ?
Hibernate: select U.* from USER U where U.USER_USER_ID =?
Hibernate: select character0_.character_id as characte1_6_0_, character0_.character_character_name as characte2_6_0_ from characters character0_ where character0_.character_id=?
Hibernate: select user0_.user_id as col_0_0_ from user user0_ where user0_.user_user_id=? limit ?
Hibernate: select userjoinin0_.user_joining_pool_id as col_0_0_ from user_joining_pool userjoinin0_ where userjoinin0_.user_user_id=? limit ?
Hibernate: select character0_.character_id as col_0_0_ from characters character0_ where character0_.character_character_name=? limit ?
Hibernate: insert into user_joining_pool (user_joining_pool_id, user_created_at, user_name, user_phone_number, user_user_id, user_user_password) values (default, ?, ?, ?, ?, ?)
Hibernate: select user0_.user_id as user_id1_21_0_, user0_.character_id as characte7_21_0_, user0_.user_created_at as user_cre2_21_0_, user0_.user_name as user_nam3_21_0_, user0_.user_phone_number as user_pho4_21_0_, user0_.user_user_id as user_use5_21_0_, user0_.user_user_password as user_use6_21_0_ from user user0_ where user0_.user_id=?
Hibernate: select character0_.character_id as characte1_6_0_, character0_.character_character_name as characte2_6_0_ from characters character0_ where character0_.character_id=?
Hibernate: select count(*) as col_0_0_ from user user0_ where user0_.user_id=?
Hibernate: select character1_.character_id as characte1_6_, character1_.character_character_name as characte2_6_ from user user0_ inner join characters character1_ on user0_.character_id=character1_.character_id where user0_.user_id=?
Hibernate: select permission0_.character_id as characte6_12_0_, permission0_.permission_id as permissi1_12_0_, permission0_.permission_id as permissi1_12_1_, permission0_.character_id as characte6_12_1_, permission0_.permission_name as permissi2_12_1_, permission0_.permission_permission_unit_id as permissi3_12_1_, permission0_.permission_service as permissi4_12_1_, permission0_.permission_status as permissi5_12_1_ from permission permission0_ where permission0_.character_id=?
Hibernate: select userjoinin0_.user_joining_pool_id as col_0_0_ from user_joining_pool userjoinin0_ where userjoinin0_.user_user_id=? limit ?
Hibernate: select userjoinin0_.user_joining_pool_id as user_joi1_22_, userjoinin0_.user_created_at as user_cre2_22_, userjoinin0_.user_name as user_nam3_22_, userjoinin0_.user_phone_number as user_pho4_22_, userjoinin0_.user_user_id as user_use5_22_, userjoinin0_.user_user_password as user_use6_22_ from user_joining_pool userjoinin0_ where userjoinin0_.user_user_id=?
Hibernate: select character0_.character_id as characte1_6_, character0_.character_character_name as characte2_6_ from characters character0_ where character0_.character_character_name=?
Hibernate: insert into user (user_id, character_id, user_created_at, user_name, user_phone_number, user_user_id, user_user_password) values (default, ?, ?, ?, ?, ?, ?)
Hibernate: DELETE FROM USER_JOINING_POOL as JU where JU.USER_USER_ID =?
Hibernate: select user0_.user_id as col_0_0_ from user user0_ where user0_.user_user_id=? limit ?
Hibernate: select user0_.user_id as col_0_0_ from user user0_ where user0_.user_user_id=? limit ?
Hibernate: select U.* from USER U where U.USER_USER_ID =?
Hibernate: select character0_.character_id as characte1_6_0_, character0_.character_character_name as characte2_6_0_ from characters character0_ where character0_.character_id=?
Hibernate: select user0_.user_id as col_0_0_ from user user0_ where user0_.user_user_id=? limit ?
Hibernate: select userjoinin0_.user_joining_pool_id as col_0_0_ from user_joining_pool userjoinin0_ where userjoinin0_.user_user_id=? limit ?
Hibernate: select character0_.character_id as col_0_0_ from characters character0_ where character0_.character_character_name=? limit ?
Hibernate: insert into user_joining_pool (user_joining_pool_id, user_created_at, user_name, user_phone_number, user_user_id, user_user_password) values (default, ?, ?, ?, ?, ?)
Hibernate: select user0_.user_id as user_id1_21_0_, user0_.character_id as characte7_21_0_, user0_.user_created_at as user_cre2_21_0_, user0_.user_name as user_nam3_21_0_, user0_.user_phone_number as user_pho4_21_0_, user0_.user_user_id as user_use5_21_0_, user0_.user_user_password as user_use6_21_0_ from user user0_ where user0_.user_id=?
Hibernate: select character0_.character_id as characte1_6_0_, character0_.character_character_name as characte2_6_0_ from characters character0_ where character0_.character_id=?
Hibernate: select count(*) as col_0_0_ from user user0_ where user0_.user_id=?
Hibernate: select character1_.character_id as characte1_6_, character1_.character_character_name as characte2_6_ from user user0_ inner join characters character1_ on user0_.character_id=character1_.character_id where user0_.user_id=?
Hibernate: select permission0_.character_id as characte6_12_0_, permission0_.permission_id as permissi1_12_0_, permission0_.permission_id as permissi1_12_1_, permission0_.character_id as characte6_12_1_, permission0_.permission_name as permissi2_12_1_, permission0_.permission_permission_unit_id as permissi3_12_1_, permission0_.permission_service as permissi4_12_1_, permission0_.permission_status as permissi5_12_1_ from permission permission0_ where permission0_.character_id=?
Hibernate: select userjoinin0_.user_joining_pool_id as col_0_0_ from user_joining_pool userjoinin0_ where userjoinin0_.user_user_id=? limit ?
Hibernate: select userjoinin0_.user_joining_pool_id as user_joi1_22_, userjoinin0_.user_created_at as user_cre2_22_, userjoinin0_.user_name as user_nam3_22_, userjoinin0_.user_phone_number as user_pho4_22_, userjoinin0_.user_user_id as user_use5_22_, userjoinin0_.user_user_password as user_use6_22_ from user_joining_pool userjoinin0_ where userjoinin0_.user_user_id=?
Hibernate: select character0_.character_id as characte1_6_, character0_.character_character_name as characte2_6_ from characters character0_ where character0_.character_character_name=?
Hibernate: insert into user (user_id, character_id, user_created_at, user_name, user_phone_number, user_user_id, user_user_password) values (default, ?, ?, ?, ?, ?, ?)
Hibernate: DELETE FROM USER_JOINING_POOL as JU where JU.USER_USER_ID =?
Hibernate: select user0_.user_id as col_0_0_ from user user0_ where user0_.user_user_id=? limit ?
Hibernate: select user0_.user_id as col_0_0_ from user user0_ where user0_.user_user_id=? limit ?
Hibernate: select U.* from USER U where U.USER_USER_ID =?
Hibernate: select character0_.character_id as characte1_6_0_, character0_.character_character_name as characte2_6_0_ from characters character0_ where character0_.character_id=?
Hibernate: select user0_.user_id as col_0_0_ from user user0_ where user0_.user_user_id=? limit ?
Hibernate: select userjoinin0_.user_joining_pool_id as col_0_0_ from user_joining_pool userjoinin0_ where userjoinin0_.user_user_id=? limit ?
Hibernate: select character0_.character_id as col_0_0_ from characters character0_ where character0_.character_character_name=? limit ?
Hibernate: insert into user_joining_pool (user_joining_pool_id, user_created_at, user_name, user_phone_number, user_user_id, user_user_password) values (default, ?, ?, ?, ?, ?)
Hibernate: select user0_.user_id as user_id1_21_0_, user0_.character_id as characte7_21_0_, user0_.user_created_at as user_cre2_21_0_, user0_.user_name as user_nam3_21_0_, user0_.user_phone_number as user_pho4_21_0_, user0_.user_user_id as user_use5_21_0_, user0_.user_user_password as user_use6_21_0_ from user user0_ where user0_.user_id=?
Hibernate: select character0_.character_id as characte1_6_0_, character0_.character_character_name as characte2_6_0_ from characters character0_ where character0_.character_id=?
Hibernate: select count(*) as col_0_0_ from user user0_ where user0_.user_id=?
Hibernate: select character1_.character_id as characte1_6_, character1_.character_character_name as characte2_6_ from user user0_ inner join characters character1_ on user0_.character_id=character1_.character_id where user0_.user_id=?
Hibernate: select permission0_.character_id as characte6_12_0_, permission0_.permission_id as permissi1_12_0_, permission0_.permission_id as permissi1_12_1_, permission0_.character_id as characte6_12_1_, permission0_.permission_name as permissi2_12_1_, permission0_.permission_permission_unit_id as permissi3_12_1_, permission0_.permission_service as permissi4_12_1_, permission0_.permission_status as permissi5_12_1_ from permission permission0_ where permission0_.character_id=?
Hibernate: select userjoinin0_.user_joining_pool_id as col_0_0_ from user_joining_pool userjoinin0_ where userjoinin0_.user_user_id=? limit ?
Hibernate: select userjoinin0_.user_joining_pool_id as user_joi1_22_, userjoinin0_.user_created_at as user_cre2_22_, userjoinin0_.user_name as user_nam3_22_, userjoinin0_.user_phone_number as user_pho4_22_, userjoinin0_.user_user_id as user_use5_22_, userjoinin0_.user_user_password as user_use6_22_ from user_joining_pool userjoinin0_ where userjoinin0_.user_user_id=?
Hibernate: select character0_.character_id as characte1_6_, character0_.character_character_name as characte2_6_ from characters character0_ where character0_.character_character_name=?
Hibernate: insert into user (user_id, character_id, user_created_at, user_name, user_phone_number, user_user_id, user_user_password) values (default, ?, ?, ?, ?, ?, ?)
Hibernate: DELETE FROM USER_JOINING_POOL as JU where JU.USER_USER_ID =?
Hibernate: select user0_.user_id as user_id1_21_0_, user0_.character_id as characte7_21_0_, user0_.user_created_at as user_cre2_21_0_, user0_.user_name as user_nam3_21_0_, user0_.user_phone_number as user_pho4_21_0_, user0_.user_user_id as user_use5_21_0_, user0_.user_user_password as user_use6_21_0_ from user user0_ where user0_.user_id=?
Hibernate: select character0_.character_id as characte1_6_0_, character0_.character_character_name as characte2_6_0_ from characters character0_ where character0_.character_id=?
Hibernate: select count(*) as col_0_0_ from user user0_ where user0_.user_id=?
Hibernate: select character1_.character_id as characte1_6_, character1_.character_character_name as characte2_6_ from user user0_ inner join characters character1_ on user0_.character_id=character1_.character_id where user0_.user_id=?
Hibernate: select permission0_.character_id as characte6_12_0_, permission0_.permission_id as permissi1_12_0_, permission0_.permission_id as permissi1_12_1_, permission0_.character_id as characte6_12_1_, permission0_.permission_name as permissi2_12_1_, permission0_.permission_permission_unit_id as permissi3_12_1_, permission0_.permission_service as permissi4_12_1_, permission0_.permission_status as permissi5_12_1_ from permission permission0_ where permission0_.character_id=?
Hibernate: select user0_.user_id as col_0_0_ from user user0_ where user0_.user_user_id=? limit ?
Hibernate: select user0_.user_id as col_0_0_ from user user0_ where user0_.user_user_id=? limit ?
Hibernate: select user0_.user_id as col_0_0_ from user user0_ where user0_.user_user_id=? limit ?
Hibernate: select user0_.user_id as col_0_0_ from user user0_ where user0_.user_user_id=? limit ?
Hibernate: select user0_.user_id as col_0_0_ from user user0_ where user0_.user_user_id=? limit ?
Hibernate: select user0_.user_id as user_id1_21_, user0_.character_id as characte7_21_, user0_.user_created_at as user_cre2_21_, user0_.user_name as user_nam3_21_, user0_.user_phone_number as user_pho4_21_, user0_.user_user_id as user_use5_21_, user0_.user_user_password as user_use6_21_ from user user0_ inner join characters character1_ on user0_.character_id=character1_.character_id where user0_.user_user_id=?
Hibernate: select character0_.character_id as characte1_6_0_, character0_.character_character_name as characte2_6_0_ from characters character0_ where character0_.character_id=?
Hibernate: select user0_.user_id as user_id1_21_, user0_.character_id as characte7_21_, user0_.user_created_at as user_cre2_21_, user0_.user_name as user_nam3_21_, user0_.user_phone_number as user_pho4_21_, user0_.user_user_id as user_use5_21_, user0_.user_user_password as user_use6_21_ from user user0_ inner join characters character1_ on user0_.character_id=character1_.character_id where user0_.user_user_id=?
Hibernate: select user0_.user_id as user_id1_21_, user0_.character_id as characte7_21_, user0_.user_created_at as user_cre2_21_, user0_.user_name as user_nam3_21_, user0_.user_phone_number as user_pho4_21_, user0_.user_user_id as user_use5_21_, user0_.user_user_password as user_use6_21_ from user user0_ inner join characters character1_ on user0_.character_id=character1_.character_id where user0_.user_user_id=?
Hibernate: select user0_.user_id as user_id1_21_, user0_.character_id as characte7_21_, user0_.user_created_at as user_cre2_21_, user0_.user_name as user_nam3_21_, user0_.user_phone_number as user_pho4_21_, user0_.user_user_id as user_use5_21_, user0_.user_user_password as user_use6_21_ from user user0_ inner join characters character1_ on user0_.character_id=character1_.character_id where user0_.user_user_id=?
Hibernate: select user0_.user_id as user_id1_21_, user0_.character_id as characte7_21_, user0_.user_created_at as user_cre2_21_, user0_.user_name as user_nam3_21_, user0_.user_phone_number as user_pho4_21_, user0_.user_user_id as user_use5_21_, user0_.user_user_password as user_use6_21_ from user user0_ inner join characters character1_ on user0_.character_id=character1_.character_id where user0_.user_user_id=?
Hibernate: insert into team_building (team_building_team_building_id, team_building_created_at, team_building_last_modified_at, team_building_team_building_title) values (default, ?, ?, ?)
Hibernate: insert into team (team_team_id, team_last_modified_at, team_building_team_building_id, team_team_name) values (default, ?, ?, ?)
Hibernate: insert into team_user (team_user_id, team_team_id, user_id) values (default, ?, ?)
Hibernate: insert into team_user (team_user_id, team_team_id, user_id) values (default, ?, ?)
Hibernate: insert into team_user (team_user_id, team_team_id, user_id) values (default, ?, ?)
Hibernate: insert into team (team_team_id, team_last_modified_at, team_building_team_building_id, team_team_name) values (default, ?, ?, ?)
Hibernate: insert into team_user (team_user_id, team_team_id, user_id) values (default, ?, ?)
Hibernate: insert into team_user (team_user_id, team_team_id, user_id) values (default, ?, ?)
Hibernate: select user0_.user_id as user_id1_21_0_, user0_.character_id as characte7_21_0_, user0_.user_created_at as user_cre2_21_0_, user0_.user_name as user_nam3_21_0_, user0_.user_phone_number as user_pho4_21_0_, user0_.user_user_id as user_use5_21_0_, user0_.user_user_password as user_use6_21_0_ from user user0_ where user0_.user_id=?
Hibernate: select character0_.character_id as characte1_6_0_, character0_.character_character_name as characte2_6_0_ from characters character0_ where character0_.character_id=?
Hibernate: select count(*) as col_0_0_ from team_building teambuildi0_
Hibernate: select count(*) as col_0_0_ from team_building teambuildi0_
Hibernate: select teambuildi0_.team_building_team_building_id as team_bui1_19_, teambuildi0_.team_building_created_at as team_bui2_19_, teambuildi0_.team_building_last_modified_at as team_bui3_19_, teambuildi0_.team_building_team_building_title as team_bui4_19_ from team_building teambuildi0_ order by teambuildi0_.team_building_created_at desc, teambuildi0_.team_building_team_building_id desc limit ?
Hibernate: select teamlist0_.team_building_team_building_id as team_bui4_18_0_, teamlist0_.team_team_id as team_tea1_18_0_, teamlist0_.team_team_id as team_tea1_18_1_, teamlist0_.team_last_modified_at as team_las2_18_1_, teamlist0_.team_building_team_building_id as team_bui4_18_1_, teamlist0_.team_team_name as team_tea3_18_1_ from team teamlist0_ where teamlist0_.team_building_team_building_id=?
Hibernate: select teamuserli0_.team_team_id as team_tea2_20_0_, teamuserli0_.team_user_id as team_use1_20_0_, teamuserli0_.team_user_id as team_use1_20_1_, teamuserli0_.team_team_id as team_tea2_20_1_, teamuserli0_.user_id as user_id3_20_1_ from team_user teamuserli0_ where teamuserli0_.team_team_id=?
Hibernate: select user0_.user_id as user_id1_21_0_, user0_.character_id as characte7_21_0_, user0_.user_created_at as user_cre2_21_0_, user0_.user_name as user_nam3_21_0_, user0_.user_phone_number as user_pho4_21_0_, user0_.user_user_id as user_use5_21_0_, user0_.user_user_password as user_use6_21_0_ from user user0_ where user0_.user_id=?
Hibernate: select character0_.character_id as characte1_6_0_, character0_.character_character_name as characte2_6_0_ from characters character0_ where character0_.character_id=?
Hibernate: select user0_.user_id as user_id1_21_0_, user0_.character_id as characte7_21_0_, user0_.user_created_at as user_cre2_21_0_, user0_.user_name as user_nam3_21_0_, user0_.user_phone_number as user_pho4_21_0_, user0_.user_user_id as user_use5_21_0_, user0_.user_user_password as user_use6_21_0_ from user user0_ where user0_.user_id=?
Hibernate: select user0_.user_id as user_id1_21_0_, user0_.character_id as characte7_21_0_, user0_.user_created_at as user_cre2_21_0_, user0_.user_name as user_nam3_21_0_, user0_.user_phone_number as user_pho4_21_0_, user0_.user_user_id as user_use5_21_0_, user0_.user_user_password as user_use6_21_0_ from user user0_ where user0_.user_id=?
Hibernate: select teamuserli0_.team_team_id as team_tea2_20_0_, teamuserli0_.team_user_id as team_use1_20_0_, teamuserli0_.team_user_id as team_use1_20_1_, teamuserli0_.team_team_id as team_tea2_20_1_, teamuserli0_.user_id as user_id3_20_1_ from team_user teamuserli0_ where teamuserli0_.team_team_id=?
Hibernate: select user0_.user_id as user_id1_21_0_, user0_.character_id as characte7_21_0_, user0_.user_created_at as user_cre2_21_0_, user0_.user_name as user_nam3_21_0_, user0_.user_phone_number as user_pho4_21_0_, user0_.user_user_id as user_use5_21_0_, user0_.user_user_password as user_use6_21_0_ from user user0_ where user0_.user_id=?
Hibernate: select user0_.user_id as user_id1_21_0_, user0_.character_id as characte7_21_0_, user0_.user_created_at as user_cre2_21_0_, user0_.user_name as user_nam3_21_0_, user0_.user_phone_number as user_pho4_21_0_, user0_.user_user_id as user_use5_21_0_, user0_.user_user_password as user_use6_21_0_ from user user0_ where user0_.user_id=?
Hibernate: select user0_.user_id as user_id1_21_0_, user0_.character_id as characte7_21_0_, user0_.user_created_at as user_cre2_21_0_, user0_.user_name as user_nam3_21_0_, user0_.user_phone_number as user_pho4_21_0_, user0_.user_user_id as user_use5_21_0_, user0_.user_user_password as user_use6_21_0_ from user user0_ where user0_.user_id=?
Hibernate: select character0_.character_id as characte1_6_0_, character0_.character_character_name as characte2_6_0_ from characters character0_ where character0_.character_id=?
Hibernate: select count(*) as col_0_0_ from user user0_ where user0_.user_id=?
Hibernate: select character1_.character_id as characte1_6_, character1_.character_character_name as characte2_6_ from user user0_ inner join characters character1_ on user0_.character_id=character1_.character_id where user0_.user_id=?
Hibernate: select permission0_.character_id as characte6_12_0_, permission0_.permission_id as permissi1_12_0_, permission0_.permission_id as permissi1_12_1_, permission0_.character_id as characte6_12_1_, permission0_.permission_name as permissi2_12_1_, permission0_.permission_permission_unit_id as permissi3_12_1_, permission0_.permission_service as permissi4_12_1_, permission0_.permission_status as permissi5_12_1_ from permission permission0_ where permission0_.character_id=?

MockHttpServletRequest:
      HTTP Method = PUT
      Request URI = /teambuilding/5
       Parameters = {}
          Headers = [Content-Type:"application/json;charset=UTF-8", Accept:"application/json", api-version:"1.0", Authorization:"Bearer eyJhbGciOiJIUzI1NiJ9.eyJzdWIiOiI3MCIsImlhdCI6MTY4Nzg3NzQ2OCwiZXhwIjoxNjg3ODgxMDY4fQ.4wycMi5rI_r2lN2xwvAAyC-ThBY7LwC-cYe7R-UpLkw", Content-Length:"37"]
             Body = {"team_name":"lalalala","members":[]}
    Session Attrs = {}

Handler:
             Type = org.waldreg.controller.teambuilding.TeamBuildingController
           Method = org.waldreg.controller.teambuilding.TeamBuildingController#updateTeamByTeamId(int, TeamRequest)

Async:
    Async started = false
     Async result = null

Resolved Exception:
             Type = org.waldreg.character.exception.NoPermissionException

ModelAndView:
        View name = null
             View = null
            Model = null

FlashMap:
       Attributes = null

MockHttpServletResponse:
           Status = 403
    Error message = null
          Headers = [Vary:"Origin", "Access-Control-Request-Method", "Access-Control-Request-Headers", Api-version:"1.0", Content-Type:"application/json"]
     Content type = application/json
             Body = {"code":"CHARACTER-403","messages":"No permission","document_url":"docs.waldreg.org"}
    Forwarded URL = null
   Redirected URL = null
          Cookies = []
Hibernate: select user0_.user_id as col_0_0_ from user user0_ where user0_.user_user_id=? limit ?
Hibernate: select user0_.user_id as col_0_0_ from user user0_ where user0_.user_user_id=? limit ?
Hibernate: select U.* from USER U where U.USER_USER_ID =?
Hibernate: select character0_.character_id as characte1_6_0_, character0_.character_character_name as characte2_6_0_ from characters character0_ where character0_.character_id=?
Hibernate: select user0_.user_id as user_id1_21_0_, user0_.character_id as characte7_21_0_, user0_.user_created_at as user_cre2_21_0_, user0_.user_name as user_nam3_21_0_, user0_.user_phone_number as user_pho4_21_0_, user0_.user_user_id as user_use5_21_0_, user0_.user_user_password as user_use6_21_0_ from user user0_ where user0_.user_id=?
Hibernate: select character0_.character_id as characte1_6_0_, character0_.character_character_name as characte2_6_0_ from characters character0_ where character0_.character_id=?
Hibernate: select count(*) as col_0_0_ from team_building teambuildi0_
Hibernate: select count(*) as col_0_0_ from team_building teambuildi0_
Hibernate: select teambuildi0_.team_building_team_building_id as team_bui1_19_, teambuildi0_.team_building_created_at as team_bui2_19_, teambuildi0_.team_building_last_modified_at as team_bui3_19_, teambuildi0_.team_building_team_building_title as team_bui4_19_ from team_building teambuildi0_ order by teambuildi0_.team_building_created_at desc, teambuildi0_.team_building_team_building_id desc limit ?
Hibernate: select teamlist0_.team_building_team_building_id as team_bui4_18_0_, teamlist0_.team_team_id as team_tea1_18_0_, teamlist0_.team_team_id as team_tea1_18_1_, teamlist0_.team_last_modified_at as team_las2_18_1_, teamlist0_.team_building_team_building_id as team_bui4_18_1_, teamlist0_.team_team_name as team_tea3_18_1_ from team teamlist0_ where teamlist0_.team_building_team_building_id=?
Hibernate: select teamuserli0_.team_team_id as team_tea2_20_0_, teamuserli0_.team_user_id as team_use1_20_0_, teamuserli0_.team_user_id as team_use1_20_1_, teamuserli0_.team_team_id as team_tea2_20_1_, teamuserli0_.user_id as user_id3_20_1_ from team_user teamuserli0_ where teamuserli0_.team_team_id=?
Hibernate: select user0_.user_id as user_id1_21_0_, user0_.character_id as characte7_21_0_, user0_.user_created_at as user_cre2_21_0_, user0_.user_name as user_nam3_21_0_, user0_.user_phone_number as user_pho4_21_0_, user0_.user_user_id as user_use5_21_0_, user0_.user_user_password as user_use6_21_0_ from user user0_ where user0_.user_id=?
Hibernate: select character0_.character_id as characte1_6_0_, character0_.character_character_name as characte2_6_0_ from characters character0_ where character0_.character_id=?
Hibernate: select user0_.user_id as user_id1_21_0_, user0_.character_id as characte7_21_0_, user0_.user_created_at as user_cre2_21_0_, user0_.user_name as user_nam3_21_0_, user0_.user_phone_number as user_pho4_21_0_, user0_.user_user_id as user_use5_21_0_, user0_.user_user_password as user_use6_21_0_ from user user0_ where user0_.user_id=?
Hibernate: select user0_.user_id as user_id1_21_0_, user0_.character_id as characte7_21_0_, user0_.user_created_at as user_cre2_21_0_, user0_.user_name as user_nam3_21_0_, user0_.user_phone_number as user_pho4_21_0_, user0_.user_user_id as user_use5_21_0_, user0_.user_user_password as user_use6_21_0_ from user user0_ where user0_.user_id=?
Hibernate: select teamuserli0_.team_team_id as team_tea2_20_0_, teamuserli0_.team_user_id as team_use1_20_0_, teamuserli0_.team_user_id as team_use1_20_1_, teamuserli0_.team_team_id as team_tea2_20_1_, teamuserli0_.user_id as user_id3_20_1_ from team_user teamuserli0_ where teamuserli0_.team_team_id=?
Hibernate: select user0_.user_id as user_id1_21_0_, user0_.character_id as characte7_21_0_, user0_.user_created_at as user_cre2_21_0_, user0_.user_name as user_nam3_21_0_, user0_.user_phone_number as user_pho4_21_0_, user0_.user_user_id as user_use5_21_0_, user0_.user_user_password as user_use6_21_0_ from user user0_ where user0_.user_id=?
Hibernate: select user0_.user_id as user_id1_21_0_, user0_.character_id as characte7_21_0_, user0_.user_created_at as user_cre2_21_0_, user0_.user_name as user_nam3_21_0_, user0_.user_phone_number as user_pho4_21_0_, user0_.user_user_id as user_use5_21_0_, user0_.user_user_password as user_use6_21_0_ from user user0_ where user0_.user_id=?
Hibernate: select user0_.user_id as user_id1_21_0_, user0_.character_id as characte7_21_0_, user0_.user_created_at as user_cre2_21_0_, user0_.user_name as user_nam3_21_0_, user0_.user_phone_number as user_pho4_21_0_, user0_.user_user_id as user_use5_21_0_, user0_.user_user_password as user_use6_21_0_ from user user0_ where user0_.user_id=?
Hibernate: select character0_.character_id as characte1_6_0_, character0_.character_character_name as characte2_6_0_ from characters character0_ where character0_.character_id=?
Hibernate: select count(*) as col_0_0_ from user user0_ where user0_.user_id=?
Hibernate: select character1_.character_id as characte1_6_, character1_.character_character_name as characte2_6_ from user user0_ inner join characters character1_ on user0_.character_id=character1_.character_id where user0_.user_id=?
Hibernate: select permission0_.character_id as characte6_12_0_, permission0_.permission_id as permissi1_12_0_, permission0_.permission_id as permissi1_12_1_, permission0_.character_id as characte6_12_1_, permission0_.permission_name as permissi2_12_1_, permission0_.permission_permission_unit_id as permissi3_12_1_, permission0_.permission_service as permissi4_12_1_, permission0_.permission_status as permissi5_12_1_ from permission permission0_ where permission0_.character_id=?
Hibernate: select count(*) as col_0_0_ from team_building teambuildi0_ where teambuildi0_.team_building_team_building_id=?
Hibernate: select teambuildi0_.team_building_team_building_id as team_bui1_19_0_, teambuildi0_.team_building_created_at as team_bui2_19_0_, teambuildi0_.team_building_last_modified_at as team_bui3_19_0_, teambuildi0_.team_building_team_building_title as team_bui4_19_0_ from team_building teambuildi0_ where teambuildi0_.team_building_team_building_id=?
Hibernate: select teamlist0_.team_building_team_building_id as team_bui4_18_0_, teamlist0_.team_team_id as team_tea1_18_0_, teamlist0_.team_team_id as team_tea1_18_1_, teamlist0_.team_last_modified_at as team_las2_18_1_, teamlist0_.team_building_team_building_id as team_bui4_18_1_, teamlist0_.team_team_name as team_tea3_18_1_ from team teamlist0_ where teamlist0_.team_building_team_building_id=?
Hibernate: select teamuserli0_.team_team_id as team_tea2_20_0_, teamuserli0_.team_user_id as team_use1_20_0_, teamuserli0_.team_user_id as team_use1_20_1_, teamuserli0_.team_team_id as team_tea2_20_1_, teamuserli0_.user_id as user_id3_20_1_ from team_user teamuserli0_ where teamuserli0_.team_team_id=?
Hibernate: select user0_.user_id as user_id1_21_0_, user0_.character_id as characte7_21_0_, user0_.user_created_at as user_cre2_21_0_, user0_.user_name as user_nam3_21_0_, user0_.user_phone_number as user_pho4_21_0_, user0_.user_user_id as user_use5_21_0_, user0_.user_user_password as user_use6_21_0_ from user user0_ where user0_.user_id=?
Hibernate: select character0_.character_id as characte1_6_0_, character0_.character_character_name as characte2_6_0_ from characters character0_ where character0_.character_id=?
Hibernate: select user0_.user_id as user_id1_21_0_, user0_.character_id as characte7_21_0_, user0_.user_created_at as user_cre2_21_0_, user0_.user_name as user_nam3_21_0_, user0_.user_phone_number as user_pho4_21_0_, user0_.user_user_id as user_use5_21_0_, user0_.user_user_password as user_use6_21_0_ from user user0_ where user0_.user_id=?
Hibernate: select user0_.user_id as user_id1_21_0_, user0_.character_id as characte7_21_0_, user0_.user_created_at as user_cre2_21_0_, user0_.user_name as user_nam3_21_0_, user0_.user_phone_number as user_pho4_21_0_, user0_.user_user_id as user_use5_21_0_, user0_.user_user_password as user_use6_21_0_ from user user0_ where user0_.user_id=?
Hibernate: select teamuserli0_.team_team_id as team_tea2_20_0_, teamuserli0_.team_user_id as team_use1_20_0_, teamuserli0_.team_user_id as team_use1_20_1_, teamuserli0_.team_team_id as team_tea2_20_1_, teamuserli0_.user_id as user_id3_20_1_ from team_user teamuserli0_ where teamuserli0_.team_team_id=?
Hibernate: select user0_.user_id as user_id1_21_0_, user0_.character_id as characte7_21_0_, user0_.user_created_at as user_cre2_21_0_, user0_.user_name as user_nam3_21_0_, user0_.user_phone_number as user_pho4_21_0_, user0_.user_user_id as user_use5_21_0_, user0_.user_user_password as user_use6_21_0_ from user user0_ where user0_.user_id=?
Hibernate: select user0_.user_id as user_id1_21_0_, user0_.character_id as characte7_21_0_, user0_.user_created_at as user_cre2_21_0_, user0_.user_name as user_nam3_21_0_, user0_.user_phone_number as user_pho4_21_0_, user0_.user_user_id as user_use5_21_0_, user0_.user_user_password as user_use6_21_0_ from user user0_ where user0_.user_id=?
Hibernate: delete from team_user where team_user_id=?
Hibernate: delete from team_user where team_user_id=?
Hibernate: delete from team_user where team_user_id=?
Hibernate: delete from team where team_team_id=?
Hibernate: delete from team_user where team_user_id=?
Hibernate: delete from team_user where team_user_id=?
Hibernate: delete from team where team_team_id=?
Hibernate: delete from team_building where team_building_team_building_id=?
Hibernate: select user0_.user_id as user_id1_21_0_, user0_.character_id as characte7_21_0_, user0_.user_created_at as user_cre2_21_0_, user0_.user_name as user_nam3_21_0_, user0_.user_phone_number as user_pho4_21_0_, user0_.user_user_id as user_use5_21_0_, user0_.user_user_password as user_use6_21_0_ from user user0_ where user0_.user_id=?
Hibernate: select character0_.character_id as characte1_6_0_, character0_.character_character_name as characte2_6_0_ from characters character0_ where character0_.character_id=?
Hibernate: select count(*) as col_0_0_ from team_building teambuildi0_ where teambuildi0_.team_building_team_building_id=?
Hibernate: select user0_.user_id as col_0_0_ from user user0_ where user0_.user_user_id=? limit ?
Hibernate: select user0_.user_id as col_0_0_ from user user0_ where user0_.user_user_id=? limit ?
Hibernate: select U.* from USER U where U.USER_USER_ID =?
Hibernate: select character0_.character_id as characte1_6_0_, character0_.character_character_name as characte2_6_0_ from characters character0_ where character0_.character_id=?
Hibernate: select user0_.user_id as col_0_0_ from user user0_ where user0_.user_user_id=? limit ?
Hibernate: select user0_.user_id as user_id1_21_, user0_.character_id as characte7_21_, user0_.user_created_at as user_cre2_21_, user0_.user_name as user_nam3_21_, user0_.user_phone_number as user_pho4_21_, user0_.user_user_id as user_use5_21_, user0_.user_user_password as user_use6_21_ from user user0_ inner join characters character1_ on user0_.character_id=character1_.character_id where user0_.user_user_id=?
Hibernate: select character0_.character_id as characte1_6_0_, character0_.character_character_name as characte2_6_0_ from characters character0_ where character0_.character_id=?
Hibernate: select rewardtagw0_.user_id as user_id4_16_0_, rewardtagw0_.reward_tag_wrapper_reward_id as reward_t1_16_0_, rewardtagw0_.reward_tag_wrapper_reward_id as reward_t1_16_1_, rewardtagw0_.reward_tag_wrapper_reward_presented_at as reward_t2_16_1_, rewardtagw0_.reward_tag_reward_tag_id as reward_t3_16_1_, rewardtagw0_.user_id as user_id4_16_1_ from reward_tag_wrapper rewardtagw0_ where rewardtagw0_.user_id=?
Hibernate: select user0_.user_id as user_id1_21_0_, user0_.character_id as characte7_21_0_, user0_.user_created_at as user_cre2_21_0_, user0_.user_name as user_nam3_21_0_, user0_.user_phone_number as user_pho4_21_0_, user0_.user_user_id as user_use5_21_0_, user0_.user_user_password as user_use6_21_0_ from user user0_ where user0_.user_id=?
Hibernate: select character0_.character_id as characte1_6_0_, character0_.character_character_name as characte2_6_0_ from characters character0_ where character0_.character_id=?
Hibernate: select count(*) as col_0_0_ from user user0_ where user0_.user_id=?
Hibernate: select character1_.character_id as characte1_6_, character1_.character_character_name as characte2_6_ from user user0_ inner join characters character1_ on user0_.character_id=character1_.character_id where user0_.user_id=?
Hibernate: select permission0_.character_id as characte6_12_0_, permission0_.permission_id as permissi1_12_0_, permission0_.permission_id as permissi1_12_1_, permission0_.character_id as characte6_12_1_, permission0_.permission_name as permissi2_12_1_, permission0_.permission_permission_unit_id as permissi3_12_1_, permission0_.permission_service as permissi4_12_1_, permission0_.permission_status as permissi5_12_1_ from permission permission0_ where permission0_.character_id=?
Hibernate: select count(*) as col_0_0_ from user user0_ where user0_.user_id=?
Hibernate: select user0_.user_id as user_id1_21_, user0_.character_id as characte7_21_, user0_.user_created_at as user_cre2_21_, user0_.user_name as user_nam3_21_, user0_.user_phone_number as user_pho4_21_, user0_.user_user_id as user_use5_21_, user0_.user_user_password as user_use6_21_ from user user0_ where user0_.user_id=?
Hibernate: select character0_.character_id as characte1_6_0_, character0_.character_character_name as characte2_6_0_ from characters character0_ where character0_.character_id=?
Hibernate: select rewardtagw0_.user_id as user_id4_16_0_, rewardtagw0_.reward_tag_wrapper_reward_id as reward_t1_16_0_, rewardtagw0_.reward_tag_wrapper_reward_id as reward_t1_16_1_, rewardtagw0_.reward_tag_wrapper_reward_presented_at as reward_t2_16_1_, rewardtagw0_.reward_tag_reward_tag_id as reward_t3_16_1_, rewardtagw0_.user_id as user_id4_16_1_ from reward_tag_wrapper rewardtagw0_ where rewardtagw0_.user_id=?
Hibernate: select attendance0_.attendance_user_attendance_user_id as col_0_0_ from attendance_user attendance0_ where attendance0_.user_id=? limit ?
Hibernate: DELETE FROM USER WHERE USER_ID = ?
Hibernate: select user0_.user_id as col_0_0_ from user user0_ where user0_.user_user_id=? limit ?
Hibernate: select user0_.user_id as col_0_0_ from user user0_ where user0_.user_user_id=? limit ?
Hibernate: select user0_.user_id as user_id1_21_, user0_.character_id as characte7_21_, user0_.user_created_at as user_cre2_21_, user0_.user_name as user_nam3_21_, user0_.user_phone_number as user_pho4_21_, user0_.user_user_id as user_use5_21_, user0_.user_user_password as user_use6_21_ from user user0_ inner join characters character1_ on user0_.character_id=character1_.character_id where user0_.user_user_id=?
Hibernate: select character0_.character_id as characte1_6_0_, character0_.character_character_name as characte2_6_0_ from characters character0_ where character0_.character_id=?
Hibernate: select rewardtagw0_.user_id as user_id4_16_0_, rewardtagw0_.reward_tag_wrapper_reward_id as reward_t1_16_0_, rewardtagw0_.reward_tag_wrapper_reward_id as reward_t1_16_1_, rewardtagw0_.reward_tag_wrapper_reward_presented_at as reward_t2_16_1_, rewardtagw0_.reward_tag_reward_tag_id as reward_t3_16_1_, rewardtagw0_.user_id as user_id4_16_1_ from reward_tag_wrapper rewardtagw0_ where rewardtagw0_.user_id=?
Hibernate: select user0_.user_id as user_id1_21_0_, user0_.character_id as characte7_21_0_, user0_.user_created_at as user_cre2_21_0_, user0_.user_name as user_nam3_21_0_, user0_.user_phone_number as user_pho4_21_0_, user0_.user_user_id as user_use5_21_0_, user0_.user_user_password as user_use6_21_0_ from user user0_ where user0_.user_id=?
Hibernate: select character0_.character_id as characte1_6_0_, character0_.character_character_name as characte2_6_0_ from characters character0_ where character0_.character_id=?
Hibernate: select count(*) as col_0_0_ from user user0_ where user0_.user_id=?
Hibernate: select character1_.character_id as characte1_6_, character1_.character_character_name as characte2_6_ from user user0_ inner join characters character1_ on user0_.character_id=character1_.character_id where user0_.user_id=?
Hibernate: select permission0_.character_id as characte6_12_0_, permission0_.permission_id as permissi1_12_0_, permission0_.permission_id as permissi1_12_1_, permission0_.character_id as characte6_12_1_, permission0_.permission_name as permissi2_12_1_, permission0_.permission_permission_unit_id as permissi3_12_1_, permission0_.permission_service as permissi4_12_1_, permission0_.permission_status as permissi5_12_1_ from permission permission0_ where permission0_.character_id=?
Hibernate: select count(*) as col_0_0_ from user user0_ where user0_.user_id=?
Hibernate: select user0_.user_id as user_id1_21_, user0_.character_id as characte7_21_, user0_.user_created_at as user_cre2_21_, user0_.user_name as user_nam3_21_, user0_.user_phone_number as user_pho4_21_, user0_.user_user_id as user_use5_21_, user0_.user_user_password as user_use6_21_ from user user0_ where user0_.user_id=?
Hibernate: select character0_.character_id as characte1_6_0_, character0_.character_character_name as characte2_6_0_ from characters character0_ where character0_.character_id=?
Hibernate: select rewardtagw0_.user_id as user_id4_16_0_, rewardtagw0_.reward_tag_wrapper_reward_id as reward_t1_16_0_, rewardtagw0_.reward_tag_wrapper_reward_id as reward_t1_16_1_, rewardtagw0_.reward_tag_wrapper_reward_presented_at as reward_t2_16_1_, rewardtagw0_.reward_tag_reward_tag_id as reward_t3_16_1_, rewardtagw0_.user_id as user_id4_16_1_ from reward_tag_wrapper rewardtagw0_ where rewardtagw0_.user_id=?
Hibernate: select attendance0_.attendance_user_attendance_user_id as col_0_0_ from attendance_user attendance0_ where attendance0_.user_id=? limit ?
Hibernate: DELETE FROM USER WHERE USER_ID = ?
Hibernate: select user0_.user_id as col_0_0_ from user user0_ where user0_.user_user_id=? limit ?
Hibernate: select user0_.user_id as col_0_0_ from user user0_ where user0_.user_user_id=? limit ?
Hibernate: select user0_.user_id as user_id1_21_, user0_.character_id as characte7_21_, user0_.user_created_at as user_cre2_21_, user0_.user_name as user_nam3_21_, user0_.user_phone_number as user_pho4_21_, user0_.user_user_id as user_use5_21_, user0_.user_user_password as user_use6_21_ from user user0_ inner join characters character1_ on user0_.character_id=character1_.character_id where user0_.user_user_id=?
Hibernate: select character0_.character_id as characte1_6_0_, character0_.character_character_name as characte2_6_0_ from characters character0_ where character0_.character_id=?
Hibernate: select rewardtagw0_.user_id as user_id4_16_0_, rewardtagw0_.reward_tag_wrapper_reward_id as reward_t1_16_0_, rewardtagw0_.reward_tag_wrapper_reward_id as reward_t1_16_1_, rewardtagw0_.reward_tag_wrapper_reward_presented_at as reward_t2_16_1_, rewardtagw0_.reward_tag_reward_tag_id as reward_t3_16_1_, rewardtagw0_.user_id as user_id4_16_1_ from reward_tag_wrapper rewardtagw0_ where rewardtagw0_.user_id=?
Hibernate: select user0_.user_id as user_id1_21_0_, user0_.character_id as characte7_21_0_, user0_.user_created_at as user_cre2_21_0_, user0_.user_name as user_nam3_21_0_, user0_.user_phone_number as user_pho4_21_0_, user0_.user_user_id as user_use5_21_0_, user0_.user_user_password as user_use6_21_0_ from user user0_ where user0_.user_id=?
Hibernate: select character0_.character_id as characte1_6_0_, character0_.character_character_name as characte2_6_0_ from characters character0_ where character0_.character_id=?
Hibernate: select count(*) as col_0_0_ from user user0_ where user0_.user_id=?
Hibernate: select character1_.character_id as characte1_6_, character1_.character_character_name as characte2_6_ from user user0_ inner join characters character1_ on user0_.character_id=character1_.character_id where user0_.user_id=?
Hibernate: select permission0_.character_id as characte6_12_0_, permission0_.permission_id as permissi1_12_0_, permission0_.permission_id as permissi1_12_1_, permission0_.character_id as characte6_12_1_, permission0_.permission_name as permissi2_12_1_, permission0_.permission_permission_unit_id as permissi3_12_1_, permission0_.permission_service as permissi4_12_1_, permission0_.permission_status as permissi5_12_1_ from permission permission0_ where permission0_.character_id=?
Hibernate: select count(*) as col_0_0_ from user user0_ where user0_.user_id=?
Hibernate: select user0_.user_id as user_id1_21_, user0_.character_id as characte7_21_, user0_.user_created_at as user_cre2_21_, user0_.user_name as user_nam3_21_, user0_.user_phone_number as user_pho4_21_, user0_.user_user_id as user_use5_21_, user0_.user_user_password as user_use6_21_ from user user0_ where user0_.user_id=?
Hibernate: select character0_.character_id as characte1_6_0_, character0_.character_character_name as characte2_6_0_ from characters character0_ where character0_.character_id=?
Hibernate: select rewardtagw0_.user_id as user_id4_16_0_, rewardtagw0_.reward_tag_wrapper_reward_id as reward_t1_16_0_, rewardtagw0_.reward_tag_wrapper_reward_id as reward_t1_16_1_, rewardtagw0_.reward_tag_wrapper_reward_presented_at as reward_t2_16_1_, rewardtagw0_.reward_tag_reward_tag_id as reward_t3_16_1_, rewardtagw0_.user_id as user_id4_16_1_ from reward_tag_wrapper rewardtagw0_ where rewardtagw0_.user_id=?
Hibernate: select attendance0_.attendance_user_attendance_user_id as col_0_0_ from attendance_user attendance0_ where attendance0_.user_id=? limit ?
Hibernate: DELETE FROM USER WHERE USER_ID = ?
Hibernate: select user0_.user_id as col_0_0_ from user user0_ where user0_.user_user_id=? limit ?
Hibernate: select user0_.user_id as col_0_0_ from user user0_ where user0_.user_user_id=? limit ?
Hibernate: select user0_.user_id as user_id1_21_, user0_.character_id as characte7_21_, user0_.user_created_at as user_cre2_21_, user0_.user_name as user_nam3_21_, user0_.user_phone_number as user_pho4_21_, user0_.user_user_id as user_use5_21_, user0_.user_user_password as user_use6_21_ from user user0_ inner join characters character1_ on user0_.character_id=character1_.character_id where user0_.user_user_id=?
Hibernate: select character0_.character_id as characte1_6_0_, character0_.character_character_name as characte2_6_0_ from characters character0_ where character0_.character_id=?
Hibernate: select rewardtagw0_.user_id as user_id4_16_0_, rewardtagw0_.reward_tag_wrapper_reward_id as reward_t1_16_0_, rewardtagw0_.reward_tag_wrapper_reward_id as reward_t1_16_1_, rewardtagw0_.reward_tag_wrapper_reward_presented_at as reward_t2_16_1_, rewardtagw0_.reward_tag_reward_tag_id as reward_t3_16_1_, rewardtagw0_.user_id as user_id4_16_1_ from reward_tag_wrapper rewardtagw0_ where rewardtagw0_.user_id=?
Hibernate: select user0_.user_id as user_id1_21_0_, user0_.character_id as characte7_21_0_, user0_.user_created_at as user_cre2_21_0_, user0_.user_name as user_nam3_21_0_, user0_.user_phone_number as user_pho4_21_0_, user0_.user_user_id as user_use5_21_0_, user0_.user_user_password as user_use6_21_0_ from user user0_ where user0_.user_id=?
Hibernate: select character0_.character_id as characte1_6_0_, character0_.character_character_name as characte2_6_0_ from characters character0_ where character0_.character_id=?
Hibernate: select count(*) as col_0_0_ from user user0_ where user0_.user_id=?
Hibernate: select character1_.character_id as characte1_6_, character1_.character_character_name as characte2_6_ from user user0_ inner join characters character1_ on user0_.character_id=character1_.character_id where user0_.user_id=?
Hibernate: select permission0_.character_id as characte6_12_0_, permission0_.permission_id as permissi1_12_0_, permission0_.permission_id as permissi1_12_1_, permission0_.character_id as characte6_12_1_, permission0_.permission_name as permissi2_12_1_, permission0_.permission_permission_unit_id as permissi3_12_1_, permission0_.permission_service as permissi4_12_1_, permission0_.permission_status as permissi5_12_1_ from permission permission0_ where permission0_.character_id=?
Hibernate: select count(*) as col_0_0_ from user user0_ where user0_.user_id=?
Hibernate: select user0_.user_id as user_id1_21_, user0_.character_id as characte7_21_, user0_.user_created_at as user_cre2_21_, user0_.user_name as user_nam3_21_, user0_.user_phone_number as user_pho4_21_, user0_.user_user_id as user_use5_21_, user0_.user_user_password as user_use6_21_ from user user0_ where user0_.user_id=?
Hibernate: select character0_.character_id as characte1_6_0_, character0_.character_character_name as characte2_6_0_ from characters character0_ where character0_.character_id=?
Hibernate: select rewardtagw0_.user_id as user_id4_16_0_, rewardtagw0_.reward_tag_wrapper_reward_id as reward_t1_16_0_, rewardtagw0_.reward_tag_wrapper_reward_id as reward_t1_16_1_, rewardtagw0_.reward_tag_wrapper_reward_presented_at as reward_t2_16_1_, rewardtagw0_.reward_tag_reward_tag_id as reward_t3_16_1_, rewardtagw0_.user_id as user_id4_16_1_ from reward_tag_wrapper rewardtagw0_ where rewardtagw0_.user_id=?
Hibernate: select attendance0_.attendance_user_attendance_user_id as col_0_0_ from attendance_user attendance0_ where attendance0_.user_id=? limit ?
Hibernate: DELETE FROM USER WHERE USER_ID = ?
Hibernate: select user0_.user_id as col_0_0_ from user user0_ where user0_.user_user_id=? limit ?
Hibernate: select user0_.user_id as col_0_0_ from user user0_ where user0_.user_user_id=? limit ?
Hibernate: select user0_.user_id as user_id1_21_, user0_.character_id as characte7_21_, user0_.user_created_at as user_cre2_21_, user0_.user_name as user_nam3_21_, user0_.user_phone_number as user_pho4_21_, user0_.user_user_id as user_use5_21_, user0_.user_user_password as user_use6_21_ from user user0_ inner join characters character1_ on user0_.character_id=character1_.character_id where user0_.user_user_id=?
Hibernate: select character0_.character_id as characte1_6_0_, character0_.character_character_name as characte2_6_0_ from characters character0_ where character0_.character_id=?
Hibernate: select rewardtagw0_.user_id as user_id4_16_0_, rewardtagw0_.reward_tag_wrapper_reward_id as reward_t1_16_0_, rewardtagw0_.reward_tag_wrapper_reward_id as reward_t1_16_1_, rewardtagw0_.reward_tag_wrapper_reward_presented_at as reward_t2_16_1_, rewardtagw0_.reward_tag_reward_tag_id as reward_t3_16_1_, rewardtagw0_.user_id as user_id4_16_1_ from reward_tag_wrapper rewardtagw0_ where rewardtagw0_.user_id=?
Hibernate: select user0_.user_id as user_id1_21_0_, user0_.character_id as characte7_21_0_, user0_.user_created_at as user_cre2_21_0_, user0_.user_name as user_nam3_21_0_, user0_.user_phone_number as user_pho4_21_0_, user0_.user_user_id as user_use5_21_0_, user0_.user_user_password as user_use6_21_0_ from user user0_ where user0_.user_id=?
Hibernate: select character0_.character_id as characte1_6_0_, character0_.character_character_name as characte2_6_0_ from characters character0_ where character0_.character_id=?
Hibernate: select count(*) as col_0_0_ from user user0_ where user0_.user_id=?
Hibernate: select character1_.character_id as characte1_6_, character1_.character_character_name as characte2_6_ from user user0_ inner join characters character1_ on user0_.character_id=character1_.character_id where user0_.user_id=?
Hibernate: select permission0_.character_id as characte6_12_0_, permission0_.permission_id as permissi1_12_0_, permission0_.permission_id as permissi1_12_1_, permission0_.character_id as characte6_12_1_, permission0_.permission_name as permissi2_12_1_, permission0_.permission_permission_unit_id as permissi3_12_1_, permission0_.permission_service as permissi4_12_1_, permission0_.permission_status as permissi5_12_1_ from permission permission0_ where permission0_.character_id=?
Hibernate: select count(*) as col_0_0_ from user user0_ where user0_.user_id=?
Hibernate: select user0_.user_id as user_id1_21_, user0_.character_id as characte7_21_, user0_.user_created_at as user_cre2_21_, user0_.user_name as user_nam3_21_, user0_.user_phone_number as user_pho4_21_, user0_.user_user_id as user_use5_21_, user0_.user_user_password as user_use6_21_ from user user0_ where user0_.user_id=?
Hibernate: select character0_.character_id as characte1_6_0_, character0_.character_character_name as characte2_6_0_ from characters character0_ where character0_.character_id=?
Hibernate: select rewardtagw0_.user_id as user_id4_16_0_, rewardtagw0_.reward_tag_wrapper_reward_id as reward_t1_16_0_, rewardtagw0_.reward_tag_wrapper_reward_id as reward_t1_16_1_, rewardtagw0_.reward_tag_wrapper_reward_presented_at as reward_t2_16_1_, rewardtagw0_.reward_tag_reward_tag_id as reward_t3_16_1_, rewardtagw0_.user_id as user_id4_16_1_ from reward_tag_wrapper rewardtagw0_ where rewardtagw0_.user_id=?
Hibernate: select attendance0_.attendance_user_attendance_user_id as col_0_0_ from attendance_user attendance0_ where attendance0_.user_id=? limit ?
Hibernate: DELETE FROM USER WHERE USER_ID = ?
Hibernate: select user0_.user_id as col_0_0_ from user user0_ where user0_.user_user_id=? limit ?
Hibernate: select user0_.user_id as col_0_0_ from user user0_ where user0_.user_user_id=? limit ?
Hibernate: select user0_.user_id as user_id1_21_, user0_.character_id as characte7_21_, user0_.user_created_at as user_cre2_21_, user0_.user_name as user_nam3_21_, user0_.user_phone_number as user_pho4_21_, user0_.user_user_id as user_use5_21_, user0_.user_user_password as user_use6_21_ from user user0_ inner join characters character1_ on user0_.character_id=character1_.character_id where user0_.user_user_id=?
Hibernate: select character0_.character_id as characte1_6_0_, character0_.character_character_name as characte2_6_0_ from characters character0_ where character0_.character_id=?
Hibernate: select rewardtagw0_.user_id as user_id4_16_0_, rewardtagw0_.reward_tag_wrapper_reward_id as reward_t1_16_0_, rewardtagw0_.reward_tag_wrapper_reward_id as reward_t1_16_1_, rewardtagw0_.reward_tag_wrapper_reward_presented_at as reward_t2_16_1_, rewardtagw0_.reward_tag_reward_tag_id as reward_t3_16_1_, rewardtagw0_.user_id as user_id4_16_1_ from reward_tag_wrapper rewardtagw0_ where rewardtagw0_.user_id=?
Hibernate: select user0_.user_id as user_id1_21_0_, user0_.character_id as characte7_21_0_, user0_.user_created_at as user_cre2_21_0_, user0_.user_name as user_nam3_21_0_, user0_.user_phone_number as user_pho4_21_0_, user0_.user_user_id as user_use5_21_0_, user0_.user_user_password as user_use6_21_0_ from user user0_ where user0_.user_id=?
Hibernate: select character0_.character_id as characte1_6_0_, character0_.character_character_name as characte2_6_0_ from characters character0_ where character0_.character_id=?
Hibernate: select count(*) as col_0_0_ from user user0_ where user0_.user_id=?
Hibernate: select character1_.character_id as characte1_6_, character1_.character_character_name as characte2_6_ from user user0_ inner join characters character1_ on user0_.character_id=character1_.character_id where user0_.user_id=?
Hibernate: select permission0_.character_id as characte6_12_0_, permission0_.permission_id as permissi1_12_0_, permission0_.permission_id as permissi1_12_1_, permission0_.character_id as characte6_12_1_, permission0_.permission_name as permissi2_12_1_, permission0_.permission_permission_unit_id as permissi3_12_1_, permission0_.permission_service as permissi4_12_1_, permission0_.permission_status as permissi5_12_1_ from permission permission0_ where permission0_.character_id=?
Hibernate: select count(*) as col_0_0_ from user user0_ where user0_.user_id=?
Hibernate: select user0_.user_id as user_id1_21_, user0_.character_id as characte7_21_, user0_.user_created_at as user_cre2_21_, user0_.user_name as user_nam3_21_, user0_.user_phone_number as user_pho4_21_, user0_.user_user_id as user_use5_21_, user0_.user_user_password as user_use6_21_ from user user0_ where user0_.user_id=?
Hibernate: select character0_.character_id as characte1_6_0_, character0_.character_character_name as characte2_6_0_ from characters character0_ where character0_.character_id=?
Hibernate: select rewardtagw0_.user_id as user_id4_16_0_, rewardtagw0_.reward_tag_wrapper_reward_id as reward_t1_16_0_, rewardtagw0_.reward_tag_wrapper_reward_id as reward_t1_16_1_, rewardtagw0_.reward_tag_wrapper_reward_presented_at as reward_t2_16_1_, rewardtagw0_.reward_tag_reward_tag_id as reward_t3_16_1_, rewardtagw0_.user_id as user_id4_16_1_ from reward_tag_wrapper rewardtagw0_ where rewardtagw0_.user_id=?
Hibernate: select attendance0_.attendance_user_attendance_user_id as col_0_0_ from attendance_user attendance0_ where attendance0_.user_id=? limit ?
Hibernate: DELETE FROM USER WHERE USER_ID = ?
Hibernate: select user0_.user_id as col_0_0_ from user user0_ where user0_.user_user_id=? limit ?
Hibernate: select user0_.user_id as col_0_0_ from user user0_ where user0_.user_user_id=? limit ?
Hibernate: select user0_.user_id as col_0_0_ from user user0_ where user0_.user_user_id=? limit ?
Hibernate: select U.* from USER U where U.USER_USER_ID =?
Hibernate: select character0_.character_id as characte1_6_0_, character0_.character_character_name as characte2_6_0_ from characters character0_ where character0_.character_id=?
Hibernate: select user0_.user_id as user_id1_21_0_, user0_.character_id as characte7_21_0_, user0_.user_created_at as user_cre2_21_0_, user0_.user_name as user_nam3_21_0_, user0_.user_phone_number as user_pho4_21_0_, user0_.user_user_id as user_use5_21_0_, user0_.user_user_password as user_use6_21_0_ from user user0_ where user0_.user_id=?
Hibernate: select character0_.character_id as characte1_6_0_, character0_.character_character_name as characte2_6_0_ from characters character0_ where character0_.character_id=?
Hibernate: select count(*) as col_0_0_ from team_building teambuildi0_
Hibernate: select count(*) as col_0_0_ from team_building teambuildi0_
Hibernate: select user0_.user_id as col_0_0_ from user user0_ where user0_.user_user_id=? limit ?
Hibernate: select user0_.user_id as col_0_0_ from user user0_ where user0_.user_user_id=? limit ?
Hibernate: select U.* from USER U where U.USER_USER_ID =?
Hibernate: select character0_.character_id as characte1_6_0_, character0_.character_character_name as characte2_6_0_ from characters character0_ where character0_.character_id=?
Hibernate: select user0_.user_id as col_0_0_ from user user0_ where user0_.user_user_id=? limit ?
Hibernate: select user0_.user_id as col_0_0_ from user user0_ where user0_.user_user_id=? limit ?
Hibernate: select U.* from USER U where U.USER_USER_ID =?
Hibernate: select character0_.character_id as characte1_6_0_, character0_.character_character_name as characte2_6_0_ from characters character0_ where character0_.character_id=?
Hibernate: select user0_.user_id as col_0_0_ from user user0_ where user0_.user_user_id=? limit ?
Hibernate: select user0_.user_id as col_0_0_ from user user0_ where user0_.user_user_id=? limit ?
Hibernate: select U.* from USER U where U.USER_USER_ID =?
Hibernate: select character0_.character_id as characte1_6_0_, character0_.character_character_name as characte2_6_0_ from characters character0_ where character0_.character_id=?
Hibernate: select user0_.user_id as col_0_0_ from user user0_ where user0_.user_user_id=? limit ?
Hibernate: select userjoinin0_.user_joining_pool_id as col_0_0_ from user_joining_pool userjoinin0_ where userjoinin0_.user_user_id=? limit ?
Hibernate: select character0_.character_id as col_0_0_ from characters character0_ where character0_.character_character_name=? limit ?
Hibernate: insert into user_joining_pool (user_joining_pool_id, user_created_at, user_name, user_phone_number, user_user_id, user_user_password) values (default, ?, ?, ?, ?, ?)

MockHttpServletRequest:
      HTTP Method = POST
      Request URI = /user
       Parameters = {}
          Headers = [Content-Type:"application/json;charset=UTF-8", Accept:"application/json", api-version:"1.0", Content-Length:"93"]
             Body = {"name":"lin","user_id":"linirini","user_password":"2fhfhfhfh!","phone_number":"01012341234"}
    Session Attrs = {}

Handler:
             Type = org.waldreg.controller.joiningpool.JoiningPoolController
           Method = org.waldreg.controller.joiningpool.JoiningPoolController#createUser(UserRequest)

Async:
    Async started = false
     Async result = null

Resolved Exception:
             Type = null

ModelAndView:
        View name = null
             View = null
            Model = null

FlashMap:
       Attributes = null

MockHttpServletResponse:
           Status = 200
    Error message = null
          Headers = [Vary:"Origin", "Access-Control-Request-Method", "Access-Control-Request-Headers", Api-version:"1.0"]
     Content type = null
             Body = 
    Forwarded URL = null
   Redirected URL = null
          Cookies = []
Hibernate: select user0_.user_id as user_id1_21_0_, user0_.character_id as characte7_21_0_, user0_.user_created_at as user_cre2_21_0_, user0_.user_name as user_nam3_21_0_, user0_.user_phone_number as user_pho4_21_0_, user0_.user_user_id as user_use5_21_0_, user0_.user_user_password as user_use6_21_0_ from user user0_ where user0_.user_id=?
Hibernate: select character0_.character_id as characte1_6_0_, character0_.character_character_name as characte2_6_0_ from characters character0_ where character0_.character_id=?
Hibernate: select count(*) as col_0_0_ from user user0_ where user0_.user_id=?
Hibernate: select character1_.character_id as characte1_6_, character1_.character_character_name as characte2_6_ from user user0_ inner join characters character1_ on user0_.character_id=character1_.character_id where user0_.user_id=?
Hibernate: select permission0_.character_id as characte6_12_0_, permission0_.permission_id as permissi1_12_0_, permission0_.permission_id as permissi1_12_1_, permission0_.character_id as characte6_12_1_, permission0_.permission_name as permissi2_12_1_, permission0_.permission_permission_unit_id as permissi3_12_1_, permission0_.permission_service as permissi4_12_1_, permission0_.permission_status as permissi5_12_1_ from permission permission0_ where permission0_.character_id=?
Hibernate: select userjoinin0_.user_joining_pool_id as col_0_0_ from user_joining_pool userjoinin0_ where userjoinin0_.user_user_id=? limit ?
Hibernate: select userjoinin0_.user_joining_pool_id as user_joi1_22_, userjoinin0_.user_created_at as user_cre2_22_, userjoinin0_.user_name as user_nam3_22_, userjoinin0_.user_phone_number as user_pho4_22_, userjoinin0_.user_user_id as user_use5_22_, userjoinin0_.user_user_password as user_use6_22_ from user_joining_pool userjoinin0_ where userjoinin0_.user_user_id=?
Hibernate: select character0_.character_id as characte1_6_, character0_.character_character_name as characte2_6_ from characters character0_ where character0_.character_character_name=?
Hibernate: insert into user (user_id, character_id, user_created_at, user_name, user_phone_number, user_user_id, user_user_password) values (default, ?, ?, ?, ?, ?, ?)
Hibernate: DELETE FROM USER_JOINING_POOL as JU where JU.USER_USER_ID =?
Hibernate: select user0_.user_id as col_0_0_ from user user0_ where user0_.user_user_id=? limit ?
Hibernate: select user0_.user_id as col_0_0_ from user user0_ where user0_.user_user_id=? limit ?
Hibernate: select U.* from USER U where U.USER_USER_ID =?
Hibernate: select character0_.character_id as characte1_6_0_, character0_.character_character_name as characte2_6_0_ from characters character0_ where character0_.character_id=?
Hibernate: select user0_.user_id as col_0_0_ from user user0_ where user0_.user_user_id=? limit ?
Hibernate: select user0_.user_id as col_0_0_ from user user0_ where user0_.user_user_id=? limit ?
Hibernate: select U.* from USER U where U.USER_USER_ID =?
Hibernate: select character0_.character_id as characte1_6_0_, character0_.character_character_name as characte2_6_0_ from characters character0_ where character0_.character_id=?
Hibernate: select user0_.user_id as col_0_0_ from user user0_ where user0_.user_user_id=? limit ?
Hibernate: select userjoinin0_.user_joining_pool_id as col_0_0_ from user_joining_pool userjoinin0_ where userjoinin0_.user_user_id=? limit ?
Hibernate: select character0_.character_id as col_0_0_ from characters character0_ where character0_.character_character_name=? limit ?
Hibernate: insert into user_joining_pool (user_joining_pool_id, user_created_at, user_name, user_phone_number, user_user_id, user_user_password) values (default, ?, ?, ?, ?, ?)
Hibernate: select user0_.user_id as user_id1_21_0_, user0_.character_id as characte7_21_0_, user0_.user_created_at as user_cre2_21_0_, user0_.user_name as user_nam3_21_0_, user0_.user_phone_number as user_pho4_21_0_, user0_.user_user_id as user_use5_21_0_, user0_.user_user_password as user_use6_21_0_ from user user0_ where user0_.user_id=?
Hibernate: select character0_.character_id as characte1_6_0_, character0_.character_character_name as characte2_6_0_ from characters character0_ where character0_.character_id=?
Hibernate: select count(*) as col_0_0_ from user user0_ where user0_.user_id=?
Hibernate: select character1_.character_id as characte1_6_, character1_.character_character_name as characte2_6_ from user user0_ inner join characters character1_ on user0_.character_id=character1_.character_id where user0_.user_id=?
Hibernate: select permission0_.character_id as characte6_12_0_, permission0_.permission_id as permissi1_12_0_, permission0_.permission_id as permissi1_12_1_, permission0_.character_id as characte6_12_1_, permission0_.permission_name as permissi2_12_1_, permission0_.permission_permission_unit_id as permissi3_12_1_, permission0_.permission_service as permissi4_12_1_, permission0_.permission_status as permissi5_12_1_ from permission permission0_ where permission0_.character_id=?
Hibernate: select userjoinin0_.user_joining_pool_id as col_0_0_ from user_joining_pool userjoinin0_ where userjoinin0_.user_user_id=? limit ?
Hibernate: select userjoinin0_.user_joining_pool_id as user_joi1_22_, userjoinin0_.user_created_at as user_cre2_22_, userjoinin0_.user_name as user_nam3_22_, userjoinin0_.user_phone_number as user_pho4_22_, userjoinin0_.user_user_id as user_use5_22_, userjoinin0_.user_user_password as user_use6_22_ from user_joining_pool userjoinin0_ where userjoinin0_.user_user_id=?
Hibernate: select character0_.character_id as characte1_6_, character0_.character_character_name as characte2_6_ from characters character0_ where character0_.character_character_name=?
Hibernate: insert into user (user_id, character_id, user_created_at, user_name, user_phone_number, user_user_id, user_user_password) values (default, ?, ?, ?, ?, ?, ?)
Hibernate: DELETE FROM USER_JOINING_POOL as JU where JU.USER_USER_ID =?
Hibernate: select user0_.user_id as col_0_0_ from user user0_ where user0_.user_user_id=? limit ?
Hibernate: select user0_.user_id as col_0_0_ from user user0_ where user0_.user_user_id=? limit ?
Hibernate: select U.* from USER U where U.USER_USER_ID =?
Hibernate: select character0_.character_id as characte1_6_0_, character0_.character_character_name as characte2_6_0_ from characters character0_ where character0_.character_id=?
Hibernate: select user0_.user_id as col_0_0_ from user user0_ where user0_.user_user_id=? limit ?
Hibernate: select userjoinin0_.user_joining_pool_id as col_0_0_ from user_joining_pool userjoinin0_ where userjoinin0_.user_user_id=? limit ?
Hibernate: select character0_.character_id as col_0_0_ from characters character0_ where character0_.character_character_name=? limit ?
Hibernate: insert into user_joining_pool (user_joining_pool_id, user_created_at, user_name, user_phone_number, user_user_id, user_user_password) values (default, ?, ?, ?, ?, ?)
Hibernate: select user0_.user_id as user_id1_21_0_, user0_.character_id as characte7_21_0_, user0_.user_created_at as user_cre2_21_0_, user0_.user_name as user_nam3_21_0_, user0_.user_phone_number as user_pho4_21_0_, user0_.user_user_id as user_use5_21_0_, user0_.user_user_password as user_use6_21_0_ from user user0_ where user0_.user_id=?
Hibernate: select character0_.character_id as characte1_6_0_, character0_.character_character_name as characte2_6_0_ from characters character0_ where character0_.character_id=?
Hibernate: select count(*) as col_0_0_ from user user0_ where user0_.user_id=?
Hibernate: select character1_.character_id as characte1_6_, character1_.character_character_name as characte2_6_ from user user0_ inner join characters character1_ on user0_.character_id=character1_.character_id where user0_.user_id=?
Hibernate: select permission0_.character_id as characte6_12_0_, permission0_.permission_id as permissi1_12_0_, permission0_.permission_id as permissi1_12_1_, permission0_.character_id as characte6_12_1_, permission0_.permission_name as permissi2_12_1_, permission0_.permission_permission_unit_id as permissi3_12_1_, permission0_.permission_service as permissi4_12_1_, permission0_.permission_status as permissi5_12_1_ from permission permission0_ where permission0_.character_id=?
Hibernate: select userjoinin0_.user_joining_pool_id as col_0_0_ from user_joining_pool userjoinin0_ where userjoinin0_.user_user_id=? limit ?
Hibernate: select userjoinin0_.user_joining_pool_id as user_joi1_22_, userjoinin0_.user_created_at as user_cre2_22_, userjoinin0_.user_name as user_nam3_22_, userjoinin0_.user_phone_number as user_pho4_22_, userjoinin0_.user_user_id as user_use5_22_, userjoinin0_.user_user_password as user_use6_22_ from user_joining_pool userjoinin0_ where userjoinin0_.user_user_id=?
Hibernate: select character0_.character_id as characte1_6_, character0_.character_character_name as characte2_6_ from characters character0_ where character0_.character_character_name=?
Hibernate: insert into user (user_id, character_id, user_created_at, user_name, user_phone_number, user_user_id, user_user_password) values (default, ?, ?, ?, ?, ?, ?)
Hibernate: DELETE FROM USER_JOINING_POOL as JU where JU.USER_USER_ID =?
Hibernate: select user0_.user_id as col_0_0_ from user user0_ where user0_.user_user_id=? limit ?
Hibernate: select user0_.user_id as col_0_0_ from user user0_ where user0_.user_user_id=? limit ?
Hibernate: select U.* from USER U where U.USER_USER_ID =?
Hibernate: select character0_.character_id as characte1_6_0_, character0_.character_character_name as characte2_6_0_ from characters character0_ where character0_.character_id=?
Hibernate: select user0_.user_id as col_0_0_ from user user0_ where user0_.user_user_id=? limit ?
Hibernate: select userjoinin0_.user_joining_pool_id as col_0_0_ from user_joining_pool userjoinin0_ where userjoinin0_.user_user_id=? limit ?
Hibernate: select character0_.character_id as col_0_0_ from characters character0_ where character0_.character_character_name=? limit ?
Hibernate: insert into user_joining_pool (user_joining_pool_id, user_created_at, user_name, user_phone_number, user_user_id, user_user_password) values (default, ?, ?, ?, ?, ?)
Hibernate: select user0_.user_id as user_id1_21_0_, user0_.character_id as characte7_21_0_, user0_.user_created_at as user_cre2_21_0_, user0_.user_name as user_nam3_21_0_, user0_.user_phone_number as user_pho4_21_0_, user0_.user_user_id as user_use5_21_0_, user0_.user_user_password as user_use6_21_0_ from user user0_ where user0_.user_id=?
Hibernate: select character0_.character_id as characte1_6_0_, character0_.character_character_name as characte2_6_0_ from characters character0_ where character0_.character_id=?
Hibernate: select count(*) as col_0_0_ from user user0_ where user0_.user_id=?
Hibernate: select character1_.character_id as characte1_6_, character1_.character_character_name as characte2_6_ from user user0_ inner join characters character1_ on user0_.character_id=character1_.character_id where user0_.user_id=?
Hibernate: select permission0_.character_id as characte6_12_0_, permission0_.permission_id as permissi1_12_0_, permission0_.permission_id as permissi1_12_1_, permission0_.character_id as characte6_12_1_, permission0_.permission_name as permissi2_12_1_, permission0_.permission_permission_unit_id as permissi3_12_1_, permission0_.permission_service as permissi4_12_1_, permission0_.permission_status as permissi5_12_1_ from permission permission0_ where permission0_.character_id=?
Hibernate: select userjoinin0_.user_joining_pool_id as col_0_0_ from user_joining_pool userjoinin0_ where userjoinin0_.user_user_id=? limit ?
Hibernate: select userjoinin0_.user_joining_pool_id as user_joi1_22_, userjoinin0_.user_created_at as user_cre2_22_, userjoinin0_.user_name as user_nam3_22_, userjoinin0_.user_phone_number as user_pho4_22_, userjoinin0_.user_user_id as user_use5_22_, userjoinin0_.user_user_password as user_use6_22_ from user_joining_pool userjoinin0_ where userjoinin0_.user_user_id=?
Hibernate: select character0_.character_id as characte1_6_, character0_.character_character_name as characte2_6_ from characters character0_ where character0_.character_character_name=?
Hibernate: insert into user (user_id, character_id, user_created_at, user_name, user_phone_number, user_user_id, user_user_password) values (default, ?, ?, ?, ?, ?, ?)
Hibernate: DELETE FROM USER_JOINING_POOL as JU where JU.USER_USER_ID =?
Hibernate: select user0_.user_id as col_0_0_ from user user0_ where user0_.user_user_id=? limit ?
Hibernate: select user0_.user_id as col_0_0_ from user user0_ where user0_.user_user_id=? limit ?
Hibernate: select U.* from USER U where U.USER_USER_ID =?
Hibernate: select character0_.character_id as characte1_6_0_, character0_.character_character_name as characte2_6_0_ from characters character0_ where character0_.character_id=?
Hibernate: select user0_.user_id as col_0_0_ from user user0_ where user0_.user_user_id=? limit ?
Hibernate: select userjoinin0_.user_joining_pool_id as col_0_0_ from user_joining_pool userjoinin0_ where userjoinin0_.user_user_id=? limit ?
Hibernate: select character0_.character_id as col_0_0_ from characters character0_ where character0_.character_character_name=? limit ?
Hibernate: insert into user_joining_pool (user_joining_pool_id, user_created_at, user_name, user_phone_number, user_user_id, user_user_password) values (default, ?, ?, ?, ?, ?)
Hibernate: select user0_.user_id as user_id1_21_0_, user0_.character_id as characte7_21_0_, user0_.user_created_at as user_cre2_21_0_, user0_.user_name as user_nam3_21_0_, user0_.user_phone_number as user_pho4_21_0_, user0_.user_user_id as user_use5_21_0_, user0_.user_user_password as user_use6_21_0_ from user user0_ where user0_.user_id=?
Hibernate: select character0_.character_id as characte1_6_0_, character0_.character_character_name as characte2_6_0_ from characters character0_ where character0_.character_id=?
Hibernate: select count(*) as col_0_0_ from user user0_ where user0_.user_id=?
Hibernate: select character1_.character_id as characte1_6_, character1_.character_character_name as characte2_6_ from user user0_ inner join characters character1_ on user0_.character_id=character1_.character_id where user0_.user_id=?
Hibernate: select permission0_.character_id as characte6_12_0_, permission0_.permission_id as permissi1_12_0_, permission0_.permission_id as permissi1_12_1_, permission0_.character_id as characte6_12_1_, permission0_.permission_name as permissi2_12_1_, permission0_.permission_permission_unit_id as permissi3_12_1_, permission0_.permission_service as permissi4_12_1_, permission0_.permission_status as permissi5_12_1_ from permission permission0_ where permission0_.character_id=?
Hibernate: select userjoinin0_.user_joining_pool_id as col_0_0_ from user_joining_pool userjoinin0_ where userjoinin0_.user_user_id=? limit ?
Hibernate: select userjoinin0_.user_joining_pool_id as user_joi1_22_, userjoinin0_.user_created_at as user_cre2_22_, userjoinin0_.user_name as user_nam3_22_, userjoinin0_.user_phone_number as user_pho4_22_, userjoinin0_.user_user_id as user_use5_22_, userjoinin0_.user_user_password as user_use6_22_ from user_joining_pool userjoinin0_ where userjoinin0_.user_user_id=?
Hibernate: select character0_.character_id as characte1_6_, character0_.character_character_name as characte2_6_ from characters character0_ where character0_.character_character_name=?
Hibernate: insert into user (user_id, character_id, user_created_at, user_name, user_phone_number, user_user_id, user_user_password) values (default, ?, ?, ?, ?, ?, ?)
Hibernate: DELETE FROM USER_JOINING_POOL as JU where JU.USER_USER_ID =?
Hibernate: select user0_.user_id as col_0_0_ from user user0_ where user0_.user_user_id=? limit ?
Hibernate: select user0_.user_id as col_0_0_ from user user0_ where user0_.user_user_id=? limit ?
Hibernate: select U.* from USER U where U.USER_USER_ID =?
Hibernate: select character0_.character_id as characte1_6_0_, character0_.character_character_name as characte2_6_0_ from characters character0_ where character0_.character_id=?
Hibernate: select user0_.user_id as col_0_0_ from user user0_ where user0_.user_user_id=? limit ?
Hibernate: select userjoinin0_.user_joining_pool_id as col_0_0_ from user_joining_pool userjoinin0_ where userjoinin0_.user_user_id=? limit ?
Hibernate: select character0_.character_id as col_0_0_ from characters character0_ where character0_.character_character_name=? limit ?
Hibernate: insert into user_joining_pool (user_joining_pool_id, user_created_at, user_name, user_phone_number, user_user_id, user_user_password) values (default, ?, ?, ?, ?, ?)
Hibernate: select user0_.user_id as user_id1_21_0_, user0_.character_id as characte7_21_0_, user0_.user_created_at as user_cre2_21_0_, user0_.user_name as user_nam3_21_0_, user0_.user_phone_number as user_pho4_21_0_, user0_.user_user_id as user_use5_21_0_, user0_.user_user_password as user_use6_21_0_ from user user0_ where user0_.user_id=?
Hibernate: select character0_.character_id as characte1_6_0_, character0_.character_character_name as characte2_6_0_ from characters character0_ where character0_.character_id=?
Hibernate: select count(*) as col_0_0_ from user user0_ where user0_.user_id=?
Hibernate: select character1_.character_id as characte1_6_, character1_.character_character_name as characte2_6_ from user user0_ inner join characters character1_ on user0_.character_id=character1_.character_id where user0_.user_id=?
Hibernate: select permission0_.character_id as characte6_12_0_, permission0_.permission_id as permissi1_12_0_, permission0_.permission_id as permissi1_12_1_, permission0_.character_id as characte6_12_1_, permission0_.permission_name as permissi2_12_1_, permission0_.permission_permission_unit_id as permissi3_12_1_, permission0_.permission_service as permissi4_12_1_, permission0_.permission_status as permissi5_12_1_ from permission permission0_ where permission0_.character_id=?
Hibernate: select userjoinin0_.user_joining_pool_id as col_0_0_ from user_joining_pool userjoinin0_ where userjoinin0_.user_user_id=? limit ?
Hibernate: select userjoinin0_.user_joining_pool_id as user_joi1_22_, userjoinin0_.user_created_at as user_cre2_22_, userjoinin0_.user_name as user_nam3_22_, userjoinin0_.user_phone_number as user_pho4_22_, userjoinin0_.user_user_id as user_use5_22_, userjoinin0_.user_user_password as user_use6_22_ from user_joining_pool userjoinin0_ where userjoinin0_.user_user_id=?
Hibernate: select character0_.character_id as characte1_6_, character0_.character_character_name as characte2_6_ from characters character0_ where character0_.character_character_name=?
Hibernate: insert into user (user_id, character_id, user_created_at, user_name, user_phone_number, user_user_id, user_user_password) values (default, ?, ?, ?, ?, ?, ?)
Hibernate: DELETE FROM USER_JOINING_POOL as JU where JU.USER_USER_ID =?
Hibernate: select user0_.user_id as user_id1_21_0_, user0_.character_id as characte7_21_0_, user0_.user_created_at as user_cre2_21_0_, user0_.user_name as user_nam3_21_0_, user0_.user_phone_number as user_pho4_21_0_, user0_.user_user_id as user_use5_21_0_, user0_.user_user_password as user_use6_21_0_ from user user0_ where user0_.user_id=?
Hibernate: select character0_.character_id as characte1_6_0_, character0_.character_character_name as characte2_6_0_ from characters character0_ where character0_.character_id=?
Hibernate: select count(*) as col_0_0_ from user user0_ where user0_.user_id=?
Hibernate: select character1_.character_id as characte1_6_, character1_.character_character_name as characte2_6_ from user user0_ inner join characters character1_ on user0_.character_id=character1_.character_id where user0_.user_id=?
Hibernate: select permission0_.character_id as characte6_12_0_, permission0_.permission_id as permissi1_12_0_, permission0_.permission_id as permissi1_12_1_, permission0_.character_id as characte6_12_1_, permission0_.permission_name as permissi2_12_1_, permission0_.permission_permission_unit_id as permissi3_12_1_, permission0_.permission_service as permissi4_12_1_, permission0_.permission_status as permissi5_12_1_ from permission permission0_ where permission0_.character_id=?

MockHttpServletRequest:
      HTTP Method = POST
      Request URI = /teambuilding
       Parameters = {}
          Headers = [Content-Type:"application/json;charset=UTF-8", Accept:"application/json", api-version:"1.0", Authorization:"Bearer eyJhbGciOiJIUzI1NiJ9.eyJzdWIiOiI3NiIsImlhdCI6MTY4Nzg3NzQ2OCwiZXhwIjoxNjg3ODgxMDY4fQ.PF5Pn15yuJeZZUmsKtVeiY_rEJY09bSe14EweHIwcy8", Content-Length:"250"]
             Body = {"teambuilding_title":"2nd Algorithm Contest Team","team_count":2,"users":[{"user_id":"alcuk_id","weight":3},{"user_id":"alcuk_id2","weight":2},{"user_id":"alcuk_id3","weight":1},{"user_id":"alcuk_id4","weight":4},{"user_id":"alcuk_id5","weight":2}]}
    Session Attrs = {}

Handler:
             Type = org.waldreg.controller.teambuilding.TeamBuildingController
           Method = org.waldreg.controller.teambuilding.TeamBuildingController#createTeamBuilding(TeamBuildingRequest)

Async:
    Async started = false
     Async result = null

Resolved Exception:
             Type = org.waldreg.character.exception.NoPermissionException

ModelAndView:
        View name = null
             View = null
            Model = null

FlashMap:
       Attributes = null

MockHttpServletResponse:
           Status = 403
    Error message = null
          Headers = [Vary:"Origin", "Access-Control-Request-Method", "Access-Control-Request-Headers", Api-version:"1.0", Content-Type:"application/json"]
     Content type = application/json
             Body = {"code":"CHARACTER-403","messages":"No permission","document_url":"docs.waldreg.org"}
    Forwarded URL = null
   Redirected URL = null
          Cookies = []
Hibernate: select user0_.user_id as col_0_0_ from user user0_ where user0_.user_user_id=? limit ?
Hibernate: select user0_.user_id as col_0_0_ from user user0_ where user0_.user_user_id=? limit ?
Hibernate: select U.* from USER U where U.USER_USER_ID =?
Hibernate: select character0_.character_id as characte1_6_0_, character0_.character_character_name as characte2_6_0_ from characters character0_ where character0_.character_id=?
Hibernate: select user0_.user_id as user_id1_21_0_, user0_.character_id as characte7_21_0_, user0_.user_created_at as user_cre2_21_0_, user0_.user_name as user_nam3_21_0_, user0_.user_phone_number as user_pho4_21_0_, user0_.user_user_id as user_use5_21_0_, user0_.user_user_password as user_use6_21_0_ from user user0_ where user0_.user_id=?
Hibernate: select character0_.character_id as characte1_6_0_, character0_.character_character_name as characte2_6_0_ from characters character0_ where character0_.character_id=?
Hibernate: select count(*) as col_0_0_ from team_building teambuildi0_
Hibernate: select count(*) as col_0_0_ from team_building teambuildi0_
Hibernate: select user0_.user_id as col_0_0_ from user user0_ where user0_.user_user_id=? limit ?
Hibernate: select user0_.user_id as col_0_0_ from user user0_ where user0_.user_user_id=? limit ?
Hibernate: select U.* from USER U where U.USER_USER_ID =?
Hibernate: select character0_.character_id as characte1_6_0_, character0_.character_character_name as characte2_6_0_ from characters character0_ where character0_.character_id=?
Hibernate: select user0_.user_id as col_0_0_ from user user0_ where user0_.user_user_id=? limit ?
Hibernate: select user0_.user_id as user_id1_21_, user0_.character_id as characte7_21_, user0_.user_created_at as user_cre2_21_, user0_.user_name as user_nam3_21_, user0_.user_phone_number as user_pho4_21_, user0_.user_user_id as user_use5_21_, user0_.user_user_password as user_use6_21_ from user user0_ inner join characters character1_ on user0_.character_id=character1_.character_id where user0_.user_user_id=?
Hibernate: select character0_.character_id as characte1_6_0_, character0_.character_character_name as characte2_6_0_ from characters character0_ where character0_.character_id=?
Hibernate: select rewardtagw0_.user_id as user_id4_16_0_, rewardtagw0_.reward_tag_wrapper_reward_id as reward_t1_16_0_, rewardtagw0_.reward_tag_wrapper_reward_id as reward_t1_16_1_, rewardtagw0_.reward_tag_wrapper_reward_presented_at as reward_t2_16_1_, rewardtagw0_.reward_tag_reward_tag_id as reward_t3_16_1_, rewardtagw0_.user_id as user_id4_16_1_ from reward_tag_wrapper rewardtagw0_ where rewardtagw0_.user_id=?
Hibernate: select user0_.user_id as user_id1_21_0_, user0_.character_id as characte7_21_0_, user0_.user_created_at as user_cre2_21_0_, user0_.user_name as user_nam3_21_0_, user0_.user_phone_number as user_pho4_21_0_, user0_.user_user_id as user_use5_21_0_, user0_.user_user_password as user_use6_21_0_ from user user0_ where user0_.user_id=?
Hibernate: select character0_.character_id as characte1_6_0_, character0_.character_character_name as characte2_6_0_ from characters character0_ where character0_.character_id=?
Hibernate: select count(*) as col_0_0_ from user user0_ where user0_.user_id=?
Hibernate: select character1_.character_id as characte1_6_, character1_.character_character_name as characte2_6_ from user user0_ inner join characters character1_ on user0_.character_id=character1_.character_id where user0_.user_id=?
Hibernate: select permission0_.character_id as characte6_12_0_, permission0_.permission_id as permissi1_12_0_, permission0_.permission_id as permissi1_12_1_, permission0_.character_id as characte6_12_1_, permission0_.permission_name as permissi2_12_1_, permission0_.permission_permission_unit_id as permissi3_12_1_, permission0_.permission_service as permissi4_12_1_, permission0_.permission_status as permissi5_12_1_ from permission permission0_ where permission0_.character_id=?
Hibernate: select count(*) as col_0_0_ from user user0_ where user0_.user_id=?
Hibernate: select user0_.user_id as user_id1_21_, user0_.character_id as characte7_21_, user0_.user_created_at as user_cre2_21_, user0_.user_name as user_nam3_21_, user0_.user_phone_number as user_pho4_21_, user0_.user_user_id as user_use5_21_, user0_.user_user_password as user_use6_21_ from user user0_ where user0_.user_id=?
Hibernate: select character0_.character_id as characte1_6_0_, character0_.character_character_name as characte2_6_0_ from characters character0_ where character0_.character_id=?
Hibernate: select rewardtagw0_.user_id as user_id4_16_0_, rewardtagw0_.reward_tag_wrapper_reward_id as reward_t1_16_0_, rewardtagw0_.reward_tag_wrapper_reward_id as reward_t1_16_1_, rewardtagw0_.reward_tag_wrapper_reward_presented_at as reward_t2_16_1_, rewardtagw0_.reward_tag_reward_tag_id as reward_t3_16_1_, rewardtagw0_.user_id as user_id4_16_1_ from reward_tag_wrapper rewardtagw0_ where rewardtagw0_.user_id=?
Hibernate: select attendance0_.attendance_user_attendance_user_id as col_0_0_ from attendance_user attendance0_ where attendance0_.user_id=? limit ?
Hibernate: DELETE FROM USER WHERE USER_ID = ?
Hibernate: select user0_.user_id as col_0_0_ from user user0_ where user0_.user_user_id=? limit ?
Hibernate: select user0_.user_id as col_0_0_ from user user0_ where user0_.user_user_id=? limit ?
Hibernate: select user0_.user_id as user_id1_21_, user0_.character_id as characte7_21_, user0_.user_created_at as user_cre2_21_, user0_.user_name as user_nam3_21_, user0_.user_phone_number as user_pho4_21_, user0_.user_user_id as user_use5_21_, user0_.user_user_password as user_use6_21_ from user user0_ inner join characters character1_ on user0_.character_id=character1_.character_id where user0_.user_user_id=?
Hibernate: select character0_.character_id as characte1_6_0_, character0_.character_character_name as characte2_6_0_ from characters character0_ where character0_.character_id=?
Hibernate: select rewardtagw0_.user_id as user_id4_16_0_, rewardtagw0_.reward_tag_wrapper_reward_id as reward_t1_16_0_, rewardtagw0_.reward_tag_wrapper_reward_id as reward_t1_16_1_, rewardtagw0_.reward_tag_wrapper_reward_presented_at as reward_t2_16_1_, rewardtagw0_.reward_tag_reward_tag_id as reward_t3_16_1_, rewardtagw0_.user_id as user_id4_16_1_ from reward_tag_wrapper rewardtagw0_ where rewardtagw0_.user_id=?
Hibernate: select user0_.user_id as user_id1_21_0_, user0_.character_id as characte7_21_0_, user0_.user_created_at as user_cre2_21_0_, user0_.user_name as user_nam3_21_0_, user0_.user_phone_number as user_pho4_21_0_, user0_.user_user_id as user_use5_21_0_, user0_.user_user_password as user_use6_21_0_ from user user0_ where user0_.user_id=?
Hibernate: select character0_.character_id as characte1_6_0_, character0_.character_character_name as characte2_6_0_ from characters character0_ where character0_.character_id=?
Hibernate: select count(*) as col_0_0_ from user user0_ where user0_.user_id=?
Hibernate: select character1_.character_id as characte1_6_, character1_.character_character_name as characte2_6_ from user user0_ inner join characters character1_ on user0_.character_id=character1_.character_id where user0_.user_id=?
Hibernate: select permission0_.character_id as characte6_12_0_, permission0_.permission_id as permissi1_12_0_, permission0_.permission_id as permissi1_12_1_, permission0_.character_id as characte6_12_1_, permission0_.permission_name as permissi2_12_1_, permission0_.permission_permission_unit_id as permissi3_12_1_, permission0_.permission_service as permissi4_12_1_, permission0_.permission_status as permissi5_12_1_ from permission permission0_ where permission0_.character_id=?
Hibernate: select count(*) as col_0_0_ from user user0_ where user0_.user_id=?
Hibernate: select user0_.user_id as user_id1_21_, user0_.character_id as characte7_21_, user0_.user_created_at as user_cre2_21_, user0_.user_name as user_nam3_21_, user0_.user_phone_number as user_pho4_21_, user0_.user_user_id as user_use5_21_, user0_.user_user_password as user_use6_21_ from user user0_ where user0_.user_id=?
Hibernate: select character0_.character_id as characte1_6_0_, character0_.character_character_name as characte2_6_0_ from characters character0_ where character0_.character_id=?
Hibernate: select rewardtagw0_.user_id as user_id4_16_0_, rewardtagw0_.reward_tag_wrapper_reward_id as reward_t1_16_0_, rewardtagw0_.reward_tag_wrapper_reward_id as reward_t1_16_1_, rewardtagw0_.reward_tag_wrapper_reward_presented_at as reward_t2_16_1_, rewardtagw0_.reward_tag_reward_tag_id as reward_t3_16_1_, rewardtagw0_.user_id as user_id4_16_1_ from reward_tag_wrapper rewardtagw0_ where rewardtagw0_.user_id=?
Hibernate: select attendance0_.attendance_user_attendance_user_id as col_0_0_ from attendance_user attendance0_ where attendance0_.user_id=? limit ?
Hibernate: DELETE FROM USER WHERE USER_ID = ?
Hibernate: select user0_.user_id as col_0_0_ from user user0_ where user0_.user_user_id=? limit ?
Hibernate: select user0_.user_id as col_0_0_ from user user0_ where user0_.user_user_id=? limit ?
Hibernate: select user0_.user_id as user_id1_21_, user0_.character_id as characte7_21_, user0_.user_created_at as user_cre2_21_, user0_.user_name as user_nam3_21_, user0_.user_phone_number as user_pho4_21_, user0_.user_user_id as user_use5_21_, user0_.user_user_password as user_use6_21_ from user user0_ inner join characters character1_ on user0_.character_id=character1_.character_id where user0_.user_user_id=?
Hibernate: select character0_.character_id as characte1_6_0_, character0_.character_character_name as characte2_6_0_ from characters character0_ where character0_.character_id=?
Hibernate: select rewardtagw0_.user_id as user_id4_16_0_, rewardtagw0_.reward_tag_wrapper_reward_id as reward_t1_16_0_, rewardtagw0_.reward_tag_wrapper_reward_id as reward_t1_16_1_, rewardtagw0_.reward_tag_wrapper_reward_presented_at as reward_t2_16_1_, rewardtagw0_.reward_tag_reward_tag_id as reward_t3_16_1_, rewardtagw0_.user_id as user_id4_16_1_ from reward_tag_wrapper rewardtagw0_ where rewardtagw0_.user_id=?
Hibernate: select user0_.user_id as user_id1_21_0_, user0_.character_id as characte7_21_0_, user0_.user_created_at as user_cre2_21_0_, user0_.user_name as user_nam3_21_0_, user0_.user_phone_number as user_pho4_21_0_, user0_.user_user_id as user_use5_21_0_, user0_.user_user_password as user_use6_21_0_ from user user0_ where user0_.user_id=?
Hibernate: select character0_.character_id as characte1_6_0_, character0_.character_character_name as characte2_6_0_ from characters character0_ where character0_.character_id=?
Hibernate: select count(*) as col_0_0_ from user user0_ where user0_.user_id=?
Hibernate: select character1_.character_id as characte1_6_, character1_.character_character_name as characte2_6_ from user user0_ inner join characters character1_ on user0_.character_id=character1_.character_id where user0_.user_id=?
Hibernate: select permission0_.character_id as characte6_12_0_, permission0_.permission_id as permissi1_12_0_, permission0_.permission_id as permissi1_12_1_, permission0_.character_id as characte6_12_1_, permission0_.permission_name as permissi2_12_1_, permission0_.permission_permission_unit_id as permissi3_12_1_, permission0_.permission_service as permissi4_12_1_, permission0_.permission_status as permissi5_12_1_ from permission permission0_ where permission0_.character_id=?
Hibernate: select count(*) as col_0_0_ from user user0_ where user0_.user_id=?
Hibernate: select user0_.user_id as user_id1_21_, user0_.character_id as characte7_21_, user0_.user_created_at as user_cre2_21_, user0_.user_name as user_nam3_21_, user0_.user_phone_number as user_pho4_21_, user0_.user_user_id as user_use5_21_, user0_.user_user_password as user_use6_21_ from user user0_ where user0_.user_id=?
Hibernate: select character0_.character_id as characte1_6_0_, character0_.character_character_name as characte2_6_0_ from characters character0_ where character0_.character_id=?
Hibernate: select rewardtagw0_.user_id as user_id4_16_0_, rewardtagw0_.reward_tag_wrapper_reward_id as reward_t1_16_0_, rewardtagw0_.reward_tag_wrapper_reward_id as reward_t1_16_1_, rewardtagw0_.reward_tag_wrapper_reward_presented_at as reward_t2_16_1_, rewardtagw0_.reward_tag_reward_tag_id as reward_t3_16_1_, rewardtagw0_.user_id as user_id4_16_1_ from reward_tag_wrapper rewardtagw0_ where rewardtagw0_.user_id=?
Hibernate: select attendance0_.attendance_user_attendance_user_id as col_0_0_ from attendance_user attendance0_ where attendance0_.user_id=? limit ?
Hibernate: DELETE FROM USER WHERE USER_ID = ?
Hibernate: select user0_.user_id as col_0_0_ from user user0_ where user0_.user_user_id=? limit ?
Hibernate: select user0_.user_id as col_0_0_ from user user0_ where user0_.user_user_id=? limit ?
Hibernate: select user0_.user_id as user_id1_21_, user0_.character_id as characte7_21_, user0_.user_created_at as user_cre2_21_, user0_.user_name as user_nam3_21_, user0_.user_phone_number as user_pho4_21_, user0_.user_user_id as user_use5_21_, user0_.user_user_password as user_use6_21_ from user user0_ inner join characters character1_ on user0_.character_id=character1_.character_id where user0_.user_user_id=?
Hibernate: select character0_.character_id as characte1_6_0_, character0_.character_character_name as characte2_6_0_ from characters character0_ where character0_.character_id=?
Hibernate: select rewardtagw0_.user_id as user_id4_16_0_, rewardtagw0_.reward_tag_wrapper_reward_id as reward_t1_16_0_, rewardtagw0_.reward_tag_wrapper_reward_id as reward_t1_16_1_, rewardtagw0_.reward_tag_wrapper_reward_presented_at as reward_t2_16_1_, rewardtagw0_.reward_tag_reward_tag_id as reward_t3_16_1_, rewardtagw0_.user_id as user_id4_16_1_ from reward_tag_wrapper rewardtagw0_ where rewardtagw0_.user_id=?
Hibernate: select user0_.user_id as user_id1_21_0_, user0_.character_id as characte7_21_0_, user0_.user_created_at as user_cre2_21_0_, user0_.user_name as user_nam3_21_0_, user0_.user_phone_number as user_pho4_21_0_, user0_.user_user_id as user_use5_21_0_, user0_.user_user_password as user_use6_21_0_ from user user0_ where user0_.user_id=?
Hibernate: select character0_.character_id as characte1_6_0_, character0_.character_character_name as characte2_6_0_ from characters character0_ where character0_.character_id=?
Hibernate: select count(*) as col_0_0_ from user user0_ where user0_.user_id=?
Hibernate: select character1_.character_id as characte1_6_, character1_.character_character_name as characte2_6_ from user user0_ inner join characters character1_ on user0_.character_id=character1_.character_id where user0_.user_id=?
Hibernate: select permission0_.character_id as characte6_12_0_, permission0_.permission_id as permissi1_12_0_, permission0_.permission_id as permissi1_12_1_, permission0_.character_id as characte6_12_1_, permission0_.permission_name as permissi2_12_1_, permission0_.permission_permission_unit_id as permissi3_12_1_, permission0_.permission_service as permissi4_12_1_, permission0_.permission_status as permissi5_12_1_ from permission permission0_ where permission0_.character_id=?
Hibernate: select count(*) as col_0_0_ from user user0_ where user0_.user_id=?
Hibernate: select user0_.user_id as user_id1_21_, user0_.character_id as characte7_21_, user0_.user_created_at as user_cre2_21_, user0_.user_name as user_nam3_21_, user0_.user_phone_number as user_pho4_21_, user0_.user_user_id as user_use5_21_, user0_.user_user_password as user_use6_21_ from user user0_ where user0_.user_id=?
Hibernate: select character0_.character_id as characte1_6_0_, character0_.character_character_name as characte2_6_0_ from characters character0_ where character0_.character_id=?
Hibernate: select rewardtagw0_.user_id as user_id4_16_0_, rewardtagw0_.reward_tag_wrapper_reward_id as reward_t1_16_0_, rewardtagw0_.reward_tag_wrapper_reward_id as reward_t1_16_1_, rewardtagw0_.reward_tag_wrapper_reward_presented_at as reward_t2_16_1_, rewardtagw0_.reward_tag_reward_tag_id as reward_t3_16_1_, rewardtagw0_.user_id as user_id4_16_1_ from reward_tag_wrapper rewardtagw0_ where rewardtagw0_.user_id=?
Hibernate: select attendance0_.attendance_user_attendance_user_id as col_0_0_ from attendance_user attendance0_ where attendance0_.user_id=? limit ?
Hibernate: DELETE FROM USER WHERE USER_ID = ?
Hibernate: select user0_.user_id as col_0_0_ from user user0_ where user0_.user_user_id=? limit ?
Hibernate: select user0_.user_id as col_0_0_ from user user0_ where user0_.user_user_id=? limit ?
Hibernate: select user0_.user_id as user_id1_21_, user0_.character_id as characte7_21_, user0_.user_created_at as user_cre2_21_, user0_.user_name as user_nam3_21_, user0_.user_phone_number as user_pho4_21_, user0_.user_user_id as user_use5_21_, user0_.user_user_password as user_use6_21_ from user user0_ inner join characters character1_ on user0_.character_id=character1_.character_id where user0_.user_user_id=?
Hibernate: select character0_.character_id as characte1_6_0_, character0_.character_character_name as characte2_6_0_ from characters character0_ where character0_.character_id=?
Hibernate: select rewardtagw0_.user_id as user_id4_16_0_, rewardtagw0_.reward_tag_wrapper_reward_id as reward_t1_16_0_, rewardtagw0_.reward_tag_wrapper_reward_id as reward_t1_16_1_, rewardtagw0_.reward_tag_wrapper_reward_presented_at as reward_t2_16_1_, rewardtagw0_.reward_tag_reward_tag_id as reward_t3_16_1_, rewardtagw0_.user_id as user_id4_16_1_ from reward_tag_wrapper rewardtagw0_ where rewardtagw0_.user_id=?
Hibernate: select user0_.user_id as user_id1_21_0_, user0_.character_id as characte7_21_0_, user0_.user_created_at as user_cre2_21_0_, user0_.user_name as user_nam3_21_0_, user0_.user_phone_number as user_pho4_21_0_, user0_.user_user_id as user_use5_21_0_, user0_.user_user_password as user_use6_21_0_ from user user0_ where user0_.user_id=?
Hibernate: select character0_.character_id as characte1_6_0_, character0_.character_character_name as characte2_6_0_ from characters character0_ where character0_.character_id=?
Hibernate: select count(*) as col_0_0_ from user user0_ where user0_.user_id=?
Hibernate: select character1_.character_id as characte1_6_, character1_.character_character_name as characte2_6_ from user user0_ inner join characters character1_ on user0_.character_id=character1_.character_id where user0_.user_id=?
Hibernate: select permission0_.character_id as characte6_12_0_, permission0_.permission_id as permissi1_12_0_, permission0_.permission_id as permissi1_12_1_, permission0_.character_id as characte6_12_1_, permission0_.permission_name as permissi2_12_1_, permission0_.permission_permission_unit_id as permissi3_12_1_, permission0_.permission_service as permissi4_12_1_, permission0_.permission_status as permissi5_12_1_ from permission permission0_ where permission0_.character_id=?
Hibernate: select count(*) as col_0_0_ from user user0_ where user0_.user_id=?
Hibernate: select user0_.user_id as user_id1_21_, user0_.character_id as characte7_21_, user0_.user_created_at as user_cre2_21_, user0_.user_name as user_nam3_21_, user0_.user_phone_number as user_pho4_21_, user0_.user_user_id as user_use5_21_, user0_.user_user_password as user_use6_21_ from user user0_ where user0_.user_id=?
Hibernate: select character0_.character_id as characte1_6_0_, character0_.character_character_name as characte2_6_0_ from characters character0_ where character0_.character_id=?
Hibernate: select rewardtagw0_.user_id as user_id4_16_0_, rewardtagw0_.reward_tag_wrapper_reward_id as reward_t1_16_0_, rewardtagw0_.reward_tag_wrapper_reward_id as reward_t1_16_1_, rewardtagw0_.reward_tag_wrapper_reward_presented_at as reward_t2_16_1_, rewardtagw0_.reward_tag_reward_tag_id as reward_t3_16_1_, rewardtagw0_.user_id as user_id4_16_1_ from reward_tag_wrapper rewardtagw0_ where rewardtagw0_.user_id=?
Hibernate: select attendance0_.attendance_user_attendance_user_id as col_0_0_ from attendance_user attendance0_ where attendance0_.user_id=? limit ?
Hibernate: DELETE FROM USER WHERE USER_ID = ?
Hibernate: select user0_.user_id as col_0_0_ from user user0_ where user0_.user_user_id=? limit ?
Hibernate: select user0_.user_id as col_0_0_ from user user0_ where user0_.user_user_id=? limit ?
Hibernate: select user0_.user_id as user_id1_21_, user0_.character_id as characte7_21_, user0_.user_created_at as user_cre2_21_, user0_.user_name as user_nam3_21_, user0_.user_phone_number as user_pho4_21_, user0_.user_user_id as user_use5_21_, user0_.user_user_password as user_use6_21_ from user user0_ inner join characters character1_ on user0_.character_id=character1_.character_id where user0_.user_user_id=?
Hibernate: select character0_.character_id as characte1_6_0_, character0_.character_character_name as characte2_6_0_ from characters character0_ where character0_.character_id=?
Hibernate: select rewardtagw0_.user_id as user_id4_16_0_, rewardtagw0_.reward_tag_wrapper_reward_id as reward_t1_16_0_, rewardtagw0_.reward_tag_wrapper_reward_id as reward_t1_16_1_, rewardtagw0_.reward_tag_wrapper_reward_presented_at as reward_t2_16_1_, rewardtagw0_.reward_tag_reward_tag_id as reward_t3_16_1_, rewardtagw0_.user_id as user_id4_16_1_ from reward_tag_wrapper rewardtagw0_ where rewardtagw0_.user_id=?
Hibernate: select user0_.user_id as user_id1_21_0_, user0_.character_id as characte7_21_0_, user0_.user_created_at as user_cre2_21_0_, user0_.user_name as user_nam3_21_0_, user0_.user_phone_number as user_pho4_21_0_, user0_.user_user_id as user_use5_21_0_, user0_.user_user_password as user_use6_21_0_ from user user0_ where user0_.user_id=?
Hibernate: select character0_.character_id as characte1_6_0_, character0_.character_character_name as characte2_6_0_ from characters character0_ where character0_.character_id=?
Hibernate: select count(*) as col_0_0_ from user user0_ where user0_.user_id=?
Hibernate: select character1_.character_id as characte1_6_, character1_.character_character_name as characte2_6_ from user user0_ inner join characters character1_ on user0_.character_id=character1_.character_id where user0_.user_id=?
Hibernate: select permission0_.character_id as characte6_12_0_, permission0_.permission_id as permissi1_12_0_, permission0_.permission_id as permissi1_12_1_, permission0_.character_id as characte6_12_1_, permission0_.permission_name as permissi2_12_1_, permission0_.permission_permission_unit_id as permissi3_12_1_, permission0_.permission_service as permissi4_12_1_, permission0_.permission_status as permissi5_12_1_ from permission permission0_ where permission0_.character_id=?
Hibernate: select count(*) as col_0_0_ from user user0_ where user0_.user_id=?
Hibernate: select user0_.user_id as user_id1_21_, user0_.character_id as characte7_21_, user0_.user_created_at as user_cre2_21_, user0_.user_name as user_nam3_21_, user0_.user_phone_number as user_pho4_21_, user0_.user_user_id as user_use5_21_, user0_.user_user_password as user_use6_21_ from user user0_ where user0_.user_id=?
Hibernate: select character0_.character_id as characte1_6_0_, character0_.character_character_name as characte2_6_0_ from characters character0_ where character0_.character_id=?
Hibernate: select rewardtagw0_.user_id as user_id4_16_0_, rewardtagw0_.reward_tag_wrapper_reward_id as reward_t1_16_0_, rewardtagw0_.reward_tag_wrapper_reward_id as reward_t1_16_1_, rewardtagw0_.reward_tag_wrapper_reward_presented_at as reward_t2_16_1_, rewardtagw0_.reward_tag_reward_tag_id as reward_t3_16_1_, rewardtagw0_.user_id as user_id4_16_1_ from reward_tag_wrapper rewardtagw0_ where rewardtagw0_.user_id=?
Hibernate: select attendance0_.attendance_user_attendance_user_id as col_0_0_ from attendance_user attendance0_ where attendance0_.user_id=? limit ?
Hibernate: DELETE FROM USER WHERE USER_ID = ?
Hibernate: select user0_.user_id as col_0_0_ from user user0_ where user0_.user_user_id=? limit ?
Hibernate: select user0_.user_id as col_0_0_ from user user0_ where user0_.user_user_id=? limit ?
Hibernate: select user0_.user_id as col_0_0_ from user user0_ where user0_.user_user_id=? limit ?
Hibernate: select U.* from USER U where U.USER_USER_ID =?
Hibernate: select character0_.character_id as characte1_6_0_, character0_.character_character_name as characte2_6_0_ from characters character0_ where character0_.character_id=?
Hibernate: select user0_.user_id as user_id1_21_0_, user0_.character_id as characte7_21_0_, user0_.user_created_at as user_cre2_21_0_, user0_.user_name as user_nam3_21_0_, user0_.user_phone_number as user_pho4_21_0_, user0_.user_user_id as user_use5_21_0_, user0_.user_user_password as user_use6_21_0_ from user user0_ where user0_.user_id=?
Hibernate: select character0_.character_id as characte1_6_0_, character0_.character_character_name as characte2_6_0_ from characters character0_ where character0_.character_id=?
Hibernate: select count(*) as col_0_0_ from team_building teambuildi0_
Hibernate: select count(*) as col_0_0_ from team_building teambuildi0_
Hibernate: select user0_.user_id as col_0_0_ from user user0_ where user0_.user_user_id=? limit ?
Hibernate: select user0_.user_id as col_0_0_ from user user0_ where user0_.user_user_id=? limit ?
Hibernate: select U.* from USER U where U.USER_USER_ID =?
Hibernate: select character0_.character_id as characte1_6_0_, character0_.character_character_name as characte2_6_0_ from characters character0_ where character0_.character_id=?
Hibernate: select user0_.user_id as col_0_0_ from user user0_ where user0_.user_user_id=? limit ?
Hibernate: select user0_.user_id as col_0_0_ from user user0_ where user0_.user_user_id=? limit ?
Hibernate: select U.* from USER U where U.USER_USER_ID =?
Hibernate: select character0_.character_id as characte1_6_0_, character0_.character_character_name as characte2_6_0_ from characters character0_ where character0_.character_id=?
Hibernate: select user0_.user_id as col_0_0_ from user user0_ where user0_.user_user_id=? limit ?
Hibernate: select user0_.user_id as col_0_0_ from user user0_ where user0_.user_user_id=? limit ?
Hibernate: select U.* from USER U where U.USER_USER_ID =?
Hibernate: select character0_.character_id as characte1_6_0_, character0_.character_character_name as characte2_6_0_ from characters character0_ where character0_.character_id=?
Hibernate: select user0_.user_id as col_0_0_ from user user0_ where user0_.user_user_id=? limit ?
Hibernate: select userjoinin0_.user_joining_pool_id as col_0_0_ from user_joining_pool userjoinin0_ where userjoinin0_.user_user_id=? limit ?
Hibernate: select character0_.character_id as col_0_0_ from characters character0_ where character0_.character_character_name=? limit ?
Hibernate: insert into user_joining_pool (user_joining_pool_id, user_created_at, user_name, user_phone_number, user_user_id, user_user_password) values (default, ?, ?, ?, ?, ?)

MockHttpServletRequest:
      HTTP Method = POST
      Request URI = /user
       Parameters = {}
          Headers = [Content-Type:"application/json;charset=UTF-8", Accept:"application/json", api-version:"1.0", Content-Length:"93"]
             Body = {"name":"lin","user_id":"linirini","user_password":"2fhfhfhfh!","phone_number":"01012341234"}
    Session Attrs = {}

Handler:
             Type = org.waldreg.controller.joiningpool.JoiningPoolController
           Method = org.waldreg.controller.joiningpool.JoiningPoolController#createUser(UserRequest)

Async:
    Async started = false
     Async result = null

Resolved Exception:
             Type = null

ModelAndView:
        View name = null
             View = null
            Model = null

FlashMap:
       Attributes = null

MockHttpServletResponse:
           Status = 200
    Error message = null
          Headers = [Vary:"Origin", "Access-Control-Request-Method", "Access-Control-Request-Headers", Api-version:"1.0"]
     Content type = null
             Body = 
    Forwarded URL = null
   Redirected URL = null
          Cookies = []
Hibernate: select user0_.user_id as user_id1_21_0_, user0_.character_id as characte7_21_0_, user0_.user_created_at as user_cre2_21_0_, user0_.user_name as user_nam3_21_0_, user0_.user_phone_number as user_pho4_21_0_, user0_.user_user_id as user_use5_21_0_, user0_.user_user_password as user_use6_21_0_ from user user0_ where user0_.user_id=?
Hibernate: select character0_.character_id as characte1_6_0_, character0_.character_character_name as characte2_6_0_ from characters character0_ where character0_.character_id=?
Hibernate: select count(*) as col_0_0_ from user user0_ where user0_.user_id=?
Hibernate: select character1_.character_id as characte1_6_, character1_.character_character_name as characte2_6_ from user user0_ inner join characters character1_ on user0_.character_id=character1_.character_id where user0_.user_id=?
Hibernate: select permission0_.character_id as characte6_12_0_, permission0_.permission_id as permissi1_12_0_, permission0_.permission_id as permissi1_12_1_, permission0_.character_id as characte6_12_1_, permission0_.permission_name as permissi2_12_1_, permission0_.permission_permission_unit_id as permissi3_12_1_, permission0_.permission_service as permissi4_12_1_, permission0_.permission_status as permissi5_12_1_ from permission permission0_ where permission0_.character_id=?
Hibernate: select userjoinin0_.user_joining_pool_id as col_0_0_ from user_joining_pool userjoinin0_ where userjoinin0_.user_user_id=? limit ?
Hibernate: select userjoinin0_.user_joining_pool_id as user_joi1_22_, userjoinin0_.user_created_at as user_cre2_22_, userjoinin0_.user_name as user_nam3_22_, userjoinin0_.user_phone_number as user_pho4_22_, userjoinin0_.user_user_id as user_use5_22_, userjoinin0_.user_user_password as user_use6_22_ from user_joining_pool userjoinin0_ where userjoinin0_.user_user_id=?
Hibernate: select character0_.character_id as characte1_6_, character0_.character_character_name as characte2_6_ from characters character0_ where character0_.character_character_name=?
Hibernate: insert into user (user_id, character_id, user_created_at, user_name, user_phone_number, user_user_id, user_user_password) values (default, ?, ?, ?, ?, ?, ?)
Hibernate: DELETE FROM USER_JOINING_POOL as JU where JU.USER_USER_ID =?
Hibernate: select user0_.user_id as col_0_0_ from user user0_ where user0_.user_user_id=? limit ?
Hibernate: select user0_.user_id as col_0_0_ from user user0_ where user0_.user_user_id=? limit ?
Hibernate: select U.* from USER U where U.USER_USER_ID =?
Hibernate: select character0_.character_id as characte1_6_0_, character0_.character_character_name as characte2_6_0_ from characters character0_ where character0_.character_id=?
Hibernate: select user0_.user_id as col_0_0_ from user user0_ where user0_.user_user_id=? limit ?
Hibernate: select user0_.user_id as col_0_0_ from user user0_ where user0_.user_user_id=? limit ?
Hibernate: select U.* from USER U where U.USER_USER_ID =?
Hibernate: select character0_.character_id as characte1_6_0_, character0_.character_character_name as characte2_6_0_ from characters character0_ where character0_.character_id=?
Hibernate: select user0_.user_id as col_0_0_ from user user0_ where user0_.user_user_id=? limit ?
Hibernate: select userjoinin0_.user_joining_pool_id as col_0_0_ from user_joining_pool userjoinin0_ where userjoinin0_.user_user_id=? limit ?
Hibernate: select character0_.character_id as col_0_0_ from characters character0_ where character0_.character_character_name=? limit ?
Hibernate: insert into user_joining_pool (user_joining_pool_id, user_created_at, user_name, user_phone_number, user_user_id, user_user_password) values (default, ?, ?, ?, ?, ?)
Hibernate: select user0_.user_id as user_id1_21_0_, user0_.character_id as characte7_21_0_, user0_.user_created_at as user_cre2_21_0_, user0_.user_name as user_nam3_21_0_, user0_.user_phone_number as user_pho4_21_0_, user0_.user_user_id as user_use5_21_0_, user0_.user_user_password as user_use6_21_0_ from user user0_ where user0_.user_id=?
Hibernate: select character0_.character_id as characte1_6_0_, character0_.character_character_name as characte2_6_0_ from characters character0_ where character0_.character_id=?
Hibernate: select count(*) as col_0_0_ from user user0_ where user0_.user_id=?
Hibernate: select character1_.character_id as characte1_6_, character1_.character_character_name as characte2_6_ from user user0_ inner join characters character1_ on user0_.character_id=character1_.character_id where user0_.user_id=?
Hibernate: select permission0_.character_id as characte6_12_0_, permission0_.permission_id as permissi1_12_0_, permission0_.permission_id as permissi1_12_1_, permission0_.character_id as characte6_12_1_, permission0_.permission_name as permissi2_12_1_, permission0_.permission_permission_unit_id as permissi3_12_1_, permission0_.permission_service as permissi4_12_1_, permission0_.permission_status as permissi5_12_1_ from permission permission0_ where permission0_.character_id=?
Hibernate: select userjoinin0_.user_joining_pool_id as col_0_0_ from user_joining_pool userjoinin0_ where userjoinin0_.user_user_id=? limit ?
Hibernate: select userjoinin0_.user_joining_pool_id as user_joi1_22_, userjoinin0_.user_created_at as user_cre2_22_, userjoinin0_.user_name as user_nam3_22_, userjoinin0_.user_phone_number as user_pho4_22_, userjoinin0_.user_user_id as user_use5_22_, userjoinin0_.user_user_password as user_use6_22_ from user_joining_pool userjoinin0_ where userjoinin0_.user_user_id=?
Hibernate: select character0_.character_id as characte1_6_, character0_.character_character_name as characte2_6_ from characters character0_ where character0_.character_character_name=?
Hibernate: insert into user (user_id, character_id, user_created_at, user_name, user_phone_number, user_user_id, user_user_password) values (default, ?, ?, ?, ?, ?, ?)
Hibernate: DELETE FROM USER_JOINING_POOL as JU where JU.USER_USER_ID =?
Hibernate: select user0_.user_id as col_0_0_ from user user0_ where user0_.user_user_id=? limit ?
Hibernate: select user0_.user_id as col_0_0_ from user user0_ where user0_.user_user_id=? limit ?
Hibernate: select U.* from USER U where U.USER_USER_ID =?
Hibernate: select character0_.character_id as characte1_6_0_, character0_.character_character_name as characte2_6_0_ from characters character0_ where character0_.character_id=?
Hibernate: select user0_.user_id as col_0_0_ from user user0_ where user0_.user_user_id=? limit ?
Hibernate: select userjoinin0_.user_joining_pool_id as col_0_0_ from user_joining_pool userjoinin0_ where userjoinin0_.user_user_id=? limit ?
Hibernate: select character0_.character_id as col_0_0_ from characters character0_ where character0_.character_character_name=? limit ?
Hibernate: insert into user_joining_pool (user_joining_pool_id, user_created_at, user_name, user_phone_number, user_user_id, user_user_password) values (default, ?, ?, ?, ?, ?)
Hibernate: select user0_.user_id as user_id1_21_0_, user0_.character_id as characte7_21_0_, user0_.user_created_at as user_cre2_21_0_, user0_.user_name as user_nam3_21_0_, user0_.user_phone_number as user_pho4_21_0_, user0_.user_user_id as user_use5_21_0_, user0_.user_user_password as user_use6_21_0_ from user user0_ where user0_.user_id=?
Hibernate: select character0_.character_id as characte1_6_0_, character0_.character_character_name as characte2_6_0_ from characters character0_ where character0_.character_id=?
Hibernate: select count(*) as col_0_0_ from user user0_ where user0_.user_id=?
Hibernate: select character1_.character_id as characte1_6_, character1_.character_character_name as characte2_6_ from user user0_ inner join characters character1_ on user0_.character_id=character1_.character_id where user0_.user_id=?
Hibernate: select permission0_.character_id as characte6_12_0_, permission0_.permission_id as permissi1_12_0_, permission0_.permission_id as permissi1_12_1_, permission0_.character_id as characte6_12_1_, permission0_.permission_name as permissi2_12_1_, permission0_.permission_permission_unit_id as permissi3_12_1_, permission0_.permission_service as permissi4_12_1_, permission0_.permission_status as permissi5_12_1_ from permission permission0_ where permission0_.character_id=?
Hibernate: select userjoinin0_.user_joining_pool_id as col_0_0_ from user_joining_pool userjoinin0_ where userjoinin0_.user_user_id=? limit ?
Hibernate: select userjoinin0_.user_joining_pool_id as user_joi1_22_, userjoinin0_.user_created_at as user_cre2_22_, userjoinin0_.user_name as user_nam3_22_, userjoinin0_.user_phone_number as user_pho4_22_, userjoinin0_.user_user_id as user_use5_22_, userjoinin0_.user_user_password as user_use6_22_ from user_joining_pool userjoinin0_ where userjoinin0_.user_user_id=?
Hibernate: select character0_.character_id as characte1_6_, character0_.character_character_name as characte2_6_ from characters character0_ where character0_.character_character_name=?
Hibernate: insert into user (user_id, character_id, user_created_at, user_name, user_phone_number, user_user_id, user_user_password) values (default, ?, ?, ?, ?, ?, ?)
Hibernate: DELETE FROM USER_JOINING_POOL as JU where JU.USER_USER_ID =?
Hibernate: select user0_.user_id as col_0_0_ from user user0_ where user0_.user_user_id=? limit ?
Hibernate: select user0_.user_id as col_0_0_ from user user0_ where user0_.user_user_id=? limit ?
Hibernate: select U.* from USER U where U.USER_USER_ID =?
Hibernate: select character0_.character_id as characte1_6_0_, character0_.character_character_name as characte2_6_0_ from characters character0_ where character0_.character_id=?
Hibernate: select user0_.user_id as col_0_0_ from user user0_ where user0_.user_user_id=? limit ?
Hibernate: select userjoinin0_.user_joining_pool_id as col_0_0_ from user_joining_pool userjoinin0_ where userjoinin0_.user_user_id=? limit ?
Hibernate: select character0_.character_id as col_0_0_ from characters character0_ where character0_.character_character_name=? limit ?
Hibernate: insert into user_joining_pool (user_joining_pool_id, user_created_at, user_name, user_phone_number, user_user_id, user_user_password) values (default, ?, ?, ?, ?, ?)
Hibernate: select user0_.user_id as user_id1_21_0_, user0_.character_id as characte7_21_0_, user0_.user_created_at as user_cre2_21_0_, user0_.user_name as user_nam3_21_0_, user0_.user_phone_number as user_pho4_21_0_, user0_.user_user_id as user_use5_21_0_, user0_.user_user_password as user_use6_21_0_ from user user0_ where user0_.user_id=?
Hibernate: select character0_.character_id as characte1_6_0_, character0_.character_character_name as characte2_6_0_ from characters character0_ where character0_.character_id=?
Hibernate: select count(*) as col_0_0_ from user user0_ where user0_.user_id=?
Hibernate: select character1_.character_id as characte1_6_, character1_.character_character_name as characte2_6_ from user user0_ inner join characters character1_ on user0_.character_id=character1_.character_id where user0_.user_id=?
Hibernate: select permission0_.character_id as characte6_12_0_, permission0_.permission_id as permissi1_12_0_, permission0_.permission_id as permissi1_12_1_, permission0_.character_id as characte6_12_1_, permission0_.permission_name as permissi2_12_1_, permission0_.permission_permission_unit_id as permissi3_12_1_, permission0_.permission_service as permissi4_12_1_, permission0_.permission_status as permissi5_12_1_ from permission permission0_ where permission0_.character_id=?
Hibernate: select userjoinin0_.user_joining_pool_id as col_0_0_ from user_joining_pool userjoinin0_ where userjoinin0_.user_user_id=? limit ?
Hibernate: select userjoinin0_.user_joining_pool_id as user_joi1_22_, userjoinin0_.user_created_at as user_cre2_22_, userjoinin0_.user_name as user_nam3_22_, userjoinin0_.user_phone_number as user_pho4_22_, userjoinin0_.user_user_id as user_use5_22_, userjoinin0_.user_user_password as user_use6_22_ from user_joining_pool userjoinin0_ where userjoinin0_.user_user_id=?
Hibernate: select character0_.character_id as characte1_6_, character0_.character_character_name as characte2_6_ from characters character0_ where character0_.character_character_name=?
Hibernate: insert into user (user_id, character_id, user_created_at, user_name, user_phone_number, user_user_id, user_user_password) values (default, ?, ?, ?, ?, ?, ?)
Hibernate: DELETE FROM USER_JOINING_POOL as JU where JU.USER_USER_ID =?
Hibernate: select user0_.user_id as col_0_0_ from user user0_ where user0_.user_user_id=? limit ?
Hibernate: select user0_.user_id as col_0_0_ from user user0_ where user0_.user_user_id=? limit ?
Hibernate: select U.* from USER U where U.USER_USER_ID =?
Hibernate: select character0_.character_id as characte1_6_0_, character0_.character_character_name as characte2_6_0_ from characters character0_ where character0_.character_id=?
Hibernate: select user0_.user_id as col_0_0_ from user user0_ where user0_.user_user_id=? limit ?
Hibernate: select userjoinin0_.user_joining_pool_id as col_0_0_ from user_joining_pool userjoinin0_ where userjoinin0_.user_user_id=? limit ?
Hibernate: select character0_.character_id as col_0_0_ from characters character0_ where character0_.character_character_name=? limit ?
Hibernate: insert into user_joining_pool (user_joining_pool_id, user_created_at, user_name, user_phone_number, user_user_id, user_user_password) values (default, ?, ?, ?, ?, ?)
Hibernate: select user0_.user_id as user_id1_21_0_, user0_.character_id as characte7_21_0_, user0_.user_created_at as user_cre2_21_0_, user0_.user_name as user_nam3_21_0_, user0_.user_phone_number as user_pho4_21_0_, user0_.user_user_id as user_use5_21_0_, user0_.user_user_password as user_use6_21_0_ from user user0_ where user0_.user_id=?
Hibernate: select character0_.character_id as characte1_6_0_, character0_.character_character_name as characte2_6_0_ from characters character0_ where character0_.character_id=?
Hibernate: select count(*) as col_0_0_ from user user0_ where user0_.user_id=?
Hibernate: select character1_.character_id as characte1_6_, character1_.character_character_name as characte2_6_ from user user0_ inner join characters character1_ on user0_.character_id=character1_.character_id where user0_.user_id=?
Hibernate: select permission0_.character_id as characte6_12_0_, permission0_.permission_id as permissi1_12_0_, permission0_.permission_id as permissi1_12_1_, permission0_.character_id as characte6_12_1_, permission0_.permission_name as permissi2_12_1_, permission0_.permission_permission_unit_id as permissi3_12_1_, permission0_.permission_service as permissi4_12_1_, permission0_.permission_status as permissi5_12_1_ from permission permission0_ where permission0_.character_id=?
Hibernate: select userjoinin0_.user_joining_pool_id as col_0_0_ from user_joining_pool userjoinin0_ where userjoinin0_.user_user_id=? limit ?
Hibernate: select userjoinin0_.user_joining_pool_id as user_joi1_22_, userjoinin0_.user_created_at as user_cre2_22_, userjoinin0_.user_name as user_nam3_22_, userjoinin0_.user_phone_number as user_pho4_22_, userjoinin0_.user_user_id as user_use5_22_, userjoinin0_.user_user_password as user_use6_22_ from user_joining_pool userjoinin0_ where userjoinin0_.user_user_id=?
Hibernate: select character0_.character_id as characte1_6_, character0_.character_character_name as characte2_6_ from characters character0_ where character0_.character_character_name=?
Hibernate: insert into user (user_id, character_id, user_created_at, user_name, user_phone_number, user_user_id, user_user_password) values (default, ?, ?, ?, ?, ?, ?)
Hibernate: DELETE FROM USER_JOINING_POOL as JU where JU.USER_USER_ID =?
Hibernate: select user0_.user_id as col_0_0_ from user user0_ where user0_.user_user_id=? limit ?
Hibernate: select user0_.user_id as col_0_0_ from user user0_ where user0_.user_user_id=? limit ?
Hibernate: select U.* from USER U where U.USER_USER_ID =?
Hibernate: select character0_.character_id as characte1_6_0_, character0_.character_character_name as characte2_6_0_ from characters character0_ where character0_.character_id=?
Hibernate: select user0_.user_id as col_0_0_ from user user0_ where user0_.user_user_id=? limit ?
Hibernate: select userjoinin0_.user_joining_pool_id as col_0_0_ from user_joining_pool userjoinin0_ where userjoinin0_.user_user_id=? limit ?
Hibernate: select character0_.character_id as col_0_0_ from characters character0_ where character0_.character_character_name=? limit ?
Hibernate: insert into user_joining_pool (user_joining_pool_id, user_created_at, user_name, user_phone_number, user_user_id, user_user_password) values (default, ?, ?, ?, ?, ?)
Hibernate: select user0_.user_id as user_id1_21_0_, user0_.character_id as characte7_21_0_, user0_.user_created_at as user_cre2_21_0_, user0_.user_name as user_nam3_21_0_, user0_.user_phone_number as user_pho4_21_0_, user0_.user_user_id as user_use5_21_0_, user0_.user_user_password as user_use6_21_0_ from user user0_ where user0_.user_id=?
Hibernate: select character0_.character_id as characte1_6_0_, character0_.character_character_name as characte2_6_0_ from characters character0_ where character0_.character_id=?
Hibernate: select count(*) as col_0_0_ from user user0_ where user0_.user_id=?
Hibernate: select character1_.character_id as characte1_6_, character1_.character_character_name as characte2_6_ from user user0_ inner join characters character1_ on user0_.character_id=character1_.character_id where user0_.user_id=?
Hibernate: select permission0_.character_id as characte6_12_0_, permission0_.permission_id as permissi1_12_0_, permission0_.permission_id as permissi1_12_1_, permission0_.character_id as characte6_12_1_, permission0_.permission_name as permissi2_12_1_, permission0_.permission_permission_unit_id as permissi3_12_1_, permission0_.permission_service as permissi4_12_1_, permission0_.permission_status as permissi5_12_1_ from permission permission0_ where permission0_.character_id=?
Hibernate: select userjoinin0_.user_joining_pool_id as col_0_0_ from user_joining_pool userjoinin0_ where userjoinin0_.user_user_id=? limit ?
Hibernate: select userjoinin0_.user_joining_pool_id as user_joi1_22_, userjoinin0_.user_created_at as user_cre2_22_, userjoinin0_.user_name as user_nam3_22_, userjoinin0_.user_phone_number as user_pho4_22_, userjoinin0_.user_user_id as user_use5_22_, userjoinin0_.user_user_password as user_use6_22_ from user_joining_pool userjoinin0_ where userjoinin0_.user_user_id=?
Hibernate: select character0_.character_id as characte1_6_, character0_.character_character_name as characte2_6_ from characters character0_ where character0_.character_character_name=?
Hibernate: insert into user (user_id, character_id, user_created_at, user_name, user_phone_number, user_user_id, user_user_password) values (default, ?, ?, ?, ?, ?, ?)
Hibernate: DELETE FROM USER_JOINING_POOL as JU where JU.USER_USER_ID =?
Hibernate: select user0_.user_id as user_id1_21_0_, user0_.character_id as characte7_21_0_, user0_.user_created_at as user_cre2_21_0_, user0_.user_name as user_nam3_21_0_, user0_.user_phone_number as user_pho4_21_0_, user0_.user_user_id as user_use5_21_0_, user0_.user_user_password as user_use6_21_0_ from user user0_ where user0_.user_id=?
Hibernate: select character0_.character_id as characte1_6_0_, character0_.character_character_name as characte2_6_0_ from characters character0_ where character0_.character_id=?
Hibernate: select count(*) as col_0_0_ from user user0_ where user0_.user_id=?
Hibernate: select character1_.character_id as characte1_6_, character1_.character_character_name as characte2_6_ from user user0_ inner join characters character1_ on user0_.character_id=character1_.character_id where user0_.user_id=?
Hibernate: select permission0_.character_id as characte6_12_0_, permission0_.permission_id as permissi1_12_0_, permission0_.permission_id as permissi1_12_1_, permission0_.character_id as characte6_12_1_, permission0_.permission_name as permissi2_12_1_, permission0_.permission_permission_unit_id as permissi3_12_1_, permission0_.permission_service as permissi4_12_1_, permission0_.permission_status as permissi5_12_1_ from permission permission0_ where permission0_.character_id=?
Hibernate: select user0_.user_id as col_0_0_ from user user0_ where user0_.user_user_id=? limit ?
Hibernate: select user0_.user_id as col_0_0_ from user user0_ where user0_.user_user_id=? limit ?
Hibernate: select user0_.user_id as col_0_0_ from user user0_ where user0_.user_user_id=? limit ?
Hibernate: select user0_.user_id as col_0_0_ from user user0_ where user0_.user_user_id=? limit ?
Hibernate: select user0_.user_id as col_0_0_ from user user0_ where user0_.user_user_id=? limit ?
Hibernate: select user0_.user_id as user_id1_21_, user0_.character_id as characte7_21_, user0_.user_created_at as user_cre2_21_, user0_.user_name as user_nam3_21_, user0_.user_phone_number as user_pho4_21_, user0_.user_user_id as user_use5_21_, user0_.user_user_password as user_use6_21_ from user user0_ inner join characters character1_ on user0_.character_id=character1_.character_id where user0_.user_user_id=?
Hibernate: select character0_.character_id as characte1_6_0_, character0_.character_character_name as characte2_6_0_ from characters character0_ where character0_.character_id=?
Hibernate: select user0_.user_id as user_id1_21_, user0_.character_id as characte7_21_, user0_.user_created_at as user_cre2_21_, user0_.user_name as user_nam3_21_, user0_.user_phone_number as user_pho4_21_, user0_.user_user_id as user_use5_21_, user0_.user_user_password as user_use6_21_ from user user0_ inner join characters character1_ on user0_.character_id=character1_.character_id where user0_.user_user_id=?
Hibernate: select user0_.user_id as user_id1_21_, user0_.character_id as characte7_21_, user0_.user_created_at as user_cre2_21_, user0_.user_name as user_nam3_21_, user0_.user_phone_number as user_pho4_21_, user0_.user_user_id as user_use5_21_, user0_.user_user_password as user_use6_21_ from user user0_ inner join characters character1_ on user0_.character_id=character1_.character_id where user0_.user_user_id=?
Hibernate: select user0_.user_id as user_id1_21_, user0_.character_id as characte7_21_, user0_.user_created_at as user_cre2_21_, user0_.user_name as user_nam3_21_, user0_.user_phone_number as user_pho4_21_, user0_.user_user_id as user_use5_21_, user0_.user_user_password as user_use6_21_ from user user0_ inner join characters character1_ on user0_.character_id=character1_.character_id where user0_.user_user_id=?
Hibernate: select user0_.user_id as user_id1_21_, user0_.character_id as characte7_21_, user0_.user_created_at as user_cre2_21_, user0_.user_name as user_nam3_21_, user0_.user_phone_number as user_pho4_21_, user0_.user_user_id as user_use5_21_, user0_.user_user_password as user_use6_21_ from user user0_ inner join characters character1_ on user0_.character_id=character1_.character_id where user0_.user_user_id=?
Hibernate: insert into team_building (team_building_team_building_id, team_building_created_at, team_building_last_modified_at, team_building_team_building_title) values (default, ?, ?, ?)
Hibernate: insert into team (team_team_id, team_last_modified_at, team_building_team_building_id, team_team_name) values (default, ?, ?, ?)
Hibernate: insert into team_user (team_user_id, team_team_id, user_id) values (default, ?, ?)
Hibernate: insert into team_user (team_user_id, team_team_id, user_id) values (default, ?, ?)
Hibernate: insert into team_user (team_user_id, team_team_id, user_id) values (default, ?, ?)
Hibernate: insert into team (team_team_id, team_last_modified_at, team_building_team_building_id, team_team_name) values (default, ?, ?, ?)
Hibernate: insert into team_user (team_user_id, team_team_id, user_id) values (default, ?, ?)
Hibernate: insert into team_user (team_user_id, team_team_id, user_id) values (default, ?, ?)
Hibernate: select user0_.user_id as user_id1_21_0_, user0_.character_id as characte7_21_0_, user0_.user_created_at as user_cre2_21_0_, user0_.user_name as user_nam3_21_0_, user0_.user_phone_number as user_pho4_21_0_, user0_.user_user_id as user_use5_21_0_, user0_.user_user_password as user_use6_21_0_ from user user0_ where user0_.user_id=?
Hibernate: select character0_.character_id as characte1_6_0_, character0_.character_character_name as characte2_6_0_ from characters character0_ where character0_.character_id=?
Hibernate: select count(*) as col_0_0_ from team_building teambuildi0_
Hibernate: select count(*) as col_0_0_ from team_building teambuildi0_
Hibernate: select teambuildi0_.team_building_team_building_id as team_bui1_19_, teambuildi0_.team_building_created_at as team_bui2_19_, teambuildi0_.team_building_last_modified_at as team_bui3_19_, teambuildi0_.team_building_team_building_title as team_bui4_19_ from team_building teambuildi0_ order by teambuildi0_.team_building_created_at desc, teambuildi0_.team_building_team_building_id desc limit ?
Hibernate: select teamlist0_.team_building_team_building_id as team_bui4_18_0_, teamlist0_.team_team_id as team_tea1_18_0_, teamlist0_.team_team_id as team_tea1_18_1_, teamlist0_.team_last_modified_at as team_las2_18_1_, teamlist0_.team_building_team_building_id as team_bui4_18_1_, teamlist0_.team_team_name as team_tea3_18_1_ from team teamlist0_ where teamlist0_.team_building_team_building_id=?
Hibernate: select teamuserli0_.team_team_id as team_tea2_20_0_, teamuserli0_.team_user_id as team_use1_20_0_, teamuserli0_.team_user_id as team_use1_20_1_, teamuserli0_.team_team_id as team_tea2_20_1_, teamuserli0_.user_id as user_id3_20_1_ from team_user teamuserli0_ where teamuserli0_.team_team_id=?
Hibernate: select user0_.user_id as user_id1_21_0_, user0_.character_id as characte7_21_0_, user0_.user_created_at as user_cre2_21_0_, user0_.user_name as user_nam3_21_0_, user0_.user_phone_number as user_pho4_21_0_, user0_.user_user_id as user_use5_21_0_, user0_.user_user_password as user_use6_21_0_ from user user0_ where user0_.user_id=?
Hibernate: select character0_.character_id as characte1_6_0_, character0_.character_character_name as characte2_6_0_ from characters character0_ where character0_.character_id=?
Hibernate: select user0_.user_id as user_id1_21_0_, user0_.character_id as characte7_21_0_, user0_.user_created_at as user_cre2_21_0_, user0_.user_name as user_nam3_21_0_, user0_.user_phone_number as user_pho4_21_0_, user0_.user_user_id as user_use5_21_0_, user0_.user_user_password as user_use6_21_0_ from user user0_ where user0_.user_id=?
Hibernate: select user0_.user_id as user_id1_21_0_, user0_.character_id as characte7_21_0_, user0_.user_created_at as user_cre2_21_0_, user0_.user_name as user_nam3_21_0_, user0_.user_phone_number as user_pho4_21_0_, user0_.user_user_id as user_use5_21_0_, user0_.user_user_password as user_use6_21_0_ from user user0_ where user0_.user_id=?
Hibernate: select teamuserli0_.team_team_id as team_tea2_20_0_, teamuserli0_.team_user_id as team_use1_20_0_, teamuserli0_.team_user_id as team_use1_20_1_, teamuserli0_.team_team_id as team_tea2_20_1_, teamuserli0_.user_id as user_id3_20_1_ from team_user teamuserli0_ where teamuserli0_.team_team_id=?
Hibernate: select user0_.user_id as user_id1_21_0_, user0_.character_id as characte7_21_0_, user0_.user_created_at as user_cre2_21_0_, user0_.user_name as user_nam3_21_0_, user0_.user_phone_number as user_pho4_21_0_, user0_.user_user_id as user_use5_21_0_, user0_.user_user_password as user_use6_21_0_ from user user0_ where user0_.user_id=?
Hibernate: select user0_.user_id as user_id1_21_0_, user0_.character_id as characte7_21_0_, user0_.user_created_at as user_cre2_21_0_, user0_.user_name as user_nam3_21_0_, user0_.user_phone_number as user_pho4_21_0_, user0_.user_user_id as user_use5_21_0_, user0_.user_user_password as user_use6_21_0_ from user user0_ where user0_.user_id=?
Hibernate: select user0_.user_id as user_id1_21_0_, user0_.character_id as characte7_21_0_, user0_.user_created_at as user_cre2_21_0_, user0_.user_name as user_nam3_21_0_, user0_.user_phone_number as user_pho4_21_0_, user0_.user_user_id as user_use5_21_0_, user0_.user_user_password as user_use6_21_0_ from user user0_ where user0_.user_id=?
Hibernate: select character0_.character_id as characte1_6_0_, character0_.character_character_name as characte2_6_0_ from characters character0_ where character0_.character_id=?
Hibernate: select count(*) as col_0_0_ from user user0_ where user0_.user_id=?
Hibernate: select character1_.character_id as characte1_6_, character1_.character_character_name as characte2_6_ from user user0_ inner join characters character1_ on user0_.character_id=character1_.character_id where user0_.user_id=?
Hibernate: select permission0_.character_id as characte6_12_0_, permission0_.permission_id as permissi1_12_0_, permission0_.permission_id as permissi1_12_1_, permission0_.character_id as characte6_12_1_, permission0_.permission_name as permissi2_12_1_, permission0_.permission_permission_unit_id as permissi3_12_1_, permission0_.permission_service as permissi4_12_1_, permission0_.permission_status as permissi5_12_1_ from permission permission0_ where permission0_.character_id=?

MockHttpServletRequest:
      HTTP Method = POST
      Request URI = /teambuilding/team/4
       Parameters = {}
          Headers = [Content-Type:"application/json;charset=UTF-8", Accept:"application/json", api-version:"1.0", Authorization:"Bearer eyJhbGciOiJIUzI1NiJ9.eyJzdWIiOiI4MiIsImlhdCI6MTY4Nzg3NzQ2OCwiZXhwIjoxNjg3ODgxMDY4fQ.VUmFzggyGyxGDYyPGpBzI0sSOyHHZ2E1crIFZGMmoRw", Content-Length:"36"]
             Body = {"team_name":"chisami","members":[]}
    Session Attrs = {}

Handler:
             Type = org.waldreg.controller.teambuilding.TeamBuildingController
           Method = org.waldreg.controller.teambuilding.TeamBuildingController#createTeam(int, TeamRequest)

Async:
    Async started = false
     Async result = null

Resolved Exception:
             Type = org.waldreg.character.exception.NoPermissionException

ModelAndView:
        View name = null
             View = null
            Model = null

FlashMap:
       Attributes = null

MockHttpServletResponse:
           Status = 403
    Error message = null
          Headers = [Vary:"Origin", "Access-Control-Request-Method", "Access-Control-Request-Headers", Api-version:"1.0", Content-Type:"application/json"]
     Content type = application/json
             Body = {"code":"CHARACTER-403","messages":"No permission","document_url":"docs.waldreg.org"}
    Forwarded URL = null
   Redirected URL = null
          Cookies = []
Hibernate: select user0_.user_id as col_0_0_ from user user0_ where user0_.user_user_id=? limit ?
Hibernate: select user0_.user_id as col_0_0_ from user user0_ where user0_.user_user_id=? limit ?
Hibernate: select U.* from USER U where U.USER_USER_ID =?
Hibernate: select character0_.character_id as characte1_6_0_, character0_.character_character_name as characte2_6_0_ from characters character0_ where character0_.character_id=?
Hibernate: select user0_.user_id as user_id1_21_0_, user0_.character_id as characte7_21_0_, user0_.user_created_at as user_cre2_21_0_, user0_.user_name as user_nam3_21_0_, user0_.user_phone_number as user_pho4_21_0_, user0_.user_user_id as user_use5_21_0_, user0_.user_user_password as user_use6_21_0_ from user user0_ where user0_.user_id=?
Hibernate: select character0_.character_id as characte1_6_0_, character0_.character_character_name as characte2_6_0_ from characters character0_ where character0_.character_id=?
Hibernate: select count(*) as col_0_0_ from team_building teambuildi0_
Hibernate: select count(*) as col_0_0_ from team_building teambuildi0_
Hibernate: select teambuildi0_.team_building_team_building_id as team_bui1_19_, teambuildi0_.team_building_created_at as team_bui2_19_, teambuildi0_.team_building_last_modified_at as team_bui3_19_, teambuildi0_.team_building_team_building_title as team_bui4_19_ from team_building teambuildi0_ order by teambuildi0_.team_building_created_at desc, teambuildi0_.team_building_team_building_id desc limit ?
Hibernate: select teamlist0_.team_building_team_building_id as team_bui4_18_0_, teamlist0_.team_team_id as team_tea1_18_0_, teamlist0_.team_team_id as team_tea1_18_1_, teamlist0_.team_last_modified_at as team_las2_18_1_, teamlist0_.team_building_team_building_id as team_bui4_18_1_, teamlist0_.team_team_name as team_tea3_18_1_ from team teamlist0_ where teamlist0_.team_building_team_building_id=?
Hibernate: select teamuserli0_.team_team_id as team_tea2_20_0_, teamuserli0_.team_user_id as team_use1_20_0_, teamuserli0_.team_user_id as team_use1_20_1_, teamuserli0_.team_team_id as team_tea2_20_1_, teamuserli0_.user_id as user_id3_20_1_ from team_user teamuserli0_ where teamuserli0_.team_team_id=?
Hibernate: select user0_.user_id as user_id1_21_0_, user0_.character_id as characte7_21_0_, user0_.user_created_at as user_cre2_21_0_, user0_.user_name as user_nam3_21_0_, user0_.user_phone_number as user_pho4_21_0_, user0_.user_user_id as user_use5_21_0_, user0_.user_user_password as user_use6_21_0_ from user user0_ where user0_.user_id=?
Hibernate: select character0_.character_id as characte1_6_0_, character0_.character_character_name as characte2_6_0_ from characters character0_ where character0_.character_id=?
Hibernate: select user0_.user_id as user_id1_21_0_, user0_.character_id as characte7_21_0_, user0_.user_created_at as user_cre2_21_0_, user0_.user_name as user_nam3_21_0_, user0_.user_phone_number as user_pho4_21_0_, user0_.user_user_id as user_use5_21_0_, user0_.user_user_password as user_use6_21_0_ from user user0_ where user0_.user_id=?
Hibernate: select user0_.user_id as user_id1_21_0_, user0_.character_id as characte7_21_0_, user0_.user_created_at as user_cre2_21_0_, user0_.user_name as user_nam3_21_0_, user0_.user_phone_number as user_pho4_21_0_, user0_.user_user_id as user_use5_21_0_, user0_.user_user_password as user_use6_21_0_ from user user0_ where user0_.user_id=?
Hibernate: select teamuserli0_.team_team_id as team_tea2_20_0_, teamuserli0_.team_user_id as team_use1_20_0_, teamuserli0_.team_user_id as team_use1_20_1_, teamuserli0_.team_team_id as team_tea2_20_1_, teamuserli0_.user_id as user_id3_20_1_ from team_user teamuserli0_ where teamuserli0_.team_team_id=?
Hibernate: select user0_.user_id as user_id1_21_0_, user0_.character_id as characte7_21_0_, user0_.user_created_at as user_cre2_21_0_, user0_.user_name as user_nam3_21_0_, user0_.user_phone_number as user_pho4_21_0_, user0_.user_user_id as user_use5_21_0_, user0_.user_user_password as user_use6_21_0_ from user user0_ where user0_.user_id=?
Hibernate: select user0_.user_id as user_id1_21_0_, user0_.character_id as characte7_21_0_, user0_.user_created_at as user_cre2_21_0_, user0_.user_name as user_nam3_21_0_, user0_.user_phone_number as user_pho4_21_0_, user0_.user_user_id as user_use5_21_0_, user0_.user_user_password as user_use6_21_0_ from user user0_ where user0_.user_id=?
Hibernate: select user0_.user_id as user_id1_21_0_, user0_.character_id as characte7_21_0_, user0_.user_created_at as user_cre2_21_0_, user0_.user_name as user_nam3_21_0_, user0_.user_phone_number as user_pho4_21_0_, user0_.user_user_id as user_use5_21_0_, user0_.user_user_password as user_use6_21_0_ from user user0_ where user0_.user_id=?
Hibernate: select character0_.character_id as characte1_6_0_, character0_.character_character_name as characte2_6_0_ from characters character0_ where character0_.character_id=?
Hibernate: select count(*) as col_0_0_ from user user0_ where user0_.user_id=?
Hibernate: select character1_.character_id as characte1_6_, character1_.character_character_name as characte2_6_ from user user0_ inner join characters character1_ on user0_.character_id=character1_.character_id where user0_.user_id=?
Hibernate: select permission0_.character_id as characte6_12_0_, permission0_.permission_id as permissi1_12_0_, permission0_.permission_id as permissi1_12_1_, permission0_.character_id as characte6_12_1_, permission0_.permission_name as permissi2_12_1_, permission0_.permission_permission_unit_id as permissi3_12_1_, permission0_.permission_service as permissi4_12_1_, permission0_.permission_status as permissi5_12_1_ from permission permission0_ where permission0_.character_id=?
Hibernate: select count(*) as col_0_0_ from team_building teambuildi0_ where teambuildi0_.team_building_team_building_id=?
Hibernate: select teambuildi0_.team_building_team_building_id as team_bui1_19_0_, teambuildi0_.team_building_created_at as team_bui2_19_0_, teambuildi0_.team_building_last_modified_at as team_bui3_19_0_, teambuildi0_.team_building_team_building_title as team_bui4_19_0_ from team_building teambuildi0_ where teambuildi0_.team_building_team_building_id=?
Hibernate: select teamlist0_.team_building_team_building_id as team_bui4_18_0_, teamlist0_.team_team_id as team_tea1_18_0_, teamlist0_.team_team_id as team_tea1_18_1_, teamlist0_.team_last_modified_at as team_las2_18_1_, teamlist0_.team_building_team_building_id as team_bui4_18_1_, teamlist0_.team_team_name as team_tea3_18_1_ from team teamlist0_ where teamlist0_.team_building_team_building_id=?
Hibernate: select teamuserli0_.team_team_id as team_tea2_20_0_, teamuserli0_.team_user_id as team_use1_20_0_, teamuserli0_.team_user_id as team_use1_20_1_, teamuserli0_.team_team_id as team_tea2_20_1_, teamuserli0_.user_id as user_id3_20_1_ from team_user teamuserli0_ where teamuserli0_.team_team_id=?
Hibernate: select user0_.user_id as user_id1_21_0_, user0_.character_id as characte7_21_0_, user0_.user_created_at as user_cre2_21_0_, user0_.user_name as user_nam3_21_0_, user0_.user_phone_number as user_pho4_21_0_, user0_.user_user_id as user_use5_21_0_, user0_.user_user_password as user_use6_21_0_ from user user0_ where user0_.user_id=?
Hibernate: select character0_.character_id as characte1_6_0_, character0_.character_character_name as characte2_6_0_ from characters character0_ where character0_.character_id=?
Hibernate: select user0_.user_id as user_id1_21_0_, user0_.character_id as characte7_21_0_, user0_.user_created_at as user_cre2_21_0_, user0_.user_name as user_nam3_21_0_, user0_.user_phone_number as user_pho4_21_0_, user0_.user_user_id as user_use5_21_0_, user0_.user_user_password as user_use6_21_0_ from user user0_ where user0_.user_id=?
Hibernate: select user0_.user_id as user_id1_21_0_, user0_.character_id as characte7_21_0_, user0_.user_created_at as user_cre2_21_0_, user0_.user_name as user_nam3_21_0_, user0_.user_phone_number as user_pho4_21_0_, user0_.user_user_id as user_use5_21_0_, user0_.user_user_password as user_use6_21_0_ from user user0_ where user0_.user_id=?
Hibernate: select teamuserli0_.team_team_id as team_tea2_20_0_, teamuserli0_.team_user_id as team_use1_20_0_, teamuserli0_.team_user_id as team_use1_20_1_, teamuserli0_.team_team_id as team_tea2_20_1_, teamuserli0_.user_id as user_id3_20_1_ from team_user teamuserli0_ where teamuserli0_.team_team_id=?
Hibernate: select user0_.user_id as user_id1_21_0_, user0_.character_id as characte7_21_0_, user0_.user_created_at as user_cre2_21_0_, user0_.user_name as user_nam3_21_0_, user0_.user_phone_number as user_pho4_21_0_, user0_.user_user_id as user_use5_21_0_, user0_.user_user_password as user_use6_21_0_ from user user0_ where user0_.user_id=?
Hibernate: select user0_.user_id as user_id1_21_0_, user0_.character_id as characte7_21_0_, user0_.user_created_at as user_cre2_21_0_, user0_.user_name as user_nam3_21_0_, user0_.user_phone_number as user_pho4_21_0_, user0_.user_user_id as user_use5_21_0_, user0_.user_user_password as user_use6_21_0_ from user user0_ where user0_.user_id=?
Hibernate: delete from team_user where team_user_id=?
Hibernate: delete from team_user where team_user_id=?
Hibernate: delete from team_user where team_user_id=?
Hibernate: delete from team where team_team_id=?
Hibernate: delete from team_user where team_user_id=?
Hibernate: delete from team_user where team_user_id=?
Hibernate: delete from team where team_team_id=?
Hibernate: delete from team_building where team_building_team_building_id=?
Hibernate: select user0_.user_id as user_id1_21_0_, user0_.character_id as characte7_21_0_, user0_.user_created_at as user_cre2_21_0_, user0_.user_name as user_nam3_21_0_, user0_.user_phone_number as user_pho4_21_0_, user0_.user_user_id as user_use5_21_0_, user0_.user_user_password as user_use6_21_0_ from user user0_ where user0_.user_id=?
Hibernate: select character0_.character_id as characte1_6_0_, character0_.character_character_name as characte2_6_0_ from characters character0_ where character0_.character_id=?
Hibernate: select count(*) as col_0_0_ from team_building teambuildi0_ where teambuildi0_.team_building_team_building_id=?
Hibernate: select user0_.user_id as col_0_0_ from user user0_ where user0_.user_user_id=? limit ?
Hibernate: select user0_.user_id as col_0_0_ from user user0_ where user0_.user_user_id=? limit ?
Hibernate: select U.* from USER U where U.USER_USER_ID =?
Hibernate: select character0_.character_id as characte1_6_0_, character0_.character_character_name as characte2_6_0_ from characters character0_ where character0_.character_id=?
Hibernate: select user0_.user_id as col_0_0_ from user user0_ where user0_.user_user_id=? limit ?
Hibernate: select user0_.user_id as user_id1_21_, user0_.character_id as characte7_21_, user0_.user_created_at as user_cre2_21_, user0_.user_name as user_nam3_21_, user0_.user_phone_number as user_pho4_21_, user0_.user_user_id as user_use5_21_, user0_.user_user_password as user_use6_21_ from user user0_ inner join characters character1_ on user0_.character_id=character1_.character_id where user0_.user_user_id=?
Hibernate: select character0_.character_id as characte1_6_0_, character0_.character_character_name as characte2_6_0_ from characters character0_ where character0_.character_id=?
Hibernate: select rewardtagw0_.user_id as user_id4_16_0_, rewardtagw0_.reward_tag_wrapper_reward_id as reward_t1_16_0_, rewardtagw0_.reward_tag_wrapper_reward_id as reward_t1_16_1_, rewardtagw0_.reward_tag_wrapper_reward_presented_at as reward_t2_16_1_, rewardtagw0_.reward_tag_reward_tag_id as reward_t3_16_1_, rewardtagw0_.user_id as user_id4_16_1_ from reward_tag_wrapper rewardtagw0_ where rewardtagw0_.user_id=?
Hibernate: select user0_.user_id as user_id1_21_0_, user0_.character_id as characte7_21_0_, user0_.user_created_at as user_cre2_21_0_, user0_.user_name as user_nam3_21_0_, user0_.user_phone_number as user_pho4_21_0_, user0_.user_user_id as user_use5_21_0_, user0_.user_user_password as user_use6_21_0_ from user user0_ where user0_.user_id=?
Hibernate: select character0_.character_id as characte1_6_0_, character0_.character_character_name as characte2_6_0_ from characters character0_ where character0_.character_id=?
Hibernate: select count(*) as col_0_0_ from user user0_ where user0_.user_id=?
Hibernate: select character1_.character_id as characte1_6_, character1_.character_character_name as characte2_6_ from user user0_ inner join characters character1_ on user0_.character_id=character1_.character_id where user0_.user_id=?
Hibernate: select permission0_.character_id as characte6_12_0_, permission0_.permission_id as permissi1_12_0_, permission0_.permission_id as permissi1_12_1_, permission0_.character_id as characte6_12_1_, permission0_.permission_name as permissi2_12_1_, permission0_.permission_permission_unit_id as permissi3_12_1_, permission0_.permission_service as permissi4_12_1_, permission0_.permission_status as permissi5_12_1_ from permission permission0_ where permission0_.character_id=?
Hibernate: select count(*) as col_0_0_ from user user0_ where user0_.user_id=?
Hibernate: select user0_.user_id as user_id1_21_, user0_.character_id as characte7_21_, user0_.user_created_at as user_cre2_21_, user0_.user_name as user_nam3_21_, user0_.user_phone_number as user_pho4_21_, user0_.user_user_id as user_use5_21_, user0_.user_user_password as user_use6_21_ from user user0_ where user0_.user_id=?
Hibernate: select character0_.character_id as characte1_6_0_, character0_.character_character_name as characte2_6_0_ from characters character0_ where character0_.character_id=?
Hibernate: select rewardtagw0_.user_id as user_id4_16_0_, rewardtagw0_.reward_tag_wrapper_reward_id as reward_t1_16_0_, rewardtagw0_.reward_tag_wrapper_reward_id as reward_t1_16_1_, rewardtagw0_.reward_tag_wrapper_reward_presented_at as reward_t2_16_1_, rewardtagw0_.reward_tag_reward_tag_id as reward_t3_16_1_, rewardtagw0_.user_id as user_id4_16_1_ from reward_tag_wrapper rewardtagw0_ where rewardtagw0_.user_id=?
Hibernate: select attendance0_.attendance_user_attendance_user_id as col_0_0_ from attendance_user attendance0_ where attendance0_.user_id=? limit ?
Hibernate: DELETE FROM USER WHERE USER_ID = ?
Hibernate: select user0_.user_id as col_0_0_ from user user0_ where user0_.user_user_id=? limit ?
Hibernate: select user0_.user_id as col_0_0_ from user user0_ where user0_.user_user_id=? limit ?
Hibernate: select user0_.user_id as user_id1_21_, user0_.character_id as characte7_21_, user0_.user_created_at as user_cre2_21_, user0_.user_name as user_nam3_21_, user0_.user_phone_number as user_pho4_21_, user0_.user_user_id as user_use5_21_, user0_.user_user_password as user_use6_21_ from user user0_ inner join characters character1_ on user0_.character_id=character1_.character_id where user0_.user_user_id=?
Hibernate: select character0_.character_id as characte1_6_0_, character0_.character_character_name as characte2_6_0_ from characters character0_ where character0_.character_id=?
Hibernate: select rewardtagw0_.user_id as user_id4_16_0_, rewardtagw0_.reward_tag_wrapper_reward_id as reward_t1_16_0_, rewardtagw0_.reward_tag_wrapper_reward_id as reward_t1_16_1_, rewardtagw0_.reward_tag_wrapper_reward_presented_at as reward_t2_16_1_, rewardtagw0_.reward_tag_reward_tag_id as reward_t3_16_1_, rewardtagw0_.user_id as user_id4_16_1_ from reward_tag_wrapper rewardtagw0_ where rewardtagw0_.user_id=?
Hibernate: select user0_.user_id as user_id1_21_0_, user0_.character_id as characte7_21_0_, user0_.user_created_at as user_cre2_21_0_, user0_.user_name as user_nam3_21_0_, user0_.user_phone_number as user_pho4_21_0_, user0_.user_user_id as user_use5_21_0_, user0_.user_user_password as user_use6_21_0_ from user user0_ where user0_.user_id=?
Hibernate: select character0_.character_id as characte1_6_0_, character0_.character_character_name as characte2_6_0_ from characters character0_ where character0_.character_id=?
Hibernate: select count(*) as col_0_0_ from user user0_ where user0_.user_id=?
Hibernate: select character1_.character_id as characte1_6_, character1_.character_character_name as characte2_6_ from user user0_ inner join characters character1_ on user0_.character_id=character1_.character_id where user0_.user_id=?
Hibernate: select permission0_.character_id as characte6_12_0_, permission0_.permission_id as permissi1_12_0_, permission0_.permission_id as permissi1_12_1_, permission0_.character_id as characte6_12_1_, permission0_.permission_name as permissi2_12_1_, permission0_.permission_permission_unit_id as permissi3_12_1_, permission0_.permission_service as permissi4_12_1_, permission0_.permission_status as permissi5_12_1_ from permission permission0_ where permission0_.character_id=?
Hibernate: select count(*) as col_0_0_ from user user0_ where user0_.user_id=?
Hibernate: select user0_.user_id as user_id1_21_, user0_.character_id as characte7_21_, user0_.user_created_at as user_cre2_21_, user0_.user_name as user_nam3_21_, user0_.user_phone_number as user_pho4_21_, user0_.user_user_id as user_use5_21_, user0_.user_user_password as user_use6_21_ from user user0_ where user0_.user_id=?
Hibernate: select character0_.character_id as characte1_6_0_, character0_.character_character_name as characte2_6_0_ from characters character0_ where character0_.character_id=?
Hibernate: select rewardtagw0_.user_id as user_id4_16_0_, rewardtagw0_.reward_tag_wrapper_reward_id as reward_t1_16_0_, rewardtagw0_.reward_tag_wrapper_reward_id as reward_t1_16_1_, rewardtagw0_.reward_tag_wrapper_reward_presented_at as reward_t2_16_1_, rewardtagw0_.reward_tag_reward_tag_id as reward_t3_16_1_, rewardtagw0_.user_id as user_id4_16_1_ from reward_tag_wrapper rewardtagw0_ where rewardtagw0_.user_id=?
Hibernate: select attendance0_.attendance_user_attendance_user_id as col_0_0_ from attendance_user attendance0_ where attendance0_.user_id=? limit ?
Hibernate: DELETE FROM USER WHERE USER_ID = ?
Hibernate: select user0_.user_id as col_0_0_ from user user0_ where user0_.user_user_id=? limit ?
Hibernate: select user0_.user_id as col_0_0_ from user user0_ where user0_.user_user_id=? limit ?
Hibernate: select user0_.user_id as user_id1_21_, user0_.character_id as characte7_21_, user0_.user_created_at as user_cre2_21_, user0_.user_name as user_nam3_21_, user0_.user_phone_number as user_pho4_21_, user0_.user_user_id as user_use5_21_, user0_.user_user_password as user_use6_21_ from user user0_ inner join characters character1_ on user0_.character_id=character1_.character_id where user0_.user_user_id=?
Hibernate: select character0_.character_id as characte1_6_0_, character0_.character_character_name as characte2_6_0_ from characters character0_ where character0_.character_id=?
Hibernate: select rewardtagw0_.user_id as user_id4_16_0_, rewardtagw0_.reward_tag_wrapper_reward_id as reward_t1_16_0_, rewardtagw0_.reward_tag_wrapper_reward_id as reward_t1_16_1_, rewardtagw0_.reward_tag_wrapper_reward_presented_at as reward_t2_16_1_, rewardtagw0_.reward_tag_reward_tag_id as reward_t3_16_1_, rewardtagw0_.user_id as user_id4_16_1_ from reward_tag_wrapper rewardtagw0_ where rewardtagw0_.user_id=?
Hibernate: select user0_.user_id as user_id1_21_0_, user0_.character_id as characte7_21_0_, user0_.user_created_at as user_cre2_21_0_, user0_.user_name as user_nam3_21_0_, user0_.user_phone_number as user_pho4_21_0_, user0_.user_user_id as user_use5_21_0_, user0_.user_user_password as user_use6_21_0_ from user user0_ where user0_.user_id=?
Hibernate: select character0_.character_id as characte1_6_0_, character0_.character_character_name as characte2_6_0_ from characters character0_ where character0_.character_id=?
Hibernate: select count(*) as col_0_0_ from user user0_ where user0_.user_id=?
Hibernate: select character1_.character_id as characte1_6_, character1_.character_character_name as characte2_6_ from user user0_ inner join characters character1_ on user0_.character_id=character1_.character_id where user0_.user_id=?
Hibernate: select permission0_.character_id as characte6_12_0_, permission0_.permission_id as permissi1_12_0_, permission0_.permission_id as permissi1_12_1_, permission0_.character_id as characte6_12_1_, permission0_.permission_name as permissi2_12_1_, permission0_.permission_permission_unit_id as permissi3_12_1_, permission0_.permission_service as permissi4_12_1_, permission0_.permission_status as permissi5_12_1_ from permission permission0_ where permission0_.character_id=?
Hibernate: select count(*) as col_0_0_ from user user0_ where user0_.user_id=?
Hibernate: select user0_.user_id as user_id1_21_, user0_.character_id as characte7_21_, user0_.user_created_at as user_cre2_21_, user0_.user_name as user_nam3_21_, user0_.user_phone_number as user_pho4_21_, user0_.user_user_id as user_use5_21_, user0_.user_user_password as user_use6_21_ from user user0_ where user0_.user_id=?
Hibernate: select character0_.character_id as characte1_6_0_, character0_.character_character_name as characte2_6_0_ from characters character0_ where character0_.character_id=?
Hibernate: select rewardtagw0_.user_id as user_id4_16_0_, rewardtagw0_.reward_tag_wrapper_reward_id as reward_t1_16_0_, rewardtagw0_.reward_tag_wrapper_reward_id as reward_t1_16_1_, rewardtagw0_.reward_tag_wrapper_reward_presented_at as reward_t2_16_1_, rewardtagw0_.reward_tag_reward_tag_id as reward_t3_16_1_, rewardtagw0_.user_id as user_id4_16_1_ from reward_tag_wrapper rewardtagw0_ where rewardtagw0_.user_id=?
Hibernate: select attendance0_.attendance_user_attendance_user_id as col_0_0_ from attendance_user attendance0_ where attendance0_.user_id=? limit ?
Hibernate: DELETE FROM USER WHERE USER_ID = ?
Hibernate: select user0_.user_id as col_0_0_ from user user0_ where user0_.user_user_id=? limit ?
Hibernate: select user0_.user_id as col_0_0_ from user user0_ where user0_.user_user_id=? limit ?
Hibernate: select user0_.user_id as user_id1_21_, user0_.character_id as characte7_21_, user0_.user_created_at as user_cre2_21_, user0_.user_name as user_nam3_21_, user0_.user_phone_number as user_pho4_21_, user0_.user_user_id as user_use5_21_, user0_.user_user_password as user_use6_21_ from user user0_ inner join characters character1_ on user0_.character_id=character1_.character_id where user0_.user_user_id=?
Hibernate: select character0_.character_id as characte1_6_0_, character0_.character_character_name as characte2_6_0_ from characters character0_ where character0_.character_id=?
Hibernate: select rewardtagw0_.user_id as user_id4_16_0_, rewardtagw0_.reward_tag_wrapper_reward_id as reward_t1_16_0_, rewardtagw0_.reward_tag_wrapper_reward_id as reward_t1_16_1_, rewardtagw0_.reward_tag_wrapper_reward_presented_at as reward_t2_16_1_, rewardtagw0_.reward_tag_reward_tag_id as reward_t3_16_1_, rewardtagw0_.user_id as user_id4_16_1_ from reward_tag_wrapper rewardtagw0_ where rewardtagw0_.user_id=?
Hibernate: select user0_.user_id as user_id1_21_0_, user0_.character_id as characte7_21_0_, user0_.user_created_at as user_cre2_21_0_, user0_.user_name as user_nam3_21_0_, user0_.user_phone_number as user_pho4_21_0_, user0_.user_user_id as user_use5_21_0_, user0_.user_user_password as user_use6_21_0_ from user user0_ where user0_.user_id=?
Hibernate: select character0_.character_id as characte1_6_0_, character0_.character_character_name as characte2_6_0_ from characters character0_ where character0_.character_id=?
Hibernate: select count(*) as col_0_0_ from user user0_ where user0_.user_id=?
Hibernate: select character1_.character_id as characte1_6_, character1_.character_character_name as characte2_6_ from user user0_ inner join characters character1_ on user0_.character_id=character1_.character_id where user0_.user_id=?
Hibernate: select permission0_.character_id as characte6_12_0_, permission0_.permission_id as permissi1_12_0_, permission0_.permission_id as permissi1_12_1_, permission0_.character_id as characte6_12_1_, permission0_.permission_name as permissi2_12_1_, permission0_.permission_permission_unit_id as permissi3_12_1_, permission0_.permission_service as permissi4_12_1_, permission0_.permission_status as permissi5_12_1_ from permission permission0_ where permission0_.character_id=?
Hibernate: select count(*) as col_0_0_ from user user0_ where user0_.user_id=?
Hibernate: select user0_.user_id as user_id1_21_, user0_.character_id as characte7_21_, user0_.user_created_at as user_cre2_21_, user0_.user_name as user_nam3_21_, user0_.user_phone_number as user_pho4_21_, user0_.user_user_id as user_use5_21_, user0_.user_user_password as user_use6_21_ from user user0_ where user0_.user_id=?
Hibernate: select character0_.character_id as characte1_6_0_, character0_.character_character_name as characte2_6_0_ from characters character0_ where character0_.character_id=?
Hibernate: select rewardtagw0_.user_id as user_id4_16_0_, rewardtagw0_.reward_tag_wrapper_reward_id as reward_t1_16_0_, rewardtagw0_.reward_tag_wrapper_reward_id as reward_t1_16_1_, rewardtagw0_.reward_tag_wrapper_reward_presented_at as reward_t2_16_1_, rewardtagw0_.reward_tag_reward_tag_id as reward_t3_16_1_, rewardtagw0_.user_id as user_id4_16_1_ from reward_tag_wrapper rewardtagw0_ where rewardtagw0_.user_id=?
Hibernate: select attendance0_.attendance_user_attendance_user_id as col_0_0_ from attendance_user attendance0_ where attendance0_.user_id=? limit ?
Hibernate: DELETE FROM USER WHERE USER_ID = ?
Hibernate: select user0_.user_id as col_0_0_ from user user0_ where user0_.user_user_id=? limit ?
Hibernate: select user0_.user_id as col_0_0_ from user user0_ where user0_.user_user_id=? limit ?
Hibernate: select user0_.user_id as user_id1_21_, user0_.character_id as characte7_21_, user0_.user_created_at as user_cre2_21_, user0_.user_name as user_nam3_21_, user0_.user_phone_number as user_pho4_21_, user0_.user_user_id as user_use5_21_, user0_.user_user_password as user_use6_21_ from user user0_ inner join characters character1_ on user0_.character_id=character1_.character_id where user0_.user_user_id=?
Hibernate: select character0_.character_id as characte1_6_0_, character0_.character_character_name as characte2_6_0_ from characters character0_ where character0_.character_id=?
Hibernate: select rewardtagw0_.user_id as user_id4_16_0_, rewardtagw0_.reward_tag_wrapper_reward_id as reward_t1_16_0_, rewardtagw0_.reward_tag_wrapper_reward_id as reward_t1_16_1_, rewardtagw0_.reward_tag_wrapper_reward_presented_at as reward_t2_16_1_, rewardtagw0_.reward_tag_reward_tag_id as reward_t3_16_1_, rewardtagw0_.user_id as user_id4_16_1_ from reward_tag_wrapper rewardtagw0_ where rewardtagw0_.user_id=?
Hibernate: select user0_.user_id as user_id1_21_0_, user0_.character_id as characte7_21_0_, user0_.user_created_at as user_cre2_21_0_, user0_.user_name as user_nam3_21_0_, user0_.user_phone_number as user_pho4_21_0_, user0_.user_user_id as user_use5_21_0_, user0_.user_user_password as user_use6_21_0_ from user user0_ where user0_.user_id=?
Hibernate: select character0_.character_id as characte1_6_0_, character0_.character_character_name as characte2_6_0_ from characters character0_ where character0_.character_id=?
Hibernate: select count(*) as col_0_0_ from user user0_ where user0_.user_id=?
Hibernate: select character1_.character_id as characte1_6_, character1_.character_character_name as characte2_6_ from user user0_ inner join characters character1_ on user0_.character_id=character1_.character_id where user0_.user_id=?
Hibernate: select permission0_.character_id as characte6_12_0_, permission0_.permission_id as permissi1_12_0_, permission0_.permission_id as permissi1_12_1_, permission0_.character_id as characte6_12_1_, permission0_.permission_name as permissi2_12_1_, permission0_.permission_permission_unit_id as permissi3_12_1_, permission0_.permission_service as permissi4_12_1_, permission0_.permission_status as permissi5_12_1_ from permission permission0_ where permission0_.character_id=?
Hibernate: select count(*) as col_0_0_ from user user0_ where user0_.user_id=?
Hibernate: select user0_.user_id as user_id1_21_, user0_.character_id as characte7_21_, user0_.user_created_at as user_cre2_21_, user0_.user_name as user_nam3_21_, user0_.user_phone_number as user_pho4_21_, user0_.user_user_id as user_use5_21_, user0_.user_user_password as user_use6_21_ from user user0_ where user0_.user_id=?
Hibernate: select character0_.character_id as characte1_6_0_, character0_.character_character_name as characte2_6_0_ from characters character0_ where character0_.character_id=?
Hibernate: select rewardtagw0_.user_id as user_id4_16_0_, rewardtagw0_.reward_tag_wrapper_reward_id as reward_t1_16_0_, rewardtagw0_.reward_tag_wrapper_reward_id as reward_t1_16_1_, rewardtagw0_.reward_tag_wrapper_reward_presented_at as reward_t2_16_1_, rewardtagw0_.reward_tag_reward_tag_id as reward_t3_16_1_, rewardtagw0_.user_id as user_id4_16_1_ from reward_tag_wrapper rewardtagw0_ where rewardtagw0_.user_id=?
Hibernate: select attendance0_.attendance_user_attendance_user_id as col_0_0_ from attendance_user attendance0_ where attendance0_.user_id=? limit ?
Hibernate: DELETE FROM USER WHERE USER_ID = ?
Hibernate: select user0_.user_id as col_0_0_ from user user0_ where user0_.user_user_id=? limit ?
Hibernate: select user0_.user_id as col_0_0_ from user user0_ where user0_.user_user_id=? limit ?
Hibernate: select user0_.user_id as user_id1_21_, user0_.character_id as characte7_21_, user0_.user_created_at as user_cre2_21_, user0_.user_name as user_nam3_21_, user0_.user_phone_number as user_pho4_21_, user0_.user_user_id as user_use5_21_, user0_.user_user_password as user_use6_21_ from user user0_ inner join characters character1_ on user0_.character_id=character1_.character_id where user0_.user_user_id=?
Hibernate: select character0_.character_id as characte1_6_0_, character0_.character_character_name as characte2_6_0_ from characters character0_ where character0_.character_id=?
Hibernate: select rewardtagw0_.user_id as user_id4_16_0_, rewardtagw0_.reward_tag_wrapper_reward_id as reward_t1_16_0_, rewardtagw0_.reward_tag_wrapper_reward_id as reward_t1_16_1_, rewardtagw0_.reward_tag_wrapper_reward_presented_at as reward_t2_16_1_, rewardtagw0_.reward_tag_reward_tag_id as reward_t3_16_1_, rewardtagw0_.user_id as user_id4_16_1_ from reward_tag_wrapper rewardtagw0_ where rewardtagw0_.user_id=?
Hibernate: select user0_.user_id as user_id1_21_0_, user0_.character_id as characte7_21_0_, user0_.user_created_at as user_cre2_21_0_, user0_.user_name as user_nam3_21_0_, user0_.user_phone_number as user_pho4_21_0_, user0_.user_user_id as user_use5_21_0_, user0_.user_user_password as user_use6_21_0_ from user user0_ where user0_.user_id=?
Hibernate: select character0_.character_id as characte1_6_0_, character0_.character_character_name as characte2_6_0_ from characters character0_ where character0_.character_id=?
Hibernate: select count(*) as col_0_0_ from user user0_ where user0_.user_id=?
Hibernate: select character1_.character_id as characte1_6_, character1_.character_character_name as characte2_6_ from user user0_ inner join characters character1_ on user0_.character_id=character1_.character_id where user0_.user_id=?
Hibernate: select permission0_.character_id as characte6_12_0_, permission0_.permission_id as permissi1_12_0_, permission0_.permission_id as permissi1_12_1_, permission0_.character_id as characte6_12_1_, permission0_.permission_name as permissi2_12_1_, permission0_.permission_permission_unit_id as permissi3_12_1_, permission0_.permission_service as permissi4_12_1_, permission0_.permission_status as permissi5_12_1_ from permission permission0_ where permission0_.character_id=?
Hibernate: select count(*) as col_0_0_ from user user0_ where user0_.user_id=?
Hibernate: select user0_.user_id as user_id1_21_, user0_.character_id as characte7_21_, user0_.user_created_at as user_cre2_21_, user0_.user_name as user_nam3_21_, user0_.user_phone_number as user_pho4_21_, user0_.user_user_id as user_use5_21_, user0_.user_user_password as user_use6_21_ from user user0_ where user0_.user_id=?
Hibernate: select character0_.character_id as characte1_6_0_, character0_.character_character_name as characte2_6_0_ from characters character0_ where character0_.character_id=?
Hibernate: select rewardtagw0_.user_id as user_id4_16_0_, rewardtagw0_.reward_tag_wrapper_reward_id as reward_t1_16_0_, rewardtagw0_.reward_tag_wrapper_reward_id as reward_t1_16_1_, rewardtagw0_.reward_tag_wrapper_reward_presented_at as reward_t2_16_1_, rewardtagw0_.reward_tag_reward_tag_id as reward_t3_16_1_, rewardtagw0_.user_id as user_id4_16_1_ from reward_tag_wrapper rewardtagw0_ where rewardtagw0_.user_id=?
Hibernate: select attendance0_.attendance_user_attendance_user_id as col_0_0_ from attendance_user attendance0_ where attendance0_.user_id=? limit ?
Hibernate: DELETE FROM USER WHERE USER_ID = ?
Hibernate: select user0_.user_id as col_0_0_ from user user0_ where user0_.user_user_id=? limit ?
Hibernate: select user0_.user_id as col_0_0_ from user user0_ where user0_.user_user_id=? limit ?
Hibernate: select user0_.user_id as col_0_0_ from user user0_ where user0_.user_user_id=? limit ?
Hibernate: select U.* from USER U where U.USER_USER_ID =?
Hibernate: select character0_.character_id as characte1_6_0_, character0_.character_character_name as characte2_6_0_ from characters character0_ where character0_.character_id=?
Hibernate: select user0_.user_id as user_id1_21_0_, user0_.character_id as characte7_21_0_, user0_.user_created_at as user_cre2_21_0_, user0_.user_name as user_nam3_21_0_, user0_.user_phone_number as user_pho4_21_0_, user0_.user_user_id as user_use5_21_0_, user0_.user_user_password as user_use6_21_0_ from user user0_ where user0_.user_id=?
Hibernate: select character0_.character_id as characte1_6_0_, character0_.character_character_name as characte2_6_0_ from characters character0_ where character0_.character_id=?
Hibernate: select count(*) as col_0_0_ from team_building teambuildi0_
Hibernate: select count(*) as col_0_0_ from team_building teambuildi0_
Hibernate: select user0_.user_id as col_0_0_ from user user0_ where user0_.user_user_id=? limit ?
Hibernate: select user0_.user_id as col_0_0_ from user user0_ where user0_.user_user_id=? limit ?
Hibernate: select U.* from USER U where U.USER_USER_ID =?
Hibernate: select character0_.character_id as characte1_6_0_, character0_.character_character_name as characte2_6_0_ from characters character0_ where character0_.character_id=?
Hibernate: select user0_.user_id as col_0_0_ from user user0_ where user0_.user_user_id=? limit ?
Hibernate: select user0_.user_id as col_0_0_ from user user0_ where user0_.user_user_id=? limit ?
Hibernate: select U.* from USER U where U.USER_USER_ID =?
Hibernate: select character0_.character_id as characte1_6_0_, character0_.character_character_name as characte2_6_0_ from characters character0_ where character0_.character_id=?
Hibernate: select user0_.user_id as col_0_0_ from user user0_ where user0_.user_user_id=? limit ?
Hibernate: select user0_.user_id as col_0_0_ from user user0_ where user0_.user_user_id=? limit ?
Hibernate: select U.* from USER U where U.USER_USER_ID =?
Hibernate: select character0_.character_id as characte1_6_0_, character0_.character_character_name as characte2_6_0_ from characters character0_ where character0_.character_id=?
Hibernate: select user0_.user_id as col_0_0_ from user user0_ where user0_.user_user_id=? limit ?
Hibernate: select userjoinin0_.user_joining_pool_id as col_0_0_ from user_joining_pool userjoinin0_ where userjoinin0_.user_user_id=? limit ?
Hibernate: select character0_.character_id as col_0_0_ from characters character0_ where character0_.character_character_name=? limit ?
Hibernate: insert into user_joining_pool (user_joining_pool_id, user_created_at, user_name, user_phone_number, user_user_id, user_user_password) values (default, ?, ?, ?, ?, ?)
Hibernate: select user0_.user_id as user_id1_21_0_, user0_.character_id as characte7_21_0_, user0_.user_created_at as user_cre2_21_0_, user0_.user_name as user_nam3_21_0_, user0_.user_phone_number as user_pho4_21_0_, user0_.user_user_id as user_use5_21_0_, user0_.user_user_password as user_use6_21_0_ from user user0_ where user0_.user_id=?
Hibernate: select character0_.character_id as characte1_6_0_, character0_.character_character_name as characte2_6_0_ from characters character0_ where character0_.character_id=?
Hibernate: select count(*) as col_0_0_ from user user0_ where user0_.user_id=?
Hibernate: select character1_.character_id as characte1_6_, character1_.character_character_name as characte2_6_ from user user0_ inner join characters character1_ on user0_.character_id=character1_.character_id where user0_.user_id=?
Hibernate: select permission0_.character_id as characte6_12_0_, permission0_.permission_id as permissi1_12_0_, permission0_.permission_id as permissi1_12_1_, permission0_.character_id as characte6_12_1_, permission0_.permission_name as permissi2_12_1_, permission0_.permission_permission_unit_id as permissi3_12_1_, permission0_.permission_service as permissi4_12_1_, permission0_.permission_status as permissi5_12_1_ from permission permission0_ where permission0_.character_id=?
Hibernate: select userjoinin0_.user_joining_pool_id as col_0_0_ from user_joining_pool userjoinin0_ where userjoinin0_.user_user_id=? limit ?
Hibernate: select userjoinin0_.user_joining_pool_id as user_joi1_22_, userjoinin0_.user_created_at as user_cre2_22_, userjoinin0_.user_name as user_nam3_22_, userjoinin0_.user_phone_number as user_pho4_22_, userjoinin0_.user_user_id as user_use5_22_, userjoinin0_.user_user_password as user_use6_22_ from user_joining_pool userjoinin0_ where userjoinin0_.user_user_id=?
Hibernate: select character0_.character_id as characte1_6_, character0_.character_character_name as characte2_6_ from characters character0_ where character0_.character_character_name=?
Hibernate: insert into user (user_id, character_id, user_created_at, user_name, user_phone_number, user_user_id, user_user_password) values (default, ?, ?, ?, ?, ?, ?)
Hibernate: DELETE FROM USER_JOINING_POOL as JU where JU.USER_USER_ID =?
Hibernate: select user0_.user_id as col_0_0_ from user user0_ where user0_.user_user_id=? limit ?
Hibernate: select user0_.user_id as col_0_0_ from user user0_ where user0_.user_user_id=? limit ?
Hibernate: select U.* from USER U where U.USER_USER_ID =?
Hibernate: select character0_.character_id as characte1_6_0_, character0_.character_character_name as characte2_6_0_ from characters character0_ where character0_.character_id=?
Hibernate: select user0_.user_id as col_0_0_ from user user0_ where user0_.user_user_id=? limit ?
Hibernate: select userjoinin0_.user_joining_pool_id as col_0_0_ from user_joining_pool userjoinin0_ where userjoinin0_.user_user_id=? limit ?
Hibernate: select character0_.character_id as col_0_0_ from characters character0_ where character0_.character_character_name=? limit ?
Hibernate: insert into user_joining_pool (user_joining_pool_id, user_created_at, user_name, user_phone_number, user_user_id, user_user_password) values (default, ?, ?, ?, ?, ?)
Hibernate: select user0_.user_id as user_id1_21_0_, user0_.character_id as characte7_21_0_, user0_.user_created_at as user_cre2_21_0_, user0_.user_name as user_nam3_21_0_, user0_.user_phone_number as user_pho4_21_0_, user0_.user_user_id as user_use5_21_0_, user0_.user_user_password as user_use6_21_0_ from user user0_ where user0_.user_id=?
Hibernate: select character0_.character_id as characte1_6_0_, character0_.character_character_name as characte2_6_0_ from characters character0_ where character0_.character_id=?
Hibernate: select count(*) as col_0_0_ from user user0_ where user0_.user_id=?
Hibernate: select character1_.character_id as characte1_6_, character1_.character_character_name as characte2_6_ from user user0_ inner join characters character1_ on user0_.character_id=character1_.character_id where user0_.user_id=?
Hibernate: select permission0_.character_id as characte6_12_0_, permission0_.permission_id as permissi1_12_0_, permission0_.permission_id as permissi1_12_1_, permission0_.character_id as characte6_12_1_, permission0_.permission_name as permissi2_12_1_, permission0_.permission_permission_unit_id as permissi3_12_1_, permission0_.permission_service as permissi4_12_1_, permission0_.permission_status as permissi5_12_1_ from permission permission0_ where permission0_.character_id=?
Hibernate: select userjoinin0_.user_joining_pool_id as col_0_0_ from user_joining_pool userjoinin0_ where userjoinin0_.user_user_id=? limit ?
Hibernate: select userjoinin0_.user_joining_pool_id as user_joi1_22_, userjoinin0_.user_created_at as user_cre2_22_, userjoinin0_.user_name as user_nam3_22_, userjoinin0_.user_phone_number as user_pho4_22_, userjoinin0_.user_user_id as user_use5_22_, userjoinin0_.user_user_password as user_use6_22_ from user_joining_pool userjoinin0_ where userjoinin0_.user_user_id=?
Hibernate: select character0_.character_id as characte1_6_, character0_.character_character_name as characte2_6_ from characters character0_ where character0_.character_character_name=?
Hibernate: insert into user (user_id, character_id, user_created_at, user_name, user_phone_number, user_user_id, user_user_password) values (default, ?, ?, ?, ?, ?, ?)
Hibernate: DELETE FROM USER_JOINING_POOL as JU where JU.USER_USER_ID =?
Hibernate: select user0_.user_id as col_0_0_ from user user0_ where user0_.user_user_id=? limit ?
Hibernate: select user0_.user_id as col_0_0_ from user user0_ where user0_.user_user_id=? limit ?
Hibernate: select U.* from USER U where U.USER_USER_ID =?
Hibernate: select character0_.character_id as characte1_6_0_, character0_.character_character_name as characte2_6_0_ from characters character0_ where character0_.character_id=?
Hibernate: select user0_.user_id as col_0_0_ from user user0_ where user0_.user_user_id=? limit ?
Hibernate: select userjoinin0_.user_joining_pool_id as col_0_0_ from user_joining_pool userjoinin0_ where userjoinin0_.user_user_id=? limit ?
Hibernate: select character0_.character_id as col_0_0_ from characters character0_ where character0_.character_character_name=? limit ?
Hibernate: insert into user_joining_pool (user_joining_pool_id, user_created_at, user_name, user_phone_number, user_user_id, user_user_password) values (default, ?, ?, ?, ?, ?)
Hibernate: select user0_.user_id as user_id1_21_0_, user0_.character_id as characte7_21_0_, user0_.user_created_at as user_cre2_21_0_, user0_.user_name as user_nam3_21_0_, user0_.user_phone_number as user_pho4_21_0_, user0_.user_user_id as user_use5_21_0_, user0_.user_user_password as user_use6_21_0_ from user user0_ where user0_.user_id=?
Hibernate: select character0_.character_id as characte1_6_0_, character0_.character_character_name as characte2_6_0_ from characters character0_ where character0_.character_id=?
Hibernate: select count(*) as col_0_0_ from user user0_ where user0_.user_id=?
Hibernate: select character1_.character_id as characte1_6_, character1_.character_character_name as characte2_6_ from user user0_ inner join characters character1_ on user0_.character_id=character1_.character_id where user0_.user_id=?
Hibernate: select permission0_.character_id as characte6_12_0_, permission0_.permission_id as permissi1_12_0_, permission0_.permission_id as permissi1_12_1_, permission0_.character_id as characte6_12_1_, permission0_.permission_name as permissi2_12_1_, permission0_.permission_permission_unit_id as permissi3_12_1_, permission0_.permission_service as permissi4_12_1_, permission0_.permission_status as permissi5_12_1_ from permission permission0_ where permission0_.character_id=?
Hibernate: select userjoinin0_.user_joining_pool_id as col_0_0_ from user_joining_pool userjoinin0_ where userjoinin0_.user_user_id=? limit ?
Hibernate: select userjoinin0_.user_joining_pool_id as user_joi1_22_, userjoinin0_.user_created_at as user_cre2_22_, userjoinin0_.user_name as user_nam3_22_, userjoinin0_.user_phone_number as user_pho4_22_, userjoinin0_.user_user_id as user_use5_22_, userjoinin0_.user_user_password as user_use6_22_ from user_joining_pool userjoinin0_ where userjoinin0_.user_user_id=?
Hibernate: select character0_.character_id as characte1_6_, character0_.character_character_name as characte2_6_ from characters character0_ where character0_.character_character_name=?
Hibernate: insert into user (user_id, character_id, user_created_at, user_name, user_phone_number, user_user_id, user_user_password) values (default, ?, ?, ?, ?, ?, ?)
Hibernate: DELETE FROM USER_JOINING_POOL as JU where JU.USER_USER_ID =?
Hibernate: select user0_.user_id as col_0_0_ from user user0_ where user0_.user_user_id=? limit ?
Hibernate: select user0_.user_id as col_0_0_ from user user0_ where user0_.user_user_id=? limit ?
Hibernate: select U.* from USER U where U.USER_USER_ID =?
Hibernate: select character0_.character_id as characte1_6_0_, character0_.character_character_name as characte2_6_0_ from characters character0_ where character0_.character_id=?
Hibernate: select user0_.user_id as col_0_0_ from user user0_ where user0_.user_user_id=? limit ?
Hibernate: select userjoinin0_.user_joining_pool_id as col_0_0_ from user_joining_pool userjoinin0_ where userjoinin0_.user_user_id=? limit ?
Hibernate: select character0_.character_id as col_0_0_ from characters character0_ where character0_.character_character_name=? limit ?
Hibernate: insert into user_joining_pool (user_joining_pool_id, user_created_at, user_name, user_phone_number, user_user_id, user_user_password) values (default, ?, ?, ?, ?, ?)
Hibernate: select user0_.user_id as user_id1_21_0_, user0_.character_id as characte7_21_0_, user0_.user_created_at as user_cre2_21_0_, user0_.user_name as user_nam3_21_0_, user0_.user_phone_number as user_pho4_21_0_, user0_.user_user_id as user_use5_21_0_, user0_.user_user_password as user_use6_21_0_ from user user0_ where user0_.user_id=?
Hibernate: select character0_.character_id as characte1_6_0_, character0_.character_character_name as characte2_6_0_ from characters character0_ where character0_.character_id=?
Hibernate: select count(*) as col_0_0_ from user user0_ where user0_.user_id=?
Hibernate: select character1_.character_id as characte1_6_, character1_.character_character_name as characte2_6_ from user user0_ inner join characters character1_ on user0_.character_id=character1_.character_id where user0_.user_id=?
Hibernate: select permission0_.character_id as characte6_12_0_, permission0_.permission_id as permissi1_12_0_, permission0_.permission_id as permissi1_12_1_, permission0_.character_id as characte6_12_1_, permission0_.permission_name as permissi2_12_1_, permission0_.permission_permission_unit_id as permissi3_12_1_, permission0_.permission_service as permissi4_12_1_, permission0_.permission_status as permissi5_12_1_ from permission permission0_ where permission0_.character_id=?
Hibernate: select userjoinin0_.user_joining_pool_id as col_0_0_ from user_joining_pool userjoinin0_ where userjoinin0_.user_user_id=? limit ?
Hibernate: select userjoinin0_.user_joining_pool_id as user_joi1_22_, userjoinin0_.user_created_at as user_cre2_22_, userjoinin0_.user_name as user_nam3_22_, userjoinin0_.user_phone_number as user_pho4_22_, userjoinin0_.user_user_id as user_use5_22_, userjoinin0_.user_user_password as user_use6_22_ from user_joining_pool userjoinin0_ where userjoinin0_.user_user_id=?
Hibernate: select character0_.character_id as characte1_6_, character0_.character_character_name as characte2_6_ from characters character0_ where character0_.character_character_name=?
Hibernate: insert into user (user_id, character_id, user_created_at, user_name, user_phone_number, user_user_id, user_user_password) values (default, ?, ?, ?, ?, ?, ?)
Hibernate: DELETE FROM USER_JOINING_POOL as JU where JU.USER_USER_ID =?
Hibernate: select user0_.user_id as col_0_0_ from user user0_ where user0_.user_user_id=? limit ?
Hibernate: select user0_.user_id as col_0_0_ from user user0_ where user0_.user_user_id=? limit ?
Hibernate: select U.* from USER U where U.USER_USER_ID =?
Hibernate: select character0_.character_id as characte1_6_0_, character0_.character_character_name as characte2_6_0_ from characters character0_ where character0_.character_id=?
Hibernate: select user0_.user_id as col_0_0_ from user user0_ where user0_.user_user_id=? limit ?
Hibernate: select userjoinin0_.user_joining_pool_id as col_0_0_ from user_joining_pool userjoinin0_ where userjoinin0_.user_user_id=? limit ?
Hibernate: select character0_.character_id as col_0_0_ from characters character0_ where character0_.character_character_name=? limit ?
Hibernate: insert into user_joining_pool (user_joining_pool_id, user_created_at, user_name, user_phone_number, user_user_id, user_user_password) values (default, ?, ?, ?, ?, ?)
Hibernate: select user0_.user_id as user_id1_21_0_, user0_.character_id as characte7_21_0_, user0_.user_created_at as user_cre2_21_0_, user0_.user_name as user_nam3_21_0_, user0_.user_phone_number as user_pho4_21_0_, user0_.user_user_id as user_use5_21_0_, user0_.user_user_password as user_use6_21_0_ from user user0_ where user0_.user_id=?
Hibernate: select character0_.character_id as characte1_6_0_, character0_.character_character_name as characte2_6_0_ from characters character0_ where character0_.character_id=?
Hibernate: select count(*) as col_0_0_ from user user0_ where user0_.user_id=?
Hibernate: select character1_.character_id as characte1_6_, character1_.character_character_name as characte2_6_ from user user0_ inner join characters character1_ on user0_.character_id=character1_.character_id where user0_.user_id=?
Hibernate: select permission0_.character_id as characte6_12_0_, permission0_.permission_id as permissi1_12_0_, permission0_.permission_id as permissi1_12_1_, permission0_.character_id as characte6_12_1_, permission0_.permission_name as permissi2_12_1_, permission0_.permission_permission_unit_id as permissi3_12_1_, permission0_.permission_service as permissi4_12_1_, permission0_.permission_status as permissi5_12_1_ from permission permission0_ where permission0_.character_id=?
Hibernate: select userjoinin0_.user_joining_pool_id as col_0_0_ from user_joining_pool userjoinin0_ where userjoinin0_.user_user_id=? limit ?
Hibernate: select userjoinin0_.user_joining_pool_id as user_joi1_22_, userjoinin0_.user_created_at as user_cre2_22_, userjoinin0_.user_name as user_nam3_22_, userjoinin0_.user_phone_number as user_pho4_22_, userjoinin0_.user_user_id as user_use5_22_, userjoinin0_.user_user_password as user_use6_22_ from user_joining_pool userjoinin0_ where userjoinin0_.user_user_id=?
Hibernate: select character0_.character_id as characte1_6_, character0_.character_character_name as characte2_6_ from characters character0_ where character0_.character_character_name=?
Hibernate: insert into user (user_id, character_id, user_created_at, user_name, user_phone_number, user_user_id, user_user_password) values (default, ?, ?, ?, ?, ?, ?)
Hibernate: DELETE FROM USER_JOINING_POOL as JU where JU.USER_USER_ID =?
Hibernate: select user0_.user_id as user_id1_21_0_, user0_.character_id as characte7_21_0_, user0_.user_created_at as user_cre2_21_0_, user0_.user_name as user_nam3_21_0_, user0_.user_phone_number as user_pho4_21_0_, user0_.user_user_id as user_use5_21_0_, user0_.user_user_password as user_use6_21_0_ from user user0_ where user0_.user_id=?
Hibernate: select character0_.character_id as characte1_6_0_, character0_.character_character_name as characte2_6_0_ from characters character0_ where character0_.character_id=?
Hibernate: select count(*) as col_0_0_ from team_building teambuildi0_
Hibernate: select count(*) as col_0_0_ from team_building teambuildi0_
Hibernate: select user0_.user_id as user_id1_21_0_, user0_.character_id as characte7_21_0_, user0_.user_created_at as user_cre2_21_0_, user0_.user_name as user_nam3_21_0_, user0_.user_phone_number as user_pho4_21_0_, user0_.user_user_id as user_use5_21_0_, user0_.user_user_password as user_use6_21_0_ from user user0_ where user0_.user_id=?
Hibernate: select character0_.character_id as characte1_6_0_, character0_.character_character_name as characte2_6_0_ from characters character0_ where character0_.character_id=?
Hibernate: select count(*) as col_0_0_ from user user0_ where user0_.user_id=?
Hibernate: select character1_.character_id as characte1_6_, character1_.character_character_name as characte2_6_ from user user0_ inner join characters character1_ on user0_.character_id=character1_.character_id where user0_.user_id=?
Hibernate: select permission0_.character_id as characte6_12_0_, permission0_.permission_id as permissi1_12_0_, permission0_.permission_id as permissi1_12_1_, permission0_.character_id as characte6_12_1_, permission0_.permission_name as permissi2_12_1_, permission0_.permission_permission_unit_id as permissi3_12_1_, permission0_.permission_service as permissi4_12_1_, permission0_.permission_status as permissi5_12_1_ from permission permission0_ where permission0_.character_id=?
Hibernate: select count(*) as col_0_0_ from team team0_ where team0_.team_team_id=?

MockHttpServletRequest:
      HTTP Method = PUT
      Request URI = /teambuilding/0
       Parameters = {}
          Headers = [Content-Type:"application/json;charset=UTF-8", Accept:"application/json", api-version:"1.0", Authorization:"Bearer eyJhbGciOiJIUzI1NiJ9.eyJzdWIiOiIxIiwiaWF0IjoxNjg3ODc3NDY4LCJleHAiOjE2ODc4ODEwNjh9.L4tO6_dDAW_EBZT75Jfu2R72X2bmpa30eKXBNOnKWzQ", Content-Length:"37"]
             Body = {"team_name":"lalalala","members":[]}
    Session Attrs = {}

Handler:
             Type = org.waldreg.controller.teambuilding.TeamBuildingController
           Method = org.waldreg.controller.teambuilding.TeamBuildingController#updateTeamByTeamId(int, TeamRequest)

Async:
    Async started = false
     Async result = null

Resolved Exception:
             Type = org.waldreg.teambuilding.exception.UnknownTeamIdException

ModelAndView:
        View name = null
             View = null
            Model = null

FlashMap:
       Attributes = null

MockHttpServletResponse:
           Status = 400
    Error message = null
          Headers = [Vary:"Origin", "Access-Control-Request-Method", "Access-Control-Request-Headers", Api-version:"1.0", Content-Type:"application/json"]
     Content type = application/json
             Body = {"code":"TEAMBUILDING-407","messages":"Cannot find team id \"0\"","document_url":"docs.waldreg.org"}
    Forwarded URL = null
   Redirected URL = null
          Cookies = []
Hibernate: select user0_.user_id as col_0_0_ from user user0_ where user0_.user_user_id=? limit ?
Hibernate: select user0_.user_id as col_0_0_ from user user0_ where user0_.user_user_id=? limit ?
Hibernate: select U.* from USER U where U.USER_USER_ID =?
Hibernate: select character0_.character_id as characte1_6_0_, character0_.character_character_name as characte2_6_0_ from characters character0_ where character0_.character_id=?
Hibernate: select user0_.user_id as user_id1_21_0_, user0_.character_id as characte7_21_0_, user0_.user_created_at as user_cre2_21_0_, user0_.user_name as user_nam3_21_0_, user0_.user_phone_number as user_pho4_21_0_, user0_.user_user_id as user_use5_21_0_, user0_.user_user_password as user_use6_21_0_ from user user0_ where user0_.user_id=?
Hibernate: select character0_.character_id as characte1_6_0_, character0_.character_character_name as characte2_6_0_ from characters character0_ where character0_.character_id=?
Hibernate: select count(*) as col_0_0_ from team_building teambuildi0_
Hibernate: select count(*) as col_0_0_ from team_building teambuildi0_
Hibernate: select user0_.user_id as col_0_0_ from user user0_ where user0_.user_user_id=? limit ?
Hibernate: select user0_.user_id as col_0_0_ from user user0_ where user0_.user_user_id=? limit ?
Hibernate: select U.* from USER U where U.USER_USER_ID =?
Hibernate: select character0_.character_id as characte1_6_0_, character0_.character_character_name as characte2_6_0_ from characters character0_ where character0_.character_id=?
Hibernate: select user0_.user_id as col_0_0_ from user user0_ where user0_.user_user_id=? limit ?
Hibernate: select user0_.user_id as user_id1_21_, user0_.character_id as characte7_21_, user0_.user_created_at as user_cre2_21_, user0_.user_name as user_nam3_21_, user0_.user_phone_number as user_pho4_21_, user0_.user_user_id as user_use5_21_, user0_.user_user_password as user_use6_21_ from user user0_ inner join characters character1_ on user0_.character_id=character1_.character_id where user0_.user_user_id=?
Hibernate: select character0_.character_id as characte1_6_0_, character0_.character_character_name as characte2_6_0_ from characters character0_ where character0_.character_id=?
Hibernate: select rewardtagw0_.user_id as user_id4_16_0_, rewardtagw0_.reward_tag_wrapper_reward_id as reward_t1_16_0_, rewardtagw0_.reward_tag_wrapper_reward_id as reward_t1_16_1_, rewardtagw0_.reward_tag_wrapper_reward_presented_at as reward_t2_16_1_, rewardtagw0_.reward_tag_reward_tag_id as reward_t3_16_1_, rewardtagw0_.user_id as user_id4_16_1_ from reward_tag_wrapper rewardtagw0_ where rewardtagw0_.user_id=?
Hibernate: select user0_.user_id as user_id1_21_0_, user0_.character_id as characte7_21_0_, user0_.user_created_at as user_cre2_21_0_, user0_.user_name as user_nam3_21_0_, user0_.user_phone_number as user_pho4_21_0_, user0_.user_user_id as user_use5_21_0_, user0_.user_user_password as user_use6_21_0_ from user user0_ where user0_.user_id=?
Hibernate: select character0_.character_id as characte1_6_0_, character0_.character_character_name as characte2_6_0_ from characters character0_ where character0_.character_id=?
Hibernate: select count(*) as col_0_0_ from user user0_ where user0_.user_id=?
Hibernate: select character1_.character_id as characte1_6_, character1_.character_character_name as characte2_6_ from user user0_ inner join characters character1_ on user0_.character_id=character1_.character_id where user0_.user_id=?
Hibernate: select permission0_.character_id as characte6_12_0_, permission0_.permission_id as permissi1_12_0_, permission0_.permission_id as permissi1_12_1_, permission0_.character_id as characte6_12_1_, permission0_.permission_name as permissi2_12_1_, permission0_.permission_permission_unit_id as permissi3_12_1_, permission0_.permission_service as permissi4_12_1_, permission0_.permission_status as permissi5_12_1_ from permission permission0_ where permission0_.character_id=?
Hibernate: select count(*) as col_0_0_ from user user0_ where user0_.user_id=?
Hibernate: select user0_.user_id as user_id1_21_, user0_.character_id as characte7_21_, user0_.user_created_at as user_cre2_21_, user0_.user_name as user_nam3_21_, user0_.user_phone_number as user_pho4_21_, user0_.user_user_id as user_use5_21_, user0_.user_user_password as user_use6_21_ from user user0_ where user0_.user_id=?
Hibernate: select character0_.character_id as characte1_6_0_, character0_.character_character_name as characte2_6_0_ from characters character0_ where character0_.character_id=?
Hibernate: select rewardtagw0_.user_id as user_id4_16_0_, rewardtagw0_.reward_tag_wrapper_reward_id as reward_t1_16_0_, rewardtagw0_.reward_tag_wrapper_reward_id as reward_t1_16_1_, rewardtagw0_.reward_tag_wrapper_reward_presented_at as reward_t2_16_1_, rewardtagw0_.reward_tag_reward_tag_id as reward_t3_16_1_, rewardtagw0_.user_id as user_id4_16_1_ from reward_tag_wrapper rewardtagw0_ where rewardtagw0_.user_id=?
Hibernate: select attendance0_.attendance_user_attendance_user_id as col_0_0_ from attendance_user attendance0_ where attendance0_.user_id=? limit ?
Hibernate: DELETE FROM USER WHERE USER_ID = ?
Hibernate: select user0_.user_id as col_0_0_ from user user0_ where user0_.user_user_id=? limit ?
Hibernate: select user0_.user_id as col_0_0_ from user user0_ where user0_.user_user_id=? limit ?
Hibernate: select user0_.user_id as user_id1_21_, user0_.character_id as characte7_21_, user0_.user_created_at as user_cre2_21_, user0_.user_name as user_nam3_21_, user0_.user_phone_number as user_pho4_21_, user0_.user_user_id as user_use5_21_, user0_.user_user_password as user_use6_21_ from user user0_ inner join characters character1_ on user0_.character_id=character1_.character_id where user0_.user_user_id=?
Hibernate: select character0_.character_id as characte1_6_0_, character0_.character_character_name as characte2_6_0_ from characters character0_ where character0_.character_id=?
Hibernate: select rewardtagw0_.user_id as user_id4_16_0_, rewardtagw0_.reward_tag_wrapper_reward_id as reward_t1_16_0_, rewardtagw0_.reward_tag_wrapper_reward_id as reward_t1_16_1_, rewardtagw0_.reward_tag_wrapper_reward_presented_at as reward_t2_16_1_, rewardtagw0_.reward_tag_reward_tag_id as reward_t3_16_1_, rewardtagw0_.user_id as user_id4_16_1_ from reward_tag_wrapper rewardtagw0_ where rewardtagw0_.user_id=?
Hibernate: select user0_.user_id as user_id1_21_0_, user0_.character_id as characte7_21_0_, user0_.user_created_at as user_cre2_21_0_, user0_.user_name as user_nam3_21_0_, user0_.user_phone_number as user_pho4_21_0_, user0_.user_user_id as user_use5_21_0_, user0_.user_user_password as user_use6_21_0_ from user user0_ where user0_.user_id=?
Hibernate: select character0_.character_id as characte1_6_0_, character0_.character_character_name as characte2_6_0_ from characters character0_ where character0_.character_id=?
Hibernate: select count(*) as col_0_0_ from user user0_ where user0_.user_id=?
Hibernate: select character1_.character_id as characte1_6_, character1_.character_character_name as characte2_6_ from user user0_ inner join characters character1_ on user0_.character_id=character1_.character_id where user0_.user_id=?
Hibernate: select permission0_.character_id as characte6_12_0_, permission0_.permission_id as permissi1_12_0_, permission0_.permission_id as permissi1_12_1_, permission0_.character_id as characte6_12_1_, permission0_.permission_name as permissi2_12_1_, permission0_.permission_permission_unit_id as permissi3_12_1_, permission0_.permission_service as permissi4_12_1_, permission0_.permission_status as permissi5_12_1_ from permission permission0_ where permission0_.character_id=?
Hibernate: select count(*) as col_0_0_ from user user0_ where user0_.user_id=?
Hibernate: select user0_.user_id as user_id1_21_, user0_.character_id as characte7_21_, user0_.user_created_at as user_cre2_21_, user0_.user_name as user_nam3_21_, user0_.user_phone_number as user_pho4_21_, user0_.user_user_id as user_use5_21_, user0_.user_user_password as user_use6_21_ from user user0_ where user0_.user_id=?
Hibernate: select character0_.character_id as characte1_6_0_, character0_.character_character_name as characte2_6_0_ from characters character0_ where character0_.character_id=?
Hibernate: select rewardtagw0_.user_id as user_id4_16_0_, rewardtagw0_.reward_tag_wrapper_reward_id as reward_t1_16_0_, rewardtagw0_.reward_tag_wrapper_reward_id as reward_t1_16_1_, rewardtagw0_.reward_tag_wrapper_reward_presented_at as reward_t2_16_1_, rewardtagw0_.reward_tag_reward_tag_id as reward_t3_16_1_, rewardtagw0_.user_id as user_id4_16_1_ from reward_tag_wrapper rewardtagw0_ where rewardtagw0_.user_id=?
Hibernate: select attendance0_.attendance_user_attendance_user_id as col_0_0_ from attendance_user attendance0_ where attendance0_.user_id=? limit ?
Hibernate: DELETE FROM USER WHERE USER_ID = ?
Hibernate: select user0_.user_id as col_0_0_ from user user0_ where user0_.user_user_id=? limit ?
Hibernate: select user0_.user_id as col_0_0_ from user user0_ where user0_.user_user_id=? limit ?
Hibernate: select user0_.user_id as user_id1_21_, user0_.character_id as characte7_21_, user0_.user_created_at as user_cre2_21_, user0_.user_name as user_nam3_21_, user0_.user_phone_number as user_pho4_21_, user0_.user_user_id as user_use5_21_, user0_.user_user_password as user_use6_21_ from user user0_ inner join characters character1_ on user0_.character_id=character1_.character_id where user0_.user_user_id=?
Hibernate: select character0_.character_id as characte1_6_0_, character0_.character_character_name as characte2_6_0_ from characters character0_ where character0_.character_id=?
Hibernate: select rewardtagw0_.user_id as user_id4_16_0_, rewardtagw0_.reward_tag_wrapper_reward_id as reward_t1_16_0_, rewardtagw0_.reward_tag_wrapper_reward_id as reward_t1_16_1_, rewardtagw0_.reward_tag_wrapper_reward_presented_at as reward_t2_16_1_, rewardtagw0_.reward_tag_reward_tag_id as reward_t3_16_1_, rewardtagw0_.user_id as user_id4_16_1_ from reward_tag_wrapper rewardtagw0_ where rewardtagw0_.user_id=?
Hibernate: select user0_.user_id as user_id1_21_0_, user0_.character_id as characte7_21_0_, user0_.user_created_at as user_cre2_21_0_, user0_.user_name as user_nam3_21_0_, user0_.user_phone_number as user_pho4_21_0_, user0_.user_user_id as user_use5_21_0_, user0_.user_user_password as user_use6_21_0_ from user user0_ where user0_.user_id=?
Hibernate: select character0_.character_id as characte1_6_0_, character0_.character_character_name as characte2_6_0_ from characters character0_ where character0_.character_id=?
Hibernate: select count(*) as col_0_0_ from user user0_ where user0_.user_id=?
Hibernate: select character1_.character_id as characte1_6_, character1_.character_character_name as characte2_6_ from user user0_ inner join characters character1_ on user0_.character_id=character1_.character_id where user0_.user_id=?
Hibernate: select permission0_.character_id as characte6_12_0_, permission0_.permission_id as permissi1_12_0_, permission0_.permission_id as permissi1_12_1_, permission0_.character_id as characte6_12_1_, permission0_.permission_name as permissi2_12_1_, permission0_.permission_permission_unit_id as permissi3_12_1_, permission0_.permission_service as permissi4_12_1_, permission0_.permission_status as permissi5_12_1_ from permission permission0_ where permission0_.character_id=?
Hibernate: select count(*) as col_0_0_ from user user0_ where user0_.user_id=?
Hibernate: select user0_.user_id as user_id1_21_, user0_.character_id as characte7_21_, user0_.user_created_at as user_cre2_21_, user0_.user_name as user_nam3_21_, user0_.user_phone_number as user_pho4_21_, user0_.user_user_id as user_use5_21_, user0_.user_user_password as user_use6_21_ from user user0_ where user0_.user_id=?
Hibernate: select character0_.character_id as characte1_6_0_, character0_.character_character_name as characte2_6_0_ from characters character0_ where character0_.character_id=?
Hibernate: select rewardtagw0_.user_id as user_id4_16_0_, rewardtagw0_.reward_tag_wrapper_reward_id as reward_t1_16_0_, rewardtagw0_.reward_tag_wrapper_reward_id as reward_t1_16_1_, rewardtagw0_.reward_tag_wrapper_reward_presented_at as reward_t2_16_1_, rewardtagw0_.reward_tag_reward_tag_id as reward_t3_16_1_, rewardtagw0_.user_id as user_id4_16_1_ from reward_tag_wrapper rewardtagw0_ where rewardtagw0_.user_id=?
Hibernate: select attendance0_.attendance_user_attendance_user_id as col_0_0_ from attendance_user attendance0_ where attendance0_.user_id=? limit ?
Hibernate: DELETE FROM USER WHERE USER_ID = ?
Hibernate: select user0_.user_id as col_0_0_ from user user0_ where user0_.user_user_id=? limit ?
Hibernate: select user0_.user_id as col_0_0_ from user user0_ where user0_.user_user_id=? limit ?
Hibernate: select user0_.user_id as user_id1_21_, user0_.character_id as characte7_21_, user0_.user_created_at as user_cre2_21_, user0_.user_name as user_nam3_21_, user0_.user_phone_number as user_pho4_21_, user0_.user_user_id as user_use5_21_, user0_.user_user_password as user_use6_21_ from user user0_ inner join characters character1_ on user0_.character_id=character1_.character_id where user0_.user_user_id=?
Hibernate: select character0_.character_id as characte1_6_0_, character0_.character_character_name as characte2_6_0_ from characters character0_ where character0_.character_id=?
Hibernate: select rewardtagw0_.user_id as user_id4_16_0_, rewardtagw0_.reward_tag_wrapper_reward_id as reward_t1_16_0_, rewardtagw0_.reward_tag_wrapper_reward_id as reward_t1_16_1_, rewardtagw0_.reward_tag_wrapper_reward_presented_at as reward_t2_16_1_, rewardtagw0_.reward_tag_reward_tag_id as reward_t3_16_1_, rewardtagw0_.user_id as user_id4_16_1_ from reward_tag_wrapper rewardtagw0_ where rewardtagw0_.user_id=?
Hibernate: select user0_.user_id as user_id1_21_0_, user0_.character_id as characte7_21_0_, user0_.user_created_at as user_cre2_21_0_, user0_.user_name as user_nam3_21_0_, user0_.user_phone_number as user_pho4_21_0_, user0_.user_user_id as user_use5_21_0_, user0_.user_user_password as user_use6_21_0_ from user user0_ where user0_.user_id=?
Hibernate: select character0_.character_id as characte1_6_0_, character0_.character_character_name as characte2_6_0_ from characters character0_ where character0_.character_id=?
Hibernate: select count(*) as col_0_0_ from user user0_ where user0_.user_id=?
Hibernate: select character1_.character_id as characte1_6_, character1_.character_character_name as characte2_6_ from user user0_ inner join characters character1_ on user0_.character_id=character1_.character_id where user0_.user_id=?
Hibernate: select permission0_.character_id as characte6_12_0_, permission0_.permission_id as permissi1_12_0_, permission0_.permission_id as permissi1_12_1_, permission0_.character_id as characte6_12_1_, permission0_.permission_name as permissi2_12_1_, permission0_.permission_permission_unit_id as permissi3_12_1_, permission0_.permission_service as permissi4_12_1_, permission0_.permission_status as permissi5_12_1_ from permission permission0_ where permission0_.character_id=?
Hibernate: select count(*) as col_0_0_ from user user0_ where user0_.user_id=?
Hibernate: select user0_.user_id as user_id1_21_, user0_.character_id as characte7_21_, user0_.user_created_at as user_cre2_21_, user0_.user_name as user_nam3_21_, user0_.user_phone_number as user_pho4_21_, user0_.user_user_id as user_use5_21_, user0_.user_user_password as user_use6_21_ from user user0_ where user0_.user_id=?
Hibernate: select character0_.character_id as characte1_6_0_, character0_.character_character_name as characte2_6_0_ from characters character0_ where character0_.character_id=?
Hibernate: select rewardtagw0_.user_id as user_id4_16_0_, rewardtagw0_.reward_tag_wrapper_reward_id as reward_t1_16_0_, rewardtagw0_.reward_tag_wrapper_reward_id as reward_t1_16_1_, rewardtagw0_.reward_tag_wrapper_reward_presented_at as reward_t2_16_1_, rewardtagw0_.reward_tag_reward_tag_id as reward_t3_16_1_, rewardtagw0_.user_id as user_id4_16_1_ from reward_tag_wrapper rewardtagw0_ where rewardtagw0_.user_id=?
Hibernate: select attendance0_.attendance_user_attendance_user_id as col_0_0_ from attendance_user attendance0_ where attendance0_.user_id=? limit ?
Hibernate: DELETE FROM USER WHERE USER_ID = ?
Hibernate: select user0_.user_id as col_0_0_ from user user0_ where user0_.user_user_id=? limit ?
Hibernate: select user0_.user_id as col_0_0_ from user user0_ where user0_.user_user_id=? limit ?
Hibernate: select user0_.user_id as user_id1_21_, user0_.character_id as characte7_21_, user0_.user_created_at as user_cre2_21_, user0_.user_name as user_nam3_21_, user0_.user_phone_number as user_pho4_21_, user0_.user_user_id as user_use5_21_, user0_.user_user_password as user_use6_21_ from user user0_ inner join characters character1_ on user0_.character_id=character1_.character_id where user0_.user_user_id=?
Hibernate: select character0_.character_id as characte1_6_0_, character0_.character_character_name as characte2_6_0_ from characters character0_ where character0_.character_id=?
Hibernate: select rewardtagw0_.user_id as user_id4_16_0_, rewardtagw0_.reward_tag_wrapper_reward_id as reward_t1_16_0_, rewardtagw0_.reward_tag_wrapper_reward_id as reward_t1_16_1_, rewardtagw0_.reward_tag_wrapper_reward_presented_at as reward_t2_16_1_, rewardtagw0_.reward_tag_reward_tag_id as reward_t3_16_1_, rewardtagw0_.user_id as user_id4_16_1_ from reward_tag_wrapper rewardtagw0_ where rewardtagw0_.user_id=?
Hibernate: select user0_.user_id as user_id1_21_0_, user0_.character_id as characte7_21_0_, user0_.user_created_at as user_cre2_21_0_, user0_.user_name as user_nam3_21_0_, user0_.user_phone_number as user_pho4_21_0_, user0_.user_user_id as user_use5_21_0_, user0_.user_user_password as user_use6_21_0_ from user user0_ where user0_.user_id=?
Hibernate: select character0_.character_id as characte1_6_0_, character0_.character_character_name as characte2_6_0_ from characters character0_ where character0_.character_id=?
Hibernate: select count(*) as col_0_0_ from user user0_ where user0_.user_id=?
Hibernate: select character1_.character_id as characte1_6_, character1_.character_character_name as characte2_6_ from user user0_ inner join characters character1_ on user0_.character_id=character1_.character_id where user0_.user_id=?
Hibernate: select permission0_.character_id as characte6_12_0_, permission0_.permission_id as permissi1_12_0_, permission0_.permission_id as permissi1_12_1_, permission0_.character_id as characte6_12_1_, permission0_.permission_name as permissi2_12_1_, permission0_.permission_permission_unit_id as permissi3_12_1_, permission0_.permission_service as permissi4_12_1_, permission0_.permission_status as permissi5_12_1_ from permission permission0_ where permission0_.character_id=?
Hibernate: select count(*) as col_0_0_ from user user0_ where user0_.user_id=?
Hibernate: select user0_.user_id as user_id1_21_, user0_.character_id as characte7_21_, user0_.user_created_at as user_cre2_21_, user0_.user_name as user_nam3_21_, user0_.user_phone_number as user_pho4_21_, user0_.user_user_id as user_use5_21_, user0_.user_user_password as user_use6_21_ from user user0_ where user0_.user_id=?
Hibernate: select character0_.character_id as characte1_6_0_, character0_.character_character_name as characte2_6_0_ from characters character0_ where character0_.character_id=?
Hibernate: select rewardtagw0_.user_id as user_id4_16_0_, rewardtagw0_.reward_tag_wrapper_reward_id as reward_t1_16_0_, rewardtagw0_.reward_tag_wrapper_reward_id as reward_t1_16_1_, rewardtagw0_.reward_tag_wrapper_reward_presented_at as reward_t2_16_1_, rewardtagw0_.reward_tag_reward_tag_id as reward_t3_16_1_, rewardtagw0_.user_id as user_id4_16_1_ from reward_tag_wrapper rewardtagw0_ where rewardtagw0_.user_id=?
Hibernate: select attendance0_.attendance_user_attendance_user_id as col_0_0_ from attendance_user attendance0_ where attendance0_.user_id=? limit ?
Hibernate: DELETE FROM USER WHERE USER_ID = ?
Hibernate: select user0_.user_id as col_0_0_ from user user0_ where user0_.user_user_id=? limit ?
Hibernate: select user0_.user_id as col_0_0_ from user user0_ where user0_.user_user_id=? limit ?
Hibernate: select user0_.user_id as col_0_0_ from user user0_ where user0_.user_user_id=? limit ?
Hibernate: select U.* from USER U where U.USER_USER_ID =?
Hibernate: select character0_.character_id as characte1_6_0_, character0_.character_character_name as characte2_6_0_ from characters character0_ where character0_.character_id=?
Hibernate: select user0_.user_id as user_id1_21_0_, user0_.character_id as characte7_21_0_, user0_.user_created_at as user_cre2_21_0_, user0_.user_name as user_nam3_21_0_, user0_.user_phone_number as user_pho4_21_0_, user0_.user_user_id as user_use5_21_0_, user0_.user_user_password as user_use6_21_0_ from user user0_ where user0_.user_id=?
Hibernate: select character0_.character_id as characte1_6_0_, character0_.character_character_name as characte2_6_0_ from characters character0_ where character0_.character_id=?
Hibernate: select count(*) as col_0_0_ from team_building teambuildi0_
Hibernate: select count(*) as col_0_0_ from team_building teambuildi0_
Hibernate: select user0_.user_id as col_0_0_ from user user0_ where user0_.user_user_id=? limit ?
Hibernate: select user0_.user_id as col_0_0_ from user user0_ where user0_.user_user_id=? limit ?
Hibernate: select U.* from USER U where U.USER_USER_ID =?
Hibernate: select character0_.character_id as characte1_6_0_, character0_.character_character_name as characte2_6_0_ from characters character0_ where character0_.character_id=?
Hibernate: select user0_.user_id as col_0_0_ from user user0_ where user0_.user_user_id=? limit ?
Hibernate: select user0_.user_id as col_0_0_ from user user0_ where user0_.user_user_id=? limit ?
Hibernate: select U.* from USER U where U.USER_USER_ID =?
Hibernate: select character0_.character_id as characte1_6_0_, character0_.character_character_name as characte2_6_0_ from characters character0_ where character0_.character_id=?
Hibernate: select user0_.user_id as col_0_0_ from user user0_ where user0_.user_user_id=? limit ?
Hibernate: select user0_.user_id as col_0_0_ from user user0_ where user0_.user_user_id=? limit ?
Hibernate: select U.* from USER U where U.USER_USER_ID =?
Hibernate: select character0_.character_id as characte1_6_0_, character0_.character_character_name as characte2_6_0_ from characters character0_ where character0_.character_id=?
Hibernate: select user0_.user_id as col_0_0_ from user user0_ where user0_.user_user_id=? limit ?
Hibernate: select userjoinin0_.user_joining_pool_id as col_0_0_ from user_joining_pool userjoinin0_ where userjoinin0_.user_user_id=? limit ?
Hibernate: select character0_.character_id as col_0_0_ from characters character0_ where character0_.character_character_name=? limit ?
Hibernate: insert into user_joining_pool (user_joining_pool_id, user_created_at, user_name, user_phone_number, user_user_id, user_user_password) values (default, ?, ?, ?, ?, ?)
Hibernate: select user0_.user_id as user_id1_21_0_, user0_.character_id as characte7_21_0_, user0_.user_created_at as user_cre2_21_0_, user0_.user_name as user_nam3_21_0_, user0_.user_phone_number as user_pho4_21_0_, user0_.user_user_id as user_use5_21_0_, user0_.user_user_password as user_use6_21_0_ from user user0_ where user0_.user_id=?
Hibernate: select character0_.character_id as characte1_6_0_, character0_.character_character_name as characte2_6_0_ from characters character0_ where character0_.character_id=?
Hibernate: select count(*) as col_0_0_ from user user0_ where user0_.user_id=?
Hibernate: select character1_.character_id as characte1_6_, character1_.character_character_name as characte2_6_ from user user0_ inner join characters character1_ on user0_.character_id=character1_.character_id where user0_.user_id=?
Hibernate: select permission0_.character_id as characte6_12_0_, permission0_.permission_id as permissi1_12_0_, permission0_.permission_id as permissi1_12_1_, permission0_.character_id as characte6_12_1_, permission0_.permission_name as permissi2_12_1_, permission0_.permission_permission_unit_id as permissi3_12_1_, permission0_.permission_service as permissi4_12_1_, permission0_.permission_status as permissi5_12_1_ from permission permission0_ where permission0_.character_id=?
Hibernate: select userjoinin0_.user_joining_pool_id as col_0_0_ from user_joining_pool userjoinin0_ where userjoinin0_.user_user_id=? limit ?
Hibernate: select userjoinin0_.user_joining_pool_id as user_joi1_22_, userjoinin0_.user_created_at as user_cre2_22_, userjoinin0_.user_name as user_nam3_22_, userjoinin0_.user_phone_number as user_pho4_22_, userjoinin0_.user_user_id as user_use5_22_, userjoinin0_.user_user_password as user_use6_22_ from user_joining_pool userjoinin0_ where userjoinin0_.user_user_id=?
Hibernate: select character0_.character_id as characte1_6_, character0_.character_character_name as characte2_6_ from characters character0_ where character0_.character_character_name=?
Hibernate: insert into user (user_id, character_id, user_created_at, user_name, user_phone_number, user_user_id, user_user_password) values (default, ?, ?, ?, ?, ?, ?)
Hibernate: DELETE FROM USER_JOINING_POOL as JU where JU.USER_USER_ID =?
Hibernate: select user0_.user_id as col_0_0_ from user user0_ where user0_.user_user_id=? limit ?
Hibernate: select user0_.user_id as col_0_0_ from user user0_ where user0_.user_user_id=? limit ?
Hibernate: select U.* from USER U where U.USER_USER_ID =?
Hibernate: select character0_.character_id as characte1_6_0_, character0_.character_character_name as characte2_6_0_ from characters character0_ where character0_.character_id=?
Hibernate: select user0_.user_id as col_0_0_ from user user0_ where user0_.user_user_id=? limit ?
Hibernate: select userjoinin0_.user_joining_pool_id as col_0_0_ from user_joining_pool userjoinin0_ where userjoinin0_.user_user_id=? limit ?
Hibernate: select character0_.character_id as col_0_0_ from characters character0_ where character0_.character_character_name=? limit ?
Hibernate: insert into user_joining_pool (user_joining_pool_id, user_created_at, user_name, user_phone_number, user_user_id, user_user_password) values (default, ?, ?, ?, ?, ?)
Hibernate: select user0_.user_id as user_id1_21_0_, user0_.character_id as characte7_21_0_, user0_.user_created_at as user_cre2_21_0_, user0_.user_name as user_nam3_21_0_, user0_.user_phone_number as user_pho4_21_0_, user0_.user_user_id as user_use5_21_0_, user0_.user_user_password as user_use6_21_0_ from user user0_ where user0_.user_id=?
Hibernate: select character0_.character_id as characte1_6_0_, character0_.character_character_name as characte2_6_0_ from characters character0_ where character0_.character_id=?
Hibernate: select count(*) as col_0_0_ from user user0_ where user0_.user_id=?
Hibernate: select character1_.character_id as characte1_6_, character1_.character_character_name as characte2_6_ from user user0_ inner join characters character1_ on user0_.character_id=character1_.character_id where user0_.user_id=?
Hibernate: select permission0_.character_id as characte6_12_0_, permission0_.permission_id as permissi1_12_0_, permission0_.permission_id as permissi1_12_1_, permission0_.character_id as characte6_12_1_, permission0_.permission_name as permissi2_12_1_, permission0_.permission_permission_unit_id as permissi3_12_1_, permission0_.permission_service as permissi4_12_1_, permission0_.permission_status as permissi5_12_1_ from permission permission0_ where permission0_.character_id=?
Hibernate: select userjoinin0_.user_joining_pool_id as col_0_0_ from user_joining_pool userjoinin0_ where userjoinin0_.user_user_id=? limit ?
Hibernate: select userjoinin0_.user_joining_pool_id as user_joi1_22_, userjoinin0_.user_created_at as user_cre2_22_, userjoinin0_.user_name as user_nam3_22_, userjoinin0_.user_phone_number as user_pho4_22_, userjoinin0_.user_user_id as user_use5_22_, userjoinin0_.user_user_password as user_use6_22_ from user_joining_pool userjoinin0_ where userjoinin0_.user_user_id=?
Hibernate: select character0_.character_id as characte1_6_, character0_.character_character_name as characte2_6_ from characters character0_ where character0_.character_character_name=?
Hibernate: insert into user (user_id, character_id, user_created_at, user_name, user_phone_number, user_user_id, user_user_password) values (default, ?, ?, ?, ?, ?, ?)
Hibernate: DELETE FROM USER_JOINING_POOL as JU where JU.USER_USER_ID =?
Hibernate: select user0_.user_id as col_0_0_ from user user0_ where user0_.user_user_id=? limit ?
Hibernate: select user0_.user_id as col_0_0_ from user user0_ where user0_.user_user_id=? limit ?
Hibernate: select U.* from USER U where U.USER_USER_ID =?
Hibernate: select character0_.character_id as characte1_6_0_, character0_.character_character_name as characte2_6_0_ from characters character0_ where character0_.character_id=?
Hibernate: select user0_.user_id as col_0_0_ from user user0_ where user0_.user_user_id=? limit ?
Hibernate: select userjoinin0_.user_joining_pool_id as col_0_0_ from user_joining_pool userjoinin0_ where userjoinin0_.user_user_id=? limit ?
Hibernate: select character0_.character_id as col_0_0_ from characters character0_ where character0_.character_character_name=? limit ?
Hibernate: insert into user_joining_pool (user_joining_pool_id, user_created_at, user_name, user_phone_number, user_user_id, user_user_password) values (default, ?, ?, ?, ?, ?)
Hibernate: select user0_.user_id as user_id1_21_0_, user0_.character_id as characte7_21_0_, user0_.user_created_at as user_cre2_21_0_, user0_.user_name as user_nam3_21_0_, user0_.user_phone_number as user_pho4_21_0_, user0_.user_user_id as user_use5_21_0_, user0_.user_user_password as user_use6_21_0_ from user user0_ where user0_.user_id=?
Hibernate: select character0_.character_id as characte1_6_0_, character0_.character_character_name as characte2_6_0_ from characters character0_ where character0_.character_id=?
Hibernate: select count(*) as col_0_0_ from user user0_ where user0_.user_id=?
Hibernate: select character1_.character_id as characte1_6_, character1_.character_character_name as characte2_6_ from user user0_ inner join characters character1_ on user0_.character_id=character1_.character_id where user0_.user_id=?
Hibernate: select permission0_.character_id as characte6_12_0_, permission0_.permission_id as permissi1_12_0_, permission0_.permission_id as permissi1_12_1_, permission0_.character_id as characte6_12_1_, permission0_.permission_name as permissi2_12_1_, permission0_.permission_permission_unit_id as permissi3_12_1_, permission0_.permission_service as permissi4_12_1_, permission0_.permission_status as permissi5_12_1_ from permission permission0_ where permission0_.character_id=?
Hibernate: select userjoinin0_.user_joining_pool_id as col_0_0_ from user_joining_pool userjoinin0_ where userjoinin0_.user_user_id=? limit ?
Hibernate: select userjoinin0_.user_joining_pool_id as user_joi1_22_, userjoinin0_.user_created_at as user_cre2_22_, userjoinin0_.user_name as user_nam3_22_, userjoinin0_.user_phone_number as user_pho4_22_, userjoinin0_.user_user_id as user_use5_22_, userjoinin0_.user_user_password as user_use6_22_ from user_joining_pool userjoinin0_ where userjoinin0_.user_user_id=?
Hibernate: select character0_.character_id as characte1_6_, character0_.character_character_name as characte2_6_ from characters character0_ where character0_.character_character_name=?
Hibernate: insert into user (user_id, character_id, user_created_at, user_name, user_phone_number, user_user_id, user_user_password) values (default, ?, ?, ?, ?, ?, ?)
Hibernate: DELETE FROM USER_JOINING_POOL as JU where JU.USER_USER_ID =?
Hibernate: select user0_.user_id as col_0_0_ from user user0_ where user0_.user_user_id=? limit ?
Hibernate: select user0_.user_id as col_0_0_ from user user0_ where user0_.user_user_id=? limit ?
Hibernate: select U.* from USER U where U.USER_USER_ID =?
Hibernate: select character0_.character_id as characte1_6_0_, character0_.character_character_name as characte2_6_0_ from characters character0_ where character0_.character_id=?
Hibernate: select user0_.user_id as col_0_0_ from user user0_ where user0_.user_user_id=? limit ?
Hibernate: select userjoinin0_.user_joining_pool_id as col_0_0_ from user_joining_pool userjoinin0_ where userjoinin0_.user_user_id=? limit ?
Hibernate: select character0_.character_id as col_0_0_ from characters character0_ where character0_.character_character_name=? limit ?
Hibernate: insert into user_joining_pool (user_joining_pool_id, user_created_at, user_name, user_phone_number, user_user_id, user_user_password) values (default, ?, ?, ?, ?, ?)
Hibernate: select user0_.user_id as user_id1_21_0_, user0_.character_id as characte7_21_0_, user0_.user_created_at as user_cre2_21_0_, user0_.user_name as user_nam3_21_0_, user0_.user_phone_number as user_pho4_21_0_, user0_.user_user_id as user_use5_21_0_, user0_.user_user_password as user_use6_21_0_ from user user0_ where user0_.user_id=?
Hibernate: select character0_.character_id as characte1_6_0_, character0_.character_character_name as characte2_6_0_ from characters character0_ where character0_.character_id=?
Hibernate: select count(*) as col_0_0_ from user user0_ where user0_.user_id=?
Hibernate: select character1_.character_id as characte1_6_, character1_.character_character_name as characte2_6_ from user user0_ inner join characters character1_ on user0_.character_id=character1_.character_id where user0_.user_id=?
Hibernate: select permission0_.character_id as characte6_12_0_, permission0_.permission_id as permissi1_12_0_, permission0_.permission_id as permissi1_12_1_, permission0_.character_id as characte6_12_1_, permission0_.permission_name as permissi2_12_1_, permission0_.permission_permission_unit_id as permissi3_12_1_, permission0_.permission_service as permissi4_12_1_, permission0_.permission_status as permissi5_12_1_ from permission permission0_ where permission0_.character_id=?
Hibernate: select userjoinin0_.user_joining_pool_id as col_0_0_ from user_joining_pool userjoinin0_ where userjoinin0_.user_user_id=? limit ?
Hibernate: select userjoinin0_.user_joining_pool_id as user_joi1_22_, userjoinin0_.user_created_at as user_cre2_22_, userjoinin0_.user_name as user_nam3_22_, userjoinin0_.user_phone_number as user_pho4_22_, userjoinin0_.user_user_id as user_use5_22_, userjoinin0_.user_user_password as user_use6_22_ from user_joining_pool userjoinin0_ where userjoinin0_.user_user_id=?
Hibernate: select character0_.character_id as characte1_6_, character0_.character_character_name as characte2_6_ from characters character0_ where character0_.character_character_name=?
Hibernate: insert into user (user_id, character_id, user_created_at, user_name, user_phone_number, user_user_id, user_user_password) values (default, ?, ?, ?, ?, ?, ?)
Hibernate: DELETE FROM USER_JOINING_POOL as JU where JU.USER_USER_ID =?
Hibernate: select user0_.user_id as col_0_0_ from user user0_ where user0_.user_user_id=? limit ?
Hibernate: select user0_.user_id as col_0_0_ from user user0_ where user0_.user_user_id=? limit ?
Hibernate: select U.* from USER U where U.USER_USER_ID =?
Hibernate: select character0_.character_id as characte1_6_0_, character0_.character_character_name as characte2_6_0_ from characters character0_ where character0_.character_id=?
Hibernate: select user0_.user_id as col_0_0_ from user user0_ where user0_.user_user_id=? limit ?
Hibernate: select userjoinin0_.user_joining_pool_id as col_0_0_ from user_joining_pool userjoinin0_ where userjoinin0_.user_user_id=? limit ?
Hibernate: select character0_.character_id as col_0_0_ from characters character0_ where character0_.character_character_name=? limit ?
Hibernate: insert into user_joining_pool (user_joining_pool_id, user_created_at, user_name, user_phone_number, user_user_id, user_user_password) values (default, ?, ?, ?, ?, ?)
Hibernate: select user0_.user_id as user_id1_21_0_, user0_.character_id as characte7_21_0_, user0_.user_created_at as user_cre2_21_0_, user0_.user_name as user_nam3_21_0_, user0_.user_phone_number as user_pho4_21_0_, user0_.user_user_id as user_use5_21_0_, user0_.user_user_password as user_use6_21_0_ from user user0_ where user0_.user_id=?
Hibernate: select character0_.character_id as characte1_6_0_, character0_.character_character_name as characte2_6_0_ from characters character0_ where character0_.character_id=?
Hibernate: select count(*) as col_0_0_ from user user0_ where user0_.user_id=?
Hibernate: select character1_.character_id as characte1_6_, character1_.character_character_name as characte2_6_ from user user0_ inner join characters character1_ on user0_.character_id=character1_.character_id where user0_.user_id=?
Hibernate: select permission0_.character_id as characte6_12_0_, permission0_.permission_id as permissi1_12_0_, permission0_.permission_id as permissi1_12_1_, permission0_.character_id as characte6_12_1_, permission0_.permission_name as permissi2_12_1_, permission0_.permission_permission_unit_id as permissi3_12_1_, permission0_.permission_service as permissi4_12_1_, permission0_.permission_status as permissi5_12_1_ from permission permission0_ where permission0_.character_id=?
Hibernate: select userjoinin0_.user_joining_pool_id as col_0_0_ from user_joining_pool userjoinin0_ where userjoinin0_.user_user_id=? limit ?
Hibernate: select userjoinin0_.user_joining_pool_id as user_joi1_22_, userjoinin0_.user_created_at as user_cre2_22_, userjoinin0_.user_name as user_nam3_22_, userjoinin0_.user_phone_number as user_pho4_22_, userjoinin0_.user_user_id as user_use5_22_, userjoinin0_.user_user_password as user_use6_22_ from user_joining_pool userjoinin0_ where userjoinin0_.user_user_id=?
Hibernate: select character0_.character_id as characte1_6_, character0_.character_character_name as characte2_6_ from characters character0_ where character0_.character_character_name=?
Hibernate: insert into user (user_id, character_id, user_created_at, user_name, user_phone_number, user_user_id, user_user_password) values (default, ?, ?, ?, ?, ?, ?)
Hibernate: DELETE FROM USER_JOINING_POOL as JU where JU.USER_USER_ID =?
Hibernate: select user0_.user_id as user_id1_21_0_, user0_.character_id as characte7_21_0_, user0_.user_created_at as user_cre2_21_0_, user0_.user_name as user_nam3_21_0_, user0_.user_phone_number as user_pho4_21_0_, user0_.user_user_id as user_use5_21_0_, user0_.user_user_password as user_use6_21_0_ from user user0_ where user0_.user_id=?
Hibernate: select character0_.character_id as characte1_6_0_, character0_.character_character_name as characte2_6_0_ from characters character0_ where character0_.character_id=?
Hibernate: select count(*) as col_0_0_ from team_building teambuildi0_
Hibernate: select count(*) as col_0_0_ from team_building teambuildi0_
Hibernate: select user0_.user_id as user_id1_21_0_, user0_.character_id as characte7_21_0_, user0_.user_created_at as user_cre2_21_0_, user0_.user_name as user_nam3_21_0_, user0_.user_phone_number as user_pho4_21_0_, user0_.user_user_id as user_use5_21_0_, user0_.user_user_password as user_use6_21_0_ from user user0_ where user0_.user_id=?
Hibernate: select character0_.character_id as characte1_6_0_, character0_.character_character_name as characte2_6_0_ from characters character0_ where character0_.character_id=?
Hibernate: select count(*) as col_0_0_ from user user0_ where user0_.user_id=?
Hibernate: select character1_.character_id as characte1_6_, character1_.character_character_name as characte2_6_ from user user0_ inner join characters character1_ on user0_.character_id=character1_.character_id where user0_.user_id=?
Hibernate: select permission0_.character_id as characte6_12_0_, permission0_.permission_id as permissi1_12_0_, permission0_.permission_id as permissi1_12_1_, permission0_.character_id as characte6_12_1_, permission0_.permission_name as permissi2_12_1_, permission0_.permission_permission_unit_id as permissi3_12_1_, permission0_.permission_service as permissi4_12_1_, permission0_.permission_status as permissi5_12_1_ from permission permission0_ where permission0_.character_id=?
Hibernate: select count(*) as col_0_0_ from team_building teambuildi0_ where teambuildi0_.team_building_team_building_id=?

MockHttpServletRequest:
      HTTP Method = PATCH
      Request URI = /teambuilding/group/0
       Parameters = {}
          Headers = [Content-Type:"application/json;charset=UTF-8", Accept:"application/json", api-version:"1.0", Authorization:"Bearer eyJhbGciOiJIUzI1NiJ9.eyJzdWIiOiIxIiwiaWF0IjoxNjg3ODc3NDY4LCJleHAiOjE2ODc4ODEwNjh9.L4tO6_dDAW_EBZT75Jfu2R72X2bmpa30eKXBNOnKWzQ", Content-Length:"42"]
             Body = {"teambuilding_title":"lalaalalalalaalaa"}
    Session Attrs = {}

Handler:
             Type = org.waldreg.controller.teambuilding.TeamBuildingController
           Method = org.waldreg.controller.teambuilding.TeamBuildingController#updateTeamBuildingByTeamBuildingId(int, TeamBuildingUpdateRequest)

Async:
    Async started = false
     Async result = null

Resolved Exception:
             Type = org.waldreg.teambuilding.exception.UnknownTeamBuildingIdException

ModelAndView:
        View name = null
             View = null
            Model = null

FlashMap:
       Attributes = null

MockHttpServletResponse:
           Status = 400
    Error message = null
          Headers = [Vary:"Origin", "Access-Control-Request-Method", "Access-Control-Request-Headers", Api-version:"1.0", Content-Type:"application/json"]
     Content type = application/json
             Body = {"code":"TEAMBUILDING-400","messages":"Cannot find teambuilding id \"0\"","document_url":"docs.waldreg.org"}
    Forwarded URL = null
   Redirected URL = null
          Cookies = []
Hibernate: select user0_.user_id as col_0_0_ from user user0_ where user0_.user_user_id=? limit ?
Hibernate: select user0_.user_id as col_0_0_ from user user0_ where user0_.user_user_id=? limit ?
Hibernate: select U.* from USER U where U.USER_USER_ID =?
Hibernate: select character0_.character_id as characte1_6_0_, character0_.character_character_name as characte2_6_0_ from characters character0_ where character0_.character_id=?
Hibernate: select user0_.user_id as user_id1_21_0_, user0_.character_id as characte7_21_0_, user0_.user_created_at as user_cre2_21_0_, user0_.user_name as user_nam3_21_0_, user0_.user_phone_number as user_pho4_21_0_, user0_.user_user_id as user_use5_21_0_, user0_.user_user_password as user_use6_21_0_ from user user0_ where user0_.user_id=?
Hibernate: select character0_.character_id as characte1_6_0_, character0_.character_character_name as characte2_6_0_ from characters character0_ where character0_.character_id=?
Hibernate: select count(*) as col_0_0_ from team_building teambuildi0_
Hibernate: select count(*) as col_0_0_ from team_building teambuildi0_
Hibernate: select user0_.user_id as col_0_0_ from user user0_ where user0_.user_user_id=? limit ?
Hibernate: select user0_.user_id as col_0_0_ from user user0_ where user0_.user_user_id=? limit ?
Hibernate: select U.* from USER U where U.USER_USER_ID =?
Hibernate: select character0_.character_id as characte1_6_0_, character0_.character_character_name as characte2_6_0_ from characters character0_ where character0_.character_id=?
Hibernate: select user0_.user_id as col_0_0_ from user user0_ where user0_.user_user_id=? limit ?
Hibernate: select user0_.user_id as user_id1_21_, user0_.character_id as characte7_21_, user0_.user_created_at as user_cre2_21_, user0_.user_name as user_nam3_21_, user0_.user_phone_number as user_pho4_21_, user0_.user_user_id as user_use5_21_, user0_.user_user_password as user_use6_21_ from user user0_ inner join characters character1_ on user0_.character_id=character1_.character_id where user0_.user_user_id=?
Hibernate: select character0_.character_id as characte1_6_0_, character0_.character_character_name as characte2_6_0_ from characters character0_ where character0_.character_id=?
Hibernate: select rewardtagw0_.user_id as user_id4_16_0_, rewardtagw0_.reward_tag_wrapper_reward_id as reward_t1_16_0_, rewardtagw0_.reward_tag_wrapper_reward_id as reward_t1_16_1_, rewardtagw0_.reward_tag_wrapper_reward_presented_at as reward_t2_16_1_, rewardtagw0_.reward_tag_reward_tag_id as reward_t3_16_1_, rewardtagw0_.user_id as user_id4_16_1_ from reward_tag_wrapper rewardtagw0_ where rewardtagw0_.user_id=?
Hibernate: select user0_.user_id as user_id1_21_0_, user0_.character_id as characte7_21_0_, user0_.user_created_at as user_cre2_21_0_, user0_.user_name as user_nam3_21_0_, user0_.user_phone_number as user_pho4_21_0_, user0_.user_user_id as user_use5_21_0_, user0_.user_user_password as user_use6_21_0_ from user user0_ where user0_.user_id=?
Hibernate: select character0_.character_id as characte1_6_0_, character0_.character_character_name as characte2_6_0_ from characters character0_ where character0_.character_id=?
Hibernate: select count(*) as col_0_0_ from user user0_ where user0_.user_id=?
Hibernate: select character1_.character_id as characte1_6_, character1_.character_character_name as characte2_6_ from user user0_ inner join characters character1_ on user0_.character_id=character1_.character_id where user0_.user_id=?
Hibernate: select permission0_.character_id as characte6_12_0_, permission0_.permission_id as permissi1_12_0_, permission0_.permission_id as permissi1_12_1_, permission0_.character_id as characte6_12_1_, permission0_.permission_name as permissi2_12_1_, permission0_.permission_permission_unit_id as permissi3_12_1_, permission0_.permission_service as permissi4_12_1_, permission0_.permission_status as permissi5_12_1_ from permission permission0_ where permission0_.character_id=?
Hibernate: select count(*) as col_0_0_ from user user0_ where user0_.user_id=?
Hibernate: select user0_.user_id as user_id1_21_, user0_.character_id as characte7_21_, user0_.user_created_at as user_cre2_21_, user0_.user_name as user_nam3_21_, user0_.user_phone_number as user_pho4_21_, user0_.user_user_id as user_use5_21_, user0_.user_user_password as user_use6_21_ from user user0_ where user0_.user_id=?
Hibernate: select character0_.character_id as characte1_6_0_, character0_.character_character_name as characte2_6_0_ from characters character0_ where character0_.character_id=?
Hibernate: select rewardtagw0_.user_id as user_id4_16_0_, rewardtagw0_.reward_tag_wrapper_reward_id as reward_t1_16_0_, rewardtagw0_.reward_tag_wrapper_reward_id as reward_t1_16_1_, rewardtagw0_.reward_tag_wrapper_reward_presented_at as reward_t2_16_1_, rewardtagw0_.reward_tag_reward_tag_id as reward_t3_16_1_, rewardtagw0_.user_id as user_id4_16_1_ from reward_tag_wrapper rewardtagw0_ where rewardtagw0_.user_id=?
Hibernate: select attendance0_.attendance_user_attendance_user_id as col_0_0_ from attendance_user attendance0_ where attendance0_.user_id=? limit ?
Hibernate: DELETE FROM USER WHERE USER_ID = ?
Hibernate: select user0_.user_id as col_0_0_ from user user0_ where user0_.user_user_id=? limit ?
Hibernate: select user0_.user_id as col_0_0_ from user user0_ where user0_.user_user_id=? limit ?
Hibernate: select user0_.user_id as user_id1_21_, user0_.character_id as characte7_21_, user0_.user_created_at as user_cre2_21_, user0_.user_name as user_nam3_21_, user0_.user_phone_number as user_pho4_21_, user0_.user_user_id as user_use5_21_, user0_.user_user_password as user_use6_21_ from user user0_ inner join characters character1_ on user0_.character_id=character1_.character_id where user0_.user_user_id=?
Hibernate: select character0_.character_id as characte1_6_0_, character0_.character_character_name as characte2_6_0_ from characters character0_ where character0_.character_id=?
Hibernate: select rewardtagw0_.user_id as user_id4_16_0_, rewardtagw0_.reward_tag_wrapper_reward_id as reward_t1_16_0_, rewardtagw0_.reward_tag_wrapper_reward_id as reward_t1_16_1_, rewardtagw0_.reward_tag_wrapper_reward_presented_at as reward_t2_16_1_, rewardtagw0_.reward_tag_reward_tag_id as reward_t3_16_1_, rewardtagw0_.user_id as user_id4_16_1_ from reward_tag_wrapper rewardtagw0_ where rewardtagw0_.user_id=?
Hibernate: select user0_.user_id as user_id1_21_0_, user0_.character_id as characte7_21_0_, user0_.user_created_at as user_cre2_21_0_, user0_.user_name as user_nam3_21_0_, user0_.user_phone_number as user_pho4_21_0_, user0_.user_user_id as user_use5_21_0_, user0_.user_user_password as user_use6_21_0_ from user user0_ where user0_.user_id=?
Hibernate: select character0_.character_id as characte1_6_0_, character0_.character_character_name as characte2_6_0_ from characters character0_ where character0_.character_id=?
Hibernate: select count(*) as col_0_0_ from user user0_ where user0_.user_id=?
Hibernate: select character1_.character_id as characte1_6_, character1_.character_character_name as characte2_6_ from user user0_ inner join characters character1_ on user0_.character_id=character1_.character_id where user0_.user_id=?
Hibernate: select permission0_.character_id as characte6_12_0_, permission0_.permission_id as permissi1_12_0_, permission0_.permission_id as permissi1_12_1_, permission0_.character_id as characte6_12_1_, permission0_.permission_name as permissi2_12_1_, permission0_.permission_permission_unit_id as permissi3_12_1_, permission0_.permission_service as permissi4_12_1_, permission0_.permission_status as permissi5_12_1_ from permission permission0_ where permission0_.character_id=?
Hibernate: select count(*) as col_0_0_ from user user0_ where user0_.user_id=?
Hibernate: select user0_.user_id as user_id1_21_, user0_.character_id as characte7_21_, user0_.user_created_at as user_cre2_21_, user0_.user_name as user_nam3_21_, user0_.user_phone_number as user_pho4_21_, user0_.user_user_id as user_use5_21_, user0_.user_user_password as user_use6_21_ from user user0_ where user0_.user_id=?
Hibernate: select character0_.character_id as characte1_6_0_, character0_.character_character_name as characte2_6_0_ from characters character0_ where character0_.character_id=?
Hibernate: select rewardtagw0_.user_id as user_id4_16_0_, rewardtagw0_.reward_tag_wrapper_reward_id as reward_t1_16_0_, rewardtagw0_.reward_tag_wrapper_reward_id as reward_t1_16_1_, rewardtagw0_.reward_tag_wrapper_reward_presented_at as reward_t2_16_1_, rewardtagw0_.reward_tag_reward_tag_id as reward_t3_16_1_, rewardtagw0_.user_id as user_id4_16_1_ from reward_tag_wrapper rewardtagw0_ where rewardtagw0_.user_id=?
Hibernate: select attendance0_.attendance_user_attendance_user_id as col_0_0_ from attendance_user attendance0_ where attendance0_.user_id=? limit ?
Hibernate: DELETE FROM USER WHERE USER_ID = ?
Hibernate: select user0_.user_id as col_0_0_ from user user0_ where user0_.user_user_id=? limit ?
Hibernate: select user0_.user_id as col_0_0_ from user user0_ where user0_.user_user_id=? limit ?
Hibernate: select user0_.user_id as user_id1_21_, user0_.character_id as characte7_21_, user0_.user_created_at as user_cre2_21_, user0_.user_name as user_nam3_21_, user0_.user_phone_number as user_pho4_21_, user0_.user_user_id as user_use5_21_, user0_.user_user_password as user_use6_21_ from user user0_ inner join characters character1_ on user0_.character_id=character1_.character_id where user0_.user_user_id=?
Hibernate: select character0_.character_id as characte1_6_0_, character0_.character_character_name as characte2_6_0_ from characters character0_ where character0_.character_id=?
Hibernate: select rewardtagw0_.user_id as user_id4_16_0_, rewardtagw0_.reward_tag_wrapper_reward_id as reward_t1_16_0_, rewardtagw0_.reward_tag_wrapper_reward_id as reward_t1_16_1_, rewardtagw0_.reward_tag_wrapper_reward_presented_at as reward_t2_16_1_, rewardtagw0_.reward_tag_reward_tag_id as reward_t3_16_1_, rewardtagw0_.user_id as user_id4_16_1_ from reward_tag_wrapper rewardtagw0_ where rewardtagw0_.user_id=?
Hibernate: select user0_.user_id as user_id1_21_0_, user0_.character_id as characte7_21_0_, user0_.user_created_at as user_cre2_21_0_, user0_.user_name as user_nam3_21_0_, user0_.user_phone_number as user_pho4_21_0_, user0_.user_user_id as user_use5_21_0_, user0_.user_user_password as user_use6_21_0_ from user user0_ where user0_.user_id=?
Hibernate: select character0_.character_id as characte1_6_0_, character0_.character_character_name as characte2_6_0_ from characters character0_ where character0_.character_id=?
Hibernate: select count(*) as col_0_0_ from user user0_ where user0_.user_id=?
Hibernate: select character1_.character_id as characte1_6_, character1_.character_character_name as characte2_6_ from user user0_ inner join characters character1_ on user0_.character_id=character1_.character_id where user0_.user_id=?
Hibernate: select permission0_.character_id as characte6_12_0_, permission0_.permission_id as permissi1_12_0_, permission0_.permission_id as permissi1_12_1_, permission0_.character_id as characte6_12_1_, permission0_.permission_name as permissi2_12_1_, permission0_.permission_permission_unit_id as permissi3_12_1_, permission0_.permission_service as permissi4_12_1_, permission0_.permission_status as permissi5_12_1_ from permission permission0_ where permission0_.character_id=?
Hibernate: select count(*) as col_0_0_ from user user0_ where user0_.user_id=?
Hibernate: select user0_.user_id as user_id1_21_, user0_.character_id as characte7_21_, user0_.user_created_at as user_cre2_21_, user0_.user_name as user_nam3_21_, user0_.user_phone_number as user_pho4_21_, user0_.user_user_id as user_use5_21_, user0_.user_user_password as user_use6_21_ from user user0_ where user0_.user_id=?
Hibernate: select character0_.character_id as characte1_6_0_, character0_.character_character_name as characte2_6_0_ from characters character0_ where character0_.character_id=?
Hibernate: select rewardtagw0_.user_id as user_id4_16_0_, rewardtagw0_.reward_tag_wrapper_reward_id as reward_t1_16_0_, rewardtagw0_.reward_tag_wrapper_reward_id as reward_t1_16_1_, rewardtagw0_.reward_tag_wrapper_reward_presented_at as reward_t2_16_1_, rewardtagw0_.reward_tag_reward_tag_id as reward_t3_16_1_, rewardtagw0_.user_id as user_id4_16_1_ from reward_tag_wrapper rewardtagw0_ where rewardtagw0_.user_id=?
Hibernate: select attendance0_.attendance_user_attendance_user_id as col_0_0_ from attendance_user attendance0_ where attendance0_.user_id=? limit ?
Hibernate: DELETE FROM USER WHERE USER_ID = ?
Hibernate: select user0_.user_id as col_0_0_ from user user0_ where user0_.user_user_id=? limit ?
Hibernate: select user0_.user_id as col_0_0_ from user user0_ where user0_.user_user_id=? limit ?
Hibernate: select user0_.user_id as user_id1_21_, user0_.character_id as characte7_21_, user0_.user_created_at as user_cre2_21_, user0_.user_name as user_nam3_21_, user0_.user_phone_number as user_pho4_21_, user0_.user_user_id as user_use5_21_, user0_.user_user_password as user_use6_21_ from user user0_ inner join characters character1_ on user0_.character_id=character1_.character_id where user0_.user_user_id=?
Hibernate: select character0_.character_id as characte1_6_0_, character0_.character_character_name as characte2_6_0_ from characters character0_ where character0_.character_id=?
Hibernate: select rewardtagw0_.user_id as user_id4_16_0_, rewardtagw0_.reward_tag_wrapper_reward_id as reward_t1_16_0_, rewardtagw0_.reward_tag_wrapper_reward_id as reward_t1_16_1_, rewardtagw0_.reward_tag_wrapper_reward_presented_at as reward_t2_16_1_, rewardtagw0_.reward_tag_reward_tag_id as reward_t3_16_1_, rewardtagw0_.user_id as user_id4_16_1_ from reward_tag_wrapper rewardtagw0_ where rewardtagw0_.user_id=?
Hibernate: select user0_.user_id as user_id1_21_0_, user0_.character_id as characte7_21_0_, user0_.user_created_at as user_cre2_21_0_, user0_.user_name as user_nam3_21_0_, user0_.user_phone_number as user_pho4_21_0_, user0_.user_user_id as user_use5_21_0_, user0_.user_user_password as user_use6_21_0_ from user user0_ where user0_.user_id=?
Hibernate: select character0_.character_id as characte1_6_0_, character0_.character_character_name as characte2_6_0_ from characters character0_ where character0_.character_id=?
Hibernate: select count(*) as col_0_0_ from user user0_ where user0_.user_id=?
Hibernate: select character1_.character_id as characte1_6_, character1_.character_character_name as characte2_6_ from user user0_ inner join characters character1_ on user0_.character_id=character1_.character_id where user0_.user_id=?
Hibernate: select permission0_.character_id as characte6_12_0_, permission0_.permission_id as permissi1_12_0_, permission0_.permission_id as permissi1_12_1_, permission0_.character_id as characte6_12_1_, permission0_.permission_name as permissi2_12_1_, permission0_.permission_permission_unit_id as permissi3_12_1_, permission0_.permission_service as permissi4_12_1_, permission0_.permission_status as permissi5_12_1_ from permission permission0_ where permission0_.character_id=?
Hibernate: select count(*) as col_0_0_ from user user0_ where user0_.user_id=?
Hibernate: select user0_.user_id as user_id1_21_, user0_.character_id as characte7_21_, user0_.user_created_at as user_cre2_21_, user0_.user_name as user_nam3_21_, user0_.user_phone_number as user_pho4_21_, user0_.user_user_id as user_use5_21_, user0_.user_user_password as user_use6_21_ from user user0_ where user0_.user_id=?
Hibernate: select character0_.character_id as characte1_6_0_, character0_.character_character_name as characte2_6_0_ from characters character0_ where character0_.character_id=?
Hibernate: select rewardtagw0_.user_id as user_id4_16_0_, rewardtagw0_.reward_tag_wrapper_reward_id as reward_t1_16_0_, rewardtagw0_.reward_tag_wrapper_reward_id as reward_t1_16_1_, rewardtagw0_.reward_tag_wrapper_reward_presented_at as reward_t2_16_1_, rewardtagw0_.reward_tag_reward_tag_id as reward_t3_16_1_, rewardtagw0_.user_id as user_id4_16_1_ from reward_tag_wrapper rewardtagw0_ where rewardtagw0_.user_id=?
Hibernate: select attendance0_.attendance_user_attendance_user_id as col_0_0_ from attendance_user attendance0_ where attendance0_.user_id=? limit ?
Hibernate: DELETE FROM USER WHERE USER_ID = ?
Hibernate: select user0_.user_id as col_0_0_ from user user0_ where user0_.user_user_id=? limit ?
Hibernate: select user0_.user_id as col_0_0_ from user user0_ where user0_.user_user_id=? limit ?
Hibernate: select user0_.user_id as user_id1_21_, user0_.character_id as characte7_21_, user0_.user_created_at as user_cre2_21_, user0_.user_name as user_nam3_21_, user0_.user_phone_number as user_pho4_21_, user0_.user_user_id as user_use5_21_, user0_.user_user_password as user_use6_21_ from user user0_ inner join characters character1_ on user0_.character_id=character1_.character_id where user0_.user_user_id=?
Hibernate: select character0_.character_id as characte1_6_0_, character0_.character_character_name as characte2_6_0_ from characters character0_ where character0_.character_id=?
Hibernate: select rewardtagw0_.user_id as user_id4_16_0_, rewardtagw0_.reward_tag_wrapper_reward_id as reward_t1_16_0_, rewardtagw0_.reward_tag_wrapper_reward_id as reward_t1_16_1_, rewardtagw0_.reward_tag_wrapper_reward_presented_at as reward_t2_16_1_, rewardtagw0_.reward_tag_reward_tag_id as reward_t3_16_1_, rewardtagw0_.user_id as user_id4_16_1_ from reward_tag_wrapper rewardtagw0_ where rewardtagw0_.user_id=?
Hibernate: select user0_.user_id as user_id1_21_0_, user0_.character_id as characte7_21_0_, user0_.user_created_at as user_cre2_21_0_, user0_.user_name as user_nam3_21_0_, user0_.user_phone_number as user_pho4_21_0_, user0_.user_user_id as user_use5_21_0_, user0_.user_user_password as user_use6_21_0_ from user user0_ where user0_.user_id=?
Hibernate: select character0_.character_id as characte1_6_0_, character0_.character_character_name as characte2_6_0_ from characters character0_ where character0_.character_id=?
Hibernate: select count(*) as col_0_0_ from user user0_ where user0_.user_id=?
Hibernate: select character1_.character_id as characte1_6_, character1_.character_character_name as characte2_6_ from user user0_ inner join characters character1_ on user0_.character_id=character1_.character_id where user0_.user_id=?
Hibernate: select permission0_.character_id as characte6_12_0_, permission0_.permission_id as permissi1_12_0_, permission0_.permission_id as permissi1_12_1_, permission0_.character_id as characte6_12_1_, permission0_.permission_name as permissi2_12_1_, permission0_.permission_permission_unit_id as permissi3_12_1_, permission0_.permission_service as permissi4_12_1_, permission0_.permission_status as permissi5_12_1_ from permission permission0_ where permission0_.character_id=?
Hibernate: select count(*) as col_0_0_ from user user0_ where user0_.user_id=?
Hibernate: select user0_.user_id as user_id1_21_, user0_.character_id as characte7_21_, user0_.user_created_at as user_cre2_21_, user0_.user_name as user_nam3_21_, user0_.user_phone_number as user_pho4_21_, user0_.user_user_id as user_use5_21_, user0_.user_user_password as user_use6_21_ from user user0_ where user0_.user_id=?
Hibernate: select character0_.character_id as characte1_6_0_, character0_.character_character_name as characte2_6_0_ from characters character0_ where character0_.character_id=?
Hibernate: select rewardtagw0_.user_id as user_id4_16_0_, rewardtagw0_.reward_tag_wrapper_reward_id as reward_t1_16_0_, rewardtagw0_.reward_tag_wrapper_reward_id as reward_t1_16_1_, rewardtagw0_.reward_tag_wrapper_reward_presented_at as reward_t2_16_1_, rewardtagw0_.reward_tag_reward_tag_id as reward_t3_16_1_, rewardtagw0_.user_id as user_id4_16_1_ from reward_tag_wrapper rewardtagw0_ where rewardtagw0_.user_id=?
Hibernate: select attendance0_.attendance_user_attendance_user_id as col_0_0_ from attendance_user attendance0_ where attendance0_.user_id=? limit ?
Hibernate: DELETE FROM USER WHERE USER_ID = ?
Hibernate: select user0_.user_id as col_0_0_ from user user0_ where user0_.user_user_id=? limit ?
Hibernate: select user0_.user_id as col_0_0_ from user user0_ where user0_.user_user_id=? limit ?
Hibernate: select user0_.user_id as col_0_0_ from user user0_ where user0_.user_user_id=? limit ?
Hibernate: select U.* from USER U where U.USER_USER_ID =?
Hibernate: select character0_.character_id as characte1_6_0_, character0_.character_character_name as characte2_6_0_ from characters character0_ where character0_.character_id=?
Hibernate: select user0_.user_id as user_id1_21_0_, user0_.character_id as characte7_21_0_, user0_.user_created_at as user_cre2_21_0_, user0_.user_name as user_nam3_21_0_, user0_.user_phone_number as user_pho4_21_0_, user0_.user_user_id as user_use5_21_0_, user0_.user_user_password as user_use6_21_0_ from user user0_ where user0_.user_id=?
Hibernate: select character0_.character_id as characte1_6_0_, character0_.character_character_name as characte2_6_0_ from characters character0_ where character0_.character_id=?
Hibernate: select count(*) as col_0_0_ from team_building teambuildi0_
Hibernate: select count(*) as col_0_0_ from team_building teambuildi0_
Hibernate: select user0_.user_id as col_0_0_ from user user0_ where user0_.user_user_id=? limit ?
Hibernate: select user0_.user_id as col_0_0_ from user user0_ where user0_.user_user_id=? limit ?
Hibernate: select U.* from USER U where U.USER_USER_ID =?
Hibernate: select character0_.character_id as characte1_6_0_, character0_.character_character_name as characte2_6_0_ from characters character0_ where character0_.character_id=?
Hibernate: select user0_.user_id as col_0_0_ from user user0_ where user0_.user_user_id=? limit ?
Hibernate: select user0_.user_id as col_0_0_ from user user0_ where user0_.user_user_id=? limit ?
Hibernate: select U.* from USER U where U.USER_USER_ID =?
Hibernate: select character0_.character_id as characte1_6_0_, character0_.character_character_name as characte2_6_0_ from characters character0_ where character0_.character_id=?
Hibernate: select user0_.user_id as col_0_0_ from user user0_ where user0_.user_user_id=? limit ?
Hibernate: select user0_.user_id as col_0_0_ from user user0_ where user0_.user_user_id=? limit ?
Hibernate: select U.* from USER U where U.USER_USER_ID =?
Hibernate: select character0_.character_id as characte1_6_0_, character0_.character_character_name as characte2_6_0_ from characters character0_ where character0_.character_id=?
Hibernate: select user0_.user_id as col_0_0_ from user user0_ where user0_.user_user_id=? limit ?
Hibernate: select userjoinin0_.user_joining_pool_id as col_0_0_ from user_joining_pool userjoinin0_ where userjoinin0_.user_user_id=? limit ?
Hibernate: select character0_.character_id as col_0_0_ from characters character0_ where character0_.character_character_name=? limit ?
Hibernate: insert into user_joining_pool (user_joining_pool_id, user_created_at, user_name, user_phone_number, user_user_id, user_user_password) values (default, ?, ?, ?, ?, ?)
Hibernate: select user0_.user_id as user_id1_21_0_, user0_.character_id as characte7_21_0_, user0_.user_created_at as user_cre2_21_0_, user0_.user_name as user_nam3_21_0_, user0_.user_phone_number as user_pho4_21_0_, user0_.user_user_id as user_use5_21_0_, user0_.user_user_password as user_use6_21_0_ from user user0_ where user0_.user_id=?
Hibernate: select character0_.character_id as characte1_6_0_, character0_.character_character_name as characte2_6_0_ from characters character0_ where character0_.character_id=?
Hibernate: select count(*) as col_0_0_ from user user0_ where user0_.user_id=?
Hibernate: select character1_.character_id as characte1_6_, character1_.character_character_name as characte2_6_ from user user0_ inner join characters character1_ on user0_.character_id=character1_.character_id where user0_.user_id=?
Hibernate: select permission0_.character_id as characte6_12_0_, permission0_.permission_id as permissi1_12_0_, permission0_.permission_id as permissi1_12_1_, permission0_.character_id as characte6_12_1_, permission0_.permission_name as permissi2_12_1_, permission0_.permission_permission_unit_id as permissi3_12_1_, permission0_.permission_service as permissi4_12_1_, permission0_.permission_status as permissi5_12_1_ from permission permission0_ where permission0_.character_id=?
Hibernate: select userjoinin0_.user_joining_pool_id as col_0_0_ from user_joining_pool userjoinin0_ where userjoinin0_.user_user_id=? limit ?
Hibernate: select userjoinin0_.user_joining_pool_id as user_joi1_22_, userjoinin0_.user_created_at as user_cre2_22_, userjoinin0_.user_name as user_nam3_22_, userjoinin0_.user_phone_number as user_pho4_22_, userjoinin0_.user_user_id as user_use5_22_, userjoinin0_.user_user_password as user_use6_22_ from user_joining_pool userjoinin0_ where userjoinin0_.user_user_id=?
Hibernate: select character0_.character_id as characte1_6_, character0_.character_character_name as characte2_6_ from characters character0_ where character0_.character_character_name=?
Hibernate: insert into user (user_id, character_id, user_created_at, user_name, user_phone_number, user_user_id, user_user_password) values (default, ?, ?, ?, ?, ?, ?)
Hibernate: DELETE FROM USER_JOINING_POOL as JU where JU.USER_USER_ID =?
Hibernate: select user0_.user_id as col_0_0_ from user user0_ where user0_.user_user_id=? limit ?
Hibernate: select user0_.user_id as col_0_0_ from user user0_ where user0_.user_user_id=? limit ?
Hibernate: select U.* from USER U where U.USER_USER_ID =?
Hibernate: select character0_.character_id as characte1_6_0_, character0_.character_character_name as characte2_6_0_ from characters character0_ where character0_.character_id=?
Hibernate: select user0_.user_id as col_0_0_ from user user0_ where user0_.user_user_id=? limit ?
Hibernate: select userjoinin0_.user_joining_pool_id as col_0_0_ from user_joining_pool userjoinin0_ where userjoinin0_.user_user_id=? limit ?
Hibernate: select character0_.character_id as col_0_0_ from characters character0_ where character0_.character_character_name=? limit ?
Hibernate: insert into user_joining_pool (user_joining_pool_id, user_created_at, user_name, user_phone_number, user_user_id, user_user_password) values (default, ?, ?, ?, ?, ?)
Hibernate: select user0_.user_id as user_id1_21_0_, user0_.character_id as characte7_21_0_, user0_.user_created_at as user_cre2_21_0_, user0_.user_name as user_nam3_21_0_, user0_.user_phone_number as user_pho4_21_0_, user0_.user_user_id as user_use5_21_0_, user0_.user_user_password as user_use6_21_0_ from user user0_ where user0_.user_id=?
Hibernate: select character0_.character_id as characte1_6_0_, character0_.character_character_name as characte2_6_0_ from characters character0_ where character0_.character_id=?
Hibernate: select count(*) as col_0_0_ from user user0_ where user0_.user_id=?
Hibernate: select character1_.character_id as characte1_6_, character1_.character_character_name as characte2_6_ from user user0_ inner join characters character1_ on user0_.character_id=character1_.character_id where user0_.user_id=?
Hibernate: select permission0_.character_id as characte6_12_0_, permission0_.permission_id as permissi1_12_0_, permission0_.permission_id as permissi1_12_1_, permission0_.character_id as characte6_12_1_, permission0_.permission_name as permissi2_12_1_, permission0_.permission_permission_unit_id as permissi3_12_1_, permission0_.permission_service as permissi4_12_1_, permission0_.permission_status as permissi5_12_1_ from permission permission0_ where permission0_.character_id=?
Hibernate: select userjoinin0_.user_joining_pool_id as col_0_0_ from user_joining_pool userjoinin0_ where userjoinin0_.user_user_id=? limit ?
Hibernate: select userjoinin0_.user_joining_pool_id as user_joi1_22_, userjoinin0_.user_created_at as user_cre2_22_, userjoinin0_.user_name as user_nam3_22_, userjoinin0_.user_phone_number as user_pho4_22_, userjoinin0_.user_user_id as user_use5_22_, userjoinin0_.user_user_password as user_use6_22_ from user_joining_pool userjoinin0_ where userjoinin0_.user_user_id=?
Hibernate: select character0_.character_id as characte1_6_, character0_.character_character_name as characte2_6_ from characters character0_ where character0_.character_character_name=?
Hibernate: insert into user (user_id, character_id, user_created_at, user_name, user_phone_number, user_user_id, user_user_password) values (default, ?, ?, ?, ?, ?, ?)
Hibernate: DELETE FROM USER_JOINING_POOL as JU where JU.USER_USER_ID =?
Hibernate: select user0_.user_id as col_0_0_ from user user0_ where user0_.user_user_id=? limit ?
Hibernate: select user0_.user_id as col_0_0_ from user user0_ where user0_.user_user_id=? limit ?
Hibernate: select U.* from USER U where U.USER_USER_ID =?
Hibernate: select character0_.character_id as characte1_6_0_, character0_.character_character_name as characte2_6_0_ from characters character0_ where character0_.character_id=?
Hibernate: select user0_.user_id as col_0_0_ from user user0_ where user0_.user_user_id=? limit ?
Hibernate: select userjoinin0_.user_joining_pool_id as col_0_0_ from user_joining_pool userjoinin0_ where userjoinin0_.user_user_id=? limit ?
Hibernate: select character0_.character_id as col_0_0_ from characters character0_ where character0_.character_character_name=? limit ?
Hibernate: insert into user_joining_pool (user_joining_pool_id, user_created_at, user_name, user_phone_number, user_user_id, user_user_password) values (default, ?, ?, ?, ?, ?)
Hibernate: select user0_.user_id as user_id1_21_0_, user0_.character_id as characte7_21_0_, user0_.user_created_at as user_cre2_21_0_, user0_.user_name as user_nam3_21_0_, user0_.user_phone_number as user_pho4_21_0_, user0_.user_user_id as user_use5_21_0_, user0_.user_user_password as user_use6_21_0_ from user user0_ where user0_.user_id=?
Hibernate: select character0_.character_id as characte1_6_0_, character0_.character_character_name as characte2_6_0_ from characters character0_ where character0_.character_id=?
Hibernate: select count(*) as col_0_0_ from user user0_ where user0_.user_id=?
Hibernate: select character1_.character_id as characte1_6_, character1_.character_character_name as characte2_6_ from user user0_ inner join characters character1_ on user0_.character_id=character1_.character_id where user0_.user_id=?
Hibernate: select permission0_.character_id as characte6_12_0_, permission0_.permission_id as permissi1_12_0_, permission0_.permission_id as permissi1_12_1_, permission0_.character_id as characte6_12_1_, permission0_.permission_name as permissi2_12_1_, permission0_.permission_permission_unit_id as permissi3_12_1_, permission0_.permission_service as permissi4_12_1_, permission0_.permission_status as permissi5_12_1_ from permission permission0_ where permission0_.character_id=?
Hibernate: select userjoinin0_.user_joining_pool_id as col_0_0_ from user_joining_pool userjoinin0_ where userjoinin0_.user_user_id=? limit ?
Hibernate: select userjoinin0_.user_joining_pool_id as user_joi1_22_, userjoinin0_.user_created_at as user_cre2_22_, userjoinin0_.user_name as user_nam3_22_, userjoinin0_.user_phone_number as user_pho4_22_, userjoinin0_.user_user_id as user_use5_22_, userjoinin0_.user_user_password as user_use6_22_ from user_joining_pool userjoinin0_ where userjoinin0_.user_user_id=?
Hibernate: select character0_.character_id as characte1_6_, character0_.character_character_name as characte2_6_ from characters character0_ where character0_.character_character_name=?
Hibernate: insert into user (user_id, character_id, user_created_at, user_name, user_phone_number, user_user_id, user_user_password) values (default, ?, ?, ?, ?, ?, ?)
Hibernate: DELETE FROM USER_JOINING_POOL as JU where JU.USER_USER_ID =?
Hibernate: select user0_.user_id as col_0_0_ from user user0_ where user0_.user_user_id=? limit ?
Hibernate: select user0_.user_id as col_0_0_ from user user0_ where user0_.user_user_id=? limit ?
Hibernate: select U.* from USER U where U.USER_USER_ID =?
Hibernate: select character0_.character_id as characte1_6_0_, character0_.character_character_name as characte2_6_0_ from characters character0_ where character0_.character_id=?
Hibernate: select user0_.user_id as col_0_0_ from user user0_ where user0_.user_user_id=? limit ?
Hibernate: select userjoinin0_.user_joining_pool_id as col_0_0_ from user_joining_pool userjoinin0_ where userjoinin0_.user_user_id=? limit ?
Hibernate: select character0_.character_id as col_0_0_ from characters character0_ where character0_.character_character_name=? limit ?
Hibernate: insert into user_joining_pool (user_joining_pool_id, user_created_at, user_name, user_phone_number, user_user_id, user_user_password) values (default, ?, ?, ?, ?, ?)
Hibernate: select user0_.user_id as user_id1_21_0_, user0_.character_id as characte7_21_0_, user0_.user_created_at as user_cre2_21_0_, user0_.user_name as user_nam3_21_0_, user0_.user_phone_number as user_pho4_21_0_, user0_.user_user_id as user_use5_21_0_, user0_.user_user_password as user_use6_21_0_ from user user0_ where user0_.user_id=?
Hibernate: select character0_.character_id as characte1_6_0_, character0_.character_character_name as characte2_6_0_ from characters character0_ where character0_.character_id=?
Hibernate: select count(*) as col_0_0_ from user user0_ where user0_.user_id=?
Hibernate: select character1_.character_id as characte1_6_, character1_.character_character_name as characte2_6_ from user user0_ inner join characters character1_ on user0_.character_id=character1_.character_id where user0_.user_id=?
Hibernate: select permission0_.character_id as characte6_12_0_, permission0_.permission_id as permissi1_12_0_, permission0_.permission_id as permissi1_12_1_, permission0_.character_id as characte6_12_1_, permission0_.permission_name as permissi2_12_1_, permission0_.permission_permission_unit_id as permissi3_12_1_, permission0_.permission_service as permissi4_12_1_, permission0_.permission_status as permissi5_12_1_ from permission permission0_ where permission0_.character_id=?
Hibernate: select userjoinin0_.user_joining_pool_id as col_0_0_ from user_joining_pool userjoinin0_ where userjoinin0_.user_user_id=? limit ?
Hibernate: select userjoinin0_.user_joining_pool_id as user_joi1_22_, userjoinin0_.user_created_at as user_cre2_22_, userjoinin0_.user_name as user_nam3_22_, userjoinin0_.user_phone_number as user_pho4_22_, userjoinin0_.user_user_id as user_use5_22_, userjoinin0_.user_user_password as user_use6_22_ from user_joining_pool userjoinin0_ where userjoinin0_.user_user_id=?
Hibernate: select character0_.character_id as characte1_6_, character0_.character_character_name as characte2_6_ from characters character0_ where character0_.character_character_name=?
Hibernate: insert into user (user_id, character_id, user_created_at, user_name, user_phone_number, user_user_id, user_user_password) values (default, ?, ?, ?, ?, ?, ?)
Hibernate: DELETE FROM USER_JOINING_POOL as JU where JU.USER_USER_ID =?
Hibernate: select user0_.user_id as col_0_0_ from user user0_ where user0_.user_user_id=? limit ?
Hibernate: select user0_.user_id as col_0_0_ from user user0_ where user0_.user_user_id=? limit ?
Hibernate: select U.* from USER U where U.USER_USER_ID =?
Hibernate: select character0_.character_id as characte1_6_0_, character0_.character_character_name as characte2_6_0_ from characters character0_ where character0_.character_id=?
Hibernate: select user0_.user_id as col_0_0_ from user user0_ where user0_.user_user_id=? limit ?
Hibernate: select userjoinin0_.user_joining_pool_id as col_0_0_ from user_joining_pool userjoinin0_ where userjoinin0_.user_user_id=? limit ?
Hibernate: select character0_.character_id as col_0_0_ from characters character0_ where character0_.character_character_name=? limit ?
Hibernate: insert into user_joining_pool (user_joining_pool_id, user_created_at, user_name, user_phone_number, user_user_id, user_user_password) values (default, ?, ?, ?, ?, ?)
Hibernate: select user0_.user_id as user_id1_21_0_, user0_.character_id as characte7_21_0_, user0_.user_created_at as user_cre2_21_0_, user0_.user_name as user_nam3_21_0_, user0_.user_phone_number as user_pho4_21_0_, user0_.user_user_id as user_use5_21_0_, user0_.user_user_password as user_use6_21_0_ from user user0_ where user0_.user_id=?
Hibernate: select character0_.character_id as characte1_6_0_, character0_.character_character_name as characte2_6_0_ from characters character0_ where character0_.character_id=?
Hibernate: select count(*) as col_0_0_ from user user0_ where user0_.user_id=?
Hibernate: select character1_.character_id as characte1_6_, character1_.character_character_name as characte2_6_ from user user0_ inner join characters character1_ on user0_.character_id=character1_.character_id where user0_.user_id=?
Hibernate: select permission0_.character_id as characte6_12_0_, permission0_.permission_id as permissi1_12_0_, permission0_.permission_id as permissi1_12_1_, permission0_.character_id as characte6_12_1_, permission0_.permission_name as permissi2_12_1_, permission0_.permission_permission_unit_id as permissi3_12_1_, permission0_.permission_service as permissi4_12_1_, permission0_.permission_status as permissi5_12_1_ from permission permission0_ where permission0_.character_id=?
Hibernate: select userjoinin0_.user_joining_pool_id as col_0_0_ from user_joining_pool userjoinin0_ where userjoinin0_.user_user_id=? limit ?
Hibernate: select userjoinin0_.user_joining_pool_id as user_joi1_22_, userjoinin0_.user_created_at as user_cre2_22_, userjoinin0_.user_name as user_nam3_22_, userjoinin0_.user_phone_number as user_pho4_22_, userjoinin0_.user_user_id as user_use5_22_, userjoinin0_.user_user_password as user_use6_22_ from user_joining_pool userjoinin0_ where userjoinin0_.user_user_id=?
Hibernate: select character0_.character_id as characte1_6_, character0_.character_character_name as characte2_6_ from characters character0_ where character0_.character_character_name=?
Hibernate: insert into user (user_id, character_id, user_created_at, user_name, user_phone_number, user_user_id, user_user_password) values (default, ?, ?, ?, ?, ?, ?)
Hibernate: DELETE FROM USER_JOINING_POOL as JU where JU.USER_USER_ID =?
Hibernate: select user0_.user_id as user_id1_21_0_, user0_.character_id as characte7_21_0_, user0_.user_created_at as user_cre2_21_0_, user0_.user_name as user_nam3_21_0_, user0_.user_phone_number as user_pho4_21_0_, user0_.user_user_id as user_use5_21_0_, user0_.user_user_password as user_use6_21_0_ from user user0_ where user0_.user_id=?
Hibernate: select character0_.character_id as characte1_6_0_, character0_.character_character_name as characte2_6_0_ from characters character0_ where character0_.character_id=?
Hibernate: select count(*) as col_0_0_ from user user0_ where user0_.user_id=?
Hibernate: select character1_.character_id as characte1_6_, character1_.character_character_name as characte2_6_ from user user0_ inner join characters character1_ on user0_.character_id=character1_.character_id where user0_.user_id=?
Hibernate: select permission0_.character_id as characte6_12_0_, permission0_.permission_id as permissi1_12_0_, permission0_.permission_id as permissi1_12_1_, permission0_.character_id as characte6_12_1_, permission0_.permission_name as permissi2_12_1_, permission0_.permission_permission_unit_id as permissi3_12_1_, permission0_.permission_service as permissi4_12_1_, permission0_.permission_status as permissi5_12_1_ from permission permission0_ where permission0_.character_id=?
Hibernate: select user0_.user_id as col_0_0_ from user user0_ where user0_.user_user_id=? limit ?
Hibernate: select user0_.user_id as col_0_0_ from user user0_ where user0_.user_user_id=? limit ?
Hibernate: select user0_.user_id as col_0_0_ from user user0_ where user0_.user_user_id=? limit ?
Hibernate: select user0_.user_id as col_0_0_ from user user0_ where user0_.user_user_id=? limit ?
Hibernate: select user0_.user_id as col_0_0_ from user user0_ where user0_.user_user_id=? limit ?
Hibernate: select user0_.user_id as user_id1_21_, user0_.character_id as characte7_21_, user0_.user_created_at as user_cre2_21_, user0_.user_name as user_nam3_21_, user0_.user_phone_number as user_pho4_21_, user0_.user_user_id as user_use5_21_, user0_.user_user_password as user_use6_21_ from user user0_ inner join characters character1_ on user0_.character_id=character1_.character_id where user0_.user_user_id=?
Hibernate: select character0_.character_id as characte1_6_0_, character0_.character_character_name as characte2_6_0_ from characters character0_ where character0_.character_id=?
Hibernate: select user0_.user_id as user_id1_21_, user0_.character_id as characte7_21_, user0_.user_created_at as user_cre2_21_, user0_.user_name as user_nam3_21_, user0_.user_phone_number as user_pho4_21_, user0_.user_user_id as user_use5_21_, user0_.user_user_password as user_use6_21_ from user user0_ inner join characters character1_ on user0_.character_id=character1_.character_id where user0_.user_user_id=?
Hibernate: select user0_.user_id as user_id1_21_, user0_.character_id as characte7_21_, user0_.user_created_at as user_cre2_21_, user0_.user_name as user_nam3_21_, user0_.user_phone_number as user_pho4_21_, user0_.user_user_id as user_use5_21_, user0_.user_user_password as user_use6_21_ from user user0_ inner join characters character1_ on user0_.character_id=character1_.character_id where user0_.user_user_id=?
Hibernate: select user0_.user_id as user_id1_21_, user0_.character_id as characte7_21_, user0_.user_created_at as user_cre2_21_, user0_.user_name as user_nam3_21_, user0_.user_phone_number as user_pho4_21_, user0_.user_user_id as user_use5_21_, user0_.user_user_password as user_use6_21_ from user user0_ inner join characters character1_ on user0_.character_id=character1_.character_id where user0_.user_user_id=?
Hibernate: select user0_.user_id as user_id1_21_, user0_.character_id as characte7_21_, user0_.user_created_at as user_cre2_21_, user0_.user_name as user_nam3_21_, user0_.user_phone_number as user_pho4_21_, user0_.user_user_id as user_use5_21_, user0_.user_user_password as user_use6_21_ from user user0_ inner join characters character1_ on user0_.character_id=character1_.character_id where user0_.user_user_id=?
Hibernate: insert into team_building (team_building_team_building_id, team_building_created_at, team_building_last_modified_at, team_building_team_building_title) values (default, ?, ?, ?)
Hibernate: insert into team (team_team_id, team_last_modified_at, team_building_team_building_id, team_team_name) values (default, ?, ?, ?)
Hibernate: insert into team_user (team_user_id, team_team_id, user_id) values (default, ?, ?)
Hibernate: insert into team_user (team_user_id, team_team_id, user_id) values (default, ?, ?)
Hibernate: insert into team_user (team_user_id, team_team_id, user_id) values (default, ?, ?)
Hibernate: insert into team (team_team_id, team_last_modified_at, team_building_team_building_id, team_team_name) values (default, ?, ?, ?)
Hibernate: insert into team_user (team_user_id, team_team_id, user_id) values (default, ?, ?)
Hibernate: insert into team_user (team_user_id, team_team_id, user_id) values (default, ?, ?)
Hibernate: select user0_.user_id as user_id1_21_0_, user0_.character_id as characte7_21_0_, user0_.user_created_at as user_cre2_21_0_, user0_.user_name as user_nam3_21_0_, user0_.user_phone_number as user_pho4_21_0_, user0_.user_user_id as user_use5_21_0_, user0_.user_user_password as user_use6_21_0_ from user user0_ where user0_.user_id=?
Hibernate: select character0_.character_id as characte1_6_0_, character0_.character_character_name as characte2_6_0_ from characters character0_ where character0_.character_id=?
Hibernate: select count(*) as col_0_0_ from team_building teambuildi0_
Hibernate: select count(*) as col_0_0_ from team_building teambuildi0_
Hibernate: select teambuildi0_.team_building_team_building_id as team_bui1_19_, teambuildi0_.team_building_created_at as team_bui2_19_, teambuildi0_.team_building_last_modified_at as team_bui3_19_, teambuildi0_.team_building_team_building_title as team_bui4_19_ from team_building teambuildi0_ order by teambuildi0_.team_building_created_at desc, teambuildi0_.team_building_team_building_id desc limit ?
Hibernate: select teamlist0_.team_building_team_building_id as team_bui4_18_0_, teamlist0_.team_team_id as team_tea1_18_0_, teamlist0_.team_team_id as team_tea1_18_1_, teamlist0_.team_last_modified_at as team_las2_18_1_, teamlist0_.team_building_team_building_id as team_bui4_18_1_, teamlist0_.team_team_name as team_tea3_18_1_ from team teamlist0_ where teamlist0_.team_building_team_building_id=?
Hibernate: select teamuserli0_.team_team_id as team_tea2_20_0_, teamuserli0_.team_user_id as team_use1_20_0_, teamuserli0_.team_user_id as team_use1_20_1_, teamuserli0_.team_team_id as team_tea2_20_1_, teamuserli0_.user_id as user_id3_20_1_ from team_user teamuserli0_ where teamuserli0_.team_team_id=?
Hibernate: select user0_.user_id as user_id1_21_0_, user0_.character_id as characte7_21_0_, user0_.user_created_at as user_cre2_21_0_, user0_.user_name as user_nam3_21_0_, user0_.user_phone_number as user_pho4_21_0_, user0_.user_user_id as user_use5_21_0_, user0_.user_user_password as user_use6_21_0_ from user user0_ where user0_.user_id=?
Hibernate: select character0_.character_id as characte1_6_0_, character0_.character_character_name as characte2_6_0_ from characters character0_ where character0_.character_id=?
Hibernate: select user0_.user_id as user_id1_21_0_, user0_.character_id as characte7_21_0_, user0_.user_created_at as user_cre2_21_0_, user0_.user_name as user_nam3_21_0_, user0_.user_phone_number as user_pho4_21_0_, user0_.user_user_id as user_use5_21_0_, user0_.user_user_password as user_use6_21_0_ from user user0_ where user0_.user_id=?
Hibernate: select user0_.user_id as user_id1_21_0_, user0_.character_id as characte7_21_0_, user0_.user_created_at as user_cre2_21_0_, user0_.user_name as user_nam3_21_0_, user0_.user_phone_number as user_pho4_21_0_, user0_.user_user_id as user_use5_21_0_, user0_.user_user_password as user_use6_21_0_ from user user0_ where user0_.user_id=?
Hibernate: select teamuserli0_.team_team_id as team_tea2_20_0_, teamuserli0_.team_user_id as team_use1_20_0_, teamuserli0_.team_user_id as team_use1_20_1_, teamuserli0_.team_team_id as team_tea2_20_1_, teamuserli0_.user_id as user_id3_20_1_ from team_user teamuserli0_ where teamuserli0_.team_team_id=?
Hibernate: select user0_.user_id as user_id1_21_0_, user0_.character_id as characte7_21_0_, user0_.user_created_at as user_cre2_21_0_, user0_.user_name as user_nam3_21_0_, user0_.user_phone_number as user_pho4_21_0_, user0_.user_user_id as user_use5_21_0_, user0_.user_user_password as user_use6_21_0_ from user user0_ where user0_.user_id=?
Hibernate: select user0_.user_id as user_id1_21_0_, user0_.character_id as characte7_21_0_, user0_.user_created_at as user_cre2_21_0_, user0_.user_name as user_nam3_21_0_, user0_.user_phone_number as user_pho4_21_0_, user0_.user_user_id as user_use5_21_0_, user0_.user_user_password as user_use6_21_0_ from user user0_ where user0_.user_id=?

MockHttpServletRequest:
      HTTP Method = PATCH
      Request URI = /teambuilding/group/5
       Parameters = {}
          Headers = [Content-Type:"application/json;charset=UTF-8", Accept:"application/json", api-version:"1.0", Authorization:"Bearer eyJhbGciOiJIUzI1NiJ9.eyJzdWIiOiIxIiwiaWF0IjoxNjg3ODc3NDY4LCJleHAiOjE2ODc4ODEwNjh9.L4tO6_dDAW_EBZT75Jfu2R72X2bmpa30eKXBNOnKWzQ", Content-Length:"25"]
             Body = {"teambuilding_title":""}
    Session Attrs = {}

Handler:
             Type = org.waldreg.controller.teambuilding.TeamBuildingController
           Method = org.waldreg.controller.teambuilding.TeamBuildingController#updateTeamBuildingByTeamBuildingId(int, TeamBuildingUpdateRequest)

Async:
    Async started = false
     Async result = null

Resolved Exception:
             Type = org.springframework.web.bind.MethodArgumentNotValidException

ModelAndView:
        View name = null
             View = null
            Model = null

FlashMap:
       Attributes = null

MockHttpServletResponse:
           Status = 400
    Error message = null
          Headers = [Vary:"Origin", "Access-Control-Request-Method", "Access-Control-Request-Headers", Api-version:"1.0", Content-Type:"application/json"]
     Content type = application/json
             Body = {"code":"TEAMBUILDING-403","messages":"Teambuilding title cannot be blank","document_url":"docs.waldreg.org"}
    Forwarded URL = null
   Redirected URL = null
          Cookies = []
Hibernate: select user0_.user_id as col_0_0_ from user user0_ where user0_.user_user_id=? limit ?
Hibernate: select user0_.user_id as col_0_0_ from user user0_ where user0_.user_user_id=? limit ?
Hibernate: select U.* from USER U where U.USER_USER_ID =?
Hibernate: select character0_.character_id as characte1_6_0_, character0_.character_character_name as characte2_6_0_ from characters character0_ where character0_.character_id=?
Hibernate: select user0_.user_id as user_id1_21_0_, user0_.character_id as characte7_21_0_, user0_.user_created_at as user_cre2_21_0_, user0_.user_name as user_nam3_21_0_, user0_.user_phone_number as user_pho4_21_0_, user0_.user_user_id as user_use5_21_0_, user0_.user_user_password as user_use6_21_0_ from user user0_ where user0_.user_id=?
Hibernate: select character0_.character_id as characte1_6_0_, character0_.character_character_name as characte2_6_0_ from characters character0_ where character0_.character_id=?
Hibernate: select count(*) as col_0_0_ from team_building teambuildi0_
Hibernate: select count(*) as col_0_0_ from team_building teambuildi0_
Hibernate: select teambuildi0_.team_building_team_building_id as team_bui1_19_, teambuildi0_.team_building_created_at as team_bui2_19_, teambuildi0_.team_building_last_modified_at as team_bui3_19_, teambuildi0_.team_building_team_building_title as team_bui4_19_ from team_building teambuildi0_ order by teambuildi0_.team_building_created_at desc, teambuildi0_.team_building_team_building_id desc limit ?
Hibernate: select teamlist0_.team_building_team_building_id as team_bui4_18_0_, teamlist0_.team_team_id as team_tea1_18_0_, teamlist0_.team_team_id as team_tea1_18_1_, teamlist0_.team_last_modified_at as team_las2_18_1_, teamlist0_.team_building_team_building_id as team_bui4_18_1_, teamlist0_.team_team_name as team_tea3_18_1_ from team teamlist0_ where teamlist0_.team_building_team_building_id=?
Hibernate: select teamuserli0_.team_team_id as team_tea2_20_0_, teamuserli0_.team_user_id as team_use1_20_0_, teamuserli0_.team_user_id as team_use1_20_1_, teamuserli0_.team_team_id as team_tea2_20_1_, teamuserli0_.user_id as user_id3_20_1_ from team_user teamuserli0_ where teamuserli0_.team_team_id=?
Hibernate: select user0_.user_id as user_id1_21_0_, user0_.character_id as characte7_21_0_, user0_.user_created_at as user_cre2_21_0_, user0_.user_name as user_nam3_21_0_, user0_.user_phone_number as user_pho4_21_0_, user0_.user_user_id as user_use5_21_0_, user0_.user_user_password as user_use6_21_0_ from user user0_ where user0_.user_id=?
Hibernate: select character0_.character_id as characte1_6_0_, character0_.character_character_name as characte2_6_0_ from characters character0_ where character0_.character_id=?
Hibernate: select user0_.user_id as user_id1_21_0_, user0_.character_id as characte7_21_0_, user0_.user_created_at as user_cre2_21_0_, user0_.user_name as user_nam3_21_0_, user0_.user_phone_number as user_pho4_21_0_, user0_.user_user_id as user_use5_21_0_, user0_.user_user_password as user_use6_21_0_ from user user0_ where user0_.user_id=?
Hibernate: select user0_.user_id as user_id1_21_0_, user0_.character_id as characte7_21_0_, user0_.user_created_at as user_cre2_21_0_, user0_.user_name as user_nam3_21_0_, user0_.user_phone_number as user_pho4_21_0_, user0_.user_user_id as user_use5_21_0_, user0_.user_user_password as user_use6_21_0_ from user user0_ where user0_.user_id=?
Hibernate: select teamuserli0_.team_team_id as team_tea2_20_0_, teamuserli0_.team_user_id as team_use1_20_0_, teamuserli0_.team_user_id as team_use1_20_1_, teamuserli0_.team_team_id as team_tea2_20_1_, teamuserli0_.user_id as user_id3_20_1_ from team_user teamuserli0_ where teamuserli0_.team_team_id=?
Hibernate: select user0_.user_id as user_id1_21_0_, user0_.character_id as characte7_21_0_, user0_.user_created_at as user_cre2_21_0_, user0_.user_name as user_nam3_21_0_, user0_.user_phone_number as user_pho4_21_0_, user0_.user_user_id as user_use5_21_0_, user0_.user_user_password as user_use6_21_0_ from user user0_ where user0_.user_id=?
Hibernate: select user0_.user_id as user_id1_21_0_, user0_.character_id as characte7_21_0_, user0_.user_created_at as user_cre2_21_0_, user0_.user_name as user_nam3_21_0_, user0_.user_phone_number as user_pho4_21_0_, user0_.user_user_id as user_use5_21_0_, user0_.user_user_password as user_use6_21_0_ from user user0_ where user0_.user_id=?
Hibernate: select user0_.user_id as user_id1_21_0_, user0_.character_id as characte7_21_0_, user0_.user_created_at as user_cre2_21_0_, user0_.user_name as user_nam3_21_0_, user0_.user_phone_number as user_pho4_21_0_, user0_.user_user_id as user_use5_21_0_, user0_.user_user_password as user_use6_21_0_ from user user0_ where user0_.user_id=?
Hibernate: select character0_.character_id as characte1_6_0_, character0_.character_character_name as characte2_6_0_ from characters character0_ where character0_.character_id=?
Hibernate: select count(*) as col_0_0_ from user user0_ where user0_.user_id=?
Hibernate: select character1_.character_id as characte1_6_, character1_.character_character_name as characte2_6_ from user user0_ inner join characters character1_ on user0_.character_id=character1_.character_id where user0_.user_id=?
Hibernate: select permission0_.character_id as characte6_12_0_, permission0_.permission_id as permissi1_12_0_, permission0_.permission_id as permissi1_12_1_, permission0_.character_id as characte6_12_1_, permission0_.permission_name as permissi2_12_1_, permission0_.permission_permission_unit_id as permissi3_12_1_, permission0_.permission_service as permissi4_12_1_, permission0_.permission_status as permissi5_12_1_ from permission permission0_ where permission0_.character_id=?
Hibernate: select count(*) as col_0_0_ from team_building teambuildi0_ where teambuildi0_.team_building_team_building_id=?
Hibernate: select teambuildi0_.team_building_team_building_id as team_bui1_19_0_, teambuildi0_.team_building_created_at as team_bui2_19_0_, teambuildi0_.team_building_last_modified_at as team_bui3_19_0_, teambuildi0_.team_building_team_building_title as team_bui4_19_0_ from team_building teambuildi0_ where teambuildi0_.team_building_team_building_id=?
Hibernate: select teamlist0_.team_building_team_building_id as team_bui4_18_0_, teamlist0_.team_team_id as team_tea1_18_0_, teamlist0_.team_team_id as team_tea1_18_1_, teamlist0_.team_last_modified_at as team_las2_18_1_, teamlist0_.team_building_team_building_id as team_bui4_18_1_, teamlist0_.team_team_name as team_tea3_18_1_ from team teamlist0_ where teamlist0_.team_building_team_building_id=?
Hibernate: select teamuserli0_.team_team_id as team_tea2_20_0_, teamuserli0_.team_user_id as team_use1_20_0_, teamuserli0_.team_user_id as team_use1_20_1_, teamuserli0_.team_team_id as team_tea2_20_1_, teamuserli0_.user_id as user_id3_20_1_ from team_user teamuserli0_ where teamuserli0_.team_team_id=?
Hibernate: select user0_.user_id as user_id1_21_0_, user0_.character_id as characte7_21_0_, user0_.user_created_at as user_cre2_21_0_, user0_.user_name as user_nam3_21_0_, user0_.user_phone_number as user_pho4_21_0_, user0_.user_user_id as user_use5_21_0_, user0_.user_user_password as user_use6_21_0_ from user user0_ where user0_.user_id=?
Hibernate: select character0_.character_id as characte1_6_0_, character0_.character_character_name as characte2_6_0_ from characters character0_ where character0_.character_id=?
Hibernate: select user0_.user_id as user_id1_21_0_, user0_.character_id as characte7_21_0_, user0_.user_created_at as user_cre2_21_0_, user0_.user_name as user_nam3_21_0_, user0_.user_phone_number as user_pho4_21_0_, user0_.user_user_id as user_use5_21_0_, user0_.user_user_password as user_use6_21_0_ from user user0_ where user0_.user_id=?
Hibernate: select user0_.user_id as user_id1_21_0_, user0_.character_id as characte7_21_0_, user0_.user_created_at as user_cre2_21_0_, user0_.user_name as user_nam3_21_0_, user0_.user_phone_number as user_pho4_21_0_, user0_.user_user_id as user_use5_21_0_, user0_.user_user_password as user_use6_21_0_ from user user0_ where user0_.user_id=?
Hibernate: select teamuserli0_.team_team_id as team_tea2_20_0_, teamuserli0_.team_user_id as team_use1_20_0_, teamuserli0_.team_user_id as team_use1_20_1_, teamuserli0_.team_team_id as team_tea2_20_1_, teamuserli0_.user_id as user_id3_20_1_ from team_user teamuserli0_ where teamuserli0_.team_team_id=?
Hibernate: select user0_.user_id as user_id1_21_0_, user0_.character_id as characte7_21_0_, user0_.user_created_at as user_cre2_21_0_, user0_.user_name as user_nam3_21_0_, user0_.user_phone_number as user_pho4_21_0_, user0_.user_user_id as user_use5_21_0_, user0_.user_user_password as user_use6_21_0_ from user user0_ where user0_.user_id=?
Hibernate: select user0_.user_id as user_id1_21_0_, user0_.character_id as characte7_21_0_, user0_.user_created_at as user_cre2_21_0_, user0_.user_name as user_nam3_21_0_, user0_.user_phone_number as user_pho4_21_0_, user0_.user_user_id as user_use5_21_0_, user0_.user_user_password as user_use6_21_0_ from user user0_ where user0_.user_id=?
Hibernate: delete from team_user where team_user_id=?
Hibernate: delete from team_user where team_user_id=?
Hibernate: delete from team_user where team_user_id=?
Hibernate: delete from team where team_team_id=?
Hibernate: delete from team_user where team_user_id=?
Hibernate: delete from team_user where team_user_id=?
Hibernate: delete from team where team_team_id=?
Hibernate: delete from team_building where team_building_team_building_id=?
Hibernate: select user0_.user_id as user_id1_21_0_, user0_.character_id as characte7_21_0_, user0_.user_created_at as user_cre2_21_0_, user0_.user_name as user_nam3_21_0_, user0_.user_phone_number as user_pho4_21_0_, user0_.user_user_id as user_use5_21_0_, user0_.user_user_password as user_use6_21_0_ from user user0_ where user0_.user_id=?
Hibernate: select character0_.character_id as characte1_6_0_, character0_.character_character_name as characte2_6_0_ from characters character0_ where character0_.character_id=?
Hibernate: select count(*) as col_0_0_ from team_building teambuildi0_ where teambuildi0_.team_building_team_building_id=?
Hibernate: select user0_.user_id as col_0_0_ from user user0_ where user0_.user_user_id=? limit ?
Hibernate: select user0_.user_id as col_0_0_ from user user0_ where user0_.user_user_id=? limit ?
Hibernate: select U.* from USER U where U.USER_USER_ID =?
Hibernate: select character0_.character_id as characte1_6_0_, character0_.character_character_name as characte2_6_0_ from characters character0_ where character0_.character_id=?
Hibernate: select user0_.user_id as col_0_0_ from user user0_ where user0_.user_user_id=? limit ?
Hibernate: select user0_.user_id as user_id1_21_, user0_.character_id as characte7_21_, user0_.user_created_at as user_cre2_21_, user0_.user_name as user_nam3_21_, user0_.user_phone_number as user_pho4_21_, user0_.user_user_id as user_use5_21_, user0_.user_user_password as user_use6_21_ from user user0_ inner join characters character1_ on user0_.character_id=character1_.character_id where user0_.user_user_id=?
Hibernate: select character0_.character_id as characte1_6_0_, character0_.character_character_name as characte2_6_0_ from characters character0_ where character0_.character_id=?
Hibernate: select rewardtagw0_.user_id as user_id4_16_0_, rewardtagw0_.reward_tag_wrapper_reward_id as reward_t1_16_0_, rewardtagw0_.reward_tag_wrapper_reward_id as reward_t1_16_1_, rewardtagw0_.reward_tag_wrapper_reward_presented_at as reward_t2_16_1_, rewardtagw0_.reward_tag_reward_tag_id as reward_t3_16_1_, rewardtagw0_.user_id as user_id4_16_1_ from reward_tag_wrapper rewardtagw0_ where rewardtagw0_.user_id=?
Hibernate: select user0_.user_id as user_id1_21_0_, user0_.character_id as characte7_21_0_, user0_.user_created_at as user_cre2_21_0_, user0_.user_name as user_nam3_21_0_, user0_.user_phone_number as user_pho4_21_0_, user0_.user_user_id as user_use5_21_0_, user0_.user_user_password as user_use6_21_0_ from user user0_ where user0_.user_id=?
Hibernate: select character0_.character_id as characte1_6_0_, character0_.character_character_name as characte2_6_0_ from characters character0_ where character0_.character_id=?
Hibernate: select count(*) as col_0_0_ from user user0_ where user0_.user_id=?
Hibernate: select character1_.character_id as characte1_6_, character1_.character_character_name as characte2_6_ from user user0_ inner join characters character1_ on user0_.character_id=character1_.character_id where user0_.user_id=?
Hibernate: select permission0_.character_id as characte6_12_0_, permission0_.permission_id as permissi1_12_0_, permission0_.permission_id as permissi1_12_1_, permission0_.character_id as characte6_12_1_, permission0_.permission_name as permissi2_12_1_, permission0_.permission_permission_unit_id as permissi3_12_1_, permission0_.permission_service as permissi4_12_1_, permission0_.permission_status as permissi5_12_1_ from permission permission0_ where permission0_.character_id=?
Hibernate: select count(*) as col_0_0_ from user user0_ where user0_.user_id=?
Hibernate: select user0_.user_id as user_id1_21_, user0_.character_id as characte7_21_, user0_.user_created_at as user_cre2_21_, user0_.user_name as user_nam3_21_, user0_.user_phone_number as user_pho4_21_, user0_.user_user_id as user_use5_21_, user0_.user_user_password as user_use6_21_ from user user0_ where user0_.user_id=?
Hibernate: select character0_.character_id as characte1_6_0_, character0_.character_character_name as characte2_6_0_ from characters character0_ where character0_.character_id=?
Hibernate: select rewardtagw0_.user_id as user_id4_16_0_, rewardtagw0_.reward_tag_wrapper_reward_id as reward_t1_16_0_, rewardtagw0_.reward_tag_wrapper_reward_id as reward_t1_16_1_, rewardtagw0_.reward_tag_wrapper_reward_presented_at as reward_t2_16_1_, rewardtagw0_.reward_tag_reward_tag_id as reward_t3_16_1_, rewardtagw0_.user_id as user_id4_16_1_ from reward_tag_wrapper rewardtagw0_ where rewardtagw0_.user_id=?
Hibernate: select attendance0_.attendance_user_attendance_user_id as col_0_0_ from attendance_user attendance0_ where attendance0_.user_id=? limit ?
Hibernate: DELETE FROM USER WHERE USER_ID = ?
Hibernate: select user0_.user_id as col_0_0_ from user user0_ where user0_.user_user_id=? limit ?
Hibernate: select user0_.user_id as col_0_0_ from user user0_ where user0_.user_user_id=? limit ?
Hibernate: select user0_.user_id as user_id1_21_, user0_.character_id as characte7_21_, user0_.user_created_at as user_cre2_21_, user0_.user_name as user_nam3_21_, user0_.user_phone_number as user_pho4_21_, user0_.user_user_id as user_use5_21_, user0_.user_user_password as user_use6_21_ from user user0_ inner join characters character1_ on user0_.character_id=character1_.character_id where user0_.user_user_id=?
Hibernate: select character0_.character_id as characte1_6_0_, character0_.character_character_name as characte2_6_0_ from characters character0_ where character0_.character_id=?
Hibernate: select rewardtagw0_.user_id as user_id4_16_0_, rewardtagw0_.reward_tag_wrapper_reward_id as reward_t1_16_0_, rewardtagw0_.reward_tag_wrapper_reward_id as reward_t1_16_1_, rewardtagw0_.reward_tag_wrapper_reward_presented_at as reward_t2_16_1_, rewardtagw0_.reward_tag_reward_tag_id as reward_t3_16_1_, rewardtagw0_.user_id as user_id4_16_1_ from reward_tag_wrapper rewardtagw0_ where rewardtagw0_.user_id=?
Hibernate: select user0_.user_id as user_id1_21_0_, user0_.character_id as characte7_21_0_, user0_.user_created_at as user_cre2_21_0_, user0_.user_name as user_nam3_21_0_, user0_.user_phone_number as user_pho4_21_0_, user0_.user_user_id as user_use5_21_0_, user0_.user_user_password as user_use6_21_0_ from user user0_ where user0_.user_id=?
Hibernate: select character0_.character_id as characte1_6_0_, character0_.character_character_name as characte2_6_0_ from characters character0_ where character0_.character_id=?
Hibernate: select count(*) as col_0_0_ from user user0_ where user0_.user_id=?
Hibernate: select character1_.character_id as characte1_6_, character1_.character_character_name as characte2_6_ from user user0_ inner join characters character1_ on user0_.character_id=character1_.character_id where user0_.user_id=?
Hibernate: select permission0_.character_id as characte6_12_0_, permission0_.permission_id as permissi1_12_0_, permission0_.permission_id as permissi1_12_1_, permission0_.character_id as characte6_12_1_, permission0_.permission_name as permissi2_12_1_, permission0_.permission_permission_unit_id as permissi3_12_1_, permission0_.permission_service as permissi4_12_1_, permission0_.permission_status as permissi5_12_1_ from permission permission0_ where permission0_.character_id=?
Hibernate: select count(*) as col_0_0_ from user user0_ where user0_.user_id=?
Hibernate: select user0_.user_id as user_id1_21_, user0_.character_id as characte7_21_, user0_.user_created_at as user_cre2_21_, user0_.user_name as user_nam3_21_, user0_.user_phone_number as user_pho4_21_, user0_.user_user_id as user_use5_21_, user0_.user_user_password as user_use6_21_ from user user0_ where user0_.user_id=?
Hibernate: select character0_.character_id as characte1_6_0_, character0_.character_character_name as characte2_6_0_ from characters character0_ where character0_.character_id=?
Hibernate: select rewardtagw0_.user_id as user_id4_16_0_, rewardtagw0_.reward_tag_wrapper_reward_id as reward_t1_16_0_, rewardtagw0_.reward_tag_wrapper_reward_id as reward_t1_16_1_, rewardtagw0_.reward_tag_wrapper_reward_presented_at as reward_t2_16_1_, rewardtagw0_.reward_tag_reward_tag_id as reward_t3_16_1_, rewardtagw0_.user_id as user_id4_16_1_ from reward_tag_wrapper rewardtagw0_ where rewardtagw0_.user_id=?
Hibernate: select attendance0_.attendance_user_attendance_user_id as col_0_0_ from attendance_user attendance0_ where attendance0_.user_id=? limit ?
Hibernate: DELETE FROM USER WHERE USER_ID = ?
Hibernate: select user0_.user_id as col_0_0_ from user user0_ where user0_.user_user_id=? limit ?
Hibernate: select user0_.user_id as col_0_0_ from user user0_ where user0_.user_user_id=? limit ?
Hibernate: select user0_.user_id as user_id1_21_, user0_.character_id as characte7_21_, user0_.user_created_at as user_cre2_21_, user0_.user_name as user_nam3_21_, user0_.user_phone_number as user_pho4_21_, user0_.user_user_id as user_use5_21_, user0_.user_user_password as user_use6_21_ from user user0_ inner join characters character1_ on user0_.character_id=character1_.character_id where user0_.user_user_id=?
Hibernate: select character0_.character_id as characte1_6_0_, character0_.character_character_name as characte2_6_0_ from characters character0_ where character0_.character_id=?
Hibernate: select rewardtagw0_.user_id as user_id4_16_0_, rewardtagw0_.reward_tag_wrapper_reward_id as reward_t1_16_0_, rewardtagw0_.reward_tag_wrapper_reward_id as reward_t1_16_1_, rewardtagw0_.reward_tag_wrapper_reward_presented_at as reward_t2_16_1_, rewardtagw0_.reward_tag_reward_tag_id as reward_t3_16_1_, rewardtagw0_.user_id as user_id4_16_1_ from reward_tag_wrapper rewardtagw0_ where rewardtagw0_.user_id=?
Hibernate: select user0_.user_id as user_id1_21_0_, user0_.character_id as characte7_21_0_, user0_.user_created_at as user_cre2_21_0_, user0_.user_name as user_nam3_21_0_, user0_.user_phone_number as user_pho4_21_0_, user0_.user_user_id as user_use5_21_0_, user0_.user_user_password as user_use6_21_0_ from user user0_ where user0_.user_id=?
Hibernate: select character0_.character_id as characte1_6_0_, character0_.character_character_name as characte2_6_0_ from characters character0_ where character0_.character_id=?
Hibernate: select count(*) as col_0_0_ from user user0_ where user0_.user_id=?
Hibernate: select character1_.character_id as characte1_6_, character1_.character_character_name as characte2_6_ from user user0_ inner join characters character1_ on user0_.character_id=character1_.character_id where user0_.user_id=?
Hibernate: select permission0_.character_id as characte6_12_0_, permission0_.permission_id as permissi1_12_0_, permission0_.permission_id as permissi1_12_1_, permission0_.character_id as characte6_12_1_, permission0_.permission_name as permissi2_12_1_, permission0_.permission_permission_unit_id as permissi3_12_1_, permission0_.permission_service as permissi4_12_1_, permission0_.permission_status as permissi5_12_1_ from permission permission0_ where permission0_.character_id=?
Hibernate: select count(*) as col_0_0_ from user user0_ where user0_.user_id=?
Hibernate: select user0_.user_id as user_id1_21_, user0_.character_id as characte7_21_, user0_.user_created_at as user_cre2_21_, user0_.user_name as user_nam3_21_, user0_.user_phone_number as user_pho4_21_, user0_.user_user_id as user_use5_21_, user0_.user_user_password as user_use6_21_ from user user0_ where user0_.user_id=?
Hibernate: select character0_.character_id as characte1_6_0_, character0_.character_character_name as characte2_6_0_ from characters character0_ where character0_.character_id=?
Hibernate: select rewardtagw0_.user_id as user_id4_16_0_, rewardtagw0_.reward_tag_wrapper_reward_id as reward_t1_16_0_, rewardtagw0_.reward_tag_wrapper_reward_id as reward_t1_16_1_, rewardtagw0_.reward_tag_wrapper_reward_presented_at as reward_t2_16_1_, rewardtagw0_.reward_tag_reward_tag_id as reward_t3_16_1_, rewardtagw0_.user_id as user_id4_16_1_ from reward_tag_wrapper rewardtagw0_ where rewardtagw0_.user_id=?
Hibernate: select attendance0_.attendance_user_attendance_user_id as col_0_0_ from attendance_user attendance0_ where attendance0_.user_id=? limit ?
Hibernate: DELETE FROM USER WHERE USER_ID = ?
Hibernate: select user0_.user_id as col_0_0_ from user user0_ where user0_.user_user_id=? limit ?
Hibernate: select user0_.user_id as col_0_0_ from user user0_ where user0_.user_user_id=? limit ?
Hibernate: select user0_.user_id as user_id1_21_, user0_.character_id as characte7_21_, user0_.user_created_at as user_cre2_21_, user0_.user_name as user_nam3_21_, user0_.user_phone_number as user_pho4_21_, user0_.user_user_id as user_use5_21_, user0_.user_user_password as user_use6_21_ from user user0_ inner join characters character1_ on user0_.character_id=character1_.character_id where user0_.user_user_id=?
Hibernate: select character0_.character_id as characte1_6_0_, character0_.character_character_name as characte2_6_0_ from characters character0_ where character0_.character_id=?
Hibernate: select rewardtagw0_.user_id as user_id4_16_0_, rewardtagw0_.reward_tag_wrapper_reward_id as reward_t1_16_0_, rewardtagw0_.reward_tag_wrapper_reward_id as reward_t1_16_1_, rewardtagw0_.reward_tag_wrapper_reward_presented_at as reward_t2_16_1_, rewardtagw0_.reward_tag_reward_tag_id as reward_t3_16_1_, rewardtagw0_.user_id as user_id4_16_1_ from reward_tag_wrapper rewardtagw0_ where rewardtagw0_.user_id=?
Hibernate: select user0_.user_id as user_id1_21_0_, user0_.character_id as characte7_21_0_, user0_.user_created_at as user_cre2_21_0_, user0_.user_name as user_nam3_21_0_, user0_.user_phone_number as user_pho4_21_0_, user0_.user_user_id as user_use5_21_0_, user0_.user_user_password as user_use6_21_0_ from user user0_ where user0_.user_id=?
Hibernate: select character0_.character_id as characte1_6_0_, character0_.character_character_name as characte2_6_0_ from characters character0_ where character0_.character_id=?
Hibernate: select count(*) as col_0_0_ from user user0_ where user0_.user_id=?
Hibernate: select character1_.character_id as characte1_6_, character1_.character_character_name as characte2_6_ from user user0_ inner join characters character1_ on user0_.character_id=character1_.character_id where user0_.user_id=?
Hibernate: select permission0_.character_id as characte6_12_0_, permission0_.permission_id as permissi1_12_0_, permission0_.permission_id as permissi1_12_1_, permission0_.character_id as characte6_12_1_, permission0_.permission_name as permissi2_12_1_, permission0_.permission_permission_unit_id as permissi3_12_1_, permission0_.permission_service as permissi4_12_1_, permission0_.permission_status as permissi5_12_1_ from permission permission0_ where permission0_.character_id=?
Hibernate: select count(*) as col_0_0_ from user user0_ where user0_.user_id=?
Hibernate: select user0_.user_id as user_id1_21_, user0_.character_id as characte7_21_, user0_.user_created_at as user_cre2_21_, user0_.user_name as user_nam3_21_, user0_.user_phone_number as user_pho4_21_, user0_.user_user_id as user_use5_21_, user0_.user_user_password as user_use6_21_ from user user0_ where user0_.user_id=?
Hibernate: select character0_.character_id as characte1_6_0_, character0_.character_character_name as characte2_6_0_ from characters character0_ where character0_.character_id=?
Hibernate: select rewardtagw0_.user_id as user_id4_16_0_, rewardtagw0_.reward_tag_wrapper_reward_id as reward_t1_16_0_, rewardtagw0_.reward_tag_wrapper_reward_id as reward_t1_16_1_, rewardtagw0_.reward_tag_wrapper_reward_presented_at as reward_t2_16_1_, rewardtagw0_.reward_tag_reward_tag_id as reward_t3_16_1_, rewardtagw0_.user_id as user_id4_16_1_ from reward_tag_wrapper rewardtagw0_ where rewardtagw0_.user_id=?
Hibernate: select attendance0_.attendance_user_attendance_user_id as col_0_0_ from attendance_user attendance0_ where attendance0_.user_id=? limit ?
Hibernate: DELETE FROM USER WHERE USER_ID = ?
Hibernate: select user0_.user_id as col_0_0_ from user user0_ where user0_.user_user_id=? limit ?
Hibernate: select user0_.user_id as col_0_0_ from user user0_ where user0_.user_user_id=? limit ?
Hibernate: select user0_.user_id as user_id1_21_, user0_.character_id as characte7_21_, user0_.user_created_at as user_cre2_21_, user0_.user_name as user_nam3_21_, user0_.user_phone_number as user_pho4_21_, user0_.user_user_id as user_use5_21_, user0_.user_user_password as user_use6_21_ from user user0_ inner join characters character1_ on user0_.character_id=character1_.character_id where user0_.user_user_id=?
Hibernate: select character0_.character_id as characte1_6_0_, character0_.character_character_name as characte2_6_0_ from characters character0_ where character0_.character_id=?
Hibernate: select rewardtagw0_.user_id as user_id4_16_0_, rewardtagw0_.reward_tag_wrapper_reward_id as reward_t1_16_0_, rewardtagw0_.reward_tag_wrapper_reward_id as reward_t1_16_1_, rewardtagw0_.reward_tag_wrapper_reward_presented_at as reward_t2_16_1_, rewardtagw0_.reward_tag_reward_tag_id as reward_t3_16_1_, rewardtagw0_.user_id as user_id4_16_1_ from reward_tag_wrapper rewardtagw0_ where rewardtagw0_.user_id=?
Hibernate: select user0_.user_id as user_id1_21_0_, user0_.character_id as characte7_21_0_, user0_.user_created_at as user_cre2_21_0_, user0_.user_name as user_nam3_21_0_, user0_.user_phone_number as user_pho4_21_0_, user0_.user_user_id as user_use5_21_0_, user0_.user_user_password as user_use6_21_0_ from user user0_ where user0_.user_id=?
Hibernate: select character0_.character_id as characte1_6_0_, character0_.character_character_name as characte2_6_0_ from characters character0_ where character0_.character_id=?
Hibernate: select count(*) as col_0_0_ from user user0_ where user0_.user_id=?
Hibernate: select character1_.character_id as characte1_6_, character1_.character_character_name as characte2_6_ from user user0_ inner join characters character1_ on user0_.character_id=character1_.character_id where user0_.user_id=?
Hibernate: select permission0_.character_id as characte6_12_0_, permission0_.permission_id as permissi1_12_0_, permission0_.permission_id as permissi1_12_1_, permission0_.character_id as characte6_12_1_, permission0_.permission_name as permissi2_12_1_, permission0_.permission_permission_unit_id as permissi3_12_1_, permission0_.permission_service as permissi4_12_1_, permission0_.permission_status as permissi5_12_1_ from permission permission0_ where permission0_.character_id=?
Hibernate: select count(*) as col_0_0_ from user user0_ where user0_.user_id=?
Hibernate: select user0_.user_id as user_id1_21_, user0_.character_id as characte7_21_, user0_.user_created_at as user_cre2_21_, user0_.user_name as user_nam3_21_, user0_.user_phone_number as user_pho4_21_, user0_.user_user_id as user_use5_21_, user0_.user_user_password as user_use6_21_ from user user0_ where user0_.user_id=?
Hibernate: select character0_.character_id as characte1_6_0_, character0_.character_character_name as characte2_6_0_ from characters character0_ where character0_.character_id=?
Hibernate: select rewardtagw0_.user_id as user_id4_16_0_, rewardtagw0_.reward_tag_wrapper_reward_id as reward_t1_16_0_, rewardtagw0_.reward_tag_wrapper_reward_id as reward_t1_16_1_, rewardtagw0_.reward_tag_wrapper_reward_presented_at as reward_t2_16_1_, rewardtagw0_.reward_tag_reward_tag_id as reward_t3_16_1_, rewardtagw0_.user_id as user_id4_16_1_ from reward_tag_wrapper rewardtagw0_ where rewardtagw0_.user_id=?
Hibernate: select attendance0_.attendance_user_attendance_user_id as col_0_0_ from attendance_user attendance0_ where attendance0_.user_id=? limit ?
Hibernate: DELETE FROM USER WHERE USER_ID = ?
Hibernate: select user0_.user_id as col_0_0_ from user user0_ where user0_.user_user_id=? limit ?
Hibernate: select user0_.user_id as col_0_0_ from user user0_ where user0_.user_user_id=? limit ?
Hibernate: select user0_.user_id as col_0_0_ from user user0_ where user0_.user_user_id=? limit ?
Hibernate: select U.* from USER U where U.USER_USER_ID =?
Hibernate: select character0_.character_id as characte1_6_0_, character0_.character_character_name as characte2_6_0_ from characters character0_ where character0_.character_id=?
Hibernate: select user0_.user_id as user_id1_21_0_, user0_.character_id as characte7_21_0_, user0_.user_created_at as user_cre2_21_0_, user0_.user_name as user_nam3_21_0_, user0_.user_phone_number as user_pho4_21_0_, user0_.user_user_id as user_use5_21_0_, user0_.user_user_password as user_use6_21_0_ from user user0_ where user0_.user_id=?
Hibernate: select character0_.character_id as characte1_6_0_, character0_.character_character_name as characte2_6_0_ from characters character0_ where character0_.character_id=?
Hibernate: select count(*) as col_0_0_ from team_building teambuildi0_
Hibernate: select count(*) as col_0_0_ from team_building teambuildi0_
Hibernate: select user0_.user_id as col_0_0_ from user user0_ where user0_.user_user_id=? limit ?
Hibernate: select user0_.user_id as col_0_0_ from user user0_ where user0_.user_user_id=? limit ?
Hibernate: select U.* from USER U where U.USER_USER_ID =?
Hibernate: select character0_.character_id as characte1_6_0_, character0_.character_character_name as characte2_6_0_ from characters character0_ where character0_.character_id=?
Hibernate: select user0_.user_id as col_0_0_ from user user0_ where user0_.user_user_id=? limit ?
Hibernate: select user0_.user_id as col_0_0_ from user user0_ where user0_.user_user_id=? limit ?
Hibernate: select U.* from USER U where U.USER_USER_ID =?
Hibernate: select character0_.character_id as characte1_6_0_, character0_.character_character_name as characte2_6_0_ from characters character0_ where character0_.character_id=?
Hibernate: select user0_.user_id as col_0_0_ from user user0_ where user0_.user_user_id=? limit ?
Hibernate: select user0_.user_id as col_0_0_ from user user0_ where user0_.user_user_id=? limit ?
Hibernate: select U.* from USER U where U.USER_USER_ID =?
Hibernate: select character0_.character_id as characte1_6_0_, character0_.character_character_name as characte2_6_0_ from characters character0_ where character0_.character_id=?
Hibernate: select user0_.user_id as col_0_0_ from user user0_ where user0_.user_user_id=? limit ?
Hibernate: select userjoinin0_.user_joining_pool_id as col_0_0_ from user_joining_pool userjoinin0_ where userjoinin0_.user_user_id=? limit ?
Hibernate: select character0_.character_id as col_0_0_ from characters character0_ where character0_.character_character_name=? limit ?
Hibernate: insert into user_joining_pool (user_joining_pool_id, user_created_at, user_name, user_phone_number, user_user_id, user_user_password) values (default, ?, ?, ?, ?, ?)
Hibernate: select user0_.user_id as user_id1_21_0_, user0_.character_id as characte7_21_0_, user0_.user_created_at as user_cre2_21_0_, user0_.user_name as user_nam3_21_0_, user0_.user_phone_number as user_pho4_21_0_, user0_.user_user_id as user_use5_21_0_, user0_.user_user_password as user_use6_21_0_ from user user0_ where user0_.user_id=?
Hibernate: select character0_.character_id as characte1_6_0_, character0_.character_character_name as characte2_6_0_ from characters character0_ where character0_.character_id=?
Hibernate: select count(*) as col_0_0_ from user user0_ where user0_.user_id=?
Hibernate: select character1_.character_id as characte1_6_, character1_.character_character_name as characte2_6_ from user user0_ inner join characters character1_ on user0_.character_id=character1_.character_id where user0_.user_id=?
Hibernate: select permission0_.character_id as characte6_12_0_, permission0_.permission_id as permissi1_12_0_, permission0_.permission_id as permissi1_12_1_, permission0_.character_id as characte6_12_1_, permission0_.permission_name as permissi2_12_1_, permission0_.permission_permission_unit_id as permissi3_12_1_, permission0_.permission_service as permissi4_12_1_, permission0_.permission_status as permissi5_12_1_ from permission permission0_ where permission0_.character_id=?
Hibernate: select userjoinin0_.user_joining_pool_id as col_0_0_ from user_joining_pool userjoinin0_ where userjoinin0_.user_user_id=? limit ?
Hibernate: select userjoinin0_.user_joining_pool_id as user_joi1_22_, userjoinin0_.user_created_at as user_cre2_22_, userjoinin0_.user_name as user_nam3_22_, userjoinin0_.user_phone_number as user_pho4_22_, userjoinin0_.user_user_id as user_use5_22_, userjoinin0_.user_user_password as user_use6_22_ from user_joining_pool userjoinin0_ where userjoinin0_.user_user_id=?
Hibernate: select character0_.character_id as characte1_6_, character0_.character_character_name as characte2_6_ from characters character0_ where character0_.character_character_name=?
Hibernate: insert into user (user_id, character_id, user_created_at, user_name, user_phone_number, user_user_id, user_user_password) values (default, ?, ?, ?, ?, ?, ?)
Hibernate: DELETE FROM USER_JOINING_POOL as JU where JU.USER_USER_ID =?
Hibernate: select user0_.user_id as col_0_0_ from user user0_ where user0_.user_user_id=? limit ?
Hibernate: select user0_.user_id as col_0_0_ from user user0_ where user0_.user_user_id=? limit ?
Hibernate: select U.* from USER U where U.USER_USER_ID =?
Hibernate: select character0_.character_id as characte1_6_0_, character0_.character_character_name as characte2_6_0_ from characters character0_ where character0_.character_id=?
Hibernate: select user0_.user_id as col_0_0_ from user user0_ where user0_.user_user_id=? limit ?
Hibernate: select userjoinin0_.user_joining_pool_id as col_0_0_ from user_joining_pool userjoinin0_ where userjoinin0_.user_user_id=? limit ?
Hibernate: select character0_.character_id as col_0_0_ from characters character0_ where character0_.character_character_name=? limit ?
Hibernate: insert into user_joining_pool (user_joining_pool_id, user_created_at, user_name, user_phone_number, user_user_id, user_user_password) values (default, ?, ?, ?, ?, ?)
Hibernate: select user0_.user_id as user_id1_21_0_, user0_.character_id as characte7_21_0_, user0_.user_created_at as user_cre2_21_0_, user0_.user_name as user_nam3_21_0_, user0_.user_phone_number as user_pho4_21_0_, user0_.user_user_id as user_use5_21_0_, user0_.user_user_password as user_use6_21_0_ from user user0_ where user0_.user_id=?
Hibernate: select character0_.character_id as characte1_6_0_, character0_.character_character_name as characte2_6_0_ from characters character0_ where character0_.character_id=?
Hibernate: select count(*) as col_0_0_ from user user0_ where user0_.user_id=?
Hibernate: select character1_.character_id as characte1_6_, character1_.character_character_name as characte2_6_ from user user0_ inner join characters character1_ on user0_.character_id=character1_.character_id where user0_.user_id=?
Hibernate: select permission0_.character_id as characte6_12_0_, permission0_.permission_id as permissi1_12_0_, permission0_.permission_id as permissi1_12_1_, permission0_.character_id as characte6_12_1_, permission0_.permission_name as permissi2_12_1_, permission0_.permission_permission_unit_id as permissi3_12_1_, permission0_.permission_service as permissi4_12_1_, permission0_.permission_status as permissi5_12_1_ from permission permission0_ where permission0_.character_id=?
Hibernate: select userjoinin0_.user_joining_pool_id as col_0_0_ from user_joining_pool userjoinin0_ where userjoinin0_.user_user_id=? limit ?
Hibernate: select userjoinin0_.user_joining_pool_id as user_joi1_22_, userjoinin0_.user_created_at as user_cre2_22_, userjoinin0_.user_name as user_nam3_22_, userjoinin0_.user_phone_number as user_pho4_22_, userjoinin0_.user_user_id as user_use5_22_, userjoinin0_.user_user_password as user_use6_22_ from user_joining_pool userjoinin0_ where userjoinin0_.user_user_id=?
Hibernate: select character0_.character_id as characte1_6_, character0_.character_character_name as characte2_6_ from characters character0_ where character0_.character_character_name=?
Hibernate: insert into user (user_id, character_id, user_created_at, user_name, user_phone_number, user_user_id, user_user_password) values (default, ?, ?, ?, ?, ?, ?)
Hibernate: DELETE FROM USER_JOINING_POOL as JU where JU.USER_USER_ID =?
Hibernate: select user0_.user_id as col_0_0_ from user user0_ where user0_.user_user_id=? limit ?
Hibernate: select user0_.user_id as col_0_0_ from user user0_ where user0_.user_user_id=? limit ?
Hibernate: select U.* from USER U where U.USER_USER_ID =?
Hibernate: select character0_.character_id as characte1_6_0_, character0_.character_character_name as characte2_6_0_ from characters character0_ where character0_.character_id=?
Hibernate: select user0_.user_id as col_0_0_ from user user0_ where user0_.user_user_id=? limit ?
Hibernate: select userjoinin0_.user_joining_pool_id as col_0_0_ from user_joining_pool userjoinin0_ where userjoinin0_.user_user_id=? limit ?
Hibernate: select character0_.character_id as col_0_0_ from characters character0_ where character0_.character_character_name=? limit ?
Hibernate: insert into user_joining_pool (user_joining_pool_id, user_created_at, user_name, user_phone_number, user_user_id, user_user_password) values (default, ?, ?, ?, ?, ?)
Hibernate: select user0_.user_id as user_id1_21_0_, user0_.character_id as characte7_21_0_, user0_.user_created_at as user_cre2_21_0_, user0_.user_name as user_nam3_21_0_, user0_.user_phone_number as user_pho4_21_0_, user0_.user_user_id as user_use5_21_0_, user0_.user_user_password as user_use6_21_0_ from user user0_ where user0_.user_id=?
Hibernate: select character0_.character_id as characte1_6_0_, character0_.character_character_name as characte2_6_0_ from characters character0_ where character0_.character_id=?
Hibernate: select count(*) as col_0_0_ from user user0_ where user0_.user_id=?
Hibernate: select character1_.character_id as characte1_6_, character1_.character_character_name as characte2_6_ from user user0_ inner join characters character1_ on user0_.character_id=character1_.character_id where user0_.user_id=?
Hibernate: select permission0_.character_id as characte6_12_0_, permission0_.permission_id as permissi1_12_0_, permission0_.permission_id as permissi1_12_1_, permission0_.character_id as characte6_12_1_, permission0_.permission_name as permissi2_12_1_, permission0_.permission_permission_unit_id as permissi3_12_1_, permission0_.permission_service as permissi4_12_1_, permission0_.permission_status as permissi5_12_1_ from permission permission0_ where permission0_.character_id=?
Hibernate: select userjoinin0_.user_joining_pool_id as col_0_0_ from user_joining_pool userjoinin0_ where userjoinin0_.user_user_id=? limit ?
Hibernate: select userjoinin0_.user_joining_pool_id as user_joi1_22_, userjoinin0_.user_created_at as user_cre2_22_, userjoinin0_.user_name as user_nam3_22_, userjoinin0_.user_phone_number as user_pho4_22_, userjoinin0_.user_user_id as user_use5_22_, userjoinin0_.user_user_password as user_use6_22_ from user_joining_pool userjoinin0_ where userjoinin0_.user_user_id=?
Hibernate: select character0_.character_id as characte1_6_, character0_.character_character_name as characte2_6_ from characters character0_ where character0_.character_character_name=?
Hibernate: insert into user (user_id, character_id, user_created_at, user_name, user_phone_number, user_user_id, user_user_password) values (default, ?, ?, ?, ?, ?, ?)
Hibernate: DELETE FROM USER_JOINING_POOL as JU where JU.USER_USER_ID =?
Hibernate: select user0_.user_id as col_0_0_ from user user0_ where user0_.user_user_id=? limit ?
Hibernate: select user0_.user_id as col_0_0_ from user user0_ where user0_.user_user_id=? limit ?
Hibernate: select U.* from USER U where U.USER_USER_ID =?
Hibernate: select character0_.character_id as characte1_6_0_, character0_.character_character_name as characte2_6_0_ from characters character0_ where character0_.character_id=?
Hibernate: select user0_.user_id as col_0_0_ from user user0_ where user0_.user_user_id=? limit ?
Hibernate: select userjoinin0_.user_joining_pool_id as col_0_0_ from user_joining_pool userjoinin0_ where userjoinin0_.user_user_id=? limit ?
Hibernate: select character0_.character_id as col_0_0_ from characters character0_ where character0_.character_character_name=? limit ?
Hibernate: insert into user_joining_pool (user_joining_pool_id, user_created_at, user_name, user_phone_number, user_user_id, user_user_password) values (default, ?, ?, ?, ?, ?)
Hibernate: select user0_.user_id as user_id1_21_0_, user0_.character_id as characte7_21_0_, user0_.user_created_at as user_cre2_21_0_, user0_.user_name as user_nam3_21_0_, user0_.user_phone_number as user_pho4_21_0_, user0_.user_user_id as user_use5_21_0_, user0_.user_user_password as user_use6_21_0_ from user user0_ where user0_.user_id=?
Hibernate: select character0_.character_id as characte1_6_0_, character0_.character_character_name as characte2_6_0_ from characters character0_ where character0_.character_id=?
Hibernate: select count(*) as col_0_0_ from user user0_ where user0_.user_id=?
Hibernate: select character1_.character_id as characte1_6_, character1_.character_character_name as characte2_6_ from user user0_ inner join characters character1_ on user0_.character_id=character1_.character_id where user0_.user_id=?
Hibernate: select permission0_.character_id as characte6_12_0_, permission0_.permission_id as permissi1_12_0_, permission0_.permission_id as permissi1_12_1_, permission0_.character_id as characte6_12_1_, permission0_.permission_name as permissi2_12_1_, permission0_.permission_permission_unit_id as permissi3_12_1_, permission0_.permission_service as permissi4_12_1_, permission0_.permission_status as permissi5_12_1_ from permission permission0_ where permission0_.character_id=?
Hibernate: select userjoinin0_.user_joining_pool_id as col_0_0_ from user_joining_pool userjoinin0_ where userjoinin0_.user_user_id=? limit ?
Hibernate: select userjoinin0_.user_joining_pool_id as user_joi1_22_, userjoinin0_.user_created_at as user_cre2_22_, userjoinin0_.user_name as user_nam3_22_, userjoinin0_.user_phone_number as user_pho4_22_, userjoinin0_.user_user_id as user_use5_22_, userjoinin0_.user_user_password as user_use6_22_ from user_joining_pool userjoinin0_ where userjoinin0_.user_user_id=?
Hibernate: select character0_.character_id as characte1_6_, character0_.character_character_name as characte2_6_ from characters character0_ where character0_.character_character_name=?
Hibernate: insert into user (user_id, character_id, user_created_at, user_name, user_phone_number, user_user_id, user_user_password) values (default, ?, ?, ?, ?, ?, ?)
Hibernate: DELETE FROM USER_JOINING_POOL as JU where JU.USER_USER_ID =?
Hibernate: select user0_.user_id as col_0_0_ from user user0_ where user0_.user_user_id=? limit ?
Hibernate: select user0_.user_id as col_0_0_ from user user0_ where user0_.user_user_id=? limit ?
Hibernate: select U.* from USER U where U.USER_USER_ID =?
Hibernate: select character0_.character_id as characte1_6_0_, character0_.character_character_name as characte2_6_0_ from characters character0_ where character0_.character_id=?
Hibernate: select user0_.user_id as col_0_0_ from user user0_ where user0_.user_user_id=? limit ?
Hibernate: select userjoinin0_.user_joining_pool_id as col_0_0_ from user_joining_pool userjoinin0_ where userjoinin0_.user_user_id=? limit ?
Hibernate: select character0_.character_id as col_0_0_ from characters character0_ where character0_.character_character_name=? limit ?
Hibernate: insert into user_joining_pool (user_joining_pool_id, user_created_at, user_name, user_phone_number, user_user_id, user_user_password) values (default, ?, ?, ?, ?, ?)
Hibernate: select user0_.user_id as user_id1_21_0_, user0_.character_id as characte7_21_0_, user0_.user_created_at as user_cre2_21_0_, user0_.user_name as user_nam3_21_0_, user0_.user_phone_number as user_pho4_21_0_, user0_.user_user_id as user_use5_21_0_, user0_.user_user_password as user_use6_21_0_ from user user0_ where user0_.user_id=?
Hibernate: select character0_.character_id as characte1_6_0_, character0_.character_character_name as characte2_6_0_ from characters character0_ where character0_.character_id=?
Hibernate: select count(*) as col_0_0_ from user user0_ where user0_.user_id=?
Hibernate: select character1_.character_id as characte1_6_, character1_.character_character_name as characte2_6_ from user user0_ inner join characters character1_ on user0_.character_id=character1_.character_id where user0_.user_id=?
Hibernate: select permission0_.character_id as characte6_12_0_, permission0_.permission_id as permissi1_12_0_, permission0_.permission_id as permissi1_12_1_, permission0_.character_id as characte6_12_1_, permission0_.permission_name as permissi2_12_1_, permission0_.permission_permission_unit_id as permissi3_12_1_, permission0_.permission_service as permissi4_12_1_, permission0_.permission_status as permissi5_12_1_ from permission permission0_ where permission0_.character_id=?
Hibernate: select userjoinin0_.user_joining_pool_id as col_0_0_ from user_joining_pool userjoinin0_ where userjoinin0_.user_user_id=? limit ?
Hibernate: select userjoinin0_.user_joining_pool_id as user_joi1_22_, userjoinin0_.user_created_at as user_cre2_22_, userjoinin0_.user_name as user_nam3_22_, userjoinin0_.user_phone_number as user_pho4_22_, userjoinin0_.user_user_id as user_use5_22_, userjoinin0_.user_user_password as user_use6_22_ from user_joining_pool userjoinin0_ where userjoinin0_.user_user_id=?
Hibernate: select character0_.character_id as characte1_6_, character0_.character_character_name as characte2_6_ from characters character0_ where character0_.character_character_name=?
Hibernate: insert into user (user_id, character_id, user_created_at, user_name, user_phone_number, user_user_id, user_user_password) values (default, ?, ?, ?, ?, ?, ?)
Hibernate: DELETE FROM USER_JOINING_POOL as JU where JU.USER_USER_ID =?
Hibernate: select user0_.user_id as user_id1_21_0_, user0_.character_id as characte7_21_0_, user0_.user_created_at as user_cre2_21_0_, user0_.user_name as user_nam3_21_0_, user0_.user_phone_number as user_pho4_21_0_, user0_.user_user_id as user_use5_21_0_, user0_.user_user_password as user_use6_21_0_ from user user0_ where user0_.user_id=?
Hibernate: select character0_.character_id as characte1_6_0_, character0_.character_character_name as characte2_6_0_ from characters character0_ where character0_.character_id=?
Hibernate: select count(*) as col_0_0_ from user user0_ where user0_.user_id=?
Hibernate: select character1_.character_id as characte1_6_, character1_.character_character_name as characte2_6_ from user user0_ inner join characters character1_ on user0_.character_id=character1_.character_id where user0_.user_id=?
Hibernate: select permission0_.character_id as characte6_12_0_, permission0_.permission_id as permissi1_12_0_, permission0_.permission_id as permissi1_12_1_, permission0_.character_id as characte6_12_1_, permission0_.permission_name as permissi2_12_1_, permission0_.permission_permission_unit_id as permissi3_12_1_, permission0_.permission_service as permissi4_12_1_, permission0_.permission_status as permissi5_12_1_ from permission permission0_ where permission0_.character_id=?
Hibernate: select user0_.user_id as col_0_0_ from user user0_ where user0_.user_user_id=? limit ?
Hibernate: select user0_.user_id as col_0_0_ from user user0_ where user0_.user_user_id=? limit ?
Hibernate: select user0_.user_id as col_0_0_ from user user0_ where user0_.user_user_id=? limit ?
Hibernate: select user0_.user_id as col_0_0_ from user user0_ where user0_.user_user_id=? limit ?
Hibernate: select user0_.user_id as col_0_0_ from user user0_ where user0_.user_user_id=? limit ?
Hibernate: select user0_.user_id as user_id1_21_, user0_.character_id as characte7_21_, user0_.user_created_at as user_cre2_21_, user0_.user_name as user_nam3_21_, user0_.user_phone_number as user_pho4_21_, user0_.user_user_id as user_use5_21_, user0_.user_user_password as user_use6_21_ from user user0_ inner join characters character1_ on user0_.character_id=character1_.character_id where user0_.user_user_id=?
Hibernate: select character0_.character_id as characte1_6_0_, character0_.character_character_name as characte2_6_0_ from characters character0_ where character0_.character_id=?
Hibernate: select user0_.user_id as user_id1_21_, user0_.character_id as characte7_21_, user0_.user_created_at as user_cre2_21_, user0_.user_name as user_nam3_21_, user0_.user_phone_number as user_pho4_21_, user0_.user_user_id as user_use5_21_, user0_.user_user_password as user_use6_21_ from user user0_ inner join characters character1_ on user0_.character_id=character1_.character_id where user0_.user_user_id=?
Hibernate: select user0_.user_id as user_id1_21_, user0_.character_id as characte7_21_, user0_.user_created_at as user_cre2_21_, user0_.user_name as user_nam3_21_, user0_.user_phone_number as user_pho4_21_, user0_.user_user_id as user_use5_21_, user0_.user_user_password as user_use6_21_ from user user0_ inner join characters character1_ on user0_.character_id=character1_.character_id where user0_.user_user_id=?
Hibernate: select user0_.user_id as user_id1_21_, user0_.character_id as characte7_21_, user0_.user_created_at as user_cre2_21_, user0_.user_name as user_nam3_21_, user0_.user_phone_number as user_pho4_21_, user0_.user_user_id as user_use5_21_, user0_.user_user_password as user_use6_21_ from user user0_ inner join characters character1_ on user0_.character_id=character1_.character_id where user0_.user_user_id=?
Hibernate: select user0_.user_id as user_id1_21_, user0_.character_id as characte7_21_, user0_.user_created_at as user_cre2_21_, user0_.user_name as user_nam3_21_, user0_.user_phone_number as user_pho4_21_, user0_.user_user_id as user_use5_21_, user0_.user_user_password as user_use6_21_ from user user0_ inner join characters character1_ on user0_.character_id=character1_.character_id where user0_.user_user_id=?
Hibernate: insert into team_building (team_building_team_building_id, team_building_created_at, team_building_last_modified_at, team_building_team_building_title) values (default, ?, ?, ?)
Hibernate: insert into team (team_team_id, team_last_modified_at, team_building_team_building_id, team_team_name) values (default, ?, ?, ?)
Hibernate: insert into team_user (team_user_id, team_team_id, user_id) values (default, ?, ?)
Hibernate: insert into team_user (team_user_id, team_team_id, user_id) values (default, ?, ?)
Hibernate: insert into team_user (team_user_id, team_team_id, user_id) values (default, ?, ?)
Hibernate: insert into team (team_team_id, team_last_modified_at, team_building_team_building_id, team_team_name) values (default, ?, ?, ?)
Hibernate: insert into team_user (team_user_id, team_team_id, user_id) values (default, ?, ?)
Hibernate: insert into team_user (team_user_id, team_team_id, user_id) values (default, ?, ?)
Hibernate: select user0_.user_id as user_id1_21_0_, user0_.character_id as characte7_21_0_, user0_.user_created_at as user_cre2_21_0_, user0_.user_name as user_nam3_21_0_, user0_.user_phone_number as user_pho4_21_0_, user0_.user_user_id as user_use5_21_0_, user0_.user_user_password as user_use6_21_0_ from user user0_ where user0_.user_id=?
Hibernate: select character0_.character_id as characte1_6_0_, character0_.character_character_name as characte2_6_0_ from characters character0_ where character0_.character_id=?
Hibernate: select count(*) as col_0_0_ from team_building teambuildi0_
Hibernate: select count(*) as col_0_0_ from team_building teambuildi0_
Hibernate: select teambuildi0_.team_building_team_building_id as team_bui1_19_, teambuildi0_.team_building_created_at as team_bui2_19_, teambuildi0_.team_building_last_modified_at as team_bui3_19_, teambuildi0_.team_building_team_building_title as team_bui4_19_ from team_building teambuildi0_ order by teambuildi0_.team_building_created_at desc, teambuildi0_.team_building_team_building_id desc limit ?
Hibernate: select teamlist0_.team_building_team_building_id as team_bui4_18_0_, teamlist0_.team_team_id as team_tea1_18_0_, teamlist0_.team_team_id as team_tea1_18_1_, teamlist0_.team_last_modified_at as team_las2_18_1_, teamlist0_.team_building_team_building_id as team_bui4_18_1_, teamlist0_.team_team_name as team_tea3_18_1_ from team teamlist0_ where teamlist0_.team_building_team_building_id=?
Hibernate: select teamuserli0_.team_team_id as team_tea2_20_0_, teamuserli0_.team_user_id as team_use1_20_0_, teamuserli0_.team_user_id as team_use1_20_1_, teamuserli0_.team_team_id as team_tea2_20_1_, teamuserli0_.user_id as user_id3_20_1_ from team_user teamuserli0_ where teamuserli0_.team_team_id=?
Hibernate: select user0_.user_id as user_id1_21_0_, user0_.character_id as characte7_21_0_, user0_.user_created_at as user_cre2_21_0_, user0_.user_name as user_nam3_21_0_, user0_.user_phone_number as user_pho4_21_0_, user0_.user_user_id as user_use5_21_0_, user0_.user_user_password as user_use6_21_0_ from user user0_ where user0_.user_id=?
Hibernate: select character0_.character_id as characte1_6_0_, character0_.character_character_name as characte2_6_0_ from characters character0_ where character0_.character_id=?
Hibernate: select user0_.user_id as user_id1_21_0_, user0_.character_id as characte7_21_0_, user0_.user_created_at as user_cre2_21_0_, user0_.user_name as user_nam3_21_0_, user0_.user_phone_number as user_pho4_21_0_, user0_.user_user_id as user_use5_21_0_, user0_.user_user_password as user_use6_21_0_ from user user0_ where user0_.user_id=?
Hibernate: select user0_.user_id as user_id1_21_0_, user0_.character_id as characte7_21_0_, user0_.user_created_at as user_cre2_21_0_, user0_.user_name as user_nam3_21_0_, user0_.user_phone_number as user_pho4_21_0_, user0_.user_user_id as user_use5_21_0_, user0_.user_user_password as user_use6_21_0_ from user user0_ where user0_.user_id=?
Hibernate: select teamuserli0_.team_team_id as team_tea2_20_0_, teamuserli0_.team_user_id as team_use1_20_0_, teamuserli0_.team_user_id as team_use1_20_1_, teamuserli0_.team_team_id as team_tea2_20_1_, teamuserli0_.user_id as user_id3_20_1_ from team_user teamuserli0_ where teamuserli0_.team_team_id=?
Hibernate: select user0_.user_id as user_id1_21_0_, user0_.character_id as characte7_21_0_, user0_.user_created_at as user_cre2_21_0_, user0_.user_name as user_nam3_21_0_, user0_.user_phone_number as user_pho4_21_0_, user0_.user_user_id as user_use5_21_0_, user0_.user_user_password as user_use6_21_0_ from user user0_ where user0_.user_id=?
Hibernate: select user0_.user_id as user_id1_21_0_, user0_.character_id as characte7_21_0_, user0_.user_created_at as user_cre2_21_0_, user0_.user_name as user_nam3_21_0_, user0_.user_phone_number as user_pho4_21_0_, user0_.user_user_id as user_use5_21_0_, user0_.user_user_password as user_use6_21_0_ from user user0_ where user0_.user_id=?
Hibernate: select user0_.user_id as user_id1_21_0_, user0_.character_id as characte7_21_0_, user0_.user_created_at as user_cre2_21_0_, user0_.user_name as user_nam3_21_0_, user0_.user_phone_number as user_pho4_21_0_, user0_.user_user_id as user_use5_21_0_, user0_.user_user_password as user_use6_21_0_ from user user0_ where user0_.user_id=?
Hibernate: select character0_.character_id as characte1_6_0_, character0_.character_character_name as characte2_6_0_ from characters character0_ where character0_.character_id=?
Hibernate: select count(*) as col_0_0_ from user user0_ where user0_.user_id=?
Hibernate: select character1_.character_id as characte1_6_, character1_.character_character_name as characte2_6_ from user user0_ inner join characters character1_ on user0_.character_id=character1_.character_id where user0_.user_id=?
Hibernate: select permission0_.character_id as characte6_12_0_, permission0_.permission_id as permissi1_12_0_, permission0_.permission_id as permissi1_12_1_, permission0_.character_id as characte6_12_1_, permission0_.permission_name as permissi2_12_1_, permission0_.permission_permission_unit_id as permissi3_12_1_, permission0_.permission_service as permissi4_12_1_, permission0_.permission_status as permissi5_12_1_ from permission permission0_ where permission0_.character_id=?
Hibernate: select count(*) as col_0_0_ from team_building teambuildi0_ where teambuildi0_.team_building_team_building_id=?
Hibernate: SELECT * FROM TEAM WHERE TEAM_BUILDING_TEAM_BUILDING_ID = ?
Hibernate: select teambuildi0_.team_building_team_building_id as team_bui1_19_0_, teambuildi0_.team_building_created_at as team_bui2_19_0_, teambuildi0_.team_building_last_modified_at as team_bui3_19_0_, teambuildi0_.team_building_team_building_title as team_bui4_19_0_ from team_building teambuildi0_ where teambuildi0_.team_building_team_building_id=?
Hibernate: select teamuserli0_.team_team_id as team_tea2_20_0_, teamuserli0_.team_user_id as team_use1_20_0_, teamuserli0_.team_user_id as team_use1_20_1_, teamuserli0_.team_team_id as team_tea2_20_1_, teamuserli0_.user_id as user_id3_20_1_ from team_user teamuserli0_ where teamuserli0_.team_team_id=?
Hibernate: select user0_.user_id as user_id1_21_0_, user0_.character_id as characte7_21_0_, user0_.user_created_at as user_cre2_21_0_, user0_.user_name as user_nam3_21_0_, user0_.user_phone_number as user_pho4_21_0_, user0_.user_user_id as user_use5_21_0_, user0_.user_user_password as user_use6_21_0_ from user user0_ where user0_.user_id=?
Hibernate: select character0_.character_id as characte1_6_0_, character0_.character_character_name as characte2_6_0_ from characters character0_ where character0_.character_id=?
Hibernate: select user0_.user_id as user_id1_21_0_, user0_.character_id as characte7_21_0_, user0_.user_created_at as user_cre2_21_0_, user0_.user_name as user_nam3_21_0_, user0_.user_phone_number as user_pho4_21_0_, user0_.user_user_id as user_use5_21_0_, user0_.user_user_password as user_use6_21_0_ from user user0_ where user0_.user_id=?
Hibernate: select user0_.user_id as user_id1_21_0_, user0_.character_id as characte7_21_0_, user0_.user_created_at as user_cre2_21_0_, user0_.user_name as user_nam3_21_0_, user0_.user_phone_number as user_pho4_21_0_, user0_.user_user_id as user_use5_21_0_, user0_.user_user_password as user_use6_21_0_ from user user0_ where user0_.user_id=?
Hibernate: select teamuserli0_.team_team_id as team_tea2_20_0_, teamuserli0_.team_user_id as team_use1_20_0_, teamuserli0_.team_user_id as team_use1_20_1_, teamuserli0_.team_team_id as team_tea2_20_1_, teamuserli0_.user_id as user_id3_20_1_ from team_user teamuserli0_ where teamuserli0_.team_team_id=?
Hibernate: select user0_.user_id as user_id1_21_0_, user0_.character_id as characte7_21_0_, user0_.user_created_at as user_cre2_21_0_, user0_.user_name as user_nam3_21_0_, user0_.user_phone_number as user_pho4_21_0_, user0_.user_user_id as user_use5_21_0_, user0_.user_user_password as user_use6_21_0_ from user user0_ where user0_.user_id=?
Hibernate: select user0_.user_id as user_id1_21_0_, user0_.character_id as characte7_21_0_, user0_.user_created_at as user_cre2_21_0_, user0_.user_name as user_nam3_21_0_, user0_.user_phone_number as user_pho4_21_0_, user0_.user_user_id as user_use5_21_0_, user0_.user_user_password as user_use6_21_0_ from user user0_ where user0_.user_id=?
Hibernate: SELECT DISTINCT TU.USER_ID FROM TEAM_USER AS TU INNER JOIN TEAM AS T WHERE T.TEAM_BUILDING_TEAM_BUILDING_ID = ? AND TU.TEAM_TEAM_ID = T.TEAM_TEAM_ID
Hibernate: insert into team (team_team_id, team_last_modified_at, team_building_team_building_id, team_team_name) values (default, ?, ?, ?)
Hibernate: select user0_.user_id as user_id1_21_0_, user0_.character_id as characte7_21_0_, user0_.user_created_at as user_cre2_21_0_, user0_.user_name as user_nam3_21_0_, user0_.user_phone_number as user_pho4_21_0_, user0_.user_user_id as user_use5_21_0_, user0_.user_user_password as user_use6_21_0_ from user user0_ where user0_.user_id=?
Hibernate: select character0_.character_id as characte1_6_0_, character0_.character_character_name as characte2_6_0_ from characters character0_ where character0_.character_id=?
Hibernate: select count(*) as col_0_0_ from user user0_ where user0_.user_id=?
Hibernate: select character1_.character_id as characte1_6_, character1_.character_character_name as characte2_6_ from user user0_ inner join characters character1_ on user0_.character_id=character1_.character_id where user0_.user_id=?
Hibernate: select permission0_.character_id as characte6_12_0_, permission0_.permission_id as permissi1_12_0_, permission0_.permission_id as permissi1_12_1_, permission0_.character_id as characte6_12_1_, permission0_.permission_name as permissi2_12_1_, permission0_.permission_permission_unit_id as permissi3_12_1_, permission0_.permission_service as permissi4_12_1_, permission0_.permission_status as permissi5_12_1_ from permission permission0_ where permission0_.character_id=?
Hibernate: select count(*) as col_0_0_ from team_building teambuildi0_ where teambuildi0_.team_building_team_building_id=?
Hibernate: SELECT * FROM TEAM WHERE TEAM_BUILDING_TEAM_BUILDING_ID = ?
Hibernate: select teambuildi0_.team_building_team_building_id as team_bui1_19_0_, teambuildi0_.team_building_created_at as team_bui2_19_0_, teambuildi0_.team_building_last_modified_at as team_bui3_19_0_, teambuildi0_.team_building_team_building_title as team_bui4_19_0_ from team_building teambuildi0_ where teambuildi0_.team_building_team_building_id=?
Hibernate: select teamuserli0_.team_team_id as team_tea2_20_0_, teamuserli0_.team_user_id as team_use1_20_0_, teamuserli0_.team_user_id as team_use1_20_1_, teamuserli0_.team_team_id as team_tea2_20_1_, teamuserli0_.user_id as user_id3_20_1_ from team_user teamuserli0_ where teamuserli0_.team_team_id=?
Hibernate: select user0_.user_id as user_id1_21_0_, user0_.character_id as characte7_21_0_, user0_.user_created_at as user_cre2_21_0_, user0_.user_name as user_nam3_21_0_, user0_.user_phone_number as user_pho4_21_0_, user0_.user_user_id as user_use5_21_0_, user0_.user_user_password as user_use6_21_0_ from user user0_ where user0_.user_id=?
Hibernate: select character0_.character_id as characte1_6_0_, character0_.character_character_name as characte2_6_0_ from characters character0_ where character0_.character_id=?
Hibernate: select user0_.user_id as user_id1_21_0_, user0_.character_id as characte7_21_0_, user0_.user_created_at as user_cre2_21_0_, user0_.user_name as user_nam3_21_0_, user0_.user_phone_number as user_pho4_21_0_, user0_.user_user_id as user_use5_21_0_, user0_.user_user_password as user_use6_21_0_ from user user0_ where user0_.user_id=?
Hibernate: select user0_.user_id as user_id1_21_0_, user0_.character_id as characte7_21_0_, user0_.user_created_at as user_cre2_21_0_, user0_.user_name as user_nam3_21_0_, user0_.user_phone_number as user_pho4_21_0_, user0_.user_user_id as user_use5_21_0_, user0_.user_user_password as user_use6_21_0_ from user user0_ where user0_.user_id=?
Hibernate: select teamuserli0_.team_team_id as team_tea2_20_0_, teamuserli0_.team_user_id as team_use1_20_0_, teamuserli0_.team_user_id as team_use1_20_1_, teamuserli0_.team_team_id as team_tea2_20_1_, teamuserli0_.user_id as user_id3_20_1_ from team_user teamuserli0_ where teamuserli0_.team_team_id=?
Hibernate: select user0_.user_id as user_id1_21_0_, user0_.character_id as characte7_21_0_, user0_.user_created_at as user_cre2_21_0_, user0_.user_name as user_nam3_21_0_, user0_.user_phone_number as user_pho4_21_0_, user0_.user_user_id as user_use5_21_0_, user0_.user_user_password as user_use6_21_0_ from user user0_ where user0_.user_id=?
Hibernate: select user0_.user_id as user_id1_21_0_, user0_.character_id as characte7_21_0_, user0_.user_created_at as user_cre2_21_0_, user0_.user_name as user_nam3_21_0_, user0_.user_phone_number as user_pho4_21_0_, user0_.user_user_id as user_use5_21_0_, user0_.user_user_password as user_use6_21_0_ from user user0_ where user0_.user_id=?
Hibernate: select teamuserli0_.team_team_id as team_tea2_20_0_, teamuserli0_.team_user_id as team_use1_20_0_, teamuserli0_.team_user_id as team_use1_20_1_, teamuserli0_.team_team_id as team_tea2_20_1_, teamuserli0_.user_id as user_id3_20_1_ from team_user teamuserli0_ where teamuserli0_.team_team_id=?

MockHttpServletRequest:
      HTTP Method = POST
      Request URI = /teambuilding/team/6
       Parameters = {}
          Headers = [Content-Type:"application/json;charset=UTF-8", Accept:"application/json", api-version:"1.0", Authorization:"Bearer eyJhbGciOiJIUzI1NiJ9.eyJzdWIiOiIxIiwiaWF0IjoxNjg3ODc3NDY4LCJleHAiOjE2ODc4ODEwNjh9.L4tO6_dDAW_EBZT75Jfu2R72X2bmpa30eKXBNOnKWzQ", Content-Length:"36"]
             Body = {"team_name":"chisami","members":[]}
    Session Attrs = {}

Handler:
             Type = org.waldreg.controller.teambuilding.TeamBuildingController
           Method = org.waldreg.controller.teambuilding.TeamBuildingController#createTeam(int, TeamRequest)

Async:
    Async started = false
     Async result = null

Resolved Exception:
             Type = org.waldreg.teambuilding.exception.DuplicatedTeamNameException

ModelAndView:
        View name = null
             View = null
            Model = null

FlashMap:
       Attributes = null

MockHttpServletResponse:
           Status = 400
    Error message = null
          Headers = [Vary:"Origin", "Access-Control-Request-Method", "Access-Control-Request-Headers", Api-version:"1.0", Content-Type:"application/json"]
     Content type = application/json
             Body = {"code":"TEAMBUILDING-406","messages":"Duplicated team name \"chisami\"","document_url":"docs.waldreg.org"}
    Forwarded URL = null
   Redirected URL = null
          Cookies = []
Hibernate: select user0_.user_id as col_0_0_ from user user0_ where user0_.user_user_id=? limit ?
Hibernate: select user0_.user_id as col_0_0_ from user user0_ where user0_.user_user_id=? limit ?
Hibernate: select U.* from USER U where U.USER_USER_ID =?
Hibernate: select character0_.character_id as characte1_6_0_, character0_.character_character_name as characte2_6_0_ from characters character0_ where character0_.character_id=?
Hibernate: select user0_.user_id as user_id1_21_0_, user0_.character_id as characte7_21_0_, user0_.user_created_at as user_cre2_21_0_, user0_.user_name as user_nam3_21_0_, user0_.user_phone_number as user_pho4_21_0_, user0_.user_user_id as user_use5_21_0_, user0_.user_user_password as user_use6_21_0_ from user user0_ where user0_.user_id=?
Hibernate: select character0_.character_id as characte1_6_0_, character0_.character_character_name as characte2_6_0_ from characters character0_ where character0_.character_id=?
Hibernate: select count(*) as col_0_0_ from team_building teambuildi0_
Hibernate: select count(*) as col_0_0_ from team_building teambuildi0_
Hibernate: select teambuildi0_.team_building_team_building_id as team_bui1_19_, teambuildi0_.team_building_created_at as team_bui2_19_, teambuildi0_.team_building_last_modified_at as team_bui3_19_, teambuildi0_.team_building_team_building_title as team_bui4_19_ from team_building teambuildi0_ order by teambuildi0_.team_building_created_at desc, teambuildi0_.team_building_team_building_id desc limit ?
Hibernate: select teamlist0_.team_building_team_building_id as team_bui4_18_0_, teamlist0_.team_team_id as team_tea1_18_0_, teamlist0_.team_team_id as team_tea1_18_1_, teamlist0_.team_last_modified_at as team_las2_18_1_, teamlist0_.team_building_team_building_id as team_bui4_18_1_, teamlist0_.team_team_name as team_tea3_18_1_ from team teamlist0_ where teamlist0_.team_building_team_building_id=?
Hibernate: select teamuserli0_.team_team_id as team_tea2_20_0_, teamuserli0_.team_user_id as team_use1_20_0_, teamuserli0_.team_user_id as team_use1_20_1_, teamuserli0_.team_team_id as team_tea2_20_1_, teamuserli0_.user_id as user_id3_20_1_ from team_user teamuserli0_ where teamuserli0_.team_team_id=?
Hibernate: select user0_.user_id as user_id1_21_0_, user0_.character_id as characte7_21_0_, user0_.user_created_at as user_cre2_21_0_, user0_.user_name as user_nam3_21_0_, user0_.user_phone_number as user_pho4_21_0_, user0_.user_user_id as user_use5_21_0_, user0_.user_user_password as user_use6_21_0_ from user user0_ where user0_.user_id=?
Hibernate: select character0_.character_id as characte1_6_0_, character0_.character_character_name as characte2_6_0_ from characters character0_ where character0_.character_id=?
Hibernate: select user0_.user_id as user_id1_21_0_, user0_.character_id as characte7_21_0_, user0_.user_created_at as user_cre2_21_0_, user0_.user_name as user_nam3_21_0_, user0_.user_phone_number as user_pho4_21_0_, user0_.user_user_id as user_use5_21_0_, user0_.user_user_password as user_use6_21_0_ from user user0_ where user0_.user_id=?
Hibernate: select user0_.user_id as user_id1_21_0_, user0_.character_id as characte7_21_0_, user0_.user_created_at as user_cre2_21_0_, user0_.user_name as user_nam3_21_0_, user0_.user_phone_number as user_pho4_21_0_, user0_.user_user_id as user_use5_21_0_, user0_.user_user_password as user_use6_21_0_ from user user0_ where user0_.user_id=?
Hibernate: select teamuserli0_.team_team_id as team_tea2_20_0_, teamuserli0_.team_user_id as team_use1_20_0_, teamuserli0_.team_user_id as team_use1_20_1_, teamuserli0_.team_team_id as team_tea2_20_1_, teamuserli0_.user_id as user_id3_20_1_ from team_user teamuserli0_ where teamuserli0_.team_team_id=?
Hibernate: select user0_.user_id as user_id1_21_0_, user0_.character_id as characte7_21_0_, user0_.user_created_at as user_cre2_21_0_, user0_.user_name as user_nam3_21_0_, user0_.user_phone_number as user_pho4_21_0_, user0_.user_user_id as user_use5_21_0_, user0_.user_user_password as user_use6_21_0_ from user user0_ where user0_.user_id=?
Hibernate: select user0_.user_id as user_id1_21_0_, user0_.character_id as characte7_21_0_, user0_.user_created_at as user_cre2_21_0_, user0_.user_name as user_nam3_21_0_, user0_.user_phone_number as user_pho4_21_0_, user0_.user_user_id as user_use5_21_0_, user0_.user_user_password as user_use6_21_0_ from user user0_ where user0_.user_id=?
Hibernate: select teamuserli0_.team_team_id as team_tea2_20_0_, teamuserli0_.team_user_id as team_use1_20_0_, teamuserli0_.team_user_id as team_use1_20_1_, teamuserli0_.team_team_id as team_tea2_20_1_, teamuserli0_.user_id as user_id3_20_1_ from team_user teamuserli0_ where teamuserli0_.team_team_id=?
Hibernate: select user0_.user_id as user_id1_21_0_, user0_.character_id as characte7_21_0_, user0_.user_created_at as user_cre2_21_0_, user0_.user_name as user_nam3_21_0_, user0_.user_phone_number as user_pho4_21_0_, user0_.user_user_id as user_use5_21_0_, user0_.user_user_password as user_use6_21_0_ from user user0_ where user0_.user_id=?
Hibernate: select character0_.character_id as characte1_6_0_, character0_.character_character_name as characte2_6_0_ from characters character0_ where character0_.character_id=?
Hibernate: select count(*) as col_0_0_ from user user0_ where user0_.user_id=?
Hibernate: select character1_.character_id as characte1_6_, character1_.character_character_name as characte2_6_ from user user0_ inner join characters character1_ on user0_.character_id=character1_.character_id where user0_.user_id=?
Hibernate: select permission0_.character_id as characte6_12_0_, permission0_.permission_id as permissi1_12_0_, permission0_.permission_id as permissi1_12_1_, permission0_.character_id as characte6_12_1_, permission0_.permission_name as permissi2_12_1_, permission0_.permission_permission_unit_id as permissi3_12_1_, permission0_.permission_service as permissi4_12_1_, permission0_.permission_status as permissi5_12_1_ from permission permission0_ where permission0_.character_id=?
Hibernate: select count(*) as col_0_0_ from team_building teambuildi0_ where teambuildi0_.team_building_team_building_id=?
Hibernate: select teambuildi0_.team_building_team_building_id as team_bui1_19_0_, teambuildi0_.team_building_created_at as team_bui2_19_0_, teambuildi0_.team_building_last_modified_at as team_bui3_19_0_, teambuildi0_.team_building_team_building_title as team_bui4_19_0_ from team_building teambuildi0_ where teambuildi0_.team_building_team_building_id=?
Hibernate: select teamlist0_.team_building_team_building_id as team_bui4_18_0_, teamlist0_.team_team_id as team_tea1_18_0_, teamlist0_.team_team_id as team_tea1_18_1_, teamlist0_.team_last_modified_at as team_las2_18_1_, teamlist0_.team_building_team_building_id as team_bui4_18_1_, teamlist0_.team_team_name as team_tea3_18_1_ from team teamlist0_ where teamlist0_.team_building_team_building_id=?
Hibernate: select teamuserli0_.team_team_id as team_tea2_20_0_, teamuserli0_.team_user_id as team_use1_20_0_, teamuserli0_.team_user_id as team_use1_20_1_, teamuserli0_.team_team_id as team_tea2_20_1_, teamuserli0_.user_id as user_id3_20_1_ from team_user teamuserli0_ where teamuserli0_.team_team_id=?
Hibernate: select user0_.user_id as user_id1_21_0_, user0_.character_id as characte7_21_0_, user0_.user_created_at as user_cre2_21_0_, user0_.user_name as user_nam3_21_0_, user0_.user_phone_number as user_pho4_21_0_, user0_.user_user_id as user_use5_21_0_, user0_.user_user_password as user_use6_21_0_ from user user0_ where user0_.user_id=?
Hibernate: select character0_.character_id as characte1_6_0_, character0_.character_character_name as characte2_6_0_ from characters character0_ where character0_.character_id=?
Hibernate: select user0_.user_id as user_id1_21_0_, user0_.character_id as characte7_21_0_, user0_.user_created_at as user_cre2_21_0_, user0_.user_name as user_nam3_21_0_, user0_.user_phone_number as user_pho4_21_0_, user0_.user_user_id as user_use5_21_0_, user0_.user_user_password as user_use6_21_0_ from user user0_ where user0_.user_id=?
Hibernate: select user0_.user_id as user_id1_21_0_, user0_.character_id as characte7_21_0_, user0_.user_created_at as user_cre2_21_0_, user0_.user_name as user_nam3_21_0_, user0_.user_phone_number as user_pho4_21_0_, user0_.user_user_id as user_use5_21_0_, user0_.user_user_password as user_use6_21_0_ from user user0_ where user0_.user_id=?
Hibernate: select teamuserli0_.team_team_id as team_tea2_20_0_, teamuserli0_.team_user_id as team_use1_20_0_, teamuserli0_.team_user_id as team_use1_20_1_, teamuserli0_.team_team_id as team_tea2_20_1_, teamuserli0_.user_id as user_id3_20_1_ from team_user teamuserli0_ where teamuserli0_.team_team_id=?
Hibernate: select user0_.user_id as user_id1_21_0_, user0_.character_id as characte7_21_0_, user0_.user_created_at as user_cre2_21_0_, user0_.user_name as user_nam3_21_0_, user0_.user_phone_number as user_pho4_21_0_, user0_.user_user_id as user_use5_21_0_, user0_.user_user_password as user_use6_21_0_ from user user0_ where user0_.user_id=?
Hibernate: select user0_.user_id as user_id1_21_0_, user0_.character_id as characte7_21_0_, user0_.user_created_at as user_cre2_21_0_, user0_.user_name as user_nam3_21_0_, user0_.user_phone_number as user_pho4_21_0_, user0_.user_user_id as user_use5_21_0_, user0_.user_user_password as user_use6_21_0_ from user user0_ where user0_.user_id=?
Hibernate: select teamuserli0_.team_team_id as team_tea2_20_0_, teamuserli0_.team_user_id as team_use1_20_0_, teamuserli0_.team_user_id as team_use1_20_1_, teamuserli0_.team_team_id as team_tea2_20_1_, teamuserli0_.user_id as user_id3_20_1_ from team_user teamuserli0_ where teamuserli0_.team_team_id=?
Hibernate: delete from team_user where team_user_id=?
Hibernate: delete from team_user where team_user_id=?
Hibernate: delete from team_user where team_user_id=?
Hibernate: delete from team where team_team_id=?
Hibernate: delete from team_user where team_user_id=?
Hibernate: delete from team_user where team_user_id=?
Hibernate: delete from team where team_team_id=?
Hibernate: delete from team where team_team_id=?
Hibernate: delete from team_building where team_building_team_building_id=?
Hibernate: select user0_.user_id as user_id1_21_0_, user0_.character_id as characte7_21_0_, user0_.user_created_at as user_cre2_21_0_, user0_.user_name as user_nam3_21_0_, user0_.user_phone_number as user_pho4_21_0_, user0_.user_user_id as user_use5_21_0_, user0_.user_user_password as user_use6_21_0_ from user user0_ where user0_.user_id=?
Hibernate: select character0_.character_id as characte1_6_0_, character0_.character_character_name as characte2_6_0_ from characters character0_ where character0_.character_id=?
Hibernate: select count(*) as col_0_0_ from team_building teambuildi0_ where teambuildi0_.team_building_team_building_id=?
Hibernate: select user0_.user_id as col_0_0_ from user user0_ where user0_.user_user_id=? limit ?
Hibernate: select user0_.user_id as col_0_0_ from user user0_ where user0_.user_user_id=? limit ?
Hibernate: select U.* from USER U where U.USER_USER_ID =?
Hibernate: select character0_.character_id as characte1_6_0_, character0_.character_character_name as characte2_6_0_ from characters character0_ where character0_.character_id=?
Hibernate: select user0_.user_id as col_0_0_ from user user0_ where user0_.user_user_id=? limit ?
Hibernate: select user0_.user_id as user_id1_21_, user0_.character_id as characte7_21_, user0_.user_created_at as user_cre2_21_, user0_.user_name as user_nam3_21_, user0_.user_phone_number as user_pho4_21_, user0_.user_user_id as user_use5_21_, user0_.user_user_password as user_use6_21_ from user user0_ inner join characters character1_ on user0_.character_id=character1_.character_id where user0_.user_user_id=?
Hibernate: select character0_.character_id as characte1_6_0_, character0_.character_character_name as characte2_6_0_ from characters character0_ where character0_.character_id=?
Hibernate: select rewardtagw0_.user_id as user_id4_16_0_, rewardtagw0_.reward_tag_wrapper_reward_id as reward_t1_16_0_, rewardtagw0_.reward_tag_wrapper_reward_id as reward_t1_16_1_, rewardtagw0_.reward_tag_wrapper_reward_presented_at as reward_t2_16_1_, rewardtagw0_.reward_tag_reward_tag_id as reward_t3_16_1_, rewardtagw0_.user_id as user_id4_16_1_ from reward_tag_wrapper rewardtagw0_ where rewardtagw0_.user_id=?
Hibernate: select user0_.user_id as user_id1_21_0_, user0_.character_id as characte7_21_0_, user0_.user_created_at as user_cre2_21_0_, user0_.user_name as user_nam3_21_0_, user0_.user_phone_number as user_pho4_21_0_, user0_.user_user_id as user_use5_21_0_, user0_.user_user_password as user_use6_21_0_ from user user0_ where user0_.user_id=?
Hibernate: select character0_.character_id as characte1_6_0_, character0_.character_character_name as characte2_6_0_ from characters character0_ where character0_.character_id=?
Hibernate: select count(*) as col_0_0_ from user user0_ where user0_.user_id=?
Hibernate: select character1_.character_id as characte1_6_, character1_.character_character_name as characte2_6_ from user user0_ inner join characters character1_ on user0_.character_id=character1_.character_id where user0_.user_id=?
Hibernate: select permission0_.character_id as characte6_12_0_, permission0_.permission_id as permissi1_12_0_, permission0_.permission_id as permissi1_12_1_, permission0_.character_id as characte6_12_1_, permission0_.permission_name as permissi2_12_1_, permission0_.permission_permission_unit_id as permissi3_12_1_, permission0_.permission_service as permissi4_12_1_, permission0_.permission_status as permissi5_12_1_ from permission permission0_ where permission0_.character_id=?
Hibernate: select count(*) as col_0_0_ from user user0_ where user0_.user_id=?
Hibernate: select user0_.user_id as user_id1_21_, user0_.character_id as characte7_21_, user0_.user_created_at as user_cre2_21_, user0_.user_name as user_nam3_21_, user0_.user_phone_number as user_pho4_21_, user0_.user_user_id as user_use5_21_, user0_.user_user_password as user_use6_21_ from user user0_ where user0_.user_id=?
Hibernate: select character0_.character_id as characte1_6_0_, character0_.character_character_name as characte2_6_0_ from characters character0_ where character0_.character_id=?
Hibernate: select rewardtagw0_.user_id as user_id4_16_0_, rewardtagw0_.reward_tag_wrapper_reward_id as reward_t1_16_0_, rewardtagw0_.reward_tag_wrapper_reward_id as reward_t1_16_1_, rewardtagw0_.reward_tag_wrapper_reward_presented_at as reward_t2_16_1_, rewardtagw0_.reward_tag_reward_tag_id as reward_t3_16_1_, rewardtagw0_.user_id as user_id4_16_1_ from reward_tag_wrapper rewardtagw0_ where rewardtagw0_.user_id=?
Hibernate: select attendance0_.attendance_user_attendance_user_id as col_0_0_ from attendance_user attendance0_ where attendance0_.user_id=? limit ?
Hibernate: DELETE FROM USER WHERE USER_ID = ?
Hibernate: select user0_.user_id as col_0_0_ from user user0_ where user0_.user_user_id=? limit ?
Hibernate: select user0_.user_id as col_0_0_ from user user0_ where user0_.user_user_id=? limit ?
Hibernate: select user0_.user_id as user_id1_21_, user0_.character_id as characte7_21_, user0_.user_created_at as user_cre2_21_, user0_.user_name as user_nam3_21_, user0_.user_phone_number as user_pho4_21_, user0_.user_user_id as user_use5_21_, user0_.user_user_password as user_use6_21_ from user user0_ inner join characters character1_ on user0_.character_id=character1_.character_id where user0_.user_user_id=?
Hibernate: select character0_.character_id as characte1_6_0_, character0_.character_character_name as characte2_6_0_ from characters character0_ where character0_.character_id=?
Hibernate: select rewardtagw0_.user_id as user_id4_16_0_, rewardtagw0_.reward_tag_wrapper_reward_id as reward_t1_16_0_, rewardtagw0_.reward_tag_wrapper_reward_id as reward_t1_16_1_, rewardtagw0_.reward_tag_wrapper_reward_presented_at as reward_t2_16_1_, rewardtagw0_.reward_tag_reward_tag_id as reward_t3_16_1_, rewardtagw0_.user_id as user_id4_16_1_ from reward_tag_wrapper rewardtagw0_ where rewardtagw0_.user_id=?
Hibernate: select user0_.user_id as user_id1_21_0_, user0_.character_id as characte7_21_0_, user0_.user_created_at as user_cre2_21_0_, user0_.user_name as user_nam3_21_0_, user0_.user_phone_number as user_pho4_21_0_, user0_.user_user_id as user_use5_21_0_, user0_.user_user_password as user_use6_21_0_ from user user0_ where user0_.user_id=?
Hibernate: select character0_.character_id as characte1_6_0_, character0_.character_character_name as characte2_6_0_ from characters character0_ where character0_.character_id=?
Hibernate: select count(*) as col_0_0_ from user user0_ where user0_.user_id=?
Hibernate: select character1_.character_id as characte1_6_, character1_.character_character_name as characte2_6_ from user user0_ inner join characters character1_ on user0_.character_id=character1_.character_id where user0_.user_id=?
Hibernate: select permission0_.character_id as characte6_12_0_, permission0_.permission_id as permissi1_12_0_, permission0_.permission_id as permissi1_12_1_, permission0_.character_id as characte6_12_1_, permission0_.permission_name as permissi2_12_1_, permission0_.permission_permission_unit_id as permissi3_12_1_, permission0_.permission_service as permissi4_12_1_, permission0_.permission_status as permissi5_12_1_ from permission permission0_ where permission0_.character_id=?
Hibernate: select count(*) as col_0_0_ from user user0_ where user0_.user_id=?
Hibernate: select user0_.user_id as user_id1_21_, user0_.character_id as characte7_21_, user0_.user_created_at as user_cre2_21_, user0_.user_name as user_nam3_21_, user0_.user_phone_number as user_pho4_21_, user0_.user_user_id as user_use5_21_, user0_.user_user_password as user_use6_21_ from user user0_ where user0_.user_id=?
Hibernate: select character0_.character_id as characte1_6_0_, character0_.character_character_name as characte2_6_0_ from characters character0_ where character0_.character_id=?
Hibernate: select rewardtagw0_.user_id as user_id4_16_0_, rewardtagw0_.reward_tag_wrapper_reward_id as reward_t1_16_0_, rewardtagw0_.reward_tag_wrapper_reward_id as reward_t1_16_1_, rewardtagw0_.reward_tag_wrapper_reward_presented_at as reward_t2_16_1_, rewardtagw0_.reward_tag_reward_tag_id as reward_t3_16_1_, rewardtagw0_.user_id as user_id4_16_1_ from reward_tag_wrapper rewardtagw0_ where rewardtagw0_.user_id=?
Hibernate: select attendance0_.attendance_user_attendance_user_id as col_0_0_ from attendance_user attendance0_ where attendance0_.user_id=? limit ?
Hibernate: DELETE FROM USER WHERE USER_ID = ?
Hibernate: select user0_.user_id as col_0_0_ from user user0_ where user0_.user_user_id=? limit ?
Hibernate: select user0_.user_id as col_0_0_ from user user0_ where user0_.user_user_id=? limit ?
Hibernate: select user0_.user_id as user_id1_21_, user0_.character_id as characte7_21_, user0_.user_created_at as user_cre2_21_, user0_.user_name as user_nam3_21_, user0_.user_phone_number as user_pho4_21_, user0_.user_user_id as user_use5_21_, user0_.user_user_password as user_use6_21_ from user user0_ inner join characters character1_ on user0_.character_id=character1_.character_id where user0_.user_user_id=?
Hibernate: select character0_.character_id as characte1_6_0_, character0_.character_character_name as characte2_6_0_ from characters character0_ where character0_.character_id=?
Hibernate: select rewardtagw0_.user_id as user_id4_16_0_, rewardtagw0_.reward_tag_wrapper_reward_id as reward_t1_16_0_, rewardtagw0_.reward_tag_wrapper_reward_id as reward_t1_16_1_, rewardtagw0_.reward_tag_wrapper_reward_presented_at as reward_t2_16_1_, rewardtagw0_.reward_tag_reward_tag_id as reward_t3_16_1_, rewardtagw0_.user_id as user_id4_16_1_ from reward_tag_wrapper rewardtagw0_ where rewardtagw0_.user_id=?
Hibernate: select user0_.user_id as user_id1_21_0_, user0_.character_id as characte7_21_0_, user0_.user_created_at as user_cre2_21_0_, user0_.user_name as user_nam3_21_0_, user0_.user_phone_number as user_pho4_21_0_, user0_.user_user_id as user_use5_21_0_, user0_.user_user_password as user_use6_21_0_ from user user0_ where user0_.user_id=?
Hibernate: select character0_.character_id as characte1_6_0_, character0_.character_character_name as characte2_6_0_ from characters character0_ where character0_.character_id=?
Hibernate: select count(*) as col_0_0_ from user user0_ where user0_.user_id=?
Hibernate: select character1_.character_id as characte1_6_, character1_.character_character_name as characte2_6_ from user user0_ inner join characters character1_ on user0_.character_id=character1_.character_id where user0_.user_id=?
Hibernate: select permission0_.character_id as characte6_12_0_, permission0_.permission_id as permissi1_12_0_, permission0_.permission_id as permissi1_12_1_, permission0_.character_id as characte6_12_1_, permission0_.permission_name as permissi2_12_1_, permission0_.permission_permission_unit_id as permissi3_12_1_, permission0_.permission_service as permissi4_12_1_, permission0_.permission_status as permissi5_12_1_ from permission permission0_ where permission0_.character_id=?
Hibernate: select count(*) as col_0_0_ from user user0_ where user0_.user_id=?
Hibernate: select user0_.user_id as user_id1_21_, user0_.character_id as characte7_21_, user0_.user_created_at as user_cre2_21_, user0_.user_name as user_nam3_21_, user0_.user_phone_number as user_pho4_21_, user0_.user_user_id as user_use5_21_, user0_.user_user_password as user_use6_21_ from user user0_ where user0_.user_id=?
Hibernate: select character0_.character_id as characte1_6_0_, character0_.character_character_name as characte2_6_0_ from characters character0_ where character0_.character_id=?
Hibernate: select rewardtagw0_.user_id as user_id4_16_0_, rewardtagw0_.reward_tag_wrapper_reward_id as reward_t1_16_0_, rewardtagw0_.reward_tag_wrapper_reward_id as reward_t1_16_1_, rewardtagw0_.reward_tag_wrapper_reward_presented_at as reward_t2_16_1_, rewardtagw0_.reward_tag_reward_tag_id as reward_t3_16_1_, rewardtagw0_.user_id as user_id4_16_1_ from reward_tag_wrapper rewardtagw0_ where rewardtagw0_.user_id=?
Hibernate: select attendance0_.attendance_user_attendance_user_id as col_0_0_ from attendance_user attendance0_ where attendance0_.user_id=? limit ?
Hibernate: DELETE FROM USER WHERE USER_ID = ?
Hibernate: select user0_.user_id as col_0_0_ from user user0_ where user0_.user_user_id=? limit ?
Hibernate: select user0_.user_id as col_0_0_ from user user0_ where user0_.user_user_id=? limit ?
Hibernate: select user0_.user_id as user_id1_21_, user0_.character_id as characte7_21_, user0_.user_created_at as user_cre2_21_, user0_.user_name as user_nam3_21_, user0_.user_phone_number as user_pho4_21_, user0_.user_user_id as user_use5_21_, user0_.user_user_password as user_use6_21_ from user user0_ inner join characters character1_ on user0_.character_id=character1_.character_id where user0_.user_user_id=?
Hibernate: select character0_.character_id as characte1_6_0_, character0_.character_character_name as characte2_6_0_ from characters character0_ where character0_.character_id=?
Hibernate: select rewardtagw0_.user_id as user_id4_16_0_, rewardtagw0_.reward_tag_wrapper_reward_id as reward_t1_16_0_, rewardtagw0_.reward_tag_wrapper_reward_id as reward_t1_16_1_, rewardtagw0_.reward_tag_wrapper_reward_presented_at as reward_t2_16_1_, rewardtagw0_.reward_tag_reward_tag_id as reward_t3_16_1_, rewardtagw0_.user_id as user_id4_16_1_ from reward_tag_wrapper rewardtagw0_ where rewardtagw0_.user_id=?
Hibernate: select user0_.user_id as user_id1_21_0_, user0_.character_id as characte7_21_0_, user0_.user_created_at as user_cre2_21_0_, user0_.user_name as user_nam3_21_0_, user0_.user_phone_number as user_pho4_21_0_, user0_.user_user_id as user_use5_21_0_, user0_.user_user_password as user_use6_21_0_ from user user0_ where user0_.user_id=?
Hibernate: select character0_.character_id as characte1_6_0_, character0_.character_character_name as characte2_6_0_ from characters character0_ where character0_.character_id=?
Hibernate: select count(*) as col_0_0_ from user user0_ where user0_.user_id=?
Hibernate: select character1_.character_id as characte1_6_, character1_.character_character_name as characte2_6_ from user user0_ inner join characters character1_ on user0_.character_id=character1_.character_id where user0_.user_id=?
Hibernate: select permission0_.character_id as characte6_12_0_, permission0_.permission_id as permissi1_12_0_, permission0_.permission_id as permissi1_12_1_, permission0_.character_id as characte6_12_1_, permission0_.permission_name as permissi2_12_1_, permission0_.permission_permission_unit_id as permissi3_12_1_, permission0_.permission_service as permissi4_12_1_, permission0_.permission_status as permissi5_12_1_ from permission permission0_ where permission0_.character_id=?
Hibernate: select count(*) as col_0_0_ from user user0_ where user0_.user_id=?
Hibernate: select user0_.user_id as user_id1_21_, user0_.character_id as characte7_21_, user0_.user_created_at as user_cre2_21_, user0_.user_name as user_nam3_21_, user0_.user_phone_number as user_pho4_21_, user0_.user_user_id as user_use5_21_, user0_.user_user_password as user_use6_21_ from user user0_ where user0_.user_id=?
Hibernate: select character0_.character_id as characte1_6_0_, character0_.character_character_name as characte2_6_0_ from characters character0_ where character0_.character_id=?
Hibernate: select rewardtagw0_.user_id as user_id4_16_0_, rewardtagw0_.reward_tag_wrapper_reward_id as reward_t1_16_0_, rewardtagw0_.reward_tag_wrapper_reward_id as reward_t1_16_1_, rewardtagw0_.reward_tag_wrapper_reward_presented_at as reward_t2_16_1_, rewardtagw0_.reward_tag_reward_tag_id as reward_t3_16_1_, rewardtagw0_.user_id as user_id4_16_1_ from reward_tag_wrapper rewardtagw0_ where rewardtagw0_.user_id=?
Hibernate: select attendance0_.attendance_user_attendance_user_id as col_0_0_ from attendance_user attendance0_ where attendance0_.user_id=? limit ?
Hibernate: DELETE FROM USER WHERE USER_ID = ?
Hibernate: select user0_.user_id as col_0_0_ from user user0_ where user0_.user_user_id=? limit ?
Hibernate: select user0_.user_id as col_0_0_ from user user0_ where user0_.user_user_id=? limit ?
Hibernate: select user0_.user_id as user_id1_21_, user0_.character_id as characte7_21_, user0_.user_created_at as user_cre2_21_, user0_.user_name as user_nam3_21_, user0_.user_phone_number as user_pho4_21_, user0_.user_user_id as user_use5_21_, user0_.user_user_password as user_use6_21_ from user user0_ inner join characters character1_ on user0_.character_id=character1_.character_id where user0_.user_user_id=?
Hibernate: select character0_.character_id as characte1_6_0_, character0_.character_character_name as characte2_6_0_ from characters character0_ where character0_.character_id=?
Hibernate: select rewardtagw0_.user_id as user_id4_16_0_, rewardtagw0_.reward_tag_wrapper_reward_id as reward_t1_16_0_, rewardtagw0_.reward_tag_wrapper_reward_id as reward_t1_16_1_, rewardtagw0_.reward_tag_wrapper_reward_presented_at as reward_t2_16_1_, rewardtagw0_.reward_tag_reward_tag_id as reward_t3_16_1_, rewardtagw0_.user_id as user_id4_16_1_ from reward_tag_wrapper rewardtagw0_ where rewardtagw0_.user_id=?
Hibernate: select user0_.user_id as user_id1_21_0_, user0_.character_id as characte7_21_0_, user0_.user_created_at as user_cre2_21_0_, user0_.user_name as user_nam3_21_0_, user0_.user_phone_number as user_pho4_21_0_, user0_.user_user_id as user_use5_21_0_, user0_.user_user_password as user_use6_21_0_ from user user0_ where user0_.user_id=?
Hibernate: select character0_.character_id as characte1_6_0_, character0_.character_character_name as characte2_6_0_ from characters character0_ where character0_.character_id=?
Hibernate: select count(*) as col_0_0_ from user user0_ where user0_.user_id=?
Hibernate: select character1_.character_id as characte1_6_, character1_.character_character_name as characte2_6_ from user user0_ inner join characters character1_ on user0_.character_id=character1_.character_id where user0_.user_id=?
Hibernate: select permission0_.character_id as characte6_12_0_, permission0_.permission_id as permissi1_12_0_, permission0_.permission_id as permissi1_12_1_, permission0_.character_id as characte6_12_1_, permission0_.permission_name as permissi2_12_1_, permission0_.permission_permission_unit_id as permissi3_12_1_, permission0_.permission_service as permissi4_12_1_, permission0_.permission_status as permissi5_12_1_ from permission permission0_ where permission0_.character_id=?
Hibernate: select count(*) as col_0_0_ from user user0_ where user0_.user_id=?
Hibernate: select user0_.user_id as user_id1_21_, user0_.character_id as characte7_21_, user0_.user_created_at as user_cre2_21_, user0_.user_name as user_nam3_21_, user0_.user_phone_number as user_pho4_21_, user0_.user_user_id as user_use5_21_, user0_.user_user_password as user_use6_21_ from user user0_ where user0_.user_id=?
Hibernate: select character0_.character_id as characte1_6_0_, character0_.character_character_name as characte2_6_0_ from characters character0_ where character0_.character_id=?
Hibernate: select rewardtagw0_.user_id as user_id4_16_0_, rewardtagw0_.reward_tag_wrapper_reward_id as reward_t1_16_0_, rewardtagw0_.reward_tag_wrapper_reward_id as reward_t1_16_1_, rewardtagw0_.reward_tag_wrapper_reward_presented_at as reward_t2_16_1_, rewardtagw0_.reward_tag_reward_tag_id as reward_t3_16_1_, rewardtagw0_.user_id as user_id4_16_1_ from reward_tag_wrapper rewardtagw0_ where rewardtagw0_.user_id=?
Hibernate: select attendance0_.attendance_user_attendance_user_id as col_0_0_ from attendance_user attendance0_ where attendance0_.user_id=? limit ?
Hibernate: DELETE FROM USER WHERE USER_ID = ?
Hibernate: select user0_.user_id as col_0_0_ from user user0_ where user0_.user_user_id=? limit ?
Hibernate: select user0_.user_id as col_0_0_ from user user0_ where user0_.user_user_id=? limit ?
Hibernate: select user0_.user_id as col_0_0_ from user user0_ where user0_.user_user_id=? limit ?
Hibernate: select U.* from USER U where U.USER_USER_ID =?
Hibernate: select character0_.character_id as characte1_6_0_, character0_.character_character_name as characte2_6_0_ from characters character0_ where character0_.character_id=?
Hibernate: select user0_.user_id as user_id1_21_0_, user0_.character_id as characte7_21_0_, user0_.user_created_at as user_cre2_21_0_, user0_.user_name as user_nam3_21_0_, user0_.user_phone_number as user_pho4_21_0_, user0_.user_user_id as user_use5_21_0_, user0_.user_user_password as user_use6_21_0_ from user user0_ where user0_.user_id=?
Hibernate: select character0_.character_id as characte1_6_0_, character0_.character_character_name as characte2_6_0_ from characters character0_ where character0_.character_id=?
Hibernate: select count(*) as col_0_0_ from team_building teambuildi0_
Hibernate: select count(*) as col_0_0_ from team_building teambuildi0_
Hibernate: select user0_.user_id as col_0_0_ from user user0_ where user0_.user_user_id=? limit ?
Hibernate: select user0_.user_id as col_0_0_ from user user0_ where user0_.user_user_id=? limit ?
Hibernate: select U.* from USER U where U.USER_USER_ID =?
Hibernate: select character0_.character_id as characte1_6_0_, character0_.character_character_name as characte2_6_0_ from characters character0_ where character0_.character_id=?
Hibernate: select user0_.user_id as col_0_0_ from user user0_ where user0_.user_user_id=? limit ?
Hibernate: select user0_.user_id as col_0_0_ from user user0_ where user0_.user_user_id=? limit ?
Hibernate: select U.* from USER U where U.USER_USER_ID =?
Hibernate: select character0_.character_id as characte1_6_0_, character0_.character_character_name as characte2_6_0_ from characters character0_ where character0_.character_id=?
Hibernate: select user0_.user_id as col_0_0_ from user user0_ where user0_.user_user_id=? limit ?
Hibernate: select user0_.user_id as col_0_0_ from user user0_ where user0_.user_user_id=? limit ?
Hibernate: select U.* from USER U where U.USER_USER_ID =?
Hibernate: select character0_.character_id as characte1_6_0_, character0_.character_character_name as characte2_6_0_ from characters character0_ where character0_.character_id=?
Hibernate: select user0_.user_id as col_0_0_ from user user0_ where user0_.user_user_id=? limit ?
Hibernate: select userjoinin0_.user_joining_pool_id as col_0_0_ from user_joining_pool userjoinin0_ where userjoinin0_.user_user_id=? limit ?
Hibernate: select character0_.character_id as col_0_0_ from characters character0_ where character0_.character_character_name=? limit ?
Hibernate: insert into user_joining_pool (user_joining_pool_id, user_created_at, user_name, user_phone_number, user_user_id, user_user_password) values (default, ?, ?, ?, ?, ?)
Hibernate: select user0_.user_id as user_id1_21_0_, user0_.character_id as characte7_21_0_, user0_.user_created_at as user_cre2_21_0_, user0_.user_name as user_nam3_21_0_, user0_.user_phone_number as user_pho4_21_0_, user0_.user_user_id as user_use5_21_0_, user0_.user_user_password as user_use6_21_0_ from user user0_ where user0_.user_id=?
Hibernate: select character0_.character_id as characte1_6_0_, character0_.character_character_name as characte2_6_0_ from characters character0_ where character0_.character_id=?
Hibernate: select count(*) as col_0_0_ from user user0_ where user0_.user_id=?
Hibernate: select character1_.character_id as characte1_6_, character1_.character_character_name as characte2_6_ from user user0_ inner join characters character1_ on user0_.character_id=character1_.character_id where user0_.user_id=?
Hibernate: select permission0_.character_id as characte6_12_0_, permission0_.permission_id as permissi1_12_0_, permission0_.permission_id as permissi1_12_1_, permission0_.character_id as characte6_12_1_, permission0_.permission_name as permissi2_12_1_, permission0_.permission_permission_unit_id as permissi3_12_1_, permission0_.permission_service as permissi4_12_1_, permission0_.permission_status as permissi5_12_1_ from permission permission0_ where permission0_.character_id=?
Hibernate: select userjoinin0_.user_joining_pool_id as col_0_0_ from user_joining_pool userjoinin0_ where userjoinin0_.user_user_id=? limit ?
Hibernate: select userjoinin0_.user_joining_pool_id as user_joi1_22_, userjoinin0_.user_created_at as user_cre2_22_, userjoinin0_.user_name as user_nam3_22_, userjoinin0_.user_phone_number as user_pho4_22_, userjoinin0_.user_user_id as user_use5_22_, userjoinin0_.user_user_password as user_use6_22_ from user_joining_pool userjoinin0_ where userjoinin0_.user_user_id=?
Hibernate: select character0_.character_id as characte1_6_, character0_.character_character_name as characte2_6_ from characters character0_ where character0_.character_character_name=?
Hibernate: insert into user (user_id, character_id, user_created_at, user_name, user_phone_number, user_user_id, user_user_password) values (default, ?, ?, ?, ?, ?, ?)
Hibernate: DELETE FROM USER_JOINING_POOL as JU where JU.USER_USER_ID =?
Hibernate: select user0_.user_id as col_0_0_ from user user0_ where user0_.user_user_id=? limit ?
Hibernate: select user0_.user_id as col_0_0_ from user user0_ where user0_.user_user_id=? limit ?
Hibernate: select U.* from USER U where U.USER_USER_ID =?
Hibernate: select character0_.character_id as characte1_6_0_, character0_.character_character_name as characte2_6_0_ from characters character0_ where character0_.character_id=?
Hibernate: select user0_.user_id as col_0_0_ from user user0_ where user0_.user_user_id=? limit ?
Hibernate: select userjoinin0_.user_joining_pool_id as col_0_0_ from user_joining_pool userjoinin0_ where userjoinin0_.user_user_id=? limit ?
Hibernate: select character0_.character_id as col_0_0_ from characters character0_ where character0_.character_character_name=? limit ?
Hibernate: insert into user_joining_pool (user_joining_pool_id, user_created_at, user_name, user_phone_number, user_user_id, user_user_password) values (default, ?, ?, ?, ?, ?)
Hibernate: select user0_.user_id as user_id1_21_0_, user0_.character_id as characte7_21_0_, user0_.user_created_at as user_cre2_21_0_, user0_.user_name as user_nam3_21_0_, user0_.user_phone_number as user_pho4_21_0_, user0_.user_user_id as user_use5_21_0_, user0_.user_user_password as user_use6_21_0_ from user user0_ where user0_.user_id=?
Hibernate: select character0_.character_id as characte1_6_0_, character0_.character_character_name as characte2_6_0_ from characters character0_ where character0_.character_id=?
Hibernate: select count(*) as col_0_0_ from user user0_ where user0_.user_id=?
Hibernate: select character1_.character_id as characte1_6_, character1_.character_character_name as characte2_6_ from user user0_ inner join characters character1_ on user0_.character_id=character1_.character_id where user0_.user_id=?
Hibernate: select permission0_.character_id as characte6_12_0_, permission0_.permission_id as permissi1_12_0_, permission0_.permission_id as permissi1_12_1_, permission0_.character_id as characte6_12_1_, permission0_.permission_name as permissi2_12_1_, permission0_.permission_permission_unit_id as permissi3_12_1_, permission0_.permission_service as permissi4_12_1_, permission0_.permission_status as permissi5_12_1_ from permission permission0_ where permission0_.character_id=?
Hibernate: select userjoinin0_.user_joining_pool_id as col_0_0_ from user_joining_pool userjoinin0_ where userjoinin0_.user_user_id=? limit ?
Hibernate: select userjoinin0_.user_joining_pool_id as user_joi1_22_, userjoinin0_.user_created_at as user_cre2_22_, userjoinin0_.user_name as user_nam3_22_, userjoinin0_.user_phone_number as user_pho4_22_, userjoinin0_.user_user_id as user_use5_22_, userjoinin0_.user_user_password as user_use6_22_ from user_joining_pool userjoinin0_ where userjoinin0_.user_user_id=?
Hibernate: select character0_.character_id as characte1_6_, character0_.character_character_name as characte2_6_ from characters character0_ where character0_.character_character_name=?
Hibernate: insert into user (user_id, character_id, user_created_at, user_name, user_phone_number, user_user_id, user_user_password) values (default, ?, ?, ?, ?, ?, ?)
Hibernate: DELETE FROM USER_JOINING_POOL as JU where JU.USER_USER_ID =?
Hibernate: select user0_.user_id as col_0_0_ from user user0_ where user0_.user_user_id=? limit ?
Hibernate: select user0_.user_id as col_0_0_ from user user0_ where user0_.user_user_id=? limit ?
Hibernate: select U.* from USER U where U.USER_USER_ID =?
Hibernate: select character0_.character_id as characte1_6_0_, character0_.character_character_name as characte2_6_0_ from characters character0_ where character0_.character_id=?
Hibernate: select user0_.user_id as col_0_0_ from user user0_ where user0_.user_user_id=? limit ?
Hibernate: select userjoinin0_.user_joining_pool_id as col_0_0_ from user_joining_pool userjoinin0_ where userjoinin0_.user_user_id=? limit ?
Hibernate: select character0_.character_id as col_0_0_ from characters character0_ where character0_.character_character_name=? limit ?
Hibernate: insert into user_joining_pool (user_joining_pool_id, user_created_at, user_name, user_phone_number, user_user_id, user_user_password) values (default, ?, ?, ?, ?, ?)
Hibernate: select user0_.user_id as user_id1_21_0_, user0_.character_id as characte7_21_0_, user0_.user_created_at as user_cre2_21_0_, user0_.user_name as user_nam3_21_0_, user0_.user_phone_number as user_pho4_21_0_, user0_.user_user_id as user_use5_21_0_, user0_.user_user_password as user_use6_21_0_ from user user0_ where user0_.user_id=?
Hibernate: select character0_.character_id as characte1_6_0_, character0_.character_character_name as characte2_6_0_ from characters character0_ where character0_.character_id=?
Hibernate: select count(*) as col_0_0_ from user user0_ where user0_.user_id=?
Hibernate: select character1_.character_id as characte1_6_, character1_.character_character_name as characte2_6_ from user user0_ inner join characters character1_ on user0_.character_id=character1_.character_id where user0_.user_id=?
Hibernate: select permission0_.character_id as characte6_12_0_, permission0_.permission_id as permissi1_12_0_, permission0_.permission_id as permissi1_12_1_, permission0_.character_id as characte6_12_1_, permission0_.permission_name as permissi2_12_1_, permission0_.permission_permission_unit_id as permissi3_12_1_, permission0_.permission_service as permissi4_12_1_, permission0_.permission_status as permissi5_12_1_ from permission permission0_ where permission0_.character_id=?
Hibernate: select userjoinin0_.user_joining_pool_id as col_0_0_ from user_joining_pool userjoinin0_ where userjoinin0_.user_user_id=? limit ?
Hibernate: select userjoinin0_.user_joining_pool_id as user_joi1_22_, userjoinin0_.user_created_at as user_cre2_22_, userjoinin0_.user_name as user_nam3_22_, userjoinin0_.user_phone_number as user_pho4_22_, userjoinin0_.user_user_id as user_use5_22_, userjoinin0_.user_user_password as user_use6_22_ from user_joining_pool userjoinin0_ where userjoinin0_.user_user_id=?
Hibernate: select character0_.character_id as characte1_6_, character0_.character_character_name as characte2_6_ from characters character0_ where character0_.character_character_name=?
Hibernate: insert into user (user_id, character_id, user_created_at, user_name, user_phone_number, user_user_id, user_user_password) values (default, ?, ?, ?, ?, ?, ?)
Hibernate: DELETE FROM USER_JOINING_POOL as JU where JU.USER_USER_ID =?
Hibernate: select user0_.user_id as col_0_0_ from user user0_ where user0_.user_user_id=? limit ?
Hibernate: select user0_.user_id as col_0_0_ from user user0_ where user0_.user_user_id=? limit ?
Hibernate: select U.* from USER U where U.USER_USER_ID =?
Hibernate: select character0_.character_id as characte1_6_0_, character0_.character_character_name as characte2_6_0_ from characters character0_ where character0_.character_id=?
Hibernate: select user0_.user_id as col_0_0_ from user user0_ where user0_.user_user_id=? limit ?
Hibernate: select userjoinin0_.user_joining_pool_id as col_0_0_ from user_joining_pool userjoinin0_ where userjoinin0_.user_user_id=? limit ?
Hibernate: select character0_.character_id as col_0_0_ from characters character0_ where character0_.character_character_name=? limit ?
Hibernate: insert into user_joining_pool (user_joining_pool_id, user_created_at, user_name, user_phone_number, user_user_id, user_user_password) values (default, ?, ?, ?, ?, ?)
Hibernate: select user0_.user_id as user_id1_21_0_, user0_.character_id as characte7_21_0_, user0_.user_created_at as user_cre2_21_0_, user0_.user_name as user_nam3_21_0_, user0_.user_phone_number as user_pho4_21_0_, user0_.user_user_id as user_use5_21_0_, user0_.user_user_password as user_use6_21_0_ from user user0_ where user0_.user_id=?
Hibernate: select character0_.character_id as characte1_6_0_, character0_.character_character_name as characte2_6_0_ from characters character0_ where character0_.character_id=?
Hibernate: select count(*) as col_0_0_ from user user0_ where user0_.user_id=?
Hibernate: select character1_.character_id as characte1_6_, character1_.character_character_name as characte2_6_ from user user0_ inner join characters character1_ on user0_.character_id=character1_.character_id where user0_.user_id=?
Hibernate: select permission0_.character_id as characte6_12_0_, permission0_.permission_id as permissi1_12_0_, permission0_.permission_id as permissi1_12_1_, permission0_.character_id as characte6_12_1_, permission0_.permission_name as permissi2_12_1_, permission0_.permission_permission_unit_id as permissi3_12_1_, permission0_.permission_service as permissi4_12_1_, permission0_.permission_status as permissi5_12_1_ from permission permission0_ where permission0_.character_id=?
Hibernate: select userjoinin0_.user_joining_pool_id as col_0_0_ from user_joining_pool userjoinin0_ where userjoinin0_.user_user_id=? limit ?
Hibernate: select userjoinin0_.user_joining_pool_id as user_joi1_22_, userjoinin0_.user_created_at as user_cre2_22_, userjoinin0_.user_name as user_nam3_22_, userjoinin0_.user_phone_number as user_pho4_22_, userjoinin0_.user_user_id as user_use5_22_, userjoinin0_.user_user_password as user_use6_22_ from user_joining_pool userjoinin0_ where userjoinin0_.user_user_id=?
Hibernate: select character0_.character_id as characte1_6_, character0_.character_character_name as characte2_6_ from characters character0_ where character0_.character_character_name=?
Hibernate: insert into user (user_id, character_id, user_created_at, user_name, user_phone_number, user_user_id, user_user_password) values (default, ?, ?, ?, ?, ?, ?)
Hibernate: DELETE FROM USER_JOINING_POOL as JU where JU.USER_USER_ID =?
Hibernate: select user0_.user_id as col_0_0_ from user user0_ where user0_.user_user_id=? limit ?
Hibernate: select user0_.user_id as col_0_0_ from user user0_ where user0_.user_user_id=? limit ?
Hibernate: select U.* from USER U where U.USER_USER_ID =?
Hibernate: select character0_.character_id as characte1_6_0_, character0_.character_character_name as characte2_6_0_ from characters character0_ where character0_.character_id=?
Hibernate: select user0_.user_id as col_0_0_ from user user0_ where user0_.user_user_id=? limit ?
Hibernate: select userjoinin0_.user_joining_pool_id as col_0_0_ from user_joining_pool userjoinin0_ where userjoinin0_.user_user_id=? limit ?
Hibernate: select character0_.character_id as col_0_0_ from characters character0_ where character0_.character_character_name=? limit ?
Hibernate: insert into user_joining_pool (user_joining_pool_id, user_created_at, user_name, user_phone_number, user_user_id, user_user_password) values (default, ?, ?, ?, ?, ?)
Hibernate: select user0_.user_id as user_id1_21_0_, user0_.character_id as characte7_21_0_, user0_.user_created_at as user_cre2_21_0_, user0_.user_name as user_nam3_21_0_, user0_.user_phone_number as user_pho4_21_0_, user0_.user_user_id as user_use5_21_0_, user0_.user_user_password as user_use6_21_0_ from user user0_ where user0_.user_id=?
Hibernate: select character0_.character_id as characte1_6_0_, character0_.character_character_name as characte2_6_0_ from characters character0_ where character0_.character_id=?
Hibernate: select count(*) as col_0_0_ from user user0_ where user0_.user_id=?
Hibernate: select character1_.character_id as characte1_6_, character1_.character_character_name as characte2_6_ from user user0_ inner join characters character1_ on user0_.character_id=character1_.character_id where user0_.user_id=?
Hibernate: select permission0_.character_id as characte6_12_0_, permission0_.permission_id as permissi1_12_0_, permission0_.permission_id as permissi1_12_1_, permission0_.character_id as characte6_12_1_, permission0_.permission_name as permissi2_12_1_, permission0_.permission_permission_unit_id as permissi3_12_1_, permission0_.permission_service as permissi4_12_1_, permission0_.permission_status as permissi5_12_1_ from permission permission0_ where permission0_.character_id=?
Hibernate: select userjoinin0_.user_joining_pool_id as col_0_0_ from user_joining_pool userjoinin0_ where userjoinin0_.user_user_id=? limit ?
Hibernate: select userjoinin0_.user_joining_pool_id as user_joi1_22_, userjoinin0_.user_created_at as user_cre2_22_, userjoinin0_.user_name as user_nam3_22_, userjoinin0_.user_phone_number as user_pho4_22_, userjoinin0_.user_user_id as user_use5_22_, userjoinin0_.user_user_password as user_use6_22_ from user_joining_pool userjoinin0_ where userjoinin0_.user_user_id=?
Hibernate: select character0_.character_id as characte1_6_, character0_.character_character_name as characte2_6_ from characters character0_ where character0_.character_character_name=?
Hibernate: insert into user (user_id, character_id, user_created_at, user_name, user_phone_number, user_user_id, user_user_password) values (default, ?, ?, ?, ?, ?, ?)
Hibernate: DELETE FROM USER_JOINING_POOL as JU where JU.USER_USER_ID =?
Hibernate: select user0_.user_id as user_id1_21_0_, user0_.character_id as characte7_21_0_, user0_.user_created_at as user_cre2_21_0_, user0_.user_name as user_nam3_21_0_, user0_.user_phone_number as user_pho4_21_0_, user0_.user_user_id as user_use5_21_0_, user0_.user_user_password as user_use6_21_0_ from user user0_ where user0_.user_id=?
Hibernate: select character0_.character_id as characte1_6_0_, character0_.character_character_name as characte2_6_0_ from characters character0_ where character0_.character_id=?
Hibernate: select count(*) as col_0_0_ from user user0_ where user0_.user_id=?
Hibernate: select character1_.character_id as characte1_6_, character1_.character_character_name as characte2_6_ from user user0_ inner join characters character1_ on user0_.character_id=character1_.character_id where user0_.user_id=?
Hibernate: select permission0_.character_id as characte6_12_0_, permission0_.permission_id as permissi1_12_0_, permission0_.permission_id as permissi1_12_1_, permission0_.character_id as characte6_12_1_, permission0_.permission_name as permissi2_12_1_, permission0_.permission_permission_unit_id as permissi3_12_1_, permission0_.permission_service as permissi4_12_1_, permission0_.permission_status as permissi5_12_1_ from permission permission0_ where permission0_.character_id=?
Hibernate: select user0_.user_id as col_0_0_ from user user0_ where user0_.user_user_id=? limit ?
Hibernate: select user0_.user_id as col_0_0_ from user user0_ where user0_.user_user_id=? limit ?
Hibernate: select user0_.user_id as col_0_0_ from user user0_ where user0_.user_user_id=? limit ?
Hibernate: select user0_.user_id as col_0_0_ from user user0_ where user0_.user_user_id=? limit ?
Hibernate: select user0_.user_id as col_0_0_ from user user0_ where user0_.user_user_id=? limit ?
Hibernate: select user0_.user_id as user_id1_21_, user0_.character_id as characte7_21_, user0_.user_created_at as user_cre2_21_, user0_.user_name as user_nam3_21_, user0_.user_phone_number as user_pho4_21_, user0_.user_user_id as user_use5_21_, user0_.user_user_password as user_use6_21_ from user user0_ inner join characters character1_ on user0_.character_id=character1_.character_id where user0_.user_user_id=?
Hibernate: select character0_.character_id as characte1_6_0_, character0_.character_character_name as characte2_6_0_ from characters character0_ where character0_.character_id=?
Hibernate: select user0_.user_id as user_id1_21_, user0_.character_id as characte7_21_, user0_.user_created_at as user_cre2_21_, user0_.user_name as user_nam3_21_, user0_.user_phone_number as user_pho4_21_, user0_.user_user_id as user_use5_21_, user0_.user_user_password as user_use6_21_ from user user0_ inner join characters character1_ on user0_.character_id=character1_.character_id where user0_.user_user_id=?
Hibernate: select user0_.user_id as user_id1_21_, user0_.character_id as characte7_21_, user0_.user_created_at as user_cre2_21_, user0_.user_name as user_nam3_21_, user0_.user_phone_number as user_pho4_21_, user0_.user_user_id as user_use5_21_, user0_.user_user_password as user_use6_21_ from user user0_ inner join characters character1_ on user0_.character_id=character1_.character_id where user0_.user_user_id=?
Hibernate: select user0_.user_id as user_id1_21_, user0_.character_id as characte7_21_, user0_.user_created_at as user_cre2_21_, user0_.user_name as user_nam3_21_, user0_.user_phone_number as user_pho4_21_, user0_.user_user_id as user_use5_21_, user0_.user_user_password as user_use6_21_ from user user0_ inner join characters character1_ on user0_.character_id=character1_.character_id where user0_.user_user_id=?
Hibernate: select user0_.user_id as user_id1_21_, user0_.character_id as characte7_21_, user0_.user_created_at as user_cre2_21_, user0_.user_name as user_nam3_21_, user0_.user_phone_number as user_pho4_21_, user0_.user_user_id as user_use5_21_, user0_.user_user_password as user_use6_21_ from user user0_ inner join characters character1_ on user0_.character_id=character1_.character_id where user0_.user_user_id=?
Hibernate: insert into team_building (team_building_team_building_id, team_building_created_at, team_building_last_modified_at, team_building_team_building_title) values (default, ?, ?, ?)
Hibernate: insert into team (team_team_id, team_last_modified_at, team_building_team_building_id, team_team_name) values (default, ?, ?, ?)
Hibernate: insert into team_user (team_user_id, team_team_id, user_id) values (default, ?, ?)
Hibernate: insert into team_user (team_user_id, team_team_id, user_id) values (default, ?, ?)
Hibernate: insert into team_user (team_user_id, team_team_id, user_id) values (default, ?, ?)
Hibernate: insert into team (team_team_id, team_last_modified_at, team_building_team_building_id, team_team_name) values (default, ?, ?, ?)
Hibernate: insert into team_user (team_user_id, team_team_id, user_id) values (default, ?, ?)
Hibernate: insert into team_user (team_user_id, team_team_id, user_id) values (default, ?, ?)
Hibernate: select user0_.user_id as user_id1_21_0_, user0_.character_id as characte7_21_0_, user0_.user_created_at as user_cre2_21_0_, user0_.user_name as user_nam3_21_0_, user0_.user_phone_number as user_pho4_21_0_, user0_.user_user_id as user_use5_21_0_, user0_.user_user_password as user_use6_21_0_ from user user0_ where user0_.user_id=?
Hibernate: select character0_.character_id as characte1_6_0_, character0_.character_character_name as characte2_6_0_ from characters character0_ where character0_.character_id=?
Hibernate: select count(*) as col_0_0_ from user user0_ where user0_.user_id=?
Hibernate: select character1_.character_id as characte1_6_, character1_.character_character_name as characte2_6_ from user user0_ inner join characters character1_ on user0_.character_id=character1_.character_id where user0_.user_id=?
Hibernate: select permission0_.character_id as characte6_12_0_, permission0_.permission_id as permissi1_12_0_, permission0_.permission_id as permissi1_12_1_, permission0_.character_id as characte6_12_1_, permission0_.permission_name as permissi2_12_1_, permission0_.permission_permission_unit_id as permissi3_12_1_, permission0_.permission_service as permissi4_12_1_, permission0_.permission_status as permissi5_12_1_ from permission permission0_ where permission0_.character_id=?
Hibernate: select count(*) as col_0_0_ from team_building teambuildi0_ where teambuildi0_.team_building_team_building_id=?

MockHttpServletRequest:
      HTTP Method = POST
      Request URI = /teambuilding/team/0
       Parameters = {}
          Headers = [Content-Type:"application/json;charset=UTF-8", Accept:"application/json", api-version:"1.0", Authorization:"Bearer eyJhbGciOiJIUzI1NiJ9.eyJzdWIiOiIxIiwiaWF0IjoxNjg3ODc3NDY4LCJleHAiOjE2ODc4ODEwNjh9.L4tO6_dDAW_EBZT75Jfu2R72X2bmpa30eKXBNOnKWzQ", Content-Length:"36"]
             Body = {"team_name":"chisami","members":[]}
    Session Attrs = {}

Handler:
             Type = org.waldreg.controller.teambuilding.TeamBuildingController
           Method = org.waldreg.controller.teambuilding.TeamBuildingController#createTeam(int, TeamRequest)

Async:
    Async started = false
     Async result = null

Resolved Exception:
             Type = org.waldreg.teambuilding.exception.UnknownTeamBuildingIdException

ModelAndView:
        View name = null
             View = null
            Model = null

FlashMap:
       Attributes = null

MockHttpServletResponse:
           Status = 400
    Error message = null
          Headers = [Vary:"Origin", "Access-Control-Request-Method", "Access-Control-Request-Headers", Api-version:"1.0", Content-Type:"application/json"]
     Content type = application/json
             Body = {"code":"TEAMBUILDING-400","messages":"Cannot find teambuilding id \"0\"","document_url":"docs.waldreg.org"}
    Forwarded URL = null
   Redirected URL = null
          Cookies = []
Hibernate: select user0_.user_id as col_0_0_ from user user0_ where user0_.user_user_id=? limit ?
Hibernate: select user0_.user_id as col_0_0_ from user user0_ where user0_.user_user_id=? limit ?
Hibernate: select U.* from USER U where U.USER_USER_ID =?
Hibernate: select character0_.character_id as characte1_6_0_, character0_.character_character_name as characte2_6_0_ from characters character0_ where character0_.character_id=?
Hibernate: select user0_.user_id as user_id1_21_0_, user0_.character_id as characte7_21_0_, user0_.user_created_at as user_cre2_21_0_, user0_.user_name as user_nam3_21_0_, user0_.user_phone_number as user_pho4_21_0_, user0_.user_user_id as user_use5_21_0_, user0_.user_user_password as user_use6_21_0_ from user user0_ where user0_.user_id=?
Hibernate: select character0_.character_id as characte1_6_0_, character0_.character_character_name as characte2_6_0_ from characters character0_ where character0_.character_id=?
Hibernate: select count(*) as col_0_0_ from team_building teambuildi0_
Hibernate: select count(*) as col_0_0_ from team_building teambuildi0_
Hibernate: select teambuildi0_.team_building_team_building_id as team_bui1_19_, teambuildi0_.team_building_created_at as team_bui2_19_, teambuildi0_.team_building_last_modified_at as team_bui3_19_, teambuildi0_.team_building_team_building_title as team_bui4_19_ from team_building teambuildi0_ order by teambuildi0_.team_building_created_at desc, teambuildi0_.team_building_team_building_id desc limit ?
Hibernate: select teamlist0_.team_building_team_building_id as team_bui4_18_0_, teamlist0_.team_team_id as team_tea1_18_0_, teamlist0_.team_team_id as team_tea1_18_1_, teamlist0_.team_last_modified_at as team_las2_18_1_, teamlist0_.team_building_team_building_id as team_bui4_18_1_, teamlist0_.team_team_name as team_tea3_18_1_ from team teamlist0_ where teamlist0_.team_building_team_building_id=?
Hibernate: select teamuserli0_.team_team_id as team_tea2_20_0_, teamuserli0_.team_user_id as team_use1_20_0_, teamuserli0_.team_user_id as team_use1_20_1_, teamuserli0_.team_team_id as team_tea2_20_1_, teamuserli0_.user_id as user_id3_20_1_ from team_user teamuserli0_ where teamuserli0_.team_team_id=?
Hibernate: select user0_.user_id as user_id1_21_0_, user0_.character_id as characte7_21_0_, user0_.user_created_at as user_cre2_21_0_, user0_.user_name as user_nam3_21_0_, user0_.user_phone_number as user_pho4_21_0_, user0_.user_user_id as user_use5_21_0_, user0_.user_user_password as user_use6_21_0_ from user user0_ where user0_.user_id=?
Hibernate: select character0_.character_id as characte1_6_0_, character0_.character_character_name as characte2_6_0_ from characters character0_ where character0_.character_id=?
Hibernate: select user0_.user_id as user_id1_21_0_, user0_.character_id as characte7_21_0_, user0_.user_created_at as user_cre2_21_0_, user0_.user_name as user_nam3_21_0_, user0_.user_phone_number as user_pho4_21_0_, user0_.user_user_id as user_use5_21_0_, user0_.user_user_password as user_use6_21_0_ from user user0_ where user0_.user_id=?
Hibernate: select user0_.user_id as user_id1_21_0_, user0_.character_id as characte7_21_0_, user0_.user_created_at as user_cre2_21_0_, user0_.user_name as user_nam3_21_0_, user0_.user_phone_number as user_pho4_21_0_, user0_.user_user_id as user_use5_21_0_, user0_.user_user_password as user_use6_21_0_ from user user0_ where user0_.user_id=?
Hibernate: select teamuserli0_.team_team_id as team_tea2_20_0_, teamuserli0_.team_user_id as team_use1_20_0_, teamuserli0_.team_user_id as team_use1_20_1_, teamuserli0_.team_team_id as team_tea2_20_1_, teamuserli0_.user_id as user_id3_20_1_ from team_user teamuserli0_ where teamuserli0_.team_team_id=?
Hibernate: select user0_.user_id as user_id1_21_0_, user0_.character_id as characte7_21_0_, user0_.user_created_at as user_cre2_21_0_, user0_.user_name as user_nam3_21_0_, user0_.user_phone_number as user_pho4_21_0_, user0_.user_user_id as user_use5_21_0_, user0_.user_user_password as user_use6_21_0_ from user user0_ where user0_.user_id=?
Hibernate: select user0_.user_id as user_id1_21_0_, user0_.character_id as characte7_21_0_, user0_.user_created_at as user_cre2_21_0_, user0_.user_name as user_nam3_21_0_, user0_.user_phone_number as user_pho4_21_0_, user0_.user_user_id as user_use5_21_0_, user0_.user_user_password as user_use6_21_0_ from user user0_ where user0_.user_id=?
Hibernate: select user0_.user_id as user_id1_21_0_, user0_.character_id as characte7_21_0_, user0_.user_created_at as user_cre2_21_0_, user0_.user_name as user_nam3_21_0_, user0_.user_phone_number as user_pho4_21_0_, user0_.user_user_id as user_use5_21_0_, user0_.user_user_password as user_use6_21_0_ from user user0_ where user0_.user_id=?
Hibernate: select character0_.character_id as characte1_6_0_, character0_.character_character_name as characte2_6_0_ from characters character0_ where character0_.character_id=?
Hibernate: select count(*) as col_0_0_ from user user0_ where user0_.user_id=?
Hibernate: select character1_.character_id as characte1_6_, character1_.character_character_name as characte2_6_ from user user0_ inner join characters character1_ on user0_.character_id=character1_.character_id where user0_.user_id=?
Hibernate: select permission0_.character_id as characte6_12_0_, permission0_.permission_id as permissi1_12_0_, permission0_.permission_id as permissi1_12_1_, permission0_.character_id as characte6_12_1_, permission0_.permission_name as permissi2_12_1_, permission0_.permission_permission_unit_id as permissi3_12_1_, permission0_.permission_service as permissi4_12_1_, permission0_.permission_status as permissi5_12_1_ from permission permission0_ where permission0_.character_id=?
Hibernate: select count(*) as col_0_0_ from team_building teambuildi0_ where teambuildi0_.team_building_team_building_id=?
Hibernate: select teambuildi0_.team_building_team_building_id as team_bui1_19_0_, teambuildi0_.team_building_created_at as team_bui2_19_0_, teambuildi0_.team_building_last_modified_at as team_bui3_19_0_, teambuildi0_.team_building_team_building_title as team_bui4_19_0_ from team_building teambuildi0_ where teambuildi0_.team_building_team_building_id=?
Hibernate: select teamlist0_.team_building_team_building_id as team_bui4_18_0_, teamlist0_.team_team_id as team_tea1_18_0_, teamlist0_.team_team_id as team_tea1_18_1_, teamlist0_.team_last_modified_at as team_las2_18_1_, teamlist0_.team_building_team_building_id as team_bui4_18_1_, teamlist0_.team_team_name as team_tea3_18_1_ from team teamlist0_ where teamlist0_.team_building_team_building_id=?
Hibernate: select teamuserli0_.team_team_id as team_tea2_20_0_, teamuserli0_.team_user_id as team_use1_20_0_, teamuserli0_.team_user_id as team_use1_20_1_, teamuserli0_.team_team_id as team_tea2_20_1_, teamuserli0_.user_id as user_id3_20_1_ from team_user teamuserli0_ where teamuserli0_.team_team_id=?
Hibernate: select user0_.user_id as user_id1_21_0_, user0_.character_id as characte7_21_0_, user0_.user_created_at as user_cre2_21_0_, user0_.user_name as user_nam3_21_0_, user0_.user_phone_number as user_pho4_21_0_, user0_.user_user_id as user_use5_21_0_, user0_.user_user_password as user_use6_21_0_ from user user0_ where user0_.user_id=?
Hibernate: select character0_.character_id as characte1_6_0_, character0_.character_character_name as characte2_6_0_ from characters character0_ where character0_.character_id=?
Hibernate: select user0_.user_id as user_id1_21_0_, user0_.character_id as characte7_21_0_, user0_.user_created_at as user_cre2_21_0_, user0_.user_name as user_nam3_21_0_, user0_.user_phone_number as user_pho4_21_0_, user0_.user_user_id as user_use5_21_0_, user0_.user_user_password as user_use6_21_0_ from user user0_ where user0_.user_id=?
Hibernate: select user0_.user_id as user_id1_21_0_, user0_.character_id as characte7_21_0_, user0_.user_created_at as user_cre2_21_0_, user0_.user_name as user_nam3_21_0_, user0_.user_phone_number as user_pho4_21_0_, user0_.user_user_id as user_use5_21_0_, user0_.user_user_password as user_use6_21_0_ from user user0_ where user0_.user_id=?
Hibernate: select teamuserli0_.team_team_id as team_tea2_20_0_, teamuserli0_.team_user_id as team_use1_20_0_, teamuserli0_.team_user_id as team_use1_20_1_, teamuserli0_.team_team_id as team_tea2_20_1_, teamuserli0_.user_id as user_id3_20_1_ from team_user teamuserli0_ where teamuserli0_.team_team_id=?
Hibernate: select user0_.user_id as user_id1_21_0_, user0_.character_id as characte7_21_0_, user0_.user_created_at as user_cre2_21_0_, user0_.user_name as user_nam3_21_0_, user0_.user_phone_number as user_pho4_21_0_, user0_.user_user_id as user_use5_21_0_, user0_.user_user_password as user_use6_21_0_ from user user0_ where user0_.user_id=?
Hibernate: select user0_.user_id as user_id1_21_0_, user0_.character_id as characte7_21_0_, user0_.user_created_at as user_cre2_21_0_, user0_.user_name as user_nam3_21_0_, user0_.user_phone_number as user_pho4_21_0_, user0_.user_user_id as user_use5_21_0_, user0_.user_user_password as user_use6_21_0_ from user user0_ where user0_.user_id=?
Hibernate: delete from team_user where team_user_id=?
Hibernate: delete from team_user where team_user_id=?
Hibernate: delete from team_user where team_user_id=?
Hibernate: delete from team where team_team_id=?
Hibernate: delete from team_user where team_user_id=?
Hibernate: delete from team_user where team_user_id=?
Hibernate: delete from team where team_team_id=?
Hibernate: delete from team_building where team_building_team_building_id=?
Hibernate: select user0_.user_id as user_id1_21_0_, user0_.character_id as characte7_21_0_, user0_.user_created_at as user_cre2_21_0_, user0_.user_name as user_nam3_21_0_, user0_.user_phone_number as user_pho4_21_0_, user0_.user_user_id as user_use5_21_0_, user0_.user_user_password as user_use6_21_0_ from user user0_ where user0_.user_id=?
Hibernate: select character0_.character_id as characte1_6_0_, character0_.character_character_name as characte2_6_0_ from characters character0_ where character0_.character_id=?
Hibernate: select count(*) as col_0_0_ from team_building teambuildi0_ where teambuildi0_.team_building_team_building_id=?
Hibernate: select user0_.user_id as col_0_0_ from user user0_ where user0_.user_user_id=? limit ?
Hibernate: select user0_.user_id as col_0_0_ from user user0_ where user0_.user_user_id=? limit ?
Hibernate: select U.* from USER U where U.USER_USER_ID =?
Hibernate: select character0_.character_id as characte1_6_0_, character0_.character_character_name as characte2_6_0_ from characters character0_ where character0_.character_id=?
Hibernate: select user0_.user_id as col_0_0_ from user user0_ where user0_.user_user_id=? limit ?
Hibernate: select user0_.user_id as user_id1_21_, user0_.character_id as characte7_21_, user0_.user_created_at as user_cre2_21_, user0_.user_name as user_nam3_21_, user0_.user_phone_number as user_pho4_21_, user0_.user_user_id as user_use5_21_, user0_.user_user_password as user_use6_21_ from user user0_ inner join characters character1_ on user0_.character_id=character1_.character_id where user0_.user_user_id=?
Hibernate: select character0_.character_id as characte1_6_0_, character0_.character_character_name as characte2_6_0_ from characters character0_ where character0_.character_id=?
Hibernate: select rewardtagw0_.user_id as user_id4_16_0_, rewardtagw0_.reward_tag_wrapper_reward_id as reward_t1_16_0_, rewardtagw0_.reward_tag_wrapper_reward_id as reward_t1_16_1_, rewardtagw0_.reward_tag_wrapper_reward_presented_at as reward_t2_16_1_, rewardtagw0_.reward_tag_reward_tag_id as reward_t3_16_1_, rewardtagw0_.user_id as user_id4_16_1_ from reward_tag_wrapper rewardtagw0_ where rewardtagw0_.user_id=?
Hibernate: select user0_.user_id as user_id1_21_0_, user0_.character_id as characte7_21_0_, user0_.user_created_at as user_cre2_21_0_, user0_.user_name as user_nam3_21_0_, user0_.user_phone_number as user_pho4_21_0_, user0_.user_user_id as user_use5_21_0_, user0_.user_user_password as user_use6_21_0_ from user user0_ where user0_.user_id=?
Hibernate: select character0_.character_id as characte1_6_0_, character0_.character_character_name as characte2_6_0_ from characters character0_ where character0_.character_id=?
Hibernate: select count(*) as col_0_0_ from user user0_ where user0_.user_id=?
Hibernate: select character1_.character_id as characte1_6_, character1_.character_character_name as characte2_6_ from user user0_ inner join characters character1_ on user0_.character_id=character1_.character_id where user0_.user_id=?
Hibernate: select permission0_.character_id as characte6_12_0_, permission0_.permission_id as permissi1_12_0_, permission0_.permission_id as permissi1_12_1_, permission0_.character_id as characte6_12_1_, permission0_.permission_name as permissi2_12_1_, permission0_.permission_permission_unit_id as permissi3_12_1_, permission0_.permission_service as permissi4_12_1_, permission0_.permission_status as permissi5_12_1_ from permission permission0_ where permission0_.character_id=?
Hibernate: select count(*) as col_0_0_ from user user0_ where user0_.user_id=?
Hibernate: select user0_.user_id as user_id1_21_, user0_.character_id as characte7_21_, user0_.user_created_at as user_cre2_21_, user0_.user_name as user_nam3_21_, user0_.user_phone_number as user_pho4_21_, user0_.user_user_id as user_use5_21_, user0_.user_user_password as user_use6_21_ from user user0_ where user0_.user_id=?
Hibernate: select character0_.character_id as characte1_6_0_, character0_.character_character_name as characte2_6_0_ from characters character0_ where character0_.character_id=?
Hibernate: select rewardtagw0_.user_id as user_id4_16_0_, rewardtagw0_.reward_tag_wrapper_reward_id as reward_t1_16_0_, rewardtagw0_.reward_tag_wrapper_reward_id as reward_t1_16_1_, rewardtagw0_.reward_tag_wrapper_reward_presented_at as reward_t2_16_1_, rewardtagw0_.reward_tag_reward_tag_id as reward_t3_16_1_, rewardtagw0_.user_id as user_id4_16_1_ from reward_tag_wrapper rewardtagw0_ where rewardtagw0_.user_id=?
Hibernate: select attendance0_.attendance_user_attendance_user_id as col_0_0_ from attendance_user attendance0_ where attendance0_.user_id=? limit ?
Hibernate: DELETE FROM USER WHERE USER_ID = ?
Hibernate: select user0_.user_id as col_0_0_ from user user0_ where user0_.user_user_id=? limit ?
Hibernate: select user0_.user_id as col_0_0_ from user user0_ where user0_.user_user_id=? limit ?
Hibernate: select user0_.user_id as user_id1_21_, user0_.character_id as characte7_21_, user0_.user_created_at as user_cre2_21_, user0_.user_name as user_nam3_21_, user0_.user_phone_number as user_pho4_21_, user0_.user_user_id as user_use5_21_, user0_.user_user_password as user_use6_21_ from user user0_ inner join characters character1_ on user0_.character_id=character1_.character_id where user0_.user_user_id=?
Hibernate: select character0_.character_id as characte1_6_0_, character0_.character_character_name as characte2_6_0_ from characters character0_ where character0_.character_id=?
Hibernate: select rewardtagw0_.user_id as user_id4_16_0_, rewardtagw0_.reward_tag_wrapper_reward_id as reward_t1_16_0_, rewardtagw0_.reward_tag_wrapper_reward_id as reward_t1_16_1_, rewardtagw0_.reward_tag_wrapper_reward_presented_at as reward_t2_16_1_, rewardtagw0_.reward_tag_reward_tag_id as reward_t3_16_1_, rewardtagw0_.user_id as user_id4_16_1_ from reward_tag_wrapper rewardtagw0_ where rewardtagw0_.user_id=?
Hibernate: select user0_.user_id as user_id1_21_0_, user0_.character_id as characte7_21_0_, user0_.user_created_at as user_cre2_21_0_, user0_.user_name as user_nam3_21_0_, user0_.user_phone_number as user_pho4_21_0_, user0_.user_user_id as user_use5_21_0_, user0_.user_user_password as user_use6_21_0_ from user user0_ where user0_.user_id=?
Hibernate: select character0_.character_id as characte1_6_0_, character0_.character_character_name as characte2_6_0_ from characters character0_ where character0_.character_id=?
Hibernate: select count(*) as col_0_0_ from user user0_ where user0_.user_id=?
Hibernate: select character1_.character_id as characte1_6_, character1_.character_character_name as characte2_6_ from user user0_ inner join characters character1_ on user0_.character_id=character1_.character_id where user0_.user_id=?
Hibernate: select permission0_.character_id as characte6_12_0_, permission0_.permission_id as permissi1_12_0_, permission0_.permission_id as permissi1_12_1_, permission0_.character_id as characte6_12_1_, permission0_.permission_name as permissi2_12_1_, permission0_.permission_permission_unit_id as permissi3_12_1_, permission0_.permission_service as permissi4_12_1_, permission0_.permission_status as permissi5_12_1_ from permission permission0_ where permission0_.character_id=?
Hibernate: select count(*) as col_0_0_ from user user0_ where user0_.user_id=?
Hibernate: select user0_.user_id as user_id1_21_, user0_.character_id as characte7_21_, user0_.user_created_at as user_cre2_21_, user0_.user_name as user_nam3_21_, user0_.user_phone_number as user_pho4_21_, user0_.user_user_id as user_use5_21_, user0_.user_user_password as user_use6_21_ from user user0_ where user0_.user_id=?
Hibernate: select character0_.character_id as characte1_6_0_, character0_.character_character_name as characte2_6_0_ from characters character0_ where character0_.character_id=?
Hibernate: select rewardtagw0_.user_id as user_id4_16_0_, rewardtagw0_.reward_tag_wrapper_reward_id as reward_t1_16_0_, rewardtagw0_.reward_tag_wrapper_reward_id as reward_t1_16_1_, rewardtagw0_.reward_tag_wrapper_reward_presented_at as reward_t2_16_1_, rewardtagw0_.reward_tag_reward_tag_id as reward_t3_16_1_, rewardtagw0_.user_id as user_id4_16_1_ from reward_tag_wrapper rewardtagw0_ where rewardtagw0_.user_id=?
Hibernate: select attendance0_.attendance_user_attendance_user_id as col_0_0_ from attendance_user attendance0_ where attendance0_.user_id=? limit ?
Hibernate: DELETE FROM USER WHERE USER_ID = ?
Hibernate: select user0_.user_id as col_0_0_ from user user0_ where user0_.user_user_id=? limit ?
Hibernate: select user0_.user_id as col_0_0_ from user user0_ where user0_.user_user_id=? limit ?
Hibernate: select user0_.user_id as user_id1_21_, user0_.character_id as characte7_21_, user0_.user_created_at as user_cre2_21_, user0_.user_name as user_nam3_21_, user0_.user_phone_number as user_pho4_21_, user0_.user_user_id as user_use5_21_, user0_.user_user_password as user_use6_21_ from user user0_ inner join characters character1_ on user0_.character_id=character1_.character_id where user0_.user_user_id=?
Hibernate: select character0_.character_id as characte1_6_0_, character0_.character_character_name as characte2_6_0_ from characters character0_ where character0_.character_id=?
Hibernate: select rewardtagw0_.user_id as user_id4_16_0_, rewardtagw0_.reward_tag_wrapper_reward_id as reward_t1_16_0_, rewardtagw0_.reward_tag_wrapper_reward_id as reward_t1_16_1_, rewardtagw0_.reward_tag_wrapper_reward_presented_at as reward_t2_16_1_, rewardtagw0_.reward_tag_reward_tag_id as reward_t3_16_1_, rewardtagw0_.user_id as user_id4_16_1_ from reward_tag_wrapper rewardtagw0_ where rewardtagw0_.user_id=?
Hibernate: select user0_.user_id as user_id1_21_0_, user0_.character_id as characte7_21_0_, user0_.user_created_at as user_cre2_21_0_, user0_.user_name as user_nam3_21_0_, user0_.user_phone_number as user_pho4_21_0_, user0_.user_user_id as user_use5_21_0_, user0_.user_user_password as user_use6_21_0_ from user user0_ where user0_.user_id=?
Hibernate: select character0_.character_id as characte1_6_0_, character0_.character_character_name as characte2_6_0_ from characters character0_ where character0_.character_id=?
Hibernate: select count(*) as col_0_0_ from user user0_ where user0_.user_id=?
Hibernate: select character1_.character_id as characte1_6_, character1_.character_character_name as characte2_6_ from user user0_ inner join characters character1_ on user0_.character_id=character1_.character_id where user0_.user_id=?
Hibernate: select permission0_.character_id as characte6_12_0_, permission0_.permission_id as permissi1_12_0_, permission0_.permission_id as permissi1_12_1_, permission0_.character_id as characte6_12_1_, permission0_.permission_name as permissi2_12_1_, permission0_.permission_permission_unit_id as permissi3_12_1_, permission0_.permission_service as permissi4_12_1_, permission0_.permission_status as permissi5_12_1_ from permission permission0_ where permission0_.character_id=?
Hibernate: select count(*) as col_0_0_ from user user0_ where user0_.user_id=?
Hibernate: select user0_.user_id as user_id1_21_, user0_.character_id as characte7_21_, user0_.user_created_at as user_cre2_21_, user0_.user_name as user_nam3_21_, user0_.user_phone_number as user_pho4_21_, user0_.user_user_id as user_use5_21_, user0_.user_user_password as user_use6_21_ from user user0_ where user0_.user_id=?
Hibernate: select character0_.character_id as characte1_6_0_, character0_.character_character_name as characte2_6_0_ from characters character0_ where character0_.character_id=?
Hibernate: select rewardtagw0_.user_id as user_id4_16_0_, rewardtagw0_.reward_tag_wrapper_reward_id as reward_t1_16_0_, rewardtagw0_.reward_tag_wrapper_reward_id as reward_t1_16_1_, rewardtagw0_.reward_tag_wrapper_reward_presented_at as reward_t2_16_1_, rewardtagw0_.reward_tag_reward_tag_id as reward_t3_16_1_, rewardtagw0_.user_id as user_id4_16_1_ from reward_tag_wrapper rewardtagw0_ where rewardtagw0_.user_id=?
Hibernate: select attendance0_.attendance_user_attendance_user_id as col_0_0_ from attendance_user attendance0_ where attendance0_.user_id=? limit ?
Hibernate: DELETE FROM USER WHERE USER_ID = ?
Hibernate: select user0_.user_id as col_0_0_ from user user0_ where user0_.user_user_id=? limit ?
Hibernate: select user0_.user_id as col_0_0_ from user user0_ where user0_.user_user_id=? limit ?
Hibernate: select user0_.user_id as user_id1_21_, user0_.character_id as characte7_21_, user0_.user_created_at as user_cre2_21_, user0_.user_name as user_nam3_21_, user0_.user_phone_number as user_pho4_21_, user0_.user_user_id as user_use5_21_, user0_.user_user_password as user_use6_21_ from user user0_ inner join characters character1_ on user0_.character_id=character1_.character_id where user0_.user_user_id=?
Hibernate: select character0_.character_id as characte1_6_0_, character0_.character_character_name as characte2_6_0_ from characters character0_ where character0_.character_id=?
Hibernate: select rewardtagw0_.user_id as user_id4_16_0_, rewardtagw0_.reward_tag_wrapper_reward_id as reward_t1_16_0_, rewardtagw0_.reward_tag_wrapper_reward_id as reward_t1_16_1_, rewardtagw0_.reward_tag_wrapper_reward_presented_at as reward_t2_16_1_, rewardtagw0_.reward_tag_reward_tag_id as reward_t3_16_1_, rewardtagw0_.user_id as user_id4_16_1_ from reward_tag_wrapper rewardtagw0_ where rewardtagw0_.user_id=?
Hibernate: select user0_.user_id as user_id1_21_0_, user0_.character_id as characte7_21_0_, user0_.user_created_at as user_cre2_21_0_, user0_.user_name as user_nam3_21_0_, user0_.user_phone_number as user_pho4_21_0_, user0_.user_user_id as user_use5_21_0_, user0_.user_user_password as user_use6_21_0_ from user user0_ where user0_.user_id=?
Hibernate: select character0_.character_id as characte1_6_0_, character0_.character_character_name as characte2_6_0_ from characters character0_ where character0_.character_id=?
Hibernate: select count(*) as col_0_0_ from user user0_ where user0_.user_id=?
Hibernate: select character1_.character_id as characte1_6_, character1_.character_character_name as characte2_6_ from user user0_ inner join characters character1_ on user0_.character_id=character1_.character_id where user0_.user_id=?
Hibernate: select permission0_.character_id as characte6_12_0_, permission0_.permission_id as permissi1_12_0_, permission0_.permission_id as permissi1_12_1_, permission0_.character_id as characte6_12_1_, permission0_.permission_name as permissi2_12_1_, permission0_.permission_permission_unit_id as permissi3_12_1_, permission0_.permission_service as permissi4_12_1_, permission0_.permission_status as permissi5_12_1_ from permission permission0_ where permission0_.character_id=?
Hibernate: select count(*) as col_0_0_ from user user0_ where user0_.user_id=?
Hibernate: select user0_.user_id as user_id1_21_, user0_.character_id as characte7_21_, user0_.user_created_at as user_cre2_21_, user0_.user_name as user_nam3_21_, user0_.user_phone_number as user_pho4_21_, user0_.user_user_id as user_use5_21_, user0_.user_user_password as user_use6_21_ from user user0_ where user0_.user_id=?
Hibernate: select character0_.character_id as characte1_6_0_, character0_.character_character_name as characte2_6_0_ from characters character0_ where character0_.character_id=?
Hibernate: select rewardtagw0_.user_id as user_id4_16_0_, rewardtagw0_.reward_tag_wrapper_reward_id as reward_t1_16_0_, rewardtagw0_.reward_tag_wrapper_reward_id as reward_t1_16_1_, rewardtagw0_.reward_tag_wrapper_reward_presented_at as reward_t2_16_1_, rewardtagw0_.reward_tag_reward_tag_id as reward_t3_16_1_, rewardtagw0_.user_id as user_id4_16_1_ from reward_tag_wrapper rewardtagw0_ where rewardtagw0_.user_id=?
Hibernate: select attendance0_.attendance_user_attendance_user_id as col_0_0_ from attendance_user attendance0_ where attendance0_.user_id=? limit ?
Hibernate: DELETE FROM USER WHERE USER_ID = ?
Hibernate: select user0_.user_id as col_0_0_ from user user0_ where user0_.user_user_id=? limit ?
Hibernate: select user0_.user_id as col_0_0_ from user user0_ where user0_.user_user_id=? limit ?
Hibernate: select user0_.user_id as user_id1_21_, user0_.character_id as characte7_21_, user0_.user_created_at as user_cre2_21_, user0_.user_name as user_nam3_21_, user0_.user_phone_number as user_pho4_21_, user0_.user_user_id as user_use5_21_, user0_.user_user_password as user_use6_21_ from user user0_ inner join characters character1_ on user0_.character_id=character1_.character_id where user0_.user_user_id=?
Hibernate: select character0_.character_id as characte1_6_0_, character0_.character_character_name as characte2_6_0_ from characters character0_ where character0_.character_id=?
Hibernate: select rewardtagw0_.user_id as user_id4_16_0_, rewardtagw0_.reward_tag_wrapper_reward_id as reward_t1_16_0_, rewardtagw0_.reward_tag_wrapper_reward_id as reward_t1_16_1_, rewardtagw0_.reward_tag_wrapper_reward_presented_at as reward_t2_16_1_, rewardtagw0_.reward_tag_reward_tag_id as reward_t3_16_1_, rewardtagw0_.user_id as user_id4_16_1_ from reward_tag_wrapper rewardtagw0_ where rewardtagw0_.user_id=?
Hibernate: select user0_.user_id as user_id1_21_0_, user0_.character_id as characte7_21_0_, user0_.user_created_at as user_cre2_21_0_, user0_.user_name as user_nam3_21_0_, user0_.user_phone_number as user_pho4_21_0_, user0_.user_user_id as user_use5_21_0_, user0_.user_user_password as user_use6_21_0_ from user user0_ where user0_.user_id=?
Hibernate: select character0_.character_id as characte1_6_0_, character0_.character_character_name as characte2_6_0_ from characters character0_ where character0_.character_id=?
Hibernate: select count(*) as col_0_0_ from user user0_ where user0_.user_id=?
Hibernate: select character1_.character_id as characte1_6_, character1_.character_character_name as characte2_6_ from user user0_ inner join characters character1_ on user0_.character_id=character1_.character_id where user0_.user_id=?
Hibernate: select permission0_.character_id as characte6_12_0_, permission0_.permission_id as permissi1_12_0_, permission0_.permission_id as permissi1_12_1_, permission0_.character_id as characte6_12_1_, permission0_.permission_name as permissi2_12_1_, permission0_.permission_permission_unit_id as permissi3_12_1_, permission0_.permission_service as permissi4_12_1_, permission0_.permission_status as permissi5_12_1_ from permission permission0_ where permission0_.character_id=?
Hibernate: select count(*) as col_0_0_ from user user0_ where user0_.user_id=?
Hibernate: select user0_.user_id as user_id1_21_, user0_.character_id as characte7_21_, user0_.user_created_at as user_cre2_21_, user0_.user_name as user_nam3_21_, user0_.user_phone_number as user_pho4_21_, user0_.user_user_id as user_use5_21_, user0_.user_user_password as user_use6_21_ from user user0_ where user0_.user_id=?
Hibernate: select character0_.character_id as characte1_6_0_, character0_.character_character_name as characte2_6_0_ from characters character0_ where character0_.character_id=?
Hibernate: select rewardtagw0_.user_id as user_id4_16_0_, rewardtagw0_.reward_tag_wrapper_reward_id as reward_t1_16_0_, rewardtagw0_.reward_tag_wrapper_reward_id as reward_t1_16_1_, rewardtagw0_.reward_tag_wrapper_reward_presented_at as reward_t2_16_1_, rewardtagw0_.reward_tag_reward_tag_id as reward_t3_16_1_, rewardtagw0_.user_id as user_id4_16_1_ from reward_tag_wrapper rewardtagw0_ where rewardtagw0_.user_id=?
Hibernate: select attendance0_.attendance_user_attendance_user_id as col_0_0_ from attendance_user attendance0_ where attendance0_.user_id=? limit ?
Hibernate: DELETE FROM USER WHERE USER_ID = ?
Hibernate: select user0_.user_id as col_0_0_ from user user0_ where user0_.user_user_id=? limit ?
Hibernate: select user0_.user_id as col_0_0_ from user user0_ where user0_.user_user_id=? limit ?
Hibernate: select user0_.user_id as col_0_0_ from user user0_ where user0_.user_user_id=? limit ?
Hibernate: select U.* from USER U where U.USER_USER_ID =?
Hibernate: select character0_.character_id as characte1_6_0_, character0_.character_character_name as characte2_6_0_ from characters character0_ where character0_.character_id=?
Hibernate: select user0_.user_id as user_id1_21_0_, user0_.character_id as characte7_21_0_, user0_.user_created_at as user_cre2_21_0_, user0_.user_name as user_nam3_21_0_, user0_.user_phone_number as user_pho4_21_0_, user0_.user_user_id as user_use5_21_0_, user0_.user_user_password as user_use6_21_0_ from user user0_ where user0_.user_id=?
Hibernate: select character0_.character_id as characte1_6_0_, character0_.character_character_name as characte2_6_0_ from characters character0_ where character0_.character_id=?
Hibernate: select count(*) as col_0_0_ from team_building teambuildi0_
Hibernate: select count(*) as col_0_0_ from team_building teambuildi0_
Hibernate: select user0_.user_id as col_0_0_ from user user0_ where user0_.user_user_id=? limit ?
Hibernate: select user0_.user_id as col_0_0_ from user user0_ where user0_.user_user_id=? limit ?
Hibernate: select U.* from USER U where U.USER_USER_ID =?
Hibernate: select character0_.character_id as characte1_6_0_, character0_.character_character_name as characte2_6_0_ from characters character0_ where character0_.character_id=?
Hibernate: select user0_.user_id as col_0_0_ from user user0_ where user0_.user_user_id=? limit ?
Hibernate: select user0_.user_id as col_0_0_ from user user0_ where user0_.user_user_id=? limit ?
Hibernate: select U.* from USER U where U.USER_USER_ID =?
Hibernate: select character0_.character_id as characte1_6_0_, character0_.character_character_name as characte2_6_0_ from characters character0_ where character0_.character_id=?
Hibernate: select user0_.user_id as col_0_0_ from user user0_ where user0_.user_user_id=? limit ?
Hibernate: select user0_.user_id as col_0_0_ from user user0_ where user0_.user_user_id=? limit ?
Hibernate: select U.* from USER U where U.USER_USER_ID =?
Hibernate: select character0_.character_id as characte1_6_0_, character0_.character_character_name as characte2_6_0_ from characters character0_ where character0_.character_id=?
Hibernate: select user0_.user_id as col_0_0_ from user user0_ where user0_.user_user_id=? limit ?
Hibernate: select userjoinin0_.user_joining_pool_id as col_0_0_ from user_joining_pool userjoinin0_ where userjoinin0_.user_user_id=? limit ?
Hibernate: select character0_.character_id as col_0_0_ from characters character0_ where character0_.character_character_name=? limit ?
Hibernate: insert into user_joining_pool (user_joining_pool_id, user_created_at, user_name, user_phone_number, user_user_id, user_user_password) values (default, ?, ?, ?, ?, ?)
Hibernate: select user0_.user_id as user_id1_21_0_, user0_.character_id as characte7_21_0_, user0_.user_created_at as user_cre2_21_0_, user0_.user_name as user_nam3_21_0_, user0_.user_phone_number as user_pho4_21_0_, user0_.user_user_id as user_use5_21_0_, user0_.user_user_password as user_use6_21_0_ from user user0_ where user0_.user_id=?
Hibernate: select character0_.character_id as characte1_6_0_, character0_.character_character_name as characte2_6_0_ from characters character0_ where character0_.character_id=?
Hibernate: select count(*) as col_0_0_ from user user0_ where user0_.user_id=?
Hibernate: select character1_.character_id as characte1_6_, character1_.character_character_name as characte2_6_ from user user0_ inner join characters character1_ on user0_.character_id=character1_.character_id where user0_.user_id=?
Hibernate: select permission0_.character_id as characte6_12_0_, permission0_.permission_id as permissi1_12_0_, permission0_.permission_id as permissi1_12_1_, permission0_.character_id as characte6_12_1_, permission0_.permission_name as permissi2_12_1_, permission0_.permission_permission_unit_id as permissi3_12_1_, permission0_.permission_service as permissi4_12_1_, permission0_.permission_status as permissi5_12_1_ from permission permission0_ where permission0_.character_id=?
Hibernate: select userjoinin0_.user_joining_pool_id as col_0_0_ from user_joining_pool userjoinin0_ where userjoinin0_.user_user_id=? limit ?
Hibernate: select userjoinin0_.user_joining_pool_id as user_joi1_22_, userjoinin0_.user_created_at as user_cre2_22_, userjoinin0_.user_name as user_nam3_22_, userjoinin0_.user_phone_number as user_pho4_22_, userjoinin0_.user_user_id as user_use5_22_, userjoinin0_.user_user_password as user_use6_22_ from user_joining_pool userjoinin0_ where userjoinin0_.user_user_id=?
Hibernate: select character0_.character_id as characte1_6_, character0_.character_character_name as characte2_6_ from characters character0_ where character0_.character_character_name=?
Hibernate: insert into user (user_id, character_id, user_created_at, user_name, user_phone_number, user_user_id, user_user_password) values (default, ?, ?, ?, ?, ?, ?)
Hibernate: DELETE FROM USER_JOINING_POOL as JU where JU.USER_USER_ID =?
Hibernate: select user0_.user_id as col_0_0_ from user user0_ where user0_.user_user_id=? limit ?
Hibernate: select user0_.user_id as col_0_0_ from user user0_ where user0_.user_user_id=? limit ?
Hibernate: select U.* from USER U where U.USER_USER_ID =?
Hibernate: select character0_.character_id as characte1_6_0_, character0_.character_character_name as characte2_6_0_ from characters character0_ where character0_.character_id=?
Hibernate: select user0_.user_id as col_0_0_ from user user0_ where user0_.user_user_id=? limit ?
Hibernate: select userjoinin0_.user_joining_pool_id as col_0_0_ from user_joining_pool userjoinin0_ where userjoinin0_.user_user_id=? limit ?
Hibernate: select character0_.character_id as col_0_0_ from characters character0_ where character0_.character_character_name=? limit ?
Hibernate: insert into user_joining_pool (user_joining_pool_id, user_created_at, user_name, user_phone_number, user_user_id, user_user_password) values (default, ?, ?, ?, ?, ?)
Hibernate: select user0_.user_id as user_id1_21_0_, user0_.character_id as characte7_21_0_, user0_.user_created_at as user_cre2_21_0_, user0_.user_name as user_nam3_21_0_, user0_.user_phone_number as user_pho4_21_0_, user0_.user_user_id as user_use5_21_0_, user0_.user_user_password as user_use6_21_0_ from user user0_ where user0_.user_id=?
Hibernate: select character0_.character_id as characte1_6_0_, character0_.character_character_name as characte2_6_0_ from characters character0_ where character0_.character_id=?
Hibernate: select count(*) as col_0_0_ from user user0_ where user0_.user_id=?
Hibernate: select character1_.character_id as characte1_6_, character1_.character_character_name as characte2_6_ from user user0_ inner join characters character1_ on user0_.character_id=character1_.character_id where user0_.user_id=?
Hibernate: select permission0_.character_id as characte6_12_0_, permission0_.permission_id as permissi1_12_0_, permission0_.permission_id as permissi1_12_1_, permission0_.character_id as characte6_12_1_, permission0_.permission_name as permissi2_12_1_, permission0_.permission_permission_unit_id as permissi3_12_1_, permission0_.permission_service as permissi4_12_1_, permission0_.permission_status as permissi5_12_1_ from permission permission0_ where permission0_.character_id=?
Hibernate: select userjoinin0_.user_joining_pool_id as col_0_0_ from user_joining_pool userjoinin0_ where userjoinin0_.user_user_id=? limit ?
Hibernate: select userjoinin0_.user_joining_pool_id as user_joi1_22_, userjoinin0_.user_created_at as user_cre2_22_, userjoinin0_.user_name as user_nam3_22_, userjoinin0_.user_phone_number as user_pho4_22_, userjoinin0_.user_user_id as user_use5_22_, userjoinin0_.user_user_password as user_use6_22_ from user_joining_pool userjoinin0_ where userjoinin0_.user_user_id=?
Hibernate: select character0_.character_id as characte1_6_, character0_.character_character_name as characte2_6_ from characters character0_ where character0_.character_character_name=?
Hibernate: insert into user (user_id, character_id, user_created_at, user_name, user_phone_number, user_user_id, user_user_password) values (default, ?, ?, ?, ?, ?, ?)
Hibernate: DELETE FROM USER_JOINING_POOL as JU where JU.USER_USER_ID =?
Hibernate: select user0_.user_id as col_0_0_ from user user0_ where user0_.user_user_id=? limit ?
Hibernate: select user0_.user_id as col_0_0_ from user user0_ where user0_.user_user_id=? limit ?
Hibernate: select U.* from USER U where U.USER_USER_ID =?
Hibernate: select character0_.character_id as characte1_6_0_, character0_.character_character_name as characte2_6_0_ from characters character0_ where character0_.character_id=?
Hibernate: select user0_.user_id as col_0_0_ from user user0_ where user0_.user_user_id=? limit ?
Hibernate: select userjoinin0_.user_joining_pool_id as col_0_0_ from user_joining_pool userjoinin0_ where userjoinin0_.user_user_id=? limit ?
Hibernate: select character0_.character_id as col_0_0_ from characters character0_ where character0_.character_character_name=? limit ?
Hibernate: insert into user_joining_pool (user_joining_pool_id, user_created_at, user_name, user_phone_number, user_user_id, user_user_password) values (default, ?, ?, ?, ?, ?)
Hibernate: select user0_.user_id as user_id1_21_0_, user0_.character_id as characte7_21_0_, user0_.user_created_at as user_cre2_21_0_, user0_.user_name as user_nam3_21_0_, user0_.user_phone_number as user_pho4_21_0_, user0_.user_user_id as user_use5_21_0_, user0_.user_user_password as user_use6_21_0_ from user user0_ where user0_.user_id=?
Hibernate: select character0_.character_id as characte1_6_0_, character0_.character_character_name as characte2_6_0_ from characters character0_ where character0_.character_id=?
Hibernate: select count(*) as col_0_0_ from user user0_ where user0_.user_id=?
Hibernate: select character1_.character_id as characte1_6_, character1_.character_character_name as characte2_6_ from user user0_ inner join characters character1_ on user0_.character_id=character1_.character_id where user0_.user_id=?
Hibernate: select permission0_.character_id as characte6_12_0_, permission0_.permission_id as permissi1_12_0_, permission0_.permission_id as permissi1_12_1_, permission0_.character_id as characte6_12_1_, permission0_.permission_name as permissi2_12_1_, permission0_.permission_permission_unit_id as permissi3_12_1_, permission0_.permission_service as permissi4_12_1_, permission0_.permission_status as permissi5_12_1_ from permission permission0_ where permission0_.character_id=?
Hibernate: select userjoinin0_.user_joining_pool_id as col_0_0_ from user_joining_pool userjoinin0_ where userjoinin0_.user_user_id=? limit ?
Hibernate: select userjoinin0_.user_joining_pool_id as user_joi1_22_, userjoinin0_.user_created_at as user_cre2_22_, userjoinin0_.user_name as user_nam3_22_, userjoinin0_.user_phone_number as user_pho4_22_, userjoinin0_.user_user_id as user_use5_22_, userjoinin0_.user_user_password as user_use6_22_ from user_joining_pool userjoinin0_ where userjoinin0_.user_user_id=?
Hibernate: select character0_.character_id as characte1_6_, character0_.character_character_name as characte2_6_ from characters character0_ where character0_.character_character_name=?
Hibernate: insert into user (user_id, character_id, user_created_at, user_name, user_phone_number, user_user_id, user_user_password) values (default, ?, ?, ?, ?, ?, ?)
Hibernate: DELETE FROM USER_JOINING_POOL as JU where JU.USER_USER_ID =?
Hibernate: select user0_.user_id as col_0_0_ from user user0_ where user0_.user_user_id=? limit ?
Hibernate: select user0_.user_id as col_0_0_ from user user0_ where user0_.user_user_id=? limit ?
Hibernate: select U.* from USER U where U.USER_USER_ID =?
Hibernate: select character0_.character_id as characte1_6_0_, character0_.character_character_name as characte2_6_0_ from characters character0_ where character0_.character_id=?
Hibernate: select user0_.user_id as col_0_0_ from user user0_ where user0_.user_user_id=? limit ?
Hibernate: select userjoinin0_.user_joining_pool_id as col_0_0_ from user_joining_pool userjoinin0_ where userjoinin0_.user_user_id=? limit ?
Hibernate: select character0_.character_id as col_0_0_ from characters character0_ where character0_.character_character_name=? limit ?
Hibernate: insert into user_joining_pool (user_joining_pool_id, user_created_at, user_name, user_phone_number, user_user_id, user_user_password) values (default, ?, ?, ?, ?, ?)
Hibernate: select user0_.user_id as user_id1_21_0_, user0_.character_id as characte7_21_0_, user0_.user_created_at as user_cre2_21_0_, user0_.user_name as user_nam3_21_0_, user0_.user_phone_number as user_pho4_21_0_, user0_.user_user_id as user_use5_21_0_, user0_.user_user_password as user_use6_21_0_ from user user0_ where user0_.user_id=?
Hibernate: select character0_.character_id as characte1_6_0_, character0_.character_character_name as characte2_6_0_ from characters character0_ where character0_.character_id=?
Hibernate: select count(*) as col_0_0_ from user user0_ where user0_.user_id=?
Hibernate: select character1_.character_id as characte1_6_, character1_.character_character_name as characte2_6_ from user user0_ inner join characters character1_ on user0_.character_id=character1_.character_id where user0_.user_id=?
Hibernate: select permission0_.character_id as characte6_12_0_, permission0_.permission_id as permissi1_12_0_, permission0_.permission_id as permissi1_12_1_, permission0_.character_id as characte6_12_1_, permission0_.permission_name as permissi2_12_1_, permission0_.permission_permission_unit_id as permissi3_12_1_, permission0_.permission_service as permissi4_12_1_, permission0_.permission_status as permissi5_12_1_ from permission permission0_ where permission0_.character_id=?
Hibernate: select userjoinin0_.user_joining_pool_id as col_0_0_ from user_joining_pool userjoinin0_ where userjoinin0_.user_user_id=? limit ?
Hibernate: select userjoinin0_.user_joining_pool_id as user_joi1_22_, userjoinin0_.user_created_at as user_cre2_22_, userjoinin0_.user_name as user_nam3_22_, userjoinin0_.user_phone_number as user_pho4_22_, userjoinin0_.user_user_id as user_use5_22_, userjoinin0_.user_user_password as user_use6_22_ from user_joining_pool userjoinin0_ where userjoinin0_.user_user_id=?
Hibernate: select character0_.character_id as characte1_6_, character0_.character_character_name as characte2_6_ from characters character0_ where character0_.character_character_name=?
Hibernate: insert into user (user_id, character_id, user_created_at, user_name, user_phone_number, user_user_id, user_user_password) values (default, ?, ?, ?, ?, ?, ?)
Hibernate: DELETE FROM USER_JOINING_POOL as JU where JU.USER_USER_ID =?
Hibernate: select user0_.user_id as col_0_0_ from user user0_ where user0_.user_user_id=? limit ?
Hibernate: select user0_.user_id as col_0_0_ from user user0_ where user0_.user_user_id=? limit ?
Hibernate: select U.* from USER U where U.USER_USER_ID =?
Hibernate: select character0_.character_id as characte1_6_0_, character0_.character_character_name as characte2_6_0_ from characters character0_ where character0_.character_id=?
Hibernate: select user0_.user_id as col_0_0_ from user user0_ where user0_.user_user_id=? limit ?
Hibernate: select userjoinin0_.user_joining_pool_id as col_0_0_ from user_joining_pool userjoinin0_ where userjoinin0_.user_user_id=? limit ?
Hibernate: select character0_.character_id as col_0_0_ from characters character0_ where character0_.character_character_name=? limit ?
Hibernate: insert into user_joining_pool (user_joining_pool_id, user_created_at, user_name, user_phone_number, user_user_id, user_user_password) values (default, ?, ?, ?, ?, ?)
Hibernate: select user0_.user_id as user_id1_21_0_, user0_.character_id as characte7_21_0_, user0_.user_created_at as user_cre2_21_0_, user0_.user_name as user_nam3_21_0_, user0_.user_phone_number as user_pho4_21_0_, user0_.user_user_id as user_use5_21_0_, user0_.user_user_password as user_use6_21_0_ from user user0_ where user0_.user_id=?
Hibernate: select character0_.character_id as characte1_6_0_, character0_.character_character_name as characte2_6_0_ from characters character0_ where character0_.character_id=?
Hibernate: select count(*) as col_0_0_ from user user0_ where user0_.user_id=?
Hibernate: select character1_.character_id as characte1_6_, character1_.character_character_name as characte2_6_ from user user0_ inner join characters character1_ on user0_.character_id=character1_.character_id where user0_.user_id=?
Hibernate: select permission0_.character_id as characte6_12_0_, permission0_.permission_id as permissi1_12_0_, permission0_.permission_id as permissi1_12_1_, permission0_.character_id as characte6_12_1_, permission0_.permission_name as permissi2_12_1_, permission0_.permission_permission_unit_id as permissi3_12_1_, permission0_.permission_service as permissi4_12_1_, permission0_.permission_status as permissi5_12_1_ from permission permission0_ where permission0_.character_id=?
Hibernate: select userjoinin0_.user_joining_pool_id as col_0_0_ from user_joining_pool userjoinin0_ where userjoinin0_.user_user_id=? limit ?
Hibernate: select userjoinin0_.user_joining_pool_id as user_joi1_22_, userjoinin0_.user_created_at as user_cre2_22_, userjoinin0_.user_name as user_nam3_22_, userjoinin0_.user_phone_number as user_pho4_22_, userjoinin0_.user_user_id as user_use5_22_, userjoinin0_.user_user_password as user_use6_22_ from user_joining_pool userjoinin0_ where userjoinin0_.user_user_id=?
Hibernate: select character0_.character_id as characte1_6_, character0_.character_character_name as characte2_6_ from characters character0_ where character0_.character_character_name=?
Hibernate: insert into user (user_id, character_id, user_created_at, user_name, user_phone_number, user_user_id, user_user_password) values (default, ?, ?, ?, ?, ?, ?)
Hibernate: DELETE FROM USER_JOINING_POOL as JU where JU.USER_USER_ID =?
Hibernate: select user0_.user_id as user_id1_21_0_, user0_.character_id as characte7_21_0_, user0_.user_created_at as user_cre2_21_0_, user0_.user_name as user_nam3_21_0_, user0_.user_phone_number as user_pho4_21_0_, user0_.user_user_id as user_use5_21_0_, user0_.user_user_password as user_use6_21_0_ from user user0_ where user0_.user_id=?
Hibernate: select character0_.character_id as characte1_6_0_, character0_.character_character_name as characte2_6_0_ from characters character0_ where character0_.character_id=?
Hibernate: select count(*) as col_0_0_ from user user0_ where user0_.user_id=?
Hibernate: select character1_.character_id as characte1_6_, character1_.character_character_name as characte2_6_ from user user0_ inner join characters character1_ on user0_.character_id=character1_.character_id where user0_.user_id=?
Hibernate: select permission0_.character_id as characte6_12_0_, permission0_.permission_id as permissi1_12_0_, permission0_.permission_id as permissi1_12_1_, permission0_.character_id as characte6_12_1_, permission0_.permission_name as permissi2_12_1_, permission0_.permission_permission_unit_id as permissi3_12_1_, permission0_.permission_service as permissi4_12_1_, permission0_.permission_status as permissi5_12_1_ from permission permission0_ where permission0_.character_id=?
Hibernate: select user0_.user_id as col_0_0_ from user user0_ where user0_.user_user_id=? limit ?
Hibernate: select user0_.user_id as col_0_0_ from user user0_ where user0_.user_user_id=? limit ?
Hibernate: select user0_.user_id as col_0_0_ from user user0_ where user0_.user_user_id=? limit ?
Hibernate: select user0_.user_id as col_0_0_ from user user0_ where user0_.user_user_id=? limit ?
Hibernate: select user0_.user_id as col_0_0_ from user user0_ where user0_.user_user_id=? limit ?
Hibernate: select user0_.user_id as user_id1_21_, user0_.character_id as characte7_21_, user0_.user_created_at as user_cre2_21_, user0_.user_name as user_nam3_21_, user0_.user_phone_number as user_pho4_21_, user0_.user_user_id as user_use5_21_, user0_.user_user_password as user_use6_21_ from user user0_ inner join characters character1_ on user0_.character_id=character1_.character_id where user0_.user_user_id=?
Hibernate: select character0_.character_id as characte1_6_0_, character0_.character_character_name as characte2_6_0_ from characters character0_ where character0_.character_id=?
Hibernate: select user0_.user_id as user_id1_21_, user0_.character_id as characte7_21_, user0_.user_created_at as user_cre2_21_, user0_.user_name as user_nam3_21_, user0_.user_phone_number as user_pho4_21_, user0_.user_user_id as user_use5_21_, user0_.user_user_password as user_use6_21_ from user user0_ inner join characters character1_ on user0_.character_id=character1_.character_id where user0_.user_user_id=?
Hibernate: select user0_.user_id as user_id1_21_, user0_.character_id as characte7_21_, user0_.user_created_at as user_cre2_21_, user0_.user_name as user_nam3_21_, user0_.user_phone_number as user_pho4_21_, user0_.user_user_id as user_use5_21_, user0_.user_user_password as user_use6_21_ from user user0_ inner join characters character1_ on user0_.character_id=character1_.character_id where user0_.user_user_id=?
Hibernate: select user0_.user_id as user_id1_21_, user0_.character_id as characte7_21_, user0_.user_created_at as user_cre2_21_, user0_.user_name as user_nam3_21_, user0_.user_phone_number as user_pho4_21_, user0_.user_user_id as user_use5_21_, user0_.user_user_password as user_use6_21_ from user user0_ inner join characters character1_ on user0_.character_id=character1_.character_id where user0_.user_user_id=?
Hibernate: select user0_.user_id as user_id1_21_, user0_.character_id as characte7_21_, user0_.user_created_at as user_cre2_21_, user0_.user_name as user_nam3_21_, user0_.user_phone_number as user_pho4_21_, user0_.user_user_id as user_use5_21_, user0_.user_user_password as user_use6_21_ from user user0_ inner join characters character1_ on user0_.character_id=character1_.character_id where user0_.user_user_id=?
Hibernate: insert into team_building (team_building_team_building_id, team_building_created_at, team_building_last_modified_at, team_building_team_building_title) values (default, ?, ?, ?)
Hibernate: insert into team (team_team_id, team_last_modified_at, team_building_team_building_id, team_team_name) values (default, ?, ?, ?)
Hibernate: insert into team_user (team_user_id, team_team_id, user_id) values (default, ?, ?)
Hibernate: insert into team_user (team_user_id, team_team_id, user_id) values (default, ?, ?)
Hibernate: insert into team_user (team_user_id, team_team_id, user_id) values (default, ?, ?)
Hibernate: insert into team (team_team_id, team_last_modified_at, team_building_team_building_id, team_team_name) values (default, ?, ?, ?)
Hibernate: insert into team_user (team_user_id, team_team_id, user_id) values (default, ?, ?)
Hibernate: insert into team_user (team_user_id, team_team_id, user_id) values (default, ?, ?)
Hibernate: select user0_.user_id as user_id1_21_0_, user0_.character_id as characte7_21_0_, user0_.user_created_at as user_cre2_21_0_, user0_.user_name as user_nam3_21_0_, user0_.user_phone_number as user_pho4_21_0_, user0_.user_user_id as user_use5_21_0_, user0_.user_user_password as user_use6_21_0_ from user user0_ where user0_.user_id=?
Hibernate: select character0_.character_id as characte1_6_0_, character0_.character_character_name as characte2_6_0_ from characters character0_ where character0_.character_id=?
Hibernate: select count(*) as col_0_0_ from team_building teambuildi0_
Hibernate: select count(*) as col_0_0_ from team_building teambuildi0_
Hibernate: select teambuildi0_.team_building_team_building_id as team_bui1_19_, teambuildi0_.team_building_created_at as team_bui2_19_, teambuildi0_.team_building_last_modified_at as team_bui3_19_, teambuildi0_.team_building_team_building_title as team_bui4_19_ from team_building teambuildi0_ order by teambuildi0_.team_building_created_at desc, teambuildi0_.team_building_team_building_id desc limit ?
Hibernate: select teamlist0_.team_building_team_building_id as team_bui4_18_0_, teamlist0_.team_team_id as team_tea1_18_0_, teamlist0_.team_team_id as team_tea1_18_1_, teamlist0_.team_last_modified_at as team_las2_18_1_, teamlist0_.team_building_team_building_id as team_bui4_18_1_, teamlist0_.team_team_name as team_tea3_18_1_ from team teamlist0_ where teamlist0_.team_building_team_building_id=?
Hibernate: select teamuserli0_.team_team_id as team_tea2_20_0_, teamuserli0_.team_user_id as team_use1_20_0_, teamuserli0_.team_user_id as team_use1_20_1_, teamuserli0_.team_team_id as team_tea2_20_1_, teamuserli0_.user_id as user_id3_20_1_ from team_user teamuserli0_ where teamuserli0_.team_team_id=?
Hibernate: select user0_.user_id as user_id1_21_0_, user0_.character_id as characte7_21_0_, user0_.user_created_at as user_cre2_21_0_, user0_.user_name as user_nam3_21_0_, user0_.user_phone_number as user_pho4_21_0_, user0_.user_user_id as user_use5_21_0_, user0_.user_user_password as user_use6_21_0_ from user user0_ where user0_.user_id=?
Hibernate: select character0_.character_id as characte1_6_0_, character0_.character_character_name as characte2_6_0_ from characters character0_ where character0_.character_id=?
Hibernate: select user0_.user_id as user_id1_21_0_, user0_.character_id as characte7_21_0_, user0_.user_created_at as user_cre2_21_0_, user0_.user_name as user_nam3_21_0_, user0_.user_phone_number as user_pho4_21_0_, user0_.user_user_id as user_use5_21_0_, user0_.user_user_password as user_use6_21_0_ from user user0_ where user0_.user_id=?
Hibernate: select user0_.user_id as user_id1_21_0_, user0_.character_id as characte7_21_0_, user0_.user_created_at as user_cre2_21_0_, user0_.user_name as user_nam3_21_0_, user0_.user_phone_number as user_pho4_21_0_, user0_.user_user_id as user_use5_21_0_, user0_.user_user_password as user_use6_21_0_ from user user0_ where user0_.user_id=?
Hibernate: select teamuserli0_.team_team_id as team_tea2_20_0_, teamuserli0_.team_user_id as team_use1_20_0_, teamuserli0_.team_user_id as team_use1_20_1_, teamuserli0_.team_team_id as team_tea2_20_1_, teamuserli0_.user_id as user_id3_20_1_ from team_user teamuserli0_ where teamuserli0_.team_team_id=?
Hibernate: select user0_.user_id as user_id1_21_0_, user0_.character_id as characte7_21_0_, user0_.user_created_at as user_cre2_21_0_, user0_.user_name as user_nam3_21_0_, user0_.user_phone_number as user_pho4_21_0_, user0_.user_user_id as user_use5_21_0_, user0_.user_user_password as user_use6_21_0_ from user user0_ where user0_.user_id=?
Hibernate: select user0_.user_id as user_id1_21_0_, user0_.character_id as characte7_21_0_, user0_.user_created_at as user_cre2_21_0_, user0_.user_name as user_nam3_21_0_, user0_.user_phone_number as user_pho4_21_0_, user0_.user_user_id as user_use5_21_0_, user0_.user_user_password as user_use6_21_0_ from user user0_ where user0_.user_id=?
Hibernate: select user0_.user_id as user_id1_21_0_, user0_.character_id as characte7_21_0_, user0_.user_created_at as user_cre2_21_0_, user0_.user_name as user_nam3_21_0_, user0_.user_phone_number as user_pho4_21_0_, user0_.user_user_id as user_use5_21_0_, user0_.user_user_password as user_use6_21_0_ from user user0_ where user0_.user_id=?
Hibernate: select character0_.character_id as characte1_6_0_, character0_.character_character_name as characte2_6_0_ from characters character0_ where character0_.character_id=?
Hibernate: select count(*) as col_0_0_ from user user0_ where user0_.user_id=?
Hibernate: select character1_.character_id as characte1_6_, character1_.character_character_name as characte2_6_ from user user0_ inner join characters character1_ on user0_.character_id=character1_.character_id where user0_.user_id=?
Hibernate: select permission0_.character_id as characte6_12_0_, permission0_.permission_id as permissi1_12_0_, permission0_.permission_id as permissi1_12_1_, permission0_.character_id as characte6_12_1_, permission0_.permission_name as permissi2_12_1_, permission0_.permission_permission_unit_id as permissi3_12_1_, permission0_.permission_service as permissi4_12_1_, permission0_.permission_status as permissi5_12_1_ from permission permission0_ where permission0_.character_id=?
Hibernate: select count(*) as col_0_0_ from team_building teambuildi0_ where teambuildi0_.team_building_team_building_id=?
Hibernate: select teambuildi0_.team_building_team_building_id as team_bui1_19_0_, teambuildi0_.team_building_created_at as team_bui2_19_0_, teambuildi0_.team_building_last_modified_at as team_bui3_19_0_, teambuildi0_.team_building_team_building_title as team_bui4_19_0_ from team_building teambuildi0_ where teambuildi0_.team_building_team_building_id=?
Hibernate: select teamlist0_.team_building_team_building_id as team_bui4_18_0_, teamlist0_.team_team_id as team_tea1_18_0_, teamlist0_.team_team_id as team_tea1_18_1_, teamlist0_.team_last_modified_at as team_las2_18_1_, teamlist0_.team_building_team_building_id as team_bui4_18_1_, teamlist0_.team_team_name as team_tea3_18_1_ from team teamlist0_ where teamlist0_.team_building_team_building_id=?
Hibernate: select teamuserli0_.team_team_id as team_tea2_20_0_, teamuserli0_.team_user_id as team_use1_20_0_, teamuserli0_.team_user_id as team_use1_20_1_, teamuserli0_.team_team_id as team_tea2_20_1_, teamuserli0_.user_id as user_id3_20_1_ from team_user teamuserli0_ where teamuserli0_.team_team_id=?
Hibernate: select user0_.user_id as user_id1_21_0_, user0_.character_id as characte7_21_0_, user0_.user_created_at as user_cre2_21_0_, user0_.user_name as user_nam3_21_0_, user0_.user_phone_number as user_pho4_21_0_, user0_.user_user_id as user_use5_21_0_, user0_.user_user_password as user_use6_21_0_ from user user0_ where user0_.user_id=?
Hibernate: select character0_.character_id as characte1_6_0_, character0_.character_character_name as characte2_6_0_ from characters character0_ where character0_.character_id=?
Hibernate: select user0_.user_id as user_id1_21_0_, user0_.character_id as characte7_21_0_, user0_.user_created_at as user_cre2_21_0_, user0_.user_name as user_nam3_21_0_, user0_.user_phone_number as user_pho4_21_0_, user0_.user_user_id as user_use5_21_0_, user0_.user_user_password as user_use6_21_0_ from user user0_ where user0_.user_id=?
Hibernate: select user0_.user_id as user_id1_21_0_, user0_.character_id as characte7_21_0_, user0_.user_created_at as user_cre2_21_0_, user0_.user_name as user_nam3_21_0_, user0_.user_phone_number as user_pho4_21_0_, user0_.user_user_id as user_use5_21_0_, user0_.user_user_password as user_use6_21_0_ from user user0_ where user0_.user_id=?
Hibernate: select teamuserli0_.team_team_id as team_tea2_20_0_, teamuserli0_.team_user_id as team_use1_20_0_, teamuserli0_.team_user_id as team_use1_20_1_, teamuserli0_.team_team_id as team_tea2_20_1_, teamuserli0_.user_id as user_id3_20_1_ from team_user teamuserli0_ where teamuserli0_.team_team_id=?
Hibernate: select user0_.user_id as user_id1_21_0_, user0_.character_id as characte7_21_0_, user0_.user_created_at as user_cre2_21_0_, user0_.user_name as user_nam3_21_0_, user0_.user_phone_number as user_pho4_21_0_, user0_.user_user_id as user_use5_21_0_, user0_.user_user_password as user_use6_21_0_ from user user0_ where user0_.user_id=?
Hibernate: select user0_.user_id as user_id1_21_0_, user0_.character_id as characte7_21_0_, user0_.user_created_at as user_cre2_21_0_, user0_.user_name as user_nam3_21_0_, user0_.user_phone_number as user_pho4_21_0_, user0_.user_user_id as user_use5_21_0_, user0_.user_user_password as user_use6_21_0_ from user user0_ where user0_.user_id=?
Hibernate: delete from team_user where team_user_id=?
Hibernate: delete from team_user where team_user_id=?
Hibernate: delete from team_user where team_user_id=?
Hibernate: delete from team where team_team_id=?
Hibernate: delete from team_user where team_user_id=?
Hibernate: delete from team_user where team_user_id=?
Hibernate: delete from team where team_team_id=?
Hibernate: delete from team_building where team_building_team_building_id=?

MockHttpServletRequest:
      HTTP Method = DELETE
      Request URI = /teambuilding/group/8
       Parameters = {}
          Headers = [Accept:"application/json", api-version:"1.0", Authorization:"Bearer eyJhbGciOiJIUzI1NiJ9.eyJzdWIiOiIxIiwiaWF0IjoxNjg3ODc3NDY4LCJleHAiOjE2ODc4ODEwNjh9.L4tO6_dDAW_EBZT75Jfu2R72X2bmpa30eKXBNOnKWzQ"]
             Body = null
    Session Attrs = {}

Handler:
             Type = org.waldreg.controller.teambuilding.TeamBuildingController
           Method = org.waldreg.controller.teambuilding.TeamBuildingController#deleteTeamBuildingByTeamBuildingId(int)

Async:
    Async started = false
     Async result = null

Resolved Exception:
             Type = null

ModelAndView:
        View name = null
             View = null
            Model = null

FlashMap:
       Attributes = null

MockHttpServletResponse:
           Status = 200
    Error message = null
          Headers = [Vary:"Origin", "Access-Control-Request-Method", "Access-Control-Request-Headers", Api-version:"1.0"]
     Content type = null
             Body = 
    Forwarded URL = null
   Redirected URL = null
          Cookies = []
Hibernate: select user0_.user_id as col_0_0_ from user user0_ where user0_.user_user_id=? limit ?
Hibernate: select user0_.user_id as col_0_0_ from user user0_ where user0_.user_user_id=? limit ?
Hibernate: select U.* from USER U where U.USER_USER_ID =?
Hibernate: select character0_.character_id as characte1_6_0_, character0_.character_character_name as characte2_6_0_ from characters character0_ where character0_.character_id=?
Hibernate: select user0_.user_id as user_id1_21_0_, user0_.character_id as characte7_21_0_, user0_.user_created_at as user_cre2_21_0_, user0_.user_name as user_nam3_21_0_, user0_.user_phone_number as user_pho4_21_0_, user0_.user_user_id as user_use5_21_0_, user0_.user_user_password as user_use6_21_0_ from user user0_ where user0_.user_id=?
Hibernate: select character0_.character_id as characte1_6_0_, character0_.character_character_name as characte2_6_0_ from characters character0_ where character0_.character_id=?
Hibernate: select count(*) as col_0_0_ from team_building teambuildi0_
Hibernate: select count(*) as col_0_0_ from team_building teambuildi0_
Hibernate: select user0_.user_id as col_0_0_ from user user0_ where user0_.user_user_id=? limit ?
Hibernate: select user0_.user_id as col_0_0_ from user user0_ where user0_.user_user_id=? limit ?
Hibernate: select U.* from USER U where U.USER_USER_ID =?
Hibernate: select character0_.character_id as characte1_6_0_, character0_.character_character_name as characte2_6_0_ from characters character0_ where character0_.character_id=?
Hibernate: select user0_.user_id as col_0_0_ from user user0_ where user0_.user_user_id=? limit ?
Hibernate: select user0_.user_id as user_id1_21_, user0_.character_id as characte7_21_, user0_.user_created_at as user_cre2_21_, user0_.user_name as user_nam3_21_, user0_.user_phone_number as user_pho4_21_, user0_.user_user_id as user_use5_21_, user0_.user_user_password as user_use6_21_ from user user0_ inner join characters character1_ on user0_.character_id=character1_.character_id where user0_.user_user_id=?
Hibernate: select character0_.character_id as characte1_6_0_, character0_.character_character_name as characte2_6_0_ from characters character0_ where character0_.character_id=?
Hibernate: select rewardtagw0_.user_id as user_id4_16_0_, rewardtagw0_.reward_tag_wrapper_reward_id as reward_t1_16_0_, rewardtagw0_.reward_tag_wrapper_reward_id as reward_t1_16_1_, rewardtagw0_.reward_tag_wrapper_reward_presented_at as reward_t2_16_1_, rewardtagw0_.reward_tag_reward_tag_id as reward_t3_16_1_, rewardtagw0_.user_id as user_id4_16_1_ from reward_tag_wrapper rewardtagw0_ where rewardtagw0_.user_id=?
Hibernate: select user0_.user_id as user_id1_21_0_, user0_.character_id as characte7_21_0_, user0_.user_created_at as user_cre2_21_0_, user0_.user_name as user_nam3_21_0_, user0_.user_phone_number as user_pho4_21_0_, user0_.user_user_id as user_use5_21_0_, user0_.user_user_password as user_use6_21_0_ from user user0_ where user0_.user_id=?
Hibernate: select character0_.character_id as characte1_6_0_, character0_.character_character_name as characte2_6_0_ from characters character0_ where character0_.character_id=?
Hibernate: select count(*) as col_0_0_ from user user0_ where user0_.user_id=?
Hibernate: select character1_.character_id as characte1_6_, character1_.character_character_name as characte2_6_ from user user0_ inner join characters character1_ on user0_.character_id=character1_.character_id where user0_.user_id=?
Hibernate: select permission0_.character_id as characte6_12_0_, permission0_.permission_id as permissi1_12_0_, permission0_.permission_id as permissi1_12_1_, permission0_.character_id as characte6_12_1_, permission0_.permission_name as permissi2_12_1_, permission0_.permission_permission_unit_id as permissi3_12_1_, permission0_.permission_service as permissi4_12_1_, permission0_.permission_status as permissi5_12_1_ from permission permission0_ where permission0_.character_id=?
Hibernate: select count(*) as col_0_0_ from user user0_ where user0_.user_id=?
Hibernate: select user0_.user_id as user_id1_21_, user0_.character_id as characte7_21_, user0_.user_created_at as user_cre2_21_, user0_.user_name as user_nam3_21_, user0_.user_phone_number as user_pho4_21_, user0_.user_user_id as user_use5_21_, user0_.user_user_password as user_use6_21_ from user user0_ where user0_.user_id=?
Hibernate: select character0_.character_id as characte1_6_0_, character0_.character_character_name as characte2_6_0_ from characters character0_ where character0_.character_id=?
Hibernate: select rewardtagw0_.user_id as user_id4_16_0_, rewardtagw0_.reward_tag_wrapper_reward_id as reward_t1_16_0_, rewardtagw0_.reward_tag_wrapper_reward_id as reward_t1_16_1_, rewardtagw0_.reward_tag_wrapper_reward_presented_at as reward_t2_16_1_, rewardtagw0_.reward_tag_reward_tag_id as reward_t3_16_1_, rewardtagw0_.user_id as user_id4_16_1_ from reward_tag_wrapper rewardtagw0_ where rewardtagw0_.user_id=?
Hibernate: select attendance0_.attendance_user_attendance_user_id as col_0_0_ from attendance_user attendance0_ where attendance0_.user_id=? limit ?
Hibernate: DELETE FROM USER WHERE USER_ID = ?
Hibernate: select user0_.user_id as col_0_0_ from user user0_ where user0_.user_user_id=? limit ?
Hibernate: select user0_.user_id as col_0_0_ from user user0_ where user0_.user_user_id=? limit ?
Hibernate: select user0_.user_id as user_id1_21_, user0_.character_id as characte7_21_, user0_.user_created_at as user_cre2_21_, user0_.user_name as user_nam3_21_, user0_.user_phone_number as user_pho4_21_, user0_.user_user_id as user_use5_21_, user0_.user_user_password as user_use6_21_ from user user0_ inner join characters character1_ on user0_.character_id=character1_.character_id where user0_.user_user_id=?
Hibernate: select character0_.character_id as characte1_6_0_, character0_.character_character_name as characte2_6_0_ from characters character0_ where character0_.character_id=?
Hibernate: select rewardtagw0_.user_id as user_id4_16_0_, rewardtagw0_.reward_tag_wrapper_reward_id as reward_t1_16_0_, rewardtagw0_.reward_tag_wrapper_reward_id as reward_t1_16_1_, rewardtagw0_.reward_tag_wrapper_reward_presented_at as reward_t2_16_1_, rewardtagw0_.reward_tag_reward_tag_id as reward_t3_16_1_, rewardtagw0_.user_id as user_id4_16_1_ from reward_tag_wrapper rewardtagw0_ where rewardtagw0_.user_id=?
Hibernate: select user0_.user_id as user_id1_21_0_, user0_.character_id as characte7_21_0_, user0_.user_created_at as user_cre2_21_0_, user0_.user_name as user_nam3_21_0_, user0_.user_phone_number as user_pho4_21_0_, user0_.user_user_id as user_use5_21_0_, user0_.user_user_password as user_use6_21_0_ from user user0_ where user0_.user_id=?
Hibernate: select character0_.character_id as characte1_6_0_, character0_.character_character_name as characte2_6_0_ from characters character0_ where character0_.character_id=?
Hibernate: select count(*) as col_0_0_ from user user0_ where user0_.user_id=?
Hibernate: select character1_.character_id as characte1_6_, character1_.character_character_name as characte2_6_ from user user0_ inner join characters character1_ on user0_.character_id=character1_.character_id where user0_.user_id=?
Hibernate: select permission0_.character_id as characte6_12_0_, permission0_.permission_id as permissi1_12_0_, permission0_.permission_id as permissi1_12_1_, permission0_.character_id as characte6_12_1_, permission0_.permission_name as permissi2_12_1_, permission0_.permission_permission_unit_id as permissi3_12_1_, permission0_.permission_service as permissi4_12_1_, permission0_.permission_status as permissi5_12_1_ from permission permission0_ where permission0_.character_id=?
Hibernate: select count(*) as col_0_0_ from user user0_ where user0_.user_id=?
Hibernate: select user0_.user_id as user_id1_21_, user0_.character_id as characte7_21_, user0_.user_created_at as user_cre2_21_, user0_.user_name as user_nam3_21_, user0_.user_phone_number as user_pho4_21_, user0_.user_user_id as user_use5_21_, user0_.user_user_password as user_use6_21_ from user user0_ where user0_.user_id=?
Hibernate: select character0_.character_id as characte1_6_0_, character0_.character_character_name as characte2_6_0_ from characters character0_ where character0_.character_id=?
Hibernate: select rewardtagw0_.user_id as user_id4_16_0_, rewardtagw0_.reward_tag_wrapper_reward_id as reward_t1_16_0_, rewardtagw0_.reward_tag_wrapper_reward_id as reward_t1_16_1_, rewardtagw0_.reward_tag_wrapper_reward_presented_at as reward_t2_16_1_, rewardtagw0_.reward_tag_reward_tag_id as reward_t3_16_1_, rewardtagw0_.user_id as user_id4_16_1_ from reward_tag_wrapper rewardtagw0_ where rewardtagw0_.user_id=?
Hibernate: select attendance0_.attendance_user_attendance_user_id as col_0_0_ from attendance_user attendance0_ where attendance0_.user_id=? limit ?
Hibernate: DELETE FROM USER WHERE USER_ID = ?
Hibernate: select user0_.user_id as col_0_0_ from user user0_ where user0_.user_user_id=? limit ?
Hibernate: select user0_.user_id as col_0_0_ from user user0_ where user0_.user_user_id=? limit ?
Hibernate: select user0_.user_id as user_id1_21_, user0_.character_id as characte7_21_, user0_.user_created_at as user_cre2_21_, user0_.user_name as user_nam3_21_, user0_.user_phone_number as user_pho4_21_, user0_.user_user_id as user_use5_21_, user0_.user_user_password as user_use6_21_ from user user0_ inner join characters character1_ on user0_.character_id=character1_.character_id where user0_.user_user_id=?
Hibernate: select character0_.character_id as characte1_6_0_, character0_.character_character_name as characte2_6_0_ from characters character0_ where character0_.character_id=?
Hibernate: select rewardtagw0_.user_id as user_id4_16_0_, rewardtagw0_.reward_tag_wrapper_reward_id as reward_t1_16_0_, rewardtagw0_.reward_tag_wrapper_reward_id as reward_t1_16_1_, rewardtagw0_.reward_tag_wrapper_reward_presented_at as reward_t2_16_1_, rewardtagw0_.reward_tag_reward_tag_id as reward_t3_16_1_, rewardtagw0_.user_id as user_id4_16_1_ from reward_tag_wrapper rewardtagw0_ where rewardtagw0_.user_id=?
Hibernate: select user0_.user_id as user_id1_21_0_, user0_.character_id as characte7_21_0_, user0_.user_created_at as user_cre2_21_0_, user0_.user_name as user_nam3_21_0_, user0_.user_phone_number as user_pho4_21_0_, user0_.user_user_id as user_use5_21_0_, user0_.user_user_password as user_use6_21_0_ from user user0_ where user0_.user_id=?
Hibernate: select character0_.character_id as characte1_6_0_, character0_.character_character_name as characte2_6_0_ from characters character0_ where character0_.character_id=?
Hibernate: select count(*) as col_0_0_ from user user0_ where user0_.user_id=?
Hibernate: select character1_.character_id as characte1_6_, character1_.character_character_name as characte2_6_ from user user0_ inner join characters character1_ on user0_.character_id=character1_.character_id where user0_.user_id=?
Hibernate: select permission0_.character_id as characte6_12_0_, permission0_.permission_id as permissi1_12_0_, permission0_.permission_id as permissi1_12_1_, permission0_.character_id as characte6_12_1_, permission0_.permission_name as permissi2_12_1_, permission0_.permission_permission_unit_id as permissi3_12_1_, permission0_.permission_service as permissi4_12_1_, permission0_.permission_status as permissi5_12_1_ from permission permission0_ where permission0_.character_id=?
Hibernate: select count(*) as col_0_0_ from user user0_ where user0_.user_id=?
Hibernate: select user0_.user_id as user_id1_21_, user0_.character_id as characte7_21_, user0_.user_created_at as user_cre2_21_, user0_.user_name as user_nam3_21_, user0_.user_phone_number as user_pho4_21_, user0_.user_user_id as user_use5_21_, user0_.user_user_password as user_use6_21_ from user user0_ where user0_.user_id=?
Hibernate: select character0_.character_id as characte1_6_0_, character0_.character_character_name as characte2_6_0_ from characters character0_ where character0_.character_id=?
Hibernate: select rewardtagw0_.user_id as user_id4_16_0_, rewardtagw0_.reward_tag_wrapper_reward_id as reward_t1_16_0_, rewardtagw0_.reward_tag_wrapper_reward_id as reward_t1_16_1_, rewardtagw0_.reward_tag_wrapper_reward_presented_at as reward_t2_16_1_, rewardtagw0_.reward_tag_reward_tag_id as reward_t3_16_1_, rewardtagw0_.user_id as user_id4_16_1_ from reward_tag_wrapper rewardtagw0_ where rewardtagw0_.user_id=?
Hibernate: select attendance0_.attendance_user_attendance_user_id as col_0_0_ from attendance_user attendance0_ where attendance0_.user_id=? limit ?
Hibernate: DELETE FROM USER WHERE USER_ID = ?
Hibernate: select user0_.user_id as col_0_0_ from user user0_ where user0_.user_user_id=? limit ?
Hibernate: select user0_.user_id as col_0_0_ from user user0_ where user0_.user_user_id=? limit ?
Hibernate: select user0_.user_id as user_id1_21_, user0_.character_id as characte7_21_, user0_.user_created_at as user_cre2_21_, user0_.user_name as user_nam3_21_, user0_.user_phone_number as user_pho4_21_, user0_.user_user_id as user_use5_21_, user0_.user_user_password as user_use6_21_ from user user0_ inner join characters character1_ on user0_.character_id=character1_.character_id where user0_.user_user_id=?
Hibernate: select character0_.character_id as characte1_6_0_, character0_.character_character_name as characte2_6_0_ from characters character0_ where character0_.character_id=?
Hibernate: select rewardtagw0_.user_id as user_id4_16_0_, rewardtagw0_.reward_tag_wrapper_reward_id as reward_t1_16_0_, rewardtagw0_.reward_tag_wrapper_reward_id as reward_t1_16_1_, rewardtagw0_.reward_tag_wrapper_reward_presented_at as reward_t2_16_1_, rewardtagw0_.reward_tag_reward_tag_id as reward_t3_16_1_, rewardtagw0_.user_id as user_id4_16_1_ from reward_tag_wrapper rewardtagw0_ where rewardtagw0_.user_id=?
Hibernate: select user0_.user_id as user_id1_21_0_, user0_.character_id as characte7_21_0_, user0_.user_created_at as user_cre2_21_0_, user0_.user_name as user_nam3_21_0_, user0_.user_phone_number as user_pho4_21_0_, user0_.user_user_id as user_use5_21_0_, user0_.user_user_password as user_use6_21_0_ from user user0_ where user0_.user_id=?
Hibernate: select character0_.character_id as characte1_6_0_, character0_.character_character_name as characte2_6_0_ from characters character0_ where character0_.character_id=?
Hibernate: select count(*) as col_0_0_ from user user0_ where user0_.user_id=?
Hibernate: select character1_.character_id as characte1_6_, character1_.character_character_name as characte2_6_ from user user0_ inner join characters character1_ on user0_.character_id=character1_.character_id where user0_.user_id=?
Hibernate: select permission0_.character_id as characte6_12_0_, permission0_.permission_id as permissi1_12_0_, permission0_.permission_id as permissi1_12_1_, permission0_.character_id as characte6_12_1_, permission0_.permission_name as permissi2_12_1_, permission0_.permission_permission_unit_id as permissi3_12_1_, permission0_.permission_service as permissi4_12_1_, permission0_.permission_status as permissi5_12_1_ from permission permission0_ where permission0_.character_id=?
Hibernate: select count(*) as col_0_0_ from user user0_ where user0_.user_id=?
Hibernate: select user0_.user_id as user_id1_21_, user0_.character_id as characte7_21_, user0_.user_created_at as user_cre2_21_, user0_.user_name as user_nam3_21_, user0_.user_phone_number as user_pho4_21_, user0_.user_user_id as user_use5_21_, user0_.user_user_password as user_use6_21_ from user user0_ where user0_.user_id=?
Hibernate: select character0_.character_id as characte1_6_0_, character0_.character_character_name as characte2_6_0_ from characters character0_ where character0_.character_id=?
Hibernate: select rewardtagw0_.user_id as user_id4_16_0_, rewardtagw0_.reward_tag_wrapper_reward_id as reward_t1_16_0_, rewardtagw0_.reward_tag_wrapper_reward_id as reward_t1_16_1_, rewardtagw0_.reward_tag_wrapper_reward_presented_at as reward_t2_16_1_, rewardtagw0_.reward_tag_reward_tag_id as reward_t3_16_1_, rewardtagw0_.user_id as user_id4_16_1_ from reward_tag_wrapper rewardtagw0_ where rewardtagw0_.user_id=?
Hibernate: select attendance0_.attendance_user_attendance_user_id as col_0_0_ from attendance_user attendance0_ where attendance0_.user_id=? limit ?
Hibernate: DELETE FROM USER WHERE USER_ID = ?
Hibernate: select user0_.user_id as col_0_0_ from user user0_ where user0_.user_user_id=? limit ?
Hibernate: select user0_.user_id as col_0_0_ from user user0_ where user0_.user_user_id=? limit ?
Hibernate: select user0_.user_id as user_id1_21_, user0_.character_id as characte7_21_, user0_.user_created_at as user_cre2_21_, user0_.user_name as user_nam3_21_, user0_.user_phone_number as user_pho4_21_, user0_.user_user_id as user_use5_21_, user0_.user_user_password as user_use6_21_ from user user0_ inner join characters character1_ on user0_.character_id=character1_.character_id where user0_.user_user_id=?
Hibernate: select character0_.character_id as characte1_6_0_, character0_.character_character_name as characte2_6_0_ from characters character0_ where character0_.character_id=?
Hibernate: select rewardtagw0_.user_id as user_id4_16_0_, rewardtagw0_.reward_tag_wrapper_reward_id as reward_t1_16_0_, rewardtagw0_.reward_tag_wrapper_reward_id as reward_t1_16_1_, rewardtagw0_.reward_tag_wrapper_reward_presented_at as reward_t2_16_1_, rewardtagw0_.reward_tag_reward_tag_id as reward_t3_16_1_, rewardtagw0_.user_id as user_id4_16_1_ from reward_tag_wrapper rewardtagw0_ where rewardtagw0_.user_id=?
Hibernate: select user0_.user_id as user_id1_21_0_, user0_.character_id as characte7_21_0_, user0_.user_created_at as user_cre2_21_0_, user0_.user_name as user_nam3_21_0_, user0_.user_phone_number as user_pho4_21_0_, user0_.user_user_id as user_use5_21_0_, user0_.user_user_password as user_use6_21_0_ from user user0_ where user0_.user_id=?
Hibernate: select character0_.character_id as characte1_6_0_, character0_.character_character_name as characte2_6_0_ from characters character0_ where character0_.character_id=?
Hibernate: select count(*) as col_0_0_ from user user0_ where user0_.user_id=?
Hibernate: select character1_.character_id as characte1_6_, character1_.character_character_name as characte2_6_ from user user0_ inner join characters character1_ on user0_.character_id=character1_.character_id where user0_.user_id=?
Hibernate: select permission0_.character_id as characte6_12_0_, permission0_.permission_id as permissi1_12_0_, permission0_.permission_id as permissi1_12_1_, permission0_.character_id as characte6_12_1_, permission0_.permission_name as permissi2_12_1_, permission0_.permission_permission_unit_id as permissi3_12_1_, permission0_.permission_service as permissi4_12_1_, permission0_.permission_status as permissi5_12_1_ from permission permission0_ where permission0_.character_id=?
Hibernate: select count(*) as col_0_0_ from user user0_ where user0_.user_id=?
Hibernate: select user0_.user_id as user_id1_21_, user0_.character_id as characte7_21_, user0_.user_created_at as user_cre2_21_, user0_.user_name as user_nam3_21_, user0_.user_phone_number as user_pho4_21_, user0_.user_user_id as user_use5_21_, user0_.user_user_password as user_use6_21_ from user user0_ where user0_.user_id=?
Hibernate: select character0_.character_id as characte1_6_0_, character0_.character_character_name as characte2_6_0_ from characters character0_ where character0_.character_id=?
Hibernate: select rewardtagw0_.user_id as user_id4_16_0_, rewardtagw0_.reward_tag_wrapper_reward_id as reward_t1_16_0_, rewardtagw0_.reward_tag_wrapper_reward_id as reward_t1_16_1_, rewardtagw0_.reward_tag_wrapper_reward_presented_at as reward_t2_16_1_, rewardtagw0_.reward_tag_reward_tag_id as reward_t3_16_1_, rewardtagw0_.user_id as user_id4_16_1_ from reward_tag_wrapper rewardtagw0_ where rewardtagw0_.user_id=?
Hibernate: select attendance0_.attendance_user_attendance_user_id as col_0_0_ from attendance_user attendance0_ where attendance0_.user_id=? limit ?
Hibernate: DELETE FROM USER WHERE USER_ID = ?
Hibernate: select user0_.user_id as col_0_0_ from user user0_ where user0_.user_user_id=? limit ?
Hibernate: select user0_.user_id as col_0_0_ from user user0_ where user0_.user_user_id=? limit ?
Hibernate: select user0_.user_id as col_0_0_ from user user0_ where user0_.user_user_id=? limit ?
Hibernate: select U.* from USER U where U.USER_USER_ID =?
Hibernate: select character0_.character_id as characte1_6_0_, character0_.character_character_name as characte2_6_0_ from characters character0_ where character0_.character_id=?
Hibernate: select user0_.user_id as user_id1_21_0_, user0_.character_id as characte7_21_0_, user0_.user_created_at as user_cre2_21_0_, user0_.user_name as user_nam3_21_0_, user0_.user_phone_number as user_pho4_21_0_, user0_.user_user_id as user_use5_21_0_, user0_.user_user_password as user_use6_21_0_ from user user0_ where user0_.user_id=?
Hibernate: select character0_.character_id as characte1_6_0_, character0_.character_character_name as characte2_6_0_ from characters character0_ where character0_.character_id=?
Hibernate: select count(*) as col_0_0_ from team_building teambuildi0_
Hibernate: select count(*) as col_0_0_ from team_building teambuildi0_
Hibernate: select user0_.user_id as col_0_0_ from user user0_ where user0_.user_user_id=? limit ?
Hibernate: select user0_.user_id as col_0_0_ from user user0_ where user0_.user_user_id=? limit ?
Hibernate: select U.* from USER U where U.USER_USER_ID =?
Hibernate: select character0_.character_id as characte1_6_0_, character0_.character_character_name as characte2_6_0_ from characters character0_ where character0_.character_id=?
Hibernate: select user0_.user_id as col_0_0_ from user user0_ where user0_.user_user_id=? limit ?
Hibernate: select user0_.user_id as col_0_0_ from user user0_ where user0_.user_user_id=? limit ?
Hibernate: select U.* from USER U where U.USER_USER_ID =?
Hibernate: select character0_.character_id as characte1_6_0_, character0_.character_character_name as characte2_6_0_ from characters character0_ where character0_.character_id=?
Hibernate: select user0_.user_id as col_0_0_ from user user0_ where user0_.user_user_id=? limit ?
Hibernate: select user0_.user_id as col_0_0_ from user user0_ where user0_.user_user_id=? limit ?
Hibernate: select U.* from USER U where U.USER_USER_ID =?
Hibernate: select character0_.character_id as characte1_6_0_, character0_.character_character_name as characte2_6_0_ from characters character0_ where character0_.character_id=?
Hibernate: select user0_.user_id as col_0_0_ from user user0_ where user0_.user_user_id=? limit ?
Hibernate: select userjoinin0_.user_joining_pool_id as col_0_0_ from user_joining_pool userjoinin0_ where userjoinin0_.user_user_id=? limit ?
Hibernate: select character0_.character_id as col_0_0_ from characters character0_ where character0_.character_character_name=? limit ?
Hibernate: insert into user_joining_pool (user_joining_pool_id, user_created_at, user_name, user_phone_number, user_user_id, user_user_password) values (default, ?, ?, ?, ?, ?)
Hibernate: select user0_.user_id as user_id1_21_0_, user0_.character_id as characte7_21_0_, user0_.user_created_at as user_cre2_21_0_, user0_.user_name as user_nam3_21_0_, user0_.user_phone_number as user_pho4_21_0_, user0_.user_user_id as user_use5_21_0_, user0_.user_user_password as user_use6_21_0_ from user user0_ where user0_.user_id=?
Hibernate: select character0_.character_id as characte1_6_0_, character0_.character_character_name as characte2_6_0_ from characters character0_ where character0_.character_id=?
Hibernate: select count(*) as col_0_0_ from user user0_ where user0_.user_id=?
Hibernate: select character1_.character_id as characte1_6_, character1_.character_character_name as characte2_6_ from user user0_ inner join characters character1_ on user0_.character_id=character1_.character_id where user0_.user_id=?
Hibernate: select permission0_.character_id as characte6_12_0_, permission0_.permission_id as permissi1_12_0_, permission0_.permission_id as permissi1_12_1_, permission0_.character_id as characte6_12_1_, permission0_.permission_name as permissi2_12_1_, permission0_.permission_permission_unit_id as permissi3_12_1_, permission0_.permission_service as permissi4_12_1_, permission0_.permission_status as permissi5_12_1_ from permission permission0_ where permission0_.character_id=?
Hibernate: select userjoinin0_.user_joining_pool_id as col_0_0_ from user_joining_pool userjoinin0_ where userjoinin0_.user_user_id=? limit ?
Hibernate: select userjoinin0_.user_joining_pool_id as user_joi1_22_, userjoinin0_.user_created_at as user_cre2_22_, userjoinin0_.user_name as user_nam3_22_, userjoinin0_.user_phone_number as user_pho4_22_, userjoinin0_.user_user_id as user_use5_22_, userjoinin0_.user_user_password as user_use6_22_ from user_joining_pool userjoinin0_ where userjoinin0_.user_user_id=?
Hibernate: select character0_.character_id as characte1_6_, character0_.character_character_name as characte2_6_ from characters character0_ where character0_.character_character_name=?
Hibernate: insert into user (user_id, character_id, user_created_at, user_name, user_phone_number, user_user_id, user_user_password) values (default, ?, ?, ?, ?, ?, ?)
Hibernate: DELETE FROM USER_JOINING_POOL as JU where JU.USER_USER_ID =?
Hibernate: select user0_.user_id as col_0_0_ from user user0_ where user0_.user_user_id=? limit ?
Hibernate: select user0_.user_id as col_0_0_ from user user0_ where user0_.user_user_id=? limit ?
Hibernate: select U.* from USER U where U.USER_USER_ID =?
Hibernate: select character0_.character_id as characte1_6_0_, character0_.character_character_name as characte2_6_0_ from characters character0_ where character0_.character_id=?
Hibernate: select user0_.user_id as col_0_0_ from user user0_ where user0_.user_user_id=? limit ?
Hibernate: select userjoinin0_.user_joining_pool_id as col_0_0_ from user_joining_pool userjoinin0_ where userjoinin0_.user_user_id=? limit ?
Hibernate: select character0_.character_id as col_0_0_ from characters character0_ where character0_.character_character_name=? limit ?
Hibernate: insert into user_joining_pool (user_joining_pool_id, user_created_at, user_name, user_phone_number, user_user_id, user_user_password) values (default, ?, ?, ?, ?, ?)
Hibernate: select user0_.user_id as user_id1_21_0_, user0_.character_id as characte7_21_0_, user0_.user_created_at as user_cre2_21_0_, user0_.user_name as user_nam3_21_0_, user0_.user_phone_number as user_pho4_21_0_, user0_.user_user_id as user_use5_21_0_, user0_.user_user_password as user_use6_21_0_ from user user0_ where user0_.user_id=?
Hibernate: select character0_.character_id as characte1_6_0_, character0_.character_character_name as characte2_6_0_ from characters character0_ where character0_.character_id=?
Hibernate: select count(*) as col_0_0_ from user user0_ where user0_.user_id=?
Hibernate: select character1_.character_id as characte1_6_, character1_.character_character_name as characte2_6_ from user user0_ inner join characters character1_ on user0_.character_id=character1_.character_id where user0_.user_id=?
Hibernate: select permission0_.character_id as characte6_12_0_, permission0_.permission_id as permissi1_12_0_, permission0_.permission_id as permissi1_12_1_, permission0_.character_id as characte6_12_1_, permission0_.permission_name as permissi2_12_1_, permission0_.permission_permission_unit_id as permissi3_12_1_, permission0_.permission_service as permissi4_12_1_, permission0_.permission_status as permissi5_12_1_ from permission permission0_ where permission0_.character_id=?
Hibernate: select userjoinin0_.user_joining_pool_id as col_0_0_ from user_joining_pool userjoinin0_ where userjoinin0_.user_user_id=? limit ?
Hibernate: select userjoinin0_.user_joining_pool_id as user_joi1_22_, userjoinin0_.user_created_at as user_cre2_22_, userjoinin0_.user_name as user_nam3_22_, userjoinin0_.user_phone_number as user_pho4_22_, userjoinin0_.user_user_id as user_use5_22_, userjoinin0_.user_user_password as user_use6_22_ from user_joining_pool userjoinin0_ where userjoinin0_.user_user_id=?
Hibernate: select character0_.character_id as characte1_6_, character0_.character_character_name as characte2_6_ from characters character0_ where character0_.character_character_name=?
Hibernate: insert into user (user_id, character_id, user_created_at, user_name, user_phone_number, user_user_id, user_user_password) values (default, ?, ?, ?, ?, ?, ?)
Hibernate: DELETE FROM USER_JOINING_POOL as JU where JU.USER_USER_ID =?
Hibernate: select user0_.user_id as col_0_0_ from user user0_ where user0_.user_user_id=? limit ?
Hibernate: select user0_.user_id as col_0_0_ from user user0_ where user0_.user_user_id=? limit ?
Hibernate: select U.* from USER U where U.USER_USER_ID =?
Hibernate: select character0_.character_id as characte1_6_0_, character0_.character_character_name as characte2_6_0_ from characters character0_ where character0_.character_id=?
Hibernate: select user0_.user_id as col_0_0_ from user user0_ where user0_.user_user_id=? limit ?
Hibernate: select userjoinin0_.user_joining_pool_id as col_0_0_ from user_joining_pool userjoinin0_ where userjoinin0_.user_user_id=? limit ?
Hibernate: select character0_.character_id as col_0_0_ from characters character0_ where character0_.character_character_name=? limit ?
Hibernate: insert into user_joining_pool (user_joining_pool_id, user_created_at, user_name, user_phone_number, user_user_id, user_user_password) values (default, ?, ?, ?, ?, ?)
Hibernate: select user0_.user_id as user_id1_21_0_, user0_.character_id as characte7_21_0_, user0_.user_created_at as user_cre2_21_0_, user0_.user_name as user_nam3_21_0_, user0_.user_phone_number as user_pho4_21_0_, user0_.user_user_id as user_use5_21_0_, user0_.user_user_password as user_use6_21_0_ from user user0_ where user0_.user_id=?
Hibernate: select character0_.character_id as characte1_6_0_, character0_.character_character_name as characte2_6_0_ from characters character0_ where character0_.character_id=?
Hibernate: select count(*) as col_0_0_ from user user0_ where user0_.user_id=?
Hibernate: select character1_.character_id as characte1_6_, character1_.character_character_name as characte2_6_ from user user0_ inner join characters character1_ on user0_.character_id=character1_.character_id where user0_.user_id=?
Hibernate: select permission0_.character_id as characte6_12_0_, permission0_.permission_id as permissi1_12_0_, permission0_.permission_id as permissi1_12_1_, permission0_.character_id as characte6_12_1_, permission0_.permission_name as permissi2_12_1_, permission0_.permission_permission_unit_id as permissi3_12_1_, permission0_.permission_service as permissi4_12_1_, permission0_.permission_status as permissi5_12_1_ from permission permission0_ where permission0_.character_id=?
Hibernate: select userjoinin0_.user_joining_pool_id as col_0_0_ from user_joining_pool userjoinin0_ where userjoinin0_.user_user_id=? limit ?
Hibernate: select userjoinin0_.user_joining_pool_id as user_joi1_22_, userjoinin0_.user_created_at as user_cre2_22_, userjoinin0_.user_name as user_nam3_22_, userjoinin0_.user_phone_number as user_pho4_22_, userjoinin0_.user_user_id as user_use5_22_, userjoinin0_.user_user_password as user_use6_22_ from user_joining_pool userjoinin0_ where userjoinin0_.user_user_id=?
Hibernate: select character0_.character_id as characte1_6_, character0_.character_character_name as characte2_6_ from characters character0_ where character0_.character_character_name=?
Hibernate: insert into user (user_id, character_id, user_created_at, user_name, user_phone_number, user_user_id, user_user_password) values (default, ?, ?, ?, ?, ?, ?)
Hibernate: DELETE FROM USER_JOINING_POOL as JU where JU.USER_USER_ID =?
Hibernate: select user0_.user_id as col_0_0_ from user user0_ where user0_.user_user_id=? limit ?
Hibernate: select user0_.user_id as col_0_0_ from user user0_ where user0_.user_user_id=? limit ?
Hibernate: select U.* from USER U where U.USER_USER_ID =?
Hibernate: select character0_.character_id as characte1_6_0_, character0_.character_character_name as characte2_6_0_ from characters character0_ where character0_.character_id=?
Hibernate: select user0_.user_id as col_0_0_ from user user0_ where user0_.user_user_id=? limit ?
Hibernate: select userjoinin0_.user_joining_pool_id as col_0_0_ from user_joining_pool userjoinin0_ where userjoinin0_.user_user_id=? limit ?
Hibernate: select character0_.character_id as col_0_0_ from characters character0_ where character0_.character_character_name=? limit ?
Hibernate: insert into user_joining_pool (user_joining_pool_id, user_created_at, user_name, user_phone_number, user_user_id, user_user_password) values (default, ?, ?, ?, ?, ?)
Hibernate: select user0_.user_id as user_id1_21_0_, user0_.character_id as characte7_21_0_, user0_.user_created_at as user_cre2_21_0_, user0_.user_name as user_nam3_21_0_, user0_.user_phone_number as user_pho4_21_0_, user0_.user_user_id as user_use5_21_0_, user0_.user_user_password as user_use6_21_0_ from user user0_ where user0_.user_id=?
Hibernate: select character0_.character_id as characte1_6_0_, character0_.character_character_name as characte2_6_0_ from characters character0_ where character0_.character_id=?
Hibernate: select count(*) as col_0_0_ from user user0_ where user0_.user_id=?
Hibernate: select character1_.character_id as characte1_6_, character1_.character_character_name as characte2_6_ from user user0_ inner join characters character1_ on user0_.character_id=character1_.character_id where user0_.user_id=?
Hibernate: select permission0_.character_id as characte6_12_0_, permission0_.permission_id as permissi1_12_0_, permission0_.permission_id as permissi1_12_1_, permission0_.character_id as characte6_12_1_, permission0_.permission_name as permissi2_12_1_, permission0_.permission_permission_unit_id as permissi3_12_1_, permission0_.permission_service as permissi4_12_1_, permission0_.permission_status as permissi5_12_1_ from permission permission0_ where permission0_.character_id=?
Hibernate: select userjoinin0_.user_joining_pool_id as col_0_0_ from user_joining_pool userjoinin0_ where userjoinin0_.user_user_id=? limit ?
Hibernate: select userjoinin0_.user_joining_pool_id as user_joi1_22_, userjoinin0_.user_created_at as user_cre2_22_, userjoinin0_.user_name as user_nam3_22_, userjoinin0_.user_phone_number as user_pho4_22_, userjoinin0_.user_user_id as user_use5_22_, userjoinin0_.user_user_password as user_use6_22_ from user_joining_pool userjoinin0_ where userjoinin0_.user_user_id=?
Hibernate: select character0_.character_id as characte1_6_, character0_.character_character_name as characte2_6_ from characters character0_ where character0_.character_character_name=?
Hibernate: insert into user (user_id, character_id, user_created_at, user_name, user_phone_number, user_user_id, user_user_password) values (default, ?, ?, ?, ?, ?, ?)
Hibernate: DELETE FROM USER_JOINING_POOL as JU where JU.USER_USER_ID =?
Hibernate: select user0_.user_id as col_0_0_ from user user0_ where user0_.user_user_id=? limit ?
Hibernate: select user0_.user_id as col_0_0_ from user user0_ where user0_.user_user_id=? limit ?
Hibernate: select U.* from USER U where U.USER_USER_ID =?
Hibernate: select character0_.character_id as characte1_6_0_, character0_.character_character_name as characte2_6_0_ from characters character0_ where character0_.character_id=?
Hibernate: select user0_.user_id as col_0_0_ from user user0_ where user0_.user_user_id=? limit ?
Hibernate: select userjoinin0_.user_joining_pool_id as col_0_0_ from user_joining_pool userjoinin0_ where userjoinin0_.user_user_id=? limit ?
Hibernate: select character0_.character_id as col_0_0_ from characters character0_ where character0_.character_character_name=? limit ?
Hibernate: insert into user_joining_pool (user_joining_pool_id, user_created_at, user_name, user_phone_number, user_user_id, user_user_password) values (default, ?, ?, ?, ?, ?)
Hibernate: select user0_.user_id as user_id1_21_0_, user0_.character_id as characte7_21_0_, user0_.user_created_at as user_cre2_21_0_, user0_.user_name as user_nam3_21_0_, user0_.user_phone_number as user_pho4_21_0_, user0_.user_user_id as user_use5_21_0_, user0_.user_user_password as user_use6_21_0_ from user user0_ where user0_.user_id=?
Hibernate: select character0_.character_id as characte1_6_0_, character0_.character_character_name as characte2_6_0_ from characters character0_ where character0_.character_id=?
Hibernate: select count(*) as col_0_0_ from user user0_ where user0_.user_id=?
Hibernate: select character1_.character_id as characte1_6_, character1_.character_character_name as characte2_6_ from user user0_ inner join characters character1_ on user0_.character_id=character1_.character_id where user0_.user_id=?
Hibernate: select permission0_.character_id as characte6_12_0_, permission0_.permission_id as permissi1_12_0_, permission0_.permission_id as permissi1_12_1_, permission0_.character_id as characte6_12_1_, permission0_.permission_name as permissi2_12_1_, permission0_.permission_permission_unit_id as permissi3_12_1_, permission0_.permission_service as permissi4_12_1_, permission0_.permission_status as permissi5_12_1_ from permission permission0_ where permission0_.character_id=?
Hibernate: select userjoinin0_.user_joining_pool_id as col_0_0_ from user_joining_pool userjoinin0_ where userjoinin0_.user_user_id=? limit ?
Hibernate: select userjoinin0_.user_joining_pool_id as user_joi1_22_, userjoinin0_.user_created_at as user_cre2_22_, userjoinin0_.user_name as user_nam3_22_, userjoinin0_.user_phone_number as user_pho4_22_, userjoinin0_.user_user_id as user_use5_22_, userjoinin0_.user_user_password as user_use6_22_ from user_joining_pool userjoinin0_ where userjoinin0_.user_user_id=?
Hibernate: select character0_.character_id as characte1_6_, character0_.character_character_name as characte2_6_ from characters character0_ where character0_.character_character_name=?
Hibernate: insert into user (user_id, character_id, user_created_at, user_name, user_phone_number, user_user_id, user_user_password) values (default, ?, ?, ?, ?, ?, ?)
Hibernate: DELETE FROM USER_JOINING_POOL as JU where JU.USER_USER_ID =?
Hibernate: select user0_.user_id as user_id1_21_0_, user0_.character_id as characte7_21_0_, user0_.user_created_at as user_cre2_21_0_, user0_.user_name as user_nam3_21_0_, user0_.user_phone_number as user_pho4_21_0_, user0_.user_user_id as user_use5_21_0_, user0_.user_user_password as user_use6_21_0_ from user user0_ where user0_.user_id=?
Hibernate: select character0_.character_id as characte1_6_0_, character0_.character_character_name as characte2_6_0_ from characters character0_ where character0_.character_id=?
Hibernate: select count(*) as col_0_0_ from user user0_ where user0_.user_id=?
Hibernate: select character1_.character_id as characte1_6_, character1_.character_character_name as characte2_6_ from user user0_ inner join characters character1_ on user0_.character_id=character1_.character_id where user0_.user_id=?
Hibernate: select permission0_.character_id as characte6_12_0_, permission0_.permission_id as permissi1_12_0_, permission0_.permission_id as permissi1_12_1_, permission0_.character_id as characte6_12_1_, permission0_.permission_name as permissi2_12_1_, permission0_.permission_permission_unit_id as permissi3_12_1_, permission0_.permission_service as permissi4_12_1_, permission0_.permission_status as permissi5_12_1_ from permission permission0_ where permission0_.character_id=?
Hibernate: select user0_.user_id as col_0_0_ from user user0_ where user0_.user_user_id=? limit ?
Hibernate: select user0_.user_id as col_0_0_ from user user0_ where user0_.user_user_id=? limit ?
Hibernate: select user0_.user_id as col_0_0_ from user user0_ where user0_.user_user_id=? limit ?
Hibernate: select user0_.user_id as col_0_0_ from user user0_ where user0_.user_user_id=? limit ?
Hibernate: select user0_.user_id as col_0_0_ from user user0_ where user0_.user_user_id=? limit ?
Hibernate: select user0_.user_id as user_id1_21_, user0_.character_id as characte7_21_, user0_.user_created_at as user_cre2_21_, user0_.user_name as user_nam3_21_, user0_.user_phone_number as user_pho4_21_, user0_.user_user_id as user_use5_21_, user0_.user_user_password as user_use6_21_ from user user0_ inner join characters character1_ on user0_.character_id=character1_.character_id where user0_.user_user_id=?
Hibernate: select character0_.character_id as characte1_6_0_, character0_.character_character_name as characte2_6_0_ from characters character0_ where character0_.character_id=?
Hibernate: select user0_.user_id as user_id1_21_, user0_.character_id as characte7_21_, user0_.user_created_at as user_cre2_21_, user0_.user_name as user_nam3_21_, user0_.user_phone_number as user_pho4_21_, user0_.user_user_id as user_use5_21_, user0_.user_user_password as user_use6_21_ from user user0_ inner join characters character1_ on user0_.character_id=character1_.character_id where user0_.user_user_id=?
Hibernate: select user0_.user_id as user_id1_21_, user0_.character_id as characte7_21_, user0_.user_created_at as user_cre2_21_, user0_.user_name as user_nam3_21_, user0_.user_phone_number as user_pho4_21_, user0_.user_user_id as user_use5_21_, user0_.user_user_password as user_use6_21_ from user user0_ inner join characters character1_ on user0_.character_id=character1_.character_id where user0_.user_user_id=?
Hibernate: select user0_.user_id as user_id1_21_, user0_.character_id as characte7_21_, user0_.user_created_at as user_cre2_21_, user0_.user_name as user_nam3_21_, user0_.user_phone_number as user_pho4_21_, user0_.user_user_id as user_use5_21_, user0_.user_user_password as user_use6_21_ from user user0_ inner join characters character1_ on user0_.character_id=character1_.character_id where user0_.user_user_id=?
Hibernate: select user0_.user_id as user_id1_21_, user0_.character_id as characte7_21_, user0_.user_created_at as user_cre2_21_, user0_.user_name as user_nam3_21_, user0_.user_phone_number as user_pho4_21_, user0_.user_user_id as user_use5_21_, user0_.user_user_password as user_use6_21_ from user user0_ inner join characters character1_ on user0_.character_id=character1_.character_id where user0_.user_user_id=?
Hibernate: insert into team_building (team_building_team_building_id, team_building_created_at, team_building_last_modified_at, team_building_team_building_title) values (default, ?, ?, ?)
Hibernate: insert into team (team_team_id, team_last_modified_at, team_building_team_building_id, team_team_name) values (default, ?, ?, ?)
Hibernate: insert into team_user (team_user_id, team_team_id, user_id) values (default, ?, ?)
Hibernate: insert into team_user (team_user_id, team_team_id, user_id) values (default, ?, ?)
Hibernate: insert into team_user (team_user_id, team_team_id, user_id) values (default, ?, ?)
Hibernate: insert into team (team_team_id, team_last_modified_at, team_building_team_building_id, team_team_name) values (default, ?, ?, ?)
Hibernate: insert into team_user (team_user_id, team_team_id, user_id) values (default, ?, ?)
Hibernate: insert into team_user (team_user_id, team_team_id, user_id) values (default, ?, ?)
Hibernate: select user0_.user_id as user_id1_21_0_, user0_.character_id as characte7_21_0_, user0_.user_created_at as user_cre2_21_0_, user0_.user_name as user_nam3_21_0_, user0_.user_phone_number as user_pho4_21_0_, user0_.user_user_id as user_use5_21_0_, user0_.user_user_password as user_use6_21_0_ from user user0_ where user0_.user_id=?
Hibernate: select character0_.character_id as characte1_6_0_, character0_.character_character_name as characte2_6_0_ from characters character0_ where character0_.character_id=?
Hibernate: select count(*) as col_0_0_ from team_building teambuildi0_
Hibernate: select count(*) as col_0_0_ from team_building teambuildi0_
Hibernate: select teambuildi0_.team_building_team_building_id as team_bui1_19_, teambuildi0_.team_building_created_at as team_bui2_19_, teambuildi0_.team_building_last_modified_at as team_bui3_19_, teambuildi0_.team_building_team_building_title as team_bui4_19_ from team_building teambuildi0_ order by teambuildi0_.team_building_created_at desc, teambuildi0_.team_building_team_building_id desc limit ?
Hibernate: select teamlist0_.team_building_team_building_id as team_bui4_18_0_, teamlist0_.team_team_id as team_tea1_18_0_, teamlist0_.team_team_id as team_tea1_18_1_, teamlist0_.team_last_modified_at as team_las2_18_1_, teamlist0_.team_building_team_building_id as team_bui4_18_1_, teamlist0_.team_team_name as team_tea3_18_1_ from team teamlist0_ where teamlist0_.team_building_team_building_id=?
Hibernate: select teamuserli0_.team_team_id as team_tea2_20_0_, teamuserli0_.team_user_id as team_use1_20_0_, teamuserli0_.team_user_id as team_use1_20_1_, teamuserli0_.team_team_id as team_tea2_20_1_, teamuserli0_.user_id as user_id3_20_1_ from team_user teamuserli0_ where teamuserli0_.team_team_id=?
Hibernate: select user0_.user_id as user_id1_21_0_, user0_.character_id as characte7_21_0_, user0_.user_created_at as user_cre2_21_0_, user0_.user_name as user_nam3_21_0_, user0_.user_phone_number as user_pho4_21_0_, user0_.user_user_id as user_use5_21_0_, user0_.user_user_password as user_use6_21_0_ from user user0_ where user0_.user_id=?
Hibernate: select character0_.character_id as characte1_6_0_, character0_.character_character_name as characte2_6_0_ from characters character0_ where character0_.character_id=?
Hibernate: select user0_.user_id as user_id1_21_0_, user0_.character_id as characte7_21_0_, user0_.user_created_at as user_cre2_21_0_, user0_.user_name as user_nam3_21_0_, user0_.user_phone_number as user_pho4_21_0_, user0_.user_user_id as user_use5_21_0_, user0_.user_user_password as user_use6_21_0_ from user user0_ where user0_.user_id=?
Hibernate: select user0_.user_id as user_id1_21_0_, user0_.character_id as characte7_21_0_, user0_.user_created_at as user_cre2_21_0_, user0_.user_name as user_nam3_21_0_, user0_.user_phone_number as user_pho4_21_0_, user0_.user_user_id as user_use5_21_0_, user0_.user_user_password as user_use6_21_0_ from user user0_ where user0_.user_id=?
Hibernate: select teamuserli0_.team_team_id as team_tea2_20_0_, teamuserli0_.team_user_id as team_use1_20_0_, teamuserli0_.team_user_id as team_use1_20_1_, teamuserli0_.team_team_id as team_tea2_20_1_, teamuserli0_.user_id as user_id3_20_1_ from team_user teamuserli0_ where teamuserli0_.team_team_id=?
Hibernate: select user0_.user_id as user_id1_21_0_, user0_.character_id as characte7_21_0_, user0_.user_created_at as user_cre2_21_0_, user0_.user_name as user_nam3_21_0_, user0_.user_phone_number as user_pho4_21_0_, user0_.user_user_id as user_use5_21_0_, user0_.user_user_password as user_use6_21_0_ from user user0_ where user0_.user_id=?
Hibernate: select user0_.user_id as user_id1_21_0_, user0_.character_id as characte7_21_0_, user0_.user_created_at as user_cre2_21_0_, user0_.user_name as user_nam3_21_0_, user0_.user_phone_number as user_pho4_21_0_, user0_.user_user_id as user_use5_21_0_, user0_.user_user_password as user_use6_21_0_ from user user0_ where user0_.user_id=?
Hibernate: select user0_.user_id as user_id1_21_0_, user0_.character_id as characte7_21_0_, user0_.user_created_at as user_cre2_21_0_, user0_.user_name as user_nam3_21_0_, user0_.user_phone_number as user_pho4_21_0_, user0_.user_user_id as user_use5_21_0_, user0_.user_user_password as user_use6_21_0_ from user user0_ where user0_.user_id=?
Hibernate: select character0_.character_id as characte1_6_0_, character0_.character_character_name as characte2_6_0_ from characters character0_ where character0_.character_id=?
Hibernate: select count(*) as col_0_0_ from user user0_ where user0_.user_id=?
Hibernate: select character1_.character_id as characte1_6_, character1_.character_character_name as characte2_6_ from user user0_ inner join characters character1_ on user0_.character_id=character1_.character_id where user0_.user_id=?
Hibernate: select permission0_.character_id as characte6_12_0_, permission0_.permission_id as permissi1_12_0_, permission0_.permission_id as permissi1_12_1_, permission0_.character_id as characte6_12_1_, permission0_.permission_name as permissi2_12_1_, permission0_.permission_permission_unit_id as permissi3_12_1_, permission0_.permission_service as permissi4_12_1_, permission0_.permission_status as permissi5_12_1_ from permission permission0_ where permission0_.character_id=?
Hibernate: select count(*) as col_0_0_ from team_building teambuildi0_ where teambuildi0_.team_building_team_building_id=?

MockHttpServletRequest:
      HTTP Method = PATCH
      Request URI = /teambuilding/group/9
       Parameters = {}
          Headers = [Content-Type:"application/json;charset=UTF-8", Accept:"application/json", api-version:"1.0", Authorization:"Bearer eyJhbGciOiJIUzI1NiJ9.eyJzdWIiOiIxIiwiaWF0IjoxNjg3ODc3NDY4LCJleHAiOjE2ODc4ODEwNjh9.L4tO6_dDAW_EBZT75Jfu2R72X2bmpa30eKXBNOnKWzQ", Content-Length:"1030"]
             Body = {"teambuilding_title":"AAAAAAAAAAAAAAAAAAAAAAAAAAAAAAAAAAAAAAAAAAAAAAAAAAAAAAAAAAAAAAAAAAAAAAAAAAAAAAAAAAAAAAAAAAAAAAAAAAAAAAAAAAAAAAAAAAAAAAAAAAAAAAAAAAAAAAAAAAAAAAAAAAAAAAAAAAAAAAAAAAAAAAAAAAAAAAAAAAAAAAAAAAAAAAAAAAAAAAAAAAAAAAAAAAAAAAAAAAAAAAAAAAAAAAAAAAAAAAAAAAAAAAAAAAAAAAAAAAAAAAAAAAAAAAAAAAAAAAAAAAAAAAAAAAAAAAAAAAAAAAAAAAAAAAAAAAAAAAAAAAAAAAAAAAAAAAAAAAAAAAAAAAAAAAAAAAAAAAAAAAAAAAAAAAAAAAAAAAAAAAAAAAAAAAAAAAAAAAAAAAAAAAAAAAAAAAAAAAAAAAAAAAAAAAAAAAAAAAAAAAAAAAAAAAAAAAAAAAAAAAAAAAAAAAAAAAAAAAAAAAAAAAAAAAAAAAAAAAAAAAAAAAAAAAAAAAAAAAAAAAAAAAAAAAAAAAAAAAAAAAAAAAAAAAAAAAAAAAAAAAAAAAAAAAAAAAAAAAAAAAAAAAAAAAAAAAAAAAAAAAAAAAAAAAAAAAAAAAAAAAAAAAAAAAAAAAAAAAAAAAAAAAAAAAAAAAAAAAAAAAAAAAAAAAAAAAAAAAAAAAAAAAAAAAAAAAAAAAAAAAAAAAAAAAAAAAAAAAAAAAAAAAAAAAAAAAAAAAAAAAAAAAAAAAAAAAAAAAAAAAAAAAAAAAAAAAAAAAAAAAAAAAAAAAAAAAAAAAAAAAAAAAAAAAAAAAAAAAAAAAAAAAAAAAAAAAAAAAAAAAAAAAAAAAAAAAAAAAAAAAAAAAAAAAAAAAAAAAAAAAAAAAAAAAAAAAAAAAAAAAAAAAAAAAAAAAAAAAAAAAAAAAAAAAAAAAAAAAAAAAAAAAAAAAAAAAAAAAAAAAAAAAAAAAAAAAAAAAAAAAAAAAAAAAAAAAAAAAAAAAAAA"}
    Session Attrs = {}

Handler:
             Type = org.waldreg.controller.teambuilding.TeamBuildingController
           Method = org.waldreg.controller.teambuilding.TeamBuildingController#updateTeamBuildingByTeamBuildingId(int, TeamBuildingUpdateRequest)

Async:
    Async started = false
     Async result = null

Resolved Exception:
             Type = org.waldreg.teambuilding.exception.ContentOverflowException

ModelAndView:
        View name = null
             View = null
            Model = null

FlashMap:
       Attributes = null

MockHttpServletResponse:
           Status = 400
    Error message = null
          Headers = [Vary:"Origin", "Access-Control-Request-Method", "Access-Control-Request-Headers", Api-version:"1.0", Content-Type:"application/json"]
     Content type = application/json
             Body = {"code":"TEAMBUILDING-401","messages":"Teambuilding title cannot be more than 1000 current length \"1005\"","document_url":"docs.waldreg.org"}
    Forwarded URL = null
   Redirected URL = null
          Cookies = []
Hibernate: select user0_.user_id as col_0_0_ from user user0_ where user0_.user_user_id=? limit ?
Hibernate: select user0_.user_id as col_0_0_ from user user0_ where user0_.user_user_id=? limit ?
Hibernate: select U.* from USER U where U.USER_USER_ID =?
Hibernate: select character0_.character_id as characte1_6_0_, character0_.character_character_name as characte2_6_0_ from characters character0_ where character0_.character_id=?
Hibernate: select user0_.user_id as user_id1_21_0_, user0_.character_id as characte7_21_0_, user0_.user_created_at as user_cre2_21_0_, user0_.user_name as user_nam3_21_0_, user0_.user_phone_number as user_pho4_21_0_, user0_.user_user_id as user_use5_21_0_, user0_.user_user_password as user_use6_21_0_ from user user0_ where user0_.user_id=?
Hibernate: select character0_.character_id as characte1_6_0_, character0_.character_character_name as characte2_6_0_ from characters character0_ where character0_.character_id=?
Hibernate: select count(*) as col_0_0_ from team_building teambuildi0_
Hibernate: select count(*) as col_0_0_ from team_building teambuildi0_
Hibernate: select teambuildi0_.team_building_team_building_id as team_bui1_19_, teambuildi0_.team_building_created_at as team_bui2_19_, teambuildi0_.team_building_last_modified_at as team_bui3_19_, teambuildi0_.team_building_team_building_title as team_bui4_19_ from team_building teambuildi0_ order by teambuildi0_.team_building_created_at desc, teambuildi0_.team_building_team_building_id desc limit ?
Hibernate: select teamlist0_.team_building_team_building_id as team_bui4_18_0_, teamlist0_.team_team_id as team_tea1_18_0_, teamlist0_.team_team_id as team_tea1_18_1_, teamlist0_.team_last_modified_at as team_las2_18_1_, teamlist0_.team_building_team_building_id as team_bui4_18_1_, teamlist0_.team_team_name as team_tea3_18_1_ from team teamlist0_ where teamlist0_.team_building_team_building_id=?
Hibernate: select teamuserli0_.team_team_id as team_tea2_20_0_, teamuserli0_.team_user_id as team_use1_20_0_, teamuserli0_.team_user_id as team_use1_20_1_, teamuserli0_.team_team_id as team_tea2_20_1_, teamuserli0_.user_id as user_id3_20_1_ from team_user teamuserli0_ where teamuserli0_.team_team_id=?
Hibernate: select user0_.user_id as user_id1_21_0_, user0_.character_id as characte7_21_0_, user0_.user_created_at as user_cre2_21_0_, user0_.user_name as user_nam3_21_0_, user0_.user_phone_number as user_pho4_21_0_, user0_.user_user_id as user_use5_21_0_, user0_.user_user_password as user_use6_21_0_ from user user0_ where user0_.user_id=?
Hibernate: select character0_.character_id as characte1_6_0_, character0_.character_character_name as characte2_6_0_ from characters character0_ where character0_.character_id=?
Hibernate: select user0_.user_id as user_id1_21_0_, user0_.character_id as characte7_21_0_, user0_.user_created_at as user_cre2_21_0_, user0_.user_name as user_nam3_21_0_, user0_.user_phone_number as user_pho4_21_0_, user0_.user_user_id as user_use5_21_0_, user0_.user_user_password as user_use6_21_0_ from user user0_ where user0_.user_id=?
Hibernate: select user0_.user_id as user_id1_21_0_, user0_.character_id as characte7_21_0_, user0_.user_created_at as user_cre2_21_0_, user0_.user_name as user_nam3_21_0_, user0_.user_phone_number as user_pho4_21_0_, user0_.user_user_id as user_use5_21_0_, user0_.user_user_password as user_use6_21_0_ from user user0_ where user0_.user_id=?
Hibernate: select teamuserli0_.team_team_id as team_tea2_20_0_, teamuserli0_.team_user_id as team_use1_20_0_, teamuserli0_.team_user_id as team_use1_20_1_, teamuserli0_.team_team_id as team_tea2_20_1_, teamuserli0_.user_id as user_id3_20_1_ from team_user teamuserli0_ where teamuserli0_.team_team_id=?
Hibernate: select user0_.user_id as user_id1_21_0_, user0_.character_id as characte7_21_0_, user0_.user_created_at as user_cre2_21_0_, user0_.user_name as user_nam3_21_0_, user0_.user_phone_number as user_pho4_21_0_, user0_.user_user_id as user_use5_21_0_, user0_.user_user_password as user_use6_21_0_ from user user0_ where user0_.user_id=?
Hibernate: select user0_.user_id as user_id1_21_0_, user0_.character_id as characte7_21_0_, user0_.user_created_at as user_cre2_21_0_, user0_.user_name as user_nam3_21_0_, user0_.user_phone_number as user_pho4_21_0_, user0_.user_user_id as user_use5_21_0_, user0_.user_user_password as user_use6_21_0_ from user user0_ where user0_.user_id=?
Hibernate: select user0_.user_id as user_id1_21_0_, user0_.character_id as characte7_21_0_, user0_.user_created_at as user_cre2_21_0_, user0_.user_name as user_nam3_21_0_, user0_.user_phone_number as user_pho4_21_0_, user0_.user_user_id as user_use5_21_0_, user0_.user_user_password as user_use6_21_0_ from user user0_ where user0_.user_id=?
Hibernate: select character0_.character_id as characte1_6_0_, character0_.character_character_name as characte2_6_0_ from characters character0_ where character0_.character_id=?
Hibernate: select count(*) as col_0_0_ from user user0_ where user0_.user_id=?
Hibernate: select character1_.character_id as characte1_6_, character1_.character_character_name as characte2_6_ from user user0_ inner join characters character1_ on user0_.character_id=character1_.character_id where user0_.user_id=?
Hibernate: select permission0_.character_id as characte6_12_0_, permission0_.permission_id as permissi1_12_0_, permission0_.permission_id as permissi1_12_1_, permission0_.character_id as characte6_12_1_, permission0_.permission_name as permissi2_12_1_, permission0_.permission_permission_unit_id as permissi3_12_1_, permission0_.permission_service as permissi4_12_1_, permission0_.permission_status as permissi5_12_1_ from permission permission0_ where permission0_.character_id=?
Hibernate: select count(*) as col_0_0_ from team_building teambuildi0_ where teambuildi0_.team_building_team_building_id=?
Hibernate: select teambuildi0_.team_building_team_building_id as team_bui1_19_0_, teambuildi0_.team_building_created_at as team_bui2_19_0_, teambuildi0_.team_building_last_modified_at as team_bui3_19_0_, teambuildi0_.team_building_team_building_title as team_bui4_19_0_ from team_building teambuildi0_ where teambuildi0_.team_building_team_building_id=?
Hibernate: select teamlist0_.team_building_team_building_id as team_bui4_18_0_, teamlist0_.team_team_id as team_tea1_18_0_, teamlist0_.team_team_id as team_tea1_18_1_, teamlist0_.team_last_modified_at as team_las2_18_1_, teamlist0_.team_building_team_building_id as team_bui4_18_1_, teamlist0_.team_team_name as team_tea3_18_1_ from team teamlist0_ where teamlist0_.team_building_team_building_id=?
Hibernate: select teamuserli0_.team_team_id as team_tea2_20_0_, teamuserli0_.team_user_id as team_use1_20_0_, teamuserli0_.team_user_id as team_use1_20_1_, teamuserli0_.team_team_id as team_tea2_20_1_, teamuserli0_.user_id as user_id3_20_1_ from team_user teamuserli0_ where teamuserli0_.team_team_id=?
Hibernate: select user0_.user_id as user_id1_21_0_, user0_.character_id as characte7_21_0_, user0_.user_created_at as user_cre2_21_0_, user0_.user_name as user_nam3_21_0_, user0_.user_phone_number as user_pho4_21_0_, user0_.user_user_id as user_use5_21_0_, user0_.user_user_password as user_use6_21_0_ from user user0_ where user0_.user_id=?
Hibernate: select character0_.character_id as characte1_6_0_, character0_.character_character_name as characte2_6_0_ from characters character0_ where character0_.character_id=?
Hibernate: select user0_.user_id as user_id1_21_0_, user0_.character_id as characte7_21_0_, user0_.user_created_at as user_cre2_21_0_, user0_.user_name as user_nam3_21_0_, user0_.user_phone_number as user_pho4_21_0_, user0_.user_user_id as user_use5_21_0_, user0_.user_user_password as user_use6_21_0_ from user user0_ where user0_.user_id=?
Hibernate: select user0_.user_id as user_id1_21_0_, user0_.character_id as characte7_21_0_, user0_.user_created_at as user_cre2_21_0_, user0_.user_name as user_nam3_21_0_, user0_.user_phone_number as user_pho4_21_0_, user0_.user_user_id as user_use5_21_0_, user0_.user_user_password as user_use6_21_0_ from user user0_ where user0_.user_id=?
Hibernate: select teamuserli0_.team_team_id as team_tea2_20_0_, teamuserli0_.team_user_id as team_use1_20_0_, teamuserli0_.team_user_id as team_use1_20_1_, teamuserli0_.team_team_id as team_tea2_20_1_, teamuserli0_.user_id as user_id3_20_1_ from team_user teamuserli0_ where teamuserli0_.team_team_id=?
Hibernate: select user0_.user_id as user_id1_21_0_, user0_.character_id as characte7_21_0_, user0_.user_created_at as user_cre2_21_0_, user0_.user_name as user_nam3_21_0_, user0_.user_phone_number as user_pho4_21_0_, user0_.user_user_id as user_use5_21_0_, user0_.user_user_password as user_use6_21_0_ from user user0_ where user0_.user_id=?
Hibernate: select user0_.user_id as user_id1_21_0_, user0_.character_id as characte7_21_0_, user0_.user_created_at as user_cre2_21_0_, user0_.user_name as user_nam3_21_0_, user0_.user_phone_number as user_pho4_21_0_, user0_.user_user_id as user_use5_21_0_, user0_.user_user_password as user_use6_21_0_ from user user0_ where user0_.user_id=?
Hibernate: delete from team_user where team_user_id=?
Hibernate: delete from team_user where team_user_id=?
Hibernate: delete from team_user where team_user_id=?
Hibernate: delete from team where team_team_id=?
Hibernate: delete from team_user where team_user_id=?
Hibernate: delete from team_user where team_user_id=?
Hibernate: delete from team where team_team_id=?
Hibernate: delete from team_building where team_building_team_building_id=?
Hibernate: select user0_.user_id as user_id1_21_0_, user0_.character_id as characte7_21_0_, user0_.user_created_at as user_cre2_21_0_, user0_.user_name as user_nam3_21_0_, user0_.user_phone_number as user_pho4_21_0_, user0_.user_user_id as user_use5_21_0_, user0_.user_user_password as user_use6_21_0_ from user user0_ where user0_.user_id=?
Hibernate: select character0_.character_id as characte1_6_0_, character0_.character_character_name as characte2_6_0_ from characters character0_ where character0_.character_id=?
Hibernate: select count(*) as col_0_0_ from team_building teambuildi0_ where teambuildi0_.team_building_team_building_id=?
Hibernate: select user0_.user_id as col_0_0_ from user user0_ where user0_.user_user_id=? limit ?
Hibernate: select user0_.user_id as col_0_0_ from user user0_ where user0_.user_user_id=? limit ?
Hibernate: select U.* from USER U where U.USER_USER_ID =?
Hibernate: select character0_.character_id as characte1_6_0_, character0_.character_character_name as characte2_6_0_ from characters character0_ where character0_.character_id=?
Hibernate: select user0_.user_id as col_0_0_ from user user0_ where user0_.user_user_id=? limit ?
Hibernate: select user0_.user_id as user_id1_21_, user0_.character_id as characte7_21_, user0_.user_created_at as user_cre2_21_, user0_.user_name as user_nam3_21_, user0_.user_phone_number as user_pho4_21_, user0_.user_user_id as user_use5_21_, user0_.user_user_password as user_use6_21_ from user user0_ inner join characters character1_ on user0_.character_id=character1_.character_id where user0_.user_user_id=?
Hibernate: select character0_.character_id as characte1_6_0_, character0_.character_character_name as characte2_6_0_ from characters character0_ where character0_.character_id=?
Hibernate: select rewardtagw0_.user_id as user_id4_16_0_, rewardtagw0_.reward_tag_wrapper_reward_id as reward_t1_16_0_, rewardtagw0_.reward_tag_wrapper_reward_id as reward_t1_16_1_, rewardtagw0_.reward_tag_wrapper_reward_presented_at as reward_t2_16_1_, rewardtagw0_.reward_tag_reward_tag_id as reward_t3_16_1_, rewardtagw0_.user_id as user_id4_16_1_ from reward_tag_wrapper rewardtagw0_ where rewardtagw0_.user_id=?
Hibernate: select user0_.user_id as user_id1_21_0_, user0_.character_id as characte7_21_0_, user0_.user_created_at as user_cre2_21_0_, user0_.user_name as user_nam3_21_0_, user0_.user_phone_number as user_pho4_21_0_, user0_.user_user_id as user_use5_21_0_, user0_.user_user_password as user_use6_21_0_ from user user0_ where user0_.user_id=?
Hibernate: select character0_.character_id as characte1_6_0_, character0_.character_character_name as characte2_6_0_ from characters character0_ where character0_.character_id=?
Hibernate: select count(*) as col_0_0_ from user user0_ where user0_.user_id=?
Hibernate: select character1_.character_id as characte1_6_, character1_.character_character_name as characte2_6_ from user user0_ inner join characters character1_ on user0_.character_id=character1_.character_id where user0_.user_id=?
Hibernate: select permission0_.character_id as characte6_12_0_, permission0_.permission_id as permissi1_12_0_, permission0_.permission_id as permissi1_12_1_, permission0_.character_id as characte6_12_1_, permission0_.permission_name as permissi2_12_1_, permission0_.permission_permission_unit_id as permissi3_12_1_, permission0_.permission_service as permissi4_12_1_, permission0_.permission_status as permissi5_12_1_ from permission permission0_ where permission0_.character_id=?
Hibernate: select count(*) as col_0_0_ from user user0_ where user0_.user_id=?
Hibernate: select user0_.user_id as user_id1_21_, user0_.character_id as characte7_21_, user0_.user_created_at as user_cre2_21_, user0_.user_name as user_nam3_21_, user0_.user_phone_number as user_pho4_21_, user0_.user_user_id as user_use5_21_, user0_.user_user_password as user_use6_21_ from user user0_ where user0_.user_id=?
Hibernate: select character0_.character_id as characte1_6_0_, character0_.character_character_name as characte2_6_0_ from characters character0_ where character0_.character_id=?
Hibernate: select rewardtagw0_.user_id as user_id4_16_0_, rewardtagw0_.reward_tag_wrapper_reward_id as reward_t1_16_0_, rewardtagw0_.reward_tag_wrapper_reward_id as reward_t1_16_1_, rewardtagw0_.reward_tag_wrapper_reward_presented_at as reward_t2_16_1_, rewardtagw0_.reward_tag_reward_tag_id as reward_t3_16_1_, rewardtagw0_.user_id as user_id4_16_1_ from reward_tag_wrapper rewardtagw0_ where rewardtagw0_.user_id=?
Hibernate: select attendance0_.attendance_user_attendance_user_id as col_0_0_ from attendance_user attendance0_ where attendance0_.user_id=? limit ?
Hibernate: DELETE FROM USER WHERE USER_ID = ?
Hibernate: select user0_.user_id as col_0_0_ from user user0_ where user0_.user_user_id=? limit ?
Hibernate: select user0_.user_id as col_0_0_ from user user0_ where user0_.user_user_id=? limit ?
Hibernate: select user0_.user_id as user_id1_21_, user0_.character_id as characte7_21_, user0_.user_created_at as user_cre2_21_, user0_.user_name as user_nam3_21_, user0_.user_phone_number as user_pho4_21_, user0_.user_user_id as user_use5_21_, user0_.user_user_password as user_use6_21_ from user user0_ inner join characters character1_ on user0_.character_id=character1_.character_id where user0_.user_user_id=?
Hibernate: select character0_.character_id as characte1_6_0_, character0_.character_character_name as characte2_6_0_ from characters character0_ where character0_.character_id=?
Hibernate: select rewardtagw0_.user_id as user_id4_16_0_, rewardtagw0_.reward_tag_wrapper_reward_id as reward_t1_16_0_, rewardtagw0_.reward_tag_wrapper_reward_id as reward_t1_16_1_, rewardtagw0_.reward_tag_wrapper_reward_presented_at as reward_t2_16_1_, rewardtagw0_.reward_tag_reward_tag_id as reward_t3_16_1_, rewardtagw0_.user_id as user_id4_16_1_ from reward_tag_wrapper rewardtagw0_ where rewardtagw0_.user_id=?
Hibernate: select user0_.user_id as user_id1_21_0_, user0_.character_id as characte7_21_0_, user0_.user_created_at as user_cre2_21_0_, user0_.user_name as user_nam3_21_0_, user0_.user_phone_number as user_pho4_21_0_, user0_.user_user_id as user_use5_21_0_, user0_.user_user_password as user_use6_21_0_ from user user0_ where user0_.user_id=?
Hibernate: select character0_.character_id as characte1_6_0_, character0_.character_character_name as characte2_6_0_ from characters character0_ where character0_.character_id=?
Hibernate: select count(*) as col_0_0_ from user user0_ where user0_.user_id=?
Hibernate: select character1_.character_id as characte1_6_, character1_.character_character_name as characte2_6_ from user user0_ inner join characters character1_ on user0_.character_id=character1_.character_id where user0_.user_id=?
Hibernate: select permission0_.character_id as characte6_12_0_, permission0_.permission_id as permissi1_12_0_, permission0_.permission_id as permissi1_12_1_, permission0_.character_id as characte6_12_1_, permission0_.permission_name as permissi2_12_1_, permission0_.permission_permission_unit_id as permissi3_12_1_, permission0_.permission_service as permissi4_12_1_, permission0_.permission_status as permissi5_12_1_ from permission permission0_ where permission0_.character_id=?
Hibernate: select count(*) as col_0_0_ from user user0_ where user0_.user_id=?
Hibernate: select user0_.user_id as user_id1_21_, user0_.character_id as characte7_21_, user0_.user_created_at as user_cre2_21_, user0_.user_name as user_nam3_21_, user0_.user_phone_number as user_pho4_21_, user0_.user_user_id as user_use5_21_, user0_.user_user_password as user_use6_21_ from user user0_ where user0_.user_id=?
Hibernate: select character0_.character_id as characte1_6_0_, character0_.character_character_name as characte2_6_0_ from characters character0_ where character0_.character_id=?
Hibernate: select rewardtagw0_.user_id as user_id4_16_0_, rewardtagw0_.reward_tag_wrapper_reward_id as reward_t1_16_0_, rewardtagw0_.reward_tag_wrapper_reward_id as reward_t1_16_1_, rewardtagw0_.reward_tag_wrapper_reward_presented_at as reward_t2_16_1_, rewardtagw0_.reward_tag_reward_tag_id as reward_t3_16_1_, rewardtagw0_.user_id as user_id4_16_1_ from reward_tag_wrapper rewardtagw0_ where rewardtagw0_.user_id=?
Hibernate: select attendance0_.attendance_user_attendance_user_id as col_0_0_ from attendance_user attendance0_ where attendance0_.user_id=? limit ?
Hibernate: DELETE FROM USER WHERE USER_ID = ?
Hibernate: select user0_.user_id as col_0_0_ from user user0_ where user0_.user_user_id=? limit ?
Hibernate: select user0_.user_id as col_0_0_ from user user0_ where user0_.user_user_id=? limit ?
Hibernate: select user0_.user_id as user_id1_21_, user0_.character_id as characte7_21_, user0_.user_created_at as user_cre2_21_, user0_.user_name as user_nam3_21_, user0_.user_phone_number as user_pho4_21_, user0_.user_user_id as user_use5_21_, user0_.user_user_password as user_use6_21_ from user user0_ inner join characters character1_ on user0_.character_id=character1_.character_id where user0_.user_user_id=?
Hibernate: select character0_.character_id as characte1_6_0_, character0_.character_character_name as characte2_6_0_ from characters character0_ where character0_.character_id=?
Hibernate: select rewardtagw0_.user_id as user_id4_16_0_, rewardtagw0_.reward_tag_wrapper_reward_id as reward_t1_16_0_, rewardtagw0_.reward_tag_wrapper_reward_id as reward_t1_16_1_, rewardtagw0_.reward_tag_wrapper_reward_presented_at as reward_t2_16_1_, rewardtagw0_.reward_tag_reward_tag_id as reward_t3_16_1_, rewardtagw0_.user_id as user_id4_16_1_ from reward_tag_wrapper rewardtagw0_ where rewardtagw0_.user_id=?
Hibernate: select user0_.user_id as user_id1_21_0_, user0_.character_id as characte7_21_0_, user0_.user_created_at as user_cre2_21_0_, user0_.user_name as user_nam3_21_0_, user0_.user_phone_number as user_pho4_21_0_, user0_.user_user_id as user_use5_21_0_, user0_.user_user_password as user_use6_21_0_ from user user0_ where user0_.user_id=?
Hibernate: select character0_.character_id as characte1_6_0_, character0_.character_character_name as characte2_6_0_ from characters character0_ where character0_.character_id=?
Hibernate: select count(*) as col_0_0_ from user user0_ where user0_.user_id=?
Hibernate: select character1_.character_id as characte1_6_, character1_.character_character_name as characte2_6_ from user user0_ inner join characters character1_ on user0_.character_id=character1_.character_id where user0_.user_id=?
Hibernate: select permission0_.character_id as characte6_12_0_, permission0_.permission_id as permissi1_12_0_, permission0_.permission_id as permissi1_12_1_, permission0_.character_id as characte6_12_1_, permission0_.permission_name as permissi2_12_1_, permission0_.permission_permission_unit_id as permissi3_12_1_, permission0_.permission_service as permissi4_12_1_, permission0_.permission_status as permissi5_12_1_ from permission permission0_ where permission0_.character_id=?
Hibernate: select count(*) as col_0_0_ from user user0_ where user0_.user_id=?
Hibernate: select user0_.user_id as user_id1_21_, user0_.character_id as characte7_21_, user0_.user_created_at as user_cre2_21_, user0_.user_name as user_nam3_21_, user0_.user_phone_number as user_pho4_21_, user0_.user_user_id as user_use5_21_, user0_.user_user_password as user_use6_21_ from user user0_ where user0_.user_id=?
Hibernate: select character0_.character_id as characte1_6_0_, character0_.character_character_name as characte2_6_0_ from characters character0_ where character0_.character_id=?
Hibernate: select rewardtagw0_.user_id as user_id4_16_0_, rewardtagw0_.reward_tag_wrapper_reward_id as reward_t1_16_0_, rewardtagw0_.reward_tag_wrapper_reward_id as reward_t1_16_1_, rewardtagw0_.reward_tag_wrapper_reward_presented_at as reward_t2_16_1_, rewardtagw0_.reward_tag_reward_tag_id as reward_t3_16_1_, rewardtagw0_.user_id as user_id4_16_1_ from reward_tag_wrapper rewardtagw0_ where rewardtagw0_.user_id=?
Hibernate: select attendance0_.attendance_user_attendance_user_id as col_0_0_ from attendance_user attendance0_ where attendance0_.user_id=? limit ?
Hibernate: DELETE FROM USER WHERE USER_ID = ?
Hibernate: select user0_.user_id as col_0_0_ from user user0_ where user0_.user_user_id=? limit ?
Hibernate: select user0_.user_id as col_0_0_ from user user0_ where user0_.user_user_id=? limit ?
Hibernate: select user0_.user_id as user_id1_21_, user0_.character_id as characte7_21_, user0_.user_created_at as user_cre2_21_, user0_.user_name as user_nam3_21_, user0_.user_phone_number as user_pho4_21_, user0_.user_user_id as user_use5_21_, user0_.user_user_password as user_use6_21_ from user user0_ inner join characters character1_ on user0_.character_id=character1_.character_id where user0_.user_user_id=?
Hibernate: select character0_.character_id as characte1_6_0_, character0_.character_character_name as characte2_6_0_ from characters character0_ where character0_.character_id=?
Hibernate: select rewardtagw0_.user_id as user_id4_16_0_, rewardtagw0_.reward_tag_wrapper_reward_id as reward_t1_16_0_, rewardtagw0_.reward_tag_wrapper_reward_id as reward_t1_16_1_, rewardtagw0_.reward_tag_wrapper_reward_presented_at as reward_t2_16_1_, rewardtagw0_.reward_tag_reward_tag_id as reward_t3_16_1_, rewardtagw0_.user_id as user_id4_16_1_ from reward_tag_wrapper rewardtagw0_ where rewardtagw0_.user_id=?
Hibernate: select user0_.user_id as user_id1_21_0_, user0_.character_id as characte7_21_0_, user0_.user_created_at as user_cre2_21_0_, user0_.user_name as user_nam3_21_0_, user0_.user_phone_number as user_pho4_21_0_, user0_.user_user_id as user_use5_21_0_, user0_.user_user_password as user_use6_21_0_ from user user0_ where user0_.user_id=?
Hibernate: select character0_.character_id as characte1_6_0_, character0_.character_character_name as characte2_6_0_ from characters character0_ where character0_.character_id=?
Hibernate: select count(*) as col_0_0_ from user user0_ where user0_.user_id=?
Hibernate: select character1_.character_id as characte1_6_, character1_.character_character_name as characte2_6_ from user user0_ inner join characters character1_ on user0_.character_id=character1_.character_id where user0_.user_id=?
Hibernate: select permission0_.character_id as characte6_12_0_, permission0_.permission_id as permissi1_12_0_, permission0_.permission_id as permissi1_12_1_, permission0_.character_id as characte6_12_1_, permission0_.permission_name as permissi2_12_1_, permission0_.permission_permission_unit_id as permissi3_12_1_, permission0_.permission_service as permissi4_12_1_, permission0_.permission_status as permissi5_12_1_ from permission permission0_ where permission0_.character_id=?
Hibernate: select count(*) as col_0_0_ from user user0_ where user0_.user_id=?
Hibernate: select user0_.user_id as user_id1_21_, user0_.character_id as characte7_21_, user0_.user_created_at as user_cre2_21_, user0_.user_name as user_nam3_21_, user0_.user_phone_number as user_pho4_21_, user0_.user_user_id as user_use5_21_, user0_.user_user_password as user_use6_21_ from user user0_ where user0_.user_id=?
Hibernate: select character0_.character_id as characte1_6_0_, character0_.character_character_name as characte2_6_0_ from characters character0_ where character0_.character_id=?
Hibernate: select rewardtagw0_.user_id as user_id4_16_0_, rewardtagw0_.reward_tag_wrapper_reward_id as reward_t1_16_0_, rewardtagw0_.reward_tag_wrapper_reward_id as reward_t1_16_1_, rewardtagw0_.reward_tag_wrapper_reward_presented_at as reward_t2_16_1_, rewardtagw0_.reward_tag_reward_tag_id as reward_t3_16_1_, rewardtagw0_.user_id as user_id4_16_1_ from reward_tag_wrapper rewardtagw0_ where rewardtagw0_.user_id=?
Hibernate: select attendance0_.attendance_user_attendance_user_id as col_0_0_ from attendance_user attendance0_ where attendance0_.user_id=? limit ?
Hibernate: DELETE FROM USER WHERE USER_ID = ?
Hibernate: select user0_.user_id as col_0_0_ from user user0_ where user0_.user_user_id=? limit ?
Hibernate: select user0_.user_id as col_0_0_ from user user0_ where user0_.user_user_id=? limit ?
Hibernate: select user0_.user_id as user_id1_21_, user0_.character_id as characte7_21_, user0_.user_created_at as user_cre2_21_, user0_.user_name as user_nam3_21_, user0_.user_phone_number as user_pho4_21_, user0_.user_user_id as user_use5_21_, user0_.user_user_password as user_use6_21_ from user user0_ inner join characters character1_ on user0_.character_id=character1_.character_id where user0_.user_user_id=?
Hibernate: select character0_.character_id as characte1_6_0_, character0_.character_character_name as characte2_6_0_ from characters character0_ where character0_.character_id=?
Hibernate: select rewardtagw0_.user_id as user_id4_16_0_, rewardtagw0_.reward_tag_wrapper_reward_id as reward_t1_16_0_, rewardtagw0_.reward_tag_wrapper_reward_id as reward_t1_16_1_, rewardtagw0_.reward_tag_wrapper_reward_presented_at as reward_t2_16_1_, rewardtagw0_.reward_tag_reward_tag_id as reward_t3_16_1_, rewardtagw0_.user_id as user_id4_16_1_ from reward_tag_wrapper rewardtagw0_ where rewardtagw0_.user_id=?
Hibernate: select user0_.user_id as user_id1_21_0_, user0_.character_id as characte7_21_0_, user0_.user_created_at as user_cre2_21_0_, user0_.user_name as user_nam3_21_0_, user0_.user_phone_number as user_pho4_21_0_, user0_.user_user_id as user_use5_21_0_, user0_.user_user_password as user_use6_21_0_ from user user0_ where user0_.user_id=?
Hibernate: select character0_.character_id as characte1_6_0_, character0_.character_character_name as characte2_6_0_ from characters character0_ where character0_.character_id=?
Hibernate: select count(*) as col_0_0_ from user user0_ where user0_.user_id=?
Hibernate: select character1_.character_id as characte1_6_, character1_.character_character_name as characte2_6_ from user user0_ inner join characters character1_ on user0_.character_id=character1_.character_id where user0_.user_id=?
Hibernate: select permission0_.character_id as characte6_12_0_, permission0_.permission_id as permissi1_12_0_, permission0_.permission_id as permissi1_12_1_, permission0_.character_id as characte6_12_1_, permission0_.permission_name as permissi2_12_1_, permission0_.permission_permission_unit_id as permissi3_12_1_, permission0_.permission_service as permissi4_12_1_, permission0_.permission_status as permissi5_12_1_ from permission permission0_ where permission0_.character_id=?
Hibernate: select count(*) as col_0_0_ from user user0_ where user0_.user_id=?
Hibernate: select user0_.user_id as user_id1_21_, user0_.character_id as characte7_21_, user0_.user_created_at as user_cre2_21_, user0_.user_name as user_nam3_21_, user0_.user_phone_number as user_pho4_21_, user0_.user_user_id as user_use5_21_, user0_.user_user_password as user_use6_21_ from user user0_ where user0_.user_id=?
Hibernate: select character0_.character_id as characte1_6_0_, character0_.character_character_name as characte2_6_0_ from characters character0_ where character0_.character_id=?
Hibernate: select rewardtagw0_.user_id as user_id4_16_0_, rewardtagw0_.reward_tag_wrapper_reward_id as reward_t1_16_0_, rewardtagw0_.reward_tag_wrapper_reward_id as reward_t1_16_1_, rewardtagw0_.reward_tag_wrapper_reward_presented_at as reward_t2_16_1_, rewardtagw0_.reward_tag_reward_tag_id as reward_t3_16_1_, rewardtagw0_.user_id as user_id4_16_1_ from reward_tag_wrapper rewardtagw0_ where rewardtagw0_.user_id=?
Hibernate: select attendance0_.attendance_user_attendance_user_id as col_0_0_ from attendance_user attendance0_ where attendance0_.user_id=? limit ?
Hibernate: DELETE FROM USER WHERE USER_ID = ?
Hibernate: select user0_.user_id as col_0_0_ from user user0_ where user0_.user_user_id=? limit ?
Hibernate: select user0_.user_id as col_0_0_ from user user0_ where user0_.user_user_id=? limit ?
Hibernate: select user0_.user_id as col_0_0_ from user user0_ where user0_.user_user_id=? limit ?
Hibernate: select U.* from USER U where U.USER_USER_ID =?
Hibernate: select character0_.character_id as characte1_6_0_, character0_.character_character_name as characte2_6_0_ from characters character0_ where character0_.character_id=?
Hibernate: select user0_.user_id as user_id1_21_0_, user0_.character_id as characte7_21_0_, user0_.user_created_at as user_cre2_21_0_, user0_.user_name as user_nam3_21_0_, user0_.user_phone_number as user_pho4_21_0_, user0_.user_user_id as user_use5_21_0_, user0_.user_user_password as user_use6_21_0_ from user user0_ where user0_.user_id=?
Hibernate: select character0_.character_id as characte1_6_0_, character0_.character_character_name as characte2_6_0_ from characters character0_ where character0_.character_id=?
Hibernate: select count(*) as col_0_0_ from team_building teambuildi0_
Hibernate: select count(*) as col_0_0_ from team_building teambuildi0_
Hibernate: select user0_.user_id as col_0_0_ from user user0_ where user0_.user_user_id=? limit ?
Hibernate: select user0_.user_id as col_0_0_ from user user0_ where user0_.user_user_id=? limit ?
Hibernate: select U.* from USER U where U.USER_USER_ID =?
Hibernate: select character0_.character_id as characte1_6_0_, character0_.character_character_name as characte2_6_0_ from characters character0_ where character0_.character_id=?
Hibernate: select user0_.user_id as col_0_0_ from user user0_ where user0_.user_user_id=? limit ?
Hibernate: select user0_.user_id as col_0_0_ from user user0_ where user0_.user_user_id=? limit ?
Hibernate: select U.* from USER U where U.USER_USER_ID =?
Hibernate: select character0_.character_id as characte1_6_0_, character0_.character_character_name as characte2_6_0_ from characters character0_ where character0_.character_id=?
Hibernate: select user0_.user_id as col_0_0_ from user user0_ where user0_.user_user_id=? limit ?
Hibernate: select user0_.user_id as col_0_0_ from user user0_ where user0_.user_user_id=? limit ?
Hibernate: select U.* from USER U where U.USER_USER_ID =?
Hibernate: select character0_.character_id as characte1_6_0_, character0_.character_character_name as characte2_6_0_ from characters character0_ where character0_.character_id=?
Hibernate: select user0_.user_id as col_0_0_ from user user0_ where user0_.user_user_id=? limit ?
Hibernate: select userjoinin0_.user_joining_pool_id as col_0_0_ from user_joining_pool userjoinin0_ where userjoinin0_.user_user_id=? limit ?
Hibernate: select character0_.character_id as col_0_0_ from characters character0_ where character0_.character_character_name=? limit ?
Hibernate: insert into user_joining_pool (user_joining_pool_id, user_created_at, user_name, user_phone_number, user_user_id, user_user_password) values (default, ?, ?, ?, ?, ?)
Hibernate: select user0_.user_id as user_id1_21_0_, user0_.character_id as characte7_21_0_, user0_.user_created_at as user_cre2_21_0_, user0_.user_name as user_nam3_21_0_, user0_.user_phone_number as user_pho4_21_0_, user0_.user_user_id as user_use5_21_0_, user0_.user_user_password as user_use6_21_0_ from user user0_ where user0_.user_id=?
Hibernate: select character0_.character_id as characte1_6_0_, character0_.character_character_name as characte2_6_0_ from characters character0_ where character0_.character_id=?
Hibernate: select count(*) as col_0_0_ from user user0_ where user0_.user_id=?
Hibernate: select character1_.character_id as characte1_6_, character1_.character_character_name as characte2_6_ from user user0_ inner join characters character1_ on user0_.character_id=character1_.character_id where user0_.user_id=?
Hibernate: select permission0_.character_id as characte6_12_0_, permission0_.permission_id as permissi1_12_0_, permission0_.permission_id as permissi1_12_1_, permission0_.character_id as characte6_12_1_, permission0_.permission_name as permissi2_12_1_, permission0_.permission_permission_unit_id as permissi3_12_1_, permission0_.permission_service as permissi4_12_1_, permission0_.permission_status as permissi5_12_1_ from permission permission0_ where permission0_.character_id=?
Hibernate: select userjoinin0_.user_joining_pool_id as col_0_0_ from user_joining_pool userjoinin0_ where userjoinin0_.user_user_id=? limit ?
Hibernate: select userjoinin0_.user_joining_pool_id as user_joi1_22_, userjoinin0_.user_created_at as user_cre2_22_, userjoinin0_.user_name as user_nam3_22_, userjoinin0_.user_phone_number as user_pho4_22_, userjoinin0_.user_user_id as user_use5_22_, userjoinin0_.user_user_password as user_use6_22_ from user_joining_pool userjoinin0_ where userjoinin0_.user_user_id=?
Hibernate: select character0_.character_id as characte1_6_, character0_.character_character_name as characte2_6_ from characters character0_ where character0_.character_character_name=?
Hibernate: insert into user (user_id, character_id, user_created_at, user_name, user_phone_number, user_user_id, user_user_password) values (default, ?, ?, ?, ?, ?, ?)
Hibernate: DELETE FROM USER_JOINING_POOL as JU where JU.USER_USER_ID =?
Hibernate: select user0_.user_id as col_0_0_ from user user0_ where user0_.user_user_id=? limit ?
Hibernate: select user0_.user_id as col_0_0_ from user user0_ where user0_.user_user_id=? limit ?
Hibernate: select U.* from USER U where U.USER_USER_ID =?
Hibernate: select character0_.character_id as characte1_6_0_, character0_.character_character_name as characte2_6_0_ from characters character0_ where character0_.character_id=?
Hibernate: select user0_.user_id as col_0_0_ from user user0_ where user0_.user_user_id=? limit ?
Hibernate: select userjoinin0_.user_joining_pool_id as col_0_0_ from user_joining_pool userjoinin0_ where userjoinin0_.user_user_id=? limit ?
Hibernate: select character0_.character_id as col_0_0_ from characters character0_ where character0_.character_character_name=? limit ?
Hibernate: insert into user_joining_pool (user_joining_pool_id, user_created_at, user_name, user_phone_number, user_user_id, user_user_password) values (default, ?, ?, ?, ?, ?)
Hibernate: select user0_.user_id as user_id1_21_0_, user0_.character_id as characte7_21_0_, user0_.user_created_at as user_cre2_21_0_, user0_.user_name as user_nam3_21_0_, user0_.user_phone_number as user_pho4_21_0_, user0_.user_user_id as user_use5_21_0_, user0_.user_user_password as user_use6_21_0_ from user user0_ where user0_.user_id=?
Hibernate: select character0_.character_id as characte1_6_0_, character0_.character_character_name as characte2_6_0_ from characters character0_ where character0_.character_id=?
Hibernate: select count(*) as col_0_0_ from user user0_ where user0_.user_id=?
Hibernate: select character1_.character_id as characte1_6_, character1_.character_character_name as characte2_6_ from user user0_ inner join characters character1_ on user0_.character_id=character1_.character_id where user0_.user_id=?
Hibernate: select permission0_.character_id as characte6_12_0_, permission0_.permission_id as permissi1_12_0_, permission0_.permission_id as permissi1_12_1_, permission0_.character_id as characte6_12_1_, permission0_.permission_name as permissi2_12_1_, permission0_.permission_permission_unit_id as permissi3_12_1_, permission0_.permission_service as permissi4_12_1_, permission0_.permission_status as permissi5_12_1_ from permission permission0_ where permission0_.character_id=?
Hibernate: select userjoinin0_.user_joining_pool_id as col_0_0_ from user_joining_pool userjoinin0_ where userjoinin0_.user_user_id=? limit ?
Hibernate: select userjoinin0_.user_joining_pool_id as user_joi1_22_, userjoinin0_.user_created_at as user_cre2_22_, userjoinin0_.user_name as user_nam3_22_, userjoinin0_.user_phone_number as user_pho4_22_, userjoinin0_.user_user_id as user_use5_22_, userjoinin0_.user_user_password as user_use6_22_ from user_joining_pool userjoinin0_ where userjoinin0_.user_user_id=?
Hibernate: select character0_.character_id as characte1_6_, character0_.character_character_name as characte2_6_ from characters character0_ where character0_.character_character_name=?
Hibernate: insert into user (user_id, character_id, user_created_at, user_name, user_phone_number, user_user_id, user_user_password) values (default, ?, ?, ?, ?, ?, ?)
Hibernate: DELETE FROM USER_JOINING_POOL as JU where JU.USER_USER_ID =?
Hibernate: select user0_.user_id as col_0_0_ from user user0_ where user0_.user_user_id=? limit ?
Hibernate: select user0_.user_id as col_0_0_ from user user0_ where user0_.user_user_id=? limit ?
Hibernate: select U.* from USER U where U.USER_USER_ID =?
Hibernate: select character0_.character_id as characte1_6_0_, character0_.character_character_name as characte2_6_0_ from characters character0_ where character0_.character_id=?
Hibernate: select user0_.user_id as col_0_0_ from user user0_ where user0_.user_user_id=? limit ?
Hibernate: select userjoinin0_.user_joining_pool_id as col_0_0_ from user_joining_pool userjoinin0_ where userjoinin0_.user_user_id=? limit ?
Hibernate: select character0_.character_id as col_0_0_ from characters character0_ where character0_.character_character_name=? limit ?
Hibernate: insert into user_joining_pool (user_joining_pool_id, user_created_at, user_name, user_phone_number, user_user_id, user_user_password) values (default, ?, ?, ?, ?, ?)
Hibernate: select user0_.user_id as user_id1_21_0_, user0_.character_id as characte7_21_0_, user0_.user_created_at as user_cre2_21_0_, user0_.user_name as user_nam3_21_0_, user0_.user_phone_number as user_pho4_21_0_, user0_.user_user_id as user_use5_21_0_, user0_.user_user_password as user_use6_21_0_ from user user0_ where user0_.user_id=?
Hibernate: select character0_.character_id as characte1_6_0_, character0_.character_character_name as characte2_6_0_ from characters character0_ where character0_.character_id=?
Hibernate: select count(*) as col_0_0_ from user user0_ where user0_.user_id=?
Hibernate: select character1_.character_id as characte1_6_, character1_.character_character_name as characte2_6_ from user user0_ inner join characters character1_ on user0_.character_id=character1_.character_id where user0_.user_id=?
Hibernate: select permission0_.character_id as characte6_12_0_, permission0_.permission_id as permissi1_12_0_, permission0_.permission_id as permissi1_12_1_, permission0_.character_id as characte6_12_1_, permission0_.permission_name as permissi2_12_1_, permission0_.permission_permission_unit_id as permissi3_12_1_, permission0_.permission_service as permissi4_12_1_, permission0_.permission_status as permissi5_12_1_ from permission permission0_ where permission0_.character_id=?
Hibernate: select userjoinin0_.user_joining_pool_id as col_0_0_ from user_joining_pool userjoinin0_ where userjoinin0_.user_user_id=? limit ?
Hibernate: select userjoinin0_.user_joining_pool_id as user_joi1_22_, userjoinin0_.user_created_at as user_cre2_22_, userjoinin0_.user_name as user_nam3_22_, userjoinin0_.user_phone_number as user_pho4_22_, userjoinin0_.user_user_id as user_use5_22_, userjoinin0_.user_user_password as user_use6_22_ from user_joining_pool userjoinin0_ where userjoinin0_.user_user_id=?
Hibernate: select character0_.character_id as characte1_6_, character0_.character_character_name as characte2_6_ from characters character0_ where character0_.character_character_name=?
Hibernate: insert into user (user_id, character_id, user_created_at, user_name, user_phone_number, user_user_id, user_user_password) values (default, ?, ?, ?, ?, ?, ?)
Hibernate: DELETE FROM USER_JOINING_POOL as JU where JU.USER_USER_ID =?
Hibernate: select user0_.user_id as col_0_0_ from user user0_ where user0_.user_user_id=? limit ?
Hibernate: select user0_.user_id as col_0_0_ from user user0_ where user0_.user_user_id=? limit ?
Hibernate: select U.* from USER U where U.USER_USER_ID =?
Hibernate: select character0_.character_id as characte1_6_0_, character0_.character_character_name as characte2_6_0_ from characters character0_ where character0_.character_id=?
Hibernate: select user0_.user_id as col_0_0_ from user user0_ where user0_.user_user_id=? limit ?
Hibernate: select userjoinin0_.user_joining_pool_id as col_0_0_ from user_joining_pool userjoinin0_ where userjoinin0_.user_user_id=? limit ?
Hibernate: select character0_.character_id as col_0_0_ from characters character0_ where character0_.character_character_name=? limit ?
Hibernate: insert into user_joining_pool (user_joining_pool_id, user_created_at, user_name, user_phone_number, user_user_id, user_user_password) values (default, ?, ?, ?, ?, ?)
Hibernate: select user0_.user_id as user_id1_21_0_, user0_.character_id as characte7_21_0_, user0_.user_created_at as user_cre2_21_0_, user0_.user_name as user_nam3_21_0_, user0_.user_phone_number as user_pho4_21_0_, user0_.user_user_id as user_use5_21_0_, user0_.user_user_password as user_use6_21_0_ from user user0_ where user0_.user_id=?
Hibernate: select character0_.character_id as characte1_6_0_, character0_.character_character_name as characte2_6_0_ from characters character0_ where character0_.character_id=?
Hibernate: select count(*) as col_0_0_ from user user0_ where user0_.user_id=?
Hibernate: select character1_.character_id as characte1_6_, character1_.character_character_name as characte2_6_ from user user0_ inner join characters character1_ on user0_.character_id=character1_.character_id where user0_.user_id=?
Hibernate: select permission0_.character_id as characte6_12_0_, permission0_.permission_id as permissi1_12_0_, permission0_.permission_id as permissi1_12_1_, permission0_.character_id as characte6_12_1_, permission0_.permission_name as permissi2_12_1_, permission0_.permission_permission_unit_id as permissi3_12_1_, permission0_.permission_service as permissi4_12_1_, permission0_.permission_status as permissi5_12_1_ from permission permission0_ where permission0_.character_id=?
Hibernate: select userjoinin0_.user_joining_pool_id as col_0_0_ from user_joining_pool userjoinin0_ where userjoinin0_.user_user_id=? limit ?
Hibernate: select userjoinin0_.user_joining_pool_id as user_joi1_22_, userjoinin0_.user_created_at as user_cre2_22_, userjoinin0_.user_name as user_nam3_22_, userjoinin0_.user_phone_number as user_pho4_22_, userjoinin0_.user_user_id as user_use5_22_, userjoinin0_.user_user_password as user_use6_22_ from user_joining_pool userjoinin0_ where userjoinin0_.user_user_id=?
Hibernate: select character0_.character_id as characte1_6_, character0_.character_character_name as characte2_6_ from characters character0_ where character0_.character_character_name=?
Hibernate: insert into user (user_id, character_id, user_created_at, user_name, user_phone_number, user_user_id, user_user_password) values (default, ?, ?, ?, ?, ?, ?)
Hibernate: DELETE FROM USER_JOINING_POOL as JU where JU.USER_USER_ID =?
Hibernate: select user0_.user_id as col_0_0_ from user user0_ where user0_.user_user_id=? limit ?
Hibernate: select user0_.user_id as col_0_0_ from user user0_ where user0_.user_user_id=? limit ?
Hibernate: select U.* from USER U where U.USER_USER_ID =?
Hibernate: select character0_.character_id as characte1_6_0_, character0_.character_character_name as characte2_6_0_ from characters character0_ where character0_.character_id=?
Hibernate: select user0_.user_id as col_0_0_ from user user0_ where user0_.user_user_id=? limit ?
Hibernate: select userjoinin0_.user_joining_pool_id as col_0_0_ from user_joining_pool userjoinin0_ where userjoinin0_.user_user_id=? limit ?
Hibernate: select character0_.character_id as col_0_0_ from characters character0_ where character0_.character_character_name=? limit ?
Hibernate: insert into user_joining_pool (user_joining_pool_id, user_created_at, user_name, user_phone_number, user_user_id, user_user_password) values (default, ?, ?, ?, ?, ?)
Hibernate: select user0_.user_id as user_id1_21_0_, user0_.character_id as characte7_21_0_, user0_.user_created_at as user_cre2_21_0_, user0_.user_name as user_nam3_21_0_, user0_.user_phone_number as user_pho4_21_0_, user0_.user_user_id as user_use5_21_0_, user0_.user_user_password as user_use6_21_0_ from user user0_ where user0_.user_id=?
Hibernate: select character0_.character_id as characte1_6_0_, character0_.character_character_name as characte2_6_0_ from characters character0_ where character0_.character_id=?
Hibernate: select count(*) as col_0_0_ from user user0_ where user0_.user_id=?
Hibernate: select character1_.character_id as characte1_6_, character1_.character_character_name as characte2_6_ from user user0_ inner join characters character1_ on user0_.character_id=character1_.character_id where user0_.user_id=?
Hibernate: select permission0_.character_id as characte6_12_0_, permission0_.permission_id as permissi1_12_0_, permission0_.permission_id as permissi1_12_1_, permission0_.character_id as characte6_12_1_, permission0_.permission_name as permissi2_12_1_, permission0_.permission_permission_unit_id as permissi3_12_1_, permission0_.permission_service as permissi4_12_1_, permission0_.permission_status as permissi5_12_1_ from permission permission0_ where permission0_.character_id=?
Hibernate: select userjoinin0_.user_joining_pool_id as col_0_0_ from user_joining_pool userjoinin0_ where userjoinin0_.user_user_id=? limit ?
Hibernate: select userjoinin0_.user_joining_pool_id as user_joi1_22_, userjoinin0_.user_created_at as user_cre2_22_, userjoinin0_.user_name as user_nam3_22_, userjoinin0_.user_phone_number as user_pho4_22_, userjoinin0_.user_user_id as user_use5_22_, userjoinin0_.user_user_password as user_use6_22_ from user_joining_pool userjoinin0_ where userjoinin0_.user_user_id=?
Hibernate: select character0_.character_id as characte1_6_, character0_.character_character_name as characte2_6_ from characters character0_ where character0_.character_character_name=?
Hibernate: insert into user (user_id, character_id, user_created_at, user_name, user_phone_number, user_user_id, user_user_password) values (default, ?, ?, ?, ?, ?, ?)
Hibernate: DELETE FROM USER_JOINING_POOL as JU where JU.USER_USER_ID =?
Hibernate: select user0_.user_id as user_id1_21_0_, user0_.character_id as characte7_21_0_, user0_.user_created_at as user_cre2_21_0_, user0_.user_name as user_nam3_21_0_, user0_.user_phone_number as user_pho4_21_0_, user0_.user_user_id as user_use5_21_0_, user0_.user_user_password as user_use6_21_0_ from user user0_ where user0_.user_id=?
Hibernate: select character0_.character_id as characte1_6_0_, character0_.character_character_name as characte2_6_0_ from characters character0_ where character0_.character_id=?
Hibernate: select count(*) as col_0_0_ from user user0_ where user0_.user_id=?
Hibernate: select character1_.character_id as characte1_6_, character1_.character_character_name as characte2_6_ from user user0_ inner join characters character1_ on user0_.character_id=character1_.character_id where user0_.user_id=?
Hibernate: select permission0_.character_id as characte6_12_0_, permission0_.permission_id as permissi1_12_0_, permission0_.permission_id as permissi1_12_1_, permission0_.character_id as characte6_12_1_, permission0_.permission_name as permissi2_12_1_, permission0_.permission_permission_unit_id as permissi3_12_1_, permission0_.permission_service as permissi4_12_1_, permission0_.permission_status as permissi5_12_1_ from permission permission0_ where permission0_.character_id=?
Hibernate: select user0_.user_id as col_0_0_ from user user0_ where user0_.user_user_id=? limit ?
Hibernate: select user0_.user_id as col_0_0_ from user user0_ where user0_.user_user_id=? limit ?
Hibernate: select user0_.user_id as col_0_0_ from user user0_ where user0_.user_user_id=? limit ?
Hibernate: select user0_.user_id as col_0_0_ from user user0_ where user0_.user_user_id=? limit ?
Hibernate: select user0_.user_id as col_0_0_ from user user0_ where user0_.user_user_id=? limit ?
Hibernate: select user0_.user_id as user_id1_21_, user0_.character_id as characte7_21_, user0_.user_created_at as user_cre2_21_, user0_.user_name as user_nam3_21_, user0_.user_phone_number as user_pho4_21_, user0_.user_user_id as user_use5_21_, user0_.user_user_password as user_use6_21_ from user user0_ inner join characters character1_ on user0_.character_id=character1_.character_id where user0_.user_user_id=?
Hibernate: select character0_.character_id as characte1_6_0_, character0_.character_character_name as characte2_6_0_ from characters character0_ where character0_.character_id=?
Hibernate: select user0_.user_id as user_id1_21_, user0_.character_id as characte7_21_, user0_.user_created_at as user_cre2_21_, user0_.user_name as user_nam3_21_, user0_.user_phone_number as user_pho4_21_, user0_.user_user_id as user_use5_21_, user0_.user_user_password as user_use6_21_ from user user0_ inner join characters character1_ on user0_.character_id=character1_.character_id where user0_.user_user_id=?
Hibernate: select user0_.user_id as user_id1_21_, user0_.character_id as characte7_21_, user0_.user_created_at as user_cre2_21_, user0_.user_name as user_nam3_21_, user0_.user_phone_number as user_pho4_21_, user0_.user_user_id as user_use5_21_, user0_.user_user_password as user_use6_21_ from user user0_ inner join characters character1_ on user0_.character_id=character1_.character_id where user0_.user_user_id=?
Hibernate: select user0_.user_id as user_id1_21_, user0_.character_id as characte7_21_, user0_.user_created_at as user_cre2_21_, user0_.user_name as user_nam3_21_, user0_.user_phone_number as user_pho4_21_, user0_.user_user_id as user_use5_21_, user0_.user_user_password as user_use6_21_ from user user0_ inner join characters character1_ on user0_.character_id=character1_.character_id where user0_.user_user_id=?
Hibernate: select user0_.user_id as user_id1_21_, user0_.character_id as characte7_21_, user0_.user_created_at as user_cre2_21_, user0_.user_name as user_nam3_21_, user0_.user_phone_number as user_pho4_21_, user0_.user_user_id as user_use5_21_, user0_.user_user_password as user_use6_21_ from user user0_ inner join characters character1_ on user0_.character_id=character1_.character_id where user0_.user_user_id=?
Hibernate: insert into team_building (team_building_team_building_id, team_building_created_at, team_building_last_modified_at, team_building_team_building_title) values (default, ?, ?, ?)
Hibernate: insert into team (team_team_id, team_last_modified_at, team_building_team_building_id, team_team_name) values (default, ?, ?, ?)
Hibernate: insert into team_user (team_user_id, team_team_id, user_id) values (default, ?, ?)
Hibernate: insert into team_user (team_user_id, team_team_id, user_id) values (default, ?, ?)
Hibernate: insert into team_user (team_user_id, team_team_id, user_id) values (default, ?, ?)
Hibernate: insert into team (team_team_id, team_last_modified_at, team_building_team_building_id, team_team_name) values (default, ?, ?, ?)
Hibernate: insert into team_user (team_user_id, team_team_id, user_id) values (default, ?, ?)
Hibernate: insert into team_user (team_user_id, team_team_id, user_id) values (default, ?, ?)
Hibernate: select user0_.user_id as user_id1_21_0_, user0_.character_id as characte7_21_0_, user0_.user_created_at as user_cre2_21_0_, user0_.user_name as user_nam3_21_0_, user0_.user_phone_number as user_pho4_21_0_, user0_.user_user_id as user_use5_21_0_, user0_.user_user_password as user_use6_21_0_ from user user0_ where user0_.user_id=?
Hibernate: select character0_.character_id as characte1_6_0_, character0_.character_character_name as characte2_6_0_ from characters character0_ where character0_.character_id=?
Hibernate: select count(*) as col_0_0_ from team_building teambuildi0_
Hibernate: select count(*) as col_0_0_ from team_building teambuildi0_
Hibernate: select teambuildi0_.team_building_team_building_id as team_bui1_19_, teambuildi0_.team_building_created_at as team_bui2_19_, teambuildi0_.team_building_last_modified_at as team_bui3_19_, teambuildi0_.team_building_team_building_title as team_bui4_19_ from team_building teambuildi0_ order by teambuildi0_.team_building_created_at desc, teambuildi0_.team_building_team_building_id desc limit ?
Hibernate: select teamlist0_.team_building_team_building_id as team_bui4_18_0_, teamlist0_.team_team_id as team_tea1_18_0_, teamlist0_.team_team_id as team_tea1_18_1_, teamlist0_.team_last_modified_at as team_las2_18_1_, teamlist0_.team_building_team_building_id as team_bui4_18_1_, teamlist0_.team_team_name as team_tea3_18_1_ from team teamlist0_ where teamlist0_.team_building_team_building_id=?
Hibernate: select teamuserli0_.team_team_id as team_tea2_20_0_, teamuserli0_.team_user_id as team_use1_20_0_, teamuserli0_.team_user_id as team_use1_20_1_, teamuserli0_.team_team_id as team_tea2_20_1_, teamuserli0_.user_id as user_id3_20_1_ from team_user teamuserli0_ where teamuserli0_.team_team_id=?
Hibernate: select user0_.user_id as user_id1_21_0_, user0_.character_id as characte7_21_0_, user0_.user_created_at as user_cre2_21_0_, user0_.user_name as user_nam3_21_0_, user0_.user_phone_number as user_pho4_21_0_, user0_.user_user_id as user_use5_21_0_, user0_.user_user_password as user_use6_21_0_ from user user0_ where user0_.user_id=?
Hibernate: select character0_.character_id as characte1_6_0_, character0_.character_character_name as characte2_6_0_ from characters character0_ where character0_.character_id=?
Hibernate: select user0_.user_id as user_id1_21_0_, user0_.character_id as characte7_21_0_, user0_.user_created_at as user_cre2_21_0_, user0_.user_name as user_nam3_21_0_, user0_.user_phone_number as user_pho4_21_0_, user0_.user_user_id as user_use5_21_0_, user0_.user_user_password as user_use6_21_0_ from user user0_ where user0_.user_id=?
Hibernate: select user0_.user_id as user_id1_21_0_, user0_.character_id as characte7_21_0_, user0_.user_created_at as user_cre2_21_0_, user0_.user_name as user_nam3_21_0_, user0_.user_phone_number as user_pho4_21_0_, user0_.user_user_id as user_use5_21_0_, user0_.user_user_password as user_use6_21_0_ from user user0_ where user0_.user_id=?
Hibernate: select teamuserli0_.team_team_id as team_tea2_20_0_, teamuserli0_.team_user_id as team_use1_20_0_, teamuserli0_.team_user_id as team_use1_20_1_, teamuserli0_.team_team_id as team_tea2_20_1_, teamuserli0_.user_id as user_id3_20_1_ from team_user teamuserli0_ where teamuserli0_.team_team_id=?
Hibernate: select user0_.user_id as user_id1_21_0_, user0_.character_id as characte7_21_0_, user0_.user_created_at as user_cre2_21_0_, user0_.user_name as user_nam3_21_0_, user0_.user_phone_number as user_pho4_21_0_, user0_.user_user_id as user_use5_21_0_, user0_.user_user_password as user_use6_21_0_ from user user0_ where user0_.user_id=?
Hibernate: select user0_.user_id as user_id1_21_0_, user0_.character_id as characte7_21_0_, user0_.user_created_at as user_cre2_21_0_, user0_.user_name as user_nam3_21_0_, user0_.user_phone_number as user_pho4_21_0_, user0_.user_user_id as user_use5_21_0_, user0_.user_user_password as user_use6_21_0_ from user user0_ where user0_.user_id=?
Hibernate: select user0_.user_id as user_id1_21_0_, user0_.character_id as characte7_21_0_, user0_.user_created_at as user_cre2_21_0_, user0_.user_name as user_nam3_21_0_, user0_.user_phone_number as user_pho4_21_0_, user0_.user_user_id as user_use5_21_0_, user0_.user_user_password as user_use6_21_0_ from user user0_ where user0_.user_id=?
Hibernate: select character0_.character_id as characte1_6_0_, character0_.character_character_name as characte2_6_0_ from characters character0_ where character0_.character_id=?
Hibernate: select count(*) as col_0_0_ from user user0_ where user0_.user_id=?
Hibernate: select character1_.character_id as characte1_6_, character1_.character_character_name as characte2_6_ from user user0_ inner join characters character1_ on user0_.character_id=character1_.character_id where user0_.user_id=?
Hibernate: select permission0_.character_id as characte6_12_0_, permission0_.permission_id as permissi1_12_0_, permission0_.permission_id as permissi1_12_1_, permission0_.character_id as characte6_12_1_, permission0_.permission_name as permissi2_12_1_, permission0_.permission_permission_unit_id as permissi3_12_1_, permission0_.permission_service as permissi4_12_1_, permission0_.permission_status as permissi5_12_1_ from permission permission0_ where permission0_.character_id=?
Hibernate: select count(*) as col_0_0_ from team team0_ where team0_.team_team_id=?
Hibernate: select team0_.team_team_id as team_tea1_18_0_, team0_.team_last_modified_at as team_las2_18_0_, team0_.team_building_team_building_id as team_bui4_18_0_, team0_.team_team_name as team_tea3_18_0_ from team team0_ where team0_.team_team_id=?
Hibernate: select teambuildi0_.team_building_team_building_id as team_bui1_19_0_, teambuildi0_.team_building_created_at as team_bui2_19_0_, teambuildi0_.team_building_last_modified_at as team_bui3_19_0_, teambuildi0_.team_building_team_building_title as team_bui4_19_0_ from team_building teambuildi0_ where teambuildi0_.team_building_team_building_id=?
Hibernate: select teamuserli0_.team_team_id as team_tea2_20_0_, teamuserli0_.team_user_id as team_use1_20_0_, teamuserli0_.team_user_id as team_use1_20_1_, teamuserli0_.team_team_id as team_tea2_20_1_, teamuserli0_.user_id as user_id3_20_1_ from team_user teamuserli0_ where teamuserli0_.team_team_id=?
Hibernate: select user0_.user_id as user_id1_21_0_, user0_.character_id as characte7_21_0_, user0_.user_created_at as user_cre2_21_0_, user0_.user_name as user_nam3_21_0_, user0_.user_phone_number as user_pho4_21_0_, user0_.user_user_id as user_use5_21_0_, user0_.user_user_password as user_use6_21_0_ from user user0_ where user0_.user_id=?
Hibernate: select character0_.character_id as characte1_6_0_, character0_.character_character_name as characte2_6_0_ from characters character0_ where character0_.character_id=?
Hibernate: select user0_.user_id as user_id1_21_0_, user0_.character_id as characte7_21_0_, user0_.user_created_at as user_cre2_21_0_, user0_.user_name as user_nam3_21_0_, user0_.user_phone_number as user_pho4_21_0_, user0_.user_user_id as user_use5_21_0_, user0_.user_user_password as user_use6_21_0_ from user user0_ where user0_.user_id=?
Hibernate: select user0_.user_id as user_id1_21_0_, user0_.character_id as characte7_21_0_, user0_.user_created_at as user_cre2_21_0_, user0_.user_name as user_nam3_21_0_, user0_.user_phone_number as user_pho4_21_0_, user0_.user_user_id as user_use5_21_0_, user0_.user_user_password as user_use6_21_0_ from user user0_ where user0_.user_id=?
Hibernate: SELECT * FROM TEAM WHERE TEAM_BUILDING_TEAM_BUILDING_ID = ?
Hibernate: select teamuserli0_.team_team_id as team_tea2_20_0_, teamuserli0_.team_user_id as team_use1_20_0_, teamuserli0_.team_user_id as team_use1_20_1_, teamuserli0_.team_team_id as team_tea2_20_1_, teamuserli0_.user_id as user_id3_20_1_ from team_user teamuserli0_ where teamuserli0_.team_team_id=?
Hibernate: select user0_.user_id as user_id1_21_0_, user0_.character_id as characte7_21_0_, user0_.user_created_at as user_cre2_21_0_, user0_.user_name as user_nam3_21_0_, user0_.user_phone_number as user_pho4_21_0_, user0_.user_user_id as user_use5_21_0_, user0_.user_user_password as user_use6_21_0_ from user user0_ where user0_.user_id=?
Hibernate: select user0_.user_id as user_id1_21_0_, user0_.character_id as characte7_21_0_, user0_.user_created_at as user_cre2_21_0_, user0_.user_name as user_nam3_21_0_, user0_.user_phone_number as user_pho4_21_0_, user0_.user_user_id as user_use5_21_0_, user0_.user_user_password as user_use6_21_0_ from user user0_ where user0_.user_id=?
Hibernate: select user0_.user_id as col_0_0_ from user user0_ where user0_.user_user_id=? limit ?
Hibernate: select user0_.user_id as col_0_0_ from user user0_ where user0_.user_user_id=? limit ?
Hibernate: select user0_.user_id as col_0_0_ from user user0_ where user0_.user_user_id=? limit ?
Hibernate: select user0_.user_id as col_0_0_ from user user0_ where user0_.user_user_id=? limit ?
Hibernate: select user0_.user_id as col_0_0_ from user user0_ where user0_.user_user_id=? limit ?
Hibernate: SELECT DISTINCT TU.USER_ID FROM TEAM_USER AS TU INNER JOIN TEAM AS T WHERE T.TEAM_BUILDING_TEAM_BUILDING_ID = ? AND TU.TEAM_TEAM_ID = T.TEAM_TEAM_ID

MockHttpServletRequest:
      HTTP Method = PUT
      Request URI = /teambuilding/20
       Parameters = {}
          Headers = [Content-Type:"application/json;charset=UTF-8", Accept:"application/json", api-version:"1.0", Authorization:"Bearer eyJhbGciOiJIUzI1NiJ9.eyJzdWIiOiIxIiwiaWF0IjoxNjg3ODc3NDY4LCJleHAiOjE2ODc4ODEwNjh9.L4tO6_dDAW_EBZT75Jfu2R72X2bmpa30eKXBNOnKWzQ", Content-Length:"95"]
             Body = {"team_name":"lalalala","members":["alcuk_id","alcuk_id2","alcuk_id3","alcuk_id4","alcuk_id5"]}
    Session Attrs = {}

Handler:
             Type = org.waldreg.controller.teambuilding.TeamBuildingController
           Method = org.waldreg.controller.teambuilding.TeamBuildingController#updateTeamByTeamId(int, TeamRequest)

Async:
    Async started = false
     Async result = null

Resolved Exception:
             Type = org.waldreg.teambuilding.exception.DuplicateUserSelectException

ModelAndView:
        View name = null
             View = null
            Model = null

FlashMap:
       Attributes = null

MockHttpServletResponse:
           Status = 400
    Error message = null
          Headers = [Vary:"Origin", "Access-Control-Request-Method", "Access-Control-Request-Headers", Api-version:"1.0", Content-Type:"application/json"]
     Content type = application/json
             Body = {"code":"TEAMBUILDING-409","messages":"Cannot add user \"alcuk_id\" in team cause already in other team","document_url":"docs.waldreg.org"}
    Forwarded URL = null
   Redirected URL = null
          Cookies = []
Hibernate: select user0_.user_id as col_0_0_ from user user0_ where user0_.user_user_id=? limit ?
Hibernate: select user0_.user_id as col_0_0_ from user user0_ where user0_.user_user_id=? limit ?
Hibernate: select U.* from USER U where U.USER_USER_ID =?
Hibernate: select character0_.character_id as characte1_6_0_, character0_.character_character_name as characte2_6_0_ from characters character0_ where character0_.character_id=?
Hibernate: select user0_.user_id as user_id1_21_0_, user0_.character_id as characte7_21_0_, user0_.user_created_at as user_cre2_21_0_, user0_.user_name as user_nam3_21_0_, user0_.user_phone_number as user_pho4_21_0_, user0_.user_user_id as user_use5_21_0_, user0_.user_user_password as user_use6_21_0_ from user user0_ where user0_.user_id=?
Hibernate: select character0_.character_id as characte1_6_0_, character0_.character_character_name as characte2_6_0_ from characters character0_ where character0_.character_id=?
Hibernate: select count(*) as col_0_0_ from team_building teambuildi0_
Hibernate: select count(*) as col_0_0_ from team_building teambuildi0_
Hibernate: select teambuildi0_.team_building_team_building_id as team_bui1_19_, teambuildi0_.team_building_created_at as team_bui2_19_, teambuildi0_.team_building_last_modified_at as team_bui3_19_, teambuildi0_.team_building_team_building_title as team_bui4_19_ from team_building teambuildi0_ order by teambuildi0_.team_building_created_at desc, teambuildi0_.team_building_team_building_id desc limit ?
Hibernate: select teamlist0_.team_building_team_building_id as team_bui4_18_0_, teamlist0_.team_team_id as team_tea1_18_0_, teamlist0_.team_team_id as team_tea1_18_1_, teamlist0_.team_last_modified_at as team_las2_18_1_, teamlist0_.team_building_team_building_id as team_bui4_18_1_, teamlist0_.team_team_name as team_tea3_18_1_ from team teamlist0_ where teamlist0_.team_building_team_building_id=?
Hibernate: select teamuserli0_.team_team_id as team_tea2_20_0_, teamuserli0_.team_user_id as team_use1_20_0_, teamuserli0_.team_user_id as team_use1_20_1_, teamuserli0_.team_team_id as team_tea2_20_1_, teamuserli0_.user_id as user_id3_20_1_ from team_user teamuserli0_ where teamuserli0_.team_team_id=?
Hibernate: select user0_.user_id as user_id1_21_0_, user0_.character_id as characte7_21_0_, user0_.user_created_at as user_cre2_21_0_, user0_.user_name as user_nam3_21_0_, user0_.user_phone_number as user_pho4_21_0_, user0_.user_user_id as user_use5_21_0_, user0_.user_user_password as user_use6_21_0_ from user user0_ where user0_.user_id=?
Hibernate: select character0_.character_id as characte1_6_0_, character0_.character_character_name as characte2_6_0_ from characters character0_ where character0_.character_id=?
Hibernate: select user0_.user_id as user_id1_21_0_, user0_.character_id as characte7_21_0_, user0_.user_created_at as user_cre2_21_0_, user0_.user_name as user_nam3_21_0_, user0_.user_phone_number as user_pho4_21_0_, user0_.user_user_id as user_use5_21_0_, user0_.user_user_password as user_use6_21_0_ from user user0_ where user0_.user_id=?
Hibernate: select user0_.user_id as user_id1_21_0_, user0_.character_id as characte7_21_0_, user0_.user_created_at as user_cre2_21_0_, user0_.user_name as user_nam3_21_0_, user0_.user_phone_number as user_pho4_21_0_, user0_.user_user_id as user_use5_21_0_, user0_.user_user_password as user_use6_21_0_ from user user0_ where user0_.user_id=?
Hibernate: select teamuserli0_.team_team_id as team_tea2_20_0_, teamuserli0_.team_user_id as team_use1_20_0_, teamuserli0_.team_user_id as team_use1_20_1_, teamuserli0_.team_team_id as team_tea2_20_1_, teamuserli0_.user_id as user_id3_20_1_ from team_user teamuserli0_ where teamuserli0_.team_team_id=?
Hibernate: select user0_.user_id as user_id1_21_0_, user0_.character_id as characte7_21_0_, user0_.user_created_at as user_cre2_21_0_, user0_.user_name as user_nam3_21_0_, user0_.user_phone_number as user_pho4_21_0_, user0_.user_user_id as user_use5_21_0_, user0_.user_user_password as user_use6_21_0_ from user user0_ where user0_.user_id=?
Hibernate: select user0_.user_id as user_id1_21_0_, user0_.character_id as characte7_21_0_, user0_.user_created_at as user_cre2_21_0_, user0_.user_name as user_nam3_21_0_, user0_.user_phone_number as user_pho4_21_0_, user0_.user_user_id as user_use5_21_0_, user0_.user_user_password as user_use6_21_0_ from user user0_ where user0_.user_id=?
Hibernate: select user0_.user_id as user_id1_21_0_, user0_.character_id as characte7_21_0_, user0_.user_created_at as user_cre2_21_0_, user0_.user_name as user_nam3_21_0_, user0_.user_phone_number as user_pho4_21_0_, user0_.user_user_id as user_use5_21_0_, user0_.user_user_password as user_use6_21_0_ from user user0_ where user0_.user_id=?
Hibernate: select character0_.character_id as characte1_6_0_, character0_.character_character_name as characte2_6_0_ from characters character0_ where character0_.character_id=?
Hibernate: select count(*) as col_0_0_ from user user0_ where user0_.user_id=?
Hibernate: select character1_.character_id as characte1_6_, character1_.character_character_name as characte2_6_ from user user0_ inner join characters character1_ on user0_.character_id=character1_.character_id where user0_.user_id=?
Hibernate: select permission0_.character_id as characte6_12_0_, permission0_.permission_id as permissi1_12_0_, permission0_.permission_id as permissi1_12_1_, permission0_.character_id as characte6_12_1_, permission0_.permission_name as permissi2_12_1_, permission0_.permission_permission_unit_id as permissi3_12_1_, permission0_.permission_service as permissi4_12_1_, permission0_.permission_status as permissi5_12_1_ from permission permission0_ where permission0_.character_id=?
Hibernate: select count(*) as col_0_0_ from team_building teambuildi0_ where teambuildi0_.team_building_team_building_id=?
Hibernate: select teambuildi0_.team_building_team_building_id as team_bui1_19_0_, teambuildi0_.team_building_created_at as team_bui2_19_0_, teambuildi0_.team_building_last_modified_at as team_bui3_19_0_, teambuildi0_.team_building_team_building_title as team_bui4_19_0_ from team_building teambuildi0_ where teambuildi0_.team_building_team_building_id=?
Hibernate: select teamlist0_.team_building_team_building_id as team_bui4_18_0_, teamlist0_.team_team_id as team_tea1_18_0_, teamlist0_.team_team_id as team_tea1_18_1_, teamlist0_.team_last_modified_at as team_las2_18_1_, teamlist0_.team_building_team_building_id as team_bui4_18_1_, teamlist0_.team_team_name as team_tea3_18_1_ from team teamlist0_ where teamlist0_.team_building_team_building_id=?
Hibernate: select teamuserli0_.team_team_id as team_tea2_20_0_, teamuserli0_.team_user_id as team_use1_20_0_, teamuserli0_.team_user_id as team_use1_20_1_, teamuserli0_.team_team_id as team_tea2_20_1_, teamuserli0_.user_id as user_id3_20_1_ from team_user teamuserli0_ where teamuserli0_.team_team_id=?
Hibernate: select user0_.user_id as user_id1_21_0_, user0_.character_id as characte7_21_0_, user0_.user_created_at as user_cre2_21_0_, user0_.user_name as user_nam3_21_0_, user0_.user_phone_number as user_pho4_21_0_, user0_.user_user_id as user_use5_21_0_, user0_.user_user_password as user_use6_21_0_ from user user0_ where user0_.user_id=?
Hibernate: select character0_.character_id as characte1_6_0_, character0_.character_character_name as characte2_6_0_ from characters character0_ where character0_.character_id=?
Hibernate: select user0_.user_id as user_id1_21_0_, user0_.character_id as characte7_21_0_, user0_.user_created_at as user_cre2_21_0_, user0_.user_name as user_nam3_21_0_, user0_.user_phone_number as user_pho4_21_0_, user0_.user_user_id as user_use5_21_0_, user0_.user_user_password as user_use6_21_0_ from user user0_ where user0_.user_id=?
Hibernate: select user0_.user_id as user_id1_21_0_, user0_.character_id as characte7_21_0_, user0_.user_created_at as user_cre2_21_0_, user0_.user_name as user_nam3_21_0_, user0_.user_phone_number as user_pho4_21_0_, user0_.user_user_id as user_use5_21_0_, user0_.user_user_password as user_use6_21_0_ from user user0_ where user0_.user_id=?
Hibernate: select teamuserli0_.team_team_id as team_tea2_20_0_, teamuserli0_.team_user_id as team_use1_20_0_, teamuserli0_.team_user_id as team_use1_20_1_, teamuserli0_.team_team_id as team_tea2_20_1_, teamuserli0_.user_id as user_id3_20_1_ from team_user teamuserli0_ where teamuserli0_.team_team_id=?
Hibernate: select user0_.user_id as user_id1_21_0_, user0_.character_id as characte7_21_0_, user0_.user_created_at as user_cre2_21_0_, user0_.user_name as user_nam3_21_0_, user0_.user_phone_number as user_pho4_21_0_, user0_.user_user_id as user_use5_21_0_, user0_.user_user_password as user_use6_21_0_ from user user0_ where user0_.user_id=?
Hibernate: select user0_.user_id as user_id1_21_0_, user0_.character_id as characte7_21_0_, user0_.user_created_at as user_cre2_21_0_, user0_.user_name as user_nam3_21_0_, user0_.user_phone_number as user_pho4_21_0_, user0_.user_user_id as user_use5_21_0_, user0_.user_user_password as user_use6_21_0_ from user user0_ where user0_.user_id=?
Hibernate: delete from team_user where team_user_id=?
Hibernate: delete from team_user where team_user_id=?
Hibernate: delete from team_user where team_user_id=?
Hibernate: delete from team where team_team_id=?
Hibernate: delete from team_user where team_user_id=?
Hibernate: delete from team_user where team_user_id=?
Hibernate: delete from team where team_team_id=?
Hibernate: delete from team_building where team_building_team_building_id=?
Hibernate: select user0_.user_id as user_id1_21_0_, user0_.character_id as characte7_21_0_, user0_.user_created_at as user_cre2_21_0_, user0_.user_name as user_nam3_21_0_, user0_.user_phone_number as user_pho4_21_0_, user0_.user_user_id as user_use5_21_0_, user0_.user_user_password as user_use6_21_0_ from user user0_ where user0_.user_id=?
Hibernate: select character0_.character_id as characte1_6_0_, character0_.character_character_name as characte2_6_0_ from characters character0_ where character0_.character_id=?
Hibernate: select count(*) as col_0_0_ from team_building teambuildi0_ where teambuildi0_.team_building_team_building_id=?
Hibernate: select user0_.user_id as col_0_0_ from user user0_ where user0_.user_user_id=? limit ?
Hibernate: select user0_.user_id as col_0_0_ from user user0_ where user0_.user_user_id=? limit ?
Hibernate: select U.* from USER U where U.USER_USER_ID =?
Hibernate: select character0_.character_id as characte1_6_0_, character0_.character_character_name as characte2_6_0_ from characters character0_ where character0_.character_id=?
Hibernate: select user0_.user_id as col_0_0_ from user user0_ where user0_.user_user_id=? limit ?
Hibernate: select user0_.user_id as user_id1_21_, user0_.character_id as characte7_21_, user0_.user_created_at as user_cre2_21_, user0_.user_name as user_nam3_21_, user0_.user_phone_number as user_pho4_21_, user0_.user_user_id as user_use5_21_, user0_.user_user_password as user_use6_21_ from user user0_ inner join characters character1_ on user0_.character_id=character1_.character_id where user0_.user_user_id=?
Hibernate: select character0_.character_id as characte1_6_0_, character0_.character_character_name as characte2_6_0_ from characters character0_ where character0_.character_id=?
Hibernate: select rewardtagw0_.user_id as user_id4_16_0_, rewardtagw0_.reward_tag_wrapper_reward_id as reward_t1_16_0_, rewardtagw0_.reward_tag_wrapper_reward_id as reward_t1_16_1_, rewardtagw0_.reward_tag_wrapper_reward_presented_at as reward_t2_16_1_, rewardtagw0_.reward_tag_reward_tag_id as reward_t3_16_1_, rewardtagw0_.user_id as user_id4_16_1_ from reward_tag_wrapper rewardtagw0_ where rewardtagw0_.user_id=?
Hibernate: select user0_.user_id as user_id1_21_0_, user0_.character_id as characte7_21_0_, user0_.user_created_at as user_cre2_21_0_, user0_.user_name as user_nam3_21_0_, user0_.user_phone_number as user_pho4_21_0_, user0_.user_user_id as user_use5_21_0_, user0_.user_user_password as user_use6_21_0_ from user user0_ where user0_.user_id=?
Hibernate: select character0_.character_id as characte1_6_0_, character0_.character_character_name as characte2_6_0_ from characters character0_ where character0_.character_id=?
Hibernate: select count(*) as col_0_0_ from user user0_ where user0_.user_id=?
Hibernate: select character1_.character_id as characte1_6_, character1_.character_character_name as characte2_6_ from user user0_ inner join characters character1_ on user0_.character_id=character1_.character_id where user0_.user_id=?
Hibernate: select permission0_.character_id as characte6_12_0_, permission0_.permission_id as permissi1_12_0_, permission0_.permission_id as permissi1_12_1_, permission0_.character_id as characte6_12_1_, permission0_.permission_name as permissi2_12_1_, permission0_.permission_permission_unit_id as permissi3_12_1_, permission0_.permission_service as permissi4_12_1_, permission0_.permission_status as permissi5_12_1_ from permission permission0_ where permission0_.character_id=?
Hibernate: select count(*) as col_0_0_ from user user0_ where user0_.user_id=?
Hibernate: select user0_.user_id as user_id1_21_, user0_.character_id as characte7_21_, user0_.user_created_at as user_cre2_21_, user0_.user_name as user_nam3_21_, user0_.user_phone_number as user_pho4_21_, user0_.user_user_id as user_use5_21_, user0_.user_user_password as user_use6_21_ from user user0_ where user0_.user_id=?
Hibernate: select character0_.character_id as characte1_6_0_, character0_.character_character_name as characte2_6_0_ from characters character0_ where character0_.character_id=?
Hibernate: select rewardtagw0_.user_id as user_id4_16_0_, rewardtagw0_.reward_tag_wrapper_reward_id as reward_t1_16_0_, rewardtagw0_.reward_tag_wrapper_reward_id as reward_t1_16_1_, rewardtagw0_.reward_tag_wrapper_reward_presented_at as reward_t2_16_1_, rewardtagw0_.reward_tag_reward_tag_id as reward_t3_16_1_, rewardtagw0_.user_id as user_id4_16_1_ from reward_tag_wrapper rewardtagw0_ where rewardtagw0_.user_id=?
Hibernate: select attendance0_.attendance_user_attendance_user_id as col_0_0_ from attendance_user attendance0_ where attendance0_.user_id=? limit ?
Hibernate: DELETE FROM USER WHERE USER_ID = ?
Hibernate: select user0_.user_id as col_0_0_ from user user0_ where user0_.user_user_id=? limit ?
Hibernate: select user0_.user_id as col_0_0_ from user user0_ where user0_.user_user_id=? limit ?
Hibernate: select user0_.user_id as user_id1_21_, user0_.character_id as characte7_21_, user0_.user_created_at as user_cre2_21_, user0_.user_name as user_nam3_21_, user0_.user_phone_number as user_pho4_21_, user0_.user_user_id as user_use5_21_, user0_.user_user_password as user_use6_21_ from user user0_ inner join characters character1_ on user0_.character_id=character1_.character_id where user0_.user_user_id=?
Hibernate: select character0_.character_id as characte1_6_0_, character0_.character_character_name as characte2_6_0_ from characters character0_ where character0_.character_id=?
Hibernate: select rewardtagw0_.user_id as user_id4_16_0_, rewardtagw0_.reward_tag_wrapper_reward_id as reward_t1_16_0_, rewardtagw0_.reward_tag_wrapper_reward_id as reward_t1_16_1_, rewardtagw0_.reward_tag_wrapper_reward_presented_at as reward_t2_16_1_, rewardtagw0_.reward_tag_reward_tag_id as reward_t3_16_1_, rewardtagw0_.user_id as user_id4_16_1_ from reward_tag_wrapper rewardtagw0_ where rewardtagw0_.user_id=?
Hibernate: select user0_.user_id as user_id1_21_0_, user0_.character_id as characte7_21_0_, user0_.user_created_at as user_cre2_21_0_, user0_.user_name as user_nam3_21_0_, user0_.user_phone_number as user_pho4_21_0_, user0_.user_user_id as user_use5_21_0_, user0_.user_user_password as user_use6_21_0_ from user user0_ where user0_.user_id=?
Hibernate: select character0_.character_id as characte1_6_0_, character0_.character_character_name as characte2_6_0_ from characters character0_ where character0_.character_id=?
Hibernate: select count(*) as col_0_0_ from user user0_ where user0_.user_id=?
Hibernate: select character1_.character_id as characte1_6_, character1_.character_character_name as characte2_6_ from user user0_ inner join characters character1_ on user0_.character_id=character1_.character_id where user0_.user_id=?
Hibernate: select permission0_.character_id as characte6_12_0_, permission0_.permission_id as permissi1_12_0_, permission0_.permission_id as permissi1_12_1_, permission0_.character_id as characte6_12_1_, permission0_.permission_name as permissi2_12_1_, permission0_.permission_permission_unit_id as permissi3_12_1_, permission0_.permission_service as permissi4_12_1_, permission0_.permission_status as permissi5_12_1_ from permission permission0_ where permission0_.character_id=?
Hibernate: select count(*) as col_0_0_ from user user0_ where user0_.user_id=?
Hibernate: select user0_.user_id as user_id1_21_, user0_.character_id as characte7_21_, user0_.user_created_at as user_cre2_21_, user0_.user_name as user_nam3_21_, user0_.user_phone_number as user_pho4_21_, user0_.user_user_id as user_use5_21_, user0_.user_user_password as user_use6_21_ from user user0_ where user0_.user_id=?
Hibernate: select character0_.character_id as characte1_6_0_, character0_.character_character_name as characte2_6_0_ from characters character0_ where character0_.character_id=?
Hibernate: select rewardtagw0_.user_id as user_id4_16_0_, rewardtagw0_.reward_tag_wrapper_reward_id as reward_t1_16_0_, rewardtagw0_.reward_tag_wrapper_reward_id as reward_t1_16_1_, rewardtagw0_.reward_tag_wrapper_reward_presented_at as reward_t2_16_1_, rewardtagw0_.reward_tag_reward_tag_id as reward_t3_16_1_, rewardtagw0_.user_id as user_id4_16_1_ from reward_tag_wrapper rewardtagw0_ where rewardtagw0_.user_id=?
Hibernate: select attendance0_.attendance_user_attendance_user_id as col_0_0_ from attendance_user attendance0_ where attendance0_.user_id=? limit ?
Hibernate: DELETE FROM USER WHERE USER_ID = ?
Hibernate: select user0_.user_id as col_0_0_ from user user0_ where user0_.user_user_id=? limit ?
Hibernate: select user0_.user_id as col_0_0_ from user user0_ where user0_.user_user_id=? limit ?
Hibernate: select user0_.user_id as user_id1_21_, user0_.character_id as characte7_21_, user0_.user_created_at as user_cre2_21_, user0_.user_name as user_nam3_21_, user0_.user_phone_number as user_pho4_21_, user0_.user_user_id as user_use5_21_, user0_.user_user_password as user_use6_21_ from user user0_ inner join characters character1_ on user0_.character_id=character1_.character_id where user0_.user_user_id=?
Hibernate: select character0_.character_id as characte1_6_0_, character0_.character_character_name as characte2_6_0_ from characters character0_ where character0_.character_id=?
Hibernate: select rewardtagw0_.user_id as user_id4_16_0_, rewardtagw0_.reward_tag_wrapper_reward_id as reward_t1_16_0_, rewardtagw0_.reward_tag_wrapper_reward_id as reward_t1_16_1_, rewardtagw0_.reward_tag_wrapper_reward_presented_at as reward_t2_16_1_, rewardtagw0_.reward_tag_reward_tag_id as reward_t3_16_1_, rewardtagw0_.user_id as user_id4_16_1_ from reward_tag_wrapper rewardtagw0_ where rewardtagw0_.user_id=?
Hibernate: select user0_.user_id as user_id1_21_0_, user0_.character_id as characte7_21_0_, user0_.user_created_at as user_cre2_21_0_, user0_.user_name as user_nam3_21_0_, user0_.user_phone_number as user_pho4_21_0_, user0_.user_user_id as user_use5_21_0_, user0_.user_user_password as user_use6_21_0_ from user user0_ where user0_.user_id=?
Hibernate: select character0_.character_id as characte1_6_0_, character0_.character_character_name as characte2_6_0_ from characters character0_ where character0_.character_id=?
Hibernate: select count(*) as col_0_0_ from user user0_ where user0_.user_id=?
Hibernate: select character1_.character_id as characte1_6_, character1_.character_character_name as characte2_6_ from user user0_ inner join characters character1_ on user0_.character_id=character1_.character_id where user0_.user_id=?
Hibernate: select permission0_.character_id as characte6_12_0_, permission0_.permission_id as permissi1_12_0_, permission0_.permission_id as permissi1_12_1_, permission0_.character_id as characte6_12_1_, permission0_.permission_name as permissi2_12_1_, permission0_.permission_permission_unit_id as permissi3_12_1_, permission0_.permission_service as permissi4_12_1_, permission0_.permission_status as permissi5_12_1_ from permission permission0_ where permission0_.character_id=?
Hibernate: select count(*) as col_0_0_ from user user0_ where user0_.user_id=?
Hibernate: select user0_.user_id as user_id1_21_, user0_.character_id as characte7_21_, user0_.user_created_at as user_cre2_21_, user0_.user_name as user_nam3_21_, user0_.user_phone_number as user_pho4_21_, user0_.user_user_id as user_use5_21_, user0_.user_user_password as user_use6_21_ from user user0_ where user0_.user_id=?
Hibernate: select character0_.character_id as characte1_6_0_, character0_.character_character_name as characte2_6_0_ from characters character0_ where character0_.character_id=?
Hibernate: select rewardtagw0_.user_id as user_id4_16_0_, rewardtagw0_.reward_tag_wrapper_reward_id as reward_t1_16_0_, rewardtagw0_.reward_tag_wrapper_reward_id as reward_t1_16_1_, rewardtagw0_.reward_tag_wrapper_reward_presented_at as reward_t2_16_1_, rewardtagw0_.reward_tag_reward_tag_id as reward_t3_16_1_, rewardtagw0_.user_id as user_id4_16_1_ from reward_tag_wrapper rewardtagw0_ where rewardtagw0_.user_id=?
Hibernate: select attendance0_.attendance_user_attendance_user_id as col_0_0_ from attendance_user attendance0_ where attendance0_.user_id=? limit ?
Hibernate: DELETE FROM USER WHERE USER_ID = ?
Hibernate: select user0_.user_id as col_0_0_ from user user0_ where user0_.user_user_id=? limit ?
Hibernate: select user0_.user_id as col_0_0_ from user user0_ where user0_.user_user_id=? limit ?
Hibernate: select user0_.user_id as user_id1_21_, user0_.character_id as characte7_21_, user0_.user_created_at as user_cre2_21_, user0_.user_name as user_nam3_21_, user0_.user_phone_number as user_pho4_21_, user0_.user_user_id as user_use5_21_, user0_.user_user_password as user_use6_21_ from user user0_ inner join characters character1_ on user0_.character_id=character1_.character_id where user0_.user_user_id=?
Hibernate: select character0_.character_id as characte1_6_0_, character0_.character_character_name as characte2_6_0_ from characters character0_ where character0_.character_id=?
Hibernate: select rewardtagw0_.user_id as user_id4_16_0_, rewardtagw0_.reward_tag_wrapper_reward_id as reward_t1_16_0_, rewardtagw0_.reward_tag_wrapper_reward_id as reward_t1_16_1_, rewardtagw0_.reward_tag_wrapper_reward_presented_at as reward_t2_16_1_, rewardtagw0_.reward_tag_reward_tag_id as reward_t3_16_1_, rewardtagw0_.user_id as user_id4_16_1_ from reward_tag_wrapper rewardtagw0_ where rewardtagw0_.user_id=?
Hibernate: select user0_.user_id as user_id1_21_0_, user0_.character_id as characte7_21_0_, user0_.user_created_at as user_cre2_21_0_, user0_.user_name as user_nam3_21_0_, user0_.user_phone_number as user_pho4_21_0_, user0_.user_user_id as user_use5_21_0_, user0_.user_user_password as user_use6_21_0_ from user user0_ where user0_.user_id=?
Hibernate: select character0_.character_id as characte1_6_0_, character0_.character_character_name as characte2_6_0_ from characters character0_ where character0_.character_id=?
Hibernate: select count(*) as col_0_0_ from user user0_ where user0_.user_id=?
Hibernate: select character1_.character_id as characte1_6_, character1_.character_character_name as characte2_6_ from user user0_ inner join characters character1_ on user0_.character_id=character1_.character_id where user0_.user_id=?
Hibernate: select permission0_.character_id as characte6_12_0_, permission0_.permission_id as permissi1_12_0_, permission0_.permission_id as permissi1_12_1_, permission0_.character_id as characte6_12_1_, permission0_.permission_name as permissi2_12_1_, permission0_.permission_permission_unit_id as permissi3_12_1_, permission0_.permission_service as permissi4_12_1_, permission0_.permission_status as permissi5_12_1_ from permission permission0_ where permission0_.character_id=?
Hibernate: select count(*) as col_0_0_ from user user0_ where user0_.user_id=?
Hibernate: select user0_.user_id as user_id1_21_, user0_.character_id as characte7_21_, user0_.user_created_at as user_cre2_21_, user0_.user_name as user_nam3_21_, user0_.user_phone_number as user_pho4_21_, user0_.user_user_id as user_use5_21_, user0_.user_user_password as user_use6_21_ from user user0_ where user0_.user_id=?
Hibernate: select character0_.character_id as characte1_6_0_, character0_.character_character_name as characte2_6_0_ from characters character0_ where character0_.character_id=?
Hibernate: select rewardtagw0_.user_id as user_id4_16_0_, rewardtagw0_.reward_tag_wrapper_reward_id as reward_t1_16_0_, rewardtagw0_.reward_tag_wrapper_reward_id as reward_t1_16_1_, rewardtagw0_.reward_tag_wrapper_reward_presented_at as reward_t2_16_1_, rewardtagw0_.reward_tag_reward_tag_id as reward_t3_16_1_, rewardtagw0_.user_id as user_id4_16_1_ from reward_tag_wrapper rewardtagw0_ where rewardtagw0_.user_id=?
Hibernate: select attendance0_.attendance_user_attendance_user_id as col_0_0_ from attendance_user attendance0_ where attendance0_.user_id=? limit ?
Hibernate: DELETE FROM USER WHERE USER_ID = ?
Hibernate: select user0_.user_id as col_0_0_ from user user0_ where user0_.user_user_id=? limit ?
Hibernate: select user0_.user_id as col_0_0_ from user user0_ where user0_.user_user_id=? limit ?
Hibernate: select user0_.user_id as user_id1_21_, user0_.character_id as characte7_21_, user0_.user_created_at as user_cre2_21_, user0_.user_name as user_nam3_21_, user0_.user_phone_number as user_pho4_21_, user0_.user_user_id as user_use5_21_, user0_.user_user_password as user_use6_21_ from user user0_ inner join characters character1_ on user0_.character_id=character1_.character_id where user0_.user_user_id=?
Hibernate: select character0_.character_id as characte1_6_0_, character0_.character_character_name as characte2_6_0_ from characters character0_ where character0_.character_id=?
Hibernate: select rewardtagw0_.user_id as user_id4_16_0_, rewardtagw0_.reward_tag_wrapper_reward_id as reward_t1_16_0_, rewardtagw0_.reward_tag_wrapper_reward_id as reward_t1_16_1_, rewardtagw0_.reward_tag_wrapper_reward_presented_at as reward_t2_16_1_, rewardtagw0_.reward_tag_reward_tag_id as reward_t3_16_1_, rewardtagw0_.user_id as user_id4_16_1_ from reward_tag_wrapper rewardtagw0_ where rewardtagw0_.user_id=?
Hibernate: select user0_.user_id as user_id1_21_0_, user0_.character_id as characte7_21_0_, user0_.user_created_at as user_cre2_21_0_, user0_.user_name as user_nam3_21_0_, user0_.user_phone_number as user_pho4_21_0_, user0_.user_user_id as user_use5_21_0_, user0_.user_user_password as user_use6_21_0_ from user user0_ where user0_.user_id=?
Hibernate: select character0_.character_id as characte1_6_0_, character0_.character_character_name as characte2_6_0_ from characters character0_ where character0_.character_id=?
Hibernate: select count(*) as col_0_0_ from user user0_ where user0_.user_id=?
Hibernate: select character1_.character_id as characte1_6_, character1_.character_character_name as characte2_6_ from user user0_ inner join characters character1_ on user0_.character_id=character1_.character_id where user0_.user_id=?
Hibernate: select permission0_.character_id as characte6_12_0_, permission0_.permission_id as permissi1_12_0_, permission0_.permission_id as permissi1_12_1_, permission0_.character_id as characte6_12_1_, permission0_.permission_name as permissi2_12_1_, permission0_.permission_permission_unit_id as permissi3_12_1_, permission0_.permission_service as permissi4_12_1_, permission0_.permission_status as permissi5_12_1_ from permission permission0_ where permission0_.character_id=?
Hibernate: select count(*) as col_0_0_ from user user0_ where user0_.user_id=?
Hibernate: select user0_.user_id as user_id1_21_, user0_.character_id as characte7_21_, user0_.user_created_at as user_cre2_21_, user0_.user_name as user_nam3_21_, user0_.user_phone_number as user_pho4_21_, user0_.user_user_id as user_use5_21_, user0_.user_user_password as user_use6_21_ from user user0_ where user0_.user_id=?
Hibernate: select character0_.character_id as characte1_6_0_, character0_.character_character_name as characte2_6_0_ from characters character0_ where character0_.character_id=?
Hibernate: select rewardtagw0_.user_id as user_id4_16_0_, rewardtagw0_.reward_tag_wrapper_reward_id as reward_t1_16_0_, rewardtagw0_.reward_tag_wrapper_reward_id as reward_t1_16_1_, rewardtagw0_.reward_tag_wrapper_reward_presented_at as reward_t2_16_1_, rewardtagw0_.reward_tag_reward_tag_id as reward_t3_16_1_, rewardtagw0_.user_id as user_id4_16_1_ from reward_tag_wrapper rewardtagw0_ where rewardtagw0_.user_id=?
Hibernate: select attendance0_.attendance_user_attendance_user_id as col_0_0_ from attendance_user attendance0_ where attendance0_.user_id=? limit ?
Hibernate: DELETE FROM USER WHERE USER_ID = ?
Hibernate: select user0_.user_id as col_0_0_ from user user0_ where user0_.user_user_id=? limit ?
Hibernate: select user0_.user_id as col_0_0_ from user user0_ where user0_.user_user_id=? limit ?
Hibernate: select user0_.user_id as col_0_0_ from user user0_ where user0_.user_user_id=? limit ?
Hibernate: select U.* from USER U where U.USER_USER_ID =?
Hibernate: select character0_.character_id as characte1_6_0_, character0_.character_character_name as characte2_6_0_ from characters character0_ where character0_.character_id=?
Hibernate: select user0_.user_id as user_id1_21_0_, user0_.character_id as characte7_21_0_, user0_.user_created_at as user_cre2_21_0_, user0_.user_name as user_nam3_21_0_, user0_.user_phone_number as user_pho4_21_0_, user0_.user_user_id as user_use5_21_0_, user0_.user_user_password as user_use6_21_0_ from user user0_ where user0_.user_id=?
Hibernate: select character0_.character_id as characte1_6_0_, character0_.character_character_name as characte2_6_0_ from characters character0_ where character0_.character_id=?
Hibernate: select count(*) as col_0_0_ from team_building teambuildi0_
Hibernate: select count(*) as col_0_0_ from team_building teambuildi0_
Hibernate: select user0_.user_id as col_0_0_ from user user0_ where user0_.user_user_id=? limit ?
Hibernate: select user0_.user_id as col_0_0_ from user user0_ where user0_.user_user_id=? limit ?
Hibernate: select U.* from USER U where U.USER_USER_ID =?
Hibernate: select character0_.character_id as characte1_6_0_, character0_.character_character_name as characte2_6_0_ from characters character0_ where character0_.character_id=?
Hibernate: select user0_.user_id as col_0_0_ from user user0_ where user0_.user_user_id=? limit ?
Hibernate: select user0_.user_id as col_0_0_ from user user0_ where user0_.user_user_id=? limit ?
Hibernate: select U.* from USER U where U.USER_USER_ID =?
Hibernate: select character0_.character_id as characte1_6_0_, character0_.character_character_name as characte2_6_0_ from characters character0_ where character0_.character_id=?
Hibernate: select user0_.user_id as col_0_0_ from user user0_ where user0_.user_user_id=? limit ?
Hibernate: select user0_.user_id as col_0_0_ from user user0_ where user0_.user_user_id=? limit ?
Hibernate: select U.* from USER U where U.USER_USER_ID =?
Hibernate: select character0_.character_id as characte1_6_0_, character0_.character_character_name as characte2_6_0_ from characters character0_ where character0_.character_id=?
Hibernate: select user0_.user_id as col_0_0_ from user user0_ where user0_.user_user_id=? limit ?
Hibernate: select userjoinin0_.user_joining_pool_id as col_0_0_ from user_joining_pool userjoinin0_ where userjoinin0_.user_user_id=? limit ?
Hibernate: select character0_.character_id as col_0_0_ from characters character0_ where character0_.character_character_name=? limit ?
Hibernate: insert into user_joining_pool (user_joining_pool_id, user_created_at, user_name, user_phone_number, user_user_id, user_user_password) values (default, ?, ?, ?, ?, ?)
Hibernate: select user0_.user_id as user_id1_21_0_, user0_.character_id as characte7_21_0_, user0_.user_created_at as user_cre2_21_0_, user0_.user_name as user_nam3_21_0_, user0_.user_phone_number as user_pho4_21_0_, user0_.user_user_id as user_use5_21_0_, user0_.user_user_password as user_use6_21_0_ from user user0_ where user0_.user_id=?
Hibernate: select character0_.character_id as characte1_6_0_, character0_.character_character_name as characte2_6_0_ from characters character0_ where character0_.character_id=?
Hibernate: select count(*) as col_0_0_ from user user0_ where user0_.user_id=?
Hibernate: select character1_.character_id as characte1_6_, character1_.character_character_name as characte2_6_ from user user0_ inner join characters character1_ on user0_.character_id=character1_.character_id where user0_.user_id=?
Hibernate: select permission0_.character_id as characte6_12_0_, permission0_.permission_id as permissi1_12_0_, permission0_.permission_id as permissi1_12_1_, permission0_.character_id as characte6_12_1_, permission0_.permission_name as permissi2_12_1_, permission0_.permission_permission_unit_id as permissi3_12_1_, permission0_.permission_service as permissi4_12_1_, permission0_.permission_status as permissi5_12_1_ from permission permission0_ where permission0_.character_id=?
Hibernate: select userjoinin0_.user_joining_pool_id as col_0_0_ from user_joining_pool userjoinin0_ where userjoinin0_.user_user_id=? limit ?
Hibernate: select userjoinin0_.user_joining_pool_id as user_joi1_22_, userjoinin0_.user_created_at as user_cre2_22_, userjoinin0_.user_name as user_nam3_22_, userjoinin0_.user_phone_number as user_pho4_22_, userjoinin0_.user_user_id as user_use5_22_, userjoinin0_.user_user_password as user_use6_22_ from user_joining_pool userjoinin0_ where userjoinin0_.user_user_id=?
Hibernate: select character0_.character_id as characte1_6_, character0_.character_character_name as characte2_6_ from characters character0_ where character0_.character_character_name=?
Hibernate: insert into user (user_id, character_id, user_created_at, user_name, user_phone_number, user_user_id, user_user_password) values (default, ?, ?, ?, ?, ?, ?)
Hibernate: DELETE FROM USER_JOINING_POOL as JU where JU.USER_USER_ID =?
Hibernate: select user0_.user_id as col_0_0_ from user user0_ where user0_.user_user_id=? limit ?
Hibernate: select user0_.user_id as col_0_0_ from user user0_ where user0_.user_user_id=? limit ?
Hibernate: select U.* from USER U where U.USER_USER_ID =?
Hibernate: select character0_.character_id as characte1_6_0_, character0_.character_character_name as characte2_6_0_ from characters character0_ where character0_.character_id=?
Hibernate: select user0_.user_id as col_0_0_ from user user0_ where user0_.user_user_id=? limit ?
Hibernate: select userjoinin0_.user_joining_pool_id as col_0_0_ from user_joining_pool userjoinin0_ where userjoinin0_.user_user_id=? limit ?
Hibernate: select character0_.character_id as col_0_0_ from characters character0_ where character0_.character_character_name=? limit ?
Hibernate: insert into user_joining_pool (user_joining_pool_id, user_created_at, user_name, user_phone_number, user_user_id, user_user_password) values (default, ?, ?, ?, ?, ?)
Hibernate: select user0_.user_id as user_id1_21_0_, user0_.character_id as characte7_21_0_, user0_.user_created_at as user_cre2_21_0_, user0_.user_name as user_nam3_21_0_, user0_.user_phone_number as user_pho4_21_0_, user0_.user_user_id as user_use5_21_0_, user0_.user_user_password as user_use6_21_0_ from user user0_ where user0_.user_id=?
Hibernate: select character0_.character_id as characte1_6_0_, character0_.character_character_name as characte2_6_0_ from characters character0_ where character0_.character_id=?
Hibernate: select count(*) as col_0_0_ from user user0_ where user0_.user_id=?
Hibernate: select character1_.character_id as characte1_6_, character1_.character_character_name as characte2_6_ from user user0_ inner join characters character1_ on user0_.character_id=character1_.character_id where user0_.user_id=?
Hibernate: select permission0_.character_id as characte6_12_0_, permission0_.permission_id as permissi1_12_0_, permission0_.permission_id as permissi1_12_1_, permission0_.character_id as characte6_12_1_, permission0_.permission_name as permissi2_12_1_, permission0_.permission_permission_unit_id as permissi3_12_1_, permission0_.permission_service as permissi4_12_1_, permission0_.permission_status as permissi5_12_1_ from permission permission0_ where permission0_.character_id=?
Hibernate: select userjoinin0_.user_joining_pool_id as col_0_0_ from user_joining_pool userjoinin0_ where userjoinin0_.user_user_id=? limit ?
Hibernate: select userjoinin0_.user_joining_pool_id as user_joi1_22_, userjoinin0_.user_created_at as user_cre2_22_, userjoinin0_.user_name as user_nam3_22_, userjoinin0_.user_phone_number as user_pho4_22_, userjoinin0_.user_user_id as user_use5_22_, userjoinin0_.user_user_password as user_use6_22_ from user_joining_pool userjoinin0_ where userjoinin0_.user_user_id=?
Hibernate: select character0_.character_id as characte1_6_, character0_.character_character_name as characte2_6_ from characters character0_ where character0_.character_character_name=?
Hibernate: insert into user (user_id, character_id, user_created_at, user_name, user_phone_number, user_user_id, user_user_password) values (default, ?, ?, ?, ?, ?, ?)
Hibernate: DELETE FROM USER_JOINING_POOL as JU where JU.USER_USER_ID =?
Hibernate: select user0_.user_id as col_0_0_ from user user0_ where user0_.user_user_id=? limit ?
Hibernate: select user0_.user_id as col_0_0_ from user user0_ where user0_.user_user_id=? limit ?
Hibernate: select U.* from USER U where U.USER_USER_ID =?
Hibernate: select character0_.character_id as characte1_6_0_, character0_.character_character_name as characte2_6_0_ from characters character0_ where character0_.character_id=?
Hibernate: select user0_.user_id as col_0_0_ from user user0_ where user0_.user_user_id=? limit ?
Hibernate: select userjoinin0_.user_joining_pool_id as col_0_0_ from user_joining_pool userjoinin0_ where userjoinin0_.user_user_id=? limit ?
Hibernate: select character0_.character_id as col_0_0_ from characters character0_ where character0_.character_character_name=? limit ?
Hibernate: insert into user_joining_pool (user_joining_pool_id, user_created_at, user_name, user_phone_number, user_user_id, user_user_password) values (default, ?, ?, ?, ?, ?)
Hibernate: select user0_.user_id as user_id1_21_0_, user0_.character_id as characte7_21_0_, user0_.user_created_at as user_cre2_21_0_, user0_.user_name as user_nam3_21_0_, user0_.user_phone_number as user_pho4_21_0_, user0_.user_user_id as user_use5_21_0_, user0_.user_user_password as user_use6_21_0_ from user user0_ where user0_.user_id=?
Hibernate: select character0_.character_id as characte1_6_0_, character0_.character_character_name as characte2_6_0_ from characters character0_ where character0_.character_id=?
Hibernate: select count(*) as col_0_0_ from user user0_ where user0_.user_id=?
Hibernate: select character1_.character_id as characte1_6_, character1_.character_character_name as characte2_6_ from user user0_ inner join characters character1_ on user0_.character_id=character1_.character_id where user0_.user_id=?
Hibernate: select permission0_.character_id as characte6_12_0_, permission0_.permission_id as permissi1_12_0_, permission0_.permission_id as permissi1_12_1_, permission0_.character_id as characte6_12_1_, permission0_.permission_name as permissi2_12_1_, permission0_.permission_permission_unit_id as permissi3_12_1_, permission0_.permission_service as permissi4_12_1_, permission0_.permission_status as permissi5_12_1_ from permission permission0_ where permission0_.character_id=?
Hibernate: select userjoinin0_.user_joining_pool_id as col_0_0_ from user_joining_pool userjoinin0_ where userjoinin0_.user_user_id=? limit ?
Hibernate: select userjoinin0_.user_joining_pool_id as user_joi1_22_, userjoinin0_.user_created_at as user_cre2_22_, userjoinin0_.user_name as user_nam3_22_, userjoinin0_.user_phone_number as user_pho4_22_, userjoinin0_.user_user_id as user_use5_22_, userjoinin0_.user_user_password as user_use6_22_ from user_joining_pool userjoinin0_ where userjoinin0_.user_user_id=?
Hibernate: select character0_.character_id as characte1_6_, character0_.character_character_name as characte2_6_ from characters character0_ where character0_.character_character_name=?
Hibernate: insert into user (user_id, character_id, user_created_at, user_name, user_phone_number, user_user_id, user_user_password) values (default, ?, ?, ?, ?, ?, ?)
Hibernate: DELETE FROM USER_JOINING_POOL as JU where JU.USER_USER_ID =?
Hibernate: select user0_.user_id as col_0_0_ from user user0_ where user0_.user_user_id=? limit ?
Hibernate: select user0_.user_id as col_0_0_ from user user0_ where user0_.user_user_id=? limit ?
Hibernate: select U.* from USER U where U.USER_USER_ID =?
Hibernate: select character0_.character_id as characte1_6_0_, character0_.character_character_name as characte2_6_0_ from characters character0_ where character0_.character_id=?
Hibernate: select user0_.user_id as col_0_0_ from user user0_ where user0_.user_user_id=? limit ?
Hibernate: select userjoinin0_.user_joining_pool_id as col_0_0_ from user_joining_pool userjoinin0_ where userjoinin0_.user_user_id=? limit ?
Hibernate: select character0_.character_id as col_0_0_ from characters character0_ where character0_.character_character_name=? limit ?
Hibernate: insert into user_joining_pool (user_joining_pool_id, user_created_at, user_name, user_phone_number, user_user_id, user_user_password) values (default, ?, ?, ?, ?, ?)
Hibernate: select user0_.user_id as user_id1_21_0_, user0_.character_id as characte7_21_0_, user0_.user_created_at as user_cre2_21_0_, user0_.user_name as user_nam3_21_0_, user0_.user_phone_number as user_pho4_21_0_, user0_.user_user_id as user_use5_21_0_, user0_.user_user_password as user_use6_21_0_ from user user0_ where user0_.user_id=?
Hibernate: select character0_.character_id as characte1_6_0_, character0_.character_character_name as characte2_6_0_ from characters character0_ where character0_.character_id=?
Hibernate: select count(*) as col_0_0_ from user user0_ where user0_.user_id=?
Hibernate: select character1_.character_id as characte1_6_, character1_.character_character_name as characte2_6_ from user user0_ inner join characters character1_ on user0_.character_id=character1_.character_id where user0_.user_id=?
Hibernate: select permission0_.character_id as characte6_12_0_, permission0_.permission_id as permissi1_12_0_, permission0_.permission_id as permissi1_12_1_, permission0_.character_id as characte6_12_1_, permission0_.permission_name as permissi2_12_1_, permission0_.permission_permission_unit_id as permissi3_12_1_, permission0_.permission_service as permissi4_12_1_, permission0_.permission_status as permissi5_12_1_ from permission permission0_ where permission0_.character_id=?
Hibernate: select userjoinin0_.user_joining_pool_id as col_0_0_ from user_joining_pool userjoinin0_ where userjoinin0_.user_user_id=? limit ?
Hibernate: select userjoinin0_.user_joining_pool_id as user_joi1_22_, userjoinin0_.user_created_at as user_cre2_22_, userjoinin0_.user_name as user_nam3_22_, userjoinin0_.user_phone_number as user_pho4_22_, userjoinin0_.user_user_id as user_use5_22_, userjoinin0_.user_user_password as user_use6_22_ from user_joining_pool userjoinin0_ where userjoinin0_.user_user_id=?
Hibernate: select character0_.character_id as characte1_6_, character0_.character_character_name as characte2_6_ from characters character0_ where character0_.character_character_name=?
Hibernate: insert into user (user_id, character_id, user_created_at, user_name, user_phone_number, user_user_id, user_user_password) values (default, ?, ?, ?, ?, ?, ?)
Hibernate: DELETE FROM USER_JOINING_POOL as JU where JU.USER_USER_ID =?
Hibernate: select user0_.user_id as col_0_0_ from user user0_ where user0_.user_user_id=? limit ?
Hibernate: select user0_.user_id as col_0_0_ from user user0_ where user0_.user_user_id=? limit ?
Hibernate: select U.* from USER U where U.USER_USER_ID =?
Hibernate: select character0_.character_id as characte1_6_0_, character0_.character_character_name as characte2_6_0_ from characters character0_ where character0_.character_id=?
Hibernate: select user0_.user_id as col_0_0_ from user user0_ where user0_.user_user_id=? limit ?
Hibernate: select userjoinin0_.user_joining_pool_id as col_0_0_ from user_joining_pool userjoinin0_ where userjoinin0_.user_user_id=? limit ?
Hibernate: select character0_.character_id as col_0_0_ from characters character0_ where character0_.character_character_name=? limit ?
Hibernate: insert into user_joining_pool (user_joining_pool_id, user_created_at, user_name, user_phone_number, user_user_id, user_user_password) values (default, ?, ?, ?, ?, ?)
Hibernate: select user0_.user_id as user_id1_21_0_, user0_.character_id as characte7_21_0_, user0_.user_created_at as user_cre2_21_0_, user0_.user_name as user_nam3_21_0_, user0_.user_phone_number as user_pho4_21_0_, user0_.user_user_id as user_use5_21_0_, user0_.user_user_password as user_use6_21_0_ from user user0_ where user0_.user_id=?
Hibernate: select character0_.character_id as characte1_6_0_, character0_.character_character_name as characte2_6_0_ from characters character0_ where character0_.character_id=?
Hibernate: select count(*) as col_0_0_ from user user0_ where user0_.user_id=?
Hibernate: select character1_.character_id as characte1_6_, character1_.character_character_name as characte2_6_ from user user0_ inner join characters character1_ on user0_.character_id=character1_.character_id where user0_.user_id=?
Hibernate: select permission0_.character_id as characte6_12_0_, permission0_.permission_id as permissi1_12_0_, permission0_.permission_id as permissi1_12_1_, permission0_.character_id as characte6_12_1_, permission0_.permission_name as permissi2_12_1_, permission0_.permission_permission_unit_id as permissi3_12_1_, permission0_.permission_service as permissi4_12_1_, permission0_.permission_status as permissi5_12_1_ from permission permission0_ where permission0_.character_id=?
Hibernate: select userjoinin0_.user_joining_pool_id as col_0_0_ from user_joining_pool userjoinin0_ where userjoinin0_.user_user_id=? limit ?
Hibernate: select userjoinin0_.user_joining_pool_id as user_joi1_22_, userjoinin0_.user_created_at as user_cre2_22_, userjoinin0_.user_name as user_nam3_22_, userjoinin0_.user_phone_number as user_pho4_22_, userjoinin0_.user_user_id as user_use5_22_, userjoinin0_.user_user_password as user_use6_22_ from user_joining_pool userjoinin0_ where userjoinin0_.user_user_id=?
Hibernate: select character0_.character_id as characte1_6_, character0_.character_character_name as characte2_6_ from characters character0_ where character0_.character_character_name=?
Hibernate: insert into user (user_id, character_id, user_created_at, user_name, user_phone_number, user_user_id, user_user_password) values (default, ?, ?, ?, ?, ?, ?)
Hibernate: DELETE FROM USER_JOINING_POOL as JU where JU.USER_USER_ID =?
Hibernate: select user0_.user_id as user_id1_21_0_, user0_.character_id as characte7_21_0_, user0_.user_created_at as user_cre2_21_0_, user0_.user_name as user_nam3_21_0_, user0_.user_phone_number as user_pho4_21_0_, user0_.user_user_id as user_use5_21_0_, user0_.user_user_password as user_use6_21_0_ from user user0_ where user0_.user_id=?
Hibernate: select character0_.character_id as characte1_6_0_, character0_.character_character_name as characte2_6_0_ from characters character0_ where character0_.character_id=?
Hibernate: select count(*) as col_0_0_ from user user0_ where user0_.user_id=?
Hibernate: select character1_.character_id as characte1_6_, character1_.character_character_name as characte2_6_ from user user0_ inner join characters character1_ on user0_.character_id=character1_.character_id where user0_.user_id=?
Hibernate: select permission0_.character_id as characte6_12_0_, permission0_.permission_id as permissi1_12_0_, permission0_.permission_id as permissi1_12_1_, permission0_.character_id as characte6_12_1_, permission0_.permission_name as permissi2_12_1_, permission0_.permission_permission_unit_id as permissi3_12_1_, permission0_.permission_service as permissi4_12_1_, permission0_.permission_status as permissi5_12_1_ from permission permission0_ where permission0_.character_id=?
Hibernate: select user0_.user_id as col_0_0_ from user user0_ where user0_.user_user_id=? limit ?
Hibernate: select user0_.user_id as col_0_0_ from user user0_ where user0_.user_user_id=? limit ?
Hibernate: select user0_.user_id as col_0_0_ from user user0_ where user0_.user_user_id=? limit ?
Hibernate: select user0_.user_id as col_0_0_ from user user0_ where user0_.user_user_id=? limit ?
Hibernate: select user0_.user_id as col_0_0_ from user user0_ where user0_.user_user_id=? limit ?
Hibernate: select user0_.user_id as user_id1_21_, user0_.character_id as characte7_21_, user0_.user_created_at as user_cre2_21_, user0_.user_name as user_nam3_21_, user0_.user_phone_number as user_pho4_21_, user0_.user_user_id as user_use5_21_, user0_.user_user_password as user_use6_21_ from user user0_ inner join characters character1_ on user0_.character_id=character1_.character_id where user0_.user_user_id=?
Hibernate: select character0_.character_id as characte1_6_0_, character0_.character_character_name as characte2_6_0_ from characters character0_ where character0_.character_id=?
Hibernate: select user0_.user_id as user_id1_21_, user0_.character_id as characte7_21_, user0_.user_created_at as user_cre2_21_, user0_.user_name as user_nam3_21_, user0_.user_phone_number as user_pho4_21_, user0_.user_user_id as user_use5_21_, user0_.user_user_password as user_use6_21_ from user user0_ inner join characters character1_ on user0_.character_id=character1_.character_id where user0_.user_user_id=?
Hibernate: select user0_.user_id as user_id1_21_, user0_.character_id as characte7_21_, user0_.user_created_at as user_cre2_21_, user0_.user_name as user_nam3_21_, user0_.user_phone_number as user_pho4_21_, user0_.user_user_id as user_use5_21_, user0_.user_user_password as user_use6_21_ from user user0_ inner join characters character1_ on user0_.character_id=character1_.character_id where user0_.user_user_id=?
Hibernate: select user0_.user_id as user_id1_21_, user0_.character_id as characte7_21_, user0_.user_created_at as user_cre2_21_, user0_.user_name as user_nam3_21_, user0_.user_phone_number as user_pho4_21_, user0_.user_user_id as user_use5_21_, user0_.user_user_password as user_use6_21_ from user user0_ inner join characters character1_ on user0_.character_id=character1_.character_id where user0_.user_user_id=?
Hibernate: select user0_.user_id as user_id1_21_, user0_.character_id as characte7_21_, user0_.user_created_at as user_cre2_21_, user0_.user_name as user_nam3_21_, user0_.user_phone_number as user_pho4_21_, user0_.user_user_id as user_use5_21_, user0_.user_user_password as user_use6_21_ from user user0_ inner join characters character1_ on user0_.character_id=character1_.character_id where user0_.user_user_id=?
Hibernate: insert into team_building (team_building_team_building_id, team_building_created_at, team_building_last_modified_at, team_building_team_building_title) values (default, ?, ?, ?)
Hibernate: insert into team (team_team_id, team_last_modified_at, team_building_team_building_id, team_team_name) values (default, ?, ?, ?)
Hibernate: insert into team_user (team_user_id, team_team_id, user_id) values (default, ?, ?)
Hibernate: insert into team_user (team_user_id, team_team_id, user_id) values (default, ?, ?)
Hibernate: insert into team_user (team_user_id, team_team_id, user_id) values (default, ?, ?)
Hibernate: insert into team (team_team_id, team_last_modified_at, team_building_team_building_id, team_team_name) values (default, ?, ?, ?)
Hibernate: insert into team_user (team_user_id, team_team_id, user_id) values (default, ?, ?)
Hibernate: insert into team_user (team_user_id, team_team_id, user_id) values (default, ?, ?)
Hibernate: select user0_.user_id as user_id1_21_0_, user0_.character_id as characte7_21_0_, user0_.user_created_at as user_cre2_21_0_, user0_.user_name as user_nam3_21_0_, user0_.user_phone_number as user_pho4_21_0_, user0_.user_user_id as user_use5_21_0_, user0_.user_user_password as user_use6_21_0_ from user user0_ where user0_.user_id=?
Hibernate: select character0_.character_id as characte1_6_0_, character0_.character_character_name as characte2_6_0_ from characters character0_ where character0_.character_id=?
Hibernate: select count(*) as col_0_0_ from team_building teambuildi0_
Hibernate: select count(*) as col_0_0_ from team_building teambuildi0_
Hibernate: select teambuildi0_.team_building_team_building_id as team_bui1_19_, teambuildi0_.team_building_created_at as team_bui2_19_, teambuildi0_.team_building_last_modified_at as team_bui3_19_, teambuildi0_.team_building_team_building_title as team_bui4_19_ from team_building teambuildi0_ order by teambuildi0_.team_building_created_at desc, teambuildi0_.team_building_team_building_id desc limit ?
Hibernate: select teamlist0_.team_building_team_building_id as team_bui4_18_0_, teamlist0_.team_team_id as team_tea1_18_0_, teamlist0_.team_team_id as team_tea1_18_1_, teamlist0_.team_last_modified_at as team_las2_18_1_, teamlist0_.team_building_team_building_id as team_bui4_18_1_, teamlist0_.team_team_name as team_tea3_18_1_ from team teamlist0_ where teamlist0_.team_building_team_building_id=?
Hibernate: select teamuserli0_.team_team_id as team_tea2_20_0_, teamuserli0_.team_user_id as team_use1_20_0_, teamuserli0_.team_user_id as team_use1_20_1_, teamuserli0_.team_team_id as team_tea2_20_1_, teamuserli0_.user_id as user_id3_20_1_ from team_user teamuserli0_ where teamuserli0_.team_team_id=?
Hibernate: select user0_.user_id as user_id1_21_0_, user0_.character_id as characte7_21_0_, user0_.user_created_at as user_cre2_21_0_, user0_.user_name as user_nam3_21_0_, user0_.user_phone_number as user_pho4_21_0_, user0_.user_user_id as user_use5_21_0_, user0_.user_user_password as user_use6_21_0_ from user user0_ where user0_.user_id=?
Hibernate: select character0_.character_id as characte1_6_0_, character0_.character_character_name as characte2_6_0_ from characters character0_ where character0_.character_id=?
Hibernate: select user0_.user_id as user_id1_21_0_, user0_.character_id as characte7_21_0_, user0_.user_created_at as user_cre2_21_0_, user0_.user_name as user_nam3_21_0_, user0_.user_phone_number as user_pho4_21_0_, user0_.user_user_id as user_use5_21_0_, user0_.user_user_password as user_use6_21_0_ from user user0_ where user0_.user_id=?
Hibernate: select user0_.user_id as user_id1_21_0_, user0_.character_id as characte7_21_0_, user0_.user_created_at as user_cre2_21_0_, user0_.user_name as user_nam3_21_0_, user0_.user_phone_number as user_pho4_21_0_, user0_.user_user_id as user_use5_21_0_, user0_.user_user_password as user_use6_21_0_ from user user0_ where user0_.user_id=?
Hibernate: select teamuserli0_.team_team_id as team_tea2_20_0_, teamuserli0_.team_user_id as team_use1_20_0_, teamuserli0_.team_user_id as team_use1_20_1_, teamuserli0_.team_team_id as team_tea2_20_1_, teamuserli0_.user_id as user_id3_20_1_ from team_user teamuserli0_ where teamuserli0_.team_team_id=?
Hibernate: select user0_.user_id as user_id1_21_0_, user0_.character_id as characte7_21_0_, user0_.user_created_at as user_cre2_21_0_, user0_.user_name as user_nam3_21_0_, user0_.user_phone_number as user_pho4_21_0_, user0_.user_user_id as user_use5_21_0_, user0_.user_user_password as user_use6_21_0_ from user user0_ where user0_.user_id=?
Hibernate: select user0_.user_id as user_id1_21_0_, user0_.character_id as characte7_21_0_, user0_.user_created_at as user_cre2_21_0_, user0_.user_name as user_nam3_21_0_, user0_.user_phone_number as user_pho4_21_0_, user0_.user_user_id as user_use5_21_0_, user0_.user_user_password as user_use6_21_0_ from user user0_ where user0_.user_id=?
Hibernate: select user0_.user_id as user_id1_21_0_, user0_.character_id as characte7_21_0_, user0_.user_created_at as user_cre2_21_0_, user0_.user_name as user_nam3_21_0_, user0_.user_phone_number as user_pho4_21_0_, user0_.user_user_id as user_use5_21_0_, user0_.user_user_password as user_use6_21_0_ from user user0_ where user0_.user_id=?
Hibernate: select character0_.character_id as characte1_6_0_, character0_.character_character_name as characte2_6_0_ from characters character0_ where character0_.character_id=?
Hibernate: select count(*) as col_0_0_ from user user0_ where user0_.user_id=?
Hibernate: select character1_.character_id as characte1_6_, character1_.character_character_name as characte2_6_ from user user0_ inner join characters character1_ on user0_.character_id=character1_.character_id where user0_.user_id=?
Hibernate: select permission0_.character_id as characte6_12_0_, permission0_.permission_id as permissi1_12_0_, permission0_.permission_id as permissi1_12_1_, permission0_.character_id as characte6_12_1_, permission0_.permission_name as permissi2_12_1_, permission0_.permission_permission_unit_id as permissi3_12_1_, permission0_.permission_service as permissi4_12_1_, permission0_.permission_status as permissi5_12_1_ from permission permission0_ where permission0_.character_id=?
Hibernate: select count(*) as col_0_0_ from team team0_ where team0_.team_team_id=?

MockHttpServletRequest:
      HTTP Method = DELETE
      Request URI = /teambuilding/team/0
       Parameters = {}
          Headers = [Accept:"application/json", api-version:"1.0", Authorization:"Bearer eyJhbGciOiJIUzI1NiJ9.eyJzdWIiOiIxIiwiaWF0IjoxNjg3ODc3NDY5LCJleHAiOjE2ODc4ODEwNjl9.5GpcrqH17WaCEi6670WViYdxZ8Db7S7TQOeUs9MSnKg"]
             Body = null
    Session Attrs = {}

Handler:
             Type = org.waldreg.controller.teambuilding.TeamBuildingController
           Method = org.waldreg.controller.teambuilding.TeamBuildingController#deleteTeamByTeamId(int)

Async:
    Async started = false
     Async result = null

Resolved Exception:
             Type = org.waldreg.teambuilding.exception.UnknownTeamIdException

ModelAndView:
        View name = null
             View = null
            Model = null

FlashMap:
       Attributes = null

MockHttpServletResponse:
           Status = 400
    Error message = null
          Headers = [Vary:"Origin", "Access-Control-Request-Method", "Access-Control-Request-Headers", Api-version:"1.0", Content-Type:"application/json"]
     Content type = application/json
             Body = {"code":"TEAMBUILDING-407","messages":"Cannot find team id \"0\"","document_url":"docs.waldreg.org"}
    Forwarded URL = null
   Redirected URL = null
          Cookies = []
Hibernate: select user0_.user_id as col_0_0_ from user user0_ where user0_.user_user_id=? limit ?
Hibernate: select user0_.user_id as col_0_0_ from user user0_ where user0_.user_user_id=? limit ?
Hibernate: select U.* from USER U where U.USER_USER_ID =?
Hibernate: select character0_.character_id as characte1_6_0_, character0_.character_character_name as characte2_6_0_ from characters character0_ where character0_.character_id=?
Hibernate: select user0_.user_id as user_id1_21_0_, user0_.character_id as characte7_21_0_, user0_.user_created_at as user_cre2_21_0_, user0_.user_name as user_nam3_21_0_, user0_.user_phone_number as user_pho4_21_0_, user0_.user_user_id as user_use5_21_0_, user0_.user_user_password as user_use6_21_0_ from user user0_ where user0_.user_id=?
Hibernate: select character0_.character_id as characte1_6_0_, character0_.character_character_name as characte2_6_0_ from characters character0_ where character0_.character_id=?
Hibernate: select count(*) as col_0_0_ from team_building teambuildi0_
Hibernate: select count(*) as col_0_0_ from team_building teambuildi0_
Hibernate: select teambuildi0_.team_building_team_building_id as team_bui1_19_, teambuildi0_.team_building_created_at as team_bui2_19_, teambuildi0_.team_building_last_modified_at as team_bui3_19_, teambuildi0_.team_building_team_building_title as team_bui4_19_ from team_building teambuildi0_ order by teambuildi0_.team_building_created_at desc, teambuildi0_.team_building_team_building_id desc limit ?
Hibernate: select teamlist0_.team_building_team_building_id as team_bui4_18_0_, teamlist0_.team_team_id as team_tea1_18_0_, teamlist0_.team_team_id as team_tea1_18_1_, teamlist0_.team_last_modified_at as team_las2_18_1_, teamlist0_.team_building_team_building_id as team_bui4_18_1_, teamlist0_.team_team_name as team_tea3_18_1_ from team teamlist0_ where teamlist0_.team_building_team_building_id=?
Hibernate: select teamuserli0_.team_team_id as team_tea2_20_0_, teamuserli0_.team_user_id as team_use1_20_0_, teamuserli0_.team_user_id as team_use1_20_1_, teamuserli0_.team_team_id as team_tea2_20_1_, teamuserli0_.user_id as user_id3_20_1_ from team_user teamuserli0_ where teamuserli0_.team_team_id=?
Hibernate: select user0_.user_id as user_id1_21_0_, user0_.character_id as characte7_21_0_, user0_.user_created_at as user_cre2_21_0_, user0_.user_name as user_nam3_21_0_, user0_.user_phone_number as user_pho4_21_0_, user0_.user_user_id as user_use5_21_0_, user0_.user_user_password as user_use6_21_0_ from user user0_ where user0_.user_id=?
Hibernate: select character0_.character_id as characte1_6_0_, character0_.character_character_name as characte2_6_0_ from characters character0_ where character0_.character_id=?
Hibernate: select user0_.user_id as user_id1_21_0_, user0_.character_id as characte7_21_0_, user0_.user_created_at as user_cre2_21_0_, user0_.user_name as user_nam3_21_0_, user0_.user_phone_number as user_pho4_21_0_, user0_.user_user_id as user_use5_21_0_, user0_.user_user_password as user_use6_21_0_ from user user0_ where user0_.user_id=?
Hibernate: select user0_.user_id as user_id1_21_0_, user0_.character_id as characte7_21_0_, user0_.user_created_at as user_cre2_21_0_, user0_.user_name as user_nam3_21_0_, user0_.user_phone_number as user_pho4_21_0_, user0_.user_user_id as user_use5_21_0_, user0_.user_user_password as user_use6_21_0_ from user user0_ where user0_.user_id=?
Hibernate: select teamuserli0_.team_team_id as team_tea2_20_0_, teamuserli0_.team_user_id as team_use1_20_0_, teamuserli0_.team_user_id as team_use1_20_1_, teamuserli0_.team_team_id as team_tea2_20_1_, teamuserli0_.user_id as user_id3_20_1_ from team_user teamuserli0_ where teamuserli0_.team_team_id=?
Hibernate: select user0_.user_id as user_id1_21_0_, user0_.character_id as characte7_21_0_, user0_.user_created_at as user_cre2_21_0_, user0_.user_name as user_nam3_21_0_, user0_.user_phone_number as user_pho4_21_0_, user0_.user_user_id as user_use5_21_0_, user0_.user_user_password as user_use6_21_0_ from user user0_ where user0_.user_id=?
Hibernate: select user0_.user_id as user_id1_21_0_, user0_.character_id as characte7_21_0_, user0_.user_created_at as user_cre2_21_0_, user0_.user_name as user_nam3_21_0_, user0_.user_phone_number as user_pho4_21_0_, user0_.user_user_id as user_use5_21_0_, user0_.user_user_password as user_use6_21_0_ from user user0_ where user0_.user_id=?
Hibernate: select user0_.user_id as user_id1_21_0_, user0_.character_id as characte7_21_0_, user0_.user_created_at as user_cre2_21_0_, user0_.user_name as user_nam3_21_0_, user0_.user_phone_number as user_pho4_21_0_, user0_.user_user_id as user_use5_21_0_, user0_.user_user_password as user_use6_21_0_ from user user0_ where user0_.user_id=?
Hibernate: select character0_.character_id as characte1_6_0_, character0_.character_character_name as characte2_6_0_ from characters character0_ where character0_.character_id=?
Hibernate: select count(*) as col_0_0_ from user user0_ where user0_.user_id=?
Hibernate: select character1_.character_id as characte1_6_, character1_.character_character_name as characte2_6_ from user user0_ inner join characters character1_ on user0_.character_id=character1_.character_id where user0_.user_id=?
Hibernate: select permission0_.character_id as characte6_12_0_, permission0_.permission_id as permissi1_12_0_, permission0_.permission_id as permissi1_12_1_, permission0_.character_id as characte6_12_1_, permission0_.permission_name as permissi2_12_1_, permission0_.permission_permission_unit_id as permissi3_12_1_, permission0_.permission_service as permissi4_12_1_, permission0_.permission_status as permissi5_12_1_ from permission permission0_ where permission0_.character_id=?
Hibernate: select count(*) as col_0_0_ from team_building teambuildi0_ where teambuildi0_.team_building_team_building_id=?
Hibernate: select teambuildi0_.team_building_team_building_id as team_bui1_19_0_, teambuildi0_.team_building_created_at as team_bui2_19_0_, teambuildi0_.team_building_last_modified_at as team_bui3_19_0_, teambuildi0_.team_building_team_building_title as team_bui4_19_0_ from team_building teambuildi0_ where teambuildi0_.team_building_team_building_id=?
Hibernate: select teamlist0_.team_building_team_building_id as team_bui4_18_0_, teamlist0_.team_team_id as team_tea1_18_0_, teamlist0_.team_team_id as team_tea1_18_1_, teamlist0_.team_last_modified_at as team_las2_18_1_, teamlist0_.team_building_team_building_id as team_bui4_18_1_, teamlist0_.team_team_name as team_tea3_18_1_ from team teamlist0_ where teamlist0_.team_building_team_building_id=?
Hibernate: select teamuserli0_.team_team_id as team_tea2_20_0_, teamuserli0_.team_user_id as team_use1_20_0_, teamuserli0_.team_user_id as team_use1_20_1_, teamuserli0_.team_team_id as team_tea2_20_1_, teamuserli0_.user_id as user_id3_20_1_ from team_user teamuserli0_ where teamuserli0_.team_team_id=?
Hibernate: select user0_.user_id as user_id1_21_0_, user0_.character_id as characte7_21_0_, user0_.user_created_at as user_cre2_21_0_, user0_.user_name as user_nam3_21_0_, user0_.user_phone_number as user_pho4_21_0_, user0_.user_user_id as user_use5_21_0_, user0_.user_user_password as user_use6_21_0_ from user user0_ where user0_.user_id=?
Hibernate: select character0_.character_id as characte1_6_0_, character0_.character_character_name as characte2_6_0_ from characters character0_ where character0_.character_id=?
Hibernate: select user0_.user_id as user_id1_21_0_, user0_.character_id as characte7_21_0_, user0_.user_created_at as user_cre2_21_0_, user0_.user_name as user_nam3_21_0_, user0_.user_phone_number as user_pho4_21_0_, user0_.user_user_id as user_use5_21_0_, user0_.user_user_password as user_use6_21_0_ from user user0_ where user0_.user_id=?
Hibernate: select user0_.user_id as user_id1_21_0_, user0_.character_id as characte7_21_0_, user0_.user_created_at as user_cre2_21_0_, user0_.user_name as user_nam3_21_0_, user0_.user_phone_number as user_pho4_21_0_, user0_.user_user_id as user_use5_21_0_, user0_.user_user_password as user_use6_21_0_ from user user0_ where user0_.user_id=?
Hibernate: select teamuserli0_.team_team_id as team_tea2_20_0_, teamuserli0_.team_user_id as team_use1_20_0_, teamuserli0_.team_user_id as team_use1_20_1_, teamuserli0_.team_team_id as team_tea2_20_1_, teamuserli0_.user_id as user_id3_20_1_ from team_user teamuserli0_ where teamuserli0_.team_team_id=?
Hibernate: select user0_.user_id as user_id1_21_0_, user0_.character_id as characte7_21_0_, user0_.user_created_at as user_cre2_21_0_, user0_.user_name as user_nam3_21_0_, user0_.user_phone_number as user_pho4_21_0_, user0_.user_user_id as user_use5_21_0_, user0_.user_user_password as user_use6_21_0_ from user user0_ where user0_.user_id=?
Hibernate: select user0_.user_id as user_id1_21_0_, user0_.character_id as characte7_21_0_, user0_.user_created_at as user_cre2_21_0_, user0_.user_name as user_nam3_21_0_, user0_.user_phone_number as user_pho4_21_0_, user0_.user_user_id as user_use5_21_0_, user0_.user_user_password as user_use6_21_0_ from user user0_ where user0_.user_id=?
Hibernate: delete from team_user where team_user_id=?
Hibernate: delete from team_user where team_user_id=?
Hibernate: delete from team_user where team_user_id=?
Hibernate: delete from team where team_team_id=?
Hibernate: delete from team_user where team_user_id=?
Hibernate: delete from team_user where team_user_id=?
Hibernate: delete from team where team_team_id=?
Hibernate: delete from team_building where team_building_team_building_id=?
Hibernate: select user0_.user_id as user_id1_21_0_, user0_.character_id as characte7_21_0_, user0_.user_created_at as user_cre2_21_0_, user0_.user_name as user_nam3_21_0_, user0_.user_phone_number as user_pho4_21_0_, user0_.user_user_id as user_use5_21_0_, user0_.user_user_password as user_use6_21_0_ from user user0_ where user0_.user_id=?
Hibernate: select character0_.character_id as characte1_6_0_, character0_.character_character_name as characte2_6_0_ from characters character0_ where character0_.character_id=?
Hibernate: select count(*) as col_0_0_ from team_building teambuildi0_ where teambuildi0_.team_building_team_building_id=?
Hibernate: select user0_.user_id as col_0_0_ from user user0_ where user0_.user_user_id=? limit ?
Hibernate: select user0_.user_id as col_0_0_ from user user0_ where user0_.user_user_id=? limit ?
Hibernate: select U.* from USER U where U.USER_USER_ID =?
Hibernate: select character0_.character_id as characte1_6_0_, character0_.character_character_name as characte2_6_0_ from characters character0_ where character0_.character_id=?
Hibernate: select user0_.user_id as col_0_0_ from user user0_ where user0_.user_user_id=? limit ?
Hibernate: select user0_.user_id as user_id1_21_, user0_.character_id as characte7_21_, user0_.user_created_at as user_cre2_21_, user0_.user_name as user_nam3_21_, user0_.user_phone_number as user_pho4_21_, user0_.user_user_id as user_use5_21_, user0_.user_user_password as user_use6_21_ from user user0_ inner join characters character1_ on user0_.character_id=character1_.character_id where user0_.user_user_id=?
Hibernate: select character0_.character_id as characte1_6_0_, character0_.character_character_name as characte2_6_0_ from characters character0_ where character0_.character_id=?
Hibernate: select rewardtagw0_.user_id as user_id4_16_0_, rewardtagw0_.reward_tag_wrapper_reward_id as reward_t1_16_0_, rewardtagw0_.reward_tag_wrapper_reward_id as reward_t1_16_1_, rewardtagw0_.reward_tag_wrapper_reward_presented_at as reward_t2_16_1_, rewardtagw0_.reward_tag_reward_tag_id as reward_t3_16_1_, rewardtagw0_.user_id as user_id4_16_1_ from reward_tag_wrapper rewardtagw0_ where rewardtagw0_.user_id=?
Hibernate: select user0_.user_id as user_id1_21_0_, user0_.character_id as characte7_21_0_, user0_.user_created_at as user_cre2_21_0_, user0_.user_name as user_nam3_21_0_, user0_.user_phone_number as user_pho4_21_0_, user0_.user_user_id as user_use5_21_0_, user0_.user_user_password as user_use6_21_0_ from user user0_ where user0_.user_id=?
Hibernate: select character0_.character_id as characte1_6_0_, character0_.character_character_name as characte2_6_0_ from characters character0_ where character0_.character_id=?
Hibernate: select count(*) as col_0_0_ from user user0_ where user0_.user_id=?
Hibernate: select character1_.character_id as characte1_6_, character1_.character_character_name as characte2_6_ from user user0_ inner join characters character1_ on user0_.character_id=character1_.character_id where user0_.user_id=?
Hibernate: select permission0_.character_id as characte6_12_0_, permission0_.permission_id as permissi1_12_0_, permission0_.permission_id as permissi1_12_1_, permission0_.character_id as characte6_12_1_, permission0_.permission_name as permissi2_12_1_, permission0_.permission_permission_unit_id as permissi3_12_1_, permission0_.permission_service as permissi4_12_1_, permission0_.permission_status as permissi5_12_1_ from permission permission0_ where permission0_.character_id=?
Hibernate: select count(*) as col_0_0_ from user user0_ where user0_.user_id=?
Hibernate: select user0_.user_id as user_id1_21_, user0_.character_id as characte7_21_, user0_.user_created_at as user_cre2_21_, user0_.user_name as user_nam3_21_, user0_.user_phone_number as user_pho4_21_, user0_.user_user_id as user_use5_21_, user0_.user_user_password as user_use6_21_ from user user0_ where user0_.user_id=?
Hibernate: select character0_.character_id as characte1_6_0_, character0_.character_character_name as characte2_6_0_ from characters character0_ where character0_.character_id=?
Hibernate: select rewardtagw0_.user_id as user_id4_16_0_, rewardtagw0_.reward_tag_wrapper_reward_id as reward_t1_16_0_, rewardtagw0_.reward_tag_wrapper_reward_id as reward_t1_16_1_, rewardtagw0_.reward_tag_wrapper_reward_presented_at as reward_t2_16_1_, rewardtagw0_.reward_tag_reward_tag_id as reward_t3_16_1_, rewardtagw0_.user_id as user_id4_16_1_ from reward_tag_wrapper rewardtagw0_ where rewardtagw0_.user_id=?
Hibernate: select attendance0_.attendance_user_attendance_user_id as col_0_0_ from attendance_user attendance0_ where attendance0_.user_id=? limit ?
Hibernate: DELETE FROM USER WHERE USER_ID = ?
Hibernate: select user0_.user_id as col_0_0_ from user user0_ where user0_.user_user_id=? limit ?
Hibernate: select user0_.user_id as col_0_0_ from user user0_ where user0_.user_user_id=? limit ?
Hibernate: select user0_.user_id as user_id1_21_, user0_.character_id as characte7_21_, user0_.user_created_at as user_cre2_21_, user0_.user_name as user_nam3_21_, user0_.user_phone_number as user_pho4_21_, user0_.user_user_id as user_use5_21_, user0_.user_user_password as user_use6_21_ from user user0_ inner join characters character1_ on user0_.character_id=character1_.character_id where user0_.user_user_id=?
Hibernate: select character0_.character_id as characte1_6_0_, character0_.character_character_name as characte2_6_0_ from characters character0_ where character0_.character_id=?
Hibernate: select rewardtagw0_.user_id as user_id4_16_0_, rewardtagw0_.reward_tag_wrapper_reward_id as reward_t1_16_0_, rewardtagw0_.reward_tag_wrapper_reward_id as reward_t1_16_1_, rewardtagw0_.reward_tag_wrapper_reward_presented_at as reward_t2_16_1_, rewardtagw0_.reward_tag_reward_tag_id as reward_t3_16_1_, rewardtagw0_.user_id as user_id4_16_1_ from reward_tag_wrapper rewardtagw0_ where rewardtagw0_.user_id=?
Hibernate: select user0_.user_id as user_id1_21_0_, user0_.character_id as characte7_21_0_, user0_.user_created_at as user_cre2_21_0_, user0_.user_name as user_nam3_21_0_, user0_.user_phone_number as user_pho4_21_0_, user0_.user_user_id as user_use5_21_0_, user0_.user_user_password as user_use6_21_0_ from user user0_ where user0_.user_id=?
Hibernate: select character0_.character_id as characte1_6_0_, character0_.character_character_name as characte2_6_0_ from characters character0_ where character0_.character_id=?
Hibernate: select count(*) as col_0_0_ from user user0_ where user0_.user_id=?
Hibernate: select character1_.character_id as characte1_6_, character1_.character_character_name as characte2_6_ from user user0_ inner join characters character1_ on user0_.character_id=character1_.character_id where user0_.user_id=?
Hibernate: select permission0_.character_id as characte6_12_0_, permission0_.permission_id as permissi1_12_0_, permission0_.permission_id as permissi1_12_1_, permission0_.character_id as characte6_12_1_, permission0_.permission_name as permissi2_12_1_, permission0_.permission_permission_unit_id as permissi3_12_1_, permission0_.permission_service as permissi4_12_1_, permission0_.permission_status as permissi5_12_1_ from permission permission0_ where permission0_.character_id=?
Hibernate: select count(*) as col_0_0_ from user user0_ where user0_.user_id=?
Hibernate: select user0_.user_id as user_id1_21_, user0_.character_id as characte7_21_, user0_.user_created_at as user_cre2_21_, user0_.user_name as user_nam3_21_, user0_.user_phone_number as user_pho4_21_, user0_.user_user_id as user_use5_21_, user0_.user_user_password as user_use6_21_ from user user0_ where user0_.user_id=?
Hibernate: select character0_.character_id as characte1_6_0_, character0_.character_character_name as characte2_6_0_ from characters character0_ where character0_.character_id=?
Hibernate: select rewardtagw0_.user_id as user_id4_16_0_, rewardtagw0_.reward_tag_wrapper_reward_id as reward_t1_16_0_, rewardtagw0_.reward_tag_wrapper_reward_id as reward_t1_16_1_, rewardtagw0_.reward_tag_wrapper_reward_presented_at as reward_t2_16_1_, rewardtagw0_.reward_tag_reward_tag_id as reward_t3_16_1_, rewardtagw0_.user_id as user_id4_16_1_ from reward_tag_wrapper rewardtagw0_ where rewardtagw0_.user_id=?
Hibernate: select attendance0_.attendance_user_attendance_user_id as col_0_0_ from attendance_user attendance0_ where attendance0_.user_id=? limit ?
Hibernate: DELETE FROM USER WHERE USER_ID = ?
Hibernate: select user0_.user_id as col_0_0_ from user user0_ where user0_.user_user_id=? limit ?
Hibernate: select user0_.user_id as col_0_0_ from user user0_ where user0_.user_user_id=? limit ?
Hibernate: select user0_.user_id as user_id1_21_, user0_.character_id as characte7_21_, user0_.user_created_at as user_cre2_21_, user0_.user_name as user_nam3_21_, user0_.user_phone_number as user_pho4_21_, user0_.user_user_id as user_use5_21_, user0_.user_user_password as user_use6_21_ from user user0_ inner join characters character1_ on user0_.character_id=character1_.character_id where user0_.user_user_id=?
Hibernate: select character0_.character_id as characte1_6_0_, character0_.character_character_name as characte2_6_0_ from characters character0_ where character0_.character_id=?
Hibernate: select rewardtagw0_.user_id as user_id4_16_0_, rewardtagw0_.reward_tag_wrapper_reward_id as reward_t1_16_0_, rewardtagw0_.reward_tag_wrapper_reward_id as reward_t1_16_1_, rewardtagw0_.reward_tag_wrapper_reward_presented_at as reward_t2_16_1_, rewardtagw0_.reward_tag_reward_tag_id as reward_t3_16_1_, rewardtagw0_.user_id as user_id4_16_1_ from reward_tag_wrapper rewardtagw0_ where rewardtagw0_.user_id=?
Hibernate: select user0_.user_id as user_id1_21_0_, user0_.character_id as characte7_21_0_, user0_.user_created_at as user_cre2_21_0_, user0_.user_name as user_nam3_21_0_, user0_.user_phone_number as user_pho4_21_0_, user0_.user_user_id as user_use5_21_0_, user0_.user_user_password as user_use6_21_0_ from user user0_ where user0_.user_id=?
Hibernate: select character0_.character_id as characte1_6_0_, character0_.character_character_name as characte2_6_0_ from characters character0_ where character0_.character_id=?
Hibernate: select count(*) as col_0_0_ from user user0_ where user0_.user_id=?
Hibernate: select character1_.character_id as characte1_6_, character1_.character_character_name as characte2_6_ from user user0_ inner join characters character1_ on user0_.character_id=character1_.character_id where user0_.user_id=?
Hibernate: select permission0_.character_id as characte6_12_0_, permission0_.permission_id as permissi1_12_0_, permission0_.permission_id as permissi1_12_1_, permission0_.character_id as characte6_12_1_, permission0_.permission_name as permissi2_12_1_, permission0_.permission_permission_unit_id as permissi3_12_1_, permission0_.permission_service as permissi4_12_1_, permission0_.permission_status as permissi5_12_1_ from permission permission0_ where permission0_.character_id=?
Hibernate: select count(*) as col_0_0_ from user user0_ where user0_.user_id=?
Hibernate: select user0_.user_id as user_id1_21_, user0_.character_id as characte7_21_, user0_.user_created_at as user_cre2_21_, user0_.user_name as user_nam3_21_, user0_.user_phone_number as user_pho4_21_, user0_.user_user_id as user_use5_21_, user0_.user_user_password as user_use6_21_ from user user0_ where user0_.user_id=?
Hibernate: select character0_.character_id as characte1_6_0_, character0_.character_character_name as characte2_6_0_ from characters character0_ where character0_.character_id=?
Hibernate: select rewardtagw0_.user_id as user_id4_16_0_, rewardtagw0_.reward_tag_wrapper_reward_id as reward_t1_16_0_, rewardtagw0_.reward_tag_wrapper_reward_id as reward_t1_16_1_, rewardtagw0_.reward_tag_wrapper_reward_presented_at as reward_t2_16_1_, rewardtagw0_.reward_tag_reward_tag_id as reward_t3_16_1_, rewardtagw0_.user_id as user_id4_16_1_ from reward_tag_wrapper rewardtagw0_ where rewardtagw0_.user_id=?
Hibernate: select attendance0_.attendance_user_attendance_user_id as col_0_0_ from attendance_user attendance0_ where attendance0_.user_id=? limit ?
Hibernate: DELETE FROM USER WHERE USER_ID = ?
Hibernate: select user0_.user_id as col_0_0_ from user user0_ where user0_.user_user_id=? limit ?
Hibernate: select user0_.user_id as col_0_0_ from user user0_ where user0_.user_user_id=? limit ?
Hibernate: select user0_.user_id as user_id1_21_, user0_.character_id as characte7_21_, user0_.user_created_at as user_cre2_21_, user0_.user_name as user_nam3_21_, user0_.user_phone_number as user_pho4_21_, user0_.user_user_id as user_use5_21_, user0_.user_user_password as user_use6_21_ from user user0_ inner join characters character1_ on user0_.character_id=character1_.character_id where user0_.user_user_id=?
Hibernate: select character0_.character_id as characte1_6_0_, character0_.character_character_name as characte2_6_0_ from characters character0_ where character0_.character_id=?
Hibernate: select rewardtagw0_.user_id as user_id4_16_0_, rewardtagw0_.reward_tag_wrapper_reward_id as reward_t1_16_0_, rewardtagw0_.reward_tag_wrapper_reward_id as reward_t1_16_1_, rewardtagw0_.reward_tag_wrapper_reward_presented_at as reward_t2_16_1_, rewardtagw0_.reward_tag_reward_tag_id as reward_t3_16_1_, rewardtagw0_.user_id as user_id4_16_1_ from reward_tag_wrapper rewardtagw0_ where rewardtagw0_.user_id=?
Hibernate: select user0_.user_id as user_id1_21_0_, user0_.character_id as characte7_21_0_, user0_.user_created_at as user_cre2_21_0_, user0_.user_name as user_nam3_21_0_, user0_.user_phone_number as user_pho4_21_0_, user0_.user_user_id as user_use5_21_0_, user0_.user_user_password as user_use6_21_0_ from user user0_ where user0_.user_id=?
Hibernate: select character0_.character_id as characte1_6_0_, character0_.character_character_name as characte2_6_0_ from characters character0_ where character0_.character_id=?
Hibernate: select count(*) as col_0_0_ from user user0_ where user0_.user_id=?
Hibernate: select character1_.character_id as characte1_6_, character1_.character_character_name as characte2_6_ from user user0_ inner join characters character1_ on user0_.character_id=character1_.character_id where user0_.user_id=?
Hibernate: select permission0_.character_id as characte6_12_0_, permission0_.permission_id as permissi1_12_0_, permission0_.permission_id as permissi1_12_1_, permission0_.character_id as characte6_12_1_, permission0_.permission_name as permissi2_12_1_, permission0_.permission_permission_unit_id as permissi3_12_1_, permission0_.permission_service as permissi4_12_1_, permission0_.permission_status as permissi5_12_1_ from permission permission0_ where permission0_.character_id=?
Hibernate: select count(*) as col_0_0_ from user user0_ where user0_.user_id=?
Hibernate: select user0_.user_id as user_id1_21_, user0_.character_id as characte7_21_, user0_.user_created_at as user_cre2_21_, user0_.user_name as user_nam3_21_, user0_.user_phone_number as user_pho4_21_, user0_.user_user_id as user_use5_21_, user0_.user_user_password as user_use6_21_ from user user0_ where user0_.user_id=?
Hibernate: select character0_.character_id as characte1_6_0_, character0_.character_character_name as characte2_6_0_ from characters character0_ where character0_.character_id=?
Hibernate: select rewardtagw0_.user_id as user_id4_16_0_, rewardtagw0_.reward_tag_wrapper_reward_id as reward_t1_16_0_, rewardtagw0_.reward_tag_wrapper_reward_id as reward_t1_16_1_, rewardtagw0_.reward_tag_wrapper_reward_presented_at as reward_t2_16_1_, rewardtagw0_.reward_tag_reward_tag_id as reward_t3_16_1_, rewardtagw0_.user_id as user_id4_16_1_ from reward_tag_wrapper rewardtagw0_ where rewardtagw0_.user_id=?
Hibernate: select attendance0_.attendance_user_attendance_user_id as col_0_0_ from attendance_user attendance0_ where attendance0_.user_id=? limit ?
Hibernate: DELETE FROM USER WHERE USER_ID = ?
Hibernate: select user0_.user_id as col_0_0_ from user user0_ where user0_.user_user_id=? limit ?
Hibernate: select user0_.user_id as col_0_0_ from user user0_ where user0_.user_user_id=? limit ?
Hibernate: select user0_.user_id as user_id1_21_, user0_.character_id as characte7_21_, user0_.user_created_at as user_cre2_21_, user0_.user_name as user_nam3_21_, user0_.user_phone_number as user_pho4_21_, user0_.user_user_id as user_use5_21_, user0_.user_user_password as user_use6_21_ from user user0_ inner join characters character1_ on user0_.character_id=character1_.character_id where user0_.user_user_id=?
Hibernate: select character0_.character_id as characte1_6_0_, character0_.character_character_name as characte2_6_0_ from characters character0_ where character0_.character_id=?
Hibernate: select rewardtagw0_.user_id as user_id4_16_0_, rewardtagw0_.reward_tag_wrapper_reward_id as reward_t1_16_0_, rewardtagw0_.reward_tag_wrapper_reward_id as reward_t1_16_1_, rewardtagw0_.reward_tag_wrapper_reward_presented_at as reward_t2_16_1_, rewardtagw0_.reward_tag_reward_tag_id as reward_t3_16_1_, rewardtagw0_.user_id as user_id4_16_1_ from reward_tag_wrapper rewardtagw0_ where rewardtagw0_.user_id=?
Hibernate: select user0_.user_id as user_id1_21_0_, user0_.character_id as characte7_21_0_, user0_.user_created_at as user_cre2_21_0_, user0_.user_name as user_nam3_21_0_, user0_.user_phone_number as user_pho4_21_0_, user0_.user_user_id as user_use5_21_0_, user0_.user_user_password as user_use6_21_0_ from user user0_ where user0_.user_id=?
Hibernate: select character0_.character_id as characte1_6_0_, character0_.character_character_name as characte2_6_0_ from characters character0_ where character0_.character_id=?
Hibernate: select count(*) as col_0_0_ from user user0_ where user0_.user_id=?
Hibernate: select character1_.character_id as characte1_6_, character1_.character_character_name as characte2_6_ from user user0_ inner join characters character1_ on user0_.character_id=character1_.character_id where user0_.user_id=?
Hibernate: select permission0_.character_id as characte6_12_0_, permission0_.permission_id as permissi1_12_0_, permission0_.permission_id as permissi1_12_1_, permission0_.character_id as characte6_12_1_, permission0_.permission_name as permissi2_12_1_, permission0_.permission_permission_unit_id as permissi3_12_1_, permission0_.permission_service as permissi4_12_1_, permission0_.permission_status as permissi5_12_1_ from permission permission0_ where permission0_.character_id=?
Hibernate: select count(*) as col_0_0_ from user user0_ where user0_.user_id=?
Hibernate: select user0_.user_id as user_id1_21_, user0_.character_id as characte7_21_, user0_.user_created_at as user_cre2_21_, user0_.user_name as user_nam3_21_, user0_.user_phone_number as user_pho4_21_, user0_.user_user_id as user_use5_21_, user0_.user_user_password as user_use6_21_ from user user0_ where user0_.user_id=?
Hibernate: select character0_.character_id as characte1_6_0_, character0_.character_character_name as characte2_6_0_ from characters character0_ where character0_.character_id=?
Hibernate: select rewardtagw0_.user_id as user_id4_16_0_, rewardtagw0_.reward_tag_wrapper_reward_id as reward_t1_16_0_, rewardtagw0_.reward_tag_wrapper_reward_id as reward_t1_16_1_, rewardtagw0_.reward_tag_wrapper_reward_presented_at as reward_t2_16_1_, rewardtagw0_.reward_tag_reward_tag_id as reward_t3_16_1_, rewardtagw0_.user_id as user_id4_16_1_ from reward_tag_wrapper rewardtagw0_ where rewardtagw0_.user_id=?
Hibernate: select attendance0_.attendance_user_attendance_user_id as col_0_0_ from attendance_user attendance0_ where attendance0_.user_id=? limit ?
Hibernate: DELETE FROM USER WHERE USER_ID = ?
Hibernate: select user0_.user_id as col_0_0_ from user user0_ where user0_.user_user_id=? limit ?
Hibernate: select user0_.user_id as col_0_0_ from user user0_ where user0_.user_user_id=? limit ?
Hibernate: select user0_.user_id as col_0_0_ from user user0_ where user0_.user_user_id=? limit ?
Hibernate: select U.* from USER U where U.USER_USER_ID =?
Hibernate: select character0_.character_id as characte1_6_0_, character0_.character_character_name as characte2_6_0_ from characters character0_ where character0_.character_id=?
Hibernate: select user0_.user_id as user_id1_21_0_, user0_.character_id as characte7_21_0_, user0_.user_created_at as user_cre2_21_0_, user0_.user_name as user_nam3_21_0_, user0_.user_phone_number as user_pho4_21_0_, user0_.user_user_id as user_use5_21_0_, user0_.user_user_password as user_use6_21_0_ from user user0_ where user0_.user_id=?
Hibernate: select character0_.character_id as characte1_6_0_, character0_.character_character_name as characte2_6_0_ from characters character0_ where character0_.character_id=?
Hibernate: select count(*) as col_0_0_ from team_building teambuildi0_
Hibernate: select count(*) as col_0_0_ from team_building teambuildi0_
Hibernate: select user0_.user_id as col_0_0_ from user user0_ where user0_.user_user_id=? limit ?
Hibernate: select user0_.user_id as col_0_0_ from user user0_ where user0_.user_user_id=? limit ?
Hibernate: select U.* from USER U where U.USER_USER_ID =?
Hibernate: select character0_.character_id as characte1_6_0_, character0_.character_character_name as characte2_6_0_ from characters character0_ where character0_.character_id=?
Hibernate: select user0_.user_id as col_0_0_ from user user0_ where user0_.user_user_id=? limit ?
Hibernate: select user0_.user_id as col_0_0_ from user user0_ where user0_.user_user_id=? limit ?
Hibernate: select U.* from USER U where U.USER_USER_ID =?
Hibernate: select character0_.character_id as characte1_6_0_, character0_.character_character_name as characte2_6_0_ from characters character0_ where character0_.character_id=?
Hibernate: select user0_.user_id as col_0_0_ from user user0_ where user0_.user_user_id=? limit ?
Hibernate: select user0_.user_id as col_0_0_ from user user0_ where user0_.user_user_id=? limit ?
Hibernate: select U.* from USER U where U.USER_USER_ID =?
Hibernate: select character0_.character_id as characte1_6_0_, character0_.character_character_name as characte2_6_0_ from characters character0_ where character0_.character_id=?
Hibernate: select user0_.user_id as col_0_0_ from user user0_ where user0_.user_user_id=? limit ?
Hibernate: select userjoinin0_.user_joining_pool_id as col_0_0_ from user_joining_pool userjoinin0_ where userjoinin0_.user_user_id=? limit ?
Hibernate: select character0_.character_id as col_0_0_ from characters character0_ where character0_.character_character_name=? limit ?
Hibernate: insert into user_joining_pool (user_joining_pool_id, user_created_at, user_name, user_phone_number, user_user_id, user_user_password) values (default, ?, ?, ?, ?, ?)
Hibernate: select user0_.user_id as user_id1_21_0_, user0_.character_id as characte7_21_0_, user0_.user_created_at as user_cre2_21_0_, user0_.user_name as user_nam3_21_0_, user0_.user_phone_number as user_pho4_21_0_, user0_.user_user_id as user_use5_21_0_, user0_.user_user_password as user_use6_21_0_ from user user0_ where user0_.user_id=?
Hibernate: select character0_.character_id as characte1_6_0_, character0_.character_character_name as characte2_6_0_ from characters character0_ where character0_.character_id=?
Hibernate: select count(*) as col_0_0_ from user user0_ where user0_.user_id=?
Hibernate: select character1_.character_id as characte1_6_, character1_.character_character_name as characte2_6_ from user user0_ inner join characters character1_ on user0_.character_id=character1_.character_id where user0_.user_id=?
Hibernate: select permission0_.character_id as characte6_12_0_, permission0_.permission_id as permissi1_12_0_, permission0_.permission_id as permissi1_12_1_, permission0_.character_id as characte6_12_1_, permission0_.permission_name as permissi2_12_1_, permission0_.permission_permission_unit_id as permissi3_12_1_, permission0_.permission_service as permissi4_12_1_, permission0_.permission_status as permissi5_12_1_ from permission permission0_ where permission0_.character_id=?
Hibernate: select userjoinin0_.user_joining_pool_id as col_0_0_ from user_joining_pool userjoinin0_ where userjoinin0_.user_user_id=? limit ?
Hibernate: select userjoinin0_.user_joining_pool_id as user_joi1_22_, userjoinin0_.user_created_at as user_cre2_22_, userjoinin0_.user_name as user_nam3_22_, userjoinin0_.user_phone_number as user_pho4_22_, userjoinin0_.user_user_id as user_use5_22_, userjoinin0_.user_user_password as user_use6_22_ from user_joining_pool userjoinin0_ where userjoinin0_.user_user_id=?
Hibernate: select character0_.character_id as characte1_6_, character0_.character_character_name as characte2_6_ from characters character0_ where character0_.character_character_name=?
Hibernate: insert into user (user_id, character_id, user_created_at, user_name, user_phone_number, user_user_id, user_user_password) values (default, ?, ?, ?, ?, ?, ?)
Hibernate: DELETE FROM USER_JOINING_POOL as JU where JU.USER_USER_ID =?
Hibernate: select user0_.user_id as col_0_0_ from user user0_ where user0_.user_user_id=? limit ?
Hibernate: select user0_.user_id as col_0_0_ from user user0_ where user0_.user_user_id=? limit ?
Hibernate: select U.* from USER U where U.USER_USER_ID =?
Hibernate: select character0_.character_id as characte1_6_0_, character0_.character_character_name as characte2_6_0_ from characters character0_ where character0_.character_id=?
Hibernate: select user0_.user_id as col_0_0_ from user user0_ where user0_.user_user_id=? limit ?
Hibernate: select userjoinin0_.user_joining_pool_id as col_0_0_ from user_joining_pool userjoinin0_ where userjoinin0_.user_user_id=? limit ?
Hibernate: select character0_.character_id as col_0_0_ from characters character0_ where character0_.character_character_name=? limit ?
Hibernate: insert into user_joining_pool (user_joining_pool_id, user_created_at, user_name, user_phone_number, user_user_id, user_user_password) values (default, ?, ?, ?, ?, ?)
Hibernate: select user0_.user_id as user_id1_21_0_, user0_.character_id as characte7_21_0_, user0_.user_created_at as user_cre2_21_0_, user0_.user_name as user_nam3_21_0_, user0_.user_phone_number as user_pho4_21_0_, user0_.user_user_id as user_use5_21_0_, user0_.user_user_password as user_use6_21_0_ from user user0_ where user0_.user_id=?
Hibernate: select character0_.character_id as characte1_6_0_, character0_.character_character_name as characte2_6_0_ from characters character0_ where character0_.character_id=?
Hibernate: select count(*) as col_0_0_ from user user0_ where user0_.user_id=?
Hibernate: select character1_.character_id as characte1_6_, character1_.character_character_name as characte2_6_ from user user0_ inner join characters character1_ on user0_.character_id=character1_.character_id where user0_.user_id=?
Hibernate: select permission0_.character_id as characte6_12_0_, permission0_.permission_id as permissi1_12_0_, permission0_.permission_id as permissi1_12_1_, permission0_.character_id as characte6_12_1_, permission0_.permission_name as permissi2_12_1_, permission0_.permission_permission_unit_id as permissi3_12_1_, permission0_.permission_service as permissi4_12_1_, permission0_.permission_status as permissi5_12_1_ from permission permission0_ where permission0_.character_id=?
Hibernate: select userjoinin0_.user_joining_pool_id as col_0_0_ from user_joining_pool userjoinin0_ where userjoinin0_.user_user_id=? limit ?
Hibernate: select userjoinin0_.user_joining_pool_id as user_joi1_22_, userjoinin0_.user_created_at as user_cre2_22_, userjoinin0_.user_name as user_nam3_22_, userjoinin0_.user_phone_number as user_pho4_22_, userjoinin0_.user_user_id as user_use5_22_, userjoinin0_.user_user_password as user_use6_22_ from user_joining_pool userjoinin0_ where userjoinin0_.user_user_id=?
Hibernate: select character0_.character_id as characte1_6_, character0_.character_character_name as characte2_6_ from characters character0_ where character0_.character_character_name=?
Hibernate: insert into user (user_id, character_id, user_created_at, user_name, user_phone_number, user_user_id, user_user_password) values (default, ?, ?, ?, ?, ?, ?)
Hibernate: DELETE FROM USER_JOINING_POOL as JU where JU.USER_USER_ID =?
Hibernate: select user0_.user_id as col_0_0_ from user user0_ where user0_.user_user_id=? limit ?
Hibernate: select user0_.user_id as col_0_0_ from user user0_ where user0_.user_user_id=? limit ?
Hibernate: select U.* from USER U where U.USER_USER_ID =?
Hibernate: select character0_.character_id as characte1_6_0_, character0_.character_character_name as characte2_6_0_ from characters character0_ where character0_.character_id=?
Hibernate: select user0_.user_id as col_0_0_ from user user0_ where user0_.user_user_id=? limit ?
Hibernate: select userjoinin0_.user_joining_pool_id as col_0_0_ from user_joining_pool userjoinin0_ where userjoinin0_.user_user_id=? limit ?
Hibernate: select character0_.character_id as col_0_0_ from characters character0_ where character0_.character_character_name=? limit ?
Hibernate: insert into user_joining_pool (user_joining_pool_id, user_created_at, user_name, user_phone_number, user_user_id, user_user_password) values (default, ?, ?, ?, ?, ?)
Hibernate: select user0_.user_id as user_id1_21_0_, user0_.character_id as characte7_21_0_, user0_.user_created_at as user_cre2_21_0_, user0_.user_name as user_nam3_21_0_, user0_.user_phone_number as user_pho4_21_0_, user0_.user_user_id as user_use5_21_0_, user0_.user_user_password as user_use6_21_0_ from user user0_ where user0_.user_id=?
Hibernate: select character0_.character_id as characte1_6_0_, character0_.character_character_name as characte2_6_0_ from characters character0_ where character0_.character_id=?
Hibernate: select count(*) as col_0_0_ from user user0_ where user0_.user_id=?
Hibernate: select character1_.character_id as characte1_6_, character1_.character_character_name as characte2_6_ from user user0_ inner join characters character1_ on user0_.character_id=character1_.character_id where user0_.user_id=?
Hibernate: select permission0_.character_id as characte6_12_0_, permission0_.permission_id as permissi1_12_0_, permission0_.permission_id as permissi1_12_1_, permission0_.character_id as characte6_12_1_, permission0_.permission_name as permissi2_12_1_, permission0_.permission_permission_unit_id as permissi3_12_1_, permission0_.permission_service as permissi4_12_1_, permission0_.permission_status as permissi5_12_1_ from permission permission0_ where permission0_.character_id=?
Hibernate: select userjoinin0_.user_joining_pool_id as col_0_0_ from user_joining_pool userjoinin0_ where userjoinin0_.user_user_id=? limit ?
Hibernate: select userjoinin0_.user_joining_pool_id as user_joi1_22_, userjoinin0_.user_created_at as user_cre2_22_, userjoinin0_.user_name as user_nam3_22_, userjoinin0_.user_phone_number as user_pho4_22_, userjoinin0_.user_user_id as user_use5_22_, userjoinin0_.user_user_password as user_use6_22_ from user_joining_pool userjoinin0_ where userjoinin0_.user_user_id=?
Hibernate: select character0_.character_id as characte1_6_, character0_.character_character_name as characte2_6_ from characters character0_ where character0_.character_character_name=?
Hibernate: insert into user (user_id, character_id, user_created_at, user_name, user_phone_number, user_user_id, user_user_password) values (default, ?, ?, ?, ?, ?, ?)
Hibernate: DELETE FROM USER_JOINING_POOL as JU where JU.USER_USER_ID =?
Hibernate: select user0_.user_id as col_0_0_ from user user0_ where user0_.user_user_id=? limit ?
Hibernate: select user0_.user_id as col_0_0_ from user user0_ where user0_.user_user_id=? limit ?
Hibernate: select U.* from USER U where U.USER_USER_ID =?
Hibernate: select character0_.character_id as characte1_6_0_, character0_.character_character_name as characte2_6_0_ from characters character0_ where character0_.character_id=?
Hibernate: select user0_.user_id as col_0_0_ from user user0_ where user0_.user_user_id=? limit ?
Hibernate: select userjoinin0_.user_joining_pool_id as col_0_0_ from user_joining_pool userjoinin0_ where userjoinin0_.user_user_id=? limit ?
Hibernate: select character0_.character_id as col_0_0_ from characters character0_ where character0_.character_character_name=? limit ?
Hibernate: insert into user_joining_pool (user_joining_pool_id, user_created_at, user_name, user_phone_number, user_user_id, user_user_password) values (default, ?, ?, ?, ?, ?)
Hibernate: select user0_.user_id as user_id1_21_0_, user0_.character_id as characte7_21_0_, user0_.user_created_at as user_cre2_21_0_, user0_.user_name as user_nam3_21_0_, user0_.user_phone_number as user_pho4_21_0_, user0_.user_user_id as user_use5_21_0_, user0_.user_user_password as user_use6_21_0_ from user user0_ where user0_.user_id=?
Hibernate: select character0_.character_id as characte1_6_0_, character0_.character_character_name as characte2_6_0_ from characters character0_ where character0_.character_id=?
Hibernate: select count(*) as col_0_0_ from user user0_ where user0_.user_id=?
Hibernate: select character1_.character_id as characte1_6_, character1_.character_character_name as characte2_6_ from user user0_ inner join characters character1_ on user0_.character_id=character1_.character_id where user0_.user_id=?
Hibernate: select permission0_.character_id as characte6_12_0_, permission0_.permission_id as permissi1_12_0_, permission0_.permission_id as permissi1_12_1_, permission0_.character_id as characte6_12_1_, permission0_.permission_name as permissi2_12_1_, permission0_.permission_permission_unit_id as permissi3_12_1_, permission0_.permission_service as permissi4_12_1_, permission0_.permission_status as permissi5_12_1_ from permission permission0_ where permission0_.character_id=?
Hibernate: select userjoinin0_.user_joining_pool_id as col_0_0_ from user_joining_pool userjoinin0_ where userjoinin0_.user_user_id=? limit ?
Hibernate: select userjoinin0_.user_joining_pool_id as user_joi1_22_, userjoinin0_.user_created_at as user_cre2_22_, userjoinin0_.user_name as user_nam3_22_, userjoinin0_.user_phone_number as user_pho4_22_, userjoinin0_.user_user_id as user_use5_22_, userjoinin0_.user_user_password as user_use6_22_ from user_joining_pool userjoinin0_ where userjoinin0_.user_user_id=?
Hibernate: select character0_.character_id as characte1_6_, character0_.character_character_name as characte2_6_ from characters character0_ where character0_.character_character_name=?
Hibernate: insert into user (user_id, character_id, user_created_at, user_name, user_phone_number, user_user_id, user_user_password) values (default, ?, ?, ?, ?, ?, ?)
Hibernate: DELETE FROM USER_JOINING_POOL as JU where JU.USER_USER_ID =?
Hibernate: select user0_.user_id as col_0_0_ from user user0_ where user0_.user_user_id=? limit ?
Hibernate: select user0_.user_id as col_0_0_ from user user0_ where user0_.user_user_id=? limit ?
Hibernate: select U.* from USER U where U.USER_USER_ID =?
Hibernate: select character0_.character_id as characte1_6_0_, character0_.character_character_name as characte2_6_0_ from characters character0_ where character0_.character_id=?
Hibernate: select user0_.user_id as col_0_0_ from user user0_ where user0_.user_user_id=? limit ?
Hibernate: select userjoinin0_.user_joining_pool_id as col_0_0_ from user_joining_pool userjoinin0_ where userjoinin0_.user_user_id=? limit ?
Hibernate: select character0_.character_id as col_0_0_ from characters character0_ where character0_.character_character_name=? limit ?
Hibernate: insert into user_joining_pool (user_joining_pool_id, user_created_at, user_name, user_phone_number, user_user_id, user_user_password) values (default, ?, ?, ?, ?, ?)
Hibernate: select user0_.user_id as user_id1_21_0_, user0_.character_id as characte7_21_0_, user0_.user_created_at as user_cre2_21_0_, user0_.user_name as user_nam3_21_0_, user0_.user_phone_number as user_pho4_21_0_, user0_.user_user_id as user_use5_21_0_, user0_.user_user_password as user_use6_21_0_ from user user0_ where user0_.user_id=?
Hibernate: select character0_.character_id as characte1_6_0_, character0_.character_character_name as characte2_6_0_ from characters character0_ where character0_.character_id=?
Hibernate: select count(*) as col_0_0_ from user user0_ where user0_.user_id=?
Hibernate: select character1_.character_id as characte1_6_, character1_.character_character_name as characte2_6_ from user user0_ inner join characters character1_ on user0_.character_id=character1_.character_id where user0_.user_id=?
Hibernate: select permission0_.character_id as characte6_12_0_, permission0_.permission_id as permissi1_12_0_, permission0_.permission_id as permissi1_12_1_, permission0_.character_id as characte6_12_1_, permission0_.permission_name as permissi2_12_1_, permission0_.permission_permission_unit_id as permissi3_12_1_, permission0_.permission_service as permissi4_12_1_, permission0_.permission_status as permissi5_12_1_ from permission permission0_ where permission0_.character_id=?
Hibernate: select userjoinin0_.user_joining_pool_id as col_0_0_ from user_joining_pool userjoinin0_ where userjoinin0_.user_user_id=? limit ?
Hibernate: select userjoinin0_.user_joining_pool_id as user_joi1_22_, userjoinin0_.user_created_at as user_cre2_22_, userjoinin0_.user_name as user_nam3_22_, userjoinin0_.user_phone_number as user_pho4_22_, userjoinin0_.user_user_id as user_use5_22_, userjoinin0_.user_user_password as user_use6_22_ from user_joining_pool userjoinin0_ where userjoinin0_.user_user_id=?
Hibernate: select character0_.character_id as characte1_6_, character0_.character_character_name as characte2_6_ from characters character0_ where character0_.character_character_name=?
Hibernate: insert into user (user_id, character_id, user_created_at, user_name, user_phone_number, user_user_id, user_user_password) values (default, ?, ?, ?, ?, ?, ?)
Hibernate: DELETE FROM USER_JOINING_POOL as JU where JU.USER_USER_ID =?
Hibernate: select user0_.user_id as col_0_0_ from user user0_ where user0_.user_user_id=? limit ?
Hibernate: select user0_.user_id as col_0_0_ from user user0_ where user0_.user_user_id=? limit ?
Hibernate: select U.* from USER U where U.USER_USER_ID =?
Hibernate: select character0_.character_id as characte1_6_0_, character0_.character_character_name as characte2_6_0_ from characters character0_ where character0_.character_id=?
Hibernate: select user0_.user_id as col_0_0_ from user user0_ where user0_.user_user_id=? limit ?
Hibernate: select userjoinin0_.user_joining_pool_id as col_0_0_ from user_joining_pool userjoinin0_ where userjoinin0_.user_user_id=? limit ?
Hibernate: select character0_.character_id as col_0_0_ from characters character0_ where character0_.character_character_name=? limit ?
Hibernate: insert into user_joining_pool (user_joining_pool_id, user_created_at, user_name, user_phone_number, user_user_id, user_user_password) values (default, ?, ?, ?, ?, ?)
Hibernate: select user0_.user_id as user_id1_21_0_, user0_.character_id as characte7_21_0_, user0_.user_created_at as user_cre2_21_0_, user0_.user_name as user_nam3_21_0_, user0_.user_phone_number as user_pho4_21_0_, user0_.user_user_id as user_use5_21_0_, user0_.user_user_password as user_use6_21_0_ from user user0_ where user0_.user_id=?
Hibernate: select character0_.character_id as characte1_6_0_, character0_.character_character_name as characte2_6_0_ from characters character0_ where character0_.character_id=?
Hibernate: select count(*) as col_0_0_ from user user0_ where user0_.user_id=?
Hibernate: select character1_.character_id as characte1_6_, character1_.character_character_name as characte2_6_ from user user0_ inner join characters character1_ on user0_.character_id=character1_.character_id where user0_.user_id=?
Hibernate: select permission0_.character_id as characte6_12_0_, permission0_.permission_id as permissi1_12_0_, permission0_.permission_id as permissi1_12_1_, permission0_.character_id as characte6_12_1_, permission0_.permission_name as permissi2_12_1_, permission0_.permission_permission_unit_id as permissi3_12_1_, permission0_.permission_service as permissi4_12_1_, permission0_.permission_status as permissi5_12_1_ from permission permission0_ where permission0_.character_id=?
Hibernate: select userjoinin0_.user_joining_pool_id as col_0_0_ from user_joining_pool userjoinin0_ where userjoinin0_.user_user_id=? limit ?
Hibernate: select userjoinin0_.user_joining_pool_id as user_joi1_22_, userjoinin0_.user_created_at as user_cre2_22_, userjoinin0_.user_name as user_nam3_22_, userjoinin0_.user_phone_number as user_pho4_22_, userjoinin0_.user_user_id as user_use5_22_, userjoinin0_.user_user_password as user_use6_22_ from user_joining_pool userjoinin0_ where userjoinin0_.user_user_id=?
Hibernate: select character0_.character_id as characte1_6_, character0_.character_character_name as characte2_6_ from characters character0_ where character0_.character_character_name=?
Hibernate: insert into user (user_id, character_id, user_created_at, user_name, user_phone_number, user_user_id, user_user_password) values (default, ?, ?, ?, ?, ?, ?)
Hibernate: DELETE FROM USER_JOINING_POOL as JU where JU.USER_USER_ID =?
Hibernate: select user0_.user_id as col_0_0_ from user user0_ where user0_.user_user_id=? limit ?
Hibernate: select user0_.user_id as col_0_0_ from user user0_ where user0_.user_user_id=? limit ?
Hibernate: select U.* from USER U where U.USER_USER_ID =?
Hibernate: select character0_.character_id as characte1_6_0_, character0_.character_character_name as characte2_6_0_ from characters character0_ where character0_.character_id=?
Hibernate: select user0_.user_id as col_0_0_ from user user0_ where user0_.user_user_id=? limit ?
Hibernate: select userjoinin0_.user_joining_pool_id as col_0_0_ from user_joining_pool userjoinin0_ where userjoinin0_.user_user_id=? limit ?
Hibernate: select character0_.character_id as col_0_0_ from characters character0_ where character0_.character_character_name=? limit ?
Hibernate: insert into user_joining_pool (user_joining_pool_id, user_created_at, user_name, user_phone_number, user_user_id, user_user_password) values (default, ?, ?, ?, ?, ?)
Hibernate: select user0_.user_id as user_id1_21_0_, user0_.character_id as characte7_21_0_, user0_.user_created_at as user_cre2_21_0_, user0_.user_name as user_nam3_21_0_, user0_.user_phone_number as user_pho4_21_0_, user0_.user_user_id as user_use5_21_0_, user0_.user_user_password as user_use6_21_0_ from user user0_ where user0_.user_id=?
Hibernate: select character0_.character_id as characte1_6_0_, character0_.character_character_name as characte2_6_0_ from characters character0_ where character0_.character_id=?
Hibernate: select count(*) as col_0_0_ from user user0_ where user0_.user_id=?
Hibernate: select character1_.character_id as characte1_6_, character1_.character_character_name as characte2_6_ from user user0_ inner join characters character1_ on user0_.character_id=character1_.character_id where user0_.user_id=?
Hibernate: select permission0_.character_id as characte6_12_0_, permission0_.permission_id as permissi1_12_0_, permission0_.permission_id as permissi1_12_1_, permission0_.character_id as characte6_12_1_, permission0_.permission_name as permissi2_12_1_, permission0_.permission_permission_unit_id as permissi3_12_1_, permission0_.permission_service as permissi4_12_1_, permission0_.permission_status as permissi5_12_1_ from permission permission0_ where permission0_.character_id=?
Hibernate: select userjoinin0_.user_joining_pool_id as col_0_0_ from user_joining_pool userjoinin0_ where userjoinin0_.user_user_id=? limit ?
Hibernate: select userjoinin0_.user_joining_pool_id as user_joi1_22_, userjoinin0_.user_created_at as user_cre2_22_, userjoinin0_.user_name as user_nam3_22_, userjoinin0_.user_phone_number as user_pho4_22_, userjoinin0_.user_user_id as user_use5_22_, userjoinin0_.user_user_password as user_use6_22_ from user_joining_pool userjoinin0_ where userjoinin0_.user_user_id=?
Hibernate: select character0_.character_id as characte1_6_, character0_.character_character_name as characte2_6_ from characters character0_ where character0_.character_character_name=?
Hibernate: insert into user (user_id, character_id, user_created_at, user_name, user_phone_number, user_user_id, user_user_password) values (default, ?, ?, ?, ?, ?, ?)
Hibernate: DELETE FROM USER_JOINING_POOL as JU where JU.USER_USER_ID =?
Hibernate: select user0_.user_id as col_0_0_ from user user0_ where user0_.user_user_id=? limit ?
Hibernate: select user0_.user_id as col_0_0_ from user user0_ where user0_.user_user_id=? limit ?
Hibernate: select U.* from USER U where U.USER_USER_ID =?
Hibernate: select character0_.character_id as characte1_6_0_, character0_.character_character_name as characte2_6_0_ from characters character0_ where character0_.character_id=?
Hibernate: select user0_.user_id as col_0_0_ from user user0_ where user0_.user_user_id=? limit ?
Hibernate: select userjoinin0_.user_joining_pool_id as col_0_0_ from user_joining_pool userjoinin0_ where userjoinin0_.user_user_id=? limit ?
Hibernate: select character0_.character_id as col_0_0_ from characters character0_ where character0_.character_character_name=? limit ?
Hibernate: insert into user_joining_pool (user_joining_pool_id, user_created_at, user_name, user_phone_number, user_user_id, user_user_password) values (default, ?, ?, ?, ?, ?)
Hibernate: select user0_.user_id as user_id1_21_0_, user0_.character_id as characte7_21_0_, user0_.user_created_at as user_cre2_21_0_, user0_.user_name as user_nam3_21_0_, user0_.user_phone_number as user_pho4_21_0_, user0_.user_user_id as user_use5_21_0_, user0_.user_user_password as user_use6_21_0_ from user user0_ where user0_.user_id=?
Hibernate: select character0_.character_id as characte1_6_0_, character0_.character_character_name as characte2_6_0_ from characters character0_ where character0_.character_id=?
Hibernate: select count(*) as col_0_0_ from user user0_ where user0_.user_id=?
Hibernate: select character1_.character_id as characte1_6_, character1_.character_character_name as characte2_6_ from user user0_ inner join characters character1_ on user0_.character_id=character1_.character_id where user0_.user_id=?
Hibernate: select permission0_.character_id as characte6_12_0_, permission0_.permission_id as permissi1_12_0_, permission0_.permission_id as permissi1_12_1_, permission0_.character_id as characte6_12_1_, permission0_.permission_name as permissi2_12_1_, permission0_.permission_permission_unit_id as permissi3_12_1_, permission0_.permission_service as permissi4_12_1_, permission0_.permission_status as permissi5_12_1_ from permission permission0_ where permission0_.character_id=?
Hibernate: select userjoinin0_.user_joining_pool_id as col_0_0_ from user_joining_pool userjoinin0_ where userjoinin0_.user_user_id=? limit ?
Hibernate: select userjoinin0_.user_joining_pool_id as user_joi1_22_, userjoinin0_.user_created_at as user_cre2_22_, userjoinin0_.user_name as user_nam3_22_, userjoinin0_.user_phone_number as user_pho4_22_, userjoinin0_.user_user_id as user_use5_22_, userjoinin0_.user_user_password as user_use6_22_ from user_joining_pool userjoinin0_ where userjoinin0_.user_user_id=?
Hibernate: select character0_.character_id as characte1_6_, character0_.character_character_name as characte2_6_ from characters character0_ where character0_.character_character_name=?
Hibernate: insert into user (user_id, character_id, user_created_at, user_name, user_phone_number, user_user_id, user_user_password) values (default, ?, ?, ?, ?, ?, ?)
Hibernate: DELETE FROM USER_JOINING_POOL as JU where JU.USER_USER_ID =?
Hibernate: select user0_.user_id as col_0_0_ from user user0_ where user0_.user_user_id=? limit ?
Hibernate: select user0_.user_id as col_0_0_ from user user0_ where user0_.user_user_id=? limit ?
Hibernate: select U.* from USER U where U.USER_USER_ID =?
Hibernate: select character0_.character_id as characte1_6_0_, character0_.character_character_name as characte2_6_0_ from characters character0_ where character0_.character_id=?
Hibernate: select user0_.user_id as col_0_0_ from user user0_ where user0_.user_user_id=? limit ?
Hibernate: select userjoinin0_.user_joining_pool_id as col_0_0_ from user_joining_pool userjoinin0_ where userjoinin0_.user_user_id=? limit ?
Hibernate: select character0_.character_id as col_0_0_ from characters character0_ where character0_.character_character_name=? limit ?
Hibernate: insert into user_joining_pool (user_joining_pool_id, user_created_at, user_name, user_phone_number, user_user_id, user_user_password) values (default, ?, ?, ?, ?, ?)
Hibernate: select user0_.user_id as user_id1_21_0_, user0_.character_id as characte7_21_0_, user0_.user_created_at as user_cre2_21_0_, user0_.user_name as user_nam3_21_0_, user0_.user_phone_number as user_pho4_21_0_, user0_.user_user_id as user_use5_21_0_, user0_.user_user_password as user_use6_21_0_ from user user0_ where user0_.user_id=?
Hibernate: select character0_.character_id as characte1_6_0_, character0_.character_character_name as characte2_6_0_ from characters character0_ where character0_.character_id=?
Hibernate: select count(*) as col_0_0_ from user user0_ where user0_.user_id=?
Hibernate: select character1_.character_id as characte1_6_, character1_.character_character_name as characte2_6_ from user user0_ inner join characters character1_ on user0_.character_id=character1_.character_id where user0_.user_id=?
Hibernate: select permission0_.character_id as characte6_12_0_, permission0_.permission_id as permissi1_12_0_, permission0_.permission_id as permissi1_12_1_, permission0_.character_id as characte6_12_1_, permission0_.permission_name as permissi2_12_1_, permission0_.permission_permission_unit_id as permissi3_12_1_, permission0_.permission_service as permissi4_12_1_, permission0_.permission_status as permissi5_12_1_ from permission permission0_ where permission0_.character_id=?
Hibernate: select userjoinin0_.user_joining_pool_id as col_0_0_ from user_joining_pool userjoinin0_ where userjoinin0_.user_user_id=? limit ?
Hibernate: select userjoinin0_.user_joining_pool_id as user_joi1_22_, userjoinin0_.user_created_at as user_cre2_22_, userjoinin0_.user_name as user_nam3_22_, userjoinin0_.user_phone_number as user_pho4_22_, userjoinin0_.user_user_id as user_use5_22_, userjoinin0_.user_user_password as user_use6_22_ from user_joining_pool userjoinin0_ where userjoinin0_.user_user_id=?
Hibernate: select character0_.character_id as characte1_6_, character0_.character_character_name as characte2_6_ from characters character0_ where character0_.character_character_name=?
Hibernate: insert into user (user_id, character_id, user_created_at, user_name, user_phone_number, user_user_id, user_user_password) values (default, ?, ?, ?, ?, ?, ?)
Hibernate: DELETE FROM USER_JOINING_POOL as JU where JU.USER_USER_ID =?
Hibernate: select user0_.user_id as col_0_0_ from user user0_ where user0_.user_user_id=? limit ?
Hibernate: select user0_.user_id as col_0_0_ from user user0_ where user0_.user_user_id=? limit ?
Hibernate: select U.* from USER U where U.USER_USER_ID =?
Hibernate: select character0_.character_id as characte1_6_0_, character0_.character_character_name as characte2_6_0_ from characters character0_ where character0_.character_id=?
Hibernate: select user0_.user_id as col_0_0_ from user user0_ where user0_.user_user_id=? limit ?
Hibernate: select userjoinin0_.user_joining_pool_id as col_0_0_ from user_joining_pool userjoinin0_ where userjoinin0_.user_user_id=? limit ?
Hibernate: select character0_.character_id as col_0_0_ from characters character0_ where character0_.character_character_name=? limit ?
Hibernate: insert into user_joining_pool (user_joining_pool_id, user_created_at, user_name, user_phone_number, user_user_id, user_user_password) values (default, ?, ?, ?, ?, ?)
Hibernate: select user0_.user_id as user_id1_21_0_, user0_.character_id as characte7_21_0_, user0_.user_created_at as user_cre2_21_0_, user0_.user_name as user_nam3_21_0_, user0_.user_phone_number as user_pho4_21_0_, user0_.user_user_id as user_use5_21_0_, user0_.user_user_password as user_use6_21_0_ from user user0_ where user0_.user_id=?
Hibernate: select character0_.character_id as characte1_6_0_, character0_.character_character_name as characte2_6_0_ from characters character0_ where character0_.character_id=?
Hibernate: select count(*) as col_0_0_ from user user0_ where user0_.user_id=?
Hibernate: select character1_.character_id as characte1_6_, character1_.character_character_name as characte2_6_ from user user0_ inner join characters character1_ on user0_.character_id=character1_.character_id where user0_.user_id=?
Hibernate: select permission0_.character_id as characte6_12_0_, permission0_.permission_id as permissi1_12_0_, permission0_.permission_id as permissi1_12_1_, permission0_.character_id as characte6_12_1_, permission0_.permission_name as permissi2_12_1_, permission0_.permission_permission_unit_id as permissi3_12_1_, permission0_.permission_service as permissi4_12_1_, permission0_.permission_status as permissi5_12_1_ from permission permission0_ where permission0_.character_id=?
Hibernate: select userjoinin0_.user_joining_pool_id as col_0_0_ from user_joining_pool userjoinin0_ where userjoinin0_.user_user_id=? limit ?
Hibernate: select userjoinin0_.user_joining_pool_id as user_joi1_22_, userjoinin0_.user_created_at as user_cre2_22_, userjoinin0_.user_name as user_nam3_22_, userjoinin0_.user_phone_number as user_pho4_22_, userjoinin0_.user_user_id as user_use5_22_, userjoinin0_.user_user_password as user_use6_22_ from user_joining_pool userjoinin0_ where userjoinin0_.user_user_id=?
Hibernate: select character0_.character_id as characte1_6_, character0_.character_character_name as characte2_6_ from characters character0_ where character0_.character_character_name=?
Hibernate: insert into user (user_id, character_id, user_created_at, user_name, user_phone_number, user_user_id, user_user_password) values (default, ?, ?, ?, ?, ?, ?)
Hibernate: DELETE FROM USER_JOINING_POOL as JU where JU.USER_USER_ID =?
Hibernate: select user0_.user_id as user_id1_21_0_, user0_.character_id as characte7_21_0_, user0_.user_created_at as user_cre2_21_0_, user0_.user_name as user_nam3_21_0_, user0_.user_phone_number as user_pho4_21_0_, user0_.user_user_id as user_use5_21_0_, user0_.user_user_password as user_use6_21_0_ from user user0_ where user0_.user_id=?
Hibernate: select character0_.character_id as characte1_6_0_, character0_.character_character_name as characte2_6_0_ from characters character0_ where character0_.character_id=?
Hibernate: select count(*) as col_0_0_ from user user0_ where user0_.user_id=?
Hibernate: select character1_.character_id as characte1_6_, character1_.character_character_name as characte2_6_ from user user0_ inner join characters character1_ on user0_.character_id=character1_.character_id where user0_.user_id=?
Hibernate: select permission0_.character_id as characte6_12_0_, permission0_.permission_id as permissi1_12_0_, permission0_.permission_id as permissi1_12_1_, permission0_.character_id as characte6_12_1_, permission0_.permission_name as permissi2_12_1_, permission0_.permission_permission_unit_id as permissi3_12_1_, permission0_.permission_service as permissi4_12_1_, permission0_.permission_status as permissi5_12_1_ from permission permission0_ where permission0_.character_id=?
Hibernate: select user0_.user_id as col_0_0_ from user user0_ where user0_.user_user_id=? limit ?
Hibernate: select user0_.user_id as col_0_0_ from user user0_ where user0_.user_user_id=? limit ?
Hibernate: select user0_.user_id as col_0_0_ from user user0_ where user0_.user_user_id=? limit ?
Hibernate: select user0_.user_id as col_0_0_ from user user0_ where user0_.user_user_id=? limit ?
Hibernate: select user0_.user_id as col_0_0_ from user user0_ where user0_.user_user_id=? limit ?
Hibernate: select user0_.user_id as user_id1_21_, user0_.character_id as characte7_21_, user0_.user_created_at as user_cre2_21_, user0_.user_name as user_nam3_21_, user0_.user_phone_number as user_pho4_21_, user0_.user_user_id as user_use5_21_, user0_.user_user_password as user_use6_21_ from user user0_ inner join characters character1_ on user0_.character_id=character1_.character_id where user0_.user_user_id=?
Hibernate: select character0_.character_id as characte1_6_0_, character0_.character_character_name as characte2_6_0_ from characters character0_ where character0_.character_id=?
Hibernate: select user0_.user_id as user_id1_21_, user0_.character_id as characte7_21_, user0_.user_created_at as user_cre2_21_, user0_.user_name as user_nam3_21_, user0_.user_phone_number as user_pho4_21_, user0_.user_user_id as user_use5_21_, user0_.user_user_password as user_use6_21_ from user user0_ inner join characters character1_ on user0_.character_id=character1_.character_id where user0_.user_user_id=?
Hibernate: select user0_.user_id as user_id1_21_, user0_.character_id as characte7_21_, user0_.user_created_at as user_cre2_21_, user0_.user_name as user_nam3_21_, user0_.user_phone_number as user_pho4_21_, user0_.user_user_id as user_use5_21_, user0_.user_user_password as user_use6_21_ from user user0_ inner join characters character1_ on user0_.character_id=character1_.character_id where user0_.user_user_id=?
Hibernate: select user0_.user_id as user_id1_21_, user0_.character_id as characte7_21_, user0_.user_created_at as user_cre2_21_, user0_.user_name as user_nam3_21_, user0_.user_phone_number as user_pho4_21_, user0_.user_user_id as user_use5_21_, user0_.user_user_password as user_use6_21_ from user user0_ inner join characters character1_ on user0_.character_id=character1_.character_id where user0_.user_user_id=?
Hibernate: select user0_.user_id as user_id1_21_, user0_.character_id as characte7_21_, user0_.user_created_at as user_cre2_21_, user0_.user_name as user_nam3_21_, user0_.user_phone_number as user_pho4_21_, user0_.user_user_id as user_use5_21_, user0_.user_user_password as user_use6_21_ from user user0_ inner join characters character1_ on user0_.character_id=character1_.character_id where user0_.user_user_id=?
Hibernate: insert into team_building (team_building_team_building_id, team_building_created_at, team_building_last_modified_at, team_building_team_building_title) values (default, ?, ?, ?)
Hibernate: insert into team (team_team_id, team_last_modified_at, team_building_team_building_id, team_team_name) values (default, ?, ?, ?)
Hibernate: insert into team_user (team_user_id, team_team_id, user_id) values (default, ?, ?)
Hibernate: insert into team_user (team_user_id, team_team_id, user_id) values (default, ?, ?)
Hibernate: insert into team_user (team_user_id, team_team_id, user_id) values (default, ?, ?)
Hibernate: insert into team (team_team_id, team_last_modified_at, team_building_team_building_id, team_team_name) values (default, ?, ?, ?)
Hibernate: insert into team_user (team_user_id, team_team_id, user_id) values (default, ?, ?)
Hibernate: insert into team_user (team_user_id, team_team_id, user_id) values (default, ?, ?)
Hibernate: select user0_.user_id as user_id1_21_0_, user0_.character_id as characte7_21_0_, user0_.user_created_at as user_cre2_21_0_, user0_.user_name as user_nam3_21_0_, user0_.user_phone_number as user_pho4_21_0_, user0_.user_user_id as user_use5_21_0_, user0_.user_user_password as user_use6_21_0_ from user user0_ where user0_.user_id=?
Hibernate: select character0_.character_id as characte1_6_0_, character0_.character_character_name as characte2_6_0_ from characters character0_ where character0_.character_id=?
Hibernate: select count(*) as col_0_0_ from user user0_ where user0_.user_id=?
Hibernate: select character1_.character_id as characte1_6_, character1_.character_character_name as characte2_6_ from user user0_ inner join characters character1_ on user0_.character_id=character1_.character_id where user0_.user_id=?
Hibernate: select permission0_.character_id as characte6_12_0_, permission0_.permission_id as permissi1_12_0_, permission0_.permission_id as permissi1_12_1_, permission0_.character_id as characte6_12_1_, permission0_.permission_name as permissi2_12_1_, permission0_.permission_permission_unit_id as permissi3_12_1_, permission0_.permission_service as permissi4_12_1_, permission0_.permission_status as permissi5_12_1_ from permission permission0_ where permission0_.character_id=?
Hibernate: select user0_.user_id as col_0_0_ from user user0_ where user0_.user_user_id=? limit ?
Hibernate: select user0_.user_id as col_0_0_ from user user0_ where user0_.user_user_id=? limit ?
Hibernate: select user0_.user_id as col_0_0_ from user user0_ where user0_.user_user_id=? limit ?
Hibernate: select user0_.user_id as col_0_0_ from user user0_ where user0_.user_user_id=? limit ?
Hibernate: select user0_.user_id as col_0_0_ from user user0_ where user0_.user_user_id=? limit ?
Hibernate: select user0_.user_id as user_id1_21_, user0_.character_id as characte7_21_, user0_.user_created_at as user_cre2_21_, user0_.user_name as user_nam3_21_, user0_.user_phone_number as user_pho4_21_, user0_.user_user_id as user_use5_21_, user0_.user_user_password as user_use6_21_ from user user0_ inner join characters character1_ on user0_.character_id=character1_.character_id where user0_.user_user_id=?
Hibernate: select character0_.character_id as characte1_6_0_, character0_.character_character_name as characte2_6_0_ from characters character0_ where character0_.character_id=?
Hibernate: select user0_.user_id as user_id1_21_, user0_.character_id as characte7_21_, user0_.user_created_at as user_cre2_21_, user0_.user_name as user_nam3_21_, user0_.user_phone_number as user_pho4_21_, user0_.user_user_id as user_use5_21_, user0_.user_user_password as user_use6_21_ from user user0_ inner join characters character1_ on user0_.character_id=character1_.character_id where user0_.user_user_id=?
Hibernate: select user0_.user_id as user_id1_21_, user0_.character_id as characte7_21_, user0_.user_created_at as user_cre2_21_, user0_.user_name as user_nam3_21_, user0_.user_phone_number as user_pho4_21_, user0_.user_user_id as user_use5_21_, user0_.user_user_password as user_use6_21_ from user user0_ inner join characters character1_ on user0_.character_id=character1_.character_id where user0_.user_user_id=?
Hibernate: select user0_.user_id as user_id1_21_, user0_.character_id as characte7_21_, user0_.user_created_at as user_cre2_21_, user0_.user_name as user_nam3_21_, user0_.user_phone_number as user_pho4_21_, user0_.user_user_id as user_use5_21_, user0_.user_user_password as user_use6_21_ from user user0_ inner join characters character1_ on user0_.character_id=character1_.character_id where user0_.user_user_id=?
Hibernate: select user0_.user_id as user_id1_21_, user0_.character_id as characte7_21_, user0_.user_created_at as user_cre2_21_, user0_.user_name as user_nam3_21_, user0_.user_phone_number as user_pho4_21_, user0_.user_user_id as user_use5_21_, user0_.user_user_password as user_use6_21_ from user user0_ inner join characters character1_ on user0_.character_id=character1_.character_id where user0_.user_user_id=?
Hibernate: insert into team_building (team_building_team_building_id, team_building_created_at, team_building_last_modified_at, team_building_team_building_title) values (default, ?, ?, ?)
Hibernate: insert into team (team_team_id, team_last_modified_at, team_building_team_building_id, team_team_name) values (default, ?, ?, ?)
Hibernate: insert into team_user (team_user_id, team_team_id, user_id) values (default, ?, ?)
Hibernate: insert into team_user (team_user_id, team_team_id, user_id) values (default, ?, ?)
Hibernate: insert into team (team_team_id, team_last_modified_at, team_building_team_building_id, team_team_name) values (default, ?, ?, ?)
Hibernate: insert into team_user (team_user_id, team_team_id, user_id) values (default, ?, ?)
Hibernate: insert into team_user (team_user_id, team_team_id, user_id) values (default, ?, ?)
Hibernate: insert into team (team_team_id, team_last_modified_at, team_building_team_building_id, team_team_name) values (default, ?, ?, ?)
Hibernate: insert into team_user (team_user_id, team_team_id, user_id) values (default, ?, ?)
Hibernate: select user0_.user_id as user_id1_21_0_, user0_.character_id as characte7_21_0_, user0_.user_created_at as user_cre2_21_0_, user0_.user_name as user_nam3_21_0_, user0_.user_phone_number as user_pho4_21_0_, user0_.user_user_id as user_use5_21_0_, user0_.user_user_password as user_use6_21_0_ from user user0_ where user0_.user_id=?
Hibernate: select character0_.character_id as characte1_6_0_, character0_.character_character_name as characte2_6_0_ from characters character0_ where character0_.character_id=?
Hibernate: select count(*) as col_0_0_ from team_building teambuildi0_ where teambuildi0_.team_building_team_building_id=?

MockHttpServletRequest:
      HTTP Method = GET
      Request URI = /teambuilding/0
       Parameters = {}
          Headers = [Accept:"application/json", api-version:"1.0", Authorization:"Bearer eyJhbGciOiJIUzI1NiJ9.eyJzdWIiOiIxIiwiaWF0IjoxNjg3ODc3NDY5LCJleHAiOjE2ODc4ODEwNjl9.5GpcrqH17WaCEi6670WViYdxZ8Db7S7TQOeUs9MSnKg"]
             Body = null
    Session Attrs = {}

Handler:
             Type = org.waldreg.controller.teambuilding.TeamBuildingController
           Method = org.waldreg.controller.teambuilding.TeamBuildingController#readTeamBuildingByTeamBuildingId(int)

Async:
    Async started = false
     Async result = null

Resolved Exception:
             Type = org.waldreg.teambuilding.exception.UnknownTeamBuildingIdException

ModelAndView:
        View name = null
             View = null
            Model = null

FlashMap:
       Attributes = null

MockHttpServletResponse:
           Status = 400
    Error message = null
          Headers = [Vary:"Origin", "Access-Control-Request-Method", "Access-Control-Request-Headers", Api-version:"1.0", Content-Type:"application/json"]
     Content type = application/json
             Body = {"code":"TEAMBUILDING-400","messages":"Cannot find teambuilding id \"0\"","document_url":"docs.waldreg.org"}
    Forwarded URL = null
   Redirected URL = null
          Cookies = []
Hibernate: select user0_.user_id as col_0_0_ from user user0_ where user0_.user_user_id=? limit ?
Hibernate: select user0_.user_id as col_0_0_ from user user0_ where user0_.user_user_id=? limit ?
Hibernate: select U.* from USER U where U.USER_USER_ID =?
Hibernate: select character0_.character_id as characte1_6_0_, character0_.character_character_name as characte2_6_0_ from characters character0_ where character0_.character_id=?
Hibernate: select user0_.user_id as user_id1_21_0_, user0_.character_id as characte7_21_0_, user0_.user_created_at as user_cre2_21_0_, user0_.user_name as user_nam3_21_0_, user0_.user_phone_number as user_pho4_21_0_, user0_.user_user_id as user_use5_21_0_, user0_.user_user_password as user_use6_21_0_ from user user0_ where user0_.user_id=?
Hibernate: select character0_.character_id as characte1_6_0_, character0_.character_character_name as characte2_6_0_ from characters character0_ where character0_.character_id=?
Hibernate: select count(*) as col_0_0_ from team_building teambuildi0_
Hibernate: select count(*) as col_0_0_ from team_building teambuildi0_
Hibernate: select teambuildi0_.team_building_team_building_id as team_bui1_19_, teambuildi0_.team_building_created_at as team_bui2_19_, teambuildi0_.team_building_last_modified_at as team_bui3_19_, teambuildi0_.team_building_team_building_title as team_bui4_19_ from team_building teambuildi0_ order by teambuildi0_.team_building_created_at desc, teambuildi0_.team_building_team_building_id desc limit ?
Hibernate: select teamlist0_.team_building_team_building_id as team_bui4_18_0_, teamlist0_.team_team_id as team_tea1_18_0_, teamlist0_.team_team_id as team_tea1_18_1_, teamlist0_.team_last_modified_at as team_las2_18_1_, teamlist0_.team_building_team_building_id as team_bui4_18_1_, teamlist0_.team_team_name as team_tea3_18_1_ from team teamlist0_ where teamlist0_.team_building_team_building_id=?
Hibernate: select teamuserli0_.team_team_id as team_tea2_20_0_, teamuserli0_.team_user_id as team_use1_20_0_, teamuserli0_.team_user_id as team_use1_20_1_, teamuserli0_.team_team_id as team_tea2_20_1_, teamuserli0_.user_id as user_id3_20_1_ from team_user teamuserli0_ where teamuserli0_.team_team_id=?
Hibernate: select user0_.user_id as user_id1_21_0_, user0_.character_id as characte7_21_0_, user0_.user_created_at as user_cre2_21_0_, user0_.user_name as user_nam3_21_0_, user0_.user_phone_number as user_pho4_21_0_, user0_.user_user_id as user_use5_21_0_, user0_.user_user_password as user_use6_21_0_ from user user0_ where user0_.user_id=?
Hibernate: select character0_.character_id as characte1_6_0_, character0_.character_character_name as characte2_6_0_ from characters character0_ where character0_.character_id=?
Hibernate: select user0_.user_id as user_id1_21_0_, user0_.character_id as characte7_21_0_, user0_.user_created_at as user_cre2_21_0_, user0_.user_name as user_nam3_21_0_, user0_.user_phone_number as user_pho4_21_0_, user0_.user_user_id as user_use5_21_0_, user0_.user_user_password as user_use6_21_0_ from user user0_ where user0_.user_id=?
Hibernate: select teamuserli0_.team_team_id as team_tea2_20_0_, teamuserli0_.team_user_id as team_use1_20_0_, teamuserli0_.team_user_id as team_use1_20_1_, teamuserli0_.team_team_id as team_tea2_20_1_, teamuserli0_.user_id as user_id3_20_1_ from team_user teamuserli0_ where teamuserli0_.team_team_id=?
Hibernate: select user0_.user_id as user_id1_21_0_, user0_.character_id as characte7_21_0_, user0_.user_created_at as user_cre2_21_0_, user0_.user_name as user_nam3_21_0_, user0_.user_phone_number as user_pho4_21_0_, user0_.user_user_id as user_use5_21_0_, user0_.user_user_password as user_use6_21_0_ from user user0_ where user0_.user_id=?
Hibernate: select user0_.user_id as user_id1_21_0_, user0_.character_id as characte7_21_0_, user0_.user_created_at as user_cre2_21_0_, user0_.user_name as user_nam3_21_0_, user0_.user_phone_number as user_pho4_21_0_, user0_.user_user_id as user_use5_21_0_, user0_.user_user_password as user_use6_21_0_ from user user0_ where user0_.user_id=?
Hibernate: select teamuserli0_.team_team_id as team_tea2_20_0_, teamuserli0_.team_user_id as team_use1_20_0_, teamuserli0_.team_user_id as team_use1_20_1_, teamuserli0_.team_team_id as team_tea2_20_1_, teamuserli0_.user_id as user_id3_20_1_ from team_user teamuserli0_ where teamuserli0_.team_team_id=?
Hibernate: select user0_.user_id as user_id1_21_0_, user0_.character_id as characte7_21_0_, user0_.user_created_at as user_cre2_21_0_, user0_.user_name as user_nam3_21_0_, user0_.user_phone_number as user_pho4_21_0_, user0_.user_user_id as user_use5_21_0_, user0_.user_user_password as user_use6_21_0_ from user user0_ where user0_.user_id=?
Hibernate: select teamlist0_.team_building_team_building_id as team_bui4_18_0_, teamlist0_.team_team_id as team_tea1_18_0_, teamlist0_.team_team_id as team_tea1_18_1_, teamlist0_.team_last_modified_at as team_las2_18_1_, teamlist0_.team_building_team_building_id as team_bui4_18_1_, teamlist0_.team_team_name as team_tea3_18_1_ from team teamlist0_ where teamlist0_.team_building_team_building_id=?
Hibernate: select teamuserli0_.team_team_id as team_tea2_20_0_, teamuserli0_.team_user_id as team_use1_20_0_, teamuserli0_.team_user_id as team_use1_20_1_, teamuserli0_.team_team_id as team_tea2_20_1_, teamuserli0_.user_id as user_id3_20_1_ from team_user teamuserli0_ where teamuserli0_.team_team_id=?
Hibernate: select user0_.user_id as user_id1_21_0_, user0_.character_id as characte7_21_0_, user0_.user_created_at as user_cre2_21_0_, user0_.user_name as user_nam3_21_0_, user0_.user_phone_number as user_pho4_21_0_, user0_.user_user_id as user_use5_21_0_, user0_.user_user_password as user_use6_21_0_ from user user0_ where user0_.user_id=?
Hibernate: select user0_.user_id as user_id1_21_0_, user0_.character_id as characte7_21_0_, user0_.user_created_at as user_cre2_21_0_, user0_.user_name as user_nam3_21_0_, user0_.user_phone_number as user_pho4_21_0_, user0_.user_user_id as user_use5_21_0_, user0_.user_user_password as user_use6_21_0_ from user user0_ where user0_.user_id=?
Hibernate: select user0_.user_id as user_id1_21_0_, user0_.character_id as characte7_21_0_, user0_.user_created_at as user_cre2_21_0_, user0_.user_name as user_nam3_21_0_, user0_.user_phone_number as user_pho4_21_0_, user0_.user_user_id as user_use5_21_0_, user0_.user_user_password as user_use6_21_0_ from user user0_ where user0_.user_id=?
Hibernate: select teamuserli0_.team_team_id as team_tea2_20_0_, teamuserli0_.team_user_id as team_use1_20_0_, teamuserli0_.team_user_id as team_use1_20_1_, teamuserli0_.team_team_id as team_tea2_20_1_, teamuserli0_.user_id as user_id3_20_1_ from team_user teamuserli0_ where teamuserli0_.team_team_id=?
Hibernate: select user0_.user_id as user_id1_21_0_, user0_.character_id as characte7_21_0_, user0_.user_created_at as user_cre2_21_0_, user0_.user_name as user_nam3_21_0_, user0_.user_phone_number as user_pho4_21_0_, user0_.user_user_id as user_use5_21_0_, user0_.user_user_password as user_use6_21_0_ from user user0_ where user0_.user_id=?
Hibernate: select user0_.user_id as user_id1_21_0_, user0_.character_id as characte7_21_0_, user0_.user_created_at as user_cre2_21_0_, user0_.user_name as user_nam3_21_0_, user0_.user_phone_number as user_pho4_21_0_, user0_.user_user_id as user_use5_21_0_, user0_.user_user_password as user_use6_21_0_ from user user0_ where user0_.user_id=?
Hibernate: select user0_.user_id as user_id1_21_0_, user0_.character_id as characte7_21_0_, user0_.user_created_at as user_cre2_21_0_, user0_.user_name as user_nam3_21_0_, user0_.user_phone_number as user_pho4_21_0_, user0_.user_user_id as user_use5_21_0_, user0_.user_user_password as user_use6_21_0_ from user user0_ where user0_.user_id=?
Hibernate: select character0_.character_id as characte1_6_0_, character0_.character_character_name as characte2_6_0_ from characters character0_ where character0_.character_id=?
Hibernate: select count(*) as col_0_0_ from user user0_ where user0_.user_id=?
Hibernate: select character1_.character_id as characte1_6_, character1_.character_character_name as characte2_6_ from user user0_ inner join characters character1_ on user0_.character_id=character1_.character_id where user0_.user_id=?
Hibernate: select permission0_.character_id as characte6_12_0_, permission0_.permission_id as permissi1_12_0_, permission0_.permission_id as permissi1_12_1_, permission0_.character_id as characte6_12_1_, permission0_.permission_name as permissi2_12_1_, permission0_.permission_permission_unit_id as permissi3_12_1_, permission0_.permission_service as permissi4_12_1_, permission0_.permission_status as permissi5_12_1_ from permission permission0_ where permission0_.character_id=?
Hibernate: select count(*) as col_0_0_ from team_building teambuildi0_ where teambuildi0_.team_building_team_building_id=?
Hibernate: select teambuildi0_.team_building_team_building_id as team_bui1_19_0_, teambuildi0_.team_building_created_at as team_bui2_19_0_, teambuildi0_.team_building_last_modified_at as team_bui3_19_0_, teambuildi0_.team_building_team_building_title as team_bui4_19_0_ from team_building teambuildi0_ where teambuildi0_.team_building_team_building_id=?
Hibernate: select teamlist0_.team_building_team_building_id as team_bui4_18_0_, teamlist0_.team_team_id as team_tea1_18_0_, teamlist0_.team_team_id as team_tea1_18_1_, teamlist0_.team_last_modified_at as team_las2_18_1_, teamlist0_.team_building_team_building_id as team_bui4_18_1_, teamlist0_.team_team_name as team_tea3_18_1_ from team teamlist0_ where teamlist0_.team_building_team_building_id=?
Hibernate: select teamuserli0_.team_team_id as team_tea2_20_0_, teamuserli0_.team_user_id as team_use1_20_0_, teamuserli0_.team_user_id as team_use1_20_1_, teamuserli0_.team_team_id as team_tea2_20_1_, teamuserli0_.user_id as user_id3_20_1_ from team_user teamuserli0_ where teamuserli0_.team_team_id=?
Hibernate: select user0_.user_id as user_id1_21_0_, user0_.character_id as characte7_21_0_, user0_.user_created_at as user_cre2_21_0_, user0_.user_name as user_nam3_21_0_, user0_.user_phone_number as user_pho4_21_0_, user0_.user_user_id as user_use5_21_0_, user0_.user_user_password as user_use6_21_0_ from user user0_ where user0_.user_id=?
Hibernate: select character0_.character_id as characte1_6_0_, character0_.character_character_name as characte2_6_0_ from characters character0_ where character0_.character_id=?
Hibernate: select user0_.user_id as user_id1_21_0_, user0_.character_id as characte7_21_0_, user0_.user_created_at as user_cre2_21_0_, user0_.user_name as user_nam3_21_0_, user0_.user_phone_number as user_pho4_21_0_, user0_.user_user_id as user_use5_21_0_, user0_.user_user_password as user_use6_21_0_ from user user0_ where user0_.user_id=?
Hibernate: select teamuserli0_.team_team_id as team_tea2_20_0_, teamuserli0_.team_user_id as team_use1_20_0_, teamuserli0_.team_user_id as team_use1_20_1_, teamuserli0_.team_team_id as team_tea2_20_1_, teamuserli0_.user_id as user_id3_20_1_ from team_user teamuserli0_ where teamuserli0_.team_team_id=?
Hibernate: select user0_.user_id as user_id1_21_0_, user0_.character_id as characte7_21_0_, user0_.user_created_at as user_cre2_21_0_, user0_.user_name as user_nam3_21_0_, user0_.user_phone_number as user_pho4_21_0_, user0_.user_user_id as user_use5_21_0_, user0_.user_user_password as user_use6_21_0_ from user user0_ where user0_.user_id=?
Hibernate: select user0_.user_id as user_id1_21_0_, user0_.character_id as characte7_21_0_, user0_.user_created_at as user_cre2_21_0_, user0_.user_name as user_nam3_21_0_, user0_.user_phone_number as user_pho4_21_0_, user0_.user_user_id as user_use5_21_0_, user0_.user_user_password as user_use6_21_0_ from user user0_ where user0_.user_id=?
Hibernate: select teamuserli0_.team_team_id as team_tea2_20_0_, teamuserli0_.team_user_id as team_use1_20_0_, teamuserli0_.team_user_id as team_use1_20_1_, teamuserli0_.team_team_id as team_tea2_20_1_, teamuserli0_.user_id as user_id3_20_1_ from team_user teamuserli0_ where teamuserli0_.team_team_id=?
Hibernate: select user0_.user_id as user_id1_21_0_, user0_.character_id as characte7_21_0_, user0_.user_created_at as user_cre2_21_0_, user0_.user_name as user_nam3_21_0_, user0_.user_phone_number as user_pho4_21_0_, user0_.user_user_id as user_use5_21_0_, user0_.user_user_password as user_use6_21_0_ from user user0_ where user0_.user_id=?
Hibernate: delete from team_user where team_user_id=?
Hibernate: delete from team_user where team_user_id=?
Hibernate: delete from team where team_team_id=?
Hibernate: delete from team_user where team_user_id=?
Hibernate: delete from team_user where team_user_id=?
Hibernate: delete from team where team_team_id=?
Hibernate: delete from team_user where team_user_id=?
Hibernate: delete from team where team_team_id=?
Hibernate: delete from team_building where team_building_team_building_id=?
Hibernate: select user0_.user_id as user_id1_21_0_, user0_.character_id as characte7_21_0_, user0_.user_created_at as user_cre2_21_0_, user0_.user_name as user_nam3_21_0_, user0_.user_phone_number as user_pho4_21_0_, user0_.user_user_id as user_use5_21_0_, user0_.user_user_password as user_use6_21_0_ from user user0_ where user0_.user_id=?
Hibernate: select character0_.character_id as characte1_6_0_, character0_.character_character_name as characte2_6_0_ from characters character0_ where character0_.character_id=?
Hibernate: select count(*) as col_0_0_ from team_building teambuildi0_ where teambuildi0_.team_building_team_building_id=?
Hibernate: select user0_.user_id as user_id1_21_0_, user0_.character_id as characte7_21_0_, user0_.user_created_at as user_cre2_21_0_, user0_.user_name as user_nam3_21_0_, user0_.user_phone_number as user_pho4_21_0_, user0_.user_user_id as user_use5_21_0_, user0_.user_user_password as user_use6_21_0_ from user user0_ where user0_.user_id=?
Hibernate: select character0_.character_id as characte1_6_0_, character0_.character_character_name as characte2_6_0_ from characters character0_ where character0_.character_id=?
Hibernate: select count(*) as col_0_0_ from user user0_ where user0_.user_id=?
Hibernate: select character1_.character_id as characte1_6_, character1_.character_character_name as characte2_6_ from user user0_ inner join characters character1_ on user0_.character_id=character1_.character_id where user0_.user_id=?
Hibernate: select permission0_.character_id as characte6_12_0_, permission0_.permission_id as permissi1_12_0_, permission0_.permission_id as permissi1_12_1_, permission0_.character_id as characte6_12_1_, permission0_.permission_name as permissi2_12_1_, permission0_.permission_permission_unit_id as permissi3_12_1_, permission0_.permission_service as permissi4_12_1_, permission0_.permission_status as permissi5_12_1_ from permission permission0_ where permission0_.character_id=?
Hibernate: select count(*) as col_0_0_ from team_building teambuildi0_ where teambuildi0_.team_building_team_building_id=?
Hibernate: select teambuildi0_.team_building_team_building_id as team_bui1_19_0_, teambuildi0_.team_building_created_at as team_bui2_19_0_, teambuildi0_.team_building_last_modified_at as team_bui3_19_0_, teambuildi0_.team_building_team_building_title as team_bui4_19_0_ from team_building teambuildi0_ where teambuildi0_.team_building_team_building_id=?
Hibernate: select teamlist0_.team_building_team_building_id as team_bui4_18_0_, teamlist0_.team_team_id as team_tea1_18_0_, teamlist0_.team_team_id as team_tea1_18_1_, teamlist0_.team_last_modified_at as team_las2_18_1_, teamlist0_.team_building_team_building_id as team_bui4_18_1_, teamlist0_.team_team_name as team_tea3_18_1_ from team teamlist0_ where teamlist0_.team_building_team_building_id=?
Hibernate: select teamuserli0_.team_team_id as team_tea2_20_0_, teamuserli0_.team_user_id as team_use1_20_0_, teamuserli0_.team_user_id as team_use1_20_1_, teamuserli0_.team_team_id as team_tea2_20_1_, teamuserli0_.user_id as user_id3_20_1_ from team_user teamuserli0_ where teamuserli0_.team_team_id=?
Hibernate: select user0_.user_id as user_id1_21_0_, user0_.character_id as characte7_21_0_, user0_.user_created_at as user_cre2_21_0_, user0_.user_name as user_nam3_21_0_, user0_.user_phone_number as user_pho4_21_0_, user0_.user_user_id as user_use5_21_0_, user0_.user_user_password as user_use6_21_0_ from user user0_ where user0_.user_id=?
Hibernate: select character0_.character_id as characte1_6_0_, character0_.character_character_name as characte2_6_0_ from characters character0_ where character0_.character_id=?
Hibernate: select user0_.user_id as user_id1_21_0_, user0_.character_id as characte7_21_0_, user0_.user_created_at as user_cre2_21_0_, user0_.user_name as user_nam3_21_0_, user0_.user_phone_number as user_pho4_21_0_, user0_.user_user_id as user_use5_21_0_, user0_.user_user_password as user_use6_21_0_ from user user0_ where user0_.user_id=?
Hibernate: select user0_.user_id as user_id1_21_0_, user0_.character_id as characte7_21_0_, user0_.user_created_at as user_cre2_21_0_, user0_.user_name as user_nam3_21_0_, user0_.user_phone_number as user_pho4_21_0_, user0_.user_user_id as user_use5_21_0_, user0_.user_user_password as user_use6_21_0_ from user user0_ where user0_.user_id=?
Hibernate: select teamuserli0_.team_team_id as team_tea2_20_0_, teamuserli0_.team_user_id as team_use1_20_0_, teamuserli0_.team_user_id as team_use1_20_1_, teamuserli0_.team_team_id as team_tea2_20_1_, teamuserli0_.user_id as user_id3_20_1_ from team_user teamuserli0_ where teamuserli0_.team_team_id=?
Hibernate: select user0_.user_id as user_id1_21_0_, user0_.character_id as characte7_21_0_, user0_.user_created_at as user_cre2_21_0_, user0_.user_name as user_nam3_21_0_, user0_.user_phone_number as user_pho4_21_0_, user0_.user_user_id as user_use5_21_0_, user0_.user_user_password as user_use6_21_0_ from user user0_ where user0_.user_id=?
Hibernate: select user0_.user_id as user_id1_21_0_, user0_.character_id as characte7_21_0_, user0_.user_created_at as user_cre2_21_0_, user0_.user_name as user_nam3_21_0_, user0_.user_phone_number as user_pho4_21_0_, user0_.user_user_id as user_use5_21_0_, user0_.user_user_password as user_use6_21_0_ from user user0_ where user0_.user_id=?
Hibernate: delete from team_user where team_user_id=?
Hibernate: delete from team_user where team_user_id=?
Hibernate: delete from team_user where team_user_id=?
Hibernate: delete from team where team_team_id=?
Hibernate: delete from team_user where team_user_id=?
Hibernate: delete from team_user where team_user_id=?
Hibernate: delete from team where team_team_id=?
Hibernate: delete from team_building where team_building_team_building_id=?
Hibernate: select user0_.user_id as user_id1_21_0_, user0_.character_id as characte7_21_0_, user0_.user_created_at as user_cre2_21_0_, user0_.user_name as user_nam3_21_0_, user0_.user_phone_number as user_pho4_21_0_, user0_.user_user_id as user_use5_21_0_, user0_.user_user_password as user_use6_21_0_ from user user0_ where user0_.user_id=?
Hibernate: select character0_.character_id as characte1_6_0_, character0_.character_character_name as characte2_6_0_ from characters character0_ where character0_.character_id=?
Hibernate: select count(*) as col_0_0_ from team_building teambuildi0_ where teambuildi0_.team_building_team_building_id=?
Hibernate: select user0_.user_id as col_0_0_ from user user0_ where user0_.user_user_id=? limit ?
Hibernate: select user0_.user_id as col_0_0_ from user user0_ where user0_.user_user_id=? limit ?
Hibernate: select U.* from USER U where U.USER_USER_ID =?
Hibernate: select character0_.character_id as characte1_6_0_, character0_.character_character_name as characte2_6_0_ from characters character0_ where character0_.character_id=?
Hibernate: select user0_.user_id as col_0_0_ from user user0_ where user0_.user_user_id=? limit ?
Hibernate: select user0_.user_id as user_id1_21_, user0_.character_id as characte7_21_, user0_.user_created_at as user_cre2_21_, user0_.user_name as user_nam3_21_, user0_.user_phone_number as user_pho4_21_, user0_.user_user_id as user_use5_21_, user0_.user_user_password as user_use6_21_ from user user0_ inner join characters character1_ on user0_.character_id=character1_.character_id where user0_.user_user_id=?
Hibernate: select character0_.character_id as characte1_6_0_, character0_.character_character_name as characte2_6_0_ from characters character0_ where character0_.character_id=?
Hibernate: select rewardtagw0_.user_id as user_id4_16_0_, rewardtagw0_.reward_tag_wrapper_reward_id as reward_t1_16_0_, rewardtagw0_.reward_tag_wrapper_reward_id as reward_t1_16_1_, rewardtagw0_.reward_tag_wrapper_reward_presented_at as reward_t2_16_1_, rewardtagw0_.reward_tag_reward_tag_id as reward_t3_16_1_, rewardtagw0_.user_id as user_id4_16_1_ from reward_tag_wrapper rewardtagw0_ where rewardtagw0_.user_id=?
Hibernate: select user0_.user_id as user_id1_21_0_, user0_.character_id as characte7_21_0_, user0_.user_created_at as user_cre2_21_0_, user0_.user_name as user_nam3_21_0_, user0_.user_phone_number as user_pho4_21_0_, user0_.user_user_id as user_use5_21_0_, user0_.user_user_password as user_use6_21_0_ from user user0_ where user0_.user_id=?
Hibernate: select character0_.character_id as characte1_6_0_, character0_.character_character_name as characte2_6_0_ from characters character0_ where character0_.character_id=?
Hibernate: select count(*) as col_0_0_ from user user0_ where user0_.user_id=?
Hibernate: select character1_.character_id as characte1_6_, character1_.character_character_name as characte2_6_ from user user0_ inner join characters character1_ on user0_.character_id=character1_.character_id where user0_.user_id=?
Hibernate: select permission0_.character_id as characte6_12_0_, permission0_.permission_id as permissi1_12_0_, permission0_.permission_id as permissi1_12_1_, permission0_.character_id as characte6_12_1_, permission0_.permission_name as permissi2_12_1_, permission0_.permission_permission_unit_id as permissi3_12_1_, permission0_.permission_service as permissi4_12_1_, permission0_.permission_status as permissi5_12_1_ from permission permission0_ where permission0_.character_id=?
Hibernate: select count(*) as col_0_0_ from user user0_ where user0_.user_id=?
Hibernate: select user0_.user_id as user_id1_21_, user0_.character_id as characte7_21_, user0_.user_created_at as user_cre2_21_, user0_.user_name as user_nam3_21_, user0_.user_phone_number as user_pho4_21_, user0_.user_user_id as user_use5_21_, user0_.user_user_password as user_use6_21_ from user user0_ where user0_.user_id=?
Hibernate: select character0_.character_id as characte1_6_0_, character0_.character_character_name as characte2_6_0_ from characters character0_ where character0_.character_id=?
Hibernate: select rewardtagw0_.user_id as user_id4_16_0_, rewardtagw0_.reward_tag_wrapper_reward_id as reward_t1_16_0_, rewardtagw0_.reward_tag_wrapper_reward_id as reward_t1_16_1_, rewardtagw0_.reward_tag_wrapper_reward_presented_at as reward_t2_16_1_, rewardtagw0_.reward_tag_reward_tag_id as reward_t3_16_1_, rewardtagw0_.user_id as user_id4_16_1_ from reward_tag_wrapper rewardtagw0_ where rewardtagw0_.user_id=?
Hibernate: select attendance0_.attendance_user_attendance_user_id as col_0_0_ from attendance_user attendance0_ where attendance0_.user_id=? limit ?
Hibernate: DELETE FROM USER WHERE USER_ID = ?
Hibernate: select user0_.user_id as col_0_0_ from user user0_ where user0_.user_user_id=? limit ?
Hibernate: select user0_.user_id as col_0_0_ from user user0_ where user0_.user_user_id=? limit ?
Hibernate: select user0_.user_id as user_id1_21_, user0_.character_id as characte7_21_, user0_.user_created_at as user_cre2_21_, user0_.user_name as user_nam3_21_, user0_.user_phone_number as user_pho4_21_, user0_.user_user_id as user_use5_21_, user0_.user_user_password as user_use6_21_ from user user0_ inner join characters character1_ on user0_.character_id=character1_.character_id where user0_.user_user_id=?
Hibernate: select character0_.character_id as characte1_6_0_, character0_.character_character_name as characte2_6_0_ from characters character0_ where character0_.character_id=?
Hibernate: select rewardtagw0_.user_id as user_id4_16_0_, rewardtagw0_.reward_tag_wrapper_reward_id as reward_t1_16_0_, rewardtagw0_.reward_tag_wrapper_reward_id as reward_t1_16_1_, rewardtagw0_.reward_tag_wrapper_reward_presented_at as reward_t2_16_1_, rewardtagw0_.reward_tag_reward_tag_id as reward_t3_16_1_, rewardtagw0_.user_id as user_id4_16_1_ from reward_tag_wrapper rewardtagw0_ where rewardtagw0_.user_id=?
Hibernate: select user0_.user_id as user_id1_21_0_, user0_.character_id as characte7_21_0_, user0_.user_created_at as user_cre2_21_0_, user0_.user_name as user_nam3_21_0_, user0_.user_phone_number as user_pho4_21_0_, user0_.user_user_id as user_use5_21_0_, user0_.user_user_password as user_use6_21_0_ from user user0_ where user0_.user_id=?
Hibernate: select character0_.character_id as characte1_6_0_, character0_.character_character_name as characte2_6_0_ from characters character0_ where character0_.character_id=?
Hibernate: select count(*) as col_0_0_ from user user0_ where user0_.user_id=?
Hibernate: select character1_.character_id as characte1_6_, character1_.character_character_name as characte2_6_ from user user0_ inner join characters character1_ on user0_.character_id=character1_.character_id where user0_.user_id=?
Hibernate: select permission0_.character_id as characte6_12_0_, permission0_.permission_id as permissi1_12_0_, permission0_.permission_id as permissi1_12_1_, permission0_.character_id as characte6_12_1_, permission0_.permission_name as permissi2_12_1_, permission0_.permission_permission_unit_id as permissi3_12_1_, permission0_.permission_service as permissi4_12_1_, permission0_.permission_status as permissi5_12_1_ from permission permission0_ where permission0_.character_id=?
Hibernate: select count(*) as col_0_0_ from user user0_ where user0_.user_id=?
Hibernate: select user0_.user_id as user_id1_21_, user0_.character_id as characte7_21_, user0_.user_created_at as user_cre2_21_, user0_.user_name as user_nam3_21_, user0_.user_phone_number as user_pho4_21_, user0_.user_user_id as user_use5_21_, user0_.user_user_password as user_use6_21_ from user user0_ where user0_.user_id=?
Hibernate: select character0_.character_id as characte1_6_0_, character0_.character_character_name as characte2_6_0_ from characters character0_ where character0_.character_id=?
Hibernate: select rewardtagw0_.user_id as user_id4_16_0_, rewardtagw0_.reward_tag_wrapper_reward_id as reward_t1_16_0_, rewardtagw0_.reward_tag_wrapper_reward_id as reward_t1_16_1_, rewardtagw0_.reward_tag_wrapper_reward_presented_at as reward_t2_16_1_, rewardtagw0_.reward_tag_reward_tag_id as reward_t3_16_1_, rewardtagw0_.user_id as user_id4_16_1_ from reward_tag_wrapper rewardtagw0_ where rewardtagw0_.user_id=?
Hibernate: select attendance0_.attendance_user_attendance_user_id as col_0_0_ from attendance_user attendance0_ where attendance0_.user_id=? limit ?
Hibernate: DELETE FROM USER WHERE USER_ID = ?
Hibernate: select user0_.user_id as col_0_0_ from user user0_ where user0_.user_user_id=? limit ?
Hibernate: select user0_.user_id as col_0_0_ from user user0_ where user0_.user_user_id=? limit ?
Hibernate: select user0_.user_id as user_id1_21_, user0_.character_id as characte7_21_, user0_.user_created_at as user_cre2_21_, user0_.user_name as user_nam3_21_, user0_.user_phone_number as user_pho4_21_, user0_.user_user_id as user_use5_21_, user0_.user_user_password as user_use6_21_ from user user0_ inner join characters character1_ on user0_.character_id=character1_.character_id where user0_.user_user_id=?
Hibernate: select character0_.character_id as characte1_6_0_, character0_.character_character_name as characte2_6_0_ from characters character0_ where character0_.character_id=?
Hibernate: select rewardtagw0_.user_id as user_id4_16_0_, rewardtagw0_.reward_tag_wrapper_reward_id as reward_t1_16_0_, rewardtagw0_.reward_tag_wrapper_reward_id as reward_t1_16_1_, rewardtagw0_.reward_tag_wrapper_reward_presented_at as reward_t2_16_1_, rewardtagw0_.reward_tag_reward_tag_id as reward_t3_16_1_, rewardtagw0_.user_id as user_id4_16_1_ from reward_tag_wrapper rewardtagw0_ where rewardtagw0_.user_id=?
Hibernate: select user0_.user_id as user_id1_21_0_, user0_.character_id as characte7_21_0_, user0_.user_created_at as user_cre2_21_0_, user0_.user_name as user_nam3_21_0_, user0_.user_phone_number as user_pho4_21_0_, user0_.user_user_id as user_use5_21_0_, user0_.user_user_password as user_use6_21_0_ from user user0_ where user0_.user_id=?
Hibernate: select character0_.character_id as characte1_6_0_, character0_.character_character_name as characte2_6_0_ from characters character0_ where character0_.character_id=?
Hibernate: select count(*) as col_0_0_ from user user0_ where user0_.user_id=?
Hibernate: select character1_.character_id as characte1_6_, character1_.character_character_name as characte2_6_ from user user0_ inner join characters character1_ on user0_.character_id=character1_.character_id where user0_.user_id=?
Hibernate: select permission0_.character_id as characte6_12_0_, permission0_.permission_id as permissi1_12_0_, permission0_.permission_id as permissi1_12_1_, permission0_.character_id as characte6_12_1_, permission0_.permission_name as permissi2_12_1_, permission0_.permission_permission_unit_id as permissi3_12_1_, permission0_.permission_service as permissi4_12_1_, permission0_.permission_status as permissi5_12_1_ from permission permission0_ where permission0_.character_id=?
Hibernate: select count(*) as col_0_0_ from user user0_ where user0_.user_id=?
Hibernate: select user0_.user_id as user_id1_21_, user0_.character_id as characte7_21_, user0_.user_created_at as user_cre2_21_, user0_.user_name as user_nam3_21_, user0_.user_phone_number as user_pho4_21_, user0_.user_user_id as user_use5_21_, user0_.user_user_password as user_use6_21_ from user user0_ where user0_.user_id=?
Hibernate: select character0_.character_id as characte1_6_0_, character0_.character_character_name as characte2_6_0_ from characters character0_ where character0_.character_id=?
Hibernate: select rewardtagw0_.user_id as user_id4_16_0_, rewardtagw0_.reward_tag_wrapper_reward_id as reward_t1_16_0_, rewardtagw0_.reward_tag_wrapper_reward_id as reward_t1_16_1_, rewardtagw0_.reward_tag_wrapper_reward_presented_at as reward_t2_16_1_, rewardtagw0_.reward_tag_reward_tag_id as reward_t3_16_1_, rewardtagw0_.user_id as user_id4_16_1_ from reward_tag_wrapper rewardtagw0_ where rewardtagw0_.user_id=?
Hibernate: select attendance0_.attendance_user_attendance_user_id as col_0_0_ from attendance_user attendance0_ where attendance0_.user_id=? limit ?
Hibernate: DELETE FROM USER WHERE USER_ID = ?
Hibernate: select user0_.user_id as col_0_0_ from user user0_ where user0_.user_user_id=? limit ?
Hibernate: select user0_.user_id as col_0_0_ from user user0_ where user0_.user_user_id=? limit ?
Hibernate: select user0_.user_id as user_id1_21_, user0_.character_id as characte7_21_, user0_.user_created_at as user_cre2_21_, user0_.user_name as user_nam3_21_, user0_.user_phone_number as user_pho4_21_, user0_.user_user_id as user_use5_21_, user0_.user_user_password as user_use6_21_ from user user0_ inner join characters character1_ on user0_.character_id=character1_.character_id where user0_.user_user_id=?
Hibernate: select character0_.character_id as characte1_6_0_, character0_.character_character_name as characte2_6_0_ from characters character0_ where character0_.character_id=?
Hibernate: select rewardtagw0_.user_id as user_id4_16_0_, rewardtagw0_.reward_tag_wrapper_reward_id as reward_t1_16_0_, rewardtagw0_.reward_tag_wrapper_reward_id as reward_t1_16_1_, rewardtagw0_.reward_tag_wrapper_reward_presented_at as reward_t2_16_1_, rewardtagw0_.reward_tag_reward_tag_id as reward_t3_16_1_, rewardtagw0_.user_id as user_id4_16_1_ from reward_tag_wrapper rewardtagw0_ where rewardtagw0_.user_id=?
Hibernate: select user0_.user_id as user_id1_21_0_, user0_.character_id as characte7_21_0_, user0_.user_created_at as user_cre2_21_0_, user0_.user_name as user_nam3_21_0_, user0_.user_phone_number as user_pho4_21_0_, user0_.user_user_id as user_use5_21_0_, user0_.user_user_password as user_use6_21_0_ from user user0_ where user0_.user_id=?
Hibernate: select character0_.character_id as characte1_6_0_, character0_.character_character_name as characte2_6_0_ from characters character0_ where character0_.character_id=?
Hibernate: select count(*) as col_0_0_ from user user0_ where user0_.user_id=?
Hibernate: select character1_.character_id as characte1_6_, character1_.character_character_name as characte2_6_ from user user0_ inner join characters character1_ on user0_.character_id=character1_.character_id where user0_.user_id=?
Hibernate: select permission0_.character_id as characte6_12_0_, permission0_.permission_id as permissi1_12_0_, permission0_.permission_id as permissi1_12_1_, permission0_.character_id as characte6_12_1_, permission0_.permission_name as permissi2_12_1_, permission0_.permission_permission_unit_id as permissi3_12_1_, permission0_.permission_service as permissi4_12_1_, permission0_.permission_status as permissi5_12_1_ from permission permission0_ where permission0_.character_id=?
Hibernate: select count(*) as col_0_0_ from user user0_ where user0_.user_id=?
Hibernate: select user0_.user_id as user_id1_21_, user0_.character_id as characte7_21_, user0_.user_created_at as user_cre2_21_, user0_.user_name as user_nam3_21_, user0_.user_phone_number as user_pho4_21_, user0_.user_user_id as user_use5_21_, user0_.user_user_password as user_use6_21_ from user user0_ where user0_.user_id=?
Hibernate: select character0_.character_id as characte1_6_0_, character0_.character_character_name as characte2_6_0_ from characters character0_ where character0_.character_id=?
Hibernate: select rewardtagw0_.user_id as user_id4_16_0_, rewardtagw0_.reward_tag_wrapper_reward_id as reward_t1_16_0_, rewardtagw0_.reward_tag_wrapper_reward_id as reward_t1_16_1_, rewardtagw0_.reward_tag_wrapper_reward_presented_at as reward_t2_16_1_, rewardtagw0_.reward_tag_reward_tag_id as reward_t3_16_1_, rewardtagw0_.user_id as user_id4_16_1_ from reward_tag_wrapper rewardtagw0_ where rewardtagw0_.user_id=?
Hibernate: select attendance0_.attendance_user_attendance_user_id as col_0_0_ from attendance_user attendance0_ where attendance0_.user_id=? limit ?
Hibernate: DELETE FROM USER WHERE USER_ID = ?
Hibernate: select user0_.user_id as col_0_0_ from user user0_ where user0_.user_user_id=? limit ?
Hibernate: select user0_.user_id as col_0_0_ from user user0_ where user0_.user_user_id=? limit ?
Hibernate: select user0_.user_id as user_id1_21_, user0_.character_id as characte7_21_, user0_.user_created_at as user_cre2_21_, user0_.user_name as user_nam3_21_, user0_.user_phone_number as user_pho4_21_, user0_.user_user_id as user_use5_21_, user0_.user_user_password as user_use6_21_ from user user0_ inner join characters character1_ on user0_.character_id=character1_.character_id where user0_.user_user_id=?
Hibernate: select character0_.character_id as characte1_6_0_, character0_.character_character_name as characte2_6_0_ from characters character0_ where character0_.character_id=?
Hibernate: select rewardtagw0_.user_id as user_id4_16_0_, rewardtagw0_.reward_tag_wrapper_reward_id as reward_t1_16_0_, rewardtagw0_.reward_tag_wrapper_reward_id as reward_t1_16_1_, rewardtagw0_.reward_tag_wrapper_reward_presented_at as reward_t2_16_1_, rewardtagw0_.reward_tag_reward_tag_id as reward_t3_16_1_, rewardtagw0_.user_id as user_id4_16_1_ from reward_tag_wrapper rewardtagw0_ where rewardtagw0_.user_id=?
Hibernate: select user0_.user_id as user_id1_21_0_, user0_.character_id as characte7_21_0_, user0_.user_created_at as user_cre2_21_0_, user0_.user_name as user_nam3_21_0_, user0_.user_phone_number as user_pho4_21_0_, user0_.user_user_id as user_use5_21_0_, user0_.user_user_password as user_use6_21_0_ from user user0_ where user0_.user_id=?
Hibernate: select character0_.character_id as characte1_6_0_, character0_.character_character_name as characte2_6_0_ from characters character0_ where character0_.character_id=?
Hibernate: select count(*) as col_0_0_ from user user0_ where user0_.user_id=?
Hibernate: select character1_.character_id as characte1_6_, character1_.character_character_name as characte2_6_ from user user0_ inner join characters character1_ on user0_.character_id=character1_.character_id where user0_.user_id=?
Hibernate: select permission0_.character_id as characte6_12_0_, permission0_.permission_id as permissi1_12_0_, permission0_.permission_id as permissi1_12_1_, permission0_.character_id as characte6_12_1_, permission0_.permission_name as permissi2_12_1_, permission0_.permission_permission_unit_id as permissi3_12_1_, permission0_.permission_service as permissi4_12_1_, permission0_.permission_status as permissi5_12_1_ from permission permission0_ where permission0_.character_id=?
Hibernate: select count(*) as col_0_0_ from user user0_ where user0_.user_id=?
Hibernate: select user0_.user_id as user_id1_21_, user0_.character_id as characte7_21_, user0_.user_created_at as user_cre2_21_, user0_.user_name as user_nam3_21_, user0_.user_phone_number as user_pho4_21_, user0_.user_user_id as user_use5_21_, user0_.user_user_password as user_use6_21_ from user user0_ where user0_.user_id=?
Hibernate: select character0_.character_id as characte1_6_0_, character0_.character_character_name as characte2_6_0_ from characters character0_ where character0_.character_id=?
Hibernate: select rewardtagw0_.user_id as user_id4_16_0_, rewardtagw0_.reward_tag_wrapper_reward_id as reward_t1_16_0_, rewardtagw0_.reward_tag_wrapper_reward_id as reward_t1_16_1_, rewardtagw0_.reward_tag_wrapper_reward_presented_at as reward_t2_16_1_, rewardtagw0_.reward_tag_reward_tag_id as reward_t3_16_1_, rewardtagw0_.user_id as user_id4_16_1_ from reward_tag_wrapper rewardtagw0_ where rewardtagw0_.user_id=?
Hibernate: select attendance0_.attendance_user_attendance_user_id as col_0_0_ from attendance_user attendance0_ where attendance0_.user_id=? limit ?
Hibernate: DELETE FROM USER WHERE USER_ID = ?
Hibernate: select user0_.user_id as col_0_0_ from user user0_ where user0_.user_user_id=? limit ?
Hibernate: select user0_.user_id as col_0_0_ from user user0_ where user0_.user_user_id=? limit ?
Hibernate: select user0_.user_id as user_id1_21_, user0_.character_id as characte7_21_, user0_.user_created_at as user_cre2_21_, user0_.user_name as user_nam3_21_, user0_.user_phone_number as user_pho4_21_, user0_.user_user_id as user_use5_21_, user0_.user_user_password as user_use6_21_ from user user0_ inner join characters character1_ on user0_.character_id=character1_.character_id where user0_.user_user_id=?
Hibernate: select character0_.character_id as characte1_6_0_, character0_.character_character_name as characte2_6_0_ from characters character0_ where character0_.character_id=?
Hibernate: select rewardtagw0_.user_id as user_id4_16_0_, rewardtagw0_.reward_tag_wrapper_reward_id as reward_t1_16_0_, rewardtagw0_.reward_tag_wrapper_reward_id as reward_t1_16_1_, rewardtagw0_.reward_tag_wrapper_reward_presented_at as reward_t2_16_1_, rewardtagw0_.reward_tag_reward_tag_id as reward_t3_16_1_, rewardtagw0_.user_id as user_id4_16_1_ from reward_tag_wrapper rewardtagw0_ where rewardtagw0_.user_id=?
Hibernate: select user0_.user_id as user_id1_21_0_, user0_.character_id as characte7_21_0_, user0_.user_created_at as user_cre2_21_0_, user0_.user_name as user_nam3_21_0_, user0_.user_phone_number as user_pho4_21_0_, user0_.user_user_id as user_use5_21_0_, user0_.user_user_password as user_use6_21_0_ from user user0_ where user0_.user_id=?
Hibernate: select character0_.character_id as characte1_6_0_, character0_.character_character_name as characte2_6_0_ from characters character0_ where character0_.character_id=?
Hibernate: select count(*) as col_0_0_ from user user0_ where user0_.user_id=?
Hibernate: select character1_.character_id as characte1_6_, character1_.character_character_name as characte2_6_ from user user0_ inner join characters character1_ on user0_.character_id=character1_.character_id where user0_.user_id=?
Hibernate: select permission0_.character_id as characte6_12_0_, permission0_.permission_id as permissi1_12_0_, permission0_.permission_id as permissi1_12_1_, permission0_.character_id as characte6_12_1_, permission0_.permission_name as permissi2_12_1_, permission0_.permission_permission_unit_id as permissi3_12_1_, permission0_.permission_service as permissi4_12_1_, permission0_.permission_status as permissi5_12_1_ from permission permission0_ where permission0_.character_id=?
Hibernate: select count(*) as col_0_0_ from user user0_ where user0_.user_id=?
Hibernate: select user0_.user_id as user_id1_21_, user0_.character_id as characte7_21_, user0_.user_created_at as user_cre2_21_, user0_.user_name as user_nam3_21_, user0_.user_phone_number as user_pho4_21_, user0_.user_user_id as user_use5_21_, user0_.user_user_password as user_use6_21_ from user user0_ where user0_.user_id=?
Hibernate: select character0_.character_id as characte1_6_0_, character0_.character_character_name as characte2_6_0_ from characters character0_ where character0_.character_id=?
Hibernate: select rewardtagw0_.user_id as user_id4_16_0_, rewardtagw0_.reward_tag_wrapper_reward_id as reward_t1_16_0_, rewardtagw0_.reward_tag_wrapper_reward_id as reward_t1_16_1_, rewardtagw0_.reward_tag_wrapper_reward_presented_at as reward_t2_16_1_, rewardtagw0_.reward_tag_reward_tag_id as reward_t3_16_1_, rewardtagw0_.user_id as user_id4_16_1_ from reward_tag_wrapper rewardtagw0_ where rewardtagw0_.user_id=?
Hibernate: select attendance0_.attendance_user_attendance_user_id as col_0_0_ from attendance_user attendance0_ where attendance0_.user_id=? limit ?
Hibernate: DELETE FROM USER WHERE USER_ID = ?
Hibernate: select user0_.user_id as col_0_0_ from user user0_ where user0_.user_user_id=? limit ?
Hibernate: select user0_.user_id as col_0_0_ from user user0_ where user0_.user_user_id=? limit ?
Hibernate: select user0_.user_id as user_id1_21_, user0_.character_id as characte7_21_, user0_.user_created_at as user_cre2_21_, user0_.user_name as user_nam3_21_, user0_.user_phone_number as user_pho4_21_, user0_.user_user_id as user_use5_21_, user0_.user_user_password as user_use6_21_ from user user0_ inner join characters character1_ on user0_.character_id=character1_.character_id where user0_.user_user_id=?
Hibernate: select character0_.character_id as characte1_6_0_, character0_.character_character_name as characte2_6_0_ from characters character0_ where character0_.character_id=?
Hibernate: select rewardtagw0_.user_id as user_id4_16_0_, rewardtagw0_.reward_tag_wrapper_reward_id as reward_t1_16_0_, rewardtagw0_.reward_tag_wrapper_reward_id as reward_t1_16_1_, rewardtagw0_.reward_tag_wrapper_reward_presented_at as reward_t2_16_1_, rewardtagw0_.reward_tag_reward_tag_id as reward_t3_16_1_, rewardtagw0_.user_id as user_id4_16_1_ from reward_tag_wrapper rewardtagw0_ where rewardtagw0_.user_id=?
Hibernate: select user0_.user_id as user_id1_21_0_, user0_.character_id as characte7_21_0_, user0_.user_created_at as user_cre2_21_0_, user0_.user_name as user_nam3_21_0_, user0_.user_phone_number as user_pho4_21_0_, user0_.user_user_id as user_use5_21_0_, user0_.user_user_password as user_use6_21_0_ from user user0_ where user0_.user_id=?
Hibernate: select character0_.character_id as characte1_6_0_, character0_.character_character_name as characte2_6_0_ from characters character0_ where character0_.character_id=?
Hibernate: select count(*) as col_0_0_ from user user0_ where user0_.user_id=?
Hibernate: select character1_.character_id as characte1_6_, character1_.character_character_name as characte2_6_ from user user0_ inner join characters character1_ on user0_.character_id=character1_.character_id where user0_.user_id=?
Hibernate: select permission0_.character_id as characte6_12_0_, permission0_.permission_id as permissi1_12_0_, permission0_.permission_id as permissi1_12_1_, permission0_.character_id as characte6_12_1_, permission0_.permission_name as permissi2_12_1_, permission0_.permission_permission_unit_id as permissi3_12_1_, permission0_.permission_service as permissi4_12_1_, permission0_.permission_status as permissi5_12_1_ from permission permission0_ where permission0_.character_id=?
Hibernate: select count(*) as col_0_0_ from user user0_ where user0_.user_id=?
Hibernate: select user0_.user_id as user_id1_21_, user0_.character_id as characte7_21_, user0_.user_created_at as user_cre2_21_, user0_.user_name as user_nam3_21_, user0_.user_phone_number as user_pho4_21_, user0_.user_user_id as user_use5_21_, user0_.user_user_password as user_use6_21_ from user user0_ where user0_.user_id=?
Hibernate: select character0_.character_id as characte1_6_0_, character0_.character_character_name as characte2_6_0_ from characters character0_ where character0_.character_id=?
Hibernate: select rewardtagw0_.user_id as user_id4_16_0_, rewardtagw0_.reward_tag_wrapper_reward_id as reward_t1_16_0_, rewardtagw0_.reward_tag_wrapper_reward_id as reward_t1_16_1_, rewardtagw0_.reward_tag_wrapper_reward_presented_at as reward_t2_16_1_, rewardtagw0_.reward_tag_reward_tag_id as reward_t3_16_1_, rewardtagw0_.user_id as user_id4_16_1_ from reward_tag_wrapper rewardtagw0_ where rewardtagw0_.user_id=?
Hibernate: select attendance0_.attendance_user_attendance_user_id as col_0_0_ from attendance_user attendance0_ where attendance0_.user_id=? limit ?
Hibernate: DELETE FROM USER WHERE USER_ID = ?
Hibernate: select user0_.user_id as col_0_0_ from user user0_ where user0_.user_user_id=? limit ?
Hibernate: select user0_.user_id as col_0_0_ from user user0_ where user0_.user_user_id=? limit ?
Hibernate: select user0_.user_id as user_id1_21_, user0_.character_id as characte7_21_, user0_.user_created_at as user_cre2_21_, user0_.user_name as user_nam3_21_, user0_.user_phone_number as user_pho4_21_, user0_.user_user_id as user_use5_21_, user0_.user_user_password as user_use6_21_ from user user0_ inner join characters character1_ on user0_.character_id=character1_.character_id where user0_.user_user_id=?
Hibernate: select character0_.character_id as characte1_6_0_, character0_.character_character_name as characte2_6_0_ from characters character0_ where character0_.character_id=?
Hibernate: select rewardtagw0_.user_id as user_id4_16_0_, rewardtagw0_.reward_tag_wrapper_reward_id as reward_t1_16_0_, rewardtagw0_.reward_tag_wrapper_reward_id as reward_t1_16_1_, rewardtagw0_.reward_tag_wrapper_reward_presented_at as reward_t2_16_1_, rewardtagw0_.reward_tag_reward_tag_id as reward_t3_16_1_, rewardtagw0_.user_id as user_id4_16_1_ from reward_tag_wrapper rewardtagw0_ where rewardtagw0_.user_id=?
Hibernate: select user0_.user_id as user_id1_21_0_, user0_.character_id as characte7_21_0_, user0_.user_created_at as user_cre2_21_0_, user0_.user_name as user_nam3_21_0_, user0_.user_phone_number as user_pho4_21_0_, user0_.user_user_id as user_use5_21_0_, user0_.user_user_password as user_use6_21_0_ from user user0_ where user0_.user_id=?
Hibernate: select character0_.character_id as characte1_6_0_, character0_.character_character_name as characte2_6_0_ from characters character0_ where character0_.character_id=?
Hibernate: select count(*) as col_0_0_ from user user0_ where user0_.user_id=?
Hibernate: select character1_.character_id as characte1_6_, character1_.character_character_name as characte2_6_ from user user0_ inner join characters character1_ on user0_.character_id=character1_.character_id where user0_.user_id=?
Hibernate: select permission0_.character_id as characte6_12_0_, permission0_.permission_id as permissi1_12_0_, permission0_.permission_id as permissi1_12_1_, permission0_.character_id as characte6_12_1_, permission0_.permission_name as permissi2_12_1_, permission0_.permission_permission_unit_id as permissi3_12_1_, permission0_.permission_service as permissi4_12_1_, permission0_.permission_status as permissi5_12_1_ from permission permission0_ where permission0_.character_id=?
Hibernate: select count(*) as col_0_0_ from user user0_ where user0_.user_id=?
Hibernate: select user0_.user_id as user_id1_21_, user0_.character_id as characte7_21_, user0_.user_created_at as user_cre2_21_, user0_.user_name as user_nam3_21_, user0_.user_phone_number as user_pho4_21_, user0_.user_user_id as user_use5_21_, user0_.user_user_password as user_use6_21_ from user user0_ where user0_.user_id=?
Hibernate: select character0_.character_id as characte1_6_0_, character0_.character_character_name as characte2_6_0_ from characters character0_ where character0_.character_id=?
Hibernate: select rewardtagw0_.user_id as user_id4_16_0_, rewardtagw0_.reward_tag_wrapper_reward_id as reward_t1_16_0_, rewardtagw0_.reward_tag_wrapper_reward_id as reward_t1_16_1_, rewardtagw0_.reward_tag_wrapper_reward_presented_at as reward_t2_16_1_, rewardtagw0_.reward_tag_reward_tag_id as reward_t3_16_1_, rewardtagw0_.user_id as user_id4_16_1_ from reward_tag_wrapper rewardtagw0_ where rewardtagw0_.user_id=?
Hibernate: select attendance0_.attendance_user_attendance_user_id as col_0_0_ from attendance_user attendance0_ where attendance0_.user_id=? limit ?
Hibernate: DELETE FROM USER WHERE USER_ID = ?
Hibernate: select user0_.user_id as col_0_0_ from user user0_ where user0_.user_user_id=? limit ?
Hibernate: select user0_.user_id as col_0_0_ from user user0_ where user0_.user_user_id=? limit ?
Hibernate: select user0_.user_id as user_id1_21_, user0_.character_id as characte7_21_, user0_.user_created_at as user_cre2_21_, user0_.user_name as user_nam3_21_, user0_.user_phone_number as user_pho4_21_, user0_.user_user_id as user_use5_21_, user0_.user_user_password as user_use6_21_ from user user0_ inner join characters character1_ on user0_.character_id=character1_.character_id where user0_.user_user_id=?
Hibernate: select character0_.character_id as characte1_6_0_, character0_.character_character_name as characte2_6_0_ from characters character0_ where character0_.character_id=?
Hibernate: select rewardtagw0_.user_id as user_id4_16_0_, rewardtagw0_.reward_tag_wrapper_reward_id as reward_t1_16_0_, rewardtagw0_.reward_tag_wrapper_reward_id as reward_t1_16_1_, rewardtagw0_.reward_tag_wrapper_reward_presented_at as reward_t2_16_1_, rewardtagw0_.reward_tag_reward_tag_id as reward_t3_16_1_, rewardtagw0_.user_id as user_id4_16_1_ from reward_tag_wrapper rewardtagw0_ where rewardtagw0_.user_id=?
Hibernate: select user0_.user_id as user_id1_21_0_, user0_.character_id as characte7_21_0_, user0_.user_created_at as user_cre2_21_0_, user0_.user_name as user_nam3_21_0_, user0_.user_phone_number as user_pho4_21_0_, user0_.user_user_id as user_use5_21_0_, user0_.user_user_password as user_use6_21_0_ from user user0_ where user0_.user_id=?
Hibernate: select character0_.character_id as characte1_6_0_, character0_.character_character_name as characte2_6_0_ from characters character0_ where character0_.character_id=?
Hibernate: select count(*) as col_0_0_ from user user0_ where user0_.user_id=?
Hibernate: select character1_.character_id as characte1_6_, character1_.character_character_name as characte2_6_ from user user0_ inner join characters character1_ on user0_.character_id=character1_.character_id where user0_.user_id=?
Hibernate: select permission0_.character_id as characte6_12_0_, permission0_.permission_id as permissi1_12_0_, permission0_.permission_id as permissi1_12_1_, permission0_.character_id as characte6_12_1_, permission0_.permission_name as permissi2_12_1_, permission0_.permission_permission_unit_id as permissi3_12_1_, permission0_.permission_service as permissi4_12_1_, permission0_.permission_status as permissi5_12_1_ from permission permission0_ where permission0_.character_id=?
Hibernate: select count(*) as col_0_0_ from user user0_ where user0_.user_id=?
Hibernate: select user0_.user_id as user_id1_21_, user0_.character_id as characte7_21_, user0_.user_created_at as user_cre2_21_, user0_.user_name as user_nam3_21_, user0_.user_phone_number as user_pho4_21_, user0_.user_user_id as user_use5_21_, user0_.user_user_password as user_use6_21_ from user user0_ where user0_.user_id=?
Hibernate: select character0_.character_id as characte1_6_0_, character0_.character_character_name as characte2_6_0_ from characters character0_ where character0_.character_id=?
Hibernate: select rewardtagw0_.user_id as user_id4_16_0_, rewardtagw0_.reward_tag_wrapper_reward_id as reward_t1_16_0_, rewardtagw0_.reward_tag_wrapper_reward_id as reward_t1_16_1_, rewardtagw0_.reward_tag_wrapper_reward_presented_at as reward_t2_16_1_, rewardtagw0_.reward_tag_reward_tag_id as reward_t3_16_1_, rewardtagw0_.user_id as user_id4_16_1_ from reward_tag_wrapper rewardtagw0_ where rewardtagw0_.user_id=?
Hibernate: select attendance0_.attendance_user_attendance_user_id as col_0_0_ from attendance_user attendance0_ where attendance0_.user_id=? limit ?
Hibernate: DELETE FROM USER WHERE USER_ID = ?
Hibernate: select user0_.user_id as col_0_0_ from user user0_ where user0_.user_user_id=? limit ?
Hibernate: select user0_.user_id as col_0_0_ from user user0_ where user0_.user_user_id=? limit ?
Hibernate: select user0_.user_id as user_id1_21_, user0_.character_id as characte7_21_, user0_.user_created_at as user_cre2_21_, user0_.user_name as user_nam3_21_, user0_.user_phone_number as user_pho4_21_, user0_.user_user_id as user_use5_21_, user0_.user_user_password as user_use6_21_ from user user0_ inner join characters character1_ on user0_.character_id=character1_.character_id where user0_.user_user_id=?
Hibernate: select character0_.character_id as characte1_6_0_, character0_.character_character_name as characte2_6_0_ from characters character0_ where character0_.character_id=?
Hibernate: select rewardtagw0_.user_id as user_id4_16_0_, rewardtagw0_.reward_tag_wrapper_reward_id as reward_t1_16_0_, rewardtagw0_.reward_tag_wrapper_reward_id as reward_t1_16_1_, rewardtagw0_.reward_tag_wrapper_reward_presented_at as reward_t2_16_1_, rewardtagw0_.reward_tag_reward_tag_id as reward_t3_16_1_, rewardtagw0_.user_id as user_id4_16_1_ from reward_tag_wrapper rewardtagw0_ where rewardtagw0_.user_id=?
Hibernate: select user0_.user_id as user_id1_21_0_, user0_.character_id as characte7_21_0_, user0_.user_created_at as user_cre2_21_0_, user0_.user_name as user_nam3_21_0_, user0_.user_phone_number as user_pho4_21_0_, user0_.user_user_id as user_use5_21_0_, user0_.user_user_password as user_use6_21_0_ from user user0_ where user0_.user_id=?
Hibernate: select character0_.character_id as characte1_6_0_, character0_.character_character_name as characte2_6_0_ from characters character0_ where character0_.character_id=?
Hibernate: select count(*) as col_0_0_ from user user0_ where user0_.user_id=?
Hibernate: select character1_.character_id as characte1_6_, character1_.character_character_name as characte2_6_ from user user0_ inner join characters character1_ on user0_.character_id=character1_.character_id where user0_.user_id=?
Hibernate: select permission0_.character_id as characte6_12_0_, permission0_.permission_id as permissi1_12_0_, permission0_.permission_id as permissi1_12_1_, permission0_.character_id as characte6_12_1_, permission0_.permission_name as permissi2_12_1_, permission0_.permission_permission_unit_id as permissi3_12_1_, permission0_.permission_service as permissi4_12_1_, permission0_.permission_status as permissi5_12_1_ from permission permission0_ where permission0_.character_id=?
Hibernate: select count(*) as col_0_0_ from user user0_ where user0_.user_id=?
Hibernate: select user0_.user_id as user_id1_21_, user0_.character_id as characte7_21_, user0_.user_created_at as user_cre2_21_, user0_.user_name as user_nam3_21_, user0_.user_phone_number as user_pho4_21_, user0_.user_user_id as user_use5_21_, user0_.user_user_password as user_use6_21_ from user user0_ where user0_.user_id=?
Hibernate: select character0_.character_id as characte1_6_0_, character0_.character_character_name as characte2_6_0_ from characters character0_ where character0_.character_id=?
Hibernate: select rewardtagw0_.user_id as user_id4_16_0_, rewardtagw0_.reward_tag_wrapper_reward_id as reward_t1_16_0_, rewardtagw0_.reward_tag_wrapper_reward_id as reward_t1_16_1_, rewardtagw0_.reward_tag_wrapper_reward_presented_at as reward_t2_16_1_, rewardtagw0_.reward_tag_reward_tag_id as reward_t3_16_1_, rewardtagw0_.user_id as user_id4_16_1_ from reward_tag_wrapper rewardtagw0_ where rewardtagw0_.user_id=?
Hibernate: select attendance0_.attendance_user_attendance_user_id as col_0_0_ from attendance_user attendance0_ where attendance0_.user_id=? limit ?
Hibernate: DELETE FROM USER WHERE USER_ID = ?
Hibernate: select user0_.user_id as col_0_0_ from user user0_ where user0_.user_user_id=? limit ?
Hibernate: select user0_.user_id as col_0_0_ from user user0_ where user0_.user_user_id=? limit ?
Hibernate: select user0_.user_id as col_0_0_ from user user0_ where user0_.user_user_id=? limit ?
Hibernate: select U.* from USER U where U.USER_USER_ID =?
Hibernate: select character0_.character_id as characte1_6_0_, character0_.character_character_name as characte2_6_0_ from characters character0_ where character0_.character_id=?
Hibernate: select user0_.user_id as user_id1_21_0_, user0_.character_id as characte7_21_0_, user0_.user_created_at as user_cre2_21_0_, user0_.user_name as user_nam3_21_0_, user0_.user_phone_number as user_pho4_21_0_, user0_.user_user_id as user_use5_21_0_, user0_.user_user_password as user_use6_21_0_ from user user0_ where user0_.user_id=?
Hibernate: select character0_.character_id as characte1_6_0_, character0_.character_character_name as characte2_6_0_ from characters character0_ where character0_.character_id=?
Hibernate: select count(*) as col_0_0_ from team_building teambuildi0_
Hibernate: select count(*) as col_0_0_ from team_building teambuildi0_
Hibernate: select user0_.user_id as col_0_0_ from user user0_ where user0_.user_user_id=? limit ?
Hibernate: select user0_.user_id as col_0_0_ from user user0_ where user0_.user_user_id=? limit ?
Hibernate: select U.* from USER U where U.USER_USER_ID =?
Hibernate: select character0_.character_id as characte1_6_0_, character0_.character_character_name as characte2_6_0_ from characters character0_ where character0_.character_id=?
Hibernate: select user0_.user_id as col_0_0_ from user user0_ where user0_.user_user_id=? limit ?
Hibernate: select user0_.user_id as col_0_0_ from user user0_ where user0_.user_user_id=? limit ?
Hibernate: select U.* from USER U where U.USER_USER_ID =?
Hibernate: select character0_.character_id as characte1_6_0_, character0_.character_character_name as characte2_6_0_ from characters character0_ where character0_.character_id=?
Hibernate: select user0_.user_id as col_0_0_ from user user0_ where user0_.user_user_id=? limit ?
Hibernate: select user0_.user_id as col_0_0_ from user user0_ where user0_.user_user_id=? limit ?
Hibernate: select U.* from USER U where U.USER_USER_ID =?
Hibernate: select character0_.character_id as characte1_6_0_, character0_.character_character_name as characte2_6_0_ from characters character0_ where character0_.character_id=?
Hibernate: select user0_.user_id as col_0_0_ from user user0_ where user0_.user_user_id=? limit ?
Hibernate: select userjoinin0_.user_joining_pool_id as col_0_0_ from user_joining_pool userjoinin0_ where userjoinin0_.user_user_id=? limit ?
Hibernate: select character0_.character_id as col_0_0_ from characters character0_ where character0_.character_character_name=? limit ?
Hibernate: insert into user_joining_pool (user_joining_pool_id, user_created_at, user_name, user_phone_number, user_user_id, user_user_password) values (default, ?, ?, ?, ?, ?)
Hibernate: select user0_.user_id as user_id1_21_0_, user0_.character_id as characte7_21_0_, user0_.user_created_at as user_cre2_21_0_, user0_.user_name as user_nam3_21_0_, user0_.user_phone_number as user_pho4_21_0_, user0_.user_user_id as user_use5_21_0_, user0_.user_user_password as user_use6_21_0_ from user user0_ where user0_.user_id=?
Hibernate: select character0_.character_id as characte1_6_0_, character0_.character_character_name as characte2_6_0_ from characters character0_ where character0_.character_id=?
Hibernate: select count(*) as col_0_0_ from user user0_ where user0_.user_id=?
Hibernate: select character1_.character_id as characte1_6_, character1_.character_character_name as characte2_6_ from user user0_ inner join characters character1_ on user0_.character_id=character1_.character_id where user0_.user_id=?
Hibernate: select permission0_.character_id as characte6_12_0_, permission0_.permission_id as permissi1_12_0_, permission0_.permission_id as permissi1_12_1_, permission0_.character_id as characte6_12_1_, permission0_.permission_name as permissi2_12_1_, permission0_.permission_permission_unit_id as permissi3_12_1_, permission0_.permission_service as permissi4_12_1_, permission0_.permission_status as permissi5_12_1_ from permission permission0_ where permission0_.character_id=?
Hibernate: select userjoinin0_.user_joining_pool_id as col_0_0_ from user_joining_pool userjoinin0_ where userjoinin0_.user_user_id=? limit ?
Hibernate: select userjoinin0_.user_joining_pool_id as user_joi1_22_, userjoinin0_.user_created_at as user_cre2_22_, userjoinin0_.user_name as user_nam3_22_, userjoinin0_.user_phone_number as user_pho4_22_, userjoinin0_.user_user_id as user_use5_22_, userjoinin0_.user_user_password as user_use6_22_ from user_joining_pool userjoinin0_ where userjoinin0_.user_user_id=?
Hibernate: select character0_.character_id as characte1_6_, character0_.character_character_name as characte2_6_ from characters character0_ where character0_.character_character_name=?
Hibernate: insert into user (user_id, character_id, user_created_at, user_name, user_phone_number, user_user_id, user_user_password) values (default, ?, ?, ?, ?, ?, ?)
Hibernate: DELETE FROM USER_JOINING_POOL as JU where JU.USER_USER_ID =?
Hibernate: select user0_.user_id as col_0_0_ from user user0_ where user0_.user_user_id=? limit ?
Hibernate: select user0_.user_id as col_0_0_ from user user0_ where user0_.user_user_id=? limit ?
Hibernate: select U.* from USER U where U.USER_USER_ID =?
Hibernate: select character0_.character_id as characte1_6_0_, character0_.character_character_name as characte2_6_0_ from characters character0_ where character0_.character_id=?
Hibernate: select user0_.user_id as col_0_0_ from user user0_ where user0_.user_user_id=? limit ?
Hibernate: select userjoinin0_.user_joining_pool_id as col_0_0_ from user_joining_pool userjoinin0_ where userjoinin0_.user_user_id=? limit ?
Hibernate: select character0_.character_id as col_0_0_ from characters character0_ where character0_.character_character_name=? limit ?
Hibernate: insert into user_joining_pool (user_joining_pool_id, user_created_at, user_name, user_phone_number, user_user_id, user_user_password) values (default, ?, ?, ?, ?, ?)
Hibernate: select user0_.user_id as user_id1_21_0_, user0_.character_id as characte7_21_0_, user0_.user_created_at as user_cre2_21_0_, user0_.user_name as user_nam3_21_0_, user0_.user_phone_number as user_pho4_21_0_, user0_.user_user_id as user_use5_21_0_, user0_.user_user_password as user_use6_21_0_ from user user0_ where user0_.user_id=?
Hibernate: select character0_.character_id as characte1_6_0_, character0_.character_character_name as characte2_6_0_ from characters character0_ where character0_.character_id=?
Hibernate: select count(*) as col_0_0_ from user user0_ where user0_.user_id=?
Hibernate: select character1_.character_id as characte1_6_, character1_.character_character_name as characte2_6_ from user user0_ inner join characters character1_ on user0_.character_id=character1_.character_id where user0_.user_id=?
Hibernate: select permission0_.character_id as characte6_12_0_, permission0_.permission_id as permissi1_12_0_, permission0_.permission_id as permissi1_12_1_, permission0_.character_id as characte6_12_1_, permission0_.permission_name as permissi2_12_1_, permission0_.permission_permission_unit_id as permissi3_12_1_, permission0_.permission_service as permissi4_12_1_, permission0_.permission_status as permissi5_12_1_ from permission permission0_ where permission0_.character_id=?
Hibernate: select userjoinin0_.user_joining_pool_id as col_0_0_ from user_joining_pool userjoinin0_ where userjoinin0_.user_user_id=? limit ?
Hibernate: select userjoinin0_.user_joining_pool_id as user_joi1_22_, userjoinin0_.user_created_at as user_cre2_22_, userjoinin0_.user_name as user_nam3_22_, userjoinin0_.user_phone_number as user_pho4_22_, userjoinin0_.user_user_id as user_use5_22_, userjoinin0_.user_user_password as user_use6_22_ from user_joining_pool userjoinin0_ where userjoinin0_.user_user_id=?
Hibernate: select character0_.character_id as characte1_6_, character0_.character_character_name as characte2_6_ from characters character0_ where character0_.character_character_name=?
Hibernate: insert into user (user_id, character_id, user_created_at, user_name, user_phone_number, user_user_id, user_user_password) values (default, ?, ?, ?, ?, ?, ?)
Hibernate: DELETE FROM USER_JOINING_POOL as JU where JU.USER_USER_ID =?
Hibernate: select user0_.user_id as col_0_0_ from user user0_ where user0_.user_user_id=? limit ?
Hibernate: select user0_.user_id as col_0_0_ from user user0_ where user0_.user_user_id=? limit ?
Hibernate: select U.* from USER U where U.USER_USER_ID =?
Hibernate: select character0_.character_id as characte1_6_0_, character0_.character_character_name as characte2_6_0_ from characters character0_ where character0_.character_id=?
Hibernate: select user0_.user_id as col_0_0_ from user user0_ where user0_.user_user_id=? limit ?
Hibernate: select userjoinin0_.user_joining_pool_id as col_0_0_ from user_joining_pool userjoinin0_ where userjoinin0_.user_user_id=? limit ?
Hibernate: select character0_.character_id as col_0_0_ from characters character0_ where character0_.character_character_name=? limit ?
Hibernate: insert into user_joining_pool (user_joining_pool_id, user_created_at, user_name, user_phone_number, user_user_id, user_user_password) values (default, ?, ?, ?, ?, ?)
Hibernate: select user0_.user_id as user_id1_21_0_, user0_.character_id as characte7_21_0_, user0_.user_created_at as user_cre2_21_0_, user0_.user_name as user_nam3_21_0_, user0_.user_phone_number as user_pho4_21_0_, user0_.user_user_id as user_use5_21_0_, user0_.user_user_password as user_use6_21_0_ from user user0_ where user0_.user_id=?
Hibernate: select character0_.character_id as characte1_6_0_, character0_.character_character_name as characte2_6_0_ from characters character0_ where character0_.character_id=?
Hibernate: select count(*) as col_0_0_ from user user0_ where user0_.user_id=?
Hibernate: select character1_.character_id as characte1_6_, character1_.character_character_name as characte2_6_ from user user0_ inner join characters character1_ on user0_.character_id=character1_.character_id where user0_.user_id=?
Hibernate: select permission0_.character_id as characte6_12_0_, permission0_.permission_id as permissi1_12_0_, permission0_.permission_id as permissi1_12_1_, permission0_.character_id as characte6_12_1_, permission0_.permission_name as permissi2_12_1_, permission0_.permission_permission_unit_id as permissi3_12_1_, permission0_.permission_service as permissi4_12_1_, permission0_.permission_status as permissi5_12_1_ from permission permission0_ where permission0_.character_id=?
Hibernate: select userjoinin0_.user_joining_pool_id as col_0_0_ from user_joining_pool userjoinin0_ where userjoinin0_.user_user_id=? limit ?
Hibernate: select userjoinin0_.user_joining_pool_id as user_joi1_22_, userjoinin0_.user_created_at as user_cre2_22_, userjoinin0_.user_name as user_nam3_22_, userjoinin0_.user_phone_number as user_pho4_22_, userjoinin0_.user_user_id as user_use5_22_, userjoinin0_.user_user_password as user_use6_22_ from user_joining_pool userjoinin0_ where userjoinin0_.user_user_id=?
Hibernate: select character0_.character_id as characte1_6_, character0_.character_character_name as characte2_6_ from characters character0_ where character0_.character_character_name=?
Hibernate: insert into user (user_id, character_id, user_created_at, user_name, user_phone_number, user_user_id, user_user_password) values (default, ?, ?, ?, ?, ?, ?)
Hibernate: DELETE FROM USER_JOINING_POOL as JU where JU.USER_USER_ID =?
Hibernate: select user0_.user_id as col_0_0_ from user user0_ where user0_.user_user_id=? limit ?
Hibernate: select user0_.user_id as col_0_0_ from user user0_ where user0_.user_user_id=? limit ?
Hibernate: select U.* from USER U where U.USER_USER_ID =?
Hibernate: select character0_.character_id as characte1_6_0_, character0_.character_character_name as characte2_6_0_ from characters character0_ where character0_.character_id=?
Hibernate: select user0_.user_id as col_0_0_ from user user0_ where user0_.user_user_id=? limit ?
Hibernate: select userjoinin0_.user_joining_pool_id as col_0_0_ from user_joining_pool userjoinin0_ where userjoinin0_.user_user_id=? limit ?
Hibernate: select character0_.character_id as col_0_0_ from characters character0_ where character0_.character_character_name=? limit ?
Hibernate: insert into user_joining_pool (user_joining_pool_id, user_created_at, user_name, user_phone_number, user_user_id, user_user_password) values (default, ?, ?, ?, ?, ?)
Hibernate: select user0_.user_id as user_id1_21_0_, user0_.character_id as characte7_21_0_, user0_.user_created_at as user_cre2_21_0_, user0_.user_name as user_nam3_21_0_, user0_.user_phone_number as user_pho4_21_0_, user0_.user_user_id as user_use5_21_0_, user0_.user_user_password as user_use6_21_0_ from user user0_ where user0_.user_id=?
Hibernate: select character0_.character_id as characte1_6_0_, character0_.character_character_name as characte2_6_0_ from characters character0_ where character0_.character_id=?
Hibernate: select count(*) as col_0_0_ from user user0_ where user0_.user_id=?
Hibernate: select character1_.character_id as characte1_6_, character1_.character_character_name as characte2_6_ from user user0_ inner join characters character1_ on user0_.character_id=character1_.character_id where user0_.user_id=?
Hibernate: select permission0_.character_id as characte6_12_0_, permission0_.permission_id as permissi1_12_0_, permission0_.permission_id as permissi1_12_1_, permission0_.character_id as characte6_12_1_, permission0_.permission_name as permissi2_12_1_, permission0_.permission_permission_unit_id as permissi3_12_1_, permission0_.permission_service as permissi4_12_1_, permission0_.permission_status as permissi5_12_1_ from permission permission0_ where permission0_.character_id=?
Hibernate: select userjoinin0_.user_joining_pool_id as col_0_0_ from user_joining_pool userjoinin0_ where userjoinin0_.user_user_id=? limit ?
Hibernate: select userjoinin0_.user_joining_pool_id as user_joi1_22_, userjoinin0_.user_created_at as user_cre2_22_, userjoinin0_.user_name as user_nam3_22_, userjoinin0_.user_phone_number as user_pho4_22_, userjoinin0_.user_user_id as user_use5_22_, userjoinin0_.user_user_password as user_use6_22_ from user_joining_pool userjoinin0_ where userjoinin0_.user_user_id=?
Hibernate: select character0_.character_id as characte1_6_, character0_.character_character_name as characte2_6_ from characters character0_ where character0_.character_character_name=?
Hibernate: insert into user (user_id, character_id, user_created_at, user_name, user_phone_number, user_user_id, user_user_password) values (default, ?, ?, ?, ?, ?, ?)
Hibernate: DELETE FROM USER_JOINING_POOL as JU where JU.USER_USER_ID =?
Hibernate: select user0_.user_id as col_0_0_ from user user0_ where user0_.user_user_id=? limit ?
Hibernate: select user0_.user_id as col_0_0_ from user user0_ where user0_.user_user_id=? limit ?
Hibernate: select U.* from USER U where U.USER_USER_ID =?
Hibernate: select character0_.character_id as characte1_6_0_, character0_.character_character_name as characte2_6_0_ from characters character0_ where character0_.character_id=?
Hibernate: select user0_.user_id as col_0_0_ from user user0_ where user0_.user_user_id=? limit ?
Hibernate: select userjoinin0_.user_joining_pool_id as col_0_0_ from user_joining_pool userjoinin0_ where userjoinin0_.user_user_id=? limit ?
Hibernate: select character0_.character_id as col_0_0_ from characters character0_ where character0_.character_character_name=? limit ?
Hibernate: insert into user_joining_pool (user_joining_pool_id, user_created_at, user_name, user_phone_number, user_user_id, user_user_password) values (default, ?, ?, ?, ?, ?)
Hibernate: select user0_.user_id as user_id1_21_0_, user0_.character_id as characte7_21_0_, user0_.user_created_at as user_cre2_21_0_, user0_.user_name as user_nam3_21_0_, user0_.user_phone_number as user_pho4_21_0_, user0_.user_user_id as user_use5_21_0_, user0_.user_user_password as user_use6_21_0_ from user user0_ where user0_.user_id=?
Hibernate: select character0_.character_id as characte1_6_0_, character0_.character_character_name as characte2_6_0_ from characters character0_ where character0_.character_id=?
Hibernate: select count(*) as col_0_0_ from user user0_ where user0_.user_id=?
Hibernate: select character1_.character_id as characte1_6_, character1_.character_character_name as characte2_6_ from user user0_ inner join characters character1_ on user0_.character_id=character1_.character_id where user0_.user_id=?
Hibernate: select permission0_.character_id as characte6_12_0_, permission0_.permission_id as permissi1_12_0_, permission0_.permission_id as permissi1_12_1_, permission0_.character_id as characte6_12_1_, permission0_.permission_name as permissi2_12_1_, permission0_.permission_permission_unit_id as permissi3_12_1_, permission0_.permission_service as permissi4_12_1_, permission0_.permission_status as permissi5_12_1_ from permission permission0_ where permission0_.character_id=?
Hibernate: select userjoinin0_.user_joining_pool_id as col_0_0_ from user_joining_pool userjoinin0_ where userjoinin0_.user_user_id=? limit ?
Hibernate: select userjoinin0_.user_joining_pool_id as user_joi1_22_, userjoinin0_.user_created_at as user_cre2_22_, userjoinin0_.user_name as user_nam3_22_, userjoinin0_.user_phone_number as user_pho4_22_, userjoinin0_.user_user_id as user_use5_22_, userjoinin0_.user_user_password as user_use6_22_ from user_joining_pool userjoinin0_ where userjoinin0_.user_user_id=?
Hibernate: select character0_.character_id as characte1_6_, character0_.character_character_name as characte2_6_ from characters character0_ where character0_.character_character_name=?
Hibernate: insert into user (user_id, character_id, user_created_at, user_name, user_phone_number, user_user_id, user_user_password) values (default, ?, ?, ?, ?, ?, ?)
Hibernate: DELETE FROM USER_JOINING_POOL as JU where JU.USER_USER_ID =?
Hibernate: select user0_.user_id as user_id1_21_0_, user0_.character_id as characte7_21_0_, user0_.user_created_at as user_cre2_21_0_, user0_.user_name as user_nam3_21_0_, user0_.user_phone_number as user_pho4_21_0_, user0_.user_user_id as user_use5_21_0_, user0_.user_user_password as user_use6_21_0_ from user user0_ where user0_.user_id=?
Hibernate: select character0_.character_id as characte1_6_0_, character0_.character_character_name as characte2_6_0_ from characters character0_ where character0_.character_id=?
Hibernate: select count(*) as col_0_0_ from user user0_ where user0_.user_id=?
Hibernate: select character1_.character_id as characte1_6_, character1_.character_character_name as characte2_6_ from user user0_ inner join characters character1_ on user0_.character_id=character1_.character_id where user0_.user_id=?
Hibernate: select permission0_.character_id as characte6_12_0_, permission0_.permission_id as permissi1_12_0_, permission0_.permission_id as permissi1_12_1_, permission0_.character_id as characte6_12_1_, permission0_.permission_name as permissi2_12_1_, permission0_.permission_permission_unit_id as permissi3_12_1_, permission0_.permission_service as permissi4_12_1_, permission0_.permission_status as permissi5_12_1_ from permission permission0_ where permission0_.character_id=?

MockHttpServletRequest:
      HTTP Method = POST
      Request URI = /teambuilding
       Parameters = {}
          Headers = [Content-Type:"application/json;charset=UTF-8", Accept:"application/json", api-version:"1.0", Authorization:"Bearer eyJhbGciOiJIUzI1NiJ9.eyJzdWIiOiIxIiwiaWF0IjoxNjg3ODc3NDY5LCJleHAiOjE2ODc4ODEwNjl9.5GpcrqH17WaCEi6670WViYdxZ8Db7S7TQOeUs9MSnKg", Content-Length:"1229"]
             Body = {"teambuilding_title":"AAAAAAAAAAAAAAAAAAAAAAAAAAAAAAAAAAAAAAAAAAAAAAAAAAAAAAAAAAAAAAAAAAAAAAAAAAAAAAAAAAAAAAAAAAAAAAAAAAAAAAAAAAAAAAAAAAAAAAAAAAAAAAAAAAAAAAAAAAAAAAAAAAAAAAAAAAAAAAAAAAAAAAAAAAAAAAAAAAAAAAAAAAAAAAAAAAAAAAAAAAAAAAAAAAAAAAAAAAAAAAAAAAAAAAAAAAAAAAAAAAAAAAAAAAAAAAAAAAAAAAAAAAAAAAAAAAAAAAAAAAAAAAAAAAAAAAAAAAAAAAAAAAAAAAAAAAAAAAAAAAAAAAAAAAAAAAAAAAAAAAAAAAAAAAAAAAAAAAAAAAAAAAAAAAAAAAAAAAAAAAAAAAAAAAAAAAAAAAAAAAAAAAAAAAAAAAAAAAAAAAAAAAAAAAAAAAAAAAAAAAAAAAAAAAAAAAAAAAAAAAAAAAAAAAAAAAAAAAAAAAAAAAAAAAAAAAAAAAAAAAAAAAAAAAAAAAAAAAAAAAAAAAAAAAAAAAAAAAAAAAAAAAAAAAAAAAAAAAAAAAAAAAAAAAAAAAAAAAAAAAAAAAAAAAAAAAAAAAAAAAAAAAAAAAAAAAAAAAAAAAAAAAAAAAAAAAAAAAAAAAAAAAAAAAAAAAAAAAAAAAAAAAAAAAAAAAAAAAAAAAAAAAAAAAAAAAAAAAAAAAAAAAAAAAAAAAAAAAAAAAAAAAAAAAAAAAAAAAAAAAAAAAAAAAAAAAAAAAAAAAAAAAAAAAAAAAAAAAAAAAAAAAAAAAAAAAAAAAAAAAAAAAAAAAAAAAAAAAAAAAAAAAAAAAAAAAAAAAAAAAAAAAAAAAAAAAAAAAAAAAAAAAAAAAAAAAAAAAAAAAAAAAAAAAAAAAAAAAAAAAAAAAAAAAAAAAAAAAAAAAAAAAAAAAAAAAAAAAAAAAAAAAAAAAAAAAAAAAAAAAAAAAAAAAAAAAAAAAAAAAAAAAAAAAAAAAAAAAAAAAAAA","team_count":2,"users":[{"user_id":"alcuk_id","weight":3},{"user_id":"alcuk_id2","weight":2},{"user_id":"alcuk_id3","weight":1},{"user_id":"alcuk_id4","weight":4},{"user_id":"alcuk_id5","weight":2}]}
    Session Attrs = {}

Handler:
             Type = org.waldreg.controller.teambuilding.TeamBuildingController
           Method = org.waldreg.controller.teambuilding.TeamBuildingController#createTeamBuilding(TeamBuildingRequest)

Async:
    Async started = false
     Async result = null

Resolved Exception:
             Type = org.waldreg.teambuilding.exception.ContentOverflowException

ModelAndView:
        View name = null
             View = null
            Model = null

FlashMap:
       Attributes = null

MockHttpServletResponse:
           Status = 400
    Error message = null
          Headers = [Vary:"Origin", "Access-Control-Request-Method", "Access-Control-Request-Headers", Api-version:"1.0", Content-Type:"application/json"]
     Content type = application/json
             Body = {"code":"TEAMBUILDING-401","messages":"Teambuilding title cannot be more than 1000 current length \"1005\"","document_url":"docs.waldreg.org"}
    Forwarded URL = null
   Redirected URL = null
          Cookies = []
Hibernate: select user0_.user_id as col_0_0_ from user user0_ where user0_.user_user_id=? limit ?
Hibernate: select user0_.user_id as col_0_0_ from user user0_ where user0_.user_user_id=? limit ?
Hibernate: select U.* from USER U where U.USER_USER_ID =?
Hibernate: select character0_.character_id as characte1_6_0_, character0_.character_character_name as characte2_6_0_ from characters character0_ where character0_.character_id=?
Hibernate: select user0_.user_id as user_id1_21_0_, user0_.character_id as characte7_21_0_, user0_.user_created_at as user_cre2_21_0_, user0_.user_name as user_nam3_21_0_, user0_.user_phone_number as user_pho4_21_0_, user0_.user_user_id as user_use5_21_0_, user0_.user_user_password as user_use6_21_0_ from user user0_ where user0_.user_id=?
Hibernate: select character0_.character_id as characte1_6_0_, character0_.character_character_name as characte2_6_0_ from characters character0_ where character0_.character_id=?
Hibernate: select count(*) as col_0_0_ from team_building teambuildi0_
Hibernate: select count(*) as col_0_0_ from team_building teambuildi0_
Hibernate: select user0_.user_id as col_0_0_ from user user0_ where user0_.user_user_id=? limit ?
Hibernate: select user0_.user_id as col_0_0_ from user user0_ where user0_.user_user_id=? limit ?
Hibernate: select U.* from USER U where U.USER_USER_ID =?
Hibernate: select character0_.character_id as characte1_6_0_, character0_.character_character_name as characte2_6_0_ from characters character0_ where character0_.character_id=?
Hibernate: select user0_.user_id as col_0_0_ from user user0_ where user0_.user_user_id=? limit ?
Hibernate: select user0_.user_id as user_id1_21_, user0_.character_id as characte7_21_, user0_.user_created_at as user_cre2_21_, user0_.user_name as user_nam3_21_, user0_.user_phone_number as user_pho4_21_, user0_.user_user_id as user_use5_21_, user0_.user_user_password as user_use6_21_ from user user0_ inner join characters character1_ on user0_.character_id=character1_.character_id where user0_.user_user_id=?
Hibernate: select character0_.character_id as characte1_6_0_, character0_.character_character_name as characte2_6_0_ from characters character0_ where character0_.character_id=?
Hibernate: select rewardtagw0_.user_id as user_id4_16_0_, rewardtagw0_.reward_tag_wrapper_reward_id as reward_t1_16_0_, rewardtagw0_.reward_tag_wrapper_reward_id as reward_t1_16_1_, rewardtagw0_.reward_tag_wrapper_reward_presented_at as reward_t2_16_1_, rewardtagw0_.reward_tag_reward_tag_id as reward_t3_16_1_, rewardtagw0_.user_id as user_id4_16_1_ from reward_tag_wrapper rewardtagw0_ where rewardtagw0_.user_id=?
Hibernate: select user0_.user_id as user_id1_21_0_, user0_.character_id as characte7_21_0_, user0_.user_created_at as user_cre2_21_0_, user0_.user_name as user_nam3_21_0_, user0_.user_phone_number as user_pho4_21_0_, user0_.user_user_id as user_use5_21_0_, user0_.user_user_password as user_use6_21_0_ from user user0_ where user0_.user_id=?
Hibernate: select character0_.character_id as characte1_6_0_, character0_.character_character_name as characte2_6_0_ from characters character0_ where character0_.character_id=?
Hibernate: select count(*) as col_0_0_ from user user0_ where user0_.user_id=?
Hibernate: select character1_.character_id as characte1_6_, character1_.character_character_name as characte2_6_ from user user0_ inner join characters character1_ on user0_.character_id=character1_.character_id where user0_.user_id=?
Hibernate: select permission0_.character_id as characte6_12_0_, permission0_.permission_id as permissi1_12_0_, permission0_.permission_id as permissi1_12_1_, permission0_.character_id as characte6_12_1_, permission0_.permission_name as permissi2_12_1_, permission0_.permission_permission_unit_id as permissi3_12_1_, permission0_.permission_service as permissi4_12_1_, permission0_.permission_status as permissi5_12_1_ from permission permission0_ where permission0_.character_id=?
Hibernate: select count(*) as col_0_0_ from user user0_ where user0_.user_id=?
Hibernate: select user0_.user_id as user_id1_21_, user0_.character_id as characte7_21_, user0_.user_created_at as user_cre2_21_, user0_.user_name as user_nam3_21_, user0_.user_phone_number as user_pho4_21_, user0_.user_user_id as user_use5_21_, user0_.user_user_password as user_use6_21_ from user user0_ where user0_.user_id=?
Hibernate: select character0_.character_id as characte1_6_0_, character0_.character_character_name as characte2_6_0_ from characters character0_ where character0_.character_id=?
Hibernate: select rewardtagw0_.user_id as user_id4_16_0_, rewardtagw0_.reward_tag_wrapper_reward_id as reward_t1_16_0_, rewardtagw0_.reward_tag_wrapper_reward_id as reward_t1_16_1_, rewardtagw0_.reward_tag_wrapper_reward_presented_at as reward_t2_16_1_, rewardtagw0_.reward_tag_reward_tag_id as reward_t3_16_1_, rewardtagw0_.user_id as user_id4_16_1_ from reward_tag_wrapper rewardtagw0_ where rewardtagw0_.user_id=?
Hibernate: select attendance0_.attendance_user_attendance_user_id as col_0_0_ from attendance_user attendance0_ where attendance0_.user_id=? limit ?
Hibernate: DELETE FROM USER WHERE USER_ID = ?
Hibernate: select user0_.user_id as col_0_0_ from user user0_ where user0_.user_user_id=? limit ?
Hibernate: select user0_.user_id as col_0_0_ from user user0_ where user0_.user_user_id=? limit ?
Hibernate: select user0_.user_id as user_id1_21_, user0_.character_id as characte7_21_, user0_.user_created_at as user_cre2_21_, user0_.user_name as user_nam3_21_, user0_.user_phone_number as user_pho4_21_, user0_.user_user_id as user_use5_21_, user0_.user_user_password as user_use6_21_ from user user0_ inner join characters character1_ on user0_.character_id=character1_.character_id where user0_.user_user_id=?
Hibernate: select character0_.character_id as characte1_6_0_, character0_.character_character_name as characte2_6_0_ from characters character0_ where character0_.character_id=?
Hibernate: select rewardtagw0_.user_id as user_id4_16_0_, rewardtagw0_.reward_tag_wrapper_reward_id as reward_t1_16_0_, rewardtagw0_.reward_tag_wrapper_reward_id as reward_t1_16_1_, rewardtagw0_.reward_tag_wrapper_reward_presented_at as reward_t2_16_1_, rewardtagw0_.reward_tag_reward_tag_id as reward_t3_16_1_, rewardtagw0_.user_id as user_id4_16_1_ from reward_tag_wrapper rewardtagw0_ where rewardtagw0_.user_id=?
Hibernate: select user0_.user_id as user_id1_21_0_, user0_.character_id as characte7_21_0_, user0_.user_created_at as user_cre2_21_0_, user0_.user_name as user_nam3_21_0_, user0_.user_phone_number as user_pho4_21_0_, user0_.user_user_id as user_use5_21_0_, user0_.user_user_password as user_use6_21_0_ from user user0_ where user0_.user_id=?
Hibernate: select character0_.character_id as characte1_6_0_, character0_.character_character_name as characte2_6_0_ from characters character0_ where character0_.character_id=?
Hibernate: select count(*) as col_0_0_ from user user0_ where user0_.user_id=?
Hibernate: select character1_.character_id as characte1_6_, character1_.character_character_name as characte2_6_ from user user0_ inner join characters character1_ on user0_.character_id=character1_.character_id where user0_.user_id=?
Hibernate: select permission0_.character_id as characte6_12_0_, permission0_.permission_id as permissi1_12_0_, permission0_.permission_id as permissi1_12_1_, permission0_.character_id as characte6_12_1_, permission0_.permission_name as permissi2_12_1_, permission0_.permission_permission_unit_id as permissi3_12_1_, permission0_.permission_service as permissi4_12_1_, permission0_.permission_status as permissi5_12_1_ from permission permission0_ where permission0_.character_id=?
Hibernate: select count(*) as col_0_0_ from user user0_ where user0_.user_id=?
Hibernate: select user0_.user_id as user_id1_21_, user0_.character_id as characte7_21_, user0_.user_created_at as user_cre2_21_, user0_.user_name as user_nam3_21_, user0_.user_phone_number as user_pho4_21_, user0_.user_user_id as user_use5_21_, user0_.user_user_password as user_use6_21_ from user user0_ where user0_.user_id=?
Hibernate: select character0_.character_id as characte1_6_0_, character0_.character_character_name as characte2_6_0_ from characters character0_ where character0_.character_id=?
Hibernate: select rewardtagw0_.user_id as user_id4_16_0_, rewardtagw0_.reward_tag_wrapper_reward_id as reward_t1_16_0_, rewardtagw0_.reward_tag_wrapper_reward_id as reward_t1_16_1_, rewardtagw0_.reward_tag_wrapper_reward_presented_at as reward_t2_16_1_, rewardtagw0_.reward_tag_reward_tag_id as reward_t3_16_1_, rewardtagw0_.user_id as user_id4_16_1_ from reward_tag_wrapper rewardtagw0_ where rewardtagw0_.user_id=?
Hibernate: select attendance0_.attendance_user_attendance_user_id as col_0_0_ from attendance_user attendance0_ where attendance0_.user_id=? limit ?
Hibernate: DELETE FROM USER WHERE USER_ID = ?
Hibernate: select user0_.user_id as col_0_0_ from user user0_ where user0_.user_user_id=? limit ?
Hibernate: select user0_.user_id as col_0_0_ from user user0_ where user0_.user_user_id=? limit ?
Hibernate: select user0_.user_id as user_id1_21_, user0_.character_id as characte7_21_, user0_.user_created_at as user_cre2_21_, user0_.user_name as user_nam3_21_, user0_.user_phone_number as user_pho4_21_, user0_.user_user_id as user_use5_21_, user0_.user_user_password as user_use6_21_ from user user0_ inner join characters character1_ on user0_.character_id=character1_.character_id where user0_.user_user_id=?
Hibernate: select character0_.character_id as characte1_6_0_, character0_.character_character_name as characte2_6_0_ from characters character0_ where character0_.character_id=?
Hibernate: select rewardtagw0_.user_id as user_id4_16_0_, rewardtagw0_.reward_tag_wrapper_reward_id as reward_t1_16_0_, rewardtagw0_.reward_tag_wrapper_reward_id as reward_t1_16_1_, rewardtagw0_.reward_tag_wrapper_reward_presented_at as reward_t2_16_1_, rewardtagw0_.reward_tag_reward_tag_id as reward_t3_16_1_, rewardtagw0_.user_id as user_id4_16_1_ from reward_tag_wrapper rewardtagw0_ where rewardtagw0_.user_id=?
Hibernate: select user0_.user_id as user_id1_21_0_, user0_.character_id as characte7_21_0_, user0_.user_created_at as user_cre2_21_0_, user0_.user_name as user_nam3_21_0_, user0_.user_phone_number as user_pho4_21_0_, user0_.user_user_id as user_use5_21_0_, user0_.user_user_password as user_use6_21_0_ from user user0_ where user0_.user_id=?
Hibernate: select character0_.character_id as characte1_6_0_, character0_.character_character_name as characte2_6_0_ from characters character0_ where character0_.character_id=?
Hibernate: select count(*) as col_0_0_ from user user0_ where user0_.user_id=?
Hibernate: select character1_.character_id as characte1_6_, character1_.character_character_name as characte2_6_ from user user0_ inner join characters character1_ on user0_.character_id=character1_.character_id where user0_.user_id=?
Hibernate: select permission0_.character_id as characte6_12_0_, permission0_.permission_id as permissi1_12_0_, permission0_.permission_id as permissi1_12_1_, permission0_.character_id as characte6_12_1_, permission0_.permission_name as permissi2_12_1_, permission0_.permission_permission_unit_id as permissi3_12_1_, permission0_.permission_service as permissi4_12_1_, permission0_.permission_status as permissi5_12_1_ from permission permission0_ where permission0_.character_id=?
Hibernate: select count(*) as col_0_0_ from user user0_ where user0_.user_id=?
Hibernate: select user0_.user_id as user_id1_21_, user0_.character_id as characte7_21_, user0_.user_created_at as user_cre2_21_, user0_.user_name as user_nam3_21_, user0_.user_phone_number as user_pho4_21_, user0_.user_user_id as user_use5_21_, user0_.user_user_password as user_use6_21_ from user user0_ where user0_.user_id=?
Hibernate: select character0_.character_id as characte1_6_0_, character0_.character_character_name as characte2_6_0_ from characters character0_ where character0_.character_id=?
Hibernate: select rewardtagw0_.user_id as user_id4_16_0_, rewardtagw0_.reward_tag_wrapper_reward_id as reward_t1_16_0_, rewardtagw0_.reward_tag_wrapper_reward_id as reward_t1_16_1_, rewardtagw0_.reward_tag_wrapper_reward_presented_at as reward_t2_16_1_, rewardtagw0_.reward_tag_reward_tag_id as reward_t3_16_1_, rewardtagw0_.user_id as user_id4_16_1_ from reward_tag_wrapper rewardtagw0_ where rewardtagw0_.user_id=?
Hibernate: select attendance0_.attendance_user_attendance_user_id as col_0_0_ from attendance_user attendance0_ where attendance0_.user_id=? limit ?
Hibernate: DELETE FROM USER WHERE USER_ID = ?
Hibernate: select user0_.user_id as col_0_0_ from user user0_ where user0_.user_user_id=? limit ?
Hibernate: select user0_.user_id as col_0_0_ from user user0_ where user0_.user_user_id=? limit ?
Hibernate: select user0_.user_id as user_id1_21_, user0_.character_id as characte7_21_, user0_.user_created_at as user_cre2_21_, user0_.user_name as user_nam3_21_, user0_.user_phone_number as user_pho4_21_, user0_.user_user_id as user_use5_21_, user0_.user_user_password as user_use6_21_ from user user0_ inner join characters character1_ on user0_.character_id=character1_.character_id where user0_.user_user_id=?
Hibernate: select character0_.character_id as characte1_6_0_, character0_.character_character_name as characte2_6_0_ from characters character0_ where character0_.character_id=?
Hibernate: select rewardtagw0_.user_id as user_id4_16_0_, rewardtagw0_.reward_tag_wrapper_reward_id as reward_t1_16_0_, rewardtagw0_.reward_tag_wrapper_reward_id as reward_t1_16_1_, rewardtagw0_.reward_tag_wrapper_reward_presented_at as reward_t2_16_1_, rewardtagw0_.reward_tag_reward_tag_id as reward_t3_16_1_, rewardtagw0_.user_id as user_id4_16_1_ from reward_tag_wrapper rewardtagw0_ where rewardtagw0_.user_id=?
Hibernate: select user0_.user_id as user_id1_21_0_, user0_.character_id as characte7_21_0_, user0_.user_created_at as user_cre2_21_0_, user0_.user_name as user_nam3_21_0_, user0_.user_phone_number as user_pho4_21_0_, user0_.user_user_id as user_use5_21_0_, user0_.user_user_password as user_use6_21_0_ from user user0_ where user0_.user_id=?
Hibernate: select character0_.character_id as characte1_6_0_, character0_.character_character_name as characte2_6_0_ from characters character0_ where character0_.character_id=?
Hibernate: select count(*) as col_0_0_ from user user0_ where user0_.user_id=?
Hibernate: select character1_.character_id as characte1_6_, character1_.character_character_name as characte2_6_ from user user0_ inner join characters character1_ on user0_.character_id=character1_.character_id where user0_.user_id=?
Hibernate: select permission0_.character_id as characte6_12_0_, permission0_.permission_id as permissi1_12_0_, permission0_.permission_id as permissi1_12_1_, permission0_.character_id as characte6_12_1_, permission0_.permission_name as permissi2_12_1_, permission0_.permission_permission_unit_id as permissi3_12_1_, permission0_.permission_service as permissi4_12_1_, permission0_.permission_status as permissi5_12_1_ from permission permission0_ where permission0_.character_id=?
Hibernate: select count(*) as col_0_0_ from user user0_ where user0_.user_id=?
Hibernate: select user0_.user_id as user_id1_21_, user0_.character_id as characte7_21_, user0_.user_created_at as user_cre2_21_, user0_.user_name as user_nam3_21_, user0_.user_phone_number as user_pho4_21_, user0_.user_user_id as user_use5_21_, user0_.user_user_password as user_use6_21_ from user user0_ where user0_.user_id=?
Hibernate: select character0_.character_id as characte1_6_0_, character0_.character_character_name as characte2_6_0_ from characters character0_ where character0_.character_id=?
Hibernate: select rewardtagw0_.user_id as user_id4_16_0_, rewardtagw0_.reward_tag_wrapper_reward_id as reward_t1_16_0_, rewardtagw0_.reward_tag_wrapper_reward_id as reward_t1_16_1_, rewardtagw0_.reward_tag_wrapper_reward_presented_at as reward_t2_16_1_, rewardtagw0_.reward_tag_reward_tag_id as reward_t3_16_1_, rewardtagw0_.user_id as user_id4_16_1_ from reward_tag_wrapper rewardtagw0_ where rewardtagw0_.user_id=?
Hibernate: select attendance0_.attendance_user_attendance_user_id as col_0_0_ from attendance_user attendance0_ where attendance0_.user_id=? limit ?
Hibernate: DELETE FROM USER WHERE USER_ID = ?
Hibernate: select user0_.user_id as col_0_0_ from user user0_ where user0_.user_user_id=? limit ?
Hibernate: select user0_.user_id as col_0_0_ from user user0_ where user0_.user_user_id=? limit ?
Hibernate: select user0_.user_id as user_id1_21_, user0_.character_id as characte7_21_, user0_.user_created_at as user_cre2_21_, user0_.user_name as user_nam3_21_, user0_.user_phone_number as user_pho4_21_, user0_.user_user_id as user_use5_21_, user0_.user_user_password as user_use6_21_ from user user0_ inner join characters character1_ on user0_.character_id=character1_.character_id where user0_.user_user_id=?
Hibernate: select character0_.character_id as characte1_6_0_, character0_.character_character_name as characte2_6_0_ from characters character0_ where character0_.character_id=?
Hibernate: select rewardtagw0_.user_id as user_id4_16_0_, rewardtagw0_.reward_tag_wrapper_reward_id as reward_t1_16_0_, rewardtagw0_.reward_tag_wrapper_reward_id as reward_t1_16_1_, rewardtagw0_.reward_tag_wrapper_reward_presented_at as reward_t2_16_1_, rewardtagw0_.reward_tag_reward_tag_id as reward_t3_16_1_, rewardtagw0_.user_id as user_id4_16_1_ from reward_tag_wrapper rewardtagw0_ where rewardtagw0_.user_id=?
Hibernate: select user0_.user_id as user_id1_21_0_, user0_.character_id as characte7_21_0_, user0_.user_created_at as user_cre2_21_0_, user0_.user_name as user_nam3_21_0_, user0_.user_phone_number as user_pho4_21_0_, user0_.user_user_id as user_use5_21_0_, user0_.user_user_password as user_use6_21_0_ from user user0_ where user0_.user_id=?
Hibernate: select character0_.character_id as characte1_6_0_, character0_.character_character_name as characte2_6_0_ from characters character0_ where character0_.character_id=?
Hibernate: select count(*) as col_0_0_ from user user0_ where user0_.user_id=?
Hibernate: select character1_.character_id as characte1_6_, character1_.character_character_name as characte2_6_ from user user0_ inner join characters character1_ on user0_.character_id=character1_.character_id where user0_.user_id=?
Hibernate: select permission0_.character_id as characte6_12_0_, permission0_.permission_id as permissi1_12_0_, permission0_.permission_id as permissi1_12_1_, permission0_.character_id as characte6_12_1_, permission0_.permission_name as permissi2_12_1_, permission0_.permission_permission_unit_id as permissi3_12_1_, permission0_.permission_service as permissi4_12_1_, permission0_.permission_status as permissi5_12_1_ from permission permission0_ where permission0_.character_id=?
Hibernate: select count(*) as col_0_0_ from user user0_ where user0_.user_id=?
Hibernate: select user0_.user_id as user_id1_21_, user0_.character_id as characte7_21_, user0_.user_created_at as user_cre2_21_, user0_.user_name as user_nam3_21_, user0_.user_phone_number as user_pho4_21_, user0_.user_user_id as user_use5_21_, user0_.user_user_password as user_use6_21_ from user user0_ where user0_.user_id=?
Hibernate: select character0_.character_id as characte1_6_0_, character0_.character_character_name as characte2_6_0_ from characters character0_ where character0_.character_id=?
Hibernate: select rewardtagw0_.user_id as user_id4_16_0_, rewardtagw0_.reward_tag_wrapper_reward_id as reward_t1_16_0_, rewardtagw0_.reward_tag_wrapper_reward_id as reward_t1_16_1_, rewardtagw0_.reward_tag_wrapper_reward_presented_at as reward_t2_16_1_, rewardtagw0_.reward_tag_reward_tag_id as reward_t3_16_1_, rewardtagw0_.user_id as user_id4_16_1_ from reward_tag_wrapper rewardtagw0_ where rewardtagw0_.user_id=?
Hibernate: select attendance0_.attendance_user_attendance_user_id as col_0_0_ from attendance_user attendance0_ where attendance0_.user_id=? limit ?
Hibernate: DELETE FROM USER WHERE USER_ID = ?
Hibernate: select user0_.user_id as col_0_0_ from user user0_ where user0_.user_user_id=? limit ?
Hibernate: select user0_.user_id as col_0_0_ from user user0_ where user0_.user_user_id=? limit ?
Hibernate: select user0_.user_id as col_0_0_ from user user0_ where user0_.user_user_id=? limit ?
Hibernate: select U.* from USER U where U.USER_USER_ID =?
Hibernate: select character0_.character_id as characte1_6_0_, character0_.character_character_name as characte2_6_0_ from characters character0_ where character0_.character_id=?
Hibernate: select user0_.user_id as user_id1_21_0_, user0_.character_id as characte7_21_0_, user0_.user_created_at as user_cre2_21_0_, user0_.user_name as user_nam3_21_0_, user0_.user_phone_number as user_pho4_21_0_, user0_.user_user_id as user_use5_21_0_, user0_.user_user_password as user_use6_21_0_ from user user0_ where user0_.user_id=?
Hibernate: select character0_.character_id as characte1_6_0_, character0_.character_character_name as characte2_6_0_ from characters character0_ where character0_.character_id=?
Hibernate: select count(*) as col_0_0_ from team_building teambuildi0_
Hibernate: select count(*) as col_0_0_ from team_building teambuildi0_
Hibernate: select user0_.user_id as col_0_0_ from user user0_ where user0_.user_user_id=? limit ?
Hibernate: select user0_.user_id as col_0_0_ from user user0_ where user0_.user_user_id=? limit ?
Hibernate: select U.* from USER U where U.USER_USER_ID =?
Hibernate: select character0_.character_id as characte1_6_0_, character0_.character_character_name as characte2_6_0_ from characters character0_ where character0_.character_id=?
Hibernate: select user0_.user_id as col_0_0_ from user user0_ where user0_.user_user_id=? limit ?
Hibernate: select user0_.user_id as col_0_0_ from user user0_ where user0_.user_user_id=? limit ?
Hibernate: select U.* from USER U where U.USER_USER_ID =?
Hibernate: select character0_.character_id as characte1_6_0_, character0_.character_character_name as characte2_6_0_ from characters character0_ where character0_.character_id=?
Hibernate: select user0_.user_id as col_0_0_ from user user0_ where user0_.user_user_id=? limit ?
Hibernate: select user0_.user_id as col_0_0_ from user user0_ where user0_.user_user_id=? limit ?
Hibernate: select U.* from USER U where U.USER_USER_ID =?
Hibernate: select character0_.character_id as characte1_6_0_, character0_.character_character_name as characte2_6_0_ from characters character0_ where character0_.character_id=?
Hibernate: select user0_.user_id as col_0_0_ from user user0_ where user0_.user_user_id=? limit ?
Hibernate: select userjoinin0_.user_joining_pool_id as col_0_0_ from user_joining_pool userjoinin0_ where userjoinin0_.user_user_id=? limit ?
Hibernate: select character0_.character_id as col_0_0_ from characters character0_ where character0_.character_character_name=? limit ?
Hibernate: insert into user_joining_pool (user_joining_pool_id, user_created_at, user_name, user_phone_number, user_user_id, user_user_password) values (default, ?, ?, ?, ?, ?)

MockHttpServletRequest:
      HTTP Method = POST
      Request URI = /user
       Parameters = {}
          Headers = [Content-Type:"application/json;charset=UTF-8", Accept:"application/json", api-version:"1.0", Content-Length:"93"]
             Body = {"name":"lin","user_id":"linirini","user_password":"2fhfhfhfh!","phone_number":"01012341234"}
    Session Attrs = {}

Handler:
             Type = org.waldreg.controller.joiningpool.JoiningPoolController
           Method = org.waldreg.controller.joiningpool.JoiningPoolController#createUser(UserRequest)

Async:
    Async started = false
     Async result = null

Resolved Exception:
             Type = null

ModelAndView:
        View name = null
             View = null
            Model = null

FlashMap:
       Attributes = null

MockHttpServletResponse:
           Status = 200
    Error message = null
          Headers = [Vary:"Origin", "Access-Control-Request-Method", "Access-Control-Request-Headers", Api-version:"1.0"]
     Content type = null
             Body = 
    Forwarded URL = null
   Redirected URL = null
          Cookies = []
Hibernate: select user0_.user_id as user_id1_21_0_, user0_.character_id as characte7_21_0_, user0_.user_created_at as user_cre2_21_0_, user0_.user_name as user_nam3_21_0_, user0_.user_phone_number as user_pho4_21_0_, user0_.user_user_id as user_use5_21_0_, user0_.user_user_password as user_use6_21_0_ from user user0_ where user0_.user_id=?
Hibernate: select character0_.character_id as characte1_6_0_, character0_.character_character_name as characte2_6_0_ from characters character0_ where character0_.character_id=?
Hibernate: select count(*) as col_0_0_ from user user0_ where user0_.user_id=?
Hibernate: select character1_.character_id as characte1_6_, character1_.character_character_name as characte2_6_ from user user0_ inner join characters character1_ on user0_.character_id=character1_.character_id where user0_.user_id=?
Hibernate: select permission0_.character_id as characte6_12_0_, permission0_.permission_id as permissi1_12_0_, permission0_.permission_id as permissi1_12_1_, permission0_.character_id as characte6_12_1_, permission0_.permission_name as permissi2_12_1_, permission0_.permission_permission_unit_id as permissi3_12_1_, permission0_.permission_service as permissi4_12_1_, permission0_.permission_status as permissi5_12_1_ from permission permission0_ where permission0_.character_id=?
Hibernate: select userjoinin0_.user_joining_pool_id as col_0_0_ from user_joining_pool userjoinin0_ where userjoinin0_.user_user_id=? limit ?
Hibernate: select userjoinin0_.user_joining_pool_id as user_joi1_22_, userjoinin0_.user_created_at as user_cre2_22_, userjoinin0_.user_name as user_nam3_22_, userjoinin0_.user_phone_number as user_pho4_22_, userjoinin0_.user_user_id as user_use5_22_, userjoinin0_.user_user_password as user_use6_22_ from user_joining_pool userjoinin0_ where userjoinin0_.user_user_id=?
Hibernate: select character0_.character_id as characte1_6_, character0_.character_character_name as characte2_6_ from characters character0_ where character0_.character_character_name=?
Hibernate: insert into user (user_id, character_id, user_created_at, user_name, user_phone_number, user_user_id, user_user_password) values (default, ?, ?, ?, ?, ?, ?)
Hibernate: DELETE FROM USER_JOINING_POOL as JU where JU.USER_USER_ID =?
Hibernate: select user0_.user_id as col_0_0_ from user user0_ where user0_.user_user_id=? limit ?
Hibernate: select user0_.user_id as col_0_0_ from user user0_ where user0_.user_user_id=? limit ?
Hibernate: select U.* from USER U where U.USER_USER_ID =?
Hibernate: select character0_.character_id as characte1_6_0_, character0_.character_character_name as characte2_6_0_ from characters character0_ where character0_.character_id=?
Hibernate: select user0_.user_id as col_0_0_ from user user0_ where user0_.user_user_id=? limit ?
Hibernate: select user0_.user_id as col_0_0_ from user user0_ where user0_.user_user_id=? limit ?
Hibernate: select U.* from USER U where U.USER_USER_ID =?
Hibernate: select character0_.character_id as characte1_6_0_, character0_.character_character_name as characte2_6_0_ from characters character0_ where character0_.character_id=?
Hibernate: select user0_.user_id as col_0_0_ from user user0_ where user0_.user_user_id=? limit ?
Hibernate: select userjoinin0_.user_joining_pool_id as col_0_0_ from user_joining_pool userjoinin0_ where userjoinin0_.user_user_id=? limit ?
Hibernate: select character0_.character_id as col_0_0_ from characters character0_ where character0_.character_character_name=? limit ?
Hibernate: insert into user_joining_pool (user_joining_pool_id, user_created_at, user_name, user_phone_number, user_user_id, user_user_password) values (default, ?, ?, ?, ?, ?)
Hibernate: select user0_.user_id as user_id1_21_0_, user0_.character_id as characte7_21_0_, user0_.user_created_at as user_cre2_21_0_, user0_.user_name as user_nam3_21_0_, user0_.user_phone_number as user_pho4_21_0_, user0_.user_user_id as user_use5_21_0_, user0_.user_user_password as user_use6_21_0_ from user user0_ where user0_.user_id=?
Hibernate: select character0_.character_id as characte1_6_0_, character0_.character_character_name as characte2_6_0_ from characters character0_ where character0_.character_id=?
Hibernate: select count(*) as col_0_0_ from user user0_ where user0_.user_id=?
Hibernate: select character1_.character_id as characte1_6_, character1_.character_character_name as characte2_6_ from user user0_ inner join characters character1_ on user0_.character_id=character1_.character_id where user0_.user_id=?
Hibernate: select permission0_.character_id as characte6_12_0_, permission0_.permission_id as permissi1_12_0_, permission0_.permission_id as permissi1_12_1_, permission0_.character_id as characte6_12_1_, permission0_.permission_name as permissi2_12_1_, permission0_.permission_permission_unit_id as permissi3_12_1_, permission0_.permission_service as permissi4_12_1_, permission0_.permission_status as permissi5_12_1_ from permission permission0_ where permission0_.character_id=?
Hibernate: select userjoinin0_.user_joining_pool_id as col_0_0_ from user_joining_pool userjoinin0_ where userjoinin0_.user_user_id=? limit ?
Hibernate: select userjoinin0_.user_joining_pool_id as user_joi1_22_, userjoinin0_.user_created_at as user_cre2_22_, userjoinin0_.user_name as user_nam3_22_, userjoinin0_.user_phone_number as user_pho4_22_, userjoinin0_.user_user_id as user_use5_22_, userjoinin0_.user_user_password as user_use6_22_ from user_joining_pool userjoinin0_ where userjoinin0_.user_user_id=?
Hibernate: select character0_.character_id as characte1_6_, character0_.character_character_name as characte2_6_ from characters character0_ where character0_.character_character_name=?
Hibernate: insert into user (user_id, character_id, user_created_at, user_name, user_phone_number, user_user_id, user_user_password) values (default, ?, ?, ?, ?, ?, ?)
Hibernate: DELETE FROM USER_JOINING_POOL as JU where JU.USER_USER_ID =?
Hibernate: select user0_.user_id as col_0_0_ from user user0_ where user0_.user_user_id=? limit ?
Hibernate: select user0_.user_id as col_0_0_ from user user0_ where user0_.user_user_id=? limit ?
Hibernate: select U.* from USER U where U.USER_USER_ID =?
Hibernate: select character0_.character_id as characte1_6_0_, character0_.character_character_name as characte2_6_0_ from characters character0_ where character0_.character_id=?
Hibernate: select user0_.user_id as col_0_0_ from user user0_ where user0_.user_user_id=? limit ?
Hibernate: select userjoinin0_.user_joining_pool_id as col_0_0_ from user_joining_pool userjoinin0_ where userjoinin0_.user_user_id=? limit ?
Hibernate: select character0_.character_id as col_0_0_ from characters character0_ where character0_.character_character_name=? limit ?
Hibernate: insert into user_joining_pool (user_joining_pool_id, user_created_at, user_name, user_phone_number, user_user_id, user_user_password) values (default, ?, ?, ?, ?, ?)
Hibernate: select user0_.user_id as user_id1_21_0_, user0_.character_id as characte7_21_0_, user0_.user_created_at as user_cre2_21_0_, user0_.user_name as user_nam3_21_0_, user0_.user_phone_number as user_pho4_21_0_, user0_.user_user_id as user_use5_21_0_, user0_.user_user_password as user_use6_21_0_ from user user0_ where user0_.user_id=?
Hibernate: select character0_.character_id as characte1_6_0_, character0_.character_character_name as characte2_6_0_ from characters character0_ where character0_.character_id=?
Hibernate: select count(*) as col_0_0_ from user user0_ where user0_.user_id=?
Hibernate: select character1_.character_id as characte1_6_, character1_.character_character_name as characte2_6_ from user user0_ inner join characters character1_ on user0_.character_id=character1_.character_id where user0_.user_id=?
Hibernate: select permission0_.character_id as characte6_12_0_, permission0_.permission_id as permissi1_12_0_, permission0_.permission_id as permissi1_12_1_, permission0_.character_id as characte6_12_1_, permission0_.permission_name as permissi2_12_1_, permission0_.permission_permission_unit_id as permissi3_12_1_, permission0_.permission_service as permissi4_12_1_, permission0_.permission_status as permissi5_12_1_ from permission permission0_ where permission0_.character_id=?
Hibernate: select userjoinin0_.user_joining_pool_id as col_0_0_ from user_joining_pool userjoinin0_ where userjoinin0_.user_user_id=? limit ?
Hibernate: select userjoinin0_.user_joining_pool_id as user_joi1_22_, userjoinin0_.user_created_at as user_cre2_22_, userjoinin0_.user_name as user_nam3_22_, userjoinin0_.user_phone_number as user_pho4_22_, userjoinin0_.user_user_id as user_use5_22_, userjoinin0_.user_user_password as user_use6_22_ from user_joining_pool userjoinin0_ where userjoinin0_.user_user_id=?
Hibernate: select character0_.character_id as characte1_6_, character0_.character_character_name as characte2_6_ from characters character0_ where character0_.character_character_name=?
Hibernate: insert into user (user_id, character_id, user_created_at, user_name, user_phone_number, user_user_id, user_user_password) values (default, ?, ?, ?, ?, ?, ?)
Hibernate: DELETE FROM USER_JOINING_POOL as JU where JU.USER_USER_ID =?
Hibernate: select user0_.user_id as col_0_0_ from user user0_ where user0_.user_user_id=? limit ?
Hibernate: select user0_.user_id as col_0_0_ from user user0_ where user0_.user_user_id=? limit ?
Hibernate: select U.* from USER U where U.USER_USER_ID =?
Hibernate: select character0_.character_id as characte1_6_0_, character0_.character_character_name as characte2_6_0_ from characters character0_ where character0_.character_id=?
Hibernate: select user0_.user_id as col_0_0_ from user user0_ where user0_.user_user_id=? limit ?
Hibernate: select userjoinin0_.user_joining_pool_id as col_0_0_ from user_joining_pool userjoinin0_ where userjoinin0_.user_user_id=? limit ?
Hibernate: select character0_.character_id as col_0_0_ from characters character0_ where character0_.character_character_name=? limit ?
Hibernate: insert into user_joining_pool (user_joining_pool_id, user_created_at, user_name, user_phone_number, user_user_id, user_user_password) values (default, ?, ?, ?, ?, ?)
Hibernate: select user0_.user_id as user_id1_21_0_, user0_.character_id as characte7_21_0_, user0_.user_created_at as user_cre2_21_0_, user0_.user_name as user_nam3_21_0_, user0_.user_phone_number as user_pho4_21_0_, user0_.user_user_id as user_use5_21_0_, user0_.user_user_password as user_use6_21_0_ from user user0_ where user0_.user_id=?
Hibernate: select character0_.character_id as characte1_6_0_, character0_.character_character_name as characte2_6_0_ from characters character0_ where character0_.character_id=?
Hibernate: select count(*) as col_0_0_ from user user0_ where user0_.user_id=?
Hibernate: select character1_.character_id as characte1_6_, character1_.character_character_name as characte2_6_ from user user0_ inner join characters character1_ on user0_.character_id=character1_.character_id where user0_.user_id=?
Hibernate: select permission0_.character_id as characte6_12_0_, permission0_.permission_id as permissi1_12_0_, permission0_.permission_id as permissi1_12_1_, permission0_.character_id as characte6_12_1_, permission0_.permission_name as permissi2_12_1_, permission0_.permission_permission_unit_id as permissi3_12_1_, permission0_.permission_service as permissi4_12_1_, permission0_.permission_status as permissi5_12_1_ from permission permission0_ where permission0_.character_id=?
Hibernate: select userjoinin0_.user_joining_pool_id as col_0_0_ from user_joining_pool userjoinin0_ where userjoinin0_.user_user_id=? limit ?
Hibernate: select userjoinin0_.user_joining_pool_id as user_joi1_22_, userjoinin0_.user_created_at as user_cre2_22_, userjoinin0_.user_name as user_nam3_22_, userjoinin0_.user_phone_number as user_pho4_22_, userjoinin0_.user_user_id as user_use5_22_, userjoinin0_.user_user_password as user_use6_22_ from user_joining_pool userjoinin0_ where userjoinin0_.user_user_id=?
Hibernate: select character0_.character_id as characte1_6_, character0_.character_character_name as characte2_6_ from characters character0_ where character0_.character_character_name=?
Hibernate: insert into user (user_id, character_id, user_created_at, user_name, user_phone_number, user_user_id, user_user_password) values (default, ?, ?, ?, ?, ?, ?)
Hibernate: DELETE FROM USER_JOINING_POOL as JU where JU.USER_USER_ID =?
Hibernate: select user0_.user_id as col_0_0_ from user user0_ where user0_.user_user_id=? limit ?
Hibernate: select user0_.user_id as col_0_0_ from user user0_ where user0_.user_user_id=? limit ?
Hibernate: select U.* from USER U where U.USER_USER_ID =?
Hibernate: select character0_.character_id as characte1_6_0_, character0_.character_character_name as characte2_6_0_ from characters character0_ where character0_.character_id=?
Hibernate: select user0_.user_id as col_0_0_ from user user0_ where user0_.user_user_id=? limit ?
Hibernate: select userjoinin0_.user_joining_pool_id as col_0_0_ from user_joining_pool userjoinin0_ where userjoinin0_.user_user_id=? limit ?
Hibernate: select character0_.character_id as col_0_0_ from characters character0_ where character0_.character_character_name=? limit ?
Hibernate: insert into user_joining_pool (user_joining_pool_id, user_created_at, user_name, user_phone_number, user_user_id, user_user_password) values (default, ?, ?, ?, ?, ?)
Hibernate: select user0_.user_id as user_id1_21_0_, user0_.character_id as characte7_21_0_, user0_.user_created_at as user_cre2_21_0_, user0_.user_name as user_nam3_21_0_, user0_.user_phone_number as user_pho4_21_0_, user0_.user_user_id as user_use5_21_0_, user0_.user_user_password as user_use6_21_0_ from user user0_ where user0_.user_id=?
Hibernate: select character0_.character_id as characte1_6_0_, character0_.character_character_name as characte2_6_0_ from characters character0_ where character0_.character_id=?
Hibernate: select count(*) as col_0_0_ from user user0_ where user0_.user_id=?
Hibernate: select character1_.character_id as characte1_6_, character1_.character_character_name as characte2_6_ from user user0_ inner join characters character1_ on user0_.character_id=character1_.character_id where user0_.user_id=?
Hibernate: select permission0_.character_id as characte6_12_0_, permission0_.permission_id as permissi1_12_0_, permission0_.permission_id as permissi1_12_1_, permission0_.character_id as characte6_12_1_, permission0_.permission_name as permissi2_12_1_, permission0_.permission_permission_unit_id as permissi3_12_1_, permission0_.permission_service as permissi4_12_1_, permission0_.permission_status as permissi5_12_1_ from permission permission0_ where permission0_.character_id=?
Hibernate: select userjoinin0_.user_joining_pool_id as col_0_0_ from user_joining_pool userjoinin0_ where userjoinin0_.user_user_id=? limit ?
Hibernate: select userjoinin0_.user_joining_pool_id as user_joi1_22_, userjoinin0_.user_created_at as user_cre2_22_, userjoinin0_.user_name as user_nam3_22_, userjoinin0_.user_phone_number as user_pho4_22_, userjoinin0_.user_user_id as user_use5_22_, userjoinin0_.user_user_password as user_use6_22_ from user_joining_pool userjoinin0_ where userjoinin0_.user_user_id=?
Hibernate: select character0_.character_id as characte1_6_, character0_.character_character_name as characte2_6_ from characters character0_ where character0_.character_character_name=?
Hibernate: insert into user (user_id, character_id, user_created_at, user_name, user_phone_number, user_user_id, user_user_password) values (default, ?, ?, ?, ?, ?, ?)
Hibernate: DELETE FROM USER_JOINING_POOL as JU where JU.USER_USER_ID =?
Hibernate: select user0_.user_id as col_0_0_ from user user0_ where user0_.user_user_id=? limit ?
Hibernate: select user0_.user_id as col_0_0_ from user user0_ where user0_.user_user_id=? limit ?
Hibernate: select U.* from USER U where U.USER_USER_ID =?
Hibernate: select character0_.character_id as characte1_6_0_, character0_.character_character_name as characte2_6_0_ from characters character0_ where character0_.character_id=?
Hibernate: select user0_.user_id as col_0_0_ from user user0_ where user0_.user_user_id=? limit ?
Hibernate: select userjoinin0_.user_joining_pool_id as col_0_0_ from user_joining_pool userjoinin0_ where userjoinin0_.user_user_id=? limit ?
Hibernate: select character0_.character_id as col_0_0_ from characters character0_ where character0_.character_character_name=? limit ?
Hibernate: insert into user_joining_pool (user_joining_pool_id, user_created_at, user_name, user_phone_number, user_user_id, user_user_password) values (default, ?, ?, ?, ?, ?)
Hibernate: select user0_.user_id as user_id1_21_0_, user0_.character_id as characte7_21_0_, user0_.user_created_at as user_cre2_21_0_, user0_.user_name as user_nam3_21_0_, user0_.user_phone_number as user_pho4_21_0_, user0_.user_user_id as user_use5_21_0_, user0_.user_user_password as user_use6_21_0_ from user user0_ where user0_.user_id=?
Hibernate: select character0_.character_id as characte1_6_0_, character0_.character_character_name as characte2_6_0_ from characters character0_ where character0_.character_id=?
Hibernate: select count(*) as col_0_0_ from user user0_ where user0_.user_id=?
Hibernate: select character1_.character_id as characte1_6_, character1_.character_character_name as characte2_6_ from user user0_ inner join characters character1_ on user0_.character_id=character1_.character_id where user0_.user_id=?
Hibernate: select permission0_.character_id as characte6_12_0_, permission0_.permission_id as permissi1_12_0_, permission0_.permission_id as permissi1_12_1_, permission0_.character_id as characte6_12_1_, permission0_.permission_name as permissi2_12_1_, permission0_.permission_permission_unit_id as permissi3_12_1_, permission0_.permission_service as permissi4_12_1_, permission0_.permission_status as permissi5_12_1_ from permission permission0_ where permission0_.character_id=?
Hibernate: select userjoinin0_.user_joining_pool_id as col_0_0_ from user_joining_pool userjoinin0_ where userjoinin0_.user_user_id=? limit ?
Hibernate: select userjoinin0_.user_joining_pool_id as user_joi1_22_, userjoinin0_.user_created_at as user_cre2_22_, userjoinin0_.user_name as user_nam3_22_, userjoinin0_.user_phone_number as user_pho4_22_, userjoinin0_.user_user_id as user_use5_22_, userjoinin0_.user_user_password as user_use6_22_ from user_joining_pool userjoinin0_ where userjoinin0_.user_user_id=?
Hibernate: select character0_.character_id as characte1_6_, character0_.character_character_name as characte2_6_ from characters character0_ where character0_.character_character_name=?
Hibernate: insert into user (user_id, character_id, user_created_at, user_name, user_phone_number, user_user_id, user_user_password) values (default, ?, ?, ?, ?, ?, ?)
Hibernate: DELETE FROM USER_JOINING_POOL as JU where JU.USER_USER_ID =?
Hibernate: select user0_.user_id as user_id1_21_0_, user0_.character_id as characte7_21_0_, user0_.user_created_at as user_cre2_21_0_, user0_.user_name as user_nam3_21_0_, user0_.user_phone_number as user_pho4_21_0_, user0_.user_user_id as user_use5_21_0_, user0_.user_user_password as user_use6_21_0_ from user user0_ where user0_.user_id=?
Hibernate: select character0_.character_id as characte1_6_0_, character0_.character_character_name as characte2_6_0_ from characters character0_ where character0_.character_id=?
Hibernate: select count(*) as col_0_0_ from user user0_ where user0_.user_id=?
Hibernate: select character1_.character_id as characte1_6_, character1_.character_character_name as characte2_6_ from user user0_ inner join characters character1_ on user0_.character_id=character1_.character_id where user0_.user_id=?
Hibernate: select permission0_.character_id as characte6_12_0_, permission0_.permission_id as permissi1_12_0_, permission0_.permission_id as permissi1_12_1_, permission0_.character_id as characte6_12_1_, permission0_.permission_name as permissi2_12_1_, permission0_.permission_permission_unit_id as permissi3_12_1_, permission0_.permission_service as permissi4_12_1_, permission0_.permission_status as permissi5_12_1_ from permission permission0_ where permission0_.character_id=?
Hibernate: select user0_.user_id as col_0_0_ from user user0_ where user0_.user_user_id=? limit ?
Hibernate: select user0_.user_id as col_0_0_ from user user0_ where user0_.user_user_id=? limit ?
Hibernate: select user0_.user_id as col_0_0_ from user user0_ where user0_.user_user_id=? limit ?
Hibernate: select user0_.user_id as col_0_0_ from user user0_ where user0_.user_user_id=? limit ?
Hibernate: select user0_.user_id as col_0_0_ from user user0_ where user0_.user_user_id=? limit ?
Hibernate: select user0_.user_id as user_id1_21_, user0_.character_id as characte7_21_, user0_.user_created_at as user_cre2_21_, user0_.user_name as user_nam3_21_, user0_.user_phone_number as user_pho4_21_, user0_.user_user_id as user_use5_21_, user0_.user_user_password as user_use6_21_ from user user0_ inner join characters character1_ on user0_.character_id=character1_.character_id where user0_.user_user_id=?
Hibernate: select character0_.character_id as characte1_6_0_, character0_.character_character_name as characte2_6_0_ from characters character0_ where character0_.character_id=?
Hibernate: select user0_.user_id as user_id1_21_, user0_.character_id as characte7_21_, user0_.user_created_at as user_cre2_21_, user0_.user_name as user_nam3_21_, user0_.user_phone_number as user_pho4_21_, user0_.user_user_id as user_use5_21_, user0_.user_user_password as user_use6_21_ from user user0_ inner join characters character1_ on user0_.character_id=character1_.character_id where user0_.user_user_id=?
Hibernate: select user0_.user_id as user_id1_21_, user0_.character_id as characte7_21_, user0_.user_created_at as user_cre2_21_, user0_.user_name as user_nam3_21_, user0_.user_phone_number as user_pho4_21_, user0_.user_user_id as user_use5_21_, user0_.user_user_password as user_use6_21_ from user user0_ inner join characters character1_ on user0_.character_id=character1_.character_id where user0_.user_user_id=?
Hibernate: select user0_.user_id as user_id1_21_, user0_.character_id as characte7_21_, user0_.user_created_at as user_cre2_21_, user0_.user_name as user_nam3_21_, user0_.user_phone_number as user_pho4_21_, user0_.user_user_id as user_use5_21_, user0_.user_user_password as user_use6_21_ from user user0_ inner join characters character1_ on user0_.character_id=character1_.character_id where user0_.user_user_id=?
Hibernate: select user0_.user_id as user_id1_21_, user0_.character_id as characte7_21_, user0_.user_created_at as user_cre2_21_, user0_.user_name as user_nam3_21_, user0_.user_phone_number as user_pho4_21_, user0_.user_user_id as user_use5_21_, user0_.user_user_password as user_use6_21_ from user user0_ inner join characters character1_ on user0_.character_id=character1_.character_id where user0_.user_user_id=?
Hibernate: insert into team_building (team_building_team_building_id, team_building_created_at, team_building_last_modified_at, team_building_team_building_title) values (default, ?, ?, ?)
Hibernate: insert into team (team_team_id, team_last_modified_at, team_building_team_building_id, team_team_name) values (default, ?, ?, ?)
Hibernate: insert into team_user (team_user_id, team_team_id, user_id) values (default, ?, ?)
Hibernate: insert into team_user (team_user_id, team_team_id, user_id) values (default, ?, ?)
Hibernate: insert into team_user (team_user_id, team_team_id, user_id) values (default, ?, ?)
Hibernate: insert into team (team_team_id, team_last_modified_at, team_building_team_building_id, team_team_name) values (default, ?, ?, ?)
Hibernate: insert into team_user (team_user_id, team_team_id, user_id) values (default, ?, ?)
Hibernate: insert into team_user (team_user_id, team_team_id, user_id) values (default, ?, ?)
Hibernate: select user0_.user_id as user_id1_21_0_, user0_.character_id as characte7_21_0_, user0_.user_created_at as user_cre2_21_0_, user0_.user_name as user_nam3_21_0_, user0_.user_phone_number as user_pho4_21_0_, user0_.user_user_id as user_use5_21_0_, user0_.user_user_password as user_use6_21_0_ from user user0_ where user0_.user_id=?
Hibernate: select character0_.character_id as characte1_6_0_, character0_.character_character_name as characte2_6_0_ from characters character0_ where character0_.character_id=?
Hibernate: select count(*) as col_0_0_ from team_building teambuildi0_
Hibernate: select count(*) as col_0_0_ from team_building teambuildi0_
Hibernate: select teambuildi0_.team_building_team_building_id as team_bui1_19_, teambuildi0_.team_building_created_at as team_bui2_19_, teambuildi0_.team_building_last_modified_at as team_bui3_19_, teambuildi0_.team_building_team_building_title as team_bui4_19_ from team_building teambuildi0_ order by teambuildi0_.team_building_created_at desc, teambuildi0_.team_building_team_building_id desc limit ?
Hibernate: select teamlist0_.team_building_team_building_id as team_bui4_18_0_, teamlist0_.team_team_id as team_tea1_18_0_, teamlist0_.team_team_id as team_tea1_18_1_, teamlist0_.team_last_modified_at as team_las2_18_1_, teamlist0_.team_building_team_building_id as team_bui4_18_1_, teamlist0_.team_team_name as team_tea3_18_1_ from team teamlist0_ where teamlist0_.team_building_team_building_id=?
Hibernate: select teamuserli0_.team_team_id as team_tea2_20_0_, teamuserli0_.team_user_id as team_use1_20_0_, teamuserli0_.team_user_id as team_use1_20_1_, teamuserli0_.team_team_id as team_tea2_20_1_, teamuserli0_.user_id as user_id3_20_1_ from team_user teamuserli0_ where teamuserli0_.team_team_id=?
Hibernate: select user0_.user_id as user_id1_21_0_, user0_.character_id as characte7_21_0_, user0_.user_created_at as user_cre2_21_0_, user0_.user_name as user_nam3_21_0_, user0_.user_phone_number as user_pho4_21_0_, user0_.user_user_id as user_use5_21_0_, user0_.user_user_password as user_use6_21_0_ from user user0_ where user0_.user_id=?
Hibernate: select character0_.character_id as characte1_6_0_, character0_.character_character_name as characte2_6_0_ from characters character0_ where character0_.character_id=?
Hibernate: select user0_.user_id as user_id1_21_0_, user0_.character_id as characte7_21_0_, user0_.user_created_at as user_cre2_21_0_, user0_.user_name as user_nam3_21_0_, user0_.user_phone_number as user_pho4_21_0_, user0_.user_user_id as user_use5_21_0_, user0_.user_user_password as user_use6_21_0_ from user user0_ where user0_.user_id=?
Hibernate: select user0_.user_id as user_id1_21_0_, user0_.character_id as characte7_21_0_, user0_.user_created_at as user_cre2_21_0_, user0_.user_name as user_nam3_21_0_, user0_.user_phone_number as user_pho4_21_0_, user0_.user_user_id as user_use5_21_0_, user0_.user_user_password as user_use6_21_0_ from user user0_ where user0_.user_id=?
Hibernate: select teamuserli0_.team_team_id as team_tea2_20_0_, teamuserli0_.team_user_id as team_use1_20_0_, teamuserli0_.team_user_id as team_use1_20_1_, teamuserli0_.team_team_id as team_tea2_20_1_, teamuserli0_.user_id as user_id3_20_1_ from team_user teamuserli0_ where teamuserli0_.team_team_id=?
Hibernate: select user0_.user_id as user_id1_21_0_, user0_.character_id as characte7_21_0_, user0_.user_created_at as user_cre2_21_0_, user0_.user_name as user_nam3_21_0_, user0_.user_phone_number as user_pho4_21_0_, user0_.user_user_id as user_use5_21_0_, user0_.user_user_password as user_use6_21_0_ from user user0_ where user0_.user_id=?
Hibernate: select user0_.user_id as user_id1_21_0_, user0_.character_id as characte7_21_0_, user0_.user_created_at as user_cre2_21_0_, user0_.user_name as user_nam3_21_0_, user0_.user_phone_number as user_pho4_21_0_, user0_.user_user_id as user_use5_21_0_, user0_.user_user_password as user_use6_21_0_ from user user0_ where user0_.user_id=?
Hibernate: select user0_.user_id as user_id1_21_0_, user0_.character_id as characte7_21_0_, user0_.user_created_at as user_cre2_21_0_, user0_.user_name as user_nam3_21_0_, user0_.user_phone_number as user_pho4_21_0_, user0_.user_user_id as user_use5_21_0_, user0_.user_user_password as user_use6_21_0_ from user user0_ where user0_.user_id=?
Hibernate: select character0_.character_id as characte1_6_0_, character0_.character_character_name as characte2_6_0_ from characters character0_ where character0_.character_id=?
Hibernate: select count(*) as col_0_0_ from user user0_ where user0_.user_id=?
Hibernate: select character1_.character_id as characte1_6_, character1_.character_character_name as characte2_6_ from user user0_ inner join characters character1_ on user0_.character_id=character1_.character_id where user0_.user_id=?
Hibernate: select permission0_.character_id as characte6_12_0_, permission0_.permission_id as permissi1_12_0_, permission0_.permission_id as permissi1_12_1_, permission0_.character_id as characte6_12_1_, permission0_.permission_name as permissi2_12_1_, permission0_.permission_permission_unit_id as permissi3_12_1_, permission0_.permission_service as permissi4_12_1_, permission0_.permission_status as permissi5_12_1_ from permission permission0_ where permission0_.character_id=?

MockHttpServletRequest:
      HTTP Method = DELETE
      Request URI = /teambuilding/group/14
       Parameters = {}
          Headers = [Accept:"application/json", api-version:"1.0", Authorization:"Bearer eyJhbGciOiJIUzI1NiJ9.eyJzdWIiOiIxNDgiLCJpYXQiOjE2ODc4Nzc0NjksImV4cCI6MTY4Nzg4MTA2OX0.SGM8gm3u2pDNlvq1skRRy4FyOPjIR0ZxFAhU8LizzB8"]
             Body = null
    Session Attrs = {}

Handler:
             Type = org.waldreg.controller.teambuilding.TeamBuildingController
           Method = org.waldreg.controller.teambuilding.TeamBuildingController#deleteTeamBuildingByTeamBuildingId(int)

Async:
    Async started = false
     Async result = null

Resolved Exception:
             Type = org.waldreg.character.exception.NoPermissionException

ModelAndView:
        View name = null
             View = null
            Model = null

FlashMap:
       Attributes = null

MockHttpServletResponse:
           Status = 403
    Error message = null
          Headers = [Vary:"Origin", "Access-Control-Request-Method", "Access-Control-Request-Headers", Api-version:"1.0", Content-Type:"application/json"]
     Content type = application/json
             Body = {"code":"CHARACTER-403","messages":"No permission","document_url":"docs.waldreg.org"}
    Forwarded URL = null
   Redirected URL = null
          Cookies = []
Hibernate: select user0_.user_id as col_0_0_ from user user0_ where user0_.user_user_id=? limit ?
Hibernate: select user0_.user_id as col_0_0_ from user user0_ where user0_.user_user_id=? limit ?
Hibernate: select U.* from USER U where U.USER_USER_ID =?
Hibernate: select character0_.character_id as characte1_6_0_, character0_.character_character_name as characte2_6_0_ from characters character0_ where character0_.character_id=?
Hibernate: select user0_.user_id as user_id1_21_0_, user0_.character_id as characte7_21_0_, user0_.user_created_at as user_cre2_21_0_, user0_.user_name as user_nam3_21_0_, user0_.user_phone_number as user_pho4_21_0_, user0_.user_user_id as user_use5_21_0_, user0_.user_user_password as user_use6_21_0_ from user user0_ where user0_.user_id=?
Hibernate: select character0_.character_id as characte1_6_0_, character0_.character_character_name as characte2_6_0_ from characters character0_ where character0_.character_id=?
Hibernate: select count(*) as col_0_0_ from team_building teambuildi0_
Hibernate: select count(*) as col_0_0_ from team_building teambuildi0_
Hibernate: select teambuildi0_.team_building_team_building_id as team_bui1_19_, teambuildi0_.team_building_created_at as team_bui2_19_, teambuildi0_.team_building_last_modified_at as team_bui3_19_, teambuildi0_.team_building_team_building_title as team_bui4_19_ from team_building teambuildi0_ order by teambuildi0_.team_building_created_at desc, teambuildi0_.team_building_team_building_id desc limit ?
Hibernate: select teamlist0_.team_building_team_building_id as team_bui4_18_0_, teamlist0_.team_team_id as team_tea1_18_0_, teamlist0_.team_team_id as team_tea1_18_1_, teamlist0_.team_last_modified_at as team_las2_18_1_, teamlist0_.team_building_team_building_id as team_bui4_18_1_, teamlist0_.team_team_name as team_tea3_18_1_ from team teamlist0_ where teamlist0_.team_building_team_building_id=?
Hibernate: select teamuserli0_.team_team_id as team_tea2_20_0_, teamuserli0_.team_user_id as team_use1_20_0_, teamuserli0_.team_user_id as team_use1_20_1_, teamuserli0_.team_team_id as team_tea2_20_1_, teamuserli0_.user_id as user_id3_20_1_ from team_user teamuserli0_ where teamuserli0_.team_team_id=?
Hibernate: select user0_.user_id as user_id1_21_0_, user0_.character_id as characte7_21_0_, user0_.user_created_at as user_cre2_21_0_, user0_.user_name as user_nam3_21_0_, user0_.user_phone_number as user_pho4_21_0_, user0_.user_user_id as user_use5_21_0_, user0_.user_user_password as user_use6_21_0_ from user user0_ where user0_.user_id=?
Hibernate: select character0_.character_id as characte1_6_0_, character0_.character_character_name as characte2_6_0_ from characters character0_ where character0_.character_id=?
Hibernate: select user0_.user_id as user_id1_21_0_, user0_.character_id as characte7_21_0_, user0_.user_created_at as user_cre2_21_0_, user0_.user_name as user_nam3_21_0_, user0_.user_phone_number as user_pho4_21_0_, user0_.user_user_id as user_use5_21_0_, user0_.user_user_password as user_use6_21_0_ from user user0_ where user0_.user_id=?
Hibernate: select user0_.user_id as user_id1_21_0_, user0_.character_id as characte7_21_0_, user0_.user_created_at as user_cre2_21_0_, user0_.user_name as user_nam3_21_0_, user0_.user_phone_number as user_pho4_21_0_, user0_.user_user_id as user_use5_21_0_, user0_.user_user_password as user_use6_21_0_ from user user0_ where user0_.user_id=?
Hibernate: select teamuserli0_.team_team_id as team_tea2_20_0_, teamuserli0_.team_user_id as team_use1_20_0_, teamuserli0_.team_user_id as team_use1_20_1_, teamuserli0_.team_team_id as team_tea2_20_1_, teamuserli0_.user_id as user_id3_20_1_ from team_user teamuserli0_ where teamuserli0_.team_team_id=?
Hibernate: select user0_.user_id as user_id1_21_0_, user0_.character_id as characte7_21_0_, user0_.user_created_at as user_cre2_21_0_, user0_.user_name as user_nam3_21_0_, user0_.user_phone_number as user_pho4_21_0_, user0_.user_user_id as user_use5_21_0_, user0_.user_user_password as user_use6_21_0_ from user user0_ where user0_.user_id=?
Hibernate: select user0_.user_id as user_id1_21_0_, user0_.character_id as characte7_21_0_, user0_.user_created_at as user_cre2_21_0_, user0_.user_name as user_nam3_21_0_, user0_.user_phone_number as user_pho4_21_0_, user0_.user_user_id as user_use5_21_0_, user0_.user_user_password as user_use6_21_0_ from user user0_ where user0_.user_id=?
Hibernate: select user0_.user_id as user_id1_21_0_, user0_.character_id as characte7_21_0_, user0_.user_created_at as user_cre2_21_0_, user0_.user_name as user_nam3_21_0_, user0_.user_phone_number as user_pho4_21_0_, user0_.user_user_id as user_use5_21_0_, user0_.user_user_password as user_use6_21_0_ from user user0_ where user0_.user_id=?
Hibernate: select character0_.character_id as characte1_6_0_, character0_.character_character_name as characte2_6_0_ from characters character0_ where character0_.character_id=?
Hibernate: select count(*) as col_0_0_ from user user0_ where user0_.user_id=?
Hibernate: select character1_.character_id as characte1_6_, character1_.character_character_name as characte2_6_ from user user0_ inner join characters character1_ on user0_.character_id=character1_.character_id where user0_.user_id=?
Hibernate: select permission0_.character_id as characte6_12_0_, permission0_.permission_id as permissi1_12_0_, permission0_.permission_id as permissi1_12_1_, permission0_.character_id as characte6_12_1_, permission0_.permission_name as permissi2_12_1_, permission0_.permission_permission_unit_id as permissi3_12_1_, permission0_.permission_service as permissi4_12_1_, permission0_.permission_status as permissi5_12_1_ from permission permission0_ where permission0_.character_id=?
Hibernate: select count(*) as col_0_0_ from team_building teambuildi0_ where teambuildi0_.team_building_team_building_id=?
Hibernate: select teambuildi0_.team_building_team_building_id as team_bui1_19_0_, teambuildi0_.team_building_created_at as team_bui2_19_0_, teambuildi0_.team_building_last_modified_at as team_bui3_19_0_, teambuildi0_.team_building_team_building_title as team_bui4_19_0_ from team_building teambuildi0_ where teambuildi0_.team_building_team_building_id=?
Hibernate: select teamlist0_.team_building_team_building_id as team_bui4_18_0_, teamlist0_.team_team_id as team_tea1_18_0_, teamlist0_.team_team_id as team_tea1_18_1_, teamlist0_.team_last_modified_at as team_las2_18_1_, teamlist0_.team_building_team_building_id as team_bui4_18_1_, teamlist0_.team_team_name as team_tea3_18_1_ from team teamlist0_ where teamlist0_.team_building_team_building_id=?
Hibernate: select teamuserli0_.team_team_id as team_tea2_20_0_, teamuserli0_.team_user_id as team_use1_20_0_, teamuserli0_.team_user_id as team_use1_20_1_, teamuserli0_.team_team_id as team_tea2_20_1_, teamuserli0_.user_id as user_id3_20_1_ from team_user teamuserli0_ where teamuserli0_.team_team_id=?
Hibernate: select user0_.user_id as user_id1_21_0_, user0_.character_id as characte7_21_0_, user0_.user_created_at as user_cre2_21_0_, user0_.user_name as user_nam3_21_0_, user0_.user_phone_number as user_pho4_21_0_, user0_.user_user_id as user_use5_21_0_, user0_.user_user_password as user_use6_21_0_ from user user0_ where user0_.user_id=?
Hibernate: select character0_.character_id as characte1_6_0_, character0_.character_character_name as characte2_6_0_ from characters character0_ where character0_.character_id=?
Hibernate: select user0_.user_id as user_id1_21_0_, user0_.character_id as characte7_21_0_, user0_.user_created_at as user_cre2_21_0_, user0_.user_name as user_nam3_21_0_, user0_.user_phone_number as user_pho4_21_0_, user0_.user_user_id as user_use5_21_0_, user0_.user_user_password as user_use6_21_0_ from user user0_ where user0_.user_id=?
Hibernate: select user0_.user_id as user_id1_21_0_, user0_.character_id as characte7_21_0_, user0_.user_created_at as user_cre2_21_0_, user0_.user_name as user_nam3_21_0_, user0_.user_phone_number as user_pho4_21_0_, user0_.user_user_id as user_use5_21_0_, user0_.user_user_password as user_use6_21_0_ from user user0_ where user0_.user_id=?
Hibernate: select teamuserli0_.team_team_id as team_tea2_20_0_, teamuserli0_.team_user_id as team_use1_20_0_, teamuserli0_.team_user_id as team_use1_20_1_, teamuserli0_.team_team_id as team_tea2_20_1_, teamuserli0_.user_id as user_id3_20_1_ from team_user teamuserli0_ where teamuserli0_.team_team_id=?
Hibernate: select user0_.user_id as user_id1_21_0_, user0_.character_id as characte7_21_0_, user0_.user_created_at as user_cre2_21_0_, user0_.user_name as user_nam3_21_0_, user0_.user_phone_number as user_pho4_21_0_, user0_.user_user_id as user_use5_21_0_, user0_.user_user_password as user_use6_21_0_ from user user0_ where user0_.user_id=?
Hibernate: select user0_.user_id as user_id1_21_0_, user0_.character_id as characte7_21_0_, user0_.user_created_at as user_cre2_21_0_, user0_.user_name as user_nam3_21_0_, user0_.user_phone_number as user_pho4_21_0_, user0_.user_user_id as user_use5_21_0_, user0_.user_user_password as user_use6_21_0_ from user user0_ where user0_.user_id=?
Hibernate: delete from team_user where team_user_id=?
Hibernate: delete from team_user where team_user_id=?
Hibernate: delete from team_user where team_user_id=?
Hibernate: delete from team where team_team_id=?
Hibernate: delete from team_user where team_user_id=?
Hibernate: delete from team_user where team_user_id=?
Hibernate: delete from team where team_team_id=?
Hibernate: delete from team_building where team_building_team_building_id=?
Hibernate: select user0_.user_id as user_id1_21_0_, user0_.character_id as characte7_21_0_, user0_.user_created_at as user_cre2_21_0_, user0_.user_name as user_nam3_21_0_, user0_.user_phone_number as user_pho4_21_0_, user0_.user_user_id as user_use5_21_0_, user0_.user_user_password as user_use6_21_0_ from user user0_ where user0_.user_id=?
Hibernate: select character0_.character_id as characte1_6_0_, character0_.character_character_name as characte2_6_0_ from characters character0_ where character0_.character_id=?
Hibernate: select count(*) as col_0_0_ from team_building teambuildi0_ where teambuildi0_.team_building_team_building_id=?
Hibernate: select user0_.user_id as col_0_0_ from user user0_ where user0_.user_user_id=? limit ?
Hibernate: select user0_.user_id as col_0_0_ from user user0_ where user0_.user_user_id=? limit ?
Hibernate: select U.* from USER U where U.USER_USER_ID =?
Hibernate: select character0_.character_id as characte1_6_0_, character0_.character_character_name as characte2_6_0_ from characters character0_ where character0_.character_id=?
Hibernate: select user0_.user_id as col_0_0_ from user user0_ where user0_.user_user_id=? limit ?
Hibernate: select user0_.user_id as user_id1_21_, user0_.character_id as characte7_21_, user0_.user_created_at as user_cre2_21_, user0_.user_name as user_nam3_21_, user0_.user_phone_number as user_pho4_21_, user0_.user_user_id as user_use5_21_, user0_.user_user_password as user_use6_21_ from user user0_ inner join characters character1_ on user0_.character_id=character1_.character_id where user0_.user_user_id=?
Hibernate: select character0_.character_id as characte1_6_0_, character0_.character_character_name as characte2_6_0_ from characters character0_ where character0_.character_id=?
Hibernate: select rewardtagw0_.user_id as user_id4_16_0_, rewardtagw0_.reward_tag_wrapper_reward_id as reward_t1_16_0_, rewardtagw0_.reward_tag_wrapper_reward_id as reward_t1_16_1_, rewardtagw0_.reward_tag_wrapper_reward_presented_at as reward_t2_16_1_, rewardtagw0_.reward_tag_reward_tag_id as reward_t3_16_1_, rewardtagw0_.user_id as user_id4_16_1_ from reward_tag_wrapper rewardtagw0_ where rewardtagw0_.user_id=?
Hibernate: select user0_.user_id as user_id1_21_0_, user0_.character_id as characte7_21_0_, user0_.user_created_at as user_cre2_21_0_, user0_.user_name as user_nam3_21_0_, user0_.user_phone_number as user_pho4_21_0_, user0_.user_user_id as user_use5_21_0_, user0_.user_user_password as user_use6_21_0_ from user user0_ where user0_.user_id=?
Hibernate: select character0_.character_id as characte1_6_0_, character0_.character_character_name as characte2_6_0_ from characters character0_ where character0_.character_id=?
Hibernate: select count(*) as col_0_0_ from user user0_ where user0_.user_id=?
Hibernate: select character1_.character_id as characte1_6_, character1_.character_character_name as characte2_6_ from user user0_ inner join characters character1_ on user0_.character_id=character1_.character_id where user0_.user_id=?
Hibernate: select permission0_.character_id as characte6_12_0_, permission0_.permission_id as permissi1_12_0_, permission0_.permission_id as permissi1_12_1_, permission0_.character_id as characte6_12_1_, permission0_.permission_name as permissi2_12_1_, permission0_.permission_permission_unit_id as permissi3_12_1_, permission0_.permission_service as permissi4_12_1_, permission0_.permission_status as permissi5_12_1_ from permission permission0_ where permission0_.character_id=?
Hibernate: select count(*) as col_0_0_ from user user0_ where user0_.user_id=?
Hibernate: select user0_.user_id as user_id1_21_, user0_.character_id as characte7_21_, user0_.user_created_at as user_cre2_21_, user0_.user_name as user_nam3_21_, user0_.user_phone_number as user_pho4_21_, user0_.user_user_id as user_use5_21_, user0_.user_user_password as user_use6_21_ from user user0_ where user0_.user_id=?
Hibernate: select character0_.character_id as characte1_6_0_, character0_.character_character_name as characte2_6_0_ from characters character0_ where character0_.character_id=?
Hibernate: select rewardtagw0_.user_id as user_id4_16_0_, rewardtagw0_.reward_tag_wrapper_reward_id as reward_t1_16_0_, rewardtagw0_.reward_tag_wrapper_reward_id as reward_t1_16_1_, rewardtagw0_.reward_tag_wrapper_reward_presented_at as reward_t2_16_1_, rewardtagw0_.reward_tag_reward_tag_id as reward_t3_16_1_, rewardtagw0_.user_id as user_id4_16_1_ from reward_tag_wrapper rewardtagw0_ where rewardtagw0_.user_id=?
Hibernate: select attendance0_.attendance_user_attendance_user_id as col_0_0_ from attendance_user attendance0_ where attendance0_.user_id=? limit ?
Hibernate: DELETE FROM USER WHERE USER_ID = ?
Hibernate: select user0_.user_id as col_0_0_ from user user0_ where user0_.user_user_id=? limit ?
Hibernate: select user0_.user_id as col_0_0_ from user user0_ where user0_.user_user_id=? limit ?
Hibernate: select user0_.user_id as user_id1_21_, user0_.character_id as characte7_21_, user0_.user_created_at as user_cre2_21_, user0_.user_name as user_nam3_21_, user0_.user_phone_number as user_pho4_21_, user0_.user_user_id as user_use5_21_, user0_.user_user_password as user_use6_21_ from user user0_ inner join characters character1_ on user0_.character_id=character1_.character_id where user0_.user_user_id=?
Hibernate: select character0_.character_id as characte1_6_0_, character0_.character_character_name as characte2_6_0_ from characters character0_ where character0_.character_id=?
Hibernate: select rewardtagw0_.user_id as user_id4_16_0_, rewardtagw0_.reward_tag_wrapper_reward_id as reward_t1_16_0_, rewardtagw0_.reward_tag_wrapper_reward_id as reward_t1_16_1_, rewardtagw0_.reward_tag_wrapper_reward_presented_at as reward_t2_16_1_, rewardtagw0_.reward_tag_reward_tag_id as reward_t3_16_1_, rewardtagw0_.user_id as user_id4_16_1_ from reward_tag_wrapper rewardtagw0_ where rewardtagw0_.user_id=?
Hibernate: select user0_.user_id as user_id1_21_0_, user0_.character_id as characte7_21_0_, user0_.user_created_at as user_cre2_21_0_, user0_.user_name as user_nam3_21_0_, user0_.user_phone_number as user_pho4_21_0_, user0_.user_user_id as user_use5_21_0_, user0_.user_user_password as user_use6_21_0_ from user user0_ where user0_.user_id=?
Hibernate: select character0_.character_id as characte1_6_0_, character0_.character_character_name as characte2_6_0_ from characters character0_ where character0_.character_id=?
Hibernate: select count(*) as col_0_0_ from user user0_ where user0_.user_id=?
Hibernate: select character1_.character_id as characte1_6_, character1_.character_character_name as characte2_6_ from user user0_ inner join characters character1_ on user0_.character_id=character1_.character_id where user0_.user_id=?
Hibernate: select permission0_.character_id as characte6_12_0_, permission0_.permission_id as permissi1_12_0_, permission0_.permission_id as permissi1_12_1_, permission0_.character_id as characte6_12_1_, permission0_.permission_name as permissi2_12_1_, permission0_.permission_permission_unit_id as permissi3_12_1_, permission0_.permission_service as permissi4_12_1_, permission0_.permission_status as permissi5_12_1_ from permission permission0_ where permission0_.character_id=?
Hibernate: select count(*) as col_0_0_ from user user0_ where user0_.user_id=?
Hibernate: select user0_.user_id as user_id1_21_, user0_.character_id as characte7_21_, user0_.user_created_at as user_cre2_21_, user0_.user_name as user_nam3_21_, user0_.user_phone_number as user_pho4_21_, user0_.user_user_id as user_use5_21_, user0_.user_user_password as user_use6_21_ from user user0_ where user0_.user_id=?
Hibernate: select character0_.character_id as characte1_6_0_, character0_.character_character_name as characte2_6_0_ from characters character0_ where character0_.character_id=?
Hibernate: select rewardtagw0_.user_id as user_id4_16_0_, rewardtagw0_.reward_tag_wrapper_reward_id as reward_t1_16_0_, rewardtagw0_.reward_tag_wrapper_reward_id as reward_t1_16_1_, rewardtagw0_.reward_tag_wrapper_reward_presented_at as reward_t2_16_1_, rewardtagw0_.reward_tag_reward_tag_id as reward_t3_16_1_, rewardtagw0_.user_id as user_id4_16_1_ from reward_tag_wrapper rewardtagw0_ where rewardtagw0_.user_id=?
Hibernate: select attendance0_.attendance_user_attendance_user_id as col_0_0_ from attendance_user attendance0_ where attendance0_.user_id=? limit ?
Hibernate: DELETE FROM USER WHERE USER_ID = ?
Hibernate: select user0_.user_id as col_0_0_ from user user0_ where user0_.user_user_id=? limit ?
Hibernate: select user0_.user_id as col_0_0_ from user user0_ where user0_.user_user_id=? limit ?
Hibernate: select user0_.user_id as user_id1_21_, user0_.character_id as characte7_21_, user0_.user_created_at as user_cre2_21_, user0_.user_name as user_nam3_21_, user0_.user_phone_number as user_pho4_21_, user0_.user_user_id as user_use5_21_, user0_.user_user_password as user_use6_21_ from user user0_ inner join characters character1_ on user0_.character_id=character1_.character_id where user0_.user_user_id=?
Hibernate: select character0_.character_id as characte1_6_0_, character0_.character_character_name as characte2_6_0_ from characters character0_ where character0_.character_id=?
Hibernate: select rewardtagw0_.user_id as user_id4_16_0_, rewardtagw0_.reward_tag_wrapper_reward_id as reward_t1_16_0_, rewardtagw0_.reward_tag_wrapper_reward_id as reward_t1_16_1_, rewardtagw0_.reward_tag_wrapper_reward_presented_at as reward_t2_16_1_, rewardtagw0_.reward_tag_reward_tag_id as reward_t3_16_1_, rewardtagw0_.user_id as user_id4_16_1_ from reward_tag_wrapper rewardtagw0_ where rewardtagw0_.user_id=?
Hibernate: select user0_.user_id as user_id1_21_0_, user0_.character_id as characte7_21_0_, user0_.user_created_at as user_cre2_21_0_, user0_.user_name as user_nam3_21_0_, user0_.user_phone_number as user_pho4_21_0_, user0_.user_user_id as user_use5_21_0_, user0_.user_user_password as user_use6_21_0_ from user user0_ where user0_.user_id=?
Hibernate: select character0_.character_id as characte1_6_0_, character0_.character_character_name as characte2_6_0_ from characters character0_ where character0_.character_id=?
Hibernate: select count(*) as col_0_0_ from user user0_ where user0_.user_id=?
Hibernate: select character1_.character_id as characte1_6_, character1_.character_character_name as characte2_6_ from user user0_ inner join characters character1_ on user0_.character_id=character1_.character_id where user0_.user_id=?
Hibernate: select permission0_.character_id as characte6_12_0_, permission0_.permission_id as permissi1_12_0_, permission0_.permission_id as permissi1_12_1_, permission0_.character_id as characte6_12_1_, permission0_.permission_name as permissi2_12_1_, permission0_.permission_permission_unit_id as permissi3_12_1_, permission0_.permission_service as permissi4_12_1_, permission0_.permission_status as permissi5_12_1_ from permission permission0_ where permission0_.character_id=?
Hibernate: select count(*) as col_0_0_ from user user0_ where user0_.user_id=?
Hibernate: select user0_.user_id as user_id1_21_, user0_.character_id as characte7_21_, user0_.user_created_at as user_cre2_21_, user0_.user_name as user_nam3_21_, user0_.user_phone_number as user_pho4_21_, user0_.user_user_id as user_use5_21_, user0_.user_user_password as user_use6_21_ from user user0_ where user0_.user_id=?
Hibernate: select character0_.character_id as characte1_6_0_, character0_.character_character_name as characte2_6_0_ from characters character0_ where character0_.character_id=?
Hibernate: select rewardtagw0_.user_id as user_id4_16_0_, rewardtagw0_.reward_tag_wrapper_reward_id as reward_t1_16_0_, rewardtagw0_.reward_tag_wrapper_reward_id as reward_t1_16_1_, rewardtagw0_.reward_tag_wrapper_reward_presented_at as reward_t2_16_1_, rewardtagw0_.reward_tag_reward_tag_id as reward_t3_16_1_, rewardtagw0_.user_id as user_id4_16_1_ from reward_tag_wrapper rewardtagw0_ where rewardtagw0_.user_id=?
Hibernate: select attendance0_.attendance_user_attendance_user_id as col_0_0_ from attendance_user attendance0_ where attendance0_.user_id=? limit ?
Hibernate: DELETE FROM USER WHERE USER_ID = ?
Hibernate: select user0_.user_id as col_0_0_ from user user0_ where user0_.user_user_id=? limit ?
Hibernate: select user0_.user_id as col_0_0_ from user user0_ where user0_.user_user_id=? limit ?
Hibernate: select user0_.user_id as user_id1_21_, user0_.character_id as characte7_21_, user0_.user_created_at as user_cre2_21_, user0_.user_name as user_nam3_21_, user0_.user_phone_number as user_pho4_21_, user0_.user_user_id as user_use5_21_, user0_.user_user_password as user_use6_21_ from user user0_ inner join characters character1_ on user0_.character_id=character1_.character_id where user0_.user_user_id=?
Hibernate: select character0_.character_id as characte1_6_0_, character0_.character_character_name as characte2_6_0_ from characters character0_ where character0_.character_id=?
Hibernate: select rewardtagw0_.user_id as user_id4_16_0_, rewardtagw0_.reward_tag_wrapper_reward_id as reward_t1_16_0_, rewardtagw0_.reward_tag_wrapper_reward_id as reward_t1_16_1_, rewardtagw0_.reward_tag_wrapper_reward_presented_at as reward_t2_16_1_, rewardtagw0_.reward_tag_reward_tag_id as reward_t3_16_1_, rewardtagw0_.user_id as user_id4_16_1_ from reward_tag_wrapper rewardtagw0_ where rewardtagw0_.user_id=?
Hibernate: select user0_.user_id as user_id1_21_0_, user0_.character_id as characte7_21_0_, user0_.user_created_at as user_cre2_21_0_, user0_.user_name as user_nam3_21_0_, user0_.user_phone_number as user_pho4_21_0_, user0_.user_user_id as user_use5_21_0_, user0_.user_user_password as user_use6_21_0_ from user user0_ where user0_.user_id=?
Hibernate: select character0_.character_id as characte1_6_0_, character0_.character_character_name as characte2_6_0_ from characters character0_ where character0_.character_id=?
Hibernate: select count(*) as col_0_0_ from user user0_ where user0_.user_id=?
Hibernate: select character1_.character_id as characte1_6_, character1_.character_character_name as characte2_6_ from user user0_ inner join characters character1_ on user0_.character_id=character1_.character_id where user0_.user_id=?
Hibernate: select permission0_.character_id as characte6_12_0_, permission0_.permission_id as permissi1_12_0_, permission0_.permission_id as permissi1_12_1_, permission0_.character_id as characte6_12_1_, permission0_.permission_name as permissi2_12_1_, permission0_.permission_permission_unit_id as permissi3_12_1_, permission0_.permission_service as permissi4_12_1_, permission0_.permission_status as permissi5_12_1_ from permission permission0_ where permission0_.character_id=?
Hibernate: select count(*) as col_0_0_ from user user0_ where user0_.user_id=?
Hibernate: select user0_.user_id as user_id1_21_, user0_.character_id as characte7_21_, user0_.user_created_at as user_cre2_21_, user0_.user_name as user_nam3_21_, user0_.user_phone_number as user_pho4_21_, user0_.user_user_id as user_use5_21_, user0_.user_user_password as user_use6_21_ from user user0_ where user0_.user_id=?
Hibernate: select character0_.character_id as characte1_6_0_, character0_.character_character_name as characte2_6_0_ from characters character0_ where character0_.character_id=?
Hibernate: select rewardtagw0_.user_id as user_id4_16_0_, rewardtagw0_.reward_tag_wrapper_reward_id as reward_t1_16_0_, rewardtagw0_.reward_tag_wrapper_reward_id as reward_t1_16_1_, rewardtagw0_.reward_tag_wrapper_reward_presented_at as reward_t2_16_1_, rewardtagw0_.reward_tag_reward_tag_id as reward_t3_16_1_, rewardtagw0_.user_id as user_id4_16_1_ from reward_tag_wrapper rewardtagw0_ where rewardtagw0_.user_id=?
Hibernate: select attendance0_.attendance_user_attendance_user_id as col_0_0_ from attendance_user attendance0_ where attendance0_.user_id=? limit ?
Hibernate: DELETE FROM USER WHERE USER_ID = ?
Hibernate: select user0_.user_id as col_0_0_ from user user0_ where user0_.user_user_id=? limit ?
Hibernate: select user0_.user_id as col_0_0_ from user user0_ where user0_.user_user_id=? limit ?
Hibernate: select user0_.user_id as user_id1_21_, user0_.character_id as characte7_21_, user0_.user_created_at as user_cre2_21_, user0_.user_name as user_nam3_21_, user0_.user_phone_number as user_pho4_21_, user0_.user_user_id as user_use5_21_, user0_.user_user_password as user_use6_21_ from user user0_ inner join characters character1_ on user0_.character_id=character1_.character_id where user0_.user_user_id=?
Hibernate: select character0_.character_id as characte1_6_0_, character0_.character_character_name as characte2_6_0_ from characters character0_ where character0_.character_id=?
Hibernate: select rewardtagw0_.user_id as user_id4_16_0_, rewardtagw0_.reward_tag_wrapper_reward_id as reward_t1_16_0_, rewardtagw0_.reward_tag_wrapper_reward_id as reward_t1_16_1_, rewardtagw0_.reward_tag_wrapper_reward_presented_at as reward_t2_16_1_, rewardtagw0_.reward_tag_reward_tag_id as reward_t3_16_1_, rewardtagw0_.user_id as user_id4_16_1_ from reward_tag_wrapper rewardtagw0_ where rewardtagw0_.user_id=?
Hibernate: select user0_.user_id as user_id1_21_0_, user0_.character_id as characte7_21_0_, user0_.user_created_at as user_cre2_21_0_, user0_.user_name as user_nam3_21_0_, user0_.user_phone_number as user_pho4_21_0_, user0_.user_user_id as user_use5_21_0_, user0_.user_user_password as user_use6_21_0_ from user user0_ where user0_.user_id=?
Hibernate: select character0_.character_id as characte1_6_0_, character0_.character_character_name as characte2_6_0_ from characters character0_ where character0_.character_id=?
Hibernate: select count(*) as col_0_0_ from user user0_ where user0_.user_id=?
Hibernate: select character1_.character_id as characte1_6_, character1_.character_character_name as characte2_6_ from user user0_ inner join characters character1_ on user0_.character_id=character1_.character_id where user0_.user_id=?
Hibernate: select permission0_.character_id as characte6_12_0_, permission0_.permission_id as permissi1_12_0_, permission0_.permission_id as permissi1_12_1_, permission0_.character_id as characte6_12_1_, permission0_.permission_name as permissi2_12_1_, permission0_.permission_permission_unit_id as permissi3_12_1_, permission0_.permission_service as permissi4_12_1_, permission0_.permission_status as permissi5_12_1_ from permission permission0_ where permission0_.character_id=?
Hibernate: select count(*) as col_0_0_ from user user0_ where user0_.user_id=?
Hibernate: select user0_.user_id as user_id1_21_, user0_.character_id as characte7_21_, user0_.user_created_at as user_cre2_21_, user0_.user_name as user_nam3_21_, user0_.user_phone_number as user_pho4_21_, user0_.user_user_id as user_use5_21_, user0_.user_user_password as user_use6_21_ from user user0_ where user0_.user_id=?
Hibernate: select character0_.character_id as characte1_6_0_, character0_.character_character_name as characte2_6_0_ from characters character0_ where character0_.character_id=?
Hibernate: select rewardtagw0_.user_id as user_id4_16_0_, rewardtagw0_.reward_tag_wrapper_reward_id as reward_t1_16_0_, rewardtagw0_.reward_tag_wrapper_reward_id as reward_t1_16_1_, rewardtagw0_.reward_tag_wrapper_reward_presented_at as reward_t2_16_1_, rewardtagw0_.reward_tag_reward_tag_id as reward_t3_16_1_, rewardtagw0_.user_id as user_id4_16_1_ from reward_tag_wrapper rewardtagw0_ where rewardtagw0_.user_id=?
Hibernate: select attendance0_.attendance_user_attendance_user_id as col_0_0_ from attendance_user attendance0_ where attendance0_.user_id=? limit ?
Hibernate: DELETE FROM USER WHERE USER_ID = ?
Hibernate: select user0_.user_id as col_0_0_ from user user0_ where user0_.user_user_id=? limit ?
Hibernate: select user0_.user_id as col_0_0_ from user user0_ where user0_.user_user_id=? limit ?
Hibernate: select user0_.user_id as user_id1_21_, user0_.character_id as characte7_21_, user0_.user_created_at as user_cre2_21_, user0_.user_name as user_nam3_21_, user0_.user_phone_number as user_pho4_21_, user0_.user_user_id as user_use5_21_, user0_.user_user_password as user_use6_21_ from user user0_ inner join characters character1_ on user0_.character_id=character1_.character_id where user0_.user_user_id=?
Hibernate: select character0_.character_id as characte1_6_0_, character0_.character_character_name as characte2_6_0_ from characters character0_ where character0_.character_id=?
Hibernate: select rewardtagw0_.user_id as user_id4_16_0_, rewardtagw0_.reward_tag_wrapper_reward_id as reward_t1_16_0_, rewardtagw0_.reward_tag_wrapper_reward_id as reward_t1_16_1_, rewardtagw0_.reward_tag_wrapper_reward_presented_at as reward_t2_16_1_, rewardtagw0_.reward_tag_reward_tag_id as reward_t3_16_1_, rewardtagw0_.user_id as user_id4_16_1_ from reward_tag_wrapper rewardtagw0_ where rewardtagw0_.user_id=?
Hibernate: select user0_.user_id as user_id1_21_0_, user0_.character_id as characte7_21_0_, user0_.user_created_at as user_cre2_21_0_, user0_.user_name as user_nam3_21_0_, user0_.user_phone_number as user_pho4_21_0_, user0_.user_user_id as user_use5_21_0_, user0_.user_user_password as user_use6_21_0_ from user user0_ where user0_.user_id=?
Hibernate: select character0_.character_id as characte1_6_0_, character0_.character_character_name as characte2_6_0_ from characters character0_ where character0_.character_id=?
Hibernate: select count(*) as col_0_0_ from user user0_ where user0_.user_id=?
Hibernate: select character1_.character_id as characte1_6_, character1_.character_character_name as characte2_6_ from user user0_ inner join characters character1_ on user0_.character_id=character1_.character_id where user0_.user_id=?
Hibernate: select permission0_.character_id as characte6_12_0_, permission0_.permission_id as permissi1_12_0_, permission0_.permission_id as permissi1_12_1_, permission0_.character_id as characte6_12_1_, permission0_.permission_name as permissi2_12_1_, permission0_.permission_permission_unit_id as permissi3_12_1_, permission0_.permission_service as permissi4_12_1_, permission0_.permission_status as permissi5_12_1_ from permission permission0_ where permission0_.character_id=?
Hibernate: select count(*) as col_0_0_ from user user0_ where user0_.user_id=?
Hibernate: select user0_.user_id as user_id1_21_, user0_.character_id as characte7_21_, user0_.user_created_at as user_cre2_21_, user0_.user_name as user_nam3_21_, user0_.user_phone_number as user_pho4_21_, user0_.user_user_id as user_use5_21_, user0_.user_user_password as user_use6_21_ from user user0_ where user0_.user_id=?
Hibernate: select character0_.character_id as characte1_6_0_, character0_.character_character_name as characte2_6_0_ from characters character0_ where character0_.character_id=?
Hibernate: select rewardtagw0_.user_id as user_id4_16_0_, rewardtagw0_.reward_tag_wrapper_reward_id as reward_t1_16_0_, rewardtagw0_.reward_tag_wrapper_reward_id as reward_t1_16_1_, rewardtagw0_.reward_tag_wrapper_reward_presented_at as reward_t2_16_1_, rewardtagw0_.reward_tag_reward_tag_id as reward_t3_16_1_, rewardtagw0_.user_id as user_id4_16_1_ from reward_tag_wrapper rewardtagw0_ where rewardtagw0_.user_id=?
Hibernate: select attendance0_.attendance_user_attendance_user_id as col_0_0_ from attendance_user attendance0_ where attendance0_.user_id=? limit ?
Hibernate: DELETE FROM USER WHERE USER_ID = ?
Hibernate: select user0_.user_id as col_0_0_ from user user0_ where user0_.user_user_id=? limit ?
Hibernate: select user0_.user_id as col_0_0_ from user user0_ where user0_.user_user_id=? limit ?
Hibernate: select user0_.user_id as col_0_0_ from user user0_ where user0_.user_user_id=? limit ?
Hibernate: select U.* from USER U where U.USER_USER_ID =?
Hibernate: select character0_.character_id as characte1_6_0_, character0_.character_character_name as characte2_6_0_ from characters character0_ where character0_.character_id=?
Hibernate: select user0_.user_id as user_id1_21_0_, user0_.character_id as characte7_21_0_, user0_.user_created_at as user_cre2_21_0_, user0_.user_name as user_nam3_21_0_, user0_.user_phone_number as user_pho4_21_0_, user0_.user_user_id as user_use5_21_0_, user0_.user_user_password as user_use6_21_0_ from user user0_ where user0_.user_id=?
Hibernate: select character0_.character_id as characte1_6_0_, character0_.character_character_name as characte2_6_0_ from characters character0_ where character0_.character_id=?
Hibernate: select count(*) as col_0_0_ from team_building teambuildi0_
Hibernate: select count(*) as col_0_0_ from team_building teambuildi0_
Hibernate: select user0_.user_id as col_0_0_ from user user0_ where user0_.user_user_id=? limit ?
Hibernate: select user0_.user_id as col_0_0_ from user user0_ where user0_.user_user_id=? limit ?
Hibernate: select U.* from USER U where U.USER_USER_ID =?
Hibernate: select character0_.character_id as characte1_6_0_, character0_.character_character_name as characte2_6_0_ from characters character0_ where character0_.character_id=?
Hibernate: select user0_.user_id as col_0_0_ from user user0_ where user0_.user_user_id=? limit ?
Hibernate: select user0_.user_id as col_0_0_ from user user0_ where user0_.user_user_id=? limit ?
Hibernate: select U.* from USER U where U.USER_USER_ID =?
Hibernate: select character0_.character_id as characte1_6_0_, character0_.character_character_name as characte2_6_0_ from characters character0_ where character0_.character_id=?
Hibernate: select user0_.user_id as col_0_0_ from user user0_ where user0_.user_user_id=? limit ?
Hibernate: select user0_.user_id as col_0_0_ from user user0_ where user0_.user_user_id=? limit ?
Hibernate: select U.* from USER U where U.USER_USER_ID =?
Hibernate: select character0_.character_id as characte1_6_0_, character0_.character_character_name as characte2_6_0_ from characters character0_ where character0_.character_id=?
Hibernate: select user0_.user_id as col_0_0_ from user user0_ where user0_.user_user_id=? limit ?
Hibernate: select userjoinin0_.user_joining_pool_id as col_0_0_ from user_joining_pool userjoinin0_ where userjoinin0_.user_user_id=? limit ?
Hibernate: select character0_.character_id as col_0_0_ from characters character0_ where character0_.character_character_name=? limit ?
Hibernate: insert into user_joining_pool (user_joining_pool_id, user_created_at, user_name, user_phone_number, user_user_id, user_user_password) values (default, ?, ?, ?, ?, ?)

MockHttpServletRequest:
      HTTP Method = POST
      Request URI = /user
       Parameters = {}
          Headers = [Content-Type:"application/json;charset=UTF-8", Accept:"application/json", api-version:"1.0", Content-Length:"93"]
             Body = {"name":"lin","user_id":"linirini","user_password":"2fhfhfhfh!","phone_number":"01012341234"}
    Session Attrs = {}

Handler:
             Type = org.waldreg.controller.joiningpool.JoiningPoolController
           Method = org.waldreg.controller.joiningpool.JoiningPoolController#createUser(UserRequest)

Async:
    Async started = false
     Async result = null

Resolved Exception:
             Type = null

ModelAndView:
        View name = null
             View = null
            Model = null

FlashMap:
       Attributes = null

MockHttpServletResponse:
           Status = 200
    Error message = null
          Headers = [Vary:"Origin", "Access-Control-Request-Method", "Access-Control-Request-Headers", Api-version:"1.0"]
     Content type = null
             Body = 
    Forwarded URL = null
   Redirected URL = null
          Cookies = []
Hibernate: select user0_.user_id as user_id1_21_0_, user0_.character_id as characte7_21_0_, user0_.user_created_at as user_cre2_21_0_, user0_.user_name as user_nam3_21_0_, user0_.user_phone_number as user_pho4_21_0_, user0_.user_user_id as user_use5_21_0_, user0_.user_user_password as user_use6_21_0_ from user user0_ where user0_.user_id=?
Hibernate: select character0_.character_id as characte1_6_0_, character0_.character_character_name as characte2_6_0_ from characters character0_ where character0_.character_id=?
Hibernate: select count(*) as col_0_0_ from user user0_ where user0_.user_id=?
Hibernate: select character1_.character_id as characte1_6_, character1_.character_character_name as characte2_6_ from user user0_ inner join characters character1_ on user0_.character_id=character1_.character_id where user0_.user_id=?
Hibernate: select permission0_.character_id as characte6_12_0_, permission0_.permission_id as permissi1_12_0_, permission0_.permission_id as permissi1_12_1_, permission0_.character_id as characte6_12_1_, permission0_.permission_name as permissi2_12_1_, permission0_.permission_permission_unit_id as permissi3_12_1_, permission0_.permission_service as permissi4_12_1_, permission0_.permission_status as permissi5_12_1_ from permission permission0_ where permission0_.character_id=?
Hibernate: select userjoinin0_.user_joining_pool_id as col_0_0_ from user_joining_pool userjoinin0_ where userjoinin0_.user_user_id=? limit ?
Hibernate: select userjoinin0_.user_joining_pool_id as user_joi1_22_, userjoinin0_.user_created_at as user_cre2_22_, userjoinin0_.user_name as user_nam3_22_, userjoinin0_.user_phone_number as user_pho4_22_, userjoinin0_.user_user_id as user_use5_22_, userjoinin0_.user_user_password as user_use6_22_ from user_joining_pool userjoinin0_ where userjoinin0_.user_user_id=?
Hibernate: select character0_.character_id as characte1_6_, character0_.character_character_name as characte2_6_ from characters character0_ where character0_.character_character_name=?
Hibernate: insert into user (user_id, character_id, user_created_at, user_name, user_phone_number, user_user_id, user_user_password) values (default, ?, ?, ?, ?, ?, ?)
Hibernate: DELETE FROM USER_JOINING_POOL as JU where JU.USER_USER_ID =?
Hibernate: select user0_.user_id as col_0_0_ from user user0_ where user0_.user_user_id=? limit ?
Hibernate: select user0_.user_id as col_0_0_ from user user0_ where user0_.user_user_id=? limit ?
Hibernate: select U.* from USER U where U.USER_USER_ID =?
Hibernate: select character0_.character_id as characte1_6_0_, character0_.character_character_name as characte2_6_0_ from characters character0_ where character0_.character_id=?
Hibernate: select user0_.user_id as col_0_0_ from user user0_ where user0_.user_user_id=? limit ?
Hibernate: select user0_.user_id as col_0_0_ from user user0_ where user0_.user_user_id=? limit ?
Hibernate: select U.* from USER U where U.USER_USER_ID =?
Hibernate: select character0_.character_id as characte1_6_0_, character0_.character_character_name as characte2_6_0_ from characters character0_ where character0_.character_id=?
Hibernate: select user0_.user_id as col_0_0_ from user user0_ where user0_.user_user_id=? limit ?
Hibernate: select userjoinin0_.user_joining_pool_id as col_0_0_ from user_joining_pool userjoinin0_ where userjoinin0_.user_user_id=? limit ?
Hibernate: select character0_.character_id as col_0_0_ from characters character0_ where character0_.character_character_name=? limit ?
Hibernate: insert into user_joining_pool (user_joining_pool_id, user_created_at, user_name, user_phone_number, user_user_id, user_user_password) values (default, ?, ?, ?, ?, ?)
Hibernate: select user0_.user_id as user_id1_21_0_, user0_.character_id as characte7_21_0_, user0_.user_created_at as user_cre2_21_0_, user0_.user_name as user_nam3_21_0_, user0_.user_phone_number as user_pho4_21_0_, user0_.user_user_id as user_use5_21_0_, user0_.user_user_password as user_use6_21_0_ from user user0_ where user0_.user_id=?
Hibernate: select character0_.character_id as characte1_6_0_, character0_.character_character_name as characte2_6_0_ from characters character0_ where character0_.character_id=?
Hibernate: select count(*) as col_0_0_ from user user0_ where user0_.user_id=?
Hibernate: select character1_.character_id as characte1_6_, character1_.character_character_name as characte2_6_ from user user0_ inner join characters character1_ on user0_.character_id=character1_.character_id where user0_.user_id=?
Hibernate: select permission0_.character_id as characte6_12_0_, permission0_.permission_id as permissi1_12_0_, permission0_.permission_id as permissi1_12_1_, permission0_.character_id as characte6_12_1_, permission0_.permission_name as permissi2_12_1_, permission0_.permission_permission_unit_id as permissi3_12_1_, permission0_.permission_service as permissi4_12_1_, permission0_.permission_status as permissi5_12_1_ from permission permission0_ where permission0_.character_id=?
Hibernate: select userjoinin0_.user_joining_pool_id as col_0_0_ from user_joining_pool userjoinin0_ where userjoinin0_.user_user_id=? limit ?
Hibernate: select userjoinin0_.user_joining_pool_id as user_joi1_22_, userjoinin0_.user_created_at as user_cre2_22_, userjoinin0_.user_name as user_nam3_22_, userjoinin0_.user_phone_number as user_pho4_22_, userjoinin0_.user_user_id as user_use5_22_, userjoinin0_.user_user_password as user_use6_22_ from user_joining_pool userjoinin0_ where userjoinin0_.user_user_id=?
Hibernate: select character0_.character_id as characte1_6_, character0_.character_character_name as characte2_6_ from characters character0_ where character0_.character_character_name=?
Hibernate: insert into user (user_id, character_id, user_created_at, user_name, user_phone_number, user_user_id, user_user_password) values (default, ?, ?, ?, ?, ?, ?)
Hibernate: DELETE FROM USER_JOINING_POOL as JU where JU.USER_USER_ID =?
Hibernate: select user0_.user_id as col_0_0_ from user user0_ where user0_.user_user_id=? limit ?
Hibernate: select user0_.user_id as col_0_0_ from user user0_ where user0_.user_user_id=? limit ?
Hibernate: select U.* from USER U where U.USER_USER_ID =?
Hibernate: select character0_.character_id as characte1_6_0_, character0_.character_character_name as characte2_6_0_ from characters character0_ where character0_.character_id=?
Hibernate: select user0_.user_id as col_0_0_ from user user0_ where user0_.user_user_id=? limit ?
Hibernate: select userjoinin0_.user_joining_pool_id as col_0_0_ from user_joining_pool userjoinin0_ where userjoinin0_.user_user_id=? limit ?
Hibernate: select character0_.character_id as col_0_0_ from characters character0_ where character0_.character_character_name=? limit ?
Hibernate: insert into user_joining_pool (user_joining_pool_id, user_created_at, user_name, user_phone_number, user_user_id, user_user_password) values (default, ?, ?, ?, ?, ?)
Hibernate: select user0_.user_id as user_id1_21_0_, user0_.character_id as characte7_21_0_, user0_.user_created_at as user_cre2_21_0_, user0_.user_name as user_nam3_21_0_, user0_.user_phone_number as user_pho4_21_0_, user0_.user_user_id as user_use5_21_0_, user0_.user_user_password as user_use6_21_0_ from user user0_ where user0_.user_id=?
Hibernate: select character0_.character_id as characte1_6_0_, character0_.character_character_name as characte2_6_0_ from characters character0_ where character0_.character_id=?
Hibernate: select count(*) as col_0_0_ from user user0_ where user0_.user_id=?
Hibernate: select character1_.character_id as characte1_6_, character1_.character_character_name as characte2_6_ from user user0_ inner join characters character1_ on user0_.character_id=character1_.character_id where user0_.user_id=?
Hibernate: select permission0_.character_id as characte6_12_0_, permission0_.permission_id as permissi1_12_0_, permission0_.permission_id as permissi1_12_1_, permission0_.character_id as characte6_12_1_, permission0_.permission_name as permissi2_12_1_, permission0_.permission_permission_unit_id as permissi3_12_1_, permission0_.permission_service as permissi4_12_1_, permission0_.permission_status as permissi5_12_1_ from permission permission0_ where permission0_.character_id=?
Hibernate: select userjoinin0_.user_joining_pool_id as col_0_0_ from user_joining_pool userjoinin0_ where userjoinin0_.user_user_id=? limit ?
Hibernate: select userjoinin0_.user_joining_pool_id as user_joi1_22_, userjoinin0_.user_created_at as user_cre2_22_, userjoinin0_.user_name as user_nam3_22_, userjoinin0_.user_phone_number as user_pho4_22_, userjoinin0_.user_user_id as user_use5_22_, userjoinin0_.user_user_password as user_use6_22_ from user_joining_pool userjoinin0_ where userjoinin0_.user_user_id=?
Hibernate: select character0_.character_id as characte1_6_, character0_.character_character_name as characte2_6_ from characters character0_ where character0_.character_character_name=?
Hibernate: insert into user (user_id, character_id, user_created_at, user_name, user_phone_number, user_user_id, user_user_password) values (default, ?, ?, ?, ?, ?, ?)
Hibernate: DELETE FROM USER_JOINING_POOL as JU where JU.USER_USER_ID =?
Hibernate: select user0_.user_id as col_0_0_ from user user0_ where user0_.user_user_id=? limit ?
Hibernate: select user0_.user_id as col_0_0_ from user user0_ where user0_.user_user_id=? limit ?
Hibernate: select U.* from USER U where U.USER_USER_ID =?
Hibernate: select character0_.character_id as characte1_6_0_, character0_.character_character_name as characte2_6_0_ from characters character0_ where character0_.character_id=?
Hibernate: select user0_.user_id as col_0_0_ from user user0_ where user0_.user_user_id=? limit ?
Hibernate: select userjoinin0_.user_joining_pool_id as col_0_0_ from user_joining_pool userjoinin0_ where userjoinin0_.user_user_id=? limit ?
Hibernate: select character0_.character_id as col_0_0_ from characters character0_ where character0_.character_character_name=? limit ?
Hibernate: insert into user_joining_pool (user_joining_pool_id, user_created_at, user_name, user_phone_number, user_user_id, user_user_password) values (default, ?, ?, ?, ?, ?)
Hibernate: select user0_.user_id as user_id1_21_0_, user0_.character_id as characte7_21_0_, user0_.user_created_at as user_cre2_21_0_, user0_.user_name as user_nam3_21_0_, user0_.user_phone_number as user_pho4_21_0_, user0_.user_user_id as user_use5_21_0_, user0_.user_user_password as user_use6_21_0_ from user user0_ where user0_.user_id=?
Hibernate: select character0_.character_id as characte1_6_0_, character0_.character_character_name as characte2_6_0_ from characters character0_ where character0_.character_id=?
Hibernate: select count(*) as col_0_0_ from user user0_ where user0_.user_id=?
Hibernate: select character1_.character_id as characte1_6_, character1_.character_character_name as characte2_6_ from user user0_ inner join characters character1_ on user0_.character_id=character1_.character_id where user0_.user_id=?
Hibernate: select permission0_.character_id as characte6_12_0_, permission0_.permission_id as permissi1_12_0_, permission0_.permission_id as permissi1_12_1_, permission0_.character_id as characte6_12_1_, permission0_.permission_name as permissi2_12_1_, permission0_.permission_permission_unit_id as permissi3_12_1_, permission0_.permission_service as permissi4_12_1_, permission0_.permission_status as permissi5_12_1_ from permission permission0_ where permission0_.character_id=?
Hibernate: select userjoinin0_.user_joining_pool_id as col_0_0_ from user_joining_pool userjoinin0_ where userjoinin0_.user_user_id=? limit ?
Hibernate: select userjoinin0_.user_joining_pool_id as user_joi1_22_, userjoinin0_.user_created_at as user_cre2_22_, userjoinin0_.user_name as user_nam3_22_, userjoinin0_.user_phone_number as user_pho4_22_, userjoinin0_.user_user_id as user_use5_22_, userjoinin0_.user_user_password as user_use6_22_ from user_joining_pool userjoinin0_ where userjoinin0_.user_user_id=?
Hibernate: select character0_.character_id as characte1_6_, character0_.character_character_name as characte2_6_ from characters character0_ where character0_.character_character_name=?
Hibernate: insert into user (user_id, character_id, user_created_at, user_name, user_phone_number, user_user_id, user_user_password) values (default, ?, ?, ?, ?, ?, ?)
Hibernate: DELETE FROM USER_JOINING_POOL as JU where JU.USER_USER_ID =?
Hibernate: select user0_.user_id as col_0_0_ from user user0_ where user0_.user_user_id=? limit ?
Hibernate: select user0_.user_id as col_0_0_ from user user0_ where user0_.user_user_id=? limit ?
Hibernate: select U.* from USER U where U.USER_USER_ID =?
Hibernate: select character0_.character_id as characte1_6_0_, character0_.character_character_name as characte2_6_0_ from characters character0_ where character0_.character_id=?
Hibernate: select user0_.user_id as col_0_0_ from user user0_ where user0_.user_user_id=? limit ?
Hibernate: select userjoinin0_.user_joining_pool_id as col_0_0_ from user_joining_pool userjoinin0_ where userjoinin0_.user_user_id=? limit ?
Hibernate: select character0_.character_id as col_0_0_ from characters character0_ where character0_.character_character_name=? limit ?
Hibernate: insert into user_joining_pool (user_joining_pool_id, user_created_at, user_name, user_phone_number, user_user_id, user_user_password) values (default, ?, ?, ?, ?, ?)
Hibernate: select user0_.user_id as user_id1_21_0_, user0_.character_id as characte7_21_0_, user0_.user_created_at as user_cre2_21_0_, user0_.user_name as user_nam3_21_0_, user0_.user_phone_number as user_pho4_21_0_, user0_.user_user_id as user_use5_21_0_, user0_.user_user_password as user_use6_21_0_ from user user0_ where user0_.user_id=?
Hibernate: select character0_.character_id as characte1_6_0_, character0_.character_character_name as characte2_6_0_ from characters character0_ where character0_.character_id=?
Hibernate: select count(*) as col_0_0_ from user user0_ where user0_.user_id=?
Hibernate: select character1_.character_id as characte1_6_, character1_.character_character_name as characte2_6_ from user user0_ inner join characters character1_ on user0_.character_id=character1_.character_id where user0_.user_id=?
Hibernate: select permission0_.character_id as characte6_12_0_, permission0_.permission_id as permissi1_12_0_, permission0_.permission_id as permissi1_12_1_, permission0_.character_id as characte6_12_1_, permission0_.permission_name as permissi2_12_1_, permission0_.permission_permission_unit_id as permissi3_12_1_, permission0_.permission_service as permissi4_12_1_, permission0_.permission_status as permissi5_12_1_ from permission permission0_ where permission0_.character_id=?
Hibernate: select userjoinin0_.user_joining_pool_id as col_0_0_ from user_joining_pool userjoinin0_ where userjoinin0_.user_user_id=? limit ?
Hibernate: select userjoinin0_.user_joining_pool_id as user_joi1_22_, userjoinin0_.user_created_at as user_cre2_22_, userjoinin0_.user_name as user_nam3_22_, userjoinin0_.user_phone_number as user_pho4_22_, userjoinin0_.user_user_id as user_use5_22_, userjoinin0_.user_user_password as user_use6_22_ from user_joining_pool userjoinin0_ where userjoinin0_.user_user_id=?
Hibernate: select character0_.character_id as characte1_6_, character0_.character_character_name as characte2_6_ from characters character0_ where character0_.character_character_name=?
Hibernate: insert into user (user_id, character_id, user_created_at, user_name, user_phone_number, user_user_id, user_user_password) values (default, ?, ?, ?, ?, ?, ?)
Hibernate: DELETE FROM USER_JOINING_POOL as JU where JU.USER_USER_ID =?
Hibernate: select user0_.user_id as col_0_0_ from user user0_ where user0_.user_user_id=? limit ?
Hibernate: select user0_.user_id as col_0_0_ from user user0_ where user0_.user_user_id=? limit ?
Hibernate: select U.* from USER U where U.USER_USER_ID =?
Hibernate: select character0_.character_id as characte1_6_0_, character0_.character_character_name as characte2_6_0_ from characters character0_ where character0_.character_id=?
Hibernate: select user0_.user_id as col_0_0_ from user user0_ where user0_.user_user_id=? limit ?
Hibernate: select userjoinin0_.user_joining_pool_id as col_0_0_ from user_joining_pool userjoinin0_ where userjoinin0_.user_user_id=? limit ?
Hibernate: select character0_.character_id as col_0_0_ from characters character0_ where character0_.character_character_name=? limit ?
Hibernate: insert into user_joining_pool (user_joining_pool_id, user_created_at, user_name, user_phone_number, user_user_id, user_user_password) values (default, ?, ?, ?, ?, ?)
Hibernate: select user0_.user_id as user_id1_21_0_, user0_.character_id as characte7_21_0_, user0_.user_created_at as user_cre2_21_0_, user0_.user_name as user_nam3_21_0_, user0_.user_phone_number as user_pho4_21_0_, user0_.user_user_id as user_use5_21_0_, user0_.user_user_password as user_use6_21_0_ from user user0_ where user0_.user_id=?
Hibernate: select character0_.character_id as characte1_6_0_, character0_.character_character_name as characte2_6_0_ from characters character0_ where character0_.character_id=?
Hibernate: select count(*) as col_0_0_ from user user0_ where user0_.user_id=?
Hibernate: select character1_.character_id as characte1_6_, character1_.character_character_name as characte2_6_ from user user0_ inner join characters character1_ on user0_.character_id=character1_.character_id where user0_.user_id=?
Hibernate: select permission0_.character_id as characte6_12_0_, permission0_.permission_id as permissi1_12_0_, permission0_.permission_id as permissi1_12_1_, permission0_.character_id as characte6_12_1_, permission0_.permission_name as permissi2_12_1_, permission0_.permission_permission_unit_id as permissi3_12_1_, permission0_.permission_service as permissi4_12_1_, permission0_.permission_status as permissi5_12_1_ from permission permission0_ where permission0_.character_id=?
Hibernate: select userjoinin0_.user_joining_pool_id as col_0_0_ from user_joining_pool userjoinin0_ where userjoinin0_.user_user_id=? limit ?
Hibernate: select userjoinin0_.user_joining_pool_id as user_joi1_22_, userjoinin0_.user_created_at as user_cre2_22_, userjoinin0_.user_name as user_nam3_22_, userjoinin0_.user_phone_number as user_pho4_22_, userjoinin0_.user_user_id as user_use5_22_, userjoinin0_.user_user_password as user_use6_22_ from user_joining_pool userjoinin0_ where userjoinin0_.user_user_id=?
Hibernate: select character0_.character_id as characte1_6_, character0_.character_character_name as characte2_6_ from characters character0_ where character0_.character_character_name=?
Hibernate: insert into user (user_id, character_id, user_created_at, user_name, user_phone_number, user_user_id, user_user_password) values (default, ?, ?, ?, ?, ?, ?)
Hibernate: DELETE FROM USER_JOINING_POOL as JU where JU.USER_USER_ID =?
Hibernate: select user0_.user_id as user_id1_21_0_, user0_.character_id as characte7_21_0_, user0_.user_created_at as user_cre2_21_0_, user0_.user_name as user_nam3_21_0_, user0_.user_phone_number as user_pho4_21_0_, user0_.user_user_id as user_use5_21_0_, user0_.user_user_password as user_use6_21_0_ from user user0_ where user0_.user_id=?
Hibernate: select character0_.character_id as characte1_6_0_, character0_.character_character_name as characte2_6_0_ from characters character0_ where character0_.character_id=?
Hibernate: select count(*) as col_0_0_ from user user0_ where user0_.user_id=?
Hibernate: select character1_.character_id as characte1_6_, character1_.character_character_name as characte2_6_ from user user0_ inner join characters character1_ on user0_.character_id=character1_.character_id where user0_.user_id=?
Hibernate: select permission0_.character_id as characte6_12_0_, permission0_.permission_id as permissi1_12_0_, permission0_.permission_id as permissi1_12_1_, permission0_.character_id as characte6_12_1_, permission0_.permission_name as permissi2_12_1_, permission0_.permission_permission_unit_id as permissi3_12_1_, permission0_.permission_service as permissi4_12_1_, permission0_.permission_status as permissi5_12_1_ from permission permission0_ where permission0_.character_id=?
Hibernate: select user0_.user_id as col_0_0_ from user user0_ where user0_.user_user_id=? limit ?
Hibernate: select user0_.user_id as col_0_0_ from user user0_ where user0_.user_user_id=? limit ?
Hibernate: select user0_.user_id as col_0_0_ from user user0_ where user0_.user_user_id=? limit ?
Hibernate: select user0_.user_id as col_0_0_ from user user0_ where user0_.user_user_id=? limit ?
Hibernate: select user0_.user_id as col_0_0_ from user user0_ where user0_.user_user_id=? limit ?
Hibernate: select user0_.user_id as user_id1_21_, user0_.character_id as characte7_21_, user0_.user_created_at as user_cre2_21_, user0_.user_name as user_nam3_21_, user0_.user_phone_number as user_pho4_21_, user0_.user_user_id as user_use5_21_, user0_.user_user_password as user_use6_21_ from user user0_ inner join characters character1_ on user0_.character_id=character1_.character_id where user0_.user_user_id=?
Hibernate: select character0_.character_id as characte1_6_0_, character0_.character_character_name as characte2_6_0_ from characters character0_ where character0_.character_id=?
Hibernate: select user0_.user_id as user_id1_21_, user0_.character_id as characte7_21_, user0_.user_created_at as user_cre2_21_, user0_.user_name as user_nam3_21_, user0_.user_phone_number as user_pho4_21_, user0_.user_user_id as user_use5_21_, user0_.user_user_password as user_use6_21_ from user user0_ inner join characters character1_ on user0_.character_id=character1_.character_id where user0_.user_user_id=?
Hibernate: select user0_.user_id as user_id1_21_, user0_.character_id as characte7_21_, user0_.user_created_at as user_cre2_21_, user0_.user_name as user_nam3_21_, user0_.user_phone_number as user_pho4_21_, user0_.user_user_id as user_use5_21_, user0_.user_user_password as user_use6_21_ from user user0_ inner join characters character1_ on user0_.character_id=character1_.character_id where user0_.user_user_id=?
Hibernate: select user0_.user_id as user_id1_21_, user0_.character_id as characte7_21_, user0_.user_created_at as user_cre2_21_, user0_.user_name as user_nam3_21_, user0_.user_phone_number as user_pho4_21_, user0_.user_user_id as user_use5_21_, user0_.user_user_password as user_use6_21_ from user user0_ inner join characters character1_ on user0_.character_id=character1_.character_id where user0_.user_user_id=?
Hibernate: select user0_.user_id as user_id1_21_, user0_.character_id as characte7_21_, user0_.user_created_at as user_cre2_21_, user0_.user_name as user_nam3_21_, user0_.user_phone_number as user_pho4_21_, user0_.user_user_id as user_use5_21_, user0_.user_user_password as user_use6_21_ from user user0_ inner join characters character1_ on user0_.character_id=character1_.character_id where user0_.user_user_id=?
Hibernate: insert into team_building (team_building_team_building_id, team_building_created_at, team_building_last_modified_at, team_building_team_building_title) values (default, ?, ?, ?)
Hibernate: insert into team (team_team_id, team_last_modified_at, team_building_team_building_id, team_team_name) values (default, ?, ?, ?)
Hibernate: insert into team_user (team_user_id, team_team_id, user_id) values (default, ?, ?)
Hibernate: insert into team_user (team_user_id, team_team_id, user_id) values (default, ?, ?)
Hibernate: insert into team_user (team_user_id, team_team_id, user_id) values (default, ?, ?)
Hibernate: insert into team (team_team_id, team_last_modified_at, team_building_team_building_id, team_team_name) values (default, ?, ?, ?)
Hibernate: insert into team_user (team_user_id, team_team_id, user_id) values (default, ?, ?)
Hibernate: insert into team_user (team_user_id, team_team_id, user_id) values (default, ?, ?)
Hibernate: select user0_.user_id as user_id1_21_0_, user0_.character_id as characte7_21_0_, user0_.user_created_at as user_cre2_21_0_, user0_.user_name as user_nam3_21_0_, user0_.user_phone_number as user_pho4_21_0_, user0_.user_user_id as user_use5_21_0_, user0_.user_user_password as user_use6_21_0_ from user user0_ where user0_.user_id=?
Hibernate: select character0_.character_id as characte1_6_0_, character0_.character_character_name as characte2_6_0_ from characters character0_ where character0_.character_id=?
Hibernate: select count(*) as col_0_0_ from team_building teambuildi0_
Hibernate: select count(*) as col_0_0_ from team_building teambuildi0_
Hibernate: select teambuildi0_.team_building_team_building_id as team_bui1_19_, teambuildi0_.team_building_created_at as team_bui2_19_, teambuildi0_.team_building_last_modified_at as team_bui3_19_, teambuildi0_.team_building_team_building_title as team_bui4_19_ from team_building teambuildi0_ order by teambuildi0_.team_building_created_at desc, teambuildi0_.team_building_team_building_id desc limit ?
Hibernate: select teamlist0_.team_building_team_building_id as team_bui4_18_0_, teamlist0_.team_team_id as team_tea1_18_0_, teamlist0_.team_team_id as team_tea1_18_1_, teamlist0_.team_last_modified_at as team_las2_18_1_, teamlist0_.team_building_team_building_id as team_bui4_18_1_, teamlist0_.team_team_name as team_tea3_18_1_ from team teamlist0_ where teamlist0_.team_building_team_building_id=?
Hibernate: select teamuserli0_.team_team_id as team_tea2_20_0_, teamuserli0_.team_user_id as team_use1_20_0_, teamuserli0_.team_user_id as team_use1_20_1_, teamuserli0_.team_team_id as team_tea2_20_1_, teamuserli0_.user_id as user_id3_20_1_ from team_user teamuserli0_ where teamuserli0_.team_team_id=?
Hibernate: select user0_.user_id as user_id1_21_0_, user0_.character_id as characte7_21_0_, user0_.user_created_at as user_cre2_21_0_, user0_.user_name as user_nam3_21_0_, user0_.user_phone_number as user_pho4_21_0_, user0_.user_user_id as user_use5_21_0_, user0_.user_user_password as user_use6_21_0_ from user user0_ where user0_.user_id=?
Hibernate: select character0_.character_id as characte1_6_0_, character0_.character_character_name as characte2_6_0_ from characters character0_ where character0_.character_id=?
Hibernate: select user0_.user_id as user_id1_21_0_, user0_.character_id as characte7_21_0_, user0_.user_created_at as user_cre2_21_0_, user0_.user_name as user_nam3_21_0_, user0_.user_phone_number as user_pho4_21_0_, user0_.user_user_id as user_use5_21_0_, user0_.user_user_password as user_use6_21_0_ from user user0_ where user0_.user_id=?
Hibernate: select user0_.user_id as user_id1_21_0_, user0_.character_id as characte7_21_0_, user0_.user_created_at as user_cre2_21_0_, user0_.user_name as user_nam3_21_0_, user0_.user_phone_number as user_pho4_21_0_, user0_.user_user_id as user_use5_21_0_, user0_.user_user_password as user_use6_21_0_ from user user0_ where user0_.user_id=?
Hibernate: select teamuserli0_.team_team_id as team_tea2_20_0_, teamuserli0_.team_user_id as team_use1_20_0_, teamuserli0_.team_user_id as team_use1_20_1_, teamuserli0_.team_team_id as team_tea2_20_1_, teamuserli0_.user_id as user_id3_20_1_ from team_user teamuserli0_ where teamuserli0_.team_team_id=?
Hibernate: select user0_.user_id as user_id1_21_0_, user0_.character_id as characte7_21_0_, user0_.user_created_at as user_cre2_21_0_, user0_.user_name as user_nam3_21_0_, user0_.user_phone_number as user_pho4_21_0_, user0_.user_user_id as user_use5_21_0_, user0_.user_user_password as user_use6_21_0_ from user user0_ where user0_.user_id=?
Hibernate: select user0_.user_id as user_id1_21_0_, user0_.character_id as characte7_21_0_, user0_.user_created_at as user_cre2_21_0_, user0_.user_name as user_nam3_21_0_, user0_.user_phone_number as user_pho4_21_0_, user0_.user_user_id as user_use5_21_0_, user0_.user_user_password as user_use6_21_0_ from user user0_ where user0_.user_id=?
Hibernate: select user0_.user_id as user_id1_21_0_, user0_.character_id as characte7_21_0_, user0_.user_created_at as user_cre2_21_0_, user0_.user_name as user_nam3_21_0_, user0_.user_phone_number as user_pho4_21_0_, user0_.user_user_id as user_use5_21_0_, user0_.user_user_password as user_use6_21_0_ from user user0_ where user0_.user_id=?
Hibernate: select character0_.character_id as characte1_6_0_, character0_.character_character_name as characte2_6_0_ from characters character0_ where character0_.character_id=?
Hibernate: select count(*) as col_0_0_ from user user0_ where user0_.user_id=?
Hibernate: select character1_.character_id as characte1_6_, character1_.character_character_name as characte2_6_ from user user0_ inner join characters character1_ on user0_.character_id=character1_.character_id where user0_.user_id=?
Hibernate: select permission0_.character_id as characte6_12_0_, permission0_.permission_id as permissi1_12_0_, permission0_.permission_id as permissi1_12_1_, permission0_.character_id as characte6_12_1_, permission0_.permission_name as permissi2_12_1_, permission0_.permission_permission_unit_id as permissi3_12_1_, permission0_.permission_service as permissi4_12_1_, permission0_.permission_status as permissi5_12_1_ from permission permission0_ where permission0_.character_id=?

MockHttpServletRequest:
      HTTP Method = PATCH
      Request URI = /teambuilding/group/15
       Parameters = {}
          Headers = [Content-Type:"application/json;charset=UTF-8", Accept:"application/json", api-version:"1.0", Authorization:"Bearer eyJhbGciOiJIUzI1NiJ9.eyJzdWIiOiIxNTQiLCJpYXQiOjE2ODc4Nzc0NjksImV4cCI6MTY4Nzg4MTA2OX0.j33Sfax6-7DUpFKR8dpD9NdUdpmtLjY3seQrIo9JOIc", Content-Length:"42"]
             Body = {"teambuilding_title":"lalaalalalalaalaa"}
    Session Attrs = {}

Handler:
             Type = org.waldreg.controller.teambuilding.TeamBuildingController
           Method = org.waldreg.controller.teambuilding.TeamBuildingController#updateTeamBuildingByTeamBuildingId(int, TeamBuildingUpdateRequest)

Async:
    Async started = false
     Async result = null

Resolved Exception:
             Type = org.waldreg.character.exception.NoPermissionException

ModelAndView:
        View name = null
             View = null
            Model = null

FlashMap:
       Attributes = null

MockHttpServletResponse:
           Status = 403
    Error message = null
          Headers = [Vary:"Origin", "Access-Control-Request-Method", "Access-Control-Request-Headers", Api-version:"1.0", Content-Type:"application/json"]
     Content type = application/json
             Body = {"code":"CHARACTER-403","messages":"No permission","document_url":"docs.waldreg.org"}
    Forwarded URL = null
   Redirected URL = null
          Cookies = []
Hibernate: select user0_.user_id as col_0_0_ from user user0_ where user0_.user_user_id=? limit ?
Hibernate: select user0_.user_id as col_0_0_ from user user0_ where user0_.user_user_id=? limit ?
Hibernate: select U.* from USER U where U.USER_USER_ID =?
Hibernate: select character0_.character_id as characte1_6_0_, character0_.character_character_name as characte2_6_0_ from characters character0_ where character0_.character_id=?
Hibernate: select user0_.user_id as user_id1_21_0_, user0_.character_id as characte7_21_0_, user0_.user_created_at as user_cre2_21_0_, user0_.user_name as user_nam3_21_0_, user0_.user_phone_number as user_pho4_21_0_, user0_.user_user_id as user_use5_21_0_, user0_.user_user_password as user_use6_21_0_ from user user0_ where user0_.user_id=?
Hibernate: select character0_.character_id as characte1_6_0_, character0_.character_character_name as characte2_6_0_ from characters character0_ where character0_.character_id=?
Hibernate: select count(*) as col_0_0_ from team_building teambuildi0_
Hibernate: select count(*) as col_0_0_ from team_building teambuildi0_
Hibernate: select teambuildi0_.team_building_team_building_id as team_bui1_19_, teambuildi0_.team_building_created_at as team_bui2_19_, teambuildi0_.team_building_last_modified_at as team_bui3_19_, teambuildi0_.team_building_team_building_title as team_bui4_19_ from team_building teambuildi0_ order by teambuildi0_.team_building_created_at desc, teambuildi0_.team_building_team_building_id desc limit ?
Hibernate: select teamlist0_.team_building_team_building_id as team_bui4_18_0_, teamlist0_.team_team_id as team_tea1_18_0_, teamlist0_.team_team_id as team_tea1_18_1_, teamlist0_.team_last_modified_at as team_las2_18_1_, teamlist0_.team_building_team_building_id as team_bui4_18_1_, teamlist0_.team_team_name as team_tea3_18_1_ from team teamlist0_ where teamlist0_.team_building_team_building_id=?
Hibernate: select teamuserli0_.team_team_id as team_tea2_20_0_, teamuserli0_.team_user_id as team_use1_20_0_, teamuserli0_.team_user_id as team_use1_20_1_, teamuserli0_.team_team_id as team_tea2_20_1_, teamuserli0_.user_id as user_id3_20_1_ from team_user teamuserli0_ where teamuserli0_.team_team_id=?
Hibernate: select user0_.user_id as user_id1_21_0_, user0_.character_id as characte7_21_0_, user0_.user_created_at as user_cre2_21_0_, user0_.user_name as user_nam3_21_0_, user0_.user_phone_number as user_pho4_21_0_, user0_.user_user_id as user_use5_21_0_, user0_.user_user_password as user_use6_21_0_ from user user0_ where user0_.user_id=?
Hibernate: select character0_.character_id as characte1_6_0_, character0_.character_character_name as characte2_6_0_ from characters character0_ where character0_.character_id=?
Hibernate: select user0_.user_id as user_id1_21_0_, user0_.character_id as characte7_21_0_, user0_.user_created_at as user_cre2_21_0_, user0_.user_name as user_nam3_21_0_, user0_.user_phone_number as user_pho4_21_0_, user0_.user_user_id as user_use5_21_0_, user0_.user_user_password as user_use6_21_0_ from user user0_ where user0_.user_id=?
Hibernate: select user0_.user_id as user_id1_21_0_, user0_.character_id as characte7_21_0_, user0_.user_created_at as user_cre2_21_0_, user0_.user_name as user_nam3_21_0_, user0_.user_phone_number as user_pho4_21_0_, user0_.user_user_id as user_use5_21_0_, user0_.user_user_password as user_use6_21_0_ from user user0_ where user0_.user_id=?
Hibernate: select teamuserli0_.team_team_id as team_tea2_20_0_, teamuserli0_.team_user_id as team_use1_20_0_, teamuserli0_.team_user_id as team_use1_20_1_, teamuserli0_.team_team_id as team_tea2_20_1_, teamuserli0_.user_id as user_id3_20_1_ from team_user teamuserli0_ where teamuserli0_.team_team_id=?
Hibernate: select user0_.user_id as user_id1_21_0_, user0_.character_id as characte7_21_0_, user0_.user_created_at as user_cre2_21_0_, user0_.user_name as user_nam3_21_0_, user0_.user_phone_number as user_pho4_21_0_, user0_.user_user_id as user_use5_21_0_, user0_.user_user_password as user_use6_21_0_ from user user0_ where user0_.user_id=?
Hibernate: select user0_.user_id as user_id1_21_0_, user0_.character_id as characte7_21_0_, user0_.user_created_at as user_cre2_21_0_, user0_.user_name as user_nam3_21_0_, user0_.user_phone_number as user_pho4_21_0_, user0_.user_user_id as user_use5_21_0_, user0_.user_user_password as user_use6_21_0_ from user user0_ where user0_.user_id=?
Hibernate: select user0_.user_id as user_id1_21_0_, user0_.character_id as characte7_21_0_, user0_.user_created_at as user_cre2_21_0_, user0_.user_name as user_nam3_21_0_, user0_.user_phone_number as user_pho4_21_0_, user0_.user_user_id as user_use5_21_0_, user0_.user_user_password as user_use6_21_0_ from user user0_ where user0_.user_id=?
Hibernate: select character0_.character_id as characte1_6_0_, character0_.character_character_name as characte2_6_0_ from characters character0_ where character0_.character_id=?
Hibernate: select count(*) as col_0_0_ from user user0_ where user0_.user_id=?
Hibernate: select character1_.character_id as characte1_6_, character1_.character_character_name as characte2_6_ from user user0_ inner join characters character1_ on user0_.character_id=character1_.character_id where user0_.user_id=?
Hibernate: select permission0_.character_id as characte6_12_0_, permission0_.permission_id as permissi1_12_0_, permission0_.permission_id as permissi1_12_1_, permission0_.character_id as characte6_12_1_, permission0_.permission_name as permissi2_12_1_, permission0_.permission_permission_unit_id as permissi3_12_1_, permission0_.permission_service as permissi4_12_1_, permission0_.permission_status as permissi5_12_1_ from permission permission0_ where permission0_.character_id=?
Hibernate: select count(*) as col_0_0_ from team_building teambuildi0_ where teambuildi0_.team_building_team_building_id=?
Hibernate: select teambuildi0_.team_building_team_building_id as team_bui1_19_0_, teambuildi0_.team_building_created_at as team_bui2_19_0_, teambuildi0_.team_building_last_modified_at as team_bui3_19_0_, teambuildi0_.team_building_team_building_title as team_bui4_19_0_ from team_building teambuildi0_ where teambuildi0_.team_building_team_building_id=?
Hibernate: select teamlist0_.team_building_team_building_id as team_bui4_18_0_, teamlist0_.team_team_id as team_tea1_18_0_, teamlist0_.team_team_id as team_tea1_18_1_, teamlist0_.team_last_modified_at as team_las2_18_1_, teamlist0_.team_building_team_building_id as team_bui4_18_1_, teamlist0_.team_team_name as team_tea3_18_1_ from team teamlist0_ where teamlist0_.team_building_team_building_id=?
Hibernate: select teamuserli0_.team_team_id as team_tea2_20_0_, teamuserli0_.team_user_id as team_use1_20_0_, teamuserli0_.team_user_id as team_use1_20_1_, teamuserli0_.team_team_id as team_tea2_20_1_, teamuserli0_.user_id as user_id3_20_1_ from team_user teamuserli0_ where teamuserli0_.team_team_id=?
Hibernate: select user0_.user_id as user_id1_21_0_, user0_.character_id as characte7_21_0_, user0_.user_created_at as user_cre2_21_0_, user0_.user_name as user_nam3_21_0_, user0_.user_phone_number as user_pho4_21_0_, user0_.user_user_id as user_use5_21_0_, user0_.user_user_password as user_use6_21_0_ from user user0_ where user0_.user_id=?
Hibernate: select character0_.character_id as characte1_6_0_, character0_.character_character_name as characte2_6_0_ from characters character0_ where character0_.character_id=?
Hibernate: select user0_.user_id as user_id1_21_0_, user0_.character_id as characte7_21_0_, user0_.user_created_at as user_cre2_21_0_, user0_.user_name as user_nam3_21_0_, user0_.user_phone_number as user_pho4_21_0_, user0_.user_user_id as user_use5_21_0_, user0_.user_user_password as user_use6_21_0_ from user user0_ where user0_.user_id=?
Hibernate: select user0_.user_id as user_id1_21_0_, user0_.character_id as characte7_21_0_, user0_.user_created_at as user_cre2_21_0_, user0_.user_name as user_nam3_21_0_, user0_.user_phone_number as user_pho4_21_0_, user0_.user_user_id as user_use5_21_0_, user0_.user_user_password as user_use6_21_0_ from user user0_ where user0_.user_id=?
Hibernate: select teamuserli0_.team_team_id as team_tea2_20_0_, teamuserli0_.team_user_id as team_use1_20_0_, teamuserli0_.team_user_id as team_use1_20_1_, teamuserli0_.team_team_id as team_tea2_20_1_, teamuserli0_.user_id as user_id3_20_1_ from team_user teamuserli0_ where teamuserli0_.team_team_id=?
Hibernate: select user0_.user_id as user_id1_21_0_, user0_.character_id as characte7_21_0_, user0_.user_created_at as user_cre2_21_0_, user0_.user_name as user_nam3_21_0_, user0_.user_phone_number as user_pho4_21_0_, user0_.user_user_id as user_use5_21_0_, user0_.user_user_password as user_use6_21_0_ from user user0_ where user0_.user_id=?
Hibernate: select user0_.user_id as user_id1_21_0_, user0_.character_id as characte7_21_0_, user0_.user_created_at as user_cre2_21_0_, user0_.user_name as user_nam3_21_0_, user0_.user_phone_number as user_pho4_21_0_, user0_.user_user_id as user_use5_21_0_, user0_.user_user_password as user_use6_21_0_ from user user0_ where user0_.user_id=?
Hibernate: delete from team_user where team_user_id=?
Hibernate: delete from team_user where team_user_id=?
Hibernate: delete from team_user where team_user_id=?
Hibernate: delete from team where team_team_id=?
Hibernate: delete from team_user where team_user_id=?
Hibernate: delete from team_user where team_user_id=?
Hibernate: delete from team where team_team_id=?
Hibernate: delete from team_building where team_building_team_building_id=?
Hibernate: select user0_.user_id as user_id1_21_0_, user0_.character_id as characte7_21_0_, user0_.user_created_at as user_cre2_21_0_, user0_.user_name as user_nam3_21_0_, user0_.user_phone_number as user_pho4_21_0_, user0_.user_user_id as user_use5_21_0_, user0_.user_user_password as user_use6_21_0_ from user user0_ where user0_.user_id=?
Hibernate: select character0_.character_id as characte1_6_0_, character0_.character_character_name as characte2_6_0_ from characters character0_ where character0_.character_id=?
Hibernate: select count(*) as col_0_0_ from team_building teambuildi0_ where teambuildi0_.team_building_team_building_id=?
Hibernate: select user0_.user_id as col_0_0_ from user user0_ where user0_.user_user_id=? limit ?
Hibernate: select user0_.user_id as col_0_0_ from user user0_ where user0_.user_user_id=? limit ?
Hibernate: select U.* from USER U where U.USER_USER_ID =?
Hibernate: select character0_.character_id as characte1_6_0_, character0_.character_character_name as characte2_6_0_ from characters character0_ where character0_.character_id=?
Hibernate: select user0_.user_id as col_0_0_ from user user0_ where user0_.user_user_id=? limit ?
Hibernate: select user0_.user_id as user_id1_21_, user0_.character_id as characte7_21_, user0_.user_created_at as user_cre2_21_, user0_.user_name as user_nam3_21_, user0_.user_phone_number as user_pho4_21_, user0_.user_user_id as user_use5_21_, user0_.user_user_password as user_use6_21_ from user user0_ inner join characters character1_ on user0_.character_id=character1_.character_id where user0_.user_user_id=?
Hibernate: select character0_.character_id as characte1_6_0_, character0_.character_character_name as characte2_6_0_ from characters character0_ where character0_.character_id=?
Hibernate: select rewardtagw0_.user_id as user_id4_16_0_, rewardtagw0_.reward_tag_wrapper_reward_id as reward_t1_16_0_, rewardtagw0_.reward_tag_wrapper_reward_id as reward_t1_16_1_, rewardtagw0_.reward_tag_wrapper_reward_presented_at as reward_t2_16_1_, rewardtagw0_.reward_tag_reward_tag_id as reward_t3_16_1_, rewardtagw0_.user_id as user_id4_16_1_ from reward_tag_wrapper rewardtagw0_ where rewardtagw0_.user_id=?
Hibernate: select user0_.user_id as user_id1_21_0_, user0_.character_id as characte7_21_0_, user0_.user_created_at as user_cre2_21_0_, user0_.user_name as user_nam3_21_0_, user0_.user_phone_number as user_pho4_21_0_, user0_.user_user_id as user_use5_21_0_, user0_.user_user_password as user_use6_21_0_ from user user0_ where user0_.user_id=?
Hibernate: select character0_.character_id as characte1_6_0_, character0_.character_character_name as characte2_6_0_ from characters character0_ where character0_.character_id=?
Hibernate: select count(*) as col_0_0_ from user user0_ where user0_.user_id=?
Hibernate: select character1_.character_id as characte1_6_, character1_.character_character_name as characte2_6_ from user user0_ inner join characters character1_ on user0_.character_id=character1_.character_id where user0_.user_id=?
Hibernate: select permission0_.character_id as characte6_12_0_, permission0_.permission_id as permissi1_12_0_, permission0_.permission_id as permissi1_12_1_, permission0_.character_id as characte6_12_1_, permission0_.permission_name as permissi2_12_1_, permission0_.permission_permission_unit_id as permissi3_12_1_, permission0_.permission_service as permissi4_12_1_, permission0_.permission_status as permissi5_12_1_ from permission permission0_ where permission0_.character_id=?
Hibernate: select count(*) as col_0_0_ from user user0_ where user0_.user_id=?
Hibernate: select user0_.user_id as user_id1_21_, user0_.character_id as characte7_21_, user0_.user_created_at as user_cre2_21_, user0_.user_name as user_nam3_21_, user0_.user_phone_number as user_pho4_21_, user0_.user_user_id as user_use5_21_, user0_.user_user_password as user_use6_21_ from user user0_ where user0_.user_id=?
Hibernate: select character0_.character_id as characte1_6_0_, character0_.character_character_name as characte2_6_0_ from characters character0_ where character0_.character_id=?
Hibernate: select rewardtagw0_.user_id as user_id4_16_0_, rewardtagw0_.reward_tag_wrapper_reward_id as reward_t1_16_0_, rewardtagw0_.reward_tag_wrapper_reward_id as reward_t1_16_1_, rewardtagw0_.reward_tag_wrapper_reward_presented_at as reward_t2_16_1_, rewardtagw0_.reward_tag_reward_tag_id as reward_t3_16_1_, rewardtagw0_.user_id as user_id4_16_1_ from reward_tag_wrapper rewardtagw0_ where rewardtagw0_.user_id=?
Hibernate: select attendance0_.attendance_user_attendance_user_id as col_0_0_ from attendance_user attendance0_ where attendance0_.user_id=? limit ?
Hibernate: DELETE FROM USER WHERE USER_ID = ?
Hibernate: select user0_.user_id as col_0_0_ from user user0_ where user0_.user_user_id=? limit ?
Hibernate: select user0_.user_id as col_0_0_ from user user0_ where user0_.user_user_id=? limit ?
Hibernate: select user0_.user_id as user_id1_21_, user0_.character_id as characte7_21_, user0_.user_created_at as user_cre2_21_, user0_.user_name as user_nam3_21_, user0_.user_phone_number as user_pho4_21_, user0_.user_user_id as user_use5_21_, user0_.user_user_password as user_use6_21_ from user user0_ inner join characters character1_ on user0_.character_id=character1_.character_id where user0_.user_user_id=?
Hibernate: select character0_.character_id as characte1_6_0_, character0_.character_character_name as characte2_6_0_ from characters character0_ where character0_.character_id=?
Hibernate: select rewardtagw0_.user_id as user_id4_16_0_, rewardtagw0_.reward_tag_wrapper_reward_id as reward_t1_16_0_, rewardtagw0_.reward_tag_wrapper_reward_id as reward_t1_16_1_, rewardtagw0_.reward_tag_wrapper_reward_presented_at as reward_t2_16_1_, rewardtagw0_.reward_tag_reward_tag_id as reward_t3_16_1_, rewardtagw0_.user_id as user_id4_16_1_ from reward_tag_wrapper rewardtagw0_ where rewardtagw0_.user_id=?
Hibernate: select user0_.user_id as user_id1_21_0_, user0_.character_id as characte7_21_0_, user0_.user_created_at as user_cre2_21_0_, user0_.user_name as user_nam3_21_0_, user0_.user_phone_number as user_pho4_21_0_, user0_.user_user_id as user_use5_21_0_, user0_.user_user_password as user_use6_21_0_ from user user0_ where user0_.user_id=?
Hibernate: select character0_.character_id as characte1_6_0_, character0_.character_character_name as characte2_6_0_ from characters character0_ where character0_.character_id=?
Hibernate: select count(*) as col_0_0_ from user user0_ where user0_.user_id=?
Hibernate: select character1_.character_id as characte1_6_, character1_.character_character_name as characte2_6_ from user user0_ inner join characters character1_ on user0_.character_id=character1_.character_id where user0_.user_id=?
Hibernate: select permission0_.character_id as characte6_12_0_, permission0_.permission_id as permissi1_12_0_, permission0_.permission_id as permissi1_12_1_, permission0_.character_id as characte6_12_1_, permission0_.permission_name as permissi2_12_1_, permission0_.permission_permission_unit_id as permissi3_12_1_, permission0_.permission_service as permissi4_12_1_, permission0_.permission_status as permissi5_12_1_ from permission permission0_ where permission0_.character_id=?
Hibernate: select count(*) as col_0_0_ from user user0_ where user0_.user_id=?
Hibernate: select user0_.user_id as user_id1_21_, user0_.character_id as characte7_21_, user0_.user_created_at as user_cre2_21_, user0_.user_name as user_nam3_21_, user0_.user_phone_number as user_pho4_21_, user0_.user_user_id as user_use5_21_, user0_.user_user_password as user_use6_21_ from user user0_ where user0_.user_id=?
Hibernate: select character0_.character_id as characte1_6_0_, character0_.character_character_name as characte2_6_0_ from characters character0_ where character0_.character_id=?
Hibernate: select rewardtagw0_.user_id as user_id4_16_0_, rewardtagw0_.reward_tag_wrapper_reward_id as reward_t1_16_0_, rewardtagw0_.reward_tag_wrapper_reward_id as reward_t1_16_1_, rewardtagw0_.reward_tag_wrapper_reward_presented_at as reward_t2_16_1_, rewardtagw0_.reward_tag_reward_tag_id as reward_t3_16_1_, rewardtagw0_.user_id as user_id4_16_1_ from reward_tag_wrapper rewardtagw0_ where rewardtagw0_.user_id=?
Hibernate: select attendance0_.attendance_user_attendance_user_id as col_0_0_ from attendance_user attendance0_ where attendance0_.user_id=? limit ?
Hibernate: DELETE FROM USER WHERE USER_ID = ?
Hibernate: select user0_.user_id as col_0_0_ from user user0_ where user0_.user_user_id=? limit ?
Hibernate: select user0_.user_id as col_0_0_ from user user0_ where user0_.user_user_id=? limit ?
Hibernate: select user0_.user_id as user_id1_21_, user0_.character_id as characte7_21_, user0_.user_created_at as user_cre2_21_, user0_.user_name as user_nam3_21_, user0_.user_phone_number as user_pho4_21_, user0_.user_user_id as user_use5_21_, user0_.user_user_password as user_use6_21_ from user user0_ inner join characters character1_ on user0_.character_id=character1_.character_id where user0_.user_user_id=?
Hibernate: select character0_.character_id as characte1_6_0_, character0_.character_character_name as characte2_6_0_ from characters character0_ where character0_.character_id=?
Hibernate: select rewardtagw0_.user_id as user_id4_16_0_, rewardtagw0_.reward_tag_wrapper_reward_id as reward_t1_16_0_, rewardtagw0_.reward_tag_wrapper_reward_id as reward_t1_16_1_, rewardtagw0_.reward_tag_wrapper_reward_presented_at as reward_t2_16_1_, rewardtagw0_.reward_tag_reward_tag_id as reward_t3_16_1_, rewardtagw0_.user_id as user_id4_16_1_ from reward_tag_wrapper rewardtagw0_ where rewardtagw0_.user_id=?
Hibernate: select user0_.user_id as user_id1_21_0_, user0_.character_id as characte7_21_0_, user0_.user_created_at as user_cre2_21_0_, user0_.user_name as user_nam3_21_0_, user0_.user_phone_number as user_pho4_21_0_, user0_.user_user_id as user_use5_21_0_, user0_.user_user_password as user_use6_21_0_ from user user0_ where user0_.user_id=?
Hibernate: select character0_.character_id as characte1_6_0_, character0_.character_character_name as characte2_6_0_ from characters character0_ where character0_.character_id=?
Hibernate: select count(*) as col_0_0_ from user user0_ where user0_.user_id=?
Hibernate: select character1_.character_id as characte1_6_, character1_.character_character_name as characte2_6_ from user user0_ inner join characters character1_ on user0_.character_id=character1_.character_id where user0_.user_id=?
Hibernate: select permission0_.character_id as characte6_12_0_, permission0_.permission_id as permissi1_12_0_, permission0_.permission_id as permissi1_12_1_, permission0_.character_id as characte6_12_1_, permission0_.permission_name as permissi2_12_1_, permission0_.permission_permission_unit_id as permissi3_12_1_, permission0_.permission_service as permissi4_12_1_, permission0_.permission_status as permissi5_12_1_ from permission permission0_ where permission0_.character_id=?
Hibernate: select count(*) as col_0_0_ from user user0_ where user0_.user_id=?
Hibernate: select user0_.user_id as user_id1_21_, user0_.character_id as characte7_21_, user0_.user_created_at as user_cre2_21_, user0_.user_name as user_nam3_21_, user0_.user_phone_number as user_pho4_21_, user0_.user_user_id as user_use5_21_, user0_.user_user_password as user_use6_21_ from user user0_ where user0_.user_id=?
Hibernate: select character0_.character_id as characte1_6_0_, character0_.character_character_name as characte2_6_0_ from characters character0_ where character0_.character_id=?
Hibernate: select rewardtagw0_.user_id as user_id4_16_0_, rewardtagw0_.reward_tag_wrapper_reward_id as reward_t1_16_0_, rewardtagw0_.reward_tag_wrapper_reward_id as reward_t1_16_1_, rewardtagw0_.reward_tag_wrapper_reward_presented_at as reward_t2_16_1_, rewardtagw0_.reward_tag_reward_tag_id as reward_t3_16_1_, rewardtagw0_.user_id as user_id4_16_1_ from reward_tag_wrapper rewardtagw0_ where rewardtagw0_.user_id=?
Hibernate: select attendance0_.attendance_user_attendance_user_id as col_0_0_ from attendance_user attendance0_ where attendance0_.user_id=? limit ?
Hibernate: DELETE FROM USER WHERE USER_ID = ?
Hibernate: select user0_.user_id as col_0_0_ from user user0_ where user0_.user_user_id=? limit ?
Hibernate: select user0_.user_id as col_0_0_ from user user0_ where user0_.user_user_id=? limit ?
Hibernate: select user0_.user_id as user_id1_21_, user0_.character_id as characte7_21_, user0_.user_created_at as user_cre2_21_, user0_.user_name as user_nam3_21_, user0_.user_phone_number as user_pho4_21_, user0_.user_user_id as user_use5_21_, user0_.user_user_password as user_use6_21_ from user user0_ inner join characters character1_ on user0_.character_id=character1_.character_id where user0_.user_user_id=?
Hibernate: select character0_.character_id as characte1_6_0_, character0_.character_character_name as characte2_6_0_ from characters character0_ where character0_.character_id=?
Hibernate: select rewardtagw0_.user_id as user_id4_16_0_, rewardtagw0_.reward_tag_wrapper_reward_id as reward_t1_16_0_, rewardtagw0_.reward_tag_wrapper_reward_id as reward_t1_16_1_, rewardtagw0_.reward_tag_wrapper_reward_presented_at as reward_t2_16_1_, rewardtagw0_.reward_tag_reward_tag_id as reward_t3_16_1_, rewardtagw0_.user_id as user_id4_16_1_ from reward_tag_wrapper rewardtagw0_ where rewardtagw0_.user_id=?
Hibernate: select user0_.user_id as user_id1_21_0_, user0_.character_id as characte7_21_0_, user0_.user_created_at as user_cre2_21_0_, user0_.user_name as user_nam3_21_0_, user0_.user_phone_number as user_pho4_21_0_, user0_.user_user_id as user_use5_21_0_, user0_.user_user_password as user_use6_21_0_ from user user0_ where user0_.user_id=?
Hibernate: select character0_.character_id as characte1_6_0_, character0_.character_character_name as characte2_6_0_ from characters character0_ where character0_.character_id=?
Hibernate: select count(*) as col_0_0_ from user user0_ where user0_.user_id=?
Hibernate: select character1_.character_id as characte1_6_, character1_.character_character_name as characte2_6_ from user user0_ inner join characters character1_ on user0_.character_id=character1_.character_id where user0_.user_id=?
Hibernate: select permission0_.character_id as characte6_12_0_, permission0_.permission_id as permissi1_12_0_, permission0_.permission_id as permissi1_12_1_, permission0_.character_id as characte6_12_1_, permission0_.permission_name as permissi2_12_1_, permission0_.permission_permission_unit_id as permissi3_12_1_, permission0_.permission_service as permissi4_12_1_, permission0_.permission_status as permissi5_12_1_ from permission permission0_ where permission0_.character_id=?
Hibernate: select count(*) as col_0_0_ from user user0_ where user0_.user_id=?
Hibernate: select user0_.user_id as user_id1_21_, user0_.character_id as characte7_21_, user0_.user_created_at as user_cre2_21_, user0_.user_name as user_nam3_21_, user0_.user_phone_number as user_pho4_21_, user0_.user_user_id as user_use5_21_, user0_.user_user_password as user_use6_21_ from user user0_ where user0_.user_id=?
Hibernate: select character0_.character_id as characte1_6_0_, character0_.character_character_name as characte2_6_0_ from characters character0_ where character0_.character_id=?
Hibernate: select rewardtagw0_.user_id as user_id4_16_0_, rewardtagw0_.reward_tag_wrapper_reward_id as reward_t1_16_0_, rewardtagw0_.reward_tag_wrapper_reward_id as reward_t1_16_1_, rewardtagw0_.reward_tag_wrapper_reward_presented_at as reward_t2_16_1_, rewardtagw0_.reward_tag_reward_tag_id as reward_t3_16_1_, rewardtagw0_.user_id as user_id4_16_1_ from reward_tag_wrapper rewardtagw0_ where rewardtagw0_.user_id=?
Hibernate: select attendance0_.attendance_user_attendance_user_id as col_0_0_ from attendance_user attendance0_ where attendance0_.user_id=? limit ?
Hibernate: DELETE FROM USER WHERE USER_ID = ?
Hibernate: select user0_.user_id as col_0_0_ from user user0_ where user0_.user_user_id=? limit ?
Hibernate: select user0_.user_id as col_0_0_ from user user0_ where user0_.user_user_id=? limit ?
Hibernate: select user0_.user_id as user_id1_21_, user0_.character_id as characte7_21_, user0_.user_created_at as user_cre2_21_, user0_.user_name as user_nam3_21_, user0_.user_phone_number as user_pho4_21_, user0_.user_user_id as user_use5_21_, user0_.user_user_password as user_use6_21_ from user user0_ inner join characters character1_ on user0_.character_id=character1_.character_id where user0_.user_user_id=?
Hibernate: select character0_.character_id as characte1_6_0_, character0_.character_character_name as characte2_6_0_ from characters character0_ where character0_.character_id=?
Hibernate: select rewardtagw0_.user_id as user_id4_16_0_, rewardtagw0_.reward_tag_wrapper_reward_id as reward_t1_16_0_, rewardtagw0_.reward_tag_wrapper_reward_id as reward_t1_16_1_, rewardtagw0_.reward_tag_wrapper_reward_presented_at as reward_t2_16_1_, rewardtagw0_.reward_tag_reward_tag_id as reward_t3_16_1_, rewardtagw0_.user_id as user_id4_16_1_ from reward_tag_wrapper rewardtagw0_ where rewardtagw0_.user_id=?
Hibernate: select user0_.user_id as user_id1_21_0_, user0_.character_id as characte7_21_0_, user0_.user_created_at as user_cre2_21_0_, user0_.user_name as user_nam3_21_0_, user0_.user_phone_number as user_pho4_21_0_, user0_.user_user_id as user_use5_21_0_, user0_.user_user_password as user_use6_21_0_ from user user0_ where user0_.user_id=?
Hibernate: select character0_.character_id as characte1_6_0_, character0_.character_character_name as characte2_6_0_ from characters character0_ where character0_.character_id=?
Hibernate: select count(*) as col_0_0_ from user user0_ where user0_.user_id=?
Hibernate: select character1_.character_id as characte1_6_, character1_.character_character_name as characte2_6_ from user user0_ inner join characters character1_ on user0_.character_id=character1_.character_id where user0_.user_id=?
Hibernate: select permission0_.character_id as characte6_12_0_, permission0_.permission_id as permissi1_12_0_, permission0_.permission_id as permissi1_12_1_, permission0_.character_id as characte6_12_1_, permission0_.permission_name as permissi2_12_1_, permission0_.permission_permission_unit_id as permissi3_12_1_, permission0_.permission_service as permissi4_12_1_, permission0_.permission_status as permissi5_12_1_ from permission permission0_ where permission0_.character_id=?
Hibernate: select count(*) as col_0_0_ from user user0_ where user0_.user_id=?
Hibernate: select user0_.user_id as user_id1_21_, user0_.character_id as characte7_21_, user0_.user_created_at as user_cre2_21_, user0_.user_name as user_nam3_21_, user0_.user_phone_number as user_pho4_21_, user0_.user_user_id as user_use5_21_, user0_.user_user_password as user_use6_21_ from user user0_ where user0_.user_id=?
Hibernate: select character0_.character_id as characte1_6_0_, character0_.character_character_name as characte2_6_0_ from characters character0_ where character0_.character_id=?
Hibernate: select rewardtagw0_.user_id as user_id4_16_0_, rewardtagw0_.reward_tag_wrapper_reward_id as reward_t1_16_0_, rewardtagw0_.reward_tag_wrapper_reward_id as reward_t1_16_1_, rewardtagw0_.reward_tag_wrapper_reward_presented_at as reward_t2_16_1_, rewardtagw0_.reward_tag_reward_tag_id as reward_t3_16_1_, rewardtagw0_.user_id as user_id4_16_1_ from reward_tag_wrapper rewardtagw0_ where rewardtagw0_.user_id=?
Hibernate: select attendance0_.attendance_user_attendance_user_id as col_0_0_ from attendance_user attendance0_ where attendance0_.user_id=? limit ?
Hibernate: DELETE FROM USER WHERE USER_ID = ?
Hibernate: select user0_.user_id as col_0_0_ from user user0_ where user0_.user_user_id=? limit ?
Hibernate: select user0_.user_id as col_0_0_ from user user0_ where user0_.user_user_id=? limit ?
Hibernate: select user0_.user_id as user_id1_21_, user0_.character_id as characte7_21_, user0_.user_created_at as user_cre2_21_, user0_.user_name as user_nam3_21_, user0_.user_phone_number as user_pho4_21_, user0_.user_user_id as user_use5_21_, user0_.user_user_password as user_use6_21_ from user user0_ inner join characters character1_ on user0_.character_id=character1_.character_id where user0_.user_user_id=?
Hibernate: select character0_.character_id as characte1_6_0_, character0_.character_character_name as characte2_6_0_ from characters character0_ where character0_.character_id=?
Hibernate: select rewardtagw0_.user_id as user_id4_16_0_, rewardtagw0_.reward_tag_wrapper_reward_id as reward_t1_16_0_, rewardtagw0_.reward_tag_wrapper_reward_id as reward_t1_16_1_, rewardtagw0_.reward_tag_wrapper_reward_presented_at as reward_t2_16_1_, rewardtagw0_.reward_tag_reward_tag_id as reward_t3_16_1_, rewardtagw0_.user_id as user_id4_16_1_ from reward_tag_wrapper rewardtagw0_ where rewardtagw0_.user_id=?
Hibernate: select user0_.user_id as user_id1_21_0_, user0_.character_id as characte7_21_0_, user0_.user_created_at as user_cre2_21_0_, user0_.user_name as user_nam3_21_0_, user0_.user_phone_number as user_pho4_21_0_, user0_.user_user_id as user_use5_21_0_, user0_.user_user_password as user_use6_21_0_ from user user0_ where user0_.user_id=?
Hibernate: select character0_.character_id as characte1_6_0_, character0_.character_character_name as characte2_6_0_ from characters character0_ where character0_.character_id=?
Hibernate: select count(*) as col_0_0_ from user user0_ where user0_.user_id=?
Hibernate: select character1_.character_id as characte1_6_, character1_.character_character_name as characte2_6_ from user user0_ inner join characters character1_ on user0_.character_id=character1_.character_id where user0_.user_id=?
Hibernate: select permission0_.character_id as characte6_12_0_, permission0_.permission_id as permissi1_12_0_, permission0_.permission_id as permissi1_12_1_, permission0_.character_id as characte6_12_1_, permission0_.permission_name as permissi2_12_1_, permission0_.permission_permission_unit_id as permissi3_12_1_, permission0_.permission_service as permissi4_12_1_, permission0_.permission_status as permissi5_12_1_ from permission permission0_ where permission0_.character_id=?
Hibernate: select count(*) as col_0_0_ from user user0_ where user0_.user_id=?
Hibernate: select user0_.user_id as user_id1_21_, user0_.character_id as characte7_21_, user0_.user_created_at as user_cre2_21_, user0_.user_name as user_nam3_21_, user0_.user_phone_number as user_pho4_21_, user0_.user_user_id as user_use5_21_, user0_.user_user_password as user_use6_21_ from user user0_ where user0_.user_id=?
Hibernate: select character0_.character_id as characte1_6_0_, character0_.character_character_name as characte2_6_0_ from characters character0_ where character0_.character_id=?
Hibernate: select rewardtagw0_.user_id as user_id4_16_0_, rewardtagw0_.reward_tag_wrapper_reward_id as reward_t1_16_0_, rewardtagw0_.reward_tag_wrapper_reward_id as reward_t1_16_1_, rewardtagw0_.reward_tag_wrapper_reward_presented_at as reward_t2_16_1_, rewardtagw0_.reward_tag_reward_tag_id as reward_t3_16_1_, rewardtagw0_.user_id as user_id4_16_1_ from reward_tag_wrapper rewardtagw0_ where rewardtagw0_.user_id=?
Hibernate: select attendance0_.attendance_user_attendance_user_id as col_0_0_ from attendance_user attendance0_ where attendance0_.user_id=? limit ?
Hibernate: DELETE FROM USER WHERE USER_ID = ?
Hibernate: select user0_.user_id as col_0_0_ from user user0_ where user0_.user_user_id=? limit ?
Hibernate: select user0_.user_id as col_0_0_ from user user0_ where user0_.user_user_id=? limit ?
Hibernate: select user0_.user_id as col_0_0_ from user user0_ where user0_.user_user_id=? limit ?
Hibernate: select U.* from USER U where U.USER_USER_ID =?
Hibernate: select character0_.character_id as characte1_6_0_, character0_.character_character_name as characte2_6_0_ from characters character0_ where character0_.character_id=?
Hibernate: select user0_.user_id as user_id1_21_0_, user0_.character_id as characte7_21_0_, user0_.user_created_at as user_cre2_21_0_, user0_.user_name as user_nam3_21_0_, user0_.user_phone_number as user_pho4_21_0_, user0_.user_user_id as user_use5_21_0_, user0_.user_user_password as user_use6_21_0_ from user user0_ where user0_.user_id=?
Hibernate: select character0_.character_id as characte1_6_0_, character0_.character_character_name as characte2_6_0_ from characters character0_ where character0_.character_id=?
Hibernate: select count(*) as col_0_0_ from team_building teambuildi0_
Hibernate: select count(*) as col_0_0_ from team_building teambuildi0_
Hibernate: select user0_.user_id as col_0_0_ from user user0_ where user0_.user_user_id=? limit ?
Hibernate: select user0_.user_id as col_0_0_ from user user0_ where user0_.user_user_id=? limit ?
Hibernate: select U.* from USER U where U.USER_USER_ID =?
Hibernate: select character0_.character_id as characte1_6_0_, character0_.character_character_name as characte2_6_0_ from characters character0_ where character0_.character_id=?
Hibernate: select user0_.user_id as col_0_0_ from user user0_ where user0_.user_user_id=? limit ?
Hibernate: select user0_.user_id as col_0_0_ from user user0_ where user0_.user_user_id=? limit ?
Hibernate: select U.* from USER U where U.USER_USER_ID =?
Hibernate: select character0_.character_id as characte1_6_0_, character0_.character_character_name as characte2_6_0_ from characters character0_ where character0_.character_id=?
Hibernate: select user0_.user_id as col_0_0_ from user user0_ where user0_.user_user_id=? limit ?
Hibernate: select user0_.user_id as col_0_0_ from user user0_ where user0_.user_user_id=? limit ?
Hibernate: select U.* from USER U where U.USER_USER_ID =?
Hibernate: select character0_.character_id as characte1_6_0_, character0_.character_character_name as characte2_6_0_ from characters character0_ where character0_.character_id=?
Hibernate: select user0_.user_id as col_0_0_ from user user0_ where user0_.user_user_id=? limit ?
Hibernate: select userjoinin0_.user_joining_pool_id as col_0_0_ from user_joining_pool userjoinin0_ where userjoinin0_.user_user_id=? limit ?
Hibernate: select character0_.character_id as col_0_0_ from characters character0_ where character0_.character_character_name=? limit ?
Hibernate: insert into user_joining_pool (user_joining_pool_id, user_created_at, user_name, user_phone_number, user_user_id, user_user_password) values (default, ?, ?, ?, ?, ?)
Hibernate: select user0_.user_id as user_id1_21_0_, user0_.character_id as characte7_21_0_, user0_.user_created_at as user_cre2_21_0_, user0_.user_name as user_nam3_21_0_, user0_.user_phone_number as user_pho4_21_0_, user0_.user_user_id as user_use5_21_0_, user0_.user_user_password as user_use6_21_0_ from user user0_ where user0_.user_id=?
Hibernate: select character0_.character_id as characte1_6_0_, character0_.character_character_name as characte2_6_0_ from characters character0_ where character0_.character_id=?
Hibernate: select count(*) as col_0_0_ from user user0_ where user0_.user_id=?
Hibernate: select character1_.character_id as characte1_6_, character1_.character_character_name as characte2_6_ from user user0_ inner join characters character1_ on user0_.character_id=character1_.character_id where user0_.user_id=?
Hibernate: select permission0_.character_id as characte6_12_0_, permission0_.permission_id as permissi1_12_0_, permission0_.permission_id as permissi1_12_1_, permission0_.character_id as characte6_12_1_, permission0_.permission_name as permissi2_12_1_, permission0_.permission_permission_unit_id as permissi3_12_1_, permission0_.permission_service as permissi4_12_1_, permission0_.permission_status as permissi5_12_1_ from permission permission0_ where permission0_.character_id=?
Hibernate: select userjoinin0_.user_joining_pool_id as col_0_0_ from user_joining_pool userjoinin0_ where userjoinin0_.user_user_id=? limit ?
Hibernate: select userjoinin0_.user_joining_pool_id as user_joi1_22_, userjoinin0_.user_created_at as user_cre2_22_, userjoinin0_.user_name as user_nam3_22_, userjoinin0_.user_phone_number as user_pho4_22_, userjoinin0_.user_user_id as user_use5_22_, userjoinin0_.user_user_password as user_use6_22_ from user_joining_pool userjoinin0_ where userjoinin0_.user_user_id=?
Hibernate: select character0_.character_id as characte1_6_, character0_.character_character_name as characte2_6_ from characters character0_ where character0_.character_character_name=?
Hibernate: insert into user (user_id, character_id, user_created_at, user_name, user_phone_number, user_user_id, user_user_password) values (default, ?, ?, ?, ?, ?, ?)
Hibernate: DELETE FROM USER_JOINING_POOL as JU where JU.USER_USER_ID =?
Hibernate: select user0_.user_id as col_0_0_ from user user0_ where user0_.user_user_id=? limit ?
Hibernate: select user0_.user_id as col_0_0_ from user user0_ where user0_.user_user_id=? limit ?
Hibernate: select U.* from USER U where U.USER_USER_ID =?
Hibernate: select character0_.character_id as characte1_6_0_, character0_.character_character_name as characte2_6_0_ from characters character0_ where character0_.character_id=?
Hibernate: select user0_.user_id as col_0_0_ from user user0_ where user0_.user_user_id=? limit ?
Hibernate: select userjoinin0_.user_joining_pool_id as col_0_0_ from user_joining_pool userjoinin0_ where userjoinin0_.user_user_id=? limit ?
Hibernate: select character0_.character_id as col_0_0_ from characters character0_ where character0_.character_character_name=? limit ?
Hibernate: insert into user_joining_pool (user_joining_pool_id, user_created_at, user_name, user_phone_number, user_user_id, user_user_password) values (default, ?, ?, ?, ?, ?)
Hibernate: select user0_.user_id as user_id1_21_0_, user0_.character_id as characte7_21_0_, user0_.user_created_at as user_cre2_21_0_, user0_.user_name as user_nam3_21_0_, user0_.user_phone_number as user_pho4_21_0_, user0_.user_user_id as user_use5_21_0_, user0_.user_user_password as user_use6_21_0_ from user user0_ where user0_.user_id=?
Hibernate: select character0_.character_id as characte1_6_0_, character0_.character_character_name as characte2_6_0_ from characters character0_ where character0_.character_id=?
Hibernate: select count(*) as col_0_0_ from user user0_ where user0_.user_id=?
Hibernate: select character1_.character_id as characte1_6_, character1_.character_character_name as characte2_6_ from user user0_ inner join characters character1_ on user0_.character_id=character1_.character_id where user0_.user_id=?
Hibernate: select permission0_.character_id as characte6_12_0_, permission0_.permission_id as permissi1_12_0_, permission0_.permission_id as permissi1_12_1_, permission0_.character_id as characte6_12_1_, permission0_.permission_name as permissi2_12_1_, permission0_.permission_permission_unit_id as permissi3_12_1_, permission0_.permission_service as permissi4_12_1_, permission0_.permission_status as permissi5_12_1_ from permission permission0_ where permission0_.character_id=?
Hibernate: select userjoinin0_.user_joining_pool_id as col_0_0_ from user_joining_pool userjoinin0_ where userjoinin0_.user_user_id=? limit ?
Hibernate: select userjoinin0_.user_joining_pool_id as user_joi1_22_, userjoinin0_.user_created_at as user_cre2_22_, userjoinin0_.user_name as user_nam3_22_, userjoinin0_.user_phone_number as user_pho4_22_, userjoinin0_.user_user_id as user_use5_22_, userjoinin0_.user_user_password as user_use6_22_ from user_joining_pool userjoinin0_ where userjoinin0_.user_user_id=?
Hibernate: select character0_.character_id as characte1_6_, character0_.character_character_name as characte2_6_ from characters character0_ where character0_.character_character_name=?
Hibernate: insert into user (user_id, character_id, user_created_at, user_name, user_phone_number, user_user_id, user_user_password) values (default, ?, ?, ?, ?, ?, ?)
Hibernate: DELETE FROM USER_JOINING_POOL as JU where JU.USER_USER_ID =?
Hibernate: select user0_.user_id as col_0_0_ from user user0_ where user0_.user_user_id=? limit ?
Hibernate: select user0_.user_id as col_0_0_ from user user0_ where user0_.user_user_id=? limit ?
Hibernate: select U.* from USER U where U.USER_USER_ID =?
Hibernate: select character0_.character_id as characte1_6_0_, character0_.character_character_name as characte2_6_0_ from characters character0_ where character0_.character_id=?
Hibernate: select user0_.user_id as col_0_0_ from user user0_ where user0_.user_user_id=? limit ?
Hibernate: select userjoinin0_.user_joining_pool_id as col_0_0_ from user_joining_pool userjoinin0_ where userjoinin0_.user_user_id=? limit ?
Hibernate: select character0_.character_id as col_0_0_ from characters character0_ where character0_.character_character_name=? limit ?
Hibernate: insert into user_joining_pool (user_joining_pool_id, user_created_at, user_name, user_phone_number, user_user_id, user_user_password) values (default, ?, ?, ?, ?, ?)
Hibernate: select user0_.user_id as user_id1_21_0_, user0_.character_id as characte7_21_0_, user0_.user_created_at as user_cre2_21_0_, user0_.user_name as user_nam3_21_0_, user0_.user_phone_number as user_pho4_21_0_, user0_.user_user_id as user_use5_21_0_, user0_.user_user_password as user_use6_21_0_ from user user0_ where user0_.user_id=?
Hibernate: select character0_.character_id as characte1_6_0_, character0_.character_character_name as characte2_6_0_ from characters character0_ where character0_.character_id=?
Hibernate: select count(*) as col_0_0_ from user user0_ where user0_.user_id=?
Hibernate: select character1_.character_id as characte1_6_, character1_.character_character_name as characte2_6_ from user user0_ inner join characters character1_ on user0_.character_id=character1_.character_id where user0_.user_id=?
Hibernate: select permission0_.character_id as characte6_12_0_, permission0_.permission_id as permissi1_12_0_, permission0_.permission_id as permissi1_12_1_, permission0_.character_id as characte6_12_1_, permission0_.permission_name as permissi2_12_1_, permission0_.permission_permission_unit_id as permissi3_12_1_, permission0_.permission_service as permissi4_12_1_, permission0_.permission_status as permissi5_12_1_ from permission permission0_ where permission0_.character_id=?
Hibernate: select userjoinin0_.user_joining_pool_id as col_0_0_ from user_joining_pool userjoinin0_ where userjoinin0_.user_user_id=? limit ?
Hibernate: select userjoinin0_.user_joining_pool_id as user_joi1_22_, userjoinin0_.user_created_at as user_cre2_22_, userjoinin0_.user_name as user_nam3_22_, userjoinin0_.user_phone_number as user_pho4_22_, userjoinin0_.user_user_id as user_use5_22_, userjoinin0_.user_user_password as user_use6_22_ from user_joining_pool userjoinin0_ where userjoinin0_.user_user_id=?
Hibernate: select character0_.character_id as characte1_6_, character0_.character_character_name as characte2_6_ from characters character0_ where character0_.character_character_name=?
Hibernate: insert into user (user_id, character_id, user_created_at, user_name, user_phone_number, user_user_id, user_user_password) values (default, ?, ?, ?, ?, ?, ?)
Hibernate: DELETE FROM USER_JOINING_POOL as JU where JU.USER_USER_ID =?
Hibernate: select user0_.user_id as col_0_0_ from user user0_ where user0_.user_user_id=? limit ?
Hibernate: select user0_.user_id as col_0_0_ from user user0_ where user0_.user_user_id=? limit ?
Hibernate: select U.* from USER U where U.USER_USER_ID =?
Hibernate: select character0_.character_id as characte1_6_0_, character0_.character_character_name as characte2_6_0_ from characters character0_ where character0_.character_id=?
Hibernate: select user0_.user_id as col_0_0_ from user user0_ where user0_.user_user_id=? limit ?
Hibernate: select userjoinin0_.user_joining_pool_id as col_0_0_ from user_joining_pool userjoinin0_ where userjoinin0_.user_user_id=? limit ?
Hibernate: select character0_.character_id as col_0_0_ from characters character0_ where character0_.character_character_name=? limit ?
Hibernate: insert into user_joining_pool (user_joining_pool_id, user_created_at, user_name, user_phone_number, user_user_id, user_user_password) values (default, ?, ?, ?, ?, ?)
Hibernate: select user0_.user_id as user_id1_21_0_, user0_.character_id as characte7_21_0_, user0_.user_created_at as user_cre2_21_0_, user0_.user_name as user_nam3_21_0_, user0_.user_phone_number as user_pho4_21_0_, user0_.user_user_id as user_use5_21_0_, user0_.user_user_password as user_use6_21_0_ from user user0_ where user0_.user_id=?
Hibernate: select character0_.character_id as characte1_6_0_, character0_.character_character_name as characte2_6_0_ from characters character0_ where character0_.character_id=?
Hibernate: select count(*) as col_0_0_ from user user0_ where user0_.user_id=?
Hibernate: select character1_.character_id as characte1_6_, character1_.character_character_name as characte2_6_ from user user0_ inner join characters character1_ on user0_.character_id=character1_.character_id where user0_.user_id=?
Hibernate: select permission0_.character_id as characte6_12_0_, permission0_.permission_id as permissi1_12_0_, permission0_.permission_id as permissi1_12_1_, permission0_.character_id as characte6_12_1_, permission0_.permission_name as permissi2_12_1_, permission0_.permission_permission_unit_id as permissi3_12_1_, permission0_.permission_service as permissi4_12_1_, permission0_.permission_status as permissi5_12_1_ from permission permission0_ where permission0_.character_id=?
Hibernate: select userjoinin0_.user_joining_pool_id as col_0_0_ from user_joining_pool userjoinin0_ where userjoinin0_.user_user_id=? limit ?
Hibernate: select userjoinin0_.user_joining_pool_id as user_joi1_22_, userjoinin0_.user_created_at as user_cre2_22_, userjoinin0_.user_name as user_nam3_22_, userjoinin0_.user_phone_number as user_pho4_22_, userjoinin0_.user_user_id as user_use5_22_, userjoinin0_.user_user_password as user_use6_22_ from user_joining_pool userjoinin0_ where userjoinin0_.user_user_id=?
Hibernate: select character0_.character_id as characte1_6_, character0_.character_character_name as characte2_6_ from characters character0_ where character0_.character_character_name=?
Hibernate: insert into user (user_id, character_id, user_created_at, user_name, user_phone_number, user_user_id, user_user_password) values (default, ?, ?, ?, ?, ?, ?)
Hibernate: DELETE FROM USER_JOINING_POOL as JU where JU.USER_USER_ID =?
Hibernate: select user0_.user_id as col_0_0_ from user user0_ where user0_.user_user_id=? limit ?
Hibernate: select user0_.user_id as col_0_0_ from user user0_ where user0_.user_user_id=? limit ?
Hibernate: select U.* from USER U where U.USER_USER_ID =?
Hibernate: select character0_.character_id as characte1_6_0_, character0_.character_character_name as characte2_6_0_ from characters character0_ where character0_.character_id=?
Hibernate: select user0_.user_id as col_0_0_ from user user0_ where user0_.user_user_id=? limit ?
Hibernate: select userjoinin0_.user_joining_pool_id as col_0_0_ from user_joining_pool userjoinin0_ where userjoinin0_.user_user_id=? limit ?
Hibernate: select character0_.character_id as col_0_0_ from characters character0_ where character0_.character_character_name=? limit ?
Hibernate: insert into user_joining_pool (user_joining_pool_id, user_created_at, user_name, user_phone_number, user_user_id, user_user_password) values (default, ?, ?, ?, ?, ?)
Hibernate: select user0_.user_id as user_id1_21_0_, user0_.character_id as characte7_21_0_, user0_.user_created_at as user_cre2_21_0_, user0_.user_name as user_nam3_21_0_, user0_.user_phone_number as user_pho4_21_0_, user0_.user_user_id as user_use5_21_0_, user0_.user_user_password as user_use6_21_0_ from user user0_ where user0_.user_id=?
Hibernate: select character0_.character_id as characte1_6_0_, character0_.character_character_name as characte2_6_0_ from characters character0_ where character0_.character_id=?
Hibernate: select count(*) as col_0_0_ from user user0_ where user0_.user_id=?
Hibernate: select character1_.character_id as characte1_6_, character1_.character_character_name as characte2_6_ from user user0_ inner join characters character1_ on user0_.character_id=character1_.character_id where user0_.user_id=?
Hibernate: select permission0_.character_id as characte6_12_0_, permission0_.permission_id as permissi1_12_0_, permission0_.permission_id as permissi1_12_1_, permission0_.character_id as characte6_12_1_, permission0_.permission_name as permissi2_12_1_, permission0_.permission_permission_unit_id as permissi3_12_1_, permission0_.permission_service as permissi4_12_1_, permission0_.permission_status as permissi5_12_1_ from permission permission0_ where permission0_.character_id=?
Hibernate: select userjoinin0_.user_joining_pool_id as col_0_0_ from user_joining_pool userjoinin0_ where userjoinin0_.user_user_id=? limit ?
Hibernate: select userjoinin0_.user_joining_pool_id as user_joi1_22_, userjoinin0_.user_created_at as user_cre2_22_, userjoinin0_.user_name as user_nam3_22_, userjoinin0_.user_phone_number as user_pho4_22_, userjoinin0_.user_user_id as user_use5_22_, userjoinin0_.user_user_password as user_use6_22_ from user_joining_pool userjoinin0_ where userjoinin0_.user_user_id=?
Hibernate: select character0_.character_id as characte1_6_, character0_.character_character_name as characte2_6_ from characters character0_ where character0_.character_character_name=?
Hibernate: insert into user (user_id, character_id, user_created_at, user_name, user_phone_number, user_user_id, user_user_password) values (default, ?, ?, ?, ?, ?, ?)
Hibernate: DELETE FROM USER_JOINING_POOL as JU where JU.USER_USER_ID =?
Hibernate: select user0_.user_id as user_id1_21_0_, user0_.character_id as characte7_21_0_, user0_.user_created_at as user_cre2_21_0_, user0_.user_name as user_nam3_21_0_, user0_.user_phone_number as user_pho4_21_0_, user0_.user_user_id as user_use5_21_0_, user0_.user_user_password as user_use6_21_0_ from user user0_ where user0_.user_id=?
Hibernate: select character0_.character_id as characte1_6_0_, character0_.character_character_name as characte2_6_0_ from characters character0_ where character0_.character_id=?
Hibernate: select count(*) as col_0_0_ from user user0_ where user0_.user_id=?
Hibernate: select character1_.character_id as characte1_6_, character1_.character_character_name as characte2_6_ from user user0_ inner join characters character1_ on user0_.character_id=character1_.character_id where user0_.user_id=?
Hibernate: select permission0_.character_id as characte6_12_0_, permission0_.permission_id as permissi1_12_0_, permission0_.permission_id as permissi1_12_1_, permission0_.character_id as characte6_12_1_, permission0_.permission_name as permissi2_12_1_, permission0_.permission_permission_unit_id as permissi3_12_1_, permission0_.permission_service as permissi4_12_1_, permission0_.permission_status as permissi5_12_1_ from permission permission0_ where permission0_.character_id=?
Hibernate: select user0_.user_id as col_0_0_ from user user0_ where user0_.user_user_id=? limit ?
Hibernate: select user0_.user_id as col_0_0_ from user user0_ where user0_.user_user_id=? limit ?
Hibernate: select user0_.user_id as col_0_0_ from user user0_ where user0_.user_user_id=? limit ?
Hibernate: select user0_.user_id as col_0_0_ from user user0_ where user0_.user_user_id=? limit ?
Hibernate: select user0_.user_id as col_0_0_ from user user0_ where user0_.user_user_id=? limit ?
Hibernate: select user0_.user_id as user_id1_21_, user0_.character_id as characte7_21_, user0_.user_created_at as user_cre2_21_, user0_.user_name as user_nam3_21_, user0_.user_phone_number as user_pho4_21_, user0_.user_user_id as user_use5_21_, user0_.user_user_password as user_use6_21_ from user user0_ inner join characters character1_ on user0_.character_id=character1_.character_id where user0_.user_user_id=?
Hibernate: select character0_.character_id as characte1_6_0_, character0_.character_character_name as characte2_6_0_ from characters character0_ where character0_.character_id=?
Hibernate: select user0_.user_id as user_id1_21_, user0_.character_id as characte7_21_, user0_.user_created_at as user_cre2_21_, user0_.user_name as user_nam3_21_, user0_.user_phone_number as user_pho4_21_, user0_.user_user_id as user_use5_21_, user0_.user_user_password as user_use6_21_ from user user0_ inner join characters character1_ on user0_.character_id=character1_.character_id where user0_.user_user_id=?
Hibernate: select user0_.user_id as user_id1_21_, user0_.character_id as characte7_21_, user0_.user_created_at as user_cre2_21_, user0_.user_name as user_nam3_21_, user0_.user_phone_number as user_pho4_21_, user0_.user_user_id as user_use5_21_, user0_.user_user_password as user_use6_21_ from user user0_ inner join characters character1_ on user0_.character_id=character1_.character_id where user0_.user_user_id=?
Hibernate: select user0_.user_id as user_id1_21_, user0_.character_id as characte7_21_, user0_.user_created_at as user_cre2_21_, user0_.user_name as user_nam3_21_, user0_.user_phone_number as user_pho4_21_, user0_.user_user_id as user_use5_21_, user0_.user_user_password as user_use6_21_ from user user0_ inner join characters character1_ on user0_.character_id=character1_.character_id where user0_.user_user_id=?
Hibernate: select user0_.user_id as user_id1_21_, user0_.character_id as characte7_21_, user0_.user_created_at as user_cre2_21_, user0_.user_name as user_nam3_21_, user0_.user_phone_number as user_pho4_21_, user0_.user_user_id as user_use5_21_, user0_.user_user_password as user_use6_21_ from user user0_ inner join characters character1_ on user0_.character_id=character1_.character_id where user0_.user_user_id=?
Hibernate: insert into team_building (team_building_team_building_id, team_building_created_at, team_building_last_modified_at, team_building_team_building_title) values (default, ?, ?, ?)
Hibernate: insert into team (team_team_id, team_last_modified_at, team_building_team_building_id, team_team_name) values (default, ?, ?, ?)
Hibernate: insert into team_user (team_user_id, team_team_id, user_id) values (default, ?, ?)
Hibernate: insert into team_user (team_user_id, team_team_id, user_id) values (default, ?, ?)
Hibernate: insert into team_user (team_user_id, team_team_id, user_id) values (default, ?, ?)
Hibernate: insert into team (team_team_id, team_last_modified_at, team_building_team_building_id, team_team_name) values (default, ?, ?, ?)
Hibernate: insert into team_user (team_user_id, team_team_id, user_id) values (default, ?, ?)
Hibernate: insert into team_user (team_user_id, team_team_id, user_id) values (default, ?, ?)
Hibernate: select user0_.user_id as user_id1_21_0_, user0_.character_id as characte7_21_0_, user0_.user_created_at as user_cre2_21_0_, user0_.user_name as user_nam3_21_0_, user0_.user_phone_number as user_pho4_21_0_, user0_.user_user_id as user_use5_21_0_, user0_.user_user_password as user_use6_21_0_ from user user0_ where user0_.user_id=?
Hibernate: select character0_.character_id as characte1_6_0_, character0_.character_character_name as characte2_6_0_ from characters character0_ where character0_.character_id=?
Hibernate: select count(*) as col_0_0_ from team_building teambuildi0_
Hibernate: select count(*) as col_0_0_ from team_building teambuildi0_
Hibernate: select teambuildi0_.team_building_team_building_id as team_bui1_19_, teambuildi0_.team_building_created_at as team_bui2_19_, teambuildi0_.team_building_last_modified_at as team_bui3_19_, teambuildi0_.team_building_team_building_title as team_bui4_19_ from team_building teambuildi0_ order by teambuildi0_.team_building_created_at desc, teambuildi0_.team_building_team_building_id desc limit ?
Hibernate: select teamlist0_.team_building_team_building_id as team_bui4_18_0_, teamlist0_.team_team_id as team_tea1_18_0_, teamlist0_.team_team_id as team_tea1_18_1_, teamlist0_.team_last_modified_at as team_las2_18_1_, teamlist0_.team_building_team_building_id as team_bui4_18_1_, teamlist0_.team_team_name as team_tea3_18_1_ from team teamlist0_ where teamlist0_.team_building_team_building_id=?
Hibernate: select teamuserli0_.team_team_id as team_tea2_20_0_, teamuserli0_.team_user_id as team_use1_20_0_, teamuserli0_.team_user_id as team_use1_20_1_, teamuserli0_.team_team_id as team_tea2_20_1_, teamuserli0_.user_id as user_id3_20_1_ from team_user teamuserli0_ where teamuserli0_.team_team_id=?
Hibernate: select user0_.user_id as user_id1_21_0_, user0_.character_id as characte7_21_0_, user0_.user_created_at as user_cre2_21_0_, user0_.user_name as user_nam3_21_0_, user0_.user_phone_number as user_pho4_21_0_, user0_.user_user_id as user_use5_21_0_, user0_.user_user_password as user_use6_21_0_ from user user0_ where user0_.user_id=?
Hibernate: select character0_.character_id as characte1_6_0_, character0_.character_character_name as characte2_6_0_ from characters character0_ where character0_.character_id=?
Hibernate: select user0_.user_id as user_id1_21_0_, user0_.character_id as characte7_21_0_, user0_.user_created_at as user_cre2_21_0_, user0_.user_name as user_nam3_21_0_, user0_.user_phone_number as user_pho4_21_0_, user0_.user_user_id as user_use5_21_0_, user0_.user_user_password as user_use6_21_0_ from user user0_ where user0_.user_id=?
Hibernate: select user0_.user_id as user_id1_21_0_, user0_.character_id as characte7_21_0_, user0_.user_created_at as user_cre2_21_0_, user0_.user_name as user_nam3_21_0_, user0_.user_phone_number as user_pho4_21_0_, user0_.user_user_id as user_use5_21_0_, user0_.user_user_password as user_use6_21_0_ from user user0_ where user0_.user_id=?
Hibernate: select teamuserli0_.team_team_id as team_tea2_20_0_, teamuserli0_.team_user_id as team_use1_20_0_, teamuserli0_.team_user_id as team_use1_20_1_, teamuserli0_.team_team_id as team_tea2_20_1_, teamuserli0_.user_id as user_id3_20_1_ from team_user teamuserli0_ where teamuserli0_.team_team_id=?
Hibernate: select user0_.user_id as user_id1_21_0_, user0_.character_id as characte7_21_0_, user0_.user_created_at as user_cre2_21_0_, user0_.user_name as user_nam3_21_0_, user0_.user_phone_number as user_pho4_21_0_, user0_.user_user_id as user_use5_21_0_, user0_.user_user_password as user_use6_21_0_ from user user0_ where user0_.user_id=?
Hibernate: select user0_.user_id as user_id1_21_0_, user0_.character_id as characte7_21_0_, user0_.user_created_at as user_cre2_21_0_, user0_.user_name as user_nam3_21_0_, user0_.user_phone_number as user_pho4_21_0_, user0_.user_user_id as user_use5_21_0_, user0_.user_user_password as user_use6_21_0_ from user user0_ where user0_.user_id=?
Hibernate: select user0_.user_id as user_id1_21_0_, user0_.character_id as characte7_21_0_, user0_.user_created_at as user_cre2_21_0_, user0_.user_name as user_nam3_21_0_, user0_.user_phone_number as user_pho4_21_0_, user0_.user_user_id as user_use5_21_0_, user0_.user_user_password as user_use6_21_0_ from user user0_ where user0_.user_id=?
Hibernate: select character0_.character_id as characte1_6_0_, character0_.character_character_name as characte2_6_0_ from characters character0_ where character0_.character_id=?
Hibernate: select count(*) as col_0_0_ from user user0_ where user0_.user_id=?
Hibernate: select character1_.character_id as characte1_6_, character1_.character_character_name as characte2_6_ from user user0_ inner join characters character1_ on user0_.character_id=character1_.character_id where user0_.user_id=?
Hibernate: select permission0_.character_id as characte6_12_0_, permission0_.permission_id as permissi1_12_0_, permission0_.permission_id as permissi1_12_1_, permission0_.character_id as characte6_12_1_, permission0_.permission_name as permissi2_12_1_, permission0_.permission_permission_unit_id as permissi3_12_1_, permission0_.permission_service as permissi4_12_1_, permission0_.permission_status as permissi5_12_1_ from permission permission0_ where permission0_.character_id=?
Hibernate: select count(*) as col_0_0_ from team team0_ where team0_.team_team_id=?
Hibernate: select team0_.team_team_id as team_tea1_18_0_, team0_.team_last_modified_at as team_las2_18_0_, team0_.team_building_team_building_id as team_bui4_18_0_, team0_.team_team_name as team_tea3_18_0_ from team team0_ where team0_.team_team_id=?
Hibernate: select teambuildi0_.team_building_team_building_id as team_bui1_19_0_, teambuildi0_.team_building_created_at as team_bui2_19_0_, teambuildi0_.team_building_last_modified_at as team_bui3_19_0_, teambuildi0_.team_building_team_building_title as team_bui4_19_0_ from team_building teambuildi0_ where teambuildi0_.team_building_team_building_id=?
Hibernate: select teamuserli0_.team_team_id as team_tea2_20_0_, teamuserli0_.team_user_id as team_use1_20_0_, teamuserli0_.team_user_id as team_use1_20_1_, teamuserli0_.team_team_id as team_tea2_20_1_, teamuserli0_.user_id as user_id3_20_1_ from team_user teamuserli0_ where teamuserli0_.team_team_id=?
Hibernate: select user0_.user_id as user_id1_21_0_, user0_.character_id as characte7_21_0_, user0_.user_created_at as user_cre2_21_0_, user0_.user_name as user_nam3_21_0_, user0_.user_phone_number as user_pho4_21_0_, user0_.user_user_id as user_use5_21_0_, user0_.user_user_password as user_use6_21_0_ from user user0_ where user0_.user_id=?
Hibernate: select character0_.character_id as characte1_6_0_, character0_.character_character_name as characte2_6_0_ from characters character0_ where character0_.character_id=?
Hibernate: select user0_.user_id as user_id1_21_0_, user0_.character_id as characte7_21_0_, user0_.user_created_at as user_cre2_21_0_, user0_.user_name as user_nam3_21_0_, user0_.user_phone_number as user_pho4_21_0_, user0_.user_user_id as user_use5_21_0_, user0_.user_user_password as user_use6_21_0_ from user user0_ where user0_.user_id=?
Hibernate: select user0_.user_id as user_id1_21_0_, user0_.character_id as characte7_21_0_, user0_.user_created_at as user_cre2_21_0_, user0_.user_name as user_nam3_21_0_, user0_.user_phone_number as user_pho4_21_0_, user0_.user_user_id as user_use5_21_0_, user0_.user_user_password as user_use6_21_0_ from user user0_ where user0_.user_id=?
Hibernate: SELECT * FROM TEAM WHERE TEAM_BUILDING_TEAM_BUILDING_ID = ?
Hibernate: select teamuserli0_.team_team_id as team_tea2_20_0_, teamuserli0_.team_user_id as team_use1_20_0_, teamuserli0_.team_user_id as team_use1_20_1_, teamuserli0_.team_team_id as team_tea2_20_1_, teamuserli0_.user_id as user_id3_20_1_ from team_user teamuserli0_ where teamuserli0_.team_team_id=?
Hibernate: select user0_.user_id as user_id1_21_0_, user0_.character_id as characte7_21_0_, user0_.user_created_at as user_cre2_21_0_, user0_.user_name as user_nam3_21_0_, user0_.user_phone_number as user_pho4_21_0_, user0_.user_user_id as user_use5_21_0_, user0_.user_user_password as user_use6_21_0_ from user user0_ where user0_.user_id=?
Hibernate: select user0_.user_id as user_id1_21_0_, user0_.character_id as characte7_21_0_, user0_.user_created_at as user_cre2_21_0_, user0_.user_name as user_nam3_21_0_, user0_.user_phone_number as user_pho4_21_0_, user0_.user_user_id as user_use5_21_0_, user0_.user_user_password as user_use6_21_0_ from user user0_ where user0_.user_id=?

MockHttpServletRequest:
      HTTP Method = PUT
      Request URI = /teambuilding/33
       Parameters = {}
          Headers = [Content-Type:"application/json;charset=UTF-8", Accept:"application/json", api-version:"1.0", Authorization:"Bearer eyJhbGciOiJIUzI1NiJ9.eyJzdWIiOiIxIiwiaWF0IjoxNjg3ODc3NDY5LCJleHAiOjE2ODc4ODEwNjl9.5GpcrqH17WaCEi6670WViYdxZ8Db7S7TQOeUs9MSnKg", Content-Length:"35"]
             Body = {"team_name":"Team 1","members":[]}
    Session Attrs = {}

Handler:
             Type = org.waldreg.controller.teambuilding.TeamBuildingController
           Method = org.waldreg.controller.teambuilding.TeamBuildingController#updateTeamByTeamId(int, TeamRequest)

Async:
    Async started = false
     Async result = null

Resolved Exception:
             Type = org.waldreg.teambuilding.exception.DuplicatedTeamNameException

ModelAndView:
        View name = null
             View = null
            Model = null

FlashMap:
       Attributes = null

MockHttpServletResponse:
           Status = 400
    Error message = null
          Headers = [Vary:"Origin", "Access-Control-Request-Method", "Access-Control-Request-Headers", Api-version:"1.0", Content-Type:"application/json"]
     Content type = application/json
             Body = {"code":"TEAMBUILDING-406","messages":"Duplicated team name \"Team 1\"","document_url":"docs.waldreg.org"}
    Forwarded URL = null
   Redirected URL = null
          Cookies = []
Hibernate: select user0_.user_id as col_0_0_ from user user0_ where user0_.user_user_id=? limit ?
Hibernate: select user0_.user_id as col_0_0_ from user user0_ where user0_.user_user_id=? limit ?
Hibernate: select U.* from USER U where U.USER_USER_ID =?
Hibernate: select character0_.character_id as characte1_6_0_, character0_.character_character_name as characte2_6_0_ from characters character0_ where character0_.character_id=?
Hibernate: select user0_.user_id as user_id1_21_0_, user0_.character_id as characte7_21_0_, user0_.user_created_at as user_cre2_21_0_, user0_.user_name as user_nam3_21_0_, user0_.user_phone_number as user_pho4_21_0_, user0_.user_user_id as user_use5_21_0_, user0_.user_user_password as user_use6_21_0_ from user user0_ where user0_.user_id=?
Hibernate: select character0_.character_id as characte1_6_0_, character0_.character_character_name as characte2_6_0_ from characters character0_ where character0_.character_id=?
Hibernate: select count(*) as col_0_0_ from team_building teambuildi0_
Hibernate: select count(*) as col_0_0_ from team_building teambuildi0_
Hibernate: select teambuildi0_.team_building_team_building_id as team_bui1_19_, teambuildi0_.team_building_created_at as team_bui2_19_, teambuildi0_.team_building_last_modified_at as team_bui3_19_, teambuildi0_.team_building_team_building_title as team_bui4_19_ from team_building teambuildi0_ order by teambuildi0_.team_building_created_at desc, teambuildi0_.team_building_team_building_id desc limit ?
Hibernate: select teamlist0_.team_building_team_building_id as team_bui4_18_0_, teamlist0_.team_team_id as team_tea1_18_0_, teamlist0_.team_team_id as team_tea1_18_1_, teamlist0_.team_last_modified_at as team_las2_18_1_, teamlist0_.team_building_team_building_id as team_bui4_18_1_, teamlist0_.team_team_name as team_tea3_18_1_ from team teamlist0_ where teamlist0_.team_building_team_building_id=?
Hibernate: select teamuserli0_.team_team_id as team_tea2_20_0_, teamuserli0_.team_user_id as team_use1_20_0_, teamuserli0_.team_user_id as team_use1_20_1_, teamuserli0_.team_team_id as team_tea2_20_1_, teamuserli0_.user_id as user_id3_20_1_ from team_user teamuserli0_ where teamuserli0_.team_team_id=?
Hibernate: select user0_.user_id as user_id1_21_0_, user0_.character_id as characte7_21_0_, user0_.user_created_at as user_cre2_21_0_, user0_.user_name as user_nam3_21_0_, user0_.user_phone_number as user_pho4_21_0_, user0_.user_user_id as user_use5_21_0_, user0_.user_user_password as user_use6_21_0_ from user user0_ where user0_.user_id=?
Hibernate: select character0_.character_id as characte1_6_0_, character0_.character_character_name as characte2_6_0_ from characters character0_ where character0_.character_id=?
Hibernate: select user0_.user_id as user_id1_21_0_, user0_.character_id as characte7_21_0_, user0_.user_created_at as user_cre2_21_0_, user0_.user_name as user_nam3_21_0_, user0_.user_phone_number as user_pho4_21_0_, user0_.user_user_id as user_use5_21_0_, user0_.user_user_password as user_use6_21_0_ from user user0_ where user0_.user_id=?
Hibernate: select user0_.user_id as user_id1_21_0_, user0_.character_id as characte7_21_0_, user0_.user_created_at as user_cre2_21_0_, user0_.user_name as user_nam3_21_0_, user0_.user_phone_number as user_pho4_21_0_, user0_.user_user_id as user_use5_21_0_, user0_.user_user_password as user_use6_21_0_ from user user0_ where user0_.user_id=?
Hibernate: select teamuserli0_.team_team_id as team_tea2_20_0_, teamuserli0_.team_user_id as team_use1_20_0_, teamuserli0_.team_user_id as team_use1_20_1_, teamuserli0_.team_team_id as team_tea2_20_1_, teamuserli0_.user_id as user_id3_20_1_ from team_user teamuserli0_ where teamuserli0_.team_team_id=?
Hibernate: select user0_.user_id as user_id1_21_0_, user0_.character_id as characte7_21_0_, user0_.user_created_at as user_cre2_21_0_, user0_.user_name as user_nam3_21_0_, user0_.user_phone_number as user_pho4_21_0_, user0_.user_user_id as user_use5_21_0_, user0_.user_user_password as user_use6_21_0_ from user user0_ where user0_.user_id=?
Hibernate: select user0_.user_id as user_id1_21_0_, user0_.character_id as characte7_21_0_, user0_.user_created_at as user_cre2_21_0_, user0_.user_name as user_nam3_21_0_, user0_.user_phone_number as user_pho4_21_0_, user0_.user_user_id as user_use5_21_0_, user0_.user_user_password as user_use6_21_0_ from user user0_ where user0_.user_id=?
Hibernate: select user0_.user_id as user_id1_21_0_, user0_.character_id as characte7_21_0_, user0_.user_created_at as user_cre2_21_0_, user0_.user_name as user_nam3_21_0_, user0_.user_phone_number as user_pho4_21_0_, user0_.user_user_id as user_use5_21_0_, user0_.user_user_password as user_use6_21_0_ from user user0_ where user0_.user_id=?
Hibernate: select character0_.character_id as characte1_6_0_, character0_.character_character_name as characte2_6_0_ from characters character0_ where character0_.character_id=?
Hibernate: select count(*) as col_0_0_ from user user0_ where user0_.user_id=?
Hibernate: select character1_.character_id as characte1_6_, character1_.character_character_name as characte2_6_ from user user0_ inner join characters character1_ on user0_.character_id=character1_.character_id where user0_.user_id=?
Hibernate: select permission0_.character_id as characte6_12_0_, permission0_.permission_id as permissi1_12_0_, permission0_.permission_id as permissi1_12_1_, permission0_.character_id as characte6_12_1_, permission0_.permission_name as permissi2_12_1_, permission0_.permission_permission_unit_id as permissi3_12_1_, permission0_.permission_service as permissi4_12_1_, permission0_.permission_status as permissi5_12_1_ from permission permission0_ where permission0_.character_id=?
Hibernate: select count(*) as col_0_0_ from team_building teambuildi0_ where teambuildi0_.team_building_team_building_id=?
Hibernate: select teambuildi0_.team_building_team_building_id as team_bui1_19_0_, teambuildi0_.team_building_created_at as team_bui2_19_0_, teambuildi0_.team_building_last_modified_at as team_bui3_19_0_, teambuildi0_.team_building_team_building_title as team_bui4_19_0_ from team_building teambuildi0_ where teambuildi0_.team_building_team_building_id=?
Hibernate: select teamlist0_.team_building_team_building_id as team_bui4_18_0_, teamlist0_.team_team_id as team_tea1_18_0_, teamlist0_.team_team_id as team_tea1_18_1_, teamlist0_.team_last_modified_at as team_las2_18_1_, teamlist0_.team_building_team_building_id as team_bui4_18_1_, teamlist0_.team_team_name as team_tea3_18_1_ from team teamlist0_ where teamlist0_.team_building_team_building_id=?
Hibernate: select teamuserli0_.team_team_id as team_tea2_20_0_, teamuserli0_.team_user_id as team_use1_20_0_, teamuserli0_.team_user_id as team_use1_20_1_, teamuserli0_.team_team_id as team_tea2_20_1_, teamuserli0_.user_id as user_id3_20_1_ from team_user teamuserli0_ where teamuserli0_.team_team_id=?
Hibernate: select user0_.user_id as user_id1_21_0_, user0_.character_id as characte7_21_0_, user0_.user_created_at as user_cre2_21_0_, user0_.user_name as user_nam3_21_0_, user0_.user_phone_number as user_pho4_21_0_, user0_.user_user_id as user_use5_21_0_, user0_.user_user_password as user_use6_21_0_ from user user0_ where user0_.user_id=?
Hibernate: select character0_.character_id as characte1_6_0_, character0_.character_character_name as characte2_6_0_ from characters character0_ where character0_.character_id=?
Hibernate: select user0_.user_id as user_id1_21_0_, user0_.character_id as characte7_21_0_, user0_.user_created_at as user_cre2_21_0_, user0_.user_name as user_nam3_21_0_, user0_.user_phone_number as user_pho4_21_0_, user0_.user_user_id as user_use5_21_0_, user0_.user_user_password as user_use6_21_0_ from user user0_ where user0_.user_id=?
Hibernate: select user0_.user_id as user_id1_21_0_, user0_.character_id as characte7_21_0_, user0_.user_created_at as user_cre2_21_0_, user0_.user_name as user_nam3_21_0_, user0_.user_phone_number as user_pho4_21_0_, user0_.user_user_id as user_use5_21_0_, user0_.user_user_password as user_use6_21_0_ from user user0_ where user0_.user_id=?
Hibernate: select teamuserli0_.team_team_id as team_tea2_20_0_, teamuserli0_.team_user_id as team_use1_20_0_, teamuserli0_.team_user_id as team_use1_20_1_, teamuserli0_.team_team_id as team_tea2_20_1_, teamuserli0_.user_id as user_id3_20_1_ from team_user teamuserli0_ where teamuserli0_.team_team_id=?
Hibernate: select user0_.user_id as user_id1_21_0_, user0_.character_id as characte7_21_0_, user0_.user_created_at as user_cre2_21_0_, user0_.user_name as user_nam3_21_0_, user0_.user_phone_number as user_pho4_21_0_, user0_.user_user_id as user_use5_21_0_, user0_.user_user_password as user_use6_21_0_ from user user0_ where user0_.user_id=?
Hibernate: select user0_.user_id as user_id1_21_0_, user0_.character_id as characte7_21_0_, user0_.user_created_at as user_cre2_21_0_, user0_.user_name as user_nam3_21_0_, user0_.user_phone_number as user_pho4_21_0_, user0_.user_user_id as user_use5_21_0_, user0_.user_user_password as user_use6_21_0_ from user user0_ where user0_.user_id=?
Hibernate: delete from team_user where team_user_id=?
Hibernate: delete from team_user where team_user_id=?
Hibernate: delete from team_user where team_user_id=?
Hibernate: delete from team where team_team_id=?
Hibernate: delete from team_user where team_user_id=?
Hibernate: delete from team_user where team_user_id=?
Hibernate: delete from team where team_team_id=?
Hibernate: delete from team_building where team_building_team_building_id=?
Hibernate: select user0_.user_id as user_id1_21_0_, user0_.character_id as characte7_21_0_, user0_.user_created_at as user_cre2_21_0_, user0_.user_name as user_nam3_21_0_, user0_.user_phone_number as user_pho4_21_0_, user0_.user_user_id as user_use5_21_0_, user0_.user_user_password as user_use6_21_0_ from user user0_ where user0_.user_id=?
Hibernate: select character0_.character_id as characte1_6_0_, character0_.character_character_name as characte2_6_0_ from characters character0_ where character0_.character_id=?
Hibernate: select count(*) as col_0_0_ from team_building teambuildi0_ where teambuildi0_.team_building_team_building_id=?
Hibernate: select user0_.user_id as col_0_0_ from user user0_ where user0_.user_user_id=? limit ?
Hibernate: select user0_.user_id as col_0_0_ from user user0_ where user0_.user_user_id=? limit ?
Hibernate: select U.* from USER U where U.USER_USER_ID =?
Hibernate: select character0_.character_id as characte1_6_0_, character0_.character_character_name as characte2_6_0_ from characters character0_ where character0_.character_id=?
Hibernate: select user0_.user_id as col_0_0_ from user user0_ where user0_.user_user_id=? limit ?
Hibernate: select user0_.user_id as user_id1_21_, user0_.character_id as characte7_21_, user0_.user_created_at as user_cre2_21_, user0_.user_name as user_nam3_21_, user0_.user_phone_number as user_pho4_21_, user0_.user_user_id as user_use5_21_, user0_.user_user_password as user_use6_21_ from user user0_ inner join characters character1_ on user0_.character_id=character1_.character_id where user0_.user_user_id=?
Hibernate: select character0_.character_id as characte1_6_0_, character0_.character_character_name as characte2_6_0_ from characters character0_ where character0_.character_id=?
Hibernate: select rewardtagw0_.user_id as user_id4_16_0_, rewardtagw0_.reward_tag_wrapper_reward_id as reward_t1_16_0_, rewardtagw0_.reward_tag_wrapper_reward_id as reward_t1_16_1_, rewardtagw0_.reward_tag_wrapper_reward_presented_at as reward_t2_16_1_, rewardtagw0_.reward_tag_reward_tag_id as reward_t3_16_1_, rewardtagw0_.user_id as user_id4_16_1_ from reward_tag_wrapper rewardtagw0_ where rewardtagw0_.user_id=?
Hibernate: select user0_.user_id as user_id1_21_0_, user0_.character_id as characte7_21_0_, user0_.user_created_at as user_cre2_21_0_, user0_.user_name as user_nam3_21_0_, user0_.user_phone_number as user_pho4_21_0_, user0_.user_user_id as user_use5_21_0_, user0_.user_user_password as user_use6_21_0_ from user user0_ where user0_.user_id=?
Hibernate: select character0_.character_id as characte1_6_0_, character0_.character_character_name as characte2_6_0_ from characters character0_ where character0_.character_id=?
Hibernate: select count(*) as col_0_0_ from user user0_ where user0_.user_id=?
Hibernate: select character1_.character_id as characte1_6_, character1_.character_character_name as characte2_6_ from user user0_ inner join characters character1_ on user0_.character_id=character1_.character_id where user0_.user_id=?
Hibernate: select permission0_.character_id as characte6_12_0_, permission0_.permission_id as permissi1_12_0_, permission0_.permission_id as permissi1_12_1_, permission0_.character_id as characte6_12_1_, permission0_.permission_name as permissi2_12_1_, permission0_.permission_permission_unit_id as permissi3_12_1_, permission0_.permission_service as permissi4_12_1_, permission0_.permission_status as permissi5_12_1_ from permission permission0_ where permission0_.character_id=?
Hibernate: select count(*) as col_0_0_ from user user0_ where user0_.user_id=?
Hibernate: select user0_.user_id as user_id1_21_, user0_.character_id as characte7_21_, user0_.user_created_at as user_cre2_21_, user0_.user_name as user_nam3_21_, user0_.user_phone_number as user_pho4_21_, user0_.user_user_id as user_use5_21_, user0_.user_user_password as user_use6_21_ from user user0_ where user0_.user_id=?
Hibernate: select character0_.character_id as characte1_6_0_, character0_.character_character_name as characte2_6_0_ from characters character0_ where character0_.character_id=?
Hibernate: select rewardtagw0_.user_id as user_id4_16_0_, rewardtagw0_.reward_tag_wrapper_reward_id as reward_t1_16_0_, rewardtagw0_.reward_tag_wrapper_reward_id as reward_t1_16_1_, rewardtagw0_.reward_tag_wrapper_reward_presented_at as reward_t2_16_1_, rewardtagw0_.reward_tag_reward_tag_id as reward_t3_16_1_, rewardtagw0_.user_id as user_id4_16_1_ from reward_tag_wrapper rewardtagw0_ where rewardtagw0_.user_id=?
Hibernate: select attendance0_.attendance_user_attendance_user_id as col_0_0_ from attendance_user attendance0_ where attendance0_.user_id=? limit ?
Hibernate: DELETE FROM USER WHERE USER_ID = ?
Hibernate: select user0_.user_id as col_0_0_ from user user0_ where user0_.user_user_id=? limit ?
Hibernate: select user0_.user_id as col_0_0_ from user user0_ where user0_.user_user_id=? limit ?
Hibernate: select user0_.user_id as user_id1_21_, user0_.character_id as characte7_21_, user0_.user_created_at as user_cre2_21_, user0_.user_name as user_nam3_21_, user0_.user_phone_number as user_pho4_21_, user0_.user_user_id as user_use5_21_, user0_.user_user_password as user_use6_21_ from user user0_ inner join characters character1_ on user0_.character_id=character1_.character_id where user0_.user_user_id=?
Hibernate: select character0_.character_id as characte1_6_0_, character0_.character_character_name as characte2_6_0_ from characters character0_ where character0_.character_id=?
Hibernate: select rewardtagw0_.user_id as user_id4_16_0_, rewardtagw0_.reward_tag_wrapper_reward_id as reward_t1_16_0_, rewardtagw0_.reward_tag_wrapper_reward_id as reward_t1_16_1_, rewardtagw0_.reward_tag_wrapper_reward_presented_at as reward_t2_16_1_, rewardtagw0_.reward_tag_reward_tag_id as reward_t3_16_1_, rewardtagw0_.user_id as user_id4_16_1_ from reward_tag_wrapper rewardtagw0_ where rewardtagw0_.user_id=?
Hibernate: select user0_.user_id as user_id1_21_0_, user0_.character_id as characte7_21_0_, user0_.user_created_at as user_cre2_21_0_, user0_.user_name as user_nam3_21_0_, user0_.user_phone_number as user_pho4_21_0_, user0_.user_user_id as user_use5_21_0_, user0_.user_user_password as user_use6_21_0_ from user user0_ where user0_.user_id=?
Hibernate: select character0_.character_id as characte1_6_0_, character0_.character_character_name as characte2_6_0_ from characters character0_ where character0_.character_id=?
Hibernate: select count(*) as col_0_0_ from user user0_ where user0_.user_id=?
Hibernate: select character1_.character_id as characte1_6_, character1_.character_character_name as characte2_6_ from user user0_ inner join characters character1_ on user0_.character_id=character1_.character_id where user0_.user_id=?
Hibernate: select permission0_.character_id as characte6_12_0_, permission0_.permission_id as permissi1_12_0_, permission0_.permission_id as permissi1_12_1_, permission0_.character_id as characte6_12_1_, permission0_.permission_name as permissi2_12_1_, permission0_.permission_permission_unit_id as permissi3_12_1_, permission0_.permission_service as permissi4_12_1_, permission0_.permission_status as permissi5_12_1_ from permission permission0_ where permission0_.character_id=?
Hibernate: select count(*) as col_0_0_ from user user0_ where user0_.user_id=?
Hibernate: select user0_.user_id as user_id1_21_, user0_.character_id as characte7_21_, user0_.user_created_at as user_cre2_21_, user0_.user_name as user_nam3_21_, user0_.user_phone_number as user_pho4_21_, user0_.user_user_id as user_use5_21_, user0_.user_user_password as user_use6_21_ from user user0_ where user0_.user_id=?
Hibernate: select character0_.character_id as characte1_6_0_, character0_.character_character_name as characte2_6_0_ from characters character0_ where character0_.character_id=?
Hibernate: select rewardtagw0_.user_id as user_id4_16_0_, rewardtagw0_.reward_tag_wrapper_reward_id as reward_t1_16_0_, rewardtagw0_.reward_tag_wrapper_reward_id as reward_t1_16_1_, rewardtagw0_.reward_tag_wrapper_reward_presented_at as reward_t2_16_1_, rewardtagw0_.reward_tag_reward_tag_id as reward_t3_16_1_, rewardtagw0_.user_id as user_id4_16_1_ from reward_tag_wrapper rewardtagw0_ where rewardtagw0_.user_id=?
Hibernate: select attendance0_.attendance_user_attendance_user_id as col_0_0_ from attendance_user attendance0_ where attendance0_.user_id=? limit ?
Hibernate: DELETE FROM USER WHERE USER_ID = ?
Hibernate: select user0_.user_id as col_0_0_ from user user0_ where user0_.user_user_id=? limit ?
Hibernate: select user0_.user_id as col_0_0_ from user user0_ where user0_.user_user_id=? limit ?
Hibernate: select user0_.user_id as user_id1_21_, user0_.character_id as characte7_21_, user0_.user_created_at as user_cre2_21_, user0_.user_name as user_nam3_21_, user0_.user_phone_number as user_pho4_21_, user0_.user_user_id as user_use5_21_, user0_.user_user_password as user_use6_21_ from user user0_ inner join characters character1_ on user0_.character_id=character1_.character_id where user0_.user_user_id=?
Hibernate: select character0_.character_id as characte1_6_0_, character0_.character_character_name as characte2_6_0_ from characters character0_ where character0_.character_id=?
Hibernate: select rewardtagw0_.user_id as user_id4_16_0_, rewardtagw0_.reward_tag_wrapper_reward_id as reward_t1_16_0_, rewardtagw0_.reward_tag_wrapper_reward_id as reward_t1_16_1_, rewardtagw0_.reward_tag_wrapper_reward_presented_at as reward_t2_16_1_, rewardtagw0_.reward_tag_reward_tag_id as reward_t3_16_1_, rewardtagw0_.user_id as user_id4_16_1_ from reward_tag_wrapper rewardtagw0_ where rewardtagw0_.user_id=?
Hibernate: select user0_.user_id as user_id1_21_0_, user0_.character_id as characte7_21_0_, user0_.user_created_at as user_cre2_21_0_, user0_.user_name as user_nam3_21_0_, user0_.user_phone_number as user_pho4_21_0_, user0_.user_user_id as user_use5_21_0_, user0_.user_user_password as user_use6_21_0_ from user user0_ where user0_.user_id=?
Hibernate: select character0_.character_id as characte1_6_0_, character0_.character_character_name as characte2_6_0_ from characters character0_ where character0_.character_id=?
Hibernate: select count(*) as col_0_0_ from user user0_ where user0_.user_id=?
Hibernate: select character1_.character_id as characte1_6_, character1_.character_character_name as characte2_6_ from user user0_ inner join characters character1_ on user0_.character_id=character1_.character_id where user0_.user_id=?
Hibernate: select permission0_.character_id as characte6_12_0_, permission0_.permission_id as permissi1_12_0_, permission0_.permission_id as permissi1_12_1_, permission0_.character_id as characte6_12_1_, permission0_.permission_name as permissi2_12_1_, permission0_.permission_permission_unit_id as permissi3_12_1_, permission0_.permission_service as permissi4_12_1_, permission0_.permission_status as permissi5_12_1_ from permission permission0_ where permission0_.character_id=?
Hibernate: select count(*) as col_0_0_ from user user0_ where user0_.user_id=?
Hibernate: select user0_.user_id as user_id1_21_, user0_.character_id as characte7_21_, user0_.user_created_at as user_cre2_21_, user0_.user_name as user_nam3_21_, user0_.user_phone_number as user_pho4_21_, user0_.user_user_id as user_use5_21_, user0_.user_user_password as user_use6_21_ from user user0_ where user0_.user_id=?
Hibernate: select character0_.character_id as characte1_6_0_, character0_.character_character_name as characte2_6_0_ from characters character0_ where character0_.character_id=?
Hibernate: select rewardtagw0_.user_id as user_id4_16_0_, rewardtagw0_.reward_tag_wrapper_reward_id as reward_t1_16_0_, rewardtagw0_.reward_tag_wrapper_reward_id as reward_t1_16_1_, rewardtagw0_.reward_tag_wrapper_reward_presented_at as reward_t2_16_1_, rewardtagw0_.reward_tag_reward_tag_id as reward_t3_16_1_, rewardtagw0_.user_id as user_id4_16_1_ from reward_tag_wrapper rewardtagw0_ where rewardtagw0_.user_id=?
Hibernate: select attendance0_.attendance_user_attendance_user_id as col_0_0_ from attendance_user attendance0_ where attendance0_.user_id=? limit ?
Hibernate: DELETE FROM USER WHERE USER_ID = ?
Hibernate: select user0_.user_id as col_0_0_ from user user0_ where user0_.user_user_id=? limit ?
Hibernate: select user0_.user_id as col_0_0_ from user user0_ where user0_.user_user_id=? limit ?
Hibernate: select user0_.user_id as user_id1_21_, user0_.character_id as characte7_21_, user0_.user_created_at as user_cre2_21_, user0_.user_name as user_nam3_21_, user0_.user_phone_number as user_pho4_21_, user0_.user_user_id as user_use5_21_, user0_.user_user_password as user_use6_21_ from user user0_ inner join characters character1_ on user0_.character_id=character1_.character_id where user0_.user_user_id=?
Hibernate: select character0_.character_id as characte1_6_0_, character0_.character_character_name as characte2_6_0_ from characters character0_ where character0_.character_id=?
Hibernate: select rewardtagw0_.user_id as user_id4_16_0_, rewardtagw0_.reward_tag_wrapper_reward_id as reward_t1_16_0_, rewardtagw0_.reward_tag_wrapper_reward_id as reward_t1_16_1_, rewardtagw0_.reward_tag_wrapper_reward_presented_at as reward_t2_16_1_, rewardtagw0_.reward_tag_reward_tag_id as reward_t3_16_1_, rewardtagw0_.user_id as user_id4_16_1_ from reward_tag_wrapper rewardtagw0_ where rewardtagw0_.user_id=?
Hibernate: select user0_.user_id as user_id1_21_0_, user0_.character_id as characte7_21_0_, user0_.user_created_at as user_cre2_21_0_, user0_.user_name as user_nam3_21_0_, user0_.user_phone_number as user_pho4_21_0_, user0_.user_user_id as user_use5_21_0_, user0_.user_user_password as user_use6_21_0_ from user user0_ where user0_.user_id=?
Hibernate: select character0_.character_id as characte1_6_0_, character0_.character_character_name as characte2_6_0_ from characters character0_ where character0_.character_id=?
Hibernate: select count(*) as col_0_0_ from user user0_ where user0_.user_id=?
Hibernate: select character1_.character_id as characte1_6_, character1_.character_character_name as characte2_6_ from user user0_ inner join characters character1_ on user0_.character_id=character1_.character_id where user0_.user_id=?
Hibernate: select permission0_.character_id as characte6_12_0_, permission0_.permission_id as permissi1_12_0_, permission0_.permission_id as permissi1_12_1_, permission0_.character_id as characte6_12_1_, permission0_.permission_name as permissi2_12_1_, permission0_.permission_permission_unit_id as permissi3_12_1_, permission0_.permission_service as permissi4_12_1_, permission0_.permission_status as permissi5_12_1_ from permission permission0_ where permission0_.character_id=?
Hibernate: select count(*) as col_0_0_ from user user0_ where user0_.user_id=?
Hibernate: select user0_.user_id as user_id1_21_, user0_.character_id as characte7_21_, user0_.user_created_at as user_cre2_21_, user0_.user_name as user_nam3_21_, user0_.user_phone_number as user_pho4_21_, user0_.user_user_id as user_use5_21_, user0_.user_user_password as user_use6_21_ from user user0_ where user0_.user_id=?
Hibernate: select character0_.character_id as characte1_6_0_, character0_.character_character_name as characte2_6_0_ from characters character0_ where character0_.character_id=?
Hibernate: select rewardtagw0_.user_id as user_id4_16_0_, rewardtagw0_.reward_tag_wrapper_reward_id as reward_t1_16_0_, rewardtagw0_.reward_tag_wrapper_reward_id as reward_t1_16_1_, rewardtagw0_.reward_tag_wrapper_reward_presented_at as reward_t2_16_1_, rewardtagw0_.reward_tag_reward_tag_id as reward_t3_16_1_, rewardtagw0_.user_id as user_id4_16_1_ from reward_tag_wrapper rewardtagw0_ where rewardtagw0_.user_id=?
Hibernate: select attendance0_.attendance_user_attendance_user_id as col_0_0_ from attendance_user attendance0_ where attendance0_.user_id=? limit ?
Hibernate: DELETE FROM USER WHERE USER_ID = ?
Hibernate: select user0_.user_id as col_0_0_ from user user0_ where user0_.user_user_id=? limit ?
Hibernate: select user0_.user_id as col_0_0_ from user user0_ where user0_.user_user_id=? limit ?
Hibernate: select user0_.user_id as user_id1_21_, user0_.character_id as characte7_21_, user0_.user_created_at as user_cre2_21_, user0_.user_name as user_nam3_21_, user0_.user_phone_number as user_pho4_21_, user0_.user_user_id as user_use5_21_, user0_.user_user_password as user_use6_21_ from user user0_ inner join characters character1_ on user0_.character_id=character1_.character_id where user0_.user_user_id=?
Hibernate: select character0_.character_id as characte1_6_0_, character0_.character_character_name as characte2_6_0_ from characters character0_ where character0_.character_id=?
Hibernate: select rewardtagw0_.user_id as user_id4_16_0_, rewardtagw0_.reward_tag_wrapper_reward_id as reward_t1_16_0_, rewardtagw0_.reward_tag_wrapper_reward_id as reward_t1_16_1_, rewardtagw0_.reward_tag_wrapper_reward_presented_at as reward_t2_16_1_, rewardtagw0_.reward_tag_reward_tag_id as reward_t3_16_1_, rewardtagw0_.user_id as user_id4_16_1_ from reward_tag_wrapper rewardtagw0_ where rewardtagw0_.user_id=?
Hibernate: select user0_.user_id as user_id1_21_0_, user0_.character_id as characte7_21_0_, user0_.user_created_at as user_cre2_21_0_, user0_.user_name as user_nam3_21_0_, user0_.user_phone_number as user_pho4_21_0_, user0_.user_user_id as user_use5_21_0_, user0_.user_user_password as user_use6_21_0_ from user user0_ where user0_.user_id=?
Hibernate: select character0_.character_id as characte1_6_0_, character0_.character_character_name as characte2_6_0_ from characters character0_ where character0_.character_id=?
Hibernate: select count(*) as col_0_0_ from user user0_ where user0_.user_id=?
Hibernate: select character1_.character_id as characte1_6_, character1_.character_character_name as characte2_6_ from user user0_ inner join characters character1_ on user0_.character_id=character1_.character_id where user0_.user_id=?
Hibernate: select permission0_.character_id as characte6_12_0_, permission0_.permission_id as permissi1_12_0_, permission0_.permission_id as permissi1_12_1_, permission0_.character_id as characte6_12_1_, permission0_.permission_name as permissi2_12_1_, permission0_.permission_permission_unit_id as permissi3_12_1_, permission0_.permission_service as permissi4_12_1_, permission0_.permission_status as permissi5_12_1_ from permission permission0_ where permission0_.character_id=?
Hibernate: select count(*) as col_0_0_ from user user0_ where user0_.user_id=?
Hibernate: select user0_.user_id as user_id1_21_, user0_.character_id as characte7_21_, user0_.user_created_at as user_cre2_21_, user0_.user_name as user_nam3_21_, user0_.user_phone_number as user_pho4_21_, user0_.user_user_id as user_use5_21_, user0_.user_user_password as user_use6_21_ from user user0_ where user0_.user_id=?
Hibernate: select character0_.character_id as characte1_6_0_, character0_.character_character_name as characte2_6_0_ from characters character0_ where character0_.character_id=?
Hibernate: select rewardtagw0_.user_id as user_id4_16_0_, rewardtagw0_.reward_tag_wrapper_reward_id as reward_t1_16_0_, rewardtagw0_.reward_tag_wrapper_reward_id as reward_t1_16_1_, rewardtagw0_.reward_tag_wrapper_reward_presented_at as reward_t2_16_1_, rewardtagw0_.reward_tag_reward_tag_id as reward_t3_16_1_, rewardtagw0_.user_id as user_id4_16_1_ from reward_tag_wrapper rewardtagw0_ where rewardtagw0_.user_id=?
Hibernate: select attendance0_.attendance_user_attendance_user_id as col_0_0_ from attendance_user attendance0_ where attendance0_.user_id=? limit ?
Hibernate: DELETE FROM USER WHERE USER_ID = ?
Hibernate: select user0_.user_id as col_0_0_ from user user0_ where user0_.user_user_id=? limit ?
Hibernate: select user0_.user_id as col_0_0_ from user user0_ where user0_.user_user_id=? limit ?
Hibernate: select user0_.user_id as col_0_0_ from user user0_ where user0_.user_user_id=? limit ?
Hibernate: select U.* from USER U where U.USER_USER_ID =?
Hibernate: select character0_.character_id as characte1_6_0_, character0_.character_character_name as characte2_6_0_ from characters character0_ where character0_.character_id=?
Hibernate: select user0_.user_id as user_id1_21_0_, user0_.character_id as characte7_21_0_, user0_.user_created_at as user_cre2_21_0_, user0_.user_name as user_nam3_21_0_, user0_.user_phone_number as user_pho4_21_0_, user0_.user_user_id as user_use5_21_0_, user0_.user_user_password as user_use6_21_0_ from user user0_ where user0_.user_id=?
Hibernate: select character0_.character_id as characte1_6_0_, character0_.character_character_name as characte2_6_0_ from characters character0_ where character0_.character_id=?
Hibernate: select count(*) as col_0_0_ from team_building teambuildi0_
Hibernate: select count(*) as col_0_0_ from team_building teambuildi0_
Hibernate: select user0_.user_id as col_0_0_ from user user0_ where user0_.user_user_id=? limit ?
Hibernate: select user0_.user_id as col_0_0_ from user user0_ where user0_.user_user_id=? limit ?
Hibernate: select U.* from USER U where U.USER_USER_ID =?
Hibernate: select character0_.character_id as characte1_6_0_, character0_.character_character_name as characte2_6_0_ from characters character0_ where character0_.character_id=?
Hibernate: select user0_.user_id as col_0_0_ from user user0_ where user0_.user_user_id=? limit ?
Hibernate: select user0_.user_id as col_0_0_ from user user0_ where user0_.user_user_id=? limit ?
Hibernate: select U.* from USER U where U.USER_USER_ID =?
Hibernate: select character0_.character_id as characte1_6_0_, character0_.character_character_name as characte2_6_0_ from characters character0_ where character0_.character_id=?
Hibernate: select user0_.user_id as col_0_0_ from user user0_ where user0_.user_user_id=? limit ?
Hibernate: select user0_.user_id as col_0_0_ from user user0_ where user0_.user_user_id=? limit ?
Hibernate: select U.* from USER U where U.USER_USER_ID =?
Hibernate: select character0_.character_id as characte1_6_0_, character0_.character_character_name as characte2_6_0_ from characters character0_ where character0_.character_id=?
Hibernate: select user0_.user_id as col_0_0_ from user user0_ where user0_.user_user_id=? limit ?
Hibernate: select userjoinin0_.user_joining_pool_id as col_0_0_ from user_joining_pool userjoinin0_ where userjoinin0_.user_user_id=? limit ?
Hibernate: select character0_.character_id as col_0_0_ from characters character0_ where character0_.character_character_name=? limit ?
Hibernate: insert into user_joining_pool (user_joining_pool_id, user_created_at, user_name, user_phone_number, user_user_id, user_user_password) values (default, ?, ?, ?, ?, ?)
Hibernate: select user0_.user_id as user_id1_21_0_, user0_.character_id as characte7_21_0_, user0_.user_created_at as user_cre2_21_0_, user0_.user_name as user_nam3_21_0_, user0_.user_phone_number as user_pho4_21_0_, user0_.user_user_id as user_use5_21_0_, user0_.user_user_password as user_use6_21_0_ from user user0_ where user0_.user_id=?
Hibernate: select character0_.character_id as characte1_6_0_, character0_.character_character_name as characte2_6_0_ from characters character0_ where character0_.character_id=?
Hibernate: select count(*) as col_0_0_ from user user0_ where user0_.user_id=?
Hibernate: select character1_.character_id as characte1_6_, character1_.character_character_name as characte2_6_ from user user0_ inner join characters character1_ on user0_.character_id=character1_.character_id where user0_.user_id=?
Hibernate: select permission0_.character_id as characte6_12_0_, permission0_.permission_id as permissi1_12_0_, permission0_.permission_id as permissi1_12_1_, permission0_.character_id as characte6_12_1_, permission0_.permission_name as permissi2_12_1_, permission0_.permission_permission_unit_id as permissi3_12_1_, permission0_.permission_service as permissi4_12_1_, permission0_.permission_status as permissi5_12_1_ from permission permission0_ where permission0_.character_id=?
Hibernate: select userjoinin0_.user_joining_pool_id as col_0_0_ from user_joining_pool userjoinin0_ where userjoinin0_.user_user_id=? limit ?
Hibernate: select userjoinin0_.user_joining_pool_id as user_joi1_22_, userjoinin0_.user_created_at as user_cre2_22_, userjoinin0_.user_name as user_nam3_22_, userjoinin0_.user_phone_number as user_pho4_22_, userjoinin0_.user_user_id as user_use5_22_, userjoinin0_.user_user_password as user_use6_22_ from user_joining_pool userjoinin0_ where userjoinin0_.user_user_id=?
Hibernate: select character0_.character_id as characte1_6_, character0_.character_character_name as characte2_6_ from characters character0_ where character0_.character_character_name=?
Hibernate: insert into user (user_id, character_id, user_created_at, user_name, user_phone_number, user_user_id, user_user_password) values (default, ?, ?, ?, ?, ?, ?)
Hibernate: DELETE FROM USER_JOINING_POOL as JU where JU.USER_USER_ID =?
Hibernate: select user0_.user_id as col_0_0_ from user user0_ where user0_.user_user_id=? limit ?
Hibernate: select user0_.user_id as col_0_0_ from user user0_ where user0_.user_user_id=? limit ?
Hibernate: select U.* from USER U where U.USER_USER_ID =?
Hibernate: select character0_.character_id as characte1_6_0_, character0_.character_character_name as characte2_6_0_ from characters character0_ where character0_.character_id=?
Hibernate: select user0_.user_id as col_0_0_ from user user0_ where user0_.user_user_id=? limit ?
Hibernate: select userjoinin0_.user_joining_pool_id as col_0_0_ from user_joining_pool userjoinin0_ where userjoinin0_.user_user_id=? limit ?
Hibernate: select character0_.character_id as col_0_0_ from characters character0_ where character0_.character_character_name=? limit ?
Hibernate: insert into user_joining_pool (user_joining_pool_id, user_created_at, user_name, user_phone_number, user_user_id, user_user_password) values (default, ?, ?, ?, ?, ?)
Hibernate: select user0_.user_id as user_id1_21_0_, user0_.character_id as characte7_21_0_, user0_.user_created_at as user_cre2_21_0_, user0_.user_name as user_nam3_21_0_, user0_.user_phone_number as user_pho4_21_0_, user0_.user_user_id as user_use5_21_0_, user0_.user_user_password as user_use6_21_0_ from user user0_ where user0_.user_id=?
Hibernate: select character0_.character_id as characte1_6_0_, character0_.character_character_name as characte2_6_0_ from characters character0_ where character0_.character_id=?
Hibernate: select count(*) as col_0_0_ from user user0_ where user0_.user_id=?
Hibernate: select character1_.character_id as characte1_6_, character1_.character_character_name as characte2_6_ from user user0_ inner join characters character1_ on user0_.character_id=character1_.character_id where user0_.user_id=?
Hibernate: select permission0_.character_id as characte6_12_0_, permission0_.permission_id as permissi1_12_0_, permission0_.permission_id as permissi1_12_1_, permission0_.character_id as characte6_12_1_, permission0_.permission_name as permissi2_12_1_, permission0_.permission_permission_unit_id as permissi3_12_1_, permission0_.permission_service as permissi4_12_1_, permission0_.permission_status as permissi5_12_1_ from permission permission0_ where permission0_.character_id=?
Hibernate: select userjoinin0_.user_joining_pool_id as col_0_0_ from user_joining_pool userjoinin0_ where userjoinin0_.user_user_id=? limit ?
Hibernate: select userjoinin0_.user_joining_pool_id as user_joi1_22_, userjoinin0_.user_created_at as user_cre2_22_, userjoinin0_.user_name as user_nam3_22_, userjoinin0_.user_phone_number as user_pho4_22_, userjoinin0_.user_user_id as user_use5_22_, userjoinin0_.user_user_password as user_use6_22_ from user_joining_pool userjoinin0_ where userjoinin0_.user_user_id=?
Hibernate: select character0_.character_id as characte1_6_, character0_.character_character_name as characte2_6_ from characters character0_ where character0_.character_character_name=?
Hibernate: insert into user (user_id, character_id, user_created_at, user_name, user_phone_number, user_user_id, user_user_password) values (default, ?, ?, ?, ?, ?, ?)
Hibernate: DELETE FROM USER_JOINING_POOL as JU where JU.USER_USER_ID =?
Hibernate: select user0_.user_id as col_0_0_ from user user0_ where user0_.user_user_id=? limit ?
Hibernate: select user0_.user_id as col_0_0_ from user user0_ where user0_.user_user_id=? limit ?
Hibernate: select U.* from USER U where U.USER_USER_ID =?
Hibernate: select character0_.character_id as characte1_6_0_, character0_.character_character_name as characte2_6_0_ from characters character0_ where character0_.character_id=?
Hibernate: select user0_.user_id as col_0_0_ from user user0_ where user0_.user_user_id=? limit ?
Hibernate: select userjoinin0_.user_joining_pool_id as col_0_0_ from user_joining_pool userjoinin0_ where userjoinin0_.user_user_id=? limit ?
Hibernate: select character0_.character_id as col_0_0_ from characters character0_ where character0_.character_character_name=? limit ?
Hibernate: insert into user_joining_pool (user_joining_pool_id, user_created_at, user_name, user_phone_number, user_user_id, user_user_password) values (default, ?, ?, ?, ?, ?)
Hibernate: select user0_.user_id as user_id1_21_0_, user0_.character_id as characte7_21_0_, user0_.user_created_at as user_cre2_21_0_, user0_.user_name as user_nam3_21_0_, user0_.user_phone_number as user_pho4_21_0_, user0_.user_user_id as user_use5_21_0_, user0_.user_user_password as user_use6_21_0_ from user user0_ where user0_.user_id=?
Hibernate: select character0_.character_id as characte1_6_0_, character0_.character_character_name as characte2_6_0_ from characters character0_ where character0_.character_id=?
Hibernate: select count(*) as col_0_0_ from user user0_ where user0_.user_id=?
Hibernate: select character1_.character_id as characte1_6_, character1_.character_character_name as characte2_6_ from user user0_ inner join characters character1_ on user0_.character_id=character1_.character_id where user0_.user_id=?
Hibernate: select permission0_.character_id as characte6_12_0_, permission0_.permission_id as permissi1_12_0_, permission0_.permission_id as permissi1_12_1_, permission0_.character_id as characte6_12_1_, permission0_.permission_name as permissi2_12_1_, permission0_.permission_permission_unit_id as permissi3_12_1_, permission0_.permission_service as permissi4_12_1_, permission0_.permission_status as permissi5_12_1_ from permission permission0_ where permission0_.character_id=?
Hibernate: select userjoinin0_.user_joining_pool_id as col_0_0_ from user_joining_pool userjoinin0_ where userjoinin0_.user_user_id=? limit ?
Hibernate: select userjoinin0_.user_joining_pool_id as user_joi1_22_, userjoinin0_.user_created_at as user_cre2_22_, userjoinin0_.user_name as user_nam3_22_, userjoinin0_.user_phone_number as user_pho4_22_, userjoinin0_.user_user_id as user_use5_22_, userjoinin0_.user_user_password as user_use6_22_ from user_joining_pool userjoinin0_ where userjoinin0_.user_user_id=?
Hibernate: select character0_.character_id as characte1_6_, character0_.character_character_name as characte2_6_ from characters character0_ where character0_.character_character_name=?
Hibernate: insert into user (user_id, character_id, user_created_at, user_name, user_phone_number, user_user_id, user_user_password) values (default, ?, ?, ?, ?, ?, ?)
Hibernate: DELETE FROM USER_JOINING_POOL as JU where JU.USER_USER_ID =?
Hibernate: select user0_.user_id as col_0_0_ from user user0_ where user0_.user_user_id=? limit ?
Hibernate: select user0_.user_id as col_0_0_ from user user0_ where user0_.user_user_id=? limit ?
Hibernate: select U.* from USER U where U.USER_USER_ID =?
Hibernate: select character0_.character_id as characte1_6_0_, character0_.character_character_name as characte2_6_0_ from characters character0_ where character0_.character_id=?
Hibernate: select user0_.user_id as col_0_0_ from user user0_ where user0_.user_user_id=? limit ?
Hibernate: select userjoinin0_.user_joining_pool_id as col_0_0_ from user_joining_pool userjoinin0_ where userjoinin0_.user_user_id=? limit ?
Hibernate: select character0_.character_id as col_0_0_ from characters character0_ where character0_.character_character_name=? limit ?
Hibernate: insert into user_joining_pool (user_joining_pool_id, user_created_at, user_name, user_phone_number, user_user_id, user_user_password) values (default, ?, ?, ?, ?, ?)
Hibernate: select user0_.user_id as user_id1_21_0_, user0_.character_id as characte7_21_0_, user0_.user_created_at as user_cre2_21_0_, user0_.user_name as user_nam3_21_0_, user0_.user_phone_number as user_pho4_21_0_, user0_.user_user_id as user_use5_21_0_, user0_.user_user_password as user_use6_21_0_ from user user0_ where user0_.user_id=?
Hibernate: select character0_.character_id as characte1_6_0_, character0_.character_character_name as characte2_6_0_ from characters character0_ where character0_.character_id=?
Hibernate: select count(*) as col_0_0_ from user user0_ where user0_.user_id=?
Hibernate: select character1_.character_id as characte1_6_, character1_.character_character_name as characte2_6_ from user user0_ inner join characters character1_ on user0_.character_id=character1_.character_id where user0_.user_id=?
Hibernate: select permission0_.character_id as characte6_12_0_, permission0_.permission_id as permissi1_12_0_, permission0_.permission_id as permissi1_12_1_, permission0_.character_id as characte6_12_1_, permission0_.permission_name as permissi2_12_1_, permission0_.permission_permission_unit_id as permissi3_12_1_, permission0_.permission_service as permissi4_12_1_, permission0_.permission_status as permissi5_12_1_ from permission permission0_ where permission0_.character_id=?
Hibernate: select userjoinin0_.user_joining_pool_id as col_0_0_ from user_joining_pool userjoinin0_ where userjoinin0_.user_user_id=? limit ?
Hibernate: select userjoinin0_.user_joining_pool_id as user_joi1_22_, userjoinin0_.user_created_at as user_cre2_22_, userjoinin0_.user_name as user_nam3_22_, userjoinin0_.user_phone_number as user_pho4_22_, userjoinin0_.user_user_id as user_use5_22_, userjoinin0_.user_user_password as user_use6_22_ from user_joining_pool userjoinin0_ where userjoinin0_.user_user_id=?
Hibernate: select character0_.character_id as characte1_6_, character0_.character_character_name as characte2_6_ from characters character0_ where character0_.character_character_name=?
Hibernate: insert into user (user_id, character_id, user_created_at, user_name, user_phone_number, user_user_id, user_user_password) values (default, ?, ?, ?, ?, ?, ?)
Hibernate: DELETE FROM USER_JOINING_POOL as JU where JU.USER_USER_ID =?
Hibernate: select user0_.user_id as col_0_0_ from user user0_ where user0_.user_user_id=? limit ?
Hibernate: select user0_.user_id as col_0_0_ from user user0_ where user0_.user_user_id=? limit ?
Hibernate: select U.* from USER U where U.USER_USER_ID =?
Hibernate: select character0_.character_id as characte1_6_0_, character0_.character_character_name as characte2_6_0_ from characters character0_ where character0_.character_id=?
Hibernate: select user0_.user_id as col_0_0_ from user user0_ where user0_.user_user_id=? limit ?
Hibernate: select userjoinin0_.user_joining_pool_id as col_0_0_ from user_joining_pool userjoinin0_ where userjoinin0_.user_user_id=? limit ?
Hibernate: select character0_.character_id as col_0_0_ from characters character0_ where character0_.character_character_name=? limit ?
Hibernate: insert into user_joining_pool (user_joining_pool_id, user_created_at, user_name, user_phone_number, user_user_id, user_user_password) values (default, ?, ?, ?, ?, ?)
Hibernate: select user0_.user_id as user_id1_21_0_, user0_.character_id as characte7_21_0_, user0_.user_created_at as user_cre2_21_0_, user0_.user_name as user_nam3_21_0_, user0_.user_phone_number as user_pho4_21_0_, user0_.user_user_id as user_use5_21_0_, user0_.user_user_password as user_use6_21_0_ from user user0_ where user0_.user_id=?
Hibernate: select character0_.character_id as characte1_6_0_, character0_.character_character_name as characte2_6_0_ from characters character0_ where character0_.character_id=?
Hibernate: select count(*) as col_0_0_ from user user0_ where user0_.user_id=?
Hibernate: select character1_.character_id as characte1_6_, character1_.character_character_name as characte2_6_ from user user0_ inner join characters character1_ on user0_.character_id=character1_.character_id where user0_.user_id=?
Hibernate: select permission0_.character_id as characte6_12_0_, permission0_.permission_id as permissi1_12_0_, permission0_.permission_id as permissi1_12_1_, permission0_.character_id as characte6_12_1_, permission0_.permission_name as permissi2_12_1_, permission0_.permission_permission_unit_id as permissi3_12_1_, permission0_.permission_service as permissi4_12_1_, permission0_.permission_status as permissi5_12_1_ from permission permission0_ where permission0_.character_id=?
Hibernate: select userjoinin0_.user_joining_pool_id as col_0_0_ from user_joining_pool userjoinin0_ where userjoinin0_.user_user_id=? limit ?
Hibernate: select userjoinin0_.user_joining_pool_id as user_joi1_22_, userjoinin0_.user_created_at as user_cre2_22_, userjoinin0_.user_name as user_nam3_22_, userjoinin0_.user_phone_number as user_pho4_22_, userjoinin0_.user_user_id as user_use5_22_, userjoinin0_.user_user_password as user_use6_22_ from user_joining_pool userjoinin0_ where userjoinin0_.user_user_id=?
Hibernate: select character0_.character_id as characte1_6_, character0_.character_character_name as characte2_6_ from characters character0_ where character0_.character_character_name=?
Hibernate: insert into user (user_id, character_id, user_created_at, user_name, user_phone_number, user_user_id, user_user_password) values (default, ?, ?, ?, ?, ?, ?)
Hibernate: DELETE FROM USER_JOINING_POOL as JU where JU.USER_USER_ID =?
Hibernate: select user0_.user_id as col_0_0_ from user user0_ where user0_.user_user_id=? limit ?
Hibernate: select user0_.user_id as col_0_0_ from user user0_ where user0_.user_user_id=? limit ?
Hibernate: select U.* from USER U where U.USER_USER_ID =?
Hibernate: select character0_.character_id as characte1_6_0_, character0_.character_character_name as characte2_6_0_ from characters character0_ where character0_.character_id=?
Hibernate: select user0_.user_id as col_0_0_ from user user0_ where user0_.user_user_id=? limit ?
Hibernate: select userjoinin0_.user_joining_pool_id as col_0_0_ from user_joining_pool userjoinin0_ where userjoinin0_.user_user_id=? limit ?
Hibernate: select character0_.character_id as col_0_0_ from characters character0_ where character0_.character_character_name=? limit ?
Hibernate: insert into user_joining_pool (user_joining_pool_id, user_created_at, user_name, user_phone_number, user_user_id, user_user_password) values (default, ?, ?, ?, ?, ?)
Hibernate: select user0_.user_id as user_id1_21_0_, user0_.character_id as characte7_21_0_, user0_.user_created_at as user_cre2_21_0_, user0_.user_name as user_nam3_21_0_, user0_.user_phone_number as user_pho4_21_0_, user0_.user_user_id as user_use5_21_0_, user0_.user_user_password as user_use6_21_0_ from user user0_ where user0_.user_id=?
Hibernate: select character0_.character_id as characte1_6_0_, character0_.character_character_name as characte2_6_0_ from characters character0_ where character0_.character_id=?
Hibernate: select count(*) as col_0_0_ from user user0_ where user0_.user_id=?
Hibernate: select character1_.character_id as characte1_6_, character1_.character_character_name as characte2_6_ from user user0_ inner join characters character1_ on user0_.character_id=character1_.character_id where user0_.user_id=?
Hibernate: select permission0_.character_id as characte6_12_0_, permission0_.permission_id as permissi1_12_0_, permission0_.permission_id as permissi1_12_1_, permission0_.character_id as characte6_12_1_, permission0_.permission_name as permissi2_12_1_, permission0_.permission_permission_unit_id as permissi3_12_1_, permission0_.permission_service as permissi4_12_1_, permission0_.permission_status as permissi5_12_1_ from permission permission0_ where permission0_.character_id=?
Hibernate: select userjoinin0_.user_joining_pool_id as col_0_0_ from user_joining_pool userjoinin0_ where userjoinin0_.user_user_id=? limit ?
Hibernate: select userjoinin0_.user_joining_pool_id as user_joi1_22_, userjoinin0_.user_created_at as user_cre2_22_, userjoinin0_.user_name as user_nam3_22_, userjoinin0_.user_phone_number as user_pho4_22_, userjoinin0_.user_user_id as user_use5_22_, userjoinin0_.user_user_password as user_use6_22_ from user_joining_pool userjoinin0_ where userjoinin0_.user_user_id=?
Hibernate: select character0_.character_id as characte1_6_, character0_.character_character_name as characte2_6_ from characters character0_ where character0_.character_character_name=?
Hibernate: insert into user (user_id, character_id, user_created_at, user_name, user_phone_number, user_user_id, user_user_password) values (default, ?, ?, ?, ?, ?, ?)
Hibernate: DELETE FROM USER_JOINING_POOL as JU where JU.USER_USER_ID =?
Hibernate: select user0_.user_id as col_0_0_ from user user0_ where user0_.user_user_id=? limit ?
Hibernate: select user0_.user_id as col_0_0_ from user user0_ where user0_.user_user_id=? limit ?
Hibernate: select U.* from USER U where U.USER_USER_ID =?
Hibernate: select character0_.character_id as characte1_6_0_, character0_.character_character_name as characte2_6_0_ from characters character0_ where character0_.character_id=?
Hibernate: select user0_.user_id as col_0_0_ from user user0_ where user0_.user_user_id=? limit ?
Hibernate: select userjoinin0_.user_joining_pool_id as col_0_0_ from user_joining_pool userjoinin0_ where userjoinin0_.user_user_id=? limit ?
Hibernate: select character0_.character_id as col_0_0_ from characters character0_ where character0_.character_character_name=? limit ?
Hibernate: insert into user_joining_pool (user_joining_pool_id, user_created_at, user_name, user_phone_number, user_user_id, user_user_password) values (default, ?, ?, ?, ?, ?)
Hibernate: select user0_.user_id as user_id1_21_0_, user0_.character_id as characte7_21_0_, user0_.user_created_at as user_cre2_21_0_, user0_.user_name as user_nam3_21_0_, user0_.user_phone_number as user_pho4_21_0_, user0_.user_user_id as user_use5_21_0_, user0_.user_user_password as user_use6_21_0_ from user user0_ where user0_.user_id=?
Hibernate: select character0_.character_id as characte1_6_0_, character0_.character_character_name as characte2_6_0_ from characters character0_ where character0_.character_id=?
Hibernate: select count(*) as col_0_0_ from user user0_ where user0_.user_id=?
Hibernate: select character1_.character_id as characte1_6_, character1_.character_character_name as characte2_6_ from user user0_ inner join characters character1_ on user0_.character_id=character1_.character_id where user0_.user_id=?
Hibernate: select permission0_.character_id as characte6_12_0_, permission0_.permission_id as permissi1_12_0_, permission0_.permission_id as permissi1_12_1_, permission0_.character_id as characte6_12_1_, permission0_.permission_name as permissi2_12_1_, permission0_.permission_permission_unit_id as permissi3_12_1_, permission0_.permission_service as permissi4_12_1_, permission0_.permission_status as permissi5_12_1_ from permission permission0_ where permission0_.character_id=?
Hibernate: select userjoinin0_.user_joining_pool_id as col_0_0_ from user_joining_pool userjoinin0_ where userjoinin0_.user_user_id=? limit ?
Hibernate: select userjoinin0_.user_joining_pool_id as user_joi1_22_, userjoinin0_.user_created_at as user_cre2_22_, userjoinin0_.user_name as user_nam3_22_, userjoinin0_.user_phone_number as user_pho4_22_, userjoinin0_.user_user_id as user_use5_22_, userjoinin0_.user_user_password as user_use6_22_ from user_joining_pool userjoinin0_ where userjoinin0_.user_user_id=?
Hibernate: select character0_.character_id as characte1_6_, character0_.character_character_name as characte2_6_ from characters character0_ where character0_.character_character_name=?
Hibernate: insert into user (user_id, character_id, user_created_at, user_name, user_phone_number, user_user_id, user_user_password) values (default, ?, ?, ?, ?, ?, ?)
Hibernate: DELETE FROM USER_JOINING_POOL as JU where JU.USER_USER_ID =?
Hibernate: select user0_.user_id as col_0_0_ from user user0_ where user0_.user_user_id=? limit ?
Hibernate: select user0_.user_id as col_0_0_ from user user0_ where user0_.user_user_id=? limit ?
Hibernate: select U.* from USER U where U.USER_USER_ID =?
Hibernate: select character0_.character_id as characte1_6_0_, character0_.character_character_name as characte2_6_0_ from characters character0_ where character0_.character_id=?
Hibernate: select user0_.user_id as col_0_0_ from user user0_ where user0_.user_user_id=? limit ?
Hibernate: select userjoinin0_.user_joining_pool_id as col_0_0_ from user_joining_pool userjoinin0_ where userjoinin0_.user_user_id=? limit ?
Hibernate: select character0_.character_id as col_0_0_ from characters character0_ where character0_.character_character_name=? limit ?
Hibernate: insert into user_joining_pool (user_joining_pool_id, user_created_at, user_name, user_phone_number, user_user_id, user_user_password) values (default, ?, ?, ?, ?, ?)
Hibernate: select user0_.user_id as user_id1_21_0_, user0_.character_id as characte7_21_0_, user0_.user_created_at as user_cre2_21_0_, user0_.user_name as user_nam3_21_0_, user0_.user_phone_number as user_pho4_21_0_, user0_.user_user_id as user_use5_21_0_, user0_.user_user_password as user_use6_21_0_ from user user0_ where user0_.user_id=?
Hibernate: select character0_.character_id as characte1_6_0_, character0_.character_character_name as characte2_6_0_ from characters character0_ where character0_.character_id=?
Hibernate: select count(*) as col_0_0_ from user user0_ where user0_.user_id=?
Hibernate: select character1_.character_id as characte1_6_, character1_.character_character_name as characte2_6_ from user user0_ inner join characters character1_ on user0_.character_id=character1_.character_id where user0_.user_id=?
Hibernate: select permission0_.character_id as characte6_12_0_, permission0_.permission_id as permissi1_12_0_, permission0_.permission_id as permissi1_12_1_, permission0_.character_id as characte6_12_1_, permission0_.permission_name as permissi2_12_1_, permission0_.permission_permission_unit_id as permissi3_12_1_, permission0_.permission_service as permissi4_12_1_, permission0_.permission_status as permissi5_12_1_ from permission permission0_ where permission0_.character_id=?
Hibernate: select userjoinin0_.user_joining_pool_id as col_0_0_ from user_joining_pool userjoinin0_ where userjoinin0_.user_user_id=? limit ?
Hibernate: select userjoinin0_.user_joining_pool_id as user_joi1_22_, userjoinin0_.user_created_at as user_cre2_22_, userjoinin0_.user_name as user_nam3_22_, userjoinin0_.user_phone_number as user_pho4_22_, userjoinin0_.user_user_id as user_use5_22_, userjoinin0_.user_user_password as user_use6_22_ from user_joining_pool userjoinin0_ where userjoinin0_.user_user_id=?
Hibernate: select character0_.character_id as characte1_6_, character0_.character_character_name as characte2_6_ from characters character0_ where character0_.character_character_name=?
Hibernate: insert into user (user_id, character_id, user_created_at, user_name, user_phone_number, user_user_id, user_user_password) values (default, ?, ?, ?, ?, ?, ?)
Hibernate: DELETE FROM USER_JOINING_POOL as JU where JU.USER_USER_ID =?
Hibernate: select user0_.user_id as col_0_0_ from user user0_ where user0_.user_user_id=? limit ?
Hibernate: select user0_.user_id as col_0_0_ from user user0_ where user0_.user_user_id=? limit ?
Hibernate: select U.* from USER U where U.USER_USER_ID =?
Hibernate: select character0_.character_id as characte1_6_0_, character0_.character_character_name as characte2_6_0_ from characters character0_ where character0_.character_id=?
Hibernate: select user0_.user_id as col_0_0_ from user user0_ where user0_.user_user_id=? limit ?
Hibernate: select userjoinin0_.user_joining_pool_id as col_0_0_ from user_joining_pool userjoinin0_ where userjoinin0_.user_user_id=? limit ?
Hibernate: select character0_.character_id as col_0_0_ from characters character0_ where character0_.character_character_name=? limit ?
Hibernate: insert into user_joining_pool (user_joining_pool_id, user_created_at, user_name, user_phone_number, user_user_id, user_user_password) values (default, ?, ?, ?, ?, ?)
Hibernate: select user0_.user_id as user_id1_21_0_, user0_.character_id as characte7_21_0_, user0_.user_created_at as user_cre2_21_0_, user0_.user_name as user_nam3_21_0_, user0_.user_phone_number as user_pho4_21_0_, user0_.user_user_id as user_use5_21_0_, user0_.user_user_password as user_use6_21_0_ from user user0_ where user0_.user_id=?
Hibernate: select character0_.character_id as characte1_6_0_, character0_.character_character_name as characte2_6_0_ from characters character0_ where character0_.character_id=?
Hibernate: select count(*) as col_0_0_ from user user0_ where user0_.user_id=?
Hibernate: select character1_.character_id as characte1_6_, character1_.character_character_name as characte2_6_ from user user0_ inner join characters character1_ on user0_.character_id=character1_.character_id where user0_.user_id=?
Hibernate: select permission0_.character_id as characte6_12_0_, permission0_.permission_id as permissi1_12_0_, permission0_.permission_id as permissi1_12_1_, permission0_.character_id as characte6_12_1_, permission0_.permission_name as permissi2_12_1_, permission0_.permission_permission_unit_id as permissi3_12_1_, permission0_.permission_service as permissi4_12_1_, permission0_.permission_status as permissi5_12_1_ from permission permission0_ where permission0_.character_id=?
Hibernate: select userjoinin0_.user_joining_pool_id as col_0_0_ from user_joining_pool userjoinin0_ where userjoinin0_.user_user_id=? limit ?
Hibernate: select userjoinin0_.user_joining_pool_id as user_joi1_22_, userjoinin0_.user_created_at as user_cre2_22_, userjoinin0_.user_name as user_nam3_22_, userjoinin0_.user_phone_number as user_pho4_22_, userjoinin0_.user_user_id as user_use5_22_, userjoinin0_.user_user_password as user_use6_22_ from user_joining_pool userjoinin0_ where userjoinin0_.user_user_id=?
Hibernate: select character0_.character_id as characte1_6_, character0_.character_character_name as characte2_6_ from characters character0_ where character0_.character_character_name=?
Hibernate: insert into user (user_id, character_id, user_created_at, user_name, user_phone_number, user_user_id, user_user_password) values (default, ?, ?, ?, ?, ?, ?)
Hibernate: DELETE FROM USER_JOINING_POOL as JU where JU.USER_USER_ID =?
Hibernate: select user0_.user_id as col_0_0_ from user user0_ where user0_.user_user_id=? limit ?
Hibernate: select user0_.user_id as col_0_0_ from user user0_ where user0_.user_user_id=? limit ?
Hibernate: select U.* from USER U where U.USER_USER_ID =?
Hibernate: select character0_.character_id as characte1_6_0_, character0_.character_character_name as characte2_6_0_ from characters character0_ where character0_.character_id=?
Hibernate: select user0_.user_id as col_0_0_ from user user0_ where user0_.user_user_id=? limit ?
Hibernate: select userjoinin0_.user_joining_pool_id as col_0_0_ from user_joining_pool userjoinin0_ where userjoinin0_.user_user_id=? limit ?
Hibernate: select character0_.character_id as col_0_0_ from characters character0_ where character0_.character_character_name=? limit ?
Hibernate: insert into user_joining_pool (user_joining_pool_id, user_created_at, user_name, user_phone_number, user_user_id, user_user_password) values (default, ?, ?, ?, ?, ?)
Hibernate: select user0_.user_id as user_id1_21_0_, user0_.character_id as characte7_21_0_, user0_.user_created_at as user_cre2_21_0_, user0_.user_name as user_nam3_21_0_, user0_.user_phone_number as user_pho4_21_0_, user0_.user_user_id as user_use5_21_0_, user0_.user_user_password as user_use6_21_0_ from user user0_ where user0_.user_id=?
Hibernate: select character0_.character_id as characte1_6_0_, character0_.character_character_name as characte2_6_0_ from characters character0_ where character0_.character_id=?
Hibernate: select count(*) as col_0_0_ from user user0_ where user0_.user_id=?
Hibernate: select character1_.character_id as characte1_6_, character1_.character_character_name as characte2_6_ from user user0_ inner join characters character1_ on user0_.character_id=character1_.character_id where user0_.user_id=?
Hibernate: select permission0_.character_id as characte6_12_0_, permission0_.permission_id as permissi1_12_0_, permission0_.permission_id as permissi1_12_1_, permission0_.character_id as characte6_12_1_, permission0_.permission_name as permissi2_12_1_, permission0_.permission_permission_unit_id as permissi3_12_1_, permission0_.permission_service as permissi4_12_1_, permission0_.permission_status as permissi5_12_1_ from permission permission0_ where permission0_.character_id=?
Hibernate: select userjoinin0_.user_joining_pool_id as col_0_0_ from user_joining_pool userjoinin0_ where userjoinin0_.user_user_id=? limit ?
Hibernate: select userjoinin0_.user_joining_pool_id as user_joi1_22_, userjoinin0_.user_created_at as user_cre2_22_, userjoinin0_.user_name as user_nam3_22_, userjoinin0_.user_phone_number as user_pho4_22_, userjoinin0_.user_user_id as user_use5_22_, userjoinin0_.user_user_password as user_use6_22_ from user_joining_pool userjoinin0_ where userjoinin0_.user_user_id=?
Hibernate: select character0_.character_id as characte1_6_, character0_.character_character_name as characte2_6_ from characters character0_ where character0_.character_character_name=?
Hibernate: insert into user (user_id, character_id, user_created_at, user_name, user_phone_number, user_user_id, user_user_password) values (default, ?, ?, ?, ?, ?, ?)
Hibernate: DELETE FROM USER_JOINING_POOL as JU where JU.USER_USER_ID =?
Hibernate: select user0_.user_id as user_id1_21_0_, user0_.character_id as characte7_21_0_, user0_.user_created_at as user_cre2_21_0_, user0_.user_name as user_nam3_21_0_, user0_.user_phone_number as user_pho4_21_0_, user0_.user_user_id as user_use5_21_0_, user0_.user_user_password as user_use6_21_0_ from user user0_ where user0_.user_id=?
Hibernate: select character0_.character_id as characte1_6_0_, character0_.character_character_name as characte2_6_0_ from characters character0_ where character0_.character_id=?
Hibernate: select count(*) as col_0_0_ from user user0_ where user0_.user_id=?
Hibernate: select character1_.character_id as characte1_6_, character1_.character_character_name as characte2_6_ from user user0_ inner join characters character1_ on user0_.character_id=character1_.character_id where user0_.user_id=?
Hibernate: select permission0_.character_id as characte6_12_0_, permission0_.permission_id as permissi1_12_0_, permission0_.permission_id as permissi1_12_1_, permission0_.character_id as characte6_12_1_, permission0_.permission_name as permissi2_12_1_, permission0_.permission_permission_unit_id as permissi3_12_1_, permission0_.permission_service as permissi4_12_1_, permission0_.permission_status as permissi5_12_1_ from permission permission0_ where permission0_.character_id=?
Hibernate: select user0_.user_id as col_0_0_ from user user0_ where user0_.user_user_id=? limit ?
Hibernate: select user0_.user_id as col_0_0_ from user user0_ where user0_.user_user_id=? limit ?
Hibernate: select user0_.user_id as col_0_0_ from user user0_ where user0_.user_user_id=? limit ?
Hibernate: select user0_.user_id as col_0_0_ from user user0_ where user0_.user_user_id=? limit ?
Hibernate: select user0_.user_id as col_0_0_ from user user0_ where user0_.user_user_id=? limit ?
Hibernate: select user0_.user_id as user_id1_21_, user0_.character_id as characte7_21_, user0_.user_created_at as user_cre2_21_, user0_.user_name as user_nam3_21_, user0_.user_phone_number as user_pho4_21_, user0_.user_user_id as user_use5_21_, user0_.user_user_password as user_use6_21_ from user user0_ inner join characters character1_ on user0_.character_id=character1_.character_id where user0_.user_user_id=?
Hibernate: select character0_.character_id as characte1_6_0_, character0_.character_character_name as characte2_6_0_ from characters character0_ where character0_.character_id=?
Hibernate: select user0_.user_id as user_id1_21_, user0_.character_id as characte7_21_, user0_.user_created_at as user_cre2_21_, user0_.user_name as user_nam3_21_, user0_.user_phone_number as user_pho4_21_, user0_.user_user_id as user_use5_21_, user0_.user_user_password as user_use6_21_ from user user0_ inner join characters character1_ on user0_.character_id=character1_.character_id where user0_.user_user_id=?
Hibernate: select user0_.user_id as user_id1_21_, user0_.character_id as characte7_21_, user0_.user_created_at as user_cre2_21_, user0_.user_name as user_nam3_21_, user0_.user_phone_number as user_pho4_21_, user0_.user_user_id as user_use5_21_, user0_.user_user_password as user_use6_21_ from user user0_ inner join characters character1_ on user0_.character_id=character1_.character_id where user0_.user_user_id=?
Hibernate: select user0_.user_id as user_id1_21_, user0_.character_id as characte7_21_, user0_.user_created_at as user_cre2_21_, user0_.user_name as user_nam3_21_, user0_.user_phone_number as user_pho4_21_, user0_.user_user_id as user_use5_21_, user0_.user_user_password as user_use6_21_ from user user0_ inner join characters character1_ on user0_.character_id=character1_.character_id where user0_.user_user_id=?
Hibernate: select user0_.user_id as user_id1_21_, user0_.character_id as characte7_21_, user0_.user_created_at as user_cre2_21_, user0_.user_name as user_nam3_21_, user0_.user_phone_number as user_pho4_21_, user0_.user_user_id as user_use5_21_, user0_.user_user_password as user_use6_21_ from user user0_ inner join characters character1_ on user0_.character_id=character1_.character_id where user0_.user_user_id=?
Hibernate: insert into team_building (team_building_team_building_id, team_building_created_at, team_building_last_modified_at, team_building_team_building_title) values (default, ?, ?, ?)
Hibernate: insert into team (team_team_id, team_last_modified_at, team_building_team_building_id, team_team_name) values (default, ?, ?, ?)
Hibernate: insert into team_user (team_user_id, team_team_id, user_id) values (default, ?, ?)
Hibernate: insert into team_user (team_user_id, team_team_id, user_id) values (default, ?, ?)
Hibernate: insert into team_user (team_user_id, team_team_id, user_id) values (default, ?, ?)
Hibernate: insert into team (team_team_id, team_last_modified_at, team_building_team_building_id, team_team_name) values (default, ?, ?, ?)
Hibernate: insert into team_user (team_user_id, team_team_id, user_id) values (default, ?, ?)
Hibernate: insert into team_user (team_user_id, team_team_id, user_id) values (default, ?, ?)
Hibernate: select user0_.user_id as user_id1_21_0_, user0_.character_id as characte7_21_0_, user0_.user_created_at as user_cre2_21_0_, user0_.user_name as user_nam3_21_0_, user0_.user_phone_number as user_pho4_21_0_, user0_.user_user_id as user_use5_21_0_, user0_.user_user_password as user_use6_21_0_ from user user0_ where user0_.user_id=?
Hibernate: select character0_.character_id as characte1_6_0_, character0_.character_character_name as characte2_6_0_ from characters character0_ where character0_.character_id=?
Hibernate: select count(*) as col_0_0_ from user user0_ where user0_.user_id=?
Hibernate: select character1_.character_id as characte1_6_, character1_.character_character_name as characte2_6_ from user user0_ inner join characters character1_ on user0_.character_id=character1_.character_id where user0_.user_id=?
Hibernate: select permission0_.character_id as characte6_12_0_, permission0_.permission_id as permissi1_12_0_, permission0_.permission_id as permissi1_12_1_, permission0_.character_id as characte6_12_1_, permission0_.permission_name as permissi2_12_1_, permission0_.permission_permission_unit_id as permissi3_12_1_, permission0_.permission_service as permissi4_12_1_, permission0_.permission_status as permissi5_12_1_ from permission permission0_ where permission0_.character_id=?
Hibernate: select user0_.user_id as col_0_0_ from user user0_ where user0_.user_user_id=? limit ?
Hibernate: select user0_.user_id as col_0_0_ from user user0_ where user0_.user_user_id=? limit ?
Hibernate: select user0_.user_id as col_0_0_ from user user0_ where user0_.user_user_id=? limit ?
Hibernate: select user0_.user_id as col_0_0_ from user user0_ where user0_.user_user_id=? limit ?
Hibernate: select user0_.user_id as col_0_0_ from user user0_ where user0_.user_user_id=? limit ?
Hibernate: select user0_.user_id as user_id1_21_, user0_.character_id as characte7_21_, user0_.user_created_at as user_cre2_21_, user0_.user_name as user_nam3_21_, user0_.user_phone_number as user_pho4_21_, user0_.user_user_id as user_use5_21_, user0_.user_user_password as user_use6_21_ from user user0_ inner join characters character1_ on user0_.character_id=character1_.character_id where user0_.user_user_id=?
Hibernate: select character0_.character_id as characte1_6_0_, character0_.character_character_name as characte2_6_0_ from characters character0_ where character0_.character_id=?
Hibernate: select user0_.user_id as user_id1_21_, user0_.character_id as characte7_21_, user0_.user_created_at as user_cre2_21_, user0_.user_name as user_nam3_21_, user0_.user_phone_number as user_pho4_21_, user0_.user_user_id as user_use5_21_, user0_.user_user_password as user_use6_21_ from user user0_ inner join characters character1_ on user0_.character_id=character1_.character_id where user0_.user_user_id=?
Hibernate: select user0_.user_id as user_id1_21_, user0_.character_id as characte7_21_, user0_.user_created_at as user_cre2_21_, user0_.user_name as user_nam3_21_, user0_.user_phone_number as user_pho4_21_, user0_.user_user_id as user_use5_21_, user0_.user_user_password as user_use6_21_ from user user0_ inner join characters character1_ on user0_.character_id=character1_.character_id where user0_.user_user_id=?
Hibernate: select user0_.user_id as user_id1_21_, user0_.character_id as characte7_21_, user0_.user_created_at as user_cre2_21_, user0_.user_name as user_nam3_21_, user0_.user_phone_number as user_pho4_21_, user0_.user_user_id as user_use5_21_, user0_.user_user_password as user_use6_21_ from user user0_ inner join characters character1_ on user0_.character_id=character1_.character_id where user0_.user_user_id=?
Hibernate: select user0_.user_id as user_id1_21_, user0_.character_id as characte7_21_, user0_.user_created_at as user_cre2_21_, user0_.user_name as user_nam3_21_, user0_.user_phone_number as user_pho4_21_, user0_.user_user_id as user_use5_21_, user0_.user_user_password as user_use6_21_ from user user0_ inner join characters character1_ on user0_.character_id=character1_.character_id where user0_.user_user_id=?
Hibernate: insert into team_building (team_building_team_building_id, team_building_created_at, team_building_last_modified_at, team_building_team_building_title) values (default, ?, ?, ?)
Hibernate: insert into team (team_team_id, team_last_modified_at, team_building_team_building_id, team_team_name) values (default, ?, ?, ?)
Hibernate: insert into team_user (team_user_id, team_team_id, user_id) values (default, ?, ?)
Hibernate: insert into team_user (team_user_id, team_team_id, user_id) values (default, ?, ?)
Hibernate: insert into team (team_team_id, team_last_modified_at, team_building_team_building_id, team_team_name) values (default, ?, ?, ?)
Hibernate: insert into team_user (team_user_id, team_team_id, user_id) values (default, ?, ?)
Hibernate: insert into team_user (team_user_id, team_team_id, user_id) values (default, ?, ?)
Hibernate: insert into team (team_team_id, team_last_modified_at, team_building_team_building_id, team_team_name) values (default, ?, ?, ?)
Hibernate: insert into team_user (team_user_id, team_team_id, user_id) values (default, ?, ?)
Hibernate: select user0_.user_id as user_id1_21_0_, user0_.character_id as characte7_21_0_, user0_.user_created_at as user_cre2_21_0_, user0_.user_name as user_nam3_21_0_, user0_.user_phone_number as user_pho4_21_0_, user0_.user_user_id as user_use5_21_0_, user0_.user_user_password as user_use6_21_0_ from user user0_ where user0_.user_id=?
Hibernate: select character0_.character_id as characte1_6_0_, character0_.character_character_name as characte2_6_0_ from characters character0_ where character0_.character_id=?
Hibernate: select count(*) as col_0_0_ from team_building teambuildi0_
Hibernate: select count(*) as col_0_0_ from team_building teambuildi0_
Hibernate: select teambuildi0_.team_building_team_building_id as team_bui1_19_, teambuildi0_.team_building_created_at as team_bui2_19_, teambuildi0_.team_building_last_modified_at as team_bui3_19_, teambuildi0_.team_building_team_building_title as team_bui4_19_ from team_building teambuildi0_ order by teambuildi0_.team_building_created_at desc, teambuildi0_.team_building_team_building_id desc limit ?
Hibernate: select teamlist0_.team_building_team_building_id as team_bui4_18_0_, teamlist0_.team_team_id as team_tea1_18_0_, teamlist0_.team_team_id as team_tea1_18_1_, teamlist0_.team_last_modified_at as team_las2_18_1_, teamlist0_.team_building_team_building_id as team_bui4_18_1_, teamlist0_.team_team_name as team_tea3_18_1_ from team teamlist0_ where teamlist0_.team_building_team_building_id=?
Hibernate: select teamuserli0_.team_team_id as team_tea2_20_0_, teamuserli0_.team_user_id as team_use1_20_0_, teamuserli0_.team_user_id as team_use1_20_1_, teamuserli0_.team_team_id as team_tea2_20_1_, teamuserli0_.user_id as user_id3_20_1_ from team_user teamuserli0_ where teamuserli0_.team_team_id=?
Hibernate: select user0_.user_id as user_id1_21_0_, user0_.character_id as characte7_21_0_, user0_.user_created_at as user_cre2_21_0_, user0_.user_name as user_nam3_21_0_, user0_.user_phone_number as user_pho4_21_0_, user0_.user_user_id as user_use5_21_0_, user0_.user_user_password as user_use6_21_0_ from user user0_ where user0_.user_id=?
Hibernate: select character0_.character_id as characte1_6_0_, character0_.character_character_name as characte2_6_0_ from characters character0_ where character0_.character_id=?
Hibernate: select user0_.user_id as user_id1_21_0_, user0_.character_id as characte7_21_0_, user0_.user_created_at as user_cre2_21_0_, user0_.user_name as user_nam3_21_0_, user0_.user_phone_number as user_pho4_21_0_, user0_.user_user_id as user_use5_21_0_, user0_.user_user_password as user_use6_21_0_ from user user0_ where user0_.user_id=?
Hibernate: select teamuserli0_.team_team_id as team_tea2_20_0_, teamuserli0_.team_user_id as team_use1_20_0_, teamuserli0_.team_user_id as team_use1_20_1_, teamuserli0_.team_team_id as team_tea2_20_1_, teamuserli0_.user_id as user_id3_20_1_ from team_user teamuserli0_ where teamuserli0_.team_team_id=?
Hibernate: select user0_.user_id as user_id1_21_0_, user0_.character_id as characte7_21_0_, user0_.user_created_at as user_cre2_21_0_, user0_.user_name as user_nam3_21_0_, user0_.user_phone_number as user_pho4_21_0_, user0_.user_user_id as user_use5_21_0_, user0_.user_user_password as user_use6_21_0_ from user user0_ where user0_.user_id=?
Hibernate: select user0_.user_id as user_id1_21_0_, user0_.character_id as characte7_21_0_, user0_.user_created_at as user_cre2_21_0_, user0_.user_name as user_nam3_21_0_, user0_.user_phone_number as user_pho4_21_0_, user0_.user_user_id as user_use5_21_0_, user0_.user_user_password as user_use6_21_0_ from user user0_ where user0_.user_id=?
Hibernate: select teamuserli0_.team_team_id as team_tea2_20_0_, teamuserli0_.team_user_id as team_use1_20_0_, teamuserli0_.team_user_id as team_use1_20_1_, teamuserli0_.team_team_id as team_tea2_20_1_, teamuserli0_.user_id as user_id3_20_1_ from team_user teamuserli0_ where teamuserli0_.team_team_id=?
Hibernate: select user0_.user_id as user_id1_21_0_, user0_.character_id as characte7_21_0_, user0_.user_created_at as user_cre2_21_0_, user0_.user_name as user_nam3_21_0_, user0_.user_phone_number as user_pho4_21_0_, user0_.user_user_id as user_use5_21_0_, user0_.user_user_password as user_use6_21_0_ from user user0_ where user0_.user_id=?
Hibernate: select teamlist0_.team_building_team_building_id as team_bui4_18_0_, teamlist0_.team_team_id as team_tea1_18_0_, teamlist0_.team_team_id as team_tea1_18_1_, teamlist0_.team_last_modified_at as team_las2_18_1_, teamlist0_.team_building_team_building_id as team_bui4_18_1_, teamlist0_.team_team_name as team_tea3_18_1_ from team teamlist0_ where teamlist0_.team_building_team_building_id=?
Hibernate: select teamuserli0_.team_team_id as team_tea2_20_0_, teamuserli0_.team_user_id as team_use1_20_0_, teamuserli0_.team_user_id as team_use1_20_1_, teamuserli0_.team_team_id as team_tea2_20_1_, teamuserli0_.user_id as user_id3_20_1_ from team_user teamuserli0_ where teamuserli0_.team_team_id=?
Hibernate: select user0_.user_id as user_id1_21_0_, user0_.character_id as characte7_21_0_, user0_.user_created_at as user_cre2_21_0_, user0_.user_name as user_nam3_21_0_, user0_.user_phone_number as user_pho4_21_0_, user0_.user_user_id as user_use5_21_0_, user0_.user_user_password as user_use6_21_0_ from user user0_ where user0_.user_id=?
Hibernate: select user0_.user_id as user_id1_21_0_, user0_.character_id as characte7_21_0_, user0_.user_created_at as user_cre2_21_0_, user0_.user_name as user_nam3_21_0_, user0_.user_phone_number as user_pho4_21_0_, user0_.user_user_id as user_use5_21_0_, user0_.user_user_password as user_use6_21_0_ from user user0_ where user0_.user_id=?
Hibernate: select user0_.user_id as user_id1_21_0_, user0_.character_id as characte7_21_0_, user0_.user_created_at as user_cre2_21_0_, user0_.user_name as user_nam3_21_0_, user0_.user_phone_number as user_pho4_21_0_, user0_.user_user_id as user_use5_21_0_, user0_.user_user_password as user_use6_21_0_ from user user0_ where user0_.user_id=?
Hibernate: select teamuserli0_.team_team_id as team_tea2_20_0_, teamuserli0_.team_user_id as team_use1_20_0_, teamuserli0_.team_user_id as team_use1_20_1_, teamuserli0_.team_team_id as team_tea2_20_1_, teamuserli0_.user_id as user_id3_20_1_ from team_user teamuserli0_ where teamuserli0_.team_team_id=?
Hibernate: select user0_.user_id as user_id1_21_0_, user0_.character_id as characte7_21_0_, user0_.user_created_at as user_cre2_21_0_, user0_.user_name as user_nam3_21_0_, user0_.user_phone_number as user_pho4_21_0_, user0_.user_user_id as user_use5_21_0_, user0_.user_user_password as user_use6_21_0_ from user user0_ where user0_.user_id=?
Hibernate: select user0_.user_id as user_id1_21_0_, user0_.character_id as characte7_21_0_, user0_.user_created_at as user_cre2_21_0_, user0_.user_name as user_nam3_21_0_, user0_.user_phone_number as user_pho4_21_0_, user0_.user_user_id as user_use5_21_0_, user0_.user_user_password as user_use6_21_0_ from user user0_ where user0_.user_id=?

MockHttpServletRequest:
      HTTP Method = GET
      Request URI = /teambuilding
       Parameters = {from=[1], to=[2]}
          Headers = [Accept:"application/json", api-version:"1.0", Authorization:"Bearer eyJhbGciOiJIUzI1NiJ9.eyJzdWIiOiIxIiwiaWF0IjoxNjg3ODc3NDY5LCJleHAiOjE2ODc4ODEwNjl9.5GpcrqH17WaCEi6670WViYdxZ8Db7S7TQOeUs9MSnKg"]
             Body = null
    Session Attrs = {}

Handler:
             Type = org.waldreg.controller.teambuilding.TeamBuildingController
           Method = org.waldreg.controller.teambuilding.TeamBuildingController#readAllTeamBuilding(Integer, Integer)

Async:
    Async started = false
     Async result = null

Resolved Exception:
             Type = null

ModelAndView:
        View name = null
             View = null
            Model = null

FlashMap:
       Attributes = null

MockHttpServletResponse:
           Status = 200
    Error message = null
          Headers = [Vary:"Origin", "Access-Control-Request-Method", "Access-Control-Request-Headers", Api-version:"1.0", Content-Type:"application/json"]
     Content type = application/json
             Body = {"max_idx":2,"teambuildings":[{"teambuilding_id":18,"teambuilding_title":"3nd Algorithm Contest Team","created_at":"2023-06-27T23:51:09.210117","last_modified_at":"2023-06-27T23:51:09.210117","teams":[{"team_id":37,"team_name":"Team 1","last_modified_at":"2023-06-27T23:51:09.209936","team_members":[{"id":170,"user_id":"alcuk_id6","name":"alcuk_id6"},{"id":173,"user_id":"alcuk_id9","name":"alcuk_id9"}]},{"team_id":38,"team_name":"Team 2","last_modified_at":"2023-06-27T23:51:09.210025","team_members":[{"id":174,"user_id":"alcuk_id10","name":"alcuk_id10"},{"id":171,"user_id":"alcuk_id7","name":"alcuk_id7"}]},{"team_id":39,"team_name":"Team 3","last_modified_at":"2023-06-27T23:51:09.210085","team_members":[{"id":172,"user_id":"alcuk_id8","name":"alcuk_id8"}]}]},{"teambuilding_id":17,"teambuilding_title":"2nd Algorithm Contest Team","created_at":"2023-06-27T23:51:09.208733","last_modified_at":"2023-06-27T23:51:09.208733","teams":[{"team_id":35,"team_name":"Team 1","last_modified_at":"2023-06-27T23:51:09.208523","team_members":[{"id":165,"user_id":"alcuk_id","name":"alcuk_id"},{"id":166,"user_id":"alcuk_id2","name":"alcuk_id2"},{"id":167,"user_id":"alcuk_id3","name":"alcuk_id3"}]},{"team_id":36,"team_name":"Team 2","last_modified_at":"2023-06-27T23:51:09.208662","team_members":[{"id":168,"user_id":"alcuk_id4","name":"alcuk_id4"},{"id":169,"user_id":"alcuk_id5","name":"alcuk_id5"}]}]}]}
    Forwarded URL = null
   Redirected URL = null
          Cookies = []
Hibernate: select user0_.user_id as col_0_0_ from user user0_ where user0_.user_user_id=? limit ?
Hibernate: select user0_.user_id as col_0_0_ from user user0_ where user0_.user_user_id=? limit ?
Hibernate: select U.* from USER U where U.USER_USER_ID =?
Hibernate: select character0_.character_id as characte1_6_0_, character0_.character_character_name as characte2_6_0_ from characters character0_ where character0_.character_id=?
Hibernate: select user0_.user_id as user_id1_21_0_, user0_.character_id as characte7_21_0_, user0_.user_created_at as user_cre2_21_0_, user0_.user_name as user_nam3_21_0_, user0_.user_phone_number as user_pho4_21_0_, user0_.user_user_id as user_use5_21_0_, user0_.user_user_password as user_use6_21_0_ from user user0_ where user0_.user_id=?
Hibernate: select character0_.character_id as characte1_6_0_, character0_.character_character_name as characte2_6_0_ from characters character0_ where character0_.character_id=?
Hibernate: select count(*) as col_0_0_ from team_building teambuildi0_
Hibernate: select count(*) as col_0_0_ from team_building teambuildi0_
Hibernate: select teambuildi0_.team_building_team_building_id as team_bui1_19_, teambuildi0_.team_building_created_at as team_bui2_19_, teambuildi0_.team_building_last_modified_at as team_bui3_19_, teambuildi0_.team_building_team_building_title as team_bui4_19_ from team_building teambuildi0_ order by teambuildi0_.team_building_created_at desc, teambuildi0_.team_building_team_building_id desc limit ?
Hibernate: select teamlist0_.team_building_team_building_id as team_bui4_18_0_, teamlist0_.team_team_id as team_tea1_18_0_, teamlist0_.team_team_id as team_tea1_18_1_, teamlist0_.team_last_modified_at as team_las2_18_1_, teamlist0_.team_building_team_building_id as team_bui4_18_1_, teamlist0_.team_team_name as team_tea3_18_1_ from team teamlist0_ where teamlist0_.team_building_team_building_id=?
Hibernate: select teamuserli0_.team_team_id as team_tea2_20_0_, teamuserli0_.team_user_id as team_use1_20_0_, teamuserli0_.team_user_id as team_use1_20_1_, teamuserli0_.team_team_id as team_tea2_20_1_, teamuserli0_.user_id as user_id3_20_1_ from team_user teamuserli0_ where teamuserli0_.team_team_id=?
Hibernate: select user0_.user_id as user_id1_21_0_, user0_.character_id as characte7_21_0_, user0_.user_created_at as user_cre2_21_0_, user0_.user_name as user_nam3_21_0_, user0_.user_phone_number as user_pho4_21_0_, user0_.user_user_id as user_use5_21_0_, user0_.user_user_password as user_use6_21_0_ from user user0_ where user0_.user_id=?
Hibernate: select character0_.character_id as characte1_6_0_, character0_.character_character_name as characte2_6_0_ from characters character0_ where character0_.character_id=?
Hibernate: select user0_.user_id as user_id1_21_0_, user0_.character_id as characte7_21_0_, user0_.user_created_at as user_cre2_21_0_, user0_.user_name as user_nam3_21_0_, user0_.user_phone_number as user_pho4_21_0_, user0_.user_user_id as user_use5_21_0_, user0_.user_user_password as user_use6_21_0_ from user user0_ where user0_.user_id=?
Hibernate: select teamuserli0_.team_team_id as team_tea2_20_0_, teamuserli0_.team_user_id as team_use1_20_0_, teamuserli0_.team_user_id as team_use1_20_1_, teamuserli0_.team_team_id as team_tea2_20_1_, teamuserli0_.user_id as user_id3_20_1_ from team_user teamuserli0_ where teamuserli0_.team_team_id=?
Hibernate: select user0_.user_id as user_id1_21_0_, user0_.character_id as characte7_21_0_, user0_.user_created_at as user_cre2_21_0_, user0_.user_name as user_nam3_21_0_, user0_.user_phone_number as user_pho4_21_0_, user0_.user_user_id as user_use5_21_0_, user0_.user_user_password as user_use6_21_0_ from user user0_ where user0_.user_id=?
Hibernate: select user0_.user_id as user_id1_21_0_, user0_.character_id as characte7_21_0_, user0_.user_created_at as user_cre2_21_0_, user0_.user_name as user_nam3_21_0_, user0_.user_phone_number as user_pho4_21_0_, user0_.user_user_id as user_use5_21_0_, user0_.user_user_password as user_use6_21_0_ from user user0_ where user0_.user_id=?
Hibernate: select teamuserli0_.team_team_id as team_tea2_20_0_, teamuserli0_.team_user_id as team_use1_20_0_, teamuserli0_.team_user_id as team_use1_20_1_, teamuserli0_.team_team_id as team_tea2_20_1_, teamuserli0_.user_id as user_id3_20_1_ from team_user teamuserli0_ where teamuserli0_.team_team_id=?
Hibernate: select user0_.user_id as user_id1_21_0_, user0_.character_id as characte7_21_0_, user0_.user_created_at as user_cre2_21_0_, user0_.user_name as user_nam3_21_0_, user0_.user_phone_number as user_pho4_21_0_, user0_.user_user_id as user_use5_21_0_, user0_.user_user_password as user_use6_21_0_ from user user0_ where user0_.user_id=?
Hibernate: select teamlist0_.team_building_team_building_id as team_bui4_18_0_, teamlist0_.team_team_id as team_tea1_18_0_, teamlist0_.team_team_id as team_tea1_18_1_, teamlist0_.team_last_modified_at as team_las2_18_1_, teamlist0_.team_building_team_building_id as team_bui4_18_1_, teamlist0_.team_team_name as team_tea3_18_1_ from team teamlist0_ where teamlist0_.team_building_team_building_id=?
Hibernate: select teamuserli0_.team_team_id as team_tea2_20_0_, teamuserli0_.team_user_id as team_use1_20_0_, teamuserli0_.team_user_id as team_use1_20_1_, teamuserli0_.team_team_id as team_tea2_20_1_, teamuserli0_.user_id as user_id3_20_1_ from team_user teamuserli0_ where teamuserli0_.team_team_id=?
Hibernate: select user0_.user_id as user_id1_21_0_, user0_.character_id as characte7_21_0_, user0_.user_created_at as user_cre2_21_0_, user0_.user_name as user_nam3_21_0_, user0_.user_phone_number as user_pho4_21_0_, user0_.user_user_id as user_use5_21_0_, user0_.user_user_password as user_use6_21_0_ from user user0_ where user0_.user_id=?
Hibernate: select user0_.user_id as user_id1_21_0_, user0_.character_id as characte7_21_0_, user0_.user_created_at as user_cre2_21_0_, user0_.user_name as user_nam3_21_0_, user0_.user_phone_number as user_pho4_21_0_, user0_.user_user_id as user_use5_21_0_, user0_.user_user_password as user_use6_21_0_ from user user0_ where user0_.user_id=?
Hibernate: select user0_.user_id as user_id1_21_0_, user0_.character_id as characte7_21_0_, user0_.user_created_at as user_cre2_21_0_, user0_.user_name as user_nam3_21_0_, user0_.user_phone_number as user_pho4_21_0_, user0_.user_user_id as user_use5_21_0_, user0_.user_user_password as user_use6_21_0_ from user user0_ where user0_.user_id=?
Hibernate: select teamuserli0_.team_team_id as team_tea2_20_0_, teamuserli0_.team_user_id as team_use1_20_0_, teamuserli0_.team_user_id as team_use1_20_1_, teamuserli0_.team_team_id as team_tea2_20_1_, teamuserli0_.user_id as user_id3_20_1_ from team_user teamuserli0_ where teamuserli0_.team_team_id=?
Hibernate: select user0_.user_id as user_id1_21_0_, user0_.character_id as characte7_21_0_, user0_.user_created_at as user_cre2_21_0_, user0_.user_name as user_nam3_21_0_, user0_.user_phone_number as user_pho4_21_0_, user0_.user_user_id as user_use5_21_0_, user0_.user_user_password as user_use6_21_0_ from user user0_ where user0_.user_id=?
Hibernate: select user0_.user_id as user_id1_21_0_, user0_.character_id as characte7_21_0_, user0_.user_created_at as user_cre2_21_0_, user0_.user_name as user_nam3_21_0_, user0_.user_phone_number as user_pho4_21_0_, user0_.user_user_id as user_use5_21_0_, user0_.user_user_password as user_use6_21_0_ from user user0_ where user0_.user_id=?
Hibernate: select user0_.user_id as user_id1_21_0_, user0_.character_id as characte7_21_0_, user0_.user_created_at as user_cre2_21_0_, user0_.user_name as user_nam3_21_0_, user0_.user_phone_number as user_pho4_21_0_, user0_.user_user_id as user_use5_21_0_, user0_.user_user_password as user_use6_21_0_ from user user0_ where user0_.user_id=?
Hibernate: select character0_.character_id as characte1_6_0_, character0_.character_character_name as characte2_6_0_ from characters character0_ where character0_.character_id=?
Hibernate: select count(*) as col_0_0_ from user user0_ where user0_.user_id=?
Hibernate: select character1_.character_id as characte1_6_, character1_.character_character_name as characte2_6_ from user user0_ inner join characters character1_ on user0_.character_id=character1_.character_id where user0_.user_id=?
Hibernate: select permission0_.character_id as characte6_12_0_, permission0_.permission_id as permissi1_12_0_, permission0_.permission_id as permissi1_12_1_, permission0_.character_id as characte6_12_1_, permission0_.permission_name as permissi2_12_1_, permission0_.permission_permission_unit_id as permissi3_12_1_, permission0_.permission_service as permissi4_12_1_, permission0_.permission_status as permissi5_12_1_ from permission permission0_ where permission0_.character_id=?
Hibernate: select count(*) as col_0_0_ from team_building teambuildi0_ where teambuildi0_.team_building_team_building_id=?
Hibernate: select teambuildi0_.team_building_team_building_id as team_bui1_19_0_, teambuildi0_.team_building_created_at as team_bui2_19_0_, teambuildi0_.team_building_last_modified_at as team_bui3_19_0_, teambuildi0_.team_building_team_building_title as team_bui4_19_0_ from team_building teambuildi0_ where teambuildi0_.team_building_team_building_id=?
Hibernate: select teamlist0_.team_building_team_building_id as team_bui4_18_0_, teamlist0_.team_team_id as team_tea1_18_0_, teamlist0_.team_team_id as team_tea1_18_1_, teamlist0_.team_last_modified_at as team_las2_18_1_, teamlist0_.team_building_team_building_id as team_bui4_18_1_, teamlist0_.team_team_name as team_tea3_18_1_ from team teamlist0_ where teamlist0_.team_building_team_building_id=?
Hibernate: select teamuserli0_.team_team_id as team_tea2_20_0_, teamuserli0_.team_user_id as team_use1_20_0_, teamuserli0_.team_user_id as team_use1_20_1_, teamuserli0_.team_team_id as team_tea2_20_1_, teamuserli0_.user_id as user_id3_20_1_ from team_user teamuserli0_ where teamuserli0_.team_team_id=?
Hibernate: select user0_.user_id as user_id1_21_0_, user0_.character_id as characte7_21_0_, user0_.user_created_at as user_cre2_21_0_, user0_.user_name as user_nam3_21_0_, user0_.user_phone_number as user_pho4_21_0_, user0_.user_user_id as user_use5_21_0_, user0_.user_user_password as user_use6_21_0_ from user user0_ where user0_.user_id=?
Hibernate: select character0_.character_id as characte1_6_0_, character0_.character_character_name as characte2_6_0_ from characters character0_ where character0_.character_id=?
Hibernate: select user0_.user_id as user_id1_21_0_, user0_.character_id as characte7_21_0_, user0_.user_created_at as user_cre2_21_0_, user0_.user_name as user_nam3_21_0_, user0_.user_phone_number as user_pho4_21_0_, user0_.user_user_id as user_use5_21_0_, user0_.user_user_password as user_use6_21_0_ from user user0_ where user0_.user_id=?
Hibernate: select teamuserli0_.team_team_id as team_tea2_20_0_, teamuserli0_.team_user_id as team_use1_20_0_, teamuserli0_.team_user_id as team_use1_20_1_, teamuserli0_.team_team_id as team_tea2_20_1_, teamuserli0_.user_id as user_id3_20_1_ from team_user teamuserli0_ where teamuserli0_.team_team_id=?
Hibernate: select user0_.user_id as user_id1_21_0_, user0_.character_id as characte7_21_0_, user0_.user_created_at as user_cre2_21_0_, user0_.user_name as user_nam3_21_0_, user0_.user_phone_number as user_pho4_21_0_, user0_.user_user_id as user_use5_21_0_, user0_.user_user_password as user_use6_21_0_ from user user0_ where user0_.user_id=?
Hibernate: select user0_.user_id as user_id1_21_0_, user0_.character_id as characte7_21_0_, user0_.user_created_at as user_cre2_21_0_, user0_.user_name as user_nam3_21_0_, user0_.user_phone_number as user_pho4_21_0_, user0_.user_user_id as user_use5_21_0_, user0_.user_user_password as user_use6_21_0_ from user user0_ where user0_.user_id=?
Hibernate: select teamuserli0_.team_team_id as team_tea2_20_0_, teamuserli0_.team_user_id as team_use1_20_0_, teamuserli0_.team_user_id as team_use1_20_1_, teamuserli0_.team_team_id as team_tea2_20_1_, teamuserli0_.user_id as user_id3_20_1_ from team_user teamuserli0_ where teamuserli0_.team_team_id=?
Hibernate: select user0_.user_id as user_id1_21_0_, user0_.character_id as characte7_21_0_, user0_.user_created_at as user_cre2_21_0_, user0_.user_name as user_nam3_21_0_, user0_.user_phone_number as user_pho4_21_0_, user0_.user_user_id as user_use5_21_0_, user0_.user_user_password as user_use6_21_0_ from user user0_ where user0_.user_id=?
Hibernate: delete from team_user where team_user_id=?
Hibernate: delete from team_user where team_user_id=?
Hibernate: delete from team where team_team_id=?
Hibernate: delete from team_user where team_user_id=?
Hibernate: delete from team_user where team_user_id=?
Hibernate: delete from team where team_team_id=?
Hibernate: delete from team_user where team_user_id=?
Hibernate: delete from team where team_team_id=?
Hibernate: delete from team_building where team_building_team_building_id=?
Hibernate: select user0_.user_id as user_id1_21_0_, user0_.character_id as characte7_21_0_, user0_.user_created_at as user_cre2_21_0_, user0_.user_name as user_nam3_21_0_, user0_.user_phone_number as user_pho4_21_0_, user0_.user_user_id as user_use5_21_0_, user0_.user_user_password as user_use6_21_0_ from user user0_ where user0_.user_id=?
Hibernate: select character0_.character_id as characte1_6_0_, character0_.character_character_name as characte2_6_0_ from characters character0_ where character0_.character_id=?
Hibernate: select count(*) as col_0_0_ from team_building teambuildi0_ where teambuildi0_.team_building_team_building_id=?
Hibernate: select user0_.user_id as user_id1_21_0_, user0_.character_id as characte7_21_0_, user0_.user_created_at as user_cre2_21_0_, user0_.user_name as user_nam3_21_0_, user0_.user_phone_number as user_pho4_21_0_, user0_.user_user_id as user_use5_21_0_, user0_.user_user_password as user_use6_21_0_ from user user0_ where user0_.user_id=?
Hibernate: select character0_.character_id as characte1_6_0_, character0_.character_character_name as characte2_6_0_ from characters character0_ where character0_.character_id=?
Hibernate: select count(*) as col_0_0_ from user user0_ where user0_.user_id=?
Hibernate: select character1_.character_id as characte1_6_, character1_.character_character_name as characte2_6_ from user user0_ inner join characters character1_ on user0_.character_id=character1_.character_id where user0_.user_id=?
Hibernate: select permission0_.character_id as characte6_12_0_, permission0_.permission_id as permissi1_12_0_, permission0_.permission_id as permissi1_12_1_, permission0_.character_id as characte6_12_1_, permission0_.permission_name as permissi2_12_1_, permission0_.permission_permission_unit_id as permissi3_12_1_, permission0_.permission_service as permissi4_12_1_, permission0_.permission_status as permissi5_12_1_ from permission permission0_ where permission0_.character_id=?
Hibernate: select count(*) as col_0_0_ from team_building teambuildi0_ where teambuildi0_.team_building_team_building_id=?
Hibernate: select teambuildi0_.team_building_team_building_id as team_bui1_19_0_, teambuildi0_.team_building_created_at as team_bui2_19_0_, teambuildi0_.team_building_last_modified_at as team_bui3_19_0_, teambuildi0_.team_building_team_building_title as team_bui4_19_0_ from team_building teambuildi0_ where teambuildi0_.team_building_team_building_id=?
Hibernate: select teamlist0_.team_building_team_building_id as team_bui4_18_0_, teamlist0_.team_team_id as team_tea1_18_0_, teamlist0_.team_team_id as team_tea1_18_1_, teamlist0_.team_last_modified_at as team_las2_18_1_, teamlist0_.team_building_team_building_id as team_bui4_18_1_, teamlist0_.team_team_name as team_tea3_18_1_ from team teamlist0_ where teamlist0_.team_building_team_building_id=?
Hibernate: select teamuserli0_.team_team_id as team_tea2_20_0_, teamuserli0_.team_user_id as team_use1_20_0_, teamuserli0_.team_user_id as team_use1_20_1_, teamuserli0_.team_team_id as team_tea2_20_1_, teamuserli0_.user_id as user_id3_20_1_ from team_user teamuserli0_ where teamuserli0_.team_team_id=?
Hibernate: select user0_.user_id as user_id1_21_0_, user0_.character_id as characte7_21_0_, user0_.user_created_at as user_cre2_21_0_, user0_.user_name as user_nam3_21_0_, user0_.user_phone_number as user_pho4_21_0_, user0_.user_user_id as user_use5_21_0_, user0_.user_user_password as user_use6_21_0_ from user user0_ where user0_.user_id=?
Hibernate: select character0_.character_id as characte1_6_0_, character0_.character_character_name as characte2_6_0_ from characters character0_ where character0_.character_id=?
Hibernate: select user0_.user_id as user_id1_21_0_, user0_.character_id as characte7_21_0_, user0_.user_created_at as user_cre2_21_0_, user0_.user_name as user_nam3_21_0_, user0_.user_phone_number as user_pho4_21_0_, user0_.user_user_id as user_use5_21_0_, user0_.user_user_password as user_use6_21_0_ from user user0_ where user0_.user_id=?
Hibernate: select user0_.user_id as user_id1_21_0_, user0_.character_id as characte7_21_0_, user0_.user_created_at as user_cre2_21_0_, user0_.user_name as user_nam3_21_0_, user0_.user_phone_number as user_pho4_21_0_, user0_.user_user_id as user_use5_21_0_, user0_.user_user_password as user_use6_21_0_ from user user0_ where user0_.user_id=?
Hibernate: select teamuserli0_.team_team_id as team_tea2_20_0_, teamuserli0_.team_user_id as team_use1_20_0_, teamuserli0_.team_user_id as team_use1_20_1_, teamuserli0_.team_team_id as team_tea2_20_1_, teamuserli0_.user_id as user_id3_20_1_ from team_user teamuserli0_ where teamuserli0_.team_team_id=?
Hibernate: select user0_.user_id as user_id1_21_0_, user0_.character_id as characte7_21_0_, user0_.user_created_at as user_cre2_21_0_, user0_.user_name as user_nam3_21_0_, user0_.user_phone_number as user_pho4_21_0_, user0_.user_user_id as user_use5_21_0_, user0_.user_user_password as user_use6_21_0_ from user user0_ where user0_.user_id=?
Hibernate: select user0_.user_id as user_id1_21_0_, user0_.character_id as characte7_21_0_, user0_.user_created_at as user_cre2_21_0_, user0_.user_name as user_nam3_21_0_, user0_.user_phone_number as user_pho4_21_0_, user0_.user_user_id as user_use5_21_0_, user0_.user_user_password as user_use6_21_0_ from user user0_ where user0_.user_id=?
Hibernate: delete from team_user where team_user_id=?
Hibernate: delete from team_user where team_user_id=?
Hibernate: delete from team_user where team_user_id=?
Hibernate: delete from team where team_team_id=?
Hibernate: delete from team_user where team_user_id=?
Hibernate: delete from team_user where team_user_id=?
Hibernate: delete from team where team_team_id=?
Hibernate: delete from team_building where team_building_team_building_id=?
Hibernate: select user0_.user_id as user_id1_21_0_, user0_.character_id as characte7_21_0_, user0_.user_created_at as user_cre2_21_0_, user0_.user_name as user_nam3_21_0_, user0_.user_phone_number as user_pho4_21_0_, user0_.user_user_id as user_use5_21_0_, user0_.user_user_password as user_use6_21_0_ from user user0_ where user0_.user_id=?
Hibernate: select character0_.character_id as characte1_6_0_, character0_.character_character_name as characte2_6_0_ from characters character0_ where character0_.character_id=?
Hibernate: select count(*) as col_0_0_ from team_building teambuildi0_ where teambuildi0_.team_building_team_building_id=?
Hibernate: select user0_.user_id as col_0_0_ from user user0_ where user0_.user_user_id=? limit ?
Hibernate: select user0_.user_id as col_0_0_ from user user0_ where user0_.user_user_id=? limit ?
Hibernate: select U.* from USER U where U.USER_USER_ID =?
Hibernate: select character0_.character_id as characte1_6_0_, character0_.character_character_name as characte2_6_0_ from characters character0_ where character0_.character_id=?
Hibernate: select user0_.user_id as col_0_0_ from user user0_ where user0_.user_user_id=? limit ?
Hibernate: select user0_.user_id as user_id1_21_, user0_.character_id as characte7_21_, user0_.user_created_at as user_cre2_21_, user0_.user_name as user_nam3_21_, user0_.user_phone_number as user_pho4_21_, user0_.user_user_id as user_use5_21_, user0_.user_user_password as user_use6_21_ from user user0_ inner join characters character1_ on user0_.character_id=character1_.character_id where user0_.user_user_id=?
Hibernate: select character0_.character_id as characte1_6_0_, character0_.character_character_name as characte2_6_0_ from characters character0_ where character0_.character_id=?
Hibernate: select rewardtagw0_.user_id as user_id4_16_0_, rewardtagw0_.reward_tag_wrapper_reward_id as reward_t1_16_0_, rewardtagw0_.reward_tag_wrapper_reward_id as reward_t1_16_1_, rewardtagw0_.reward_tag_wrapper_reward_presented_at as reward_t2_16_1_, rewardtagw0_.reward_tag_reward_tag_id as reward_t3_16_1_, rewardtagw0_.user_id as user_id4_16_1_ from reward_tag_wrapper rewardtagw0_ where rewardtagw0_.user_id=?
Hibernate: select user0_.user_id as user_id1_21_0_, user0_.character_id as characte7_21_0_, user0_.user_created_at as user_cre2_21_0_, user0_.user_name as user_nam3_21_0_, user0_.user_phone_number as user_pho4_21_0_, user0_.user_user_id as user_use5_21_0_, user0_.user_user_password as user_use6_21_0_ from user user0_ where user0_.user_id=?
Hibernate: select character0_.character_id as characte1_6_0_, character0_.character_character_name as characte2_6_0_ from characters character0_ where character0_.character_id=?
Hibernate: select count(*) as col_0_0_ from user user0_ where user0_.user_id=?
Hibernate: select character1_.character_id as characte1_6_, character1_.character_character_name as characte2_6_ from user user0_ inner join characters character1_ on user0_.character_id=character1_.character_id where user0_.user_id=?
Hibernate: select permission0_.character_id as characte6_12_0_, permission0_.permission_id as permissi1_12_0_, permission0_.permission_id as permissi1_12_1_, permission0_.character_id as characte6_12_1_, permission0_.permission_name as permissi2_12_1_, permission0_.permission_permission_unit_id as permissi3_12_1_, permission0_.permission_service as permissi4_12_1_, permission0_.permission_status as permissi5_12_1_ from permission permission0_ where permission0_.character_id=?
Hibernate: select count(*) as col_0_0_ from user user0_ where user0_.user_id=?
Hibernate: select user0_.user_id as user_id1_21_, user0_.character_id as characte7_21_, user0_.user_created_at as user_cre2_21_, user0_.user_name as user_nam3_21_, user0_.user_phone_number as user_pho4_21_, user0_.user_user_id as user_use5_21_, user0_.user_user_password as user_use6_21_ from user user0_ where user0_.user_id=?
Hibernate: select character0_.character_id as characte1_6_0_, character0_.character_character_name as characte2_6_0_ from characters character0_ where character0_.character_id=?
Hibernate: select rewardtagw0_.user_id as user_id4_16_0_, rewardtagw0_.reward_tag_wrapper_reward_id as reward_t1_16_0_, rewardtagw0_.reward_tag_wrapper_reward_id as reward_t1_16_1_, rewardtagw0_.reward_tag_wrapper_reward_presented_at as reward_t2_16_1_, rewardtagw0_.reward_tag_reward_tag_id as reward_t3_16_1_, rewardtagw0_.user_id as user_id4_16_1_ from reward_tag_wrapper rewardtagw0_ where rewardtagw0_.user_id=?
Hibernate: select attendance0_.attendance_user_attendance_user_id as col_0_0_ from attendance_user attendance0_ where attendance0_.user_id=? limit ?
Hibernate: DELETE FROM USER WHERE USER_ID = ?
Hibernate: select user0_.user_id as col_0_0_ from user user0_ where user0_.user_user_id=? limit ?
Hibernate: select user0_.user_id as col_0_0_ from user user0_ where user0_.user_user_id=? limit ?
Hibernate: select user0_.user_id as user_id1_21_, user0_.character_id as characte7_21_, user0_.user_created_at as user_cre2_21_, user0_.user_name as user_nam3_21_, user0_.user_phone_number as user_pho4_21_, user0_.user_user_id as user_use5_21_, user0_.user_user_password as user_use6_21_ from user user0_ inner join characters character1_ on user0_.character_id=character1_.character_id where user0_.user_user_id=?
Hibernate: select character0_.character_id as characte1_6_0_, character0_.character_character_name as characte2_6_0_ from characters character0_ where character0_.character_id=?
Hibernate: select rewardtagw0_.user_id as user_id4_16_0_, rewardtagw0_.reward_tag_wrapper_reward_id as reward_t1_16_0_, rewardtagw0_.reward_tag_wrapper_reward_id as reward_t1_16_1_, rewardtagw0_.reward_tag_wrapper_reward_presented_at as reward_t2_16_1_, rewardtagw0_.reward_tag_reward_tag_id as reward_t3_16_1_, rewardtagw0_.user_id as user_id4_16_1_ from reward_tag_wrapper rewardtagw0_ where rewardtagw0_.user_id=?
Hibernate: select user0_.user_id as user_id1_21_0_, user0_.character_id as characte7_21_0_, user0_.user_created_at as user_cre2_21_0_, user0_.user_name as user_nam3_21_0_, user0_.user_phone_number as user_pho4_21_0_, user0_.user_user_id as user_use5_21_0_, user0_.user_user_password as user_use6_21_0_ from user user0_ where user0_.user_id=?
Hibernate: select character0_.character_id as characte1_6_0_, character0_.character_character_name as characte2_6_0_ from characters character0_ where character0_.character_id=?
Hibernate: select count(*) as col_0_0_ from user user0_ where user0_.user_id=?
Hibernate: select character1_.character_id as characte1_6_, character1_.character_character_name as characte2_6_ from user user0_ inner join characters character1_ on user0_.character_id=character1_.character_id where user0_.user_id=?
Hibernate: select permission0_.character_id as characte6_12_0_, permission0_.permission_id as permissi1_12_0_, permission0_.permission_id as permissi1_12_1_, permission0_.character_id as characte6_12_1_, permission0_.permission_name as permissi2_12_1_, permission0_.permission_permission_unit_id as permissi3_12_1_, permission0_.permission_service as permissi4_12_1_, permission0_.permission_status as permissi5_12_1_ from permission permission0_ where permission0_.character_id=?
Hibernate: select count(*) as col_0_0_ from user user0_ where user0_.user_id=?
Hibernate: select user0_.user_id as user_id1_21_, user0_.character_id as characte7_21_, user0_.user_created_at as user_cre2_21_, user0_.user_name as user_nam3_21_, user0_.user_phone_number as user_pho4_21_, user0_.user_user_id as user_use5_21_, user0_.user_user_password as user_use6_21_ from user user0_ where user0_.user_id=?
Hibernate: select character0_.character_id as characte1_6_0_, character0_.character_character_name as characte2_6_0_ from characters character0_ where character0_.character_id=?
Hibernate: select rewardtagw0_.user_id as user_id4_16_0_, rewardtagw0_.reward_tag_wrapper_reward_id as reward_t1_16_0_, rewardtagw0_.reward_tag_wrapper_reward_id as reward_t1_16_1_, rewardtagw0_.reward_tag_wrapper_reward_presented_at as reward_t2_16_1_, rewardtagw0_.reward_tag_reward_tag_id as reward_t3_16_1_, rewardtagw0_.user_id as user_id4_16_1_ from reward_tag_wrapper rewardtagw0_ where rewardtagw0_.user_id=?
Hibernate: select attendance0_.attendance_user_attendance_user_id as col_0_0_ from attendance_user attendance0_ where attendance0_.user_id=? limit ?
Hibernate: DELETE FROM USER WHERE USER_ID = ?
Hibernate: select user0_.user_id as col_0_0_ from user user0_ where user0_.user_user_id=? limit ?
Hibernate: select user0_.user_id as col_0_0_ from user user0_ where user0_.user_user_id=? limit ?
Hibernate: select user0_.user_id as user_id1_21_, user0_.character_id as characte7_21_, user0_.user_created_at as user_cre2_21_, user0_.user_name as user_nam3_21_, user0_.user_phone_number as user_pho4_21_, user0_.user_user_id as user_use5_21_, user0_.user_user_password as user_use6_21_ from user user0_ inner join characters character1_ on user0_.character_id=character1_.character_id where user0_.user_user_id=?
Hibernate: select character0_.character_id as characte1_6_0_, character0_.character_character_name as characte2_6_0_ from characters character0_ where character0_.character_id=?
Hibernate: select rewardtagw0_.user_id as user_id4_16_0_, rewardtagw0_.reward_tag_wrapper_reward_id as reward_t1_16_0_, rewardtagw0_.reward_tag_wrapper_reward_id as reward_t1_16_1_, rewardtagw0_.reward_tag_wrapper_reward_presented_at as reward_t2_16_1_, rewardtagw0_.reward_tag_reward_tag_id as reward_t3_16_1_, rewardtagw0_.user_id as user_id4_16_1_ from reward_tag_wrapper rewardtagw0_ where rewardtagw0_.user_id=?
Hibernate: select user0_.user_id as user_id1_21_0_, user0_.character_id as characte7_21_0_, user0_.user_created_at as user_cre2_21_0_, user0_.user_name as user_nam3_21_0_, user0_.user_phone_number as user_pho4_21_0_, user0_.user_user_id as user_use5_21_0_, user0_.user_user_password as user_use6_21_0_ from user user0_ where user0_.user_id=?
Hibernate: select character0_.character_id as characte1_6_0_, character0_.character_character_name as characte2_6_0_ from characters character0_ where character0_.character_id=?
Hibernate: select count(*) as col_0_0_ from user user0_ where user0_.user_id=?
Hibernate: select character1_.character_id as characte1_6_, character1_.character_character_name as characte2_6_ from user user0_ inner join characters character1_ on user0_.character_id=character1_.character_id where user0_.user_id=?
Hibernate: select permission0_.character_id as characte6_12_0_, permission0_.permission_id as permissi1_12_0_, permission0_.permission_id as permissi1_12_1_, permission0_.character_id as characte6_12_1_, permission0_.permission_name as permissi2_12_1_, permission0_.permission_permission_unit_id as permissi3_12_1_, permission0_.permission_service as permissi4_12_1_, permission0_.permission_status as permissi5_12_1_ from permission permission0_ where permission0_.character_id=?
Hibernate: select count(*) as col_0_0_ from user user0_ where user0_.user_id=?
Hibernate: select user0_.user_id as user_id1_21_, user0_.character_id as characte7_21_, user0_.user_created_at as user_cre2_21_, user0_.user_name as user_nam3_21_, user0_.user_phone_number as user_pho4_21_, user0_.user_user_id as user_use5_21_, user0_.user_user_password as user_use6_21_ from user user0_ where user0_.user_id=?
Hibernate: select character0_.character_id as characte1_6_0_, character0_.character_character_name as characte2_6_0_ from characters character0_ where character0_.character_id=?
Hibernate: select rewardtagw0_.user_id as user_id4_16_0_, rewardtagw0_.reward_tag_wrapper_reward_id as reward_t1_16_0_, rewardtagw0_.reward_tag_wrapper_reward_id as reward_t1_16_1_, rewardtagw0_.reward_tag_wrapper_reward_presented_at as reward_t2_16_1_, rewardtagw0_.reward_tag_reward_tag_id as reward_t3_16_1_, rewardtagw0_.user_id as user_id4_16_1_ from reward_tag_wrapper rewardtagw0_ where rewardtagw0_.user_id=?
Hibernate: select attendance0_.attendance_user_attendance_user_id as col_0_0_ from attendance_user attendance0_ where attendance0_.user_id=? limit ?
Hibernate: DELETE FROM USER WHERE USER_ID = ?
Hibernate: select user0_.user_id as col_0_0_ from user user0_ where user0_.user_user_id=? limit ?
Hibernate: select user0_.user_id as col_0_0_ from user user0_ where user0_.user_user_id=? limit ?
Hibernate: select user0_.user_id as user_id1_21_, user0_.character_id as characte7_21_, user0_.user_created_at as user_cre2_21_, user0_.user_name as user_nam3_21_, user0_.user_phone_number as user_pho4_21_, user0_.user_user_id as user_use5_21_, user0_.user_user_password as user_use6_21_ from user user0_ inner join characters character1_ on user0_.character_id=character1_.character_id where user0_.user_user_id=?
Hibernate: select character0_.character_id as characte1_6_0_, character0_.character_character_name as characte2_6_0_ from characters character0_ where character0_.character_id=?
Hibernate: select rewardtagw0_.user_id as user_id4_16_0_, rewardtagw0_.reward_tag_wrapper_reward_id as reward_t1_16_0_, rewardtagw0_.reward_tag_wrapper_reward_id as reward_t1_16_1_, rewardtagw0_.reward_tag_wrapper_reward_presented_at as reward_t2_16_1_, rewardtagw0_.reward_tag_reward_tag_id as reward_t3_16_1_, rewardtagw0_.user_id as user_id4_16_1_ from reward_tag_wrapper rewardtagw0_ where rewardtagw0_.user_id=?
Hibernate: select user0_.user_id as user_id1_21_0_, user0_.character_id as characte7_21_0_, user0_.user_created_at as user_cre2_21_0_, user0_.user_name as user_nam3_21_0_, user0_.user_phone_number as user_pho4_21_0_, user0_.user_user_id as user_use5_21_0_, user0_.user_user_password as user_use6_21_0_ from user user0_ where user0_.user_id=?
Hibernate: select character0_.character_id as characte1_6_0_, character0_.character_character_name as characte2_6_0_ from characters character0_ where character0_.character_id=?
Hibernate: select count(*) as col_0_0_ from user user0_ where user0_.user_id=?
Hibernate: select character1_.character_id as characte1_6_, character1_.character_character_name as characte2_6_ from user user0_ inner join characters character1_ on user0_.character_id=character1_.character_id where user0_.user_id=?
Hibernate: select permission0_.character_id as characte6_12_0_, permission0_.permission_id as permissi1_12_0_, permission0_.permission_id as permissi1_12_1_, permission0_.character_id as characte6_12_1_, permission0_.permission_name as permissi2_12_1_, permission0_.permission_permission_unit_id as permissi3_12_1_, permission0_.permission_service as permissi4_12_1_, permission0_.permission_status as permissi5_12_1_ from permission permission0_ where permission0_.character_id=?
Hibernate: select count(*) as col_0_0_ from user user0_ where user0_.user_id=?
Hibernate: select user0_.user_id as user_id1_21_, user0_.character_id as characte7_21_, user0_.user_created_at as user_cre2_21_, user0_.user_name as user_nam3_21_, user0_.user_phone_number as user_pho4_21_, user0_.user_user_id as user_use5_21_, user0_.user_user_password as user_use6_21_ from user user0_ where user0_.user_id=?
Hibernate: select character0_.character_id as characte1_6_0_, character0_.character_character_name as characte2_6_0_ from characters character0_ where character0_.character_id=?
Hibernate: select rewardtagw0_.user_id as user_id4_16_0_, rewardtagw0_.reward_tag_wrapper_reward_id as reward_t1_16_0_, rewardtagw0_.reward_tag_wrapper_reward_id as reward_t1_16_1_, rewardtagw0_.reward_tag_wrapper_reward_presented_at as reward_t2_16_1_, rewardtagw0_.reward_tag_reward_tag_id as reward_t3_16_1_, rewardtagw0_.user_id as user_id4_16_1_ from reward_tag_wrapper rewardtagw0_ where rewardtagw0_.user_id=?
Hibernate: select attendance0_.attendance_user_attendance_user_id as col_0_0_ from attendance_user attendance0_ where attendance0_.user_id=? limit ?
Hibernate: DELETE FROM USER WHERE USER_ID = ?
Hibernate: select user0_.user_id as col_0_0_ from user user0_ where user0_.user_user_id=? limit ?
Hibernate: select user0_.user_id as col_0_0_ from user user0_ where user0_.user_user_id=? limit ?
Hibernate: select user0_.user_id as user_id1_21_, user0_.character_id as characte7_21_, user0_.user_created_at as user_cre2_21_, user0_.user_name as user_nam3_21_, user0_.user_phone_number as user_pho4_21_, user0_.user_user_id as user_use5_21_, user0_.user_user_password as user_use6_21_ from user user0_ inner join characters character1_ on user0_.character_id=character1_.character_id where user0_.user_user_id=?
Hibernate: select character0_.character_id as characte1_6_0_, character0_.character_character_name as characte2_6_0_ from characters character0_ where character0_.character_id=?
Hibernate: select rewardtagw0_.user_id as user_id4_16_0_, rewardtagw0_.reward_tag_wrapper_reward_id as reward_t1_16_0_, rewardtagw0_.reward_tag_wrapper_reward_id as reward_t1_16_1_, rewardtagw0_.reward_tag_wrapper_reward_presented_at as reward_t2_16_1_, rewardtagw0_.reward_tag_reward_tag_id as reward_t3_16_1_, rewardtagw0_.user_id as user_id4_16_1_ from reward_tag_wrapper rewardtagw0_ where rewardtagw0_.user_id=?
Hibernate: select user0_.user_id as user_id1_21_0_, user0_.character_id as characte7_21_0_, user0_.user_created_at as user_cre2_21_0_, user0_.user_name as user_nam3_21_0_, user0_.user_phone_number as user_pho4_21_0_, user0_.user_user_id as user_use5_21_0_, user0_.user_user_password as user_use6_21_0_ from user user0_ where user0_.user_id=?
Hibernate: select character0_.character_id as characte1_6_0_, character0_.character_character_name as characte2_6_0_ from characters character0_ where character0_.character_id=?
Hibernate: select count(*) as col_0_0_ from user user0_ where user0_.user_id=?
Hibernate: select character1_.character_id as characte1_6_, character1_.character_character_name as characte2_6_ from user user0_ inner join characters character1_ on user0_.character_id=character1_.character_id where user0_.user_id=?
Hibernate: select permission0_.character_id as characte6_12_0_, permission0_.permission_id as permissi1_12_0_, permission0_.permission_id as permissi1_12_1_, permission0_.character_id as characte6_12_1_, permission0_.permission_name as permissi2_12_1_, permission0_.permission_permission_unit_id as permissi3_12_1_, permission0_.permission_service as permissi4_12_1_, permission0_.permission_status as permissi5_12_1_ from permission permission0_ where permission0_.character_id=?
Hibernate: select count(*) as col_0_0_ from user user0_ where user0_.user_id=?
Hibernate: select user0_.user_id as user_id1_21_, user0_.character_id as characte7_21_, user0_.user_created_at as user_cre2_21_, user0_.user_name as user_nam3_21_, user0_.user_phone_number as user_pho4_21_, user0_.user_user_id as user_use5_21_, user0_.user_user_password as user_use6_21_ from user user0_ where user0_.user_id=?
Hibernate: select character0_.character_id as characte1_6_0_, character0_.character_character_name as characte2_6_0_ from characters character0_ where character0_.character_id=?
Hibernate: select rewardtagw0_.user_id as user_id4_16_0_, rewardtagw0_.reward_tag_wrapper_reward_id as reward_t1_16_0_, rewardtagw0_.reward_tag_wrapper_reward_id as reward_t1_16_1_, rewardtagw0_.reward_tag_wrapper_reward_presented_at as reward_t2_16_1_, rewardtagw0_.reward_tag_reward_tag_id as reward_t3_16_1_, rewardtagw0_.user_id as user_id4_16_1_ from reward_tag_wrapper rewardtagw0_ where rewardtagw0_.user_id=?
Hibernate: select attendance0_.attendance_user_attendance_user_id as col_0_0_ from attendance_user attendance0_ where attendance0_.user_id=? limit ?
Hibernate: DELETE FROM USER WHERE USER_ID = ?
Hibernate: select user0_.user_id as col_0_0_ from user user0_ where user0_.user_user_id=? limit ?
Hibernate: select user0_.user_id as col_0_0_ from user user0_ where user0_.user_user_id=? limit ?
Hibernate: select user0_.user_id as user_id1_21_, user0_.character_id as characte7_21_, user0_.user_created_at as user_cre2_21_, user0_.user_name as user_nam3_21_, user0_.user_phone_number as user_pho4_21_, user0_.user_user_id as user_use5_21_, user0_.user_user_password as user_use6_21_ from user user0_ inner join characters character1_ on user0_.character_id=character1_.character_id where user0_.user_user_id=?
Hibernate: select character0_.character_id as characte1_6_0_, character0_.character_character_name as characte2_6_0_ from characters character0_ where character0_.character_id=?
Hibernate: select rewardtagw0_.user_id as user_id4_16_0_, rewardtagw0_.reward_tag_wrapper_reward_id as reward_t1_16_0_, rewardtagw0_.reward_tag_wrapper_reward_id as reward_t1_16_1_, rewardtagw0_.reward_tag_wrapper_reward_presented_at as reward_t2_16_1_, rewardtagw0_.reward_tag_reward_tag_id as reward_t3_16_1_, rewardtagw0_.user_id as user_id4_16_1_ from reward_tag_wrapper rewardtagw0_ where rewardtagw0_.user_id=?
Hibernate: select user0_.user_id as user_id1_21_0_, user0_.character_id as characte7_21_0_, user0_.user_created_at as user_cre2_21_0_, user0_.user_name as user_nam3_21_0_, user0_.user_phone_number as user_pho4_21_0_, user0_.user_user_id as user_use5_21_0_, user0_.user_user_password as user_use6_21_0_ from user user0_ where user0_.user_id=?
Hibernate: select character0_.character_id as characte1_6_0_, character0_.character_character_name as characte2_6_0_ from characters character0_ where character0_.character_id=?
Hibernate: select count(*) as col_0_0_ from user user0_ where user0_.user_id=?
Hibernate: select character1_.character_id as characte1_6_, character1_.character_character_name as characte2_6_ from user user0_ inner join characters character1_ on user0_.character_id=character1_.character_id where user0_.user_id=?
Hibernate: select permission0_.character_id as characte6_12_0_, permission0_.permission_id as permissi1_12_0_, permission0_.permission_id as permissi1_12_1_, permission0_.character_id as characte6_12_1_, permission0_.permission_name as permissi2_12_1_, permission0_.permission_permission_unit_id as permissi3_12_1_, permission0_.permission_service as permissi4_12_1_, permission0_.permission_status as permissi5_12_1_ from permission permission0_ where permission0_.character_id=?
Hibernate: select count(*) as col_0_0_ from user user0_ where user0_.user_id=?
Hibernate: select user0_.user_id as user_id1_21_, user0_.character_id as characte7_21_, user0_.user_created_at as user_cre2_21_, user0_.user_name as user_nam3_21_, user0_.user_phone_number as user_pho4_21_, user0_.user_user_id as user_use5_21_, user0_.user_user_password as user_use6_21_ from user user0_ where user0_.user_id=?
Hibernate: select character0_.character_id as characte1_6_0_, character0_.character_character_name as characte2_6_0_ from characters character0_ where character0_.character_id=?
Hibernate: select rewardtagw0_.user_id as user_id4_16_0_, rewardtagw0_.reward_tag_wrapper_reward_id as reward_t1_16_0_, rewardtagw0_.reward_tag_wrapper_reward_id as reward_t1_16_1_, rewardtagw0_.reward_tag_wrapper_reward_presented_at as reward_t2_16_1_, rewardtagw0_.reward_tag_reward_tag_id as reward_t3_16_1_, rewardtagw0_.user_id as user_id4_16_1_ from reward_tag_wrapper rewardtagw0_ where rewardtagw0_.user_id=?
Hibernate: select attendance0_.attendance_user_attendance_user_id as col_0_0_ from attendance_user attendance0_ where attendance0_.user_id=? limit ?
Hibernate: DELETE FROM USER WHERE USER_ID = ?
Hibernate: select user0_.user_id as col_0_0_ from user user0_ where user0_.user_user_id=? limit ?
Hibernate: select user0_.user_id as col_0_0_ from user user0_ where user0_.user_user_id=? limit ?
Hibernate: select user0_.user_id as user_id1_21_, user0_.character_id as characte7_21_, user0_.user_created_at as user_cre2_21_, user0_.user_name as user_nam3_21_, user0_.user_phone_number as user_pho4_21_, user0_.user_user_id as user_use5_21_, user0_.user_user_password as user_use6_21_ from user user0_ inner join characters character1_ on user0_.character_id=character1_.character_id where user0_.user_user_id=?
Hibernate: select character0_.character_id as characte1_6_0_, character0_.character_character_name as characte2_6_0_ from characters character0_ where character0_.character_id=?
Hibernate: select rewardtagw0_.user_id as user_id4_16_0_, rewardtagw0_.reward_tag_wrapper_reward_id as reward_t1_16_0_, rewardtagw0_.reward_tag_wrapper_reward_id as reward_t1_16_1_, rewardtagw0_.reward_tag_wrapper_reward_presented_at as reward_t2_16_1_, rewardtagw0_.reward_tag_reward_tag_id as reward_t3_16_1_, rewardtagw0_.user_id as user_id4_16_1_ from reward_tag_wrapper rewardtagw0_ where rewardtagw0_.user_id=?
Hibernate: select user0_.user_id as user_id1_21_0_, user0_.character_id as characte7_21_0_, user0_.user_created_at as user_cre2_21_0_, user0_.user_name as user_nam3_21_0_, user0_.user_phone_number as user_pho4_21_0_, user0_.user_user_id as user_use5_21_0_, user0_.user_user_password as user_use6_21_0_ from user user0_ where user0_.user_id=?
Hibernate: select character0_.character_id as characte1_6_0_, character0_.character_character_name as characte2_6_0_ from characters character0_ where character0_.character_id=?
Hibernate: select count(*) as col_0_0_ from user user0_ where user0_.user_id=?
Hibernate: select character1_.character_id as characte1_6_, character1_.character_character_name as characte2_6_ from user user0_ inner join characters character1_ on user0_.character_id=character1_.character_id where user0_.user_id=?
Hibernate: select permission0_.character_id as characte6_12_0_, permission0_.permission_id as permissi1_12_0_, permission0_.permission_id as permissi1_12_1_, permission0_.character_id as characte6_12_1_, permission0_.permission_name as permissi2_12_1_, permission0_.permission_permission_unit_id as permissi3_12_1_, permission0_.permission_service as permissi4_12_1_, permission0_.permission_status as permissi5_12_1_ from permission permission0_ where permission0_.character_id=?
Hibernate: select count(*) as col_0_0_ from user user0_ where user0_.user_id=?
Hibernate: select user0_.user_id as user_id1_21_, user0_.character_id as characte7_21_, user0_.user_created_at as user_cre2_21_, user0_.user_name as user_nam3_21_, user0_.user_phone_number as user_pho4_21_, user0_.user_user_id as user_use5_21_, user0_.user_user_password as user_use6_21_ from user user0_ where user0_.user_id=?
Hibernate: select character0_.character_id as characte1_6_0_, character0_.character_character_name as characte2_6_0_ from characters character0_ where character0_.character_id=?
Hibernate: select rewardtagw0_.user_id as user_id4_16_0_, rewardtagw0_.reward_tag_wrapper_reward_id as reward_t1_16_0_, rewardtagw0_.reward_tag_wrapper_reward_id as reward_t1_16_1_, rewardtagw0_.reward_tag_wrapper_reward_presented_at as reward_t2_16_1_, rewardtagw0_.reward_tag_reward_tag_id as reward_t3_16_1_, rewardtagw0_.user_id as user_id4_16_1_ from reward_tag_wrapper rewardtagw0_ where rewardtagw0_.user_id=?
Hibernate: select attendance0_.attendance_user_attendance_user_id as col_0_0_ from attendance_user attendance0_ where attendance0_.user_id=? limit ?
Hibernate: DELETE FROM USER WHERE USER_ID = ?
Hibernate: select user0_.user_id as col_0_0_ from user user0_ where user0_.user_user_id=? limit ?
Hibernate: select user0_.user_id as col_0_0_ from user user0_ where user0_.user_user_id=? limit ?
Hibernate: select user0_.user_id as user_id1_21_, user0_.character_id as characte7_21_, user0_.user_created_at as user_cre2_21_, user0_.user_name as user_nam3_21_, user0_.user_phone_number as user_pho4_21_, user0_.user_user_id as user_use5_21_, user0_.user_user_password as user_use6_21_ from user user0_ inner join characters character1_ on user0_.character_id=character1_.character_id where user0_.user_user_id=?
Hibernate: select character0_.character_id as characte1_6_0_, character0_.character_character_name as characte2_6_0_ from characters character0_ where character0_.character_id=?
Hibernate: select rewardtagw0_.user_id as user_id4_16_0_, rewardtagw0_.reward_tag_wrapper_reward_id as reward_t1_16_0_, rewardtagw0_.reward_tag_wrapper_reward_id as reward_t1_16_1_, rewardtagw0_.reward_tag_wrapper_reward_presented_at as reward_t2_16_1_, rewardtagw0_.reward_tag_reward_tag_id as reward_t3_16_1_, rewardtagw0_.user_id as user_id4_16_1_ from reward_tag_wrapper rewardtagw0_ where rewardtagw0_.user_id=?
Hibernate: select user0_.user_id as user_id1_21_0_, user0_.character_id as characte7_21_0_, user0_.user_created_at as user_cre2_21_0_, user0_.user_name as user_nam3_21_0_, user0_.user_phone_number as user_pho4_21_0_, user0_.user_user_id as user_use5_21_0_, user0_.user_user_password as user_use6_21_0_ from user user0_ where user0_.user_id=?
Hibernate: select character0_.character_id as characte1_6_0_, character0_.character_character_name as characte2_6_0_ from characters character0_ where character0_.character_id=?
Hibernate: select count(*) as col_0_0_ from user user0_ where user0_.user_id=?
Hibernate: select character1_.character_id as characte1_6_, character1_.character_character_name as characte2_6_ from user user0_ inner join characters character1_ on user0_.character_id=character1_.character_id where user0_.user_id=?
Hibernate: select permission0_.character_id as characte6_12_0_, permission0_.permission_id as permissi1_12_0_, permission0_.permission_id as permissi1_12_1_, permission0_.character_id as characte6_12_1_, permission0_.permission_name as permissi2_12_1_, permission0_.permission_permission_unit_id as permissi3_12_1_, permission0_.permission_service as permissi4_12_1_, permission0_.permission_status as permissi5_12_1_ from permission permission0_ where permission0_.character_id=?
Hibernate: select count(*) as col_0_0_ from user user0_ where user0_.user_id=?
Hibernate: select user0_.user_id as user_id1_21_, user0_.character_id as characte7_21_, user0_.user_created_at as user_cre2_21_, user0_.user_name as user_nam3_21_, user0_.user_phone_number as user_pho4_21_, user0_.user_user_id as user_use5_21_, user0_.user_user_password as user_use6_21_ from user user0_ where user0_.user_id=?
Hibernate: select character0_.character_id as characte1_6_0_, character0_.character_character_name as characte2_6_0_ from characters character0_ where character0_.character_id=?
Hibernate: select rewardtagw0_.user_id as user_id4_16_0_, rewardtagw0_.reward_tag_wrapper_reward_id as reward_t1_16_0_, rewardtagw0_.reward_tag_wrapper_reward_id as reward_t1_16_1_, rewardtagw0_.reward_tag_wrapper_reward_presented_at as reward_t2_16_1_, rewardtagw0_.reward_tag_reward_tag_id as reward_t3_16_1_, rewardtagw0_.user_id as user_id4_16_1_ from reward_tag_wrapper rewardtagw0_ where rewardtagw0_.user_id=?
Hibernate: select attendance0_.attendance_user_attendance_user_id as col_0_0_ from attendance_user attendance0_ where attendance0_.user_id=? limit ?
Hibernate: DELETE FROM USER WHERE USER_ID = ?
Hibernate: select user0_.user_id as col_0_0_ from user user0_ where user0_.user_user_id=? limit ?
Hibernate: select user0_.user_id as col_0_0_ from user user0_ where user0_.user_user_id=? limit ?
Hibernate: select user0_.user_id as user_id1_21_, user0_.character_id as characte7_21_, user0_.user_created_at as user_cre2_21_, user0_.user_name as user_nam3_21_, user0_.user_phone_number as user_pho4_21_, user0_.user_user_id as user_use5_21_, user0_.user_user_password as user_use6_21_ from user user0_ inner join characters character1_ on user0_.character_id=character1_.character_id where user0_.user_user_id=?
Hibernate: select character0_.character_id as characte1_6_0_, character0_.character_character_name as characte2_6_0_ from characters character0_ where character0_.character_id=?
Hibernate: select rewardtagw0_.user_id as user_id4_16_0_, rewardtagw0_.reward_tag_wrapper_reward_id as reward_t1_16_0_, rewardtagw0_.reward_tag_wrapper_reward_id as reward_t1_16_1_, rewardtagw0_.reward_tag_wrapper_reward_presented_at as reward_t2_16_1_, rewardtagw0_.reward_tag_reward_tag_id as reward_t3_16_1_, rewardtagw0_.user_id as user_id4_16_1_ from reward_tag_wrapper rewardtagw0_ where rewardtagw0_.user_id=?
Hibernate: select user0_.user_id as user_id1_21_0_, user0_.character_id as characte7_21_0_, user0_.user_created_at as user_cre2_21_0_, user0_.user_name as user_nam3_21_0_, user0_.user_phone_number as user_pho4_21_0_, user0_.user_user_id as user_use5_21_0_, user0_.user_user_password as user_use6_21_0_ from user user0_ where user0_.user_id=?
Hibernate: select character0_.character_id as characte1_6_0_, character0_.character_character_name as characte2_6_0_ from characters character0_ where character0_.character_id=?
Hibernate: select count(*) as col_0_0_ from user user0_ where user0_.user_id=?
Hibernate: select character1_.character_id as characte1_6_, character1_.character_character_name as characte2_6_ from user user0_ inner join characters character1_ on user0_.character_id=character1_.character_id where user0_.user_id=?
Hibernate: select permission0_.character_id as characte6_12_0_, permission0_.permission_id as permissi1_12_0_, permission0_.permission_id as permissi1_12_1_, permission0_.character_id as characte6_12_1_, permission0_.permission_name as permissi2_12_1_, permission0_.permission_permission_unit_id as permissi3_12_1_, permission0_.permission_service as permissi4_12_1_, permission0_.permission_status as permissi5_12_1_ from permission permission0_ where permission0_.character_id=?
Hibernate: select count(*) as col_0_0_ from user user0_ where user0_.user_id=?
Hibernate: select user0_.user_id as user_id1_21_, user0_.character_id as characte7_21_, user0_.user_created_at as user_cre2_21_, user0_.user_name as user_nam3_21_, user0_.user_phone_number as user_pho4_21_, user0_.user_user_id as user_use5_21_, user0_.user_user_password as user_use6_21_ from user user0_ where user0_.user_id=?
Hibernate: select character0_.character_id as characte1_6_0_, character0_.character_character_name as characte2_6_0_ from characters character0_ where character0_.character_id=?
Hibernate: select rewardtagw0_.user_id as user_id4_16_0_, rewardtagw0_.reward_tag_wrapper_reward_id as reward_t1_16_0_, rewardtagw0_.reward_tag_wrapper_reward_id as reward_t1_16_1_, rewardtagw0_.reward_tag_wrapper_reward_presented_at as reward_t2_16_1_, rewardtagw0_.reward_tag_reward_tag_id as reward_t3_16_1_, rewardtagw0_.user_id as user_id4_16_1_ from reward_tag_wrapper rewardtagw0_ where rewardtagw0_.user_id=?
Hibernate: select attendance0_.attendance_user_attendance_user_id as col_0_0_ from attendance_user attendance0_ where attendance0_.user_id=? limit ?
Hibernate: DELETE FROM USER WHERE USER_ID = ?
Hibernate: select user0_.user_id as col_0_0_ from user user0_ where user0_.user_user_id=? limit ?
Hibernate: select user0_.user_id as col_0_0_ from user user0_ where user0_.user_user_id=? limit ?
Hibernate: select user0_.user_id as user_id1_21_, user0_.character_id as characte7_21_, user0_.user_created_at as user_cre2_21_, user0_.user_name as user_nam3_21_, user0_.user_phone_number as user_pho4_21_, user0_.user_user_id as user_use5_21_, user0_.user_user_password as user_use6_21_ from user user0_ inner join characters character1_ on user0_.character_id=character1_.character_id where user0_.user_user_id=?
Hibernate: select character0_.character_id as characte1_6_0_, character0_.character_character_name as characte2_6_0_ from characters character0_ where character0_.character_id=?
Hibernate: select rewardtagw0_.user_id as user_id4_16_0_, rewardtagw0_.reward_tag_wrapper_reward_id as reward_t1_16_0_, rewardtagw0_.reward_tag_wrapper_reward_id as reward_t1_16_1_, rewardtagw0_.reward_tag_wrapper_reward_presented_at as reward_t2_16_1_, rewardtagw0_.reward_tag_reward_tag_id as reward_t3_16_1_, rewardtagw0_.user_id as user_id4_16_1_ from reward_tag_wrapper rewardtagw0_ where rewardtagw0_.user_id=?
Hibernate: select user0_.user_id as user_id1_21_0_, user0_.character_id as characte7_21_0_, user0_.user_created_at as user_cre2_21_0_, user0_.user_name as user_nam3_21_0_, user0_.user_phone_number as user_pho4_21_0_, user0_.user_user_id as user_use5_21_0_, user0_.user_user_password as user_use6_21_0_ from user user0_ where user0_.user_id=?
Hibernate: select character0_.character_id as characte1_6_0_, character0_.character_character_name as characte2_6_0_ from characters character0_ where character0_.character_id=?
Hibernate: select count(*) as col_0_0_ from user user0_ where user0_.user_id=?
Hibernate: select character1_.character_id as characte1_6_, character1_.character_character_name as characte2_6_ from user user0_ inner join characters character1_ on user0_.character_id=character1_.character_id where user0_.user_id=?
Hibernate: select permission0_.character_id as characte6_12_0_, permission0_.permission_id as permissi1_12_0_, permission0_.permission_id as permissi1_12_1_, permission0_.character_id as characte6_12_1_, permission0_.permission_name as permissi2_12_1_, permission0_.permission_permission_unit_id as permissi3_12_1_, permission0_.permission_service as permissi4_12_1_, permission0_.permission_status as permissi5_12_1_ from permission permission0_ where permission0_.character_id=?
Hibernate: select count(*) as col_0_0_ from user user0_ where user0_.user_id=?
Hibernate: select user0_.user_id as user_id1_21_, user0_.character_id as characte7_21_, user0_.user_created_at as user_cre2_21_, user0_.user_name as user_nam3_21_, user0_.user_phone_number as user_pho4_21_, user0_.user_user_id as user_use5_21_, user0_.user_user_password as user_use6_21_ from user user0_ where user0_.user_id=?
Hibernate: select character0_.character_id as characte1_6_0_, character0_.character_character_name as characte2_6_0_ from characters character0_ where character0_.character_id=?
Hibernate: select rewardtagw0_.user_id as user_id4_16_0_, rewardtagw0_.reward_tag_wrapper_reward_id as reward_t1_16_0_, rewardtagw0_.reward_tag_wrapper_reward_id as reward_t1_16_1_, rewardtagw0_.reward_tag_wrapper_reward_presented_at as reward_t2_16_1_, rewardtagw0_.reward_tag_reward_tag_id as reward_t3_16_1_, rewardtagw0_.user_id as user_id4_16_1_ from reward_tag_wrapper rewardtagw0_ where rewardtagw0_.user_id=?
Hibernate: select attendance0_.attendance_user_attendance_user_id as col_0_0_ from attendance_user attendance0_ where attendance0_.user_id=? limit ?
Hibernate: DELETE FROM USER WHERE USER_ID = ?
Hibernate: select user0_.user_id as col_0_0_ from user user0_ where user0_.user_user_id=? limit ?
Hibernate: select user0_.user_id as col_0_0_ from user user0_ where user0_.user_user_id=? limit ?
Hibernate: select user0_.user_id as col_0_0_ from user user0_ where user0_.user_user_id=? limit ?
Hibernate: select U.* from USER U where U.USER_USER_ID =?
Hibernate: select character0_.character_id as characte1_6_0_, character0_.character_character_name as characte2_6_0_ from characters character0_ where character0_.character_id=?
Hibernate: select user0_.user_id as user_id1_21_0_, user0_.character_id as characte7_21_0_, user0_.user_created_at as user_cre2_21_0_, user0_.user_name as user_nam3_21_0_, user0_.user_phone_number as user_pho4_21_0_, user0_.user_user_id as user_use5_21_0_, user0_.user_user_password as user_use6_21_0_ from user user0_ where user0_.user_id=?
Hibernate: select character0_.character_id as characte1_6_0_, character0_.character_character_name as characte2_6_0_ from characters character0_ where character0_.character_id=?
Hibernate: select count(*) as col_0_0_ from team_building teambuildi0_
Hibernate: select count(*) as col_0_0_ from team_building teambuildi0_
Hibernate: select user0_.user_id as col_0_0_ from user user0_ where user0_.user_user_id=? limit ?
Hibernate: select user0_.user_id as col_0_0_ from user user0_ where user0_.user_user_id=? limit ?
Hibernate: select U.* from USER U where U.USER_USER_ID =?
Hibernate: select character0_.character_id as characte1_6_0_, character0_.character_character_name as characte2_6_0_ from characters character0_ where character0_.character_id=?
Hibernate: select user0_.user_id as col_0_0_ from user user0_ where user0_.user_user_id=? limit ?
Hibernate: select user0_.user_id as col_0_0_ from user user0_ where user0_.user_user_id=? limit ?
Hibernate: select U.* from USER U where U.USER_USER_ID =?
Hibernate: select character0_.character_id as characte1_6_0_, character0_.character_character_name as characte2_6_0_ from characters character0_ where character0_.character_id=?
Hibernate: select user0_.user_id as col_0_0_ from user user0_ where user0_.user_user_id=? limit ?
Hibernate: select user0_.user_id as col_0_0_ from user user0_ where user0_.user_user_id=? limit ?
Hibernate: select U.* from USER U where U.USER_USER_ID =?
Hibernate: select character0_.character_id as characte1_6_0_, character0_.character_character_name as characte2_6_0_ from characters character0_ where character0_.character_id=?
Hibernate: select user0_.user_id as col_0_0_ from user user0_ where user0_.user_user_id=? limit ?
Hibernate: select userjoinin0_.user_joining_pool_id as col_0_0_ from user_joining_pool userjoinin0_ where userjoinin0_.user_user_id=? limit ?
Hibernate: select character0_.character_id as col_0_0_ from characters character0_ where character0_.character_character_name=? limit ?
Hibernate: insert into user_joining_pool (user_joining_pool_id, user_created_at, user_name, user_phone_number, user_user_id, user_user_password) values (default, ?, ?, ?, ?, ?)
Hibernate: select user0_.user_id as user_id1_21_0_, user0_.character_id as characte7_21_0_, user0_.user_created_at as user_cre2_21_0_, user0_.user_name as user_nam3_21_0_, user0_.user_phone_number as user_pho4_21_0_, user0_.user_user_id as user_use5_21_0_, user0_.user_user_password as user_use6_21_0_ from user user0_ where user0_.user_id=?
Hibernate: select character0_.character_id as characte1_6_0_, character0_.character_character_name as characte2_6_0_ from characters character0_ where character0_.character_id=?
Hibernate: select count(*) as col_0_0_ from user user0_ where user0_.user_id=?
Hibernate: select character1_.character_id as characte1_6_, character1_.character_character_name as characte2_6_ from user user0_ inner join characters character1_ on user0_.character_id=character1_.character_id where user0_.user_id=?
Hibernate: select permission0_.character_id as characte6_12_0_, permission0_.permission_id as permissi1_12_0_, permission0_.permission_id as permissi1_12_1_, permission0_.character_id as characte6_12_1_, permission0_.permission_name as permissi2_12_1_, permission0_.permission_permission_unit_id as permissi3_12_1_, permission0_.permission_service as permissi4_12_1_, permission0_.permission_status as permissi5_12_1_ from permission permission0_ where permission0_.character_id=?
Hibernate: select userjoinin0_.user_joining_pool_id as col_0_0_ from user_joining_pool userjoinin0_ where userjoinin0_.user_user_id=? limit ?
Hibernate: select userjoinin0_.user_joining_pool_id as user_joi1_22_, userjoinin0_.user_created_at as user_cre2_22_, userjoinin0_.user_name as user_nam3_22_, userjoinin0_.user_phone_number as user_pho4_22_, userjoinin0_.user_user_id as user_use5_22_, userjoinin0_.user_user_password as user_use6_22_ from user_joining_pool userjoinin0_ where userjoinin0_.user_user_id=?
Hibernate: select character0_.character_id as characte1_6_, character0_.character_character_name as characte2_6_ from characters character0_ where character0_.character_character_name=?
Hibernate: insert into user (user_id, character_id, user_created_at, user_name, user_phone_number, user_user_id, user_user_password) values (default, ?, ?, ?, ?, ?, ?)
Hibernate: DELETE FROM USER_JOINING_POOL as JU where JU.USER_USER_ID =?
Hibernate: select user0_.user_id as col_0_0_ from user user0_ where user0_.user_user_id=? limit ?
Hibernate: select user0_.user_id as col_0_0_ from user user0_ where user0_.user_user_id=? limit ?
Hibernate: select U.* from USER U where U.USER_USER_ID =?
Hibernate: select character0_.character_id as characte1_6_0_, character0_.character_character_name as characte2_6_0_ from characters character0_ where character0_.character_id=?
Hibernate: select user0_.user_id as col_0_0_ from user user0_ where user0_.user_user_id=? limit ?
Hibernate: select userjoinin0_.user_joining_pool_id as col_0_0_ from user_joining_pool userjoinin0_ where userjoinin0_.user_user_id=? limit ?
Hibernate: select character0_.character_id as col_0_0_ from characters character0_ where character0_.character_character_name=? limit ?
Hibernate: insert into user_joining_pool (user_joining_pool_id, user_created_at, user_name, user_phone_number, user_user_id, user_user_password) values (default, ?, ?, ?, ?, ?)
Hibernate: select user0_.user_id as user_id1_21_0_, user0_.character_id as characte7_21_0_, user0_.user_created_at as user_cre2_21_0_, user0_.user_name as user_nam3_21_0_, user0_.user_phone_number as user_pho4_21_0_, user0_.user_user_id as user_use5_21_0_, user0_.user_user_password as user_use6_21_0_ from user user0_ where user0_.user_id=?
Hibernate: select character0_.character_id as characte1_6_0_, character0_.character_character_name as characte2_6_0_ from characters character0_ where character0_.character_id=?
Hibernate: select count(*) as col_0_0_ from user user0_ where user0_.user_id=?
Hibernate: select character1_.character_id as characte1_6_, character1_.character_character_name as characte2_6_ from user user0_ inner join characters character1_ on user0_.character_id=character1_.character_id where user0_.user_id=?
Hibernate: select permission0_.character_id as characte6_12_0_, permission0_.permission_id as permissi1_12_0_, permission0_.permission_id as permissi1_12_1_, permission0_.character_id as characte6_12_1_, permission0_.permission_name as permissi2_12_1_, permission0_.permission_permission_unit_id as permissi3_12_1_, permission0_.permission_service as permissi4_12_1_, permission0_.permission_status as permissi5_12_1_ from permission permission0_ where permission0_.character_id=?
Hibernate: select userjoinin0_.user_joining_pool_id as col_0_0_ from user_joining_pool userjoinin0_ where userjoinin0_.user_user_id=? limit ?
Hibernate: select userjoinin0_.user_joining_pool_id as user_joi1_22_, userjoinin0_.user_created_at as user_cre2_22_, userjoinin0_.user_name as user_nam3_22_, userjoinin0_.user_phone_number as user_pho4_22_, userjoinin0_.user_user_id as user_use5_22_, userjoinin0_.user_user_password as user_use6_22_ from user_joining_pool userjoinin0_ where userjoinin0_.user_user_id=?
Hibernate: select character0_.character_id as characte1_6_, character0_.character_character_name as characte2_6_ from characters character0_ where character0_.character_character_name=?
Hibernate: insert into user (user_id, character_id, user_created_at, user_name, user_phone_number, user_user_id, user_user_password) values (default, ?, ?, ?, ?, ?, ?)
Hibernate: DELETE FROM USER_JOINING_POOL as JU where JU.USER_USER_ID =?
Hibernate: select user0_.user_id as col_0_0_ from user user0_ where user0_.user_user_id=? limit ?
Hibernate: select user0_.user_id as col_0_0_ from user user0_ where user0_.user_user_id=? limit ?
Hibernate: select U.* from USER U where U.USER_USER_ID =?
Hibernate: select character0_.character_id as characte1_6_0_, character0_.character_character_name as characte2_6_0_ from characters character0_ where character0_.character_id=?
Hibernate: select user0_.user_id as col_0_0_ from user user0_ where user0_.user_user_id=? limit ?
Hibernate: select userjoinin0_.user_joining_pool_id as col_0_0_ from user_joining_pool userjoinin0_ where userjoinin0_.user_user_id=? limit ?
Hibernate: select character0_.character_id as col_0_0_ from characters character0_ where character0_.character_character_name=? limit ?
Hibernate: insert into user_joining_pool (user_joining_pool_id, user_created_at, user_name, user_phone_number, user_user_id, user_user_password) values (default, ?, ?, ?, ?, ?)
Hibernate: select user0_.user_id as user_id1_21_0_, user0_.character_id as characte7_21_0_, user0_.user_created_at as user_cre2_21_0_, user0_.user_name as user_nam3_21_0_, user0_.user_phone_number as user_pho4_21_0_, user0_.user_user_id as user_use5_21_0_, user0_.user_user_password as user_use6_21_0_ from user user0_ where user0_.user_id=?
Hibernate: select character0_.character_id as characte1_6_0_, character0_.character_character_name as characte2_6_0_ from characters character0_ where character0_.character_id=?
Hibernate: select count(*) as col_0_0_ from user user0_ where user0_.user_id=?
Hibernate: select character1_.character_id as characte1_6_, character1_.character_character_name as characte2_6_ from user user0_ inner join characters character1_ on user0_.character_id=character1_.character_id where user0_.user_id=?
Hibernate: select permission0_.character_id as characte6_12_0_, permission0_.permission_id as permissi1_12_0_, permission0_.permission_id as permissi1_12_1_, permission0_.character_id as characte6_12_1_, permission0_.permission_name as permissi2_12_1_, permission0_.permission_permission_unit_id as permissi3_12_1_, permission0_.permission_service as permissi4_12_1_, permission0_.permission_status as permissi5_12_1_ from permission permission0_ where permission0_.character_id=?
Hibernate: select userjoinin0_.user_joining_pool_id as col_0_0_ from user_joining_pool userjoinin0_ where userjoinin0_.user_user_id=? limit ?
Hibernate: select userjoinin0_.user_joining_pool_id as user_joi1_22_, userjoinin0_.user_created_at as user_cre2_22_, userjoinin0_.user_name as user_nam3_22_, userjoinin0_.user_phone_number as user_pho4_22_, userjoinin0_.user_user_id as user_use5_22_, userjoinin0_.user_user_password as user_use6_22_ from user_joining_pool userjoinin0_ where userjoinin0_.user_user_id=?
Hibernate: select character0_.character_id as characte1_6_, character0_.character_character_name as characte2_6_ from characters character0_ where character0_.character_character_name=?
Hibernate: insert into user (user_id, character_id, user_created_at, user_name, user_phone_number, user_user_id, user_user_password) values (default, ?, ?, ?, ?, ?, ?)
Hibernate: DELETE FROM USER_JOINING_POOL as JU where JU.USER_USER_ID =?
Hibernate: select user0_.user_id as col_0_0_ from user user0_ where user0_.user_user_id=? limit ?
Hibernate: select user0_.user_id as col_0_0_ from user user0_ where user0_.user_user_id=? limit ?
Hibernate: select U.* from USER U where U.USER_USER_ID =?
Hibernate: select character0_.character_id as characte1_6_0_, character0_.character_character_name as characte2_6_0_ from characters character0_ where character0_.character_id=?
Hibernate: select user0_.user_id as col_0_0_ from user user0_ where user0_.user_user_id=? limit ?
Hibernate: select userjoinin0_.user_joining_pool_id as col_0_0_ from user_joining_pool userjoinin0_ where userjoinin0_.user_user_id=? limit ?
Hibernate: select character0_.character_id as col_0_0_ from characters character0_ where character0_.character_character_name=? limit ?
Hibernate: insert into user_joining_pool (user_joining_pool_id, user_created_at, user_name, user_phone_number, user_user_id, user_user_password) values (default, ?, ?, ?, ?, ?)
Hibernate: select user0_.user_id as user_id1_21_0_, user0_.character_id as characte7_21_0_, user0_.user_created_at as user_cre2_21_0_, user0_.user_name as user_nam3_21_0_, user0_.user_phone_number as user_pho4_21_0_, user0_.user_user_id as user_use5_21_0_, user0_.user_user_password as user_use6_21_0_ from user user0_ where user0_.user_id=?
Hibernate: select character0_.character_id as characte1_6_0_, character0_.character_character_name as characte2_6_0_ from characters character0_ where character0_.character_id=?
Hibernate: select count(*) as col_0_0_ from user user0_ where user0_.user_id=?
Hibernate: select character1_.character_id as characte1_6_, character1_.character_character_name as characte2_6_ from user user0_ inner join characters character1_ on user0_.character_id=character1_.character_id where user0_.user_id=?
Hibernate: select permission0_.character_id as characte6_12_0_, permission0_.permission_id as permissi1_12_0_, permission0_.permission_id as permissi1_12_1_, permission0_.character_id as characte6_12_1_, permission0_.permission_name as permissi2_12_1_, permission0_.permission_permission_unit_id as permissi3_12_1_, permission0_.permission_service as permissi4_12_1_, permission0_.permission_status as permissi5_12_1_ from permission permission0_ where permission0_.character_id=?
Hibernate: select userjoinin0_.user_joining_pool_id as col_0_0_ from user_joining_pool userjoinin0_ where userjoinin0_.user_user_id=? limit ?
Hibernate: select userjoinin0_.user_joining_pool_id as user_joi1_22_, userjoinin0_.user_created_at as user_cre2_22_, userjoinin0_.user_name as user_nam3_22_, userjoinin0_.user_phone_number as user_pho4_22_, userjoinin0_.user_user_id as user_use5_22_, userjoinin0_.user_user_password as user_use6_22_ from user_joining_pool userjoinin0_ where userjoinin0_.user_user_id=?
Hibernate: select character0_.character_id as characte1_6_, character0_.character_character_name as characte2_6_ from characters character0_ where character0_.character_character_name=?
Hibernate: insert into user (user_id, character_id, user_created_at, user_name, user_phone_number, user_user_id, user_user_password) values (default, ?, ?, ?, ?, ?, ?)
Hibernate: DELETE FROM USER_JOINING_POOL as JU where JU.USER_USER_ID =?
Hibernate: select user0_.user_id as col_0_0_ from user user0_ where user0_.user_user_id=? limit ?
Hibernate: select user0_.user_id as col_0_0_ from user user0_ where user0_.user_user_id=? limit ?
Hibernate: select U.* from USER U where U.USER_USER_ID =?
Hibernate: select character0_.character_id as characte1_6_0_, character0_.character_character_name as characte2_6_0_ from characters character0_ where character0_.character_id=?
Hibernate: select user0_.user_id as col_0_0_ from user user0_ where user0_.user_user_id=? limit ?
Hibernate: select userjoinin0_.user_joining_pool_id as col_0_0_ from user_joining_pool userjoinin0_ where userjoinin0_.user_user_id=? limit ?
Hibernate: select character0_.character_id as col_0_0_ from characters character0_ where character0_.character_character_name=? limit ?
Hibernate: insert into user_joining_pool (user_joining_pool_id, user_created_at, user_name, user_phone_number, user_user_id, user_user_password) values (default, ?, ?, ?, ?, ?)
Hibernate: select user0_.user_id as user_id1_21_0_, user0_.character_id as characte7_21_0_, user0_.user_created_at as user_cre2_21_0_, user0_.user_name as user_nam3_21_0_, user0_.user_phone_number as user_pho4_21_0_, user0_.user_user_id as user_use5_21_0_, user0_.user_user_password as user_use6_21_0_ from user user0_ where user0_.user_id=?
Hibernate: select character0_.character_id as characte1_6_0_, character0_.character_character_name as characte2_6_0_ from characters character0_ where character0_.character_id=?
Hibernate: select count(*) as col_0_0_ from user user0_ where user0_.user_id=?
Hibernate: select character1_.character_id as characte1_6_, character1_.character_character_name as characte2_6_ from user user0_ inner join characters character1_ on user0_.character_id=character1_.character_id where user0_.user_id=?
Hibernate: select permission0_.character_id as characte6_12_0_, permission0_.permission_id as permissi1_12_0_, permission0_.permission_id as permissi1_12_1_, permission0_.character_id as characte6_12_1_, permission0_.permission_name as permissi2_12_1_, permission0_.permission_permission_unit_id as permissi3_12_1_, permission0_.permission_service as permissi4_12_1_, permission0_.permission_status as permissi5_12_1_ from permission permission0_ where permission0_.character_id=?
Hibernate: select userjoinin0_.user_joining_pool_id as col_0_0_ from user_joining_pool userjoinin0_ where userjoinin0_.user_user_id=? limit ?
Hibernate: select userjoinin0_.user_joining_pool_id as user_joi1_22_, userjoinin0_.user_created_at as user_cre2_22_, userjoinin0_.user_name as user_nam3_22_, userjoinin0_.user_phone_number as user_pho4_22_, userjoinin0_.user_user_id as user_use5_22_, userjoinin0_.user_user_password as user_use6_22_ from user_joining_pool userjoinin0_ where userjoinin0_.user_user_id=?
Hibernate: select character0_.character_id as characte1_6_, character0_.character_character_name as characte2_6_ from characters character0_ where character0_.character_character_name=?
Hibernate: insert into user (user_id, character_id, user_created_at, user_name, user_phone_number, user_user_id, user_user_password) values (default, ?, ?, ?, ?, ?, ?)
Hibernate: DELETE FROM USER_JOINING_POOL as JU where JU.USER_USER_ID =?
Hibernate: select user0_.user_id as user_id1_21_0_, user0_.character_id as characte7_21_0_, user0_.user_created_at as user_cre2_21_0_, user0_.user_name as user_nam3_21_0_, user0_.user_phone_number as user_pho4_21_0_, user0_.user_user_id as user_use5_21_0_, user0_.user_user_password as user_use6_21_0_ from user user0_ where user0_.user_id=?
Hibernate: select character0_.character_id as characte1_6_0_, character0_.character_character_name as characte2_6_0_ from characters character0_ where character0_.character_id=?
Hibernate: select count(*) as col_0_0_ from user user0_ where user0_.user_id=?
Hibernate: select character1_.character_id as characte1_6_, character1_.character_character_name as characte2_6_ from user user0_ inner join characters character1_ on user0_.character_id=character1_.character_id where user0_.user_id=?
Hibernate: select permission0_.character_id as characte6_12_0_, permission0_.permission_id as permissi1_12_0_, permission0_.permission_id as permissi1_12_1_, permission0_.character_id as characte6_12_1_, permission0_.permission_name as permissi2_12_1_, permission0_.permission_permission_unit_id as permissi3_12_1_, permission0_.permission_service as permissi4_12_1_, permission0_.permission_status as permissi5_12_1_ from permission permission0_ where permission0_.character_id=?
Hibernate: select user0_.user_id as col_0_0_ from user user0_ where user0_.user_user_id=? limit ?
Hibernate: select user0_.user_id as col_0_0_ from user user0_ where user0_.user_user_id=? limit ?
Hibernate: select user0_.user_id as col_0_0_ from user user0_ where user0_.user_user_id=? limit ?
Hibernate: select user0_.user_id as col_0_0_ from user user0_ where user0_.user_user_id=? limit ?
Hibernate: select user0_.user_id as col_0_0_ from user user0_ where user0_.user_user_id=? limit ?
Hibernate: select user0_.user_id as user_id1_21_, user0_.character_id as characte7_21_, user0_.user_created_at as user_cre2_21_, user0_.user_name as user_nam3_21_, user0_.user_phone_number as user_pho4_21_, user0_.user_user_id as user_use5_21_, user0_.user_user_password as user_use6_21_ from user user0_ inner join characters character1_ on user0_.character_id=character1_.character_id where user0_.user_user_id=?
Hibernate: select character0_.character_id as characte1_6_0_, character0_.character_character_name as characte2_6_0_ from characters character0_ where character0_.character_id=?
Hibernate: select user0_.user_id as user_id1_21_, user0_.character_id as characte7_21_, user0_.user_created_at as user_cre2_21_, user0_.user_name as user_nam3_21_, user0_.user_phone_number as user_pho4_21_, user0_.user_user_id as user_use5_21_, user0_.user_user_password as user_use6_21_ from user user0_ inner join characters character1_ on user0_.character_id=character1_.character_id where user0_.user_user_id=?
Hibernate: select user0_.user_id as user_id1_21_, user0_.character_id as characte7_21_, user0_.user_created_at as user_cre2_21_, user0_.user_name as user_nam3_21_, user0_.user_phone_number as user_pho4_21_, user0_.user_user_id as user_use5_21_, user0_.user_user_password as user_use6_21_ from user user0_ inner join characters character1_ on user0_.character_id=character1_.character_id where user0_.user_user_id=?
Hibernate: select user0_.user_id as user_id1_21_, user0_.character_id as characte7_21_, user0_.user_created_at as user_cre2_21_, user0_.user_name as user_nam3_21_, user0_.user_phone_number as user_pho4_21_, user0_.user_user_id as user_use5_21_, user0_.user_user_password as user_use6_21_ from user user0_ inner join characters character1_ on user0_.character_id=character1_.character_id where user0_.user_user_id=?
Hibernate: select user0_.user_id as user_id1_21_, user0_.character_id as characte7_21_, user0_.user_created_at as user_cre2_21_, user0_.user_name as user_nam3_21_, user0_.user_phone_number as user_pho4_21_, user0_.user_user_id as user_use5_21_, user0_.user_user_password as user_use6_21_ from user user0_ inner join characters character1_ on user0_.character_id=character1_.character_id where user0_.user_user_id=?
Hibernate: insert into team_building (team_building_team_building_id, team_building_created_at, team_building_last_modified_at, team_building_team_building_title) values (default, ?, ?, ?)
Hibernate: insert into team (team_team_id, team_last_modified_at, team_building_team_building_id, team_team_name) values (default, ?, ?, ?)
Hibernate: insert into team_user (team_user_id, team_team_id, user_id) values (default, ?, ?)
Hibernate: insert into team_user (team_user_id, team_team_id, user_id) values (default, ?, ?)
Hibernate: insert into team_user (team_user_id, team_team_id, user_id) values (default, ?, ?)
Hibernate: insert into team (team_team_id, team_last_modified_at, team_building_team_building_id, team_team_name) values (default, ?, ?, ?)
Hibernate: insert into team_user (team_user_id, team_team_id, user_id) values (default, ?, ?)
Hibernate: insert into team_user (team_user_id, team_team_id, user_id) values (default, ?, ?)
Hibernate: select user0_.user_id as user_id1_21_0_, user0_.character_id as characte7_21_0_, user0_.user_created_at as user_cre2_21_0_, user0_.user_name as user_nam3_21_0_, user0_.user_phone_number as user_pho4_21_0_, user0_.user_user_id as user_use5_21_0_, user0_.user_user_password as user_use6_21_0_ from user user0_ where user0_.user_id=?
Hibernate: select character0_.character_id as characte1_6_0_, character0_.character_character_name as characte2_6_0_ from characters character0_ where character0_.character_id=?
Hibernate: select count(*) as col_0_0_ from team_building teambuildi0_
Hibernate: select count(*) as col_0_0_ from team_building teambuildi0_
Hibernate: select teambuildi0_.team_building_team_building_id as team_bui1_19_, teambuildi0_.team_building_created_at as team_bui2_19_, teambuildi0_.team_building_last_modified_at as team_bui3_19_, teambuildi0_.team_building_team_building_title as team_bui4_19_ from team_building teambuildi0_ order by teambuildi0_.team_building_created_at desc, teambuildi0_.team_building_team_building_id desc limit ?
Hibernate: select teamlist0_.team_building_team_building_id as team_bui4_18_0_, teamlist0_.team_team_id as team_tea1_18_0_, teamlist0_.team_team_id as team_tea1_18_1_, teamlist0_.team_last_modified_at as team_las2_18_1_, teamlist0_.team_building_team_building_id as team_bui4_18_1_, teamlist0_.team_team_name as team_tea3_18_1_ from team teamlist0_ where teamlist0_.team_building_team_building_id=?
Hibernate: select teamuserli0_.team_team_id as team_tea2_20_0_, teamuserli0_.team_user_id as team_use1_20_0_, teamuserli0_.team_user_id as team_use1_20_1_, teamuserli0_.team_team_id as team_tea2_20_1_, teamuserli0_.user_id as user_id3_20_1_ from team_user teamuserli0_ where teamuserli0_.team_team_id=?
Hibernate: select user0_.user_id as user_id1_21_0_, user0_.character_id as characte7_21_0_, user0_.user_created_at as user_cre2_21_0_, user0_.user_name as user_nam3_21_0_, user0_.user_phone_number as user_pho4_21_0_, user0_.user_user_id as user_use5_21_0_, user0_.user_user_password as user_use6_21_0_ from user user0_ where user0_.user_id=?
Hibernate: select character0_.character_id as characte1_6_0_, character0_.character_character_name as characte2_6_0_ from characters character0_ where character0_.character_id=?
Hibernate: select user0_.user_id as user_id1_21_0_, user0_.character_id as characte7_21_0_, user0_.user_created_at as user_cre2_21_0_, user0_.user_name as user_nam3_21_0_, user0_.user_phone_number as user_pho4_21_0_, user0_.user_user_id as user_use5_21_0_, user0_.user_user_password as user_use6_21_0_ from user user0_ where user0_.user_id=?
Hibernate: select user0_.user_id as user_id1_21_0_, user0_.character_id as characte7_21_0_, user0_.user_created_at as user_cre2_21_0_, user0_.user_name as user_nam3_21_0_, user0_.user_phone_number as user_pho4_21_0_, user0_.user_user_id as user_use5_21_0_, user0_.user_user_password as user_use6_21_0_ from user user0_ where user0_.user_id=?
Hibernate: select teamuserli0_.team_team_id as team_tea2_20_0_, teamuserli0_.team_user_id as team_use1_20_0_, teamuserli0_.team_user_id as team_use1_20_1_, teamuserli0_.team_team_id as team_tea2_20_1_, teamuserli0_.user_id as user_id3_20_1_ from team_user teamuserli0_ where teamuserli0_.team_team_id=?
Hibernate: select user0_.user_id as user_id1_21_0_, user0_.character_id as characte7_21_0_, user0_.user_created_at as user_cre2_21_0_, user0_.user_name as user_nam3_21_0_, user0_.user_phone_number as user_pho4_21_0_, user0_.user_user_id as user_use5_21_0_, user0_.user_user_password as user_use6_21_0_ from user user0_ where user0_.user_id=?
Hibernate: select user0_.user_id as user_id1_21_0_, user0_.character_id as characte7_21_0_, user0_.user_created_at as user_cre2_21_0_, user0_.user_name as user_nam3_21_0_, user0_.user_phone_number as user_pho4_21_0_, user0_.user_user_id as user_use5_21_0_, user0_.user_user_password as user_use6_21_0_ from user user0_ where user0_.user_id=?
Hibernate: select user0_.user_id as user_id1_21_0_, user0_.character_id as characte7_21_0_, user0_.user_created_at as user_cre2_21_0_, user0_.user_name as user_nam3_21_0_, user0_.user_phone_number as user_pho4_21_0_, user0_.user_user_id as user_use5_21_0_, user0_.user_user_password as user_use6_21_0_ from user user0_ where user0_.user_id=?
Hibernate: select character0_.character_id as characte1_6_0_, character0_.character_character_name as characte2_6_0_ from characters character0_ where character0_.character_id=?
Hibernate: select count(*) as col_0_0_ from user user0_ where user0_.user_id=?
Hibernate: select character1_.character_id as characte1_6_, character1_.character_character_name as characte2_6_ from user user0_ inner join characters character1_ on user0_.character_id=character1_.character_id where user0_.user_id=?
Hibernate: select permission0_.character_id as characte6_12_0_, permission0_.permission_id as permissi1_12_0_, permission0_.permission_id as permissi1_12_1_, permission0_.character_id as characte6_12_1_, permission0_.permission_name as permissi2_12_1_, permission0_.permission_permission_unit_id as permissi3_12_1_, permission0_.permission_service as permissi4_12_1_, permission0_.permission_status as permissi5_12_1_ from permission permission0_ where permission0_.character_id=?
Hibernate: select count(*) as col_0_0_ from team team0_ where team0_.team_team_id=?
Hibernate: select team0_.team_team_id as team_tea1_18_0_, team0_.team_last_modified_at as team_las2_18_0_, team0_.team_building_team_building_id as team_bui4_18_0_, team0_.team_team_name as team_tea3_18_0_ from team team0_ where team0_.team_team_id=?
Hibernate: select teambuildi0_.team_building_team_building_id as team_bui1_19_0_, teambuildi0_.team_building_created_at as team_bui2_19_0_, teambuildi0_.team_building_last_modified_at as team_bui3_19_0_, teambuildi0_.team_building_team_building_title as team_bui4_19_0_ from team_building teambuildi0_ where teambuildi0_.team_building_team_building_id=?
Hibernate: select teamlist0_.team_building_team_building_id as team_bui4_18_0_, teamlist0_.team_team_id as team_tea1_18_0_, teamlist0_.team_team_id as team_tea1_18_1_, teamlist0_.team_last_modified_at as team_las2_18_1_, teamlist0_.team_building_team_building_id as team_bui4_18_1_, teamlist0_.team_team_name as team_tea3_18_1_ from team teamlist0_ where teamlist0_.team_building_team_building_id=?
Hibernate: select teamuserli0_.team_team_id as team_tea2_20_0_, teamuserli0_.team_user_id as team_use1_20_0_, teamuserli0_.team_user_id as team_use1_20_1_, teamuserli0_.team_team_id as team_tea2_20_1_, teamuserli0_.user_id as user_id3_20_1_ from team_user teamuserli0_ where teamuserli0_.team_team_id=?
Hibernate: select user0_.user_id as user_id1_21_0_, user0_.character_id as characte7_21_0_, user0_.user_created_at as user_cre2_21_0_, user0_.user_name as user_nam3_21_0_, user0_.user_phone_number as user_pho4_21_0_, user0_.user_user_id as user_use5_21_0_, user0_.user_user_password as user_use6_21_0_ from user user0_ where user0_.user_id=?
Hibernate: select character0_.character_id as characte1_6_0_, character0_.character_character_name as characte2_6_0_ from characters character0_ where character0_.character_id=?
Hibernate: select user0_.user_id as user_id1_21_0_, user0_.character_id as characte7_21_0_, user0_.user_created_at as user_cre2_21_0_, user0_.user_name as user_nam3_21_0_, user0_.user_phone_number as user_pho4_21_0_, user0_.user_user_id as user_use5_21_0_, user0_.user_user_password as user_use6_21_0_ from user user0_ where user0_.user_id=?
Hibernate: select user0_.user_id as user_id1_21_0_, user0_.character_id as characte7_21_0_, user0_.user_created_at as user_cre2_21_0_, user0_.user_name as user_nam3_21_0_, user0_.user_phone_number as user_pho4_21_0_, user0_.user_user_id as user_use5_21_0_, user0_.user_user_password as user_use6_21_0_ from user user0_ where user0_.user_id=?
Hibernate: delete from team_user where team_user_id=?
Hibernate: delete from team_user where team_user_id=?
Hibernate: delete from team_user where team_user_id=?
Hibernate: delete from team where team_team_id=?

MockHttpServletRequest:
      HTTP Method = DELETE
      Request URI = /teambuilding/team/40
       Parameters = {}
          Headers = [Accept:"application/json", api-version:"1.0", Authorization:"Bearer eyJhbGciOiJIUzI1NiJ9.eyJzdWIiOiIxIiwiaWF0IjoxNjg3ODc3NDY5LCJleHAiOjE2ODc4ODEwNjl9.5GpcrqH17WaCEi6670WViYdxZ8Db7S7TQOeUs9MSnKg"]
             Body = null
    Session Attrs = {}

Handler:
             Type = org.waldreg.controller.teambuilding.TeamBuildingController
           Method = org.waldreg.controller.teambuilding.TeamBuildingController#deleteTeamByTeamId(int)

Async:
    Async started = false
     Async result = null

Resolved Exception:
             Type = null

ModelAndView:
        View name = null
             View = null
            Model = null

FlashMap:
       Attributes = null

MockHttpServletResponse:
           Status = 200
    Error message = null
          Headers = [Vary:"Origin", "Access-Control-Request-Method", "Access-Control-Request-Headers", Api-version:"1.0"]
     Content type = null
             Body = 
    Forwarded URL = null
   Redirected URL = null
          Cookies = []
Hibernate: select user0_.user_id as col_0_0_ from user user0_ where user0_.user_user_id=? limit ?
Hibernate: select user0_.user_id as col_0_0_ from user user0_ where user0_.user_user_id=? limit ?
Hibernate: select U.* from USER U where U.USER_USER_ID =?
Hibernate: select character0_.character_id as characte1_6_0_, character0_.character_character_name as characte2_6_0_ from characters character0_ where character0_.character_id=?
Hibernate: select user0_.user_id as user_id1_21_0_, user0_.character_id as characte7_21_0_, user0_.user_created_at as user_cre2_21_0_, user0_.user_name as user_nam3_21_0_, user0_.user_phone_number as user_pho4_21_0_, user0_.user_user_id as user_use5_21_0_, user0_.user_user_password as user_use6_21_0_ from user user0_ where user0_.user_id=?
Hibernate: select character0_.character_id as characte1_6_0_, character0_.character_character_name as characte2_6_0_ from characters character0_ where character0_.character_id=?
Hibernate: select count(*) as col_0_0_ from team_building teambuildi0_
Hibernate: select count(*) as col_0_0_ from team_building teambuildi0_
Hibernate: select teambuildi0_.team_building_team_building_id as team_bui1_19_, teambuildi0_.team_building_created_at as team_bui2_19_, teambuildi0_.team_building_last_modified_at as team_bui3_19_, teambuildi0_.team_building_team_building_title as team_bui4_19_ from team_building teambuildi0_ order by teambuildi0_.team_building_created_at desc, teambuildi0_.team_building_team_building_id desc limit ?
Hibernate: select teamlist0_.team_building_team_building_id as team_bui4_18_0_, teamlist0_.team_team_id as team_tea1_18_0_, teamlist0_.team_team_id as team_tea1_18_1_, teamlist0_.team_last_modified_at as team_las2_18_1_, teamlist0_.team_building_team_building_id as team_bui4_18_1_, teamlist0_.team_team_name as team_tea3_18_1_ from team teamlist0_ where teamlist0_.team_building_team_building_id=?
Hibernate: select teamuserli0_.team_team_id as team_tea2_20_0_, teamuserli0_.team_user_id as team_use1_20_0_, teamuserli0_.team_user_id as team_use1_20_1_, teamuserli0_.team_team_id as team_tea2_20_1_, teamuserli0_.user_id as user_id3_20_1_ from team_user teamuserli0_ where teamuserli0_.team_team_id=?
Hibernate: select user0_.user_id as user_id1_21_0_, user0_.character_id as characte7_21_0_, user0_.user_created_at as user_cre2_21_0_, user0_.user_name as user_nam3_21_0_, user0_.user_phone_number as user_pho4_21_0_, user0_.user_user_id as user_use5_21_0_, user0_.user_user_password as user_use6_21_0_ from user user0_ where user0_.user_id=?
Hibernate: select character0_.character_id as characte1_6_0_, character0_.character_character_name as characte2_6_0_ from characters character0_ where character0_.character_id=?
Hibernate: select user0_.user_id as user_id1_21_0_, user0_.character_id as characte7_21_0_, user0_.user_created_at as user_cre2_21_0_, user0_.user_name as user_nam3_21_0_, user0_.user_phone_number as user_pho4_21_0_, user0_.user_user_id as user_use5_21_0_, user0_.user_user_password as user_use6_21_0_ from user user0_ where user0_.user_id=?
Hibernate: select user0_.user_id as user_id1_21_0_, user0_.character_id as characte7_21_0_, user0_.user_created_at as user_cre2_21_0_, user0_.user_name as user_nam3_21_0_, user0_.user_phone_number as user_pho4_21_0_, user0_.user_user_id as user_use5_21_0_, user0_.user_user_password as user_use6_21_0_ from user user0_ where user0_.user_id=?
Hibernate: select character0_.character_id as characte1_6_0_, character0_.character_character_name as characte2_6_0_ from characters character0_ where character0_.character_id=?
Hibernate: select count(*) as col_0_0_ from user user0_ where user0_.user_id=?
Hibernate: select character1_.character_id as characte1_6_, character1_.character_character_name as characte2_6_ from user user0_ inner join characters character1_ on user0_.character_id=character1_.character_id where user0_.user_id=?
Hibernate: select permission0_.character_id as characte6_12_0_, permission0_.permission_id as permissi1_12_0_, permission0_.permission_id as permissi1_12_1_, permission0_.character_id as characte6_12_1_, permission0_.permission_name as permissi2_12_1_, permission0_.permission_permission_unit_id as permissi3_12_1_, permission0_.permission_service as permissi4_12_1_, permission0_.permission_status as permissi5_12_1_ from permission permission0_ where permission0_.character_id=?
Hibernate: select count(*) as col_0_0_ from team_building teambuildi0_ where teambuildi0_.team_building_team_building_id=?
Hibernate: select teambuildi0_.team_building_team_building_id as team_bui1_19_0_, teambuildi0_.team_building_created_at as team_bui2_19_0_, teambuildi0_.team_building_last_modified_at as team_bui3_19_0_, teambuildi0_.team_building_team_building_title as team_bui4_19_0_ from team_building teambuildi0_ where teambuildi0_.team_building_team_building_id=?
Hibernate: select teamlist0_.team_building_team_building_id as team_bui4_18_0_, teamlist0_.team_team_id as team_tea1_18_0_, teamlist0_.team_team_id as team_tea1_18_1_, teamlist0_.team_last_modified_at as team_las2_18_1_, teamlist0_.team_building_team_building_id as team_bui4_18_1_, teamlist0_.team_team_name as team_tea3_18_1_ from team teamlist0_ where teamlist0_.team_building_team_building_id=?
Hibernate: select teamuserli0_.team_team_id as team_tea2_20_0_, teamuserli0_.team_user_id as team_use1_20_0_, teamuserli0_.team_user_id as team_use1_20_1_, teamuserli0_.team_team_id as team_tea2_20_1_, teamuserli0_.user_id as user_id3_20_1_ from team_user teamuserli0_ where teamuserli0_.team_team_id=?
Hibernate: select user0_.user_id as user_id1_21_0_, user0_.character_id as characte7_21_0_, user0_.user_created_at as user_cre2_21_0_, user0_.user_name as user_nam3_21_0_, user0_.user_phone_number as user_pho4_21_0_, user0_.user_user_id as user_use5_21_0_, user0_.user_user_password as user_use6_21_0_ from user user0_ where user0_.user_id=?
Hibernate: select character0_.character_id as characte1_6_0_, character0_.character_character_name as characte2_6_0_ from characters character0_ where character0_.character_id=?
Hibernate: select user0_.user_id as user_id1_21_0_, user0_.character_id as characte7_21_0_, user0_.user_created_at as user_cre2_21_0_, user0_.user_name as user_nam3_21_0_, user0_.user_phone_number as user_pho4_21_0_, user0_.user_user_id as user_use5_21_0_, user0_.user_user_password as user_use6_21_0_ from user user0_ where user0_.user_id=?
Hibernate: delete from team_user where team_user_id=?
Hibernate: delete from team_user where team_user_id=?
Hibernate: delete from team where team_team_id=?
Hibernate: delete from team_building where team_building_team_building_id=?
Hibernate: select user0_.user_id as user_id1_21_0_, user0_.character_id as characte7_21_0_, user0_.user_created_at as user_cre2_21_0_, user0_.user_name as user_nam3_21_0_, user0_.user_phone_number as user_pho4_21_0_, user0_.user_user_id as user_use5_21_0_, user0_.user_user_password as user_use6_21_0_ from user user0_ where user0_.user_id=?
Hibernate: select character0_.character_id as characte1_6_0_, character0_.character_character_name as characte2_6_0_ from characters character0_ where character0_.character_id=?
Hibernate: select count(*) as col_0_0_ from team_building teambuildi0_ where teambuildi0_.team_building_team_building_id=?
Hibernate: select user0_.user_id as col_0_0_ from user user0_ where user0_.user_user_id=? limit ?
Hibernate: select user0_.user_id as col_0_0_ from user user0_ where user0_.user_user_id=? limit ?
Hibernate: select U.* from USER U where U.USER_USER_ID =?
Hibernate: select character0_.character_id as characte1_6_0_, character0_.character_character_name as characte2_6_0_ from characters character0_ where character0_.character_id=?
Hibernate: select user0_.user_id as col_0_0_ from user user0_ where user0_.user_user_id=? limit ?
Hibernate: select user0_.user_id as user_id1_21_, user0_.character_id as characte7_21_, user0_.user_created_at as user_cre2_21_, user0_.user_name as user_nam3_21_, user0_.user_phone_number as user_pho4_21_, user0_.user_user_id as user_use5_21_, user0_.user_user_password as user_use6_21_ from user user0_ inner join characters character1_ on user0_.character_id=character1_.character_id where user0_.user_user_id=?
Hibernate: select character0_.character_id as characte1_6_0_, character0_.character_character_name as characte2_6_0_ from characters character0_ where character0_.character_id=?
Hibernate: select rewardtagw0_.user_id as user_id4_16_0_, rewardtagw0_.reward_tag_wrapper_reward_id as reward_t1_16_0_, rewardtagw0_.reward_tag_wrapper_reward_id as reward_t1_16_1_, rewardtagw0_.reward_tag_wrapper_reward_presented_at as reward_t2_16_1_, rewardtagw0_.reward_tag_reward_tag_id as reward_t3_16_1_, rewardtagw0_.user_id as user_id4_16_1_ from reward_tag_wrapper rewardtagw0_ where rewardtagw0_.user_id=?
Hibernate: select user0_.user_id as user_id1_21_0_, user0_.character_id as characte7_21_0_, user0_.user_created_at as user_cre2_21_0_, user0_.user_name as user_nam3_21_0_, user0_.user_phone_number as user_pho4_21_0_, user0_.user_user_id as user_use5_21_0_, user0_.user_user_password as user_use6_21_0_ from user user0_ where user0_.user_id=?
Hibernate: select character0_.character_id as characte1_6_0_, character0_.character_character_name as characte2_6_0_ from characters character0_ where character0_.character_id=?
Hibernate: select count(*) as col_0_0_ from user user0_ where user0_.user_id=?
Hibernate: select character1_.character_id as characte1_6_, character1_.character_character_name as characte2_6_ from user user0_ inner join characters character1_ on user0_.character_id=character1_.character_id where user0_.user_id=?
Hibernate: select permission0_.character_id as characte6_12_0_, permission0_.permission_id as permissi1_12_0_, permission0_.permission_id as permissi1_12_1_, permission0_.character_id as characte6_12_1_, permission0_.permission_name as permissi2_12_1_, permission0_.permission_permission_unit_id as permissi3_12_1_, permission0_.permission_service as permissi4_12_1_, permission0_.permission_status as permissi5_12_1_ from permission permission0_ where permission0_.character_id=?
Hibernate: select count(*) as col_0_0_ from user user0_ where user0_.user_id=?
Hibernate: select user0_.user_id as user_id1_21_, user0_.character_id as characte7_21_, user0_.user_created_at as user_cre2_21_, user0_.user_name as user_nam3_21_, user0_.user_phone_number as user_pho4_21_, user0_.user_user_id as user_use5_21_, user0_.user_user_password as user_use6_21_ from user user0_ where user0_.user_id=?
Hibernate: select character0_.character_id as characte1_6_0_, character0_.character_character_name as characte2_6_0_ from characters character0_ where character0_.character_id=?
Hibernate: select rewardtagw0_.user_id as user_id4_16_0_, rewardtagw0_.reward_tag_wrapper_reward_id as reward_t1_16_0_, rewardtagw0_.reward_tag_wrapper_reward_id as reward_t1_16_1_, rewardtagw0_.reward_tag_wrapper_reward_presented_at as reward_t2_16_1_, rewardtagw0_.reward_tag_reward_tag_id as reward_t3_16_1_, rewardtagw0_.user_id as user_id4_16_1_ from reward_tag_wrapper rewardtagw0_ where rewardtagw0_.user_id=?
Hibernate: select attendance0_.attendance_user_attendance_user_id as col_0_0_ from attendance_user attendance0_ where attendance0_.user_id=? limit ?
Hibernate: DELETE FROM USER WHERE USER_ID = ?
Hibernate: select user0_.user_id as col_0_0_ from user user0_ where user0_.user_user_id=? limit ?
Hibernate: select user0_.user_id as col_0_0_ from user user0_ where user0_.user_user_id=? limit ?
Hibernate: select user0_.user_id as user_id1_21_, user0_.character_id as characte7_21_, user0_.user_created_at as user_cre2_21_, user0_.user_name as user_nam3_21_, user0_.user_phone_number as user_pho4_21_, user0_.user_user_id as user_use5_21_, user0_.user_user_password as user_use6_21_ from user user0_ inner join characters character1_ on user0_.character_id=character1_.character_id where user0_.user_user_id=?
Hibernate: select character0_.character_id as characte1_6_0_, character0_.character_character_name as characte2_6_0_ from characters character0_ where character0_.character_id=?
Hibernate: select rewardtagw0_.user_id as user_id4_16_0_, rewardtagw0_.reward_tag_wrapper_reward_id as reward_t1_16_0_, rewardtagw0_.reward_tag_wrapper_reward_id as reward_t1_16_1_, rewardtagw0_.reward_tag_wrapper_reward_presented_at as reward_t2_16_1_, rewardtagw0_.reward_tag_reward_tag_id as reward_t3_16_1_, rewardtagw0_.user_id as user_id4_16_1_ from reward_tag_wrapper rewardtagw0_ where rewardtagw0_.user_id=?
Hibernate: select user0_.user_id as user_id1_21_0_, user0_.character_id as characte7_21_0_, user0_.user_created_at as user_cre2_21_0_, user0_.user_name as user_nam3_21_0_, user0_.user_phone_number as user_pho4_21_0_, user0_.user_user_id as user_use5_21_0_, user0_.user_user_password as user_use6_21_0_ from user user0_ where user0_.user_id=?
Hibernate: select character0_.character_id as characte1_6_0_, character0_.character_character_name as characte2_6_0_ from characters character0_ where character0_.character_id=?
Hibernate: select count(*) as col_0_0_ from user user0_ where user0_.user_id=?
Hibernate: select character1_.character_id as characte1_6_, character1_.character_character_name as characte2_6_ from user user0_ inner join characters character1_ on user0_.character_id=character1_.character_id where user0_.user_id=?
Hibernate: select permission0_.character_id as characte6_12_0_, permission0_.permission_id as permissi1_12_0_, permission0_.permission_id as permissi1_12_1_, permission0_.character_id as characte6_12_1_, permission0_.permission_name as permissi2_12_1_, permission0_.permission_permission_unit_id as permissi3_12_1_, permission0_.permission_service as permissi4_12_1_, permission0_.permission_status as permissi5_12_1_ from permission permission0_ where permission0_.character_id=?
Hibernate: select count(*) as col_0_0_ from user user0_ where user0_.user_id=?
Hibernate: select user0_.user_id as user_id1_21_, user0_.character_id as characte7_21_, user0_.user_created_at as user_cre2_21_, user0_.user_name as user_nam3_21_, user0_.user_phone_number as user_pho4_21_, user0_.user_user_id as user_use5_21_, user0_.user_user_password as user_use6_21_ from user user0_ where user0_.user_id=?
Hibernate: select character0_.character_id as characte1_6_0_, character0_.character_character_name as characte2_6_0_ from characters character0_ where character0_.character_id=?
Hibernate: select rewardtagw0_.user_id as user_id4_16_0_, rewardtagw0_.reward_tag_wrapper_reward_id as reward_t1_16_0_, rewardtagw0_.reward_tag_wrapper_reward_id as reward_t1_16_1_, rewardtagw0_.reward_tag_wrapper_reward_presented_at as reward_t2_16_1_, rewardtagw0_.reward_tag_reward_tag_id as reward_t3_16_1_, rewardtagw0_.user_id as user_id4_16_1_ from reward_tag_wrapper rewardtagw0_ where rewardtagw0_.user_id=?
Hibernate: select attendance0_.attendance_user_attendance_user_id as col_0_0_ from attendance_user attendance0_ where attendance0_.user_id=? limit ?
Hibernate: DELETE FROM USER WHERE USER_ID = ?
Hibernate: select user0_.user_id as col_0_0_ from user user0_ where user0_.user_user_id=? limit ?
Hibernate: select user0_.user_id as col_0_0_ from user user0_ where user0_.user_user_id=? limit ?
Hibernate: select user0_.user_id as user_id1_21_, user0_.character_id as characte7_21_, user0_.user_created_at as user_cre2_21_, user0_.user_name as user_nam3_21_, user0_.user_phone_number as user_pho4_21_, user0_.user_user_id as user_use5_21_, user0_.user_user_password as user_use6_21_ from user user0_ inner join characters character1_ on user0_.character_id=character1_.character_id where user0_.user_user_id=?
Hibernate: select character0_.character_id as characte1_6_0_, character0_.character_character_name as characte2_6_0_ from characters character0_ where character0_.character_id=?
Hibernate: select rewardtagw0_.user_id as user_id4_16_0_, rewardtagw0_.reward_tag_wrapper_reward_id as reward_t1_16_0_, rewardtagw0_.reward_tag_wrapper_reward_id as reward_t1_16_1_, rewardtagw0_.reward_tag_wrapper_reward_presented_at as reward_t2_16_1_, rewardtagw0_.reward_tag_reward_tag_id as reward_t3_16_1_, rewardtagw0_.user_id as user_id4_16_1_ from reward_tag_wrapper rewardtagw0_ where rewardtagw0_.user_id=?
Hibernate: select user0_.user_id as user_id1_21_0_, user0_.character_id as characte7_21_0_, user0_.user_created_at as user_cre2_21_0_, user0_.user_name as user_nam3_21_0_, user0_.user_phone_number as user_pho4_21_0_, user0_.user_user_id as user_use5_21_0_, user0_.user_user_password as user_use6_21_0_ from user user0_ where user0_.user_id=?
Hibernate: select character0_.character_id as characte1_6_0_, character0_.character_character_name as characte2_6_0_ from characters character0_ where character0_.character_id=?
Hibernate: select count(*) as col_0_0_ from user user0_ where user0_.user_id=?
Hibernate: select character1_.character_id as characte1_6_, character1_.character_character_name as characte2_6_ from user user0_ inner join characters character1_ on user0_.character_id=character1_.character_id where user0_.user_id=?
Hibernate: select permission0_.character_id as characte6_12_0_, permission0_.permission_id as permissi1_12_0_, permission0_.permission_id as permissi1_12_1_, permission0_.character_id as characte6_12_1_, permission0_.permission_name as permissi2_12_1_, permission0_.permission_permission_unit_id as permissi3_12_1_, permission0_.permission_service as permissi4_12_1_, permission0_.permission_status as permissi5_12_1_ from permission permission0_ where permission0_.character_id=?
Hibernate: select count(*) as col_0_0_ from user user0_ where user0_.user_id=?
Hibernate: select user0_.user_id as user_id1_21_, user0_.character_id as characte7_21_, user0_.user_created_at as user_cre2_21_, user0_.user_name as user_nam3_21_, user0_.user_phone_number as user_pho4_21_, user0_.user_user_id as user_use5_21_, user0_.user_user_password as user_use6_21_ from user user0_ where user0_.user_id=?
Hibernate: select character0_.character_id as characte1_6_0_, character0_.character_character_name as characte2_6_0_ from characters character0_ where character0_.character_id=?
Hibernate: select rewardtagw0_.user_id as user_id4_16_0_, rewardtagw0_.reward_tag_wrapper_reward_id as reward_t1_16_0_, rewardtagw0_.reward_tag_wrapper_reward_id as reward_t1_16_1_, rewardtagw0_.reward_tag_wrapper_reward_presented_at as reward_t2_16_1_, rewardtagw0_.reward_tag_reward_tag_id as reward_t3_16_1_, rewardtagw0_.user_id as user_id4_16_1_ from reward_tag_wrapper rewardtagw0_ where rewardtagw0_.user_id=?
Hibernate: select attendance0_.attendance_user_attendance_user_id as col_0_0_ from attendance_user attendance0_ where attendance0_.user_id=? limit ?
Hibernate: DELETE FROM USER WHERE USER_ID = ?
Hibernate: select user0_.user_id as col_0_0_ from user user0_ where user0_.user_user_id=? limit ?
Hibernate: select user0_.user_id as col_0_0_ from user user0_ where user0_.user_user_id=? limit ?
Hibernate: select user0_.user_id as user_id1_21_, user0_.character_id as characte7_21_, user0_.user_created_at as user_cre2_21_, user0_.user_name as user_nam3_21_, user0_.user_phone_number as user_pho4_21_, user0_.user_user_id as user_use5_21_, user0_.user_user_password as user_use6_21_ from user user0_ inner join characters character1_ on user0_.character_id=character1_.character_id where user0_.user_user_id=?
Hibernate: select character0_.character_id as characte1_6_0_, character0_.character_character_name as characte2_6_0_ from characters character0_ where character0_.character_id=?
Hibernate: select rewardtagw0_.user_id as user_id4_16_0_, rewardtagw0_.reward_tag_wrapper_reward_id as reward_t1_16_0_, rewardtagw0_.reward_tag_wrapper_reward_id as reward_t1_16_1_, rewardtagw0_.reward_tag_wrapper_reward_presented_at as reward_t2_16_1_, rewardtagw0_.reward_tag_reward_tag_id as reward_t3_16_1_, rewardtagw0_.user_id as user_id4_16_1_ from reward_tag_wrapper rewardtagw0_ where rewardtagw0_.user_id=?
Hibernate: select user0_.user_id as user_id1_21_0_, user0_.character_id as characte7_21_0_, user0_.user_created_at as user_cre2_21_0_, user0_.user_name as user_nam3_21_0_, user0_.user_phone_number as user_pho4_21_0_, user0_.user_user_id as user_use5_21_0_, user0_.user_user_password as user_use6_21_0_ from user user0_ where user0_.user_id=?
Hibernate: select character0_.character_id as characte1_6_0_, character0_.character_character_name as characte2_6_0_ from characters character0_ where character0_.character_id=?
Hibernate: select count(*) as col_0_0_ from user user0_ where user0_.user_id=?
Hibernate: select character1_.character_id as characte1_6_, character1_.character_character_name as characte2_6_ from user user0_ inner join characters character1_ on user0_.character_id=character1_.character_id where user0_.user_id=?
Hibernate: select permission0_.character_id as characte6_12_0_, permission0_.permission_id as permissi1_12_0_, permission0_.permission_id as permissi1_12_1_, permission0_.character_id as characte6_12_1_, permission0_.permission_name as permissi2_12_1_, permission0_.permission_permission_unit_id as permissi3_12_1_, permission0_.permission_service as permissi4_12_1_, permission0_.permission_status as permissi5_12_1_ from permission permission0_ where permission0_.character_id=?
Hibernate: select count(*) as col_0_0_ from user user0_ where user0_.user_id=?
Hibernate: select user0_.user_id as user_id1_21_, user0_.character_id as characte7_21_, user0_.user_created_at as user_cre2_21_, user0_.user_name as user_nam3_21_, user0_.user_phone_number as user_pho4_21_, user0_.user_user_id as user_use5_21_, user0_.user_user_password as user_use6_21_ from user user0_ where user0_.user_id=?
Hibernate: select character0_.character_id as characte1_6_0_, character0_.character_character_name as characte2_6_0_ from characters character0_ where character0_.character_id=?
Hibernate: select rewardtagw0_.user_id as user_id4_16_0_, rewardtagw0_.reward_tag_wrapper_reward_id as reward_t1_16_0_, rewardtagw0_.reward_tag_wrapper_reward_id as reward_t1_16_1_, rewardtagw0_.reward_tag_wrapper_reward_presented_at as reward_t2_16_1_, rewardtagw0_.reward_tag_reward_tag_id as reward_t3_16_1_, rewardtagw0_.user_id as user_id4_16_1_ from reward_tag_wrapper rewardtagw0_ where rewardtagw0_.user_id=?
Hibernate: select attendance0_.attendance_user_attendance_user_id as col_0_0_ from attendance_user attendance0_ where attendance0_.user_id=? limit ?
Hibernate: DELETE FROM USER WHERE USER_ID = ?
Hibernate: select user0_.user_id as col_0_0_ from user user0_ where user0_.user_user_id=? limit ?
Hibernate: select user0_.user_id as col_0_0_ from user user0_ where user0_.user_user_id=? limit ?
Hibernate: select user0_.user_id as user_id1_21_, user0_.character_id as characte7_21_, user0_.user_created_at as user_cre2_21_, user0_.user_name as user_nam3_21_, user0_.user_phone_number as user_pho4_21_, user0_.user_user_id as user_use5_21_, user0_.user_user_password as user_use6_21_ from user user0_ inner join characters character1_ on user0_.character_id=character1_.character_id where user0_.user_user_id=?
Hibernate: select character0_.character_id as characte1_6_0_, character0_.character_character_name as characte2_6_0_ from characters character0_ where character0_.character_id=?
Hibernate: select rewardtagw0_.user_id as user_id4_16_0_, rewardtagw0_.reward_tag_wrapper_reward_id as reward_t1_16_0_, rewardtagw0_.reward_tag_wrapper_reward_id as reward_t1_16_1_, rewardtagw0_.reward_tag_wrapper_reward_presented_at as reward_t2_16_1_, rewardtagw0_.reward_tag_reward_tag_id as reward_t3_16_1_, rewardtagw0_.user_id as user_id4_16_1_ from reward_tag_wrapper rewardtagw0_ where rewardtagw0_.user_id=?
Hibernate: select user0_.user_id as user_id1_21_0_, user0_.character_id as characte7_21_0_, user0_.user_created_at as user_cre2_21_0_, user0_.user_name as user_nam3_21_0_, user0_.user_phone_number as user_pho4_21_0_, user0_.user_user_id as user_use5_21_0_, user0_.user_user_password as user_use6_21_0_ from user user0_ where user0_.user_id=?
Hibernate: select character0_.character_id as characte1_6_0_, character0_.character_character_name as characte2_6_0_ from characters character0_ where character0_.character_id=?
Hibernate: select count(*) as col_0_0_ from user user0_ where user0_.user_id=?
Hibernate: select character1_.character_id as characte1_6_, character1_.character_character_name as characte2_6_ from user user0_ inner join characters character1_ on user0_.character_id=character1_.character_id where user0_.user_id=?
Hibernate: select permission0_.character_id as characte6_12_0_, permission0_.permission_id as permissi1_12_0_, permission0_.permission_id as permissi1_12_1_, permission0_.character_id as characte6_12_1_, permission0_.permission_name as permissi2_12_1_, permission0_.permission_permission_unit_id as permissi3_12_1_, permission0_.permission_service as permissi4_12_1_, permission0_.permission_status as permissi5_12_1_ from permission permission0_ where permission0_.character_id=?
Hibernate: select count(*) as col_0_0_ from user user0_ where user0_.user_id=?
Hibernate: select user0_.user_id as user_id1_21_, user0_.character_id as characte7_21_, user0_.user_created_at as user_cre2_21_, user0_.user_name as user_nam3_21_, user0_.user_phone_number as user_pho4_21_, user0_.user_user_id as user_use5_21_, user0_.user_user_password as user_use6_21_ from user user0_ where user0_.user_id=?
Hibernate: select character0_.character_id as characte1_6_0_, character0_.character_character_name as characte2_6_0_ from characters character0_ where character0_.character_id=?
Hibernate: select rewardtagw0_.user_id as user_id4_16_0_, rewardtagw0_.reward_tag_wrapper_reward_id as reward_t1_16_0_, rewardtagw0_.reward_tag_wrapper_reward_id as reward_t1_16_1_, rewardtagw0_.reward_tag_wrapper_reward_presented_at as reward_t2_16_1_, rewardtagw0_.reward_tag_reward_tag_id as reward_t3_16_1_, rewardtagw0_.user_id as user_id4_16_1_ from reward_tag_wrapper rewardtagw0_ where rewardtagw0_.user_id=?
Hibernate: select attendance0_.attendance_user_attendance_user_id as col_0_0_ from attendance_user attendance0_ where attendance0_.user_id=? limit ?
Hibernate: DELETE FROM USER WHERE USER_ID = ?
Hibernate: select user0_.user_id as col_0_0_ from user user0_ where user0_.user_user_id=? limit ?
Hibernate: select user0_.user_id as col_0_0_ from user user0_ where user0_.user_user_id=? limit ?
Hibernate: select user0_.user_id as col_0_0_ from user user0_ where user0_.user_user_id=? limit ?
Hibernate: select U.* from USER U where U.USER_USER_ID =?
Hibernate: select character0_.character_id as characte1_6_0_, character0_.character_character_name as characte2_6_0_ from characters character0_ where character0_.character_id=?
Hibernate: select user0_.user_id as user_id1_21_0_, user0_.character_id as characte7_21_0_, user0_.user_created_at as user_cre2_21_0_, user0_.user_name as user_nam3_21_0_, user0_.user_phone_number as user_pho4_21_0_, user0_.user_user_id as user_use5_21_0_, user0_.user_user_password as user_use6_21_0_ from user user0_ where user0_.user_id=?
Hibernate: select character0_.character_id as characte1_6_0_, character0_.character_character_name as characte2_6_0_ from characters character0_ where character0_.character_id=?
Hibernate: select count(*) as col_0_0_ from team_building teambuildi0_
Hibernate: select count(*) as col_0_0_ from team_building teambuildi0_
Hibernate: select user0_.user_id as col_0_0_ from user user0_ where user0_.user_user_id=? limit ?
Hibernate: select user0_.user_id as col_0_0_ from user user0_ where user0_.user_user_id=? limit ?
Hibernate: select U.* from USER U where U.USER_USER_ID =?
Hibernate: select character0_.character_id as characte1_6_0_, character0_.character_character_name as characte2_6_0_ from characters character0_ where character0_.character_id=?
Hibernate: select user0_.user_id as col_0_0_ from user user0_ where user0_.user_user_id=? limit ?
Hibernate: select user0_.user_id as col_0_0_ from user user0_ where user0_.user_user_id=? limit ?
Hibernate: select U.* from USER U where U.USER_USER_ID =?
Hibernate: select character0_.character_id as characte1_6_0_, character0_.character_character_name as characte2_6_0_ from characters character0_ where character0_.character_id=?
Hibernate: select user0_.user_id as col_0_0_ from user user0_ where user0_.user_user_id=? limit ?
Hibernate: select user0_.user_id as col_0_0_ from user user0_ where user0_.user_user_id=? limit ?
Hibernate: select U.* from USER U where U.USER_USER_ID =?
Hibernate: select character0_.character_id as characte1_6_0_, character0_.character_character_name as characte2_6_0_ from characters character0_ where character0_.character_id=?
Hibernate: select user0_.user_id as col_0_0_ from user user0_ where user0_.user_user_id=? limit ?
Hibernate: select userjoinin0_.user_joining_pool_id as col_0_0_ from user_joining_pool userjoinin0_ where userjoinin0_.user_user_id=? limit ?
Hibernate: select character0_.character_id as col_0_0_ from characters character0_ where character0_.character_character_name=? limit ?
Hibernate: insert into user_joining_pool (user_joining_pool_id, user_created_at, user_name, user_phone_number, user_user_id, user_user_password) values (default, ?, ?, ?, ?, ?)
Hibernate: select user0_.user_id as user_id1_21_0_, user0_.character_id as characte7_21_0_, user0_.user_created_at as user_cre2_21_0_, user0_.user_name as user_nam3_21_0_, user0_.user_phone_number as user_pho4_21_0_, user0_.user_user_id as user_use5_21_0_, user0_.user_user_password as user_use6_21_0_ from user user0_ where user0_.user_id=?
Hibernate: select character0_.character_id as characte1_6_0_, character0_.character_character_name as characte2_6_0_ from characters character0_ where character0_.character_id=?
Hibernate: select count(*) as col_0_0_ from user user0_ where user0_.user_id=?
Hibernate: select character1_.character_id as characte1_6_, character1_.character_character_name as characte2_6_ from user user0_ inner join characters character1_ on user0_.character_id=character1_.character_id where user0_.user_id=?
Hibernate: select permission0_.character_id as characte6_12_0_, permission0_.permission_id as permissi1_12_0_, permission0_.permission_id as permissi1_12_1_, permission0_.character_id as characte6_12_1_, permission0_.permission_name as permissi2_12_1_, permission0_.permission_permission_unit_id as permissi3_12_1_, permission0_.permission_service as permissi4_12_1_, permission0_.permission_status as permissi5_12_1_ from permission permission0_ where permission0_.character_id=?
Hibernate: select userjoinin0_.user_joining_pool_id as col_0_0_ from user_joining_pool userjoinin0_ where userjoinin0_.user_user_id=? limit ?
Hibernate: select userjoinin0_.user_joining_pool_id as user_joi1_22_, userjoinin0_.user_created_at as user_cre2_22_, userjoinin0_.user_name as user_nam3_22_, userjoinin0_.user_phone_number as user_pho4_22_, userjoinin0_.user_user_id as user_use5_22_, userjoinin0_.user_user_password as user_use6_22_ from user_joining_pool userjoinin0_ where userjoinin0_.user_user_id=?
Hibernate: select character0_.character_id as characte1_6_, character0_.character_character_name as characte2_6_ from characters character0_ where character0_.character_character_name=?
Hibernate: insert into user (user_id, character_id, user_created_at, user_name, user_phone_number, user_user_id, user_user_password) values (default, ?, ?, ?, ?, ?, ?)
Hibernate: DELETE FROM USER_JOINING_POOL as JU where JU.USER_USER_ID =?
Hibernate: select user0_.user_id as col_0_0_ from user user0_ where user0_.user_user_id=? limit ?
Hibernate: select user0_.user_id as col_0_0_ from user user0_ where user0_.user_user_id=? limit ?
Hibernate: select U.* from USER U where U.USER_USER_ID =?
Hibernate: select character0_.character_id as characte1_6_0_, character0_.character_character_name as characte2_6_0_ from characters character0_ where character0_.character_id=?
Hibernate: select user0_.user_id as col_0_0_ from user user0_ where user0_.user_user_id=? limit ?
Hibernate: select userjoinin0_.user_joining_pool_id as col_0_0_ from user_joining_pool userjoinin0_ where userjoinin0_.user_user_id=? limit ?
Hibernate: select character0_.character_id as col_0_0_ from characters character0_ where character0_.character_character_name=? limit ?
Hibernate: insert into user_joining_pool (user_joining_pool_id, user_created_at, user_name, user_phone_number, user_user_id, user_user_password) values (default, ?, ?, ?, ?, ?)
Hibernate: select user0_.user_id as user_id1_21_0_, user0_.character_id as characte7_21_0_, user0_.user_created_at as user_cre2_21_0_, user0_.user_name as user_nam3_21_0_, user0_.user_phone_number as user_pho4_21_0_, user0_.user_user_id as user_use5_21_0_, user0_.user_user_password as user_use6_21_0_ from user user0_ where user0_.user_id=?
Hibernate: select character0_.character_id as characte1_6_0_, character0_.character_character_name as characte2_6_0_ from characters character0_ where character0_.character_id=?
Hibernate: select count(*) as col_0_0_ from user user0_ where user0_.user_id=?
Hibernate: select character1_.character_id as characte1_6_, character1_.character_character_name as characte2_6_ from user user0_ inner join characters character1_ on user0_.character_id=character1_.character_id where user0_.user_id=?
Hibernate: select permission0_.character_id as characte6_12_0_, permission0_.permission_id as permissi1_12_0_, permission0_.permission_id as permissi1_12_1_, permission0_.character_id as characte6_12_1_, permission0_.permission_name as permissi2_12_1_, permission0_.permission_permission_unit_id as permissi3_12_1_, permission0_.permission_service as permissi4_12_1_, permission0_.permission_status as permissi5_12_1_ from permission permission0_ where permission0_.character_id=?
Hibernate: select userjoinin0_.user_joining_pool_id as col_0_0_ from user_joining_pool userjoinin0_ where userjoinin0_.user_user_id=? limit ?
Hibernate: select userjoinin0_.user_joining_pool_id as user_joi1_22_, userjoinin0_.user_created_at as user_cre2_22_, userjoinin0_.user_name as user_nam3_22_, userjoinin0_.user_phone_number as user_pho4_22_, userjoinin0_.user_user_id as user_use5_22_, userjoinin0_.user_user_password as user_use6_22_ from user_joining_pool userjoinin0_ where userjoinin0_.user_user_id=?
Hibernate: select character0_.character_id as characte1_6_, character0_.character_character_name as characte2_6_ from characters character0_ where character0_.character_character_name=?
Hibernate: insert into user (user_id, character_id, user_created_at, user_name, user_phone_number, user_user_id, user_user_password) values (default, ?, ?, ?, ?, ?, ?)
Hibernate: DELETE FROM USER_JOINING_POOL as JU where JU.USER_USER_ID =?
Hibernate: select user0_.user_id as col_0_0_ from user user0_ where user0_.user_user_id=? limit ?
Hibernate: select user0_.user_id as col_0_0_ from user user0_ where user0_.user_user_id=? limit ?
Hibernate: select U.* from USER U where U.USER_USER_ID =?
Hibernate: select character0_.character_id as characte1_6_0_, character0_.character_character_name as characte2_6_0_ from characters character0_ where character0_.character_id=?
Hibernate: select user0_.user_id as col_0_0_ from user user0_ where user0_.user_user_id=? limit ?
Hibernate: select userjoinin0_.user_joining_pool_id as col_0_0_ from user_joining_pool userjoinin0_ where userjoinin0_.user_user_id=? limit ?
Hibernate: select character0_.character_id as col_0_0_ from characters character0_ where character0_.character_character_name=? limit ?
Hibernate: insert into user_joining_pool (user_joining_pool_id, user_created_at, user_name, user_phone_number, user_user_id, user_user_password) values (default, ?, ?, ?, ?, ?)
Hibernate: select user0_.user_id as user_id1_21_0_, user0_.character_id as characte7_21_0_, user0_.user_created_at as user_cre2_21_0_, user0_.user_name as user_nam3_21_0_, user0_.user_phone_number as user_pho4_21_0_, user0_.user_user_id as user_use5_21_0_, user0_.user_user_password as user_use6_21_0_ from user user0_ where user0_.user_id=?
Hibernate: select character0_.character_id as characte1_6_0_, character0_.character_character_name as characte2_6_0_ from characters character0_ where character0_.character_id=?
Hibernate: select count(*) as col_0_0_ from user user0_ where user0_.user_id=?
Hibernate: select character1_.character_id as characte1_6_, character1_.character_character_name as characte2_6_ from user user0_ inner join characters character1_ on user0_.character_id=character1_.character_id where user0_.user_id=?
Hibernate: select permission0_.character_id as characte6_12_0_, permission0_.permission_id as permissi1_12_0_, permission0_.permission_id as permissi1_12_1_, permission0_.character_id as characte6_12_1_, permission0_.permission_name as permissi2_12_1_, permission0_.permission_permission_unit_id as permissi3_12_1_, permission0_.permission_service as permissi4_12_1_, permission0_.permission_status as permissi5_12_1_ from permission permission0_ where permission0_.character_id=?
Hibernate: select userjoinin0_.user_joining_pool_id as col_0_0_ from user_joining_pool userjoinin0_ where userjoinin0_.user_user_id=? limit ?
Hibernate: select userjoinin0_.user_joining_pool_id as user_joi1_22_, userjoinin0_.user_created_at as user_cre2_22_, userjoinin0_.user_name as user_nam3_22_, userjoinin0_.user_phone_number as user_pho4_22_, userjoinin0_.user_user_id as user_use5_22_, userjoinin0_.user_user_password as user_use6_22_ from user_joining_pool userjoinin0_ where userjoinin0_.user_user_id=?
Hibernate: select character0_.character_id as characte1_6_, character0_.character_character_name as characte2_6_ from characters character0_ where character0_.character_character_name=?
Hibernate: insert into user (user_id, character_id, user_created_at, user_name, user_phone_number, user_user_id, user_user_password) values (default, ?, ?, ?, ?, ?, ?)
Hibernate: DELETE FROM USER_JOINING_POOL as JU where JU.USER_USER_ID =?
Hibernate: select user0_.user_id as col_0_0_ from user user0_ where user0_.user_user_id=? limit ?
Hibernate: select user0_.user_id as col_0_0_ from user user0_ where user0_.user_user_id=? limit ?
Hibernate: select U.* from USER U where U.USER_USER_ID =?
Hibernate: select character0_.character_id as characte1_6_0_, character0_.character_character_name as characte2_6_0_ from characters character0_ where character0_.character_id=?
Hibernate: select user0_.user_id as col_0_0_ from user user0_ where user0_.user_user_id=? limit ?
Hibernate: select userjoinin0_.user_joining_pool_id as col_0_0_ from user_joining_pool userjoinin0_ where userjoinin0_.user_user_id=? limit ?
Hibernate: select character0_.character_id as col_0_0_ from characters character0_ where character0_.character_character_name=? limit ?
Hibernate: insert into user_joining_pool (user_joining_pool_id, user_created_at, user_name, user_phone_number, user_user_id, user_user_password) values (default, ?, ?, ?, ?, ?)
Hibernate: select user0_.user_id as user_id1_21_0_, user0_.character_id as characte7_21_0_, user0_.user_created_at as user_cre2_21_0_, user0_.user_name as user_nam3_21_0_, user0_.user_phone_number as user_pho4_21_0_, user0_.user_user_id as user_use5_21_0_, user0_.user_user_password as user_use6_21_0_ from user user0_ where user0_.user_id=?
Hibernate: select character0_.character_id as characte1_6_0_, character0_.character_character_name as characte2_6_0_ from characters character0_ where character0_.character_id=?
Hibernate: select count(*) as col_0_0_ from user user0_ where user0_.user_id=?
Hibernate: select character1_.character_id as characte1_6_, character1_.character_character_name as characte2_6_ from user user0_ inner join characters character1_ on user0_.character_id=character1_.character_id where user0_.user_id=?
Hibernate: select permission0_.character_id as characte6_12_0_, permission0_.permission_id as permissi1_12_0_, permission0_.permission_id as permissi1_12_1_, permission0_.character_id as characte6_12_1_, permission0_.permission_name as permissi2_12_1_, permission0_.permission_permission_unit_id as permissi3_12_1_, permission0_.permission_service as permissi4_12_1_, permission0_.permission_status as permissi5_12_1_ from permission permission0_ where permission0_.character_id=?
Hibernate: select userjoinin0_.user_joining_pool_id as col_0_0_ from user_joining_pool userjoinin0_ where userjoinin0_.user_user_id=? limit ?
Hibernate: select userjoinin0_.user_joining_pool_id as user_joi1_22_, userjoinin0_.user_created_at as user_cre2_22_, userjoinin0_.user_name as user_nam3_22_, userjoinin0_.user_phone_number as user_pho4_22_, userjoinin0_.user_user_id as user_use5_22_, userjoinin0_.user_user_password as user_use6_22_ from user_joining_pool userjoinin0_ where userjoinin0_.user_user_id=?
Hibernate: select character0_.character_id as characte1_6_, character0_.character_character_name as characte2_6_ from characters character0_ where character0_.character_character_name=?
Hibernate: insert into user (user_id, character_id, user_created_at, user_name, user_phone_number, user_user_id, user_user_password) values (default, ?, ?, ?, ?, ?, ?)
Hibernate: DELETE FROM USER_JOINING_POOL as JU where JU.USER_USER_ID =?
Hibernate: select user0_.user_id as col_0_0_ from user user0_ where user0_.user_user_id=? limit ?
Hibernate: select user0_.user_id as col_0_0_ from user user0_ where user0_.user_user_id=? limit ?
Hibernate: select U.* from USER U where U.USER_USER_ID =?
Hibernate: select character0_.character_id as characte1_6_0_, character0_.character_character_name as characte2_6_0_ from characters character0_ where character0_.character_id=?
Hibernate: select user0_.user_id as col_0_0_ from user user0_ where user0_.user_user_id=? limit ?
Hibernate: select userjoinin0_.user_joining_pool_id as col_0_0_ from user_joining_pool userjoinin0_ where userjoinin0_.user_user_id=? limit ?
Hibernate: select character0_.character_id as col_0_0_ from characters character0_ where character0_.character_character_name=? limit ?
Hibernate: insert into user_joining_pool (user_joining_pool_id, user_created_at, user_name, user_phone_number, user_user_id, user_user_password) values (default, ?, ?, ?, ?, ?)
Hibernate: select user0_.user_id as user_id1_21_0_, user0_.character_id as characte7_21_0_, user0_.user_created_at as user_cre2_21_0_, user0_.user_name as user_nam3_21_0_, user0_.user_phone_number as user_pho4_21_0_, user0_.user_user_id as user_use5_21_0_, user0_.user_user_password as user_use6_21_0_ from user user0_ where user0_.user_id=?
Hibernate: select character0_.character_id as characte1_6_0_, character0_.character_character_name as characte2_6_0_ from characters character0_ where character0_.character_id=?
Hibernate: select count(*) as col_0_0_ from user user0_ where user0_.user_id=?
Hibernate: select character1_.character_id as characte1_6_, character1_.character_character_name as characte2_6_ from user user0_ inner join characters character1_ on user0_.character_id=character1_.character_id where user0_.user_id=?
Hibernate: select permission0_.character_id as characte6_12_0_, permission0_.permission_id as permissi1_12_0_, permission0_.permission_id as permissi1_12_1_, permission0_.character_id as characte6_12_1_, permission0_.permission_name as permissi2_12_1_, permission0_.permission_permission_unit_id as permissi3_12_1_, permission0_.permission_service as permissi4_12_1_, permission0_.permission_status as permissi5_12_1_ from permission permission0_ where permission0_.character_id=?
Hibernate: select userjoinin0_.user_joining_pool_id as col_0_0_ from user_joining_pool userjoinin0_ where userjoinin0_.user_user_id=? limit ?
Hibernate: select userjoinin0_.user_joining_pool_id as user_joi1_22_, userjoinin0_.user_created_at as user_cre2_22_, userjoinin0_.user_name as user_nam3_22_, userjoinin0_.user_phone_number as user_pho4_22_, userjoinin0_.user_user_id as user_use5_22_, userjoinin0_.user_user_password as user_use6_22_ from user_joining_pool userjoinin0_ where userjoinin0_.user_user_id=?
Hibernate: select character0_.character_id as characte1_6_, character0_.character_character_name as characte2_6_ from characters character0_ where character0_.character_character_name=?
Hibernate: insert into user (user_id, character_id, user_created_at, user_name, user_phone_number, user_user_id, user_user_password) values (default, ?, ?, ?, ?, ?, ?)
Hibernate: DELETE FROM USER_JOINING_POOL as JU where JU.USER_USER_ID =?
Hibernate: select user0_.user_id as col_0_0_ from user user0_ where user0_.user_user_id=? limit ?
Hibernate: select user0_.user_id as col_0_0_ from user user0_ where user0_.user_user_id=? limit ?
Hibernate: select U.* from USER U where U.USER_USER_ID =?
Hibernate: select character0_.character_id as characte1_6_0_, character0_.character_character_name as characte2_6_0_ from characters character0_ where character0_.character_id=?
Hibernate: select user0_.user_id as col_0_0_ from user user0_ where user0_.user_user_id=? limit ?
Hibernate: select userjoinin0_.user_joining_pool_id as col_0_0_ from user_joining_pool userjoinin0_ where userjoinin0_.user_user_id=? limit ?
Hibernate: select character0_.character_id as col_0_0_ from characters character0_ where character0_.character_character_name=? limit ?
Hibernate: insert into user_joining_pool (user_joining_pool_id, user_created_at, user_name, user_phone_number, user_user_id, user_user_password) values (default, ?, ?, ?, ?, ?)
Hibernate: select user0_.user_id as user_id1_21_0_, user0_.character_id as characte7_21_0_, user0_.user_created_at as user_cre2_21_0_, user0_.user_name as user_nam3_21_0_, user0_.user_phone_number as user_pho4_21_0_, user0_.user_user_id as user_use5_21_0_, user0_.user_user_password as user_use6_21_0_ from user user0_ where user0_.user_id=?
Hibernate: select character0_.character_id as characte1_6_0_, character0_.character_character_name as characte2_6_0_ from characters character0_ where character0_.character_id=?
Hibernate: select count(*) as col_0_0_ from user user0_ where user0_.user_id=?
Hibernate: select character1_.character_id as characte1_6_, character1_.character_character_name as characte2_6_ from user user0_ inner join characters character1_ on user0_.character_id=character1_.character_id where user0_.user_id=?
Hibernate: select permission0_.character_id as characte6_12_0_, permission0_.permission_id as permissi1_12_0_, permission0_.permission_id as permissi1_12_1_, permission0_.character_id as characte6_12_1_, permission0_.permission_name as permissi2_12_1_, permission0_.permission_permission_unit_id as permissi3_12_1_, permission0_.permission_service as permissi4_12_1_, permission0_.permission_status as permissi5_12_1_ from permission permission0_ where permission0_.character_id=?
Hibernate: select userjoinin0_.user_joining_pool_id as col_0_0_ from user_joining_pool userjoinin0_ where userjoinin0_.user_user_id=? limit ?
Hibernate: select userjoinin0_.user_joining_pool_id as user_joi1_22_, userjoinin0_.user_created_at as user_cre2_22_, userjoinin0_.user_name as user_nam3_22_, userjoinin0_.user_phone_number as user_pho4_22_, userjoinin0_.user_user_id as user_use5_22_, userjoinin0_.user_user_password as user_use6_22_ from user_joining_pool userjoinin0_ where userjoinin0_.user_user_id=?
Hibernate: select character0_.character_id as characte1_6_, character0_.character_character_name as characte2_6_ from characters character0_ where character0_.character_character_name=?
Hibernate: insert into user (user_id, character_id, user_created_at, user_name, user_phone_number, user_user_id, user_user_password) values (default, ?, ?, ?, ?, ?, ?)
Hibernate: DELETE FROM USER_JOINING_POOL as JU where JU.USER_USER_ID =?
Hibernate: select user0_.user_id as col_0_0_ from user user0_ where user0_.user_user_id=? limit ?
Hibernate: select user0_.user_id as col_0_0_ from user user0_ where user0_.user_user_id=? limit ?
Hibernate: select U.* from USER U where U.USER_USER_ID =?
Hibernate: select character0_.character_id as characte1_6_0_, character0_.character_character_name as characte2_6_0_ from characters character0_ where character0_.character_id=?
Hibernate: select user0_.user_id as col_0_0_ from user user0_ where user0_.user_user_id=? limit ?
Hibernate: select userjoinin0_.user_joining_pool_id as col_0_0_ from user_joining_pool userjoinin0_ where userjoinin0_.user_user_id=? limit ?
Hibernate: select character0_.character_id as col_0_0_ from characters character0_ where character0_.character_character_name=? limit ?
Hibernate: insert into user_joining_pool (user_joining_pool_id, user_created_at, user_name, user_phone_number, user_user_id, user_user_password) values (default, ?, ?, ?, ?, ?)
Hibernate: select user0_.user_id as user_id1_21_0_, user0_.character_id as characte7_21_0_, user0_.user_created_at as user_cre2_21_0_, user0_.user_name as user_nam3_21_0_, user0_.user_phone_number as user_pho4_21_0_, user0_.user_user_id as user_use5_21_0_, user0_.user_user_password as user_use6_21_0_ from user user0_ where user0_.user_id=?
Hibernate: select character0_.character_id as characte1_6_0_, character0_.character_character_name as characte2_6_0_ from characters character0_ where character0_.character_id=?
Hibernate: select count(*) as col_0_0_ from user user0_ where user0_.user_id=?
Hibernate: select character1_.character_id as characte1_6_, character1_.character_character_name as characte2_6_ from user user0_ inner join characters character1_ on user0_.character_id=character1_.character_id where user0_.user_id=?
Hibernate: select permission0_.character_id as characte6_12_0_, permission0_.permission_id as permissi1_12_0_, permission0_.permission_id as permissi1_12_1_, permission0_.character_id as characte6_12_1_, permission0_.permission_name as permissi2_12_1_, permission0_.permission_permission_unit_id as permissi3_12_1_, permission0_.permission_service as permissi4_12_1_, permission0_.permission_status as permissi5_12_1_ from permission permission0_ where permission0_.character_id=?
Hibernate: select userjoinin0_.user_joining_pool_id as col_0_0_ from user_joining_pool userjoinin0_ where userjoinin0_.user_user_id=? limit ?
Hibernate: select userjoinin0_.user_joining_pool_id as user_joi1_22_, userjoinin0_.user_created_at as user_cre2_22_, userjoinin0_.user_name as user_nam3_22_, userjoinin0_.user_phone_number as user_pho4_22_, userjoinin0_.user_user_id as user_use5_22_, userjoinin0_.user_user_password as user_use6_22_ from user_joining_pool userjoinin0_ where userjoinin0_.user_user_id=?
Hibernate: select character0_.character_id as characte1_6_, character0_.character_character_name as characte2_6_ from characters character0_ where character0_.character_character_name=?
Hibernate: insert into user (user_id, character_id, user_created_at, user_name, user_phone_number, user_user_id, user_user_password) values (default, ?, ?, ?, ?, ?, ?)
Hibernate: DELETE FROM USER_JOINING_POOL as JU where JU.USER_USER_ID =?
Hibernate: select user0_.user_id as col_0_0_ from user user0_ where user0_.user_user_id=? limit ?
Hibernate: select user0_.user_id as col_0_0_ from user user0_ where user0_.user_user_id=? limit ?
Hibernate: select U.* from USER U where U.USER_USER_ID =?
Hibernate: select character0_.character_id as characte1_6_0_, character0_.character_character_name as characte2_6_0_ from characters character0_ where character0_.character_id=?
Hibernate: select user0_.user_id as col_0_0_ from user user0_ where user0_.user_user_id=? limit ?
Hibernate: select userjoinin0_.user_joining_pool_id as col_0_0_ from user_joining_pool userjoinin0_ where userjoinin0_.user_user_id=? limit ?
Hibernate: select character0_.character_id as col_0_0_ from characters character0_ where character0_.character_character_name=? limit ?
Hibernate: insert into user_joining_pool (user_joining_pool_id, user_created_at, user_name, user_phone_number, user_user_id, user_user_password) values (default, ?, ?, ?, ?, ?)
Hibernate: select user0_.user_id as user_id1_21_0_, user0_.character_id as characte7_21_0_, user0_.user_created_at as user_cre2_21_0_, user0_.user_name as user_nam3_21_0_, user0_.user_phone_number as user_pho4_21_0_, user0_.user_user_id as user_use5_21_0_, user0_.user_user_password as user_use6_21_0_ from user user0_ where user0_.user_id=?
Hibernate: select character0_.character_id as characte1_6_0_, character0_.character_character_name as characte2_6_0_ from characters character0_ where character0_.character_id=?
Hibernate: select count(*) as col_0_0_ from user user0_ where user0_.user_id=?
Hibernate: select character1_.character_id as characte1_6_, character1_.character_character_name as characte2_6_ from user user0_ inner join characters character1_ on user0_.character_id=character1_.character_id where user0_.user_id=?
Hibernate: select permission0_.character_id as characte6_12_0_, permission0_.permission_id as permissi1_12_0_, permission0_.permission_id as permissi1_12_1_, permission0_.character_id as characte6_12_1_, permission0_.permission_name as permissi2_12_1_, permission0_.permission_permission_unit_id as permissi3_12_1_, permission0_.permission_service as permissi4_12_1_, permission0_.permission_status as permissi5_12_1_ from permission permission0_ where permission0_.character_id=?
Hibernate: select userjoinin0_.user_joining_pool_id as col_0_0_ from user_joining_pool userjoinin0_ where userjoinin0_.user_user_id=? limit ?
Hibernate: select userjoinin0_.user_joining_pool_id as user_joi1_22_, userjoinin0_.user_created_at as user_cre2_22_, userjoinin0_.user_name as user_nam3_22_, userjoinin0_.user_phone_number as user_pho4_22_, userjoinin0_.user_user_id as user_use5_22_, userjoinin0_.user_user_password as user_use6_22_ from user_joining_pool userjoinin0_ where userjoinin0_.user_user_id=?
Hibernate: select character0_.character_id as characte1_6_, character0_.character_character_name as characte2_6_ from characters character0_ where character0_.character_character_name=?
Hibernate: insert into user (user_id, character_id, user_created_at, user_name, user_phone_number, user_user_id, user_user_password) values (default, ?, ?, ?, ?, ?, ?)
Hibernate: DELETE FROM USER_JOINING_POOL as JU where JU.USER_USER_ID =?
Hibernate: select user0_.user_id as col_0_0_ from user user0_ where user0_.user_user_id=? limit ?
Hibernate: select user0_.user_id as col_0_0_ from user user0_ where user0_.user_user_id=? limit ?
Hibernate: select U.* from USER U where U.USER_USER_ID =?
Hibernate: select character0_.character_id as characte1_6_0_, character0_.character_character_name as characte2_6_0_ from characters character0_ where character0_.character_id=?
Hibernate: select user0_.user_id as col_0_0_ from user user0_ where user0_.user_user_id=? limit ?
Hibernate: select userjoinin0_.user_joining_pool_id as col_0_0_ from user_joining_pool userjoinin0_ where userjoinin0_.user_user_id=? limit ?
Hibernate: select character0_.character_id as col_0_0_ from characters character0_ where character0_.character_character_name=? limit ?
Hibernate: insert into user_joining_pool (user_joining_pool_id, user_created_at, user_name, user_phone_number, user_user_id, user_user_password) values (default, ?, ?, ?, ?, ?)
Hibernate: select user0_.user_id as user_id1_21_0_, user0_.character_id as characte7_21_0_, user0_.user_created_at as user_cre2_21_0_, user0_.user_name as user_nam3_21_0_, user0_.user_phone_number as user_pho4_21_0_, user0_.user_user_id as user_use5_21_0_, user0_.user_user_password as user_use6_21_0_ from user user0_ where user0_.user_id=?
Hibernate: select character0_.character_id as characte1_6_0_, character0_.character_character_name as characte2_6_0_ from characters character0_ where character0_.character_id=?
Hibernate: select count(*) as col_0_0_ from user user0_ where user0_.user_id=?
Hibernate: select character1_.character_id as characte1_6_, character1_.character_character_name as characte2_6_ from user user0_ inner join characters character1_ on user0_.character_id=character1_.character_id where user0_.user_id=?
Hibernate: select permission0_.character_id as characte6_12_0_, permission0_.permission_id as permissi1_12_0_, permission0_.permission_id as permissi1_12_1_, permission0_.character_id as characte6_12_1_, permission0_.permission_name as permissi2_12_1_, permission0_.permission_permission_unit_id as permissi3_12_1_, permission0_.permission_service as permissi4_12_1_, permission0_.permission_status as permissi5_12_1_ from permission permission0_ where permission0_.character_id=?
Hibernate: select userjoinin0_.user_joining_pool_id as col_0_0_ from user_joining_pool userjoinin0_ where userjoinin0_.user_user_id=? limit ?
Hibernate: select userjoinin0_.user_joining_pool_id as user_joi1_22_, userjoinin0_.user_created_at as user_cre2_22_, userjoinin0_.user_name as user_nam3_22_, userjoinin0_.user_phone_number as user_pho4_22_, userjoinin0_.user_user_id as user_use5_22_, userjoinin0_.user_user_password as user_use6_22_ from user_joining_pool userjoinin0_ where userjoinin0_.user_user_id=?
Hibernate: select character0_.character_id as characte1_6_, character0_.character_character_name as characte2_6_ from characters character0_ where character0_.character_character_name=?
Hibernate: insert into user (user_id, character_id, user_created_at, user_name, user_phone_number, user_user_id, user_user_password) values (default, ?, ?, ?, ?, ?, ?)
Hibernate: DELETE FROM USER_JOINING_POOL as JU where JU.USER_USER_ID =?
Hibernate: select user0_.user_id as col_0_0_ from user user0_ where user0_.user_user_id=? limit ?
Hibernate: select user0_.user_id as col_0_0_ from user user0_ where user0_.user_user_id=? limit ?
Hibernate: select U.* from USER U where U.USER_USER_ID =?
Hibernate: select character0_.character_id as characte1_6_0_, character0_.character_character_name as characte2_6_0_ from characters character0_ where character0_.character_id=?
Hibernate: select user0_.user_id as col_0_0_ from user user0_ where user0_.user_user_id=? limit ?
Hibernate: select userjoinin0_.user_joining_pool_id as col_0_0_ from user_joining_pool userjoinin0_ where userjoinin0_.user_user_id=? limit ?
Hibernate: select character0_.character_id as col_0_0_ from characters character0_ where character0_.character_character_name=? limit ?
Hibernate: insert into user_joining_pool (user_joining_pool_id, user_created_at, user_name, user_phone_number, user_user_id, user_user_password) values (default, ?, ?, ?, ?, ?)
Hibernate: select user0_.user_id as user_id1_21_0_, user0_.character_id as characte7_21_0_, user0_.user_created_at as user_cre2_21_0_, user0_.user_name as user_nam3_21_0_, user0_.user_phone_number as user_pho4_21_0_, user0_.user_user_id as user_use5_21_0_, user0_.user_user_password as user_use6_21_0_ from user user0_ where user0_.user_id=?
Hibernate: select character0_.character_id as characte1_6_0_, character0_.character_character_name as characte2_6_0_ from characters character0_ where character0_.character_id=?
Hibernate: select count(*) as col_0_0_ from user user0_ where user0_.user_id=?
Hibernate: select character1_.character_id as characte1_6_, character1_.character_character_name as characte2_6_ from user user0_ inner join characters character1_ on user0_.character_id=character1_.character_id where user0_.user_id=?
Hibernate: select permission0_.character_id as characte6_12_0_, permission0_.permission_id as permissi1_12_0_, permission0_.permission_id as permissi1_12_1_, permission0_.character_id as characte6_12_1_, permission0_.permission_name as permissi2_12_1_, permission0_.permission_permission_unit_id as permissi3_12_1_, permission0_.permission_service as permissi4_12_1_, permission0_.permission_status as permissi5_12_1_ from permission permission0_ where permission0_.character_id=?
Hibernate: select userjoinin0_.user_joining_pool_id as col_0_0_ from user_joining_pool userjoinin0_ where userjoinin0_.user_user_id=? limit ?
Hibernate: select userjoinin0_.user_joining_pool_id as user_joi1_22_, userjoinin0_.user_created_at as user_cre2_22_, userjoinin0_.user_name as user_nam3_22_, userjoinin0_.user_phone_number as user_pho4_22_, userjoinin0_.user_user_id as user_use5_22_, userjoinin0_.user_user_password as user_use6_22_ from user_joining_pool userjoinin0_ where userjoinin0_.user_user_id=?
Hibernate: select character0_.character_id as characte1_6_, character0_.character_character_name as characte2_6_ from characters character0_ where character0_.character_character_name=?
Hibernate: insert into user (user_id, character_id, user_created_at, user_name, user_phone_number, user_user_id, user_user_password) values (default, ?, ?, ?, ?, ?, ?)
Hibernate: DELETE FROM USER_JOINING_POOL as JU where JU.USER_USER_ID =?
Hibernate: select user0_.user_id as user_id1_21_0_, user0_.character_id as characte7_21_0_, user0_.user_created_at as user_cre2_21_0_, user0_.user_name as user_nam3_21_0_, user0_.user_phone_number as user_pho4_21_0_, user0_.user_user_id as user_use5_21_0_, user0_.user_user_password as user_use6_21_0_ from user user0_ where user0_.user_id=?
Hibernate: select character0_.character_id as characte1_6_0_, character0_.character_character_name as characte2_6_0_ from characters character0_ where character0_.character_id=?
Hibernate: select count(*) as col_0_0_ from user user0_ where user0_.user_id=?
Hibernate: select character1_.character_id as characte1_6_, character1_.character_character_name as characte2_6_ from user user0_ inner join characters character1_ on user0_.character_id=character1_.character_id where user0_.user_id=?
Hibernate: select permission0_.character_id as characte6_12_0_, permission0_.permission_id as permissi1_12_0_, permission0_.permission_id as permissi1_12_1_, permission0_.character_id as characte6_12_1_, permission0_.permission_name as permissi2_12_1_, permission0_.permission_permission_unit_id as permissi3_12_1_, permission0_.permission_service as permissi4_12_1_, permission0_.permission_status as permissi5_12_1_ from permission permission0_ where permission0_.character_id=?
Hibernate: select user0_.user_id as col_0_0_ from user user0_ where user0_.user_user_id=? limit ?
Hibernate: select user0_.user_id as col_0_0_ from user user0_ where user0_.user_user_id=? limit ?
Hibernate: select user0_.user_id as col_0_0_ from user user0_ where user0_.user_user_id=? limit ?
Hibernate: select user0_.user_id as col_0_0_ from user user0_ where user0_.user_user_id=? limit ?
Hibernate: select user0_.user_id as col_0_0_ from user user0_ where user0_.user_user_id=? limit ?
Hibernate: select user0_.user_id as user_id1_21_, user0_.character_id as characte7_21_, user0_.user_created_at as user_cre2_21_, user0_.user_name as user_nam3_21_, user0_.user_phone_number as user_pho4_21_, user0_.user_user_id as user_use5_21_, user0_.user_user_password as user_use6_21_ from user user0_ inner join characters character1_ on user0_.character_id=character1_.character_id where user0_.user_user_id=?
Hibernate: select character0_.character_id as characte1_6_0_, character0_.character_character_name as characte2_6_0_ from characters character0_ where character0_.character_id=?
Hibernate: select user0_.user_id as user_id1_21_, user0_.character_id as characte7_21_, user0_.user_created_at as user_cre2_21_, user0_.user_name as user_nam3_21_, user0_.user_phone_number as user_pho4_21_, user0_.user_user_id as user_use5_21_, user0_.user_user_password as user_use6_21_ from user user0_ inner join characters character1_ on user0_.character_id=character1_.character_id where user0_.user_user_id=?
Hibernate: select user0_.user_id as user_id1_21_, user0_.character_id as characte7_21_, user0_.user_created_at as user_cre2_21_, user0_.user_name as user_nam3_21_, user0_.user_phone_number as user_pho4_21_, user0_.user_user_id as user_use5_21_, user0_.user_user_password as user_use6_21_ from user user0_ inner join characters character1_ on user0_.character_id=character1_.character_id where user0_.user_user_id=?
Hibernate: select user0_.user_id as user_id1_21_, user0_.character_id as characte7_21_, user0_.user_created_at as user_cre2_21_, user0_.user_name as user_nam3_21_, user0_.user_phone_number as user_pho4_21_, user0_.user_user_id as user_use5_21_, user0_.user_user_password as user_use6_21_ from user user0_ inner join characters character1_ on user0_.character_id=character1_.character_id where user0_.user_user_id=?
Hibernate: select user0_.user_id as user_id1_21_, user0_.character_id as characte7_21_, user0_.user_created_at as user_cre2_21_, user0_.user_name as user_nam3_21_, user0_.user_phone_number as user_pho4_21_, user0_.user_user_id as user_use5_21_, user0_.user_user_password as user_use6_21_ from user user0_ inner join characters character1_ on user0_.character_id=character1_.character_id where user0_.user_user_id=?
Hibernate: insert into team_building (team_building_team_building_id, team_building_created_at, team_building_last_modified_at, team_building_team_building_title) values (default, ?, ?, ?)
Hibernate: insert into team (team_team_id, team_last_modified_at, team_building_team_building_id, team_team_name) values (default, ?, ?, ?)
Hibernate: insert into team_user (team_user_id, team_team_id, user_id) values (default, ?, ?)
Hibernate: insert into team_user (team_user_id, team_team_id, user_id) values (default, ?, ?)
Hibernate: insert into team_user (team_user_id, team_team_id, user_id) values (default, ?, ?)
Hibernate: insert into team (team_team_id, team_last_modified_at, team_building_team_building_id, team_team_name) values (default, ?, ?, ?)
Hibernate: insert into team_user (team_user_id, team_team_id, user_id) values (default, ?, ?)
2023-06-27 23:51:09.275  INFO 92687 --- [lient-AsyncIO-1] AttendanceStompClient                    : /topic/attendance-time reply "173"
Hibernate: insert into team_user (team_user_id, team_team_id, user_id) values (default, ?, ?)
2023-06-27 23:51:09.275  INFO 92687 --- [lient-AsyncIO-4] AttendanceStompClient                    : /topic/attendance-time reply "173"
2023-06-27 23:51:09.275  INFO 92687 --- [lient-AsyncIO-9] AttendanceStompClient                    : /topic/attendance-time reply "173"
2023-06-27 23:51:09.275  INFO 92687 --- [lient-AsyncIO-3] AttendanceStompClient                    : /topic/attendance-time reply "173"
2023-06-27 23:51:09.275  INFO 92687 --- [lient-AsyncIO-6] AttendanceStompClient                    : /topic/attendance-time reply "173"
Hibernate: select user0_.user_id as user_id1_21_0_, user0_.character_id as characte7_21_0_, user0_.user_created_at as user_cre2_21_0_, user0_.user_name as user_nam3_21_0_, user0_.user_phone_number as user_pho4_21_0_, user0_.user_user_id as user_use5_21_0_, user0_.user_user_password as user_use6_21_0_ from user user0_ where user0_.user_id=?
Hibernate: select character0_.character_id as characte1_6_0_, character0_.character_character_name as characte2_6_0_ from characters character0_ where character0_.character_id=?
Hibernate: select count(*) as col_0_0_ from user user0_ where user0_.user_id=?
Hibernate: select character1_.character_id as characte1_6_, character1_.character_character_name as characte2_6_ from user user0_ inner join characters character1_ on user0_.character_id=character1_.character_id where user0_.user_id=?
Hibernate: select permission0_.character_id as characte6_12_0_, permission0_.permission_id as permissi1_12_0_, permission0_.permission_id as permissi1_12_1_, permission0_.character_id as characte6_12_1_, permission0_.permission_name as permissi2_12_1_, permission0_.permission_permission_unit_id as permissi3_12_1_, permission0_.permission_service as permissi4_12_1_, permission0_.permission_status as permissi5_12_1_ from permission permission0_ where permission0_.character_id=?
Hibernate: select user0_.user_id as col_0_0_ from user user0_ where user0_.user_user_id=? limit ?
Hibernate: select user0_.user_id as col_0_0_ from user user0_ where user0_.user_user_id=? limit ?
Hibernate: select user0_.user_id as col_0_0_ from user user0_ where user0_.user_user_id=? limit ?
Hibernate: select user0_.user_id as col_0_0_ from user user0_ where user0_.user_user_id=? limit ?
Hibernate: select user0_.user_id as col_0_0_ from user user0_ where user0_.user_user_id=? limit ?
Hibernate: select user0_.user_id as user_id1_21_, user0_.character_id as characte7_21_, user0_.user_created_at as user_cre2_21_, user0_.user_name as user_nam3_21_, user0_.user_phone_number as user_pho4_21_, user0_.user_user_id as user_use5_21_, user0_.user_user_password as user_use6_21_ from user user0_ inner join characters character1_ on user0_.character_id=character1_.character_id where user0_.user_user_id=?
Hibernate: select character0_.character_id as characte1_6_0_, character0_.character_character_name as characte2_6_0_ from characters character0_ where character0_.character_id=?
Hibernate: select user0_.user_id as user_id1_21_, user0_.character_id as characte7_21_, user0_.user_created_at as user_cre2_21_, user0_.user_name as user_nam3_21_, user0_.user_phone_number as user_pho4_21_, user0_.user_user_id as user_use5_21_, user0_.user_user_password as user_use6_21_ from user user0_ inner join characters character1_ on user0_.character_id=character1_.character_id where user0_.user_user_id=?
Hibernate: select user0_.user_id as user_id1_21_, user0_.character_id as characte7_21_, user0_.user_created_at as user_cre2_21_, user0_.user_name as user_nam3_21_, user0_.user_phone_number as user_pho4_21_, user0_.user_user_id as user_use5_21_, user0_.user_user_password as user_use6_21_ from user user0_ inner join characters character1_ on user0_.character_id=character1_.character_id where user0_.user_user_id=?
Hibernate: select user0_.user_id as user_id1_21_, user0_.character_id as characte7_21_, user0_.user_created_at as user_cre2_21_, user0_.user_name as user_nam3_21_, user0_.user_phone_number as user_pho4_21_, user0_.user_user_id as user_use5_21_, user0_.user_user_password as user_use6_21_ from user user0_ inner join characters character1_ on user0_.character_id=character1_.character_id where user0_.user_user_id=?
Hibernate: select user0_.user_id as user_id1_21_, user0_.character_id as characte7_21_, user0_.user_created_at as user_cre2_21_, user0_.user_name as user_nam3_21_, user0_.user_phone_number as user_pho4_21_, user0_.user_user_id as user_use5_21_, user0_.user_user_password as user_use6_21_ from user user0_ inner join characters character1_ on user0_.character_id=character1_.character_id where user0_.user_user_id=?
Hibernate: insert into team_building (team_building_team_building_id, team_building_created_at, team_building_last_modified_at, team_building_team_building_title) values (default, ?, ?, ?)
Hibernate: insert into team (team_team_id, team_last_modified_at, team_building_team_building_id, team_team_name) values (default, ?, ?, ?)
Hibernate: insert into team_user (team_user_id, team_team_id, user_id) values (default, ?, ?)
Hibernate: insert into team_user (team_user_id, team_team_id, user_id) values (default, ?, ?)
Hibernate: insert into team (team_team_id, team_last_modified_at, team_building_team_building_id, team_team_name) values (default, ?, ?, ?)
Hibernate: insert into team_user (team_user_id, team_team_id, user_id) values (default, ?, ?)
Hibernate: insert into team_user (team_user_id, team_team_id, user_id) values (default, ?, ?)
Hibernate: insert into team (team_team_id, team_last_modified_at, team_building_team_building_id, team_team_name) values (default, ?, ?, ?)
Hibernate: insert into team_user (team_user_id, team_team_id, user_id) values (default, ?, ?)
Hibernate: select user0_.user_id as user_id1_21_0_, user0_.character_id as characte7_21_0_, user0_.user_created_at as user_cre2_21_0_, user0_.user_name as user_nam3_21_0_, user0_.user_phone_number as user_pho4_21_0_, user0_.user_user_id as user_use5_21_0_, user0_.user_user_password as user_use6_21_0_ from user user0_ where user0_.user_id=?
Hibernate: select character0_.character_id as characte1_6_0_, character0_.character_character_name as characte2_6_0_ from characters character0_ where character0_.character_id=?
Hibernate: select count(*) as col_0_0_ from team_building teambuildi0_
Hibernate: select count(*) as col_0_0_ from team_building teambuildi0_
Hibernate: select teambuildi0_.team_building_team_building_id as team_bui1_19_, teambuildi0_.team_building_created_at as team_bui2_19_, teambuildi0_.team_building_last_modified_at as team_bui3_19_, teambuildi0_.team_building_team_building_title as team_bui4_19_ from team_building teambuildi0_ order by teambuildi0_.team_building_created_at desc, teambuildi0_.team_building_team_building_id desc limit ?
Hibernate: select teamlist0_.team_building_team_building_id as team_bui4_18_0_, teamlist0_.team_team_id as team_tea1_18_0_, teamlist0_.team_team_id as team_tea1_18_1_, teamlist0_.team_last_modified_at as team_las2_18_1_, teamlist0_.team_building_team_building_id as team_bui4_18_1_, teamlist0_.team_team_name as team_tea3_18_1_ from team teamlist0_ where teamlist0_.team_building_team_building_id=?
Hibernate: select teamuserli0_.team_team_id as team_tea2_20_0_, teamuserli0_.team_user_id as team_use1_20_0_, teamuserli0_.team_user_id as team_use1_20_1_, teamuserli0_.team_team_id as team_tea2_20_1_, teamuserli0_.user_id as user_id3_20_1_ from team_user teamuserli0_ where teamuserli0_.team_team_id=?
Hibernate: select user0_.user_id as user_id1_21_0_, user0_.character_id as characte7_21_0_, user0_.user_created_at as user_cre2_21_0_, user0_.user_name as user_nam3_21_0_, user0_.user_phone_number as user_pho4_21_0_, user0_.user_user_id as user_use5_21_0_, user0_.user_user_password as user_use6_21_0_ from user user0_ where user0_.user_id=?
Hibernate: select character0_.character_id as characte1_6_0_, character0_.character_character_name as characte2_6_0_ from characters character0_ where character0_.character_id=?
Hibernate: select user0_.user_id as user_id1_21_0_, user0_.character_id as characte7_21_0_, user0_.user_created_at as user_cre2_21_0_, user0_.user_name as user_nam3_21_0_, user0_.user_phone_number as user_pho4_21_0_, user0_.user_user_id as user_use5_21_0_, user0_.user_user_password as user_use6_21_0_ from user user0_ where user0_.user_id=?
Hibernate: select teamuserli0_.team_team_id as team_tea2_20_0_, teamuserli0_.team_user_id as team_use1_20_0_, teamuserli0_.team_user_id as team_use1_20_1_, teamuserli0_.team_team_id as team_tea2_20_1_, teamuserli0_.user_id as user_id3_20_1_ from team_user teamuserli0_ where teamuserli0_.team_team_id=?
Hibernate: select user0_.user_id as user_id1_21_0_, user0_.character_id as characte7_21_0_, user0_.user_created_at as user_cre2_21_0_, user0_.user_name as user_nam3_21_0_, user0_.user_phone_number as user_pho4_21_0_, user0_.user_user_id as user_use5_21_0_, user0_.user_user_password as user_use6_21_0_ from user user0_ where user0_.user_id=?
Hibernate: select user0_.user_id as user_id1_21_0_, user0_.character_id as characte7_21_0_, user0_.user_created_at as user_cre2_21_0_, user0_.user_name as user_nam3_21_0_, user0_.user_phone_number as user_pho4_21_0_, user0_.user_user_id as user_use5_21_0_, user0_.user_user_password as user_use6_21_0_ from user user0_ where user0_.user_id=?
Hibernate: select teamuserli0_.team_team_id as team_tea2_20_0_, teamuserli0_.team_user_id as team_use1_20_0_, teamuserli0_.team_user_id as team_use1_20_1_, teamuserli0_.team_team_id as team_tea2_20_1_, teamuserli0_.user_id as user_id3_20_1_ from team_user teamuserli0_ where teamuserli0_.team_team_id=?
Hibernate: select user0_.user_id as user_id1_21_0_, user0_.character_id as characte7_21_0_, user0_.user_created_at as user_cre2_21_0_, user0_.user_name as user_nam3_21_0_, user0_.user_phone_number as user_pho4_21_0_, user0_.user_user_id as user_use5_21_0_, user0_.user_user_password as user_use6_21_0_ from user user0_ where user0_.user_id=?
Hibernate: select teamlist0_.team_building_team_building_id as team_bui4_18_0_, teamlist0_.team_team_id as team_tea1_18_0_, teamlist0_.team_team_id as team_tea1_18_1_, teamlist0_.team_last_modified_at as team_las2_18_1_, teamlist0_.team_building_team_building_id as team_bui4_18_1_, teamlist0_.team_team_name as team_tea3_18_1_ from team teamlist0_ where teamlist0_.team_building_team_building_id=?
Hibernate: select teamuserli0_.team_team_id as team_tea2_20_0_, teamuserli0_.team_user_id as team_use1_20_0_, teamuserli0_.team_user_id as team_use1_20_1_, teamuserli0_.team_team_id as team_tea2_20_1_, teamuserli0_.user_id as user_id3_20_1_ from team_user teamuserli0_ where teamuserli0_.team_team_id=?
Hibernate: select user0_.user_id as user_id1_21_0_, user0_.character_id as characte7_21_0_, user0_.user_created_at as user_cre2_21_0_, user0_.user_name as user_nam3_21_0_, user0_.user_phone_number as user_pho4_21_0_, user0_.user_user_id as user_use5_21_0_, user0_.user_user_password as user_use6_21_0_ from user user0_ where user0_.user_id=?
Hibernate: select user0_.user_id as user_id1_21_0_, user0_.character_id as characte7_21_0_, user0_.user_created_at as user_cre2_21_0_, user0_.user_name as user_nam3_21_0_, user0_.user_phone_number as user_pho4_21_0_, user0_.user_user_id as user_use5_21_0_, user0_.user_user_password as user_use6_21_0_ from user user0_ where user0_.user_id=?
Hibernate: select user0_.user_id as user_id1_21_0_, user0_.character_id as characte7_21_0_, user0_.user_created_at as user_cre2_21_0_, user0_.user_name as user_nam3_21_0_, user0_.user_phone_number as user_pho4_21_0_, user0_.user_user_id as user_use5_21_0_, user0_.user_user_password as user_use6_21_0_ from user user0_ where user0_.user_id=?
Hibernate: select teamuserli0_.team_team_id as team_tea2_20_0_, teamuserli0_.team_user_id as team_use1_20_0_, teamuserli0_.team_user_id as team_use1_20_1_, teamuserli0_.team_team_id as team_tea2_20_1_, teamuserli0_.user_id as user_id3_20_1_ from team_user teamuserli0_ where teamuserli0_.team_team_id=?
Hibernate: select user0_.user_id as user_id1_21_0_, user0_.character_id as characte7_21_0_, user0_.user_created_at as user_cre2_21_0_, user0_.user_name as user_nam3_21_0_, user0_.user_phone_number as user_pho4_21_0_, user0_.user_user_id as user_use5_21_0_, user0_.user_user_password as user_use6_21_0_ from user user0_ where user0_.user_id=?
Hibernate: select user0_.user_id as user_id1_21_0_, user0_.character_id as characte7_21_0_, user0_.user_created_at as user_cre2_21_0_, user0_.user_name as user_nam3_21_0_, user0_.user_phone_number as user_pho4_21_0_, user0_.user_user_id as user_use5_21_0_, user0_.user_user_password as user_use6_21_0_ from user user0_ where user0_.user_id=?
Hibernate: select user0_.user_id as user_id1_21_0_, user0_.character_id as characte7_21_0_, user0_.user_created_at as user_cre2_21_0_, user0_.user_name as user_nam3_21_0_, user0_.user_phone_number as user_pho4_21_0_, user0_.user_user_id as user_use5_21_0_, user0_.user_user_password as user_use6_21_0_ from user user0_ where user0_.user_id=?
Hibernate: select character0_.character_id as characte1_6_0_, character0_.character_character_name as characte2_6_0_ from characters character0_ where character0_.character_id=?
Hibernate: select count(*) as col_0_0_ from team_building teambuildi0_ where teambuildi0_.team_building_team_building_id=?
Hibernate: select teambuildi0_.team_building_team_building_id as team_bui1_19_0_, teambuildi0_.team_building_created_at as team_bui2_19_0_, teambuildi0_.team_building_last_modified_at as team_bui3_19_0_, teambuildi0_.team_building_team_building_title as team_bui4_19_0_ from team_building teambuildi0_ where teambuildi0_.team_building_team_building_id=?
Hibernate: select teamlist0_.team_building_team_building_id as team_bui4_18_0_, teamlist0_.team_team_id as team_tea1_18_0_, teamlist0_.team_team_id as team_tea1_18_1_, teamlist0_.team_last_modified_at as team_las2_18_1_, teamlist0_.team_building_team_building_id as team_bui4_18_1_, teamlist0_.team_team_name as team_tea3_18_1_ from team teamlist0_ where teamlist0_.team_building_team_building_id=?
Hibernate: select teamuserli0_.team_team_id as team_tea2_20_0_, teamuserli0_.team_user_id as team_use1_20_0_, teamuserli0_.team_user_id as team_use1_20_1_, teamuserli0_.team_team_id as team_tea2_20_1_, teamuserli0_.user_id as user_id3_20_1_ from team_user teamuserli0_ where teamuserli0_.team_team_id=?
Hibernate: select user0_.user_id as user_id1_21_0_, user0_.character_id as characte7_21_0_, user0_.user_created_at as user_cre2_21_0_, user0_.user_name as user_nam3_21_0_, user0_.user_phone_number as user_pho4_21_0_, user0_.user_user_id as user_use5_21_0_, user0_.user_user_password as user_use6_21_0_ from user user0_ where user0_.user_id=?
Hibernate: select character0_.character_id as characte1_6_0_, character0_.character_character_name as characte2_6_0_ from characters character0_ where character0_.character_id=?
Hibernate: select user0_.user_id as user_id1_21_0_, user0_.character_id as characte7_21_0_, user0_.user_created_at as user_cre2_21_0_, user0_.user_name as user_nam3_21_0_, user0_.user_phone_number as user_pho4_21_0_, user0_.user_user_id as user_use5_21_0_, user0_.user_user_password as user_use6_21_0_ from user user0_ where user0_.user_id=?
Hibernate: select teamuserli0_.team_team_id as team_tea2_20_0_, teamuserli0_.team_user_id as team_use1_20_0_, teamuserli0_.team_user_id as team_use1_20_1_, teamuserli0_.team_team_id as team_tea2_20_1_, teamuserli0_.user_id as user_id3_20_1_ from team_user teamuserli0_ where teamuserli0_.team_team_id=?
Hibernate: select user0_.user_id as user_id1_21_0_, user0_.character_id as characte7_21_0_, user0_.user_created_at as user_cre2_21_0_, user0_.user_name as user_nam3_21_0_, user0_.user_phone_number as user_pho4_21_0_, user0_.user_user_id as user_use5_21_0_, user0_.user_user_password as user_use6_21_0_ from user user0_ where user0_.user_id=?
Hibernate: select user0_.user_id as user_id1_21_0_, user0_.character_id as characte7_21_0_, user0_.user_created_at as user_cre2_21_0_, user0_.user_name as user_nam3_21_0_, user0_.user_phone_number as user_pho4_21_0_, user0_.user_user_id as user_use5_21_0_, user0_.user_user_password as user_use6_21_0_ from user user0_ where user0_.user_id=?
Hibernate: select teamuserli0_.team_team_id as team_tea2_20_0_, teamuserli0_.team_user_id as team_use1_20_0_, teamuserli0_.team_user_id as team_use1_20_1_, teamuserli0_.team_team_id as team_tea2_20_1_, teamuserli0_.user_id as user_id3_20_1_ from team_user teamuserli0_ where teamuserli0_.team_team_id=?
Hibernate: select user0_.user_id as user_id1_21_0_, user0_.character_id as characte7_21_0_, user0_.user_created_at as user_cre2_21_0_, user0_.user_name as user_nam3_21_0_, user0_.user_phone_number as user_pho4_21_0_, user0_.user_user_id as user_use5_21_0_, user0_.user_user_password as user_use6_21_0_ from user user0_ where user0_.user_id=?

MockHttpServletRequest:
      HTTP Method = GET
      Request URI = /teambuilding/21
       Parameters = {}
          Headers = [Accept:"application/json", api-version:"1.0", Authorization:"Bearer eyJhbGciOiJIUzI1NiJ9.eyJzdWIiOiIxIiwiaWF0IjoxNjg3ODc3NDY5LCJleHAiOjE2ODc4ODEwNjl9.5GpcrqH17WaCEi6670WViYdxZ8Db7S7TQOeUs9MSnKg"]
             Body = null
    Session Attrs = {}

Handler:
             Type = org.waldreg.controller.teambuilding.TeamBuildingController
           Method = org.waldreg.controller.teambuilding.TeamBuildingController#readTeamBuildingByTeamBuildingId(int)

Async:
    Async started = false
     Async result = null

Resolved Exception:
             Type = null

ModelAndView:
        View name = null
             View = null
            Model = null

FlashMap:
       Attributes = null

MockHttpServletResponse:
           Status = 200
    Error message = null
          Headers = [Vary:"Origin", "Access-Control-Request-Method", "Access-Control-Request-Headers", Api-version:"1.0", Content-Type:"application/json"]
     Content type = application/json
             Body = {"teambuilding_id":21,"teambuilding_title":"3rd Algorithm Contest Team","created_at":"2023-06-27T23:51:09.276366","last_modified_at":"2023-06-27T23:51:09.276366","teams":[{"team_id":44,"team_name":"Team 1","last_modified_at":"2023-06-27T23:51:09.276151","team_members":[{"id":185,"user_id":"alcuk_id6","name":"alcuk_id6"},{"id":188,"user_id":"alcuk_id9","name":"alcuk_id9"}]},{"team_id":45,"team_name":"Team 2","last_modified_at":"2023-06-27T23:51:09.27626","team_members":[{"id":189,"user_id":"alcuk_id10","name":"alcuk_id10"},{"id":186,"user_id":"alcuk_id7","name":"alcuk_id7"}]},{"team_id":46,"team_name":"Team 3","last_modified_at":"2023-06-27T23:51:09.276328","team_members":[{"id":187,"user_id":"alcuk_id8","name":"alcuk_id8"}]}]}
    Forwarded URL = null
   Redirected URL = null
          Cookies = []
Hibernate: select user0_.user_id as col_0_0_ from user user0_ where user0_.user_user_id=? limit ?
Hibernate: select user0_.user_id as col_0_0_ from user user0_ where user0_.user_user_id=? limit ?
Hibernate: select U.* from USER U where U.USER_USER_ID =?
Hibernate: select character0_.character_id as characte1_6_0_, character0_.character_character_name as characte2_6_0_ from characters character0_ where character0_.character_id=?
Hibernate: select user0_.user_id as user_id1_21_0_, user0_.character_id as characte7_21_0_, user0_.user_created_at as user_cre2_21_0_, user0_.user_name as user_nam3_21_0_, user0_.user_phone_number as user_pho4_21_0_, user0_.user_user_id as user_use5_21_0_, user0_.user_user_password as user_use6_21_0_ from user user0_ where user0_.user_id=?
Hibernate: select character0_.character_id as characte1_6_0_, character0_.character_character_name as characte2_6_0_ from characters character0_ where character0_.character_id=?
Hibernate: select count(*) as col_0_0_ from team_building teambuildi0_
Hibernate: select count(*) as col_0_0_ from team_building teambuildi0_
Hibernate: select teambuildi0_.team_building_team_building_id as team_bui1_19_, teambuildi0_.team_building_created_at as team_bui2_19_, teambuildi0_.team_building_last_modified_at as team_bui3_19_, teambuildi0_.team_building_team_building_title as team_bui4_19_ from team_building teambuildi0_ order by teambuildi0_.team_building_created_at desc, teambuildi0_.team_building_team_building_id desc limit ?
Hibernate: select teamlist0_.team_building_team_building_id as team_bui4_18_0_, teamlist0_.team_team_id as team_tea1_18_0_, teamlist0_.team_team_id as team_tea1_18_1_, teamlist0_.team_last_modified_at as team_las2_18_1_, teamlist0_.team_building_team_building_id as team_bui4_18_1_, teamlist0_.team_team_name as team_tea3_18_1_ from team teamlist0_ where teamlist0_.team_building_team_building_id=?
Hibernate: select teamuserli0_.team_team_id as team_tea2_20_0_, teamuserli0_.team_user_id as team_use1_20_0_, teamuserli0_.team_user_id as team_use1_20_1_, teamuserli0_.team_team_id as team_tea2_20_1_, teamuserli0_.user_id as user_id3_20_1_ from team_user teamuserli0_ where teamuserli0_.team_team_id=?
Hibernate: select user0_.user_id as user_id1_21_0_, user0_.character_id as characte7_21_0_, user0_.user_created_at as user_cre2_21_0_, user0_.user_name as user_nam3_21_0_, user0_.user_phone_number as user_pho4_21_0_, user0_.user_user_id as user_use5_21_0_, user0_.user_user_password as user_use6_21_0_ from user user0_ where user0_.user_id=?
Hibernate: select character0_.character_id as characte1_6_0_, character0_.character_character_name as characte2_6_0_ from characters character0_ where character0_.character_id=?
Hibernate: select user0_.user_id as user_id1_21_0_, user0_.character_id as characte7_21_0_, user0_.user_created_at as user_cre2_21_0_, user0_.user_name as user_nam3_21_0_, user0_.user_phone_number as user_pho4_21_0_, user0_.user_user_id as user_use5_21_0_, user0_.user_user_password as user_use6_21_0_ from user user0_ where user0_.user_id=?
Hibernate: select teamuserli0_.team_team_id as team_tea2_20_0_, teamuserli0_.team_user_id as team_use1_20_0_, teamuserli0_.team_user_id as team_use1_20_1_, teamuserli0_.team_team_id as team_tea2_20_1_, teamuserli0_.user_id as user_id3_20_1_ from team_user teamuserli0_ where teamuserli0_.team_team_id=?
Hibernate: select user0_.user_id as user_id1_21_0_, user0_.character_id as characte7_21_0_, user0_.user_created_at as user_cre2_21_0_, user0_.user_name as user_nam3_21_0_, user0_.user_phone_number as user_pho4_21_0_, user0_.user_user_id as user_use5_21_0_, user0_.user_user_password as user_use6_21_0_ from user user0_ where user0_.user_id=?
Hibernate: select user0_.user_id as user_id1_21_0_, user0_.character_id as characte7_21_0_, user0_.user_created_at as user_cre2_21_0_, user0_.user_name as user_nam3_21_0_, user0_.user_phone_number as user_pho4_21_0_, user0_.user_user_id as user_use5_21_0_, user0_.user_user_password as user_use6_21_0_ from user user0_ where user0_.user_id=?
Hibernate: select teamuserli0_.team_team_id as team_tea2_20_0_, teamuserli0_.team_user_id as team_use1_20_0_, teamuserli0_.team_user_id as team_use1_20_1_, teamuserli0_.team_team_id as team_tea2_20_1_, teamuserli0_.user_id as user_id3_20_1_ from team_user teamuserli0_ where teamuserli0_.team_team_id=?
Hibernate: select user0_.user_id as user_id1_21_0_, user0_.character_id as characte7_21_0_, user0_.user_created_at as user_cre2_21_0_, user0_.user_name as user_nam3_21_0_, user0_.user_phone_number as user_pho4_21_0_, user0_.user_user_id as user_use5_21_0_, user0_.user_user_password as user_use6_21_0_ from user user0_ where user0_.user_id=?
Hibernate: select teamlist0_.team_building_team_building_id as team_bui4_18_0_, teamlist0_.team_team_id as team_tea1_18_0_, teamlist0_.team_team_id as team_tea1_18_1_, teamlist0_.team_last_modified_at as team_las2_18_1_, teamlist0_.team_building_team_building_id as team_bui4_18_1_, teamlist0_.team_team_name as team_tea3_18_1_ from team teamlist0_ where teamlist0_.team_building_team_building_id=?
Hibernate: select teamuserli0_.team_team_id as team_tea2_20_0_, teamuserli0_.team_user_id as team_use1_20_0_, teamuserli0_.team_user_id as team_use1_20_1_, teamuserli0_.team_team_id as team_tea2_20_1_, teamuserli0_.user_id as user_id3_20_1_ from team_user teamuserli0_ where teamuserli0_.team_team_id=?
Hibernate: select user0_.user_id as user_id1_21_0_, user0_.character_id as characte7_21_0_, user0_.user_created_at as user_cre2_21_0_, user0_.user_name as user_nam3_21_0_, user0_.user_phone_number as user_pho4_21_0_, user0_.user_user_id as user_use5_21_0_, user0_.user_user_password as user_use6_21_0_ from user user0_ where user0_.user_id=?
Hibernate: select user0_.user_id as user_id1_21_0_, user0_.character_id as characte7_21_0_, user0_.user_created_at as user_cre2_21_0_, user0_.user_name as user_nam3_21_0_, user0_.user_phone_number as user_pho4_21_0_, user0_.user_user_id as user_use5_21_0_, user0_.user_user_password as user_use6_21_0_ from user user0_ where user0_.user_id=?
Hibernate: select user0_.user_id as user_id1_21_0_, user0_.character_id as characte7_21_0_, user0_.user_created_at as user_cre2_21_0_, user0_.user_name as user_nam3_21_0_, user0_.user_phone_number as user_pho4_21_0_, user0_.user_user_id as user_use5_21_0_, user0_.user_user_password as user_use6_21_0_ from user user0_ where user0_.user_id=?
Hibernate: select teamuserli0_.team_team_id as team_tea2_20_0_, teamuserli0_.team_user_id as team_use1_20_0_, teamuserli0_.team_user_id as team_use1_20_1_, teamuserli0_.team_team_id as team_tea2_20_1_, teamuserli0_.user_id as user_id3_20_1_ from team_user teamuserli0_ where teamuserli0_.team_team_id=?
Hibernate: select user0_.user_id as user_id1_21_0_, user0_.character_id as characte7_21_0_, user0_.user_created_at as user_cre2_21_0_, user0_.user_name as user_nam3_21_0_, user0_.user_phone_number as user_pho4_21_0_, user0_.user_user_id as user_use5_21_0_, user0_.user_user_password as user_use6_21_0_ from user user0_ where user0_.user_id=?
Hibernate: select user0_.user_id as user_id1_21_0_, user0_.character_id as characte7_21_0_, user0_.user_created_at as user_cre2_21_0_, user0_.user_name as user_nam3_21_0_, user0_.user_phone_number as user_pho4_21_0_, user0_.user_user_id as user_use5_21_0_, user0_.user_user_password as user_use6_21_0_ from user user0_ where user0_.user_id=?
Hibernate: select user0_.user_id as user_id1_21_0_, user0_.character_id as characte7_21_0_, user0_.user_created_at as user_cre2_21_0_, user0_.user_name as user_nam3_21_0_, user0_.user_phone_number as user_pho4_21_0_, user0_.user_user_id as user_use5_21_0_, user0_.user_user_password as user_use6_21_0_ from user user0_ where user0_.user_id=?
Hibernate: select character0_.character_id as characte1_6_0_, character0_.character_character_name as characte2_6_0_ from characters character0_ where character0_.character_id=?
Hibernate: select count(*) as col_0_0_ from user user0_ where user0_.user_id=?
Hibernate: select character1_.character_id as characte1_6_, character1_.character_character_name as characte2_6_ from user user0_ inner join characters character1_ on user0_.character_id=character1_.character_id where user0_.user_id=?
Hibernate: select permission0_.character_id as characte6_12_0_, permission0_.permission_id as permissi1_12_0_, permission0_.permission_id as permissi1_12_1_, permission0_.character_id as characte6_12_1_, permission0_.permission_name as permissi2_12_1_, permission0_.permission_permission_unit_id as permissi3_12_1_, permission0_.permission_service as permissi4_12_1_, permission0_.permission_status as permissi5_12_1_ from permission permission0_ where permission0_.character_id=?
Hibernate: select count(*) as col_0_0_ from team_building teambuildi0_ where teambuildi0_.team_building_team_building_id=?
Hibernate: select teambuildi0_.team_building_team_building_id as team_bui1_19_0_, teambuildi0_.team_building_created_at as team_bui2_19_0_, teambuildi0_.team_building_last_modified_at as team_bui3_19_0_, teambuildi0_.team_building_team_building_title as team_bui4_19_0_ from team_building teambuildi0_ where teambuildi0_.team_building_team_building_id=?
Hibernate: select teamlist0_.team_building_team_building_id as team_bui4_18_0_, teamlist0_.team_team_id as team_tea1_18_0_, teamlist0_.team_team_id as team_tea1_18_1_, teamlist0_.team_last_modified_at as team_las2_18_1_, teamlist0_.team_building_team_building_id as team_bui4_18_1_, teamlist0_.team_team_name as team_tea3_18_1_ from team teamlist0_ where teamlist0_.team_building_team_building_id=?
Hibernate: select teamuserli0_.team_team_id as team_tea2_20_0_, teamuserli0_.team_user_id as team_use1_20_0_, teamuserli0_.team_user_id as team_use1_20_1_, teamuserli0_.team_team_id as team_tea2_20_1_, teamuserli0_.user_id as user_id3_20_1_ from team_user teamuserli0_ where teamuserli0_.team_team_id=?
Hibernate: select user0_.user_id as user_id1_21_0_, user0_.character_id as characte7_21_0_, user0_.user_created_at as user_cre2_21_0_, user0_.user_name as user_nam3_21_0_, user0_.user_phone_number as user_pho4_21_0_, user0_.user_user_id as user_use5_21_0_, user0_.user_user_password as user_use6_21_0_ from user user0_ where user0_.user_id=?
Hibernate: select character0_.character_id as characte1_6_0_, character0_.character_character_name as characte2_6_0_ from characters character0_ where character0_.character_id=?
Hibernate: select user0_.user_id as user_id1_21_0_, user0_.character_id as characte7_21_0_, user0_.user_created_at as user_cre2_21_0_, user0_.user_name as user_nam3_21_0_, user0_.user_phone_number as user_pho4_21_0_, user0_.user_user_id as user_use5_21_0_, user0_.user_user_password as user_use6_21_0_ from user user0_ where user0_.user_id=?
Hibernate: select teamuserli0_.team_team_id as team_tea2_20_0_, teamuserli0_.team_user_id as team_use1_20_0_, teamuserli0_.team_user_id as team_use1_20_1_, teamuserli0_.team_team_id as team_tea2_20_1_, teamuserli0_.user_id as user_id3_20_1_ from team_user teamuserli0_ where teamuserli0_.team_team_id=?
Hibernate: select user0_.user_id as user_id1_21_0_, user0_.character_id as characte7_21_0_, user0_.user_created_at as user_cre2_21_0_, user0_.user_name as user_nam3_21_0_, user0_.user_phone_number as user_pho4_21_0_, user0_.user_user_id as user_use5_21_0_, user0_.user_user_password as user_use6_21_0_ from user user0_ where user0_.user_id=?
Hibernate: select user0_.user_id as user_id1_21_0_, user0_.character_id as characte7_21_0_, user0_.user_created_at as user_cre2_21_0_, user0_.user_name as user_nam3_21_0_, user0_.user_phone_number as user_pho4_21_0_, user0_.user_user_id as user_use5_21_0_, user0_.user_user_password as user_use6_21_0_ from user user0_ where user0_.user_id=?
Hibernate: select teamuserli0_.team_team_id as team_tea2_20_0_, teamuserli0_.team_user_id as team_use1_20_0_, teamuserli0_.team_user_id as team_use1_20_1_, teamuserli0_.team_team_id as team_tea2_20_1_, teamuserli0_.user_id as user_id3_20_1_ from team_user teamuserli0_ where teamuserli0_.team_team_id=?
Hibernate: select user0_.user_id as user_id1_21_0_, user0_.character_id as characte7_21_0_, user0_.user_created_at as user_cre2_21_0_, user0_.user_name as user_nam3_21_0_, user0_.user_phone_number as user_pho4_21_0_, user0_.user_user_id as user_use5_21_0_, user0_.user_user_password as user_use6_21_0_ from user user0_ where user0_.user_id=?
Hibernate: delete from team_user where team_user_id=?
Hibernate: delete from team_user where team_user_id=?
Hibernate: delete from team where team_team_id=?
Hibernate: delete from team_user where team_user_id=?
Hibernate: delete from team_user where team_user_id=?
Hibernate: delete from team where team_team_id=?
Hibernate: delete from team_user where team_user_id=?
Hibernate: delete from team where team_team_id=?
Hibernate: delete from team_building where team_building_team_building_id=?
Hibernate: select user0_.user_id as user_id1_21_0_, user0_.character_id as characte7_21_0_, user0_.user_created_at as user_cre2_21_0_, user0_.user_name as user_nam3_21_0_, user0_.user_phone_number as user_pho4_21_0_, user0_.user_user_id as user_use5_21_0_, user0_.user_user_password as user_use6_21_0_ from user user0_ where user0_.user_id=?
Hibernate: select character0_.character_id as characte1_6_0_, character0_.character_character_name as characte2_6_0_ from characters character0_ where character0_.character_id=?
Hibernate: select count(*) as col_0_0_ from team_building teambuildi0_ where teambuildi0_.team_building_team_building_id=?
Hibernate: select user0_.user_id as user_id1_21_0_, user0_.character_id as characte7_21_0_, user0_.user_created_at as user_cre2_21_0_, user0_.user_name as user_nam3_21_0_, user0_.user_phone_number as user_pho4_21_0_, user0_.user_user_id as user_use5_21_0_, user0_.user_user_password as user_use6_21_0_ from user user0_ where user0_.user_id=?
Hibernate: select character0_.character_id as characte1_6_0_, character0_.character_character_name as characte2_6_0_ from characters character0_ where character0_.character_id=?
Hibernate: select count(*) as col_0_0_ from user user0_ where user0_.user_id=?
Hibernate: select character1_.character_id as characte1_6_, character1_.character_character_name as characte2_6_ from user user0_ inner join characters character1_ on user0_.character_id=character1_.character_id where user0_.user_id=?
Hibernate: select permission0_.character_id as characte6_12_0_, permission0_.permission_id as permissi1_12_0_, permission0_.permission_id as permissi1_12_1_, permission0_.character_id as characte6_12_1_, permission0_.permission_name as permissi2_12_1_, permission0_.permission_permission_unit_id as permissi3_12_1_, permission0_.permission_service as permissi4_12_1_, permission0_.permission_status as permissi5_12_1_ from permission permission0_ where permission0_.character_id=?
Hibernate: select count(*) as col_0_0_ from team_building teambuildi0_ where teambuildi0_.team_building_team_building_id=?
Hibernate: select teambuildi0_.team_building_team_building_id as team_bui1_19_0_, teambuildi0_.team_building_created_at as team_bui2_19_0_, teambuildi0_.team_building_last_modified_at as team_bui3_19_0_, teambuildi0_.team_building_team_building_title as team_bui4_19_0_ from team_building teambuildi0_ where teambuildi0_.team_building_team_building_id=?
Hibernate: select teamlist0_.team_building_team_building_id as team_bui4_18_0_, teamlist0_.team_team_id as team_tea1_18_0_, teamlist0_.team_team_id as team_tea1_18_1_, teamlist0_.team_last_modified_at as team_las2_18_1_, teamlist0_.team_building_team_building_id as team_bui4_18_1_, teamlist0_.team_team_name as team_tea3_18_1_ from team teamlist0_ where teamlist0_.team_building_team_building_id=?
Hibernate: select teamuserli0_.team_team_id as team_tea2_20_0_, teamuserli0_.team_user_id as team_use1_20_0_, teamuserli0_.team_user_id as team_use1_20_1_, teamuserli0_.team_team_id as team_tea2_20_1_, teamuserli0_.user_id as user_id3_20_1_ from team_user teamuserli0_ where teamuserli0_.team_team_id=?
Hibernate: select user0_.user_id as user_id1_21_0_, user0_.character_id as characte7_21_0_, user0_.user_created_at as user_cre2_21_0_, user0_.user_name as user_nam3_21_0_, user0_.user_phone_number as user_pho4_21_0_, user0_.user_user_id as user_use5_21_0_, user0_.user_user_password as user_use6_21_0_ from user user0_ where user0_.user_id=?
Hibernate: select character0_.character_id as characte1_6_0_, character0_.character_character_name as characte2_6_0_ from characters character0_ where character0_.character_id=?
Hibernate: select user0_.user_id as user_id1_21_0_, user0_.character_id as characte7_21_0_, user0_.user_created_at as user_cre2_21_0_, user0_.user_name as user_nam3_21_0_, user0_.user_phone_number as user_pho4_21_0_, user0_.user_user_id as user_use5_21_0_, user0_.user_user_password as user_use6_21_0_ from user user0_ where user0_.user_id=?
Hibernate: select user0_.user_id as user_id1_21_0_, user0_.character_id as characte7_21_0_, user0_.user_created_at as user_cre2_21_0_, user0_.user_name as user_nam3_21_0_, user0_.user_phone_number as user_pho4_21_0_, user0_.user_user_id as user_use5_21_0_, user0_.user_user_password as user_use6_21_0_ from user user0_ where user0_.user_id=?
Hibernate: select teamuserli0_.team_team_id as team_tea2_20_0_, teamuserli0_.team_user_id as team_use1_20_0_, teamuserli0_.team_user_id as team_use1_20_1_, teamuserli0_.team_team_id as team_tea2_20_1_, teamuserli0_.user_id as user_id3_20_1_ from team_user teamuserli0_ where teamuserli0_.team_team_id=?
Hibernate: select user0_.user_id as user_id1_21_0_, user0_.character_id as characte7_21_0_, user0_.user_created_at as user_cre2_21_0_, user0_.user_name as user_nam3_21_0_, user0_.user_phone_number as user_pho4_21_0_, user0_.user_user_id as user_use5_21_0_, user0_.user_user_password as user_use6_21_0_ from user user0_ where user0_.user_id=?
Hibernate: select user0_.user_id as user_id1_21_0_, user0_.character_id as characte7_21_0_, user0_.user_created_at as user_cre2_21_0_, user0_.user_name as user_nam3_21_0_, user0_.user_phone_number as user_pho4_21_0_, user0_.user_user_id as user_use5_21_0_, user0_.user_user_password as user_use6_21_0_ from user user0_ where user0_.user_id=?
Hibernate: delete from team_user where team_user_id=?
Hibernate: delete from team_user where team_user_id=?
Hibernate: delete from team_user where team_user_id=?
Hibernate: delete from team where team_team_id=?
Hibernate: delete from team_user where team_user_id=?
Hibernate: delete from team_user where team_user_id=?
Hibernate: delete from team where team_team_id=?
Hibernate: delete from team_building where team_building_team_building_id=?
Hibernate: select user0_.user_id as user_id1_21_0_, user0_.character_id as characte7_21_0_, user0_.user_created_at as user_cre2_21_0_, user0_.user_name as user_nam3_21_0_, user0_.user_phone_number as user_pho4_21_0_, user0_.user_user_id as user_use5_21_0_, user0_.user_user_password as user_use6_21_0_ from user user0_ where user0_.user_id=?
Hibernate: select character0_.character_id as characte1_6_0_, character0_.character_character_name as characte2_6_0_ from characters character0_ where character0_.character_id=?
Hibernate: select count(*) as col_0_0_ from team_building teambuildi0_ where teambuildi0_.team_building_team_building_id=?
Hibernate: select user0_.user_id as col_0_0_ from user user0_ where user0_.user_user_id=? limit ?
Hibernate: select user0_.user_id as col_0_0_ from user user0_ where user0_.user_user_id=? limit ?
Hibernate: select U.* from USER U where U.USER_USER_ID =?
Hibernate: select character0_.character_id as characte1_6_0_, character0_.character_character_name as characte2_6_0_ from characters character0_ where character0_.character_id=?
Hibernate: select user0_.user_id as col_0_0_ from user user0_ where user0_.user_user_id=? limit ?
Hibernate: select user0_.user_id as user_id1_21_, user0_.character_id as characte7_21_, user0_.user_created_at as user_cre2_21_, user0_.user_name as user_nam3_21_, user0_.user_phone_number as user_pho4_21_, user0_.user_user_id as user_use5_21_, user0_.user_user_password as user_use6_21_ from user user0_ inner join characters character1_ on user0_.character_id=character1_.character_id where user0_.user_user_id=?
Hibernate: select character0_.character_id as characte1_6_0_, character0_.character_character_name as characte2_6_0_ from characters character0_ where character0_.character_id=?
Hibernate: select rewardtagw0_.user_id as user_id4_16_0_, rewardtagw0_.reward_tag_wrapper_reward_id as reward_t1_16_0_, rewardtagw0_.reward_tag_wrapper_reward_id as reward_t1_16_1_, rewardtagw0_.reward_tag_wrapper_reward_presented_at as reward_t2_16_1_, rewardtagw0_.reward_tag_reward_tag_id as reward_t3_16_1_, rewardtagw0_.user_id as user_id4_16_1_ from reward_tag_wrapper rewardtagw0_ where rewardtagw0_.user_id=?
Hibernate: select user0_.user_id as user_id1_21_0_, user0_.character_id as characte7_21_0_, user0_.user_created_at as user_cre2_21_0_, user0_.user_name as user_nam3_21_0_, user0_.user_phone_number as user_pho4_21_0_, user0_.user_user_id as user_use5_21_0_, user0_.user_user_password as user_use6_21_0_ from user user0_ where user0_.user_id=?
Hibernate: select character0_.character_id as characte1_6_0_, character0_.character_character_name as characte2_6_0_ from characters character0_ where character0_.character_id=?
Hibernate: select count(*) as col_0_0_ from user user0_ where user0_.user_id=?
Hibernate: select character1_.character_id as characte1_6_, character1_.character_character_name as characte2_6_ from user user0_ inner join characters character1_ on user0_.character_id=character1_.character_id where user0_.user_id=?
Hibernate: select permission0_.character_id as characte6_12_0_, permission0_.permission_id as permissi1_12_0_, permission0_.permission_id as permissi1_12_1_, permission0_.character_id as characte6_12_1_, permission0_.permission_name as permissi2_12_1_, permission0_.permission_permission_unit_id as permissi3_12_1_, permission0_.permission_service as permissi4_12_1_, permission0_.permission_status as permissi5_12_1_ from permission permission0_ where permission0_.character_id=?
Hibernate: select count(*) as col_0_0_ from user user0_ where user0_.user_id=?
Hibernate: select user0_.user_id as user_id1_21_, user0_.character_id as characte7_21_, user0_.user_created_at as user_cre2_21_, user0_.user_name as user_nam3_21_, user0_.user_phone_number as user_pho4_21_, user0_.user_user_id as user_use5_21_, user0_.user_user_password as user_use6_21_ from user user0_ where user0_.user_id=?
Hibernate: select character0_.character_id as characte1_6_0_, character0_.character_character_name as characte2_6_0_ from characters character0_ where character0_.character_id=?
Hibernate: select rewardtagw0_.user_id as user_id4_16_0_, rewardtagw0_.reward_tag_wrapper_reward_id as reward_t1_16_0_, rewardtagw0_.reward_tag_wrapper_reward_id as reward_t1_16_1_, rewardtagw0_.reward_tag_wrapper_reward_presented_at as reward_t2_16_1_, rewardtagw0_.reward_tag_reward_tag_id as reward_t3_16_1_, rewardtagw0_.user_id as user_id4_16_1_ from reward_tag_wrapper rewardtagw0_ where rewardtagw0_.user_id=?
Hibernate: select attendance0_.attendance_user_attendance_user_id as col_0_0_ from attendance_user attendance0_ where attendance0_.user_id=? limit ?
Hibernate: DELETE FROM USER WHERE USER_ID = ?
Hibernate: select user0_.user_id as col_0_0_ from user user0_ where user0_.user_user_id=? limit ?
Hibernate: select user0_.user_id as col_0_0_ from user user0_ where user0_.user_user_id=? limit ?
Hibernate: select user0_.user_id as user_id1_21_, user0_.character_id as characte7_21_, user0_.user_created_at as user_cre2_21_, user0_.user_name as user_nam3_21_, user0_.user_phone_number as user_pho4_21_, user0_.user_user_id as user_use5_21_, user0_.user_user_password as user_use6_21_ from user user0_ inner join characters character1_ on user0_.character_id=character1_.character_id where user0_.user_user_id=?
Hibernate: select character0_.character_id as characte1_6_0_, character0_.character_character_name as characte2_6_0_ from characters character0_ where character0_.character_id=?
Hibernate: select rewardtagw0_.user_id as user_id4_16_0_, rewardtagw0_.reward_tag_wrapper_reward_id as reward_t1_16_0_, rewardtagw0_.reward_tag_wrapper_reward_id as reward_t1_16_1_, rewardtagw0_.reward_tag_wrapper_reward_presented_at as reward_t2_16_1_, rewardtagw0_.reward_tag_reward_tag_id as reward_t3_16_1_, rewardtagw0_.user_id as user_id4_16_1_ from reward_tag_wrapper rewardtagw0_ where rewardtagw0_.user_id=?
Hibernate: select user0_.user_id as user_id1_21_0_, user0_.character_id as characte7_21_0_, user0_.user_created_at as user_cre2_21_0_, user0_.user_name as user_nam3_21_0_, user0_.user_phone_number as user_pho4_21_0_, user0_.user_user_id as user_use5_21_0_, user0_.user_user_password as user_use6_21_0_ from user user0_ where user0_.user_id=?
Hibernate: select character0_.character_id as characte1_6_0_, character0_.character_character_name as characte2_6_0_ from characters character0_ where character0_.character_id=?
Hibernate: select count(*) as col_0_0_ from user user0_ where user0_.user_id=?
Hibernate: select character1_.character_id as characte1_6_, character1_.character_character_name as characte2_6_ from user user0_ inner join characters character1_ on user0_.character_id=character1_.character_id where user0_.user_id=?
Hibernate: select permission0_.character_id as characte6_12_0_, permission0_.permission_id as permissi1_12_0_, permission0_.permission_id as permissi1_12_1_, permission0_.character_id as characte6_12_1_, permission0_.permission_name as permissi2_12_1_, permission0_.permission_permission_unit_id as permissi3_12_1_, permission0_.permission_service as permissi4_12_1_, permission0_.permission_status as permissi5_12_1_ from permission permission0_ where permission0_.character_id=?
Hibernate: select count(*) as col_0_0_ from user user0_ where user0_.user_id=?
Hibernate: select user0_.user_id as user_id1_21_, user0_.character_id as characte7_21_, user0_.user_created_at as user_cre2_21_, user0_.user_name as user_nam3_21_, user0_.user_phone_number as user_pho4_21_, user0_.user_user_id as user_use5_21_, user0_.user_user_password as user_use6_21_ from user user0_ where user0_.user_id=?
Hibernate: select character0_.character_id as characte1_6_0_, character0_.character_character_name as characte2_6_0_ from characters character0_ where character0_.character_id=?
Hibernate: select rewardtagw0_.user_id as user_id4_16_0_, rewardtagw0_.reward_tag_wrapper_reward_id as reward_t1_16_0_, rewardtagw0_.reward_tag_wrapper_reward_id as reward_t1_16_1_, rewardtagw0_.reward_tag_wrapper_reward_presented_at as reward_t2_16_1_, rewardtagw0_.reward_tag_reward_tag_id as reward_t3_16_1_, rewardtagw0_.user_id as user_id4_16_1_ from reward_tag_wrapper rewardtagw0_ where rewardtagw0_.user_id=?
Hibernate: select attendance0_.attendance_user_attendance_user_id as col_0_0_ from attendance_user attendance0_ where attendance0_.user_id=? limit ?
Hibernate: DELETE FROM USER WHERE USER_ID = ?
Hibernate: select user0_.user_id as col_0_0_ from user user0_ where user0_.user_user_id=? limit ?
Hibernate: select user0_.user_id as col_0_0_ from user user0_ where user0_.user_user_id=? limit ?
Hibernate: select user0_.user_id as user_id1_21_, user0_.character_id as characte7_21_, user0_.user_created_at as user_cre2_21_, user0_.user_name as user_nam3_21_, user0_.user_phone_number as user_pho4_21_, user0_.user_user_id as user_use5_21_, user0_.user_user_password as user_use6_21_ from user user0_ inner join characters character1_ on user0_.character_id=character1_.character_id where user0_.user_user_id=?
Hibernate: select character0_.character_id as characte1_6_0_, character0_.character_character_name as characte2_6_0_ from characters character0_ where character0_.character_id=?
Hibernate: select rewardtagw0_.user_id as user_id4_16_0_, rewardtagw0_.reward_tag_wrapper_reward_id as reward_t1_16_0_, rewardtagw0_.reward_tag_wrapper_reward_id as reward_t1_16_1_, rewardtagw0_.reward_tag_wrapper_reward_presented_at as reward_t2_16_1_, rewardtagw0_.reward_tag_reward_tag_id as reward_t3_16_1_, rewardtagw0_.user_id as user_id4_16_1_ from reward_tag_wrapper rewardtagw0_ where rewardtagw0_.user_id=?
Hibernate: select user0_.user_id as user_id1_21_0_, user0_.character_id as characte7_21_0_, user0_.user_created_at as user_cre2_21_0_, user0_.user_name as user_nam3_21_0_, user0_.user_phone_number as user_pho4_21_0_, user0_.user_user_id as user_use5_21_0_, user0_.user_user_password as user_use6_21_0_ from user user0_ where user0_.user_id=?
Hibernate: select character0_.character_id as characte1_6_0_, character0_.character_character_name as characte2_6_0_ from characters character0_ where character0_.character_id=?
Hibernate: select count(*) as col_0_0_ from user user0_ where user0_.user_id=?
Hibernate: select character1_.character_id as characte1_6_, character1_.character_character_name as characte2_6_ from user user0_ inner join characters character1_ on user0_.character_id=character1_.character_id where user0_.user_id=?
Hibernate: select permission0_.character_id as characte6_12_0_, permission0_.permission_id as permissi1_12_0_, permission0_.permission_id as permissi1_12_1_, permission0_.character_id as characte6_12_1_, permission0_.permission_name as permissi2_12_1_, permission0_.permission_permission_unit_id as permissi3_12_1_, permission0_.permission_service as permissi4_12_1_, permission0_.permission_status as permissi5_12_1_ from permission permission0_ where permission0_.character_id=?
Hibernate: select count(*) as col_0_0_ from user user0_ where user0_.user_id=?
Hibernate: select user0_.user_id as user_id1_21_, user0_.character_id as characte7_21_, user0_.user_created_at as user_cre2_21_, user0_.user_name as user_nam3_21_, user0_.user_phone_number as user_pho4_21_, user0_.user_user_id as user_use5_21_, user0_.user_user_password as user_use6_21_ from user user0_ where user0_.user_id=?
Hibernate: select character0_.character_id as characte1_6_0_, character0_.character_character_name as characte2_6_0_ from characters character0_ where character0_.character_id=?
Hibernate: select rewardtagw0_.user_id as user_id4_16_0_, rewardtagw0_.reward_tag_wrapper_reward_id as reward_t1_16_0_, rewardtagw0_.reward_tag_wrapper_reward_id as reward_t1_16_1_, rewardtagw0_.reward_tag_wrapper_reward_presented_at as reward_t2_16_1_, rewardtagw0_.reward_tag_reward_tag_id as reward_t3_16_1_, rewardtagw0_.user_id as user_id4_16_1_ from reward_tag_wrapper rewardtagw0_ where rewardtagw0_.user_id=?
Hibernate: select attendance0_.attendance_user_attendance_user_id as col_0_0_ from attendance_user attendance0_ where attendance0_.user_id=? limit ?
Hibernate: DELETE FROM USER WHERE USER_ID = ?
Hibernate: select user0_.user_id as col_0_0_ from user user0_ where user0_.user_user_id=? limit ?
Hibernate: select user0_.user_id as col_0_0_ from user user0_ where user0_.user_user_id=? limit ?
Hibernate: select user0_.user_id as user_id1_21_, user0_.character_id as characte7_21_, user0_.user_created_at as user_cre2_21_, user0_.user_name as user_nam3_21_, user0_.user_phone_number as user_pho4_21_, user0_.user_user_id as user_use5_21_, user0_.user_user_password as user_use6_21_ from user user0_ inner join characters character1_ on user0_.character_id=character1_.character_id where user0_.user_user_id=?
Hibernate: select character0_.character_id as characte1_6_0_, character0_.character_character_name as characte2_6_0_ from characters character0_ where character0_.character_id=?
Hibernate: select rewardtagw0_.user_id as user_id4_16_0_, rewardtagw0_.reward_tag_wrapper_reward_id as reward_t1_16_0_, rewardtagw0_.reward_tag_wrapper_reward_id as reward_t1_16_1_, rewardtagw0_.reward_tag_wrapper_reward_presented_at as reward_t2_16_1_, rewardtagw0_.reward_tag_reward_tag_id as reward_t3_16_1_, rewardtagw0_.user_id as user_id4_16_1_ from reward_tag_wrapper rewardtagw0_ where rewardtagw0_.user_id=?
Hibernate: select user0_.user_id as user_id1_21_0_, user0_.character_id as characte7_21_0_, user0_.user_created_at as user_cre2_21_0_, user0_.user_name as user_nam3_21_0_, user0_.user_phone_number as user_pho4_21_0_, user0_.user_user_id as user_use5_21_0_, user0_.user_user_password as user_use6_21_0_ from user user0_ where user0_.user_id=?
Hibernate: select character0_.character_id as characte1_6_0_, character0_.character_character_name as characte2_6_0_ from characters character0_ where character0_.character_id=?
Hibernate: select count(*) as col_0_0_ from user user0_ where user0_.user_id=?
Hibernate: select character1_.character_id as characte1_6_, character1_.character_character_name as characte2_6_ from user user0_ inner join characters character1_ on user0_.character_id=character1_.character_id where user0_.user_id=?
Hibernate: select permission0_.character_id as characte6_12_0_, permission0_.permission_id as permissi1_12_0_, permission0_.permission_id as permissi1_12_1_, permission0_.character_id as characte6_12_1_, permission0_.permission_name as permissi2_12_1_, permission0_.permission_permission_unit_id as permissi3_12_1_, permission0_.permission_service as permissi4_12_1_, permission0_.permission_status as permissi5_12_1_ from permission permission0_ where permission0_.character_id=?
Hibernate: select count(*) as col_0_0_ from user user0_ where user0_.user_id=?
Hibernate: select user0_.user_id as user_id1_21_, user0_.character_id as characte7_21_, user0_.user_created_at as user_cre2_21_, user0_.user_name as user_nam3_21_, user0_.user_phone_number as user_pho4_21_, user0_.user_user_id as user_use5_21_, user0_.user_user_password as user_use6_21_ from user user0_ where user0_.user_id=?
Hibernate: select character0_.character_id as characte1_6_0_, character0_.character_character_name as characte2_6_0_ from characters character0_ where character0_.character_id=?
Hibernate: select rewardtagw0_.user_id as user_id4_16_0_, rewardtagw0_.reward_tag_wrapper_reward_id as reward_t1_16_0_, rewardtagw0_.reward_tag_wrapper_reward_id as reward_t1_16_1_, rewardtagw0_.reward_tag_wrapper_reward_presented_at as reward_t2_16_1_, rewardtagw0_.reward_tag_reward_tag_id as reward_t3_16_1_, rewardtagw0_.user_id as user_id4_16_1_ from reward_tag_wrapper rewardtagw0_ where rewardtagw0_.user_id=?
Hibernate: select attendance0_.attendance_user_attendance_user_id as col_0_0_ from attendance_user attendance0_ where attendance0_.user_id=? limit ?
Hibernate: DELETE FROM USER WHERE USER_ID = ?
Hibernate: select user0_.user_id as col_0_0_ from user user0_ where user0_.user_user_id=? limit ?
Hibernate: select user0_.user_id as col_0_0_ from user user0_ where user0_.user_user_id=? limit ?
Hibernate: select user0_.user_id as user_id1_21_, user0_.character_id as characte7_21_, user0_.user_created_at as user_cre2_21_, user0_.user_name as user_nam3_21_, user0_.user_phone_number as user_pho4_21_, user0_.user_user_id as user_use5_21_, user0_.user_user_password as user_use6_21_ from user user0_ inner join characters character1_ on user0_.character_id=character1_.character_id where user0_.user_user_id=?
Hibernate: select character0_.character_id as characte1_6_0_, character0_.character_character_name as characte2_6_0_ from characters character0_ where character0_.character_id=?
Hibernate: select rewardtagw0_.user_id as user_id4_16_0_, rewardtagw0_.reward_tag_wrapper_reward_id as reward_t1_16_0_, rewardtagw0_.reward_tag_wrapper_reward_id as reward_t1_16_1_, rewardtagw0_.reward_tag_wrapper_reward_presented_at as reward_t2_16_1_, rewardtagw0_.reward_tag_reward_tag_id as reward_t3_16_1_, rewardtagw0_.user_id as user_id4_16_1_ from reward_tag_wrapper rewardtagw0_ where rewardtagw0_.user_id=?
Hibernate: select user0_.user_id as user_id1_21_0_, user0_.character_id as characte7_21_0_, user0_.user_created_at as user_cre2_21_0_, user0_.user_name as user_nam3_21_0_, user0_.user_phone_number as user_pho4_21_0_, user0_.user_user_id as user_use5_21_0_, user0_.user_user_password as user_use6_21_0_ from user user0_ where user0_.user_id=?
Hibernate: select character0_.character_id as characte1_6_0_, character0_.character_character_name as characte2_6_0_ from characters character0_ where character0_.character_id=?
Hibernate: select count(*) as col_0_0_ from user user0_ where user0_.user_id=?
Hibernate: select character1_.character_id as characte1_6_, character1_.character_character_name as characte2_6_ from user user0_ inner join characters character1_ on user0_.character_id=character1_.character_id where user0_.user_id=?
Hibernate: select permission0_.character_id as characte6_12_0_, permission0_.permission_id as permissi1_12_0_, permission0_.permission_id as permissi1_12_1_, permission0_.character_id as characte6_12_1_, permission0_.permission_name as permissi2_12_1_, permission0_.permission_permission_unit_id as permissi3_12_1_, permission0_.permission_service as permissi4_12_1_, permission0_.permission_status as permissi5_12_1_ from permission permission0_ where permission0_.character_id=?
Hibernate: select count(*) as col_0_0_ from user user0_ where user0_.user_id=?
Hibernate: select user0_.user_id as user_id1_21_, user0_.character_id as characte7_21_, user0_.user_created_at as user_cre2_21_, user0_.user_name as user_nam3_21_, user0_.user_phone_number as user_pho4_21_, user0_.user_user_id as user_use5_21_, user0_.user_user_password as user_use6_21_ from user user0_ where user0_.user_id=?
Hibernate: select character0_.character_id as characte1_6_0_, character0_.character_character_name as characte2_6_0_ from characters character0_ where character0_.character_id=?
Hibernate: select rewardtagw0_.user_id as user_id4_16_0_, rewardtagw0_.reward_tag_wrapper_reward_id as reward_t1_16_0_, rewardtagw0_.reward_tag_wrapper_reward_id as reward_t1_16_1_, rewardtagw0_.reward_tag_wrapper_reward_presented_at as reward_t2_16_1_, rewardtagw0_.reward_tag_reward_tag_id as reward_t3_16_1_, rewardtagw0_.user_id as user_id4_16_1_ from reward_tag_wrapper rewardtagw0_ where rewardtagw0_.user_id=?
Hibernate: select attendance0_.attendance_user_attendance_user_id as col_0_0_ from attendance_user attendance0_ where attendance0_.user_id=? limit ?
Hibernate: DELETE FROM USER WHERE USER_ID = ?
Hibernate: select user0_.user_id as col_0_0_ from user user0_ where user0_.user_user_id=? limit ?
Hibernate: select user0_.user_id as col_0_0_ from user user0_ where user0_.user_user_id=? limit ?
Hibernate: select user0_.user_id as user_id1_21_, user0_.character_id as characte7_21_, user0_.user_created_at as user_cre2_21_, user0_.user_name as user_nam3_21_, user0_.user_phone_number as user_pho4_21_, user0_.user_user_id as user_use5_21_, user0_.user_user_password as user_use6_21_ from user user0_ inner join characters character1_ on user0_.character_id=character1_.character_id where user0_.user_user_id=?
Hibernate: select character0_.character_id as characte1_6_0_, character0_.character_character_name as characte2_6_0_ from characters character0_ where character0_.character_id=?
Hibernate: select rewardtagw0_.user_id as user_id4_16_0_, rewardtagw0_.reward_tag_wrapper_reward_id as reward_t1_16_0_, rewardtagw0_.reward_tag_wrapper_reward_id as reward_t1_16_1_, rewardtagw0_.reward_tag_wrapper_reward_presented_at as reward_t2_16_1_, rewardtagw0_.reward_tag_reward_tag_id as reward_t3_16_1_, rewardtagw0_.user_id as user_id4_16_1_ from reward_tag_wrapper rewardtagw0_ where rewardtagw0_.user_id=?
Hibernate: select user0_.user_id as user_id1_21_0_, user0_.character_id as characte7_21_0_, user0_.user_created_at as user_cre2_21_0_, user0_.user_name as user_nam3_21_0_, user0_.user_phone_number as user_pho4_21_0_, user0_.user_user_id as user_use5_21_0_, user0_.user_user_password as user_use6_21_0_ from user user0_ where user0_.user_id=?
Hibernate: select character0_.character_id as characte1_6_0_, character0_.character_character_name as characte2_6_0_ from characters character0_ where character0_.character_id=?
Hibernate: select count(*) as col_0_0_ from user user0_ where user0_.user_id=?
Hibernate: select character1_.character_id as characte1_6_, character1_.character_character_name as characte2_6_ from user user0_ inner join characters character1_ on user0_.character_id=character1_.character_id where user0_.user_id=?
Hibernate: select permission0_.character_id as characte6_12_0_, permission0_.permission_id as permissi1_12_0_, permission0_.permission_id as permissi1_12_1_, permission0_.character_id as characte6_12_1_, permission0_.permission_name as permissi2_12_1_, permission0_.permission_permission_unit_id as permissi3_12_1_, permission0_.permission_service as permissi4_12_1_, permission0_.permission_status as permissi5_12_1_ from permission permission0_ where permission0_.character_id=?
Hibernate: select count(*) as col_0_0_ from user user0_ where user0_.user_id=?
Hibernate: select user0_.user_id as user_id1_21_, user0_.character_id as characte7_21_, user0_.user_created_at as user_cre2_21_, user0_.user_name as user_nam3_21_, user0_.user_phone_number as user_pho4_21_, user0_.user_user_id as user_use5_21_, user0_.user_user_password as user_use6_21_ from user user0_ where user0_.user_id=?
Hibernate: select character0_.character_id as characte1_6_0_, character0_.character_character_name as characte2_6_0_ from characters character0_ where character0_.character_id=?
Hibernate: select rewardtagw0_.user_id as user_id4_16_0_, rewardtagw0_.reward_tag_wrapper_reward_id as reward_t1_16_0_, rewardtagw0_.reward_tag_wrapper_reward_id as reward_t1_16_1_, rewardtagw0_.reward_tag_wrapper_reward_presented_at as reward_t2_16_1_, rewardtagw0_.reward_tag_reward_tag_id as reward_t3_16_1_, rewardtagw0_.user_id as user_id4_16_1_ from reward_tag_wrapper rewardtagw0_ where rewardtagw0_.user_id=?
Hibernate: select attendance0_.attendance_user_attendance_user_id as col_0_0_ from attendance_user attendance0_ where attendance0_.user_id=? limit ?
Hibernate: DELETE FROM USER WHERE USER_ID = ?
Hibernate: select user0_.user_id as col_0_0_ from user user0_ where user0_.user_user_id=? limit ?
Hibernate: select user0_.user_id as col_0_0_ from user user0_ where user0_.user_user_id=? limit ?
Hibernate: select user0_.user_id as user_id1_21_, user0_.character_id as characte7_21_, user0_.user_created_at as user_cre2_21_, user0_.user_name as user_nam3_21_, user0_.user_phone_number as user_pho4_21_, user0_.user_user_id as user_use5_21_, user0_.user_user_password as user_use6_21_ from user user0_ inner join characters character1_ on user0_.character_id=character1_.character_id where user0_.user_user_id=?
Hibernate: select character0_.character_id as characte1_6_0_, character0_.character_character_name as characte2_6_0_ from characters character0_ where character0_.character_id=?
Hibernate: select rewardtagw0_.user_id as user_id4_16_0_, rewardtagw0_.reward_tag_wrapper_reward_id as reward_t1_16_0_, rewardtagw0_.reward_tag_wrapper_reward_id as reward_t1_16_1_, rewardtagw0_.reward_tag_wrapper_reward_presented_at as reward_t2_16_1_, rewardtagw0_.reward_tag_reward_tag_id as reward_t3_16_1_, rewardtagw0_.user_id as user_id4_16_1_ from reward_tag_wrapper rewardtagw0_ where rewardtagw0_.user_id=?
Hibernate: select user0_.user_id as user_id1_21_0_, user0_.character_id as characte7_21_0_, user0_.user_created_at as user_cre2_21_0_, user0_.user_name as user_nam3_21_0_, user0_.user_phone_number as user_pho4_21_0_, user0_.user_user_id as user_use5_21_0_, user0_.user_user_password as user_use6_21_0_ from user user0_ where user0_.user_id=?
Hibernate: select character0_.character_id as characte1_6_0_, character0_.character_character_name as characte2_6_0_ from characters character0_ where character0_.character_id=?
Hibernate: select count(*) as col_0_0_ from user user0_ where user0_.user_id=?
Hibernate: select character1_.character_id as characte1_6_, character1_.character_character_name as characte2_6_ from user user0_ inner join characters character1_ on user0_.character_id=character1_.character_id where user0_.user_id=?
Hibernate: select permission0_.character_id as characte6_12_0_, permission0_.permission_id as permissi1_12_0_, permission0_.permission_id as permissi1_12_1_, permission0_.character_id as characte6_12_1_, permission0_.permission_name as permissi2_12_1_, permission0_.permission_permission_unit_id as permissi3_12_1_, permission0_.permission_service as permissi4_12_1_, permission0_.permission_status as permissi5_12_1_ from permission permission0_ where permission0_.character_id=?
Hibernate: select count(*) as col_0_0_ from user user0_ where user0_.user_id=?
Hibernate: select user0_.user_id as user_id1_21_, user0_.character_id as characte7_21_, user0_.user_created_at as user_cre2_21_, user0_.user_name as user_nam3_21_, user0_.user_phone_number as user_pho4_21_, user0_.user_user_id as user_use5_21_, user0_.user_user_password as user_use6_21_ from user user0_ where user0_.user_id=?
Hibernate: select character0_.character_id as characte1_6_0_, character0_.character_character_name as characte2_6_0_ from characters character0_ where character0_.character_id=?
Hibernate: select rewardtagw0_.user_id as user_id4_16_0_, rewardtagw0_.reward_tag_wrapper_reward_id as reward_t1_16_0_, rewardtagw0_.reward_tag_wrapper_reward_id as reward_t1_16_1_, rewardtagw0_.reward_tag_wrapper_reward_presented_at as reward_t2_16_1_, rewardtagw0_.reward_tag_reward_tag_id as reward_t3_16_1_, rewardtagw0_.user_id as user_id4_16_1_ from reward_tag_wrapper rewardtagw0_ where rewardtagw0_.user_id=?
Hibernate: select attendance0_.attendance_user_attendance_user_id as col_0_0_ from attendance_user attendance0_ where attendance0_.user_id=? limit ?
Hibernate: DELETE FROM USER WHERE USER_ID = ?
Hibernate: select user0_.user_id as col_0_0_ from user user0_ where user0_.user_user_id=? limit ?
Hibernate: select user0_.user_id as col_0_0_ from user user0_ where user0_.user_user_id=? limit ?
Hibernate: select user0_.user_id as user_id1_21_, user0_.character_id as characte7_21_, user0_.user_created_at as user_cre2_21_, user0_.user_name as user_nam3_21_, user0_.user_phone_number as user_pho4_21_, user0_.user_user_id as user_use5_21_, user0_.user_user_password as user_use6_21_ from user user0_ inner join characters character1_ on user0_.character_id=character1_.character_id where user0_.user_user_id=?
Hibernate: select character0_.character_id as characte1_6_0_, character0_.character_character_name as characte2_6_0_ from characters character0_ where character0_.character_id=?
Hibernate: select rewardtagw0_.user_id as user_id4_16_0_, rewardtagw0_.reward_tag_wrapper_reward_id as reward_t1_16_0_, rewardtagw0_.reward_tag_wrapper_reward_id as reward_t1_16_1_, rewardtagw0_.reward_tag_wrapper_reward_presented_at as reward_t2_16_1_, rewardtagw0_.reward_tag_reward_tag_id as reward_t3_16_1_, rewardtagw0_.user_id as user_id4_16_1_ from reward_tag_wrapper rewardtagw0_ where rewardtagw0_.user_id=?
Hibernate: select user0_.user_id as user_id1_21_0_, user0_.character_id as characte7_21_0_, user0_.user_created_at as user_cre2_21_0_, user0_.user_name as user_nam3_21_0_, user0_.user_phone_number as user_pho4_21_0_, user0_.user_user_id as user_use5_21_0_, user0_.user_user_password as user_use6_21_0_ from user user0_ where user0_.user_id=?
Hibernate: select character0_.character_id as characte1_6_0_, character0_.character_character_name as characte2_6_0_ from characters character0_ where character0_.character_id=?
Hibernate: select count(*) as col_0_0_ from user user0_ where user0_.user_id=?
Hibernate: select character1_.character_id as characte1_6_, character1_.character_character_name as characte2_6_ from user user0_ inner join characters character1_ on user0_.character_id=character1_.character_id where user0_.user_id=?
Hibernate: select permission0_.character_id as characte6_12_0_, permission0_.permission_id as permissi1_12_0_, permission0_.permission_id as permissi1_12_1_, permission0_.character_id as characte6_12_1_, permission0_.permission_name as permissi2_12_1_, permission0_.permission_permission_unit_id as permissi3_12_1_, permission0_.permission_service as permissi4_12_1_, permission0_.permission_status as permissi5_12_1_ from permission permission0_ where permission0_.character_id=?
Hibernate: select count(*) as col_0_0_ from user user0_ where user0_.user_id=?
Hibernate: select user0_.user_id as user_id1_21_, user0_.character_id as characte7_21_, user0_.user_created_at as user_cre2_21_, user0_.user_name as user_nam3_21_, user0_.user_phone_number as user_pho4_21_, user0_.user_user_id as user_use5_21_, user0_.user_user_password as user_use6_21_ from user user0_ where user0_.user_id=?
Hibernate: select character0_.character_id as characte1_6_0_, character0_.character_character_name as characte2_6_0_ from characters character0_ where character0_.character_id=?
Hibernate: select rewardtagw0_.user_id as user_id4_16_0_, rewardtagw0_.reward_tag_wrapper_reward_id as reward_t1_16_0_, rewardtagw0_.reward_tag_wrapper_reward_id as reward_t1_16_1_, rewardtagw0_.reward_tag_wrapper_reward_presented_at as reward_t2_16_1_, rewardtagw0_.reward_tag_reward_tag_id as reward_t3_16_1_, rewardtagw0_.user_id as user_id4_16_1_ from reward_tag_wrapper rewardtagw0_ where rewardtagw0_.user_id=?
Hibernate: select attendance0_.attendance_user_attendance_user_id as col_0_0_ from attendance_user attendance0_ where attendance0_.user_id=? limit ?
Hibernate: DELETE FROM USER WHERE USER_ID = ?
Hibernate: select user0_.user_id as col_0_0_ from user user0_ where user0_.user_user_id=? limit ?
Hibernate: select user0_.user_id as col_0_0_ from user user0_ where user0_.user_user_id=? limit ?
Hibernate: select user0_.user_id as user_id1_21_, user0_.character_id as characte7_21_, user0_.user_created_at as user_cre2_21_, user0_.user_name as user_nam3_21_, user0_.user_phone_number as user_pho4_21_, user0_.user_user_id as user_use5_21_, user0_.user_user_password as user_use6_21_ from user user0_ inner join characters character1_ on user0_.character_id=character1_.character_id where user0_.user_user_id=?
Hibernate: select character0_.character_id as characte1_6_0_, character0_.character_character_name as characte2_6_0_ from characters character0_ where character0_.character_id=?
Hibernate: select rewardtagw0_.user_id as user_id4_16_0_, rewardtagw0_.reward_tag_wrapper_reward_id as reward_t1_16_0_, rewardtagw0_.reward_tag_wrapper_reward_id as reward_t1_16_1_, rewardtagw0_.reward_tag_wrapper_reward_presented_at as reward_t2_16_1_, rewardtagw0_.reward_tag_reward_tag_id as reward_t3_16_1_, rewardtagw0_.user_id as user_id4_16_1_ from reward_tag_wrapper rewardtagw0_ where rewardtagw0_.user_id=?
Hibernate: select user0_.user_id as user_id1_21_0_, user0_.character_id as characte7_21_0_, user0_.user_created_at as user_cre2_21_0_, user0_.user_name as user_nam3_21_0_, user0_.user_phone_number as user_pho4_21_0_, user0_.user_user_id as user_use5_21_0_, user0_.user_user_password as user_use6_21_0_ from user user0_ where user0_.user_id=?
Hibernate: select character0_.character_id as characte1_6_0_, character0_.character_character_name as characte2_6_0_ from characters character0_ where character0_.character_id=?
Hibernate: select count(*) as col_0_0_ from user user0_ where user0_.user_id=?
Hibernate: select character1_.character_id as characte1_6_, character1_.character_character_name as characte2_6_ from user user0_ inner join characters character1_ on user0_.character_id=character1_.character_id where user0_.user_id=?
Hibernate: select permission0_.character_id as characte6_12_0_, permission0_.permission_id as permissi1_12_0_, permission0_.permission_id as permissi1_12_1_, permission0_.character_id as characte6_12_1_, permission0_.permission_name as permissi2_12_1_, permission0_.permission_permission_unit_id as permissi3_12_1_, permission0_.permission_service as permissi4_12_1_, permission0_.permission_status as permissi5_12_1_ from permission permission0_ where permission0_.character_id=?
Hibernate: select count(*) as col_0_0_ from user user0_ where user0_.user_id=?
Hibernate: select user0_.user_id as user_id1_21_, user0_.character_id as characte7_21_, user0_.user_created_at as user_cre2_21_, user0_.user_name as user_nam3_21_, user0_.user_phone_number as user_pho4_21_, user0_.user_user_id as user_use5_21_, user0_.user_user_password as user_use6_21_ from user user0_ where user0_.user_id=?
Hibernate: select character0_.character_id as characte1_6_0_, character0_.character_character_name as characte2_6_0_ from characters character0_ where character0_.character_id=?
Hibernate: select rewardtagw0_.user_id as user_id4_16_0_, rewardtagw0_.reward_tag_wrapper_reward_id as reward_t1_16_0_, rewardtagw0_.reward_tag_wrapper_reward_id as reward_t1_16_1_, rewardtagw0_.reward_tag_wrapper_reward_presented_at as reward_t2_16_1_, rewardtagw0_.reward_tag_reward_tag_id as reward_t3_16_1_, rewardtagw0_.user_id as user_id4_16_1_ from reward_tag_wrapper rewardtagw0_ where rewardtagw0_.user_id=?
Hibernate: select attendance0_.attendance_user_attendance_user_id as col_0_0_ from attendance_user attendance0_ where attendance0_.user_id=? limit ?
Hibernate: DELETE FROM USER WHERE USER_ID = ?
Hibernate: select user0_.user_id as col_0_0_ from user user0_ where user0_.user_user_id=? limit ?
Hibernate: select user0_.user_id as col_0_0_ from user user0_ where user0_.user_user_id=? limit ?
Hibernate: select user0_.user_id as user_id1_21_, user0_.character_id as characte7_21_, user0_.user_created_at as user_cre2_21_, user0_.user_name as user_nam3_21_, user0_.user_phone_number as user_pho4_21_, user0_.user_user_id as user_use5_21_, user0_.user_user_password as user_use6_21_ from user user0_ inner join characters character1_ on user0_.character_id=character1_.character_id where user0_.user_user_id=?
Hibernate: select character0_.character_id as characte1_6_0_, character0_.character_character_name as characte2_6_0_ from characters character0_ where character0_.character_id=?
Hibernate: select rewardtagw0_.user_id as user_id4_16_0_, rewardtagw0_.reward_tag_wrapper_reward_id as reward_t1_16_0_, rewardtagw0_.reward_tag_wrapper_reward_id as reward_t1_16_1_, rewardtagw0_.reward_tag_wrapper_reward_presented_at as reward_t2_16_1_, rewardtagw0_.reward_tag_reward_tag_id as reward_t3_16_1_, rewardtagw0_.user_id as user_id4_16_1_ from reward_tag_wrapper rewardtagw0_ where rewardtagw0_.user_id=?
Hibernate: select user0_.user_id as user_id1_21_0_, user0_.character_id as characte7_21_0_, user0_.user_created_at as user_cre2_21_0_, user0_.user_name as user_nam3_21_0_, user0_.user_phone_number as user_pho4_21_0_, user0_.user_user_id as user_use5_21_0_, user0_.user_user_password as user_use6_21_0_ from user user0_ where user0_.user_id=?
Hibernate: select character0_.character_id as characte1_6_0_, character0_.character_character_name as characte2_6_0_ from characters character0_ where character0_.character_id=?
Hibernate: select count(*) as col_0_0_ from user user0_ where user0_.user_id=?
Hibernate: select character1_.character_id as characte1_6_, character1_.character_character_name as characte2_6_ from user user0_ inner join characters character1_ on user0_.character_id=character1_.character_id where user0_.user_id=?
Hibernate: select permission0_.character_id as characte6_12_0_, permission0_.permission_id as permissi1_12_0_, permission0_.permission_id as permissi1_12_1_, permission0_.character_id as characte6_12_1_, permission0_.permission_name as permissi2_12_1_, permission0_.permission_permission_unit_id as permissi3_12_1_, permission0_.permission_service as permissi4_12_1_, permission0_.permission_status as permissi5_12_1_ from permission permission0_ where permission0_.character_id=?
Hibernate: select count(*) as col_0_0_ from user user0_ where user0_.user_id=?
Hibernate: select user0_.user_id as user_id1_21_, user0_.character_id as characte7_21_, user0_.user_created_at as user_cre2_21_, user0_.user_name as user_nam3_21_, user0_.user_phone_number as user_pho4_21_, user0_.user_user_id as user_use5_21_, user0_.user_user_password as user_use6_21_ from user user0_ where user0_.user_id=?
Hibernate: select character0_.character_id as characte1_6_0_, character0_.character_character_name as characte2_6_0_ from characters character0_ where character0_.character_id=?
Hibernate: select rewardtagw0_.user_id as user_id4_16_0_, rewardtagw0_.reward_tag_wrapper_reward_id as reward_t1_16_0_, rewardtagw0_.reward_tag_wrapper_reward_id as reward_t1_16_1_, rewardtagw0_.reward_tag_wrapper_reward_presented_at as reward_t2_16_1_, rewardtagw0_.reward_tag_reward_tag_id as reward_t3_16_1_, rewardtagw0_.user_id as user_id4_16_1_ from reward_tag_wrapper rewardtagw0_ where rewardtagw0_.user_id=?
Hibernate: select attendance0_.attendance_user_attendance_user_id as col_0_0_ from attendance_user attendance0_ where attendance0_.user_id=? limit ?
Hibernate: DELETE FROM USER WHERE USER_ID = ?
Hibernate: select user0_.user_id as col_0_0_ from user user0_ where user0_.user_user_id=? limit ?
Hibernate: select user0_.user_id as col_0_0_ from user user0_ where user0_.user_user_id=? limit ?
Hibernate: select user0_.user_id as col_0_0_ from user user0_ where user0_.user_user_id=? limit ?
Hibernate: select U.* from USER U where U.USER_USER_ID =?
Hibernate: select character0_.character_id as characte1_6_0_, character0_.character_character_name as characte2_6_0_ from characters character0_ where character0_.character_id=?
Hibernate: select user0_.user_id as user_id1_21_0_, user0_.character_id as characte7_21_0_, user0_.user_created_at as user_cre2_21_0_, user0_.user_name as user_nam3_21_0_, user0_.user_phone_number as user_pho4_21_0_, user0_.user_user_id as user_use5_21_0_, user0_.user_user_password as user_use6_21_0_ from user user0_ where user0_.user_id=?
Hibernate: select character0_.character_id as characte1_6_0_, character0_.character_character_name as characte2_6_0_ from characters character0_ where character0_.character_id=?
Hibernate: select count(*) as col_0_0_ from team_building teambuildi0_
Hibernate: select count(*) as col_0_0_ from team_building teambuildi0_
Hibernate: select user0_.user_id as col_0_0_ from user user0_ where user0_.user_user_id=? limit ?
Hibernate: select user0_.user_id as col_0_0_ from user user0_ where user0_.user_user_id=? limit ?
Hibernate: select U.* from USER U where U.USER_USER_ID =?
Hibernate: select character0_.character_id as characte1_6_0_, character0_.character_character_name as characte2_6_0_ from characters character0_ where character0_.character_id=?
Hibernate: select user0_.user_id as col_0_0_ from user user0_ where user0_.user_user_id=? limit ?
Hibernate: select user0_.user_id as col_0_0_ from user user0_ where user0_.user_user_id=? limit ?
Hibernate: select U.* from USER U where U.USER_USER_ID =?
Hibernate: select character0_.character_id as characte1_6_0_, character0_.character_character_name as characte2_6_0_ from characters character0_ where character0_.character_id=?
Hibernate: select user0_.user_id as col_0_0_ from user user0_ where user0_.user_user_id=? limit ?
Hibernate: select user0_.user_id as col_0_0_ from user user0_ where user0_.user_user_id=? limit ?
Hibernate: select U.* from USER U where U.USER_USER_ID =?
Hibernate: select character0_.character_id as characte1_6_0_, character0_.character_character_name as characte2_6_0_ from characters character0_ where character0_.character_id=?
Hibernate: select user0_.user_id as col_0_0_ from user user0_ where user0_.user_user_id=? limit ?
Hibernate: select userjoinin0_.user_joining_pool_id as col_0_0_ from user_joining_pool userjoinin0_ where userjoinin0_.user_user_id=? limit ?
Hibernate: select character0_.character_id as col_0_0_ from characters character0_ where character0_.character_character_name=? limit ?
Hibernate: insert into user_joining_pool (user_joining_pool_id, user_created_at, user_name, user_phone_number, user_user_id, user_user_password) values (default, ?, ?, ?, ?, ?)
Hibernate: select user0_.user_id as user_id1_21_0_, user0_.character_id as characte7_21_0_, user0_.user_created_at as user_cre2_21_0_, user0_.user_name as user_nam3_21_0_, user0_.user_phone_number as user_pho4_21_0_, user0_.user_user_id as user_use5_21_0_, user0_.user_user_password as user_use6_21_0_ from user user0_ where user0_.user_id=?
Hibernate: select character0_.character_id as characte1_6_0_, character0_.character_character_name as characte2_6_0_ from characters character0_ where character0_.character_id=?
Hibernate: select count(*) as col_0_0_ from user user0_ where user0_.user_id=?
Hibernate: select character1_.character_id as characte1_6_, character1_.character_character_name as characte2_6_ from user user0_ inner join characters character1_ on user0_.character_id=character1_.character_id where user0_.user_id=?
Hibernate: select permission0_.character_id as characte6_12_0_, permission0_.permission_id as permissi1_12_0_, permission0_.permission_id as permissi1_12_1_, permission0_.character_id as characte6_12_1_, permission0_.permission_name as permissi2_12_1_, permission0_.permission_permission_unit_id as permissi3_12_1_, permission0_.permission_service as permissi4_12_1_, permission0_.permission_status as permissi5_12_1_ from permission permission0_ where permission0_.character_id=?
Hibernate: select userjoinin0_.user_joining_pool_id as col_0_0_ from user_joining_pool userjoinin0_ where userjoinin0_.user_user_id=? limit ?
Hibernate: select userjoinin0_.user_joining_pool_id as user_joi1_22_, userjoinin0_.user_created_at as user_cre2_22_, userjoinin0_.user_name as user_nam3_22_, userjoinin0_.user_phone_number as user_pho4_22_, userjoinin0_.user_user_id as user_use5_22_, userjoinin0_.user_user_password as user_use6_22_ from user_joining_pool userjoinin0_ where userjoinin0_.user_user_id=?
Hibernate: select character0_.character_id as characte1_6_, character0_.character_character_name as characte2_6_ from characters character0_ where character0_.character_character_name=?
Hibernate: insert into user (user_id, character_id, user_created_at, user_name, user_phone_number, user_user_id, user_user_password) values (default, ?, ?, ?, ?, ?, ?)
Hibernate: DELETE FROM USER_JOINING_POOL as JU where JU.USER_USER_ID =?
Hibernate: select user0_.user_id as col_0_0_ from user user0_ where user0_.user_user_id=? limit ?
Hibernate: select user0_.user_id as col_0_0_ from user user0_ where user0_.user_user_id=? limit ?
Hibernate: select U.* from USER U where U.USER_USER_ID =?
Hibernate: select character0_.character_id as characte1_6_0_, character0_.character_character_name as characte2_6_0_ from characters character0_ where character0_.character_id=?
Hibernate: select user0_.user_id as col_0_0_ from user user0_ where user0_.user_user_id=? limit ?
Hibernate: select userjoinin0_.user_joining_pool_id as col_0_0_ from user_joining_pool userjoinin0_ where userjoinin0_.user_user_id=? limit ?
Hibernate: select character0_.character_id as col_0_0_ from characters character0_ where character0_.character_character_name=? limit ?
Hibernate: insert into user_joining_pool (user_joining_pool_id, user_created_at, user_name, user_phone_number, user_user_id, user_user_password) values (default, ?, ?, ?, ?, ?)
Hibernate: select user0_.user_id as user_id1_21_0_, user0_.character_id as characte7_21_0_, user0_.user_created_at as user_cre2_21_0_, user0_.user_name as user_nam3_21_0_, user0_.user_phone_number as user_pho4_21_0_, user0_.user_user_id as user_use5_21_0_, user0_.user_user_password as user_use6_21_0_ from user user0_ where user0_.user_id=?
Hibernate: select character0_.character_id as characte1_6_0_, character0_.character_character_name as characte2_6_0_ from characters character0_ where character0_.character_id=?
Hibernate: select count(*) as col_0_0_ from user user0_ where user0_.user_id=?
Hibernate: select character1_.character_id as characte1_6_, character1_.character_character_name as characte2_6_ from user user0_ inner join characters character1_ on user0_.character_id=character1_.character_id where user0_.user_id=?
Hibernate: select permission0_.character_id as characte6_12_0_, permission0_.permission_id as permissi1_12_0_, permission0_.permission_id as permissi1_12_1_, permission0_.character_id as characte6_12_1_, permission0_.permission_name as permissi2_12_1_, permission0_.permission_permission_unit_id as permissi3_12_1_, permission0_.permission_service as permissi4_12_1_, permission0_.permission_status as permissi5_12_1_ from permission permission0_ where permission0_.character_id=?
Hibernate: select userjoinin0_.user_joining_pool_id as col_0_0_ from user_joining_pool userjoinin0_ where userjoinin0_.user_user_id=? limit ?
Hibernate: select userjoinin0_.user_joining_pool_id as user_joi1_22_, userjoinin0_.user_created_at as user_cre2_22_, userjoinin0_.user_name as user_nam3_22_, userjoinin0_.user_phone_number as user_pho4_22_, userjoinin0_.user_user_id as user_use5_22_, userjoinin0_.user_user_password as user_use6_22_ from user_joining_pool userjoinin0_ where userjoinin0_.user_user_id=?
Hibernate: select character0_.character_id as characte1_6_, character0_.character_character_name as characte2_6_ from characters character0_ where character0_.character_character_name=?
Hibernate: insert into user (user_id, character_id, user_created_at, user_name, user_phone_number, user_user_id, user_user_password) values (default, ?, ?, ?, ?, ?, ?)
Hibernate: DELETE FROM USER_JOINING_POOL as JU where JU.USER_USER_ID =?
Hibernate: select user0_.user_id as col_0_0_ from user user0_ where user0_.user_user_id=? limit ?
Hibernate: select user0_.user_id as col_0_0_ from user user0_ where user0_.user_user_id=? limit ?
Hibernate: select U.* from USER U where U.USER_USER_ID =?
Hibernate: select character0_.character_id as characte1_6_0_, character0_.character_character_name as characte2_6_0_ from characters character0_ where character0_.character_id=?
Hibernate: select user0_.user_id as col_0_0_ from user user0_ where user0_.user_user_id=? limit ?
Hibernate: select userjoinin0_.user_joining_pool_id as col_0_0_ from user_joining_pool userjoinin0_ where userjoinin0_.user_user_id=? limit ?
Hibernate: select character0_.character_id as col_0_0_ from characters character0_ where character0_.character_character_name=? limit ?
Hibernate: insert into user_joining_pool (user_joining_pool_id, user_created_at, user_name, user_phone_number, user_user_id, user_user_password) values (default, ?, ?, ?, ?, ?)
Hibernate: select user0_.user_id as user_id1_21_0_, user0_.character_id as characte7_21_0_, user0_.user_created_at as user_cre2_21_0_, user0_.user_name as user_nam3_21_0_, user0_.user_phone_number as user_pho4_21_0_, user0_.user_user_id as user_use5_21_0_, user0_.user_user_password as user_use6_21_0_ from user user0_ where user0_.user_id=?
Hibernate: select character0_.character_id as characte1_6_0_, character0_.character_character_name as characte2_6_0_ from characters character0_ where character0_.character_id=?
Hibernate: select count(*) as col_0_0_ from user user0_ where user0_.user_id=?
Hibernate: select character1_.character_id as characte1_6_, character1_.character_character_name as characte2_6_ from user user0_ inner join characters character1_ on user0_.character_id=character1_.character_id where user0_.user_id=?
Hibernate: select permission0_.character_id as characte6_12_0_, permission0_.permission_id as permissi1_12_0_, permission0_.permission_id as permissi1_12_1_, permission0_.character_id as characte6_12_1_, permission0_.permission_name as permissi2_12_1_, permission0_.permission_permission_unit_id as permissi3_12_1_, permission0_.permission_service as permissi4_12_1_, permission0_.permission_status as permissi5_12_1_ from permission permission0_ where permission0_.character_id=?
Hibernate: select userjoinin0_.user_joining_pool_id as col_0_0_ from user_joining_pool userjoinin0_ where userjoinin0_.user_user_id=? limit ?
Hibernate: select userjoinin0_.user_joining_pool_id as user_joi1_22_, userjoinin0_.user_created_at as user_cre2_22_, userjoinin0_.user_name as user_nam3_22_, userjoinin0_.user_phone_number as user_pho4_22_, userjoinin0_.user_user_id as user_use5_22_, userjoinin0_.user_user_password as user_use6_22_ from user_joining_pool userjoinin0_ where userjoinin0_.user_user_id=?
Hibernate: select character0_.character_id as characte1_6_, character0_.character_character_name as characte2_6_ from characters character0_ where character0_.character_character_name=?
Hibernate: insert into user (user_id, character_id, user_created_at, user_name, user_phone_number, user_user_id, user_user_password) values (default, ?, ?, ?, ?, ?, ?)
Hibernate: DELETE FROM USER_JOINING_POOL as JU where JU.USER_USER_ID =?
Hibernate: select user0_.user_id as col_0_0_ from user user0_ where user0_.user_user_id=? limit ?
Hibernate: select user0_.user_id as col_0_0_ from user user0_ where user0_.user_user_id=? limit ?
Hibernate: select U.* from USER U where U.USER_USER_ID =?
Hibernate: select character0_.character_id as characte1_6_0_, character0_.character_character_name as characte2_6_0_ from characters character0_ where character0_.character_id=?
Hibernate: select user0_.user_id as col_0_0_ from user user0_ where user0_.user_user_id=? limit ?
Hibernate: select userjoinin0_.user_joining_pool_id as col_0_0_ from user_joining_pool userjoinin0_ where userjoinin0_.user_user_id=? limit ?
Hibernate: select character0_.character_id as col_0_0_ from characters character0_ where character0_.character_character_name=? limit ?
Hibernate: insert into user_joining_pool (user_joining_pool_id, user_created_at, user_name, user_phone_number, user_user_id, user_user_password) values (default, ?, ?, ?, ?, ?)
Hibernate: select user0_.user_id as user_id1_21_0_, user0_.character_id as characte7_21_0_, user0_.user_created_at as user_cre2_21_0_, user0_.user_name as user_nam3_21_0_, user0_.user_phone_number as user_pho4_21_0_, user0_.user_user_id as user_use5_21_0_, user0_.user_user_password as user_use6_21_0_ from user user0_ where user0_.user_id=?
Hibernate: select character0_.character_id as characte1_6_0_, character0_.character_character_name as characte2_6_0_ from characters character0_ where character0_.character_id=?
Hibernate: select count(*) as col_0_0_ from user user0_ where user0_.user_id=?
Hibernate: select character1_.character_id as characte1_6_, character1_.character_character_name as characte2_6_ from user user0_ inner join characters character1_ on user0_.character_id=character1_.character_id where user0_.user_id=?
Hibernate: select permission0_.character_id as characte6_12_0_, permission0_.permission_id as permissi1_12_0_, permission0_.permission_id as permissi1_12_1_, permission0_.character_id as characte6_12_1_, permission0_.permission_name as permissi2_12_1_, permission0_.permission_permission_unit_id as permissi3_12_1_, permission0_.permission_service as permissi4_12_1_, permission0_.permission_status as permissi5_12_1_ from permission permission0_ where permission0_.character_id=?
Hibernate: select userjoinin0_.user_joining_pool_id as col_0_0_ from user_joining_pool userjoinin0_ where userjoinin0_.user_user_id=? limit ?
Hibernate: select userjoinin0_.user_joining_pool_id as user_joi1_22_, userjoinin0_.user_created_at as user_cre2_22_, userjoinin0_.user_name as user_nam3_22_, userjoinin0_.user_phone_number as user_pho4_22_, userjoinin0_.user_user_id as user_use5_22_, userjoinin0_.user_user_password as user_use6_22_ from user_joining_pool userjoinin0_ where userjoinin0_.user_user_id=?
Hibernate: select character0_.character_id as characte1_6_, character0_.character_character_name as characte2_6_ from characters character0_ where character0_.character_character_name=?
Hibernate: insert into user (user_id, character_id, user_created_at, user_name, user_phone_number, user_user_id, user_user_password) values (default, ?, ?, ?, ?, ?, ?)
Hibernate: DELETE FROM USER_JOINING_POOL as JU where JU.USER_USER_ID =?
Hibernate: select user0_.user_id as col_0_0_ from user user0_ where user0_.user_user_id=? limit ?
Hibernate: select user0_.user_id as col_0_0_ from user user0_ where user0_.user_user_id=? limit ?
Hibernate: select U.* from USER U where U.USER_USER_ID =?
Hibernate: select character0_.character_id as characte1_6_0_, character0_.character_character_name as characte2_6_0_ from characters character0_ where character0_.character_id=?
Hibernate: select user0_.user_id as col_0_0_ from user user0_ where user0_.user_user_id=? limit ?
Hibernate: select userjoinin0_.user_joining_pool_id as col_0_0_ from user_joining_pool userjoinin0_ where userjoinin0_.user_user_id=? limit ?
Hibernate: select character0_.character_id as col_0_0_ from characters character0_ where character0_.character_character_name=? limit ?
Hibernate: insert into user_joining_pool (user_joining_pool_id, user_created_at, user_name, user_phone_number, user_user_id, user_user_password) values (default, ?, ?, ?, ?, ?)
Hibernate: select user0_.user_id as user_id1_21_0_, user0_.character_id as characte7_21_0_, user0_.user_created_at as user_cre2_21_0_, user0_.user_name as user_nam3_21_0_, user0_.user_phone_number as user_pho4_21_0_, user0_.user_user_id as user_use5_21_0_, user0_.user_user_password as user_use6_21_0_ from user user0_ where user0_.user_id=?
Hibernate: select character0_.character_id as characte1_6_0_, character0_.character_character_name as characte2_6_0_ from characters character0_ where character0_.character_id=?
Hibernate: select count(*) as col_0_0_ from user user0_ where user0_.user_id=?
Hibernate: select character1_.character_id as characte1_6_, character1_.character_character_name as characte2_6_ from user user0_ inner join characters character1_ on user0_.character_id=character1_.character_id where user0_.user_id=?
Hibernate: select permission0_.character_id as characte6_12_0_, permission0_.permission_id as permissi1_12_0_, permission0_.permission_id as permissi1_12_1_, permission0_.character_id as characte6_12_1_, permission0_.permission_name as permissi2_12_1_, permission0_.permission_permission_unit_id as permissi3_12_1_, permission0_.permission_service as permissi4_12_1_, permission0_.permission_status as permissi5_12_1_ from permission permission0_ where permission0_.character_id=?
Hibernate: select userjoinin0_.user_joining_pool_id as col_0_0_ from user_joining_pool userjoinin0_ where userjoinin0_.user_user_id=? limit ?
Hibernate: select userjoinin0_.user_joining_pool_id as user_joi1_22_, userjoinin0_.user_created_at as user_cre2_22_, userjoinin0_.user_name as user_nam3_22_, userjoinin0_.user_phone_number as user_pho4_22_, userjoinin0_.user_user_id as user_use5_22_, userjoinin0_.user_user_password as user_use6_22_ from user_joining_pool userjoinin0_ where userjoinin0_.user_user_id=?
Hibernate: select character0_.character_id as characte1_6_, character0_.character_character_name as characte2_6_ from characters character0_ where character0_.character_character_name=?
Hibernate: insert into user (user_id, character_id, user_created_at, user_name, user_phone_number, user_user_id, user_user_password) values (default, ?, ?, ?, ?, ?, ?)
Hibernate: DELETE FROM USER_JOINING_POOL as JU where JU.USER_USER_ID =?
Hibernate: select user0_.user_id as user_id1_21_0_, user0_.character_id as characte7_21_0_, user0_.user_created_at as user_cre2_21_0_, user0_.user_name as user_nam3_21_0_, user0_.user_phone_number as user_pho4_21_0_, user0_.user_user_id as user_use5_21_0_, user0_.user_user_password as user_use6_21_0_ from user user0_ where user0_.user_id=?
Hibernate: select character0_.character_id as characte1_6_0_, character0_.character_character_name as characte2_6_0_ from characters character0_ where character0_.character_id=?
Hibernate: select count(*) as col_0_0_ from user user0_ where user0_.user_id=?
Hibernate: select character1_.character_id as characte1_6_, character1_.character_character_name as characte2_6_ from user user0_ inner join characters character1_ on user0_.character_id=character1_.character_id where user0_.user_id=?
Hibernate: select permission0_.character_id as characte6_12_0_, permission0_.permission_id as permissi1_12_0_, permission0_.permission_id as permissi1_12_1_, permission0_.character_id as characte6_12_1_, permission0_.permission_name as permissi2_12_1_, permission0_.permission_permission_unit_id as permissi3_12_1_, permission0_.permission_service as permissi4_12_1_, permission0_.permission_status as permissi5_12_1_ from permission permission0_ where permission0_.character_id=?

MockHttpServletRequest:
      HTTP Method = POST
      Request URI = /teambuilding
       Parameters = {}
          Headers = [Content-Type:"application/json;charset=UTF-8", Accept:"application/json", api-version:"1.0", Authorization:"Bearer eyJhbGciOiJIUzI1NiJ9.eyJzdWIiOiIxIiwiaWF0IjoxNjg3ODc3NDY5LCJleHAiOjE2ODc4ODEwNjl9.5GpcrqH17WaCEi6670WViYdxZ8Db7S7TQOeUs9MSnKg", Content-Length:"251"]
             Body = {"teambuilding_title":"2nd Algorithm Contest Team","team_count":2,"users":[{"user_id":"alcuk_id","weight":-1},{"user_id":"alcuk_id2","weight":2},{"user_id":"alcuk_id3","weight":1},{"user_id":"alcuk_id4","weight":4},{"user_id":"alcuk_id5","weight":2}]}
    Session Attrs = {}

Handler:
             Type = org.waldreg.controller.teambuilding.TeamBuildingController
           Method = org.waldreg.controller.teambuilding.TeamBuildingController#createTeamBuilding(TeamBuildingRequest)

Async:
    Async started = false
     Async result = null

Resolved Exception:
             Type = org.waldreg.teambuilding.exception.InvalidUserWeightException

ModelAndView:
        View name = null
             View = null
            Model = null

FlashMap:
       Attributes = null

MockHttpServletResponse:
           Status = 400
    Error message = null
          Headers = [Vary:"Origin", "Access-Control-Request-Method", "Access-Control-Request-Headers", Api-version:"1.0", Content-Type:"application/json"]
     Content type = application/json
             Body = {"code":"TEAMBUILDING-404","messages":"User's weight value should be between 1 and 10, current weight \"-1\"","document_url":"docs.waldreg.org"}
    Forwarded URL = null
   Redirected URL = null
          Cookies = []
Hibernate: select user0_.user_id as col_0_0_ from user user0_ where user0_.user_user_id=? limit ?
Hibernate: select user0_.user_id as col_0_0_ from user user0_ where user0_.user_user_id=? limit ?
Hibernate: select U.* from USER U where U.USER_USER_ID =?
Hibernate: select character0_.character_id as characte1_6_0_, character0_.character_character_name as characte2_6_0_ from characters character0_ where character0_.character_id=?
Hibernate: select user0_.user_id as user_id1_21_0_, user0_.character_id as characte7_21_0_, user0_.user_created_at as user_cre2_21_0_, user0_.user_name as user_nam3_21_0_, user0_.user_phone_number as user_pho4_21_0_, user0_.user_user_id as user_use5_21_0_, user0_.user_user_password as user_use6_21_0_ from user user0_ where user0_.user_id=?
Hibernate: select character0_.character_id as characte1_6_0_, character0_.character_character_name as characte2_6_0_ from characters character0_ where character0_.character_id=?
Hibernate: select count(*) as col_0_0_ from team_building teambuildi0_
Hibernate: select count(*) as col_0_0_ from team_building teambuildi0_
Hibernate: select user0_.user_id as col_0_0_ from user user0_ where user0_.user_user_id=? limit ?
Hibernate: select user0_.user_id as col_0_0_ from user user0_ where user0_.user_user_id=? limit ?
Hibernate: select U.* from USER U where U.USER_USER_ID =?
Hibernate: select character0_.character_id as characte1_6_0_, character0_.character_character_name as characte2_6_0_ from characters character0_ where character0_.character_id=?
Hibernate: select user0_.user_id as col_0_0_ from user user0_ where user0_.user_user_id=? limit ?
Hibernate: select user0_.user_id as user_id1_21_, user0_.character_id as characte7_21_, user0_.user_created_at as user_cre2_21_, user0_.user_name as user_nam3_21_, user0_.user_phone_number as user_pho4_21_, user0_.user_user_id as user_use5_21_, user0_.user_user_password as user_use6_21_ from user user0_ inner join characters character1_ on user0_.character_id=character1_.character_id where user0_.user_user_id=?
Hibernate: select character0_.character_id as characte1_6_0_, character0_.character_character_name as characte2_6_0_ from characters character0_ where character0_.character_id=?
Hibernate: select rewardtagw0_.user_id as user_id4_16_0_, rewardtagw0_.reward_tag_wrapper_reward_id as reward_t1_16_0_, rewardtagw0_.reward_tag_wrapper_reward_id as reward_t1_16_1_, rewardtagw0_.reward_tag_wrapper_reward_presented_at as reward_t2_16_1_, rewardtagw0_.reward_tag_reward_tag_id as reward_t3_16_1_, rewardtagw0_.user_id as user_id4_16_1_ from reward_tag_wrapper rewardtagw0_ where rewardtagw0_.user_id=?
Hibernate: select user0_.user_id as user_id1_21_0_, user0_.character_id as characte7_21_0_, user0_.user_created_at as user_cre2_21_0_, user0_.user_name as user_nam3_21_0_, user0_.user_phone_number as user_pho4_21_0_, user0_.user_user_id as user_use5_21_0_, user0_.user_user_password as user_use6_21_0_ from user user0_ where user0_.user_id=?
Hibernate: select character0_.character_id as characte1_6_0_, character0_.character_character_name as characte2_6_0_ from characters character0_ where character0_.character_id=?
Hibernate: select count(*) as col_0_0_ from user user0_ where user0_.user_id=?
Hibernate: select character1_.character_id as characte1_6_, character1_.character_character_name as characte2_6_ from user user0_ inner join characters character1_ on user0_.character_id=character1_.character_id where user0_.user_id=?
Hibernate: select permission0_.character_id as characte6_12_0_, permission0_.permission_id as permissi1_12_0_, permission0_.permission_id as permissi1_12_1_, permission0_.character_id as characte6_12_1_, permission0_.permission_name as permissi2_12_1_, permission0_.permission_permission_unit_id as permissi3_12_1_, permission0_.permission_service as permissi4_12_1_, permission0_.permission_status as permissi5_12_1_ from permission permission0_ where permission0_.character_id=?
Hibernate: select count(*) as col_0_0_ from user user0_ where user0_.user_id=?
Hibernate: select user0_.user_id as user_id1_21_, user0_.character_id as characte7_21_, user0_.user_created_at as user_cre2_21_, user0_.user_name as user_nam3_21_, user0_.user_phone_number as user_pho4_21_, user0_.user_user_id as user_use5_21_, user0_.user_user_password as user_use6_21_ from user user0_ where user0_.user_id=?
Hibernate: select character0_.character_id as characte1_6_0_, character0_.character_character_name as characte2_6_0_ from characters character0_ where character0_.character_id=?
Hibernate: select rewardtagw0_.user_id as user_id4_16_0_, rewardtagw0_.reward_tag_wrapper_reward_id as reward_t1_16_0_, rewardtagw0_.reward_tag_wrapper_reward_id as reward_t1_16_1_, rewardtagw0_.reward_tag_wrapper_reward_presented_at as reward_t2_16_1_, rewardtagw0_.reward_tag_reward_tag_id as reward_t3_16_1_, rewardtagw0_.user_id as user_id4_16_1_ from reward_tag_wrapper rewardtagw0_ where rewardtagw0_.user_id=?
Hibernate: select attendance0_.attendance_user_attendance_user_id as col_0_0_ from attendance_user attendance0_ where attendance0_.user_id=? limit ?
Hibernate: DELETE FROM USER WHERE USER_ID = ?
Hibernate: select user0_.user_id as col_0_0_ from user user0_ where user0_.user_user_id=? limit ?
Hibernate: select user0_.user_id as col_0_0_ from user user0_ where user0_.user_user_id=? limit ?
Hibernate: select user0_.user_id as user_id1_21_, user0_.character_id as characte7_21_, user0_.user_created_at as user_cre2_21_, user0_.user_name as user_nam3_21_, user0_.user_phone_number as user_pho4_21_, user0_.user_user_id as user_use5_21_, user0_.user_user_password as user_use6_21_ from user user0_ inner join characters character1_ on user0_.character_id=character1_.character_id where user0_.user_user_id=?
Hibernate: select character0_.character_id as characte1_6_0_, character0_.character_character_name as characte2_6_0_ from characters character0_ where character0_.character_id=?
Hibernate: select rewardtagw0_.user_id as user_id4_16_0_, rewardtagw0_.reward_tag_wrapper_reward_id as reward_t1_16_0_, rewardtagw0_.reward_tag_wrapper_reward_id as reward_t1_16_1_, rewardtagw0_.reward_tag_wrapper_reward_presented_at as reward_t2_16_1_, rewardtagw0_.reward_tag_reward_tag_id as reward_t3_16_1_, rewardtagw0_.user_id as user_id4_16_1_ from reward_tag_wrapper rewardtagw0_ where rewardtagw0_.user_id=?
Hibernate: select user0_.user_id as user_id1_21_0_, user0_.character_id as characte7_21_0_, user0_.user_created_at as user_cre2_21_0_, user0_.user_name as user_nam3_21_0_, user0_.user_phone_number as user_pho4_21_0_, user0_.user_user_id as user_use5_21_0_, user0_.user_user_password as user_use6_21_0_ from user user0_ where user0_.user_id=?
Hibernate: select character0_.character_id as characte1_6_0_, character0_.character_character_name as characte2_6_0_ from characters character0_ where character0_.character_id=?
Hibernate: select count(*) as col_0_0_ from user user0_ where user0_.user_id=?
Hibernate: select character1_.character_id as characte1_6_, character1_.character_character_name as characte2_6_ from user user0_ inner join characters character1_ on user0_.character_id=character1_.character_id where user0_.user_id=?
Hibernate: select permission0_.character_id as characte6_12_0_, permission0_.permission_id as permissi1_12_0_, permission0_.permission_id as permissi1_12_1_, permission0_.character_id as characte6_12_1_, permission0_.permission_name as permissi2_12_1_, permission0_.permission_permission_unit_id as permissi3_12_1_, permission0_.permission_service as permissi4_12_1_, permission0_.permission_status as permissi5_12_1_ from permission permission0_ where permission0_.character_id=?
Hibernate: select count(*) as col_0_0_ from user user0_ where user0_.user_id=?
Hibernate: select user0_.user_id as user_id1_21_, user0_.character_id as characte7_21_, user0_.user_created_at as user_cre2_21_, user0_.user_name as user_nam3_21_, user0_.user_phone_number as user_pho4_21_, user0_.user_user_id as user_use5_21_, user0_.user_user_password as user_use6_21_ from user user0_ where user0_.user_id=?
Hibernate: select character0_.character_id as characte1_6_0_, character0_.character_character_name as characte2_6_0_ from characters character0_ where character0_.character_id=?
Hibernate: select rewardtagw0_.user_id as user_id4_16_0_, rewardtagw0_.reward_tag_wrapper_reward_id as reward_t1_16_0_, rewardtagw0_.reward_tag_wrapper_reward_id as reward_t1_16_1_, rewardtagw0_.reward_tag_wrapper_reward_presented_at as reward_t2_16_1_, rewardtagw0_.reward_tag_reward_tag_id as reward_t3_16_1_, rewardtagw0_.user_id as user_id4_16_1_ from reward_tag_wrapper rewardtagw0_ where rewardtagw0_.user_id=?
Hibernate: select attendance0_.attendance_user_attendance_user_id as col_0_0_ from attendance_user attendance0_ where attendance0_.user_id=? limit ?
Hibernate: DELETE FROM USER WHERE USER_ID = ?
Hibernate: select user0_.user_id as col_0_0_ from user user0_ where user0_.user_user_id=? limit ?
Hibernate: select user0_.user_id as col_0_0_ from user user0_ where user0_.user_user_id=? limit ?
Hibernate: select user0_.user_id as user_id1_21_, user0_.character_id as characte7_21_, user0_.user_created_at as user_cre2_21_, user0_.user_name as user_nam3_21_, user0_.user_phone_number as user_pho4_21_, user0_.user_user_id as user_use5_21_, user0_.user_user_password as user_use6_21_ from user user0_ inner join characters character1_ on user0_.character_id=character1_.character_id where user0_.user_user_id=?
Hibernate: select character0_.character_id as characte1_6_0_, character0_.character_character_name as characte2_6_0_ from characters character0_ where character0_.character_id=?
Hibernate: select rewardtagw0_.user_id as user_id4_16_0_, rewardtagw0_.reward_tag_wrapper_reward_id as reward_t1_16_0_, rewardtagw0_.reward_tag_wrapper_reward_id as reward_t1_16_1_, rewardtagw0_.reward_tag_wrapper_reward_presented_at as reward_t2_16_1_, rewardtagw0_.reward_tag_reward_tag_id as reward_t3_16_1_, rewardtagw0_.user_id as user_id4_16_1_ from reward_tag_wrapper rewardtagw0_ where rewardtagw0_.user_id=?
Hibernate: select user0_.user_id as user_id1_21_0_, user0_.character_id as characte7_21_0_, user0_.user_created_at as user_cre2_21_0_, user0_.user_name as user_nam3_21_0_, user0_.user_phone_number as user_pho4_21_0_, user0_.user_user_id as user_use5_21_0_, user0_.user_user_password as user_use6_21_0_ from user user0_ where user0_.user_id=?
Hibernate: select character0_.character_id as characte1_6_0_, character0_.character_character_name as characte2_6_0_ from characters character0_ where character0_.character_id=?
Hibernate: select count(*) as col_0_0_ from user user0_ where user0_.user_id=?
Hibernate: select character1_.character_id as characte1_6_, character1_.character_character_name as characte2_6_ from user user0_ inner join characters character1_ on user0_.character_id=character1_.character_id where user0_.user_id=?
Hibernate: select permission0_.character_id as characte6_12_0_, permission0_.permission_id as permissi1_12_0_, permission0_.permission_id as permissi1_12_1_, permission0_.character_id as characte6_12_1_, permission0_.permission_name as permissi2_12_1_, permission0_.permission_permission_unit_id as permissi3_12_1_, permission0_.permission_service as permissi4_12_1_, permission0_.permission_status as permissi5_12_1_ from permission permission0_ where permission0_.character_id=?
Hibernate: select count(*) as col_0_0_ from user user0_ where user0_.user_id=?
Hibernate: select user0_.user_id as user_id1_21_, user0_.character_id as characte7_21_, user0_.user_created_at as user_cre2_21_, user0_.user_name as user_nam3_21_, user0_.user_phone_number as user_pho4_21_, user0_.user_user_id as user_use5_21_, user0_.user_user_password as user_use6_21_ from user user0_ where user0_.user_id=?
Hibernate: select character0_.character_id as characte1_6_0_, character0_.character_character_name as characte2_6_0_ from characters character0_ where character0_.character_id=?
Hibernate: select rewardtagw0_.user_id as user_id4_16_0_, rewardtagw0_.reward_tag_wrapper_reward_id as reward_t1_16_0_, rewardtagw0_.reward_tag_wrapper_reward_id as reward_t1_16_1_, rewardtagw0_.reward_tag_wrapper_reward_presented_at as reward_t2_16_1_, rewardtagw0_.reward_tag_reward_tag_id as reward_t3_16_1_, rewardtagw0_.user_id as user_id4_16_1_ from reward_tag_wrapper rewardtagw0_ where rewardtagw0_.user_id=?
Hibernate: select attendance0_.attendance_user_attendance_user_id as col_0_0_ from attendance_user attendance0_ where attendance0_.user_id=? limit ?
Hibernate: DELETE FROM USER WHERE USER_ID = ?
Hibernate: select user0_.user_id as col_0_0_ from user user0_ where user0_.user_user_id=? limit ?
Hibernate: select user0_.user_id as col_0_0_ from user user0_ where user0_.user_user_id=? limit ?
Hibernate: select user0_.user_id as user_id1_21_, user0_.character_id as characte7_21_, user0_.user_created_at as user_cre2_21_, user0_.user_name as user_nam3_21_, user0_.user_phone_number as user_pho4_21_, user0_.user_user_id as user_use5_21_, user0_.user_user_password as user_use6_21_ from user user0_ inner join characters character1_ on user0_.character_id=character1_.character_id where user0_.user_user_id=?
Hibernate: select character0_.character_id as characte1_6_0_, character0_.character_character_name as characte2_6_0_ from characters character0_ where character0_.character_id=?
Hibernate: select rewardtagw0_.user_id as user_id4_16_0_, rewardtagw0_.reward_tag_wrapper_reward_id as reward_t1_16_0_, rewardtagw0_.reward_tag_wrapper_reward_id as reward_t1_16_1_, rewardtagw0_.reward_tag_wrapper_reward_presented_at as reward_t2_16_1_, rewardtagw0_.reward_tag_reward_tag_id as reward_t3_16_1_, rewardtagw0_.user_id as user_id4_16_1_ from reward_tag_wrapper rewardtagw0_ where rewardtagw0_.user_id=?
Hibernate: select user0_.user_id as user_id1_21_0_, user0_.character_id as characte7_21_0_, user0_.user_created_at as user_cre2_21_0_, user0_.user_name as user_nam3_21_0_, user0_.user_phone_number as user_pho4_21_0_, user0_.user_user_id as user_use5_21_0_, user0_.user_user_password as user_use6_21_0_ from user user0_ where user0_.user_id=?
Hibernate: select character0_.character_id as characte1_6_0_, character0_.character_character_name as characte2_6_0_ from characters character0_ where character0_.character_id=?
Hibernate: select count(*) as col_0_0_ from user user0_ where user0_.user_id=?
Hibernate: select character1_.character_id as characte1_6_, character1_.character_character_name as characte2_6_ from user user0_ inner join characters character1_ on user0_.character_id=character1_.character_id where user0_.user_id=?
Hibernate: select permission0_.character_id as characte6_12_0_, permission0_.permission_id as permissi1_12_0_, permission0_.permission_id as permissi1_12_1_, permission0_.character_id as characte6_12_1_, permission0_.permission_name as permissi2_12_1_, permission0_.permission_permission_unit_id as permissi3_12_1_, permission0_.permission_service as permissi4_12_1_, permission0_.permission_status as permissi5_12_1_ from permission permission0_ where permission0_.character_id=?
Hibernate: select count(*) as col_0_0_ from user user0_ where user0_.user_id=?
Hibernate: select user0_.user_id as user_id1_21_, user0_.character_id as characte7_21_, user0_.user_created_at as user_cre2_21_, user0_.user_name as user_nam3_21_, user0_.user_phone_number as user_pho4_21_, user0_.user_user_id as user_use5_21_, user0_.user_user_password as user_use6_21_ from user user0_ where user0_.user_id=?
Hibernate: select character0_.character_id as characte1_6_0_, character0_.character_character_name as characte2_6_0_ from characters character0_ where character0_.character_id=?
Hibernate: select rewardtagw0_.user_id as user_id4_16_0_, rewardtagw0_.reward_tag_wrapper_reward_id as reward_t1_16_0_, rewardtagw0_.reward_tag_wrapper_reward_id as reward_t1_16_1_, rewardtagw0_.reward_tag_wrapper_reward_presented_at as reward_t2_16_1_, rewardtagw0_.reward_tag_reward_tag_id as reward_t3_16_1_, rewardtagw0_.user_id as user_id4_16_1_ from reward_tag_wrapper rewardtagw0_ where rewardtagw0_.user_id=?
Hibernate: select attendance0_.attendance_user_attendance_user_id as col_0_0_ from attendance_user attendance0_ where attendance0_.user_id=? limit ?
Hibernate: DELETE FROM USER WHERE USER_ID = ?
Hibernate: select user0_.user_id as col_0_0_ from user user0_ where user0_.user_user_id=? limit ?
Hibernate: select user0_.user_id as col_0_0_ from user user0_ where user0_.user_user_id=? limit ?
Hibernate: select user0_.user_id as user_id1_21_, user0_.character_id as characte7_21_, user0_.user_created_at as user_cre2_21_, user0_.user_name as user_nam3_21_, user0_.user_phone_number as user_pho4_21_, user0_.user_user_id as user_use5_21_, user0_.user_user_password as user_use6_21_ from user user0_ inner join characters character1_ on user0_.character_id=character1_.character_id where user0_.user_user_id=?
Hibernate: select character0_.character_id as characte1_6_0_, character0_.character_character_name as characte2_6_0_ from characters character0_ where character0_.character_id=?
Hibernate: select rewardtagw0_.user_id as user_id4_16_0_, rewardtagw0_.reward_tag_wrapper_reward_id as reward_t1_16_0_, rewardtagw0_.reward_tag_wrapper_reward_id as reward_t1_16_1_, rewardtagw0_.reward_tag_wrapper_reward_presented_at as reward_t2_16_1_, rewardtagw0_.reward_tag_reward_tag_id as reward_t3_16_1_, rewardtagw0_.user_id as user_id4_16_1_ from reward_tag_wrapper rewardtagw0_ where rewardtagw0_.user_id=?
Hibernate: select user0_.user_id as user_id1_21_0_, user0_.character_id as characte7_21_0_, user0_.user_created_at as user_cre2_21_0_, user0_.user_name as user_nam3_21_0_, user0_.user_phone_number as user_pho4_21_0_, user0_.user_user_id as user_use5_21_0_, user0_.user_user_password as user_use6_21_0_ from user user0_ where user0_.user_id=?
Hibernate: select character0_.character_id as characte1_6_0_, character0_.character_character_name as characte2_6_0_ from characters character0_ where character0_.character_id=?
Hibernate: select count(*) as col_0_0_ from user user0_ where user0_.user_id=?
Hibernate: select character1_.character_id as characte1_6_, character1_.character_character_name as characte2_6_ from user user0_ inner join characters character1_ on user0_.character_id=character1_.character_id where user0_.user_id=?
Hibernate: select permission0_.character_id as characte6_12_0_, permission0_.permission_id as permissi1_12_0_, permission0_.permission_id as permissi1_12_1_, permission0_.character_id as characte6_12_1_, permission0_.permission_name as permissi2_12_1_, permission0_.permission_permission_unit_id as permissi3_12_1_, permission0_.permission_service as permissi4_12_1_, permission0_.permission_status as permissi5_12_1_ from permission permission0_ where permission0_.character_id=?
Hibernate: select count(*) as col_0_0_ from user user0_ where user0_.user_id=?
Hibernate: select user0_.user_id as user_id1_21_, user0_.character_id as characte7_21_, user0_.user_created_at as user_cre2_21_, user0_.user_name as user_nam3_21_, user0_.user_phone_number as user_pho4_21_, user0_.user_user_id as user_use5_21_, user0_.user_user_password as user_use6_21_ from user user0_ where user0_.user_id=?
Hibernate: select character0_.character_id as characte1_6_0_, character0_.character_character_name as characte2_6_0_ from characters character0_ where character0_.character_id=?
Hibernate: select rewardtagw0_.user_id as user_id4_16_0_, rewardtagw0_.reward_tag_wrapper_reward_id as reward_t1_16_0_, rewardtagw0_.reward_tag_wrapper_reward_id as reward_t1_16_1_, rewardtagw0_.reward_tag_wrapper_reward_presented_at as reward_t2_16_1_, rewardtagw0_.reward_tag_reward_tag_id as reward_t3_16_1_, rewardtagw0_.user_id as user_id4_16_1_ from reward_tag_wrapper rewardtagw0_ where rewardtagw0_.user_id=?
Hibernate: select attendance0_.attendance_user_attendance_user_id as col_0_0_ from attendance_user attendance0_ where attendance0_.user_id=? limit ?
Hibernate: DELETE FROM USER WHERE USER_ID = ?
Hibernate: select user0_.user_id as col_0_0_ from user user0_ where user0_.user_user_id=? limit ?
Hibernate: select user0_.user_id as col_0_0_ from user user0_ where user0_.user_user_id=? limit ?
Hibernate: select user0_.user_id as col_0_0_ from user user0_ where user0_.user_user_id=? limit ?
Hibernate: select U.* from USER U where U.USER_USER_ID =?
Hibernate: select character0_.character_id as characte1_6_0_, character0_.character_character_name as characte2_6_0_ from characters character0_ where character0_.character_id=?
Hibernate: select user0_.user_id as user_id1_21_0_, user0_.character_id as characte7_21_0_, user0_.user_created_at as user_cre2_21_0_, user0_.user_name as user_nam3_21_0_, user0_.user_phone_number as user_pho4_21_0_, user0_.user_user_id as user_use5_21_0_, user0_.user_user_password as user_use6_21_0_ from user user0_ where user0_.user_id=?
Hibernate: select character0_.character_id as characte1_6_0_, character0_.character_character_name as characte2_6_0_ from characters character0_ where character0_.character_id=?
Hibernate: select count(*) as col_0_0_ from team_building teambuildi0_
Hibernate: select count(*) as col_0_0_ from team_building teambuildi0_
Hibernate: select user0_.user_id as col_0_0_ from user user0_ where user0_.user_user_id=? limit ?
Hibernate: select user0_.user_id as col_0_0_ from user user0_ where user0_.user_user_id=? limit ?
Hibernate: select U.* from USER U where U.USER_USER_ID =?
Hibernate: select character0_.character_id as characte1_6_0_, character0_.character_character_name as characte2_6_0_ from characters character0_ where character0_.character_id=?
Hibernate: select user0_.user_id as col_0_0_ from user user0_ where user0_.user_user_id=? limit ?
Hibernate: select user0_.user_id as col_0_0_ from user user0_ where user0_.user_user_id=? limit ?
Hibernate: select U.* from USER U where U.USER_USER_ID =?
Hibernate: select character0_.character_id as characte1_6_0_, character0_.character_character_name as characte2_6_0_ from characters character0_ where character0_.character_id=?
Hibernate: select user0_.user_id as col_0_0_ from user user0_ where user0_.user_user_id=? limit ?
Hibernate: select user0_.user_id as col_0_0_ from user user0_ where user0_.user_user_id=? limit ?
Hibernate: select U.* from USER U where U.USER_USER_ID =?
Hibernate: select character0_.character_id as characte1_6_0_, character0_.character_character_name as characte2_6_0_ from characters character0_ where character0_.character_id=?
Hibernate: select user0_.user_id as col_0_0_ from user user0_ where user0_.user_user_id=? limit ?
Hibernate: select userjoinin0_.user_joining_pool_id as col_0_0_ from user_joining_pool userjoinin0_ where userjoinin0_.user_user_id=? limit ?
Hibernate: select character0_.character_id as col_0_0_ from characters character0_ where character0_.character_character_name=? limit ?
Hibernate: insert into user_joining_pool (user_joining_pool_id, user_created_at, user_name, user_phone_number, user_user_id, user_user_password) values (default, ?, ?, ?, ?, ?)
Hibernate: select user0_.user_id as user_id1_21_0_, user0_.character_id as characte7_21_0_, user0_.user_created_at as user_cre2_21_0_, user0_.user_name as user_nam3_21_0_, user0_.user_phone_number as user_pho4_21_0_, user0_.user_user_id as user_use5_21_0_, user0_.user_user_password as user_use6_21_0_ from user user0_ where user0_.user_id=?
Hibernate: select character0_.character_id as characte1_6_0_, character0_.character_character_name as characte2_6_0_ from characters character0_ where character0_.character_id=?
Hibernate: select count(*) as col_0_0_ from user user0_ where user0_.user_id=?
Hibernate: select character1_.character_id as characte1_6_, character1_.character_character_name as characte2_6_ from user user0_ inner join characters character1_ on user0_.character_id=character1_.character_id where user0_.user_id=?
Hibernate: select permission0_.character_id as characte6_12_0_, permission0_.permission_id as permissi1_12_0_, permission0_.permission_id as permissi1_12_1_, permission0_.character_id as characte6_12_1_, permission0_.permission_name as permissi2_12_1_, permission0_.permission_permission_unit_id as permissi3_12_1_, permission0_.permission_service as permissi4_12_1_, permission0_.permission_status as permissi5_12_1_ from permission permission0_ where permission0_.character_id=?
Hibernate: select userjoinin0_.user_joining_pool_id as col_0_0_ from user_joining_pool userjoinin0_ where userjoinin0_.user_user_id=? limit ?
Hibernate: select userjoinin0_.user_joining_pool_id as user_joi1_22_, userjoinin0_.user_created_at as user_cre2_22_, userjoinin0_.user_name as user_nam3_22_, userjoinin0_.user_phone_number as user_pho4_22_, userjoinin0_.user_user_id as user_use5_22_, userjoinin0_.user_user_password as user_use6_22_ from user_joining_pool userjoinin0_ where userjoinin0_.user_user_id=?
Hibernate: select character0_.character_id as characte1_6_, character0_.character_character_name as characte2_6_ from characters character0_ where character0_.character_character_name=?
Hibernate: insert into user (user_id, character_id, user_created_at, user_name, user_phone_number, user_user_id, user_user_password) values (default, ?, ?, ?, ?, ?, ?)
Hibernate: DELETE FROM USER_JOINING_POOL as JU where JU.USER_USER_ID =?
Hibernate: select user0_.user_id as col_0_0_ from user user0_ where user0_.user_user_id=? limit ?
Hibernate: select user0_.user_id as col_0_0_ from user user0_ where user0_.user_user_id=? limit ?
Hibernate: select U.* from USER U where U.USER_USER_ID =?
Hibernate: select character0_.character_id as characte1_6_0_, character0_.character_character_name as characte2_6_0_ from characters character0_ where character0_.character_id=?
Hibernate: select user0_.user_id as col_0_0_ from user user0_ where user0_.user_user_id=? limit ?
Hibernate: select userjoinin0_.user_joining_pool_id as col_0_0_ from user_joining_pool userjoinin0_ where userjoinin0_.user_user_id=? limit ?
Hibernate: select character0_.character_id as col_0_0_ from characters character0_ where character0_.character_character_name=? limit ?
Hibernate: insert into user_joining_pool (user_joining_pool_id, user_created_at, user_name, user_phone_number, user_user_id, user_user_password) values (default, ?, ?, ?, ?, ?)
Hibernate: select user0_.user_id as user_id1_21_0_, user0_.character_id as characte7_21_0_, user0_.user_created_at as user_cre2_21_0_, user0_.user_name as user_nam3_21_0_, user0_.user_phone_number as user_pho4_21_0_, user0_.user_user_id as user_use5_21_0_, user0_.user_user_password as user_use6_21_0_ from user user0_ where user0_.user_id=?
Hibernate: select character0_.character_id as characte1_6_0_, character0_.character_character_name as characte2_6_0_ from characters character0_ where character0_.character_id=?
Hibernate: select count(*) as col_0_0_ from user user0_ where user0_.user_id=?
Hibernate: select character1_.character_id as characte1_6_, character1_.character_character_name as characte2_6_ from user user0_ inner join characters character1_ on user0_.character_id=character1_.character_id where user0_.user_id=?
Hibernate: select permission0_.character_id as characte6_12_0_, permission0_.permission_id as permissi1_12_0_, permission0_.permission_id as permissi1_12_1_, permission0_.character_id as characte6_12_1_, permission0_.permission_name as permissi2_12_1_, permission0_.permission_permission_unit_id as permissi3_12_1_, permission0_.permission_service as permissi4_12_1_, permission0_.permission_status as permissi5_12_1_ from permission permission0_ where permission0_.character_id=?
Hibernate: select userjoinin0_.user_joining_pool_id as col_0_0_ from user_joining_pool userjoinin0_ where userjoinin0_.user_user_id=? limit ?
Hibernate: select userjoinin0_.user_joining_pool_id as user_joi1_22_, userjoinin0_.user_created_at as user_cre2_22_, userjoinin0_.user_name as user_nam3_22_, userjoinin0_.user_phone_number as user_pho4_22_, userjoinin0_.user_user_id as user_use5_22_, userjoinin0_.user_user_password as user_use6_22_ from user_joining_pool userjoinin0_ where userjoinin0_.user_user_id=?
Hibernate: select character0_.character_id as characte1_6_, character0_.character_character_name as characte2_6_ from characters character0_ where character0_.character_character_name=?
Hibernate: insert into user (user_id, character_id, user_created_at, user_name, user_phone_number, user_user_id, user_user_password) values (default, ?, ?, ?, ?, ?, ?)
Hibernate: DELETE FROM USER_JOINING_POOL as JU where JU.USER_USER_ID =?
Hibernate: select user0_.user_id as col_0_0_ from user user0_ where user0_.user_user_id=? limit ?
Hibernate: select user0_.user_id as col_0_0_ from user user0_ where user0_.user_user_id=? limit ?
Hibernate: select U.* from USER U where U.USER_USER_ID =?
Hibernate: select character0_.character_id as characte1_6_0_, character0_.character_character_name as characte2_6_0_ from characters character0_ where character0_.character_id=?
Hibernate: select user0_.user_id as col_0_0_ from user user0_ where user0_.user_user_id=? limit ?
Hibernate: select userjoinin0_.user_joining_pool_id as col_0_0_ from user_joining_pool userjoinin0_ where userjoinin0_.user_user_id=? limit ?
Hibernate: select character0_.character_id as col_0_0_ from characters character0_ where character0_.character_character_name=? limit ?
Hibernate: insert into user_joining_pool (user_joining_pool_id, user_created_at, user_name, user_phone_number, user_user_id, user_user_password) values (default, ?, ?, ?, ?, ?)
Hibernate: select user0_.user_id as user_id1_21_0_, user0_.character_id as characte7_21_0_, user0_.user_created_at as user_cre2_21_0_, user0_.user_name as user_nam3_21_0_, user0_.user_phone_number as user_pho4_21_0_, user0_.user_user_id as user_use5_21_0_, user0_.user_user_password as user_use6_21_0_ from user user0_ where user0_.user_id=?
Hibernate: select character0_.character_id as characte1_6_0_, character0_.character_character_name as characte2_6_0_ from characters character0_ where character0_.character_id=?
Hibernate: select count(*) as col_0_0_ from user user0_ where user0_.user_id=?
Hibernate: select character1_.character_id as characte1_6_, character1_.character_character_name as characte2_6_ from user user0_ inner join characters character1_ on user0_.character_id=character1_.character_id where user0_.user_id=?
Hibernate: select permission0_.character_id as characte6_12_0_, permission0_.permission_id as permissi1_12_0_, permission0_.permission_id as permissi1_12_1_, permission0_.character_id as characte6_12_1_, permission0_.permission_name as permissi2_12_1_, permission0_.permission_permission_unit_id as permissi3_12_1_, permission0_.permission_service as permissi4_12_1_, permission0_.permission_status as permissi5_12_1_ from permission permission0_ where permission0_.character_id=?
Hibernate: select userjoinin0_.user_joining_pool_id as col_0_0_ from user_joining_pool userjoinin0_ where userjoinin0_.user_user_id=? limit ?
Hibernate: select userjoinin0_.user_joining_pool_id as user_joi1_22_, userjoinin0_.user_created_at as user_cre2_22_, userjoinin0_.user_name as user_nam3_22_, userjoinin0_.user_phone_number as user_pho4_22_, userjoinin0_.user_user_id as user_use5_22_, userjoinin0_.user_user_password as user_use6_22_ from user_joining_pool userjoinin0_ where userjoinin0_.user_user_id=?
Hibernate: select character0_.character_id as characte1_6_, character0_.character_character_name as characte2_6_ from characters character0_ where character0_.character_character_name=?
Hibernate: insert into user (user_id, character_id, user_created_at, user_name, user_phone_number, user_user_id, user_user_password) values (default, ?, ?, ?, ?, ?, ?)
Hibernate: DELETE FROM USER_JOINING_POOL as JU where JU.USER_USER_ID =?
Hibernate: select user0_.user_id as col_0_0_ from user user0_ where user0_.user_user_id=? limit ?
Hibernate: select user0_.user_id as col_0_0_ from user user0_ where user0_.user_user_id=? limit ?
Hibernate: select U.* from USER U where U.USER_USER_ID =?
Hibernate: select character0_.character_id as characte1_6_0_, character0_.character_character_name as characte2_6_0_ from characters character0_ where character0_.character_id=?
Hibernate: select user0_.user_id as col_0_0_ from user user0_ where user0_.user_user_id=? limit ?
Hibernate: select userjoinin0_.user_joining_pool_id as col_0_0_ from user_joining_pool userjoinin0_ where userjoinin0_.user_user_id=? limit ?
Hibernate: select character0_.character_id as col_0_0_ from characters character0_ where character0_.character_character_name=? limit ?
Hibernate: insert into user_joining_pool (user_joining_pool_id, user_created_at, user_name, user_phone_number, user_user_id, user_user_password) values (default, ?, ?, ?, ?, ?)
Hibernate: select user0_.user_id as user_id1_21_0_, user0_.character_id as characte7_21_0_, user0_.user_created_at as user_cre2_21_0_, user0_.user_name as user_nam3_21_0_, user0_.user_phone_number as user_pho4_21_0_, user0_.user_user_id as user_use5_21_0_, user0_.user_user_password as user_use6_21_0_ from user user0_ where user0_.user_id=?
Hibernate: select character0_.character_id as characte1_6_0_, character0_.character_character_name as characte2_6_0_ from characters character0_ where character0_.character_id=?
Hibernate: select count(*) as col_0_0_ from user user0_ where user0_.user_id=?
Hibernate: select character1_.character_id as characte1_6_, character1_.character_character_name as characte2_6_ from user user0_ inner join characters character1_ on user0_.character_id=character1_.character_id where user0_.user_id=?
Hibernate: select permission0_.character_id as characte6_12_0_, permission0_.permission_id as permissi1_12_0_, permission0_.permission_id as permissi1_12_1_, permission0_.character_id as characte6_12_1_, permission0_.permission_name as permissi2_12_1_, permission0_.permission_permission_unit_id as permissi3_12_1_, permission0_.permission_service as permissi4_12_1_, permission0_.permission_status as permissi5_12_1_ from permission permission0_ where permission0_.character_id=?
Hibernate: select userjoinin0_.user_joining_pool_id as col_0_0_ from user_joining_pool userjoinin0_ where userjoinin0_.user_user_id=? limit ?
Hibernate: select userjoinin0_.user_joining_pool_id as user_joi1_22_, userjoinin0_.user_created_at as user_cre2_22_, userjoinin0_.user_name as user_nam3_22_, userjoinin0_.user_phone_number as user_pho4_22_, userjoinin0_.user_user_id as user_use5_22_, userjoinin0_.user_user_password as user_use6_22_ from user_joining_pool userjoinin0_ where userjoinin0_.user_user_id=?
Hibernate: select character0_.character_id as characte1_6_, character0_.character_character_name as characte2_6_ from characters character0_ where character0_.character_character_name=?
Hibernate: insert into user (user_id, character_id, user_created_at, user_name, user_phone_number, user_user_id, user_user_password) values (default, ?, ?, ?, ?, ?, ?)
Hibernate: DELETE FROM USER_JOINING_POOL as JU where JU.USER_USER_ID =?
Hibernate: select user0_.user_id as col_0_0_ from user user0_ where user0_.user_user_id=? limit ?
Hibernate: select user0_.user_id as col_0_0_ from user user0_ where user0_.user_user_id=? limit ?
Hibernate: select U.* from USER U where U.USER_USER_ID =?
Hibernate: select character0_.character_id as characte1_6_0_, character0_.character_character_name as characte2_6_0_ from characters character0_ where character0_.character_id=?
Hibernate: select user0_.user_id as col_0_0_ from user user0_ where user0_.user_user_id=? limit ?
Hibernate: select userjoinin0_.user_joining_pool_id as col_0_0_ from user_joining_pool userjoinin0_ where userjoinin0_.user_user_id=? limit ?
Hibernate: select character0_.character_id as col_0_0_ from characters character0_ where character0_.character_character_name=? limit ?
Hibernate: insert into user_joining_pool (user_joining_pool_id, user_created_at, user_name, user_phone_number, user_user_id, user_user_password) values (default, ?, ?, ?, ?, ?)
Hibernate: select user0_.user_id as user_id1_21_0_, user0_.character_id as characte7_21_0_, user0_.user_created_at as user_cre2_21_0_, user0_.user_name as user_nam3_21_0_, user0_.user_phone_number as user_pho4_21_0_, user0_.user_user_id as user_use5_21_0_, user0_.user_user_password as user_use6_21_0_ from user user0_ where user0_.user_id=?
Hibernate: select character0_.character_id as characte1_6_0_, character0_.character_character_name as characte2_6_0_ from characters character0_ where character0_.character_id=?
Hibernate: select count(*) as col_0_0_ from user user0_ where user0_.user_id=?
Hibernate: select character1_.character_id as characte1_6_, character1_.character_character_name as characte2_6_ from user user0_ inner join characters character1_ on user0_.character_id=character1_.character_id where user0_.user_id=?
Hibernate: select permission0_.character_id as characte6_12_0_, permission0_.permission_id as permissi1_12_0_, permission0_.permission_id as permissi1_12_1_, permission0_.character_id as characte6_12_1_, permission0_.permission_name as permissi2_12_1_, permission0_.permission_permission_unit_id as permissi3_12_1_, permission0_.permission_service as permissi4_12_1_, permission0_.permission_status as permissi5_12_1_ from permission permission0_ where permission0_.character_id=?
Hibernate: select userjoinin0_.user_joining_pool_id as col_0_0_ from user_joining_pool userjoinin0_ where userjoinin0_.user_user_id=? limit ?
Hibernate: select userjoinin0_.user_joining_pool_id as user_joi1_22_, userjoinin0_.user_created_at as user_cre2_22_, userjoinin0_.user_name as user_nam3_22_, userjoinin0_.user_phone_number as user_pho4_22_, userjoinin0_.user_user_id as user_use5_22_, userjoinin0_.user_user_password as user_use6_22_ from user_joining_pool userjoinin0_ where userjoinin0_.user_user_id=?
Hibernate: select character0_.character_id as characte1_6_, character0_.character_character_name as characte2_6_ from characters character0_ where character0_.character_character_name=?
Hibernate: insert into user (user_id, character_id, user_created_at, user_name, user_phone_number, user_user_id, user_user_password) values (default, ?, ?, ?, ?, ?, ?)
Hibernate: DELETE FROM USER_JOINING_POOL as JU where JU.USER_USER_ID =?
Hibernate: select user0_.user_id as user_id1_21_0_, user0_.character_id as characte7_21_0_, user0_.user_created_at as user_cre2_21_0_, user0_.user_name as user_nam3_21_0_, user0_.user_phone_number as user_pho4_21_0_, user0_.user_user_id as user_use5_21_0_, user0_.user_user_password as user_use6_21_0_ from user user0_ where user0_.user_id=?
Hibernate: select character0_.character_id as characte1_6_0_, character0_.character_character_name as characte2_6_0_ from characters character0_ where character0_.character_id=?
Hibernate: select count(*) as col_0_0_ from user user0_ where user0_.user_id=?
Hibernate: select character1_.character_id as characte1_6_, character1_.character_character_name as characte2_6_ from user user0_ inner join characters character1_ on user0_.character_id=character1_.character_id where user0_.user_id=?
Hibernate: select permission0_.character_id as characte6_12_0_, permission0_.permission_id as permissi1_12_0_, permission0_.permission_id as permissi1_12_1_, permission0_.character_id as characte6_12_1_, permission0_.permission_name as permissi2_12_1_, permission0_.permission_permission_unit_id as permissi3_12_1_, permission0_.permission_service as permissi4_12_1_, permission0_.permission_status as permissi5_12_1_ from permission permission0_ where permission0_.character_id=?
Hibernate: select user0_.user_id as col_0_0_ from user user0_ where user0_.user_user_id=? limit ?
Hibernate: select user0_.user_id as col_0_0_ from user user0_ where user0_.user_user_id=? limit ?
Hibernate: select user0_.user_id as col_0_0_ from user user0_ where user0_.user_user_id=? limit ?
Hibernate: select user0_.user_id as col_0_0_ from user user0_ where user0_.user_user_id=? limit ?
Hibernate: select user0_.user_id as col_0_0_ from user user0_ where user0_.user_user_id=? limit ?
Hibernate: select user0_.user_id as user_id1_21_, user0_.character_id as characte7_21_, user0_.user_created_at as user_cre2_21_, user0_.user_name as user_nam3_21_, user0_.user_phone_number as user_pho4_21_, user0_.user_user_id as user_use5_21_, user0_.user_user_password as user_use6_21_ from user user0_ inner join characters character1_ on user0_.character_id=character1_.character_id where user0_.user_user_id=?
Hibernate: select character0_.character_id as characte1_6_0_, character0_.character_character_name as characte2_6_0_ from characters character0_ where character0_.character_id=?
Hibernate: select user0_.user_id as user_id1_21_, user0_.character_id as characte7_21_, user0_.user_created_at as user_cre2_21_, user0_.user_name as user_nam3_21_, user0_.user_phone_number as user_pho4_21_, user0_.user_user_id as user_use5_21_, user0_.user_user_password as user_use6_21_ from user user0_ inner join characters character1_ on user0_.character_id=character1_.character_id where user0_.user_user_id=?
Hibernate: select user0_.user_id as user_id1_21_, user0_.character_id as characte7_21_, user0_.user_created_at as user_cre2_21_, user0_.user_name as user_nam3_21_, user0_.user_phone_number as user_pho4_21_, user0_.user_user_id as user_use5_21_, user0_.user_user_password as user_use6_21_ from user user0_ inner join characters character1_ on user0_.character_id=character1_.character_id where user0_.user_user_id=?
Hibernate: select user0_.user_id as user_id1_21_, user0_.character_id as characte7_21_, user0_.user_created_at as user_cre2_21_, user0_.user_name as user_nam3_21_, user0_.user_phone_number as user_pho4_21_, user0_.user_user_id as user_use5_21_, user0_.user_user_password as user_use6_21_ from user user0_ inner join characters character1_ on user0_.character_id=character1_.character_id where user0_.user_user_id=?
Hibernate: select user0_.user_id as user_id1_21_, user0_.character_id as characte7_21_, user0_.user_created_at as user_cre2_21_, user0_.user_name as user_nam3_21_, user0_.user_phone_number as user_pho4_21_, user0_.user_user_id as user_use5_21_, user0_.user_user_password as user_use6_21_ from user user0_ inner join characters character1_ on user0_.character_id=character1_.character_id where user0_.user_user_id=?
Hibernate: insert into team_building (team_building_team_building_id, team_building_created_at, team_building_last_modified_at, team_building_team_building_title) values (default, ?, ?, ?)
Hibernate: insert into team (team_team_id, team_last_modified_at, team_building_team_building_id, team_team_name) values (default, ?, ?, ?)
Hibernate: insert into team_user (team_user_id, team_team_id, user_id) values (default, ?, ?)
Hibernate: insert into team_user (team_user_id, team_team_id, user_id) values (default, ?, ?)
Hibernate: insert into team_user (team_user_id, team_team_id, user_id) values (default, ?, ?)
Hibernate: insert into team (team_team_id, team_last_modified_at, team_building_team_building_id, team_team_name) values (default, ?, ?, ?)
Hibernate: insert into team_user (team_user_id, team_team_id, user_id) values (default, ?, ?)
Hibernate: insert into team_user (team_user_id, team_team_id, user_id) values (default, ?, ?)
Hibernate: select user0_.user_id as user_id1_21_0_, user0_.character_id as characte7_21_0_, user0_.user_created_at as user_cre2_21_0_, user0_.user_name as user_nam3_21_0_, user0_.user_phone_number as user_pho4_21_0_, user0_.user_user_id as user_use5_21_0_, user0_.user_user_password as user_use6_21_0_ from user user0_ where user0_.user_id=?
Hibernate: select character0_.character_id as characte1_6_0_, character0_.character_character_name as characte2_6_0_ from characters character0_ where character0_.character_id=?
Hibernate: select count(*) as col_0_0_ from team_building teambuildi0_
Hibernate: select count(*) as col_0_0_ from team_building teambuildi0_
Hibernate: select teambuildi0_.team_building_team_building_id as team_bui1_19_, teambuildi0_.team_building_created_at as team_bui2_19_, teambuildi0_.team_building_last_modified_at as team_bui3_19_, teambuildi0_.team_building_team_building_title as team_bui4_19_ from team_building teambuildi0_ order by teambuildi0_.team_building_created_at desc, teambuildi0_.team_building_team_building_id desc limit ?
Hibernate: select teamlist0_.team_building_team_building_id as team_bui4_18_0_, teamlist0_.team_team_id as team_tea1_18_0_, teamlist0_.team_team_id as team_tea1_18_1_, teamlist0_.team_last_modified_at as team_las2_18_1_, teamlist0_.team_building_team_building_id as team_bui4_18_1_, teamlist0_.team_team_name as team_tea3_18_1_ from team teamlist0_ where teamlist0_.team_building_team_building_id=?
Hibernate: select teamuserli0_.team_team_id as team_tea2_20_0_, teamuserli0_.team_user_id as team_use1_20_0_, teamuserli0_.team_user_id as team_use1_20_1_, teamuserli0_.team_team_id as team_tea2_20_1_, teamuserli0_.user_id as user_id3_20_1_ from team_user teamuserli0_ where teamuserli0_.team_team_id=?
Hibernate: select user0_.user_id as user_id1_21_0_, user0_.character_id as characte7_21_0_, user0_.user_created_at as user_cre2_21_0_, user0_.user_name as user_nam3_21_0_, user0_.user_phone_number as user_pho4_21_0_, user0_.user_user_id as user_use5_21_0_, user0_.user_user_password as user_use6_21_0_ from user user0_ where user0_.user_id=?
Hibernate: select character0_.character_id as characte1_6_0_, character0_.character_character_name as characte2_6_0_ from characters character0_ where character0_.character_id=?
Hibernate: select user0_.user_id as user_id1_21_0_, user0_.character_id as characte7_21_0_, user0_.user_created_at as user_cre2_21_0_, user0_.user_name as user_nam3_21_0_, user0_.user_phone_number as user_pho4_21_0_, user0_.user_user_id as user_use5_21_0_, user0_.user_user_password as user_use6_21_0_ from user user0_ where user0_.user_id=?
Hibernate: select user0_.user_id as user_id1_21_0_, user0_.character_id as characte7_21_0_, user0_.user_created_at as user_cre2_21_0_, user0_.user_name as user_nam3_21_0_, user0_.user_phone_number as user_pho4_21_0_, user0_.user_user_id as user_use5_21_0_, user0_.user_user_password as user_use6_21_0_ from user user0_ where user0_.user_id=?
Hibernate: select teamuserli0_.team_team_id as team_tea2_20_0_, teamuserli0_.team_user_id as team_use1_20_0_, teamuserli0_.team_user_id as team_use1_20_1_, teamuserli0_.team_team_id as team_tea2_20_1_, teamuserli0_.user_id as user_id3_20_1_ from team_user teamuserli0_ where teamuserli0_.team_team_id=?
Hibernate: select user0_.user_id as user_id1_21_0_, user0_.character_id as characte7_21_0_, user0_.user_created_at as user_cre2_21_0_, user0_.user_name as user_nam3_21_0_, user0_.user_phone_number as user_pho4_21_0_, user0_.user_user_id as user_use5_21_0_, user0_.user_user_password as user_use6_21_0_ from user user0_ where user0_.user_id=?
Hibernate: select user0_.user_id as user_id1_21_0_, user0_.character_id as characte7_21_0_, user0_.user_created_at as user_cre2_21_0_, user0_.user_name as user_nam3_21_0_, user0_.user_phone_number as user_pho4_21_0_, user0_.user_user_id as user_use5_21_0_, user0_.user_user_password as user_use6_21_0_ from user user0_ where user0_.user_id=?
Hibernate: select user0_.user_id as user_id1_21_0_, user0_.character_id as characte7_21_0_, user0_.user_created_at as user_cre2_21_0_, user0_.user_name as user_nam3_21_0_, user0_.user_phone_number as user_pho4_21_0_, user0_.user_user_id as user_use5_21_0_, user0_.user_user_password as user_use6_21_0_ from user user0_ where user0_.user_id=?
Hibernate: select character0_.character_id as characte1_6_0_, character0_.character_character_name as characte2_6_0_ from characters character0_ where character0_.character_id=?
Hibernate: select count(*) as col_0_0_ from user user0_ where user0_.user_id=?
Hibernate: select character1_.character_id as characte1_6_, character1_.character_character_name as characte2_6_ from user user0_ inner join characters character1_ on user0_.character_id=character1_.character_id where user0_.user_id=?
Hibernate: select permission0_.character_id as characte6_12_0_, permission0_.permission_id as permissi1_12_0_, permission0_.permission_id as permissi1_12_1_, permission0_.character_id as characte6_12_1_, permission0_.permission_name as permissi2_12_1_, permission0_.permission_permission_unit_id as permissi3_12_1_, permission0_.permission_service as permissi4_12_1_, permission0_.permission_status as permissi5_12_1_ from permission permission0_ where permission0_.character_id=?
Hibernate: select count(*) as col_0_0_ from team team0_ where team0_.team_team_id=?
Hibernate: select team0_.team_team_id as team_tea1_18_0_, team0_.team_last_modified_at as team_las2_18_0_, team0_.team_building_team_building_id as team_bui4_18_0_, team0_.team_team_name as team_tea3_18_0_ from team team0_ where team0_.team_team_id=?
Hibernate: select teambuildi0_.team_building_team_building_id as team_bui1_19_0_, teambuildi0_.team_building_created_at as team_bui2_19_0_, teambuildi0_.team_building_last_modified_at as team_bui3_19_0_, teambuildi0_.team_building_team_building_title as team_bui4_19_0_ from team_building teambuildi0_ where teambuildi0_.team_building_team_building_id=?
Hibernate: select teamuserli0_.team_team_id as team_tea2_20_0_, teamuserli0_.team_user_id as team_use1_20_0_, teamuserli0_.team_user_id as team_use1_20_1_, teamuserli0_.team_team_id as team_tea2_20_1_, teamuserli0_.user_id as user_id3_20_1_ from team_user teamuserli0_ where teamuserli0_.team_team_id=?
Hibernate: select user0_.user_id as user_id1_21_0_, user0_.character_id as characte7_21_0_, user0_.user_created_at as user_cre2_21_0_, user0_.user_name as user_nam3_21_0_, user0_.user_phone_number as user_pho4_21_0_, user0_.user_user_id as user_use5_21_0_, user0_.user_user_password as user_use6_21_0_ from user user0_ where user0_.user_id=?
Hibernate: select character0_.character_id as characte1_6_0_, character0_.character_character_name as characte2_6_0_ from characters character0_ where character0_.character_id=?
Hibernate: select user0_.user_id as user_id1_21_0_, user0_.character_id as characte7_21_0_, user0_.user_created_at as user_cre2_21_0_, user0_.user_name as user_nam3_21_0_, user0_.user_phone_number as user_pho4_21_0_, user0_.user_user_id as user_use5_21_0_, user0_.user_user_password as user_use6_21_0_ from user user0_ where user0_.user_id=?
Hibernate: select user0_.user_id as user_id1_21_0_, user0_.character_id as characte7_21_0_, user0_.user_created_at as user_cre2_21_0_, user0_.user_name as user_nam3_21_0_, user0_.user_phone_number as user_pho4_21_0_, user0_.user_user_id as user_use5_21_0_, user0_.user_user_password as user_use6_21_0_ from user user0_ where user0_.user_id=?
Hibernate: SELECT * FROM TEAM WHERE TEAM_BUILDING_TEAM_BUILDING_ID = ?
Hibernate: select teamuserli0_.team_team_id as team_tea2_20_0_, teamuserli0_.team_user_id as team_use1_20_0_, teamuserli0_.team_user_id as team_use1_20_1_, teamuserli0_.team_team_id as team_tea2_20_1_, teamuserli0_.user_id as user_id3_20_1_ from team_user teamuserli0_ where teamuserli0_.team_team_id=?
Hibernate: select user0_.user_id as user_id1_21_0_, user0_.character_id as characte7_21_0_, user0_.user_created_at as user_cre2_21_0_, user0_.user_name as user_nam3_21_0_, user0_.user_phone_number as user_pho4_21_0_, user0_.user_user_id as user_use5_21_0_, user0_.user_user_password as user_use6_21_0_ from user user0_ where user0_.user_id=?
Hibernate: select user0_.user_id as user_id1_21_0_, user0_.character_id as characte7_21_0_, user0_.user_created_at as user_cre2_21_0_, user0_.user_name as user_nam3_21_0_, user0_.user_phone_number as user_pho4_21_0_, user0_.user_user_id as user_use5_21_0_, user0_.user_user_password as user_use6_21_0_ from user user0_ where user0_.user_id=?
Hibernate: SELECT DISTINCT TU.USER_ID FROM TEAM_USER AS TU INNER JOIN TEAM AS T WHERE T.TEAM_BUILDING_TEAM_BUILDING_ID = ? AND TU.TEAM_TEAM_ID = T.TEAM_TEAM_ID
Hibernate: update team set team_last_modified_at=?, team_building_team_building_id=?, team_team_name=? where team_team_id=?
Hibernate: delete from team_user where team_user_id=?
Hibernate: delete from team_user where team_user_id=?
Hibernate: delete from team_user where team_user_id=?

MockHttpServletRequest:
      HTTP Method = PUT
      Request URI = /teambuilding/47
       Parameters = {}
          Headers = [Content-Type:"application/json;charset=UTF-8", Accept:"application/json", api-version:"1.0", Authorization:"Bearer eyJhbGciOiJIUzI1NiJ9.eyJzdWIiOiIxIiwiaWF0IjoxNjg3ODc3NDY5LCJleHAiOjE2ODc4ODEwNjl9.5GpcrqH17WaCEi6670WViYdxZ8Db7S7TQOeUs9MSnKg", Content-Length:"37"]
             Body = {"team_name":"lalalala","members":[]}
    Session Attrs = {}

Handler:
             Type = org.waldreg.controller.teambuilding.TeamBuildingController
           Method = org.waldreg.controller.teambuilding.TeamBuildingController#updateTeamByTeamId(int, TeamRequest)

Async:
    Async started = false
     Async result = null

Resolved Exception:
             Type = null

ModelAndView:
        View name = null
             View = null
            Model = null

FlashMap:
       Attributes = null

MockHttpServletResponse:
           Status = 200
    Error message = null
          Headers = [Vary:"Origin", "Access-Control-Request-Method", "Access-Control-Request-Headers", Api-version:"1.0"]
     Content type = null
             Body = 
    Forwarded URL = null
   Redirected URL = null
          Cookies = []
Hibernate: select user0_.user_id as col_0_0_ from user user0_ where user0_.user_user_id=? limit ?
Hibernate: select user0_.user_id as col_0_0_ from user user0_ where user0_.user_user_id=? limit ?
Hibernate: select U.* from USER U where U.USER_USER_ID =?
Hibernate: select character0_.character_id as characte1_6_0_, character0_.character_character_name as characte2_6_0_ from characters character0_ where character0_.character_id=?
Hibernate: select user0_.user_id as user_id1_21_0_, user0_.character_id as characte7_21_0_, user0_.user_created_at as user_cre2_21_0_, user0_.user_name as user_nam3_21_0_, user0_.user_phone_number as user_pho4_21_0_, user0_.user_user_id as user_use5_21_0_, user0_.user_user_password as user_use6_21_0_ from user user0_ where user0_.user_id=?
Hibernate: select character0_.character_id as characte1_6_0_, character0_.character_character_name as characte2_6_0_ from characters character0_ where character0_.character_id=?
Hibernate: select count(*) as col_0_0_ from team_building teambuildi0_
Hibernate: select count(*) as col_0_0_ from team_building teambuildi0_
Hibernate: select teambuildi0_.team_building_team_building_id as team_bui1_19_, teambuildi0_.team_building_created_at as team_bui2_19_, teambuildi0_.team_building_last_modified_at as team_bui3_19_, teambuildi0_.team_building_team_building_title as team_bui4_19_ from team_building teambuildi0_ order by teambuildi0_.team_building_created_at desc, teambuildi0_.team_building_team_building_id desc limit ?
Hibernate: select teamlist0_.team_building_team_building_id as team_bui4_18_0_, teamlist0_.team_team_id as team_tea1_18_0_, teamlist0_.team_team_id as team_tea1_18_1_, teamlist0_.team_last_modified_at as team_las2_18_1_, teamlist0_.team_building_team_building_id as team_bui4_18_1_, teamlist0_.team_team_name as team_tea3_18_1_ from team teamlist0_ where teamlist0_.team_building_team_building_id=?
Hibernate: select teamuserli0_.team_team_id as team_tea2_20_0_, teamuserli0_.team_user_id as team_use1_20_0_, teamuserli0_.team_user_id as team_use1_20_1_, teamuserli0_.team_team_id as team_tea2_20_1_, teamuserli0_.user_id as user_id3_20_1_ from team_user teamuserli0_ where teamuserli0_.team_team_id=?
Hibernate: select teamuserli0_.team_team_id as team_tea2_20_0_, teamuserli0_.team_user_id as team_use1_20_0_, teamuserli0_.team_user_id as team_use1_20_1_, teamuserli0_.team_team_id as team_tea2_20_1_, teamuserli0_.user_id as user_id3_20_1_ from team_user teamuserli0_ where teamuserli0_.team_team_id=?
Hibernate: select user0_.user_id as user_id1_21_0_, user0_.character_id as characte7_21_0_, user0_.user_created_at as user_cre2_21_0_, user0_.user_name as user_nam3_21_0_, user0_.user_phone_number as user_pho4_21_0_, user0_.user_user_id as user_use5_21_0_, user0_.user_user_password as user_use6_21_0_ from user user0_ where user0_.user_id=?
Hibernate: select character0_.character_id as characte1_6_0_, character0_.character_character_name as characte2_6_0_ from characters character0_ where character0_.character_id=?
Hibernate: select user0_.user_id as user_id1_21_0_, user0_.character_id as characte7_21_0_, user0_.user_created_at as user_cre2_21_0_, user0_.user_name as user_nam3_21_0_, user0_.user_phone_number as user_pho4_21_0_, user0_.user_user_id as user_use5_21_0_, user0_.user_user_password as user_use6_21_0_ from user user0_ where user0_.user_id=?
Hibernate: select user0_.user_id as user_id1_21_0_, user0_.character_id as characte7_21_0_, user0_.user_created_at as user_cre2_21_0_, user0_.user_name as user_nam3_21_0_, user0_.user_phone_number as user_pho4_21_0_, user0_.user_user_id as user_use5_21_0_, user0_.user_user_password as user_use6_21_0_ from user user0_ where user0_.user_id=?
Hibernate: select character0_.character_id as characte1_6_0_, character0_.character_character_name as characte2_6_0_ from characters character0_ where character0_.character_id=?
Hibernate: select count(*) as col_0_0_ from user user0_ where user0_.user_id=?
Hibernate: select character1_.character_id as characte1_6_, character1_.character_character_name as characte2_6_ from user user0_ inner join characters character1_ on user0_.character_id=character1_.character_id where user0_.user_id=?
Hibernate: select permission0_.character_id as characte6_12_0_, permission0_.permission_id as permissi1_12_0_, permission0_.permission_id as permissi1_12_1_, permission0_.character_id as characte6_12_1_, permission0_.permission_name as permissi2_12_1_, permission0_.permission_permission_unit_id as permissi3_12_1_, permission0_.permission_service as permissi4_12_1_, permission0_.permission_status as permissi5_12_1_ from permission permission0_ where permission0_.character_id=?
Hibernate: select count(*) as col_0_0_ from team_building teambuildi0_ where teambuildi0_.team_building_team_building_id=?
Hibernate: select teambuildi0_.team_building_team_building_id as team_bui1_19_0_, teambuildi0_.team_building_created_at as team_bui2_19_0_, teambuildi0_.team_building_last_modified_at as team_bui3_19_0_, teambuildi0_.team_building_team_building_title as team_bui4_19_0_ from team_building teambuildi0_ where teambuildi0_.team_building_team_building_id=?
Hibernate: select teamlist0_.team_building_team_building_id as team_bui4_18_0_, teamlist0_.team_team_id as team_tea1_18_0_, teamlist0_.team_team_id as team_tea1_18_1_, teamlist0_.team_last_modified_at as team_las2_18_1_, teamlist0_.team_building_team_building_id as team_bui4_18_1_, teamlist0_.team_team_name as team_tea3_18_1_ from team teamlist0_ where teamlist0_.team_building_team_building_id=?
Hibernate: select teamuserli0_.team_team_id as team_tea2_20_0_, teamuserli0_.team_user_id as team_use1_20_0_, teamuserli0_.team_user_id as team_use1_20_1_, teamuserli0_.team_team_id as team_tea2_20_1_, teamuserli0_.user_id as user_id3_20_1_ from team_user teamuserli0_ where teamuserli0_.team_team_id=?
Hibernate: select teamuserli0_.team_team_id as team_tea2_20_0_, teamuserli0_.team_user_id as team_use1_20_0_, teamuserli0_.team_user_id as team_use1_20_1_, teamuserli0_.team_team_id as team_tea2_20_1_, teamuserli0_.user_id as user_id3_20_1_ from team_user teamuserli0_ where teamuserli0_.team_team_id=?
Hibernate: select user0_.user_id as user_id1_21_0_, user0_.character_id as characte7_21_0_, user0_.user_created_at as user_cre2_21_0_, user0_.user_name as user_nam3_21_0_, user0_.user_phone_number as user_pho4_21_0_, user0_.user_user_id as user_use5_21_0_, user0_.user_user_password as user_use6_21_0_ from user user0_ where user0_.user_id=?
Hibernate: select character0_.character_id as characte1_6_0_, character0_.character_character_name as characte2_6_0_ from characters character0_ where character0_.character_id=?
Hibernate: select user0_.user_id as user_id1_21_0_, user0_.character_id as characte7_21_0_, user0_.user_created_at as user_cre2_21_0_, user0_.user_name as user_nam3_21_0_, user0_.user_phone_number as user_pho4_21_0_, user0_.user_user_id as user_use5_21_0_, user0_.user_user_password as user_use6_21_0_ from user user0_ where user0_.user_id=?
Hibernate: delete from team where team_team_id=?
Hibernate: delete from team_user where team_user_id=?
Hibernate: delete from team_user where team_user_id=?
Hibernate: delete from team where team_team_id=?
Hibernate: delete from team_building where team_building_team_building_id=?
Hibernate: select user0_.user_id as user_id1_21_0_, user0_.character_id as characte7_21_0_, user0_.user_created_at as user_cre2_21_0_, user0_.user_name as user_nam3_21_0_, user0_.user_phone_number as user_pho4_21_0_, user0_.user_user_id as user_use5_21_0_, user0_.user_user_password as user_use6_21_0_ from user user0_ where user0_.user_id=?
Hibernate: select character0_.character_id as characte1_6_0_, character0_.character_character_name as characte2_6_0_ from characters character0_ where character0_.character_id=?
Hibernate: select count(*) as col_0_0_ from team_building teambuildi0_ where teambuildi0_.team_building_team_building_id=?
Hibernate: select user0_.user_id as col_0_0_ from user user0_ where user0_.user_user_id=? limit ?
Hibernate: select user0_.user_id as col_0_0_ from user user0_ where user0_.user_user_id=? limit ?
Hibernate: select U.* from USER U where U.USER_USER_ID =?
Hibernate: select character0_.character_id as characte1_6_0_, character0_.character_character_name as characte2_6_0_ from characters character0_ where character0_.character_id=?
Hibernate: select user0_.user_id as col_0_0_ from user user0_ where user0_.user_user_id=? limit ?
Hibernate: select user0_.user_id as user_id1_21_, user0_.character_id as characte7_21_, user0_.user_created_at as user_cre2_21_, user0_.user_name as user_nam3_21_, user0_.user_phone_number as user_pho4_21_, user0_.user_user_id as user_use5_21_, user0_.user_user_password as user_use6_21_ from user user0_ inner join characters character1_ on user0_.character_id=character1_.character_id where user0_.user_user_id=?
Hibernate: select character0_.character_id as characte1_6_0_, character0_.character_character_name as characte2_6_0_ from characters character0_ where character0_.character_id=?
Hibernate: select rewardtagw0_.user_id as user_id4_16_0_, rewardtagw0_.reward_tag_wrapper_reward_id as reward_t1_16_0_, rewardtagw0_.reward_tag_wrapper_reward_id as reward_t1_16_1_, rewardtagw0_.reward_tag_wrapper_reward_presented_at as reward_t2_16_1_, rewardtagw0_.reward_tag_reward_tag_id as reward_t3_16_1_, rewardtagw0_.user_id as user_id4_16_1_ from reward_tag_wrapper rewardtagw0_ where rewardtagw0_.user_id=?
Hibernate: select user0_.user_id as user_id1_21_0_, user0_.character_id as characte7_21_0_, user0_.user_created_at as user_cre2_21_0_, user0_.user_name as user_nam3_21_0_, user0_.user_phone_number as user_pho4_21_0_, user0_.user_user_id as user_use5_21_0_, user0_.user_user_password as user_use6_21_0_ from user user0_ where user0_.user_id=?
Hibernate: select character0_.character_id as characte1_6_0_, character0_.character_character_name as characte2_6_0_ from characters character0_ where character0_.character_id=?
Hibernate: select count(*) as col_0_0_ from user user0_ where user0_.user_id=?
Hibernate: select character1_.character_id as characte1_6_, character1_.character_character_name as characte2_6_ from user user0_ inner join characters character1_ on user0_.character_id=character1_.character_id where user0_.user_id=?
Hibernate: select permission0_.character_id as characte6_12_0_, permission0_.permission_id as permissi1_12_0_, permission0_.permission_id as permissi1_12_1_, permission0_.character_id as characte6_12_1_, permission0_.permission_name as permissi2_12_1_, permission0_.permission_permission_unit_id as permissi3_12_1_, permission0_.permission_service as permissi4_12_1_, permission0_.permission_status as permissi5_12_1_ from permission permission0_ where permission0_.character_id=?
Hibernate: select count(*) as col_0_0_ from user user0_ where user0_.user_id=?
Hibernate: select user0_.user_id as user_id1_21_, user0_.character_id as characte7_21_, user0_.user_created_at as user_cre2_21_, user0_.user_name as user_nam3_21_, user0_.user_phone_number as user_pho4_21_, user0_.user_user_id as user_use5_21_, user0_.user_user_password as user_use6_21_ from user user0_ where user0_.user_id=?
Hibernate: select character0_.character_id as characte1_6_0_, character0_.character_character_name as characte2_6_0_ from characters character0_ where character0_.character_id=?
Hibernate: select rewardtagw0_.user_id as user_id4_16_0_, rewardtagw0_.reward_tag_wrapper_reward_id as reward_t1_16_0_, rewardtagw0_.reward_tag_wrapper_reward_id as reward_t1_16_1_, rewardtagw0_.reward_tag_wrapper_reward_presented_at as reward_t2_16_1_, rewardtagw0_.reward_tag_reward_tag_id as reward_t3_16_1_, rewardtagw0_.user_id as user_id4_16_1_ from reward_tag_wrapper rewardtagw0_ where rewardtagw0_.user_id=?
Hibernate: select attendance0_.attendance_user_attendance_user_id as col_0_0_ from attendance_user attendance0_ where attendance0_.user_id=? limit ?
Hibernate: DELETE FROM USER WHERE USER_ID = ?
Hibernate: select user0_.user_id as col_0_0_ from user user0_ where user0_.user_user_id=? limit ?
Hibernate: select user0_.user_id as col_0_0_ from user user0_ where user0_.user_user_id=? limit ?
Hibernate: select user0_.user_id as user_id1_21_, user0_.character_id as characte7_21_, user0_.user_created_at as user_cre2_21_, user0_.user_name as user_nam3_21_, user0_.user_phone_number as user_pho4_21_, user0_.user_user_id as user_use5_21_, user0_.user_user_password as user_use6_21_ from user user0_ inner join characters character1_ on user0_.character_id=character1_.character_id where user0_.user_user_id=?
Hibernate: select character0_.character_id as characte1_6_0_, character0_.character_character_name as characte2_6_0_ from characters character0_ where character0_.character_id=?
Hibernate: select rewardtagw0_.user_id as user_id4_16_0_, rewardtagw0_.reward_tag_wrapper_reward_id as reward_t1_16_0_, rewardtagw0_.reward_tag_wrapper_reward_id as reward_t1_16_1_, rewardtagw0_.reward_tag_wrapper_reward_presented_at as reward_t2_16_1_, rewardtagw0_.reward_tag_reward_tag_id as reward_t3_16_1_, rewardtagw0_.user_id as user_id4_16_1_ from reward_tag_wrapper rewardtagw0_ where rewardtagw0_.user_id=?
Hibernate: select user0_.user_id as user_id1_21_0_, user0_.character_id as characte7_21_0_, user0_.user_created_at as user_cre2_21_0_, user0_.user_name as user_nam3_21_0_, user0_.user_phone_number as user_pho4_21_0_, user0_.user_user_id as user_use5_21_0_, user0_.user_user_password as user_use6_21_0_ from user user0_ where user0_.user_id=?
Hibernate: select character0_.character_id as characte1_6_0_, character0_.character_character_name as characte2_6_0_ from characters character0_ where character0_.character_id=?
Hibernate: select count(*) as col_0_0_ from user user0_ where user0_.user_id=?
Hibernate: select character1_.character_id as characte1_6_, character1_.character_character_name as characte2_6_ from user user0_ inner join characters character1_ on user0_.character_id=character1_.character_id where user0_.user_id=?
Hibernate: select permission0_.character_id as characte6_12_0_, permission0_.permission_id as permissi1_12_0_, permission0_.permission_id as permissi1_12_1_, permission0_.character_id as characte6_12_1_, permission0_.permission_name as permissi2_12_1_, permission0_.permission_permission_unit_id as permissi3_12_1_, permission0_.permission_service as permissi4_12_1_, permission0_.permission_status as permissi5_12_1_ from permission permission0_ where permission0_.character_id=?
Hibernate: select count(*) as col_0_0_ from user user0_ where user0_.user_id=?
Hibernate: select user0_.user_id as user_id1_21_, user0_.character_id as characte7_21_, user0_.user_created_at as user_cre2_21_, user0_.user_name as user_nam3_21_, user0_.user_phone_number as user_pho4_21_, user0_.user_user_id as user_use5_21_, user0_.user_user_password as user_use6_21_ from user user0_ where user0_.user_id=?
Hibernate: select character0_.character_id as characte1_6_0_, character0_.character_character_name as characte2_6_0_ from characters character0_ where character0_.character_id=?
Hibernate: select rewardtagw0_.user_id as user_id4_16_0_, rewardtagw0_.reward_tag_wrapper_reward_id as reward_t1_16_0_, rewardtagw0_.reward_tag_wrapper_reward_id as reward_t1_16_1_, rewardtagw0_.reward_tag_wrapper_reward_presented_at as reward_t2_16_1_, rewardtagw0_.reward_tag_reward_tag_id as reward_t3_16_1_, rewardtagw0_.user_id as user_id4_16_1_ from reward_tag_wrapper rewardtagw0_ where rewardtagw0_.user_id=?
Hibernate: select attendance0_.attendance_user_attendance_user_id as col_0_0_ from attendance_user attendance0_ where attendance0_.user_id=? limit ?
Hibernate: DELETE FROM USER WHERE USER_ID = ?
Hibernate: select user0_.user_id as col_0_0_ from user user0_ where user0_.user_user_id=? limit ?
Hibernate: select user0_.user_id as col_0_0_ from user user0_ where user0_.user_user_id=? limit ?
Hibernate: select user0_.user_id as user_id1_21_, user0_.character_id as characte7_21_, user0_.user_created_at as user_cre2_21_, user0_.user_name as user_nam3_21_, user0_.user_phone_number as user_pho4_21_, user0_.user_user_id as user_use5_21_, user0_.user_user_password as user_use6_21_ from user user0_ inner join characters character1_ on user0_.character_id=character1_.character_id where user0_.user_user_id=?
Hibernate: select character0_.character_id as characte1_6_0_, character0_.character_character_name as characte2_6_0_ from characters character0_ where character0_.character_id=?
Hibernate: select rewardtagw0_.user_id as user_id4_16_0_, rewardtagw0_.reward_tag_wrapper_reward_id as reward_t1_16_0_, rewardtagw0_.reward_tag_wrapper_reward_id as reward_t1_16_1_, rewardtagw0_.reward_tag_wrapper_reward_presented_at as reward_t2_16_1_, rewardtagw0_.reward_tag_reward_tag_id as reward_t3_16_1_, rewardtagw0_.user_id as user_id4_16_1_ from reward_tag_wrapper rewardtagw0_ where rewardtagw0_.user_id=?
Hibernate: select user0_.user_id as user_id1_21_0_, user0_.character_id as characte7_21_0_, user0_.user_created_at as user_cre2_21_0_, user0_.user_name as user_nam3_21_0_, user0_.user_phone_number as user_pho4_21_0_, user0_.user_user_id as user_use5_21_0_, user0_.user_user_password as user_use6_21_0_ from user user0_ where user0_.user_id=?
Hibernate: select character0_.character_id as characte1_6_0_, character0_.character_character_name as characte2_6_0_ from characters character0_ where character0_.character_id=?
Hibernate: select count(*) as col_0_0_ from user user0_ where user0_.user_id=?
Hibernate: select character1_.character_id as characte1_6_, character1_.character_character_name as characte2_6_ from user user0_ inner join characters character1_ on user0_.character_id=character1_.character_id where user0_.user_id=?
Hibernate: select permission0_.character_id as characte6_12_0_, permission0_.permission_id as permissi1_12_0_, permission0_.permission_id as permissi1_12_1_, permission0_.character_id as characte6_12_1_, permission0_.permission_name as permissi2_12_1_, permission0_.permission_permission_unit_id as permissi3_12_1_, permission0_.permission_service as permissi4_12_1_, permission0_.permission_status as permissi5_12_1_ from permission permission0_ where permission0_.character_id=?
Hibernate: select count(*) as col_0_0_ from user user0_ where user0_.user_id=?
Hibernate: select user0_.user_id as user_id1_21_, user0_.character_id as characte7_21_, user0_.user_created_at as user_cre2_21_, user0_.user_name as user_nam3_21_, user0_.user_phone_number as user_pho4_21_, user0_.user_user_id as user_use5_21_, user0_.user_user_password as user_use6_21_ from user user0_ where user0_.user_id=?
Hibernate: select character0_.character_id as characte1_6_0_, character0_.character_character_name as characte2_6_0_ from characters character0_ where character0_.character_id=?
Hibernate: select rewardtagw0_.user_id as user_id4_16_0_, rewardtagw0_.reward_tag_wrapper_reward_id as reward_t1_16_0_, rewardtagw0_.reward_tag_wrapper_reward_id as reward_t1_16_1_, rewardtagw0_.reward_tag_wrapper_reward_presented_at as reward_t2_16_1_, rewardtagw0_.reward_tag_reward_tag_id as reward_t3_16_1_, rewardtagw0_.user_id as user_id4_16_1_ from reward_tag_wrapper rewardtagw0_ where rewardtagw0_.user_id=?
Hibernate: select attendance0_.attendance_user_attendance_user_id as col_0_0_ from attendance_user attendance0_ where attendance0_.user_id=? limit ?
Hibernate: DELETE FROM USER WHERE USER_ID = ?
Hibernate: select user0_.user_id as col_0_0_ from user user0_ where user0_.user_user_id=? limit ?
Hibernate: select user0_.user_id as col_0_0_ from user user0_ where user0_.user_user_id=? limit ?
Hibernate: select user0_.user_id as user_id1_21_, user0_.character_id as characte7_21_, user0_.user_created_at as user_cre2_21_, user0_.user_name as user_nam3_21_, user0_.user_phone_number as user_pho4_21_, user0_.user_user_id as user_use5_21_, user0_.user_user_password as user_use6_21_ from user user0_ inner join characters character1_ on user0_.character_id=character1_.character_id where user0_.user_user_id=?
Hibernate: select character0_.character_id as characte1_6_0_, character0_.character_character_name as characte2_6_0_ from characters character0_ where character0_.character_id=?
Hibernate: select rewardtagw0_.user_id as user_id4_16_0_, rewardtagw0_.reward_tag_wrapper_reward_id as reward_t1_16_0_, rewardtagw0_.reward_tag_wrapper_reward_id as reward_t1_16_1_, rewardtagw0_.reward_tag_wrapper_reward_presented_at as reward_t2_16_1_, rewardtagw0_.reward_tag_reward_tag_id as reward_t3_16_1_, rewardtagw0_.user_id as user_id4_16_1_ from reward_tag_wrapper rewardtagw0_ where rewardtagw0_.user_id=?
Hibernate: select user0_.user_id as user_id1_21_0_, user0_.character_id as characte7_21_0_, user0_.user_created_at as user_cre2_21_0_, user0_.user_name as user_nam3_21_0_, user0_.user_phone_number as user_pho4_21_0_, user0_.user_user_id as user_use5_21_0_, user0_.user_user_password as user_use6_21_0_ from user user0_ where user0_.user_id=?
Hibernate: select character0_.character_id as characte1_6_0_, character0_.character_character_name as characte2_6_0_ from characters character0_ where character0_.character_id=?
Hibernate: select count(*) as col_0_0_ from user user0_ where user0_.user_id=?
Hibernate: select character1_.character_id as characte1_6_, character1_.character_character_name as characte2_6_ from user user0_ inner join characters character1_ on user0_.character_id=character1_.character_id where user0_.user_id=?
Hibernate: select permission0_.character_id as characte6_12_0_, permission0_.permission_id as permissi1_12_0_, permission0_.permission_id as permissi1_12_1_, permission0_.character_id as characte6_12_1_, permission0_.permission_name as permissi2_12_1_, permission0_.permission_permission_unit_id as permissi3_12_1_, permission0_.permission_service as permissi4_12_1_, permission0_.permission_status as permissi5_12_1_ from permission permission0_ where permission0_.character_id=?
Hibernate: select count(*) as col_0_0_ from user user0_ where user0_.user_id=?
Hibernate: select user0_.user_id as user_id1_21_, user0_.character_id as characte7_21_, user0_.user_created_at as user_cre2_21_, user0_.user_name as user_nam3_21_, user0_.user_phone_number as user_pho4_21_, user0_.user_user_id as user_use5_21_, user0_.user_user_password as user_use6_21_ from user user0_ where user0_.user_id=?
Hibernate: select character0_.character_id as characte1_6_0_, character0_.character_character_name as characte2_6_0_ from characters character0_ where character0_.character_id=?
Hibernate: select rewardtagw0_.user_id as user_id4_16_0_, rewardtagw0_.reward_tag_wrapper_reward_id as reward_t1_16_0_, rewardtagw0_.reward_tag_wrapper_reward_id as reward_t1_16_1_, rewardtagw0_.reward_tag_wrapper_reward_presented_at as reward_t2_16_1_, rewardtagw0_.reward_tag_reward_tag_id as reward_t3_16_1_, rewardtagw0_.user_id as user_id4_16_1_ from reward_tag_wrapper rewardtagw0_ where rewardtagw0_.user_id=?
Hibernate: select attendance0_.attendance_user_attendance_user_id as col_0_0_ from attendance_user attendance0_ where attendance0_.user_id=? limit ?
Hibernate: DELETE FROM USER WHERE USER_ID = ?
Hibernate: select user0_.user_id as col_0_0_ from user user0_ where user0_.user_user_id=? limit ?
Hibernate: select user0_.user_id as col_0_0_ from user user0_ where user0_.user_user_id=? limit ?
Hibernate: select user0_.user_id as user_id1_21_, user0_.character_id as characte7_21_, user0_.user_created_at as user_cre2_21_, user0_.user_name as user_nam3_21_, user0_.user_phone_number as user_pho4_21_, user0_.user_user_id as user_use5_21_, user0_.user_user_password as user_use6_21_ from user user0_ inner join characters character1_ on user0_.character_id=character1_.character_id where user0_.user_user_id=?
Hibernate: select character0_.character_id as characte1_6_0_, character0_.character_character_name as characte2_6_0_ from characters character0_ where character0_.character_id=?
Hibernate: select rewardtagw0_.user_id as user_id4_16_0_, rewardtagw0_.reward_tag_wrapper_reward_id as reward_t1_16_0_, rewardtagw0_.reward_tag_wrapper_reward_id as reward_t1_16_1_, rewardtagw0_.reward_tag_wrapper_reward_presented_at as reward_t2_16_1_, rewardtagw0_.reward_tag_reward_tag_id as reward_t3_16_1_, rewardtagw0_.user_id as user_id4_16_1_ from reward_tag_wrapper rewardtagw0_ where rewardtagw0_.user_id=?
Hibernate: select user0_.user_id as user_id1_21_0_, user0_.character_id as characte7_21_0_, user0_.user_created_at as user_cre2_21_0_, user0_.user_name as user_nam3_21_0_, user0_.user_phone_number as user_pho4_21_0_, user0_.user_user_id as user_use5_21_0_, user0_.user_user_password as user_use6_21_0_ from user user0_ where user0_.user_id=?
Hibernate: select character0_.character_id as characte1_6_0_, character0_.character_character_name as characte2_6_0_ from characters character0_ where character0_.character_id=?
Hibernate: select count(*) as col_0_0_ from user user0_ where user0_.user_id=?
Hibernate: select character1_.character_id as characte1_6_, character1_.character_character_name as characte2_6_ from user user0_ inner join characters character1_ on user0_.character_id=character1_.character_id where user0_.user_id=?
Hibernate: select permission0_.character_id as characte6_12_0_, permission0_.permission_id as permissi1_12_0_, permission0_.permission_id as permissi1_12_1_, permission0_.character_id as characte6_12_1_, permission0_.permission_name as permissi2_12_1_, permission0_.permission_permission_unit_id as permissi3_12_1_, permission0_.permission_service as permissi4_12_1_, permission0_.permission_status as permissi5_12_1_ from permission permission0_ where permission0_.character_id=?
Hibernate: select count(*) as col_0_0_ from user user0_ where user0_.user_id=?
Hibernate: select user0_.user_id as user_id1_21_, user0_.character_id as characte7_21_, user0_.user_created_at as user_cre2_21_, user0_.user_name as user_nam3_21_, user0_.user_phone_number as user_pho4_21_, user0_.user_user_id as user_use5_21_, user0_.user_user_password as user_use6_21_ from user user0_ where user0_.user_id=?
Hibernate: select character0_.character_id as characte1_6_0_, character0_.character_character_name as characte2_6_0_ from characters character0_ where character0_.character_id=?
Hibernate: select rewardtagw0_.user_id as user_id4_16_0_, rewardtagw0_.reward_tag_wrapper_reward_id as reward_t1_16_0_, rewardtagw0_.reward_tag_wrapper_reward_id as reward_t1_16_1_, rewardtagw0_.reward_tag_wrapper_reward_presented_at as reward_t2_16_1_, rewardtagw0_.reward_tag_reward_tag_id as reward_t3_16_1_, rewardtagw0_.user_id as user_id4_16_1_ from reward_tag_wrapper rewardtagw0_ where rewardtagw0_.user_id=?
Hibernate: select attendance0_.attendance_user_attendance_user_id as col_0_0_ from attendance_user attendance0_ where attendance0_.user_id=? limit ?
Hibernate: DELETE FROM USER WHERE USER_ID = ?
Hibernate: select user0_.user_id as col_0_0_ from user user0_ where user0_.user_user_id=? limit ?
Hibernate: select user0_.user_id as col_0_0_ from user user0_ where user0_.user_user_id=? limit ?
Hibernate: select user0_.user_id as col_0_0_ from user user0_ where user0_.user_user_id=? limit ?
Hibernate: select U.* from USER U where U.USER_USER_ID =?
Hibernate: select character0_.character_id as characte1_6_0_, character0_.character_character_name as characte2_6_0_ from characters character0_ where character0_.character_id=?
Hibernate: select user0_.user_id as user_id1_21_0_, user0_.character_id as characte7_21_0_, user0_.user_created_at as user_cre2_21_0_, user0_.user_name as user_nam3_21_0_, user0_.user_phone_number as user_pho4_21_0_, user0_.user_user_id as user_use5_21_0_, user0_.user_user_password as user_use6_21_0_ from user user0_ where user0_.user_id=?
Hibernate: select character0_.character_id as characte1_6_0_, character0_.character_character_name as characte2_6_0_ from characters character0_ where character0_.character_id=?
Hibernate: select count(*) as col_0_0_ from team_building teambuildi0_
Hibernate: select count(*) as col_0_0_ from team_building teambuildi0_
Hibernate: select user0_.user_id as col_0_0_ from user user0_ where user0_.user_user_id=? limit ?
Hibernate: select user0_.user_id as col_0_0_ from user user0_ where user0_.user_user_id=? limit ?
Hibernate: select U.* from USER U where U.USER_USER_ID =?
Hibernate: select character0_.character_id as characte1_6_0_, character0_.character_character_name as characte2_6_0_ from characters character0_ where character0_.character_id=?
Hibernate: select user0_.user_id as col_0_0_ from user user0_ where user0_.user_user_id=? limit ?
Hibernate: select user0_.user_id as col_0_0_ from user user0_ where user0_.user_user_id=? limit ?
Hibernate: select U.* from USER U where U.USER_USER_ID =?
Hibernate: select character0_.character_id as characte1_6_0_, character0_.character_character_name as characte2_6_0_ from characters character0_ where character0_.character_id=?
Hibernate: select user0_.user_id as col_0_0_ from user user0_ where user0_.user_user_id=? limit ?
Hibernate: select user0_.user_id as col_0_0_ from user user0_ where user0_.user_user_id=? limit ?
Hibernate: select U.* from USER U where U.USER_USER_ID =?
Hibernate: select character0_.character_id as characte1_6_0_, character0_.character_character_name as characte2_6_0_ from characters character0_ where character0_.character_id=?
Hibernate: select user0_.user_id as col_0_0_ from user user0_ where user0_.user_user_id=? limit ?
Hibernate: select userjoinin0_.user_joining_pool_id as col_0_0_ from user_joining_pool userjoinin0_ where userjoinin0_.user_user_id=? limit ?
Hibernate: select character0_.character_id as col_0_0_ from characters character0_ where character0_.character_character_name=? limit ?
Hibernate: insert into user_joining_pool (user_joining_pool_id, user_created_at, user_name, user_phone_number, user_user_id, user_user_password) values (default, ?, ?, ?, ?, ?)
Hibernate: select user0_.user_id as user_id1_21_0_, user0_.character_id as characte7_21_0_, user0_.user_created_at as user_cre2_21_0_, user0_.user_name as user_nam3_21_0_, user0_.user_phone_number as user_pho4_21_0_, user0_.user_user_id as user_use5_21_0_, user0_.user_user_password as user_use6_21_0_ from user user0_ where user0_.user_id=?
Hibernate: select character0_.character_id as characte1_6_0_, character0_.character_character_name as characte2_6_0_ from characters character0_ where character0_.character_id=?
Hibernate: select count(*) as col_0_0_ from user user0_ where user0_.user_id=?
Hibernate: select character1_.character_id as characte1_6_, character1_.character_character_name as characte2_6_ from user user0_ inner join characters character1_ on user0_.character_id=character1_.character_id where user0_.user_id=?
Hibernate: select permission0_.character_id as characte6_12_0_, permission0_.permission_id as permissi1_12_0_, permission0_.permission_id as permissi1_12_1_, permission0_.character_id as characte6_12_1_, permission0_.permission_name as permissi2_12_1_, permission0_.permission_permission_unit_id as permissi3_12_1_, permission0_.permission_service as permissi4_12_1_, permission0_.permission_status as permissi5_12_1_ from permission permission0_ where permission0_.character_id=?
Hibernate: select userjoinin0_.user_joining_pool_id as col_0_0_ from user_joining_pool userjoinin0_ where userjoinin0_.user_user_id=? limit ?
Hibernate: select userjoinin0_.user_joining_pool_id as user_joi1_22_, userjoinin0_.user_created_at as user_cre2_22_, userjoinin0_.user_name as user_nam3_22_, userjoinin0_.user_phone_number as user_pho4_22_, userjoinin0_.user_user_id as user_use5_22_, userjoinin0_.user_user_password as user_use6_22_ from user_joining_pool userjoinin0_ where userjoinin0_.user_user_id=?
Hibernate: select character0_.character_id as characte1_6_, character0_.character_character_name as characte2_6_ from characters character0_ where character0_.character_character_name=?
Hibernate: insert into user (user_id, character_id, user_created_at, user_name, user_phone_number, user_user_id, user_user_password) values (default, ?, ?, ?, ?, ?, ?)
Hibernate: DELETE FROM USER_JOINING_POOL as JU where JU.USER_USER_ID =?
Hibernate: select user0_.user_id as col_0_0_ from user user0_ where user0_.user_user_id=? limit ?
Hibernate: select user0_.user_id as col_0_0_ from user user0_ where user0_.user_user_id=? limit ?
Hibernate: select U.* from USER U where U.USER_USER_ID =?
Hibernate: select character0_.character_id as characte1_6_0_, character0_.character_character_name as characte2_6_0_ from characters character0_ where character0_.character_id=?
Hibernate: select user0_.user_id as col_0_0_ from user user0_ where user0_.user_user_id=? limit ?
Hibernate: select userjoinin0_.user_joining_pool_id as col_0_0_ from user_joining_pool userjoinin0_ where userjoinin0_.user_user_id=? limit ?
Hibernate: select character0_.character_id as col_0_0_ from characters character0_ where character0_.character_character_name=? limit ?
Hibernate: insert into user_joining_pool (user_joining_pool_id, user_created_at, user_name, user_phone_number, user_user_id, user_user_password) values (default, ?, ?, ?, ?, ?)
Hibernate: select user0_.user_id as user_id1_21_0_, user0_.character_id as characte7_21_0_, user0_.user_created_at as user_cre2_21_0_, user0_.user_name as user_nam3_21_0_, user0_.user_phone_number as user_pho4_21_0_, user0_.user_user_id as user_use5_21_0_, user0_.user_user_password as user_use6_21_0_ from user user0_ where user0_.user_id=?
Hibernate: select character0_.character_id as characte1_6_0_, character0_.character_character_name as characte2_6_0_ from characters character0_ where character0_.character_id=?
Hibernate: select count(*) as col_0_0_ from user user0_ where user0_.user_id=?
Hibernate: select character1_.character_id as characte1_6_, character1_.character_character_name as characte2_6_ from user user0_ inner join characters character1_ on user0_.character_id=character1_.character_id where user0_.user_id=?
Hibernate: select permission0_.character_id as characte6_12_0_, permission0_.permission_id as permissi1_12_0_, permission0_.permission_id as permissi1_12_1_, permission0_.character_id as characte6_12_1_, permission0_.permission_name as permissi2_12_1_, permission0_.permission_permission_unit_id as permissi3_12_1_, permission0_.permission_service as permissi4_12_1_, permission0_.permission_status as permissi5_12_1_ from permission permission0_ where permission0_.character_id=?
Hibernate: select userjoinin0_.user_joining_pool_id as col_0_0_ from user_joining_pool userjoinin0_ where userjoinin0_.user_user_id=? limit ?
Hibernate: select userjoinin0_.user_joining_pool_id as user_joi1_22_, userjoinin0_.user_created_at as user_cre2_22_, userjoinin0_.user_name as user_nam3_22_, userjoinin0_.user_phone_number as user_pho4_22_, userjoinin0_.user_user_id as user_use5_22_, userjoinin0_.user_user_password as user_use6_22_ from user_joining_pool userjoinin0_ where userjoinin0_.user_user_id=?
Hibernate: select character0_.character_id as characte1_6_, character0_.character_character_name as characte2_6_ from characters character0_ where character0_.character_character_name=?
Hibernate: insert into user (user_id, character_id, user_created_at, user_name, user_phone_number, user_user_id, user_user_password) values (default, ?, ?, ?, ?, ?, ?)
Hibernate: DELETE FROM USER_JOINING_POOL as JU where JU.USER_USER_ID =?
Hibernate: select user0_.user_id as col_0_0_ from user user0_ where user0_.user_user_id=? limit ?
Hibernate: select user0_.user_id as col_0_0_ from user user0_ where user0_.user_user_id=? limit ?
Hibernate: select U.* from USER U where U.USER_USER_ID =?
Hibernate: select character0_.character_id as characte1_6_0_, character0_.character_character_name as characte2_6_0_ from characters character0_ where character0_.character_id=?
Hibernate: select user0_.user_id as col_0_0_ from user user0_ where user0_.user_user_id=? limit ?
Hibernate: select userjoinin0_.user_joining_pool_id as col_0_0_ from user_joining_pool userjoinin0_ where userjoinin0_.user_user_id=? limit ?
Hibernate: select character0_.character_id as col_0_0_ from characters character0_ where character0_.character_character_name=? limit ?
Hibernate: insert into user_joining_pool (user_joining_pool_id, user_created_at, user_name, user_phone_number, user_user_id, user_user_password) values (default, ?, ?, ?, ?, ?)
Hibernate: select user0_.user_id as user_id1_21_0_, user0_.character_id as characte7_21_0_, user0_.user_created_at as user_cre2_21_0_, user0_.user_name as user_nam3_21_0_, user0_.user_phone_number as user_pho4_21_0_, user0_.user_user_id as user_use5_21_0_, user0_.user_user_password as user_use6_21_0_ from user user0_ where user0_.user_id=?
Hibernate: select character0_.character_id as characte1_6_0_, character0_.character_character_name as characte2_6_0_ from characters character0_ where character0_.character_id=?
Hibernate: select count(*) as col_0_0_ from user user0_ where user0_.user_id=?
Hibernate: select character1_.character_id as characte1_6_, character1_.character_character_name as characte2_6_ from user user0_ inner join characters character1_ on user0_.character_id=character1_.character_id where user0_.user_id=?
Hibernate: select permission0_.character_id as characte6_12_0_, permission0_.permission_id as permissi1_12_0_, permission0_.permission_id as permissi1_12_1_, permission0_.character_id as characte6_12_1_, permission0_.permission_name as permissi2_12_1_, permission0_.permission_permission_unit_id as permissi3_12_1_, permission0_.permission_service as permissi4_12_1_, permission0_.permission_status as permissi5_12_1_ from permission permission0_ where permission0_.character_id=?
Hibernate: select userjoinin0_.user_joining_pool_id as col_0_0_ from user_joining_pool userjoinin0_ where userjoinin0_.user_user_id=? limit ?
Hibernate: select userjoinin0_.user_joining_pool_id as user_joi1_22_, userjoinin0_.user_created_at as user_cre2_22_, userjoinin0_.user_name as user_nam3_22_, userjoinin0_.user_phone_number as user_pho4_22_, userjoinin0_.user_user_id as user_use5_22_, userjoinin0_.user_user_password as user_use6_22_ from user_joining_pool userjoinin0_ where userjoinin0_.user_user_id=?
Hibernate: select character0_.character_id as characte1_6_, character0_.character_character_name as characte2_6_ from characters character0_ where character0_.character_character_name=?
Hibernate: insert into user (user_id, character_id, user_created_at, user_name, user_phone_number, user_user_id, user_user_password) values (default, ?, ?, ?, ?, ?, ?)
Hibernate: DELETE FROM USER_JOINING_POOL as JU where JU.USER_USER_ID =?
Hibernate: select user0_.user_id as col_0_0_ from user user0_ where user0_.user_user_id=? limit ?
Hibernate: select user0_.user_id as col_0_0_ from user user0_ where user0_.user_user_id=? limit ?
Hibernate: select U.* from USER U where U.USER_USER_ID =?
Hibernate: select character0_.character_id as characte1_6_0_, character0_.character_character_name as characte2_6_0_ from characters character0_ where character0_.character_id=?
Hibernate: select user0_.user_id as col_0_0_ from user user0_ where user0_.user_user_id=? limit ?
Hibernate: select userjoinin0_.user_joining_pool_id as col_0_0_ from user_joining_pool userjoinin0_ where userjoinin0_.user_user_id=? limit ?
Hibernate: select character0_.character_id as col_0_0_ from characters character0_ where character0_.character_character_name=? limit ?
Hibernate: insert into user_joining_pool (user_joining_pool_id, user_created_at, user_name, user_phone_number, user_user_id, user_user_password) values (default, ?, ?, ?, ?, ?)
Hibernate: select user0_.user_id as user_id1_21_0_, user0_.character_id as characte7_21_0_, user0_.user_created_at as user_cre2_21_0_, user0_.user_name as user_nam3_21_0_, user0_.user_phone_number as user_pho4_21_0_, user0_.user_user_id as user_use5_21_0_, user0_.user_user_password as user_use6_21_0_ from user user0_ where user0_.user_id=?
Hibernate: select character0_.character_id as characte1_6_0_, character0_.character_character_name as characte2_6_0_ from characters character0_ where character0_.character_id=?
Hibernate: select count(*) as col_0_0_ from user user0_ where user0_.user_id=?
Hibernate: select character1_.character_id as characte1_6_, character1_.character_character_name as characte2_6_ from user user0_ inner join characters character1_ on user0_.character_id=character1_.character_id where user0_.user_id=?
Hibernate: select permission0_.character_id as characte6_12_0_, permission0_.permission_id as permissi1_12_0_, permission0_.permission_id as permissi1_12_1_, permission0_.character_id as characte6_12_1_, permission0_.permission_name as permissi2_12_1_, permission0_.permission_permission_unit_id as permissi3_12_1_, permission0_.permission_service as permissi4_12_1_, permission0_.permission_status as permissi5_12_1_ from permission permission0_ where permission0_.character_id=?
Hibernate: select userjoinin0_.user_joining_pool_id as col_0_0_ from user_joining_pool userjoinin0_ where userjoinin0_.user_user_id=? limit ?
Hibernate: select userjoinin0_.user_joining_pool_id as user_joi1_22_, userjoinin0_.user_created_at as user_cre2_22_, userjoinin0_.user_name as user_nam3_22_, userjoinin0_.user_phone_number as user_pho4_22_, userjoinin0_.user_user_id as user_use5_22_, userjoinin0_.user_user_password as user_use6_22_ from user_joining_pool userjoinin0_ where userjoinin0_.user_user_id=?
Hibernate: select character0_.character_id as characte1_6_, character0_.character_character_name as characte2_6_ from characters character0_ where character0_.character_character_name=?
Hibernate: insert into user (user_id, character_id, user_created_at, user_name, user_phone_number, user_user_id, user_user_password) values (default, ?, ?, ?, ?, ?, ?)
Hibernate: DELETE FROM USER_JOINING_POOL as JU where JU.USER_USER_ID =?
Hibernate: select user0_.user_id as col_0_0_ from user user0_ where user0_.user_user_id=? limit ?
Hibernate: select user0_.user_id as col_0_0_ from user user0_ where user0_.user_user_id=? limit ?
Hibernate: select U.* from USER U where U.USER_USER_ID =?
Hibernate: select character0_.character_id as characte1_6_0_, character0_.character_character_name as characte2_6_0_ from characters character0_ where character0_.character_id=?
Hibernate: select user0_.user_id as col_0_0_ from user user0_ where user0_.user_user_id=? limit ?
Hibernate: select userjoinin0_.user_joining_pool_id as col_0_0_ from user_joining_pool userjoinin0_ where userjoinin0_.user_user_id=? limit ?
Hibernate: select character0_.character_id as col_0_0_ from characters character0_ where character0_.character_character_name=? limit ?
Hibernate: insert into user_joining_pool (user_joining_pool_id, user_created_at, user_name, user_phone_number, user_user_id, user_user_password) values (default, ?, ?, ?, ?, ?)
Hibernate: select user0_.user_id as user_id1_21_0_, user0_.character_id as characte7_21_0_, user0_.user_created_at as user_cre2_21_0_, user0_.user_name as user_nam3_21_0_, user0_.user_phone_number as user_pho4_21_0_, user0_.user_user_id as user_use5_21_0_, user0_.user_user_password as user_use6_21_0_ from user user0_ where user0_.user_id=?
Hibernate: select character0_.character_id as characte1_6_0_, character0_.character_character_name as characte2_6_0_ from characters character0_ where character0_.character_id=?
Hibernate: select count(*) as col_0_0_ from user user0_ where user0_.user_id=?
Hibernate: select character1_.character_id as characte1_6_, character1_.character_character_name as characte2_6_ from user user0_ inner join characters character1_ on user0_.character_id=character1_.character_id where user0_.user_id=?
Hibernate: select permission0_.character_id as characte6_12_0_, permission0_.permission_id as permissi1_12_0_, permission0_.permission_id as permissi1_12_1_, permission0_.character_id as characte6_12_1_, permission0_.permission_name as permissi2_12_1_, permission0_.permission_permission_unit_id as permissi3_12_1_, permission0_.permission_service as permissi4_12_1_, permission0_.permission_status as permissi5_12_1_ from permission permission0_ where permission0_.character_id=?
Hibernate: select userjoinin0_.user_joining_pool_id as col_0_0_ from user_joining_pool userjoinin0_ where userjoinin0_.user_user_id=? limit ?
Hibernate: select userjoinin0_.user_joining_pool_id as user_joi1_22_, userjoinin0_.user_created_at as user_cre2_22_, userjoinin0_.user_name as user_nam3_22_, userjoinin0_.user_phone_number as user_pho4_22_, userjoinin0_.user_user_id as user_use5_22_, userjoinin0_.user_user_password as user_use6_22_ from user_joining_pool userjoinin0_ where userjoinin0_.user_user_id=?
Hibernate: select character0_.character_id as characte1_6_, character0_.character_character_name as characte2_6_ from characters character0_ where character0_.character_character_name=?
Hibernate: insert into user (user_id, character_id, user_created_at, user_name, user_phone_number, user_user_id, user_user_password) values (default, ?, ?, ?, ?, ?, ?)
Hibernate: DELETE FROM USER_JOINING_POOL as JU where JU.USER_USER_ID =?
Hibernate: select user0_.user_id as user_id1_21_0_, user0_.character_id as characte7_21_0_, user0_.user_created_at as user_cre2_21_0_, user0_.user_name as user_nam3_21_0_, user0_.user_phone_number as user_pho4_21_0_, user0_.user_user_id as user_use5_21_0_, user0_.user_user_password as user_use6_21_0_ from user user0_ where user0_.user_id=?
Hibernate: select character0_.character_id as characte1_6_0_, character0_.character_character_name as characte2_6_0_ from characters character0_ where character0_.character_id=?
Hibernate: select count(*) as col_0_0_ from user user0_ where user0_.user_id=?
Hibernate: select character1_.character_id as characte1_6_, character1_.character_character_name as characte2_6_ from user user0_ inner join characters character1_ on user0_.character_id=character1_.character_id where user0_.user_id=?
Hibernate: select permission0_.character_id as characte6_12_0_, permission0_.permission_id as permissi1_12_0_, permission0_.permission_id as permissi1_12_1_, permission0_.character_id as characte6_12_1_, permission0_.permission_name as permissi2_12_1_, permission0_.permission_permission_unit_id as permissi3_12_1_, permission0_.permission_service as permissi4_12_1_, permission0_.permission_status as permissi5_12_1_ from permission permission0_ where permission0_.character_id=?
Hibernate: select user0_.user_id as col_0_0_ from user user0_ where user0_.user_user_id=? limit ?
Hibernate: select user0_.user_id as col_0_0_ from user user0_ where user0_.user_user_id=? limit ?
Hibernate: select user0_.user_id as col_0_0_ from user user0_ where user0_.user_user_id=? limit ?
Hibernate: select user0_.user_id as col_0_0_ from user user0_ where user0_.user_user_id=? limit ?
Hibernate: select user0_.user_id as col_0_0_ from user user0_ where user0_.user_user_id=? limit ?
Hibernate: select user0_.user_id as user_id1_21_, user0_.character_id as characte7_21_, user0_.user_created_at as user_cre2_21_, user0_.user_name as user_nam3_21_, user0_.user_phone_number as user_pho4_21_, user0_.user_user_id as user_use5_21_, user0_.user_user_password as user_use6_21_ from user user0_ inner join characters character1_ on user0_.character_id=character1_.character_id where user0_.user_user_id=?
Hibernate: select character0_.character_id as characte1_6_0_, character0_.character_character_name as characte2_6_0_ from characters character0_ where character0_.character_id=?
Hibernate: select user0_.user_id as user_id1_21_, user0_.character_id as characte7_21_, user0_.user_created_at as user_cre2_21_, user0_.user_name as user_nam3_21_, user0_.user_phone_number as user_pho4_21_, user0_.user_user_id as user_use5_21_, user0_.user_user_password as user_use6_21_ from user user0_ inner join characters character1_ on user0_.character_id=character1_.character_id where user0_.user_user_id=?
Hibernate: select user0_.user_id as user_id1_21_, user0_.character_id as characte7_21_, user0_.user_created_at as user_cre2_21_, user0_.user_name as user_nam3_21_, user0_.user_phone_number as user_pho4_21_, user0_.user_user_id as user_use5_21_, user0_.user_user_password as user_use6_21_ from user user0_ inner join characters character1_ on user0_.character_id=character1_.character_id where user0_.user_user_id=?
Hibernate: select user0_.user_id as user_id1_21_, user0_.character_id as characte7_21_, user0_.user_created_at as user_cre2_21_, user0_.user_name as user_nam3_21_, user0_.user_phone_number as user_pho4_21_, user0_.user_user_id as user_use5_21_, user0_.user_user_password as user_use6_21_ from user user0_ inner join characters character1_ on user0_.character_id=character1_.character_id where user0_.user_user_id=?
Hibernate: select user0_.user_id as user_id1_21_, user0_.character_id as characte7_21_, user0_.user_created_at as user_cre2_21_, user0_.user_name as user_nam3_21_, user0_.user_phone_number as user_pho4_21_, user0_.user_user_id as user_use5_21_, user0_.user_user_password as user_use6_21_ from user user0_ inner join characters character1_ on user0_.character_id=character1_.character_id where user0_.user_user_id=?
Hibernate: insert into team_building (team_building_team_building_id, team_building_created_at, team_building_last_modified_at, team_building_team_building_title) values (default, ?, ?, ?)
Hibernate: insert into team (team_team_id, team_last_modified_at, team_building_team_building_id, team_team_name) values (default, ?, ?, ?)
Hibernate: insert into team_user (team_user_id, team_team_id, user_id) values (default, ?, ?)
Hibernate: insert into team_user (team_user_id, team_team_id, user_id) values (default, ?, ?)
Hibernate: insert into team_user (team_user_id, team_team_id, user_id) values (default, ?, ?)
Hibernate: insert into team (team_team_id, team_last_modified_at, team_building_team_building_id, team_team_name) values (default, ?, ?, ?)
Hibernate: insert into team_user (team_user_id, team_team_id, user_id) values (default, ?, ?)
Hibernate: insert into team_user (team_user_id, team_team_id, user_id) values (default, ?, ?)

MockHttpServletRequest:
      HTTP Method = POST
      Request URI = /teambuilding
       Parameters = {}
          Headers = [Content-Type:"application/json;charset=UTF-8", Accept:"application/json", api-version:"1.0", Authorization:"Bearer eyJhbGciOiJIUzI1NiJ9.eyJzdWIiOiIxIiwiaWF0IjoxNjg3ODc3NDY5LCJleHAiOjE2ODc4ODEwNjl9.5GpcrqH17WaCEi6670WViYdxZ8Db7S7TQOeUs9MSnKg", Content-Length:"250"]
             Body = {"teambuilding_title":"2nd Algorithm Contest Team","team_count":2,"users":[{"user_id":"alcuk_id","weight":3},{"user_id":"alcuk_id2","weight":2},{"user_id":"alcuk_id3","weight":1},{"user_id":"alcuk_id4","weight":4},{"user_id":"alcuk_id5","weight":2}]}
    Session Attrs = {}

Handler:
             Type = org.waldreg.controller.teambuilding.TeamBuildingController
           Method = org.waldreg.controller.teambuilding.TeamBuildingController#createTeamBuilding(TeamBuildingRequest)

Async:
    Async started = false
     Async result = null

Resolved Exception:
             Type = null

ModelAndView:
        View name = null
             View = null
            Model = null

FlashMap:
       Attributes = null

MockHttpServletResponse:
           Status = 200
    Error message = null
          Headers = [Vary:"Origin", "Access-Control-Request-Method", "Access-Control-Request-Headers", Api-version:"1.0"]
     Content type = null
             Body = 
    Forwarded URL = null
   Redirected URL = null
          Cookies = []
Hibernate: select user0_.user_id as col_0_0_ from user user0_ where user0_.user_user_id=? limit ?
Hibernate: select user0_.user_id as col_0_0_ from user user0_ where user0_.user_user_id=? limit ?
Hibernate: select U.* from USER U where U.USER_USER_ID =?
Hibernate: select character0_.character_id as characte1_6_0_, character0_.character_character_name as characte2_6_0_ from characters character0_ where character0_.character_id=?
Hibernate: select user0_.user_id as user_id1_21_0_, user0_.character_id as characte7_21_0_, user0_.user_created_at as user_cre2_21_0_, user0_.user_name as user_nam3_21_0_, user0_.user_phone_number as user_pho4_21_0_, user0_.user_user_id as user_use5_21_0_, user0_.user_user_password as user_use6_21_0_ from user user0_ where user0_.user_id=?
Hibernate: select character0_.character_id as characte1_6_0_, character0_.character_character_name as characte2_6_0_ from characters character0_ where character0_.character_id=?
Hibernate: select count(*) as col_0_0_ from team_building teambuildi0_
Hibernate: select count(*) as col_0_0_ from team_building teambuildi0_
Hibernate: select teambuildi0_.team_building_team_building_id as team_bui1_19_, teambuildi0_.team_building_created_at as team_bui2_19_, teambuildi0_.team_building_last_modified_at as team_bui3_19_, teambuildi0_.team_building_team_building_title as team_bui4_19_ from team_building teambuildi0_ order by teambuildi0_.team_building_created_at desc, teambuildi0_.team_building_team_building_id desc limit ?
Hibernate: select teamlist0_.team_building_team_building_id as team_bui4_18_0_, teamlist0_.team_team_id as team_tea1_18_0_, teamlist0_.team_team_id as team_tea1_18_1_, teamlist0_.team_last_modified_at as team_las2_18_1_, teamlist0_.team_building_team_building_id as team_bui4_18_1_, teamlist0_.team_team_name as team_tea3_18_1_ from team teamlist0_ where teamlist0_.team_building_team_building_id=?
Hibernate: select teamuserli0_.team_team_id as team_tea2_20_0_, teamuserli0_.team_user_id as team_use1_20_0_, teamuserli0_.team_user_id as team_use1_20_1_, teamuserli0_.team_team_id as team_tea2_20_1_, teamuserli0_.user_id as user_id3_20_1_ from team_user teamuserli0_ where teamuserli0_.team_team_id=?
Hibernate: select user0_.user_id as user_id1_21_0_, user0_.character_id as characte7_21_0_, user0_.user_created_at as user_cre2_21_0_, user0_.user_name as user_nam3_21_0_, user0_.user_phone_number as user_pho4_21_0_, user0_.user_user_id as user_use5_21_0_, user0_.user_user_password as user_use6_21_0_ from user user0_ where user0_.user_id=?
Hibernate: select character0_.character_id as characte1_6_0_, character0_.character_character_name as characte2_6_0_ from characters character0_ where character0_.character_id=?
Hibernate: select user0_.user_id as user_id1_21_0_, user0_.character_id as characte7_21_0_, user0_.user_created_at as user_cre2_21_0_, user0_.user_name as user_nam3_21_0_, user0_.user_phone_number as user_pho4_21_0_, user0_.user_user_id as user_use5_21_0_, user0_.user_user_password as user_use6_21_0_ from user user0_ where user0_.user_id=?
Hibernate: select user0_.user_id as user_id1_21_0_, user0_.character_id as characte7_21_0_, user0_.user_created_at as user_cre2_21_0_, user0_.user_name as user_nam3_21_0_, user0_.user_phone_number as user_pho4_21_0_, user0_.user_user_id as user_use5_21_0_, user0_.user_user_password as user_use6_21_0_ from user user0_ where user0_.user_id=?
Hibernate: select teamuserli0_.team_team_id as team_tea2_20_0_, teamuserli0_.team_user_id as team_use1_20_0_, teamuserli0_.team_user_id as team_use1_20_1_, teamuserli0_.team_team_id as team_tea2_20_1_, teamuserli0_.user_id as user_id3_20_1_ from team_user teamuserli0_ where teamuserli0_.team_team_id=?
Hibernate: select user0_.user_id as user_id1_21_0_, user0_.character_id as characte7_21_0_, user0_.user_created_at as user_cre2_21_0_, user0_.user_name as user_nam3_21_0_, user0_.user_phone_number as user_pho4_21_0_, user0_.user_user_id as user_use5_21_0_, user0_.user_user_password as user_use6_21_0_ from user user0_ where user0_.user_id=?
Hibernate: select user0_.user_id as user_id1_21_0_, user0_.character_id as characte7_21_0_, user0_.user_created_at as user_cre2_21_0_, user0_.user_name as user_nam3_21_0_, user0_.user_phone_number as user_pho4_21_0_, user0_.user_user_id as user_use5_21_0_, user0_.user_user_password as user_use6_21_0_ from user user0_ where user0_.user_id=?
Hibernate: select user0_.user_id as user_id1_21_0_, user0_.character_id as characte7_21_0_, user0_.user_created_at as user_cre2_21_0_, user0_.user_name as user_nam3_21_0_, user0_.user_phone_number as user_pho4_21_0_, user0_.user_user_id as user_use5_21_0_, user0_.user_user_password as user_use6_21_0_ from user user0_ where user0_.user_id=?
Hibernate: select character0_.character_id as characte1_6_0_, character0_.character_character_name as characte2_6_0_ from characters character0_ where character0_.character_id=?
Hibernate: select count(*) as col_0_0_ from user user0_ where user0_.user_id=?
Hibernate: select character1_.character_id as characte1_6_, character1_.character_character_name as characte2_6_ from user user0_ inner join characters character1_ on user0_.character_id=character1_.character_id where user0_.user_id=?
Hibernate: select permission0_.character_id as characte6_12_0_, permission0_.permission_id as permissi1_12_0_, permission0_.permission_id as permissi1_12_1_, permission0_.character_id as characte6_12_1_, permission0_.permission_name as permissi2_12_1_, permission0_.permission_permission_unit_id as permissi3_12_1_, permission0_.permission_service as permissi4_12_1_, permission0_.permission_status as permissi5_12_1_ from permission permission0_ where permission0_.character_id=?
Hibernate: select count(*) as col_0_0_ from team_building teambuildi0_ where teambuildi0_.team_building_team_building_id=?
Hibernate: select teambuildi0_.team_building_team_building_id as team_bui1_19_0_, teambuildi0_.team_building_created_at as team_bui2_19_0_, teambuildi0_.team_building_last_modified_at as team_bui3_19_0_, teambuildi0_.team_building_team_building_title as team_bui4_19_0_ from team_building teambuildi0_ where teambuildi0_.team_building_team_building_id=?
Hibernate: select teamlist0_.team_building_team_building_id as team_bui4_18_0_, teamlist0_.team_team_id as team_tea1_18_0_, teamlist0_.team_team_id as team_tea1_18_1_, teamlist0_.team_last_modified_at as team_las2_18_1_, teamlist0_.team_building_team_building_id as team_bui4_18_1_, teamlist0_.team_team_name as team_tea3_18_1_ from team teamlist0_ where teamlist0_.team_building_team_building_id=?
Hibernate: select teamuserli0_.team_team_id as team_tea2_20_0_, teamuserli0_.team_user_id as team_use1_20_0_, teamuserli0_.team_user_id as team_use1_20_1_, teamuserli0_.team_team_id as team_tea2_20_1_, teamuserli0_.user_id as user_id3_20_1_ from team_user teamuserli0_ where teamuserli0_.team_team_id=?
Hibernate: select user0_.user_id as user_id1_21_0_, user0_.character_id as characte7_21_0_, user0_.user_created_at as user_cre2_21_0_, user0_.user_name as user_nam3_21_0_, user0_.user_phone_number as user_pho4_21_0_, user0_.user_user_id as user_use5_21_0_, user0_.user_user_password as user_use6_21_0_ from user user0_ where user0_.user_id=?
Hibernate: select character0_.character_id as characte1_6_0_, character0_.character_character_name as characte2_6_0_ from characters character0_ where character0_.character_id=?
Hibernate: select user0_.user_id as user_id1_21_0_, user0_.character_id as characte7_21_0_, user0_.user_created_at as user_cre2_21_0_, user0_.user_name as user_nam3_21_0_, user0_.user_phone_number as user_pho4_21_0_, user0_.user_user_id as user_use5_21_0_, user0_.user_user_password as user_use6_21_0_ from user user0_ where user0_.user_id=?
Hibernate: select user0_.user_id as user_id1_21_0_, user0_.character_id as characte7_21_0_, user0_.user_created_at as user_cre2_21_0_, user0_.user_name as user_nam3_21_0_, user0_.user_phone_number as user_pho4_21_0_, user0_.user_user_id as user_use5_21_0_, user0_.user_user_password as user_use6_21_0_ from user user0_ where user0_.user_id=?
Hibernate: select teamuserli0_.team_team_id as team_tea2_20_0_, teamuserli0_.team_user_id as team_use1_20_0_, teamuserli0_.team_user_id as team_use1_20_1_, teamuserli0_.team_team_id as team_tea2_20_1_, teamuserli0_.user_id as user_id3_20_1_ from team_user teamuserli0_ where teamuserli0_.team_team_id=?
Hibernate: select user0_.user_id as user_id1_21_0_, user0_.character_id as characte7_21_0_, user0_.user_created_at as user_cre2_21_0_, user0_.user_name as user_nam3_21_0_, user0_.user_phone_number as user_pho4_21_0_, user0_.user_user_id as user_use5_21_0_, user0_.user_user_password as user_use6_21_0_ from user user0_ where user0_.user_id=?
Hibernate: select user0_.user_id as user_id1_21_0_, user0_.character_id as characte7_21_0_, user0_.user_created_at as user_cre2_21_0_, user0_.user_name as user_nam3_21_0_, user0_.user_phone_number as user_pho4_21_0_, user0_.user_user_id as user_use5_21_0_, user0_.user_user_password as user_use6_21_0_ from user user0_ where user0_.user_id=?
Hibernate: delete from team_user where team_user_id=?
Hibernate: delete from team_user where team_user_id=?
Hibernate: delete from team_user where team_user_id=?
Hibernate: delete from team where team_team_id=?
Hibernate: delete from team_user where team_user_id=?
Hibernate: delete from team_user where team_user_id=?
Hibernate: delete from team where team_team_id=?
Hibernate: delete from team_building where team_building_team_building_id=?
Hibernate: select user0_.user_id as user_id1_21_0_, user0_.character_id as characte7_21_0_, user0_.user_created_at as user_cre2_21_0_, user0_.user_name as user_nam3_21_0_, user0_.user_phone_number as user_pho4_21_0_, user0_.user_user_id as user_use5_21_0_, user0_.user_user_password as user_use6_21_0_ from user user0_ where user0_.user_id=?
Hibernate: select character0_.character_id as characte1_6_0_, character0_.character_character_name as characte2_6_0_ from characters character0_ where character0_.character_id=?
Hibernate: select count(*) as col_0_0_ from team_building teambuildi0_ where teambuildi0_.team_building_team_building_id=?
Hibernate: select user0_.user_id as col_0_0_ from user user0_ where user0_.user_user_id=? limit ?
Hibernate: select user0_.user_id as col_0_0_ from user user0_ where user0_.user_user_id=? limit ?
Hibernate: select U.* from USER U where U.USER_USER_ID =?
Hibernate: select character0_.character_id as characte1_6_0_, character0_.character_character_name as characte2_6_0_ from characters character0_ where character0_.character_id=?
Hibernate: select user0_.user_id as col_0_0_ from user user0_ where user0_.user_user_id=? limit ?
Hibernate: select user0_.user_id as user_id1_21_, user0_.character_id as characte7_21_, user0_.user_created_at as user_cre2_21_, user0_.user_name as user_nam3_21_, user0_.user_phone_number as user_pho4_21_, user0_.user_user_id as user_use5_21_, user0_.user_user_password as user_use6_21_ from user user0_ inner join characters character1_ on user0_.character_id=character1_.character_id where user0_.user_user_id=?
Hibernate: select character0_.character_id as characte1_6_0_, character0_.character_character_name as characte2_6_0_ from characters character0_ where character0_.character_id=?
Hibernate: select rewardtagw0_.user_id as user_id4_16_0_, rewardtagw0_.reward_tag_wrapper_reward_id as reward_t1_16_0_, rewardtagw0_.reward_tag_wrapper_reward_id as reward_t1_16_1_, rewardtagw0_.reward_tag_wrapper_reward_presented_at as reward_t2_16_1_, rewardtagw0_.reward_tag_reward_tag_id as reward_t3_16_1_, rewardtagw0_.user_id as user_id4_16_1_ from reward_tag_wrapper rewardtagw0_ where rewardtagw0_.user_id=?
Hibernate: select user0_.user_id as user_id1_21_0_, user0_.character_id as characte7_21_0_, user0_.user_created_at as user_cre2_21_0_, user0_.user_name as user_nam3_21_0_, user0_.user_phone_number as user_pho4_21_0_, user0_.user_user_id as user_use5_21_0_, user0_.user_user_password as user_use6_21_0_ from user user0_ where user0_.user_id=?
Hibernate: select character0_.character_id as characte1_6_0_, character0_.character_character_name as characte2_6_0_ from characters character0_ where character0_.character_id=?
Hibernate: select count(*) as col_0_0_ from user user0_ where user0_.user_id=?
Hibernate: select character1_.character_id as characte1_6_, character1_.character_character_name as characte2_6_ from user user0_ inner join characters character1_ on user0_.character_id=character1_.character_id where user0_.user_id=?
Hibernate: select permission0_.character_id as characte6_12_0_, permission0_.permission_id as permissi1_12_0_, permission0_.permission_id as permissi1_12_1_, permission0_.character_id as characte6_12_1_, permission0_.permission_name as permissi2_12_1_, permission0_.permission_permission_unit_id as permissi3_12_1_, permission0_.permission_service as permissi4_12_1_, permission0_.permission_status as permissi5_12_1_ from permission permission0_ where permission0_.character_id=?
Hibernate: select count(*) as col_0_0_ from user user0_ where user0_.user_id=?
Hibernate: select user0_.user_id as user_id1_21_, user0_.character_id as characte7_21_, user0_.user_created_at as user_cre2_21_, user0_.user_name as user_nam3_21_, user0_.user_phone_number as user_pho4_21_, user0_.user_user_id as user_use5_21_, user0_.user_user_password as user_use6_21_ from user user0_ where user0_.user_id=?
Hibernate: select character0_.character_id as characte1_6_0_, character0_.character_character_name as characte2_6_0_ from characters character0_ where character0_.character_id=?
Hibernate: select rewardtagw0_.user_id as user_id4_16_0_, rewardtagw0_.reward_tag_wrapper_reward_id as reward_t1_16_0_, rewardtagw0_.reward_tag_wrapper_reward_id as reward_t1_16_1_, rewardtagw0_.reward_tag_wrapper_reward_presented_at as reward_t2_16_1_, rewardtagw0_.reward_tag_reward_tag_id as reward_t3_16_1_, rewardtagw0_.user_id as user_id4_16_1_ from reward_tag_wrapper rewardtagw0_ where rewardtagw0_.user_id=?
Hibernate: select attendance0_.attendance_user_attendance_user_id as col_0_0_ from attendance_user attendance0_ where attendance0_.user_id=? limit ?
Hibernate: DELETE FROM USER WHERE USER_ID = ?
Hibernate: select user0_.user_id as col_0_0_ from user user0_ where user0_.user_user_id=? limit ?
Hibernate: select user0_.user_id as col_0_0_ from user user0_ where user0_.user_user_id=? limit ?
Hibernate: select user0_.user_id as user_id1_21_, user0_.character_id as characte7_21_, user0_.user_created_at as user_cre2_21_, user0_.user_name as user_nam3_21_, user0_.user_phone_number as user_pho4_21_, user0_.user_user_id as user_use5_21_, user0_.user_user_password as user_use6_21_ from user user0_ inner join characters character1_ on user0_.character_id=character1_.character_id where user0_.user_user_id=?
Hibernate: select character0_.character_id as characte1_6_0_, character0_.character_character_name as characte2_6_0_ from characters character0_ where character0_.character_id=?
Hibernate: select rewardtagw0_.user_id as user_id4_16_0_, rewardtagw0_.reward_tag_wrapper_reward_id as reward_t1_16_0_, rewardtagw0_.reward_tag_wrapper_reward_id as reward_t1_16_1_, rewardtagw0_.reward_tag_wrapper_reward_presented_at as reward_t2_16_1_, rewardtagw0_.reward_tag_reward_tag_id as reward_t3_16_1_, rewardtagw0_.user_id as user_id4_16_1_ from reward_tag_wrapper rewardtagw0_ where rewardtagw0_.user_id=?
Hibernate: select user0_.user_id as user_id1_21_0_, user0_.character_id as characte7_21_0_, user0_.user_created_at as user_cre2_21_0_, user0_.user_name as user_nam3_21_0_, user0_.user_phone_number as user_pho4_21_0_, user0_.user_user_id as user_use5_21_0_, user0_.user_user_password as user_use6_21_0_ from user user0_ where user0_.user_id=?
Hibernate: select character0_.character_id as characte1_6_0_, character0_.character_character_name as characte2_6_0_ from characters character0_ where character0_.character_id=?
Hibernate: select count(*) as col_0_0_ from user user0_ where user0_.user_id=?
Hibernate: select character1_.character_id as characte1_6_, character1_.character_character_name as characte2_6_ from user user0_ inner join characters character1_ on user0_.character_id=character1_.character_id where user0_.user_id=?
Hibernate: select permission0_.character_id as characte6_12_0_, permission0_.permission_id as permissi1_12_0_, permission0_.permission_id as permissi1_12_1_, permission0_.character_id as characte6_12_1_, permission0_.permission_name as permissi2_12_1_, permission0_.permission_permission_unit_id as permissi3_12_1_, permission0_.permission_service as permissi4_12_1_, permission0_.permission_status as permissi5_12_1_ from permission permission0_ where permission0_.character_id=?
Hibernate: select count(*) as col_0_0_ from user user0_ where user0_.user_id=?
Hibernate: select user0_.user_id as user_id1_21_, user0_.character_id as characte7_21_, user0_.user_created_at as user_cre2_21_, user0_.user_name as user_nam3_21_, user0_.user_phone_number as user_pho4_21_, user0_.user_user_id as user_use5_21_, user0_.user_user_password as user_use6_21_ from user user0_ where user0_.user_id=?
Hibernate: select character0_.character_id as characte1_6_0_, character0_.character_character_name as characte2_6_0_ from characters character0_ where character0_.character_id=?
Hibernate: select rewardtagw0_.user_id as user_id4_16_0_, rewardtagw0_.reward_tag_wrapper_reward_id as reward_t1_16_0_, rewardtagw0_.reward_tag_wrapper_reward_id as reward_t1_16_1_, rewardtagw0_.reward_tag_wrapper_reward_presented_at as reward_t2_16_1_, rewardtagw0_.reward_tag_reward_tag_id as reward_t3_16_1_, rewardtagw0_.user_id as user_id4_16_1_ from reward_tag_wrapper rewardtagw0_ where rewardtagw0_.user_id=?
Hibernate: select attendance0_.attendance_user_attendance_user_id as col_0_0_ from attendance_user attendance0_ where attendance0_.user_id=? limit ?
Hibernate: DELETE FROM USER WHERE USER_ID = ?
Hibernate: select user0_.user_id as col_0_0_ from user user0_ where user0_.user_user_id=? limit ?
Hibernate: select user0_.user_id as col_0_0_ from user user0_ where user0_.user_user_id=? limit ?
Hibernate: select user0_.user_id as user_id1_21_, user0_.character_id as characte7_21_, user0_.user_created_at as user_cre2_21_, user0_.user_name as user_nam3_21_, user0_.user_phone_number as user_pho4_21_, user0_.user_user_id as user_use5_21_, user0_.user_user_password as user_use6_21_ from user user0_ inner join characters character1_ on user0_.character_id=character1_.character_id where user0_.user_user_id=?
Hibernate: select character0_.character_id as characte1_6_0_, character0_.character_character_name as characte2_6_0_ from characters character0_ where character0_.character_id=?
Hibernate: select rewardtagw0_.user_id as user_id4_16_0_, rewardtagw0_.reward_tag_wrapper_reward_id as reward_t1_16_0_, rewardtagw0_.reward_tag_wrapper_reward_id as reward_t1_16_1_, rewardtagw0_.reward_tag_wrapper_reward_presented_at as reward_t2_16_1_, rewardtagw0_.reward_tag_reward_tag_id as reward_t3_16_1_, rewardtagw0_.user_id as user_id4_16_1_ from reward_tag_wrapper rewardtagw0_ where rewardtagw0_.user_id=?
Hibernate: select user0_.user_id as user_id1_21_0_, user0_.character_id as characte7_21_0_, user0_.user_created_at as user_cre2_21_0_, user0_.user_name as user_nam3_21_0_, user0_.user_phone_number as user_pho4_21_0_, user0_.user_user_id as user_use5_21_0_, user0_.user_user_password as user_use6_21_0_ from user user0_ where user0_.user_id=?
Hibernate: select character0_.character_id as characte1_6_0_, character0_.character_character_name as characte2_6_0_ from characters character0_ where character0_.character_id=?
Hibernate: select count(*) as col_0_0_ from user user0_ where user0_.user_id=?
Hibernate: select character1_.character_id as characte1_6_, character1_.character_character_name as characte2_6_ from user user0_ inner join characters character1_ on user0_.character_id=character1_.character_id where user0_.user_id=?
Hibernate: select permission0_.character_id as characte6_12_0_, permission0_.permission_id as permissi1_12_0_, permission0_.permission_id as permissi1_12_1_, permission0_.character_id as characte6_12_1_, permission0_.permission_name as permissi2_12_1_, permission0_.permission_permission_unit_id as permissi3_12_1_, permission0_.permission_service as permissi4_12_1_, permission0_.permission_status as permissi5_12_1_ from permission permission0_ where permission0_.character_id=?
Hibernate: select count(*) as col_0_0_ from user user0_ where user0_.user_id=?
Hibernate: select user0_.user_id as user_id1_21_, user0_.character_id as characte7_21_, user0_.user_created_at as user_cre2_21_, user0_.user_name as user_nam3_21_, user0_.user_phone_number as user_pho4_21_, user0_.user_user_id as user_use5_21_, user0_.user_user_password as user_use6_21_ from user user0_ where user0_.user_id=?
Hibernate: select character0_.character_id as characte1_6_0_, character0_.character_character_name as characte2_6_0_ from characters character0_ where character0_.character_id=?
Hibernate: select rewardtagw0_.user_id as user_id4_16_0_, rewardtagw0_.reward_tag_wrapper_reward_id as reward_t1_16_0_, rewardtagw0_.reward_tag_wrapper_reward_id as reward_t1_16_1_, rewardtagw0_.reward_tag_wrapper_reward_presented_at as reward_t2_16_1_, rewardtagw0_.reward_tag_reward_tag_id as reward_t3_16_1_, rewardtagw0_.user_id as user_id4_16_1_ from reward_tag_wrapper rewardtagw0_ where rewardtagw0_.user_id=?
Hibernate: select attendance0_.attendance_user_attendance_user_id as col_0_0_ from attendance_user attendance0_ where attendance0_.user_id=? limit ?
Hibernate: DELETE FROM USER WHERE USER_ID = ?
Hibernate: select user0_.user_id as col_0_0_ from user user0_ where user0_.user_user_id=? limit ?
Hibernate: select user0_.user_id as col_0_0_ from user user0_ where user0_.user_user_id=? limit ?
Hibernate: select user0_.user_id as user_id1_21_, user0_.character_id as characte7_21_, user0_.user_created_at as user_cre2_21_, user0_.user_name as user_nam3_21_, user0_.user_phone_number as user_pho4_21_, user0_.user_user_id as user_use5_21_, user0_.user_user_password as user_use6_21_ from user user0_ inner join characters character1_ on user0_.character_id=character1_.character_id where user0_.user_user_id=?
Hibernate: select character0_.character_id as characte1_6_0_, character0_.character_character_name as characte2_6_0_ from characters character0_ where character0_.character_id=?
Hibernate: select rewardtagw0_.user_id as user_id4_16_0_, rewardtagw0_.reward_tag_wrapper_reward_id as reward_t1_16_0_, rewardtagw0_.reward_tag_wrapper_reward_id as reward_t1_16_1_, rewardtagw0_.reward_tag_wrapper_reward_presented_at as reward_t2_16_1_, rewardtagw0_.reward_tag_reward_tag_id as reward_t3_16_1_, rewardtagw0_.user_id as user_id4_16_1_ from reward_tag_wrapper rewardtagw0_ where rewardtagw0_.user_id=?
Hibernate: select user0_.user_id as user_id1_21_0_, user0_.character_id as characte7_21_0_, user0_.user_created_at as user_cre2_21_0_, user0_.user_name as user_nam3_21_0_, user0_.user_phone_number as user_pho4_21_0_, user0_.user_user_id as user_use5_21_0_, user0_.user_user_password as user_use6_21_0_ from user user0_ where user0_.user_id=?
Hibernate: select character0_.character_id as characte1_6_0_, character0_.character_character_name as characte2_6_0_ from characters character0_ where character0_.character_id=?
Hibernate: select count(*) as col_0_0_ from user user0_ where user0_.user_id=?
Hibernate: select character1_.character_id as characte1_6_, character1_.character_character_name as characte2_6_ from user user0_ inner join characters character1_ on user0_.character_id=character1_.character_id where user0_.user_id=?
Hibernate: select permission0_.character_id as characte6_12_0_, permission0_.permission_id as permissi1_12_0_, permission0_.permission_id as permissi1_12_1_, permission0_.character_id as characte6_12_1_, permission0_.permission_name as permissi2_12_1_, permission0_.permission_permission_unit_id as permissi3_12_1_, permission0_.permission_service as permissi4_12_1_, permission0_.permission_status as permissi5_12_1_ from permission permission0_ where permission0_.character_id=?
Hibernate: select count(*) as col_0_0_ from user user0_ where user0_.user_id=?
Hibernate: select user0_.user_id as user_id1_21_, user0_.character_id as characte7_21_, user0_.user_created_at as user_cre2_21_, user0_.user_name as user_nam3_21_, user0_.user_phone_number as user_pho4_21_, user0_.user_user_id as user_use5_21_, user0_.user_user_password as user_use6_21_ from user user0_ where user0_.user_id=?
Hibernate: select character0_.character_id as characte1_6_0_, character0_.character_character_name as characte2_6_0_ from characters character0_ where character0_.character_id=?
Hibernate: select rewardtagw0_.user_id as user_id4_16_0_, rewardtagw0_.reward_tag_wrapper_reward_id as reward_t1_16_0_, rewardtagw0_.reward_tag_wrapper_reward_id as reward_t1_16_1_, rewardtagw0_.reward_tag_wrapper_reward_presented_at as reward_t2_16_1_, rewardtagw0_.reward_tag_reward_tag_id as reward_t3_16_1_, rewardtagw0_.user_id as user_id4_16_1_ from reward_tag_wrapper rewardtagw0_ where rewardtagw0_.user_id=?
Hibernate: select attendance0_.attendance_user_attendance_user_id as col_0_0_ from attendance_user attendance0_ where attendance0_.user_id=? limit ?
Hibernate: DELETE FROM USER WHERE USER_ID = ?
Hibernate: select user0_.user_id as col_0_0_ from user user0_ where user0_.user_user_id=? limit ?
Hibernate: select user0_.user_id as col_0_0_ from user user0_ where user0_.user_user_id=? limit ?
Hibernate: select user0_.user_id as user_id1_21_, user0_.character_id as characte7_21_, user0_.user_created_at as user_cre2_21_, user0_.user_name as user_nam3_21_, user0_.user_phone_number as user_pho4_21_, user0_.user_user_id as user_use5_21_, user0_.user_user_password as user_use6_21_ from user user0_ inner join characters character1_ on user0_.character_id=character1_.character_id where user0_.user_user_id=?
Hibernate: select character0_.character_id as characte1_6_0_, character0_.character_character_name as characte2_6_0_ from characters character0_ where character0_.character_id=?
Hibernate: select rewardtagw0_.user_id as user_id4_16_0_, rewardtagw0_.reward_tag_wrapper_reward_id as reward_t1_16_0_, rewardtagw0_.reward_tag_wrapper_reward_id as reward_t1_16_1_, rewardtagw0_.reward_tag_wrapper_reward_presented_at as reward_t2_16_1_, rewardtagw0_.reward_tag_reward_tag_id as reward_t3_16_1_, rewardtagw0_.user_id as user_id4_16_1_ from reward_tag_wrapper rewardtagw0_ where rewardtagw0_.user_id=?
Hibernate: select user0_.user_id as user_id1_21_0_, user0_.character_id as characte7_21_0_, user0_.user_created_at as user_cre2_21_0_, user0_.user_name as user_nam3_21_0_, user0_.user_phone_number as user_pho4_21_0_, user0_.user_user_id as user_use5_21_0_, user0_.user_user_password as user_use6_21_0_ from user user0_ where user0_.user_id=?
Hibernate: select character0_.character_id as characte1_6_0_, character0_.character_character_name as characte2_6_0_ from characters character0_ where character0_.character_id=?
Hibernate: select count(*) as col_0_0_ from user user0_ where user0_.user_id=?
Hibernate: select character1_.character_id as characte1_6_, character1_.character_character_name as characte2_6_ from user user0_ inner join characters character1_ on user0_.character_id=character1_.character_id where user0_.user_id=?
Hibernate: select permission0_.character_id as characte6_12_0_, permission0_.permission_id as permissi1_12_0_, permission0_.permission_id as permissi1_12_1_, permission0_.character_id as characte6_12_1_, permission0_.permission_name as permissi2_12_1_, permission0_.permission_permission_unit_id as permissi3_12_1_, permission0_.permission_service as permissi4_12_1_, permission0_.permission_status as permissi5_12_1_ from permission permission0_ where permission0_.character_id=?
Hibernate: select count(*) as col_0_0_ from user user0_ where user0_.user_id=?
Hibernate: select user0_.user_id as user_id1_21_, user0_.character_id as characte7_21_, user0_.user_created_at as user_cre2_21_, user0_.user_name as user_nam3_21_, user0_.user_phone_number as user_pho4_21_, user0_.user_user_id as user_use5_21_, user0_.user_user_password as user_use6_21_ from user user0_ where user0_.user_id=?
Hibernate: select character0_.character_id as characte1_6_0_, character0_.character_character_name as characte2_6_0_ from characters character0_ where character0_.character_id=?
Hibernate: select rewardtagw0_.user_id as user_id4_16_0_, rewardtagw0_.reward_tag_wrapper_reward_id as reward_t1_16_0_, rewardtagw0_.reward_tag_wrapper_reward_id as reward_t1_16_1_, rewardtagw0_.reward_tag_wrapper_reward_presented_at as reward_t2_16_1_, rewardtagw0_.reward_tag_reward_tag_id as reward_t3_16_1_, rewardtagw0_.user_id as user_id4_16_1_ from reward_tag_wrapper rewardtagw0_ where rewardtagw0_.user_id=?
Hibernate: select attendance0_.attendance_user_attendance_user_id as col_0_0_ from attendance_user attendance0_ where attendance0_.user_id=? limit ?
Hibernate: DELETE FROM USER WHERE USER_ID = ?
Hibernate: select user0_.user_id as col_0_0_ from user user0_ where user0_.user_user_id=? limit ?
Hibernate: select user0_.user_id as col_0_0_ from user user0_ where user0_.user_user_id=? limit ?
Hibernate: select user0_.user_id as col_0_0_ from user user0_ where user0_.user_user_id=? limit ?
Hibernate: select U.* from USER U where U.USER_USER_ID =?
Hibernate: select character0_.character_id as characte1_6_0_, character0_.character_character_name as characte2_6_0_ from characters character0_ where character0_.character_id=?
Hibernate: select user0_.user_id as user_id1_21_0_, user0_.character_id as characte7_21_0_, user0_.user_created_at as user_cre2_21_0_, user0_.user_name as user_nam3_21_0_, user0_.user_phone_number as user_pho4_21_0_, user0_.user_user_id as user_use5_21_0_, user0_.user_user_password as user_use6_21_0_ from user user0_ where user0_.user_id=?
Hibernate: select character0_.character_id as characte1_6_0_, character0_.character_character_name as characte2_6_0_ from characters character0_ where character0_.character_id=?
Hibernate: select count(*) as col_0_0_ from team_building teambuildi0_
Hibernate: select count(*) as col_0_0_ from team_building teambuildi0_
Hibernate: select user0_.user_id as col_0_0_ from user user0_ where user0_.user_user_id=? limit ?
Hibernate: select user0_.user_id as col_0_0_ from user user0_ where user0_.user_user_id=? limit ?
Hibernate: select U.* from USER U where U.USER_USER_ID =?
Hibernate: select character0_.character_id as characte1_6_0_, character0_.character_character_name as characte2_6_0_ from characters character0_ where character0_.character_id=?
Hibernate: select user0_.user_id as col_0_0_ from user user0_ where user0_.user_user_id=? limit ?
Hibernate: select user0_.user_id as col_0_0_ from user user0_ where user0_.user_user_id=? limit ?
Hibernate: select U.* from USER U where U.USER_USER_ID =?
Hibernate: select character0_.character_id as characte1_6_0_, character0_.character_character_name as characte2_6_0_ from characters character0_ where character0_.character_id=?
Hibernate: select user0_.user_id as col_0_0_ from user user0_ where user0_.user_user_id=? limit ?
Hibernate: select user0_.user_id as col_0_0_ from user user0_ where user0_.user_user_id=? limit ?
Hibernate: select U.* from USER U where U.USER_USER_ID =?
Hibernate: select character0_.character_id as characte1_6_0_, character0_.character_character_name as characte2_6_0_ from characters character0_ where character0_.character_id=?
Hibernate: select user0_.user_id as col_0_0_ from user user0_ where user0_.user_user_id=? limit ?
Hibernate: select userjoinin0_.user_joining_pool_id as col_0_0_ from user_joining_pool userjoinin0_ where userjoinin0_.user_user_id=? limit ?
Hibernate: select character0_.character_id as col_0_0_ from characters character0_ where character0_.character_character_name=? limit ?
Hibernate: insert into user_joining_pool (user_joining_pool_id, user_created_at, user_name, user_phone_number, user_user_id, user_user_password) values (default, ?, ?, ?, ?, ?)
Hibernate: select user0_.user_id as user_id1_21_0_, user0_.character_id as characte7_21_0_, user0_.user_created_at as user_cre2_21_0_, user0_.user_name as user_nam3_21_0_, user0_.user_phone_number as user_pho4_21_0_, user0_.user_user_id as user_use5_21_0_, user0_.user_user_password as user_use6_21_0_ from user user0_ where user0_.user_id=?
Hibernate: select character0_.character_id as characte1_6_0_, character0_.character_character_name as characte2_6_0_ from characters character0_ where character0_.character_id=?
Hibernate: select count(*) as col_0_0_ from user user0_ where user0_.user_id=?
Hibernate: select character1_.character_id as characte1_6_, character1_.character_character_name as characte2_6_ from user user0_ inner join characters character1_ on user0_.character_id=character1_.character_id where user0_.user_id=?
Hibernate: select permission0_.character_id as characte6_12_0_, permission0_.permission_id as permissi1_12_0_, permission0_.permission_id as permissi1_12_1_, permission0_.character_id as characte6_12_1_, permission0_.permission_name as permissi2_12_1_, permission0_.permission_permission_unit_id as permissi3_12_1_, permission0_.permission_service as permissi4_12_1_, permission0_.permission_status as permissi5_12_1_ from permission permission0_ where permission0_.character_id=?
Hibernate: select userjoinin0_.user_joining_pool_id as col_0_0_ from user_joining_pool userjoinin0_ where userjoinin0_.user_user_id=? limit ?
Hibernate: select userjoinin0_.user_joining_pool_id as user_joi1_22_, userjoinin0_.user_created_at as user_cre2_22_, userjoinin0_.user_name as user_nam3_22_, userjoinin0_.user_phone_number as user_pho4_22_, userjoinin0_.user_user_id as user_use5_22_, userjoinin0_.user_user_password as user_use6_22_ from user_joining_pool userjoinin0_ where userjoinin0_.user_user_id=?
Hibernate: select character0_.character_id as characte1_6_, character0_.character_character_name as characte2_6_ from characters character0_ where character0_.character_character_name=?
Hibernate: insert into user (user_id, character_id, user_created_at, user_name, user_phone_number, user_user_id, user_user_password) values (default, ?, ?, ?, ?, ?, ?)
Hibernate: DELETE FROM USER_JOINING_POOL as JU where JU.USER_USER_ID =?
Hibernate: select user0_.user_id as col_0_0_ from user user0_ where user0_.user_user_id=? limit ?
Hibernate: select user0_.user_id as col_0_0_ from user user0_ where user0_.user_user_id=? limit ?
Hibernate: select U.* from USER U where U.USER_USER_ID =?
Hibernate: select character0_.character_id as characte1_6_0_, character0_.character_character_name as characte2_6_0_ from characters character0_ where character0_.character_id=?
Hibernate: select user0_.user_id as col_0_0_ from user user0_ where user0_.user_user_id=? limit ?
Hibernate: select userjoinin0_.user_joining_pool_id as col_0_0_ from user_joining_pool userjoinin0_ where userjoinin0_.user_user_id=? limit ?
Hibernate: select character0_.character_id as col_0_0_ from characters character0_ where character0_.character_character_name=? limit ?
Hibernate: insert into user_joining_pool (user_joining_pool_id, user_created_at, user_name, user_phone_number, user_user_id, user_user_password) values (default, ?, ?, ?, ?, ?)
Hibernate: select user0_.user_id as user_id1_21_0_, user0_.character_id as characte7_21_0_, user0_.user_created_at as user_cre2_21_0_, user0_.user_name as user_nam3_21_0_, user0_.user_phone_number as user_pho4_21_0_, user0_.user_user_id as user_use5_21_0_, user0_.user_user_password as user_use6_21_0_ from user user0_ where user0_.user_id=?
Hibernate: select character0_.character_id as characte1_6_0_, character0_.character_character_name as characte2_6_0_ from characters character0_ where character0_.character_id=?
Hibernate: select count(*) as col_0_0_ from user user0_ where user0_.user_id=?
Hibernate: select character1_.character_id as characte1_6_, character1_.character_character_name as characte2_6_ from user user0_ inner join characters character1_ on user0_.character_id=character1_.character_id where user0_.user_id=?
Hibernate: select permission0_.character_id as characte6_12_0_, permission0_.permission_id as permissi1_12_0_, permission0_.permission_id as permissi1_12_1_, permission0_.character_id as characte6_12_1_, permission0_.permission_name as permissi2_12_1_, permission0_.permission_permission_unit_id as permissi3_12_1_, permission0_.permission_service as permissi4_12_1_, permission0_.permission_status as permissi5_12_1_ from permission permission0_ where permission0_.character_id=?
Hibernate: select userjoinin0_.user_joining_pool_id as col_0_0_ from user_joining_pool userjoinin0_ where userjoinin0_.user_user_id=? limit ?
Hibernate: select userjoinin0_.user_joining_pool_id as user_joi1_22_, userjoinin0_.user_created_at as user_cre2_22_, userjoinin0_.user_name as user_nam3_22_, userjoinin0_.user_phone_number as user_pho4_22_, userjoinin0_.user_user_id as user_use5_22_, userjoinin0_.user_user_password as user_use6_22_ from user_joining_pool userjoinin0_ where userjoinin0_.user_user_id=?
Hibernate: select character0_.character_id as characte1_6_, character0_.character_character_name as characte2_6_ from characters character0_ where character0_.character_character_name=?
Hibernate: insert into user (user_id, character_id, user_created_at, user_name, user_phone_number, user_user_id, user_user_password) values (default, ?, ?, ?, ?, ?, ?)
Hibernate: DELETE FROM USER_JOINING_POOL as JU where JU.USER_USER_ID =?
Hibernate: select user0_.user_id as col_0_0_ from user user0_ where user0_.user_user_id=? limit ?
Hibernate: select user0_.user_id as col_0_0_ from user user0_ where user0_.user_user_id=? limit ?
Hibernate: select U.* from USER U where U.USER_USER_ID =?
Hibernate: select character0_.character_id as characte1_6_0_, character0_.character_character_name as characte2_6_0_ from characters character0_ where character0_.character_id=?
Hibernate: select user0_.user_id as col_0_0_ from user user0_ where user0_.user_user_id=? limit ?
Hibernate: select userjoinin0_.user_joining_pool_id as col_0_0_ from user_joining_pool userjoinin0_ where userjoinin0_.user_user_id=? limit ?
Hibernate: select character0_.character_id as col_0_0_ from characters character0_ where character0_.character_character_name=? limit ?
Hibernate: insert into user_joining_pool (user_joining_pool_id, user_created_at, user_name, user_phone_number, user_user_id, user_user_password) values (default, ?, ?, ?, ?, ?)
Hibernate: select user0_.user_id as user_id1_21_0_, user0_.character_id as characte7_21_0_, user0_.user_created_at as user_cre2_21_0_, user0_.user_name as user_nam3_21_0_, user0_.user_phone_number as user_pho4_21_0_, user0_.user_user_id as user_use5_21_0_, user0_.user_user_password as user_use6_21_0_ from user user0_ where user0_.user_id=?
Hibernate: select character0_.character_id as characte1_6_0_, character0_.character_character_name as characte2_6_0_ from characters character0_ where character0_.character_id=?
Hibernate: select count(*) as col_0_0_ from user user0_ where user0_.user_id=?
Hibernate: select character1_.character_id as characte1_6_, character1_.character_character_name as characte2_6_ from user user0_ inner join characters character1_ on user0_.character_id=character1_.character_id where user0_.user_id=?
Hibernate: select permission0_.character_id as characte6_12_0_, permission0_.permission_id as permissi1_12_0_, permission0_.permission_id as permissi1_12_1_, permission0_.character_id as characte6_12_1_, permission0_.permission_name as permissi2_12_1_, permission0_.permission_permission_unit_id as permissi3_12_1_, permission0_.permission_service as permissi4_12_1_, permission0_.permission_status as permissi5_12_1_ from permission permission0_ where permission0_.character_id=?
Hibernate: select userjoinin0_.user_joining_pool_id as col_0_0_ from user_joining_pool userjoinin0_ where userjoinin0_.user_user_id=? limit ?
Hibernate: select userjoinin0_.user_joining_pool_id as user_joi1_22_, userjoinin0_.user_created_at as user_cre2_22_, userjoinin0_.user_name as user_nam3_22_, userjoinin0_.user_phone_number as user_pho4_22_, userjoinin0_.user_user_id as user_use5_22_, userjoinin0_.user_user_password as user_use6_22_ from user_joining_pool userjoinin0_ where userjoinin0_.user_user_id=?
Hibernate: select character0_.character_id as characte1_6_, character0_.character_character_name as characte2_6_ from characters character0_ where character0_.character_character_name=?
Hibernate: insert into user (user_id, character_id, user_created_at, user_name, user_phone_number, user_user_id, user_user_password) values (default, ?, ?, ?, ?, ?, ?)
Hibernate: DELETE FROM USER_JOINING_POOL as JU where JU.USER_USER_ID =?
Hibernate: select user0_.user_id as col_0_0_ from user user0_ where user0_.user_user_id=? limit ?
Hibernate: select user0_.user_id as col_0_0_ from user user0_ where user0_.user_user_id=? limit ?
Hibernate: select U.* from USER U where U.USER_USER_ID =?
Hibernate: select character0_.character_id as characte1_6_0_, character0_.character_character_name as characte2_6_0_ from characters character0_ where character0_.character_id=?
Hibernate: select user0_.user_id as col_0_0_ from user user0_ where user0_.user_user_id=? limit ?
Hibernate: select userjoinin0_.user_joining_pool_id as col_0_0_ from user_joining_pool userjoinin0_ where userjoinin0_.user_user_id=? limit ?
Hibernate: select character0_.character_id as col_0_0_ from characters character0_ where character0_.character_character_name=? limit ?
Hibernate: insert into user_joining_pool (user_joining_pool_id, user_created_at, user_name, user_phone_number, user_user_id, user_user_password) values (default, ?, ?, ?, ?, ?)
Hibernate: select user0_.user_id as user_id1_21_0_, user0_.character_id as characte7_21_0_, user0_.user_created_at as user_cre2_21_0_, user0_.user_name as user_nam3_21_0_, user0_.user_phone_number as user_pho4_21_0_, user0_.user_user_id as user_use5_21_0_, user0_.user_user_password as user_use6_21_0_ from user user0_ where user0_.user_id=?
Hibernate: select character0_.character_id as characte1_6_0_, character0_.character_character_name as characte2_6_0_ from characters character0_ where character0_.character_id=?
Hibernate: select count(*) as col_0_0_ from user user0_ where user0_.user_id=?
Hibernate: select character1_.character_id as characte1_6_, character1_.character_character_name as characte2_6_ from user user0_ inner join characters character1_ on user0_.character_id=character1_.character_id where user0_.user_id=?
Hibernate: select permission0_.character_id as characte6_12_0_, permission0_.permission_id as permissi1_12_0_, permission0_.permission_id as permissi1_12_1_, permission0_.character_id as characte6_12_1_, permission0_.permission_name as permissi2_12_1_, permission0_.permission_permission_unit_id as permissi3_12_1_, permission0_.permission_service as permissi4_12_1_, permission0_.permission_status as permissi5_12_1_ from permission permission0_ where permission0_.character_id=?
Hibernate: select userjoinin0_.user_joining_pool_id as col_0_0_ from user_joining_pool userjoinin0_ where userjoinin0_.user_user_id=? limit ?
Hibernate: select userjoinin0_.user_joining_pool_id as user_joi1_22_, userjoinin0_.user_created_at as user_cre2_22_, userjoinin0_.user_name as user_nam3_22_, userjoinin0_.user_phone_number as user_pho4_22_, userjoinin0_.user_user_id as user_use5_22_, userjoinin0_.user_user_password as user_use6_22_ from user_joining_pool userjoinin0_ where userjoinin0_.user_user_id=?
Hibernate: select character0_.character_id as characte1_6_, character0_.character_character_name as characte2_6_ from characters character0_ where character0_.character_character_name=?
Hibernate: insert into user (user_id, character_id, user_created_at, user_name, user_phone_number, user_user_id, user_user_password) values (default, ?, ?, ?, ?, ?, ?)
Hibernate: DELETE FROM USER_JOINING_POOL as JU where JU.USER_USER_ID =?
Hibernate: select user0_.user_id as col_0_0_ from user user0_ where user0_.user_user_id=? limit ?
Hibernate: select user0_.user_id as col_0_0_ from user user0_ where user0_.user_user_id=? limit ?
Hibernate: select U.* from USER U where U.USER_USER_ID =?
Hibernate: select character0_.character_id as characte1_6_0_, character0_.character_character_name as characte2_6_0_ from characters character0_ where character0_.character_id=?
Hibernate: select user0_.user_id as col_0_0_ from user user0_ where user0_.user_user_id=? limit ?
Hibernate: select userjoinin0_.user_joining_pool_id as col_0_0_ from user_joining_pool userjoinin0_ where userjoinin0_.user_user_id=? limit ?
Hibernate: select character0_.character_id as col_0_0_ from characters character0_ where character0_.character_character_name=? limit ?
Hibernate: insert into user_joining_pool (user_joining_pool_id, user_created_at, user_name, user_phone_number, user_user_id, user_user_password) values (default, ?, ?, ?, ?, ?)
Hibernate: select user0_.user_id as user_id1_21_0_, user0_.character_id as characte7_21_0_, user0_.user_created_at as user_cre2_21_0_, user0_.user_name as user_nam3_21_0_, user0_.user_phone_number as user_pho4_21_0_, user0_.user_user_id as user_use5_21_0_, user0_.user_user_password as user_use6_21_0_ from user user0_ where user0_.user_id=?
Hibernate: select character0_.character_id as characte1_6_0_, character0_.character_character_name as characte2_6_0_ from characters character0_ where character0_.character_id=?
Hibernate: select count(*) as col_0_0_ from user user0_ where user0_.user_id=?
Hibernate: select character1_.character_id as characte1_6_, character1_.character_character_name as characte2_6_ from user user0_ inner join characters character1_ on user0_.character_id=character1_.character_id where user0_.user_id=?
Hibernate: select permission0_.character_id as characte6_12_0_, permission0_.permission_id as permissi1_12_0_, permission0_.permission_id as permissi1_12_1_, permission0_.character_id as characte6_12_1_, permission0_.permission_name as permissi2_12_1_, permission0_.permission_permission_unit_id as permissi3_12_1_, permission0_.permission_service as permissi4_12_1_, permission0_.permission_status as permissi5_12_1_ from permission permission0_ where permission0_.character_id=?
Hibernate: select userjoinin0_.user_joining_pool_id as col_0_0_ from user_joining_pool userjoinin0_ where userjoinin0_.user_user_id=? limit ?
Hibernate: select userjoinin0_.user_joining_pool_id as user_joi1_22_, userjoinin0_.user_created_at as user_cre2_22_, userjoinin0_.user_name as user_nam3_22_, userjoinin0_.user_phone_number as user_pho4_22_, userjoinin0_.user_user_id as user_use5_22_, userjoinin0_.user_user_password as user_use6_22_ from user_joining_pool userjoinin0_ where userjoinin0_.user_user_id=?
Hibernate: select character0_.character_id as characte1_6_, character0_.character_character_name as characte2_6_ from characters character0_ where character0_.character_character_name=?
Hibernate: insert into user (user_id, character_id, user_created_at, user_name, user_phone_number, user_user_id, user_user_password) values (default, ?, ?, ?, ?, ?, ?)
Hibernate: DELETE FROM USER_JOINING_POOL as JU where JU.USER_USER_ID =?

MockHttpServletRequest:
      HTTP Method = POST
      Request URI = /teambuilding
       Parameters = {}
          Headers = [Content-Type:"application/json;charset=UTF-8", Accept:"application/json", api-version:"1.0", Authorization:"Bearer eyJhbGciOiJIUzI1NiJ9.eyJzdWIiOiIxIiwiaWF0IjoxNjg3ODc3NDY5LCJleHAiOjE2ODc4ODEwNjl9.5GpcrqH17WaCEi6670WViYdxZ8Db7S7TQOeUs9MSnKg", Content-Length:"224"]
             Body = {"teambuilding_title":"","team_count":2,"users":[{"user_id":"alcuk_id","weight":3},{"user_id":"alcuk_id2","weight":2},{"user_id":"alcuk_id3","weight":1},{"user_id":"alcuk_id4","weight":4},{"user_id":"alcuk_id5","weight":2}]}
    Session Attrs = {}

Handler:
             Type = org.waldreg.controller.teambuilding.TeamBuildingController
           Method = org.waldreg.controller.teambuilding.TeamBuildingController#createTeamBuilding(TeamBuildingRequest)

Async:
    Async started = false
     Async result = null

Resolved Exception:
             Type = org.springframework.web.bind.MethodArgumentNotValidException

ModelAndView:
        View name = null
             View = null
            Model = null

FlashMap:
       Attributes = null

MockHttpServletResponse:
           Status = 400
    Error message = null
          Headers = [Vary:"Origin", "Access-Control-Request-Method", "Access-Control-Request-Headers", Api-version:"1.0", Content-Type:"application/json"]
     Content type = application/json
             Body = {"code":"TEAMBUILDING-403","messages":"Teambuilding title cannot be blank","document_url":"docs.waldreg.org"}
    Forwarded URL = null
   Redirected URL = null
          Cookies = []
Hibernate: select user0_.user_id as col_0_0_ from user user0_ where user0_.user_user_id=? limit ?
Hibernate: select user0_.user_id as col_0_0_ from user user0_ where user0_.user_user_id=? limit ?
Hibernate: select U.* from USER U where U.USER_USER_ID =?
Hibernate: select character0_.character_id as characte1_6_0_, character0_.character_character_name as characte2_6_0_ from characters character0_ where character0_.character_id=?
Hibernate: select user0_.user_id as user_id1_21_0_, user0_.character_id as characte7_21_0_, user0_.user_created_at as user_cre2_21_0_, user0_.user_name as user_nam3_21_0_, user0_.user_phone_number as user_pho4_21_0_, user0_.user_user_id as user_use5_21_0_, user0_.user_user_password as user_use6_21_0_ from user user0_ where user0_.user_id=?
Hibernate: select character0_.character_id as characte1_6_0_, character0_.character_character_name as characte2_6_0_ from characters character0_ where character0_.character_id=?
Hibernate: select count(*) as col_0_0_ from team_building teambuildi0_
Hibernate: select count(*) as col_0_0_ from team_building teambuildi0_
Hibernate: select user0_.user_id as col_0_0_ from user user0_ where user0_.user_user_id=? limit ?
Hibernate: select user0_.user_id as col_0_0_ from user user0_ where user0_.user_user_id=? limit ?
Hibernate: select U.* from USER U where U.USER_USER_ID =?
Hibernate: select character0_.character_id as characte1_6_0_, character0_.character_character_name as characte2_6_0_ from characters character0_ where character0_.character_id=?
Hibernate: select user0_.user_id as col_0_0_ from user user0_ where user0_.user_user_id=? limit ?
Hibernate: select user0_.user_id as user_id1_21_, user0_.character_id as characte7_21_, user0_.user_created_at as user_cre2_21_, user0_.user_name as user_nam3_21_, user0_.user_phone_number as user_pho4_21_, user0_.user_user_id as user_use5_21_, user0_.user_user_password as user_use6_21_ from user user0_ inner join characters character1_ on user0_.character_id=character1_.character_id where user0_.user_user_id=?
Hibernate: select character0_.character_id as characte1_6_0_, character0_.character_character_name as characte2_6_0_ from characters character0_ where character0_.character_id=?
Hibernate: select rewardtagw0_.user_id as user_id4_16_0_, rewardtagw0_.reward_tag_wrapper_reward_id as reward_t1_16_0_, rewardtagw0_.reward_tag_wrapper_reward_id as reward_t1_16_1_, rewardtagw0_.reward_tag_wrapper_reward_presented_at as reward_t2_16_1_, rewardtagw0_.reward_tag_reward_tag_id as reward_t3_16_1_, rewardtagw0_.user_id as user_id4_16_1_ from reward_tag_wrapper rewardtagw0_ where rewardtagw0_.user_id=?
Hibernate: select user0_.user_id as user_id1_21_0_, user0_.character_id as characte7_21_0_, user0_.user_created_at as user_cre2_21_0_, user0_.user_name as user_nam3_21_0_, user0_.user_phone_number as user_pho4_21_0_, user0_.user_user_id as user_use5_21_0_, user0_.user_user_password as user_use6_21_0_ from user user0_ where user0_.user_id=?
Hibernate: select character0_.character_id as characte1_6_0_, character0_.character_character_name as characte2_6_0_ from characters character0_ where character0_.character_id=?
Hibernate: select count(*) as col_0_0_ from user user0_ where user0_.user_id=?
Hibernate: select character1_.character_id as characte1_6_, character1_.character_character_name as characte2_6_ from user user0_ inner join characters character1_ on user0_.character_id=character1_.character_id where user0_.user_id=?
Hibernate: select permission0_.character_id as characte6_12_0_, permission0_.permission_id as permissi1_12_0_, permission0_.permission_id as permissi1_12_1_, permission0_.character_id as characte6_12_1_, permission0_.permission_name as permissi2_12_1_, permission0_.permission_permission_unit_id as permissi3_12_1_, permission0_.permission_service as permissi4_12_1_, permission0_.permission_status as permissi5_12_1_ from permission permission0_ where permission0_.character_id=?
Hibernate: select count(*) as col_0_0_ from user user0_ where user0_.user_id=?
Hibernate: select user0_.user_id as user_id1_21_, user0_.character_id as characte7_21_, user0_.user_created_at as user_cre2_21_, user0_.user_name as user_nam3_21_, user0_.user_phone_number as user_pho4_21_, user0_.user_user_id as user_use5_21_, user0_.user_user_password as user_use6_21_ from user user0_ where user0_.user_id=?
Hibernate: select character0_.character_id as characte1_6_0_, character0_.character_character_name as characte2_6_0_ from characters character0_ where character0_.character_id=?
Hibernate: select rewardtagw0_.user_id as user_id4_16_0_, rewardtagw0_.reward_tag_wrapper_reward_id as reward_t1_16_0_, rewardtagw0_.reward_tag_wrapper_reward_id as reward_t1_16_1_, rewardtagw0_.reward_tag_wrapper_reward_presented_at as reward_t2_16_1_, rewardtagw0_.reward_tag_reward_tag_id as reward_t3_16_1_, rewardtagw0_.user_id as user_id4_16_1_ from reward_tag_wrapper rewardtagw0_ where rewardtagw0_.user_id=?
Hibernate: select attendance0_.attendance_user_attendance_user_id as col_0_0_ from attendance_user attendance0_ where attendance0_.user_id=? limit ?
Hibernate: DELETE FROM USER WHERE USER_ID = ?
Hibernate: select user0_.user_id as col_0_0_ from user user0_ where user0_.user_user_id=? limit ?
Hibernate: select user0_.user_id as col_0_0_ from user user0_ where user0_.user_user_id=? limit ?
Hibernate: select user0_.user_id as user_id1_21_, user0_.character_id as characte7_21_, user0_.user_created_at as user_cre2_21_, user0_.user_name as user_nam3_21_, user0_.user_phone_number as user_pho4_21_, user0_.user_user_id as user_use5_21_, user0_.user_user_password as user_use6_21_ from user user0_ inner join characters character1_ on user0_.character_id=character1_.character_id where user0_.user_user_id=?
Hibernate: select character0_.character_id as characte1_6_0_, character0_.character_character_name as characte2_6_0_ from characters character0_ where character0_.character_id=?
Hibernate: select rewardtagw0_.user_id as user_id4_16_0_, rewardtagw0_.reward_tag_wrapper_reward_id as reward_t1_16_0_, rewardtagw0_.reward_tag_wrapper_reward_id as reward_t1_16_1_, rewardtagw0_.reward_tag_wrapper_reward_presented_at as reward_t2_16_1_, rewardtagw0_.reward_tag_reward_tag_id as reward_t3_16_1_, rewardtagw0_.user_id as user_id4_16_1_ from reward_tag_wrapper rewardtagw0_ where rewardtagw0_.user_id=?
Hibernate: select user0_.user_id as user_id1_21_0_, user0_.character_id as characte7_21_0_, user0_.user_created_at as user_cre2_21_0_, user0_.user_name as user_nam3_21_0_, user0_.user_phone_number as user_pho4_21_0_, user0_.user_user_id as user_use5_21_0_, user0_.user_user_password as user_use6_21_0_ from user user0_ where user0_.user_id=?
Hibernate: select character0_.character_id as characte1_6_0_, character0_.character_character_name as characte2_6_0_ from characters character0_ where character0_.character_id=?
Hibernate: select count(*) as col_0_0_ from user user0_ where user0_.user_id=?
Hibernate: select character1_.character_id as characte1_6_, character1_.character_character_name as characte2_6_ from user user0_ inner join characters character1_ on user0_.character_id=character1_.character_id where user0_.user_id=?
Hibernate: select permission0_.character_id as characte6_12_0_, permission0_.permission_id as permissi1_12_0_, permission0_.permission_id as permissi1_12_1_, permission0_.character_id as characte6_12_1_, permission0_.permission_name as permissi2_12_1_, permission0_.permission_permission_unit_id as permissi3_12_1_, permission0_.permission_service as permissi4_12_1_, permission0_.permission_status as permissi5_12_1_ from permission permission0_ where permission0_.character_id=?
Hibernate: select count(*) as col_0_0_ from user user0_ where user0_.user_id=?
Hibernate: select user0_.user_id as user_id1_21_, user0_.character_id as characte7_21_, user0_.user_created_at as user_cre2_21_, user0_.user_name as user_nam3_21_, user0_.user_phone_number as user_pho4_21_, user0_.user_user_id as user_use5_21_, user0_.user_user_password as user_use6_21_ from user user0_ where user0_.user_id=?
Hibernate: select character0_.character_id as characte1_6_0_, character0_.character_character_name as characte2_6_0_ from characters character0_ where character0_.character_id=?
Hibernate: select rewardtagw0_.user_id as user_id4_16_0_, rewardtagw0_.reward_tag_wrapper_reward_id as reward_t1_16_0_, rewardtagw0_.reward_tag_wrapper_reward_id as reward_t1_16_1_, rewardtagw0_.reward_tag_wrapper_reward_presented_at as reward_t2_16_1_, rewardtagw0_.reward_tag_reward_tag_id as reward_t3_16_1_, rewardtagw0_.user_id as user_id4_16_1_ from reward_tag_wrapper rewardtagw0_ where rewardtagw0_.user_id=?
Hibernate: select attendance0_.attendance_user_attendance_user_id as col_0_0_ from attendance_user attendance0_ where attendance0_.user_id=? limit ?
Hibernate: DELETE FROM USER WHERE USER_ID = ?
Hibernate: select user0_.user_id as col_0_0_ from user user0_ where user0_.user_user_id=? limit ?
Hibernate: select user0_.user_id as col_0_0_ from user user0_ where user0_.user_user_id=? limit ?
Hibernate: select user0_.user_id as user_id1_21_, user0_.character_id as characte7_21_, user0_.user_created_at as user_cre2_21_, user0_.user_name as user_nam3_21_, user0_.user_phone_number as user_pho4_21_, user0_.user_user_id as user_use5_21_, user0_.user_user_password as user_use6_21_ from user user0_ inner join characters character1_ on user0_.character_id=character1_.character_id where user0_.user_user_id=?
Hibernate: select character0_.character_id as characte1_6_0_, character0_.character_character_name as characte2_6_0_ from characters character0_ where character0_.character_id=?
Hibernate: select rewardtagw0_.user_id as user_id4_16_0_, rewardtagw0_.reward_tag_wrapper_reward_id as reward_t1_16_0_, rewardtagw0_.reward_tag_wrapper_reward_id as reward_t1_16_1_, rewardtagw0_.reward_tag_wrapper_reward_presented_at as reward_t2_16_1_, rewardtagw0_.reward_tag_reward_tag_id as reward_t3_16_1_, rewardtagw0_.user_id as user_id4_16_1_ from reward_tag_wrapper rewardtagw0_ where rewardtagw0_.user_id=?
Hibernate: select user0_.user_id as user_id1_21_0_, user0_.character_id as characte7_21_0_, user0_.user_created_at as user_cre2_21_0_, user0_.user_name as user_nam3_21_0_, user0_.user_phone_number as user_pho4_21_0_, user0_.user_user_id as user_use5_21_0_, user0_.user_user_password as user_use6_21_0_ from user user0_ where user0_.user_id=?
Hibernate: select character0_.character_id as characte1_6_0_, character0_.character_character_name as characte2_6_0_ from characters character0_ where character0_.character_id=?
Hibernate: select count(*) as col_0_0_ from user user0_ where user0_.user_id=?
Hibernate: select character1_.character_id as characte1_6_, character1_.character_character_name as characte2_6_ from user user0_ inner join characters character1_ on user0_.character_id=character1_.character_id where user0_.user_id=?
Hibernate: select permission0_.character_id as characte6_12_0_, permission0_.permission_id as permissi1_12_0_, permission0_.permission_id as permissi1_12_1_, permission0_.character_id as characte6_12_1_, permission0_.permission_name as permissi2_12_1_, permission0_.permission_permission_unit_id as permissi3_12_1_, permission0_.permission_service as permissi4_12_1_, permission0_.permission_status as permissi5_12_1_ from permission permission0_ where permission0_.character_id=?
Hibernate: select count(*) as col_0_0_ from user user0_ where user0_.user_id=?
Hibernate: select user0_.user_id as user_id1_21_, user0_.character_id as characte7_21_, user0_.user_created_at as user_cre2_21_, user0_.user_name as user_nam3_21_, user0_.user_phone_number as user_pho4_21_, user0_.user_user_id as user_use5_21_, user0_.user_user_password as user_use6_21_ from user user0_ where user0_.user_id=?
Hibernate: select character0_.character_id as characte1_6_0_, character0_.character_character_name as characte2_6_0_ from characters character0_ where character0_.character_id=?
Hibernate: select rewardtagw0_.user_id as user_id4_16_0_, rewardtagw0_.reward_tag_wrapper_reward_id as reward_t1_16_0_, rewardtagw0_.reward_tag_wrapper_reward_id as reward_t1_16_1_, rewardtagw0_.reward_tag_wrapper_reward_presented_at as reward_t2_16_1_, rewardtagw0_.reward_tag_reward_tag_id as reward_t3_16_1_, rewardtagw0_.user_id as user_id4_16_1_ from reward_tag_wrapper rewardtagw0_ where rewardtagw0_.user_id=?
Hibernate: select attendance0_.attendance_user_attendance_user_id as col_0_0_ from attendance_user attendance0_ where attendance0_.user_id=? limit ?
Hibernate: DELETE FROM USER WHERE USER_ID = ?
Hibernate: select user0_.user_id as col_0_0_ from user user0_ where user0_.user_user_id=? limit ?
Hibernate: select user0_.user_id as col_0_0_ from user user0_ where user0_.user_user_id=? limit ?
Hibernate: select user0_.user_id as user_id1_21_, user0_.character_id as characte7_21_, user0_.user_created_at as user_cre2_21_, user0_.user_name as user_nam3_21_, user0_.user_phone_number as user_pho4_21_, user0_.user_user_id as user_use5_21_, user0_.user_user_password as user_use6_21_ from user user0_ inner join characters character1_ on user0_.character_id=character1_.character_id where user0_.user_user_id=?
Hibernate: select character0_.character_id as characte1_6_0_, character0_.character_character_name as characte2_6_0_ from characters character0_ where character0_.character_id=?
Hibernate: select rewardtagw0_.user_id as user_id4_16_0_, rewardtagw0_.reward_tag_wrapper_reward_id as reward_t1_16_0_, rewardtagw0_.reward_tag_wrapper_reward_id as reward_t1_16_1_, rewardtagw0_.reward_tag_wrapper_reward_presented_at as reward_t2_16_1_, rewardtagw0_.reward_tag_reward_tag_id as reward_t3_16_1_, rewardtagw0_.user_id as user_id4_16_1_ from reward_tag_wrapper rewardtagw0_ where rewardtagw0_.user_id=?
Hibernate: select user0_.user_id as user_id1_21_0_, user0_.character_id as characte7_21_0_, user0_.user_created_at as user_cre2_21_0_, user0_.user_name as user_nam3_21_0_, user0_.user_phone_number as user_pho4_21_0_, user0_.user_user_id as user_use5_21_0_, user0_.user_user_password as user_use6_21_0_ from user user0_ where user0_.user_id=?
Hibernate: select character0_.character_id as characte1_6_0_, character0_.character_character_name as characte2_6_0_ from characters character0_ where character0_.character_id=?
Hibernate: select count(*) as col_0_0_ from user user0_ where user0_.user_id=?
Hibernate: select character1_.character_id as characte1_6_, character1_.character_character_name as characte2_6_ from user user0_ inner join characters character1_ on user0_.character_id=character1_.character_id where user0_.user_id=?
Hibernate: select permission0_.character_id as characte6_12_0_, permission0_.permission_id as permissi1_12_0_, permission0_.permission_id as permissi1_12_1_, permission0_.character_id as characte6_12_1_, permission0_.permission_name as permissi2_12_1_, permission0_.permission_permission_unit_id as permissi3_12_1_, permission0_.permission_service as permissi4_12_1_, permission0_.permission_status as permissi5_12_1_ from permission permission0_ where permission0_.character_id=?
Hibernate: select count(*) as col_0_0_ from user user0_ where user0_.user_id=?
Hibernate: select user0_.user_id as user_id1_21_, user0_.character_id as characte7_21_, user0_.user_created_at as user_cre2_21_, user0_.user_name as user_nam3_21_, user0_.user_phone_number as user_pho4_21_, user0_.user_user_id as user_use5_21_, user0_.user_user_password as user_use6_21_ from user user0_ where user0_.user_id=?
Hibernate: select character0_.character_id as characte1_6_0_, character0_.character_character_name as characte2_6_0_ from characters character0_ where character0_.character_id=?
Hibernate: select rewardtagw0_.user_id as user_id4_16_0_, rewardtagw0_.reward_tag_wrapper_reward_id as reward_t1_16_0_, rewardtagw0_.reward_tag_wrapper_reward_id as reward_t1_16_1_, rewardtagw0_.reward_tag_wrapper_reward_presented_at as reward_t2_16_1_, rewardtagw0_.reward_tag_reward_tag_id as reward_t3_16_1_, rewardtagw0_.user_id as user_id4_16_1_ from reward_tag_wrapper rewardtagw0_ where rewardtagw0_.user_id=?
Hibernate: select attendance0_.attendance_user_attendance_user_id as col_0_0_ from attendance_user attendance0_ where attendance0_.user_id=? limit ?
Hibernate: DELETE FROM USER WHERE USER_ID = ?
Hibernate: select user0_.user_id as col_0_0_ from user user0_ where user0_.user_user_id=? limit ?
Hibernate: select user0_.user_id as col_0_0_ from user user0_ where user0_.user_user_id=? limit ?
Hibernate: select user0_.user_id as user_id1_21_, user0_.character_id as characte7_21_, user0_.user_created_at as user_cre2_21_, user0_.user_name as user_nam3_21_, user0_.user_phone_number as user_pho4_21_, user0_.user_user_id as user_use5_21_, user0_.user_user_password as user_use6_21_ from user user0_ inner join characters character1_ on user0_.character_id=character1_.character_id where user0_.user_user_id=?
Hibernate: select character0_.character_id as characte1_6_0_, character0_.character_character_name as characte2_6_0_ from characters character0_ where character0_.character_id=?
Hibernate: select rewardtagw0_.user_id as user_id4_16_0_, rewardtagw0_.reward_tag_wrapper_reward_id as reward_t1_16_0_, rewardtagw0_.reward_tag_wrapper_reward_id as reward_t1_16_1_, rewardtagw0_.reward_tag_wrapper_reward_presented_at as reward_t2_16_1_, rewardtagw0_.reward_tag_reward_tag_id as reward_t3_16_1_, rewardtagw0_.user_id as user_id4_16_1_ from reward_tag_wrapper rewardtagw0_ where rewardtagw0_.user_id=?
Hibernate: select user0_.user_id as user_id1_21_0_, user0_.character_id as characte7_21_0_, user0_.user_created_at as user_cre2_21_0_, user0_.user_name as user_nam3_21_0_, user0_.user_phone_number as user_pho4_21_0_, user0_.user_user_id as user_use5_21_0_, user0_.user_user_password as user_use6_21_0_ from user user0_ where user0_.user_id=?
Hibernate: select character0_.character_id as characte1_6_0_, character0_.character_character_name as characte2_6_0_ from characters character0_ where character0_.character_id=?
Hibernate: select count(*) as col_0_0_ from user user0_ where user0_.user_id=?
Hibernate: select character1_.character_id as characte1_6_, character1_.character_character_name as characte2_6_ from user user0_ inner join characters character1_ on user0_.character_id=character1_.character_id where user0_.user_id=?
Hibernate: select permission0_.character_id as characte6_12_0_, permission0_.permission_id as permissi1_12_0_, permission0_.permission_id as permissi1_12_1_, permission0_.character_id as characte6_12_1_, permission0_.permission_name as permissi2_12_1_, permission0_.permission_permission_unit_id as permissi3_12_1_, permission0_.permission_service as permissi4_12_1_, permission0_.permission_status as permissi5_12_1_ from permission permission0_ where permission0_.character_id=?
Hibernate: select count(*) as col_0_0_ from user user0_ where user0_.user_id=?
Hibernate: select user0_.user_id as user_id1_21_, user0_.character_id as characte7_21_, user0_.user_created_at as user_cre2_21_, user0_.user_name as user_nam3_21_, user0_.user_phone_number as user_pho4_21_, user0_.user_user_id as user_use5_21_, user0_.user_user_password as user_use6_21_ from user user0_ where user0_.user_id=?
Hibernate: select character0_.character_id as characte1_6_0_, character0_.character_character_name as characte2_6_0_ from characters character0_ where character0_.character_id=?
Hibernate: select rewardtagw0_.user_id as user_id4_16_0_, rewardtagw0_.reward_tag_wrapper_reward_id as reward_t1_16_0_, rewardtagw0_.reward_tag_wrapper_reward_id as reward_t1_16_1_, rewardtagw0_.reward_tag_wrapper_reward_presented_at as reward_t2_16_1_, rewardtagw0_.reward_tag_reward_tag_id as reward_t3_16_1_, rewardtagw0_.user_id as user_id4_16_1_ from reward_tag_wrapper rewardtagw0_ where rewardtagw0_.user_id=?
Hibernate: select attendance0_.attendance_user_attendance_user_id as col_0_0_ from attendance_user attendance0_ where attendance0_.user_id=? limit ?
Hibernate: DELETE FROM USER WHERE USER_ID = ?
Hibernate: select user0_.user_id as col_0_0_ from user user0_ where user0_.user_user_id=? limit ?
Hibernate: select user0_.user_id as col_0_0_ from user user0_ where user0_.user_user_id=? limit ?
Hibernate: select user0_.user_id as col_0_0_ from user user0_ where user0_.user_user_id=? limit ?
Hibernate: select U.* from USER U where U.USER_USER_ID =?
Hibernate: select character0_.character_id as characte1_6_0_, character0_.character_character_name as characte2_6_0_ from characters character0_ where character0_.character_id=?
Hibernate: select user0_.user_id as user_id1_21_0_, user0_.character_id as characte7_21_0_, user0_.user_created_at as user_cre2_21_0_, user0_.user_name as user_nam3_21_0_, user0_.user_phone_number as user_pho4_21_0_, user0_.user_user_id as user_use5_21_0_, user0_.user_user_password as user_use6_21_0_ from user user0_ where user0_.user_id=?
Hibernate: select character0_.character_id as characte1_6_0_, character0_.character_character_name as characte2_6_0_ from characters character0_ where character0_.character_id=?
Hibernate: select count(*) as col_0_0_ from team_building teambuildi0_
Hibernate: select count(*) as col_0_0_ from team_building teambuildi0_
Hibernate: select user0_.user_id as col_0_0_ from user user0_ where user0_.user_user_id=? limit ?
Hibernate: select user0_.user_id as col_0_0_ from user user0_ where user0_.user_user_id=? limit ?
Hibernate: select U.* from USER U where U.USER_USER_ID =?
Hibernate: select character0_.character_id as characte1_6_0_, character0_.character_character_name as characte2_6_0_ from characters character0_ where character0_.character_id=?
Hibernate: select user0_.user_id as col_0_0_ from user user0_ where user0_.user_user_id=? limit ?
Hibernate: select user0_.user_id as col_0_0_ from user user0_ where user0_.user_user_id=? limit ?
Hibernate: select U.* from USER U where U.USER_USER_ID =?
Hibernate: select character0_.character_id as characte1_6_0_, character0_.character_character_name as characte2_6_0_ from characters character0_ where character0_.character_id=?
Hibernate: select user0_.user_id as col_0_0_ from user user0_ where user0_.user_user_id=? limit ?
Hibernate: select user0_.user_id as col_0_0_ from user user0_ where user0_.user_user_id=? limit ?
Hibernate: select U.* from USER U where U.USER_USER_ID =?
Hibernate: select character0_.character_id as characte1_6_0_, character0_.character_character_name as characte2_6_0_ from characters character0_ where character0_.character_id=?
Hibernate: select user0_.user_id as col_0_0_ from user user0_ where user0_.user_user_id=? limit ?
Hibernate: select userjoinin0_.user_joining_pool_id as col_0_0_ from user_joining_pool userjoinin0_ where userjoinin0_.user_user_id=? limit ?
Hibernate: select character0_.character_id as col_0_0_ from characters character0_ where character0_.character_character_name=? limit ?
Hibernate: insert into user_joining_pool (user_joining_pool_id, user_created_at, user_name, user_phone_number, user_user_id, user_user_password) values (default, ?, ?, ?, ?, ?)
Hibernate: select user0_.user_id as user_id1_21_0_, user0_.character_id as characte7_21_0_, user0_.user_created_at as user_cre2_21_0_, user0_.user_name as user_nam3_21_0_, user0_.user_phone_number as user_pho4_21_0_, user0_.user_user_id as user_use5_21_0_, user0_.user_user_password as user_use6_21_0_ from user user0_ where user0_.user_id=?
Hibernate: select character0_.character_id as characte1_6_0_, character0_.character_character_name as characte2_6_0_ from characters character0_ where character0_.character_id=?
Hibernate: select count(*) as col_0_0_ from user user0_ where user0_.user_id=?
Hibernate: select character1_.character_id as characte1_6_, character1_.character_character_name as characte2_6_ from user user0_ inner join characters character1_ on user0_.character_id=character1_.character_id where user0_.user_id=?
Hibernate: select permission0_.character_id as characte6_12_0_, permission0_.permission_id as permissi1_12_0_, permission0_.permission_id as permissi1_12_1_, permission0_.character_id as characte6_12_1_, permission0_.permission_name as permissi2_12_1_, permission0_.permission_permission_unit_id as permissi3_12_1_, permission0_.permission_service as permissi4_12_1_, permission0_.permission_status as permissi5_12_1_ from permission permission0_ where permission0_.character_id=?
Hibernate: select userjoinin0_.user_joining_pool_id as col_0_0_ from user_joining_pool userjoinin0_ where userjoinin0_.user_user_id=? limit ?
Hibernate: select userjoinin0_.user_joining_pool_id as user_joi1_22_, userjoinin0_.user_created_at as user_cre2_22_, userjoinin0_.user_name as user_nam3_22_, userjoinin0_.user_phone_number as user_pho4_22_, userjoinin0_.user_user_id as user_use5_22_, userjoinin0_.user_user_password as user_use6_22_ from user_joining_pool userjoinin0_ where userjoinin0_.user_user_id=?
Hibernate: select character0_.character_id as characte1_6_, character0_.character_character_name as characte2_6_ from characters character0_ where character0_.character_character_name=?
Hibernate: insert into user (user_id, character_id, user_created_at, user_name, user_phone_number, user_user_id, user_user_password) values (default, ?, ?, ?, ?, ?, ?)
Hibernate: DELETE FROM USER_JOINING_POOL as JU where JU.USER_USER_ID =?
Hibernate: select user0_.user_id as col_0_0_ from user user0_ where user0_.user_user_id=? limit ?
Hibernate: select user0_.user_id as col_0_0_ from user user0_ where user0_.user_user_id=? limit ?
Hibernate: select U.* from USER U where U.USER_USER_ID =?
Hibernate: select character0_.character_id as characte1_6_0_, character0_.character_character_name as characte2_6_0_ from characters character0_ where character0_.character_id=?
Hibernate: select user0_.user_id as col_0_0_ from user user0_ where user0_.user_user_id=? limit ?
Hibernate: select userjoinin0_.user_joining_pool_id as col_0_0_ from user_joining_pool userjoinin0_ where userjoinin0_.user_user_id=? limit ?
Hibernate: select character0_.character_id as col_0_0_ from characters character0_ where character0_.character_character_name=? limit ?
Hibernate: insert into user_joining_pool (user_joining_pool_id, user_created_at, user_name, user_phone_number, user_user_id, user_user_password) values (default, ?, ?, ?, ?, ?)
Hibernate: select user0_.user_id as user_id1_21_0_, user0_.character_id as characte7_21_0_, user0_.user_created_at as user_cre2_21_0_, user0_.user_name as user_nam3_21_0_, user0_.user_phone_number as user_pho4_21_0_, user0_.user_user_id as user_use5_21_0_, user0_.user_user_password as user_use6_21_0_ from user user0_ where user0_.user_id=?
Hibernate: select character0_.character_id as characte1_6_0_, character0_.character_character_name as characte2_6_0_ from characters character0_ where character0_.character_id=?
Hibernate: select count(*) as col_0_0_ from user user0_ where user0_.user_id=?
Hibernate: select character1_.character_id as characte1_6_, character1_.character_character_name as characte2_6_ from user user0_ inner join characters character1_ on user0_.character_id=character1_.character_id where user0_.user_id=?
Hibernate: select permission0_.character_id as characte6_12_0_, permission0_.permission_id as permissi1_12_0_, permission0_.permission_id as permissi1_12_1_, permission0_.character_id as characte6_12_1_, permission0_.permission_name as permissi2_12_1_, permission0_.permission_permission_unit_id as permissi3_12_1_, permission0_.permission_service as permissi4_12_1_, permission0_.permission_status as permissi5_12_1_ from permission permission0_ where permission0_.character_id=?
Hibernate: select userjoinin0_.user_joining_pool_id as col_0_0_ from user_joining_pool userjoinin0_ where userjoinin0_.user_user_id=? limit ?
Hibernate: select userjoinin0_.user_joining_pool_id as user_joi1_22_, userjoinin0_.user_created_at as user_cre2_22_, userjoinin0_.user_name as user_nam3_22_, userjoinin0_.user_phone_number as user_pho4_22_, userjoinin0_.user_user_id as user_use5_22_, userjoinin0_.user_user_password as user_use6_22_ from user_joining_pool userjoinin0_ where userjoinin0_.user_user_id=?
Hibernate: select character0_.character_id as characte1_6_, character0_.character_character_name as characte2_6_ from characters character0_ where character0_.character_character_name=?
Hibernate: insert into user (user_id, character_id, user_created_at, user_name, user_phone_number, user_user_id, user_user_password) values (default, ?, ?, ?, ?, ?, ?)
Hibernate: DELETE FROM USER_JOINING_POOL as JU where JU.USER_USER_ID =?
Hibernate: select user0_.user_id as col_0_0_ from user user0_ where user0_.user_user_id=? limit ?
Hibernate: select user0_.user_id as col_0_0_ from user user0_ where user0_.user_user_id=? limit ?
Hibernate: select U.* from USER U where U.USER_USER_ID =?
Hibernate: select character0_.character_id as characte1_6_0_, character0_.character_character_name as characte2_6_0_ from characters character0_ where character0_.character_id=?
Hibernate: select user0_.user_id as col_0_0_ from user user0_ where user0_.user_user_id=? limit ?
Hibernate: select userjoinin0_.user_joining_pool_id as col_0_0_ from user_joining_pool userjoinin0_ where userjoinin0_.user_user_id=? limit ?
Hibernate: select character0_.character_id as col_0_0_ from characters character0_ where character0_.character_character_name=? limit ?
Hibernate: insert into user_joining_pool (user_joining_pool_id, user_created_at, user_name, user_phone_number, user_user_id, user_user_password) values (default, ?, ?, ?, ?, ?)
Hibernate: select user0_.user_id as user_id1_21_0_, user0_.character_id as characte7_21_0_, user0_.user_created_at as user_cre2_21_0_, user0_.user_name as user_nam3_21_0_, user0_.user_phone_number as user_pho4_21_0_, user0_.user_user_id as user_use5_21_0_, user0_.user_user_password as user_use6_21_0_ from user user0_ where user0_.user_id=?
Hibernate: select character0_.character_id as characte1_6_0_, character0_.character_character_name as characte2_6_0_ from characters character0_ where character0_.character_id=?
Hibernate: select count(*) as col_0_0_ from user user0_ where user0_.user_id=?
Hibernate: select character1_.character_id as characte1_6_, character1_.character_character_name as characte2_6_ from user user0_ inner join characters character1_ on user0_.character_id=character1_.character_id where user0_.user_id=?
Hibernate: select permission0_.character_id as characte6_12_0_, permission0_.permission_id as permissi1_12_0_, permission0_.permission_id as permissi1_12_1_, permission0_.character_id as characte6_12_1_, permission0_.permission_name as permissi2_12_1_, permission0_.permission_permission_unit_id as permissi3_12_1_, permission0_.permission_service as permissi4_12_1_, permission0_.permission_status as permissi5_12_1_ from permission permission0_ where permission0_.character_id=?
Hibernate: select userjoinin0_.user_joining_pool_id as col_0_0_ from user_joining_pool userjoinin0_ where userjoinin0_.user_user_id=? limit ?
Hibernate: select userjoinin0_.user_joining_pool_id as user_joi1_22_, userjoinin0_.user_created_at as user_cre2_22_, userjoinin0_.user_name as user_nam3_22_, userjoinin0_.user_phone_number as user_pho4_22_, userjoinin0_.user_user_id as user_use5_22_, userjoinin0_.user_user_password as user_use6_22_ from user_joining_pool userjoinin0_ where userjoinin0_.user_user_id=?
Hibernate: select character0_.character_id as characte1_6_, character0_.character_character_name as characte2_6_ from characters character0_ where character0_.character_character_name=?
Hibernate: insert into user (user_id, character_id, user_created_at, user_name, user_phone_number, user_user_id, user_user_password) values (default, ?, ?, ?, ?, ?, ?)
Hibernate: DELETE FROM USER_JOINING_POOL as JU where JU.USER_USER_ID =?
Hibernate: select user0_.user_id as col_0_0_ from user user0_ where user0_.user_user_id=? limit ?
Hibernate: select user0_.user_id as col_0_0_ from user user0_ where user0_.user_user_id=? limit ?
Hibernate: select U.* from USER U where U.USER_USER_ID =?
Hibernate: select character0_.character_id as characte1_6_0_, character0_.character_character_name as characte2_6_0_ from characters character0_ where character0_.character_id=?
Hibernate: select user0_.user_id as col_0_0_ from user user0_ where user0_.user_user_id=? limit ?
Hibernate: select userjoinin0_.user_joining_pool_id as col_0_0_ from user_joining_pool userjoinin0_ where userjoinin0_.user_user_id=? limit ?
Hibernate: select character0_.character_id as col_0_0_ from characters character0_ where character0_.character_character_name=? limit ?
Hibernate: insert into user_joining_pool (user_joining_pool_id, user_created_at, user_name, user_phone_number, user_user_id, user_user_password) values (default, ?, ?, ?, ?, ?)
Hibernate: select user0_.user_id as user_id1_21_0_, user0_.character_id as characte7_21_0_, user0_.user_created_at as user_cre2_21_0_, user0_.user_name as user_nam3_21_0_, user0_.user_phone_number as user_pho4_21_0_, user0_.user_user_id as user_use5_21_0_, user0_.user_user_password as user_use6_21_0_ from user user0_ where user0_.user_id=?
Hibernate: select character0_.character_id as characte1_6_0_, character0_.character_character_name as characte2_6_0_ from characters character0_ where character0_.character_id=?
Hibernate: select count(*) as col_0_0_ from user user0_ where user0_.user_id=?
Hibernate: select character1_.character_id as characte1_6_, character1_.character_character_name as characte2_6_ from user user0_ inner join characters character1_ on user0_.character_id=character1_.character_id where user0_.user_id=?
Hibernate: select permission0_.character_id as characte6_12_0_, permission0_.permission_id as permissi1_12_0_, permission0_.permission_id as permissi1_12_1_, permission0_.character_id as characte6_12_1_, permission0_.permission_name as permissi2_12_1_, permission0_.permission_permission_unit_id as permissi3_12_1_, permission0_.permission_service as permissi4_12_1_, permission0_.permission_status as permissi5_12_1_ from permission permission0_ where permission0_.character_id=?
Hibernate: select userjoinin0_.user_joining_pool_id as col_0_0_ from user_joining_pool userjoinin0_ where userjoinin0_.user_user_id=? limit ?
Hibernate: select userjoinin0_.user_joining_pool_id as user_joi1_22_, userjoinin0_.user_created_at as user_cre2_22_, userjoinin0_.user_name as user_nam3_22_, userjoinin0_.user_phone_number as user_pho4_22_, userjoinin0_.user_user_id as user_use5_22_, userjoinin0_.user_user_password as user_use6_22_ from user_joining_pool userjoinin0_ where userjoinin0_.user_user_id=?
Hibernate: select character0_.character_id as characte1_6_, character0_.character_character_name as characte2_6_ from characters character0_ where character0_.character_character_name=?
Hibernate: insert into user (user_id, character_id, user_created_at, user_name, user_phone_number, user_user_id, user_user_password) values (default, ?, ?, ?, ?, ?, ?)
Hibernate: DELETE FROM USER_JOINING_POOL as JU where JU.USER_USER_ID =?
Hibernate: select user0_.user_id as col_0_0_ from user user0_ where user0_.user_user_id=? limit ?
Hibernate: select user0_.user_id as col_0_0_ from user user0_ where user0_.user_user_id=? limit ?
Hibernate: select U.* from USER U where U.USER_USER_ID =?
Hibernate: select character0_.character_id as characte1_6_0_, character0_.character_character_name as characte2_6_0_ from characters character0_ where character0_.character_id=?
Hibernate: select user0_.user_id as col_0_0_ from user user0_ where user0_.user_user_id=? limit ?
Hibernate: select userjoinin0_.user_joining_pool_id as col_0_0_ from user_joining_pool userjoinin0_ where userjoinin0_.user_user_id=? limit ?
Hibernate: select character0_.character_id as col_0_0_ from characters character0_ where character0_.character_character_name=? limit ?
Hibernate: insert into user_joining_pool (user_joining_pool_id, user_created_at, user_name, user_phone_number, user_user_id, user_user_password) values (default, ?, ?, ?, ?, ?)
Hibernate: select user0_.user_id as user_id1_21_0_, user0_.character_id as characte7_21_0_, user0_.user_created_at as user_cre2_21_0_, user0_.user_name as user_nam3_21_0_, user0_.user_phone_number as user_pho4_21_0_, user0_.user_user_id as user_use5_21_0_, user0_.user_user_password as user_use6_21_0_ from user user0_ where user0_.user_id=?
Hibernate: select character0_.character_id as characte1_6_0_, character0_.character_character_name as characte2_6_0_ from characters character0_ where character0_.character_id=?
Hibernate: select count(*) as col_0_0_ from user user0_ where user0_.user_id=?
Hibernate: select character1_.character_id as characte1_6_, character1_.character_character_name as characte2_6_ from user user0_ inner join characters character1_ on user0_.character_id=character1_.character_id where user0_.user_id=?
Hibernate: select permission0_.character_id as characte6_12_0_, permission0_.permission_id as permissi1_12_0_, permission0_.permission_id as permissi1_12_1_, permission0_.character_id as characte6_12_1_, permission0_.permission_name as permissi2_12_1_, permission0_.permission_permission_unit_id as permissi3_12_1_, permission0_.permission_service as permissi4_12_1_, permission0_.permission_status as permissi5_12_1_ from permission permission0_ where permission0_.character_id=?
Hibernate: select userjoinin0_.user_joining_pool_id as col_0_0_ from user_joining_pool userjoinin0_ where userjoinin0_.user_user_id=? limit ?
Hibernate: select userjoinin0_.user_joining_pool_id as user_joi1_22_, userjoinin0_.user_created_at as user_cre2_22_, userjoinin0_.user_name as user_nam3_22_, userjoinin0_.user_phone_number as user_pho4_22_, userjoinin0_.user_user_id as user_use5_22_, userjoinin0_.user_user_password as user_use6_22_ from user_joining_pool userjoinin0_ where userjoinin0_.user_user_id=?
Hibernate: select character0_.character_id as characte1_6_, character0_.character_character_name as characte2_6_ from characters character0_ where character0_.character_character_name=?
Hibernate: insert into user (user_id, character_id, user_created_at, user_name, user_phone_number, user_user_id, user_user_password) values (default, ?, ?, ?, ?, ?, ?)
Hibernate: DELETE FROM USER_JOINING_POOL as JU where JU.USER_USER_ID =?
Hibernate: select user0_.user_id as user_id1_21_0_, user0_.character_id as characte7_21_0_, user0_.user_created_at as user_cre2_21_0_, user0_.user_name as user_nam3_21_0_, user0_.user_phone_number as user_pho4_21_0_, user0_.user_user_id as user_use5_21_0_, user0_.user_user_password as user_use6_21_0_ from user user0_ where user0_.user_id=?
Hibernate: select character0_.character_id as characte1_6_0_, character0_.character_character_name as characte2_6_0_ from characters character0_ where character0_.character_id=?
Hibernate: select count(*) as col_0_0_ from user user0_ where user0_.user_id=?
Hibernate: select character1_.character_id as characte1_6_, character1_.character_character_name as characte2_6_ from user user0_ inner join characters character1_ on user0_.character_id=character1_.character_id where user0_.user_id=?
Hibernate: select permission0_.character_id as characte6_12_0_, permission0_.permission_id as permissi1_12_0_, permission0_.permission_id as permissi1_12_1_, permission0_.character_id as characte6_12_1_, permission0_.permission_name as permissi2_12_1_, permission0_.permission_permission_unit_id as permissi3_12_1_, permission0_.permission_service as permissi4_12_1_, permission0_.permission_status as permissi5_12_1_ from permission permission0_ where permission0_.character_id=?
Hibernate: select user0_.user_id as col_0_0_ from user user0_ where user0_.user_user_id=? limit ?
Hibernate: select user0_.user_id as col_0_0_ from user user0_ where user0_.user_user_id=? limit ?
Hibernate: select user0_.user_id as col_0_0_ from user user0_ where user0_.user_user_id=? limit ?
Hibernate: select user0_.user_id as col_0_0_ from user user0_ where user0_.user_user_id=? limit ?
Hibernate: select user0_.user_id as col_0_0_ from user user0_ where user0_.user_user_id=? limit ?
Hibernate: select user0_.user_id as user_id1_21_, user0_.character_id as characte7_21_, user0_.user_created_at as user_cre2_21_, user0_.user_name as user_nam3_21_, user0_.user_phone_number as user_pho4_21_, user0_.user_user_id as user_use5_21_, user0_.user_user_password as user_use6_21_ from user user0_ inner join characters character1_ on user0_.character_id=character1_.character_id where user0_.user_user_id=?
Hibernate: select character0_.character_id as characte1_6_0_, character0_.character_character_name as characte2_6_0_ from characters character0_ where character0_.character_id=?
Hibernate: select user0_.user_id as user_id1_21_, user0_.character_id as characte7_21_, user0_.user_created_at as user_cre2_21_, user0_.user_name as user_nam3_21_, user0_.user_phone_number as user_pho4_21_, user0_.user_user_id as user_use5_21_, user0_.user_user_password as user_use6_21_ from user user0_ inner join characters character1_ on user0_.character_id=character1_.character_id where user0_.user_user_id=?
Hibernate: select user0_.user_id as user_id1_21_, user0_.character_id as characte7_21_, user0_.user_created_at as user_cre2_21_, user0_.user_name as user_nam3_21_, user0_.user_phone_number as user_pho4_21_, user0_.user_user_id as user_use5_21_, user0_.user_user_password as user_use6_21_ from user user0_ inner join characters character1_ on user0_.character_id=character1_.character_id where user0_.user_user_id=?
Hibernate: select user0_.user_id as user_id1_21_, user0_.character_id as characte7_21_, user0_.user_created_at as user_cre2_21_, user0_.user_name as user_nam3_21_, user0_.user_phone_number as user_pho4_21_, user0_.user_user_id as user_use5_21_, user0_.user_user_password as user_use6_21_ from user user0_ inner join characters character1_ on user0_.character_id=character1_.character_id where user0_.user_user_id=?
Hibernate: select user0_.user_id as user_id1_21_, user0_.character_id as characte7_21_, user0_.user_created_at as user_cre2_21_, user0_.user_name as user_nam3_21_, user0_.user_phone_number as user_pho4_21_, user0_.user_user_id as user_use5_21_, user0_.user_user_password as user_use6_21_ from user user0_ inner join characters character1_ on user0_.character_id=character1_.character_id where user0_.user_user_id=?
Hibernate: insert into team_building (team_building_team_building_id, team_building_created_at, team_building_last_modified_at, team_building_team_building_title) values (default, ?, ?, ?)
Hibernate: insert into team (team_team_id, team_last_modified_at, team_building_team_building_id, team_team_name) values (default, ?, ?, ?)
Hibernate: insert into team_user (team_user_id, team_team_id, user_id) values (default, ?, ?)
Hibernate: insert into team_user (team_user_id, team_team_id, user_id) values (default, ?, ?)
Hibernate: insert into team_user (team_user_id, team_team_id, user_id) values (default, ?, ?)
Hibernate: insert into team (team_team_id, team_last_modified_at, team_building_team_building_id, team_team_name) values (default, ?, ?, ?)
Hibernate: insert into team_user (team_user_id, team_team_id, user_id) values (default, ?, ?)
Hibernate: insert into team_user (team_user_id, team_team_id, user_id) values (default, ?, ?)
Hibernate: select user0_.user_id as user_id1_21_0_, user0_.character_id as characte7_21_0_, user0_.user_created_at as user_cre2_21_0_, user0_.user_name as user_nam3_21_0_, user0_.user_phone_number as user_pho4_21_0_, user0_.user_user_id as user_use5_21_0_, user0_.user_user_password as user_use6_21_0_ from user user0_ where user0_.user_id=?
Hibernate: select character0_.character_id as characte1_6_0_, character0_.character_character_name as characte2_6_0_ from characters character0_ where character0_.character_id=?
Hibernate: select count(*) as col_0_0_ from team_building teambuildi0_
Hibernate: select count(*) as col_0_0_ from team_building teambuildi0_
Hibernate: select teambuildi0_.team_building_team_building_id as team_bui1_19_, teambuildi0_.team_building_created_at as team_bui2_19_, teambuildi0_.team_building_last_modified_at as team_bui3_19_, teambuildi0_.team_building_team_building_title as team_bui4_19_ from team_building teambuildi0_ order by teambuildi0_.team_building_created_at desc, teambuildi0_.team_building_team_building_id desc limit ?
Hibernate: select teamlist0_.team_building_team_building_id as team_bui4_18_0_, teamlist0_.team_team_id as team_tea1_18_0_, teamlist0_.team_team_id as team_tea1_18_1_, teamlist0_.team_last_modified_at as team_las2_18_1_, teamlist0_.team_building_team_building_id as team_bui4_18_1_, teamlist0_.team_team_name as team_tea3_18_1_ from team teamlist0_ where teamlist0_.team_building_team_building_id=?
Hibernate: select teamuserli0_.team_team_id as team_tea2_20_0_, teamuserli0_.team_user_id as team_use1_20_0_, teamuserli0_.team_user_id as team_use1_20_1_, teamuserli0_.team_team_id as team_tea2_20_1_, teamuserli0_.user_id as user_id3_20_1_ from team_user teamuserli0_ where teamuserli0_.team_team_id=?
Hibernate: select user0_.user_id as user_id1_21_0_, user0_.character_id as characte7_21_0_, user0_.user_created_at as user_cre2_21_0_, user0_.user_name as user_nam3_21_0_, user0_.user_phone_number as user_pho4_21_0_, user0_.user_user_id as user_use5_21_0_, user0_.user_user_password as user_use6_21_0_ from user user0_ where user0_.user_id=?
Hibernate: select character0_.character_id as characte1_6_0_, character0_.character_character_name as characte2_6_0_ from characters character0_ where character0_.character_id=?
Hibernate: select user0_.user_id as user_id1_21_0_, user0_.character_id as characte7_21_0_, user0_.user_created_at as user_cre2_21_0_, user0_.user_name as user_nam3_21_0_, user0_.user_phone_number as user_pho4_21_0_, user0_.user_user_id as user_use5_21_0_, user0_.user_user_password as user_use6_21_0_ from user user0_ where user0_.user_id=?
Hibernate: select user0_.user_id as user_id1_21_0_, user0_.character_id as characte7_21_0_, user0_.user_created_at as user_cre2_21_0_, user0_.user_name as user_nam3_21_0_, user0_.user_phone_number as user_pho4_21_0_, user0_.user_user_id as user_use5_21_0_, user0_.user_user_password as user_use6_21_0_ from user user0_ where user0_.user_id=?
Hibernate: select teamuserli0_.team_team_id as team_tea2_20_0_, teamuserli0_.team_user_id as team_use1_20_0_, teamuserli0_.team_user_id as team_use1_20_1_, teamuserli0_.team_team_id as team_tea2_20_1_, teamuserli0_.user_id as user_id3_20_1_ from team_user teamuserli0_ where teamuserli0_.team_team_id=?
Hibernate: select user0_.user_id as user_id1_21_0_, user0_.character_id as characte7_21_0_, user0_.user_created_at as user_cre2_21_0_, user0_.user_name as user_nam3_21_0_, user0_.user_phone_number as user_pho4_21_0_, user0_.user_user_id as user_use5_21_0_, user0_.user_user_password as user_use6_21_0_ from user user0_ where user0_.user_id=?
Hibernate: select user0_.user_id as user_id1_21_0_, user0_.character_id as characte7_21_0_, user0_.user_created_at as user_cre2_21_0_, user0_.user_name as user_nam3_21_0_, user0_.user_phone_number as user_pho4_21_0_, user0_.user_user_id as user_use5_21_0_, user0_.user_user_password as user_use6_21_0_ from user user0_ where user0_.user_id=?
Hibernate: select user0_.user_id as user_id1_21_0_, user0_.character_id as characte7_21_0_, user0_.user_created_at as user_cre2_21_0_, user0_.user_name as user_nam3_21_0_, user0_.user_phone_number as user_pho4_21_0_, user0_.user_user_id as user_use5_21_0_, user0_.user_user_password as user_use6_21_0_ from user user0_ where user0_.user_id=?
Hibernate: select character0_.character_id as characte1_6_0_, character0_.character_character_name as characte2_6_0_ from characters character0_ where character0_.character_id=?
Hibernate: select count(*) as col_0_0_ from user user0_ where user0_.user_id=?
Hibernate: select character1_.character_id as characte1_6_, character1_.character_character_name as characte2_6_ from user user0_ inner join characters character1_ on user0_.character_id=character1_.character_id where user0_.user_id=?
Hibernate: select permission0_.character_id as characte6_12_0_, permission0_.permission_id as permissi1_12_0_, permission0_.permission_id as permissi1_12_1_, permission0_.character_id as characte6_12_1_, permission0_.permission_name as permissi2_12_1_, permission0_.permission_permission_unit_id as permissi3_12_1_, permission0_.permission_service as permissi4_12_1_, permission0_.permission_status as permissi5_12_1_ from permission permission0_ where permission0_.character_id=?
Hibernate: select count(*) as col_0_0_ from team team0_ where team0_.team_team_id=?

MockHttpServletRequest:
      HTTP Method = PATCH
      Request URI = /teambuilding/team/0
       Parameters = {}
          Headers = [Content-Type:"application/json;charset=UTF-8", Accept:"application/json", api-version:"1.0", Authorization:"Bearer eyJhbGciOiJIUzI1NiJ9.eyJzdWIiOiIxIiwiaWF0IjoxNjg3ODc3NDY5LCJleHAiOjE2ODc4ODEwNjl9.5GpcrqH17WaCEi6670WViYdxZ8Db7S7TQOeUs9MSnKg", Content-Length:"23"]
             Body = {"team_name":"chisam!"}
    Session Attrs = {}

Handler:
             Type = org.waldreg.controller.teambuilding.TeamBuildingController
           Method = org.waldreg.controller.teambuilding.TeamBuildingController#updateTeamNameByTeamId(int, TeamUpdateRequest, PermissionVerifyState)

Async:
    Async started = false
     Async result = null

Resolved Exception:
             Type = org.waldreg.teambuilding.exception.UnknownTeamIdException

ModelAndView:
        View name = null
             View = null
            Model = null

FlashMap:
       Attributes = null

MockHttpServletResponse:
           Status = 400
    Error message = null
          Headers = [Vary:"Origin", "Access-Control-Request-Method", "Access-Control-Request-Headers", Api-version:"1.0", Content-Type:"application/json"]
     Content type = application/json
             Body = {"code":"TEAMBUILDING-407","messages":"Cannot find team id \"0\"","document_url":"docs.waldreg.org"}
    Forwarded URL = null
   Redirected URL = null
          Cookies = []
Hibernate: select user0_.user_id as col_0_0_ from user user0_ where user0_.user_user_id=? limit ?
Hibernate: select user0_.user_id as col_0_0_ from user user0_ where user0_.user_user_id=? limit ?
Hibernate: select U.* from USER U where U.USER_USER_ID =?
Hibernate: select character0_.character_id as characte1_6_0_, character0_.character_character_name as characte2_6_0_ from characters character0_ where character0_.character_id=?
Hibernate: select user0_.user_id as user_id1_21_0_, user0_.character_id as characte7_21_0_, user0_.user_created_at as user_cre2_21_0_, user0_.user_name as user_nam3_21_0_, user0_.user_phone_number as user_pho4_21_0_, user0_.user_user_id as user_use5_21_0_, user0_.user_user_password as user_use6_21_0_ from user user0_ where user0_.user_id=?
Hibernate: select character0_.character_id as characte1_6_0_, character0_.character_character_name as characte2_6_0_ from characters character0_ where character0_.character_id=?
Hibernate: select count(*) as col_0_0_ from team_building teambuildi0_
Hibernate: select count(*) as col_0_0_ from team_building teambuildi0_
Hibernate: select teambuildi0_.team_building_team_building_id as team_bui1_19_, teambuildi0_.team_building_created_at as team_bui2_19_, teambuildi0_.team_building_last_modified_at as team_bui3_19_, teambuildi0_.team_building_team_building_title as team_bui4_19_ from team_building teambuildi0_ order by teambuildi0_.team_building_created_at desc, teambuildi0_.team_building_team_building_id desc limit ?
Hibernate: select teamlist0_.team_building_team_building_id as team_bui4_18_0_, teamlist0_.team_team_id as team_tea1_18_0_, teamlist0_.team_team_id as team_tea1_18_1_, teamlist0_.team_last_modified_at as team_las2_18_1_, teamlist0_.team_building_team_building_id as team_bui4_18_1_, teamlist0_.team_team_name as team_tea3_18_1_ from team teamlist0_ where teamlist0_.team_building_team_building_id=?
Hibernate: select teamuserli0_.team_team_id as team_tea2_20_0_, teamuserli0_.team_user_id as team_use1_20_0_, teamuserli0_.team_user_id as team_use1_20_1_, teamuserli0_.team_team_id as team_tea2_20_1_, teamuserli0_.user_id as user_id3_20_1_ from team_user teamuserli0_ where teamuserli0_.team_team_id=?
Hibernate: select user0_.user_id as user_id1_21_0_, user0_.character_id as characte7_21_0_, user0_.user_created_at as user_cre2_21_0_, user0_.user_name as user_nam3_21_0_, user0_.user_phone_number as user_pho4_21_0_, user0_.user_user_id as user_use5_21_0_, user0_.user_user_password as user_use6_21_0_ from user user0_ where user0_.user_id=?
Hibernate: select character0_.character_id as characte1_6_0_, character0_.character_character_name as characte2_6_0_ from characters character0_ where character0_.character_id=?
Hibernate: select user0_.user_id as user_id1_21_0_, user0_.character_id as characte7_21_0_, user0_.user_created_at as user_cre2_21_0_, user0_.user_name as user_nam3_21_0_, user0_.user_phone_number as user_pho4_21_0_, user0_.user_user_id as user_use5_21_0_, user0_.user_user_password as user_use6_21_0_ from user user0_ where user0_.user_id=?
Hibernate: select user0_.user_id as user_id1_21_0_, user0_.character_id as characte7_21_0_, user0_.user_created_at as user_cre2_21_0_, user0_.user_name as user_nam3_21_0_, user0_.user_phone_number as user_pho4_21_0_, user0_.user_user_id as user_use5_21_0_, user0_.user_user_password as user_use6_21_0_ from user user0_ where user0_.user_id=?
Hibernate: select teamuserli0_.team_team_id as team_tea2_20_0_, teamuserli0_.team_user_id as team_use1_20_0_, teamuserli0_.team_user_id as team_use1_20_1_, teamuserli0_.team_team_id as team_tea2_20_1_, teamuserli0_.user_id as user_id3_20_1_ from team_user teamuserli0_ where teamuserli0_.team_team_id=?
Hibernate: select user0_.user_id as user_id1_21_0_, user0_.character_id as characte7_21_0_, user0_.user_created_at as user_cre2_21_0_, user0_.user_name as user_nam3_21_0_, user0_.user_phone_number as user_pho4_21_0_, user0_.user_user_id as user_use5_21_0_, user0_.user_user_password as user_use6_21_0_ from user user0_ where user0_.user_id=?
Hibernate: select user0_.user_id as user_id1_21_0_, user0_.character_id as characte7_21_0_, user0_.user_created_at as user_cre2_21_0_, user0_.user_name as user_nam3_21_0_, user0_.user_phone_number as user_pho4_21_0_, user0_.user_user_id as user_use5_21_0_, user0_.user_user_password as user_use6_21_0_ from user user0_ where user0_.user_id=?
Hibernate: select user0_.user_id as user_id1_21_0_, user0_.character_id as characte7_21_0_, user0_.user_created_at as user_cre2_21_0_, user0_.user_name as user_nam3_21_0_, user0_.user_phone_number as user_pho4_21_0_, user0_.user_user_id as user_use5_21_0_, user0_.user_user_password as user_use6_21_0_ from user user0_ where user0_.user_id=?
Hibernate: select character0_.character_id as characte1_6_0_, character0_.character_character_name as characte2_6_0_ from characters character0_ where character0_.character_id=?
Hibernate: select count(*) as col_0_0_ from user user0_ where user0_.user_id=?
Hibernate: select character1_.character_id as characte1_6_, character1_.character_character_name as characte2_6_ from user user0_ inner join characters character1_ on user0_.character_id=character1_.character_id where user0_.user_id=?
Hibernate: select permission0_.character_id as characte6_12_0_, permission0_.permission_id as permissi1_12_0_, permission0_.permission_id as permissi1_12_1_, permission0_.character_id as characte6_12_1_, permission0_.permission_name as permissi2_12_1_, permission0_.permission_permission_unit_id as permissi3_12_1_, permission0_.permission_service as permissi4_12_1_, permission0_.permission_status as permissi5_12_1_ from permission permission0_ where permission0_.character_id=?
Hibernate: select count(*) as col_0_0_ from team_building teambuildi0_ where teambuildi0_.team_building_team_building_id=?
Hibernate: select teambuildi0_.team_building_team_building_id as team_bui1_19_0_, teambuildi0_.team_building_created_at as team_bui2_19_0_, teambuildi0_.team_building_last_modified_at as team_bui3_19_0_, teambuildi0_.team_building_team_building_title as team_bui4_19_0_ from team_building teambuildi0_ where teambuildi0_.team_building_team_building_id=?
Hibernate: select teamlist0_.team_building_team_building_id as team_bui4_18_0_, teamlist0_.team_team_id as team_tea1_18_0_, teamlist0_.team_team_id as team_tea1_18_1_, teamlist0_.team_last_modified_at as team_las2_18_1_, teamlist0_.team_building_team_building_id as team_bui4_18_1_, teamlist0_.team_team_name as team_tea3_18_1_ from team teamlist0_ where teamlist0_.team_building_team_building_id=?
Hibernate: select teamuserli0_.team_team_id as team_tea2_20_0_, teamuserli0_.team_user_id as team_use1_20_0_, teamuserli0_.team_user_id as team_use1_20_1_, teamuserli0_.team_team_id as team_tea2_20_1_, teamuserli0_.user_id as user_id3_20_1_ from team_user teamuserli0_ where teamuserli0_.team_team_id=?
Hibernate: select user0_.user_id as user_id1_21_0_, user0_.character_id as characte7_21_0_, user0_.user_created_at as user_cre2_21_0_, user0_.user_name as user_nam3_21_0_, user0_.user_phone_number as user_pho4_21_0_, user0_.user_user_id as user_use5_21_0_, user0_.user_user_password as user_use6_21_0_ from user user0_ where user0_.user_id=?
Hibernate: select character0_.character_id as characte1_6_0_, character0_.character_character_name as characte2_6_0_ from characters character0_ where character0_.character_id=?
Hibernate: select user0_.user_id as user_id1_21_0_, user0_.character_id as characte7_21_0_, user0_.user_created_at as user_cre2_21_0_, user0_.user_name as user_nam3_21_0_, user0_.user_phone_number as user_pho4_21_0_, user0_.user_user_id as user_use5_21_0_, user0_.user_user_password as user_use6_21_0_ from user user0_ where user0_.user_id=?
Hibernate: select user0_.user_id as user_id1_21_0_, user0_.character_id as characte7_21_0_, user0_.user_created_at as user_cre2_21_0_, user0_.user_name as user_nam3_21_0_, user0_.user_phone_number as user_pho4_21_0_, user0_.user_user_id as user_use5_21_0_, user0_.user_user_password as user_use6_21_0_ from user user0_ where user0_.user_id=?
Hibernate: select teamuserli0_.team_team_id as team_tea2_20_0_, teamuserli0_.team_user_id as team_use1_20_0_, teamuserli0_.team_user_id as team_use1_20_1_, teamuserli0_.team_team_id as team_tea2_20_1_, teamuserli0_.user_id as user_id3_20_1_ from team_user teamuserli0_ where teamuserli0_.team_team_id=?
Hibernate: select user0_.user_id as user_id1_21_0_, user0_.character_id as characte7_21_0_, user0_.user_created_at as user_cre2_21_0_, user0_.user_name as user_nam3_21_0_, user0_.user_phone_number as user_pho4_21_0_, user0_.user_user_id as user_use5_21_0_, user0_.user_user_password as user_use6_21_0_ from user user0_ where user0_.user_id=?
Hibernate: select user0_.user_id as user_id1_21_0_, user0_.character_id as characte7_21_0_, user0_.user_created_at as user_cre2_21_0_, user0_.user_name as user_nam3_21_0_, user0_.user_phone_number as user_pho4_21_0_, user0_.user_user_id as user_use5_21_0_, user0_.user_user_password as user_use6_21_0_ from user user0_ where user0_.user_id=?
Hibernate: delete from team_user where team_user_id=?
Hibernate: delete from team_user where team_user_id=?
Hibernate: delete from team_user where team_user_id=?
Hibernate: delete from team where team_team_id=?
Hibernate: delete from team_user where team_user_id=?
Hibernate: delete from team_user where team_user_id=?
Hibernate: delete from team where team_team_id=?
Hibernate: delete from team_building where team_building_team_building_id=?
Hibernate: select user0_.user_id as user_id1_21_0_, user0_.character_id as characte7_21_0_, user0_.user_created_at as user_cre2_21_0_, user0_.user_name as user_nam3_21_0_, user0_.user_phone_number as user_pho4_21_0_, user0_.user_user_id as user_use5_21_0_, user0_.user_user_password as user_use6_21_0_ from user user0_ where user0_.user_id=?
Hibernate: select character0_.character_id as characte1_6_0_, character0_.character_character_name as characte2_6_0_ from characters character0_ where character0_.character_id=?
Hibernate: select count(*) as col_0_0_ from team_building teambuildi0_ where teambuildi0_.team_building_team_building_id=?
Hibernate: select user0_.user_id as col_0_0_ from user user0_ where user0_.user_user_id=? limit ?
Hibernate: select user0_.user_id as col_0_0_ from user user0_ where user0_.user_user_id=? limit ?
Hibernate: select U.* from USER U where U.USER_USER_ID =?
Hibernate: select character0_.character_id as characte1_6_0_, character0_.character_character_name as characte2_6_0_ from characters character0_ where character0_.character_id=?
Hibernate: select user0_.user_id as col_0_0_ from user user0_ where user0_.user_user_id=? limit ?
Hibernate: select user0_.user_id as user_id1_21_, user0_.character_id as characte7_21_, user0_.user_created_at as user_cre2_21_, user0_.user_name as user_nam3_21_, user0_.user_phone_number as user_pho4_21_, user0_.user_user_id as user_use5_21_, user0_.user_user_password as user_use6_21_ from user user0_ inner join characters character1_ on user0_.character_id=character1_.character_id where user0_.user_user_id=?
Hibernate: select character0_.character_id as characte1_6_0_, character0_.character_character_name as characte2_6_0_ from characters character0_ where character0_.character_id=?
Hibernate: select rewardtagw0_.user_id as user_id4_16_0_, rewardtagw0_.reward_tag_wrapper_reward_id as reward_t1_16_0_, rewardtagw0_.reward_tag_wrapper_reward_id as reward_t1_16_1_, rewardtagw0_.reward_tag_wrapper_reward_presented_at as reward_t2_16_1_, rewardtagw0_.reward_tag_reward_tag_id as reward_t3_16_1_, rewardtagw0_.user_id as user_id4_16_1_ from reward_tag_wrapper rewardtagw0_ where rewardtagw0_.user_id=?
Hibernate: select user0_.user_id as user_id1_21_0_, user0_.character_id as characte7_21_0_, user0_.user_created_at as user_cre2_21_0_, user0_.user_name as user_nam3_21_0_, user0_.user_phone_number as user_pho4_21_0_, user0_.user_user_id as user_use5_21_0_, user0_.user_user_password as user_use6_21_0_ from user user0_ where user0_.user_id=?
Hibernate: select character0_.character_id as characte1_6_0_, character0_.character_character_name as characte2_6_0_ from characters character0_ where character0_.character_id=?
Hibernate: select count(*) as col_0_0_ from user user0_ where user0_.user_id=?
Hibernate: select character1_.character_id as characte1_6_, character1_.character_character_name as characte2_6_ from user user0_ inner join characters character1_ on user0_.character_id=character1_.character_id where user0_.user_id=?
Hibernate: select permission0_.character_id as characte6_12_0_, permission0_.permission_id as permissi1_12_0_, permission0_.permission_id as permissi1_12_1_, permission0_.character_id as characte6_12_1_, permission0_.permission_name as permissi2_12_1_, permission0_.permission_permission_unit_id as permissi3_12_1_, permission0_.permission_service as permissi4_12_1_, permission0_.permission_status as permissi5_12_1_ from permission permission0_ where permission0_.character_id=?
Hibernate: select count(*) as col_0_0_ from user user0_ where user0_.user_id=?
Hibernate: select user0_.user_id as user_id1_21_, user0_.character_id as characte7_21_, user0_.user_created_at as user_cre2_21_, user0_.user_name as user_nam3_21_, user0_.user_phone_number as user_pho4_21_, user0_.user_user_id as user_use5_21_, user0_.user_user_password as user_use6_21_ from user user0_ where user0_.user_id=?
Hibernate: select character0_.character_id as characte1_6_0_, character0_.character_character_name as characte2_6_0_ from characters character0_ where character0_.character_id=?
Hibernate: select rewardtagw0_.user_id as user_id4_16_0_, rewardtagw0_.reward_tag_wrapper_reward_id as reward_t1_16_0_, rewardtagw0_.reward_tag_wrapper_reward_id as reward_t1_16_1_, rewardtagw0_.reward_tag_wrapper_reward_presented_at as reward_t2_16_1_, rewardtagw0_.reward_tag_reward_tag_id as reward_t3_16_1_, rewardtagw0_.user_id as user_id4_16_1_ from reward_tag_wrapper rewardtagw0_ where rewardtagw0_.user_id=?
Hibernate: select attendance0_.attendance_user_attendance_user_id as col_0_0_ from attendance_user attendance0_ where attendance0_.user_id=? limit ?
Hibernate: DELETE FROM USER WHERE USER_ID = ?
Hibernate: select user0_.user_id as col_0_0_ from user user0_ where user0_.user_user_id=? limit ?
Hibernate: select user0_.user_id as col_0_0_ from user user0_ where user0_.user_user_id=? limit ?
Hibernate: select user0_.user_id as user_id1_21_, user0_.character_id as characte7_21_, user0_.user_created_at as user_cre2_21_, user0_.user_name as user_nam3_21_, user0_.user_phone_number as user_pho4_21_, user0_.user_user_id as user_use5_21_, user0_.user_user_password as user_use6_21_ from user user0_ inner join characters character1_ on user0_.character_id=character1_.character_id where user0_.user_user_id=?
Hibernate: select character0_.character_id as characte1_6_0_, character0_.character_character_name as characte2_6_0_ from characters character0_ where character0_.character_id=?
Hibernate: select rewardtagw0_.user_id as user_id4_16_0_, rewardtagw0_.reward_tag_wrapper_reward_id as reward_t1_16_0_, rewardtagw0_.reward_tag_wrapper_reward_id as reward_t1_16_1_, rewardtagw0_.reward_tag_wrapper_reward_presented_at as reward_t2_16_1_, rewardtagw0_.reward_tag_reward_tag_id as reward_t3_16_1_, rewardtagw0_.user_id as user_id4_16_1_ from reward_tag_wrapper rewardtagw0_ where rewardtagw0_.user_id=?
Hibernate: select user0_.user_id as user_id1_21_0_, user0_.character_id as characte7_21_0_, user0_.user_created_at as user_cre2_21_0_, user0_.user_name as user_nam3_21_0_, user0_.user_phone_number as user_pho4_21_0_, user0_.user_user_id as user_use5_21_0_, user0_.user_user_password as user_use6_21_0_ from user user0_ where user0_.user_id=?
Hibernate: select character0_.character_id as characte1_6_0_, character0_.character_character_name as characte2_6_0_ from characters character0_ where character0_.character_id=?
Hibernate: select count(*) as col_0_0_ from user user0_ where user0_.user_id=?
Hibernate: select character1_.character_id as characte1_6_, character1_.character_character_name as characte2_6_ from user user0_ inner join characters character1_ on user0_.character_id=character1_.character_id where user0_.user_id=?
Hibernate: select permission0_.character_id as characte6_12_0_, permission0_.permission_id as permissi1_12_0_, permission0_.permission_id as permissi1_12_1_, permission0_.character_id as characte6_12_1_, permission0_.permission_name as permissi2_12_1_, permission0_.permission_permission_unit_id as permissi3_12_1_, permission0_.permission_service as permissi4_12_1_, permission0_.permission_status as permissi5_12_1_ from permission permission0_ where permission0_.character_id=?
Hibernate: select count(*) as col_0_0_ from user user0_ where user0_.user_id=?
Hibernate: select user0_.user_id as user_id1_21_, user0_.character_id as characte7_21_, user0_.user_created_at as user_cre2_21_, user0_.user_name as user_nam3_21_, user0_.user_phone_number as user_pho4_21_, user0_.user_user_id as user_use5_21_, user0_.user_user_password as user_use6_21_ from user user0_ where user0_.user_id=?
Hibernate: select character0_.character_id as characte1_6_0_, character0_.character_character_name as characte2_6_0_ from characters character0_ where character0_.character_id=?
Hibernate: select rewardtagw0_.user_id as user_id4_16_0_, rewardtagw0_.reward_tag_wrapper_reward_id as reward_t1_16_0_, rewardtagw0_.reward_tag_wrapper_reward_id as reward_t1_16_1_, rewardtagw0_.reward_tag_wrapper_reward_presented_at as reward_t2_16_1_, rewardtagw0_.reward_tag_reward_tag_id as reward_t3_16_1_, rewardtagw0_.user_id as user_id4_16_1_ from reward_tag_wrapper rewardtagw0_ where rewardtagw0_.user_id=?
Hibernate: select attendance0_.attendance_user_attendance_user_id as col_0_0_ from attendance_user attendance0_ where attendance0_.user_id=? limit ?
Hibernate: DELETE FROM USER WHERE USER_ID = ?
Hibernate: select user0_.user_id as col_0_0_ from user user0_ where user0_.user_user_id=? limit ?
Hibernate: select user0_.user_id as col_0_0_ from user user0_ where user0_.user_user_id=? limit ?
Hibernate: select user0_.user_id as user_id1_21_, user0_.character_id as characte7_21_, user0_.user_created_at as user_cre2_21_, user0_.user_name as user_nam3_21_, user0_.user_phone_number as user_pho4_21_, user0_.user_user_id as user_use5_21_, user0_.user_user_password as user_use6_21_ from user user0_ inner join characters character1_ on user0_.character_id=character1_.character_id where user0_.user_user_id=?
Hibernate: select character0_.character_id as characte1_6_0_, character0_.character_character_name as characte2_6_0_ from characters character0_ where character0_.character_id=?
Hibernate: select rewardtagw0_.user_id as user_id4_16_0_, rewardtagw0_.reward_tag_wrapper_reward_id as reward_t1_16_0_, rewardtagw0_.reward_tag_wrapper_reward_id as reward_t1_16_1_, rewardtagw0_.reward_tag_wrapper_reward_presented_at as reward_t2_16_1_, rewardtagw0_.reward_tag_reward_tag_id as reward_t3_16_1_, rewardtagw0_.user_id as user_id4_16_1_ from reward_tag_wrapper rewardtagw0_ where rewardtagw0_.user_id=?
Hibernate: select user0_.user_id as user_id1_21_0_, user0_.character_id as characte7_21_0_, user0_.user_created_at as user_cre2_21_0_, user0_.user_name as user_nam3_21_0_, user0_.user_phone_number as user_pho4_21_0_, user0_.user_user_id as user_use5_21_0_, user0_.user_user_password as user_use6_21_0_ from user user0_ where user0_.user_id=?
Hibernate: select character0_.character_id as characte1_6_0_, character0_.character_character_name as characte2_6_0_ from characters character0_ where character0_.character_id=?
Hibernate: select count(*) as col_0_0_ from user user0_ where user0_.user_id=?
Hibernate: select character1_.character_id as characte1_6_, character1_.character_character_name as characte2_6_ from user user0_ inner join characters character1_ on user0_.character_id=character1_.character_id where user0_.user_id=?
Hibernate: select permission0_.character_id as characte6_12_0_, permission0_.permission_id as permissi1_12_0_, permission0_.permission_id as permissi1_12_1_, permission0_.character_id as characte6_12_1_, permission0_.permission_name as permissi2_12_1_, permission0_.permission_permission_unit_id as permissi3_12_1_, permission0_.permission_service as permissi4_12_1_, permission0_.permission_status as permissi5_12_1_ from permission permission0_ where permission0_.character_id=?
Hibernate: select count(*) as col_0_0_ from user user0_ where user0_.user_id=?
Hibernate: select user0_.user_id as user_id1_21_, user0_.character_id as characte7_21_, user0_.user_created_at as user_cre2_21_, user0_.user_name as user_nam3_21_, user0_.user_phone_number as user_pho4_21_, user0_.user_user_id as user_use5_21_, user0_.user_user_password as user_use6_21_ from user user0_ where user0_.user_id=?
Hibernate: select character0_.character_id as characte1_6_0_, character0_.character_character_name as characte2_6_0_ from characters character0_ where character0_.character_id=?
Hibernate: select rewardtagw0_.user_id as user_id4_16_0_, rewardtagw0_.reward_tag_wrapper_reward_id as reward_t1_16_0_, rewardtagw0_.reward_tag_wrapper_reward_id as reward_t1_16_1_, rewardtagw0_.reward_tag_wrapper_reward_presented_at as reward_t2_16_1_, rewardtagw0_.reward_tag_reward_tag_id as reward_t3_16_1_, rewardtagw0_.user_id as user_id4_16_1_ from reward_tag_wrapper rewardtagw0_ where rewardtagw0_.user_id=?
Hibernate: select attendance0_.attendance_user_attendance_user_id as col_0_0_ from attendance_user attendance0_ where attendance0_.user_id=? limit ?
Hibernate: DELETE FROM USER WHERE USER_ID = ?
Hibernate: select user0_.user_id as col_0_0_ from user user0_ where user0_.user_user_id=? limit ?
Hibernate: select user0_.user_id as col_0_0_ from user user0_ where user0_.user_user_id=? limit ?
Hibernate: select user0_.user_id as user_id1_21_, user0_.character_id as characte7_21_, user0_.user_created_at as user_cre2_21_, user0_.user_name as user_nam3_21_, user0_.user_phone_number as user_pho4_21_, user0_.user_user_id as user_use5_21_, user0_.user_user_password as user_use6_21_ from user user0_ inner join characters character1_ on user0_.character_id=character1_.character_id where user0_.user_user_id=?
Hibernate: select character0_.character_id as characte1_6_0_, character0_.character_character_name as characte2_6_0_ from characters character0_ where character0_.character_id=?
Hibernate: select rewardtagw0_.user_id as user_id4_16_0_, rewardtagw0_.reward_tag_wrapper_reward_id as reward_t1_16_0_, rewardtagw0_.reward_tag_wrapper_reward_id as reward_t1_16_1_, rewardtagw0_.reward_tag_wrapper_reward_presented_at as reward_t2_16_1_, rewardtagw0_.reward_tag_reward_tag_id as reward_t3_16_1_, rewardtagw0_.user_id as user_id4_16_1_ from reward_tag_wrapper rewardtagw0_ where rewardtagw0_.user_id=?
Hibernate: select user0_.user_id as user_id1_21_0_, user0_.character_id as characte7_21_0_, user0_.user_created_at as user_cre2_21_0_, user0_.user_name as user_nam3_21_0_, user0_.user_phone_number as user_pho4_21_0_, user0_.user_user_id as user_use5_21_0_, user0_.user_user_password as user_use6_21_0_ from user user0_ where user0_.user_id=?
Hibernate: select character0_.character_id as characte1_6_0_, character0_.character_character_name as characte2_6_0_ from characters character0_ where character0_.character_id=?
Hibernate: select count(*) as col_0_0_ from user user0_ where user0_.user_id=?
Hibernate: select character1_.character_id as characte1_6_, character1_.character_character_name as characte2_6_ from user user0_ inner join characters character1_ on user0_.character_id=character1_.character_id where user0_.user_id=?
Hibernate: select permission0_.character_id as characte6_12_0_, permission0_.permission_id as permissi1_12_0_, permission0_.permission_id as permissi1_12_1_, permission0_.character_id as characte6_12_1_, permission0_.permission_name as permissi2_12_1_, permission0_.permission_permission_unit_id as permissi3_12_1_, permission0_.permission_service as permissi4_12_1_, permission0_.permission_status as permissi5_12_1_ from permission permission0_ where permission0_.character_id=?
Hibernate: select count(*) as col_0_0_ from user user0_ where user0_.user_id=?
Hibernate: select user0_.user_id as user_id1_21_, user0_.character_id as characte7_21_, user0_.user_created_at as user_cre2_21_, user0_.user_name as user_nam3_21_, user0_.user_phone_number as user_pho4_21_, user0_.user_user_id as user_use5_21_, user0_.user_user_password as user_use6_21_ from user user0_ where user0_.user_id=?
Hibernate: select character0_.character_id as characte1_6_0_, character0_.character_character_name as characte2_6_0_ from characters character0_ where character0_.character_id=?
Hibernate: select rewardtagw0_.user_id as user_id4_16_0_, rewardtagw0_.reward_tag_wrapper_reward_id as reward_t1_16_0_, rewardtagw0_.reward_tag_wrapper_reward_id as reward_t1_16_1_, rewardtagw0_.reward_tag_wrapper_reward_presented_at as reward_t2_16_1_, rewardtagw0_.reward_tag_reward_tag_id as reward_t3_16_1_, rewardtagw0_.user_id as user_id4_16_1_ from reward_tag_wrapper rewardtagw0_ where rewardtagw0_.user_id=?
Hibernate: select attendance0_.attendance_user_attendance_user_id as col_0_0_ from attendance_user attendance0_ where attendance0_.user_id=? limit ?
Hibernate: DELETE FROM USER WHERE USER_ID = ?
Hibernate: select user0_.user_id as col_0_0_ from user user0_ where user0_.user_user_id=? limit ?
Hibernate: select user0_.user_id as col_0_0_ from user user0_ where user0_.user_user_id=? limit ?
Hibernate: select user0_.user_id as user_id1_21_, user0_.character_id as characte7_21_, user0_.user_created_at as user_cre2_21_, user0_.user_name as user_nam3_21_, user0_.user_phone_number as user_pho4_21_, user0_.user_user_id as user_use5_21_, user0_.user_user_password as user_use6_21_ from user user0_ inner join characters character1_ on user0_.character_id=character1_.character_id where user0_.user_user_id=?
Hibernate: select character0_.character_id as characte1_6_0_, character0_.character_character_name as characte2_6_0_ from characters character0_ where character0_.character_id=?
Hibernate: select rewardtagw0_.user_id as user_id4_16_0_, rewardtagw0_.reward_tag_wrapper_reward_id as reward_t1_16_0_, rewardtagw0_.reward_tag_wrapper_reward_id as reward_t1_16_1_, rewardtagw0_.reward_tag_wrapper_reward_presented_at as reward_t2_16_1_, rewardtagw0_.reward_tag_reward_tag_id as reward_t3_16_1_, rewardtagw0_.user_id as user_id4_16_1_ from reward_tag_wrapper rewardtagw0_ where rewardtagw0_.user_id=?
Hibernate: select user0_.user_id as user_id1_21_0_, user0_.character_id as characte7_21_0_, user0_.user_created_at as user_cre2_21_0_, user0_.user_name as user_nam3_21_0_, user0_.user_phone_number as user_pho4_21_0_, user0_.user_user_id as user_use5_21_0_, user0_.user_user_password as user_use6_21_0_ from user user0_ where user0_.user_id=?
Hibernate: select character0_.character_id as characte1_6_0_, character0_.character_character_name as characte2_6_0_ from characters character0_ where character0_.character_id=?
Hibernate: select count(*) as col_0_0_ from user user0_ where user0_.user_id=?
Hibernate: select character1_.character_id as characte1_6_, character1_.character_character_name as characte2_6_ from user user0_ inner join characters character1_ on user0_.character_id=character1_.character_id where user0_.user_id=?
Hibernate: select permission0_.character_id as characte6_12_0_, permission0_.permission_id as permissi1_12_0_, permission0_.permission_id as permissi1_12_1_, permission0_.character_id as characte6_12_1_, permission0_.permission_name as permissi2_12_1_, permission0_.permission_permission_unit_id as permissi3_12_1_, permission0_.permission_service as permissi4_12_1_, permission0_.permission_status as permissi5_12_1_ from permission permission0_ where permission0_.character_id=?
Hibernate: select count(*) as col_0_0_ from user user0_ where user0_.user_id=?
Hibernate: select user0_.user_id as user_id1_21_, user0_.character_id as characte7_21_, user0_.user_created_at as user_cre2_21_, user0_.user_name as user_nam3_21_, user0_.user_phone_number as user_pho4_21_, user0_.user_user_id as user_use5_21_, user0_.user_user_password as user_use6_21_ from user user0_ where user0_.user_id=?
Hibernate: select character0_.character_id as characte1_6_0_, character0_.character_character_name as characte2_6_0_ from characters character0_ where character0_.character_id=?
Hibernate: select rewardtagw0_.user_id as user_id4_16_0_, rewardtagw0_.reward_tag_wrapper_reward_id as reward_t1_16_0_, rewardtagw0_.reward_tag_wrapper_reward_id as reward_t1_16_1_, rewardtagw0_.reward_tag_wrapper_reward_presented_at as reward_t2_16_1_, rewardtagw0_.reward_tag_reward_tag_id as reward_t3_16_1_, rewardtagw0_.user_id as user_id4_16_1_ from reward_tag_wrapper rewardtagw0_ where rewardtagw0_.user_id=?
Hibernate: select attendance0_.attendance_user_attendance_user_id as col_0_0_ from attendance_user attendance0_ where attendance0_.user_id=? limit ?
Hibernate: DELETE FROM USER WHERE USER_ID = ?
Hibernate: select user0_.user_id as col_0_0_ from user user0_ where user0_.user_user_id=? limit ?
Hibernate: select user0_.user_id as col_0_0_ from user user0_ where user0_.user_user_id=? limit ?
Hibernate: select user0_.user_id as col_0_0_ from user user0_ where user0_.user_user_id=? limit ?
Hibernate: select U.* from USER U where U.USER_USER_ID =?
Hibernate: select character0_.character_id as characte1_6_0_, character0_.character_character_name as characte2_6_0_ from characters character0_ where character0_.character_id=?
Hibernate: select user0_.user_id as user_id1_21_0_, user0_.character_id as characte7_21_0_, user0_.user_created_at as user_cre2_21_0_, user0_.user_name as user_nam3_21_0_, user0_.user_phone_number as user_pho4_21_0_, user0_.user_user_id as user_use5_21_0_, user0_.user_user_password as user_use6_21_0_ from user user0_ where user0_.user_id=?
Hibernate: select character0_.character_id as characte1_6_0_, character0_.character_character_name as characte2_6_0_ from characters character0_ where character0_.character_id=?
Hibernate: select count(*) as col_0_0_ from team_building teambuildi0_
Hibernate: select count(*) as col_0_0_ from team_building teambuildi0_
Hibernate: select user0_.user_id as col_0_0_ from user user0_ where user0_.user_user_id=? limit ?
Hibernate: select user0_.user_id as col_0_0_ from user user0_ where user0_.user_user_id=? limit ?
Hibernate: select U.* from USER U where U.USER_USER_ID =?
Hibernate: select character0_.character_id as characte1_6_0_, character0_.character_character_name as characte2_6_0_ from characters character0_ where character0_.character_id=?
Hibernate: select user0_.user_id as col_0_0_ from user user0_ where user0_.user_user_id=? limit ?
Hibernate: select user0_.user_id as col_0_0_ from user user0_ where user0_.user_user_id=? limit ?
Hibernate: select U.* from USER U where U.USER_USER_ID =?
Hibernate: select character0_.character_id as characte1_6_0_, character0_.character_character_name as characte2_6_0_ from characters character0_ where character0_.character_id=?
Hibernate: select user0_.user_id as col_0_0_ from user user0_ where user0_.user_user_id=? limit ?
Hibernate: select user0_.user_id as col_0_0_ from user user0_ where user0_.user_user_id=? limit ?
Hibernate: select U.* from USER U where U.USER_USER_ID =?
Hibernate: select character0_.character_id as characte1_6_0_, character0_.character_character_name as characte2_6_0_ from characters character0_ where character0_.character_id=?
Hibernate: select user0_.user_id as col_0_0_ from user user0_ where user0_.user_user_id=? limit ?
Hibernate: select userjoinin0_.user_joining_pool_id as col_0_0_ from user_joining_pool userjoinin0_ where userjoinin0_.user_user_id=? limit ?
Hibernate: select character0_.character_id as col_0_0_ from characters character0_ where character0_.character_character_name=? limit ?
Hibernate: insert into user_joining_pool (user_joining_pool_id, user_created_at, user_name, user_phone_number, user_user_id, user_user_password) values (default, ?, ?, ?, ?, ?)
Hibernate: select user0_.user_id as user_id1_21_0_, user0_.character_id as characte7_21_0_, user0_.user_created_at as user_cre2_21_0_, user0_.user_name as user_nam3_21_0_, user0_.user_phone_number as user_pho4_21_0_, user0_.user_user_id as user_use5_21_0_, user0_.user_user_password as user_use6_21_0_ from user user0_ where user0_.user_id=?
Hibernate: select character0_.character_id as characte1_6_0_, character0_.character_character_name as characte2_6_0_ from characters character0_ where character0_.character_id=?
Hibernate: select count(*) as col_0_0_ from user user0_ where user0_.user_id=?
Hibernate: select character1_.character_id as characte1_6_, character1_.character_character_name as characte2_6_ from user user0_ inner join characters character1_ on user0_.character_id=character1_.character_id where user0_.user_id=?
Hibernate: select permission0_.character_id as characte6_12_0_, permission0_.permission_id as permissi1_12_0_, permission0_.permission_id as permissi1_12_1_, permission0_.character_id as characte6_12_1_, permission0_.permission_name as permissi2_12_1_, permission0_.permission_permission_unit_id as permissi3_12_1_, permission0_.permission_service as permissi4_12_1_, permission0_.permission_status as permissi5_12_1_ from permission permission0_ where permission0_.character_id=?
Hibernate: select userjoinin0_.user_joining_pool_id as col_0_0_ from user_joining_pool userjoinin0_ where userjoinin0_.user_user_id=? limit ?
Hibernate: select userjoinin0_.user_joining_pool_id as user_joi1_22_, userjoinin0_.user_created_at as user_cre2_22_, userjoinin0_.user_name as user_nam3_22_, userjoinin0_.user_phone_number as user_pho4_22_, userjoinin0_.user_user_id as user_use5_22_, userjoinin0_.user_user_password as user_use6_22_ from user_joining_pool userjoinin0_ where userjoinin0_.user_user_id=?
Hibernate: select character0_.character_id as characte1_6_, character0_.character_character_name as characte2_6_ from characters character0_ where character0_.character_character_name=?
Hibernate: insert into user (user_id, character_id, user_created_at, user_name, user_phone_number, user_user_id, user_user_password) values (default, ?, ?, ?, ?, ?, ?)
Hibernate: DELETE FROM USER_JOINING_POOL as JU where JU.USER_USER_ID =?
Hibernate: select user0_.user_id as col_0_0_ from user user0_ where user0_.user_user_id=? limit ?
Hibernate: select user0_.user_id as col_0_0_ from user user0_ where user0_.user_user_id=? limit ?
Hibernate: select U.* from USER U where U.USER_USER_ID =?
Hibernate: select character0_.character_id as characte1_6_0_, character0_.character_character_name as characte2_6_0_ from characters character0_ where character0_.character_id=?
Hibernate: select user0_.user_id as col_0_0_ from user user0_ where user0_.user_user_id=? limit ?
Hibernate: select userjoinin0_.user_joining_pool_id as col_0_0_ from user_joining_pool userjoinin0_ where userjoinin0_.user_user_id=? limit ?
Hibernate: select character0_.character_id as col_0_0_ from characters character0_ where character0_.character_character_name=? limit ?
Hibernate: insert into user_joining_pool (user_joining_pool_id, user_created_at, user_name, user_phone_number, user_user_id, user_user_password) values (default, ?, ?, ?, ?, ?)
Hibernate: select user0_.user_id as user_id1_21_0_, user0_.character_id as characte7_21_0_, user0_.user_created_at as user_cre2_21_0_, user0_.user_name as user_nam3_21_0_, user0_.user_phone_number as user_pho4_21_0_, user0_.user_user_id as user_use5_21_0_, user0_.user_user_password as user_use6_21_0_ from user user0_ where user0_.user_id=?
Hibernate: select character0_.character_id as characte1_6_0_, character0_.character_character_name as characte2_6_0_ from characters character0_ where character0_.character_id=?
Hibernate: select count(*) as col_0_0_ from user user0_ where user0_.user_id=?
Hibernate: select character1_.character_id as characte1_6_, character1_.character_character_name as characte2_6_ from user user0_ inner join characters character1_ on user0_.character_id=character1_.character_id where user0_.user_id=?
Hibernate: select permission0_.character_id as characte6_12_0_, permission0_.permission_id as permissi1_12_0_, permission0_.permission_id as permissi1_12_1_, permission0_.character_id as characte6_12_1_, permission0_.permission_name as permissi2_12_1_, permission0_.permission_permission_unit_id as permissi3_12_1_, permission0_.permission_service as permissi4_12_1_, permission0_.permission_status as permissi5_12_1_ from permission permission0_ where permission0_.character_id=?
Hibernate: select userjoinin0_.user_joining_pool_id as col_0_0_ from user_joining_pool userjoinin0_ where userjoinin0_.user_user_id=? limit ?
Hibernate: select userjoinin0_.user_joining_pool_id as user_joi1_22_, userjoinin0_.user_created_at as user_cre2_22_, userjoinin0_.user_name as user_nam3_22_, userjoinin0_.user_phone_number as user_pho4_22_, userjoinin0_.user_user_id as user_use5_22_, userjoinin0_.user_user_password as user_use6_22_ from user_joining_pool userjoinin0_ where userjoinin0_.user_user_id=?
Hibernate: select character0_.character_id as characte1_6_, character0_.character_character_name as characte2_6_ from characters character0_ where character0_.character_character_name=?
Hibernate: insert into user (user_id, character_id, user_created_at, user_name, user_phone_number, user_user_id, user_user_password) values (default, ?, ?, ?, ?, ?, ?)
Hibernate: DELETE FROM USER_JOINING_POOL as JU where JU.USER_USER_ID =?
Hibernate: select user0_.user_id as col_0_0_ from user user0_ where user0_.user_user_id=? limit ?
Hibernate: select user0_.user_id as col_0_0_ from user user0_ where user0_.user_user_id=? limit ?
Hibernate: select U.* from USER U where U.USER_USER_ID =?
Hibernate: select character0_.character_id as characte1_6_0_, character0_.character_character_name as characte2_6_0_ from characters character0_ where character0_.character_id=?
Hibernate: select user0_.user_id as col_0_0_ from user user0_ where user0_.user_user_id=? limit ?
Hibernate: select userjoinin0_.user_joining_pool_id as col_0_0_ from user_joining_pool userjoinin0_ where userjoinin0_.user_user_id=? limit ?
Hibernate: select character0_.character_id as col_0_0_ from characters character0_ where character0_.character_character_name=? limit ?
Hibernate: insert into user_joining_pool (user_joining_pool_id, user_created_at, user_name, user_phone_number, user_user_id, user_user_password) values (default, ?, ?, ?, ?, ?)
Hibernate: select user0_.user_id as user_id1_21_0_, user0_.character_id as characte7_21_0_, user0_.user_created_at as user_cre2_21_0_, user0_.user_name as user_nam3_21_0_, user0_.user_phone_number as user_pho4_21_0_, user0_.user_user_id as user_use5_21_0_, user0_.user_user_password as user_use6_21_0_ from user user0_ where user0_.user_id=?
Hibernate: select character0_.character_id as characte1_6_0_, character0_.character_character_name as characte2_6_0_ from characters character0_ where character0_.character_id=?
Hibernate: select count(*) as col_0_0_ from user user0_ where user0_.user_id=?
Hibernate: select character1_.character_id as characte1_6_, character1_.character_character_name as characte2_6_ from user user0_ inner join characters character1_ on user0_.character_id=character1_.character_id where user0_.user_id=?
Hibernate: select permission0_.character_id as characte6_12_0_, permission0_.permission_id as permissi1_12_0_, permission0_.permission_id as permissi1_12_1_, permission0_.character_id as characte6_12_1_, permission0_.permission_name as permissi2_12_1_, permission0_.permission_permission_unit_id as permissi3_12_1_, permission0_.permission_service as permissi4_12_1_, permission0_.permission_status as permissi5_12_1_ from permission permission0_ where permission0_.character_id=?
Hibernate: select userjoinin0_.user_joining_pool_id as col_0_0_ from user_joining_pool userjoinin0_ where userjoinin0_.user_user_id=? limit ?
Hibernate: select userjoinin0_.user_joining_pool_id as user_joi1_22_, userjoinin0_.user_created_at as user_cre2_22_, userjoinin0_.user_name as user_nam3_22_, userjoinin0_.user_phone_number as user_pho4_22_, userjoinin0_.user_user_id as user_use5_22_, userjoinin0_.user_user_password as user_use6_22_ from user_joining_pool userjoinin0_ where userjoinin0_.user_user_id=?
Hibernate: select character0_.character_id as characte1_6_, character0_.character_character_name as characte2_6_ from characters character0_ where character0_.character_character_name=?
Hibernate: insert into user (user_id, character_id, user_created_at, user_name, user_phone_number, user_user_id, user_user_password) values (default, ?, ?, ?, ?, ?, ?)
Hibernate: DELETE FROM USER_JOINING_POOL as JU where JU.USER_USER_ID =?
Hibernate: select user0_.user_id as col_0_0_ from user user0_ where user0_.user_user_id=? limit ?
Hibernate: select user0_.user_id as col_0_0_ from user user0_ where user0_.user_user_id=? limit ?
Hibernate: select U.* from USER U where U.USER_USER_ID =?
Hibernate: select character0_.character_id as characte1_6_0_, character0_.character_character_name as characte2_6_0_ from characters character0_ where character0_.character_id=?
Hibernate: select user0_.user_id as col_0_0_ from user user0_ where user0_.user_user_id=? limit ?
Hibernate: select userjoinin0_.user_joining_pool_id as col_0_0_ from user_joining_pool userjoinin0_ where userjoinin0_.user_user_id=? limit ?
Hibernate: select character0_.character_id as col_0_0_ from characters character0_ where character0_.character_character_name=? limit ?
Hibernate: insert into user_joining_pool (user_joining_pool_id, user_created_at, user_name, user_phone_number, user_user_id, user_user_password) values (default, ?, ?, ?, ?, ?)
Hibernate: select user0_.user_id as user_id1_21_0_, user0_.character_id as characte7_21_0_, user0_.user_created_at as user_cre2_21_0_, user0_.user_name as user_nam3_21_0_, user0_.user_phone_number as user_pho4_21_0_, user0_.user_user_id as user_use5_21_0_, user0_.user_user_password as user_use6_21_0_ from user user0_ where user0_.user_id=?
Hibernate: select character0_.character_id as characte1_6_0_, character0_.character_character_name as characte2_6_0_ from characters character0_ where character0_.character_id=?
Hibernate: select count(*) as col_0_0_ from user user0_ where user0_.user_id=?
Hibernate: select character1_.character_id as characte1_6_, character1_.character_character_name as characte2_6_ from user user0_ inner join characters character1_ on user0_.character_id=character1_.character_id where user0_.user_id=?
Hibernate: select permission0_.character_id as characte6_12_0_, permission0_.permission_id as permissi1_12_0_, permission0_.permission_id as permissi1_12_1_, permission0_.character_id as characte6_12_1_, permission0_.permission_name as permissi2_12_1_, permission0_.permission_permission_unit_id as permissi3_12_1_, permission0_.permission_service as permissi4_12_1_, permission0_.permission_status as permissi5_12_1_ from permission permission0_ where permission0_.character_id=?
Hibernate: select userjoinin0_.user_joining_pool_id as col_0_0_ from user_joining_pool userjoinin0_ where userjoinin0_.user_user_id=? limit ?
Hibernate: select userjoinin0_.user_joining_pool_id as user_joi1_22_, userjoinin0_.user_created_at as user_cre2_22_, userjoinin0_.user_name as user_nam3_22_, userjoinin0_.user_phone_number as user_pho4_22_, userjoinin0_.user_user_id as user_use5_22_, userjoinin0_.user_user_password as user_use6_22_ from user_joining_pool userjoinin0_ where userjoinin0_.user_user_id=?
Hibernate: select character0_.character_id as characte1_6_, character0_.character_character_name as characte2_6_ from characters character0_ where character0_.character_character_name=?
Hibernate: insert into user (user_id, character_id, user_created_at, user_name, user_phone_number, user_user_id, user_user_password) values (default, ?, ?, ?, ?, ?, ?)
Hibernate: DELETE FROM USER_JOINING_POOL as JU where JU.USER_USER_ID =?
Hibernate: select user0_.user_id as col_0_0_ from user user0_ where user0_.user_user_id=? limit ?
Hibernate: select user0_.user_id as col_0_0_ from user user0_ where user0_.user_user_id=? limit ?
Hibernate: select U.* from USER U where U.USER_USER_ID =?
Hibernate: select character0_.character_id as characte1_6_0_, character0_.character_character_name as characte2_6_0_ from characters character0_ where character0_.character_id=?
Hibernate: select user0_.user_id as col_0_0_ from user user0_ where user0_.user_user_id=? limit ?
Hibernate: select userjoinin0_.user_joining_pool_id as col_0_0_ from user_joining_pool userjoinin0_ where userjoinin0_.user_user_id=? limit ?
Hibernate: select character0_.character_id as col_0_0_ from characters character0_ where character0_.character_character_name=? limit ?
Hibernate: insert into user_joining_pool (user_joining_pool_id, user_created_at, user_name, user_phone_number, user_user_id, user_user_password) values (default, ?, ?, ?, ?, ?)
Hibernate: select user0_.user_id as user_id1_21_0_, user0_.character_id as characte7_21_0_, user0_.user_created_at as user_cre2_21_0_, user0_.user_name as user_nam3_21_0_, user0_.user_phone_number as user_pho4_21_0_, user0_.user_user_id as user_use5_21_0_, user0_.user_user_password as user_use6_21_0_ from user user0_ where user0_.user_id=?
Hibernate: select character0_.character_id as characte1_6_0_, character0_.character_character_name as characte2_6_0_ from characters character0_ where character0_.character_id=?
Hibernate: select count(*) as col_0_0_ from user user0_ where user0_.user_id=?
Hibernate: select character1_.character_id as characte1_6_, character1_.character_character_name as characte2_6_ from user user0_ inner join characters character1_ on user0_.character_id=character1_.character_id where user0_.user_id=?
Hibernate: select permission0_.character_id as characte6_12_0_, permission0_.permission_id as permissi1_12_0_, permission0_.permission_id as permissi1_12_1_, permission0_.character_id as characte6_12_1_, permission0_.permission_name as permissi2_12_1_, permission0_.permission_permission_unit_id as permissi3_12_1_, permission0_.permission_service as permissi4_12_1_, permission0_.permission_status as permissi5_12_1_ from permission permission0_ where permission0_.character_id=?
Hibernate: select userjoinin0_.user_joining_pool_id as col_0_0_ from user_joining_pool userjoinin0_ where userjoinin0_.user_user_id=? limit ?
Hibernate: select userjoinin0_.user_joining_pool_id as user_joi1_22_, userjoinin0_.user_created_at as user_cre2_22_, userjoinin0_.user_name as user_nam3_22_, userjoinin0_.user_phone_number as user_pho4_22_, userjoinin0_.user_user_id as user_use5_22_, userjoinin0_.user_user_password as user_use6_22_ from user_joining_pool userjoinin0_ where userjoinin0_.user_user_id=?
Hibernate: select character0_.character_id as characte1_6_, character0_.character_character_name as characte2_6_ from characters character0_ where character0_.character_character_name=?
Hibernate: insert into user (user_id, character_id, user_created_at, user_name, user_phone_number, user_user_id, user_user_password) values (default, ?, ?, ?, ?, ?, ?)
Hibernate: DELETE FROM USER_JOINING_POOL as JU where JU.USER_USER_ID =?
Hibernate: select user0_.user_id as user_id1_21_0_, user0_.character_id as characte7_21_0_, user0_.user_created_at as user_cre2_21_0_, user0_.user_name as user_nam3_21_0_, user0_.user_phone_number as user_pho4_21_0_, user0_.user_user_id as user_use5_21_0_, user0_.user_user_password as user_use6_21_0_ from user user0_ where user0_.user_id=?
Hibernate: select character0_.character_id as characte1_6_0_, character0_.character_character_name as characte2_6_0_ from characters character0_ where character0_.character_id=?
Hibernate: select count(*) as col_0_0_ from user user0_ where user0_.user_id=?
Hibernate: select character1_.character_id as characte1_6_, character1_.character_character_name as characte2_6_ from user user0_ inner join characters character1_ on user0_.character_id=character1_.character_id where user0_.user_id=?
Hibernate: select permission0_.character_id as characte6_12_0_, permission0_.permission_id as permissi1_12_0_, permission0_.permission_id as permissi1_12_1_, permission0_.character_id as characte6_12_1_, permission0_.permission_name as permissi2_12_1_, permission0_.permission_permission_unit_id as permissi3_12_1_, permission0_.permission_service as permissi4_12_1_, permission0_.permission_status as permissi5_12_1_ from permission permission0_ where permission0_.character_id=?
Hibernate: select user0_.user_id as col_0_0_ from user user0_ where user0_.user_user_id=? limit ?
Hibernate: select user0_.user_id as col_0_0_ from user user0_ where user0_.user_user_id=? limit ?
Hibernate: select user0_.user_id as col_0_0_ from user user0_ where user0_.user_user_id=? limit ?
Hibernate: select user0_.user_id as col_0_0_ from user user0_ where user0_.user_user_id=? limit ?
Hibernate: select user0_.user_id as col_0_0_ from user user0_ where user0_.user_user_id=? limit ?
Hibernate: select user0_.user_id as user_id1_21_, user0_.character_id as characte7_21_, user0_.user_created_at as user_cre2_21_, user0_.user_name as user_nam3_21_, user0_.user_phone_number as user_pho4_21_, user0_.user_user_id as user_use5_21_, user0_.user_user_password as user_use6_21_ from user user0_ inner join characters character1_ on user0_.character_id=character1_.character_id where user0_.user_user_id=?
Hibernate: select character0_.character_id as characte1_6_0_, character0_.character_character_name as characte2_6_0_ from characters character0_ where character0_.character_id=?
Hibernate: select user0_.user_id as user_id1_21_, user0_.character_id as characte7_21_, user0_.user_created_at as user_cre2_21_, user0_.user_name as user_nam3_21_, user0_.user_phone_number as user_pho4_21_, user0_.user_user_id as user_use5_21_, user0_.user_user_password as user_use6_21_ from user user0_ inner join characters character1_ on user0_.character_id=character1_.character_id where user0_.user_user_id=?
Hibernate: select user0_.user_id as user_id1_21_, user0_.character_id as characte7_21_, user0_.user_created_at as user_cre2_21_, user0_.user_name as user_nam3_21_, user0_.user_phone_number as user_pho4_21_, user0_.user_user_id as user_use5_21_, user0_.user_user_password as user_use6_21_ from user user0_ inner join characters character1_ on user0_.character_id=character1_.character_id where user0_.user_user_id=?
Hibernate: select user0_.user_id as user_id1_21_, user0_.character_id as characte7_21_, user0_.user_created_at as user_cre2_21_, user0_.user_name as user_nam3_21_, user0_.user_phone_number as user_pho4_21_, user0_.user_user_id as user_use5_21_, user0_.user_user_password as user_use6_21_ from user user0_ inner join characters character1_ on user0_.character_id=character1_.character_id where user0_.user_user_id=?
Hibernate: select user0_.user_id as user_id1_21_, user0_.character_id as characte7_21_, user0_.user_created_at as user_cre2_21_, user0_.user_name as user_nam3_21_, user0_.user_phone_number as user_pho4_21_, user0_.user_user_id as user_use5_21_, user0_.user_user_password as user_use6_21_ from user user0_ inner join characters character1_ on user0_.character_id=character1_.character_id where user0_.user_user_id=?
Hibernate: insert into team_building (team_building_team_building_id, team_building_created_at, team_building_last_modified_at, team_building_team_building_title) values (default, ?, ?, ?)
Hibernate: insert into team (team_team_id, team_last_modified_at, team_building_team_building_id, team_team_name) values (default, ?, ?, ?)
Hibernate: insert into team_user (team_user_id, team_team_id, user_id) values (default, ?, ?)
Hibernate: insert into team_user (team_user_id, team_team_id, user_id) values (default, ?, ?)
Hibernate: insert into team_user (team_user_id, team_team_id, user_id) values (default, ?, ?)
Hibernate: insert into team (team_team_id, team_last_modified_at, team_building_team_building_id, team_team_name) values (default, ?, ?, ?)
Hibernate: insert into team_user (team_user_id, team_team_id, user_id) values (default, ?, ?)
Hibernate: insert into team_user (team_user_id, team_team_id, user_id) values (default, ?, ?)
Hibernate: select user0_.user_id as user_id1_21_0_, user0_.character_id as characte7_21_0_, user0_.user_created_at as user_cre2_21_0_, user0_.user_name as user_nam3_21_0_, user0_.user_phone_number as user_pho4_21_0_, user0_.user_user_id as user_use5_21_0_, user0_.user_user_password as user_use6_21_0_ from user user0_ where user0_.user_id=?
Hibernate: select character0_.character_id as characte1_6_0_, character0_.character_character_name as characte2_6_0_ from characters character0_ where character0_.character_id=?
Hibernate: select count(*) as col_0_0_ from team_building teambuildi0_
Hibernate: select count(*) as col_0_0_ from team_building teambuildi0_
Hibernate: select teambuildi0_.team_building_team_building_id as team_bui1_19_, teambuildi0_.team_building_created_at as team_bui2_19_, teambuildi0_.team_building_last_modified_at as team_bui3_19_, teambuildi0_.team_building_team_building_title as team_bui4_19_ from team_building teambuildi0_ order by teambuildi0_.team_building_created_at desc, teambuildi0_.team_building_team_building_id desc limit ?
Hibernate: select teamlist0_.team_building_team_building_id as team_bui4_18_0_, teamlist0_.team_team_id as team_tea1_18_0_, teamlist0_.team_team_id as team_tea1_18_1_, teamlist0_.team_last_modified_at as team_las2_18_1_, teamlist0_.team_building_team_building_id as team_bui4_18_1_, teamlist0_.team_team_name as team_tea3_18_1_ from team teamlist0_ where teamlist0_.team_building_team_building_id=?
Hibernate: select teamuserli0_.team_team_id as team_tea2_20_0_, teamuserli0_.team_user_id as team_use1_20_0_, teamuserli0_.team_user_id as team_use1_20_1_, teamuserli0_.team_team_id as team_tea2_20_1_, teamuserli0_.user_id as user_id3_20_1_ from team_user teamuserli0_ where teamuserli0_.team_team_id=?
Hibernate: select user0_.user_id as user_id1_21_0_, user0_.character_id as characte7_21_0_, user0_.user_created_at as user_cre2_21_0_, user0_.user_name as user_nam3_21_0_, user0_.user_phone_number as user_pho4_21_0_, user0_.user_user_id as user_use5_21_0_, user0_.user_user_password as user_use6_21_0_ from user user0_ where user0_.user_id=?
Hibernate: select character0_.character_id as characte1_6_0_, character0_.character_character_name as characte2_6_0_ from characters character0_ where character0_.character_id=?
Hibernate: select user0_.user_id as user_id1_21_0_, user0_.character_id as characte7_21_0_, user0_.user_created_at as user_cre2_21_0_, user0_.user_name as user_nam3_21_0_, user0_.user_phone_number as user_pho4_21_0_, user0_.user_user_id as user_use5_21_0_, user0_.user_user_password as user_use6_21_0_ from user user0_ where user0_.user_id=?
Hibernate: select user0_.user_id as user_id1_21_0_, user0_.character_id as characte7_21_0_, user0_.user_created_at as user_cre2_21_0_, user0_.user_name as user_nam3_21_0_, user0_.user_phone_number as user_pho4_21_0_, user0_.user_user_id as user_use5_21_0_, user0_.user_user_password as user_use6_21_0_ from user user0_ where user0_.user_id=?
Hibernate: select teamuserli0_.team_team_id as team_tea2_20_0_, teamuserli0_.team_user_id as team_use1_20_0_, teamuserli0_.team_user_id as team_use1_20_1_, teamuserli0_.team_team_id as team_tea2_20_1_, teamuserli0_.user_id as user_id3_20_1_ from team_user teamuserli0_ where teamuserli0_.team_team_id=?
Hibernate: select user0_.user_id as user_id1_21_0_, user0_.character_id as characte7_21_0_, user0_.user_created_at as user_cre2_21_0_, user0_.user_name as user_nam3_21_0_, user0_.user_phone_number as user_pho4_21_0_, user0_.user_user_id as user_use5_21_0_, user0_.user_user_password as user_use6_21_0_ from user user0_ where user0_.user_id=?
Hibernate: select user0_.user_id as user_id1_21_0_, user0_.character_id as characte7_21_0_, user0_.user_created_at as user_cre2_21_0_, user0_.user_name as user_nam3_21_0_, user0_.user_phone_number as user_pho4_21_0_, user0_.user_user_id as user_use5_21_0_, user0_.user_user_password as user_use6_21_0_ from user user0_ where user0_.user_id=?
Hibernate: select user0_.user_id as user_id1_21_0_, user0_.character_id as characte7_21_0_, user0_.user_created_at as user_cre2_21_0_, user0_.user_name as user_nam3_21_0_, user0_.user_phone_number as user_pho4_21_0_, user0_.user_user_id as user_use5_21_0_, user0_.user_user_password as user_use6_21_0_ from user user0_ where user0_.user_id=?
Hibernate: select character0_.character_id as characte1_6_0_, character0_.character_character_name as characte2_6_0_ from characters character0_ where character0_.character_id=?
Hibernate: select count(*) as col_0_0_ from user user0_ where user0_.user_id=?
Hibernate: select character1_.character_id as characte1_6_, character1_.character_character_name as characte2_6_ from user user0_ inner join characters character1_ on user0_.character_id=character1_.character_id where user0_.user_id=?
Hibernate: select permission0_.character_id as characte6_12_0_, permission0_.permission_id as permissi1_12_0_, permission0_.permission_id as permissi1_12_1_, permission0_.character_id as characte6_12_1_, permission0_.permission_name as permissi2_12_1_, permission0_.permission_permission_unit_id as permissi3_12_1_, permission0_.permission_service as permissi4_12_1_, permission0_.permission_status as permissi5_12_1_ from permission permission0_ where permission0_.character_id=?
Hibernate: select count(*) as col_0_0_ from team_building teambuildi0_ where teambuildi0_.team_building_team_building_id=?
Hibernate: select teambuildi0_.team_building_team_building_id as team_bui1_19_0_, teambuildi0_.team_building_created_at as team_bui2_19_0_, teambuildi0_.team_building_last_modified_at as team_bui3_19_0_, teambuildi0_.team_building_team_building_title as team_bui4_19_0_ from team_building teambuildi0_ where teambuildi0_.team_building_team_building_id=?
Hibernate: select teamlist0_.team_building_team_building_id as team_bui4_18_0_, teamlist0_.team_team_id as team_tea1_18_0_, teamlist0_.team_team_id as team_tea1_18_1_, teamlist0_.team_last_modified_at as team_las2_18_1_, teamlist0_.team_building_team_building_id as team_bui4_18_1_, teamlist0_.team_team_name as team_tea3_18_1_ from team teamlist0_ where teamlist0_.team_building_team_building_id=?
Hibernate: select teamuserli0_.team_team_id as team_tea2_20_0_, teamuserli0_.team_user_id as team_use1_20_0_, teamuserli0_.team_user_id as team_use1_20_1_, teamuserli0_.team_team_id as team_tea2_20_1_, teamuserli0_.user_id as user_id3_20_1_ from team_user teamuserli0_ where teamuserli0_.team_team_id=?
Hibernate: select user0_.user_id as user_id1_21_0_, user0_.character_id as characte7_21_0_, user0_.user_created_at as user_cre2_21_0_, user0_.user_name as user_nam3_21_0_, user0_.user_phone_number as user_pho4_21_0_, user0_.user_user_id as user_use5_21_0_, user0_.user_user_password as user_use6_21_0_ from user user0_ where user0_.user_id=?
Hibernate: select character0_.character_id as characte1_6_0_, character0_.character_character_name as characte2_6_0_ from characters character0_ where character0_.character_id=?
Hibernate: select user0_.user_id as user_id1_21_0_, user0_.character_id as characte7_21_0_, user0_.user_created_at as user_cre2_21_0_, user0_.user_name as user_nam3_21_0_, user0_.user_phone_number as user_pho4_21_0_, user0_.user_user_id as user_use5_21_0_, user0_.user_user_password as user_use6_21_0_ from user user0_ where user0_.user_id=?
Hibernate: select user0_.user_id as user_id1_21_0_, user0_.character_id as characte7_21_0_, user0_.user_created_at as user_cre2_21_0_, user0_.user_name as user_nam3_21_0_, user0_.user_phone_number as user_pho4_21_0_, user0_.user_user_id as user_use5_21_0_, user0_.user_user_password as user_use6_21_0_ from user user0_ where user0_.user_id=?
Hibernate: select teamuserli0_.team_team_id as team_tea2_20_0_, teamuserli0_.team_user_id as team_use1_20_0_, teamuserli0_.team_user_id as team_use1_20_1_, teamuserli0_.team_team_id as team_tea2_20_1_, teamuserli0_.user_id as user_id3_20_1_ from team_user teamuserli0_ where teamuserli0_.team_team_id=?
Hibernate: select user0_.user_id as user_id1_21_0_, user0_.character_id as characte7_21_0_, user0_.user_created_at as user_cre2_21_0_, user0_.user_name as user_nam3_21_0_, user0_.user_phone_number as user_pho4_21_0_, user0_.user_user_id as user_use5_21_0_, user0_.user_user_password as user_use6_21_0_ from user user0_ where user0_.user_id=?
Hibernate: select user0_.user_id as user_id1_21_0_, user0_.character_id as characte7_21_0_, user0_.user_created_at as user_cre2_21_0_, user0_.user_name as user_nam3_21_0_, user0_.user_phone_number as user_pho4_21_0_, user0_.user_user_id as user_use5_21_0_, user0_.user_user_password as user_use6_21_0_ from user user0_ where user0_.user_id=?
Hibernate: update team_building set team_building_created_at=?, team_building_last_modified_at=?, team_building_team_building_title=? where team_building_team_building_id=?

MockHttpServletRequest:
      HTTP Method = PATCH
      Request URI = /teambuilding/group/25
       Parameters = {}
          Headers = [Content-Type:"application/json;charset=UTF-8", Accept:"application/json", api-version:"1.0", Authorization:"Bearer eyJhbGciOiJIUzI1NiJ9.eyJzdWIiOiIxIiwiaWF0IjoxNjg3ODc3NDY5LCJleHAiOjE2ODc4ODEwNjl9.5GpcrqH17WaCEi6670WViYdxZ8Db7S7TQOeUs9MSnKg", Content-Length:"42"]
             Body = {"teambuilding_title":"lalaalalalalaalaa"}
    Session Attrs = {}

Handler:
             Type = org.waldreg.controller.teambuilding.TeamBuildingController
           Method = org.waldreg.controller.teambuilding.TeamBuildingController#updateTeamBuildingByTeamBuildingId(int, TeamBuildingUpdateRequest)

Async:
    Async started = false
     Async result = null

Resolved Exception:
             Type = null

ModelAndView:
        View name = null
             View = null
            Model = null

FlashMap:
       Attributes = null

MockHttpServletResponse:
           Status = 200
    Error message = null
          Headers = [Vary:"Origin", "Access-Control-Request-Method", "Access-Control-Request-Headers", Api-version:"1.0"]
     Content type = null
             Body = 
    Forwarded URL = null
   Redirected URL = null
          Cookies = []
Hibernate: select user0_.user_id as col_0_0_ from user user0_ where user0_.user_user_id=? limit ?
Hibernate: select user0_.user_id as col_0_0_ from user user0_ where user0_.user_user_id=? limit ?
Hibernate: select U.* from USER U where U.USER_USER_ID =?
Hibernate: select character0_.character_id as characte1_6_0_, character0_.character_character_name as characte2_6_0_ from characters character0_ where character0_.character_id=?
Hibernate: select user0_.user_id as user_id1_21_0_, user0_.character_id as characte7_21_0_, user0_.user_created_at as user_cre2_21_0_, user0_.user_name as user_nam3_21_0_, user0_.user_phone_number as user_pho4_21_0_, user0_.user_user_id as user_use5_21_0_, user0_.user_user_password as user_use6_21_0_ from user user0_ where user0_.user_id=?
Hibernate: select character0_.character_id as characte1_6_0_, character0_.character_character_name as characte2_6_0_ from characters character0_ where character0_.character_id=?
Hibernate: select count(*) as col_0_0_ from team_building teambuildi0_
Hibernate: select count(*) as col_0_0_ from team_building teambuildi0_
Hibernate: select teambuildi0_.team_building_team_building_id as team_bui1_19_, teambuildi0_.team_building_created_at as team_bui2_19_, teambuildi0_.team_building_last_modified_at as team_bui3_19_, teambuildi0_.team_building_team_building_title as team_bui4_19_ from team_building teambuildi0_ order by teambuildi0_.team_building_created_at desc, teambuildi0_.team_building_team_building_id desc limit ?
Hibernate: select teamlist0_.team_building_team_building_id as team_bui4_18_0_, teamlist0_.team_team_id as team_tea1_18_0_, teamlist0_.team_team_id as team_tea1_18_1_, teamlist0_.team_last_modified_at as team_las2_18_1_, teamlist0_.team_building_team_building_id as team_bui4_18_1_, teamlist0_.team_team_name as team_tea3_18_1_ from team teamlist0_ where teamlist0_.team_building_team_building_id=?
Hibernate: select teamuserli0_.team_team_id as team_tea2_20_0_, teamuserli0_.team_user_id as team_use1_20_0_, teamuserli0_.team_user_id as team_use1_20_1_, teamuserli0_.team_team_id as team_tea2_20_1_, teamuserli0_.user_id as user_id3_20_1_ from team_user teamuserli0_ where teamuserli0_.team_team_id=?
Hibernate: select user0_.user_id as user_id1_21_0_, user0_.character_id as characte7_21_0_, user0_.user_created_at as user_cre2_21_0_, user0_.user_name as user_nam3_21_0_, user0_.user_phone_number as user_pho4_21_0_, user0_.user_user_id as user_use5_21_0_, user0_.user_user_password as user_use6_21_0_ from user user0_ where user0_.user_id=?
Hibernate: select character0_.character_id as characte1_6_0_, character0_.character_character_name as characte2_6_0_ from characters character0_ where character0_.character_id=?
Hibernate: select user0_.user_id as user_id1_21_0_, user0_.character_id as characte7_21_0_, user0_.user_created_at as user_cre2_21_0_, user0_.user_name as user_nam3_21_0_, user0_.user_phone_number as user_pho4_21_0_, user0_.user_user_id as user_use5_21_0_, user0_.user_user_password as user_use6_21_0_ from user user0_ where user0_.user_id=?
Hibernate: select user0_.user_id as user_id1_21_0_, user0_.character_id as characte7_21_0_, user0_.user_created_at as user_cre2_21_0_, user0_.user_name as user_nam3_21_0_, user0_.user_phone_number as user_pho4_21_0_, user0_.user_user_id as user_use5_21_0_, user0_.user_user_password as user_use6_21_0_ from user user0_ where user0_.user_id=?
Hibernate: select teamuserli0_.team_team_id as team_tea2_20_0_, teamuserli0_.team_user_id as team_use1_20_0_, teamuserli0_.team_user_id as team_use1_20_1_, teamuserli0_.team_team_id as team_tea2_20_1_, teamuserli0_.user_id as user_id3_20_1_ from team_user teamuserli0_ where teamuserli0_.team_team_id=?
Hibernate: select user0_.user_id as user_id1_21_0_, user0_.character_id as characte7_21_0_, user0_.user_created_at as user_cre2_21_0_, user0_.user_name as user_nam3_21_0_, user0_.user_phone_number as user_pho4_21_0_, user0_.user_user_id as user_use5_21_0_, user0_.user_user_password as user_use6_21_0_ from user user0_ where user0_.user_id=?
Hibernate: select user0_.user_id as user_id1_21_0_, user0_.character_id as characte7_21_0_, user0_.user_created_at as user_cre2_21_0_, user0_.user_name as user_nam3_21_0_, user0_.user_phone_number as user_pho4_21_0_, user0_.user_user_id as user_use5_21_0_, user0_.user_user_password as user_use6_21_0_ from user user0_ where user0_.user_id=?
Hibernate: select user0_.user_id as user_id1_21_0_, user0_.character_id as characte7_21_0_, user0_.user_created_at as user_cre2_21_0_, user0_.user_name as user_nam3_21_0_, user0_.user_phone_number as user_pho4_21_0_, user0_.user_user_id as user_use5_21_0_, user0_.user_user_password as user_use6_21_0_ from user user0_ where user0_.user_id=?
Hibernate: select character0_.character_id as characte1_6_0_, character0_.character_character_name as characte2_6_0_ from characters character0_ where character0_.character_id=?
Hibernate: select count(*) as col_0_0_ from user user0_ where user0_.user_id=?
Hibernate: select character1_.character_id as characte1_6_, character1_.character_character_name as characte2_6_ from user user0_ inner join characters character1_ on user0_.character_id=character1_.character_id where user0_.user_id=?
Hibernate: select permission0_.character_id as characte6_12_0_, permission0_.permission_id as permissi1_12_0_, permission0_.permission_id as permissi1_12_1_, permission0_.character_id as characte6_12_1_, permission0_.permission_name as permissi2_12_1_, permission0_.permission_permission_unit_id as permissi3_12_1_, permission0_.permission_service as permissi4_12_1_, permission0_.permission_status as permissi5_12_1_ from permission permission0_ where permission0_.character_id=?
Hibernate: select count(*) as col_0_0_ from team_building teambuildi0_ where teambuildi0_.team_building_team_building_id=?
Hibernate: select teambuildi0_.team_building_team_building_id as team_bui1_19_0_, teambuildi0_.team_building_created_at as team_bui2_19_0_, teambuildi0_.team_building_last_modified_at as team_bui3_19_0_, teambuildi0_.team_building_team_building_title as team_bui4_19_0_ from team_building teambuildi0_ where teambuildi0_.team_building_team_building_id=?
Hibernate: select teamlist0_.team_building_team_building_id as team_bui4_18_0_, teamlist0_.team_team_id as team_tea1_18_0_, teamlist0_.team_team_id as team_tea1_18_1_, teamlist0_.team_last_modified_at as team_las2_18_1_, teamlist0_.team_building_team_building_id as team_bui4_18_1_, teamlist0_.team_team_name as team_tea3_18_1_ from team teamlist0_ where teamlist0_.team_building_team_building_id=?
Hibernate: select teamuserli0_.team_team_id as team_tea2_20_0_, teamuserli0_.team_user_id as team_use1_20_0_, teamuserli0_.team_user_id as team_use1_20_1_, teamuserli0_.team_team_id as team_tea2_20_1_, teamuserli0_.user_id as user_id3_20_1_ from team_user teamuserli0_ where teamuserli0_.team_team_id=?
Hibernate: select user0_.user_id as user_id1_21_0_, user0_.character_id as characte7_21_0_, user0_.user_created_at as user_cre2_21_0_, user0_.user_name as user_nam3_21_0_, user0_.user_phone_number as user_pho4_21_0_, user0_.user_user_id as user_use5_21_0_, user0_.user_user_password as user_use6_21_0_ from user user0_ where user0_.user_id=?
Hibernate: select character0_.character_id as characte1_6_0_, character0_.character_character_name as characte2_6_0_ from characters character0_ where character0_.character_id=?
Hibernate: select user0_.user_id as user_id1_21_0_, user0_.character_id as characte7_21_0_, user0_.user_created_at as user_cre2_21_0_, user0_.user_name as user_nam3_21_0_, user0_.user_phone_number as user_pho4_21_0_, user0_.user_user_id as user_use5_21_0_, user0_.user_user_password as user_use6_21_0_ from user user0_ where user0_.user_id=?
Hibernate: select user0_.user_id as user_id1_21_0_, user0_.character_id as characte7_21_0_, user0_.user_created_at as user_cre2_21_0_, user0_.user_name as user_nam3_21_0_, user0_.user_phone_number as user_pho4_21_0_, user0_.user_user_id as user_use5_21_0_, user0_.user_user_password as user_use6_21_0_ from user user0_ where user0_.user_id=?
Hibernate: select teamuserli0_.team_team_id as team_tea2_20_0_, teamuserli0_.team_user_id as team_use1_20_0_, teamuserli0_.team_user_id as team_use1_20_1_, teamuserli0_.team_team_id as team_tea2_20_1_, teamuserli0_.user_id as user_id3_20_1_ from team_user teamuserli0_ where teamuserli0_.team_team_id=?
Hibernate: select user0_.user_id as user_id1_21_0_, user0_.character_id as characte7_21_0_, user0_.user_created_at as user_cre2_21_0_, user0_.user_name as user_nam3_21_0_, user0_.user_phone_number as user_pho4_21_0_, user0_.user_user_id as user_use5_21_0_, user0_.user_user_password as user_use6_21_0_ from user user0_ where user0_.user_id=?
Hibernate: select user0_.user_id as user_id1_21_0_, user0_.character_id as characte7_21_0_, user0_.user_created_at as user_cre2_21_0_, user0_.user_name as user_nam3_21_0_, user0_.user_phone_number as user_pho4_21_0_, user0_.user_user_id as user_use5_21_0_, user0_.user_user_password as user_use6_21_0_ from user user0_ where user0_.user_id=?
Hibernate: delete from team_user where team_user_id=?
Hibernate: delete from team_user where team_user_id=?
Hibernate: delete from team_user where team_user_id=?
Hibernate: delete from team where team_team_id=?
Hibernate: delete from team_user where team_user_id=?
Hibernate: delete from team_user where team_user_id=?
Hibernate: delete from team where team_team_id=?
Hibernate: delete from team_building where team_building_team_building_id=?
Hibernate: select user0_.user_id as user_id1_21_0_, user0_.character_id as characte7_21_0_, user0_.user_created_at as user_cre2_21_0_, user0_.user_name as user_nam3_21_0_, user0_.user_phone_number as user_pho4_21_0_, user0_.user_user_id as user_use5_21_0_, user0_.user_user_password as user_use6_21_0_ from user user0_ where user0_.user_id=?
Hibernate: select character0_.character_id as characte1_6_0_, character0_.character_character_name as characte2_6_0_ from characters character0_ where character0_.character_id=?
Hibernate: select count(*) as col_0_0_ from team_building teambuildi0_ where teambuildi0_.team_building_team_building_id=?
Hibernate: select user0_.user_id as col_0_0_ from user user0_ where user0_.user_user_id=? limit ?
Hibernate: select user0_.user_id as col_0_0_ from user user0_ where user0_.user_user_id=? limit ?
Hibernate: select U.* from USER U where U.USER_USER_ID =?
Hibernate: select character0_.character_id as characte1_6_0_, character0_.character_character_name as characte2_6_0_ from characters character0_ where character0_.character_id=?
Hibernate: select user0_.user_id as col_0_0_ from user user0_ where user0_.user_user_id=? limit ?
Hibernate: select user0_.user_id as user_id1_21_, user0_.character_id as characte7_21_, user0_.user_created_at as user_cre2_21_, user0_.user_name as user_nam3_21_, user0_.user_phone_number as user_pho4_21_, user0_.user_user_id as user_use5_21_, user0_.user_user_password as user_use6_21_ from user user0_ inner join characters character1_ on user0_.character_id=character1_.character_id where user0_.user_user_id=?
Hibernate: select character0_.character_id as characte1_6_0_, character0_.character_character_name as characte2_6_0_ from characters character0_ where character0_.character_id=?
Hibernate: select rewardtagw0_.user_id as user_id4_16_0_, rewardtagw0_.reward_tag_wrapper_reward_id as reward_t1_16_0_, rewardtagw0_.reward_tag_wrapper_reward_id as reward_t1_16_1_, rewardtagw0_.reward_tag_wrapper_reward_presented_at as reward_t2_16_1_, rewardtagw0_.reward_tag_reward_tag_id as reward_t3_16_1_, rewardtagw0_.user_id as user_id4_16_1_ from reward_tag_wrapper rewardtagw0_ where rewardtagw0_.user_id=?
Hibernate: select user0_.user_id as user_id1_21_0_, user0_.character_id as characte7_21_0_, user0_.user_created_at as user_cre2_21_0_, user0_.user_name as user_nam3_21_0_, user0_.user_phone_number as user_pho4_21_0_, user0_.user_user_id as user_use5_21_0_, user0_.user_user_password as user_use6_21_0_ from user user0_ where user0_.user_id=?
Hibernate: select character0_.character_id as characte1_6_0_, character0_.character_character_name as characte2_6_0_ from characters character0_ where character0_.character_id=?
Hibernate: select count(*) as col_0_0_ from user user0_ where user0_.user_id=?
Hibernate: select character1_.character_id as characte1_6_, character1_.character_character_name as characte2_6_ from user user0_ inner join characters character1_ on user0_.character_id=character1_.character_id where user0_.user_id=?
Hibernate: select permission0_.character_id as characte6_12_0_, permission0_.permission_id as permissi1_12_0_, permission0_.permission_id as permissi1_12_1_, permission0_.character_id as characte6_12_1_, permission0_.permission_name as permissi2_12_1_, permission0_.permission_permission_unit_id as permissi3_12_1_, permission0_.permission_service as permissi4_12_1_, permission0_.permission_status as permissi5_12_1_ from permission permission0_ where permission0_.character_id=?
Hibernate: select count(*) as col_0_0_ from user user0_ where user0_.user_id=?
Hibernate: select user0_.user_id as user_id1_21_, user0_.character_id as characte7_21_, user0_.user_created_at as user_cre2_21_, user0_.user_name as user_nam3_21_, user0_.user_phone_number as user_pho4_21_, user0_.user_user_id as user_use5_21_, user0_.user_user_password as user_use6_21_ from user user0_ where user0_.user_id=?
Hibernate: select character0_.character_id as characte1_6_0_, character0_.character_character_name as characte2_6_0_ from characters character0_ where character0_.character_id=?
Hibernate: select rewardtagw0_.user_id as user_id4_16_0_, rewardtagw0_.reward_tag_wrapper_reward_id as reward_t1_16_0_, rewardtagw0_.reward_tag_wrapper_reward_id as reward_t1_16_1_, rewardtagw0_.reward_tag_wrapper_reward_presented_at as reward_t2_16_1_, rewardtagw0_.reward_tag_reward_tag_id as reward_t3_16_1_, rewardtagw0_.user_id as user_id4_16_1_ from reward_tag_wrapper rewardtagw0_ where rewardtagw0_.user_id=?
Hibernate: select attendance0_.attendance_user_attendance_user_id as col_0_0_ from attendance_user attendance0_ where attendance0_.user_id=? limit ?
Hibernate: DELETE FROM USER WHERE USER_ID = ?
Hibernate: select user0_.user_id as col_0_0_ from user user0_ where user0_.user_user_id=? limit ?
Hibernate: select user0_.user_id as col_0_0_ from user user0_ where user0_.user_user_id=? limit ?
Hibernate: select user0_.user_id as user_id1_21_, user0_.character_id as characte7_21_, user0_.user_created_at as user_cre2_21_, user0_.user_name as user_nam3_21_, user0_.user_phone_number as user_pho4_21_, user0_.user_user_id as user_use5_21_, user0_.user_user_password as user_use6_21_ from user user0_ inner join characters character1_ on user0_.character_id=character1_.character_id where user0_.user_user_id=?
Hibernate: select character0_.character_id as characte1_6_0_, character0_.character_character_name as characte2_6_0_ from characters character0_ where character0_.character_id=?
Hibernate: select rewardtagw0_.user_id as user_id4_16_0_, rewardtagw0_.reward_tag_wrapper_reward_id as reward_t1_16_0_, rewardtagw0_.reward_tag_wrapper_reward_id as reward_t1_16_1_, rewardtagw0_.reward_tag_wrapper_reward_presented_at as reward_t2_16_1_, rewardtagw0_.reward_tag_reward_tag_id as reward_t3_16_1_, rewardtagw0_.user_id as user_id4_16_1_ from reward_tag_wrapper rewardtagw0_ where rewardtagw0_.user_id=?
Hibernate: select user0_.user_id as user_id1_21_0_, user0_.character_id as characte7_21_0_, user0_.user_created_at as user_cre2_21_0_, user0_.user_name as user_nam3_21_0_, user0_.user_phone_number as user_pho4_21_0_, user0_.user_user_id as user_use5_21_0_, user0_.user_user_password as user_use6_21_0_ from user user0_ where user0_.user_id=?
Hibernate: select character0_.character_id as characte1_6_0_, character0_.character_character_name as characte2_6_0_ from characters character0_ where character0_.character_id=?
Hibernate: select count(*) as col_0_0_ from user user0_ where user0_.user_id=?
Hibernate: select character1_.character_id as characte1_6_, character1_.character_character_name as characte2_6_ from user user0_ inner join characters character1_ on user0_.character_id=character1_.character_id where user0_.user_id=?
Hibernate: select permission0_.character_id as characte6_12_0_, permission0_.permission_id as permissi1_12_0_, permission0_.permission_id as permissi1_12_1_, permission0_.character_id as characte6_12_1_, permission0_.permission_name as permissi2_12_1_, permission0_.permission_permission_unit_id as permissi3_12_1_, permission0_.permission_service as permissi4_12_1_, permission0_.permission_status as permissi5_12_1_ from permission permission0_ where permission0_.character_id=?
Hibernate: select count(*) as col_0_0_ from user user0_ where user0_.user_id=?
Hibernate: select user0_.user_id as user_id1_21_, user0_.character_id as characte7_21_, user0_.user_created_at as user_cre2_21_, user0_.user_name as user_nam3_21_, user0_.user_phone_number as user_pho4_21_, user0_.user_user_id as user_use5_21_, user0_.user_user_password as user_use6_21_ from user user0_ where user0_.user_id=?
Hibernate: select character0_.character_id as characte1_6_0_, character0_.character_character_name as characte2_6_0_ from characters character0_ where character0_.character_id=?
Hibernate: select rewardtagw0_.user_id as user_id4_16_0_, rewardtagw0_.reward_tag_wrapper_reward_id as reward_t1_16_0_, rewardtagw0_.reward_tag_wrapper_reward_id as reward_t1_16_1_, rewardtagw0_.reward_tag_wrapper_reward_presented_at as reward_t2_16_1_, rewardtagw0_.reward_tag_reward_tag_id as reward_t3_16_1_, rewardtagw0_.user_id as user_id4_16_1_ from reward_tag_wrapper rewardtagw0_ where rewardtagw0_.user_id=?
Hibernate: select attendance0_.attendance_user_attendance_user_id as col_0_0_ from attendance_user attendance0_ where attendance0_.user_id=? limit ?
Hibernate: DELETE FROM USER WHERE USER_ID = ?
Hibernate: select user0_.user_id as col_0_0_ from user user0_ where user0_.user_user_id=? limit ?
Hibernate: select user0_.user_id as col_0_0_ from user user0_ where user0_.user_user_id=? limit ?
Hibernate: select user0_.user_id as user_id1_21_, user0_.character_id as characte7_21_, user0_.user_created_at as user_cre2_21_, user0_.user_name as user_nam3_21_, user0_.user_phone_number as user_pho4_21_, user0_.user_user_id as user_use5_21_, user0_.user_user_password as user_use6_21_ from user user0_ inner join characters character1_ on user0_.character_id=character1_.character_id where user0_.user_user_id=?
Hibernate: select character0_.character_id as characte1_6_0_, character0_.character_character_name as characte2_6_0_ from characters character0_ where character0_.character_id=?
Hibernate: select rewardtagw0_.user_id as user_id4_16_0_, rewardtagw0_.reward_tag_wrapper_reward_id as reward_t1_16_0_, rewardtagw0_.reward_tag_wrapper_reward_id as reward_t1_16_1_, rewardtagw0_.reward_tag_wrapper_reward_presented_at as reward_t2_16_1_, rewardtagw0_.reward_tag_reward_tag_id as reward_t3_16_1_, rewardtagw0_.user_id as user_id4_16_1_ from reward_tag_wrapper rewardtagw0_ where rewardtagw0_.user_id=?
Hibernate: select user0_.user_id as user_id1_21_0_, user0_.character_id as characte7_21_0_, user0_.user_created_at as user_cre2_21_0_, user0_.user_name as user_nam3_21_0_, user0_.user_phone_number as user_pho4_21_0_, user0_.user_user_id as user_use5_21_0_, user0_.user_user_password as user_use6_21_0_ from user user0_ where user0_.user_id=?
Hibernate: select character0_.character_id as characte1_6_0_, character0_.character_character_name as characte2_6_0_ from characters character0_ where character0_.character_id=?
Hibernate: select count(*) as col_0_0_ from user user0_ where user0_.user_id=?
Hibernate: select character1_.character_id as characte1_6_, character1_.character_character_name as characte2_6_ from user user0_ inner join characters character1_ on user0_.character_id=character1_.character_id where user0_.user_id=?
Hibernate: select permission0_.character_id as characte6_12_0_, permission0_.permission_id as permissi1_12_0_, permission0_.permission_id as permissi1_12_1_, permission0_.character_id as characte6_12_1_, permission0_.permission_name as permissi2_12_1_, permission0_.permission_permission_unit_id as permissi3_12_1_, permission0_.permission_service as permissi4_12_1_, permission0_.permission_status as permissi5_12_1_ from permission permission0_ where permission0_.character_id=?
Hibernate: select count(*) as col_0_0_ from user user0_ where user0_.user_id=?
Hibernate: select user0_.user_id as user_id1_21_, user0_.character_id as characte7_21_, user0_.user_created_at as user_cre2_21_, user0_.user_name as user_nam3_21_, user0_.user_phone_number as user_pho4_21_, user0_.user_user_id as user_use5_21_, user0_.user_user_password as user_use6_21_ from user user0_ where user0_.user_id=?
Hibernate: select character0_.character_id as characte1_6_0_, character0_.character_character_name as characte2_6_0_ from characters character0_ where character0_.character_id=?
Hibernate: select rewardtagw0_.user_id as user_id4_16_0_, rewardtagw0_.reward_tag_wrapper_reward_id as reward_t1_16_0_, rewardtagw0_.reward_tag_wrapper_reward_id as reward_t1_16_1_, rewardtagw0_.reward_tag_wrapper_reward_presented_at as reward_t2_16_1_, rewardtagw0_.reward_tag_reward_tag_id as reward_t3_16_1_, rewardtagw0_.user_id as user_id4_16_1_ from reward_tag_wrapper rewardtagw0_ where rewardtagw0_.user_id=?
Hibernate: select attendance0_.attendance_user_attendance_user_id as col_0_0_ from attendance_user attendance0_ where attendance0_.user_id=? limit ?
Hibernate: DELETE FROM USER WHERE USER_ID = ?
Hibernate: select user0_.user_id as col_0_0_ from user user0_ where user0_.user_user_id=? limit ?
Hibernate: select user0_.user_id as col_0_0_ from user user0_ where user0_.user_user_id=? limit ?
Hibernate: select user0_.user_id as user_id1_21_, user0_.character_id as characte7_21_, user0_.user_created_at as user_cre2_21_, user0_.user_name as user_nam3_21_, user0_.user_phone_number as user_pho4_21_, user0_.user_user_id as user_use5_21_, user0_.user_user_password as user_use6_21_ from user user0_ inner join characters character1_ on user0_.character_id=character1_.character_id where user0_.user_user_id=?
Hibernate: select character0_.character_id as characte1_6_0_, character0_.character_character_name as characte2_6_0_ from characters character0_ where character0_.character_id=?
Hibernate: select rewardtagw0_.user_id as user_id4_16_0_, rewardtagw0_.reward_tag_wrapper_reward_id as reward_t1_16_0_, rewardtagw0_.reward_tag_wrapper_reward_id as reward_t1_16_1_, rewardtagw0_.reward_tag_wrapper_reward_presented_at as reward_t2_16_1_, rewardtagw0_.reward_tag_reward_tag_id as reward_t3_16_1_, rewardtagw0_.user_id as user_id4_16_1_ from reward_tag_wrapper rewardtagw0_ where rewardtagw0_.user_id=?
Hibernate: select user0_.user_id as user_id1_21_0_, user0_.character_id as characte7_21_0_, user0_.user_created_at as user_cre2_21_0_, user0_.user_name as user_nam3_21_0_, user0_.user_phone_number as user_pho4_21_0_, user0_.user_user_id as user_use5_21_0_, user0_.user_user_password as user_use6_21_0_ from user user0_ where user0_.user_id=?
Hibernate: select character0_.character_id as characte1_6_0_, character0_.character_character_name as characte2_6_0_ from characters character0_ where character0_.character_id=?
Hibernate: select count(*) as col_0_0_ from user user0_ where user0_.user_id=?
Hibernate: select character1_.character_id as characte1_6_, character1_.character_character_name as characte2_6_ from user user0_ inner join characters character1_ on user0_.character_id=character1_.character_id where user0_.user_id=?
Hibernate: select permission0_.character_id as characte6_12_0_, permission0_.permission_id as permissi1_12_0_, permission0_.permission_id as permissi1_12_1_, permission0_.character_id as characte6_12_1_, permission0_.permission_name as permissi2_12_1_, permission0_.permission_permission_unit_id as permissi3_12_1_, permission0_.permission_service as permissi4_12_1_, permission0_.permission_status as permissi5_12_1_ from permission permission0_ where permission0_.character_id=?
Hibernate: select count(*) as col_0_0_ from user user0_ where user0_.user_id=?
Hibernate: select user0_.user_id as user_id1_21_, user0_.character_id as characte7_21_, user0_.user_created_at as user_cre2_21_, user0_.user_name as user_nam3_21_, user0_.user_phone_number as user_pho4_21_, user0_.user_user_id as user_use5_21_, user0_.user_user_password as user_use6_21_ from user user0_ where user0_.user_id=?
Hibernate: select character0_.character_id as characte1_6_0_, character0_.character_character_name as characte2_6_0_ from characters character0_ where character0_.character_id=?
Hibernate: select rewardtagw0_.user_id as user_id4_16_0_, rewardtagw0_.reward_tag_wrapper_reward_id as reward_t1_16_0_, rewardtagw0_.reward_tag_wrapper_reward_id as reward_t1_16_1_, rewardtagw0_.reward_tag_wrapper_reward_presented_at as reward_t2_16_1_, rewardtagw0_.reward_tag_reward_tag_id as reward_t3_16_1_, rewardtagw0_.user_id as user_id4_16_1_ from reward_tag_wrapper rewardtagw0_ where rewardtagw0_.user_id=?
Hibernate: select attendance0_.attendance_user_attendance_user_id as col_0_0_ from attendance_user attendance0_ where attendance0_.user_id=? limit ?
Hibernate: DELETE FROM USER WHERE USER_ID = ?
Hibernate: select user0_.user_id as col_0_0_ from user user0_ where user0_.user_user_id=? limit ?
Hibernate: select user0_.user_id as col_0_0_ from user user0_ where user0_.user_user_id=? limit ?
Hibernate: select user0_.user_id as user_id1_21_, user0_.character_id as characte7_21_, user0_.user_created_at as user_cre2_21_, user0_.user_name as user_nam3_21_, user0_.user_phone_number as user_pho4_21_, user0_.user_user_id as user_use5_21_, user0_.user_user_password as user_use6_21_ from user user0_ inner join characters character1_ on user0_.character_id=character1_.character_id where user0_.user_user_id=?
Hibernate: select character0_.character_id as characte1_6_0_, character0_.character_character_name as characte2_6_0_ from characters character0_ where character0_.character_id=?
Hibernate: select rewardtagw0_.user_id as user_id4_16_0_, rewardtagw0_.reward_tag_wrapper_reward_id as reward_t1_16_0_, rewardtagw0_.reward_tag_wrapper_reward_id as reward_t1_16_1_, rewardtagw0_.reward_tag_wrapper_reward_presented_at as reward_t2_16_1_, rewardtagw0_.reward_tag_reward_tag_id as reward_t3_16_1_, rewardtagw0_.user_id as user_id4_16_1_ from reward_tag_wrapper rewardtagw0_ where rewardtagw0_.user_id=?
Hibernate: select user0_.user_id as user_id1_21_0_, user0_.character_id as characte7_21_0_, user0_.user_created_at as user_cre2_21_0_, user0_.user_name as user_nam3_21_0_, user0_.user_phone_number as user_pho4_21_0_, user0_.user_user_id as user_use5_21_0_, user0_.user_user_password as user_use6_21_0_ from user user0_ where user0_.user_id=?
Hibernate: select character0_.character_id as characte1_6_0_, character0_.character_character_name as characte2_6_0_ from characters character0_ where character0_.character_id=?
Hibernate: select count(*) as col_0_0_ from user user0_ where user0_.user_id=?
Hibernate: select character1_.character_id as characte1_6_, character1_.character_character_name as characte2_6_ from user user0_ inner join characters character1_ on user0_.character_id=character1_.character_id where user0_.user_id=?
Hibernate: select permission0_.character_id as characte6_12_0_, permission0_.permission_id as permissi1_12_0_, permission0_.permission_id as permissi1_12_1_, permission0_.character_id as characte6_12_1_, permission0_.permission_name as permissi2_12_1_, permission0_.permission_permission_unit_id as permissi3_12_1_, permission0_.permission_service as permissi4_12_1_, permission0_.permission_status as permissi5_12_1_ from permission permission0_ where permission0_.character_id=?
Hibernate: select count(*) as col_0_0_ from user user0_ where user0_.user_id=?
Hibernate: select user0_.user_id as user_id1_21_, user0_.character_id as characte7_21_, user0_.user_created_at as user_cre2_21_, user0_.user_name as user_nam3_21_, user0_.user_phone_number as user_pho4_21_, user0_.user_user_id as user_use5_21_, user0_.user_user_password as user_use6_21_ from user user0_ where user0_.user_id=?
Hibernate: select character0_.character_id as characte1_6_0_, character0_.character_character_name as characte2_6_0_ from characters character0_ where character0_.character_id=?
Hibernate: select rewardtagw0_.user_id as user_id4_16_0_, rewardtagw0_.reward_tag_wrapper_reward_id as reward_t1_16_0_, rewardtagw0_.reward_tag_wrapper_reward_id as reward_t1_16_1_, rewardtagw0_.reward_tag_wrapper_reward_presented_at as reward_t2_16_1_, rewardtagw0_.reward_tag_reward_tag_id as reward_t3_16_1_, rewardtagw0_.user_id as user_id4_16_1_ from reward_tag_wrapper rewardtagw0_ where rewardtagw0_.user_id=?
Hibernate: select attendance0_.attendance_user_attendance_user_id as col_0_0_ from attendance_user attendance0_ where attendance0_.user_id=? limit ?
Hibernate: DELETE FROM USER WHERE USER_ID = ?
Hibernate: select user0_.user_id as col_0_0_ from user user0_ where user0_.user_user_id=? limit ?
Hibernate: select user0_.user_id as col_0_0_ from user user0_ where user0_.user_user_id=? limit ?
Hibernate: select user0_.user_id as col_0_0_ from user user0_ where user0_.user_user_id=? limit ?
Hibernate: select U.* from USER U where U.USER_USER_ID =?
Hibernate: select character0_.character_id as characte1_6_0_, character0_.character_character_name as characte2_6_0_ from characters character0_ where character0_.character_id=?
Hibernate: select user0_.user_id as user_id1_21_0_, user0_.character_id as characte7_21_0_, user0_.user_created_at as user_cre2_21_0_, user0_.user_name as user_nam3_21_0_, user0_.user_phone_number as user_pho4_21_0_, user0_.user_user_id as user_use5_21_0_, user0_.user_user_password as user_use6_21_0_ from user user0_ where user0_.user_id=?
Hibernate: select character0_.character_id as characte1_6_0_, character0_.character_character_name as characte2_6_0_ from characters character0_ where character0_.character_id=?
Hibernate: select count(*) as col_0_0_ from team_building teambuildi0_
Hibernate: select count(*) as col_0_0_ from team_building teambuildi0_
Hibernate: select user0_.user_id as col_0_0_ from user user0_ where user0_.user_user_id=? limit ?
Hibernate: select user0_.user_id as col_0_0_ from user user0_ where user0_.user_user_id=? limit ?
Hibernate: select U.* from USER U where U.USER_USER_ID =?
Hibernate: select character0_.character_id as characte1_6_0_, character0_.character_character_name as characte2_6_0_ from characters character0_ where character0_.character_id=?
Hibernate: select user0_.user_id as col_0_0_ from user user0_ where user0_.user_user_id=? limit ?
Hibernate: select user0_.user_id as col_0_0_ from user user0_ where user0_.user_user_id=? limit ?
Hibernate: select U.* from USER U where U.USER_USER_ID =?
Hibernate: select character0_.character_id as characte1_6_0_, character0_.character_character_name as characte2_6_0_ from characters character0_ where character0_.character_id=?
Hibernate: select user0_.user_id as col_0_0_ from user user0_ where user0_.user_user_id=? limit ?
Hibernate: select user0_.user_id as col_0_0_ from user user0_ where user0_.user_user_id=? limit ?
Hibernate: select U.* from USER U where U.USER_USER_ID =?
Hibernate: select character0_.character_id as characte1_6_0_, character0_.character_character_name as characte2_6_0_ from characters character0_ where character0_.character_id=?
Hibernate: select user0_.user_id as col_0_0_ from user user0_ where user0_.user_user_id=? limit ?
Hibernate: select userjoinin0_.user_joining_pool_id as col_0_0_ from user_joining_pool userjoinin0_ where userjoinin0_.user_user_id=? limit ?
Hibernate: select character0_.character_id as col_0_0_ from characters character0_ where character0_.character_character_name=? limit ?
Hibernate: insert into user_joining_pool (user_joining_pool_id, user_created_at, user_name, user_phone_number, user_user_id, user_user_password) values (default, ?, ?, ?, ?, ?)
Hibernate: select user0_.user_id as user_id1_21_0_, user0_.character_id as characte7_21_0_, user0_.user_created_at as user_cre2_21_0_, user0_.user_name as user_nam3_21_0_, user0_.user_phone_number as user_pho4_21_0_, user0_.user_user_id as user_use5_21_0_, user0_.user_user_password as user_use6_21_0_ from user user0_ where user0_.user_id=?
Hibernate: select character0_.character_id as characte1_6_0_, character0_.character_character_name as characte2_6_0_ from characters character0_ where character0_.character_id=?
Hibernate: select count(*) as col_0_0_ from user user0_ where user0_.user_id=?
Hibernate: select character1_.character_id as characte1_6_, character1_.character_character_name as characte2_6_ from user user0_ inner join characters character1_ on user0_.character_id=character1_.character_id where user0_.user_id=?
Hibernate: select permission0_.character_id as characte6_12_0_, permission0_.permission_id as permissi1_12_0_, permission0_.permission_id as permissi1_12_1_, permission0_.character_id as characte6_12_1_, permission0_.permission_name as permissi2_12_1_, permission0_.permission_permission_unit_id as permissi3_12_1_, permission0_.permission_service as permissi4_12_1_, permission0_.permission_status as permissi5_12_1_ from permission permission0_ where permission0_.character_id=?
Hibernate: select userjoinin0_.user_joining_pool_id as col_0_0_ from user_joining_pool userjoinin0_ where userjoinin0_.user_user_id=? limit ?
Hibernate: select userjoinin0_.user_joining_pool_id as user_joi1_22_, userjoinin0_.user_created_at as user_cre2_22_, userjoinin0_.user_name as user_nam3_22_, userjoinin0_.user_phone_number as user_pho4_22_, userjoinin0_.user_user_id as user_use5_22_, userjoinin0_.user_user_password as user_use6_22_ from user_joining_pool userjoinin0_ where userjoinin0_.user_user_id=?
Hibernate: select character0_.character_id as characte1_6_, character0_.character_character_name as characte2_6_ from characters character0_ where character0_.character_character_name=?
Hibernate: insert into user (user_id, character_id, user_created_at, user_name, user_phone_number, user_user_id, user_user_password) values (default, ?, ?, ?, ?, ?, ?)
Hibernate: DELETE FROM USER_JOINING_POOL as JU where JU.USER_USER_ID =?
Hibernate: select user0_.user_id as col_0_0_ from user user0_ where user0_.user_user_id=? limit ?
Hibernate: select user0_.user_id as col_0_0_ from user user0_ where user0_.user_user_id=? limit ?
Hibernate: select U.* from USER U where U.USER_USER_ID =?
Hibernate: select character0_.character_id as characte1_6_0_, character0_.character_character_name as characte2_6_0_ from characters character0_ where character0_.character_id=?
Hibernate: select user0_.user_id as col_0_0_ from user user0_ where user0_.user_user_id=? limit ?
Hibernate: select userjoinin0_.user_joining_pool_id as col_0_0_ from user_joining_pool userjoinin0_ where userjoinin0_.user_user_id=? limit ?
Hibernate: select character0_.character_id as col_0_0_ from characters character0_ where character0_.character_character_name=? limit ?
Hibernate: insert into user_joining_pool (user_joining_pool_id, user_created_at, user_name, user_phone_number, user_user_id, user_user_password) values (default, ?, ?, ?, ?, ?)
Hibernate: select user0_.user_id as user_id1_21_0_, user0_.character_id as characte7_21_0_, user0_.user_created_at as user_cre2_21_0_, user0_.user_name as user_nam3_21_0_, user0_.user_phone_number as user_pho4_21_0_, user0_.user_user_id as user_use5_21_0_, user0_.user_user_password as user_use6_21_0_ from user user0_ where user0_.user_id=?
Hibernate: select character0_.character_id as characte1_6_0_, character0_.character_character_name as characte2_6_0_ from characters character0_ where character0_.character_id=?
Hibernate: select count(*) as col_0_0_ from user user0_ where user0_.user_id=?
Hibernate: select character1_.character_id as characte1_6_, character1_.character_character_name as characte2_6_ from user user0_ inner join characters character1_ on user0_.character_id=character1_.character_id where user0_.user_id=?
Hibernate: select permission0_.character_id as characte6_12_0_, permission0_.permission_id as permissi1_12_0_, permission0_.permission_id as permissi1_12_1_, permission0_.character_id as characte6_12_1_, permission0_.permission_name as permissi2_12_1_, permission0_.permission_permission_unit_id as permissi3_12_1_, permission0_.permission_service as permissi4_12_1_, permission0_.permission_status as permissi5_12_1_ from permission permission0_ where permission0_.character_id=?
Hibernate: select userjoinin0_.user_joining_pool_id as col_0_0_ from user_joining_pool userjoinin0_ where userjoinin0_.user_user_id=? limit ?
Hibernate: select userjoinin0_.user_joining_pool_id as user_joi1_22_, userjoinin0_.user_created_at as user_cre2_22_, userjoinin0_.user_name as user_nam3_22_, userjoinin0_.user_phone_number as user_pho4_22_, userjoinin0_.user_user_id as user_use5_22_, userjoinin0_.user_user_password as user_use6_22_ from user_joining_pool userjoinin0_ where userjoinin0_.user_user_id=?
Hibernate: select character0_.character_id as characte1_6_, character0_.character_character_name as characte2_6_ from characters character0_ where character0_.character_character_name=?
Hibernate: insert into user (user_id, character_id, user_created_at, user_name, user_phone_number, user_user_id, user_user_password) values (default, ?, ?, ?, ?, ?, ?)
Hibernate: DELETE FROM USER_JOINING_POOL as JU where JU.USER_USER_ID =?
Hibernate: select user0_.user_id as col_0_0_ from user user0_ where user0_.user_user_id=? limit ?
Hibernate: select user0_.user_id as col_0_0_ from user user0_ where user0_.user_user_id=? limit ?
Hibernate: select U.* from USER U where U.USER_USER_ID =?
Hibernate: select character0_.character_id as characte1_6_0_, character0_.character_character_name as characte2_6_0_ from characters character0_ where character0_.character_id=?
Hibernate: select user0_.user_id as col_0_0_ from user user0_ where user0_.user_user_id=? limit ?
Hibernate: select userjoinin0_.user_joining_pool_id as col_0_0_ from user_joining_pool userjoinin0_ where userjoinin0_.user_user_id=? limit ?
Hibernate: select character0_.character_id as col_0_0_ from characters character0_ where character0_.character_character_name=? limit ?
Hibernate: insert into user_joining_pool (user_joining_pool_id, user_created_at, user_name, user_phone_number, user_user_id, user_user_password) values (default, ?, ?, ?, ?, ?)
Hibernate: select user0_.user_id as user_id1_21_0_, user0_.character_id as characte7_21_0_, user0_.user_created_at as user_cre2_21_0_, user0_.user_name as user_nam3_21_0_, user0_.user_phone_number as user_pho4_21_0_, user0_.user_user_id as user_use5_21_0_, user0_.user_user_password as user_use6_21_0_ from user user0_ where user0_.user_id=?
Hibernate: select character0_.character_id as characte1_6_0_, character0_.character_character_name as characte2_6_0_ from characters character0_ where character0_.character_id=?
Hibernate: select count(*) as col_0_0_ from user user0_ where user0_.user_id=?
Hibernate: select character1_.character_id as characte1_6_, character1_.character_character_name as characte2_6_ from user user0_ inner join characters character1_ on user0_.character_id=character1_.character_id where user0_.user_id=?
Hibernate: select permission0_.character_id as characte6_12_0_, permission0_.permission_id as permissi1_12_0_, permission0_.permission_id as permissi1_12_1_, permission0_.character_id as characte6_12_1_, permission0_.permission_name as permissi2_12_1_, permission0_.permission_permission_unit_id as permissi3_12_1_, permission0_.permission_service as permissi4_12_1_, permission0_.permission_status as permissi5_12_1_ from permission permission0_ where permission0_.character_id=?
Hibernate: select userjoinin0_.user_joining_pool_id as col_0_0_ from user_joining_pool userjoinin0_ where userjoinin0_.user_user_id=? limit ?
Hibernate: select userjoinin0_.user_joining_pool_id as user_joi1_22_, userjoinin0_.user_created_at as user_cre2_22_, userjoinin0_.user_name as user_nam3_22_, userjoinin0_.user_phone_number as user_pho4_22_, userjoinin0_.user_user_id as user_use5_22_, userjoinin0_.user_user_password as user_use6_22_ from user_joining_pool userjoinin0_ where userjoinin0_.user_user_id=?
Hibernate: select character0_.character_id as characte1_6_, character0_.character_character_name as characte2_6_ from characters character0_ where character0_.character_character_name=?
Hibernate: insert into user (user_id, character_id, user_created_at, user_name, user_phone_number, user_user_id, user_user_password) values (default, ?, ?, ?, ?, ?, ?)
Hibernate: DELETE FROM USER_JOINING_POOL as JU where JU.USER_USER_ID =?
Hibernate: select user0_.user_id as col_0_0_ from user user0_ where user0_.user_user_id=? limit ?
Hibernate: select user0_.user_id as col_0_0_ from user user0_ where user0_.user_user_id=? limit ?
Hibernate: select U.* from USER U where U.USER_USER_ID =?
Hibernate: select character0_.character_id as characte1_6_0_, character0_.character_character_name as characte2_6_0_ from characters character0_ where character0_.character_id=?
Hibernate: select user0_.user_id as col_0_0_ from user user0_ where user0_.user_user_id=? limit ?
Hibernate: select userjoinin0_.user_joining_pool_id as col_0_0_ from user_joining_pool userjoinin0_ where userjoinin0_.user_user_id=? limit ?
Hibernate: select character0_.character_id as col_0_0_ from characters character0_ where character0_.character_character_name=? limit ?
Hibernate: insert into user_joining_pool (user_joining_pool_id, user_created_at, user_name, user_phone_number, user_user_id, user_user_password) values (default, ?, ?, ?, ?, ?)
Hibernate: select user0_.user_id as user_id1_21_0_, user0_.character_id as characte7_21_0_, user0_.user_created_at as user_cre2_21_0_, user0_.user_name as user_nam3_21_0_, user0_.user_phone_number as user_pho4_21_0_, user0_.user_user_id as user_use5_21_0_, user0_.user_user_password as user_use6_21_0_ from user user0_ where user0_.user_id=?
Hibernate: select character0_.character_id as characte1_6_0_, character0_.character_character_name as characte2_6_0_ from characters character0_ where character0_.character_id=?
Hibernate: select count(*) as col_0_0_ from user user0_ where user0_.user_id=?
Hibernate: select character1_.character_id as characte1_6_, character1_.character_character_name as characte2_6_ from user user0_ inner join characters character1_ on user0_.character_id=character1_.character_id where user0_.user_id=?
Hibernate: select permission0_.character_id as characte6_12_0_, permission0_.permission_id as permissi1_12_0_, permission0_.permission_id as permissi1_12_1_, permission0_.character_id as characte6_12_1_, permission0_.permission_name as permissi2_12_1_, permission0_.permission_permission_unit_id as permissi3_12_1_, permission0_.permission_service as permissi4_12_1_, permission0_.permission_status as permissi5_12_1_ from permission permission0_ where permission0_.character_id=?
Hibernate: select userjoinin0_.user_joining_pool_id as col_0_0_ from user_joining_pool userjoinin0_ where userjoinin0_.user_user_id=? limit ?
Hibernate: select userjoinin0_.user_joining_pool_id as user_joi1_22_, userjoinin0_.user_created_at as user_cre2_22_, userjoinin0_.user_name as user_nam3_22_, userjoinin0_.user_phone_number as user_pho4_22_, userjoinin0_.user_user_id as user_use5_22_, userjoinin0_.user_user_password as user_use6_22_ from user_joining_pool userjoinin0_ where userjoinin0_.user_user_id=?
Hibernate: select character0_.character_id as characte1_6_, character0_.character_character_name as characte2_6_ from characters character0_ where character0_.character_character_name=?
Hibernate: insert into user (user_id, character_id, user_created_at, user_name, user_phone_number, user_user_id, user_user_password) values (default, ?, ?, ?, ?, ?, ?)
Hibernate: DELETE FROM USER_JOINING_POOL as JU where JU.USER_USER_ID =?
Hibernate: select user0_.user_id as col_0_0_ from user user0_ where user0_.user_user_id=? limit ?
Hibernate: select user0_.user_id as col_0_0_ from user user0_ where user0_.user_user_id=? limit ?
Hibernate: select U.* from USER U where U.USER_USER_ID =?
Hibernate: select character0_.character_id as characte1_6_0_, character0_.character_character_name as characte2_6_0_ from characters character0_ where character0_.character_id=?
Hibernate: select user0_.user_id as col_0_0_ from user user0_ where user0_.user_user_id=? limit ?
Hibernate: select userjoinin0_.user_joining_pool_id as col_0_0_ from user_joining_pool userjoinin0_ where userjoinin0_.user_user_id=? limit ?
Hibernate: select character0_.character_id as col_0_0_ from characters character0_ where character0_.character_character_name=? limit ?
Hibernate: insert into user_joining_pool (user_joining_pool_id, user_created_at, user_name, user_phone_number, user_user_id, user_user_password) values (default, ?, ?, ?, ?, ?)
Hibernate: select user0_.user_id as user_id1_21_0_, user0_.character_id as characte7_21_0_, user0_.user_created_at as user_cre2_21_0_, user0_.user_name as user_nam3_21_0_, user0_.user_phone_number as user_pho4_21_0_, user0_.user_user_id as user_use5_21_0_, user0_.user_user_password as user_use6_21_0_ from user user0_ where user0_.user_id=?
Hibernate: select character0_.character_id as characte1_6_0_, character0_.character_character_name as characte2_6_0_ from characters character0_ where character0_.character_id=?
Hibernate: select count(*) as col_0_0_ from user user0_ where user0_.user_id=?
Hibernate: select character1_.character_id as characte1_6_, character1_.character_character_name as characte2_6_ from user user0_ inner join characters character1_ on user0_.character_id=character1_.character_id where user0_.user_id=?
Hibernate: select permission0_.character_id as characte6_12_0_, permission0_.permission_id as permissi1_12_0_, permission0_.permission_id as permissi1_12_1_, permission0_.character_id as characte6_12_1_, permission0_.permission_name as permissi2_12_1_, permission0_.permission_permission_unit_id as permissi3_12_1_, permission0_.permission_service as permissi4_12_1_, permission0_.permission_status as permissi5_12_1_ from permission permission0_ where permission0_.character_id=?
Hibernate: select userjoinin0_.user_joining_pool_id as col_0_0_ from user_joining_pool userjoinin0_ where userjoinin0_.user_user_id=? limit ?
Hibernate: select userjoinin0_.user_joining_pool_id as user_joi1_22_, userjoinin0_.user_created_at as user_cre2_22_, userjoinin0_.user_name as user_nam3_22_, userjoinin0_.user_phone_number as user_pho4_22_, userjoinin0_.user_user_id as user_use5_22_, userjoinin0_.user_user_password as user_use6_22_ from user_joining_pool userjoinin0_ where userjoinin0_.user_user_id=?
Hibernate: select character0_.character_id as characte1_6_, character0_.character_character_name as characte2_6_ from characters character0_ where character0_.character_character_name=?
Hibernate: insert into user (user_id, character_id, user_created_at, user_name, user_phone_number, user_user_id, user_user_password) values (default, ?, ?, ?, ?, ?, ?)
Hibernate: DELETE FROM USER_JOINING_POOL as JU where JU.USER_USER_ID =?
Hibernate: select user0_.user_id as user_id1_21_0_, user0_.character_id as characte7_21_0_, user0_.user_created_at as user_cre2_21_0_, user0_.user_name as user_nam3_21_0_, user0_.user_phone_number as user_pho4_21_0_, user0_.user_user_id as user_use5_21_0_, user0_.user_user_password as user_use6_21_0_ from user user0_ where user0_.user_id=?
Hibernate: select character0_.character_id as characte1_6_0_, character0_.character_character_name as characte2_6_0_ from characters character0_ where character0_.character_id=?
Hibernate: select count(*) as col_0_0_ from user user0_ where user0_.user_id=?
Hibernate: select character1_.character_id as characte1_6_, character1_.character_character_name as characte2_6_ from user user0_ inner join characters character1_ on user0_.character_id=character1_.character_id where user0_.user_id=?
Hibernate: select permission0_.character_id as characte6_12_0_, permission0_.permission_id as permissi1_12_0_, permission0_.permission_id as permissi1_12_1_, permission0_.character_id as characte6_12_1_, permission0_.permission_name as permissi2_12_1_, permission0_.permission_permission_unit_id as permissi3_12_1_, permission0_.permission_service as permissi4_12_1_, permission0_.permission_status as permissi5_12_1_ from permission permission0_ where permission0_.character_id=?

MockHttpServletRequest:
      HTTP Method = POST
      Request URI = /teambuilding
       Parameters = {}
          Headers = [Content-Type:"application/json;charset=UTF-8", Accept:"application/json", api-version:"1.0", Authorization:"Bearer eyJhbGciOiJIUzI1NiJ9.eyJzdWIiOiIxIiwiaWF0IjoxNjg3ODc3NDY5LCJleHAiOjE2ODc4ODEwNjl9.5GpcrqH17WaCEi6670WViYdxZ8Db7S7TQOeUs9MSnKg", Content-Length:"250"]
             Body = {"teambuilding_title":"2nd Algorithm Contest Team","team_count":0,"users":[{"user_id":"alcuk_id","weight":3},{"user_id":"alcuk_id2","weight":2},{"user_id":"alcuk_id3","weight":1},{"user_id":"alcuk_id4","weight":4},{"user_id":"alcuk_id5","weight":2}]}
    Session Attrs = {}

Handler:
             Type = org.waldreg.controller.teambuilding.TeamBuildingController
           Method = org.waldreg.controller.teambuilding.TeamBuildingController#createTeamBuilding(TeamBuildingRequest)

Async:
    Async started = false
     Async result = null

Resolved Exception:
             Type = org.waldreg.teambuilding.exception.InvalidTeamCountException

ModelAndView:
        View name = null
             View = null
            Model = null

FlashMap:
       Attributes = null

MockHttpServletResponse:
           Status = 400
    Error message = null
          Headers = [Vary:"Origin", "Access-Control-Request-Method", "Access-Control-Request-Headers", Api-version:"1.0", Content-Type:"application/json"]
     Content type = application/json
             Body = {"code":"TEAMBUILDING-402","messages":"The number of team cannot be less than or equal to zero, current team count \"0\"","document_url":"docs.waldreg.org"}
    Forwarded URL = null
   Redirected URL = null
          Cookies = []
Hibernate: select user0_.user_id as col_0_0_ from user user0_ where user0_.user_user_id=? limit ?
Hibernate: select user0_.user_id as col_0_0_ from user user0_ where user0_.user_user_id=? limit ?
Hibernate: select U.* from USER U where U.USER_USER_ID =?
Hibernate: select character0_.character_id as characte1_6_0_, character0_.character_character_name as characte2_6_0_ from characters character0_ where character0_.character_id=?
Hibernate: select user0_.user_id as user_id1_21_0_, user0_.character_id as characte7_21_0_, user0_.user_created_at as user_cre2_21_0_, user0_.user_name as user_nam3_21_0_, user0_.user_phone_number as user_pho4_21_0_, user0_.user_user_id as user_use5_21_0_, user0_.user_user_password as user_use6_21_0_ from user user0_ where user0_.user_id=?
Hibernate: select character0_.character_id as characte1_6_0_, character0_.character_character_name as characte2_6_0_ from characters character0_ where character0_.character_id=?
Hibernate: select count(*) as col_0_0_ from team_building teambuildi0_
Hibernate: select count(*) as col_0_0_ from team_building teambuildi0_
Hibernate: select user0_.user_id as col_0_0_ from user user0_ where user0_.user_user_id=? limit ?
Hibernate: select user0_.user_id as col_0_0_ from user user0_ where user0_.user_user_id=? limit ?
Hibernate: select U.* from USER U where U.USER_USER_ID =?
Hibernate: select character0_.character_id as characte1_6_0_, character0_.character_character_name as characte2_6_0_ from characters character0_ where character0_.character_id=?
Hibernate: select user0_.user_id as col_0_0_ from user user0_ where user0_.user_user_id=? limit ?
Hibernate: select user0_.user_id as user_id1_21_, user0_.character_id as characte7_21_, user0_.user_created_at as user_cre2_21_, user0_.user_name as user_nam3_21_, user0_.user_phone_number as user_pho4_21_, user0_.user_user_id as user_use5_21_, user0_.user_user_password as user_use6_21_ from user user0_ inner join characters character1_ on user0_.character_id=character1_.character_id where user0_.user_user_id=?
Hibernate: select character0_.character_id as characte1_6_0_, character0_.character_character_name as characte2_6_0_ from characters character0_ where character0_.character_id=?
Hibernate: select rewardtagw0_.user_id as user_id4_16_0_, rewardtagw0_.reward_tag_wrapper_reward_id as reward_t1_16_0_, rewardtagw0_.reward_tag_wrapper_reward_id as reward_t1_16_1_, rewardtagw0_.reward_tag_wrapper_reward_presented_at as reward_t2_16_1_, rewardtagw0_.reward_tag_reward_tag_id as reward_t3_16_1_, rewardtagw0_.user_id as user_id4_16_1_ from reward_tag_wrapper rewardtagw0_ where rewardtagw0_.user_id=?
Hibernate: select user0_.user_id as user_id1_21_0_, user0_.character_id as characte7_21_0_, user0_.user_created_at as user_cre2_21_0_, user0_.user_name as user_nam3_21_0_, user0_.user_phone_number as user_pho4_21_0_, user0_.user_user_id as user_use5_21_0_, user0_.user_user_password as user_use6_21_0_ from user user0_ where user0_.user_id=?
Hibernate: select character0_.character_id as characte1_6_0_, character0_.character_character_name as characte2_6_0_ from characters character0_ where character0_.character_id=?
Hibernate: select count(*) as col_0_0_ from user user0_ where user0_.user_id=?
Hibernate: select character1_.character_id as characte1_6_, character1_.character_character_name as characte2_6_ from user user0_ inner join characters character1_ on user0_.character_id=character1_.character_id where user0_.user_id=?
Hibernate: select permission0_.character_id as characte6_12_0_, permission0_.permission_id as permissi1_12_0_, permission0_.permission_id as permissi1_12_1_, permission0_.character_id as characte6_12_1_, permission0_.permission_name as permissi2_12_1_, permission0_.permission_permission_unit_id as permissi3_12_1_, permission0_.permission_service as permissi4_12_1_, permission0_.permission_status as permissi5_12_1_ from permission permission0_ where permission0_.character_id=?
Hibernate: select count(*) as col_0_0_ from user user0_ where user0_.user_id=?
Hibernate: select user0_.user_id as user_id1_21_, user0_.character_id as characte7_21_, user0_.user_created_at as user_cre2_21_, user0_.user_name as user_nam3_21_, user0_.user_phone_number as user_pho4_21_, user0_.user_user_id as user_use5_21_, user0_.user_user_password as user_use6_21_ from user user0_ where user0_.user_id=?
Hibernate: select character0_.character_id as characte1_6_0_, character0_.character_character_name as characte2_6_0_ from characters character0_ where character0_.character_id=?
Hibernate: select rewardtagw0_.user_id as user_id4_16_0_, rewardtagw0_.reward_tag_wrapper_reward_id as reward_t1_16_0_, rewardtagw0_.reward_tag_wrapper_reward_id as reward_t1_16_1_, rewardtagw0_.reward_tag_wrapper_reward_presented_at as reward_t2_16_1_, rewardtagw0_.reward_tag_reward_tag_id as reward_t3_16_1_, rewardtagw0_.user_id as user_id4_16_1_ from reward_tag_wrapper rewardtagw0_ where rewardtagw0_.user_id=?
Hibernate: select attendance0_.attendance_user_attendance_user_id as col_0_0_ from attendance_user attendance0_ where attendance0_.user_id=? limit ?
Hibernate: DELETE FROM USER WHERE USER_ID = ?
Hibernate: select user0_.user_id as col_0_0_ from user user0_ where user0_.user_user_id=? limit ?
Hibernate: select user0_.user_id as col_0_0_ from user user0_ where user0_.user_user_id=? limit ?
Hibernate: select user0_.user_id as user_id1_21_, user0_.character_id as characte7_21_, user0_.user_created_at as user_cre2_21_, user0_.user_name as user_nam3_21_, user0_.user_phone_number as user_pho4_21_, user0_.user_user_id as user_use5_21_, user0_.user_user_password as user_use6_21_ from user user0_ inner join characters character1_ on user0_.character_id=character1_.character_id where user0_.user_user_id=?
Hibernate: select character0_.character_id as characte1_6_0_, character0_.character_character_name as characte2_6_0_ from characters character0_ where character0_.character_id=?
Hibernate: select rewardtagw0_.user_id as user_id4_16_0_, rewardtagw0_.reward_tag_wrapper_reward_id as reward_t1_16_0_, rewardtagw0_.reward_tag_wrapper_reward_id as reward_t1_16_1_, rewardtagw0_.reward_tag_wrapper_reward_presented_at as reward_t2_16_1_, rewardtagw0_.reward_tag_reward_tag_id as reward_t3_16_1_, rewardtagw0_.user_id as user_id4_16_1_ from reward_tag_wrapper rewardtagw0_ where rewardtagw0_.user_id=?
Hibernate: select user0_.user_id as user_id1_21_0_, user0_.character_id as characte7_21_0_, user0_.user_created_at as user_cre2_21_0_, user0_.user_name as user_nam3_21_0_, user0_.user_phone_number as user_pho4_21_0_, user0_.user_user_id as user_use5_21_0_, user0_.user_user_password as user_use6_21_0_ from user user0_ where user0_.user_id=?
Hibernate: select character0_.character_id as characte1_6_0_, character0_.character_character_name as characte2_6_0_ from characters character0_ where character0_.character_id=?
Hibernate: select count(*) as col_0_0_ from user user0_ where user0_.user_id=?
Hibernate: select character1_.character_id as characte1_6_, character1_.character_character_name as characte2_6_ from user user0_ inner join characters character1_ on user0_.character_id=character1_.character_id where user0_.user_id=?
Hibernate: select permission0_.character_id as characte6_12_0_, permission0_.permission_id as permissi1_12_0_, permission0_.permission_id as permissi1_12_1_, permission0_.character_id as characte6_12_1_, permission0_.permission_name as permissi2_12_1_, permission0_.permission_permission_unit_id as permissi3_12_1_, permission0_.permission_service as permissi4_12_1_, permission0_.permission_status as permissi5_12_1_ from permission permission0_ where permission0_.character_id=?
Hibernate: select count(*) as col_0_0_ from user user0_ where user0_.user_id=?
Hibernate: select user0_.user_id as user_id1_21_, user0_.character_id as characte7_21_, user0_.user_created_at as user_cre2_21_, user0_.user_name as user_nam3_21_, user0_.user_phone_number as user_pho4_21_, user0_.user_user_id as user_use5_21_, user0_.user_user_password as user_use6_21_ from user user0_ where user0_.user_id=?
Hibernate: select character0_.character_id as characte1_6_0_, character0_.character_character_name as characte2_6_0_ from characters character0_ where character0_.character_id=?
Hibernate: select rewardtagw0_.user_id as user_id4_16_0_, rewardtagw0_.reward_tag_wrapper_reward_id as reward_t1_16_0_, rewardtagw0_.reward_tag_wrapper_reward_id as reward_t1_16_1_, rewardtagw0_.reward_tag_wrapper_reward_presented_at as reward_t2_16_1_, rewardtagw0_.reward_tag_reward_tag_id as reward_t3_16_1_, rewardtagw0_.user_id as user_id4_16_1_ from reward_tag_wrapper rewardtagw0_ where rewardtagw0_.user_id=?
Hibernate: select attendance0_.attendance_user_attendance_user_id as col_0_0_ from attendance_user attendance0_ where attendance0_.user_id=? limit ?
Hibernate: DELETE FROM USER WHERE USER_ID = ?
Hibernate: select user0_.user_id as col_0_0_ from user user0_ where user0_.user_user_id=? limit ?
Hibernate: select user0_.user_id as col_0_0_ from user user0_ where user0_.user_user_id=? limit ?
Hibernate: select user0_.user_id as user_id1_21_, user0_.character_id as characte7_21_, user0_.user_created_at as user_cre2_21_, user0_.user_name as user_nam3_21_, user0_.user_phone_number as user_pho4_21_, user0_.user_user_id as user_use5_21_, user0_.user_user_password as user_use6_21_ from user user0_ inner join characters character1_ on user0_.character_id=character1_.character_id where user0_.user_user_id=?
Hibernate: select character0_.character_id as characte1_6_0_, character0_.character_character_name as characte2_6_0_ from characters character0_ where character0_.character_id=?
Hibernate: select rewardtagw0_.user_id as user_id4_16_0_, rewardtagw0_.reward_tag_wrapper_reward_id as reward_t1_16_0_, rewardtagw0_.reward_tag_wrapper_reward_id as reward_t1_16_1_, rewardtagw0_.reward_tag_wrapper_reward_presented_at as reward_t2_16_1_, rewardtagw0_.reward_tag_reward_tag_id as reward_t3_16_1_, rewardtagw0_.user_id as user_id4_16_1_ from reward_tag_wrapper rewardtagw0_ where rewardtagw0_.user_id=?
Hibernate: select user0_.user_id as user_id1_21_0_, user0_.character_id as characte7_21_0_, user0_.user_created_at as user_cre2_21_0_, user0_.user_name as user_nam3_21_0_, user0_.user_phone_number as user_pho4_21_0_, user0_.user_user_id as user_use5_21_0_, user0_.user_user_password as user_use6_21_0_ from user user0_ where user0_.user_id=?
Hibernate: select character0_.character_id as characte1_6_0_, character0_.character_character_name as characte2_6_0_ from characters character0_ where character0_.character_id=?
Hibernate: select count(*) as col_0_0_ from user user0_ where user0_.user_id=?
Hibernate: select character1_.character_id as characte1_6_, character1_.character_character_name as characte2_6_ from user user0_ inner join characters character1_ on user0_.character_id=character1_.character_id where user0_.user_id=?
Hibernate: select permission0_.character_id as characte6_12_0_, permission0_.permission_id as permissi1_12_0_, permission0_.permission_id as permissi1_12_1_, permission0_.character_id as characte6_12_1_, permission0_.permission_name as permissi2_12_1_, permission0_.permission_permission_unit_id as permissi3_12_1_, permission0_.permission_service as permissi4_12_1_, permission0_.permission_status as permissi5_12_1_ from permission permission0_ where permission0_.character_id=?
Hibernate: select count(*) as col_0_0_ from user user0_ where user0_.user_id=?
Hibernate: select user0_.user_id as user_id1_21_, user0_.character_id as characte7_21_, user0_.user_created_at as user_cre2_21_, user0_.user_name as user_nam3_21_, user0_.user_phone_number as user_pho4_21_, user0_.user_user_id as user_use5_21_, user0_.user_user_password as user_use6_21_ from user user0_ where user0_.user_id=?
Hibernate: select character0_.character_id as characte1_6_0_, character0_.character_character_name as characte2_6_0_ from characters character0_ where character0_.character_id=?
Hibernate: select rewardtagw0_.user_id as user_id4_16_0_, rewardtagw0_.reward_tag_wrapper_reward_id as reward_t1_16_0_, rewardtagw0_.reward_tag_wrapper_reward_id as reward_t1_16_1_, rewardtagw0_.reward_tag_wrapper_reward_presented_at as reward_t2_16_1_, rewardtagw0_.reward_tag_reward_tag_id as reward_t3_16_1_, rewardtagw0_.user_id as user_id4_16_1_ from reward_tag_wrapper rewardtagw0_ where rewardtagw0_.user_id=?
Hibernate: select attendance0_.attendance_user_attendance_user_id as col_0_0_ from attendance_user attendance0_ where attendance0_.user_id=? limit ?
Hibernate: DELETE FROM USER WHERE USER_ID = ?
Hibernate: select user0_.user_id as col_0_0_ from user user0_ where user0_.user_user_id=? limit ?
Hibernate: select user0_.user_id as col_0_0_ from user user0_ where user0_.user_user_id=? limit ?
Hibernate: select user0_.user_id as user_id1_21_, user0_.character_id as characte7_21_, user0_.user_created_at as user_cre2_21_, user0_.user_name as user_nam3_21_, user0_.user_phone_number as user_pho4_21_, user0_.user_user_id as user_use5_21_, user0_.user_user_password as user_use6_21_ from user user0_ inner join characters character1_ on user0_.character_id=character1_.character_id where user0_.user_user_id=?
Hibernate: select character0_.character_id as characte1_6_0_, character0_.character_character_name as characte2_6_0_ from characters character0_ where character0_.character_id=?
Hibernate: select rewardtagw0_.user_id as user_id4_16_0_, rewardtagw0_.reward_tag_wrapper_reward_id as reward_t1_16_0_, rewardtagw0_.reward_tag_wrapper_reward_id as reward_t1_16_1_, rewardtagw0_.reward_tag_wrapper_reward_presented_at as reward_t2_16_1_, rewardtagw0_.reward_tag_reward_tag_id as reward_t3_16_1_, rewardtagw0_.user_id as user_id4_16_1_ from reward_tag_wrapper rewardtagw0_ where rewardtagw0_.user_id=?
Hibernate: select user0_.user_id as user_id1_21_0_, user0_.character_id as characte7_21_0_, user0_.user_created_at as user_cre2_21_0_, user0_.user_name as user_nam3_21_0_, user0_.user_phone_number as user_pho4_21_0_, user0_.user_user_id as user_use5_21_0_, user0_.user_user_password as user_use6_21_0_ from user user0_ where user0_.user_id=?
Hibernate: select character0_.character_id as characte1_6_0_, character0_.character_character_name as characte2_6_0_ from characters character0_ where character0_.character_id=?
Hibernate: select count(*) as col_0_0_ from user user0_ where user0_.user_id=?
Hibernate: select character1_.character_id as characte1_6_, character1_.character_character_name as characte2_6_ from user user0_ inner join characters character1_ on user0_.character_id=character1_.character_id where user0_.user_id=?
Hibernate: select permission0_.character_id as characte6_12_0_, permission0_.permission_id as permissi1_12_0_, permission0_.permission_id as permissi1_12_1_, permission0_.character_id as characte6_12_1_, permission0_.permission_name as permissi2_12_1_, permission0_.permission_permission_unit_id as permissi3_12_1_, permission0_.permission_service as permissi4_12_1_, permission0_.permission_status as permissi5_12_1_ from permission permission0_ where permission0_.character_id=?
Hibernate: select count(*) as col_0_0_ from user user0_ where user0_.user_id=?
Hibernate: select user0_.user_id as user_id1_21_, user0_.character_id as characte7_21_, user0_.user_created_at as user_cre2_21_, user0_.user_name as user_nam3_21_, user0_.user_phone_number as user_pho4_21_, user0_.user_user_id as user_use5_21_, user0_.user_user_password as user_use6_21_ from user user0_ where user0_.user_id=?
Hibernate: select character0_.character_id as characte1_6_0_, character0_.character_character_name as characte2_6_0_ from characters character0_ where character0_.character_id=?
Hibernate: select rewardtagw0_.user_id as user_id4_16_0_, rewardtagw0_.reward_tag_wrapper_reward_id as reward_t1_16_0_, rewardtagw0_.reward_tag_wrapper_reward_id as reward_t1_16_1_, rewardtagw0_.reward_tag_wrapper_reward_presented_at as reward_t2_16_1_, rewardtagw0_.reward_tag_reward_tag_id as reward_t3_16_1_, rewardtagw0_.user_id as user_id4_16_1_ from reward_tag_wrapper rewardtagw0_ where rewardtagw0_.user_id=?
Hibernate: select attendance0_.attendance_user_attendance_user_id as col_0_0_ from attendance_user attendance0_ where attendance0_.user_id=? limit ?
Hibernate: DELETE FROM USER WHERE USER_ID = ?
Hibernate: select user0_.user_id as col_0_0_ from user user0_ where user0_.user_user_id=? limit ?
Hibernate: select user0_.user_id as col_0_0_ from user user0_ where user0_.user_user_id=? limit ?
Hibernate: select user0_.user_id as user_id1_21_, user0_.character_id as characte7_21_, user0_.user_created_at as user_cre2_21_, user0_.user_name as user_nam3_21_, user0_.user_phone_number as user_pho4_21_, user0_.user_user_id as user_use5_21_, user0_.user_user_password as user_use6_21_ from user user0_ inner join characters character1_ on user0_.character_id=character1_.character_id where user0_.user_user_id=?
Hibernate: select character0_.character_id as characte1_6_0_, character0_.character_character_name as characte2_6_0_ from characters character0_ where character0_.character_id=?
Hibernate: select rewardtagw0_.user_id as user_id4_16_0_, rewardtagw0_.reward_tag_wrapper_reward_id as reward_t1_16_0_, rewardtagw0_.reward_tag_wrapper_reward_id as reward_t1_16_1_, rewardtagw0_.reward_tag_wrapper_reward_presented_at as reward_t2_16_1_, rewardtagw0_.reward_tag_reward_tag_id as reward_t3_16_1_, rewardtagw0_.user_id as user_id4_16_1_ from reward_tag_wrapper rewardtagw0_ where rewardtagw0_.user_id=?
Hibernate: select user0_.user_id as user_id1_21_0_, user0_.character_id as characte7_21_0_, user0_.user_created_at as user_cre2_21_0_, user0_.user_name as user_nam3_21_0_, user0_.user_phone_number as user_pho4_21_0_, user0_.user_user_id as user_use5_21_0_, user0_.user_user_password as user_use6_21_0_ from user user0_ where user0_.user_id=?
Hibernate: select character0_.character_id as characte1_6_0_, character0_.character_character_name as characte2_6_0_ from characters character0_ where character0_.character_id=?
Hibernate: select count(*) as col_0_0_ from user user0_ where user0_.user_id=?
Hibernate: select character1_.character_id as characte1_6_, character1_.character_character_name as characte2_6_ from user user0_ inner join characters character1_ on user0_.character_id=character1_.character_id where user0_.user_id=?
Hibernate: select permission0_.character_id as characte6_12_0_, permission0_.permission_id as permissi1_12_0_, permission0_.permission_id as permissi1_12_1_, permission0_.character_id as characte6_12_1_, permission0_.permission_name as permissi2_12_1_, permission0_.permission_permission_unit_id as permissi3_12_1_, permission0_.permission_service as permissi4_12_1_, permission0_.permission_status as permissi5_12_1_ from permission permission0_ where permission0_.character_id=?
Hibernate: select count(*) as col_0_0_ from user user0_ where user0_.user_id=?
Hibernate: select user0_.user_id as user_id1_21_, user0_.character_id as characte7_21_, user0_.user_created_at as user_cre2_21_, user0_.user_name as user_nam3_21_, user0_.user_phone_number as user_pho4_21_, user0_.user_user_id as user_use5_21_, user0_.user_user_password as user_use6_21_ from user user0_ where user0_.user_id=?
Hibernate: select character0_.character_id as characte1_6_0_, character0_.character_character_name as characte2_6_0_ from characters character0_ where character0_.character_id=?
Hibernate: select rewardtagw0_.user_id as user_id4_16_0_, rewardtagw0_.reward_tag_wrapper_reward_id as reward_t1_16_0_, rewardtagw0_.reward_tag_wrapper_reward_id as reward_t1_16_1_, rewardtagw0_.reward_tag_wrapper_reward_presented_at as reward_t2_16_1_, rewardtagw0_.reward_tag_reward_tag_id as reward_t3_16_1_, rewardtagw0_.user_id as user_id4_16_1_ from reward_tag_wrapper rewardtagw0_ where rewardtagw0_.user_id=?
Hibernate: select attendance0_.attendance_user_attendance_user_id as col_0_0_ from attendance_user attendance0_ where attendance0_.user_id=? limit ?
Hibernate: DELETE FROM USER WHERE USER_ID = ?
Hibernate: select user0_.user_id as col_0_0_ from user user0_ where user0_.user_user_id=? limit ?
Hibernate: select user0_.user_id as col_0_0_ from user user0_ where user0_.user_user_id=? limit ?
Hibernate: select user0_.user_id as col_0_0_ from user user0_ where user0_.user_user_id=? limit ?
Hibernate: select U.* from USER U where U.USER_USER_ID =?
Hibernate: select character0_.character_id as characte1_6_0_, character0_.character_character_name as characte2_6_0_ from characters character0_ where character0_.character_id=?
Hibernate: select user0_.user_id as user_id1_21_0_, user0_.character_id as characte7_21_0_, user0_.user_created_at as user_cre2_21_0_, user0_.user_name as user_nam3_21_0_, user0_.user_phone_number as user_pho4_21_0_, user0_.user_user_id as user_use5_21_0_, user0_.user_user_password as user_use6_21_0_ from user user0_ where user0_.user_id=?
Hibernate: select character0_.character_id as characte1_6_0_, character0_.character_character_name as characte2_6_0_ from characters character0_ where character0_.character_id=?
Hibernate: select count(*) as col_0_0_ from team_building teambuildi0_
Hibernate: select count(*) as col_0_0_ from team_building teambuildi0_
Hibernate: select user0_.user_id as col_0_0_ from user user0_ where user0_.user_user_id=? limit ?
Hibernate: select user0_.user_id as col_0_0_ from user user0_ where user0_.user_user_id=? limit ?
Hibernate: select U.* from USER U where U.USER_USER_ID =?
Hibernate: select character0_.character_id as characte1_6_0_, character0_.character_character_name as characte2_6_0_ from characters character0_ where character0_.character_id=?
Hibernate: select user0_.user_id as col_0_0_ from user user0_ where user0_.user_user_id=? limit ?
Hibernate: select user0_.user_id as col_0_0_ from user user0_ where user0_.user_user_id=? limit ?
Hibernate: select U.* from USER U where U.USER_USER_ID =?
Hibernate: select character0_.character_id as characte1_6_0_, character0_.character_character_name as characte2_6_0_ from characters character0_ where character0_.character_id=?
Hibernate: select user0_.user_id as col_0_0_ from user user0_ where user0_.user_user_id=? limit ?
Hibernate: select user0_.user_id as col_0_0_ from user user0_ where user0_.user_user_id=? limit ?
Hibernate: select U.* from USER U where U.USER_USER_ID =?
Hibernate: select character0_.character_id as characte1_6_0_, character0_.character_character_name as characte2_6_0_ from characters character0_ where character0_.character_id=?
Hibernate: select user0_.user_id as col_0_0_ from user user0_ where user0_.user_user_id=? limit ?
Hibernate: select userjoinin0_.user_joining_pool_id as col_0_0_ from user_joining_pool userjoinin0_ where userjoinin0_.user_user_id=? limit ?
Hibernate: select character0_.character_id as col_0_0_ from characters character0_ where character0_.character_character_name=? limit ?
Hibernate: insert into user_joining_pool (user_joining_pool_id, user_created_at, user_name, user_phone_number, user_user_id, user_user_password) values (default, ?, ?, ?, ?, ?)
Hibernate: select user0_.user_id as user_id1_21_0_, user0_.character_id as characte7_21_0_, user0_.user_created_at as user_cre2_21_0_, user0_.user_name as user_nam3_21_0_, user0_.user_phone_number as user_pho4_21_0_, user0_.user_user_id as user_use5_21_0_, user0_.user_user_password as user_use6_21_0_ from user user0_ where user0_.user_id=?
Hibernate: select character0_.character_id as characte1_6_0_, character0_.character_character_name as characte2_6_0_ from characters character0_ where character0_.character_id=?
Hibernate: select count(*) as col_0_0_ from user user0_ where user0_.user_id=?
Hibernate: select character1_.character_id as characte1_6_, character1_.character_character_name as characte2_6_ from user user0_ inner join characters character1_ on user0_.character_id=character1_.character_id where user0_.user_id=?
Hibernate: select permission0_.character_id as characte6_12_0_, permission0_.permission_id as permissi1_12_0_, permission0_.permission_id as permissi1_12_1_, permission0_.character_id as characte6_12_1_, permission0_.permission_name as permissi2_12_1_, permission0_.permission_permission_unit_id as permissi3_12_1_, permission0_.permission_service as permissi4_12_1_, permission0_.permission_status as permissi5_12_1_ from permission permission0_ where permission0_.character_id=?
Hibernate: select userjoinin0_.user_joining_pool_id as col_0_0_ from user_joining_pool userjoinin0_ where userjoinin0_.user_user_id=? limit ?
Hibernate: select userjoinin0_.user_joining_pool_id as user_joi1_22_, userjoinin0_.user_created_at as user_cre2_22_, userjoinin0_.user_name as user_nam3_22_, userjoinin0_.user_phone_number as user_pho4_22_, userjoinin0_.user_user_id as user_use5_22_, userjoinin0_.user_user_password as user_use6_22_ from user_joining_pool userjoinin0_ where userjoinin0_.user_user_id=?
Hibernate: select character0_.character_id as characte1_6_, character0_.character_character_name as characte2_6_ from characters character0_ where character0_.character_character_name=?
Hibernate: insert into user (user_id, character_id, user_created_at, user_name, user_phone_number, user_user_id, user_user_password) values (default, ?, ?, ?, ?, ?, ?)
Hibernate: DELETE FROM USER_JOINING_POOL as JU where JU.USER_USER_ID =?
Hibernate: select user0_.user_id as col_0_0_ from user user0_ where user0_.user_user_id=? limit ?
Hibernate: select user0_.user_id as col_0_0_ from user user0_ where user0_.user_user_id=? limit ?
Hibernate: select U.* from USER U where U.USER_USER_ID =?
Hibernate: select character0_.character_id as characte1_6_0_, character0_.character_character_name as characte2_6_0_ from characters character0_ where character0_.character_id=?
Hibernate: select user0_.user_id as col_0_0_ from user user0_ where user0_.user_user_id=? limit ?
Hibernate: select userjoinin0_.user_joining_pool_id as col_0_0_ from user_joining_pool userjoinin0_ where userjoinin0_.user_user_id=? limit ?
Hibernate: select character0_.character_id as col_0_0_ from characters character0_ where character0_.character_character_name=? limit ?
Hibernate: insert into user_joining_pool (user_joining_pool_id, user_created_at, user_name, user_phone_number, user_user_id, user_user_password) values (default, ?, ?, ?, ?, ?)
Hibernate: select user0_.user_id as user_id1_21_0_, user0_.character_id as characte7_21_0_, user0_.user_created_at as user_cre2_21_0_, user0_.user_name as user_nam3_21_0_, user0_.user_phone_number as user_pho4_21_0_, user0_.user_user_id as user_use5_21_0_, user0_.user_user_password as user_use6_21_0_ from user user0_ where user0_.user_id=?
Hibernate: select character0_.character_id as characte1_6_0_, character0_.character_character_name as characte2_6_0_ from characters character0_ where character0_.character_id=?
Hibernate: select count(*) as col_0_0_ from user user0_ where user0_.user_id=?
Hibernate: select character1_.character_id as characte1_6_, character1_.character_character_name as characte2_6_ from user user0_ inner join characters character1_ on user0_.character_id=character1_.character_id where user0_.user_id=?
Hibernate: select permission0_.character_id as characte6_12_0_, permission0_.permission_id as permissi1_12_0_, permission0_.permission_id as permissi1_12_1_, permission0_.character_id as characte6_12_1_, permission0_.permission_name as permissi2_12_1_, permission0_.permission_permission_unit_id as permissi3_12_1_, permission0_.permission_service as permissi4_12_1_, permission0_.permission_status as permissi5_12_1_ from permission permission0_ where permission0_.character_id=?
Hibernate: select userjoinin0_.user_joining_pool_id as col_0_0_ from user_joining_pool userjoinin0_ where userjoinin0_.user_user_id=? limit ?
Hibernate: select userjoinin0_.user_joining_pool_id as user_joi1_22_, userjoinin0_.user_created_at as user_cre2_22_, userjoinin0_.user_name as user_nam3_22_, userjoinin0_.user_phone_number as user_pho4_22_, userjoinin0_.user_user_id as user_use5_22_, userjoinin0_.user_user_password as user_use6_22_ from user_joining_pool userjoinin0_ where userjoinin0_.user_user_id=?
Hibernate: select character0_.character_id as characte1_6_, character0_.character_character_name as characte2_6_ from characters character0_ where character0_.character_character_name=?
Hibernate: insert into user (user_id, character_id, user_created_at, user_name, user_phone_number, user_user_id, user_user_password) values (default, ?, ?, ?, ?, ?, ?)
Hibernate: DELETE FROM USER_JOINING_POOL as JU where JU.USER_USER_ID =?
Hibernate: select user0_.user_id as col_0_0_ from user user0_ where user0_.user_user_id=? limit ?
Hibernate: select user0_.user_id as col_0_0_ from user user0_ where user0_.user_user_id=? limit ?
Hibernate: select U.* from USER U where U.USER_USER_ID =?
Hibernate: select character0_.character_id as characte1_6_0_, character0_.character_character_name as characte2_6_0_ from characters character0_ where character0_.character_id=?
Hibernate: select user0_.user_id as col_0_0_ from user user0_ where user0_.user_user_id=? limit ?
Hibernate: select userjoinin0_.user_joining_pool_id as col_0_0_ from user_joining_pool userjoinin0_ where userjoinin0_.user_user_id=? limit ?
Hibernate: select character0_.character_id as col_0_0_ from characters character0_ where character0_.character_character_name=? limit ?
Hibernate: insert into user_joining_pool (user_joining_pool_id, user_created_at, user_name, user_phone_number, user_user_id, user_user_password) values (default, ?, ?, ?, ?, ?)
Hibernate: select user0_.user_id as user_id1_21_0_, user0_.character_id as characte7_21_0_, user0_.user_created_at as user_cre2_21_0_, user0_.user_name as user_nam3_21_0_, user0_.user_phone_number as user_pho4_21_0_, user0_.user_user_id as user_use5_21_0_, user0_.user_user_password as user_use6_21_0_ from user user0_ where user0_.user_id=?
Hibernate: select character0_.character_id as characte1_6_0_, character0_.character_character_name as characte2_6_0_ from characters character0_ where character0_.character_id=?
Hibernate: select count(*) as col_0_0_ from user user0_ where user0_.user_id=?
Hibernate: select character1_.character_id as characte1_6_, character1_.character_character_name as characte2_6_ from user user0_ inner join characters character1_ on user0_.character_id=character1_.character_id where user0_.user_id=?
Hibernate: select permission0_.character_id as characte6_12_0_, permission0_.permission_id as permissi1_12_0_, permission0_.permission_id as permissi1_12_1_, permission0_.character_id as characte6_12_1_, permission0_.permission_name as permissi2_12_1_, permission0_.permission_permission_unit_id as permissi3_12_1_, permission0_.permission_service as permissi4_12_1_, permission0_.permission_status as permissi5_12_1_ from permission permission0_ where permission0_.character_id=?
Hibernate: select userjoinin0_.user_joining_pool_id as col_0_0_ from user_joining_pool userjoinin0_ where userjoinin0_.user_user_id=? limit ?
Hibernate: select userjoinin0_.user_joining_pool_id as user_joi1_22_, userjoinin0_.user_created_at as user_cre2_22_, userjoinin0_.user_name as user_nam3_22_, userjoinin0_.user_phone_number as user_pho4_22_, userjoinin0_.user_user_id as user_use5_22_, userjoinin0_.user_user_password as user_use6_22_ from user_joining_pool userjoinin0_ where userjoinin0_.user_user_id=?
Hibernate: select character0_.character_id as characte1_6_, character0_.character_character_name as characte2_6_ from characters character0_ where character0_.character_character_name=?
Hibernate: insert into user (user_id, character_id, user_created_at, user_name, user_phone_number, user_user_id, user_user_password) values (default, ?, ?, ?, ?, ?, ?)
Hibernate: DELETE FROM USER_JOINING_POOL as JU where JU.USER_USER_ID =?
Hibernate: select user0_.user_id as col_0_0_ from user user0_ where user0_.user_user_id=? limit ?
Hibernate: select user0_.user_id as col_0_0_ from user user0_ where user0_.user_user_id=? limit ?
Hibernate: select U.* from USER U where U.USER_USER_ID =?
Hibernate: select character0_.character_id as characte1_6_0_, character0_.character_character_name as characte2_6_0_ from characters character0_ where character0_.character_id=?
Hibernate: select user0_.user_id as col_0_0_ from user user0_ where user0_.user_user_id=? limit ?
Hibernate: select userjoinin0_.user_joining_pool_id as col_0_0_ from user_joining_pool userjoinin0_ where userjoinin0_.user_user_id=? limit ?
Hibernate: select character0_.character_id as col_0_0_ from characters character0_ where character0_.character_character_name=? limit ?
Hibernate: insert into user_joining_pool (user_joining_pool_id, user_created_at, user_name, user_phone_number, user_user_id, user_user_password) values (default, ?, ?, ?, ?, ?)
Hibernate: select user0_.user_id as user_id1_21_0_, user0_.character_id as characte7_21_0_, user0_.user_created_at as user_cre2_21_0_, user0_.user_name as user_nam3_21_0_, user0_.user_phone_number as user_pho4_21_0_, user0_.user_user_id as user_use5_21_0_, user0_.user_user_password as user_use6_21_0_ from user user0_ where user0_.user_id=?
Hibernate: select character0_.character_id as characte1_6_0_, character0_.character_character_name as characte2_6_0_ from characters character0_ where character0_.character_id=?
Hibernate: select count(*) as col_0_0_ from user user0_ where user0_.user_id=?
Hibernate: select character1_.character_id as characte1_6_, character1_.character_character_name as characte2_6_ from user user0_ inner join characters character1_ on user0_.character_id=character1_.character_id where user0_.user_id=?
Hibernate: select permission0_.character_id as characte6_12_0_, permission0_.permission_id as permissi1_12_0_, permission0_.permission_id as permissi1_12_1_, permission0_.character_id as characte6_12_1_, permission0_.permission_name as permissi2_12_1_, permission0_.permission_permission_unit_id as permissi3_12_1_, permission0_.permission_service as permissi4_12_1_, permission0_.permission_status as permissi5_12_1_ from permission permission0_ where permission0_.character_id=?
Hibernate: select userjoinin0_.user_joining_pool_id as col_0_0_ from user_joining_pool userjoinin0_ where userjoinin0_.user_user_id=? limit ?
Hibernate: select userjoinin0_.user_joining_pool_id as user_joi1_22_, userjoinin0_.user_created_at as user_cre2_22_, userjoinin0_.user_name as user_nam3_22_, userjoinin0_.user_phone_number as user_pho4_22_, userjoinin0_.user_user_id as user_use5_22_, userjoinin0_.user_user_password as user_use6_22_ from user_joining_pool userjoinin0_ where userjoinin0_.user_user_id=?
Hibernate: select character0_.character_id as characte1_6_, character0_.character_character_name as characte2_6_ from characters character0_ where character0_.character_character_name=?
Hibernate: insert into user (user_id, character_id, user_created_at, user_name, user_phone_number, user_user_id, user_user_password) values (default, ?, ?, ?, ?, ?, ?)
Hibernate: DELETE FROM USER_JOINING_POOL as JU where JU.USER_USER_ID =?
Hibernate: select user0_.user_id as col_0_0_ from user user0_ where user0_.user_user_id=? limit ?
Hibernate: select user0_.user_id as col_0_0_ from user user0_ where user0_.user_user_id=? limit ?
Hibernate: select U.* from USER U where U.USER_USER_ID =?
Hibernate: select character0_.character_id as characte1_6_0_, character0_.character_character_name as characte2_6_0_ from characters character0_ where character0_.character_id=?
Hibernate: select user0_.user_id as col_0_0_ from user user0_ where user0_.user_user_id=? limit ?
Hibernate: select userjoinin0_.user_joining_pool_id as col_0_0_ from user_joining_pool userjoinin0_ where userjoinin0_.user_user_id=? limit ?
Hibernate: select character0_.character_id as col_0_0_ from characters character0_ where character0_.character_character_name=? limit ?
Hibernate: insert into user_joining_pool (user_joining_pool_id, user_created_at, user_name, user_phone_number, user_user_id, user_user_password) values (default, ?, ?, ?, ?, ?)
Hibernate: select user0_.user_id as user_id1_21_0_, user0_.character_id as characte7_21_0_, user0_.user_created_at as user_cre2_21_0_, user0_.user_name as user_nam3_21_0_, user0_.user_phone_number as user_pho4_21_0_, user0_.user_user_id as user_use5_21_0_, user0_.user_user_password as user_use6_21_0_ from user user0_ where user0_.user_id=?
Hibernate: select character0_.character_id as characte1_6_0_, character0_.character_character_name as characte2_6_0_ from characters character0_ where character0_.character_id=?
Hibernate: select count(*) as col_0_0_ from user user0_ where user0_.user_id=?
Hibernate: select character1_.character_id as characte1_6_, character1_.character_character_name as characte2_6_ from user user0_ inner join characters character1_ on user0_.character_id=character1_.character_id where user0_.user_id=?
Hibernate: select permission0_.character_id as characte6_12_0_, permission0_.permission_id as permissi1_12_0_, permission0_.permission_id as permissi1_12_1_, permission0_.character_id as characte6_12_1_, permission0_.permission_name as permissi2_12_1_, permission0_.permission_permission_unit_id as permissi3_12_1_, permission0_.permission_service as permissi4_12_1_, permission0_.permission_status as permissi5_12_1_ from permission permission0_ where permission0_.character_id=?
Hibernate: select userjoinin0_.user_joining_pool_id as col_0_0_ from user_joining_pool userjoinin0_ where userjoinin0_.user_user_id=? limit ?
Hibernate: select userjoinin0_.user_joining_pool_id as user_joi1_22_, userjoinin0_.user_created_at as user_cre2_22_, userjoinin0_.user_name as user_nam3_22_, userjoinin0_.user_phone_number as user_pho4_22_, userjoinin0_.user_user_id as user_use5_22_, userjoinin0_.user_user_password as user_use6_22_ from user_joining_pool userjoinin0_ where userjoinin0_.user_user_id=?
Hibernate: select character0_.character_id as characte1_6_, character0_.character_character_name as characte2_6_ from characters character0_ where character0_.character_character_name=?
Hibernate: insert into user (user_id, character_id, user_created_at, user_name, user_phone_number, user_user_id, user_user_password) values (default, ?, ?, ?, ?, ?, ?)
Hibernate: DELETE FROM USER_JOINING_POOL as JU where JU.USER_USER_ID =?
Hibernate: select user0_.user_id as user_id1_21_0_, user0_.character_id as characte7_21_0_, user0_.user_created_at as user_cre2_21_0_, user0_.user_name as user_nam3_21_0_, user0_.user_phone_number as user_pho4_21_0_, user0_.user_user_id as user_use5_21_0_, user0_.user_user_password as user_use6_21_0_ from user user0_ where user0_.user_id=?
Hibernate: select character0_.character_id as characte1_6_0_, character0_.character_character_name as characte2_6_0_ from characters character0_ where character0_.character_id=?
Hibernate: select count(*) as col_0_0_ from user user0_ where user0_.user_id=?
Hibernate: select character1_.character_id as characte1_6_, character1_.character_character_name as characte2_6_ from user user0_ inner join characters character1_ on user0_.character_id=character1_.character_id where user0_.user_id=?
Hibernate: select permission0_.character_id as characte6_12_0_, permission0_.permission_id as permissi1_12_0_, permission0_.permission_id as permissi1_12_1_, permission0_.character_id as characte6_12_1_, permission0_.permission_name as permissi2_12_1_, permission0_.permission_permission_unit_id as permissi3_12_1_, permission0_.permission_service as permissi4_12_1_, permission0_.permission_status as permissi5_12_1_ from permission permission0_ where permission0_.character_id=?
Hibernate: select user0_.user_id as col_0_0_ from user user0_ where user0_.user_user_id=? limit ?
Hibernate: select user0_.user_id as col_0_0_ from user user0_ where user0_.user_user_id=? limit ?
Hibernate: select user0_.user_id as col_0_0_ from user user0_ where user0_.user_user_id=? limit ?
Hibernate: select user0_.user_id as col_0_0_ from user user0_ where user0_.user_user_id=? limit ?
Hibernate: select user0_.user_id as col_0_0_ from user user0_ where user0_.user_user_id=? limit ?
Hibernate: select user0_.user_id as user_id1_21_, user0_.character_id as characte7_21_, user0_.user_created_at as user_cre2_21_, user0_.user_name as user_nam3_21_, user0_.user_phone_number as user_pho4_21_, user0_.user_user_id as user_use5_21_, user0_.user_user_password as user_use6_21_ from user user0_ inner join characters character1_ on user0_.character_id=character1_.character_id where user0_.user_user_id=?
Hibernate: select character0_.character_id as characte1_6_0_, character0_.character_character_name as characte2_6_0_ from characters character0_ where character0_.character_id=?
Hibernate: select user0_.user_id as user_id1_21_, user0_.character_id as characte7_21_, user0_.user_created_at as user_cre2_21_, user0_.user_name as user_nam3_21_, user0_.user_phone_number as user_pho4_21_, user0_.user_user_id as user_use5_21_, user0_.user_user_password as user_use6_21_ from user user0_ inner join characters character1_ on user0_.character_id=character1_.character_id where user0_.user_user_id=?
Hibernate: select user0_.user_id as user_id1_21_, user0_.character_id as characte7_21_, user0_.user_created_at as user_cre2_21_, user0_.user_name as user_nam3_21_, user0_.user_phone_number as user_pho4_21_, user0_.user_user_id as user_use5_21_, user0_.user_user_password as user_use6_21_ from user user0_ inner join characters character1_ on user0_.character_id=character1_.character_id where user0_.user_user_id=?
Hibernate: select user0_.user_id as user_id1_21_, user0_.character_id as characte7_21_, user0_.user_created_at as user_cre2_21_, user0_.user_name as user_nam3_21_, user0_.user_phone_number as user_pho4_21_, user0_.user_user_id as user_use5_21_, user0_.user_user_password as user_use6_21_ from user user0_ inner join characters character1_ on user0_.character_id=character1_.character_id where user0_.user_user_id=?
Hibernate: select user0_.user_id as user_id1_21_, user0_.character_id as characte7_21_, user0_.user_created_at as user_cre2_21_, user0_.user_name as user_nam3_21_, user0_.user_phone_number as user_pho4_21_, user0_.user_user_id as user_use5_21_, user0_.user_user_password as user_use6_21_ from user user0_ inner join characters character1_ on user0_.character_id=character1_.character_id where user0_.user_user_id=?
Hibernate: insert into team_building (team_building_team_building_id, team_building_created_at, team_building_last_modified_at, team_building_team_building_title) values (default, ?, ?, ?)
Hibernate: insert into team (team_team_id, team_last_modified_at, team_building_team_building_id, team_team_name) values (default, ?, ?, ?)
Hibernate: insert into team_user (team_user_id, team_team_id, user_id) values (default, ?, ?)
Hibernate: insert into team_user (team_user_id, team_team_id, user_id) values (default, ?, ?)
Hibernate: insert into team_user (team_user_id, team_team_id, user_id) values (default, ?, ?)
Hibernate: insert into team (team_team_id, team_last_modified_at, team_building_team_building_id, team_team_name) values (default, ?, ?, ?)
Hibernate: insert into team_user (team_user_id, team_team_id, user_id) values (default, ?, ?)
Hibernate: insert into team_user (team_user_id, team_team_id, user_id) values (default, ?, ?)
Hibernate: select user0_.user_id as user_id1_21_0_, user0_.character_id as characte7_21_0_, user0_.user_created_at as user_cre2_21_0_, user0_.user_name as user_nam3_21_0_, user0_.user_phone_number as user_pho4_21_0_, user0_.user_user_id as user_use5_21_0_, user0_.user_user_password as user_use6_21_0_ from user user0_ where user0_.user_id=?
Hibernate: select character0_.character_id as characte1_6_0_, character0_.character_character_name as characte2_6_0_ from characters character0_ where character0_.character_id=?
Hibernate: select count(*) as col_0_0_ from team_building teambuildi0_
Hibernate: select count(*) as col_0_0_ from team_building teambuildi0_
Hibernate: select teambuildi0_.team_building_team_building_id as team_bui1_19_, teambuildi0_.team_building_created_at as team_bui2_19_, teambuildi0_.team_building_last_modified_at as team_bui3_19_, teambuildi0_.team_building_team_building_title as team_bui4_19_ from team_building teambuildi0_ order by teambuildi0_.team_building_created_at desc, teambuildi0_.team_building_team_building_id desc limit ?
Hibernate: select teamlist0_.team_building_team_building_id as team_bui4_18_0_, teamlist0_.team_team_id as team_tea1_18_0_, teamlist0_.team_team_id as team_tea1_18_1_, teamlist0_.team_last_modified_at as team_las2_18_1_, teamlist0_.team_building_team_building_id as team_bui4_18_1_, teamlist0_.team_team_name as team_tea3_18_1_ from team teamlist0_ where teamlist0_.team_building_team_building_id=?
Hibernate: select teamuserli0_.team_team_id as team_tea2_20_0_, teamuserli0_.team_user_id as team_use1_20_0_, teamuserli0_.team_user_id as team_use1_20_1_, teamuserli0_.team_team_id as team_tea2_20_1_, teamuserli0_.user_id as user_id3_20_1_ from team_user teamuserli0_ where teamuserli0_.team_team_id=?
Hibernate: select user0_.user_id as user_id1_21_0_, user0_.character_id as characte7_21_0_, user0_.user_created_at as user_cre2_21_0_, user0_.user_name as user_nam3_21_0_, user0_.user_phone_number as user_pho4_21_0_, user0_.user_user_id as user_use5_21_0_, user0_.user_user_password as user_use6_21_0_ from user user0_ where user0_.user_id=?
Hibernate: select character0_.character_id as characte1_6_0_, character0_.character_character_name as characte2_6_0_ from characters character0_ where character0_.character_id=?
Hibernate: select user0_.user_id as user_id1_21_0_, user0_.character_id as characte7_21_0_, user0_.user_created_at as user_cre2_21_0_, user0_.user_name as user_nam3_21_0_, user0_.user_phone_number as user_pho4_21_0_, user0_.user_user_id as user_use5_21_0_, user0_.user_user_password as user_use6_21_0_ from user user0_ where user0_.user_id=?
Hibernate: select user0_.user_id as user_id1_21_0_, user0_.character_id as characte7_21_0_, user0_.user_created_at as user_cre2_21_0_, user0_.user_name as user_nam3_21_0_, user0_.user_phone_number as user_pho4_21_0_, user0_.user_user_id as user_use5_21_0_, user0_.user_user_password as user_use6_21_0_ from user user0_ where user0_.user_id=?
Hibernate: select teamuserli0_.team_team_id as team_tea2_20_0_, teamuserli0_.team_user_id as team_use1_20_0_, teamuserli0_.team_user_id as team_use1_20_1_, teamuserli0_.team_team_id as team_tea2_20_1_, teamuserli0_.user_id as user_id3_20_1_ from team_user teamuserli0_ where teamuserli0_.team_team_id=?
Hibernate: select user0_.user_id as user_id1_21_0_, user0_.character_id as characte7_21_0_, user0_.user_created_at as user_cre2_21_0_, user0_.user_name as user_nam3_21_0_, user0_.user_phone_number as user_pho4_21_0_, user0_.user_user_id as user_use5_21_0_, user0_.user_user_password as user_use6_21_0_ from user user0_ where user0_.user_id=?
Hibernate: select user0_.user_id as user_id1_21_0_, user0_.character_id as characte7_21_0_, user0_.user_created_at as user_cre2_21_0_, user0_.user_name as user_nam3_21_0_, user0_.user_phone_number as user_pho4_21_0_, user0_.user_user_id as user_use5_21_0_, user0_.user_user_password as user_use6_21_0_ from user user0_ where user0_.user_id=?
Hibernate: select user0_.user_id as user_id1_21_0_, user0_.character_id as characte7_21_0_, user0_.user_created_at as user_cre2_21_0_, user0_.user_name as user_nam3_21_0_, user0_.user_phone_number as user_pho4_21_0_, user0_.user_user_id as user_use5_21_0_, user0_.user_user_password as user_use6_21_0_ from user user0_ where user0_.user_id=?
Hibernate: select character0_.character_id as characte1_6_0_, character0_.character_character_name as characte2_6_0_ from characters character0_ where character0_.character_id=?
Hibernate: select count(*) as col_0_0_ from user user0_ where user0_.user_id=?
Hibernate: select character1_.character_id as characte1_6_, character1_.character_character_name as characte2_6_ from user user0_ inner join characters character1_ on user0_.character_id=character1_.character_id where user0_.user_id=?
Hibernate: select permission0_.character_id as characte6_12_0_, permission0_.permission_id as permissi1_12_0_, permission0_.permission_id as permissi1_12_1_, permission0_.character_id as characte6_12_1_, permission0_.permission_name as permissi2_12_1_, permission0_.permission_permission_unit_id as permissi3_12_1_, permission0_.permission_service as permissi4_12_1_, permission0_.permission_status as permissi5_12_1_ from permission permission0_ where permission0_.character_id=?
Hibernate: select count(*) as col_0_0_ from team team0_ where team0_.team_team_id=?
Hibernate: select team0_.team_team_id as team_tea1_18_0_, team0_.team_last_modified_at as team_las2_18_0_, team0_.team_building_team_building_id as team_bui4_18_0_, team0_.team_team_name as team_tea3_18_0_ from team team0_ where team0_.team_team_id=?
Hibernate: select teambuildi0_.team_building_team_building_id as team_bui1_19_0_, teambuildi0_.team_building_created_at as team_bui2_19_0_, teambuildi0_.team_building_last_modified_at as team_bui3_19_0_, teambuildi0_.team_building_team_building_title as team_bui4_19_0_ from team_building teambuildi0_ where teambuildi0_.team_building_team_building_id=?
Hibernate: select teamuserli0_.team_team_id as team_tea2_20_0_, teamuserli0_.team_user_id as team_use1_20_0_, teamuserli0_.team_user_id as team_use1_20_1_, teamuserli0_.team_team_id as team_tea2_20_1_, teamuserli0_.user_id as user_id3_20_1_ from team_user teamuserli0_ where teamuserli0_.team_team_id=?
Hibernate: select user0_.user_id as user_id1_21_0_, user0_.character_id as characte7_21_0_, user0_.user_created_at as user_cre2_21_0_, user0_.user_name as user_nam3_21_0_, user0_.user_phone_number as user_pho4_21_0_, user0_.user_user_id as user_use5_21_0_, user0_.user_user_password as user_use6_21_0_ from user user0_ where user0_.user_id=?
Hibernate: select character0_.character_id as characte1_6_0_, character0_.character_character_name as characte2_6_0_ from characters character0_ where character0_.character_id=?
Hibernate: select user0_.user_id as user_id1_21_0_, user0_.character_id as characte7_21_0_, user0_.user_created_at as user_cre2_21_0_, user0_.user_name as user_nam3_21_0_, user0_.user_phone_number as user_pho4_21_0_, user0_.user_user_id as user_use5_21_0_, user0_.user_user_password as user_use6_21_0_ from user user0_ where user0_.user_id=?
Hibernate: select user0_.user_id as user_id1_21_0_, user0_.character_id as characte7_21_0_, user0_.user_created_at as user_cre2_21_0_, user0_.user_name as user_nam3_21_0_, user0_.user_phone_number as user_pho4_21_0_, user0_.user_user_id as user_use5_21_0_, user0_.user_user_password as user_use6_21_0_ from user user0_ where user0_.user_id=?
Hibernate: select count(*) as col_0_0_ from team team0_ where team0_.team_team_id=?
Hibernate: SELECT * FROM TEAM WHERE TEAM_BUILDING_TEAM_BUILDING_ID = ?
Hibernate: select teamuserli0_.team_team_id as team_tea2_20_0_, teamuserli0_.team_user_id as team_use1_20_0_, teamuserli0_.team_user_id as team_use1_20_1_, teamuserli0_.team_team_id as team_tea2_20_1_, teamuserli0_.user_id as user_id3_20_1_ from team_user teamuserli0_ where teamuserli0_.team_team_id=?
Hibernate: select user0_.user_id as user_id1_21_0_, user0_.character_id as characte7_21_0_, user0_.user_created_at as user_cre2_21_0_, user0_.user_name as user_nam3_21_0_, user0_.user_phone_number as user_pho4_21_0_, user0_.user_user_id as user_use5_21_0_, user0_.user_user_password as user_use6_21_0_ from user user0_ where user0_.user_id=?
Hibernate: select user0_.user_id as user_id1_21_0_, user0_.character_id as characte7_21_0_, user0_.user_created_at as user_cre2_21_0_, user0_.user_name as user_nam3_21_0_, user0_.user_phone_number as user_pho4_21_0_, user0_.user_user_id as user_use5_21_0_, user0_.user_user_password as user_use6_21_0_ from user user0_ where user0_.user_id=?
Hibernate: insert into team_user (team_user_id, team_team_id, user_id) values (default, ?, ?)
Hibernate: insert into team_user (team_user_id, team_team_id, user_id) values (default, ?, ?)
Hibernate: insert into team_user (team_user_id, team_team_id, user_id) values (default, ?, ?)
Hibernate: update team set team_last_modified_at=?, team_building_team_building_id=?, team_team_name=? where team_team_id=?
Hibernate: delete from team_user where team_user_id=?
Hibernate: delete from team_user where team_user_id=?
Hibernate: delete from team_user where team_user_id=?
Hibernate: select user0_.user_id as user_id1_21_0_, user0_.character_id as characte7_21_0_, user0_.user_created_at as user_cre2_21_0_, user0_.user_name as user_nam3_21_0_, user0_.user_phone_number as user_pho4_21_0_, user0_.user_user_id as user_use5_21_0_, user0_.user_user_password as user_use6_21_0_ from user user0_ where user0_.user_id=?
Hibernate: select character0_.character_id as characte1_6_0_, character0_.character_character_name as characte2_6_0_ from characters character0_ where character0_.character_id=?
Hibernate: select count(*) as col_0_0_ from user user0_ where user0_.user_id=?
Hibernate: select character1_.character_id as characte1_6_, character1_.character_character_name as characte2_6_ from user user0_ inner join characters character1_ on user0_.character_id=character1_.character_id where user0_.user_id=?
Hibernate: select permission0_.character_id as characte6_12_0_, permission0_.permission_id as permissi1_12_0_, permission0_.permission_id as permissi1_12_1_, permission0_.character_id as characte6_12_1_, permission0_.permission_name as permissi2_12_1_, permission0_.permission_permission_unit_id as permissi3_12_1_, permission0_.permission_service as permissi4_12_1_, permission0_.permission_status as permissi5_12_1_ from permission permission0_ where permission0_.character_id=?
Hibernate: select count(*) as col_0_0_ from team team0_ where team0_.team_team_id=?
Hibernate: select team0_.team_team_id as team_tea1_18_0_, team0_.team_last_modified_at as team_las2_18_0_, team0_.team_building_team_building_id as team_bui4_18_0_, team0_.team_team_name as team_tea3_18_0_ from team team0_ where team0_.team_team_id=?
Hibernate: select teambuildi0_.team_building_team_building_id as team_bui1_19_0_, teambuildi0_.team_building_created_at as team_bui2_19_0_, teambuildi0_.team_building_last_modified_at as team_bui3_19_0_, teambuildi0_.team_building_team_building_title as team_bui4_19_0_ from team_building teambuildi0_ where teambuildi0_.team_building_team_building_id=?
Hibernate: select teamuserli0_.team_team_id as team_tea2_20_0_, teamuserli0_.team_user_id as team_use1_20_0_, teamuserli0_.team_user_id as team_use1_20_1_, teamuserli0_.team_team_id as team_tea2_20_1_, teamuserli0_.user_id as user_id3_20_1_ from team_user teamuserli0_ where teamuserli0_.team_team_id=?
Hibernate: select user0_.user_id as user_id1_21_0_, user0_.character_id as characte7_21_0_, user0_.user_created_at as user_cre2_21_0_, user0_.user_name as user_nam3_21_0_, user0_.user_phone_number as user_pho4_21_0_, user0_.user_user_id as user_use5_21_0_, user0_.user_user_password as user_use6_21_0_ from user user0_ where user0_.user_id=?
Hibernate: select character0_.character_id as characte1_6_0_, character0_.character_character_name as characte2_6_0_ from characters character0_ where character0_.character_id=?
Hibernate: select user0_.user_id as user_id1_21_0_, user0_.character_id as characte7_21_0_, user0_.user_created_at as user_cre2_21_0_, user0_.user_name as user_nam3_21_0_, user0_.user_phone_number as user_pho4_21_0_, user0_.user_user_id as user_use5_21_0_, user0_.user_user_password as user_use6_21_0_ from user user0_ where user0_.user_id=?
Hibernate: select user0_.user_id as user_id1_21_0_, user0_.character_id as characte7_21_0_, user0_.user_created_at as user_cre2_21_0_, user0_.user_name as user_nam3_21_0_, user0_.user_phone_number as user_pho4_21_0_, user0_.user_user_id as user_use5_21_0_, user0_.user_user_password as user_use6_21_0_ from user user0_ where user0_.user_id=?
Hibernate: select count(*) as col_0_0_ from team team0_ where team0_.team_team_id=?
Hibernate: SELECT * FROM TEAM WHERE TEAM_BUILDING_TEAM_BUILDING_ID = ?
Hibernate: select teamuserli0_.team_team_id as team_tea2_20_0_, teamuserli0_.team_user_id as team_use1_20_0_, teamuserli0_.team_user_id as team_use1_20_1_, teamuserli0_.team_team_id as team_tea2_20_1_, teamuserli0_.user_id as user_id3_20_1_ from team_user teamuserli0_ where teamuserli0_.team_team_id=?
Hibernate: select user0_.user_id as user_id1_21_0_, user0_.character_id as characte7_21_0_, user0_.user_created_at as user_cre2_21_0_, user0_.user_name as user_nam3_21_0_, user0_.user_phone_number as user_pho4_21_0_, user0_.user_user_id as user_use5_21_0_, user0_.user_user_password as user_use6_21_0_ from user user0_ where user0_.user_id=?
Hibernate: select user0_.user_id as user_id1_21_0_, user0_.character_id as characte7_21_0_, user0_.user_created_at as user_cre2_21_0_, user0_.user_name as user_nam3_21_0_, user0_.user_phone_number as user_pho4_21_0_, user0_.user_user_id as user_use5_21_0_, user0_.user_user_password as user_use6_21_0_ from user user0_ where user0_.user_id=?

MockHttpServletRequest:
      HTTP Method = PATCH
      Request URI = /teambuilding/team/55
       Parameters = {}
          Headers = [Content-Type:"application/json;charset=UTF-8", Accept:"application/json", api-version:"1.0", Authorization:"Bearer eyJhbGciOiJIUzI1NiJ9.eyJzdWIiOiIxIiwiaWF0IjoxNjg3ODc3NDY5LCJleHAiOjE2ODc4ODEwNjl9.5GpcrqH17WaCEi6670WViYdxZ8Db7S7TQOeUs9MSnKg", Content-Length:"23"]
             Body = {"team_name":"chisam!"}
    Session Attrs = {}

Handler:
             Type = org.waldreg.controller.teambuilding.TeamBuildingController
           Method = org.waldreg.controller.teambuilding.TeamBuildingController#updateTeamNameByTeamId(int, TeamUpdateRequest, PermissionVerifyState)

Async:
    Async started = false
     Async result = null

Resolved Exception:
             Type = org.waldreg.teambuilding.exception.DuplicatedTeamNameException

ModelAndView:
        View name = null
             View = null
            Model = null

FlashMap:
       Attributes = null

MockHttpServletResponse:
           Status = 400
    Error message = null
          Headers = [Vary:"Origin", "Access-Control-Request-Method", "Access-Control-Request-Headers", Api-version:"1.0", Content-Type:"application/json"]
     Content type = application/json
             Body = {"code":"TEAMBUILDING-406","messages":"Duplicated team name \"chisam!\"","document_url":"docs.waldreg.org"}
    Forwarded URL = null
   Redirected URL = null
          Cookies = []
Hibernate: select user0_.user_id as col_0_0_ from user user0_ where user0_.user_user_id=? limit ?
Hibernate: select user0_.user_id as col_0_0_ from user user0_ where user0_.user_user_id=? limit ?
Hibernate: select U.* from USER U where U.USER_USER_ID =?
Hibernate: select character0_.character_id as characte1_6_0_, character0_.character_character_name as characte2_6_0_ from characters character0_ where character0_.character_id=?
Hibernate: select user0_.user_id as user_id1_21_0_, user0_.character_id as characte7_21_0_, user0_.user_created_at as user_cre2_21_0_, user0_.user_name as user_nam3_21_0_, user0_.user_phone_number as user_pho4_21_0_, user0_.user_user_id as user_use5_21_0_, user0_.user_user_password as user_use6_21_0_ from user user0_ where user0_.user_id=?
Hibernate: select character0_.character_id as characte1_6_0_, character0_.character_character_name as characte2_6_0_ from characters character0_ where character0_.character_id=?
Hibernate: select count(*) as col_0_0_ from team_building teambuildi0_
Hibernate: select count(*) as col_0_0_ from team_building teambuildi0_
Hibernate: select teambuildi0_.team_building_team_building_id as team_bui1_19_, teambuildi0_.team_building_created_at as team_bui2_19_, teambuildi0_.team_building_last_modified_at as team_bui3_19_, teambuildi0_.team_building_team_building_title as team_bui4_19_ from team_building teambuildi0_ order by teambuildi0_.team_building_created_at desc, teambuildi0_.team_building_team_building_id desc limit ?
Hibernate: select teamlist0_.team_building_team_building_id as team_bui4_18_0_, teamlist0_.team_team_id as team_tea1_18_0_, teamlist0_.team_team_id as team_tea1_18_1_, teamlist0_.team_last_modified_at as team_las2_18_1_, teamlist0_.team_building_team_building_id as team_bui4_18_1_, teamlist0_.team_team_name as team_tea3_18_1_ from team teamlist0_ where teamlist0_.team_building_team_building_id=?
Hibernate: select teamuserli0_.team_team_id as team_tea2_20_0_, teamuserli0_.team_user_id as team_use1_20_0_, teamuserli0_.team_user_id as team_use1_20_1_, teamuserli0_.team_team_id as team_tea2_20_1_, teamuserli0_.user_id as user_id3_20_1_ from team_user teamuserli0_ where teamuserli0_.team_team_id=?
Hibernate: select user0_.user_id as user_id1_21_0_, user0_.character_id as characte7_21_0_, user0_.user_created_at as user_cre2_21_0_, user0_.user_name as user_nam3_21_0_, user0_.user_phone_number as user_pho4_21_0_, user0_.user_user_id as user_use5_21_0_, user0_.user_user_password as user_use6_21_0_ from user user0_ where user0_.user_id=?
Hibernate: select character0_.character_id as characte1_6_0_, character0_.character_character_name as characte2_6_0_ from characters character0_ where character0_.character_id=?
Hibernate: select user0_.user_id as user_id1_21_0_, user0_.character_id as characte7_21_0_, user0_.user_created_at as user_cre2_21_0_, user0_.user_name as user_nam3_21_0_, user0_.user_phone_number as user_pho4_21_0_, user0_.user_user_id as user_use5_21_0_, user0_.user_user_password as user_use6_21_0_ from user user0_ where user0_.user_id=?
Hibernate: select user0_.user_id as user_id1_21_0_, user0_.character_id as characte7_21_0_, user0_.user_created_at as user_cre2_21_0_, user0_.user_name as user_nam3_21_0_, user0_.user_phone_number as user_pho4_21_0_, user0_.user_user_id as user_use5_21_0_, user0_.user_user_password as user_use6_21_0_ from user user0_ where user0_.user_id=?
Hibernate: select teamuserli0_.team_team_id as team_tea2_20_0_, teamuserli0_.team_user_id as team_use1_20_0_, teamuserli0_.team_user_id as team_use1_20_1_, teamuserli0_.team_team_id as team_tea2_20_1_, teamuserli0_.user_id as user_id3_20_1_ from team_user teamuserli0_ where teamuserli0_.team_team_id=?
Hibernate: select user0_.user_id as user_id1_21_0_, user0_.character_id as characte7_21_0_, user0_.user_created_at as user_cre2_21_0_, user0_.user_name as user_nam3_21_0_, user0_.user_phone_number as user_pho4_21_0_, user0_.user_user_id as user_use5_21_0_, user0_.user_user_password as user_use6_21_0_ from user user0_ where user0_.user_id=?
Hibernate: select user0_.user_id as user_id1_21_0_, user0_.character_id as characte7_21_0_, user0_.user_created_at as user_cre2_21_0_, user0_.user_name as user_nam3_21_0_, user0_.user_phone_number as user_pho4_21_0_, user0_.user_user_id as user_use5_21_0_, user0_.user_user_password as user_use6_21_0_ from user user0_ where user0_.user_id=?
Hibernate: select user0_.user_id as user_id1_21_0_, user0_.character_id as characte7_21_0_, user0_.user_created_at as user_cre2_21_0_, user0_.user_name as user_nam3_21_0_, user0_.user_phone_number as user_pho4_21_0_, user0_.user_user_id as user_use5_21_0_, user0_.user_user_password as user_use6_21_0_ from user user0_ where user0_.user_id=?
Hibernate: select character0_.character_id as characte1_6_0_, character0_.character_character_name as characte2_6_0_ from characters character0_ where character0_.character_id=?
Hibernate: select count(*) as col_0_0_ from user user0_ where user0_.user_id=?
Hibernate: select character1_.character_id as characte1_6_, character1_.character_character_name as characte2_6_ from user user0_ inner join characters character1_ on user0_.character_id=character1_.character_id where user0_.user_id=?
Hibernate: select permission0_.character_id as characte6_12_0_, permission0_.permission_id as permissi1_12_0_, permission0_.permission_id as permissi1_12_1_, permission0_.character_id as characte6_12_1_, permission0_.permission_name as permissi2_12_1_, permission0_.permission_permission_unit_id as permissi3_12_1_, permission0_.permission_service as permissi4_12_1_, permission0_.permission_status as permissi5_12_1_ from permission permission0_ where permission0_.character_id=?
Hibernate: select count(*) as col_0_0_ from team_building teambuildi0_ where teambuildi0_.team_building_team_building_id=?
Hibernate: select teambuildi0_.team_building_team_building_id as team_bui1_19_0_, teambuildi0_.team_building_created_at as team_bui2_19_0_, teambuildi0_.team_building_last_modified_at as team_bui3_19_0_, teambuildi0_.team_building_team_building_title as team_bui4_19_0_ from team_building teambuildi0_ where teambuildi0_.team_building_team_building_id=?
Hibernate: select teamlist0_.team_building_team_building_id as team_bui4_18_0_, teamlist0_.team_team_id as team_tea1_18_0_, teamlist0_.team_team_id as team_tea1_18_1_, teamlist0_.team_last_modified_at as team_las2_18_1_, teamlist0_.team_building_team_building_id as team_bui4_18_1_, teamlist0_.team_team_name as team_tea3_18_1_ from team teamlist0_ where teamlist0_.team_building_team_building_id=?
Hibernate: select teamuserli0_.team_team_id as team_tea2_20_0_, teamuserli0_.team_user_id as team_use1_20_0_, teamuserli0_.team_user_id as team_use1_20_1_, teamuserli0_.team_team_id as team_tea2_20_1_, teamuserli0_.user_id as user_id3_20_1_ from team_user teamuserli0_ where teamuserli0_.team_team_id=?
Hibernate: select user0_.user_id as user_id1_21_0_, user0_.character_id as characte7_21_0_, user0_.user_created_at as user_cre2_21_0_, user0_.user_name as user_nam3_21_0_, user0_.user_phone_number as user_pho4_21_0_, user0_.user_user_id as user_use5_21_0_, user0_.user_user_password as user_use6_21_0_ from user user0_ where user0_.user_id=?
Hibernate: select character0_.character_id as characte1_6_0_, character0_.character_character_name as characte2_6_0_ from characters character0_ where character0_.character_id=?
Hibernate: select user0_.user_id as user_id1_21_0_, user0_.character_id as characte7_21_0_, user0_.user_created_at as user_cre2_21_0_, user0_.user_name as user_nam3_21_0_, user0_.user_phone_number as user_pho4_21_0_, user0_.user_user_id as user_use5_21_0_, user0_.user_user_password as user_use6_21_0_ from user user0_ where user0_.user_id=?
Hibernate: select user0_.user_id as user_id1_21_0_, user0_.character_id as characte7_21_0_, user0_.user_created_at as user_cre2_21_0_, user0_.user_name as user_nam3_21_0_, user0_.user_phone_number as user_pho4_21_0_, user0_.user_user_id as user_use5_21_0_, user0_.user_user_password as user_use6_21_0_ from user user0_ where user0_.user_id=?
Hibernate: select teamuserli0_.team_team_id as team_tea2_20_0_, teamuserli0_.team_user_id as team_use1_20_0_, teamuserli0_.team_user_id as team_use1_20_1_, teamuserli0_.team_team_id as team_tea2_20_1_, teamuserli0_.user_id as user_id3_20_1_ from team_user teamuserli0_ where teamuserli0_.team_team_id=?
Hibernate: select user0_.user_id as user_id1_21_0_, user0_.character_id as characte7_21_0_, user0_.user_created_at as user_cre2_21_0_, user0_.user_name as user_nam3_21_0_, user0_.user_phone_number as user_pho4_21_0_, user0_.user_user_id as user_use5_21_0_, user0_.user_user_password as user_use6_21_0_ from user user0_ where user0_.user_id=?
Hibernate: select user0_.user_id as user_id1_21_0_, user0_.character_id as characte7_21_0_, user0_.user_created_at as user_cre2_21_0_, user0_.user_name as user_nam3_21_0_, user0_.user_phone_number as user_pho4_21_0_, user0_.user_user_id as user_use5_21_0_, user0_.user_user_password as user_use6_21_0_ from user user0_ where user0_.user_id=?
Hibernate: delete from team_user where team_user_id=?
Hibernate: delete from team_user where team_user_id=?
Hibernate: delete from team_user where team_user_id=?
Hibernate: delete from team where team_team_id=?
Hibernate: delete from team_user where team_user_id=?
Hibernate: delete from team_user where team_user_id=?
Hibernate: delete from team where team_team_id=?
Hibernate: delete from team_building where team_building_team_building_id=?
Hibernate: select user0_.user_id as user_id1_21_0_, user0_.character_id as characte7_21_0_, user0_.user_created_at as user_cre2_21_0_, user0_.user_name as user_nam3_21_0_, user0_.user_phone_number as user_pho4_21_0_, user0_.user_user_id as user_use5_21_0_, user0_.user_user_password as user_use6_21_0_ from user user0_ where user0_.user_id=?
Hibernate: select character0_.character_id as characte1_6_0_, character0_.character_character_name as characte2_6_0_ from characters character0_ where character0_.character_id=?
Hibernate: select count(*) as col_0_0_ from team_building teambuildi0_ where teambuildi0_.team_building_team_building_id=?
Hibernate: select user0_.user_id as col_0_0_ from user user0_ where user0_.user_user_id=? limit ?
Hibernate: select user0_.user_id as col_0_0_ from user user0_ where user0_.user_user_id=? limit ?
Hibernate: select U.* from USER U where U.USER_USER_ID =?
Hibernate: select character0_.character_id as characte1_6_0_, character0_.character_character_name as characte2_6_0_ from characters character0_ where character0_.character_id=?
Hibernate: select user0_.user_id as col_0_0_ from user user0_ where user0_.user_user_id=? limit ?
Hibernate: select user0_.user_id as user_id1_21_, user0_.character_id as characte7_21_, user0_.user_created_at as user_cre2_21_, user0_.user_name as user_nam3_21_, user0_.user_phone_number as user_pho4_21_, user0_.user_user_id as user_use5_21_, user0_.user_user_password as user_use6_21_ from user user0_ inner join characters character1_ on user0_.character_id=character1_.character_id where user0_.user_user_id=?
Hibernate: select character0_.character_id as characte1_6_0_, character0_.character_character_name as characte2_6_0_ from characters character0_ where character0_.character_id=?
Hibernate: select rewardtagw0_.user_id as user_id4_16_0_, rewardtagw0_.reward_tag_wrapper_reward_id as reward_t1_16_0_, rewardtagw0_.reward_tag_wrapper_reward_id as reward_t1_16_1_, rewardtagw0_.reward_tag_wrapper_reward_presented_at as reward_t2_16_1_, rewardtagw0_.reward_tag_reward_tag_id as reward_t3_16_1_, rewardtagw0_.user_id as user_id4_16_1_ from reward_tag_wrapper rewardtagw0_ where rewardtagw0_.user_id=?
Hibernate: select user0_.user_id as user_id1_21_0_, user0_.character_id as characte7_21_0_, user0_.user_created_at as user_cre2_21_0_, user0_.user_name as user_nam3_21_0_, user0_.user_phone_number as user_pho4_21_0_, user0_.user_user_id as user_use5_21_0_, user0_.user_user_password as user_use6_21_0_ from user user0_ where user0_.user_id=?
Hibernate: select character0_.character_id as characte1_6_0_, character0_.character_character_name as characte2_6_0_ from characters character0_ where character0_.character_id=?
Hibernate: select count(*) as col_0_0_ from user user0_ where user0_.user_id=?
Hibernate: select character1_.character_id as characte1_6_, character1_.character_character_name as characte2_6_ from user user0_ inner join characters character1_ on user0_.character_id=character1_.character_id where user0_.user_id=?
Hibernate: select permission0_.character_id as characte6_12_0_, permission0_.permission_id as permissi1_12_0_, permission0_.permission_id as permissi1_12_1_, permission0_.character_id as characte6_12_1_, permission0_.permission_name as permissi2_12_1_, permission0_.permission_permission_unit_id as permissi3_12_1_, permission0_.permission_service as permissi4_12_1_, permission0_.permission_status as permissi5_12_1_ from permission permission0_ where permission0_.character_id=?
Hibernate: select count(*) as col_0_0_ from user user0_ where user0_.user_id=?
Hibernate: select user0_.user_id as user_id1_21_, user0_.character_id as characte7_21_, user0_.user_created_at as user_cre2_21_, user0_.user_name as user_nam3_21_, user0_.user_phone_number as user_pho4_21_, user0_.user_user_id as user_use5_21_, user0_.user_user_password as user_use6_21_ from user user0_ where user0_.user_id=?
Hibernate: select character0_.character_id as characte1_6_0_, character0_.character_character_name as characte2_6_0_ from characters character0_ where character0_.character_id=?
Hibernate: select rewardtagw0_.user_id as user_id4_16_0_, rewardtagw0_.reward_tag_wrapper_reward_id as reward_t1_16_0_, rewardtagw0_.reward_tag_wrapper_reward_id as reward_t1_16_1_, rewardtagw0_.reward_tag_wrapper_reward_presented_at as reward_t2_16_1_, rewardtagw0_.reward_tag_reward_tag_id as reward_t3_16_1_, rewardtagw0_.user_id as user_id4_16_1_ from reward_tag_wrapper rewardtagw0_ where rewardtagw0_.user_id=?
Hibernate: select attendance0_.attendance_user_attendance_user_id as col_0_0_ from attendance_user attendance0_ where attendance0_.user_id=? limit ?
Hibernate: DELETE FROM USER WHERE USER_ID = ?
Hibernate: select user0_.user_id as col_0_0_ from user user0_ where user0_.user_user_id=? limit ?
Hibernate: select user0_.user_id as col_0_0_ from user user0_ where user0_.user_user_id=? limit ?
Hibernate: select user0_.user_id as user_id1_21_, user0_.character_id as characte7_21_, user0_.user_created_at as user_cre2_21_, user0_.user_name as user_nam3_21_, user0_.user_phone_number as user_pho4_21_, user0_.user_user_id as user_use5_21_, user0_.user_user_password as user_use6_21_ from user user0_ inner join characters character1_ on user0_.character_id=character1_.character_id where user0_.user_user_id=?
Hibernate: select character0_.character_id as characte1_6_0_, character0_.character_character_name as characte2_6_0_ from characters character0_ where character0_.character_id=?
Hibernate: select rewardtagw0_.user_id as user_id4_16_0_, rewardtagw0_.reward_tag_wrapper_reward_id as reward_t1_16_0_, rewardtagw0_.reward_tag_wrapper_reward_id as reward_t1_16_1_, rewardtagw0_.reward_tag_wrapper_reward_presented_at as reward_t2_16_1_, rewardtagw0_.reward_tag_reward_tag_id as reward_t3_16_1_, rewardtagw0_.user_id as user_id4_16_1_ from reward_tag_wrapper rewardtagw0_ where rewardtagw0_.user_id=?
Hibernate: select user0_.user_id as user_id1_21_0_, user0_.character_id as characte7_21_0_, user0_.user_created_at as user_cre2_21_0_, user0_.user_name as user_nam3_21_0_, user0_.user_phone_number as user_pho4_21_0_, user0_.user_user_id as user_use5_21_0_, user0_.user_user_password as user_use6_21_0_ from user user0_ where user0_.user_id=?
Hibernate: select character0_.character_id as characte1_6_0_, character0_.character_character_name as characte2_6_0_ from characters character0_ where character0_.character_id=?
Hibernate: select count(*) as col_0_0_ from user user0_ where user0_.user_id=?
Hibernate: select character1_.character_id as characte1_6_, character1_.character_character_name as characte2_6_ from user user0_ inner join characters character1_ on user0_.character_id=character1_.character_id where user0_.user_id=?
Hibernate: select permission0_.character_id as characte6_12_0_, permission0_.permission_id as permissi1_12_0_, permission0_.permission_id as permissi1_12_1_, permission0_.character_id as characte6_12_1_, permission0_.permission_name as permissi2_12_1_, permission0_.permission_permission_unit_id as permissi3_12_1_, permission0_.permission_service as permissi4_12_1_, permission0_.permission_status as permissi5_12_1_ from permission permission0_ where permission0_.character_id=?
Hibernate: select count(*) as col_0_0_ from user user0_ where user0_.user_id=?
Hibernate: select user0_.user_id as user_id1_21_, user0_.character_id as characte7_21_, user0_.user_created_at as user_cre2_21_, user0_.user_name as user_nam3_21_, user0_.user_phone_number as user_pho4_21_, user0_.user_user_id as user_use5_21_, user0_.user_user_password as user_use6_21_ from user user0_ where user0_.user_id=?
Hibernate: select character0_.character_id as characte1_6_0_, character0_.character_character_name as characte2_6_0_ from characters character0_ where character0_.character_id=?
Hibernate: select rewardtagw0_.user_id as user_id4_16_0_, rewardtagw0_.reward_tag_wrapper_reward_id as reward_t1_16_0_, rewardtagw0_.reward_tag_wrapper_reward_id as reward_t1_16_1_, rewardtagw0_.reward_tag_wrapper_reward_presented_at as reward_t2_16_1_, rewardtagw0_.reward_tag_reward_tag_id as reward_t3_16_1_, rewardtagw0_.user_id as user_id4_16_1_ from reward_tag_wrapper rewardtagw0_ where rewardtagw0_.user_id=?
Hibernate: select attendance0_.attendance_user_attendance_user_id as col_0_0_ from attendance_user attendance0_ where attendance0_.user_id=? limit ?
Hibernate: DELETE FROM USER WHERE USER_ID = ?
Hibernate: select user0_.user_id as col_0_0_ from user user0_ where user0_.user_user_id=? limit ?
Hibernate: select user0_.user_id as col_0_0_ from user user0_ where user0_.user_user_id=? limit ?
Hibernate: select user0_.user_id as user_id1_21_, user0_.character_id as characte7_21_, user0_.user_created_at as user_cre2_21_, user0_.user_name as user_nam3_21_, user0_.user_phone_number as user_pho4_21_, user0_.user_user_id as user_use5_21_, user0_.user_user_password as user_use6_21_ from user user0_ inner join characters character1_ on user0_.character_id=character1_.character_id where user0_.user_user_id=?
Hibernate: select character0_.character_id as characte1_6_0_, character0_.character_character_name as characte2_6_0_ from characters character0_ where character0_.character_id=?
Hibernate: select rewardtagw0_.user_id as user_id4_16_0_, rewardtagw0_.reward_tag_wrapper_reward_id as reward_t1_16_0_, rewardtagw0_.reward_tag_wrapper_reward_id as reward_t1_16_1_, rewardtagw0_.reward_tag_wrapper_reward_presented_at as reward_t2_16_1_, rewardtagw0_.reward_tag_reward_tag_id as reward_t3_16_1_, rewardtagw0_.user_id as user_id4_16_1_ from reward_tag_wrapper rewardtagw0_ where rewardtagw0_.user_id=?
Hibernate: select user0_.user_id as user_id1_21_0_, user0_.character_id as characte7_21_0_, user0_.user_created_at as user_cre2_21_0_, user0_.user_name as user_nam3_21_0_, user0_.user_phone_number as user_pho4_21_0_, user0_.user_user_id as user_use5_21_0_, user0_.user_user_password as user_use6_21_0_ from user user0_ where user0_.user_id=?
Hibernate: select character0_.character_id as characte1_6_0_, character0_.character_character_name as characte2_6_0_ from characters character0_ where character0_.character_id=?
Hibernate: select count(*) as col_0_0_ from user user0_ where user0_.user_id=?
Hibernate: select character1_.character_id as characte1_6_, character1_.character_character_name as characte2_6_ from user user0_ inner join characters character1_ on user0_.character_id=character1_.character_id where user0_.user_id=?
Hibernate: select permission0_.character_id as characte6_12_0_, permission0_.permission_id as permissi1_12_0_, permission0_.permission_id as permissi1_12_1_, permission0_.character_id as characte6_12_1_, permission0_.permission_name as permissi2_12_1_, permission0_.permission_permission_unit_id as permissi3_12_1_, permission0_.permission_service as permissi4_12_1_, permission0_.permission_status as permissi5_12_1_ from permission permission0_ where permission0_.character_id=?
Hibernate: select count(*) as col_0_0_ from user user0_ where user0_.user_id=?
Hibernate: select user0_.user_id as user_id1_21_, user0_.character_id as characte7_21_, user0_.user_created_at as user_cre2_21_, user0_.user_name as user_nam3_21_, user0_.user_phone_number as user_pho4_21_, user0_.user_user_id as user_use5_21_, user0_.user_user_password as user_use6_21_ from user user0_ where user0_.user_id=?
Hibernate: select character0_.character_id as characte1_6_0_, character0_.character_character_name as characte2_6_0_ from characters character0_ where character0_.character_id=?
Hibernate: select rewardtagw0_.user_id as user_id4_16_0_, rewardtagw0_.reward_tag_wrapper_reward_id as reward_t1_16_0_, rewardtagw0_.reward_tag_wrapper_reward_id as reward_t1_16_1_, rewardtagw0_.reward_tag_wrapper_reward_presented_at as reward_t2_16_1_, rewardtagw0_.reward_tag_reward_tag_id as reward_t3_16_1_, rewardtagw0_.user_id as user_id4_16_1_ from reward_tag_wrapper rewardtagw0_ where rewardtagw0_.user_id=?
Hibernate: select attendance0_.attendance_user_attendance_user_id as col_0_0_ from attendance_user attendance0_ where attendance0_.user_id=? limit ?
Hibernate: DELETE FROM USER WHERE USER_ID = ?
Hibernate: select user0_.user_id as col_0_0_ from user user0_ where user0_.user_user_id=? limit ?
Hibernate: select user0_.user_id as col_0_0_ from user user0_ where user0_.user_user_id=? limit ?
Hibernate: select user0_.user_id as user_id1_21_, user0_.character_id as characte7_21_, user0_.user_created_at as user_cre2_21_, user0_.user_name as user_nam3_21_, user0_.user_phone_number as user_pho4_21_, user0_.user_user_id as user_use5_21_, user0_.user_user_password as user_use6_21_ from user user0_ inner join characters character1_ on user0_.character_id=character1_.character_id where user0_.user_user_id=?
Hibernate: select character0_.character_id as characte1_6_0_, character0_.character_character_name as characte2_6_0_ from characters character0_ where character0_.character_id=?
Hibernate: select rewardtagw0_.user_id as user_id4_16_0_, rewardtagw0_.reward_tag_wrapper_reward_id as reward_t1_16_0_, rewardtagw0_.reward_tag_wrapper_reward_id as reward_t1_16_1_, rewardtagw0_.reward_tag_wrapper_reward_presented_at as reward_t2_16_1_, rewardtagw0_.reward_tag_reward_tag_id as reward_t3_16_1_, rewardtagw0_.user_id as user_id4_16_1_ from reward_tag_wrapper rewardtagw0_ where rewardtagw0_.user_id=?
Hibernate: select user0_.user_id as user_id1_21_0_, user0_.character_id as characte7_21_0_, user0_.user_created_at as user_cre2_21_0_, user0_.user_name as user_nam3_21_0_, user0_.user_phone_number as user_pho4_21_0_, user0_.user_user_id as user_use5_21_0_, user0_.user_user_password as user_use6_21_0_ from user user0_ where user0_.user_id=?
Hibernate: select character0_.character_id as characte1_6_0_, character0_.character_character_name as characte2_6_0_ from characters character0_ where character0_.character_id=?
Hibernate: select count(*) as col_0_0_ from user user0_ where user0_.user_id=?
Hibernate: select character1_.character_id as characte1_6_, character1_.character_character_name as characte2_6_ from user user0_ inner join characters character1_ on user0_.character_id=character1_.character_id where user0_.user_id=?
Hibernate: select permission0_.character_id as characte6_12_0_, permission0_.permission_id as permissi1_12_0_, permission0_.permission_id as permissi1_12_1_, permission0_.character_id as characte6_12_1_, permission0_.permission_name as permissi2_12_1_, permission0_.permission_permission_unit_id as permissi3_12_1_, permission0_.permission_service as permissi4_12_1_, permission0_.permission_status as permissi5_12_1_ from permission permission0_ where permission0_.character_id=?
Hibernate: select count(*) as col_0_0_ from user user0_ where user0_.user_id=?
Hibernate: select user0_.user_id as user_id1_21_, user0_.character_id as characte7_21_, user0_.user_created_at as user_cre2_21_, user0_.user_name as user_nam3_21_, user0_.user_phone_number as user_pho4_21_, user0_.user_user_id as user_use5_21_, user0_.user_user_password as user_use6_21_ from user user0_ where user0_.user_id=?
Hibernate: select character0_.character_id as characte1_6_0_, character0_.character_character_name as characte2_6_0_ from characters character0_ where character0_.character_id=?
Hibernate: select rewardtagw0_.user_id as user_id4_16_0_, rewardtagw0_.reward_tag_wrapper_reward_id as reward_t1_16_0_, rewardtagw0_.reward_tag_wrapper_reward_id as reward_t1_16_1_, rewardtagw0_.reward_tag_wrapper_reward_presented_at as reward_t2_16_1_, rewardtagw0_.reward_tag_reward_tag_id as reward_t3_16_1_, rewardtagw0_.user_id as user_id4_16_1_ from reward_tag_wrapper rewardtagw0_ where rewardtagw0_.user_id=?
Hibernate: select attendance0_.attendance_user_attendance_user_id as col_0_0_ from attendance_user attendance0_ where attendance0_.user_id=? limit ?
Hibernate: DELETE FROM USER WHERE USER_ID = ?
Hibernate: select user0_.user_id as col_0_0_ from user user0_ where user0_.user_user_id=? limit ?
Hibernate: select user0_.user_id as col_0_0_ from user user0_ where user0_.user_user_id=? limit ?
Hibernate: select user0_.user_id as user_id1_21_, user0_.character_id as characte7_21_, user0_.user_created_at as user_cre2_21_, user0_.user_name as user_nam3_21_, user0_.user_phone_number as user_pho4_21_, user0_.user_user_id as user_use5_21_, user0_.user_user_password as user_use6_21_ from user user0_ inner join characters character1_ on user0_.character_id=character1_.character_id where user0_.user_user_id=?
Hibernate: select character0_.character_id as characte1_6_0_, character0_.character_character_name as characte2_6_0_ from characters character0_ where character0_.character_id=?
Hibernate: select rewardtagw0_.user_id as user_id4_16_0_, rewardtagw0_.reward_tag_wrapper_reward_id as reward_t1_16_0_, rewardtagw0_.reward_tag_wrapper_reward_id as reward_t1_16_1_, rewardtagw0_.reward_tag_wrapper_reward_presented_at as reward_t2_16_1_, rewardtagw0_.reward_tag_reward_tag_id as reward_t3_16_1_, rewardtagw0_.user_id as user_id4_16_1_ from reward_tag_wrapper rewardtagw0_ where rewardtagw0_.user_id=?
Hibernate: select user0_.user_id as user_id1_21_0_, user0_.character_id as characte7_21_0_, user0_.user_created_at as user_cre2_21_0_, user0_.user_name as user_nam3_21_0_, user0_.user_phone_number as user_pho4_21_0_, user0_.user_user_id as user_use5_21_0_, user0_.user_user_password as user_use6_21_0_ from user user0_ where user0_.user_id=?
Hibernate: select character0_.character_id as characte1_6_0_, character0_.character_character_name as characte2_6_0_ from characters character0_ where character0_.character_id=?
Hibernate: select count(*) as col_0_0_ from user user0_ where user0_.user_id=?
Hibernate: select character1_.character_id as characte1_6_, character1_.character_character_name as characte2_6_ from user user0_ inner join characters character1_ on user0_.character_id=character1_.character_id where user0_.user_id=?
Hibernate: select permission0_.character_id as characte6_12_0_, permission0_.permission_id as permissi1_12_0_, permission0_.permission_id as permissi1_12_1_, permission0_.character_id as characte6_12_1_, permission0_.permission_name as permissi2_12_1_, permission0_.permission_permission_unit_id as permissi3_12_1_, permission0_.permission_service as permissi4_12_1_, permission0_.permission_status as permissi5_12_1_ from permission permission0_ where permission0_.character_id=?
Hibernate: select count(*) as col_0_0_ from user user0_ where user0_.user_id=?
Hibernate: select user0_.user_id as user_id1_21_, user0_.character_id as characte7_21_, user0_.user_created_at as user_cre2_21_, user0_.user_name as user_nam3_21_, user0_.user_phone_number as user_pho4_21_, user0_.user_user_id as user_use5_21_, user0_.user_user_password as user_use6_21_ from user user0_ where user0_.user_id=?
Hibernate: select character0_.character_id as characte1_6_0_, character0_.character_character_name as characte2_6_0_ from characters character0_ where character0_.character_id=?
Hibernate: select rewardtagw0_.user_id as user_id4_16_0_, rewardtagw0_.reward_tag_wrapper_reward_id as reward_t1_16_0_, rewardtagw0_.reward_tag_wrapper_reward_id as reward_t1_16_1_, rewardtagw0_.reward_tag_wrapper_reward_presented_at as reward_t2_16_1_, rewardtagw0_.reward_tag_reward_tag_id as reward_t3_16_1_, rewardtagw0_.user_id as user_id4_16_1_ from reward_tag_wrapper rewardtagw0_ where rewardtagw0_.user_id=?
Hibernate: select attendance0_.attendance_user_attendance_user_id as col_0_0_ from attendance_user attendance0_ where attendance0_.user_id=? limit ?
Hibernate: DELETE FROM USER WHERE USER_ID = ?
Hibernate: select user0_.user_id as col_0_0_ from user user0_ where user0_.user_user_id=? limit ?
Hibernate: select user0_.user_id as col_0_0_ from user user0_ where user0_.user_user_id=? limit ?
Hibernate: select user0_.user_id as col_0_0_ from user user0_ where user0_.user_user_id=? limit ?
Hibernate: select U.* from USER U where U.USER_USER_ID =?
Hibernate: select character0_.character_id as characte1_6_0_, character0_.character_character_name as characte2_6_0_ from characters character0_ where character0_.character_id=?
Hibernate: select user0_.user_id as user_id1_21_0_, user0_.character_id as characte7_21_0_, user0_.user_created_at as user_cre2_21_0_, user0_.user_name as user_nam3_21_0_, user0_.user_phone_number as user_pho4_21_0_, user0_.user_user_id as user_use5_21_0_, user0_.user_user_password as user_use6_21_0_ from user user0_ where user0_.user_id=?
Hibernate: select character0_.character_id as characte1_6_0_, character0_.character_character_name as characte2_6_0_ from characters character0_ where character0_.character_id=?
Hibernate: select count(*) as col_0_0_ from team_building teambuildi0_
Hibernate: select count(*) as col_0_0_ from team_building teambuildi0_
Hibernate: select user0_.user_id as col_0_0_ from user user0_ where user0_.user_user_id=? limit ?
Hibernate: select user0_.user_id as col_0_0_ from user user0_ where user0_.user_user_id=? limit ?
Hibernate: select U.* from USER U where U.USER_USER_ID =?
Hibernate: select character0_.character_id as characte1_6_0_, character0_.character_character_name as characte2_6_0_ from characters character0_ where character0_.character_id=?
Hibernate: select user0_.user_id as col_0_0_ from user user0_ where user0_.user_user_id=? limit ?
Hibernate: select user0_.user_id as col_0_0_ from user user0_ where user0_.user_user_id=? limit ?
Hibernate: select U.* from USER U where U.USER_USER_ID =?
Hibernate: select character0_.character_id as characte1_6_0_, character0_.character_character_name as characte2_6_0_ from characters character0_ where character0_.character_id=?
Hibernate: select user0_.user_id as col_0_0_ from user user0_ where user0_.user_user_id=? limit ?
Hibernate: select user0_.user_id as col_0_0_ from user user0_ where user0_.user_user_id=? limit ?
Hibernate: select U.* from USER U where U.USER_USER_ID =?
Hibernate: select character0_.character_id as characte1_6_0_, character0_.character_character_name as characte2_6_0_ from characters character0_ where character0_.character_id=?
Hibernate: select user0_.user_id as col_0_0_ from user user0_ where user0_.user_user_id=? limit ?
Hibernate: select userjoinin0_.user_joining_pool_id as col_0_0_ from user_joining_pool userjoinin0_ where userjoinin0_.user_user_id=? limit ?
Hibernate: select character0_.character_id as col_0_0_ from characters character0_ where character0_.character_character_name=? limit ?
Hibernate: insert into user_joining_pool (user_joining_pool_id, user_created_at, user_name, user_phone_number, user_user_id, user_user_password) values (default, ?, ?, ?, ?, ?)
Hibernate: select user0_.user_id as user_id1_21_0_, user0_.character_id as characte7_21_0_, user0_.user_created_at as user_cre2_21_0_, user0_.user_name as user_nam3_21_0_, user0_.user_phone_number as user_pho4_21_0_, user0_.user_user_id as user_use5_21_0_, user0_.user_user_password as user_use6_21_0_ from user user0_ where user0_.user_id=?
Hibernate: select character0_.character_id as characte1_6_0_, character0_.character_character_name as characte2_6_0_ from characters character0_ where character0_.character_id=?
Hibernate: select count(*) as col_0_0_ from user user0_ where user0_.user_id=?
Hibernate: select character1_.character_id as characte1_6_, character1_.character_character_name as characte2_6_ from user user0_ inner join characters character1_ on user0_.character_id=character1_.character_id where user0_.user_id=?
Hibernate: select permission0_.character_id as characte6_12_0_, permission0_.permission_id as permissi1_12_0_, permission0_.permission_id as permissi1_12_1_, permission0_.character_id as characte6_12_1_, permission0_.permission_name as permissi2_12_1_, permission0_.permission_permission_unit_id as permissi3_12_1_, permission0_.permission_service as permissi4_12_1_, permission0_.permission_status as permissi5_12_1_ from permission permission0_ where permission0_.character_id=?
Hibernate: select userjoinin0_.user_joining_pool_id as col_0_0_ from user_joining_pool userjoinin0_ where userjoinin0_.user_user_id=? limit ?
Hibernate: select userjoinin0_.user_joining_pool_id as user_joi1_22_, userjoinin0_.user_created_at as user_cre2_22_, userjoinin0_.user_name as user_nam3_22_, userjoinin0_.user_phone_number as user_pho4_22_, userjoinin0_.user_user_id as user_use5_22_, userjoinin0_.user_user_password as user_use6_22_ from user_joining_pool userjoinin0_ where userjoinin0_.user_user_id=?
Hibernate: select character0_.character_id as characte1_6_, character0_.character_character_name as characte2_6_ from characters character0_ where character0_.character_character_name=?
Hibernate: insert into user (user_id, character_id, user_created_at, user_name, user_phone_number, user_user_id, user_user_password) values (default, ?, ?, ?, ?, ?, ?)
Hibernate: DELETE FROM USER_JOINING_POOL as JU where JU.USER_USER_ID =?
Hibernate: select user0_.user_id as col_0_0_ from user user0_ where user0_.user_user_id=? limit ?
Hibernate: select user0_.user_id as col_0_0_ from user user0_ where user0_.user_user_id=? limit ?
Hibernate: select U.* from USER U where U.USER_USER_ID =?
Hibernate: select character0_.character_id as characte1_6_0_, character0_.character_character_name as characte2_6_0_ from characters character0_ where character0_.character_id=?
Hibernate: select user0_.user_id as col_0_0_ from user user0_ where user0_.user_user_id=? limit ?
Hibernate: select userjoinin0_.user_joining_pool_id as col_0_0_ from user_joining_pool userjoinin0_ where userjoinin0_.user_user_id=? limit ?
Hibernate: select character0_.character_id as col_0_0_ from characters character0_ where character0_.character_character_name=? limit ?
Hibernate: insert into user_joining_pool (user_joining_pool_id, user_created_at, user_name, user_phone_number, user_user_id, user_user_password) values (default, ?, ?, ?, ?, ?)
Hibernate: select user0_.user_id as user_id1_21_0_, user0_.character_id as characte7_21_0_, user0_.user_created_at as user_cre2_21_0_, user0_.user_name as user_nam3_21_0_, user0_.user_phone_number as user_pho4_21_0_, user0_.user_user_id as user_use5_21_0_, user0_.user_user_password as user_use6_21_0_ from user user0_ where user0_.user_id=?
Hibernate: select character0_.character_id as characte1_6_0_, character0_.character_character_name as characte2_6_0_ from characters character0_ where character0_.character_id=?
Hibernate: select count(*) as col_0_0_ from user user0_ where user0_.user_id=?
Hibernate: select character1_.character_id as characte1_6_, character1_.character_character_name as characte2_6_ from user user0_ inner join characters character1_ on user0_.character_id=character1_.character_id where user0_.user_id=?
Hibernate: select permission0_.character_id as characte6_12_0_, permission0_.permission_id as permissi1_12_0_, permission0_.permission_id as permissi1_12_1_, permission0_.character_id as characte6_12_1_, permission0_.permission_name as permissi2_12_1_, permission0_.permission_permission_unit_id as permissi3_12_1_, permission0_.permission_service as permissi4_12_1_, permission0_.permission_status as permissi5_12_1_ from permission permission0_ where permission0_.character_id=?
Hibernate: select userjoinin0_.user_joining_pool_id as col_0_0_ from user_joining_pool userjoinin0_ where userjoinin0_.user_user_id=? limit ?
Hibernate: select userjoinin0_.user_joining_pool_id as user_joi1_22_, userjoinin0_.user_created_at as user_cre2_22_, userjoinin0_.user_name as user_nam3_22_, userjoinin0_.user_phone_number as user_pho4_22_, userjoinin0_.user_user_id as user_use5_22_, userjoinin0_.user_user_password as user_use6_22_ from user_joining_pool userjoinin0_ where userjoinin0_.user_user_id=?
Hibernate: select character0_.character_id as characte1_6_, character0_.character_character_name as characte2_6_ from characters character0_ where character0_.character_character_name=?
Hibernate: insert into user (user_id, character_id, user_created_at, user_name, user_phone_number, user_user_id, user_user_password) values (default, ?, ?, ?, ?, ?, ?)
Hibernate: DELETE FROM USER_JOINING_POOL as JU where JU.USER_USER_ID =?
Hibernate: select user0_.user_id as col_0_0_ from user user0_ where user0_.user_user_id=? limit ?
Hibernate: select user0_.user_id as col_0_0_ from user user0_ where user0_.user_user_id=? limit ?
Hibernate: select U.* from USER U where U.USER_USER_ID =?
Hibernate: select character0_.character_id as characte1_6_0_, character0_.character_character_name as characte2_6_0_ from characters character0_ where character0_.character_id=?
Hibernate: select user0_.user_id as col_0_0_ from user user0_ where user0_.user_user_id=? limit ?
Hibernate: select userjoinin0_.user_joining_pool_id as col_0_0_ from user_joining_pool userjoinin0_ where userjoinin0_.user_user_id=? limit ?
Hibernate: select character0_.character_id as col_0_0_ from characters character0_ where character0_.character_character_name=? limit ?
Hibernate: insert into user_joining_pool (user_joining_pool_id, user_created_at, user_name, user_phone_number, user_user_id, user_user_password) values (default, ?, ?, ?, ?, ?)
Hibernate: select user0_.user_id as user_id1_21_0_, user0_.character_id as characte7_21_0_, user0_.user_created_at as user_cre2_21_0_, user0_.user_name as user_nam3_21_0_, user0_.user_phone_number as user_pho4_21_0_, user0_.user_user_id as user_use5_21_0_, user0_.user_user_password as user_use6_21_0_ from user user0_ where user0_.user_id=?
Hibernate: select character0_.character_id as characte1_6_0_, character0_.character_character_name as characte2_6_0_ from characters character0_ where character0_.character_id=?
Hibernate: select count(*) as col_0_0_ from user user0_ where user0_.user_id=?
Hibernate: select character1_.character_id as characte1_6_, character1_.character_character_name as characte2_6_ from user user0_ inner join characters character1_ on user0_.character_id=character1_.character_id where user0_.user_id=?
Hibernate: select permission0_.character_id as characte6_12_0_, permission0_.permission_id as permissi1_12_0_, permission0_.permission_id as permissi1_12_1_, permission0_.character_id as characte6_12_1_, permission0_.permission_name as permissi2_12_1_, permission0_.permission_permission_unit_id as permissi3_12_1_, permission0_.permission_service as permissi4_12_1_, permission0_.permission_status as permissi5_12_1_ from permission permission0_ where permission0_.character_id=?
Hibernate: select userjoinin0_.user_joining_pool_id as col_0_0_ from user_joining_pool userjoinin0_ where userjoinin0_.user_user_id=? limit ?
Hibernate: select userjoinin0_.user_joining_pool_id as user_joi1_22_, userjoinin0_.user_created_at as user_cre2_22_, userjoinin0_.user_name as user_nam3_22_, userjoinin0_.user_phone_number as user_pho4_22_, userjoinin0_.user_user_id as user_use5_22_, userjoinin0_.user_user_password as user_use6_22_ from user_joining_pool userjoinin0_ where userjoinin0_.user_user_id=?
Hibernate: select character0_.character_id as characte1_6_, character0_.character_character_name as characte2_6_ from characters character0_ where character0_.character_character_name=?
Hibernate: insert into user (user_id, character_id, user_created_at, user_name, user_phone_number, user_user_id, user_user_password) values (default, ?, ?, ?, ?, ?, ?)
Hibernate: DELETE FROM USER_JOINING_POOL as JU where JU.USER_USER_ID =?
Hibernate: select user0_.user_id as col_0_0_ from user user0_ where user0_.user_user_id=? limit ?
Hibernate: select user0_.user_id as col_0_0_ from user user0_ where user0_.user_user_id=? limit ?
Hibernate: select U.* from USER U where U.USER_USER_ID =?
Hibernate: select character0_.character_id as characte1_6_0_, character0_.character_character_name as characte2_6_0_ from characters character0_ where character0_.character_id=?
Hibernate: select user0_.user_id as col_0_0_ from user user0_ where user0_.user_user_id=? limit ?
Hibernate: select userjoinin0_.user_joining_pool_id as col_0_0_ from user_joining_pool userjoinin0_ where userjoinin0_.user_user_id=? limit ?
Hibernate: select character0_.character_id as col_0_0_ from characters character0_ where character0_.character_character_name=? limit ?
Hibernate: insert into user_joining_pool (user_joining_pool_id, user_created_at, user_name, user_phone_number, user_user_id, user_user_password) values (default, ?, ?, ?, ?, ?)
Hibernate: select user0_.user_id as user_id1_21_0_, user0_.character_id as characte7_21_0_, user0_.user_created_at as user_cre2_21_0_, user0_.user_name as user_nam3_21_0_, user0_.user_phone_number as user_pho4_21_0_, user0_.user_user_id as user_use5_21_0_, user0_.user_user_password as user_use6_21_0_ from user user0_ where user0_.user_id=?
Hibernate: select character0_.character_id as characte1_6_0_, character0_.character_character_name as characte2_6_0_ from characters character0_ where character0_.character_id=?
Hibernate: select count(*) as col_0_0_ from user user0_ where user0_.user_id=?
Hibernate: select character1_.character_id as characte1_6_, character1_.character_character_name as characte2_6_ from user user0_ inner join characters character1_ on user0_.character_id=character1_.character_id where user0_.user_id=?
Hibernate: select permission0_.character_id as characte6_12_0_, permission0_.permission_id as permissi1_12_0_, permission0_.permission_id as permissi1_12_1_, permission0_.character_id as characte6_12_1_, permission0_.permission_name as permissi2_12_1_, permission0_.permission_permission_unit_id as permissi3_12_1_, permission0_.permission_service as permissi4_12_1_, permission0_.permission_status as permissi5_12_1_ from permission permission0_ where permission0_.character_id=?
Hibernate: select userjoinin0_.user_joining_pool_id as col_0_0_ from user_joining_pool userjoinin0_ where userjoinin0_.user_user_id=? limit ?
Hibernate: select userjoinin0_.user_joining_pool_id as user_joi1_22_, userjoinin0_.user_created_at as user_cre2_22_, userjoinin0_.user_name as user_nam3_22_, userjoinin0_.user_phone_number as user_pho4_22_, userjoinin0_.user_user_id as user_use5_22_, userjoinin0_.user_user_password as user_use6_22_ from user_joining_pool userjoinin0_ where userjoinin0_.user_user_id=?
Hibernate: select character0_.character_id as characte1_6_, character0_.character_character_name as characte2_6_ from characters character0_ where character0_.character_character_name=?
Hibernate: insert into user (user_id, character_id, user_created_at, user_name, user_phone_number, user_user_id, user_user_password) values (default, ?, ?, ?, ?, ?, ?)
Hibernate: DELETE FROM USER_JOINING_POOL as JU where JU.USER_USER_ID =?
Hibernate: select user0_.user_id as col_0_0_ from user user0_ where user0_.user_user_id=? limit ?
Hibernate: select user0_.user_id as col_0_0_ from user user0_ where user0_.user_user_id=? limit ?
Hibernate: select U.* from USER U where U.USER_USER_ID =?
Hibernate: select character0_.character_id as characte1_6_0_, character0_.character_character_name as characte2_6_0_ from characters character0_ where character0_.character_id=?
Hibernate: select user0_.user_id as col_0_0_ from user user0_ where user0_.user_user_id=? limit ?
Hibernate: select userjoinin0_.user_joining_pool_id as col_0_0_ from user_joining_pool userjoinin0_ where userjoinin0_.user_user_id=? limit ?
Hibernate: select character0_.character_id as col_0_0_ from characters character0_ where character0_.character_character_name=? limit ?
Hibernate: insert into user_joining_pool (user_joining_pool_id, user_created_at, user_name, user_phone_number, user_user_id, user_user_password) values (default, ?, ?, ?, ?, ?)
Hibernate: select user0_.user_id as user_id1_21_0_, user0_.character_id as characte7_21_0_, user0_.user_created_at as user_cre2_21_0_, user0_.user_name as user_nam3_21_0_, user0_.user_phone_number as user_pho4_21_0_, user0_.user_user_id as user_use5_21_0_, user0_.user_user_password as user_use6_21_0_ from user user0_ where user0_.user_id=?
Hibernate: select character0_.character_id as characte1_6_0_, character0_.character_character_name as characte2_6_0_ from characters character0_ where character0_.character_id=?
Hibernate: select count(*) as col_0_0_ from user user0_ where user0_.user_id=?
Hibernate: select character1_.character_id as characte1_6_, character1_.character_character_name as characte2_6_ from user user0_ inner join characters character1_ on user0_.character_id=character1_.character_id where user0_.user_id=?
Hibernate: select permission0_.character_id as characte6_12_0_, permission0_.permission_id as permissi1_12_0_, permission0_.permission_id as permissi1_12_1_, permission0_.character_id as characte6_12_1_, permission0_.permission_name as permissi2_12_1_, permission0_.permission_permission_unit_id as permissi3_12_1_, permission0_.permission_service as permissi4_12_1_, permission0_.permission_status as permissi5_12_1_ from permission permission0_ where permission0_.character_id=?
Hibernate: select userjoinin0_.user_joining_pool_id as col_0_0_ from user_joining_pool userjoinin0_ where userjoinin0_.user_user_id=? limit ?
Hibernate: select userjoinin0_.user_joining_pool_id as user_joi1_22_, userjoinin0_.user_created_at as user_cre2_22_, userjoinin0_.user_name as user_nam3_22_, userjoinin0_.user_phone_number as user_pho4_22_, userjoinin0_.user_user_id as user_use5_22_, userjoinin0_.user_user_password as user_use6_22_ from user_joining_pool userjoinin0_ where userjoinin0_.user_user_id=?
Hibernate: select character0_.character_id as characte1_6_, character0_.character_character_name as characte2_6_ from characters character0_ where character0_.character_character_name=?
Hibernate: insert into user (user_id, character_id, user_created_at, user_name, user_phone_number, user_user_id, user_user_password) values (default, ?, ?, ?, ?, ?, ?)
Hibernate: DELETE FROM USER_JOINING_POOL as JU where JU.USER_USER_ID =?
Hibernate: select user0_.user_id as user_id1_21_0_, user0_.character_id as characte7_21_0_, user0_.user_created_at as user_cre2_21_0_, user0_.user_name as user_nam3_21_0_, user0_.user_phone_number as user_pho4_21_0_, user0_.user_user_id as user_use5_21_0_, user0_.user_user_password as user_use6_21_0_ from user user0_ where user0_.user_id=?
Hibernate: select character0_.character_id as characte1_6_0_, character0_.character_character_name as characte2_6_0_ from characters character0_ where character0_.character_id=?
Hibernate: select count(*) as col_0_0_ from user user0_ where user0_.user_id=?
Hibernate: select character1_.character_id as characte1_6_, character1_.character_character_name as characte2_6_ from user user0_ inner join characters character1_ on user0_.character_id=character1_.character_id where user0_.user_id=?
Hibernate: select permission0_.character_id as characte6_12_0_, permission0_.permission_id as permissi1_12_0_, permission0_.permission_id as permissi1_12_1_, permission0_.character_id as characte6_12_1_, permission0_.permission_name as permissi2_12_1_, permission0_.permission_permission_unit_id as permissi3_12_1_, permission0_.permission_service as permissi4_12_1_, permission0_.permission_status as permissi5_12_1_ from permission permission0_ where permission0_.character_id=?
Hibernate: select user0_.user_id as col_0_0_ from user user0_ where user0_.user_user_id=? limit ?
Hibernate: select user0_.user_id as col_0_0_ from user user0_ where user0_.user_user_id=? limit ?
Hibernate: select user0_.user_id as col_0_0_ from user user0_ where user0_.user_user_id=? limit ?
Hibernate: select user0_.user_id as col_0_0_ from user user0_ where user0_.user_user_id=? limit ?
Hibernate: select user0_.user_id as col_0_0_ from user user0_ where user0_.user_user_id=? limit ?
Hibernate: select user0_.user_id as user_id1_21_, user0_.character_id as characte7_21_, user0_.user_created_at as user_cre2_21_, user0_.user_name as user_nam3_21_, user0_.user_phone_number as user_pho4_21_, user0_.user_user_id as user_use5_21_, user0_.user_user_password as user_use6_21_ from user user0_ inner join characters character1_ on user0_.character_id=character1_.character_id where user0_.user_user_id=?
Hibernate: select character0_.character_id as characte1_6_0_, character0_.character_character_name as characte2_6_0_ from characters character0_ where character0_.character_id=?
Hibernate: select user0_.user_id as user_id1_21_, user0_.character_id as characte7_21_, user0_.user_created_at as user_cre2_21_, user0_.user_name as user_nam3_21_, user0_.user_phone_number as user_pho4_21_, user0_.user_user_id as user_use5_21_, user0_.user_user_password as user_use6_21_ from user user0_ inner join characters character1_ on user0_.character_id=character1_.character_id where user0_.user_user_id=?
Hibernate: select user0_.user_id as user_id1_21_, user0_.character_id as characte7_21_, user0_.user_created_at as user_cre2_21_, user0_.user_name as user_nam3_21_, user0_.user_phone_number as user_pho4_21_, user0_.user_user_id as user_use5_21_, user0_.user_user_password as user_use6_21_ from user user0_ inner join characters character1_ on user0_.character_id=character1_.character_id where user0_.user_user_id=?
Hibernate: select user0_.user_id as user_id1_21_, user0_.character_id as characte7_21_, user0_.user_created_at as user_cre2_21_, user0_.user_name as user_nam3_21_, user0_.user_phone_number as user_pho4_21_, user0_.user_user_id as user_use5_21_, user0_.user_user_password as user_use6_21_ from user user0_ inner join characters character1_ on user0_.character_id=character1_.character_id where user0_.user_user_id=?
Hibernate: select user0_.user_id as user_id1_21_, user0_.character_id as characte7_21_, user0_.user_created_at as user_cre2_21_, user0_.user_name as user_nam3_21_, user0_.user_phone_number as user_pho4_21_, user0_.user_user_id as user_use5_21_, user0_.user_user_password as user_use6_21_ from user user0_ inner join characters character1_ on user0_.character_id=character1_.character_id where user0_.user_user_id=?
Hibernate: insert into team_building (team_building_team_building_id, team_building_created_at, team_building_last_modified_at, team_building_team_building_title) values (default, ?, ?, ?)
Hibernate: insert into team (team_team_id, team_last_modified_at, team_building_team_building_id, team_team_name) values (default, ?, ?, ?)
Hibernate: insert into team_user (team_user_id, team_team_id, user_id) values (default, ?, ?)
Hibernate: insert into team_user (team_user_id, team_team_id, user_id) values (default, ?, ?)
Hibernate: insert into team_user (team_user_id, team_team_id, user_id) values (default, ?, ?)
Hibernate: insert into team (team_team_id, team_last_modified_at, team_building_team_building_id, team_team_name) values (default, ?, ?, ?)
Hibernate: insert into team_user (team_user_id, team_team_id, user_id) values (default, ?, ?)
Hibernate: insert into team_user (team_user_id, team_team_id, user_id) values (default, ?, ?)
Hibernate: select user0_.user_id as user_id1_21_0_, user0_.character_id as characte7_21_0_, user0_.user_created_at as user_cre2_21_0_, user0_.user_name as user_nam3_21_0_, user0_.user_phone_number as user_pho4_21_0_, user0_.user_user_id as user_use5_21_0_, user0_.user_user_password as user_use6_21_0_ from user user0_ where user0_.user_id=?
Hibernate: select character0_.character_id as characte1_6_0_, character0_.character_character_name as characte2_6_0_ from characters character0_ where character0_.character_id=?
Hibernate: select count(*) as col_0_0_ from team_building teambuildi0_
Hibernate: select count(*) as col_0_0_ from team_building teambuildi0_
Hibernate: select teambuildi0_.team_building_team_building_id as team_bui1_19_, teambuildi0_.team_building_created_at as team_bui2_19_, teambuildi0_.team_building_last_modified_at as team_bui3_19_, teambuildi0_.team_building_team_building_title as team_bui4_19_ from team_building teambuildi0_ order by teambuildi0_.team_building_created_at desc, teambuildi0_.team_building_team_building_id desc limit ?
Hibernate: select teamlist0_.team_building_team_building_id as team_bui4_18_0_, teamlist0_.team_team_id as team_tea1_18_0_, teamlist0_.team_team_id as team_tea1_18_1_, teamlist0_.team_last_modified_at as team_las2_18_1_, teamlist0_.team_building_team_building_id as team_bui4_18_1_, teamlist0_.team_team_name as team_tea3_18_1_ from team teamlist0_ where teamlist0_.team_building_team_building_id=?
Hibernate: select teamuserli0_.team_team_id as team_tea2_20_0_, teamuserli0_.team_user_id as team_use1_20_0_, teamuserli0_.team_user_id as team_use1_20_1_, teamuserli0_.team_team_id as team_tea2_20_1_, teamuserli0_.user_id as user_id3_20_1_ from team_user teamuserli0_ where teamuserli0_.team_team_id=?
Hibernate: select user0_.user_id as user_id1_21_0_, user0_.character_id as characte7_21_0_, user0_.user_created_at as user_cre2_21_0_, user0_.user_name as user_nam3_21_0_, user0_.user_phone_number as user_pho4_21_0_, user0_.user_user_id as user_use5_21_0_, user0_.user_user_password as user_use6_21_0_ from user user0_ where user0_.user_id=?
Hibernate: select character0_.character_id as characte1_6_0_, character0_.character_character_name as characte2_6_0_ from characters character0_ where character0_.character_id=?
Hibernate: select user0_.user_id as user_id1_21_0_, user0_.character_id as characte7_21_0_, user0_.user_created_at as user_cre2_21_0_, user0_.user_name as user_nam3_21_0_, user0_.user_phone_number as user_pho4_21_0_, user0_.user_user_id as user_use5_21_0_, user0_.user_user_password as user_use6_21_0_ from user user0_ where user0_.user_id=?
Hibernate: select user0_.user_id as user_id1_21_0_, user0_.character_id as characte7_21_0_, user0_.user_created_at as user_cre2_21_0_, user0_.user_name as user_nam3_21_0_, user0_.user_phone_number as user_pho4_21_0_, user0_.user_user_id as user_use5_21_0_, user0_.user_user_password as user_use6_21_0_ from user user0_ where user0_.user_id=?
Hibernate: select teamuserli0_.team_team_id as team_tea2_20_0_, teamuserli0_.team_user_id as team_use1_20_0_, teamuserli0_.team_user_id as team_use1_20_1_, teamuserli0_.team_team_id as team_tea2_20_1_, teamuserli0_.user_id as user_id3_20_1_ from team_user teamuserli0_ where teamuserli0_.team_team_id=?
Hibernate: select user0_.user_id as user_id1_21_0_, user0_.character_id as characte7_21_0_, user0_.user_created_at as user_cre2_21_0_, user0_.user_name as user_nam3_21_0_, user0_.user_phone_number as user_pho4_21_0_, user0_.user_user_id as user_use5_21_0_, user0_.user_user_password as user_use6_21_0_ from user user0_ where user0_.user_id=?
Hibernate: select user0_.user_id as user_id1_21_0_, user0_.character_id as characte7_21_0_, user0_.user_created_at as user_cre2_21_0_, user0_.user_name as user_nam3_21_0_, user0_.user_phone_number as user_pho4_21_0_, user0_.user_user_id as user_use5_21_0_, user0_.user_user_password as user_use6_21_0_ from user user0_ where user0_.user_id=?

MockHttpServletRequest:
      HTTP Method = PUT
      Request URI = /teambuilding/57
       Parameters = {}
          Headers = [Content-Type:"application/json;charset=UTF-8", Accept:"application/json", api-version:"1.0", Authorization:"Bearer eyJhbGciOiJIUzI1NiJ9.eyJzdWIiOiIxIiwiaWF0IjoxNjg3ODc3NDY5LCJleHAiOjE2ODc4ODEwNjl9.5GpcrqH17WaCEi6670WViYdxZ8Db7S7TQOeUs9MSnKg", Content-Length:"29"]
             Body = {"team_name":"","members":[]}
    Session Attrs = {}

Handler:
             Type = org.waldreg.controller.teambuilding.TeamBuildingController
           Method = org.waldreg.controller.teambuilding.TeamBuildingController#updateTeamByTeamId(int, TeamRequest)

Async:
    Async started = false
     Async result = null

Resolved Exception:
             Type = org.springframework.web.bind.MethodArgumentNotValidException

ModelAndView:
        View name = null
             View = null
            Model = null

FlashMap:
       Attributes = null

MockHttpServletResponse:
           Status = 400
    Error message = null
          Headers = [Vary:"Origin", "Access-Control-Request-Method", "Access-Control-Request-Headers", Api-version:"1.0", Content-Type:"application/json"]
     Content type = application/json
             Body = {"code":"TEAMBUILDING-408","messages":"Team name cannot be blank","document_url":"docs.waldreg.org"}
    Forwarded URL = null
   Redirected URL = null
          Cookies = []
Hibernate: select user0_.user_id as col_0_0_ from user user0_ where user0_.user_user_id=? limit ?
Hibernate: select user0_.user_id as col_0_0_ from user user0_ where user0_.user_user_id=? limit ?
Hibernate: select U.* from USER U where U.USER_USER_ID =?
Hibernate: select character0_.character_id as characte1_6_0_, character0_.character_character_name as characte2_6_0_ from characters character0_ where character0_.character_id=?
Hibernate: select user0_.user_id as user_id1_21_0_, user0_.character_id as characte7_21_0_, user0_.user_created_at as user_cre2_21_0_, user0_.user_name as user_nam3_21_0_, user0_.user_phone_number as user_pho4_21_0_, user0_.user_user_id as user_use5_21_0_, user0_.user_user_password as user_use6_21_0_ from user user0_ where user0_.user_id=?
Hibernate: select character0_.character_id as characte1_6_0_, character0_.character_character_name as characte2_6_0_ from characters character0_ where character0_.character_id=?
Hibernate: select count(*) as col_0_0_ from team_building teambuildi0_
Hibernate: select count(*) as col_0_0_ from team_building teambuildi0_
Hibernate: select teambuildi0_.team_building_team_building_id as team_bui1_19_, teambuildi0_.team_building_created_at as team_bui2_19_, teambuildi0_.team_building_last_modified_at as team_bui3_19_, teambuildi0_.team_building_team_building_title as team_bui4_19_ from team_building teambuildi0_ order by teambuildi0_.team_building_created_at desc, teambuildi0_.team_building_team_building_id desc limit ?
Hibernate: select teamlist0_.team_building_team_building_id as team_bui4_18_0_, teamlist0_.team_team_id as team_tea1_18_0_, teamlist0_.team_team_id as team_tea1_18_1_, teamlist0_.team_last_modified_at as team_las2_18_1_, teamlist0_.team_building_team_building_id as team_bui4_18_1_, teamlist0_.team_team_name as team_tea3_18_1_ from team teamlist0_ where teamlist0_.team_building_team_building_id=?
Hibernate: select teamuserli0_.team_team_id as team_tea2_20_0_, teamuserli0_.team_user_id as team_use1_20_0_, teamuserli0_.team_user_id as team_use1_20_1_, teamuserli0_.team_team_id as team_tea2_20_1_, teamuserli0_.user_id as user_id3_20_1_ from team_user teamuserli0_ where teamuserli0_.team_team_id=?
Hibernate: select user0_.user_id as user_id1_21_0_, user0_.character_id as characte7_21_0_, user0_.user_created_at as user_cre2_21_0_, user0_.user_name as user_nam3_21_0_, user0_.user_phone_number as user_pho4_21_0_, user0_.user_user_id as user_use5_21_0_, user0_.user_user_password as user_use6_21_0_ from user user0_ where user0_.user_id=?
Hibernate: select character0_.character_id as characte1_6_0_, character0_.character_character_name as characte2_6_0_ from characters character0_ where character0_.character_id=?
Hibernate: select user0_.user_id as user_id1_21_0_, user0_.character_id as characte7_21_0_, user0_.user_created_at as user_cre2_21_0_, user0_.user_name as user_nam3_21_0_, user0_.user_phone_number as user_pho4_21_0_, user0_.user_user_id as user_use5_21_0_, user0_.user_user_password as user_use6_21_0_ from user user0_ where user0_.user_id=?
Hibernate: select user0_.user_id as user_id1_21_0_, user0_.character_id as characte7_21_0_, user0_.user_created_at as user_cre2_21_0_, user0_.user_name as user_nam3_21_0_, user0_.user_phone_number as user_pho4_21_0_, user0_.user_user_id as user_use5_21_0_, user0_.user_user_password as user_use6_21_0_ from user user0_ where user0_.user_id=?
Hibernate: select teamuserli0_.team_team_id as team_tea2_20_0_, teamuserli0_.team_user_id as team_use1_20_0_, teamuserli0_.team_user_id as team_use1_20_1_, teamuserli0_.team_team_id as team_tea2_20_1_, teamuserli0_.user_id as user_id3_20_1_ from team_user teamuserli0_ where teamuserli0_.team_team_id=?
Hibernate: select user0_.user_id as user_id1_21_0_, user0_.character_id as characte7_21_0_, user0_.user_created_at as user_cre2_21_0_, user0_.user_name as user_nam3_21_0_, user0_.user_phone_number as user_pho4_21_0_, user0_.user_user_id as user_use5_21_0_, user0_.user_user_password as user_use6_21_0_ from user user0_ where user0_.user_id=?
Hibernate: select user0_.user_id as user_id1_21_0_, user0_.character_id as characte7_21_0_, user0_.user_created_at as user_cre2_21_0_, user0_.user_name as user_nam3_21_0_, user0_.user_phone_number as user_pho4_21_0_, user0_.user_user_id as user_use5_21_0_, user0_.user_user_password as user_use6_21_0_ from user user0_ where user0_.user_id=?
Hibernate: select user0_.user_id as user_id1_21_0_, user0_.character_id as characte7_21_0_, user0_.user_created_at as user_cre2_21_0_, user0_.user_name as user_nam3_21_0_, user0_.user_phone_number as user_pho4_21_0_, user0_.user_user_id as user_use5_21_0_, user0_.user_user_password as user_use6_21_0_ from user user0_ where user0_.user_id=?
Hibernate: select character0_.character_id as characte1_6_0_, character0_.character_character_name as characte2_6_0_ from characters character0_ where character0_.character_id=?
Hibernate: select count(*) as col_0_0_ from user user0_ where user0_.user_id=?
Hibernate: select character1_.character_id as characte1_6_, character1_.character_character_name as characte2_6_ from user user0_ inner join characters character1_ on user0_.character_id=character1_.character_id where user0_.user_id=?
Hibernate: select permission0_.character_id as characte6_12_0_, permission0_.permission_id as permissi1_12_0_, permission0_.permission_id as permissi1_12_1_, permission0_.character_id as characte6_12_1_, permission0_.permission_name as permissi2_12_1_, permission0_.permission_permission_unit_id as permissi3_12_1_, permission0_.permission_service as permissi4_12_1_, permission0_.permission_status as permissi5_12_1_ from permission permission0_ where permission0_.character_id=?
Hibernate: select count(*) as col_0_0_ from team_building teambuildi0_ where teambuildi0_.team_building_team_building_id=?
Hibernate: select teambuildi0_.team_building_team_building_id as team_bui1_19_0_, teambuildi0_.team_building_created_at as team_bui2_19_0_, teambuildi0_.team_building_last_modified_at as team_bui3_19_0_, teambuildi0_.team_building_team_building_title as team_bui4_19_0_ from team_building teambuildi0_ where teambuildi0_.team_building_team_building_id=?
Hibernate: select teamlist0_.team_building_team_building_id as team_bui4_18_0_, teamlist0_.team_team_id as team_tea1_18_0_, teamlist0_.team_team_id as team_tea1_18_1_, teamlist0_.team_last_modified_at as team_las2_18_1_, teamlist0_.team_building_team_building_id as team_bui4_18_1_, teamlist0_.team_team_name as team_tea3_18_1_ from team teamlist0_ where teamlist0_.team_building_team_building_id=?
Hibernate: select teamuserli0_.team_team_id as team_tea2_20_0_, teamuserli0_.team_user_id as team_use1_20_0_, teamuserli0_.team_user_id as team_use1_20_1_, teamuserli0_.team_team_id as team_tea2_20_1_, teamuserli0_.user_id as user_id3_20_1_ from team_user teamuserli0_ where teamuserli0_.team_team_id=?
Hibernate: select user0_.user_id as user_id1_21_0_, user0_.character_id as characte7_21_0_, user0_.user_created_at as user_cre2_21_0_, user0_.user_name as user_nam3_21_0_, user0_.user_phone_number as user_pho4_21_0_, user0_.user_user_id as user_use5_21_0_, user0_.user_user_password as user_use6_21_0_ from user user0_ where user0_.user_id=?
Hibernate: select character0_.character_id as characte1_6_0_, character0_.character_character_name as characte2_6_0_ from characters character0_ where character0_.character_id=?
Hibernate: select user0_.user_id as user_id1_21_0_, user0_.character_id as characte7_21_0_, user0_.user_created_at as user_cre2_21_0_, user0_.user_name as user_nam3_21_0_, user0_.user_phone_number as user_pho4_21_0_, user0_.user_user_id as user_use5_21_0_, user0_.user_user_password as user_use6_21_0_ from user user0_ where user0_.user_id=?
Hibernate: select user0_.user_id as user_id1_21_0_, user0_.character_id as characte7_21_0_, user0_.user_created_at as user_cre2_21_0_, user0_.user_name as user_nam3_21_0_, user0_.user_phone_number as user_pho4_21_0_, user0_.user_user_id as user_use5_21_0_, user0_.user_user_password as user_use6_21_0_ from user user0_ where user0_.user_id=?
Hibernate: select teamuserli0_.team_team_id as team_tea2_20_0_, teamuserli0_.team_user_id as team_use1_20_0_, teamuserli0_.team_user_id as team_use1_20_1_, teamuserli0_.team_team_id as team_tea2_20_1_, teamuserli0_.user_id as user_id3_20_1_ from team_user teamuserli0_ where teamuserli0_.team_team_id=?
Hibernate: select user0_.user_id as user_id1_21_0_, user0_.character_id as characte7_21_0_, user0_.user_created_at as user_cre2_21_0_, user0_.user_name as user_nam3_21_0_, user0_.user_phone_number as user_pho4_21_0_, user0_.user_user_id as user_use5_21_0_, user0_.user_user_password as user_use6_21_0_ from user user0_ where user0_.user_id=?
Hibernate: select user0_.user_id as user_id1_21_0_, user0_.character_id as characte7_21_0_, user0_.user_created_at as user_cre2_21_0_, user0_.user_name as user_nam3_21_0_, user0_.user_phone_number as user_pho4_21_0_, user0_.user_user_id as user_use5_21_0_, user0_.user_user_password as user_use6_21_0_ from user user0_ where user0_.user_id=?
Hibernate: delete from team_user where team_user_id=?
Hibernate: delete from team_user where team_user_id=?
Hibernate: delete from team_user where team_user_id=?
Hibernate: delete from team where team_team_id=?
Hibernate: delete from team_user where team_user_id=?
Hibernate: delete from team_user where team_user_id=?
Hibernate: delete from team where team_team_id=?
Hibernate: delete from team_building where team_building_team_building_id=?
Hibernate: select user0_.user_id as user_id1_21_0_, user0_.character_id as characte7_21_0_, user0_.user_created_at as user_cre2_21_0_, user0_.user_name as user_nam3_21_0_, user0_.user_phone_number as user_pho4_21_0_, user0_.user_user_id as user_use5_21_0_, user0_.user_user_password as user_use6_21_0_ from user user0_ where user0_.user_id=?
Hibernate: select character0_.character_id as characte1_6_0_, character0_.character_character_name as characte2_6_0_ from characters character0_ where character0_.character_id=?
Hibernate: select count(*) as col_0_0_ from team_building teambuildi0_ where teambuildi0_.team_building_team_building_id=?
Hibernate: select user0_.user_id as col_0_0_ from user user0_ where user0_.user_user_id=? limit ?
Hibernate: select user0_.user_id as col_0_0_ from user user0_ where user0_.user_user_id=? limit ?
Hibernate: select U.* from USER U where U.USER_USER_ID =?
Hibernate: select character0_.character_id as characte1_6_0_, character0_.character_character_name as characte2_6_0_ from characters character0_ where character0_.character_id=?
Hibernate: select user0_.user_id as col_0_0_ from user user0_ where user0_.user_user_id=? limit ?
Hibernate: select user0_.user_id as user_id1_21_, user0_.character_id as characte7_21_, user0_.user_created_at as user_cre2_21_, user0_.user_name as user_nam3_21_, user0_.user_phone_number as user_pho4_21_, user0_.user_user_id as user_use5_21_, user0_.user_user_password as user_use6_21_ from user user0_ inner join characters character1_ on user0_.character_id=character1_.character_id where user0_.user_user_id=?
Hibernate: select character0_.character_id as characte1_6_0_, character0_.character_character_name as characte2_6_0_ from characters character0_ where character0_.character_id=?
Hibernate: select rewardtagw0_.user_id as user_id4_16_0_, rewardtagw0_.reward_tag_wrapper_reward_id as reward_t1_16_0_, rewardtagw0_.reward_tag_wrapper_reward_id as reward_t1_16_1_, rewardtagw0_.reward_tag_wrapper_reward_presented_at as reward_t2_16_1_, rewardtagw0_.reward_tag_reward_tag_id as reward_t3_16_1_, rewardtagw0_.user_id as user_id4_16_1_ from reward_tag_wrapper rewardtagw0_ where rewardtagw0_.user_id=?
Hibernate: select user0_.user_id as user_id1_21_0_, user0_.character_id as characte7_21_0_, user0_.user_created_at as user_cre2_21_0_, user0_.user_name as user_nam3_21_0_, user0_.user_phone_number as user_pho4_21_0_, user0_.user_user_id as user_use5_21_0_, user0_.user_user_password as user_use6_21_0_ from user user0_ where user0_.user_id=?
Hibernate: select character0_.character_id as characte1_6_0_, character0_.character_character_name as characte2_6_0_ from characters character0_ where character0_.character_id=?
Hibernate: select count(*) as col_0_0_ from user user0_ where user0_.user_id=?
Hibernate: select character1_.character_id as characte1_6_, character1_.character_character_name as characte2_6_ from user user0_ inner join characters character1_ on user0_.character_id=character1_.character_id where user0_.user_id=?
Hibernate: select permission0_.character_id as characte6_12_0_, permission0_.permission_id as permissi1_12_0_, permission0_.permission_id as permissi1_12_1_, permission0_.character_id as characte6_12_1_, permission0_.permission_name as permissi2_12_1_, permission0_.permission_permission_unit_id as permissi3_12_1_, permission0_.permission_service as permissi4_12_1_, permission0_.permission_status as permissi5_12_1_ from permission permission0_ where permission0_.character_id=?
Hibernate: select count(*) as col_0_0_ from user user0_ where user0_.user_id=?
Hibernate: select user0_.user_id as user_id1_21_, user0_.character_id as characte7_21_, user0_.user_created_at as user_cre2_21_, user0_.user_name as user_nam3_21_, user0_.user_phone_number as user_pho4_21_, user0_.user_user_id as user_use5_21_, user0_.user_user_password as user_use6_21_ from user user0_ where user0_.user_id=?
Hibernate: select character0_.character_id as characte1_6_0_, character0_.character_character_name as characte2_6_0_ from characters character0_ where character0_.character_id=?
Hibernate: select rewardtagw0_.user_id as user_id4_16_0_, rewardtagw0_.reward_tag_wrapper_reward_id as reward_t1_16_0_, rewardtagw0_.reward_tag_wrapper_reward_id as reward_t1_16_1_, rewardtagw0_.reward_tag_wrapper_reward_presented_at as reward_t2_16_1_, rewardtagw0_.reward_tag_reward_tag_id as reward_t3_16_1_, rewardtagw0_.user_id as user_id4_16_1_ from reward_tag_wrapper rewardtagw0_ where rewardtagw0_.user_id=?
Hibernate: select attendance0_.attendance_user_attendance_user_id as col_0_0_ from attendance_user attendance0_ where attendance0_.user_id=? limit ?
Hibernate: DELETE FROM USER WHERE USER_ID = ?
Hibernate: select user0_.user_id as col_0_0_ from user user0_ where user0_.user_user_id=? limit ?
Hibernate: select user0_.user_id as col_0_0_ from user user0_ where user0_.user_user_id=? limit ?
Hibernate: select user0_.user_id as user_id1_21_, user0_.character_id as characte7_21_, user0_.user_created_at as user_cre2_21_, user0_.user_name as user_nam3_21_, user0_.user_phone_number as user_pho4_21_, user0_.user_user_id as user_use5_21_, user0_.user_user_password as user_use6_21_ from user user0_ inner join characters character1_ on user0_.character_id=character1_.character_id where user0_.user_user_id=?
Hibernate: select character0_.character_id as characte1_6_0_, character0_.character_character_name as characte2_6_0_ from characters character0_ where character0_.character_id=?
Hibernate: select rewardtagw0_.user_id as user_id4_16_0_, rewardtagw0_.reward_tag_wrapper_reward_id as reward_t1_16_0_, rewardtagw0_.reward_tag_wrapper_reward_id as reward_t1_16_1_, rewardtagw0_.reward_tag_wrapper_reward_presented_at as reward_t2_16_1_, rewardtagw0_.reward_tag_reward_tag_id as reward_t3_16_1_, rewardtagw0_.user_id as user_id4_16_1_ from reward_tag_wrapper rewardtagw0_ where rewardtagw0_.user_id=?
Hibernate: select user0_.user_id as user_id1_21_0_, user0_.character_id as characte7_21_0_, user0_.user_created_at as user_cre2_21_0_, user0_.user_name as user_nam3_21_0_, user0_.user_phone_number as user_pho4_21_0_, user0_.user_user_id as user_use5_21_0_, user0_.user_user_password as user_use6_21_0_ from user user0_ where user0_.user_id=?
Hibernate: select character0_.character_id as characte1_6_0_, character0_.character_character_name as characte2_6_0_ from characters character0_ where character0_.character_id=?
Hibernate: select count(*) as col_0_0_ from user user0_ where user0_.user_id=?
Hibernate: select character1_.character_id as characte1_6_, character1_.character_character_name as characte2_6_ from user user0_ inner join characters character1_ on user0_.character_id=character1_.character_id where user0_.user_id=?
Hibernate: select permission0_.character_id as characte6_12_0_, permission0_.permission_id as permissi1_12_0_, permission0_.permission_id as permissi1_12_1_, permission0_.character_id as characte6_12_1_, permission0_.permission_name as permissi2_12_1_, permission0_.permission_permission_unit_id as permissi3_12_1_, permission0_.permission_service as permissi4_12_1_, permission0_.permission_status as permissi5_12_1_ from permission permission0_ where permission0_.character_id=?
Hibernate: select count(*) as col_0_0_ from user user0_ where user0_.user_id=?
Hibernate: select user0_.user_id as user_id1_21_, user0_.character_id as characte7_21_, user0_.user_created_at as user_cre2_21_, user0_.user_name as user_nam3_21_, user0_.user_phone_number as user_pho4_21_, user0_.user_user_id as user_use5_21_, user0_.user_user_password as user_use6_21_ from user user0_ where user0_.user_id=?
Hibernate: select character0_.character_id as characte1_6_0_, character0_.character_character_name as characte2_6_0_ from characters character0_ where character0_.character_id=?
Hibernate: select rewardtagw0_.user_id as user_id4_16_0_, rewardtagw0_.reward_tag_wrapper_reward_id as reward_t1_16_0_, rewardtagw0_.reward_tag_wrapper_reward_id as reward_t1_16_1_, rewardtagw0_.reward_tag_wrapper_reward_presented_at as reward_t2_16_1_, rewardtagw0_.reward_tag_reward_tag_id as reward_t3_16_1_, rewardtagw0_.user_id as user_id4_16_1_ from reward_tag_wrapper rewardtagw0_ where rewardtagw0_.user_id=?
Hibernate: select attendance0_.attendance_user_attendance_user_id as col_0_0_ from attendance_user attendance0_ where attendance0_.user_id=? limit ?
Hibernate: DELETE FROM USER WHERE USER_ID = ?
Hibernate: select user0_.user_id as col_0_0_ from user user0_ where user0_.user_user_id=? limit ?
Hibernate: select user0_.user_id as col_0_0_ from user user0_ where user0_.user_user_id=? limit ?
Hibernate: select user0_.user_id as user_id1_21_, user0_.character_id as characte7_21_, user0_.user_created_at as user_cre2_21_, user0_.user_name as user_nam3_21_, user0_.user_phone_number as user_pho4_21_, user0_.user_user_id as user_use5_21_, user0_.user_user_password as user_use6_21_ from user user0_ inner join characters character1_ on user0_.character_id=character1_.character_id where user0_.user_user_id=?
Hibernate: select character0_.character_id as characte1_6_0_, character0_.character_character_name as characte2_6_0_ from characters character0_ where character0_.character_id=?
Hibernate: select rewardtagw0_.user_id as user_id4_16_0_, rewardtagw0_.reward_tag_wrapper_reward_id as reward_t1_16_0_, rewardtagw0_.reward_tag_wrapper_reward_id as reward_t1_16_1_, rewardtagw0_.reward_tag_wrapper_reward_presented_at as reward_t2_16_1_, rewardtagw0_.reward_tag_reward_tag_id as reward_t3_16_1_, rewardtagw0_.user_id as user_id4_16_1_ from reward_tag_wrapper rewardtagw0_ where rewardtagw0_.user_id=?
Hibernate: select user0_.user_id as user_id1_21_0_, user0_.character_id as characte7_21_0_, user0_.user_created_at as user_cre2_21_0_, user0_.user_name as user_nam3_21_0_, user0_.user_phone_number as user_pho4_21_0_, user0_.user_user_id as user_use5_21_0_, user0_.user_user_password as user_use6_21_0_ from user user0_ where user0_.user_id=?
Hibernate: select character0_.character_id as characte1_6_0_, character0_.character_character_name as characte2_6_0_ from characters character0_ where character0_.character_id=?
Hibernate: select count(*) as col_0_0_ from user user0_ where user0_.user_id=?
Hibernate: select character1_.character_id as characte1_6_, character1_.character_character_name as characte2_6_ from user user0_ inner join characters character1_ on user0_.character_id=character1_.character_id where user0_.user_id=?
Hibernate: select permission0_.character_id as characte6_12_0_, permission0_.permission_id as permissi1_12_0_, permission0_.permission_id as permissi1_12_1_, permission0_.character_id as characte6_12_1_, permission0_.permission_name as permissi2_12_1_, permission0_.permission_permission_unit_id as permissi3_12_1_, permission0_.permission_service as permissi4_12_1_, permission0_.permission_status as permissi5_12_1_ from permission permission0_ where permission0_.character_id=?
Hibernate: select count(*) as col_0_0_ from user user0_ where user0_.user_id=?
Hibernate: select user0_.user_id as user_id1_21_, user0_.character_id as characte7_21_, user0_.user_created_at as user_cre2_21_, user0_.user_name as user_nam3_21_, user0_.user_phone_number as user_pho4_21_, user0_.user_user_id as user_use5_21_, user0_.user_user_password as user_use6_21_ from user user0_ where user0_.user_id=?
Hibernate: select character0_.character_id as characte1_6_0_, character0_.character_character_name as characte2_6_0_ from characters character0_ where character0_.character_id=?
Hibernate: select rewardtagw0_.user_id as user_id4_16_0_, rewardtagw0_.reward_tag_wrapper_reward_id as reward_t1_16_0_, rewardtagw0_.reward_tag_wrapper_reward_id as reward_t1_16_1_, rewardtagw0_.reward_tag_wrapper_reward_presented_at as reward_t2_16_1_, rewardtagw0_.reward_tag_reward_tag_id as reward_t3_16_1_, rewardtagw0_.user_id as user_id4_16_1_ from reward_tag_wrapper rewardtagw0_ where rewardtagw0_.user_id=?
Hibernate: select attendance0_.attendance_user_attendance_user_id as col_0_0_ from attendance_user attendance0_ where attendance0_.user_id=? limit ?
Hibernate: DELETE FROM USER WHERE USER_ID = ?
Hibernate: select user0_.user_id as col_0_0_ from user user0_ where user0_.user_user_id=? limit ?
Hibernate: select user0_.user_id as col_0_0_ from user user0_ where user0_.user_user_id=? limit ?
Hibernate: select user0_.user_id as user_id1_21_, user0_.character_id as characte7_21_, user0_.user_created_at as user_cre2_21_, user0_.user_name as user_nam3_21_, user0_.user_phone_number as user_pho4_21_, user0_.user_user_id as user_use5_21_, user0_.user_user_password as user_use6_21_ from user user0_ inner join characters character1_ on user0_.character_id=character1_.character_id where user0_.user_user_id=?
Hibernate: select character0_.character_id as characte1_6_0_, character0_.character_character_name as characte2_6_0_ from characters character0_ where character0_.character_id=?
Hibernate: select rewardtagw0_.user_id as user_id4_16_0_, rewardtagw0_.reward_tag_wrapper_reward_id as reward_t1_16_0_, rewardtagw0_.reward_tag_wrapper_reward_id as reward_t1_16_1_, rewardtagw0_.reward_tag_wrapper_reward_presented_at as reward_t2_16_1_, rewardtagw0_.reward_tag_reward_tag_id as reward_t3_16_1_, rewardtagw0_.user_id as user_id4_16_1_ from reward_tag_wrapper rewardtagw0_ where rewardtagw0_.user_id=?
Hibernate: select user0_.user_id as user_id1_21_0_, user0_.character_id as characte7_21_0_, user0_.user_created_at as user_cre2_21_0_, user0_.user_name as user_nam3_21_0_, user0_.user_phone_number as user_pho4_21_0_, user0_.user_user_id as user_use5_21_0_, user0_.user_user_password as user_use6_21_0_ from user user0_ where user0_.user_id=?
Hibernate: select character0_.character_id as characte1_6_0_, character0_.character_character_name as characte2_6_0_ from characters character0_ where character0_.character_id=?
Hibernate: select count(*) as col_0_0_ from user user0_ where user0_.user_id=?
Hibernate: select character1_.character_id as characte1_6_, character1_.character_character_name as characte2_6_ from user user0_ inner join characters character1_ on user0_.character_id=character1_.character_id where user0_.user_id=?
Hibernate: select permission0_.character_id as characte6_12_0_, permission0_.permission_id as permissi1_12_0_, permission0_.permission_id as permissi1_12_1_, permission0_.character_id as characte6_12_1_, permission0_.permission_name as permissi2_12_1_, permission0_.permission_permission_unit_id as permissi3_12_1_, permission0_.permission_service as permissi4_12_1_, permission0_.permission_status as permissi5_12_1_ from permission permission0_ where permission0_.character_id=?
Hibernate: select count(*) as col_0_0_ from user user0_ where user0_.user_id=?
Hibernate: select user0_.user_id as user_id1_21_, user0_.character_id as characte7_21_, user0_.user_created_at as user_cre2_21_, user0_.user_name as user_nam3_21_, user0_.user_phone_number as user_pho4_21_, user0_.user_user_id as user_use5_21_, user0_.user_user_password as user_use6_21_ from user user0_ where user0_.user_id=?
Hibernate: select character0_.character_id as characte1_6_0_, character0_.character_character_name as characte2_6_0_ from characters character0_ where character0_.character_id=?
Hibernate: select rewardtagw0_.user_id as user_id4_16_0_, rewardtagw0_.reward_tag_wrapper_reward_id as reward_t1_16_0_, rewardtagw0_.reward_tag_wrapper_reward_id as reward_t1_16_1_, rewardtagw0_.reward_tag_wrapper_reward_presented_at as reward_t2_16_1_, rewardtagw0_.reward_tag_reward_tag_id as reward_t3_16_1_, rewardtagw0_.user_id as user_id4_16_1_ from reward_tag_wrapper rewardtagw0_ where rewardtagw0_.user_id=?
Hibernate: select attendance0_.attendance_user_attendance_user_id as col_0_0_ from attendance_user attendance0_ where attendance0_.user_id=? limit ?
Hibernate: DELETE FROM USER WHERE USER_ID = ?
Hibernate: select user0_.user_id as col_0_0_ from user user0_ where user0_.user_user_id=? limit ?
Hibernate: select user0_.user_id as col_0_0_ from user user0_ where user0_.user_user_id=? limit ?
Hibernate: select user0_.user_id as user_id1_21_, user0_.character_id as characte7_21_, user0_.user_created_at as user_cre2_21_, user0_.user_name as user_nam3_21_, user0_.user_phone_number as user_pho4_21_, user0_.user_user_id as user_use5_21_, user0_.user_user_password as user_use6_21_ from user user0_ inner join characters character1_ on user0_.character_id=character1_.character_id where user0_.user_user_id=?
Hibernate: select character0_.character_id as characte1_6_0_, character0_.character_character_name as characte2_6_0_ from characters character0_ where character0_.character_id=?
Hibernate: select rewardtagw0_.user_id as user_id4_16_0_, rewardtagw0_.reward_tag_wrapper_reward_id as reward_t1_16_0_, rewardtagw0_.reward_tag_wrapper_reward_id as reward_t1_16_1_, rewardtagw0_.reward_tag_wrapper_reward_presented_at as reward_t2_16_1_, rewardtagw0_.reward_tag_reward_tag_id as reward_t3_16_1_, rewardtagw0_.user_id as user_id4_16_1_ from reward_tag_wrapper rewardtagw0_ where rewardtagw0_.user_id=?
Hibernate: select user0_.user_id as user_id1_21_0_, user0_.character_id as characte7_21_0_, user0_.user_created_at as user_cre2_21_0_, user0_.user_name as user_nam3_21_0_, user0_.user_phone_number as user_pho4_21_0_, user0_.user_user_id as user_use5_21_0_, user0_.user_user_password as user_use6_21_0_ from user user0_ where user0_.user_id=?
Hibernate: select character0_.character_id as characte1_6_0_, character0_.character_character_name as characte2_6_0_ from characters character0_ where character0_.character_id=?
Hibernate: select count(*) as col_0_0_ from user user0_ where user0_.user_id=?
Hibernate: select character1_.character_id as characte1_6_, character1_.character_character_name as characte2_6_ from user user0_ inner join characters character1_ on user0_.character_id=character1_.character_id where user0_.user_id=?
Hibernate: select permission0_.character_id as characte6_12_0_, permission0_.permission_id as permissi1_12_0_, permission0_.permission_id as permissi1_12_1_, permission0_.character_id as characte6_12_1_, permission0_.permission_name as permissi2_12_1_, permission0_.permission_permission_unit_id as permissi3_12_1_, permission0_.permission_service as permissi4_12_1_, permission0_.permission_status as permissi5_12_1_ from permission permission0_ where permission0_.character_id=?
Hibernate: select count(*) as col_0_0_ from user user0_ where user0_.user_id=?
Hibernate: select user0_.user_id as user_id1_21_, user0_.character_id as characte7_21_, user0_.user_created_at as user_cre2_21_, user0_.user_name as user_nam3_21_, user0_.user_phone_number as user_pho4_21_, user0_.user_user_id as user_use5_21_, user0_.user_user_password as user_use6_21_ from user user0_ where user0_.user_id=?
Hibernate: select character0_.character_id as characte1_6_0_, character0_.character_character_name as characte2_6_0_ from characters character0_ where character0_.character_id=?
Hibernate: select rewardtagw0_.user_id as user_id4_16_0_, rewardtagw0_.reward_tag_wrapper_reward_id as reward_t1_16_0_, rewardtagw0_.reward_tag_wrapper_reward_id as reward_t1_16_1_, rewardtagw0_.reward_tag_wrapper_reward_presented_at as reward_t2_16_1_, rewardtagw0_.reward_tag_reward_tag_id as reward_t3_16_1_, rewardtagw0_.user_id as user_id4_16_1_ from reward_tag_wrapper rewardtagw0_ where rewardtagw0_.user_id=?
Hibernate: select attendance0_.attendance_user_attendance_user_id as col_0_0_ from attendance_user attendance0_ where attendance0_.user_id=? limit ?
Hibernate: DELETE FROM USER WHERE USER_ID = ?
Hibernate: select user0_.user_id as col_0_0_ from user user0_ where user0_.user_user_id=? limit ?
Hibernate: select user0_.user_id as col_0_0_ from user user0_ where user0_.user_user_id=? limit ?
Hibernate: select user0_.user_id as col_0_0_ from user user0_ where user0_.user_user_id=? limit ?
Hibernate: select U.* from USER U where U.USER_USER_ID =?
Hibernate: select character0_.character_id as characte1_6_0_, character0_.character_character_name as characte2_6_0_ from characters character0_ where character0_.character_id=?
Hibernate: select user0_.user_id as user_id1_21_0_, user0_.character_id as characte7_21_0_, user0_.user_created_at as user_cre2_21_0_, user0_.user_name as user_nam3_21_0_, user0_.user_phone_number as user_pho4_21_0_, user0_.user_user_id as user_use5_21_0_, user0_.user_user_password as user_use6_21_0_ from user user0_ where user0_.user_id=?
Hibernate: select character0_.character_id as characte1_6_0_, character0_.character_character_name as characte2_6_0_ from characters character0_ where character0_.character_id=?
Hibernate: select count(*) as col_0_0_ from team_building teambuildi0_
Hibernate: select count(*) as col_0_0_ from team_building teambuildi0_
Hibernate: select user0_.user_id as col_0_0_ from user user0_ where user0_.user_user_id=? limit ?
Hibernate: select user0_.user_id as col_0_0_ from user user0_ where user0_.user_user_id=? limit ?
Hibernate: select U.* from USER U where U.USER_USER_ID =?
Hibernate: select character0_.character_id as characte1_6_0_, character0_.character_character_name as characte2_6_0_ from characters character0_ where character0_.character_id=?
Hibernate: select user0_.user_id as col_0_0_ from user user0_ where user0_.user_user_id=? limit ?
Hibernate: select user0_.user_id as col_0_0_ from user user0_ where user0_.user_user_id=? limit ?
Hibernate: select U.* from USER U where U.USER_USER_ID =?
Hibernate: select character0_.character_id as characte1_6_0_, character0_.character_character_name as characte2_6_0_ from characters character0_ where character0_.character_id=?
Hibernate: select user0_.user_id as col_0_0_ from user user0_ where user0_.user_user_id=? limit ?
Hibernate: select user0_.user_id as col_0_0_ from user user0_ where user0_.user_user_id=? limit ?
Hibernate: select U.* from USER U where U.USER_USER_ID =?
Hibernate: select character0_.character_id as characte1_6_0_, character0_.character_character_name as characte2_6_0_ from characters character0_ where character0_.character_id=?
Hibernate: select user0_.user_id as col_0_0_ from user user0_ where user0_.user_user_id=? limit ?
Hibernate: select userjoinin0_.user_joining_pool_id as col_0_0_ from user_joining_pool userjoinin0_ where userjoinin0_.user_user_id=? limit ?
Hibernate: select character0_.character_id as col_0_0_ from characters character0_ where character0_.character_character_name=? limit ?
Hibernate: insert into user_joining_pool (user_joining_pool_id, user_created_at, user_name, user_phone_number, user_user_id, user_user_password) values (default, ?, ?, ?, ?, ?)
Hibernate: select user0_.user_id as user_id1_21_0_, user0_.character_id as characte7_21_0_, user0_.user_created_at as user_cre2_21_0_, user0_.user_name as user_nam3_21_0_, user0_.user_phone_number as user_pho4_21_0_, user0_.user_user_id as user_use5_21_0_, user0_.user_user_password as user_use6_21_0_ from user user0_ where user0_.user_id=?
Hibernate: select character0_.character_id as characte1_6_0_, character0_.character_character_name as characte2_6_0_ from characters character0_ where character0_.character_id=?
Hibernate: select count(*) as col_0_0_ from user user0_ where user0_.user_id=?
Hibernate: select character1_.character_id as characte1_6_, character1_.character_character_name as characte2_6_ from user user0_ inner join characters character1_ on user0_.character_id=character1_.character_id where user0_.user_id=?
Hibernate: select permission0_.character_id as characte6_12_0_, permission0_.permission_id as permissi1_12_0_, permission0_.permission_id as permissi1_12_1_, permission0_.character_id as characte6_12_1_, permission0_.permission_name as permissi2_12_1_, permission0_.permission_permission_unit_id as permissi3_12_1_, permission0_.permission_service as permissi4_12_1_, permission0_.permission_status as permissi5_12_1_ from permission permission0_ where permission0_.character_id=?
Hibernate: select userjoinin0_.user_joining_pool_id as col_0_0_ from user_joining_pool userjoinin0_ where userjoinin0_.user_user_id=? limit ?
Hibernate: select userjoinin0_.user_joining_pool_id as user_joi1_22_, userjoinin0_.user_created_at as user_cre2_22_, userjoinin0_.user_name as user_nam3_22_, userjoinin0_.user_phone_number as user_pho4_22_, userjoinin0_.user_user_id as user_use5_22_, userjoinin0_.user_user_password as user_use6_22_ from user_joining_pool userjoinin0_ where userjoinin0_.user_user_id=?
Hibernate: select character0_.character_id as characte1_6_, character0_.character_character_name as characte2_6_ from characters character0_ where character0_.character_character_name=?
Hibernate: insert into user (user_id, character_id, user_created_at, user_name, user_phone_number, user_user_id, user_user_password) values (default, ?, ?, ?, ?, ?, ?)
Hibernate: DELETE FROM USER_JOINING_POOL as JU where JU.USER_USER_ID =?
Hibernate: select user0_.user_id as col_0_0_ from user user0_ where user0_.user_user_id=? limit ?
Hibernate: select user0_.user_id as col_0_0_ from user user0_ where user0_.user_user_id=? limit ?
Hibernate: select U.* from USER U where U.USER_USER_ID =?
Hibernate: select character0_.character_id as characte1_6_0_, character0_.character_character_name as characte2_6_0_ from characters character0_ where character0_.character_id=?
Hibernate: select user0_.user_id as col_0_0_ from user user0_ where user0_.user_user_id=? limit ?
Hibernate: select userjoinin0_.user_joining_pool_id as col_0_0_ from user_joining_pool userjoinin0_ where userjoinin0_.user_user_id=? limit ?
Hibernate: select character0_.character_id as col_0_0_ from characters character0_ where character0_.character_character_name=? limit ?
Hibernate: insert into user_joining_pool (user_joining_pool_id, user_created_at, user_name, user_phone_number, user_user_id, user_user_password) values (default, ?, ?, ?, ?, ?)
Hibernate: select user0_.user_id as user_id1_21_0_, user0_.character_id as characte7_21_0_, user0_.user_created_at as user_cre2_21_0_, user0_.user_name as user_nam3_21_0_, user0_.user_phone_number as user_pho4_21_0_, user0_.user_user_id as user_use5_21_0_, user0_.user_user_password as user_use6_21_0_ from user user0_ where user0_.user_id=?
Hibernate: select character0_.character_id as characte1_6_0_, character0_.character_character_name as characte2_6_0_ from characters character0_ where character0_.character_id=?
Hibernate: select count(*) as col_0_0_ from user user0_ where user0_.user_id=?
Hibernate: select character1_.character_id as characte1_6_, character1_.character_character_name as characte2_6_ from user user0_ inner join characters character1_ on user0_.character_id=character1_.character_id where user0_.user_id=?
Hibernate: select permission0_.character_id as characte6_12_0_, permission0_.permission_id as permissi1_12_0_, permission0_.permission_id as permissi1_12_1_, permission0_.character_id as characte6_12_1_, permission0_.permission_name as permissi2_12_1_, permission0_.permission_permission_unit_id as permissi3_12_1_, permission0_.permission_service as permissi4_12_1_, permission0_.permission_status as permissi5_12_1_ from permission permission0_ where permission0_.character_id=?
Hibernate: select userjoinin0_.user_joining_pool_id as col_0_0_ from user_joining_pool userjoinin0_ where userjoinin0_.user_user_id=? limit ?
Hibernate: select userjoinin0_.user_joining_pool_id as user_joi1_22_, userjoinin0_.user_created_at as user_cre2_22_, userjoinin0_.user_name as user_nam3_22_, userjoinin0_.user_phone_number as user_pho4_22_, userjoinin0_.user_user_id as user_use5_22_, userjoinin0_.user_user_password as user_use6_22_ from user_joining_pool userjoinin0_ where userjoinin0_.user_user_id=?
Hibernate: select character0_.character_id as characte1_6_, character0_.character_character_name as characte2_6_ from characters character0_ where character0_.character_character_name=?
Hibernate: insert into user (user_id, character_id, user_created_at, user_name, user_phone_number, user_user_id, user_user_password) values (default, ?, ?, ?, ?, ?, ?)
Hibernate: DELETE FROM USER_JOINING_POOL as JU where JU.USER_USER_ID =?
Hibernate: select user0_.user_id as col_0_0_ from user user0_ where user0_.user_user_id=? limit ?
Hibernate: select user0_.user_id as col_0_0_ from user user0_ where user0_.user_user_id=? limit ?
Hibernate: select U.* from USER U where U.USER_USER_ID =?
Hibernate: select character0_.character_id as characte1_6_0_, character0_.character_character_name as characte2_6_0_ from characters character0_ where character0_.character_id=?
Hibernate: select user0_.user_id as col_0_0_ from user user0_ where user0_.user_user_id=? limit ?
Hibernate: select userjoinin0_.user_joining_pool_id as col_0_0_ from user_joining_pool userjoinin0_ where userjoinin0_.user_user_id=? limit ?
Hibernate: select character0_.character_id as col_0_0_ from characters character0_ where character0_.character_character_name=? limit ?
Hibernate: insert into user_joining_pool (user_joining_pool_id, user_created_at, user_name, user_phone_number, user_user_id, user_user_password) values (default, ?, ?, ?, ?, ?)
Hibernate: select user0_.user_id as user_id1_21_0_, user0_.character_id as characte7_21_0_, user0_.user_created_at as user_cre2_21_0_, user0_.user_name as user_nam3_21_0_, user0_.user_phone_number as user_pho4_21_0_, user0_.user_user_id as user_use5_21_0_, user0_.user_user_password as user_use6_21_0_ from user user0_ where user0_.user_id=?
Hibernate: select character0_.character_id as characte1_6_0_, character0_.character_character_name as characte2_6_0_ from characters character0_ where character0_.character_id=?
Hibernate: select count(*) as col_0_0_ from user user0_ where user0_.user_id=?
Hibernate: select character1_.character_id as characte1_6_, character1_.character_character_name as characte2_6_ from user user0_ inner join characters character1_ on user0_.character_id=character1_.character_id where user0_.user_id=?
Hibernate: select permission0_.character_id as characte6_12_0_, permission0_.permission_id as permissi1_12_0_, permission0_.permission_id as permissi1_12_1_, permission0_.character_id as characte6_12_1_, permission0_.permission_name as permissi2_12_1_, permission0_.permission_permission_unit_id as permissi3_12_1_, permission0_.permission_service as permissi4_12_1_, permission0_.permission_status as permissi5_12_1_ from permission permission0_ where permission0_.character_id=?
Hibernate: select userjoinin0_.user_joining_pool_id as col_0_0_ from user_joining_pool userjoinin0_ where userjoinin0_.user_user_id=? limit ?
Hibernate: select userjoinin0_.user_joining_pool_id as user_joi1_22_, userjoinin0_.user_created_at as user_cre2_22_, userjoinin0_.user_name as user_nam3_22_, userjoinin0_.user_phone_number as user_pho4_22_, userjoinin0_.user_user_id as user_use5_22_, userjoinin0_.user_user_password as user_use6_22_ from user_joining_pool userjoinin0_ where userjoinin0_.user_user_id=?
Hibernate: select character0_.character_id as characte1_6_, character0_.character_character_name as characte2_6_ from characters character0_ where character0_.character_character_name=?
Hibernate: insert into user (user_id, character_id, user_created_at, user_name, user_phone_number, user_user_id, user_user_password) values (default, ?, ?, ?, ?, ?, ?)
Hibernate: DELETE FROM USER_JOINING_POOL as JU where JU.USER_USER_ID =?
Hibernate: select user0_.user_id as col_0_0_ from user user0_ where user0_.user_user_id=? limit ?
Hibernate: select user0_.user_id as col_0_0_ from user user0_ where user0_.user_user_id=? limit ?
Hibernate: select U.* from USER U where U.USER_USER_ID =?
Hibernate: select character0_.character_id as characte1_6_0_, character0_.character_character_name as characte2_6_0_ from characters character0_ where character0_.character_id=?
Hibernate: select user0_.user_id as col_0_0_ from user user0_ where user0_.user_user_id=? limit ?
Hibernate: select userjoinin0_.user_joining_pool_id as col_0_0_ from user_joining_pool userjoinin0_ where userjoinin0_.user_user_id=? limit ?
Hibernate: select character0_.character_id as col_0_0_ from characters character0_ where character0_.character_character_name=? limit ?
Hibernate: insert into user_joining_pool (user_joining_pool_id, user_created_at, user_name, user_phone_number, user_user_id, user_user_password) values (default, ?, ?, ?, ?, ?)
Hibernate: select user0_.user_id as user_id1_21_0_, user0_.character_id as characte7_21_0_, user0_.user_created_at as user_cre2_21_0_, user0_.user_name as user_nam3_21_0_, user0_.user_phone_number as user_pho4_21_0_, user0_.user_user_id as user_use5_21_0_, user0_.user_user_password as user_use6_21_0_ from user user0_ where user0_.user_id=?
Hibernate: select character0_.character_id as characte1_6_0_, character0_.character_character_name as characte2_6_0_ from characters character0_ where character0_.character_id=?
Hibernate: select count(*) as col_0_0_ from user user0_ where user0_.user_id=?
Hibernate: select character1_.character_id as characte1_6_, character1_.character_character_name as characte2_6_ from user user0_ inner join characters character1_ on user0_.character_id=character1_.character_id where user0_.user_id=?
Hibernate: select permission0_.character_id as characte6_12_0_, permission0_.permission_id as permissi1_12_0_, permission0_.permission_id as permissi1_12_1_, permission0_.character_id as characte6_12_1_, permission0_.permission_name as permissi2_12_1_, permission0_.permission_permission_unit_id as permissi3_12_1_, permission0_.permission_service as permissi4_12_1_, permission0_.permission_status as permissi5_12_1_ from permission permission0_ where permission0_.character_id=?
Hibernate: select userjoinin0_.user_joining_pool_id as col_0_0_ from user_joining_pool userjoinin0_ where userjoinin0_.user_user_id=? limit ?
Hibernate: select userjoinin0_.user_joining_pool_id as user_joi1_22_, userjoinin0_.user_created_at as user_cre2_22_, userjoinin0_.user_name as user_nam3_22_, userjoinin0_.user_phone_number as user_pho4_22_, userjoinin0_.user_user_id as user_use5_22_, userjoinin0_.user_user_password as user_use6_22_ from user_joining_pool userjoinin0_ where userjoinin0_.user_user_id=?
Hibernate: select character0_.character_id as characte1_6_, character0_.character_character_name as characte2_6_ from characters character0_ where character0_.character_character_name=?
Hibernate: insert into user (user_id, character_id, user_created_at, user_name, user_phone_number, user_user_id, user_user_password) values (default, ?, ?, ?, ?, ?, ?)
Hibernate: DELETE FROM USER_JOINING_POOL as JU where JU.USER_USER_ID =?
Hibernate: select user0_.user_id as col_0_0_ from user user0_ where user0_.user_user_id=? limit ?
Hibernate: select user0_.user_id as col_0_0_ from user user0_ where user0_.user_user_id=? limit ?
Hibernate: select U.* from USER U where U.USER_USER_ID =?
Hibernate: select character0_.character_id as characte1_6_0_, character0_.character_character_name as characte2_6_0_ from characters character0_ where character0_.character_id=?
Hibernate: select user0_.user_id as col_0_0_ from user user0_ where user0_.user_user_id=? limit ?
Hibernate: select userjoinin0_.user_joining_pool_id as col_0_0_ from user_joining_pool userjoinin0_ where userjoinin0_.user_user_id=? limit ?
Hibernate: select character0_.character_id as col_0_0_ from characters character0_ where character0_.character_character_name=? limit ?
Hibernate: insert into user_joining_pool (user_joining_pool_id, user_created_at, user_name, user_phone_number, user_user_id, user_user_password) values (default, ?, ?, ?, ?, ?)
Hibernate: select user0_.user_id as user_id1_21_0_, user0_.character_id as characte7_21_0_, user0_.user_created_at as user_cre2_21_0_, user0_.user_name as user_nam3_21_0_, user0_.user_phone_number as user_pho4_21_0_, user0_.user_user_id as user_use5_21_0_, user0_.user_user_password as user_use6_21_0_ from user user0_ where user0_.user_id=?
Hibernate: select character0_.character_id as characte1_6_0_, character0_.character_character_name as characte2_6_0_ from characters character0_ where character0_.character_id=?
Hibernate: select count(*) as col_0_0_ from user user0_ where user0_.user_id=?
Hibernate: select character1_.character_id as characte1_6_, character1_.character_character_name as characte2_6_ from user user0_ inner join characters character1_ on user0_.character_id=character1_.character_id where user0_.user_id=?
Hibernate: select permission0_.character_id as characte6_12_0_, permission0_.permission_id as permissi1_12_0_, permission0_.permission_id as permissi1_12_1_, permission0_.character_id as characte6_12_1_, permission0_.permission_name as permissi2_12_1_, permission0_.permission_permission_unit_id as permissi3_12_1_, permission0_.permission_service as permissi4_12_1_, permission0_.permission_status as permissi5_12_1_ from permission permission0_ where permission0_.character_id=?
Hibernate: select userjoinin0_.user_joining_pool_id as col_0_0_ from user_joining_pool userjoinin0_ where userjoinin0_.user_user_id=? limit ?
Hibernate: select userjoinin0_.user_joining_pool_id as user_joi1_22_, userjoinin0_.user_created_at as user_cre2_22_, userjoinin0_.user_name as user_nam3_22_, userjoinin0_.user_phone_number as user_pho4_22_, userjoinin0_.user_user_id as user_use5_22_, userjoinin0_.user_user_password as user_use6_22_ from user_joining_pool userjoinin0_ where userjoinin0_.user_user_id=?
Hibernate: select character0_.character_id as characte1_6_, character0_.character_character_name as characte2_6_ from characters character0_ where character0_.character_character_name=?
Hibernate: insert into user (user_id, character_id, user_created_at, user_name, user_phone_number, user_user_id, user_user_password) values (default, ?, ?, ?, ?, ?, ?)
Hibernate: DELETE FROM USER_JOINING_POOL as JU where JU.USER_USER_ID =?
Hibernate: select user0_.user_id as user_id1_21_0_, user0_.character_id as characte7_21_0_, user0_.user_created_at as user_cre2_21_0_, user0_.user_name as user_nam3_21_0_, user0_.user_phone_number as user_pho4_21_0_, user0_.user_user_id as user_use5_21_0_, user0_.user_user_password as user_use6_21_0_ from user user0_ where user0_.user_id=?
Hibernate: select character0_.character_id as characte1_6_0_, character0_.character_character_name as characte2_6_0_ from characters character0_ where character0_.character_id=?
Hibernate: select count(*) as col_0_0_ from user user0_ where user0_.user_id=?
Hibernate: select character1_.character_id as characte1_6_, character1_.character_character_name as characte2_6_ from user user0_ inner join characters character1_ on user0_.character_id=character1_.character_id where user0_.user_id=?
Hibernate: select permission0_.character_id as characte6_12_0_, permission0_.permission_id as permissi1_12_0_, permission0_.permission_id as permissi1_12_1_, permission0_.character_id as characte6_12_1_, permission0_.permission_name as permissi2_12_1_, permission0_.permission_permission_unit_id as permissi3_12_1_, permission0_.permission_service as permissi4_12_1_, permission0_.permission_status as permissi5_12_1_ from permission permission0_ where permission0_.character_id=?
Hibernate: select user0_.user_id as col_0_0_ from user user0_ where user0_.user_user_id=? limit ?
Hibernate: select user0_.user_id as col_0_0_ from user user0_ where user0_.user_user_id=? limit ?
Hibernate: select user0_.user_id as col_0_0_ from user user0_ where user0_.user_user_id=? limit ?
Hibernate: select user0_.user_id as col_0_0_ from user user0_ where user0_.user_user_id=? limit ?
Hibernate: select user0_.user_id as col_0_0_ from user user0_ where user0_.user_user_id=? limit ?
Hibernate: select user0_.user_id as user_id1_21_, user0_.character_id as characte7_21_, user0_.user_created_at as user_cre2_21_, user0_.user_name as user_nam3_21_, user0_.user_phone_number as user_pho4_21_, user0_.user_user_id as user_use5_21_, user0_.user_user_password as user_use6_21_ from user user0_ inner join characters character1_ on user0_.character_id=character1_.character_id where user0_.user_user_id=?
Hibernate: select character0_.character_id as characte1_6_0_, character0_.character_character_name as characte2_6_0_ from characters character0_ where character0_.character_id=?
Hibernate: select user0_.user_id as user_id1_21_, user0_.character_id as characte7_21_, user0_.user_created_at as user_cre2_21_, user0_.user_name as user_nam3_21_, user0_.user_phone_number as user_pho4_21_, user0_.user_user_id as user_use5_21_, user0_.user_user_password as user_use6_21_ from user user0_ inner join characters character1_ on user0_.character_id=character1_.character_id where user0_.user_user_id=?
Hibernate: select user0_.user_id as user_id1_21_, user0_.character_id as characte7_21_, user0_.user_created_at as user_cre2_21_, user0_.user_name as user_nam3_21_, user0_.user_phone_number as user_pho4_21_, user0_.user_user_id as user_use5_21_, user0_.user_user_password as user_use6_21_ from user user0_ inner join characters character1_ on user0_.character_id=character1_.character_id where user0_.user_user_id=?
Hibernate: select user0_.user_id as user_id1_21_, user0_.character_id as characte7_21_, user0_.user_created_at as user_cre2_21_, user0_.user_name as user_nam3_21_, user0_.user_phone_number as user_pho4_21_, user0_.user_user_id as user_use5_21_, user0_.user_user_password as user_use6_21_ from user user0_ inner join characters character1_ on user0_.character_id=character1_.character_id where user0_.user_user_id=?
Hibernate: select user0_.user_id as user_id1_21_, user0_.character_id as characte7_21_, user0_.user_created_at as user_cre2_21_, user0_.user_name as user_nam3_21_, user0_.user_phone_number as user_pho4_21_, user0_.user_user_id as user_use5_21_, user0_.user_user_password as user_use6_21_ from user user0_ inner join characters character1_ on user0_.character_id=character1_.character_id where user0_.user_user_id=?
Hibernate: insert into team_building (team_building_team_building_id, team_building_created_at, team_building_last_modified_at, team_building_team_building_title) values (default, ?, ?, ?)
Hibernate: insert into team (team_team_id, team_last_modified_at, team_building_team_building_id, team_team_name) values (default, ?, ?, ?)
Hibernate: insert into team_user (team_user_id, team_team_id, user_id) values (default, ?, ?)
Hibernate: insert into team_user (team_user_id, team_team_id, user_id) values (default, ?, ?)
Hibernate: insert into team_user (team_user_id, team_team_id, user_id) values (default, ?, ?)
Hibernate: insert into team (team_team_id, team_last_modified_at, team_building_team_building_id, team_team_name) values (default, ?, ?, ?)
Hibernate: insert into team_user (team_user_id, team_team_id, user_id) values (default, ?, ?)
Hibernate: insert into team_user (team_user_id, team_team_id, user_id) values (default, ?, ?)
Hibernate: select user0_.user_id as user_id1_21_0_, user0_.character_id as characte7_21_0_, user0_.user_created_at as user_cre2_21_0_, user0_.user_name as user_nam3_21_0_, user0_.user_phone_number as user_pho4_21_0_, user0_.user_user_id as user_use5_21_0_, user0_.user_user_password as user_use6_21_0_ from user user0_ where user0_.user_id=?
Hibernate: select character0_.character_id as characte1_6_0_, character0_.character_character_name as characte2_6_0_ from characters character0_ where character0_.character_id=?
Hibernate: select count(*) as col_0_0_ from team_building teambuildi0_
Hibernate: select count(*) as col_0_0_ from team_building teambuildi0_
Hibernate: select teambuildi0_.team_building_team_building_id as team_bui1_19_, teambuildi0_.team_building_created_at as team_bui2_19_, teambuildi0_.team_building_last_modified_at as team_bui3_19_, teambuildi0_.team_building_team_building_title as team_bui4_19_ from team_building teambuildi0_ order by teambuildi0_.team_building_created_at desc, teambuildi0_.team_building_team_building_id desc limit ?
Hibernate: select teamlist0_.team_building_team_building_id as team_bui4_18_0_, teamlist0_.team_team_id as team_tea1_18_0_, teamlist0_.team_team_id as team_tea1_18_1_, teamlist0_.team_last_modified_at as team_las2_18_1_, teamlist0_.team_building_team_building_id as team_bui4_18_1_, teamlist0_.team_team_name as team_tea3_18_1_ from team teamlist0_ where teamlist0_.team_building_team_building_id=?
Hibernate: select teamuserli0_.team_team_id as team_tea2_20_0_, teamuserli0_.team_user_id as team_use1_20_0_, teamuserli0_.team_user_id as team_use1_20_1_, teamuserli0_.team_team_id as team_tea2_20_1_, teamuserli0_.user_id as user_id3_20_1_ from team_user teamuserli0_ where teamuserli0_.team_team_id=?
Hibernate: select user0_.user_id as user_id1_21_0_, user0_.character_id as characte7_21_0_, user0_.user_created_at as user_cre2_21_0_, user0_.user_name as user_nam3_21_0_, user0_.user_phone_number as user_pho4_21_0_, user0_.user_user_id as user_use5_21_0_, user0_.user_user_password as user_use6_21_0_ from user user0_ where user0_.user_id=?
Hibernate: select character0_.character_id as characte1_6_0_, character0_.character_character_name as characte2_6_0_ from characters character0_ where character0_.character_id=?
Hibernate: select user0_.user_id as user_id1_21_0_, user0_.character_id as characte7_21_0_, user0_.user_created_at as user_cre2_21_0_, user0_.user_name as user_nam3_21_0_, user0_.user_phone_number as user_pho4_21_0_, user0_.user_user_id as user_use5_21_0_, user0_.user_user_password as user_use6_21_0_ from user user0_ where user0_.user_id=?
Hibernate: select user0_.user_id as user_id1_21_0_, user0_.character_id as characte7_21_0_, user0_.user_created_at as user_cre2_21_0_, user0_.user_name as user_nam3_21_0_, user0_.user_phone_number as user_pho4_21_0_, user0_.user_user_id as user_use5_21_0_, user0_.user_user_password as user_use6_21_0_ from user user0_ where user0_.user_id=?
Hibernate: select teamuserli0_.team_team_id as team_tea2_20_0_, teamuserli0_.team_user_id as team_use1_20_0_, teamuserli0_.team_user_id as team_use1_20_1_, teamuserli0_.team_team_id as team_tea2_20_1_, teamuserli0_.user_id as user_id3_20_1_ from team_user teamuserli0_ where teamuserli0_.team_team_id=?
Hibernate: select user0_.user_id as user_id1_21_0_, user0_.character_id as characte7_21_0_, user0_.user_created_at as user_cre2_21_0_, user0_.user_name as user_nam3_21_0_, user0_.user_phone_number as user_pho4_21_0_, user0_.user_user_id as user_use5_21_0_, user0_.user_user_password as user_use6_21_0_ from user user0_ where user0_.user_id=?
Hibernate: select user0_.user_id as user_id1_21_0_, user0_.character_id as characte7_21_0_, user0_.user_created_at as user_cre2_21_0_, user0_.user_name as user_nam3_21_0_, user0_.user_phone_number as user_pho4_21_0_, user0_.user_user_id as user_use5_21_0_, user0_.user_user_password as user_use6_21_0_ from user user0_ where user0_.user_id=?
Hibernate: select user0_.user_id as user_id1_21_0_, user0_.character_id as characte7_21_0_, user0_.user_created_at as user_cre2_21_0_, user0_.user_name as user_nam3_21_0_, user0_.user_phone_number as user_pho4_21_0_, user0_.user_user_id as user_use5_21_0_, user0_.user_user_password as user_use6_21_0_ from user user0_ where user0_.user_id=?
Hibernate: select character0_.character_id as characte1_6_0_, character0_.character_character_name as characte2_6_0_ from characters character0_ where character0_.character_id=?
Hibernate: select count(*) as col_0_0_ from user user0_ where user0_.user_id=?
Hibernate: select character1_.character_id as characte1_6_, character1_.character_character_name as characte2_6_ from user user0_ inner join characters character1_ on user0_.character_id=character1_.character_id where user0_.user_id=?
Hibernate: select permission0_.character_id as characte6_12_0_, permission0_.permission_id as permissi1_12_0_, permission0_.permission_id as permissi1_12_1_, permission0_.character_id as characte6_12_1_, permission0_.permission_name as permissi2_12_1_, permission0_.permission_permission_unit_id as permissi3_12_1_, permission0_.permission_service as permissi4_12_1_, permission0_.permission_status as permissi5_12_1_ from permission permission0_ where permission0_.character_id=?
Hibernate: select count(*) as col_0_0_ from team team0_ where team0_.team_team_id=?
Hibernate: select team0_.team_team_id as team_tea1_18_0_, team0_.team_last_modified_at as team_las2_18_0_, team0_.team_building_team_building_id as team_bui4_18_0_, team0_.team_team_name as team_tea3_18_0_ from team team0_ where team0_.team_team_id=?
Hibernate: select teambuildi0_.team_building_team_building_id as team_bui1_19_0_, teambuildi0_.team_building_created_at as team_bui2_19_0_, teambuildi0_.team_building_last_modified_at as team_bui3_19_0_, teambuildi0_.team_building_team_building_title as team_bui4_19_0_ from team_building teambuildi0_ where teambuildi0_.team_building_team_building_id=?
Hibernate: select teamuserli0_.team_team_id as team_tea2_20_0_, teamuserli0_.team_user_id as team_use1_20_0_, teamuserli0_.team_user_id as team_use1_20_1_, teamuserli0_.team_team_id as team_tea2_20_1_, teamuserli0_.user_id as user_id3_20_1_ from team_user teamuserli0_ where teamuserli0_.team_team_id=?
Hibernate: select user0_.user_id as user_id1_21_0_, user0_.character_id as characte7_21_0_, user0_.user_created_at as user_cre2_21_0_, user0_.user_name as user_nam3_21_0_, user0_.user_phone_number as user_pho4_21_0_, user0_.user_user_id as user_use5_21_0_, user0_.user_user_password as user_use6_21_0_ from user user0_ where user0_.user_id=?
Hibernate: select character0_.character_id as characte1_6_0_, character0_.character_character_name as characte2_6_0_ from characters character0_ where character0_.character_id=?
Hibernate: select user0_.user_id as user_id1_21_0_, user0_.character_id as characte7_21_0_, user0_.user_created_at as user_cre2_21_0_, user0_.user_name as user_nam3_21_0_, user0_.user_phone_number as user_pho4_21_0_, user0_.user_user_id as user_use5_21_0_, user0_.user_user_password as user_use6_21_0_ from user user0_ where user0_.user_id=?
Hibernate: select user0_.user_id as user_id1_21_0_, user0_.character_id as characte7_21_0_, user0_.user_created_at as user_cre2_21_0_, user0_.user_name as user_nam3_21_0_, user0_.user_phone_number as user_pho4_21_0_, user0_.user_user_id as user_use5_21_0_, user0_.user_user_password as user_use6_21_0_ from user user0_ where user0_.user_id=?
Hibernate: select count(*) as col_0_0_ from team team0_ where team0_.team_team_id=?
Hibernate: SELECT * FROM TEAM WHERE TEAM_BUILDING_TEAM_BUILDING_ID = ?
Hibernate: select teamuserli0_.team_team_id as team_tea2_20_0_, teamuserli0_.team_user_id as team_use1_20_0_, teamuserli0_.team_user_id as team_use1_20_1_, teamuserli0_.team_team_id as team_tea2_20_1_, teamuserli0_.user_id as user_id3_20_1_ from team_user teamuserli0_ where teamuserli0_.team_team_id=?
Hibernate: select user0_.user_id as user_id1_21_0_, user0_.character_id as characte7_21_0_, user0_.user_created_at as user_cre2_21_0_, user0_.user_name as user_nam3_21_0_, user0_.user_phone_number as user_pho4_21_0_, user0_.user_user_id as user_use5_21_0_, user0_.user_user_password as user_use6_21_0_ from user user0_ where user0_.user_id=?
Hibernate: select user0_.user_id as user_id1_21_0_, user0_.character_id as characte7_21_0_, user0_.user_created_at as user_cre2_21_0_, user0_.user_name as user_nam3_21_0_, user0_.user_phone_number as user_pho4_21_0_, user0_.user_user_id as user_use5_21_0_, user0_.user_user_password as user_use6_21_0_ from user user0_ where user0_.user_id=?
Hibernate: insert into team_user (team_user_id, team_team_id, user_id) values (default, ?, ?)
Hibernate: insert into team_user (team_user_id, team_team_id, user_id) values (default, ?, ?)
Hibernate: insert into team_user (team_user_id, team_team_id, user_id) values (default, ?, ?)
Hibernate: update team set team_last_modified_at=?, team_building_team_building_id=?, team_team_name=? where team_team_id=?
Hibernate: delete from team_user where team_user_id=?
Hibernate: delete from team_user where team_user_id=?
Hibernate: delete from team_user where team_user_id=?

MockHttpServletRequest:
      HTTP Method = PATCH
      Request URI = /teambuilding/team/59
       Parameters = {}
          Headers = [Content-Type:"application/json;charset=UTF-8", Accept:"application/json", api-version:"1.0", Authorization:"Bearer eyJhbGciOiJIUzI1NiJ9.eyJzdWIiOiIxIiwiaWF0IjoxNjg3ODc3NDY5LCJleHAiOjE2ODc4ODEwNjl9.5GpcrqH17WaCEi6670WViYdxZ8Db7S7TQOeUs9MSnKg", Content-Length:"23"]
             Body = {"team_name":"chisam!"}
    Session Attrs = {}

Handler:
             Type = org.waldreg.controller.teambuilding.TeamBuildingController
           Method = org.waldreg.controller.teambuilding.TeamBuildingController#updateTeamNameByTeamId(int, TeamUpdateRequest, PermissionVerifyState)

Async:
    Async started = false
     Async result = null

Resolved Exception:
             Type = null

ModelAndView:
        View name = null
             View = null
            Model = null

FlashMap:
       Attributes = null

MockHttpServletResponse:
           Status = 200
    Error message = null
          Headers = [Vary:"Origin", "Access-Control-Request-Method", "Access-Control-Request-Headers", Api-version:"1.0"]
     Content type = null
             Body = 
    Forwarded URL = null
   Redirected URL = null
          Cookies = []
Hibernate: select user0_.user_id as col_0_0_ from user user0_ where user0_.user_user_id=? limit ?
Hibernate: select user0_.user_id as col_0_0_ from user user0_ where user0_.user_user_id=? limit ?
Hibernate: select U.* from USER U where U.USER_USER_ID =?
Hibernate: select character0_.character_id as characte1_6_0_, character0_.character_character_name as characte2_6_0_ from characters character0_ where character0_.character_id=?
Hibernate: select user0_.user_id as user_id1_21_0_, user0_.character_id as characte7_21_0_, user0_.user_created_at as user_cre2_21_0_, user0_.user_name as user_nam3_21_0_, user0_.user_phone_number as user_pho4_21_0_, user0_.user_user_id as user_use5_21_0_, user0_.user_user_password as user_use6_21_0_ from user user0_ where user0_.user_id=?
Hibernate: select character0_.character_id as characte1_6_0_, character0_.character_character_name as characte2_6_0_ from characters character0_ where character0_.character_id=?
Hibernate: select count(*) as col_0_0_ from team_building teambuildi0_
Hibernate: select count(*) as col_0_0_ from team_building teambuildi0_
Hibernate: select teambuildi0_.team_building_team_building_id as team_bui1_19_, teambuildi0_.team_building_created_at as team_bui2_19_, teambuildi0_.team_building_last_modified_at as team_bui3_19_, teambuildi0_.team_building_team_building_title as team_bui4_19_ from team_building teambuildi0_ order by teambuildi0_.team_building_created_at desc, teambuildi0_.team_building_team_building_id desc limit ?
Hibernate: select teamlist0_.team_building_team_building_id as team_bui4_18_0_, teamlist0_.team_team_id as team_tea1_18_0_, teamlist0_.team_team_id as team_tea1_18_1_, teamlist0_.team_last_modified_at as team_las2_18_1_, teamlist0_.team_building_team_building_id as team_bui4_18_1_, teamlist0_.team_team_name as team_tea3_18_1_ from team teamlist0_ where teamlist0_.team_building_team_building_id=?
Hibernate: select teamuserli0_.team_team_id as team_tea2_20_0_, teamuserli0_.team_user_id as team_use1_20_0_, teamuserli0_.team_user_id as team_use1_20_1_, teamuserli0_.team_team_id as team_tea2_20_1_, teamuserli0_.user_id as user_id3_20_1_ from team_user teamuserli0_ where teamuserli0_.team_team_id=?
Hibernate: select user0_.user_id as user_id1_21_0_, user0_.character_id as characte7_21_0_, user0_.user_created_at as user_cre2_21_0_, user0_.user_name as user_nam3_21_0_, user0_.user_phone_number as user_pho4_21_0_, user0_.user_user_id as user_use5_21_0_, user0_.user_user_password as user_use6_21_0_ from user user0_ where user0_.user_id=?
Hibernate: select character0_.character_id as characte1_6_0_, character0_.character_character_name as characte2_6_0_ from characters character0_ where character0_.character_id=?
Hibernate: select user0_.user_id as user_id1_21_0_, user0_.character_id as characte7_21_0_, user0_.user_created_at as user_cre2_21_0_, user0_.user_name as user_nam3_21_0_, user0_.user_phone_number as user_pho4_21_0_, user0_.user_user_id as user_use5_21_0_, user0_.user_user_password as user_use6_21_0_ from user user0_ where user0_.user_id=?
Hibernate: select user0_.user_id as user_id1_21_0_, user0_.character_id as characte7_21_0_, user0_.user_created_at as user_cre2_21_0_, user0_.user_name as user_nam3_21_0_, user0_.user_phone_number as user_pho4_21_0_, user0_.user_user_id as user_use5_21_0_, user0_.user_user_password as user_use6_21_0_ from user user0_ where user0_.user_id=?
Hibernate: select teamuserli0_.team_team_id as team_tea2_20_0_, teamuserli0_.team_user_id as team_use1_20_0_, teamuserli0_.team_user_id as team_use1_20_1_, teamuserli0_.team_team_id as team_tea2_20_1_, teamuserli0_.user_id as user_id3_20_1_ from team_user teamuserli0_ where teamuserli0_.team_team_id=?
Hibernate: select user0_.user_id as user_id1_21_0_, user0_.character_id as characte7_21_0_, user0_.user_created_at as user_cre2_21_0_, user0_.user_name as user_nam3_21_0_, user0_.user_phone_number as user_pho4_21_0_, user0_.user_user_id as user_use5_21_0_, user0_.user_user_password as user_use6_21_0_ from user user0_ where user0_.user_id=?
Hibernate: select user0_.user_id as user_id1_21_0_, user0_.character_id as characte7_21_0_, user0_.user_created_at as user_cre2_21_0_, user0_.user_name as user_nam3_21_0_, user0_.user_phone_number as user_pho4_21_0_, user0_.user_user_id as user_use5_21_0_, user0_.user_user_password as user_use6_21_0_ from user user0_ where user0_.user_id=?
Hibernate: select user0_.user_id as user_id1_21_0_, user0_.character_id as characte7_21_0_, user0_.user_created_at as user_cre2_21_0_, user0_.user_name as user_nam3_21_0_, user0_.user_phone_number as user_pho4_21_0_, user0_.user_user_id as user_use5_21_0_, user0_.user_user_password as user_use6_21_0_ from user user0_ where user0_.user_id=?
Hibernate: select character0_.character_id as characte1_6_0_, character0_.character_character_name as characte2_6_0_ from characters character0_ where character0_.character_id=?
Hibernate: select count(*) as col_0_0_ from user user0_ where user0_.user_id=?
Hibernate: select character1_.character_id as characte1_6_, character1_.character_character_name as characte2_6_ from user user0_ inner join characters character1_ on user0_.character_id=character1_.character_id where user0_.user_id=?
Hibernate: select permission0_.character_id as characte6_12_0_, permission0_.permission_id as permissi1_12_0_, permission0_.permission_id as permissi1_12_1_, permission0_.character_id as characte6_12_1_, permission0_.permission_name as permissi2_12_1_, permission0_.permission_permission_unit_id as permissi3_12_1_, permission0_.permission_service as permissi4_12_1_, permission0_.permission_status as permissi5_12_1_ from permission permission0_ where permission0_.character_id=?
Hibernate: select count(*) as col_0_0_ from team_building teambuildi0_ where teambuildi0_.team_building_team_building_id=?
Hibernate: select teambuildi0_.team_building_team_building_id as team_bui1_19_0_, teambuildi0_.team_building_created_at as team_bui2_19_0_, teambuildi0_.team_building_last_modified_at as team_bui3_19_0_, teambuildi0_.team_building_team_building_title as team_bui4_19_0_ from team_building teambuildi0_ where teambuildi0_.team_building_team_building_id=?
Hibernate: select teamlist0_.team_building_team_building_id as team_bui4_18_0_, teamlist0_.team_team_id as team_tea1_18_0_, teamlist0_.team_team_id as team_tea1_18_1_, teamlist0_.team_last_modified_at as team_las2_18_1_, teamlist0_.team_building_team_building_id as team_bui4_18_1_, teamlist0_.team_team_name as team_tea3_18_1_ from team teamlist0_ where teamlist0_.team_building_team_building_id=?
Hibernate: select teamuserli0_.team_team_id as team_tea2_20_0_, teamuserli0_.team_user_id as team_use1_20_0_, teamuserli0_.team_user_id as team_use1_20_1_, teamuserli0_.team_team_id as team_tea2_20_1_, teamuserli0_.user_id as user_id3_20_1_ from team_user teamuserli0_ where teamuserli0_.team_team_id=?
Hibernate: select user0_.user_id as user_id1_21_0_, user0_.character_id as characte7_21_0_, user0_.user_created_at as user_cre2_21_0_, user0_.user_name as user_nam3_21_0_, user0_.user_phone_number as user_pho4_21_0_, user0_.user_user_id as user_use5_21_0_, user0_.user_user_password as user_use6_21_0_ from user user0_ where user0_.user_id=?
Hibernate: select character0_.character_id as characte1_6_0_, character0_.character_character_name as characte2_6_0_ from characters character0_ where character0_.character_id=?
Hibernate: select user0_.user_id as user_id1_21_0_, user0_.character_id as characte7_21_0_, user0_.user_created_at as user_cre2_21_0_, user0_.user_name as user_nam3_21_0_, user0_.user_phone_number as user_pho4_21_0_, user0_.user_user_id as user_use5_21_0_, user0_.user_user_password as user_use6_21_0_ from user user0_ where user0_.user_id=?
Hibernate: select user0_.user_id as user_id1_21_0_, user0_.character_id as characte7_21_0_, user0_.user_created_at as user_cre2_21_0_, user0_.user_name as user_nam3_21_0_, user0_.user_phone_number as user_pho4_21_0_, user0_.user_user_id as user_use5_21_0_, user0_.user_user_password as user_use6_21_0_ from user user0_ where user0_.user_id=?
Hibernate: select teamuserli0_.team_team_id as team_tea2_20_0_, teamuserli0_.team_user_id as team_use1_20_0_, teamuserli0_.team_user_id as team_use1_20_1_, teamuserli0_.team_team_id as team_tea2_20_1_, teamuserli0_.user_id as user_id3_20_1_ from team_user teamuserli0_ where teamuserli0_.team_team_id=?
Hibernate: select user0_.user_id as user_id1_21_0_, user0_.character_id as characte7_21_0_, user0_.user_created_at as user_cre2_21_0_, user0_.user_name as user_nam3_21_0_, user0_.user_phone_number as user_pho4_21_0_, user0_.user_user_id as user_use5_21_0_, user0_.user_user_password as user_use6_21_0_ from user user0_ where user0_.user_id=?
Hibernate: select user0_.user_id as user_id1_21_0_, user0_.character_id as characte7_21_0_, user0_.user_created_at as user_cre2_21_0_, user0_.user_name as user_nam3_21_0_, user0_.user_phone_number as user_pho4_21_0_, user0_.user_user_id as user_use5_21_0_, user0_.user_user_password as user_use6_21_0_ from user user0_ where user0_.user_id=?
Hibernate: delete from team_user where team_user_id=?
Hibernate: delete from team_user where team_user_id=?
Hibernate: delete from team_user where team_user_id=?
Hibernate: delete from team where team_team_id=?
Hibernate: delete from team_user where team_user_id=?
Hibernate: delete from team_user where team_user_id=?
Hibernate: delete from team where team_team_id=?
Hibernate: delete from team_building where team_building_team_building_id=?
Hibernate: select user0_.user_id as user_id1_21_0_, user0_.character_id as characte7_21_0_, user0_.user_created_at as user_cre2_21_0_, user0_.user_name as user_nam3_21_0_, user0_.user_phone_number as user_pho4_21_0_, user0_.user_user_id as user_use5_21_0_, user0_.user_user_password as user_use6_21_0_ from user user0_ where user0_.user_id=?
Hibernate: select character0_.character_id as characte1_6_0_, character0_.character_character_name as characte2_6_0_ from characters character0_ where character0_.character_id=?
Hibernate: select count(*) as col_0_0_ from team_building teambuildi0_ where teambuildi0_.team_building_team_building_id=?
Hibernate: select user0_.user_id as col_0_0_ from user user0_ where user0_.user_user_id=? limit ?
Hibernate: select user0_.user_id as col_0_0_ from user user0_ where user0_.user_user_id=? limit ?
Hibernate: select U.* from USER U where U.USER_USER_ID =?
Hibernate: select character0_.character_id as characte1_6_0_, character0_.character_character_name as characte2_6_0_ from characters character0_ where character0_.character_id=?
Hibernate: select user0_.user_id as col_0_0_ from user user0_ where user0_.user_user_id=? limit ?
Hibernate: select user0_.user_id as user_id1_21_, user0_.character_id as characte7_21_, user0_.user_created_at as user_cre2_21_, user0_.user_name as user_nam3_21_, user0_.user_phone_number as user_pho4_21_, user0_.user_user_id as user_use5_21_, user0_.user_user_password as user_use6_21_ from user user0_ inner join characters character1_ on user0_.character_id=character1_.character_id where user0_.user_user_id=?
Hibernate: select character0_.character_id as characte1_6_0_, character0_.character_character_name as characte2_6_0_ from characters character0_ where character0_.character_id=?
Hibernate: select rewardtagw0_.user_id as user_id4_16_0_, rewardtagw0_.reward_tag_wrapper_reward_id as reward_t1_16_0_, rewardtagw0_.reward_tag_wrapper_reward_id as reward_t1_16_1_, rewardtagw0_.reward_tag_wrapper_reward_presented_at as reward_t2_16_1_, rewardtagw0_.reward_tag_reward_tag_id as reward_t3_16_1_, rewardtagw0_.user_id as user_id4_16_1_ from reward_tag_wrapper rewardtagw0_ where rewardtagw0_.user_id=?
Hibernate: select user0_.user_id as user_id1_21_0_, user0_.character_id as characte7_21_0_, user0_.user_created_at as user_cre2_21_0_, user0_.user_name as user_nam3_21_0_, user0_.user_phone_number as user_pho4_21_0_, user0_.user_user_id as user_use5_21_0_, user0_.user_user_password as user_use6_21_0_ from user user0_ where user0_.user_id=?
Hibernate: select character0_.character_id as characte1_6_0_, character0_.character_character_name as characte2_6_0_ from characters character0_ where character0_.character_id=?
Hibernate: select count(*) as col_0_0_ from user user0_ where user0_.user_id=?
Hibernate: select character1_.character_id as characte1_6_, character1_.character_character_name as characte2_6_ from user user0_ inner join characters character1_ on user0_.character_id=character1_.character_id where user0_.user_id=?
Hibernate: select permission0_.character_id as characte6_12_0_, permission0_.permission_id as permissi1_12_0_, permission0_.permission_id as permissi1_12_1_, permission0_.character_id as characte6_12_1_, permission0_.permission_name as permissi2_12_1_, permission0_.permission_permission_unit_id as permissi3_12_1_, permission0_.permission_service as permissi4_12_1_, permission0_.permission_status as permissi5_12_1_ from permission permission0_ where permission0_.character_id=?
Hibernate: select count(*) as col_0_0_ from user user0_ where user0_.user_id=?
Hibernate: select user0_.user_id as user_id1_21_, user0_.character_id as characte7_21_, user0_.user_created_at as user_cre2_21_, user0_.user_name as user_nam3_21_, user0_.user_phone_number as user_pho4_21_, user0_.user_user_id as user_use5_21_, user0_.user_user_password as user_use6_21_ from user user0_ where user0_.user_id=?
Hibernate: select character0_.character_id as characte1_6_0_, character0_.character_character_name as characte2_6_0_ from characters character0_ where character0_.character_id=?
Hibernate: select rewardtagw0_.user_id as user_id4_16_0_, rewardtagw0_.reward_tag_wrapper_reward_id as reward_t1_16_0_, rewardtagw0_.reward_tag_wrapper_reward_id as reward_t1_16_1_, rewardtagw0_.reward_tag_wrapper_reward_presented_at as reward_t2_16_1_, rewardtagw0_.reward_tag_reward_tag_id as reward_t3_16_1_, rewardtagw0_.user_id as user_id4_16_1_ from reward_tag_wrapper rewardtagw0_ where rewardtagw0_.user_id=?
Hibernate: select attendance0_.attendance_user_attendance_user_id as col_0_0_ from attendance_user attendance0_ where attendance0_.user_id=? limit ?
Hibernate: DELETE FROM USER WHERE USER_ID = ?
Hibernate: select user0_.user_id as col_0_0_ from user user0_ where user0_.user_user_id=? limit ?
Hibernate: select user0_.user_id as col_0_0_ from user user0_ where user0_.user_user_id=? limit ?
Hibernate: select user0_.user_id as user_id1_21_, user0_.character_id as characte7_21_, user0_.user_created_at as user_cre2_21_, user0_.user_name as user_nam3_21_, user0_.user_phone_number as user_pho4_21_, user0_.user_user_id as user_use5_21_, user0_.user_user_password as user_use6_21_ from user user0_ inner join characters character1_ on user0_.character_id=character1_.character_id where user0_.user_user_id=?
Hibernate: select character0_.character_id as characte1_6_0_, character0_.character_character_name as characte2_6_0_ from characters character0_ where character0_.character_id=?
Hibernate: select rewardtagw0_.user_id as user_id4_16_0_, rewardtagw0_.reward_tag_wrapper_reward_id as reward_t1_16_0_, rewardtagw0_.reward_tag_wrapper_reward_id as reward_t1_16_1_, rewardtagw0_.reward_tag_wrapper_reward_presented_at as reward_t2_16_1_, rewardtagw0_.reward_tag_reward_tag_id as reward_t3_16_1_, rewardtagw0_.user_id as user_id4_16_1_ from reward_tag_wrapper rewardtagw0_ where rewardtagw0_.user_id=?
Hibernate: select user0_.user_id as user_id1_21_0_, user0_.character_id as characte7_21_0_, user0_.user_created_at as user_cre2_21_0_, user0_.user_name as user_nam3_21_0_, user0_.user_phone_number as user_pho4_21_0_, user0_.user_user_id as user_use5_21_0_, user0_.user_user_password as user_use6_21_0_ from user user0_ where user0_.user_id=?
Hibernate: select character0_.character_id as characte1_6_0_, character0_.character_character_name as characte2_6_0_ from characters character0_ where character0_.character_id=?
Hibernate: select count(*) as col_0_0_ from user user0_ where user0_.user_id=?
Hibernate: select character1_.character_id as characte1_6_, character1_.character_character_name as characte2_6_ from user user0_ inner join characters character1_ on user0_.character_id=character1_.character_id where user0_.user_id=?
Hibernate: select permission0_.character_id as characte6_12_0_, permission0_.permission_id as permissi1_12_0_, permission0_.permission_id as permissi1_12_1_, permission0_.character_id as characte6_12_1_, permission0_.permission_name as permissi2_12_1_, permission0_.permission_permission_unit_id as permissi3_12_1_, permission0_.permission_service as permissi4_12_1_, permission0_.permission_status as permissi5_12_1_ from permission permission0_ where permission0_.character_id=?
Hibernate: select count(*) as col_0_0_ from user user0_ where user0_.user_id=?
Hibernate: select user0_.user_id as user_id1_21_, user0_.character_id as characte7_21_, user0_.user_created_at as user_cre2_21_, user0_.user_name as user_nam3_21_, user0_.user_phone_number as user_pho4_21_, user0_.user_user_id as user_use5_21_, user0_.user_user_password as user_use6_21_ from user user0_ where user0_.user_id=?
Hibernate: select character0_.character_id as characte1_6_0_, character0_.character_character_name as characte2_6_0_ from characters character0_ where character0_.character_id=?
Hibernate: select rewardtagw0_.user_id as user_id4_16_0_, rewardtagw0_.reward_tag_wrapper_reward_id as reward_t1_16_0_, rewardtagw0_.reward_tag_wrapper_reward_id as reward_t1_16_1_, rewardtagw0_.reward_tag_wrapper_reward_presented_at as reward_t2_16_1_, rewardtagw0_.reward_tag_reward_tag_id as reward_t3_16_1_, rewardtagw0_.user_id as user_id4_16_1_ from reward_tag_wrapper rewardtagw0_ where rewardtagw0_.user_id=?
Hibernate: select attendance0_.attendance_user_attendance_user_id as col_0_0_ from attendance_user attendance0_ where attendance0_.user_id=? limit ?
Hibernate: DELETE FROM USER WHERE USER_ID = ?
Hibernate: select user0_.user_id as col_0_0_ from user user0_ where user0_.user_user_id=? limit ?
Hibernate: select user0_.user_id as col_0_0_ from user user0_ where user0_.user_user_id=? limit ?
Hibernate: select user0_.user_id as user_id1_21_, user0_.character_id as characte7_21_, user0_.user_created_at as user_cre2_21_, user0_.user_name as user_nam3_21_, user0_.user_phone_number as user_pho4_21_, user0_.user_user_id as user_use5_21_, user0_.user_user_password as user_use6_21_ from user user0_ inner join characters character1_ on user0_.character_id=character1_.character_id where user0_.user_user_id=?
Hibernate: select character0_.character_id as characte1_6_0_, character0_.character_character_name as characte2_6_0_ from characters character0_ where character0_.character_id=?
Hibernate: select rewardtagw0_.user_id as user_id4_16_0_, rewardtagw0_.reward_tag_wrapper_reward_id as reward_t1_16_0_, rewardtagw0_.reward_tag_wrapper_reward_id as reward_t1_16_1_, rewardtagw0_.reward_tag_wrapper_reward_presented_at as reward_t2_16_1_, rewardtagw0_.reward_tag_reward_tag_id as reward_t3_16_1_, rewardtagw0_.user_id as user_id4_16_1_ from reward_tag_wrapper rewardtagw0_ where rewardtagw0_.user_id=?
Hibernate: select user0_.user_id as user_id1_21_0_, user0_.character_id as characte7_21_0_, user0_.user_created_at as user_cre2_21_0_, user0_.user_name as user_nam3_21_0_, user0_.user_phone_number as user_pho4_21_0_, user0_.user_user_id as user_use5_21_0_, user0_.user_user_password as user_use6_21_0_ from user user0_ where user0_.user_id=?
Hibernate: select character0_.character_id as characte1_6_0_, character0_.character_character_name as characte2_6_0_ from characters character0_ where character0_.character_id=?
Hibernate: select count(*) as col_0_0_ from user user0_ where user0_.user_id=?
Hibernate: select character1_.character_id as characte1_6_, character1_.character_character_name as characte2_6_ from user user0_ inner join characters character1_ on user0_.character_id=character1_.character_id where user0_.user_id=?
Hibernate: select permission0_.character_id as characte6_12_0_, permission0_.permission_id as permissi1_12_0_, permission0_.permission_id as permissi1_12_1_, permission0_.character_id as characte6_12_1_, permission0_.permission_name as permissi2_12_1_, permission0_.permission_permission_unit_id as permissi3_12_1_, permission0_.permission_service as permissi4_12_1_, permission0_.permission_status as permissi5_12_1_ from permission permission0_ where permission0_.character_id=?
Hibernate: select count(*) as col_0_0_ from user user0_ where user0_.user_id=?
Hibernate: select user0_.user_id as user_id1_21_, user0_.character_id as characte7_21_, user0_.user_created_at as user_cre2_21_, user0_.user_name as user_nam3_21_, user0_.user_phone_number as user_pho4_21_, user0_.user_user_id as user_use5_21_, user0_.user_user_password as user_use6_21_ from user user0_ where user0_.user_id=?
Hibernate: select character0_.character_id as characte1_6_0_, character0_.character_character_name as characte2_6_0_ from characters character0_ where character0_.character_id=?
Hibernate: select rewardtagw0_.user_id as user_id4_16_0_, rewardtagw0_.reward_tag_wrapper_reward_id as reward_t1_16_0_, rewardtagw0_.reward_tag_wrapper_reward_id as reward_t1_16_1_, rewardtagw0_.reward_tag_wrapper_reward_presented_at as reward_t2_16_1_, rewardtagw0_.reward_tag_reward_tag_id as reward_t3_16_1_, rewardtagw0_.user_id as user_id4_16_1_ from reward_tag_wrapper rewardtagw0_ where rewardtagw0_.user_id=?
Hibernate: select attendance0_.attendance_user_attendance_user_id as col_0_0_ from attendance_user attendance0_ where attendance0_.user_id=? limit ?
Hibernate: DELETE FROM USER WHERE USER_ID = ?
Hibernate: select user0_.user_id as col_0_0_ from user user0_ where user0_.user_user_id=? limit ?
Hibernate: select user0_.user_id as col_0_0_ from user user0_ where user0_.user_user_id=? limit ?
Hibernate: select user0_.user_id as user_id1_21_, user0_.character_id as characte7_21_, user0_.user_created_at as user_cre2_21_, user0_.user_name as user_nam3_21_, user0_.user_phone_number as user_pho4_21_, user0_.user_user_id as user_use5_21_, user0_.user_user_password as user_use6_21_ from user user0_ inner join characters character1_ on user0_.character_id=character1_.character_id where user0_.user_user_id=?
Hibernate: select character0_.character_id as characte1_6_0_, character0_.character_character_name as characte2_6_0_ from characters character0_ where character0_.character_id=?
Hibernate: select rewardtagw0_.user_id as user_id4_16_0_, rewardtagw0_.reward_tag_wrapper_reward_id as reward_t1_16_0_, rewardtagw0_.reward_tag_wrapper_reward_id as reward_t1_16_1_, rewardtagw0_.reward_tag_wrapper_reward_presented_at as reward_t2_16_1_, rewardtagw0_.reward_tag_reward_tag_id as reward_t3_16_1_, rewardtagw0_.user_id as user_id4_16_1_ from reward_tag_wrapper rewardtagw0_ where rewardtagw0_.user_id=?
Hibernate: select user0_.user_id as user_id1_21_0_, user0_.character_id as characte7_21_0_, user0_.user_created_at as user_cre2_21_0_, user0_.user_name as user_nam3_21_0_, user0_.user_phone_number as user_pho4_21_0_, user0_.user_user_id as user_use5_21_0_, user0_.user_user_password as user_use6_21_0_ from user user0_ where user0_.user_id=?
Hibernate: select character0_.character_id as characte1_6_0_, character0_.character_character_name as characte2_6_0_ from characters character0_ where character0_.character_id=?
Hibernate: select count(*) as col_0_0_ from user user0_ where user0_.user_id=?
Hibernate: select character1_.character_id as characte1_6_, character1_.character_character_name as characte2_6_ from user user0_ inner join characters character1_ on user0_.character_id=character1_.character_id where user0_.user_id=?
Hibernate: select permission0_.character_id as characte6_12_0_, permission0_.permission_id as permissi1_12_0_, permission0_.permission_id as permissi1_12_1_, permission0_.character_id as characte6_12_1_, permission0_.permission_name as permissi2_12_1_, permission0_.permission_permission_unit_id as permissi3_12_1_, permission0_.permission_service as permissi4_12_1_, permission0_.permission_status as permissi5_12_1_ from permission permission0_ where permission0_.character_id=?
Hibernate: select count(*) as col_0_0_ from user user0_ where user0_.user_id=?
Hibernate: select user0_.user_id as user_id1_21_, user0_.character_id as characte7_21_, user0_.user_created_at as user_cre2_21_, user0_.user_name as user_nam3_21_, user0_.user_phone_number as user_pho4_21_, user0_.user_user_id as user_use5_21_, user0_.user_user_password as user_use6_21_ from user user0_ where user0_.user_id=?
Hibernate: select character0_.character_id as characte1_6_0_, character0_.character_character_name as characte2_6_0_ from characters character0_ where character0_.character_id=?
Hibernate: select rewardtagw0_.user_id as user_id4_16_0_, rewardtagw0_.reward_tag_wrapper_reward_id as reward_t1_16_0_, rewardtagw0_.reward_tag_wrapper_reward_id as reward_t1_16_1_, rewardtagw0_.reward_tag_wrapper_reward_presented_at as reward_t2_16_1_, rewardtagw0_.reward_tag_reward_tag_id as reward_t3_16_1_, rewardtagw0_.user_id as user_id4_16_1_ from reward_tag_wrapper rewardtagw0_ where rewardtagw0_.user_id=?
Hibernate: select attendance0_.attendance_user_attendance_user_id as col_0_0_ from attendance_user attendance0_ where attendance0_.user_id=? limit ?
Hibernate: DELETE FROM USER WHERE USER_ID = ?
Hibernate: select user0_.user_id as col_0_0_ from user user0_ where user0_.user_user_id=? limit ?
Hibernate: select user0_.user_id as col_0_0_ from user user0_ where user0_.user_user_id=? limit ?
Hibernate: select user0_.user_id as user_id1_21_, user0_.character_id as characte7_21_, user0_.user_created_at as user_cre2_21_, user0_.user_name as user_nam3_21_, user0_.user_phone_number as user_pho4_21_, user0_.user_user_id as user_use5_21_, user0_.user_user_password as user_use6_21_ from user user0_ inner join characters character1_ on user0_.character_id=character1_.character_id where user0_.user_user_id=?
Hibernate: select character0_.character_id as characte1_6_0_, character0_.character_character_name as characte2_6_0_ from characters character0_ where character0_.character_id=?
Hibernate: select rewardtagw0_.user_id as user_id4_16_0_, rewardtagw0_.reward_tag_wrapper_reward_id as reward_t1_16_0_, rewardtagw0_.reward_tag_wrapper_reward_id as reward_t1_16_1_, rewardtagw0_.reward_tag_wrapper_reward_presented_at as reward_t2_16_1_, rewardtagw0_.reward_tag_reward_tag_id as reward_t3_16_1_, rewardtagw0_.user_id as user_id4_16_1_ from reward_tag_wrapper rewardtagw0_ where rewardtagw0_.user_id=?
Hibernate: select user0_.user_id as user_id1_21_0_, user0_.character_id as characte7_21_0_, user0_.user_created_at as user_cre2_21_0_, user0_.user_name as user_nam3_21_0_, user0_.user_phone_number as user_pho4_21_0_, user0_.user_user_id as user_use5_21_0_, user0_.user_user_password as user_use6_21_0_ from user user0_ where user0_.user_id=?
Hibernate: select character0_.character_id as characte1_6_0_, character0_.character_character_name as characte2_6_0_ from characters character0_ where character0_.character_id=?
Hibernate: select count(*) as col_0_0_ from user user0_ where user0_.user_id=?
Hibernate: select character1_.character_id as characte1_6_, character1_.character_character_name as characte2_6_ from user user0_ inner join characters character1_ on user0_.character_id=character1_.character_id where user0_.user_id=?
Hibernate: select permission0_.character_id as characte6_12_0_, permission0_.permission_id as permissi1_12_0_, permission0_.permission_id as permissi1_12_1_, permission0_.character_id as characte6_12_1_, permission0_.permission_name as permissi2_12_1_, permission0_.permission_permission_unit_id as permissi3_12_1_, permission0_.permission_service as permissi4_12_1_, permission0_.permission_status as permissi5_12_1_ from permission permission0_ where permission0_.character_id=?
Hibernate: select count(*) as col_0_0_ from user user0_ where user0_.user_id=?
Hibernate: select user0_.user_id as user_id1_21_, user0_.character_id as characte7_21_, user0_.user_created_at as user_cre2_21_, user0_.user_name as user_nam3_21_, user0_.user_phone_number as user_pho4_21_, user0_.user_user_id as user_use5_21_, user0_.user_user_password as user_use6_21_ from user user0_ where user0_.user_id=?
Hibernate: select character0_.character_id as characte1_6_0_, character0_.character_character_name as characte2_6_0_ from characters character0_ where character0_.character_id=?
Hibernate: select rewardtagw0_.user_id as user_id4_16_0_, rewardtagw0_.reward_tag_wrapper_reward_id as reward_t1_16_0_, rewardtagw0_.reward_tag_wrapper_reward_id as reward_t1_16_1_, rewardtagw0_.reward_tag_wrapper_reward_presented_at as reward_t2_16_1_, rewardtagw0_.reward_tag_reward_tag_id as reward_t3_16_1_, rewardtagw0_.user_id as user_id4_16_1_ from reward_tag_wrapper rewardtagw0_ where rewardtagw0_.user_id=?
Hibernate: select attendance0_.attendance_user_attendance_user_id as col_0_0_ from attendance_user attendance0_ where attendance0_.user_id=? limit ?
Hibernate: DELETE FROM USER WHERE USER_ID = ?
Hibernate: select user0_.user_id as col_0_0_ from user user0_ where user0_.user_user_id=? limit ?
Hibernate: select user0_.user_id as col_0_0_ from user user0_ where user0_.user_user_id=? limit ?
Hibernate: select user0_.user_id as col_0_0_ from user user0_ where user0_.user_user_id=? limit ?
Hibernate: select U.* from USER U where U.USER_USER_ID =?
Hibernate: select character0_.character_id as characte1_6_0_, character0_.character_character_name as characte2_6_0_ from characters character0_ where character0_.character_id=?
Hibernate: select user0_.user_id as user_id1_21_0_, user0_.character_id as characte7_21_0_, user0_.user_created_at as user_cre2_21_0_, user0_.user_name as user_nam3_21_0_, user0_.user_phone_number as user_pho4_21_0_, user0_.user_user_id as user_use5_21_0_, user0_.user_user_password as user_use6_21_0_ from user user0_ where user0_.user_id=?
Hibernate: select character0_.character_id as characte1_6_0_, character0_.character_character_name as characte2_6_0_ from characters character0_ where character0_.character_id=?
Hibernate: select count(*) as col_0_0_ from team_building teambuildi0_
Hibernate: select count(*) as col_0_0_ from team_building teambuildi0_
Hibernate: select user0_.user_id as col_0_0_ from user user0_ where user0_.user_user_id=? limit ?
Hibernate: select user0_.user_id as col_0_0_ from user user0_ where user0_.user_user_id=? limit ?
Hibernate: select U.* from USER U where U.USER_USER_ID =?
Hibernate: select character0_.character_id as characte1_6_0_, character0_.character_character_name as characte2_6_0_ from characters character0_ where character0_.character_id=?
Hibernate: select user0_.user_id as col_0_0_ from user user0_ where user0_.user_user_id=? limit ?
Hibernate: select user0_.user_id as col_0_0_ from user user0_ where user0_.user_user_id=? limit ?
Hibernate: select U.* from USER U where U.USER_USER_ID =?
Hibernate: select character0_.character_id as characte1_6_0_, character0_.character_character_name as characte2_6_0_ from characters character0_ where character0_.character_id=?
Hibernate: select user0_.user_id as col_0_0_ from user user0_ where user0_.user_user_id=? limit ?
Hibernate: select user0_.user_id as col_0_0_ from user user0_ where user0_.user_user_id=? limit ?
Hibernate: select U.* from USER U where U.USER_USER_ID =?
Hibernate: select character0_.character_id as characte1_6_0_, character0_.character_character_name as characte2_6_0_ from characters character0_ where character0_.character_id=?
Hibernate: select user0_.user_id as col_0_0_ from user user0_ where user0_.user_user_id=? limit ?
Hibernate: select userjoinin0_.user_joining_pool_id as col_0_0_ from user_joining_pool userjoinin0_ where userjoinin0_.user_user_id=? limit ?
Hibernate: select character0_.character_id as col_0_0_ from characters character0_ where character0_.character_character_name=? limit ?
Hibernate: insert into user_joining_pool (user_joining_pool_id, user_created_at, user_name, user_phone_number, user_user_id, user_user_password) values (default, ?, ?, ?, ?, ?)
Hibernate: select user0_.user_id as user_id1_21_0_, user0_.character_id as characte7_21_0_, user0_.user_created_at as user_cre2_21_0_, user0_.user_name as user_nam3_21_0_, user0_.user_phone_number as user_pho4_21_0_, user0_.user_user_id as user_use5_21_0_, user0_.user_user_password as user_use6_21_0_ from user user0_ where user0_.user_id=?
Hibernate: select character0_.character_id as characte1_6_0_, character0_.character_character_name as characte2_6_0_ from characters character0_ where character0_.character_id=?
Hibernate: select count(*) as col_0_0_ from user user0_ where user0_.user_id=?
Hibernate: select character1_.character_id as characte1_6_, character1_.character_character_name as characte2_6_ from user user0_ inner join characters character1_ on user0_.character_id=character1_.character_id where user0_.user_id=?
Hibernate: select permission0_.character_id as characte6_12_0_, permission0_.permission_id as permissi1_12_0_, permission0_.permission_id as permissi1_12_1_, permission0_.character_id as characte6_12_1_, permission0_.permission_name as permissi2_12_1_, permission0_.permission_permission_unit_id as permissi3_12_1_, permission0_.permission_service as permissi4_12_1_, permission0_.permission_status as permissi5_12_1_ from permission permission0_ where permission0_.character_id=?
Hibernate: select userjoinin0_.user_joining_pool_id as col_0_0_ from user_joining_pool userjoinin0_ where userjoinin0_.user_user_id=? limit ?
Hibernate: select userjoinin0_.user_joining_pool_id as user_joi1_22_, userjoinin0_.user_created_at as user_cre2_22_, userjoinin0_.user_name as user_nam3_22_, userjoinin0_.user_phone_number as user_pho4_22_, userjoinin0_.user_user_id as user_use5_22_, userjoinin0_.user_user_password as user_use6_22_ from user_joining_pool userjoinin0_ where userjoinin0_.user_user_id=?
Hibernate: select character0_.character_id as characte1_6_, character0_.character_character_name as characte2_6_ from characters character0_ where character0_.character_character_name=?
Hibernate: insert into user (user_id, character_id, user_created_at, user_name, user_phone_number, user_user_id, user_user_password) values (default, ?, ?, ?, ?, ?, ?)
Hibernate: DELETE FROM USER_JOINING_POOL as JU where JU.USER_USER_ID =?
Hibernate: select user0_.user_id as col_0_0_ from user user0_ where user0_.user_user_id=? limit ?
Hibernate: select user0_.user_id as col_0_0_ from user user0_ where user0_.user_user_id=? limit ?
Hibernate: select U.* from USER U where U.USER_USER_ID =?
Hibernate: select character0_.character_id as characte1_6_0_, character0_.character_character_name as characte2_6_0_ from characters character0_ where character0_.character_id=?
Hibernate: select user0_.user_id as col_0_0_ from user user0_ where user0_.user_user_id=? limit ?
Hibernate: select userjoinin0_.user_joining_pool_id as col_0_0_ from user_joining_pool userjoinin0_ where userjoinin0_.user_user_id=? limit ?
Hibernate: select character0_.character_id as col_0_0_ from characters character0_ where character0_.character_character_name=? limit ?
Hibernate: insert into user_joining_pool (user_joining_pool_id, user_created_at, user_name, user_phone_number, user_user_id, user_user_password) values (default, ?, ?, ?, ?, ?)
Hibernate: select user0_.user_id as user_id1_21_0_, user0_.character_id as characte7_21_0_, user0_.user_created_at as user_cre2_21_0_, user0_.user_name as user_nam3_21_0_, user0_.user_phone_number as user_pho4_21_0_, user0_.user_user_id as user_use5_21_0_, user0_.user_user_password as user_use6_21_0_ from user user0_ where user0_.user_id=?
Hibernate: select character0_.character_id as characte1_6_0_, character0_.character_character_name as characte2_6_0_ from characters character0_ where character0_.character_id=?
Hibernate: select count(*) as col_0_0_ from user user0_ where user0_.user_id=?
Hibernate: select character1_.character_id as characte1_6_, character1_.character_character_name as characte2_6_ from user user0_ inner join characters character1_ on user0_.character_id=character1_.character_id where user0_.user_id=?
Hibernate: select permission0_.character_id as characte6_12_0_, permission0_.permission_id as permissi1_12_0_, permission0_.permission_id as permissi1_12_1_, permission0_.character_id as characte6_12_1_, permission0_.permission_name as permissi2_12_1_, permission0_.permission_permission_unit_id as permissi3_12_1_, permission0_.permission_service as permissi4_12_1_, permission0_.permission_status as permissi5_12_1_ from permission permission0_ where permission0_.character_id=?
Hibernate: select userjoinin0_.user_joining_pool_id as col_0_0_ from user_joining_pool userjoinin0_ where userjoinin0_.user_user_id=? limit ?
Hibernate: select userjoinin0_.user_joining_pool_id as user_joi1_22_, userjoinin0_.user_created_at as user_cre2_22_, userjoinin0_.user_name as user_nam3_22_, userjoinin0_.user_phone_number as user_pho4_22_, userjoinin0_.user_user_id as user_use5_22_, userjoinin0_.user_user_password as user_use6_22_ from user_joining_pool userjoinin0_ where userjoinin0_.user_user_id=?
Hibernate: select character0_.character_id as characte1_6_, character0_.character_character_name as characte2_6_ from characters character0_ where character0_.character_character_name=?
Hibernate: insert into user (user_id, character_id, user_created_at, user_name, user_phone_number, user_user_id, user_user_password) values (default, ?, ?, ?, ?, ?, ?)
Hibernate: DELETE FROM USER_JOINING_POOL as JU where JU.USER_USER_ID =?
Hibernate: select user0_.user_id as col_0_0_ from user user0_ where user0_.user_user_id=? limit ?
Hibernate: select user0_.user_id as col_0_0_ from user user0_ where user0_.user_user_id=? limit ?
Hibernate: select U.* from USER U where U.USER_USER_ID =?
Hibernate: select character0_.character_id as characte1_6_0_, character0_.character_character_name as characte2_6_0_ from characters character0_ where character0_.character_id=?
Hibernate: select user0_.user_id as col_0_0_ from user user0_ where user0_.user_user_id=? limit ?
Hibernate: select userjoinin0_.user_joining_pool_id as col_0_0_ from user_joining_pool userjoinin0_ where userjoinin0_.user_user_id=? limit ?
Hibernate: select character0_.character_id as col_0_0_ from characters character0_ where character0_.character_character_name=? limit ?
Hibernate: insert into user_joining_pool (user_joining_pool_id, user_created_at, user_name, user_phone_number, user_user_id, user_user_password) values (default, ?, ?, ?, ?, ?)
Hibernate: select user0_.user_id as user_id1_21_0_, user0_.character_id as characte7_21_0_, user0_.user_created_at as user_cre2_21_0_, user0_.user_name as user_nam3_21_0_, user0_.user_phone_number as user_pho4_21_0_, user0_.user_user_id as user_use5_21_0_, user0_.user_user_password as user_use6_21_0_ from user user0_ where user0_.user_id=?
Hibernate: select character0_.character_id as characte1_6_0_, character0_.character_character_name as characte2_6_0_ from characters character0_ where character0_.character_id=?
Hibernate: select count(*) as col_0_0_ from user user0_ where user0_.user_id=?
Hibernate: select character1_.character_id as characte1_6_, character1_.character_character_name as characte2_6_ from user user0_ inner join characters character1_ on user0_.character_id=character1_.character_id where user0_.user_id=?
Hibernate: select permission0_.character_id as characte6_12_0_, permission0_.permission_id as permissi1_12_0_, permission0_.permission_id as permissi1_12_1_, permission0_.character_id as characte6_12_1_, permission0_.permission_name as permissi2_12_1_, permission0_.permission_permission_unit_id as permissi3_12_1_, permission0_.permission_service as permissi4_12_1_, permission0_.permission_status as permissi5_12_1_ from permission permission0_ where permission0_.character_id=?
Hibernate: select userjoinin0_.user_joining_pool_id as col_0_0_ from user_joining_pool userjoinin0_ where userjoinin0_.user_user_id=? limit ?
Hibernate: select userjoinin0_.user_joining_pool_id as user_joi1_22_, userjoinin0_.user_created_at as user_cre2_22_, userjoinin0_.user_name as user_nam3_22_, userjoinin0_.user_phone_number as user_pho4_22_, userjoinin0_.user_user_id as user_use5_22_, userjoinin0_.user_user_password as user_use6_22_ from user_joining_pool userjoinin0_ where userjoinin0_.user_user_id=?
Hibernate: select character0_.character_id as characte1_6_, character0_.character_character_name as characte2_6_ from characters character0_ where character0_.character_character_name=?
Hibernate: insert into user (user_id, character_id, user_created_at, user_name, user_phone_number, user_user_id, user_user_password) values (default, ?, ?, ?, ?, ?, ?)
Hibernate: DELETE FROM USER_JOINING_POOL as JU where JU.USER_USER_ID =?
Hibernate: select user0_.user_id as col_0_0_ from user user0_ where user0_.user_user_id=? limit ?
Hibernate: select user0_.user_id as col_0_0_ from user user0_ where user0_.user_user_id=? limit ?
Hibernate: select U.* from USER U where U.USER_USER_ID =?
Hibernate: select character0_.character_id as characte1_6_0_, character0_.character_character_name as characte2_6_0_ from characters character0_ where character0_.character_id=?
Hibernate: select user0_.user_id as col_0_0_ from user user0_ where user0_.user_user_id=? limit ?
Hibernate: select userjoinin0_.user_joining_pool_id as col_0_0_ from user_joining_pool userjoinin0_ where userjoinin0_.user_user_id=? limit ?
Hibernate: select character0_.character_id as col_0_0_ from characters character0_ where character0_.character_character_name=? limit ?
Hibernate: insert into user_joining_pool (user_joining_pool_id, user_created_at, user_name, user_phone_number, user_user_id, user_user_password) values (default, ?, ?, ?, ?, ?)
Hibernate: select user0_.user_id as user_id1_21_0_, user0_.character_id as characte7_21_0_, user0_.user_created_at as user_cre2_21_0_, user0_.user_name as user_nam3_21_0_, user0_.user_phone_number as user_pho4_21_0_, user0_.user_user_id as user_use5_21_0_, user0_.user_user_password as user_use6_21_0_ from user user0_ where user0_.user_id=?
Hibernate: select character0_.character_id as characte1_6_0_, character0_.character_character_name as characte2_6_0_ from characters character0_ where character0_.character_id=?
Hibernate: select count(*) as col_0_0_ from user user0_ where user0_.user_id=?
Hibernate: select character1_.character_id as characte1_6_, character1_.character_character_name as characte2_6_ from user user0_ inner join characters character1_ on user0_.character_id=character1_.character_id where user0_.user_id=?
Hibernate: select permission0_.character_id as characte6_12_0_, permission0_.permission_id as permissi1_12_0_, permission0_.permission_id as permissi1_12_1_, permission0_.character_id as characte6_12_1_, permission0_.permission_name as permissi2_12_1_, permission0_.permission_permission_unit_id as permissi3_12_1_, permission0_.permission_service as permissi4_12_1_, permission0_.permission_status as permissi5_12_1_ from permission permission0_ where permission0_.character_id=?
Hibernate: select userjoinin0_.user_joining_pool_id as col_0_0_ from user_joining_pool userjoinin0_ where userjoinin0_.user_user_id=? limit ?
Hibernate: select userjoinin0_.user_joining_pool_id as user_joi1_22_, userjoinin0_.user_created_at as user_cre2_22_, userjoinin0_.user_name as user_nam3_22_, userjoinin0_.user_phone_number as user_pho4_22_, userjoinin0_.user_user_id as user_use5_22_, userjoinin0_.user_user_password as user_use6_22_ from user_joining_pool userjoinin0_ where userjoinin0_.user_user_id=?
Hibernate: select character0_.character_id as characte1_6_, character0_.character_character_name as characte2_6_ from characters character0_ where character0_.character_character_name=?
Hibernate: insert into user (user_id, character_id, user_created_at, user_name, user_phone_number, user_user_id, user_user_password) values (default, ?, ?, ?, ?, ?, ?)
Hibernate: DELETE FROM USER_JOINING_POOL as JU where JU.USER_USER_ID =?
Hibernate: select user0_.user_id as col_0_0_ from user user0_ where user0_.user_user_id=? limit ?
Hibernate: select user0_.user_id as col_0_0_ from user user0_ where user0_.user_user_id=? limit ?
Hibernate: select U.* from USER U where U.USER_USER_ID =?
Hibernate: select character0_.character_id as characte1_6_0_, character0_.character_character_name as characte2_6_0_ from characters character0_ where character0_.character_id=?
Hibernate: select user0_.user_id as col_0_0_ from user user0_ where user0_.user_user_id=? limit ?
Hibernate: select userjoinin0_.user_joining_pool_id as col_0_0_ from user_joining_pool userjoinin0_ where userjoinin0_.user_user_id=? limit ?
Hibernate: select character0_.character_id as col_0_0_ from characters character0_ where character0_.character_character_name=? limit ?
Hibernate: insert into user_joining_pool (user_joining_pool_id, user_created_at, user_name, user_phone_number, user_user_id, user_user_password) values (default, ?, ?, ?, ?, ?)
Hibernate: select user0_.user_id as user_id1_21_0_, user0_.character_id as characte7_21_0_, user0_.user_created_at as user_cre2_21_0_, user0_.user_name as user_nam3_21_0_, user0_.user_phone_number as user_pho4_21_0_, user0_.user_user_id as user_use5_21_0_, user0_.user_user_password as user_use6_21_0_ from user user0_ where user0_.user_id=?
Hibernate: select character0_.character_id as characte1_6_0_, character0_.character_character_name as characte2_6_0_ from characters character0_ where character0_.character_id=?
Hibernate: select count(*) as col_0_0_ from user user0_ where user0_.user_id=?
Hibernate: select character1_.character_id as characte1_6_, character1_.character_character_name as characte2_6_ from user user0_ inner join characters character1_ on user0_.character_id=character1_.character_id where user0_.user_id=?
Hibernate: select permission0_.character_id as characte6_12_0_, permission0_.permission_id as permissi1_12_0_, permission0_.permission_id as permissi1_12_1_, permission0_.character_id as characte6_12_1_, permission0_.permission_name as permissi2_12_1_, permission0_.permission_permission_unit_id as permissi3_12_1_, permission0_.permission_service as permissi4_12_1_, permission0_.permission_status as permissi5_12_1_ from permission permission0_ where permission0_.character_id=?
Hibernate: select userjoinin0_.user_joining_pool_id as col_0_0_ from user_joining_pool userjoinin0_ where userjoinin0_.user_user_id=? limit ?
Hibernate: select userjoinin0_.user_joining_pool_id as user_joi1_22_, userjoinin0_.user_created_at as user_cre2_22_, userjoinin0_.user_name as user_nam3_22_, userjoinin0_.user_phone_number as user_pho4_22_, userjoinin0_.user_user_id as user_use5_22_, userjoinin0_.user_user_password as user_use6_22_ from user_joining_pool userjoinin0_ where userjoinin0_.user_user_id=?
Hibernate: select character0_.character_id as characte1_6_, character0_.character_character_name as characte2_6_ from characters character0_ where character0_.character_character_name=?
Hibernate: insert into user (user_id, character_id, user_created_at, user_name, user_phone_number, user_user_id, user_user_password) values (default, ?, ?, ?, ?, ?, ?)
Hibernate: DELETE FROM USER_JOINING_POOL as JU where JU.USER_USER_ID =?
Hibernate: select user0_.user_id as col_0_0_ from user user0_ where user0_.user_user_id=? limit ?
Hibernate: select user0_.user_id as col_0_0_ from user user0_ where user0_.user_user_id=? limit ?
Hibernate: select U.* from USER U where U.USER_USER_ID =?
Hibernate: select character0_.character_id as characte1_6_0_, character0_.character_character_name as characte2_6_0_ from characters character0_ where character0_.character_id=?
Hibernate: select user0_.user_id as col_0_0_ from user user0_ where user0_.user_user_id=? limit ?
Hibernate: select userjoinin0_.user_joining_pool_id as col_0_0_ from user_joining_pool userjoinin0_ where userjoinin0_.user_user_id=? limit ?
Hibernate: select character0_.character_id as col_0_0_ from characters character0_ where character0_.character_character_name=? limit ?
Hibernate: insert into user_joining_pool (user_joining_pool_id, user_created_at, user_name, user_phone_number, user_user_id, user_user_password) values (default, ?, ?, ?, ?, ?)
Hibernate: select user0_.user_id as user_id1_21_0_, user0_.character_id as characte7_21_0_, user0_.user_created_at as user_cre2_21_0_, user0_.user_name as user_nam3_21_0_, user0_.user_phone_number as user_pho4_21_0_, user0_.user_user_id as user_use5_21_0_, user0_.user_user_password as user_use6_21_0_ from user user0_ where user0_.user_id=?
Hibernate: select character0_.character_id as characte1_6_0_, character0_.character_character_name as characte2_6_0_ from characters character0_ where character0_.character_id=?
Hibernate: select count(*) as col_0_0_ from user user0_ where user0_.user_id=?
Hibernate: select character1_.character_id as characte1_6_, character1_.character_character_name as characte2_6_ from user user0_ inner join characters character1_ on user0_.character_id=character1_.character_id where user0_.user_id=?
Hibernate: select permission0_.character_id as characte6_12_0_, permission0_.permission_id as permissi1_12_0_, permission0_.permission_id as permissi1_12_1_, permission0_.character_id as characte6_12_1_, permission0_.permission_name as permissi2_12_1_, permission0_.permission_permission_unit_id as permissi3_12_1_, permission0_.permission_service as permissi4_12_1_, permission0_.permission_status as permissi5_12_1_ from permission permission0_ where permission0_.character_id=?
Hibernate: select userjoinin0_.user_joining_pool_id as col_0_0_ from user_joining_pool userjoinin0_ where userjoinin0_.user_user_id=? limit ?
Hibernate: select userjoinin0_.user_joining_pool_id as user_joi1_22_, userjoinin0_.user_created_at as user_cre2_22_, userjoinin0_.user_name as user_nam3_22_, userjoinin0_.user_phone_number as user_pho4_22_, userjoinin0_.user_user_id as user_use5_22_, userjoinin0_.user_user_password as user_use6_22_ from user_joining_pool userjoinin0_ where userjoinin0_.user_user_id=?
Hibernate: select character0_.character_id as characte1_6_, character0_.character_character_name as characte2_6_ from characters character0_ where character0_.character_character_name=?
Hibernate: insert into user (user_id, character_id, user_created_at, user_name, user_phone_number, user_user_id, user_user_password) values (default, ?, ?, ?, ?, ?, ?)
Hibernate: DELETE FROM USER_JOINING_POOL as JU where JU.USER_USER_ID =?
Hibernate: select user0_.user_id as col_0_0_ from user user0_ where user0_.user_user_id=? limit ?
Hibernate: select user0_.user_id as col_0_0_ from user user0_ where user0_.user_user_id=? limit ?
Hibernate: select U.* from USER U where U.USER_USER_ID =?
Hibernate: select character0_.character_id as characte1_6_0_, character0_.character_character_name as characte2_6_0_ from characters character0_ where character0_.character_id=?
Hibernate: select user0_.user_id as col_0_0_ from user user0_ where user0_.user_user_id=? limit ?
Hibernate: select userjoinin0_.user_joining_pool_id as col_0_0_ from user_joining_pool userjoinin0_ where userjoinin0_.user_user_id=? limit ?
Hibernate: select character0_.character_id as col_0_0_ from characters character0_ where character0_.character_character_name=? limit ?
Hibernate: insert into user_joining_pool (user_joining_pool_id, user_created_at, user_name, user_phone_number, user_user_id, user_user_password) values (default, ?, ?, ?, ?, ?)
Hibernate: select user0_.user_id as user_id1_21_0_, user0_.character_id as characte7_21_0_, user0_.user_created_at as user_cre2_21_0_, user0_.user_name as user_nam3_21_0_, user0_.user_phone_number as user_pho4_21_0_, user0_.user_user_id as user_use5_21_0_, user0_.user_user_password as user_use6_21_0_ from user user0_ where user0_.user_id=?
Hibernate: select character0_.character_id as characte1_6_0_, character0_.character_character_name as characte2_6_0_ from characters character0_ where character0_.character_id=?
Hibernate: select count(*) as col_0_0_ from user user0_ where user0_.user_id=?
Hibernate: select character1_.character_id as characte1_6_, character1_.character_character_name as characte2_6_ from user user0_ inner join characters character1_ on user0_.character_id=character1_.character_id where user0_.user_id=?
Hibernate: select permission0_.character_id as characte6_12_0_, permission0_.permission_id as permissi1_12_0_, permission0_.permission_id as permissi1_12_1_, permission0_.character_id as characte6_12_1_, permission0_.permission_name as permissi2_12_1_, permission0_.permission_permission_unit_id as permissi3_12_1_, permission0_.permission_service as permissi4_12_1_, permission0_.permission_status as permissi5_12_1_ from permission permission0_ where permission0_.character_id=?
Hibernate: select userjoinin0_.user_joining_pool_id as col_0_0_ from user_joining_pool userjoinin0_ where userjoinin0_.user_user_id=? limit ?
Hibernate: select userjoinin0_.user_joining_pool_id as user_joi1_22_, userjoinin0_.user_created_at as user_cre2_22_, userjoinin0_.user_name as user_nam3_22_, userjoinin0_.user_phone_number as user_pho4_22_, userjoinin0_.user_user_id as user_use5_22_, userjoinin0_.user_user_password as user_use6_22_ from user_joining_pool userjoinin0_ where userjoinin0_.user_user_id=?
Hibernate: select character0_.character_id as characte1_6_, character0_.character_character_name as characte2_6_ from characters character0_ where character0_.character_character_name=?
Hibernate: insert into user (user_id, character_id, user_created_at, user_name, user_phone_number, user_user_id, user_user_password) values (default, ?, ?, ?, ?, ?, ?)
Hibernate: DELETE FROM USER_JOINING_POOL as JU where JU.USER_USER_ID =?
Hibernate: select user0_.user_id as col_0_0_ from user user0_ where user0_.user_user_id=? limit ?
Hibernate: select user0_.user_id as col_0_0_ from user user0_ where user0_.user_user_id=? limit ?
Hibernate: select U.* from USER U where U.USER_USER_ID =?
Hibernate: select character0_.character_id as characte1_6_0_, character0_.character_character_name as characte2_6_0_ from characters character0_ where character0_.character_id=?
Hibernate: select user0_.user_id as col_0_0_ from user user0_ where user0_.user_user_id=? limit ?
Hibernate: select userjoinin0_.user_joining_pool_id as col_0_0_ from user_joining_pool userjoinin0_ where userjoinin0_.user_user_id=? limit ?
Hibernate: select character0_.character_id as col_0_0_ from characters character0_ where character0_.character_character_name=? limit ?
Hibernate: insert into user_joining_pool (user_joining_pool_id, user_created_at, user_name, user_phone_number, user_user_id, user_user_password) values (default, ?, ?, ?, ?, ?)
Hibernate: select user0_.user_id as user_id1_21_0_, user0_.character_id as characte7_21_0_, user0_.user_created_at as user_cre2_21_0_, user0_.user_name as user_nam3_21_0_, user0_.user_phone_number as user_pho4_21_0_, user0_.user_user_id as user_use5_21_0_, user0_.user_user_password as user_use6_21_0_ from user user0_ where user0_.user_id=?
Hibernate: select character0_.character_id as characte1_6_0_, character0_.character_character_name as characte2_6_0_ from characters character0_ where character0_.character_id=?
Hibernate: select count(*) as col_0_0_ from user user0_ where user0_.user_id=?
Hibernate: select character1_.character_id as characte1_6_, character1_.character_character_name as characte2_6_ from user user0_ inner join characters character1_ on user0_.character_id=character1_.character_id where user0_.user_id=?
Hibernate: select permission0_.character_id as characte6_12_0_, permission0_.permission_id as permissi1_12_0_, permission0_.permission_id as permissi1_12_1_, permission0_.character_id as characte6_12_1_, permission0_.permission_name as permissi2_12_1_, permission0_.permission_permission_unit_id as permissi3_12_1_, permission0_.permission_service as permissi4_12_1_, permission0_.permission_status as permissi5_12_1_ from permission permission0_ where permission0_.character_id=?
Hibernate: select userjoinin0_.user_joining_pool_id as col_0_0_ from user_joining_pool userjoinin0_ where userjoinin0_.user_user_id=? limit ?
Hibernate: select userjoinin0_.user_joining_pool_id as user_joi1_22_, userjoinin0_.user_created_at as user_cre2_22_, userjoinin0_.user_name as user_nam3_22_, userjoinin0_.user_phone_number as user_pho4_22_, userjoinin0_.user_user_id as user_use5_22_, userjoinin0_.user_user_password as user_use6_22_ from user_joining_pool userjoinin0_ where userjoinin0_.user_user_id=?
Hibernate: select character0_.character_id as characte1_6_, character0_.character_character_name as characte2_6_ from characters character0_ where character0_.character_character_name=?
Hibernate: insert into user (user_id, character_id, user_created_at, user_name, user_phone_number, user_user_id, user_user_password) values (default, ?, ?, ?, ?, ?, ?)
Hibernate: DELETE FROM USER_JOINING_POOL as JU where JU.USER_USER_ID =?
Hibernate: select user0_.user_id as col_0_0_ from user user0_ where user0_.user_user_id=? limit ?
Hibernate: select user0_.user_id as col_0_0_ from user user0_ where user0_.user_user_id=? limit ?
Hibernate: select U.* from USER U where U.USER_USER_ID =?
Hibernate: select character0_.character_id as characte1_6_0_, character0_.character_character_name as characte2_6_0_ from characters character0_ where character0_.character_id=?
Hibernate: select user0_.user_id as col_0_0_ from user user0_ where user0_.user_user_id=? limit ?
Hibernate: select userjoinin0_.user_joining_pool_id as col_0_0_ from user_joining_pool userjoinin0_ where userjoinin0_.user_user_id=? limit ?
Hibernate: select character0_.character_id as col_0_0_ from characters character0_ where character0_.character_character_name=? limit ?
Hibernate: insert into user_joining_pool (user_joining_pool_id, user_created_at, user_name, user_phone_number, user_user_id, user_user_password) values (default, ?, ?, ?, ?, ?)
Hibernate: select user0_.user_id as user_id1_21_0_, user0_.character_id as characte7_21_0_, user0_.user_created_at as user_cre2_21_0_, user0_.user_name as user_nam3_21_0_, user0_.user_phone_number as user_pho4_21_0_, user0_.user_user_id as user_use5_21_0_, user0_.user_user_password as user_use6_21_0_ from user user0_ where user0_.user_id=?
Hibernate: select character0_.character_id as characte1_6_0_, character0_.character_character_name as characte2_6_0_ from characters character0_ where character0_.character_id=?
Hibernate: select count(*) as col_0_0_ from user user0_ where user0_.user_id=?
Hibernate: select character1_.character_id as characte1_6_, character1_.character_character_name as characte2_6_ from user user0_ inner join characters character1_ on user0_.character_id=character1_.character_id where user0_.user_id=?
Hibernate: select permission0_.character_id as characte6_12_0_, permission0_.permission_id as permissi1_12_0_, permission0_.permission_id as permissi1_12_1_, permission0_.character_id as characte6_12_1_, permission0_.permission_name as permissi2_12_1_, permission0_.permission_permission_unit_id as permissi3_12_1_, permission0_.permission_service as permissi4_12_1_, permission0_.permission_status as permissi5_12_1_ from permission permission0_ where permission0_.character_id=?
Hibernate: select userjoinin0_.user_joining_pool_id as col_0_0_ from user_joining_pool userjoinin0_ where userjoinin0_.user_user_id=? limit ?
Hibernate: select userjoinin0_.user_joining_pool_id as user_joi1_22_, userjoinin0_.user_created_at as user_cre2_22_, userjoinin0_.user_name as user_nam3_22_, userjoinin0_.user_phone_number as user_pho4_22_, userjoinin0_.user_user_id as user_use5_22_, userjoinin0_.user_user_password as user_use6_22_ from user_joining_pool userjoinin0_ where userjoinin0_.user_user_id=?
Hibernate: select character0_.character_id as characte1_6_, character0_.character_character_name as characte2_6_ from characters character0_ where character0_.character_character_name=?
Hibernate: insert into user (user_id, character_id, user_created_at, user_name, user_phone_number, user_user_id, user_user_password) values (default, ?, ?, ?, ?, ?, ?)
Hibernate: DELETE FROM USER_JOINING_POOL as JU where JU.USER_USER_ID =?
Hibernate: select user0_.user_id as col_0_0_ from user user0_ where user0_.user_user_id=? limit ?
Hibernate: select user0_.user_id as col_0_0_ from user user0_ where user0_.user_user_id=? limit ?
Hibernate: select U.* from USER U where U.USER_USER_ID =?
Hibernate: select character0_.character_id as characte1_6_0_, character0_.character_character_name as characte2_6_0_ from characters character0_ where character0_.character_id=?
Hibernate: select user0_.user_id as col_0_0_ from user user0_ where user0_.user_user_id=? limit ?
Hibernate: select userjoinin0_.user_joining_pool_id as col_0_0_ from user_joining_pool userjoinin0_ where userjoinin0_.user_user_id=? limit ?
Hibernate: select character0_.character_id as col_0_0_ from characters character0_ where character0_.character_character_name=? limit ?
Hibernate: insert into user_joining_pool (user_joining_pool_id, user_created_at, user_name, user_phone_number, user_user_id, user_user_password) values (default, ?, ?, ?, ?, ?)
Hibernate: select user0_.user_id as user_id1_21_0_, user0_.character_id as characte7_21_0_, user0_.user_created_at as user_cre2_21_0_, user0_.user_name as user_nam3_21_0_, user0_.user_phone_number as user_pho4_21_0_, user0_.user_user_id as user_use5_21_0_, user0_.user_user_password as user_use6_21_0_ from user user0_ where user0_.user_id=?
Hibernate: select character0_.character_id as characte1_6_0_, character0_.character_character_name as characte2_6_0_ from characters character0_ where character0_.character_id=?
Hibernate: select count(*) as col_0_0_ from user user0_ where user0_.user_id=?
Hibernate: select character1_.character_id as characte1_6_, character1_.character_character_name as characte2_6_ from user user0_ inner join characters character1_ on user0_.character_id=character1_.character_id where user0_.user_id=?
Hibernate: select permission0_.character_id as characte6_12_0_, permission0_.permission_id as permissi1_12_0_, permission0_.permission_id as permissi1_12_1_, permission0_.character_id as characte6_12_1_, permission0_.permission_name as permissi2_12_1_, permission0_.permission_permission_unit_id as permissi3_12_1_, permission0_.permission_service as permissi4_12_1_, permission0_.permission_status as permissi5_12_1_ from permission permission0_ where permission0_.character_id=?
Hibernate: select userjoinin0_.user_joining_pool_id as col_0_0_ from user_joining_pool userjoinin0_ where userjoinin0_.user_user_id=? limit ?
Hibernate: select userjoinin0_.user_joining_pool_id as user_joi1_22_, userjoinin0_.user_created_at as user_cre2_22_, userjoinin0_.user_name as user_nam3_22_, userjoinin0_.user_phone_number as user_pho4_22_, userjoinin0_.user_user_id as user_use5_22_, userjoinin0_.user_user_password as user_use6_22_ from user_joining_pool userjoinin0_ where userjoinin0_.user_user_id=?
Hibernate: select character0_.character_id as characte1_6_, character0_.character_character_name as characte2_6_ from characters character0_ where character0_.character_character_name=?
Hibernate: insert into user (user_id, character_id, user_created_at, user_name, user_phone_number, user_user_id, user_user_password) values (default, ?, ?, ?, ?, ?, ?)
Hibernate: DELETE FROM USER_JOINING_POOL as JU where JU.USER_USER_ID =?
Hibernate: select user0_.user_id as user_id1_21_0_, user0_.character_id as characte7_21_0_, user0_.user_created_at as user_cre2_21_0_, user0_.user_name as user_nam3_21_0_, user0_.user_phone_number as user_pho4_21_0_, user0_.user_user_id as user_use5_21_0_, user0_.user_user_password as user_use6_21_0_ from user user0_ where user0_.user_id=?
Hibernate: select character0_.character_id as characte1_6_0_, character0_.character_character_name as characte2_6_0_ from characters character0_ where character0_.character_id=?
Hibernate: select count(*) as col_0_0_ from user user0_ where user0_.user_id=?
Hibernate: select character1_.character_id as characte1_6_, character1_.character_character_name as characte2_6_ from user user0_ inner join characters character1_ on user0_.character_id=character1_.character_id where user0_.user_id=?
Hibernate: select permission0_.character_id as characte6_12_0_, permission0_.permission_id as permissi1_12_0_, permission0_.permission_id as permissi1_12_1_, permission0_.character_id as characte6_12_1_, permission0_.permission_name as permissi2_12_1_, permission0_.permission_permission_unit_id as permissi3_12_1_, permission0_.permission_service as permissi4_12_1_, permission0_.permission_status as permissi5_12_1_ from permission permission0_ where permission0_.character_id=?
Hibernate: select user0_.user_id as col_0_0_ from user user0_ where user0_.user_user_id=? limit ?
Hibernate: select user0_.user_id as col_0_0_ from user user0_ where user0_.user_user_id=? limit ?
Hibernate: select user0_.user_id as col_0_0_ from user user0_ where user0_.user_user_id=? limit ?
Hibernate: select user0_.user_id as col_0_0_ from user user0_ where user0_.user_user_id=? limit ?
Hibernate: select user0_.user_id as col_0_0_ from user user0_ where user0_.user_user_id=? limit ?
Hibernate: select user0_.user_id as user_id1_21_, user0_.character_id as characte7_21_, user0_.user_created_at as user_cre2_21_, user0_.user_name as user_nam3_21_, user0_.user_phone_number as user_pho4_21_, user0_.user_user_id as user_use5_21_, user0_.user_user_password as user_use6_21_ from user user0_ inner join characters character1_ on user0_.character_id=character1_.character_id where user0_.user_user_id=?
Hibernate: select character0_.character_id as characte1_6_0_, character0_.character_character_name as characte2_6_0_ from characters character0_ where character0_.character_id=?
Hibernate: select user0_.user_id as user_id1_21_, user0_.character_id as characte7_21_, user0_.user_created_at as user_cre2_21_, user0_.user_name as user_nam3_21_, user0_.user_phone_number as user_pho4_21_, user0_.user_user_id as user_use5_21_, user0_.user_user_password as user_use6_21_ from user user0_ inner join characters character1_ on user0_.character_id=character1_.character_id where user0_.user_user_id=?
Hibernate: select user0_.user_id as user_id1_21_, user0_.character_id as characte7_21_, user0_.user_created_at as user_cre2_21_, user0_.user_name as user_nam3_21_, user0_.user_phone_number as user_pho4_21_, user0_.user_user_id as user_use5_21_, user0_.user_user_password as user_use6_21_ from user user0_ inner join characters character1_ on user0_.character_id=character1_.character_id where user0_.user_user_id=?
Hibernate: select user0_.user_id as user_id1_21_, user0_.character_id as characte7_21_, user0_.user_created_at as user_cre2_21_, user0_.user_name as user_nam3_21_, user0_.user_phone_number as user_pho4_21_, user0_.user_user_id as user_use5_21_, user0_.user_user_password as user_use6_21_ from user user0_ inner join characters character1_ on user0_.character_id=character1_.character_id where user0_.user_user_id=?
Hibernate: select user0_.user_id as user_id1_21_, user0_.character_id as characte7_21_, user0_.user_created_at as user_cre2_21_, user0_.user_name as user_nam3_21_, user0_.user_phone_number as user_pho4_21_, user0_.user_user_id as user_use5_21_, user0_.user_user_password as user_use6_21_ from user user0_ inner join characters character1_ on user0_.character_id=character1_.character_id where user0_.user_user_id=?
Hibernate: insert into team_building (team_building_team_building_id, team_building_created_at, team_building_last_modified_at, team_building_team_building_title) values (default, ?, ?, ?)
Hibernate: insert into team (team_team_id, team_last_modified_at, team_building_team_building_id, team_team_name) values (default, ?, ?, ?)
Hibernate: insert into team_user (team_user_id, team_team_id, user_id) values (default, ?, ?)
Hibernate: insert into team_user (team_user_id, team_team_id, user_id) values (default, ?, ?)
Hibernate: insert into team_user (team_user_id, team_team_id, user_id) values (default, ?, ?)
Hibernate: insert into team (team_team_id, team_last_modified_at, team_building_team_building_id, team_team_name) values (default, ?, ?, ?)
Hibernate: insert into team_user (team_user_id, team_team_id, user_id) values (default, ?, ?)
Hibernate: insert into team_user (team_user_id, team_team_id, user_id) values (default, ?, ?)
Hibernate: select user0_.user_id as user_id1_21_0_, user0_.character_id as characte7_21_0_, user0_.user_created_at as user_cre2_21_0_, user0_.user_name as user_nam3_21_0_, user0_.user_phone_number as user_pho4_21_0_, user0_.user_user_id as user_use5_21_0_, user0_.user_user_password as user_use6_21_0_ from user user0_ where user0_.user_id=?
Hibernate: select character0_.character_id as characte1_6_0_, character0_.character_character_name as characte2_6_0_ from characters character0_ where character0_.character_id=?
Hibernate: select count(*) as col_0_0_ from user user0_ where user0_.user_id=?
Hibernate: select character1_.character_id as characte1_6_, character1_.character_character_name as characte2_6_ from user user0_ inner join characters character1_ on user0_.character_id=character1_.character_id where user0_.user_id=?
Hibernate: select permission0_.character_id as characte6_12_0_, permission0_.permission_id as permissi1_12_0_, permission0_.permission_id as permissi1_12_1_, permission0_.character_id as characte6_12_1_, permission0_.permission_name as permissi2_12_1_, permission0_.permission_permission_unit_id as permissi3_12_1_, permission0_.permission_service as permissi4_12_1_, permission0_.permission_status as permissi5_12_1_ from permission permission0_ where permission0_.character_id=?
Hibernate: select user0_.user_id as col_0_0_ from user user0_ where user0_.user_user_id=? limit ?
Hibernate: select user0_.user_id as col_0_0_ from user user0_ where user0_.user_user_id=? limit ?
Hibernate: select user0_.user_id as col_0_0_ from user user0_ where user0_.user_user_id=? limit ?
Hibernate: select user0_.user_id as col_0_0_ from user user0_ where user0_.user_user_id=? limit ?
Hibernate: select user0_.user_id as col_0_0_ from user user0_ where user0_.user_user_id=? limit ?
Hibernate: select user0_.user_id as user_id1_21_, user0_.character_id as characte7_21_, user0_.user_created_at as user_cre2_21_, user0_.user_name as user_nam3_21_, user0_.user_phone_number as user_pho4_21_, user0_.user_user_id as user_use5_21_, user0_.user_user_password as user_use6_21_ from user user0_ inner join characters character1_ on user0_.character_id=character1_.character_id where user0_.user_user_id=?
Hibernate: select character0_.character_id as characte1_6_0_, character0_.character_character_name as characte2_6_0_ from characters character0_ where character0_.character_id=?
Hibernate: select user0_.user_id as user_id1_21_, user0_.character_id as characte7_21_, user0_.user_created_at as user_cre2_21_, user0_.user_name as user_nam3_21_, user0_.user_phone_number as user_pho4_21_, user0_.user_user_id as user_use5_21_, user0_.user_user_password as user_use6_21_ from user user0_ inner join characters character1_ on user0_.character_id=character1_.character_id where user0_.user_user_id=?
Hibernate: select user0_.user_id as user_id1_21_, user0_.character_id as characte7_21_, user0_.user_created_at as user_cre2_21_, user0_.user_name as user_nam3_21_, user0_.user_phone_number as user_pho4_21_, user0_.user_user_id as user_use5_21_, user0_.user_user_password as user_use6_21_ from user user0_ inner join characters character1_ on user0_.character_id=character1_.character_id where user0_.user_user_id=?
Hibernate: select user0_.user_id as user_id1_21_, user0_.character_id as characte7_21_, user0_.user_created_at as user_cre2_21_, user0_.user_name as user_nam3_21_, user0_.user_phone_number as user_pho4_21_, user0_.user_user_id as user_use5_21_, user0_.user_user_password as user_use6_21_ from user user0_ inner join characters character1_ on user0_.character_id=character1_.character_id where user0_.user_user_id=?
Hibernate: select user0_.user_id as user_id1_21_, user0_.character_id as characte7_21_, user0_.user_created_at as user_cre2_21_, user0_.user_name as user_nam3_21_, user0_.user_phone_number as user_pho4_21_, user0_.user_user_id as user_use5_21_, user0_.user_user_password as user_use6_21_ from user user0_ inner join characters character1_ on user0_.character_id=character1_.character_id where user0_.user_user_id=?
Hibernate: insert into team_building (team_building_team_building_id, team_building_created_at, team_building_last_modified_at, team_building_team_building_title) values (default, ?, ?, ?)
Hibernate: insert into team (team_team_id, team_last_modified_at, team_building_team_building_id, team_team_name) values (default, ?, ?, ?)
Hibernate: insert into team_user (team_user_id, team_team_id, user_id) values (default, ?, ?)
Hibernate: insert into team_user (team_user_id, team_team_id, user_id) values (default, ?, ?)
Hibernate: insert into team (team_team_id, team_last_modified_at, team_building_team_building_id, team_team_name) values (default, ?, ?, ?)
Hibernate: insert into team_user (team_user_id, team_team_id, user_id) values (default, ?, ?)
Hibernate: insert into team_user (team_user_id, team_team_id, user_id) values (default, ?, ?)
Hibernate: insert into team (team_team_id, team_last_modified_at, team_building_team_building_id, team_team_name) values (default, ?, ?, ?)
Hibernate: insert into team_user (team_user_id, team_team_id, user_id) values (default, ?, ?)
Hibernate: select user0_.user_id as user_id1_21_0_, user0_.character_id as characte7_21_0_, user0_.user_created_at as user_cre2_21_0_, user0_.user_name as user_nam3_21_0_, user0_.user_phone_number as user_pho4_21_0_, user0_.user_user_id as user_use5_21_0_, user0_.user_user_password as user_use6_21_0_ from user user0_ where user0_.user_id=?
Hibernate: select character0_.character_id as characte1_6_0_, character0_.character_character_name as characte2_6_0_ from characters character0_ where character0_.character_id=?
Hibernate: select count(*) as col_0_0_ from team_building teambuildi0_
Hibernate: select count(*) as col_0_0_ from team_building teambuildi0_

MockHttpServletRequest:
      HTTP Method = GET
      Request URI = /teambuilding
       Parameters = {from=[0], to=[-2]}
          Headers = [Accept:"application/json", api-version:"1.0", Authorization:"Bearer eyJhbGciOiJIUzI1NiJ9.eyJzdWIiOiIxIiwiaWF0IjoxNjg3ODc3NDY5LCJleHAiOjE2ODc4ODEwNjl9.5GpcrqH17WaCEi6670WViYdxZ8Db7S7TQOeUs9MSnKg"]
             Body = null
    Session Attrs = {}

Handler:
             Type = org.waldreg.controller.teambuilding.TeamBuildingController
           Method = org.waldreg.controller.teambuilding.TeamBuildingController#readAllTeamBuilding(Integer, Integer)

Async:
    Async started = false
     Async result = null

Resolved Exception:
             Type = org.waldreg.teambuilding.exception.InvalidRangeException

ModelAndView:
        View name = null
             View = null
            Model = null

FlashMap:
       Attributes = null

MockHttpServletResponse:
           Status = 400
    Error message = null
          Headers = [Vary:"Origin", "Access-Control-Request-Method", "Access-Control-Request-Headers", Api-version:"1.0", Content-Type:"application/json"]
     Content type = application/json
             Body = {"code":"TEAMBUILDING-405","messages":"Invalid range start-idx \"0\", end-idx \"-2\"","document_url":"docs.waldreg.org"}
    Forwarded URL = null
   Redirected URL = null
          Cookies = []
Hibernate: select user0_.user_id as col_0_0_ from user user0_ where user0_.user_user_id=? limit ?
Hibernate: select user0_.user_id as col_0_0_ from user user0_ where user0_.user_user_id=? limit ?
Hibernate: select U.* from USER U where U.USER_USER_ID =?
Hibernate: select character0_.character_id as characte1_6_0_, character0_.character_character_name as characte2_6_0_ from characters character0_ where character0_.character_id=?
Hibernate: select user0_.user_id as user_id1_21_0_, user0_.character_id as characte7_21_0_, user0_.user_created_at as user_cre2_21_0_, user0_.user_name as user_nam3_21_0_, user0_.user_phone_number as user_pho4_21_0_, user0_.user_user_id as user_use5_21_0_, user0_.user_user_password as user_use6_21_0_ from user user0_ where user0_.user_id=?
Hibernate: select character0_.character_id as characte1_6_0_, character0_.character_character_name as characte2_6_0_ from characters character0_ where character0_.character_id=?
Hibernate: select count(*) as col_0_0_ from team_building teambuildi0_
Hibernate: select count(*) as col_0_0_ from team_building teambuildi0_
Hibernate: select teambuildi0_.team_building_team_building_id as team_bui1_19_, teambuildi0_.team_building_created_at as team_bui2_19_, teambuildi0_.team_building_last_modified_at as team_bui3_19_, teambuildi0_.team_building_team_building_title as team_bui4_19_ from team_building teambuildi0_ order by teambuildi0_.team_building_created_at desc, teambuildi0_.team_building_team_building_id desc limit ?
Hibernate: select teamlist0_.team_building_team_building_id as team_bui4_18_0_, teamlist0_.team_team_id as team_tea1_18_0_, teamlist0_.team_team_id as team_tea1_18_1_, teamlist0_.team_last_modified_at as team_las2_18_1_, teamlist0_.team_building_team_building_id as team_bui4_18_1_, teamlist0_.team_team_name as team_tea3_18_1_ from team teamlist0_ where teamlist0_.team_building_team_building_id=?
Hibernate: select teamuserli0_.team_team_id as team_tea2_20_0_, teamuserli0_.team_user_id as team_use1_20_0_, teamuserli0_.team_user_id as team_use1_20_1_, teamuserli0_.team_team_id as team_tea2_20_1_, teamuserli0_.user_id as user_id3_20_1_ from team_user teamuserli0_ where teamuserli0_.team_team_id=?
Hibernate: select user0_.user_id as user_id1_21_0_, user0_.character_id as characte7_21_0_, user0_.user_created_at as user_cre2_21_0_, user0_.user_name as user_nam3_21_0_, user0_.user_phone_number as user_pho4_21_0_, user0_.user_user_id as user_use5_21_0_, user0_.user_user_password as user_use6_21_0_ from user user0_ where user0_.user_id=?
Hibernate: select character0_.character_id as characte1_6_0_, character0_.character_character_name as characte2_6_0_ from characters character0_ where character0_.character_id=?
Hibernate: select user0_.user_id as user_id1_21_0_, user0_.character_id as characte7_21_0_, user0_.user_created_at as user_cre2_21_0_, user0_.user_name as user_nam3_21_0_, user0_.user_phone_number as user_pho4_21_0_, user0_.user_user_id as user_use5_21_0_, user0_.user_user_password as user_use6_21_0_ from user user0_ where user0_.user_id=?
Hibernate: select teamuserli0_.team_team_id as team_tea2_20_0_, teamuserli0_.team_user_id as team_use1_20_0_, teamuserli0_.team_user_id as team_use1_20_1_, teamuserli0_.team_team_id as team_tea2_20_1_, teamuserli0_.user_id as user_id3_20_1_ from team_user teamuserli0_ where teamuserli0_.team_team_id=?
Hibernate: select user0_.user_id as user_id1_21_0_, user0_.character_id as characte7_21_0_, user0_.user_created_at as user_cre2_21_0_, user0_.user_name as user_nam3_21_0_, user0_.user_phone_number as user_pho4_21_0_, user0_.user_user_id as user_use5_21_0_, user0_.user_user_password as user_use6_21_0_ from user user0_ where user0_.user_id=?
Hibernate: select user0_.user_id as user_id1_21_0_, user0_.character_id as characte7_21_0_, user0_.user_created_at as user_cre2_21_0_, user0_.user_name as user_nam3_21_0_, user0_.user_phone_number as user_pho4_21_0_, user0_.user_user_id as user_use5_21_0_, user0_.user_user_password as user_use6_21_0_ from user user0_ where user0_.user_id=?
Hibernate: select teamuserli0_.team_team_id as team_tea2_20_0_, teamuserli0_.team_user_id as team_use1_20_0_, teamuserli0_.team_user_id as team_use1_20_1_, teamuserli0_.team_team_id as team_tea2_20_1_, teamuserli0_.user_id as user_id3_20_1_ from team_user teamuserli0_ where teamuserli0_.team_team_id=?
Hibernate: select user0_.user_id as user_id1_21_0_, user0_.character_id as characte7_21_0_, user0_.user_created_at as user_cre2_21_0_, user0_.user_name as user_nam3_21_0_, user0_.user_phone_number as user_pho4_21_0_, user0_.user_user_id as user_use5_21_0_, user0_.user_user_password as user_use6_21_0_ from user user0_ where user0_.user_id=?
Hibernate: select teamlist0_.team_building_team_building_id as team_bui4_18_0_, teamlist0_.team_team_id as team_tea1_18_0_, teamlist0_.team_team_id as team_tea1_18_1_, teamlist0_.team_last_modified_at as team_las2_18_1_, teamlist0_.team_building_team_building_id as team_bui4_18_1_, teamlist0_.team_team_name as team_tea3_18_1_ from team teamlist0_ where teamlist0_.team_building_team_building_id=?
Hibernate: select teamuserli0_.team_team_id as team_tea2_20_0_, teamuserli0_.team_user_id as team_use1_20_0_, teamuserli0_.team_user_id as team_use1_20_1_, teamuserli0_.team_team_id as team_tea2_20_1_, teamuserli0_.user_id as user_id3_20_1_ from team_user teamuserli0_ where teamuserli0_.team_team_id=?
Hibernate: select user0_.user_id as user_id1_21_0_, user0_.character_id as characte7_21_0_, user0_.user_created_at as user_cre2_21_0_, user0_.user_name as user_nam3_21_0_, user0_.user_phone_number as user_pho4_21_0_, user0_.user_user_id as user_use5_21_0_, user0_.user_user_password as user_use6_21_0_ from user user0_ where user0_.user_id=?
Hibernate: select user0_.user_id as user_id1_21_0_, user0_.character_id as characte7_21_0_, user0_.user_created_at as user_cre2_21_0_, user0_.user_name as user_nam3_21_0_, user0_.user_phone_number as user_pho4_21_0_, user0_.user_user_id as user_use5_21_0_, user0_.user_user_password as user_use6_21_0_ from user user0_ where user0_.user_id=?
Hibernate: select user0_.user_id as user_id1_21_0_, user0_.character_id as characte7_21_0_, user0_.user_created_at as user_cre2_21_0_, user0_.user_name as user_nam3_21_0_, user0_.user_phone_number as user_pho4_21_0_, user0_.user_user_id as user_use5_21_0_, user0_.user_user_password as user_use6_21_0_ from user user0_ where user0_.user_id=?
Hibernate: select teamuserli0_.team_team_id as team_tea2_20_0_, teamuserli0_.team_user_id as team_use1_20_0_, teamuserli0_.team_user_id as team_use1_20_1_, teamuserli0_.team_team_id as team_tea2_20_1_, teamuserli0_.user_id as user_id3_20_1_ from team_user teamuserli0_ where teamuserli0_.team_team_id=?
Hibernate: select user0_.user_id as user_id1_21_0_, user0_.character_id as characte7_21_0_, user0_.user_created_at as user_cre2_21_0_, user0_.user_name as user_nam3_21_0_, user0_.user_phone_number as user_pho4_21_0_, user0_.user_user_id as user_use5_21_0_, user0_.user_user_password as user_use6_21_0_ from user user0_ where user0_.user_id=?
Hibernate: select user0_.user_id as user_id1_21_0_, user0_.character_id as characte7_21_0_, user0_.user_created_at as user_cre2_21_0_, user0_.user_name as user_nam3_21_0_, user0_.user_phone_number as user_pho4_21_0_, user0_.user_user_id as user_use5_21_0_, user0_.user_user_password as user_use6_21_0_ from user user0_ where user0_.user_id=?
Hibernate: select user0_.user_id as user_id1_21_0_, user0_.character_id as characte7_21_0_, user0_.user_created_at as user_cre2_21_0_, user0_.user_name as user_nam3_21_0_, user0_.user_phone_number as user_pho4_21_0_, user0_.user_user_id as user_use5_21_0_, user0_.user_user_password as user_use6_21_0_ from user user0_ where user0_.user_id=?
Hibernate: select character0_.character_id as characte1_6_0_, character0_.character_character_name as characte2_6_0_ from characters character0_ where character0_.character_id=?
Hibernate: select count(*) as col_0_0_ from user user0_ where user0_.user_id=?
Hibernate: select character1_.character_id as characte1_6_, character1_.character_character_name as characte2_6_ from user user0_ inner join characters character1_ on user0_.character_id=character1_.character_id where user0_.user_id=?
Hibernate: select permission0_.character_id as characte6_12_0_, permission0_.permission_id as permissi1_12_0_, permission0_.permission_id as permissi1_12_1_, permission0_.character_id as characte6_12_1_, permission0_.permission_name as permissi2_12_1_, permission0_.permission_permission_unit_id as permissi3_12_1_, permission0_.permission_service as permissi4_12_1_, permission0_.permission_status as permissi5_12_1_ from permission permission0_ where permission0_.character_id=?
Hibernate: select count(*) as col_0_0_ from team_building teambuildi0_ where teambuildi0_.team_building_team_building_id=?
Hibernate: select teambuildi0_.team_building_team_building_id as team_bui1_19_0_, teambuildi0_.team_building_created_at as team_bui2_19_0_, teambuildi0_.team_building_last_modified_at as team_bui3_19_0_, teambuildi0_.team_building_team_building_title as team_bui4_19_0_ from team_building teambuildi0_ where teambuildi0_.team_building_team_building_id=?
Hibernate: select teamlist0_.team_building_team_building_id as team_bui4_18_0_, teamlist0_.team_team_id as team_tea1_18_0_, teamlist0_.team_team_id as team_tea1_18_1_, teamlist0_.team_last_modified_at as team_las2_18_1_, teamlist0_.team_building_team_building_id as team_bui4_18_1_, teamlist0_.team_team_name as team_tea3_18_1_ from team teamlist0_ where teamlist0_.team_building_team_building_id=?
Hibernate: select teamuserli0_.team_team_id as team_tea2_20_0_, teamuserli0_.team_user_id as team_use1_20_0_, teamuserli0_.team_user_id as team_use1_20_1_, teamuserli0_.team_team_id as team_tea2_20_1_, teamuserli0_.user_id as user_id3_20_1_ from team_user teamuserli0_ where teamuserli0_.team_team_id=?
Hibernate: select user0_.user_id as user_id1_21_0_, user0_.character_id as characte7_21_0_, user0_.user_created_at as user_cre2_21_0_, user0_.user_name as user_nam3_21_0_, user0_.user_phone_number as user_pho4_21_0_, user0_.user_user_id as user_use5_21_0_, user0_.user_user_password as user_use6_21_0_ from user user0_ where user0_.user_id=?
Hibernate: select character0_.character_id as characte1_6_0_, character0_.character_character_name as characte2_6_0_ from characters character0_ where character0_.character_id=?
Hibernate: select user0_.user_id as user_id1_21_0_, user0_.character_id as characte7_21_0_, user0_.user_created_at as user_cre2_21_0_, user0_.user_name as user_nam3_21_0_, user0_.user_phone_number as user_pho4_21_0_, user0_.user_user_id as user_use5_21_0_, user0_.user_user_password as user_use6_21_0_ from user user0_ where user0_.user_id=?
Hibernate: select teamuserli0_.team_team_id as team_tea2_20_0_, teamuserli0_.team_user_id as team_use1_20_0_, teamuserli0_.team_user_id as team_use1_20_1_, teamuserli0_.team_team_id as team_tea2_20_1_, teamuserli0_.user_id as user_id3_20_1_ from team_user teamuserli0_ where teamuserli0_.team_team_id=?
Hibernate: select user0_.user_id as user_id1_21_0_, user0_.character_id as characte7_21_0_, user0_.user_created_at as user_cre2_21_0_, user0_.user_name as user_nam3_21_0_, user0_.user_phone_number as user_pho4_21_0_, user0_.user_user_id as user_use5_21_0_, user0_.user_user_password as user_use6_21_0_ from user user0_ where user0_.user_id=?
Hibernate: select user0_.user_id as user_id1_21_0_, user0_.character_id as characte7_21_0_, user0_.user_created_at as user_cre2_21_0_, user0_.user_name as user_nam3_21_0_, user0_.user_phone_number as user_pho4_21_0_, user0_.user_user_id as user_use5_21_0_, user0_.user_user_password as user_use6_21_0_ from user user0_ where user0_.user_id=?
Hibernate: select teamuserli0_.team_team_id as team_tea2_20_0_, teamuserli0_.team_user_id as team_use1_20_0_, teamuserli0_.team_user_id as team_use1_20_1_, teamuserli0_.team_team_id as team_tea2_20_1_, teamuserli0_.user_id as user_id3_20_1_ from team_user teamuserli0_ where teamuserli0_.team_team_id=?
Hibernate: select user0_.user_id as user_id1_21_0_, user0_.character_id as characte7_21_0_, user0_.user_created_at as user_cre2_21_0_, user0_.user_name as user_nam3_21_0_, user0_.user_phone_number as user_pho4_21_0_, user0_.user_user_id as user_use5_21_0_, user0_.user_user_password as user_use6_21_0_ from user user0_ where user0_.user_id=?
Hibernate: delete from team_user where team_user_id=?
Hibernate: delete from team_user where team_user_id=?
Hibernate: delete from team where team_team_id=?
Hibernate: delete from team_user where team_user_id=?
Hibernate: delete from team_user where team_user_id=?
Hibernate: delete from team where team_team_id=?
Hibernate: delete from team_user where team_user_id=?
Hibernate: delete from team where team_team_id=?
Hibernate: delete from team_building where team_building_team_building_id=?
Hibernate: select user0_.user_id as user_id1_21_0_, user0_.character_id as characte7_21_0_, user0_.user_created_at as user_cre2_21_0_, user0_.user_name as user_nam3_21_0_, user0_.user_phone_number as user_pho4_21_0_, user0_.user_user_id as user_use5_21_0_, user0_.user_user_password as user_use6_21_0_ from user user0_ where user0_.user_id=?
Hibernate: select character0_.character_id as characte1_6_0_, character0_.character_character_name as characte2_6_0_ from characters character0_ where character0_.character_id=?
Hibernate: select count(*) as col_0_0_ from team_building teambuildi0_ where teambuildi0_.team_building_team_building_id=?
Hibernate: select user0_.user_id as user_id1_21_0_, user0_.character_id as characte7_21_0_, user0_.user_created_at as user_cre2_21_0_, user0_.user_name as user_nam3_21_0_, user0_.user_phone_number as user_pho4_21_0_, user0_.user_user_id as user_use5_21_0_, user0_.user_user_password as user_use6_21_0_ from user user0_ where user0_.user_id=?
Hibernate: select character0_.character_id as characte1_6_0_, character0_.character_character_name as characte2_6_0_ from characters character0_ where character0_.character_id=?
Hibernate: select count(*) as col_0_0_ from user user0_ where user0_.user_id=?
Hibernate: select character1_.character_id as characte1_6_, character1_.character_character_name as characte2_6_ from user user0_ inner join characters character1_ on user0_.character_id=character1_.character_id where user0_.user_id=?
Hibernate: select permission0_.character_id as characte6_12_0_, permission0_.permission_id as permissi1_12_0_, permission0_.permission_id as permissi1_12_1_, permission0_.character_id as characte6_12_1_, permission0_.permission_name as permissi2_12_1_, permission0_.permission_permission_unit_id as permissi3_12_1_, permission0_.permission_service as permissi4_12_1_, permission0_.permission_status as permissi5_12_1_ from permission permission0_ where permission0_.character_id=?
Hibernate: select count(*) as col_0_0_ from team_building teambuildi0_ where teambuildi0_.team_building_team_building_id=?
Hibernate: select teambuildi0_.team_building_team_building_id as team_bui1_19_0_, teambuildi0_.team_building_created_at as team_bui2_19_0_, teambuildi0_.team_building_last_modified_at as team_bui3_19_0_, teambuildi0_.team_building_team_building_title as team_bui4_19_0_ from team_building teambuildi0_ where teambuildi0_.team_building_team_building_id=?
Hibernate: select teamlist0_.team_building_team_building_id as team_bui4_18_0_, teamlist0_.team_team_id as team_tea1_18_0_, teamlist0_.team_team_id as team_tea1_18_1_, teamlist0_.team_last_modified_at as team_las2_18_1_, teamlist0_.team_building_team_building_id as team_bui4_18_1_, teamlist0_.team_team_name as team_tea3_18_1_ from team teamlist0_ where teamlist0_.team_building_team_building_id=?
Hibernate: select teamuserli0_.team_team_id as team_tea2_20_0_, teamuserli0_.team_user_id as team_use1_20_0_, teamuserli0_.team_user_id as team_use1_20_1_, teamuserli0_.team_team_id as team_tea2_20_1_, teamuserli0_.user_id as user_id3_20_1_ from team_user teamuserli0_ where teamuserli0_.team_team_id=?
Hibernate: select user0_.user_id as user_id1_21_0_, user0_.character_id as characte7_21_0_, user0_.user_created_at as user_cre2_21_0_, user0_.user_name as user_nam3_21_0_, user0_.user_phone_number as user_pho4_21_0_, user0_.user_user_id as user_use5_21_0_, user0_.user_user_password as user_use6_21_0_ from user user0_ where user0_.user_id=?
Hibernate: select character0_.character_id as characte1_6_0_, character0_.character_character_name as characte2_6_0_ from characters character0_ where character0_.character_id=?
Hibernate: select user0_.user_id as user_id1_21_0_, user0_.character_id as characte7_21_0_, user0_.user_created_at as user_cre2_21_0_, user0_.user_name as user_nam3_21_0_, user0_.user_phone_number as user_pho4_21_0_, user0_.user_user_id as user_use5_21_0_, user0_.user_user_password as user_use6_21_0_ from user user0_ where user0_.user_id=?
Hibernate: select user0_.user_id as user_id1_21_0_, user0_.character_id as characte7_21_0_, user0_.user_created_at as user_cre2_21_0_, user0_.user_name as user_nam3_21_0_, user0_.user_phone_number as user_pho4_21_0_, user0_.user_user_id as user_use5_21_0_, user0_.user_user_password as user_use6_21_0_ from user user0_ where user0_.user_id=?
Hibernate: select teamuserli0_.team_team_id as team_tea2_20_0_, teamuserli0_.team_user_id as team_use1_20_0_, teamuserli0_.team_user_id as team_use1_20_1_, teamuserli0_.team_team_id as team_tea2_20_1_, teamuserli0_.user_id as user_id3_20_1_ from team_user teamuserli0_ where teamuserli0_.team_team_id=?
Hibernate: select user0_.user_id as user_id1_21_0_, user0_.character_id as characte7_21_0_, user0_.user_created_at as user_cre2_21_0_, user0_.user_name as user_nam3_21_0_, user0_.user_phone_number as user_pho4_21_0_, user0_.user_user_id as user_use5_21_0_, user0_.user_user_password as user_use6_21_0_ from user user0_ where user0_.user_id=?
Hibernate: select user0_.user_id as user_id1_21_0_, user0_.character_id as characte7_21_0_, user0_.user_created_at as user_cre2_21_0_, user0_.user_name as user_nam3_21_0_, user0_.user_phone_number as user_pho4_21_0_, user0_.user_user_id as user_use5_21_0_, user0_.user_user_password as user_use6_21_0_ from user user0_ where user0_.user_id=?
Hibernate: delete from team_user where team_user_id=?
Hibernate: delete from team_user where team_user_id=?
Hibernate: delete from team_user where team_user_id=?
Hibernate: delete from team where team_team_id=?
Hibernate: delete from team_user where team_user_id=?
Hibernate: delete from team_user where team_user_id=?
Hibernate: delete from team where team_team_id=?
Hibernate: delete from team_building where team_building_team_building_id=?
Hibernate: select user0_.user_id as user_id1_21_0_, user0_.character_id as characte7_21_0_, user0_.user_created_at as user_cre2_21_0_, user0_.user_name as user_nam3_21_0_, user0_.user_phone_number as user_pho4_21_0_, user0_.user_user_id as user_use5_21_0_, user0_.user_user_password as user_use6_21_0_ from user user0_ where user0_.user_id=?
Hibernate: select character0_.character_id as characte1_6_0_, character0_.character_character_name as characte2_6_0_ from characters character0_ where character0_.character_id=?
Hibernate: select count(*) as col_0_0_ from team_building teambuildi0_ where teambuildi0_.team_building_team_building_id=?
Hibernate: select user0_.user_id as col_0_0_ from user user0_ where user0_.user_user_id=? limit ?
Hibernate: select user0_.user_id as col_0_0_ from user user0_ where user0_.user_user_id=? limit ?
Hibernate: select U.* from USER U where U.USER_USER_ID =?
Hibernate: select character0_.character_id as characte1_6_0_, character0_.character_character_name as characte2_6_0_ from characters character0_ where character0_.character_id=?
Hibernate: select user0_.user_id as col_0_0_ from user user0_ where user0_.user_user_id=? limit ?
Hibernate: select user0_.user_id as user_id1_21_, user0_.character_id as characte7_21_, user0_.user_created_at as user_cre2_21_, user0_.user_name as user_nam3_21_, user0_.user_phone_number as user_pho4_21_, user0_.user_user_id as user_use5_21_, user0_.user_user_password as user_use6_21_ from user user0_ inner join characters character1_ on user0_.character_id=character1_.character_id where user0_.user_user_id=?
Hibernate: select character0_.character_id as characte1_6_0_, character0_.character_character_name as characte2_6_0_ from characters character0_ where character0_.character_id=?
Hibernate: select rewardtagw0_.user_id as user_id4_16_0_, rewardtagw0_.reward_tag_wrapper_reward_id as reward_t1_16_0_, rewardtagw0_.reward_tag_wrapper_reward_id as reward_t1_16_1_, rewardtagw0_.reward_tag_wrapper_reward_presented_at as reward_t2_16_1_, rewardtagw0_.reward_tag_reward_tag_id as reward_t3_16_1_, rewardtagw0_.user_id as user_id4_16_1_ from reward_tag_wrapper rewardtagw0_ where rewardtagw0_.user_id=?
Hibernate: select user0_.user_id as user_id1_21_0_, user0_.character_id as characte7_21_0_, user0_.user_created_at as user_cre2_21_0_, user0_.user_name as user_nam3_21_0_, user0_.user_phone_number as user_pho4_21_0_, user0_.user_user_id as user_use5_21_0_, user0_.user_user_password as user_use6_21_0_ from user user0_ where user0_.user_id=?
Hibernate: select character0_.character_id as characte1_6_0_, character0_.character_character_name as characte2_6_0_ from characters character0_ where character0_.character_id=?
Hibernate: select count(*) as col_0_0_ from user user0_ where user0_.user_id=?
Hibernate: select character1_.character_id as characte1_6_, character1_.character_character_name as characte2_6_ from user user0_ inner join characters character1_ on user0_.character_id=character1_.character_id where user0_.user_id=?
Hibernate: select permission0_.character_id as characte6_12_0_, permission0_.permission_id as permissi1_12_0_, permission0_.permission_id as permissi1_12_1_, permission0_.character_id as characte6_12_1_, permission0_.permission_name as permissi2_12_1_, permission0_.permission_permission_unit_id as permissi3_12_1_, permission0_.permission_service as permissi4_12_1_, permission0_.permission_status as permissi5_12_1_ from permission permission0_ where permission0_.character_id=?
Hibernate: select count(*) as col_0_0_ from user user0_ where user0_.user_id=?
Hibernate: select user0_.user_id as user_id1_21_, user0_.character_id as characte7_21_, user0_.user_created_at as user_cre2_21_, user0_.user_name as user_nam3_21_, user0_.user_phone_number as user_pho4_21_, user0_.user_user_id as user_use5_21_, user0_.user_user_password as user_use6_21_ from user user0_ where user0_.user_id=?
Hibernate: select character0_.character_id as characte1_6_0_, character0_.character_character_name as characte2_6_0_ from characters character0_ where character0_.character_id=?
Hibernate: select rewardtagw0_.user_id as user_id4_16_0_, rewardtagw0_.reward_tag_wrapper_reward_id as reward_t1_16_0_, rewardtagw0_.reward_tag_wrapper_reward_id as reward_t1_16_1_, rewardtagw0_.reward_tag_wrapper_reward_presented_at as reward_t2_16_1_, rewardtagw0_.reward_tag_reward_tag_id as reward_t3_16_1_, rewardtagw0_.user_id as user_id4_16_1_ from reward_tag_wrapper rewardtagw0_ where rewardtagw0_.user_id=?
Hibernate: select attendance0_.attendance_user_attendance_user_id as col_0_0_ from attendance_user attendance0_ where attendance0_.user_id=? limit ?
Hibernate: DELETE FROM USER WHERE USER_ID = ?
Hibernate: select user0_.user_id as col_0_0_ from user user0_ where user0_.user_user_id=? limit ?
Hibernate: select user0_.user_id as col_0_0_ from user user0_ where user0_.user_user_id=? limit ?
Hibernate: select user0_.user_id as user_id1_21_, user0_.character_id as characte7_21_, user0_.user_created_at as user_cre2_21_, user0_.user_name as user_nam3_21_, user0_.user_phone_number as user_pho4_21_, user0_.user_user_id as user_use5_21_, user0_.user_user_password as user_use6_21_ from user user0_ inner join characters character1_ on user0_.character_id=character1_.character_id where user0_.user_user_id=?
Hibernate: select character0_.character_id as characte1_6_0_, character0_.character_character_name as characte2_6_0_ from characters character0_ where character0_.character_id=?
Hibernate: select rewardtagw0_.user_id as user_id4_16_0_, rewardtagw0_.reward_tag_wrapper_reward_id as reward_t1_16_0_, rewardtagw0_.reward_tag_wrapper_reward_id as reward_t1_16_1_, rewardtagw0_.reward_tag_wrapper_reward_presented_at as reward_t2_16_1_, rewardtagw0_.reward_tag_reward_tag_id as reward_t3_16_1_, rewardtagw0_.user_id as user_id4_16_1_ from reward_tag_wrapper rewardtagw0_ where rewardtagw0_.user_id=?
Hibernate: select user0_.user_id as user_id1_21_0_, user0_.character_id as characte7_21_0_, user0_.user_created_at as user_cre2_21_0_, user0_.user_name as user_nam3_21_0_, user0_.user_phone_number as user_pho4_21_0_, user0_.user_user_id as user_use5_21_0_, user0_.user_user_password as user_use6_21_0_ from user user0_ where user0_.user_id=?
Hibernate: select character0_.character_id as characte1_6_0_, character0_.character_character_name as characte2_6_0_ from characters character0_ where character0_.character_id=?
Hibernate: select count(*) as col_0_0_ from user user0_ where user0_.user_id=?
Hibernate: select character1_.character_id as characte1_6_, character1_.character_character_name as characte2_6_ from user user0_ inner join characters character1_ on user0_.character_id=character1_.character_id where user0_.user_id=?
Hibernate: select permission0_.character_id as characte6_12_0_, permission0_.permission_id as permissi1_12_0_, permission0_.permission_id as permissi1_12_1_, permission0_.character_id as characte6_12_1_, permission0_.permission_name as permissi2_12_1_, permission0_.permission_permission_unit_id as permissi3_12_1_, permission0_.permission_service as permissi4_12_1_, permission0_.permission_status as permissi5_12_1_ from permission permission0_ where permission0_.character_id=?
Hibernate: select count(*) as col_0_0_ from user user0_ where user0_.user_id=?
Hibernate: select user0_.user_id as user_id1_21_, user0_.character_id as characte7_21_, user0_.user_created_at as user_cre2_21_, user0_.user_name as user_nam3_21_, user0_.user_phone_number as user_pho4_21_, user0_.user_user_id as user_use5_21_, user0_.user_user_password as user_use6_21_ from user user0_ where user0_.user_id=?
Hibernate: select character0_.character_id as characte1_6_0_, character0_.character_character_name as characte2_6_0_ from characters character0_ where character0_.character_id=?
Hibernate: select rewardtagw0_.user_id as user_id4_16_0_, rewardtagw0_.reward_tag_wrapper_reward_id as reward_t1_16_0_, rewardtagw0_.reward_tag_wrapper_reward_id as reward_t1_16_1_, rewardtagw0_.reward_tag_wrapper_reward_presented_at as reward_t2_16_1_, rewardtagw0_.reward_tag_reward_tag_id as reward_t3_16_1_, rewardtagw0_.user_id as user_id4_16_1_ from reward_tag_wrapper rewardtagw0_ where rewardtagw0_.user_id=?
Hibernate: select attendance0_.attendance_user_attendance_user_id as col_0_0_ from attendance_user attendance0_ where attendance0_.user_id=? limit ?
Hibernate: DELETE FROM USER WHERE USER_ID = ?
Hibernate: select user0_.user_id as col_0_0_ from user user0_ where user0_.user_user_id=? limit ?
Hibernate: select user0_.user_id as col_0_0_ from user user0_ where user0_.user_user_id=? limit ?
Hibernate: select user0_.user_id as user_id1_21_, user0_.character_id as characte7_21_, user0_.user_created_at as user_cre2_21_, user0_.user_name as user_nam3_21_, user0_.user_phone_number as user_pho4_21_, user0_.user_user_id as user_use5_21_, user0_.user_user_password as user_use6_21_ from user user0_ inner join characters character1_ on user0_.character_id=character1_.character_id where user0_.user_user_id=?
Hibernate: select character0_.character_id as characte1_6_0_, character0_.character_character_name as characte2_6_0_ from characters character0_ where character0_.character_id=?
Hibernate: select rewardtagw0_.user_id as user_id4_16_0_, rewardtagw0_.reward_tag_wrapper_reward_id as reward_t1_16_0_, rewardtagw0_.reward_tag_wrapper_reward_id as reward_t1_16_1_, rewardtagw0_.reward_tag_wrapper_reward_presented_at as reward_t2_16_1_, rewardtagw0_.reward_tag_reward_tag_id as reward_t3_16_1_, rewardtagw0_.user_id as user_id4_16_1_ from reward_tag_wrapper rewardtagw0_ where rewardtagw0_.user_id=?
Hibernate: select user0_.user_id as user_id1_21_0_, user0_.character_id as characte7_21_0_, user0_.user_created_at as user_cre2_21_0_, user0_.user_name as user_nam3_21_0_, user0_.user_phone_number as user_pho4_21_0_, user0_.user_user_id as user_use5_21_0_, user0_.user_user_password as user_use6_21_0_ from user user0_ where user0_.user_id=?
Hibernate: select character0_.character_id as characte1_6_0_, character0_.character_character_name as characte2_6_0_ from characters character0_ where character0_.character_id=?
Hibernate: select count(*) as col_0_0_ from user user0_ where user0_.user_id=?
Hibernate: select character1_.character_id as characte1_6_, character1_.character_character_name as characte2_6_ from user user0_ inner join characters character1_ on user0_.character_id=character1_.character_id where user0_.user_id=?
Hibernate: select permission0_.character_id as characte6_12_0_, permission0_.permission_id as permissi1_12_0_, permission0_.permission_id as permissi1_12_1_, permission0_.character_id as characte6_12_1_, permission0_.permission_name as permissi2_12_1_, permission0_.permission_permission_unit_id as permissi3_12_1_, permission0_.permission_service as permissi4_12_1_, permission0_.permission_status as permissi5_12_1_ from permission permission0_ where permission0_.character_id=?
Hibernate: select count(*) as col_0_0_ from user user0_ where user0_.user_id=?
Hibernate: select user0_.user_id as user_id1_21_, user0_.character_id as characte7_21_, user0_.user_created_at as user_cre2_21_, user0_.user_name as user_nam3_21_, user0_.user_phone_number as user_pho4_21_, user0_.user_user_id as user_use5_21_, user0_.user_user_password as user_use6_21_ from user user0_ where user0_.user_id=?
Hibernate: select character0_.character_id as characte1_6_0_, character0_.character_character_name as characte2_6_0_ from characters character0_ where character0_.character_id=?
Hibernate: select rewardtagw0_.user_id as user_id4_16_0_, rewardtagw0_.reward_tag_wrapper_reward_id as reward_t1_16_0_, rewardtagw0_.reward_tag_wrapper_reward_id as reward_t1_16_1_, rewardtagw0_.reward_tag_wrapper_reward_presented_at as reward_t2_16_1_, rewardtagw0_.reward_tag_reward_tag_id as reward_t3_16_1_, rewardtagw0_.user_id as user_id4_16_1_ from reward_tag_wrapper rewardtagw0_ where rewardtagw0_.user_id=?
Hibernate: select attendance0_.attendance_user_attendance_user_id as col_0_0_ from attendance_user attendance0_ where attendance0_.user_id=? limit ?
Hibernate: DELETE FROM USER WHERE USER_ID = ?
Hibernate: select user0_.user_id as col_0_0_ from user user0_ where user0_.user_user_id=? limit ?
Hibernate: select user0_.user_id as col_0_0_ from user user0_ where user0_.user_user_id=? limit ?
Hibernate: select user0_.user_id as user_id1_21_, user0_.character_id as characte7_21_, user0_.user_created_at as user_cre2_21_, user0_.user_name as user_nam3_21_, user0_.user_phone_number as user_pho4_21_, user0_.user_user_id as user_use5_21_, user0_.user_user_password as user_use6_21_ from user user0_ inner join characters character1_ on user0_.character_id=character1_.character_id where user0_.user_user_id=?
Hibernate: select character0_.character_id as characte1_6_0_, character0_.character_character_name as characte2_6_0_ from characters character0_ where character0_.character_id=?
Hibernate: select rewardtagw0_.user_id as user_id4_16_0_, rewardtagw0_.reward_tag_wrapper_reward_id as reward_t1_16_0_, rewardtagw0_.reward_tag_wrapper_reward_id as reward_t1_16_1_, rewardtagw0_.reward_tag_wrapper_reward_presented_at as reward_t2_16_1_, rewardtagw0_.reward_tag_reward_tag_id as reward_t3_16_1_, rewardtagw0_.user_id as user_id4_16_1_ from reward_tag_wrapper rewardtagw0_ where rewardtagw0_.user_id=?
Hibernate: select user0_.user_id as user_id1_21_0_, user0_.character_id as characte7_21_0_, user0_.user_created_at as user_cre2_21_0_, user0_.user_name as user_nam3_21_0_, user0_.user_phone_number as user_pho4_21_0_, user0_.user_user_id as user_use5_21_0_, user0_.user_user_password as user_use6_21_0_ from user user0_ where user0_.user_id=?
Hibernate: select character0_.character_id as characte1_6_0_, character0_.character_character_name as characte2_6_0_ from characters character0_ where character0_.character_id=?
Hibernate: select count(*) as col_0_0_ from user user0_ where user0_.user_id=?
Hibernate: select character1_.character_id as characte1_6_, character1_.character_character_name as characte2_6_ from user user0_ inner join characters character1_ on user0_.character_id=character1_.character_id where user0_.user_id=?
Hibernate: select permission0_.character_id as characte6_12_0_, permission0_.permission_id as permissi1_12_0_, permission0_.permission_id as permissi1_12_1_, permission0_.character_id as characte6_12_1_, permission0_.permission_name as permissi2_12_1_, permission0_.permission_permission_unit_id as permissi3_12_1_, permission0_.permission_service as permissi4_12_1_, permission0_.permission_status as permissi5_12_1_ from permission permission0_ where permission0_.character_id=?
Hibernate: select count(*) as col_0_0_ from user user0_ where user0_.user_id=?
Hibernate: select user0_.user_id as user_id1_21_, user0_.character_id as characte7_21_, user0_.user_created_at as user_cre2_21_, user0_.user_name as user_nam3_21_, user0_.user_phone_number as user_pho4_21_, user0_.user_user_id as user_use5_21_, user0_.user_user_password as user_use6_21_ from user user0_ where user0_.user_id=?
Hibernate: select character0_.character_id as characte1_6_0_, character0_.character_character_name as characte2_6_0_ from characters character0_ where character0_.character_id=?
Hibernate: select rewardtagw0_.user_id as user_id4_16_0_, rewardtagw0_.reward_tag_wrapper_reward_id as reward_t1_16_0_, rewardtagw0_.reward_tag_wrapper_reward_id as reward_t1_16_1_, rewardtagw0_.reward_tag_wrapper_reward_presented_at as reward_t2_16_1_, rewardtagw0_.reward_tag_reward_tag_id as reward_t3_16_1_, rewardtagw0_.user_id as user_id4_16_1_ from reward_tag_wrapper rewardtagw0_ where rewardtagw0_.user_id=?
Hibernate: select attendance0_.attendance_user_attendance_user_id as col_0_0_ from attendance_user attendance0_ where attendance0_.user_id=? limit ?
Hibernate: DELETE FROM USER WHERE USER_ID = ?
Hibernate: select user0_.user_id as col_0_0_ from user user0_ where user0_.user_user_id=? limit ?
Hibernate: select user0_.user_id as col_0_0_ from user user0_ where user0_.user_user_id=? limit ?
Hibernate: select user0_.user_id as user_id1_21_, user0_.character_id as characte7_21_, user0_.user_created_at as user_cre2_21_, user0_.user_name as user_nam3_21_, user0_.user_phone_number as user_pho4_21_, user0_.user_user_id as user_use5_21_, user0_.user_user_password as user_use6_21_ from user user0_ inner join characters character1_ on user0_.character_id=character1_.character_id where user0_.user_user_id=?
Hibernate: select character0_.character_id as characte1_6_0_, character0_.character_character_name as characte2_6_0_ from characters character0_ where character0_.character_id=?
Hibernate: select rewardtagw0_.user_id as user_id4_16_0_, rewardtagw0_.reward_tag_wrapper_reward_id as reward_t1_16_0_, rewardtagw0_.reward_tag_wrapper_reward_id as reward_t1_16_1_, rewardtagw0_.reward_tag_wrapper_reward_presented_at as reward_t2_16_1_, rewardtagw0_.reward_tag_reward_tag_id as reward_t3_16_1_, rewardtagw0_.user_id as user_id4_16_1_ from reward_tag_wrapper rewardtagw0_ where rewardtagw0_.user_id=?
Hibernate: select user0_.user_id as user_id1_21_0_, user0_.character_id as characte7_21_0_, user0_.user_created_at as user_cre2_21_0_, user0_.user_name as user_nam3_21_0_, user0_.user_phone_number as user_pho4_21_0_, user0_.user_user_id as user_use5_21_0_, user0_.user_user_password as user_use6_21_0_ from user user0_ where user0_.user_id=?
Hibernate: select character0_.character_id as characte1_6_0_, character0_.character_character_name as characte2_6_0_ from characters character0_ where character0_.character_id=?
Hibernate: select count(*) as col_0_0_ from user user0_ where user0_.user_id=?
Hibernate: select character1_.character_id as characte1_6_, character1_.character_character_name as characte2_6_ from user user0_ inner join characters character1_ on user0_.character_id=character1_.character_id where user0_.user_id=?
Hibernate: select permission0_.character_id as characte6_12_0_, permission0_.permission_id as permissi1_12_0_, permission0_.permission_id as permissi1_12_1_, permission0_.character_id as characte6_12_1_, permission0_.permission_name as permissi2_12_1_, permission0_.permission_permission_unit_id as permissi3_12_1_, permission0_.permission_service as permissi4_12_1_, permission0_.permission_status as permissi5_12_1_ from permission permission0_ where permission0_.character_id=?
Hibernate: select count(*) as col_0_0_ from user user0_ where user0_.user_id=?
Hibernate: select user0_.user_id as user_id1_21_, user0_.character_id as characte7_21_, user0_.user_created_at as user_cre2_21_, user0_.user_name as user_nam3_21_, user0_.user_phone_number as user_pho4_21_, user0_.user_user_id as user_use5_21_, user0_.user_user_password as user_use6_21_ from user user0_ where user0_.user_id=?
Hibernate: select character0_.character_id as characte1_6_0_, character0_.character_character_name as characte2_6_0_ from characters character0_ where character0_.character_id=?
Hibernate: select rewardtagw0_.user_id as user_id4_16_0_, rewardtagw0_.reward_tag_wrapper_reward_id as reward_t1_16_0_, rewardtagw0_.reward_tag_wrapper_reward_id as reward_t1_16_1_, rewardtagw0_.reward_tag_wrapper_reward_presented_at as reward_t2_16_1_, rewardtagw0_.reward_tag_reward_tag_id as reward_t3_16_1_, rewardtagw0_.user_id as user_id4_16_1_ from reward_tag_wrapper rewardtagw0_ where rewardtagw0_.user_id=?
Hibernate: select attendance0_.attendance_user_attendance_user_id as col_0_0_ from attendance_user attendance0_ where attendance0_.user_id=? limit ?
Hibernate: DELETE FROM USER WHERE USER_ID = ?
Hibernate: select user0_.user_id as col_0_0_ from user user0_ where user0_.user_user_id=? limit ?
Hibernate: select user0_.user_id as col_0_0_ from user user0_ where user0_.user_user_id=? limit ?
Hibernate: select user0_.user_id as user_id1_21_, user0_.character_id as characte7_21_, user0_.user_created_at as user_cre2_21_, user0_.user_name as user_nam3_21_, user0_.user_phone_number as user_pho4_21_, user0_.user_user_id as user_use5_21_, user0_.user_user_password as user_use6_21_ from user user0_ inner join characters character1_ on user0_.character_id=character1_.character_id where user0_.user_user_id=?
Hibernate: select character0_.character_id as characte1_6_0_, character0_.character_character_name as characte2_6_0_ from characters character0_ where character0_.character_id=?
Hibernate: select rewardtagw0_.user_id as user_id4_16_0_, rewardtagw0_.reward_tag_wrapper_reward_id as reward_t1_16_0_, rewardtagw0_.reward_tag_wrapper_reward_id as reward_t1_16_1_, rewardtagw0_.reward_tag_wrapper_reward_presented_at as reward_t2_16_1_, rewardtagw0_.reward_tag_reward_tag_id as reward_t3_16_1_, rewardtagw0_.user_id as user_id4_16_1_ from reward_tag_wrapper rewardtagw0_ where rewardtagw0_.user_id=?
Hibernate: select user0_.user_id as user_id1_21_0_, user0_.character_id as characte7_21_0_, user0_.user_created_at as user_cre2_21_0_, user0_.user_name as user_nam3_21_0_, user0_.user_phone_number as user_pho4_21_0_, user0_.user_user_id as user_use5_21_0_, user0_.user_user_password as user_use6_21_0_ from user user0_ where user0_.user_id=?
Hibernate: select character0_.character_id as characte1_6_0_, character0_.character_character_name as characte2_6_0_ from characters character0_ where character0_.character_id=?
Hibernate: select count(*) as col_0_0_ from user user0_ where user0_.user_id=?
Hibernate: select character1_.character_id as characte1_6_, character1_.character_character_name as characte2_6_ from user user0_ inner join characters character1_ on user0_.character_id=character1_.character_id where user0_.user_id=?
Hibernate: select permission0_.character_id as characte6_12_0_, permission0_.permission_id as permissi1_12_0_, permission0_.permission_id as permissi1_12_1_, permission0_.character_id as characte6_12_1_, permission0_.permission_name as permissi2_12_1_, permission0_.permission_permission_unit_id as permissi3_12_1_, permission0_.permission_service as permissi4_12_1_, permission0_.permission_status as permissi5_12_1_ from permission permission0_ where permission0_.character_id=?
Hibernate: select count(*) as col_0_0_ from user user0_ where user0_.user_id=?
Hibernate: select user0_.user_id as user_id1_21_, user0_.character_id as characte7_21_, user0_.user_created_at as user_cre2_21_, user0_.user_name as user_nam3_21_, user0_.user_phone_number as user_pho4_21_, user0_.user_user_id as user_use5_21_, user0_.user_user_password as user_use6_21_ from user user0_ where user0_.user_id=?
Hibernate: select character0_.character_id as characte1_6_0_, character0_.character_character_name as characte2_6_0_ from characters character0_ where character0_.character_id=?
Hibernate: select rewardtagw0_.user_id as user_id4_16_0_, rewardtagw0_.reward_tag_wrapper_reward_id as reward_t1_16_0_, rewardtagw0_.reward_tag_wrapper_reward_id as reward_t1_16_1_, rewardtagw0_.reward_tag_wrapper_reward_presented_at as reward_t2_16_1_, rewardtagw0_.reward_tag_reward_tag_id as reward_t3_16_1_, rewardtagw0_.user_id as user_id4_16_1_ from reward_tag_wrapper rewardtagw0_ where rewardtagw0_.user_id=?
Hibernate: select attendance0_.attendance_user_attendance_user_id as col_0_0_ from attendance_user attendance0_ where attendance0_.user_id=? limit ?
Hibernate: DELETE FROM USER WHERE USER_ID = ?
Hibernate: select user0_.user_id as col_0_0_ from user user0_ where user0_.user_user_id=? limit ?
Hibernate: select user0_.user_id as col_0_0_ from user user0_ where user0_.user_user_id=? limit ?
Hibernate: select user0_.user_id as user_id1_21_, user0_.character_id as characte7_21_, user0_.user_created_at as user_cre2_21_, user0_.user_name as user_nam3_21_, user0_.user_phone_number as user_pho4_21_, user0_.user_user_id as user_use5_21_, user0_.user_user_password as user_use6_21_ from user user0_ inner join characters character1_ on user0_.character_id=character1_.character_id where user0_.user_user_id=?
Hibernate: select character0_.character_id as characte1_6_0_, character0_.character_character_name as characte2_6_0_ from characters character0_ where character0_.character_id=?
Hibernate: select rewardtagw0_.user_id as user_id4_16_0_, rewardtagw0_.reward_tag_wrapper_reward_id as reward_t1_16_0_, rewardtagw0_.reward_tag_wrapper_reward_id as reward_t1_16_1_, rewardtagw0_.reward_tag_wrapper_reward_presented_at as reward_t2_16_1_, rewardtagw0_.reward_tag_reward_tag_id as reward_t3_16_1_, rewardtagw0_.user_id as user_id4_16_1_ from reward_tag_wrapper rewardtagw0_ where rewardtagw0_.user_id=?
Hibernate: select user0_.user_id as user_id1_21_0_, user0_.character_id as characte7_21_0_, user0_.user_created_at as user_cre2_21_0_, user0_.user_name as user_nam3_21_0_, user0_.user_phone_number as user_pho4_21_0_, user0_.user_user_id as user_use5_21_0_, user0_.user_user_password as user_use6_21_0_ from user user0_ where user0_.user_id=?
Hibernate: select character0_.character_id as characte1_6_0_, character0_.character_character_name as characte2_6_0_ from characters character0_ where character0_.character_id=?
Hibernate: select count(*) as col_0_0_ from user user0_ where user0_.user_id=?
Hibernate: select character1_.character_id as characte1_6_, character1_.character_character_name as characte2_6_ from user user0_ inner join characters character1_ on user0_.character_id=character1_.character_id where user0_.user_id=?
Hibernate: select permission0_.character_id as characte6_12_0_, permission0_.permission_id as permissi1_12_0_, permission0_.permission_id as permissi1_12_1_, permission0_.character_id as characte6_12_1_, permission0_.permission_name as permissi2_12_1_, permission0_.permission_permission_unit_id as permissi3_12_1_, permission0_.permission_service as permissi4_12_1_, permission0_.permission_status as permissi5_12_1_ from permission permission0_ where permission0_.character_id=?
Hibernate: select count(*) as col_0_0_ from user user0_ where user0_.user_id=?
Hibernate: select user0_.user_id as user_id1_21_, user0_.character_id as characte7_21_, user0_.user_created_at as user_cre2_21_, user0_.user_name as user_nam3_21_, user0_.user_phone_number as user_pho4_21_, user0_.user_user_id as user_use5_21_, user0_.user_user_password as user_use6_21_ from user user0_ where user0_.user_id=?
Hibernate: select character0_.character_id as characte1_6_0_, character0_.character_character_name as characte2_6_0_ from characters character0_ where character0_.character_id=?
Hibernate: select rewardtagw0_.user_id as user_id4_16_0_, rewardtagw0_.reward_tag_wrapper_reward_id as reward_t1_16_0_, rewardtagw0_.reward_tag_wrapper_reward_id as reward_t1_16_1_, rewardtagw0_.reward_tag_wrapper_reward_presented_at as reward_t2_16_1_, rewardtagw0_.reward_tag_reward_tag_id as reward_t3_16_1_, rewardtagw0_.user_id as user_id4_16_1_ from reward_tag_wrapper rewardtagw0_ where rewardtagw0_.user_id=?
Hibernate: select attendance0_.attendance_user_attendance_user_id as col_0_0_ from attendance_user attendance0_ where attendance0_.user_id=? limit ?
Hibernate: DELETE FROM USER WHERE USER_ID = ?
Hibernate: select user0_.user_id as col_0_0_ from user user0_ where user0_.user_user_id=? limit ?
Hibernate: select user0_.user_id as col_0_0_ from user user0_ where user0_.user_user_id=? limit ?
Hibernate: select user0_.user_id as user_id1_21_, user0_.character_id as characte7_21_, user0_.user_created_at as user_cre2_21_, user0_.user_name as user_nam3_21_, user0_.user_phone_number as user_pho4_21_, user0_.user_user_id as user_use5_21_, user0_.user_user_password as user_use6_21_ from user user0_ inner join characters character1_ on user0_.character_id=character1_.character_id where user0_.user_user_id=?
Hibernate: select character0_.character_id as characte1_6_0_, character0_.character_character_name as characte2_6_0_ from characters character0_ where character0_.character_id=?
Hibernate: select rewardtagw0_.user_id as user_id4_16_0_, rewardtagw0_.reward_tag_wrapper_reward_id as reward_t1_16_0_, rewardtagw0_.reward_tag_wrapper_reward_id as reward_t1_16_1_, rewardtagw0_.reward_tag_wrapper_reward_presented_at as reward_t2_16_1_, rewardtagw0_.reward_tag_reward_tag_id as reward_t3_16_1_, rewardtagw0_.user_id as user_id4_16_1_ from reward_tag_wrapper rewardtagw0_ where rewardtagw0_.user_id=?
Hibernate: select user0_.user_id as user_id1_21_0_, user0_.character_id as characte7_21_0_, user0_.user_created_at as user_cre2_21_0_, user0_.user_name as user_nam3_21_0_, user0_.user_phone_number as user_pho4_21_0_, user0_.user_user_id as user_use5_21_0_, user0_.user_user_password as user_use6_21_0_ from user user0_ where user0_.user_id=?
Hibernate: select character0_.character_id as characte1_6_0_, character0_.character_character_name as characte2_6_0_ from characters character0_ where character0_.character_id=?
Hibernate: select count(*) as col_0_0_ from user user0_ where user0_.user_id=?
Hibernate: select character1_.character_id as characte1_6_, character1_.character_character_name as characte2_6_ from user user0_ inner join characters character1_ on user0_.character_id=character1_.character_id where user0_.user_id=?
Hibernate: select permission0_.character_id as characte6_12_0_, permission0_.permission_id as permissi1_12_0_, permission0_.permission_id as permissi1_12_1_, permission0_.character_id as characte6_12_1_, permission0_.permission_name as permissi2_12_1_, permission0_.permission_permission_unit_id as permissi3_12_1_, permission0_.permission_service as permissi4_12_1_, permission0_.permission_status as permissi5_12_1_ from permission permission0_ where permission0_.character_id=?
Hibernate: select count(*) as col_0_0_ from user user0_ where user0_.user_id=?
Hibernate: select user0_.user_id as user_id1_21_, user0_.character_id as characte7_21_, user0_.user_created_at as user_cre2_21_, user0_.user_name as user_nam3_21_, user0_.user_phone_number as user_pho4_21_, user0_.user_user_id as user_use5_21_, user0_.user_user_password as user_use6_21_ from user user0_ where user0_.user_id=?
Hibernate: select character0_.character_id as characte1_6_0_, character0_.character_character_name as characte2_6_0_ from characters character0_ where character0_.character_id=?
Hibernate: select rewardtagw0_.user_id as user_id4_16_0_, rewardtagw0_.reward_tag_wrapper_reward_id as reward_t1_16_0_, rewardtagw0_.reward_tag_wrapper_reward_id as reward_t1_16_1_, rewardtagw0_.reward_tag_wrapper_reward_presented_at as reward_t2_16_1_, rewardtagw0_.reward_tag_reward_tag_id as reward_t3_16_1_, rewardtagw0_.user_id as user_id4_16_1_ from reward_tag_wrapper rewardtagw0_ where rewardtagw0_.user_id=?
Hibernate: select attendance0_.attendance_user_attendance_user_id as col_0_0_ from attendance_user attendance0_ where attendance0_.user_id=? limit ?
Hibernate: DELETE FROM USER WHERE USER_ID = ?
Hibernate: select user0_.user_id as col_0_0_ from user user0_ where user0_.user_user_id=? limit ?
Hibernate: select user0_.user_id as col_0_0_ from user user0_ where user0_.user_user_id=? limit ?
Hibernate: select user0_.user_id as user_id1_21_, user0_.character_id as characte7_21_, user0_.user_created_at as user_cre2_21_, user0_.user_name as user_nam3_21_, user0_.user_phone_number as user_pho4_21_, user0_.user_user_id as user_use5_21_, user0_.user_user_password as user_use6_21_ from user user0_ inner join characters character1_ on user0_.character_id=character1_.character_id where user0_.user_user_id=?
Hibernate: select character0_.character_id as characte1_6_0_, character0_.character_character_name as characte2_6_0_ from characters character0_ where character0_.character_id=?
Hibernate: select rewardtagw0_.user_id as user_id4_16_0_, rewardtagw0_.reward_tag_wrapper_reward_id as reward_t1_16_0_, rewardtagw0_.reward_tag_wrapper_reward_id as reward_t1_16_1_, rewardtagw0_.reward_tag_wrapper_reward_presented_at as reward_t2_16_1_, rewardtagw0_.reward_tag_reward_tag_id as reward_t3_16_1_, rewardtagw0_.user_id as user_id4_16_1_ from reward_tag_wrapper rewardtagw0_ where rewardtagw0_.user_id=?
Hibernate: select user0_.user_id as user_id1_21_0_, user0_.character_id as characte7_21_0_, user0_.user_created_at as user_cre2_21_0_, user0_.user_name as user_nam3_21_0_, user0_.user_phone_number as user_pho4_21_0_, user0_.user_user_id as user_use5_21_0_, user0_.user_user_password as user_use6_21_0_ from user user0_ where user0_.user_id=?
Hibernate: select character0_.character_id as characte1_6_0_, character0_.character_character_name as characte2_6_0_ from characters character0_ where character0_.character_id=?
Hibernate: select count(*) as col_0_0_ from user user0_ where user0_.user_id=?
Hibernate: select character1_.character_id as characte1_6_, character1_.character_character_name as characte2_6_ from user user0_ inner join characters character1_ on user0_.character_id=character1_.character_id where user0_.user_id=?
Hibernate: select permission0_.character_id as characte6_12_0_, permission0_.permission_id as permissi1_12_0_, permission0_.permission_id as permissi1_12_1_, permission0_.character_id as characte6_12_1_, permission0_.permission_name as permissi2_12_1_, permission0_.permission_permission_unit_id as permissi3_12_1_, permission0_.permission_service as permissi4_12_1_, permission0_.permission_status as permissi5_12_1_ from permission permission0_ where permission0_.character_id=?
Hibernate: select count(*) as col_0_0_ from user user0_ where user0_.user_id=?
Hibernate: select user0_.user_id as user_id1_21_, user0_.character_id as characte7_21_, user0_.user_created_at as user_cre2_21_, user0_.user_name as user_nam3_21_, user0_.user_phone_number as user_pho4_21_, user0_.user_user_id as user_use5_21_, user0_.user_user_password as user_use6_21_ from user user0_ where user0_.user_id=?
Hibernate: select character0_.character_id as characte1_6_0_, character0_.character_character_name as characte2_6_0_ from characters character0_ where character0_.character_id=?
Hibernate: select rewardtagw0_.user_id as user_id4_16_0_, rewardtagw0_.reward_tag_wrapper_reward_id as reward_t1_16_0_, rewardtagw0_.reward_tag_wrapper_reward_id as reward_t1_16_1_, rewardtagw0_.reward_tag_wrapper_reward_presented_at as reward_t2_16_1_, rewardtagw0_.reward_tag_reward_tag_id as reward_t3_16_1_, rewardtagw0_.user_id as user_id4_16_1_ from reward_tag_wrapper rewardtagw0_ where rewardtagw0_.user_id=?
Hibernate: select attendance0_.attendance_user_attendance_user_id as col_0_0_ from attendance_user attendance0_ where attendance0_.user_id=? limit ?
Hibernate: DELETE FROM USER WHERE USER_ID = ?
Hibernate: select user0_.user_id as col_0_0_ from user user0_ where user0_.user_user_id=? limit ?
Hibernate: select user0_.user_id as col_0_0_ from user user0_ where user0_.user_user_id=? limit ?
Hibernate: select user0_.user_id as user_id1_21_, user0_.character_id as characte7_21_, user0_.user_created_at as user_cre2_21_, user0_.user_name as user_nam3_21_, user0_.user_phone_number as user_pho4_21_, user0_.user_user_id as user_use5_21_, user0_.user_user_password as user_use6_21_ from user user0_ inner join characters character1_ on user0_.character_id=character1_.character_id where user0_.user_user_id=?
Hibernate: select character0_.character_id as characte1_6_0_, character0_.character_character_name as characte2_6_0_ from characters character0_ where character0_.character_id=?
Hibernate: select rewardtagw0_.user_id as user_id4_16_0_, rewardtagw0_.reward_tag_wrapper_reward_id as reward_t1_16_0_, rewardtagw0_.reward_tag_wrapper_reward_id as reward_t1_16_1_, rewardtagw0_.reward_tag_wrapper_reward_presented_at as reward_t2_16_1_, rewardtagw0_.reward_tag_reward_tag_id as reward_t3_16_1_, rewardtagw0_.user_id as user_id4_16_1_ from reward_tag_wrapper rewardtagw0_ where rewardtagw0_.user_id=?
Hibernate: select user0_.user_id as user_id1_21_0_, user0_.character_id as characte7_21_0_, user0_.user_created_at as user_cre2_21_0_, user0_.user_name as user_nam3_21_0_, user0_.user_phone_number as user_pho4_21_0_, user0_.user_user_id as user_use5_21_0_, user0_.user_user_password as user_use6_21_0_ from user user0_ where user0_.user_id=?
Hibernate: select character0_.character_id as characte1_6_0_, character0_.character_character_name as characte2_6_0_ from characters character0_ where character0_.character_id=?
Hibernate: select count(*) as col_0_0_ from user user0_ where user0_.user_id=?
Hibernate: select character1_.character_id as characte1_6_, character1_.character_character_name as characte2_6_ from user user0_ inner join characters character1_ on user0_.character_id=character1_.character_id where user0_.user_id=?
Hibernate: select permission0_.character_id as characte6_12_0_, permission0_.permission_id as permissi1_12_0_, permission0_.permission_id as permissi1_12_1_, permission0_.character_id as characte6_12_1_, permission0_.permission_name as permissi2_12_1_, permission0_.permission_permission_unit_id as permissi3_12_1_, permission0_.permission_service as permissi4_12_1_, permission0_.permission_status as permissi5_12_1_ from permission permission0_ where permission0_.character_id=?
Hibernate: select count(*) as col_0_0_ from user user0_ where user0_.user_id=?
Hibernate: select user0_.user_id as user_id1_21_, user0_.character_id as characte7_21_, user0_.user_created_at as user_cre2_21_, user0_.user_name as user_nam3_21_, user0_.user_phone_number as user_pho4_21_, user0_.user_user_id as user_use5_21_, user0_.user_user_password as user_use6_21_ from user user0_ where user0_.user_id=?
Hibernate: select character0_.character_id as characte1_6_0_, character0_.character_character_name as characte2_6_0_ from characters character0_ where character0_.character_id=?
Hibernate: select rewardtagw0_.user_id as user_id4_16_0_, rewardtagw0_.reward_tag_wrapper_reward_id as reward_t1_16_0_, rewardtagw0_.reward_tag_wrapper_reward_id as reward_t1_16_1_, rewardtagw0_.reward_tag_wrapper_reward_presented_at as reward_t2_16_1_, rewardtagw0_.reward_tag_reward_tag_id as reward_t3_16_1_, rewardtagw0_.user_id as user_id4_16_1_ from reward_tag_wrapper rewardtagw0_ where rewardtagw0_.user_id=?
Hibernate: select attendance0_.attendance_user_attendance_user_id as col_0_0_ from attendance_user attendance0_ where attendance0_.user_id=? limit ?
Hibernate: DELETE FROM USER WHERE USER_ID = ?
Hibernate: select user0_.user_id as col_0_0_ from user user0_ where user0_.user_user_id=? limit ?
Hibernate: select user0_.user_id as col_0_0_ from user user0_ where user0_.user_user_id=? limit ?
Hibernate: select user0_.user_id as col_0_0_ from user user0_ where user0_.user_user_id=? limit ?
Hibernate: select U.* from USER U where U.USER_USER_ID =?
Hibernate: select character0_.character_id as characte1_6_0_, character0_.character_character_name as characte2_6_0_ from characters character0_ where character0_.character_id=?
Hibernate: select user0_.user_id as user_id1_21_0_, user0_.character_id as characte7_21_0_, user0_.user_created_at as user_cre2_21_0_, user0_.user_name as user_nam3_21_0_, user0_.user_phone_number as user_pho4_21_0_, user0_.user_user_id as user_use5_21_0_, user0_.user_user_password as user_use6_21_0_ from user user0_ where user0_.user_id=?
Hibernate: select character0_.character_id as characte1_6_0_, character0_.character_character_name as characte2_6_0_ from characters character0_ where character0_.character_id=?
Hibernate: select count(*) as col_0_0_ from team_building teambuildi0_
Hibernate: select count(*) as col_0_0_ from team_building teambuildi0_
Hibernate: select user0_.user_id as col_0_0_ from user user0_ where user0_.user_user_id=? limit ?
Hibernate: select user0_.user_id as col_0_0_ from user user0_ where user0_.user_user_id=? limit ?
Hibernate: select U.* from USER U where U.USER_USER_ID =?
Hibernate: select character0_.character_id as characte1_6_0_, character0_.character_character_name as characte2_6_0_ from characters character0_ where character0_.character_id=?
Hibernate: select user0_.user_id as col_0_0_ from user user0_ where user0_.user_user_id=? limit ?
Hibernate: select user0_.user_id as col_0_0_ from user user0_ where user0_.user_user_id=? limit ?
Hibernate: select U.* from USER U where U.USER_USER_ID =?
Hibernate: select character0_.character_id as characte1_6_0_, character0_.character_character_name as characte2_6_0_ from characters character0_ where character0_.character_id=?
Hibernate: select user0_.user_id as col_0_0_ from user user0_ where user0_.user_user_id=? limit ?
Hibernate: select user0_.user_id as col_0_0_ from user user0_ where user0_.user_user_id=? limit ?
Hibernate: select U.* from USER U where U.USER_USER_ID =?
Hibernate: select character0_.character_id as characte1_6_0_, character0_.character_character_name as characte2_6_0_ from characters character0_ where character0_.character_id=?
Hibernate: select user0_.user_id as col_0_0_ from user user0_ where user0_.user_user_id=? limit ?
Hibernate: select userjoinin0_.user_joining_pool_id as col_0_0_ from user_joining_pool userjoinin0_ where userjoinin0_.user_user_id=? limit ?
Hibernate: select character0_.character_id as col_0_0_ from characters character0_ where character0_.character_character_name=? limit ?
Hibernate: insert into user_joining_pool (user_joining_pool_id, user_created_at, user_name, user_phone_number, user_user_id, user_user_password) values (default, ?, ?, ?, ?, ?)
Hibernate: select user0_.user_id as user_id1_21_0_, user0_.character_id as characte7_21_0_, user0_.user_created_at as user_cre2_21_0_, user0_.user_name as user_nam3_21_0_, user0_.user_phone_number as user_pho4_21_0_, user0_.user_user_id as user_use5_21_0_, user0_.user_user_password as user_use6_21_0_ from user user0_ where user0_.user_id=?
Hibernate: select character0_.character_id as characte1_6_0_, character0_.character_character_name as characte2_6_0_ from characters character0_ where character0_.character_id=?
Hibernate: select count(*) as col_0_0_ from user user0_ where user0_.user_id=?
Hibernate: select character1_.character_id as characte1_6_, character1_.character_character_name as characte2_6_ from user user0_ inner join characters character1_ on user0_.character_id=character1_.character_id where user0_.user_id=?
Hibernate: select permission0_.character_id as characte6_12_0_, permission0_.permission_id as permissi1_12_0_, permission0_.permission_id as permissi1_12_1_, permission0_.character_id as characte6_12_1_, permission0_.permission_name as permissi2_12_1_, permission0_.permission_permission_unit_id as permissi3_12_1_, permission0_.permission_service as permissi4_12_1_, permission0_.permission_status as permissi5_12_1_ from permission permission0_ where permission0_.character_id=?
Hibernate: select userjoinin0_.user_joining_pool_id as col_0_0_ from user_joining_pool userjoinin0_ where userjoinin0_.user_user_id=? limit ?
Hibernate: select userjoinin0_.user_joining_pool_id as user_joi1_22_, userjoinin0_.user_created_at as user_cre2_22_, userjoinin0_.user_name as user_nam3_22_, userjoinin0_.user_phone_number as user_pho4_22_, userjoinin0_.user_user_id as user_use5_22_, userjoinin0_.user_user_password as user_use6_22_ from user_joining_pool userjoinin0_ where userjoinin0_.user_user_id=?
Hibernate: select character0_.character_id as characte1_6_, character0_.character_character_name as characte2_6_ from characters character0_ where character0_.character_character_name=?
Hibernate: insert into user (user_id, character_id, user_created_at, user_name, user_phone_number, user_user_id, user_user_password) values (default, ?, ?, ?, ?, ?, ?)
Hibernate: DELETE FROM USER_JOINING_POOL as JU where JU.USER_USER_ID =?
Hibernate: select user0_.user_id as col_0_0_ from user user0_ where user0_.user_user_id=? limit ?
Hibernate: select user0_.user_id as col_0_0_ from user user0_ where user0_.user_user_id=? limit ?
Hibernate: select U.* from USER U where U.USER_USER_ID =?
Hibernate: select character0_.character_id as characte1_6_0_, character0_.character_character_name as characte2_6_0_ from characters character0_ where character0_.character_id=?
Hibernate: select user0_.user_id as col_0_0_ from user user0_ where user0_.user_user_id=? limit ?
Hibernate: select userjoinin0_.user_joining_pool_id as col_0_0_ from user_joining_pool userjoinin0_ where userjoinin0_.user_user_id=? limit ?
Hibernate: select character0_.character_id as col_0_0_ from characters character0_ where character0_.character_character_name=? limit ?
Hibernate: insert into user_joining_pool (user_joining_pool_id, user_created_at, user_name, user_phone_number, user_user_id, user_user_password) values (default, ?, ?, ?, ?, ?)
Hibernate: select user0_.user_id as user_id1_21_0_, user0_.character_id as characte7_21_0_, user0_.user_created_at as user_cre2_21_0_, user0_.user_name as user_nam3_21_0_, user0_.user_phone_number as user_pho4_21_0_, user0_.user_user_id as user_use5_21_0_, user0_.user_user_password as user_use6_21_0_ from user user0_ where user0_.user_id=?
Hibernate: select character0_.character_id as characte1_6_0_, character0_.character_character_name as characte2_6_0_ from characters character0_ where character0_.character_id=?
Hibernate: select count(*) as col_0_0_ from user user0_ where user0_.user_id=?
Hibernate: select character1_.character_id as characte1_6_, character1_.character_character_name as characte2_6_ from user user0_ inner join characters character1_ on user0_.character_id=character1_.character_id where user0_.user_id=?
Hibernate: select permission0_.character_id as characte6_12_0_, permission0_.permission_id as permissi1_12_0_, permission0_.permission_id as permissi1_12_1_, permission0_.character_id as characte6_12_1_, permission0_.permission_name as permissi2_12_1_, permission0_.permission_permission_unit_id as permissi3_12_1_, permission0_.permission_service as permissi4_12_1_, permission0_.permission_status as permissi5_12_1_ from permission permission0_ where permission0_.character_id=?
Hibernate: select userjoinin0_.user_joining_pool_id as col_0_0_ from user_joining_pool userjoinin0_ where userjoinin0_.user_user_id=? limit ?
Hibernate: select userjoinin0_.user_joining_pool_id as user_joi1_22_, userjoinin0_.user_created_at as user_cre2_22_, userjoinin0_.user_name as user_nam3_22_, userjoinin0_.user_phone_number as user_pho4_22_, userjoinin0_.user_user_id as user_use5_22_, userjoinin0_.user_user_password as user_use6_22_ from user_joining_pool userjoinin0_ where userjoinin0_.user_user_id=?
Hibernate: select character0_.character_id as characte1_6_, character0_.character_character_name as characte2_6_ from characters character0_ where character0_.character_character_name=?
Hibernate: insert into user (user_id, character_id, user_created_at, user_name, user_phone_number, user_user_id, user_user_password) values (default, ?, ?, ?, ?, ?, ?)
Hibernate: DELETE FROM USER_JOINING_POOL as JU where JU.USER_USER_ID =?
Hibernate: select user0_.user_id as col_0_0_ from user user0_ where user0_.user_user_id=? limit ?
Hibernate: select user0_.user_id as col_0_0_ from user user0_ where user0_.user_user_id=? limit ?
Hibernate: select U.* from USER U where U.USER_USER_ID =?
Hibernate: select character0_.character_id as characte1_6_0_, character0_.character_character_name as characte2_6_0_ from characters character0_ where character0_.character_id=?
Hibernate: select user0_.user_id as col_0_0_ from user user0_ where user0_.user_user_id=? limit ?
Hibernate: select userjoinin0_.user_joining_pool_id as col_0_0_ from user_joining_pool userjoinin0_ where userjoinin0_.user_user_id=? limit ?
Hibernate: select character0_.character_id as col_0_0_ from characters character0_ where character0_.character_character_name=? limit ?
Hibernate: insert into user_joining_pool (user_joining_pool_id, user_created_at, user_name, user_phone_number, user_user_id, user_user_password) values (default, ?, ?, ?, ?, ?)
Hibernate: select user0_.user_id as user_id1_21_0_, user0_.character_id as characte7_21_0_, user0_.user_created_at as user_cre2_21_0_, user0_.user_name as user_nam3_21_0_, user0_.user_phone_number as user_pho4_21_0_, user0_.user_user_id as user_use5_21_0_, user0_.user_user_password as user_use6_21_0_ from user user0_ where user0_.user_id=?
Hibernate: select character0_.character_id as characte1_6_0_, character0_.character_character_name as characte2_6_0_ from characters character0_ where character0_.character_id=?
Hibernate: select count(*) as col_0_0_ from user user0_ where user0_.user_id=?
Hibernate: select character1_.character_id as characte1_6_, character1_.character_character_name as characte2_6_ from user user0_ inner join characters character1_ on user0_.character_id=character1_.character_id where user0_.user_id=?
Hibernate: select permission0_.character_id as characte6_12_0_, permission0_.permission_id as permissi1_12_0_, permission0_.permission_id as permissi1_12_1_, permission0_.character_id as characte6_12_1_, permission0_.permission_name as permissi2_12_1_, permission0_.permission_permission_unit_id as permissi3_12_1_, permission0_.permission_service as permissi4_12_1_, permission0_.permission_status as permissi5_12_1_ from permission permission0_ where permission0_.character_id=?
Hibernate: select userjoinin0_.user_joining_pool_id as col_0_0_ from user_joining_pool userjoinin0_ where userjoinin0_.user_user_id=? limit ?
Hibernate: select userjoinin0_.user_joining_pool_id as user_joi1_22_, userjoinin0_.user_created_at as user_cre2_22_, userjoinin0_.user_name as user_nam3_22_, userjoinin0_.user_phone_number as user_pho4_22_, userjoinin0_.user_user_id as user_use5_22_, userjoinin0_.user_user_password as user_use6_22_ from user_joining_pool userjoinin0_ where userjoinin0_.user_user_id=?
Hibernate: select character0_.character_id as characte1_6_, character0_.character_character_name as characte2_6_ from characters character0_ where character0_.character_character_name=?
Hibernate: insert into user (user_id, character_id, user_created_at, user_name, user_phone_number, user_user_id, user_user_password) values (default, ?, ?, ?, ?, ?, ?)
Hibernate: DELETE FROM USER_JOINING_POOL as JU where JU.USER_USER_ID =?
Hibernate: select user0_.user_id as col_0_0_ from user user0_ where user0_.user_user_id=? limit ?
Hibernate: select user0_.user_id as col_0_0_ from user user0_ where user0_.user_user_id=? limit ?
Hibernate: select U.* from USER U where U.USER_USER_ID =?
Hibernate: select character0_.character_id as characte1_6_0_, character0_.character_character_name as characte2_6_0_ from characters character0_ where character0_.character_id=?
Hibernate: select user0_.user_id as col_0_0_ from user user0_ where user0_.user_user_id=? limit ?
Hibernate: select userjoinin0_.user_joining_pool_id as col_0_0_ from user_joining_pool userjoinin0_ where userjoinin0_.user_user_id=? limit ?
Hibernate: select character0_.character_id as col_0_0_ from characters character0_ where character0_.character_character_name=? limit ?
Hibernate: insert into user_joining_pool (user_joining_pool_id, user_created_at, user_name, user_phone_number, user_user_id, user_user_password) values (default, ?, ?, ?, ?, ?)
Hibernate: select user0_.user_id as user_id1_21_0_, user0_.character_id as characte7_21_0_, user0_.user_created_at as user_cre2_21_0_, user0_.user_name as user_nam3_21_0_, user0_.user_phone_number as user_pho4_21_0_, user0_.user_user_id as user_use5_21_0_, user0_.user_user_password as user_use6_21_0_ from user user0_ where user0_.user_id=?
Hibernate: select character0_.character_id as characte1_6_0_, character0_.character_character_name as characte2_6_0_ from characters character0_ where character0_.character_id=?
Hibernate: select count(*) as col_0_0_ from user user0_ where user0_.user_id=?
Hibernate: select character1_.character_id as characte1_6_, character1_.character_character_name as characte2_6_ from user user0_ inner join characters character1_ on user0_.character_id=character1_.character_id where user0_.user_id=?
Hibernate: select permission0_.character_id as characte6_12_0_, permission0_.permission_id as permissi1_12_0_, permission0_.permission_id as permissi1_12_1_, permission0_.character_id as characte6_12_1_, permission0_.permission_name as permissi2_12_1_, permission0_.permission_permission_unit_id as permissi3_12_1_, permission0_.permission_service as permissi4_12_1_, permission0_.permission_status as permissi5_12_1_ from permission permission0_ where permission0_.character_id=?
Hibernate: select userjoinin0_.user_joining_pool_id as col_0_0_ from user_joining_pool userjoinin0_ where userjoinin0_.user_user_id=? limit ?
Hibernate: select userjoinin0_.user_joining_pool_id as user_joi1_22_, userjoinin0_.user_created_at as user_cre2_22_, userjoinin0_.user_name as user_nam3_22_, userjoinin0_.user_phone_number as user_pho4_22_, userjoinin0_.user_user_id as user_use5_22_, userjoinin0_.user_user_password as user_use6_22_ from user_joining_pool userjoinin0_ where userjoinin0_.user_user_id=?
Hibernate: select character0_.character_id as characte1_6_, character0_.character_character_name as characte2_6_ from characters character0_ where character0_.character_character_name=?
Hibernate: insert into user (user_id, character_id, user_created_at, user_name, user_phone_number, user_user_id, user_user_password) values (default, ?, ?, ?, ?, ?, ?)
Hibernate: DELETE FROM USER_JOINING_POOL as JU where JU.USER_USER_ID =?
Hibernate: select user0_.user_id as col_0_0_ from user user0_ where user0_.user_user_id=? limit ?
Hibernate: select user0_.user_id as col_0_0_ from user user0_ where user0_.user_user_id=? limit ?
Hibernate: select U.* from USER U where U.USER_USER_ID =?
Hibernate: select character0_.character_id as characte1_6_0_, character0_.character_character_name as characte2_6_0_ from characters character0_ where character0_.character_id=?
Hibernate: select user0_.user_id as col_0_0_ from user user0_ where user0_.user_user_id=? limit ?
Hibernate: select userjoinin0_.user_joining_pool_id as col_0_0_ from user_joining_pool userjoinin0_ where userjoinin0_.user_user_id=? limit ?
Hibernate: select character0_.character_id as col_0_0_ from characters character0_ where character0_.character_character_name=? limit ?
Hibernate: insert into user_joining_pool (user_joining_pool_id, user_created_at, user_name, user_phone_number, user_user_id, user_user_password) values (default, ?, ?, ?, ?, ?)
Hibernate: select user0_.user_id as user_id1_21_0_, user0_.character_id as characte7_21_0_, user0_.user_created_at as user_cre2_21_0_, user0_.user_name as user_nam3_21_0_, user0_.user_phone_number as user_pho4_21_0_, user0_.user_user_id as user_use5_21_0_, user0_.user_user_password as user_use6_21_0_ from user user0_ where user0_.user_id=?
Hibernate: select character0_.character_id as characte1_6_0_, character0_.character_character_name as characte2_6_0_ from characters character0_ where character0_.character_id=?
Hibernate: select count(*) as col_0_0_ from user user0_ where user0_.user_id=?
Hibernate: select character1_.character_id as characte1_6_, character1_.character_character_name as characte2_6_ from user user0_ inner join characters character1_ on user0_.character_id=character1_.character_id where user0_.user_id=?
Hibernate: select permission0_.character_id as characte6_12_0_, permission0_.permission_id as permissi1_12_0_, permission0_.permission_id as permissi1_12_1_, permission0_.character_id as characte6_12_1_, permission0_.permission_name as permissi2_12_1_, permission0_.permission_permission_unit_id as permissi3_12_1_, permission0_.permission_service as permissi4_12_1_, permission0_.permission_status as permissi5_12_1_ from permission permission0_ where permission0_.character_id=?
Hibernate: select userjoinin0_.user_joining_pool_id as col_0_0_ from user_joining_pool userjoinin0_ where userjoinin0_.user_user_id=? limit ?
Hibernate: select userjoinin0_.user_joining_pool_id as user_joi1_22_, userjoinin0_.user_created_at as user_cre2_22_, userjoinin0_.user_name as user_nam3_22_, userjoinin0_.user_phone_number as user_pho4_22_, userjoinin0_.user_user_id as user_use5_22_, userjoinin0_.user_user_password as user_use6_22_ from user_joining_pool userjoinin0_ where userjoinin0_.user_user_id=?
Hibernate: select character0_.character_id as characte1_6_, character0_.character_character_name as characte2_6_ from characters character0_ where character0_.character_character_name=?
Hibernate: insert into user (user_id, character_id, user_created_at, user_name, user_phone_number, user_user_id, user_user_password) values (default, ?, ?, ?, ?, ?, ?)
Hibernate: DELETE FROM USER_JOINING_POOL as JU where JU.USER_USER_ID =?
Hibernate: select user0_.user_id as user_id1_21_0_, user0_.character_id as characte7_21_0_, user0_.user_created_at as user_cre2_21_0_, user0_.user_name as user_nam3_21_0_, user0_.user_phone_number as user_pho4_21_0_, user0_.user_user_id as user_use5_21_0_, user0_.user_user_password as user_use6_21_0_ from user user0_ where user0_.user_id=?
Hibernate: select character0_.character_id as characte1_6_0_, character0_.character_character_name as characte2_6_0_ from characters character0_ where character0_.character_id=?
Hibernate: select count(*) as col_0_0_ from user user0_ where user0_.user_id=?
Hibernate: select character1_.character_id as characte1_6_, character1_.character_character_name as characte2_6_ from user user0_ inner join characters character1_ on user0_.character_id=character1_.character_id where user0_.user_id=?
Hibernate: select permission0_.character_id as characte6_12_0_, permission0_.permission_id as permissi1_12_0_, permission0_.permission_id as permissi1_12_1_, permission0_.character_id as characte6_12_1_, permission0_.permission_name as permissi2_12_1_, permission0_.permission_permission_unit_id as permissi3_12_1_, permission0_.permission_service as permissi4_12_1_, permission0_.permission_status as permissi5_12_1_ from permission permission0_ where permission0_.character_id=?
Hibernate: select user0_.user_id as col_0_0_ from user user0_ where user0_.user_user_id=? limit ?
Hibernate: select user0_.user_id as col_0_0_ from user user0_ where user0_.user_user_id=? limit ?
Hibernate: select user0_.user_id as col_0_0_ from user user0_ where user0_.user_user_id=? limit ?
Hibernate: select user0_.user_id as col_0_0_ from user user0_ where user0_.user_user_id=? limit ?
Hibernate: select user0_.user_id as col_0_0_ from user user0_ where user0_.user_user_id=? limit ?
Hibernate: select user0_.user_id as user_id1_21_, user0_.character_id as characte7_21_, user0_.user_created_at as user_cre2_21_, user0_.user_name as user_nam3_21_, user0_.user_phone_number as user_pho4_21_, user0_.user_user_id as user_use5_21_, user0_.user_user_password as user_use6_21_ from user user0_ inner join characters character1_ on user0_.character_id=character1_.character_id where user0_.user_user_id=?
Hibernate: select character0_.character_id as characte1_6_0_, character0_.character_character_name as characte2_6_0_ from characters character0_ where character0_.character_id=?
Hibernate: select user0_.user_id as user_id1_21_, user0_.character_id as characte7_21_, user0_.user_created_at as user_cre2_21_, user0_.user_name as user_nam3_21_, user0_.user_phone_number as user_pho4_21_, user0_.user_user_id as user_use5_21_, user0_.user_user_password as user_use6_21_ from user user0_ inner join characters character1_ on user0_.character_id=character1_.character_id where user0_.user_user_id=?
Hibernate: select user0_.user_id as user_id1_21_, user0_.character_id as characte7_21_, user0_.user_created_at as user_cre2_21_, user0_.user_name as user_nam3_21_, user0_.user_phone_number as user_pho4_21_, user0_.user_user_id as user_use5_21_, user0_.user_user_password as user_use6_21_ from user user0_ inner join characters character1_ on user0_.character_id=character1_.character_id where user0_.user_user_id=?
Hibernate: select user0_.user_id as user_id1_21_, user0_.character_id as characte7_21_, user0_.user_created_at as user_cre2_21_, user0_.user_name as user_nam3_21_, user0_.user_phone_number as user_pho4_21_, user0_.user_user_id as user_use5_21_, user0_.user_user_password as user_use6_21_ from user user0_ inner join characters character1_ on user0_.character_id=character1_.character_id where user0_.user_user_id=?
Hibernate: select user0_.user_id as user_id1_21_, user0_.character_id as characte7_21_, user0_.user_created_at as user_cre2_21_, user0_.user_name as user_nam3_21_, user0_.user_phone_number as user_pho4_21_, user0_.user_user_id as user_use5_21_, user0_.user_user_password as user_use6_21_ from user user0_ inner join characters character1_ on user0_.character_id=character1_.character_id where user0_.user_user_id=?
Hibernate: insert into team_building (team_building_team_building_id, team_building_created_at, team_building_last_modified_at, team_building_team_building_title) values (default, ?, ?, ?)
Hibernate: insert into team (team_team_id, team_last_modified_at, team_building_team_building_id, team_team_name) values (default, ?, ?, ?)
Hibernate: insert into team_user (team_user_id, team_team_id, user_id) values (default, ?, ?)
Hibernate: insert into team_user (team_user_id, team_team_id, user_id) values (default, ?, ?)
Hibernate: insert into team_user (team_user_id, team_team_id, user_id) values (default, ?, ?)
Hibernate: insert into team (team_team_id, team_last_modified_at, team_building_team_building_id, team_team_name) values (default, ?, ?, ?)
Hibernate: insert into team_user (team_user_id, team_team_id, user_id) values (default, ?, ?)
Hibernate: insert into team_user (team_user_id, team_team_id, user_id) values (default, ?, ?)
Hibernate: select user0_.user_id as user_id1_21_0_, user0_.character_id as characte7_21_0_, user0_.user_created_at as user_cre2_21_0_, user0_.user_name as user_nam3_21_0_, user0_.user_phone_number as user_pho4_21_0_, user0_.user_user_id as user_use5_21_0_, user0_.user_user_password as user_use6_21_0_ from user user0_ where user0_.user_id=?
Hibernate: select character0_.character_id as characte1_6_0_, character0_.character_character_name as characte2_6_0_ from characters character0_ where character0_.character_id=?
Hibernate: select count(*) as col_0_0_ from team_building teambuildi0_
Hibernate: select count(*) as col_0_0_ from team_building teambuildi0_
Hibernate: select teambuildi0_.team_building_team_building_id as team_bui1_19_, teambuildi0_.team_building_created_at as team_bui2_19_, teambuildi0_.team_building_last_modified_at as team_bui3_19_, teambuildi0_.team_building_team_building_title as team_bui4_19_ from team_building teambuildi0_ order by teambuildi0_.team_building_created_at desc, teambuildi0_.team_building_team_building_id desc limit ?
Hibernate: select teamlist0_.team_building_team_building_id as team_bui4_18_0_, teamlist0_.team_team_id as team_tea1_18_0_, teamlist0_.team_team_id as team_tea1_18_1_, teamlist0_.team_last_modified_at as team_las2_18_1_, teamlist0_.team_building_team_building_id as team_bui4_18_1_, teamlist0_.team_team_name as team_tea3_18_1_ from team teamlist0_ where teamlist0_.team_building_team_building_id=?
Hibernate: select teamuserli0_.team_team_id as team_tea2_20_0_, teamuserli0_.team_user_id as team_use1_20_0_, teamuserli0_.team_user_id as team_use1_20_1_, teamuserli0_.team_team_id as team_tea2_20_1_, teamuserli0_.user_id as user_id3_20_1_ from team_user teamuserli0_ where teamuserli0_.team_team_id=?
Hibernate: select user0_.user_id as user_id1_21_0_, user0_.character_id as characte7_21_0_, user0_.user_created_at as user_cre2_21_0_, user0_.user_name as user_nam3_21_0_, user0_.user_phone_number as user_pho4_21_0_, user0_.user_user_id as user_use5_21_0_, user0_.user_user_password as user_use6_21_0_ from user user0_ where user0_.user_id=?
Hibernate: select character0_.character_id as characte1_6_0_, character0_.character_character_name as characte2_6_0_ from characters character0_ where character0_.character_id=?
Hibernate: select user0_.user_id as user_id1_21_0_, user0_.character_id as characte7_21_0_, user0_.user_created_at as user_cre2_21_0_, user0_.user_name as user_nam3_21_0_, user0_.user_phone_number as user_pho4_21_0_, user0_.user_user_id as user_use5_21_0_, user0_.user_user_password as user_use6_21_0_ from user user0_ where user0_.user_id=?
Hibernate: select user0_.user_id as user_id1_21_0_, user0_.character_id as characte7_21_0_, user0_.user_created_at as user_cre2_21_0_, user0_.user_name as user_nam3_21_0_, user0_.user_phone_number as user_pho4_21_0_, user0_.user_user_id as user_use5_21_0_, user0_.user_user_password as user_use6_21_0_ from user user0_ where user0_.user_id=?
Hibernate: select teamuserli0_.team_team_id as team_tea2_20_0_, teamuserli0_.team_user_id as team_use1_20_0_, teamuserli0_.team_user_id as team_use1_20_1_, teamuserli0_.team_team_id as team_tea2_20_1_, teamuserli0_.user_id as user_id3_20_1_ from team_user teamuserli0_ where teamuserli0_.team_team_id=?
Hibernate: select user0_.user_id as user_id1_21_0_, user0_.character_id as characte7_21_0_, user0_.user_created_at as user_cre2_21_0_, user0_.user_name as user_nam3_21_0_, user0_.user_phone_number as user_pho4_21_0_, user0_.user_user_id as user_use5_21_0_, user0_.user_user_password as user_use6_21_0_ from user user0_ where user0_.user_id=?
Hibernate: select user0_.user_id as user_id1_21_0_, user0_.character_id as characte7_21_0_, user0_.user_created_at as user_cre2_21_0_, user0_.user_name as user_nam3_21_0_, user0_.user_phone_number as user_pho4_21_0_, user0_.user_user_id as user_use5_21_0_, user0_.user_user_password as user_use6_21_0_ from user user0_ where user0_.user_id=?
Hibernate: select user0_.user_id as user_id1_21_0_, user0_.character_id as characte7_21_0_, user0_.user_created_at as user_cre2_21_0_, user0_.user_name as user_nam3_21_0_, user0_.user_phone_number as user_pho4_21_0_, user0_.user_user_id as user_use5_21_0_, user0_.user_user_password as user_use6_21_0_ from user user0_ where user0_.user_id=?
Hibernate: select character0_.character_id as characte1_6_0_, character0_.character_character_name as characte2_6_0_ from characters character0_ where character0_.character_id=?
Hibernate: select count(*) as col_0_0_ from user user0_ where user0_.user_id=?
Hibernate: select character1_.character_id as characte1_6_, character1_.character_character_name as characte2_6_ from user user0_ inner join characters character1_ on user0_.character_id=character1_.character_id where user0_.user_id=?
Hibernate: select permission0_.character_id as characte6_12_0_, permission0_.permission_id as permissi1_12_0_, permission0_.permission_id as permissi1_12_1_, permission0_.character_id as characte6_12_1_, permission0_.permission_name as permissi2_12_1_, permission0_.permission_permission_unit_id as permissi3_12_1_, permission0_.permission_service as permissi4_12_1_, permission0_.permission_status as permissi5_12_1_ from permission permission0_ where permission0_.character_id=?
Hibernate: select count(*) as col_0_0_ from team_building teambuildi0_ where teambuildi0_.team_building_team_building_id=?
Hibernate: SELECT * FROM TEAM WHERE TEAM_BUILDING_TEAM_BUILDING_ID = ?
Hibernate: select teambuildi0_.team_building_team_building_id as team_bui1_19_0_, teambuildi0_.team_building_created_at as team_bui2_19_0_, teambuildi0_.team_building_last_modified_at as team_bui3_19_0_, teambuildi0_.team_building_team_building_title as team_bui4_19_0_ from team_building teambuildi0_ where teambuildi0_.team_building_team_building_id=?
Hibernate: select teamuserli0_.team_team_id as team_tea2_20_0_, teamuserli0_.team_user_id as team_use1_20_0_, teamuserli0_.team_user_id as team_use1_20_1_, teamuserli0_.team_team_id as team_tea2_20_1_, teamuserli0_.user_id as user_id3_20_1_ from team_user teamuserli0_ where teamuserli0_.team_team_id=?
Hibernate: select user0_.user_id as user_id1_21_0_, user0_.character_id as characte7_21_0_, user0_.user_created_at as user_cre2_21_0_, user0_.user_name as user_nam3_21_0_, user0_.user_phone_number as user_pho4_21_0_, user0_.user_user_id as user_use5_21_0_, user0_.user_user_password as user_use6_21_0_ from user user0_ where user0_.user_id=?
Hibernate: select character0_.character_id as characte1_6_0_, character0_.character_character_name as characte2_6_0_ from characters character0_ where character0_.character_id=?
Hibernate: select user0_.user_id as user_id1_21_0_, user0_.character_id as characte7_21_0_, user0_.user_created_at as user_cre2_21_0_, user0_.user_name as user_nam3_21_0_, user0_.user_phone_number as user_pho4_21_0_, user0_.user_user_id as user_use5_21_0_, user0_.user_user_password as user_use6_21_0_ from user user0_ where user0_.user_id=?
Hibernate: select user0_.user_id as user_id1_21_0_, user0_.character_id as characte7_21_0_, user0_.user_created_at as user_cre2_21_0_, user0_.user_name as user_nam3_21_0_, user0_.user_phone_number as user_pho4_21_0_, user0_.user_user_id as user_use5_21_0_, user0_.user_user_password as user_use6_21_0_ from user user0_ where user0_.user_id=?
Hibernate: select teamuserli0_.team_team_id as team_tea2_20_0_, teamuserli0_.team_user_id as team_use1_20_0_, teamuserli0_.team_user_id as team_use1_20_1_, teamuserli0_.team_team_id as team_tea2_20_1_, teamuserli0_.user_id as user_id3_20_1_ from team_user teamuserli0_ where teamuserli0_.team_team_id=?
Hibernate: select user0_.user_id as user_id1_21_0_, user0_.character_id as characte7_21_0_, user0_.user_created_at as user_cre2_21_0_, user0_.user_name as user_nam3_21_0_, user0_.user_phone_number as user_pho4_21_0_, user0_.user_user_id as user_use5_21_0_, user0_.user_user_password as user_use6_21_0_ from user user0_ where user0_.user_id=?
Hibernate: select user0_.user_id as user_id1_21_0_, user0_.character_id as characte7_21_0_, user0_.user_created_at as user_cre2_21_0_, user0_.user_name as user_nam3_21_0_, user0_.user_phone_number as user_pho4_21_0_, user0_.user_user_id as user_use5_21_0_, user0_.user_user_password as user_use6_21_0_ from user user0_ where user0_.user_id=?
Hibernate: SELECT DISTINCT TU.USER_ID FROM TEAM_USER AS TU INNER JOIN TEAM AS T WHERE T.TEAM_BUILDING_TEAM_BUILDING_ID = ? AND TU.TEAM_TEAM_ID = T.TEAM_TEAM_ID
Hibernate: insert into team (team_team_id, team_last_modified_at, team_building_team_building_id, team_team_name) values (default, ?, ?, ?)

MockHttpServletRequest:
      HTTP Method = POST
      Request URI = /teambuilding/team/31
       Parameters = {}
          Headers = [Content-Type:"application/json;charset=UTF-8", Accept:"application/json", api-version:"1.0", Authorization:"Bearer eyJhbGciOiJIUzI1NiJ9.eyJzdWIiOiIxIiwiaWF0IjoxNjg3ODc3NDY5LCJleHAiOjE2ODc4ODEwNjl9.5GpcrqH17WaCEi6670WViYdxZ8Db7S7TQOeUs9MSnKg", Content-Length:"36"]
             Body = {"team_name":"chisami","members":[]}
    Session Attrs = {}

Handler:
             Type = org.waldreg.controller.teambuilding.TeamBuildingController
           Method = org.waldreg.controller.teambuilding.TeamBuildingController#createTeam(int, TeamRequest)

Async:
    Async started = false
     Async result = null

Resolved Exception:
             Type = null

ModelAndView:
        View name = null
             View = null
            Model = null

FlashMap:
       Attributes = null

MockHttpServletResponse:
           Status = 200
    Error message = null
          Headers = [Vary:"Origin", "Access-Control-Request-Method", "Access-Control-Request-Headers", Api-version:"1.0"]
     Content type = null
             Body = 
    Forwarded URL = null
   Redirected URL = null
          Cookies = []
Hibernate: select user0_.user_id as col_0_0_ from user user0_ where user0_.user_user_id=? limit ?
Hibernate: select user0_.user_id as col_0_0_ from user user0_ where user0_.user_user_id=? limit ?
Hibernate: select U.* from USER U where U.USER_USER_ID =?
Hibernate: select character0_.character_id as characte1_6_0_, character0_.character_character_name as characte2_6_0_ from characters character0_ where character0_.character_id=?
Hibernate: select user0_.user_id as user_id1_21_0_, user0_.character_id as characte7_21_0_, user0_.user_created_at as user_cre2_21_0_, user0_.user_name as user_nam3_21_0_, user0_.user_phone_number as user_pho4_21_0_, user0_.user_user_id as user_use5_21_0_, user0_.user_user_password as user_use6_21_0_ from user user0_ where user0_.user_id=?
Hibernate: select character0_.character_id as characte1_6_0_, character0_.character_character_name as characte2_6_0_ from characters character0_ where character0_.character_id=?
Hibernate: select count(*) as col_0_0_ from team_building teambuildi0_
Hibernate: select count(*) as col_0_0_ from team_building teambuildi0_
Hibernate: select teambuildi0_.team_building_team_building_id as team_bui1_19_, teambuildi0_.team_building_created_at as team_bui2_19_, teambuildi0_.team_building_last_modified_at as team_bui3_19_, teambuildi0_.team_building_team_building_title as team_bui4_19_ from team_building teambuildi0_ order by teambuildi0_.team_building_created_at desc, teambuildi0_.team_building_team_building_id desc limit ?
Hibernate: select teamlist0_.team_building_team_building_id as team_bui4_18_0_, teamlist0_.team_team_id as team_tea1_18_0_, teamlist0_.team_team_id as team_tea1_18_1_, teamlist0_.team_last_modified_at as team_las2_18_1_, teamlist0_.team_building_team_building_id as team_bui4_18_1_, teamlist0_.team_team_name as team_tea3_18_1_ from team teamlist0_ where teamlist0_.team_building_team_building_id=?
Hibernate: select teamuserli0_.team_team_id as team_tea2_20_0_, teamuserli0_.team_user_id as team_use1_20_0_, teamuserli0_.team_user_id as team_use1_20_1_, teamuserli0_.team_team_id as team_tea2_20_1_, teamuserli0_.user_id as user_id3_20_1_ from team_user teamuserli0_ where teamuserli0_.team_team_id=?
Hibernate: select user0_.user_id as user_id1_21_0_, user0_.character_id as characte7_21_0_, user0_.user_created_at as user_cre2_21_0_, user0_.user_name as user_nam3_21_0_, user0_.user_phone_number as user_pho4_21_0_, user0_.user_user_id as user_use5_21_0_, user0_.user_user_password as user_use6_21_0_ from user user0_ where user0_.user_id=?
Hibernate: select character0_.character_id as characte1_6_0_, character0_.character_character_name as characte2_6_0_ from characters character0_ where character0_.character_id=?
Hibernate: select user0_.user_id as user_id1_21_0_, user0_.character_id as characte7_21_0_, user0_.user_created_at as user_cre2_21_0_, user0_.user_name as user_nam3_21_0_, user0_.user_phone_number as user_pho4_21_0_, user0_.user_user_id as user_use5_21_0_, user0_.user_user_password as user_use6_21_0_ from user user0_ where user0_.user_id=?
Hibernate: select user0_.user_id as user_id1_21_0_, user0_.character_id as characte7_21_0_, user0_.user_created_at as user_cre2_21_0_, user0_.user_name as user_nam3_21_0_, user0_.user_phone_number as user_pho4_21_0_, user0_.user_user_id as user_use5_21_0_, user0_.user_user_password as user_use6_21_0_ from user user0_ where user0_.user_id=?
Hibernate: select teamuserli0_.team_team_id as team_tea2_20_0_, teamuserli0_.team_user_id as team_use1_20_0_, teamuserli0_.team_user_id as team_use1_20_1_, teamuserli0_.team_team_id as team_tea2_20_1_, teamuserli0_.user_id as user_id3_20_1_ from team_user teamuserli0_ where teamuserli0_.team_team_id=?
Hibernate: select user0_.user_id as user_id1_21_0_, user0_.character_id as characte7_21_0_, user0_.user_created_at as user_cre2_21_0_, user0_.user_name as user_nam3_21_0_, user0_.user_phone_number as user_pho4_21_0_, user0_.user_user_id as user_use5_21_0_, user0_.user_user_password as user_use6_21_0_ from user user0_ where user0_.user_id=?
Hibernate: select user0_.user_id as user_id1_21_0_, user0_.character_id as characte7_21_0_, user0_.user_created_at as user_cre2_21_0_, user0_.user_name as user_nam3_21_0_, user0_.user_phone_number as user_pho4_21_0_, user0_.user_user_id as user_use5_21_0_, user0_.user_user_password as user_use6_21_0_ from user user0_ where user0_.user_id=?
Hibernate: select teamuserli0_.team_team_id as team_tea2_20_0_, teamuserli0_.team_user_id as team_use1_20_0_, teamuserli0_.team_user_id as team_use1_20_1_, teamuserli0_.team_team_id as team_tea2_20_1_, teamuserli0_.user_id as user_id3_20_1_ from team_user teamuserli0_ where teamuserli0_.team_team_id=?
Hibernate: select user0_.user_id as user_id1_21_0_, user0_.character_id as characte7_21_0_, user0_.user_created_at as user_cre2_21_0_, user0_.user_name as user_nam3_21_0_, user0_.user_phone_number as user_pho4_21_0_, user0_.user_user_id as user_use5_21_0_, user0_.user_user_password as user_use6_21_0_ from user user0_ where user0_.user_id=?
Hibernate: select character0_.character_id as characte1_6_0_, character0_.character_character_name as characte2_6_0_ from characters character0_ where character0_.character_id=?
Hibernate: select count(*) as col_0_0_ from user user0_ where user0_.user_id=?
Hibernate: select character1_.character_id as characte1_6_, character1_.character_character_name as characte2_6_ from user user0_ inner join characters character1_ on user0_.character_id=character1_.character_id where user0_.user_id=?
Hibernate: select permission0_.character_id as characte6_12_0_, permission0_.permission_id as permissi1_12_0_, permission0_.permission_id as permissi1_12_1_, permission0_.character_id as characte6_12_1_, permission0_.permission_name as permissi2_12_1_, permission0_.permission_permission_unit_id as permissi3_12_1_, permission0_.permission_service as permissi4_12_1_, permission0_.permission_status as permissi5_12_1_ from permission permission0_ where permission0_.character_id=?
Hibernate: select count(*) as col_0_0_ from team_building teambuildi0_ where teambuildi0_.team_building_team_building_id=?
Hibernate: select teambuildi0_.team_building_team_building_id as team_bui1_19_0_, teambuildi0_.team_building_created_at as team_bui2_19_0_, teambuildi0_.team_building_last_modified_at as team_bui3_19_0_, teambuildi0_.team_building_team_building_title as team_bui4_19_0_ from team_building teambuildi0_ where teambuildi0_.team_building_team_building_id=?
Hibernate: select teamlist0_.team_building_team_building_id as team_bui4_18_0_, teamlist0_.team_team_id as team_tea1_18_0_, teamlist0_.team_team_id as team_tea1_18_1_, teamlist0_.team_last_modified_at as team_las2_18_1_, teamlist0_.team_building_team_building_id as team_bui4_18_1_, teamlist0_.team_team_name as team_tea3_18_1_ from team teamlist0_ where teamlist0_.team_building_team_building_id=?
Hibernate: select teamuserli0_.team_team_id as team_tea2_20_0_, teamuserli0_.team_user_id as team_use1_20_0_, teamuserli0_.team_user_id as team_use1_20_1_, teamuserli0_.team_team_id as team_tea2_20_1_, teamuserli0_.user_id as user_id3_20_1_ from team_user teamuserli0_ where teamuserli0_.team_team_id=?
Hibernate: select user0_.user_id as user_id1_21_0_, user0_.character_id as characte7_21_0_, user0_.user_created_at as user_cre2_21_0_, user0_.user_name as user_nam3_21_0_, user0_.user_phone_number as user_pho4_21_0_, user0_.user_user_id as user_use5_21_0_, user0_.user_user_password as user_use6_21_0_ from user user0_ where user0_.user_id=?
Hibernate: select character0_.character_id as characte1_6_0_, character0_.character_character_name as characte2_6_0_ from characters character0_ where character0_.character_id=?
Hibernate: select user0_.user_id as user_id1_21_0_, user0_.character_id as characte7_21_0_, user0_.user_created_at as user_cre2_21_0_, user0_.user_name as user_nam3_21_0_, user0_.user_phone_number as user_pho4_21_0_, user0_.user_user_id as user_use5_21_0_, user0_.user_user_password as user_use6_21_0_ from user user0_ where user0_.user_id=?
Hibernate: select user0_.user_id as user_id1_21_0_, user0_.character_id as characte7_21_0_, user0_.user_created_at as user_cre2_21_0_, user0_.user_name as user_nam3_21_0_, user0_.user_phone_number as user_pho4_21_0_, user0_.user_user_id as user_use5_21_0_, user0_.user_user_password as user_use6_21_0_ from user user0_ where user0_.user_id=?
Hibernate: select teamuserli0_.team_team_id as team_tea2_20_0_, teamuserli0_.team_user_id as team_use1_20_0_, teamuserli0_.team_user_id as team_use1_20_1_, teamuserli0_.team_team_id as team_tea2_20_1_, teamuserli0_.user_id as user_id3_20_1_ from team_user teamuserli0_ where teamuserli0_.team_team_id=?
Hibernate: select user0_.user_id as user_id1_21_0_, user0_.character_id as characte7_21_0_, user0_.user_created_at as user_cre2_21_0_, user0_.user_name as user_nam3_21_0_, user0_.user_phone_number as user_pho4_21_0_, user0_.user_user_id as user_use5_21_0_, user0_.user_user_password as user_use6_21_0_ from user user0_ where user0_.user_id=?
Hibernate: select user0_.user_id as user_id1_21_0_, user0_.character_id as characte7_21_0_, user0_.user_created_at as user_cre2_21_0_, user0_.user_name as user_nam3_21_0_, user0_.user_phone_number as user_pho4_21_0_, user0_.user_user_id as user_use5_21_0_, user0_.user_user_password as user_use6_21_0_ from user user0_ where user0_.user_id=?
Hibernate: select teamuserli0_.team_team_id as team_tea2_20_0_, teamuserli0_.team_user_id as team_use1_20_0_, teamuserli0_.team_user_id as team_use1_20_1_, teamuserli0_.team_team_id as team_tea2_20_1_, teamuserli0_.user_id as user_id3_20_1_ from team_user teamuserli0_ where teamuserli0_.team_team_id=?
Hibernate: delete from team_user where team_user_id=?
Hibernate: delete from team_user where team_user_id=?
Hibernate: delete from team_user where team_user_id=?
Hibernate: delete from team where team_team_id=?
Hibernate: delete from team_user where team_user_id=?
Hibernate: delete from team_user where team_user_id=?
Hibernate: delete from team where team_team_id=?
Hibernate: delete from team where team_team_id=?
Hibernate: delete from team_building where team_building_team_building_id=?
Hibernate: select user0_.user_id as user_id1_21_0_, user0_.character_id as characte7_21_0_, user0_.user_created_at as user_cre2_21_0_, user0_.user_name as user_nam3_21_0_, user0_.user_phone_number as user_pho4_21_0_, user0_.user_user_id as user_use5_21_0_, user0_.user_user_password as user_use6_21_0_ from user user0_ where user0_.user_id=?
Hibernate: select character0_.character_id as characte1_6_0_, character0_.character_character_name as characte2_6_0_ from characters character0_ where character0_.character_id=?
Hibernate: select count(*) as col_0_0_ from team_building teambuildi0_ where teambuildi0_.team_building_team_building_id=?
Hibernate: select user0_.user_id as col_0_0_ from user user0_ where user0_.user_user_id=? limit ?
Hibernate: select user0_.user_id as col_0_0_ from user user0_ where user0_.user_user_id=? limit ?
Hibernate: select U.* from USER U where U.USER_USER_ID =?
Hibernate: select character0_.character_id as characte1_6_0_, character0_.character_character_name as characte2_6_0_ from characters character0_ where character0_.character_id=?
Hibernate: select user0_.user_id as col_0_0_ from user user0_ where user0_.user_user_id=? limit ?
Hibernate: select user0_.user_id as user_id1_21_, user0_.character_id as characte7_21_, user0_.user_created_at as user_cre2_21_, user0_.user_name as user_nam3_21_, user0_.user_phone_number as user_pho4_21_, user0_.user_user_id as user_use5_21_, user0_.user_user_password as user_use6_21_ from user user0_ inner join characters character1_ on user0_.character_id=character1_.character_id where user0_.user_user_id=?
Hibernate: select character0_.character_id as characte1_6_0_, character0_.character_character_name as characte2_6_0_ from characters character0_ where character0_.character_id=?
Hibernate: select rewardtagw0_.user_id as user_id4_16_0_, rewardtagw0_.reward_tag_wrapper_reward_id as reward_t1_16_0_, rewardtagw0_.reward_tag_wrapper_reward_id as reward_t1_16_1_, rewardtagw0_.reward_tag_wrapper_reward_presented_at as reward_t2_16_1_, rewardtagw0_.reward_tag_reward_tag_id as reward_t3_16_1_, rewardtagw0_.user_id as user_id4_16_1_ from reward_tag_wrapper rewardtagw0_ where rewardtagw0_.user_id=?
Hibernate: select user0_.user_id as user_id1_21_0_, user0_.character_id as characte7_21_0_, user0_.user_created_at as user_cre2_21_0_, user0_.user_name as user_nam3_21_0_, user0_.user_phone_number as user_pho4_21_0_, user0_.user_user_id as user_use5_21_0_, user0_.user_user_password as user_use6_21_0_ from user user0_ where user0_.user_id=?
Hibernate: select character0_.character_id as characte1_6_0_, character0_.character_character_name as characte2_6_0_ from characters character0_ where character0_.character_id=?
Hibernate: select count(*) as col_0_0_ from user user0_ where user0_.user_id=?
Hibernate: select character1_.character_id as characte1_6_, character1_.character_character_name as characte2_6_ from user user0_ inner join characters character1_ on user0_.character_id=character1_.character_id where user0_.user_id=?
Hibernate: select permission0_.character_id as characte6_12_0_, permission0_.permission_id as permissi1_12_0_, permission0_.permission_id as permissi1_12_1_, permission0_.character_id as characte6_12_1_, permission0_.permission_name as permissi2_12_1_, permission0_.permission_permission_unit_id as permissi3_12_1_, permission0_.permission_service as permissi4_12_1_, permission0_.permission_status as permissi5_12_1_ from permission permission0_ where permission0_.character_id=?
Hibernate: select count(*) as col_0_0_ from user user0_ where user0_.user_id=?
Hibernate: select user0_.user_id as user_id1_21_, user0_.character_id as characte7_21_, user0_.user_created_at as user_cre2_21_, user0_.user_name as user_nam3_21_, user0_.user_phone_number as user_pho4_21_, user0_.user_user_id as user_use5_21_, user0_.user_user_password as user_use6_21_ from user user0_ where user0_.user_id=?
Hibernate: select character0_.character_id as characte1_6_0_, character0_.character_character_name as characte2_6_0_ from characters character0_ where character0_.character_id=?
Hibernate: select rewardtagw0_.user_id as user_id4_16_0_, rewardtagw0_.reward_tag_wrapper_reward_id as reward_t1_16_0_, rewardtagw0_.reward_tag_wrapper_reward_id as reward_t1_16_1_, rewardtagw0_.reward_tag_wrapper_reward_presented_at as reward_t2_16_1_, rewardtagw0_.reward_tag_reward_tag_id as reward_t3_16_1_, rewardtagw0_.user_id as user_id4_16_1_ from reward_tag_wrapper rewardtagw0_ where rewardtagw0_.user_id=?
Hibernate: select attendance0_.attendance_user_attendance_user_id as col_0_0_ from attendance_user attendance0_ where attendance0_.user_id=? limit ?
Hibernate: DELETE FROM USER WHERE USER_ID = ?
Hibernate: select user0_.user_id as col_0_0_ from user user0_ where user0_.user_user_id=? limit ?
Hibernate: select user0_.user_id as col_0_0_ from user user0_ where user0_.user_user_id=? limit ?
Hibernate: select user0_.user_id as user_id1_21_, user0_.character_id as characte7_21_, user0_.user_created_at as user_cre2_21_, user0_.user_name as user_nam3_21_, user0_.user_phone_number as user_pho4_21_, user0_.user_user_id as user_use5_21_, user0_.user_user_password as user_use6_21_ from user user0_ inner join characters character1_ on user0_.character_id=character1_.character_id where user0_.user_user_id=?
Hibernate: select character0_.character_id as characte1_6_0_, character0_.character_character_name as characte2_6_0_ from characters character0_ where character0_.character_id=?
Hibernate: select rewardtagw0_.user_id as user_id4_16_0_, rewardtagw0_.reward_tag_wrapper_reward_id as reward_t1_16_0_, rewardtagw0_.reward_tag_wrapper_reward_id as reward_t1_16_1_, rewardtagw0_.reward_tag_wrapper_reward_presented_at as reward_t2_16_1_, rewardtagw0_.reward_tag_reward_tag_id as reward_t3_16_1_, rewardtagw0_.user_id as user_id4_16_1_ from reward_tag_wrapper rewardtagw0_ where rewardtagw0_.user_id=?
Hibernate: select user0_.user_id as user_id1_21_0_, user0_.character_id as characte7_21_0_, user0_.user_created_at as user_cre2_21_0_, user0_.user_name as user_nam3_21_0_, user0_.user_phone_number as user_pho4_21_0_, user0_.user_user_id as user_use5_21_0_, user0_.user_user_password as user_use6_21_0_ from user user0_ where user0_.user_id=?
Hibernate: select character0_.character_id as characte1_6_0_, character0_.character_character_name as characte2_6_0_ from characters character0_ where character0_.character_id=?
Hibernate: select count(*) as col_0_0_ from user user0_ where user0_.user_id=?
Hibernate: select character1_.character_id as characte1_6_, character1_.character_character_name as characte2_6_ from user user0_ inner join characters character1_ on user0_.character_id=character1_.character_id where user0_.user_id=?
Hibernate: select permission0_.character_id as characte6_12_0_, permission0_.permission_id as permissi1_12_0_, permission0_.permission_id as permissi1_12_1_, permission0_.character_id as characte6_12_1_, permission0_.permission_name as permissi2_12_1_, permission0_.permission_permission_unit_id as permissi3_12_1_, permission0_.permission_service as permissi4_12_1_, permission0_.permission_status as permissi5_12_1_ from permission permission0_ where permission0_.character_id=?
Hibernate: select count(*) as col_0_0_ from user user0_ where user0_.user_id=?
Hibernate: select user0_.user_id as user_id1_21_, user0_.character_id as characte7_21_, user0_.user_created_at as user_cre2_21_, user0_.user_name as user_nam3_21_, user0_.user_phone_number as user_pho4_21_, user0_.user_user_id as user_use5_21_, user0_.user_user_password as user_use6_21_ from user user0_ where user0_.user_id=?
Hibernate: select character0_.character_id as characte1_6_0_, character0_.character_character_name as characte2_6_0_ from characters character0_ where character0_.character_id=?
Hibernate: select rewardtagw0_.user_id as user_id4_16_0_, rewardtagw0_.reward_tag_wrapper_reward_id as reward_t1_16_0_, rewardtagw0_.reward_tag_wrapper_reward_id as reward_t1_16_1_, rewardtagw0_.reward_tag_wrapper_reward_presented_at as reward_t2_16_1_, rewardtagw0_.reward_tag_reward_tag_id as reward_t3_16_1_, rewardtagw0_.user_id as user_id4_16_1_ from reward_tag_wrapper rewardtagw0_ where rewardtagw0_.user_id=?
Hibernate: select attendance0_.attendance_user_attendance_user_id as col_0_0_ from attendance_user attendance0_ where attendance0_.user_id=? limit ?
Hibernate: DELETE FROM USER WHERE USER_ID = ?
Hibernate: select user0_.user_id as col_0_0_ from user user0_ where user0_.user_user_id=? limit ?
Hibernate: select user0_.user_id as col_0_0_ from user user0_ where user0_.user_user_id=? limit ?
Hibernate: select user0_.user_id as user_id1_21_, user0_.character_id as characte7_21_, user0_.user_created_at as user_cre2_21_, user0_.user_name as user_nam3_21_, user0_.user_phone_number as user_pho4_21_, user0_.user_user_id as user_use5_21_, user0_.user_user_password as user_use6_21_ from user user0_ inner join characters character1_ on user0_.character_id=character1_.character_id where user0_.user_user_id=?
Hibernate: select character0_.character_id as characte1_6_0_, character0_.character_character_name as characte2_6_0_ from characters character0_ where character0_.character_id=?
Hibernate: select rewardtagw0_.user_id as user_id4_16_0_, rewardtagw0_.reward_tag_wrapper_reward_id as reward_t1_16_0_, rewardtagw0_.reward_tag_wrapper_reward_id as reward_t1_16_1_, rewardtagw0_.reward_tag_wrapper_reward_presented_at as reward_t2_16_1_, rewardtagw0_.reward_tag_reward_tag_id as reward_t3_16_1_, rewardtagw0_.user_id as user_id4_16_1_ from reward_tag_wrapper rewardtagw0_ where rewardtagw0_.user_id=?
Hibernate: select user0_.user_id as user_id1_21_0_, user0_.character_id as characte7_21_0_, user0_.user_created_at as user_cre2_21_0_, user0_.user_name as user_nam3_21_0_, user0_.user_phone_number as user_pho4_21_0_, user0_.user_user_id as user_use5_21_0_, user0_.user_user_password as user_use6_21_0_ from user user0_ where user0_.user_id=?
Hibernate: select character0_.character_id as characte1_6_0_, character0_.character_character_name as characte2_6_0_ from characters character0_ where character0_.character_id=?
Hibernate: select count(*) as col_0_0_ from user user0_ where user0_.user_id=?
Hibernate: select character1_.character_id as characte1_6_, character1_.character_character_name as characte2_6_ from user user0_ inner join characters character1_ on user0_.character_id=character1_.character_id where user0_.user_id=?
Hibernate: select permission0_.character_id as characte6_12_0_, permission0_.permission_id as permissi1_12_0_, permission0_.permission_id as permissi1_12_1_, permission0_.character_id as characte6_12_1_, permission0_.permission_name as permissi2_12_1_, permission0_.permission_permission_unit_id as permissi3_12_1_, permission0_.permission_service as permissi4_12_1_, permission0_.permission_status as permissi5_12_1_ from permission permission0_ where permission0_.character_id=?
Hibernate: select count(*) as col_0_0_ from user user0_ where user0_.user_id=?
Hibernate: select user0_.user_id as user_id1_21_, user0_.character_id as characte7_21_, user0_.user_created_at as user_cre2_21_, user0_.user_name as user_nam3_21_, user0_.user_phone_number as user_pho4_21_, user0_.user_user_id as user_use5_21_, user0_.user_user_password as user_use6_21_ from user user0_ where user0_.user_id=?
Hibernate: select character0_.character_id as characte1_6_0_, character0_.character_character_name as characte2_6_0_ from characters character0_ where character0_.character_id=?
Hibernate: select rewardtagw0_.user_id as user_id4_16_0_, rewardtagw0_.reward_tag_wrapper_reward_id as reward_t1_16_0_, rewardtagw0_.reward_tag_wrapper_reward_id as reward_t1_16_1_, rewardtagw0_.reward_tag_wrapper_reward_presented_at as reward_t2_16_1_, rewardtagw0_.reward_tag_reward_tag_id as reward_t3_16_1_, rewardtagw0_.user_id as user_id4_16_1_ from reward_tag_wrapper rewardtagw0_ where rewardtagw0_.user_id=?
Hibernate: select attendance0_.attendance_user_attendance_user_id as col_0_0_ from attendance_user attendance0_ where attendance0_.user_id=? limit ?
Hibernate: DELETE FROM USER WHERE USER_ID = ?
Hibernate: select user0_.user_id as col_0_0_ from user user0_ where user0_.user_user_id=? limit ?
Hibernate: select user0_.user_id as col_0_0_ from user user0_ where user0_.user_user_id=? limit ?
Hibernate: select user0_.user_id as user_id1_21_, user0_.character_id as characte7_21_, user0_.user_created_at as user_cre2_21_, user0_.user_name as user_nam3_21_, user0_.user_phone_number as user_pho4_21_, user0_.user_user_id as user_use5_21_, user0_.user_user_password as user_use6_21_ from user user0_ inner join characters character1_ on user0_.character_id=character1_.character_id where user0_.user_user_id=?
Hibernate: select character0_.character_id as characte1_6_0_, character0_.character_character_name as characte2_6_0_ from characters character0_ where character0_.character_id=?
Hibernate: select rewardtagw0_.user_id as user_id4_16_0_, rewardtagw0_.reward_tag_wrapper_reward_id as reward_t1_16_0_, rewardtagw0_.reward_tag_wrapper_reward_id as reward_t1_16_1_, rewardtagw0_.reward_tag_wrapper_reward_presented_at as reward_t2_16_1_, rewardtagw0_.reward_tag_reward_tag_id as reward_t3_16_1_, rewardtagw0_.user_id as user_id4_16_1_ from reward_tag_wrapper rewardtagw0_ where rewardtagw0_.user_id=?
Hibernate: select user0_.user_id as user_id1_21_0_, user0_.character_id as characte7_21_0_, user0_.user_created_at as user_cre2_21_0_, user0_.user_name as user_nam3_21_0_, user0_.user_phone_number as user_pho4_21_0_, user0_.user_user_id as user_use5_21_0_, user0_.user_user_password as user_use6_21_0_ from user user0_ where user0_.user_id=?
Hibernate: select character0_.character_id as characte1_6_0_, character0_.character_character_name as characte2_6_0_ from characters character0_ where character0_.character_id=?
Hibernate: select count(*) as col_0_0_ from user user0_ where user0_.user_id=?
Hibernate: select character1_.character_id as characte1_6_, character1_.character_character_name as characte2_6_ from user user0_ inner join characters character1_ on user0_.character_id=character1_.character_id where user0_.user_id=?
Hibernate: select permission0_.character_id as characte6_12_0_, permission0_.permission_id as permissi1_12_0_, permission0_.permission_id as permissi1_12_1_, permission0_.character_id as characte6_12_1_, permission0_.permission_name as permissi2_12_1_, permission0_.permission_permission_unit_id as permissi3_12_1_, permission0_.permission_service as permissi4_12_1_, permission0_.permission_status as permissi5_12_1_ from permission permission0_ where permission0_.character_id=?
Hibernate: select count(*) as col_0_0_ from user user0_ where user0_.user_id=?
Hibernate: select user0_.user_id as user_id1_21_, user0_.character_id as characte7_21_, user0_.user_created_at as user_cre2_21_, user0_.user_name as user_nam3_21_, user0_.user_phone_number as user_pho4_21_, user0_.user_user_id as user_use5_21_, user0_.user_user_password as user_use6_21_ from user user0_ where user0_.user_id=?
Hibernate: select character0_.character_id as characte1_6_0_, character0_.character_character_name as characte2_6_0_ from characters character0_ where character0_.character_id=?
Hibernate: select rewardtagw0_.user_id as user_id4_16_0_, rewardtagw0_.reward_tag_wrapper_reward_id as reward_t1_16_0_, rewardtagw0_.reward_tag_wrapper_reward_id as reward_t1_16_1_, rewardtagw0_.reward_tag_wrapper_reward_presented_at as reward_t2_16_1_, rewardtagw0_.reward_tag_reward_tag_id as reward_t3_16_1_, rewardtagw0_.user_id as user_id4_16_1_ from reward_tag_wrapper rewardtagw0_ where rewardtagw0_.user_id=?
Hibernate: select attendance0_.attendance_user_attendance_user_id as col_0_0_ from attendance_user attendance0_ where attendance0_.user_id=? limit ?
Hibernate: DELETE FROM USER WHERE USER_ID = ?
Hibernate: select user0_.user_id as col_0_0_ from user user0_ where user0_.user_user_id=? limit ?
Hibernate: select user0_.user_id as col_0_0_ from user user0_ where user0_.user_user_id=? limit ?
Hibernate: select user0_.user_id as user_id1_21_, user0_.character_id as characte7_21_, user0_.user_created_at as user_cre2_21_, user0_.user_name as user_nam3_21_, user0_.user_phone_number as user_pho4_21_, user0_.user_user_id as user_use5_21_, user0_.user_user_password as user_use6_21_ from user user0_ inner join characters character1_ on user0_.character_id=character1_.character_id where user0_.user_user_id=?
Hibernate: select character0_.character_id as characte1_6_0_, character0_.character_character_name as characte2_6_0_ from characters character0_ where character0_.character_id=?
Hibernate: select rewardtagw0_.user_id as user_id4_16_0_, rewardtagw0_.reward_tag_wrapper_reward_id as reward_t1_16_0_, rewardtagw0_.reward_tag_wrapper_reward_id as reward_t1_16_1_, rewardtagw0_.reward_tag_wrapper_reward_presented_at as reward_t2_16_1_, rewardtagw0_.reward_tag_reward_tag_id as reward_t3_16_1_, rewardtagw0_.user_id as user_id4_16_1_ from reward_tag_wrapper rewardtagw0_ where rewardtagw0_.user_id=?
Hibernate: select user0_.user_id as user_id1_21_0_, user0_.character_id as characte7_21_0_, user0_.user_created_at as user_cre2_21_0_, user0_.user_name as user_nam3_21_0_, user0_.user_phone_number as user_pho4_21_0_, user0_.user_user_id as user_use5_21_0_, user0_.user_user_password as user_use6_21_0_ from user user0_ where user0_.user_id=?
Hibernate: select character0_.character_id as characte1_6_0_, character0_.character_character_name as characte2_6_0_ from characters character0_ where character0_.character_id=?
Hibernate: select count(*) as col_0_0_ from user user0_ where user0_.user_id=?
Hibernate: select character1_.character_id as characte1_6_, character1_.character_character_name as characte2_6_ from user user0_ inner join characters character1_ on user0_.character_id=character1_.character_id where user0_.user_id=?
Hibernate: select permission0_.character_id as characte6_12_0_, permission0_.permission_id as permissi1_12_0_, permission0_.permission_id as permissi1_12_1_, permission0_.character_id as characte6_12_1_, permission0_.permission_name as permissi2_12_1_, permission0_.permission_permission_unit_id as permissi3_12_1_, permission0_.permission_service as permissi4_12_1_, permission0_.permission_status as permissi5_12_1_ from permission permission0_ where permission0_.character_id=?
Hibernate: select count(*) as col_0_0_ from user user0_ where user0_.user_id=?
Hibernate: select user0_.user_id as user_id1_21_, user0_.character_id as characte7_21_, user0_.user_created_at as user_cre2_21_, user0_.user_name as user_nam3_21_, user0_.user_phone_number as user_pho4_21_, user0_.user_user_id as user_use5_21_, user0_.user_user_password as user_use6_21_ from user user0_ where user0_.user_id=?
Hibernate: select character0_.character_id as characte1_6_0_, character0_.character_character_name as characte2_6_0_ from characters character0_ where character0_.character_id=?
Hibernate: select rewardtagw0_.user_id as user_id4_16_0_, rewardtagw0_.reward_tag_wrapper_reward_id as reward_t1_16_0_, rewardtagw0_.reward_tag_wrapper_reward_id as reward_t1_16_1_, rewardtagw0_.reward_tag_wrapper_reward_presented_at as reward_t2_16_1_, rewardtagw0_.reward_tag_reward_tag_id as reward_t3_16_1_, rewardtagw0_.user_id as user_id4_16_1_ from reward_tag_wrapper rewardtagw0_ where rewardtagw0_.user_id=?
Hibernate: select attendance0_.attendance_user_attendance_user_id as col_0_0_ from attendance_user attendance0_ where attendance0_.user_id=? limit ?
Hibernate: DELETE FROM USER WHERE USER_ID = ?
Hibernate: select user0_.user_id as col_0_0_ from user user0_ where user0_.user_user_id=? limit ?
Hibernate: select user0_.user_id as col_0_0_ from user user0_ where user0_.user_user_id=? limit ?
Hibernate: select user0_.user_id as col_0_0_ from user user0_ where user0_.user_user_id=? limit ?
Hibernate: select U.* from USER U where U.USER_USER_ID =?
Hibernate: select character0_.character_id as characte1_6_0_, character0_.character_character_name as characte2_6_0_ from characters character0_ where character0_.character_id=?
Hibernate: select user0_.user_id as user_id1_21_0_, user0_.character_id as characte7_21_0_, user0_.user_created_at as user_cre2_21_0_, user0_.user_name as user_nam3_21_0_, user0_.user_phone_number as user_pho4_21_0_, user0_.user_user_id as user_use5_21_0_, user0_.user_user_password as user_use6_21_0_ from user user0_ where user0_.user_id=?
Hibernate: select character0_.character_id as characte1_6_0_, character0_.character_character_name as characte2_6_0_ from characters character0_ where character0_.character_id=?
Hibernate: select count(*) as col_0_0_ from team_building teambuildi0_
Hibernate: select count(*) as col_0_0_ from team_building teambuildi0_
Hibernate: select user0_.user_id as col_0_0_ from user user0_ where user0_.user_user_id=? limit ?
Hibernate: select user0_.user_id as col_0_0_ from user user0_ where user0_.user_user_id=? limit ?
Hibernate: select U.* from USER U where U.USER_USER_ID =?
Hibernate: select character0_.character_id as characte1_6_0_, character0_.character_character_name as characte2_6_0_ from characters character0_ where character0_.character_id=?
Hibernate: select user0_.user_id as col_0_0_ from user user0_ where user0_.user_user_id=? limit ?
Hibernate: select user0_.user_id as col_0_0_ from user user0_ where user0_.user_user_id=? limit ?
Hibernate: select U.* from USER U where U.USER_USER_ID =?
Hibernate: select character0_.character_id as characte1_6_0_, character0_.character_character_name as characte2_6_0_ from characters character0_ where character0_.character_id=?
Hibernate: select user0_.user_id as col_0_0_ from user user0_ where user0_.user_user_id=? limit ?
Hibernate: select user0_.user_id as col_0_0_ from user user0_ where user0_.user_user_id=? limit ?
Hibernate: select U.* from USER U where U.USER_USER_ID =?
Hibernate: select character0_.character_id as characte1_6_0_, character0_.character_character_name as characte2_6_0_ from characters character0_ where character0_.character_id=?
Hibernate: select user0_.user_id as col_0_0_ from user user0_ where user0_.user_user_id=? limit ?
Hibernate: select userjoinin0_.user_joining_pool_id as col_0_0_ from user_joining_pool userjoinin0_ where userjoinin0_.user_user_id=? limit ?
Hibernate: select character0_.character_id as col_0_0_ from characters character0_ where character0_.character_character_name=? limit ?
Hibernate: insert into user_joining_pool (user_joining_pool_id, user_created_at, user_name, user_phone_number, user_user_id, user_user_password) values (default, ?, ?, ?, ?, ?)
Hibernate: select user0_.user_id as user_id1_21_0_, user0_.character_id as characte7_21_0_, user0_.user_created_at as user_cre2_21_0_, user0_.user_name as user_nam3_21_0_, user0_.user_phone_number as user_pho4_21_0_, user0_.user_user_id as user_use5_21_0_, user0_.user_user_password as user_use6_21_0_ from user user0_ where user0_.user_id=?
Hibernate: select character0_.character_id as characte1_6_0_, character0_.character_character_name as characte2_6_0_ from characters character0_ where character0_.character_id=?
Hibernate: select count(*) as col_0_0_ from user user0_ where user0_.user_id=?
Hibernate: select character1_.character_id as characte1_6_, character1_.character_character_name as characte2_6_ from user user0_ inner join characters character1_ on user0_.character_id=character1_.character_id where user0_.user_id=?
Hibernate: select permission0_.character_id as characte6_12_0_, permission0_.permission_id as permissi1_12_0_, permission0_.permission_id as permissi1_12_1_, permission0_.character_id as characte6_12_1_, permission0_.permission_name as permissi2_12_1_, permission0_.permission_permission_unit_id as permissi3_12_1_, permission0_.permission_service as permissi4_12_1_, permission0_.permission_status as permissi5_12_1_ from permission permission0_ where permission0_.character_id=?
Hibernate: select userjoinin0_.user_joining_pool_id as col_0_0_ from user_joining_pool userjoinin0_ where userjoinin0_.user_user_id=? limit ?
Hibernate: select userjoinin0_.user_joining_pool_id as user_joi1_22_, userjoinin0_.user_created_at as user_cre2_22_, userjoinin0_.user_name as user_nam3_22_, userjoinin0_.user_phone_number as user_pho4_22_, userjoinin0_.user_user_id as user_use5_22_, userjoinin0_.user_user_password as user_use6_22_ from user_joining_pool userjoinin0_ where userjoinin0_.user_user_id=?
Hibernate: select character0_.character_id as characte1_6_, character0_.character_character_name as characte2_6_ from characters character0_ where character0_.character_character_name=?
Hibernate: insert into user (user_id, character_id, user_created_at, user_name, user_phone_number, user_user_id, user_user_password) values (default, ?, ?, ?, ?, ?, ?)
Hibernate: DELETE FROM USER_JOINING_POOL as JU where JU.USER_USER_ID =?
Hibernate: select user0_.user_id as col_0_0_ from user user0_ where user0_.user_user_id=? limit ?
Hibernate: select user0_.user_id as col_0_0_ from user user0_ where user0_.user_user_id=? limit ?
Hibernate: select U.* from USER U where U.USER_USER_ID =?
Hibernate: select character0_.character_id as characte1_6_0_, character0_.character_character_name as characte2_6_0_ from characters character0_ where character0_.character_id=?
Hibernate: select user0_.user_id as col_0_0_ from user user0_ where user0_.user_user_id=? limit ?
Hibernate: select userjoinin0_.user_joining_pool_id as col_0_0_ from user_joining_pool userjoinin0_ where userjoinin0_.user_user_id=? limit ?
Hibernate: select character0_.character_id as col_0_0_ from characters character0_ where character0_.character_character_name=? limit ?
Hibernate: insert into user_joining_pool (user_joining_pool_id, user_created_at, user_name, user_phone_number, user_user_id, user_user_password) values (default, ?, ?, ?, ?, ?)
Hibernate: select user0_.user_id as user_id1_21_0_, user0_.character_id as characte7_21_0_, user0_.user_created_at as user_cre2_21_0_, user0_.user_name as user_nam3_21_0_, user0_.user_phone_number as user_pho4_21_0_, user0_.user_user_id as user_use5_21_0_, user0_.user_user_password as user_use6_21_0_ from user user0_ where user0_.user_id=?
Hibernate: select character0_.character_id as characte1_6_0_, character0_.character_character_name as characte2_6_0_ from characters character0_ where character0_.character_id=?
Hibernate: select count(*) as col_0_0_ from user user0_ where user0_.user_id=?
Hibernate: select character1_.character_id as characte1_6_, character1_.character_character_name as characte2_6_ from user user0_ inner join characters character1_ on user0_.character_id=character1_.character_id where user0_.user_id=?
Hibernate: select permission0_.character_id as characte6_12_0_, permission0_.permission_id as permissi1_12_0_, permission0_.permission_id as permissi1_12_1_, permission0_.character_id as characte6_12_1_, permission0_.permission_name as permissi2_12_1_, permission0_.permission_permission_unit_id as permissi3_12_1_, permission0_.permission_service as permissi4_12_1_, permission0_.permission_status as permissi5_12_1_ from permission permission0_ where permission0_.character_id=?
Hibernate: select userjoinin0_.user_joining_pool_id as col_0_0_ from user_joining_pool userjoinin0_ where userjoinin0_.user_user_id=? limit ?
Hibernate: select userjoinin0_.user_joining_pool_id as user_joi1_22_, userjoinin0_.user_created_at as user_cre2_22_, userjoinin0_.user_name as user_nam3_22_, userjoinin0_.user_phone_number as user_pho4_22_, userjoinin0_.user_user_id as user_use5_22_, userjoinin0_.user_user_password as user_use6_22_ from user_joining_pool userjoinin0_ where userjoinin0_.user_user_id=?
Hibernate: select character0_.character_id as characte1_6_, character0_.character_character_name as characte2_6_ from characters character0_ where character0_.character_character_name=?
Hibernate: insert into user (user_id, character_id, user_created_at, user_name, user_phone_number, user_user_id, user_user_password) values (default, ?, ?, ?, ?, ?, ?)
Hibernate: DELETE FROM USER_JOINING_POOL as JU where JU.USER_USER_ID =?
Hibernate: select user0_.user_id as col_0_0_ from user user0_ where user0_.user_user_id=? limit ?
Hibernate: select user0_.user_id as col_0_0_ from user user0_ where user0_.user_user_id=? limit ?
Hibernate: select U.* from USER U where U.USER_USER_ID =?
Hibernate: select character0_.character_id as characte1_6_0_, character0_.character_character_name as characte2_6_0_ from characters character0_ where character0_.character_id=?
Hibernate: select user0_.user_id as col_0_0_ from user user0_ where user0_.user_user_id=? limit ?
Hibernate: select userjoinin0_.user_joining_pool_id as col_0_0_ from user_joining_pool userjoinin0_ where userjoinin0_.user_user_id=? limit ?
Hibernate: select character0_.character_id as col_0_0_ from characters character0_ where character0_.character_character_name=? limit ?
Hibernate: insert into user_joining_pool (user_joining_pool_id, user_created_at, user_name, user_phone_number, user_user_id, user_user_password) values (default, ?, ?, ?, ?, ?)
Hibernate: select user0_.user_id as user_id1_21_0_, user0_.character_id as characte7_21_0_, user0_.user_created_at as user_cre2_21_0_, user0_.user_name as user_nam3_21_0_, user0_.user_phone_number as user_pho4_21_0_, user0_.user_user_id as user_use5_21_0_, user0_.user_user_password as user_use6_21_0_ from user user0_ where user0_.user_id=?
Hibernate: select character0_.character_id as characte1_6_0_, character0_.character_character_name as characte2_6_0_ from characters character0_ where character0_.character_id=?
Hibernate: select count(*) as col_0_0_ from user user0_ where user0_.user_id=?
Hibernate: select character1_.character_id as characte1_6_, character1_.character_character_name as characte2_6_ from user user0_ inner join characters character1_ on user0_.character_id=character1_.character_id where user0_.user_id=?
Hibernate: select permission0_.character_id as characte6_12_0_, permission0_.permission_id as permissi1_12_0_, permission0_.permission_id as permissi1_12_1_, permission0_.character_id as characte6_12_1_, permission0_.permission_name as permissi2_12_1_, permission0_.permission_permission_unit_id as permissi3_12_1_, permission0_.permission_service as permissi4_12_1_, permission0_.permission_status as permissi5_12_1_ from permission permission0_ where permission0_.character_id=?
Hibernate: select userjoinin0_.user_joining_pool_id as col_0_0_ from user_joining_pool userjoinin0_ where userjoinin0_.user_user_id=? limit ?
Hibernate: select userjoinin0_.user_joining_pool_id as user_joi1_22_, userjoinin0_.user_created_at as user_cre2_22_, userjoinin0_.user_name as user_nam3_22_, userjoinin0_.user_phone_number as user_pho4_22_, userjoinin0_.user_user_id as user_use5_22_, userjoinin0_.user_user_password as user_use6_22_ from user_joining_pool userjoinin0_ where userjoinin0_.user_user_id=?
Hibernate: select character0_.character_id as characte1_6_, character0_.character_character_name as characte2_6_ from characters character0_ where character0_.character_character_name=?
Hibernate: insert into user (user_id, character_id, user_created_at, user_name, user_phone_number, user_user_id, user_user_password) values (default, ?, ?, ?, ?, ?, ?)
Hibernate: DELETE FROM USER_JOINING_POOL as JU where JU.USER_USER_ID =?
Hibernate: select user0_.user_id as col_0_0_ from user user0_ where user0_.user_user_id=? limit ?
Hibernate: select user0_.user_id as col_0_0_ from user user0_ where user0_.user_user_id=? limit ?
Hibernate: select U.* from USER U where U.USER_USER_ID =?
Hibernate: select character0_.character_id as characte1_6_0_, character0_.character_character_name as characte2_6_0_ from characters character0_ where character0_.character_id=?
Hibernate: select user0_.user_id as col_0_0_ from user user0_ where user0_.user_user_id=? limit ?
Hibernate: select userjoinin0_.user_joining_pool_id as col_0_0_ from user_joining_pool userjoinin0_ where userjoinin0_.user_user_id=? limit ?
Hibernate: select character0_.character_id as col_0_0_ from characters character0_ where character0_.character_character_name=? limit ?
Hibernate: insert into user_joining_pool (user_joining_pool_id, user_created_at, user_name, user_phone_number, user_user_id, user_user_password) values (default, ?, ?, ?, ?, ?)
Hibernate: select user0_.user_id as user_id1_21_0_, user0_.character_id as characte7_21_0_, user0_.user_created_at as user_cre2_21_0_, user0_.user_name as user_nam3_21_0_, user0_.user_phone_number as user_pho4_21_0_, user0_.user_user_id as user_use5_21_0_, user0_.user_user_password as user_use6_21_0_ from user user0_ where user0_.user_id=?
Hibernate: select character0_.character_id as characte1_6_0_, character0_.character_character_name as characte2_6_0_ from characters character0_ where character0_.character_id=?
Hibernate: select count(*) as col_0_0_ from user user0_ where user0_.user_id=?
Hibernate: select character1_.character_id as characte1_6_, character1_.character_character_name as characte2_6_ from user user0_ inner join characters character1_ on user0_.character_id=character1_.character_id where user0_.user_id=?
Hibernate: select permission0_.character_id as characte6_12_0_, permission0_.permission_id as permissi1_12_0_, permission0_.permission_id as permissi1_12_1_, permission0_.character_id as characte6_12_1_, permission0_.permission_name as permissi2_12_1_, permission0_.permission_permission_unit_id as permissi3_12_1_, permission0_.permission_service as permissi4_12_1_, permission0_.permission_status as permissi5_12_1_ from permission permission0_ where permission0_.character_id=?
Hibernate: select userjoinin0_.user_joining_pool_id as col_0_0_ from user_joining_pool userjoinin0_ where userjoinin0_.user_user_id=? limit ?
Hibernate: select userjoinin0_.user_joining_pool_id as user_joi1_22_, userjoinin0_.user_created_at as user_cre2_22_, userjoinin0_.user_name as user_nam3_22_, userjoinin0_.user_phone_number as user_pho4_22_, userjoinin0_.user_user_id as user_use5_22_, userjoinin0_.user_user_password as user_use6_22_ from user_joining_pool userjoinin0_ where userjoinin0_.user_user_id=?
Hibernate: select character0_.character_id as characte1_6_, character0_.character_character_name as characte2_6_ from characters character0_ where character0_.character_character_name=?
Hibernate: insert into user (user_id, character_id, user_created_at, user_name, user_phone_number, user_user_id, user_user_password) values (default, ?, ?, ?, ?, ?, ?)
Hibernate: DELETE FROM USER_JOINING_POOL as JU where JU.USER_USER_ID =?
Hibernate: select user0_.user_id as col_0_0_ from user user0_ where user0_.user_user_id=? limit ?
Hibernate: select user0_.user_id as col_0_0_ from user user0_ where user0_.user_user_id=? limit ?
Hibernate: select U.* from USER U where U.USER_USER_ID =?
Hibernate: select character0_.character_id as characte1_6_0_, character0_.character_character_name as characte2_6_0_ from characters character0_ where character0_.character_id=?
Hibernate: select user0_.user_id as col_0_0_ from user user0_ where user0_.user_user_id=? limit ?
Hibernate: select userjoinin0_.user_joining_pool_id as col_0_0_ from user_joining_pool userjoinin0_ where userjoinin0_.user_user_id=? limit ?
Hibernate: select character0_.character_id as col_0_0_ from characters character0_ where character0_.character_character_name=? limit ?
Hibernate: insert into user_joining_pool (user_joining_pool_id, user_created_at, user_name, user_phone_number, user_user_id, user_user_password) values (default, ?, ?, ?, ?, ?)
Hibernate: select user0_.user_id as user_id1_21_0_, user0_.character_id as characte7_21_0_, user0_.user_created_at as user_cre2_21_0_, user0_.user_name as user_nam3_21_0_, user0_.user_phone_number as user_pho4_21_0_, user0_.user_user_id as user_use5_21_0_, user0_.user_user_password as user_use6_21_0_ from user user0_ where user0_.user_id=?
Hibernate: select character0_.character_id as characte1_6_0_, character0_.character_character_name as characte2_6_0_ from characters character0_ where character0_.character_id=?
Hibernate: select count(*) as col_0_0_ from user user0_ where user0_.user_id=?
Hibernate: select character1_.character_id as characte1_6_, character1_.character_character_name as characte2_6_ from user user0_ inner join characters character1_ on user0_.character_id=character1_.character_id where user0_.user_id=?
Hibernate: select permission0_.character_id as characte6_12_0_, permission0_.permission_id as permissi1_12_0_, permission0_.permission_id as permissi1_12_1_, permission0_.character_id as characte6_12_1_, permission0_.permission_name as permissi2_12_1_, permission0_.permission_permission_unit_id as permissi3_12_1_, permission0_.permission_service as permissi4_12_1_, permission0_.permission_status as permissi5_12_1_ from permission permission0_ where permission0_.character_id=?
Hibernate: select userjoinin0_.user_joining_pool_id as col_0_0_ from user_joining_pool userjoinin0_ where userjoinin0_.user_user_id=? limit ?
Hibernate: select userjoinin0_.user_joining_pool_id as user_joi1_22_, userjoinin0_.user_created_at as user_cre2_22_, userjoinin0_.user_name as user_nam3_22_, userjoinin0_.user_phone_number as user_pho4_22_, userjoinin0_.user_user_id as user_use5_22_, userjoinin0_.user_user_password as user_use6_22_ from user_joining_pool userjoinin0_ where userjoinin0_.user_user_id=?
Hibernate: select character0_.character_id as characte1_6_, character0_.character_character_name as characte2_6_ from characters character0_ where character0_.character_character_name=?
Hibernate: insert into user (user_id, character_id, user_created_at, user_name, user_phone_number, user_user_id, user_user_password) values (default, ?, ?, ?, ?, ?, ?)
Hibernate: DELETE FROM USER_JOINING_POOL as JU where JU.USER_USER_ID =?
Hibernate: select user0_.user_id as col_0_0_ from user user0_ where user0_.user_user_id=? limit ?
Hibernate: select user0_.user_id as col_0_0_ from user user0_ where user0_.user_user_id=? limit ?
Hibernate: select U.* from USER U where U.USER_USER_ID =?
Hibernate: select character0_.character_id as characte1_6_0_, character0_.character_character_name as characte2_6_0_ from characters character0_ where character0_.character_id=?
Hibernate: select user0_.user_id as col_0_0_ from user user0_ where user0_.user_user_id=? limit ?
Hibernate: select userjoinin0_.user_joining_pool_id as col_0_0_ from user_joining_pool userjoinin0_ where userjoinin0_.user_user_id=? limit ?
Hibernate: select character0_.character_id as col_0_0_ from characters character0_ where character0_.character_character_name=? limit ?
Hibernate: insert into user_joining_pool (user_joining_pool_id, user_created_at, user_name, user_phone_number, user_user_id, user_user_password) values (default, ?, ?, ?, ?, ?)
Hibernate: select user0_.user_id as user_id1_21_0_, user0_.character_id as characte7_21_0_, user0_.user_created_at as user_cre2_21_0_, user0_.user_name as user_nam3_21_0_, user0_.user_phone_number as user_pho4_21_0_, user0_.user_user_id as user_use5_21_0_, user0_.user_user_password as user_use6_21_0_ from user user0_ where user0_.user_id=?
Hibernate: select character0_.character_id as characte1_6_0_, character0_.character_character_name as characte2_6_0_ from characters character0_ where character0_.character_id=?
Hibernate: select count(*) as col_0_0_ from user user0_ where user0_.user_id=?
Hibernate: select character1_.character_id as characte1_6_, character1_.character_character_name as characte2_6_ from user user0_ inner join characters character1_ on user0_.character_id=character1_.character_id where user0_.user_id=?
Hibernate: select permission0_.character_id as characte6_12_0_, permission0_.permission_id as permissi1_12_0_, permission0_.permission_id as permissi1_12_1_, permission0_.character_id as characte6_12_1_, permission0_.permission_name as permissi2_12_1_, permission0_.permission_permission_unit_id as permissi3_12_1_, permission0_.permission_service as permissi4_12_1_, permission0_.permission_status as permissi5_12_1_ from permission permission0_ where permission0_.character_id=?
Hibernate: select userjoinin0_.user_joining_pool_id as col_0_0_ from user_joining_pool userjoinin0_ where userjoinin0_.user_user_id=? limit ?
Hibernate: select userjoinin0_.user_joining_pool_id as user_joi1_22_, userjoinin0_.user_created_at as user_cre2_22_, userjoinin0_.user_name as user_nam3_22_, userjoinin0_.user_phone_number as user_pho4_22_, userjoinin0_.user_user_id as user_use5_22_, userjoinin0_.user_user_password as user_use6_22_ from user_joining_pool userjoinin0_ where userjoinin0_.user_user_id=?
Hibernate: select character0_.character_id as characte1_6_, character0_.character_character_name as characte2_6_ from characters character0_ where character0_.character_character_name=?
Hibernate: insert into user (user_id, character_id, user_created_at, user_name, user_phone_number, user_user_id, user_user_password) values (default, ?, ?, ?, ?, ?, ?)
Hibernate: DELETE FROM USER_JOINING_POOL as JU where JU.USER_USER_ID =?
Hibernate: select user0_.user_id as col_0_0_ from user user0_ where user0_.user_user_id=? limit ?
Hibernate: select user0_.user_id as col_0_0_ from user user0_ where user0_.user_user_id=? limit ?
Hibernate: select U.* from USER U where U.USER_USER_ID =?
Hibernate: select character0_.character_id as characte1_6_0_, character0_.character_character_name as characte2_6_0_ from characters character0_ where character0_.character_id=?
Hibernate: select user0_.user_id as col_0_0_ from user user0_ where user0_.user_user_id=? limit ?
Hibernate: select userjoinin0_.user_joining_pool_id as col_0_0_ from user_joining_pool userjoinin0_ where userjoinin0_.user_user_id=? limit ?
Hibernate: select character0_.character_id as col_0_0_ from characters character0_ where character0_.character_character_name=? limit ?
Hibernate: insert into user_joining_pool (user_joining_pool_id, user_created_at, user_name, user_phone_number, user_user_id, user_user_password) values (default, ?, ?, ?, ?, ?)
Hibernate: select user0_.user_id as user_id1_21_0_, user0_.character_id as characte7_21_0_, user0_.user_created_at as user_cre2_21_0_, user0_.user_name as user_nam3_21_0_, user0_.user_phone_number as user_pho4_21_0_, user0_.user_user_id as user_use5_21_0_, user0_.user_user_password as user_use6_21_0_ from user user0_ where user0_.user_id=?
Hibernate: select character0_.character_id as characte1_6_0_, character0_.character_character_name as characte2_6_0_ from characters character0_ where character0_.character_id=?
Hibernate: select count(*) as col_0_0_ from user user0_ where user0_.user_id=?
Hibernate: select character1_.character_id as characte1_6_, character1_.character_character_name as characte2_6_ from user user0_ inner join characters character1_ on user0_.character_id=character1_.character_id where user0_.user_id=?
Hibernate: select permission0_.character_id as characte6_12_0_, permission0_.permission_id as permissi1_12_0_, permission0_.permission_id as permissi1_12_1_, permission0_.character_id as characte6_12_1_, permission0_.permission_name as permissi2_12_1_, permission0_.permission_permission_unit_id as permissi3_12_1_, permission0_.permission_service as permissi4_12_1_, permission0_.permission_status as permissi5_12_1_ from permission permission0_ where permission0_.character_id=?
Hibernate: select userjoinin0_.user_joining_pool_id as col_0_0_ from user_joining_pool userjoinin0_ where userjoinin0_.user_user_id=? limit ?
Hibernate: select userjoinin0_.user_joining_pool_id as user_joi1_22_, userjoinin0_.user_created_at as user_cre2_22_, userjoinin0_.user_name as user_nam3_22_, userjoinin0_.user_phone_number as user_pho4_22_, userjoinin0_.user_user_id as user_use5_22_, userjoinin0_.user_user_password as user_use6_22_ from user_joining_pool userjoinin0_ where userjoinin0_.user_user_id=?
Hibernate: select character0_.character_id as characte1_6_, character0_.character_character_name as characte2_6_ from characters character0_ where character0_.character_character_name=?
Hibernate: insert into user (user_id, character_id, user_created_at, user_name, user_phone_number, user_user_id, user_user_password) values (default, ?, ?, ?, ?, ?, ?)
Hibernate: DELETE FROM USER_JOINING_POOL as JU where JU.USER_USER_ID =?
Hibernate: select user0_.user_id as col_0_0_ from user user0_ where user0_.user_user_id=? limit ?
Hibernate: select user0_.user_id as col_0_0_ from user user0_ where user0_.user_user_id=? limit ?
Hibernate: select U.* from USER U where U.USER_USER_ID =?
Hibernate: select character0_.character_id as characte1_6_0_, character0_.character_character_name as characte2_6_0_ from characters character0_ where character0_.character_id=?
Hibernate: select user0_.user_id as col_0_0_ from user user0_ where user0_.user_user_id=? limit ?
Hibernate: select userjoinin0_.user_joining_pool_id as col_0_0_ from user_joining_pool userjoinin0_ where userjoinin0_.user_user_id=? limit ?
Hibernate: select character0_.character_id as col_0_0_ from characters character0_ where character0_.character_character_name=? limit ?
Hibernate: insert into user_joining_pool (user_joining_pool_id, user_created_at, user_name, user_phone_number, user_user_id, user_user_password) values (default, ?, ?, ?, ?, ?)
Hibernate: select user0_.user_id as user_id1_21_0_, user0_.character_id as characte7_21_0_, user0_.user_created_at as user_cre2_21_0_, user0_.user_name as user_nam3_21_0_, user0_.user_phone_number as user_pho4_21_0_, user0_.user_user_id as user_use5_21_0_, user0_.user_user_password as user_use6_21_0_ from user user0_ where user0_.user_id=?
Hibernate: select character0_.character_id as characte1_6_0_, character0_.character_character_name as characte2_6_0_ from characters character0_ where character0_.character_id=?
Hibernate: select count(*) as col_0_0_ from user user0_ where user0_.user_id=?
Hibernate: select character1_.character_id as characte1_6_, character1_.character_character_name as characte2_6_ from user user0_ inner join characters character1_ on user0_.character_id=character1_.character_id where user0_.user_id=?
Hibernate: select permission0_.character_id as characte6_12_0_, permission0_.permission_id as permissi1_12_0_, permission0_.permission_id as permissi1_12_1_, permission0_.character_id as characte6_12_1_, permission0_.permission_name as permissi2_12_1_, permission0_.permission_permission_unit_id as permissi3_12_1_, permission0_.permission_service as permissi4_12_1_, permission0_.permission_status as permissi5_12_1_ from permission permission0_ where permission0_.character_id=?
Hibernate: select userjoinin0_.user_joining_pool_id as col_0_0_ from user_joining_pool userjoinin0_ where userjoinin0_.user_user_id=? limit ?
Hibernate: select userjoinin0_.user_joining_pool_id as user_joi1_22_, userjoinin0_.user_created_at as user_cre2_22_, userjoinin0_.user_name as user_nam3_22_, userjoinin0_.user_phone_number as user_pho4_22_, userjoinin0_.user_user_id as user_use5_22_, userjoinin0_.user_user_password as user_use6_22_ from user_joining_pool userjoinin0_ where userjoinin0_.user_user_id=?
Hibernate: select character0_.character_id as characte1_6_, character0_.character_character_name as characte2_6_ from characters character0_ where character0_.character_character_name=?
Hibernate: insert into user (user_id, character_id, user_created_at, user_name, user_phone_number, user_user_id, user_user_password) values (default, ?, ?, ?, ?, ?, ?)
Hibernate: DELETE FROM USER_JOINING_POOL as JU where JU.USER_USER_ID =?
Hibernate: select user0_.user_id as col_0_0_ from user user0_ where user0_.user_user_id=? limit ?
Hibernate: select user0_.user_id as col_0_0_ from user user0_ where user0_.user_user_id=? limit ?
Hibernate: select U.* from USER U where U.USER_USER_ID =?
Hibernate: select character0_.character_id as characte1_6_0_, character0_.character_character_name as characte2_6_0_ from characters character0_ where character0_.character_id=?
Hibernate: select user0_.user_id as col_0_0_ from user user0_ where user0_.user_user_id=? limit ?
Hibernate: select userjoinin0_.user_joining_pool_id as col_0_0_ from user_joining_pool userjoinin0_ where userjoinin0_.user_user_id=? limit ?
Hibernate: select character0_.character_id as col_0_0_ from characters character0_ where character0_.character_character_name=? limit ?
Hibernate: insert into user_joining_pool (user_joining_pool_id, user_created_at, user_name, user_phone_number, user_user_id, user_user_password) values (default, ?, ?, ?, ?, ?)
Hibernate: select user0_.user_id as user_id1_21_0_, user0_.character_id as characte7_21_0_, user0_.user_created_at as user_cre2_21_0_, user0_.user_name as user_nam3_21_0_, user0_.user_phone_number as user_pho4_21_0_, user0_.user_user_id as user_use5_21_0_, user0_.user_user_password as user_use6_21_0_ from user user0_ where user0_.user_id=?
Hibernate: select character0_.character_id as characte1_6_0_, character0_.character_character_name as characte2_6_0_ from characters character0_ where character0_.character_id=?
Hibernate: select count(*) as col_0_0_ from user user0_ where user0_.user_id=?
Hibernate: select character1_.character_id as characte1_6_, character1_.character_character_name as characte2_6_ from user user0_ inner join characters character1_ on user0_.character_id=character1_.character_id where user0_.user_id=?
Hibernate: select permission0_.character_id as characte6_12_0_, permission0_.permission_id as permissi1_12_0_, permission0_.permission_id as permissi1_12_1_, permission0_.character_id as characte6_12_1_, permission0_.permission_name as permissi2_12_1_, permission0_.permission_permission_unit_id as permissi3_12_1_, permission0_.permission_service as permissi4_12_1_, permission0_.permission_status as permissi5_12_1_ from permission permission0_ where permission0_.character_id=?
Hibernate: select userjoinin0_.user_joining_pool_id as col_0_0_ from user_joining_pool userjoinin0_ where userjoinin0_.user_user_id=? limit ?
Hibernate: select userjoinin0_.user_joining_pool_id as user_joi1_22_, userjoinin0_.user_created_at as user_cre2_22_, userjoinin0_.user_name as user_nam3_22_, userjoinin0_.user_phone_number as user_pho4_22_, userjoinin0_.user_user_id as user_use5_22_, userjoinin0_.user_user_password as user_use6_22_ from user_joining_pool userjoinin0_ where userjoinin0_.user_user_id=?
Hibernate: select character0_.character_id as characte1_6_, character0_.character_character_name as characte2_6_ from characters character0_ where character0_.character_character_name=?
Hibernate: insert into user (user_id, character_id, user_created_at, user_name, user_phone_number, user_user_id, user_user_password) values (default, ?, ?, ?, ?, ?, ?)
Hibernate: DELETE FROM USER_JOINING_POOL as JU where JU.USER_USER_ID =?
Hibernate: select user0_.user_id as col_0_0_ from user user0_ where user0_.user_user_id=? limit ?
Hibernate: select user0_.user_id as col_0_0_ from user user0_ where user0_.user_user_id=? limit ?
Hibernate: select U.* from USER U where U.USER_USER_ID =?
Hibernate: select character0_.character_id as characte1_6_0_, character0_.character_character_name as characte2_6_0_ from characters character0_ where character0_.character_id=?
Hibernate: select user0_.user_id as col_0_0_ from user user0_ where user0_.user_user_id=? limit ?
Hibernate: select userjoinin0_.user_joining_pool_id as col_0_0_ from user_joining_pool userjoinin0_ where userjoinin0_.user_user_id=? limit ?
Hibernate: select character0_.character_id as col_0_0_ from characters character0_ where character0_.character_character_name=? limit ?
Hibernate: insert into user_joining_pool (user_joining_pool_id, user_created_at, user_name, user_phone_number, user_user_id, user_user_password) values (default, ?, ?, ?, ?, ?)
Hibernate: select user0_.user_id as user_id1_21_0_, user0_.character_id as characte7_21_0_, user0_.user_created_at as user_cre2_21_0_, user0_.user_name as user_nam3_21_0_, user0_.user_phone_number as user_pho4_21_0_, user0_.user_user_id as user_use5_21_0_, user0_.user_user_password as user_use6_21_0_ from user user0_ where user0_.user_id=?
Hibernate: select character0_.character_id as characte1_6_0_, character0_.character_character_name as characte2_6_0_ from characters character0_ where character0_.character_id=?
Hibernate: select count(*) as col_0_0_ from user user0_ where user0_.user_id=?
Hibernate: select character1_.character_id as characte1_6_, character1_.character_character_name as characte2_6_ from user user0_ inner join characters character1_ on user0_.character_id=character1_.character_id where user0_.user_id=?
Hibernate: select permission0_.character_id as characte6_12_0_, permission0_.permission_id as permissi1_12_0_, permission0_.permission_id as permissi1_12_1_, permission0_.character_id as characte6_12_1_, permission0_.permission_name as permissi2_12_1_, permission0_.permission_permission_unit_id as permissi3_12_1_, permission0_.permission_service as permissi4_12_1_, permission0_.permission_status as permissi5_12_1_ from permission permission0_ where permission0_.character_id=?
Hibernate: select userjoinin0_.user_joining_pool_id as col_0_0_ from user_joining_pool userjoinin0_ where userjoinin0_.user_user_id=? limit ?
Hibernate: select userjoinin0_.user_joining_pool_id as user_joi1_22_, userjoinin0_.user_created_at as user_cre2_22_, userjoinin0_.user_name as user_nam3_22_, userjoinin0_.user_phone_number as user_pho4_22_, userjoinin0_.user_user_id as user_use5_22_, userjoinin0_.user_user_password as user_use6_22_ from user_joining_pool userjoinin0_ where userjoinin0_.user_user_id=?
Hibernate: select character0_.character_id as characte1_6_, character0_.character_character_name as characte2_6_ from characters character0_ where character0_.character_character_name=?
Hibernate: insert into user (user_id, character_id, user_created_at, user_name, user_phone_number, user_user_id, user_user_password) values (default, ?, ?, ?, ?, ?, ?)
Hibernate: DELETE FROM USER_JOINING_POOL as JU where JU.USER_USER_ID =?
Hibernate: select user0_.user_id as user_id1_21_0_, user0_.character_id as characte7_21_0_, user0_.user_created_at as user_cre2_21_0_, user0_.user_name as user_nam3_21_0_, user0_.user_phone_number as user_pho4_21_0_, user0_.user_user_id as user_use5_21_0_, user0_.user_user_password as user_use6_21_0_ from user user0_ where user0_.user_id=?
Hibernate: select character0_.character_id as characte1_6_0_, character0_.character_character_name as characte2_6_0_ from characters character0_ where character0_.character_id=?
Hibernate: select count(*) as col_0_0_ from user user0_ where user0_.user_id=?
Hibernate: select character1_.character_id as characte1_6_, character1_.character_character_name as characte2_6_ from user user0_ inner join characters character1_ on user0_.character_id=character1_.character_id where user0_.user_id=?
Hibernate: select permission0_.character_id as characte6_12_0_, permission0_.permission_id as permissi1_12_0_, permission0_.permission_id as permissi1_12_1_, permission0_.character_id as characte6_12_1_, permission0_.permission_name as permissi2_12_1_, permission0_.permission_permission_unit_id as permissi3_12_1_, permission0_.permission_service as permissi4_12_1_, permission0_.permission_status as permissi5_12_1_ from permission permission0_ where permission0_.character_id=?
Hibernate: select user0_.user_id as col_0_0_ from user user0_ where user0_.user_user_id=? limit ?
Hibernate: select user0_.user_id as col_0_0_ from user user0_ where user0_.user_user_id=? limit ?
Hibernate: select user0_.user_id as col_0_0_ from user user0_ where user0_.user_user_id=? limit ?
Hibernate: select user0_.user_id as col_0_0_ from user user0_ where user0_.user_user_id=? limit ?
Hibernate: select user0_.user_id as col_0_0_ from user user0_ where user0_.user_user_id=? limit ?
Hibernate: select user0_.user_id as user_id1_21_, user0_.character_id as characte7_21_, user0_.user_created_at as user_cre2_21_, user0_.user_name as user_nam3_21_, user0_.user_phone_number as user_pho4_21_, user0_.user_user_id as user_use5_21_, user0_.user_user_password as user_use6_21_ from user user0_ inner join characters character1_ on user0_.character_id=character1_.character_id where user0_.user_user_id=?
Hibernate: select character0_.character_id as characte1_6_0_, character0_.character_character_name as characte2_6_0_ from characters character0_ where character0_.character_id=?
Hibernate: select user0_.user_id as user_id1_21_, user0_.character_id as characte7_21_, user0_.user_created_at as user_cre2_21_, user0_.user_name as user_nam3_21_, user0_.user_phone_number as user_pho4_21_, user0_.user_user_id as user_use5_21_, user0_.user_user_password as user_use6_21_ from user user0_ inner join characters character1_ on user0_.character_id=character1_.character_id where user0_.user_user_id=?
Hibernate: select user0_.user_id as user_id1_21_, user0_.character_id as characte7_21_, user0_.user_created_at as user_cre2_21_, user0_.user_name as user_nam3_21_, user0_.user_phone_number as user_pho4_21_, user0_.user_user_id as user_use5_21_, user0_.user_user_password as user_use6_21_ from user user0_ inner join characters character1_ on user0_.character_id=character1_.character_id where user0_.user_user_id=?
Hibernate: select user0_.user_id as user_id1_21_, user0_.character_id as characte7_21_, user0_.user_created_at as user_cre2_21_, user0_.user_name as user_nam3_21_, user0_.user_phone_number as user_pho4_21_, user0_.user_user_id as user_use5_21_, user0_.user_user_password as user_use6_21_ from user user0_ inner join characters character1_ on user0_.character_id=character1_.character_id where user0_.user_user_id=?
Hibernate: select user0_.user_id as user_id1_21_, user0_.character_id as characte7_21_, user0_.user_created_at as user_cre2_21_, user0_.user_name as user_nam3_21_, user0_.user_phone_number as user_pho4_21_, user0_.user_user_id as user_use5_21_, user0_.user_user_password as user_use6_21_ from user user0_ inner join characters character1_ on user0_.character_id=character1_.character_id where user0_.user_user_id=?
Hibernate: insert into team_building (team_building_team_building_id, team_building_created_at, team_building_last_modified_at, team_building_team_building_title) values (default, ?, ?, ?)
Hibernate: insert into team (team_team_id, team_last_modified_at, team_building_team_building_id, team_team_name) values (default, ?, ?, ?)
Hibernate: insert into team_user (team_user_id, team_team_id, user_id) values (default, ?, ?)
Hibernate: insert into team_user (team_user_id, team_team_id, user_id) values (default, ?, ?)
Hibernate: insert into team_user (team_user_id, team_team_id, user_id) values (default, ?, ?)
Hibernate: insert into team (team_team_id, team_last_modified_at, team_building_team_building_id, team_team_name) values (default, ?, ?, ?)
Hibernate: insert into team_user (team_user_id, team_team_id, user_id) values (default, ?, ?)
Hibernate: insert into team_user (team_user_id, team_team_id, user_id) values (default, ?, ?)
Hibernate: select user0_.user_id as user_id1_21_0_, user0_.character_id as characte7_21_0_, user0_.user_created_at as user_cre2_21_0_, user0_.user_name as user_nam3_21_0_, user0_.user_phone_number as user_pho4_21_0_, user0_.user_user_id as user_use5_21_0_, user0_.user_user_password as user_use6_21_0_ from user user0_ where user0_.user_id=?
Hibernate: select character0_.character_id as characte1_6_0_, character0_.character_character_name as characte2_6_0_ from characters character0_ where character0_.character_id=?
Hibernate: select count(*) as col_0_0_ from user user0_ where user0_.user_id=?
Hibernate: select character1_.character_id as characte1_6_, character1_.character_character_name as characte2_6_ from user user0_ inner join characters character1_ on user0_.character_id=character1_.character_id where user0_.user_id=?
Hibernate: select permission0_.character_id as characte6_12_0_, permission0_.permission_id as permissi1_12_0_, permission0_.permission_id as permissi1_12_1_, permission0_.character_id as characte6_12_1_, permission0_.permission_name as permissi2_12_1_, permission0_.permission_permission_unit_id as permissi3_12_1_, permission0_.permission_service as permissi4_12_1_, permission0_.permission_status as permissi5_12_1_ from permission permission0_ where permission0_.character_id=?
Hibernate: select count(*) as col_0_0_ from team_building teambuildi0_ where teambuildi0_.team_building_team_building_id=?

MockHttpServletRequest:
      HTTP Method = DELETE
      Request URI = /teambuilding/group/0
       Parameters = {}
          Headers = [Accept:"application/json", api-version:"1.0", Authorization:"Bearer eyJhbGciOiJIUzI1NiJ9.eyJzdWIiOiIxIiwiaWF0IjoxNjg3ODc3NDY5LCJleHAiOjE2ODc4ODEwNjl9.5GpcrqH17WaCEi6670WViYdxZ8Db7S7TQOeUs9MSnKg"]
             Body = null
    Session Attrs = {}

Handler:
             Type = org.waldreg.controller.teambuilding.TeamBuildingController
           Method = org.waldreg.controller.teambuilding.TeamBuildingController#deleteTeamBuildingByTeamBuildingId(int)

Async:
    Async started = false
     Async result = null

Resolved Exception:
             Type = org.waldreg.teambuilding.exception.UnknownTeamBuildingIdException

ModelAndView:
        View name = null
             View = null
            Model = null

FlashMap:
       Attributes = null

MockHttpServletResponse:
           Status = 400
    Error message = null
          Headers = [Vary:"Origin", "Access-Control-Request-Method", "Access-Control-Request-Headers", Api-version:"1.0", Content-Type:"application/json"]
     Content type = application/json
             Body = {"code":"TEAMBUILDING-400","messages":"Cannot find teambuilding id \"0\"","document_url":"docs.waldreg.org"}
    Forwarded URL = null
   Redirected URL = null
          Cookies = []
Hibernate: select user0_.user_id as col_0_0_ from user user0_ where user0_.user_user_id=? limit ?
Hibernate: select user0_.user_id as col_0_0_ from user user0_ where user0_.user_user_id=? limit ?
Hibernate: select U.* from USER U where U.USER_USER_ID =?
Hibernate: select character0_.character_id as characte1_6_0_, character0_.character_character_name as characte2_6_0_ from characters character0_ where character0_.character_id=?
Hibernate: select user0_.user_id as user_id1_21_0_, user0_.character_id as characte7_21_0_, user0_.user_created_at as user_cre2_21_0_, user0_.user_name as user_nam3_21_0_, user0_.user_phone_number as user_pho4_21_0_, user0_.user_user_id as user_use5_21_0_, user0_.user_user_password as user_use6_21_0_ from user user0_ where user0_.user_id=?
Hibernate: select character0_.character_id as characte1_6_0_, character0_.character_character_name as characte2_6_0_ from characters character0_ where character0_.character_id=?
Hibernate: select count(*) as col_0_0_ from team_building teambuildi0_
Hibernate: select count(*) as col_0_0_ from team_building teambuildi0_
Hibernate: select teambuildi0_.team_building_team_building_id as team_bui1_19_, teambuildi0_.team_building_created_at as team_bui2_19_, teambuildi0_.team_building_last_modified_at as team_bui3_19_, teambuildi0_.team_building_team_building_title as team_bui4_19_ from team_building teambuildi0_ order by teambuildi0_.team_building_created_at desc, teambuildi0_.team_building_team_building_id desc limit ?
Hibernate: select teamlist0_.team_building_team_building_id as team_bui4_18_0_, teamlist0_.team_team_id as team_tea1_18_0_, teamlist0_.team_team_id as team_tea1_18_1_, teamlist0_.team_last_modified_at as team_las2_18_1_, teamlist0_.team_building_team_building_id as team_bui4_18_1_, teamlist0_.team_team_name as team_tea3_18_1_ from team teamlist0_ where teamlist0_.team_building_team_building_id=?
Hibernate: select teamuserli0_.team_team_id as team_tea2_20_0_, teamuserli0_.team_user_id as team_use1_20_0_, teamuserli0_.team_user_id as team_use1_20_1_, teamuserli0_.team_team_id as team_tea2_20_1_, teamuserli0_.user_id as user_id3_20_1_ from team_user teamuserli0_ where teamuserli0_.team_team_id=?
Hibernate: select user0_.user_id as user_id1_21_0_, user0_.character_id as characte7_21_0_, user0_.user_created_at as user_cre2_21_0_, user0_.user_name as user_nam3_21_0_, user0_.user_phone_number as user_pho4_21_0_, user0_.user_user_id as user_use5_21_0_, user0_.user_user_password as user_use6_21_0_ from user user0_ where user0_.user_id=?
Hibernate: select character0_.character_id as characte1_6_0_, character0_.character_character_name as characte2_6_0_ from characters character0_ where character0_.character_id=?
Hibernate: select user0_.user_id as user_id1_21_0_, user0_.character_id as characte7_21_0_, user0_.user_created_at as user_cre2_21_0_, user0_.user_name as user_nam3_21_0_, user0_.user_phone_number as user_pho4_21_0_, user0_.user_user_id as user_use5_21_0_, user0_.user_user_password as user_use6_21_0_ from user user0_ where user0_.user_id=?
Hibernate: select user0_.user_id as user_id1_21_0_, user0_.character_id as characte7_21_0_, user0_.user_created_at as user_cre2_21_0_, user0_.user_name as user_nam3_21_0_, user0_.user_phone_number as user_pho4_21_0_, user0_.user_user_id as user_use5_21_0_, user0_.user_user_password as user_use6_21_0_ from user user0_ where user0_.user_id=?
Hibernate: select teamuserli0_.team_team_id as team_tea2_20_0_, teamuserli0_.team_user_id as team_use1_20_0_, teamuserli0_.team_user_id as team_use1_20_1_, teamuserli0_.team_team_id as team_tea2_20_1_, teamuserli0_.user_id as user_id3_20_1_ from team_user teamuserli0_ where teamuserli0_.team_team_id=?
Hibernate: select user0_.user_id as user_id1_21_0_, user0_.character_id as characte7_21_0_, user0_.user_created_at as user_cre2_21_0_, user0_.user_name as user_nam3_21_0_, user0_.user_phone_number as user_pho4_21_0_, user0_.user_user_id as user_use5_21_0_, user0_.user_user_password as user_use6_21_0_ from user user0_ where user0_.user_id=?
Hibernate: select user0_.user_id as user_id1_21_0_, user0_.character_id as characte7_21_0_, user0_.user_created_at as user_cre2_21_0_, user0_.user_name as user_nam3_21_0_, user0_.user_phone_number as user_pho4_21_0_, user0_.user_user_id as user_use5_21_0_, user0_.user_user_password as user_use6_21_0_ from user user0_ where user0_.user_id=?
Hibernate: select user0_.user_id as user_id1_21_0_, user0_.character_id as characte7_21_0_, user0_.user_created_at as user_cre2_21_0_, user0_.user_name as user_nam3_21_0_, user0_.user_phone_number as user_pho4_21_0_, user0_.user_user_id as user_use5_21_0_, user0_.user_user_password as user_use6_21_0_ from user user0_ where user0_.user_id=?
Hibernate: select character0_.character_id as characte1_6_0_, character0_.character_character_name as characte2_6_0_ from characters character0_ where character0_.character_id=?
Hibernate: select count(*) as col_0_0_ from user user0_ where user0_.user_id=?
Hibernate: select character1_.character_id as characte1_6_, character1_.character_character_name as characte2_6_ from user user0_ inner join characters character1_ on user0_.character_id=character1_.character_id where user0_.user_id=?
Hibernate: select permission0_.character_id as characte6_12_0_, permission0_.permission_id as permissi1_12_0_, permission0_.permission_id as permissi1_12_1_, permission0_.character_id as characte6_12_1_, permission0_.permission_name as permissi2_12_1_, permission0_.permission_permission_unit_id as permissi3_12_1_, permission0_.permission_service as permissi4_12_1_, permission0_.permission_status as permissi5_12_1_ from permission permission0_ where permission0_.character_id=?
Hibernate: select count(*) as col_0_0_ from team_building teambuildi0_ where teambuildi0_.team_building_team_building_id=?
Hibernate: select teambuildi0_.team_building_team_building_id as team_bui1_19_0_, teambuildi0_.team_building_created_at as team_bui2_19_0_, teambuildi0_.team_building_last_modified_at as team_bui3_19_0_, teambuildi0_.team_building_team_building_title as team_bui4_19_0_ from team_building teambuildi0_ where teambuildi0_.team_building_team_building_id=?
Hibernate: select teamlist0_.team_building_team_building_id as team_bui4_18_0_, teamlist0_.team_team_id as team_tea1_18_0_, teamlist0_.team_team_id as team_tea1_18_1_, teamlist0_.team_last_modified_at as team_las2_18_1_, teamlist0_.team_building_team_building_id as team_bui4_18_1_, teamlist0_.team_team_name as team_tea3_18_1_ from team teamlist0_ where teamlist0_.team_building_team_building_id=?
Hibernate: select teamuserli0_.team_team_id as team_tea2_20_0_, teamuserli0_.team_user_id as team_use1_20_0_, teamuserli0_.team_user_id as team_use1_20_1_, teamuserli0_.team_team_id as team_tea2_20_1_, teamuserli0_.user_id as user_id3_20_1_ from team_user teamuserli0_ where teamuserli0_.team_team_id=?
Hibernate: select user0_.user_id as user_id1_21_0_, user0_.character_id as characte7_21_0_, user0_.user_created_at as user_cre2_21_0_, user0_.user_name as user_nam3_21_0_, user0_.user_phone_number as user_pho4_21_0_, user0_.user_user_id as user_use5_21_0_, user0_.user_user_password as user_use6_21_0_ from user user0_ where user0_.user_id=?
Hibernate: select character0_.character_id as characte1_6_0_, character0_.character_character_name as characte2_6_0_ from characters character0_ where character0_.character_id=?
Hibernate: select user0_.user_id as user_id1_21_0_, user0_.character_id as characte7_21_0_, user0_.user_created_at as user_cre2_21_0_, user0_.user_name as user_nam3_21_0_, user0_.user_phone_number as user_pho4_21_0_, user0_.user_user_id as user_use5_21_0_, user0_.user_user_password as user_use6_21_0_ from user user0_ where user0_.user_id=?
Hibernate: select user0_.user_id as user_id1_21_0_, user0_.character_id as characte7_21_0_, user0_.user_created_at as user_cre2_21_0_, user0_.user_name as user_nam3_21_0_, user0_.user_phone_number as user_pho4_21_0_, user0_.user_user_id as user_use5_21_0_, user0_.user_user_password as user_use6_21_0_ from user user0_ where user0_.user_id=?
Hibernate: select teamuserli0_.team_team_id as team_tea2_20_0_, teamuserli0_.team_user_id as team_use1_20_0_, teamuserli0_.team_user_id as team_use1_20_1_, teamuserli0_.team_team_id as team_tea2_20_1_, teamuserli0_.user_id as user_id3_20_1_ from team_user teamuserli0_ where teamuserli0_.team_team_id=?
Hibernate: select user0_.user_id as user_id1_21_0_, user0_.character_id as characte7_21_0_, user0_.user_created_at as user_cre2_21_0_, user0_.user_name as user_nam3_21_0_, user0_.user_phone_number as user_pho4_21_0_, user0_.user_user_id as user_use5_21_0_, user0_.user_user_password as user_use6_21_0_ from user user0_ where user0_.user_id=?
Hibernate: select user0_.user_id as user_id1_21_0_, user0_.character_id as characte7_21_0_, user0_.user_created_at as user_cre2_21_0_, user0_.user_name as user_nam3_21_0_, user0_.user_phone_number as user_pho4_21_0_, user0_.user_user_id as user_use5_21_0_, user0_.user_user_password as user_use6_21_0_ from user user0_ where user0_.user_id=?
Hibernate: delete from team_user where team_user_id=?
Hibernate: delete from team_user where team_user_id=?
Hibernate: delete from team_user where team_user_id=?
Hibernate: delete from team where team_team_id=?
Hibernate: delete from team_user where team_user_id=?
Hibernate: delete from team_user where team_user_id=?
Hibernate: delete from team where team_team_id=?
Hibernate: delete from team_building where team_building_team_building_id=?
Hibernate: select user0_.user_id as user_id1_21_0_, user0_.character_id as characte7_21_0_, user0_.user_created_at as user_cre2_21_0_, user0_.user_name as user_nam3_21_0_, user0_.user_phone_number as user_pho4_21_0_, user0_.user_user_id as user_use5_21_0_, user0_.user_user_password as user_use6_21_0_ from user user0_ where user0_.user_id=?
Hibernate: select character0_.character_id as characte1_6_0_, character0_.character_character_name as characte2_6_0_ from characters character0_ where character0_.character_id=?
Hibernate: select count(*) as col_0_0_ from team_building teambuildi0_ where teambuildi0_.team_building_team_building_id=?
Hibernate: select user0_.user_id as col_0_0_ from user user0_ where user0_.user_user_id=? limit ?
Hibernate: select user0_.user_id as col_0_0_ from user user0_ where user0_.user_user_id=? limit ?
Hibernate: select U.* from USER U where U.USER_USER_ID =?
Hibernate: select character0_.character_id as characte1_6_0_, character0_.character_character_name as characte2_6_0_ from characters character0_ where character0_.character_id=?
Hibernate: select user0_.user_id as col_0_0_ from user user0_ where user0_.user_user_id=? limit ?
Hibernate: select user0_.user_id as user_id1_21_, user0_.character_id as characte7_21_, user0_.user_created_at as user_cre2_21_, user0_.user_name as user_nam3_21_, user0_.user_phone_number as user_pho4_21_, user0_.user_user_id as user_use5_21_, user0_.user_user_password as user_use6_21_ from user user0_ inner join characters character1_ on user0_.character_id=character1_.character_id where user0_.user_user_id=?
Hibernate: select character0_.character_id as characte1_6_0_, character0_.character_character_name as characte2_6_0_ from characters character0_ where character0_.character_id=?
Hibernate: select rewardtagw0_.user_id as user_id4_16_0_, rewardtagw0_.reward_tag_wrapper_reward_id as reward_t1_16_0_, rewardtagw0_.reward_tag_wrapper_reward_id as reward_t1_16_1_, rewardtagw0_.reward_tag_wrapper_reward_presented_at as reward_t2_16_1_, rewardtagw0_.reward_tag_reward_tag_id as reward_t3_16_1_, rewardtagw0_.user_id as user_id4_16_1_ from reward_tag_wrapper rewardtagw0_ where rewardtagw0_.user_id=?
Hibernate: select user0_.user_id as user_id1_21_0_, user0_.character_id as characte7_21_0_, user0_.user_created_at as user_cre2_21_0_, user0_.user_name as user_nam3_21_0_, user0_.user_phone_number as user_pho4_21_0_, user0_.user_user_id as user_use5_21_0_, user0_.user_user_password as user_use6_21_0_ from user user0_ where user0_.user_id=?
Hibernate: select character0_.character_id as characte1_6_0_, character0_.character_character_name as characte2_6_0_ from characters character0_ where character0_.character_id=?
Hibernate: select count(*) as col_0_0_ from user user0_ where user0_.user_id=?
Hibernate: select character1_.character_id as characte1_6_, character1_.character_character_name as characte2_6_ from user user0_ inner join characters character1_ on user0_.character_id=character1_.character_id where user0_.user_id=?
Hibernate: select permission0_.character_id as characte6_12_0_, permission0_.permission_id as permissi1_12_0_, permission0_.permission_id as permissi1_12_1_, permission0_.character_id as characte6_12_1_, permission0_.permission_name as permissi2_12_1_, permission0_.permission_permission_unit_id as permissi3_12_1_, permission0_.permission_service as permissi4_12_1_, permission0_.permission_status as permissi5_12_1_ from permission permission0_ where permission0_.character_id=?
Hibernate: select count(*) as col_0_0_ from user user0_ where user0_.user_id=?
Hibernate: select user0_.user_id as user_id1_21_, user0_.character_id as characte7_21_, user0_.user_created_at as user_cre2_21_, user0_.user_name as user_nam3_21_, user0_.user_phone_number as user_pho4_21_, user0_.user_user_id as user_use5_21_, user0_.user_user_password as user_use6_21_ from user user0_ where user0_.user_id=?
Hibernate: select character0_.character_id as characte1_6_0_, character0_.character_character_name as characte2_6_0_ from characters character0_ where character0_.character_id=?
Hibernate: select rewardtagw0_.user_id as user_id4_16_0_, rewardtagw0_.reward_tag_wrapper_reward_id as reward_t1_16_0_, rewardtagw0_.reward_tag_wrapper_reward_id as reward_t1_16_1_, rewardtagw0_.reward_tag_wrapper_reward_presented_at as reward_t2_16_1_, rewardtagw0_.reward_tag_reward_tag_id as reward_t3_16_1_, rewardtagw0_.user_id as user_id4_16_1_ from reward_tag_wrapper rewardtagw0_ where rewardtagw0_.user_id=?
Hibernate: select attendance0_.attendance_user_attendance_user_id as col_0_0_ from attendance_user attendance0_ where attendance0_.user_id=? limit ?
Hibernate: DELETE FROM USER WHERE USER_ID = ?
Hibernate: select user0_.user_id as col_0_0_ from user user0_ where user0_.user_user_id=? limit ?
Hibernate: select user0_.user_id as col_0_0_ from user user0_ where user0_.user_user_id=? limit ?
Hibernate: select user0_.user_id as user_id1_21_, user0_.character_id as characte7_21_, user0_.user_created_at as user_cre2_21_, user0_.user_name as user_nam3_21_, user0_.user_phone_number as user_pho4_21_, user0_.user_user_id as user_use5_21_, user0_.user_user_password as user_use6_21_ from user user0_ inner join characters character1_ on user0_.character_id=character1_.character_id where user0_.user_user_id=?
Hibernate: select character0_.character_id as characte1_6_0_, character0_.character_character_name as characte2_6_0_ from characters character0_ where character0_.character_id=?
Hibernate: select rewardtagw0_.user_id as user_id4_16_0_, rewardtagw0_.reward_tag_wrapper_reward_id as reward_t1_16_0_, rewardtagw0_.reward_tag_wrapper_reward_id as reward_t1_16_1_, rewardtagw0_.reward_tag_wrapper_reward_presented_at as reward_t2_16_1_, rewardtagw0_.reward_tag_reward_tag_id as reward_t3_16_1_, rewardtagw0_.user_id as user_id4_16_1_ from reward_tag_wrapper rewardtagw0_ where rewardtagw0_.user_id=?
Hibernate: select user0_.user_id as user_id1_21_0_, user0_.character_id as characte7_21_0_, user0_.user_created_at as user_cre2_21_0_, user0_.user_name as user_nam3_21_0_, user0_.user_phone_number as user_pho4_21_0_, user0_.user_user_id as user_use5_21_0_, user0_.user_user_password as user_use6_21_0_ from user user0_ where user0_.user_id=?
Hibernate: select character0_.character_id as characte1_6_0_, character0_.character_character_name as characte2_6_0_ from characters character0_ where character0_.character_id=?
Hibernate: select count(*) as col_0_0_ from user user0_ where user0_.user_id=?
Hibernate: select character1_.character_id as characte1_6_, character1_.character_character_name as characte2_6_ from user user0_ inner join characters character1_ on user0_.character_id=character1_.character_id where user0_.user_id=?
Hibernate: select permission0_.character_id as characte6_12_0_, permission0_.permission_id as permissi1_12_0_, permission0_.permission_id as permissi1_12_1_, permission0_.character_id as characte6_12_1_, permission0_.permission_name as permissi2_12_1_, permission0_.permission_permission_unit_id as permissi3_12_1_, permission0_.permission_service as permissi4_12_1_, permission0_.permission_status as permissi5_12_1_ from permission permission0_ where permission0_.character_id=?
Hibernate: select count(*) as col_0_0_ from user user0_ where user0_.user_id=?
Hibernate: select user0_.user_id as user_id1_21_, user0_.character_id as characte7_21_, user0_.user_created_at as user_cre2_21_, user0_.user_name as user_nam3_21_, user0_.user_phone_number as user_pho4_21_, user0_.user_user_id as user_use5_21_, user0_.user_user_password as user_use6_21_ from user user0_ where user0_.user_id=?
Hibernate: select character0_.character_id as characte1_6_0_, character0_.character_character_name as characte2_6_0_ from characters character0_ where character0_.character_id=?
Hibernate: select rewardtagw0_.user_id as user_id4_16_0_, rewardtagw0_.reward_tag_wrapper_reward_id as reward_t1_16_0_, rewardtagw0_.reward_tag_wrapper_reward_id as reward_t1_16_1_, rewardtagw0_.reward_tag_wrapper_reward_presented_at as reward_t2_16_1_, rewardtagw0_.reward_tag_reward_tag_id as reward_t3_16_1_, rewardtagw0_.user_id as user_id4_16_1_ from reward_tag_wrapper rewardtagw0_ where rewardtagw0_.user_id=?
Hibernate: select attendance0_.attendance_user_attendance_user_id as col_0_0_ from attendance_user attendance0_ where attendance0_.user_id=? limit ?
Hibernate: DELETE FROM USER WHERE USER_ID = ?
Hibernate: select user0_.user_id as col_0_0_ from user user0_ where user0_.user_user_id=? limit ?
Hibernate: select user0_.user_id as col_0_0_ from user user0_ where user0_.user_user_id=? limit ?
Hibernate: select user0_.user_id as user_id1_21_, user0_.character_id as characte7_21_, user0_.user_created_at as user_cre2_21_, user0_.user_name as user_nam3_21_, user0_.user_phone_number as user_pho4_21_, user0_.user_user_id as user_use5_21_, user0_.user_user_password as user_use6_21_ from user user0_ inner join characters character1_ on user0_.character_id=character1_.character_id where user0_.user_user_id=?
Hibernate: select character0_.character_id as characte1_6_0_, character0_.character_character_name as characte2_6_0_ from characters character0_ where character0_.character_id=?
Hibernate: select rewardtagw0_.user_id as user_id4_16_0_, rewardtagw0_.reward_tag_wrapper_reward_id as reward_t1_16_0_, rewardtagw0_.reward_tag_wrapper_reward_id as reward_t1_16_1_, rewardtagw0_.reward_tag_wrapper_reward_presented_at as reward_t2_16_1_, rewardtagw0_.reward_tag_reward_tag_id as reward_t3_16_1_, rewardtagw0_.user_id as user_id4_16_1_ from reward_tag_wrapper rewardtagw0_ where rewardtagw0_.user_id=?
Hibernate: select user0_.user_id as user_id1_21_0_, user0_.character_id as characte7_21_0_, user0_.user_created_at as user_cre2_21_0_, user0_.user_name as user_nam3_21_0_, user0_.user_phone_number as user_pho4_21_0_, user0_.user_user_id as user_use5_21_0_, user0_.user_user_password as user_use6_21_0_ from user user0_ where user0_.user_id=?
Hibernate: select character0_.character_id as characte1_6_0_, character0_.character_character_name as characte2_6_0_ from characters character0_ where character0_.character_id=?
Hibernate: select count(*) as col_0_0_ from user user0_ where user0_.user_id=?
Hibernate: select character1_.character_id as characte1_6_, character1_.character_character_name as characte2_6_ from user user0_ inner join characters character1_ on user0_.character_id=character1_.character_id where user0_.user_id=?
Hibernate: select permission0_.character_id as characte6_12_0_, permission0_.permission_id as permissi1_12_0_, permission0_.permission_id as permissi1_12_1_, permission0_.character_id as characte6_12_1_, permission0_.permission_name as permissi2_12_1_, permission0_.permission_permission_unit_id as permissi3_12_1_, permission0_.permission_service as permissi4_12_1_, permission0_.permission_status as permissi5_12_1_ from permission permission0_ where permission0_.character_id=?
Hibernate: select count(*) as col_0_0_ from user user0_ where user0_.user_id=?
Hibernate: select user0_.user_id as user_id1_21_, user0_.character_id as characte7_21_, user0_.user_created_at as user_cre2_21_, user0_.user_name as user_nam3_21_, user0_.user_phone_number as user_pho4_21_, user0_.user_user_id as user_use5_21_, user0_.user_user_password as user_use6_21_ from user user0_ where user0_.user_id=?
Hibernate: select character0_.character_id as characte1_6_0_, character0_.character_character_name as characte2_6_0_ from characters character0_ where character0_.character_id=?
Hibernate: select rewardtagw0_.user_id as user_id4_16_0_, rewardtagw0_.reward_tag_wrapper_reward_id as reward_t1_16_0_, rewardtagw0_.reward_tag_wrapper_reward_id as reward_t1_16_1_, rewardtagw0_.reward_tag_wrapper_reward_presented_at as reward_t2_16_1_, rewardtagw0_.reward_tag_reward_tag_id as reward_t3_16_1_, rewardtagw0_.user_id as user_id4_16_1_ from reward_tag_wrapper rewardtagw0_ where rewardtagw0_.user_id=?
Hibernate: select attendance0_.attendance_user_attendance_user_id as col_0_0_ from attendance_user attendance0_ where attendance0_.user_id=? limit ?
Hibernate: DELETE FROM USER WHERE USER_ID = ?
Hibernate: select user0_.user_id as col_0_0_ from user user0_ where user0_.user_user_id=? limit ?
Hibernate: select user0_.user_id as col_0_0_ from user user0_ where user0_.user_user_id=? limit ?
Hibernate: select user0_.user_id as user_id1_21_, user0_.character_id as characte7_21_, user0_.user_created_at as user_cre2_21_, user0_.user_name as user_nam3_21_, user0_.user_phone_number as user_pho4_21_, user0_.user_user_id as user_use5_21_, user0_.user_user_password as user_use6_21_ from user user0_ inner join characters character1_ on user0_.character_id=character1_.character_id where user0_.user_user_id=?
Hibernate: select character0_.character_id as characte1_6_0_, character0_.character_character_name as characte2_6_0_ from characters character0_ where character0_.character_id=?
Hibernate: select rewardtagw0_.user_id as user_id4_16_0_, rewardtagw0_.reward_tag_wrapper_reward_id as reward_t1_16_0_, rewardtagw0_.reward_tag_wrapper_reward_id as reward_t1_16_1_, rewardtagw0_.reward_tag_wrapper_reward_presented_at as reward_t2_16_1_, rewardtagw0_.reward_tag_reward_tag_id as reward_t3_16_1_, rewardtagw0_.user_id as user_id4_16_1_ from reward_tag_wrapper rewardtagw0_ where rewardtagw0_.user_id=?
Hibernate: select user0_.user_id as user_id1_21_0_, user0_.character_id as characte7_21_0_, user0_.user_created_at as user_cre2_21_0_, user0_.user_name as user_nam3_21_0_, user0_.user_phone_number as user_pho4_21_0_, user0_.user_user_id as user_use5_21_0_, user0_.user_user_password as user_use6_21_0_ from user user0_ where user0_.user_id=?
Hibernate: select character0_.character_id as characte1_6_0_, character0_.character_character_name as characte2_6_0_ from characters character0_ where character0_.character_id=?
Hibernate: select count(*) as col_0_0_ from user user0_ where user0_.user_id=?
Hibernate: select character1_.character_id as characte1_6_, character1_.character_character_name as characte2_6_ from user user0_ inner join characters character1_ on user0_.character_id=character1_.character_id where user0_.user_id=?
Hibernate: select permission0_.character_id as characte6_12_0_, permission0_.permission_id as permissi1_12_0_, permission0_.permission_id as permissi1_12_1_, permission0_.character_id as characte6_12_1_, permission0_.permission_name as permissi2_12_1_, permission0_.permission_permission_unit_id as permissi3_12_1_, permission0_.permission_service as permissi4_12_1_, permission0_.permission_status as permissi5_12_1_ from permission permission0_ where permission0_.character_id=?
Hibernate: select count(*) as col_0_0_ from user user0_ where user0_.user_id=?
Hibernate: select user0_.user_id as user_id1_21_, user0_.character_id as characte7_21_, user0_.user_created_at as user_cre2_21_, user0_.user_name as user_nam3_21_, user0_.user_phone_number as user_pho4_21_, user0_.user_user_id as user_use5_21_, user0_.user_user_password as user_use6_21_ from user user0_ where user0_.user_id=?
Hibernate: select character0_.character_id as characte1_6_0_, character0_.character_character_name as characte2_6_0_ from characters character0_ where character0_.character_id=?
Hibernate: select rewardtagw0_.user_id as user_id4_16_0_, rewardtagw0_.reward_tag_wrapper_reward_id as reward_t1_16_0_, rewardtagw0_.reward_tag_wrapper_reward_id as reward_t1_16_1_, rewardtagw0_.reward_tag_wrapper_reward_presented_at as reward_t2_16_1_, rewardtagw0_.reward_tag_reward_tag_id as reward_t3_16_1_, rewardtagw0_.user_id as user_id4_16_1_ from reward_tag_wrapper rewardtagw0_ where rewardtagw0_.user_id=?
Hibernate: select attendance0_.attendance_user_attendance_user_id as col_0_0_ from attendance_user attendance0_ where attendance0_.user_id=? limit ?
Hibernate: DELETE FROM USER WHERE USER_ID = ?
Hibernate: select user0_.user_id as col_0_0_ from user user0_ where user0_.user_user_id=? limit ?
Hibernate: select user0_.user_id as col_0_0_ from user user0_ where user0_.user_user_id=? limit ?
Hibernate: select user0_.user_id as user_id1_21_, user0_.character_id as characte7_21_, user0_.user_created_at as user_cre2_21_, user0_.user_name as user_nam3_21_, user0_.user_phone_number as user_pho4_21_, user0_.user_user_id as user_use5_21_, user0_.user_user_password as user_use6_21_ from user user0_ inner join characters character1_ on user0_.character_id=character1_.character_id where user0_.user_user_id=?
Hibernate: select character0_.character_id as characte1_6_0_, character0_.character_character_name as characte2_6_0_ from characters character0_ where character0_.character_id=?
Hibernate: select rewardtagw0_.user_id as user_id4_16_0_, rewardtagw0_.reward_tag_wrapper_reward_id as reward_t1_16_0_, rewardtagw0_.reward_tag_wrapper_reward_id as reward_t1_16_1_, rewardtagw0_.reward_tag_wrapper_reward_presented_at as reward_t2_16_1_, rewardtagw0_.reward_tag_reward_tag_id as reward_t3_16_1_, rewardtagw0_.user_id as user_id4_16_1_ from reward_tag_wrapper rewardtagw0_ where rewardtagw0_.user_id=?
Hibernate: select user0_.user_id as user_id1_21_0_, user0_.character_id as characte7_21_0_, user0_.user_created_at as user_cre2_21_0_, user0_.user_name as user_nam3_21_0_, user0_.user_phone_number as user_pho4_21_0_, user0_.user_user_id as user_use5_21_0_, user0_.user_user_password as user_use6_21_0_ from user user0_ where user0_.user_id=?
Hibernate: select character0_.character_id as characte1_6_0_, character0_.character_character_name as characte2_6_0_ from characters character0_ where character0_.character_id=?
Hibernate: select count(*) as col_0_0_ from user user0_ where user0_.user_id=?
Hibernate: select character1_.character_id as characte1_6_, character1_.character_character_name as characte2_6_ from user user0_ inner join characters character1_ on user0_.character_id=character1_.character_id where user0_.user_id=?
Hibernate: select permission0_.character_id as characte6_12_0_, permission0_.permission_id as permissi1_12_0_, permission0_.permission_id as permissi1_12_1_, permission0_.character_id as characte6_12_1_, permission0_.permission_name as permissi2_12_1_, permission0_.permission_permission_unit_id as permissi3_12_1_, permission0_.permission_service as permissi4_12_1_, permission0_.permission_status as permissi5_12_1_ from permission permission0_ where permission0_.character_id=?
Hibernate: select count(*) as col_0_0_ from user user0_ where user0_.user_id=?
Hibernate: select user0_.user_id as user_id1_21_, user0_.character_id as characte7_21_, user0_.user_created_at as user_cre2_21_, user0_.user_name as user_nam3_21_, user0_.user_phone_number as user_pho4_21_, user0_.user_user_id as user_use5_21_, user0_.user_user_password as user_use6_21_ from user user0_ where user0_.user_id=?
Hibernate: select character0_.character_id as characte1_6_0_, character0_.character_character_name as characte2_6_0_ from characters character0_ where character0_.character_id=?
Hibernate: select rewardtagw0_.user_id as user_id4_16_0_, rewardtagw0_.reward_tag_wrapper_reward_id as reward_t1_16_0_, rewardtagw0_.reward_tag_wrapper_reward_id as reward_t1_16_1_, rewardtagw0_.reward_tag_wrapper_reward_presented_at as reward_t2_16_1_, rewardtagw0_.reward_tag_reward_tag_id as reward_t3_16_1_, rewardtagw0_.user_id as user_id4_16_1_ from reward_tag_wrapper rewardtagw0_ where rewardtagw0_.user_id=?
Hibernate: select attendance0_.attendance_user_attendance_user_id as col_0_0_ from attendance_user attendance0_ where attendance0_.user_id=? limit ?
Hibernate: DELETE FROM USER WHERE USER_ID = ?
Hibernate: select user0_.user_id as col_0_0_ from user user0_ where user0_.user_user_id=? limit ?
Hibernate: select user0_.user_id as col_0_0_ from user user0_ where user0_.user_user_id=? limit ?
Hibernate: select user0_.user_id as user_id1_21_, user0_.character_id as characte7_21_, user0_.user_created_at as user_cre2_21_, user0_.user_name as user_nam3_21_, user0_.user_phone_number as user_pho4_21_, user0_.user_user_id as user_use5_21_, user0_.user_user_password as user_use6_21_ from user user0_ inner join characters character1_ on user0_.character_id=character1_.character_id where user0_.user_user_id=?
Hibernate: select character0_.character_id as characte1_6_0_, character0_.character_character_name as characte2_6_0_ from characters character0_ where character0_.character_id=?
Hibernate: select rewardtagw0_.user_id as user_id4_16_0_, rewardtagw0_.reward_tag_wrapper_reward_id as reward_t1_16_0_, rewardtagw0_.reward_tag_wrapper_reward_id as reward_t1_16_1_, rewardtagw0_.reward_tag_wrapper_reward_presented_at as reward_t2_16_1_, rewardtagw0_.reward_tag_reward_tag_id as reward_t3_16_1_, rewardtagw0_.user_id as user_id4_16_1_ from reward_tag_wrapper rewardtagw0_ where rewardtagw0_.user_id=?
Hibernate: select user0_.user_id as user_id1_21_0_, user0_.character_id as characte7_21_0_, user0_.user_created_at as user_cre2_21_0_, user0_.user_name as user_nam3_21_0_, user0_.user_phone_number as user_pho4_21_0_, user0_.user_user_id as user_use5_21_0_, user0_.user_user_password as user_use6_21_0_ from user user0_ where user0_.user_id=?
Hibernate: select character0_.character_id as characte1_6_0_, character0_.character_character_name as characte2_6_0_ from characters character0_ where character0_.character_id=?
Hibernate: select count(*) as col_0_0_ from user user0_ where user0_.user_id=?
Hibernate: select character1_.character_id as characte1_6_, character1_.character_character_name as characte2_6_ from user user0_ inner join characters character1_ on user0_.character_id=character1_.character_id where user0_.user_id=?
Hibernate: select permission0_.character_id as characte6_12_0_, permission0_.permission_id as permissi1_12_0_, permission0_.permission_id as permissi1_12_1_, permission0_.character_id as characte6_12_1_, permission0_.permission_name as permissi2_12_1_, permission0_.permission_permission_unit_id as permissi3_12_1_, permission0_.permission_service as permissi4_12_1_, permission0_.permission_status as permissi5_12_1_ from permission permission0_ where permission0_.character_id=?
Hibernate: select count(*) as col_0_0_ from user user0_ where user0_.user_id=?
Hibernate: select user0_.user_id as user_id1_21_, user0_.character_id as characte7_21_, user0_.user_created_at as user_cre2_21_, user0_.user_name as user_nam3_21_, user0_.user_phone_number as user_pho4_21_, user0_.user_user_id as user_use5_21_, user0_.user_user_password as user_use6_21_ from user user0_ where user0_.user_id=?
Hibernate: select character0_.character_id as characte1_6_0_, character0_.character_character_name as characte2_6_0_ from characters character0_ where character0_.character_id=?
Hibernate: select rewardtagw0_.user_id as user_id4_16_0_, rewardtagw0_.reward_tag_wrapper_reward_id as reward_t1_16_0_, rewardtagw0_.reward_tag_wrapper_reward_id as reward_t1_16_1_, rewardtagw0_.reward_tag_wrapper_reward_presented_at as reward_t2_16_1_, rewardtagw0_.reward_tag_reward_tag_id as reward_t3_16_1_, rewardtagw0_.user_id as user_id4_16_1_ from reward_tag_wrapper rewardtagw0_ where rewardtagw0_.user_id=?
Hibernate: select attendance0_.attendance_user_attendance_user_id as col_0_0_ from attendance_user attendance0_ where attendance0_.user_id=? limit ?
Hibernate: DELETE FROM USER WHERE USER_ID = ?
Hibernate: select user0_.user_id as col_0_0_ from user user0_ where user0_.user_user_id=? limit ?
Hibernate: select user0_.user_id as col_0_0_ from user user0_ where user0_.user_user_id=? limit ?
Hibernate: select user0_.user_id as user_id1_21_, user0_.character_id as characte7_21_, user0_.user_created_at as user_cre2_21_, user0_.user_name as user_nam3_21_, user0_.user_phone_number as user_pho4_21_, user0_.user_user_id as user_use5_21_, user0_.user_user_password as user_use6_21_ from user user0_ inner join characters character1_ on user0_.character_id=character1_.character_id where user0_.user_user_id=?
Hibernate: select character0_.character_id as characte1_6_0_, character0_.character_character_name as characte2_6_0_ from characters character0_ where character0_.character_id=?
Hibernate: select rewardtagw0_.user_id as user_id4_16_0_, rewardtagw0_.reward_tag_wrapper_reward_id as reward_t1_16_0_, rewardtagw0_.reward_tag_wrapper_reward_id as reward_t1_16_1_, rewardtagw0_.reward_tag_wrapper_reward_presented_at as reward_t2_16_1_, rewardtagw0_.reward_tag_reward_tag_id as reward_t3_16_1_, rewardtagw0_.user_id as user_id4_16_1_ from reward_tag_wrapper rewardtagw0_ where rewardtagw0_.user_id=?
Hibernate: select user0_.user_id as user_id1_21_0_, user0_.character_id as characte7_21_0_, user0_.user_created_at as user_cre2_21_0_, user0_.user_name as user_nam3_21_0_, user0_.user_phone_number as user_pho4_21_0_, user0_.user_user_id as user_use5_21_0_, user0_.user_user_password as user_use6_21_0_ from user user0_ where user0_.user_id=?
Hibernate: select character0_.character_id as characte1_6_0_, character0_.character_character_name as characte2_6_0_ from characters character0_ where character0_.character_id=?
Hibernate: select count(*) as col_0_0_ from user user0_ where user0_.user_id=?
Hibernate: select character1_.character_id as characte1_6_, character1_.character_character_name as characte2_6_ from user user0_ inner join characters character1_ on user0_.character_id=character1_.character_id where user0_.user_id=?
Hibernate: select permission0_.character_id as characte6_12_0_, permission0_.permission_id as permissi1_12_0_, permission0_.permission_id as permissi1_12_1_, permission0_.character_id as characte6_12_1_, permission0_.permission_name as permissi2_12_1_, permission0_.permission_permission_unit_id as permissi3_12_1_, permission0_.permission_service as permissi4_12_1_, permission0_.permission_status as permissi5_12_1_ from permission permission0_ where permission0_.character_id=?
Hibernate: select count(*) as col_0_0_ from user user0_ where user0_.user_id=?
Hibernate: select user0_.user_id as user_id1_21_, user0_.character_id as characte7_21_, user0_.user_created_at as user_cre2_21_, user0_.user_name as user_nam3_21_, user0_.user_phone_number as user_pho4_21_, user0_.user_user_id as user_use5_21_, user0_.user_user_password as user_use6_21_ from user user0_ where user0_.user_id=?
Hibernate: select character0_.character_id as characte1_6_0_, character0_.character_character_name as characte2_6_0_ from characters character0_ where character0_.character_id=?
Hibernate: select rewardtagw0_.user_id as user_id4_16_0_, rewardtagw0_.reward_tag_wrapper_reward_id as reward_t1_16_0_, rewardtagw0_.reward_tag_wrapper_reward_id as reward_t1_16_1_, rewardtagw0_.reward_tag_wrapper_reward_presented_at as reward_t2_16_1_, rewardtagw0_.reward_tag_reward_tag_id as reward_t3_16_1_, rewardtagw0_.user_id as user_id4_16_1_ from reward_tag_wrapper rewardtagw0_ where rewardtagw0_.user_id=?
Hibernate: select attendance0_.attendance_user_attendance_user_id as col_0_0_ from attendance_user attendance0_ where attendance0_.user_id=? limit ?
Hibernate: DELETE FROM USER WHERE USER_ID = ?
Hibernate: select user0_.user_id as col_0_0_ from user user0_ where user0_.user_user_id=? limit ?
Hibernate: select user0_.user_id as col_0_0_ from user user0_ where user0_.user_user_id=? limit ?
Hibernate: select user0_.user_id as user_id1_21_, user0_.character_id as characte7_21_, user0_.user_created_at as user_cre2_21_, user0_.user_name as user_nam3_21_, user0_.user_phone_number as user_pho4_21_, user0_.user_user_id as user_use5_21_, user0_.user_user_password as user_use6_21_ from user user0_ inner join characters character1_ on user0_.character_id=character1_.character_id where user0_.user_user_id=?
Hibernate: select character0_.character_id as characte1_6_0_, character0_.character_character_name as characte2_6_0_ from characters character0_ where character0_.character_id=?
Hibernate: select rewardtagw0_.user_id as user_id4_16_0_, rewardtagw0_.reward_tag_wrapper_reward_id as reward_t1_16_0_, rewardtagw0_.reward_tag_wrapper_reward_id as reward_t1_16_1_, rewardtagw0_.reward_tag_wrapper_reward_presented_at as reward_t2_16_1_, rewardtagw0_.reward_tag_reward_tag_id as reward_t3_16_1_, rewardtagw0_.user_id as user_id4_16_1_ from reward_tag_wrapper rewardtagw0_ where rewardtagw0_.user_id=?
Hibernate: select user0_.user_id as user_id1_21_0_, user0_.character_id as characte7_21_0_, user0_.user_created_at as user_cre2_21_0_, user0_.user_name as user_nam3_21_0_, user0_.user_phone_number as user_pho4_21_0_, user0_.user_user_id as user_use5_21_0_, user0_.user_user_password as user_use6_21_0_ from user user0_ where user0_.user_id=?
Hibernate: select character0_.character_id as characte1_6_0_, character0_.character_character_name as characte2_6_0_ from characters character0_ where character0_.character_id=?
Hibernate: select count(*) as col_0_0_ from user user0_ where user0_.user_id=?
Hibernate: select character1_.character_id as characte1_6_, character1_.character_character_name as characte2_6_ from user user0_ inner join characters character1_ on user0_.character_id=character1_.character_id where user0_.user_id=?
Hibernate: select permission0_.character_id as characte6_12_0_, permission0_.permission_id as permissi1_12_0_, permission0_.permission_id as permissi1_12_1_, permission0_.character_id as characte6_12_1_, permission0_.permission_name as permissi2_12_1_, permission0_.permission_permission_unit_id as permissi3_12_1_, permission0_.permission_service as permissi4_12_1_, permission0_.permission_status as permissi5_12_1_ from permission permission0_ where permission0_.character_id=?
Hibernate: select count(*) as col_0_0_ from user user0_ where user0_.user_id=?
Hibernate: select user0_.user_id as user_id1_21_, user0_.character_id as characte7_21_, user0_.user_created_at as user_cre2_21_, user0_.user_name as user_nam3_21_, user0_.user_phone_number as user_pho4_21_, user0_.user_user_id as user_use5_21_, user0_.user_user_password as user_use6_21_ from user user0_ where user0_.user_id=?
Hibernate: select character0_.character_id as characte1_6_0_, character0_.character_character_name as characte2_6_0_ from characters character0_ where character0_.character_id=?
Hibernate: select rewardtagw0_.user_id as user_id4_16_0_, rewardtagw0_.reward_tag_wrapper_reward_id as reward_t1_16_0_, rewardtagw0_.reward_tag_wrapper_reward_id as reward_t1_16_1_, rewardtagw0_.reward_tag_wrapper_reward_presented_at as reward_t2_16_1_, rewardtagw0_.reward_tag_reward_tag_id as reward_t3_16_1_, rewardtagw0_.user_id as user_id4_16_1_ from reward_tag_wrapper rewardtagw0_ where rewardtagw0_.user_id=?
Hibernate: select attendance0_.attendance_user_attendance_user_id as col_0_0_ from attendance_user attendance0_ where attendance0_.user_id=? limit ?
Hibernate: DELETE FROM USER WHERE USER_ID = ?
Hibernate: select user0_.user_id as col_0_0_ from user user0_ where user0_.user_user_id=? limit ?
Hibernate: select user0_.user_id as col_0_0_ from user user0_ where user0_.user_user_id=? limit ?
Hibernate: select user0_.user_id as user_id1_21_, user0_.character_id as characte7_21_, user0_.user_created_at as user_cre2_21_, user0_.user_name as user_nam3_21_, user0_.user_phone_number as user_pho4_21_, user0_.user_user_id as user_use5_21_, user0_.user_user_password as user_use6_21_ from user user0_ inner join characters character1_ on user0_.character_id=character1_.character_id where user0_.user_user_id=?
Hibernate: select character0_.character_id as characte1_6_0_, character0_.character_character_name as characte2_6_0_ from characters character0_ where character0_.character_id=?
Hibernate: select rewardtagw0_.user_id as user_id4_16_0_, rewardtagw0_.reward_tag_wrapper_reward_id as reward_t1_16_0_, rewardtagw0_.reward_tag_wrapper_reward_id as reward_t1_16_1_, rewardtagw0_.reward_tag_wrapper_reward_presented_at as reward_t2_16_1_, rewardtagw0_.reward_tag_reward_tag_id as reward_t3_16_1_, rewardtagw0_.user_id as user_id4_16_1_ from reward_tag_wrapper rewardtagw0_ where rewardtagw0_.user_id=?
Hibernate: select user0_.user_id as user_id1_21_0_, user0_.character_id as characte7_21_0_, user0_.user_created_at as user_cre2_21_0_, user0_.user_name as user_nam3_21_0_, user0_.user_phone_number as user_pho4_21_0_, user0_.user_user_id as user_use5_21_0_, user0_.user_user_password as user_use6_21_0_ from user user0_ where user0_.user_id=?
Hibernate: select character0_.character_id as characte1_6_0_, character0_.character_character_name as characte2_6_0_ from characters character0_ where character0_.character_id=?
Hibernate: select count(*) as col_0_0_ from user user0_ where user0_.user_id=?
Hibernate: select character1_.character_id as characte1_6_, character1_.character_character_name as characte2_6_ from user user0_ inner join characters character1_ on user0_.character_id=character1_.character_id where user0_.user_id=?
Hibernate: select permission0_.character_id as characte6_12_0_, permission0_.permission_id as permissi1_12_0_, permission0_.permission_id as permissi1_12_1_, permission0_.character_id as characte6_12_1_, permission0_.permission_name as permissi2_12_1_, permission0_.permission_permission_unit_id as permissi3_12_1_, permission0_.permission_service as permissi4_12_1_, permission0_.permission_status as permissi5_12_1_ from permission permission0_ where permission0_.character_id=?
Hibernate: select count(*) as col_0_0_ from user user0_ where user0_.user_id=?
Hibernate: select user0_.user_id as user_id1_21_, user0_.character_id as characte7_21_, user0_.user_created_at as user_cre2_21_, user0_.user_name as user_nam3_21_, user0_.user_phone_number as user_pho4_21_, user0_.user_user_id as user_use5_21_, user0_.user_user_password as user_use6_21_ from user user0_ where user0_.user_id=?
Hibernate: select character0_.character_id as characte1_6_0_, character0_.character_character_name as characte2_6_0_ from characters character0_ where character0_.character_id=?
Hibernate: select rewardtagw0_.user_id as user_id4_16_0_, rewardtagw0_.reward_tag_wrapper_reward_id as reward_t1_16_0_, rewardtagw0_.reward_tag_wrapper_reward_id as reward_t1_16_1_, rewardtagw0_.reward_tag_wrapper_reward_presented_at as reward_t2_16_1_, rewardtagw0_.reward_tag_reward_tag_id as reward_t3_16_1_, rewardtagw0_.user_id as user_id4_16_1_ from reward_tag_wrapper rewardtagw0_ where rewardtagw0_.user_id=?
Hibernate: select attendance0_.attendance_user_attendance_user_id as col_0_0_ from attendance_user attendance0_ where attendance0_.user_id=? limit ?
Hibernate: DELETE FROM USER WHERE USER_ID = ?
Hibernate: select user0_.user_id as col_0_0_ from user user0_ where user0_.user_user_id=? limit ?
Hibernate: select user0_.user_id as col_0_0_ from user user0_ where user0_.user_user_id=? limit ?
Hibernate: select user0_.user_id as user_id1_21_, user0_.character_id as characte7_21_, user0_.user_created_at as user_cre2_21_, user0_.user_name as user_nam3_21_, user0_.user_phone_number as user_pho4_21_, user0_.user_user_id as user_use5_21_, user0_.user_user_password as user_use6_21_ from user user0_ inner join characters character1_ on user0_.character_id=character1_.character_id where user0_.user_user_id=?
Hibernate: select character0_.character_id as characte1_6_0_, character0_.character_character_name as characte2_6_0_ from characters character0_ where character0_.character_id=?
Hibernate: select rewardtagw0_.user_id as user_id4_16_0_, rewardtagw0_.reward_tag_wrapper_reward_id as reward_t1_16_0_, rewardtagw0_.reward_tag_wrapper_reward_id as reward_t1_16_1_, rewardtagw0_.reward_tag_wrapper_reward_presented_at as reward_t2_16_1_, rewardtagw0_.reward_tag_reward_tag_id as reward_t3_16_1_, rewardtagw0_.user_id as user_id4_16_1_ from reward_tag_wrapper rewardtagw0_ where rewardtagw0_.user_id=?
Hibernate: select user0_.user_id as user_id1_21_0_, user0_.character_id as characte7_21_0_, user0_.user_created_at as user_cre2_21_0_, user0_.user_name as user_nam3_21_0_, user0_.user_phone_number as user_pho4_21_0_, user0_.user_user_id as user_use5_21_0_, user0_.user_user_password as user_use6_21_0_ from user user0_ where user0_.user_id=?
Hibernate: select character0_.character_id as characte1_6_0_, character0_.character_character_name as characte2_6_0_ from characters character0_ where character0_.character_id=?
Hibernate: select count(*) as col_0_0_ from user user0_ where user0_.user_id=?
Hibernate: select character1_.character_id as characte1_6_, character1_.character_character_name as characte2_6_ from user user0_ inner join characters character1_ on user0_.character_id=character1_.character_id where user0_.user_id=?
Hibernate: select permission0_.character_id as characte6_12_0_, permission0_.permission_id as permissi1_12_0_, permission0_.permission_id as permissi1_12_1_, permission0_.character_id as characte6_12_1_, permission0_.permission_name as permissi2_12_1_, permission0_.permission_permission_unit_id as permissi3_12_1_, permission0_.permission_service as permissi4_12_1_, permission0_.permission_status as permissi5_12_1_ from permission permission0_ where permission0_.character_id=?
Hibernate: select count(*) as col_0_0_ from user user0_ where user0_.user_id=?
Hibernate: select user0_.user_id as user_id1_21_, user0_.character_id as characte7_21_, user0_.user_created_at as user_cre2_21_, user0_.user_name as user_nam3_21_, user0_.user_phone_number as user_pho4_21_, user0_.user_user_id as user_use5_21_, user0_.user_user_password as user_use6_21_ from user user0_ where user0_.user_id=?
Hibernate: select character0_.character_id as characte1_6_0_, character0_.character_character_name as characte2_6_0_ from characters character0_ where character0_.character_id=?
Hibernate: select rewardtagw0_.user_id as user_id4_16_0_, rewardtagw0_.reward_tag_wrapper_reward_id as reward_t1_16_0_, rewardtagw0_.reward_tag_wrapper_reward_id as reward_t1_16_1_, rewardtagw0_.reward_tag_wrapper_reward_presented_at as reward_t2_16_1_, rewardtagw0_.reward_tag_reward_tag_id as reward_t3_16_1_, rewardtagw0_.user_id as user_id4_16_1_ from reward_tag_wrapper rewardtagw0_ where rewardtagw0_.user_id=?
Hibernate: select attendance0_.attendance_user_attendance_user_id as col_0_0_ from attendance_user attendance0_ where attendance0_.user_id=? limit ?
Hibernate: DELETE FROM USER WHERE USER_ID = ?
Hibernate: select user0_.user_id as col_0_0_ from user user0_ where user0_.user_user_id=? limit ?
Hibernate: select user0_.user_id as col_0_0_ from user user0_ where user0_.user_user_id=? limit ?
Hibernate: select user0_.user_id as col_0_0_ from user user0_ where user0_.user_user_id=? limit ?
Hibernate: select U.* from USER U where U.USER_USER_ID =?
Hibernate: select character0_.character_id as characte1_6_0_, character0_.character_character_name as characte2_6_0_ from characters character0_ where character0_.character_id=?
Hibernate: select user0_.user_id as user_id1_21_0_, user0_.character_id as characte7_21_0_, user0_.user_created_at as user_cre2_21_0_, user0_.user_name as user_nam3_21_0_, user0_.user_phone_number as user_pho4_21_0_, user0_.user_user_id as user_use5_21_0_, user0_.user_user_password as user_use6_21_0_ from user user0_ where user0_.user_id=?
Hibernate: select character0_.character_id as characte1_6_0_, character0_.character_character_name as characte2_6_0_ from characters character0_ where character0_.character_id=?
Hibernate: select count(*) as col_0_0_ from team_building teambuildi0_
Hibernate: select count(*) as col_0_0_ from team_building teambuildi0_
Hibernate: select user0_.user_id as col_0_0_ from user user0_ where user0_.user_user_id=? limit ?
Hibernate: select user0_.user_id as col_0_0_ from user user0_ where user0_.user_user_id=? limit ?
Hibernate: select U.* from USER U where U.USER_USER_ID =?
Hibernate: select character0_.character_id as characte1_6_0_, character0_.character_character_name as characte2_6_0_ from characters character0_ where character0_.character_id=?
Hibernate: select user0_.user_id as col_0_0_ from user user0_ where user0_.user_user_id=? limit ?
Hibernate: select user0_.user_id as col_0_0_ from user user0_ where user0_.user_user_id=? limit ?
Hibernate: select U.* from USER U where U.USER_USER_ID =?
Hibernate: select character0_.character_id as characte1_6_0_, character0_.character_character_name as characte2_6_0_ from characters character0_ where character0_.character_id=?
Hibernate: select user0_.user_id as col_0_0_ from user user0_ where user0_.user_user_id=? limit ?
Hibernate: select user0_.user_id as col_0_0_ from user user0_ where user0_.user_user_id=? limit ?
Hibernate: select U.* from USER U where U.USER_USER_ID =?
Hibernate: select character0_.character_id as characte1_6_0_, character0_.character_character_name as characte2_6_0_ from characters character0_ where character0_.character_id=?
Hibernate: select user0_.user_id as col_0_0_ from user user0_ where user0_.user_user_id=? limit ?
Hibernate: select userjoinin0_.user_joining_pool_id as col_0_0_ from user_joining_pool userjoinin0_ where userjoinin0_.user_user_id=? limit ?
Hibernate: select character0_.character_id as col_0_0_ from characters character0_ where character0_.character_character_name=? limit ?
Hibernate: insert into user_joining_pool (user_joining_pool_id, user_created_at, user_name, user_phone_number, user_user_id, user_user_password) values (default, ?, ?, ?, ?, ?)
Hibernate: select user0_.user_id as user_id1_21_0_, user0_.character_id as characte7_21_0_, user0_.user_created_at as user_cre2_21_0_, user0_.user_name as user_nam3_21_0_, user0_.user_phone_number as user_pho4_21_0_, user0_.user_user_id as user_use5_21_0_, user0_.user_user_password as user_use6_21_0_ from user user0_ where user0_.user_id=?
Hibernate: select character0_.character_id as characte1_6_0_, character0_.character_character_name as characte2_6_0_ from characters character0_ where character0_.character_id=?
Hibernate: select count(*) as col_0_0_ from user user0_ where user0_.user_id=?
Hibernate: select character1_.character_id as characte1_6_, character1_.character_character_name as characte2_6_ from user user0_ inner join characters character1_ on user0_.character_id=character1_.character_id where user0_.user_id=?
Hibernate: select permission0_.character_id as characte6_12_0_, permission0_.permission_id as permissi1_12_0_, permission0_.permission_id as permissi1_12_1_, permission0_.character_id as characte6_12_1_, permission0_.permission_name as permissi2_12_1_, permission0_.permission_permission_unit_id as permissi3_12_1_, permission0_.permission_service as permissi4_12_1_, permission0_.permission_status as permissi5_12_1_ from permission permission0_ where permission0_.character_id=?
Hibernate: select userjoinin0_.user_joining_pool_id as col_0_0_ from user_joining_pool userjoinin0_ where userjoinin0_.user_user_id=? limit ?
Hibernate: select userjoinin0_.user_joining_pool_id as user_joi1_22_, userjoinin0_.user_created_at as user_cre2_22_, userjoinin0_.user_name as user_nam3_22_, userjoinin0_.user_phone_number as user_pho4_22_, userjoinin0_.user_user_id as user_use5_22_, userjoinin0_.user_user_password as user_use6_22_ from user_joining_pool userjoinin0_ where userjoinin0_.user_user_id=?
Hibernate: select character0_.character_id as characte1_6_, character0_.character_character_name as characte2_6_ from characters character0_ where character0_.character_character_name=?
Hibernate: insert into user (user_id, character_id, user_created_at, user_name, user_phone_number, user_user_id, user_user_password) values (default, ?, ?, ?, ?, ?, ?)
Hibernate: DELETE FROM USER_JOINING_POOL as JU where JU.USER_USER_ID =?
Hibernate: select user0_.user_id as col_0_0_ from user user0_ where user0_.user_user_id=? limit ?
Hibernate: select user0_.user_id as col_0_0_ from user user0_ where user0_.user_user_id=? limit ?
Hibernate: select U.* from USER U where U.USER_USER_ID =?
Hibernate: select character0_.character_id as characte1_6_0_, character0_.character_character_name as characte2_6_0_ from characters character0_ where character0_.character_id=?
Hibernate: select user0_.user_id as col_0_0_ from user user0_ where user0_.user_user_id=? limit ?
Hibernate: select userjoinin0_.user_joining_pool_id as col_0_0_ from user_joining_pool userjoinin0_ where userjoinin0_.user_user_id=? limit ?
Hibernate: select character0_.character_id as col_0_0_ from characters character0_ where character0_.character_character_name=? limit ?
Hibernate: insert into user_joining_pool (user_joining_pool_id, user_created_at, user_name, user_phone_number, user_user_id, user_user_password) values (default, ?, ?, ?, ?, ?)
Hibernate: select user0_.user_id as user_id1_21_0_, user0_.character_id as characte7_21_0_, user0_.user_created_at as user_cre2_21_0_, user0_.user_name as user_nam3_21_0_, user0_.user_phone_number as user_pho4_21_0_, user0_.user_user_id as user_use5_21_0_, user0_.user_user_password as user_use6_21_0_ from user user0_ where user0_.user_id=?
Hibernate: select character0_.character_id as characte1_6_0_, character0_.character_character_name as characte2_6_0_ from characters character0_ where character0_.character_id=?
Hibernate: select count(*) as col_0_0_ from user user0_ where user0_.user_id=?
Hibernate: select character1_.character_id as characte1_6_, character1_.character_character_name as characte2_6_ from user user0_ inner join characters character1_ on user0_.character_id=character1_.character_id where user0_.user_id=?
Hibernate: select permission0_.character_id as characte6_12_0_, permission0_.permission_id as permissi1_12_0_, permission0_.permission_id as permissi1_12_1_, permission0_.character_id as characte6_12_1_, permission0_.permission_name as permissi2_12_1_, permission0_.permission_permission_unit_id as permissi3_12_1_, permission0_.permission_service as permissi4_12_1_, permission0_.permission_status as permissi5_12_1_ from permission permission0_ where permission0_.character_id=?
Hibernate: select userjoinin0_.user_joining_pool_id as col_0_0_ from user_joining_pool userjoinin0_ where userjoinin0_.user_user_id=? limit ?
Hibernate: select userjoinin0_.user_joining_pool_id as user_joi1_22_, userjoinin0_.user_created_at as user_cre2_22_, userjoinin0_.user_name as user_nam3_22_, userjoinin0_.user_phone_number as user_pho4_22_, userjoinin0_.user_user_id as user_use5_22_, userjoinin0_.user_user_password as user_use6_22_ from user_joining_pool userjoinin0_ where userjoinin0_.user_user_id=?
Hibernate: select character0_.character_id as characte1_6_, character0_.character_character_name as characte2_6_ from characters character0_ where character0_.character_character_name=?
Hibernate: insert into user (user_id, character_id, user_created_at, user_name, user_phone_number, user_user_id, user_user_password) values (default, ?, ?, ?, ?, ?, ?)
Hibernate: DELETE FROM USER_JOINING_POOL as JU where JU.USER_USER_ID =?
Hibernate: select user0_.user_id as col_0_0_ from user user0_ where user0_.user_user_id=? limit ?
Hibernate: select user0_.user_id as col_0_0_ from user user0_ where user0_.user_user_id=? limit ?
Hibernate: select U.* from USER U where U.USER_USER_ID =?
Hibernate: select character0_.character_id as characte1_6_0_, character0_.character_character_name as characte2_6_0_ from characters character0_ where character0_.character_id=?
Hibernate: select user0_.user_id as col_0_0_ from user user0_ where user0_.user_user_id=? limit ?
Hibernate: select userjoinin0_.user_joining_pool_id as col_0_0_ from user_joining_pool userjoinin0_ where userjoinin0_.user_user_id=? limit ?
Hibernate: select character0_.character_id as col_0_0_ from characters character0_ where character0_.character_character_name=? limit ?
Hibernate: insert into user_joining_pool (user_joining_pool_id, user_created_at, user_name, user_phone_number, user_user_id, user_user_password) values (default, ?, ?, ?, ?, ?)
Hibernate: select user0_.user_id as user_id1_21_0_, user0_.character_id as characte7_21_0_, user0_.user_created_at as user_cre2_21_0_, user0_.user_name as user_nam3_21_0_, user0_.user_phone_number as user_pho4_21_0_, user0_.user_user_id as user_use5_21_0_, user0_.user_user_password as user_use6_21_0_ from user user0_ where user0_.user_id=?
Hibernate: select character0_.character_id as characte1_6_0_, character0_.character_character_name as characte2_6_0_ from characters character0_ where character0_.character_id=?
Hibernate: select count(*) as col_0_0_ from user user0_ where user0_.user_id=?
Hibernate: select character1_.character_id as characte1_6_, character1_.character_character_name as characte2_6_ from user user0_ inner join characters character1_ on user0_.character_id=character1_.character_id where user0_.user_id=?
Hibernate: select permission0_.character_id as characte6_12_0_, permission0_.permission_id as permissi1_12_0_, permission0_.permission_id as permissi1_12_1_, permission0_.character_id as characte6_12_1_, permission0_.permission_name as permissi2_12_1_, permission0_.permission_permission_unit_id as permissi3_12_1_, permission0_.permission_service as permissi4_12_1_, permission0_.permission_status as permissi5_12_1_ from permission permission0_ where permission0_.character_id=?
Hibernate: select userjoinin0_.user_joining_pool_id as col_0_0_ from user_joining_pool userjoinin0_ where userjoinin0_.user_user_id=? limit ?
Hibernate: select userjoinin0_.user_joining_pool_id as user_joi1_22_, userjoinin0_.user_created_at as user_cre2_22_, userjoinin0_.user_name as user_nam3_22_, userjoinin0_.user_phone_number as user_pho4_22_, userjoinin0_.user_user_id as user_use5_22_, userjoinin0_.user_user_password as user_use6_22_ from user_joining_pool userjoinin0_ where userjoinin0_.user_user_id=?
Hibernate: select character0_.character_id as characte1_6_, character0_.character_character_name as characte2_6_ from characters character0_ where character0_.character_character_name=?
Hibernate: insert into user (user_id, character_id, user_created_at, user_name, user_phone_number, user_user_id, user_user_password) values (default, ?, ?, ?, ?, ?, ?)
Hibernate: DELETE FROM USER_JOINING_POOL as JU where JU.USER_USER_ID =?
Hibernate: select user0_.user_id as col_0_0_ from user user0_ where user0_.user_user_id=? limit ?
Hibernate: select user0_.user_id as col_0_0_ from user user0_ where user0_.user_user_id=? limit ?
Hibernate: select U.* from USER U where U.USER_USER_ID =?
Hibernate: select character0_.character_id as characte1_6_0_, character0_.character_character_name as characte2_6_0_ from characters character0_ where character0_.character_id=?
Hibernate: select user0_.user_id as col_0_0_ from user user0_ where user0_.user_user_id=? limit ?
Hibernate: select userjoinin0_.user_joining_pool_id as col_0_0_ from user_joining_pool userjoinin0_ where userjoinin0_.user_user_id=? limit ?
Hibernate: select character0_.character_id as col_0_0_ from characters character0_ where character0_.character_character_name=? limit ?
Hibernate: insert into user_joining_pool (user_joining_pool_id, user_created_at, user_name, user_phone_number, user_user_id, user_user_password) values (default, ?, ?, ?, ?, ?)
Hibernate: select user0_.user_id as user_id1_21_0_, user0_.character_id as characte7_21_0_, user0_.user_created_at as user_cre2_21_0_, user0_.user_name as user_nam3_21_0_, user0_.user_phone_number as user_pho4_21_0_, user0_.user_user_id as user_use5_21_0_, user0_.user_user_password as user_use6_21_0_ from user user0_ where user0_.user_id=?
Hibernate: select character0_.character_id as characte1_6_0_, character0_.character_character_name as characte2_6_0_ from characters character0_ where character0_.character_id=?
Hibernate: select count(*) as col_0_0_ from user user0_ where user0_.user_id=?
Hibernate: select character1_.character_id as characte1_6_, character1_.character_character_name as characte2_6_ from user user0_ inner join characters character1_ on user0_.character_id=character1_.character_id where user0_.user_id=?
Hibernate: select permission0_.character_id as characte6_12_0_, permission0_.permission_id as permissi1_12_0_, permission0_.permission_id as permissi1_12_1_, permission0_.character_id as characte6_12_1_, permission0_.permission_name as permissi2_12_1_, permission0_.permission_permission_unit_id as permissi3_12_1_, permission0_.permission_service as permissi4_12_1_, permission0_.permission_status as permissi5_12_1_ from permission permission0_ where permission0_.character_id=?
Hibernate: select userjoinin0_.user_joining_pool_id as col_0_0_ from user_joining_pool userjoinin0_ where userjoinin0_.user_user_id=? limit ?
Hibernate: select userjoinin0_.user_joining_pool_id as user_joi1_22_, userjoinin0_.user_created_at as user_cre2_22_, userjoinin0_.user_name as user_nam3_22_, userjoinin0_.user_phone_number as user_pho4_22_, userjoinin0_.user_user_id as user_use5_22_, userjoinin0_.user_user_password as user_use6_22_ from user_joining_pool userjoinin0_ where userjoinin0_.user_user_id=?
Hibernate: select character0_.character_id as characte1_6_, character0_.character_character_name as characte2_6_ from characters character0_ where character0_.character_character_name=?
Hibernate: insert into user (user_id, character_id, user_created_at, user_name, user_phone_number, user_user_id, user_user_password) values (default, ?, ?, ?, ?, ?, ?)
Hibernate: DELETE FROM USER_JOINING_POOL as JU where JU.USER_USER_ID =?
Hibernate: select user0_.user_id as col_0_0_ from user user0_ where user0_.user_user_id=? limit ?
Hibernate: select user0_.user_id as col_0_0_ from user user0_ where user0_.user_user_id=? limit ?
Hibernate: select U.* from USER U where U.USER_USER_ID =?
Hibernate: select character0_.character_id as characte1_6_0_, character0_.character_character_name as characte2_6_0_ from characters character0_ where character0_.character_id=?
Hibernate: select user0_.user_id as col_0_0_ from user user0_ where user0_.user_user_id=? limit ?
Hibernate: select userjoinin0_.user_joining_pool_id as col_0_0_ from user_joining_pool userjoinin0_ where userjoinin0_.user_user_id=? limit ?
Hibernate: select character0_.character_id as col_0_0_ from characters character0_ where character0_.character_character_name=? limit ?
Hibernate: insert into user_joining_pool (user_joining_pool_id, user_created_at, user_name, user_phone_number, user_user_id, user_user_password) values (default, ?, ?, ?, ?, ?)
Hibernate: select user0_.user_id as user_id1_21_0_, user0_.character_id as characte7_21_0_, user0_.user_created_at as user_cre2_21_0_, user0_.user_name as user_nam3_21_0_, user0_.user_phone_number as user_pho4_21_0_, user0_.user_user_id as user_use5_21_0_, user0_.user_user_password as user_use6_21_0_ from user user0_ where user0_.user_id=?
Hibernate: select character0_.character_id as characte1_6_0_, character0_.character_character_name as characte2_6_0_ from characters character0_ where character0_.character_id=?
Hibernate: select count(*) as col_0_0_ from user user0_ where user0_.user_id=?
Hibernate: select character1_.character_id as characte1_6_, character1_.character_character_name as characte2_6_ from user user0_ inner join characters character1_ on user0_.character_id=character1_.character_id where user0_.user_id=?
Hibernate: select permission0_.character_id as characte6_12_0_, permission0_.permission_id as permissi1_12_0_, permission0_.permission_id as permissi1_12_1_, permission0_.character_id as characte6_12_1_, permission0_.permission_name as permissi2_12_1_, permission0_.permission_permission_unit_id as permissi3_12_1_, permission0_.permission_service as permissi4_12_1_, permission0_.permission_status as permissi5_12_1_ from permission permission0_ where permission0_.character_id=?
Hibernate: select userjoinin0_.user_joining_pool_id as col_0_0_ from user_joining_pool userjoinin0_ where userjoinin0_.user_user_id=? limit ?
Hibernate: select userjoinin0_.user_joining_pool_id as user_joi1_22_, userjoinin0_.user_created_at as user_cre2_22_, userjoinin0_.user_name as user_nam3_22_, userjoinin0_.user_phone_number as user_pho4_22_, userjoinin0_.user_user_id as user_use5_22_, userjoinin0_.user_user_password as user_use6_22_ from user_joining_pool userjoinin0_ where userjoinin0_.user_user_id=?
Hibernate: select character0_.character_id as characte1_6_, character0_.character_character_name as characte2_6_ from characters character0_ where character0_.character_character_name=?
Hibernate: insert into user (user_id, character_id, user_created_at, user_name, user_phone_number, user_user_id, user_user_password) values (default, ?, ?, ?, ?, ?, ?)
Hibernate: DELETE FROM USER_JOINING_POOL as JU where JU.USER_USER_ID =?
Hibernate: select user0_.user_id as user_id1_21_0_, user0_.character_id as characte7_21_0_, user0_.user_created_at as user_cre2_21_0_, user0_.user_name as user_nam3_21_0_, user0_.user_phone_number as user_pho4_21_0_, user0_.user_user_id as user_use5_21_0_, user0_.user_user_password as user_use6_21_0_ from user user0_ where user0_.user_id=?
Hibernate: select character0_.character_id as characte1_6_0_, character0_.character_character_name as characte2_6_0_ from characters character0_ where character0_.character_id=?
Hibernate: select count(*) as col_0_0_ from user user0_ where user0_.user_id=?
Hibernate: select character1_.character_id as characte1_6_, character1_.character_character_name as characte2_6_ from user user0_ inner join characters character1_ on user0_.character_id=character1_.character_id where user0_.user_id=?
Hibernate: select permission0_.character_id as characte6_12_0_, permission0_.permission_id as permissi1_12_0_, permission0_.permission_id as permissi1_12_1_, permission0_.character_id as characte6_12_1_, permission0_.permission_name as permissi2_12_1_, permission0_.permission_permission_unit_id as permissi3_12_1_, permission0_.permission_service as permissi4_12_1_, permission0_.permission_status as permissi5_12_1_ from permission permission0_ where permission0_.character_id=?
Hibernate: select user0_.user_id as col_0_0_ from user user0_ where user0_.user_user_id=? limit ?
Hibernate: select user0_.user_id as col_0_0_ from user user0_ where user0_.user_user_id=? limit ?
Hibernate: select user0_.user_id as col_0_0_ from user user0_ where user0_.user_user_id=? limit ?
Hibernate: select user0_.user_id as col_0_0_ from user user0_ where user0_.user_user_id=? limit ?
Hibernate: select user0_.user_id as col_0_0_ from user user0_ where user0_.user_user_id=? limit ?
Hibernate: select user0_.user_id as user_id1_21_, user0_.character_id as characte7_21_, user0_.user_created_at as user_cre2_21_, user0_.user_name as user_nam3_21_, user0_.user_phone_number as user_pho4_21_, user0_.user_user_id as user_use5_21_, user0_.user_user_password as user_use6_21_ from user user0_ inner join characters character1_ on user0_.character_id=character1_.character_id where user0_.user_user_id=?
Hibernate: select character0_.character_id as characte1_6_0_, character0_.character_character_name as characte2_6_0_ from characters character0_ where character0_.character_id=?
Hibernate: select user0_.user_id as user_id1_21_, user0_.character_id as characte7_21_, user0_.user_created_at as user_cre2_21_, user0_.user_name as user_nam3_21_, user0_.user_phone_number as user_pho4_21_, user0_.user_user_id as user_use5_21_, user0_.user_user_password as user_use6_21_ from user user0_ inner join characters character1_ on user0_.character_id=character1_.character_id where user0_.user_user_id=?
Hibernate: select user0_.user_id as user_id1_21_, user0_.character_id as characte7_21_, user0_.user_created_at as user_cre2_21_, user0_.user_name as user_nam3_21_, user0_.user_phone_number as user_pho4_21_, user0_.user_user_id as user_use5_21_, user0_.user_user_password as user_use6_21_ from user user0_ inner join characters character1_ on user0_.character_id=character1_.character_id where user0_.user_user_id=?
Hibernate: select user0_.user_id as user_id1_21_, user0_.character_id as characte7_21_, user0_.user_created_at as user_cre2_21_, user0_.user_name as user_nam3_21_, user0_.user_phone_number as user_pho4_21_, user0_.user_user_id as user_use5_21_, user0_.user_user_password as user_use6_21_ from user user0_ inner join characters character1_ on user0_.character_id=character1_.character_id where user0_.user_user_id=?
Hibernate: select user0_.user_id as user_id1_21_, user0_.character_id as characte7_21_, user0_.user_created_at as user_cre2_21_, user0_.user_name as user_nam3_21_, user0_.user_phone_number as user_pho4_21_, user0_.user_user_id as user_use5_21_, user0_.user_user_password as user_use6_21_ from user user0_ inner join characters character1_ on user0_.character_id=character1_.character_id where user0_.user_user_id=?
Hibernate: insert into team_building (team_building_team_building_id, team_building_created_at, team_building_last_modified_at, team_building_team_building_title) values (default, ?, ?, ?)
Hibernate: insert into team (team_team_id, team_last_modified_at, team_building_team_building_id, team_team_name) values (default, ?, ?, ?)
Hibernate: insert into team_user (team_user_id, team_team_id, user_id) values (default, ?, ?)
Hibernate: insert into team_user (team_user_id, team_team_id, user_id) values (default, ?, ?)
Hibernate: insert into team_user (team_user_id, team_team_id, user_id) values (default, ?, ?)
Hibernate: insert into team (team_team_id, team_last_modified_at, team_building_team_building_id, team_team_name) values (default, ?, ?, ?)
Hibernate: insert into team_user (team_user_id, team_team_id, user_id) values (default, ?, ?)
Hibernate: insert into team_user (team_user_id, team_team_id, user_id) values (default, ?, ?)
Hibernate: select user0_.user_id as user_id1_21_0_, user0_.character_id as characte7_21_0_, user0_.user_created_at as user_cre2_21_0_, user0_.user_name as user_nam3_21_0_, user0_.user_phone_number as user_pho4_21_0_, user0_.user_user_id as user_use5_21_0_, user0_.user_user_password as user_use6_21_0_ from user user0_ where user0_.user_id=?
Hibernate: select character0_.character_id as characte1_6_0_, character0_.character_character_name as characte2_6_0_ from characters character0_ where character0_.character_id=?
Hibernate: select count(*) as col_0_0_ from team_building teambuildi0_
Hibernate: select count(*) as col_0_0_ from team_building teambuildi0_
Hibernate: select teambuildi0_.team_building_team_building_id as team_bui1_19_, teambuildi0_.team_building_created_at as team_bui2_19_, teambuildi0_.team_building_last_modified_at as team_bui3_19_, teambuildi0_.team_building_team_building_title as team_bui4_19_ from team_building teambuildi0_ order by teambuildi0_.team_building_created_at desc, teambuildi0_.team_building_team_building_id desc limit ?
Hibernate: select teamlist0_.team_building_team_building_id as team_bui4_18_0_, teamlist0_.team_team_id as team_tea1_18_0_, teamlist0_.team_team_id as team_tea1_18_1_, teamlist0_.team_last_modified_at as team_las2_18_1_, teamlist0_.team_building_team_building_id as team_bui4_18_1_, teamlist0_.team_team_name as team_tea3_18_1_ from team teamlist0_ where teamlist0_.team_building_team_building_id=?
Hibernate: select teamuserli0_.team_team_id as team_tea2_20_0_, teamuserli0_.team_user_id as team_use1_20_0_, teamuserli0_.team_user_id as team_use1_20_1_, teamuserli0_.team_team_id as team_tea2_20_1_, teamuserli0_.user_id as user_id3_20_1_ from team_user teamuserli0_ where teamuserli0_.team_team_id=?
Hibernate: select user0_.user_id as user_id1_21_0_, user0_.character_id as characte7_21_0_, user0_.user_created_at as user_cre2_21_0_, user0_.user_name as user_nam3_21_0_, user0_.user_phone_number as user_pho4_21_0_, user0_.user_user_id as user_use5_21_0_, user0_.user_user_password as user_use6_21_0_ from user user0_ where user0_.user_id=?
Hibernate: select character0_.character_id as characte1_6_0_, character0_.character_character_name as characte2_6_0_ from characters character0_ where character0_.character_id=?
Hibernate: select user0_.user_id as user_id1_21_0_, user0_.character_id as characte7_21_0_, user0_.user_created_at as user_cre2_21_0_, user0_.user_name as user_nam3_21_0_, user0_.user_phone_number as user_pho4_21_0_, user0_.user_user_id as user_use5_21_0_, user0_.user_user_password as user_use6_21_0_ from user user0_ where user0_.user_id=?
Hibernate: select user0_.user_id as user_id1_21_0_, user0_.character_id as characte7_21_0_, user0_.user_created_at as user_cre2_21_0_, user0_.user_name as user_nam3_21_0_, user0_.user_phone_number as user_pho4_21_0_, user0_.user_user_id as user_use5_21_0_, user0_.user_user_password as user_use6_21_0_ from user user0_ where user0_.user_id=?
Hibernate: select teamuserli0_.team_team_id as team_tea2_20_0_, teamuserli0_.team_user_id as team_use1_20_0_, teamuserli0_.team_user_id as team_use1_20_1_, teamuserli0_.team_team_id as team_tea2_20_1_, teamuserli0_.user_id as user_id3_20_1_ from team_user teamuserli0_ where teamuserli0_.team_team_id=?
Hibernate: select user0_.user_id as user_id1_21_0_, user0_.character_id as characte7_21_0_, user0_.user_created_at as user_cre2_21_0_, user0_.user_name as user_nam3_21_0_, user0_.user_phone_number as user_pho4_21_0_, user0_.user_user_id as user_use5_21_0_, user0_.user_user_password as user_use6_21_0_ from user user0_ where user0_.user_id=?
Hibernate: select user0_.user_id as user_id1_21_0_, user0_.character_id as characte7_21_0_, user0_.user_created_at as user_cre2_21_0_, user0_.user_name as user_nam3_21_0_, user0_.user_phone_number as user_pho4_21_0_, user0_.user_user_id as user_use5_21_0_, user0_.user_user_password as user_use6_21_0_ from user user0_ where user0_.user_id=?
Hibernate: select user0_.user_id as user_id1_21_0_, user0_.character_id as characte7_21_0_, user0_.user_created_at as user_cre2_21_0_, user0_.user_name as user_nam3_21_0_, user0_.user_phone_number as user_pho4_21_0_, user0_.user_user_id as user_use5_21_0_, user0_.user_user_password as user_use6_21_0_ from user user0_ where user0_.user_id=?
Hibernate: select character0_.character_id as characte1_6_0_, character0_.character_character_name as characte2_6_0_ from characters character0_ where character0_.character_id=?
Hibernate: select count(*) as col_0_0_ from user user0_ where user0_.user_id=?
Hibernate: select character1_.character_id as characte1_6_, character1_.character_character_name as characte2_6_ from user user0_ inner join characters character1_ on user0_.character_id=character1_.character_id where user0_.user_id=?
Hibernate: select permission0_.character_id as characte6_12_0_, permission0_.permission_id as permissi1_12_0_, permission0_.permission_id as permissi1_12_1_, permission0_.character_id as characte6_12_1_, permission0_.permission_name as permissi2_12_1_, permission0_.permission_permission_unit_id as permissi3_12_1_, permission0_.permission_service as permissi4_12_1_, permission0_.permission_status as permissi5_12_1_ from permission permission0_ where permission0_.character_id=?
Hibernate: select count(*) as col_0_0_ from team_building teambuildi0_ where teambuildi0_.team_building_team_building_id=?
Hibernate: SELECT * FROM TEAM WHERE TEAM_BUILDING_TEAM_BUILDING_ID = ?
Hibernate: select teambuildi0_.team_building_team_building_id as team_bui1_19_0_, teambuildi0_.team_building_created_at as team_bui2_19_0_, teambuildi0_.team_building_last_modified_at as team_bui3_19_0_, teambuildi0_.team_building_team_building_title as team_bui4_19_0_ from team_building teambuildi0_ where teambuildi0_.team_building_team_building_id=?
Hibernate: select teamuserli0_.team_team_id as team_tea2_20_0_, teamuserli0_.team_user_id as team_use1_20_0_, teamuserli0_.team_user_id as team_use1_20_1_, teamuserli0_.team_team_id as team_tea2_20_1_, teamuserli0_.user_id as user_id3_20_1_ from team_user teamuserli0_ where teamuserli0_.team_team_id=?
Hibernate: select user0_.user_id as user_id1_21_0_, user0_.character_id as characte7_21_0_, user0_.user_created_at as user_cre2_21_0_, user0_.user_name as user_nam3_21_0_, user0_.user_phone_number as user_pho4_21_0_, user0_.user_user_id as user_use5_21_0_, user0_.user_user_password as user_use6_21_0_ from user user0_ where user0_.user_id=?
Hibernate: select character0_.character_id as characte1_6_0_, character0_.character_character_name as characte2_6_0_ from characters character0_ where character0_.character_id=?
Hibernate: select user0_.user_id as user_id1_21_0_, user0_.character_id as characte7_21_0_, user0_.user_created_at as user_cre2_21_0_, user0_.user_name as user_nam3_21_0_, user0_.user_phone_number as user_pho4_21_0_, user0_.user_user_id as user_use5_21_0_, user0_.user_user_password as user_use6_21_0_ from user user0_ where user0_.user_id=?
Hibernate: select user0_.user_id as user_id1_21_0_, user0_.character_id as characte7_21_0_, user0_.user_created_at as user_cre2_21_0_, user0_.user_name as user_nam3_21_0_, user0_.user_phone_number as user_pho4_21_0_, user0_.user_user_id as user_use5_21_0_, user0_.user_user_password as user_use6_21_0_ from user user0_ where user0_.user_id=?
Hibernate: select teamuserli0_.team_team_id as team_tea2_20_0_, teamuserli0_.team_user_id as team_use1_20_0_, teamuserli0_.team_user_id as team_use1_20_1_, teamuserli0_.team_team_id as team_tea2_20_1_, teamuserli0_.user_id as user_id3_20_1_ from team_user teamuserli0_ where teamuserli0_.team_team_id=?
Hibernate: select user0_.user_id as user_id1_21_0_, user0_.character_id as characte7_21_0_, user0_.user_created_at as user_cre2_21_0_, user0_.user_name as user_nam3_21_0_, user0_.user_phone_number as user_pho4_21_0_, user0_.user_user_id as user_use5_21_0_, user0_.user_user_password as user_use6_21_0_ from user user0_ where user0_.user_id=?
Hibernate: select user0_.user_id as user_id1_21_0_, user0_.character_id as characte7_21_0_, user0_.user_created_at as user_cre2_21_0_, user0_.user_name as user_nam3_21_0_, user0_.user_phone_number as user_pho4_21_0_, user0_.user_user_id as user_use5_21_0_, user0_.user_user_password as user_use6_21_0_ from user user0_ where user0_.user_id=?
Hibernate: select user0_.user_id as col_0_0_ from user user0_ where user0_.user_user_id=? limit ?
Hibernate: SELECT DISTINCT TU.USER_ID FROM TEAM_USER AS TU INNER JOIN TEAM AS T WHERE T.TEAM_BUILDING_TEAM_BUILDING_ID = ? AND TU.TEAM_TEAM_ID = T.TEAM_TEAM_ID

MockHttpServletRequest:
      HTTP Method = POST
      Request URI = /teambuilding/team/33
       Parameters = {}
          Headers = [Content-Type:"application/json;charset=UTF-8", Accept:"application/json", api-version:"1.0", Authorization:"Bearer eyJhbGciOiJIUzI1NiJ9.eyJzdWIiOiIxIiwiaWF0IjoxNjg3ODc3NDY5LCJleHAiOjE2ODc4ODEwNjl9.5GpcrqH17WaCEi6670WViYdxZ8Db7S7TQOeUs9MSnKg", Content-Length:"48"]
             Body = {"team_name":"frghnjmkl","members":["alcuk_id"]}
    Session Attrs = {}

Handler:
             Type = org.waldreg.controller.teambuilding.TeamBuildingController
           Method = org.waldreg.controller.teambuilding.TeamBuildingController#createTeam(int, TeamRequest)

Async:
    Async started = false
     Async result = null

Resolved Exception:
             Type = org.waldreg.teambuilding.exception.DuplicateUserSelectException

ModelAndView:
        View name = null
             View = null
            Model = null

FlashMap:
       Attributes = null

MockHttpServletResponse:
           Status = 400
    Error message = null
          Headers = [Vary:"Origin", "Access-Control-Request-Method", "Access-Control-Request-Headers", Api-version:"1.0", Content-Type:"application/json"]
     Content type = application/json
             Body = {"code":"TEAMBUILDING-409","messages":"Cannot add user \"alcuk_id\" in team cause already in other team","document_url":"docs.waldreg.org"}
    Forwarded URL = null
   Redirected URL = null
          Cookies = []
Hibernate: select user0_.user_id as col_0_0_ from user user0_ where user0_.user_user_id=? limit ?
Hibernate: select user0_.user_id as col_0_0_ from user user0_ where user0_.user_user_id=? limit ?
Hibernate: select U.* from USER U where U.USER_USER_ID =?
Hibernate: select character0_.character_id as characte1_6_0_, character0_.character_character_name as characte2_6_0_ from characters character0_ where character0_.character_id=?
Hibernate: select user0_.user_id as user_id1_21_0_, user0_.character_id as characte7_21_0_, user0_.user_created_at as user_cre2_21_0_, user0_.user_name as user_nam3_21_0_, user0_.user_phone_number as user_pho4_21_0_, user0_.user_user_id as user_use5_21_0_, user0_.user_user_password as user_use6_21_0_ from user user0_ where user0_.user_id=?
Hibernate: select character0_.character_id as characte1_6_0_, character0_.character_character_name as characte2_6_0_ from characters character0_ where character0_.character_id=?
Hibernate: select count(*) as col_0_0_ from team_building teambuildi0_
Hibernate: select count(*) as col_0_0_ from team_building teambuildi0_
Hibernate: select teambuildi0_.team_building_team_building_id as team_bui1_19_, teambuildi0_.team_building_created_at as team_bui2_19_, teambuildi0_.team_building_last_modified_at as team_bui3_19_, teambuildi0_.team_building_team_building_title as team_bui4_19_ from team_building teambuildi0_ order by teambuildi0_.team_building_created_at desc, teambuildi0_.team_building_team_building_id desc limit ?
Hibernate: select teamlist0_.team_building_team_building_id as team_bui4_18_0_, teamlist0_.team_team_id as team_tea1_18_0_, teamlist0_.team_team_id as team_tea1_18_1_, teamlist0_.team_last_modified_at as team_las2_18_1_, teamlist0_.team_building_team_building_id as team_bui4_18_1_, teamlist0_.team_team_name as team_tea3_18_1_ from team teamlist0_ where teamlist0_.team_building_team_building_id=?
Hibernate: select teamuserli0_.team_team_id as team_tea2_20_0_, teamuserli0_.team_user_id as team_use1_20_0_, teamuserli0_.team_user_id as team_use1_20_1_, teamuserli0_.team_team_id as team_tea2_20_1_, teamuserli0_.user_id as user_id3_20_1_ from team_user teamuserli0_ where teamuserli0_.team_team_id=?
Hibernate: select user0_.user_id as user_id1_21_0_, user0_.character_id as characte7_21_0_, user0_.user_created_at as user_cre2_21_0_, user0_.user_name as user_nam3_21_0_, user0_.user_phone_number as user_pho4_21_0_, user0_.user_user_id as user_use5_21_0_, user0_.user_user_password as user_use6_21_0_ from user user0_ where user0_.user_id=?
Hibernate: select character0_.character_id as characte1_6_0_, character0_.character_character_name as characte2_6_0_ from characters character0_ where character0_.character_id=?
Hibernate: select user0_.user_id as user_id1_21_0_, user0_.character_id as characte7_21_0_, user0_.user_created_at as user_cre2_21_0_, user0_.user_name as user_nam3_21_0_, user0_.user_phone_number as user_pho4_21_0_, user0_.user_user_id as user_use5_21_0_, user0_.user_user_password as user_use6_21_0_ from user user0_ where user0_.user_id=?
Hibernate: select user0_.user_id as user_id1_21_0_, user0_.character_id as characte7_21_0_, user0_.user_created_at as user_cre2_21_0_, user0_.user_name as user_nam3_21_0_, user0_.user_phone_number as user_pho4_21_0_, user0_.user_user_id as user_use5_21_0_, user0_.user_user_password as user_use6_21_0_ from user user0_ where user0_.user_id=?
Hibernate: select teamuserli0_.team_team_id as team_tea2_20_0_, teamuserli0_.team_user_id as team_use1_20_0_, teamuserli0_.team_user_id as team_use1_20_1_, teamuserli0_.team_team_id as team_tea2_20_1_, teamuserli0_.user_id as user_id3_20_1_ from team_user teamuserli0_ where teamuserli0_.team_team_id=?
Hibernate: select user0_.user_id as user_id1_21_0_, user0_.character_id as characte7_21_0_, user0_.user_created_at as user_cre2_21_0_, user0_.user_name as user_nam3_21_0_, user0_.user_phone_number as user_pho4_21_0_, user0_.user_user_id as user_use5_21_0_, user0_.user_user_password as user_use6_21_0_ from user user0_ where user0_.user_id=?
Hibernate: select user0_.user_id as user_id1_21_0_, user0_.character_id as characte7_21_0_, user0_.user_created_at as user_cre2_21_0_, user0_.user_name as user_nam3_21_0_, user0_.user_phone_number as user_pho4_21_0_, user0_.user_user_id as user_use5_21_0_, user0_.user_user_password as user_use6_21_0_ from user user0_ where user0_.user_id=?
Hibernate: select user0_.user_id as user_id1_21_0_, user0_.character_id as characte7_21_0_, user0_.user_created_at as user_cre2_21_0_, user0_.user_name as user_nam3_21_0_, user0_.user_phone_number as user_pho4_21_0_, user0_.user_user_id as user_use5_21_0_, user0_.user_user_password as user_use6_21_0_ from user user0_ where user0_.user_id=?
Hibernate: select character0_.character_id as characte1_6_0_, character0_.character_character_name as characte2_6_0_ from characters character0_ where character0_.character_id=?
Hibernate: select count(*) as col_0_0_ from user user0_ where user0_.user_id=?
Hibernate: select character1_.character_id as characte1_6_, character1_.character_character_name as characte2_6_ from user user0_ inner join characters character1_ on user0_.character_id=character1_.character_id where user0_.user_id=?
Hibernate: select permission0_.character_id as characte6_12_0_, permission0_.permission_id as permissi1_12_0_, permission0_.permission_id as permissi1_12_1_, permission0_.character_id as characte6_12_1_, permission0_.permission_name as permissi2_12_1_, permission0_.permission_permission_unit_id as permissi3_12_1_, permission0_.permission_service as permissi4_12_1_, permission0_.permission_status as permissi5_12_1_ from permission permission0_ where permission0_.character_id=?
Hibernate: select count(*) as col_0_0_ from team_building teambuildi0_ where teambuildi0_.team_building_team_building_id=?
Hibernate: select teambuildi0_.team_building_team_building_id as team_bui1_19_0_, teambuildi0_.team_building_created_at as team_bui2_19_0_, teambuildi0_.team_building_last_modified_at as team_bui3_19_0_, teambuildi0_.team_building_team_building_title as team_bui4_19_0_ from team_building teambuildi0_ where teambuildi0_.team_building_team_building_id=?
Hibernate: select teamlist0_.team_building_team_building_id as team_bui4_18_0_, teamlist0_.team_team_id as team_tea1_18_0_, teamlist0_.team_team_id as team_tea1_18_1_, teamlist0_.team_last_modified_at as team_las2_18_1_, teamlist0_.team_building_team_building_id as team_bui4_18_1_, teamlist0_.team_team_name as team_tea3_18_1_ from team teamlist0_ where teamlist0_.team_building_team_building_id=?
Hibernate: select teamuserli0_.team_team_id as team_tea2_20_0_, teamuserli0_.team_user_id as team_use1_20_0_, teamuserli0_.team_user_id as team_use1_20_1_, teamuserli0_.team_team_id as team_tea2_20_1_, teamuserli0_.user_id as user_id3_20_1_ from team_user teamuserli0_ where teamuserli0_.team_team_id=?
Hibernate: select user0_.user_id as user_id1_21_0_, user0_.character_id as characte7_21_0_, user0_.user_created_at as user_cre2_21_0_, user0_.user_name as user_nam3_21_0_, user0_.user_phone_number as user_pho4_21_0_, user0_.user_user_id as user_use5_21_0_, user0_.user_user_password as user_use6_21_0_ from user user0_ where user0_.user_id=?
Hibernate: select character0_.character_id as characte1_6_0_, character0_.character_character_name as characte2_6_0_ from characters character0_ where character0_.character_id=?
Hibernate: select user0_.user_id as user_id1_21_0_, user0_.character_id as characte7_21_0_, user0_.user_created_at as user_cre2_21_0_, user0_.user_name as user_nam3_21_0_, user0_.user_phone_number as user_pho4_21_0_, user0_.user_user_id as user_use5_21_0_, user0_.user_user_password as user_use6_21_0_ from user user0_ where user0_.user_id=?
Hibernate: select user0_.user_id as user_id1_21_0_, user0_.character_id as characte7_21_0_, user0_.user_created_at as user_cre2_21_0_, user0_.user_name as user_nam3_21_0_, user0_.user_phone_number as user_pho4_21_0_, user0_.user_user_id as user_use5_21_0_, user0_.user_user_password as user_use6_21_0_ from user user0_ where user0_.user_id=?
Hibernate: select teamuserli0_.team_team_id as team_tea2_20_0_, teamuserli0_.team_user_id as team_use1_20_0_, teamuserli0_.team_user_id as team_use1_20_1_, teamuserli0_.team_team_id as team_tea2_20_1_, teamuserli0_.user_id as user_id3_20_1_ from team_user teamuserli0_ where teamuserli0_.team_team_id=?
Hibernate: select user0_.user_id as user_id1_21_0_, user0_.character_id as characte7_21_0_, user0_.user_created_at as user_cre2_21_0_, user0_.user_name as user_nam3_21_0_, user0_.user_phone_number as user_pho4_21_0_, user0_.user_user_id as user_use5_21_0_, user0_.user_user_password as user_use6_21_0_ from user user0_ where user0_.user_id=?
Hibernate: select user0_.user_id as user_id1_21_0_, user0_.character_id as characte7_21_0_, user0_.user_created_at as user_cre2_21_0_, user0_.user_name as user_nam3_21_0_, user0_.user_phone_number as user_pho4_21_0_, user0_.user_user_id as user_use5_21_0_, user0_.user_user_password as user_use6_21_0_ from user user0_ where user0_.user_id=?
Hibernate: delete from team_user where team_user_id=?
Hibernate: delete from team_user where team_user_id=?
Hibernate: delete from team_user where team_user_id=?
Hibernate: delete from team where team_team_id=?
Hibernate: delete from team_user where team_user_id=?
Hibernate: delete from team_user where team_user_id=?
Hibernate: delete from team where team_team_id=?
Hibernate: delete from team_building where team_building_team_building_id=?
Hibernate: select user0_.user_id as user_id1_21_0_, user0_.character_id as characte7_21_0_, user0_.user_created_at as user_cre2_21_0_, user0_.user_name as user_nam3_21_0_, user0_.user_phone_number as user_pho4_21_0_, user0_.user_user_id as user_use5_21_0_, user0_.user_user_password as user_use6_21_0_ from user user0_ where user0_.user_id=?
Hibernate: select character0_.character_id as characte1_6_0_, character0_.character_character_name as characte2_6_0_ from characters character0_ where character0_.character_id=?
Hibernate: select count(*) as col_0_0_ from team_building teambuildi0_ where teambuildi0_.team_building_team_building_id=?
Hibernate: select user0_.user_id as col_0_0_ from user user0_ where user0_.user_user_id=? limit ?
Hibernate: select user0_.user_id as col_0_0_ from user user0_ where user0_.user_user_id=? limit ?
Hibernate: select U.* from USER U where U.USER_USER_ID =?
Hibernate: select character0_.character_id as characte1_6_0_, character0_.character_character_name as characte2_6_0_ from characters character0_ where character0_.character_id=?
Hibernate: select user0_.user_id as col_0_0_ from user user0_ where user0_.user_user_id=? limit ?
Hibernate: select user0_.user_id as user_id1_21_, user0_.character_id as characte7_21_, user0_.user_created_at as user_cre2_21_, user0_.user_name as user_nam3_21_, user0_.user_phone_number as user_pho4_21_, user0_.user_user_id as user_use5_21_, user0_.user_user_password as user_use6_21_ from user user0_ inner join characters character1_ on user0_.character_id=character1_.character_id where user0_.user_user_id=?
Hibernate: select character0_.character_id as characte1_6_0_, character0_.character_character_name as characte2_6_0_ from characters character0_ where character0_.character_id=?
Hibernate: select rewardtagw0_.user_id as user_id4_16_0_, rewardtagw0_.reward_tag_wrapper_reward_id as reward_t1_16_0_, rewardtagw0_.reward_tag_wrapper_reward_id as reward_t1_16_1_, rewardtagw0_.reward_tag_wrapper_reward_presented_at as reward_t2_16_1_, rewardtagw0_.reward_tag_reward_tag_id as reward_t3_16_1_, rewardtagw0_.user_id as user_id4_16_1_ from reward_tag_wrapper rewardtagw0_ where rewardtagw0_.user_id=?
Hibernate: select user0_.user_id as user_id1_21_0_, user0_.character_id as characte7_21_0_, user0_.user_created_at as user_cre2_21_0_, user0_.user_name as user_nam3_21_0_, user0_.user_phone_number as user_pho4_21_0_, user0_.user_user_id as user_use5_21_0_, user0_.user_user_password as user_use6_21_0_ from user user0_ where user0_.user_id=?
Hibernate: select character0_.character_id as characte1_6_0_, character0_.character_character_name as characte2_6_0_ from characters character0_ where character0_.character_id=?
Hibernate: select count(*) as col_0_0_ from user user0_ where user0_.user_id=?
Hibernate: select character1_.character_id as characte1_6_, character1_.character_character_name as characte2_6_ from user user0_ inner join characters character1_ on user0_.character_id=character1_.character_id where user0_.user_id=?
Hibernate: select permission0_.character_id as characte6_12_0_, permission0_.permission_id as permissi1_12_0_, permission0_.permission_id as permissi1_12_1_, permission0_.character_id as characte6_12_1_, permission0_.permission_name as permissi2_12_1_, permission0_.permission_permission_unit_id as permissi3_12_1_, permission0_.permission_service as permissi4_12_1_, permission0_.permission_status as permissi5_12_1_ from permission permission0_ where permission0_.character_id=?
Hibernate: select count(*) as col_0_0_ from user user0_ where user0_.user_id=?
Hibernate: select user0_.user_id as user_id1_21_, user0_.character_id as characte7_21_, user0_.user_created_at as user_cre2_21_, user0_.user_name as user_nam3_21_, user0_.user_phone_number as user_pho4_21_, user0_.user_user_id as user_use5_21_, user0_.user_user_password as user_use6_21_ from user user0_ where user0_.user_id=?
Hibernate: select character0_.character_id as characte1_6_0_, character0_.character_character_name as characte2_6_0_ from characters character0_ where character0_.character_id=?
Hibernate: select rewardtagw0_.user_id as user_id4_16_0_, rewardtagw0_.reward_tag_wrapper_reward_id as reward_t1_16_0_, rewardtagw0_.reward_tag_wrapper_reward_id as reward_t1_16_1_, rewardtagw0_.reward_tag_wrapper_reward_presented_at as reward_t2_16_1_, rewardtagw0_.reward_tag_reward_tag_id as reward_t3_16_1_, rewardtagw0_.user_id as user_id4_16_1_ from reward_tag_wrapper rewardtagw0_ where rewardtagw0_.user_id=?
Hibernate: select attendance0_.attendance_user_attendance_user_id as col_0_0_ from attendance_user attendance0_ where attendance0_.user_id=? limit ?
Hibernate: DELETE FROM USER WHERE USER_ID = ?
Hibernate: select user0_.user_id as col_0_0_ from user user0_ where user0_.user_user_id=? limit ?
Hibernate: select user0_.user_id as col_0_0_ from user user0_ where user0_.user_user_id=? limit ?
Hibernate: select user0_.user_id as user_id1_21_, user0_.character_id as characte7_21_, user0_.user_created_at as user_cre2_21_, user0_.user_name as user_nam3_21_, user0_.user_phone_number as user_pho4_21_, user0_.user_user_id as user_use5_21_, user0_.user_user_password as user_use6_21_ from user user0_ inner join characters character1_ on user0_.character_id=character1_.character_id where user0_.user_user_id=?
Hibernate: select character0_.character_id as characte1_6_0_, character0_.character_character_name as characte2_6_0_ from characters character0_ where character0_.character_id=?
Hibernate: select rewardtagw0_.user_id as user_id4_16_0_, rewardtagw0_.reward_tag_wrapper_reward_id as reward_t1_16_0_, rewardtagw0_.reward_tag_wrapper_reward_id as reward_t1_16_1_, rewardtagw0_.reward_tag_wrapper_reward_presented_at as reward_t2_16_1_, rewardtagw0_.reward_tag_reward_tag_id as reward_t3_16_1_, rewardtagw0_.user_id as user_id4_16_1_ from reward_tag_wrapper rewardtagw0_ where rewardtagw0_.user_id=?
Hibernate: select user0_.user_id as user_id1_21_0_, user0_.character_id as characte7_21_0_, user0_.user_created_at as user_cre2_21_0_, user0_.user_name as user_nam3_21_0_, user0_.user_phone_number as user_pho4_21_0_, user0_.user_user_id as user_use5_21_0_, user0_.user_user_password as user_use6_21_0_ from user user0_ where user0_.user_id=?
Hibernate: select character0_.character_id as characte1_6_0_, character0_.character_character_name as characte2_6_0_ from characters character0_ where character0_.character_id=?
Hibernate: select count(*) as col_0_0_ from user user0_ where user0_.user_id=?
Hibernate: select character1_.character_id as characte1_6_, character1_.character_character_name as characte2_6_ from user user0_ inner join characters character1_ on user0_.character_id=character1_.character_id where user0_.user_id=?
Hibernate: select permission0_.character_id as characte6_12_0_, permission0_.permission_id as permissi1_12_0_, permission0_.permission_id as permissi1_12_1_, permission0_.character_id as characte6_12_1_, permission0_.permission_name as permissi2_12_1_, permission0_.permission_permission_unit_id as permissi3_12_1_, permission0_.permission_service as permissi4_12_1_, permission0_.permission_status as permissi5_12_1_ from permission permission0_ where permission0_.character_id=?
Hibernate: select count(*) as col_0_0_ from user user0_ where user0_.user_id=?
Hibernate: select user0_.user_id as user_id1_21_, user0_.character_id as characte7_21_, user0_.user_created_at as user_cre2_21_, user0_.user_name as user_nam3_21_, user0_.user_phone_number as user_pho4_21_, user0_.user_user_id as user_use5_21_, user0_.user_user_password as user_use6_21_ from user user0_ where user0_.user_id=?
Hibernate: select character0_.character_id as characte1_6_0_, character0_.character_character_name as characte2_6_0_ from characters character0_ where character0_.character_id=?
Hibernate: select rewardtagw0_.user_id as user_id4_16_0_, rewardtagw0_.reward_tag_wrapper_reward_id as reward_t1_16_0_, rewardtagw0_.reward_tag_wrapper_reward_id as reward_t1_16_1_, rewardtagw0_.reward_tag_wrapper_reward_presented_at as reward_t2_16_1_, rewardtagw0_.reward_tag_reward_tag_id as reward_t3_16_1_, rewardtagw0_.user_id as user_id4_16_1_ from reward_tag_wrapper rewardtagw0_ where rewardtagw0_.user_id=?
Hibernate: select attendance0_.attendance_user_attendance_user_id as col_0_0_ from attendance_user attendance0_ where attendance0_.user_id=? limit ?
Hibernate: DELETE FROM USER WHERE USER_ID = ?
Hibernate: select user0_.user_id as col_0_0_ from user user0_ where user0_.user_user_id=? limit ?
Hibernate: select user0_.user_id as col_0_0_ from user user0_ where user0_.user_user_id=? limit ?
Hibernate: select user0_.user_id as user_id1_21_, user0_.character_id as characte7_21_, user0_.user_created_at as user_cre2_21_, user0_.user_name as user_nam3_21_, user0_.user_phone_number as user_pho4_21_, user0_.user_user_id as user_use5_21_, user0_.user_user_password as user_use6_21_ from user user0_ inner join characters character1_ on user0_.character_id=character1_.character_id where user0_.user_user_id=?
Hibernate: select character0_.character_id as characte1_6_0_, character0_.character_character_name as characte2_6_0_ from characters character0_ where character0_.character_id=?
Hibernate: select rewardtagw0_.user_id as user_id4_16_0_, rewardtagw0_.reward_tag_wrapper_reward_id as reward_t1_16_0_, rewardtagw0_.reward_tag_wrapper_reward_id as reward_t1_16_1_, rewardtagw0_.reward_tag_wrapper_reward_presented_at as reward_t2_16_1_, rewardtagw0_.reward_tag_reward_tag_id as reward_t3_16_1_, rewardtagw0_.user_id as user_id4_16_1_ from reward_tag_wrapper rewardtagw0_ where rewardtagw0_.user_id=?
Hibernate: select user0_.user_id as user_id1_21_0_, user0_.character_id as characte7_21_0_, user0_.user_created_at as user_cre2_21_0_, user0_.user_name as user_nam3_21_0_, user0_.user_phone_number as user_pho4_21_0_, user0_.user_user_id as user_use5_21_0_, user0_.user_user_password as user_use6_21_0_ from user user0_ where user0_.user_id=?
Hibernate: select character0_.character_id as characte1_6_0_, character0_.character_character_name as characte2_6_0_ from characters character0_ where character0_.character_id=?
Hibernate: select count(*) as col_0_0_ from user user0_ where user0_.user_id=?
Hibernate: select character1_.character_id as characte1_6_, character1_.character_character_name as characte2_6_ from user user0_ inner join characters character1_ on user0_.character_id=character1_.character_id where user0_.user_id=?
Hibernate: select permission0_.character_id as characte6_12_0_, permission0_.permission_id as permissi1_12_0_, permission0_.permission_id as permissi1_12_1_, permission0_.character_id as characte6_12_1_, permission0_.permission_name as permissi2_12_1_, permission0_.permission_permission_unit_id as permissi3_12_1_, permission0_.permission_service as permissi4_12_1_, permission0_.permission_status as permissi5_12_1_ from permission permission0_ where permission0_.character_id=?
Hibernate: select count(*) as col_0_0_ from user user0_ where user0_.user_id=?
Hibernate: select user0_.user_id as user_id1_21_, user0_.character_id as characte7_21_, user0_.user_created_at as user_cre2_21_, user0_.user_name as user_nam3_21_, user0_.user_phone_number as user_pho4_21_, user0_.user_user_id as user_use5_21_, user0_.user_user_password as user_use6_21_ from user user0_ where user0_.user_id=?
Hibernate: select character0_.character_id as characte1_6_0_, character0_.character_character_name as characte2_6_0_ from characters character0_ where character0_.character_id=?
Hibernate: select rewardtagw0_.user_id as user_id4_16_0_, rewardtagw0_.reward_tag_wrapper_reward_id as reward_t1_16_0_, rewardtagw0_.reward_tag_wrapper_reward_id as reward_t1_16_1_, rewardtagw0_.reward_tag_wrapper_reward_presented_at as reward_t2_16_1_, rewardtagw0_.reward_tag_reward_tag_id as reward_t3_16_1_, rewardtagw0_.user_id as user_id4_16_1_ from reward_tag_wrapper rewardtagw0_ where rewardtagw0_.user_id=?
Hibernate: select attendance0_.attendance_user_attendance_user_id as col_0_0_ from attendance_user attendance0_ where attendance0_.user_id=? limit ?
Hibernate: DELETE FROM USER WHERE USER_ID = ?
Hibernate: select user0_.user_id as col_0_0_ from user user0_ where user0_.user_user_id=? limit ?
Hibernate: select user0_.user_id as col_0_0_ from user user0_ where user0_.user_user_id=? limit ?
Hibernate: select user0_.user_id as user_id1_21_, user0_.character_id as characte7_21_, user0_.user_created_at as user_cre2_21_, user0_.user_name as user_nam3_21_, user0_.user_phone_number as user_pho4_21_, user0_.user_user_id as user_use5_21_, user0_.user_user_password as user_use6_21_ from user user0_ inner join characters character1_ on user0_.character_id=character1_.character_id where user0_.user_user_id=?
Hibernate: select character0_.character_id as characte1_6_0_, character0_.character_character_name as characte2_6_0_ from characters character0_ where character0_.character_id=?
Hibernate: select rewardtagw0_.user_id as user_id4_16_0_, rewardtagw0_.reward_tag_wrapper_reward_id as reward_t1_16_0_, rewardtagw0_.reward_tag_wrapper_reward_id as reward_t1_16_1_, rewardtagw0_.reward_tag_wrapper_reward_presented_at as reward_t2_16_1_, rewardtagw0_.reward_tag_reward_tag_id as reward_t3_16_1_, rewardtagw0_.user_id as user_id4_16_1_ from reward_tag_wrapper rewardtagw0_ where rewardtagw0_.user_id=?
Hibernate: select user0_.user_id as user_id1_21_0_, user0_.character_id as characte7_21_0_, user0_.user_created_at as user_cre2_21_0_, user0_.user_name as user_nam3_21_0_, user0_.user_phone_number as user_pho4_21_0_, user0_.user_user_id as user_use5_21_0_, user0_.user_user_password as user_use6_21_0_ from user user0_ where user0_.user_id=?
Hibernate: select character0_.character_id as characte1_6_0_, character0_.character_character_name as characte2_6_0_ from characters character0_ where character0_.character_id=?
Hibernate: select count(*) as col_0_0_ from user user0_ where user0_.user_id=?
Hibernate: select character1_.character_id as characte1_6_, character1_.character_character_name as characte2_6_ from user user0_ inner join characters character1_ on user0_.character_id=character1_.character_id where user0_.user_id=?
Hibernate: select permission0_.character_id as characte6_12_0_, permission0_.permission_id as permissi1_12_0_, permission0_.permission_id as permissi1_12_1_, permission0_.character_id as characte6_12_1_, permission0_.permission_name as permissi2_12_1_, permission0_.permission_permission_unit_id as permissi3_12_1_, permission0_.permission_service as permissi4_12_1_, permission0_.permission_status as permissi5_12_1_ from permission permission0_ where permission0_.character_id=?
Hibernate: select count(*) as col_0_0_ from user user0_ where user0_.user_id=?
Hibernate: select user0_.user_id as user_id1_21_, user0_.character_id as characte7_21_, user0_.user_created_at as user_cre2_21_, user0_.user_name as user_nam3_21_, user0_.user_phone_number as user_pho4_21_, user0_.user_user_id as user_use5_21_, user0_.user_user_password as user_use6_21_ from user user0_ where user0_.user_id=?
Hibernate: select character0_.character_id as characte1_6_0_, character0_.character_character_name as characte2_6_0_ from characters character0_ where character0_.character_id=?
Hibernate: select rewardtagw0_.user_id as user_id4_16_0_, rewardtagw0_.reward_tag_wrapper_reward_id as reward_t1_16_0_, rewardtagw0_.reward_tag_wrapper_reward_id as reward_t1_16_1_, rewardtagw0_.reward_tag_wrapper_reward_presented_at as reward_t2_16_1_, rewardtagw0_.reward_tag_reward_tag_id as reward_t3_16_1_, rewardtagw0_.user_id as user_id4_16_1_ from reward_tag_wrapper rewardtagw0_ where rewardtagw0_.user_id=?
Hibernate: select attendance0_.attendance_user_attendance_user_id as col_0_0_ from attendance_user attendance0_ where attendance0_.user_id=? limit ?
Hibernate: DELETE FROM USER WHERE USER_ID = ?
Hibernate: select user0_.user_id as col_0_0_ from user user0_ where user0_.user_user_id=? limit ?
Hibernate: select user0_.user_id as col_0_0_ from user user0_ where user0_.user_user_id=? limit ?
Hibernate: select user0_.user_id as user_id1_21_, user0_.character_id as characte7_21_, user0_.user_created_at as user_cre2_21_, user0_.user_name as user_nam3_21_, user0_.user_phone_number as user_pho4_21_, user0_.user_user_id as user_use5_21_, user0_.user_user_password as user_use6_21_ from user user0_ inner join characters character1_ on user0_.character_id=character1_.character_id where user0_.user_user_id=?
Hibernate: select character0_.character_id as characte1_6_0_, character0_.character_character_name as characte2_6_0_ from characters character0_ where character0_.character_id=?
Hibernate: select rewardtagw0_.user_id as user_id4_16_0_, rewardtagw0_.reward_tag_wrapper_reward_id as reward_t1_16_0_, rewardtagw0_.reward_tag_wrapper_reward_id as reward_t1_16_1_, rewardtagw0_.reward_tag_wrapper_reward_presented_at as reward_t2_16_1_, rewardtagw0_.reward_tag_reward_tag_id as reward_t3_16_1_, rewardtagw0_.user_id as user_id4_16_1_ from reward_tag_wrapper rewardtagw0_ where rewardtagw0_.user_id=?
Hibernate: select user0_.user_id as user_id1_21_0_, user0_.character_id as characte7_21_0_, user0_.user_created_at as user_cre2_21_0_, user0_.user_name as user_nam3_21_0_, user0_.user_phone_number as user_pho4_21_0_, user0_.user_user_id as user_use5_21_0_, user0_.user_user_password as user_use6_21_0_ from user user0_ where user0_.user_id=?
Hibernate: select character0_.character_id as characte1_6_0_, character0_.character_character_name as characte2_6_0_ from characters character0_ where character0_.character_id=?
Hibernate: select count(*) as col_0_0_ from user user0_ where user0_.user_id=?
Hibernate: select character1_.character_id as characte1_6_, character1_.character_character_name as characte2_6_ from user user0_ inner join characters character1_ on user0_.character_id=character1_.character_id where user0_.user_id=?
Hibernate: select permission0_.character_id as characte6_12_0_, permission0_.permission_id as permissi1_12_0_, permission0_.permission_id as permissi1_12_1_, permission0_.character_id as characte6_12_1_, permission0_.permission_name as permissi2_12_1_, permission0_.permission_permission_unit_id as permissi3_12_1_, permission0_.permission_service as permissi4_12_1_, permission0_.permission_status as permissi5_12_1_ from permission permission0_ where permission0_.character_id=?
Hibernate: select count(*) as col_0_0_ from user user0_ where user0_.user_id=?
Hibernate: select user0_.user_id as user_id1_21_, user0_.character_id as characte7_21_, user0_.user_created_at as user_cre2_21_, user0_.user_name as user_nam3_21_, user0_.user_phone_number as user_pho4_21_, user0_.user_user_id as user_use5_21_, user0_.user_user_password as user_use6_21_ from user user0_ where user0_.user_id=?
Hibernate: select character0_.character_id as characte1_6_0_, character0_.character_character_name as characte2_6_0_ from characters character0_ where character0_.character_id=?
Hibernate: select rewardtagw0_.user_id as user_id4_16_0_, rewardtagw0_.reward_tag_wrapper_reward_id as reward_t1_16_0_, rewardtagw0_.reward_tag_wrapper_reward_id as reward_t1_16_1_, rewardtagw0_.reward_tag_wrapper_reward_presented_at as reward_t2_16_1_, rewardtagw0_.reward_tag_reward_tag_id as reward_t3_16_1_, rewardtagw0_.user_id as user_id4_16_1_ from reward_tag_wrapper rewardtagw0_ where rewardtagw0_.user_id=?
Hibernate: select attendance0_.attendance_user_attendance_user_id as col_0_0_ from attendance_user attendance0_ where attendance0_.user_id=? limit ?
Hibernate: DELETE FROM USER WHERE USER_ID = ?
Hibernate: select user0_.user_id as col_0_0_ from user user0_ where user0_.user_user_id=? limit ?
Hibernate: select user0_.user_id as col_0_0_ from user user0_ where user0_.user_user_id=? limit ?
Hibernate: select user0_.user_id as col_0_0_ from user user0_ where user0_.user_user_id=? limit ?
Hibernate: select U.* from USER U where U.USER_USER_ID =?
Hibernate: select character0_.character_id as characte1_6_0_, character0_.character_character_name as characte2_6_0_ from characters character0_ where character0_.character_id=?
Hibernate: select user0_.user_id as user_id1_21_0_, user0_.character_id as characte7_21_0_, user0_.user_created_at as user_cre2_21_0_, user0_.user_name as user_nam3_21_0_, user0_.user_phone_number as user_pho4_21_0_, user0_.user_user_id as user_use5_21_0_, user0_.user_user_password as user_use6_21_0_ from user user0_ where user0_.user_id=?
Hibernate: select character0_.character_id as characte1_6_0_, character0_.character_character_name as characte2_6_0_ from characters character0_ where character0_.character_id=?
Hibernate: select count(*) as col_0_0_ from team_building teambuildi0_
Hibernate: select count(*) as col_0_0_ from team_building teambuildi0_
Hibernate: select user0_.user_id as col_0_0_ from user user0_ where user0_.user_user_id=? limit ?
Hibernate: select user0_.user_id as col_0_0_ from user user0_ where user0_.user_user_id=? limit ?
Hibernate: select U.* from USER U where U.USER_USER_ID =?
Hibernate: select character0_.character_id as characte1_6_0_, character0_.character_character_name as characte2_6_0_ from characters character0_ where character0_.character_id=?
Hibernate: select user0_.user_id as col_0_0_ from user user0_ where user0_.user_user_id=? limit ?
Hibernate: select user0_.user_id as col_0_0_ from user user0_ where user0_.user_user_id=? limit ?
Hibernate: select U.* from USER U where U.USER_USER_ID =?
Hibernate: select character0_.character_id as characte1_6_0_, character0_.character_character_name as characte2_6_0_ from characters character0_ where character0_.character_id=?
Hibernate: select user0_.user_id as col_0_0_ from user user0_ where user0_.user_user_id=? limit ?
Hibernate: select user0_.user_id as col_0_0_ from user user0_ where user0_.user_user_id=? limit ?
Hibernate: select U.* from USER U where U.USER_USER_ID =?
Hibernate: select character0_.character_id as characte1_6_0_, character0_.character_character_name as characte2_6_0_ from characters character0_ where character0_.character_id=?
Hibernate: select user0_.user_id as col_0_0_ from user user0_ where user0_.user_user_id=? limit ?
Hibernate: select userjoinin0_.user_joining_pool_id as col_0_0_ from user_joining_pool userjoinin0_ where userjoinin0_.user_user_id=? limit ?
Hibernate: select character0_.character_id as col_0_0_ from characters character0_ where character0_.character_character_name=? limit ?
Hibernate: insert into user_joining_pool (user_joining_pool_id, user_created_at, user_name, user_phone_number, user_user_id, user_user_password) values (default, ?, ?, ?, ?, ?)

MockHttpServletRequest:
      HTTP Method = POST
      Request URI = /user
       Parameters = {}
          Headers = [Content-Type:"application/json;charset=UTF-8", Accept:"application/json", api-version:"1.0", Content-Length:"93"]
             Body = {"name":"lin","user_id":"linirini","user_password":"2fhfhfhfh!","phone_number":"01012341234"}
    Session Attrs = {}

Handler:
             Type = org.waldreg.controller.joiningpool.JoiningPoolController
           Method = org.waldreg.controller.joiningpool.JoiningPoolController#createUser(UserRequest)

Async:
    Async started = false
     Async result = null

Resolved Exception:
             Type = null

ModelAndView:
        View name = null
             View = null
            Model = null

FlashMap:
       Attributes = null

MockHttpServletResponse:
           Status = 200
    Error message = null
          Headers = [Vary:"Origin", "Access-Control-Request-Method", "Access-Control-Request-Headers", Api-version:"1.0"]
     Content type = null
             Body = 
    Forwarded URL = null
   Redirected URL = null
          Cookies = []
Hibernate: select user0_.user_id as user_id1_21_0_, user0_.character_id as characte7_21_0_, user0_.user_created_at as user_cre2_21_0_, user0_.user_name as user_nam3_21_0_, user0_.user_phone_number as user_pho4_21_0_, user0_.user_user_id as user_use5_21_0_, user0_.user_user_password as user_use6_21_0_ from user user0_ where user0_.user_id=?
Hibernate: select character0_.character_id as characte1_6_0_, character0_.character_character_name as characte2_6_0_ from characters character0_ where character0_.character_id=?
Hibernate: select count(*) as col_0_0_ from user user0_ where user0_.user_id=?
Hibernate: select character1_.character_id as characte1_6_, character1_.character_character_name as characte2_6_ from user user0_ inner join characters character1_ on user0_.character_id=character1_.character_id where user0_.user_id=?
Hibernate: select permission0_.character_id as characte6_12_0_, permission0_.permission_id as permissi1_12_0_, permission0_.permission_id as permissi1_12_1_, permission0_.character_id as characte6_12_1_, permission0_.permission_name as permissi2_12_1_, permission0_.permission_permission_unit_id as permissi3_12_1_, permission0_.permission_service as permissi4_12_1_, permission0_.permission_status as permissi5_12_1_ from permission permission0_ where permission0_.character_id=?
Hibernate: select userjoinin0_.user_joining_pool_id as col_0_0_ from user_joining_pool userjoinin0_ where userjoinin0_.user_user_id=? limit ?
Hibernate: select userjoinin0_.user_joining_pool_id as user_joi1_22_, userjoinin0_.user_created_at as user_cre2_22_, userjoinin0_.user_name as user_nam3_22_, userjoinin0_.user_phone_number as user_pho4_22_, userjoinin0_.user_user_id as user_use5_22_, userjoinin0_.user_user_password as user_use6_22_ from user_joining_pool userjoinin0_ where userjoinin0_.user_user_id=?
Hibernate: select character0_.character_id as characte1_6_, character0_.character_character_name as characte2_6_ from characters character0_ where character0_.character_character_name=?
Hibernate: insert into user (user_id, character_id, user_created_at, user_name, user_phone_number, user_user_id, user_user_password) values (default, ?, ?, ?, ?, ?, ?)
Hibernate: DELETE FROM USER_JOINING_POOL as JU where JU.USER_USER_ID =?
Hibernate: select user0_.user_id as col_0_0_ from user user0_ where user0_.user_user_id=? limit ?
Hibernate: select user0_.user_id as col_0_0_ from user user0_ where user0_.user_user_id=? limit ?
Hibernate: select U.* from USER U where U.USER_USER_ID =?
Hibernate: select character0_.character_id as characte1_6_0_, character0_.character_character_name as characte2_6_0_ from characters character0_ where character0_.character_id=?
Hibernate: select user0_.user_id as col_0_0_ from user user0_ where user0_.user_user_id=? limit ?
Hibernate: select user0_.user_id as col_0_0_ from user user0_ where user0_.user_user_id=? limit ?
Hibernate: select U.* from USER U where U.USER_USER_ID =?
Hibernate: select character0_.character_id as characte1_6_0_, character0_.character_character_name as characte2_6_0_ from characters character0_ where character0_.character_id=?
Hibernate: select user0_.user_id as col_0_0_ from user user0_ where user0_.user_user_id=? limit ?
Hibernate: select userjoinin0_.user_joining_pool_id as col_0_0_ from user_joining_pool userjoinin0_ where userjoinin0_.user_user_id=? limit ?
Hibernate: select character0_.character_id as col_0_0_ from characters character0_ where character0_.character_character_name=? limit ?
Hibernate: insert into user_joining_pool (user_joining_pool_id, user_created_at, user_name, user_phone_number, user_user_id, user_user_password) values (default, ?, ?, ?, ?, ?)
Hibernate: select user0_.user_id as user_id1_21_0_, user0_.character_id as characte7_21_0_, user0_.user_created_at as user_cre2_21_0_, user0_.user_name as user_nam3_21_0_, user0_.user_phone_number as user_pho4_21_0_, user0_.user_user_id as user_use5_21_0_, user0_.user_user_password as user_use6_21_0_ from user user0_ where user0_.user_id=?
Hibernate: select character0_.character_id as characte1_6_0_, character0_.character_character_name as characte2_6_0_ from characters character0_ where character0_.character_id=?
Hibernate: select count(*) as col_0_0_ from user user0_ where user0_.user_id=?
Hibernate: select character1_.character_id as characte1_6_, character1_.character_character_name as characte2_6_ from user user0_ inner join characters character1_ on user0_.character_id=character1_.character_id where user0_.user_id=?
Hibernate: select permission0_.character_id as characte6_12_0_, permission0_.permission_id as permissi1_12_0_, permission0_.permission_id as permissi1_12_1_, permission0_.character_id as characte6_12_1_, permission0_.permission_name as permissi2_12_1_, permission0_.permission_permission_unit_id as permissi3_12_1_, permission0_.permission_service as permissi4_12_1_, permission0_.permission_status as permissi5_12_1_ from permission permission0_ where permission0_.character_id=?
Hibernate: select userjoinin0_.user_joining_pool_id as col_0_0_ from user_joining_pool userjoinin0_ where userjoinin0_.user_user_id=? limit ?
Hibernate: select userjoinin0_.user_joining_pool_id as user_joi1_22_, userjoinin0_.user_created_at as user_cre2_22_, userjoinin0_.user_name as user_nam3_22_, userjoinin0_.user_phone_number as user_pho4_22_, userjoinin0_.user_user_id as user_use5_22_, userjoinin0_.user_user_password as user_use6_22_ from user_joining_pool userjoinin0_ where userjoinin0_.user_user_id=?
Hibernate: select character0_.character_id as characte1_6_, character0_.character_character_name as characte2_6_ from characters character0_ where character0_.character_character_name=?
Hibernate: insert into user (user_id, character_id, user_created_at, user_name, user_phone_number, user_user_id, user_user_password) values (default, ?, ?, ?, ?, ?, ?)
Hibernate: DELETE FROM USER_JOINING_POOL as JU where JU.USER_USER_ID =?
Hibernate: select user0_.user_id as col_0_0_ from user user0_ where user0_.user_user_id=? limit ?
Hibernate: select user0_.user_id as col_0_0_ from user user0_ where user0_.user_user_id=? limit ?
Hibernate: select U.* from USER U where U.USER_USER_ID =?
Hibernate: select character0_.character_id as characte1_6_0_, character0_.character_character_name as characte2_6_0_ from characters character0_ where character0_.character_id=?
Hibernate: select user0_.user_id as col_0_0_ from user user0_ where user0_.user_user_id=? limit ?
Hibernate: select userjoinin0_.user_joining_pool_id as col_0_0_ from user_joining_pool userjoinin0_ where userjoinin0_.user_user_id=? limit ?
Hibernate: select character0_.character_id as col_0_0_ from characters character0_ where character0_.character_character_name=? limit ?
Hibernate: insert into user_joining_pool (user_joining_pool_id, user_created_at, user_name, user_phone_number, user_user_id, user_user_password) values (default, ?, ?, ?, ?, ?)
Hibernate: select user0_.user_id as user_id1_21_0_, user0_.character_id as characte7_21_0_, user0_.user_created_at as user_cre2_21_0_, user0_.user_name as user_nam3_21_0_, user0_.user_phone_number as user_pho4_21_0_, user0_.user_user_id as user_use5_21_0_, user0_.user_user_password as user_use6_21_0_ from user user0_ where user0_.user_id=?
Hibernate: select character0_.character_id as characte1_6_0_, character0_.character_character_name as characte2_6_0_ from characters character0_ where character0_.character_id=?
Hibernate: select count(*) as col_0_0_ from user user0_ where user0_.user_id=?
Hibernate: select character1_.character_id as characte1_6_, character1_.character_character_name as characte2_6_ from user user0_ inner join characters character1_ on user0_.character_id=character1_.character_id where user0_.user_id=?
Hibernate: select permission0_.character_id as characte6_12_0_, permission0_.permission_id as permissi1_12_0_, permission0_.permission_id as permissi1_12_1_, permission0_.character_id as characte6_12_1_, permission0_.permission_name as permissi2_12_1_, permission0_.permission_permission_unit_id as permissi3_12_1_, permission0_.permission_service as permissi4_12_1_, permission0_.permission_status as permissi5_12_1_ from permission permission0_ where permission0_.character_id=?
Hibernate: select userjoinin0_.user_joining_pool_id as col_0_0_ from user_joining_pool userjoinin0_ where userjoinin0_.user_user_id=? limit ?
Hibernate: select userjoinin0_.user_joining_pool_id as user_joi1_22_, userjoinin0_.user_created_at as user_cre2_22_, userjoinin0_.user_name as user_nam3_22_, userjoinin0_.user_phone_number as user_pho4_22_, userjoinin0_.user_user_id as user_use5_22_, userjoinin0_.user_user_password as user_use6_22_ from user_joining_pool userjoinin0_ where userjoinin0_.user_user_id=?
Hibernate: select character0_.character_id as characte1_6_, character0_.character_character_name as characte2_6_ from characters character0_ where character0_.character_character_name=?
Hibernate: insert into user (user_id, character_id, user_created_at, user_name, user_phone_number, user_user_id, user_user_password) values (default, ?, ?, ?, ?, ?, ?)
Hibernate: DELETE FROM USER_JOINING_POOL as JU where JU.USER_USER_ID =?
Hibernate: select user0_.user_id as col_0_0_ from user user0_ where user0_.user_user_id=? limit ?
Hibernate: select user0_.user_id as col_0_0_ from user user0_ where user0_.user_user_id=? limit ?
Hibernate: select U.* from USER U where U.USER_USER_ID =?
Hibernate: select character0_.character_id as characte1_6_0_, character0_.character_character_name as characte2_6_0_ from characters character0_ where character0_.character_id=?
Hibernate: select user0_.user_id as col_0_0_ from user user0_ where user0_.user_user_id=? limit ?
Hibernate: select userjoinin0_.user_joining_pool_id as col_0_0_ from user_joining_pool userjoinin0_ where userjoinin0_.user_user_id=? limit ?
Hibernate: select character0_.character_id as col_0_0_ from characters character0_ where character0_.character_character_name=? limit ?
Hibernate: insert into user_joining_pool (user_joining_pool_id, user_created_at, user_name, user_phone_number, user_user_id, user_user_password) values (default, ?, ?, ?, ?, ?)
Hibernate: select user0_.user_id as user_id1_21_0_, user0_.character_id as characte7_21_0_, user0_.user_created_at as user_cre2_21_0_, user0_.user_name as user_nam3_21_0_, user0_.user_phone_number as user_pho4_21_0_, user0_.user_user_id as user_use5_21_0_, user0_.user_user_password as user_use6_21_0_ from user user0_ where user0_.user_id=?
Hibernate: select character0_.character_id as characte1_6_0_, character0_.character_character_name as characte2_6_0_ from characters character0_ where character0_.character_id=?
Hibernate: select count(*) as col_0_0_ from user user0_ where user0_.user_id=?
Hibernate: select character1_.character_id as characte1_6_, character1_.character_character_name as characte2_6_ from user user0_ inner join characters character1_ on user0_.character_id=character1_.character_id where user0_.user_id=?
Hibernate: select permission0_.character_id as characte6_12_0_, permission0_.permission_id as permissi1_12_0_, permission0_.permission_id as permissi1_12_1_, permission0_.character_id as characte6_12_1_, permission0_.permission_name as permissi2_12_1_, permission0_.permission_permission_unit_id as permissi3_12_1_, permission0_.permission_service as permissi4_12_1_, permission0_.permission_status as permissi5_12_1_ from permission permission0_ where permission0_.character_id=?
Hibernate: select userjoinin0_.user_joining_pool_id as col_0_0_ from user_joining_pool userjoinin0_ where userjoinin0_.user_user_id=? limit ?
Hibernate: select userjoinin0_.user_joining_pool_id as user_joi1_22_, userjoinin0_.user_created_at as user_cre2_22_, userjoinin0_.user_name as user_nam3_22_, userjoinin0_.user_phone_number as user_pho4_22_, userjoinin0_.user_user_id as user_use5_22_, userjoinin0_.user_user_password as user_use6_22_ from user_joining_pool userjoinin0_ where userjoinin0_.user_user_id=?
Hibernate: select character0_.character_id as characte1_6_, character0_.character_character_name as characte2_6_ from characters character0_ where character0_.character_character_name=?
Hibernate: insert into user (user_id, character_id, user_created_at, user_name, user_phone_number, user_user_id, user_user_password) values (default, ?, ?, ?, ?, ?, ?)
Hibernate: DELETE FROM USER_JOINING_POOL as JU where JU.USER_USER_ID =?
Hibernate: select user0_.user_id as col_0_0_ from user user0_ where user0_.user_user_id=? limit ?
Hibernate: select user0_.user_id as col_0_0_ from user user0_ where user0_.user_user_id=? limit ?
Hibernate: select U.* from USER U where U.USER_USER_ID =?
Hibernate: select character0_.character_id as characte1_6_0_, character0_.character_character_name as characte2_6_0_ from characters character0_ where character0_.character_id=?
Hibernate: select user0_.user_id as col_0_0_ from user user0_ where user0_.user_user_id=? limit ?
Hibernate: select userjoinin0_.user_joining_pool_id as col_0_0_ from user_joining_pool userjoinin0_ where userjoinin0_.user_user_id=? limit ?
Hibernate: select character0_.character_id as col_0_0_ from characters character0_ where character0_.character_character_name=? limit ?
Hibernate: insert into user_joining_pool (user_joining_pool_id, user_created_at, user_name, user_phone_number, user_user_id, user_user_password) values (default, ?, ?, ?, ?, ?)
Hibernate: select user0_.user_id as user_id1_21_0_, user0_.character_id as characte7_21_0_, user0_.user_created_at as user_cre2_21_0_, user0_.user_name as user_nam3_21_0_, user0_.user_phone_number as user_pho4_21_0_, user0_.user_user_id as user_use5_21_0_, user0_.user_user_password as user_use6_21_0_ from user user0_ where user0_.user_id=?
Hibernate: select character0_.character_id as characte1_6_0_, character0_.character_character_name as characte2_6_0_ from characters character0_ where character0_.character_id=?
Hibernate: select count(*) as col_0_0_ from user user0_ where user0_.user_id=?
Hibernate: select character1_.character_id as characte1_6_, character1_.character_character_name as characte2_6_ from user user0_ inner join characters character1_ on user0_.character_id=character1_.character_id where user0_.user_id=?
Hibernate: select permission0_.character_id as characte6_12_0_, permission0_.permission_id as permissi1_12_0_, permission0_.permission_id as permissi1_12_1_, permission0_.character_id as characte6_12_1_, permission0_.permission_name as permissi2_12_1_, permission0_.permission_permission_unit_id as permissi3_12_1_, permission0_.permission_service as permissi4_12_1_, permission0_.permission_status as permissi5_12_1_ from permission permission0_ where permission0_.character_id=?
Hibernate: select userjoinin0_.user_joining_pool_id as col_0_0_ from user_joining_pool userjoinin0_ where userjoinin0_.user_user_id=? limit ?
Hibernate: select userjoinin0_.user_joining_pool_id as user_joi1_22_, userjoinin0_.user_created_at as user_cre2_22_, userjoinin0_.user_name as user_nam3_22_, userjoinin0_.user_phone_number as user_pho4_22_, userjoinin0_.user_user_id as user_use5_22_, userjoinin0_.user_user_password as user_use6_22_ from user_joining_pool userjoinin0_ where userjoinin0_.user_user_id=?
Hibernate: select character0_.character_id as characte1_6_, character0_.character_character_name as characte2_6_ from characters character0_ where character0_.character_character_name=?
Hibernate: insert into user (user_id, character_id, user_created_at, user_name, user_phone_number, user_user_id, user_user_password) values (default, ?, ?, ?, ?, ?, ?)
Hibernate: DELETE FROM USER_JOINING_POOL as JU where JU.USER_USER_ID =?
Hibernate: select user0_.user_id as col_0_0_ from user user0_ where user0_.user_user_id=? limit ?
Hibernate: select user0_.user_id as col_0_0_ from user user0_ where user0_.user_user_id=? limit ?
Hibernate: select U.* from USER U where U.USER_USER_ID =?
Hibernate: select character0_.character_id as characte1_6_0_, character0_.character_character_name as characte2_6_0_ from characters character0_ where character0_.character_id=?
Hibernate: select user0_.user_id as col_0_0_ from user user0_ where user0_.user_user_id=? limit ?
Hibernate: select userjoinin0_.user_joining_pool_id as col_0_0_ from user_joining_pool userjoinin0_ where userjoinin0_.user_user_id=? limit ?
Hibernate: select character0_.character_id as col_0_0_ from characters character0_ where character0_.character_character_name=? limit ?
Hibernate: insert into user_joining_pool (user_joining_pool_id, user_created_at, user_name, user_phone_number, user_user_id, user_user_password) values (default, ?, ?, ?, ?, ?)
Hibernate: select user0_.user_id as user_id1_21_0_, user0_.character_id as characte7_21_0_, user0_.user_created_at as user_cre2_21_0_, user0_.user_name as user_nam3_21_0_, user0_.user_phone_number as user_pho4_21_0_, user0_.user_user_id as user_use5_21_0_, user0_.user_user_password as user_use6_21_0_ from user user0_ where user0_.user_id=?
Hibernate: select character0_.character_id as characte1_6_0_, character0_.character_character_name as characte2_6_0_ from characters character0_ where character0_.character_id=?
Hibernate: select count(*) as col_0_0_ from user user0_ where user0_.user_id=?
Hibernate: select character1_.character_id as characte1_6_, character1_.character_character_name as characte2_6_ from user user0_ inner join characters character1_ on user0_.character_id=character1_.character_id where user0_.user_id=?
Hibernate: select permission0_.character_id as characte6_12_0_, permission0_.permission_id as permissi1_12_0_, permission0_.permission_id as permissi1_12_1_, permission0_.character_id as characte6_12_1_, permission0_.permission_name as permissi2_12_1_, permission0_.permission_permission_unit_id as permissi3_12_1_, permission0_.permission_service as permissi4_12_1_, permission0_.permission_status as permissi5_12_1_ from permission permission0_ where permission0_.character_id=?
Hibernate: select userjoinin0_.user_joining_pool_id as col_0_0_ from user_joining_pool userjoinin0_ where userjoinin0_.user_user_id=? limit ?
Hibernate: select userjoinin0_.user_joining_pool_id as user_joi1_22_, userjoinin0_.user_created_at as user_cre2_22_, userjoinin0_.user_name as user_nam3_22_, userjoinin0_.user_phone_number as user_pho4_22_, userjoinin0_.user_user_id as user_use5_22_, userjoinin0_.user_user_password as user_use6_22_ from user_joining_pool userjoinin0_ where userjoinin0_.user_user_id=?
Hibernate: select character0_.character_id as characte1_6_, character0_.character_character_name as characte2_6_ from characters character0_ where character0_.character_character_name=?
Hibernate: insert into user (user_id, character_id, user_created_at, user_name, user_phone_number, user_user_id, user_user_password) values (default, ?, ?, ?, ?, ?, ?)
Hibernate: DELETE FROM USER_JOINING_POOL as JU where JU.USER_USER_ID =?
Hibernate: select user0_.user_id as user_id1_21_0_, user0_.character_id as characte7_21_0_, user0_.user_created_at as user_cre2_21_0_, user0_.user_name as user_nam3_21_0_, user0_.user_phone_number as user_pho4_21_0_, user0_.user_user_id as user_use5_21_0_, user0_.user_user_password as user_use6_21_0_ from user user0_ where user0_.user_id=?
Hibernate: select character0_.character_id as characte1_6_0_, character0_.character_character_name as characte2_6_0_ from characters character0_ where character0_.character_id=?
Hibernate: select count(*) as col_0_0_ from user user0_ where user0_.user_id=?
Hibernate: select character1_.character_id as characte1_6_, character1_.character_character_name as characte2_6_ from user user0_ inner join characters character1_ on user0_.character_id=character1_.character_id where user0_.user_id=?
Hibernate: select permission0_.character_id as characte6_12_0_, permission0_.permission_id as permissi1_12_0_, permission0_.permission_id as permissi1_12_1_, permission0_.character_id as characte6_12_1_, permission0_.permission_name as permissi2_12_1_, permission0_.permission_permission_unit_id as permissi3_12_1_, permission0_.permission_service as permissi4_12_1_, permission0_.permission_status as permissi5_12_1_ from permission permission0_ where permission0_.character_id=?
Hibernate: select user0_.user_id as col_0_0_ from user user0_ where user0_.user_user_id=? limit ?
Hibernate: select user0_.user_id as col_0_0_ from user user0_ where user0_.user_user_id=? limit ?
Hibernate: select user0_.user_id as col_0_0_ from user user0_ where user0_.user_user_id=? limit ?
Hibernate: select user0_.user_id as col_0_0_ from user user0_ where user0_.user_user_id=? limit ?
Hibernate: select user0_.user_id as col_0_0_ from user user0_ where user0_.user_user_id=? limit ?
Hibernate: select user0_.user_id as user_id1_21_, user0_.character_id as characte7_21_, user0_.user_created_at as user_cre2_21_, user0_.user_name as user_nam3_21_, user0_.user_phone_number as user_pho4_21_, user0_.user_user_id as user_use5_21_, user0_.user_user_password as user_use6_21_ from user user0_ inner join characters character1_ on user0_.character_id=character1_.character_id where user0_.user_user_id=?
Hibernate: select character0_.character_id as characte1_6_0_, character0_.character_character_name as characte2_6_0_ from characters character0_ where character0_.character_id=?
Hibernate: select user0_.user_id as user_id1_21_, user0_.character_id as characte7_21_, user0_.user_created_at as user_cre2_21_, user0_.user_name as user_nam3_21_, user0_.user_phone_number as user_pho4_21_, user0_.user_user_id as user_use5_21_, user0_.user_user_password as user_use6_21_ from user user0_ inner join characters character1_ on user0_.character_id=character1_.character_id where user0_.user_user_id=?
Hibernate: select user0_.user_id as user_id1_21_, user0_.character_id as characte7_21_, user0_.user_created_at as user_cre2_21_, user0_.user_name as user_nam3_21_, user0_.user_phone_number as user_pho4_21_, user0_.user_user_id as user_use5_21_, user0_.user_user_password as user_use6_21_ from user user0_ inner join characters character1_ on user0_.character_id=character1_.character_id where user0_.user_user_id=?
Hibernate: select user0_.user_id as user_id1_21_, user0_.character_id as characte7_21_, user0_.user_created_at as user_cre2_21_, user0_.user_name as user_nam3_21_, user0_.user_phone_number as user_pho4_21_, user0_.user_user_id as user_use5_21_, user0_.user_user_password as user_use6_21_ from user user0_ inner join characters character1_ on user0_.character_id=character1_.character_id where user0_.user_user_id=?
Hibernate: select user0_.user_id as user_id1_21_, user0_.character_id as characte7_21_, user0_.user_created_at as user_cre2_21_, user0_.user_name as user_nam3_21_, user0_.user_phone_number as user_pho4_21_, user0_.user_user_id as user_use5_21_, user0_.user_user_password as user_use6_21_ from user user0_ inner join characters character1_ on user0_.character_id=character1_.character_id where user0_.user_user_id=?
Hibernate: insert into team_building (team_building_team_building_id, team_building_created_at, team_building_last_modified_at, team_building_team_building_title) values (default, ?, ?, ?)
Hibernate: insert into team (team_team_id, team_last_modified_at, team_building_team_building_id, team_team_name) values (default, ?, ?, ?)
Hibernate: insert into team_user (team_user_id, team_team_id, user_id) values (default, ?, ?)
Hibernate: insert into team_user (team_user_id, team_team_id, user_id) values (default, ?, ?)
Hibernate: insert into team_user (team_user_id, team_team_id, user_id) values (default, ?, ?)
Hibernate: insert into team (team_team_id, team_last_modified_at, team_building_team_building_id, team_team_name) values (default, ?, ?, ?)
Hibernate: insert into team_user (team_user_id, team_team_id, user_id) values (default, ?, ?)
Hibernate: insert into team_user (team_user_id, team_team_id, user_id) values (default, ?, ?)
Hibernate: select user0_.user_id as user_id1_21_0_, user0_.character_id as characte7_21_0_, user0_.user_created_at as user_cre2_21_0_, user0_.user_name as user_nam3_21_0_, user0_.user_phone_number as user_pho4_21_0_, user0_.user_user_id as user_use5_21_0_, user0_.user_user_password as user_use6_21_0_ from user user0_ where user0_.user_id=?
Hibernate: select character0_.character_id as characte1_6_0_, character0_.character_character_name as characte2_6_0_ from characters character0_ where character0_.character_id=?
Hibernate: select count(*) as col_0_0_ from team_building teambuildi0_
Hibernate: select count(*) as col_0_0_ from team_building teambuildi0_
Hibernate: select teambuildi0_.team_building_team_building_id as team_bui1_19_, teambuildi0_.team_building_created_at as team_bui2_19_, teambuildi0_.team_building_last_modified_at as team_bui3_19_, teambuildi0_.team_building_team_building_title as team_bui4_19_ from team_building teambuildi0_ order by teambuildi0_.team_building_created_at desc, teambuildi0_.team_building_team_building_id desc limit ?
Hibernate: select teamlist0_.team_building_team_building_id as team_bui4_18_0_, teamlist0_.team_team_id as team_tea1_18_0_, teamlist0_.team_team_id as team_tea1_18_1_, teamlist0_.team_last_modified_at as team_las2_18_1_, teamlist0_.team_building_team_building_id as team_bui4_18_1_, teamlist0_.team_team_name as team_tea3_18_1_ from team teamlist0_ where teamlist0_.team_building_team_building_id=?
Hibernate: select teamuserli0_.team_team_id as team_tea2_20_0_, teamuserli0_.team_user_id as team_use1_20_0_, teamuserli0_.team_user_id as team_use1_20_1_, teamuserli0_.team_team_id as team_tea2_20_1_, teamuserli0_.user_id as user_id3_20_1_ from team_user teamuserli0_ where teamuserli0_.team_team_id=?
Hibernate: select user0_.user_id as user_id1_21_0_, user0_.character_id as characte7_21_0_, user0_.user_created_at as user_cre2_21_0_, user0_.user_name as user_nam3_21_0_, user0_.user_phone_number as user_pho4_21_0_, user0_.user_user_id as user_use5_21_0_, user0_.user_user_password as user_use6_21_0_ from user user0_ where user0_.user_id=?
Hibernate: select character0_.character_id as characte1_6_0_, character0_.character_character_name as characte2_6_0_ from characters character0_ where character0_.character_id=?
Hibernate: select user0_.user_id as user_id1_21_0_, user0_.character_id as characte7_21_0_, user0_.user_created_at as user_cre2_21_0_, user0_.user_name as user_nam3_21_0_, user0_.user_phone_number as user_pho4_21_0_, user0_.user_user_id as user_use5_21_0_, user0_.user_user_password as user_use6_21_0_ from user user0_ where user0_.user_id=?
Hibernate: select user0_.user_id as user_id1_21_0_, user0_.character_id as characte7_21_0_, user0_.user_created_at as user_cre2_21_0_, user0_.user_name as user_nam3_21_0_, user0_.user_phone_number as user_pho4_21_0_, user0_.user_user_id as user_use5_21_0_, user0_.user_user_password as user_use6_21_0_ from user user0_ where user0_.user_id=?
Hibernate: select teamuserli0_.team_team_id as team_tea2_20_0_, teamuserli0_.team_user_id as team_use1_20_0_, teamuserli0_.team_user_id as team_use1_20_1_, teamuserli0_.team_team_id as team_tea2_20_1_, teamuserli0_.user_id as user_id3_20_1_ from team_user teamuserli0_ where teamuserli0_.team_team_id=?
Hibernate: select user0_.user_id as user_id1_21_0_, user0_.character_id as characte7_21_0_, user0_.user_created_at as user_cre2_21_0_, user0_.user_name as user_nam3_21_0_, user0_.user_phone_number as user_pho4_21_0_, user0_.user_user_id as user_use5_21_0_, user0_.user_user_password as user_use6_21_0_ from user user0_ where user0_.user_id=?
Hibernate: select user0_.user_id as user_id1_21_0_, user0_.character_id as characte7_21_0_, user0_.user_created_at as user_cre2_21_0_, user0_.user_name as user_nam3_21_0_, user0_.user_phone_number as user_pho4_21_0_, user0_.user_user_id as user_use5_21_0_, user0_.user_user_password as user_use6_21_0_ from user user0_ where user0_.user_id=?
Hibernate: select user0_.user_id as user_id1_21_0_, user0_.character_id as characte7_21_0_, user0_.user_created_at as user_cre2_21_0_, user0_.user_name as user_nam3_21_0_, user0_.user_phone_number as user_pho4_21_0_, user0_.user_user_id as user_use5_21_0_, user0_.user_user_password as user_use6_21_0_ from user user0_ where user0_.user_id=?
Hibernate: select character0_.character_id as characte1_6_0_, character0_.character_character_name as characte2_6_0_ from characters character0_ where character0_.character_id=?
Hibernate: select count(*) as col_0_0_ from user user0_ where user0_.user_id=?
Hibernate: select character1_.character_id as characte1_6_, character1_.character_character_name as characte2_6_ from user user0_ inner join characters character1_ on user0_.character_id=character1_.character_id where user0_.user_id=?
Hibernate: select permission0_.character_id as characte6_12_0_, permission0_.permission_id as permissi1_12_0_, permission0_.permission_id as permissi1_12_1_, permission0_.character_id as characte6_12_1_, permission0_.permission_name as permissi2_12_1_, permission0_.permission_permission_unit_id as permissi3_12_1_, permission0_.permission_service as permissi4_12_1_, permission0_.permission_status as permissi5_12_1_ from permission permission0_ where permission0_.character_id=?
Hibernate: select count(*) as col_0_0_ from team team0_ where team0_.team_team_id=?
Hibernate: select team0_.team_team_id as team_tea1_18_0_, team0_.team_last_modified_at as team_las2_18_0_, team0_.team_building_team_building_id as team_bui4_18_0_, team0_.team_team_name as team_tea3_18_0_ from team team0_ where team0_.team_team_id=?
Hibernate: select teambuildi0_.team_building_team_building_id as team_bui1_19_0_, teambuildi0_.team_building_created_at as team_bui2_19_0_, teambuildi0_.team_building_last_modified_at as team_bui3_19_0_, teambuildi0_.team_building_team_building_title as team_bui4_19_0_ from team_building teambuildi0_ where teambuildi0_.team_building_team_building_id=?
Hibernate: select teamuserli0_.team_team_id as team_tea2_20_0_, teamuserli0_.team_user_id as team_use1_20_0_, teamuserli0_.team_user_id as team_use1_20_1_, teamuserli0_.team_team_id as team_tea2_20_1_, teamuserli0_.user_id as user_id3_20_1_ from team_user teamuserli0_ where teamuserli0_.team_team_id=?
Hibernate: select user0_.user_id as user_id1_21_0_, user0_.character_id as characte7_21_0_, user0_.user_created_at as user_cre2_21_0_, user0_.user_name as user_nam3_21_0_, user0_.user_phone_number as user_pho4_21_0_, user0_.user_user_id as user_use5_21_0_, user0_.user_user_password as user_use6_21_0_ from user user0_ where user0_.user_id=?
Hibernate: select user0_.user_id as user_id1_21_0_, user0_.character_id as characte7_21_0_, user0_.user_created_at as user_cre2_21_0_, user0_.user_name as user_nam3_21_0_, user0_.user_phone_number as user_pho4_21_0_, user0_.user_user_id as user_use5_21_0_, user0_.user_user_password as user_use6_21_0_ from user user0_ where user0_.user_id=?
Hibernate: select user0_.user_id as user_id1_21_0_, user0_.character_id as characte7_21_0_, user0_.user_created_at as user_cre2_21_0_, user0_.user_name as user_nam3_21_0_, user0_.user_phone_number as user_pho4_21_0_, user0_.user_user_id as user_use5_21_0_, user0_.user_user_password as user_use6_21_0_ from user user0_ where user0_.user_id=?

MockHttpServletRequest:
      HTTP Method = PATCH
      Request URI = /teambuilding/team/73
       Parameters = {}
          Headers = [Content-Type:"application/json;charset=UTF-8", Accept:"application/json", api-version:"1.0", Authorization:"Bearer eyJhbGciOiJIUzI1NiJ9.eyJzdWIiOiIyNzAiLCJpYXQiOjE2ODc4Nzc0NjksImV4cCI6MTY4Nzg4MTA2OX0.fReSNtZZnXVBBywreKBMlzkHy_j-rJhzqeUw5lib65I", Content-Length:"23"]
             Body = {"team_name":"chisam!"}
    Session Attrs = {}

Handler:
             Type = org.waldreg.controller.teambuilding.TeamBuildingController
           Method = org.waldreg.controller.teambuilding.TeamBuildingController#updateTeamNameByTeamId(int, TeamUpdateRequest, PermissionVerifyState)

Async:
    Async started = false
     Async result = null

Resolved Exception:
             Type = org.waldreg.character.exception.NoPermissionException

ModelAndView:
        View name = null
             View = null
            Model = null

FlashMap:
       Attributes = null

MockHttpServletResponse:
           Status = 403
    Error message = null
          Headers = [Vary:"Origin", "Access-Control-Request-Method", "Access-Control-Request-Headers", Api-version:"1.0", Content-Type:"application/json"]
     Content type = application/json
             Body = {"code":"CHARACTER-403","messages":"No permission","document_url":"docs.waldreg.org"}
    Forwarded URL = null
   Redirected URL = null
          Cookies = []
Hibernate: select user0_.user_id as col_0_0_ from user user0_ where user0_.user_user_id=? limit ?
Hibernate: select user0_.user_id as col_0_0_ from user user0_ where user0_.user_user_id=? limit ?
Hibernate: select U.* from USER U where U.USER_USER_ID =?
Hibernate: select character0_.character_id as characte1_6_0_, character0_.character_character_name as characte2_6_0_ from characters character0_ where character0_.character_id=?
Hibernate: select user0_.user_id as user_id1_21_0_, user0_.character_id as characte7_21_0_, user0_.user_created_at as user_cre2_21_0_, user0_.user_name as user_nam3_21_0_, user0_.user_phone_number as user_pho4_21_0_, user0_.user_user_id as user_use5_21_0_, user0_.user_user_password as user_use6_21_0_ from user user0_ where user0_.user_id=?
Hibernate: select character0_.character_id as characte1_6_0_, character0_.character_character_name as characte2_6_0_ from characters character0_ where character0_.character_id=?
Hibernate: select count(*) as col_0_0_ from team_building teambuildi0_
Hibernate: select count(*) as col_0_0_ from team_building teambuildi0_
Hibernate: select teambuildi0_.team_building_team_building_id as team_bui1_19_, teambuildi0_.team_building_created_at as team_bui2_19_, teambuildi0_.team_building_last_modified_at as team_bui3_19_, teambuildi0_.team_building_team_building_title as team_bui4_19_ from team_building teambuildi0_ order by teambuildi0_.team_building_created_at desc, teambuildi0_.team_building_team_building_id desc limit ?
Hibernate: select teamlist0_.team_building_team_building_id as team_bui4_18_0_, teamlist0_.team_team_id as team_tea1_18_0_, teamlist0_.team_team_id as team_tea1_18_1_, teamlist0_.team_last_modified_at as team_las2_18_1_, teamlist0_.team_building_team_building_id as team_bui4_18_1_, teamlist0_.team_team_name as team_tea3_18_1_ from team teamlist0_ where teamlist0_.team_building_team_building_id=?
Hibernate: select teamuserli0_.team_team_id as team_tea2_20_0_, teamuserli0_.team_user_id as team_use1_20_0_, teamuserli0_.team_user_id as team_use1_20_1_, teamuserli0_.team_team_id as team_tea2_20_1_, teamuserli0_.user_id as user_id3_20_1_ from team_user teamuserli0_ where teamuserli0_.team_team_id=?
Hibernate: select user0_.user_id as user_id1_21_0_, user0_.character_id as characte7_21_0_, user0_.user_created_at as user_cre2_21_0_, user0_.user_name as user_nam3_21_0_, user0_.user_phone_number as user_pho4_21_0_, user0_.user_user_id as user_use5_21_0_, user0_.user_user_password as user_use6_21_0_ from user user0_ where user0_.user_id=?
Hibernate: select character0_.character_id as characte1_6_0_, character0_.character_character_name as characte2_6_0_ from characters character0_ where character0_.character_id=?
Hibernate: select user0_.user_id as user_id1_21_0_, user0_.character_id as characte7_21_0_, user0_.user_created_at as user_cre2_21_0_, user0_.user_name as user_nam3_21_0_, user0_.user_phone_number as user_pho4_21_0_, user0_.user_user_id as user_use5_21_0_, user0_.user_user_password as user_use6_21_0_ from user user0_ where user0_.user_id=?
Hibernate: select user0_.user_id as user_id1_21_0_, user0_.character_id as characte7_21_0_, user0_.user_created_at as user_cre2_21_0_, user0_.user_name as user_nam3_21_0_, user0_.user_phone_number as user_pho4_21_0_, user0_.user_user_id as user_use5_21_0_, user0_.user_user_password as user_use6_21_0_ from user user0_ where user0_.user_id=?
Hibernate: select teamuserli0_.team_team_id as team_tea2_20_0_, teamuserli0_.team_user_id as team_use1_20_0_, teamuserli0_.team_user_id as team_use1_20_1_, teamuserli0_.team_team_id as team_tea2_20_1_, teamuserli0_.user_id as user_id3_20_1_ from team_user teamuserli0_ where teamuserli0_.team_team_id=?
Hibernate: select user0_.user_id as user_id1_21_0_, user0_.character_id as characte7_21_0_, user0_.user_created_at as user_cre2_21_0_, user0_.user_name as user_nam3_21_0_, user0_.user_phone_number as user_pho4_21_0_, user0_.user_user_id as user_use5_21_0_, user0_.user_user_password as user_use6_21_0_ from user user0_ where user0_.user_id=?
Hibernate: select user0_.user_id as user_id1_21_0_, user0_.character_id as characte7_21_0_, user0_.user_created_at as user_cre2_21_0_, user0_.user_name as user_nam3_21_0_, user0_.user_phone_number as user_pho4_21_0_, user0_.user_user_id as user_use5_21_0_, user0_.user_user_password as user_use6_21_0_ from user user0_ where user0_.user_id=?
Hibernate: select user0_.user_id as user_id1_21_0_, user0_.character_id as characte7_21_0_, user0_.user_created_at as user_cre2_21_0_, user0_.user_name as user_nam3_21_0_, user0_.user_phone_number as user_pho4_21_0_, user0_.user_user_id as user_use5_21_0_, user0_.user_user_password as user_use6_21_0_ from user user0_ where user0_.user_id=?
Hibernate: select character0_.character_id as characte1_6_0_, character0_.character_character_name as characte2_6_0_ from characters character0_ where character0_.character_id=?
Hibernate: select count(*) as col_0_0_ from user user0_ where user0_.user_id=?
Hibernate: select character1_.character_id as characte1_6_, character1_.character_character_name as characte2_6_ from user user0_ inner join characters character1_ on user0_.character_id=character1_.character_id where user0_.user_id=?
Hibernate: select permission0_.character_id as characte6_12_0_, permission0_.permission_id as permissi1_12_0_, permission0_.permission_id as permissi1_12_1_, permission0_.character_id as characte6_12_1_, permission0_.permission_name as permissi2_12_1_, permission0_.permission_permission_unit_id as permissi3_12_1_, permission0_.permission_service as permissi4_12_1_, permission0_.permission_status as permissi5_12_1_ from permission permission0_ where permission0_.character_id=?
Hibernate: select count(*) as col_0_0_ from team_building teambuildi0_ where teambuildi0_.team_building_team_building_id=?
Hibernate: select teambuildi0_.team_building_team_building_id as team_bui1_19_0_, teambuildi0_.team_building_created_at as team_bui2_19_0_, teambuildi0_.team_building_last_modified_at as team_bui3_19_0_, teambuildi0_.team_building_team_building_title as team_bui4_19_0_ from team_building teambuildi0_ where teambuildi0_.team_building_team_building_id=?
Hibernate: select teamlist0_.team_building_team_building_id as team_bui4_18_0_, teamlist0_.team_team_id as team_tea1_18_0_, teamlist0_.team_team_id as team_tea1_18_1_, teamlist0_.team_last_modified_at as team_las2_18_1_, teamlist0_.team_building_team_building_id as team_bui4_18_1_, teamlist0_.team_team_name as team_tea3_18_1_ from team teamlist0_ where teamlist0_.team_building_team_building_id=?
Hibernate: select teamuserli0_.team_team_id as team_tea2_20_0_, teamuserli0_.team_user_id as team_use1_20_0_, teamuserli0_.team_user_id as team_use1_20_1_, teamuserli0_.team_team_id as team_tea2_20_1_, teamuserli0_.user_id as user_id3_20_1_ from team_user teamuserli0_ where teamuserli0_.team_team_id=?
Hibernate: select user0_.user_id as user_id1_21_0_, user0_.character_id as characte7_21_0_, user0_.user_created_at as user_cre2_21_0_, user0_.user_name as user_nam3_21_0_, user0_.user_phone_number as user_pho4_21_0_, user0_.user_user_id as user_use5_21_0_, user0_.user_user_password as user_use6_21_0_ from user user0_ where user0_.user_id=?
Hibernate: select character0_.character_id as characte1_6_0_, character0_.character_character_name as characte2_6_0_ from characters character0_ where character0_.character_id=?
Hibernate: select user0_.user_id as user_id1_21_0_, user0_.character_id as characte7_21_0_, user0_.user_created_at as user_cre2_21_0_, user0_.user_name as user_nam3_21_0_, user0_.user_phone_number as user_pho4_21_0_, user0_.user_user_id as user_use5_21_0_, user0_.user_user_password as user_use6_21_0_ from user user0_ where user0_.user_id=?
Hibernate: select user0_.user_id as user_id1_21_0_, user0_.character_id as characte7_21_0_, user0_.user_created_at as user_cre2_21_0_, user0_.user_name as user_nam3_21_0_, user0_.user_phone_number as user_pho4_21_0_, user0_.user_user_id as user_use5_21_0_, user0_.user_user_password as user_use6_21_0_ from user user0_ where user0_.user_id=?
Hibernate: select teamuserli0_.team_team_id as team_tea2_20_0_, teamuserli0_.team_user_id as team_use1_20_0_, teamuserli0_.team_user_id as team_use1_20_1_, teamuserli0_.team_team_id as team_tea2_20_1_, teamuserli0_.user_id as user_id3_20_1_ from team_user teamuserli0_ where teamuserli0_.team_team_id=?
Hibernate: select user0_.user_id as user_id1_21_0_, user0_.character_id as characte7_21_0_, user0_.user_created_at as user_cre2_21_0_, user0_.user_name as user_nam3_21_0_, user0_.user_phone_number as user_pho4_21_0_, user0_.user_user_id as user_use5_21_0_, user0_.user_user_password as user_use6_21_0_ from user user0_ where user0_.user_id=?
Hibernate: select user0_.user_id as user_id1_21_0_, user0_.character_id as characte7_21_0_, user0_.user_created_at as user_cre2_21_0_, user0_.user_name as user_nam3_21_0_, user0_.user_phone_number as user_pho4_21_0_, user0_.user_user_id as user_use5_21_0_, user0_.user_user_password as user_use6_21_0_ from user user0_ where user0_.user_id=?
Hibernate: delete from team_user where team_user_id=?
Hibernate: delete from team_user where team_user_id=?
Hibernate: delete from team_user where team_user_id=?
Hibernate: delete from team where team_team_id=?
Hibernate: delete from team_user where team_user_id=?
Hibernate: delete from team_user where team_user_id=?
Hibernate: delete from team where team_team_id=?
Hibernate: delete from team_building where team_building_team_building_id=?
Hibernate: select user0_.user_id as user_id1_21_0_, user0_.character_id as characte7_21_0_, user0_.user_created_at as user_cre2_21_0_, user0_.user_name as user_nam3_21_0_, user0_.user_phone_number as user_pho4_21_0_, user0_.user_user_id as user_use5_21_0_, user0_.user_user_password as user_use6_21_0_ from user user0_ where user0_.user_id=?
Hibernate: select character0_.character_id as characte1_6_0_, character0_.character_character_name as characte2_6_0_ from characters character0_ where character0_.character_id=?
Hibernate: select count(*) as col_0_0_ from team_building teambuildi0_ where teambuildi0_.team_building_team_building_id=?
Hibernate: select user0_.user_id as col_0_0_ from user user0_ where user0_.user_user_id=? limit ?
Hibernate: select user0_.user_id as col_0_0_ from user user0_ where user0_.user_user_id=? limit ?
Hibernate: select U.* from USER U where U.USER_USER_ID =?
Hibernate: select character0_.character_id as characte1_6_0_, character0_.character_character_name as characte2_6_0_ from characters character0_ where character0_.character_id=?
Hibernate: select user0_.user_id as col_0_0_ from user user0_ where user0_.user_user_id=? limit ?
Hibernate: select user0_.user_id as user_id1_21_, user0_.character_id as characte7_21_, user0_.user_created_at as user_cre2_21_, user0_.user_name as user_nam3_21_, user0_.user_phone_number as user_pho4_21_, user0_.user_user_id as user_use5_21_, user0_.user_user_password as user_use6_21_ from user user0_ inner join characters character1_ on user0_.character_id=character1_.character_id where user0_.user_user_id=?
Hibernate: select character0_.character_id as characte1_6_0_, character0_.character_character_name as characte2_6_0_ from characters character0_ where character0_.character_id=?
Hibernate: select rewardtagw0_.user_id as user_id4_16_0_, rewardtagw0_.reward_tag_wrapper_reward_id as reward_t1_16_0_, rewardtagw0_.reward_tag_wrapper_reward_id as reward_t1_16_1_, rewardtagw0_.reward_tag_wrapper_reward_presented_at as reward_t2_16_1_, rewardtagw0_.reward_tag_reward_tag_id as reward_t3_16_1_, rewardtagw0_.user_id as user_id4_16_1_ from reward_tag_wrapper rewardtagw0_ where rewardtagw0_.user_id=?
Hibernate: select user0_.user_id as user_id1_21_0_, user0_.character_id as characte7_21_0_, user0_.user_created_at as user_cre2_21_0_, user0_.user_name as user_nam3_21_0_, user0_.user_phone_number as user_pho4_21_0_, user0_.user_user_id as user_use5_21_0_, user0_.user_user_password as user_use6_21_0_ from user user0_ where user0_.user_id=?
Hibernate: select character0_.character_id as characte1_6_0_, character0_.character_character_name as characte2_6_0_ from characters character0_ where character0_.character_id=?
Hibernate: select count(*) as col_0_0_ from user user0_ where user0_.user_id=?
Hibernate: select character1_.character_id as characte1_6_, character1_.character_character_name as characte2_6_ from user user0_ inner join characters character1_ on user0_.character_id=character1_.character_id where user0_.user_id=?
Hibernate: select permission0_.character_id as characte6_12_0_, permission0_.permission_id as permissi1_12_0_, permission0_.permission_id as permissi1_12_1_, permission0_.character_id as characte6_12_1_, permission0_.permission_name as permissi2_12_1_, permission0_.permission_permission_unit_id as permissi3_12_1_, permission0_.permission_service as permissi4_12_1_, permission0_.permission_status as permissi5_12_1_ from permission permission0_ where permission0_.character_id=?
Hibernate: select count(*) as col_0_0_ from user user0_ where user0_.user_id=?
Hibernate: select user0_.user_id as user_id1_21_, user0_.character_id as characte7_21_, user0_.user_created_at as user_cre2_21_, user0_.user_name as user_nam3_21_, user0_.user_phone_number as user_pho4_21_, user0_.user_user_id as user_use5_21_, user0_.user_user_password as user_use6_21_ from user user0_ where user0_.user_id=?
Hibernate: select character0_.character_id as characte1_6_0_, character0_.character_character_name as characte2_6_0_ from characters character0_ where character0_.character_id=?
Hibernate: select rewardtagw0_.user_id as user_id4_16_0_, rewardtagw0_.reward_tag_wrapper_reward_id as reward_t1_16_0_, rewardtagw0_.reward_tag_wrapper_reward_id as reward_t1_16_1_, rewardtagw0_.reward_tag_wrapper_reward_presented_at as reward_t2_16_1_, rewardtagw0_.reward_tag_reward_tag_id as reward_t3_16_1_, rewardtagw0_.user_id as user_id4_16_1_ from reward_tag_wrapper rewardtagw0_ where rewardtagw0_.user_id=?
Hibernate: select attendance0_.attendance_user_attendance_user_id as col_0_0_ from attendance_user attendance0_ where attendance0_.user_id=? limit ?
Hibernate: DELETE FROM USER WHERE USER_ID = ?
Hibernate: select user0_.user_id as col_0_0_ from user user0_ where user0_.user_user_id=? limit ?
Hibernate: select user0_.user_id as col_0_0_ from user user0_ where user0_.user_user_id=? limit ?
Hibernate: select user0_.user_id as user_id1_21_, user0_.character_id as characte7_21_, user0_.user_created_at as user_cre2_21_, user0_.user_name as user_nam3_21_, user0_.user_phone_number as user_pho4_21_, user0_.user_user_id as user_use5_21_, user0_.user_user_password as user_use6_21_ from user user0_ inner join characters character1_ on user0_.character_id=character1_.character_id where user0_.user_user_id=?
Hibernate: select character0_.character_id as characte1_6_0_, character0_.character_character_name as characte2_6_0_ from characters character0_ where character0_.character_id=?
Hibernate: select rewardtagw0_.user_id as user_id4_16_0_, rewardtagw0_.reward_tag_wrapper_reward_id as reward_t1_16_0_, rewardtagw0_.reward_tag_wrapper_reward_id as reward_t1_16_1_, rewardtagw0_.reward_tag_wrapper_reward_presented_at as reward_t2_16_1_, rewardtagw0_.reward_tag_reward_tag_id as reward_t3_16_1_, rewardtagw0_.user_id as user_id4_16_1_ from reward_tag_wrapper rewardtagw0_ where rewardtagw0_.user_id=?
Hibernate: select user0_.user_id as user_id1_21_0_, user0_.character_id as characte7_21_0_, user0_.user_created_at as user_cre2_21_0_, user0_.user_name as user_nam3_21_0_, user0_.user_phone_number as user_pho4_21_0_, user0_.user_user_id as user_use5_21_0_, user0_.user_user_password as user_use6_21_0_ from user user0_ where user0_.user_id=?
Hibernate: select character0_.character_id as characte1_6_0_, character0_.character_character_name as characte2_6_0_ from characters character0_ where character0_.character_id=?
Hibernate: select count(*) as col_0_0_ from user user0_ where user0_.user_id=?
Hibernate: select character1_.character_id as characte1_6_, character1_.character_character_name as characte2_6_ from user user0_ inner join characters character1_ on user0_.character_id=character1_.character_id where user0_.user_id=?
Hibernate: select permission0_.character_id as characte6_12_0_, permission0_.permission_id as permissi1_12_0_, permission0_.permission_id as permissi1_12_1_, permission0_.character_id as characte6_12_1_, permission0_.permission_name as permissi2_12_1_, permission0_.permission_permission_unit_id as permissi3_12_1_, permission0_.permission_service as permissi4_12_1_, permission0_.permission_status as permissi5_12_1_ from permission permission0_ where permission0_.character_id=?
Hibernate: select count(*) as col_0_0_ from user user0_ where user0_.user_id=?
Hibernate: select user0_.user_id as user_id1_21_, user0_.character_id as characte7_21_, user0_.user_created_at as user_cre2_21_, user0_.user_name as user_nam3_21_, user0_.user_phone_number as user_pho4_21_, user0_.user_user_id as user_use5_21_, user0_.user_user_password as user_use6_21_ from user user0_ where user0_.user_id=?
Hibernate: select character0_.character_id as characte1_6_0_, character0_.character_character_name as characte2_6_0_ from characters character0_ where character0_.character_id=?
Hibernate: select rewardtagw0_.user_id as user_id4_16_0_, rewardtagw0_.reward_tag_wrapper_reward_id as reward_t1_16_0_, rewardtagw0_.reward_tag_wrapper_reward_id as reward_t1_16_1_, rewardtagw0_.reward_tag_wrapper_reward_presented_at as reward_t2_16_1_, rewardtagw0_.reward_tag_reward_tag_id as reward_t3_16_1_, rewardtagw0_.user_id as user_id4_16_1_ from reward_tag_wrapper rewardtagw0_ where rewardtagw0_.user_id=?
Hibernate: select attendance0_.attendance_user_attendance_user_id as col_0_0_ from attendance_user attendance0_ where attendance0_.user_id=? limit ?
Hibernate: DELETE FROM USER WHERE USER_ID = ?
Hibernate: select user0_.user_id as col_0_0_ from user user0_ where user0_.user_user_id=? limit ?
Hibernate: select user0_.user_id as col_0_0_ from user user0_ where user0_.user_user_id=? limit ?
Hibernate: select user0_.user_id as user_id1_21_, user0_.character_id as characte7_21_, user0_.user_created_at as user_cre2_21_, user0_.user_name as user_nam3_21_, user0_.user_phone_number as user_pho4_21_, user0_.user_user_id as user_use5_21_, user0_.user_user_password as user_use6_21_ from user user0_ inner join characters character1_ on user0_.character_id=character1_.character_id where user0_.user_user_id=?
Hibernate: select character0_.character_id as characte1_6_0_, character0_.character_character_name as characte2_6_0_ from characters character0_ where character0_.character_id=?
Hibernate: select rewardtagw0_.user_id as user_id4_16_0_, rewardtagw0_.reward_tag_wrapper_reward_id as reward_t1_16_0_, rewardtagw0_.reward_tag_wrapper_reward_id as reward_t1_16_1_, rewardtagw0_.reward_tag_wrapper_reward_presented_at as reward_t2_16_1_, rewardtagw0_.reward_tag_reward_tag_id as reward_t3_16_1_, rewardtagw0_.user_id as user_id4_16_1_ from reward_tag_wrapper rewardtagw0_ where rewardtagw0_.user_id=?
Hibernate: select user0_.user_id as user_id1_21_0_, user0_.character_id as characte7_21_0_, user0_.user_created_at as user_cre2_21_0_, user0_.user_name as user_nam3_21_0_, user0_.user_phone_number as user_pho4_21_0_, user0_.user_user_id as user_use5_21_0_, user0_.user_user_password as user_use6_21_0_ from user user0_ where user0_.user_id=?
Hibernate: select character0_.character_id as characte1_6_0_, character0_.character_character_name as characte2_6_0_ from characters character0_ where character0_.character_id=?
Hibernate: select count(*) as col_0_0_ from user user0_ where user0_.user_id=?
Hibernate: select character1_.character_id as characte1_6_, character1_.character_character_name as characte2_6_ from user user0_ inner join characters character1_ on user0_.character_id=character1_.character_id where user0_.user_id=?
Hibernate: select permission0_.character_id as characte6_12_0_, permission0_.permission_id as permissi1_12_0_, permission0_.permission_id as permissi1_12_1_, permission0_.character_id as characte6_12_1_, permission0_.permission_name as permissi2_12_1_, permission0_.permission_permission_unit_id as permissi3_12_1_, permission0_.permission_service as permissi4_12_1_, permission0_.permission_status as permissi5_12_1_ from permission permission0_ where permission0_.character_id=?
Hibernate: select count(*) as col_0_0_ from user user0_ where user0_.user_id=?
Hibernate: select user0_.user_id as user_id1_21_, user0_.character_id as characte7_21_, user0_.user_created_at as user_cre2_21_, user0_.user_name as user_nam3_21_, user0_.user_phone_number as user_pho4_21_, user0_.user_user_id as user_use5_21_, user0_.user_user_password as user_use6_21_ from user user0_ where user0_.user_id=?
Hibernate: select character0_.character_id as characte1_6_0_, character0_.character_character_name as characte2_6_0_ from characters character0_ where character0_.character_id=?
Hibernate: select rewardtagw0_.user_id as user_id4_16_0_, rewardtagw0_.reward_tag_wrapper_reward_id as reward_t1_16_0_, rewardtagw0_.reward_tag_wrapper_reward_id as reward_t1_16_1_, rewardtagw0_.reward_tag_wrapper_reward_presented_at as reward_t2_16_1_, rewardtagw0_.reward_tag_reward_tag_id as reward_t3_16_1_, rewardtagw0_.user_id as user_id4_16_1_ from reward_tag_wrapper rewardtagw0_ where rewardtagw0_.user_id=?
Hibernate: select attendance0_.attendance_user_attendance_user_id as col_0_0_ from attendance_user attendance0_ where attendance0_.user_id=? limit ?
Hibernate: DELETE FROM USER WHERE USER_ID = ?
Hibernate: select user0_.user_id as col_0_0_ from user user0_ where user0_.user_user_id=? limit ?
Hibernate: select user0_.user_id as col_0_0_ from user user0_ where user0_.user_user_id=? limit ?
Hibernate: select user0_.user_id as user_id1_21_, user0_.character_id as characte7_21_, user0_.user_created_at as user_cre2_21_, user0_.user_name as user_nam3_21_, user0_.user_phone_number as user_pho4_21_, user0_.user_user_id as user_use5_21_, user0_.user_user_password as user_use6_21_ from user user0_ inner join characters character1_ on user0_.character_id=character1_.character_id where user0_.user_user_id=?
Hibernate: select character0_.character_id as characte1_6_0_, character0_.character_character_name as characte2_6_0_ from characters character0_ where character0_.character_id=?
Hibernate: select rewardtagw0_.user_id as user_id4_16_0_, rewardtagw0_.reward_tag_wrapper_reward_id as reward_t1_16_0_, rewardtagw0_.reward_tag_wrapper_reward_id as reward_t1_16_1_, rewardtagw0_.reward_tag_wrapper_reward_presented_at as reward_t2_16_1_, rewardtagw0_.reward_tag_reward_tag_id as reward_t3_16_1_, rewardtagw0_.user_id as user_id4_16_1_ from reward_tag_wrapper rewardtagw0_ where rewardtagw0_.user_id=?
Hibernate: select user0_.user_id as user_id1_21_0_, user0_.character_id as characte7_21_0_, user0_.user_created_at as user_cre2_21_0_, user0_.user_name as user_nam3_21_0_, user0_.user_phone_number as user_pho4_21_0_, user0_.user_user_id as user_use5_21_0_, user0_.user_user_password as user_use6_21_0_ from user user0_ where user0_.user_id=?
Hibernate: select character0_.character_id as characte1_6_0_, character0_.character_character_name as characte2_6_0_ from characters character0_ where character0_.character_id=?
Hibernate: select count(*) as col_0_0_ from user user0_ where user0_.user_id=?
Hibernate: select character1_.character_id as characte1_6_, character1_.character_character_name as characte2_6_ from user user0_ inner join characters character1_ on user0_.character_id=character1_.character_id where user0_.user_id=?
Hibernate: select permission0_.character_id as characte6_12_0_, permission0_.permission_id as permissi1_12_0_, permission0_.permission_id as permissi1_12_1_, permission0_.character_id as characte6_12_1_, permission0_.permission_name as permissi2_12_1_, permission0_.permission_permission_unit_id as permissi3_12_1_, permission0_.permission_service as permissi4_12_1_, permission0_.permission_status as permissi5_12_1_ from permission permission0_ where permission0_.character_id=?
Hibernate: select count(*) as col_0_0_ from user user0_ where user0_.user_id=?
Hibernate: select user0_.user_id as user_id1_21_, user0_.character_id as characte7_21_, user0_.user_created_at as user_cre2_21_, user0_.user_name as user_nam3_21_, user0_.user_phone_number as user_pho4_21_, user0_.user_user_id as user_use5_21_, user0_.user_user_password as user_use6_21_ from user user0_ where user0_.user_id=?
Hibernate: select character0_.character_id as characte1_6_0_, character0_.character_character_name as characte2_6_0_ from characters character0_ where character0_.character_id=?
Hibernate: select rewardtagw0_.user_id as user_id4_16_0_, rewardtagw0_.reward_tag_wrapper_reward_id as reward_t1_16_0_, rewardtagw0_.reward_tag_wrapper_reward_id as reward_t1_16_1_, rewardtagw0_.reward_tag_wrapper_reward_presented_at as reward_t2_16_1_, rewardtagw0_.reward_tag_reward_tag_id as reward_t3_16_1_, rewardtagw0_.user_id as user_id4_16_1_ from reward_tag_wrapper rewardtagw0_ where rewardtagw0_.user_id=?
Hibernate: select attendance0_.attendance_user_attendance_user_id as col_0_0_ from attendance_user attendance0_ where attendance0_.user_id=? limit ?
Hibernate: DELETE FROM USER WHERE USER_ID = ?
Hibernate: select user0_.user_id as col_0_0_ from user user0_ where user0_.user_user_id=? limit ?
Hibernate: select user0_.user_id as col_0_0_ from user user0_ where user0_.user_user_id=? limit ?
Hibernate: select user0_.user_id as user_id1_21_, user0_.character_id as characte7_21_, user0_.user_created_at as user_cre2_21_, user0_.user_name as user_nam3_21_, user0_.user_phone_number as user_pho4_21_, user0_.user_user_id as user_use5_21_, user0_.user_user_password as user_use6_21_ from user user0_ inner join characters character1_ on user0_.character_id=character1_.character_id where user0_.user_user_id=?
Hibernate: select character0_.character_id as characte1_6_0_, character0_.character_character_name as characte2_6_0_ from characters character0_ where character0_.character_id=?
Hibernate: select rewardtagw0_.user_id as user_id4_16_0_, rewardtagw0_.reward_tag_wrapper_reward_id as reward_t1_16_0_, rewardtagw0_.reward_tag_wrapper_reward_id as reward_t1_16_1_, rewardtagw0_.reward_tag_wrapper_reward_presented_at as reward_t2_16_1_, rewardtagw0_.reward_tag_reward_tag_id as reward_t3_16_1_, rewardtagw0_.user_id as user_id4_16_1_ from reward_tag_wrapper rewardtagw0_ where rewardtagw0_.user_id=?
Hibernate: select user0_.user_id as user_id1_21_0_, user0_.character_id as characte7_21_0_, user0_.user_created_at as user_cre2_21_0_, user0_.user_name as user_nam3_21_0_, user0_.user_phone_number as user_pho4_21_0_, user0_.user_user_id as user_use5_21_0_, user0_.user_user_password as user_use6_21_0_ from user user0_ where user0_.user_id=?
Hibernate: select character0_.character_id as characte1_6_0_, character0_.character_character_name as characte2_6_0_ from characters character0_ where character0_.character_id=?
Hibernate: select count(*) as col_0_0_ from user user0_ where user0_.user_id=?
Hibernate: select character1_.character_id as characte1_6_, character1_.character_character_name as characte2_6_ from user user0_ inner join characters character1_ on user0_.character_id=character1_.character_id where user0_.user_id=?
Hibernate: select permission0_.character_id as characte6_12_0_, permission0_.permission_id as permissi1_12_0_, permission0_.permission_id as permissi1_12_1_, permission0_.character_id as characte6_12_1_, permission0_.permission_name as permissi2_12_1_, permission0_.permission_permission_unit_id as permissi3_12_1_, permission0_.permission_service as permissi4_12_1_, permission0_.permission_status as permissi5_12_1_ from permission permission0_ where permission0_.character_id=?
Hibernate: select count(*) as col_0_0_ from user user0_ where user0_.user_id=?
Hibernate: select user0_.user_id as user_id1_21_, user0_.character_id as characte7_21_, user0_.user_created_at as user_cre2_21_, user0_.user_name as user_nam3_21_, user0_.user_phone_number as user_pho4_21_, user0_.user_user_id as user_use5_21_, user0_.user_user_password as user_use6_21_ from user user0_ where user0_.user_id=?
Hibernate: select character0_.character_id as characte1_6_0_, character0_.character_character_name as characte2_6_0_ from characters character0_ where character0_.character_id=?
Hibernate: select rewardtagw0_.user_id as user_id4_16_0_, rewardtagw0_.reward_tag_wrapper_reward_id as reward_t1_16_0_, rewardtagw0_.reward_tag_wrapper_reward_id as reward_t1_16_1_, rewardtagw0_.reward_tag_wrapper_reward_presented_at as reward_t2_16_1_, rewardtagw0_.reward_tag_reward_tag_id as reward_t3_16_1_, rewardtagw0_.user_id as user_id4_16_1_ from reward_tag_wrapper rewardtagw0_ where rewardtagw0_.user_id=?
Hibernate: select attendance0_.attendance_user_attendance_user_id as col_0_0_ from attendance_user attendance0_ where attendance0_.user_id=? limit ?
Hibernate: DELETE FROM USER WHERE USER_ID = ?
Hibernate: select user0_.user_id as col_0_0_ from user user0_ where user0_.user_user_id=? limit ?
Hibernate: select user0_.user_id as col_0_0_ from user user0_ where user0_.user_user_id=? limit ?
Hibernate: select user0_.user_id as user_id1_21_, user0_.character_id as characte7_21_, user0_.user_created_at as user_cre2_21_, user0_.user_name as user_nam3_21_, user0_.user_phone_number as user_pho4_21_, user0_.user_user_id as user_use5_21_, user0_.user_user_password as user_use6_21_ from user user0_ inner join characters character1_ on user0_.character_id=character1_.character_id where user0_.user_user_id=?
Hibernate: select character0_.character_id as characte1_6_0_, character0_.character_character_name as characte2_6_0_ from characters character0_ where character0_.character_id=?
Hibernate: select rewardtagw0_.user_id as user_id4_16_0_, rewardtagw0_.reward_tag_wrapper_reward_id as reward_t1_16_0_, rewardtagw0_.reward_tag_wrapper_reward_id as reward_t1_16_1_, rewardtagw0_.reward_tag_wrapper_reward_presented_at as reward_t2_16_1_, rewardtagw0_.reward_tag_reward_tag_id as reward_t3_16_1_, rewardtagw0_.user_id as user_id4_16_1_ from reward_tag_wrapper rewardtagw0_ where rewardtagw0_.user_id=?
Hibernate: select user0_.user_id as user_id1_21_0_, user0_.character_id as characte7_21_0_, user0_.user_created_at as user_cre2_21_0_, user0_.user_name as user_nam3_21_0_, user0_.user_phone_number as user_pho4_21_0_, user0_.user_user_id as user_use5_21_0_, user0_.user_user_password as user_use6_21_0_ from user user0_ where user0_.user_id=?
Hibernate: select character0_.character_id as characte1_6_0_, character0_.character_character_name as characte2_6_0_ from characters character0_ where character0_.character_id=?
Hibernate: select count(*) as col_0_0_ from user user0_ where user0_.user_id=?
Hibernate: select character1_.character_id as characte1_6_, character1_.character_character_name as characte2_6_ from user user0_ inner join characters character1_ on user0_.character_id=character1_.character_id where user0_.user_id=?
Hibernate: select permission0_.character_id as characte6_12_0_, permission0_.permission_id as permissi1_12_0_, permission0_.permission_id as permissi1_12_1_, permission0_.character_id as characte6_12_1_, permission0_.permission_name as permissi2_12_1_, permission0_.permission_permission_unit_id as permissi3_12_1_, permission0_.permission_service as permissi4_12_1_, permission0_.permission_status as permissi5_12_1_ from permission permission0_ where permission0_.character_id=?
Hibernate: select count(*) as col_0_0_ from user user0_ where user0_.user_id=?
Hibernate: select user0_.user_id as user_id1_21_, user0_.character_id as characte7_21_, user0_.user_created_at as user_cre2_21_, user0_.user_name as user_nam3_21_, user0_.user_phone_number as user_pho4_21_, user0_.user_user_id as user_use5_21_, user0_.user_user_password as user_use6_21_ from user user0_ where user0_.user_id=?
Hibernate: select character0_.character_id as characte1_6_0_, character0_.character_character_name as characte2_6_0_ from characters character0_ where character0_.character_id=?
Hibernate: select rewardtagw0_.user_id as user_id4_16_0_, rewardtagw0_.reward_tag_wrapper_reward_id as reward_t1_16_0_, rewardtagw0_.reward_tag_wrapper_reward_id as reward_t1_16_1_, rewardtagw0_.reward_tag_wrapper_reward_presented_at as reward_t2_16_1_, rewardtagw0_.reward_tag_reward_tag_id as reward_t3_16_1_, rewardtagw0_.user_id as user_id4_16_1_ from reward_tag_wrapper rewardtagw0_ where rewardtagw0_.user_id=?
Hibernate: select attendance0_.attendance_user_attendance_user_id as col_0_0_ from attendance_user attendance0_ where attendance0_.user_id=? limit ?
Hibernate: DELETE FROM USER WHERE USER_ID = ?
Hibernate: select user0_.user_id as col_0_0_ from user user0_ where user0_.user_user_id=? limit ?
Hibernate: select user0_.user_id as col_0_0_ from user user0_ where user0_.user_user_id=? limit ?
Hibernate: select user0_.user_id as col_0_0_ from user user0_ where user0_.user_user_id=? limit ?
Hibernate: select U.* from USER U where U.USER_USER_ID =?
Hibernate: select character0_.character_id as characte1_6_0_, character0_.character_character_name as characte2_6_0_ from characters character0_ where character0_.character_id=?
Hibernate: select user0_.user_id as user_id1_21_0_, user0_.character_id as characte7_21_0_, user0_.user_created_at as user_cre2_21_0_, user0_.user_name as user_nam3_21_0_, user0_.user_phone_number as user_pho4_21_0_, user0_.user_user_id as user_use5_21_0_, user0_.user_user_password as user_use6_21_0_ from user user0_ where user0_.user_id=?
Hibernate: select character0_.character_id as characte1_6_0_, character0_.character_character_name as characte2_6_0_ from characters character0_ where character0_.character_id=?
Hibernate: select count(*) as col_0_0_ from team_building teambuildi0_
Hibernate: select count(*) as col_0_0_ from team_building teambuildi0_
Hibernate: select user0_.user_id as col_0_0_ from user user0_ where user0_.user_user_id=? limit ?
Hibernate: select user0_.user_id as col_0_0_ from user user0_ where user0_.user_user_id=? limit ?
Hibernate: select U.* from USER U where U.USER_USER_ID =?
Hibernate: select character0_.character_id as characte1_6_0_, character0_.character_character_name as characte2_6_0_ from characters character0_ where character0_.character_id=?
Hibernate: select user0_.user_id as col_0_0_ from user user0_ where user0_.user_user_id=? limit ?
Hibernate: select user0_.user_id as col_0_0_ from user user0_ where user0_.user_user_id=? limit ?
Hibernate: select U.* from USER U where U.USER_USER_ID =?
Hibernate: select character0_.character_id as characte1_6_0_, character0_.character_character_name as characte2_6_0_ from characters character0_ where character0_.character_id=?
Hibernate: select user0_.user_id as col_0_0_ from user user0_ where user0_.user_user_id=? limit ?
Hibernate: select user0_.user_id as col_0_0_ from user user0_ where user0_.user_user_id=? limit ?
Hibernate: select U.* from USER U where U.USER_USER_ID =?
Hibernate: select character0_.character_id as characte1_6_0_, character0_.character_character_name as characte2_6_0_ from characters character0_ where character0_.character_id=?
Hibernate: select user0_.user_id as col_0_0_ from user user0_ where user0_.user_user_id=? limit ?
Hibernate: select userjoinin0_.user_joining_pool_id as col_0_0_ from user_joining_pool userjoinin0_ where userjoinin0_.user_user_id=? limit ?
Hibernate: select character0_.character_id as col_0_0_ from characters character0_ where character0_.character_character_name=? limit ?
Hibernate: insert into user_joining_pool (user_joining_pool_id, user_created_at, user_name, user_phone_number, user_user_id, user_user_password) values (default, ?, ?, ?, ?, ?)
Hibernate: select user0_.user_id as user_id1_21_0_, user0_.character_id as characte7_21_0_, user0_.user_created_at as user_cre2_21_0_, user0_.user_name as user_nam3_21_0_, user0_.user_phone_number as user_pho4_21_0_, user0_.user_user_id as user_use5_21_0_, user0_.user_user_password as user_use6_21_0_ from user user0_ where user0_.user_id=?
Hibernate: select character0_.character_id as characte1_6_0_, character0_.character_character_name as characte2_6_0_ from characters character0_ where character0_.character_id=?
Hibernate: select count(*) as col_0_0_ from user user0_ where user0_.user_id=?
Hibernate: select character1_.character_id as characte1_6_, character1_.character_character_name as characte2_6_ from user user0_ inner join characters character1_ on user0_.character_id=character1_.character_id where user0_.user_id=?
Hibernate: select permission0_.character_id as characte6_12_0_, permission0_.permission_id as permissi1_12_0_, permission0_.permission_id as permissi1_12_1_, permission0_.character_id as characte6_12_1_, permission0_.permission_name as permissi2_12_1_, permission0_.permission_permission_unit_id as permissi3_12_1_, permission0_.permission_service as permissi4_12_1_, permission0_.permission_status as permissi5_12_1_ from permission permission0_ where permission0_.character_id=?
Hibernate: select userjoinin0_.user_joining_pool_id as col_0_0_ from user_joining_pool userjoinin0_ where userjoinin0_.user_user_id=? limit ?
Hibernate: select userjoinin0_.user_joining_pool_id as user_joi1_22_, userjoinin0_.user_created_at as user_cre2_22_, userjoinin0_.user_name as user_nam3_22_, userjoinin0_.user_phone_number as user_pho4_22_, userjoinin0_.user_user_id as user_use5_22_, userjoinin0_.user_user_password as user_use6_22_ from user_joining_pool userjoinin0_ where userjoinin0_.user_user_id=?
Hibernate: select character0_.character_id as characte1_6_, character0_.character_character_name as characte2_6_ from characters character0_ where character0_.character_character_name=?
Hibernate: insert into user (user_id, character_id, user_created_at, user_name, user_phone_number, user_user_id, user_user_password) values (default, ?, ?, ?, ?, ?, ?)
Hibernate: DELETE FROM USER_JOINING_POOL as JU where JU.USER_USER_ID =?
Hibernate: select user0_.user_id as col_0_0_ from user user0_ where user0_.user_user_id=? limit ?
Hibernate: select user0_.user_id as col_0_0_ from user user0_ where user0_.user_user_id=? limit ?
Hibernate: select U.* from USER U where U.USER_USER_ID =?
Hibernate: select character0_.character_id as characte1_6_0_, character0_.character_character_name as characte2_6_0_ from characters character0_ where character0_.character_id=?
Hibernate: select user0_.user_id as col_0_0_ from user user0_ where user0_.user_user_id=? limit ?
Hibernate: select userjoinin0_.user_joining_pool_id as col_0_0_ from user_joining_pool userjoinin0_ where userjoinin0_.user_user_id=? limit ?
Hibernate: select character0_.character_id as col_0_0_ from characters character0_ where character0_.character_character_name=? limit ?
Hibernate: insert into user_joining_pool (user_joining_pool_id, user_created_at, user_name, user_phone_number, user_user_id, user_user_password) values (default, ?, ?, ?, ?, ?)
Hibernate: select user0_.user_id as user_id1_21_0_, user0_.character_id as characte7_21_0_, user0_.user_created_at as user_cre2_21_0_, user0_.user_name as user_nam3_21_0_, user0_.user_phone_number as user_pho4_21_0_, user0_.user_user_id as user_use5_21_0_, user0_.user_user_password as user_use6_21_0_ from user user0_ where user0_.user_id=?
Hibernate: select character0_.character_id as characte1_6_0_, character0_.character_character_name as characte2_6_0_ from characters character0_ where character0_.character_id=?
Hibernate: select count(*) as col_0_0_ from user user0_ where user0_.user_id=?
Hibernate: select character1_.character_id as characte1_6_, character1_.character_character_name as characte2_6_ from user user0_ inner join characters character1_ on user0_.character_id=character1_.character_id where user0_.user_id=?
Hibernate: select permission0_.character_id as characte6_12_0_, permission0_.permission_id as permissi1_12_0_, permission0_.permission_id as permissi1_12_1_, permission0_.character_id as characte6_12_1_, permission0_.permission_name as permissi2_12_1_, permission0_.permission_permission_unit_id as permissi3_12_1_, permission0_.permission_service as permissi4_12_1_, permission0_.permission_status as permissi5_12_1_ from permission permission0_ where permission0_.character_id=?
Hibernate: select userjoinin0_.user_joining_pool_id as col_0_0_ from user_joining_pool userjoinin0_ where userjoinin0_.user_user_id=? limit ?
Hibernate: select userjoinin0_.user_joining_pool_id as user_joi1_22_, userjoinin0_.user_created_at as user_cre2_22_, userjoinin0_.user_name as user_nam3_22_, userjoinin0_.user_phone_number as user_pho4_22_, userjoinin0_.user_user_id as user_use5_22_, userjoinin0_.user_user_password as user_use6_22_ from user_joining_pool userjoinin0_ where userjoinin0_.user_user_id=?
Hibernate: select character0_.character_id as characte1_6_, character0_.character_character_name as characte2_6_ from characters character0_ where character0_.character_character_name=?
Hibernate: insert into user (user_id, character_id, user_created_at, user_name, user_phone_number, user_user_id, user_user_password) values (default, ?, ?, ?, ?, ?, ?)
Hibernate: DELETE FROM USER_JOINING_POOL as JU where JU.USER_USER_ID =?
Hibernate: select user0_.user_id as col_0_0_ from user user0_ where user0_.user_user_id=? limit ?
Hibernate: select user0_.user_id as col_0_0_ from user user0_ where user0_.user_user_id=? limit ?
Hibernate: select U.* from USER U where U.USER_USER_ID =?
Hibernate: select character0_.character_id as characte1_6_0_, character0_.character_character_name as characte2_6_0_ from characters character0_ where character0_.character_id=?
Hibernate: select user0_.user_id as col_0_0_ from user user0_ where user0_.user_user_id=? limit ?
Hibernate: select userjoinin0_.user_joining_pool_id as col_0_0_ from user_joining_pool userjoinin0_ where userjoinin0_.user_user_id=? limit ?
Hibernate: select character0_.character_id as col_0_0_ from characters character0_ where character0_.character_character_name=? limit ?
Hibernate: insert into user_joining_pool (user_joining_pool_id, user_created_at, user_name, user_phone_number, user_user_id, user_user_password) values (default, ?, ?, ?, ?, ?)
Hibernate: select user0_.user_id as user_id1_21_0_, user0_.character_id as characte7_21_0_, user0_.user_created_at as user_cre2_21_0_, user0_.user_name as user_nam3_21_0_, user0_.user_phone_number as user_pho4_21_0_, user0_.user_user_id as user_use5_21_0_, user0_.user_user_password as user_use6_21_0_ from user user0_ where user0_.user_id=?
Hibernate: select character0_.character_id as characte1_6_0_, character0_.character_character_name as characte2_6_0_ from characters character0_ where character0_.character_id=?
Hibernate: select count(*) as col_0_0_ from user user0_ where user0_.user_id=?
Hibernate: select character1_.character_id as characte1_6_, character1_.character_character_name as characte2_6_ from user user0_ inner join characters character1_ on user0_.character_id=character1_.character_id where user0_.user_id=?
Hibernate: select permission0_.character_id as characte6_12_0_, permission0_.permission_id as permissi1_12_0_, permission0_.permission_id as permissi1_12_1_, permission0_.character_id as characte6_12_1_, permission0_.permission_name as permissi2_12_1_, permission0_.permission_permission_unit_id as permissi3_12_1_, permission0_.permission_service as permissi4_12_1_, permission0_.permission_status as permissi5_12_1_ from permission permission0_ where permission0_.character_id=?
Hibernate: select userjoinin0_.user_joining_pool_id as col_0_0_ from user_joining_pool userjoinin0_ where userjoinin0_.user_user_id=? limit ?
Hibernate: select userjoinin0_.user_joining_pool_id as user_joi1_22_, userjoinin0_.user_created_at as user_cre2_22_, userjoinin0_.user_name as user_nam3_22_, userjoinin0_.user_phone_number as user_pho4_22_, userjoinin0_.user_user_id as user_use5_22_, userjoinin0_.user_user_password as user_use6_22_ from user_joining_pool userjoinin0_ where userjoinin0_.user_user_id=?
Hibernate: select character0_.character_id as characte1_6_, character0_.character_character_name as characte2_6_ from characters character0_ where character0_.character_character_name=?
Hibernate: insert into user (user_id, character_id, user_created_at, user_name, user_phone_number, user_user_id, user_user_password) values (default, ?, ?, ?, ?, ?, ?)
Hibernate: DELETE FROM USER_JOINING_POOL as JU where JU.USER_USER_ID =?
Hibernate: select user0_.user_id as col_0_0_ from user user0_ where user0_.user_user_id=? limit ?
Hibernate: select user0_.user_id as col_0_0_ from user user0_ where user0_.user_user_id=? limit ?
Hibernate: select U.* from USER U where U.USER_USER_ID =?
Hibernate: select character0_.character_id as characte1_6_0_, character0_.character_character_name as characte2_6_0_ from characters character0_ where character0_.character_id=?
Hibernate: select user0_.user_id as col_0_0_ from user user0_ where user0_.user_user_id=? limit ?
Hibernate: select userjoinin0_.user_joining_pool_id as col_0_0_ from user_joining_pool userjoinin0_ where userjoinin0_.user_user_id=? limit ?
Hibernate: select character0_.character_id as col_0_0_ from characters character0_ where character0_.character_character_name=? limit ?
Hibernate: insert into user_joining_pool (user_joining_pool_id, user_created_at, user_name, user_phone_number, user_user_id, user_user_password) values (default, ?, ?, ?, ?, ?)
Hibernate: select user0_.user_id as user_id1_21_0_, user0_.character_id as characte7_21_0_, user0_.user_created_at as user_cre2_21_0_, user0_.user_name as user_nam3_21_0_, user0_.user_phone_number as user_pho4_21_0_, user0_.user_user_id as user_use5_21_0_, user0_.user_user_password as user_use6_21_0_ from user user0_ where user0_.user_id=?
Hibernate: select character0_.character_id as characte1_6_0_, character0_.character_character_name as characte2_6_0_ from characters character0_ where character0_.character_id=?
Hibernate: select count(*) as col_0_0_ from user user0_ where user0_.user_id=?
Hibernate: select character1_.character_id as characte1_6_, character1_.character_character_name as characte2_6_ from user user0_ inner join characters character1_ on user0_.character_id=character1_.character_id where user0_.user_id=?
Hibernate: select permission0_.character_id as characte6_12_0_, permission0_.permission_id as permissi1_12_0_, permission0_.permission_id as permissi1_12_1_, permission0_.character_id as characte6_12_1_, permission0_.permission_name as permissi2_12_1_, permission0_.permission_permission_unit_id as permissi3_12_1_, permission0_.permission_service as permissi4_12_1_, permission0_.permission_status as permissi5_12_1_ from permission permission0_ where permission0_.character_id=?
Hibernate: select userjoinin0_.user_joining_pool_id as col_0_0_ from user_joining_pool userjoinin0_ where userjoinin0_.user_user_id=? limit ?
Hibernate: select userjoinin0_.user_joining_pool_id as user_joi1_22_, userjoinin0_.user_created_at as user_cre2_22_, userjoinin0_.user_name as user_nam3_22_, userjoinin0_.user_phone_number as user_pho4_22_, userjoinin0_.user_user_id as user_use5_22_, userjoinin0_.user_user_password as user_use6_22_ from user_joining_pool userjoinin0_ where userjoinin0_.user_user_id=?
Hibernate: select character0_.character_id as characte1_6_, character0_.character_character_name as characte2_6_ from characters character0_ where character0_.character_character_name=?
Hibernate: insert into user (user_id, character_id, user_created_at, user_name, user_phone_number, user_user_id, user_user_password) values (default, ?, ?, ?, ?, ?, ?)
Hibernate: DELETE FROM USER_JOINING_POOL as JU where JU.USER_USER_ID =?
Hibernate: select user0_.user_id as col_0_0_ from user user0_ where user0_.user_user_id=? limit ?
Hibernate: select user0_.user_id as col_0_0_ from user user0_ where user0_.user_user_id=? limit ?
Hibernate: select U.* from USER U where U.USER_USER_ID =?
Hibernate: select character0_.character_id as characte1_6_0_, character0_.character_character_name as characte2_6_0_ from characters character0_ where character0_.character_id=?
Hibernate: select user0_.user_id as col_0_0_ from user user0_ where user0_.user_user_id=? limit ?
Hibernate: select userjoinin0_.user_joining_pool_id as col_0_0_ from user_joining_pool userjoinin0_ where userjoinin0_.user_user_id=? limit ?
Hibernate: select character0_.character_id as col_0_0_ from characters character0_ where character0_.character_character_name=? limit ?
Hibernate: insert into user_joining_pool (user_joining_pool_id, user_created_at, user_name, user_phone_number, user_user_id, user_user_password) values (default, ?, ?, ?, ?, ?)
Hibernate: select user0_.user_id as user_id1_21_0_, user0_.character_id as characte7_21_0_, user0_.user_created_at as user_cre2_21_0_, user0_.user_name as user_nam3_21_0_, user0_.user_phone_number as user_pho4_21_0_, user0_.user_user_id as user_use5_21_0_, user0_.user_user_password as user_use6_21_0_ from user user0_ where user0_.user_id=?
Hibernate: select character0_.character_id as characte1_6_0_, character0_.character_character_name as characte2_6_0_ from characters character0_ where character0_.character_id=?
Hibernate: select count(*) as col_0_0_ from user user0_ where user0_.user_id=?
Hibernate: select character1_.character_id as characte1_6_, character1_.character_character_name as characte2_6_ from user user0_ inner join characters character1_ on user0_.character_id=character1_.character_id where user0_.user_id=?
Hibernate: select permission0_.character_id as characte6_12_0_, permission0_.permission_id as permissi1_12_0_, permission0_.permission_id as permissi1_12_1_, permission0_.character_id as characte6_12_1_, permission0_.permission_name as permissi2_12_1_, permission0_.permission_permission_unit_id as permissi3_12_1_, permission0_.permission_service as permissi4_12_1_, permission0_.permission_status as permissi5_12_1_ from permission permission0_ where permission0_.character_id=?
Hibernate: select userjoinin0_.user_joining_pool_id as col_0_0_ from user_joining_pool userjoinin0_ where userjoinin0_.user_user_id=? limit ?
Hibernate: select userjoinin0_.user_joining_pool_id as user_joi1_22_, userjoinin0_.user_created_at as user_cre2_22_, userjoinin0_.user_name as user_nam3_22_, userjoinin0_.user_phone_number as user_pho4_22_, userjoinin0_.user_user_id as user_use5_22_, userjoinin0_.user_user_password as user_use6_22_ from user_joining_pool userjoinin0_ where userjoinin0_.user_user_id=?
Hibernate: select character0_.character_id as characte1_6_, character0_.character_character_name as characte2_6_ from characters character0_ where character0_.character_character_name=?
Hibernate: insert into user (user_id, character_id, user_created_at, user_name, user_phone_number, user_user_id, user_user_password) values (default, ?, ?, ?, ?, ?, ?)
Hibernate: DELETE FROM USER_JOINING_POOL as JU where JU.USER_USER_ID =?
Hibernate: select user0_.user_id as user_id1_21_0_, user0_.character_id as characte7_21_0_, user0_.user_created_at as user_cre2_21_0_, user0_.user_name as user_nam3_21_0_, user0_.user_phone_number as user_pho4_21_0_, user0_.user_user_id as user_use5_21_0_, user0_.user_user_password as user_use6_21_0_ from user user0_ where user0_.user_id=?
Hibernate: select character0_.character_id as characte1_6_0_, character0_.character_character_name as characte2_6_0_ from characters character0_ where character0_.character_id=?
Hibernate: select count(*) as col_0_0_ from user user0_ where user0_.user_id=?
Hibernate: select character1_.character_id as characte1_6_, character1_.character_character_name as characte2_6_ from user user0_ inner join characters character1_ on user0_.character_id=character1_.character_id where user0_.user_id=?
Hibernate: select permission0_.character_id as characte6_12_0_, permission0_.permission_id as permissi1_12_0_, permission0_.permission_id as permissi1_12_1_, permission0_.character_id as characte6_12_1_, permission0_.permission_name as permissi2_12_1_, permission0_.permission_permission_unit_id as permissi3_12_1_, permission0_.permission_service as permissi4_12_1_, permission0_.permission_status as permissi5_12_1_ from permission permission0_ where permission0_.character_id=?
Hibernate: select user0_.user_id as col_0_0_ from user user0_ where user0_.user_user_id=? limit ?
Hibernate: select user0_.user_id as col_0_0_ from user user0_ where user0_.user_user_id=? limit ?
Hibernate: select user0_.user_id as col_0_0_ from user user0_ where user0_.user_user_id=? limit ?
Hibernate: select user0_.user_id as col_0_0_ from user user0_ where user0_.user_user_id=? limit ?
Hibernate: select user0_.user_id as col_0_0_ from user user0_ where user0_.user_user_id=? limit ?
Hibernate: select user0_.user_id as user_id1_21_, user0_.character_id as characte7_21_, user0_.user_created_at as user_cre2_21_, user0_.user_name as user_nam3_21_, user0_.user_phone_number as user_pho4_21_, user0_.user_user_id as user_use5_21_, user0_.user_user_password as user_use6_21_ from user user0_ inner join characters character1_ on user0_.character_id=character1_.character_id where user0_.user_user_id=?
Hibernate: select character0_.character_id as characte1_6_0_, character0_.character_character_name as characte2_6_0_ from characters character0_ where character0_.character_id=?
Hibernate: select user0_.user_id as user_id1_21_, user0_.character_id as characte7_21_, user0_.user_created_at as user_cre2_21_, user0_.user_name as user_nam3_21_, user0_.user_phone_number as user_pho4_21_, user0_.user_user_id as user_use5_21_, user0_.user_user_password as user_use6_21_ from user user0_ inner join characters character1_ on user0_.character_id=character1_.character_id where user0_.user_user_id=?
Hibernate: select user0_.user_id as user_id1_21_, user0_.character_id as characte7_21_, user0_.user_created_at as user_cre2_21_, user0_.user_name as user_nam3_21_, user0_.user_phone_number as user_pho4_21_, user0_.user_user_id as user_use5_21_, user0_.user_user_password as user_use6_21_ from user user0_ inner join characters character1_ on user0_.character_id=character1_.character_id where user0_.user_user_id=?
Hibernate: select user0_.user_id as user_id1_21_, user0_.character_id as characte7_21_, user0_.user_created_at as user_cre2_21_, user0_.user_name as user_nam3_21_, user0_.user_phone_number as user_pho4_21_, user0_.user_user_id as user_use5_21_, user0_.user_user_password as user_use6_21_ from user user0_ inner join characters character1_ on user0_.character_id=character1_.character_id where user0_.user_user_id=?
Hibernate: select user0_.user_id as user_id1_21_, user0_.character_id as characte7_21_, user0_.user_created_at as user_cre2_21_, user0_.user_name as user_nam3_21_, user0_.user_phone_number as user_pho4_21_, user0_.user_user_id as user_use5_21_, user0_.user_user_password as user_use6_21_ from user user0_ inner join characters character1_ on user0_.character_id=character1_.character_id where user0_.user_user_id=?
Hibernate: insert into team_building (team_building_team_building_id, team_building_created_at, team_building_last_modified_at, team_building_team_building_title) values (default, ?, ?, ?)
Hibernate: insert into team (team_team_id, team_last_modified_at, team_building_team_building_id, team_team_name) values (default, ?, ?, ?)
Hibernate: insert into team_user (team_user_id, team_team_id, user_id) values (default, ?, ?)
Hibernate: insert into team_user (team_user_id, team_team_id, user_id) values (default, ?, ?)
Hibernate: insert into team_user (team_user_id, team_team_id, user_id) values (default, ?, ?)
Hibernate: insert into team (team_team_id, team_last_modified_at, team_building_team_building_id, team_team_name) values (default, ?, ?, ?)
Hibernate: insert into team_user (team_user_id, team_team_id, user_id) values (default, ?, ?)
Hibernate: insert into team_user (team_user_id, team_team_id, user_id) values (default, ?, ?)
Hibernate: select user0_.user_id as user_id1_21_0_, user0_.character_id as characte7_21_0_, user0_.user_created_at as user_cre2_21_0_, user0_.user_name as user_nam3_21_0_, user0_.user_phone_number as user_pho4_21_0_, user0_.user_user_id as user_use5_21_0_, user0_.user_user_password as user_use6_21_0_ from user user0_ where user0_.user_id=?
Hibernate: select character0_.character_id as characte1_6_0_, character0_.character_character_name as characte2_6_0_ from characters character0_ where character0_.character_id=?
Hibernate: select count(*) as col_0_0_ from team_building teambuildi0_
Hibernate: select count(*) as col_0_0_ from team_building teambuildi0_
Hibernate: select teambuildi0_.team_building_team_building_id as team_bui1_19_, teambuildi0_.team_building_created_at as team_bui2_19_, teambuildi0_.team_building_last_modified_at as team_bui3_19_, teambuildi0_.team_building_team_building_title as team_bui4_19_ from team_building teambuildi0_ order by teambuildi0_.team_building_created_at desc, teambuildi0_.team_building_team_building_id desc limit ?
Hibernate: select teamlist0_.team_building_team_building_id as team_bui4_18_0_, teamlist0_.team_team_id as team_tea1_18_0_, teamlist0_.team_team_id as team_tea1_18_1_, teamlist0_.team_last_modified_at as team_las2_18_1_, teamlist0_.team_building_team_building_id as team_bui4_18_1_, teamlist0_.team_team_name as team_tea3_18_1_ from team teamlist0_ where teamlist0_.team_building_team_building_id=?
Hibernate: select teamuserli0_.team_team_id as team_tea2_20_0_, teamuserli0_.team_user_id as team_use1_20_0_, teamuserli0_.team_user_id as team_use1_20_1_, teamuserli0_.team_team_id as team_tea2_20_1_, teamuserli0_.user_id as user_id3_20_1_ from team_user teamuserli0_ where teamuserli0_.team_team_id=?
Hibernate: select user0_.user_id as user_id1_21_0_, user0_.character_id as characte7_21_0_, user0_.user_created_at as user_cre2_21_0_, user0_.user_name as user_nam3_21_0_, user0_.user_phone_number as user_pho4_21_0_, user0_.user_user_id as user_use5_21_0_, user0_.user_user_password as user_use6_21_0_ from user user0_ where user0_.user_id=?
Hibernate: select character0_.character_id as characte1_6_0_, character0_.character_character_name as characte2_6_0_ from characters character0_ where character0_.character_id=?
Hibernate: select user0_.user_id as user_id1_21_0_, user0_.character_id as characte7_21_0_, user0_.user_created_at as user_cre2_21_0_, user0_.user_name as user_nam3_21_0_, user0_.user_phone_number as user_pho4_21_0_, user0_.user_user_id as user_use5_21_0_, user0_.user_user_password as user_use6_21_0_ from user user0_ where user0_.user_id=?
Hibernate: select user0_.user_id as user_id1_21_0_, user0_.character_id as characte7_21_0_, user0_.user_created_at as user_cre2_21_0_, user0_.user_name as user_nam3_21_0_, user0_.user_phone_number as user_pho4_21_0_, user0_.user_user_id as user_use5_21_0_, user0_.user_user_password as user_use6_21_0_ from user user0_ where user0_.user_id=?
Hibernate: select teamuserli0_.team_team_id as team_tea2_20_0_, teamuserli0_.team_user_id as team_use1_20_0_, teamuserli0_.team_user_id as team_use1_20_1_, teamuserli0_.team_team_id as team_tea2_20_1_, teamuserli0_.user_id as user_id3_20_1_ from team_user teamuserli0_ where teamuserli0_.team_team_id=?
Hibernate: select user0_.user_id as user_id1_21_0_, user0_.character_id as characte7_21_0_, user0_.user_created_at as user_cre2_21_0_, user0_.user_name as user_nam3_21_0_, user0_.user_phone_number as user_pho4_21_0_, user0_.user_user_id as user_use5_21_0_, user0_.user_user_password as user_use6_21_0_ from user user0_ where user0_.user_id=?
Hibernate: select user0_.user_id as user_id1_21_0_, user0_.character_id as characte7_21_0_, user0_.user_created_at as user_cre2_21_0_, user0_.user_name as user_nam3_21_0_, user0_.user_phone_number as user_pho4_21_0_, user0_.user_user_id as user_use5_21_0_, user0_.user_user_password as user_use6_21_0_ from user user0_ where user0_.user_id=?

MockHttpServletRequest:
      HTTP Method = POST
      Request URI = /teambuilding/team/35
       Parameters = {}
          Headers = [Content-Type:"application/json;charset=UTF-8", Accept:"application/json", api-version:"1.0", Authorization:"Bearer eyJhbGciOiJIUzI1NiJ9.eyJzdWIiOiIxIiwiaWF0IjoxNjg3ODc3NDY5LCJleHAiOjE2ODc4ODEwNjl9.5GpcrqH17WaCEi6670WViYdxZ8Db7S7TQOeUs9MSnKg", Content-Length:"29"]
             Body = {"team_name":"","members":[]}
    Session Attrs = {}

Handler:
             Type = org.waldreg.controller.teambuilding.TeamBuildingController
           Method = org.waldreg.controller.teambuilding.TeamBuildingController#createTeam(int, TeamRequest)

Async:
    Async started = false
     Async result = null

Resolved Exception:
             Type = org.springframework.web.bind.MethodArgumentNotValidException

ModelAndView:
        View name = null
             View = null
            Model = null

FlashMap:
       Attributes = null

MockHttpServletResponse:
           Status = 400
    Error message = null
          Headers = [Vary:"Origin", "Access-Control-Request-Method", "Access-Control-Request-Headers", Api-version:"1.0", Content-Type:"application/json"]
     Content type = application/json
             Body = {"code":"TEAMBUILDING-408","messages":"Team name cannot be blank","document_url":"docs.waldreg.org"}
    Forwarded URL = null
   Redirected URL = null
          Cookies = []
Hibernate: select user0_.user_id as col_0_0_ from user user0_ where user0_.user_user_id=? limit ?
Hibernate: select user0_.user_id as col_0_0_ from user user0_ where user0_.user_user_id=? limit ?
Hibernate: select U.* from USER U where U.USER_USER_ID =?
Hibernate: select character0_.character_id as characte1_6_0_, character0_.character_character_name as characte2_6_0_ from characters character0_ where character0_.character_id=?
Hibernate: select user0_.user_id as user_id1_21_0_, user0_.character_id as characte7_21_0_, user0_.user_created_at as user_cre2_21_0_, user0_.user_name as user_nam3_21_0_, user0_.user_phone_number as user_pho4_21_0_, user0_.user_user_id as user_use5_21_0_, user0_.user_user_password as user_use6_21_0_ from user user0_ where user0_.user_id=?
Hibernate: select character0_.character_id as characte1_6_0_, character0_.character_character_name as characte2_6_0_ from characters character0_ where character0_.character_id=?
Hibernate: select count(*) as col_0_0_ from team_building teambuildi0_
Hibernate: select count(*) as col_0_0_ from team_building teambuildi0_
Hibernate: select teambuildi0_.team_building_team_building_id as team_bui1_19_, teambuildi0_.team_building_created_at as team_bui2_19_, teambuildi0_.team_building_last_modified_at as team_bui3_19_, teambuildi0_.team_building_team_building_title as team_bui4_19_ from team_building teambuildi0_ order by teambuildi0_.team_building_created_at desc, teambuildi0_.team_building_team_building_id desc limit ?
Hibernate: select teamlist0_.team_building_team_building_id as team_bui4_18_0_, teamlist0_.team_team_id as team_tea1_18_0_, teamlist0_.team_team_id as team_tea1_18_1_, teamlist0_.team_last_modified_at as team_las2_18_1_, teamlist0_.team_building_team_building_id as team_bui4_18_1_, teamlist0_.team_team_name as team_tea3_18_1_ from team teamlist0_ where teamlist0_.team_building_team_building_id=?
Hibernate: select teamuserli0_.team_team_id as team_tea2_20_0_, teamuserli0_.team_user_id as team_use1_20_0_, teamuserli0_.team_user_id as team_use1_20_1_, teamuserli0_.team_team_id as team_tea2_20_1_, teamuserli0_.user_id as user_id3_20_1_ from team_user teamuserli0_ where teamuserli0_.team_team_id=?
Hibernate: select user0_.user_id as user_id1_21_0_, user0_.character_id as characte7_21_0_, user0_.user_created_at as user_cre2_21_0_, user0_.user_name as user_nam3_21_0_, user0_.user_phone_number as user_pho4_21_0_, user0_.user_user_id as user_use5_21_0_, user0_.user_user_password as user_use6_21_0_ from user user0_ where user0_.user_id=?
Hibernate: select character0_.character_id as characte1_6_0_, character0_.character_character_name as characte2_6_0_ from characters character0_ where character0_.character_id=?
Hibernate: select user0_.user_id as user_id1_21_0_, user0_.character_id as characte7_21_0_, user0_.user_created_at as user_cre2_21_0_, user0_.user_name as user_nam3_21_0_, user0_.user_phone_number as user_pho4_21_0_, user0_.user_user_id as user_use5_21_0_, user0_.user_user_password as user_use6_21_0_ from user user0_ where user0_.user_id=?
Hibernate: select user0_.user_id as user_id1_21_0_, user0_.character_id as characte7_21_0_, user0_.user_created_at as user_cre2_21_0_, user0_.user_name as user_nam3_21_0_, user0_.user_phone_number as user_pho4_21_0_, user0_.user_user_id as user_use5_21_0_, user0_.user_user_password as user_use6_21_0_ from user user0_ where user0_.user_id=?
Hibernate: select teamuserli0_.team_team_id as team_tea2_20_0_, teamuserli0_.team_user_id as team_use1_20_0_, teamuserli0_.team_user_id as team_use1_20_1_, teamuserli0_.team_team_id as team_tea2_20_1_, teamuserli0_.user_id as user_id3_20_1_ from team_user teamuserli0_ where teamuserli0_.team_team_id=?
Hibernate: select user0_.user_id as user_id1_21_0_, user0_.character_id as characte7_21_0_, user0_.user_created_at as user_cre2_21_0_, user0_.user_name as user_nam3_21_0_, user0_.user_phone_number as user_pho4_21_0_, user0_.user_user_id as user_use5_21_0_, user0_.user_user_password as user_use6_21_0_ from user user0_ where user0_.user_id=?
Hibernate: select user0_.user_id as user_id1_21_0_, user0_.character_id as characte7_21_0_, user0_.user_created_at as user_cre2_21_0_, user0_.user_name as user_nam3_21_0_, user0_.user_phone_number as user_pho4_21_0_, user0_.user_user_id as user_use5_21_0_, user0_.user_user_password as user_use6_21_0_ from user user0_ where user0_.user_id=?
Hibernate: select user0_.user_id as user_id1_21_0_, user0_.character_id as characte7_21_0_, user0_.user_created_at as user_cre2_21_0_, user0_.user_name as user_nam3_21_0_, user0_.user_phone_number as user_pho4_21_0_, user0_.user_user_id as user_use5_21_0_, user0_.user_user_password as user_use6_21_0_ from user user0_ where user0_.user_id=?
Hibernate: select character0_.character_id as characte1_6_0_, character0_.character_character_name as characte2_6_0_ from characters character0_ where character0_.character_id=?
Hibernate: select count(*) as col_0_0_ from user user0_ where user0_.user_id=?
Hibernate: select character1_.character_id as characte1_6_, character1_.character_character_name as characte2_6_ from user user0_ inner join characters character1_ on user0_.character_id=character1_.character_id where user0_.user_id=?
Hibernate: select permission0_.character_id as characte6_12_0_, permission0_.permission_id as permissi1_12_0_, permission0_.permission_id as permissi1_12_1_, permission0_.character_id as characte6_12_1_, permission0_.permission_name as permissi2_12_1_, permission0_.permission_permission_unit_id as permissi3_12_1_, permission0_.permission_service as permissi4_12_1_, permission0_.permission_status as permissi5_12_1_ from permission permission0_ where permission0_.character_id=?
Hibernate: select count(*) as col_0_0_ from team_building teambuildi0_ where teambuildi0_.team_building_team_building_id=?
Hibernate: select teambuildi0_.team_building_team_building_id as team_bui1_19_0_, teambuildi0_.team_building_created_at as team_bui2_19_0_, teambuildi0_.team_building_last_modified_at as team_bui3_19_0_, teambuildi0_.team_building_team_building_title as team_bui4_19_0_ from team_building teambuildi0_ where teambuildi0_.team_building_team_building_id=?
Hibernate: select teamlist0_.team_building_team_building_id as team_bui4_18_0_, teamlist0_.team_team_id as team_tea1_18_0_, teamlist0_.team_team_id as team_tea1_18_1_, teamlist0_.team_last_modified_at as team_las2_18_1_, teamlist0_.team_building_team_building_id as team_bui4_18_1_, teamlist0_.team_team_name as team_tea3_18_1_ from team teamlist0_ where teamlist0_.team_building_team_building_id=?
Hibernate: select teamuserli0_.team_team_id as team_tea2_20_0_, teamuserli0_.team_user_id as team_use1_20_0_, teamuserli0_.team_user_id as team_use1_20_1_, teamuserli0_.team_team_id as team_tea2_20_1_, teamuserli0_.user_id as user_id3_20_1_ from team_user teamuserli0_ where teamuserli0_.team_team_id=?
Hibernate: select user0_.user_id as user_id1_21_0_, user0_.character_id as characte7_21_0_, user0_.user_created_at as user_cre2_21_0_, user0_.user_name as user_nam3_21_0_, user0_.user_phone_number as user_pho4_21_0_, user0_.user_user_id as user_use5_21_0_, user0_.user_user_password as user_use6_21_0_ from user user0_ where user0_.user_id=?
Hibernate: select character0_.character_id as characte1_6_0_, character0_.character_character_name as characte2_6_0_ from characters character0_ where character0_.character_id=?
Hibernate: select user0_.user_id as user_id1_21_0_, user0_.character_id as characte7_21_0_, user0_.user_created_at as user_cre2_21_0_, user0_.user_name as user_nam3_21_0_, user0_.user_phone_number as user_pho4_21_0_, user0_.user_user_id as user_use5_21_0_, user0_.user_user_password as user_use6_21_0_ from user user0_ where user0_.user_id=?
Hibernate: select user0_.user_id as user_id1_21_0_, user0_.character_id as characte7_21_0_, user0_.user_created_at as user_cre2_21_0_, user0_.user_name as user_nam3_21_0_, user0_.user_phone_number as user_pho4_21_0_, user0_.user_user_id as user_use5_21_0_, user0_.user_user_password as user_use6_21_0_ from user user0_ where user0_.user_id=?
Hibernate: select teamuserli0_.team_team_id as team_tea2_20_0_, teamuserli0_.team_user_id as team_use1_20_0_, teamuserli0_.team_user_id as team_use1_20_1_, teamuserli0_.team_team_id as team_tea2_20_1_, teamuserli0_.user_id as user_id3_20_1_ from team_user teamuserli0_ where teamuserli0_.team_team_id=?
Hibernate: select user0_.user_id as user_id1_21_0_, user0_.character_id as characte7_21_0_, user0_.user_created_at as user_cre2_21_0_, user0_.user_name as user_nam3_21_0_, user0_.user_phone_number as user_pho4_21_0_, user0_.user_user_id as user_use5_21_0_, user0_.user_user_password as user_use6_21_0_ from user user0_ where user0_.user_id=?
Hibernate: select user0_.user_id as user_id1_21_0_, user0_.character_id as characte7_21_0_, user0_.user_created_at as user_cre2_21_0_, user0_.user_name as user_nam3_21_0_, user0_.user_phone_number as user_pho4_21_0_, user0_.user_user_id as user_use5_21_0_, user0_.user_user_password as user_use6_21_0_ from user user0_ where user0_.user_id=?
Hibernate: delete from team_user where team_user_id=?
Hibernate: delete from team_user where team_user_id=?
Hibernate: delete from team_user where team_user_id=?
Hibernate: delete from team where team_team_id=?
Hibernate: delete from team_user where team_user_id=?
Hibernate: delete from team_user where team_user_id=?
Hibernate: delete from team where team_team_id=?
Hibernate: delete from team_building where team_building_team_building_id=?
Hibernate: select user0_.user_id as user_id1_21_0_, user0_.character_id as characte7_21_0_, user0_.user_created_at as user_cre2_21_0_, user0_.user_name as user_nam3_21_0_, user0_.user_phone_number as user_pho4_21_0_, user0_.user_user_id as user_use5_21_0_, user0_.user_user_password as user_use6_21_0_ from user user0_ where user0_.user_id=?
Hibernate: select character0_.character_id as characte1_6_0_, character0_.character_character_name as characte2_6_0_ from characters character0_ where character0_.character_id=?
Hibernate: select count(*) as col_0_0_ from team_building teambuildi0_ where teambuildi0_.team_building_team_building_id=?
Hibernate: select user0_.user_id as col_0_0_ from user user0_ where user0_.user_user_id=? limit ?
Hibernate: select user0_.user_id as col_0_0_ from user user0_ where user0_.user_user_id=? limit ?
Hibernate: select U.* from USER U where U.USER_USER_ID =?
Hibernate: select character0_.character_id as characte1_6_0_, character0_.character_character_name as characte2_6_0_ from characters character0_ where character0_.character_id=?
Hibernate: select user0_.user_id as col_0_0_ from user user0_ where user0_.user_user_id=? limit ?
Hibernate: select user0_.user_id as user_id1_21_, user0_.character_id as characte7_21_, user0_.user_created_at as user_cre2_21_, user0_.user_name as user_nam3_21_, user0_.user_phone_number as user_pho4_21_, user0_.user_user_id as user_use5_21_, user0_.user_user_password as user_use6_21_ from user user0_ inner join characters character1_ on user0_.character_id=character1_.character_id where user0_.user_user_id=?
Hibernate: select character0_.character_id as characte1_6_0_, character0_.character_character_name as characte2_6_0_ from characters character0_ where character0_.character_id=?
Hibernate: select rewardtagw0_.user_id as user_id4_16_0_, rewardtagw0_.reward_tag_wrapper_reward_id as reward_t1_16_0_, rewardtagw0_.reward_tag_wrapper_reward_id as reward_t1_16_1_, rewardtagw0_.reward_tag_wrapper_reward_presented_at as reward_t2_16_1_, rewardtagw0_.reward_tag_reward_tag_id as reward_t3_16_1_, rewardtagw0_.user_id as user_id4_16_1_ from reward_tag_wrapper rewardtagw0_ where rewardtagw0_.user_id=?
Hibernate: select user0_.user_id as user_id1_21_0_, user0_.character_id as characte7_21_0_, user0_.user_created_at as user_cre2_21_0_, user0_.user_name as user_nam3_21_0_, user0_.user_phone_number as user_pho4_21_0_, user0_.user_user_id as user_use5_21_0_, user0_.user_user_password as user_use6_21_0_ from user user0_ where user0_.user_id=?
Hibernate: select character0_.character_id as characte1_6_0_, character0_.character_character_name as characte2_6_0_ from characters character0_ where character0_.character_id=?
Hibernate: select count(*) as col_0_0_ from user user0_ where user0_.user_id=?
Hibernate: select character1_.character_id as characte1_6_, character1_.character_character_name as characte2_6_ from user user0_ inner join characters character1_ on user0_.character_id=character1_.character_id where user0_.user_id=?
Hibernate: select permission0_.character_id as characte6_12_0_, permission0_.permission_id as permissi1_12_0_, permission0_.permission_id as permissi1_12_1_, permission0_.character_id as characte6_12_1_, permission0_.permission_name as permissi2_12_1_, permission0_.permission_permission_unit_id as permissi3_12_1_, permission0_.permission_service as permissi4_12_1_, permission0_.permission_status as permissi5_12_1_ from permission permission0_ where permission0_.character_id=?
Hibernate: select count(*) as col_0_0_ from user user0_ where user0_.user_id=?
Hibernate: select user0_.user_id as user_id1_21_, user0_.character_id as characte7_21_, user0_.user_created_at as user_cre2_21_, user0_.user_name as user_nam3_21_, user0_.user_phone_number as user_pho4_21_, user0_.user_user_id as user_use5_21_, user0_.user_user_password as user_use6_21_ from user user0_ where user0_.user_id=?
Hibernate: select character0_.character_id as characte1_6_0_, character0_.character_character_name as characte2_6_0_ from characters character0_ where character0_.character_id=?
Hibernate: select rewardtagw0_.user_id as user_id4_16_0_, rewardtagw0_.reward_tag_wrapper_reward_id as reward_t1_16_0_, rewardtagw0_.reward_tag_wrapper_reward_id as reward_t1_16_1_, rewardtagw0_.reward_tag_wrapper_reward_presented_at as reward_t2_16_1_, rewardtagw0_.reward_tag_reward_tag_id as reward_t3_16_1_, rewardtagw0_.user_id as user_id4_16_1_ from reward_tag_wrapper rewardtagw0_ where rewardtagw0_.user_id=?
Hibernate: select attendance0_.attendance_user_attendance_user_id as col_0_0_ from attendance_user attendance0_ where attendance0_.user_id=? limit ?
Hibernate: DELETE FROM USER WHERE USER_ID = ?
Hibernate: select user0_.user_id as col_0_0_ from user user0_ where user0_.user_user_id=? limit ?
Hibernate: select user0_.user_id as col_0_0_ from user user0_ where user0_.user_user_id=? limit ?
Hibernate: select user0_.user_id as user_id1_21_, user0_.character_id as characte7_21_, user0_.user_created_at as user_cre2_21_, user0_.user_name as user_nam3_21_, user0_.user_phone_number as user_pho4_21_, user0_.user_user_id as user_use5_21_, user0_.user_user_password as user_use6_21_ from user user0_ inner join characters character1_ on user0_.character_id=character1_.character_id where user0_.user_user_id=?
Hibernate: select character0_.character_id as characte1_6_0_, character0_.character_character_name as characte2_6_0_ from characters character0_ where character0_.character_id=?
Hibernate: select rewardtagw0_.user_id as user_id4_16_0_, rewardtagw0_.reward_tag_wrapper_reward_id as reward_t1_16_0_, rewardtagw0_.reward_tag_wrapper_reward_id as reward_t1_16_1_, rewardtagw0_.reward_tag_wrapper_reward_presented_at as reward_t2_16_1_, rewardtagw0_.reward_tag_reward_tag_id as reward_t3_16_1_, rewardtagw0_.user_id as user_id4_16_1_ from reward_tag_wrapper rewardtagw0_ where rewardtagw0_.user_id=?
Hibernate: select user0_.user_id as user_id1_21_0_, user0_.character_id as characte7_21_0_, user0_.user_created_at as user_cre2_21_0_, user0_.user_name as user_nam3_21_0_, user0_.user_phone_number as user_pho4_21_0_, user0_.user_user_id as user_use5_21_0_, user0_.user_user_password as user_use6_21_0_ from user user0_ where user0_.user_id=?
Hibernate: select character0_.character_id as characte1_6_0_, character0_.character_character_name as characte2_6_0_ from characters character0_ where character0_.character_id=?
Hibernate: select count(*) as col_0_0_ from user user0_ where user0_.user_id=?
Hibernate: select character1_.character_id as characte1_6_, character1_.character_character_name as characte2_6_ from user user0_ inner join characters character1_ on user0_.character_id=character1_.character_id where user0_.user_id=?
Hibernate: select permission0_.character_id as characte6_12_0_, permission0_.permission_id as permissi1_12_0_, permission0_.permission_id as permissi1_12_1_, permission0_.character_id as characte6_12_1_, permission0_.permission_name as permissi2_12_1_, permission0_.permission_permission_unit_id as permissi3_12_1_, permission0_.permission_service as permissi4_12_1_, permission0_.permission_status as permissi5_12_1_ from permission permission0_ where permission0_.character_id=?
Hibernate: select count(*) as col_0_0_ from user user0_ where user0_.user_id=?
Hibernate: select user0_.user_id as user_id1_21_, user0_.character_id as characte7_21_, user0_.user_created_at as user_cre2_21_, user0_.user_name as user_nam3_21_, user0_.user_phone_number as user_pho4_21_, user0_.user_user_id as user_use5_21_, user0_.user_user_password as user_use6_21_ from user user0_ where user0_.user_id=?
Hibernate: select character0_.character_id as characte1_6_0_, character0_.character_character_name as characte2_6_0_ from characters character0_ where character0_.character_id=?
Hibernate: select rewardtagw0_.user_id as user_id4_16_0_, rewardtagw0_.reward_tag_wrapper_reward_id as reward_t1_16_0_, rewardtagw0_.reward_tag_wrapper_reward_id as reward_t1_16_1_, rewardtagw0_.reward_tag_wrapper_reward_presented_at as reward_t2_16_1_, rewardtagw0_.reward_tag_reward_tag_id as reward_t3_16_1_, rewardtagw0_.user_id as user_id4_16_1_ from reward_tag_wrapper rewardtagw0_ where rewardtagw0_.user_id=?
Hibernate: select attendance0_.attendance_user_attendance_user_id as col_0_0_ from attendance_user attendance0_ where attendance0_.user_id=? limit ?
Hibernate: DELETE FROM USER WHERE USER_ID = ?
Hibernate: select user0_.user_id as col_0_0_ from user user0_ where user0_.user_user_id=? limit ?
Hibernate: select user0_.user_id as col_0_0_ from user user0_ where user0_.user_user_id=? limit ?
Hibernate: select user0_.user_id as user_id1_21_, user0_.character_id as characte7_21_, user0_.user_created_at as user_cre2_21_, user0_.user_name as user_nam3_21_, user0_.user_phone_number as user_pho4_21_, user0_.user_user_id as user_use5_21_, user0_.user_user_password as user_use6_21_ from user user0_ inner join characters character1_ on user0_.character_id=character1_.character_id where user0_.user_user_id=?
Hibernate: select character0_.character_id as characte1_6_0_, character0_.character_character_name as characte2_6_0_ from characters character0_ where character0_.character_id=?
Hibernate: select rewardtagw0_.user_id as user_id4_16_0_, rewardtagw0_.reward_tag_wrapper_reward_id as reward_t1_16_0_, rewardtagw0_.reward_tag_wrapper_reward_id as reward_t1_16_1_, rewardtagw0_.reward_tag_wrapper_reward_presented_at as reward_t2_16_1_, rewardtagw0_.reward_tag_reward_tag_id as reward_t3_16_1_, rewardtagw0_.user_id as user_id4_16_1_ from reward_tag_wrapper rewardtagw0_ where rewardtagw0_.user_id=?
Hibernate: select user0_.user_id as user_id1_21_0_, user0_.character_id as characte7_21_0_, user0_.user_created_at as user_cre2_21_0_, user0_.user_name as user_nam3_21_0_, user0_.user_phone_number as user_pho4_21_0_, user0_.user_user_id as user_use5_21_0_, user0_.user_user_password as user_use6_21_0_ from user user0_ where user0_.user_id=?
Hibernate: select character0_.character_id as characte1_6_0_, character0_.character_character_name as characte2_6_0_ from characters character0_ where character0_.character_id=?
Hibernate: select count(*) as col_0_0_ from user user0_ where user0_.user_id=?
Hibernate: select character1_.character_id as characte1_6_, character1_.character_character_name as characte2_6_ from user user0_ inner join characters character1_ on user0_.character_id=character1_.character_id where user0_.user_id=?
Hibernate: select permission0_.character_id as characte6_12_0_, permission0_.permission_id as permissi1_12_0_, permission0_.permission_id as permissi1_12_1_, permission0_.character_id as characte6_12_1_, permission0_.permission_name as permissi2_12_1_, permission0_.permission_permission_unit_id as permissi3_12_1_, permission0_.permission_service as permissi4_12_1_, permission0_.permission_status as permissi5_12_1_ from permission permission0_ where permission0_.character_id=?
Hibernate: select count(*) as col_0_0_ from user user0_ where user0_.user_id=?
Hibernate: select user0_.user_id as user_id1_21_, user0_.character_id as characte7_21_, user0_.user_created_at as user_cre2_21_, user0_.user_name as user_nam3_21_, user0_.user_phone_number as user_pho4_21_, user0_.user_user_id as user_use5_21_, user0_.user_user_password as user_use6_21_ from user user0_ where user0_.user_id=?
Hibernate: select character0_.character_id as characte1_6_0_, character0_.character_character_name as characte2_6_0_ from characters character0_ where character0_.character_id=?
Hibernate: select rewardtagw0_.user_id as user_id4_16_0_, rewardtagw0_.reward_tag_wrapper_reward_id as reward_t1_16_0_, rewardtagw0_.reward_tag_wrapper_reward_id as reward_t1_16_1_, rewardtagw0_.reward_tag_wrapper_reward_presented_at as reward_t2_16_1_, rewardtagw0_.reward_tag_reward_tag_id as reward_t3_16_1_, rewardtagw0_.user_id as user_id4_16_1_ from reward_tag_wrapper rewardtagw0_ where rewardtagw0_.user_id=?
Hibernate: select attendance0_.attendance_user_attendance_user_id as col_0_0_ from attendance_user attendance0_ where attendance0_.user_id=? limit ?
Hibernate: DELETE FROM USER WHERE USER_ID = ?
Hibernate: select user0_.user_id as col_0_0_ from user user0_ where user0_.user_user_id=? limit ?
Hibernate: select user0_.user_id as col_0_0_ from user user0_ where user0_.user_user_id=? limit ?
Hibernate: select user0_.user_id as user_id1_21_, user0_.character_id as characte7_21_, user0_.user_created_at as user_cre2_21_, user0_.user_name as user_nam3_21_, user0_.user_phone_number as user_pho4_21_, user0_.user_user_id as user_use5_21_, user0_.user_user_password as user_use6_21_ from user user0_ inner join characters character1_ on user0_.character_id=character1_.character_id where user0_.user_user_id=?
Hibernate: select character0_.character_id as characte1_6_0_, character0_.character_character_name as characte2_6_0_ from characters character0_ where character0_.character_id=?
Hibernate: select rewardtagw0_.user_id as user_id4_16_0_, rewardtagw0_.reward_tag_wrapper_reward_id as reward_t1_16_0_, rewardtagw0_.reward_tag_wrapper_reward_id as reward_t1_16_1_, rewardtagw0_.reward_tag_wrapper_reward_presented_at as reward_t2_16_1_, rewardtagw0_.reward_tag_reward_tag_id as reward_t3_16_1_, rewardtagw0_.user_id as user_id4_16_1_ from reward_tag_wrapper rewardtagw0_ where rewardtagw0_.user_id=?
Hibernate: select user0_.user_id as user_id1_21_0_, user0_.character_id as characte7_21_0_, user0_.user_created_at as user_cre2_21_0_, user0_.user_name as user_nam3_21_0_, user0_.user_phone_number as user_pho4_21_0_, user0_.user_user_id as user_use5_21_0_, user0_.user_user_password as user_use6_21_0_ from user user0_ where user0_.user_id=?
Hibernate: select character0_.character_id as characte1_6_0_, character0_.character_character_name as characte2_6_0_ from characters character0_ where character0_.character_id=?
Hibernate: select count(*) as col_0_0_ from user user0_ where user0_.user_id=?
Hibernate: select character1_.character_id as characte1_6_, character1_.character_character_name as characte2_6_ from user user0_ inner join characters character1_ on user0_.character_id=character1_.character_id where user0_.user_id=?
Hibernate: select permission0_.character_id as characte6_12_0_, permission0_.permission_id as permissi1_12_0_, permission0_.permission_id as permissi1_12_1_, permission0_.character_id as characte6_12_1_, permission0_.permission_name as permissi2_12_1_, permission0_.permission_permission_unit_id as permissi3_12_1_, permission0_.permission_service as permissi4_12_1_, permission0_.permission_status as permissi5_12_1_ from permission permission0_ where permission0_.character_id=?
Hibernate: select count(*) as col_0_0_ from user user0_ where user0_.user_id=?
Hibernate: select user0_.user_id as user_id1_21_, user0_.character_id as characte7_21_, user0_.user_created_at as user_cre2_21_, user0_.user_name as user_nam3_21_, user0_.user_phone_number as user_pho4_21_, user0_.user_user_id as user_use5_21_, user0_.user_user_password as user_use6_21_ from user user0_ where user0_.user_id=?
Hibernate: select character0_.character_id as characte1_6_0_, character0_.character_character_name as characte2_6_0_ from characters character0_ where character0_.character_id=?
Hibernate: select rewardtagw0_.user_id as user_id4_16_0_, rewardtagw0_.reward_tag_wrapper_reward_id as reward_t1_16_0_, rewardtagw0_.reward_tag_wrapper_reward_id as reward_t1_16_1_, rewardtagw0_.reward_tag_wrapper_reward_presented_at as reward_t2_16_1_, rewardtagw0_.reward_tag_reward_tag_id as reward_t3_16_1_, rewardtagw0_.user_id as user_id4_16_1_ from reward_tag_wrapper rewardtagw0_ where rewardtagw0_.user_id=?
Hibernate: select attendance0_.attendance_user_attendance_user_id as col_0_0_ from attendance_user attendance0_ where attendance0_.user_id=? limit ?
Hibernate: DELETE FROM USER WHERE USER_ID = ?
Hibernate: select user0_.user_id as col_0_0_ from user user0_ where user0_.user_user_id=? limit ?
Hibernate: select user0_.user_id as col_0_0_ from user user0_ where user0_.user_user_id=? limit ?
Hibernate: select user0_.user_id as user_id1_21_, user0_.character_id as characte7_21_, user0_.user_created_at as user_cre2_21_, user0_.user_name as user_nam3_21_, user0_.user_phone_number as user_pho4_21_, user0_.user_user_id as user_use5_21_, user0_.user_user_password as user_use6_21_ from user user0_ inner join characters character1_ on user0_.character_id=character1_.character_id where user0_.user_user_id=?
Hibernate: select character0_.character_id as characte1_6_0_, character0_.character_character_name as characte2_6_0_ from characters character0_ where character0_.character_id=?
Hibernate: select rewardtagw0_.user_id as user_id4_16_0_, rewardtagw0_.reward_tag_wrapper_reward_id as reward_t1_16_0_, rewardtagw0_.reward_tag_wrapper_reward_id as reward_t1_16_1_, rewardtagw0_.reward_tag_wrapper_reward_presented_at as reward_t2_16_1_, rewardtagw0_.reward_tag_reward_tag_id as reward_t3_16_1_, rewardtagw0_.user_id as user_id4_16_1_ from reward_tag_wrapper rewardtagw0_ where rewardtagw0_.user_id=?
Hibernate: select user0_.user_id as user_id1_21_0_, user0_.character_id as characte7_21_0_, user0_.user_created_at as user_cre2_21_0_, user0_.user_name as user_nam3_21_0_, user0_.user_phone_number as user_pho4_21_0_, user0_.user_user_id as user_use5_21_0_, user0_.user_user_password as user_use6_21_0_ from user user0_ where user0_.user_id=?
Hibernate: select character0_.character_id as characte1_6_0_, character0_.character_character_name as characte2_6_0_ from characters character0_ where character0_.character_id=?
Hibernate: select count(*) as col_0_0_ from user user0_ where user0_.user_id=?
Hibernate: select character1_.character_id as characte1_6_, character1_.character_character_name as characte2_6_ from user user0_ inner join characters character1_ on user0_.character_id=character1_.character_id where user0_.user_id=?
Hibernate: select permission0_.character_id as characte6_12_0_, permission0_.permission_id as permissi1_12_0_, permission0_.permission_id as permissi1_12_1_, permission0_.character_id as characte6_12_1_, permission0_.permission_name as permissi2_12_1_, permission0_.permission_permission_unit_id as permissi3_12_1_, permission0_.permission_service as permissi4_12_1_, permission0_.permission_status as permissi5_12_1_ from permission permission0_ where permission0_.character_id=?
Hibernate: select count(*) as col_0_0_ from user user0_ where user0_.user_id=?
Hibernate: select user0_.user_id as user_id1_21_, user0_.character_id as characte7_21_, user0_.user_created_at as user_cre2_21_, user0_.user_name as user_nam3_21_, user0_.user_phone_number as user_pho4_21_, user0_.user_user_id as user_use5_21_, user0_.user_user_password as user_use6_21_ from user user0_ where user0_.user_id=?
Hibernate: select character0_.character_id as characte1_6_0_, character0_.character_character_name as characte2_6_0_ from characters character0_ where character0_.character_id=?
Hibernate: select rewardtagw0_.user_id as user_id4_16_0_, rewardtagw0_.reward_tag_wrapper_reward_id as reward_t1_16_0_, rewardtagw0_.reward_tag_wrapper_reward_id as reward_t1_16_1_, rewardtagw0_.reward_tag_wrapper_reward_presented_at as reward_t2_16_1_, rewardtagw0_.reward_tag_reward_tag_id as reward_t3_16_1_, rewardtagw0_.user_id as user_id4_16_1_ from reward_tag_wrapper rewardtagw0_ where rewardtagw0_.user_id=?
Hibernate: select attendance0_.attendance_user_attendance_user_id as col_0_0_ from attendance_user attendance0_ where attendance0_.user_id=? limit ?
Hibernate: DELETE FROM USER WHERE USER_ID = ?
Hibernate: select user0_.user_id as col_0_0_ from user user0_ where user0_.user_user_id=? limit ?
Hibernate: select user0_.user_id as col_0_0_ from user user0_ where user0_.user_user_id=? limit ?
Hibernate: select user0_.user_id as col_0_0_ from user user0_ where user0_.user_user_id=? limit ?
Hibernate: select U.* from USER U where U.USER_USER_ID =?
Hibernate: select character0_.character_id as characte1_6_0_, character0_.character_character_name as characte2_6_0_ from characters character0_ where character0_.character_id=?
Hibernate: select user0_.user_id as user_id1_21_0_, user0_.character_id as characte7_21_0_, user0_.user_created_at as user_cre2_21_0_, user0_.user_name as user_nam3_21_0_, user0_.user_phone_number as user_pho4_21_0_, user0_.user_user_id as user_use5_21_0_, user0_.user_user_password as user_use6_21_0_ from user user0_ where user0_.user_id=?
Hibernate: select character0_.character_id as characte1_6_0_, character0_.character_character_name as characte2_6_0_ from characters character0_ where character0_.character_id=?
Hibernate: select count(*) as col_0_0_ from team_building teambuildi0_
Hibernate: select count(*) as col_0_0_ from team_building teambuildi0_
Hibernate: select user0_.user_id as col_0_0_ from user user0_ where user0_.user_user_id=? limit ?
Hibernate: select user0_.user_id as col_0_0_ from user user0_ where user0_.user_user_id=? limit ?
Hibernate: select U.* from USER U where U.USER_USER_ID =?
Hibernate: select character0_.character_id as characte1_6_0_, character0_.character_character_name as characte2_6_0_ from characters character0_ where character0_.character_id=?
Hibernate: select user0_.user_id as col_0_0_ from user user0_ where user0_.user_user_id=? limit ?
Hibernate: select user0_.user_id as col_0_0_ from user user0_ where user0_.user_user_id=? limit ?
Hibernate: select U.* from USER U where U.USER_USER_ID =?
Hibernate: select character0_.character_id as characte1_6_0_, character0_.character_character_name as characte2_6_0_ from characters character0_ where character0_.character_id=?
Hibernate: select user0_.user_id as col_0_0_ from user user0_ where user0_.user_user_id=? limit ?
Hibernate: select user0_.user_id as col_0_0_ from user user0_ where user0_.user_user_id=? limit ?
Hibernate: select U.* from USER U where U.USER_USER_ID =?
Hibernate: select character0_.character_id as characte1_6_0_, character0_.character_character_name as characte2_6_0_ from characters character0_ where character0_.character_id=?
Hibernate: select user0_.user_id as col_0_0_ from user user0_ where user0_.user_user_id=? limit ?
Hibernate: select userjoinin0_.user_joining_pool_id as col_0_0_ from user_joining_pool userjoinin0_ where userjoinin0_.user_user_id=? limit ?
Hibernate: select character0_.character_id as col_0_0_ from characters character0_ where character0_.character_character_name=? limit ?
Hibernate: insert into user_joining_pool (user_joining_pool_id, user_created_at, user_name, user_phone_number, user_user_id, user_user_password) values (default, ?, ?, ?, ?, ?)
Hibernate: select user0_.user_id as user_id1_21_0_, user0_.character_id as characte7_21_0_, user0_.user_created_at as user_cre2_21_0_, user0_.user_name as user_nam3_21_0_, user0_.user_phone_number as user_pho4_21_0_, user0_.user_user_id as user_use5_21_0_, user0_.user_user_password as user_use6_21_0_ from user user0_ where user0_.user_id=?
Hibernate: select character0_.character_id as characte1_6_0_, character0_.character_character_name as characte2_6_0_ from characters character0_ where character0_.character_id=?
Hibernate: select count(*) as col_0_0_ from user user0_ where user0_.user_id=?
Hibernate: select character1_.character_id as characte1_6_, character1_.character_character_name as characte2_6_ from user user0_ inner join characters character1_ on user0_.character_id=character1_.character_id where user0_.user_id=?
Hibernate: select permission0_.character_id as characte6_12_0_, permission0_.permission_id as permissi1_12_0_, permission0_.permission_id as permissi1_12_1_, permission0_.character_id as characte6_12_1_, permission0_.permission_name as permissi2_12_1_, permission0_.permission_permission_unit_id as permissi3_12_1_, permission0_.permission_service as permissi4_12_1_, permission0_.permission_status as permissi5_12_1_ from permission permission0_ where permission0_.character_id=?
Hibernate: select userjoinin0_.user_joining_pool_id as col_0_0_ from user_joining_pool userjoinin0_ where userjoinin0_.user_user_id=? limit ?
Hibernate: select userjoinin0_.user_joining_pool_id as user_joi1_22_, userjoinin0_.user_created_at as user_cre2_22_, userjoinin0_.user_name as user_nam3_22_, userjoinin0_.user_phone_number as user_pho4_22_, userjoinin0_.user_user_id as user_use5_22_, userjoinin0_.user_user_password as user_use6_22_ from user_joining_pool userjoinin0_ where userjoinin0_.user_user_id=?
Hibernate: select character0_.character_id as characte1_6_, character0_.character_character_name as characte2_6_ from characters character0_ where character0_.character_character_name=?
Hibernate: insert into user (user_id, character_id, user_created_at, user_name, user_phone_number, user_user_id, user_user_password) values (default, ?, ?, ?, ?, ?, ?)
Hibernate: DELETE FROM USER_JOINING_POOL as JU where JU.USER_USER_ID =?
Hibernate: select user0_.user_id as col_0_0_ from user user0_ where user0_.user_user_id=? limit ?
Hibernate: select user0_.user_id as col_0_0_ from user user0_ where user0_.user_user_id=? limit ?
Hibernate: select U.* from USER U where U.USER_USER_ID =?
Hibernate: select character0_.character_id as characte1_6_0_, character0_.character_character_name as characte2_6_0_ from characters character0_ where character0_.character_id=?
Hibernate: select user0_.user_id as col_0_0_ from user user0_ where user0_.user_user_id=? limit ?
Hibernate: select userjoinin0_.user_joining_pool_id as col_0_0_ from user_joining_pool userjoinin0_ where userjoinin0_.user_user_id=? limit ?
Hibernate: select character0_.character_id as col_0_0_ from characters character0_ where character0_.character_character_name=? limit ?
Hibernate: insert into user_joining_pool (user_joining_pool_id, user_created_at, user_name, user_phone_number, user_user_id, user_user_password) values (default, ?, ?, ?, ?, ?)
Hibernate: select user0_.user_id as user_id1_21_0_, user0_.character_id as characte7_21_0_, user0_.user_created_at as user_cre2_21_0_, user0_.user_name as user_nam3_21_0_, user0_.user_phone_number as user_pho4_21_0_, user0_.user_user_id as user_use5_21_0_, user0_.user_user_password as user_use6_21_0_ from user user0_ where user0_.user_id=?
Hibernate: select character0_.character_id as characte1_6_0_, character0_.character_character_name as characte2_6_0_ from characters character0_ where character0_.character_id=?
Hibernate: select count(*) as col_0_0_ from user user0_ where user0_.user_id=?
Hibernate: select character1_.character_id as characte1_6_, character1_.character_character_name as characte2_6_ from user user0_ inner join characters character1_ on user0_.character_id=character1_.character_id where user0_.user_id=?
Hibernate: select permission0_.character_id as characte6_12_0_, permission0_.permission_id as permissi1_12_0_, permission0_.permission_id as permissi1_12_1_, permission0_.character_id as characte6_12_1_, permission0_.permission_name as permissi2_12_1_, permission0_.permission_permission_unit_id as permissi3_12_1_, permission0_.permission_service as permissi4_12_1_, permission0_.permission_status as permissi5_12_1_ from permission permission0_ where permission0_.character_id=?
Hibernate: select userjoinin0_.user_joining_pool_id as col_0_0_ from user_joining_pool userjoinin0_ where userjoinin0_.user_user_id=? limit ?
Hibernate: select userjoinin0_.user_joining_pool_id as user_joi1_22_, userjoinin0_.user_created_at as user_cre2_22_, userjoinin0_.user_name as user_nam3_22_, userjoinin0_.user_phone_number as user_pho4_22_, userjoinin0_.user_user_id as user_use5_22_, userjoinin0_.user_user_password as user_use6_22_ from user_joining_pool userjoinin0_ where userjoinin0_.user_user_id=?
Hibernate: select character0_.character_id as characte1_6_, character0_.character_character_name as characte2_6_ from characters character0_ where character0_.character_character_name=?
Hibernate: insert into user (user_id, character_id, user_created_at, user_name, user_phone_number, user_user_id, user_user_password) values (default, ?, ?, ?, ?, ?, ?)
Hibernate: DELETE FROM USER_JOINING_POOL as JU where JU.USER_USER_ID =?
Hibernate: select user0_.user_id as col_0_0_ from user user0_ where user0_.user_user_id=? limit ?
Hibernate: select user0_.user_id as col_0_0_ from user user0_ where user0_.user_user_id=? limit ?
Hibernate: select U.* from USER U where U.USER_USER_ID =?
Hibernate: select character0_.character_id as characte1_6_0_, character0_.character_character_name as characte2_6_0_ from characters character0_ where character0_.character_id=?
Hibernate: select user0_.user_id as col_0_0_ from user user0_ where user0_.user_user_id=? limit ?
Hibernate: select userjoinin0_.user_joining_pool_id as col_0_0_ from user_joining_pool userjoinin0_ where userjoinin0_.user_user_id=? limit ?
Hibernate: select character0_.character_id as col_0_0_ from characters character0_ where character0_.character_character_name=? limit ?
Hibernate: insert into user_joining_pool (user_joining_pool_id, user_created_at, user_name, user_phone_number, user_user_id, user_user_password) values (default, ?, ?, ?, ?, ?)
Hibernate: select user0_.user_id as user_id1_21_0_, user0_.character_id as characte7_21_0_, user0_.user_created_at as user_cre2_21_0_, user0_.user_name as user_nam3_21_0_, user0_.user_phone_number as user_pho4_21_0_, user0_.user_user_id as user_use5_21_0_, user0_.user_user_password as user_use6_21_0_ from user user0_ where user0_.user_id=?
Hibernate: select character0_.character_id as characte1_6_0_, character0_.character_character_name as characte2_6_0_ from characters character0_ where character0_.character_id=?
Hibernate: select count(*) as col_0_0_ from user user0_ where user0_.user_id=?
Hibernate: select character1_.character_id as characte1_6_, character1_.character_character_name as characte2_6_ from user user0_ inner join characters character1_ on user0_.character_id=character1_.character_id where user0_.user_id=?
Hibernate: select permission0_.character_id as characte6_12_0_, permission0_.permission_id as permissi1_12_0_, permission0_.permission_id as permissi1_12_1_, permission0_.character_id as characte6_12_1_, permission0_.permission_name as permissi2_12_1_, permission0_.permission_permission_unit_id as permissi3_12_1_, permission0_.permission_service as permissi4_12_1_, permission0_.permission_status as permissi5_12_1_ from permission permission0_ where permission0_.character_id=?
Hibernate: select userjoinin0_.user_joining_pool_id as col_0_0_ from user_joining_pool userjoinin0_ where userjoinin0_.user_user_id=? limit ?
Hibernate: select userjoinin0_.user_joining_pool_id as user_joi1_22_, userjoinin0_.user_created_at as user_cre2_22_, userjoinin0_.user_name as user_nam3_22_, userjoinin0_.user_phone_number as user_pho4_22_, userjoinin0_.user_user_id as user_use5_22_, userjoinin0_.user_user_password as user_use6_22_ from user_joining_pool userjoinin0_ where userjoinin0_.user_user_id=?
Hibernate: select character0_.character_id as characte1_6_, character0_.character_character_name as characte2_6_ from characters character0_ where character0_.character_character_name=?
Hibernate: insert into user (user_id, character_id, user_created_at, user_name, user_phone_number, user_user_id, user_user_password) values (default, ?, ?, ?, ?, ?, ?)
Hibernate: DELETE FROM USER_JOINING_POOL as JU where JU.USER_USER_ID =?
Hibernate: select user0_.user_id as col_0_0_ from user user0_ where user0_.user_user_id=? limit ?
Hibernate: select user0_.user_id as col_0_0_ from user user0_ where user0_.user_user_id=? limit ?
Hibernate: select U.* from USER U where U.USER_USER_ID =?
Hibernate: select character0_.character_id as characte1_6_0_, character0_.character_character_name as characte2_6_0_ from characters character0_ where character0_.character_id=?
Hibernate: select user0_.user_id as col_0_0_ from user user0_ where user0_.user_user_id=? limit ?
Hibernate: select userjoinin0_.user_joining_pool_id as col_0_0_ from user_joining_pool userjoinin0_ where userjoinin0_.user_user_id=? limit ?
Hibernate: select character0_.character_id as col_0_0_ from characters character0_ where character0_.character_character_name=? limit ?
Hibernate: insert into user_joining_pool (user_joining_pool_id, user_created_at, user_name, user_phone_number, user_user_id, user_user_password) values (default, ?, ?, ?, ?, ?)
Hibernate: select user0_.user_id as user_id1_21_0_, user0_.character_id as characte7_21_0_, user0_.user_created_at as user_cre2_21_0_, user0_.user_name as user_nam3_21_0_, user0_.user_phone_number as user_pho4_21_0_, user0_.user_user_id as user_use5_21_0_, user0_.user_user_password as user_use6_21_0_ from user user0_ where user0_.user_id=?
Hibernate: select character0_.character_id as characte1_6_0_, character0_.character_character_name as characte2_6_0_ from characters character0_ where character0_.character_id=?
Hibernate: select count(*) as col_0_0_ from user user0_ where user0_.user_id=?
Hibernate: select character1_.character_id as characte1_6_, character1_.character_character_name as characte2_6_ from user user0_ inner join characters character1_ on user0_.character_id=character1_.character_id where user0_.user_id=?
Hibernate: select permission0_.character_id as characte6_12_0_, permission0_.permission_id as permissi1_12_0_, permission0_.permission_id as permissi1_12_1_, permission0_.character_id as characte6_12_1_, permission0_.permission_name as permissi2_12_1_, permission0_.permission_permission_unit_id as permissi3_12_1_, permission0_.permission_service as permissi4_12_1_, permission0_.permission_status as permissi5_12_1_ from permission permission0_ where permission0_.character_id=?
Hibernate: select userjoinin0_.user_joining_pool_id as col_0_0_ from user_joining_pool userjoinin0_ where userjoinin0_.user_user_id=? limit ?
Hibernate: select userjoinin0_.user_joining_pool_id as user_joi1_22_, userjoinin0_.user_created_at as user_cre2_22_, userjoinin0_.user_name as user_nam3_22_, userjoinin0_.user_phone_number as user_pho4_22_, userjoinin0_.user_user_id as user_use5_22_, userjoinin0_.user_user_password as user_use6_22_ from user_joining_pool userjoinin0_ where userjoinin0_.user_user_id=?
Hibernate: select character0_.character_id as characte1_6_, character0_.character_character_name as characte2_6_ from characters character0_ where character0_.character_character_name=?
Hibernate: insert into user (user_id, character_id, user_created_at, user_name, user_phone_number, user_user_id, user_user_password) values (default, ?, ?, ?, ?, ?, ?)
Hibernate: DELETE FROM USER_JOINING_POOL as JU where JU.USER_USER_ID =?
Hibernate: select user0_.user_id as col_0_0_ from user user0_ where user0_.user_user_id=? limit ?
Hibernate: select user0_.user_id as col_0_0_ from user user0_ where user0_.user_user_id=? limit ?
Hibernate: select U.* from USER U where U.USER_USER_ID =?
Hibernate: select character0_.character_id as characte1_6_0_, character0_.character_character_name as characte2_6_0_ from characters character0_ where character0_.character_id=?
Hibernate: select user0_.user_id as col_0_0_ from user user0_ where user0_.user_user_id=? limit ?
Hibernate: select userjoinin0_.user_joining_pool_id as col_0_0_ from user_joining_pool userjoinin0_ where userjoinin0_.user_user_id=? limit ?
Hibernate: select character0_.character_id as col_0_0_ from characters character0_ where character0_.character_character_name=? limit ?
Hibernate: insert into user_joining_pool (user_joining_pool_id, user_created_at, user_name, user_phone_number, user_user_id, user_user_password) values (default, ?, ?, ?, ?, ?)
Hibernate: select user0_.user_id as user_id1_21_0_, user0_.character_id as characte7_21_0_, user0_.user_created_at as user_cre2_21_0_, user0_.user_name as user_nam3_21_0_, user0_.user_phone_number as user_pho4_21_0_, user0_.user_user_id as user_use5_21_0_, user0_.user_user_password as user_use6_21_0_ from user user0_ where user0_.user_id=?
Hibernate: select character0_.character_id as characte1_6_0_, character0_.character_character_name as characte2_6_0_ from characters character0_ where character0_.character_id=?
Hibernate: select count(*) as col_0_0_ from user user0_ where user0_.user_id=?
Hibernate: select character1_.character_id as characte1_6_, character1_.character_character_name as characte2_6_ from user user0_ inner join characters character1_ on user0_.character_id=character1_.character_id where user0_.user_id=?
Hibernate: select permission0_.character_id as characte6_12_0_, permission0_.permission_id as permissi1_12_0_, permission0_.permission_id as permissi1_12_1_, permission0_.character_id as characte6_12_1_, permission0_.permission_name as permissi2_12_1_, permission0_.permission_permission_unit_id as permissi3_12_1_, permission0_.permission_service as permissi4_12_1_, permission0_.permission_status as permissi5_12_1_ from permission permission0_ where permission0_.character_id=?
Hibernate: select userjoinin0_.user_joining_pool_id as col_0_0_ from user_joining_pool userjoinin0_ where userjoinin0_.user_user_id=? limit ?
Hibernate: select userjoinin0_.user_joining_pool_id as user_joi1_22_, userjoinin0_.user_created_at as user_cre2_22_, userjoinin0_.user_name as user_nam3_22_, userjoinin0_.user_phone_number as user_pho4_22_, userjoinin0_.user_user_id as user_use5_22_, userjoinin0_.user_user_password as user_use6_22_ from user_joining_pool userjoinin0_ where userjoinin0_.user_user_id=?
Hibernate: select character0_.character_id as characte1_6_, character0_.character_character_name as characte2_6_ from characters character0_ where character0_.character_character_name=?
Hibernate: insert into user (user_id, character_id, user_created_at, user_name, user_phone_number, user_user_id, user_user_password) values (default, ?, ?, ?, ?, ?, ?)
Hibernate: DELETE FROM USER_JOINING_POOL as JU where JU.USER_USER_ID =?
Hibernate: select user0_.user_id as user_id1_21_0_, user0_.character_id as characte7_21_0_, user0_.user_created_at as user_cre2_21_0_, user0_.user_name as user_nam3_21_0_, user0_.user_phone_number as user_pho4_21_0_, user0_.user_user_id as user_use5_21_0_, user0_.user_user_password as user_use6_21_0_ from user user0_ where user0_.user_id=?
Hibernate: select character0_.character_id as characte1_6_0_, character0_.character_character_name as characte2_6_0_ from characters character0_ where character0_.character_id=?
Hibernate: select count(*) as col_0_0_ from user user0_ where user0_.user_id=?
Hibernate: select character1_.character_id as characte1_6_, character1_.character_character_name as characte2_6_ from user user0_ inner join characters character1_ on user0_.character_id=character1_.character_id where user0_.user_id=?
Hibernate: select permission0_.character_id as characte6_12_0_, permission0_.permission_id as permissi1_12_0_, permission0_.permission_id as permissi1_12_1_, permission0_.character_id as characte6_12_1_, permission0_.permission_name as permissi2_12_1_, permission0_.permission_permission_unit_id as permissi3_12_1_, permission0_.permission_service as permissi4_12_1_, permission0_.permission_status as permissi5_12_1_ from permission permission0_ where permission0_.character_id=?

MockHttpServletRequest:
      HTTP Method = POST
      Request URI = /teambuilding
       Parameters = {}
          Headers = [Content-Type:"application/json;charset=UTF-8", Accept:"application/json", api-version:"1.0", Authorization:"Bearer eyJhbGciOiJIUzI1NiJ9.eyJzdWIiOiIxIiwiaWF0IjoxNjg3ODc3NDY5LCJleHAiOjE2ODc4ODEwNjl9.5GpcrqH17WaCEi6670WViYdxZ8Db7S7TQOeUs9MSnKg", Content-Length:"250"]
             Body = {"teambuilding_title":"2nd Algorithm Contest Team","team_count":6,"users":[{"user_id":"alcuk_id","weight":3},{"user_id":"alcuk_id2","weight":2},{"user_id":"alcuk_id3","weight":1},{"user_id":"alcuk_id4","weight":4},{"user_id":"alcuk_id5","weight":2}]}
    Session Attrs = {}

Handler:
             Type = org.waldreg.controller.teambuilding.TeamBuildingController
           Method = org.waldreg.controller.teambuilding.TeamBuildingController#createTeamBuilding(TeamBuildingRequest)

Async:
    Async started = false
     Async result = null

Resolved Exception:
             Type = org.waldreg.teambuilding.exception.InvalidTeamCountException

ModelAndView:
        View name = null
             View = null
            Model = null

FlashMap:
       Attributes = null

MockHttpServletResponse:
           Status = 400
    Error message = null
          Headers = [Vary:"Origin", "Access-Control-Request-Method", "Access-Control-Request-Headers", Api-version:"1.0", Content-Type:"application/json"]
     Content type = application/json
             Body = {"code":"TEAMBUILDING-410","messages":"Team count \"6\" cannot exceed member count \"5\"","document_url":"docs.waldreg.org"}
    Forwarded URL = null
   Redirected URL = null
          Cookies = []
Hibernate: select user0_.user_id as col_0_0_ from user user0_ where user0_.user_user_id=? limit ?
Hibernate: select user0_.user_id as col_0_0_ from user user0_ where user0_.user_user_id=? limit ?
Hibernate: select U.* from USER U where U.USER_USER_ID =?
Hibernate: select character0_.character_id as characte1_6_0_, character0_.character_character_name as characte2_6_0_ from characters character0_ where character0_.character_id=?
Hibernate: select user0_.user_id as user_id1_21_0_, user0_.character_id as characte7_21_0_, user0_.user_created_at as user_cre2_21_0_, user0_.user_name as user_nam3_21_0_, user0_.user_phone_number as user_pho4_21_0_, user0_.user_user_id as user_use5_21_0_, user0_.user_user_password as user_use6_21_0_ from user user0_ where user0_.user_id=?
Hibernate: select character0_.character_id as characte1_6_0_, character0_.character_character_name as characte2_6_0_ from characters character0_ where character0_.character_id=?
Hibernate: select count(*) as col_0_0_ from team_building teambuildi0_
Hibernate: select count(*) as col_0_0_ from team_building teambuildi0_
Hibernate: select user0_.user_id as col_0_0_ from user user0_ where user0_.user_user_id=? limit ?
Hibernate: select user0_.user_id as col_0_0_ from user user0_ where user0_.user_user_id=? limit ?
Hibernate: select U.* from USER U where U.USER_USER_ID =?
Hibernate: select character0_.character_id as characte1_6_0_, character0_.character_character_name as characte2_6_0_ from characters character0_ where character0_.character_id=?
Hibernate: select user0_.user_id as col_0_0_ from user user0_ where user0_.user_user_id=? limit ?
Hibernate: select user0_.user_id as user_id1_21_, user0_.character_id as characte7_21_, user0_.user_created_at as user_cre2_21_, user0_.user_name as user_nam3_21_, user0_.user_phone_number as user_pho4_21_, user0_.user_user_id as user_use5_21_, user0_.user_user_password as user_use6_21_ from user user0_ inner join characters character1_ on user0_.character_id=character1_.character_id where user0_.user_user_id=?
Hibernate: select character0_.character_id as characte1_6_0_, character0_.character_character_name as characte2_6_0_ from characters character0_ where character0_.character_id=?
Hibernate: select rewardtagw0_.user_id as user_id4_16_0_, rewardtagw0_.reward_tag_wrapper_reward_id as reward_t1_16_0_, rewardtagw0_.reward_tag_wrapper_reward_id as reward_t1_16_1_, rewardtagw0_.reward_tag_wrapper_reward_presented_at as reward_t2_16_1_, rewardtagw0_.reward_tag_reward_tag_id as reward_t3_16_1_, rewardtagw0_.user_id as user_id4_16_1_ from reward_tag_wrapper rewardtagw0_ where rewardtagw0_.user_id=?
Hibernate: select user0_.user_id as user_id1_21_0_, user0_.character_id as characte7_21_0_, user0_.user_created_at as user_cre2_21_0_, user0_.user_name as user_nam3_21_0_, user0_.user_phone_number as user_pho4_21_0_, user0_.user_user_id as user_use5_21_0_, user0_.user_user_password as user_use6_21_0_ from user user0_ where user0_.user_id=?
Hibernate: select character0_.character_id as characte1_6_0_, character0_.character_character_name as characte2_6_0_ from characters character0_ where character0_.character_id=?
Hibernate: select count(*) as col_0_0_ from user user0_ where user0_.user_id=?
Hibernate: select character1_.character_id as characte1_6_, character1_.character_character_name as characte2_6_ from user user0_ inner join characters character1_ on user0_.character_id=character1_.character_id where user0_.user_id=?
Hibernate: select permission0_.character_id as characte6_12_0_, permission0_.permission_id as permissi1_12_0_, permission0_.permission_id as permissi1_12_1_, permission0_.character_id as characte6_12_1_, permission0_.permission_name as permissi2_12_1_, permission0_.permission_permission_unit_id as permissi3_12_1_, permission0_.permission_service as permissi4_12_1_, permission0_.permission_status as permissi5_12_1_ from permission permission0_ where permission0_.character_id=?
Hibernate: select count(*) as col_0_0_ from user user0_ where user0_.user_id=?
Hibernate: select user0_.user_id as user_id1_21_, user0_.character_id as characte7_21_, user0_.user_created_at as user_cre2_21_, user0_.user_name as user_nam3_21_, user0_.user_phone_number as user_pho4_21_, user0_.user_user_id as user_use5_21_, user0_.user_user_password as user_use6_21_ from user user0_ where user0_.user_id=?
Hibernate: select character0_.character_id as characte1_6_0_, character0_.character_character_name as characte2_6_0_ from characters character0_ where character0_.character_id=?
Hibernate: select rewardtagw0_.user_id as user_id4_16_0_, rewardtagw0_.reward_tag_wrapper_reward_id as reward_t1_16_0_, rewardtagw0_.reward_tag_wrapper_reward_id as reward_t1_16_1_, rewardtagw0_.reward_tag_wrapper_reward_presented_at as reward_t2_16_1_, rewardtagw0_.reward_tag_reward_tag_id as reward_t3_16_1_, rewardtagw0_.user_id as user_id4_16_1_ from reward_tag_wrapper rewardtagw0_ where rewardtagw0_.user_id=?
Hibernate: select attendance0_.attendance_user_attendance_user_id as col_0_0_ from attendance_user attendance0_ where attendance0_.user_id=? limit ?
Hibernate: DELETE FROM USER WHERE USER_ID = ?
Hibernate: select user0_.user_id as col_0_0_ from user user0_ where user0_.user_user_id=? limit ?
Hibernate: select user0_.user_id as col_0_0_ from user user0_ where user0_.user_user_id=? limit ?
Hibernate: select user0_.user_id as user_id1_21_, user0_.character_id as characte7_21_, user0_.user_created_at as user_cre2_21_, user0_.user_name as user_nam3_21_, user0_.user_phone_number as user_pho4_21_, user0_.user_user_id as user_use5_21_, user0_.user_user_password as user_use6_21_ from user user0_ inner join characters character1_ on user0_.character_id=character1_.character_id where user0_.user_user_id=?
Hibernate: select character0_.character_id as characte1_6_0_, character0_.character_character_name as characte2_6_0_ from characters character0_ where character0_.character_id=?
Hibernate: select rewardtagw0_.user_id as user_id4_16_0_, rewardtagw0_.reward_tag_wrapper_reward_id as reward_t1_16_0_, rewardtagw0_.reward_tag_wrapper_reward_id as reward_t1_16_1_, rewardtagw0_.reward_tag_wrapper_reward_presented_at as reward_t2_16_1_, rewardtagw0_.reward_tag_reward_tag_id as reward_t3_16_1_, rewardtagw0_.user_id as user_id4_16_1_ from reward_tag_wrapper rewardtagw0_ where rewardtagw0_.user_id=?
Hibernate: select user0_.user_id as user_id1_21_0_, user0_.character_id as characte7_21_0_, user0_.user_created_at as user_cre2_21_0_, user0_.user_name as user_nam3_21_0_, user0_.user_phone_number as user_pho4_21_0_, user0_.user_user_id as user_use5_21_0_, user0_.user_user_password as user_use6_21_0_ from user user0_ where user0_.user_id=?
Hibernate: select character0_.character_id as characte1_6_0_, character0_.character_character_name as characte2_6_0_ from characters character0_ where character0_.character_id=?
Hibernate: select count(*) as col_0_0_ from user user0_ where user0_.user_id=?
Hibernate: select character1_.character_id as characte1_6_, character1_.character_character_name as characte2_6_ from user user0_ inner join characters character1_ on user0_.character_id=character1_.character_id where user0_.user_id=?
Hibernate: select permission0_.character_id as characte6_12_0_, permission0_.permission_id as permissi1_12_0_, permission0_.permission_id as permissi1_12_1_, permission0_.character_id as characte6_12_1_, permission0_.permission_name as permissi2_12_1_, permission0_.permission_permission_unit_id as permissi3_12_1_, permission0_.permission_service as permissi4_12_1_, permission0_.permission_status as permissi5_12_1_ from permission permission0_ where permission0_.character_id=?
Hibernate: select count(*) as col_0_0_ from user user0_ where user0_.user_id=?
Hibernate: select user0_.user_id as user_id1_21_, user0_.character_id as characte7_21_, user0_.user_created_at as user_cre2_21_, user0_.user_name as user_nam3_21_, user0_.user_phone_number as user_pho4_21_, user0_.user_user_id as user_use5_21_, user0_.user_user_password as user_use6_21_ from user user0_ where user0_.user_id=?
Hibernate: select character0_.character_id as characte1_6_0_, character0_.character_character_name as characte2_6_0_ from characters character0_ where character0_.character_id=?
Hibernate: select rewardtagw0_.user_id as user_id4_16_0_, rewardtagw0_.reward_tag_wrapper_reward_id as reward_t1_16_0_, rewardtagw0_.reward_tag_wrapper_reward_id as reward_t1_16_1_, rewardtagw0_.reward_tag_wrapper_reward_presented_at as reward_t2_16_1_, rewardtagw0_.reward_tag_reward_tag_id as reward_t3_16_1_, rewardtagw0_.user_id as user_id4_16_1_ from reward_tag_wrapper rewardtagw0_ where rewardtagw0_.user_id=?
Hibernate: select attendance0_.attendance_user_attendance_user_id as col_0_0_ from attendance_user attendance0_ where attendance0_.user_id=? limit ?
Hibernate: DELETE FROM USER WHERE USER_ID = ?
Hibernate: select user0_.user_id as col_0_0_ from user user0_ where user0_.user_user_id=? limit ?
Hibernate: select user0_.user_id as col_0_0_ from user user0_ where user0_.user_user_id=? limit ?
Hibernate: select user0_.user_id as user_id1_21_, user0_.character_id as characte7_21_, user0_.user_created_at as user_cre2_21_, user0_.user_name as user_nam3_21_, user0_.user_phone_number as user_pho4_21_, user0_.user_user_id as user_use5_21_, user0_.user_user_password as user_use6_21_ from user user0_ inner join characters character1_ on user0_.character_id=character1_.character_id where user0_.user_user_id=?
Hibernate: select character0_.character_id as characte1_6_0_, character0_.character_character_name as characte2_6_0_ from characters character0_ where character0_.character_id=?
Hibernate: select rewardtagw0_.user_id as user_id4_16_0_, rewardtagw0_.reward_tag_wrapper_reward_id as reward_t1_16_0_, rewardtagw0_.reward_tag_wrapper_reward_id as reward_t1_16_1_, rewardtagw0_.reward_tag_wrapper_reward_presented_at as reward_t2_16_1_, rewardtagw0_.reward_tag_reward_tag_id as reward_t3_16_1_, rewardtagw0_.user_id as user_id4_16_1_ from reward_tag_wrapper rewardtagw0_ where rewardtagw0_.user_id=?
Hibernate: select user0_.user_id as user_id1_21_0_, user0_.character_id as characte7_21_0_, user0_.user_created_at as user_cre2_21_0_, user0_.user_name as user_nam3_21_0_, user0_.user_phone_number as user_pho4_21_0_, user0_.user_user_id as user_use5_21_0_, user0_.user_user_password as user_use6_21_0_ from user user0_ where user0_.user_id=?
Hibernate: select character0_.character_id as characte1_6_0_, character0_.character_character_name as characte2_6_0_ from characters character0_ where character0_.character_id=?
Hibernate: select count(*) as col_0_0_ from user user0_ where user0_.user_id=?
Hibernate: select character1_.character_id as characte1_6_, character1_.character_character_name as characte2_6_ from user user0_ inner join characters character1_ on user0_.character_id=character1_.character_id where user0_.user_id=?
Hibernate: select permission0_.character_id as characte6_12_0_, permission0_.permission_id as permissi1_12_0_, permission0_.permission_id as permissi1_12_1_, permission0_.character_id as characte6_12_1_, permission0_.permission_name as permissi2_12_1_, permission0_.permission_permission_unit_id as permissi3_12_1_, permission0_.permission_service as permissi4_12_1_, permission0_.permission_status as permissi5_12_1_ from permission permission0_ where permission0_.character_id=?
Hibernate: select count(*) as col_0_0_ from user user0_ where user0_.user_id=?
Hibernate: select user0_.user_id as user_id1_21_, user0_.character_id as characte7_21_, user0_.user_created_at as user_cre2_21_, user0_.user_name as user_nam3_21_, user0_.user_phone_number as user_pho4_21_, user0_.user_user_id as user_use5_21_, user0_.user_user_password as user_use6_21_ from user user0_ where user0_.user_id=?
Hibernate: select character0_.character_id as characte1_6_0_, character0_.character_character_name as characte2_6_0_ from characters character0_ where character0_.character_id=?
Hibernate: select rewardtagw0_.user_id as user_id4_16_0_, rewardtagw0_.reward_tag_wrapper_reward_id as reward_t1_16_0_, rewardtagw0_.reward_tag_wrapper_reward_id as reward_t1_16_1_, rewardtagw0_.reward_tag_wrapper_reward_presented_at as reward_t2_16_1_, rewardtagw0_.reward_tag_reward_tag_id as reward_t3_16_1_, rewardtagw0_.user_id as user_id4_16_1_ from reward_tag_wrapper rewardtagw0_ where rewardtagw0_.user_id=?
Hibernate: select attendance0_.attendance_user_attendance_user_id as col_0_0_ from attendance_user attendance0_ where attendance0_.user_id=? limit ?
Hibernate: DELETE FROM USER WHERE USER_ID = ?
Hibernate: select user0_.user_id as col_0_0_ from user user0_ where user0_.user_user_id=? limit ?
Hibernate: select user0_.user_id as col_0_0_ from user user0_ where user0_.user_user_id=? limit ?
Hibernate: select user0_.user_id as user_id1_21_, user0_.character_id as characte7_21_, user0_.user_created_at as user_cre2_21_, user0_.user_name as user_nam3_21_, user0_.user_phone_number as user_pho4_21_, user0_.user_user_id as user_use5_21_, user0_.user_user_password as user_use6_21_ from user user0_ inner join characters character1_ on user0_.character_id=character1_.character_id where user0_.user_user_id=?
Hibernate: select character0_.character_id as characte1_6_0_, character0_.character_character_name as characte2_6_0_ from characters character0_ where character0_.character_id=?
Hibernate: select rewardtagw0_.user_id as user_id4_16_0_, rewardtagw0_.reward_tag_wrapper_reward_id as reward_t1_16_0_, rewardtagw0_.reward_tag_wrapper_reward_id as reward_t1_16_1_, rewardtagw0_.reward_tag_wrapper_reward_presented_at as reward_t2_16_1_, rewardtagw0_.reward_tag_reward_tag_id as reward_t3_16_1_, rewardtagw0_.user_id as user_id4_16_1_ from reward_tag_wrapper rewardtagw0_ where rewardtagw0_.user_id=?
Hibernate: select user0_.user_id as user_id1_21_0_, user0_.character_id as characte7_21_0_, user0_.user_created_at as user_cre2_21_0_, user0_.user_name as user_nam3_21_0_, user0_.user_phone_number as user_pho4_21_0_, user0_.user_user_id as user_use5_21_0_, user0_.user_user_password as user_use6_21_0_ from user user0_ where user0_.user_id=?
Hibernate: select character0_.character_id as characte1_6_0_, character0_.character_character_name as characte2_6_0_ from characters character0_ where character0_.character_id=?
Hibernate: select count(*) as col_0_0_ from user user0_ where user0_.user_id=?
Hibernate: select character1_.character_id as characte1_6_, character1_.character_character_name as characte2_6_ from user user0_ inner join characters character1_ on user0_.character_id=character1_.character_id where user0_.user_id=?
Hibernate: select permission0_.character_id as characte6_12_0_, permission0_.permission_id as permissi1_12_0_, permission0_.permission_id as permissi1_12_1_, permission0_.character_id as characte6_12_1_, permission0_.permission_name as permissi2_12_1_, permission0_.permission_permission_unit_id as permissi3_12_1_, permission0_.permission_service as permissi4_12_1_, permission0_.permission_status as permissi5_12_1_ from permission permission0_ where permission0_.character_id=?
Hibernate: select count(*) as col_0_0_ from user user0_ where user0_.user_id=?
Hibernate: select user0_.user_id as user_id1_21_, user0_.character_id as characte7_21_, user0_.user_created_at as user_cre2_21_, user0_.user_name as user_nam3_21_, user0_.user_phone_number as user_pho4_21_, user0_.user_user_id as user_use5_21_, user0_.user_user_password as user_use6_21_ from user user0_ where user0_.user_id=?
Hibernate: select character0_.character_id as characte1_6_0_, character0_.character_character_name as characte2_6_0_ from characters character0_ where character0_.character_id=?
Hibernate: select rewardtagw0_.user_id as user_id4_16_0_, rewardtagw0_.reward_tag_wrapper_reward_id as reward_t1_16_0_, rewardtagw0_.reward_tag_wrapper_reward_id as reward_t1_16_1_, rewardtagw0_.reward_tag_wrapper_reward_presented_at as reward_t2_16_1_, rewardtagw0_.reward_tag_reward_tag_id as reward_t3_16_1_, rewardtagw0_.user_id as user_id4_16_1_ from reward_tag_wrapper rewardtagw0_ where rewardtagw0_.user_id=?
Hibernate: select attendance0_.attendance_user_attendance_user_id as col_0_0_ from attendance_user attendance0_ where attendance0_.user_id=? limit ?
Hibernate: DELETE FROM USER WHERE USER_ID = ?
Hibernate: select user0_.user_id as col_0_0_ from user user0_ where user0_.user_user_id=? limit ?
Hibernate: select user0_.user_id as col_0_0_ from user user0_ where user0_.user_user_id=? limit ?
Hibernate: select user0_.user_id as user_id1_21_, user0_.character_id as characte7_21_, user0_.user_created_at as user_cre2_21_, user0_.user_name as user_nam3_21_, user0_.user_phone_number as user_pho4_21_, user0_.user_user_id as user_use5_21_, user0_.user_user_password as user_use6_21_ from user user0_ inner join characters character1_ on user0_.character_id=character1_.character_id where user0_.user_user_id=?
Hibernate: select character0_.character_id as characte1_6_0_, character0_.character_character_name as characte2_6_0_ from characters character0_ where character0_.character_id=?
Hibernate: select rewardtagw0_.user_id as user_id4_16_0_, rewardtagw0_.reward_tag_wrapper_reward_id as reward_t1_16_0_, rewardtagw0_.reward_tag_wrapper_reward_id as reward_t1_16_1_, rewardtagw0_.reward_tag_wrapper_reward_presented_at as reward_t2_16_1_, rewardtagw0_.reward_tag_reward_tag_id as reward_t3_16_1_, rewardtagw0_.user_id as user_id4_16_1_ from reward_tag_wrapper rewardtagw0_ where rewardtagw0_.user_id=?
Hibernate: select user0_.user_id as user_id1_21_0_, user0_.character_id as characte7_21_0_, user0_.user_created_at as user_cre2_21_0_, user0_.user_name as user_nam3_21_0_, user0_.user_phone_number as user_pho4_21_0_, user0_.user_user_id as user_use5_21_0_, user0_.user_user_password as user_use6_21_0_ from user user0_ where user0_.user_id=?
Hibernate: select character0_.character_id as characte1_6_0_, character0_.character_character_name as characte2_6_0_ from characters character0_ where character0_.character_id=?
Hibernate: select count(*) as col_0_0_ from user user0_ where user0_.user_id=?
Hibernate: select character1_.character_id as characte1_6_, character1_.character_character_name as characte2_6_ from user user0_ inner join characters character1_ on user0_.character_id=character1_.character_id where user0_.user_id=?
Hibernate: select permission0_.character_id as characte6_12_0_, permission0_.permission_id as permissi1_12_0_, permission0_.permission_id as permissi1_12_1_, permission0_.character_id as characte6_12_1_, permission0_.permission_name as permissi2_12_1_, permission0_.permission_permission_unit_id as permissi3_12_1_, permission0_.permission_service as permissi4_12_1_, permission0_.permission_status as permissi5_12_1_ from permission permission0_ where permission0_.character_id=?
Hibernate: select count(*) as col_0_0_ from user user0_ where user0_.user_id=?
Hibernate: select user0_.user_id as user_id1_21_, user0_.character_id as characte7_21_, user0_.user_created_at as user_cre2_21_, user0_.user_name as user_nam3_21_, user0_.user_phone_number as user_pho4_21_, user0_.user_user_id as user_use5_21_, user0_.user_user_password as user_use6_21_ from user user0_ where user0_.user_id=?
Hibernate: select character0_.character_id as characte1_6_0_, character0_.character_character_name as characte2_6_0_ from characters character0_ where character0_.character_id=?
Hibernate: select rewardtagw0_.user_id as user_id4_16_0_, rewardtagw0_.reward_tag_wrapper_reward_id as reward_t1_16_0_, rewardtagw0_.reward_tag_wrapper_reward_id as reward_t1_16_1_, rewardtagw0_.reward_tag_wrapper_reward_presented_at as reward_t2_16_1_, rewardtagw0_.reward_tag_reward_tag_id as reward_t3_16_1_, rewardtagw0_.user_id as user_id4_16_1_ from reward_tag_wrapper rewardtagw0_ where rewardtagw0_.user_id=?
Hibernate: select attendance0_.attendance_user_attendance_user_id as col_0_0_ from attendance_user attendance0_ where attendance0_.user_id=? limit ?
Hibernate: DELETE FROM USER WHERE USER_ID = ?
Hibernate: select user0_.user_id as col_0_0_ from user user0_ where user0_.user_user_id=? limit ?
]]></system-out>
  <system-err><![CDATA[]]></system-err>
</testsuite>
