<?xml version="1.0" encoding="UTF-8"?>
<testsuite name="org.waldreg.acceptance.schedule.ScheduleAcceptanceTest" tests="31" skipped="0" failures="0" errors="0" timestamp="2023-06-27T14:51:08" hostname="xb-apple.local" time="0.464">
  <properties/>
  <testcase name="일정 수정 실패 테스트 - 권한 없음" classname="org.waldreg.acceptance.schedule.ScheduleAcceptanceTest" time="0.03"/>
  <testcase name="일정 삭제 성공 테스트" classname="org.waldreg.acceptance.schedule.ScheduleAcceptanceTest" time="0.015"/>
  <testcase name="일정 수정 실패 테스트 - 잘못된 month" classname="org.waldreg.acceptance.schedule.ScheduleAcceptanceTest" time="0.014"/>
  <testcase name="일정 수정 실패 테스트 - 없는 schedule id" classname="org.waldreg.acceptance.schedule.ScheduleAcceptanceTest" time="0.011"/>
  <testcase name="일정 수정 실패 테스트 - 잘못된 cycle" classname="org.waldreg.acceptance.schedule.ScheduleAcceptanceTest" time="0.014"/>
  <testcase name="일정 조회 실패 테스트 - 잘못된 year" classname="org.waldreg.acceptance.schedule.ScheduleAcceptanceTest" time="0.019"/>
  <testcase name="일정 조회 실패 테스트 - 잘못된 month" classname="org.waldreg.acceptance.schedule.ScheduleAcceptanceTest" time="0.018"/>
  <testcase name="일정 조회 성공 테스트" classname="org.waldreg.acceptance.schedule.ScheduleAcceptanceTest" time="0.018"/>
  <testcase name="특정 일정 조회 성공 테스트" classname="org.waldreg.acceptance.schedule.ScheduleAcceptanceTest" time="0.014"/>
  <testcase name="일정 수정 실패 테스트 - 빈 schedule title" classname="org.waldreg.acceptance.schedule.ScheduleAcceptanceTest" time="0.013"/>
  <testcase name="새로운 일정 생성 실패 테스트 - 잘못된 year" classname="org.waldreg.acceptance.schedule.ScheduleAcceptanceTest" time="0.01"/>
  <testcase name="일정 수정 실패 테스트 - 잘못된 year" classname="org.waldreg.acceptance.schedule.ScheduleAcceptanceTest" time="0.013"/>
  <testcase name="일정 수정 실패 테스트 - 일정 종료 날짜가 시작 날짜보다 앞서거나 같음" classname="org.waldreg.acceptance.schedule.ScheduleAcceptanceTest" time="0.016"/>
  <testcase name="새로운 일정 생성 실패 테스트 - 잘못된 형식의 반복 종료 날짜" classname="org.waldreg.acceptance.schedule.ScheduleAcceptanceTest" time="0.01"/>
  <testcase name="일정 수정 실패 테스트 - 잘못된 반복 종료 날짜" classname="org.waldreg.acceptance.schedule.ScheduleAcceptanceTest" time="0.014"/>
  <testcase name="일정 수정 실패 테스트 - schedule title 글자 제한 초과" classname="org.waldreg.acceptance.schedule.ScheduleAcceptanceTest" time="0.016"/>
  <testcase name="새로운 일정 생성 성공 테스트 - 반복 없음" classname="org.waldreg.acceptance.schedule.ScheduleAcceptanceTest" time="0.013"/>
  <testcase name="새로운 일정 생성 실패 테스트 - schedule content 글자 제한 초과" classname="org.waldreg.acceptance.schedule.ScheduleAcceptanceTest" time="0.011"/>
  <testcase name="일정 삭제 실패 테스트 - 없는 schedule id" classname="org.waldreg.acceptance.schedule.ScheduleAcceptanceTest" time="0.011"/>
  <testcase name="새로운 일정 생성 성공 테스트 - 반복 있음" classname="org.waldreg.acceptance.schedule.ScheduleAcceptanceTest" time="0.012"/>
  <testcase name="새로운 일정 생성 실패 테스트 - 빈 schedule title" classname="org.waldreg.acceptance.schedule.ScheduleAcceptanceTest" time="0.01"/>
  <testcase name="일정 수정 성공 테스트" classname="org.waldreg.acceptance.schedule.ScheduleAcceptanceTest" time="0.014"/>
  <testcase name="특정 일정 조회 실패 테스트 - 없는 schedule id" classname="org.waldreg.acceptance.schedule.ScheduleAcceptanceTest" time="0.01"/>
  <testcase name="새로운 일정 생성 실패 테스트 - 잘못된 month" classname="org.waldreg.acceptance.schedule.ScheduleAcceptanceTest" time="0.01"/>
  <testcase name="새로운 일정 생성 실패 테스트 - 잘못된 반복 종료 날짜" classname="org.waldreg.acceptance.schedule.ScheduleAcceptanceTest" time="0.013"/>
  <testcase name="새로운 일정 생성 실패 테스트 - 일정 종료 날짜가 시작날짜보다 앞서거나 같음" classname="org.waldreg.acceptance.schedule.ScheduleAcceptanceTest" time="0.012"/>
  <testcase name="일정 수정 실패 테스트 - schedule content 글자 제한 초과" classname="org.waldreg.acceptance.schedule.ScheduleAcceptanceTest" time="0.019"/>
  <testcase name="새로운 일정 생성 실패 테스트 - 권한 없음" classname="org.waldreg.acceptance.schedule.ScheduleAcceptanceTest" time="0.016"/>
  <testcase name="새로운 일정 생성 실패 테스트 - schedule title 글자 제한 초과" classname="org.waldreg.acceptance.schedule.ScheduleAcceptanceTest" time="0.028"/>
  <testcase name="일정 삭제 실패 테스트 - 권한 없음" classname="org.waldreg.acceptance.schedule.ScheduleAcceptanceTest" time="0.018"/>
  <testcase name="새로운 일정 생성 실패 테스트 - 잘못된 cycle" classname="org.waldreg.acceptance.schedule.ScheduleAcceptanceTest" time="0.011"/>
  <system-out><![CDATA[2023-06-27 23:51:08.067  INFO 92687 --- [    Test worker] .b.t.c.SpringBootTestContextBootstrapper : Neither @ContextConfiguration nor @ContextHierarchy found for test class [org.waldreg.acceptance.schedule.ScheduleAcceptanceTest], using SpringBootContextLoader
2023-06-27 23:51:08.067  INFO 92687 --- [    Test worker] o.s.t.c.support.AbstractContextLoader    : Could not detect default resource locations for test class [org.waldreg.acceptance.schedule.ScheduleAcceptanceTest]: no resource found for suffixes {-context.xml, Context.groovy}.
2023-06-27 23:51:08.067  INFO 92687 --- [    Test worker] t.c.s.AnnotationConfigContextLoaderUtils : Could not detect default configuration classes for test class [org.waldreg.acceptance.schedule.ScheduleAcceptanceTest]: ScheduleAcceptanceTest does not declare any static, non-private, non-final, nested classes annotated with @Configuration.
2023-06-27 23:51:08.069  INFO 92687 --- [    Test worker] .b.t.c.SpringBootTestContextBootstrapper : Found @SpringBootConfiguration org.waldreg.Application for test class org.waldreg.acceptance.schedule.ScheduleAcceptanceTest
2023-06-27 23:51:08.070  INFO 92687 --- [    Test worker] .b.t.c.SpringBootTestContextBootstrapper : Loaded default TestExecutionListener class names from location [META-INF/spring.factories]: [org.springframework.boot.test.autoconfigure.restdocs.RestDocsTestExecutionListener, org.springframework.boot.test.autoconfigure.web.client.MockRestServiceServerResetTestExecutionListener, org.springframework.boot.test.autoconfigure.web.servlet.MockMvcPrintOnlyOnFailureTestExecutionListener, org.springframework.boot.test.autoconfigure.web.servlet.WebDriverTestExecutionListener, org.springframework.boot.test.autoconfigure.webservices.client.MockWebServiceServerTestExecutionListener, org.springframework.boot.test.mock.mockito.MockitoTestExecutionListener, org.springframework.boot.test.mock.mockito.ResetMocksTestExecutionListener, org.springframework.test.context.web.ServletTestExecutionListener, org.springframework.test.context.support.DirtiesContextBeforeModesTestExecutionListener, org.springframework.test.context.event.ApplicationEventsTestExecutionListener, org.springframework.test.context.support.DependencyInjectionTestExecutionListener, org.springframework.test.context.support.DirtiesContextTestExecutionListener, org.springframework.test.context.transaction.TransactionalTestExecutionListener, org.springframework.test.context.jdbc.SqlScriptsTestExecutionListener, org.springframework.test.context.event.EventPublishingTestExecutionListener]
2023-06-27 23:51:08.070  INFO 92687 --- [    Test worker] .b.t.c.SpringBootTestContextBootstrapper : Using TestExecutionListeners: [org.springframework.test.context.web.ServletTestExecutionListener@104c8803, org.springframework.test.context.support.DirtiesContextBeforeModesTestExecutionListener@a690975, org.springframework.test.context.event.ApplicationEventsTestExecutionListener@27924226, org.springframework.boot.test.mock.mockito.MockitoTestExecutionListener@7b816abe, org.springframework.boot.test.autoconfigure.SpringBootDependencyInjectionTestExecutionListener@ff9e95d, org.springframework.test.context.support.DirtiesContextTestExecutionListener@4d197b76, org.springframework.test.context.transaction.TransactionalTestExecutionListener@782f8381, org.springframework.test.context.jdbc.SqlScriptsTestExecutionListener@80bd2a0, org.springframework.test.context.event.EventPublishingTestExecutionListener@48f861fd, org.springframework.boot.test.autoconfigure.restdocs.RestDocsTestExecutionListener@4ebc615f, org.springframework.boot.test.autoconfigure.web.client.MockRestServiceServerResetTestExecutionListener@4a0bc082, org.springframework.boot.test.autoconfigure.web.servlet.MockMvcPrintOnlyOnFailureTestExecutionListener@1cc385b1, org.springframework.boot.test.autoconfigure.web.servlet.WebDriverTestExecutionListener@17bff85d, org.springframework.boot.test.autoconfigure.webservices.client.MockWebServiceServerTestExecutionListener@3a24c56c, org.springframework.boot.test.mock.mockito.ResetMocksTestExecutionListener@2e3f0d7a]
Hibernate: select user0_.user_id as col_0_0_ from user user0_ where user0_.user_user_id=? limit ?
Hibernate: select user0_.user_id as col_0_0_ from user user0_ where user0_.user_user_id=? limit ?
Hibernate: select U.* from USER U where U.USER_USER_ID =?
Hibernate: select character0_.character_id as characte1_6_0_, character0_.character_character_name as characte2_6_0_ from characters character0_ where character0_.character_id=?
Hibernate: select user0_.user_id as user_id1_21_0_, user0_.character_id as characte7_21_0_, user0_.user_created_at as user_cre2_21_0_, user0_.user_name as user_nam3_21_0_, user0_.user_phone_number as user_pho4_21_0_, user0_.user_user_id as user_use5_21_0_, user0_.user_user_password as user_use6_21_0_ from user user0_ where user0_.user_id=?
Hibernate: select character0_.character_id as characte1_6_0_, character0_.character_character_name as characte2_6_0_ from characters character0_ where character0_.character_id=?
Hibernate: SELECT * FROM SCHEDULE WHERE (YEAR(SCHEDULE_STARTED_AT) = ? AND MONTH(SCHEDULE_STARTED_AT) = ?) OR (YEAR(SCHEDULE_FINISH_AT) = ? AND MONTH(SCHEDULE_FINISH_AT) = ?)
Hibernate: select user0_.user_id as user_id1_21_0_, user0_.character_id as characte7_21_0_, user0_.user_created_at as user_cre2_21_0_, user0_.user_name as user_nam3_21_0_, user0_.user_phone_number as user_pho4_21_0_, user0_.user_user_id as user_use5_21_0_, user0_.user_user_password as user_use6_21_0_ from user user0_ where user0_.user_id=?
Hibernate: select character0_.character_id as characte1_6_0_, character0_.character_character_name as characte2_6_0_ from characters character0_ where character0_.character_id=?
Hibernate: SELECT * FROM SCHEDULE WHERE (YEAR(SCHEDULE_STARTED_AT) = ? AND MONTH(SCHEDULE_STARTED_AT) = ?) OR (YEAR(SCHEDULE_FINISH_AT) = ? AND MONTH(SCHEDULE_FINISH_AT) = ?)
Hibernate: select user0_.user_id as user_id1_21_0_, user0_.character_id as characte7_21_0_, user0_.user_created_at as user_cre2_21_0_, user0_.user_name as user_nam3_21_0_, user0_.user_phone_number as user_pho4_21_0_, user0_.user_user_id as user_use5_21_0_, user0_.user_user_password as user_use6_21_0_ from user user0_ where user0_.user_id=?
Hibernate: select character0_.character_id as characte1_6_0_, character0_.character_character_name as characte2_6_0_ from characters character0_ where character0_.character_id=?
Hibernate: SELECT * FROM SCHEDULE WHERE (YEAR(SCHEDULE_STARTED_AT) = ? AND MONTH(SCHEDULE_STARTED_AT) = ?) OR (YEAR(SCHEDULE_FINISH_AT) = ? AND MONTH(SCHEDULE_FINISH_AT) = ?)
Hibernate: select user0_.user_id as user_id1_21_0_, user0_.character_id as characte7_21_0_, user0_.user_created_at as user_cre2_21_0_, user0_.user_name as user_nam3_21_0_, user0_.user_phone_number as user_pho4_21_0_, user0_.user_user_id as user_use5_21_0_, user0_.user_user_password as user_use6_21_0_ from user user0_ where user0_.user_id=?
Hibernate: select character0_.character_id as characte1_6_0_, character0_.character_character_name as characte2_6_0_ from characters character0_ where character0_.character_id=?
Hibernate: SELECT * FROM SCHEDULE WHERE (YEAR(SCHEDULE_STARTED_AT) = ? AND MONTH(SCHEDULE_STARTED_AT) = ?) OR (YEAR(SCHEDULE_FINISH_AT) = ? AND MONTH(SCHEDULE_FINISH_AT) = ?)
Hibernate: select user0_.user_id as user_id1_21_0_, user0_.character_id as characte7_21_0_, user0_.user_created_at as user_cre2_21_0_, user0_.user_name as user_nam3_21_0_, user0_.user_phone_number as user_pho4_21_0_, user0_.user_user_id as user_use5_21_0_, user0_.user_user_password as user_use6_21_0_ from user user0_ where user0_.user_id=?
Hibernate: select character0_.character_id as characte1_6_0_, character0_.character_character_name as characte2_6_0_ from characters character0_ where character0_.character_id=?
Hibernate: SELECT * FROM SCHEDULE WHERE (YEAR(SCHEDULE_STARTED_AT) = ? AND MONTH(SCHEDULE_STARTED_AT) = ?) OR (YEAR(SCHEDULE_FINISH_AT) = ? AND MONTH(SCHEDULE_FINISH_AT) = ?)
Hibernate: select user0_.user_id as user_id1_21_0_, user0_.character_id as characte7_21_0_, user0_.user_created_at as user_cre2_21_0_, user0_.user_name as user_nam3_21_0_, user0_.user_phone_number as user_pho4_21_0_, user0_.user_user_id as user_use5_21_0_, user0_.user_user_password as user_use6_21_0_ from user user0_ where user0_.user_id=?
Hibernate: select character0_.character_id as characte1_6_0_, character0_.character_character_name as characte2_6_0_ from characters character0_ where character0_.character_id=?
Hibernate: SELECT * FROM SCHEDULE WHERE (YEAR(SCHEDULE_STARTED_AT) = ? AND MONTH(SCHEDULE_STARTED_AT) = ?) OR (YEAR(SCHEDULE_FINISH_AT) = ? AND MONTH(SCHEDULE_FINISH_AT) = ?)
Hibernate: select user0_.user_id as user_id1_21_0_, user0_.character_id as characte7_21_0_, user0_.user_created_at as user_cre2_21_0_, user0_.user_name as user_nam3_21_0_, user0_.user_phone_number as user_pho4_21_0_, user0_.user_user_id as user_use5_21_0_, user0_.user_user_password as user_use6_21_0_ from user user0_ where user0_.user_id=?
Hibernate: select character0_.character_id as characte1_6_0_, character0_.character_character_name as characte2_6_0_ from characters character0_ where character0_.character_id=?
Hibernate: SELECT * FROM SCHEDULE WHERE (YEAR(SCHEDULE_STARTED_AT) = ? AND MONTH(SCHEDULE_STARTED_AT) = ?) OR (YEAR(SCHEDULE_FINISH_AT) = ? AND MONTH(SCHEDULE_FINISH_AT) = ?)
Hibernate: select user0_.user_id as user_id1_21_0_, user0_.character_id as characte7_21_0_, user0_.user_created_at as user_cre2_21_0_, user0_.user_name as user_nam3_21_0_, user0_.user_phone_number as user_pho4_21_0_, user0_.user_user_id as user_use5_21_0_, user0_.user_user_password as user_use6_21_0_ from user user0_ where user0_.user_id=?
Hibernate: select character0_.character_id as characte1_6_0_, character0_.character_character_name as characte2_6_0_ from characters character0_ where character0_.character_id=?
Hibernate: SELECT * FROM SCHEDULE WHERE (YEAR(SCHEDULE_STARTED_AT) = ? AND MONTH(SCHEDULE_STARTED_AT) = ?) OR (YEAR(SCHEDULE_FINISH_AT) = ? AND MONTH(SCHEDULE_FINISH_AT) = ?)
Hibernate: select user0_.user_id as user_id1_21_0_, user0_.character_id as characte7_21_0_, user0_.user_created_at as user_cre2_21_0_, user0_.user_name as user_nam3_21_0_, user0_.user_phone_number as user_pho4_21_0_, user0_.user_user_id as user_use5_21_0_, user0_.user_user_password as user_use6_21_0_ from user user0_ where user0_.user_id=?
Hibernate: select character0_.character_id as characte1_6_0_, character0_.character_character_name as characte2_6_0_ from characters character0_ where character0_.character_id=?
Hibernate: SELECT * FROM SCHEDULE WHERE (YEAR(SCHEDULE_STARTED_AT) = ? AND MONTH(SCHEDULE_STARTED_AT) = ?) OR (YEAR(SCHEDULE_FINISH_AT) = ? AND MONTH(SCHEDULE_FINISH_AT) = ?)
Hibernate: select user0_.user_id as user_id1_21_0_, user0_.character_id as characte7_21_0_, user0_.user_created_at as user_cre2_21_0_, user0_.user_name as user_nam3_21_0_, user0_.user_phone_number as user_pho4_21_0_, user0_.user_user_id as user_use5_21_0_, user0_.user_user_password as user_use6_21_0_ from user user0_ where user0_.user_id=?
Hibernate: select character0_.character_id as characte1_6_0_, character0_.character_character_name as characte2_6_0_ from characters character0_ where character0_.character_id=?
Hibernate: SELECT * FROM SCHEDULE WHERE (YEAR(SCHEDULE_STARTED_AT) = ? AND MONTH(SCHEDULE_STARTED_AT) = ?) OR (YEAR(SCHEDULE_FINISH_AT) = ? AND MONTH(SCHEDULE_FINISH_AT) = ?)
Hibernate: select user0_.user_id as user_id1_21_0_, user0_.character_id as characte7_21_0_, user0_.user_created_at as user_cre2_21_0_, user0_.user_name as user_nam3_21_0_, user0_.user_phone_number as user_pho4_21_0_, user0_.user_user_id as user_use5_21_0_, user0_.user_user_password as user_use6_21_0_ from user user0_ where user0_.user_id=?
Hibernate: select character0_.character_id as characte1_6_0_, character0_.character_character_name as characte2_6_0_ from characters character0_ where character0_.character_id=?
Hibernate: SELECT * FROM SCHEDULE WHERE (YEAR(SCHEDULE_STARTED_AT) = ? AND MONTH(SCHEDULE_STARTED_AT) = ?) OR (YEAR(SCHEDULE_FINISH_AT) = ? AND MONTH(SCHEDULE_FINISH_AT) = ?)
Hibernate: select user0_.user_id as user_id1_21_0_, user0_.character_id as characte7_21_0_, user0_.user_created_at as user_cre2_21_0_, user0_.user_name as user_nam3_21_0_, user0_.user_phone_number as user_pho4_21_0_, user0_.user_user_id as user_use5_21_0_, user0_.user_user_password as user_use6_21_0_ from user user0_ where user0_.user_id=?
Hibernate: select character0_.character_id as characte1_6_0_, character0_.character_character_name as characte2_6_0_ from characters character0_ where character0_.character_id=?
Hibernate: SELECT * FROM SCHEDULE WHERE (YEAR(SCHEDULE_STARTED_AT) = ? AND MONTH(SCHEDULE_STARTED_AT) = ?) OR (YEAR(SCHEDULE_FINISH_AT) = ? AND MONTH(SCHEDULE_FINISH_AT) = ?)
Hibernate: select user0_.user_id as col_0_0_ from user user0_ where user0_.user_user_id=? limit ?
Hibernate: select user0_.user_id as col_0_0_ from user user0_ where user0_.user_user_id=? limit ?
Hibernate: select U.* from USER U where U.USER_USER_ID =?
Hibernate: select character0_.character_id as characte1_6_0_, character0_.character_character_name as characte2_6_0_ from characters character0_ where character0_.character_id=?
Hibernate: select user0_.user_id as col_0_0_ from user user0_ where user0_.user_user_id=? limit ?
Hibernate: select user0_.user_id as col_0_0_ from user user0_ where user0_.user_user_id=? limit ?
Hibernate: select U.* from USER U where U.USER_USER_ID =?
Hibernate: select character0_.character_id as characte1_6_0_, character0_.character_character_name as characte2_6_0_ from characters character0_ where character0_.character_id=?
Hibernate: select user0_.user_id as col_0_0_ from user user0_ where user0_.user_user_id=? limit ?
Hibernate: select user0_.user_id as col_0_0_ from user user0_ where user0_.user_user_id=? limit ?
Hibernate: select U.* from USER U where U.USER_USER_ID =?
Hibernate: select character0_.character_id as characte1_6_0_, character0_.character_character_name as characte2_6_0_ from characters character0_ where character0_.character_id=?
Hibernate: select user0_.user_id as col_0_0_ from user user0_ where user0_.user_user_id=? limit ?
Hibernate: select userjoinin0_.user_joining_pool_id as col_0_0_ from user_joining_pool userjoinin0_ where userjoinin0_.user_user_id=? limit ?
Hibernate: select character0_.character_id as col_0_0_ from characters character0_ where character0_.character_character_name=? limit ?
Hibernate: insert into user_joining_pool (user_joining_pool_id, user_created_at, user_name, user_phone_number, user_user_id, user_user_password) values (default, ?, ?, ?, ?, ?)
Hibernate: select user0_.user_id as user_id1_21_0_, user0_.character_id as characte7_21_0_, user0_.user_created_at as user_cre2_21_0_, user0_.user_name as user_nam3_21_0_, user0_.user_phone_number as user_pho4_21_0_, user0_.user_user_id as user_use5_21_0_, user0_.user_user_password as user_use6_21_0_ from user user0_ where user0_.user_id=?
Hibernate: select character0_.character_id as characte1_6_0_, character0_.character_character_name as characte2_6_0_ from characters character0_ where character0_.character_id=?
Hibernate: select count(*) as col_0_0_ from user user0_ where user0_.user_id=?
Hibernate: select character1_.character_id as characte1_6_, character1_.character_character_name as characte2_6_ from user user0_ inner join characters character1_ on user0_.character_id=character1_.character_id where user0_.user_id=?
Hibernate: select permission0_.character_id as characte6_12_0_, permission0_.permission_id as permissi1_12_0_, permission0_.permission_id as permissi1_12_1_, permission0_.character_id as characte6_12_1_, permission0_.permission_name as permissi2_12_1_, permission0_.permission_permission_unit_id as permissi3_12_1_, permission0_.permission_service as permissi4_12_1_, permission0_.permission_status as permissi5_12_1_ from permission permission0_ where permission0_.character_id=?
Hibernate: select userjoinin0_.user_joining_pool_id as col_0_0_ from user_joining_pool userjoinin0_ where userjoinin0_.user_user_id=? limit ?
Hibernate: select userjoinin0_.user_joining_pool_id as user_joi1_22_, userjoinin0_.user_created_at as user_cre2_22_, userjoinin0_.user_name as user_nam3_22_, userjoinin0_.user_phone_number as user_pho4_22_, userjoinin0_.user_user_id as user_use5_22_, userjoinin0_.user_user_password as user_use6_22_ from user_joining_pool userjoinin0_ where userjoinin0_.user_user_id=?
Hibernate: select character0_.character_id as characte1_6_, character0_.character_character_name as characte2_6_ from characters character0_ where character0_.character_character_name=?
Hibernate: insert into user (user_id, character_id, user_created_at, user_name, user_phone_number, user_user_id, user_user_password) values (default, ?, ?, ?, ?, ?, ?)
Hibernate: DELETE FROM USER_JOINING_POOL as JU where JU.USER_USER_ID =?
Hibernate: select user0_.user_id as col_0_0_ from user user0_ where user0_.user_user_id=? limit ?
Hibernate: select user0_.user_id as col_0_0_ from user user0_ where user0_.user_user_id=? limit ?
Hibernate: select U.* from USER U where U.USER_USER_ID =?
Hibernate: select character0_.character_id as characte1_6_0_, character0_.character_character_name as characte2_6_0_ from characters character0_ where character0_.character_id=?
Hibernate: select user0_.user_id as user_id1_21_0_, user0_.character_id as characte7_21_0_, user0_.user_created_at as user_cre2_21_0_, user0_.user_name as user_nam3_21_0_, user0_.user_phone_number as user_pho4_21_0_, user0_.user_user_id as user_use5_21_0_, user0_.user_user_password as user_use6_21_0_ from user user0_ where user0_.user_id=?
Hibernate: select character0_.character_id as characte1_6_0_, character0_.character_character_name as characte2_6_0_ from characters character0_ where character0_.character_id=?
Hibernate: select count(*) as col_0_0_ from user user0_ where user0_.user_id=?
Hibernate: select character1_.character_id as characte1_6_, character1_.character_character_name as characte2_6_ from user user0_ inner join characters character1_ on user0_.character_id=character1_.character_id where user0_.user_id=?
Hibernate: select permission0_.character_id as characte6_12_0_, permission0_.permission_id as permissi1_12_0_, permission0_.permission_id as permissi1_12_1_, permission0_.character_id as characte6_12_1_, permission0_.permission_name as permissi2_12_1_, permission0_.permission_permission_unit_id as permissi3_12_1_, permission0_.permission_service as permissi4_12_1_, permission0_.permission_status as permissi5_12_1_ from permission permission0_ where permission0_.character_id=?
Hibernate: select schedule0_.schedule_id as schedule1_17_0_, schedule0_.schedule_finish_at as schedule2_17_0_, schedule0_.schedule_content as schedule3_17_0_, schedule0_.schedule_repeat_cycle as schedule4_17_0_, schedule0_.schedule_repeat_repeat_finish_at as schedule5_17_0_, schedule0_.schedule_title as schedule6_17_0_, schedule0_.schedule_started_at as schedule7_17_0_ from schedule schedule0_ where schedule0_.schedule_id=?
Hibernate: insert into schedule (schedule_id, schedule_finish_at, schedule_content, schedule_repeat_cycle, schedule_repeat_repeat_finish_at, schedule_title, schedule_started_at) values (default, ?, ?, ?, ?, ?, ?)
Hibernate: select user0_.user_id as user_id1_21_0_, user0_.character_id as characte7_21_0_, user0_.user_created_at as user_cre2_21_0_, user0_.user_name as user_nam3_21_0_, user0_.user_phone_number as user_pho4_21_0_, user0_.user_user_id as user_use5_21_0_, user0_.user_user_password as user_use6_21_0_ from user user0_ where user0_.user_id=?
Hibernate: select character0_.character_id as characte1_6_0_, character0_.character_character_name as characte2_6_0_ from characters character0_ where character0_.character_id=?
Hibernate: SELECT * FROM SCHEDULE WHERE (YEAR(SCHEDULE_STARTED_AT) = ? AND MONTH(SCHEDULE_STARTED_AT) = ?) OR (YEAR(SCHEDULE_FINISH_AT) = ? AND MONTH(SCHEDULE_FINISH_AT) = ?)
Hibernate: select user0_.user_id as user_id1_21_0_, user0_.character_id as characte7_21_0_, user0_.user_created_at as user_cre2_21_0_, user0_.user_name as user_nam3_21_0_, user0_.user_phone_number as user_pho4_21_0_, user0_.user_user_id as user_use5_21_0_, user0_.user_user_password as user_use6_21_0_ from user user0_ where user0_.user_id=?
Hibernate: select character0_.character_id as characte1_6_0_, character0_.character_character_name as characte2_6_0_ from characters character0_ where character0_.character_id=?
Hibernate: select count(*) as col_0_0_ from user user0_ where user0_.user_id=?
Hibernate: select character1_.character_id as characte1_6_, character1_.character_character_name as characte2_6_ from user user0_ inner join characters character1_ on user0_.character_id=character1_.character_id where user0_.user_id=?
Hibernate: select permission0_.character_id as characte6_12_0_, permission0_.permission_id as permissi1_12_0_, permission0_.permission_id as permissi1_12_1_, permission0_.character_id as characte6_12_1_, permission0_.permission_name as permissi2_12_1_, permission0_.permission_permission_unit_id as permissi3_12_1_, permission0_.permission_service as permissi4_12_1_, permission0_.permission_status as permissi5_12_1_ from permission permission0_ where permission0_.character_id=?

MockHttpServletRequest:
      HTTP Method = PUT
      Request URI = /schedule/1
       Parameters = {}
          Headers = [Content-Type:"application/json;charset=UTF-8", Accept:"application/json", Api-version:"1.0", Authorization:"Bearer eyJhbGciOiJIUzI1NiJ9.eyJzdWIiOiI1NiIsImlhdCI6MTY4Nzg3NzQ2OCwiZXhwIjoxNjg3ODgxMDY4fQ.4z8MUCteTbEV_V_dQ5rpJjc84hhIQxgd1Er33PD5fRM", Content-Length:"175"]
             Body = {"schedule_title":"seminar","schedule_content":"DFS","started_at":"2023-01-24T20:52","finish_at":"2023-01-31T23:59","repeat":{"cycle":7,"repeat_finish_at":"2023-12-31T23:59"}}
    Session Attrs = {}

Handler:
             Type = org.waldreg.controller.schedule.ScheduleController
           Method = org.waldreg.controller.schedule.ScheduleController#updateSchedule(int, ScheduleRequest)

Async:
    Async started = false
     Async result = null

Resolved Exception:
             Type = org.waldreg.character.exception.NoPermissionException

ModelAndView:
        View name = null
             View = null
            Model = null

FlashMap:
       Attributes = null

MockHttpServletResponse:
           Status = 403
    Error message = null
          Headers = [Vary:"Origin", "Access-Control-Request-Method", "Access-Control-Request-Headers", Api-version:"1.0", Content-Type:"application/json"]
     Content type = application/json
             Body = {"code":"CHARACTER-403","messages":"No permission","document_url":"docs.waldreg.org"}
    Forwarded URL = null
   Redirected URL = null
          Cookies = []
Hibernate: select user0_.user_id as col_0_0_ from user user0_ where user0_.user_user_id=? limit ?
Hibernate: select user0_.user_id as col_0_0_ from user user0_ where user0_.user_user_id=? limit ?
Hibernate: select U.* from USER U where U.USER_USER_ID =?
Hibernate: select character0_.character_id as characte1_6_0_, character0_.character_character_name as characte2_6_0_ from characters character0_ where character0_.character_id=?
Hibernate: select user0_.user_id as user_id1_21_0_, user0_.character_id as characte7_21_0_, user0_.user_created_at as user_cre2_21_0_, user0_.user_name as user_nam3_21_0_, user0_.user_phone_number as user_pho4_21_0_, user0_.user_user_id as user_use5_21_0_, user0_.user_user_password as user_use6_21_0_ from user user0_ where user0_.user_id=?
Hibernate: select character0_.character_id as characte1_6_0_, character0_.character_character_name as characte2_6_0_ from characters character0_ where character0_.character_id=?
Hibernate: SELECT * FROM SCHEDULE WHERE (YEAR(SCHEDULE_STARTED_AT) = ? AND MONTH(SCHEDULE_STARTED_AT) = ?) OR (YEAR(SCHEDULE_FINISH_AT) = ? AND MONTH(SCHEDULE_FINISH_AT) = ?)
Hibernate: select user0_.user_id as user_id1_21_0_, user0_.character_id as characte7_21_0_, user0_.user_created_at as user_cre2_21_0_, user0_.user_name as user_nam3_21_0_, user0_.user_phone_number as user_pho4_21_0_, user0_.user_user_id as user_use5_21_0_, user0_.user_user_password as user_use6_21_0_ from user user0_ where user0_.user_id=?
Hibernate: select character0_.character_id as characte1_6_0_, character0_.character_character_name as characte2_6_0_ from characters character0_ where character0_.character_id=?
Hibernate: select count(*) as col_0_0_ from user user0_ where user0_.user_id=?
Hibernate: select character1_.character_id as characte1_6_, character1_.character_character_name as characte2_6_ from user user0_ inner join characters character1_ on user0_.character_id=character1_.character_id where user0_.user_id=?
Hibernate: select permission0_.character_id as characte6_12_0_, permission0_.permission_id as permissi1_12_0_, permission0_.permission_id as permissi1_12_1_, permission0_.character_id as characte6_12_1_, permission0_.permission_name as permissi2_12_1_, permission0_.permission_permission_unit_id as permissi3_12_1_, permission0_.permission_service as permissi4_12_1_, permission0_.permission_status as permissi5_12_1_ from permission permission0_ where permission0_.character_id=?
Hibernate: select count(*) as col_0_0_ from schedule schedule0_ where schedule0_.schedule_id=?
Hibernate: select schedule0_.schedule_id as schedule1_17_0_, schedule0_.schedule_finish_at as schedule2_17_0_, schedule0_.schedule_content as schedule3_17_0_, schedule0_.schedule_repeat_cycle as schedule4_17_0_, schedule0_.schedule_repeat_repeat_finish_at as schedule5_17_0_, schedule0_.schedule_title as schedule6_17_0_, schedule0_.schedule_started_at as schedule7_17_0_ from schedule schedule0_ where schedule0_.schedule_id=?
Hibernate: delete from schedule where schedule_id=?
Hibernate: select user0_.user_id as user_id1_21_0_, user0_.character_id as characte7_21_0_, user0_.user_created_at as user_cre2_21_0_, user0_.user_name as user_nam3_21_0_, user0_.user_phone_number as user_pho4_21_0_, user0_.user_user_id as user_use5_21_0_, user0_.user_user_password as user_use6_21_0_ from user user0_ where user0_.user_id=?
Hibernate: select character0_.character_id as characte1_6_0_, character0_.character_character_name as characte2_6_0_ from characters character0_ where character0_.character_id=?
Hibernate: select count(*) as col_0_0_ from schedule schedule0_ where schedule0_.schedule_id=?
Hibernate: select user0_.user_id as user_id1_21_0_, user0_.character_id as characte7_21_0_, user0_.user_created_at as user_cre2_21_0_, user0_.user_name as user_nam3_21_0_, user0_.user_phone_number as user_pho4_21_0_, user0_.user_user_id as user_use5_21_0_, user0_.user_user_password as user_use6_21_0_ from user user0_ where user0_.user_id=?
Hibernate: select character0_.character_id as characte1_6_0_, character0_.character_character_name as characte2_6_0_ from characters character0_ where character0_.character_id=?
Hibernate: SELECT * FROM SCHEDULE WHERE (YEAR(SCHEDULE_STARTED_AT) = ? AND MONTH(SCHEDULE_STARTED_AT) = ?) OR (YEAR(SCHEDULE_FINISH_AT) = ? AND MONTH(SCHEDULE_FINISH_AT) = ?)
Hibernate: select user0_.user_id as user_id1_21_0_, user0_.character_id as characte7_21_0_, user0_.user_created_at as user_cre2_21_0_, user0_.user_name as user_nam3_21_0_, user0_.user_phone_number as user_pho4_21_0_, user0_.user_user_id as user_use5_21_0_, user0_.user_user_password as user_use6_21_0_ from user user0_ where user0_.user_id=?
Hibernate: select character0_.character_id as characte1_6_0_, character0_.character_character_name as characte2_6_0_ from characters character0_ where character0_.character_id=?
Hibernate: SELECT * FROM SCHEDULE WHERE (YEAR(SCHEDULE_STARTED_AT) = ? AND MONTH(SCHEDULE_STARTED_AT) = ?) OR (YEAR(SCHEDULE_FINISH_AT) = ? AND MONTH(SCHEDULE_FINISH_AT) = ?)
Hibernate: select user0_.user_id as user_id1_21_0_, user0_.character_id as characte7_21_0_, user0_.user_created_at as user_cre2_21_0_, user0_.user_name as user_nam3_21_0_, user0_.user_phone_number as user_pho4_21_0_, user0_.user_user_id as user_use5_21_0_, user0_.user_user_password as user_use6_21_0_ from user user0_ where user0_.user_id=?
Hibernate: select character0_.character_id as characte1_6_0_, character0_.character_character_name as characte2_6_0_ from characters character0_ where character0_.character_id=?
Hibernate: SELECT * FROM SCHEDULE WHERE (YEAR(SCHEDULE_STARTED_AT) = ? AND MONTH(SCHEDULE_STARTED_AT) = ?) OR (YEAR(SCHEDULE_FINISH_AT) = ? AND MONTH(SCHEDULE_FINISH_AT) = ?)
Hibernate: select user0_.user_id as user_id1_21_0_, user0_.character_id as characte7_21_0_, user0_.user_created_at as user_cre2_21_0_, user0_.user_name as user_nam3_21_0_, user0_.user_phone_number as user_pho4_21_0_, user0_.user_user_id as user_use5_21_0_, user0_.user_user_password as user_use6_21_0_ from user user0_ where user0_.user_id=?
Hibernate: select character0_.character_id as characte1_6_0_, character0_.character_character_name as characte2_6_0_ from characters character0_ where character0_.character_id=?
Hibernate: SELECT * FROM SCHEDULE WHERE (YEAR(SCHEDULE_STARTED_AT) = ? AND MONTH(SCHEDULE_STARTED_AT) = ?) OR (YEAR(SCHEDULE_FINISH_AT) = ? AND MONTH(SCHEDULE_FINISH_AT) = ?)
Hibernate: select user0_.user_id as user_id1_21_0_, user0_.character_id as characte7_21_0_, user0_.user_created_at as user_cre2_21_0_, user0_.user_name as user_nam3_21_0_, user0_.user_phone_number as user_pho4_21_0_, user0_.user_user_id as user_use5_21_0_, user0_.user_user_password as user_use6_21_0_ from user user0_ where user0_.user_id=?
Hibernate: select character0_.character_id as characte1_6_0_, character0_.character_character_name as characte2_6_0_ from characters character0_ where character0_.character_id=?
Hibernate: SELECT * FROM SCHEDULE WHERE (YEAR(SCHEDULE_STARTED_AT) = ? AND MONTH(SCHEDULE_STARTED_AT) = ?) OR (YEAR(SCHEDULE_FINISH_AT) = ? AND MONTH(SCHEDULE_FINISH_AT) = ?)
Hibernate: select user0_.user_id as user_id1_21_0_, user0_.character_id as characte7_21_0_, user0_.user_created_at as user_cre2_21_0_, user0_.user_name as user_nam3_21_0_, user0_.user_phone_number as user_pho4_21_0_, user0_.user_user_id as user_use5_21_0_, user0_.user_user_password as user_use6_21_0_ from user user0_ where user0_.user_id=?
Hibernate: select character0_.character_id as characte1_6_0_, character0_.character_character_name as characte2_6_0_ from characters character0_ where character0_.character_id=?
Hibernate: SELECT * FROM SCHEDULE WHERE (YEAR(SCHEDULE_STARTED_AT) = ? AND MONTH(SCHEDULE_STARTED_AT) = ?) OR (YEAR(SCHEDULE_FINISH_AT) = ? AND MONTH(SCHEDULE_FINISH_AT) = ?)
Hibernate: select user0_.user_id as user_id1_21_0_, user0_.character_id as characte7_21_0_, user0_.user_created_at as user_cre2_21_0_, user0_.user_name as user_nam3_21_0_, user0_.user_phone_number as user_pho4_21_0_, user0_.user_user_id as user_use5_21_0_, user0_.user_user_password as user_use6_21_0_ from user user0_ where user0_.user_id=?
Hibernate: select character0_.character_id as characte1_6_0_, character0_.character_character_name as characte2_6_0_ from characters character0_ where character0_.character_id=?
Hibernate: SELECT * FROM SCHEDULE WHERE (YEAR(SCHEDULE_STARTED_AT) = ? AND MONTH(SCHEDULE_STARTED_AT) = ?) OR (YEAR(SCHEDULE_FINISH_AT) = ? AND MONTH(SCHEDULE_FINISH_AT) = ?)
Hibernate: select user0_.user_id as user_id1_21_0_, user0_.character_id as characte7_21_0_, user0_.user_created_at as user_cre2_21_0_, user0_.user_name as user_nam3_21_0_, user0_.user_phone_number as user_pho4_21_0_, user0_.user_user_id as user_use5_21_0_, user0_.user_user_password as user_use6_21_0_ from user user0_ where user0_.user_id=?
Hibernate: select character0_.character_id as characte1_6_0_, character0_.character_character_name as characte2_6_0_ from characters character0_ where character0_.character_id=?
Hibernate: SELECT * FROM SCHEDULE WHERE (YEAR(SCHEDULE_STARTED_AT) = ? AND MONTH(SCHEDULE_STARTED_AT) = ?) OR (YEAR(SCHEDULE_FINISH_AT) = ? AND MONTH(SCHEDULE_FINISH_AT) = ?)
Hibernate: select user0_.user_id as user_id1_21_0_, user0_.character_id as characte7_21_0_, user0_.user_created_at as user_cre2_21_0_, user0_.user_name as user_nam3_21_0_, user0_.user_phone_number as user_pho4_21_0_, user0_.user_user_id as user_use5_21_0_, user0_.user_user_password as user_use6_21_0_ from user user0_ where user0_.user_id=?
Hibernate: select character0_.character_id as characte1_6_0_, character0_.character_character_name as characte2_6_0_ from characters character0_ where character0_.character_id=?
Hibernate: SELECT * FROM SCHEDULE WHERE (YEAR(SCHEDULE_STARTED_AT) = ? AND MONTH(SCHEDULE_STARTED_AT) = ?) OR (YEAR(SCHEDULE_FINISH_AT) = ? AND MONTH(SCHEDULE_FINISH_AT) = ?)
Hibernate: select user0_.user_id as user_id1_21_0_, user0_.character_id as characte7_21_0_, user0_.user_created_at as user_cre2_21_0_, user0_.user_name as user_nam3_21_0_, user0_.user_phone_number as user_pho4_21_0_, user0_.user_user_id as user_use5_21_0_, user0_.user_user_password as user_use6_21_0_ from user user0_ where user0_.user_id=?
Hibernate: select character0_.character_id as characte1_6_0_, character0_.character_character_name as characte2_6_0_ from characters character0_ where character0_.character_id=?
Hibernate: SELECT * FROM SCHEDULE WHERE (YEAR(SCHEDULE_STARTED_AT) = ? AND MONTH(SCHEDULE_STARTED_AT) = ?) OR (YEAR(SCHEDULE_FINISH_AT) = ? AND MONTH(SCHEDULE_FINISH_AT) = ?)
Hibernate: select user0_.user_id as user_id1_21_0_, user0_.character_id as characte7_21_0_, user0_.user_created_at as user_cre2_21_0_, user0_.user_name as user_nam3_21_0_, user0_.user_phone_number as user_pho4_21_0_, user0_.user_user_id as user_use5_21_0_, user0_.user_user_password as user_use6_21_0_ from user user0_ where user0_.user_id=?
Hibernate: select character0_.character_id as characte1_6_0_, character0_.character_character_name as characte2_6_0_ from characters character0_ where character0_.character_id=?
Hibernate: SELECT * FROM SCHEDULE WHERE (YEAR(SCHEDULE_STARTED_AT) = ? AND MONTH(SCHEDULE_STARTED_AT) = ?) OR (YEAR(SCHEDULE_FINISH_AT) = ? AND MONTH(SCHEDULE_FINISH_AT) = ?)
Hibernate: select user0_.user_id as col_0_0_ from user user0_ where user0_.user_user_id=? limit ?
Hibernate: select user0_.user_id as col_0_0_ from user user0_ where user0_.user_user_id=? limit ?
Hibernate: select U.* from USER U where U.USER_USER_ID =?
Hibernate: select character0_.character_id as characte1_6_0_, character0_.character_character_name as characte2_6_0_ from characters character0_ where character0_.character_id=?
Hibernate: select user0_.user_id as col_0_0_ from user user0_ where user0_.user_user_id=? limit ?
Hibernate: select user0_.user_id as user_id1_21_, user0_.character_id as characte7_21_, user0_.user_created_at as user_cre2_21_, user0_.user_name as user_nam3_21_, user0_.user_phone_number as user_pho4_21_, user0_.user_user_id as user_use5_21_, user0_.user_user_password as user_use6_21_ from user user0_ inner join characters character1_ on user0_.character_id=character1_.character_id where user0_.user_user_id=?
Hibernate: select character0_.character_id as characte1_6_0_, character0_.character_character_name as characte2_6_0_ from characters character0_ where character0_.character_id=?
Hibernate: select rewardtagw0_.user_id as user_id4_16_0_, rewardtagw0_.reward_tag_wrapper_reward_id as reward_t1_16_0_, rewardtagw0_.reward_tag_wrapper_reward_id as reward_t1_16_1_, rewardtagw0_.reward_tag_wrapper_reward_presented_at as reward_t2_16_1_, rewardtagw0_.reward_tag_reward_tag_id as reward_t3_16_1_, rewardtagw0_.user_id as user_id4_16_1_ from reward_tag_wrapper rewardtagw0_ where rewardtagw0_.user_id=?
Hibernate: select user0_.user_id as user_id1_21_0_, user0_.character_id as characte7_21_0_, user0_.user_created_at as user_cre2_21_0_, user0_.user_name as user_nam3_21_0_, user0_.user_phone_number as user_pho4_21_0_, user0_.user_user_id as user_use5_21_0_, user0_.user_user_password as user_use6_21_0_ from user user0_ where user0_.user_id=?
Hibernate: select character0_.character_id as characte1_6_0_, character0_.character_character_name as characte2_6_0_ from characters character0_ where character0_.character_id=?
Hibernate: select count(*) as col_0_0_ from user user0_ where user0_.user_id=?
Hibernate: select character1_.character_id as characte1_6_, character1_.character_character_name as characte2_6_ from user user0_ inner join characters character1_ on user0_.character_id=character1_.character_id where user0_.user_id=?
Hibernate: select permission0_.character_id as characte6_12_0_, permission0_.permission_id as permissi1_12_0_, permission0_.permission_id as permissi1_12_1_, permission0_.character_id as characte6_12_1_, permission0_.permission_name as permissi2_12_1_, permission0_.permission_permission_unit_id as permissi3_12_1_, permission0_.permission_service as permissi4_12_1_, permission0_.permission_status as permissi5_12_1_ from permission permission0_ where permission0_.character_id=?
Hibernate: select count(*) as col_0_0_ from user user0_ where user0_.user_id=?
Hibernate: select user0_.user_id as user_id1_21_, user0_.character_id as characte7_21_, user0_.user_created_at as user_cre2_21_, user0_.user_name as user_nam3_21_, user0_.user_phone_number as user_pho4_21_, user0_.user_user_id as user_use5_21_, user0_.user_user_password as user_use6_21_ from user user0_ where user0_.user_id=?
Hibernate: select character0_.character_id as characte1_6_0_, character0_.character_character_name as characte2_6_0_ from characters character0_ where character0_.character_id=?
Hibernate: select rewardtagw0_.user_id as user_id4_16_0_, rewardtagw0_.reward_tag_wrapper_reward_id as reward_t1_16_0_, rewardtagw0_.reward_tag_wrapper_reward_id as reward_t1_16_1_, rewardtagw0_.reward_tag_wrapper_reward_presented_at as reward_t2_16_1_, rewardtagw0_.reward_tag_reward_tag_id as reward_t3_16_1_, rewardtagw0_.user_id as user_id4_16_1_ from reward_tag_wrapper rewardtagw0_ where rewardtagw0_.user_id=?
Hibernate: select attendance0_.attendance_user_attendance_user_id as col_0_0_ from attendance_user attendance0_ where attendance0_.user_id=? limit ?
Hibernate: DELETE FROM USER WHERE USER_ID = ?
Hibernate: select user0_.user_id as col_0_0_ from user user0_ where user0_.user_user_id=? limit ?
Hibernate: select user0_.user_id as col_0_0_ from user user0_ where user0_.user_user_id=? limit ?
Hibernate: select user0_.user_id as col_0_0_ from user user0_ where user0_.user_user_id=? limit ?
Hibernate: select U.* from USER U where U.USER_USER_ID =?
Hibernate: select character0_.character_id as characte1_6_0_, character0_.character_character_name as characte2_6_0_ from characters character0_ where character0_.character_id=?
Hibernate: select user0_.user_id as user_id1_21_0_, user0_.character_id as characte7_21_0_, user0_.user_created_at as user_cre2_21_0_, user0_.user_name as user_nam3_21_0_, user0_.user_phone_number as user_pho4_21_0_, user0_.user_user_id as user_use5_21_0_, user0_.user_user_password as user_use6_21_0_ from user user0_ where user0_.user_id=?
Hibernate: select character0_.character_id as characte1_6_0_, character0_.character_character_name as characte2_6_0_ from characters character0_ where character0_.character_id=?
Hibernate: SELECT * FROM SCHEDULE WHERE (YEAR(SCHEDULE_STARTED_AT) = ? AND MONTH(SCHEDULE_STARTED_AT) = ?) OR (YEAR(SCHEDULE_FINISH_AT) = ? AND MONTH(SCHEDULE_FINISH_AT) = ?)
Hibernate: select user0_.user_id as user_id1_21_0_, user0_.character_id as characte7_21_0_, user0_.user_created_at as user_cre2_21_0_, user0_.user_name as user_nam3_21_0_, user0_.user_phone_number as user_pho4_21_0_, user0_.user_user_id as user_use5_21_0_, user0_.user_user_password as user_use6_21_0_ from user user0_ where user0_.user_id=?
Hibernate: select character0_.character_id as characte1_6_0_, character0_.character_character_name as characte2_6_0_ from characters character0_ where character0_.character_id=?
Hibernate: SELECT * FROM SCHEDULE WHERE (YEAR(SCHEDULE_STARTED_AT) = ? AND MONTH(SCHEDULE_STARTED_AT) = ?) OR (YEAR(SCHEDULE_FINISH_AT) = ? AND MONTH(SCHEDULE_FINISH_AT) = ?)
Hibernate: select user0_.user_id as user_id1_21_0_, user0_.character_id as characte7_21_0_, user0_.user_created_at as user_cre2_21_0_, user0_.user_name as user_nam3_21_0_, user0_.user_phone_number as user_pho4_21_0_, user0_.user_user_id as user_use5_21_0_, user0_.user_user_password as user_use6_21_0_ from user user0_ where user0_.user_id=?
Hibernate: select character0_.character_id as characte1_6_0_, character0_.character_character_name as characte2_6_0_ from characters character0_ where character0_.character_id=?
Hibernate: SELECT * FROM SCHEDULE WHERE (YEAR(SCHEDULE_STARTED_AT) = ? AND MONTH(SCHEDULE_STARTED_AT) = ?) OR (YEAR(SCHEDULE_FINISH_AT) = ? AND MONTH(SCHEDULE_FINISH_AT) = ?)
Hibernate: select user0_.user_id as user_id1_21_0_, user0_.character_id as characte7_21_0_, user0_.user_created_at as user_cre2_21_0_, user0_.user_name as user_nam3_21_0_, user0_.user_phone_number as user_pho4_21_0_, user0_.user_user_id as user_use5_21_0_, user0_.user_user_password as user_use6_21_0_ from user user0_ where user0_.user_id=?
Hibernate: select character0_.character_id as characte1_6_0_, character0_.character_character_name as characte2_6_0_ from characters character0_ where character0_.character_id=?
Hibernate: SELECT * FROM SCHEDULE WHERE (YEAR(SCHEDULE_STARTED_AT) = ? AND MONTH(SCHEDULE_STARTED_AT) = ?) OR (YEAR(SCHEDULE_FINISH_AT) = ? AND MONTH(SCHEDULE_FINISH_AT) = ?)
Hibernate: select user0_.user_id as user_id1_21_0_, user0_.character_id as characte7_21_0_, user0_.user_created_at as user_cre2_21_0_, user0_.user_name as user_nam3_21_0_, user0_.user_phone_number as user_pho4_21_0_, user0_.user_user_id as user_use5_21_0_, user0_.user_user_password as user_use6_21_0_ from user user0_ where user0_.user_id=?
Hibernate: select character0_.character_id as characte1_6_0_, character0_.character_character_name as characte2_6_0_ from characters character0_ where character0_.character_id=?
Hibernate: SELECT * FROM SCHEDULE WHERE (YEAR(SCHEDULE_STARTED_AT) = ? AND MONTH(SCHEDULE_STARTED_AT) = ?) OR (YEAR(SCHEDULE_FINISH_AT) = ? AND MONTH(SCHEDULE_FINISH_AT) = ?)
Hibernate: select user0_.user_id as user_id1_21_0_, user0_.character_id as characte7_21_0_, user0_.user_created_at as user_cre2_21_0_, user0_.user_name as user_nam3_21_0_, user0_.user_phone_number as user_pho4_21_0_, user0_.user_user_id as user_use5_21_0_, user0_.user_user_password as user_use6_21_0_ from user user0_ where user0_.user_id=?
Hibernate: select character0_.character_id as characte1_6_0_, character0_.character_character_name as characte2_6_0_ from characters character0_ where character0_.character_id=?
Hibernate: SELECT * FROM SCHEDULE WHERE (YEAR(SCHEDULE_STARTED_AT) = ? AND MONTH(SCHEDULE_STARTED_AT) = ?) OR (YEAR(SCHEDULE_FINISH_AT) = ? AND MONTH(SCHEDULE_FINISH_AT) = ?)
Hibernate: select user0_.user_id as user_id1_21_0_, user0_.character_id as characte7_21_0_, user0_.user_created_at as user_cre2_21_0_, user0_.user_name as user_nam3_21_0_, user0_.user_phone_number as user_pho4_21_0_, user0_.user_user_id as user_use5_21_0_, user0_.user_user_password as user_use6_21_0_ from user user0_ where user0_.user_id=?
Hibernate: select character0_.character_id as characte1_6_0_, character0_.character_character_name as characte2_6_0_ from characters character0_ where character0_.character_id=?
Hibernate: SELECT * FROM SCHEDULE WHERE (YEAR(SCHEDULE_STARTED_AT) = ? AND MONTH(SCHEDULE_STARTED_AT) = ?) OR (YEAR(SCHEDULE_FINISH_AT) = ? AND MONTH(SCHEDULE_FINISH_AT) = ?)
Hibernate: select user0_.user_id as user_id1_21_0_, user0_.character_id as characte7_21_0_, user0_.user_created_at as user_cre2_21_0_, user0_.user_name as user_nam3_21_0_, user0_.user_phone_number as user_pho4_21_0_, user0_.user_user_id as user_use5_21_0_, user0_.user_user_password as user_use6_21_0_ from user user0_ where user0_.user_id=?
Hibernate: select character0_.character_id as characte1_6_0_, character0_.character_character_name as characte2_6_0_ from characters character0_ where character0_.character_id=?
Hibernate: SELECT * FROM SCHEDULE WHERE (YEAR(SCHEDULE_STARTED_AT) = ? AND MONTH(SCHEDULE_STARTED_AT) = ?) OR (YEAR(SCHEDULE_FINISH_AT) = ? AND MONTH(SCHEDULE_FINISH_AT) = ?)
Hibernate: select user0_.user_id as user_id1_21_0_, user0_.character_id as characte7_21_0_, user0_.user_created_at as user_cre2_21_0_, user0_.user_name as user_nam3_21_0_, user0_.user_phone_number as user_pho4_21_0_, user0_.user_user_id as user_use5_21_0_, user0_.user_user_password as user_use6_21_0_ from user user0_ where user0_.user_id=?
Hibernate: select character0_.character_id as characte1_6_0_, character0_.character_character_name as characte2_6_0_ from characters character0_ where character0_.character_id=?
Hibernate: SELECT * FROM SCHEDULE WHERE (YEAR(SCHEDULE_STARTED_AT) = ? AND MONTH(SCHEDULE_STARTED_AT) = ?) OR (YEAR(SCHEDULE_FINISH_AT) = ? AND MONTH(SCHEDULE_FINISH_AT) = ?)
Hibernate: select user0_.user_id as user_id1_21_0_, user0_.character_id as characte7_21_0_, user0_.user_created_at as user_cre2_21_0_, user0_.user_name as user_nam3_21_0_, user0_.user_phone_number as user_pho4_21_0_, user0_.user_user_id as user_use5_21_0_, user0_.user_user_password as user_use6_21_0_ from user user0_ where user0_.user_id=?
Hibernate: select character0_.character_id as characte1_6_0_, character0_.character_character_name as characte2_6_0_ from characters character0_ where character0_.character_id=?
Hibernate: SELECT * FROM SCHEDULE WHERE (YEAR(SCHEDULE_STARTED_AT) = ? AND MONTH(SCHEDULE_STARTED_AT) = ?) OR (YEAR(SCHEDULE_FINISH_AT) = ? AND MONTH(SCHEDULE_FINISH_AT) = ?)
Hibernate: select user0_.user_id as user_id1_21_0_, user0_.character_id as characte7_21_0_, user0_.user_created_at as user_cre2_21_0_, user0_.user_name as user_nam3_21_0_, user0_.user_phone_number as user_pho4_21_0_, user0_.user_user_id as user_use5_21_0_, user0_.user_user_password as user_use6_21_0_ from user user0_ where user0_.user_id=?
Hibernate: select character0_.character_id as characte1_6_0_, character0_.character_character_name as characte2_6_0_ from characters character0_ where character0_.character_id=?
Hibernate: SELECT * FROM SCHEDULE WHERE (YEAR(SCHEDULE_STARTED_AT) = ? AND MONTH(SCHEDULE_STARTED_AT) = ?) OR (YEAR(SCHEDULE_FINISH_AT) = ? AND MONTH(SCHEDULE_FINISH_AT) = ?)
Hibernate: select user0_.user_id as user_id1_21_0_, user0_.character_id as characte7_21_0_, user0_.user_created_at as user_cre2_21_0_, user0_.user_name as user_nam3_21_0_, user0_.user_phone_number as user_pho4_21_0_, user0_.user_user_id as user_use5_21_0_, user0_.user_user_password as user_use6_21_0_ from user user0_ where user0_.user_id=?
Hibernate: select character0_.character_id as characte1_6_0_, character0_.character_character_name as characte2_6_0_ from characters character0_ where character0_.character_id=?
Hibernate: SELECT * FROM SCHEDULE WHERE (YEAR(SCHEDULE_STARTED_AT) = ? AND MONTH(SCHEDULE_STARTED_AT) = ?) OR (YEAR(SCHEDULE_FINISH_AT) = ? AND MONTH(SCHEDULE_FINISH_AT) = ?)
Hibernate: select user0_.user_id as col_0_0_ from user user0_ where user0_.user_user_id=? limit ?
Hibernate: select user0_.user_id as col_0_0_ from user user0_ where user0_.user_user_id=? limit ?
Hibernate: select U.* from USER U where U.USER_USER_ID =?
Hibernate: select character0_.character_id as characte1_6_0_, character0_.character_character_name as characte2_6_0_ from characters character0_ where character0_.character_id=?
Hibernate: select user0_.user_id as col_0_0_ from user user0_ where user0_.user_user_id=? limit ?
Hibernate: select user0_.user_id as col_0_0_ from user user0_ where user0_.user_user_id=? limit ?
Hibernate: select U.* from USER U where U.USER_USER_ID =?
Hibernate: select character0_.character_id as characte1_6_0_, character0_.character_character_name as characte2_6_0_ from characters character0_ where character0_.character_id=?
Hibernate: select user0_.user_id as user_id1_21_0_, user0_.character_id as characte7_21_0_, user0_.user_created_at as user_cre2_21_0_, user0_.user_name as user_nam3_21_0_, user0_.user_phone_number as user_pho4_21_0_, user0_.user_user_id as user_use5_21_0_, user0_.user_user_password as user_use6_21_0_ from user user0_ where user0_.user_id=?
Hibernate: select character0_.character_id as characte1_6_0_, character0_.character_character_name as characte2_6_0_ from characters character0_ where character0_.character_id=?
Hibernate: select count(*) as col_0_0_ from user user0_ where user0_.user_id=?
Hibernate: select character1_.character_id as characte1_6_, character1_.character_character_name as characte2_6_ from user user0_ inner join characters character1_ on user0_.character_id=character1_.character_id where user0_.user_id=?
Hibernate: select permission0_.character_id as characte6_12_0_, permission0_.permission_id as permissi1_12_0_, permission0_.permission_id as permissi1_12_1_, permission0_.character_id as characte6_12_1_, permission0_.permission_name as permissi2_12_1_, permission0_.permission_permission_unit_id as permissi3_12_1_, permission0_.permission_service as permissi4_12_1_, permission0_.permission_status as permissi5_12_1_ from permission permission0_ where permission0_.character_id=?
Hibernate: select schedule0_.schedule_id as schedule1_17_0_, schedule0_.schedule_finish_at as schedule2_17_0_, schedule0_.schedule_content as schedule3_17_0_, schedule0_.schedule_repeat_cycle as schedule4_17_0_, schedule0_.schedule_repeat_repeat_finish_at as schedule5_17_0_, schedule0_.schedule_title as schedule6_17_0_, schedule0_.schedule_started_at as schedule7_17_0_ from schedule schedule0_ where schedule0_.schedule_id=?
Hibernate: insert into schedule (schedule_id, schedule_finish_at, schedule_content, schedule_repeat_cycle, schedule_repeat_repeat_finish_at, schedule_title, schedule_started_at) values (default, ?, ?, ?, ?, ?, ?)
Hibernate: select user0_.user_id as user_id1_21_0_, user0_.character_id as characte7_21_0_, user0_.user_created_at as user_cre2_21_0_, user0_.user_name as user_nam3_21_0_, user0_.user_phone_number as user_pho4_21_0_, user0_.user_user_id as user_use5_21_0_, user0_.user_user_password as user_use6_21_0_ from user user0_ where user0_.user_id=?
Hibernate: select character0_.character_id as characte1_6_0_, character0_.character_character_name as characte2_6_0_ from characters character0_ where character0_.character_id=?
Hibernate: SELECT * FROM SCHEDULE WHERE (YEAR(SCHEDULE_STARTED_AT) = ? AND MONTH(SCHEDULE_STARTED_AT) = ?) OR (YEAR(SCHEDULE_FINISH_AT) = ? AND MONTH(SCHEDULE_FINISH_AT) = ?)
Hibernate: select user0_.user_id as user_id1_21_0_, user0_.character_id as characte7_21_0_, user0_.user_created_at as user_cre2_21_0_, user0_.user_name as user_nam3_21_0_, user0_.user_phone_number as user_pho4_21_0_, user0_.user_user_id as user_use5_21_0_, user0_.user_user_password as user_use6_21_0_ from user user0_ where user0_.user_id=?
Hibernate: select character0_.character_id as characte1_6_0_, character0_.character_character_name as characte2_6_0_ from characters character0_ where character0_.character_id=?
Hibernate: select count(*) as col_0_0_ from user user0_ where user0_.user_id=?
Hibernate: select character1_.character_id as characte1_6_, character1_.character_character_name as characte2_6_ from user user0_ inner join characters character1_ on user0_.character_id=character1_.character_id where user0_.user_id=?
Hibernate: select permission0_.character_id as characte6_12_0_, permission0_.permission_id as permissi1_12_0_, permission0_.permission_id as permissi1_12_1_, permission0_.character_id as characte6_12_1_, permission0_.permission_name as permissi2_12_1_, permission0_.permission_permission_unit_id as permissi3_12_1_, permission0_.permission_service as permissi4_12_1_, permission0_.permission_status as permissi5_12_1_ from permission permission0_ where permission0_.character_id=?
Hibernate: select count(*) as col_0_0_ from schedule schedule0_ where schedule0_.schedule_id=?
Hibernate: select schedule0_.schedule_id as schedule1_17_0_, schedule0_.schedule_finish_at as schedule2_17_0_, schedule0_.schedule_content as schedule3_17_0_, schedule0_.schedule_repeat_cycle as schedule4_17_0_, schedule0_.schedule_repeat_repeat_finish_at as schedule5_17_0_, schedule0_.schedule_title as schedule6_17_0_, schedule0_.schedule_started_at as schedule7_17_0_ from schedule schedule0_ where schedule0_.schedule_id=?
Hibernate: delete from schedule where schedule_id=?

MockHttpServletRequest:
      HTTP Method = DELETE
      Request URI = /schedule/2
       Parameters = {}
          Headers = [Accept:"application/json", Api-version:"1.0", Authorization:"Bearer eyJhbGciOiJIUzI1NiJ9.eyJzdWIiOiIxIiwiaWF0IjoxNjg3ODc3NDY4LCJleHAiOjE2ODc4ODEwNjh9.L4tO6_dDAW_EBZT75Jfu2R72X2bmpa30eKXBNOnKWzQ"]
             Body = null
    Session Attrs = {}

Handler:
             Type = org.waldreg.controller.schedule.ScheduleController
           Method = org.waldreg.controller.schedule.ScheduleController#deleteSchedule(int)

Async:
    Async started = false
     Async result = null

Resolved Exception:
             Type = null

ModelAndView:
        View name = null
             View = null
            Model = null

FlashMap:
       Attributes = null

MockHttpServletResponse:
           Status = 200
    Error message = null
          Headers = [Vary:"Origin", "Access-Control-Request-Method", "Access-Control-Request-Headers", Api-version:"1.0"]
     Content type = null
             Body = 
    Forwarded URL = null
   Redirected URL = null
          Cookies = []
Hibernate: select user0_.user_id as col_0_0_ from user user0_ where user0_.user_user_id=? limit ?
Hibernate: select user0_.user_id as col_0_0_ from user user0_ where user0_.user_user_id=? limit ?
Hibernate: select U.* from USER U where U.USER_USER_ID =?
Hibernate: select character0_.character_id as characte1_6_0_, character0_.character_character_name as characte2_6_0_ from characters character0_ where character0_.character_id=?
Hibernate: select user0_.user_id as user_id1_21_0_, user0_.character_id as characte7_21_0_, user0_.user_created_at as user_cre2_21_0_, user0_.user_name as user_nam3_21_0_, user0_.user_phone_number as user_pho4_21_0_, user0_.user_user_id as user_use5_21_0_, user0_.user_user_password as user_use6_21_0_ from user user0_ where user0_.user_id=?
Hibernate: select character0_.character_id as characte1_6_0_, character0_.character_character_name as characte2_6_0_ from characters character0_ where character0_.character_id=?
Hibernate: SELECT * FROM SCHEDULE WHERE (YEAR(SCHEDULE_STARTED_AT) = ? AND MONTH(SCHEDULE_STARTED_AT) = ?) OR (YEAR(SCHEDULE_FINISH_AT) = ? AND MONTH(SCHEDULE_FINISH_AT) = ?)
Hibernate: select user0_.user_id as user_id1_21_0_, user0_.character_id as characte7_21_0_, user0_.user_created_at as user_cre2_21_0_, user0_.user_name as user_nam3_21_0_, user0_.user_phone_number as user_pho4_21_0_, user0_.user_user_id as user_use5_21_0_, user0_.user_user_password as user_use6_21_0_ from user user0_ where user0_.user_id=?
Hibernate: select character0_.character_id as characte1_6_0_, character0_.character_character_name as characte2_6_0_ from characters character0_ where character0_.character_id=?
Hibernate: SELECT * FROM SCHEDULE WHERE (YEAR(SCHEDULE_STARTED_AT) = ? AND MONTH(SCHEDULE_STARTED_AT) = ?) OR (YEAR(SCHEDULE_FINISH_AT) = ? AND MONTH(SCHEDULE_FINISH_AT) = ?)
Hibernate: select user0_.user_id as user_id1_21_0_, user0_.character_id as characte7_21_0_, user0_.user_created_at as user_cre2_21_0_, user0_.user_name as user_nam3_21_0_, user0_.user_phone_number as user_pho4_21_0_, user0_.user_user_id as user_use5_21_0_, user0_.user_user_password as user_use6_21_0_ from user user0_ where user0_.user_id=?
Hibernate: select character0_.character_id as characte1_6_0_, character0_.character_character_name as characte2_6_0_ from characters character0_ where character0_.character_id=?
Hibernate: SELECT * FROM SCHEDULE WHERE (YEAR(SCHEDULE_STARTED_AT) = ? AND MONTH(SCHEDULE_STARTED_AT) = ?) OR (YEAR(SCHEDULE_FINISH_AT) = ? AND MONTH(SCHEDULE_FINISH_AT) = ?)
Hibernate: select user0_.user_id as user_id1_21_0_, user0_.character_id as characte7_21_0_, user0_.user_created_at as user_cre2_21_0_, user0_.user_name as user_nam3_21_0_, user0_.user_phone_number as user_pho4_21_0_, user0_.user_user_id as user_use5_21_0_, user0_.user_user_password as user_use6_21_0_ from user user0_ where user0_.user_id=?
Hibernate: select character0_.character_id as characte1_6_0_, character0_.character_character_name as characte2_6_0_ from characters character0_ where character0_.character_id=?
Hibernate: SELECT * FROM SCHEDULE WHERE (YEAR(SCHEDULE_STARTED_AT) = ? AND MONTH(SCHEDULE_STARTED_AT) = ?) OR (YEAR(SCHEDULE_FINISH_AT) = ? AND MONTH(SCHEDULE_FINISH_AT) = ?)
Hibernate: select user0_.user_id as user_id1_21_0_, user0_.character_id as characte7_21_0_, user0_.user_created_at as user_cre2_21_0_, user0_.user_name as user_nam3_21_0_, user0_.user_phone_number as user_pho4_21_0_, user0_.user_user_id as user_use5_21_0_, user0_.user_user_password as user_use6_21_0_ from user user0_ where user0_.user_id=?
Hibernate: select character0_.character_id as characte1_6_0_, character0_.character_character_name as characte2_6_0_ from characters character0_ where character0_.character_id=?
Hibernate: SELECT * FROM SCHEDULE WHERE (YEAR(SCHEDULE_STARTED_AT) = ? AND MONTH(SCHEDULE_STARTED_AT) = ?) OR (YEAR(SCHEDULE_FINISH_AT) = ? AND MONTH(SCHEDULE_FINISH_AT) = ?)
Hibernate: select user0_.user_id as user_id1_21_0_, user0_.character_id as characte7_21_0_, user0_.user_created_at as user_cre2_21_0_, user0_.user_name as user_nam3_21_0_, user0_.user_phone_number as user_pho4_21_0_, user0_.user_user_id as user_use5_21_0_, user0_.user_user_password as user_use6_21_0_ from user user0_ where user0_.user_id=?
Hibernate: select character0_.character_id as characte1_6_0_, character0_.character_character_name as characte2_6_0_ from characters character0_ where character0_.character_id=?
Hibernate: SELECT * FROM SCHEDULE WHERE (YEAR(SCHEDULE_STARTED_AT) = ? AND MONTH(SCHEDULE_STARTED_AT) = ?) OR (YEAR(SCHEDULE_FINISH_AT) = ? AND MONTH(SCHEDULE_FINISH_AT) = ?)
Hibernate: select user0_.user_id as user_id1_21_0_, user0_.character_id as characte7_21_0_, user0_.user_created_at as user_cre2_21_0_, user0_.user_name as user_nam3_21_0_, user0_.user_phone_number as user_pho4_21_0_, user0_.user_user_id as user_use5_21_0_, user0_.user_user_password as user_use6_21_0_ from user user0_ where user0_.user_id=?
Hibernate: select character0_.character_id as characte1_6_0_, character0_.character_character_name as characte2_6_0_ from characters character0_ where character0_.character_id=?
Hibernate: SELECT * FROM SCHEDULE WHERE (YEAR(SCHEDULE_STARTED_AT) = ? AND MONTH(SCHEDULE_STARTED_AT) = ?) OR (YEAR(SCHEDULE_FINISH_AT) = ? AND MONTH(SCHEDULE_FINISH_AT) = ?)
Hibernate: select user0_.user_id as user_id1_21_0_, user0_.character_id as characte7_21_0_, user0_.user_created_at as user_cre2_21_0_, user0_.user_name as user_nam3_21_0_, user0_.user_phone_number as user_pho4_21_0_, user0_.user_user_id as user_use5_21_0_, user0_.user_user_password as user_use6_21_0_ from user user0_ where user0_.user_id=?
Hibernate: select character0_.character_id as characte1_6_0_, character0_.character_character_name as characte2_6_0_ from characters character0_ where character0_.character_id=?
Hibernate: SELECT * FROM SCHEDULE WHERE (YEAR(SCHEDULE_STARTED_AT) = ? AND MONTH(SCHEDULE_STARTED_AT) = ?) OR (YEAR(SCHEDULE_FINISH_AT) = ? AND MONTH(SCHEDULE_FINISH_AT) = ?)
Hibernate: select user0_.user_id as user_id1_21_0_, user0_.character_id as characte7_21_0_, user0_.user_created_at as user_cre2_21_0_, user0_.user_name as user_nam3_21_0_, user0_.user_phone_number as user_pho4_21_0_, user0_.user_user_id as user_use5_21_0_, user0_.user_user_password as user_use6_21_0_ from user user0_ where user0_.user_id=?
Hibernate: select character0_.character_id as characte1_6_0_, character0_.character_character_name as characte2_6_0_ from characters character0_ where character0_.character_id=?
Hibernate: SELECT * FROM SCHEDULE WHERE (YEAR(SCHEDULE_STARTED_AT) = ? AND MONTH(SCHEDULE_STARTED_AT) = ?) OR (YEAR(SCHEDULE_FINISH_AT) = ? AND MONTH(SCHEDULE_FINISH_AT) = ?)
Hibernate: select user0_.user_id as user_id1_21_0_, user0_.character_id as characte7_21_0_, user0_.user_created_at as user_cre2_21_0_, user0_.user_name as user_nam3_21_0_, user0_.user_phone_number as user_pho4_21_0_, user0_.user_user_id as user_use5_21_0_, user0_.user_user_password as user_use6_21_0_ from user user0_ where user0_.user_id=?
Hibernate: select character0_.character_id as characte1_6_0_, character0_.character_character_name as characte2_6_0_ from characters character0_ where character0_.character_id=?
Hibernate: SELECT * FROM SCHEDULE WHERE (YEAR(SCHEDULE_STARTED_AT) = ? AND MONTH(SCHEDULE_STARTED_AT) = ?) OR (YEAR(SCHEDULE_FINISH_AT) = ? AND MONTH(SCHEDULE_FINISH_AT) = ?)
Hibernate: select user0_.user_id as user_id1_21_0_, user0_.character_id as characte7_21_0_, user0_.user_created_at as user_cre2_21_0_, user0_.user_name as user_nam3_21_0_, user0_.user_phone_number as user_pho4_21_0_, user0_.user_user_id as user_use5_21_0_, user0_.user_user_password as user_use6_21_0_ from user user0_ where user0_.user_id=?
Hibernate: select character0_.character_id as characte1_6_0_, character0_.character_character_name as characte2_6_0_ from characters character0_ where character0_.character_id=?
Hibernate: SELECT * FROM SCHEDULE WHERE (YEAR(SCHEDULE_STARTED_AT) = ? AND MONTH(SCHEDULE_STARTED_AT) = ?) OR (YEAR(SCHEDULE_FINISH_AT) = ? AND MONTH(SCHEDULE_FINISH_AT) = ?)
Hibernate: select user0_.user_id as user_id1_21_0_, user0_.character_id as characte7_21_0_, user0_.user_created_at as user_cre2_21_0_, user0_.user_name as user_nam3_21_0_, user0_.user_phone_number as user_pho4_21_0_, user0_.user_user_id as user_use5_21_0_, user0_.user_user_password as user_use6_21_0_ from user user0_ where user0_.user_id=?
Hibernate: select character0_.character_id as characte1_6_0_, character0_.character_character_name as characte2_6_0_ from characters character0_ where character0_.character_id=?
Hibernate: SELECT * FROM SCHEDULE WHERE (YEAR(SCHEDULE_STARTED_AT) = ? AND MONTH(SCHEDULE_STARTED_AT) = ?) OR (YEAR(SCHEDULE_FINISH_AT) = ? AND MONTH(SCHEDULE_FINISH_AT) = ?)
Hibernate: select user0_.user_id as col_0_0_ from user user0_ where user0_.user_user_id=? limit ?
Hibernate: select user0_.user_id as col_0_0_ from user user0_ where user0_.user_user_id=? limit ?
Hibernate: select U.* from USER U where U.USER_USER_ID =?
Hibernate: select character0_.character_id as characte1_6_0_, character0_.character_character_name as characte2_6_0_ from characters character0_ where character0_.character_id=?
Hibernate: select user0_.user_id as col_0_0_ from user user0_ where user0_.user_user_id=? limit ?
Hibernate: select user0_.user_id as col_0_0_ from user user0_ where user0_.user_user_id=? limit ?
Hibernate: select U.* from USER U where U.USER_USER_ID =?
Hibernate: select character0_.character_id as characte1_6_0_, character0_.character_character_name as characte2_6_0_ from characters character0_ where character0_.character_id=?
Hibernate: select user0_.user_id as user_id1_21_0_, user0_.character_id as characte7_21_0_, user0_.user_created_at as user_cre2_21_0_, user0_.user_name as user_nam3_21_0_, user0_.user_phone_number as user_pho4_21_0_, user0_.user_user_id as user_use5_21_0_, user0_.user_user_password as user_use6_21_0_ from user user0_ where user0_.user_id=?
Hibernate: select character0_.character_id as characte1_6_0_, character0_.character_character_name as characte2_6_0_ from characters character0_ where character0_.character_id=?
Hibernate: SELECT * FROM SCHEDULE WHERE (YEAR(SCHEDULE_STARTED_AT) = ? AND MONTH(SCHEDULE_STARTED_AT) = ?) OR (YEAR(SCHEDULE_FINISH_AT) = ? AND MONTH(SCHEDULE_FINISH_AT) = ?)
Hibernate: select user0_.user_id as user_id1_21_0_, user0_.character_id as characte7_21_0_, user0_.user_created_at as user_cre2_21_0_, user0_.user_name as user_nam3_21_0_, user0_.user_phone_number as user_pho4_21_0_, user0_.user_user_id as user_use5_21_0_, user0_.user_user_password as user_use6_21_0_ from user user0_ where user0_.user_id=?
Hibernate: select character0_.character_id as characte1_6_0_, character0_.character_character_name as characte2_6_0_ from characters character0_ where character0_.character_id=?
Hibernate: SELECT * FROM SCHEDULE WHERE (YEAR(SCHEDULE_STARTED_AT) = ? AND MONTH(SCHEDULE_STARTED_AT) = ?) OR (YEAR(SCHEDULE_FINISH_AT) = ? AND MONTH(SCHEDULE_FINISH_AT) = ?)
Hibernate: select user0_.user_id as user_id1_21_0_, user0_.character_id as characte7_21_0_, user0_.user_created_at as user_cre2_21_0_, user0_.user_name as user_nam3_21_0_, user0_.user_phone_number as user_pho4_21_0_, user0_.user_user_id as user_use5_21_0_, user0_.user_user_password as user_use6_21_0_ from user user0_ where user0_.user_id=?
Hibernate: select character0_.character_id as characte1_6_0_, character0_.character_character_name as characte2_6_0_ from characters character0_ where character0_.character_id=?
Hibernate: SELECT * FROM SCHEDULE WHERE (YEAR(SCHEDULE_STARTED_AT) = ? AND MONTH(SCHEDULE_STARTED_AT) = ?) OR (YEAR(SCHEDULE_FINISH_AT) = ? AND MONTH(SCHEDULE_FINISH_AT) = ?)
Hibernate: select user0_.user_id as user_id1_21_0_, user0_.character_id as characte7_21_0_, user0_.user_created_at as user_cre2_21_0_, user0_.user_name as user_nam3_21_0_, user0_.user_phone_number as user_pho4_21_0_, user0_.user_user_id as user_use5_21_0_, user0_.user_user_password as user_use6_21_0_ from user user0_ where user0_.user_id=?
Hibernate: select character0_.character_id as characte1_6_0_, character0_.character_character_name as characte2_6_0_ from characters character0_ where character0_.character_id=?
Hibernate: SELECT * FROM SCHEDULE WHERE (YEAR(SCHEDULE_STARTED_AT) = ? AND MONTH(SCHEDULE_STARTED_AT) = ?) OR (YEAR(SCHEDULE_FINISH_AT) = ? AND MONTH(SCHEDULE_FINISH_AT) = ?)
Hibernate: select user0_.user_id as user_id1_21_0_, user0_.character_id as characte7_21_0_, user0_.user_created_at as user_cre2_21_0_, user0_.user_name as user_nam3_21_0_, user0_.user_phone_number as user_pho4_21_0_, user0_.user_user_id as user_use5_21_0_, user0_.user_user_password as user_use6_21_0_ from user user0_ where user0_.user_id=?
Hibernate: select character0_.character_id as characte1_6_0_, character0_.character_character_name as characte2_6_0_ from characters character0_ where character0_.character_id=?
Hibernate: SELECT * FROM SCHEDULE WHERE (YEAR(SCHEDULE_STARTED_AT) = ? AND MONTH(SCHEDULE_STARTED_AT) = ?) OR (YEAR(SCHEDULE_FINISH_AT) = ? AND MONTH(SCHEDULE_FINISH_AT) = ?)
Hibernate: select user0_.user_id as user_id1_21_0_, user0_.character_id as characte7_21_0_, user0_.user_created_at as user_cre2_21_0_, user0_.user_name as user_nam3_21_0_, user0_.user_phone_number as user_pho4_21_0_, user0_.user_user_id as user_use5_21_0_, user0_.user_user_password as user_use6_21_0_ from user user0_ where user0_.user_id=?
Hibernate: select character0_.character_id as characte1_6_0_, character0_.character_character_name as characte2_6_0_ from characters character0_ where character0_.character_id=?
Hibernate: SELECT * FROM SCHEDULE WHERE (YEAR(SCHEDULE_STARTED_AT) = ? AND MONTH(SCHEDULE_STARTED_AT) = ?) OR (YEAR(SCHEDULE_FINISH_AT) = ? AND MONTH(SCHEDULE_FINISH_AT) = ?)
Hibernate: select user0_.user_id as user_id1_21_0_, user0_.character_id as characte7_21_0_, user0_.user_created_at as user_cre2_21_0_, user0_.user_name as user_nam3_21_0_, user0_.user_phone_number as user_pho4_21_0_, user0_.user_user_id as user_use5_21_0_, user0_.user_user_password as user_use6_21_0_ from user user0_ where user0_.user_id=?
Hibernate: select character0_.character_id as characte1_6_0_, character0_.character_character_name as characte2_6_0_ from characters character0_ where character0_.character_id=?
Hibernate: SELECT * FROM SCHEDULE WHERE (YEAR(SCHEDULE_STARTED_AT) = ? AND MONTH(SCHEDULE_STARTED_AT) = ?) OR (YEAR(SCHEDULE_FINISH_AT) = ? AND MONTH(SCHEDULE_FINISH_AT) = ?)
Hibernate: select user0_.user_id as user_id1_21_0_, user0_.character_id as characte7_21_0_, user0_.user_created_at as user_cre2_21_0_, user0_.user_name as user_nam3_21_0_, user0_.user_phone_number as user_pho4_21_0_, user0_.user_user_id as user_use5_21_0_, user0_.user_user_password as user_use6_21_0_ from user user0_ where user0_.user_id=?
Hibernate: select character0_.character_id as characte1_6_0_, character0_.character_character_name as characte2_6_0_ from characters character0_ where character0_.character_id=?
Hibernate: SELECT * FROM SCHEDULE WHERE (YEAR(SCHEDULE_STARTED_AT) = ? AND MONTH(SCHEDULE_STARTED_AT) = ?) OR (YEAR(SCHEDULE_FINISH_AT) = ? AND MONTH(SCHEDULE_FINISH_AT) = ?)
Hibernate: select user0_.user_id as user_id1_21_0_, user0_.character_id as characte7_21_0_, user0_.user_created_at as user_cre2_21_0_, user0_.user_name as user_nam3_21_0_, user0_.user_phone_number as user_pho4_21_0_, user0_.user_user_id as user_use5_21_0_, user0_.user_user_password as user_use6_21_0_ from user user0_ where user0_.user_id=?
Hibernate: select character0_.character_id as characte1_6_0_, character0_.character_character_name as characte2_6_0_ from characters character0_ where character0_.character_id=?
Hibernate: SELECT * FROM SCHEDULE WHERE (YEAR(SCHEDULE_STARTED_AT) = ? AND MONTH(SCHEDULE_STARTED_AT) = ?) OR (YEAR(SCHEDULE_FINISH_AT) = ? AND MONTH(SCHEDULE_FINISH_AT) = ?)
Hibernate: select user0_.user_id as user_id1_21_0_, user0_.character_id as characte7_21_0_, user0_.user_created_at as user_cre2_21_0_, user0_.user_name as user_nam3_21_0_, user0_.user_phone_number as user_pho4_21_0_, user0_.user_user_id as user_use5_21_0_, user0_.user_user_password as user_use6_21_0_ from user user0_ where user0_.user_id=?
Hibernate: select character0_.character_id as characte1_6_0_, character0_.character_character_name as characte2_6_0_ from characters character0_ where character0_.character_id=?
Hibernate: SELECT * FROM SCHEDULE WHERE (YEAR(SCHEDULE_STARTED_AT) = ? AND MONTH(SCHEDULE_STARTED_AT) = ?) OR (YEAR(SCHEDULE_FINISH_AT) = ? AND MONTH(SCHEDULE_FINISH_AT) = ?)
Hibernate: select user0_.user_id as user_id1_21_0_, user0_.character_id as characte7_21_0_, user0_.user_created_at as user_cre2_21_0_, user0_.user_name as user_nam3_21_0_, user0_.user_phone_number as user_pho4_21_0_, user0_.user_user_id as user_use5_21_0_, user0_.user_user_password as user_use6_21_0_ from user user0_ where user0_.user_id=?
Hibernate: select character0_.character_id as characte1_6_0_, character0_.character_character_name as characte2_6_0_ from characters character0_ where character0_.character_id=?
Hibernate: SELECT * FROM SCHEDULE WHERE (YEAR(SCHEDULE_STARTED_AT) = ? AND MONTH(SCHEDULE_STARTED_AT) = ?) OR (YEAR(SCHEDULE_FINISH_AT) = ? AND MONTH(SCHEDULE_FINISH_AT) = ?)
Hibernate: select user0_.user_id as user_id1_21_0_, user0_.character_id as characte7_21_0_, user0_.user_created_at as user_cre2_21_0_, user0_.user_name as user_nam3_21_0_, user0_.user_phone_number as user_pho4_21_0_, user0_.user_user_id as user_use5_21_0_, user0_.user_user_password as user_use6_21_0_ from user user0_ where user0_.user_id=?
Hibernate: select character0_.character_id as characte1_6_0_, character0_.character_character_name as characte2_6_0_ from characters character0_ where character0_.character_id=?
Hibernate: SELECT * FROM SCHEDULE WHERE (YEAR(SCHEDULE_STARTED_AT) = ? AND MONTH(SCHEDULE_STARTED_AT) = ?) OR (YEAR(SCHEDULE_FINISH_AT) = ? AND MONTH(SCHEDULE_FINISH_AT) = ?)
Hibernate: select user0_.user_id as col_0_0_ from user user0_ where user0_.user_user_id=? limit ?
Hibernate: select user0_.user_id as col_0_0_ from user user0_ where user0_.user_user_id=? limit ?
Hibernate: select U.* from USER U where U.USER_USER_ID =?
Hibernate: select character0_.character_id as characte1_6_0_, character0_.character_character_name as characte2_6_0_ from characters character0_ where character0_.character_id=?
Hibernate: select user0_.user_id as col_0_0_ from user user0_ where user0_.user_user_id=? limit ?
Hibernate: select user0_.user_id as col_0_0_ from user user0_ where user0_.user_user_id=? limit ?
Hibernate: select U.* from USER U where U.USER_USER_ID =?
Hibernate: select character0_.character_id as characte1_6_0_, character0_.character_character_name as characte2_6_0_ from characters character0_ where character0_.character_id=?
Hibernate: select user0_.user_id as user_id1_21_0_, user0_.character_id as characte7_21_0_, user0_.user_created_at as user_cre2_21_0_, user0_.user_name as user_nam3_21_0_, user0_.user_phone_number as user_pho4_21_0_, user0_.user_user_id as user_use5_21_0_, user0_.user_user_password as user_use6_21_0_ from user user0_ where user0_.user_id=?
Hibernate: select character0_.character_id as characte1_6_0_, character0_.character_character_name as characte2_6_0_ from characters character0_ where character0_.character_id=?
Hibernate: select count(*) as col_0_0_ from user user0_ where user0_.user_id=?
Hibernate: select character1_.character_id as characte1_6_, character1_.character_character_name as characte2_6_ from user user0_ inner join characters character1_ on user0_.character_id=character1_.character_id where user0_.user_id=?
Hibernate: select permission0_.character_id as characte6_12_0_, permission0_.permission_id as permissi1_12_0_, permission0_.permission_id as permissi1_12_1_, permission0_.character_id as characte6_12_1_, permission0_.permission_name as permissi2_12_1_, permission0_.permission_permission_unit_id as permissi3_12_1_, permission0_.permission_service as permissi4_12_1_, permission0_.permission_status as permissi5_12_1_ from permission permission0_ where permission0_.character_id=?
Hibernate: select schedule0_.schedule_id as schedule1_17_0_, schedule0_.schedule_finish_at as schedule2_17_0_, schedule0_.schedule_content as schedule3_17_0_, schedule0_.schedule_repeat_cycle as schedule4_17_0_, schedule0_.schedule_repeat_repeat_finish_at as schedule5_17_0_, schedule0_.schedule_title as schedule6_17_0_, schedule0_.schedule_started_at as schedule7_17_0_ from schedule schedule0_ where schedule0_.schedule_id=?
Hibernate: insert into schedule (schedule_id, schedule_finish_at, schedule_content, schedule_repeat_cycle, schedule_repeat_repeat_finish_at, schedule_title, schedule_started_at) values (default, ?, ?, ?, ?, ?, ?)
Hibernate: select user0_.user_id as user_id1_21_0_, user0_.character_id as characte7_21_0_, user0_.user_created_at as user_cre2_21_0_, user0_.user_name as user_nam3_21_0_, user0_.user_phone_number as user_pho4_21_0_, user0_.user_user_id as user_use5_21_0_, user0_.user_user_password as user_use6_21_0_ from user user0_ where user0_.user_id=?
Hibernate: select character0_.character_id as characte1_6_0_, character0_.character_character_name as characte2_6_0_ from characters character0_ where character0_.character_id=?
Hibernate: SELECT * FROM SCHEDULE WHERE (YEAR(SCHEDULE_STARTED_AT) = ? AND MONTH(SCHEDULE_STARTED_AT) = ?) OR (YEAR(SCHEDULE_FINISH_AT) = ? AND MONTH(SCHEDULE_FINISH_AT) = ?)
Hibernate: select user0_.user_id as user_id1_21_0_, user0_.character_id as characte7_21_0_, user0_.user_created_at as user_cre2_21_0_, user0_.user_name as user_nam3_21_0_, user0_.user_phone_number as user_pho4_21_0_, user0_.user_user_id as user_use5_21_0_, user0_.user_user_password as user_use6_21_0_ from user user0_ where user0_.user_id=?
Hibernate: select character0_.character_id as characte1_6_0_, character0_.character_character_name as characte2_6_0_ from characters character0_ where character0_.character_id=?
Hibernate: select count(*) as col_0_0_ from user user0_ where user0_.user_id=?
Hibernate: select character1_.character_id as characte1_6_, character1_.character_character_name as characte2_6_ from user user0_ inner join characters character1_ on user0_.character_id=character1_.character_id where user0_.user_id=?
Hibernate: select permission0_.character_id as characte6_12_0_, permission0_.permission_id as permissi1_12_0_, permission0_.permission_id as permissi1_12_1_, permission0_.character_id as characte6_12_1_, permission0_.permission_name as permissi2_12_1_, permission0_.permission_permission_unit_id as permissi3_12_1_, permission0_.permission_service as permissi4_12_1_, permission0_.permission_status as permissi5_12_1_ from permission permission0_ where permission0_.character_id=?
Hibernate: select count(*) as col_0_0_ from schedule schedule0_ where schedule0_.schedule_id=?

MockHttpServletRequest:
      HTTP Method = PUT
      Request URI = /schedule/3
       Parameters = {}
          Headers = [Content-Type:"application/json;charset=UTF-8", Accept:"application/json", Api-version:"1.0", Authorization:"Bearer eyJhbGciOiJIUzI1NiJ9.eyJzdWIiOiIxIiwiaWF0IjoxNjg3ODc3NDY4LCJleHAiOjE2ODc4ODEwNjh9.L4tO6_dDAW_EBZT75Jfu2R72X2bmpa30eKXBNOnKWzQ", Content-Length:"175"]
             Body = {"schedule_title":"seminar","schedule_content":"DFS","started_at":"2023-13-24T20:52","finish_at":"2023-01-31T23:59","repeat":{"cycle":7,"repeat_finish_at":"2023-12-31T23:59"}}
    Session Attrs = {}

Handler:
             Type = org.waldreg.controller.schedule.ScheduleController
           Method = org.waldreg.controller.schedule.ScheduleController#updateSchedule(int, ScheduleRequest)

Async:
    Async started = false
     Async result = null

Resolved Exception:
             Type = org.waldreg.schedule.exception.InvalidDateFormatException

ModelAndView:
        View name = null
             View = null
            Model = null

FlashMap:
       Attributes = null

MockHttpServletResponse:
           Status = 400
    Error message = null
          Headers = [Vary:"Origin", "Access-Control-Request-Method", "Access-Control-Request-Headers", Api-version:"1.0", Content-Type:"application/json"]
     Content type = application/json
             Body = {"code":"SCHEDULE-403","messages":"Invalid date format detected Schedule start date \"2023-13-24T20:52\" Schedule finish date \"2023-01-31T23:59\"","document_url":"docs.waldreg.org"}
    Forwarded URL = null
   Redirected URL = null
          Cookies = []
Hibernate: select user0_.user_id as col_0_0_ from user user0_ where user0_.user_user_id=? limit ?
Hibernate: select user0_.user_id as col_0_0_ from user user0_ where user0_.user_user_id=? limit ?
Hibernate: select U.* from USER U where U.USER_USER_ID =?
Hibernate: select character0_.character_id as characte1_6_0_, character0_.character_character_name as characte2_6_0_ from characters character0_ where character0_.character_id=?
Hibernate: select user0_.user_id as user_id1_21_0_, user0_.character_id as characte7_21_0_, user0_.user_created_at as user_cre2_21_0_, user0_.user_name as user_nam3_21_0_, user0_.user_phone_number as user_pho4_21_0_, user0_.user_user_id as user_use5_21_0_, user0_.user_user_password as user_use6_21_0_ from user user0_ where user0_.user_id=?
Hibernate: select character0_.character_id as characte1_6_0_, character0_.character_character_name as characte2_6_0_ from characters character0_ where character0_.character_id=?
Hibernate: SELECT * FROM SCHEDULE WHERE (YEAR(SCHEDULE_STARTED_AT) = ? AND MONTH(SCHEDULE_STARTED_AT) = ?) OR (YEAR(SCHEDULE_FINISH_AT) = ? AND MONTH(SCHEDULE_FINISH_AT) = ?)
Hibernate: select user0_.user_id as user_id1_21_0_, user0_.character_id as characte7_21_0_, user0_.user_created_at as user_cre2_21_0_, user0_.user_name as user_nam3_21_0_, user0_.user_phone_number as user_pho4_21_0_, user0_.user_user_id as user_use5_21_0_, user0_.user_user_password as user_use6_21_0_ from user user0_ where user0_.user_id=?
Hibernate: select character0_.character_id as characte1_6_0_, character0_.character_character_name as characte2_6_0_ from characters character0_ where character0_.character_id=?
Hibernate: select count(*) as col_0_0_ from user user0_ where user0_.user_id=?
Hibernate: select character1_.character_id as characte1_6_, character1_.character_character_name as characte2_6_ from user user0_ inner join characters character1_ on user0_.character_id=character1_.character_id where user0_.user_id=?
Hibernate: select permission0_.character_id as characte6_12_0_, permission0_.permission_id as permissi1_12_0_, permission0_.permission_id as permissi1_12_1_, permission0_.character_id as characte6_12_1_, permission0_.permission_name as permissi2_12_1_, permission0_.permission_permission_unit_id as permissi3_12_1_, permission0_.permission_service as permissi4_12_1_, permission0_.permission_status as permissi5_12_1_ from permission permission0_ where permission0_.character_id=?
Hibernate: select count(*) as col_0_0_ from schedule schedule0_ where schedule0_.schedule_id=?
Hibernate: select schedule0_.schedule_id as schedule1_17_0_, schedule0_.schedule_finish_at as schedule2_17_0_, schedule0_.schedule_content as schedule3_17_0_, schedule0_.schedule_repeat_cycle as schedule4_17_0_, schedule0_.schedule_repeat_repeat_finish_at as schedule5_17_0_, schedule0_.schedule_title as schedule6_17_0_, schedule0_.schedule_started_at as schedule7_17_0_ from schedule schedule0_ where schedule0_.schedule_id=?
Hibernate: delete from schedule where schedule_id=?
Hibernate: select user0_.user_id as user_id1_21_0_, user0_.character_id as characte7_21_0_, user0_.user_created_at as user_cre2_21_0_, user0_.user_name as user_nam3_21_0_, user0_.user_phone_number as user_pho4_21_0_, user0_.user_user_id as user_use5_21_0_, user0_.user_user_password as user_use6_21_0_ from user user0_ where user0_.user_id=?
Hibernate: select character0_.character_id as characte1_6_0_, character0_.character_character_name as characte2_6_0_ from characters character0_ where character0_.character_id=?
Hibernate: select count(*) as col_0_0_ from schedule schedule0_ where schedule0_.schedule_id=?
Hibernate: select user0_.user_id as user_id1_21_0_, user0_.character_id as characte7_21_0_, user0_.user_created_at as user_cre2_21_0_, user0_.user_name as user_nam3_21_0_, user0_.user_phone_number as user_pho4_21_0_, user0_.user_user_id as user_use5_21_0_, user0_.user_user_password as user_use6_21_0_ from user user0_ where user0_.user_id=?
Hibernate: select character0_.character_id as characte1_6_0_, character0_.character_character_name as characte2_6_0_ from characters character0_ where character0_.character_id=?
Hibernate: SELECT * FROM SCHEDULE WHERE (YEAR(SCHEDULE_STARTED_AT) = ? AND MONTH(SCHEDULE_STARTED_AT) = ?) OR (YEAR(SCHEDULE_FINISH_AT) = ? AND MONTH(SCHEDULE_FINISH_AT) = ?)
Hibernate: select user0_.user_id as user_id1_21_0_, user0_.character_id as characte7_21_0_, user0_.user_created_at as user_cre2_21_0_, user0_.user_name as user_nam3_21_0_, user0_.user_phone_number as user_pho4_21_0_, user0_.user_user_id as user_use5_21_0_, user0_.user_user_password as user_use6_21_0_ from user user0_ where user0_.user_id=?
Hibernate: select character0_.character_id as characte1_6_0_, character0_.character_character_name as characte2_6_0_ from characters character0_ where character0_.character_id=?
Hibernate: SELECT * FROM SCHEDULE WHERE (YEAR(SCHEDULE_STARTED_AT) = ? AND MONTH(SCHEDULE_STARTED_AT) = ?) OR (YEAR(SCHEDULE_FINISH_AT) = ? AND MONTH(SCHEDULE_FINISH_AT) = ?)
Hibernate: select user0_.user_id as user_id1_21_0_, user0_.character_id as characte7_21_0_, user0_.user_created_at as user_cre2_21_0_, user0_.user_name as user_nam3_21_0_, user0_.user_phone_number as user_pho4_21_0_, user0_.user_user_id as user_use5_21_0_, user0_.user_user_password as user_use6_21_0_ from user user0_ where user0_.user_id=?
Hibernate: select character0_.character_id as characte1_6_0_, character0_.character_character_name as characte2_6_0_ from characters character0_ where character0_.character_id=?
Hibernate: SELECT * FROM SCHEDULE WHERE (YEAR(SCHEDULE_STARTED_AT) = ? AND MONTH(SCHEDULE_STARTED_AT) = ?) OR (YEAR(SCHEDULE_FINISH_AT) = ? AND MONTH(SCHEDULE_FINISH_AT) = ?)
Hibernate: select user0_.user_id as user_id1_21_0_, user0_.character_id as characte7_21_0_, user0_.user_created_at as user_cre2_21_0_, user0_.user_name as user_nam3_21_0_, user0_.user_phone_number as user_pho4_21_0_, user0_.user_user_id as user_use5_21_0_, user0_.user_user_password as user_use6_21_0_ from user user0_ where user0_.user_id=?
Hibernate: select character0_.character_id as characte1_6_0_, character0_.character_character_name as characte2_6_0_ from characters character0_ where character0_.character_id=?
Hibernate: SELECT * FROM SCHEDULE WHERE (YEAR(SCHEDULE_STARTED_AT) = ? AND MONTH(SCHEDULE_STARTED_AT) = ?) OR (YEAR(SCHEDULE_FINISH_AT) = ? AND MONTH(SCHEDULE_FINISH_AT) = ?)
Hibernate: select user0_.user_id as user_id1_21_0_, user0_.character_id as characte7_21_0_, user0_.user_created_at as user_cre2_21_0_, user0_.user_name as user_nam3_21_0_, user0_.user_phone_number as user_pho4_21_0_, user0_.user_user_id as user_use5_21_0_, user0_.user_user_password as user_use6_21_0_ from user user0_ where user0_.user_id=?
Hibernate: select character0_.character_id as characte1_6_0_, character0_.character_character_name as characte2_6_0_ from characters character0_ where character0_.character_id=?
Hibernate: SELECT * FROM SCHEDULE WHERE (YEAR(SCHEDULE_STARTED_AT) = ? AND MONTH(SCHEDULE_STARTED_AT) = ?) OR (YEAR(SCHEDULE_FINISH_AT) = ? AND MONTH(SCHEDULE_FINISH_AT) = ?)
Hibernate: select user0_.user_id as user_id1_21_0_, user0_.character_id as characte7_21_0_, user0_.user_created_at as user_cre2_21_0_, user0_.user_name as user_nam3_21_0_, user0_.user_phone_number as user_pho4_21_0_, user0_.user_user_id as user_use5_21_0_, user0_.user_user_password as user_use6_21_0_ from user user0_ where user0_.user_id=?
Hibernate: select character0_.character_id as characte1_6_0_, character0_.character_character_name as characte2_6_0_ from characters character0_ where character0_.character_id=?
Hibernate: SELECT * FROM SCHEDULE WHERE (YEAR(SCHEDULE_STARTED_AT) = ? AND MONTH(SCHEDULE_STARTED_AT) = ?) OR (YEAR(SCHEDULE_FINISH_AT) = ? AND MONTH(SCHEDULE_FINISH_AT) = ?)
Hibernate: select user0_.user_id as user_id1_21_0_, user0_.character_id as characte7_21_0_, user0_.user_created_at as user_cre2_21_0_, user0_.user_name as user_nam3_21_0_, user0_.user_phone_number as user_pho4_21_0_, user0_.user_user_id as user_use5_21_0_, user0_.user_user_password as user_use6_21_0_ from user user0_ where user0_.user_id=?
Hibernate: select character0_.character_id as characte1_6_0_, character0_.character_character_name as characte2_6_0_ from characters character0_ where character0_.character_id=?
Hibernate: SELECT * FROM SCHEDULE WHERE (YEAR(SCHEDULE_STARTED_AT) = ? AND MONTH(SCHEDULE_STARTED_AT) = ?) OR (YEAR(SCHEDULE_FINISH_AT) = ? AND MONTH(SCHEDULE_FINISH_AT) = ?)
Hibernate: select user0_.user_id as user_id1_21_0_, user0_.character_id as characte7_21_0_, user0_.user_created_at as user_cre2_21_0_, user0_.user_name as user_nam3_21_0_, user0_.user_phone_number as user_pho4_21_0_, user0_.user_user_id as user_use5_21_0_, user0_.user_user_password as user_use6_21_0_ from user user0_ where user0_.user_id=?
Hibernate: select character0_.character_id as characte1_6_0_, character0_.character_character_name as characte2_6_0_ from characters character0_ where character0_.character_id=?
Hibernate: SELECT * FROM SCHEDULE WHERE (YEAR(SCHEDULE_STARTED_AT) = ? AND MONTH(SCHEDULE_STARTED_AT) = ?) OR (YEAR(SCHEDULE_FINISH_AT) = ? AND MONTH(SCHEDULE_FINISH_AT) = ?)
Hibernate: select user0_.user_id as user_id1_21_0_, user0_.character_id as characte7_21_0_, user0_.user_created_at as user_cre2_21_0_, user0_.user_name as user_nam3_21_0_, user0_.user_phone_number as user_pho4_21_0_, user0_.user_user_id as user_use5_21_0_, user0_.user_user_password as user_use6_21_0_ from user user0_ where user0_.user_id=?
Hibernate: select character0_.character_id as characte1_6_0_, character0_.character_character_name as characte2_6_0_ from characters character0_ where character0_.character_id=?
Hibernate: SELECT * FROM SCHEDULE WHERE (YEAR(SCHEDULE_STARTED_AT) = ? AND MONTH(SCHEDULE_STARTED_AT) = ?) OR (YEAR(SCHEDULE_FINISH_AT) = ? AND MONTH(SCHEDULE_FINISH_AT) = ?)
Hibernate: select user0_.user_id as user_id1_21_0_, user0_.character_id as characte7_21_0_, user0_.user_created_at as user_cre2_21_0_, user0_.user_name as user_nam3_21_0_, user0_.user_phone_number as user_pho4_21_0_, user0_.user_user_id as user_use5_21_0_, user0_.user_user_password as user_use6_21_0_ from user user0_ where user0_.user_id=?
Hibernate: select character0_.character_id as characte1_6_0_, character0_.character_character_name as characte2_6_0_ from characters character0_ where character0_.character_id=?
Hibernate: SELECT * FROM SCHEDULE WHERE (YEAR(SCHEDULE_STARTED_AT) = ? AND MONTH(SCHEDULE_STARTED_AT) = ?) OR (YEAR(SCHEDULE_FINISH_AT) = ? AND MONTH(SCHEDULE_FINISH_AT) = ?)
Hibernate: select user0_.user_id as user_id1_21_0_, user0_.character_id as characte7_21_0_, user0_.user_created_at as user_cre2_21_0_, user0_.user_name as user_nam3_21_0_, user0_.user_phone_number as user_pho4_21_0_, user0_.user_user_id as user_use5_21_0_, user0_.user_user_password as user_use6_21_0_ from user user0_ where user0_.user_id=?
Hibernate: select character0_.character_id as characte1_6_0_, character0_.character_character_name as characte2_6_0_ from characters character0_ where character0_.character_id=?
Hibernate: SELECT * FROM SCHEDULE WHERE (YEAR(SCHEDULE_STARTED_AT) = ? AND MONTH(SCHEDULE_STARTED_AT) = ?) OR (YEAR(SCHEDULE_FINISH_AT) = ? AND MONTH(SCHEDULE_FINISH_AT) = ?)
Hibernate: select user0_.user_id as col_0_0_ from user user0_ where user0_.user_user_id=? limit ?
Hibernate: select user0_.user_id as col_0_0_ from user user0_ where user0_.user_user_id=? limit ?
Hibernate: select U.* from USER U where U.USER_USER_ID =?
Hibernate: select character0_.character_id as characte1_6_0_, character0_.character_character_name as characte2_6_0_ from characters character0_ where character0_.character_id=?
Hibernate: select user0_.user_id as col_0_0_ from user user0_ where user0_.user_user_id=? limit ?
Hibernate: select user0_.user_id as col_0_0_ from user user0_ where user0_.user_user_id=? limit ?
Hibernate: select U.* from USER U where U.USER_USER_ID =?
Hibernate: select character0_.character_id as characte1_6_0_, character0_.character_character_name as characte2_6_0_ from characters character0_ where character0_.character_id=?
Hibernate: select user0_.user_id as user_id1_21_0_, user0_.character_id as characte7_21_0_, user0_.user_created_at as user_cre2_21_0_, user0_.user_name as user_nam3_21_0_, user0_.user_phone_number as user_pho4_21_0_, user0_.user_user_id as user_use5_21_0_, user0_.user_user_password as user_use6_21_0_ from user user0_ where user0_.user_id=?
Hibernate: select character0_.character_id as characte1_6_0_, character0_.character_character_name as characte2_6_0_ from characters character0_ where character0_.character_id=?
Hibernate: SELECT * FROM SCHEDULE WHERE (YEAR(SCHEDULE_STARTED_AT) = ? AND MONTH(SCHEDULE_STARTED_AT) = ?) OR (YEAR(SCHEDULE_FINISH_AT) = ? AND MONTH(SCHEDULE_FINISH_AT) = ?)
Hibernate: select user0_.user_id as user_id1_21_0_, user0_.character_id as characte7_21_0_, user0_.user_created_at as user_cre2_21_0_, user0_.user_name as user_nam3_21_0_, user0_.user_phone_number as user_pho4_21_0_, user0_.user_user_id as user_use5_21_0_, user0_.user_user_password as user_use6_21_0_ from user user0_ where user0_.user_id=?
Hibernate: select character0_.character_id as characte1_6_0_, character0_.character_character_name as characte2_6_0_ from characters character0_ where character0_.character_id=?
Hibernate: SELECT * FROM SCHEDULE WHERE (YEAR(SCHEDULE_STARTED_AT) = ? AND MONTH(SCHEDULE_STARTED_AT) = ?) OR (YEAR(SCHEDULE_FINISH_AT) = ? AND MONTH(SCHEDULE_FINISH_AT) = ?)
Hibernate: select user0_.user_id as user_id1_21_0_, user0_.character_id as characte7_21_0_, user0_.user_created_at as user_cre2_21_0_, user0_.user_name as user_nam3_21_0_, user0_.user_phone_number as user_pho4_21_0_, user0_.user_user_id as user_use5_21_0_, user0_.user_user_password as user_use6_21_0_ from user user0_ where user0_.user_id=?
Hibernate: select character0_.character_id as characte1_6_0_, character0_.character_character_name as characte2_6_0_ from characters character0_ where character0_.character_id=?
Hibernate: SELECT * FROM SCHEDULE WHERE (YEAR(SCHEDULE_STARTED_AT) = ? AND MONTH(SCHEDULE_STARTED_AT) = ?) OR (YEAR(SCHEDULE_FINISH_AT) = ? AND MONTH(SCHEDULE_FINISH_AT) = ?)
Hibernate: select user0_.user_id as user_id1_21_0_, user0_.character_id as characte7_21_0_, user0_.user_created_at as user_cre2_21_0_, user0_.user_name as user_nam3_21_0_, user0_.user_phone_number as user_pho4_21_0_, user0_.user_user_id as user_use5_21_0_, user0_.user_user_password as user_use6_21_0_ from user user0_ where user0_.user_id=?
Hibernate: select character0_.character_id as characte1_6_0_, character0_.character_character_name as characte2_6_0_ from characters character0_ where character0_.character_id=?
Hibernate: SELECT * FROM SCHEDULE WHERE (YEAR(SCHEDULE_STARTED_AT) = ? AND MONTH(SCHEDULE_STARTED_AT) = ?) OR (YEAR(SCHEDULE_FINISH_AT) = ? AND MONTH(SCHEDULE_FINISH_AT) = ?)
Hibernate: select user0_.user_id as user_id1_21_0_, user0_.character_id as characte7_21_0_, user0_.user_created_at as user_cre2_21_0_, user0_.user_name as user_nam3_21_0_, user0_.user_phone_number as user_pho4_21_0_, user0_.user_user_id as user_use5_21_0_, user0_.user_user_password as user_use6_21_0_ from user user0_ where user0_.user_id=?
Hibernate: select character0_.character_id as characte1_6_0_, character0_.character_character_name as characte2_6_0_ from characters character0_ where character0_.character_id=?
Hibernate: SELECT * FROM SCHEDULE WHERE (YEAR(SCHEDULE_STARTED_AT) = ? AND MONTH(SCHEDULE_STARTED_AT) = ?) OR (YEAR(SCHEDULE_FINISH_AT) = ? AND MONTH(SCHEDULE_FINISH_AT) = ?)
Hibernate: select user0_.user_id as user_id1_21_0_, user0_.character_id as characte7_21_0_, user0_.user_created_at as user_cre2_21_0_, user0_.user_name as user_nam3_21_0_, user0_.user_phone_number as user_pho4_21_0_, user0_.user_user_id as user_use5_21_0_, user0_.user_user_password as user_use6_21_0_ from user user0_ where user0_.user_id=?
Hibernate: select character0_.character_id as characte1_6_0_, character0_.character_character_name as characte2_6_0_ from characters character0_ where character0_.character_id=?
Hibernate: SELECT * FROM SCHEDULE WHERE (YEAR(SCHEDULE_STARTED_AT) = ? AND MONTH(SCHEDULE_STARTED_AT) = ?) OR (YEAR(SCHEDULE_FINISH_AT) = ? AND MONTH(SCHEDULE_FINISH_AT) = ?)
Hibernate: select user0_.user_id as user_id1_21_0_, user0_.character_id as characte7_21_0_, user0_.user_created_at as user_cre2_21_0_, user0_.user_name as user_nam3_21_0_, user0_.user_phone_number as user_pho4_21_0_, user0_.user_user_id as user_use5_21_0_, user0_.user_user_password as user_use6_21_0_ from user user0_ where user0_.user_id=?
Hibernate: select character0_.character_id as characte1_6_0_, character0_.character_character_name as characte2_6_0_ from characters character0_ where character0_.character_id=?
Hibernate: SELECT * FROM SCHEDULE WHERE (YEAR(SCHEDULE_STARTED_AT) = ? AND MONTH(SCHEDULE_STARTED_AT) = ?) OR (YEAR(SCHEDULE_FINISH_AT) = ? AND MONTH(SCHEDULE_FINISH_AT) = ?)
Hibernate: select user0_.user_id as user_id1_21_0_, user0_.character_id as characte7_21_0_, user0_.user_created_at as user_cre2_21_0_, user0_.user_name as user_nam3_21_0_, user0_.user_phone_number as user_pho4_21_0_, user0_.user_user_id as user_use5_21_0_, user0_.user_user_password as user_use6_21_0_ from user user0_ where user0_.user_id=?
Hibernate: select character0_.character_id as characte1_6_0_, character0_.character_character_name as characte2_6_0_ from characters character0_ where character0_.character_id=?
Hibernate: SELECT * FROM SCHEDULE WHERE (YEAR(SCHEDULE_STARTED_AT) = ? AND MONTH(SCHEDULE_STARTED_AT) = ?) OR (YEAR(SCHEDULE_FINISH_AT) = ? AND MONTH(SCHEDULE_FINISH_AT) = ?)
Hibernate: select user0_.user_id as user_id1_21_0_, user0_.character_id as characte7_21_0_, user0_.user_created_at as user_cre2_21_0_, user0_.user_name as user_nam3_21_0_, user0_.user_phone_number as user_pho4_21_0_, user0_.user_user_id as user_use5_21_0_, user0_.user_user_password as user_use6_21_0_ from user user0_ where user0_.user_id=?
Hibernate: select character0_.character_id as characte1_6_0_, character0_.character_character_name as characte2_6_0_ from characters character0_ where character0_.character_id=?
Hibernate: SELECT * FROM SCHEDULE WHERE (YEAR(SCHEDULE_STARTED_AT) = ? AND MONTH(SCHEDULE_STARTED_AT) = ?) OR (YEAR(SCHEDULE_FINISH_AT) = ? AND MONTH(SCHEDULE_FINISH_AT) = ?)
Hibernate: select user0_.user_id as user_id1_21_0_, user0_.character_id as characte7_21_0_, user0_.user_created_at as user_cre2_21_0_, user0_.user_name as user_nam3_21_0_, user0_.user_phone_number as user_pho4_21_0_, user0_.user_user_id as user_use5_21_0_, user0_.user_user_password as user_use6_21_0_ from user user0_ where user0_.user_id=?
Hibernate: select character0_.character_id as characte1_6_0_, character0_.character_character_name as characte2_6_0_ from characters character0_ where character0_.character_id=?
Hibernate: SELECT * FROM SCHEDULE WHERE (YEAR(SCHEDULE_STARTED_AT) = ? AND MONTH(SCHEDULE_STARTED_AT) = ?) OR (YEAR(SCHEDULE_FINISH_AT) = ? AND MONTH(SCHEDULE_FINISH_AT) = ?)
Hibernate: select user0_.user_id as user_id1_21_0_, user0_.character_id as characte7_21_0_, user0_.user_created_at as user_cre2_21_0_, user0_.user_name as user_nam3_21_0_, user0_.user_phone_number as user_pho4_21_0_, user0_.user_user_id as user_use5_21_0_, user0_.user_user_password as user_use6_21_0_ from user user0_ where user0_.user_id=?
Hibernate: select character0_.character_id as characte1_6_0_, character0_.character_character_name as characte2_6_0_ from characters character0_ where character0_.character_id=?
Hibernate: SELECT * FROM SCHEDULE WHERE (YEAR(SCHEDULE_STARTED_AT) = ? AND MONTH(SCHEDULE_STARTED_AT) = ?) OR (YEAR(SCHEDULE_FINISH_AT) = ? AND MONTH(SCHEDULE_FINISH_AT) = ?)
Hibernate: select user0_.user_id as user_id1_21_0_, user0_.character_id as characte7_21_0_, user0_.user_created_at as user_cre2_21_0_, user0_.user_name as user_nam3_21_0_, user0_.user_phone_number as user_pho4_21_0_, user0_.user_user_id as user_use5_21_0_, user0_.user_user_password as user_use6_21_0_ from user user0_ where user0_.user_id=?
Hibernate: select character0_.character_id as characte1_6_0_, character0_.character_character_name as characte2_6_0_ from characters character0_ where character0_.character_id=?
Hibernate: SELECT * FROM SCHEDULE WHERE (YEAR(SCHEDULE_STARTED_AT) = ? AND MONTH(SCHEDULE_STARTED_AT) = ?) OR (YEAR(SCHEDULE_FINISH_AT) = ? AND MONTH(SCHEDULE_FINISH_AT) = ?)
Hibernate: select user0_.user_id as col_0_0_ from user user0_ where user0_.user_user_id=? limit ?
Hibernate: select user0_.user_id as col_0_0_ from user user0_ where user0_.user_user_id=? limit ?
Hibernate: select U.* from USER U where U.USER_USER_ID =?
Hibernate: select character0_.character_id as characte1_6_0_, character0_.character_character_name as characte2_6_0_ from characters character0_ where character0_.character_id=?
Hibernate: select user0_.user_id as col_0_0_ from user user0_ where user0_.user_user_id=? limit ?
Hibernate: select user0_.user_id as col_0_0_ from user user0_ where user0_.user_user_id=? limit ?
Hibernate: select U.* from USER U where U.USER_USER_ID =?
Hibernate: select character0_.character_id as characte1_6_0_, character0_.character_character_name as characte2_6_0_ from characters character0_ where character0_.character_id=?
Hibernate: select user0_.user_id as user_id1_21_0_, user0_.character_id as characte7_21_0_, user0_.user_created_at as user_cre2_21_0_, user0_.user_name as user_nam3_21_0_, user0_.user_phone_number as user_pho4_21_0_, user0_.user_user_id as user_use5_21_0_, user0_.user_user_password as user_use6_21_0_ from user user0_ where user0_.user_id=?
Hibernate: select character0_.character_id as characte1_6_0_, character0_.character_character_name as characte2_6_0_ from characters character0_ where character0_.character_id=?
Hibernate: select count(*) as col_0_0_ from user user0_ where user0_.user_id=?
Hibernate: select character1_.character_id as characte1_6_, character1_.character_character_name as characte2_6_ from user user0_ inner join characters character1_ on user0_.character_id=character1_.character_id where user0_.user_id=?
Hibernate: select permission0_.character_id as characte6_12_0_, permission0_.permission_id as permissi1_12_0_, permission0_.permission_id as permissi1_12_1_, permission0_.character_id as characte6_12_1_, permission0_.permission_name as permissi2_12_1_, permission0_.permission_permission_unit_id as permissi3_12_1_, permission0_.permission_service as permissi4_12_1_, permission0_.permission_status as permissi5_12_1_ from permission permission0_ where permission0_.character_id=?
Hibernate: select count(*) as col_0_0_ from schedule schedule0_ where schedule0_.schedule_id=?

MockHttpServletRequest:
      HTTP Method = PUT
      Request URI = /schedule/0
       Parameters = {}
          Headers = [Content-Type:"application/json;charset=UTF-8", Accept:"application/json", Api-version:"1.0", Authorization:"Bearer eyJhbGciOiJIUzI1NiJ9.eyJzdWIiOiIxIiwiaWF0IjoxNjg3ODc3NDY4LCJleHAiOjE2ODc4ODEwNjh9.L4tO6_dDAW_EBZT75Jfu2R72X2bmpa30eKXBNOnKWzQ", Content-Length:"175"]
             Body = {"schedule_title":"seminar","schedule_content":"DFS","started_at":"2023-01-24T20:52","finish_at":"2023-01-31T23:59","repeat":{"cycle":7,"repeat_finish_at":"2023-12-31T23:59"}}
    Session Attrs = {}

Handler:
             Type = org.waldreg.controller.schedule.ScheduleController
           Method = org.waldreg.controller.schedule.ScheduleController#updateSchedule(int, ScheduleRequest)

Async:
    Async started = false
     Async result = null

Resolved Exception:
             Type = org.waldreg.schedule.exception.UnknownScheduleException

ModelAndView:
        View name = null
             View = null
            Model = null

FlashMap:
       Attributes = null

MockHttpServletResponse:
           Status = 400
    Error message = null
          Headers = [Vary:"Origin", "Access-Control-Request-Method", "Access-Control-Request-Headers", Api-version:"1.0", Content-Type:"application/json"]
     Content type = application/json
             Body = {"code":"SCHEDULE-410","messages":"Cannot find schedule with id \"0\"","document_url":"docs.waldreg.org"}
    Forwarded URL = null
   Redirected URL = null
          Cookies = []
Hibernate: select user0_.user_id as col_0_0_ from user user0_ where user0_.user_user_id=? limit ?
Hibernate: select user0_.user_id as col_0_0_ from user user0_ where user0_.user_user_id=? limit ?
Hibernate: select U.* from USER U where U.USER_USER_ID =?
Hibernate: select character0_.character_id as characte1_6_0_, character0_.character_character_name as characte2_6_0_ from characters character0_ where character0_.character_id=?
Hibernate: select user0_.user_id as user_id1_21_0_, user0_.character_id as characte7_21_0_, user0_.user_created_at as user_cre2_21_0_, user0_.user_name as user_nam3_21_0_, user0_.user_phone_number as user_pho4_21_0_, user0_.user_user_id as user_use5_21_0_, user0_.user_user_password as user_use6_21_0_ from user user0_ where user0_.user_id=?
Hibernate: select character0_.character_id as characte1_6_0_, character0_.character_character_name as characte2_6_0_ from characters character0_ where character0_.character_id=?
Hibernate: SELECT * FROM SCHEDULE WHERE (YEAR(SCHEDULE_STARTED_AT) = ? AND MONTH(SCHEDULE_STARTED_AT) = ?) OR (YEAR(SCHEDULE_FINISH_AT) = ? AND MONTH(SCHEDULE_FINISH_AT) = ?)
Hibernate: select user0_.user_id as user_id1_21_0_, user0_.character_id as characte7_21_0_, user0_.user_created_at as user_cre2_21_0_, user0_.user_name as user_nam3_21_0_, user0_.user_phone_number as user_pho4_21_0_, user0_.user_user_id as user_use5_21_0_, user0_.user_user_password as user_use6_21_0_ from user user0_ where user0_.user_id=?
Hibernate: select character0_.character_id as characte1_6_0_, character0_.character_character_name as characte2_6_0_ from characters character0_ where character0_.character_id=?
Hibernate: SELECT * FROM SCHEDULE WHERE (YEAR(SCHEDULE_STARTED_AT) = ? AND MONTH(SCHEDULE_STARTED_AT) = ?) OR (YEAR(SCHEDULE_FINISH_AT) = ? AND MONTH(SCHEDULE_FINISH_AT) = ?)
Hibernate: select user0_.user_id as user_id1_21_0_, user0_.character_id as characte7_21_0_, user0_.user_created_at as user_cre2_21_0_, user0_.user_name as user_nam3_21_0_, user0_.user_phone_number as user_pho4_21_0_, user0_.user_user_id as user_use5_21_0_, user0_.user_user_password as user_use6_21_0_ from user user0_ where user0_.user_id=?
Hibernate: select character0_.character_id as characte1_6_0_, character0_.character_character_name as characte2_6_0_ from characters character0_ where character0_.character_id=?
Hibernate: SELECT * FROM SCHEDULE WHERE (YEAR(SCHEDULE_STARTED_AT) = ? AND MONTH(SCHEDULE_STARTED_AT) = ?) OR (YEAR(SCHEDULE_FINISH_AT) = ? AND MONTH(SCHEDULE_FINISH_AT) = ?)
Hibernate: select user0_.user_id as user_id1_21_0_, user0_.character_id as characte7_21_0_, user0_.user_created_at as user_cre2_21_0_, user0_.user_name as user_nam3_21_0_, user0_.user_phone_number as user_pho4_21_0_, user0_.user_user_id as user_use5_21_0_, user0_.user_user_password as user_use6_21_0_ from user user0_ where user0_.user_id=?
Hibernate: select character0_.character_id as characte1_6_0_, character0_.character_character_name as characte2_6_0_ from characters character0_ where character0_.character_id=?
Hibernate: SELECT * FROM SCHEDULE WHERE (YEAR(SCHEDULE_STARTED_AT) = ? AND MONTH(SCHEDULE_STARTED_AT) = ?) OR (YEAR(SCHEDULE_FINISH_AT) = ? AND MONTH(SCHEDULE_FINISH_AT) = ?)
Hibernate: select user0_.user_id as user_id1_21_0_, user0_.character_id as characte7_21_0_, user0_.user_created_at as user_cre2_21_0_, user0_.user_name as user_nam3_21_0_, user0_.user_phone_number as user_pho4_21_0_, user0_.user_user_id as user_use5_21_0_, user0_.user_user_password as user_use6_21_0_ from user user0_ where user0_.user_id=?
Hibernate: select character0_.character_id as characte1_6_0_, character0_.character_character_name as characte2_6_0_ from characters character0_ where character0_.character_id=?
Hibernate: SELECT * FROM SCHEDULE WHERE (YEAR(SCHEDULE_STARTED_AT) = ? AND MONTH(SCHEDULE_STARTED_AT) = ?) OR (YEAR(SCHEDULE_FINISH_AT) = ? AND MONTH(SCHEDULE_FINISH_AT) = ?)
Hibernate: select user0_.user_id as user_id1_21_0_, user0_.character_id as characte7_21_0_, user0_.user_created_at as user_cre2_21_0_, user0_.user_name as user_nam3_21_0_, user0_.user_phone_number as user_pho4_21_0_, user0_.user_user_id as user_use5_21_0_, user0_.user_user_password as user_use6_21_0_ from user user0_ where user0_.user_id=?
Hibernate: select character0_.character_id as characte1_6_0_, character0_.character_character_name as characte2_6_0_ from characters character0_ where character0_.character_id=?
Hibernate: SELECT * FROM SCHEDULE WHERE (YEAR(SCHEDULE_STARTED_AT) = ? AND MONTH(SCHEDULE_STARTED_AT) = ?) OR (YEAR(SCHEDULE_FINISH_AT) = ? AND MONTH(SCHEDULE_FINISH_AT) = ?)
Hibernate: select user0_.user_id as user_id1_21_0_, user0_.character_id as characte7_21_0_, user0_.user_created_at as user_cre2_21_0_, user0_.user_name as user_nam3_21_0_, user0_.user_phone_number as user_pho4_21_0_, user0_.user_user_id as user_use5_21_0_, user0_.user_user_password as user_use6_21_0_ from user user0_ where user0_.user_id=?
Hibernate: select character0_.character_id as characte1_6_0_, character0_.character_character_name as characte2_6_0_ from characters character0_ where character0_.character_id=?
Hibernate: SELECT * FROM SCHEDULE WHERE (YEAR(SCHEDULE_STARTED_AT) = ? AND MONTH(SCHEDULE_STARTED_AT) = ?) OR (YEAR(SCHEDULE_FINISH_AT) = ? AND MONTH(SCHEDULE_FINISH_AT) = ?)
Hibernate: select user0_.user_id as user_id1_21_0_, user0_.character_id as characte7_21_0_, user0_.user_created_at as user_cre2_21_0_, user0_.user_name as user_nam3_21_0_, user0_.user_phone_number as user_pho4_21_0_, user0_.user_user_id as user_use5_21_0_, user0_.user_user_password as user_use6_21_0_ from user user0_ where user0_.user_id=?
Hibernate: select character0_.character_id as characte1_6_0_, character0_.character_character_name as characte2_6_0_ from characters character0_ where character0_.character_id=?
Hibernate: SELECT * FROM SCHEDULE WHERE (YEAR(SCHEDULE_STARTED_AT) = ? AND MONTH(SCHEDULE_STARTED_AT) = ?) OR (YEAR(SCHEDULE_FINISH_AT) = ? AND MONTH(SCHEDULE_FINISH_AT) = ?)
Hibernate: select user0_.user_id as user_id1_21_0_, user0_.character_id as characte7_21_0_, user0_.user_created_at as user_cre2_21_0_, user0_.user_name as user_nam3_21_0_, user0_.user_phone_number as user_pho4_21_0_, user0_.user_user_id as user_use5_21_0_, user0_.user_user_password as user_use6_21_0_ from user user0_ where user0_.user_id=?
Hibernate: select character0_.character_id as characte1_6_0_, character0_.character_character_name as characte2_6_0_ from characters character0_ where character0_.character_id=?
Hibernate: SELECT * FROM SCHEDULE WHERE (YEAR(SCHEDULE_STARTED_AT) = ? AND MONTH(SCHEDULE_STARTED_AT) = ?) OR (YEAR(SCHEDULE_FINISH_AT) = ? AND MONTH(SCHEDULE_FINISH_AT) = ?)
Hibernate: select user0_.user_id as user_id1_21_0_, user0_.character_id as characte7_21_0_, user0_.user_created_at as user_cre2_21_0_, user0_.user_name as user_nam3_21_0_, user0_.user_phone_number as user_pho4_21_0_, user0_.user_user_id as user_use5_21_0_, user0_.user_user_password as user_use6_21_0_ from user user0_ where user0_.user_id=?
Hibernate: select character0_.character_id as characte1_6_0_, character0_.character_character_name as characte2_6_0_ from characters character0_ where character0_.character_id=?
Hibernate: SELECT * FROM SCHEDULE WHERE (YEAR(SCHEDULE_STARTED_AT) = ? AND MONTH(SCHEDULE_STARTED_AT) = ?) OR (YEAR(SCHEDULE_FINISH_AT) = ? AND MONTH(SCHEDULE_FINISH_AT) = ?)
Hibernate: select user0_.user_id as user_id1_21_0_, user0_.character_id as characte7_21_0_, user0_.user_created_at as user_cre2_21_0_, user0_.user_name as user_nam3_21_0_, user0_.user_phone_number as user_pho4_21_0_, user0_.user_user_id as user_use5_21_0_, user0_.user_user_password as user_use6_21_0_ from user user0_ where user0_.user_id=?
Hibernate: select character0_.character_id as characte1_6_0_, character0_.character_character_name as characte2_6_0_ from characters character0_ where character0_.character_id=?
Hibernate: SELECT * FROM SCHEDULE WHERE (YEAR(SCHEDULE_STARTED_AT) = ? AND MONTH(SCHEDULE_STARTED_AT) = ?) OR (YEAR(SCHEDULE_FINISH_AT) = ? AND MONTH(SCHEDULE_FINISH_AT) = ?)
Hibernate: select user0_.user_id as user_id1_21_0_, user0_.character_id as characte7_21_0_, user0_.user_created_at as user_cre2_21_0_, user0_.user_name as user_nam3_21_0_, user0_.user_phone_number as user_pho4_21_0_, user0_.user_user_id as user_use5_21_0_, user0_.user_user_password as user_use6_21_0_ from user user0_ where user0_.user_id=?
Hibernate: select character0_.character_id as characte1_6_0_, character0_.character_character_name as characte2_6_0_ from characters character0_ where character0_.character_id=?
Hibernate: SELECT * FROM SCHEDULE WHERE (YEAR(SCHEDULE_STARTED_AT) = ? AND MONTH(SCHEDULE_STARTED_AT) = ?) OR (YEAR(SCHEDULE_FINISH_AT) = ? AND MONTH(SCHEDULE_FINISH_AT) = ?)
Hibernate: select user0_.user_id as col_0_0_ from user user0_ where user0_.user_user_id=? limit ?
Hibernate: select user0_.user_id as col_0_0_ from user user0_ where user0_.user_user_id=? limit ?
Hibernate: select U.* from USER U where U.USER_USER_ID =?
Hibernate: select character0_.character_id as characte1_6_0_, character0_.character_character_name as characte2_6_0_ from characters character0_ where character0_.character_id=?
Hibernate: select user0_.user_id as col_0_0_ from user user0_ where user0_.user_user_id=? limit ?
Hibernate: select user0_.user_id as col_0_0_ from user user0_ where user0_.user_user_id=? limit ?
Hibernate: select U.* from USER U where U.USER_USER_ID =?
Hibernate: select character0_.character_id as characte1_6_0_, character0_.character_character_name as characte2_6_0_ from characters character0_ where character0_.character_id=?
Hibernate: select user0_.user_id as user_id1_21_0_, user0_.character_id as characte7_21_0_, user0_.user_created_at as user_cre2_21_0_, user0_.user_name as user_nam3_21_0_, user0_.user_phone_number as user_pho4_21_0_, user0_.user_user_id as user_use5_21_0_, user0_.user_user_password as user_use6_21_0_ from user user0_ where user0_.user_id=?
Hibernate: select character0_.character_id as characte1_6_0_, character0_.character_character_name as characte2_6_0_ from characters character0_ where character0_.character_id=?
Hibernate: SELECT * FROM SCHEDULE WHERE (YEAR(SCHEDULE_STARTED_AT) = ? AND MONTH(SCHEDULE_STARTED_AT) = ?) OR (YEAR(SCHEDULE_FINISH_AT) = ? AND MONTH(SCHEDULE_FINISH_AT) = ?)
Hibernate: select user0_.user_id as user_id1_21_0_, user0_.character_id as characte7_21_0_, user0_.user_created_at as user_cre2_21_0_, user0_.user_name as user_nam3_21_0_, user0_.user_phone_number as user_pho4_21_0_, user0_.user_user_id as user_use5_21_0_, user0_.user_user_password as user_use6_21_0_ from user user0_ where user0_.user_id=?
Hibernate: select character0_.character_id as characte1_6_0_, character0_.character_character_name as characte2_6_0_ from characters character0_ where character0_.character_id=?
Hibernate: SELECT * FROM SCHEDULE WHERE (YEAR(SCHEDULE_STARTED_AT) = ? AND MONTH(SCHEDULE_STARTED_AT) = ?) OR (YEAR(SCHEDULE_FINISH_AT) = ? AND MONTH(SCHEDULE_FINISH_AT) = ?)
Hibernate: select user0_.user_id as user_id1_21_0_, user0_.character_id as characte7_21_0_, user0_.user_created_at as user_cre2_21_0_, user0_.user_name as user_nam3_21_0_, user0_.user_phone_number as user_pho4_21_0_, user0_.user_user_id as user_use5_21_0_, user0_.user_user_password as user_use6_21_0_ from user user0_ where user0_.user_id=?
Hibernate: select character0_.character_id as characte1_6_0_, character0_.character_character_name as characte2_6_0_ from characters character0_ where character0_.character_id=?
Hibernate: SELECT * FROM SCHEDULE WHERE (YEAR(SCHEDULE_STARTED_AT) = ? AND MONTH(SCHEDULE_STARTED_AT) = ?) OR (YEAR(SCHEDULE_FINISH_AT) = ? AND MONTH(SCHEDULE_FINISH_AT) = ?)
Hibernate: select user0_.user_id as user_id1_21_0_, user0_.character_id as characte7_21_0_, user0_.user_created_at as user_cre2_21_0_, user0_.user_name as user_nam3_21_0_, user0_.user_phone_number as user_pho4_21_0_, user0_.user_user_id as user_use5_21_0_, user0_.user_user_password as user_use6_21_0_ from user user0_ where user0_.user_id=?
Hibernate: select character0_.character_id as characte1_6_0_, character0_.character_character_name as characte2_6_0_ from characters character0_ where character0_.character_id=?
Hibernate: SELECT * FROM SCHEDULE WHERE (YEAR(SCHEDULE_STARTED_AT) = ? AND MONTH(SCHEDULE_STARTED_AT) = ?) OR (YEAR(SCHEDULE_FINISH_AT) = ? AND MONTH(SCHEDULE_FINISH_AT) = ?)
Hibernate: select user0_.user_id as user_id1_21_0_, user0_.character_id as characte7_21_0_, user0_.user_created_at as user_cre2_21_0_, user0_.user_name as user_nam3_21_0_, user0_.user_phone_number as user_pho4_21_0_, user0_.user_user_id as user_use5_21_0_, user0_.user_user_password as user_use6_21_0_ from user user0_ where user0_.user_id=?
Hibernate: select character0_.character_id as characte1_6_0_, character0_.character_character_name as characte2_6_0_ from characters character0_ where character0_.character_id=?
Hibernate: SELECT * FROM SCHEDULE WHERE (YEAR(SCHEDULE_STARTED_AT) = ? AND MONTH(SCHEDULE_STARTED_AT) = ?) OR (YEAR(SCHEDULE_FINISH_AT) = ? AND MONTH(SCHEDULE_FINISH_AT) = ?)
Hibernate: select user0_.user_id as user_id1_21_0_, user0_.character_id as characte7_21_0_, user0_.user_created_at as user_cre2_21_0_, user0_.user_name as user_nam3_21_0_, user0_.user_phone_number as user_pho4_21_0_, user0_.user_user_id as user_use5_21_0_, user0_.user_user_password as user_use6_21_0_ from user user0_ where user0_.user_id=?
Hibernate: select character0_.character_id as characte1_6_0_, character0_.character_character_name as characte2_6_0_ from characters character0_ where character0_.character_id=?
Hibernate: SELECT * FROM SCHEDULE WHERE (YEAR(SCHEDULE_STARTED_AT) = ? AND MONTH(SCHEDULE_STARTED_AT) = ?) OR (YEAR(SCHEDULE_FINISH_AT) = ? AND MONTH(SCHEDULE_FINISH_AT) = ?)
Hibernate: select user0_.user_id as user_id1_21_0_, user0_.character_id as characte7_21_0_, user0_.user_created_at as user_cre2_21_0_, user0_.user_name as user_nam3_21_0_, user0_.user_phone_number as user_pho4_21_0_, user0_.user_user_id as user_use5_21_0_, user0_.user_user_password as user_use6_21_0_ from user user0_ where user0_.user_id=?
Hibernate: select character0_.character_id as characte1_6_0_, character0_.character_character_name as characte2_6_0_ from characters character0_ where character0_.character_id=?
Hibernate: SELECT * FROM SCHEDULE WHERE (YEAR(SCHEDULE_STARTED_AT) = ? AND MONTH(SCHEDULE_STARTED_AT) = ?) OR (YEAR(SCHEDULE_FINISH_AT) = ? AND MONTH(SCHEDULE_FINISH_AT) = ?)
Hibernate: select user0_.user_id as user_id1_21_0_, user0_.character_id as characte7_21_0_, user0_.user_created_at as user_cre2_21_0_, user0_.user_name as user_nam3_21_0_, user0_.user_phone_number as user_pho4_21_0_, user0_.user_user_id as user_use5_21_0_, user0_.user_user_password as user_use6_21_0_ from user user0_ where user0_.user_id=?
Hibernate: select character0_.character_id as characte1_6_0_, character0_.character_character_name as characte2_6_0_ from characters character0_ where character0_.character_id=?
Hibernate: SELECT * FROM SCHEDULE WHERE (YEAR(SCHEDULE_STARTED_AT) = ? AND MONTH(SCHEDULE_STARTED_AT) = ?) OR (YEAR(SCHEDULE_FINISH_AT) = ? AND MONTH(SCHEDULE_FINISH_AT) = ?)
Hibernate: select user0_.user_id as user_id1_21_0_, user0_.character_id as characte7_21_0_, user0_.user_created_at as user_cre2_21_0_, user0_.user_name as user_nam3_21_0_, user0_.user_phone_number as user_pho4_21_0_, user0_.user_user_id as user_use5_21_0_, user0_.user_user_password as user_use6_21_0_ from user user0_ where user0_.user_id=?
Hibernate: select character0_.character_id as characte1_6_0_, character0_.character_character_name as characte2_6_0_ from characters character0_ where character0_.character_id=?
Hibernate: SELECT * FROM SCHEDULE WHERE (YEAR(SCHEDULE_STARTED_AT) = ? AND MONTH(SCHEDULE_STARTED_AT) = ?) OR (YEAR(SCHEDULE_FINISH_AT) = ? AND MONTH(SCHEDULE_FINISH_AT) = ?)
Hibernate: select user0_.user_id as user_id1_21_0_, user0_.character_id as characte7_21_0_, user0_.user_created_at as user_cre2_21_0_, user0_.user_name as user_nam3_21_0_, user0_.user_phone_number as user_pho4_21_0_, user0_.user_user_id as user_use5_21_0_, user0_.user_user_password as user_use6_21_0_ from user user0_ where user0_.user_id=?
Hibernate: select character0_.character_id as characte1_6_0_, character0_.character_character_name as characte2_6_0_ from characters character0_ where character0_.character_id=?
Hibernate: SELECT * FROM SCHEDULE WHERE (YEAR(SCHEDULE_STARTED_AT) = ? AND MONTH(SCHEDULE_STARTED_AT) = ?) OR (YEAR(SCHEDULE_FINISH_AT) = ? AND MONTH(SCHEDULE_FINISH_AT) = ?)
Hibernate: select user0_.user_id as user_id1_21_0_, user0_.character_id as characte7_21_0_, user0_.user_created_at as user_cre2_21_0_, user0_.user_name as user_nam3_21_0_, user0_.user_phone_number as user_pho4_21_0_, user0_.user_user_id as user_use5_21_0_, user0_.user_user_password as user_use6_21_0_ from user user0_ where user0_.user_id=?
Hibernate: select character0_.character_id as characte1_6_0_, character0_.character_character_name as characte2_6_0_ from characters character0_ where character0_.character_id=?
Hibernate: SELECT * FROM SCHEDULE WHERE (YEAR(SCHEDULE_STARTED_AT) = ? AND MONTH(SCHEDULE_STARTED_AT) = ?) OR (YEAR(SCHEDULE_FINISH_AT) = ? AND MONTH(SCHEDULE_FINISH_AT) = ?)
Hibernate: select user0_.user_id as user_id1_21_0_, user0_.character_id as characte7_21_0_, user0_.user_created_at as user_cre2_21_0_, user0_.user_name as user_nam3_21_0_, user0_.user_phone_number as user_pho4_21_0_, user0_.user_user_id as user_use5_21_0_, user0_.user_user_password as user_use6_21_0_ from user user0_ where user0_.user_id=?
Hibernate: select character0_.character_id as characte1_6_0_, character0_.character_character_name as characte2_6_0_ from characters character0_ where character0_.character_id=?
Hibernate: SELECT * FROM SCHEDULE WHERE (YEAR(SCHEDULE_STARTED_AT) = ? AND MONTH(SCHEDULE_STARTED_AT) = ?) OR (YEAR(SCHEDULE_FINISH_AT) = ? AND MONTH(SCHEDULE_FINISH_AT) = ?)
Hibernate: select user0_.user_id as col_0_0_ from user user0_ where user0_.user_user_id=? limit ?
Hibernate: select user0_.user_id as col_0_0_ from user user0_ where user0_.user_user_id=? limit ?
Hibernate: select U.* from USER U where U.USER_USER_ID =?
Hibernate: select character0_.character_id as characte1_6_0_, character0_.character_character_name as characte2_6_0_ from characters character0_ where character0_.character_id=?
Hibernate: select user0_.user_id as col_0_0_ from user user0_ where user0_.user_user_id=? limit ?
Hibernate: select user0_.user_id as col_0_0_ from user user0_ where user0_.user_user_id=? limit ?
Hibernate: select U.* from USER U where U.USER_USER_ID =?
Hibernate: select character0_.character_id as characte1_6_0_, character0_.character_character_name as characte2_6_0_ from characters character0_ where character0_.character_id=?
Hibernate: select user0_.user_id as user_id1_21_0_, user0_.character_id as characte7_21_0_, user0_.user_created_at as user_cre2_21_0_, user0_.user_name as user_nam3_21_0_, user0_.user_phone_number as user_pho4_21_0_, user0_.user_user_id as user_use5_21_0_, user0_.user_user_password as user_use6_21_0_ from user user0_ where user0_.user_id=?
Hibernate: select character0_.character_id as characte1_6_0_, character0_.character_character_name as characte2_6_0_ from characters character0_ where character0_.character_id=?
Hibernate: select count(*) as col_0_0_ from user user0_ where user0_.user_id=?
Hibernate: select character1_.character_id as characte1_6_, character1_.character_character_name as characte2_6_ from user user0_ inner join characters character1_ on user0_.character_id=character1_.character_id where user0_.user_id=?
Hibernate: select permission0_.character_id as characte6_12_0_, permission0_.permission_id as permissi1_12_0_, permission0_.permission_id as permissi1_12_1_, permission0_.character_id as characte6_12_1_, permission0_.permission_name as permissi2_12_1_, permission0_.permission_permission_unit_id as permissi3_12_1_, permission0_.permission_service as permissi4_12_1_, permission0_.permission_status as permissi5_12_1_ from permission permission0_ where permission0_.character_id=?
Hibernate: select schedule0_.schedule_id as schedule1_17_0_, schedule0_.schedule_finish_at as schedule2_17_0_, schedule0_.schedule_content as schedule3_17_0_, schedule0_.schedule_repeat_cycle as schedule4_17_0_, schedule0_.schedule_repeat_repeat_finish_at as schedule5_17_0_, schedule0_.schedule_title as schedule6_17_0_, schedule0_.schedule_started_at as schedule7_17_0_ from schedule schedule0_ where schedule0_.schedule_id=?
Hibernate: insert into schedule (schedule_id, schedule_finish_at, schedule_content, schedule_repeat_cycle, schedule_repeat_repeat_finish_at, schedule_title, schedule_started_at) values (default, ?, ?, ?, ?, ?, ?)
Hibernate: select user0_.user_id as user_id1_21_0_, user0_.character_id as characte7_21_0_, user0_.user_created_at as user_cre2_21_0_, user0_.user_name as user_nam3_21_0_, user0_.user_phone_number as user_pho4_21_0_, user0_.user_user_id as user_use5_21_0_, user0_.user_user_password as user_use6_21_0_ from user user0_ where user0_.user_id=?
Hibernate: select character0_.character_id as characte1_6_0_, character0_.character_character_name as characte2_6_0_ from characters character0_ where character0_.character_id=?
Hibernate: SELECT * FROM SCHEDULE WHERE (YEAR(SCHEDULE_STARTED_AT) = ? AND MONTH(SCHEDULE_STARTED_AT) = ?) OR (YEAR(SCHEDULE_FINISH_AT) = ? AND MONTH(SCHEDULE_FINISH_AT) = ?)
Hibernate: select user0_.user_id as user_id1_21_0_, user0_.character_id as characte7_21_0_, user0_.user_created_at as user_cre2_21_0_, user0_.user_name as user_nam3_21_0_, user0_.user_phone_number as user_pho4_21_0_, user0_.user_user_id as user_use5_21_0_, user0_.user_user_password as user_use6_21_0_ from user user0_ where user0_.user_id=?
Hibernate: select character0_.character_id as characte1_6_0_, character0_.character_character_name as characte2_6_0_ from characters character0_ where character0_.character_id=?
Hibernate: select count(*) as col_0_0_ from user user0_ where user0_.user_id=?
Hibernate: select character1_.character_id as characte1_6_, character1_.character_character_name as characte2_6_ from user user0_ inner join characters character1_ on user0_.character_id=character1_.character_id where user0_.user_id=?
Hibernate: select permission0_.character_id as characte6_12_0_, permission0_.permission_id as permissi1_12_0_, permission0_.permission_id as permissi1_12_1_, permission0_.character_id as characte6_12_1_, permission0_.permission_name as permissi2_12_1_, permission0_.permission_permission_unit_id as permissi3_12_1_, permission0_.permission_service as permissi4_12_1_, permission0_.permission_status as permissi5_12_1_ from permission permission0_ where permission0_.character_id=?
Hibernate: select count(*) as col_0_0_ from schedule schedule0_ where schedule0_.schedule_id=?

MockHttpServletRequest:
      HTTP Method = PUT
      Request URI = /schedule/4
       Parameters = {}
          Headers = [Content-Type:"application/json;charset=UTF-8", Accept:"application/json", Api-version:"1.0", Authorization:"Bearer eyJhbGciOiJIUzI1NiJ9.eyJzdWIiOiIxIiwiaWF0IjoxNjg3ODc3NDY4LCJleHAiOjE2ODc4ODEwNjh9.L4tO6_dDAW_EBZT75Jfu2R72X2bmpa30eKXBNOnKWzQ", Content-Length:"175"]
             Body = {"schedule_title":"seminar","schedule_content":"DFS","started_at":"2023-01-24T20:52","finish_at":"2023-01-31T23:59","repeat":{"cycle":0,"repeat_finish_at":"2023-12-31T23:59"}}
    Session Attrs = {}

Handler:
             Type = org.waldreg.controller.schedule.ScheduleController
           Method = org.waldreg.controller.schedule.ScheduleController#updateSchedule(int, ScheduleRequest)

Async:
    Async started = false
     Async result = null

Resolved Exception:
             Type = org.waldreg.schedule.exception.InvalidRepeatException

ModelAndView:
        View name = null
             View = null
            Model = null

FlashMap:
       Attributes = null

MockHttpServletResponse:
           Status = 400
    Error message = null
          Headers = [Vary:"Origin", "Access-Control-Request-Method", "Access-Control-Request-Headers", Api-version:"1.0", Content-Type:"application/json"]
     Content type = application/json
             Body = {"code":"SCHEDULE-405","messages":"Cycle cannot be less than or equal to zero, current cycle \"0\"","document_url":"docs.waldreg.org"}
    Forwarded URL = null
   Redirected URL = null
          Cookies = []
Hibernate: select user0_.user_id as col_0_0_ from user user0_ where user0_.user_user_id=? limit ?
Hibernate: select user0_.user_id as col_0_0_ from user user0_ where user0_.user_user_id=? limit ?
Hibernate: select U.* from USER U where U.USER_USER_ID =?
Hibernate: select character0_.character_id as characte1_6_0_, character0_.character_character_name as characte2_6_0_ from characters character0_ where character0_.character_id=?
Hibernate: select user0_.user_id as user_id1_21_0_, user0_.character_id as characte7_21_0_, user0_.user_created_at as user_cre2_21_0_, user0_.user_name as user_nam3_21_0_, user0_.user_phone_number as user_pho4_21_0_, user0_.user_user_id as user_use5_21_0_, user0_.user_user_password as user_use6_21_0_ from user user0_ where user0_.user_id=?
Hibernate: select character0_.character_id as characte1_6_0_, character0_.character_character_name as characte2_6_0_ from characters character0_ where character0_.character_id=?
Hibernate: SELECT * FROM SCHEDULE WHERE (YEAR(SCHEDULE_STARTED_AT) = ? AND MONTH(SCHEDULE_STARTED_AT) = ?) OR (YEAR(SCHEDULE_FINISH_AT) = ? AND MONTH(SCHEDULE_FINISH_AT) = ?)
Hibernate: select user0_.user_id as user_id1_21_0_, user0_.character_id as characte7_21_0_, user0_.user_created_at as user_cre2_21_0_, user0_.user_name as user_nam3_21_0_, user0_.user_phone_number as user_pho4_21_0_, user0_.user_user_id as user_use5_21_0_, user0_.user_user_password as user_use6_21_0_ from user user0_ where user0_.user_id=?
Hibernate: select character0_.character_id as characte1_6_0_, character0_.character_character_name as characte2_6_0_ from characters character0_ where character0_.character_id=?
Hibernate: select count(*) as col_0_0_ from user user0_ where user0_.user_id=?
Hibernate: select character1_.character_id as characte1_6_, character1_.character_character_name as characte2_6_ from user user0_ inner join characters character1_ on user0_.character_id=character1_.character_id where user0_.user_id=?
Hibernate: select permission0_.character_id as characte6_12_0_, permission0_.permission_id as permissi1_12_0_, permission0_.permission_id as permissi1_12_1_, permission0_.character_id as characte6_12_1_, permission0_.permission_name as permissi2_12_1_, permission0_.permission_permission_unit_id as permissi3_12_1_, permission0_.permission_service as permissi4_12_1_, permission0_.permission_status as permissi5_12_1_ from permission permission0_ where permission0_.character_id=?
Hibernate: select count(*) as col_0_0_ from schedule schedule0_ where schedule0_.schedule_id=?
Hibernate: select schedule0_.schedule_id as schedule1_17_0_, schedule0_.schedule_finish_at as schedule2_17_0_, schedule0_.schedule_content as schedule3_17_0_, schedule0_.schedule_repeat_cycle as schedule4_17_0_, schedule0_.schedule_repeat_repeat_finish_at as schedule5_17_0_, schedule0_.schedule_title as schedule6_17_0_, schedule0_.schedule_started_at as schedule7_17_0_ from schedule schedule0_ where schedule0_.schedule_id=?
Hibernate: delete from schedule where schedule_id=?
Hibernate: select user0_.user_id as user_id1_21_0_, user0_.character_id as characte7_21_0_, user0_.user_created_at as user_cre2_21_0_, user0_.user_name as user_nam3_21_0_, user0_.user_phone_number as user_pho4_21_0_, user0_.user_user_id as user_use5_21_0_, user0_.user_user_password as user_use6_21_0_ from user user0_ where user0_.user_id=?
Hibernate: select character0_.character_id as characte1_6_0_, character0_.character_character_name as characte2_6_0_ from characters character0_ where character0_.character_id=?
Hibernate: select count(*) as col_0_0_ from schedule schedule0_ where schedule0_.schedule_id=?
Hibernate: select user0_.user_id as user_id1_21_0_, user0_.character_id as characte7_21_0_, user0_.user_created_at as user_cre2_21_0_, user0_.user_name as user_nam3_21_0_, user0_.user_phone_number as user_pho4_21_0_, user0_.user_user_id as user_use5_21_0_, user0_.user_user_password as user_use6_21_0_ from user user0_ where user0_.user_id=?
Hibernate: select character0_.character_id as characte1_6_0_, character0_.character_character_name as characte2_6_0_ from characters character0_ where character0_.character_id=?
Hibernate: SELECT * FROM SCHEDULE WHERE (YEAR(SCHEDULE_STARTED_AT) = ? AND MONTH(SCHEDULE_STARTED_AT) = ?) OR (YEAR(SCHEDULE_FINISH_AT) = ? AND MONTH(SCHEDULE_FINISH_AT) = ?)
Hibernate: select user0_.user_id as user_id1_21_0_, user0_.character_id as characte7_21_0_, user0_.user_created_at as user_cre2_21_0_, user0_.user_name as user_nam3_21_0_, user0_.user_phone_number as user_pho4_21_0_, user0_.user_user_id as user_use5_21_0_, user0_.user_user_password as user_use6_21_0_ from user user0_ where user0_.user_id=?
Hibernate: select character0_.character_id as characte1_6_0_, character0_.character_character_name as characte2_6_0_ from characters character0_ where character0_.character_id=?
Hibernate: SELECT * FROM SCHEDULE WHERE (YEAR(SCHEDULE_STARTED_AT) = ? AND MONTH(SCHEDULE_STARTED_AT) = ?) OR (YEAR(SCHEDULE_FINISH_AT) = ? AND MONTH(SCHEDULE_FINISH_AT) = ?)
Hibernate: select user0_.user_id as user_id1_21_0_, user0_.character_id as characte7_21_0_, user0_.user_created_at as user_cre2_21_0_, user0_.user_name as user_nam3_21_0_, user0_.user_phone_number as user_pho4_21_0_, user0_.user_user_id as user_use5_21_0_, user0_.user_user_password as user_use6_21_0_ from user user0_ where user0_.user_id=?
Hibernate: select character0_.character_id as characte1_6_0_, character0_.character_character_name as characte2_6_0_ from characters character0_ where character0_.character_id=?
Hibernate: SELECT * FROM SCHEDULE WHERE (YEAR(SCHEDULE_STARTED_AT) = ? AND MONTH(SCHEDULE_STARTED_AT) = ?) OR (YEAR(SCHEDULE_FINISH_AT) = ? AND MONTH(SCHEDULE_FINISH_AT) = ?)
Hibernate: select user0_.user_id as user_id1_21_0_, user0_.character_id as characte7_21_0_, user0_.user_created_at as user_cre2_21_0_, user0_.user_name as user_nam3_21_0_, user0_.user_phone_number as user_pho4_21_0_, user0_.user_user_id as user_use5_21_0_, user0_.user_user_password as user_use6_21_0_ from user user0_ where user0_.user_id=?
Hibernate: select character0_.character_id as characte1_6_0_, character0_.character_character_name as characte2_6_0_ from characters character0_ where character0_.character_id=?
Hibernate: SELECT * FROM SCHEDULE WHERE (YEAR(SCHEDULE_STARTED_AT) = ? AND MONTH(SCHEDULE_STARTED_AT) = ?) OR (YEAR(SCHEDULE_FINISH_AT) = ? AND MONTH(SCHEDULE_FINISH_AT) = ?)
Hibernate: select user0_.user_id as user_id1_21_0_, user0_.character_id as characte7_21_0_, user0_.user_created_at as user_cre2_21_0_, user0_.user_name as user_nam3_21_0_, user0_.user_phone_number as user_pho4_21_0_, user0_.user_user_id as user_use5_21_0_, user0_.user_user_password as user_use6_21_0_ from user user0_ where user0_.user_id=?
Hibernate: select character0_.character_id as characte1_6_0_, character0_.character_character_name as characte2_6_0_ from characters character0_ where character0_.character_id=?
Hibernate: SELECT * FROM SCHEDULE WHERE (YEAR(SCHEDULE_STARTED_AT) = ? AND MONTH(SCHEDULE_STARTED_AT) = ?) OR (YEAR(SCHEDULE_FINISH_AT) = ? AND MONTH(SCHEDULE_FINISH_AT) = ?)
Hibernate: select user0_.user_id as user_id1_21_0_, user0_.character_id as characte7_21_0_, user0_.user_created_at as user_cre2_21_0_, user0_.user_name as user_nam3_21_0_, user0_.user_phone_number as user_pho4_21_0_, user0_.user_user_id as user_use5_21_0_, user0_.user_user_password as user_use6_21_0_ from user user0_ where user0_.user_id=?
Hibernate: select character0_.character_id as characte1_6_0_, character0_.character_character_name as characte2_6_0_ from characters character0_ where character0_.character_id=?
Hibernate: SELECT * FROM SCHEDULE WHERE (YEAR(SCHEDULE_STARTED_AT) = ? AND MONTH(SCHEDULE_STARTED_AT) = ?) OR (YEAR(SCHEDULE_FINISH_AT) = ? AND MONTH(SCHEDULE_FINISH_AT) = ?)
Hibernate: select user0_.user_id as user_id1_21_0_, user0_.character_id as characte7_21_0_, user0_.user_created_at as user_cre2_21_0_, user0_.user_name as user_nam3_21_0_, user0_.user_phone_number as user_pho4_21_0_, user0_.user_user_id as user_use5_21_0_, user0_.user_user_password as user_use6_21_0_ from user user0_ where user0_.user_id=?
Hibernate: select character0_.character_id as characte1_6_0_, character0_.character_character_name as characte2_6_0_ from characters character0_ where character0_.character_id=?
Hibernate: SELECT * FROM SCHEDULE WHERE (YEAR(SCHEDULE_STARTED_AT) = ? AND MONTH(SCHEDULE_STARTED_AT) = ?) OR (YEAR(SCHEDULE_FINISH_AT) = ? AND MONTH(SCHEDULE_FINISH_AT) = ?)
Hibernate: select user0_.user_id as user_id1_21_0_, user0_.character_id as characte7_21_0_, user0_.user_created_at as user_cre2_21_0_, user0_.user_name as user_nam3_21_0_, user0_.user_phone_number as user_pho4_21_0_, user0_.user_user_id as user_use5_21_0_, user0_.user_user_password as user_use6_21_0_ from user user0_ where user0_.user_id=?
Hibernate: select character0_.character_id as characte1_6_0_, character0_.character_character_name as characte2_6_0_ from characters character0_ where character0_.character_id=?
Hibernate: SELECT * FROM SCHEDULE WHERE (YEAR(SCHEDULE_STARTED_AT) = ? AND MONTH(SCHEDULE_STARTED_AT) = ?) OR (YEAR(SCHEDULE_FINISH_AT) = ? AND MONTH(SCHEDULE_FINISH_AT) = ?)
Hibernate: select user0_.user_id as user_id1_21_0_, user0_.character_id as characte7_21_0_, user0_.user_created_at as user_cre2_21_0_, user0_.user_name as user_nam3_21_0_, user0_.user_phone_number as user_pho4_21_0_, user0_.user_user_id as user_use5_21_0_, user0_.user_user_password as user_use6_21_0_ from user user0_ where user0_.user_id=?
Hibernate: select character0_.character_id as characte1_6_0_, character0_.character_character_name as characte2_6_0_ from characters character0_ where character0_.character_id=?
Hibernate: SELECT * FROM SCHEDULE WHERE (YEAR(SCHEDULE_STARTED_AT) = ? AND MONTH(SCHEDULE_STARTED_AT) = ?) OR (YEAR(SCHEDULE_FINISH_AT) = ? AND MONTH(SCHEDULE_FINISH_AT) = ?)
Hibernate: select user0_.user_id as user_id1_21_0_, user0_.character_id as characte7_21_0_, user0_.user_created_at as user_cre2_21_0_, user0_.user_name as user_nam3_21_0_, user0_.user_phone_number as user_pho4_21_0_, user0_.user_user_id as user_use5_21_0_, user0_.user_user_password as user_use6_21_0_ from user user0_ where user0_.user_id=?
Hibernate: select character0_.character_id as characte1_6_0_, character0_.character_character_name as characte2_6_0_ from characters character0_ where character0_.character_id=?
Hibernate: SELECT * FROM SCHEDULE WHERE (YEAR(SCHEDULE_STARTED_AT) = ? AND MONTH(SCHEDULE_STARTED_AT) = ?) OR (YEAR(SCHEDULE_FINISH_AT) = ? AND MONTH(SCHEDULE_FINISH_AT) = ?)
Hibernate: select user0_.user_id as user_id1_21_0_, user0_.character_id as characte7_21_0_, user0_.user_created_at as user_cre2_21_0_, user0_.user_name as user_nam3_21_0_, user0_.user_phone_number as user_pho4_21_0_, user0_.user_user_id as user_use5_21_0_, user0_.user_user_password as user_use6_21_0_ from user user0_ where user0_.user_id=?
Hibernate: select character0_.character_id as characte1_6_0_, character0_.character_character_name as characte2_6_0_ from characters character0_ where character0_.character_id=?
Hibernate: SELECT * FROM SCHEDULE WHERE (YEAR(SCHEDULE_STARTED_AT) = ? AND MONTH(SCHEDULE_STARTED_AT) = ?) OR (YEAR(SCHEDULE_FINISH_AT) = ? AND MONTH(SCHEDULE_FINISH_AT) = ?)
Hibernate: select user0_.user_id as col_0_0_ from user user0_ where user0_.user_user_id=? limit ?
Hibernate: select user0_.user_id as col_0_0_ from user user0_ where user0_.user_user_id=? limit ?
Hibernate: select U.* from USER U where U.USER_USER_ID =?
Hibernate: select character0_.character_id as characte1_6_0_, character0_.character_character_name as characte2_6_0_ from characters character0_ where character0_.character_id=?
Hibernate: select user0_.user_id as col_0_0_ from user user0_ where user0_.user_user_id=? limit ?
Hibernate: select user0_.user_id as col_0_0_ from user user0_ where user0_.user_user_id=? limit ?
Hibernate: select U.* from USER U where U.USER_USER_ID =?
Hibernate: select character0_.character_id as characte1_6_0_, character0_.character_character_name as characte2_6_0_ from characters character0_ where character0_.character_id=?
Hibernate: select user0_.user_id as user_id1_21_0_, user0_.character_id as characte7_21_0_, user0_.user_created_at as user_cre2_21_0_, user0_.user_name as user_nam3_21_0_, user0_.user_phone_number as user_pho4_21_0_, user0_.user_user_id as user_use5_21_0_, user0_.user_user_password as user_use6_21_0_ from user user0_ where user0_.user_id=?
Hibernate: select character0_.character_id as characte1_6_0_, character0_.character_character_name as characte2_6_0_ from characters character0_ where character0_.character_id=?
Hibernate: SELECT * FROM SCHEDULE WHERE (YEAR(SCHEDULE_STARTED_AT) = ? AND MONTH(SCHEDULE_STARTED_AT) = ?) OR (YEAR(SCHEDULE_FINISH_AT) = ? AND MONTH(SCHEDULE_FINISH_AT) = ?)
Hibernate: select user0_.user_id as user_id1_21_0_, user0_.character_id as characte7_21_0_, user0_.user_created_at as user_cre2_21_0_, user0_.user_name as user_nam3_21_0_, user0_.user_phone_number as user_pho4_21_0_, user0_.user_user_id as user_use5_21_0_, user0_.user_user_password as user_use6_21_0_ from user user0_ where user0_.user_id=?
Hibernate: select character0_.character_id as characte1_6_0_, character0_.character_character_name as characte2_6_0_ from characters character0_ where character0_.character_id=?
Hibernate: SELECT * FROM SCHEDULE WHERE (YEAR(SCHEDULE_STARTED_AT) = ? AND MONTH(SCHEDULE_STARTED_AT) = ?) OR (YEAR(SCHEDULE_FINISH_AT) = ? AND MONTH(SCHEDULE_FINISH_AT) = ?)
Hibernate: select user0_.user_id as user_id1_21_0_, user0_.character_id as characte7_21_0_, user0_.user_created_at as user_cre2_21_0_, user0_.user_name as user_nam3_21_0_, user0_.user_phone_number as user_pho4_21_0_, user0_.user_user_id as user_use5_21_0_, user0_.user_user_password as user_use6_21_0_ from user user0_ where user0_.user_id=?
Hibernate: select character0_.character_id as characte1_6_0_, character0_.character_character_name as characte2_6_0_ from characters character0_ where character0_.character_id=?
Hibernate: SELECT * FROM SCHEDULE WHERE (YEAR(SCHEDULE_STARTED_AT) = ? AND MONTH(SCHEDULE_STARTED_AT) = ?) OR (YEAR(SCHEDULE_FINISH_AT) = ? AND MONTH(SCHEDULE_FINISH_AT) = ?)
Hibernate: select user0_.user_id as user_id1_21_0_, user0_.character_id as characte7_21_0_, user0_.user_created_at as user_cre2_21_0_, user0_.user_name as user_nam3_21_0_, user0_.user_phone_number as user_pho4_21_0_, user0_.user_user_id as user_use5_21_0_, user0_.user_user_password as user_use6_21_0_ from user user0_ where user0_.user_id=?
Hibernate: select character0_.character_id as characte1_6_0_, character0_.character_character_name as characte2_6_0_ from characters character0_ where character0_.character_id=?
Hibernate: SELECT * FROM SCHEDULE WHERE (YEAR(SCHEDULE_STARTED_AT) = ? AND MONTH(SCHEDULE_STARTED_AT) = ?) OR (YEAR(SCHEDULE_FINISH_AT) = ? AND MONTH(SCHEDULE_FINISH_AT) = ?)
Hibernate: select user0_.user_id as user_id1_21_0_, user0_.character_id as characte7_21_0_, user0_.user_created_at as user_cre2_21_0_, user0_.user_name as user_nam3_21_0_, user0_.user_phone_number as user_pho4_21_0_, user0_.user_user_id as user_use5_21_0_, user0_.user_user_password as user_use6_21_0_ from user user0_ where user0_.user_id=?
Hibernate: select character0_.character_id as characte1_6_0_, character0_.character_character_name as characte2_6_0_ from characters character0_ where character0_.character_id=?
Hibernate: SELECT * FROM SCHEDULE WHERE (YEAR(SCHEDULE_STARTED_AT) = ? AND MONTH(SCHEDULE_STARTED_AT) = ?) OR (YEAR(SCHEDULE_FINISH_AT) = ? AND MONTH(SCHEDULE_FINISH_AT) = ?)
Hibernate: select user0_.user_id as user_id1_21_0_, user0_.character_id as characte7_21_0_, user0_.user_created_at as user_cre2_21_0_, user0_.user_name as user_nam3_21_0_, user0_.user_phone_number as user_pho4_21_0_, user0_.user_user_id as user_use5_21_0_, user0_.user_user_password as user_use6_21_0_ from user user0_ where user0_.user_id=?
Hibernate: select character0_.character_id as characte1_6_0_, character0_.character_character_name as characte2_6_0_ from characters character0_ where character0_.character_id=?
Hibernate: SELECT * FROM SCHEDULE WHERE (YEAR(SCHEDULE_STARTED_AT) = ? AND MONTH(SCHEDULE_STARTED_AT) = ?) OR (YEAR(SCHEDULE_FINISH_AT) = ? AND MONTH(SCHEDULE_FINISH_AT) = ?)
Hibernate: select user0_.user_id as user_id1_21_0_, user0_.character_id as characte7_21_0_, user0_.user_created_at as user_cre2_21_0_, user0_.user_name as user_nam3_21_0_, user0_.user_phone_number as user_pho4_21_0_, user0_.user_user_id as user_use5_21_0_, user0_.user_user_password as user_use6_21_0_ from user user0_ where user0_.user_id=?
Hibernate: select character0_.character_id as characte1_6_0_, character0_.character_character_name as characte2_6_0_ from characters character0_ where character0_.character_id=?
Hibernate: SELECT * FROM SCHEDULE WHERE (YEAR(SCHEDULE_STARTED_AT) = ? AND MONTH(SCHEDULE_STARTED_AT) = ?) OR (YEAR(SCHEDULE_FINISH_AT) = ? AND MONTH(SCHEDULE_FINISH_AT) = ?)
Hibernate: select user0_.user_id as user_id1_21_0_, user0_.character_id as characte7_21_0_, user0_.user_created_at as user_cre2_21_0_, user0_.user_name as user_nam3_21_0_, user0_.user_phone_number as user_pho4_21_0_, user0_.user_user_id as user_use5_21_0_, user0_.user_user_password as user_use6_21_0_ from user user0_ where user0_.user_id=?
Hibernate: select character0_.character_id as characte1_6_0_, character0_.character_character_name as characte2_6_0_ from characters character0_ where character0_.character_id=?
Hibernate: SELECT * FROM SCHEDULE WHERE (YEAR(SCHEDULE_STARTED_AT) = ? AND MONTH(SCHEDULE_STARTED_AT) = ?) OR (YEAR(SCHEDULE_FINISH_AT) = ? AND MONTH(SCHEDULE_FINISH_AT) = ?)
Hibernate: select user0_.user_id as user_id1_21_0_, user0_.character_id as characte7_21_0_, user0_.user_created_at as user_cre2_21_0_, user0_.user_name as user_nam3_21_0_, user0_.user_phone_number as user_pho4_21_0_, user0_.user_user_id as user_use5_21_0_, user0_.user_user_password as user_use6_21_0_ from user user0_ where user0_.user_id=?
Hibernate: select character0_.character_id as characte1_6_0_, character0_.character_character_name as characte2_6_0_ from characters character0_ where character0_.character_id=?
Hibernate: SELECT * FROM SCHEDULE WHERE (YEAR(SCHEDULE_STARTED_AT) = ? AND MONTH(SCHEDULE_STARTED_AT) = ?) OR (YEAR(SCHEDULE_FINISH_AT) = ? AND MONTH(SCHEDULE_FINISH_AT) = ?)
Hibernate: select user0_.user_id as user_id1_21_0_, user0_.character_id as characte7_21_0_, user0_.user_created_at as user_cre2_21_0_, user0_.user_name as user_nam3_21_0_, user0_.user_phone_number as user_pho4_21_0_, user0_.user_user_id as user_use5_21_0_, user0_.user_user_password as user_use6_21_0_ from user user0_ where user0_.user_id=?
Hibernate: select character0_.character_id as characte1_6_0_, character0_.character_character_name as characte2_6_0_ from characters character0_ where character0_.character_id=?
Hibernate: SELECT * FROM SCHEDULE WHERE (YEAR(SCHEDULE_STARTED_AT) = ? AND MONTH(SCHEDULE_STARTED_AT) = ?) OR (YEAR(SCHEDULE_FINISH_AT) = ? AND MONTH(SCHEDULE_FINISH_AT) = ?)
Hibernate: select user0_.user_id as user_id1_21_0_, user0_.character_id as characte7_21_0_, user0_.user_created_at as user_cre2_21_0_, user0_.user_name as user_nam3_21_0_, user0_.user_phone_number as user_pho4_21_0_, user0_.user_user_id as user_use5_21_0_, user0_.user_user_password as user_use6_21_0_ from user user0_ where user0_.user_id=?
Hibernate: select character0_.character_id as characte1_6_0_, character0_.character_character_name as characte2_6_0_ from characters character0_ where character0_.character_id=?
Hibernate: SELECT * FROM SCHEDULE WHERE (YEAR(SCHEDULE_STARTED_AT) = ? AND MONTH(SCHEDULE_STARTED_AT) = ?) OR (YEAR(SCHEDULE_FINISH_AT) = ? AND MONTH(SCHEDULE_FINISH_AT) = ?)
Hibernate: select user0_.user_id as user_id1_21_0_, user0_.character_id as characte7_21_0_, user0_.user_created_at as user_cre2_21_0_, user0_.user_name as user_nam3_21_0_, user0_.user_phone_number as user_pho4_21_0_, user0_.user_user_id as user_use5_21_0_, user0_.user_user_password as user_use6_21_0_ from user user0_ where user0_.user_id=?
Hibernate: select character0_.character_id as characte1_6_0_, character0_.character_character_name as characte2_6_0_ from characters character0_ where character0_.character_id=?
Hibernate: SELECT * FROM SCHEDULE WHERE (YEAR(SCHEDULE_STARTED_AT) = ? AND MONTH(SCHEDULE_STARTED_AT) = ?) OR (YEAR(SCHEDULE_FINISH_AT) = ? AND MONTH(SCHEDULE_FINISH_AT) = ?)
Hibernate: select user0_.user_id as col_0_0_ from user user0_ where user0_.user_user_id=? limit ?
Hibernate: select user0_.user_id as col_0_0_ from user user0_ where user0_.user_user_id=? limit ?
Hibernate: select U.* from USER U where U.USER_USER_ID =?
Hibernate: select character0_.character_id as characte1_6_0_, character0_.character_character_name as characte2_6_0_ from characters character0_ where character0_.character_id=?
Hibernate: select user0_.user_id as col_0_0_ from user user0_ where user0_.user_user_id=? limit ?
Hibernate: select user0_.user_id as col_0_0_ from user user0_ where user0_.user_user_id=? limit ?
Hibernate: select U.* from USER U where U.USER_USER_ID =?
Hibernate: select character0_.character_id as characte1_6_0_, character0_.character_character_name as characte2_6_0_ from characters character0_ where character0_.character_id=?
Hibernate: select user0_.user_id as user_id1_21_0_, user0_.character_id as characte7_21_0_, user0_.user_created_at as user_cre2_21_0_, user0_.user_name as user_nam3_21_0_, user0_.user_phone_number as user_pho4_21_0_, user0_.user_user_id as user_use5_21_0_, user0_.user_user_password as user_use6_21_0_ from user user0_ where user0_.user_id=?
Hibernate: select character0_.character_id as characte1_6_0_, character0_.character_character_name as characte2_6_0_ from characters character0_ where character0_.character_id=?
Hibernate: select count(*) as col_0_0_ from user user0_ where user0_.user_id=?
Hibernate: select character1_.character_id as characte1_6_, character1_.character_character_name as characte2_6_ from user user0_ inner join characters character1_ on user0_.character_id=character1_.character_id where user0_.user_id=?
Hibernate: select permission0_.character_id as characte6_12_0_, permission0_.permission_id as permissi1_12_0_, permission0_.permission_id as permissi1_12_1_, permission0_.character_id as characte6_12_1_, permission0_.permission_name as permissi2_12_1_, permission0_.permission_permission_unit_id as permissi3_12_1_, permission0_.permission_service as permissi4_12_1_, permission0_.permission_status as permissi5_12_1_ from permission permission0_ where permission0_.character_id=?
Hibernate: select schedule0_.schedule_id as schedule1_17_0_, schedule0_.schedule_finish_at as schedule2_17_0_, schedule0_.schedule_content as schedule3_17_0_, schedule0_.schedule_repeat_cycle as schedule4_17_0_, schedule0_.schedule_repeat_repeat_finish_at as schedule5_17_0_, schedule0_.schedule_title as schedule6_17_0_, schedule0_.schedule_started_at as schedule7_17_0_ from schedule schedule0_ where schedule0_.schedule_id=?
Hibernate: insert into schedule (schedule_id, schedule_finish_at, schedule_content, schedule_repeat_cycle, schedule_repeat_repeat_finish_at, schedule_title, schedule_started_at) values (default, ?, ?, ?, ?, ?, ?)
Hibernate: select user0_.user_id as user_id1_21_0_, user0_.character_id as characte7_21_0_, user0_.user_created_at as user_cre2_21_0_, user0_.user_name as user_nam3_21_0_, user0_.user_phone_number as user_pho4_21_0_, user0_.user_user_id as user_use5_21_0_, user0_.user_user_password as user_use6_21_0_ from user user0_ where user0_.user_id=?
Hibernate: select character0_.character_id as characte1_6_0_, character0_.character_character_name as characte2_6_0_ from characters character0_ where character0_.character_id=?
Hibernate: select count(*) as col_0_0_ from user user0_ where user0_.user_id=?
Hibernate: select character1_.character_id as characte1_6_, character1_.character_character_name as characte2_6_ from user user0_ inner join characters character1_ on user0_.character_id=character1_.character_id where user0_.user_id=?
Hibernate: select permission0_.character_id as characte6_12_0_, permission0_.permission_id as permissi1_12_0_, permission0_.permission_id as permissi1_12_1_, permission0_.character_id as characte6_12_1_, permission0_.permission_name as permissi2_12_1_, permission0_.permission_permission_unit_id as permissi3_12_1_, permission0_.permission_service as permissi4_12_1_, permission0_.permission_status as permissi5_12_1_ from permission permission0_ where permission0_.character_id=?
Hibernate: select schedule0_.schedule_id as schedule1_17_0_, schedule0_.schedule_finish_at as schedule2_17_0_, schedule0_.schedule_content as schedule3_17_0_, schedule0_.schedule_repeat_cycle as schedule4_17_0_, schedule0_.schedule_repeat_repeat_finish_at as schedule5_17_0_, schedule0_.schedule_title as schedule6_17_0_, schedule0_.schedule_started_at as schedule7_17_0_ from schedule schedule0_ where schedule0_.schedule_id=?
Hibernate: insert into schedule (schedule_id, schedule_finish_at, schedule_content, schedule_repeat_cycle, schedule_repeat_repeat_finish_at, schedule_title, schedule_started_at) values (default, ?, ?, ?, ?, ?, ?)
Hibernate: select user0_.user_id as user_id1_21_0_, user0_.character_id as characte7_21_0_, user0_.user_created_at as user_cre2_21_0_, user0_.user_name as user_nam3_21_0_, user0_.user_phone_number as user_pho4_21_0_, user0_.user_user_id as user_use5_21_0_, user0_.user_user_password as user_use6_21_0_ from user user0_ where user0_.user_id=?
Hibernate: select character0_.character_id as characte1_6_0_, character0_.character_character_name as characte2_6_0_ from characters character0_ where character0_.character_id=?
Hibernate: select count(*) as col_0_0_ from user user0_ where user0_.user_id=?
Hibernate: select character1_.character_id as characte1_6_, character1_.character_character_name as characte2_6_ from user user0_ inner join characters character1_ on user0_.character_id=character1_.character_id where user0_.user_id=?
Hibernate: select permission0_.character_id as characte6_12_0_, permission0_.permission_id as permissi1_12_0_, permission0_.permission_id as permissi1_12_1_, permission0_.character_id as characte6_12_1_, permission0_.permission_name as permissi2_12_1_, permission0_.permission_permission_unit_id as permissi3_12_1_, permission0_.permission_service as permissi4_12_1_, permission0_.permission_status as permissi5_12_1_ from permission permission0_ where permission0_.character_id=?
Hibernate: select schedule0_.schedule_id as schedule1_17_0_, schedule0_.schedule_finish_at as schedule2_17_0_, schedule0_.schedule_content as schedule3_17_0_, schedule0_.schedule_repeat_cycle as schedule4_17_0_, schedule0_.schedule_repeat_repeat_finish_at as schedule5_17_0_, schedule0_.schedule_title as schedule6_17_0_, schedule0_.schedule_started_at as schedule7_17_0_ from schedule schedule0_ where schedule0_.schedule_id=?
Hibernate: insert into schedule (schedule_id, schedule_finish_at, schedule_content, schedule_repeat_cycle, schedule_repeat_repeat_finish_at, schedule_title, schedule_started_at) values (default, ?, ?, ?, ?, ?, ?)
Hibernate: select user0_.user_id as user_id1_21_0_, user0_.character_id as characte7_21_0_, user0_.user_created_at as user_cre2_21_0_, user0_.user_name as user_nam3_21_0_, user0_.user_phone_number as user_pho4_21_0_, user0_.user_user_id as user_use5_21_0_, user0_.user_user_password as user_use6_21_0_ from user user0_ where user0_.user_id=?
Hibernate: select character0_.character_id as characte1_6_0_, character0_.character_character_name as characte2_6_0_ from characters character0_ where character0_.character_id=?

MockHttpServletRequest:
      HTTP Method = GET
      Request URI = /calendar
       Parameters = {year=[1999], month=[12]}
          Headers = [Accept:"application/json", Api-version:"1.0", Authorization:"Bearer eyJhbGciOiJIUzI1NiJ9.eyJzdWIiOiIxIiwiaWF0IjoxNjg3ODc3NDY4LCJleHAiOjE2ODc4ODEwNjh9.L4tO6_dDAW_EBZT75Jfu2R72X2bmpa30eKXBNOnKWzQ"]
             Body = null
    Session Attrs = {}

Handler:
             Type = org.waldreg.controller.schedule.ScheduleController
           Method = org.waldreg.controller.schedule.ScheduleController#readScheduleByTerm(int, int)

Async:
    Async started = false
     Async result = null

Resolved Exception:
             Type = org.waldreg.schedule.exception.InvalidDateFormatException

ModelAndView:
        View name = null
             View = null
            Model = null

FlashMap:
       Attributes = null

MockHttpServletResponse:
           Status = 400
    Error message = null
          Headers = [Vary:"Origin", "Access-Control-Request-Method", "Access-Control-Request-Headers", Api-version:"1.0", Content-Type:"application/json"]
     Content type = application/json
             Body = {"code":"SCHEDULE-400","messages":"Year cannot be under 2000 current year \"1999\"","document_url":"docs.waldreg.org"}
    Forwarded URL = null
   Redirected URL = null
          Cookies = []
Hibernate: select user0_.user_id as col_0_0_ from user user0_ where user0_.user_user_id=? limit ?
Hibernate: select user0_.user_id as col_0_0_ from user user0_ where user0_.user_user_id=? limit ?
Hibernate: select U.* from USER U where U.USER_USER_ID =?
Hibernate: select character0_.character_id as characte1_6_0_, character0_.character_character_name as characte2_6_0_ from characters character0_ where character0_.character_id=?
Hibernate: select user0_.user_id as user_id1_21_0_, user0_.character_id as characte7_21_0_, user0_.user_created_at as user_cre2_21_0_, user0_.user_name as user_nam3_21_0_, user0_.user_phone_number as user_pho4_21_0_, user0_.user_user_id as user_use5_21_0_, user0_.user_user_password as user_use6_21_0_ from user user0_ where user0_.user_id=?
Hibernate: select character0_.character_id as characte1_6_0_, character0_.character_character_name as characte2_6_0_ from characters character0_ where character0_.character_id=?
Hibernate: SELECT * FROM SCHEDULE WHERE (YEAR(SCHEDULE_STARTED_AT) = ? AND MONTH(SCHEDULE_STARTED_AT) = ?) OR (YEAR(SCHEDULE_FINISH_AT) = ? AND MONTH(SCHEDULE_FINISH_AT) = ?)
Hibernate: select user0_.user_id as user_id1_21_0_, user0_.character_id as characte7_21_0_, user0_.user_created_at as user_cre2_21_0_, user0_.user_name as user_nam3_21_0_, user0_.user_phone_number as user_pho4_21_0_, user0_.user_user_id as user_use5_21_0_, user0_.user_user_password as user_use6_21_0_ from user user0_ where user0_.user_id=?
Hibernate: select character0_.character_id as characte1_6_0_, character0_.character_character_name as characte2_6_0_ from characters character0_ where character0_.character_id=?
Hibernate: select count(*) as col_0_0_ from user user0_ where user0_.user_id=?
Hibernate: select character1_.character_id as characte1_6_, character1_.character_character_name as characte2_6_ from user user0_ inner join characters character1_ on user0_.character_id=character1_.character_id where user0_.user_id=?
Hibernate: select permission0_.character_id as characte6_12_0_, permission0_.permission_id as permissi1_12_0_, permission0_.permission_id as permissi1_12_1_, permission0_.character_id as characte6_12_1_, permission0_.permission_name as permissi2_12_1_, permission0_.permission_permission_unit_id as permissi3_12_1_, permission0_.permission_service as permissi4_12_1_, permission0_.permission_status as permissi5_12_1_ from permission permission0_ where permission0_.character_id=?
Hibernate: select count(*) as col_0_0_ from schedule schedule0_ where schedule0_.schedule_id=?
Hibernate: select schedule0_.schedule_id as schedule1_17_0_, schedule0_.schedule_finish_at as schedule2_17_0_, schedule0_.schedule_content as schedule3_17_0_, schedule0_.schedule_repeat_cycle as schedule4_17_0_, schedule0_.schedule_repeat_repeat_finish_at as schedule5_17_0_, schedule0_.schedule_title as schedule6_17_0_, schedule0_.schedule_started_at as schedule7_17_0_ from schedule schedule0_ where schedule0_.schedule_id=?
Hibernate: delete from schedule where schedule_id=?
Hibernate: select user0_.user_id as user_id1_21_0_, user0_.character_id as characte7_21_0_, user0_.user_created_at as user_cre2_21_0_, user0_.user_name as user_nam3_21_0_, user0_.user_phone_number as user_pho4_21_0_, user0_.user_user_id as user_use5_21_0_, user0_.user_user_password as user_use6_21_0_ from user user0_ where user0_.user_id=?
Hibernate: select character0_.character_id as characte1_6_0_, character0_.character_character_name as characte2_6_0_ from characters character0_ where character0_.character_id=?
Hibernate: select count(*) as col_0_0_ from schedule schedule0_ where schedule0_.schedule_id=?
Hibernate: select user0_.user_id as user_id1_21_0_, user0_.character_id as characte7_21_0_, user0_.user_created_at as user_cre2_21_0_, user0_.user_name as user_nam3_21_0_, user0_.user_phone_number as user_pho4_21_0_, user0_.user_user_id as user_use5_21_0_, user0_.user_user_password as user_use6_21_0_ from user user0_ where user0_.user_id=?
Hibernate: select character0_.character_id as characte1_6_0_, character0_.character_character_name as characte2_6_0_ from characters character0_ where character0_.character_id=?
Hibernate: select count(*) as col_0_0_ from user user0_ where user0_.user_id=?
Hibernate: select character1_.character_id as characte1_6_, character1_.character_character_name as characte2_6_ from user user0_ inner join characters character1_ on user0_.character_id=character1_.character_id where user0_.user_id=?
Hibernate: select permission0_.character_id as characte6_12_0_, permission0_.permission_id as permissi1_12_0_, permission0_.permission_id as permissi1_12_1_, permission0_.character_id as characte6_12_1_, permission0_.permission_name as permissi2_12_1_, permission0_.permission_permission_unit_id as permissi3_12_1_, permission0_.permission_service as permissi4_12_1_, permission0_.permission_status as permissi5_12_1_ from permission permission0_ where permission0_.character_id=?
Hibernate: select count(*) as col_0_0_ from schedule schedule0_ where schedule0_.schedule_id=?
Hibernate: select schedule0_.schedule_id as schedule1_17_0_, schedule0_.schedule_finish_at as schedule2_17_0_, schedule0_.schedule_content as schedule3_17_0_, schedule0_.schedule_repeat_cycle as schedule4_17_0_, schedule0_.schedule_repeat_repeat_finish_at as schedule5_17_0_, schedule0_.schedule_title as schedule6_17_0_, schedule0_.schedule_started_at as schedule7_17_0_ from schedule schedule0_ where schedule0_.schedule_id=?
Hibernate: delete from schedule where schedule_id=?
Hibernate: select user0_.user_id as user_id1_21_0_, user0_.character_id as characte7_21_0_, user0_.user_created_at as user_cre2_21_0_, user0_.user_name as user_nam3_21_0_, user0_.user_phone_number as user_pho4_21_0_, user0_.user_user_id as user_use5_21_0_, user0_.user_user_password as user_use6_21_0_ from user user0_ where user0_.user_id=?
Hibernate: select character0_.character_id as characte1_6_0_, character0_.character_character_name as characte2_6_0_ from characters character0_ where character0_.character_id=?
Hibernate: select count(*) as col_0_0_ from schedule schedule0_ where schedule0_.schedule_id=?
Hibernate: select user0_.user_id as user_id1_21_0_, user0_.character_id as characte7_21_0_, user0_.user_created_at as user_cre2_21_0_, user0_.user_name as user_nam3_21_0_, user0_.user_phone_number as user_pho4_21_0_, user0_.user_user_id as user_use5_21_0_, user0_.user_user_password as user_use6_21_0_ from user user0_ where user0_.user_id=?
Hibernate: select character0_.character_id as characte1_6_0_, character0_.character_character_name as characte2_6_0_ from characters character0_ where character0_.character_id=?
Hibernate: SELECT * FROM SCHEDULE WHERE (YEAR(SCHEDULE_STARTED_AT) = ? AND MONTH(SCHEDULE_STARTED_AT) = ?) OR (YEAR(SCHEDULE_FINISH_AT) = ? AND MONTH(SCHEDULE_FINISH_AT) = ?)
Hibernate: select user0_.user_id as user_id1_21_0_, user0_.character_id as characte7_21_0_, user0_.user_created_at as user_cre2_21_0_, user0_.user_name as user_nam3_21_0_, user0_.user_phone_number as user_pho4_21_0_, user0_.user_user_id as user_use5_21_0_, user0_.user_user_password as user_use6_21_0_ from user user0_ where user0_.user_id=?
Hibernate: select character0_.character_id as characte1_6_0_, character0_.character_character_name as characte2_6_0_ from characters character0_ where character0_.character_id=?
Hibernate: select count(*) as col_0_0_ from user user0_ where user0_.user_id=?
Hibernate: select character1_.character_id as characte1_6_, character1_.character_character_name as characte2_6_ from user user0_ inner join characters character1_ on user0_.character_id=character1_.character_id where user0_.user_id=?
Hibernate: select permission0_.character_id as characte6_12_0_, permission0_.permission_id as permissi1_12_0_, permission0_.permission_id as permissi1_12_1_, permission0_.character_id as characte6_12_1_, permission0_.permission_name as permissi2_12_1_, permission0_.permission_permission_unit_id as permissi3_12_1_, permission0_.permission_service as permissi4_12_1_, permission0_.permission_status as permissi5_12_1_ from permission permission0_ where permission0_.character_id=?
Hibernate: select count(*) as col_0_0_ from schedule schedule0_ where schedule0_.schedule_id=?
Hibernate: select schedule0_.schedule_id as schedule1_17_0_, schedule0_.schedule_finish_at as schedule2_17_0_, schedule0_.schedule_content as schedule3_17_0_, schedule0_.schedule_repeat_cycle as schedule4_17_0_, schedule0_.schedule_repeat_repeat_finish_at as schedule5_17_0_, schedule0_.schedule_title as schedule6_17_0_, schedule0_.schedule_started_at as schedule7_17_0_ from schedule schedule0_ where schedule0_.schedule_id=?
Hibernate: delete from schedule where schedule_id=?
Hibernate: select user0_.user_id as user_id1_21_0_, user0_.character_id as characte7_21_0_, user0_.user_created_at as user_cre2_21_0_, user0_.user_name as user_nam3_21_0_, user0_.user_phone_number as user_pho4_21_0_, user0_.user_user_id as user_use5_21_0_, user0_.user_user_password as user_use6_21_0_ from user user0_ where user0_.user_id=?
Hibernate: select character0_.character_id as characte1_6_0_, character0_.character_character_name as characte2_6_0_ from characters character0_ where character0_.character_id=?
Hibernate: select count(*) as col_0_0_ from schedule schedule0_ where schedule0_.schedule_id=?
Hibernate: select user0_.user_id as user_id1_21_0_, user0_.character_id as characte7_21_0_, user0_.user_created_at as user_cre2_21_0_, user0_.user_name as user_nam3_21_0_, user0_.user_phone_number as user_pho4_21_0_, user0_.user_user_id as user_use5_21_0_, user0_.user_user_password as user_use6_21_0_ from user user0_ where user0_.user_id=?
Hibernate: select character0_.character_id as characte1_6_0_, character0_.character_character_name as characte2_6_0_ from characters character0_ where character0_.character_id=?
Hibernate: SELECT * FROM SCHEDULE WHERE (YEAR(SCHEDULE_STARTED_AT) = ? AND MONTH(SCHEDULE_STARTED_AT) = ?) OR (YEAR(SCHEDULE_FINISH_AT) = ? AND MONTH(SCHEDULE_FINISH_AT) = ?)
Hibernate: select user0_.user_id as user_id1_21_0_, user0_.character_id as characte7_21_0_, user0_.user_created_at as user_cre2_21_0_, user0_.user_name as user_nam3_21_0_, user0_.user_phone_number as user_pho4_21_0_, user0_.user_user_id as user_use5_21_0_, user0_.user_user_password as user_use6_21_0_ from user user0_ where user0_.user_id=?
Hibernate: select character0_.character_id as characte1_6_0_, character0_.character_character_name as characte2_6_0_ from characters character0_ where character0_.character_id=?
Hibernate: SELECT * FROM SCHEDULE WHERE (YEAR(SCHEDULE_STARTED_AT) = ? AND MONTH(SCHEDULE_STARTED_AT) = ?) OR (YEAR(SCHEDULE_FINISH_AT) = ? AND MONTH(SCHEDULE_FINISH_AT) = ?)
Hibernate: select user0_.user_id as user_id1_21_0_, user0_.character_id as characte7_21_0_, user0_.user_created_at as user_cre2_21_0_, user0_.user_name as user_nam3_21_0_, user0_.user_phone_number as user_pho4_21_0_, user0_.user_user_id as user_use5_21_0_, user0_.user_user_password as user_use6_21_0_ from user user0_ where user0_.user_id=?
Hibernate: select character0_.character_id as characte1_6_0_, character0_.character_character_name as characte2_6_0_ from characters character0_ where character0_.character_id=?
Hibernate: SELECT * FROM SCHEDULE WHERE (YEAR(SCHEDULE_STARTED_AT) = ? AND MONTH(SCHEDULE_STARTED_AT) = ?) OR (YEAR(SCHEDULE_FINISH_AT) = ? AND MONTH(SCHEDULE_FINISH_AT) = ?)
Hibernate: select user0_.user_id as user_id1_21_0_, user0_.character_id as characte7_21_0_, user0_.user_created_at as user_cre2_21_0_, user0_.user_name as user_nam3_21_0_, user0_.user_phone_number as user_pho4_21_0_, user0_.user_user_id as user_use5_21_0_, user0_.user_user_password as user_use6_21_0_ from user user0_ where user0_.user_id=?
Hibernate: select character0_.character_id as characte1_6_0_, character0_.character_character_name as characte2_6_0_ from characters character0_ where character0_.character_id=?
Hibernate: SELECT * FROM SCHEDULE WHERE (YEAR(SCHEDULE_STARTED_AT) = ? AND MONTH(SCHEDULE_STARTED_AT) = ?) OR (YEAR(SCHEDULE_FINISH_AT) = ? AND MONTH(SCHEDULE_FINISH_AT) = ?)
Hibernate: select user0_.user_id as user_id1_21_0_, user0_.character_id as characte7_21_0_, user0_.user_created_at as user_cre2_21_0_, user0_.user_name as user_nam3_21_0_, user0_.user_phone_number as user_pho4_21_0_, user0_.user_user_id as user_use5_21_0_, user0_.user_user_password as user_use6_21_0_ from user user0_ where user0_.user_id=?
Hibernate: select character0_.character_id as characte1_6_0_, character0_.character_character_name as characte2_6_0_ from characters character0_ where character0_.character_id=?
Hibernate: SELECT * FROM SCHEDULE WHERE (YEAR(SCHEDULE_STARTED_AT) = ? AND MONTH(SCHEDULE_STARTED_AT) = ?) OR (YEAR(SCHEDULE_FINISH_AT) = ? AND MONTH(SCHEDULE_FINISH_AT) = ?)
Hibernate: select user0_.user_id as user_id1_21_0_, user0_.character_id as characte7_21_0_, user0_.user_created_at as user_cre2_21_0_, user0_.user_name as user_nam3_21_0_, user0_.user_phone_number as user_pho4_21_0_, user0_.user_user_id as user_use5_21_0_, user0_.user_user_password as user_use6_21_0_ from user user0_ where user0_.user_id=?
Hibernate: select character0_.character_id as characte1_6_0_, character0_.character_character_name as characte2_6_0_ from characters character0_ where character0_.character_id=?
Hibernate: SELECT * FROM SCHEDULE WHERE (YEAR(SCHEDULE_STARTED_AT) = ? AND MONTH(SCHEDULE_STARTED_AT) = ?) OR (YEAR(SCHEDULE_FINISH_AT) = ? AND MONTH(SCHEDULE_FINISH_AT) = ?)
Hibernate: select user0_.user_id as user_id1_21_0_, user0_.character_id as characte7_21_0_, user0_.user_created_at as user_cre2_21_0_, user0_.user_name as user_nam3_21_0_, user0_.user_phone_number as user_pho4_21_0_, user0_.user_user_id as user_use5_21_0_, user0_.user_user_password as user_use6_21_0_ from user user0_ where user0_.user_id=?
Hibernate: select character0_.character_id as characte1_6_0_, character0_.character_character_name as characte2_6_0_ from characters character0_ where character0_.character_id=?
Hibernate: SELECT * FROM SCHEDULE WHERE (YEAR(SCHEDULE_STARTED_AT) = ? AND MONTH(SCHEDULE_STARTED_AT) = ?) OR (YEAR(SCHEDULE_FINISH_AT) = ? AND MONTH(SCHEDULE_FINISH_AT) = ?)
Hibernate: select user0_.user_id as user_id1_21_0_, user0_.character_id as characte7_21_0_, user0_.user_created_at as user_cre2_21_0_, user0_.user_name as user_nam3_21_0_, user0_.user_phone_number as user_pho4_21_0_, user0_.user_user_id as user_use5_21_0_, user0_.user_user_password as user_use6_21_0_ from user user0_ where user0_.user_id=?
Hibernate: select character0_.character_id as characte1_6_0_, character0_.character_character_name as characte2_6_0_ from characters character0_ where character0_.character_id=?
Hibernate: SELECT * FROM SCHEDULE WHERE (YEAR(SCHEDULE_STARTED_AT) = ? AND MONTH(SCHEDULE_STARTED_AT) = ?) OR (YEAR(SCHEDULE_FINISH_AT) = ? AND MONTH(SCHEDULE_FINISH_AT) = ?)
Hibernate: select user0_.user_id as user_id1_21_0_, user0_.character_id as characte7_21_0_, user0_.user_created_at as user_cre2_21_0_, user0_.user_name as user_nam3_21_0_, user0_.user_phone_number as user_pho4_21_0_, user0_.user_user_id as user_use5_21_0_, user0_.user_user_password as user_use6_21_0_ from user user0_ where user0_.user_id=?
Hibernate: select character0_.character_id as characte1_6_0_, character0_.character_character_name as characte2_6_0_ from characters character0_ where character0_.character_id=?
Hibernate: SELECT * FROM SCHEDULE WHERE (YEAR(SCHEDULE_STARTED_AT) = ? AND MONTH(SCHEDULE_STARTED_AT) = ?) OR (YEAR(SCHEDULE_FINISH_AT) = ? AND MONTH(SCHEDULE_FINISH_AT) = ?)
Hibernate: select user0_.user_id as user_id1_21_0_, user0_.character_id as characte7_21_0_, user0_.user_created_at as user_cre2_21_0_, user0_.user_name as user_nam3_21_0_, user0_.user_phone_number as user_pho4_21_0_, user0_.user_user_id as user_use5_21_0_, user0_.user_user_password as user_use6_21_0_ from user user0_ where user0_.user_id=?
Hibernate: select character0_.character_id as characte1_6_0_, character0_.character_character_name as characte2_6_0_ from characters character0_ where character0_.character_id=?
Hibernate: SELECT * FROM SCHEDULE WHERE (YEAR(SCHEDULE_STARTED_AT) = ? AND MONTH(SCHEDULE_STARTED_AT) = ?) OR (YEAR(SCHEDULE_FINISH_AT) = ? AND MONTH(SCHEDULE_FINISH_AT) = ?)
Hibernate: select user0_.user_id as col_0_0_ from user user0_ where user0_.user_user_id=? limit ?
Hibernate: select user0_.user_id as col_0_0_ from user user0_ where user0_.user_user_id=? limit ?
Hibernate: select U.* from USER U where U.USER_USER_ID =?
Hibernate: select character0_.character_id as characte1_6_0_, character0_.character_character_name as characte2_6_0_ from characters character0_ where character0_.character_id=?
Hibernate: select user0_.user_id as col_0_0_ from user user0_ where user0_.user_user_id=? limit ?
Hibernate: select user0_.user_id as col_0_0_ from user user0_ where user0_.user_user_id=? limit ?
Hibernate: select U.* from USER U where U.USER_USER_ID =?
Hibernate: select character0_.character_id as characte1_6_0_, character0_.character_character_name as characte2_6_0_ from characters character0_ where character0_.character_id=?
Hibernate: select user0_.user_id as user_id1_21_0_, user0_.character_id as characte7_21_0_, user0_.user_created_at as user_cre2_21_0_, user0_.user_name as user_nam3_21_0_, user0_.user_phone_number as user_pho4_21_0_, user0_.user_user_id as user_use5_21_0_, user0_.user_user_password as user_use6_21_0_ from user user0_ where user0_.user_id=?
Hibernate: select character0_.character_id as characte1_6_0_, character0_.character_character_name as characte2_6_0_ from characters character0_ where character0_.character_id=?
Hibernate: SELECT * FROM SCHEDULE WHERE (YEAR(SCHEDULE_STARTED_AT) = ? AND MONTH(SCHEDULE_STARTED_AT) = ?) OR (YEAR(SCHEDULE_FINISH_AT) = ? AND MONTH(SCHEDULE_FINISH_AT) = ?)
Hibernate: select user0_.user_id as user_id1_21_0_, user0_.character_id as characte7_21_0_, user0_.user_created_at as user_cre2_21_0_, user0_.user_name as user_nam3_21_0_, user0_.user_phone_number as user_pho4_21_0_, user0_.user_user_id as user_use5_21_0_, user0_.user_user_password as user_use6_21_0_ from user user0_ where user0_.user_id=?
Hibernate: select character0_.character_id as characte1_6_0_, character0_.character_character_name as characte2_6_0_ from characters character0_ where character0_.character_id=?
Hibernate: SELECT * FROM SCHEDULE WHERE (YEAR(SCHEDULE_STARTED_AT) = ? AND MONTH(SCHEDULE_STARTED_AT) = ?) OR (YEAR(SCHEDULE_FINISH_AT) = ? AND MONTH(SCHEDULE_FINISH_AT) = ?)
Hibernate: select user0_.user_id as user_id1_21_0_, user0_.character_id as characte7_21_0_, user0_.user_created_at as user_cre2_21_0_, user0_.user_name as user_nam3_21_0_, user0_.user_phone_number as user_pho4_21_0_, user0_.user_user_id as user_use5_21_0_, user0_.user_user_password as user_use6_21_0_ from user user0_ where user0_.user_id=?
Hibernate: select character0_.character_id as characte1_6_0_, character0_.character_character_name as characte2_6_0_ from characters character0_ where character0_.character_id=?
Hibernate: SELECT * FROM SCHEDULE WHERE (YEAR(SCHEDULE_STARTED_AT) = ? AND MONTH(SCHEDULE_STARTED_AT) = ?) OR (YEAR(SCHEDULE_FINISH_AT) = ? AND MONTH(SCHEDULE_FINISH_AT) = ?)
Hibernate: select user0_.user_id as user_id1_21_0_, user0_.character_id as characte7_21_0_, user0_.user_created_at as user_cre2_21_0_, user0_.user_name as user_nam3_21_0_, user0_.user_phone_number as user_pho4_21_0_, user0_.user_user_id as user_use5_21_0_, user0_.user_user_password as user_use6_21_0_ from user user0_ where user0_.user_id=?
Hibernate: select character0_.character_id as characte1_6_0_, character0_.character_character_name as characte2_6_0_ from characters character0_ where character0_.character_id=?
Hibernate: SELECT * FROM SCHEDULE WHERE (YEAR(SCHEDULE_STARTED_AT) = ? AND MONTH(SCHEDULE_STARTED_AT) = ?) OR (YEAR(SCHEDULE_FINISH_AT) = ? AND MONTH(SCHEDULE_FINISH_AT) = ?)
Hibernate: select user0_.user_id as user_id1_21_0_, user0_.character_id as characte7_21_0_, user0_.user_created_at as user_cre2_21_0_, user0_.user_name as user_nam3_21_0_, user0_.user_phone_number as user_pho4_21_0_, user0_.user_user_id as user_use5_21_0_, user0_.user_user_password as user_use6_21_0_ from user user0_ where user0_.user_id=?
Hibernate: select character0_.character_id as characte1_6_0_, character0_.character_character_name as characte2_6_0_ from characters character0_ where character0_.character_id=?
Hibernate: SELECT * FROM SCHEDULE WHERE (YEAR(SCHEDULE_STARTED_AT) = ? AND MONTH(SCHEDULE_STARTED_AT) = ?) OR (YEAR(SCHEDULE_FINISH_AT) = ? AND MONTH(SCHEDULE_FINISH_AT) = ?)
Hibernate: select user0_.user_id as user_id1_21_0_, user0_.character_id as characte7_21_0_, user0_.user_created_at as user_cre2_21_0_, user0_.user_name as user_nam3_21_0_, user0_.user_phone_number as user_pho4_21_0_, user0_.user_user_id as user_use5_21_0_, user0_.user_user_password as user_use6_21_0_ from user user0_ where user0_.user_id=?
Hibernate: select character0_.character_id as characte1_6_0_, character0_.character_character_name as characte2_6_0_ from characters character0_ where character0_.character_id=?
Hibernate: SELECT * FROM SCHEDULE WHERE (YEAR(SCHEDULE_STARTED_AT) = ? AND MONTH(SCHEDULE_STARTED_AT) = ?) OR (YEAR(SCHEDULE_FINISH_AT) = ? AND MONTH(SCHEDULE_FINISH_AT) = ?)
Hibernate: select user0_.user_id as user_id1_21_0_, user0_.character_id as characte7_21_0_, user0_.user_created_at as user_cre2_21_0_, user0_.user_name as user_nam3_21_0_, user0_.user_phone_number as user_pho4_21_0_, user0_.user_user_id as user_use5_21_0_, user0_.user_user_password as user_use6_21_0_ from user user0_ where user0_.user_id=?
Hibernate: select character0_.character_id as characte1_6_0_, character0_.character_character_name as characte2_6_0_ from characters character0_ where character0_.character_id=?
Hibernate: SELECT * FROM SCHEDULE WHERE (YEAR(SCHEDULE_STARTED_AT) = ? AND MONTH(SCHEDULE_STARTED_AT) = ?) OR (YEAR(SCHEDULE_FINISH_AT) = ? AND MONTH(SCHEDULE_FINISH_AT) = ?)
Hibernate: select user0_.user_id as user_id1_21_0_, user0_.character_id as characte7_21_0_, user0_.user_created_at as user_cre2_21_0_, user0_.user_name as user_nam3_21_0_, user0_.user_phone_number as user_pho4_21_0_, user0_.user_user_id as user_use5_21_0_, user0_.user_user_password as user_use6_21_0_ from user user0_ where user0_.user_id=?
Hibernate: select character0_.character_id as characte1_6_0_, character0_.character_character_name as characte2_6_0_ from characters character0_ where character0_.character_id=?
Hibernate: SELECT * FROM SCHEDULE WHERE (YEAR(SCHEDULE_STARTED_AT) = ? AND MONTH(SCHEDULE_STARTED_AT) = ?) OR (YEAR(SCHEDULE_FINISH_AT) = ? AND MONTH(SCHEDULE_FINISH_AT) = ?)
Hibernate: select user0_.user_id as user_id1_21_0_, user0_.character_id as characte7_21_0_, user0_.user_created_at as user_cre2_21_0_, user0_.user_name as user_nam3_21_0_, user0_.user_phone_number as user_pho4_21_0_, user0_.user_user_id as user_use5_21_0_, user0_.user_user_password as user_use6_21_0_ from user user0_ where user0_.user_id=?
Hibernate: select character0_.character_id as characte1_6_0_, character0_.character_character_name as characte2_6_0_ from characters character0_ where character0_.character_id=?
Hibernate: SELECT * FROM SCHEDULE WHERE (YEAR(SCHEDULE_STARTED_AT) = ? AND MONTH(SCHEDULE_STARTED_AT) = ?) OR (YEAR(SCHEDULE_FINISH_AT) = ? AND MONTH(SCHEDULE_FINISH_AT) = ?)
Hibernate: select user0_.user_id as user_id1_21_0_, user0_.character_id as characte7_21_0_, user0_.user_created_at as user_cre2_21_0_, user0_.user_name as user_nam3_21_0_, user0_.user_phone_number as user_pho4_21_0_, user0_.user_user_id as user_use5_21_0_, user0_.user_user_password as user_use6_21_0_ from user user0_ where user0_.user_id=?
Hibernate: select character0_.character_id as characte1_6_0_, character0_.character_character_name as characte2_6_0_ from characters character0_ where character0_.character_id=?
Hibernate: SELECT * FROM SCHEDULE WHERE (YEAR(SCHEDULE_STARTED_AT) = ? AND MONTH(SCHEDULE_STARTED_AT) = ?) OR (YEAR(SCHEDULE_FINISH_AT) = ? AND MONTH(SCHEDULE_FINISH_AT) = ?)
Hibernate: select user0_.user_id as user_id1_21_0_, user0_.character_id as characte7_21_0_, user0_.user_created_at as user_cre2_21_0_, user0_.user_name as user_nam3_21_0_, user0_.user_phone_number as user_pho4_21_0_, user0_.user_user_id as user_use5_21_0_, user0_.user_user_password as user_use6_21_0_ from user user0_ where user0_.user_id=?
Hibernate: select character0_.character_id as characte1_6_0_, character0_.character_character_name as characte2_6_0_ from characters character0_ where character0_.character_id=?
Hibernate: SELECT * FROM SCHEDULE WHERE (YEAR(SCHEDULE_STARTED_AT) = ? AND MONTH(SCHEDULE_STARTED_AT) = ?) OR (YEAR(SCHEDULE_FINISH_AT) = ? AND MONTH(SCHEDULE_FINISH_AT) = ?)
Hibernate: select user0_.user_id as user_id1_21_0_, user0_.character_id as characte7_21_0_, user0_.user_created_at as user_cre2_21_0_, user0_.user_name as user_nam3_21_0_, user0_.user_phone_number as user_pho4_21_0_, user0_.user_user_id as user_use5_21_0_, user0_.user_user_password as user_use6_21_0_ from user user0_ where user0_.user_id=?
Hibernate: select character0_.character_id as characte1_6_0_, character0_.character_character_name as characte2_6_0_ from characters character0_ where character0_.character_id=?
Hibernate: SELECT * FROM SCHEDULE WHERE (YEAR(SCHEDULE_STARTED_AT) = ? AND MONTH(SCHEDULE_STARTED_AT) = ?) OR (YEAR(SCHEDULE_FINISH_AT) = ? AND MONTH(SCHEDULE_FINISH_AT) = ?)
Hibernate: select user0_.user_id as col_0_0_ from user user0_ where user0_.user_user_id=? limit ?
Hibernate: select user0_.user_id as col_0_0_ from user user0_ where user0_.user_user_id=? limit ?
Hibernate: select U.* from USER U where U.USER_USER_ID =?
Hibernate: select character0_.character_id as characte1_6_0_, character0_.character_character_name as characte2_6_0_ from characters character0_ where character0_.character_id=?
Hibernate: select user0_.user_id as col_0_0_ from user user0_ where user0_.user_user_id=? limit ?
Hibernate: select user0_.user_id as col_0_0_ from user user0_ where user0_.user_user_id=? limit ?
Hibernate: select U.* from USER U where U.USER_USER_ID =?
Hibernate: select character0_.character_id as characte1_6_0_, character0_.character_character_name as characte2_6_0_ from characters character0_ where character0_.character_id=?
Hibernate: select user0_.user_id as user_id1_21_0_, user0_.character_id as characte7_21_0_, user0_.user_created_at as user_cre2_21_0_, user0_.user_name as user_nam3_21_0_, user0_.user_phone_number as user_pho4_21_0_, user0_.user_user_id as user_use5_21_0_, user0_.user_user_password as user_use6_21_0_ from user user0_ where user0_.user_id=?
Hibernate: select character0_.character_id as characte1_6_0_, character0_.character_character_name as characte2_6_0_ from characters character0_ where character0_.character_id=?
Hibernate: select count(*) as col_0_0_ from user user0_ where user0_.user_id=?
Hibernate: select character1_.character_id as characte1_6_, character1_.character_character_name as characte2_6_ from user user0_ inner join characters character1_ on user0_.character_id=character1_.character_id where user0_.user_id=?
Hibernate: select permission0_.character_id as characte6_12_0_, permission0_.permission_id as permissi1_12_0_, permission0_.permission_id as permissi1_12_1_, permission0_.character_id as characte6_12_1_, permission0_.permission_name as permissi2_12_1_, permission0_.permission_permission_unit_id as permissi3_12_1_, permission0_.permission_service as permissi4_12_1_, permission0_.permission_status as permissi5_12_1_ from permission permission0_ where permission0_.character_id=?
Hibernate: select schedule0_.schedule_id as schedule1_17_0_, schedule0_.schedule_finish_at as schedule2_17_0_, schedule0_.schedule_content as schedule3_17_0_, schedule0_.schedule_repeat_cycle as schedule4_17_0_, schedule0_.schedule_repeat_repeat_finish_at as schedule5_17_0_, schedule0_.schedule_title as schedule6_17_0_, schedule0_.schedule_started_at as schedule7_17_0_ from schedule schedule0_ where schedule0_.schedule_id=?
Hibernate: insert into schedule (schedule_id, schedule_finish_at, schedule_content, schedule_repeat_cycle, schedule_repeat_repeat_finish_at, schedule_title, schedule_started_at) values (default, ?, ?, ?, ?, ?, ?)
Hibernate: select user0_.user_id as user_id1_21_0_, user0_.character_id as characte7_21_0_, user0_.user_created_at as user_cre2_21_0_, user0_.user_name as user_nam3_21_0_, user0_.user_phone_number as user_pho4_21_0_, user0_.user_user_id as user_use5_21_0_, user0_.user_user_password as user_use6_21_0_ from user user0_ where user0_.user_id=?
Hibernate: select character0_.character_id as characte1_6_0_, character0_.character_character_name as characte2_6_0_ from characters character0_ where character0_.character_id=?
Hibernate: select count(*) as col_0_0_ from user user0_ where user0_.user_id=?
Hibernate: select character1_.character_id as characte1_6_, character1_.character_character_name as characte2_6_ from user user0_ inner join characters character1_ on user0_.character_id=character1_.character_id where user0_.user_id=?
Hibernate: select permission0_.character_id as characte6_12_0_, permission0_.permission_id as permissi1_12_0_, permission0_.permission_id as permissi1_12_1_, permission0_.character_id as characte6_12_1_, permission0_.permission_name as permissi2_12_1_, permission0_.permission_permission_unit_id as permissi3_12_1_, permission0_.permission_service as permissi4_12_1_, permission0_.permission_status as permissi5_12_1_ from permission permission0_ where permission0_.character_id=?
Hibernate: select schedule0_.schedule_id as schedule1_17_0_, schedule0_.schedule_finish_at as schedule2_17_0_, schedule0_.schedule_content as schedule3_17_0_, schedule0_.schedule_repeat_cycle as schedule4_17_0_, schedule0_.schedule_repeat_repeat_finish_at as schedule5_17_0_, schedule0_.schedule_title as schedule6_17_0_, schedule0_.schedule_started_at as schedule7_17_0_ from schedule schedule0_ where schedule0_.schedule_id=?
Hibernate: insert into schedule (schedule_id, schedule_finish_at, schedule_content, schedule_repeat_cycle, schedule_repeat_repeat_finish_at, schedule_title, schedule_started_at) values (default, ?, ?, ?, ?, ?, ?)
Hibernate: select user0_.user_id as user_id1_21_0_, user0_.character_id as characte7_21_0_, user0_.user_created_at as user_cre2_21_0_, user0_.user_name as user_nam3_21_0_, user0_.user_phone_number as user_pho4_21_0_, user0_.user_user_id as user_use5_21_0_, user0_.user_user_password as user_use6_21_0_ from user user0_ where user0_.user_id=?
Hibernate: select character0_.character_id as characte1_6_0_, character0_.character_character_name as characte2_6_0_ from characters character0_ where character0_.character_id=?
Hibernate: select count(*) as col_0_0_ from user user0_ where user0_.user_id=?
Hibernate: select character1_.character_id as characte1_6_, character1_.character_character_name as characte2_6_ from user user0_ inner join characters character1_ on user0_.character_id=character1_.character_id where user0_.user_id=?
Hibernate: select permission0_.character_id as characte6_12_0_, permission0_.permission_id as permissi1_12_0_, permission0_.permission_id as permissi1_12_1_, permission0_.character_id as characte6_12_1_, permission0_.permission_name as permissi2_12_1_, permission0_.permission_permission_unit_id as permissi3_12_1_, permission0_.permission_service as permissi4_12_1_, permission0_.permission_status as permissi5_12_1_ from permission permission0_ where permission0_.character_id=?
Hibernate: select schedule0_.schedule_id as schedule1_17_0_, schedule0_.schedule_finish_at as schedule2_17_0_, schedule0_.schedule_content as schedule3_17_0_, schedule0_.schedule_repeat_cycle as schedule4_17_0_, schedule0_.schedule_repeat_repeat_finish_at as schedule5_17_0_, schedule0_.schedule_title as schedule6_17_0_, schedule0_.schedule_started_at as schedule7_17_0_ from schedule schedule0_ where schedule0_.schedule_id=?
Hibernate: insert into schedule (schedule_id, schedule_finish_at, schedule_content, schedule_repeat_cycle, schedule_repeat_repeat_finish_at, schedule_title, schedule_started_at) values (default, ?, ?, ?, ?, ?, ?)
Hibernate: select user0_.user_id as user_id1_21_0_, user0_.character_id as characte7_21_0_, user0_.user_created_at as user_cre2_21_0_, user0_.user_name as user_nam3_21_0_, user0_.user_phone_number as user_pho4_21_0_, user0_.user_user_id as user_use5_21_0_, user0_.user_user_password as user_use6_21_0_ from user user0_ where user0_.user_id=?
Hibernate: select character0_.character_id as characte1_6_0_, character0_.character_character_name as characte2_6_0_ from characters character0_ where character0_.character_id=?

MockHttpServletRequest:
      HTTP Method = GET
      Request URI = /calendar
       Parameters = {year=[2023], month=[13]}
          Headers = [Accept:"application/json", Api-version:"1.0", Authorization:"Bearer eyJhbGciOiJIUzI1NiJ9.eyJzdWIiOiIxIiwiaWF0IjoxNjg3ODc3NDY4LCJleHAiOjE2ODc4ODEwNjh9.L4tO6_dDAW_EBZT75Jfu2R72X2bmpa30eKXBNOnKWzQ"]
             Body = null
    Session Attrs = {}

Handler:
             Type = org.waldreg.controller.schedule.ScheduleController
           Method = org.waldreg.controller.schedule.ScheduleController#readScheduleByTerm(int, int)

Async:
    Async started = false
     Async result = null

Resolved Exception:
             Type = org.waldreg.schedule.exception.InvalidDateFormatException

ModelAndView:
        View name = null
             View = null
            Model = null

FlashMap:
       Attributes = null

MockHttpServletResponse:
           Status = 400
    Error message = null
          Headers = [Vary:"Origin", "Access-Control-Request-Method", "Access-Control-Request-Headers", Api-version:"1.0", Content-Type:"application/json"]
     Content type = application/json
             Body = {"code":"SCHEDULE-401","messages":"Month cannot be under 1 or over 12 current month \"13\"","document_url":"docs.waldreg.org"}
    Forwarded URL = null
   Redirected URL = null
          Cookies = []
Hibernate: select user0_.user_id as col_0_0_ from user user0_ where user0_.user_user_id=? limit ?
Hibernate: select user0_.user_id as col_0_0_ from user user0_ where user0_.user_user_id=? limit ?
Hibernate: select U.* from USER U where U.USER_USER_ID =?
Hibernate: select character0_.character_id as characte1_6_0_, character0_.character_character_name as characte2_6_0_ from characters character0_ where character0_.character_id=?
Hibernate: select user0_.user_id as user_id1_21_0_, user0_.character_id as characte7_21_0_, user0_.user_created_at as user_cre2_21_0_, user0_.user_name as user_nam3_21_0_, user0_.user_phone_number as user_pho4_21_0_, user0_.user_user_id as user_use5_21_0_, user0_.user_user_password as user_use6_21_0_ from user user0_ where user0_.user_id=?
Hibernate: select character0_.character_id as characte1_6_0_, character0_.character_character_name as characte2_6_0_ from characters character0_ where character0_.character_id=?
Hibernate: SELECT * FROM SCHEDULE WHERE (YEAR(SCHEDULE_STARTED_AT) = ? AND MONTH(SCHEDULE_STARTED_AT) = ?) OR (YEAR(SCHEDULE_FINISH_AT) = ? AND MONTH(SCHEDULE_FINISH_AT) = ?)
Hibernate: select user0_.user_id as user_id1_21_0_, user0_.character_id as characte7_21_0_, user0_.user_created_at as user_cre2_21_0_, user0_.user_name as user_nam3_21_0_, user0_.user_phone_number as user_pho4_21_0_, user0_.user_user_id as user_use5_21_0_, user0_.user_user_password as user_use6_21_0_ from user user0_ where user0_.user_id=?
Hibernate: select character0_.character_id as characte1_6_0_, character0_.character_character_name as characte2_6_0_ from characters character0_ where character0_.character_id=?
Hibernate: select count(*) as col_0_0_ from user user0_ where user0_.user_id=?
Hibernate: select character1_.character_id as characte1_6_, character1_.character_character_name as characte2_6_ from user user0_ inner join characters character1_ on user0_.character_id=character1_.character_id where user0_.user_id=?
Hibernate: select permission0_.character_id as characte6_12_0_, permission0_.permission_id as permissi1_12_0_, permission0_.permission_id as permissi1_12_1_, permission0_.character_id as characte6_12_1_, permission0_.permission_name as permissi2_12_1_, permission0_.permission_permission_unit_id as permissi3_12_1_, permission0_.permission_service as permissi4_12_1_, permission0_.permission_status as permissi5_12_1_ from permission permission0_ where permission0_.character_id=?
Hibernate: select count(*) as col_0_0_ from schedule schedule0_ where schedule0_.schedule_id=?
Hibernate: select schedule0_.schedule_id as schedule1_17_0_, schedule0_.schedule_finish_at as schedule2_17_0_, schedule0_.schedule_content as schedule3_17_0_, schedule0_.schedule_repeat_cycle as schedule4_17_0_, schedule0_.schedule_repeat_repeat_finish_at as schedule5_17_0_, schedule0_.schedule_title as schedule6_17_0_, schedule0_.schedule_started_at as schedule7_17_0_ from schedule schedule0_ where schedule0_.schedule_id=?
Hibernate: delete from schedule where schedule_id=?
Hibernate: select user0_.user_id as user_id1_21_0_, user0_.character_id as characte7_21_0_, user0_.user_created_at as user_cre2_21_0_, user0_.user_name as user_nam3_21_0_, user0_.user_phone_number as user_pho4_21_0_, user0_.user_user_id as user_use5_21_0_, user0_.user_user_password as user_use6_21_0_ from user user0_ where user0_.user_id=?
Hibernate: select character0_.character_id as characte1_6_0_, character0_.character_character_name as characte2_6_0_ from characters character0_ where character0_.character_id=?
Hibernate: select count(*) as col_0_0_ from schedule schedule0_ where schedule0_.schedule_id=?
Hibernate: select user0_.user_id as user_id1_21_0_, user0_.character_id as characte7_21_0_, user0_.user_created_at as user_cre2_21_0_, user0_.user_name as user_nam3_21_0_, user0_.user_phone_number as user_pho4_21_0_, user0_.user_user_id as user_use5_21_0_, user0_.user_user_password as user_use6_21_0_ from user user0_ where user0_.user_id=?
Hibernate: select character0_.character_id as characte1_6_0_, character0_.character_character_name as characte2_6_0_ from characters character0_ where character0_.character_id=?
Hibernate: select count(*) as col_0_0_ from user user0_ where user0_.user_id=?
Hibernate: select character1_.character_id as characte1_6_, character1_.character_character_name as characte2_6_ from user user0_ inner join characters character1_ on user0_.character_id=character1_.character_id where user0_.user_id=?
Hibernate: select permission0_.character_id as characte6_12_0_, permission0_.permission_id as permissi1_12_0_, permission0_.permission_id as permissi1_12_1_, permission0_.character_id as characte6_12_1_, permission0_.permission_name as permissi2_12_1_, permission0_.permission_permission_unit_id as permissi3_12_1_, permission0_.permission_service as permissi4_12_1_, permission0_.permission_status as permissi5_12_1_ from permission permission0_ where permission0_.character_id=?
Hibernate: select count(*) as col_0_0_ from schedule schedule0_ where schedule0_.schedule_id=?
Hibernate: select schedule0_.schedule_id as schedule1_17_0_, schedule0_.schedule_finish_at as schedule2_17_0_, schedule0_.schedule_content as schedule3_17_0_, schedule0_.schedule_repeat_cycle as schedule4_17_0_, schedule0_.schedule_repeat_repeat_finish_at as schedule5_17_0_, schedule0_.schedule_title as schedule6_17_0_, schedule0_.schedule_started_at as schedule7_17_0_ from schedule schedule0_ where schedule0_.schedule_id=?
Hibernate: delete from schedule where schedule_id=?
Hibernate: select user0_.user_id as user_id1_21_0_, user0_.character_id as characte7_21_0_, user0_.user_created_at as user_cre2_21_0_, user0_.user_name as user_nam3_21_0_, user0_.user_phone_number as user_pho4_21_0_, user0_.user_user_id as user_use5_21_0_, user0_.user_user_password as user_use6_21_0_ from user user0_ where user0_.user_id=?
Hibernate: select character0_.character_id as characte1_6_0_, character0_.character_character_name as characte2_6_0_ from characters character0_ where character0_.character_id=?
Hibernate: select count(*) as col_0_0_ from schedule schedule0_ where schedule0_.schedule_id=?
Hibernate: select user0_.user_id as user_id1_21_0_, user0_.character_id as characte7_21_0_, user0_.user_created_at as user_cre2_21_0_, user0_.user_name as user_nam3_21_0_, user0_.user_phone_number as user_pho4_21_0_, user0_.user_user_id as user_use5_21_0_, user0_.user_user_password as user_use6_21_0_ from user user0_ where user0_.user_id=?
Hibernate: select character0_.character_id as characte1_6_0_, character0_.character_character_name as characte2_6_0_ from characters character0_ where character0_.character_id=?
Hibernate: SELECT * FROM SCHEDULE WHERE (YEAR(SCHEDULE_STARTED_AT) = ? AND MONTH(SCHEDULE_STARTED_AT) = ?) OR (YEAR(SCHEDULE_FINISH_AT) = ? AND MONTH(SCHEDULE_FINISH_AT) = ?)
Hibernate: select user0_.user_id as user_id1_21_0_, user0_.character_id as characte7_21_0_, user0_.user_created_at as user_cre2_21_0_, user0_.user_name as user_nam3_21_0_, user0_.user_phone_number as user_pho4_21_0_, user0_.user_user_id as user_use5_21_0_, user0_.user_user_password as user_use6_21_0_ from user user0_ where user0_.user_id=?
Hibernate: select character0_.character_id as characte1_6_0_, character0_.character_character_name as characte2_6_0_ from characters character0_ where character0_.character_id=?
Hibernate: select count(*) as col_0_0_ from user user0_ where user0_.user_id=?
Hibernate: select character1_.character_id as characte1_6_, character1_.character_character_name as characte2_6_ from user user0_ inner join characters character1_ on user0_.character_id=character1_.character_id where user0_.user_id=?
Hibernate: select permission0_.character_id as characte6_12_0_, permission0_.permission_id as permissi1_12_0_, permission0_.permission_id as permissi1_12_1_, permission0_.character_id as characte6_12_1_, permission0_.permission_name as permissi2_12_1_, permission0_.permission_permission_unit_id as permissi3_12_1_, permission0_.permission_service as permissi4_12_1_, permission0_.permission_status as permissi5_12_1_ from permission permission0_ where permission0_.character_id=?
Hibernate: select count(*) as col_0_0_ from schedule schedule0_ where schedule0_.schedule_id=?
Hibernate: select schedule0_.schedule_id as schedule1_17_0_, schedule0_.schedule_finish_at as schedule2_17_0_, schedule0_.schedule_content as schedule3_17_0_, schedule0_.schedule_repeat_cycle as schedule4_17_0_, schedule0_.schedule_repeat_repeat_finish_at as schedule5_17_0_, schedule0_.schedule_title as schedule6_17_0_, schedule0_.schedule_started_at as schedule7_17_0_ from schedule schedule0_ where schedule0_.schedule_id=?
Hibernate: delete from schedule where schedule_id=?
Hibernate: select user0_.user_id as user_id1_21_0_, user0_.character_id as characte7_21_0_, user0_.user_created_at as user_cre2_21_0_, user0_.user_name as user_nam3_21_0_, user0_.user_phone_number as user_pho4_21_0_, user0_.user_user_id as user_use5_21_0_, user0_.user_user_password as user_use6_21_0_ from user user0_ where user0_.user_id=?
Hibernate: select character0_.character_id as characte1_6_0_, character0_.character_character_name as characte2_6_0_ from characters character0_ where character0_.character_id=?
Hibernate: select count(*) as col_0_0_ from schedule schedule0_ where schedule0_.schedule_id=?
Hibernate: select user0_.user_id as user_id1_21_0_, user0_.character_id as characte7_21_0_, user0_.user_created_at as user_cre2_21_0_, user0_.user_name as user_nam3_21_0_, user0_.user_phone_number as user_pho4_21_0_, user0_.user_user_id as user_use5_21_0_, user0_.user_user_password as user_use6_21_0_ from user user0_ where user0_.user_id=?
Hibernate: select character0_.character_id as characte1_6_0_, character0_.character_character_name as characte2_6_0_ from characters character0_ where character0_.character_id=?
Hibernate: SELECT * FROM SCHEDULE WHERE (YEAR(SCHEDULE_STARTED_AT) = ? AND MONTH(SCHEDULE_STARTED_AT) = ?) OR (YEAR(SCHEDULE_FINISH_AT) = ? AND MONTH(SCHEDULE_FINISH_AT) = ?)
Hibernate: select user0_.user_id as user_id1_21_0_, user0_.character_id as characte7_21_0_, user0_.user_created_at as user_cre2_21_0_, user0_.user_name as user_nam3_21_0_, user0_.user_phone_number as user_pho4_21_0_, user0_.user_user_id as user_use5_21_0_, user0_.user_user_password as user_use6_21_0_ from user user0_ where user0_.user_id=?
Hibernate: select character0_.character_id as characte1_6_0_, character0_.character_character_name as characte2_6_0_ from characters character0_ where character0_.character_id=?
Hibernate: SELECT * FROM SCHEDULE WHERE (YEAR(SCHEDULE_STARTED_AT) = ? AND MONTH(SCHEDULE_STARTED_AT) = ?) OR (YEAR(SCHEDULE_FINISH_AT) = ? AND MONTH(SCHEDULE_FINISH_AT) = ?)
Hibernate: select user0_.user_id as user_id1_21_0_, user0_.character_id as characte7_21_0_, user0_.user_created_at as user_cre2_21_0_, user0_.user_name as user_nam3_21_0_, user0_.user_phone_number as user_pho4_21_0_, user0_.user_user_id as user_use5_21_0_, user0_.user_user_password as user_use6_21_0_ from user user0_ where user0_.user_id=?
Hibernate: select character0_.character_id as characte1_6_0_, character0_.character_character_name as characte2_6_0_ from characters character0_ where character0_.character_id=?
Hibernate: SELECT * FROM SCHEDULE WHERE (YEAR(SCHEDULE_STARTED_AT) = ? AND MONTH(SCHEDULE_STARTED_AT) = ?) OR (YEAR(SCHEDULE_FINISH_AT) = ? AND MONTH(SCHEDULE_FINISH_AT) = ?)
Hibernate: select user0_.user_id as user_id1_21_0_, user0_.character_id as characte7_21_0_, user0_.user_created_at as user_cre2_21_0_, user0_.user_name as user_nam3_21_0_, user0_.user_phone_number as user_pho4_21_0_, user0_.user_user_id as user_use5_21_0_, user0_.user_user_password as user_use6_21_0_ from user user0_ where user0_.user_id=?
Hibernate: select character0_.character_id as characte1_6_0_, character0_.character_character_name as characte2_6_0_ from characters character0_ where character0_.character_id=?
Hibernate: SELECT * FROM SCHEDULE WHERE (YEAR(SCHEDULE_STARTED_AT) = ? AND MONTH(SCHEDULE_STARTED_AT) = ?) OR (YEAR(SCHEDULE_FINISH_AT) = ? AND MONTH(SCHEDULE_FINISH_AT) = ?)
Hibernate: select user0_.user_id as user_id1_21_0_, user0_.character_id as characte7_21_0_, user0_.user_created_at as user_cre2_21_0_, user0_.user_name as user_nam3_21_0_, user0_.user_phone_number as user_pho4_21_0_, user0_.user_user_id as user_use5_21_0_, user0_.user_user_password as user_use6_21_0_ from user user0_ where user0_.user_id=?
Hibernate: select character0_.character_id as characte1_6_0_, character0_.character_character_name as characte2_6_0_ from characters character0_ where character0_.character_id=?
Hibernate: SELECT * FROM SCHEDULE WHERE (YEAR(SCHEDULE_STARTED_AT) = ? AND MONTH(SCHEDULE_STARTED_AT) = ?) OR (YEAR(SCHEDULE_FINISH_AT) = ? AND MONTH(SCHEDULE_FINISH_AT) = ?)
Hibernate: select user0_.user_id as user_id1_21_0_, user0_.character_id as characte7_21_0_, user0_.user_created_at as user_cre2_21_0_, user0_.user_name as user_nam3_21_0_, user0_.user_phone_number as user_pho4_21_0_, user0_.user_user_id as user_use5_21_0_, user0_.user_user_password as user_use6_21_0_ from user user0_ where user0_.user_id=?
Hibernate: select character0_.character_id as characte1_6_0_, character0_.character_character_name as characte2_6_0_ from characters character0_ where character0_.character_id=?
Hibernate: SELECT * FROM SCHEDULE WHERE (YEAR(SCHEDULE_STARTED_AT) = ? AND MONTH(SCHEDULE_STARTED_AT) = ?) OR (YEAR(SCHEDULE_FINISH_AT) = ? AND MONTH(SCHEDULE_FINISH_AT) = ?)
Hibernate: select user0_.user_id as user_id1_21_0_, user0_.character_id as characte7_21_0_, user0_.user_created_at as user_cre2_21_0_, user0_.user_name as user_nam3_21_0_, user0_.user_phone_number as user_pho4_21_0_, user0_.user_user_id as user_use5_21_0_, user0_.user_user_password as user_use6_21_0_ from user user0_ where user0_.user_id=?
Hibernate: select character0_.character_id as characte1_6_0_, character0_.character_character_name as characte2_6_0_ from characters character0_ where character0_.character_id=?
Hibernate: SELECT * FROM SCHEDULE WHERE (YEAR(SCHEDULE_STARTED_AT) = ? AND MONTH(SCHEDULE_STARTED_AT) = ?) OR (YEAR(SCHEDULE_FINISH_AT) = ? AND MONTH(SCHEDULE_FINISH_AT) = ?)
Hibernate: select user0_.user_id as user_id1_21_0_, user0_.character_id as characte7_21_0_, user0_.user_created_at as user_cre2_21_0_, user0_.user_name as user_nam3_21_0_, user0_.user_phone_number as user_pho4_21_0_, user0_.user_user_id as user_use5_21_0_, user0_.user_user_password as user_use6_21_0_ from user user0_ where user0_.user_id=?
Hibernate: select character0_.character_id as characte1_6_0_, character0_.character_character_name as characte2_6_0_ from characters character0_ where character0_.character_id=?
Hibernate: SELECT * FROM SCHEDULE WHERE (YEAR(SCHEDULE_STARTED_AT) = ? AND MONTH(SCHEDULE_STARTED_AT) = ?) OR (YEAR(SCHEDULE_FINISH_AT) = ? AND MONTH(SCHEDULE_FINISH_AT) = ?)
Hibernate: select user0_.user_id as user_id1_21_0_, user0_.character_id as characte7_21_0_, user0_.user_created_at as user_cre2_21_0_, user0_.user_name as user_nam3_21_0_, user0_.user_phone_number as user_pho4_21_0_, user0_.user_user_id as user_use5_21_0_, user0_.user_user_password as user_use6_21_0_ from user user0_ where user0_.user_id=?
Hibernate: select character0_.character_id as characte1_6_0_, character0_.character_character_name as characte2_6_0_ from characters character0_ where character0_.character_id=?
Hibernate: SELECT * FROM SCHEDULE WHERE (YEAR(SCHEDULE_STARTED_AT) = ? AND MONTH(SCHEDULE_STARTED_AT) = ?) OR (YEAR(SCHEDULE_FINISH_AT) = ? AND MONTH(SCHEDULE_FINISH_AT) = ?)
Hibernate: select user0_.user_id as user_id1_21_0_, user0_.character_id as characte7_21_0_, user0_.user_created_at as user_cre2_21_0_, user0_.user_name as user_nam3_21_0_, user0_.user_phone_number as user_pho4_21_0_, user0_.user_user_id as user_use5_21_0_, user0_.user_user_password as user_use6_21_0_ from user user0_ where user0_.user_id=?
Hibernate: select character0_.character_id as characte1_6_0_, character0_.character_character_name as characte2_6_0_ from characters character0_ where character0_.character_id=?
Hibernate: SELECT * FROM SCHEDULE WHERE (YEAR(SCHEDULE_STARTED_AT) = ? AND MONTH(SCHEDULE_STARTED_AT) = ?) OR (YEAR(SCHEDULE_FINISH_AT) = ? AND MONTH(SCHEDULE_FINISH_AT) = ?)
Hibernate: select user0_.user_id as col_0_0_ from user user0_ where user0_.user_user_id=? limit ?
Hibernate: select user0_.user_id as col_0_0_ from user user0_ where user0_.user_user_id=? limit ?
Hibernate: select U.* from USER U where U.USER_USER_ID =?
Hibernate: select character0_.character_id as characte1_6_0_, character0_.character_character_name as characte2_6_0_ from characters character0_ where character0_.character_id=?
Hibernate: select user0_.user_id as col_0_0_ from user user0_ where user0_.user_user_id=? limit ?
Hibernate: select user0_.user_id as col_0_0_ from user user0_ where user0_.user_user_id=? limit ?
Hibernate: select U.* from USER U where U.USER_USER_ID =?
Hibernate: select character0_.character_id as characte1_6_0_, character0_.character_character_name as characte2_6_0_ from characters character0_ where character0_.character_id=?
Hibernate: select user0_.user_id as user_id1_21_0_, user0_.character_id as characte7_21_0_, user0_.user_created_at as user_cre2_21_0_, user0_.user_name as user_nam3_21_0_, user0_.user_phone_number as user_pho4_21_0_, user0_.user_user_id as user_use5_21_0_, user0_.user_user_password as user_use6_21_0_ from user user0_ where user0_.user_id=?
Hibernate: select character0_.character_id as characte1_6_0_, character0_.character_character_name as characte2_6_0_ from characters character0_ where character0_.character_id=?
Hibernate: SELECT * FROM SCHEDULE WHERE (YEAR(SCHEDULE_STARTED_AT) = ? AND MONTH(SCHEDULE_STARTED_AT) = ?) OR (YEAR(SCHEDULE_FINISH_AT) = ? AND MONTH(SCHEDULE_FINISH_AT) = ?)
Hibernate: select user0_.user_id as user_id1_21_0_, user0_.character_id as characte7_21_0_, user0_.user_created_at as user_cre2_21_0_, user0_.user_name as user_nam3_21_0_, user0_.user_phone_number as user_pho4_21_0_, user0_.user_user_id as user_use5_21_0_, user0_.user_user_password as user_use6_21_0_ from user user0_ where user0_.user_id=?
Hibernate: select character0_.character_id as characte1_6_0_, character0_.character_character_name as characte2_6_0_ from characters character0_ where character0_.character_id=?
Hibernate: SELECT * FROM SCHEDULE WHERE (YEAR(SCHEDULE_STARTED_AT) = ? AND MONTH(SCHEDULE_STARTED_AT) = ?) OR (YEAR(SCHEDULE_FINISH_AT) = ? AND MONTH(SCHEDULE_FINISH_AT) = ?)
Hibernate: select user0_.user_id as user_id1_21_0_, user0_.character_id as characte7_21_0_, user0_.user_created_at as user_cre2_21_0_, user0_.user_name as user_nam3_21_0_, user0_.user_phone_number as user_pho4_21_0_, user0_.user_user_id as user_use5_21_0_, user0_.user_user_password as user_use6_21_0_ from user user0_ where user0_.user_id=?
Hibernate: select character0_.character_id as characte1_6_0_, character0_.character_character_name as characte2_6_0_ from characters character0_ where character0_.character_id=?
Hibernate: SELECT * FROM SCHEDULE WHERE (YEAR(SCHEDULE_STARTED_AT) = ? AND MONTH(SCHEDULE_STARTED_AT) = ?) OR (YEAR(SCHEDULE_FINISH_AT) = ? AND MONTH(SCHEDULE_FINISH_AT) = ?)
Hibernate: select user0_.user_id as user_id1_21_0_, user0_.character_id as characte7_21_0_, user0_.user_created_at as user_cre2_21_0_, user0_.user_name as user_nam3_21_0_, user0_.user_phone_number as user_pho4_21_0_, user0_.user_user_id as user_use5_21_0_, user0_.user_user_password as user_use6_21_0_ from user user0_ where user0_.user_id=?
Hibernate: select character0_.character_id as characte1_6_0_, character0_.character_character_name as characte2_6_0_ from characters character0_ where character0_.character_id=?
Hibernate: SELECT * FROM SCHEDULE WHERE (YEAR(SCHEDULE_STARTED_AT) = ? AND MONTH(SCHEDULE_STARTED_AT) = ?) OR (YEAR(SCHEDULE_FINISH_AT) = ? AND MONTH(SCHEDULE_FINISH_AT) = ?)
Hibernate: select user0_.user_id as user_id1_21_0_, user0_.character_id as characte7_21_0_, user0_.user_created_at as user_cre2_21_0_, user0_.user_name as user_nam3_21_0_, user0_.user_phone_number as user_pho4_21_0_, user0_.user_user_id as user_use5_21_0_, user0_.user_user_password as user_use6_21_0_ from user user0_ where user0_.user_id=?
Hibernate: select character0_.character_id as characte1_6_0_, character0_.character_character_name as characte2_6_0_ from characters character0_ where character0_.character_id=?
Hibernate: SELECT * FROM SCHEDULE WHERE (YEAR(SCHEDULE_STARTED_AT) = ? AND MONTH(SCHEDULE_STARTED_AT) = ?) OR (YEAR(SCHEDULE_FINISH_AT) = ? AND MONTH(SCHEDULE_FINISH_AT) = ?)
Hibernate: select user0_.user_id as user_id1_21_0_, user0_.character_id as characte7_21_0_, user0_.user_created_at as user_cre2_21_0_, user0_.user_name as user_nam3_21_0_, user0_.user_phone_number as user_pho4_21_0_, user0_.user_user_id as user_use5_21_0_, user0_.user_user_password as user_use6_21_0_ from user user0_ where user0_.user_id=?
Hibernate: select character0_.character_id as characte1_6_0_, character0_.character_character_name as characte2_6_0_ from characters character0_ where character0_.character_id=?
Hibernate: SELECT * FROM SCHEDULE WHERE (YEAR(SCHEDULE_STARTED_AT) = ? AND MONTH(SCHEDULE_STARTED_AT) = ?) OR (YEAR(SCHEDULE_FINISH_AT) = ? AND MONTH(SCHEDULE_FINISH_AT) = ?)
Hibernate: select user0_.user_id as user_id1_21_0_, user0_.character_id as characte7_21_0_, user0_.user_created_at as user_cre2_21_0_, user0_.user_name as user_nam3_21_0_, user0_.user_phone_number as user_pho4_21_0_, user0_.user_user_id as user_use5_21_0_, user0_.user_user_password as user_use6_21_0_ from user user0_ where user0_.user_id=?
Hibernate: select character0_.character_id as characte1_6_0_, character0_.character_character_name as characte2_6_0_ from characters character0_ where character0_.character_id=?
Hibernate: SELECT * FROM SCHEDULE WHERE (YEAR(SCHEDULE_STARTED_AT) = ? AND MONTH(SCHEDULE_STARTED_AT) = ?) OR (YEAR(SCHEDULE_FINISH_AT) = ? AND MONTH(SCHEDULE_FINISH_AT) = ?)
Hibernate: select user0_.user_id as user_id1_21_0_, user0_.character_id as characte7_21_0_, user0_.user_created_at as user_cre2_21_0_, user0_.user_name as user_nam3_21_0_, user0_.user_phone_number as user_pho4_21_0_, user0_.user_user_id as user_use5_21_0_, user0_.user_user_password as user_use6_21_0_ from user user0_ where user0_.user_id=?
Hibernate: select character0_.character_id as characte1_6_0_, character0_.character_character_name as characte2_6_0_ from characters character0_ where character0_.character_id=?
Hibernate: SELECT * FROM SCHEDULE WHERE (YEAR(SCHEDULE_STARTED_AT) = ? AND MONTH(SCHEDULE_STARTED_AT) = ?) OR (YEAR(SCHEDULE_FINISH_AT) = ? AND MONTH(SCHEDULE_FINISH_AT) = ?)
Hibernate: select user0_.user_id as user_id1_21_0_, user0_.character_id as characte7_21_0_, user0_.user_created_at as user_cre2_21_0_, user0_.user_name as user_nam3_21_0_, user0_.user_phone_number as user_pho4_21_0_, user0_.user_user_id as user_use5_21_0_, user0_.user_user_password as user_use6_21_0_ from user user0_ where user0_.user_id=?
Hibernate: select character0_.character_id as characte1_6_0_, character0_.character_character_name as characte2_6_0_ from characters character0_ where character0_.character_id=?
Hibernate: SELECT * FROM SCHEDULE WHERE (YEAR(SCHEDULE_STARTED_AT) = ? AND MONTH(SCHEDULE_STARTED_AT) = ?) OR (YEAR(SCHEDULE_FINISH_AT) = ? AND MONTH(SCHEDULE_FINISH_AT) = ?)
Hibernate: select user0_.user_id as user_id1_21_0_, user0_.character_id as characte7_21_0_, user0_.user_created_at as user_cre2_21_0_, user0_.user_name as user_nam3_21_0_, user0_.user_phone_number as user_pho4_21_0_, user0_.user_user_id as user_use5_21_0_, user0_.user_user_password as user_use6_21_0_ from user user0_ where user0_.user_id=?
Hibernate: select character0_.character_id as characte1_6_0_, character0_.character_character_name as characte2_6_0_ from characters character0_ where character0_.character_id=?
Hibernate: SELECT * FROM SCHEDULE WHERE (YEAR(SCHEDULE_STARTED_AT) = ? AND MONTH(SCHEDULE_STARTED_AT) = ?) OR (YEAR(SCHEDULE_FINISH_AT) = ? AND MONTH(SCHEDULE_FINISH_AT) = ?)
Hibernate: select user0_.user_id as user_id1_21_0_, user0_.character_id as characte7_21_0_, user0_.user_created_at as user_cre2_21_0_, user0_.user_name as user_nam3_21_0_, user0_.user_phone_number as user_pho4_21_0_, user0_.user_user_id as user_use5_21_0_, user0_.user_user_password as user_use6_21_0_ from user user0_ where user0_.user_id=?
Hibernate: select character0_.character_id as characte1_6_0_, character0_.character_character_name as characte2_6_0_ from characters character0_ where character0_.character_id=?
Hibernate: SELECT * FROM SCHEDULE WHERE (YEAR(SCHEDULE_STARTED_AT) = ? AND MONTH(SCHEDULE_STARTED_AT) = ?) OR (YEAR(SCHEDULE_FINISH_AT) = ? AND MONTH(SCHEDULE_FINISH_AT) = ?)
Hibernate: select user0_.user_id as user_id1_21_0_, user0_.character_id as characte7_21_0_, user0_.user_created_at as user_cre2_21_0_, user0_.user_name as user_nam3_21_0_, user0_.user_phone_number as user_pho4_21_0_, user0_.user_user_id as user_use5_21_0_, user0_.user_user_password as user_use6_21_0_ from user user0_ where user0_.user_id=?
Hibernate: select character0_.character_id as characte1_6_0_, character0_.character_character_name as characte2_6_0_ from characters character0_ where character0_.character_id=?
Hibernate: SELECT * FROM SCHEDULE WHERE (YEAR(SCHEDULE_STARTED_AT) = ? AND MONTH(SCHEDULE_STARTED_AT) = ?) OR (YEAR(SCHEDULE_FINISH_AT) = ? AND MONTH(SCHEDULE_FINISH_AT) = ?)
Hibernate: select user0_.user_id as col_0_0_ from user user0_ where user0_.user_user_id=? limit ?
Hibernate: select user0_.user_id as col_0_0_ from user user0_ where user0_.user_user_id=? limit ?
Hibernate: select U.* from USER U where U.USER_USER_ID =?
Hibernate: select character0_.character_id as characte1_6_0_, character0_.character_character_name as characte2_6_0_ from characters character0_ where character0_.character_id=?
Hibernate: select user0_.user_id as col_0_0_ from user user0_ where user0_.user_user_id=? limit ?
Hibernate: select user0_.user_id as col_0_0_ from user user0_ where user0_.user_user_id=? limit ?
Hibernate: select U.* from USER U where U.USER_USER_ID =?
Hibernate: select character0_.character_id as characte1_6_0_, character0_.character_character_name as characte2_6_0_ from characters character0_ where character0_.character_id=?
Hibernate: select user0_.user_id as user_id1_21_0_, user0_.character_id as characte7_21_0_, user0_.user_created_at as user_cre2_21_0_, user0_.user_name as user_nam3_21_0_, user0_.user_phone_number as user_pho4_21_0_, user0_.user_user_id as user_use5_21_0_, user0_.user_user_password as user_use6_21_0_ from user user0_ where user0_.user_id=?
Hibernate: select character0_.character_id as characte1_6_0_, character0_.character_character_name as characte2_6_0_ from characters character0_ where character0_.character_id=?
Hibernate: select count(*) as col_0_0_ from user user0_ where user0_.user_id=?
Hibernate: select character1_.character_id as characte1_6_, character1_.character_character_name as characte2_6_ from user user0_ inner join characters character1_ on user0_.character_id=character1_.character_id where user0_.user_id=?
Hibernate: select permission0_.character_id as characte6_12_0_, permission0_.permission_id as permissi1_12_0_, permission0_.permission_id as permissi1_12_1_, permission0_.character_id as characte6_12_1_, permission0_.permission_name as permissi2_12_1_, permission0_.permission_permission_unit_id as permissi3_12_1_, permission0_.permission_service as permissi4_12_1_, permission0_.permission_status as permissi5_12_1_ from permission permission0_ where permission0_.character_id=?
Hibernate: select schedule0_.schedule_id as schedule1_17_0_, schedule0_.schedule_finish_at as schedule2_17_0_, schedule0_.schedule_content as schedule3_17_0_, schedule0_.schedule_repeat_cycle as schedule4_17_0_, schedule0_.schedule_repeat_repeat_finish_at as schedule5_17_0_, schedule0_.schedule_title as schedule6_17_0_, schedule0_.schedule_started_at as schedule7_17_0_ from schedule schedule0_ where schedule0_.schedule_id=?
Hibernate: insert into schedule (schedule_id, schedule_finish_at, schedule_content, schedule_repeat_cycle, schedule_repeat_repeat_finish_at, schedule_title, schedule_started_at) values (default, ?, ?, ?, ?, ?, ?)
Hibernate: select user0_.user_id as user_id1_21_0_, user0_.character_id as characte7_21_0_, user0_.user_created_at as user_cre2_21_0_, user0_.user_name as user_nam3_21_0_, user0_.user_phone_number as user_pho4_21_0_, user0_.user_user_id as user_use5_21_0_, user0_.user_user_password as user_use6_21_0_ from user user0_ where user0_.user_id=?
Hibernate: select character0_.character_id as characte1_6_0_, character0_.character_character_name as characte2_6_0_ from characters character0_ where character0_.character_id=?
Hibernate: select count(*) as col_0_0_ from user user0_ where user0_.user_id=?
Hibernate: select character1_.character_id as characte1_6_, character1_.character_character_name as characte2_6_ from user user0_ inner join characters character1_ on user0_.character_id=character1_.character_id where user0_.user_id=?
Hibernate: select permission0_.character_id as characte6_12_0_, permission0_.permission_id as permissi1_12_0_, permission0_.permission_id as permissi1_12_1_, permission0_.character_id as characte6_12_1_, permission0_.permission_name as permissi2_12_1_, permission0_.permission_permission_unit_id as permissi3_12_1_, permission0_.permission_service as permissi4_12_1_, permission0_.permission_status as permissi5_12_1_ from permission permission0_ where permission0_.character_id=?
Hibernate: select schedule0_.schedule_id as schedule1_17_0_, schedule0_.schedule_finish_at as schedule2_17_0_, schedule0_.schedule_content as schedule3_17_0_, schedule0_.schedule_repeat_cycle as schedule4_17_0_, schedule0_.schedule_repeat_repeat_finish_at as schedule5_17_0_, schedule0_.schedule_title as schedule6_17_0_, schedule0_.schedule_started_at as schedule7_17_0_ from schedule schedule0_ where schedule0_.schedule_id=?
Hibernate: insert into schedule (schedule_id, schedule_finish_at, schedule_content, schedule_repeat_cycle, schedule_repeat_repeat_finish_at, schedule_title, schedule_started_at) values (default, ?, ?, ?, ?, ?, ?)
Hibernate: select user0_.user_id as user_id1_21_0_, user0_.character_id as characte7_21_0_, user0_.user_created_at as user_cre2_21_0_, user0_.user_name as user_nam3_21_0_, user0_.user_phone_number as user_pho4_21_0_, user0_.user_user_id as user_use5_21_0_, user0_.user_user_password as user_use6_21_0_ from user user0_ where user0_.user_id=?
Hibernate: select character0_.character_id as characte1_6_0_, character0_.character_character_name as characte2_6_0_ from characters character0_ where character0_.character_id=?
Hibernate: select count(*) as col_0_0_ from user user0_ where user0_.user_id=?
Hibernate: select character1_.character_id as characte1_6_, character1_.character_character_name as characte2_6_ from user user0_ inner join characters character1_ on user0_.character_id=character1_.character_id where user0_.user_id=?
Hibernate: select permission0_.character_id as characte6_12_0_, permission0_.permission_id as permissi1_12_0_, permission0_.permission_id as permissi1_12_1_, permission0_.character_id as characte6_12_1_, permission0_.permission_name as permissi2_12_1_, permission0_.permission_permission_unit_id as permissi3_12_1_, permission0_.permission_service as permissi4_12_1_, permission0_.permission_status as permissi5_12_1_ from permission permission0_ where permission0_.character_id=?
Hibernate: select schedule0_.schedule_id as schedule1_17_0_, schedule0_.schedule_finish_at as schedule2_17_0_, schedule0_.schedule_content as schedule3_17_0_, schedule0_.schedule_repeat_cycle as schedule4_17_0_, schedule0_.schedule_repeat_repeat_finish_at as schedule5_17_0_, schedule0_.schedule_title as schedule6_17_0_, schedule0_.schedule_started_at as schedule7_17_0_ from schedule schedule0_ where schedule0_.schedule_id=?
Hibernate: insert into schedule (schedule_id, schedule_finish_at, schedule_content, schedule_repeat_cycle, schedule_repeat_repeat_finish_at, schedule_title, schedule_started_at) values (default, ?, ?, ?, ?, ?, ?)
Hibernate: select user0_.user_id as user_id1_21_0_, user0_.character_id as characte7_21_0_, user0_.user_created_at as user_cre2_21_0_, user0_.user_name as user_nam3_21_0_, user0_.user_phone_number as user_pho4_21_0_, user0_.user_user_id as user_use5_21_0_, user0_.user_user_password as user_use6_21_0_ from user user0_ where user0_.user_id=?
Hibernate: select character0_.character_id as characte1_6_0_, character0_.character_character_name as characte2_6_0_ from characters character0_ where character0_.character_id=?
Hibernate: SELECT * FROM SCHEDULE WHERE (YEAR(SCHEDULE_STARTED_AT) = ? AND MONTH(SCHEDULE_STARTED_AT) = ?) OR (YEAR(SCHEDULE_FINISH_AT) = ? AND MONTH(SCHEDULE_FINISH_AT) = ?)

MockHttpServletRequest:
      HTTP Method = GET
      Request URI = /calendar
       Parameters = {year=[2023], month=[1]}
          Headers = [Accept:"application/json", Api-version:"1.0", Authorization:"Bearer eyJhbGciOiJIUzI1NiJ9.eyJzdWIiOiIxIiwiaWF0IjoxNjg3ODc3NDY4LCJleHAiOjE2ODc4ODEwNjh9.L4tO6_dDAW_EBZT75Jfu2R72X2bmpa30eKXBNOnKWzQ"]
             Body = null
    Session Attrs = {}

Handler:
             Type = org.waldreg.controller.schedule.ScheduleController
           Method = org.waldreg.controller.schedule.ScheduleController#readScheduleByTerm(int, int)

Async:
    Async started = false
     Async result = null

Resolved Exception:
             Type = null

ModelAndView:
        View name = null
             View = null
            Model = null

FlashMap:
       Attributes = null

MockHttpServletResponse:
           Status = 200
    Error message = null
          Headers = [Vary:"Origin", "Access-Control-Request-Method", "Access-Control-Request-Headers", Api-version:"1.0", Content-Type:"application/json"]
     Content type = application/json
             Body = {"schedules":[{"id":11,"schedule_title":"seminar","schedule_content":"BFS","started_at":"2023-01-24T20:52","finish_at":"2023-01-31T23:59","repeat":null},{"id":13,"schedule_title":"Mentoring Day","schedule_content":"Graduate Mentoring","started_at":"2023-01-17T20:52","finish_at":"2023-01-17T23:59","repeat":{"cycle":7,"repeat_finish_at":"2023-12-31T23:59"}}]}
    Forwarded URL = null
   Redirected URL = null
          Cookies = []
Hibernate: select user0_.user_id as col_0_0_ from user user0_ where user0_.user_user_id=? limit ?
Hibernate: select user0_.user_id as col_0_0_ from user user0_ where user0_.user_user_id=? limit ?
Hibernate: select U.* from USER U where U.USER_USER_ID =?
Hibernate: select character0_.character_id as characte1_6_0_, character0_.character_character_name as characte2_6_0_ from characters character0_ where character0_.character_id=?
Hibernate: select user0_.user_id as user_id1_21_0_, user0_.character_id as characte7_21_0_, user0_.user_created_at as user_cre2_21_0_, user0_.user_name as user_nam3_21_0_, user0_.user_phone_number as user_pho4_21_0_, user0_.user_user_id as user_use5_21_0_, user0_.user_user_password as user_use6_21_0_ from user user0_ where user0_.user_id=?
Hibernate: select character0_.character_id as characte1_6_0_, character0_.character_character_name as characte2_6_0_ from characters character0_ where character0_.character_id=?
Hibernate: SELECT * FROM SCHEDULE WHERE (YEAR(SCHEDULE_STARTED_AT) = ? AND MONTH(SCHEDULE_STARTED_AT) = ?) OR (YEAR(SCHEDULE_FINISH_AT) = ? AND MONTH(SCHEDULE_FINISH_AT) = ?)
Hibernate: select user0_.user_id as user_id1_21_0_, user0_.character_id as characte7_21_0_, user0_.user_created_at as user_cre2_21_0_, user0_.user_name as user_nam3_21_0_, user0_.user_phone_number as user_pho4_21_0_, user0_.user_user_id as user_use5_21_0_, user0_.user_user_password as user_use6_21_0_ from user user0_ where user0_.user_id=?
Hibernate: select character0_.character_id as characte1_6_0_, character0_.character_character_name as characte2_6_0_ from characters character0_ where character0_.character_id=?
Hibernate: select count(*) as col_0_0_ from user user0_ where user0_.user_id=?
Hibernate: select character1_.character_id as characte1_6_, character1_.character_character_name as characte2_6_ from user user0_ inner join characters character1_ on user0_.character_id=character1_.character_id where user0_.user_id=?
Hibernate: select permission0_.character_id as characte6_12_0_, permission0_.permission_id as permissi1_12_0_, permission0_.permission_id as permissi1_12_1_, permission0_.character_id as characte6_12_1_, permission0_.permission_name as permissi2_12_1_, permission0_.permission_permission_unit_id as permissi3_12_1_, permission0_.permission_service as permissi4_12_1_, permission0_.permission_status as permissi5_12_1_ from permission permission0_ where permission0_.character_id=?
Hibernate: select count(*) as col_0_0_ from schedule schedule0_ where schedule0_.schedule_id=?
Hibernate: select schedule0_.schedule_id as schedule1_17_0_, schedule0_.schedule_finish_at as schedule2_17_0_, schedule0_.schedule_content as schedule3_17_0_, schedule0_.schedule_repeat_cycle as schedule4_17_0_, schedule0_.schedule_repeat_repeat_finish_at as schedule5_17_0_, schedule0_.schedule_title as schedule6_17_0_, schedule0_.schedule_started_at as schedule7_17_0_ from schedule schedule0_ where schedule0_.schedule_id=?
Hibernate: delete from schedule where schedule_id=?
Hibernate: select user0_.user_id as user_id1_21_0_, user0_.character_id as characte7_21_0_, user0_.user_created_at as user_cre2_21_0_, user0_.user_name as user_nam3_21_0_, user0_.user_phone_number as user_pho4_21_0_, user0_.user_user_id as user_use5_21_0_, user0_.user_user_password as user_use6_21_0_ from user user0_ where user0_.user_id=?
Hibernate: select character0_.character_id as characte1_6_0_, character0_.character_character_name as characte2_6_0_ from characters character0_ where character0_.character_id=?
Hibernate: select count(*) as col_0_0_ from schedule schedule0_ where schedule0_.schedule_id=?
Hibernate: select user0_.user_id as user_id1_21_0_, user0_.character_id as characte7_21_0_, user0_.user_created_at as user_cre2_21_0_, user0_.user_name as user_nam3_21_0_, user0_.user_phone_number as user_pho4_21_0_, user0_.user_user_id as user_use5_21_0_, user0_.user_user_password as user_use6_21_0_ from user user0_ where user0_.user_id=?
Hibernate: select character0_.character_id as characte1_6_0_, character0_.character_character_name as characte2_6_0_ from characters character0_ where character0_.character_id=?
Hibernate: select count(*) as col_0_0_ from user user0_ where user0_.user_id=?
Hibernate: select character1_.character_id as characte1_6_, character1_.character_character_name as characte2_6_ from user user0_ inner join characters character1_ on user0_.character_id=character1_.character_id where user0_.user_id=?
Hibernate: select permission0_.character_id as characte6_12_0_, permission0_.permission_id as permissi1_12_0_, permission0_.permission_id as permissi1_12_1_, permission0_.character_id as characte6_12_1_, permission0_.permission_name as permissi2_12_1_, permission0_.permission_permission_unit_id as permissi3_12_1_, permission0_.permission_service as permissi4_12_1_, permission0_.permission_status as permissi5_12_1_ from permission permission0_ where permission0_.character_id=?
Hibernate: select count(*) as col_0_0_ from schedule schedule0_ where schedule0_.schedule_id=?
Hibernate: select schedule0_.schedule_id as schedule1_17_0_, schedule0_.schedule_finish_at as schedule2_17_0_, schedule0_.schedule_content as schedule3_17_0_, schedule0_.schedule_repeat_cycle as schedule4_17_0_, schedule0_.schedule_repeat_repeat_finish_at as schedule5_17_0_, schedule0_.schedule_title as schedule6_17_0_, schedule0_.schedule_started_at as schedule7_17_0_ from schedule schedule0_ where schedule0_.schedule_id=?
Hibernate: delete from schedule where schedule_id=?
Hibernate: select user0_.user_id as user_id1_21_0_, user0_.character_id as characte7_21_0_, user0_.user_created_at as user_cre2_21_0_, user0_.user_name as user_nam3_21_0_, user0_.user_phone_number as user_pho4_21_0_, user0_.user_user_id as user_use5_21_0_, user0_.user_user_password as user_use6_21_0_ from user user0_ where user0_.user_id=?
Hibernate: select character0_.character_id as characte1_6_0_, character0_.character_character_name as characte2_6_0_ from characters character0_ where character0_.character_id=?
Hibernate: select count(*) as col_0_0_ from schedule schedule0_ where schedule0_.schedule_id=?
Hibernate: select user0_.user_id as user_id1_21_0_, user0_.character_id as characte7_21_0_, user0_.user_created_at as user_cre2_21_0_, user0_.user_name as user_nam3_21_0_, user0_.user_phone_number as user_pho4_21_0_, user0_.user_user_id as user_use5_21_0_, user0_.user_user_password as user_use6_21_0_ from user user0_ where user0_.user_id=?
Hibernate: select character0_.character_id as characte1_6_0_, character0_.character_character_name as characte2_6_0_ from characters character0_ where character0_.character_id=?
Hibernate: SELECT * FROM SCHEDULE WHERE (YEAR(SCHEDULE_STARTED_AT) = ? AND MONTH(SCHEDULE_STARTED_AT) = ?) OR (YEAR(SCHEDULE_FINISH_AT) = ? AND MONTH(SCHEDULE_FINISH_AT) = ?)
Hibernate: select user0_.user_id as user_id1_21_0_, user0_.character_id as characte7_21_0_, user0_.user_created_at as user_cre2_21_0_, user0_.user_name as user_nam3_21_0_, user0_.user_phone_number as user_pho4_21_0_, user0_.user_user_id as user_use5_21_0_, user0_.user_user_password as user_use6_21_0_ from user user0_ where user0_.user_id=?
Hibernate: select character0_.character_id as characte1_6_0_, character0_.character_character_name as characte2_6_0_ from characters character0_ where character0_.character_id=?
Hibernate: select count(*) as col_0_0_ from user user0_ where user0_.user_id=?
Hibernate: select character1_.character_id as characte1_6_, character1_.character_character_name as characte2_6_ from user user0_ inner join characters character1_ on user0_.character_id=character1_.character_id where user0_.user_id=?
Hibernate: select permission0_.character_id as characte6_12_0_, permission0_.permission_id as permissi1_12_0_, permission0_.permission_id as permissi1_12_1_, permission0_.character_id as characte6_12_1_, permission0_.permission_name as permissi2_12_1_, permission0_.permission_permission_unit_id as permissi3_12_1_, permission0_.permission_service as permissi4_12_1_, permission0_.permission_status as permissi5_12_1_ from permission permission0_ where permission0_.character_id=?
Hibernate: select count(*) as col_0_0_ from schedule schedule0_ where schedule0_.schedule_id=?
Hibernate: select schedule0_.schedule_id as schedule1_17_0_, schedule0_.schedule_finish_at as schedule2_17_0_, schedule0_.schedule_content as schedule3_17_0_, schedule0_.schedule_repeat_cycle as schedule4_17_0_, schedule0_.schedule_repeat_repeat_finish_at as schedule5_17_0_, schedule0_.schedule_title as schedule6_17_0_, schedule0_.schedule_started_at as schedule7_17_0_ from schedule schedule0_ where schedule0_.schedule_id=?
Hibernate: delete from schedule where schedule_id=?
Hibernate: select user0_.user_id as user_id1_21_0_, user0_.character_id as characte7_21_0_, user0_.user_created_at as user_cre2_21_0_, user0_.user_name as user_nam3_21_0_, user0_.user_phone_number as user_pho4_21_0_, user0_.user_user_id as user_use5_21_0_, user0_.user_user_password as user_use6_21_0_ from user user0_ where user0_.user_id=?
Hibernate: select character0_.character_id as characte1_6_0_, character0_.character_character_name as characte2_6_0_ from characters character0_ where character0_.character_id=?
Hibernate: select count(*) as col_0_0_ from schedule schedule0_ where schedule0_.schedule_id=?
Hibernate: select user0_.user_id as user_id1_21_0_, user0_.character_id as characte7_21_0_, user0_.user_created_at as user_cre2_21_0_, user0_.user_name as user_nam3_21_0_, user0_.user_phone_number as user_pho4_21_0_, user0_.user_user_id as user_use5_21_0_, user0_.user_user_password as user_use6_21_0_ from user user0_ where user0_.user_id=?
Hibernate: select character0_.character_id as characte1_6_0_, character0_.character_character_name as characte2_6_0_ from characters character0_ where character0_.character_id=?
Hibernate: SELECT * FROM SCHEDULE WHERE (YEAR(SCHEDULE_STARTED_AT) = ? AND MONTH(SCHEDULE_STARTED_AT) = ?) OR (YEAR(SCHEDULE_FINISH_AT) = ? AND MONTH(SCHEDULE_FINISH_AT) = ?)
Hibernate: select user0_.user_id as user_id1_21_0_, user0_.character_id as characte7_21_0_, user0_.user_created_at as user_cre2_21_0_, user0_.user_name as user_nam3_21_0_, user0_.user_phone_number as user_pho4_21_0_, user0_.user_user_id as user_use5_21_0_, user0_.user_user_password as user_use6_21_0_ from user user0_ where user0_.user_id=?
Hibernate: select character0_.character_id as characte1_6_0_, character0_.character_character_name as characte2_6_0_ from characters character0_ where character0_.character_id=?
Hibernate: SELECT * FROM SCHEDULE WHERE (YEAR(SCHEDULE_STARTED_AT) = ? AND MONTH(SCHEDULE_STARTED_AT) = ?) OR (YEAR(SCHEDULE_FINISH_AT) = ? AND MONTH(SCHEDULE_FINISH_AT) = ?)
Hibernate: select user0_.user_id as user_id1_21_0_, user0_.character_id as characte7_21_0_, user0_.user_created_at as user_cre2_21_0_, user0_.user_name as user_nam3_21_0_, user0_.user_phone_number as user_pho4_21_0_, user0_.user_user_id as user_use5_21_0_, user0_.user_user_password as user_use6_21_0_ from user user0_ where user0_.user_id=?
Hibernate: select character0_.character_id as characte1_6_0_, character0_.character_character_name as characte2_6_0_ from characters character0_ where character0_.character_id=?
Hibernate: SELECT * FROM SCHEDULE WHERE (YEAR(SCHEDULE_STARTED_AT) = ? AND MONTH(SCHEDULE_STARTED_AT) = ?) OR (YEAR(SCHEDULE_FINISH_AT) = ? AND MONTH(SCHEDULE_FINISH_AT) = ?)
Hibernate: select user0_.user_id as user_id1_21_0_, user0_.character_id as characte7_21_0_, user0_.user_created_at as user_cre2_21_0_, user0_.user_name as user_nam3_21_0_, user0_.user_phone_number as user_pho4_21_0_, user0_.user_user_id as user_use5_21_0_, user0_.user_user_password as user_use6_21_0_ from user user0_ where user0_.user_id=?
Hibernate: select character0_.character_id as characte1_6_0_, character0_.character_character_name as characte2_6_0_ from characters character0_ where character0_.character_id=?
Hibernate: SELECT * FROM SCHEDULE WHERE (YEAR(SCHEDULE_STARTED_AT) = ? AND MONTH(SCHEDULE_STARTED_AT) = ?) OR (YEAR(SCHEDULE_FINISH_AT) = ? AND MONTH(SCHEDULE_FINISH_AT) = ?)
Hibernate: select user0_.user_id as user_id1_21_0_, user0_.character_id as characte7_21_0_, user0_.user_created_at as user_cre2_21_0_, user0_.user_name as user_nam3_21_0_, user0_.user_phone_number as user_pho4_21_0_, user0_.user_user_id as user_use5_21_0_, user0_.user_user_password as user_use6_21_0_ from user user0_ where user0_.user_id=?
Hibernate: select character0_.character_id as characte1_6_0_, character0_.character_character_name as characte2_6_0_ from characters character0_ where character0_.character_id=?
Hibernate: SELECT * FROM SCHEDULE WHERE (YEAR(SCHEDULE_STARTED_AT) = ? AND MONTH(SCHEDULE_STARTED_AT) = ?) OR (YEAR(SCHEDULE_FINISH_AT) = ? AND MONTH(SCHEDULE_FINISH_AT) = ?)
Hibernate: select user0_.user_id as user_id1_21_0_, user0_.character_id as characte7_21_0_, user0_.user_created_at as user_cre2_21_0_, user0_.user_name as user_nam3_21_0_, user0_.user_phone_number as user_pho4_21_0_, user0_.user_user_id as user_use5_21_0_, user0_.user_user_password as user_use6_21_0_ from user user0_ where user0_.user_id=?
Hibernate: select character0_.character_id as characte1_6_0_, character0_.character_character_name as characte2_6_0_ from characters character0_ where character0_.character_id=?
Hibernate: SELECT * FROM SCHEDULE WHERE (YEAR(SCHEDULE_STARTED_AT) = ? AND MONTH(SCHEDULE_STARTED_AT) = ?) OR (YEAR(SCHEDULE_FINISH_AT) = ? AND MONTH(SCHEDULE_FINISH_AT) = ?)
Hibernate: select user0_.user_id as user_id1_21_0_, user0_.character_id as characte7_21_0_, user0_.user_created_at as user_cre2_21_0_, user0_.user_name as user_nam3_21_0_, user0_.user_phone_number as user_pho4_21_0_, user0_.user_user_id as user_use5_21_0_, user0_.user_user_password as user_use6_21_0_ from user user0_ where user0_.user_id=?
Hibernate: select character0_.character_id as characte1_6_0_, character0_.character_character_name as characte2_6_0_ from characters character0_ where character0_.character_id=?
Hibernate: SELECT * FROM SCHEDULE WHERE (YEAR(SCHEDULE_STARTED_AT) = ? AND MONTH(SCHEDULE_STARTED_AT) = ?) OR (YEAR(SCHEDULE_FINISH_AT) = ? AND MONTH(SCHEDULE_FINISH_AT) = ?)
Hibernate: select user0_.user_id as user_id1_21_0_, user0_.character_id as characte7_21_0_, user0_.user_created_at as user_cre2_21_0_, user0_.user_name as user_nam3_21_0_, user0_.user_phone_number as user_pho4_21_0_, user0_.user_user_id as user_use5_21_0_, user0_.user_user_password as user_use6_21_0_ from user user0_ where user0_.user_id=?
Hibernate: select character0_.character_id as characte1_6_0_, character0_.character_character_name as characte2_6_0_ from characters character0_ where character0_.character_id=?
Hibernate: SELECT * FROM SCHEDULE WHERE (YEAR(SCHEDULE_STARTED_AT) = ? AND MONTH(SCHEDULE_STARTED_AT) = ?) OR (YEAR(SCHEDULE_FINISH_AT) = ? AND MONTH(SCHEDULE_FINISH_AT) = ?)
Hibernate: select user0_.user_id as user_id1_21_0_, user0_.character_id as characte7_21_0_, user0_.user_created_at as user_cre2_21_0_, user0_.user_name as user_nam3_21_0_, user0_.user_phone_number as user_pho4_21_0_, user0_.user_user_id as user_use5_21_0_, user0_.user_user_password as user_use6_21_0_ from user user0_ where user0_.user_id=?
Hibernate: select character0_.character_id as characte1_6_0_, character0_.character_character_name as characte2_6_0_ from characters character0_ where character0_.character_id=?
Hibernate: SELECT * FROM SCHEDULE WHERE (YEAR(SCHEDULE_STARTED_AT) = ? AND MONTH(SCHEDULE_STARTED_AT) = ?) OR (YEAR(SCHEDULE_FINISH_AT) = ? AND MONTH(SCHEDULE_FINISH_AT) = ?)
Hibernate: select user0_.user_id as user_id1_21_0_, user0_.character_id as characte7_21_0_, user0_.user_created_at as user_cre2_21_0_, user0_.user_name as user_nam3_21_0_, user0_.user_phone_number as user_pho4_21_0_, user0_.user_user_id as user_use5_21_0_, user0_.user_user_password as user_use6_21_0_ from user user0_ where user0_.user_id=?
Hibernate: select character0_.character_id as characte1_6_0_, character0_.character_character_name as characte2_6_0_ from characters character0_ where character0_.character_id=?
Hibernate: SELECT * FROM SCHEDULE WHERE (YEAR(SCHEDULE_STARTED_AT) = ? AND MONTH(SCHEDULE_STARTED_AT) = ?) OR (YEAR(SCHEDULE_FINISH_AT) = ? AND MONTH(SCHEDULE_FINISH_AT) = ?)
Hibernate: select user0_.user_id as col_0_0_ from user user0_ where user0_.user_user_id=? limit ?
Hibernate: select user0_.user_id as col_0_0_ from user user0_ where user0_.user_user_id=? limit ?
Hibernate: select U.* from USER U where U.USER_USER_ID =?
Hibernate: select character0_.character_id as characte1_6_0_, character0_.character_character_name as characte2_6_0_ from characters character0_ where character0_.character_id=?
Hibernate: select user0_.user_id as col_0_0_ from user user0_ where user0_.user_user_id=? limit ?
Hibernate: select user0_.user_id as col_0_0_ from user user0_ where user0_.user_user_id=? limit ?
Hibernate: select U.* from USER U where U.USER_USER_ID =?
Hibernate: select character0_.character_id as characte1_6_0_, character0_.character_character_name as characte2_6_0_ from characters character0_ where character0_.character_id=?
Hibernate: select user0_.user_id as user_id1_21_0_, user0_.character_id as characte7_21_0_, user0_.user_created_at as user_cre2_21_0_, user0_.user_name as user_nam3_21_0_, user0_.user_phone_number as user_pho4_21_0_, user0_.user_user_id as user_use5_21_0_, user0_.user_user_password as user_use6_21_0_ from user user0_ where user0_.user_id=?
Hibernate: select character0_.character_id as characte1_6_0_, character0_.character_character_name as characte2_6_0_ from characters character0_ where character0_.character_id=?
Hibernate: SELECT * FROM SCHEDULE WHERE (YEAR(SCHEDULE_STARTED_AT) = ? AND MONTH(SCHEDULE_STARTED_AT) = ?) OR (YEAR(SCHEDULE_FINISH_AT) = ? AND MONTH(SCHEDULE_FINISH_AT) = ?)
Hibernate: select user0_.user_id as user_id1_21_0_, user0_.character_id as characte7_21_0_, user0_.user_created_at as user_cre2_21_0_, user0_.user_name as user_nam3_21_0_, user0_.user_phone_number as user_pho4_21_0_, user0_.user_user_id as user_use5_21_0_, user0_.user_user_password as user_use6_21_0_ from user user0_ where user0_.user_id=?
Hibernate: select character0_.character_id as characte1_6_0_, character0_.character_character_name as characte2_6_0_ from characters character0_ where character0_.character_id=?
Hibernate: SELECT * FROM SCHEDULE WHERE (YEAR(SCHEDULE_STARTED_AT) = ? AND MONTH(SCHEDULE_STARTED_AT) = ?) OR (YEAR(SCHEDULE_FINISH_AT) = ? AND MONTH(SCHEDULE_FINISH_AT) = ?)
Hibernate: select user0_.user_id as user_id1_21_0_, user0_.character_id as characte7_21_0_, user0_.user_created_at as user_cre2_21_0_, user0_.user_name as user_nam3_21_0_, user0_.user_phone_number as user_pho4_21_0_, user0_.user_user_id as user_use5_21_0_, user0_.user_user_password as user_use6_21_0_ from user user0_ where user0_.user_id=?
Hibernate: select character0_.character_id as characte1_6_0_, character0_.character_character_name as characte2_6_0_ from characters character0_ where character0_.character_id=?
Hibernate: SELECT * FROM SCHEDULE WHERE (YEAR(SCHEDULE_STARTED_AT) = ? AND MONTH(SCHEDULE_STARTED_AT) = ?) OR (YEAR(SCHEDULE_FINISH_AT) = ? AND MONTH(SCHEDULE_FINISH_AT) = ?)
Hibernate: select user0_.user_id as user_id1_21_0_, user0_.character_id as characte7_21_0_, user0_.user_created_at as user_cre2_21_0_, user0_.user_name as user_nam3_21_0_, user0_.user_phone_number as user_pho4_21_0_, user0_.user_user_id as user_use5_21_0_, user0_.user_user_password as user_use6_21_0_ from user user0_ where user0_.user_id=?
Hibernate: select character0_.character_id as characte1_6_0_, character0_.character_character_name as characte2_6_0_ from characters character0_ where character0_.character_id=?
Hibernate: SELECT * FROM SCHEDULE WHERE (YEAR(SCHEDULE_STARTED_AT) = ? AND MONTH(SCHEDULE_STARTED_AT) = ?) OR (YEAR(SCHEDULE_FINISH_AT) = ? AND MONTH(SCHEDULE_FINISH_AT) = ?)
Hibernate: select user0_.user_id as user_id1_21_0_, user0_.character_id as characte7_21_0_, user0_.user_created_at as user_cre2_21_0_, user0_.user_name as user_nam3_21_0_, user0_.user_phone_number as user_pho4_21_0_, user0_.user_user_id as user_use5_21_0_, user0_.user_user_password as user_use6_21_0_ from user user0_ where user0_.user_id=?
Hibernate: select character0_.character_id as characte1_6_0_, character0_.character_character_name as characte2_6_0_ from characters character0_ where character0_.character_id=?
Hibernate: SELECT * FROM SCHEDULE WHERE (YEAR(SCHEDULE_STARTED_AT) = ? AND MONTH(SCHEDULE_STARTED_AT) = ?) OR (YEAR(SCHEDULE_FINISH_AT) = ? AND MONTH(SCHEDULE_FINISH_AT) = ?)
Hibernate: select user0_.user_id as user_id1_21_0_, user0_.character_id as characte7_21_0_, user0_.user_created_at as user_cre2_21_0_, user0_.user_name as user_nam3_21_0_, user0_.user_phone_number as user_pho4_21_0_, user0_.user_user_id as user_use5_21_0_, user0_.user_user_password as user_use6_21_0_ from user user0_ where user0_.user_id=?
Hibernate: select character0_.character_id as characte1_6_0_, character0_.character_character_name as characte2_6_0_ from characters character0_ where character0_.character_id=?
Hibernate: SELECT * FROM SCHEDULE WHERE (YEAR(SCHEDULE_STARTED_AT) = ? AND MONTH(SCHEDULE_STARTED_AT) = ?) OR (YEAR(SCHEDULE_FINISH_AT) = ? AND MONTH(SCHEDULE_FINISH_AT) = ?)
Hibernate: select user0_.user_id as user_id1_21_0_, user0_.character_id as characte7_21_0_, user0_.user_created_at as user_cre2_21_0_, user0_.user_name as user_nam3_21_0_, user0_.user_phone_number as user_pho4_21_0_, user0_.user_user_id as user_use5_21_0_, user0_.user_user_password as user_use6_21_0_ from user user0_ where user0_.user_id=?
Hibernate: select character0_.character_id as characte1_6_0_, character0_.character_character_name as characte2_6_0_ from characters character0_ where character0_.character_id=?
Hibernate: SELECT * FROM SCHEDULE WHERE (YEAR(SCHEDULE_STARTED_AT) = ? AND MONTH(SCHEDULE_STARTED_AT) = ?) OR (YEAR(SCHEDULE_FINISH_AT) = ? AND MONTH(SCHEDULE_FINISH_AT) = ?)
Hibernate: select user0_.user_id as user_id1_21_0_, user0_.character_id as characte7_21_0_, user0_.user_created_at as user_cre2_21_0_, user0_.user_name as user_nam3_21_0_, user0_.user_phone_number as user_pho4_21_0_, user0_.user_user_id as user_use5_21_0_, user0_.user_user_password as user_use6_21_0_ from user user0_ where user0_.user_id=?
Hibernate: select character0_.character_id as characte1_6_0_, character0_.character_character_name as characte2_6_0_ from characters character0_ where character0_.character_id=?
Hibernate: SELECT * FROM SCHEDULE WHERE (YEAR(SCHEDULE_STARTED_AT) = ? AND MONTH(SCHEDULE_STARTED_AT) = ?) OR (YEAR(SCHEDULE_FINISH_AT) = ? AND MONTH(SCHEDULE_FINISH_AT) = ?)
Hibernate: select user0_.user_id as user_id1_21_0_, user0_.character_id as characte7_21_0_, user0_.user_created_at as user_cre2_21_0_, user0_.user_name as user_nam3_21_0_, user0_.user_phone_number as user_pho4_21_0_, user0_.user_user_id as user_use5_21_0_, user0_.user_user_password as user_use6_21_0_ from user user0_ where user0_.user_id=?
Hibernate: select character0_.character_id as characte1_6_0_, character0_.character_character_name as characte2_6_0_ from characters character0_ where character0_.character_id=?
Hibernate: SELECT * FROM SCHEDULE WHERE (YEAR(SCHEDULE_STARTED_AT) = ? AND MONTH(SCHEDULE_STARTED_AT) = ?) OR (YEAR(SCHEDULE_FINISH_AT) = ? AND MONTH(SCHEDULE_FINISH_AT) = ?)
Hibernate: select user0_.user_id as user_id1_21_0_, user0_.character_id as characte7_21_0_, user0_.user_created_at as user_cre2_21_0_, user0_.user_name as user_nam3_21_0_, user0_.user_phone_number as user_pho4_21_0_, user0_.user_user_id as user_use5_21_0_, user0_.user_user_password as user_use6_21_0_ from user user0_ where user0_.user_id=?
Hibernate: select character0_.character_id as characte1_6_0_, character0_.character_character_name as characte2_6_0_ from characters character0_ where character0_.character_id=?
Hibernate: SELECT * FROM SCHEDULE WHERE (YEAR(SCHEDULE_STARTED_AT) = ? AND MONTH(SCHEDULE_STARTED_AT) = ?) OR (YEAR(SCHEDULE_FINISH_AT) = ? AND MONTH(SCHEDULE_FINISH_AT) = ?)
Hibernate: select user0_.user_id as user_id1_21_0_, user0_.character_id as characte7_21_0_, user0_.user_created_at as user_cre2_21_0_, user0_.user_name as user_nam3_21_0_, user0_.user_phone_number as user_pho4_21_0_, user0_.user_user_id as user_use5_21_0_, user0_.user_user_password as user_use6_21_0_ from user user0_ where user0_.user_id=?
Hibernate: select character0_.character_id as characte1_6_0_, character0_.character_character_name as characte2_6_0_ from characters character0_ where character0_.character_id=?
Hibernate: SELECT * FROM SCHEDULE WHERE (YEAR(SCHEDULE_STARTED_AT) = ? AND MONTH(SCHEDULE_STARTED_AT) = ?) OR (YEAR(SCHEDULE_FINISH_AT) = ? AND MONTH(SCHEDULE_FINISH_AT) = ?)
Hibernate: select user0_.user_id as user_id1_21_0_, user0_.character_id as characte7_21_0_, user0_.user_created_at as user_cre2_21_0_, user0_.user_name as user_nam3_21_0_, user0_.user_phone_number as user_pho4_21_0_, user0_.user_user_id as user_use5_21_0_, user0_.user_user_password as user_use6_21_0_ from user user0_ where user0_.user_id=?
Hibernate: select character0_.character_id as characte1_6_0_, character0_.character_character_name as characte2_6_0_ from characters character0_ where character0_.character_id=?
Hibernate: SELECT * FROM SCHEDULE WHERE (YEAR(SCHEDULE_STARTED_AT) = ? AND MONTH(SCHEDULE_STARTED_AT) = ?) OR (YEAR(SCHEDULE_FINISH_AT) = ? AND MONTH(SCHEDULE_FINISH_AT) = ?)
Hibernate: select user0_.user_id as col_0_0_ from user user0_ where user0_.user_user_id=? limit ?
Hibernate: select user0_.user_id as col_0_0_ from user user0_ where user0_.user_user_id=? limit ?
Hibernate: select U.* from USER U where U.USER_USER_ID =?
Hibernate: select character0_.character_id as characte1_6_0_, character0_.character_character_name as characte2_6_0_ from characters character0_ where character0_.character_id=?
Hibernate: select user0_.user_id as col_0_0_ from user user0_ where user0_.user_user_id=? limit ?
Hibernate: select user0_.user_id as col_0_0_ from user user0_ where user0_.user_user_id=? limit ?
Hibernate: select U.* from USER U where U.USER_USER_ID =?
Hibernate: select character0_.character_id as characte1_6_0_, character0_.character_character_name as characte2_6_0_ from characters character0_ where character0_.character_id=?
Hibernate: select user0_.user_id as user_id1_21_0_, user0_.character_id as characte7_21_0_, user0_.user_created_at as user_cre2_21_0_, user0_.user_name as user_nam3_21_0_, user0_.user_phone_number as user_pho4_21_0_, user0_.user_user_id as user_use5_21_0_, user0_.user_user_password as user_use6_21_0_ from user user0_ where user0_.user_id=?
Hibernate: select character0_.character_id as characte1_6_0_, character0_.character_character_name as characte2_6_0_ from characters character0_ where character0_.character_id=?
Hibernate: select count(*) as col_0_0_ from user user0_ where user0_.user_id=?
Hibernate: select character1_.character_id as characte1_6_, character1_.character_character_name as characte2_6_ from user user0_ inner join characters character1_ on user0_.character_id=character1_.character_id where user0_.user_id=?
Hibernate: select permission0_.character_id as characte6_12_0_, permission0_.permission_id as permissi1_12_0_, permission0_.permission_id as permissi1_12_1_, permission0_.character_id as characte6_12_1_, permission0_.permission_name as permissi2_12_1_, permission0_.permission_permission_unit_id as permissi3_12_1_, permission0_.permission_service as permissi4_12_1_, permission0_.permission_status as permissi5_12_1_ from permission permission0_ where permission0_.character_id=?
Hibernate: select schedule0_.schedule_id as schedule1_17_0_, schedule0_.schedule_finish_at as schedule2_17_0_, schedule0_.schedule_content as schedule3_17_0_, schedule0_.schedule_repeat_cycle as schedule4_17_0_, schedule0_.schedule_repeat_repeat_finish_at as schedule5_17_0_, schedule0_.schedule_title as schedule6_17_0_, schedule0_.schedule_started_at as schedule7_17_0_ from schedule schedule0_ where schedule0_.schedule_id=?
Hibernate: insert into schedule (schedule_id, schedule_finish_at, schedule_content, schedule_repeat_cycle, schedule_repeat_repeat_finish_at, schedule_title, schedule_started_at) values (default, ?, ?, ?, ?, ?, ?)
Hibernate: select user0_.user_id as user_id1_21_0_, user0_.character_id as characte7_21_0_, user0_.user_created_at as user_cre2_21_0_, user0_.user_name as user_nam3_21_0_, user0_.user_phone_number as user_pho4_21_0_, user0_.user_user_id as user_use5_21_0_, user0_.user_user_password as user_use6_21_0_ from user user0_ where user0_.user_id=?
Hibernate: select character0_.character_id as characte1_6_0_, character0_.character_character_name as characte2_6_0_ from characters character0_ where character0_.character_id=?
Hibernate: SELECT * FROM SCHEDULE WHERE (YEAR(SCHEDULE_STARTED_AT) = ? AND MONTH(SCHEDULE_STARTED_AT) = ?) OR (YEAR(SCHEDULE_FINISH_AT) = ? AND MONTH(SCHEDULE_FINISH_AT) = ?)
Hibernate: select user0_.user_id as user_id1_21_0_, user0_.character_id as characte7_21_0_, user0_.user_created_at as user_cre2_21_0_, user0_.user_name as user_nam3_21_0_, user0_.user_phone_number as user_pho4_21_0_, user0_.user_user_id as user_use5_21_0_, user0_.user_user_password as user_use6_21_0_ from user user0_ where user0_.user_id=?
Hibernate: select character0_.character_id as characte1_6_0_, character0_.character_character_name as characte2_6_0_ from characters character0_ where character0_.character_id=?
Hibernate: select count(*) as col_0_0_ from schedule schedule0_ where schedule0_.schedule_id=?
Hibernate: select schedule0_.schedule_id as schedule1_17_0_, schedule0_.schedule_finish_at as schedule2_17_0_, schedule0_.schedule_content as schedule3_17_0_, schedule0_.schedule_repeat_cycle as schedule4_17_0_, schedule0_.schedule_repeat_repeat_finish_at as schedule5_17_0_, schedule0_.schedule_title as schedule6_17_0_, schedule0_.schedule_started_at as schedule7_17_0_ from schedule schedule0_ where schedule0_.schedule_id=?

MockHttpServletRequest:
      HTTP Method = GET
      Request URI = /schedule/14
       Parameters = {}
          Headers = [Accept:"application/json", Api-version:"1.0", Authorization:"Bearer eyJhbGciOiJIUzI1NiJ9.eyJzdWIiOiIxIiwiaWF0IjoxNjg3ODc3NDY4LCJleHAiOjE2ODc4ODEwNjh9.L4tO6_dDAW_EBZT75Jfu2R72X2bmpa30eKXBNOnKWzQ"]
             Body = null
    Session Attrs = {}

Handler:
             Type = org.waldreg.controller.schedule.ScheduleController
           Method = org.waldreg.controller.schedule.ScheduleController#readScheduleById(int)

Async:
    Async started = false
     Async result = null

Resolved Exception:
             Type = null

ModelAndView:
        View name = null
             View = null
            Model = null

FlashMap:
       Attributes = null

MockHttpServletResponse:
           Status = 200
    Error message = null
          Headers = [Vary:"Origin", "Access-Control-Request-Method", "Access-Control-Request-Headers", Api-version:"1.0", Content-Type:"application/json"]
     Content type = application/json
             Body = {"id":14,"schedule_title":"seminar","schedule_content":"BFS","started_at":"2023-01-24T20:52","finish_at":"2023-01-31T23:59","repeat":{"cycle":123,"repeat_finish_at":"2023-12-31T23:59"}}
    Forwarded URL = null
   Redirected URL = null
          Cookies = []
Hibernate: select user0_.user_id as col_0_0_ from user user0_ where user0_.user_user_id=? limit ?
Hibernate: select user0_.user_id as col_0_0_ from user user0_ where user0_.user_user_id=? limit ?
Hibernate: select U.* from USER U where U.USER_USER_ID =?
Hibernate: select character0_.character_id as characte1_6_0_, character0_.character_character_name as characte2_6_0_ from characters character0_ where character0_.character_id=?
Hibernate: select user0_.user_id as user_id1_21_0_, user0_.character_id as characte7_21_0_, user0_.user_created_at as user_cre2_21_0_, user0_.user_name as user_nam3_21_0_, user0_.user_phone_number as user_pho4_21_0_, user0_.user_user_id as user_use5_21_0_, user0_.user_user_password as user_use6_21_0_ from user user0_ where user0_.user_id=?
Hibernate: select character0_.character_id as characte1_6_0_, character0_.character_character_name as characte2_6_0_ from characters character0_ where character0_.character_id=?
Hibernate: SELECT * FROM SCHEDULE WHERE (YEAR(SCHEDULE_STARTED_AT) = ? AND MONTH(SCHEDULE_STARTED_AT) = ?) OR (YEAR(SCHEDULE_FINISH_AT) = ? AND MONTH(SCHEDULE_FINISH_AT) = ?)
Hibernate: select user0_.user_id as user_id1_21_0_, user0_.character_id as characte7_21_0_, user0_.user_created_at as user_cre2_21_0_, user0_.user_name as user_nam3_21_0_, user0_.user_phone_number as user_pho4_21_0_, user0_.user_user_id as user_use5_21_0_, user0_.user_user_password as user_use6_21_0_ from user user0_ where user0_.user_id=?
Hibernate: select character0_.character_id as characte1_6_0_, character0_.character_character_name as characte2_6_0_ from characters character0_ where character0_.character_id=?
Hibernate: select count(*) as col_0_0_ from user user0_ where user0_.user_id=?
Hibernate: select character1_.character_id as characte1_6_, character1_.character_character_name as characte2_6_ from user user0_ inner join characters character1_ on user0_.character_id=character1_.character_id where user0_.user_id=?
Hibernate: select permission0_.character_id as characte6_12_0_, permission0_.permission_id as permissi1_12_0_, permission0_.permission_id as permissi1_12_1_, permission0_.character_id as characte6_12_1_, permission0_.permission_name as permissi2_12_1_, permission0_.permission_permission_unit_id as permissi3_12_1_, permission0_.permission_service as permissi4_12_1_, permission0_.permission_status as permissi5_12_1_ from permission permission0_ where permission0_.character_id=?
Hibernate: select count(*) as col_0_0_ from schedule schedule0_ where schedule0_.schedule_id=?
Hibernate: select schedule0_.schedule_id as schedule1_17_0_, schedule0_.schedule_finish_at as schedule2_17_0_, schedule0_.schedule_content as schedule3_17_0_, schedule0_.schedule_repeat_cycle as schedule4_17_0_, schedule0_.schedule_repeat_repeat_finish_at as schedule5_17_0_, schedule0_.schedule_title as schedule6_17_0_, schedule0_.schedule_started_at as schedule7_17_0_ from schedule schedule0_ where schedule0_.schedule_id=?
Hibernate: delete from schedule where schedule_id=?
Hibernate: select user0_.user_id as user_id1_21_0_, user0_.character_id as characte7_21_0_, user0_.user_created_at as user_cre2_21_0_, user0_.user_name as user_nam3_21_0_, user0_.user_phone_number as user_pho4_21_0_, user0_.user_user_id as user_use5_21_0_, user0_.user_user_password as user_use6_21_0_ from user user0_ where user0_.user_id=?
Hibernate: select character0_.character_id as characte1_6_0_, character0_.character_character_name as characte2_6_0_ from characters character0_ where character0_.character_id=?
Hibernate: select count(*) as col_0_0_ from schedule schedule0_ where schedule0_.schedule_id=?
Hibernate: select user0_.user_id as user_id1_21_0_, user0_.character_id as characte7_21_0_, user0_.user_created_at as user_cre2_21_0_, user0_.user_name as user_nam3_21_0_, user0_.user_phone_number as user_pho4_21_0_, user0_.user_user_id as user_use5_21_0_, user0_.user_user_password as user_use6_21_0_ from user user0_ where user0_.user_id=?
Hibernate: select character0_.character_id as characte1_6_0_, character0_.character_character_name as characte2_6_0_ from characters character0_ where character0_.character_id=?
Hibernate: SELECT * FROM SCHEDULE WHERE (YEAR(SCHEDULE_STARTED_AT) = ? AND MONTH(SCHEDULE_STARTED_AT) = ?) OR (YEAR(SCHEDULE_FINISH_AT) = ? AND MONTH(SCHEDULE_FINISH_AT) = ?)
Hibernate: select user0_.user_id as user_id1_21_0_, user0_.character_id as characte7_21_0_, user0_.user_created_at as user_cre2_21_0_, user0_.user_name as user_nam3_21_0_, user0_.user_phone_number as user_pho4_21_0_, user0_.user_user_id as user_use5_21_0_, user0_.user_user_password as user_use6_21_0_ from user user0_ where user0_.user_id=?
Hibernate: select character0_.character_id as characte1_6_0_, character0_.character_character_name as characte2_6_0_ from characters character0_ where character0_.character_id=?
Hibernate: SELECT * FROM SCHEDULE WHERE (YEAR(SCHEDULE_STARTED_AT) = ? AND MONTH(SCHEDULE_STARTED_AT) = ?) OR (YEAR(SCHEDULE_FINISH_AT) = ? AND MONTH(SCHEDULE_FINISH_AT) = ?)
Hibernate: select user0_.user_id as user_id1_21_0_, user0_.character_id as characte7_21_0_, user0_.user_created_at as user_cre2_21_0_, user0_.user_name as user_nam3_21_0_, user0_.user_phone_number as user_pho4_21_0_, user0_.user_user_id as user_use5_21_0_, user0_.user_user_password as user_use6_21_0_ from user user0_ where user0_.user_id=?
Hibernate: select character0_.character_id as characte1_6_0_, character0_.character_character_name as characte2_6_0_ from characters character0_ where character0_.character_id=?
Hibernate: SELECT * FROM SCHEDULE WHERE (YEAR(SCHEDULE_STARTED_AT) = ? AND MONTH(SCHEDULE_STARTED_AT) = ?) OR (YEAR(SCHEDULE_FINISH_AT) = ? AND MONTH(SCHEDULE_FINISH_AT) = ?)
Hibernate: select user0_.user_id as user_id1_21_0_, user0_.character_id as characte7_21_0_, user0_.user_created_at as user_cre2_21_0_, user0_.user_name as user_nam3_21_0_, user0_.user_phone_number as user_pho4_21_0_, user0_.user_user_id as user_use5_21_0_, user0_.user_user_password as user_use6_21_0_ from user user0_ where user0_.user_id=?
Hibernate: select character0_.character_id as characte1_6_0_, character0_.character_character_name as characte2_6_0_ from characters character0_ where character0_.character_id=?
Hibernate: SELECT * FROM SCHEDULE WHERE (YEAR(SCHEDULE_STARTED_AT) = ? AND MONTH(SCHEDULE_STARTED_AT) = ?) OR (YEAR(SCHEDULE_FINISH_AT) = ? AND MONTH(SCHEDULE_FINISH_AT) = ?)
Hibernate: select user0_.user_id as user_id1_21_0_, user0_.character_id as characte7_21_0_, user0_.user_created_at as user_cre2_21_0_, user0_.user_name as user_nam3_21_0_, user0_.user_phone_number as user_pho4_21_0_, user0_.user_user_id as user_use5_21_0_, user0_.user_user_password as user_use6_21_0_ from user user0_ where user0_.user_id=?
Hibernate: select character0_.character_id as characte1_6_0_, character0_.character_character_name as characte2_6_0_ from characters character0_ where character0_.character_id=?
Hibernate: SELECT * FROM SCHEDULE WHERE (YEAR(SCHEDULE_STARTED_AT) = ? AND MONTH(SCHEDULE_STARTED_AT) = ?) OR (YEAR(SCHEDULE_FINISH_AT) = ? AND MONTH(SCHEDULE_FINISH_AT) = ?)
Hibernate: select user0_.user_id as user_id1_21_0_, user0_.character_id as characte7_21_0_, user0_.user_created_at as user_cre2_21_0_, user0_.user_name as user_nam3_21_0_, user0_.user_phone_number as user_pho4_21_0_, user0_.user_user_id as user_use5_21_0_, user0_.user_user_password as user_use6_21_0_ from user user0_ where user0_.user_id=?
Hibernate: select character0_.character_id as characte1_6_0_, character0_.character_character_name as characte2_6_0_ from characters character0_ where character0_.character_id=?
Hibernate: SELECT * FROM SCHEDULE WHERE (YEAR(SCHEDULE_STARTED_AT) = ? AND MONTH(SCHEDULE_STARTED_AT) = ?) OR (YEAR(SCHEDULE_FINISH_AT) = ? AND MONTH(SCHEDULE_FINISH_AT) = ?)
Hibernate: select user0_.user_id as user_id1_21_0_, user0_.character_id as characte7_21_0_, user0_.user_created_at as user_cre2_21_0_, user0_.user_name as user_nam3_21_0_, user0_.user_phone_number as user_pho4_21_0_, user0_.user_user_id as user_use5_21_0_, user0_.user_user_password as user_use6_21_0_ from user user0_ where user0_.user_id=?
Hibernate: select character0_.character_id as characte1_6_0_, character0_.character_character_name as characte2_6_0_ from characters character0_ where character0_.character_id=?
Hibernate: SELECT * FROM SCHEDULE WHERE (YEAR(SCHEDULE_STARTED_AT) = ? AND MONTH(SCHEDULE_STARTED_AT) = ?) OR (YEAR(SCHEDULE_FINISH_AT) = ? AND MONTH(SCHEDULE_FINISH_AT) = ?)
Hibernate: select user0_.user_id as user_id1_21_0_, user0_.character_id as characte7_21_0_, user0_.user_created_at as user_cre2_21_0_, user0_.user_name as user_nam3_21_0_, user0_.user_phone_number as user_pho4_21_0_, user0_.user_user_id as user_use5_21_0_, user0_.user_user_password as user_use6_21_0_ from user user0_ where user0_.user_id=?
Hibernate: select character0_.character_id as characte1_6_0_, character0_.character_character_name as characte2_6_0_ from characters character0_ where character0_.character_id=?
Hibernate: SELECT * FROM SCHEDULE WHERE (YEAR(SCHEDULE_STARTED_AT) = ? AND MONTH(SCHEDULE_STARTED_AT) = ?) OR (YEAR(SCHEDULE_FINISH_AT) = ? AND MONTH(SCHEDULE_FINISH_AT) = ?)
Hibernate: select user0_.user_id as user_id1_21_0_, user0_.character_id as characte7_21_0_, user0_.user_created_at as user_cre2_21_0_, user0_.user_name as user_nam3_21_0_, user0_.user_phone_number as user_pho4_21_0_, user0_.user_user_id as user_use5_21_0_, user0_.user_user_password as user_use6_21_0_ from user user0_ where user0_.user_id=?
Hibernate: select character0_.character_id as characte1_6_0_, character0_.character_character_name as characte2_6_0_ from characters character0_ where character0_.character_id=?
Hibernate: SELECT * FROM SCHEDULE WHERE (YEAR(SCHEDULE_STARTED_AT) = ? AND MONTH(SCHEDULE_STARTED_AT) = ?) OR (YEAR(SCHEDULE_FINISH_AT) = ? AND MONTH(SCHEDULE_FINISH_AT) = ?)
Hibernate: select user0_.user_id as user_id1_21_0_, user0_.character_id as characte7_21_0_, user0_.user_created_at as user_cre2_21_0_, user0_.user_name as user_nam3_21_0_, user0_.user_phone_number as user_pho4_21_0_, user0_.user_user_id as user_use5_21_0_, user0_.user_user_password as user_use6_21_0_ from user user0_ where user0_.user_id=?
Hibernate: select character0_.character_id as characte1_6_0_, character0_.character_character_name as characte2_6_0_ from characters character0_ where character0_.character_id=?
Hibernate: SELECT * FROM SCHEDULE WHERE (YEAR(SCHEDULE_STARTED_AT) = ? AND MONTH(SCHEDULE_STARTED_AT) = ?) OR (YEAR(SCHEDULE_FINISH_AT) = ? AND MONTH(SCHEDULE_FINISH_AT) = ?)
Hibernate: select user0_.user_id as user_id1_21_0_, user0_.character_id as characte7_21_0_, user0_.user_created_at as user_cre2_21_0_, user0_.user_name as user_nam3_21_0_, user0_.user_phone_number as user_pho4_21_0_, user0_.user_user_id as user_use5_21_0_, user0_.user_user_password as user_use6_21_0_ from user user0_ where user0_.user_id=?
Hibernate: select character0_.character_id as characte1_6_0_, character0_.character_character_name as characte2_6_0_ from characters character0_ where character0_.character_id=?
Hibernate: SELECT * FROM SCHEDULE WHERE (YEAR(SCHEDULE_STARTED_AT) = ? AND MONTH(SCHEDULE_STARTED_AT) = ?) OR (YEAR(SCHEDULE_FINISH_AT) = ? AND MONTH(SCHEDULE_FINISH_AT) = ?)
Hibernate: select user0_.user_id as col_0_0_ from user user0_ where user0_.user_user_id=? limit ?
Hibernate: select user0_.user_id as col_0_0_ from user user0_ where user0_.user_user_id=? limit ?
Hibernate: select U.* from USER U where U.USER_USER_ID =?
Hibernate: select character0_.character_id as characte1_6_0_, character0_.character_character_name as characte2_6_0_ from characters character0_ where character0_.character_id=?
Hibernate: select user0_.user_id as col_0_0_ from user user0_ where user0_.user_user_id=? limit ?
Hibernate: select user0_.user_id as col_0_0_ from user user0_ where user0_.user_user_id=? limit ?
Hibernate: select U.* from USER U where U.USER_USER_ID =?
Hibernate: select character0_.character_id as characte1_6_0_, character0_.character_character_name as characte2_6_0_ from characters character0_ where character0_.character_id=?
Hibernate: select user0_.user_id as user_id1_21_0_, user0_.character_id as characte7_21_0_, user0_.user_created_at as user_cre2_21_0_, user0_.user_name as user_nam3_21_0_, user0_.user_phone_number as user_pho4_21_0_, user0_.user_user_id as user_use5_21_0_, user0_.user_user_password as user_use6_21_0_ from user user0_ where user0_.user_id=?
Hibernate: select character0_.character_id as characte1_6_0_, character0_.character_character_name as characte2_6_0_ from characters character0_ where character0_.character_id=?
Hibernate: SELECT * FROM SCHEDULE WHERE (YEAR(SCHEDULE_STARTED_AT) = ? AND MONTH(SCHEDULE_STARTED_AT) = ?) OR (YEAR(SCHEDULE_FINISH_AT) = ? AND MONTH(SCHEDULE_FINISH_AT) = ?)
Hibernate: select user0_.user_id as user_id1_21_0_, user0_.character_id as characte7_21_0_, user0_.user_created_at as user_cre2_21_0_, user0_.user_name as user_nam3_21_0_, user0_.user_phone_number as user_pho4_21_0_, user0_.user_user_id as user_use5_21_0_, user0_.user_user_password as user_use6_21_0_ from user user0_ where user0_.user_id=?
Hibernate: select character0_.character_id as characte1_6_0_, character0_.character_character_name as characte2_6_0_ from characters character0_ where character0_.character_id=?
Hibernate: SELECT * FROM SCHEDULE WHERE (YEAR(SCHEDULE_STARTED_AT) = ? AND MONTH(SCHEDULE_STARTED_AT) = ?) OR (YEAR(SCHEDULE_FINISH_AT) = ? AND MONTH(SCHEDULE_FINISH_AT) = ?)
Hibernate: select user0_.user_id as user_id1_21_0_, user0_.character_id as characte7_21_0_, user0_.user_created_at as user_cre2_21_0_, user0_.user_name as user_nam3_21_0_, user0_.user_phone_number as user_pho4_21_0_, user0_.user_user_id as user_use5_21_0_, user0_.user_user_password as user_use6_21_0_ from user user0_ where user0_.user_id=?
Hibernate: select character0_.character_id as characte1_6_0_, character0_.character_character_name as characte2_6_0_ from characters character0_ where character0_.character_id=?
Hibernate: SELECT * FROM SCHEDULE WHERE (YEAR(SCHEDULE_STARTED_AT) = ? AND MONTH(SCHEDULE_STARTED_AT) = ?) OR (YEAR(SCHEDULE_FINISH_AT) = ? AND MONTH(SCHEDULE_FINISH_AT) = ?)
Hibernate: select user0_.user_id as user_id1_21_0_, user0_.character_id as characte7_21_0_, user0_.user_created_at as user_cre2_21_0_, user0_.user_name as user_nam3_21_0_, user0_.user_phone_number as user_pho4_21_0_, user0_.user_user_id as user_use5_21_0_, user0_.user_user_password as user_use6_21_0_ from user user0_ where user0_.user_id=?
Hibernate: select character0_.character_id as characte1_6_0_, character0_.character_character_name as characte2_6_0_ from characters character0_ where character0_.character_id=?
Hibernate: SELECT * FROM SCHEDULE WHERE (YEAR(SCHEDULE_STARTED_AT) = ? AND MONTH(SCHEDULE_STARTED_AT) = ?) OR (YEAR(SCHEDULE_FINISH_AT) = ? AND MONTH(SCHEDULE_FINISH_AT) = ?)
Hibernate: select user0_.user_id as user_id1_21_0_, user0_.character_id as characte7_21_0_, user0_.user_created_at as user_cre2_21_0_, user0_.user_name as user_nam3_21_0_, user0_.user_phone_number as user_pho4_21_0_, user0_.user_user_id as user_use5_21_0_, user0_.user_user_password as user_use6_21_0_ from user user0_ where user0_.user_id=?
Hibernate: select character0_.character_id as characte1_6_0_, character0_.character_character_name as characte2_6_0_ from characters character0_ where character0_.character_id=?
Hibernate: SELECT * FROM SCHEDULE WHERE (YEAR(SCHEDULE_STARTED_AT) = ? AND MONTH(SCHEDULE_STARTED_AT) = ?) OR (YEAR(SCHEDULE_FINISH_AT) = ? AND MONTH(SCHEDULE_FINISH_AT) = ?)
Hibernate: select user0_.user_id as user_id1_21_0_, user0_.character_id as characte7_21_0_, user0_.user_created_at as user_cre2_21_0_, user0_.user_name as user_nam3_21_0_, user0_.user_phone_number as user_pho4_21_0_, user0_.user_user_id as user_use5_21_0_, user0_.user_user_password as user_use6_21_0_ from user user0_ where user0_.user_id=?
Hibernate: select character0_.character_id as characte1_6_0_, character0_.character_character_name as characte2_6_0_ from characters character0_ where character0_.character_id=?
Hibernate: SELECT * FROM SCHEDULE WHERE (YEAR(SCHEDULE_STARTED_AT) = ? AND MONTH(SCHEDULE_STARTED_AT) = ?) OR (YEAR(SCHEDULE_FINISH_AT) = ? AND MONTH(SCHEDULE_FINISH_AT) = ?)
Hibernate: select user0_.user_id as user_id1_21_0_, user0_.character_id as characte7_21_0_, user0_.user_created_at as user_cre2_21_0_, user0_.user_name as user_nam3_21_0_, user0_.user_phone_number as user_pho4_21_0_, user0_.user_user_id as user_use5_21_0_, user0_.user_user_password as user_use6_21_0_ from user user0_ where user0_.user_id=?
Hibernate: select character0_.character_id as characte1_6_0_, character0_.character_character_name as characte2_6_0_ from characters character0_ where character0_.character_id=?
Hibernate: SELECT * FROM SCHEDULE WHERE (YEAR(SCHEDULE_STARTED_AT) = ? AND MONTH(SCHEDULE_STARTED_AT) = ?) OR (YEAR(SCHEDULE_FINISH_AT) = ? AND MONTH(SCHEDULE_FINISH_AT) = ?)
Hibernate: select user0_.user_id as user_id1_21_0_, user0_.character_id as characte7_21_0_, user0_.user_created_at as user_cre2_21_0_, user0_.user_name as user_nam3_21_0_, user0_.user_phone_number as user_pho4_21_0_, user0_.user_user_id as user_use5_21_0_, user0_.user_user_password as user_use6_21_0_ from user user0_ where user0_.user_id=?
Hibernate: select character0_.character_id as characte1_6_0_, character0_.character_character_name as characte2_6_0_ from characters character0_ where character0_.character_id=?
Hibernate: SELECT * FROM SCHEDULE WHERE (YEAR(SCHEDULE_STARTED_AT) = ? AND MONTH(SCHEDULE_STARTED_AT) = ?) OR (YEAR(SCHEDULE_FINISH_AT) = ? AND MONTH(SCHEDULE_FINISH_AT) = ?)
Hibernate: select user0_.user_id as user_id1_21_0_, user0_.character_id as characte7_21_0_, user0_.user_created_at as user_cre2_21_0_, user0_.user_name as user_nam3_21_0_, user0_.user_phone_number as user_pho4_21_0_, user0_.user_user_id as user_use5_21_0_, user0_.user_user_password as user_use6_21_0_ from user user0_ where user0_.user_id=?
Hibernate: select character0_.character_id as characte1_6_0_, character0_.character_character_name as characte2_6_0_ from characters character0_ where character0_.character_id=?
Hibernate: SELECT * FROM SCHEDULE WHERE (YEAR(SCHEDULE_STARTED_AT) = ? AND MONTH(SCHEDULE_STARTED_AT) = ?) OR (YEAR(SCHEDULE_FINISH_AT) = ? AND MONTH(SCHEDULE_FINISH_AT) = ?)
Hibernate: select user0_.user_id as user_id1_21_0_, user0_.character_id as characte7_21_0_, user0_.user_created_at as user_cre2_21_0_, user0_.user_name as user_nam3_21_0_, user0_.user_phone_number as user_pho4_21_0_, user0_.user_user_id as user_use5_21_0_, user0_.user_user_password as user_use6_21_0_ from user user0_ where user0_.user_id=?
Hibernate: select character0_.character_id as characte1_6_0_, character0_.character_character_name as characte2_6_0_ from characters character0_ where character0_.character_id=?
Hibernate: SELECT * FROM SCHEDULE WHERE (YEAR(SCHEDULE_STARTED_AT) = ? AND MONTH(SCHEDULE_STARTED_AT) = ?) OR (YEAR(SCHEDULE_FINISH_AT) = ? AND MONTH(SCHEDULE_FINISH_AT) = ?)
Hibernate: select user0_.user_id as user_id1_21_0_, user0_.character_id as characte7_21_0_, user0_.user_created_at as user_cre2_21_0_, user0_.user_name as user_nam3_21_0_, user0_.user_phone_number as user_pho4_21_0_, user0_.user_user_id as user_use5_21_0_, user0_.user_user_password as user_use6_21_0_ from user user0_ where user0_.user_id=?
Hibernate: select character0_.character_id as characte1_6_0_, character0_.character_character_name as characte2_6_0_ from characters character0_ where character0_.character_id=?
Hibernate: SELECT * FROM SCHEDULE WHERE (YEAR(SCHEDULE_STARTED_AT) = ? AND MONTH(SCHEDULE_STARTED_AT) = ?) OR (YEAR(SCHEDULE_FINISH_AT) = ? AND MONTH(SCHEDULE_FINISH_AT) = ?)
Hibernate: select user0_.user_id as user_id1_21_0_, user0_.character_id as characte7_21_0_, user0_.user_created_at as user_cre2_21_0_, user0_.user_name as user_nam3_21_0_, user0_.user_phone_number as user_pho4_21_0_, user0_.user_user_id as user_use5_21_0_, user0_.user_user_password as user_use6_21_0_ from user user0_ where user0_.user_id=?
Hibernate: select character0_.character_id as characte1_6_0_, character0_.character_character_name as characte2_6_0_ from characters character0_ where character0_.character_id=?
Hibernate: SELECT * FROM SCHEDULE WHERE (YEAR(SCHEDULE_STARTED_AT) = ? AND MONTH(SCHEDULE_STARTED_AT) = ?) OR (YEAR(SCHEDULE_FINISH_AT) = ? AND MONTH(SCHEDULE_FINISH_AT) = ?)
Hibernate: select user0_.user_id as col_0_0_ from user user0_ where user0_.user_user_id=? limit ?
Hibernate: select user0_.user_id as col_0_0_ from user user0_ where user0_.user_user_id=? limit ?
Hibernate: select U.* from USER U where U.USER_USER_ID =?
Hibernate: select character0_.character_id as characte1_6_0_, character0_.character_character_name as characte2_6_0_ from characters character0_ where character0_.character_id=?
Hibernate: select user0_.user_id as col_0_0_ from user user0_ where user0_.user_user_id=? limit ?
Hibernate: select user0_.user_id as col_0_0_ from user user0_ where user0_.user_user_id=? limit ?
Hibernate: select U.* from USER U where U.USER_USER_ID =?
Hibernate: select character0_.character_id as characte1_6_0_, character0_.character_character_name as characte2_6_0_ from characters character0_ where character0_.character_id=?
Hibernate: select user0_.user_id as user_id1_21_0_, user0_.character_id as characte7_21_0_, user0_.user_created_at as user_cre2_21_0_, user0_.user_name as user_nam3_21_0_, user0_.user_phone_number as user_pho4_21_0_, user0_.user_user_id as user_use5_21_0_, user0_.user_user_password as user_use6_21_0_ from user user0_ where user0_.user_id=?
Hibernate: select character0_.character_id as characte1_6_0_, character0_.character_character_name as characte2_6_0_ from characters character0_ where character0_.character_id=?
Hibernate: select count(*) as col_0_0_ from user user0_ where user0_.user_id=?
Hibernate: select character1_.character_id as characte1_6_, character1_.character_character_name as characte2_6_ from user user0_ inner join characters character1_ on user0_.character_id=character1_.character_id where user0_.user_id=?
Hibernate: select permission0_.character_id as characte6_12_0_, permission0_.permission_id as permissi1_12_0_, permission0_.permission_id as permissi1_12_1_, permission0_.character_id as characte6_12_1_, permission0_.permission_name as permissi2_12_1_, permission0_.permission_permission_unit_id as permissi3_12_1_, permission0_.permission_service as permissi4_12_1_, permission0_.permission_status as permissi5_12_1_ from permission permission0_ where permission0_.character_id=?
Hibernate: select schedule0_.schedule_id as schedule1_17_0_, schedule0_.schedule_finish_at as schedule2_17_0_, schedule0_.schedule_content as schedule3_17_0_, schedule0_.schedule_repeat_cycle as schedule4_17_0_, schedule0_.schedule_repeat_repeat_finish_at as schedule5_17_0_, schedule0_.schedule_title as schedule6_17_0_, schedule0_.schedule_started_at as schedule7_17_0_ from schedule schedule0_ where schedule0_.schedule_id=?
Hibernate: insert into schedule (schedule_id, schedule_finish_at, schedule_content, schedule_repeat_cycle, schedule_repeat_repeat_finish_at, schedule_title, schedule_started_at) values (default, ?, ?, ?, ?, ?, ?)
Hibernate: select user0_.user_id as user_id1_21_0_, user0_.character_id as characte7_21_0_, user0_.user_created_at as user_cre2_21_0_, user0_.user_name as user_nam3_21_0_, user0_.user_phone_number as user_pho4_21_0_, user0_.user_user_id as user_use5_21_0_, user0_.user_user_password as user_use6_21_0_ from user user0_ where user0_.user_id=?
Hibernate: select character0_.character_id as characte1_6_0_, character0_.character_character_name as characte2_6_0_ from characters character0_ where character0_.character_id=?
Hibernate: SELECT * FROM SCHEDULE WHERE (YEAR(SCHEDULE_STARTED_AT) = ? AND MONTH(SCHEDULE_STARTED_AT) = ?) OR (YEAR(SCHEDULE_FINISH_AT) = ? AND MONTH(SCHEDULE_FINISH_AT) = ?)

MockHttpServletRequest:
      HTTP Method = PUT
      Request URI = /schedule/15
       Parameters = {}
          Headers = [Content-Type:"application/json;charset=UTF-8", Accept:"application/json", Api-version:"1.0", Authorization:"Bearer eyJhbGciOiJIUzI1NiJ9.eyJzdWIiOiIxIiwiaWF0IjoxNjg3ODc3NDY4LCJleHAiOjE2ODc4ODEwNjh9.L4tO6_dDAW_EBZT75Jfu2R72X2bmpa30eKXBNOnKWzQ", Content-Length:"168"]
             Body = {"schedule_title":"","schedule_content":"DFS","started_at":"2023-01-24T20:52","finish_at":"2023-01-31T23:59","repeat":{"cycle":7,"repeat_finish_at":"2023-12-31T23:59"}}
    Session Attrs = {}

Handler:
             Type = org.waldreg.controller.schedule.ScheduleController
           Method = org.waldreg.controller.schedule.ScheduleController#updateSchedule(int, ScheduleRequest)

Async:
    Async started = false
     Async result = null

Resolved Exception:
             Type = org.springframework.web.bind.MethodArgumentNotValidException

ModelAndView:
        View name = null
             View = null
            Model = null

FlashMap:
       Attributes = null

MockHttpServletResponse:
           Status = 400
    Error message = null
          Headers = [Vary:"Origin", "Access-Control-Request-Method", "Access-Control-Request-Headers", Api-version:"1.0", Content-Type:"application/json"]
     Content type = application/json
             Body = {"code":"SCHEDULE-407","messages":"Schedule title cannot be blank","document_url":"docs.waldreg.org"}
    Forwarded URL = null
   Redirected URL = null
          Cookies = []
Hibernate: select user0_.user_id as col_0_0_ from user user0_ where user0_.user_user_id=? limit ?
Hibernate: select user0_.user_id as col_0_0_ from user user0_ where user0_.user_user_id=? limit ?
Hibernate: select U.* from USER U where U.USER_USER_ID =?
Hibernate: select character0_.character_id as characte1_6_0_, character0_.character_character_name as characte2_6_0_ from characters character0_ where character0_.character_id=?
Hibernate: select user0_.user_id as user_id1_21_0_, user0_.character_id as characte7_21_0_, user0_.user_created_at as user_cre2_21_0_, user0_.user_name as user_nam3_21_0_, user0_.user_phone_number as user_pho4_21_0_, user0_.user_user_id as user_use5_21_0_, user0_.user_user_password as user_use6_21_0_ from user user0_ where user0_.user_id=?
Hibernate: select character0_.character_id as characte1_6_0_, character0_.character_character_name as characte2_6_0_ from characters character0_ where character0_.character_id=?
Hibernate: SELECT * FROM SCHEDULE WHERE (YEAR(SCHEDULE_STARTED_AT) = ? AND MONTH(SCHEDULE_STARTED_AT) = ?) OR (YEAR(SCHEDULE_FINISH_AT) = ? AND MONTH(SCHEDULE_FINISH_AT) = ?)
Hibernate: select user0_.user_id as user_id1_21_0_, user0_.character_id as characte7_21_0_, user0_.user_created_at as user_cre2_21_0_, user0_.user_name as user_nam3_21_0_, user0_.user_phone_number as user_pho4_21_0_, user0_.user_user_id as user_use5_21_0_, user0_.user_user_password as user_use6_21_0_ from user user0_ where user0_.user_id=?
Hibernate: select character0_.character_id as characte1_6_0_, character0_.character_character_name as characte2_6_0_ from characters character0_ where character0_.character_id=?
Hibernate: select count(*) as col_0_0_ from user user0_ where user0_.user_id=?
Hibernate: select character1_.character_id as characte1_6_, character1_.character_character_name as characte2_6_ from user user0_ inner join characters character1_ on user0_.character_id=character1_.character_id where user0_.user_id=?
Hibernate: select permission0_.character_id as characte6_12_0_, permission0_.permission_id as permissi1_12_0_, permission0_.permission_id as permissi1_12_1_, permission0_.character_id as characte6_12_1_, permission0_.permission_name as permissi2_12_1_, permission0_.permission_permission_unit_id as permissi3_12_1_, permission0_.permission_service as permissi4_12_1_, permission0_.permission_status as permissi5_12_1_ from permission permission0_ where permission0_.character_id=?
Hibernate: select count(*) as col_0_0_ from schedule schedule0_ where schedule0_.schedule_id=?
Hibernate: select schedule0_.schedule_id as schedule1_17_0_, schedule0_.schedule_finish_at as schedule2_17_0_, schedule0_.schedule_content as schedule3_17_0_, schedule0_.schedule_repeat_cycle as schedule4_17_0_, schedule0_.schedule_repeat_repeat_finish_at as schedule5_17_0_, schedule0_.schedule_title as schedule6_17_0_, schedule0_.schedule_started_at as schedule7_17_0_ from schedule schedule0_ where schedule0_.schedule_id=?
Hibernate: delete from schedule where schedule_id=?
Hibernate: select user0_.user_id as user_id1_21_0_, user0_.character_id as characte7_21_0_, user0_.user_created_at as user_cre2_21_0_, user0_.user_name as user_nam3_21_0_, user0_.user_phone_number as user_pho4_21_0_, user0_.user_user_id as user_use5_21_0_, user0_.user_user_password as user_use6_21_0_ from user user0_ where user0_.user_id=?
Hibernate: select character0_.character_id as characte1_6_0_, character0_.character_character_name as characte2_6_0_ from characters character0_ where character0_.character_id=?
Hibernate: select count(*) as col_0_0_ from schedule schedule0_ where schedule0_.schedule_id=?
Hibernate: select user0_.user_id as user_id1_21_0_, user0_.character_id as characte7_21_0_, user0_.user_created_at as user_cre2_21_0_, user0_.user_name as user_nam3_21_0_, user0_.user_phone_number as user_pho4_21_0_, user0_.user_user_id as user_use5_21_0_, user0_.user_user_password as user_use6_21_0_ from user user0_ where user0_.user_id=?
Hibernate: select character0_.character_id as characte1_6_0_, character0_.character_character_name as characte2_6_0_ from characters character0_ where character0_.character_id=?
Hibernate: SELECT * FROM SCHEDULE WHERE (YEAR(SCHEDULE_STARTED_AT) = ? AND MONTH(SCHEDULE_STARTED_AT) = ?) OR (YEAR(SCHEDULE_FINISH_AT) = ? AND MONTH(SCHEDULE_FINISH_AT) = ?)
Hibernate: select user0_.user_id as user_id1_21_0_, user0_.character_id as characte7_21_0_, user0_.user_created_at as user_cre2_21_0_, user0_.user_name as user_nam3_21_0_, user0_.user_phone_number as user_pho4_21_0_, user0_.user_user_id as user_use5_21_0_, user0_.user_user_password as user_use6_21_0_ from user user0_ where user0_.user_id=?
Hibernate: select character0_.character_id as characte1_6_0_, character0_.character_character_name as characte2_6_0_ from characters character0_ where character0_.character_id=?
Hibernate: SELECT * FROM SCHEDULE WHERE (YEAR(SCHEDULE_STARTED_AT) = ? AND MONTH(SCHEDULE_STARTED_AT) = ?) OR (YEAR(SCHEDULE_FINISH_AT) = ? AND MONTH(SCHEDULE_FINISH_AT) = ?)
Hibernate: select user0_.user_id as user_id1_21_0_, user0_.character_id as characte7_21_0_, user0_.user_created_at as user_cre2_21_0_, user0_.user_name as user_nam3_21_0_, user0_.user_phone_number as user_pho4_21_0_, user0_.user_user_id as user_use5_21_0_, user0_.user_user_password as user_use6_21_0_ from user user0_ where user0_.user_id=?
Hibernate: select character0_.character_id as characte1_6_0_, character0_.character_character_name as characte2_6_0_ from characters character0_ where character0_.character_id=?
Hibernate: SELECT * FROM SCHEDULE WHERE (YEAR(SCHEDULE_STARTED_AT) = ? AND MONTH(SCHEDULE_STARTED_AT) = ?) OR (YEAR(SCHEDULE_FINISH_AT) = ? AND MONTH(SCHEDULE_FINISH_AT) = ?)
Hibernate: select user0_.user_id as user_id1_21_0_, user0_.character_id as characte7_21_0_, user0_.user_created_at as user_cre2_21_0_, user0_.user_name as user_nam3_21_0_, user0_.user_phone_number as user_pho4_21_0_, user0_.user_user_id as user_use5_21_0_, user0_.user_user_password as user_use6_21_0_ from user user0_ where user0_.user_id=?
Hibernate: select character0_.character_id as characte1_6_0_, character0_.character_character_name as characte2_6_0_ from characters character0_ where character0_.character_id=?
Hibernate: SELECT * FROM SCHEDULE WHERE (YEAR(SCHEDULE_STARTED_AT) = ? AND MONTH(SCHEDULE_STARTED_AT) = ?) OR (YEAR(SCHEDULE_FINISH_AT) = ? AND MONTH(SCHEDULE_FINISH_AT) = ?)
Hibernate: select user0_.user_id as user_id1_21_0_, user0_.character_id as characte7_21_0_, user0_.user_created_at as user_cre2_21_0_, user0_.user_name as user_nam3_21_0_, user0_.user_phone_number as user_pho4_21_0_, user0_.user_user_id as user_use5_21_0_, user0_.user_user_password as user_use6_21_0_ from user user0_ where user0_.user_id=?
Hibernate: select character0_.character_id as characte1_6_0_, character0_.character_character_name as characte2_6_0_ from characters character0_ where character0_.character_id=?
Hibernate: SELECT * FROM SCHEDULE WHERE (YEAR(SCHEDULE_STARTED_AT) = ? AND MONTH(SCHEDULE_STARTED_AT) = ?) OR (YEAR(SCHEDULE_FINISH_AT) = ? AND MONTH(SCHEDULE_FINISH_AT) = ?)
Hibernate: select user0_.user_id as user_id1_21_0_, user0_.character_id as characte7_21_0_, user0_.user_created_at as user_cre2_21_0_, user0_.user_name as user_nam3_21_0_, user0_.user_phone_number as user_pho4_21_0_, user0_.user_user_id as user_use5_21_0_, user0_.user_user_password as user_use6_21_0_ from user user0_ where user0_.user_id=?
Hibernate: select character0_.character_id as characte1_6_0_, character0_.character_character_name as characte2_6_0_ from characters character0_ where character0_.character_id=?
Hibernate: SELECT * FROM SCHEDULE WHERE (YEAR(SCHEDULE_STARTED_AT) = ? AND MONTH(SCHEDULE_STARTED_AT) = ?) OR (YEAR(SCHEDULE_FINISH_AT) = ? AND MONTH(SCHEDULE_FINISH_AT) = ?)
Hibernate: select user0_.user_id as user_id1_21_0_, user0_.character_id as characte7_21_0_, user0_.user_created_at as user_cre2_21_0_, user0_.user_name as user_nam3_21_0_, user0_.user_phone_number as user_pho4_21_0_, user0_.user_user_id as user_use5_21_0_, user0_.user_user_password as user_use6_21_0_ from user user0_ where user0_.user_id=?
Hibernate: select character0_.character_id as characte1_6_0_, character0_.character_character_name as characte2_6_0_ from characters character0_ where character0_.character_id=?
Hibernate: SELECT * FROM SCHEDULE WHERE (YEAR(SCHEDULE_STARTED_AT) = ? AND MONTH(SCHEDULE_STARTED_AT) = ?) OR (YEAR(SCHEDULE_FINISH_AT) = ? AND MONTH(SCHEDULE_FINISH_AT) = ?)
Hibernate: select user0_.user_id as user_id1_21_0_, user0_.character_id as characte7_21_0_, user0_.user_created_at as user_cre2_21_0_, user0_.user_name as user_nam3_21_0_, user0_.user_phone_number as user_pho4_21_0_, user0_.user_user_id as user_use5_21_0_, user0_.user_user_password as user_use6_21_0_ from user user0_ where user0_.user_id=?
Hibernate: select character0_.character_id as characte1_6_0_, character0_.character_character_name as characte2_6_0_ from characters character0_ where character0_.character_id=?
Hibernate: SELECT * FROM SCHEDULE WHERE (YEAR(SCHEDULE_STARTED_AT) = ? AND MONTH(SCHEDULE_STARTED_AT) = ?) OR (YEAR(SCHEDULE_FINISH_AT) = ? AND MONTH(SCHEDULE_FINISH_AT) = ?)
Hibernate: select user0_.user_id as user_id1_21_0_, user0_.character_id as characte7_21_0_, user0_.user_created_at as user_cre2_21_0_, user0_.user_name as user_nam3_21_0_, user0_.user_phone_number as user_pho4_21_0_, user0_.user_user_id as user_use5_21_0_, user0_.user_user_password as user_use6_21_0_ from user user0_ where user0_.user_id=?
Hibernate: select character0_.character_id as characte1_6_0_, character0_.character_character_name as characte2_6_0_ from characters character0_ where character0_.character_id=?
Hibernate: SELECT * FROM SCHEDULE WHERE (YEAR(SCHEDULE_STARTED_AT) = ? AND MONTH(SCHEDULE_STARTED_AT) = ?) OR (YEAR(SCHEDULE_FINISH_AT) = ? AND MONTH(SCHEDULE_FINISH_AT) = ?)
Hibernate: select user0_.user_id as user_id1_21_0_, user0_.character_id as characte7_21_0_, user0_.user_created_at as user_cre2_21_0_, user0_.user_name as user_nam3_21_0_, user0_.user_phone_number as user_pho4_21_0_, user0_.user_user_id as user_use5_21_0_, user0_.user_user_password as user_use6_21_0_ from user user0_ where user0_.user_id=?
Hibernate: select character0_.character_id as characte1_6_0_, character0_.character_character_name as characte2_6_0_ from characters character0_ where character0_.character_id=?
Hibernate: SELECT * FROM SCHEDULE WHERE (YEAR(SCHEDULE_STARTED_AT) = ? AND MONTH(SCHEDULE_STARTED_AT) = ?) OR (YEAR(SCHEDULE_FINISH_AT) = ? AND MONTH(SCHEDULE_FINISH_AT) = ?)
Hibernate: select user0_.user_id as user_id1_21_0_, user0_.character_id as characte7_21_0_, user0_.user_created_at as user_cre2_21_0_, user0_.user_name as user_nam3_21_0_, user0_.user_phone_number as user_pho4_21_0_, user0_.user_user_id as user_use5_21_0_, user0_.user_user_password as user_use6_21_0_ from user user0_ where user0_.user_id=?
Hibernate: select character0_.character_id as characte1_6_0_, character0_.character_character_name as characte2_6_0_ from characters character0_ where character0_.character_id=?
Hibernate: SELECT * FROM SCHEDULE WHERE (YEAR(SCHEDULE_STARTED_AT) = ? AND MONTH(SCHEDULE_STARTED_AT) = ?) OR (YEAR(SCHEDULE_FINISH_AT) = ? AND MONTH(SCHEDULE_FINISH_AT) = ?)
Hibernate: select user0_.user_id as col_0_0_ from user user0_ where user0_.user_user_id=? limit ?
Hibernate: select user0_.user_id as col_0_0_ from user user0_ where user0_.user_user_id=? limit ?
Hibernate: select U.* from USER U where U.USER_USER_ID =?
Hibernate: select character0_.character_id as characte1_6_0_, character0_.character_character_name as characte2_6_0_ from characters character0_ where character0_.character_id=?
Hibernate: select user0_.user_id as col_0_0_ from user user0_ where user0_.user_user_id=? limit ?
Hibernate: select user0_.user_id as col_0_0_ from user user0_ where user0_.user_user_id=? limit ?
Hibernate: select U.* from USER U where U.USER_USER_ID =?
Hibernate: select character0_.character_id as characte1_6_0_, character0_.character_character_name as characte2_6_0_ from characters character0_ where character0_.character_id=?
Hibernate: select user0_.user_id as user_id1_21_0_, user0_.character_id as characte7_21_0_, user0_.user_created_at as user_cre2_21_0_, user0_.user_name as user_nam3_21_0_, user0_.user_phone_number as user_pho4_21_0_, user0_.user_user_id as user_use5_21_0_, user0_.user_user_password as user_use6_21_0_ from user user0_ where user0_.user_id=?
Hibernate: select character0_.character_id as characte1_6_0_, character0_.character_character_name as characte2_6_0_ from characters character0_ where character0_.character_id=?
Hibernate: SELECT * FROM SCHEDULE WHERE (YEAR(SCHEDULE_STARTED_AT) = ? AND MONTH(SCHEDULE_STARTED_AT) = ?) OR (YEAR(SCHEDULE_FINISH_AT) = ? AND MONTH(SCHEDULE_FINISH_AT) = ?)
Hibernate: select user0_.user_id as user_id1_21_0_, user0_.character_id as characte7_21_0_, user0_.user_created_at as user_cre2_21_0_, user0_.user_name as user_nam3_21_0_, user0_.user_phone_number as user_pho4_21_0_, user0_.user_user_id as user_use5_21_0_, user0_.user_user_password as user_use6_21_0_ from user user0_ where user0_.user_id=?
Hibernate: select character0_.character_id as characte1_6_0_, character0_.character_character_name as characte2_6_0_ from characters character0_ where character0_.character_id=?
Hibernate: SELECT * FROM SCHEDULE WHERE (YEAR(SCHEDULE_STARTED_AT) = ? AND MONTH(SCHEDULE_STARTED_AT) = ?) OR (YEAR(SCHEDULE_FINISH_AT) = ? AND MONTH(SCHEDULE_FINISH_AT) = ?)
Hibernate: select user0_.user_id as user_id1_21_0_, user0_.character_id as characte7_21_0_, user0_.user_created_at as user_cre2_21_0_, user0_.user_name as user_nam3_21_0_, user0_.user_phone_number as user_pho4_21_0_, user0_.user_user_id as user_use5_21_0_, user0_.user_user_password as user_use6_21_0_ from user user0_ where user0_.user_id=?
Hibernate: select character0_.character_id as characte1_6_0_, character0_.character_character_name as characte2_6_0_ from characters character0_ where character0_.character_id=?
Hibernate: SELECT * FROM SCHEDULE WHERE (YEAR(SCHEDULE_STARTED_AT) = ? AND MONTH(SCHEDULE_STARTED_AT) = ?) OR (YEAR(SCHEDULE_FINISH_AT) = ? AND MONTH(SCHEDULE_FINISH_AT) = ?)
Hibernate: select user0_.user_id as user_id1_21_0_, user0_.character_id as characte7_21_0_, user0_.user_created_at as user_cre2_21_0_, user0_.user_name as user_nam3_21_0_, user0_.user_phone_number as user_pho4_21_0_, user0_.user_user_id as user_use5_21_0_, user0_.user_user_password as user_use6_21_0_ from user user0_ where user0_.user_id=?
Hibernate: select character0_.character_id as characte1_6_0_, character0_.character_character_name as characte2_6_0_ from characters character0_ where character0_.character_id=?
Hibernate: SELECT * FROM SCHEDULE WHERE (YEAR(SCHEDULE_STARTED_AT) = ? AND MONTH(SCHEDULE_STARTED_AT) = ?) OR (YEAR(SCHEDULE_FINISH_AT) = ? AND MONTH(SCHEDULE_FINISH_AT) = ?)
Hibernate: select user0_.user_id as user_id1_21_0_, user0_.character_id as characte7_21_0_, user0_.user_created_at as user_cre2_21_0_, user0_.user_name as user_nam3_21_0_, user0_.user_phone_number as user_pho4_21_0_, user0_.user_user_id as user_use5_21_0_, user0_.user_user_password as user_use6_21_0_ from user user0_ where user0_.user_id=?
Hibernate: select character0_.character_id as characte1_6_0_, character0_.character_character_name as characte2_6_0_ from characters character0_ where character0_.character_id=?
Hibernate: SELECT * FROM SCHEDULE WHERE (YEAR(SCHEDULE_STARTED_AT) = ? AND MONTH(SCHEDULE_STARTED_AT) = ?) OR (YEAR(SCHEDULE_FINISH_AT) = ? AND MONTH(SCHEDULE_FINISH_AT) = ?)
Hibernate: select user0_.user_id as user_id1_21_0_, user0_.character_id as characte7_21_0_, user0_.user_created_at as user_cre2_21_0_, user0_.user_name as user_nam3_21_0_, user0_.user_phone_number as user_pho4_21_0_, user0_.user_user_id as user_use5_21_0_, user0_.user_user_password as user_use6_21_0_ from user user0_ where user0_.user_id=?
Hibernate: select character0_.character_id as characte1_6_0_, character0_.character_character_name as characte2_6_0_ from characters character0_ where character0_.character_id=?
Hibernate: SELECT * FROM SCHEDULE WHERE (YEAR(SCHEDULE_STARTED_AT) = ? AND MONTH(SCHEDULE_STARTED_AT) = ?) OR (YEAR(SCHEDULE_FINISH_AT) = ? AND MONTH(SCHEDULE_FINISH_AT) = ?)
Hibernate: select user0_.user_id as user_id1_21_0_, user0_.character_id as characte7_21_0_, user0_.user_created_at as user_cre2_21_0_, user0_.user_name as user_nam3_21_0_, user0_.user_phone_number as user_pho4_21_0_, user0_.user_user_id as user_use5_21_0_, user0_.user_user_password as user_use6_21_0_ from user user0_ where user0_.user_id=?
Hibernate: select character0_.character_id as characte1_6_0_, character0_.character_character_name as characte2_6_0_ from characters character0_ where character0_.character_id=?
Hibernate: SELECT * FROM SCHEDULE WHERE (YEAR(SCHEDULE_STARTED_AT) = ? AND MONTH(SCHEDULE_STARTED_AT) = ?) OR (YEAR(SCHEDULE_FINISH_AT) = ? AND MONTH(SCHEDULE_FINISH_AT) = ?)
Hibernate: select user0_.user_id as user_id1_21_0_, user0_.character_id as characte7_21_0_, user0_.user_created_at as user_cre2_21_0_, user0_.user_name as user_nam3_21_0_, user0_.user_phone_number as user_pho4_21_0_, user0_.user_user_id as user_use5_21_0_, user0_.user_user_password as user_use6_21_0_ from user user0_ where user0_.user_id=?
Hibernate: select character0_.character_id as characte1_6_0_, character0_.character_character_name as characte2_6_0_ from characters character0_ where character0_.character_id=?
Hibernate: SELECT * FROM SCHEDULE WHERE (YEAR(SCHEDULE_STARTED_AT) = ? AND MONTH(SCHEDULE_STARTED_AT) = ?) OR (YEAR(SCHEDULE_FINISH_AT) = ? AND MONTH(SCHEDULE_FINISH_AT) = ?)
Hibernate: select user0_.user_id as user_id1_21_0_, user0_.character_id as characte7_21_0_, user0_.user_created_at as user_cre2_21_0_, user0_.user_name as user_nam3_21_0_, user0_.user_phone_number as user_pho4_21_0_, user0_.user_user_id as user_use5_21_0_, user0_.user_user_password as user_use6_21_0_ from user user0_ where user0_.user_id=?
Hibernate: select character0_.character_id as characte1_6_0_, character0_.character_character_name as characte2_6_0_ from characters character0_ where character0_.character_id=?
Hibernate: SELECT * FROM SCHEDULE WHERE (YEAR(SCHEDULE_STARTED_AT) = ? AND MONTH(SCHEDULE_STARTED_AT) = ?) OR (YEAR(SCHEDULE_FINISH_AT) = ? AND MONTH(SCHEDULE_FINISH_AT) = ?)
Hibernate: select user0_.user_id as user_id1_21_0_, user0_.character_id as characte7_21_0_, user0_.user_created_at as user_cre2_21_0_, user0_.user_name as user_nam3_21_0_, user0_.user_phone_number as user_pho4_21_0_, user0_.user_user_id as user_use5_21_0_, user0_.user_user_password as user_use6_21_0_ from user user0_ where user0_.user_id=?
Hibernate: select character0_.character_id as characte1_6_0_, character0_.character_character_name as characte2_6_0_ from characters character0_ where character0_.character_id=?
Hibernate: SELECT * FROM SCHEDULE WHERE (YEAR(SCHEDULE_STARTED_AT) = ? AND MONTH(SCHEDULE_STARTED_AT) = ?) OR (YEAR(SCHEDULE_FINISH_AT) = ? AND MONTH(SCHEDULE_FINISH_AT) = ?)
Hibernate: select user0_.user_id as user_id1_21_0_, user0_.character_id as characte7_21_0_, user0_.user_created_at as user_cre2_21_0_, user0_.user_name as user_nam3_21_0_, user0_.user_phone_number as user_pho4_21_0_, user0_.user_user_id as user_use5_21_0_, user0_.user_user_password as user_use6_21_0_ from user user0_ where user0_.user_id=?
Hibernate: select character0_.character_id as characte1_6_0_, character0_.character_character_name as characte2_6_0_ from characters character0_ where character0_.character_id=?
Hibernate: SELECT * FROM SCHEDULE WHERE (YEAR(SCHEDULE_STARTED_AT) = ? AND MONTH(SCHEDULE_STARTED_AT) = ?) OR (YEAR(SCHEDULE_FINISH_AT) = ? AND MONTH(SCHEDULE_FINISH_AT) = ?)
Hibernate: select user0_.user_id as user_id1_21_0_, user0_.character_id as characte7_21_0_, user0_.user_created_at as user_cre2_21_0_, user0_.user_name as user_nam3_21_0_, user0_.user_phone_number as user_pho4_21_0_, user0_.user_user_id as user_use5_21_0_, user0_.user_user_password as user_use6_21_0_ from user user0_ where user0_.user_id=?
Hibernate: select character0_.character_id as characte1_6_0_, character0_.character_character_name as characte2_6_0_ from characters character0_ where character0_.character_id=?
Hibernate: SELECT * FROM SCHEDULE WHERE (YEAR(SCHEDULE_STARTED_AT) = ? AND MONTH(SCHEDULE_STARTED_AT) = ?) OR (YEAR(SCHEDULE_FINISH_AT) = ? AND MONTH(SCHEDULE_FINISH_AT) = ?)
Hibernate: select user0_.user_id as col_0_0_ from user user0_ where user0_.user_user_id=? limit ?
Hibernate: select user0_.user_id as col_0_0_ from user user0_ where user0_.user_user_id=? limit ?
Hibernate: select U.* from USER U where U.USER_USER_ID =?
Hibernate: select character0_.character_id as characte1_6_0_, character0_.character_character_name as characte2_6_0_ from characters character0_ where character0_.character_id=?
Hibernate: select user0_.user_id as col_0_0_ from user user0_ where user0_.user_user_id=? limit ?
Hibernate: select user0_.user_id as col_0_0_ from user user0_ where user0_.user_user_id=? limit ?
Hibernate: select U.* from USER U where U.USER_USER_ID =?
Hibernate: select character0_.character_id as characte1_6_0_, character0_.character_character_name as characte2_6_0_ from characters character0_ where character0_.character_id=?
Hibernate: select user0_.user_id as user_id1_21_0_, user0_.character_id as characte7_21_0_, user0_.user_created_at as user_cre2_21_0_, user0_.user_name as user_nam3_21_0_, user0_.user_phone_number as user_pho4_21_0_, user0_.user_user_id as user_use5_21_0_, user0_.user_user_password as user_use6_21_0_ from user user0_ where user0_.user_id=?
Hibernate: select character0_.character_id as characte1_6_0_, character0_.character_character_name as characte2_6_0_ from characters character0_ where character0_.character_id=?
Hibernate: select count(*) as col_0_0_ from user user0_ where user0_.user_id=?
Hibernate: select character1_.character_id as characte1_6_, character1_.character_character_name as characte2_6_ from user user0_ inner join characters character1_ on user0_.character_id=character1_.character_id where user0_.user_id=?
Hibernate: select permission0_.character_id as characte6_12_0_, permission0_.permission_id as permissi1_12_0_, permission0_.permission_id as permissi1_12_1_, permission0_.character_id as characte6_12_1_, permission0_.permission_name as permissi2_12_1_, permission0_.permission_permission_unit_id as permissi3_12_1_, permission0_.permission_service as permissi4_12_1_, permission0_.permission_status as permissi5_12_1_ from permission permission0_ where permission0_.character_id=?

MockHttpServletRequest:
      HTTP Method = POST
      Request URI = /schedule
       Parameters = {}
          Headers = [Content-Type:"application/json;charset=UTF-8", Accept:"application/json", Api-version:"1.0", Authorization:"Bearer eyJhbGciOiJIUzI1NiJ9.eyJzdWIiOiIxIiwiaWF0IjoxNjg3ODc3NDY4LCJleHAiOjE2ODc4ODEwNjh9.L4tO6_dDAW_EBZT75Jfu2R72X2bmpa30eKXBNOnKWzQ", Content-Length:"177"]
             Body = {"schedule_title":"seminar","schedule_content":"BFS","started_at":"1999-01-24T20:52","finish_at":"2023-01-31T23:59","repeat":{"cycle":123,"repeat_finish_at":"2023-12-31T23:59"}}
    Session Attrs = {}

Handler:
             Type = org.waldreg.controller.schedule.ScheduleController
           Method = org.waldreg.controller.schedule.ScheduleController#createSchedule(ScheduleRequest)

Async:
    Async started = false
     Async result = null

Resolved Exception:
             Type = org.waldreg.schedule.exception.InvalidDateFormatException

ModelAndView:
        View name = null
             View = null
            Model = null

FlashMap:
       Attributes = null

MockHttpServletResponse:
           Status = 400
    Error message = null
          Headers = [Vary:"Origin", "Access-Control-Request-Method", "Access-Control-Request-Headers", Api-version:"1.0", Content-Type:"application/json"]
     Content type = application/json
             Body = {"code":"SCHEDULE-404","messages":"Year cannot be under 2000 current Schedule start year \"1999\" finish year \"2023\"","document_url":"docs.waldreg.org"}
    Forwarded URL = null
   Redirected URL = null
          Cookies = []
Hibernate: select user0_.user_id as col_0_0_ from user user0_ where user0_.user_user_id=? limit ?
Hibernate: select user0_.user_id as col_0_0_ from user user0_ where user0_.user_user_id=? limit ?
Hibernate: select U.* from USER U where U.USER_USER_ID =?
Hibernate: select character0_.character_id as characte1_6_0_, character0_.character_character_name as characte2_6_0_ from characters character0_ where character0_.character_id=?
Hibernate: select user0_.user_id as user_id1_21_0_, user0_.character_id as characte7_21_0_, user0_.user_created_at as user_cre2_21_0_, user0_.user_name as user_nam3_21_0_, user0_.user_phone_number as user_pho4_21_0_, user0_.user_user_id as user_use5_21_0_, user0_.user_user_password as user_use6_21_0_ from user user0_ where user0_.user_id=?
Hibernate: select character0_.character_id as characte1_6_0_, character0_.character_character_name as characte2_6_0_ from characters character0_ where character0_.character_id=?
Hibernate: SELECT * FROM SCHEDULE WHERE (YEAR(SCHEDULE_STARTED_AT) = ? AND MONTH(SCHEDULE_STARTED_AT) = ?) OR (YEAR(SCHEDULE_FINISH_AT) = ? AND MONTH(SCHEDULE_FINISH_AT) = ?)
Hibernate: select user0_.user_id as user_id1_21_0_, user0_.character_id as characte7_21_0_, user0_.user_created_at as user_cre2_21_0_, user0_.user_name as user_nam3_21_0_, user0_.user_phone_number as user_pho4_21_0_, user0_.user_user_id as user_use5_21_0_, user0_.user_user_password as user_use6_21_0_ from user user0_ where user0_.user_id=?
Hibernate: select character0_.character_id as characte1_6_0_, character0_.character_character_name as characte2_6_0_ from characters character0_ where character0_.character_id=?
Hibernate: SELECT * FROM SCHEDULE WHERE (YEAR(SCHEDULE_STARTED_AT) = ? AND MONTH(SCHEDULE_STARTED_AT) = ?) OR (YEAR(SCHEDULE_FINISH_AT) = ? AND MONTH(SCHEDULE_FINISH_AT) = ?)
Hibernate: select user0_.user_id as user_id1_21_0_, user0_.character_id as characte7_21_0_, user0_.user_created_at as user_cre2_21_0_, user0_.user_name as user_nam3_21_0_, user0_.user_phone_number as user_pho4_21_0_, user0_.user_user_id as user_use5_21_0_, user0_.user_user_password as user_use6_21_0_ from user user0_ where user0_.user_id=?
Hibernate: select character0_.character_id as characte1_6_0_, character0_.character_character_name as characte2_6_0_ from characters character0_ where character0_.character_id=?
Hibernate: SELECT * FROM SCHEDULE WHERE (YEAR(SCHEDULE_STARTED_AT) = ? AND MONTH(SCHEDULE_STARTED_AT) = ?) OR (YEAR(SCHEDULE_FINISH_AT) = ? AND MONTH(SCHEDULE_FINISH_AT) = ?)
Hibernate: select user0_.user_id as user_id1_21_0_, user0_.character_id as characte7_21_0_, user0_.user_created_at as user_cre2_21_0_, user0_.user_name as user_nam3_21_0_, user0_.user_phone_number as user_pho4_21_0_, user0_.user_user_id as user_use5_21_0_, user0_.user_user_password as user_use6_21_0_ from user user0_ where user0_.user_id=?
Hibernate: select character0_.character_id as characte1_6_0_, character0_.character_character_name as characte2_6_0_ from characters character0_ where character0_.character_id=?
Hibernate: SELECT * FROM SCHEDULE WHERE (YEAR(SCHEDULE_STARTED_AT) = ? AND MONTH(SCHEDULE_STARTED_AT) = ?) OR (YEAR(SCHEDULE_FINISH_AT) = ? AND MONTH(SCHEDULE_FINISH_AT) = ?)
Hibernate: select user0_.user_id as user_id1_21_0_, user0_.character_id as characte7_21_0_, user0_.user_created_at as user_cre2_21_0_, user0_.user_name as user_nam3_21_0_, user0_.user_phone_number as user_pho4_21_0_, user0_.user_user_id as user_use5_21_0_, user0_.user_user_password as user_use6_21_0_ from user user0_ where user0_.user_id=?
Hibernate: select character0_.character_id as characte1_6_0_, character0_.character_character_name as characte2_6_0_ from characters character0_ where character0_.character_id=?
Hibernate: SELECT * FROM SCHEDULE WHERE (YEAR(SCHEDULE_STARTED_AT) = ? AND MONTH(SCHEDULE_STARTED_AT) = ?) OR (YEAR(SCHEDULE_FINISH_AT) = ? AND MONTH(SCHEDULE_FINISH_AT) = ?)
Hibernate: select user0_.user_id as user_id1_21_0_, user0_.character_id as characte7_21_0_, user0_.user_created_at as user_cre2_21_0_, user0_.user_name as user_nam3_21_0_, user0_.user_phone_number as user_pho4_21_0_, user0_.user_user_id as user_use5_21_0_, user0_.user_user_password as user_use6_21_0_ from user user0_ where user0_.user_id=?
Hibernate: select character0_.character_id as characte1_6_0_, character0_.character_character_name as characte2_6_0_ from characters character0_ where character0_.character_id=?
Hibernate: SELECT * FROM SCHEDULE WHERE (YEAR(SCHEDULE_STARTED_AT) = ? AND MONTH(SCHEDULE_STARTED_AT) = ?) OR (YEAR(SCHEDULE_FINISH_AT) = ? AND MONTH(SCHEDULE_FINISH_AT) = ?)
Hibernate: select user0_.user_id as user_id1_21_0_, user0_.character_id as characte7_21_0_, user0_.user_created_at as user_cre2_21_0_, user0_.user_name as user_nam3_21_0_, user0_.user_phone_number as user_pho4_21_0_, user0_.user_user_id as user_use5_21_0_, user0_.user_user_password as user_use6_21_0_ from user user0_ where user0_.user_id=?
Hibernate: select character0_.character_id as characte1_6_0_, character0_.character_character_name as characte2_6_0_ from characters character0_ where character0_.character_id=?
Hibernate: SELECT * FROM SCHEDULE WHERE (YEAR(SCHEDULE_STARTED_AT) = ? AND MONTH(SCHEDULE_STARTED_AT) = ?) OR (YEAR(SCHEDULE_FINISH_AT) = ? AND MONTH(SCHEDULE_FINISH_AT) = ?)
Hibernate: select user0_.user_id as user_id1_21_0_, user0_.character_id as characte7_21_0_, user0_.user_created_at as user_cre2_21_0_, user0_.user_name as user_nam3_21_0_, user0_.user_phone_number as user_pho4_21_0_, user0_.user_user_id as user_use5_21_0_, user0_.user_user_password as user_use6_21_0_ from user user0_ where user0_.user_id=?
Hibernate: select character0_.character_id as characte1_6_0_, character0_.character_character_name as characte2_6_0_ from characters character0_ where character0_.character_id=?
Hibernate: SELECT * FROM SCHEDULE WHERE (YEAR(SCHEDULE_STARTED_AT) = ? AND MONTH(SCHEDULE_STARTED_AT) = ?) OR (YEAR(SCHEDULE_FINISH_AT) = ? AND MONTH(SCHEDULE_FINISH_AT) = ?)
Hibernate: select user0_.user_id as user_id1_21_0_, user0_.character_id as characte7_21_0_, user0_.user_created_at as user_cre2_21_0_, user0_.user_name as user_nam3_21_0_, user0_.user_phone_number as user_pho4_21_0_, user0_.user_user_id as user_use5_21_0_, user0_.user_user_password as user_use6_21_0_ from user user0_ where user0_.user_id=?
Hibernate: select character0_.character_id as characte1_6_0_, character0_.character_character_name as characte2_6_0_ from characters character0_ where character0_.character_id=?
Hibernate: SELECT * FROM SCHEDULE WHERE (YEAR(SCHEDULE_STARTED_AT) = ? AND MONTH(SCHEDULE_STARTED_AT) = ?) OR (YEAR(SCHEDULE_FINISH_AT) = ? AND MONTH(SCHEDULE_FINISH_AT) = ?)
Hibernate: select user0_.user_id as user_id1_21_0_, user0_.character_id as characte7_21_0_, user0_.user_created_at as user_cre2_21_0_, user0_.user_name as user_nam3_21_0_, user0_.user_phone_number as user_pho4_21_0_, user0_.user_user_id as user_use5_21_0_, user0_.user_user_password as user_use6_21_0_ from user user0_ where user0_.user_id=?
Hibernate: select character0_.character_id as characte1_6_0_, character0_.character_character_name as characte2_6_0_ from characters character0_ where character0_.character_id=?
Hibernate: SELECT * FROM SCHEDULE WHERE (YEAR(SCHEDULE_STARTED_AT) = ? AND MONTH(SCHEDULE_STARTED_AT) = ?) OR (YEAR(SCHEDULE_FINISH_AT) = ? AND MONTH(SCHEDULE_FINISH_AT) = ?)
Hibernate: select user0_.user_id as user_id1_21_0_, user0_.character_id as characte7_21_0_, user0_.user_created_at as user_cre2_21_0_, user0_.user_name as user_nam3_21_0_, user0_.user_phone_number as user_pho4_21_0_, user0_.user_user_id as user_use5_21_0_, user0_.user_user_password as user_use6_21_0_ from user user0_ where user0_.user_id=?
Hibernate: select character0_.character_id as characte1_6_0_, character0_.character_character_name as characte2_6_0_ from characters character0_ where character0_.character_id=?
Hibernate: SELECT * FROM SCHEDULE WHERE (YEAR(SCHEDULE_STARTED_AT) = ? AND MONTH(SCHEDULE_STARTED_AT) = ?) OR (YEAR(SCHEDULE_FINISH_AT) = ? AND MONTH(SCHEDULE_FINISH_AT) = ?)
Hibernate: select user0_.user_id as user_id1_21_0_, user0_.character_id as characte7_21_0_, user0_.user_created_at as user_cre2_21_0_, user0_.user_name as user_nam3_21_0_, user0_.user_phone_number as user_pho4_21_0_, user0_.user_user_id as user_use5_21_0_, user0_.user_user_password as user_use6_21_0_ from user user0_ where user0_.user_id=?
Hibernate: select character0_.character_id as characte1_6_0_, character0_.character_character_name as characte2_6_0_ from characters character0_ where character0_.character_id=?
Hibernate: SELECT * FROM SCHEDULE WHERE (YEAR(SCHEDULE_STARTED_AT) = ? AND MONTH(SCHEDULE_STARTED_AT) = ?) OR (YEAR(SCHEDULE_FINISH_AT) = ? AND MONTH(SCHEDULE_FINISH_AT) = ?)
Hibernate: select user0_.user_id as col_0_0_ from user user0_ where user0_.user_user_id=? limit ?
Hibernate: select user0_.user_id as col_0_0_ from user user0_ where user0_.user_user_id=? limit ?
Hibernate: select U.* from USER U where U.USER_USER_ID =?
Hibernate: select character0_.character_id as characte1_6_0_, character0_.character_character_name as characte2_6_0_ from characters character0_ where character0_.character_id=?
Hibernate: select user0_.user_id as col_0_0_ from user user0_ where user0_.user_user_id=? limit ?
Hibernate: select user0_.user_id as col_0_0_ from user user0_ where user0_.user_user_id=? limit ?
Hibernate: select U.* from USER U where U.USER_USER_ID =?
Hibernate: select character0_.character_id as characte1_6_0_, character0_.character_character_name as characte2_6_0_ from characters character0_ where character0_.character_id=?
Hibernate: select user0_.user_id as user_id1_21_0_, user0_.character_id as characte7_21_0_, user0_.user_created_at as user_cre2_21_0_, user0_.user_name as user_nam3_21_0_, user0_.user_phone_number as user_pho4_21_0_, user0_.user_user_id as user_use5_21_0_, user0_.user_user_password as user_use6_21_0_ from user user0_ where user0_.user_id=?
Hibernate: select character0_.character_id as characte1_6_0_, character0_.character_character_name as characte2_6_0_ from characters character0_ where character0_.character_id=?
Hibernate: SELECT * FROM SCHEDULE WHERE (YEAR(SCHEDULE_STARTED_AT) = ? AND MONTH(SCHEDULE_STARTED_AT) = ?) OR (YEAR(SCHEDULE_FINISH_AT) = ? AND MONTH(SCHEDULE_FINISH_AT) = ?)
Hibernate: select user0_.user_id as user_id1_21_0_, user0_.character_id as characte7_21_0_, user0_.user_created_at as user_cre2_21_0_, user0_.user_name as user_nam3_21_0_, user0_.user_phone_number as user_pho4_21_0_, user0_.user_user_id as user_use5_21_0_, user0_.user_user_password as user_use6_21_0_ from user user0_ where user0_.user_id=?
Hibernate: select character0_.character_id as characte1_6_0_, character0_.character_character_name as characte2_6_0_ from characters character0_ where character0_.character_id=?
Hibernate: SELECT * FROM SCHEDULE WHERE (YEAR(SCHEDULE_STARTED_AT) = ? AND MONTH(SCHEDULE_STARTED_AT) = ?) OR (YEAR(SCHEDULE_FINISH_AT) = ? AND MONTH(SCHEDULE_FINISH_AT) = ?)
Hibernate: select user0_.user_id as user_id1_21_0_, user0_.character_id as characte7_21_0_, user0_.user_created_at as user_cre2_21_0_, user0_.user_name as user_nam3_21_0_, user0_.user_phone_number as user_pho4_21_0_, user0_.user_user_id as user_use5_21_0_, user0_.user_user_password as user_use6_21_0_ from user user0_ where user0_.user_id=?
Hibernate: select character0_.character_id as characte1_6_0_, character0_.character_character_name as characte2_6_0_ from characters character0_ where character0_.character_id=?
Hibernate: SELECT * FROM SCHEDULE WHERE (YEAR(SCHEDULE_STARTED_AT) = ? AND MONTH(SCHEDULE_STARTED_AT) = ?) OR (YEAR(SCHEDULE_FINISH_AT) = ? AND MONTH(SCHEDULE_FINISH_AT) = ?)
Hibernate: select user0_.user_id as user_id1_21_0_, user0_.character_id as characte7_21_0_, user0_.user_created_at as user_cre2_21_0_, user0_.user_name as user_nam3_21_0_, user0_.user_phone_number as user_pho4_21_0_, user0_.user_user_id as user_use5_21_0_, user0_.user_user_password as user_use6_21_0_ from user user0_ where user0_.user_id=?
Hibernate: select character0_.character_id as characte1_6_0_, character0_.character_character_name as characte2_6_0_ from characters character0_ where character0_.character_id=?
Hibernate: SELECT * FROM SCHEDULE WHERE (YEAR(SCHEDULE_STARTED_AT) = ? AND MONTH(SCHEDULE_STARTED_AT) = ?) OR (YEAR(SCHEDULE_FINISH_AT) = ? AND MONTH(SCHEDULE_FINISH_AT) = ?)
Hibernate: select user0_.user_id as user_id1_21_0_, user0_.character_id as characte7_21_0_, user0_.user_created_at as user_cre2_21_0_, user0_.user_name as user_nam3_21_0_, user0_.user_phone_number as user_pho4_21_0_, user0_.user_user_id as user_use5_21_0_, user0_.user_user_password as user_use6_21_0_ from user user0_ where user0_.user_id=?
Hibernate: select character0_.character_id as characte1_6_0_, character0_.character_character_name as characte2_6_0_ from characters character0_ where character0_.character_id=?
Hibernate: SELECT * FROM SCHEDULE WHERE (YEAR(SCHEDULE_STARTED_AT) = ? AND MONTH(SCHEDULE_STARTED_AT) = ?) OR (YEAR(SCHEDULE_FINISH_AT) = ? AND MONTH(SCHEDULE_FINISH_AT) = ?)
Hibernate: select user0_.user_id as user_id1_21_0_, user0_.character_id as characte7_21_0_, user0_.user_created_at as user_cre2_21_0_, user0_.user_name as user_nam3_21_0_, user0_.user_phone_number as user_pho4_21_0_, user0_.user_user_id as user_use5_21_0_, user0_.user_user_password as user_use6_21_0_ from user user0_ where user0_.user_id=?
Hibernate: select character0_.character_id as characte1_6_0_, character0_.character_character_name as characte2_6_0_ from characters character0_ where character0_.character_id=?
Hibernate: SELECT * FROM SCHEDULE WHERE (YEAR(SCHEDULE_STARTED_AT) = ? AND MONTH(SCHEDULE_STARTED_AT) = ?) OR (YEAR(SCHEDULE_FINISH_AT) = ? AND MONTH(SCHEDULE_FINISH_AT) = ?)
Hibernate: select user0_.user_id as user_id1_21_0_, user0_.character_id as characte7_21_0_, user0_.user_created_at as user_cre2_21_0_, user0_.user_name as user_nam3_21_0_, user0_.user_phone_number as user_pho4_21_0_, user0_.user_user_id as user_use5_21_0_, user0_.user_user_password as user_use6_21_0_ from user user0_ where user0_.user_id=?
Hibernate: select character0_.character_id as characte1_6_0_, character0_.character_character_name as characte2_6_0_ from characters character0_ where character0_.character_id=?
Hibernate: SELECT * FROM SCHEDULE WHERE (YEAR(SCHEDULE_STARTED_AT) = ? AND MONTH(SCHEDULE_STARTED_AT) = ?) OR (YEAR(SCHEDULE_FINISH_AT) = ? AND MONTH(SCHEDULE_FINISH_AT) = ?)
Hibernate: select user0_.user_id as user_id1_21_0_, user0_.character_id as characte7_21_0_, user0_.user_created_at as user_cre2_21_0_, user0_.user_name as user_nam3_21_0_, user0_.user_phone_number as user_pho4_21_0_, user0_.user_user_id as user_use5_21_0_, user0_.user_user_password as user_use6_21_0_ from user user0_ where user0_.user_id=?
Hibernate: select character0_.character_id as characte1_6_0_, character0_.character_character_name as characte2_6_0_ from characters character0_ where character0_.character_id=?
Hibernate: SELECT * FROM SCHEDULE WHERE (YEAR(SCHEDULE_STARTED_AT) = ? AND MONTH(SCHEDULE_STARTED_AT) = ?) OR (YEAR(SCHEDULE_FINISH_AT) = ? AND MONTH(SCHEDULE_FINISH_AT) = ?)
Hibernate: select user0_.user_id as user_id1_21_0_, user0_.character_id as characte7_21_0_, user0_.user_created_at as user_cre2_21_0_, user0_.user_name as user_nam3_21_0_, user0_.user_phone_number as user_pho4_21_0_, user0_.user_user_id as user_use5_21_0_, user0_.user_user_password as user_use6_21_0_ from user user0_ where user0_.user_id=?
Hibernate: select character0_.character_id as characte1_6_0_, character0_.character_character_name as characte2_6_0_ from characters character0_ where character0_.character_id=?
Hibernate: SELECT * FROM SCHEDULE WHERE (YEAR(SCHEDULE_STARTED_AT) = ? AND MONTH(SCHEDULE_STARTED_AT) = ?) OR (YEAR(SCHEDULE_FINISH_AT) = ? AND MONTH(SCHEDULE_FINISH_AT) = ?)
Hibernate: select user0_.user_id as user_id1_21_0_, user0_.character_id as characte7_21_0_, user0_.user_created_at as user_cre2_21_0_, user0_.user_name as user_nam3_21_0_, user0_.user_phone_number as user_pho4_21_0_, user0_.user_user_id as user_use5_21_0_, user0_.user_user_password as user_use6_21_0_ from user user0_ where user0_.user_id=?
Hibernate: select character0_.character_id as characte1_6_0_, character0_.character_character_name as characte2_6_0_ from characters character0_ where character0_.character_id=?
Hibernate: SELECT * FROM SCHEDULE WHERE (YEAR(SCHEDULE_STARTED_AT) = ? AND MONTH(SCHEDULE_STARTED_AT) = ?) OR (YEAR(SCHEDULE_FINISH_AT) = ? AND MONTH(SCHEDULE_FINISH_AT) = ?)
Hibernate: select user0_.user_id as user_id1_21_0_, user0_.character_id as characte7_21_0_, user0_.user_created_at as user_cre2_21_0_, user0_.user_name as user_nam3_21_0_, user0_.user_phone_number as user_pho4_21_0_, user0_.user_user_id as user_use5_21_0_, user0_.user_user_password as user_use6_21_0_ from user user0_ where user0_.user_id=?
Hibernate: select character0_.character_id as characte1_6_0_, character0_.character_character_name as characte2_6_0_ from characters character0_ where character0_.character_id=?
Hibernate: SELECT * FROM SCHEDULE WHERE (YEAR(SCHEDULE_STARTED_AT) = ? AND MONTH(SCHEDULE_STARTED_AT) = ?) OR (YEAR(SCHEDULE_FINISH_AT) = ? AND MONTH(SCHEDULE_FINISH_AT) = ?)
Hibernate: select user0_.user_id as user_id1_21_0_, user0_.character_id as characte7_21_0_, user0_.user_created_at as user_cre2_21_0_, user0_.user_name as user_nam3_21_0_, user0_.user_phone_number as user_pho4_21_0_, user0_.user_user_id as user_use5_21_0_, user0_.user_user_password as user_use6_21_0_ from user user0_ where user0_.user_id=?
Hibernate: select character0_.character_id as characte1_6_0_, character0_.character_character_name as characte2_6_0_ from characters character0_ where character0_.character_id=?
Hibernate: SELECT * FROM SCHEDULE WHERE (YEAR(SCHEDULE_STARTED_AT) = ? AND MONTH(SCHEDULE_STARTED_AT) = ?) OR (YEAR(SCHEDULE_FINISH_AT) = ? AND MONTH(SCHEDULE_FINISH_AT) = ?)
Hibernate: select user0_.user_id as col_0_0_ from user user0_ where user0_.user_user_id=? limit ?
Hibernate: select user0_.user_id as col_0_0_ from user user0_ where user0_.user_user_id=? limit ?
Hibernate: select U.* from USER U where U.USER_USER_ID =?
Hibernate: select character0_.character_id as characte1_6_0_, character0_.character_character_name as characte2_6_0_ from characters character0_ where character0_.character_id=?
Hibernate: select user0_.user_id as col_0_0_ from user user0_ where user0_.user_user_id=? limit ?
Hibernate: select user0_.user_id as col_0_0_ from user user0_ where user0_.user_user_id=? limit ?
Hibernate: select U.* from USER U where U.USER_USER_ID =?
Hibernate: select character0_.character_id as characte1_6_0_, character0_.character_character_name as characte2_6_0_ from characters character0_ where character0_.character_id=?
Hibernate: select user0_.user_id as user_id1_21_0_, user0_.character_id as characte7_21_0_, user0_.user_created_at as user_cre2_21_0_, user0_.user_name as user_nam3_21_0_, user0_.user_phone_number as user_pho4_21_0_, user0_.user_user_id as user_use5_21_0_, user0_.user_user_password as user_use6_21_0_ from user user0_ where user0_.user_id=?
Hibernate: select character0_.character_id as characte1_6_0_, character0_.character_character_name as characte2_6_0_ from characters character0_ where character0_.character_id=?
Hibernate: select count(*) as col_0_0_ from user user0_ where user0_.user_id=?
Hibernate: select character1_.character_id as characte1_6_, character1_.character_character_name as characte2_6_ from user user0_ inner join characters character1_ on user0_.character_id=character1_.character_id where user0_.user_id=?
Hibernate: select permission0_.character_id as characte6_12_0_, permission0_.permission_id as permissi1_12_0_, permission0_.permission_id as permissi1_12_1_, permission0_.character_id as characte6_12_1_, permission0_.permission_name as permissi2_12_1_, permission0_.permission_permission_unit_id as permissi3_12_1_, permission0_.permission_service as permissi4_12_1_, permission0_.permission_status as permissi5_12_1_ from permission permission0_ where permission0_.character_id=?
Hibernate: select schedule0_.schedule_id as schedule1_17_0_, schedule0_.schedule_finish_at as schedule2_17_0_, schedule0_.schedule_content as schedule3_17_0_, schedule0_.schedule_repeat_cycle as schedule4_17_0_, schedule0_.schedule_repeat_repeat_finish_at as schedule5_17_0_, schedule0_.schedule_title as schedule6_17_0_, schedule0_.schedule_started_at as schedule7_17_0_ from schedule schedule0_ where schedule0_.schedule_id=?
Hibernate: insert into schedule (schedule_id, schedule_finish_at, schedule_content, schedule_repeat_cycle, schedule_repeat_repeat_finish_at, schedule_title, schedule_started_at) values (default, ?, ?, ?, ?, ?, ?)
Hibernate: select user0_.user_id as user_id1_21_0_, user0_.character_id as characte7_21_0_, user0_.user_created_at as user_cre2_21_0_, user0_.user_name as user_nam3_21_0_, user0_.user_phone_number as user_pho4_21_0_, user0_.user_user_id as user_use5_21_0_, user0_.user_user_password as user_use6_21_0_ from user user0_ where user0_.user_id=?
Hibernate: select character0_.character_id as characte1_6_0_, character0_.character_character_name as characte2_6_0_ from characters character0_ where character0_.character_id=?
Hibernate: SELECT * FROM SCHEDULE WHERE (YEAR(SCHEDULE_STARTED_AT) = ? AND MONTH(SCHEDULE_STARTED_AT) = ?) OR (YEAR(SCHEDULE_FINISH_AT) = ? AND MONTH(SCHEDULE_FINISH_AT) = ?)
Hibernate: select user0_.user_id as user_id1_21_0_, user0_.character_id as characte7_21_0_, user0_.user_created_at as user_cre2_21_0_, user0_.user_name as user_nam3_21_0_, user0_.user_phone_number as user_pho4_21_0_, user0_.user_user_id as user_use5_21_0_, user0_.user_user_password as user_use6_21_0_ from user user0_ where user0_.user_id=?
Hibernate: select character0_.character_id as characte1_6_0_, character0_.character_character_name as characte2_6_0_ from characters character0_ where character0_.character_id=?
Hibernate: select count(*) as col_0_0_ from user user0_ where user0_.user_id=?
Hibernate: select character1_.character_id as characte1_6_, character1_.character_character_name as characte2_6_ from user user0_ inner join characters character1_ on user0_.character_id=character1_.character_id where user0_.user_id=?
Hibernate: select permission0_.character_id as characte6_12_0_, permission0_.permission_id as permissi1_12_0_, permission0_.permission_id as permissi1_12_1_, permission0_.character_id as characte6_12_1_, permission0_.permission_name as permissi2_12_1_, permission0_.permission_permission_unit_id as permissi3_12_1_, permission0_.permission_service as permissi4_12_1_, permission0_.permission_status as permissi5_12_1_ from permission permission0_ where permission0_.character_id=?
Hibernate: select count(*) as col_0_0_ from schedule schedule0_ where schedule0_.schedule_id=?

MockHttpServletRequest:
      HTTP Method = PUT
      Request URI = /schedule/16
       Parameters = {}
          Headers = [Content-Type:"application/json;charset=UTF-8", Accept:"application/json", Api-version:"1.0", Authorization:"Bearer eyJhbGciOiJIUzI1NiJ9.eyJzdWIiOiIxIiwiaWF0IjoxNjg3ODc3NDY4LCJleHAiOjE2ODc4ODEwNjh9.L4tO6_dDAW_EBZT75Jfu2R72X2bmpa30eKXBNOnKWzQ", Content-Length:"175"]
             Body = {"schedule_title":"seminar","schedule_content":"DFS","started_at":"1999-01-24T20:52","finish_at":"2023-01-31T23:59","repeat":{"cycle":7,"repeat_finish_at":"2023-12-31T23:59"}}
    Session Attrs = {}

Handler:
             Type = org.waldreg.controller.schedule.ScheduleController
           Method = org.waldreg.controller.schedule.ScheduleController#updateSchedule(int, ScheduleRequest)

Async:
    Async started = false
     Async result = null

Resolved Exception:
             Type = org.waldreg.schedule.exception.InvalidDateFormatException

ModelAndView:
        View name = null
             View = null
            Model = null

FlashMap:
       Attributes = null

MockHttpServletResponse:
           Status = 400
    Error message = null
          Headers = [Vary:"Origin", "Access-Control-Request-Method", "Access-Control-Request-Headers", Api-version:"1.0", Content-Type:"application/json"]
     Content type = application/json
             Body = {"code":"SCHEDULE-404","messages":"Year cannot be under 2000 current Schedule start year \"1999\" finish year \"2023\"","document_url":"docs.waldreg.org"}
    Forwarded URL = null
   Redirected URL = null
          Cookies = []
Hibernate: select user0_.user_id as col_0_0_ from user user0_ where user0_.user_user_id=? limit ?
Hibernate: select user0_.user_id as col_0_0_ from user user0_ where user0_.user_user_id=? limit ?
Hibernate: select U.* from USER U where U.USER_USER_ID =?
Hibernate: select character0_.character_id as characte1_6_0_, character0_.character_character_name as characte2_6_0_ from characters character0_ where character0_.character_id=?
Hibernate: select user0_.user_id as user_id1_21_0_, user0_.character_id as characte7_21_0_, user0_.user_created_at as user_cre2_21_0_, user0_.user_name as user_nam3_21_0_, user0_.user_phone_number as user_pho4_21_0_, user0_.user_user_id as user_use5_21_0_, user0_.user_user_password as user_use6_21_0_ from user user0_ where user0_.user_id=?
Hibernate: select character0_.character_id as characte1_6_0_, character0_.character_character_name as characte2_6_0_ from characters character0_ where character0_.character_id=?
Hibernate: SELECT * FROM SCHEDULE WHERE (YEAR(SCHEDULE_STARTED_AT) = ? AND MONTH(SCHEDULE_STARTED_AT) = ?) OR (YEAR(SCHEDULE_FINISH_AT) = ? AND MONTH(SCHEDULE_FINISH_AT) = ?)
Hibernate: select user0_.user_id as user_id1_21_0_, user0_.character_id as characte7_21_0_, user0_.user_created_at as user_cre2_21_0_, user0_.user_name as user_nam3_21_0_, user0_.user_phone_number as user_pho4_21_0_, user0_.user_user_id as user_use5_21_0_, user0_.user_user_password as user_use6_21_0_ from user user0_ where user0_.user_id=?
Hibernate: select character0_.character_id as characte1_6_0_, character0_.character_character_name as characte2_6_0_ from characters character0_ where character0_.character_id=?
Hibernate: select count(*) as col_0_0_ from user user0_ where user0_.user_id=?
Hibernate: select character1_.character_id as characte1_6_, character1_.character_character_name as characte2_6_ from user user0_ inner join characters character1_ on user0_.character_id=character1_.character_id where user0_.user_id=?
Hibernate: select permission0_.character_id as characte6_12_0_, permission0_.permission_id as permissi1_12_0_, permission0_.permission_id as permissi1_12_1_, permission0_.character_id as characte6_12_1_, permission0_.permission_name as permissi2_12_1_, permission0_.permission_permission_unit_id as permissi3_12_1_, permission0_.permission_service as permissi4_12_1_, permission0_.permission_status as permissi5_12_1_ from permission permission0_ where permission0_.character_id=?
Hibernate: select count(*) as col_0_0_ from schedule schedule0_ where schedule0_.schedule_id=?
Hibernate: select schedule0_.schedule_id as schedule1_17_0_, schedule0_.schedule_finish_at as schedule2_17_0_, schedule0_.schedule_content as schedule3_17_0_, schedule0_.schedule_repeat_cycle as schedule4_17_0_, schedule0_.schedule_repeat_repeat_finish_at as schedule5_17_0_, schedule0_.schedule_title as schedule6_17_0_, schedule0_.schedule_started_at as schedule7_17_0_ from schedule schedule0_ where schedule0_.schedule_id=?
Hibernate: delete from schedule where schedule_id=?
Hibernate: select user0_.user_id as user_id1_21_0_, user0_.character_id as characte7_21_0_, user0_.user_created_at as user_cre2_21_0_, user0_.user_name as user_nam3_21_0_, user0_.user_phone_number as user_pho4_21_0_, user0_.user_user_id as user_use5_21_0_, user0_.user_user_password as user_use6_21_0_ from user user0_ where user0_.user_id=?
Hibernate: select character0_.character_id as characte1_6_0_, character0_.character_character_name as characte2_6_0_ from characters character0_ where character0_.character_id=?
Hibernate: select count(*) as col_0_0_ from schedule schedule0_ where schedule0_.schedule_id=?
Hibernate: select user0_.user_id as user_id1_21_0_, user0_.character_id as characte7_21_0_, user0_.user_created_at as user_cre2_21_0_, user0_.user_name as user_nam3_21_0_, user0_.user_phone_number as user_pho4_21_0_, user0_.user_user_id as user_use5_21_0_, user0_.user_user_password as user_use6_21_0_ from user user0_ where user0_.user_id=?
Hibernate: select character0_.character_id as characte1_6_0_, character0_.character_character_name as characte2_6_0_ from characters character0_ where character0_.character_id=?
Hibernate: SELECT * FROM SCHEDULE WHERE (YEAR(SCHEDULE_STARTED_AT) = ? AND MONTH(SCHEDULE_STARTED_AT) = ?) OR (YEAR(SCHEDULE_FINISH_AT) = ? AND MONTH(SCHEDULE_FINISH_AT) = ?)
Hibernate: select user0_.user_id as user_id1_21_0_, user0_.character_id as characte7_21_0_, user0_.user_created_at as user_cre2_21_0_, user0_.user_name as user_nam3_21_0_, user0_.user_phone_number as user_pho4_21_0_, user0_.user_user_id as user_use5_21_0_, user0_.user_user_password as user_use6_21_0_ from user user0_ where user0_.user_id=?
Hibernate: select character0_.character_id as characte1_6_0_, character0_.character_character_name as characte2_6_0_ from characters character0_ where character0_.character_id=?
Hibernate: SELECT * FROM SCHEDULE WHERE (YEAR(SCHEDULE_STARTED_AT) = ? AND MONTH(SCHEDULE_STARTED_AT) = ?) OR (YEAR(SCHEDULE_FINISH_AT) = ? AND MONTH(SCHEDULE_FINISH_AT) = ?)
Hibernate: select user0_.user_id as user_id1_21_0_, user0_.character_id as characte7_21_0_, user0_.user_created_at as user_cre2_21_0_, user0_.user_name as user_nam3_21_0_, user0_.user_phone_number as user_pho4_21_0_, user0_.user_user_id as user_use5_21_0_, user0_.user_user_password as user_use6_21_0_ from user user0_ where user0_.user_id=?
Hibernate: select character0_.character_id as characte1_6_0_, character0_.character_character_name as characte2_6_0_ from characters character0_ where character0_.character_id=?
Hibernate: SELECT * FROM SCHEDULE WHERE (YEAR(SCHEDULE_STARTED_AT) = ? AND MONTH(SCHEDULE_STARTED_AT) = ?) OR (YEAR(SCHEDULE_FINISH_AT) = ? AND MONTH(SCHEDULE_FINISH_AT) = ?)
Hibernate: select user0_.user_id as user_id1_21_0_, user0_.character_id as characte7_21_0_, user0_.user_created_at as user_cre2_21_0_, user0_.user_name as user_nam3_21_0_, user0_.user_phone_number as user_pho4_21_0_, user0_.user_user_id as user_use5_21_0_, user0_.user_user_password as user_use6_21_0_ from user user0_ where user0_.user_id=?
Hibernate: select character0_.character_id as characte1_6_0_, character0_.character_character_name as characte2_6_0_ from characters character0_ where character0_.character_id=?
Hibernate: SELECT * FROM SCHEDULE WHERE (YEAR(SCHEDULE_STARTED_AT) = ? AND MONTH(SCHEDULE_STARTED_AT) = ?) OR (YEAR(SCHEDULE_FINISH_AT) = ? AND MONTH(SCHEDULE_FINISH_AT) = ?)
Hibernate: select user0_.user_id as user_id1_21_0_, user0_.character_id as characte7_21_0_, user0_.user_created_at as user_cre2_21_0_, user0_.user_name as user_nam3_21_0_, user0_.user_phone_number as user_pho4_21_0_, user0_.user_user_id as user_use5_21_0_, user0_.user_user_password as user_use6_21_0_ from user user0_ where user0_.user_id=?
Hibernate: select character0_.character_id as characte1_6_0_, character0_.character_character_name as characte2_6_0_ from characters character0_ where character0_.character_id=?
Hibernate: SELECT * FROM SCHEDULE WHERE (YEAR(SCHEDULE_STARTED_AT) = ? AND MONTH(SCHEDULE_STARTED_AT) = ?) OR (YEAR(SCHEDULE_FINISH_AT) = ? AND MONTH(SCHEDULE_FINISH_AT) = ?)
Hibernate: select user0_.user_id as user_id1_21_0_, user0_.character_id as characte7_21_0_, user0_.user_created_at as user_cre2_21_0_, user0_.user_name as user_nam3_21_0_, user0_.user_phone_number as user_pho4_21_0_, user0_.user_user_id as user_use5_21_0_, user0_.user_user_password as user_use6_21_0_ from user user0_ where user0_.user_id=?
Hibernate: select character0_.character_id as characte1_6_0_, character0_.character_character_name as characte2_6_0_ from characters character0_ where character0_.character_id=?
Hibernate: SELECT * FROM SCHEDULE WHERE (YEAR(SCHEDULE_STARTED_AT) = ? AND MONTH(SCHEDULE_STARTED_AT) = ?) OR (YEAR(SCHEDULE_FINISH_AT) = ? AND MONTH(SCHEDULE_FINISH_AT) = ?)
Hibernate: select user0_.user_id as user_id1_21_0_, user0_.character_id as characte7_21_0_, user0_.user_created_at as user_cre2_21_0_, user0_.user_name as user_nam3_21_0_, user0_.user_phone_number as user_pho4_21_0_, user0_.user_user_id as user_use5_21_0_, user0_.user_user_password as user_use6_21_0_ from user user0_ where user0_.user_id=?
Hibernate: select character0_.character_id as characte1_6_0_, character0_.character_character_name as characte2_6_0_ from characters character0_ where character0_.character_id=?
Hibernate: SELECT * FROM SCHEDULE WHERE (YEAR(SCHEDULE_STARTED_AT) = ? AND MONTH(SCHEDULE_STARTED_AT) = ?) OR (YEAR(SCHEDULE_FINISH_AT) = ? AND MONTH(SCHEDULE_FINISH_AT) = ?)
Hibernate: select user0_.user_id as user_id1_21_0_, user0_.character_id as characte7_21_0_, user0_.user_created_at as user_cre2_21_0_, user0_.user_name as user_nam3_21_0_, user0_.user_phone_number as user_pho4_21_0_, user0_.user_user_id as user_use5_21_0_, user0_.user_user_password as user_use6_21_0_ from user user0_ where user0_.user_id=?
Hibernate: select character0_.character_id as characte1_6_0_, character0_.character_character_name as characte2_6_0_ from characters character0_ where character0_.character_id=?
Hibernate: SELECT * FROM SCHEDULE WHERE (YEAR(SCHEDULE_STARTED_AT) = ? AND MONTH(SCHEDULE_STARTED_AT) = ?) OR (YEAR(SCHEDULE_FINISH_AT) = ? AND MONTH(SCHEDULE_FINISH_AT) = ?)
Hibernate: select user0_.user_id as user_id1_21_0_, user0_.character_id as characte7_21_0_, user0_.user_created_at as user_cre2_21_0_, user0_.user_name as user_nam3_21_0_, user0_.user_phone_number as user_pho4_21_0_, user0_.user_user_id as user_use5_21_0_, user0_.user_user_password as user_use6_21_0_ from user user0_ where user0_.user_id=?
Hibernate: select character0_.character_id as characte1_6_0_, character0_.character_character_name as characte2_6_0_ from characters character0_ where character0_.character_id=?
Hibernate: SELECT * FROM SCHEDULE WHERE (YEAR(SCHEDULE_STARTED_AT) = ? AND MONTH(SCHEDULE_STARTED_AT) = ?) OR (YEAR(SCHEDULE_FINISH_AT) = ? AND MONTH(SCHEDULE_FINISH_AT) = ?)
Hibernate: select user0_.user_id as user_id1_21_0_, user0_.character_id as characte7_21_0_, user0_.user_created_at as user_cre2_21_0_, user0_.user_name as user_nam3_21_0_, user0_.user_phone_number as user_pho4_21_0_, user0_.user_user_id as user_use5_21_0_, user0_.user_user_password as user_use6_21_0_ from user user0_ where user0_.user_id=?
Hibernate: select character0_.character_id as characte1_6_0_, character0_.character_character_name as characte2_6_0_ from characters character0_ where character0_.character_id=?
Hibernate: SELECT * FROM SCHEDULE WHERE (YEAR(SCHEDULE_STARTED_AT) = ? AND MONTH(SCHEDULE_STARTED_AT) = ?) OR (YEAR(SCHEDULE_FINISH_AT) = ? AND MONTH(SCHEDULE_FINISH_AT) = ?)
Hibernate: select user0_.user_id as user_id1_21_0_, user0_.character_id as characte7_21_0_, user0_.user_created_at as user_cre2_21_0_, user0_.user_name as user_nam3_21_0_, user0_.user_phone_number as user_pho4_21_0_, user0_.user_user_id as user_use5_21_0_, user0_.user_user_password as user_use6_21_0_ from user user0_ where user0_.user_id=?
Hibernate: select character0_.character_id as characte1_6_0_, character0_.character_character_name as characte2_6_0_ from characters character0_ where character0_.character_id=?
Hibernate: SELECT * FROM SCHEDULE WHERE (YEAR(SCHEDULE_STARTED_AT) = ? AND MONTH(SCHEDULE_STARTED_AT) = ?) OR (YEAR(SCHEDULE_FINISH_AT) = ? AND MONTH(SCHEDULE_FINISH_AT) = ?)
Hibernate: select user0_.user_id as col_0_0_ from user user0_ where user0_.user_user_id=? limit ?
Hibernate: select user0_.user_id as col_0_0_ from user user0_ where user0_.user_user_id=? limit ?
Hibernate: select U.* from USER U where U.USER_USER_ID =?
Hibernate: select character0_.character_id as characte1_6_0_, character0_.character_character_name as characte2_6_0_ from characters character0_ where character0_.character_id=?
Hibernate: select user0_.user_id as col_0_0_ from user user0_ where user0_.user_user_id=? limit ?
Hibernate: select user0_.user_id as col_0_0_ from user user0_ where user0_.user_user_id=? limit ?
Hibernate: select U.* from USER U where U.USER_USER_ID =?
Hibernate: select character0_.character_id as characte1_6_0_, character0_.character_character_name as characte2_6_0_ from characters character0_ where character0_.character_id=?
Hibernate: select user0_.user_id as user_id1_21_0_, user0_.character_id as characte7_21_0_, user0_.user_created_at as user_cre2_21_0_, user0_.user_name as user_nam3_21_0_, user0_.user_phone_number as user_pho4_21_0_, user0_.user_user_id as user_use5_21_0_, user0_.user_user_password as user_use6_21_0_ from user user0_ where user0_.user_id=?
Hibernate: select character0_.character_id as characte1_6_0_, character0_.character_character_name as characte2_6_0_ from characters character0_ where character0_.character_id=?
Hibernate: SELECT * FROM SCHEDULE WHERE (YEAR(SCHEDULE_STARTED_AT) = ? AND MONTH(SCHEDULE_STARTED_AT) = ?) OR (YEAR(SCHEDULE_FINISH_AT) = ? AND MONTH(SCHEDULE_FINISH_AT) = ?)
Hibernate: select user0_.user_id as user_id1_21_0_, user0_.character_id as characte7_21_0_, user0_.user_created_at as user_cre2_21_0_, user0_.user_name as user_nam3_21_0_, user0_.user_phone_number as user_pho4_21_0_, user0_.user_user_id as user_use5_21_0_, user0_.user_user_password as user_use6_21_0_ from user user0_ where user0_.user_id=?
Hibernate: select character0_.character_id as characte1_6_0_, character0_.character_character_name as characte2_6_0_ from characters character0_ where character0_.character_id=?
Hibernate: SELECT * FROM SCHEDULE WHERE (YEAR(SCHEDULE_STARTED_AT) = ? AND MONTH(SCHEDULE_STARTED_AT) = ?) OR (YEAR(SCHEDULE_FINISH_AT) = ? AND MONTH(SCHEDULE_FINISH_AT) = ?)
Hibernate: select user0_.user_id as user_id1_21_0_, user0_.character_id as characte7_21_0_, user0_.user_created_at as user_cre2_21_0_, user0_.user_name as user_nam3_21_0_, user0_.user_phone_number as user_pho4_21_0_, user0_.user_user_id as user_use5_21_0_, user0_.user_user_password as user_use6_21_0_ from user user0_ where user0_.user_id=?
Hibernate: select character0_.character_id as characte1_6_0_, character0_.character_character_name as characte2_6_0_ from characters character0_ where character0_.character_id=?
Hibernate: SELECT * FROM SCHEDULE WHERE (YEAR(SCHEDULE_STARTED_AT) = ? AND MONTH(SCHEDULE_STARTED_AT) = ?) OR (YEAR(SCHEDULE_FINISH_AT) = ? AND MONTH(SCHEDULE_FINISH_AT) = ?)
Hibernate: select user0_.user_id as user_id1_21_0_, user0_.character_id as characte7_21_0_, user0_.user_created_at as user_cre2_21_0_, user0_.user_name as user_nam3_21_0_, user0_.user_phone_number as user_pho4_21_0_, user0_.user_user_id as user_use5_21_0_, user0_.user_user_password as user_use6_21_0_ from user user0_ where user0_.user_id=?
Hibernate: select character0_.character_id as characte1_6_0_, character0_.character_character_name as characte2_6_0_ from characters character0_ where character0_.character_id=?
Hibernate: SELECT * FROM SCHEDULE WHERE (YEAR(SCHEDULE_STARTED_AT) = ? AND MONTH(SCHEDULE_STARTED_AT) = ?) OR (YEAR(SCHEDULE_FINISH_AT) = ? AND MONTH(SCHEDULE_FINISH_AT) = ?)
Hibernate: select user0_.user_id as user_id1_21_0_, user0_.character_id as characte7_21_0_, user0_.user_created_at as user_cre2_21_0_, user0_.user_name as user_nam3_21_0_, user0_.user_phone_number as user_pho4_21_0_, user0_.user_user_id as user_use5_21_0_, user0_.user_user_password as user_use6_21_0_ from user user0_ where user0_.user_id=?
Hibernate: select character0_.character_id as characte1_6_0_, character0_.character_character_name as characte2_6_0_ from characters character0_ where character0_.character_id=?
Hibernate: SELECT * FROM SCHEDULE WHERE (YEAR(SCHEDULE_STARTED_AT) = ? AND MONTH(SCHEDULE_STARTED_AT) = ?) OR (YEAR(SCHEDULE_FINISH_AT) = ? AND MONTH(SCHEDULE_FINISH_AT) = ?)
Hibernate: select user0_.user_id as user_id1_21_0_, user0_.character_id as characte7_21_0_, user0_.user_created_at as user_cre2_21_0_, user0_.user_name as user_nam3_21_0_, user0_.user_phone_number as user_pho4_21_0_, user0_.user_user_id as user_use5_21_0_, user0_.user_user_password as user_use6_21_0_ from user user0_ where user0_.user_id=?
Hibernate: select character0_.character_id as characte1_6_0_, character0_.character_character_name as characte2_6_0_ from characters character0_ where character0_.character_id=?
Hibernate: SELECT * FROM SCHEDULE WHERE (YEAR(SCHEDULE_STARTED_AT) = ? AND MONTH(SCHEDULE_STARTED_AT) = ?) OR (YEAR(SCHEDULE_FINISH_AT) = ? AND MONTH(SCHEDULE_FINISH_AT) = ?)
Hibernate: select user0_.user_id as user_id1_21_0_, user0_.character_id as characte7_21_0_, user0_.user_created_at as user_cre2_21_0_, user0_.user_name as user_nam3_21_0_, user0_.user_phone_number as user_pho4_21_0_, user0_.user_user_id as user_use5_21_0_, user0_.user_user_password as user_use6_21_0_ from user user0_ where user0_.user_id=?
Hibernate: select character0_.character_id as characte1_6_0_, character0_.character_character_name as characte2_6_0_ from characters character0_ where character0_.character_id=?
Hibernate: SELECT * FROM SCHEDULE WHERE (YEAR(SCHEDULE_STARTED_AT) = ? AND MONTH(SCHEDULE_STARTED_AT) = ?) OR (YEAR(SCHEDULE_FINISH_AT) = ? AND MONTH(SCHEDULE_FINISH_AT) = ?)
Hibernate: select user0_.user_id as user_id1_21_0_, user0_.character_id as characte7_21_0_, user0_.user_created_at as user_cre2_21_0_, user0_.user_name as user_nam3_21_0_, user0_.user_phone_number as user_pho4_21_0_, user0_.user_user_id as user_use5_21_0_, user0_.user_user_password as user_use6_21_0_ from user user0_ where user0_.user_id=?
Hibernate: select character0_.character_id as characte1_6_0_, character0_.character_character_name as characte2_6_0_ from characters character0_ where character0_.character_id=?
Hibernate: SELECT * FROM SCHEDULE WHERE (YEAR(SCHEDULE_STARTED_AT) = ? AND MONTH(SCHEDULE_STARTED_AT) = ?) OR (YEAR(SCHEDULE_FINISH_AT) = ? AND MONTH(SCHEDULE_FINISH_AT) = ?)
Hibernate: select user0_.user_id as user_id1_21_0_, user0_.character_id as characte7_21_0_, user0_.user_created_at as user_cre2_21_0_, user0_.user_name as user_nam3_21_0_, user0_.user_phone_number as user_pho4_21_0_, user0_.user_user_id as user_use5_21_0_, user0_.user_user_password as user_use6_21_0_ from user user0_ where user0_.user_id=?
Hibernate: select character0_.character_id as characte1_6_0_, character0_.character_character_name as characte2_6_0_ from characters character0_ where character0_.character_id=?
Hibernate: SELECT * FROM SCHEDULE WHERE (YEAR(SCHEDULE_STARTED_AT) = ? AND MONTH(SCHEDULE_STARTED_AT) = ?) OR (YEAR(SCHEDULE_FINISH_AT) = ? AND MONTH(SCHEDULE_FINISH_AT) = ?)
Hibernate: select user0_.user_id as user_id1_21_0_, user0_.character_id as characte7_21_0_, user0_.user_created_at as user_cre2_21_0_, user0_.user_name as user_nam3_21_0_, user0_.user_phone_number as user_pho4_21_0_, user0_.user_user_id as user_use5_21_0_, user0_.user_user_password as user_use6_21_0_ from user user0_ where user0_.user_id=?
Hibernate: select character0_.character_id as characte1_6_0_, character0_.character_character_name as characte2_6_0_ from characters character0_ where character0_.character_id=?
Hibernate: SELECT * FROM SCHEDULE WHERE (YEAR(SCHEDULE_STARTED_AT) = ? AND MONTH(SCHEDULE_STARTED_AT) = ?) OR (YEAR(SCHEDULE_FINISH_AT) = ? AND MONTH(SCHEDULE_FINISH_AT) = ?)
Hibernate: select user0_.user_id as user_id1_21_0_, user0_.character_id as characte7_21_0_, user0_.user_created_at as user_cre2_21_0_, user0_.user_name as user_nam3_21_0_, user0_.user_phone_number as user_pho4_21_0_, user0_.user_user_id as user_use5_21_0_, user0_.user_user_password as user_use6_21_0_ from user user0_ where user0_.user_id=?
Hibernate: select character0_.character_id as characte1_6_0_, character0_.character_character_name as characte2_6_0_ from characters character0_ where character0_.character_id=?
Hibernate: SELECT * FROM SCHEDULE WHERE (YEAR(SCHEDULE_STARTED_AT) = ? AND MONTH(SCHEDULE_STARTED_AT) = ?) OR (YEAR(SCHEDULE_FINISH_AT) = ? AND MONTH(SCHEDULE_FINISH_AT) = ?)
Hibernate: select user0_.user_id as user_id1_21_0_, user0_.character_id as characte7_21_0_, user0_.user_created_at as user_cre2_21_0_, user0_.user_name as user_nam3_21_0_, user0_.user_phone_number as user_pho4_21_0_, user0_.user_user_id as user_use5_21_0_, user0_.user_user_password as user_use6_21_0_ from user user0_ where user0_.user_id=?
Hibernate: select character0_.character_id as characte1_6_0_, character0_.character_character_name as characte2_6_0_ from characters character0_ where character0_.character_id=?
Hibernate: SELECT * FROM SCHEDULE WHERE (YEAR(SCHEDULE_STARTED_AT) = ? AND MONTH(SCHEDULE_STARTED_AT) = ?) OR (YEAR(SCHEDULE_FINISH_AT) = ? AND MONTH(SCHEDULE_FINISH_AT) = ?)
Hibernate: select user0_.user_id as col_0_0_ from user user0_ where user0_.user_user_id=? limit ?
Hibernate: select user0_.user_id as col_0_0_ from user user0_ where user0_.user_user_id=? limit ?
Hibernate: select U.* from USER U where U.USER_USER_ID =?
Hibernate: select character0_.character_id as characte1_6_0_, character0_.character_character_name as characte2_6_0_ from characters character0_ where character0_.character_id=?
Hibernate: select user0_.user_id as col_0_0_ from user user0_ where user0_.user_user_id=? limit ?
Hibernate: select user0_.user_id as col_0_0_ from user user0_ where user0_.user_user_id=? limit ?
Hibernate: select U.* from USER U where U.USER_USER_ID =?
Hibernate: select character0_.character_id as characte1_6_0_, character0_.character_character_name as characte2_6_0_ from characters character0_ where character0_.character_id=?
Hibernate: select user0_.user_id as user_id1_21_0_, user0_.character_id as characte7_21_0_, user0_.user_created_at as user_cre2_21_0_, user0_.user_name as user_nam3_21_0_, user0_.user_phone_number as user_pho4_21_0_, user0_.user_user_id as user_use5_21_0_, user0_.user_user_password as user_use6_21_0_ from user user0_ where user0_.user_id=?
Hibernate: select character0_.character_id as characte1_6_0_, character0_.character_character_name as characte2_6_0_ from characters character0_ where character0_.character_id=?
Hibernate: select count(*) as col_0_0_ from user user0_ where user0_.user_id=?
Hibernate: select character1_.character_id as characte1_6_, character1_.character_character_name as characte2_6_ from user user0_ inner join characters character1_ on user0_.character_id=character1_.character_id where user0_.user_id=?
Hibernate: select permission0_.character_id as characte6_12_0_, permission0_.permission_id as permissi1_12_0_, permission0_.permission_id as permissi1_12_1_, permission0_.character_id as characte6_12_1_, permission0_.permission_name as permissi2_12_1_, permission0_.permission_permission_unit_id as permissi3_12_1_, permission0_.permission_service as permissi4_12_1_, permission0_.permission_status as permissi5_12_1_ from permission permission0_ where permission0_.character_id=?
Hibernate: select schedule0_.schedule_id as schedule1_17_0_, schedule0_.schedule_finish_at as schedule2_17_0_, schedule0_.schedule_content as schedule3_17_0_, schedule0_.schedule_repeat_cycle as schedule4_17_0_, schedule0_.schedule_repeat_repeat_finish_at as schedule5_17_0_, schedule0_.schedule_title as schedule6_17_0_, schedule0_.schedule_started_at as schedule7_17_0_ from schedule schedule0_ where schedule0_.schedule_id=?
Hibernate: insert into schedule (schedule_id, schedule_finish_at, schedule_content, schedule_repeat_cycle, schedule_repeat_repeat_finish_at, schedule_title, schedule_started_at) values (default, ?, ?, ?, ?, ?, ?)
Hibernate: select user0_.user_id as user_id1_21_0_, user0_.character_id as characte7_21_0_, user0_.user_created_at as user_cre2_21_0_, user0_.user_name as user_nam3_21_0_, user0_.user_phone_number as user_pho4_21_0_, user0_.user_user_id as user_use5_21_0_, user0_.user_user_password as user_use6_21_0_ from user user0_ where user0_.user_id=?
Hibernate: select character0_.character_id as characte1_6_0_, character0_.character_character_name as characte2_6_0_ from characters character0_ where character0_.character_id=?
Hibernate: SELECT * FROM SCHEDULE WHERE (YEAR(SCHEDULE_STARTED_AT) = ? AND MONTH(SCHEDULE_STARTED_AT) = ?) OR (YEAR(SCHEDULE_FINISH_AT) = ? AND MONTH(SCHEDULE_FINISH_AT) = ?)
Hibernate: select user0_.user_id as user_id1_21_0_, user0_.character_id as characte7_21_0_, user0_.user_created_at as user_cre2_21_0_, user0_.user_name as user_nam3_21_0_, user0_.user_phone_number as user_pho4_21_0_, user0_.user_user_id as user_use5_21_0_, user0_.user_user_password as user_use6_21_0_ from user user0_ where user0_.user_id=?
Hibernate: select character0_.character_id as characte1_6_0_, character0_.character_character_name as characte2_6_0_ from characters character0_ where character0_.character_id=?
Hibernate: select count(*) as col_0_0_ from user user0_ where user0_.user_id=?
Hibernate: select character1_.character_id as characte1_6_, character1_.character_character_name as characte2_6_ from user user0_ inner join characters character1_ on user0_.character_id=character1_.character_id where user0_.user_id=?
Hibernate: select permission0_.character_id as characte6_12_0_, permission0_.permission_id as permissi1_12_0_, permission0_.permission_id as permissi1_12_1_, permission0_.character_id as characte6_12_1_, permission0_.permission_name as permissi2_12_1_, permission0_.permission_permission_unit_id as permissi3_12_1_, permission0_.permission_service as permissi4_12_1_, permission0_.permission_status as permissi5_12_1_ from permission permission0_ where permission0_.character_id=?
Hibernate: select count(*) as col_0_0_ from schedule schedule0_ where schedule0_.schedule_id=?

MockHttpServletRequest:
      HTTP Method = PUT
      Request URI = /schedule/17
       Parameters = {}
          Headers = [Content-Type:"application/json;charset=UTF-8", Accept:"application/json", Api-version:"1.0", Authorization:"Bearer eyJhbGciOiJIUzI1NiJ9.eyJzdWIiOiIxIiwiaWF0IjoxNjg3ODc3NDY4LCJleHAiOjE2ODc4ODEwNjh9.L4tO6_dDAW_EBZT75Jfu2R72X2bmpa30eKXBNOnKWzQ", Content-Length:"175"]
             Body = {"schedule_title":"seminar","schedule_content":"DFS","started_at":"2023-01-31T23:59","finish_at":"2023-01-24T20:52","repeat":{"cycle":7,"repeat_finish_at":"2023-12-31T23:59"}}
    Session Attrs = {}

Handler:
             Type = org.waldreg.controller.schedule.ScheduleController
           Method = org.waldreg.controller.schedule.ScheduleController#updateSchedule(int, ScheduleRequest)

Async:
    Async started = false
     Async result = null

Resolved Exception:
             Type = org.waldreg.schedule.exception.InvalidSchedulePeriodException

ModelAndView:
        View name = null
             View = null
            Model = null

FlashMap:
       Attributes = null

MockHttpServletResponse:
           Status = 400
    Error message = null
          Headers = [Vary:"Origin", "Access-Control-Request-Method", "Access-Control-Request-Headers", Api-version:"1.0", Content-Type:"application/json"]
     Content type = application/json
             Body = {"code":"SCHEDULE-408","messages":"Schedule finish date \"2023-01-24T20:52\" cannot precede start date \"2023-01-31T23:59\"","document_url":"docs.waldreg.org"}
    Forwarded URL = null
   Redirected URL = null
          Cookies = []
Hibernate: select user0_.user_id as col_0_0_ from user user0_ where user0_.user_user_id=? limit ?
Hibernate: select user0_.user_id as col_0_0_ from user user0_ where user0_.user_user_id=? limit ?
Hibernate: select U.* from USER U where U.USER_USER_ID =?
Hibernate: select character0_.character_id as characte1_6_0_, character0_.character_character_name as characte2_6_0_ from characters character0_ where character0_.character_id=?
Hibernate: select user0_.user_id as user_id1_21_0_, user0_.character_id as characte7_21_0_, user0_.user_created_at as user_cre2_21_0_, user0_.user_name as user_nam3_21_0_, user0_.user_phone_number as user_pho4_21_0_, user0_.user_user_id as user_use5_21_0_, user0_.user_user_password as user_use6_21_0_ from user user0_ where user0_.user_id=?
Hibernate: select character0_.character_id as characte1_6_0_, character0_.character_character_name as characte2_6_0_ from characters character0_ where character0_.character_id=?
Hibernate: SELECT * FROM SCHEDULE WHERE (YEAR(SCHEDULE_STARTED_AT) = ? AND MONTH(SCHEDULE_STARTED_AT) = ?) OR (YEAR(SCHEDULE_FINISH_AT) = ? AND MONTH(SCHEDULE_FINISH_AT) = ?)
Hibernate: select user0_.user_id as user_id1_21_0_, user0_.character_id as characte7_21_0_, user0_.user_created_at as user_cre2_21_0_, user0_.user_name as user_nam3_21_0_, user0_.user_phone_number as user_pho4_21_0_, user0_.user_user_id as user_use5_21_0_, user0_.user_user_password as user_use6_21_0_ from user user0_ where user0_.user_id=?
Hibernate: select character0_.character_id as characte1_6_0_, character0_.character_character_name as characte2_6_0_ from characters character0_ where character0_.character_id=?
Hibernate: select count(*) as col_0_0_ from user user0_ where user0_.user_id=?
Hibernate: select character1_.character_id as characte1_6_, character1_.character_character_name as characte2_6_ from user user0_ inner join characters character1_ on user0_.character_id=character1_.character_id where user0_.user_id=?
Hibernate: select permission0_.character_id as characte6_12_0_, permission0_.permission_id as permissi1_12_0_, permission0_.permission_id as permissi1_12_1_, permission0_.character_id as characte6_12_1_, permission0_.permission_name as permissi2_12_1_, permission0_.permission_permission_unit_id as permissi3_12_1_, permission0_.permission_service as permissi4_12_1_, permission0_.permission_status as permissi5_12_1_ from permission permission0_ where permission0_.character_id=?
Hibernate: select count(*) as col_0_0_ from schedule schedule0_ where schedule0_.schedule_id=?
Hibernate: select schedule0_.schedule_id as schedule1_17_0_, schedule0_.schedule_finish_at as schedule2_17_0_, schedule0_.schedule_content as schedule3_17_0_, schedule0_.schedule_repeat_cycle as schedule4_17_0_, schedule0_.schedule_repeat_repeat_finish_at as schedule5_17_0_, schedule0_.schedule_title as schedule6_17_0_, schedule0_.schedule_started_at as schedule7_17_0_ from schedule schedule0_ where schedule0_.schedule_id=?
Hibernate: delete from schedule where schedule_id=?
Hibernate: select user0_.user_id as user_id1_21_0_, user0_.character_id as characte7_21_0_, user0_.user_created_at as user_cre2_21_0_, user0_.user_name as user_nam3_21_0_, user0_.user_phone_number as user_pho4_21_0_, user0_.user_user_id as user_use5_21_0_, user0_.user_user_password as user_use6_21_0_ from user user0_ where user0_.user_id=?
Hibernate: select character0_.character_id as characte1_6_0_, character0_.character_character_name as characte2_6_0_ from characters character0_ where character0_.character_id=?
Hibernate: select count(*) as col_0_0_ from schedule schedule0_ where schedule0_.schedule_id=?
Hibernate: select user0_.user_id as user_id1_21_0_, user0_.character_id as characte7_21_0_, user0_.user_created_at as user_cre2_21_0_, user0_.user_name as user_nam3_21_0_, user0_.user_phone_number as user_pho4_21_0_, user0_.user_user_id as user_use5_21_0_, user0_.user_user_password as user_use6_21_0_ from user user0_ where user0_.user_id=?
Hibernate: select character0_.character_id as characte1_6_0_, character0_.character_character_name as characte2_6_0_ from characters character0_ where character0_.character_id=?
Hibernate: SELECT * FROM SCHEDULE WHERE (YEAR(SCHEDULE_STARTED_AT) = ? AND MONTH(SCHEDULE_STARTED_AT) = ?) OR (YEAR(SCHEDULE_FINISH_AT) = ? AND MONTH(SCHEDULE_FINISH_AT) = ?)
2023-06-27 23:51:08.274  INFO 92687 --- [lient-AsyncIO-1] AttendanceStompClient                    : /topic/attendance-time reply "174"
2023-06-27 23:51:08.275  INFO 92687 --- [lient-AsyncIO-5] AttendanceStompClient                    : /topic/attendance-time reply "174"
2023-06-27 23:51:08.275  INFO 92687 --- [lient-AsyncIO-8] AttendanceStompClient                    : /topic/attendance-time reply "174"
2023-06-27 23:51:08.275  INFO 92687 --- [lient-AsyncIO-9] AttendanceStompClient                    : /topic/attendance-time reply "174"
2023-06-27 23:51:08.275  INFO 92687 --- [lient-AsyncIO-2] AttendanceStompClient                    : /topic/attendance-time reply "174"
Hibernate: select user0_.user_id as user_id1_21_0_, user0_.character_id as characte7_21_0_, user0_.user_created_at as user_cre2_21_0_, user0_.user_name as user_nam3_21_0_, user0_.user_phone_number as user_pho4_21_0_, user0_.user_user_id as user_use5_21_0_, user0_.user_user_password as user_use6_21_0_ from user user0_ where user0_.user_id=?
Hibernate: select character0_.character_id as characte1_6_0_, character0_.character_character_name as characte2_6_0_ from characters character0_ where character0_.character_id=?
Hibernate: SELECT * FROM SCHEDULE WHERE (YEAR(SCHEDULE_STARTED_AT) = ? AND MONTH(SCHEDULE_STARTED_AT) = ?) OR (YEAR(SCHEDULE_FINISH_AT) = ? AND MONTH(SCHEDULE_FINISH_AT) = ?)
Hibernate: select user0_.user_id as user_id1_21_0_, user0_.character_id as characte7_21_0_, user0_.user_created_at as user_cre2_21_0_, user0_.user_name as user_nam3_21_0_, user0_.user_phone_number as user_pho4_21_0_, user0_.user_user_id as user_use5_21_0_, user0_.user_user_password as user_use6_21_0_ from user user0_ where user0_.user_id=?
Hibernate: select character0_.character_id as characte1_6_0_, character0_.character_character_name as characte2_6_0_ from characters character0_ where character0_.character_id=?
Hibernate: SELECT * FROM SCHEDULE WHERE (YEAR(SCHEDULE_STARTED_AT) = ? AND MONTH(SCHEDULE_STARTED_AT) = ?) OR (YEAR(SCHEDULE_FINISH_AT) = ? AND MONTH(SCHEDULE_FINISH_AT) = ?)
Hibernate: select user0_.user_id as user_id1_21_0_, user0_.character_id as characte7_21_0_, user0_.user_created_at as user_cre2_21_0_, user0_.user_name as user_nam3_21_0_, user0_.user_phone_number as user_pho4_21_0_, user0_.user_user_id as user_use5_21_0_, user0_.user_user_password as user_use6_21_0_ from user user0_ where user0_.user_id=?
Hibernate: select character0_.character_id as characte1_6_0_, character0_.character_character_name as characte2_6_0_ from characters character0_ where character0_.character_id=?
Hibernate: SELECT * FROM SCHEDULE WHERE (YEAR(SCHEDULE_STARTED_AT) = ? AND MONTH(SCHEDULE_STARTED_AT) = ?) OR (YEAR(SCHEDULE_FINISH_AT) = ? AND MONTH(SCHEDULE_FINISH_AT) = ?)
Hibernate: select user0_.user_id as user_id1_21_0_, user0_.character_id as characte7_21_0_, user0_.user_created_at as user_cre2_21_0_, user0_.user_name as user_nam3_21_0_, user0_.user_phone_number as user_pho4_21_0_, user0_.user_user_id as user_use5_21_0_, user0_.user_user_password as user_use6_21_0_ from user user0_ where user0_.user_id=?
Hibernate: select character0_.character_id as characte1_6_0_, character0_.character_character_name as characte2_6_0_ from characters character0_ where character0_.character_id=?
Hibernate: SELECT * FROM SCHEDULE WHERE (YEAR(SCHEDULE_STARTED_AT) = ? AND MONTH(SCHEDULE_STARTED_AT) = ?) OR (YEAR(SCHEDULE_FINISH_AT) = ? AND MONTH(SCHEDULE_FINISH_AT) = ?)
Hibernate: select user0_.user_id as user_id1_21_0_, user0_.character_id as characte7_21_0_, user0_.user_created_at as user_cre2_21_0_, user0_.user_name as user_nam3_21_0_, user0_.user_phone_number as user_pho4_21_0_, user0_.user_user_id as user_use5_21_0_, user0_.user_user_password as user_use6_21_0_ from user user0_ where user0_.user_id=?
Hibernate: select character0_.character_id as characte1_6_0_, character0_.character_character_name as characte2_6_0_ from characters character0_ where character0_.character_id=?
Hibernate: SELECT * FROM SCHEDULE WHERE (YEAR(SCHEDULE_STARTED_AT) = ? AND MONTH(SCHEDULE_STARTED_AT) = ?) OR (YEAR(SCHEDULE_FINISH_AT) = ? AND MONTH(SCHEDULE_FINISH_AT) = ?)
Hibernate: select user0_.user_id as user_id1_21_0_, user0_.character_id as characte7_21_0_, user0_.user_created_at as user_cre2_21_0_, user0_.user_name as user_nam3_21_0_, user0_.user_phone_number as user_pho4_21_0_, user0_.user_user_id as user_use5_21_0_, user0_.user_user_password as user_use6_21_0_ from user user0_ where user0_.user_id=?
Hibernate: select character0_.character_id as characte1_6_0_, character0_.character_character_name as characte2_6_0_ from characters character0_ where character0_.character_id=?
Hibernate: SELECT * FROM SCHEDULE WHERE (YEAR(SCHEDULE_STARTED_AT) = ? AND MONTH(SCHEDULE_STARTED_AT) = ?) OR (YEAR(SCHEDULE_FINISH_AT) = ? AND MONTH(SCHEDULE_FINISH_AT) = ?)
Hibernate: select user0_.user_id as user_id1_21_0_, user0_.character_id as characte7_21_0_, user0_.user_created_at as user_cre2_21_0_, user0_.user_name as user_nam3_21_0_, user0_.user_phone_number as user_pho4_21_0_, user0_.user_user_id as user_use5_21_0_, user0_.user_user_password as user_use6_21_0_ from user user0_ where user0_.user_id=?
Hibernate: select character0_.character_id as characte1_6_0_, character0_.character_character_name as characte2_6_0_ from characters character0_ where character0_.character_id=?
Hibernate: SELECT * FROM SCHEDULE WHERE (YEAR(SCHEDULE_STARTED_AT) = ? AND MONTH(SCHEDULE_STARTED_AT) = ?) OR (YEAR(SCHEDULE_FINISH_AT) = ? AND MONTH(SCHEDULE_FINISH_AT) = ?)
Hibernate: select user0_.user_id as user_id1_21_0_, user0_.character_id as characte7_21_0_, user0_.user_created_at as user_cre2_21_0_, user0_.user_name as user_nam3_21_0_, user0_.user_phone_number as user_pho4_21_0_, user0_.user_user_id as user_use5_21_0_, user0_.user_user_password as user_use6_21_0_ from user user0_ where user0_.user_id=?
Hibernate: select character0_.character_id as characte1_6_0_, character0_.character_character_name as characte2_6_0_ from characters character0_ where character0_.character_id=?
Hibernate: SELECT * FROM SCHEDULE WHERE (YEAR(SCHEDULE_STARTED_AT) = ? AND MONTH(SCHEDULE_STARTED_AT) = ?) OR (YEAR(SCHEDULE_FINISH_AT) = ? AND MONTH(SCHEDULE_FINISH_AT) = ?)
Hibernate: select user0_.user_id as user_id1_21_0_, user0_.character_id as characte7_21_0_, user0_.user_created_at as user_cre2_21_0_, user0_.user_name as user_nam3_21_0_, user0_.user_phone_number as user_pho4_21_0_, user0_.user_user_id as user_use5_21_0_, user0_.user_user_password as user_use6_21_0_ from user user0_ where user0_.user_id=?
Hibernate: select character0_.character_id as characte1_6_0_, character0_.character_character_name as characte2_6_0_ from characters character0_ where character0_.character_id=?
Hibernate: SELECT * FROM SCHEDULE WHERE (YEAR(SCHEDULE_STARTED_AT) = ? AND MONTH(SCHEDULE_STARTED_AT) = ?) OR (YEAR(SCHEDULE_FINISH_AT) = ? AND MONTH(SCHEDULE_FINISH_AT) = ?)
Hibernate: select user0_.user_id as user_id1_21_0_, user0_.character_id as characte7_21_0_, user0_.user_created_at as user_cre2_21_0_, user0_.user_name as user_nam3_21_0_, user0_.user_phone_number as user_pho4_21_0_, user0_.user_user_id as user_use5_21_0_, user0_.user_user_password as user_use6_21_0_ from user user0_ where user0_.user_id=?
Hibernate: select character0_.character_id as characte1_6_0_, character0_.character_character_name as characte2_6_0_ from characters character0_ where character0_.character_id=?
Hibernate: SELECT * FROM SCHEDULE WHERE (YEAR(SCHEDULE_STARTED_AT) = ? AND MONTH(SCHEDULE_STARTED_AT) = ?) OR (YEAR(SCHEDULE_FINISH_AT) = ? AND MONTH(SCHEDULE_FINISH_AT) = ?)
Hibernate: select user0_.user_id as col_0_0_ from user user0_ where user0_.user_user_id=? limit ?
Hibernate: select user0_.user_id as col_0_0_ from user user0_ where user0_.user_user_id=? limit ?
Hibernate: select U.* from USER U where U.USER_USER_ID =?
Hibernate: select character0_.character_id as characte1_6_0_, character0_.character_character_name as characte2_6_0_ from characters character0_ where character0_.character_id=?
Hibernate: select user0_.user_id as col_0_0_ from user user0_ where user0_.user_user_id=? limit ?
Hibernate: select user0_.user_id as col_0_0_ from user user0_ where user0_.user_user_id=? limit ?
Hibernate: select U.* from USER U where U.USER_USER_ID =?
Hibernate: select character0_.character_id as characte1_6_0_, character0_.character_character_name as characte2_6_0_ from characters character0_ where character0_.character_id=?
Hibernate: select user0_.user_id as user_id1_21_0_, user0_.character_id as characte7_21_0_, user0_.user_created_at as user_cre2_21_0_, user0_.user_name as user_nam3_21_0_, user0_.user_phone_number as user_pho4_21_0_, user0_.user_user_id as user_use5_21_0_, user0_.user_user_password as user_use6_21_0_ from user user0_ where user0_.user_id=?
Hibernate: select character0_.character_id as characte1_6_0_, character0_.character_character_name as characte2_6_0_ from characters character0_ where character0_.character_id=?
Hibernate: SELECT * FROM SCHEDULE WHERE (YEAR(SCHEDULE_STARTED_AT) = ? AND MONTH(SCHEDULE_STARTED_AT) = ?) OR (YEAR(SCHEDULE_FINISH_AT) = ? AND MONTH(SCHEDULE_FINISH_AT) = ?)
Hibernate: select user0_.user_id as user_id1_21_0_, user0_.character_id as characte7_21_0_, user0_.user_created_at as user_cre2_21_0_, user0_.user_name as user_nam3_21_0_, user0_.user_phone_number as user_pho4_21_0_, user0_.user_user_id as user_use5_21_0_, user0_.user_user_password as user_use6_21_0_ from user user0_ where user0_.user_id=?
Hibernate: select character0_.character_id as characte1_6_0_, character0_.character_character_name as characte2_6_0_ from characters character0_ where character0_.character_id=?
Hibernate: SELECT * FROM SCHEDULE WHERE (YEAR(SCHEDULE_STARTED_AT) = ? AND MONTH(SCHEDULE_STARTED_AT) = ?) OR (YEAR(SCHEDULE_FINISH_AT) = ? AND MONTH(SCHEDULE_FINISH_AT) = ?)
Hibernate: select user0_.user_id as user_id1_21_0_, user0_.character_id as characte7_21_0_, user0_.user_created_at as user_cre2_21_0_, user0_.user_name as user_nam3_21_0_, user0_.user_phone_number as user_pho4_21_0_, user0_.user_user_id as user_use5_21_0_, user0_.user_user_password as user_use6_21_0_ from user user0_ where user0_.user_id=?
Hibernate: select character0_.character_id as characte1_6_0_, character0_.character_character_name as characte2_6_0_ from characters character0_ where character0_.character_id=?
Hibernate: SELECT * FROM SCHEDULE WHERE (YEAR(SCHEDULE_STARTED_AT) = ? AND MONTH(SCHEDULE_STARTED_AT) = ?) OR (YEAR(SCHEDULE_FINISH_AT) = ? AND MONTH(SCHEDULE_FINISH_AT) = ?)
Hibernate: select user0_.user_id as user_id1_21_0_, user0_.character_id as characte7_21_0_, user0_.user_created_at as user_cre2_21_0_, user0_.user_name as user_nam3_21_0_, user0_.user_phone_number as user_pho4_21_0_, user0_.user_user_id as user_use5_21_0_, user0_.user_user_password as user_use6_21_0_ from user user0_ where user0_.user_id=?
Hibernate: select character0_.character_id as characte1_6_0_, character0_.character_character_name as characte2_6_0_ from characters character0_ where character0_.character_id=?
Hibernate: SELECT * FROM SCHEDULE WHERE (YEAR(SCHEDULE_STARTED_AT) = ? AND MONTH(SCHEDULE_STARTED_AT) = ?) OR (YEAR(SCHEDULE_FINISH_AT) = ? AND MONTH(SCHEDULE_FINISH_AT) = ?)
Hibernate: select user0_.user_id as user_id1_21_0_, user0_.character_id as characte7_21_0_, user0_.user_created_at as user_cre2_21_0_, user0_.user_name as user_nam3_21_0_, user0_.user_phone_number as user_pho4_21_0_, user0_.user_user_id as user_use5_21_0_, user0_.user_user_password as user_use6_21_0_ from user user0_ where user0_.user_id=?
Hibernate: select character0_.character_id as characte1_6_0_, character0_.character_character_name as characte2_6_0_ from characters character0_ where character0_.character_id=?
Hibernate: SELECT * FROM SCHEDULE WHERE (YEAR(SCHEDULE_STARTED_AT) = ? AND MONTH(SCHEDULE_STARTED_AT) = ?) OR (YEAR(SCHEDULE_FINISH_AT) = ? AND MONTH(SCHEDULE_FINISH_AT) = ?)
Hibernate: select user0_.user_id as user_id1_21_0_, user0_.character_id as characte7_21_0_, user0_.user_created_at as user_cre2_21_0_, user0_.user_name as user_nam3_21_0_, user0_.user_phone_number as user_pho4_21_0_, user0_.user_user_id as user_use5_21_0_, user0_.user_user_password as user_use6_21_0_ from user user0_ where user0_.user_id=?
Hibernate: select character0_.character_id as characte1_6_0_, character0_.character_character_name as characte2_6_0_ from characters character0_ where character0_.character_id=?
Hibernate: SELECT * FROM SCHEDULE WHERE (YEAR(SCHEDULE_STARTED_AT) = ? AND MONTH(SCHEDULE_STARTED_AT) = ?) OR (YEAR(SCHEDULE_FINISH_AT) = ? AND MONTH(SCHEDULE_FINISH_AT) = ?)
Hibernate: select user0_.user_id as user_id1_21_0_, user0_.character_id as characte7_21_0_, user0_.user_created_at as user_cre2_21_0_, user0_.user_name as user_nam3_21_0_, user0_.user_phone_number as user_pho4_21_0_, user0_.user_user_id as user_use5_21_0_, user0_.user_user_password as user_use6_21_0_ from user user0_ where user0_.user_id=?
Hibernate: select character0_.character_id as characte1_6_0_, character0_.character_character_name as characte2_6_0_ from characters character0_ where character0_.character_id=?
Hibernate: SELECT * FROM SCHEDULE WHERE (YEAR(SCHEDULE_STARTED_AT) = ? AND MONTH(SCHEDULE_STARTED_AT) = ?) OR (YEAR(SCHEDULE_FINISH_AT) = ? AND MONTH(SCHEDULE_FINISH_AT) = ?)
Hibernate: select user0_.user_id as user_id1_21_0_, user0_.character_id as characte7_21_0_, user0_.user_created_at as user_cre2_21_0_, user0_.user_name as user_nam3_21_0_, user0_.user_phone_number as user_pho4_21_0_, user0_.user_user_id as user_use5_21_0_, user0_.user_user_password as user_use6_21_0_ from user user0_ where user0_.user_id=?
Hibernate: select character0_.character_id as characte1_6_0_, character0_.character_character_name as characte2_6_0_ from characters character0_ where character0_.character_id=?
Hibernate: SELECT * FROM SCHEDULE WHERE (YEAR(SCHEDULE_STARTED_AT) = ? AND MONTH(SCHEDULE_STARTED_AT) = ?) OR (YEAR(SCHEDULE_FINISH_AT) = ? AND MONTH(SCHEDULE_FINISH_AT) = ?)
Hibernate: select user0_.user_id as user_id1_21_0_, user0_.character_id as characte7_21_0_, user0_.user_created_at as user_cre2_21_0_, user0_.user_name as user_nam3_21_0_, user0_.user_phone_number as user_pho4_21_0_, user0_.user_user_id as user_use5_21_0_, user0_.user_user_password as user_use6_21_0_ from user user0_ where user0_.user_id=?
Hibernate: select character0_.character_id as characte1_6_0_, character0_.character_character_name as characte2_6_0_ from characters character0_ where character0_.character_id=?
Hibernate: SELECT * FROM SCHEDULE WHERE (YEAR(SCHEDULE_STARTED_AT) = ? AND MONTH(SCHEDULE_STARTED_AT) = ?) OR (YEAR(SCHEDULE_FINISH_AT) = ? AND MONTH(SCHEDULE_FINISH_AT) = ?)
Hibernate: select user0_.user_id as user_id1_21_0_, user0_.character_id as characte7_21_0_, user0_.user_created_at as user_cre2_21_0_, user0_.user_name as user_nam3_21_0_, user0_.user_phone_number as user_pho4_21_0_, user0_.user_user_id as user_use5_21_0_, user0_.user_user_password as user_use6_21_0_ from user user0_ where user0_.user_id=?
Hibernate: select character0_.character_id as characte1_6_0_, character0_.character_character_name as characte2_6_0_ from characters character0_ where character0_.character_id=?
Hibernate: SELECT * FROM SCHEDULE WHERE (YEAR(SCHEDULE_STARTED_AT) = ? AND MONTH(SCHEDULE_STARTED_AT) = ?) OR (YEAR(SCHEDULE_FINISH_AT) = ? AND MONTH(SCHEDULE_FINISH_AT) = ?)
Hibernate: select user0_.user_id as user_id1_21_0_, user0_.character_id as characte7_21_0_, user0_.user_created_at as user_cre2_21_0_, user0_.user_name as user_nam3_21_0_, user0_.user_phone_number as user_pho4_21_0_, user0_.user_user_id as user_use5_21_0_, user0_.user_user_password as user_use6_21_0_ from user user0_ where user0_.user_id=?
Hibernate: select character0_.character_id as characte1_6_0_, character0_.character_character_name as characte2_6_0_ from characters character0_ where character0_.character_id=?
Hibernate: SELECT * FROM SCHEDULE WHERE (YEAR(SCHEDULE_STARTED_AT) = ? AND MONTH(SCHEDULE_STARTED_AT) = ?) OR (YEAR(SCHEDULE_FINISH_AT) = ? AND MONTH(SCHEDULE_FINISH_AT) = ?)
Hibernate: select user0_.user_id as user_id1_21_0_, user0_.character_id as characte7_21_0_, user0_.user_created_at as user_cre2_21_0_, user0_.user_name as user_nam3_21_0_, user0_.user_phone_number as user_pho4_21_0_, user0_.user_user_id as user_use5_21_0_, user0_.user_user_password as user_use6_21_0_ from user user0_ where user0_.user_id=?
Hibernate: select character0_.character_id as characte1_6_0_, character0_.character_character_name as characte2_6_0_ from characters character0_ where character0_.character_id=?
Hibernate: SELECT * FROM SCHEDULE WHERE (YEAR(SCHEDULE_STARTED_AT) = ? AND MONTH(SCHEDULE_STARTED_AT) = ?) OR (YEAR(SCHEDULE_FINISH_AT) = ? AND MONTH(SCHEDULE_FINISH_AT) = ?)
Hibernate: select user0_.user_id as col_0_0_ from user user0_ where user0_.user_user_id=? limit ?
Hibernate: select user0_.user_id as col_0_0_ from user user0_ where user0_.user_user_id=? limit ?
Hibernate: select U.* from USER U where U.USER_USER_ID =?
Hibernate: select character0_.character_id as characte1_6_0_, character0_.character_character_name as characte2_6_0_ from characters character0_ where character0_.character_id=?
Hibernate: select user0_.user_id as col_0_0_ from user user0_ where user0_.user_user_id=? limit ?
Hibernate: select user0_.user_id as col_0_0_ from user user0_ where user0_.user_user_id=? limit ?
Hibernate: select U.* from USER U where U.USER_USER_ID =?
Hibernate: select character0_.character_id as characte1_6_0_, character0_.character_character_name as characte2_6_0_ from characters character0_ where character0_.character_id=?
Hibernate: select user0_.user_id as user_id1_21_0_, user0_.character_id as characte7_21_0_, user0_.user_created_at as user_cre2_21_0_, user0_.user_name as user_nam3_21_0_, user0_.user_phone_number as user_pho4_21_0_, user0_.user_user_id as user_use5_21_0_, user0_.user_user_password as user_use6_21_0_ from user user0_ where user0_.user_id=?
Hibernate: select character0_.character_id as characte1_6_0_, character0_.character_character_name as characte2_6_0_ from characters character0_ where character0_.character_id=?
Hibernate: select count(*) as col_0_0_ from user user0_ where user0_.user_id=?
Hibernate: select character1_.character_id as characte1_6_, character1_.character_character_name as characte2_6_ from user user0_ inner join characters character1_ on user0_.character_id=character1_.character_id where user0_.user_id=?
Hibernate: select permission0_.character_id as characte6_12_0_, permission0_.permission_id as permissi1_12_0_, permission0_.permission_id as permissi1_12_1_, permission0_.character_id as characte6_12_1_, permission0_.permission_name as permissi2_12_1_, permission0_.permission_permission_unit_id as permissi3_12_1_, permission0_.permission_service as permissi4_12_1_, permission0_.permission_status as permissi5_12_1_ from permission permission0_ where permission0_.character_id=?

MockHttpServletRequest:
      HTTP Method = POST
      Request URI = /schedule
       Parameters = {}
          Headers = [Content-Type:"application/json;charset=UTF-8", Accept:"application/json", Api-version:"1.0", Authorization:"Bearer eyJhbGciOiJIUzI1NiJ9.eyJzdWIiOiIxIiwiaWF0IjoxNjg3ODc3NDY4LCJleHAiOjE2ODc4ODEwNjh9.L4tO6_dDAW_EBZT75Jfu2R72X2bmpa30eKXBNOnKWzQ", Content-Length:"177"]
             Body = {"schedule_title":"seminar","schedule_content":"BFS","started_at":"2023-01-24T20:52","finish_at":"2023-01-31T23:59","repeat":{"cycle":123,"repeat_finish_at":"2023-13-28T23:59"}}
    Session Attrs = {}

Handler:
             Type = org.waldreg.controller.schedule.ScheduleController
           Method = org.waldreg.controller.schedule.ScheduleController#createSchedule(ScheduleRequest)

Async:
    Async started = false
     Async result = null

Resolved Exception:
             Type = org.waldreg.schedule.exception.InvalidDateFormatException

ModelAndView:
        View name = null
             View = null
            Model = null

FlashMap:
       Attributes = null

MockHttpServletResponse:
           Status = 400
    Error message = null
          Headers = [Vary:"Origin", "Access-Control-Request-Method", "Access-Control-Request-Headers", Api-version:"1.0", Content-Type:"application/json"]
     Content type = application/json
             Body = {"code":"SCHEDULE-403","messages":"Invalid date format detected Schedule repeat finish date \"2023-13-28T23:59\"","document_url":"docs.waldreg.org"}
    Forwarded URL = null
   Redirected URL = null
          Cookies = []
Hibernate: select user0_.user_id as col_0_0_ from user user0_ where user0_.user_user_id=? limit ?
Hibernate: select user0_.user_id as col_0_0_ from user user0_ where user0_.user_user_id=? limit ?
Hibernate: select U.* from USER U where U.USER_USER_ID =?
Hibernate: select character0_.character_id as characte1_6_0_, character0_.character_character_name as characte2_6_0_ from characters character0_ where character0_.character_id=?
Hibernate: select user0_.user_id as user_id1_21_0_, user0_.character_id as characte7_21_0_, user0_.user_created_at as user_cre2_21_0_, user0_.user_name as user_nam3_21_0_, user0_.user_phone_number as user_pho4_21_0_, user0_.user_user_id as user_use5_21_0_, user0_.user_user_password as user_use6_21_0_ from user user0_ where user0_.user_id=?
Hibernate: select character0_.character_id as characte1_6_0_, character0_.character_character_name as characte2_6_0_ from characters character0_ where character0_.character_id=?
Hibernate: SELECT * FROM SCHEDULE WHERE (YEAR(SCHEDULE_STARTED_AT) = ? AND MONTH(SCHEDULE_STARTED_AT) = ?) OR (YEAR(SCHEDULE_FINISH_AT) = ? AND MONTH(SCHEDULE_FINISH_AT) = ?)
Hibernate: select user0_.user_id as user_id1_21_0_, user0_.character_id as characte7_21_0_, user0_.user_created_at as user_cre2_21_0_, user0_.user_name as user_nam3_21_0_, user0_.user_phone_number as user_pho4_21_0_, user0_.user_user_id as user_use5_21_0_, user0_.user_user_password as user_use6_21_0_ from user user0_ where user0_.user_id=?
Hibernate: select character0_.character_id as characte1_6_0_, character0_.character_character_name as characte2_6_0_ from characters character0_ where character0_.character_id=?
Hibernate: SELECT * FROM SCHEDULE WHERE (YEAR(SCHEDULE_STARTED_AT) = ? AND MONTH(SCHEDULE_STARTED_AT) = ?) OR (YEAR(SCHEDULE_FINISH_AT) = ? AND MONTH(SCHEDULE_FINISH_AT) = ?)
Hibernate: select user0_.user_id as user_id1_21_0_, user0_.character_id as characte7_21_0_, user0_.user_created_at as user_cre2_21_0_, user0_.user_name as user_nam3_21_0_, user0_.user_phone_number as user_pho4_21_0_, user0_.user_user_id as user_use5_21_0_, user0_.user_user_password as user_use6_21_0_ from user user0_ where user0_.user_id=?
Hibernate: select character0_.character_id as characte1_6_0_, character0_.character_character_name as characte2_6_0_ from characters character0_ where character0_.character_id=?
Hibernate: SELECT * FROM SCHEDULE WHERE (YEAR(SCHEDULE_STARTED_AT) = ? AND MONTH(SCHEDULE_STARTED_AT) = ?) OR (YEAR(SCHEDULE_FINISH_AT) = ? AND MONTH(SCHEDULE_FINISH_AT) = ?)
Hibernate: select user0_.user_id as user_id1_21_0_, user0_.character_id as characte7_21_0_, user0_.user_created_at as user_cre2_21_0_, user0_.user_name as user_nam3_21_0_, user0_.user_phone_number as user_pho4_21_0_, user0_.user_user_id as user_use5_21_0_, user0_.user_user_password as user_use6_21_0_ from user user0_ where user0_.user_id=?
Hibernate: select character0_.character_id as characte1_6_0_, character0_.character_character_name as characte2_6_0_ from characters character0_ where character0_.character_id=?
Hibernate: SELECT * FROM SCHEDULE WHERE (YEAR(SCHEDULE_STARTED_AT) = ? AND MONTH(SCHEDULE_STARTED_AT) = ?) OR (YEAR(SCHEDULE_FINISH_AT) = ? AND MONTH(SCHEDULE_FINISH_AT) = ?)
Hibernate: select user0_.user_id as user_id1_21_0_, user0_.character_id as characte7_21_0_, user0_.user_created_at as user_cre2_21_0_, user0_.user_name as user_nam3_21_0_, user0_.user_phone_number as user_pho4_21_0_, user0_.user_user_id as user_use5_21_0_, user0_.user_user_password as user_use6_21_0_ from user user0_ where user0_.user_id=?
Hibernate: select character0_.character_id as characte1_6_0_, character0_.character_character_name as characte2_6_0_ from characters character0_ where character0_.character_id=?
Hibernate: SELECT * FROM SCHEDULE WHERE (YEAR(SCHEDULE_STARTED_AT) = ? AND MONTH(SCHEDULE_STARTED_AT) = ?) OR (YEAR(SCHEDULE_FINISH_AT) = ? AND MONTH(SCHEDULE_FINISH_AT) = ?)
Hibernate: select user0_.user_id as user_id1_21_0_, user0_.character_id as characte7_21_0_, user0_.user_created_at as user_cre2_21_0_, user0_.user_name as user_nam3_21_0_, user0_.user_phone_number as user_pho4_21_0_, user0_.user_user_id as user_use5_21_0_, user0_.user_user_password as user_use6_21_0_ from user user0_ where user0_.user_id=?
Hibernate: select character0_.character_id as characte1_6_0_, character0_.character_character_name as characte2_6_0_ from characters character0_ where character0_.character_id=?
Hibernate: SELECT * FROM SCHEDULE WHERE (YEAR(SCHEDULE_STARTED_AT) = ? AND MONTH(SCHEDULE_STARTED_AT) = ?) OR (YEAR(SCHEDULE_FINISH_AT) = ? AND MONTH(SCHEDULE_FINISH_AT) = ?)
Hibernate: select user0_.user_id as user_id1_21_0_, user0_.character_id as characte7_21_0_, user0_.user_created_at as user_cre2_21_0_, user0_.user_name as user_nam3_21_0_, user0_.user_phone_number as user_pho4_21_0_, user0_.user_user_id as user_use5_21_0_, user0_.user_user_password as user_use6_21_0_ from user user0_ where user0_.user_id=?
Hibernate: select character0_.character_id as characte1_6_0_, character0_.character_character_name as characte2_6_0_ from characters character0_ where character0_.character_id=?
Hibernate: SELECT * FROM SCHEDULE WHERE (YEAR(SCHEDULE_STARTED_AT) = ? AND MONTH(SCHEDULE_STARTED_AT) = ?) OR (YEAR(SCHEDULE_FINISH_AT) = ? AND MONTH(SCHEDULE_FINISH_AT) = ?)
Hibernate: select user0_.user_id as user_id1_21_0_, user0_.character_id as characte7_21_0_, user0_.user_created_at as user_cre2_21_0_, user0_.user_name as user_nam3_21_0_, user0_.user_phone_number as user_pho4_21_0_, user0_.user_user_id as user_use5_21_0_, user0_.user_user_password as user_use6_21_0_ from user user0_ where user0_.user_id=?
Hibernate: select character0_.character_id as characte1_6_0_, character0_.character_character_name as characte2_6_0_ from characters character0_ where character0_.character_id=?
Hibernate: SELECT * FROM SCHEDULE WHERE (YEAR(SCHEDULE_STARTED_AT) = ? AND MONTH(SCHEDULE_STARTED_AT) = ?) OR (YEAR(SCHEDULE_FINISH_AT) = ? AND MONTH(SCHEDULE_FINISH_AT) = ?)
Hibernate: select user0_.user_id as user_id1_21_0_, user0_.character_id as characte7_21_0_, user0_.user_created_at as user_cre2_21_0_, user0_.user_name as user_nam3_21_0_, user0_.user_phone_number as user_pho4_21_0_, user0_.user_user_id as user_use5_21_0_, user0_.user_user_password as user_use6_21_0_ from user user0_ where user0_.user_id=?
Hibernate: select character0_.character_id as characte1_6_0_, character0_.character_character_name as characte2_6_0_ from characters character0_ where character0_.character_id=?
Hibernate: SELECT * FROM SCHEDULE WHERE (YEAR(SCHEDULE_STARTED_AT) = ? AND MONTH(SCHEDULE_STARTED_AT) = ?) OR (YEAR(SCHEDULE_FINISH_AT) = ? AND MONTH(SCHEDULE_FINISH_AT) = ?)
Hibernate: select user0_.user_id as user_id1_21_0_, user0_.character_id as characte7_21_0_, user0_.user_created_at as user_cre2_21_0_, user0_.user_name as user_nam3_21_0_, user0_.user_phone_number as user_pho4_21_0_, user0_.user_user_id as user_use5_21_0_, user0_.user_user_password as user_use6_21_0_ from user user0_ where user0_.user_id=?
Hibernate: select character0_.character_id as characte1_6_0_, character0_.character_character_name as characte2_6_0_ from characters character0_ where character0_.character_id=?
Hibernate: SELECT * FROM SCHEDULE WHERE (YEAR(SCHEDULE_STARTED_AT) = ? AND MONTH(SCHEDULE_STARTED_AT) = ?) OR (YEAR(SCHEDULE_FINISH_AT) = ? AND MONTH(SCHEDULE_FINISH_AT) = ?)
Hibernate: select user0_.user_id as user_id1_21_0_, user0_.character_id as characte7_21_0_, user0_.user_created_at as user_cre2_21_0_, user0_.user_name as user_nam3_21_0_, user0_.user_phone_number as user_pho4_21_0_, user0_.user_user_id as user_use5_21_0_, user0_.user_user_password as user_use6_21_0_ from user user0_ where user0_.user_id=?
Hibernate: select character0_.character_id as characte1_6_0_, character0_.character_character_name as characte2_6_0_ from characters character0_ where character0_.character_id=?
Hibernate: SELECT * FROM SCHEDULE WHERE (YEAR(SCHEDULE_STARTED_AT) = ? AND MONTH(SCHEDULE_STARTED_AT) = ?) OR (YEAR(SCHEDULE_FINISH_AT) = ? AND MONTH(SCHEDULE_FINISH_AT) = ?)
Hibernate: select user0_.user_id as user_id1_21_0_, user0_.character_id as characte7_21_0_, user0_.user_created_at as user_cre2_21_0_, user0_.user_name as user_nam3_21_0_, user0_.user_phone_number as user_pho4_21_0_, user0_.user_user_id as user_use5_21_0_, user0_.user_user_password as user_use6_21_0_ from user user0_ where user0_.user_id=?
Hibernate: select character0_.character_id as characte1_6_0_, character0_.character_character_name as characte2_6_0_ from characters character0_ where character0_.character_id=?
Hibernate: SELECT * FROM SCHEDULE WHERE (YEAR(SCHEDULE_STARTED_AT) = ? AND MONTH(SCHEDULE_STARTED_AT) = ?) OR (YEAR(SCHEDULE_FINISH_AT) = ? AND MONTH(SCHEDULE_FINISH_AT) = ?)
Hibernate: select user0_.user_id as col_0_0_ from user user0_ where user0_.user_user_id=? limit ?
Hibernate: select user0_.user_id as col_0_0_ from user user0_ where user0_.user_user_id=? limit ?
Hibernate: select U.* from USER U where U.USER_USER_ID =?
Hibernate: select character0_.character_id as characte1_6_0_, character0_.character_character_name as characte2_6_0_ from characters character0_ where character0_.character_id=?
Hibernate: select user0_.user_id as col_0_0_ from user user0_ where user0_.user_user_id=? limit ?
Hibernate: select user0_.user_id as col_0_0_ from user user0_ where user0_.user_user_id=? limit ?
Hibernate: select U.* from USER U where U.USER_USER_ID =?
Hibernate: select character0_.character_id as characte1_6_0_, character0_.character_character_name as characte2_6_0_ from characters character0_ where character0_.character_id=?
Hibernate: select user0_.user_id as user_id1_21_0_, user0_.character_id as characte7_21_0_, user0_.user_created_at as user_cre2_21_0_, user0_.user_name as user_nam3_21_0_, user0_.user_phone_number as user_pho4_21_0_, user0_.user_user_id as user_use5_21_0_, user0_.user_user_password as user_use6_21_0_ from user user0_ where user0_.user_id=?
Hibernate: select character0_.character_id as characte1_6_0_, character0_.character_character_name as characte2_6_0_ from characters character0_ where character0_.character_id=?
Hibernate: SELECT * FROM SCHEDULE WHERE (YEAR(SCHEDULE_STARTED_AT) = ? AND MONTH(SCHEDULE_STARTED_AT) = ?) OR (YEAR(SCHEDULE_FINISH_AT) = ? AND MONTH(SCHEDULE_FINISH_AT) = ?)
Hibernate: select user0_.user_id as user_id1_21_0_, user0_.character_id as characte7_21_0_, user0_.user_created_at as user_cre2_21_0_, user0_.user_name as user_nam3_21_0_, user0_.user_phone_number as user_pho4_21_0_, user0_.user_user_id as user_use5_21_0_, user0_.user_user_password as user_use6_21_0_ from user user0_ where user0_.user_id=?
Hibernate: select character0_.character_id as characte1_6_0_, character0_.character_character_name as characte2_6_0_ from characters character0_ where character0_.character_id=?
Hibernate: SELECT * FROM SCHEDULE WHERE (YEAR(SCHEDULE_STARTED_AT) = ? AND MONTH(SCHEDULE_STARTED_AT) = ?) OR (YEAR(SCHEDULE_FINISH_AT) = ? AND MONTH(SCHEDULE_FINISH_AT) = ?)
Hibernate: select user0_.user_id as user_id1_21_0_, user0_.character_id as characte7_21_0_, user0_.user_created_at as user_cre2_21_0_, user0_.user_name as user_nam3_21_0_, user0_.user_phone_number as user_pho4_21_0_, user0_.user_user_id as user_use5_21_0_, user0_.user_user_password as user_use6_21_0_ from user user0_ where user0_.user_id=?
Hibernate: select character0_.character_id as characte1_6_0_, character0_.character_character_name as characte2_6_0_ from characters character0_ where character0_.character_id=?
Hibernate: SELECT * FROM SCHEDULE WHERE (YEAR(SCHEDULE_STARTED_AT) = ? AND MONTH(SCHEDULE_STARTED_AT) = ?) OR (YEAR(SCHEDULE_FINISH_AT) = ? AND MONTH(SCHEDULE_FINISH_AT) = ?)
Hibernate: select user0_.user_id as user_id1_21_0_, user0_.character_id as characte7_21_0_, user0_.user_created_at as user_cre2_21_0_, user0_.user_name as user_nam3_21_0_, user0_.user_phone_number as user_pho4_21_0_, user0_.user_user_id as user_use5_21_0_, user0_.user_user_password as user_use6_21_0_ from user user0_ where user0_.user_id=?
Hibernate: select character0_.character_id as characte1_6_0_, character0_.character_character_name as characte2_6_0_ from characters character0_ where character0_.character_id=?
Hibernate: SELECT * FROM SCHEDULE WHERE (YEAR(SCHEDULE_STARTED_AT) = ? AND MONTH(SCHEDULE_STARTED_AT) = ?) OR (YEAR(SCHEDULE_FINISH_AT) = ? AND MONTH(SCHEDULE_FINISH_AT) = ?)
Hibernate: select user0_.user_id as user_id1_21_0_, user0_.character_id as characte7_21_0_, user0_.user_created_at as user_cre2_21_0_, user0_.user_name as user_nam3_21_0_, user0_.user_phone_number as user_pho4_21_0_, user0_.user_user_id as user_use5_21_0_, user0_.user_user_password as user_use6_21_0_ from user user0_ where user0_.user_id=?
Hibernate: select character0_.character_id as characte1_6_0_, character0_.character_character_name as characte2_6_0_ from characters character0_ where character0_.character_id=?
Hibernate: SELECT * FROM SCHEDULE WHERE (YEAR(SCHEDULE_STARTED_AT) = ? AND MONTH(SCHEDULE_STARTED_AT) = ?) OR (YEAR(SCHEDULE_FINISH_AT) = ? AND MONTH(SCHEDULE_FINISH_AT) = ?)
Hibernate: select user0_.user_id as user_id1_21_0_, user0_.character_id as characte7_21_0_, user0_.user_created_at as user_cre2_21_0_, user0_.user_name as user_nam3_21_0_, user0_.user_phone_number as user_pho4_21_0_, user0_.user_user_id as user_use5_21_0_, user0_.user_user_password as user_use6_21_0_ from user user0_ where user0_.user_id=?
Hibernate: select character0_.character_id as characte1_6_0_, character0_.character_character_name as characte2_6_0_ from characters character0_ where character0_.character_id=?
Hibernate: SELECT * FROM SCHEDULE WHERE (YEAR(SCHEDULE_STARTED_AT) = ? AND MONTH(SCHEDULE_STARTED_AT) = ?) OR (YEAR(SCHEDULE_FINISH_AT) = ? AND MONTH(SCHEDULE_FINISH_AT) = ?)
Hibernate: select user0_.user_id as user_id1_21_0_, user0_.character_id as characte7_21_0_, user0_.user_created_at as user_cre2_21_0_, user0_.user_name as user_nam3_21_0_, user0_.user_phone_number as user_pho4_21_0_, user0_.user_user_id as user_use5_21_0_, user0_.user_user_password as user_use6_21_0_ from user user0_ where user0_.user_id=?
Hibernate: select character0_.character_id as characte1_6_0_, character0_.character_character_name as characte2_6_0_ from characters character0_ where character0_.character_id=?
Hibernate: SELECT * FROM SCHEDULE WHERE (YEAR(SCHEDULE_STARTED_AT) = ? AND MONTH(SCHEDULE_STARTED_AT) = ?) OR (YEAR(SCHEDULE_FINISH_AT) = ? AND MONTH(SCHEDULE_FINISH_AT) = ?)
Hibernate: select user0_.user_id as user_id1_21_0_, user0_.character_id as characte7_21_0_, user0_.user_created_at as user_cre2_21_0_, user0_.user_name as user_nam3_21_0_, user0_.user_phone_number as user_pho4_21_0_, user0_.user_user_id as user_use5_21_0_, user0_.user_user_password as user_use6_21_0_ from user user0_ where user0_.user_id=?
Hibernate: select character0_.character_id as characte1_6_0_, character0_.character_character_name as characte2_6_0_ from characters character0_ where character0_.character_id=?
Hibernate: SELECT * FROM SCHEDULE WHERE (YEAR(SCHEDULE_STARTED_AT) = ? AND MONTH(SCHEDULE_STARTED_AT) = ?) OR (YEAR(SCHEDULE_FINISH_AT) = ? AND MONTH(SCHEDULE_FINISH_AT) = ?)
Hibernate: select user0_.user_id as user_id1_21_0_, user0_.character_id as characte7_21_0_, user0_.user_created_at as user_cre2_21_0_, user0_.user_name as user_nam3_21_0_, user0_.user_phone_number as user_pho4_21_0_, user0_.user_user_id as user_use5_21_0_, user0_.user_user_password as user_use6_21_0_ from user user0_ where user0_.user_id=?
Hibernate: select character0_.character_id as characte1_6_0_, character0_.character_character_name as characte2_6_0_ from characters character0_ where character0_.character_id=?
Hibernate: SELECT * FROM SCHEDULE WHERE (YEAR(SCHEDULE_STARTED_AT) = ? AND MONTH(SCHEDULE_STARTED_AT) = ?) OR (YEAR(SCHEDULE_FINISH_AT) = ? AND MONTH(SCHEDULE_FINISH_AT) = ?)
Hibernate: select user0_.user_id as user_id1_21_0_, user0_.character_id as characte7_21_0_, user0_.user_created_at as user_cre2_21_0_, user0_.user_name as user_nam3_21_0_, user0_.user_phone_number as user_pho4_21_0_, user0_.user_user_id as user_use5_21_0_, user0_.user_user_password as user_use6_21_0_ from user user0_ where user0_.user_id=?
Hibernate: select character0_.character_id as characte1_6_0_, character0_.character_character_name as characte2_6_0_ from characters character0_ where character0_.character_id=?
Hibernate: SELECT * FROM SCHEDULE WHERE (YEAR(SCHEDULE_STARTED_AT) = ? AND MONTH(SCHEDULE_STARTED_AT) = ?) OR (YEAR(SCHEDULE_FINISH_AT) = ? AND MONTH(SCHEDULE_FINISH_AT) = ?)
Hibernate: select user0_.user_id as user_id1_21_0_, user0_.character_id as characte7_21_0_, user0_.user_created_at as user_cre2_21_0_, user0_.user_name as user_nam3_21_0_, user0_.user_phone_number as user_pho4_21_0_, user0_.user_user_id as user_use5_21_0_, user0_.user_user_password as user_use6_21_0_ from user user0_ where user0_.user_id=?
Hibernate: select character0_.character_id as characte1_6_0_, character0_.character_character_name as characte2_6_0_ from characters character0_ where character0_.character_id=?
Hibernate: SELECT * FROM SCHEDULE WHERE (YEAR(SCHEDULE_STARTED_AT) = ? AND MONTH(SCHEDULE_STARTED_AT) = ?) OR (YEAR(SCHEDULE_FINISH_AT) = ? AND MONTH(SCHEDULE_FINISH_AT) = ?)
Hibernate: select user0_.user_id as user_id1_21_0_, user0_.character_id as characte7_21_0_, user0_.user_created_at as user_cre2_21_0_, user0_.user_name as user_nam3_21_0_, user0_.user_phone_number as user_pho4_21_0_, user0_.user_user_id as user_use5_21_0_, user0_.user_user_password as user_use6_21_0_ from user user0_ where user0_.user_id=?
Hibernate: select character0_.character_id as characte1_6_0_, character0_.character_character_name as characte2_6_0_ from characters character0_ where character0_.character_id=?
Hibernate: SELECT * FROM SCHEDULE WHERE (YEAR(SCHEDULE_STARTED_AT) = ? AND MONTH(SCHEDULE_STARTED_AT) = ?) OR (YEAR(SCHEDULE_FINISH_AT) = ? AND MONTH(SCHEDULE_FINISH_AT) = ?)
Hibernate: select user0_.user_id as col_0_0_ from user user0_ where user0_.user_user_id=? limit ?
Hibernate: select user0_.user_id as col_0_0_ from user user0_ where user0_.user_user_id=? limit ?
Hibernate: select U.* from USER U where U.USER_USER_ID =?
Hibernate: select character0_.character_id as characte1_6_0_, character0_.character_character_name as characte2_6_0_ from characters character0_ where character0_.character_id=?
Hibernate: select user0_.user_id as col_0_0_ from user user0_ where user0_.user_user_id=? limit ?
Hibernate: select user0_.user_id as col_0_0_ from user user0_ where user0_.user_user_id=? limit ?
Hibernate: select U.* from USER U where U.USER_USER_ID =?
Hibernate: select character0_.character_id as characte1_6_0_, character0_.character_character_name as characte2_6_0_ from characters character0_ where character0_.character_id=?
Hibernate: select user0_.user_id as user_id1_21_0_, user0_.character_id as characte7_21_0_, user0_.user_created_at as user_cre2_21_0_, user0_.user_name as user_nam3_21_0_, user0_.user_phone_number as user_pho4_21_0_, user0_.user_user_id as user_use5_21_0_, user0_.user_user_password as user_use6_21_0_ from user user0_ where user0_.user_id=?
Hibernate: select character0_.character_id as characte1_6_0_, character0_.character_character_name as characte2_6_0_ from characters character0_ where character0_.character_id=?
Hibernate: select count(*) as col_0_0_ from user user0_ where user0_.user_id=?
Hibernate: select character1_.character_id as characte1_6_, character1_.character_character_name as characte2_6_ from user user0_ inner join characters character1_ on user0_.character_id=character1_.character_id where user0_.user_id=?
Hibernate: select permission0_.character_id as characte6_12_0_, permission0_.permission_id as permissi1_12_0_, permission0_.permission_id as permissi1_12_1_, permission0_.character_id as characte6_12_1_, permission0_.permission_name as permissi2_12_1_, permission0_.permission_permission_unit_id as permissi3_12_1_, permission0_.permission_service as permissi4_12_1_, permission0_.permission_status as permissi5_12_1_ from permission permission0_ where permission0_.character_id=?
Hibernate: select schedule0_.schedule_id as schedule1_17_0_, schedule0_.schedule_finish_at as schedule2_17_0_, schedule0_.schedule_content as schedule3_17_0_, schedule0_.schedule_repeat_cycle as schedule4_17_0_, schedule0_.schedule_repeat_repeat_finish_at as schedule5_17_0_, schedule0_.schedule_title as schedule6_17_0_, schedule0_.schedule_started_at as schedule7_17_0_ from schedule schedule0_ where schedule0_.schedule_id=?
Hibernate: insert into schedule (schedule_id, schedule_finish_at, schedule_content, schedule_repeat_cycle, schedule_repeat_repeat_finish_at, schedule_title, schedule_started_at) values (default, ?, ?, ?, ?, ?, ?)
Hibernate: select user0_.user_id as user_id1_21_0_, user0_.character_id as characte7_21_0_, user0_.user_created_at as user_cre2_21_0_, user0_.user_name as user_nam3_21_0_, user0_.user_phone_number as user_pho4_21_0_, user0_.user_user_id as user_use5_21_0_, user0_.user_user_password as user_use6_21_0_ from user user0_ where user0_.user_id=?
Hibernate: select character0_.character_id as characte1_6_0_, character0_.character_character_name as characte2_6_0_ from characters character0_ where character0_.character_id=?
Hibernate: SELECT * FROM SCHEDULE WHERE (YEAR(SCHEDULE_STARTED_AT) = ? AND MONTH(SCHEDULE_STARTED_AT) = ?) OR (YEAR(SCHEDULE_FINISH_AT) = ? AND MONTH(SCHEDULE_FINISH_AT) = ?)
Hibernate: select user0_.user_id as user_id1_21_0_, user0_.character_id as characte7_21_0_, user0_.user_created_at as user_cre2_21_0_, user0_.user_name as user_nam3_21_0_, user0_.user_phone_number as user_pho4_21_0_, user0_.user_user_id as user_use5_21_0_, user0_.user_user_password as user_use6_21_0_ from user user0_ where user0_.user_id=?
Hibernate: select character0_.character_id as characte1_6_0_, character0_.character_character_name as characte2_6_0_ from characters character0_ where character0_.character_id=?
Hibernate: select count(*) as col_0_0_ from user user0_ where user0_.user_id=?
Hibernate: select character1_.character_id as characte1_6_, character1_.character_character_name as characte2_6_ from user user0_ inner join characters character1_ on user0_.character_id=character1_.character_id where user0_.user_id=?
Hibernate: select permission0_.character_id as characte6_12_0_, permission0_.permission_id as permissi1_12_0_, permission0_.permission_id as permissi1_12_1_, permission0_.character_id as characte6_12_1_, permission0_.permission_name as permissi2_12_1_, permission0_.permission_permission_unit_id as permissi3_12_1_, permission0_.permission_service as permissi4_12_1_, permission0_.permission_status as permissi5_12_1_ from permission permission0_ where permission0_.character_id=?
Hibernate: select count(*) as col_0_0_ from schedule schedule0_ where schedule0_.schedule_id=?

MockHttpServletRequest:
      HTTP Method = PUT
      Request URI = /schedule/18
       Parameters = {}
          Headers = [Content-Type:"application/json;charset=UTF-8", Accept:"application/json", Api-version:"1.0", Authorization:"Bearer eyJhbGciOiJIUzI1NiJ9.eyJzdWIiOiIxIiwiaWF0IjoxNjg3ODc3NDY4LCJleHAiOjE2ODc4ODEwNjh9.L4tO6_dDAW_EBZT75Jfu2R72X2bmpa30eKXBNOnKWzQ", Content-Length:"175"]
             Body = {"schedule_title":"seminar","schedule_content":"DFS","started_at":"2023-01-24T20:52","finish_at":"2023-01-31T23:59","repeat":{"cycle":7,"repeat_finish_at":"2023-01-28T23:59"}}
    Session Attrs = {}

Handler:
             Type = org.waldreg.controller.schedule.ScheduleController
           Method = org.waldreg.controller.schedule.ScheduleController#updateSchedule(int, ScheduleRequest)

Async:
    Async started = false
     Async result = null

Resolved Exception:
             Type = org.waldreg.schedule.exception.InvalidRepeatException

ModelAndView:
        View name = null
             View = null
            Model = null

FlashMap:
       Attributes = null

MockHttpServletResponse:
           Status = 400
    Error message = null
          Headers = [Vary:"Origin", "Access-Control-Request-Method", "Access-Control-Request-Headers", Api-version:"1.0", Content-Type:"application/json"]
     Content type = application/json
             Body = {"code":"SCHEDULE-406","messages":"Repeat finish date \"2023-01-28T23:59\" cannot precede schedule start date \"2023-01-24T20:52\" or finish date \"2023-01-31T23:59\"","document_url":"docs.waldreg.org"}
    Forwarded URL = null
   Redirected URL = null
          Cookies = []
Hibernate: select user0_.user_id as col_0_0_ from user user0_ where user0_.user_user_id=? limit ?
Hibernate: select user0_.user_id as col_0_0_ from user user0_ where user0_.user_user_id=? limit ?
Hibernate: select U.* from USER U where U.USER_USER_ID =?
Hibernate: select character0_.character_id as characte1_6_0_, character0_.character_character_name as characte2_6_0_ from characters character0_ where character0_.character_id=?
Hibernate: select user0_.user_id as user_id1_21_0_, user0_.character_id as characte7_21_0_, user0_.user_created_at as user_cre2_21_0_, user0_.user_name as user_nam3_21_0_, user0_.user_phone_number as user_pho4_21_0_, user0_.user_user_id as user_use5_21_0_, user0_.user_user_password as user_use6_21_0_ from user user0_ where user0_.user_id=?
Hibernate: select character0_.character_id as characte1_6_0_, character0_.character_character_name as characte2_6_0_ from characters character0_ where character0_.character_id=?
Hibernate: SELECT * FROM SCHEDULE WHERE (YEAR(SCHEDULE_STARTED_AT) = ? AND MONTH(SCHEDULE_STARTED_AT) = ?) OR (YEAR(SCHEDULE_FINISH_AT) = ? AND MONTH(SCHEDULE_FINISH_AT) = ?)
Hibernate: select user0_.user_id as user_id1_21_0_, user0_.character_id as characte7_21_0_, user0_.user_created_at as user_cre2_21_0_, user0_.user_name as user_nam3_21_0_, user0_.user_phone_number as user_pho4_21_0_, user0_.user_user_id as user_use5_21_0_, user0_.user_user_password as user_use6_21_0_ from user user0_ where user0_.user_id=?
Hibernate: select character0_.character_id as characte1_6_0_, character0_.character_character_name as characte2_6_0_ from characters character0_ where character0_.character_id=?
Hibernate: select count(*) as col_0_0_ from user user0_ where user0_.user_id=?
Hibernate: select character1_.character_id as characte1_6_, character1_.character_character_name as characte2_6_ from user user0_ inner join characters character1_ on user0_.character_id=character1_.character_id where user0_.user_id=?
Hibernate: select permission0_.character_id as characte6_12_0_, permission0_.permission_id as permissi1_12_0_, permission0_.permission_id as permissi1_12_1_, permission0_.character_id as characte6_12_1_, permission0_.permission_name as permissi2_12_1_, permission0_.permission_permission_unit_id as permissi3_12_1_, permission0_.permission_service as permissi4_12_1_, permission0_.permission_status as permissi5_12_1_ from permission permission0_ where permission0_.character_id=?
Hibernate: select count(*) as col_0_0_ from schedule schedule0_ where schedule0_.schedule_id=?
Hibernate: select schedule0_.schedule_id as schedule1_17_0_, schedule0_.schedule_finish_at as schedule2_17_0_, schedule0_.schedule_content as schedule3_17_0_, schedule0_.schedule_repeat_cycle as schedule4_17_0_, schedule0_.schedule_repeat_repeat_finish_at as schedule5_17_0_, schedule0_.schedule_title as schedule6_17_0_, schedule0_.schedule_started_at as schedule7_17_0_ from schedule schedule0_ where schedule0_.schedule_id=?
Hibernate: delete from schedule where schedule_id=?
Hibernate: select user0_.user_id as user_id1_21_0_, user0_.character_id as characte7_21_0_, user0_.user_created_at as user_cre2_21_0_, user0_.user_name as user_nam3_21_0_, user0_.user_phone_number as user_pho4_21_0_, user0_.user_user_id as user_use5_21_0_, user0_.user_user_password as user_use6_21_0_ from user user0_ where user0_.user_id=?
Hibernate: select character0_.character_id as characte1_6_0_, character0_.character_character_name as characte2_6_0_ from characters character0_ where character0_.character_id=?
Hibernate: select count(*) as col_0_0_ from schedule schedule0_ where schedule0_.schedule_id=?
Hibernate: select user0_.user_id as user_id1_21_0_, user0_.character_id as characte7_21_0_, user0_.user_created_at as user_cre2_21_0_, user0_.user_name as user_nam3_21_0_, user0_.user_phone_number as user_pho4_21_0_, user0_.user_user_id as user_use5_21_0_, user0_.user_user_password as user_use6_21_0_ from user user0_ where user0_.user_id=?
Hibernate: select character0_.character_id as characte1_6_0_, character0_.character_character_name as characte2_6_0_ from characters character0_ where character0_.character_id=?
Hibernate: SELECT * FROM SCHEDULE WHERE (YEAR(SCHEDULE_STARTED_AT) = ? AND MONTH(SCHEDULE_STARTED_AT) = ?) OR (YEAR(SCHEDULE_FINISH_AT) = ? AND MONTH(SCHEDULE_FINISH_AT) = ?)
Hibernate: select user0_.user_id as user_id1_21_0_, user0_.character_id as characte7_21_0_, user0_.user_created_at as user_cre2_21_0_, user0_.user_name as user_nam3_21_0_, user0_.user_phone_number as user_pho4_21_0_, user0_.user_user_id as user_use5_21_0_, user0_.user_user_password as user_use6_21_0_ from user user0_ where user0_.user_id=?
Hibernate: select character0_.character_id as characte1_6_0_, character0_.character_character_name as characte2_6_0_ from characters character0_ where character0_.character_id=?
Hibernate: SELECT * FROM SCHEDULE WHERE (YEAR(SCHEDULE_STARTED_AT) = ? AND MONTH(SCHEDULE_STARTED_AT) = ?) OR (YEAR(SCHEDULE_FINISH_AT) = ? AND MONTH(SCHEDULE_FINISH_AT) = ?)
Hibernate: select user0_.user_id as user_id1_21_0_, user0_.character_id as characte7_21_0_, user0_.user_created_at as user_cre2_21_0_, user0_.user_name as user_nam3_21_0_, user0_.user_phone_number as user_pho4_21_0_, user0_.user_user_id as user_use5_21_0_, user0_.user_user_password as user_use6_21_0_ from user user0_ where user0_.user_id=?
Hibernate: select character0_.character_id as characte1_6_0_, character0_.character_character_name as characte2_6_0_ from characters character0_ where character0_.character_id=?
Hibernate: SELECT * FROM SCHEDULE WHERE (YEAR(SCHEDULE_STARTED_AT) = ? AND MONTH(SCHEDULE_STARTED_AT) = ?) OR (YEAR(SCHEDULE_FINISH_AT) = ? AND MONTH(SCHEDULE_FINISH_AT) = ?)
Hibernate: select user0_.user_id as user_id1_21_0_, user0_.character_id as characte7_21_0_, user0_.user_created_at as user_cre2_21_0_, user0_.user_name as user_nam3_21_0_, user0_.user_phone_number as user_pho4_21_0_, user0_.user_user_id as user_use5_21_0_, user0_.user_user_password as user_use6_21_0_ from user user0_ where user0_.user_id=?
Hibernate: select character0_.character_id as characte1_6_0_, character0_.character_character_name as characte2_6_0_ from characters character0_ where character0_.character_id=?
Hibernate: SELECT * FROM SCHEDULE WHERE (YEAR(SCHEDULE_STARTED_AT) = ? AND MONTH(SCHEDULE_STARTED_AT) = ?) OR (YEAR(SCHEDULE_FINISH_AT) = ? AND MONTH(SCHEDULE_FINISH_AT) = ?)
Hibernate: select user0_.user_id as user_id1_21_0_, user0_.character_id as characte7_21_0_, user0_.user_created_at as user_cre2_21_0_, user0_.user_name as user_nam3_21_0_, user0_.user_phone_number as user_pho4_21_0_, user0_.user_user_id as user_use5_21_0_, user0_.user_user_password as user_use6_21_0_ from user user0_ where user0_.user_id=?
Hibernate: select character0_.character_id as characte1_6_0_, character0_.character_character_name as characte2_6_0_ from characters character0_ where character0_.character_id=?
Hibernate: SELECT * FROM SCHEDULE WHERE (YEAR(SCHEDULE_STARTED_AT) = ? AND MONTH(SCHEDULE_STARTED_AT) = ?) OR (YEAR(SCHEDULE_FINISH_AT) = ? AND MONTH(SCHEDULE_FINISH_AT) = ?)
Hibernate: select user0_.user_id as user_id1_21_0_, user0_.character_id as characte7_21_0_, user0_.user_created_at as user_cre2_21_0_, user0_.user_name as user_nam3_21_0_, user0_.user_phone_number as user_pho4_21_0_, user0_.user_user_id as user_use5_21_0_, user0_.user_user_password as user_use6_21_0_ from user user0_ where user0_.user_id=?
Hibernate: select character0_.character_id as characte1_6_0_, character0_.character_character_name as characte2_6_0_ from characters character0_ where character0_.character_id=?
Hibernate: SELECT * FROM SCHEDULE WHERE (YEAR(SCHEDULE_STARTED_AT) = ? AND MONTH(SCHEDULE_STARTED_AT) = ?) OR (YEAR(SCHEDULE_FINISH_AT) = ? AND MONTH(SCHEDULE_FINISH_AT) = ?)
Hibernate: select user0_.user_id as user_id1_21_0_, user0_.character_id as characte7_21_0_, user0_.user_created_at as user_cre2_21_0_, user0_.user_name as user_nam3_21_0_, user0_.user_phone_number as user_pho4_21_0_, user0_.user_user_id as user_use5_21_0_, user0_.user_user_password as user_use6_21_0_ from user user0_ where user0_.user_id=?
Hibernate: select character0_.character_id as characte1_6_0_, character0_.character_character_name as characte2_6_0_ from characters character0_ where character0_.character_id=?
Hibernate: SELECT * FROM SCHEDULE WHERE (YEAR(SCHEDULE_STARTED_AT) = ? AND MONTH(SCHEDULE_STARTED_AT) = ?) OR (YEAR(SCHEDULE_FINISH_AT) = ? AND MONTH(SCHEDULE_FINISH_AT) = ?)
Hibernate: select user0_.user_id as user_id1_21_0_, user0_.character_id as characte7_21_0_, user0_.user_created_at as user_cre2_21_0_, user0_.user_name as user_nam3_21_0_, user0_.user_phone_number as user_pho4_21_0_, user0_.user_user_id as user_use5_21_0_, user0_.user_user_password as user_use6_21_0_ from user user0_ where user0_.user_id=?
Hibernate: select character0_.character_id as characte1_6_0_, character0_.character_character_name as characte2_6_0_ from characters character0_ where character0_.character_id=?
Hibernate: SELECT * FROM SCHEDULE WHERE (YEAR(SCHEDULE_STARTED_AT) = ? AND MONTH(SCHEDULE_STARTED_AT) = ?) OR (YEAR(SCHEDULE_FINISH_AT) = ? AND MONTH(SCHEDULE_FINISH_AT) = ?)
Hibernate: select user0_.user_id as user_id1_21_0_, user0_.character_id as characte7_21_0_, user0_.user_created_at as user_cre2_21_0_, user0_.user_name as user_nam3_21_0_, user0_.user_phone_number as user_pho4_21_0_, user0_.user_user_id as user_use5_21_0_, user0_.user_user_password as user_use6_21_0_ from user user0_ where user0_.user_id=?
Hibernate: select character0_.character_id as characte1_6_0_, character0_.character_character_name as characte2_6_0_ from characters character0_ where character0_.character_id=?
Hibernate: SELECT * FROM SCHEDULE WHERE (YEAR(SCHEDULE_STARTED_AT) = ? AND MONTH(SCHEDULE_STARTED_AT) = ?) OR (YEAR(SCHEDULE_FINISH_AT) = ? AND MONTH(SCHEDULE_FINISH_AT) = ?)
Hibernate: select user0_.user_id as user_id1_21_0_, user0_.character_id as characte7_21_0_, user0_.user_created_at as user_cre2_21_0_, user0_.user_name as user_nam3_21_0_, user0_.user_phone_number as user_pho4_21_0_, user0_.user_user_id as user_use5_21_0_, user0_.user_user_password as user_use6_21_0_ from user user0_ where user0_.user_id=?
Hibernate: select character0_.character_id as characte1_6_0_, character0_.character_character_name as characte2_6_0_ from characters character0_ where character0_.character_id=?
Hibernate: SELECT * FROM SCHEDULE WHERE (YEAR(SCHEDULE_STARTED_AT) = ? AND MONTH(SCHEDULE_STARTED_AT) = ?) OR (YEAR(SCHEDULE_FINISH_AT) = ? AND MONTH(SCHEDULE_FINISH_AT) = ?)
Hibernate: select user0_.user_id as user_id1_21_0_, user0_.character_id as characte7_21_0_, user0_.user_created_at as user_cre2_21_0_, user0_.user_name as user_nam3_21_0_, user0_.user_phone_number as user_pho4_21_0_, user0_.user_user_id as user_use5_21_0_, user0_.user_user_password as user_use6_21_0_ from user user0_ where user0_.user_id=?
Hibernate: select character0_.character_id as characte1_6_0_, character0_.character_character_name as characte2_6_0_ from characters character0_ where character0_.character_id=?
Hibernate: SELECT * FROM SCHEDULE WHERE (YEAR(SCHEDULE_STARTED_AT) = ? AND MONTH(SCHEDULE_STARTED_AT) = ?) OR (YEAR(SCHEDULE_FINISH_AT) = ? AND MONTH(SCHEDULE_FINISH_AT) = ?)
Hibernate: select user0_.user_id as col_0_0_ from user user0_ where user0_.user_user_id=? limit ?
Hibernate: select user0_.user_id as col_0_0_ from user user0_ where user0_.user_user_id=? limit ?
Hibernate: select U.* from USER U where U.USER_USER_ID =?
Hibernate: select character0_.character_id as characte1_6_0_, character0_.character_character_name as characte2_6_0_ from characters character0_ where character0_.character_id=?
Hibernate: select user0_.user_id as col_0_0_ from user user0_ where user0_.user_user_id=? limit ?
Hibernate: select user0_.user_id as col_0_0_ from user user0_ where user0_.user_user_id=? limit ?
Hibernate: select U.* from USER U where U.USER_USER_ID =?
Hibernate: select character0_.character_id as characte1_6_0_, character0_.character_character_name as characte2_6_0_ from characters character0_ where character0_.character_id=?
Hibernate: select user0_.user_id as user_id1_21_0_, user0_.character_id as characte7_21_0_, user0_.user_created_at as user_cre2_21_0_, user0_.user_name as user_nam3_21_0_, user0_.user_phone_number as user_pho4_21_0_, user0_.user_user_id as user_use5_21_0_, user0_.user_user_password as user_use6_21_0_ from user user0_ where user0_.user_id=?
Hibernate: select character0_.character_id as characte1_6_0_, character0_.character_character_name as characte2_6_0_ from characters character0_ where character0_.character_id=?
Hibernate: SELECT * FROM SCHEDULE WHERE (YEAR(SCHEDULE_STARTED_AT) = ? AND MONTH(SCHEDULE_STARTED_AT) = ?) OR (YEAR(SCHEDULE_FINISH_AT) = ? AND MONTH(SCHEDULE_FINISH_AT) = ?)
Hibernate: select user0_.user_id as user_id1_21_0_, user0_.character_id as characte7_21_0_, user0_.user_created_at as user_cre2_21_0_, user0_.user_name as user_nam3_21_0_, user0_.user_phone_number as user_pho4_21_0_, user0_.user_user_id as user_use5_21_0_, user0_.user_user_password as user_use6_21_0_ from user user0_ where user0_.user_id=?
Hibernate: select character0_.character_id as characte1_6_0_, character0_.character_character_name as characte2_6_0_ from characters character0_ where character0_.character_id=?
Hibernate: SELECT * FROM SCHEDULE WHERE (YEAR(SCHEDULE_STARTED_AT) = ? AND MONTH(SCHEDULE_STARTED_AT) = ?) OR (YEAR(SCHEDULE_FINISH_AT) = ? AND MONTH(SCHEDULE_FINISH_AT) = ?)
Hibernate: select user0_.user_id as user_id1_21_0_, user0_.character_id as characte7_21_0_, user0_.user_created_at as user_cre2_21_0_, user0_.user_name as user_nam3_21_0_, user0_.user_phone_number as user_pho4_21_0_, user0_.user_user_id as user_use5_21_0_, user0_.user_user_password as user_use6_21_0_ from user user0_ where user0_.user_id=?
Hibernate: select character0_.character_id as characte1_6_0_, character0_.character_character_name as characte2_6_0_ from characters character0_ where character0_.character_id=?
Hibernate: SELECT * FROM SCHEDULE WHERE (YEAR(SCHEDULE_STARTED_AT) = ? AND MONTH(SCHEDULE_STARTED_AT) = ?) OR (YEAR(SCHEDULE_FINISH_AT) = ? AND MONTH(SCHEDULE_FINISH_AT) = ?)
Hibernate: select user0_.user_id as user_id1_21_0_, user0_.character_id as characte7_21_0_, user0_.user_created_at as user_cre2_21_0_, user0_.user_name as user_nam3_21_0_, user0_.user_phone_number as user_pho4_21_0_, user0_.user_user_id as user_use5_21_0_, user0_.user_user_password as user_use6_21_0_ from user user0_ where user0_.user_id=?
Hibernate: select character0_.character_id as characte1_6_0_, character0_.character_character_name as characte2_6_0_ from characters character0_ where character0_.character_id=?
Hibernate: SELECT * FROM SCHEDULE WHERE (YEAR(SCHEDULE_STARTED_AT) = ? AND MONTH(SCHEDULE_STARTED_AT) = ?) OR (YEAR(SCHEDULE_FINISH_AT) = ? AND MONTH(SCHEDULE_FINISH_AT) = ?)
Hibernate: select user0_.user_id as user_id1_21_0_, user0_.character_id as characte7_21_0_, user0_.user_created_at as user_cre2_21_0_, user0_.user_name as user_nam3_21_0_, user0_.user_phone_number as user_pho4_21_0_, user0_.user_user_id as user_use5_21_0_, user0_.user_user_password as user_use6_21_0_ from user user0_ where user0_.user_id=?
Hibernate: select character0_.character_id as characte1_6_0_, character0_.character_character_name as characte2_6_0_ from characters character0_ where character0_.character_id=?
Hibernate: SELECT * FROM SCHEDULE WHERE (YEAR(SCHEDULE_STARTED_AT) = ? AND MONTH(SCHEDULE_STARTED_AT) = ?) OR (YEAR(SCHEDULE_FINISH_AT) = ? AND MONTH(SCHEDULE_FINISH_AT) = ?)
Hibernate: select user0_.user_id as user_id1_21_0_, user0_.character_id as characte7_21_0_, user0_.user_created_at as user_cre2_21_0_, user0_.user_name as user_nam3_21_0_, user0_.user_phone_number as user_pho4_21_0_, user0_.user_user_id as user_use5_21_0_, user0_.user_user_password as user_use6_21_0_ from user user0_ where user0_.user_id=?
Hibernate: select character0_.character_id as characte1_6_0_, character0_.character_character_name as characte2_6_0_ from characters character0_ where character0_.character_id=?
Hibernate: SELECT * FROM SCHEDULE WHERE (YEAR(SCHEDULE_STARTED_AT) = ? AND MONTH(SCHEDULE_STARTED_AT) = ?) OR (YEAR(SCHEDULE_FINISH_AT) = ? AND MONTH(SCHEDULE_FINISH_AT) = ?)
Hibernate: select user0_.user_id as user_id1_21_0_, user0_.character_id as characte7_21_0_, user0_.user_created_at as user_cre2_21_0_, user0_.user_name as user_nam3_21_0_, user0_.user_phone_number as user_pho4_21_0_, user0_.user_user_id as user_use5_21_0_, user0_.user_user_password as user_use6_21_0_ from user user0_ where user0_.user_id=?
Hibernate: select character0_.character_id as characte1_6_0_, character0_.character_character_name as characte2_6_0_ from characters character0_ where character0_.character_id=?
Hibernate: SELECT * FROM SCHEDULE WHERE (YEAR(SCHEDULE_STARTED_AT) = ? AND MONTH(SCHEDULE_STARTED_AT) = ?) OR (YEAR(SCHEDULE_FINISH_AT) = ? AND MONTH(SCHEDULE_FINISH_AT) = ?)
Hibernate: select user0_.user_id as user_id1_21_0_, user0_.character_id as characte7_21_0_, user0_.user_created_at as user_cre2_21_0_, user0_.user_name as user_nam3_21_0_, user0_.user_phone_number as user_pho4_21_0_, user0_.user_user_id as user_use5_21_0_, user0_.user_user_password as user_use6_21_0_ from user user0_ where user0_.user_id=?
Hibernate: select character0_.character_id as characte1_6_0_, character0_.character_character_name as characte2_6_0_ from characters character0_ where character0_.character_id=?
Hibernate: SELECT * FROM SCHEDULE WHERE (YEAR(SCHEDULE_STARTED_AT) = ? AND MONTH(SCHEDULE_STARTED_AT) = ?) OR (YEAR(SCHEDULE_FINISH_AT) = ? AND MONTH(SCHEDULE_FINISH_AT) = ?)
Hibernate: select user0_.user_id as user_id1_21_0_, user0_.character_id as characte7_21_0_, user0_.user_created_at as user_cre2_21_0_, user0_.user_name as user_nam3_21_0_, user0_.user_phone_number as user_pho4_21_0_, user0_.user_user_id as user_use5_21_0_, user0_.user_user_password as user_use6_21_0_ from user user0_ where user0_.user_id=?
Hibernate: select character0_.character_id as characte1_6_0_, character0_.character_character_name as characte2_6_0_ from characters character0_ where character0_.character_id=?
Hibernate: SELECT * FROM SCHEDULE WHERE (YEAR(SCHEDULE_STARTED_AT) = ? AND MONTH(SCHEDULE_STARTED_AT) = ?) OR (YEAR(SCHEDULE_FINISH_AT) = ? AND MONTH(SCHEDULE_FINISH_AT) = ?)
Hibernate: select user0_.user_id as user_id1_21_0_, user0_.character_id as characte7_21_0_, user0_.user_created_at as user_cre2_21_0_, user0_.user_name as user_nam3_21_0_, user0_.user_phone_number as user_pho4_21_0_, user0_.user_user_id as user_use5_21_0_, user0_.user_user_password as user_use6_21_0_ from user user0_ where user0_.user_id=?
Hibernate: select character0_.character_id as characte1_6_0_, character0_.character_character_name as characte2_6_0_ from characters character0_ where character0_.character_id=?
Hibernate: SELECT * FROM SCHEDULE WHERE (YEAR(SCHEDULE_STARTED_AT) = ? AND MONTH(SCHEDULE_STARTED_AT) = ?) OR (YEAR(SCHEDULE_FINISH_AT) = ? AND MONTH(SCHEDULE_FINISH_AT) = ?)
Hibernate: select user0_.user_id as user_id1_21_0_, user0_.character_id as characte7_21_0_, user0_.user_created_at as user_cre2_21_0_, user0_.user_name as user_nam3_21_0_, user0_.user_phone_number as user_pho4_21_0_, user0_.user_user_id as user_use5_21_0_, user0_.user_user_password as user_use6_21_0_ from user user0_ where user0_.user_id=?
Hibernate: select character0_.character_id as characte1_6_0_, character0_.character_character_name as characte2_6_0_ from characters character0_ where character0_.character_id=?
Hibernate: SELECT * FROM SCHEDULE WHERE (YEAR(SCHEDULE_STARTED_AT) = ? AND MONTH(SCHEDULE_STARTED_AT) = ?) OR (YEAR(SCHEDULE_FINISH_AT) = ? AND MONTH(SCHEDULE_FINISH_AT) = ?)
Hibernate: select user0_.user_id as user_id1_21_0_, user0_.character_id as characte7_21_0_, user0_.user_created_at as user_cre2_21_0_, user0_.user_name as user_nam3_21_0_, user0_.user_phone_number as user_pho4_21_0_, user0_.user_user_id as user_use5_21_0_, user0_.user_user_password as user_use6_21_0_ from user user0_ where user0_.user_id=?
Hibernate: select character0_.character_id as characte1_6_0_, character0_.character_character_name as characte2_6_0_ from characters character0_ where character0_.character_id=?
Hibernate: SELECT * FROM SCHEDULE WHERE (YEAR(SCHEDULE_STARTED_AT) = ? AND MONTH(SCHEDULE_STARTED_AT) = ?) OR (YEAR(SCHEDULE_FINISH_AT) = ? AND MONTH(SCHEDULE_FINISH_AT) = ?)
Hibernate: select user0_.user_id as col_0_0_ from user user0_ where user0_.user_user_id=? limit ?
Hibernate: select user0_.user_id as col_0_0_ from user user0_ where user0_.user_user_id=? limit ?
Hibernate: select U.* from USER U where U.USER_USER_ID =?
Hibernate: select character0_.character_id as characte1_6_0_, character0_.character_character_name as characte2_6_0_ from characters character0_ where character0_.character_id=?
Hibernate: select user0_.user_id as col_0_0_ from user user0_ where user0_.user_user_id=? limit ?
Hibernate: select user0_.user_id as col_0_0_ from user user0_ where user0_.user_user_id=? limit ?
Hibernate: select U.* from USER U where U.USER_USER_ID =?
Hibernate: select character0_.character_id as characte1_6_0_, character0_.character_character_name as characte2_6_0_ from characters character0_ where character0_.character_id=?
Hibernate: select user0_.user_id as user_id1_21_0_, user0_.character_id as characte7_21_0_, user0_.user_created_at as user_cre2_21_0_, user0_.user_name as user_nam3_21_0_, user0_.user_phone_number as user_pho4_21_0_, user0_.user_user_id as user_use5_21_0_, user0_.user_user_password as user_use6_21_0_ from user user0_ where user0_.user_id=?
Hibernate: select character0_.character_id as characte1_6_0_, character0_.character_character_name as characte2_6_0_ from characters character0_ where character0_.character_id=?
Hibernate: select count(*) as col_0_0_ from user user0_ where user0_.user_id=?
Hibernate: select character1_.character_id as characte1_6_, character1_.character_character_name as characte2_6_ from user user0_ inner join characters character1_ on user0_.character_id=character1_.character_id where user0_.user_id=?
Hibernate: select permission0_.character_id as characte6_12_0_, permission0_.permission_id as permissi1_12_0_, permission0_.permission_id as permissi1_12_1_, permission0_.character_id as characte6_12_1_, permission0_.permission_name as permissi2_12_1_, permission0_.permission_permission_unit_id as permissi3_12_1_, permission0_.permission_service as permissi4_12_1_, permission0_.permission_status as permissi5_12_1_ from permission permission0_ where permission0_.character_id=?
Hibernate: select schedule0_.schedule_id as schedule1_17_0_, schedule0_.schedule_finish_at as schedule2_17_0_, schedule0_.schedule_content as schedule3_17_0_, schedule0_.schedule_repeat_cycle as schedule4_17_0_, schedule0_.schedule_repeat_repeat_finish_at as schedule5_17_0_, schedule0_.schedule_title as schedule6_17_0_, schedule0_.schedule_started_at as schedule7_17_0_ from schedule schedule0_ where schedule0_.schedule_id=?
Hibernate: insert into schedule (schedule_id, schedule_finish_at, schedule_content, schedule_repeat_cycle, schedule_repeat_repeat_finish_at, schedule_title, schedule_started_at) values (default, ?, ?, ?, ?, ?, ?)
Hibernate: select user0_.user_id as user_id1_21_0_, user0_.character_id as characte7_21_0_, user0_.user_created_at as user_cre2_21_0_, user0_.user_name as user_nam3_21_0_, user0_.user_phone_number as user_pho4_21_0_, user0_.user_user_id as user_use5_21_0_, user0_.user_user_password as user_use6_21_0_ from user user0_ where user0_.user_id=?
Hibernate: select character0_.character_id as characte1_6_0_, character0_.character_character_name as characte2_6_0_ from characters character0_ where character0_.character_id=?
Hibernate: SELECT * FROM SCHEDULE WHERE (YEAR(SCHEDULE_STARTED_AT) = ? AND MONTH(SCHEDULE_STARTED_AT) = ?) OR (YEAR(SCHEDULE_FINISH_AT) = ? AND MONTH(SCHEDULE_FINISH_AT) = ?)
Hibernate: select user0_.user_id as user_id1_21_0_, user0_.character_id as characte7_21_0_, user0_.user_created_at as user_cre2_21_0_, user0_.user_name as user_nam3_21_0_, user0_.user_phone_number as user_pho4_21_0_, user0_.user_user_id as user_use5_21_0_, user0_.user_user_password as user_use6_21_0_ from user user0_ where user0_.user_id=?
Hibernate: select character0_.character_id as characte1_6_0_, character0_.character_character_name as characte2_6_0_ from characters character0_ where character0_.character_id=?
Hibernate: select count(*) as col_0_0_ from user user0_ where user0_.user_id=?
Hibernate: select character1_.character_id as characte1_6_, character1_.character_character_name as characte2_6_ from user user0_ inner join characters character1_ on user0_.character_id=character1_.character_id where user0_.user_id=?
Hibernate: select permission0_.character_id as characte6_12_0_, permission0_.permission_id as permissi1_12_0_, permission0_.permission_id as permissi1_12_1_, permission0_.character_id as characte6_12_1_, permission0_.permission_name as permissi2_12_1_, permission0_.permission_permission_unit_id as permissi3_12_1_, permission0_.permission_service as permissi4_12_1_, permission0_.permission_status as permissi5_12_1_ from permission permission0_ where permission0_.character_id=?
Hibernate: select count(*) as col_0_0_ from schedule schedule0_ where schedule0_.schedule_id=?

MockHttpServletRequest:
      HTTP Method = PUT
      Request URI = /schedule/19
       Parameters = {}
          Headers = [Content-Type:"application/json;charset=UTF-8", Accept:"application/json", Api-version:"1.0", Authorization:"Bearer eyJhbGciOiJIUzI1NiJ9.eyJzdWIiOiIxIiwiaWF0IjoxNjg3ODc3NDY4LCJleHAiOjE2ODc4ODEwNjh9.L4tO6_dDAW_EBZT75Jfu2R72X2bmpa30eKXBNOnKWzQ", Content-Length:"1177"]
             Body = {"schedule_title":"AAAAAAAAAAAAAAAAAAAAAAAAAAAAAAAAAAAAAAAAAAAAAAAAAAAAAAAAAAAAAAAAAAAAAAAAAAAAAAAAAAAAAAAAAAAAAAAAAAAAAAAAAAAAAAAAAAAAAAAAAAAAAAAAAAAAAAAAAAAAAAAAAAAAAAAAAAAAAAAAAAAAAAAAAAAAAAAAAAAAAAAAAAAAAAAAAAAAAAAAAAAAAAAAAAAAAAAAAAAAAAAAAAAAAAAAAAAAAAAAAAAAAAAAAAAAAAAAAAAAAAAAAAAAAAAAAAAAAAAAAAAAAAAAAAAAAAAAAAAAAAAAAAAAAAAAAAAAAAAAAAAAAAAAAAAAAAAAAAAAAAAAAAAAAAAAAAAAAAAAAAAAAAAAAAAAAAAAAAAAAAAAAAAAAAAAAAAAAAAAAAAAAAAAAAAAAAAAAAAAAAAAAAAAAAAAAAAAAAAAAAAAAAAAAAAAAAAAAAAAAAAAAAAAAAAAAAAAAAAAAAAAAAAAAAAAAAAAAAAAAAAAAAAAAAAAAAAAAAAAAAAAAAAAAAAAAAAAAAAAAAAAAAAAAAAAAAAAAAAAAAAAAAAAAAAAAAAAAAAAAAAAAAAAAAAAAAAAAAAAAAAAAAAAAAAAAAAAAAAAAAAAAAAAAAAAAAAAAAAAAAAAAAAAAAAAAAAAAAAAAAAAAAAAAAAAAAAAAAAAAAAAAAAAAAAAAAAAAAAAAAAAAAAAAAAAAAAAAAAAAAAAAAAAAAAAAAAAAAAAAAAAAAAAAAAAAAAAAAAAAAAAAAAAAAAAAAAAAAAAAAAAAAAAAAAAAAAAAAAAAAAAAAAAAAAAAAAAAAAAAAAAAAAAAAAAAAAAAAAAAAAAAAAAAAAAAAAAAAAAAAAAAAAAAAAAAAAAAAAAAAAAAAAAAAAAAAAAAAAAAAAAAAAAAAAAAAAAAAAAAAAAAAAAAAAAAAAAAAAAAAAAAAAAAAAAAAAAAAAAAAAAAAAAAAAAAAAAAAAAAAAAAAAAAAAAAAAAAAAAAAAAA","schedule_content":"seminar","started_at":"2023-01-24T20:52","finish_at":"2023-01-31T23:59","repeat":{"cycle":7,"repeat_finish_at":"2023-12-31T23:59"}}
    Session Attrs = {}

Handler:
             Type = org.waldreg.controller.schedule.ScheduleController
           Method = org.waldreg.controller.schedule.ScheduleController#updateSchedule(int, ScheduleRequest)

Async:
    Async started = false
     Async result = null

Resolved Exception:
             Type = org.waldreg.schedule.exception.ContentOverflowException

ModelAndView:
        View name = null
             View = null
            Model = null

FlashMap:
       Attributes = null

MockHttpServletResponse:
           Status = 400
    Error message = null
          Headers = [Vary:"Origin", "Access-Control-Request-Method", "Access-Control-Request-Headers", Api-version:"1.0", Content-Type:"application/json"]
     Content type = application/json
             Body = {"code":"SCHEDULE-411","messages":"Schedule title length cannot be more than 1000 current length \"1005\"","document_url":"docs.waldreg.org"}
    Forwarded URL = null
   Redirected URL = null
          Cookies = []
Hibernate: select user0_.user_id as col_0_0_ from user user0_ where user0_.user_user_id=? limit ?
Hibernate: select user0_.user_id as col_0_0_ from user user0_ where user0_.user_user_id=? limit ?
Hibernate: select U.* from USER U where U.USER_USER_ID =?
Hibernate: select character0_.character_id as characte1_6_0_, character0_.character_character_name as characte2_6_0_ from characters character0_ where character0_.character_id=?
Hibernate: select user0_.user_id as user_id1_21_0_, user0_.character_id as characte7_21_0_, user0_.user_created_at as user_cre2_21_0_, user0_.user_name as user_nam3_21_0_, user0_.user_phone_number as user_pho4_21_0_, user0_.user_user_id as user_use5_21_0_, user0_.user_user_password as user_use6_21_0_ from user user0_ where user0_.user_id=?
Hibernate: select character0_.character_id as characte1_6_0_, character0_.character_character_name as characte2_6_0_ from characters character0_ where character0_.character_id=?
Hibernate: SELECT * FROM SCHEDULE WHERE (YEAR(SCHEDULE_STARTED_AT) = ? AND MONTH(SCHEDULE_STARTED_AT) = ?) OR (YEAR(SCHEDULE_FINISH_AT) = ? AND MONTH(SCHEDULE_FINISH_AT) = ?)
Hibernate: select user0_.user_id as user_id1_21_0_, user0_.character_id as characte7_21_0_, user0_.user_created_at as user_cre2_21_0_, user0_.user_name as user_nam3_21_0_, user0_.user_phone_number as user_pho4_21_0_, user0_.user_user_id as user_use5_21_0_, user0_.user_user_password as user_use6_21_0_ from user user0_ where user0_.user_id=?
Hibernate: select character0_.character_id as characte1_6_0_, character0_.character_character_name as characte2_6_0_ from characters character0_ where character0_.character_id=?
Hibernate: select count(*) as col_0_0_ from user user0_ where user0_.user_id=?
Hibernate: select character1_.character_id as characte1_6_, character1_.character_character_name as characte2_6_ from user user0_ inner join characters character1_ on user0_.character_id=character1_.character_id where user0_.user_id=?
Hibernate: select permission0_.character_id as characte6_12_0_, permission0_.permission_id as permissi1_12_0_, permission0_.permission_id as permissi1_12_1_, permission0_.character_id as characte6_12_1_, permission0_.permission_name as permissi2_12_1_, permission0_.permission_permission_unit_id as permissi3_12_1_, permission0_.permission_service as permissi4_12_1_, permission0_.permission_status as permissi5_12_1_ from permission permission0_ where permission0_.character_id=?
Hibernate: select count(*) as col_0_0_ from schedule schedule0_ where schedule0_.schedule_id=?
Hibernate: select schedule0_.schedule_id as schedule1_17_0_, schedule0_.schedule_finish_at as schedule2_17_0_, schedule0_.schedule_content as schedule3_17_0_, schedule0_.schedule_repeat_cycle as schedule4_17_0_, schedule0_.schedule_repeat_repeat_finish_at as schedule5_17_0_, schedule0_.schedule_title as schedule6_17_0_, schedule0_.schedule_started_at as schedule7_17_0_ from schedule schedule0_ where schedule0_.schedule_id=?
Hibernate: delete from schedule where schedule_id=?
Hibernate: select user0_.user_id as user_id1_21_0_, user0_.character_id as characte7_21_0_, user0_.user_created_at as user_cre2_21_0_, user0_.user_name as user_nam3_21_0_, user0_.user_phone_number as user_pho4_21_0_, user0_.user_user_id as user_use5_21_0_, user0_.user_user_password as user_use6_21_0_ from user user0_ where user0_.user_id=?
Hibernate: select character0_.character_id as characte1_6_0_, character0_.character_character_name as characte2_6_0_ from characters character0_ where character0_.character_id=?
Hibernate: select count(*) as col_0_0_ from schedule schedule0_ where schedule0_.schedule_id=?
Hibernate: select user0_.user_id as user_id1_21_0_, user0_.character_id as characte7_21_0_, user0_.user_created_at as user_cre2_21_0_, user0_.user_name as user_nam3_21_0_, user0_.user_phone_number as user_pho4_21_0_, user0_.user_user_id as user_use5_21_0_, user0_.user_user_password as user_use6_21_0_ from user user0_ where user0_.user_id=?
Hibernate: select character0_.character_id as characte1_6_0_, character0_.character_character_name as characte2_6_0_ from characters character0_ where character0_.character_id=?
Hibernate: SELECT * FROM SCHEDULE WHERE (YEAR(SCHEDULE_STARTED_AT) = ? AND MONTH(SCHEDULE_STARTED_AT) = ?) OR (YEAR(SCHEDULE_FINISH_AT) = ? AND MONTH(SCHEDULE_FINISH_AT) = ?)
Hibernate: select user0_.user_id as user_id1_21_0_, user0_.character_id as characte7_21_0_, user0_.user_created_at as user_cre2_21_0_, user0_.user_name as user_nam3_21_0_, user0_.user_phone_number as user_pho4_21_0_, user0_.user_user_id as user_use5_21_0_, user0_.user_user_password as user_use6_21_0_ from user user0_ where user0_.user_id=?
Hibernate: select character0_.character_id as characte1_6_0_, character0_.character_character_name as characte2_6_0_ from characters character0_ where character0_.character_id=?
Hibernate: SELECT * FROM SCHEDULE WHERE (YEAR(SCHEDULE_STARTED_AT) = ? AND MONTH(SCHEDULE_STARTED_AT) = ?) OR (YEAR(SCHEDULE_FINISH_AT) = ? AND MONTH(SCHEDULE_FINISH_AT) = ?)
Hibernate: select user0_.user_id as user_id1_21_0_, user0_.character_id as characte7_21_0_, user0_.user_created_at as user_cre2_21_0_, user0_.user_name as user_nam3_21_0_, user0_.user_phone_number as user_pho4_21_0_, user0_.user_user_id as user_use5_21_0_, user0_.user_user_password as user_use6_21_0_ from user user0_ where user0_.user_id=?
Hibernate: select character0_.character_id as characte1_6_0_, character0_.character_character_name as characte2_6_0_ from characters character0_ where character0_.character_id=?
Hibernate: SELECT * FROM SCHEDULE WHERE (YEAR(SCHEDULE_STARTED_AT) = ? AND MONTH(SCHEDULE_STARTED_AT) = ?) OR (YEAR(SCHEDULE_FINISH_AT) = ? AND MONTH(SCHEDULE_FINISH_AT) = ?)
Hibernate: select user0_.user_id as user_id1_21_0_, user0_.character_id as characte7_21_0_, user0_.user_created_at as user_cre2_21_0_, user0_.user_name as user_nam3_21_0_, user0_.user_phone_number as user_pho4_21_0_, user0_.user_user_id as user_use5_21_0_, user0_.user_user_password as user_use6_21_0_ from user user0_ where user0_.user_id=?
Hibernate: select character0_.character_id as characte1_6_0_, character0_.character_character_name as characte2_6_0_ from characters character0_ where character0_.character_id=?
Hibernate: SELECT * FROM SCHEDULE WHERE (YEAR(SCHEDULE_STARTED_AT) = ? AND MONTH(SCHEDULE_STARTED_AT) = ?) OR (YEAR(SCHEDULE_FINISH_AT) = ? AND MONTH(SCHEDULE_FINISH_AT) = ?)
Hibernate: select user0_.user_id as user_id1_21_0_, user0_.character_id as characte7_21_0_, user0_.user_created_at as user_cre2_21_0_, user0_.user_name as user_nam3_21_0_, user0_.user_phone_number as user_pho4_21_0_, user0_.user_user_id as user_use5_21_0_, user0_.user_user_password as user_use6_21_0_ from user user0_ where user0_.user_id=?
Hibernate: select character0_.character_id as characte1_6_0_, character0_.character_character_name as characte2_6_0_ from characters character0_ where character0_.character_id=?
Hibernate: SELECT * FROM SCHEDULE WHERE (YEAR(SCHEDULE_STARTED_AT) = ? AND MONTH(SCHEDULE_STARTED_AT) = ?) OR (YEAR(SCHEDULE_FINISH_AT) = ? AND MONTH(SCHEDULE_FINISH_AT) = ?)
Hibernate: select user0_.user_id as user_id1_21_0_, user0_.character_id as characte7_21_0_, user0_.user_created_at as user_cre2_21_0_, user0_.user_name as user_nam3_21_0_, user0_.user_phone_number as user_pho4_21_0_, user0_.user_user_id as user_use5_21_0_, user0_.user_user_password as user_use6_21_0_ from user user0_ where user0_.user_id=?
Hibernate: select character0_.character_id as characte1_6_0_, character0_.character_character_name as characte2_6_0_ from characters character0_ where character0_.character_id=?
Hibernate: SELECT * FROM SCHEDULE WHERE (YEAR(SCHEDULE_STARTED_AT) = ? AND MONTH(SCHEDULE_STARTED_AT) = ?) OR (YEAR(SCHEDULE_FINISH_AT) = ? AND MONTH(SCHEDULE_FINISH_AT) = ?)
Hibernate: select user0_.user_id as user_id1_21_0_, user0_.character_id as characte7_21_0_, user0_.user_created_at as user_cre2_21_0_, user0_.user_name as user_nam3_21_0_, user0_.user_phone_number as user_pho4_21_0_, user0_.user_user_id as user_use5_21_0_, user0_.user_user_password as user_use6_21_0_ from user user0_ where user0_.user_id=?
Hibernate: select character0_.character_id as characte1_6_0_, character0_.character_character_name as characte2_6_0_ from characters character0_ where character0_.character_id=?
Hibernate: SELECT * FROM SCHEDULE WHERE (YEAR(SCHEDULE_STARTED_AT) = ? AND MONTH(SCHEDULE_STARTED_AT) = ?) OR (YEAR(SCHEDULE_FINISH_AT) = ? AND MONTH(SCHEDULE_FINISH_AT) = ?)
Hibernate: select user0_.user_id as user_id1_21_0_, user0_.character_id as characte7_21_0_, user0_.user_created_at as user_cre2_21_0_, user0_.user_name as user_nam3_21_0_, user0_.user_phone_number as user_pho4_21_0_, user0_.user_user_id as user_use5_21_0_, user0_.user_user_password as user_use6_21_0_ from user user0_ where user0_.user_id=?
Hibernate: select character0_.character_id as characte1_6_0_, character0_.character_character_name as characte2_6_0_ from characters character0_ where character0_.character_id=?
Hibernate: SELECT * FROM SCHEDULE WHERE (YEAR(SCHEDULE_STARTED_AT) = ? AND MONTH(SCHEDULE_STARTED_AT) = ?) OR (YEAR(SCHEDULE_FINISH_AT) = ? AND MONTH(SCHEDULE_FINISH_AT) = ?)
Hibernate: select user0_.user_id as user_id1_21_0_, user0_.character_id as characte7_21_0_, user0_.user_created_at as user_cre2_21_0_, user0_.user_name as user_nam3_21_0_, user0_.user_phone_number as user_pho4_21_0_, user0_.user_user_id as user_use5_21_0_, user0_.user_user_password as user_use6_21_0_ from user user0_ where user0_.user_id=?
Hibernate: select character0_.character_id as characte1_6_0_, character0_.character_character_name as characte2_6_0_ from characters character0_ where character0_.character_id=?
Hibernate: SELECT * FROM SCHEDULE WHERE (YEAR(SCHEDULE_STARTED_AT) = ? AND MONTH(SCHEDULE_STARTED_AT) = ?) OR (YEAR(SCHEDULE_FINISH_AT) = ? AND MONTH(SCHEDULE_FINISH_AT) = ?)
Hibernate: select user0_.user_id as user_id1_21_0_, user0_.character_id as characte7_21_0_, user0_.user_created_at as user_cre2_21_0_, user0_.user_name as user_nam3_21_0_, user0_.user_phone_number as user_pho4_21_0_, user0_.user_user_id as user_use5_21_0_, user0_.user_user_password as user_use6_21_0_ from user user0_ where user0_.user_id=?
Hibernate: select character0_.character_id as characte1_6_0_, character0_.character_character_name as characte2_6_0_ from characters character0_ where character0_.character_id=?
Hibernate: SELECT * FROM SCHEDULE WHERE (YEAR(SCHEDULE_STARTED_AT) = ? AND MONTH(SCHEDULE_STARTED_AT) = ?) OR (YEAR(SCHEDULE_FINISH_AT) = ? AND MONTH(SCHEDULE_FINISH_AT) = ?)
Hibernate: select user0_.user_id as user_id1_21_0_, user0_.character_id as characte7_21_0_, user0_.user_created_at as user_cre2_21_0_, user0_.user_name as user_nam3_21_0_, user0_.user_phone_number as user_pho4_21_0_, user0_.user_user_id as user_use5_21_0_, user0_.user_user_password as user_use6_21_0_ from user user0_ where user0_.user_id=?
Hibernate: select character0_.character_id as characte1_6_0_, character0_.character_character_name as characte2_6_0_ from characters character0_ where character0_.character_id=?
Hibernate: SELECT * FROM SCHEDULE WHERE (YEAR(SCHEDULE_STARTED_AT) = ? AND MONTH(SCHEDULE_STARTED_AT) = ?) OR (YEAR(SCHEDULE_FINISH_AT) = ? AND MONTH(SCHEDULE_FINISH_AT) = ?)
Hibernate: select user0_.user_id as col_0_0_ from user user0_ where user0_.user_user_id=? limit ?
Hibernate: select user0_.user_id as col_0_0_ from user user0_ where user0_.user_user_id=? limit ?
Hibernate: select U.* from USER U where U.USER_USER_ID =?
Hibernate: select character0_.character_id as characte1_6_0_, character0_.character_character_name as characte2_6_0_ from characters character0_ where character0_.character_id=?
Hibernate: select user0_.user_id as col_0_0_ from user user0_ where user0_.user_user_id=? limit ?
Hibernate: select user0_.user_id as col_0_0_ from user user0_ where user0_.user_user_id=? limit ?
Hibernate: select U.* from USER U where U.USER_USER_ID =?
Hibernate: select character0_.character_id as characte1_6_0_, character0_.character_character_name as characte2_6_0_ from characters character0_ where character0_.character_id=?
Hibernate: select user0_.user_id as user_id1_21_0_, user0_.character_id as characte7_21_0_, user0_.user_created_at as user_cre2_21_0_, user0_.user_name as user_nam3_21_0_, user0_.user_phone_number as user_pho4_21_0_, user0_.user_user_id as user_use5_21_0_, user0_.user_user_password as user_use6_21_0_ from user user0_ where user0_.user_id=?
Hibernate: select character0_.character_id as characte1_6_0_, character0_.character_character_name as characte2_6_0_ from characters character0_ where character0_.character_id=?
Hibernate: SELECT * FROM SCHEDULE WHERE (YEAR(SCHEDULE_STARTED_AT) = ? AND MONTH(SCHEDULE_STARTED_AT) = ?) OR (YEAR(SCHEDULE_FINISH_AT) = ? AND MONTH(SCHEDULE_FINISH_AT) = ?)
Hibernate: select user0_.user_id as user_id1_21_0_, user0_.character_id as characte7_21_0_, user0_.user_created_at as user_cre2_21_0_, user0_.user_name as user_nam3_21_0_, user0_.user_phone_number as user_pho4_21_0_, user0_.user_user_id as user_use5_21_0_, user0_.user_user_password as user_use6_21_0_ from user user0_ where user0_.user_id=?
Hibernate: select character0_.character_id as characte1_6_0_, character0_.character_character_name as characte2_6_0_ from characters character0_ where character0_.character_id=?
Hibernate: SELECT * FROM SCHEDULE WHERE (YEAR(SCHEDULE_STARTED_AT) = ? AND MONTH(SCHEDULE_STARTED_AT) = ?) OR (YEAR(SCHEDULE_FINISH_AT) = ? AND MONTH(SCHEDULE_FINISH_AT) = ?)
Hibernate: select user0_.user_id as user_id1_21_0_, user0_.character_id as characte7_21_0_, user0_.user_created_at as user_cre2_21_0_, user0_.user_name as user_nam3_21_0_, user0_.user_phone_number as user_pho4_21_0_, user0_.user_user_id as user_use5_21_0_, user0_.user_user_password as user_use6_21_0_ from user user0_ where user0_.user_id=?
Hibernate: select character0_.character_id as characte1_6_0_, character0_.character_character_name as characte2_6_0_ from characters character0_ where character0_.character_id=?
Hibernate: SELECT * FROM SCHEDULE WHERE (YEAR(SCHEDULE_STARTED_AT) = ? AND MONTH(SCHEDULE_STARTED_AT) = ?) OR (YEAR(SCHEDULE_FINISH_AT) = ? AND MONTH(SCHEDULE_FINISH_AT) = ?)
Hibernate: select user0_.user_id as user_id1_21_0_, user0_.character_id as characte7_21_0_, user0_.user_created_at as user_cre2_21_0_, user0_.user_name as user_nam3_21_0_, user0_.user_phone_number as user_pho4_21_0_, user0_.user_user_id as user_use5_21_0_, user0_.user_user_password as user_use6_21_0_ from user user0_ where user0_.user_id=?
Hibernate: select character0_.character_id as characte1_6_0_, character0_.character_character_name as characte2_6_0_ from characters character0_ where character0_.character_id=?
Hibernate: SELECT * FROM SCHEDULE WHERE (YEAR(SCHEDULE_STARTED_AT) = ? AND MONTH(SCHEDULE_STARTED_AT) = ?) OR (YEAR(SCHEDULE_FINISH_AT) = ? AND MONTH(SCHEDULE_FINISH_AT) = ?)
Hibernate: select user0_.user_id as user_id1_21_0_, user0_.character_id as characte7_21_0_, user0_.user_created_at as user_cre2_21_0_, user0_.user_name as user_nam3_21_0_, user0_.user_phone_number as user_pho4_21_0_, user0_.user_user_id as user_use5_21_0_, user0_.user_user_password as user_use6_21_0_ from user user0_ where user0_.user_id=?
Hibernate: select character0_.character_id as characte1_6_0_, character0_.character_character_name as characte2_6_0_ from characters character0_ where character0_.character_id=?
Hibernate: SELECT * FROM SCHEDULE WHERE (YEAR(SCHEDULE_STARTED_AT) = ? AND MONTH(SCHEDULE_STARTED_AT) = ?) OR (YEAR(SCHEDULE_FINISH_AT) = ? AND MONTH(SCHEDULE_FINISH_AT) = ?)
Hibernate: select user0_.user_id as user_id1_21_0_, user0_.character_id as characte7_21_0_, user0_.user_created_at as user_cre2_21_0_, user0_.user_name as user_nam3_21_0_, user0_.user_phone_number as user_pho4_21_0_, user0_.user_user_id as user_use5_21_0_, user0_.user_user_password as user_use6_21_0_ from user user0_ where user0_.user_id=?
Hibernate: select character0_.character_id as characte1_6_0_, character0_.character_character_name as characte2_6_0_ from characters character0_ where character0_.character_id=?
Hibernate: SELECT * FROM SCHEDULE WHERE (YEAR(SCHEDULE_STARTED_AT) = ? AND MONTH(SCHEDULE_STARTED_AT) = ?) OR (YEAR(SCHEDULE_FINISH_AT) = ? AND MONTH(SCHEDULE_FINISH_AT) = ?)
Hibernate: select user0_.user_id as user_id1_21_0_, user0_.character_id as characte7_21_0_, user0_.user_created_at as user_cre2_21_0_, user0_.user_name as user_nam3_21_0_, user0_.user_phone_number as user_pho4_21_0_, user0_.user_user_id as user_use5_21_0_, user0_.user_user_password as user_use6_21_0_ from user user0_ where user0_.user_id=?
Hibernate: select character0_.character_id as characte1_6_0_, character0_.character_character_name as characte2_6_0_ from characters character0_ where character0_.character_id=?
Hibernate: SELECT * FROM SCHEDULE WHERE (YEAR(SCHEDULE_STARTED_AT) = ? AND MONTH(SCHEDULE_STARTED_AT) = ?) OR (YEAR(SCHEDULE_FINISH_AT) = ? AND MONTH(SCHEDULE_FINISH_AT) = ?)
Hibernate: select user0_.user_id as user_id1_21_0_, user0_.character_id as characte7_21_0_, user0_.user_created_at as user_cre2_21_0_, user0_.user_name as user_nam3_21_0_, user0_.user_phone_number as user_pho4_21_0_, user0_.user_user_id as user_use5_21_0_, user0_.user_user_password as user_use6_21_0_ from user user0_ where user0_.user_id=?
Hibernate: select character0_.character_id as characte1_6_0_, character0_.character_character_name as characte2_6_0_ from characters character0_ where character0_.character_id=?
Hibernate: SELECT * FROM SCHEDULE WHERE (YEAR(SCHEDULE_STARTED_AT) = ? AND MONTH(SCHEDULE_STARTED_AT) = ?) OR (YEAR(SCHEDULE_FINISH_AT) = ? AND MONTH(SCHEDULE_FINISH_AT) = ?)
Hibernate: select user0_.user_id as user_id1_21_0_, user0_.character_id as characte7_21_0_, user0_.user_created_at as user_cre2_21_0_, user0_.user_name as user_nam3_21_0_, user0_.user_phone_number as user_pho4_21_0_, user0_.user_user_id as user_use5_21_0_, user0_.user_user_password as user_use6_21_0_ from user user0_ where user0_.user_id=?
Hibernate: select character0_.character_id as characte1_6_0_, character0_.character_character_name as characte2_6_0_ from characters character0_ where character0_.character_id=?
Hibernate: SELECT * FROM SCHEDULE WHERE (YEAR(SCHEDULE_STARTED_AT) = ? AND MONTH(SCHEDULE_STARTED_AT) = ?) OR (YEAR(SCHEDULE_FINISH_AT) = ? AND MONTH(SCHEDULE_FINISH_AT) = ?)
Hibernate: select user0_.user_id as user_id1_21_0_, user0_.character_id as characte7_21_0_, user0_.user_created_at as user_cre2_21_0_, user0_.user_name as user_nam3_21_0_, user0_.user_phone_number as user_pho4_21_0_, user0_.user_user_id as user_use5_21_0_, user0_.user_user_password as user_use6_21_0_ from user user0_ where user0_.user_id=?
Hibernate: select character0_.character_id as characte1_6_0_, character0_.character_character_name as characte2_6_0_ from characters character0_ where character0_.character_id=?
Hibernate: SELECT * FROM SCHEDULE WHERE (YEAR(SCHEDULE_STARTED_AT) = ? AND MONTH(SCHEDULE_STARTED_AT) = ?) OR (YEAR(SCHEDULE_FINISH_AT) = ? AND MONTH(SCHEDULE_FINISH_AT) = ?)
Hibernate: select user0_.user_id as user_id1_21_0_, user0_.character_id as characte7_21_0_, user0_.user_created_at as user_cre2_21_0_, user0_.user_name as user_nam3_21_0_, user0_.user_phone_number as user_pho4_21_0_, user0_.user_user_id as user_use5_21_0_, user0_.user_user_password as user_use6_21_0_ from user user0_ where user0_.user_id=?
Hibernate: select character0_.character_id as characte1_6_0_, character0_.character_character_name as characte2_6_0_ from characters character0_ where character0_.character_id=?
Hibernate: SELECT * FROM SCHEDULE WHERE (YEAR(SCHEDULE_STARTED_AT) = ? AND MONTH(SCHEDULE_STARTED_AT) = ?) OR (YEAR(SCHEDULE_FINISH_AT) = ? AND MONTH(SCHEDULE_FINISH_AT) = ?)
Hibernate: select user0_.user_id as user_id1_21_0_, user0_.character_id as characte7_21_0_, user0_.user_created_at as user_cre2_21_0_, user0_.user_name as user_nam3_21_0_, user0_.user_phone_number as user_pho4_21_0_, user0_.user_user_id as user_use5_21_0_, user0_.user_user_password as user_use6_21_0_ from user user0_ where user0_.user_id=?
Hibernate: select character0_.character_id as characte1_6_0_, character0_.character_character_name as characte2_6_0_ from characters character0_ where character0_.character_id=?
Hibernate: SELECT * FROM SCHEDULE WHERE (YEAR(SCHEDULE_STARTED_AT) = ? AND MONTH(SCHEDULE_STARTED_AT) = ?) OR (YEAR(SCHEDULE_FINISH_AT) = ? AND MONTH(SCHEDULE_FINISH_AT) = ?)
Hibernate: select user0_.user_id as col_0_0_ from user user0_ where user0_.user_user_id=? limit ?
Hibernate: select user0_.user_id as col_0_0_ from user user0_ where user0_.user_user_id=? limit ?
Hibernate: select U.* from USER U where U.USER_USER_ID =?
Hibernate: select character0_.character_id as characte1_6_0_, character0_.character_character_name as characte2_6_0_ from characters character0_ where character0_.character_id=?
Hibernate: select user0_.user_id as col_0_0_ from user user0_ where user0_.user_user_id=? limit ?
Hibernate: select user0_.user_id as col_0_0_ from user user0_ where user0_.user_user_id=? limit ?
Hibernate: select U.* from USER U where U.USER_USER_ID =?
Hibernate: select character0_.character_id as characte1_6_0_, character0_.character_character_name as characte2_6_0_ from characters character0_ where character0_.character_id=?
Hibernate: select user0_.user_id as user_id1_21_0_, user0_.character_id as characte7_21_0_, user0_.user_created_at as user_cre2_21_0_, user0_.user_name as user_nam3_21_0_, user0_.user_phone_number as user_pho4_21_0_, user0_.user_user_id as user_use5_21_0_, user0_.user_user_password as user_use6_21_0_ from user user0_ where user0_.user_id=?
Hibernate: select character0_.character_id as characte1_6_0_, character0_.character_character_name as characte2_6_0_ from characters character0_ where character0_.character_id=?
Hibernate: select count(*) as col_0_0_ from user user0_ where user0_.user_id=?
Hibernate: select character1_.character_id as characte1_6_, character1_.character_character_name as characte2_6_ from user user0_ inner join characters character1_ on user0_.character_id=character1_.character_id where user0_.user_id=?
Hibernate: select permission0_.character_id as characte6_12_0_, permission0_.permission_id as permissi1_12_0_, permission0_.permission_id as permissi1_12_1_, permission0_.character_id as characte6_12_1_, permission0_.permission_name as permissi2_12_1_, permission0_.permission_permission_unit_id as permissi3_12_1_, permission0_.permission_service as permissi4_12_1_, permission0_.permission_status as permissi5_12_1_ from permission permission0_ where permission0_.character_id=?
Hibernate: select schedule0_.schedule_id as schedule1_17_0_, schedule0_.schedule_finish_at as schedule2_17_0_, schedule0_.schedule_content as schedule3_17_0_, schedule0_.schedule_repeat_cycle as schedule4_17_0_, schedule0_.schedule_repeat_repeat_finish_at as schedule5_17_0_, schedule0_.schedule_title as schedule6_17_0_, schedule0_.schedule_started_at as schedule7_17_0_ from schedule schedule0_ where schedule0_.schedule_id=?
Hibernate: insert into schedule (schedule_id, schedule_finish_at, schedule_content, schedule_repeat_cycle, schedule_repeat_repeat_finish_at, schedule_title, schedule_started_at) values (default, ?, ?, ?, ?, ?, ?)

MockHttpServletRequest:
      HTTP Method = POST
      Request URI = /schedule
       Parameters = {}
          Headers = [Content-Type:"application/json;charset=UTF-8", Accept:"application/json", Api-version:"1.0", Authorization:"Bearer eyJhbGciOiJIUzI1NiJ9.eyJzdWIiOiIxIiwiaWF0IjoxNjg3ODc3NDY4LCJleHAiOjE2ODc4ODEwNjh9.L4tO6_dDAW_EBZT75Jfu2R72X2bmpa30eKXBNOnKWzQ", Content-Length:"129"]
             Body = {"schedule_title":"ㅇㅇ","schedule_content":"ㅇ","started_at":"2023-01-24T20:52","finish_at":"2023-01-31T23:59","repeat":null}
    Session Attrs = {}

Handler:
             Type = org.waldreg.controller.schedule.ScheduleController
           Method = org.waldreg.controller.schedule.ScheduleController#createSchedule(ScheduleRequest)

Async:
    Async started = false
     Async result = null

Resolved Exception:
             Type = null

ModelAndView:
        View name = null
             View = null
            Model = null

FlashMap:
       Attributes = null

MockHttpServletResponse:
           Status = 200
    Error message = null
          Headers = [Vary:"Origin", "Access-Control-Request-Method", "Access-Control-Request-Headers", Api-version:"1.0"]
     Content type = null
             Body = 
    Forwarded URL = null
   Redirected URL = null
          Cookies = []
Hibernate: select user0_.user_id as col_0_0_ from user user0_ where user0_.user_user_id=? limit ?
Hibernate: select user0_.user_id as col_0_0_ from user user0_ where user0_.user_user_id=? limit ?
Hibernate: select U.* from USER U where U.USER_USER_ID =?
Hibernate: select character0_.character_id as characte1_6_0_, character0_.character_character_name as characte2_6_0_ from characters character0_ where character0_.character_id=?
Hibernate: select user0_.user_id as user_id1_21_0_, user0_.character_id as characte7_21_0_, user0_.user_created_at as user_cre2_21_0_, user0_.user_name as user_nam3_21_0_, user0_.user_phone_number as user_pho4_21_0_, user0_.user_user_id as user_use5_21_0_, user0_.user_user_password as user_use6_21_0_ from user user0_ where user0_.user_id=?
Hibernate: select character0_.character_id as characte1_6_0_, character0_.character_character_name as characte2_6_0_ from characters character0_ where character0_.character_id=?
Hibernate: SELECT * FROM SCHEDULE WHERE (YEAR(SCHEDULE_STARTED_AT) = ? AND MONTH(SCHEDULE_STARTED_AT) = ?) OR (YEAR(SCHEDULE_FINISH_AT) = ? AND MONTH(SCHEDULE_FINISH_AT) = ?)
Hibernate: select user0_.user_id as user_id1_21_0_, user0_.character_id as characte7_21_0_, user0_.user_created_at as user_cre2_21_0_, user0_.user_name as user_nam3_21_0_, user0_.user_phone_number as user_pho4_21_0_, user0_.user_user_id as user_use5_21_0_, user0_.user_user_password as user_use6_21_0_ from user user0_ where user0_.user_id=?
Hibernate: select character0_.character_id as characte1_6_0_, character0_.character_character_name as characte2_6_0_ from characters character0_ where character0_.character_id=?
Hibernate: select count(*) as col_0_0_ from user user0_ where user0_.user_id=?
Hibernate: select character1_.character_id as characte1_6_, character1_.character_character_name as characte2_6_ from user user0_ inner join characters character1_ on user0_.character_id=character1_.character_id where user0_.user_id=?
Hibernate: select permission0_.character_id as characte6_12_0_, permission0_.permission_id as permissi1_12_0_, permission0_.permission_id as permissi1_12_1_, permission0_.character_id as characte6_12_1_, permission0_.permission_name as permissi2_12_1_, permission0_.permission_permission_unit_id as permissi3_12_1_, permission0_.permission_service as permissi4_12_1_, permission0_.permission_status as permissi5_12_1_ from permission permission0_ where permission0_.character_id=?
Hibernate: select count(*) as col_0_0_ from schedule schedule0_ where schedule0_.schedule_id=?
Hibernate: select schedule0_.schedule_id as schedule1_17_0_, schedule0_.schedule_finish_at as schedule2_17_0_, schedule0_.schedule_content as schedule3_17_0_, schedule0_.schedule_repeat_cycle as schedule4_17_0_, schedule0_.schedule_repeat_repeat_finish_at as schedule5_17_0_, schedule0_.schedule_title as schedule6_17_0_, schedule0_.schedule_started_at as schedule7_17_0_ from schedule schedule0_ where schedule0_.schedule_id=?
Hibernate: delete from schedule where schedule_id=?
Hibernate: select user0_.user_id as user_id1_21_0_, user0_.character_id as characte7_21_0_, user0_.user_created_at as user_cre2_21_0_, user0_.user_name as user_nam3_21_0_, user0_.user_phone_number as user_pho4_21_0_, user0_.user_user_id as user_use5_21_0_, user0_.user_user_password as user_use6_21_0_ from user user0_ where user0_.user_id=?
Hibernate: select character0_.character_id as characte1_6_0_, character0_.character_character_name as characte2_6_0_ from characters character0_ where character0_.character_id=?
Hibernate: select count(*) as col_0_0_ from schedule schedule0_ where schedule0_.schedule_id=?
Hibernate: select user0_.user_id as user_id1_21_0_, user0_.character_id as characte7_21_0_, user0_.user_created_at as user_cre2_21_0_, user0_.user_name as user_nam3_21_0_, user0_.user_phone_number as user_pho4_21_0_, user0_.user_user_id as user_use5_21_0_, user0_.user_user_password as user_use6_21_0_ from user user0_ where user0_.user_id=?
Hibernate: select character0_.character_id as characte1_6_0_, character0_.character_character_name as characte2_6_0_ from characters character0_ where character0_.character_id=?
Hibernate: SELECT * FROM SCHEDULE WHERE (YEAR(SCHEDULE_STARTED_AT) = ? AND MONTH(SCHEDULE_STARTED_AT) = ?) OR (YEAR(SCHEDULE_FINISH_AT) = ? AND MONTH(SCHEDULE_FINISH_AT) = ?)
Hibernate: select user0_.user_id as user_id1_21_0_, user0_.character_id as characte7_21_0_, user0_.user_created_at as user_cre2_21_0_, user0_.user_name as user_nam3_21_0_, user0_.user_phone_number as user_pho4_21_0_, user0_.user_user_id as user_use5_21_0_, user0_.user_user_password as user_use6_21_0_ from user user0_ where user0_.user_id=?
Hibernate: select character0_.character_id as characte1_6_0_, character0_.character_character_name as characte2_6_0_ from characters character0_ where character0_.character_id=?
Hibernate: SELECT * FROM SCHEDULE WHERE (YEAR(SCHEDULE_STARTED_AT) = ? AND MONTH(SCHEDULE_STARTED_AT) = ?) OR (YEAR(SCHEDULE_FINISH_AT) = ? AND MONTH(SCHEDULE_FINISH_AT) = ?)
Hibernate: select user0_.user_id as user_id1_21_0_, user0_.character_id as characte7_21_0_, user0_.user_created_at as user_cre2_21_0_, user0_.user_name as user_nam3_21_0_, user0_.user_phone_number as user_pho4_21_0_, user0_.user_user_id as user_use5_21_0_, user0_.user_user_password as user_use6_21_0_ from user user0_ where user0_.user_id=?
Hibernate: select character0_.character_id as characte1_6_0_, character0_.character_character_name as characte2_6_0_ from characters character0_ where character0_.character_id=?
Hibernate: SELECT * FROM SCHEDULE WHERE (YEAR(SCHEDULE_STARTED_AT) = ? AND MONTH(SCHEDULE_STARTED_AT) = ?) OR (YEAR(SCHEDULE_FINISH_AT) = ? AND MONTH(SCHEDULE_FINISH_AT) = ?)
Hibernate: select user0_.user_id as user_id1_21_0_, user0_.character_id as characte7_21_0_, user0_.user_created_at as user_cre2_21_0_, user0_.user_name as user_nam3_21_0_, user0_.user_phone_number as user_pho4_21_0_, user0_.user_user_id as user_use5_21_0_, user0_.user_user_password as user_use6_21_0_ from user user0_ where user0_.user_id=?
Hibernate: select character0_.character_id as characte1_6_0_, character0_.character_character_name as characte2_6_0_ from characters character0_ where character0_.character_id=?
Hibernate: SELECT * FROM SCHEDULE WHERE (YEAR(SCHEDULE_STARTED_AT) = ? AND MONTH(SCHEDULE_STARTED_AT) = ?) OR (YEAR(SCHEDULE_FINISH_AT) = ? AND MONTH(SCHEDULE_FINISH_AT) = ?)
Hibernate: select user0_.user_id as user_id1_21_0_, user0_.character_id as characte7_21_0_, user0_.user_created_at as user_cre2_21_0_, user0_.user_name as user_nam3_21_0_, user0_.user_phone_number as user_pho4_21_0_, user0_.user_user_id as user_use5_21_0_, user0_.user_user_password as user_use6_21_0_ from user user0_ where user0_.user_id=?
Hibernate: select character0_.character_id as characte1_6_0_, character0_.character_character_name as characte2_6_0_ from characters character0_ where character0_.character_id=?
Hibernate: SELECT * FROM SCHEDULE WHERE (YEAR(SCHEDULE_STARTED_AT) = ? AND MONTH(SCHEDULE_STARTED_AT) = ?) OR (YEAR(SCHEDULE_FINISH_AT) = ? AND MONTH(SCHEDULE_FINISH_AT) = ?)
Hibernate: select user0_.user_id as user_id1_21_0_, user0_.character_id as characte7_21_0_, user0_.user_created_at as user_cre2_21_0_, user0_.user_name as user_nam3_21_0_, user0_.user_phone_number as user_pho4_21_0_, user0_.user_user_id as user_use5_21_0_, user0_.user_user_password as user_use6_21_0_ from user user0_ where user0_.user_id=?
Hibernate: select character0_.character_id as characte1_6_0_, character0_.character_character_name as characte2_6_0_ from characters character0_ where character0_.character_id=?
Hibernate: SELECT * FROM SCHEDULE WHERE (YEAR(SCHEDULE_STARTED_AT) = ? AND MONTH(SCHEDULE_STARTED_AT) = ?) OR (YEAR(SCHEDULE_FINISH_AT) = ? AND MONTH(SCHEDULE_FINISH_AT) = ?)
Hibernate: select user0_.user_id as user_id1_21_0_, user0_.character_id as characte7_21_0_, user0_.user_created_at as user_cre2_21_0_, user0_.user_name as user_nam3_21_0_, user0_.user_phone_number as user_pho4_21_0_, user0_.user_user_id as user_use5_21_0_, user0_.user_user_password as user_use6_21_0_ from user user0_ where user0_.user_id=?
Hibernate: select character0_.character_id as characte1_6_0_, character0_.character_character_name as characte2_6_0_ from characters character0_ where character0_.character_id=?
Hibernate: SELECT * FROM SCHEDULE WHERE (YEAR(SCHEDULE_STARTED_AT) = ? AND MONTH(SCHEDULE_STARTED_AT) = ?) OR (YEAR(SCHEDULE_FINISH_AT) = ? AND MONTH(SCHEDULE_FINISH_AT) = ?)
Hibernate: select user0_.user_id as user_id1_21_0_, user0_.character_id as characte7_21_0_, user0_.user_created_at as user_cre2_21_0_, user0_.user_name as user_nam3_21_0_, user0_.user_phone_number as user_pho4_21_0_, user0_.user_user_id as user_use5_21_0_, user0_.user_user_password as user_use6_21_0_ from user user0_ where user0_.user_id=?
Hibernate: select character0_.character_id as characte1_6_0_, character0_.character_character_name as characte2_6_0_ from characters character0_ where character0_.character_id=?
Hibernate: SELECT * FROM SCHEDULE WHERE (YEAR(SCHEDULE_STARTED_AT) = ? AND MONTH(SCHEDULE_STARTED_AT) = ?) OR (YEAR(SCHEDULE_FINISH_AT) = ? AND MONTH(SCHEDULE_FINISH_AT) = ?)
Hibernate: select user0_.user_id as user_id1_21_0_, user0_.character_id as characte7_21_0_, user0_.user_created_at as user_cre2_21_0_, user0_.user_name as user_nam3_21_0_, user0_.user_phone_number as user_pho4_21_0_, user0_.user_user_id as user_use5_21_0_, user0_.user_user_password as user_use6_21_0_ from user user0_ where user0_.user_id=?
Hibernate: select character0_.character_id as characte1_6_0_, character0_.character_character_name as characte2_6_0_ from characters character0_ where character0_.character_id=?
Hibernate: SELECT * FROM SCHEDULE WHERE (YEAR(SCHEDULE_STARTED_AT) = ? AND MONTH(SCHEDULE_STARTED_AT) = ?) OR (YEAR(SCHEDULE_FINISH_AT) = ? AND MONTH(SCHEDULE_FINISH_AT) = ?)
Hibernate: select user0_.user_id as user_id1_21_0_, user0_.character_id as characte7_21_0_, user0_.user_created_at as user_cre2_21_0_, user0_.user_name as user_nam3_21_0_, user0_.user_phone_number as user_pho4_21_0_, user0_.user_user_id as user_use5_21_0_, user0_.user_user_password as user_use6_21_0_ from user user0_ where user0_.user_id=?
Hibernate: select character0_.character_id as characte1_6_0_, character0_.character_character_name as characte2_6_0_ from characters character0_ where character0_.character_id=?
Hibernate: SELECT * FROM SCHEDULE WHERE (YEAR(SCHEDULE_STARTED_AT) = ? AND MONTH(SCHEDULE_STARTED_AT) = ?) OR (YEAR(SCHEDULE_FINISH_AT) = ? AND MONTH(SCHEDULE_FINISH_AT) = ?)
Hibernate: select user0_.user_id as user_id1_21_0_, user0_.character_id as characte7_21_0_, user0_.user_created_at as user_cre2_21_0_, user0_.user_name as user_nam3_21_0_, user0_.user_phone_number as user_pho4_21_0_, user0_.user_user_id as user_use5_21_0_, user0_.user_user_password as user_use6_21_0_ from user user0_ where user0_.user_id=?
Hibernate: select character0_.character_id as characte1_6_0_, character0_.character_character_name as characte2_6_0_ from characters character0_ where character0_.character_id=?
Hibernate: SELECT * FROM SCHEDULE WHERE (YEAR(SCHEDULE_STARTED_AT) = ? AND MONTH(SCHEDULE_STARTED_AT) = ?) OR (YEAR(SCHEDULE_FINISH_AT) = ? AND MONTH(SCHEDULE_FINISH_AT) = ?)
Hibernate: select user0_.user_id as col_0_0_ from user user0_ where user0_.user_user_id=? limit ?
Hibernate: select user0_.user_id as col_0_0_ from user user0_ where user0_.user_user_id=? limit ?
Hibernate: select U.* from USER U where U.USER_USER_ID =?
Hibernate: select character0_.character_id as characte1_6_0_, character0_.character_character_name as characte2_6_0_ from characters character0_ where character0_.character_id=?
Hibernate: select user0_.user_id as col_0_0_ from user user0_ where user0_.user_user_id=? limit ?
Hibernate: select user0_.user_id as col_0_0_ from user user0_ where user0_.user_user_id=? limit ?
Hibernate: select U.* from USER U where U.USER_USER_ID =?
Hibernate: select character0_.character_id as characte1_6_0_, character0_.character_character_name as characte2_6_0_ from characters character0_ where character0_.character_id=?
Hibernate: select user0_.user_id as user_id1_21_0_, user0_.character_id as characte7_21_0_, user0_.user_created_at as user_cre2_21_0_, user0_.user_name as user_nam3_21_0_, user0_.user_phone_number as user_pho4_21_0_, user0_.user_user_id as user_use5_21_0_, user0_.user_user_password as user_use6_21_0_ from user user0_ where user0_.user_id=?
Hibernate: select character0_.character_id as characte1_6_0_, character0_.character_character_name as characte2_6_0_ from characters character0_ where character0_.character_id=?
Hibernate: SELECT * FROM SCHEDULE WHERE (YEAR(SCHEDULE_STARTED_AT) = ? AND MONTH(SCHEDULE_STARTED_AT) = ?) OR (YEAR(SCHEDULE_FINISH_AT) = ? AND MONTH(SCHEDULE_FINISH_AT) = ?)
Hibernate: select user0_.user_id as user_id1_21_0_, user0_.character_id as characte7_21_0_, user0_.user_created_at as user_cre2_21_0_, user0_.user_name as user_nam3_21_0_, user0_.user_phone_number as user_pho4_21_0_, user0_.user_user_id as user_use5_21_0_, user0_.user_user_password as user_use6_21_0_ from user user0_ where user0_.user_id=?
Hibernate: select character0_.character_id as characte1_6_0_, character0_.character_character_name as characte2_6_0_ from characters character0_ where character0_.character_id=?
Hibernate: SELECT * FROM SCHEDULE WHERE (YEAR(SCHEDULE_STARTED_AT) = ? AND MONTH(SCHEDULE_STARTED_AT) = ?) OR (YEAR(SCHEDULE_FINISH_AT) = ? AND MONTH(SCHEDULE_FINISH_AT) = ?)
Hibernate: select user0_.user_id as user_id1_21_0_, user0_.character_id as characte7_21_0_, user0_.user_created_at as user_cre2_21_0_, user0_.user_name as user_nam3_21_0_, user0_.user_phone_number as user_pho4_21_0_, user0_.user_user_id as user_use5_21_0_, user0_.user_user_password as user_use6_21_0_ from user user0_ where user0_.user_id=?
Hibernate: select character0_.character_id as characte1_6_0_, character0_.character_character_name as characte2_6_0_ from characters character0_ where character0_.character_id=?
Hibernate: SELECT * FROM SCHEDULE WHERE (YEAR(SCHEDULE_STARTED_AT) = ? AND MONTH(SCHEDULE_STARTED_AT) = ?) OR (YEAR(SCHEDULE_FINISH_AT) = ? AND MONTH(SCHEDULE_FINISH_AT) = ?)
Hibernate: select user0_.user_id as user_id1_21_0_, user0_.character_id as characte7_21_0_, user0_.user_created_at as user_cre2_21_0_, user0_.user_name as user_nam3_21_0_, user0_.user_phone_number as user_pho4_21_0_, user0_.user_user_id as user_use5_21_0_, user0_.user_user_password as user_use6_21_0_ from user user0_ where user0_.user_id=?
Hibernate: select character0_.character_id as characte1_6_0_, character0_.character_character_name as characte2_6_0_ from characters character0_ where character0_.character_id=?
Hibernate: SELECT * FROM SCHEDULE WHERE (YEAR(SCHEDULE_STARTED_AT) = ? AND MONTH(SCHEDULE_STARTED_AT) = ?) OR (YEAR(SCHEDULE_FINISH_AT) = ? AND MONTH(SCHEDULE_FINISH_AT) = ?)
Hibernate: select user0_.user_id as user_id1_21_0_, user0_.character_id as characte7_21_0_, user0_.user_created_at as user_cre2_21_0_, user0_.user_name as user_nam3_21_0_, user0_.user_phone_number as user_pho4_21_0_, user0_.user_user_id as user_use5_21_0_, user0_.user_user_password as user_use6_21_0_ from user user0_ where user0_.user_id=?
Hibernate: select character0_.character_id as characte1_6_0_, character0_.character_character_name as characte2_6_0_ from characters character0_ where character0_.character_id=?
Hibernate: SELECT * FROM SCHEDULE WHERE (YEAR(SCHEDULE_STARTED_AT) = ? AND MONTH(SCHEDULE_STARTED_AT) = ?) OR (YEAR(SCHEDULE_FINISH_AT) = ? AND MONTH(SCHEDULE_FINISH_AT) = ?)
Hibernate: select user0_.user_id as user_id1_21_0_, user0_.character_id as characte7_21_0_, user0_.user_created_at as user_cre2_21_0_, user0_.user_name as user_nam3_21_0_, user0_.user_phone_number as user_pho4_21_0_, user0_.user_user_id as user_use5_21_0_, user0_.user_user_password as user_use6_21_0_ from user user0_ where user0_.user_id=?
Hibernate: select character0_.character_id as characte1_6_0_, character0_.character_character_name as characte2_6_0_ from characters character0_ where character0_.character_id=?
Hibernate: SELECT * FROM SCHEDULE WHERE (YEAR(SCHEDULE_STARTED_AT) = ? AND MONTH(SCHEDULE_STARTED_AT) = ?) OR (YEAR(SCHEDULE_FINISH_AT) = ? AND MONTH(SCHEDULE_FINISH_AT) = ?)
Hibernate: select user0_.user_id as user_id1_21_0_, user0_.character_id as characte7_21_0_, user0_.user_created_at as user_cre2_21_0_, user0_.user_name as user_nam3_21_0_, user0_.user_phone_number as user_pho4_21_0_, user0_.user_user_id as user_use5_21_0_, user0_.user_user_password as user_use6_21_0_ from user user0_ where user0_.user_id=?
Hibernate: select character0_.character_id as characte1_6_0_, character0_.character_character_name as characte2_6_0_ from characters character0_ where character0_.character_id=?
Hibernate: SELECT * FROM SCHEDULE WHERE (YEAR(SCHEDULE_STARTED_AT) = ? AND MONTH(SCHEDULE_STARTED_AT) = ?) OR (YEAR(SCHEDULE_FINISH_AT) = ? AND MONTH(SCHEDULE_FINISH_AT) = ?)
Hibernate: select user0_.user_id as user_id1_21_0_, user0_.character_id as characte7_21_0_, user0_.user_created_at as user_cre2_21_0_, user0_.user_name as user_nam3_21_0_, user0_.user_phone_number as user_pho4_21_0_, user0_.user_user_id as user_use5_21_0_, user0_.user_user_password as user_use6_21_0_ from user user0_ where user0_.user_id=?
Hibernate: select character0_.character_id as characte1_6_0_, character0_.character_character_name as characte2_6_0_ from characters character0_ where character0_.character_id=?
Hibernate: SELECT * FROM SCHEDULE WHERE (YEAR(SCHEDULE_STARTED_AT) = ? AND MONTH(SCHEDULE_STARTED_AT) = ?) OR (YEAR(SCHEDULE_FINISH_AT) = ? AND MONTH(SCHEDULE_FINISH_AT) = ?)
Hibernate: select user0_.user_id as user_id1_21_0_, user0_.character_id as characte7_21_0_, user0_.user_created_at as user_cre2_21_0_, user0_.user_name as user_nam3_21_0_, user0_.user_phone_number as user_pho4_21_0_, user0_.user_user_id as user_use5_21_0_, user0_.user_user_password as user_use6_21_0_ from user user0_ where user0_.user_id=?
Hibernate: select character0_.character_id as characte1_6_0_, character0_.character_character_name as characte2_6_0_ from characters character0_ where character0_.character_id=?
Hibernate: SELECT * FROM SCHEDULE WHERE (YEAR(SCHEDULE_STARTED_AT) = ? AND MONTH(SCHEDULE_STARTED_AT) = ?) OR (YEAR(SCHEDULE_FINISH_AT) = ? AND MONTH(SCHEDULE_FINISH_AT) = ?)
Hibernate: select user0_.user_id as user_id1_21_0_, user0_.character_id as characte7_21_0_, user0_.user_created_at as user_cre2_21_0_, user0_.user_name as user_nam3_21_0_, user0_.user_phone_number as user_pho4_21_0_, user0_.user_user_id as user_use5_21_0_, user0_.user_user_password as user_use6_21_0_ from user user0_ where user0_.user_id=?
Hibernate: select character0_.character_id as characte1_6_0_, character0_.character_character_name as characte2_6_0_ from characters character0_ where character0_.character_id=?
Hibernate: SELECT * FROM SCHEDULE WHERE (YEAR(SCHEDULE_STARTED_AT) = ? AND MONTH(SCHEDULE_STARTED_AT) = ?) OR (YEAR(SCHEDULE_FINISH_AT) = ? AND MONTH(SCHEDULE_FINISH_AT) = ?)
Hibernate: select user0_.user_id as user_id1_21_0_, user0_.character_id as characte7_21_0_, user0_.user_created_at as user_cre2_21_0_, user0_.user_name as user_nam3_21_0_, user0_.user_phone_number as user_pho4_21_0_, user0_.user_user_id as user_use5_21_0_, user0_.user_user_password as user_use6_21_0_ from user user0_ where user0_.user_id=?
Hibernate: select character0_.character_id as characte1_6_0_, character0_.character_character_name as characte2_6_0_ from characters character0_ where character0_.character_id=?
Hibernate: SELECT * FROM SCHEDULE WHERE (YEAR(SCHEDULE_STARTED_AT) = ? AND MONTH(SCHEDULE_STARTED_AT) = ?) OR (YEAR(SCHEDULE_FINISH_AT) = ? AND MONTH(SCHEDULE_FINISH_AT) = ?)
Hibernate: select user0_.user_id as user_id1_21_0_, user0_.character_id as characte7_21_0_, user0_.user_created_at as user_cre2_21_0_, user0_.user_name as user_nam3_21_0_, user0_.user_phone_number as user_pho4_21_0_, user0_.user_user_id as user_use5_21_0_, user0_.user_user_password as user_use6_21_0_ from user user0_ where user0_.user_id=?
Hibernate: select character0_.character_id as characte1_6_0_, character0_.character_character_name as characte2_6_0_ from characters character0_ where character0_.character_id=?
Hibernate: SELECT * FROM SCHEDULE WHERE (YEAR(SCHEDULE_STARTED_AT) = ? AND MONTH(SCHEDULE_STARTED_AT) = ?) OR (YEAR(SCHEDULE_FINISH_AT) = ? AND MONTH(SCHEDULE_FINISH_AT) = ?)
Hibernate: select user0_.user_id as col_0_0_ from user user0_ where user0_.user_user_id=? limit ?
Hibernate: select user0_.user_id as col_0_0_ from user user0_ where user0_.user_user_id=? limit ?
Hibernate: select U.* from USER U where U.USER_USER_ID =?
Hibernate: select character0_.character_id as characte1_6_0_, character0_.character_character_name as characte2_6_0_ from characters character0_ where character0_.character_id=?
Hibernate: select user0_.user_id as col_0_0_ from user user0_ where user0_.user_user_id=? limit ?
Hibernate: select user0_.user_id as col_0_0_ from user user0_ where user0_.user_user_id=? limit ?
Hibernate: select U.* from USER U where U.USER_USER_ID =?
Hibernate: select character0_.character_id as characte1_6_0_, character0_.character_character_name as characte2_6_0_ from characters character0_ where character0_.character_id=?
Hibernate: select user0_.user_id as user_id1_21_0_, user0_.character_id as characte7_21_0_, user0_.user_created_at as user_cre2_21_0_, user0_.user_name as user_nam3_21_0_, user0_.user_phone_number as user_pho4_21_0_, user0_.user_user_id as user_use5_21_0_, user0_.user_user_password as user_use6_21_0_ from user user0_ where user0_.user_id=?
Hibernate: select character0_.character_id as characte1_6_0_, character0_.character_character_name as characte2_6_0_ from characters character0_ where character0_.character_id=?
Hibernate: select count(*) as col_0_0_ from user user0_ where user0_.user_id=?
Hibernate: select character1_.character_id as characte1_6_, character1_.character_character_name as characte2_6_ from user user0_ inner join characters character1_ on user0_.character_id=character1_.character_id where user0_.user_id=?
Hibernate: select permission0_.character_id as characte6_12_0_, permission0_.permission_id as permissi1_12_0_, permission0_.permission_id as permissi1_12_1_, permission0_.character_id as characte6_12_1_, permission0_.permission_name as permissi2_12_1_, permission0_.permission_permission_unit_id as permissi3_12_1_, permission0_.permission_service as permissi4_12_1_, permission0_.permission_status as permissi5_12_1_ from permission permission0_ where permission0_.character_id=?

MockHttpServletRequest:
      HTTP Method = POST
      Request URI = /schedule
       Parameters = {}
          Headers = [Content-Type:"application/json;charset=UTF-8", Accept:"application/json", Api-version:"1.0", Authorization:"Bearer eyJhbGciOiJIUzI1NiJ9.eyJzdWIiOiIxIiwiaWF0IjoxNjg3ODc3NDY4LCJleHAiOjE2ODc4ODEwNjh9.L4tO6_dDAW_EBZT75Jfu2R72X2bmpa30eKXBNOnKWzQ", Content-Length:"1179"]
             Body = {"schedule_title":"seminar","schedule_content":"AAAAAAAAAAAAAAAAAAAAAAAAAAAAAAAAAAAAAAAAAAAAAAAAAAAAAAAAAAAAAAAAAAAAAAAAAAAAAAAAAAAAAAAAAAAAAAAAAAAAAAAAAAAAAAAAAAAAAAAAAAAAAAAAAAAAAAAAAAAAAAAAAAAAAAAAAAAAAAAAAAAAAAAAAAAAAAAAAAAAAAAAAAAAAAAAAAAAAAAAAAAAAAAAAAAAAAAAAAAAAAAAAAAAAAAAAAAAAAAAAAAAAAAAAAAAAAAAAAAAAAAAAAAAAAAAAAAAAAAAAAAAAAAAAAAAAAAAAAAAAAAAAAAAAAAAAAAAAAAAAAAAAAAAAAAAAAAAAAAAAAAAAAAAAAAAAAAAAAAAAAAAAAAAAAAAAAAAAAAAAAAAAAAAAAAAAAAAAAAAAAAAAAAAAAAAAAAAAAAAAAAAAAAAAAAAAAAAAAAAAAAAAAAAAAAAAAAAAAAAAAAAAAAAAAAAAAAAAAAAAAAAAAAAAAAAAAAAAAAAAAAAAAAAAAAAAAAAAAAAAAAAAAAAAAAAAAAAAAAAAAAAAAAAAAAAAAAAAAAAAAAAAAAAAAAAAAAAAAAAAAAAAAAAAAAAAAAAAAAAAAAAAAAAAAAAAAAAAAAAAAAAAAAAAAAAAAAAAAAAAAAAAAAAAAAAAAAAAAAAAAAAAAAAAAAAAAAAAAAAAAAAAAAAAAAAAAAAAAAAAAAAAAAAAAAAAAAAAAAAAAAAAAAAAAAAAAAAAAAAAAAAAAAAAAAAAAAAAAAAAAAAAAAAAAAAAAAAAAAAAAAAAAAAAAAAAAAAAAAAAAAAAAAAAAAAAAAAAAAAAAAAAAAAAAAAAAAAAAAAAAAAAAAAAAAAAAAAAAAAAAAAAAAAAAAAAAAAAAAAAAAAAAAAAAAAAAAAAAAAAAAAAAAAAAAAAAAAAAAAAAAAAAAAAAAAAAAAAAAAAAAAAAAAAAAAAAAAAAAAAAAAAAAAAAAAAAAAAAAAAAAAAAAAAAAAAAAAAAAAAAAAA","started_at":"2023-01-24T20:52","finish_at":"2023-01-31T23:59","repeat":{"cycle":123,"repeat_finish_at":"2023-12-31T23:59"}}
    Session Attrs = {}

Handler:
             Type = org.waldreg.controller.schedule.ScheduleController
           Method = org.waldreg.controller.schedule.ScheduleController#createSchedule(ScheduleRequest)

Async:
    Async started = false
     Async result = null

Resolved Exception:
             Type = org.waldreg.schedule.exception.ContentOverflowException

ModelAndView:
        View name = null
             View = null
            Model = null

FlashMap:
       Attributes = null

MockHttpServletResponse:
           Status = 400
    Error message = null
          Headers = [Vary:"Origin", "Access-Control-Request-Method", "Access-Control-Request-Headers", Api-version:"1.0", Content-Type:"application/json"]
     Content type = application/json
             Body = {"code":"SCHEDULE-409","messages":"Schedule content length cannot be more than 1000 current length \"1005\"","document_url":"docs.waldreg.org"}
    Forwarded URL = null
   Redirected URL = null
          Cookies = []
Hibernate: select user0_.user_id as col_0_0_ from user user0_ where user0_.user_user_id=? limit ?
Hibernate: select user0_.user_id as col_0_0_ from user user0_ where user0_.user_user_id=? limit ?
Hibernate: select U.* from USER U where U.USER_USER_ID =?
Hibernate: select character0_.character_id as characte1_6_0_, character0_.character_character_name as characte2_6_0_ from characters character0_ where character0_.character_id=?
Hibernate: select user0_.user_id as user_id1_21_0_, user0_.character_id as characte7_21_0_, user0_.user_created_at as user_cre2_21_0_, user0_.user_name as user_nam3_21_0_, user0_.user_phone_number as user_pho4_21_0_, user0_.user_user_id as user_use5_21_0_, user0_.user_user_password as user_use6_21_0_ from user user0_ where user0_.user_id=?
Hibernate: select character0_.character_id as characte1_6_0_, character0_.character_character_name as characte2_6_0_ from characters character0_ where character0_.character_id=?
Hibernate: SELECT * FROM SCHEDULE WHERE (YEAR(SCHEDULE_STARTED_AT) = ? AND MONTH(SCHEDULE_STARTED_AT) = ?) OR (YEAR(SCHEDULE_FINISH_AT) = ? AND MONTH(SCHEDULE_FINISH_AT) = ?)
Hibernate: select user0_.user_id as user_id1_21_0_, user0_.character_id as characte7_21_0_, user0_.user_created_at as user_cre2_21_0_, user0_.user_name as user_nam3_21_0_, user0_.user_phone_number as user_pho4_21_0_, user0_.user_user_id as user_use5_21_0_, user0_.user_user_password as user_use6_21_0_ from user user0_ where user0_.user_id=?
Hibernate: select character0_.character_id as characte1_6_0_, character0_.character_character_name as characte2_6_0_ from characters character0_ where character0_.character_id=?
Hibernate: SELECT * FROM SCHEDULE WHERE (YEAR(SCHEDULE_STARTED_AT) = ? AND MONTH(SCHEDULE_STARTED_AT) = ?) OR (YEAR(SCHEDULE_FINISH_AT) = ? AND MONTH(SCHEDULE_FINISH_AT) = ?)
Hibernate: select user0_.user_id as user_id1_21_0_, user0_.character_id as characte7_21_0_, user0_.user_created_at as user_cre2_21_0_, user0_.user_name as user_nam3_21_0_, user0_.user_phone_number as user_pho4_21_0_, user0_.user_user_id as user_use5_21_0_, user0_.user_user_password as user_use6_21_0_ from user user0_ where user0_.user_id=?
Hibernate: select character0_.character_id as characte1_6_0_, character0_.character_character_name as characte2_6_0_ from characters character0_ where character0_.character_id=?
Hibernate: SELECT * FROM SCHEDULE WHERE (YEAR(SCHEDULE_STARTED_AT) = ? AND MONTH(SCHEDULE_STARTED_AT) = ?) OR (YEAR(SCHEDULE_FINISH_AT) = ? AND MONTH(SCHEDULE_FINISH_AT) = ?)
Hibernate: select user0_.user_id as user_id1_21_0_, user0_.character_id as characte7_21_0_, user0_.user_created_at as user_cre2_21_0_, user0_.user_name as user_nam3_21_0_, user0_.user_phone_number as user_pho4_21_0_, user0_.user_user_id as user_use5_21_0_, user0_.user_user_password as user_use6_21_0_ from user user0_ where user0_.user_id=?
Hibernate: select character0_.character_id as characte1_6_0_, character0_.character_character_name as characte2_6_0_ from characters character0_ where character0_.character_id=?
Hibernate: SELECT * FROM SCHEDULE WHERE (YEAR(SCHEDULE_STARTED_AT) = ? AND MONTH(SCHEDULE_STARTED_AT) = ?) OR (YEAR(SCHEDULE_FINISH_AT) = ? AND MONTH(SCHEDULE_FINISH_AT) = ?)
Hibernate: select user0_.user_id as user_id1_21_0_, user0_.character_id as characte7_21_0_, user0_.user_created_at as user_cre2_21_0_, user0_.user_name as user_nam3_21_0_, user0_.user_phone_number as user_pho4_21_0_, user0_.user_user_id as user_use5_21_0_, user0_.user_user_password as user_use6_21_0_ from user user0_ where user0_.user_id=?
Hibernate: select character0_.character_id as characte1_6_0_, character0_.character_character_name as characte2_6_0_ from characters character0_ where character0_.character_id=?
Hibernate: SELECT * FROM SCHEDULE WHERE (YEAR(SCHEDULE_STARTED_AT) = ? AND MONTH(SCHEDULE_STARTED_AT) = ?) OR (YEAR(SCHEDULE_FINISH_AT) = ? AND MONTH(SCHEDULE_FINISH_AT) = ?)
Hibernate: select user0_.user_id as user_id1_21_0_, user0_.character_id as characte7_21_0_, user0_.user_created_at as user_cre2_21_0_, user0_.user_name as user_nam3_21_0_, user0_.user_phone_number as user_pho4_21_0_, user0_.user_user_id as user_use5_21_0_, user0_.user_user_password as user_use6_21_0_ from user user0_ where user0_.user_id=?
Hibernate: select character0_.character_id as characte1_6_0_, character0_.character_character_name as characte2_6_0_ from characters character0_ where character0_.character_id=?
Hibernate: SELECT * FROM SCHEDULE WHERE (YEAR(SCHEDULE_STARTED_AT) = ? AND MONTH(SCHEDULE_STARTED_AT) = ?) OR (YEAR(SCHEDULE_FINISH_AT) = ? AND MONTH(SCHEDULE_FINISH_AT) = ?)
Hibernate: select user0_.user_id as user_id1_21_0_, user0_.character_id as characte7_21_0_, user0_.user_created_at as user_cre2_21_0_, user0_.user_name as user_nam3_21_0_, user0_.user_phone_number as user_pho4_21_0_, user0_.user_user_id as user_use5_21_0_, user0_.user_user_password as user_use6_21_0_ from user user0_ where user0_.user_id=?
Hibernate: select character0_.character_id as characte1_6_0_, character0_.character_character_name as characte2_6_0_ from characters character0_ where character0_.character_id=?
Hibernate: SELECT * FROM SCHEDULE WHERE (YEAR(SCHEDULE_STARTED_AT) = ? AND MONTH(SCHEDULE_STARTED_AT) = ?) OR (YEAR(SCHEDULE_FINISH_AT) = ? AND MONTH(SCHEDULE_FINISH_AT) = ?)
Hibernate: select user0_.user_id as user_id1_21_0_, user0_.character_id as characte7_21_0_, user0_.user_created_at as user_cre2_21_0_, user0_.user_name as user_nam3_21_0_, user0_.user_phone_number as user_pho4_21_0_, user0_.user_user_id as user_use5_21_0_, user0_.user_user_password as user_use6_21_0_ from user user0_ where user0_.user_id=?
Hibernate: select character0_.character_id as characte1_6_0_, character0_.character_character_name as characte2_6_0_ from characters character0_ where character0_.character_id=?
Hibernate: SELECT * FROM SCHEDULE WHERE (YEAR(SCHEDULE_STARTED_AT) = ? AND MONTH(SCHEDULE_STARTED_AT) = ?) OR (YEAR(SCHEDULE_FINISH_AT) = ? AND MONTH(SCHEDULE_FINISH_AT) = ?)
Hibernate: select user0_.user_id as user_id1_21_0_, user0_.character_id as characte7_21_0_, user0_.user_created_at as user_cre2_21_0_, user0_.user_name as user_nam3_21_0_, user0_.user_phone_number as user_pho4_21_0_, user0_.user_user_id as user_use5_21_0_, user0_.user_user_password as user_use6_21_0_ from user user0_ where user0_.user_id=?
Hibernate: select character0_.character_id as characte1_6_0_, character0_.character_character_name as characte2_6_0_ from characters character0_ where character0_.character_id=?
Hibernate: SELECT * FROM SCHEDULE WHERE (YEAR(SCHEDULE_STARTED_AT) = ? AND MONTH(SCHEDULE_STARTED_AT) = ?) OR (YEAR(SCHEDULE_FINISH_AT) = ? AND MONTH(SCHEDULE_FINISH_AT) = ?)
Hibernate: select user0_.user_id as user_id1_21_0_, user0_.character_id as characte7_21_0_, user0_.user_created_at as user_cre2_21_0_, user0_.user_name as user_nam3_21_0_, user0_.user_phone_number as user_pho4_21_0_, user0_.user_user_id as user_use5_21_0_, user0_.user_user_password as user_use6_21_0_ from user user0_ where user0_.user_id=?
Hibernate: select character0_.character_id as characte1_6_0_, character0_.character_character_name as characte2_6_0_ from characters character0_ where character0_.character_id=?
Hibernate: SELECT * FROM SCHEDULE WHERE (YEAR(SCHEDULE_STARTED_AT) = ? AND MONTH(SCHEDULE_STARTED_AT) = ?) OR (YEAR(SCHEDULE_FINISH_AT) = ? AND MONTH(SCHEDULE_FINISH_AT) = ?)
Hibernate: select user0_.user_id as user_id1_21_0_, user0_.character_id as characte7_21_0_, user0_.user_created_at as user_cre2_21_0_, user0_.user_name as user_nam3_21_0_, user0_.user_phone_number as user_pho4_21_0_, user0_.user_user_id as user_use5_21_0_, user0_.user_user_password as user_use6_21_0_ from user user0_ where user0_.user_id=?
Hibernate: select character0_.character_id as characte1_6_0_, character0_.character_character_name as characte2_6_0_ from characters character0_ where character0_.character_id=?
Hibernate: SELECT * FROM SCHEDULE WHERE (YEAR(SCHEDULE_STARTED_AT) = ? AND MONTH(SCHEDULE_STARTED_AT) = ?) OR (YEAR(SCHEDULE_FINISH_AT) = ? AND MONTH(SCHEDULE_FINISH_AT) = ?)
Hibernate: select user0_.user_id as user_id1_21_0_, user0_.character_id as characte7_21_0_, user0_.user_created_at as user_cre2_21_0_, user0_.user_name as user_nam3_21_0_, user0_.user_phone_number as user_pho4_21_0_, user0_.user_user_id as user_use5_21_0_, user0_.user_user_password as user_use6_21_0_ from user user0_ where user0_.user_id=?
Hibernate: select character0_.character_id as characte1_6_0_, character0_.character_character_name as characte2_6_0_ from characters character0_ where character0_.character_id=?
Hibernate: SELECT * FROM SCHEDULE WHERE (YEAR(SCHEDULE_STARTED_AT) = ? AND MONTH(SCHEDULE_STARTED_AT) = ?) OR (YEAR(SCHEDULE_FINISH_AT) = ? AND MONTH(SCHEDULE_FINISH_AT) = ?)
Hibernate: select user0_.user_id as col_0_0_ from user user0_ where user0_.user_user_id=? limit ?
Hibernate: select user0_.user_id as col_0_0_ from user user0_ where user0_.user_user_id=? limit ?
Hibernate: select U.* from USER U where U.USER_USER_ID =?
Hibernate: select character0_.character_id as characte1_6_0_, character0_.character_character_name as characte2_6_0_ from characters character0_ where character0_.character_id=?
Hibernate: select user0_.user_id as col_0_0_ from user user0_ where user0_.user_user_id=? limit ?
Hibernate: select user0_.user_id as col_0_0_ from user user0_ where user0_.user_user_id=? limit ?
Hibernate: select U.* from USER U where U.USER_USER_ID =?
Hibernate: select character0_.character_id as characte1_6_0_, character0_.character_character_name as characte2_6_0_ from characters character0_ where character0_.character_id=?
Hibernate: select user0_.user_id as user_id1_21_0_, user0_.character_id as characte7_21_0_, user0_.user_created_at as user_cre2_21_0_, user0_.user_name as user_nam3_21_0_, user0_.user_phone_number as user_pho4_21_0_, user0_.user_user_id as user_use5_21_0_, user0_.user_user_password as user_use6_21_0_ from user user0_ where user0_.user_id=?
Hibernate: select character0_.character_id as characte1_6_0_, character0_.character_character_name as characte2_6_0_ from characters character0_ where character0_.character_id=?
Hibernate: SELECT * FROM SCHEDULE WHERE (YEAR(SCHEDULE_STARTED_AT) = ? AND MONTH(SCHEDULE_STARTED_AT) = ?) OR (YEAR(SCHEDULE_FINISH_AT) = ? AND MONTH(SCHEDULE_FINISH_AT) = ?)
Hibernate: select user0_.user_id as user_id1_21_0_, user0_.character_id as characte7_21_0_, user0_.user_created_at as user_cre2_21_0_, user0_.user_name as user_nam3_21_0_, user0_.user_phone_number as user_pho4_21_0_, user0_.user_user_id as user_use5_21_0_, user0_.user_user_password as user_use6_21_0_ from user user0_ where user0_.user_id=?
Hibernate: select character0_.character_id as characte1_6_0_, character0_.character_character_name as characte2_6_0_ from characters character0_ where character0_.character_id=?
Hibernate: SELECT * FROM SCHEDULE WHERE (YEAR(SCHEDULE_STARTED_AT) = ? AND MONTH(SCHEDULE_STARTED_AT) = ?) OR (YEAR(SCHEDULE_FINISH_AT) = ? AND MONTH(SCHEDULE_FINISH_AT) = ?)
Hibernate: select user0_.user_id as user_id1_21_0_, user0_.character_id as characte7_21_0_, user0_.user_created_at as user_cre2_21_0_, user0_.user_name as user_nam3_21_0_, user0_.user_phone_number as user_pho4_21_0_, user0_.user_user_id as user_use5_21_0_, user0_.user_user_password as user_use6_21_0_ from user user0_ where user0_.user_id=?
Hibernate: select character0_.character_id as characte1_6_0_, character0_.character_character_name as characte2_6_0_ from characters character0_ where character0_.character_id=?
Hibernate: SELECT * FROM SCHEDULE WHERE (YEAR(SCHEDULE_STARTED_AT) = ? AND MONTH(SCHEDULE_STARTED_AT) = ?) OR (YEAR(SCHEDULE_FINISH_AT) = ? AND MONTH(SCHEDULE_FINISH_AT) = ?)
Hibernate: select user0_.user_id as user_id1_21_0_, user0_.character_id as characte7_21_0_, user0_.user_created_at as user_cre2_21_0_, user0_.user_name as user_nam3_21_0_, user0_.user_phone_number as user_pho4_21_0_, user0_.user_user_id as user_use5_21_0_, user0_.user_user_password as user_use6_21_0_ from user user0_ where user0_.user_id=?
Hibernate: select character0_.character_id as characte1_6_0_, character0_.character_character_name as characte2_6_0_ from characters character0_ where character0_.character_id=?
Hibernate: SELECT * FROM SCHEDULE WHERE (YEAR(SCHEDULE_STARTED_AT) = ? AND MONTH(SCHEDULE_STARTED_AT) = ?) OR (YEAR(SCHEDULE_FINISH_AT) = ? AND MONTH(SCHEDULE_FINISH_AT) = ?)
Hibernate: select user0_.user_id as user_id1_21_0_, user0_.character_id as characte7_21_0_, user0_.user_created_at as user_cre2_21_0_, user0_.user_name as user_nam3_21_0_, user0_.user_phone_number as user_pho4_21_0_, user0_.user_user_id as user_use5_21_0_, user0_.user_user_password as user_use6_21_0_ from user user0_ where user0_.user_id=?
Hibernate: select character0_.character_id as characte1_6_0_, character0_.character_character_name as characte2_6_0_ from characters character0_ where character0_.character_id=?
Hibernate: SELECT * FROM SCHEDULE WHERE (YEAR(SCHEDULE_STARTED_AT) = ? AND MONTH(SCHEDULE_STARTED_AT) = ?) OR (YEAR(SCHEDULE_FINISH_AT) = ? AND MONTH(SCHEDULE_FINISH_AT) = ?)
Hibernate: select user0_.user_id as user_id1_21_0_, user0_.character_id as characte7_21_0_, user0_.user_created_at as user_cre2_21_0_, user0_.user_name as user_nam3_21_0_, user0_.user_phone_number as user_pho4_21_0_, user0_.user_user_id as user_use5_21_0_, user0_.user_user_password as user_use6_21_0_ from user user0_ where user0_.user_id=?
Hibernate: select character0_.character_id as characte1_6_0_, character0_.character_character_name as characte2_6_0_ from characters character0_ where character0_.character_id=?
Hibernate: SELECT * FROM SCHEDULE WHERE (YEAR(SCHEDULE_STARTED_AT) = ? AND MONTH(SCHEDULE_STARTED_AT) = ?) OR (YEAR(SCHEDULE_FINISH_AT) = ? AND MONTH(SCHEDULE_FINISH_AT) = ?)
Hibernate: select user0_.user_id as user_id1_21_0_, user0_.character_id as characte7_21_0_, user0_.user_created_at as user_cre2_21_0_, user0_.user_name as user_nam3_21_0_, user0_.user_phone_number as user_pho4_21_0_, user0_.user_user_id as user_use5_21_0_, user0_.user_user_password as user_use6_21_0_ from user user0_ where user0_.user_id=?
Hibernate: select character0_.character_id as characte1_6_0_, character0_.character_character_name as characte2_6_0_ from characters character0_ where character0_.character_id=?
Hibernate: SELECT * FROM SCHEDULE WHERE (YEAR(SCHEDULE_STARTED_AT) = ? AND MONTH(SCHEDULE_STARTED_AT) = ?) OR (YEAR(SCHEDULE_FINISH_AT) = ? AND MONTH(SCHEDULE_FINISH_AT) = ?)
Hibernate: select user0_.user_id as user_id1_21_0_, user0_.character_id as characte7_21_0_, user0_.user_created_at as user_cre2_21_0_, user0_.user_name as user_nam3_21_0_, user0_.user_phone_number as user_pho4_21_0_, user0_.user_user_id as user_use5_21_0_, user0_.user_user_password as user_use6_21_0_ from user user0_ where user0_.user_id=?
Hibernate: select character0_.character_id as characte1_6_0_, character0_.character_character_name as characte2_6_0_ from characters character0_ where character0_.character_id=?
Hibernate: SELECT * FROM SCHEDULE WHERE (YEAR(SCHEDULE_STARTED_AT) = ? AND MONTH(SCHEDULE_STARTED_AT) = ?) OR (YEAR(SCHEDULE_FINISH_AT) = ? AND MONTH(SCHEDULE_FINISH_AT) = ?)
Hibernate: select user0_.user_id as user_id1_21_0_, user0_.character_id as characte7_21_0_, user0_.user_created_at as user_cre2_21_0_, user0_.user_name as user_nam3_21_0_, user0_.user_phone_number as user_pho4_21_0_, user0_.user_user_id as user_use5_21_0_, user0_.user_user_password as user_use6_21_0_ from user user0_ where user0_.user_id=?
Hibernate: select character0_.character_id as characte1_6_0_, character0_.character_character_name as characte2_6_0_ from characters character0_ where character0_.character_id=?
Hibernate: SELECT * FROM SCHEDULE WHERE (YEAR(SCHEDULE_STARTED_AT) = ? AND MONTH(SCHEDULE_STARTED_AT) = ?) OR (YEAR(SCHEDULE_FINISH_AT) = ? AND MONTH(SCHEDULE_FINISH_AT) = ?)
Hibernate: select user0_.user_id as user_id1_21_0_, user0_.character_id as characte7_21_0_, user0_.user_created_at as user_cre2_21_0_, user0_.user_name as user_nam3_21_0_, user0_.user_phone_number as user_pho4_21_0_, user0_.user_user_id as user_use5_21_0_, user0_.user_user_password as user_use6_21_0_ from user user0_ where user0_.user_id=?
Hibernate: select character0_.character_id as characte1_6_0_, character0_.character_character_name as characte2_6_0_ from characters character0_ where character0_.character_id=?
Hibernate: SELECT * FROM SCHEDULE WHERE (YEAR(SCHEDULE_STARTED_AT) = ? AND MONTH(SCHEDULE_STARTED_AT) = ?) OR (YEAR(SCHEDULE_FINISH_AT) = ? AND MONTH(SCHEDULE_FINISH_AT) = ?)
Hibernate: select user0_.user_id as user_id1_21_0_, user0_.character_id as characte7_21_0_, user0_.user_created_at as user_cre2_21_0_, user0_.user_name as user_nam3_21_0_, user0_.user_phone_number as user_pho4_21_0_, user0_.user_user_id as user_use5_21_0_, user0_.user_user_password as user_use6_21_0_ from user user0_ where user0_.user_id=?
Hibernate: select character0_.character_id as characte1_6_0_, character0_.character_character_name as characte2_6_0_ from characters character0_ where character0_.character_id=?
Hibernate: SELECT * FROM SCHEDULE WHERE (YEAR(SCHEDULE_STARTED_AT) = ? AND MONTH(SCHEDULE_STARTED_AT) = ?) OR (YEAR(SCHEDULE_FINISH_AT) = ? AND MONTH(SCHEDULE_FINISH_AT) = ?)
Hibernate: select user0_.user_id as user_id1_21_0_, user0_.character_id as characte7_21_0_, user0_.user_created_at as user_cre2_21_0_, user0_.user_name as user_nam3_21_0_, user0_.user_phone_number as user_pho4_21_0_, user0_.user_user_id as user_use5_21_0_, user0_.user_user_password as user_use6_21_0_ from user user0_ where user0_.user_id=?
Hibernate: select character0_.character_id as characte1_6_0_, character0_.character_character_name as characte2_6_0_ from characters character0_ where character0_.character_id=?
Hibernate: SELECT * FROM SCHEDULE WHERE (YEAR(SCHEDULE_STARTED_AT) = ? AND MONTH(SCHEDULE_STARTED_AT) = ?) OR (YEAR(SCHEDULE_FINISH_AT) = ? AND MONTH(SCHEDULE_FINISH_AT) = ?)
Hibernate: select user0_.user_id as col_0_0_ from user user0_ where user0_.user_user_id=? limit ?
Hibernate: select user0_.user_id as col_0_0_ from user user0_ where user0_.user_user_id=? limit ?
Hibernate: select U.* from USER U where U.USER_USER_ID =?
Hibernate: select character0_.character_id as characte1_6_0_, character0_.character_character_name as characte2_6_0_ from characters character0_ where character0_.character_id=?
Hibernate: select user0_.user_id as col_0_0_ from user user0_ where user0_.user_user_id=? limit ?
Hibernate: select user0_.user_id as col_0_0_ from user user0_ where user0_.user_user_id=? limit ?
Hibernate: select U.* from USER U where U.USER_USER_ID =?
Hibernate: select character0_.character_id as characte1_6_0_, character0_.character_character_name as characte2_6_0_ from characters character0_ where character0_.character_id=?
Hibernate: select user0_.user_id as user_id1_21_0_, user0_.character_id as characte7_21_0_, user0_.user_created_at as user_cre2_21_0_, user0_.user_name as user_nam3_21_0_, user0_.user_phone_number as user_pho4_21_0_, user0_.user_user_id as user_use5_21_0_, user0_.user_user_password as user_use6_21_0_ from user user0_ where user0_.user_id=?
Hibernate: select character0_.character_id as characte1_6_0_, character0_.character_character_name as characte2_6_0_ from characters character0_ where character0_.character_id=?
Hibernate: select count(*) as col_0_0_ from user user0_ where user0_.user_id=?
Hibernate: select character1_.character_id as characte1_6_, character1_.character_character_name as characte2_6_ from user user0_ inner join characters character1_ on user0_.character_id=character1_.character_id where user0_.user_id=?
Hibernate: select permission0_.character_id as characte6_12_0_, permission0_.permission_id as permissi1_12_0_, permission0_.permission_id as permissi1_12_1_, permission0_.character_id as characte6_12_1_, permission0_.permission_name as permissi2_12_1_, permission0_.permission_permission_unit_id as permissi3_12_1_, permission0_.permission_service as permissi4_12_1_, permission0_.permission_status as permissi5_12_1_ from permission permission0_ where permission0_.character_id=?
Hibernate: select count(*) as col_0_0_ from schedule schedule0_ where schedule0_.schedule_id=?

MockHttpServletRequest:
      HTTP Method = DELETE
      Request URI = /schedule/0
       Parameters = {}
          Headers = [Accept:"application/json", Api-version:"1.0", Authorization:"Bearer eyJhbGciOiJIUzI1NiJ9.eyJzdWIiOiIxIiwiaWF0IjoxNjg3ODc3NDY4LCJleHAiOjE2ODc4ODEwNjh9.L4tO6_dDAW_EBZT75Jfu2R72X2bmpa30eKXBNOnKWzQ"]
             Body = null
    Session Attrs = {}

Handler:
             Type = org.waldreg.controller.schedule.ScheduleController
           Method = org.waldreg.controller.schedule.ScheduleController#deleteSchedule(int)

Async:
    Async started = false
     Async result = null

Resolved Exception:
             Type = org.waldreg.schedule.exception.UnknownScheduleException

ModelAndView:
        View name = null
             View = null
            Model = null

FlashMap:
       Attributes = null

MockHttpServletResponse:
           Status = 400
    Error message = null
          Headers = [Vary:"Origin", "Access-Control-Request-Method", "Access-Control-Request-Headers", Api-version:"1.0", Content-Type:"application/json"]
     Content type = application/json
             Body = {"code":"SCHEDULE-410","messages":"Cannot find schedule with id \"0\"","document_url":"docs.waldreg.org"}
    Forwarded URL = null
   Redirected URL = null
          Cookies = []
Hibernate: select user0_.user_id as col_0_0_ from user user0_ where user0_.user_user_id=? limit ?
Hibernate: select user0_.user_id as col_0_0_ from user user0_ where user0_.user_user_id=? limit ?
Hibernate: select U.* from USER U where U.USER_USER_ID =?
Hibernate: select character0_.character_id as characte1_6_0_, character0_.character_character_name as characte2_6_0_ from characters character0_ where character0_.character_id=?
Hibernate: select user0_.user_id as user_id1_21_0_, user0_.character_id as characte7_21_0_, user0_.user_created_at as user_cre2_21_0_, user0_.user_name as user_nam3_21_0_, user0_.user_phone_number as user_pho4_21_0_, user0_.user_user_id as user_use5_21_0_, user0_.user_user_password as user_use6_21_0_ from user user0_ where user0_.user_id=?
Hibernate: select character0_.character_id as characte1_6_0_, character0_.character_character_name as characte2_6_0_ from characters character0_ where character0_.character_id=?
Hibernate: SELECT * FROM SCHEDULE WHERE (YEAR(SCHEDULE_STARTED_AT) = ? AND MONTH(SCHEDULE_STARTED_AT) = ?) OR (YEAR(SCHEDULE_FINISH_AT) = ? AND MONTH(SCHEDULE_FINISH_AT) = ?)
Hibernate: select user0_.user_id as user_id1_21_0_, user0_.character_id as characte7_21_0_, user0_.user_created_at as user_cre2_21_0_, user0_.user_name as user_nam3_21_0_, user0_.user_phone_number as user_pho4_21_0_, user0_.user_user_id as user_use5_21_0_, user0_.user_user_password as user_use6_21_0_ from user user0_ where user0_.user_id=?
Hibernate: select character0_.character_id as characte1_6_0_, character0_.character_character_name as characte2_6_0_ from characters character0_ where character0_.character_id=?
Hibernate: SELECT * FROM SCHEDULE WHERE (YEAR(SCHEDULE_STARTED_AT) = ? AND MONTH(SCHEDULE_STARTED_AT) = ?) OR (YEAR(SCHEDULE_FINISH_AT) = ? AND MONTH(SCHEDULE_FINISH_AT) = ?)
Hibernate: select user0_.user_id as user_id1_21_0_, user0_.character_id as characte7_21_0_, user0_.user_created_at as user_cre2_21_0_, user0_.user_name as user_nam3_21_0_, user0_.user_phone_number as user_pho4_21_0_, user0_.user_user_id as user_use5_21_0_, user0_.user_user_password as user_use6_21_0_ from user user0_ where user0_.user_id=?
Hibernate: select character0_.character_id as characte1_6_0_, character0_.character_character_name as characte2_6_0_ from characters character0_ where character0_.character_id=?
Hibernate: SELECT * FROM SCHEDULE WHERE (YEAR(SCHEDULE_STARTED_AT) = ? AND MONTH(SCHEDULE_STARTED_AT) = ?) OR (YEAR(SCHEDULE_FINISH_AT) = ? AND MONTH(SCHEDULE_FINISH_AT) = ?)
Hibernate: select user0_.user_id as user_id1_21_0_, user0_.character_id as characte7_21_0_, user0_.user_created_at as user_cre2_21_0_, user0_.user_name as user_nam3_21_0_, user0_.user_phone_number as user_pho4_21_0_, user0_.user_user_id as user_use5_21_0_, user0_.user_user_password as user_use6_21_0_ from user user0_ where user0_.user_id=?
Hibernate: select character0_.character_id as characte1_6_0_, character0_.character_character_name as characte2_6_0_ from characters character0_ where character0_.character_id=?
Hibernate: SELECT * FROM SCHEDULE WHERE (YEAR(SCHEDULE_STARTED_AT) = ? AND MONTH(SCHEDULE_STARTED_AT) = ?) OR (YEAR(SCHEDULE_FINISH_AT) = ? AND MONTH(SCHEDULE_FINISH_AT) = ?)
Hibernate: select user0_.user_id as user_id1_21_0_, user0_.character_id as characte7_21_0_, user0_.user_created_at as user_cre2_21_0_, user0_.user_name as user_nam3_21_0_, user0_.user_phone_number as user_pho4_21_0_, user0_.user_user_id as user_use5_21_0_, user0_.user_user_password as user_use6_21_0_ from user user0_ where user0_.user_id=?
Hibernate: select character0_.character_id as characte1_6_0_, character0_.character_character_name as characte2_6_0_ from characters character0_ where character0_.character_id=?
Hibernate: SELECT * FROM SCHEDULE WHERE (YEAR(SCHEDULE_STARTED_AT) = ? AND MONTH(SCHEDULE_STARTED_AT) = ?) OR (YEAR(SCHEDULE_FINISH_AT) = ? AND MONTH(SCHEDULE_FINISH_AT) = ?)
Hibernate: select user0_.user_id as user_id1_21_0_, user0_.character_id as characte7_21_0_, user0_.user_created_at as user_cre2_21_0_, user0_.user_name as user_nam3_21_0_, user0_.user_phone_number as user_pho4_21_0_, user0_.user_user_id as user_use5_21_0_, user0_.user_user_password as user_use6_21_0_ from user user0_ where user0_.user_id=?
Hibernate: select character0_.character_id as characte1_6_0_, character0_.character_character_name as characte2_6_0_ from characters character0_ where character0_.character_id=?
Hibernate: SELECT * FROM SCHEDULE WHERE (YEAR(SCHEDULE_STARTED_AT) = ? AND MONTH(SCHEDULE_STARTED_AT) = ?) OR (YEAR(SCHEDULE_FINISH_AT) = ? AND MONTH(SCHEDULE_FINISH_AT) = ?)
Hibernate: select user0_.user_id as user_id1_21_0_, user0_.character_id as characte7_21_0_, user0_.user_created_at as user_cre2_21_0_, user0_.user_name as user_nam3_21_0_, user0_.user_phone_number as user_pho4_21_0_, user0_.user_user_id as user_use5_21_0_, user0_.user_user_password as user_use6_21_0_ from user user0_ where user0_.user_id=?
Hibernate: select character0_.character_id as characte1_6_0_, character0_.character_character_name as characte2_6_0_ from characters character0_ where character0_.character_id=?
Hibernate: SELECT * FROM SCHEDULE WHERE (YEAR(SCHEDULE_STARTED_AT) = ? AND MONTH(SCHEDULE_STARTED_AT) = ?) OR (YEAR(SCHEDULE_FINISH_AT) = ? AND MONTH(SCHEDULE_FINISH_AT) = ?)
Hibernate: select user0_.user_id as user_id1_21_0_, user0_.character_id as characte7_21_0_, user0_.user_created_at as user_cre2_21_0_, user0_.user_name as user_nam3_21_0_, user0_.user_phone_number as user_pho4_21_0_, user0_.user_user_id as user_use5_21_0_, user0_.user_user_password as user_use6_21_0_ from user user0_ where user0_.user_id=?
Hibernate: select character0_.character_id as characte1_6_0_, character0_.character_character_name as characte2_6_0_ from characters character0_ where character0_.character_id=?
Hibernate: SELECT * FROM SCHEDULE WHERE (YEAR(SCHEDULE_STARTED_AT) = ? AND MONTH(SCHEDULE_STARTED_AT) = ?) OR (YEAR(SCHEDULE_FINISH_AT) = ? AND MONTH(SCHEDULE_FINISH_AT) = ?)
Hibernate: select user0_.user_id as user_id1_21_0_, user0_.character_id as characte7_21_0_, user0_.user_created_at as user_cre2_21_0_, user0_.user_name as user_nam3_21_0_, user0_.user_phone_number as user_pho4_21_0_, user0_.user_user_id as user_use5_21_0_, user0_.user_user_password as user_use6_21_0_ from user user0_ where user0_.user_id=?
Hibernate: select character0_.character_id as characte1_6_0_, character0_.character_character_name as characte2_6_0_ from characters character0_ where character0_.character_id=?
Hibernate: SELECT * FROM SCHEDULE WHERE (YEAR(SCHEDULE_STARTED_AT) = ? AND MONTH(SCHEDULE_STARTED_AT) = ?) OR (YEAR(SCHEDULE_FINISH_AT) = ? AND MONTH(SCHEDULE_FINISH_AT) = ?)
Hibernate: select user0_.user_id as user_id1_21_0_, user0_.character_id as characte7_21_0_, user0_.user_created_at as user_cre2_21_0_, user0_.user_name as user_nam3_21_0_, user0_.user_phone_number as user_pho4_21_0_, user0_.user_user_id as user_use5_21_0_, user0_.user_user_password as user_use6_21_0_ from user user0_ where user0_.user_id=?
Hibernate: select character0_.character_id as characte1_6_0_, character0_.character_character_name as characte2_6_0_ from characters character0_ where character0_.character_id=?
Hibernate: SELECT * FROM SCHEDULE WHERE (YEAR(SCHEDULE_STARTED_AT) = ? AND MONTH(SCHEDULE_STARTED_AT) = ?) OR (YEAR(SCHEDULE_FINISH_AT) = ? AND MONTH(SCHEDULE_FINISH_AT) = ?)
Hibernate: select user0_.user_id as user_id1_21_0_, user0_.character_id as characte7_21_0_, user0_.user_created_at as user_cre2_21_0_, user0_.user_name as user_nam3_21_0_, user0_.user_phone_number as user_pho4_21_0_, user0_.user_user_id as user_use5_21_0_, user0_.user_user_password as user_use6_21_0_ from user user0_ where user0_.user_id=?
Hibernate: select character0_.character_id as characte1_6_0_, character0_.character_character_name as characte2_6_0_ from characters character0_ where character0_.character_id=?
Hibernate: SELECT * FROM SCHEDULE WHERE (YEAR(SCHEDULE_STARTED_AT) = ? AND MONTH(SCHEDULE_STARTED_AT) = ?) OR (YEAR(SCHEDULE_FINISH_AT) = ? AND MONTH(SCHEDULE_FINISH_AT) = ?)
Hibernate: select user0_.user_id as user_id1_21_0_, user0_.character_id as characte7_21_0_, user0_.user_created_at as user_cre2_21_0_, user0_.user_name as user_nam3_21_0_, user0_.user_phone_number as user_pho4_21_0_, user0_.user_user_id as user_use5_21_0_, user0_.user_user_password as user_use6_21_0_ from user user0_ where user0_.user_id=?
Hibernate: select character0_.character_id as characte1_6_0_, character0_.character_character_name as characte2_6_0_ from characters character0_ where character0_.character_id=?
Hibernate: SELECT * FROM SCHEDULE WHERE (YEAR(SCHEDULE_STARTED_AT) = ? AND MONTH(SCHEDULE_STARTED_AT) = ?) OR (YEAR(SCHEDULE_FINISH_AT) = ? AND MONTH(SCHEDULE_FINISH_AT) = ?)
Hibernate: select user0_.user_id as col_0_0_ from user user0_ where user0_.user_user_id=? limit ?
Hibernate: select user0_.user_id as col_0_0_ from user user0_ where user0_.user_user_id=? limit ?
Hibernate: select U.* from USER U where U.USER_USER_ID =?
Hibernate: select character0_.character_id as characte1_6_0_, character0_.character_character_name as characte2_6_0_ from characters character0_ where character0_.character_id=?
Hibernate: select user0_.user_id as col_0_0_ from user user0_ where user0_.user_user_id=? limit ?
Hibernate: select user0_.user_id as col_0_0_ from user user0_ where user0_.user_user_id=? limit ?
Hibernate: select U.* from USER U where U.USER_USER_ID =?
Hibernate: select character0_.character_id as characte1_6_0_, character0_.character_character_name as characte2_6_0_ from characters character0_ where character0_.character_id=?
Hibernate: select user0_.user_id as user_id1_21_0_, user0_.character_id as characte7_21_0_, user0_.user_created_at as user_cre2_21_0_, user0_.user_name as user_nam3_21_0_, user0_.user_phone_number as user_pho4_21_0_, user0_.user_user_id as user_use5_21_0_, user0_.user_user_password as user_use6_21_0_ from user user0_ where user0_.user_id=?
Hibernate: select character0_.character_id as characte1_6_0_, character0_.character_character_name as characte2_6_0_ from characters character0_ where character0_.character_id=?
Hibernate: SELECT * FROM SCHEDULE WHERE (YEAR(SCHEDULE_STARTED_AT) = ? AND MONTH(SCHEDULE_STARTED_AT) = ?) OR (YEAR(SCHEDULE_FINISH_AT) = ? AND MONTH(SCHEDULE_FINISH_AT) = ?)
Hibernate: select user0_.user_id as user_id1_21_0_, user0_.character_id as characte7_21_0_, user0_.user_created_at as user_cre2_21_0_, user0_.user_name as user_nam3_21_0_, user0_.user_phone_number as user_pho4_21_0_, user0_.user_user_id as user_use5_21_0_, user0_.user_user_password as user_use6_21_0_ from user user0_ where user0_.user_id=?
Hibernate: select character0_.character_id as characte1_6_0_, character0_.character_character_name as characte2_6_0_ from characters character0_ where character0_.character_id=?
Hibernate: SELECT * FROM SCHEDULE WHERE (YEAR(SCHEDULE_STARTED_AT) = ? AND MONTH(SCHEDULE_STARTED_AT) = ?) OR (YEAR(SCHEDULE_FINISH_AT) = ? AND MONTH(SCHEDULE_FINISH_AT) = ?)
Hibernate: select user0_.user_id as user_id1_21_0_, user0_.character_id as characte7_21_0_, user0_.user_created_at as user_cre2_21_0_, user0_.user_name as user_nam3_21_0_, user0_.user_phone_number as user_pho4_21_0_, user0_.user_user_id as user_use5_21_0_, user0_.user_user_password as user_use6_21_0_ from user user0_ where user0_.user_id=?
Hibernate: select character0_.character_id as characte1_6_0_, character0_.character_character_name as characte2_6_0_ from characters character0_ where character0_.character_id=?
Hibernate: SELECT * FROM SCHEDULE WHERE (YEAR(SCHEDULE_STARTED_AT) = ? AND MONTH(SCHEDULE_STARTED_AT) = ?) OR (YEAR(SCHEDULE_FINISH_AT) = ? AND MONTH(SCHEDULE_FINISH_AT) = ?)
Hibernate: select user0_.user_id as user_id1_21_0_, user0_.character_id as characte7_21_0_, user0_.user_created_at as user_cre2_21_0_, user0_.user_name as user_nam3_21_0_, user0_.user_phone_number as user_pho4_21_0_, user0_.user_user_id as user_use5_21_0_, user0_.user_user_password as user_use6_21_0_ from user user0_ where user0_.user_id=?
Hibernate: select character0_.character_id as characte1_6_0_, character0_.character_character_name as characte2_6_0_ from characters character0_ where character0_.character_id=?
Hibernate: SELECT * FROM SCHEDULE WHERE (YEAR(SCHEDULE_STARTED_AT) = ? AND MONTH(SCHEDULE_STARTED_AT) = ?) OR (YEAR(SCHEDULE_FINISH_AT) = ? AND MONTH(SCHEDULE_FINISH_AT) = ?)
Hibernate: select user0_.user_id as user_id1_21_0_, user0_.character_id as characte7_21_0_, user0_.user_created_at as user_cre2_21_0_, user0_.user_name as user_nam3_21_0_, user0_.user_phone_number as user_pho4_21_0_, user0_.user_user_id as user_use5_21_0_, user0_.user_user_password as user_use6_21_0_ from user user0_ where user0_.user_id=?
Hibernate: select character0_.character_id as characte1_6_0_, character0_.character_character_name as characte2_6_0_ from characters character0_ where character0_.character_id=?
Hibernate: SELECT * FROM SCHEDULE WHERE (YEAR(SCHEDULE_STARTED_AT) = ? AND MONTH(SCHEDULE_STARTED_AT) = ?) OR (YEAR(SCHEDULE_FINISH_AT) = ? AND MONTH(SCHEDULE_FINISH_AT) = ?)
Hibernate: select user0_.user_id as user_id1_21_0_, user0_.character_id as characte7_21_0_, user0_.user_created_at as user_cre2_21_0_, user0_.user_name as user_nam3_21_0_, user0_.user_phone_number as user_pho4_21_0_, user0_.user_user_id as user_use5_21_0_, user0_.user_user_password as user_use6_21_0_ from user user0_ where user0_.user_id=?
Hibernate: select character0_.character_id as characte1_6_0_, character0_.character_character_name as characte2_6_0_ from characters character0_ where character0_.character_id=?
Hibernate: SELECT * FROM SCHEDULE WHERE (YEAR(SCHEDULE_STARTED_AT) = ? AND MONTH(SCHEDULE_STARTED_AT) = ?) OR (YEAR(SCHEDULE_FINISH_AT) = ? AND MONTH(SCHEDULE_FINISH_AT) = ?)
Hibernate: select user0_.user_id as user_id1_21_0_, user0_.character_id as characte7_21_0_, user0_.user_created_at as user_cre2_21_0_, user0_.user_name as user_nam3_21_0_, user0_.user_phone_number as user_pho4_21_0_, user0_.user_user_id as user_use5_21_0_, user0_.user_user_password as user_use6_21_0_ from user user0_ where user0_.user_id=?
Hibernate: select character0_.character_id as characte1_6_0_, character0_.character_character_name as characte2_6_0_ from characters character0_ where character0_.character_id=?
Hibernate: SELECT * FROM SCHEDULE WHERE (YEAR(SCHEDULE_STARTED_AT) = ? AND MONTH(SCHEDULE_STARTED_AT) = ?) OR (YEAR(SCHEDULE_FINISH_AT) = ? AND MONTH(SCHEDULE_FINISH_AT) = ?)
Hibernate: select user0_.user_id as user_id1_21_0_, user0_.character_id as characte7_21_0_, user0_.user_created_at as user_cre2_21_0_, user0_.user_name as user_nam3_21_0_, user0_.user_phone_number as user_pho4_21_0_, user0_.user_user_id as user_use5_21_0_, user0_.user_user_password as user_use6_21_0_ from user user0_ where user0_.user_id=?
Hibernate: select character0_.character_id as characte1_6_0_, character0_.character_character_name as characte2_6_0_ from characters character0_ where character0_.character_id=?
Hibernate: SELECT * FROM SCHEDULE WHERE (YEAR(SCHEDULE_STARTED_AT) = ? AND MONTH(SCHEDULE_STARTED_AT) = ?) OR (YEAR(SCHEDULE_FINISH_AT) = ? AND MONTH(SCHEDULE_FINISH_AT) = ?)
Hibernate: select user0_.user_id as user_id1_21_0_, user0_.character_id as characte7_21_0_, user0_.user_created_at as user_cre2_21_0_, user0_.user_name as user_nam3_21_0_, user0_.user_phone_number as user_pho4_21_0_, user0_.user_user_id as user_use5_21_0_, user0_.user_user_password as user_use6_21_0_ from user user0_ where user0_.user_id=?
Hibernate: select character0_.character_id as characte1_6_0_, character0_.character_character_name as characte2_6_0_ from characters character0_ where character0_.character_id=?
Hibernate: SELECT * FROM SCHEDULE WHERE (YEAR(SCHEDULE_STARTED_AT) = ? AND MONTH(SCHEDULE_STARTED_AT) = ?) OR (YEAR(SCHEDULE_FINISH_AT) = ? AND MONTH(SCHEDULE_FINISH_AT) = ?)
Hibernate: select user0_.user_id as user_id1_21_0_, user0_.character_id as characte7_21_0_, user0_.user_created_at as user_cre2_21_0_, user0_.user_name as user_nam3_21_0_, user0_.user_phone_number as user_pho4_21_0_, user0_.user_user_id as user_use5_21_0_, user0_.user_user_password as user_use6_21_0_ from user user0_ where user0_.user_id=?
Hibernate: select character0_.character_id as characte1_6_0_, character0_.character_character_name as characte2_6_0_ from characters character0_ where character0_.character_id=?
Hibernate: SELECT * FROM SCHEDULE WHERE (YEAR(SCHEDULE_STARTED_AT) = ? AND MONTH(SCHEDULE_STARTED_AT) = ?) OR (YEAR(SCHEDULE_FINISH_AT) = ? AND MONTH(SCHEDULE_FINISH_AT) = ?)
Hibernate: select user0_.user_id as user_id1_21_0_, user0_.character_id as characte7_21_0_, user0_.user_created_at as user_cre2_21_0_, user0_.user_name as user_nam3_21_0_, user0_.user_phone_number as user_pho4_21_0_, user0_.user_user_id as user_use5_21_0_, user0_.user_user_password as user_use6_21_0_ from user user0_ where user0_.user_id=?
Hibernate: select character0_.character_id as characte1_6_0_, character0_.character_character_name as characte2_6_0_ from characters character0_ where character0_.character_id=?
Hibernate: SELECT * FROM SCHEDULE WHERE (YEAR(SCHEDULE_STARTED_AT) = ? AND MONTH(SCHEDULE_STARTED_AT) = ?) OR (YEAR(SCHEDULE_FINISH_AT) = ? AND MONTH(SCHEDULE_FINISH_AT) = ?)
Hibernate: select user0_.user_id as user_id1_21_0_, user0_.character_id as characte7_21_0_, user0_.user_created_at as user_cre2_21_0_, user0_.user_name as user_nam3_21_0_, user0_.user_phone_number as user_pho4_21_0_, user0_.user_user_id as user_use5_21_0_, user0_.user_user_password as user_use6_21_0_ from user user0_ where user0_.user_id=?
Hibernate: select character0_.character_id as characte1_6_0_, character0_.character_character_name as characte2_6_0_ from characters character0_ where character0_.character_id=?
Hibernate: SELECT * FROM SCHEDULE WHERE (YEAR(SCHEDULE_STARTED_AT) = ? AND MONTH(SCHEDULE_STARTED_AT) = ?) OR (YEAR(SCHEDULE_FINISH_AT) = ? AND MONTH(SCHEDULE_FINISH_AT) = ?)
Hibernate: select user0_.user_id as col_0_0_ from user user0_ where user0_.user_user_id=? limit ?
Hibernate: select user0_.user_id as col_0_0_ from user user0_ where user0_.user_user_id=? limit ?
Hibernate: select U.* from USER U where U.USER_USER_ID =?
Hibernate: select character0_.character_id as characte1_6_0_, character0_.character_character_name as characte2_6_0_ from characters character0_ where character0_.character_id=?
Hibernate: select user0_.user_id as col_0_0_ from user user0_ where user0_.user_user_id=? limit ?
Hibernate: select user0_.user_id as col_0_0_ from user user0_ where user0_.user_user_id=? limit ?
Hibernate: select U.* from USER U where U.USER_USER_ID =?
Hibernate: select character0_.character_id as characte1_6_0_, character0_.character_character_name as characte2_6_0_ from characters character0_ where character0_.character_id=?
Hibernate: select user0_.user_id as user_id1_21_0_, user0_.character_id as characte7_21_0_, user0_.user_created_at as user_cre2_21_0_, user0_.user_name as user_nam3_21_0_, user0_.user_phone_number as user_pho4_21_0_, user0_.user_user_id as user_use5_21_0_, user0_.user_user_password as user_use6_21_0_ from user user0_ where user0_.user_id=?
Hibernate: select character0_.character_id as characte1_6_0_, character0_.character_character_name as characte2_6_0_ from characters character0_ where character0_.character_id=?
Hibernate: select count(*) as col_0_0_ from user user0_ where user0_.user_id=?
Hibernate: select character1_.character_id as characte1_6_, character1_.character_character_name as characte2_6_ from user user0_ inner join characters character1_ on user0_.character_id=character1_.character_id where user0_.user_id=?
Hibernate: select permission0_.character_id as characte6_12_0_, permission0_.permission_id as permissi1_12_0_, permission0_.permission_id as permissi1_12_1_, permission0_.character_id as characte6_12_1_, permission0_.permission_name as permissi2_12_1_, permission0_.permission_permission_unit_id as permissi3_12_1_, permission0_.permission_service as permissi4_12_1_, permission0_.permission_status as permissi5_12_1_ from permission permission0_ where permission0_.character_id=?
Hibernate: select schedule0_.schedule_id as schedule1_17_0_, schedule0_.schedule_finish_at as schedule2_17_0_, schedule0_.schedule_content as schedule3_17_0_, schedule0_.schedule_repeat_cycle as schedule4_17_0_, schedule0_.schedule_repeat_repeat_finish_at as schedule5_17_0_, schedule0_.schedule_title as schedule6_17_0_, schedule0_.schedule_started_at as schedule7_17_0_ from schedule schedule0_ where schedule0_.schedule_id=?
Hibernate: insert into schedule (schedule_id, schedule_finish_at, schedule_content, schedule_repeat_cycle, schedule_repeat_repeat_finish_at, schedule_title, schedule_started_at) values (default, ?, ?, ?, ?, ?, ?)

MockHttpServletRequest:
      HTTP Method = POST
      Request URI = /schedule
       Parameters = {}
          Headers = [Content-Type:"application/json;charset=UTF-8", Accept:"application/json", Api-version:"1.0", Authorization:"Bearer eyJhbGciOiJIUzI1NiJ9.eyJzdWIiOiIxIiwiaWF0IjoxNjg3ODc3NDY4LCJleHAiOjE2ODc4ODEwNjh9.L4tO6_dDAW_EBZT75Jfu2R72X2bmpa30eKXBNOnKWzQ", Content-Length:"172"]
             Body = {"schedule_title":"adf","schedule_content":"ff","started_at":"2023-01-24T20:52","finish_at":"2023-01-31T23:59","repeat":{"cycle":123,"repeat_finish_at":"2023-12-31T23:59"}}
    Session Attrs = {}

Handler:
             Type = org.waldreg.controller.schedule.ScheduleController
           Method = org.waldreg.controller.schedule.ScheduleController#createSchedule(ScheduleRequest)

Async:
    Async started = false
     Async result = null

Resolved Exception:
             Type = null

ModelAndView:
        View name = null
             View = null
            Model = null

FlashMap:
       Attributes = null

MockHttpServletResponse:
           Status = 200
    Error message = null
          Headers = [Vary:"Origin", "Access-Control-Request-Method", "Access-Control-Request-Headers", Api-version:"1.0"]
     Content type = null
             Body = 
    Forwarded URL = null
   Redirected URL = null
          Cookies = []
Hibernate: select user0_.user_id as col_0_0_ from user user0_ where user0_.user_user_id=? limit ?
Hibernate: select user0_.user_id as col_0_0_ from user user0_ where user0_.user_user_id=? limit ?
Hibernate: select U.* from USER U where U.USER_USER_ID =?
Hibernate: select character0_.character_id as characte1_6_0_, character0_.character_character_name as characte2_6_0_ from characters character0_ where character0_.character_id=?
Hibernate: select user0_.user_id as user_id1_21_0_, user0_.character_id as characte7_21_0_, user0_.user_created_at as user_cre2_21_0_, user0_.user_name as user_nam3_21_0_, user0_.user_phone_number as user_pho4_21_0_, user0_.user_user_id as user_use5_21_0_, user0_.user_user_password as user_use6_21_0_ from user user0_ where user0_.user_id=?
Hibernate: select character0_.character_id as characte1_6_0_, character0_.character_character_name as characte2_6_0_ from characters character0_ where character0_.character_id=?
Hibernate: SELECT * FROM SCHEDULE WHERE (YEAR(SCHEDULE_STARTED_AT) = ? AND MONTH(SCHEDULE_STARTED_AT) = ?) OR (YEAR(SCHEDULE_FINISH_AT) = ? AND MONTH(SCHEDULE_FINISH_AT) = ?)
Hibernate: select user0_.user_id as user_id1_21_0_, user0_.character_id as characte7_21_0_, user0_.user_created_at as user_cre2_21_0_, user0_.user_name as user_nam3_21_0_, user0_.user_phone_number as user_pho4_21_0_, user0_.user_user_id as user_use5_21_0_, user0_.user_user_password as user_use6_21_0_ from user user0_ where user0_.user_id=?
Hibernate: select character0_.character_id as characte1_6_0_, character0_.character_character_name as characte2_6_0_ from characters character0_ where character0_.character_id=?
Hibernate: select count(*) as col_0_0_ from user user0_ where user0_.user_id=?
Hibernate: select character1_.character_id as characte1_6_, character1_.character_character_name as characte2_6_ from user user0_ inner join characters character1_ on user0_.character_id=character1_.character_id where user0_.user_id=?
Hibernate: select permission0_.character_id as characte6_12_0_, permission0_.permission_id as permissi1_12_0_, permission0_.permission_id as permissi1_12_1_, permission0_.character_id as characte6_12_1_, permission0_.permission_name as permissi2_12_1_, permission0_.permission_permission_unit_id as permissi3_12_1_, permission0_.permission_service as permissi4_12_1_, permission0_.permission_status as permissi5_12_1_ from permission permission0_ where permission0_.character_id=?
Hibernate: select count(*) as col_0_0_ from schedule schedule0_ where schedule0_.schedule_id=?
Hibernate: select schedule0_.schedule_id as schedule1_17_0_, schedule0_.schedule_finish_at as schedule2_17_0_, schedule0_.schedule_content as schedule3_17_0_, schedule0_.schedule_repeat_cycle as schedule4_17_0_, schedule0_.schedule_repeat_repeat_finish_at as schedule5_17_0_, schedule0_.schedule_title as schedule6_17_0_, schedule0_.schedule_started_at as schedule7_17_0_ from schedule schedule0_ where schedule0_.schedule_id=?
Hibernate: delete from schedule where schedule_id=?
Hibernate: select user0_.user_id as user_id1_21_0_, user0_.character_id as characte7_21_0_, user0_.user_created_at as user_cre2_21_0_, user0_.user_name as user_nam3_21_0_, user0_.user_phone_number as user_pho4_21_0_, user0_.user_user_id as user_use5_21_0_, user0_.user_user_password as user_use6_21_0_ from user user0_ where user0_.user_id=?
Hibernate: select character0_.character_id as characte1_6_0_, character0_.character_character_name as characte2_6_0_ from characters character0_ where character0_.character_id=?
Hibernate: select count(*) as col_0_0_ from schedule schedule0_ where schedule0_.schedule_id=?
Hibernate: select user0_.user_id as user_id1_21_0_, user0_.character_id as characte7_21_0_, user0_.user_created_at as user_cre2_21_0_, user0_.user_name as user_nam3_21_0_, user0_.user_phone_number as user_pho4_21_0_, user0_.user_user_id as user_use5_21_0_, user0_.user_user_password as user_use6_21_0_ from user user0_ where user0_.user_id=?
Hibernate: select character0_.character_id as characte1_6_0_, character0_.character_character_name as characte2_6_0_ from characters character0_ where character0_.character_id=?
Hibernate: SELECT * FROM SCHEDULE WHERE (YEAR(SCHEDULE_STARTED_AT) = ? AND MONTH(SCHEDULE_STARTED_AT) = ?) OR (YEAR(SCHEDULE_FINISH_AT) = ? AND MONTH(SCHEDULE_FINISH_AT) = ?)
Hibernate: select user0_.user_id as user_id1_21_0_, user0_.character_id as characte7_21_0_, user0_.user_created_at as user_cre2_21_0_, user0_.user_name as user_nam3_21_0_, user0_.user_phone_number as user_pho4_21_0_, user0_.user_user_id as user_use5_21_0_, user0_.user_user_password as user_use6_21_0_ from user user0_ where user0_.user_id=?
Hibernate: select character0_.character_id as characte1_6_0_, character0_.character_character_name as characte2_6_0_ from characters character0_ where character0_.character_id=?
Hibernate: SELECT * FROM SCHEDULE WHERE (YEAR(SCHEDULE_STARTED_AT) = ? AND MONTH(SCHEDULE_STARTED_AT) = ?) OR (YEAR(SCHEDULE_FINISH_AT) = ? AND MONTH(SCHEDULE_FINISH_AT) = ?)
Hibernate: select user0_.user_id as user_id1_21_0_, user0_.character_id as characte7_21_0_, user0_.user_created_at as user_cre2_21_0_, user0_.user_name as user_nam3_21_0_, user0_.user_phone_number as user_pho4_21_0_, user0_.user_user_id as user_use5_21_0_, user0_.user_user_password as user_use6_21_0_ from user user0_ where user0_.user_id=?
Hibernate: select character0_.character_id as characte1_6_0_, character0_.character_character_name as characte2_6_0_ from characters character0_ where character0_.character_id=?
Hibernate: SELECT * FROM SCHEDULE WHERE (YEAR(SCHEDULE_STARTED_AT) = ? AND MONTH(SCHEDULE_STARTED_AT) = ?) OR (YEAR(SCHEDULE_FINISH_AT) = ? AND MONTH(SCHEDULE_FINISH_AT) = ?)
Hibernate: select user0_.user_id as user_id1_21_0_, user0_.character_id as characte7_21_0_, user0_.user_created_at as user_cre2_21_0_, user0_.user_name as user_nam3_21_0_, user0_.user_phone_number as user_pho4_21_0_, user0_.user_user_id as user_use5_21_0_, user0_.user_user_password as user_use6_21_0_ from user user0_ where user0_.user_id=?
Hibernate: select character0_.character_id as characte1_6_0_, character0_.character_character_name as characte2_6_0_ from characters character0_ where character0_.character_id=?
Hibernate: SELECT * FROM SCHEDULE WHERE (YEAR(SCHEDULE_STARTED_AT) = ? AND MONTH(SCHEDULE_STARTED_AT) = ?) OR (YEAR(SCHEDULE_FINISH_AT) = ? AND MONTH(SCHEDULE_FINISH_AT) = ?)
Hibernate: select user0_.user_id as user_id1_21_0_, user0_.character_id as characte7_21_0_, user0_.user_created_at as user_cre2_21_0_, user0_.user_name as user_nam3_21_0_, user0_.user_phone_number as user_pho4_21_0_, user0_.user_user_id as user_use5_21_0_, user0_.user_user_password as user_use6_21_0_ from user user0_ where user0_.user_id=?
Hibernate: select character0_.character_id as characte1_6_0_, character0_.character_character_name as characte2_6_0_ from characters character0_ where character0_.character_id=?
Hibernate: SELECT * FROM SCHEDULE WHERE (YEAR(SCHEDULE_STARTED_AT) = ? AND MONTH(SCHEDULE_STARTED_AT) = ?) OR (YEAR(SCHEDULE_FINISH_AT) = ? AND MONTH(SCHEDULE_FINISH_AT) = ?)
Hibernate: select user0_.user_id as user_id1_21_0_, user0_.character_id as characte7_21_0_, user0_.user_created_at as user_cre2_21_0_, user0_.user_name as user_nam3_21_0_, user0_.user_phone_number as user_pho4_21_0_, user0_.user_user_id as user_use5_21_0_, user0_.user_user_password as user_use6_21_0_ from user user0_ where user0_.user_id=?
Hibernate: select character0_.character_id as characte1_6_0_, character0_.character_character_name as characte2_6_0_ from characters character0_ where character0_.character_id=?
Hibernate: SELECT * FROM SCHEDULE WHERE (YEAR(SCHEDULE_STARTED_AT) = ? AND MONTH(SCHEDULE_STARTED_AT) = ?) OR (YEAR(SCHEDULE_FINISH_AT) = ? AND MONTH(SCHEDULE_FINISH_AT) = ?)
Hibernate: select user0_.user_id as user_id1_21_0_, user0_.character_id as characte7_21_0_, user0_.user_created_at as user_cre2_21_0_, user0_.user_name as user_nam3_21_0_, user0_.user_phone_number as user_pho4_21_0_, user0_.user_user_id as user_use5_21_0_, user0_.user_user_password as user_use6_21_0_ from user user0_ where user0_.user_id=?
Hibernate: select character0_.character_id as characte1_6_0_, character0_.character_character_name as characte2_6_0_ from characters character0_ where character0_.character_id=?
Hibernate: SELECT * FROM SCHEDULE WHERE (YEAR(SCHEDULE_STARTED_AT) = ? AND MONTH(SCHEDULE_STARTED_AT) = ?) OR (YEAR(SCHEDULE_FINISH_AT) = ? AND MONTH(SCHEDULE_FINISH_AT) = ?)
Hibernate: select user0_.user_id as user_id1_21_0_, user0_.character_id as characte7_21_0_, user0_.user_created_at as user_cre2_21_0_, user0_.user_name as user_nam3_21_0_, user0_.user_phone_number as user_pho4_21_0_, user0_.user_user_id as user_use5_21_0_, user0_.user_user_password as user_use6_21_0_ from user user0_ where user0_.user_id=?
Hibernate: select character0_.character_id as characte1_6_0_, character0_.character_character_name as characte2_6_0_ from characters character0_ where character0_.character_id=?
Hibernate: SELECT * FROM SCHEDULE WHERE (YEAR(SCHEDULE_STARTED_AT) = ? AND MONTH(SCHEDULE_STARTED_AT) = ?) OR (YEAR(SCHEDULE_FINISH_AT) = ? AND MONTH(SCHEDULE_FINISH_AT) = ?)
Hibernate: select user0_.user_id as user_id1_21_0_, user0_.character_id as characte7_21_0_, user0_.user_created_at as user_cre2_21_0_, user0_.user_name as user_nam3_21_0_, user0_.user_phone_number as user_pho4_21_0_, user0_.user_user_id as user_use5_21_0_, user0_.user_user_password as user_use6_21_0_ from user user0_ where user0_.user_id=?
Hibernate: select character0_.character_id as characte1_6_0_, character0_.character_character_name as characte2_6_0_ from characters character0_ where character0_.character_id=?
Hibernate: SELECT * FROM SCHEDULE WHERE (YEAR(SCHEDULE_STARTED_AT) = ? AND MONTH(SCHEDULE_STARTED_AT) = ?) OR (YEAR(SCHEDULE_FINISH_AT) = ? AND MONTH(SCHEDULE_FINISH_AT) = ?)
Hibernate: select user0_.user_id as user_id1_21_0_, user0_.character_id as characte7_21_0_, user0_.user_created_at as user_cre2_21_0_, user0_.user_name as user_nam3_21_0_, user0_.user_phone_number as user_pho4_21_0_, user0_.user_user_id as user_use5_21_0_, user0_.user_user_password as user_use6_21_0_ from user user0_ where user0_.user_id=?
Hibernate: select character0_.character_id as characte1_6_0_, character0_.character_character_name as characte2_6_0_ from characters character0_ where character0_.character_id=?
Hibernate: SELECT * FROM SCHEDULE WHERE (YEAR(SCHEDULE_STARTED_AT) = ? AND MONTH(SCHEDULE_STARTED_AT) = ?) OR (YEAR(SCHEDULE_FINISH_AT) = ? AND MONTH(SCHEDULE_FINISH_AT) = ?)
Hibernate: select user0_.user_id as user_id1_21_0_, user0_.character_id as characte7_21_0_, user0_.user_created_at as user_cre2_21_0_, user0_.user_name as user_nam3_21_0_, user0_.user_phone_number as user_pho4_21_0_, user0_.user_user_id as user_use5_21_0_, user0_.user_user_password as user_use6_21_0_ from user user0_ where user0_.user_id=?
Hibernate: select character0_.character_id as characte1_6_0_, character0_.character_character_name as characte2_6_0_ from characters character0_ where character0_.character_id=?
Hibernate: SELECT * FROM SCHEDULE WHERE (YEAR(SCHEDULE_STARTED_AT) = ? AND MONTH(SCHEDULE_STARTED_AT) = ?) OR (YEAR(SCHEDULE_FINISH_AT) = ? AND MONTH(SCHEDULE_FINISH_AT) = ?)
Hibernate: select user0_.user_id as col_0_0_ from user user0_ where user0_.user_user_id=? limit ?
Hibernate: select user0_.user_id as col_0_0_ from user user0_ where user0_.user_user_id=? limit ?
Hibernate: select U.* from USER U where U.USER_USER_ID =?
Hibernate: select character0_.character_id as characte1_6_0_, character0_.character_character_name as characte2_6_0_ from characters character0_ where character0_.character_id=?
Hibernate: select user0_.user_id as col_0_0_ from user user0_ where user0_.user_user_id=? limit ?
Hibernate: select user0_.user_id as col_0_0_ from user user0_ where user0_.user_user_id=? limit ?
Hibernate: select U.* from USER U where U.USER_USER_ID =?
Hibernate: select character0_.character_id as characte1_6_0_, character0_.character_character_name as characte2_6_0_ from characters character0_ where character0_.character_id=?
Hibernate: select user0_.user_id as user_id1_21_0_, user0_.character_id as characte7_21_0_, user0_.user_created_at as user_cre2_21_0_, user0_.user_name as user_nam3_21_0_, user0_.user_phone_number as user_pho4_21_0_, user0_.user_user_id as user_use5_21_0_, user0_.user_user_password as user_use6_21_0_ from user user0_ where user0_.user_id=?
Hibernate: select character0_.character_id as characte1_6_0_, character0_.character_character_name as characte2_6_0_ from characters character0_ where character0_.character_id=?
Hibernate: SELECT * FROM SCHEDULE WHERE (YEAR(SCHEDULE_STARTED_AT) = ? AND MONTH(SCHEDULE_STARTED_AT) = ?) OR (YEAR(SCHEDULE_FINISH_AT) = ? AND MONTH(SCHEDULE_FINISH_AT) = ?)
Hibernate: select user0_.user_id as user_id1_21_0_, user0_.character_id as characte7_21_0_, user0_.user_created_at as user_cre2_21_0_, user0_.user_name as user_nam3_21_0_, user0_.user_phone_number as user_pho4_21_0_, user0_.user_user_id as user_use5_21_0_, user0_.user_user_password as user_use6_21_0_ from user user0_ where user0_.user_id=?
Hibernate: select character0_.character_id as characte1_6_0_, character0_.character_character_name as characte2_6_0_ from characters character0_ where character0_.character_id=?
Hibernate: SELECT * FROM SCHEDULE WHERE (YEAR(SCHEDULE_STARTED_AT) = ? AND MONTH(SCHEDULE_STARTED_AT) = ?) OR (YEAR(SCHEDULE_FINISH_AT) = ? AND MONTH(SCHEDULE_FINISH_AT) = ?)
Hibernate: select user0_.user_id as user_id1_21_0_, user0_.character_id as characte7_21_0_, user0_.user_created_at as user_cre2_21_0_, user0_.user_name as user_nam3_21_0_, user0_.user_phone_number as user_pho4_21_0_, user0_.user_user_id as user_use5_21_0_, user0_.user_user_password as user_use6_21_0_ from user user0_ where user0_.user_id=?
Hibernate: select character0_.character_id as characte1_6_0_, character0_.character_character_name as characte2_6_0_ from characters character0_ where character0_.character_id=?
Hibernate: SELECT * FROM SCHEDULE WHERE (YEAR(SCHEDULE_STARTED_AT) = ? AND MONTH(SCHEDULE_STARTED_AT) = ?) OR (YEAR(SCHEDULE_FINISH_AT) = ? AND MONTH(SCHEDULE_FINISH_AT) = ?)
Hibernate: select user0_.user_id as user_id1_21_0_, user0_.character_id as characte7_21_0_, user0_.user_created_at as user_cre2_21_0_, user0_.user_name as user_nam3_21_0_, user0_.user_phone_number as user_pho4_21_0_, user0_.user_user_id as user_use5_21_0_, user0_.user_user_password as user_use6_21_0_ from user user0_ where user0_.user_id=?
Hibernate: select character0_.character_id as characte1_6_0_, character0_.character_character_name as characte2_6_0_ from characters character0_ where character0_.character_id=?
Hibernate: SELECT * FROM SCHEDULE WHERE (YEAR(SCHEDULE_STARTED_AT) = ? AND MONTH(SCHEDULE_STARTED_AT) = ?) OR (YEAR(SCHEDULE_FINISH_AT) = ? AND MONTH(SCHEDULE_FINISH_AT) = ?)
Hibernate: select user0_.user_id as user_id1_21_0_, user0_.character_id as characte7_21_0_, user0_.user_created_at as user_cre2_21_0_, user0_.user_name as user_nam3_21_0_, user0_.user_phone_number as user_pho4_21_0_, user0_.user_user_id as user_use5_21_0_, user0_.user_user_password as user_use6_21_0_ from user user0_ where user0_.user_id=?
Hibernate: select character0_.character_id as characte1_6_0_, character0_.character_character_name as characte2_6_0_ from characters character0_ where character0_.character_id=?
Hibernate: SELECT * FROM SCHEDULE WHERE (YEAR(SCHEDULE_STARTED_AT) = ? AND MONTH(SCHEDULE_STARTED_AT) = ?) OR (YEAR(SCHEDULE_FINISH_AT) = ? AND MONTH(SCHEDULE_FINISH_AT) = ?)
Hibernate: select user0_.user_id as user_id1_21_0_, user0_.character_id as characte7_21_0_, user0_.user_created_at as user_cre2_21_0_, user0_.user_name as user_nam3_21_0_, user0_.user_phone_number as user_pho4_21_0_, user0_.user_user_id as user_use5_21_0_, user0_.user_user_password as user_use6_21_0_ from user user0_ where user0_.user_id=?
Hibernate: select character0_.character_id as characte1_6_0_, character0_.character_character_name as characte2_6_0_ from characters character0_ where character0_.character_id=?
Hibernate: SELECT * FROM SCHEDULE WHERE (YEAR(SCHEDULE_STARTED_AT) = ? AND MONTH(SCHEDULE_STARTED_AT) = ?) OR (YEAR(SCHEDULE_FINISH_AT) = ? AND MONTH(SCHEDULE_FINISH_AT) = ?)
Hibernate: select user0_.user_id as user_id1_21_0_, user0_.character_id as characte7_21_0_, user0_.user_created_at as user_cre2_21_0_, user0_.user_name as user_nam3_21_0_, user0_.user_phone_number as user_pho4_21_0_, user0_.user_user_id as user_use5_21_0_, user0_.user_user_password as user_use6_21_0_ from user user0_ where user0_.user_id=?
Hibernate: select character0_.character_id as characte1_6_0_, character0_.character_character_name as characte2_6_0_ from characters character0_ where character0_.character_id=?
Hibernate: SELECT * FROM SCHEDULE WHERE (YEAR(SCHEDULE_STARTED_AT) = ? AND MONTH(SCHEDULE_STARTED_AT) = ?) OR (YEAR(SCHEDULE_FINISH_AT) = ? AND MONTH(SCHEDULE_FINISH_AT) = ?)
Hibernate: select user0_.user_id as user_id1_21_0_, user0_.character_id as characte7_21_0_, user0_.user_created_at as user_cre2_21_0_, user0_.user_name as user_nam3_21_0_, user0_.user_phone_number as user_pho4_21_0_, user0_.user_user_id as user_use5_21_0_, user0_.user_user_password as user_use6_21_0_ from user user0_ where user0_.user_id=?
Hibernate: select character0_.character_id as characte1_6_0_, character0_.character_character_name as characte2_6_0_ from characters character0_ where character0_.character_id=?
Hibernate: SELECT * FROM SCHEDULE WHERE (YEAR(SCHEDULE_STARTED_AT) = ? AND MONTH(SCHEDULE_STARTED_AT) = ?) OR (YEAR(SCHEDULE_FINISH_AT) = ? AND MONTH(SCHEDULE_FINISH_AT) = ?)
Hibernate: select user0_.user_id as user_id1_21_0_, user0_.character_id as characte7_21_0_, user0_.user_created_at as user_cre2_21_0_, user0_.user_name as user_nam3_21_0_, user0_.user_phone_number as user_pho4_21_0_, user0_.user_user_id as user_use5_21_0_, user0_.user_user_password as user_use6_21_0_ from user user0_ where user0_.user_id=?
Hibernate: select character0_.character_id as characte1_6_0_, character0_.character_character_name as characte2_6_0_ from characters character0_ where character0_.character_id=?
Hibernate: SELECT * FROM SCHEDULE WHERE (YEAR(SCHEDULE_STARTED_AT) = ? AND MONTH(SCHEDULE_STARTED_AT) = ?) OR (YEAR(SCHEDULE_FINISH_AT) = ? AND MONTH(SCHEDULE_FINISH_AT) = ?)
Hibernate: select user0_.user_id as user_id1_21_0_, user0_.character_id as characte7_21_0_, user0_.user_created_at as user_cre2_21_0_, user0_.user_name as user_nam3_21_0_, user0_.user_phone_number as user_pho4_21_0_, user0_.user_user_id as user_use5_21_0_, user0_.user_user_password as user_use6_21_0_ from user user0_ where user0_.user_id=?
Hibernate: select character0_.character_id as characte1_6_0_, character0_.character_character_name as characte2_6_0_ from characters character0_ where character0_.character_id=?
Hibernate: SELECT * FROM SCHEDULE WHERE (YEAR(SCHEDULE_STARTED_AT) = ? AND MONTH(SCHEDULE_STARTED_AT) = ?) OR (YEAR(SCHEDULE_FINISH_AT) = ? AND MONTH(SCHEDULE_FINISH_AT) = ?)
Hibernate: select user0_.user_id as user_id1_21_0_, user0_.character_id as characte7_21_0_, user0_.user_created_at as user_cre2_21_0_, user0_.user_name as user_nam3_21_0_, user0_.user_phone_number as user_pho4_21_0_, user0_.user_user_id as user_use5_21_0_, user0_.user_user_password as user_use6_21_0_ from user user0_ where user0_.user_id=?
Hibernate: select character0_.character_id as characte1_6_0_, character0_.character_character_name as characte2_6_0_ from characters character0_ where character0_.character_id=?
Hibernate: SELECT * FROM SCHEDULE WHERE (YEAR(SCHEDULE_STARTED_AT) = ? AND MONTH(SCHEDULE_STARTED_AT) = ?) OR (YEAR(SCHEDULE_FINISH_AT) = ? AND MONTH(SCHEDULE_FINISH_AT) = ?)
Hibernate: select user0_.user_id as user_id1_21_0_, user0_.character_id as characte7_21_0_, user0_.user_created_at as user_cre2_21_0_, user0_.user_name as user_nam3_21_0_, user0_.user_phone_number as user_pho4_21_0_, user0_.user_user_id as user_use5_21_0_, user0_.user_user_password as user_use6_21_0_ from user user0_ where user0_.user_id=?
Hibernate: select character0_.character_id as characte1_6_0_, character0_.character_character_name as characte2_6_0_ from characters character0_ where character0_.character_id=?
Hibernate: SELECT * FROM SCHEDULE WHERE (YEAR(SCHEDULE_STARTED_AT) = ? AND MONTH(SCHEDULE_STARTED_AT) = ?) OR (YEAR(SCHEDULE_FINISH_AT) = ? AND MONTH(SCHEDULE_FINISH_AT) = ?)
Hibernate: select user0_.user_id as col_0_0_ from user user0_ where user0_.user_user_id=? limit ?
Hibernate: select user0_.user_id as col_0_0_ from user user0_ where user0_.user_user_id=? limit ?
Hibernate: select U.* from USER U where U.USER_USER_ID =?
Hibernate: select character0_.character_id as characte1_6_0_, character0_.character_character_name as characte2_6_0_ from characters character0_ where character0_.character_id=?
Hibernate: select user0_.user_id as col_0_0_ from user user0_ where user0_.user_user_id=? limit ?
Hibernate: select user0_.user_id as col_0_0_ from user user0_ where user0_.user_user_id=? limit ?
Hibernate: select U.* from USER U where U.USER_USER_ID =?
Hibernate: select character0_.character_id as characte1_6_0_, character0_.character_character_name as characte2_6_0_ from characters character0_ where character0_.character_id=?

MockHttpServletRequest:
      HTTP Method = POST
      Request URI = /schedule
       Parameters = {}
          Headers = [Content-Type:"application/json;charset=UTF-8", Accept:"application/json", Api-version:"1.0", Authorization:"Bearer eyJhbGciOiJIUzI1NiJ9.eyJzdWIiOiIxIiwiaWF0IjoxNjg3ODc3NDY4LCJleHAiOjE2ODc4ODEwNjh9.L4tO6_dDAW_EBZT75Jfu2R72X2bmpa30eKXBNOnKWzQ", Content-Length:"170"]
             Body = {"schedule_title":"","schedule_content":"BFS","started_at":"2023-01-24T20:52","finish_at":"2023-01-31T23:59","repeat":{"cycle":123,"repeat_finish_at":"2023-12-31T23:59"}}
    Session Attrs = {}

Handler:
             Type = org.waldreg.controller.schedule.ScheduleController
           Method = org.waldreg.controller.schedule.ScheduleController#createSchedule(ScheduleRequest)

Async:
    Async started = false
     Async result = null

Resolved Exception:
             Type = org.springframework.web.bind.MethodArgumentNotValidException

ModelAndView:
        View name = null
             View = null
            Model = null

FlashMap:
       Attributes = null

MockHttpServletResponse:
           Status = 400
    Error message = null
          Headers = [Vary:"Origin", "Access-Control-Request-Method", "Access-Control-Request-Headers", Api-version:"1.0", Content-Type:"application/json"]
     Content type = application/json
             Body = {"code":"SCHEDULE-407","messages":"Schedule title cannot be blank","document_url":"docs.waldreg.org"}
    Forwarded URL = null
   Redirected URL = null
          Cookies = []
Hibernate: select user0_.user_id as col_0_0_ from user user0_ where user0_.user_user_id=? limit ?
Hibernate: select user0_.user_id as col_0_0_ from user user0_ where user0_.user_user_id=? limit ?
Hibernate: select U.* from USER U where U.USER_USER_ID =?
Hibernate: select character0_.character_id as characte1_6_0_, character0_.character_character_name as characte2_6_0_ from characters character0_ where character0_.character_id=?
Hibernate: select user0_.user_id as user_id1_21_0_, user0_.character_id as characte7_21_0_, user0_.user_created_at as user_cre2_21_0_, user0_.user_name as user_nam3_21_0_, user0_.user_phone_number as user_pho4_21_0_, user0_.user_user_id as user_use5_21_0_, user0_.user_user_password as user_use6_21_0_ from user user0_ where user0_.user_id=?
Hibernate: select character0_.character_id as characte1_6_0_, character0_.character_character_name as characte2_6_0_ from characters character0_ where character0_.character_id=?
Hibernate: SELECT * FROM SCHEDULE WHERE (YEAR(SCHEDULE_STARTED_AT) = ? AND MONTH(SCHEDULE_STARTED_AT) = ?) OR (YEAR(SCHEDULE_FINISH_AT) = ? AND MONTH(SCHEDULE_FINISH_AT) = ?)
Hibernate: select user0_.user_id as user_id1_21_0_, user0_.character_id as characte7_21_0_, user0_.user_created_at as user_cre2_21_0_, user0_.user_name as user_nam3_21_0_, user0_.user_phone_number as user_pho4_21_0_, user0_.user_user_id as user_use5_21_0_, user0_.user_user_password as user_use6_21_0_ from user user0_ where user0_.user_id=?
Hibernate: select character0_.character_id as characte1_6_0_, character0_.character_character_name as characte2_6_0_ from characters character0_ where character0_.character_id=?
Hibernate: SELECT * FROM SCHEDULE WHERE (YEAR(SCHEDULE_STARTED_AT) = ? AND MONTH(SCHEDULE_STARTED_AT) = ?) OR (YEAR(SCHEDULE_FINISH_AT) = ? AND MONTH(SCHEDULE_FINISH_AT) = ?)
Hibernate: select user0_.user_id as user_id1_21_0_, user0_.character_id as characte7_21_0_, user0_.user_created_at as user_cre2_21_0_, user0_.user_name as user_nam3_21_0_, user0_.user_phone_number as user_pho4_21_0_, user0_.user_user_id as user_use5_21_0_, user0_.user_user_password as user_use6_21_0_ from user user0_ where user0_.user_id=?
Hibernate: select character0_.character_id as characte1_6_0_, character0_.character_character_name as characte2_6_0_ from characters character0_ where character0_.character_id=?
Hibernate: SELECT * FROM SCHEDULE WHERE (YEAR(SCHEDULE_STARTED_AT) = ? AND MONTH(SCHEDULE_STARTED_AT) = ?) OR (YEAR(SCHEDULE_FINISH_AT) = ? AND MONTH(SCHEDULE_FINISH_AT) = ?)
Hibernate: select user0_.user_id as user_id1_21_0_, user0_.character_id as characte7_21_0_, user0_.user_created_at as user_cre2_21_0_, user0_.user_name as user_nam3_21_0_, user0_.user_phone_number as user_pho4_21_0_, user0_.user_user_id as user_use5_21_0_, user0_.user_user_password as user_use6_21_0_ from user user0_ where user0_.user_id=?
Hibernate: select character0_.character_id as characte1_6_0_, character0_.character_character_name as characte2_6_0_ from characters character0_ where character0_.character_id=?
Hibernate: SELECT * FROM SCHEDULE WHERE (YEAR(SCHEDULE_STARTED_AT) = ? AND MONTH(SCHEDULE_STARTED_AT) = ?) OR (YEAR(SCHEDULE_FINISH_AT) = ? AND MONTH(SCHEDULE_FINISH_AT) = ?)
Hibernate: select user0_.user_id as user_id1_21_0_, user0_.character_id as characte7_21_0_, user0_.user_created_at as user_cre2_21_0_, user0_.user_name as user_nam3_21_0_, user0_.user_phone_number as user_pho4_21_0_, user0_.user_user_id as user_use5_21_0_, user0_.user_user_password as user_use6_21_0_ from user user0_ where user0_.user_id=?
Hibernate: select character0_.character_id as characte1_6_0_, character0_.character_character_name as characte2_6_0_ from characters character0_ where character0_.character_id=?
Hibernate: SELECT * FROM SCHEDULE WHERE (YEAR(SCHEDULE_STARTED_AT) = ? AND MONTH(SCHEDULE_STARTED_AT) = ?) OR (YEAR(SCHEDULE_FINISH_AT) = ? AND MONTH(SCHEDULE_FINISH_AT) = ?)
Hibernate: select user0_.user_id as user_id1_21_0_, user0_.character_id as characte7_21_0_, user0_.user_created_at as user_cre2_21_0_, user0_.user_name as user_nam3_21_0_, user0_.user_phone_number as user_pho4_21_0_, user0_.user_user_id as user_use5_21_0_, user0_.user_user_password as user_use6_21_0_ from user user0_ where user0_.user_id=?
Hibernate: select character0_.character_id as characte1_6_0_, character0_.character_character_name as characte2_6_0_ from characters character0_ where character0_.character_id=?
Hibernate: SELECT * FROM SCHEDULE WHERE (YEAR(SCHEDULE_STARTED_AT) = ? AND MONTH(SCHEDULE_STARTED_AT) = ?) OR (YEAR(SCHEDULE_FINISH_AT) = ? AND MONTH(SCHEDULE_FINISH_AT) = ?)
Hibernate: select user0_.user_id as user_id1_21_0_, user0_.character_id as characte7_21_0_, user0_.user_created_at as user_cre2_21_0_, user0_.user_name as user_nam3_21_0_, user0_.user_phone_number as user_pho4_21_0_, user0_.user_user_id as user_use5_21_0_, user0_.user_user_password as user_use6_21_0_ from user user0_ where user0_.user_id=?
Hibernate: select character0_.character_id as characte1_6_0_, character0_.character_character_name as characte2_6_0_ from characters character0_ where character0_.character_id=?
Hibernate: SELECT * FROM SCHEDULE WHERE (YEAR(SCHEDULE_STARTED_AT) = ? AND MONTH(SCHEDULE_STARTED_AT) = ?) OR (YEAR(SCHEDULE_FINISH_AT) = ? AND MONTH(SCHEDULE_FINISH_AT) = ?)
Hibernate: select user0_.user_id as user_id1_21_0_, user0_.character_id as characte7_21_0_, user0_.user_created_at as user_cre2_21_0_, user0_.user_name as user_nam3_21_0_, user0_.user_phone_number as user_pho4_21_0_, user0_.user_user_id as user_use5_21_0_, user0_.user_user_password as user_use6_21_0_ from user user0_ where user0_.user_id=?
Hibernate: select character0_.character_id as characte1_6_0_, character0_.character_character_name as characte2_6_0_ from characters character0_ where character0_.character_id=?
Hibernate: SELECT * FROM SCHEDULE WHERE (YEAR(SCHEDULE_STARTED_AT) = ? AND MONTH(SCHEDULE_STARTED_AT) = ?) OR (YEAR(SCHEDULE_FINISH_AT) = ? AND MONTH(SCHEDULE_FINISH_AT) = ?)
Hibernate: select user0_.user_id as user_id1_21_0_, user0_.character_id as characte7_21_0_, user0_.user_created_at as user_cre2_21_0_, user0_.user_name as user_nam3_21_0_, user0_.user_phone_number as user_pho4_21_0_, user0_.user_user_id as user_use5_21_0_, user0_.user_user_password as user_use6_21_0_ from user user0_ where user0_.user_id=?
Hibernate: select character0_.character_id as characte1_6_0_, character0_.character_character_name as characte2_6_0_ from characters character0_ where character0_.character_id=?
Hibernate: SELECT * FROM SCHEDULE WHERE (YEAR(SCHEDULE_STARTED_AT) = ? AND MONTH(SCHEDULE_STARTED_AT) = ?) OR (YEAR(SCHEDULE_FINISH_AT) = ? AND MONTH(SCHEDULE_FINISH_AT) = ?)
Hibernate: select user0_.user_id as user_id1_21_0_, user0_.character_id as characte7_21_0_, user0_.user_created_at as user_cre2_21_0_, user0_.user_name as user_nam3_21_0_, user0_.user_phone_number as user_pho4_21_0_, user0_.user_user_id as user_use5_21_0_, user0_.user_user_password as user_use6_21_0_ from user user0_ where user0_.user_id=?
Hibernate: select character0_.character_id as characte1_6_0_, character0_.character_character_name as characte2_6_0_ from characters character0_ where character0_.character_id=?
Hibernate: SELECT * FROM SCHEDULE WHERE (YEAR(SCHEDULE_STARTED_AT) = ? AND MONTH(SCHEDULE_STARTED_AT) = ?) OR (YEAR(SCHEDULE_FINISH_AT) = ? AND MONTH(SCHEDULE_FINISH_AT) = ?)
Hibernate: select user0_.user_id as user_id1_21_0_, user0_.character_id as characte7_21_0_, user0_.user_created_at as user_cre2_21_0_, user0_.user_name as user_nam3_21_0_, user0_.user_phone_number as user_pho4_21_0_, user0_.user_user_id as user_use5_21_0_, user0_.user_user_password as user_use6_21_0_ from user user0_ where user0_.user_id=?
Hibernate: select character0_.character_id as characte1_6_0_, character0_.character_character_name as characte2_6_0_ from characters character0_ where character0_.character_id=?
Hibernate: SELECT * FROM SCHEDULE WHERE (YEAR(SCHEDULE_STARTED_AT) = ? AND MONTH(SCHEDULE_STARTED_AT) = ?) OR (YEAR(SCHEDULE_FINISH_AT) = ? AND MONTH(SCHEDULE_FINISH_AT) = ?)
Hibernate: select user0_.user_id as user_id1_21_0_, user0_.character_id as characte7_21_0_, user0_.user_created_at as user_cre2_21_0_, user0_.user_name as user_nam3_21_0_, user0_.user_phone_number as user_pho4_21_0_, user0_.user_user_id as user_use5_21_0_, user0_.user_user_password as user_use6_21_0_ from user user0_ where user0_.user_id=?
Hibernate: select character0_.character_id as characte1_6_0_, character0_.character_character_name as characte2_6_0_ from characters character0_ where character0_.character_id=?
Hibernate: SELECT * FROM SCHEDULE WHERE (YEAR(SCHEDULE_STARTED_AT) = ? AND MONTH(SCHEDULE_STARTED_AT) = ?) OR (YEAR(SCHEDULE_FINISH_AT) = ? AND MONTH(SCHEDULE_FINISH_AT) = ?)
Hibernate: select user0_.user_id as col_0_0_ from user user0_ where user0_.user_user_id=? limit ?
Hibernate: select user0_.user_id as col_0_0_ from user user0_ where user0_.user_user_id=? limit ?
Hibernate: select U.* from USER U where U.USER_USER_ID =?
Hibernate: select character0_.character_id as characte1_6_0_, character0_.character_character_name as characte2_6_0_ from characters character0_ where character0_.character_id=?
Hibernate: select user0_.user_id as col_0_0_ from user user0_ where user0_.user_user_id=? limit ?
Hibernate: select user0_.user_id as col_0_0_ from user user0_ where user0_.user_user_id=? limit ?
Hibernate: select U.* from USER U where U.USER_USER_ID =?
Hibernate: select character0_.character_id as characte1_6_0_, character0_.character_character_name as characte2_6_0_ from characters character0_ where character0_.character_id=?
Hibernate: select user0_.user_id as user_id1_21_0_, user0_.character_id as characte7_21_0_, user0_.user_created_at as user_cre2_21_0_, user0_.user_name as user_nam3_21_0_, user0_.user_phone_number as user_pho4_21_0_, user0_.user_user_id as user_use5_21_0_, user0_.user_user_password as user_use6_21_0_ from user user0_ where user0_.user_id=?
Hibernate: select character0_.character_id as characte1_6_0_, character0_.character_character_name as characte2_6_0_ from characters character0_ where character0_.character_id=?
Hibernate: SELECT * FROM SCHEDULE WHERE (YEAR(SCHEDULE_STARTED_AT) = ? AND MONTH(SCHEDULE_STARTED_AT) = ?) OR (YEAR(SCHEDULE_FINISH_AT) = ? AND MONTH(SCHEDULE_FINISH_AT) = ?)
Hibernate: select user0_.user_id as user_id1_21_0_, user0_.character_id as characte7_21_0_, user0_.user_created_at as user_cre2_21_0_, user0_.user_name as user_nam3_21_0_, user0_.user_phone_number as user_pho4_21_0_, user0_.user_user_id as user_use5_21_0_, user0_.user_user_password as user_use6_21_0_ from user user0_ where user0_.user_id=?
Hibernate: select character0_.character_id as characte1_6_0_, character0_.character_character_name as characte2_6_0_ from characters character0_ where character0_.character_id=?
Hibernate: SELECT * FROM SCHEDULE WHERE (YEAR(SCHEDULE_STARTED_AT) = ? AND MONTH(SCHEDULE_STARTED_AT) = ?) OR (YEAR(SCHEDULE_FINISH_AT) = ? AND MONTH(SCHEDULE_FINISH_AT) = ?)
Hibernate: select user0_.user_id as user_id1_21_0_, user0_.character_id as characte7_21_0_, user0_.user_created_at as user_cre2_21_0_, user0_.user_name as user_nam3_21_0_, user0_.user_phone_number as user_pho4_21_0_, user0_.user_user_id as user_use5_21_0_, user0_.user_user_password as user_use6_21_0_ from user user0_ where user0_.user_id=?
Hibernate: select character0_.character_id as characte1_6_0_, character0_.character_character_name as characte2_6_0_ from characters character0_ where character0_.character_id=?
Hibernate: SELECT * FROM SCHEDULE WHERE (YEAR(SCHEDULE_STARTED_AT) = ? AND MONTH(SCHEDULE_STARTED_AT) = ?) OR (YEAR(SCHEDULE_FINISH_AT) = ? AND MONTH(SCHEDULE_FINISH_AT) = ?)
Hibernate: select user0_.user_id as user_id1_21_0_, user0_.character_id as characte7_21_0_, user0_.user_created_at as user_cre2_21_0_, user0_.user_name as user_nam3_21_0_, user0_.user_phone_number as user_pho4_21_0_, user0_.user_user_id as user_use5_21_0_, user0_.user_user_password as user_use6_21_0_ from user user0_ where user0_.user_id=?
Hibernate: select character0_.character_id as characte1_6_0_, character0_.character_character_name as characte2_6_0_ from characters character0_ where character0_.character_id=?
Hibernate: SELECT * FROM SCHEDULE WHERE (YEAR(SCHEDULE_STARTED_AT) = ? AND MONTH(SCHEDULE_STARTED_AT) = ?) OR (YEAR(SCHEDULE_FINISH_AT) = ? AND MONTH(SCHEDULE_FINISH_AT) = ?)
Hibernate: select user0_.user_id as user_id1_21_0_, user0_.character_id as characte7_21_0_, user0_.user_created_at as user_cre2_21_0_, user0_.user_name as user_nam3_21_0_, user0_.user_phone_number as user_pho4_21_0_, user0_.user_user_id as user_use5_21_0_, user0_.user_user_password as user_use6_21_0_ from user user0_ where user0_.user_id=?
Hibernate: select character0_.character_id as characte1_6_0_, character0_.character_character_name as characte2_6_0_ from characters character0_ where character0_.character_id=?
Hibernate: SELECT * FROM SCHEDULE WHERE (YEAR(SCHEDULE_STARTED_AT) = ? AND MONTH(SCHEDULE_STARTED_AT) = ?) OR (YEAR(SCHEDULE_FINISH_AT) = ? AND MONTH(SCHEDULE_FINISH_AT) = ?)
Hibernate: select user0_.user_id as user_id1_21_0_, user0_.character_id as characte7_21_0_, user0_.user_created_at as user_cre2_21_0_, user0_.user_name as user_nam3_21_0_, user0_.user_phone_number as user_pho4_21_0_, user0_.user_user_id as user_use5_21_0_, user0_.user_user_password as user_use6_21_0_ from user user0_ where user0_.user_id=?
Hibernate: select character0_.character_id as characte1_6_0_, character0_.character_character_name as characte2_6_0_ from characters character0_ where character0_.character_id=?
Hibernate: SELECT * FROM SCHEDULE WHERE (YEAR(SCHEDULE_STARTED_AT) = ? AND MONTH(SCHEDULE_STARTED_AT) = ?) OR (YEAR(SCHEDULE_FINISH_AT) = ? AND MONTH(SCHEDULE_FINISH_AT) = ?)
Hibernate: select user0_.user_id as user_id1_21_0_, user0_.character_id as characte7_21_0_, user0_.user_created_at as user_cre2_21_0_, user0_.user_name as user_nam3_21_0_, user0_.user_phone_number as user_pho4_21_0_, user0_.user_user_id as user_use5_21_0_, user0_.user_user_password as user_use6_21_0_ from user user0_ where user0_.user_id=?
Hibernate: select character0_.character_id as characte1_6_0_, character0_.character_character_name as characte2_6_0_ from characters character0_ where character0_.character_id=?
Hibernate: SELECT * FROM SCHEDULE WHERE (YEAR(SCHEDULE_STARTED_AT) = ? AND MONTH(SCHEDULE_STARTED_AT) = ?) OR (YEAR(SCHEDULE_FINISH_AT) = ? AND MONTH(SCHEDULE_FINISH_AT) = ?)
Hibernate: select user0_.user_id as user_id1_21_0_, user0_.character_id as characte7_21_0_, user0_.user_created_at as user_cre2_21_0_, user0_.user_name as user_nam3_21_0_, user0_.user_phone_number as user_pho4_21_0_, user0_.user_user_id as user_use5_21_0_, user0_.user_user_password as user_use6_21_0_ from user user0_ where user0_.user_id=?
Hibernate: select character0_.character_id as characte1_6_0_, character0_.character_character_name as characte2_6_0_ from characters character0_ where character0_.character_id=?
Hibernate: SELECT * FROM SCHEDULE WHERE (YEAR(SCHEDULE_STARTED_AT) = ? AND MONTH(SCHEDULE_STARTED_AT) = ?) OR (YEAR(SCHEDULE_FINISH_AT) = ? AND MONTH(SCHEDULE_FINISH_AT) = ?)
Hibernate: select user0_.user_id as user_id1_21_0_, user0_.character_id as characte7_21_0_, user0_.user_created_at as user_cre2_21_0_, user0_.user_name as user_nam3_21_0_, user0_.user_phone_number as user_pho4_21_0_, user0_.user_user_id as user_use5_21_0_, user0_.user_user_password as user_use6_21_0_ from user user0_ where user0_.user_id=?
Hibernate: select character0_.character_id as characte1_6_0_, character0_.character_character_name as characte2_6_0_ from characters character0_ where character0_.character_id=?
Hibernate: SELECT * FROM SCHEDULE WHERE (YEAR(SCHEDULE_STARTED_AT) = ? AND MONTH(SCHEDULE_STARTED_AT) = ?) OR (YEAR(SCHEDULE_FINISH_AT) = ? AND MONTH(SCHEDULE_FINISH_AT) = ?)
Hibernate: select user0_.user_id as user_id1_21_0_, user0_.character_id as characte7_21_0_, user0_.user_created_at as user_cre2_21_0_, user0_.user_name as user_nam3_21_0_, user0_.user_phone_number as user_pho4_21_0_, user0_.user_user_id as user_use5_21_0_, user0_.user_user_password as user_use6_21_0_ from user user0_ where user0_.user_id=?
Hibernate: select character0_.character_id as characte1_6_0_, character0_.character_character_name as characte2_6_0_ from characters character0_ where character0_.character_id=?
Hibernate: SELECT * FROM SCHEDULE WHERE (YEAR(SCHEDULE_STARTED_AT) = ? AND MONTH(SCHEDULE_STARTED_AT) = ?) OR (YEAR(SCHEDULE_FINISH_AT) = ? AND MONTH(SCHEDULE_FINISH_AT) = ?)
Hibernate: select user0_.user_id as user_id1_21_0_, user0_.character_id as characte7_21_0_, user0_.user_created_at as user_cre2_21_0_, user0_.user_name as user_nam3_21_0_, user0_.user_phone_number as user_pho4_21_0_, user0_.user_user_id as user_use5_21_0_, user0_.user_user_password as user_use6_21_0_ from user user0_ where user0_.user_id=?
Hibernate: select character0_.character_id as characte1_6_0_, character0_.character_character_name as characte2_6_0_ from characters character0_ where character0_.character_id=?
Hibernate: SELECT * FROM SCHEDULE WHERE (YEAR(SCHEDULE_STARTED_AT) = ? AND MONTH(SCHEDULE_STARTED_AT) = ?) OR (YEAR(SCHEDULE_FINISH_AT) = ? AND MONTH(SCHEDULE_FINISH_AT) = ?)
Hibernate: select user0_.user_id as user_id1_21_0_, user0_.character_id as characte7_21_0_, user0_.user_created_at as user_cre2_21_0_, user0_.user_name as user_nam3_21_0_, user0_.user_phone_number as user_pho4_21_0_, user0_.user_user_id as user_use5_21_0_, user0_.user_user_password as user_use6_21_0_ from user user0_ where user0_.user_id=?
Hibernate: select character0_.character_id as characte1_6_0_, character0_.character_character_name as characte2_6_0_ from characters character0_ where character0_.character_id=?
Hibernate: SELECT * FROM SCHEDULE WHERE (YEAR(SCHEDULE_STARTED_AT) = ? AND MONTH(SCHEDULE_STARTED_AT) = ?) OR (YEAR(SCHEDULE_FINISH_AT) = ? AND MONTH(SCHEDULE_FINISH_AT) = ?)
Hibernate: select user0_.user_id as col_0_0_ from user user0_ where user0_.user_user_id=? limit ?
Hibernate: select user0_.user_id as col_0_0_ from user user0_ where user0_.user_user_id=? limit ?
Hibernate: select U.* from USER U where U.USER_USER_ID =?
Hibernate: select character0_.character_id as characte1_6_0_, character0_.character_character_name as characte2_6_0_ from characters character0_ where character0_.character_id=?
Hibernate: select user0_.user_id as col_0_0_ from user user0_ where user0_.user_user_id=? limit ?
Hibernate: select user0_.user_id as col_0_0_ from user user0_ where user0_.user_user_id=? limit ?
Hibernate: select U.* from USER U where U.USER_USER_ID =?
Hibernate: select character0_.character_id as characte1_6_0_, character0_.character_character_name as characte2_6_0_ from characters character0_ where character0_.character_id=?
Hibernate: select user0_.user_id as user_id1_21_0_, user0_.character_id as characte7_21_0_, user0_.user_created_at as user_cre2_21_0_, user0_.user_name as user_nam3_21_0_, user0_.user_phone_number as user_pho4_21_0_, user0_.user_user_id as user_use5_21_0_, user0_.user_user_password as user_use6_21_0_ from user user0_ where user0_.user_id=?
Hibernate: select character0_.character_id as characte1_6_0_, character0_.character_character_name as characte2_6_0_ from characters character0_ where character0_.character_id=?
Hibernate: select count(*) as col_0_0_ from user user0_ where user0_.user_id=?
Hibernate: select character1_.character_id as characte1_6_, character1_.character_character_name as characte2_6_ from user user0_ inner join characters character1_ on user0_.character_id=character1_.character_id where user0_.user_id=?
Hibernate: select permission0_.character_id as characte6_12_0_, permission0_.permission_id as permissi1_12_0_, permission0_.permission_id as permissi1_12_1_, permission0_.character_id as characte6_12_1_, permission0_.permission_name as permissi2_12_1_, permission0_.permission_permission_unit_id as permissi3_12_1_, permission0_.permission_service as permissi4_12_1_, permission0_.permission_status as permissi5_12_1_ from permission permission0_ where permission0_.character_id=?
Hibernate: select schedule0_.schedule_id as schedule1_17_0_, schedule0_.schedule_finish_at as schedule2_17_0_, schedule0_.schedule_content as schedule3_17_0_, schedule0_.schedule_repeat_cycle as schedule4_17_0_, schedule0_.schedule_repeat_repeat_finish_at as schedule5_17_0_, schedule0_.schedule_title as schedule6_17_0_, schedule0_.schedule_started_at as schedule7_17_0_ from schedule schedule0_ where schedule0_.schedule_id=?
Hibernate: insert into schedule (schedule_id, schedule_finish_at, schedule_content, schedule_repeat_cycle, schedule_repeat_repeat_finish_at, schedule_title, schedule_started_at) values (default, ?, ?, ?, ?, ?, ?)
Hibernate: select user0_.user_id as user_id1_21_0_, user0_.character_id as characte7_21_0_, user0_.user_created_at as user_cre2_21_0_, user0_.user_name as user_nam3_21_0_, user0_.user_phone_number as user_pho4_21_0_, user0_.user_user_id as user_use5_21_0_, user0_.user_user_password as user_use6_21_0_ from user user0_ where user0_.user_id=?
Hibernate: select character0_.character_id as characte1_6_0_, character0_.character_character_name as characte2_6_0_ from characters character0_ where character0_.character_id=?
Hibernate: SELECT * FROM SCHEDULE WHERE (YEAR(SCHEDULE_STARTED_AT) = ? AND MONTH(SCHEDULE_STARTED_AT) = ?) OR (YEAR(SCHEDULE_FINISH_AT) = ? AND MONTH(SCHEDULE_FINISH_AT) = ?)
Hibernate: select user0_.user_id as user_id1_21_0_, user0_.character_id as characte7_21_0_, user0_.user_created_at as user_cre2_21_0_, user0_.user_name as user_nam3_21_0_, user0_.user_phone_number as user_pho4_21_0_, user0_.user_user_id as user_use5_21_0_, user0_.user_user_password as user_use6_21_0_ from user user0_ where user0_.user_id=?
Hibernate: select character0_.character_id as characte1_6_0_, character0_.character_character_name as characte2_6_0_ from characters character0_ where character0_.character_id=?
Hibernate: select count(*) as col_0_0_ from user user0_ where user0_.user_id=?
Hibernate: select character1_.character_id as characte1_6_, character1_.character_character_name as characte2_6_ from user user0_ inner join characters character1_ on user0_.character_id=character1_.character_id where user0_.user_id=?
Hibernate: select permission0_.character_id as characte6_12_0_, permission0_.permission_id as permissi1_12_0_, permission0_.permission_id as permissi1_12_1_, permission0_.character_id as characte6_12_1_, permission0_.permission_name as permissi2_12_1_, permission0_.permission_permission_unit_id as permissi3_12_1_, permission0_.permission_service as permissi4_12_1_, permission0_.permission_status as permissi5_12_1_ from permission permission0_ where permission0_.character_id=?
Hibernate: select count(*) as col_0_0_ from schedule schedule0_ where schedule0_.schedule_id=?
Hibernate: select schedule0_.schedule_id as schedule1_17_0_, schedule0_.schedule_finish_at as schedule2_17_0_, schedule0_.schedule_content as schedule3_17_0_, schedule0_.schedule_repeat_cycle as schedule4_17_0_, schedule0_.schedule_repeat_repeat_finish_at as schedule5_17_0_, schedule0_.schedule_title as schedule6_17_0_, schedule0_.schedule_started_at as schedule7_17_0_ from schedule schedule0_ where schedule0_.schedule_id=?
Hibernate: update schedule set schedule_finish_at=?, schedule_content=?, schedule_repeat_cycle=?, schedule_repeat_repeat_finish_at=?, schedule_title=?, schedule_started_at=? where schedule_id=?

MockHttpServletRequest:
      HTTP Method = PUT
      Request URI = /schedule/22
       Parameters = {}
          Headers = [Content-Type:"application/json;charset=UTF-8", Accept:"application/json", Api-version:"1.0", Authorization:"Bearer eyJhbGciOiJIUzI1NiJ9.eyJzdWIiOiIxIiwiaWF0IjoxNjg3ODc3NDY4LCJleHAiOjE2ODc4ODEwNjh9.L4tO6_dDAW_EBZT75Jfu2R72X2bmpa30eKXBNOnKWzQ", Content-Length:"175"]
             Body = {"schedule_title":"seminar","schedule_content":"DFS","started_at":"2023-01-24T20:52","finish_at":"2023-01-31T23:59","repeat":{"cycle":7,"repeat_finish_at":"2023-12-31T23:59"}}
    Session Attrs = {}

Handler:
             Type = org.waldreg.controller.schedule.ScheduleController
           Method = org.waldreg.controller.schedule.ScheduleController#updateSchedule(int, ScheduleRequest)

Async:
    Async started = false
     Async result = null

Resolved Exception:
             Type = null

ModelAndView:
        View name = null
             View = null
            Model = null

FlashMap:
       Attributes = null

MockHttpServletResponse:
           Status = 200
    Error message = null
          Headers = [Vary:"Origin", "Access-Control-Request-Method", "Access-Control-Request-Headers", Api-version:"1.0"]
     Content type = null
             Body = 
    Forwarded URL = null
   Redirected URL = null
          Cookies = []
Hibernate: select user0_.user_id as col_0_0_ from user user0_ where user0_.user_user_id=? limit ?
Hibernate: select user0_.user_id as col_0_0_ from user user0_ where user0_.user_user_id=? limit ?
Hibernate: select U.* from USER U where U.USER_USER_ID =?
Hibernate: select character0_.character_id as characte1_6_0_, character0_.character_character_name as characte2_6_0_ from characters character0_ where character0_.character_id=?
Hibernate: select user0_.user_id as user_id1_21_0_, user0_.character_id as characte7_21_0_, user0_.user_created_at as user_cre2_21_0_, user0_.user_name as user_nam3_21_0_, user0_.user_phone_number as user_pho4_21_0_, user0_.user_user_id as user_use5_21_0_, user0_.user_user_password as user_use6_21_0_ from user user0_ where user0_.user_id=?
Hibernate: select character0_.character_id as characte1_6_0_, character0_.character_character_name as characte2_6_0_ from characters character0_ where character0_.character_id=?
Hibernate: SELECT * FROM SCHEDULE WHERE (YEAR(SCHEDULE_STARTED_AT) = ? AND MONTH(SCHEDULE_STARTED_AT) = ?) OR (YEAR(SCHEDULE_FINISH_AT) = ? AND MONTH(SCHEDULE_FINISH_AT) = ?)
Hibernate: select user0_.user_id as user_id1_21_0_, user0_.character_id as characte7_21_0_, user0_.user_created_at as user_cre2_21_0_, user0_.user_name as user_nam3_21_0_, user0_.user_phone_number as user_pho4_21_0_, user0_.user_user_id as user_use5_21_0_, user0_.user_user_password as user_use6_21_0_ from user user0_ where user0_.user_id=?
Hibernate: select character0_.character_id as characte1_6_0_, character0_.character_character_name as characte2_6_0_ from characters character0_ where character0_.character_id=?
Hibernate: select count(*) as col_0_0_ from user user0_ where user0_.user_id=?
Hibernate: select character1_.character_id as characte1_6_, character1_.character_character_name as characte2_6_ from user user0_ inner join characters character1_ on user0_.character_id=character1_.character_id where user0_.user_id=?
Hibernate: select permission0_.character_id as characte6_12_0_, permission0_.permission_id as permissi1_12_0_, permission0_.permission_id as permissi1_12_1_, permission0_.character_id as characte6_12_1_, permission0_.permission_name as permissi2_12_1_, permission0_.permission_permission_unit_id as permissi3_12_1_, permission0_.permission_service as permissi4_12_1_, permission0_.permission_status as permissi5_12_1_ from permission permission0_ where permission0_.character_id=?
Hibernate: select count(*) as col_0_0_ from schedule schedule0_ where schedule0_.schedule_id=?
Hibernate: select schedule0_.schedule_id as schedule1_17_0_, schedule0_.schedule_finish_at as schedule2_17_0_, schedule0_.schedule_content as schedule3_17_0_, schedule0_.schedule_repeat_cycle as schedule4_17_0_, schedule0_.schedule_repeat_repeat_finish_at as schedule5_17_0_, schedule0_.schedule_title as schedule6_17_0_, schedule0_.schedule_started_at as schedule7_17_0_ from schedule schedule0_ where schedule0_.schedule_id=?
Hibernate: delete from schedule where schedule_id=?
Hibernate: select user0_.user_id as user_id1_21_0_, user0_.character_id as characte7_21_0_, user0_.user_created_at as user_cre2_21_0_, user0_.user_name as user_nam3_21_0_, user0_.user_phone_number as user_pho4_21_0_, user0_.user_user_id as user_use5_21_0_, user0_.user_user_password as user_use6_21_0_ from user user0_ where user0_.user_id=?
Hibernate: select character0_.character_id as characte1_6_0_, character0_.character_character_name as characte2_6_0_ from characters character0_ where character0_.character_id=?
Hibernate: select count(*) as col_0_0_ from schedule schedule0_ where schedule0_.schedule_id=?
Hibernate: select user0_.user_id as user_id1_21_0_, user0_.character_id as characte7_21_0_, user0_.user_created_at as user_cre2_21_0_, user0_.user_name as user_nam3_21_0_, user0_.user_phone_number as user_pho4_21_0_, user0_.user_user_id as user_use5_21_0_, user0_.user_user_password as user_use6_21_0_ from user user0_ where user0_.user_id=?
Hibernate: select character0_.character_id as characte1_6_0_, character0_.character_character_name as characte2_6_0_ from characters character0_ where character0_.character_id=?
Hibernate: SELECT * FROM SCHEDULE WHERE (YEAR(SCHEDULE_STARTED_AT) = ? AND MONTH(SCHEDULE_STARTED_AT) = ?) OR (YEAR(SCHEDULE_FINISH_AT) = ? AND MONTH(SCHEDULE_FINISH_AT) = ?)
Hibernate: select user0_.user_id as user_id1_21_0_, user0_.character_id as characte7_21_0_, user0_.user_created_at as user_cre2_21_0_, user0_.user_name as user_nam3_21_0_, user0_.user_phone_number as user_pho4_21_0_, user0_.user_user_id as user_use5_21_0_, user0_.user_user_password as user_use6_21_0_ from user user0_ where user0_.user_id=?
Hibernate: select character0_.character_id as characte1_6_0_, character0_.character_character_name as characte2_6_0_ from characters character0_ where character0_.character_id=?
Hibernate: SELECT * FROM SCHEDULE WHERE (YEAR(SCHEDULE_STARTED_AT) = ? AND MONTH(SCHEDULE_STARTED_AT) = ?) OR (YEAR(SCHEDULE_FINISH_AT) = ? AND MONTH(SCHEDULE_FINISH_AT) = ?)
Hibernate: select user0_.user_id as user_id1_21_0_, user0_.character_id as characte7_21_0_, user0_.user_created_at as user_cre2_21_0_, user0_.user_name as user_nam3_21_0_, user0_.user_phone_number as user_pho4_21_0_, user0_.user_user_id as user_use5_21_0_, user0_.user_user_password as user_use6_21_0_ from user user0_ where user0_.user_id=?
Hibernate: select character0_.character_id as characte1_6_0_, character0_.character_character_name as characte2_6_0_ from characters character0_ where character0_.character_id=?
Hibernate: SELECT * FROM SCHEDULE WHERE (YEAR(SCHEDULE_STARTED_AT) = ? AND MONTH(SCHEDULE_STARTED_AT) = ?) OR (YEAR(SCHEDULE_FINISH_AT) = ? AND MONTH(SCHEDULE_FINISH_AT) = ?)
Hibernate: select user0_.user_id as user_id1_21_0_, user0_.character_id as characte7_21_0_, user0_.user_created_at as user_cre2_21_0_, user0_.user_name as user_nam3_21_0_, user0_.user_phone_number as user_pho4_21_0_, user0_.user_user_id as user_use5_21_0_, user0_.user_user_password as user_use6_21_0_ from user user0_ where user0_.user_id=?
Hibernate: select character0_.character_id as characte1_6_0_, character0_.character_character_name as characte2_6_0_ from characters character0_ where character0_.character_id=?
Hibernate: SELECT * FROM SCHEDULE WHERE (YEAR(SCHEDULE_STARTED_AT) = ? AND MONTH(SCHEDULE_STARTED_AT) = ?) OR (YEAR(SCHEDULE_FINISH_AT) = ? AND MONTH(SCHEDULE_FINISH_AT) = ?)
Hibernate: select user0_.user_id as user_id1_21_0_, user0_.character_id as characte7_21_0_, user0_.user_created_at as user_cre2_21_0_, user0_.user_name as user_nam3_21_0_, user0_.user_phone_number as user_pho4_21_0_, user0_.user_user_id as user_use5_21_0_, user0_.user_user_password as user_use6_21_0_ from user user0_ where user0_.user_id=?
Hibernate: select character0_.character_id as characte1_6_0_, character0_.character_character_name as characte2_6_0_ from characters character0_ where character0_.character_id=?
Hibernate: SELECT * FROM SCHEDULE WHERE (YEAR(SCHEDULE_STARTED_AT) = ? AND MONTH(SCHEDULE_STARTED_AT) = ?) OR (YEAR(SCHEDULE_FINISH_AT) = ? AND MONTH(SCHEDULE_FINISH_AT) = ?)
Hibernate: select user0_.user_id as user_id1_21_0_, user0_.character_id as characte7_21_0_, user0_.user_created_at as user_cre2_21_0_, user0_.user_name as user_nam3_21_0_, user0_.user_phone_number as user_pho4_21_0_, user0_.user_user_id as user_use5_21_0_, user0_.user_user_password as user_use6_21_0_ from user user0_ where user0_.user_id=?
Hibernate: select character0_.character_id as characte1_6_0_, character0_.character_character_name as characte2_6_0_ from characters character0_ where character0_.character_id=?
Hibernate: SELECT * FROM SCHEDULE WHERE (YEAR(SCHEDULE_STARTED_AT) = ? AND MONTH(SCHEDULE_STARTED_AT) = ?) OR (YEAR(SCHEDULE_FINISH_AT) = ? AND MONTH(SCHEDULE_FINISH_AT) = ?)
Hibernate: select user0_.user_id as user_id1_21_0_, user0_.character_id as characte7_21_0_, user0_.user_created_at as user_cre2_21_0_, user0_.user_name as user_nam3_21_0_, user0_.user_phone_number as user_pho4_21_0_, user0_.user_user_id as user_use5_21_0_, user0_.user_user_password as user_use6_21_0_ from user user0_ where user0_.user_id=?
Hibernate: select character0_.character_id as characte1_6_0_, character0_.character_character_name as characte2_6_0_ from characters character0_ where character0_.character_id=?
Hibernate: SELECT * FROM SCHEDULE WHERE (YEAR(SCHEDULE_STARTED_AT) = ? AND MONTH(SCHEDULE_STARTED_AT) = ?) OR (YEAR(SCHEDULE_FINISH_AT) = ? AND MONTH(SCHEDULE_FINISH_AT) = ?)
Hibernate: select user0_.user_id as user_id1_21_0_, user0_.character_id as characte7_21_0_, user0_.user_created_at as user_cre2_21_0_, user0_.user_name as user_nam3_21_0_, user0_.user_phone_number as user_pho4_21_0_, user0_.user_user_id as user_use5_21_0_, user0_.user_user_password as user_use6_21_0_ from user user0_ where user0_.user_id=?
Hibernate: select character0_.character_id as characte1_6_0_, character0_.character_character_name as characte2_6_0_ from characters character0_ where character0_.character_id=?
Hibernate: SELECT * FROM SCHEDULE WHERE (YEAR(SCHEDULE_STARTED_AT) = ? AND MONTH(SCHEDULE_STARTED_AT) = ?) OR (YEAR(SCHEDULE_FINISH_AT) = ? AND MONTH(SCHEDULE_FINISH_AT) = ?)
Hibernate: select user0_.user_id as user_id1_21_0_, user0_.character_id as characte7_21_0_, user0_.user_created_at as user_cre2_21_0_, user0_.user_name as user_nam3_21_0_, user0_.user_phone_number as user_pho4_21_0_, user0_.user_user_id as user_use5_21_0_, user0_.user_user_password as user_use6_21_0_ from user user0_ where user0_.user_id=?
Hibernate: select character0_.character_id as characte1_6_0_, character0_.character_character_name as characte2_6_0_ from characters character0_ where character0_.character_id=?
Hibernate: SELECT * FROM SCHEDULE WHERE (YEAR(SCHEDULE_STARTED_AT) = ? AND MONTH(SCHEDULE_STARTED_AT) = ?) OR (YEAR(SCHEDULE_FINISH_AT) = ? AND MONTH(SCHEDULE_FINISH_AT) = ?)
Hibernate: select user0_.user_id as user_id1_21_0_, user0_.character_id as characte7_21_0_, user0_.user_created_at as user_cre2_21_0_, user0_.user_name as user_nam3_21_0_, user0_.user_phone_number as user_pho4_21_0_, user0_.user_user_id as user_use5_21_0_, user0_.user_user_password as user_use6_21_0_ from user user0_ where user0_.user_id=?
Hibernate: select character0_.character_id as characte1_6_0_, character0_.character_character_name as characte2_6_0_ from characters character0_ where character0_.character_id=?
Hibernate: SELECT * FROM SCHEDULE WHERE (YEAR(SCHEDULE_STARTED_AT) = ? AND MONTH(SCHEDULE_STARTED_AT) = ?) OR (YEAR(SCHEDULE_FINISH_AT) = ? AND MONTH(SCHEDULE_FINISH_AT) = ?)
Hibernate: select user0_.user_id as user_id1_21_0_, user0_.character_id as characte7_21_0_, user0_.user_created_at as user_cre2_21_0_, user0_.user_name as user_nam3_21_0_, user0_.user_phone_number as user_pho4_21_0_, user0_.user_user_id as user_use5_21_0_, user0_.user_user_password as user_use6_21_0_ from user user0_ where user0_.user_id=?
Hibernate: select character0_.character_id as characte1_6_0_, character0_.character_character_name as characte2_6_0_ from characters character0_ where character0_.character_id=?
Hibernate: SELECT * FROM SCHEDULE WHERE (YEAR(SCHEDULE_STARTED_AT) = ? AND MONTH(SCHEDULE_STARTED_AT) = ?) OR (YEAR(SCHEDULE_FINISH_AT) = ? AND MONTH(SCHEDULE_FINISH_AT) = ?)
Hibernate: select user0_.user_id as col_0_0_ from user user0_ where user0_.user_user_id=? limit ?
Hibernate: select user0_.user_id as col_0_0_ from user user0_ where user0_.user_user_id=? limit ?
Hibernate: select U.* from USER U where U.USER_USER_ID =?
Hibernate: select character0_.character_id as characte1_6_0_, character0_.character_character_name as characte2_6_0_ from characters character0_ where character0_.character_id=?
Hibernate: select user0_.user_id as col_0_0_ from user user0_ where user0_.user_user_id=? limit ?
Hibernate: select user0_.user_id as col_0_0_ from user user0_ where user0_.user_user_id=? limit ?
Hibernate: select U.* from USER U where U.USER_USER_ID =?
Hibernate: select character0_.character_id as characte1_6_0_, character0_.character_character_name as characte2_6_0_ from characters character0_ where character0_.character_id=?
Hibernate: select user0_.user_id as user_id1_21_0_, user0_.character_id as characte7_21_0_, user0_.user_created_at as user_cre2_21_0_, user0_.user_name as user_nam3_21_0_, user0_.user_phone_number as user_pho4_21_0_, user0_.user_user_id as user_use5_21_0_, user0_.user_user_password as user_use6_21_0_ from user user0_ where user0_.user_id=?
Hibernate: select character0_.character_id as characte1_6_0_, character0_.character_character_name as characte2_6_0_ from characters character0_ where character0_.character_id=?
Hibernate: SELECT * FROM SCHEDULE WHERE (YEAR(SCHEDULE_STARTED_AT) = ? AND MONTH(SCHEDULE_STARTED_AT) = ?) OR (YEAR(SCHEDULE_FINISH_AT) = ? AND MONTH(SCHEDULE_FINISH_AT) = ?)
Hibernate: select user0_.user_id as user_id1_21_0_, user0_.character_id as characte7_21_0_, user0_.user_created_at as user_cre2_21_0_, user0_.user_name as user_nam3_21_0_, user0_.user_phone_number as user_pho4_21_0_, user0_.user_user_id as user_use5_21_0_, user0_.user_user_password as user_use6_21_0_ from user user0_ where user0_.user_id=?
Hibernate: select character0_.character_id as characte1_6_0_, character0_.character_character_name as characte2_6_0_ from characters character0_ where character0_.character_id=?
Hibernate: SELECT * FROM SCHEDULE WHERE (YEAR(SCHEDULE_STARTED_AT) = ? AND MONTH(SCHEDULE_STARTED_AT) = ?) OR (YEAR(SCHEDULE_FINISH_AT) = ? AND MONTH(SCHEDULE_FINISH_AT) = ?)
Hibernate: select user0_.user_id as user_id1_21_0_, user0_.character_id as characte7_21_0_, user0_.user_created_at as user_cre2_21_0_, user0_.user_name as user_nam3_21_0_, user0_.user_phone_number as user_pho4_21_0_, user0_.user_user_id as user_use5_21_0_, user0_.user_user_password as user_use6_21_0_ from user user0_ where user0_.user_id=?
Hibernate: select character0_.character_id as characte1_6_0_, character0_.character_character_name as characte2_6_0_ from characters character0_ where character0_.character_id=?
Hibernate: SELECT * FROM SCHEDULE WHERE (YEAR(SCHEDULE_STARTED_AT) = ? AND MONTH(SCHEDULE_STARTED_AT) = ?) OR (YEAR(SCHEDULE_FINISH_AT) = ? AND MONTH(SCHEDULE_FINISH_AT) = ?)
Hibernate: select user0_.user_id as user_id1_21_0_, user0_.character_id as characte7_21_0_, user0_.user_created_at as user_cre2_21_0_, user0_.user_name as user_nam3_21_0_, user0_.user_phone_number as user_pho4_21_0_, user0_.user_user_id as user_use5_21_0_, user0_.user_user_password as user_use6_21_0_ from user user0_ where user0_.user_id=?
Hibernate: select character0_.character_id as characte1_6_0_, character0_.character_character_name as characte2_6_0_ from characters character0_ where character0_.character_id=?
Hibernate: SELECT * FROM SCHEDULE WHERE (YEAR(SCHEDULE_STARTED_AT) = ? AND MONTH(SCHEDULE_STARTED_AT) = ?) OR (YEAR(SCHEDULE_FINISH_AT) = ? AND MONTH(SCHEDULE_FINISH_AT) = ?)
Hibernate: select user0_.user_id as user_id1_21_0_, user0_.character_id as characte7_21_0_, user0_.user_created_at as user_cre2_21_0_, user0_.user_name as user_nam3_21_0_, user0_.user_phone_number as user_pho4_21_0_, user0_.user_user_id as user_use5_21_0_, user0_.user_user_password as user_use6_21_0_ from user user0_ where user0_.user_id=?
Hibernate: select character0_.character_id as characte1_6_0_, character0_.character_character_name as characte2_6_0_ from characters character0_ where character0_.character_id=?
Hibernate: SELECT * FROM SCHEDULE WHERE (YEAR(SCHEDULE_STARTED_AT) = ? AND MONTH(SCHEDULE_STARTED_AT) = ?) OR (YEAR(SCHEDULE_FINISH_AT) = ? AND MONTH(SCHEDULE_FINISH_AT) = ?)
Hibernate: select user0_.user_id as user_id1_21_0_, user0_.character_id as characte7_21_0_, user0_.user_created_at as user_cre2_21_0_, user0_.user_name as user_nam3_21_0_, user0_.user_phone_number as user_pho4_21_0_, user0_.user_user_id as user_use5_21_0_, user0_.user_user_password as user_use6_21_0_ from user user0_ where user0_.user_id=?
Hibernate: select character0_.character_id as characte1_6_0_, character0_.character_character_name as characte2_6_0_ from characters character0_ where character0_.character_id=?
Hibernate: SELECT * FROM SCHEDULE WHERE (YEAR(SCHEDULE_STARTED_AT) = ? AND MONTH(SCHEDULE_STARTED_AT) = ?) OR (YEAR(SCHEDULE_FINISH_AT) = ? AND MONTH(SCHEDULE_FINISH_AT) = ?)
Hibernate: select user0_.user_id as user_id1_21_0_, user0_.character_id as characte7_21_0_, user0_.user_created_at as user_cre2_21_0_, user0_.user_name as user_nam3_21_0_, user0_.user_phone_number as user_pho4_21_0_, user0_.user_user_id as user_use5_21_0_, user0_.user_user_password as user_use6_21_0_ from user user0_ where user0_.user_id=?
Hibernate: select character0_.character_id as characte1_6_0_, character0_.character_character_name as characte2_6_0_ from characters character0_ where character0_.character_id=?
Hibernate: SELECT * FROM SCHEDULE WHERE (YEAR(SCHEDULE_STARTED_AT) = ? AND MONTH(SCHEDULE_STARTED_AT) = ?) OR (YEAR(SCHEDULE_FINISH_AT) = ? AND MONTH(SCHEDULE_FINISH_AT) = ?)
Hibernate: select user0_.user_id as user_id1_21_0_, user0_.character_id as characte7_21_0_, user0_.user_created_at as user_cre2_21_0_, user0_.user_name as user_nam3_21_0_, user0_.user_phone_number as user_pho4_21_0_, user0_.user_user_id as user_use5_21_0_, user0_.user_user_password as user_use6_21_0_ from user user0_ where user0_.user_id=?
Hibernate: select character0_.character_id as characte1_6_0_, character0_.character_character_name as characte2_6_0_ from characters character0_ where character0_.character_id=?
Hibernate: SELECT * FROM SCHEDULE WHERE (YEAR(SCHEDULE_STARTED_AT) = ? AND MONTH(SCHEDULE_STARTED_AT) = ?) OR (YEAR(SCHEDULE_FINISH_AT) = ? AND MONTH(SCHEDULE_FINISH_AT) = ?)
Hibernate: select user0_.user_id as user_id1_21_0_, user0_.character_id as characte7_21_0_, user0_.user_created_at as user_cre2_21_0_, user0_.user_name as user_nam3_21_0_, user0_.user_phone_number as user_pho4_21_0_, user0_.user_user_id as user_use5_21_0_, user0_.user_user_password as user_use6_21_0_ from user user0_ where user0_.user_id=?
Hibernate: select character0_.character_id as characte1_6_0_, character0_.character_character_name as characte2_6_0_ from characters character0_ where character0_.character_id=?
Hibernate: SELECT * FROM SCHEDULE WHERE (YEAR(SCHEDULE_STARTED_AT) = ? AND MONTH(SCHEDULE_STARTED_AT) = ?) OR (YEAR(SCHEDULE_FINISH_AT) = ? AND MONTH(SCHEDULE_FINISH_AT) = ?)
Hibernate: select user0_.user_id as user_id1_21_0_, user0_.character_id as characte7_21_0_, user0_.user_created_at as user_cre2_21_0_, user0_.user_name as user_nam3_21_0_, user0_.user_phone_number as user_pho4_21_0_, user0_.user_user_id as user_use5_21_0_, user0_.user_user_password as user_use6_21_0_ from user user0_ where user0_.user_id=?
Hibernate: select character0_.character_id as characte1_6_0_, character0_.character_character_name as characte2_6_0_ from characters character0_ where character0_.character_id=?
Hibernate: SELECT * FROM SCHEDULE WHERE (YEAR(SCHEDULE_STARTED_AT) = ? AND MONTH(SCHEDULE_STARTED_AT) = ?) OR (YEAR(SCHEDULE_FINISH_AT) = ? AND MONTH(SCHEDULE_FINISH_AT) = ?)
Hibernate: select user0_.user_id as user_id1_21_0_, user0_.character_id as characte7_21_0_, user0_.user_created_at as user_cre2_21_0_, user0_.user_name as user_nam3_21_0_, user0_.user_phone_number as user_pho4_21_0_, user0_.user_user_id as user_use5_21_0_, user0_.user_user_password as user_use6_21_0_ from user user0_ where user0_.user_id=?
Hibernate: select character0_.character_id as characte1_6_0_, character0_.character_character_name as characte2_6_0_ from characters character0_ where character0_.character_id=?
Hibernate: SELECT * FROM SCHEDULE WHERE (YEAR(SCHEDULE_STARTED_AT) = ? AND MONTH(SCHEDULE_STARTED_AT) = ?) OR (YEAR(SCHEDULE_FINISH_AT) = ? AND MONTH(SCHEDULE_FINISH_AT) = ?)
Hibernate: select user0_.user_id as user_id1_21_0_, user0_.character_id as characte7_21_0_, user0_.user_created_at as user_cre2_21_0_, user0_.user_name as user_nam3_21_0_, user0_.user_phone_number as user_pho4_21_0_, user0_.user_user_id as user_use5_21_0_, user0_.user_user_password as user_use6_21_0_ from user user0_ where user0_.user_id=?
Hibernate: select character0_.character_id as characte1_6_0_, character0_.character_character_name as characte2_6_0_ from characters character0_ where character0_.character_id=?
Hibernate: SELECT * FROM SCHEDULE WHERE (YEAR(SCHEDULE_STARTED_AT) = ? AND MONTH(SCHEDULE_STARTED_AT) = ?) OR (YEAR(SCHEDULE_FINISH_AT) = ? AND MONTH(SCHEDULE_FINISH_AT) = ?)
Hibernate: select user0_.user_id as col_0_0_ from user user0_ where user0_.user_user_id=? limit ?
Hibernate: select user0_.user_id as col_0_0_ from user user0_ where user0_.user_user_id=? limit ?
Hibernate: select U.* from USER U where U.USER_USER_ID =?
Hibernate: select character0_.character_id as characte1_6_0_, character0_.character_character_name as characte2_6_0_ from characters character0_ where character0_.character_id=?
Hibernate: select user0_.user_id as col_0_0_ from user user0_ where user0_.user_user_id=? limit ?
Hibernate: select user0_.user_id as col_0_0_ from user user0_ where user0_.user_user_id=? limit ?
Hibernate: select U.* from USER U where U.USER_USER_ID =?
Hibernate: select character0_.character_id as characte1_6_0_, character0_.character_character_name as characte2_6_0_ from characters character0_ where character0_.character_id=?
Hibernate: select user0_.user_id as user_id1_21_0_, user0_.character_id as characte7_21_0_, user0_.user_created_at as user_cre2_21_0_, user0_.user_name as user_nam3_21_0_, user0_.user_phone_number as user_pho4_21_0_, user0_.user_user_id as user_use5_21_0_, user0_.user_user_password as user_use6_21_0_ from user user0_ where user0_.user_id=?
Hibernate: select character0_.character_id as characte1_6_0_, character0_.character_character_name as characte2_6_0_ from characters character0_ where character0_.character_id=?
Hibernate: select count(*) as col_0_0_ from schedule schedule0_ where schedule0_.schedule_id=?

MockHttpServletRequest:
      HTTP Method = GET
      Request URI = /schedule/0
       Parameters = {}
          Headers = [Accept:"application/json", Api-version:"1.0", Authorization:"Bearer eyJhbGciOiJIUzI1NiJ9.eyJzdWIiOiIxIiwiaWF0IjoxNjg3ODc3NDY4LCJleHAiOjE2ODc4ODEwNjh9.L4tO6_dDAW_EBZT75Jfu2R72X2bmpa30eKXBNOnKWzQ"]
             Body = null
    Session Attrs = {}

Handler:
             Type = org.waldreg.controller.schedule.ScheduleController
           Method = org.waldreg.controller.schedule.ScheduleController#readScheduleById(int)

Async:
    Async started = false
     Async result = null

Resolved Exception:
             Type = org.waldreg.schedule.exception.UnknownScheduleException

ModelAndView:
        View name = null
             View = null
            Model = null

FlashMap:
       Attributes = null

MockHttpServletResponse:
           Status = 400
    Error message = null
          Headers = [Vary:"Origin", "Access-Control-Request-Method", "Access-Control-Request-Headers", Api-version:"1.0", Content-Type:"application/json"]
     Content type = application/json
             Body = {"code":"SCHEDULE-410","messages":"Cannot find schedule with id \"0\"","document_url":"docs.waldreg.org"}
    Forwarded URL = null
   Redirected URL = null
          Cookies = []
Hibernate: select user0_.user_id as col_0_0_ from user user0_ where user0_.user_user_id=? limit ?
Hibernate: select user0_.user_id as col_0_0_ from user user0_ where user0_.user_user_id=? limit ?
Hibernate: select U.* from USER U where U.USER_USER_ID =?
Hibernate: select character0_.character_id as characte1_6_0_, character0_.character_character_name as characte2_6_0_ from characters character0_ where character0_.character_id=?
Hibernate: select user0_.user_id as user_id1_21_0_, user0_.character_id as characte7_21_0_, user0_.user_created_at as user_cre2_21_0_, user0_.user_name as user_nam3_21_0_, user0_.user_phone_number as user_pho4_21_0_, user0_.user_user_id as user_use5_21_0_, user0_.user_user_password as user_use6_21_0_ from user user0_ where user0_.user_id=?
Hibernate: select character0_.character_id as characte1_6_0_, character0_.character_character_name as characte2_6_0_ from characters character0_ where character0_.character_id=?
Hibernate: SELECT * FROM SCHEDULE WHERE (YEAR(SCHEDULE_STARTED_AT) = ? AND MONTH(SCHEDULE_STARTED_AT) = ?) OR (YEAR(SCHEDULE_FINISH_AT) = ? AND MONTH(SCHEDULE_FINISH_AT) = ?)
Hibernate: select user0_.user_id as user_id1_21_0_, user0_.character_id as characte7_21_0_, user0_.user_created_at as user_cre2_21_0_, user0_.user_name as user_nam3_21_0_, user0_.user_phone_number as user_pho4_21_0_, user0_.user_user_id as user_use5_21_0_, user0_.user_user_password as user_use6_21_0_ from user user0_ where user0_.user_id=?
Hibernate: select character0_.character_id as characte1_6_0_, character0_.character_character_name as characte2_6_0_ from characters character0_ where character0_.character_id=?
Hibernate: SELECT * FROM SCHEDULE WHERE (YEAR(SCHEDULE_STARTED_AT) = ? AND MONTH(SCHEDULE_STARTED_AT) = ?) OR (YEAR(SCHEDULE_FINISH_AT) = ? AND MONTH(SCHEDULE_FINISH_AT) = ?)
Hibernate: select user0_.user_id as user_id1_21_0_, user0_.character_id as characte7_21_0_, user0_.user_created_at as user_cre2_21_0_, user0_.user_name as user_nam3_21_0_, user0_.user_phone_number as user_pho4_21_0_, user0_.user_user_id as user_use5_21_0_, user0_.user_user_password as user_use6_21_0_ from user user0_ where user0_.user_id=?
Hibernate: select character0_.character_id as characte1_6_0_, character0_.character_character_name as characte2_6_0_ from characters character0_ where character0_.character_id=?
Hibernate: SELECT * FROM SCHEDULE WHERE (YEAR(SCHEDULE_STARTED_AT) = ? AND MONTH(SCHEDULE_STARTED_AT) = ?) OR (YEAR(SCHEDULE_FINISH_AT) = ? AND MONTH(SCHEDULE_FINISH_AT) = ?)
Hibernate: select user0_.user_id as user_id1_21_0_, user0_.character_id as characte7_21_0_, user0_.user_created_at as user_cre2_21_0_, user0_.user_name as user_nam3_21_0_, user0_.user_phone_number as user_pho4_21_0_, user0_.user_user_id as user_use5_21_0_, user0_.user_user_password as user_use6_21_0_ from user user0_ where user0_.user_id=?
Hibernate: select character0_.character_id as characte1_6_0_, character0_.character_character_name as characte2_6_0_ from characters character0_ where character0_.character_id=?
Hibernate: SELECT * FROM SCHEDULE WHERE (YEAR(SCHEDULE_STARTED_AT) = ? AND MONTH(SCHEDULE_STARTED_AT) = ?) OR (YEAR(SCHEDULE_FINISH_AT) = ? AND MONTH(SCHEDULE_FINISH_AT) = ?)
Hibernate: select user0_.user_id as user_id1_21_0_, user0_.character_id as characte7_21_0_, user0_.user_created_at as user_cre2_21_0_, user0_.user_name as user_nam3_21_0_, user0_.user_phone_number as user_pho4_21_0_, user0_.user_user_id as user_use5_21_0_, user0_.user_user_password as user_use6_21_0_ from user user0_ where user0_.user_id=?
Hibernate: select character0_.character_id as characte1_6_0_, character0_.character_character_name as characte2_6_0_ from characters character0_ where character0_.character_id=?
Hibernate: SELECT * FROM SCHEDULE WHERE (YEAR(SCHEDULE_STARTED_AT) = ? AND MONTH(SCHEDULE_STARTED_AT) = ?) OR (YEAR(SCHEDULE_FINISH_AT) = ? AND MONTH(SCHEDULE_FINISH_AT) = ?)
Hibernate: select user0_.user_id as user_id1_21_0_, user0_.character_id as characte7_21_0_, user0_.user_created_at as user_cre2_21_0_, user0_.user_name as user_nam3_21_0_, user0_.user_phone_number as user_pho4_21_0_, user0_.user_user_id as user_use5_21_0_, user0_.user_user_password as user_use6_21_0_ from user user0_ where user0_.user_id=?
Hibernate: select character0_.character_id as characte1_6_0_, character0_.character_character_name as characte2_6_0_ from characters character0_ where character0_.character_id=?
Hibernate: SELECT * FROM SCHEDULE WHERE (YEAR(SCHEDULE_STARTED_AT) = ? AND MONTH(SCHEDULE_STARTED_AT) = ?) OR (YEAR(SCHEDULE_FINISH_AT) = ? AND MONTH(SCHEDULE_FINISH_AT) = ?)
Hibernate: select user0_.user_id as user_id1_21_0_, user0_.character_id as characte7_21_0_, user0_.user_created_at as user_cre2_21_0_, user0_.user_name as user_nam3_21_0_, user0_.user_phone_number as user_pho4_21_0_, user0_.user_user_id as user_use5_21_0_, user0_.user_user_password as user_use6_21_0_ from user user0_ where user0_.user_id=?
Hibernate: select character0_.character_id as characte1_6_0_, character0_.character_character_name as characte2_6_0_ from characters character0_ where character0_.character_id=?
Hibernate: SELECT * FROM SCHEDULE WHERE (YEAR(SCHEDULE_STARTED_AT) = ? AND MONTH(SCHEDULE_STARTED_AT) = ?) OR (YEAR(SCHEDULE_FINISH_AT) = ? AND MONTH(SCHEDULE_FINISH_AT) = ?)
Hibernate: select user0_.user_id as user_id1_21_0_, user0_.character_id as characte7_21_0_, user0_.user_created_at as user_cre2_21_0_, user0_.user_name as user_nam3_21_0_, user0_.user_phone_number as user_pho4_21_0_, user0_.user_user_id as user_use5_21_0_, user0_.user_user_password as user_use6_21_0_ from user user0_ where user0_.user_id=?
Hibernate: select character0_.character_id as characte1_6_0_, character0_.character_character_name as characte2_6_0_ from characters character0_ where character0_.character_id=?
Hibernate: SELECT * FROM SCHEDULE WHERE (YEAR(SCHEDULE_STARTED_AT) = ? AND MONTH(SCHEDULE_STARTED_AT) = ?) OR (YEAR(SCHEDULE_FINISH_AT) = ? AND MONTH(SCHEDULE_FINISH_AT) = ?)
Hibernate: select user0_.user_id as user_id1_21_0_, user0_.character_id as characte7_21_0_, user0_.user_created_at as user_cre2_21_0_, user0_.user_name as user_nam3_21_0_, user0_.user_phone_number as user_pho4_21_0_, user0_.user_user_id as user_use5_21_0_, user0_.user_user_password as user_use6_21_0_ from user user0_ where user0_.user_id=?
Hibernate: select character0_.character_id as characte1_6_0_, character0_.character_character_name as characte2_6_0_ from characters character0_ where character0_.character_id=?
Hibernate: SELECT * FROM SCHEDULE WHERE (YEAR(SCHEDULE_STARTED_AT) = ? AND MONTH(SCHEDULE_STARTED_AT) = ?) OR (YEAR(SCHEDULE_FINISH_AT) = ? AND MONTH(SCHEDULE_FINISH_AT) = ?)
Hibernate: select user0_.user_id as user_id1_21_0_, user0_.character_id as characte7_21_0_, user0_.user_created_at as user_cre2_21_0_, user0_.user_name as user_nam3_21_0_, user0_.user_phone_number as user_pho4_21_0_, user0_.user_user_id as user_use5_21_0_, user0_.user_user_password as user_use6_21_0_ from user user0_ where user0_.user_id=?
Hibernate: select character0_.character_id as characte1_6_0_, character0_.character_character_name as characte2_6_0_ from characters character0_ where character0_.character_id=?
Hibernate: SELECT * FROM SCHEDULE WHERE (YEAR(SCHEDULE_STARTED_AT) = ? AND MONTH(SCHEDULE_STARTED_AT) = ?) OR (YEAR(SCHEDULE_FINISH_AT) = ? AND MONTH(SCHEDULE_FINISH_AT) = ?)
Hibernate: select user0_.user_id as user_id1_21_0_, user0_.character_id as characte7_21_0_, user0_.user_created_at as user_cre2_21_0_, user0_.user_name as user_nam3_21_0_, user0_.user_phone_number as user_pho4_21_0_, user0_.user_user_id as user_use5_21_0_, user0_.user_user_password as user_use6_21_0_ from user user0_ where user0_.user_id=?
Hibernate: select character0_.character_id as characte1_6_0_, character0_.character_character_name as characte2_6_0_ from characters character0_ where character0_.character_id=?
Hibernate: SELECT * FROM SCHEDULE WHERE (YEAR(SCHEDULE_STARTED_AT) = ? AND MONTH(SCHEDULE_STARTED_AT) = ?) OR (YEAR(SCHEDULE_FINISH_AT) = ? AND MONTH(SCHEDULE_FINISH_AT) = ?)
Hibernate: select user0_.user_id as user_id1_21_0_, user0_.character_id as characte7_21_0_, user0_.user_created_at as user_cre2_21_0_, user0_.user_name as user_nam3_21_0_, user0_.user_phone_number as user_pho4_21_0_, user0_.user_user_id as user_use5_21_0_, user0_.user_user_password as user_use6_21_0_ from user user0_ where user0_.user_id=?
Hibernate: select character0_.character_id as characte1_6_0_, character0_.character_character_name as characte2_6_0_ from characters character0_ where character0_.character_id=?
Hibernate: SELECT * FROM SCHEDULE WHERE (YEAR(SCHEDULE_STARTED_AT) = ? AND MONTH(SCHEDULE_STARTED_AT) = ?) OR (YEAR(SCHEDULE_FINISH_AT) = ? AND MONTH(SCHEDULE_FINISH_AT) = ?)
Hibernate: select user0_.user_id as col_0_0_ from user user0_ where user0_.user_user_id=? limit ?
Hibernate: select user0_.user_id as col_0_0_ from user user0_ where user0_.user_user_id=? limit ?
Hibernate: select U.* from USER U where U.USER_USER_ID =?
Hibernate: select character0_.character_id as characte1_6_0_, character0_.character_character_name as characte2_6_0_ from characters character0_ where character0_.character_id=?
Hibernate: select user0_.user_id as col_0_0_ from user user0_ where user0_.user_user_id=? limit ?
Hibernate: select user0_.user_id as col_0_0_ from user user0_ where user0_.user_user_id=? limit ?
Hibernate: select U.* from USER U where U.USER_USER_ID =?
Hibernate: select character0_.character_id as characte1_6_0_, character0_.character_character_name as characte2_6_0_ from characters character0_ where character0_.character_id=?
Hibernate: select user0_.user_id as user_id1_21_0_, user0_.character_id as characte7_21_0_, user0_.user_created_at as user_cre2_21_0_, user0_.user_name as user_nam3_21_0_, user0_.user_phone_number as user_pho4_21_0_, user0_.user_user_id as user_use5_21_0_, user0_.user_user_password as user_use6_21_0_ from user user0_ where user0_.user_id=?
Hibernate: select character0_.character_id as characte1_6_0_, character0_.character_character_name as characte2_6_0_ from characters character0_ where character0_.character_id=?
Hibernate: SELECT * FROM SCHEDULE WHERE (YEAR(SCHEDULE_STARTED_AT) = ? AND MONTH(SCHEDULE_STARTED_AT) = ?) OR (YEAR(SCHEDULE_FINISH_AT) = ? AND MONTH(SCHEDULE_FINISH_AT) = ?)
Hibernate: select user0_.user_id as user_id1_21_0_, user0_.character_id as characte7_21_0_, user0_.user_created_at as user_cre2_21_0_, user0_.user_name as user_nam3_21_0_, user0_.user_phone_number as user_pho4_21_0_, user0_.user_user_id as user_use5_21_0_, user0_.user_user_password as user_use6_21_0_ from user user0_ where user0_.user_id=?
Hibernate: select character0_.character_id as characte1_6_0_, character0_.character_character_name as characte2_6_0_ from characters character0_ where character0_.character_id=?
Hibernate: SELECT * FROM SCHEDULE WHERE (YEAR(SCHEDULE_STARTED_AT) = ? AND MONTH(SCHEDULE_STARTED_AT) = ?) OR (YEAR(SCHEDULE_FINISH_AT) = ? AND MONTH(SCHEDULE_FINISH_AT) = ?)
Hibernate: select user0_.user_id as user_id1_21_0_, user0_.character_id as characte7_21_0_, user0_.user_created_at as user_cre2_21_0_, user0_.user_name as user_nam3_21_0_, user0_.user_phone_number as user_pho4_21_0_, user0_.user_user_id as user_use5_21_0_, user0_.user_user_password as user_use6_21_0_ from user user0_ where user0_.user_id=?
Hibernate: select character0_.character_id as characte1_6_0_, character0_.character_character_name as characte2_6_0_ from characters character0_ where character0_.character_id=?
Hibernate: SELECT * FROM SCHEDULE WHERE (YEAR(SCHEDULE_STARTED_AT) = ? AND MONTH(SCHEDULE_STARTED_AT) = ?) OR (YEAR(SCHEDULE_FINISH_AT) = ? AND MONTH(SCHEDULE_FINISH_AT) = ?)
Hibernate: select user0_.user_id as user_id1_21_0_, user0_.character_id as characte7_21_0_, user0_.user_created_at as user_cre2_21_0_, user0_.user_name as user_nam3_21_0_, user0_.user_phone_number as user_pho4_21_0_, user0_.user_user_id as user_use5_21_0_, user0_.user_user_password as user_use6_21_0_ from user user0_ where user0_.user_id=?
Hibernate: select character0_.character_id as characte1_6_0_, character0_.character_character_name as characte2_6_0_ from characters character0_ where character0_.character_id=?
Hibernate: SELECT * FROM SCHEDULE WHERE (YEAR(SCHEDULE_STARTED_AT) = ? AND MONTH(SCHEDULE_STARTED_AT) = ?) OR (YEAR(SCHEDULE_FINISH_AT) = ? AND MONTH(SCHEDULE_FINISH_AT) = ?)
Hibernate: select user0_.user_id as user_id1_21_0_, user0_.character_id as characte7_21_0_, user0_.user_created_at as user_cre2_21_0_, user0_.user_name as user_nam3_21_0_, user0_.user_phone_number as user_pho4_21_0_, user0_.user_user_id as user_use5_21_0_, user0_.user_user_password as user_use6_21_0_ from user user0_ where user0_.user_id=?
Hibernate: select character0_.character_id as characte1_6_0_, character0_.character_character_name as characte2_6_0_ from characters character0_ where character0_.character_id=?
Hibernate: SELECT * FROM SCHEDULE WHERE (YEAR(SCHEDULE_STARTED_AT) = ? AND MONTH(SCHEDULE_STARTED_AT) = ?) OR (YEAR(SCHEDULE_FINISH_AT) = ? AND MONTH(SCHEDULE_FINISH_AT) = ?)
Hibernate: select user0_.user_id as user_id1_21_0_, user0_.character_id as characte7_21_0_, user0_.user_created_at as user_cre2_21_0_, user0_.user_name as user_nam3_21_0_, user0_.user_phone_number as user_pho4_21_0_, user0_.user_user_id as user_use5_21_0_, user0_.user_user_password as user_use6_21_0_ from user user0_ where user0_.user_id=?
Hibernate: select character0_.character_id as characte1_6_0_, character0_.character_character_name as characte2_6_0_ from characters character0_ where character0_.character_id=?
Hibernate: SELECT * FROM SCHEDULE WHERE (YEAR(SCHEDULE_STARTED_AT) = ? AND MONTH(SCHEDULE_STARTED_AT) = ?) OR (YEAR(SCHEDULE_FINISH_AT) = ? AND MONTH(SCHEDULE_FINISH_AT) = ?)
Hibernate: select user0_.user_id as user_id1_21_0_, user0_.character_id as characte7_21_0_, user0_.user_created_at as user_cre2_21_0_, user0_.user_name as user_nam3_21_0_, user0_.user_phone_number as user_pho4_21_0_, user0_.user_user_id as user_use5_21_0_, user0_.user_user_password as user_use6_21_0_ from user user0_ where user0_.user_id=?
Hibernate: select character0_.character_id as characte1_6_0_, character0_.character_character_name as characte2_6_0_ from characters character0_ where character0_.character_id=?
Hibernate: SELECT * FROM SCHEDULE WHERE (YEAR(SCHEDULE_STARTED_AT) = ? AND MONTH(SCHEDULE_STARTED_AT) = ?) OR (YEAR(SCHEDULE_FINISH_AT) = ? AND MONTH(SCHEDULE_FINISH_AT) = ?)
Hibernate: select user0_.user_id as user_id1_21_0_, user0_.character_id as characte7_21_0_, user0_.user_created_at as user_cre2_21_0_, user0_.user_name as user_nam3_21_0_, user0_.user_phone_number as user_pho4_21_0_, user0_.user_user_id as user_use5_21_0_, user0_.user_user_password as user_use6_21_0_ from user user0_ where user0_.user_id=?
Hibernate: select character0_.character_id as characte1_6_0_, character0_.character_character_name as characte2_6_0_ from characters character0_ where character0_.character_id=?
Hibernate: SELECT * FROM SCHEDULE WHERE (YEAR(SCHEDULE_STARTED_AT) = ? AND MONTH(SCHEDULE_STARTED_AT) = ?) OR (YEAR(SCHEDULE_FINISH_AT) = ? AND MONTH(SCHEDULE_FINISH_AT) = ?)
Hibernate: select user0_.user_id as user_id1_21_0_, user0_.character_id as characte7_21_0_, user0_.user_created_at as user_cre2_21_0_, user0_.user_name as user_nam3_21_0_, user0_.user_phone_number as user_pho4_21_0_, user0_.user_user_id as user_use5_21_0_, user0_.user_user_password as user_use6_21_0_ from user user0_ where user0_.user_id=?
Hibernate: select character0_.character_id as characte1_6_0_, character0_.character_character_name as characte2_6_0_ from characters character0_ where character0_.character_id=?
Hibernate: SELECT * FROM SCHEDULE WHERE (YEAR(SCHEDULE_STARTED_AT) = ? AND MONTH(SCHEDULE_STARTED_AT) = ?) OR (YEAR(SCHEDULE_FINISH_AT) = ? AND MONTH(SCHEDULE_FINISH_AT) = ?)
Hibernate: select user0_.user_id as user_id1_21_0_, user0_.character_id as characte7_21_0_, user0_.user_created_at as user_cre2_21_0_, user0_.user_name as user_nam3_21_0_, user0_.user_phone_number as user_pho4_21_0_, user0_.user_user_id as user_use5_21_0_, user0_.user_user_password as user_use6_21_0_ from user user0_ where user0_.user_id=?
Hibernate: select character0_.character_id as characte1_6_0_, character0_.character_character_name as characte2_6_0_ from characters character0_ where character0_.character_id=?
Hibernate: SELECT * FROM SCHEDULE WHERE (YEAR(SCHEDULE_STARTED_AT) = ? AND MONTH(SCHEDULE_STARTED_AT) = ?) OR (YEAR(SCHEDULE_FINISH_AT) = ? AND MONTH(SCHEDULE_FINISH_AT) = ?)
Hibernate: select user0_.user_id as user_id1_21_0_, user0_.character_id as characte7_21_0_, user0_.user_created_at as user_cre2_21_0_, user0_.user_name as user_nam3_21_0_, user0_.user_phone_number as user_pho4_21_0_, user0_.user_user_id as user_use5_21_0_, user0_.user_user_password as user_use6_21_0_ from user user0_ where user0_.user_id=?
Hibernate: select character0_.character_id as characte1_6_0_, character0_.character_character_name as characte2_6_0_ from characters character0_ where character0_.character_id=?
Hibernate: SELECT * FROM SCHEDULE WHERE (YEAR(SCHEDULE_STARTED_AT) = ? AND MONTH(SCHEDULE_STARTED_AT) = ?) OR (YEAR(SCHEDULE_FINISH_AT) = ? AND MONTH(SCHEDULE_FINISH_AT) = ?)
Hibernate: select user0_.user_id as user_id1_21_0_, user0_.character_id as characte7_21_0_, user0_.user_created_at as user_cre2_21_0_, user0_.user_name as user_nam3_21_0_, user0_.user_phone_number as user_pho4_21_0_, user0_.user_user_id as user_use5_21_0_, user0_.user_user_password as user_use6_21_0_ from user user0_ where user0_.user_id=?
Hibernate: select character0_.character_id as characte1_6_0_, character0_.character_character_name as characte2_6_0_ from characters character0_ where character0_.character_id=?
Hibernate: SELECT * FROM SCHEDULE WHERE (YEAR(SCHEDULE_STARTED_AT) = ? AND MONTH(SCHEDULE_STARTED_AT) = ?) OR (YEAR(SCHEDULE_FINISH_AT) = ? AND MONTH(SCHEDULE_FINISH_AT) = ?)
Hibernate: select user0_.user_id as col_0_0_ from user user0_ where user0_.user_user_id=? limit ?
Hibernate: select user0_.user_id as col_0_0_ from user user0_ where user0_.user_user_id=? limit ?
Hibernate: select U.* from USER U where U.USER_USER_ID =?
Hibernate: select character0_.character_id as characte1_6_0_, character0_.character_character_name as characte2_6_0_ from characters character0_ where character0_.character_id=?
Hibernate: select user0_.user_id as col_0_0_ from user user0_ where user0_.user_user_id=? limit ?
Hibernate: select user0_.user_id as col_0_0_ from user user0_ where user0_.user_user_id=? limit ?
Hibernate: select U.* from USER U where U.USER_USER_ID =?
Hibernate: select character0_.character_id as characte1_6_0_, character0_.character_character_name as characte2_6_0_ from characters character0_ where character0_.character_id=?
Hibernate: select user0_.user_id as user_id1_21_0_, user0_.character_id as characte7_21_0_, user0_.user_created_at as user_cre2_21_0_, user0_.user_name as user_nam3_21_0_, user0_.user_phone_number as user_pho4_21_0_, user0_.user_user_id as user_use5_21_0_, user0_.user_user_password as user_use6_21_0_ from user user0_ where user0_.user_id=?
Hibernate: select character0_.character_id as characte1_6_0_, character0_.character_character_name as characte2_6_0_ from characters character0_ where character0_.character_id=?
Hibernate: select count(*) as col_0_0_ from user user0_ where user0_.user_id=?
Hibernate: select character1_.character_id as characte1_6_, character1_.character_character_name as characte2_6_ from user user0_ inner join characters character1_ on user0_.character_id=character1_.character_id where user0_.user_id=?
Hibernate: select permission0_.character_id as characte6_12_0_, permission0_.permission_id as permissi1_12_0_, permission0_.permission_id as permissi1_12_1_, permission0_.character_id as characte6_12_1_, permission0_.permission_name as permissi2_12_1_, permission0_.permission_permission_unit_id as permissi3_12_1_, permission0_.permission_service as permissi4_12_1_, permission0_.permission_status as permissi5_12_1_ from permission permission0_ where permission0_.character_id=?

MockHttpServletRequest:
      HTTP Method = POST
      Request URI = /schedule
       Parameters = {}
          Headers = [Content-Type:"application/json;charset=UTF-8", Accept:"application/json", Api-version:"1.0", Authorization:"Bearer eyJhbGciOiJIUzI1NiJ9.eyJzdWIiOiIxIiwiaWF0IjoxNjg3ODc3NDY4LCJleHAiOjE2ODc4ODEwNjh9.L4tO6_dDAW_EBZT75Jfu2R72X2bmpa30eKXBNOnKWzQ", Content-Length:"177"]
             Body = {"schedule_title":"seminar","schedule_content":"BFS","started_at":"2023-13-24T20:52","finish_at":"2023-01-31T23:59","repeat":{"cycle":123,"repeat_finish_at":"2023-12-31T23:59"}}
    Session Attrs = {}

Handler:
             Type = org.waldreg.controller.schedule.ScheduleController
           Method = org.waldreg.controller.schedule.ScheduleController#createSchedule(ScheduleRequest)

Async:
    Async started = false
     Async result = null

Resolved Exception:
             Type = org.waldreg.schedule.exception.InvalidDateFormatException

ModelAndView:
        View name = null
             View = null
            Model = null

FlashMap:
       Attributes = null

MockHttpServletResponse:
           Status = 400
    Error message = null
          Headers = [Vary:"Origin", "Access-Control-Request-Method", "Access-Control-Request-Headers", Api-version:"1.0", Content-Type:"application/json"]
     Content type = application/json
             Body = {"code":"SCHEDULE-403","messages":"Invalid date format detected Schedule start date \"2023-13-24T20:52\" Schedule finish date \"2023-01-31T23:59\"","document_url":"docs.waldreg.org"}
    Forwarded URL = null
   Redirected URL = null
          Cookies = []
Hibernate: select user0_.user_id as col_0_0_ from user user0_ where user0_.user_user_id=? limit ?
Hibernate: select user0_.user_id as col_0_0_ from user user0_ where user0_.user_user_id=? limit ?
Hibernate: select U.* from USER U where U.USER_USER_ID =?
Hibernate: select character0_.character_id as characte1_6_0_, character0_.character_character_name as characte2_6_0_ from characters character0_ where character0_.character_id=?
Hibernate: select user0_.user_id as user_id1_21_0_, user0_.character_id as characte7_21_0_, user0_.user_created_at as user_cre2_21_0_, user0_.user_name as user_nam3_21_0_, user0_.user_phone_number as user_pho4_21_0_, user0_.user_user_id as user_use5_21_0_, user0_.user_user_password as user_use6_21_0_ from user user0_ where user0_.user_id=?
Hibernate: select character0_.character_id as characte1_6_0_, character0_.character_character_name as characte2_6_0_ from characters character0_ where character0_.character_id=?
Hibernate: SELECT * FROM SCHEDULE WHERE (YEAR(SCHEDULE_STARTED_AT) = ? AND MONTH(SCHEDULE_STARTED_AT) = ?) OR (YEAR(SCHEDULE_FINISH_AT) = ? AND MONTH(SCHEDULE_FINISH_AT) = ?)
Hibernate: select user0_.user_id as user_id1_21_0_, user0_.character_id as characte7_21_0_, user0_.user_created_at as user_cre2_21_0_, user0_.user_name as user_nam3_21_0_, user0_.user_phone_number as user_pho4_21_0_, user0_.user_user_id as user_use5_21_0_, user0_.user_user_password as user_use6_21_0_ from user user0_ where user0_.user_id=?
Hibernate: select character0_.character_id as characte1_6_0_, character0_.character_character_name as characte2_6_0_ from characters character0_ where character0_.character_id=?
Hibernate: SELECT * FROM SCHEDULE WHERE (YEAR(SCHEDULE_STARTED_AT) = ? AND MONTH(SCHEDULE_STARTED_AT) = ?) OR (YEAR(SCHEDULE_FINISH_AT) = ? AND MONTH(SCHEDULE_FINISH_AT) = ?)
Hibernate: select user0_.user_id as user_id1_21_0_, user0_.character_id as characte7_21_0_, user0_.user_created_at as user_cre2_21_0_, user0_.user_name as user_nam3_21_0_, user0_.user_phone_number as user_pho4_21_0_, user0_.user_user_id as user_use5_21_0_, user0_.user_user_password as user_use6_21_0_ from user user0_ where user0_.user_id=?
Hibernate: select character0_.character_id as characte1_6_0_, character0_.character_character_name as characte2_6_0_ from characters character0_ where character0_.character_id=?
Hibernate: SELECT * FROM SCHEDULE WHERE (YEAR(SCHEDULE_STARTED_AT) = ? AND MONTH(SCHEDULE_STARTED_AT) = ?) OR (YEAR(SCHEDULE_FINISH_AT) = ? AND MONTH(SCHEDULE_FINISH_AT) = ?)
Hibernate: select user0_.user_id as user_id1_21_0_, user0_.character_id as characte7_21_0_, user0_.user_created_at as user_cre2_21_0_, user0_.user_name as user_nam3_21_0_, user0_.user_phone_number as user_pho4_21_0_, user0_.user_user_id as user_use5_21_0_, user0_.user_user_password as user_use6_21_0_ from user user0_ where user0_.user_id=?
Hibernate: select character0_.character_id as characte1_6_0_, character0_.character_character_name as characte2_6_0_ from characters character0_ where character0_.character_id=?
Hibernate: SELECT * FROM SCHEDULE WHERE (YEAR(SCHEDULE_STARTED_AT) = ? AND MONTH(SCHEDULE_STARTED_AT) = ?) OR (YEAR(SCHEDULE_FINISH_AT) = ? AND MONTH(SCHEDULE_FINISH_AT) = ?)
Hibernate: select user0_.user_id as user_id1_21_0_, user0_.character_id as characte7_21_0_, user0_.user_created_at as user_cre2_21_0_, user0_.user_name as user_nam3_21_0_, user0_.user_phone_number as user_pho4_21_0_, user0_.user_user_id as user_use5_21_0_, user0_.user_user_password as user_use6_21_0_ from user user0_ where user0_.user_id=?
Hibernate: select character0_.character_id as characte1_6_0_, character0_.character_character_name as characte2_6_0_ from characters character0_ where character0_.character_id=?
Hibernate: SELECT * FROM SCHEDULE WHERE (YEAR(SCHEDULE_STARTED_AT) = ? AND MONTH(SCHEDULE_STARTED_AT) = ?) OR (YEAR(SCHEDULE_FINISH_AT) = ? AND MONTH(SCHEDULE_FINISH_AT) = ?)
Hibernate: select user0_.user_id as user_id1_21_0_, user0_.character_id as characte7_21_0_, user0_.user_created_at as user_cre2_21_0_, user0_.user_name as user_nam3_21_0_, user0_.user_phone_number as user_pho4_21_0_, user0_.user_user_id as user_use5_21_0_, user0_.user_user_password as user_use6_21_0_ from user user0_ where user0_.user_id=?
Hibernate: select character0_.character_id as characte1_6_0_, character0_.character_character_name as characte2_6_0_ from characters character0_ where character0_.character_id=?
Hibernate: SELECT * FROM SCHEDULE WHERE (YEAR(SCHEDULE_STARTED_AT) = ? AND MONTH(SCHEDULE_STARTED_AT) = ?) OR (YEAR(SCHEDULE_FINISH_AT) = ? AND MONTH(SCHEDULE_FINISH_AT) = ?)
Hibernate: select user0_.user_id as user_id1_21_0_, user0_.character_id as characte7_21_0_, user0_.user_created_at as user_cre2_21_0_, user0_.user_name as user_nam3_21_0_, user0_.user_phone_number as user_pho4_21_0_, user0_.user_user_id as user_use5_21_0_, user0_.user_user_password as user_use6_21_0_ from user user0_ where user0_.user_id=?
Hibernate: select character0_.character_id as characte1_6_0_, character0_.character_character_name as characte2_6_0_ from characters character0_ where character0_.character_id=?
Hibernate: SELECT * FROM SCHEDULE WHERE (YEAR(SCHEDULE_STARTED_AT) = ? AND MONTH(SCHEDULE_STARTED_AT) = ?) OR (YEAR(SCHEDULE_FINISH_AT) = ? AND MONTH(SCHEDULE_FINISH_AT) = ?)
Hibernate: select user0_.user_id as user_id1_21_0_, user0_.character_id as characte7_21_0_, user0_.user_created_at as user_cre2_21_0_, user0_.user_name as user_nam3_21_0_, user0_.user_phone_number as user_pho4_21_0_, user0_.user_user_id as user_use5_21_0_, user0_.user_user_password as user_use6_21_0_ from user user0_ where user0_.user_id=?
Hibernate: select character0_.character_id as characte1_6_0_, character0_.character_character_name as characte2_6_0_ from characters character0_ where character0_.character_id=?
Hibernate: SELECT * FROM SCHEDULE WHERE (YEAR(SCHEDULE_STARTED_AT) = ? AND MONTH(SCHEDULE_STARTED_AT) = ?) OR (YEAR(SCHEDULE_FINISH_AT) = ? AND MONTH(SCHEDULE_FINISH_AT) = ?)
Hibernate: select user0_.user_id as user_id1_21_0_, user0_.character_id as characte7_21_0_, user0_.user_created_at as user_cre2_21_0_, user0_.user_name as user_nam3_21_0_, user0_.user_phone_number as user_pho4_21_0_, user0_.user_user_id as user_use5_21_0_, user0_.user_user_password as user_use6_21_0_ from user user0_ where user0_.user_id=?
Hibernate: select character0_.character_id as characte1_6_0_, character0_.character_character_name as characte2_6_0_ from characters character0_ where character0_.character_id=?
Hibernate: SELECT * FROM SCHEDULE WHERE (YEAR(SCHEDULE_STARTED_AT) = ? AND MONTH(SCHEDULE_STARTED_AT) = ?) OR (YEAR(SCHEDULE_FINISH_AT) = ? AND MONTH(SCHEDULE_FINISH_AT) = ?)
Hibernate: select user0_.user_id as user_id1_21_0_, user0_.character_id as characte7_21_0_, user0_.user_created_at as user_cre2_21_0_, user0_.user_name as user_nam3_21_0_, user0_.user_phone_number as user_pho4_21_0_, user0_.user_user_id as user_use5_21_0_, user0_.user_user_password as user_use6_21_0_ from user user0_ where user0_.user_id=?
Hibernate: select character0_.character_id as characte1_6_0_, character0_.character_character_name as characte2_6_0_ from characters character0_ where character0_.character_id=?
Hibernate: SELECT * FROM SCHEDULE WHERE (YEAR(SCHEDULE_STARTED_AT) = ? AND MONTH(SCHEDULE_STARTED_AT) = ?) OR (YEAR(SCHEDULE_FINISH_AT) = ? AND MONTH(SCHEDULE_FINISH_AT) = ?)
Hibernate: select user0_.user_id as user_id1_21_0_, user0_.character_id as characte7_21_0_, user0_.user_created_at as user_cre2_21_0_, user0_.user_name as user_nam3_21_0_, user0_.user_phone_number as user_pho4_21_0_, user0_.user_user_id as user_use5_21_0_, user0_.user_user_password as user_use6_21_0_ from user user0_ where user0_.user_id=?
Hibernate: select character0_.character_id as characte1_6_0_, character0_.character_character_name as characte2_6_0_ from characters character0_ where character0_.character_id=?
Hibernate: SELECT * FROM SCHEDULE WHERE (YEAR(SCHEDULE_STARTED_AT) = ? AND MONTH(SCHEDULE_STARTED_AT) = ?) OR (YEAR(SCHEDULE_FINISH_AT) = ? AND MONTH(SCHEDULE_FINISH_AT) = ?)
Hibernate: select user0_.user_id as user_id1_21_0_, user0_.character_id as characte7_21_0_, user0_.user_created_at as user_cre2_21_0_, user0_.user_name as user_nam3_21_0_, user0_.user_phone_number as user_pho4_21_0_, user0_.user_user_id as user_use5_21_0_, user0_.user_user_password as user_use6_21_0_ from user user0_ where user0_.user_id=?
Hibernate: select character0_.character_id as characte1_6_0_, character0_.character_character_name as characte2_6_0_ from characters character0_ where character0_.character_id=?
Hibernate: SELECT * FROM SCHEDULE WHERE (YEAR(SCHEDULE_STARTED_AT) = ? AND MONTH(SCHEDULE_STARTED_AT) = ?) OR (YEAR(SCHEDULE_FINISH_AT) = ? AND MONTH(SCHEDULE_FINISH_AT) = ?)
Hibernate: select user0_.user_id as col_0_0_ from user user0_ where user0_.user_user_id=? limit ?
Hibernate: select user0_.user_id as col_0_0_ from user user0_ where user0_.user_user_id=? limit ?
Hibernate: select U.* from USER U where U.USER_USER_ID =?
Hibernate: select character0_.character_id as characte1_6_0_, character0_.character_character_name as characte2_6_0_ from characters character0_ where character0_.character_id=?
Hibernate: select user0_.user_id as col_0_0_ from user user0_ where user0_.user_user_id=? limit ?
Hibernate: select user0_.user_id as col_0_0_ from user user0_ where user0_.user_user_id=? limit ?
Hibernate: select U.* from USER U where U.USER_USER_ID =?
Hibernate: select character0_.character_id as characte1_6_0_, character0_.character_character_name as characte2_6_0_ from characters character0_ where character0_.character_id=?
Hibernate: select user0_.user_id as user_id1_21_0_, user0_.character_id as characte7_21_0_, user0_.user_created_at as user_cre2_21_0_, user0_.user_name as user_nam3_21_0_, user0_.user_phone_number as user_pho4_21_0_, user0_.user_user_id as user_use5_21_0_, user0_.user_user_password as user_use6_21_0_ from user user0_ where user0_.user_id=?
Hibernate: select character0_.character_id as characte1_6_0_, character0_.character_character_name as characte2_6_0_ from characters character0_ where character0_.character_id=?
Hibernate: SELECT * FROM SCHEDULE WHERE (YEAR(SCHEDULE_STARTED_AT) = ? AND MONTH(SCHEDULE_STARTED_AT) = ?) OR (YEAR(SCHEDULE_FINISH_AT) = ? AND MONTH(SCHEDULE_FINISH_AT) = ?)
Hibernate: select user0_.user_id as user_id1_21_0_, user0_.character_id as characte7_21_0_, user0_.user_created_at as user_cre2_21_0_, user0_.user_name as user_nam3_21_0_, user0_.user_phone_number as user_pho4_21_0_, user0_.user_user_id as user_use5_21_0_, user0_.user_user_password as user_use6_21_0_ from user user0_ where user0_.user_id=?
Hibernate: select character0_.character_id as characte1_6_0_, character0_.character_character_name as characte2_6_0_ from characters character0_ where character0_.character_id=?
Hibernate: SELECT * FROM SCHEDULE WHERE (YEAR(SCHEDULE_STARTED_AT) = ? AND MONTH(SCHEDULE_STARTED_AT) = ?) OR (YEAR(SCHEDULE_FINISH_AT) = ? AND MONTH(SCHEDULE_FINISH_AT) = ?)
Hibernate: select user0_.user_id as user_id1_21_0_, user0_.character_id as characte7_21_0_, user0_.user_created_at as user_cre2_21_0_, user0_.user_name as user_nam3_21_0_, user0_.user_phone_number as user_pho4_21_0_, user0_.user_user_id as user_use5_21_0_, user0_.user_user_password as user_use6_21_0_ from user user0_ where user0_.user_id=?
Hibernate: select character0_.character_id as characte1_6_0_, character0_.character_character_name as characte2_6_0_ from characters character0_ where character0_.character_id=?
Hibernate: SELECT * FROM SCHEDULE WHERE (YEAR(SCHEDULE_STARTED_AT) = ? AND MONTH(SCHEDULE_STARTED_AT) = ?) OR (YEAR(SCHEDULE_FINISH_AT) = ? AND MONTH(SCHEDULE_FINISH_AT) = ?)
Hibernate: select user0_.user_id as user_id1_21_0_, user0_.character_id as characte7_21_0_, user0_.user_created_at as user_cre2_21_0_, user0_.user_name as user_nam3_21_0_, user0_.user_phone_number as user_pho4_21_0_, user0_.user_user_id as user_use5_21_0_, user0_.user_user_password as user_use6_21_0_ from user user0_ where user0_.user_id=?
Hibernate: select character0_.character_id as characte1_6_0_, character0_.character_character_name as characte2_6_0_ from characters character0_ where character0_.character_id=?
Hibernate: SELECT * FROM SCHEDULE WHERE (YEAR(SCHEDULE_STARTED_AT) = ? AND MONTH(SCHEDULE_STARTED_AT) = ?) OR (YEAR(SCHEDULE_FINISH_AT) = ? AND MONTH(SCHEDULE_FINISH_AT) = ?)
Hibernate: select user0_.user_id as user_id1_21_0_, user0_.character_id as characte7_21_0_, user0_.user_created_at as user_cre2_21_0_, user0_.user_name as user_nam3_21_0_, user0_.user_phone_number as user_pho4_21_0_, user0_.user_user_id as user_use5_21_0_, user0_.user_user_password as user_use6_21_0_ from user user0_ where user0_.user_id=?
Hibernate: select character0_.character_id as characte1_6_0_, character0_.character_character_name as characte2_6_0_ from characters character0_ where character0_.character_id=?
Hibernate: SELECT * FROM SCHEDULE WHERE (YEAR(SCHEDULE_STARTED_AT) = ? AND MONTH(SCHEDULE_STARTED_AT) = ?) OR (YEAR(SCHEDULE_FINISH_AT) = ? AND MONTH(SCHEDULE_FINISH_AT) = ?)
Hibernate: select user0_.user_id as user_id1_21_0_, user0_.character_id as characte7_21_0_, user0_.user_created_at as user_cre2_21_0_, user0_.user_name as user_nam3_21_0_, user0_.user_phone_number as user_pho4_21_0_, user0_.user_user_id as user_use5_21_0_, user0_.user_user_password as user_use6_21_0_ from user user0_ where user0_.user_id=?
Hibernate: select character0_.character_id as characte1_6_0_, character0_.character_character_name as characte2_6_0_ from characters character0_ where character0_.character_id=?
Hibernate: SELECT * FROM SCHEDULE WHERE (YEAR(SCHEDULE_STARTED_AT) = ? AND MONTH(SCHEDULE_STARTED_AT) = ?) OR (YEAR(SCHEDULE_FINISH_AT) = ? AND MONTH(SCHEDULE_FINISH_AT) = ?)
Hibernate: select user0_.user_id as user_id1_21_0_, user0_.character_id as characte7_21_0_, user0_.user_created_at as user_cre2_21_0_, user0_.user_name as user_nam3_21_0_, user0_.user_phone_number as user_pho4_21_0_, user0_.user_user_id as user_use5_21_0_, user0_.user_user_password as user_use6_21_0_ from user user0_ where user0_.user_id=?
Hibernate: select character0_.character_id as characte1_6_0_, character0_.character_character_name as characte2_6_0_ from characters character0_ where character0_.character_id=?
Hibernate: SELECT * FROM SCHEDULE WHERE (YEAR(SCHEDULE_STARTED_AT) = ? AND MONTH(SCHEDULE_STARTED_AT) = ?) OR (YEAR(SCHEDULE_FINISH_AT) = ? AND MONTH(SCHEDULE_FINISH_AT) = ?)
Hibernate: select user0_.user_id as user_id1_21_0_, user0_.character_id as characte7_21_0_, user0_.user_created_at as user_cre2_21_0_, user0_.user_name as user_nam3_21_0_, user0_.user_phone_number as user_pho4_21_0_, user0_.user_user_id as user_use5_21_0_, user0_.user_user_password as user_use6_21_0_ from user user0_ where user0_.user_id=?
Hibernate: select character0_.character_id as characte1_6_0_, character0_.character_character_name as characte2_6_0_ from characters character0_ where character0_.character_id=?
Hibernate: SELECT * FROM SCHEDULE WHERE (YEAR(SCHEDULE_STARTED_AT) = ? AND MONTH(SCHEDULE_STARTED_AT) = ?) OR (YEAR(SCHEDULE_FINISH_AT) = ? AND MONTH(SCHEDULE_FINISH_AT) = ?)
Hibernate: select user0_.user_id as user_id1_21_0_, user0_.character_id as characte7_21_0_, user0_.user_created_at as user_cre2_21_0_, user0_.user_name as user_nam3_21_0_, user0_.user_phone_number as user_pho4_21_0_, user0_.user_user_id as user_use5_21_0_, user0_.user_user_password as user_use6_21_0_ from user user0_ where user0_.user_id=?
Hibernate: select character0_.character_id as characte1_6_0_, character0_.character_character_name as characte2_6_0_ from characters character0_ where character0_.character_id=?
Hibernate: SELECT * FROM SCHEDULE WHERE (YEAR(SCHEDULE_STARTED_AT) = ? AND MONTH(SCHEDULE_STARTED_AT) = ?) OR (YEAR(SCHEDULE_FINISH_AT) = ? AND MONTH(SCHEDULE_FINISH_AT) = ?)
Hibernate: select user0_.user_id as user_id1_21_0_, user0_.character_id as characte7_21_0_, user0_.user_created_at as user_cre2_21_0_, user0_.user_name as user_nam3_21_0_, user0_.user_phone_number as user_pho4_21_0_, user0_.user_user_id as user_use5_21_0_, user0_.user_user_password as user_use6_21_0_ from user user0_ where user0_.user_id=?
Hibernate: select character0_.character_id as characte1_6_0_, character0_.character_character_name as characte2_6_0_ from characters character0_ where character0_.character_id=?
Hibernate: SELECT * FROM SCHEDULE WHERE (YEAR(SCHEDULE_STARTED_AT) = ? AND MONTH(SCHEDULE_STARTED_AT) = ?) OR (YEAR(SCHEDULE_FINISH_AT) = ? AND MONTH(SCHEDULE_FINISH_AT) = ?)
Hibernate: select user0_.user_id as user_id1_21_0_, user0_.character_id as characte7_21_0_, user0_.user_created_at as user_cre2_21_0_, user0_.user_name as user_nam3_21_0_, user0_.user_phone_number as user_pho4_21_0_, user0_.user_user_id as user_use5_21_0_, user0_.user_user_password as user_use6_21_0_ from user user0_ where user0_.user_id=?
Hibernate: select character0_.character_id as characte1_6_0_, character0_.character_character_name as characte2_6_0_ from characters character0_ where character0_.character_id=?
Hibernate: SELECT * FROM SCHEDULE WHERE (YEAR(SCHEDULE_STARTED_AT) = ? AND MONTH(SCHEDULE_STARTED_AT) = ?) OR (YEAR(SCHEDULE_FINISH_AT) = ? AND MONTH(SCHEDULE_FINISH_AT) = ?)
Hibernate: select user0_.user_id as user_id1_21_0_, user0_.character_id as characte7_21_0_, user0_.user_created_at as user_cre2_21_0_, user0_.user_name as user_nam3_21_0_, user0_.user_phone_number as user_pho4_21_0_, user0_.user_user_id as user_use5_21_0_, user0_.user_user_password as user_use6_21_0_ from user user0_ where user0_.user_id=?
Hibernate: select character0_.character_id as characte1_6_0_, character0_.character_character_name as characte2_6_0_ from characters character0_ where character0_.character_id=?
Hibernate: SELECT * FROM SCHEDULE WHERE (YEAR(SCHEDULE_STARTED_AT) = ? AND MONTH(SCHEDULE_STARTED_AT) = ?) OR (YEAR(SCHEDULE_FINISH_AT) = ? AND MONTH(SCHEDULE_FINISH_AT) = ?)
Hibernate: select user0_.user_id as col_0_0_ from user user0_ where user0_.user_user_id=? limit ?
Hibernate: select user0_.user_id as col_0_0_ from user user0_ where user0_.user_user_id=? limit ?
Hibernate: select U.* from USER U where U.USER_USER_ID =?
Hibernate: select character0_.character_id as characte1_6_0_, character0_.character_character_name as characte2_6_0_ from characters character0_ where character0_.character_id=?
Hibernate: select user0_.user_id as col_0_0_ from user user0_ where user0_.user_user_id=? limit ?
Hibernate: select user0_.user_id as col_0_0_ from user user0_ where user0_.user_user_id=? limit ?
Hibernate: select U.* from USER U where U.USER_USER_ID =?
Hibernate: select character0_.character_id as characte1_6_0_, character0_.character_character_name as characte2_6_0_ from characters character0_ where character0_.character_id=?
Hibernate: select user0_.user_id as user_id1_21_0_, user0_.character_id as characte7_21_0_, user0_.user_created_at as user_cre2_21_0_, user0_.user_name as user_nam3_21_0_, user0_.user_phone_number as user_pho4_21_0_, user0_.user_user_id as user_use5_21_0_, user0_.user_user_password as user_use6_21_0_ from user user0_ where user0_.user_id=?
Hibernate: select character0_.character_id as characte1_6_0_, character0_.character_character_name as characte2_6_0_ from characters character0_ where character0_.character_id=?
Hibernate: select count(*) as col_0_0_ from user user0_ where user0_.user_id=?
Hibernate: select character1_.character_id as characte1_6_, character1_.character_character_name as characte2_6_ from user user0_ inner join characters character1_ on user0_.character_id=character1_.character_id where user0_.user_id=?
Hibernate: select permission0_.character_id as characte6_12_0_, permission0_.permission_id as permissi1_12_0_, permission0_.permission_id as permissi1_12_1_, permission0_.character_id as characte6_12_1_, permission0_.permission_name as permissi2_12_1_, permission0_.permission_permission_unit_id as permissi3_12_1_, permission0_.permission_service as permissi4_12_1_, permission0_.permission_status as permissi5_12_1_ from permission permission0_ where permission0_.character_id=?

MockHttpServletRequest:
      HTTP Method = POST
      Request URI = /schedule
       Parameters = {}
          Headers = [Content-Type:"application/json;charset=UTF-8", Accept:"application/json", Api-version:"1.0", Authorization:"Bearer eyJhbGciOiJIUzI1NiJ9.eyJzdWIiOiIxIiwiaWF0IjoxNjg3ODc3NDY4LCJleHAiOjE2ODc4ODEwNjh9.L4tO6_dDAW_EBZT75Jfu2R72X2bmpa30eKXBNOnKWzQ", Content-Length:"177"]
             Body = {"schedule_title":"seminar","schedule_content":"BFS","started_at":"2023-01-24T20:52","finish_at":"2023-01-31T23:59","repeat":{"cycle":123,"repeat_finish_at":"2023-01-28T23:59"}}
    Session Attrs = {}

Handler:
             Type = org.waldreg.controller.schedule.ScheduleController
           Method = org.waldreg.controller.schedule.ScheduleController#createSchedule(ScheduleRequest)

Async:
    Async started = false
     Async result = null

Resolved Exception:
             Type = org.waldreg.schedule.exception.InvalidRepeatException

ModelAndView:
        View name = null
             View = null
            Model = null

FlashMap:
       Attributes = null

MockHttpServletResponse:
           Status = 400
    Error message = null
          Headers = [Vary:"Origin", "Access-Control-Request-Method", "Access-Control-Request-Headers", Api-version:"1.0", Content-Type:"application/json"]
     Content type = application/json
             Body = {"code":"SCHEDULE-406","messages":"Repeat finish date \"2023-01-28T23:59\" cannot precede schedule start date \"2023-01-24T20:52\" or finish date \"2023-01-31T23:59\"","document_url":"docs.waldreg.org"}
    Forwarded URL = null
   Redirected URL = null
          Cookies = []
Hibernate: select user0_.user_id as col_0_0_ from user user0_ where user0_.user_user_id=? limit ?
Hibernate: select user0_.user_id as col_0_0_ from user user0_ where user0_.user_user_id=? limit ?
Hibernate: select U.* from USER U where U.USER_USER_ID =?
Hibernate: select character0_.character_id as characte1_6_0_, character0_.character_character_name as characte2_6_0_ from characters character0_ where character0_.character_id=?
Hibernate: select user0_.user_id as user_id1_21_0_, user0_.character_id as characte7_21_0_, user0_.user_created_at as user_cre2_21_0_, user0_.user_name as user_nam3_21_0_, user0_.user_phone_number as user_pho4_21_0_, user0_.user_user_id as user_use5_21_0_, user0_.user_user_password as user_use6_21_0_ from user user0_ where user0_.user_id=?
Hibernate: select character0_.character_id as characte1_6_0_, character0_.character_character_name as characte2_6_0_ from characters character0_ where character0_.character_id=?
Hibernate: SELECT * FROM SCHEDULE WHERE (YEAR(SCHEDULE_STARTED_AT) = ? AND MONTH(SCHEDULE_STARTED_AT) = ?) OR (YEAR(SCHEDULE_FINISH_AT) = ? AND MONTH(SCHEDULE_FINISH_AT) = ?)
Hibernate: select user0_.user_id as user_id1_21_0_, user0_.character_id as characte7_21_0_, user0_.user_created_at as user_cre2_21_0_, user0_.user_name as user_nam3_21_0_, user0_.user_phone_number as user_pho4_21_0_, user0_.user_user_id as user_use5_21_0_, user0_.user_user_password as user_use6_21_0_ from user user0_ where user0_.user_id=?
Hibernate: select character0_.character_id as characte1_6_0_, character0_.character_character_name as characte2_6_0_ from characters character0_ where character0_.character_id=?
Hibernate: SELECT * FROM SCHEDULE WHERE (YEAR(SCHEDULE_STARTED_AT) = ? AND MONTH(SCHEDULE_STARTED_AT) = ?) OR (YEAR(SCHEDULE_FINISH_AT) = ? AND MONTH(SCHEDULE_FINISH_AT) = ?)
Hibernate: select user0_.user_id as user_id1_21_0_, user0_.character_id as characte7_21_0_, user0_.user_created_at as user_cre2_21_0_, user0_.user_name as user_nam3_21_0_, user0_.user_phone_number as user_pho4_21_0_, user0_.user_user_id as user_use5_21_0_, user0_.user_user_password as user_use6_21_0_ from user user0_ where user0_.user_id=?
Hibernate: select character0_.character_id as characte1_6_0_, character0_.character_character_name as characte2_6_0_ from characters character0_ where character0_.character_id=?
Hibernate: SELECT * FROM SCHEDULE WHERE (YEAR(SCHEDULE_STARTED_AT) = ? AND MONTH(SCHEDULE_STARTED_AT) = ?) OR (YEAR(SCHEDULE_FINISH_AT) = ? AND MONTH(SCHEDULE_FINISH_AT) = ?)
Hibernate: select user0_.user_id as user_id1_21_0_, user0_.character_id as characte7_21_0_, user0_.user_created_at as user_cre2_21_0_, user0_.user_name as user_nam3_21_0_, user0_.user_phone_number as user_pho4_21_0_, user0_.user_user_id as user_use5_21_0_, user0_.user_user_password as user_use6_21_0_ from user user0_ where user0_.user_id=?
Hibernate: select character0_.character_id as characte1_6_0_, character0_.character_character_name as characte2_6_0_ from characters character0_ where character0_.character_id=?
Hibernate: SELECT * FROM SCHEDULE WHERE (YEAR(SCHEDULE_STARTED_AT) = ? AND MONTH(SCHEDULE_STARTED_AT) = ?) OR (YEAR(SCHEDULE_FINISH_AT) = ? AND MONTH(SCHEDULE_FINISH_AT) = ?)
Hibernate: select user0_.user_id as user_id1_21_0_, user0_.character_id as characte7_21_0_, user0_.user_created_at as user_cre2_21_0_, user0_.user_name as user_nam3_21_0_, user0_.user_phone_number as user_pho4_21_0_, user0_.user_user_id as user_use5_21_0_, user0_.user_user_password as user_use6_21_0_ from user user0_ where user0_.user_id=?
Hibernate: select character0_.character_id as characte1_6_0_, character0_.character_character_name as characte2_6_0_ from characters character0_ where character0_.character_id=?
Hibernate: SELECT * FROM SCHEDULE WHERE (YEAR(SCHEDULE_STARTED_AT) = ? AND MONTH(SCHEDULE_STARTED_AT) = ?) OR (YEAR(SCHEDULE_FINISH_AT) = ? AND MONTH(SCHEDULE_FINISH_AT) = ?)
Hibernate: select user0_.user_id as user_id1_21_0_, user0_.character_id as characte7_21_0_, user0_.user_created_at as user_cre2_21_0_, user0_.user_name as user_nam3_21_0_, user0_.user_phone_number as user_pho4_21_0_, user0_.user_user_id as user_use5_21_0_, user0_.user_user_password as user_use6_21_0_ from user user0_ where user0_.user_id=?
Hibernate: select character0_.character_id as characte1_6_0_, character0_.character_character_name as characte2_6_0_ from characters character0_ where character0_.character_id=?
Hibernate: SELECT * FROM SCHEDULE WHERE (YEAR(SCHEDULE_STARTED_AT) = ? AND MONTH(SCHEDULE_STARTED_AT) = ?) OR (YEAR(SCHEDULE_FINISH_AT) = ? AND MONTH(SCHEDULE_FINISH_AT) = ?)
Hibernate: select user0_.user_id as user_id1_21_0_, user0_.character_id as characte7_21_0_, user0_.user_created_at as user_cre2_21_0_, user0_.user_name as user_nam3_21_0_, user0_.user_phone_number as user_pho4_21_0_, user0_.user_user_id as user_use5_21_0_, user0_.user_user_password as user_use6_21_0_ from user user0_ where user0_.user_id=?
Hibernate: select character0_.character_id as characte1_6_0_, character0_.character_character_name as characte2_6_0_ from characters character0_ where character0_.character_id=?
Hibernate: SELECT * FROM SCHEDULE WHERE (YEAR(SCHEDULE_STARTED_AT) = ? AND MONTH(SCHEDULE_STARTED_AT) = ?) OR (YEAR(SCHEDULE_FINISH_AT) = ? AND MONTH(SCHEDULE_FINISH_AT) = ?)
Hibernate: select user0_.user_id as user_id1_21_0_, user0_.character_id as characte7_21_0_, user0_.user_created_at as user_cre2_21_0_, user0_.user_name as user_nam3_21_0_, user0_.user_phone_number as user_pho4_21_0_, user0_.user_user_id as user_use5_21_0_, user0_.user_user_password as user_use6_21_0_ from user user0_ where user0_.user_id=?
Hibernate: select character0_.character_id as characte1_6_0_, character0_.character_character_name as characte2_6_0_ from characters character0_ where character0_.character_id=?
Hibernate: SELECT * FROM SCHEDULE WHERE (YEAR(SCHEDULE_STARTED_AT) = ? AND MONTH(SCHEDULE_STARTED_AT) = ?) OR (YEAR(SCHEDULE_FINISH_AT) = ? AND MONTH(SCHEDULE_FINISH_AT) = ?)
Hibernate: select user0_.user_id as user_id1_21_0_, user0_.character_id as characte7_21_0_, user0_.user_created_at as user_cre2_21_0_, user0_.user_name as user_nam3_21_0_, user0_.user_phone_number as user_pho4_21_0_, user0_.user_user_id as user_use5_21_0_, user0_.user_user_password as user_use6_21_0_ from user user0_ where user0_.user_id=?
Hibernate: select character0_.character_id as characte1_6_0_, character0_.character_character_name as characte2_6_0_ from characters character0_ where character0_.character_id=?
Hibernate: SELECT * FROM SCHEDULE WHERE (YEAR(SCHEDULE_STARTED_AT) = ? AND MONTH(SCHEDULE_STARTED_AT) = ?) OR (YEAR(SCHEDULE_FINISH_AT) = ? AND MONTH(SCHEDULE_FINISH_AT) = ?)
Hibernate: select user0_.user_id as user_id1_21_0_, user0_.character_id as characte7_21_0_, user0_.user_created_at as user_cre2_21_0_, user0_.user_name as user_nam3_21_0_, user0_.user_phone_number as user_pho4_21_0_, user0_.user_user_id as user_use5_21_0_, user0_.user_user_password as user_use6_21_0_ from user user0_ where user0_.user_id=?
Hibernate: select character0_.character_id as characte1_6_0_, character0_.character_character_name as characte2_6_0_ from characters character0_ where character0_.character_id=?
Hibernate: SELECT * FROM SCHEDULE WHERE (YEAR(SCHEDULE_STARTED_AT) = ? AND MONTH(SCHEDULE_STARTED_AT) = ?) OR (YEAR(SCHEDULE_FINISH_AT) = ? AND MONTH(SCHEDULE_FINISH_AT) = ?)
Hibernate: select user0_.user_id as user_id1_21_0_, user0_.character_id as characte7_21_0_, user0_.user_created_at as user_cre2_21_0_, user0_.user_name as user_nam3_21_0_, user0_.user_phone_number as user_pho4_21_0_, user0_.user_user_id as user_use5_21_0_, user0_.user_user_password as user_use6_21_0_ from user user0_ where user0_.user_id=?
Hibernate: select character0_.character_id as characte1_6_0_, character0_.character_character_name as characte2_6_0_ from characters character0_ where character0_.character_id=?
Hibernate: SELECT * FROM SCHEDULE WHERE (YEAR(SCHEDULE_STARTED_AT) = ? AND MONTH(SCHEDULE_STARTED_AT) = ?) OR (YEAR(SCHEDULE_FINISH_AT) = ? AND MONTH(SCHEDULE_FINISH_AT) = ?)
Hibernate: select user0_.user_id as user_id1_21_0_, user0_.character_id as characte7_21_0_, user0_.user_created_at as user_cre2_21_0_, user0_.user_name as user_nam3_21_0_, user0_.user_phone_number as user_pho4_21_0_, user0_.user_user_id as user_use5_21_0_, user0_.user_user_password as user_use6_21_0_ from user user0_ where user0_.user_id=?
Hibernate: select character0_.character_id as characte1_6_0_, character0_.character_character_name as characte2_6_0_ from characters character0_ where character0_.character_id=?
Hibernate: SELECT * FROM SCHEDULE WHERE (YEAR(SCHEDULE_STARTED_AT) = ? AND MONTH(SCHEDULE_STARTED_AT) = ?) OR (YEAR(SCHEDULE_FINISH_AT) = ? AND MONTH(SCHEDULE_FINISH_AT) = ?)
Hibernate: select user0_.user_id as col_0_0_ from user user0_ where user0_.user_user_id=? limit ?
Hibernate: select user0_.user_id as col_0_0_ from user user0_ where user0_.user_user_id=? limit ?
Hibernate: select U.* from USER U where U.USER_USER_ID =?
Hibernate: select character0_.character_id as characte1_6_0_, character0_.character_character_name as characte2_6_0_ from characters character0_ where character0_.character_id=?
Hibernate: select user0_.user_id as col_0_0_ from user user0_ where user0_.user_user_id=? limit ?
Hibernate: select user0_.user_id as col_0_0_ from user user0_ where user0_.user_user_id=? limit ?
Hibernate: select U.* from USER U where U.USER_USER_ID =?
Hibernate: select character0_.character_id as characte1_6_0_, character0_.character_character_name as characte2_6_0_ from characters character0_ where character0_.character_id=?
Hibernate: select user0_.user_id as user_id1_21_0_, user0_.character_id as characte7_21_0_, user0_.user_created_at as user_cre2_21_0_, user0_.user_name as user_nam3_21_0_, user0_.user_phone_number as user_pho4_21_0_, user0_.user_user_id as user_use5_21_0_, user0_.user_user_password as user_use6_21_0_ from user user0_ where user0_.user_id=?
Hibernate: select character0_.character_id as characte1_6_0_, character0_.character_character_name as characte2_6_0_ from characters character0_ where character0_.character_id=?
Hibernate: SELECT * FROM SCHEDULE WHERE (YEAR(SCHEDULE_STARTED_AT) = ? AND MONTH(SCHEDULE_STARTED_AT) = ?) OR (YEAR(SCHEDULE_FINISH_AT) = ? AND MONTH(SCHEDULE_FINISH_AT) = ?)
Hibernate: select user0_.user_id as user_id1_21_0_, user0_.character_id as characte7_21_0_, user0_.user_created_at as user_cre2_21_0_, user0_.user_name as user_nam3_21_0_, user0_.user_phone_number as user_pho4_21_0_, user0_.user_user_id as user_use5_21_0_, user0_.user_user_password as user_use6_21_0_ from user user0_ where user0_.user_id=?
Hibernate: select character0_.character_id as characte1_6_0_, character0_.character_character_name as characte2_6_0_ from characters character0_ where character0_.character_id=?
Hibernate: SELECT * FROM SCHEDULE WHERE (YEAR(SCHEDULE_STARTED_AT) = ? AND MONTH(SCHEDULE_STARTED_AT) = ?) OR (YEAR(SCHEDULE_FINISH_AT) = ? AND MONTH(SCHEDULE_FINISH_AT) = ?)
Hibernate: select user0_.user_id as user_id1_21_0_, user0_.character_id as characte7_21_0_, user0_.user_created_at as user_cre2_21_0_, user0_.user_name as user_nam3_21_0_, user0_.user_phone_number as user_pho4_21_0_, user0_.user_user_id as user_use5_21_0_, user0_.user_user_password as user_use6_21_0_ from user user0_ where user0_.user_id=?
Hibernate: select character0_.character_id as characte1_6_0_, character0_.character_character_name as characte2_6_0_ from characters character0_ where character0_.character_id=?
Hibernate: SELECT * FROM SCHEDULE WHERE (YEAR(SCHEDULE_STARTED_AT) = ? AND MONTH(SCHEDULE_STARTED_AT) = ?) OR (YEAR(SCHEDULE_FINISH_AT) = ? AND MONTH(SCHEDULE_FINISH_AT) = ?)
Hibernate: select user0_.user_id as user_id1_21_0_, user0_.character_id as characte7_21_0_, user0_.user_created_at as user_cre2_21_0_, user0_.user_name as user_nam3_21_0_, user0_.user_phone_number as user_pho4_21_0_, user0_.user_user_id as user_use5_21_0_, user0_.user_user_password as user_use6_21_0_ from user user0_ where user0_.user_id=?
Hibernate: select character0_.character_id as characte1_6_0_, character0_.character_character_name as characte2_6_0_ from characters character0_ where character0_.character_id=?
Hibernate: SELECT * FROM SCHEDULE WHERE (YEAR(SCHEDULE_STARTED_AT) = ? AND MONTH(SCHEDULE_STARTED_AT) = ?) OR (YEAR(SCHEDULE_FINISH_AT) = ? AND MONTH(SCHEDULE_FINISH_AT) = ?)
Hibernate: select user0_.user_id as user_id1_21_0_, user0_.character_id as characte7_21_0_, user0_.user_created_at as user_cre2_21_0_, user0_.user_name as user_nam3_21_0_, user0_.user_phone_number as user_pho4_21_0_, user0_.user_user_id as user_use5_21_0_, user0_.user_user_password as user_use6_21_0_ from user user0_ where user0_.user_id=?
Hibernate: select character0_.character_id as characte1_6_0_, character0_.character_character_name as characte2_6_0_ from characters character0_ where character0_.character_id=?
Hibernate: SELECT * FROM SCHEDULE WHERE (YEAR(SCHEDULE_STARTED_AT) = ? AND MONTH(SCHEDULE_STARTED_AT) = ?) OR (YEAR(SCHEDULE_FINISH_AT) = ? AND MONTH(SCHEDULE_FINISH_AT) = ?)
Hibernate: select user0_.user_id as user_id1_21_0_, user0_.character_id as characte7_21_0_, user0_.user_created_at as user_cre2_21_0_, user0_.user_name as user_nam3_21_0_, user0_.user_phone_number as user_pho4_21_0_, user0_.user_user_id as user_use5_21_0_, user0_.user_user_password as user_use6_21_0_ from user user0_ where user0_.user_id=?
Hibernate: select character0_.character_id as characte1_6_0_, character0_.character_character_name as characte2_6_0_ from characters character0_ where character0_.character_id=?
Hibernate: SELECT * FROM SCHEDULE WHERE (YEAR(SCHEDULE_STARTED_AT) = ? AND MONTH(SCHEDULE_STARTED_AT) = ?) OR (YEAR(SCHEDULE_FINISH_AT) = ? AND MONTH(SCHEDULE_FINISH_AT) = ?)
Hibernate: select user0_.user_id as user_id1_21_0_, user0_.character_id as characte7_21_0_, user0_.user_created_at as user_cre2_21_0_, user0_.user_name as user_nam3_21_0_, user0_.user_phone_number as user_pho4_21_0_, user0_.user_user_id as user_use5_21_0_, user0_.user_user_password as user_use6_21_0_ from user user0_ where user0_.user_id=?
Hibernate: select character0_.character_id as characte1_6_0_, character0_.character_character_name as characte2_6_0_ from characters character0_ where character0_.character_id=?
Hibernate: SELECT * FROM SCHEDULE WHERE (YEAR(SCHEDULE_STARTED_AT) = ? AND MONTH(SCHEDULE_STARTED_AT) = ?) OR (YEAR(SCHEDULE_FINISH_AT) = ? AND MONTH(SCHEDULE_FINISH_AT) = ?)
Hibernate: select user0_.user_id as user_id1_21_0_, user0_.character_id as characte7_21_0_, user0_.user_created_at as user_cre2_21_0_, user0_.user_name as user_nam3_21_0_, user0_.user_phone_number as user_pho4_21_0_, user0_.user_user_id as user_use5_21_0_, user0_.user_user_password as user_use6_21_0_ from user user0_ where user0_.user_id=?
Hibernate: select character0_.character_id as characte1_6_0_, character0_.character_character_name as characte2_6_0_ from characters character0_ where character0_.character_id=?
Hibernate: SELECT * FROM SCHEDULE WHERE (YEAR(SCHEDULE_STARTED_AT) = ? AND MONTH(SCHEDULE_STARTED_AT) = ?) OR (YEAR(SCHEDULE_FINISH_AT) = ? AND MONTH(SCHEDULE_FINISH_AT) = ?)
Hibernate: select user0_.user_id as user_id1_21_0_, user0_.character_id as characte7_21_0_, user0_.user_created_at as user_cre2_21_0_, user0_.user_name as user_nam3_21_0_, user0_.user_phone_number as user_pho4_21_0_, user0_.user_user_id as user_use5_21_0_, user0_.user_user_password as user_use6_21_0_ from user user0_ where user0_.user_id=?
Hibernate: select character0_.character_id as characte1_6_0_, character0_.character_character_name as characte2_6_0_ from characters character0_ where character0_.character_id=?
Hibernate: SELECT * FROM SCHEDULE WHERE (YEAR(SCHEDULE_STARTED_AT) = ? AND MONTH(SCHEDULE_STARTED_AT) = ?) OR (YEAR(SCHEDULE_FINISH_AT) = ? AND MONTH(SCHEDULE_FINISH_AT) = ?)
Hibernate: select user0_.user_id as user_id1_21_0_, user0_.character_id as characte7_21_0_, user0_.user_created_at as user_cre2_21_0_, user0_.user_name as user_nam3_21_0_, user0_.user_phone_number as user_pho4_21_0_, user0_.user_user_id as user_use5_21_0_, user0_.user_user_password as user_use6_21_0_ from user user0_ where user0_.user_id=?
Hibernate: select character0_.character_id as characte1_6_0_, character0_.character_character_name as characte2_6_0_ from characters character0_ where character0_.character_id=?
Hibernate: SELECT * FROM SCHEDULE WHERE (YEAR(SCHEDULE_STARTED_AT) = ? AND MONTH(SCHEDULE_STARTED_AT) = ?) OR (YEAR(SCHEDULE_FINISH_AT) = ? AND MONTH(SCHEDULE_FINISH_AT) = ?)
Hibernate: select user0_.user_id as user_id1_21_0_, user0_.character_id as characte7_21_0_, user0_.user_created_at as user_cre2_21_0_, user0_.user_name as user_nam3_21_0_, user0_.user_phone_number as user_pho4_21_0_, user0_.user_user_id as user_use5_21_0_, user0_.user_user_password as user_use6_21_0_ from user user0_ where user0_.user_id=?
Hibernate: select character0_.character_id as characte1_6_0_, character0_.character_character_name as characte2_6_0_ from characters character0_ where character0_.character_id=?
Hibernate: SELECT * FROM SCHEDULE WHERE (YEAR(SCHEDULE_STARTED_AT) = ? AND MONTH(SCHEDULE_STARTED_AT) = ?) OR (YEAR(SCHEDULE_FINISH_AT) = ? AND MONTH(SCHEDULE_FINISH_AT) = ?)
Hibernate: select user0_.user_id as user_id1_21_0_, user0_.character_id as characte7_21_0_, user0_.user_created_at as user_cre2_21_0_, user0_.user_name as user_nam3_21_0_, user0_.user_phone_number as user_pho4_21_0_, user0_.user_user_id as user_use5_21_0_, user0_.user_user_password as user_use6_21_0_ from user user0_ where user0_.user_id=?
Hibernate: select character0_.character_id as characte1_6_0_, character0_.character_character_name as characte2_6_0_ from characters character0_ where character0_.character_id=?
Hibernate: SELECT * FROM SCHEDULE WHERE (YEAR(SCHEDULE_STARTED_AT) = ? AND MONTH(SCHEDULE_STARTED_AT) = ?) OR (YEAR(SCHEDULE_FINISH_AT) = ? AND MONTH(SCHEDULE_FINISH_AT) = ?)
Hibernate: select user0_.user_id as col_0_0_ from user user0_ where user0_.user_user_id=? limit ?
Hibernate: select user0_.user_id as col_0_0_ from user user0_ where user0_.user_user_id=? limit ?
Hibernate: select U.* from USER U where U.USER_USER_ID =?
Hibernate: select character0_.character_id as characte1_6_0_, character0_.character_character_name as characte2_6_0_ from characters character0_ where character0_.character_id=?
Hibernate: select user0_.user_id as col_0_0_ from user user0_ where user0_.user_user_id=? limit ?
Hibernate: select user0_.user_id as col_0_0_ from user user0_ where user0_.user_user_id=? limit ?
Hibernate: select U.* from USER U where U.USER_USER_ID =?
Hibernate: select character0_.character_id as characte1_6_0_, character0_.character_character_name as characte2_6_0_ from characters character0_ where character0_.character_id=?
Hibernate: select user0_.user_id as user_id1_21_0_, user0_.character_id as characte7_21_0_, user0_.user_created_at as user_cre2_21_0_, user0_.user_name as user_nam3_21_0_, user0_.user_phone_number as user_pho4_21_0_, user0_.user_user_id as user_use5_21_0_, user0_.user_user_password as user_use6_21_0_ from user user0_ where user0_.user_id=?
Hibernate: select character0_.character_id as characte1_6_0_, character0_.character_character_name as characte2_6_0_ from characters character0_ where character0_.character_id=?
Hibernate: select count(*) as col_0_0_ from user user0_ where user0_.user_id=?
Hibernate: select character1_.character_id as characte1_6_, character1_.character_character_name as characte2_6_ from user user0_ inner join characters character1_ on user0_.character_id=character1_.character_id where user0_.user_id=?
Hibernate: select permission0_.character_id as characte6_12_0_, permission0_.permission_id as permissi1_12_0_, permission0_.permission_id as permissi1_12_1_, permission0_.character_id as characte6_12_1_, permission0_.permission_name as permissi2_12_1_, permission0_.permission_permission_unit_id as permissi3_12_1_, permission0_.permission_service as permissi4_12_1_, permission0_.permission_status as permissi5_12_1_ from permission permission0_ where permission0_.character_id=?

MockHttpServletRequest:
      HTTP Method = POST
      Request URI = /schedule
       Parameters = {}
          Headers = [Content-Type:"application/json;charset=UTF-8", Accept:"application/json", Api-version:"1.0", Authorization:"Bearer eyJhbGciOiJIUzI1NiJ9.eyJzdWIiOiIxIiwiaWF0IjoxNjg3ODc3NDY4LCJleHAiOjE2ODc4ODEwNjh9.L4tO6_dDAW_EBZT75Jfu2R72X2bmpa30eKXBNOnKWzQ", Content-Length:"177"]
             Body = {"schedule_title":"seminar","schedule_content":"BFS","started_at":"2023-01-31T23:59","finish_at":"2023-01-24T20:52","repeat":{"cycle":123,"repeat_finish_at":"2023-12-31T23:59"}}
    Session Attrs = {}

Handler:
             Type = org.waldreg.controller.schedule.ScheduleController
           Method = org.waldreg.controller.schedule.ScheduleController#createSchedule(ScheduleRequest)

Async:
    Async started = false
     Async result = null

Resolved Exception:
             Type = org.waldreg.schedule.exception.InvalidSchedulePeriodException

ModelAndView:
        View name = null
             View = null
            Model = null

FlashMap:
       Attributes = null

MockHttpServletResponse:
           Status = 400
    Error message = null
          Headers = [Vary:"Origin", "Access-Control-Request-Method", "Access-Control-Request-Headers", Api-version:"1.0", Content-Type:"application/json"]
     Content type = application/json
             Body = {"code":"SCHEDULE-408","messages":"Schedule finish date \"2023-01-24T20:52\" cannot precede start date \"2023-01-31T23:59\"","document_url":"docs.waldreg.org"}
    Forwarded URL = null
   Redirected URL = null
          Cookies = []
Hibernate: select user0_.user_id as col_0_0_ from user user0_ where user0_.user_user_id=? limit ?
Hibernate: select user0_.user_id as col_0_0_ from user user0_ where user0_.user_user_id=? limit ?
Hibernate: select U.* from USER U where U.USER_USER_ID =?
Hibernate: select character0_.character_id as characte1_6_0_, character0_.character_character_name as characte2_6_0_ from characters character0_ where character0_.character_id=?
Hibernate: select user0_.user_id as user_id1_21_0_, user0_.character_id as characte7_21_0_, user0_.user_created_at as user_cre2_21_0_, user0_.user_name as user_nam3_21_0_, user0_.user_phone_number as user_pho4_21_0_, user0_.user_user_id as user_use5_21_0_, user0_.user_user_password as user_use6_21_0_ from user user0_ where user0_.user_id=?
Hibernate: select character0_.character_id as characte1_6_0_, character0_.character_character_name as characte2_6_0_ from characters character0_ where character0_.character_id=?
Hibernate: SELECT * FROM SCHEDULE WHERE (YEAR(SCHEDULE_STARTED_AT) = ? AND MONTH(SCHEDULE_STARTED_AT) = ?) OR (YEAR(SCHEDULE_FINISH_AT) = ? AND MONTH(SCHEDULE_FINISH_AT) = ?)
Hibernate: select user0_.user_id as user_id1_21_0_, user0_.character_id as characte7_21_0_, user0_.user_created_at as user_cre2_21_0_, user0_.user_name as user_nam3_21_0_, user0_.user_phone_number as user_pho4_21_0_, user0_.user_user_id as user_use5_21_0_, user0_.user_user_password as user_use6_21_0_ from user user0_ where user0_.user_id=?
Hibernate: select character0_.character_id as characte1_6_0_, character0_.character_character_name as characte2_6_0_ from characters character0_ where character0_.character_id=?
Hibernate: SELECT * FROM SCHEDULE WHERE (YEAR(SCHEDULE_STARTED_AT) = ? AND MONTH(SCHEDULE_STARTED_AT) = ?) OR (YEAR(SCHEDULE_FINISH_AT) = ? AND MONTH(SCHEDULE_FINISH_AT) = ?)
Hibernate: select user0_.user_id as user_id1_21_0_, user0_.character_id as characte7_21_0_, user0_.user_created_at as user_cre2_21_0_, user0_.user_name as user_nam3_21_0_, user0_.user_phone_number as user_pho4_21_0_, user0_.user_user_id as user_use5_21_0_, user0_.user_user_password as user_use6_21_0_ from user user0_ where user0_.user_id=?
Hibernate: select character0_.character_id as characte1_6_0_, character0_.character_character_name as characte2_6_0_ from characters character0_ where character0_.character_id=?
Hibernate: SELECT * FROM SCHEDULE WHERE (YEAR(SCHEDULE_STARTED_AT) = ? AND MONTH(SCHEDULE_STARTED_AT) = ?) OR (YEAR(SCHEDULE_FINISH_AT) = ? AND MONTH(SCHEDULE_FINISH_AT) = ?)
Hibernate: select user0_.user_id as user_id1_21_0_, user0_.character_id as characte7_21_0_, user0_.user_created_at as user_cre2_21_0_, user0_.user_name as user_nam3_21_0_, user0_.user_phone_number as user_pho4_21_0_, user0_.user_user_id as user_use5_21_0_, user0_.user_user_password as user_use6_21_0_ from user user0_ where user0_.user_id=?
Hibernate: select character0_.character_id as characte1_6_0_, character0_.character_character_name as characte2_6_0_ from characters character0_ where character0_.character_id=?
Hibernate: SELECT * FROM SCHEDULE WHERE (YEAR(SCHEDULE_STARTED_AT) = ? AND MONTH(SCHEDULE_STARTED_AT) = ?) OR (YEAR(SCHEDULE_FINISH_AT) = ? AND MONTH(SCHEDULE_FINISH_AT) = ?)
Hibernate: select user0_.user_id as user_id1_21_0_, user0_.character_id as characte7_21_0_, user0_.user_created_at as user_cre2_21_0_, user0_.user_name as user_nam3_21_0_, user0_.user_phone_number as user_pho4_21_0_, user0_.user_user_id as user_use5_21_0_, user0_.user_user_password as user_use6_21_0_ from user user0_ where user0_.user_id=?
Hibernate: select character0_.character_id as characte1_6_0_, character0_.character_character_name as characte2_6_0_ from characters character0_ where character0_.character_id=?
Hibernate: SELECT * FROM SCHEDULE WHERE (YEAR(SCHEDULE_STARTED_AT) = ? AND MONTH(SCHEDULE_STARTED_AT) = ?) OR (YEAR(SCHEDULE_FINISH_AT) = ? AND MONTH(SCHEDULE_FINISH_AT) = ?)
Hibernate: select user0_.user_id as user_id1_21_0_, user0_.character_id as characte7_21_0_, user0_.user_created_at as user_cre2_21_0_, user0_.user_name as user_nam3_21_0_, user0_.user_phone_number as user_pho4_21_0_, user0_.user_user_id as user_use5_21_0_, user0_.user_user_password as user_use6_21_0_ from user user0_ where user0_.user_id=?
Hibernate: select character0_.character_id as characte1_6_0_, character0_.character_character_name as characte2_6_0_ from characters character0_ where character0_.character_id=?
Hibernate: SELECT * FROM SCHEDULE WHERE (YEAR(SCHEDULE_STARTED_AT) = ? AND MONTH(SCHEDULE_STARTED_AT) = ?) OR (YEAR(SCHEDULE_FINISH_AT) = ? AND MONTH(SCHEDULE_FINISH_AT) = ?)
Hibernate: select user0_.user_id as user_id1_21_0_, user0_.character_id as characte7_21_0_, user0_.user_created_at as user_cre2_21_0_, user0_.user_name as user_nam3_21_0_, user0_.user_phone_number as user_pho4_21_0_, user0_.user_user_id as user_use5_21_0_, user0_.user_user_password as user_use6_21_0_ from user user0_ where user0_.user_id=?
Hibernate: select character0_.character_id as characte1_6_0_, character0_.character_character_name as characte2_6_0_ from characters character0_ where character0_.character_id=?
Hibernate: SELECT * FROM SCHEDULE WHERE (YEAR(SCHEDULE_STARTED_AT) = ? AND MONTH(SCHEDULE_STARTED_AT) = ?) OR (YEAR(SCHEDULE_FINISH_AT) = ? AND MONTH(SCHEDULE_FINISH_AT) = ?)
Hibernate: select user0_.user_id as user_id1_21_0_, user0_.character_id as characte7_21_0_, user0_.user_created_at as user_cre2_21_0_, user0_.user_name as user_nam3_21_0_, user0_.user_phone_number as user_pho4_21_0_, user0_.user_user_id as user_use5_21_0_, user0_.user_user_password as user_use6_21_0_ from user user0_ where user0_.user_id=?
Hibernate: select character0_.character_id as characte1_6_0_, character0_.character_character_name as characte2_6_0_ from characters character0_ where character0_.character_id=?
Hibernate: SELECT * FROM SCHEDULE WHERE (YEAR(SCHEDULE_STARTED_AT) = ? AND MONTH(SCHEDULE_STARTED_AT) = ?) OR (YEAR(SCHEDULE_FINISH_AT) = ? AND MONTH(SCHEDULE_FINISH_AT) = ?)
Hibernate: select user0_.user_id as user_id1_21_0_, user0_.character_id as characte7_21_0_, user0_.user_created_at as user_cre2_21_0_, user0_.user_name as user_nam3_21_0_, user0_.user_phone_number as user_pho4_21_0_, user0_.user_user_id as user_use5_21_0_, user0_.user_user_password as user_use6_21_0_ from user user0_ where user0_.user_id=?
Hibernate: select character0_.character_id as characte1_6_0_, character0_.character_character_name as characte2_6_0_ from characters character0_ where character0_.character_id=?
Hibernate: SELECT * FROM SCHEDULE WHERE (YEAR(SCHEDULE_STARTED_AT) = ? AND MONTH(SCHEDULE_STARTED_AT) = ?) OR (YEAR(SCHEDULE_FINISH_AT) = ? AND MONTH(SCHEDULE_FINISH_AT) = ?)
Hibernate: select user0_.user_id as user_id1_21_0_, user0_.character_id as characte7_21_0_, user0_.user_created_at as user_cre2_21_0_, user0_.user_name as user_nam3_21_0_, user0_.user_phone_number as user_pho4_21_0_, user0_.user_user_id as user_use5_21_0_, user0_.user_user_password as user_use6_21_0_ from user user0_ where user0_.user_id=?
Hibernate: select character0_.character_id as characte1_6_0_, character0_.character_character_name as characte2_6_0_ from characters character0_ where character0_.character_id=?
Hibernate: SELECT * FROM SCHEDULE WHERE (YEAR(SCHEDULE_STARTED_AT) = ? AND MONTH(SCHEDULE_STARTED_AT) = ?) OR (YEAR(SCHEDULE_FINISH_AT) = ? AND MONTH(SCHEDULE_FINISH_AT) = ?)
Hibernate: select user0_.user_id as user_id1_21_0_, user0_.character_id as characte7_21_0_, user0_.user_created_at as user_cre2_21_0_, user0_.user_name as user_nam3_21_0_, user0_.user_phone_number as user_pho4_21_0_, user0_.user_user_id as user_use5_21_0_, user0_.user_user_password as user_use6_21_0_ from user user0_ where user0_.user_id=?
Hibernate: select character0_.character_id as characte1_6_0_, character0_.character_character_name as characte2_6_0_ from characters character0_ where character0_.character_id=?
Hibernate: SELECT * FROM SCHEDULE WHERE (YEAR(SCHEDULE_STARTED_AT) = ? AND MONTH(SCHEDULE_STARTED_AT) = ?) OR (YEAR(SCHEDULE_FINISH_AT) = ? AND MONTH(SCHEDULE_FINISH_AT) = ?)
Hibernate: select user0_.user_id as user_id1_21_0_, user0_.character_id as characte7_21_0_, user0_.user_created_at as user_cre2_21_0_, user0_.user_name as user_nam3_21_0_, user0_.user_phone_number as user_pho4_21_0_, user0_.user_user_id as user_use5_21_0_, user0_.user_user_password as user_use6_21_0_ from user user0_ where user0_.user_id=?
Hibernate: select character0_.character_id as characte1_6_0_, character0_.character_character_name as characte2_6_0_ from characters character0_ where character0_.character_id=?
Hibernate: SELECT * FROM SCHEDULE WHERE (YEAR(SCHEDULE_STARTED_AT) = ? AND MONTH(SCHEDULE_STARTED_AT) = ?) OR (YEAR(SCHEDULE_FINISH_AT) = ? AND MONTH(SCHEDULE_FINISH_AT) = ?)
Hibernate: select user0_.user_id as col_0_0_ from user user0_ where user0_.user_user_id=? limit ?
Hibernate: select user0_.user_id as col_0_0_ from user user0_ where user0_.user_user_id=? limit ?
Hibernate: select U.* from USER U where U.USER_USER_ID =?
Hibernate: select character0_.character_id as characte1_6_0_, character0_.character_character_name as characte2_6_0_ from characters character0_ where character0_.character_id=?
Hibernate: select user0_.user_id as col_0_0_ from user user0_ where user0_.user_user_id=? limit ?
Hibernate: select user0_.user_id as col_0_0_ from user user0_ where user0_.user_user_id=? limit ?
Hibernate: select U.* from USER U where U.USER_USER_ID =?
Hibernate: select character0_.character_id as characte1_6_0_, character0_.character_character_name as characte2_6_0_ from characters character0_ where character0_.character_id=?
Hibernate: select user0_.user_id as user_id1_21_0_, user0_.character_id as characte7_21_0_, user0_.user_created_at as user_cre2_21_0_, user0_.user_name as user_nam3_21_0_, user0_.user_phone_number as user_pho4_21_0_, user0_.user_user_id as user_use5_21_0_, user0_.user_user_password as user_use6_21_0_ from user user0_ where user0_.user_id=?
Hibernate: select character0_.character_id as characte1_6_0_, character0_.character_character_name as characte2_6_0_ from characters character0_ where character0_.character_id=?
Hibernate: SELECT * FROM SCHEDULE WHERE (YEAR(SCHEDULE_STARTED_AT) = ? AND MONTH(SCHEDULE_STARTED_AT) = ?) OR (YEAR(SCHEDULE_FINISH_AT) = ? AND MONTH(SCHEDULE_FINISH_AT) = ?)
Hibernate: select user0_.user_id as user_id1_21_0_, user0_.character_id as characte7_21_0_, user0_.user_created_at as user_cre2_21_0_, user0_.user_name as user_nam3_21_0_, user0_.user_phone_number as user_pho4_21_0_, user0_.user_user_id as user_use5_21_0_, user0_.user_user_password as user_use6_21_0_ from user user0_ where user0_.user_id=?
Hibernate: select character0_.character_id as characte1_6_0_, character0_.character_character_name as characte2_6_0_ from characters character0_ where character0_.character_id=?
Hibernate: SELECT * FROM SCHEDULE WHERE (YEAR(SCHEDULE_STARTED_AT) = ? AND MONTH(SCHEDULE_STARTED_AT) = ?) OR (YEAR(SCHEDULE_FINISH_AT) = ? AND MONTH(SCHEDULE_FINISH_AT) = ?)
Hibernate: select user0_.user_id as user_id1_21_0_, user0_.character_id as characte7_21_0_, user0_.user_created_at as user_cre2_21_0_, user0_.user_name as user_nam3_21_0_, user0_.user_phone_number as user_pho4_21_0_, user0_.user_user_id as user_use5_21_0_, user0_.user_user_password as user_use6_21_0_ from user user0_ where user0_.user_id=?
Hibernate: select character0_.character_id as characte1_6_0_, character0_.character_character_name as characte2_6_0_ from characters character0_ where character0_.character_id=?
Hibernate: SELECT * FROM SCHEDULE WHERE (YEAR(SCHEDULE_STARTED_AT) = ? AND MONTH(SCHEDULE_STARTED_AT) = ?) OR (YEAR(SCHEDULE_FINISH_AT) = ? AND MONTH(SCHEDULE_FINISH_AT) = ?)
Hibernate: select user0_.user_id as user_id1_21_0_, user0_.character_id as characte7_21_0_, user0_.user_created_at as user_cre2_21_0_, user0_.user_name as user_nam3_21_0_, user0_.user_phone_number as user_pho4_21_0_, user0_.user_user_id as user_use5_21_0_, user0_.user_user_password as user_use6_21_0_ from user user0_ where user0_.user_id=?
Hibernate: select character0_.character_id as characte1_6_0_, character0_.character_character_name as characte2_6_0_ from characters character0_ where character0_.character_id=?
Hibernate: SELECT * FROM SCHEDULE WHERE (YEAR(SCHEDULE_STARTED_AT) = ? AND MONTH(SCHEDULE_STARTED_AT) = ?) OR (YEAR(SCHEDULE_FINISH_AT) = ? AND MONTH(SCHEDULE_FINISH_AT) = ?)
Hibernate: select user0_.user_id as user_id1_21_0_, user0_.character_id as characte7_21_0_, user0_.user_created_at as user_cre2_21_0_, user0_.user_name as user_nam3_21_0_, user0_.user_phone_number as user_pho4_21_0_, user0_.user_user_id as user_use5_21_0_, user0_.user_user_password as user_use6_21_0_ from user user0_ where user0_.user_id=?
Hibernate: select character0_.character_id as characte1_6_0_, character0_.character_character_name as characte2_6_0_ from characters character0_ where character0_.character_id=?
Hibernate: SELECT * FROM SCHEDULE WHERE (YEAR(SCHEDULE_STARTED_AT) = ? AND MONTH(SCHEDULE_STARTED_AT) = ?) OR (YEAR(SCHEDULE_FINISH_AT) = ? AND MONTH(SCHEDULE_FINISH_AT) = ?)
Hibernate: select user0_.user_id as user_id1_21_0_, user0_.character_id as characte7_21_0_, user0_.user_created_at as user_cre2_21_0_, user0_.user_name as user_nam3_21_0_, user0_.user_phone_number as user_pho4_21_0_, user0_.user_user_id as user_use5_21_0_, user0_.user_user_password as user_use6_21_0_ from user user0_ where user0_.user_id=?
Hibernate: select character0_.character_id as characte1_6_0_, character0_.character_character_name as characte2_6_0_ from characters character0_ where character0_.character_id=?
Hibernate: SELECT * FROM SCHEDULE WHERE (YEAR(SCHEDULE_STARTED_AT) = ? AND MONTH(SCHEDULE_STARTED_AT) = ?) OR (YEAR(SCHEDULE_FINISH_AT) = ? AND MONTH(SCHEDULE_FINISH_AT) = ?)
Hibernate: select user0_.user_id as user_id1_21_0_, user0_.character_id as characte7_21_0_, user0_.user_created_at as user_cre2_21_0_, user0_.user_name as user_nam3_21_0_, user0_.user_phone_number as user_pho4_21_0_, user0_.user_user_id as user_use5_21_0_, user0_.user_user_password as user_use6_21_0_ from user user0_ where user0_.user_id=?
Hibernate: select character0_.character_id as characte1_6_0_, character0_.character_character_name as characte2_6_0_ from characters character0_ where character0_.character_id=?
Hibernate: SELECT * FROM SCHEDULE WHERE (YEAR(SCHEDULE_STARTED_AT) = ? AND MONTH(SCHEDULE_STARTED_AT) = ?) OR (YEAR(SCHEDULE_FINISH_AT) = ? AND MONTH(SCHEDULE_FINISH_AT) = ?)
Hibernate: select user0_.user_id as user_id1_21_0_, user0_.character_id as characte7_21_0_, user0_.user_created_at as user_cre2_21_0_, user0_.user_name as user_nam3_21_0_, user0_.user_phone_number as user_pho4_21_0_, user0_.user_user_id as user_use5_21_0_, user0_.user_user_password as user_use6_21_0_ from user user0_ where user0_.user_id=?
Hibernate: select character0_.character_id as characte1_6_0_, character0_.character_character_name as characte2_6_0_ from characters character0_ where character0_.character_id=?
Hibernate: SELECT * FROM SCHEDULE WHERE (YEAR(SCHEDULE_STARTED_AT) = ? AND MONTH(SCHEDULE_STARTED_AT) = ?) OR (YEAR(SCHEDULE_FINISH_AT) = ? AND MONTH(SCHEDULE_FINISH_AT) = ?)
Hibernate: select user0_.user_id as user_id1_21_0_, user0_.character_id as characte7_21_0_, user0_.user_created_at as user_cre2_21_0_, user0_.user_name as user_nam3_21_0_, user0_.user_phone_number as user_pho4_21_0_, user0_.user_user_id as user_use5_21_0_, user0_.user_user_password as user_use6_21_0_ from user user0_ where user0_.user_id=?
Hibernate: select character0_.character_id as characte1_6_0_, character0_.character_character_name as characte2_6_0_ from characters character0_ where character0_.character_id=?
Hibernate: SELECT * FROM SCHEDULE WHERE (YEAR(SCHEDULE_STARTED_AT) = ? AND MONTH(SCHEDULE_STARTED_AT) = ?) OR (YEAR(SCHEDULE_FINISH_AT) = ? AND MONTH(SCHEDULE_FINISH_AT) = ?)
Hibernate: select user0_.user_id as user_id1_21_0_, user0_.character_id as characte7_21_0_, user0_.user_created_at as user_cre2_21_0_, user0_.user_name as user_nam3_21_0_, user0_.user_phone_number as user_pho4_21_0_, user0_.user_user_id as user_use5_21_0_, user0_.user_user_password as user_use6_21_0_ from user user0_ where user0_.user_id=?
Hibernate: select character0_.character_id as characte1_6_0_, character0_.character_character_name as characte2_6_0_ from characters character0_ where character0_.character_id=?
Hibernate: SELECT * FROM SCHEDULE WHERE (YEAR(SCHEDULE_STARTED_AT) = ? AND MONTH(SCHEDULE_STARTED_AT) = ?) OR (YEAR(SCHEDULE_FINISH_AT) = ? AND MONTH(SCHEDULE_FINISH_AT) = ?)
Hibernate: select user0_.user_id as user_id1_21_0_, user0_.character_id as characte7_21_0_, user0_.user_created_at as user_cre2_21_0_, user0_.user_name as user_nam3_21_0_, user0_.user_phone_number as user_pho4_21_0_, user0_.user_user_id as user_use5_21_0_, user0_.user_user_password as user_use6_21_0_ from user user0_ where user0_.user_id=?
Hibernate: select character0_.character_id as characte1_6_0_, character0_.character_character_name as characte2_6_0_ from characters character0_ where character0_.character_id=?
Hibernate: SELECT * FROM SCHEDULE WHERE (YEAR(SCHEDULE_STARTED_AT) = ? AND MONTH(SCHEDULE_STARTED_AT) = ?) OR (YEAR(SCHEDULE_FINISH_AT) = ? AND MONTH(SCHEDULE_FINISH_AT) = ?)
Hibernate: select user0_.user_id as user_id1_21_0_, user0_.character_id as characte7_21_0_, user0_.user_created_at as user_cre2_21_0_, user0_.user_name as user_nam3_21_0_, user0_.user_phone_number as user_pho4_21_0_, user0_.user_user_id as user_use5_21_0_, user0_.user_user_password as user_use6_21_0_ from user user0_ where user0_.user_id=?
Hibernate: select character0_.character_id as characte1_6_0_, character0_.character_character_name as characte2_6_0_ from characters character0_ where character0_.character_id=?
Hibernate: SELECT * FROM SCHEDULE WHERE (YEAR(SCHEDULE_STARTED_AT) = ? AND MONTH(SCHEDULE_STARTED_AT) = ?) OR (YEAR(SCHEDULE_FINISH_AT) = ? AND MONTH(SCHEDULE_FINISH_AT) = ?)
Hibernate: select user0_.user_id as col_0_0_ from user user0_ where user0_.user_user_id=? limit ?
Hibernate: select user0_.user_id as col_0_0_ from user user0_ where user0_.user_user_id=? limit ?
Hibernate: select U.* from USER U where U.USER_USER_ID =?
Hibernate: select character0_.character_id as characte1_6_0_, character0_.character_character_name as characte2_6_0_ from characters character0_ where character0_.character_id=?
Hibernate: select user0_.user_id as col_0_0_ from user user0_ where user0_.user_user_id=? limit ?
Hibernate: select user0_.user_id as col_0_0_ from user user0_ where user0_.user_user_id=? limit ?
Hibernate: select U.* from USER U where U.USER_USER_ID =?
Hibernate: select character0_.character_id as characte1_6_0_, character0_.character_character_name as characte2_6_0_ from characters character0_ where character0_.character_id=?
Hibernate: select user0_.user_id as user_id1_21_0_, user0_.character_id as characte7_21_0_, user0_.user_created_at as user_cre2_21_0_, user0_.user_name as user_nam3_21_0_, user0_.user_phone_number as user_pho4_21_0_, user0_.user_user_id as user_use5_21_0_, user0_.user_user_password as user_use6_21_0_ from user user0_ where user0_.user_id=?
Hibernate: select character0_.character_id as characte1_6_0_, character0_.character_character_name as characte2_6_0_ from characters character0_ where character0_.character_id=?
Hibernate: select count(*) as col_0_0_ from user user0_ where user0_.user_id=?
Hibernate: select character1_.character_id as characte1_6_, character1_.character_character_name as characte2_6_ from user user0_ inner join characters character1_ on user0_.character_id=character1_.character_id where user0_.user_id=?
Hibernate: select permission0_.character_id as characte6_12_0_, permission0_.permission_id as permissi1_12_0_, permission0_.permission_id as permissi1_12_1_, permission0_.character_id as characte6_12_1_, permission0_.permission_name as permissi2_12_1_, permission0_.permission_permission_unit_id as permissi3_12_1_, permission0_.permission_service as permissi4_12_1_, permission0_.permission_status as permissi5_12_1_ from permission permission0_ where permission0_.character_id=?
Hibernate: select schedule0_.schedule_id as schedule1_17_0_, schedule0_.schedule_finish_at as schedule2_17_0_, schedule0_.schedule_content as schedule3_17_0_, schedule0_.schedule_repeat_cycle as schedule4_17_0_, schedule0_.schedule_repeat_repeat_finish_at as schedule5_17_0_, schedule0_.schedule_title as schedule6_17_0_, schedule0_.schedule_started_at as schedule7_17_0_ from schedule schedule0_ where schedule0_.schedule_id=?
Hibernate: insert into schedule (schedule_id, schedule_finish_at, schedule_content, schedule_repeat_cycle, schedule_repeat_repeat_finish_at, schedule_title, schedule_started_at) values (default, ?, ?, ?, ?, ?, ?)
Hibernate: select user0_.user_id as user_id1_21_0_, user0_.character_id as characte7_21_0_, user0_.user_created_at as user_cre2_21_0_, user0_.user_name as user_nam3_21_0_, user0_.user_phone_number as user_pho4_21_0_, user0_.user_user_id as user_use5_21_0_, user0_.user_user_password as user_use6_21_0_ from user user0_ where user0_.user_id=?
Hibernate: select character0_.character_id as characte1_6_0_, character0_.character_character_name as characte2_6_0_ from characters character0_ where character0_.character_id=?
Hibernate: SELECT * FROM SCHEDULE WHERE (YEAR(SCHEDULE_STARTED_AT) = ? AND MONTH(SCHEDULE_STARTED_AT) = ?) OR (YEAR(SCHEDULE_FINISH_AT) = ? AND MONTH(SCHEDULE_FINISH_AT) = ?)
Hibernate: select user0_.user_id as user_id1_21_0_, user0_.character_id as characte7_21_0_, user0_.user_created_at as user_cre2_21_0_, user0_.user_name as user_nam3_21_0_, user0_.user_phone_number as user_pho4_21_0_, user0_.user_user_id as user_use5_21_0_, user0_.user_user_password as user_use6_21_0_ from user user0_ where user0_.user_id=?
Hibernate: select character0_.character_id as characte1_6_0_, character0_.character_character_name as characte2_6_0_ from characters character0_ where character0_.character_id=?
Hibernate: select count(*) as col_0_0_ from user user0_ where user0_.user_id=?
Hibernate: select character1_.character_id as characte1_6_, character1_.character_character_name as characte2_6_ from user user0_ inner join characters character1_ on user0_.character_id=character1_.character_id where user0_.user_id=?
Hibernate: select permission0_.character_id as characte6_12_0_, permission0_.permission_id as permissi1_12_0_, permission0_.permission_id as permissi1_12_1_, permission0_.character_id as characte6_12_1_, permission0_.permission_name as permissi2_12_1_, permission0_.permission_permission_unit_id as permissi3_12_1_, permission0_.permission_service as permissi4_12_1_, permission0_.permission_status as permissi5_12_1_ from permission permission0_ where permission0_.character_id=?
Hibernate: select count(*) as col_0_0_ from schedule schedule0_ where schedule0_.schedule_id=?

MockHttpServletRequest:
      HTTP Method = PUT
      Request URI = /schedule/23
       Parameters = {}
          Headers = [Content-Type:"application/json;charset=UTF-8", Accept:"application/json", Api-version:"1.0", Authorization:"Bearer eyJhbGciOiJIUzI1NiJ9.eyJzdWIiOiIxIiwiaWF0IjoxNjg3ODc3NDY4LCJleHAiOjE2ODc4ODEwNjh9.L4tO6_dDAW_EBZT75Jfu2R72X2bmpa30eKXBNOnKWzQ", Content-Length:"1177"]
             Body = {"schedule_title":"seminar","schedule_content":"AAAAAAAAAAAAAAAAAAAAAAAAAAAAAAAAAAAAAAAAAAAAAAAAAAAAAAAAAAAAAAAAAAAAAAAAAAAAAAAAAAAAAAAAAAAAAAAAAAAAAAAAAAAAAAAAAAAAAAAAAAAAAAAAAAAAAAAAAAAAAAAAAAAAAAAAAAAAAAAAAAAAAAAAAAAAAAAAAAAAAAAAAAAAAAAAAAAAAAAAAAAAAAAAAAAAAAAAAAAAAAAAAAAAAAAAAAAAAAAAAAAAAAAAAAAAAAAAAAAAAAAAAAAAAAAAAAAAAAAAAAAAAAAAAAAAAAAAAAAAAAAAAAAAAAAAAAAAAAAAAAAAAAAAAAAAAAAAAAAAAAAAAAAAAAAAAAAAAAAAAAAAAAAAAAAAAAAAAAAAAAAAAAAAAAAAAAAAAAAAAAAAAAAAAAAAAAAAAAAAAAAAAAAAAAAAAAAAAAAAAAAAAAAAAAAAAAAAAAAAAAAAAAAAAAAAAAAAAAAAAAAAAAAAAAAAAAAAAAAAAAAAAAAAAAAAAAAAAAAAAAAAAAAAAAAAAAAAAAAAAAAAAAAAAAAAAAAAAAAAAAAAAAAAAAAAAAAAAAAAAAAAAAAAAAAAAAAAAAAAAAAAAAAAAAAAAAAAAAAAAAAAAAAAAAAAAAAAAAAAAAAAAAAAAAAAAAAAAAAAAAAAAAAAAAAAAAAAAAAAAAAAAAAAAAAAAAAAAAAAAAAAAAAAAAAAAAAAAAAAAAAAAAAAAAAAAAAAAAAAAAAAAAAAAAAAAAAAAAAAAAAAAAAAAAAAAAAAAAAAAAAAAAAAAAAAAAAAAAAAAAAAAAAAAAAAAAAAAAAAAAAAAAAAAAAAAAAAAAAAAAAAAAAAAAAAAAAAAAAAAAAAAAAAAAAAAAAAAAAAAAAAAAAAAAAAAAAAAAAAAAAAAAAAAAAAAAAAAAAAAAAAAAAAAAAAAAAAAAAAAAAAAAAAAAAAAAAAAAAAAAAAAAAAAAAAAAAAAAAAAAAAAAAAAAAAAAAAAAAAAAAAA","started_at":"2023-01-24T20:52","finish_at":"2023-01-31T23:59","repeat":{"cycle":7,"repeat_finish_at":"2023-12-31T23:59"}}
    Session Attrs = {}

Handler:
             Type = org.waldreg.controller.schedule.ScheduleController
           Method = org.waldreg.controller.schedule.ScheduleController#updateSchedule(int, ScheduleRequest)

Async:
    Async started = false
     Async result = null

Resolved Exception:
             Type = org.waldreg.schedule.exception.ContentOverflowException

ModelAndView:
        View name = null
             View = null
            Model = null

FlashMap:
       Attributes = null

MockHttpServletResponse:
           Status = 400
    Error message = null
          Headers = [Vary:"Origin", "Access-Control-Request-Method", "Access-Control-Request-Headers", Api-version:"1.0", Content-Type:"application/json"]
     Content type = application/json
             Body = {"code":"SCHEDULE-409","messages":"Schedule content length cannot be more than 1000 current length \"1005\"","document_url":"docs.waldreg.org"}
    Forwarded URL = null
   Redirected URL = null
          Cookies = []
Hibernate: select user0_.user_id as col_0_0_ from user user0_ where user0_.user_user_id=? limit ?
Hibernate: select user0_.user_id as col_0_0_ from user user0_ where user0_.user_user_id=? limit ?
Hibernate: select U.* from USER U where U.USER_USER_ID =?
Hibernate: select character0_.character_id as characte1_6_0_, character0_.character_character_name as characte2_6_0_ from characters character0_ where character0_.character_id=?
Hibernate: select user0_.user_id as user_id1_21_0_, user0_.character_id as characte7_21_0_, user0_.user_created_at as user_cre2_21_0_, user0_.user_name as user_nam3_21_0_, user0_.user_phone_number as user_pho4_21_0_, user0_.user_user_id as user_use5_21_0_, user0_.user_user_password as user_use6_21_0_ from user user0_ where user0_.user_id=?
Hibernate: select character0_.character_id as characte1_6_0_, character0_.character_character_name as characte2_6_0_ from characters character0_ where character0_.character_id=?
Hibernate: SELECT * FROM SCHEDULE WHERE (YEAR(SCHEDULE_STARTED_AT) = ? AND MONTH(SCHEDULE_STARTED_AT) = ?) OR (YEAR(SCHEDULE_FINISH_AT) = ? AND MONTH(SCHEDULE_FINISH_AT) = ?)
Hibernate: select user0_.user_id as user_id1_21_0_, user0_.character_id as characte7_21_0_, user0_.user_created_at as user_cre2_21_0_, user0_.user_name as user_nam3_21_0_, user0_.user_phone_number as user_pho4_21_0_, user0_.user_user_id as user_use5_21_0_, user0_.user_user_password as user_use6_21_0_ from user user0_ where user0_.user_id=?
Hibernate: select character0_.character_id as characte1_6_0_, character0_.character_character_name as characte2_6_0_ from characters character0_ where character0_.character_id=?
Hibernate: select count(*) as col_0_0_ from user user0_ where user0_.user_id=?
Hibernate: select character1_.character_id as characte1_6_, character1_.character_character_name as characte2_6_ from user user0_ inner join characters character1_ on user0_.character_id=character1_.character_id where user0_.user_id=?
Hibernate: select permission0_.character_id as characte6_12_0_, permission0_.permission_id as permissi1_12_0_, permission0_.permission_id as permissi1_12_1_, permission0_.character_id as characte6_12_1_, permission0_.permission_name as permissi2_12_1_, permission0_.permission_permission_unit_id as permissi3_12_1_, permission0_.permission_service as permissi4_12_1_, permission0_.permission_status as permissi5_12_1_ from permission permission0_ where permission0_.character_id=?
Hibernate: select count(*) as col_0_0_ from schedule schedule0_ where schedule0_.schedule_id=?
Hibernate: select schedule0_.schedule_id as schedule1_17_0_, schedule0_.schedule_finish_at as schedule2_17_0_, schedule0_.schedule_content as schedule3_17_0_, schedule0_.schedule_repeat_cycle as schedule4_17_0_, schedule0_.schedule_repeat_repeat_finish_at as schedule5_17_0_, schedule0_.schedule_title as schedule6_17_0_, schedule0_.schedule_started_at as schedule7_17_0_ from schedule schedule0_ where schedule0_.schedule_id=?
Hibernate: delete from schedule where schedule_id=?
Hibernate: select user0_.user_id as user_id1_21_0_, user0_.character_id as characte7_21_0_, user0_.user_created_at as user_cre2_21_0_, user0_.user_name as user_nam3_21_0_, user0_.user_phone_number as user_pho4_21_0_, user0_.user_user_id as user_use5_21_0_, user0_.user_user_password as user_use6_21_0_ from user user0_ where user0_.user_id=?
Hibernate: select character0_.character_id as characte1_6_0_, character0_.character_character_name as characte2_6_0_ from characters character0_ where character0_.character_id=?
Hibernate: select count(*) as col_0_0_ from schedule schedule0_ where schedule0_.schedule_id=?
Hibernate: select user0_.user_id as user_id1_21_0_, user0_.character_id as characte7_21_0_, user0_.user_created_at as user_cre2_21_0_, user0_.user_name as user_nam3_21_0_, user0_.user_phone_number as user_pho4_21_0_, user0_.user_user_id as user_use5_21_0_, user0_.user_user_password as user_use6_21_0_ from user user0_ where user0_.user_id=?
Hibernate: select character0_.character_id as characte1_6_0_, character0_.character_character_name as characte2_6_0_ from characters character0_ where character0_.character_id=?
Hibernate: SELECT * FROM SCHEDULE WHERE (YEAR(SCHEDULE_STARTED_AT) = ? AND MONTH(SCHEDULE_STARTED_AT) = ?) OR (YEAR(SCHEDULE_FINISH_AT) = ? AND MONTH(SCHEDULE_FINISH_AT) = ?)
Hibernate: select user0_.user_id as user_id1_21_0_, user0_.character_id as characte7_21_0_, user0_.user_created_at as user_cre2_21_0_, user0_.user_name as user_nam3_21_0_, user0_.user_phone_number as user_pho4_21_0_, user0_.user_user_id as user_use5_21_0_, user0_.user_user_password as user_use6_21_0_ from user user0_ where user0_.user_id=?
Hibernate: select character0_.character_id as characte1_6_0_, character0_.character_character_name as characte2_6_0_ from characters character0_ where character0_.character_id=?
Hibernate: SELECT * FROM SCHEDULE WHERE (YEAR(SCHEDULE_STARTED_AT) = ? AND MONTH(SCHEDULE_STARTED_AT) = ?) OR (YEAR(SCHEDULE_FINISH_AT) = ? AND MONTH(SCHEDULE_FINISH_AT) = ?)
Hibernate: select user0_.user_id as user_id1_21_0_, user0_.character_id as characte7_21_0_, user0_.user_created_at as user_cre2_21_0_, user0_.user_name as user_nam3_21_0_, user0_.user_phone_number as user_pho4_21_0_, user0_.user_user_id as user_use5_21_0_, user0_.user_user_password as user_use6_21_0_ from user user0_ where user0_.user_id=?
Hibernate: select character0_.character_id as characte1_6_0_, character0_.character_character_name as characte2_6_0_ from characters character0_ where character0_.character_id=?
Hibernate: SELECT * FROM SCHEDULE WHERE (YEAR(SCHEDULE_STARTED_AT) = ? AND MONTH(SCHEDULE_STARTED_AT) = ?) OR (YEAR(SCHEDULE_FINISH_AT) = ? AND MONTH(SCHEDULE_FINISH_AT) = ?)
Hibernate: select user0_.user_id as user_id1_21_0_, user0_.character_id as characte7_21_0_, user0_.user_created_at as user_cre2_21_0_, user0_.user_name as user_nam3_21_0_, user0_.user_phone_number as user_pho4_21_0_, user0_.user_user_id as user_use5_21_0_, user0_.user_user_password as user_use6_21_0_ from user user0_ where user0_.user_id=?
Hibernate: select character0_.character_id as characte1_6_0_, character0_.character_character_name as characte2_6_0_ from characters character0_ where character0_.character_id=?
Hibernate: SELECT * FROM SCHEDULE WHERE (YEAR(SCHEDULE_STARTED_AT) = ? AND MONTH(SCHEDULE_STARTED_AT) = ?) OR (YEAR(SCHEDULE_FINISH_AT) = ? AND MONTH(SCHEDULE_FINISH_AT) = ?)
Hibernate: select user0_.user_id as user_id1_21_0_, user0_.character_id as characte7_21_0_, user0_.user_created_at as user_cre2_21_0_, user0_.user_name as user_nam3_21_0_, user0_.user_phone_number as user_pho4_21_0_, user0_.user_user_id as user_use5_21_0_, user0_.user_user_password as user_use6_21_0_ from user user0_ where user0_.user_id=?
Hibernate: select character0_.character_id as characte1_6_0_, character0_.character_character_name as characte2_6_0_ from characters character0_ where character0_.character_id=?
Hibernate: SELECT * FROM SCHEDULE WHERE (YEAR(SCHEDULE_STARTED_AT) = ? AND MONTH(SCHEDULE_STARTED_AT) = ?) OR (YEAR(SCHEDULE_FINISH_AT) = ? AND MONTH(SCHEDULE_FINISH_AT) = ?)
Hibernate: select user0_.user_id as user_id1_21_0_, user0_.character_id as characte7_21_0_, user0_.user_created_at as user_cre2_21_0_, user0_.user_name as user_nam3_21_0_, user0_.user_phone_number as user_pho4_21_0_, user0_.user_user_id as user_use5_21_0_, user0_.user_user_password as user_use6_21_0_ from user user0_ where user0_.user_id=?
Hibernate: select character0_.character_id as characte1_6_0_, character0_.character_character_name as characte2_6_0_ from characters character0_ where character0_.character_id=?
Hibernate: SELECT * FROM SCHEDULE WHERE (YEAR(SCHEDULE_STARTED_AT) = ? AND MONTH(SCHEDULE_STARTED_AT) = ?) OR (YEAR(SCHEDULE_FINISH_AT) = ? AND MONTH(SCHEDULE_FINISH_AT) = ?)
Hibernate: select user0_.user_id as user_id1_21_0_, user0_.character_id as characte7_21_0_, user0_.user_created_at as user_cre2_21_0_, user0_.user_name as user_nam3_21_0_, user0_.user_phone_number as user_pho4_21_0_, user0_.user_user_id as user_use5_21_0_, user0_.user_user_password as user_use6_21_0_ from user user0_ where user0_.user_id=?
Hibernate: select character0_.character_id as characte1_6_0_, character0_.character_character_name as characte2_6_0_ from characters character0_ where character0_.character_id=?
Hibernate: SELECT * FROM SCHEDULE WHERE (YEAR(SCHEDULE_STARTED_AT) = ? AND MONTH(SCHEDULE_STARTED_AT) = ?) OR (YEAR(SCHEDULE_FINISH_AT) = ? AND MONTH(SCHEDULE_FINISH_AT) = ?)
Hibernate: select user0_.user_id as user_id1_21_0_, user0_.character_id as characte7_21_0_, user0_.user_created_at as user_cre2_21_0_, user0_.user_name as user_nam3_21_0_, user0_.user_phone_number as user_pho4_21_0_, user0_.user_user_id as user_use5_21_0_, user0_.user_user_password as user_use6_21_0_ from user user0_ where user0_.user_id=?
Hibernate: select character0_.character_id as characte1_6_0_, character0_.character_character_name as characte2_6_0_ from characters character0_ where character0_.character_id=?
Hibernate: SELECT * FROM SCHEDULE WHERE (YEAR(SCHEDULE_STARTED_AT) = ? AND MONTH(SCHEDULE_STARTED_AT) = ?) OR (YEAR(SCHEDULE_FINISH_AT) = ? AND MONTH(SCHEDULE_FINISH_AT) = ?)
Hibernate: select user0_.user_id as user_id1_21_0_, user0_.character_id as characte7_21_0_, user0_.user_created_at as user_cre2_21_0_, user0_.user_name as user_nam3_21_0_, user0_.user_phone_number as user_pho4_21_0_, user0_.user_user_id as user_use5_21_0_, user0_.user_user_password as user_use6_21_0_ from user user0_ where user0_.user_id=?
Hibernate: select character0_.character_id as characte1_6_0_, character0_.character_character_name as characte2_6_0_ from characters character0_ where character0_.character_id=?
Hibernate: SELECT * FROM SCHEDULE WHERE (YEAR(SCHEDULE_STARTED_AT) = ? AND MONTH(SCHEDULE_STARTED_AT) = ?) OR (YEAR(SCHEDULE_FINISH_AT) = ? AND MONTH(SCHEDULE_FINISH_AT) = ?)
Hibernate: select user0_.user_id as user_id1_21_0_, user0_.character_id as characte7_21_0_, user0_.user_created_at as user_cre2_21_0_, user0_.user_name as user_nam3_21_0_, user0_.user_phone_number as user_pho4_21_0_, user0_.user_user_id as user_use5_21_0_, user0_.user_user_password as user_use6_21_0_ from user user0_ where user0_.user_id=?
Hibernate: select character0_.character_id as characte1_6_0_, character0_.character_character_name as characte2_6_0_ from characters character0_ where character0_.character_id=?
Hibernate: SELECT * FROM SCHEDULE WHERE (YEAR(SCHEDULE_STARTED_AT) = ? AND MONTH(SCHEDULE_STARTED_AT) = ?) OR (YEAR(SCHEDULE_FINISH_AT) = ? AND MONTH(SCHEDULE_FINISH_AT) = ?)
Hibernate: select user0_.user_id as user_id1_21_0_, user0_.character_id as characte7_21_0_, user0_.user_created_at as user_cre2_21_0_, user0_.user_name as user_nam3_21_0_, user0_.user_phone_number as user_pho4_21_0_, user0_.user_user_id as user_use5_21_0_, user0_.user_user_password as user_use6_21_0_ from user user0_ where user0_.user_id=?
Hibernate: select character0_.character_id as characte1_6_0_, character0_.character_character_name as characte2_6_0_ from characters character0_ where character0_.character_id=?
Hibernate: SELECT * FROM SCHEDULE WHERE (YEAR(SCHEDULE_STARTED_AT) = ? AND MONTH(SCHEDULE_STARTED_AT) = ?) OR (YEAR(SCHEDULE_FINISH_AT) = ? AND MONTH(SCHEDULE_FINISH_AT) = ?)
Hibernate: select user0_.user_id as col_0_0_ from user user0_ where user0_.user_user_id=? limit ?
Hibernate: select user0_.user_id as col_0_0_ from user user0_ where user0_.user_user_id=? limit ?
Hibernate: select U.* from USER U where U.USER_USER_ID =?
Hibernate: select character0_.character_id as characte1_6_0_, character0_.character_character_name as characte2_6_0_ from characters character0_ where character0_.character_id=?
Hibernate: select user0_.user_id as col_0_0_ from user user0_ where user0_.user_user_id=? limit ?
Hibernate: select user0_.user_id as col_0_0_ from user user0_ where user0_.user_user_id=? limit ?
Hibernate: select U.* from USER U where U.USER_USER_ID =?
Hibernate: select character0_.character_id as characte1_6_0_, character0_.character_character_name as characte2_6_0_ from characters character0_ where character0_.character_id=?
Hibernate: select user0_.user_id as user_id1_21_0_, user0_.character_id as characte7_21_0_, user0_.user_created_at as user_cre2_21_0_, user0_.user_name as user_nam3_21_0_, user0_.user_phone_number as user_pho4_21_0_, user0_.user_user_id as user_use5_21_0_, user0_.user_user_password as user_use6_21_0_ from user user0_ where user0_.user_id=?
Hibernate: select character0_.character_id as characte1_6_0_, character0_.character_character_name as characte2_6_0_ from characters character0_ where character0_.character_id=?
Hibernate: SELECT * FROM SCHEDULE WHERE (YEAR(SCHEDULE_STARTED_AT) = ? AND MONTH(SCHEDULE_STARTED_AT) = ?) OR (YEAR(SCHEDULE_FINISH_AT) = ? AND MONTH(SCHEDULE_FINISH_AT) = ?)
Hibernate: select user0_.user_id as user_id1_21_0_, user0_.character_id as characte7_21_0_, user0_.user_created_at as user_cre2_21_0_, user0_.user_name as user_nam3_21_0_, user0_.user_phone_number as user_pho4_21_0_, user0_.user_user_id as user_use5_21_0_, user0_.user_user_password as user_use6_21_0_ from user user0_ where user0_.user_id=?
Hibernate: select character0_.character_id as characte1_6_0_, character0_.character_character_name as characte2_6_0_ from characters character0_ where character0_.character_id=?
Hibernate: SELECT * FROM SCHEDULE WHERE (YEAR(SCHEDULE_STARTED_AT) = ? AND MONTH(SCHEDULE_STARTED_AT) = ?) OR (YEAR(SCHEDULE_FINISH_AT) = ? AND MONTH(SCHEDULE_FINISH_AT) = ?)
Hibernate: select user0_.user_id as user_id1_21_0_, user0_.character_id as characte7_21_0_, user0_.user_created_at as user_cre2_21_0_, user0_.user_name as user_nam3_21_0_, user0_.user_phone_number as user_pho4_21_0_, user0_.user_user_id as user_use5_21_0_, user0_.user_user_password as user_use6_21_0_ from user user0_ where user0_.user_id=?
Hibernate: select character0_.character_id as characte1_6_0_, character0_.character_character_name as characte2_6_0_ from characters character0_ where character0_.character_id=?
Hibernate: SELECT * FROM SCHEDULE WHERE (YEAR(SCHEDULE_STARTED_AT) = ? AND MONTH(SCHEDULE_STARTED_AT) = ?) OR (YEAR(SCHEDULE_FINISH_AT) = ? AND MONTH(SCHEDULE_FINISH_AT) = ?)
Hibernate: select user0_.user_id as user_id1_21_0_, user0_.character_id as characte7_21_0_, user0_.user_created_at as user_cre2_21_0_, user0_.user_name as user_nam3_21_0_, user0_.user_phone_number as user_pho4_21_0_, user0_.user_user_id as user_use5_21_0_, user0_.user_user_password as user_use6_21_0_ from user user0_ where user0_.user_id=?
Hibernate: select character0_.character_id as characte1_6_0_, character0_.character_character_name as characte2_6_0_ from characters character0_ where character0_.character_id=?
Hibernate: SELECT * FROM SCHEDULE WHERE (YEAR(SCHEDULE_STARTED_AT) = ? AND MONTH(SCHEDULE_STARTED_AT) = ?) OR (YEAR(SCHEDULE_FINISH_AT) = ? AND MONTH(SCHEDULE_FINISH_AT) = ?)
Hibernate: select user0_.user_id as user_id1_21_0_, user0_.character_id as characte7_21_0_, user0_.user_created_at as user_cre2_21_0_, user0_.user_name as user_nam3_21_0_, user0_.user_phone_number as user_pho4_21_0_, user0_.user_user_id as user_use5_21_0_, user0_.user_user_password as user_use6_21_0_ from user user0_ where user0_.user_id=?
Hibernate: select character0_.character_id as characte1_6_0_, character0_.character_character_name as characte2_6_0_ from characters character0_ where character0_.character_id=?
Hibernate: SELECT * FROM SCHEDULE WHERE (YEAR(SCHEDULE_STARTED_AT) = ? AND MONTH(SCHEDULE_STARTED_AT) = ?) OR (YEAR(SCHEDULE_FINISH_AT) = ? AND MONTH(SCHEDULE_FINISH_AT) = ?)
Hibernate: select user0_.user_id as user_id1_21_0_, user0_.character_id as characte7_21_0_, user0_.user_created_at as user_cre2_21_0_, user0_.user_name as user_nam3_21_0_, user0_.user_phone_number as user_pho4_21_0_, user0_.user_user_id as user_use5_21_0_, user0_.user_user_password as user_use6_21_0_ from user user0_ where user0_.user_id=?
Hibernate: select character0_.character_id as characte1_6_0_, character0_.character_character_name as characte2_6_0_ from characters character0_ where character0_.character_id=?
Hibernate: SELECT * FROM SCHEDULE WHERE (YEAR(SCHEDULE_STARTED_AT) = ? AND MONTH(SCHEDULE_STARTED_AT) = ?) OR (YEAR(SCHEDULE_FINISH_AT) = ? AND MONTH(SCHEDULE_FINISH_AT) = ?)
Hibernate: select user0_.user_id as user_id1_21_0_, user0_.character_id as characte7_21_0_, user0_.user_created_at as user_cre2_21_0_, user0_.user_name as user_nam3_21_0_, user0_.user_phone_number as user_pho4_21_0_, user0_.user_user_id as user_use5_21_0_, user0_.user_user_password as user_use6_21_0_ from user user0_ where user0_.user_id=?
Hibernate: select character0_.character_id as characte1_6_0_, character0_.character_character_name as characte2_6_0_ from characters character0_ where character0_.character_id=?
Hibernate: SELECT * FROM SCHEDULE WHERE (YEAR(SCHEDULE_STARTED_AT) = ? AND MONTH(SCHEDULE_STARTED_AT) = ?) OR (YEAR(SCHEDULE_FINISH_AT) = ? AND MONTH(SCHEDULE_FINISH_AT) = ?)
Hibernate: select user0_.user_id as user_id1_21_0_, user0_.character_id as characte7_21_0_, user0_.user_created_at as user_cre2_21_0_, user0_.user_name as user_nam3_21_0_, user0_.user_phone_number as user_pho4_21_0_, user0_.user_user_id as user_use5_21_0_, user0_.user_user_password as user_use6_21_0_ from user user0_ where user0_.user_id=?
Hibernate: select character0_.character_id as characte1_6_0_, character0_.character_character_name as characte2_6_0_ from characters character0_ where character0_.character_id=?
Hibernate: SELECT * FROM SCHEDULE WHERE (YEAR(SCHEDULE_STARTED_AT) = ? AND MONTH(SCHEDULE_STARTED_AT) = ?) OR (YEAR(SCHEDULE_FINISH_AT) = ? AND MONTH(SCHEDULE_FINISH_AT) = ?)
Hibernate: select user0_.user_id as user_id1_21_0_, user0_.character_id as characte7_21_0_, user0_.user_created_at as user_cre2_21_0_, user0_.user_name as user_nam3_21_0_, user0_.user_phone_number as user_pho4_21_0_, user0_.user_user_id as user_use5_21_0_, user0_.user_user_password as user_use6_21_0_ from user user0_ where user0_.user_id=?
Hibernate: select character0_.character_id as characte1_6_0_, character0_.character_character_name as characte2_6_0_ from characters character0_ where character0_.character_id=?
Hibernate: SELECT * FROM SCHEDULE WHERE (YEAR(SCHEDULE_STARTED_AT) = ? AND MONTH(SCHEDULE_STARTED_AT) = ?) OR (YEAR(SCHEDULE_FINISH_AT) = ? AND MONTH(SCHEDULE_FINISH_AT) = ?)
Hibernate: select user0_.user_id as user_id1_21_0_, user0_.character_id as characte7_21_0_, user0_.user_created_at as user_cre2_21_0_, user0_.user_name as user_nam3_21_0_, user0_.user_phone_number as user_pho4_21_0_, user0_.user_user_id as user_use5_21_0_, user0_.user_user_password as user_use6_21_0_ from user user0_ where user0_.user_id=?
Hibernate: select character0_.character_id as characte1_6_0_, character0_.character_character_name as characte2_6_0_ from characters character0_ where character0_.character_id=?
Hibernate: SELECT * FROM SCHEDULE WHERE (YEAR(SCHEDULE_STARTED_AT) = ? AND MONTH(SCHEDULE_STARTED_AT) = ?) OR (YEAR(SCHEDULE_FINISH_AT) = ? AND MONTH(SCHEDULE_FINISH_AT) = ?)
Hibernate: select user0_.user_id as user_id1_21_0_, user0_.character_id as characte7_21_0_, user0_.user_created_at as user_cre2_21_0_, user0_.user_name as user_nam3_21_0_, user0_.user_phone_number as user_pho4_21_0_, user0_.user_user_id as user_use5_21_0_, user0_.user_user_password as user_use6_21_0_ from user user0_ where user0_.user_id=?
Hibernate: select character0_.character_id as characte1_6_0_, character0_.character_character_name as characte2_6_0_ from characters character0_ where character0_.character_id=?
Hibernate: SELECT * FROM SCHEDULE WHERE (YEAR(SCHEDULE_STARTED_AT) = ? AND MONTH(SCHEDULE_STARTED_AT) = ?) OR (YEAR(SCHEDULE_FINISH_AT) = ? AND MONTH(SCHEDULE_FINISH_AT) = ?)
Hibernate: select user0_.user_id as user_id1_21_0_, user0_.character_id as characte7_21_0_, user0_.user_created_at as user_cre2_21_0_, user0_.user_name as user_nam3_21_0_, user0_.user_phone_number as user_pho4_21_0_, user0_.user_user_id as user_use5_21_0_, user0_.user_user_password as user_use6_21_0_ from user user0_ where user0_.user_id=?
Hibernate: select character0_.character_id as characte1_6_0_, character0_.character_character_name as characte2_6_0_ from characters character0_ where character0_.character_id=?
Hibernate: SELECT * FROM SCHEDULE WHERE (YEAR(SCHEDULE_STARTED_AT) = ? AND MONTH(SCHEDULE_STARTED_AT) = ?) OR (YEAR(SCHEDULE_FINISH_AT) = ? AND MONTH(SCHEDULE_FINISH_AT) = ?)
Hibernate: select user0_.user_id as col_0_0_ from user user0_ where user0_.user_user_id=? limit ?
Hibernate: select user0_.user_id as col_0_0_ from user user0_ where user0_.user_user_id=? limit ?
Hibernate: select U.* from USER U where U.USER_USER_ID =?
Hibernate: select character0_.character_id as characte1_6_0_, character0_.character_character_name as characte2_6_0_ from characters character0_ where character0_.character_id=?
Hibernate: select user0_.user_id as col_0_0_ from user user0_ where user0_.user_user_id=? limit ?
Hibernate: select user0_.user_id as col_0_0_ from user user0_ where user0_.user_user_id=? limit ?
Hibernate: select U.* from USER U where U.USER_USER_ID =?
Hibernate: select character0_.character_id as characte1_6_0_, character0_.character_character_name as characte2_6_0_ from characters character0_ where character0_.character_id=?
Hibernate: select user0_.user_id as col_0_0_ from user user0_ where user0_.user_user_id=? limit ?
Hibernate: select userjoinin0_.user_joining_pool_id as col_0_0_ from user_joining_pool userjoinin0_ where userjoinin0_.user_user_id=? limit ?
Hibernate: select character0_.character_id as col_0_0_ from characters character0_ where character0_.character_character_name=? limit ?
Hibernate: insert into user_joining_pool (user_joining_pool_id, user_created_at, user_name, user_phone_number, user_user_id, user_user_password) values (default, ?, ?, ?, ?, ?)
Hibernate: select user0_.user_id as user_id1_21_0_, user0_.character_id as characte7_21_0_, user0_.user_created_at as user_cre2_21_0_, user0_.user_name as user_nam3_21_0_, user0_.user_phone_number as user_pho4_21_0_, user0_.user_user_id as user_use5_21_0_, user0_.user_user_password as user_use6_21_0_ from user user0_ where user0_.user_id=?
Hibernate: select character0_.character_id as characte1_6_0_, character0_.character_character_name as characte2_6_0_ from characters character0_ where character0_.character_id=?
Hibernate: select count(*) as col_0_0_ from user user0_ where user0_.user_id=?
Hibernate: select character1_.character_id as characte1_6_, character1_.character_character_name as characte2_6_ from user user0_ inner join characters character1_ on user0_.character_id=character1_.character_id where user0_.user_id=?
Hibernate: select permission0_.character_id as characte6_12_0_, permission0_.permission_id as permissi1_12_0_, permission0_.permission_id as permissi1_12_1_, permission0_.character_id as characte6_12_1_, permission0_.permission_name as permissi2_12_1_, permission0_.permission_permission_unit_id as permissi3_12_1_, permission0_.permission_service as permissi4_12_1_, permission0_.permission_status as permissi5_12_1_ from permission permission0_ where permission0_.character_id=?
Hibernate: select userjoinin0_.user_joining_pool_id as col_0_0_ from user_joining_pool userjoinin0_ where userjoinin0_.user_user_id=? limit ?
Hibernate: select userjoinin0_.user_joining_pool_id as user_joi1_22_, userjoinin0_.user_created_at as user_cre2_22_, userjoinin0_.user_name as user_nam3_22_, userjoinin0_.user_phone_number as user_pho4_22_, userjoinin0_.user_user_id as user_use5_22_, userjoinin0_.user_user_password as user_use6_22_ from user_joining_pool userjoinin0_ where userjoinin0_.user_user_id=?
Hibernate: select character0_.character_id as characte1_6_, character0_.character_character_name as characte2_6_ from characters character0_ where character0_.character_character_name=?
Hibernate: insert into user (user_id, character_id, user_created_at, user_name, user_phone_number, user_user_id, user_user_password) values (default, ?, ?, ?, ?, ?, ?)
Hibernate: DELETE FROM USER_JOINING_POOL as JU where JU.USER_USER_ID =?
Hibernate: select user0_.user_id as col_0_0_ from user user0_ where user0_.user_user_id=? limit ?
Hibernate: select user0_.user_id as col_0_0_ from user user0_ where user0_.user_user_id=? limit ?
Hibernate: select U.* from USER U where U.USER_USER_ID =?
Hibernate: select character0_.character_id as characte1_6_0_, character0_.character_character_name as characte2_6_0_ from characters character0_ where character0_.character_id=?
Hibernate: select user0_.user_id as user_id1_21_0_, user0_.character_id as characte7_21_0_, user0_.user_created_at as user_cre2_21_0_, user0_.user_name as user_nam3_21_0_, user0_.user_phone_number as user_pho4_21_0_, user0_.user_user_id as user_use5_21_0_, user0_.user_user_password as user_use6_21_0_ from user user0_ where user0_.user_id=?
Hibernate: select character0_.character_id as characte1_6_0_, character0_.character_character_name as characte2_6_0_ from characters character0_ where character0_.character_id=?
Hibernate: select count(*) as col_0_0_ from user user0_ where user0_.user_id=?
Hibernate: select character1_.character_id as characte1_6_, character1_.character_character_name as characte2_6_ from user user0_ inner join characters character1_ on user0_.character_id=character1_.character_id where user0_.user_id=?
Hibernate: select permission0_.character_id as characte6_12_0_, permission0_.permission_id as permissi1_12_0_, permission0_.permission_id as permissi1_12_1_, permission0_.character_id as characte6_12_1_, permission0_.permission_name as permissi2_12_1_, permission0_.permission_permission_unit_id as permissi3_12_1_, permission0_.permission_service as permissi4_12_1_, permission0_.permission_status as permissi5_12_1_ from permission permission0_ where permission0_.character_id=?

MockHttpServletRequest:
      HTTP Method = POST
      Request URI = /schedule
       Parameters = {}
          Headers = [Content-Type:"application/json;charset=UTF-8", Accept:"application/json", Api-version:"1.0", Authorization:"Bearer eyJhbGciOiJIUzI1NiJ9.eyJzdWIiOiI1NyIsImlhdCI6MTY4Nzg3NzQ2OCwiZXhwIjoxNjg3ODgxMDY4fQ.f5j0x2yHl8SMMZRQGvqPJsvcYtoM9-9hL7XY39qf184", Content-Length:"177"]
             Body = {"schedule_title":"seminar","schedule_content":"BFS","started_at":"2023-01-24T20:52","finish_at":"2023-01-31T23:59","repeat":{"cycle":123,"repeat_finish_at":"2023-12-31T23:59"}}
    Session Attrs = {}

Handler:
             Type = org.waldreg.controller.schedule.ScheduleController
           Method = org.waldreg.controller.schedule.ScheduleController#createSchedule(ScheduleRequest)

Async:
    Async started = false
     Async result = null

Resolved Exception:
             Type = org.waldreg.character.exception.NoPermissionException

ModelAndView:
        View name = null
             View = null
            Model = null

FlashMap:
       Attributes = null

MockHttpServletResponse:
           Status = 403
    Error message = null
          Headers = [Vary:"Origin", "Access-Control-Request-Method", "Access-Control-Request-Headers", Api-version:"1.0", Content-Type:"application/json"]
     Content type = application/json
             Body = {"code":"CHARACTER-403","messages":"No permission","document_url":"docs.waldreg.org"}
    Forwarded URL = null
   Redirected URL = null
          Cookies = []
Hibernate: select user0_.user_id as col_0_0_ from user user0_ where user0_.user_user_id=? limit ?
Hibernate: select user0_.user_id as col_0_0_ from user user0_ where user0_.user_user_id=? limit ?
Hibernate: select U.* from USER U where U.USER_USER_ID =?
Hibernate: select character0_.character_id as characte1_6_0_, character0_.character_character_name as characte2_6_0_ from characters character0_ where character0_.character_id=?
Hibernate: select user0_.user_id as user_id1_21_0_, user0_.character_id as characte7_21_0_, user0_.user_created_at as user_cre2_21_0_, user0_.user_name as user_nam3_21_0_, user0_.user_phone_number as user_pho4_21_0_, user0_.user_user_id as user_use5_21_0_, user0_.user_user_password as user_use6_21_0_ from user user0_ where user0_.user_id=?
Hibernate: select character0_.character_id as characte1_6_0_, character0_.character_character_name as characte2_6_0_ from characters character0_ where character0_.character_id=?
Hibernate: SELECT * FROM SCHEDULE WHERE (YEAR(SCHEDULE_STARTED_AT) = ? AND MONTH(SCHEDULE_STARTED_AT) = ?) OR (YEAR(SCHEDULE_FINISH_AT) = ? AND MONTH(SCHEDULE_FINISH_AT) = ?)
Hibernate: select user0_.user_id as user_id1_21_0_, user0_.character_id as characte7_21_0_, user0_.user_created_at as user_cre2_21_0_, user0_.user_name as user_nam3_21_0_, user0_.user_phone_number as user_pho4_21_0_, user0_.user_user_id as user_use5_21_0_, user0_.user_user_password as user_use6_21_0_ from user user0_ where user0_.user_id=?
Hibernate: select character0_.character_id as characte1_6_0_, character0_.character_character_name as characte2_6_0_ from characters character0_ where character0_.character_id=?
Hibernate: SELECT * FROM SCHEDULE WHERE (YEAR(SCHEDULE_STARTED_AT) = ? AND MONTH(SCHEDULE_STARTED_AT) = ?) OR (YEAR(SCHEDULE_FINISH_AT) = ? AND MONTH(SCHEDULE_FINISH_AT) = ?)
Hibernate: select user0_.user_id as user_id1_21_0_, user0_.character_id as characte7_21_0_, user0_.user_created_at as user_cre2_21_0_, user0_.user_name as user_nam3_21_0_, user0_.user_phone_number as user_pho4_21_0_, user0_.user_user_id as user_use5_21_0_, user0_.user_user_password as user_use6_21_0_ from user user0_ where user0_.user_id=?
Hibernate: select character0_.character_id as characte1_6_0_, character0_.character_character_name as characte2_6_0_ from characters character0_ where character0_.character_id=?
Hibernate: SELECT * FROM SCHEDULE WHERE (YEAR(SCHEDULE_STARTED_AT) = ? AND MONTH(SCHEDULE_STARTED_AT) = ?) OR (YEAR(SCHEDULE_FINISH_AT) = ? AND MONTH(SCHEDULE_FINISH_AT) = ?)
Hibernate: select user0_.user_id as user_id1_21_0_, user0_.character_id as characte7_21_0_, user0_.user_created_at as user_cre2_21_0_, user0_.user_name as user_nam3_21_0_, user0_.user_phone_number as user_pho4_21_0_, user0_.user_user_id as user_use5_21_0_, user0_.user_user_password as user_use6_21_0_ from user user0_ where user0_.user_id=?
Hibernate: select character0_.character_id as characte1_6_0_, character0_.character_character_name as characte2_6_0_ from characters character0_ where character0_.character_id=?
Hibernate: SELECT * FROM SCHEDULE WHERE (YEAR(SCHEDULE_STARTED_AT) = ? AND MONTH(SCHEDULE_STARTED_AT) = ?) OR (YEAR(SCHEDULE_FINISH_AT) = ? AND MONTH(SCHEDULE_FINISH_AT) = ?)
Hibernate: select user0_.user_id as user_id1_21_0_, user0_.character_id as characte7_21_0_, user0_.user_created_at as user_cre2_21_0_, user0_.user_name as user_nam3_21_0_, user0_.user_phone_number as user_pho4_21_0_, user0_.user_user_id as user_use5_21_0_, user0_.user_user_password as user_use6_21_0_ from user user0_ where user0_.user_id=?
Hibernate: select character0_.character_id as characte1_6_0_, character0_.character_character_name as characte2_6_0_ from characters character0_ where character0_.character_id=?
Hibernate: SELECT * FROM SCHEDULE WHERE (YEAR(SCHEDULE_STARTED_AT) = ? AND MONTH(SCHEDULE_STARTED_AT) = ?) OR (YEAR(SCHEDULE_FINISH_AT) = ? AND MONTH(SCHEDULE_FINISH_AT) = ?)
Hibernate: select user0_.user_id as user_id1_21_0_, user0_.character_id as characte7_21_0_, user0_.user_created_at as user_cre2_21_0_, user0_.user_name as user_nam3_21_0_, user0_.user_phone_number as user_pho4_21_0_, user0_.user_user_id as user_use5_21_0_, user0_.user_user_password as user_use6_21_0_ from user user0_ where user0_.user_id=?
Hibernate: select character0_.character_id as characte1_6_0_, character0_.character_character_name as characte2_6_0_ from characters character0_ where character0_.character_id=?
Hibernate: SELECT * FROM SCHEDULE WHERE (YEAR(SCHEDULE_STARTED_AT) = ? AND MONTH(SCHEDULE_STARTED_AT) = ?) OR (YEAR(SCHEDULE_FINISH_AT) = ? AND MONTH(SCHEDULE_FINISH_AT) = ?)
Hibernate: select user0_.user_id as user_id1_21_0_, user0_.character_id as characte7_21_0_, user0_.user_created_at as user_cre2_21_0_, user0_.user_name as user_nam3_21_0_, user0_.user_phone_number as user_pho4_21_0_, user0_.user_user_id as user_use5_21_0_, user0_.user_user_password as user_use6_21_0_ from user user0_ where user0_.user_id=?
Hibernate: select character0_.character_id as characte1_6_0_, character0_.character_character_name as characte2_6_0_ from characters character0_ where character0_.character_id=?
Hibernate: SELECT * FROM SCHEDULE WHERE (YEAR(SCHEDULE_STARTED_AT) = ? AND MONTH(SCHEDULE_STARTED_AT) = ?) OR (YEAR(SCHEDULE_FINISH_AT) = ? AND MONTH(SCHEDULE_FINISH_AT) = ?)
Hibernate: select user0_.user_id as user_id1_21_0_, user0_.character_id as characte7_21_0_, user0_.user_created_at as user_cre2_21_0_, user0_.user_name as user_nam3_21_0_, user0_.user_phone_number as user_pho4_21_0_, user0_.user_user_id as user_use5_21_0_, user0_.user_user_password as user_use6_21_0_ from user user0_ where user0_.user_id=?
Hibernate: select character0_.character_id as characte1_6_0_, character0_.character_character_name as characte2_6_0_ from characters character0_ where character0_.character_id=?
Hibernate: SELECT * FROM SCHEDULE WHERE (YEAR(SCHEDULE_STARTED_AT) = ? AND MONTH(SCHEDULE_STARTED_AT) = ?) OR (YEAR(SCHEDULE_FINISH_AT) = ? AND MONTH(SCHEDULE_FINISH_AT) = ?)
Hibernate: select user0_.user_id as user_id1_21_0_, user0_.character_id as characte7_21_0_, user0_.user_created_at as user_cre2_21_0_, user0_.user_name as user_nam3_21_0_, user0_.user_phone_number as user_pho4_21_0_, user0_.user_user_id as user_use5_21_0_, user0_.user_user_password as user_use6_21_0_ from user user0_ where user0_.user_id=?
Hibernate: select character0_.character_id as characte1_6_0_, character0_.character_character_name as characte2_6_0_ from characters character0_ where character0_.character_id=?
Hibernate: SELECT * FROM SCHEDULE WHERE (YEAR(SCHEDULE_STARTED_AT) = ? AND MONTH(SCHEDULE_STARTED_AT) = ?) OR (YEAR(SCHEDULE_FINISH_AT) = ? AND MONTH(SCHEDULE_FINISH_AT) = ?)
Hibernate: select user0_.user_id as user_id1_21_0_, user0_.character_id as characte7_21_0_, user0_.user_created_at as user_cre2_21_0_, user0_.user_name as user_nam3_21_0_, user0_.user_phone_number as user_pho4_21_0_, user0_.user_user_id as user_use5_21_0_, user0_.user_user_password as user_use6_21_0_ from user user0_ where user0_.user_id=?
Hibernate: select character0_.character_id as characte1_6_0_, character0_.character_character_name as characte2_6_0_ from characters character0_ where character0_.character_id=?
Hibernate: SELECT * FROM SCHEDULE WHERE (YEAR(SCHEDULE_STARTED_AT) = ? AND MONTH(SCHEDULE_STARTED_AT) = ?) OR (YEAR(SCHEDULE_FINISH_AT) = ? AND MONTH(SCHEDULE_FINISH_AT) = ?)
Hibernate: select user0_.user_id as user_id1_21_0_, user0_.character_id as characte7_21_0_, user0_.user_created_at as user_cre2_21_0_, user0_.user_name as user_nam3_21_0_, user0_.user_phone_number as user_pho4_21_0_, user0_.user_user_id as user_use5_21_0_, user0_.user_user_password as user_use6_21_0_ from user user0_ where user0_.user_id=?
Hibernate: select character0_.character_id as characte1_6_0_, character0_.character_character_name as characte2_6_0_ from characters character0_ where character0_.character_id=?
Hibernate: SELECT * FROM SCHEDULE WHERE (YEAR(SCHEDULE_STARTED_AT) = ? AND MONTH(SCHEDULE_STARTED_AT) = ?) OR (YEAR(SCHEDULE_FINISH_AT) = ? AND MONTH(SCHEDULE_FINISH_AT) = ?)
Hibernate: select user0_.user_id as user_id1_21_0_, user0_.character_id as characte7_21_0_, user0_.user_created_at as user_cre2_21_0_, user0_.user_name as user_nam3_21_0_, user0_.user_phone_number as user_pho4_21_0_, user0_.user_user_id as user_use5_21_0_, user0_.user_user_password as user_use6_21_0_ from user user0_ where user0_.user_id=?
Hibernate: select character0_.character_id as characte1_6_0_, character0_.character_character_name as characte2_6_0_ from characters character0_ where character0_.character_id=?
Hibernate: SELECT * FROM SCHEDULE WHERE (YEAR(SCHEDULE_STARTED_AT) = ? AND MONTH(SCHEDULE_STARTED_AT) = ?) OR (YEAR(SCHEDULE_FINISH_AT) = ? AND MONTH(SCHEDULE_FINISH_AT) = ?)
Hibernate: select user0_.user_id as col_0_0_ from user user0_ where user0_.user_user_id=? limit ?
Hibernate: select user0_.user_id as col_0_0_ from user user0_ where user0_.user_user_id=? limit ?
Hibernate: select U.* from USER U where U.USER_USER_ID =?
Hibernate: select character0_.character_id as characte1_6_0_, character0_.character_character_name as characte2_6_0_ from characters character0_ where character0_.character_id=?
Hibernate: select user0_.user_id as col_0_0_ from user user0_ where user0_.user_user_id=? limit ?
Hibernate: select user0_.user_id as user_id1_21_, user0_.character_id as characte7_21_, user0_.user_created_at as user_cre2_21_, user0_.user_name as user_nam3_21_, user0_.user_phone_number as user_pho4_21_, user0_.user_user_id as user_use5_21_, user0_.user_user_password as user_use6_21_ from user user0_ inner join characters character1_ on user0_.character_id=character1_.character_id where user0_.user_user_id=?
Hibernate: select character0_.character_id as characte1_6_0_, character0_.character_character_name as characte2_6_0_ from characters character0_ where character0_.character_id=?
Hibernate: select rewardtagw0_.user_id as user_id4_16_0_, rewardtagw0_.reward_tag_wrapper_reward_id as reward_t1_16_0_, rewardtagw0_.reward_tag_wrapper_reward_id as reward_t1_16_1_, rewardtagw0_.reward_tag_wrapper_reward_presented_at as reward_t2_16_1_, rewardtagw0_.reward_tag_reward_tag_id as reward_t3_16_1_, rewardtagw0_.user_id as user_id4_16_1_ from reward_tag_wrapper rewardtagw0_ where rewardtagw0_.user_id=?
Hibernate: select user0_.user_id as user_id1_21_0_, user0_.character_id as characte7_21_0_, user0_.user_created_at as user_cre2_21_0_, user0_.user_name as user_nam3_21_0_, user0_.user_phone_number as user_pho4_21_0_, user0_.user_user_id as user_use5_21_0_, user0_.user_user_password as user_use6_21_0_ from user user0_ where user0_.user_id=?
Hibernate: select character0_.character_id as characte1_6_0_, character0_.character_character_name as characte2_6_0_ from characters character0_ where character0_.character_id=?
Hibernate: select count(*) as col_0_0_ from user user0_ where user0_.user_id=?
Hibernate: select character1_.character_id as characte1_6_, character1_.character_character_name as characte2_6_ from user user0_ inner join characters character1_ on user0_.character_id=character1_.character_id where user0_.user_id=?
Hibernate: select permission0_.character_id as characte6_12_0_, permission0_.permission_id as permissi1_12_0_, permission0_.permission_id as permissi1_12_1_, permission0_.character_id as characte6_12_1_, permission0_.permission_name as permissi2_12_1_, permission0_.permission_permission_unit_id as permissi3_12_1_, permission0_.permission_service as permissi4_12_1_, permission0_.permission_status as permissi5_12_1_ from permission permission0_ where permission0_.character_id=?
Hibernate: select count(*) as col_0_0_ from user user0_ where user0_.user_id=?
Hibernate: select user0_.user_id as user_id1_21_, user0_.character_id as characte7_21_, user0_.user_created_at as user_cre2_21_, user0_.user_name as user_nam3_21_, user0_.user_phone_number as user_pho4_21_, user0_.user_user_id as user_use5_21_, user0_.user_user_password as user_use6_21_ from user user0_ where user0_.user_id=?
Hibernate: select character0_.character_id as characte1_6_0_, character0_.character_character_name as characte2_6_0_ from characters character0_ where character0_.character_id=?
Hibernate: select rewardtagw0_.user_id as user_id4_16_0_, rewardtagw0_.reward_tag_wrapper_reward_id as reward_t1_16_0_, rewardtagw0_.reward_tag_wrapper_reward_id as reward_t1_16_1_, rewardtagw0_.reward_tag_wrapper_reward_presented_at as reward_t2_16_1_, rewardtagw0_.reward_tag_reward_tag_id as reward_t3_16_1_, rewardtagw0_.user_id as user_id4_16_1_ from reward_tag_wrapper rewardtagw0_ where rewardtagw0_.user_id=?
Hibernate: select attendance0_.attendance_user_attendance_user_id as col_0_0_ from attendance_user attendance0_ where attendance0_.user_id=? limit ?
Hibernate: DELETE FROM USER WHERE USER_ID = ?
Hibernate: select user0_.user_id as col_0_0_ from user user0_ where user0_.user_user_id=? limit ?
Hibernate: select user0_.user_id as col_0_0_ from user user0_ where user0_.user_user_id=? limit ?
Hibernate: select user0_.user_id as col_0_0_ from user user0_ where user0_.user_user_id=? limit ?
Hibernate: select U.* from USER U where U.USER_USER_ID =?
Hibernate: select character0_.character_id as characte1_6_0_, character0_.character_character_name as characte2_6_0_ from characters character0_ where character0_.character_id=?
Hibernate: select user0_.user_id as user_id1_21_0_, user0_.character_id as characte7_21_0_, user0_.user_created_at as user_cre2_21_0_, user0_.user_name as user_nam3_21_0_, user0_.user_phone_number as user_pho4_21_0_, user0_.user_user_id as user_use5_21_0_, user0_.user_user_password as user_use6_21_0_ from user user0_ where user0_.user_id=?
Hibernate: select character0_.character_id as characte1_6_0_, character0_.character_character_name as characte2_6_0_ from characters character0_ where character0_.character_id=?
Hibernate: SELECT * FROM SCHEDULE WHERE (YEAR(SCHEDULE_STARTED_AT) = ? AND MONTH(SCHEDULE_STARTED_AT) = ?) OR (YEAR(SCHEDULE_FINISH_AT) = ? AND MONTH(SCHEDULE_FINISH_AT) = ?)
Hibernate: select user0_.user_id as user_id1_21_0_, user0_.character_id as characte7_21_0_, user0_.user_created_at as user_cre2_21_0_, user0_.user_name as user_nam3_21_0_, user0_.user_phone_number as user_pho4_21_0_, user0_.user_user_id as user_use5_21_0_, user0_.user_user_password as user_use6_21_0_ from user user0_ where user0_.user_id=?
Hibernate: select character0_.character_id as characte1_6_0_, character0_.character_character_name as characte2_6_0_ from characters character0_ where character0_.character_id=?
Hibernate: SELECT * FROM SCHEDULE WHERE (YEAR(SCHEDULE_STARTED_AT) = ? AND MONTH(SCHEDULE_STARTED_AT) = ?) OR (YEAR(SCHEDULE_FINISH_AT) = ? AND MONTH(SCHEDULE_FINISH_AT) = ?)
Hibernate: select user0_.user_id as user_id1_21_0_, user0_.character_id as characte7_21_0_, user0_.user_created_at as user_cre2_21_0_, user0_.user_name as user_nam3_21_0_, user0_.user_phone_number as user_pho4_21_0_, user0_.user_user_id as user_use5_21_0_, user0_.user_user_password as user_use6_21_0_ from user user0_ where user0_.user_id=?
Hibernate: select character0_.character_id as characte1_6_0_, character0_.character_character_name as characte2_6_0_ from characters character0_ where character0_.character_id=?
Hibernate: SELECT * FROM SCHEDULE WHERE (YEAR(SCHEDULE_STARTED_AT) = ? AND MONTH(SCHEDULE_STARTED_AT) = ?) OR (YEAR(SCHEDULE_FINISH_AT) = ? AND MONTH(SCHEDULE_FINISH_AT) = ?)
Hibernate: select user0_.user_id as user_id1_21_0_, user0_.character_id as characte7_21_0_, user0_.user_created_at as user_cre2_21_0_, user0_.user_name as user_nam3_21_0_, user0_.user_phone_number as user_pho4_21_0_, user0_.user_user_id as user_use5_21_0_, user0_.user_user_password as user_use6_21_0_ from user user0_ where user0_.user_id=?
Hibernate: select character0_.character_id as characte1_6_0_, character0_.character_character_name as characte2_6_0_ from characters character0_ where character0_.character_id=?
Hibernate: SELECT * FROM SCHEDULE WHERE (YEAR(SCHEDULE_STARTED_AT) = ? AND MONTH(SCHEDULE_STARTED_AT) = ?) OR (YEAR(SCHEDULE_FINISH_AT) = ? AND MONTH(SCHEDULE_FINISH_AT) = ?)
Hibernate: select user0_.user_id as user_id1_21_0_, user0_.character_id as characte7_21_0_, user0_.user_created_at as user_cre2_21_0_, user0_.user_name as user_nam3_21_0_, user0_.user_phone_number as user_pho4_21_0_, user0_.user_user_id as user_use5_21_0_, user0_.user_user_password as user_use6_21_0_ from user user0_ where user0_.user_id=?
Hibernate: select character0_.character_id as characte1_6_0_, character0_.character_character_name as characte2_6_0_ from characters character0_ where character0_.character_id=?
Hibernate: SELECT * FROM SCHEDULE WHERE (YEAR(SCHEDULE_STARTED_AT) = ? AND MONTH(SCHEDULE_STARTED_AT) = ?) OR (YEAR(SCHEDULE_FINISH_AT) = ? AND MONTH(SCHEDULE_FINISH_AT) = ?)
Hibernate: select user0_.user_id as user_id1_21_0_, user0_.character_id as characte7_21_0_, user0_.user_created_at as user_cre2_21_0_, user0_.user_name as user_nam3_21_0_, user0_.user_phone_number as user_pho4_21_0_, user0_.user_user_id as user_use5_21_0_, user0_.user_user_password as user_use6_21_0_ from user user0_ where user0_.user_id=?
Hibernate: select character0_.character_id as characte1_6_0_, character0_.character_character_name as characte2_6_0_ from characters character0_ where character0_.character_id=?
Hibernate: SELECT * FROM SCHEDULE WHERE (YEAR(SCHEDULE_STARTED_AT) = ? AND MONTH(SCHEDULE_STARTED_AT) = ?) OR (YEAR(SCHEDULE_FINISH_AT) = ? AND MONTH(SCHEDULE_FINISH_AT) = ?)
Hibernate: select user0_.user_id as user_id1_21_0_, user0_.character_id as characte7_21_0_, user0_.user_created_at as user_cre2_21_0_, user0_.user_name as user_nam3_21_0_, user0_.user_phone_number as user_pho4_21_0_, user0_.user_user_id as user_use5_21_0_, user0_.user_user_password as user_use6_21_0_ from user user0_ where user0_.user_id=?
Hibernate: select character0_.character_id as characte1_6_0_, character0_.character_character_name as characte2_6_0_ from characters character0_ where character0_.character_id=?
Hibernate: SELECT * FROM SCHEDULE WHERE (YEAR(SCHEDULE_STARTED_AT) = ? AND MONTH(SCHEDULE_STARTED_AT) = ?) OR (YEAR(SCHEDULE_FINISH_AT) = ? AND MONTH(SCHEDULE_FINISH_AT) = ?)
Hibernate: select user0_.user_id as user_id1_21_0_, user0_.character_id as characte7_21_0_, user0_.user_created_at as user_cre2_21_0_, user0_.user_name as user_nam3_21_0_, user0_.user_phone_number as user_pho4_21_0_, user0_.user_user_id as user_use5_21_0_, user0_.user_user_password as user_use6_21_0_ from user user0_ where user0_.user_id=?
Hibernate: select character0_.character_id as characte1_6_0_, character0_.character_character_name as characte2_6_0_ from characters character0_ where character0_.character_id=?
Hibernate: SELECT * FROM SCHEDULE WHERE (YEAR(SCHEDULE_STARTED_AT) = ? AND MONTH(SCHEDULE_STARTED_AT) = ?) OR (YEAR(SCHEDULE_FINISH_AT) = ? AND MONTH(SCHEDULE_FINISH_AT) = ?)
Hibernate: select user0_.user_id as user_id1_21_0_, user0_.character_id as characte7_21_0_, user0_.user_created_at as user_cre2_21_0_, user0_.user_name as user_nam3_21_0_, user0_.user_phone_number as user_pho4_21_0_, user0_.user_user_id as user_use5_21_0_, user0_.user_user_password as user_use6_21_0_ from user user0_ where user0_.user_id=?
Hibernate: select character0_.character_id as characte1_6_0_, character0_.character_character_name as characte2_6_0_ from characters character0_ where character0_.character_id=?
Hibernate: SELECT * FROM SCHEDULE WHERE (YEAR(SCHEDULE_STARTED_AT) = ? AND MONTH(SCHEDULE_STARTED_AT) = ?) OR (YEAR(SCHEDULE_FINISH_AT) = ? AND MONTH(SCHEDULE_FINISH_AT) = ?)
Hibernate: select user0_.user_id as user_id1_21_0_, user0_.character_id as characte7_21_0_, user0_.user_created_at as user_cre2_21_0_, user0_.user_name as user_nam3_21_0_, user0_.user_phone_number as user_pho4_21_0_, user0_.user_user_id as user_use5_21_0_, user0_.user_user_password as user_use6_21_0_ from user user0_ where user0_.user_id=?
Hibernate: select character0_.character_id as characte1_6_0_, character0_.character_character_name as characte2_6_0_ from characters character0_ where character0_.character_id=?
Hibernate: SELECT * FROM SCHEDULE WHERE (YEAR(SCHEDULE_STARTED_AT) = ? AND MONTH(SCHEDULE_STARTED_AT) = ?) OR (YEAR(SCHEDULE_FINISH_AT) = ? AND MONTH(SCHEDULE_FINISH_AT) = ?)
Hibernate: select user0_.user_id as user_id1_21_0_, user0_.character_id as characte7_21_0_, user0_.user_created_at as user_cre2_21_0_, user0_.user_name as user_nam3_21_0_, user0_.user_phone_number as user_pho4_21_0_, user0_.user_user_id as user_use5_21_0_, user0_.user_user_password as user_use6_21_0_ from user user0_ where user0_.user_id=?
Hibernate: select character0_.character_id as characte1_6_0_, character0_.character_character_name as characte2_6_0_ from characters character0_ where character0_.character_id=?
Hibernate: SELECT * FROM SCHEDULE WHERE (YEAR(SCHEDULE_STARTED_AT) = ? AND MONTH(SCHEDULE_STARTED_AT) = ?) OR (YEAR(SCHEDULE_FINISH_AT) = ? AND MONTH(SCHEDULE_FINISH_AT) = ?)
Hibernate: select user0_.user_id as user_id1_21_0_, user0_.character_id as characte7_21_0_, user0_.user_created_at as user_cre2_21_0_, user0_.user_name as user_nam3_21_0_, user0_.user_phone_number as user_pho4_21_0_, user0_.user_user_id as user_use5_21_0_, user0_.user_user_password as user_use6_21_0_ from user user0_ where user0_.user_id=?
Hibernate: select character0_.character_id as characte1_6_0_, character0_.character_character_name as characte2_6_0_ from characters character0_ where character0_.character_id=?
Hibernate: SELECT * FROM SCHEDULE WHERE (YEAR(SCHEDULE_STARTED_AT) = ? AND MONTH(SCHEDULE_STARTED_AT) = ?) OR (YEAR(SCHEDULE_FINISH_AT) = ? AND MONTH(SCHEDULE_FINISH_AT) = ?)
Hibernate: select user0_.user_id as col_0_0_ from user user0_ where user0_.user_user_id=? limit ?
Hibernate: select user0_.user_id as col_0_0_ from user user0_ where user0_.user_user_id=? limit ?
Hibernate: select U.* from USER U where U.USER_USER_ID =?
Hibernate: select character0_.character_id as characte1_6_0_, character0_.character_character_name as characte2_6_0_ from characters character0_ where character0_.character_id=?
Hibernate: select user0_.user_id as col_0_0_ from user user0_ where user0_.user_user_id=? limit ?
Hibernate: select user0_.user_id as col_0_0_ from user user0_ where user0_.user_user_id=? limit ?
Hibernate: select U.* from USER U where U.USER_USER_ID =?
Hibernate: select character0_.character_id as characte1_6_0_, character0_.character_character_name as characte2_6_0_ from characters character0_ where character0_.character_id=?
Hibernate: select user0_.user_id as user_id1_21_0_, user0_.character_id as characte7_21_0_, user0_.user_created_at as user_cre2_21_0_, user0_.user_name as user_nam3_21_0_, user0_.user_phone_number as user_pho4_21_0_, user0_.user_user_id as user_use5_21_0_, user0_.user_user_password as user_use6_21_0_ from user user0_ where user0_.user_id=?
Hibernate: select character0_.character_id as characte1_6_0_, character0_.character_character_name as characte2_6_0_ from characters character0_ where character0_.character_id=?
Hibernate: select count(*) as col_0_0_ from user user0_ where user0_.user_id=?
Hibernate: select character1_.character_id as characte1_6_, character1_.character_character_name as characte2_6_ from user user0_ inner join characters character1_ on user0_.character_id=character1_.character_id where user0_.user_id=?
Hibernate: select permission0_.character_id as characte6_12_0_, permission0_.permission_id as permissi1_12_0_, permission0_.permission_id as permissi1_12_1_, permission0_.character_id as characte6_12_1_, permission0_.permission_name as permissi2_12_1_, permission0_.permission_permission_unit_id as permissi3_12_1_, permission0_.permission_service as permissi4_12_1_, permission0_.permission_status as permissi5_12_1_ from permission permission0_ where permission0_.character_id=?

MockHttpServletRequest:
      HTTP Method = POST
      Request URI = /schedule
       Parameters = {}
          Headers = [Content-Type:"application/json;charset=UTF-8", Accept:"application/json", Api-version:"1.0", Authorization:"Bearer eyJhbGciOiJIUzI1NiJ9.eyJzdWIiOiIxIiwiaWF0IjoxNjg3ODc3NDY4LCJleHAiOjE2ODc4ODEwNjh9.L4tO6_dDAW_EBZT75Jfu2R72X2bmpa30eKXBNOnKWzQ", Content-Length:"1179"]
             Body = {"schedule_title":"AAAAAAAAAAAAAAAAAAAAAAAAAAAAAAAAAAAAAAAAAAAAAAAAAAAAAAAAAAAAAAAAAAAAAAAAAAAAAAAAAAAAAAAAAAAAAAAAAAAAAAAAAAAAAAAAAAAAAAAAAAAAAAAAAAAAAAAAAAAAAAAAAAAAAAAAAAAAAAAAAAAAAAAAAAAAAAAAAAAAAAAAAAAAAAAAAAAAAAAAAAAAAAAAAAAAAAAAAAAAAAAAAAAAAAAAAAAAAAAAAAAAAAAAAAAAAAAAAAAAAAAAAAAAAAAAAAAAAAAAAAAAAAAAAAAAAAAAAAAAAAAAAAAAAAAAAAAAAAAAAAAAAAAAAAAAAAAAAAAAAAAAAAAAAAAAAAAAAAAAAAAAAAAAAAAAAAAAAAAAAAAAAAAAAAAAAAAAAAAAAAAAAAAAAAAAAAAAAAAAAAAAAAAAAAAAAAAAAAAAAAAAAAAAAAAAAAAAAAAAAAAAAAAAAAAAAAAAAAAAAAAAAAAAAAAAAAAAAAAAAAAAAAAAAAAAAAAAAAAAAAAAAAAAAAAAAAAAAAAAAAAAAAAAAAAAAAAAAAAAAAAAAAAAAAAAAAAAAAAAAAAAAAAAAAAAAAAAAAAAAAAAAAAAAAAAAAAAAAAAAAAAAAAAAAAAAAAAAAAAAAAAAAAAAAAAAAAAAAAAAAAAAAAAAAAAAAAAAAAAAAAAAAAAAAAAAAAAAAAAAAAAAAAAAAAAAAAAAAAAAAAAAAAAAAAAAAAAAAAAAAAAAAAAAAAAAAAAAAAAAAAAAAAAAAAAAAAAAAAAAAAAAAAAAAAAAAAAAAAAAAAAAAAAAAAAAAAAAAAAAAAAAAAAAAAAAAAAAAAAAAAAAAAAAAAAAAAAAAAAAAAAAAAAAAAAAAAAAAAAAAAAAAAAAAAAAAAAAAAAAAAAAAAAAAAAAAAAAAAAAAAAAAAAAAAAAAAAAAAAAAAAAAAAAAAAAAAAAAAAAAAAAAAAAAAAAAAAAAAAAAAAAAAAAAAAAAAAAAAAAAAAA","schedule_content":"seminar","started_at":"2023-01-24T20:52","finish_at":"2023-01-31T23:59","repeat":{"cycle":123,"repeat_finish_at":"2023-12-31T23:59"}}
    Session Attrs = {}

Handler:
             Type = org.waldreg.controller.schedule.ScheduleController
           Method = org.waldreg.controller.schedule.ScheduleController#createSchedule(ScheduleRequest)

Async:
    Async started = false
     Async result = null

Resolved Exception:
             Type = org.waldreg.schedule.exception.ContentOverflowException

ModelAndView:
        View name = null
             View = null
            Model = null

FlashMap:
       Attributes = null

MockHttpServletResponse:
           Status = 400
    Error message = null
          Headers = [Vary:"Origin", "Access-Control-Request-Method", "Access-Control-Request-Headers", Api-version:"1.0", Content-Type:"application/json"]
     Content type = application/json
             Body = {"code":"SCHEDULE-411","messages":"Schedule title length cannot be more than 1000 current length \"1005\"","document_url":"docs.waldreg.org"}
    Forwarded URL = null
   Redirected URL = null
          Cookies = []
Hibernate: select user0_.user_id as col_0_0_ from user user0_ where user0_.user_user_id=? limit ?
Hibernate: select user0_.user_id as col_0_0_ from user user0_ where user0_.user_user_id=? limit ?
Hibernate: select U.* from USER U where U.USER_USER_ID =?
Hibernate: select character0_.character_id as characte1_6_0_, character0_.character_character_name as characte2_6_0_ from characters character0_ where character0_.character_id=?
Hibernate: select user0_.user_id as user_id1_21_0_, user0_.character_id as characte7_21_0_, user0_.user_created_at as user_cre2_21_0_, user0_.user_name as user_nam3_21_0_, user0_.user_phone_number as user_pho4_21_0_, user0_.user_user_id as user_use5_21_0_, user0_.user_user_password as user_use6_21_0_ from user user0_ where user0_.user_id=?
Hibernate: select character0_.character_id as characte1_6_0_, character0_.character_character_name as characte2_6_0_ from characters character0_ where character0_.character_id=?
Hibernate: SELECT * FROM SCHEDULE WHERE (YEAR(SCHEDULE_STARTED_AT) = ? AND MONTH(SCHEDULE_STARTED_AT) = ?) OR (YEAR(SCHEDULE_FINISH_AT) = ? AND MONTH(SCHEDULE_FINISH_AT) = ?)
Hibernate: select user0_.user_id as user_id1_21_0_, user0_.character_id as characte7_21_0_, user0_.user_created_at as user_cre2_21_0_, user0_.user_name as user_nam3_21_0_, user0_.user_phone_number as user_pho4_21_0_, user0_.user_user_id as user_use5_21_0_, user0_.user_user_password as user_use6_21_0_ from user user0_ where user0_.user_id=?
Hibernate: select character0_.character_id as characte1_6_0_, character0_.character_character_name as characte2_6_0_ from characters character0_ where character0_.character_id=?
Hibernate: SELECT * FROM SCHEDULE WHERE (YEAR(SCHEDULE_STARTED_AT) = ? AND MONTH(SCHEDULE_STARTED_AT) = ?) OR (YEAR(SCHEDULE_FINISH_AT) = ? AND MONTH(SCHEDULE_FINISH_AT) = ?)
Hibernate: select user0_.user_id as user_id1_21_0_, user0_.character_id as characte7_21_0_, user0_.user_created_at as user_cre2_21_0_, user0_.user_name as user_nam3_21_0_, user0_.user_phone_number as user_pho4_21_0_, user0_.user_user_id as user_use5_21_0_, user0_.user_user_password as user_use6_21_0_ from user user0_ where user0_.user_id=?
Hibernate: select character0_.character_id as characte1_6_0_, character0_.character_character_name as characte2_6_0_ from characters character0_ where character0_.character_id=?
Hibernate: SELECT * FROM SCHEDULE WHERE (YEAR(SCHEDULE_STARTED_AT) = ? AND MONTH(SCHEDULE_STARTED_AT) = ?) OR (YEAR(SCHEDULE_FINISH_AT) = ? AND MONTH(SCHEDULE_FINISH_AT) = ?)
Hibernate: select user0_.user_id as user_id1_21_0_, user0_.character_id as characte7_21_0_, user0_.user_created_at as user_cre2_21_0_, user0_.user_name as user_nam3_21_0_, user0_.user_phone_number as user_pho4_21_0_, user0_.user_user_id as user_use5_21_0_, user0_.user_user_password as user_use6_21_0_ from user user0_ where user0_.user_id=?
Hibernate: select character0_.character_id as characte1_6_0_, character0_.character_character_name as characte2_6_0_ from characters character0_ where character0_.character_id=?
Hibernate: SELECT * FROM SCHEDULE WHERE (YEAR(SCHEDULE_STARTED_AT) = ? AND MONTH(SCHEDULE_STARTED_AT) = ?) OR (YEAR(SCHEDULE_FINISH_AT) = ? AND MONTH(SCHEDULE_FINISH_AT) = ?)
Hibernate: select user0_.user_id as user_id1_21_0_, user0_.character_id as characte7_21_0_, user0_.user_created_at as user_cre2_21_0_, user0_.user_name as user_nam3_21_0_, user0_.user_phone_number as user_pho4_21_0_, user0_.user_user_id as user_use5_21_0_, user0_.user_user_password as user_use6_21_0_ from user user0_ where user0_.user_id=?
Hibernate: select character0_.character_id as characte1_6_0_, character0_.character_character_name as characte2_6_0_ from characters character0_ where character0_.character_id=?
Hibernate: SELECT * FROM SCHEDULE WHERE (YEAR(SCHEDULE_STARTED_AT) = ? AND MONTH(SCHEDULE_STARTED_AT) = ?) OR (YEAR(SCHEDULE_FINISH_AT) = ? AND MONTH(SCHEDULE_FINISH_AT) = ?)
Hibernate: select user0_.user_id as user_id1_21_0_, user0_.character_id as characte7_21_0_, user0_.user_created_at as user_cre2_21_0_, user0_.user_name as user_nam3_21_0_, user0_.user_phone_number as user_pho4_21_0_, user0_.user_user_id as user_use5_21_0_, user0_.user_user_password as user_use6_21_0_ from user user0_ where user0_.user_id=?
Hibernate: select character0_.character_id as characte1_6_0_, character0_.character_character_name as characte2_6_0_ from characters character0_ where character0_.character_id=?
Hibernate: SELECT * FROM SCHEDULE WHERE (YEAR(SCHEDULE_STARTED_AT) = ? AND MONTH(SCHEDULE_STARTED_AT) = ?) OR (YEAR(SCHEDULE_FINISH_AT) = ? AND MONTH(SCHEDULE_FINISH_AT) = ?)
Hibernate: select user0_.user_id as user_id1_21_0_, user0_.character_id as characte7_21_0_, user0_.user_created_at as user_cre2_21_0_, user0_.user_name as user_nam3_21_0_, user0_.user_phone_number as user_pho4_21_0_, user0_.user_user_id as user_use5_21_0_, user0_.user_user_password as user_use6_21_0_ from user user0_ where user0_.user_id=?
Hibernate: select character0_.character_id as characte1_6_0_, character0_.character_character_name as characte2_6_0_ from characters character0_ where character0_.character_id=?
Hibernate: SELECT * FROM SCHEDULE WHERE (YEAR(SCHEDULE_STARTED_AT) = ? AND MONTH(SCHEDULE_STARTED_AT) = ?) OR (YEAR(SCHEDULE_FINISH_AT) = ? AND MONTH(SCHEDULE_FINISH_AT) = ?)
Hibernate: select user0_.user_id as user_id1_21_0_, user0_.character_id as characte7_21_0_, user0_.user_created_at as user_cre2_21_0_, user0_.user_name as user_nam3_21_0_, user0_.user_phone_number as user_pho4_21_0_, user0_.user_user_id as user_use5_21_0_, user0_.user_user_password as user_use6_21_0_ from user user0_ where user0_.user_id=?
Hibernate: select character0_.character_id as characte1_6_0_, character0_.character_character_name as characte2_6_0_ from characters character0_ where character0_.character_id=?
Hibernate: SELECT * FROM SCHEDULE WHERE (YEAR(SCHEDULE_STARTED_AT) = ? AND MONTH(SCHEDULE_STARTED_AT) = ?) OR (YEAR(SCHEDULE_FINISH_AT) = ? AND MONTH(SCHEDULE_FINISH_AT) = ?)
Hibernate: select user0_.user_id as user_id1_21_0_, user0_.character_id as characte7_21_0_, user0_.user_created_at as user_cre2_21_0_, user0_.user_name as user_nam3_21_0_, user0_.user_phone_number as user_pho4_21_0_, user0_.user_user_id as user_use5_21_0_, user0_.user_user_password as user_use6_21_0_ from user user0_ where user0_.user_id=?
Hibernate: select character0_.character_id as characte1_6_0_, character0_.character_character_name as characte2_6_0_ from characters character0_ where character0_.character_id=?
Hibernate: SELECT * FROM SCHEDULE WHERE (YEAR(SCHEDULE_STARTED_AT) = ? AND MONTH(SCHEDULE_STARTED_AT) = ?) OR (YEAR(SCHEDULE_FINISH_AT) = ? AND MONTH(SCHEDULE_FINISH_AT) = ?)
Hibernate: select user0_.user_id as user_id1_21_0_, user0_.character_id as characte7_21_0_, user0_.user_created_at as user_cre2_21_0_, user0_.user_name as user_nam3_21_0_, user0_.user_phone_number as user_pho4_21_0_, user0_.user_user_id as user_use5_21_0_, user0_.user_user_password as user_use6_21_0_ from user user0_ where user0_.user_id=?
Hibernate: select character0_.character_id as characte1_6_0_, character0_.character_character_name as characte2_6_0_ from characters character0_ where character0_.character_id=?
Hibernate: SELECT * FROM SCHEDULE WHERE (YEAR(SCHEDULE_STARTED_AT) = ? AND MONTH(SCHEDULE_STARTED_AT) = ?) OR (YEAR(SCHEDULE_FINISH_AT) = ? AND MONTH(SCHEDULE_FINISH_AT) = ?)
Hibernate: select user0_.user_id as user_id1_21_0_, user0_.character_id as characte7_21_0_, user0_.user_created_at as user_cre2_21_0_, user0_.user_name as user_nam3_21_0_, user0_.user_phone_number as user_pho4_21_0_, user0_.user_user_id as user_use5_21_0_, user0_.user_user_password as user_use6_21_0_ from user user0_ where user0_.user_id=?
Hibernate: select character0_.character_id as characte1_6_0_, character0_.character_character_name as characte2_6_0_ from characters character0_ where character0_.character_id=?
Hibernate: SELECT * FROM SCHEDULE WHERE (YEAR(SCHEDULE_STARTED_AT) = ? AND MONTH(SCHEDULE_STARTED_AT) = ?) OR (YEAR(SCHEDULE_FINISH_AT) = ? AND MONTH(SCHEDULE_FINISH_AT) = ?)
Hibernate: select user0_.user_id as user_id1_21_0_, user0_.character_id as characte7_21_0_, user0_.user_created_at as user_cre2_21_0_, user0_.user_name as user_nam3_21_0_, user0_.user_phone_number as user_pho4_21_0_, user0_.user_user_id as user_use5_21_0_, user0_.user_user_password as user_use6_21_0_ from user user0_ where user0_.user_id=?
Hibernate: select character0_.character_id as characte1_6_0_, character0_.character_character_name as characte2_6_0_ from characters character0_ where character0_.character_id=?
Hibernate: SELECT * FROM SCHEDULE WHERE (YEAR(SCHEDULE_STARTED_AT) = ? AND MONTH(SCHEDULE_STARTED_AT) = ?) OR (YEAR(SCHEDULE_FINISH_AT) = ? AND MONTH(SCHEDULE_FINISH_AT) = ?)
Hibernate: select user0_.user_id as col_0_0_ from user user0_ where user0_.user_user_id=? limit ?
Hibernate: select user0_.user_id as col_0_0_ from user user0_ where user0_.user_user_id=? limit ?
Hibernate: select U.* from USER U where U.USER_USER_ID =?
Hibernate: select character0_.character_id as characte1_6_0_, character0_.character_character_name as characte2_6_0_ from characters character0_ where character0_.character_id=?
Hibernate: select user0_.user_id as col_0_0_ from user user0_ where user0_.user_user_id=? limit ?
Hibernate: select user0_.user_id as col_0_0_ from user user0_ where user0_.user_user_id=? limit ?
Hibernate: select U.* from USER U where U.USER_USER_ID =?
Hibernate: select character0_.character_id as characte1_6_0_, character0_.character_character_name as characte2_6_0_ from characters character0_ where character0_.character_id=?
Hibernate: select user0_.user_id as user_id1_21_0_, user0_.character_id as characte7_21_0_, user0_.user_created_at as user_cre2_21_0_, user0_.user_name as user_nam3_21_0_, user0_.user_phone_number as user_pho4_21_0_, user0_.user_user_id as user_use5_21_0_, user0_.user_user_password as user_use6_21_0_ from user user0_ where user0_.user_id=?
Hibernate: select character0_.character_id as characte1_6_0_, character0_.character_character_name as characte2_6_0_ from characters character0_ where character0_.character_id=?
Hibernate: SELECT * FROM SCHEDULE WHERE (YEAR(SCHEDULE_STARTED_AT) = ? AND MONTH(SCHEDULE_STARTED_AT) = ?) OR (YEAR(SCHEDULE_FINISH_AT) = ? AND MONTH(SCHEDULE_FINISH_AT) = ?)
Hibernate: select user0_.user_id as user_id1_21_0_, user0_.character_id as characte7_21_0_, user0_.user_created_at as user_cre2_21_0_, user0_.user_name as user_nam3_21_0_, user0_.user_phone_number as user_pho4_21_0_, user0_.user_user_id as user_use5_21_0_, user0_.user_user_password as user_use6_21_0_ from user user0_ where user0_.user_id=?
Hibernate: select character0_.character_id as characte1_6_0_, character0_.character_character_name as characte2_6_0_ from characters character0_ where character0_.character_id=?
Hibernate: SELECT * FROM SCHEDULE WHERE (YEAR(SCHEDULE_STARTED_AT) = ? AND MONTH(SCHEDULE_STARTED_AT) = ?) OR (YEAR(SCHEDULE_FINISH_AT) = ? AND MONTH(SCHEDULE_FINISH_AT) = ?)
Hibernate: select user0_.user_id as user_id1_21_0_, user0_.character_id as characte7_21_0_, user0_.user_created_at as user_cre2_21_0_, user0_.user_name as user_nam3_21_0_, user0_.user_phone_number as user_pho4_21_0_, user0_.user_user_id as user_use5_21_0_, user0_.user_user_password as user_use6_21_0_ from user user0_ where user0_.user_id=?
Hibernate: select character0_.character_id as characte1_6_0_, character0_.character_character_name as characte2_6_0_ from characters character0_ where character0_.character_id=?
Hibernate: SELECT * FROM SCHEDULE WHERE (YEAR(SCHEDULE_STARTED_AT) = ? AND MONTH(SCHEDULE_STARTED_AT) = ?) OR (YEAR(SCHEDULE_FINISH_AT) = ? AND MONTH(SCHEDULE_FINISH_AT) = ?)
Hibernate: select user0_.user_id as user_id1_21_0_, user0_.character_id as characte7_21_0_, user0_.user_created_at as user_cre2_21_0_, user0_.user_name as user_nam3_21_0_, user0_.user_phone_number as user_pho4_21_0_, user0_.user_user_id as user_use5_21_0_, user0_.user_user_password as user_use6_21_0_ from user user0_ where user0_.user_id=?
Hibernate: select character0_.character_id as characte1_6_0_, character0_.character_character_name as characte2_6_0_ from characters character0_ where character0_.character_id=?
Hibernate: SELECT * FROM SCHEDULE WHERE (YEAR(SCHEDULE_STARTED_AT) = ? AND MONTH(SCHEDULE_STARTED_AT) = ?) OR (YEAR(SCHEDULE_FINISH_AT) = ? AND MONTH(SCHEDULE_FINISH_AT) = ?)
Hibernate: select user0_.user_id as user_id1_21_0_, user0_.character_id as characte7_21_0_, user0_.user_created_at as user_cre2_21_0_, user0_.user_name as user_nam3_21_0_, user0_.user_phone_number as user_pho4_21_0_, user0_.user_user_id as user_use5_21_0_, user0_.user_user_password as user_use6_21_0_ from user user0_ where user0_.user_id=?
Hibernate: select character0_.character_id as characte1_6_0_, character0_.character_character_name as characte2_6_0_ from characters character0_ where character0_.character_id=?
Hibernate: SELECT * FROM SCHEDULE WHERE (YEAR(SCHEDULE_STARTED_AT) = ? AND MONTH(SCHEDULE_STARTED_AT) = ?) OR (YEAR(SCHEDULE_FINISH_AT) = ? AND MONTH(SCHEDULE_FINISH_AT) = ?)
Hibernate: select user0_.user_id as user_id1_21_0_, user0_.character_id as characte7_21_0_, user0_.user_created_at as user_cre2_21_0_, user0_.user_name as user_nam3_21_0_, user0_.user_phone_number as user_pho4_21_0_, user0_.user_user_id as user_use5_21_0_, user0_.user_user_password as user_use6_21_0_ from user user0_ where user0_.user_id=?
Hibernate: select character0_.character_id as characte1_6_0_, character0_.character_character_name as characte2_6_0_ from characters character0_ where character0_.character_id=?
Hibernate: SELECT * FROM SCHEDULE WHERE (YEAR(SCHEDULE_STARTED_AT) = ? AND MONTH(SCHEDULE_STARTED_AT) = ?) OR (YEAR(SCHEDULE_FINISH_AT) = ? AND MONTH(SCHEDULE_FINISH_AT) = ?)
Hibernate: select user0_.user_id as user_id1_21_0_, user0_.character_id as characte7_21_0_, user0_.user_created_at as user_cre2_21_0_, user0_.user_name as user_nam3_21_0_, user0_.user_phone_number as user_pho4_21_0_, user0_.user_user_id as user_use5_21_0_, user0_.user_user_password as user_use6_21_0_ from user user0_ where user0_.user_id=?
Hibernate: select character0_.character_id as characte1_6_0_, character0_.character_character_name as characte2_6_0_ from characters character0_ where character0_.character_id=?
Hibernate: SELECT * FROM SCHEDULE WHERE (YEAR(SCHEDULE_STARTED_AT) = ? AND MONTH(SCHEDULE_STARTED_AT) = ?) OR (YEAR(SCHEDULE_FINISH_AT) = ? AND MONTH(SCHEDULE_FINISH_AT) = ?)
Hibernate: select user0_.user_id as user_id1_21_0_, user0_.character_id as characte7_21_0_, user0_.user_created_at as user_cre2_21_0_, user0_.user_name as user_nam3_21_0_, user0_.user_phone_number as user_pho4_21_0_, user0_.user_user_id as user_use5_21_0_, user0_.user_user_password as user_use6_21_0_ from user user0_ where user0_.user_id=?
Hibernate: select character0_.character_id as characte1_6_0_, character0_.character_character_name as characte2_6_0_ from characters character0_ where character0_.character_id=?
Hibernate: SELECT * FROM SCHEDULE WHERE (YEAR(SCHEDULE_STARTED_AT) = ? AND MONTH(SCHEDULE_STARTED_AT) = ?) OR (YEAR(SCHEDULE_FINISH_AT) = ? AND MONTH(SCHEDULE_FINISH_AT) = ?)
Hibernate: select user0_.user_id as user_id1_21_0_, user0_.character_id as characte7_21_0_, user0_.user_created_at as user_cre2_21_0_, user0_.user_name as user_nam3_21_0_, user0_.user_phone_number as user_pho4_21_0_, user0_.user_user_id as user_use5_21_0_, user0_.user_user_password as user_use6_21_0_ from user user0_ where user0_.user_id=?
Hibernate: select character0_.character_id as characte1_6_0_, character0_.character_character_name as characte2_6_0_ from characters character0_ where character0_.character_id=?
Hibernate: SELECT * FROM SCHEDULE WHERE (YEAR(SCHEDULE_STARTED_AT) = ? AND MONTH(SCHEDULE_STARTED_AT) = ?) OR (YEAR(SCHEDULE_FINISH_AT) = ? AND MONTH(SCHEDULE_FINISH_AT) = ?)
Hibernate: select user0_.user_id as user_id1_21_0_, user0_.character_id as characte7_21_0_, user0_.user_created_at as user_cre2_21_0_, user0_.user_name as user_nam3_21_0_, user0_.user_phone_number as user_pho4_21_0_, user0_.user_user_id as user_use5_21_0_, user0_.user_user_password as user_use6_21_0_ from user user0_ where user0_.user_id=?
Hibernate: select character0_.character_id as characte1_6_0_, character0_.character_character_name as characte2_6_0_ from characters character0_ where character0_.character_id=?
Hibernate: SELECT * FROM SCHEDULE WHERE (YEAR(SCHEDULE_STARTED_AT) = ? AND MONTH(SCHEDULE_STARTED_AT) = ?) OR (YEAR(SCHEDULE_FINISH_AT) = ? AND MONTH(SCHEDULE_FINISH_AT) = ?)
Hibernate: select user0_.user_id as user_id1_21_0_, user0_.character_id as characte7_21_0_, user0_.user_created_at as user_cre2_21_0_, user0_.user_name as user_nam3_21_0_, user0_.user_phone_number as user_pho4_21_0_, user0_.user_user_id as user_use5_21_0_, user0_.user_user_password as user_use6_21_0_ from user user0_ where user0_.user_id=?
Hibernate: select character0_.character_id as characte1_6_0_, character0_.character_character_name as characte2_6_0_ from characters character0_ where character0_.character_id=?
Hibernate: SELECT * FROM SCHEDULE WHERE (YEAR(SCHEDULE_STARTED_AT) = ? AND MONTH(SCHEDULE_STARTED_AT) = ?) OR (YEAR(SCHEDULE_FINISH_AT) = ? AND MONTH(SCHEDULE_FINISH_AT) = ?)
Hibernate: select user0_.user_id as user_id1_21_0_, user0_.character_id as characte7_21_0_, user0_.user_created_at as user_cre2_21_0_, user0_.user_name as user_nam3_21_0_, user0_.user_phone_number as user_pho4_21_0_, user0_.user_user_id as user_use5_21_0_, user0_.user_user_password as user_use6_21_0_ from user user0_ where user0_.user_id=?
Hibernate: select character0_.character_id as characte1_6_0_, character0_.character_character_name as characte2_6_0_ from characters character0_ where character0_.character_id=?
Hibernate: SELECT * FROM SCHEDULE WHERE (YEAR(SCHEDULE_STARTED_AT) = ? AND MONTH(SCHEDULE_STARTED_AT) = ?) OR (YEAR(SCHEDULE_FINISH_AT) = ? AND MONTH(SCHEDULE_FINISH_AT) = ?)
Hibernate: select user0_.user_id as col_0_0_ from user user0_ where user0_.user_user_id=? limit ?
Hibernate: select user0_.user_id as col_0_0_ from user user0_ where user0_.user_user_id=? limit ?
Hibernate: select U.* from USER U where U.USER_USER_ID =?
Hibernate: select character0_.character_id as characte1_6_0_, character0_.character_character_name as characte2_6_0_ from characters character0_ where character0_.character_id=?
Hibernate: select user0_.user_id as col_0_0_ from user user0_ where user0_.user_user_id=? limit ?
Hibernate: select user0_.user_id as col_0_0_ from user user0_ where user0_.user_user_id=? limit ?
Hibernate: select U.* from USER U where U.USER_USER_ID =?
Hibernate: select character0_.character_id as characte1_6_0_, character0_.character_character_name as characte2_6_0_ from characters character0_ where character0_.character_id=?
Hibernate: select user0_.user_id as col_0_0_ from user user0_ where user0_.user_user_id=? limit ?
Hibernate: select user0_.user_id as col_0_0_ from user user0_ where user0_.user_user_id=? limit ?
Hibernate: select U.* from USER U where U.USER_USER_ID =?
Hibernate: select character0_.character_id as characte1_6_0_, character0_.character_character_name as characte2_6_0_ from characters character0_ where character0_.character_id=?
Hibernate: select user0_.user_id as col_0_0_ from user user0_ where user0_.user_user_id=? limit ?
Hibernate: select userjoinin0_.user_joining_pool_id as col_0_0_ from user_joining_pool userjoinin0_ where userjoinin0_.user_user_id=? limit ?
Hibernate: select character0_.character_id as col_0_0_ from characters character0_ where character0_.character_character_name=? limit ?
Hibernate: insert into user_joining_pool (user_joining_pool_id, user_created_at, user_name, user_phone_number, user_user_id, user_user_password) values (default, ?, ?, ?, ?, ?)
Hibernate: select user0_.user_id as user_id1_21_0_, user0_.character_id as characte7_21_0_, user0_.user_created_at as user_cre2_21_0_, user0_.user_name as user_nam3_21_0_, user0_.user_phone_number as user_pho4_21_0_, user0_.user_user_id as user_use5_21_0_, user0_.user_user_password as user_use6_21_0_ from user user0_ where user0_.user_id=?
Hibernate: select character0_.character_id as characte1_6_0_, character0_.character_character_name as characte2_6_0_ from characters character0_ where character0_.character_id=?
Hibernate: select count(*) as col_0_0_ from user user0_ where user0_.user_id=?
Hibernate: select character1_.character_id as characte1_6_, character1_.character_character_name as characte2_6_ from user user0_ inner join characters character1_ on user0_.character_id=character1_.character_id where user0_.user_id=?
Hibernate: select permission0_.character_id as characte6_12_0_, permission0_.permission_id as permissi1_12_0_, permission0_.permission_id as permissi1_12_1_, permission0_.character_id as characte6_12_1_, permission0_.permission_name as permissi2_12_1_, permission0_.permission_permission_unit_id as permissi3_12_1_, permission0_.permission_service as permissi4_12_1_, permission0_.permission_status as permissi5_12_1_ from permission permission0_ where permission0_.character_id=?
Hibernate: select userjoinin0_.user_joining_pool_id as col_0_0_ from user_joining_pool userjoinin0_ where userjoinin0_.user_user_id=? limit ?
Hibernate: select userjoinin0_.user_joining_pool_id as user_joi1_22_, userjoinin0_.user_created_at as user_cre2_22_, userjoinin0_.user_name as user_nam3_22_, userjoinin0_.user_phone_number as user_pho4_22_, userjoinin0_.user_user_id as user_use5_22_, userjoinin0_.user_user_password as user_use6_22_ from user_joining_pool userjoinin0_ where userjoinin0_.user_user_id=?
Hibernate: select character0_.character_id as characte1_6_, character0_.character_character_name as characte2_6_ from characters character0_ where character0_.character_character_name=?
Hibernate: insert into user (user_id, character_id, user_created_at, user_name, user_phone_number, user_user_id, user_user_password) values (default, ?, ?, ?, ?, ?, ?)
Hibernate: DELETE FROM USER_JOINING_POOL as JU where JU.USER_USER_ID =?
Hibernate: select user0_.user_id as col_0_0_ from user user0_ where user0_.user_user_id=? limit ?
Hibernate: select user0_.user_id as col_0_0_ from user user0_ where user0_.user_user_id=? limit ?
Hibernate: select U.* from USER U where U.USER_USER_ID =?
Hibernate: select character0_.character_id as characte1_6_0_, character0_.character_character_name as characte2_6_0_ from characters character0_ where character0_.character_id=?
Hibernate: select user0_.user_id as user_id1_21_0_, user0_.character_id as characte7_21_0_, user0_.user_created_at as user_cre2_21_0_, user0_.user_name as user_nam3_21_0_, user0_.user_phone_number as user_pho4_21_0_, user0_.user_user_id as user_use5_21_0_, user0_.user_user_password as user_use6_21_0_ from user user0_ where user0_.user_id=?
Hibernate: select character0_.character_id as characte1_6_0_, character0_.character_character_name as characte2_6_0_ from characters character0_ where character0_.character_id=?
Hibernate: select count(*) as col_0_0_ from user user0_ where user0_.user_id=?
Hibernate: select character1_.character_id as characte1_6_, character1_.character_character_name as characte2_6_ from user user0_ inner join characters character1_ on user0_.character_id=character1_.character_id where user0_.user_id=?
Hibernate: select permission0_.character_id as characte6_12_0_, permission0_.permission_id as permissi1_12_0_, permission0_.permission_id as permissi1_12_1_, permission0_.character_id as characte6_12_1_, permission0_.permission_name as permissi2_12_1_, permission0_.permission_permission_unit_id as permissi3_12_1_, permission0_.permission_service as permissi4_12_1_, permission0_.permission_status as permissi5_12_1_ from permission permission0_ where permission0_.character_id=?
Hibernate: select schedule0_.schedule_id as schedule1_17_0_, schedule0_.schedule_finish_at as schedule2_17_0_, schedule0_.schedule_content as schedule3_17_0_, schedule0_.schedule_repeat_cycle as schedule4_17_0_, schedule0_.schedule_repeat_repeat_finish_at as schedule5_17_0_, schedule0_.schedule_title as schedule6_17_0_, schedule0_.schedule_started_at as schedule7_17_0_ from schedule schedule0_ where schedule0_.schedule_id=?
Hibernate: insert into schedule (schedule_id, schedule_finish_at, schedule_content, schedule_repeat_cycle, schedule_repeat_repeat_finish_at, schedule_title, schedule_started_at) values (default, ?, ?, ?, ?, ?, ?)
Hibernate: select user0_.user_id as user_id1_21_0_, user0_.character_id as characte7_21_0_, user0_.user_created_at as user_cre2_21_0_, user0_.user_name as user_nam3_21_0_, user0_.user_phone_number as user_pho4_21_0_, user0_.user_user_id as user_use5_21_0_, user0_.user_user_password as user_use6_21_0_ from user user0_ where user0_.user_id=?
Hibernate: select character0_.character_id as characte1_6_0_, character0_.character_character_name as characte2_6_0_ from characters character0_ where character0_.character_id=?
Hibernate: SELECT * FROM SCHEDULE WHERE (YEAR(SCHEDULE_STARTED_AT) = ? AND MONTH(SCHEDULE_STARTED_AT) = ?) OR (YEAR(SCHEDULE_FINISH_AT) = ? AND MONTH(SCHEDULE_FINISH_AT) = ?)
Hibernate: select user0_.user_id as user_id1_21_0_, user0_.character_id as characte7_21_0_, user0_.user_created_at as user_cre2_21_0_, user0_.user_name as user_nam3_21_0_, user0_.user_phone_number as user_pho4_21_0_, user0_.user_user_id as user_use5_21_0_, user0_.user_user_password as user_use6_21_0_ from user user0_ where user0_.user_id=?
Hibernate: select character0_.character_id as characte1_6_0_, character0_.character_character_name as characte2_6_0_ from characters character0_ where character0_.character_id=?
Hibernate: select count(*) as col_0_0_ from user user0_ where user0_.user_id=?
Hibernate: select character1_.character_id as characte1_6_, character1_.character_character_name as characte2_6_ from user user0_ inner join characters character1_ on user0_.character_id=character1_.character_id where user0_.user_id=?
Hibernate: select permission0_.character_id as characte6_12_0_, permission0_.permission_id as permissi1_12_0_, permission0_.permission_id as permissi1_12_1_, permission0_.character_id as characte6_12_1_, permission0_.permission_name as permissi2_12_1_, permission0_.permission_permission_unit_id as permissi3_12_1_, permission0_.permission_service as permissi4_12_1_, permission0_.permission_status as permissi5_12_1_ from permission permission0_ where permission0_.character_id=?

MockHttpServletRequest:
      HTTP Method = DELETE
      Request URI = /schedule/24
       Parameters = {}
          Headers = [Accept:"application/json", Api-version:"1.0", Authorization:"Bearer eyJhbGciOiJIUzI1NiJ9.eyJzdWIiOiI1OCIsImlhdCI6MTY4Nzg3NzQ2OCwiZXhwIjoxNjg3ODgxMDY4fQ.GdD09wNKrqpTvybgTbeoqM29kjXSdRO8GXlRwsRl4tU"]
             Body = null
    Session Attrs = {}

Handler:
             Type = org.waldreg.controller.schedule.ScheduleController
           Method = org.waldreg.controller.schedule.ScheduleController#deleteSchedule(int)

Async:
    Async started = false
     Async result = null

Resolved Exception:
             Type = org.waldreg.character.exception.NoPermissionException

ModelAndView:
        View name = null
             View = null
            Model = null

FlashMap:
       Attributes = null

MockHttpServletResponse:
           Status = 403
    Error message = null
          Headers = [Vary:"Origin", "Access-Control-Request-Method", "Access-Control-Request-Headers", Api-version:"1.0", Content-Type:"application/json"]
     Content type = application/json
             Body = {"code":"CHARACTER-403","messages":"No permission","document_url":"docs.waldreg.org"}
    Forwarded URL = null
   Redirected URL = null
          Cookies = []
Hibernate: select user0_.user_id as col_0_0_ from user user0_ where user0_.user_user_id=? limit ?
Hibernate: select user0_.user_id as col_0_0_ from user user0_ where user0_.user_user_id=? limit ?
Hibernate: select U.* from USER U where U.USER_USER_ID =?
Hibernate: select character0_.character_id as characte1_6_0_, character0_.character_character_name as characte2_6_0_ from characters character0_ where character0_.character_id=?
Hibernate: select user0_.user_id as user_id1_21_0_, user0_.character_id as characte7_21_0_, user0_.user_created_at as user_cre2_21_0_, user0_.user_name as user_nam3_21_0_, user0_.user_phone_number as user_pho4_21_0_, user0_.user_user_id as user_use5_21_0_, user0_.user_user_password as user_use6_21_0_ from user user0_ where user0_.user_id=?
Hibernate: select character0_.character_id as characte1_6_0_, character0_.character_character_name as characte2_6_0_ from characters character0_ where character0_.character_id=?
Hibernate: SELECT * FROM SCHEDULE WHERE (YEAR(SCHEDULE_STARTED_AT) = ? AND MONTH(SCHEDULE_STARTED_AT) = ?) OR (YEAR(SCHEDULE_FINISH_AT) = ? AND MONTH(SCHEDULE_FINISH_AT) = ?)
Hibernate: select user0_.user_id as user_id1_21_0_, user0_.character_id as characte7_21_0_, user0_.user_created_at as user_cre2_21_0_, user0_.user_name as user_nam3_21_0_, user0_.user_phone_number as user_pho4_21_0_, user0_.user_user_id as user_use5_21_0_, user0_.user_user_password as user_use6_21_0_ from user user0_ where user0_.user_id=?
Hibernate: select character0_.character_id as characte1_6_0_, character0_.character_character_name as characte2_6_0_ from characters character0_ where character0_.character_id=?
Hibernate: select count(*) as col_0_0_ from user user0_ where user0_.user_id=?
Hibernate: select character1_.character_id as characte1_6_, character1_.character_character_name as characte2_6_ from user user0_ inner join characters character1_ on user0_.character_id=character1_.character_id where user0_.user_id=?
Hibernate: select permission0_.character_id as characte6_12_0_, permission0_.permission_id as permissi1_12_0_, permission0_.permission_id as permissi1_12_1_, permission0_.character_id as characte6_12_1_, permission0_.permission_name as permissi2_12_1_, permission0_.permission_permission_unit_id as permissi3_12_1_, permission0_.permission_service as permissi4_12_1_, permission0_.permission_status as permissi5_12_1_ from permission permission0_ where permission0_.character_id=?
Hibernate: select count(*) as col_0_0_ from schedule schedule0_ where schedule0_.schedule_id=?
Hibernate: select schedule0_.schedule_id as schedule1_17_0_, schedule0_.schedule_finish_at as schedule2_17_0_, schedule0_.schedule_content as schedule3_17_0_, schedule0_.schedule_repeat_cycle as schedule4_17_0_, schedule0_.schedule_repeat_repeat_finish_at as schedule5_17_0_, schedule0_.schedule_title as schedule6_17_0_, schedule0_.schedule_started_at as schedule7_17_0_ from schedule schedule0_ where schedule0_.schedule_id=?
Hibernate: delete from schedule where schedule_id=?
Hibernate: select user0_.user_id as user_id1_21_0_, user0_.character_id as characte7_21_0_, user0_.user_created_at as user_cre2_21_0_, user0_.user_name as user_nam3_21_0_, user0_.user_phone_number as user_pho4_21_0_, user0_.user_user_id as user_use5_21_0_, user0_.user_user_password as user_use6_21_0_ from user user0_ where user0_.user_id=?
Hibernate: select character0_.character_id as characte1_6_0_, character0_.character_character_name as characte2_6_0_ from characters character0_ where character0_.character_id=?
Hibernate: select count(*) as col_0_0_ from schedule schedule0_ where schedule0_.schedule_id=?
Hibernate: select user0_.user_id as user_id1_21_0_, user0_.character_id as characte7_21_0_, user0_.user_created_at as user_cre2_21_0_, user0_.user_name as user_nam3_21_0_, user0_.user_phone_number as user_pho4_21_0_, user0_.user_user_id as user_use5_21_0_, user0_.user_user_password as user_use6_21_0_ from user user0_ where user0_.user_id=?
Hibernate: select character0_.character_id as characte1_6_0_, character0_.character_character_name as characte2_6_0_ from characters character0_ where character0_.character_id=?
Hibernate: SELECT * FROM SCHEDULE WHERE (YEAR(SCHEDULE_STARTED_AT) = ? AND MONTH(SCHEDULE_STARTED_AT) = ?) OR (YEAR(SCHEDULE_FINISH_AT) = ? AND MONTH(SCHEDULE_FINISH_AT) = ?)
Hibernate: select user0_.user_id as user_id1_21_0_, user0_.character_id as characte7_21_0_, user0_.user_created_at as user_cre2_21_0_, user0_.user_name as user_nam3_21_0_, user0_.user_phone_number as user_pho4_21_0_, user0_.user_user_id as user_use5_21_0_, user0_.user_user_password as user_use6_21_0_ from user user0_ where user0_.user_id=?
Hibernate: select character0_.character_id as characte1_6_0_, character0_.character_character_name as characte2_6_0_ from characters character0_ where character0_.character_id=?
Hibernate: SELECT * FROM SCHEDULE WHERE (YEAR(SCHEDULE_STARTED_AT) = ? AND MONTH(SCHEDULE_STARTED_AT) = ?) OR (YEAR(SCHEDULE_FINISH_AT) = ? AND MONTH(SCHEDULE_FINISH_AT) = ?)
Hibernate: select user0_.user_id as user_id1_21_0_, user0_.character_id as characte7_21_0_, user0_.user_created_at as user_cre2_21_0_, user0_.user_name as user_nam3_21_0_, user0_.user_phone_number as user_pho4_21_0_, user0_.user_user_id as user_use5_21_0_, user0_.user_user_password as user_use6_21_0_ from user user0_ where user0_.user_id=?
Hibernate: select character0_.character_id as characte1_6_0_, character0_.character_character_name as characte2_6_0_ from characters character0_ where character0_.character_id=?
Hibernate: SELECT * FROM SCHEDULE WHERE (YEAR(SCHEDULE_STARTED_AT) = ? AND MONTH(SCHEDULE_STARTED_AT) = ?) OR (YEAR(SCHEDULE_FINISH_AT) = ? AND MONTH(SCHEDULE_FINISH_AT) = ?)
Hibernate: select user0_.user_id as user_id1_21_0_, user0_.character_id as characte7_21_0_, user0_.user_created_at as user_cre2_21_0_, user0_.user_name as user_nam3_21_0_, user0_.user_phone_number as user_pho4_21_0_, user0_.user_user_id as user_use5_21_0_, user0_.user_user_password as user_use6_21_0_ from user user0_ where user0_.user_id=?
Hibernate: select character0_.character_id as characte1_6_0_, character0_.character_character_name as characte2_6_0_ from characters character0_ where character0_.character_id=?
Hibernate: SELECT * FROM SCHEDULE WHERE (YEAR(SCHEDULE_STARTED_AT) = ? AND MONTH(SCHEDULE_STARTED_AT) = ?) OR (YEAR(SCHEDULE_FINISH_AT) = ? AND MONTH(SCHEDULE_FINISH_AT) = ?)
Hibernate: select user0_.user_id as user_id1_21_0_, user0_.character_id as characte7_21_0_, user0_.user_created_at as user_cre2_21_0_, user0_.user_name as user_nam3_21_0_, user0_.user_phone_number as user_pho4_21_0_, user0_.user_user_id as user_use5_21_0_, user0_.user_user_password as user_use6_21_0_ from user user0_ where user0_.user_id=?
Hibernate: select character0_.character_id as characte1_6_0_, character0_.character_character_name as characte2_6_0_ from characters character0_ where character0_.character_id=?
Hibernate: SELECT * FROM SCHEDULE WHERE (YEAR(SCHEDULE_STARTED_AT) = ? AND MONTH(SCHEDULE_STARTED_AT) = ?) OR (YEAR(SCHEDULE_FINISH_AT) = ? AND MONTH(SCHEDULE_FINISH_AT) = ?)
Hibernate: select user0_.user_id as user_id1_21_0_, user0_.character_id as characte7_21_0_, user0_.user_created_at as user_cre2_21_0_, user0_.user_name as user_nam3_21_0_, user0_.user_phone_number as user_pho4_21_0_, user0_.user_user_id as user_use5_21_0_, user0_.user_user_password as user_use6_21_0_ from user user0_ where user0_.user_id=?
Hibernate: select character0_.character_id as characte1_6_0_, character0_.character_character_name as characte2_6_0_ from characters character0_ where character0_.character_id=?
Hibernate: SELECT * FROM SCHEDULE WHERE (YEAR(SCHEDULE_STARTED_AT) = ? AND MONTH(SCHEDULE_STARTED_AT) = ?) OR (YEAR(SCHEDULE_FINISH_AT) = ? AND MONTH(SCHEDULE_FINISH_AT) = ?)
Hibernate: select user0_.user_id as user_id1_21_0_, user0_.character_id as characte7_21_0_, user0_.user_created_at as user_cre2_21_0_, user0_.user_name as user_nam3_21_0_, user0_.user_phone_number as user_pho4_21_0_, user0_.user_user_id as user_use5_21_0_, user0_.user_user_password as user_use6_21_0_ from user user0_ where user0_.user_id=?
Hibernate: select character0_.character_id as characte1_6_0_, character0_.character_character_name as characte2_6_0_ from characters character0_ where character0_.character_id=?
Hibernate: SELECT * FROM SCHEDULE WHERE (YEAR(SCHEDULE_STARTED_AT) = ? AND MONTH(SCHEDULE_STARTED_AT) = ?) OR (YEAR(SCHEDULE_FINISH_AT) = ? AND MONTH(SCHEDULE_FINISH_AT) = ?)
Hibernate: select user0_.user_id as user_id1_21_0_, user0_.character_id as characte7_21_0_, user0_.user_created_at as user_cre2_21_0_, user0_.user_name as user_nam3_21_0_, user0_.user_phone_number as user_pho4_21_0_, user0_.user_user_id as user_use5_21_0_, user0_.user_user_password as user_use6_21_0_ from user user0_ where user0_.user_id=?
Hibernate: select character0_.character_id as characte1_6_0_, character0_.character_character_name as characte2_6_0_ from characters character0_ where character0_.character_id=?
Hibernate: SELECT * FROM SCHEDULE WHERE (YEAR(SCHEDULE_STARTED_AT) = ? AND MONTH(SCHEDULE_STARTED_AT) = ?) OR (YEAR(SCHEDULE_FINISH_AT) = ? AND MONTH(SCHEDULE_FINISH_AT) = ?)
Hibernate: select user0_.user_id as user_id1_21_0_, user0_.character_id as characte7_21_0_, user0_.user_created_at as user_cre2_21_0_, user0_.user_name as user_nam3_21_0_, user0_.user_phone_number as user_pho4_21_0_, user0_.user_user_id as user_use5_21_0_, user0_.user_user_password as user_use6_21_0_ from user user0_ where user0_.user_id=?
Hibernate: select character0_.character_id as characte1_6_0_, character0_.character_character_name as characte2_6_0_ from characters character0_ where character0_.character_id=?
Hibernate: SELECT * FROM SCHEDULE WHERE (YEAR(SCHEDULE_STARTED_AT) = ? AND MONTH(SCHEDULE_STARTED_AT) = ?) OR (YEAR(SCHEDULE_FINISH_AT) = ? AND MONTH(SCHEDULE_FINISH_AT) = ?)
Hibernate: select user0_.user_id as user_id1_21_0_, user0_.character_id as characte7_21_0_, user0_.user_created_at as user_cre2_21_0_, user0_.user_name as user_nam3_21_0_, user0_.user_phone_number as user_pho4_21_0_, user0_.user_user_id as user_use5_21_0_, user0_.user_user_password as user_use6_21_0_ from user user0_ where user0_.user_id=?
Hibernate: select character0_.character_id as characte1_6_0_, character0_.character_character_name as characte2_6_0_ from characters character0_ where character0_.character_id=?
Hibernate: SELECT * FROM SCHEDULE WHERE (YEAR(SCHEDULE_STARTED_AT) = ? AND MONTH(SCHEDULE_STARTED_AT) = ?) OR (YEAR(SCHEDULE_FINISH_AT) = ? AND MONTH(SCHEDULE_FINISH_AT) = ?)
Hibernate: select user0_.user_id as user_id1_21_0_, user0_.character_id as characte7_21_0_, user0_.user_created_at as user_cre2_21_0_, user0_.user_name as user_nam3_21_0_, user0_.user_phone_number as user_pho4_21_0_, user0_.user_user_id as user_use5_21_0_, user0_.user_user_password as user_use6_21_0_ from user user0_ where user0_.user_id=?
Hibernate: select character0_.character_id as characte1_6_0_, character0_.character_character_name as characte2_6_0_ from characters character0_ where character0_.character_id=?
Hibernate: SELECT * FROM SCHEDULE WHERE (YEAR(SCHEDULE_STARTED_AT) = ? AND MONTH(SCHEDULE_STARTED_AT) = ?) OR (YEAR(SCHEDULE_FINISH_AT) = ? AND MONTH(SCHEDULE_FINISH_AT) = ?)
Hibernate: select user0_.user_id as col_0_0_ from user user0_ where user0_.user_user_id=? limit ?
Hibernate: select user0_.user_id as col_0_0_ from user user0_ where user0_.user_user_id=? limit ?
Hibernate: select U.* from USER U where U.USER_USER_ID =?
Hibernate: select character0_.character_id as characte1_6_0_, character0_.character_character_name as characte2_6_0_ from characters character0_ where character0_.character_id=?
Hibernate: select user0_.user_id as col_0_0_ from user user0_ where user0_.user_user_id=? limit ?
Hibernate: select user0_.user_id as user_id1_21_, user0_.character_id as characte7_21_, user0_.user_created_at as user_cre2_21_, user0_.user_name as user_nam3_21_, user0_.user_phone_number as user_pho4_21_, user0_.user_user_id as user_use5_21_, user0_.user_user_password as user_use6_21_ from user user0_ inner join characters character1_ on user0_.character_id=character1_.character_id where user0_.user_user_id=?
Hibernate: select character0_.character_id as characte1_6_0_, character0_.character_character_name as characte2_6_0_ from characters character0_ where character0_.character_id=?
Hibernate: select rewardtagw0_.user_id as user_id4_16_0_, rewardtagw0_.reward_tag_wrapper_reward_id as reward_t1_16_0_, rewardtagw0_.reward_tag_wrapper_reward_id as reward_t1_16_1_, rewardtagw0_.reward_tag_wrapper_reward_presented_at as reward_t2_16_1_, rewardtagw0_.reward_tag_reward_tag_id as reward_t3_16_1_, rewardtagw0_.user_id as user_id4_16_1_ from reward_tag_wrapper rewardtagw0_ where rewardtagw0_.user_id=?
Hibernate: select user0_.user_id as user_id1_21_0_, user0_.character_id as characte7_21_0_, user0_.user_created_at as user_cre2_21_0_, user0_.user_name as user_nam3_21_0_, user0_.user_phone_number as user_pho4_21_0_, user0_.user_user_id as user_use5_21_0_, user0_.user_user_password as user_use6_21_0_ from user user0_ where user0_.user_id=?
Hibernate: select character0_.character_id as characte1_6_0_, character0_.character_character_name as characte2_6_0_ from characters character0_ where character0_.character_id=?
Hibernate: select count(*) as col_0_0_ from user user0_ where user0_.user_id=?
Hibernate: select character1_.character_id as characte1_6_, character1_.character_character_name as characte2_6_ from user user0_ inner join characters character1_ on user0_.character_id=character1_.character_id where user0_.user_id=?
Hibernate: select permission0_.character_id as characte6_12_0_, permission0_.permission_id as permissi1_12_0_, permission0_.permission_id as permissi1_12_1_, permission0_.character_id as characte6_12_1_, permission0_.permission_name as permissi2_12_1_, permission0_.permission_permission_unit_id as permissi3_12_1_, permission0_.permission_service as permissi4_12_1_, permission0_.permission_status as permissi5_12_1_ from permission permission0_ where permission0_.character_id=?
Hibernate: select count(*) as col_0_0_ from user user0_ where user0_.user_id=?
Hibernate: select user0_.user_id as user_id1_21_, user0_.character_id as characte7_21_, user0_.user_created_at as user_cre2_21_, user0_.user_name as user_nam3_21_, user0_.user_phone_number as user_pho4_21_, user0_.user_user_id as user_use5_21_, user0_.user_user_password as user_use6_21_ from user user0_ where user0_.user_id=?
Hibernate: select character0_.character_id as characte1_6_0_, character0_.character_character_name as characte2_6_0_ from characters character0_ where character0_.character_id=?
Hibernate: select rewardtagw0_.user_id as user_id4_16_0_, rewardtagw0_.reward_tag_wrapper_reward_id as reward_t1_16_0_, rewardtagw0_.reward_tag_wrapper_reward_id as reward_t1_16_1_, rewardtagw0_.reward_tag_wrapper_reward_presented_at as reward_t2_16_1_, rewardtagw0_.reward_tag_reward_tag_id as reward_t3_16_1_, rewardtagw0_.user_id as user_id4_16_1_ from reward_tag_wrapper rewardtagw0_ where rewardtagw0_.user_id=?
Hibernate: select attendance0_.attendance_user_attendance_user_id as col_0_0_ from attendance_user attendance0_ where attendance0_.user_id=? limit ?
Hibernate: DELETE FROM USER WHERE USER_ID = ?
Hibernate: select user0_.user_id as col_0_0_ from user user0_ where user0_.user_user_id=? limit ?
Hibernate: select user0_.user_id as col_0_0_ from user user0_ where user0_.user_user_id=? limit ?
Hibernate: select user0_.user_id as col_0_0_ from user user0_ where user0_.user_user_id=? limit ?
Hibernate: select U.* from USER U where U.USER_USER_ID =?
Hibernate: select character0_.character_id as characte1_6_0_, character0_.character_character_name as characte2_6_0_ from characters character0_ where character0_.character_id=?
Hibernate: select user0_.user_id as user_id1_21_0_, user0_.character_id as characte7_21_0_, user0_.user_created_at as user_cre2_21_0_, user0_.user_name as user_nam3_21_0_, user0_.user_phone_number as user_pho4_21_0_, user0_.user_user_id as user_use5_21_0_, user0_.user_user_password as user_use6_21_0_ from user user0_ where user0_.user_id=?
Hibernate: select character0_.character_id as characte1_6_0_, character0_.character_character_name as characte2_6_0_ from characters character0_ where character0_.character_id=?
Hibernate: SELECT * FROM SCHEDULE WHERE (YEAR(SCHEDULE_STARTED_AT) = ? AND MONTH(SCHEDULE_STARTED_AT) = ?) OR (YEAR(SCHEDULE_FINISH_AT) = ? AND MONTH(SCHEDULE_FINISH_AT) = ?)
Hibernate: select user0_.user_id as user_id1_21_0_, user0_.character_id as characte7_21_0_, user0_.user_created_at as user_cre2_21_0_, user0_.user_name as user_nam3_21_0_, user0_.user_phone_number as user_pho4_21_0_, user0_.user_user_id as user_use5_21_0_, user0_.user_user_password as user_use6_21_0_ from user user0_ where user0_.user_id=?
Hibernate: select character0_.character_id as characte1_6_0_, character0_.character_character_name as characte2_6_0_ from characters character0_ where character0_.character_id=?
Hibernate: SELECT * FROM SCHEDULE WHERE (YEAR(SCHEDULE_STARTED_AT) = ? AND MONTH(SCHEDULE_STARTED_AT) = ?) OR (YEAR(SCHEDULE_FINISH_AT) = ? AND MONTH(SCHEDULE_FINISH_AT) = ?)
Hibernate: select user0_.user_id as user_id1_21_0_, user0_.character_id as characte7_21_0_, user0_.user_created_at as user_cre2_21_0_, user0_.user_name as user_nam3_21_0_, user0_.user_phone_number as user_pho4_21_0_, user0_.user_user_id as user_use5_21_0_, user0_.user_user_password as user_use6_21_0_ from user user0_ where user0_.user_id=?
Hibernate: select character0_.character_id as characte1_6_0_, character0_.character_character_name as characte2_6_0_ from characters character0_ where character0_.character_id=?
Hibernate: SELECT * FROM SCHEDULE WHERE (YEAR(SCHEDULE_STARTED_AT) = ? AND MONTH(SCHEDULE_STARTED_AT) = ?) OR (YEAR(SCHEDULE_FINISH_AT) = ? AND MONTH(SCHEDULE_FINISH_AT) = ?)
Hibernate: select user0_.user_id as user_id1_21_0_, user0_.character_id as characte7_21_0_, user0_.user_created_at as user_cre2_21_0_, user0_.user_name as user_nam3_21_0_, user0_.user_phone_number as user_pho4_21_0_, user0_.user_user_id as user_use5_21_0_, user0_.user_user_password as user_use6_21_0_ from user user0_ where user0_.user_id=?
Hibernate: select character0_.character_id as characte1_6_0_, character0_.character_character_name as characte2_6_0_ from characters character0_ where character0_.character_id=?
Hibernate: SELECT * FROM SCHEDULE WHERE (YEAR(SCHEDULE_STARTED_AT) = ? AND MONTH(SCHEDULE_STARTED_AT) = ?) OR (YEAR(SCHEDULE_FINISH_AT) = ? AND MONTH(SCHEDULE_FINISH_AT) = ?)
Hibernate: select user0_.user_id as user_id1_21_0_, user0_.character_id as characte7_21_0_, user0_.user_created_at as user_cre2_21_0_, user0_.user_name as user_nam3_21_0_, user0_.user_phone_number as user_pho4_21_0_, user0_.user_user_id as user_use5_21_0_, user0_.user_user_password as user_use6_21_0_ from user user0_ where user0_.user_id=?
Hibernate: select character0_.character_id as characte1_6_0_, character0_.character_character_name as characte2_6_0_ from characters character0_ where character0_.character_id=?
Hibernate: SELECT * FROM SCHEDULE WHERE (YEAR(SCHEDULE_STARTED_AT) = ? AND MONTH(SCHEDULE_STARTED_AT) = ?) OR (YEAR(SCHEDULE_FINISH_AT) = ? AND MONTH(SCHEDULE_FINISH_AT) = ?)
Hibernate: select user0_.user_id as user_id1_21_0_, user0_.character_id as characte7_21_0_, user0_.user_created_at as user_cre2_21_0_, user0_.user_name as user_nam3_21_0_, user0_.user_phone_number as user_pho4_21_0_, user0_.user_user_id as user_use5_21_0_, user0_.user_user_password as user_use6_21_0_ from user user0_ where user0_.user_id=?
Hibernate: select character0_.character_id as characte1_6_0_, character0_.character_character_name as characte2_6_0_ from characters character0_ where character0_.character_id=?
Hibernate: SELECT * FROM SCHEDULE WHERE (YEAR(SCHEDULE_STARTED_AT) = ? AND MONTH(SCHEDULE_STARTED_AT) = ?) OR (YEAR(SCHEDULE_FINISH_AT) = ? AND MONTH(SCHEDULE_FINISH_AT) = ?)
Hibernate: select user0_.user_id as user_id1_21_0_, user0_.character_id as characte7_21_0_, user0_.user_created_at as user_cre2_21_0_, user0_.user_name as user_nam3_21_0_, user0_.user_phone_number as user_pho4_21_0_, user0_.user_user_id as user_use5_21_0_, user0_.user_user_password as user_use6_21_0_ from user user0_ where user0_.user_id=?
Hibernate: select character0_.character_id as characte1_6_0_, character0_.character_character_name as characte2_6_0_ from characters character0_ where character0_.character_id=?
Hibernate: SELECT * FROM SCHEDULE WHERE (YEAR(SCHEDULE_STARTED_AT) = ? AND MONTH(SCHEDULE_STARTED_AT) = ?) OR (YEAR(SCHEDULE_FINISH_AT) = ? AND MONTH(SCHEDULE_FINISH_AT) = ?)
Hibernate: select user0_.user_id as user_id1_21_0_, user0_.character_id as characte7_21_0_, user0_.user_created_at as user_cre2_21_0_, user0_.user_name as user_nam3_21_0_, user0_.user_phone_number as user_pho4_21_0_, user0_.user_user_id as user_use5_21_0_, user0_.user_user_password as user_use6_21_0_ from user user0_ where user0_.user_id=?
Hibernate: select character0_.character_id as characte1_6_0_, character0_.character_character_name as characte2_6_0_ from characters character0_ where character0_.character_id=?
Hibernate: SELECT * FROM SCHEDULE WHERE (YEAR(SCHEDULE_STARTED_AT) = ? AND MONTH(SCHEDULE_STARTED_AT) = ?) OR (YEAR(SCHEDULE_FINISH_AT) = ? AND MONTH(SCHEDULE_FINISH_AT) = ?)
Hibernate: select user0_.user_id as user_id1_21_0_, user0_.character_id as characte7_21_0_, user0_.user_created_at as user_cre2_21_0_, user0_.user_name as user_nam3_21_0_, user0_.user_phone_number as user_pho4_21_0_, user0_.user_user_id as user_use5_21_0_, user0_.user_user_password as user_use6_21_0_ from user user0_ where user0_.user_id=?
Hibernate: select character0_.character_id as characte1_6_0_, character0_.character_character_name as characte2_6_0_ from characters character0_ where character0_.character_id=?
Hibernate: SELECT * FROM SCHEDULE WHERE (YEAR(SCHEDULE_STARTED_AT) = ? AND MONTH(SCHEDULE_STARTED_AT) = ?) OR (YEAR(SCHEDULE_FINISH_AT) = ? AND MONTH(SCHEDULE_FINISH_AT) = ?)
Hibernate: select user0_.user_id as user_id1_21_0_, user0_.character_id as characte7_21_0_, user0_.user_created_at as user_cre2_21_0_, user0_.user_name as user_nam3_21_0_, user0_.user_phone_number as user_pho4_21_0_, user0_.user_user_id as user_use5_21_0_, user0_.user_user_password as user_use6_21_0_ from user user0_ where user0_.user_id=?
Hibernate: select character0_.character_id as characte1_6_0_, character0_.character_character_name as characte2_6_0_ from characters character0_ where character0_.character_id=?
Hibernate: SELECT * FROM SCHEDULE WHERE (YEAR(SCHEDULE_STARTED_AT) = ? AND MONTH(SCHEDULE_STARTED_AT) = ?) OR (YEAR(SCHEDULE_FINISH_AT) = ? AND MONTH(SCHEDULE_FINISH_AT) = ?)
Hibernate: select user0_.user_id as user_id1_21_0_, user0_.character_id as characte7_21_0_, user0_.user_created_at as user_cre2_21_0_, user0_.user_name as user_nam3_21_0_, user0_.user_phone_number as user_pho4_21_0_, user0_.user_user_id as user_use5_21_0_, user0_.user_user_password as user_use6_21_0_ from user user0_ where user0_.user_id=?
Hibernate: select character0_.character_id as characte1_6_0_, character0_.character_character_name as characte2_6_0_ from characters character0_ where character0_.character_id=?
Hibernate: SELECT * FROM SCHEDULE WHERE (YEAR(SCHEDULE_STARTED_AT) = ? AND MONTH(SCHEDULE_STARTED_AT) = ?) OR (YEAR(SCHEDULE_FINISH_AT) = ? AND MONTH(SCHEDULE_FINISH_AT) = ?)
Hibernate: select user0_.user_id as user_id1_21_0_, user0_.character_id as characte7_21_0_, user0_.user_created_at as user_cre2_21_0_, user0_.user_name as user_nam3_21_0_, user0_.user_phone_number as user_pho4_21_0_, user0_.user_user_id as user_use5_21_0_, user0_.user_user_password as user_use6_21_0_ from user user0_ where user0_.user_id=?
Hibernate: select character0_.character_id as characte1_6_0_, character0_.character_character_name as characte2_6_0_ from characters character0_ where character0_.character_id=?
Hibernate: SELECT * FROM SCHEDULE WHERE (YEAR(SCHEDULE_STARTED_AT) = ? AND MONTH(SCHEDULE_STARTED_AT) = ?) OR (YEAR(SCHEDULE_FINISH_AT) = ? AND MONTH(SCHEDULE_FINISH_AT) = ?)
Hibernate: select user0_.user_id as col_0_0_ from user user0_ where user0_.user_user_id=? limit ?
Hibernate: select user0_.user_id as col_0_0_ from user user0_ where user0_.user_user_id=? limit ?
Hibernate: select U.* from USER U where U.USER_USER_ID =?
Hibernate: select character0_.character_id as characte1_6_0_, character0_.character_character_name as characte2_6_0_ from characters character0_ where character0_.character_id=?
Hibernate: select user0_.user_id as col_0_0_ from user user0_ where user0_.user_user_id=? limit ?
Hibernate: select user0_.user_id as col_0_0_ from user user0_ where user0_.user_user_id=? limit ?
Hibernate: select U.* from USER U where U.USER_USER_ID =?
Hibernate: select character0_.character_id as characte1_6_0_, character0_.character_character_name as characte2_6_0_ from characters character0_ where character0_.character_id=?
Hibernate: select user0_.user_id as user_id1_21_0_, user0_.character_id as characte7_21_0_, user0_.user_created_at as user_cre2_21_0_, user0_.user_name as user_nam3_21_0_, user0_.user_phone_number as user_pho4_21_0_, user0_.user_user_id as user_use5_21_0_, user0_.user_user_password as user_use6_21_0_ from user user0_ where user0_.user_id=?
Hibernate: select character0_.character_id as characte1_6_0_, character0_.character_character_name as characte2_6_0_ from characters character0_ where character0_.character_id=?
Hibernate: select count(*) as col_0_0_ from user user0_ where user0_.user_id=?
Hibernate: select character1_.character_id as characte1_6_, character1_.character_character_name as characte2_6_ from user user0_ inner join characters character1_ on user0_.character_id=character1_.character_id where user0_.user_id=?
Hibernate: select permission0_.character_id as characte6_12_0_, permission0_.permission_id as permissi1_12_0_, permission0_.permission_id as permissi1_12_1_, permission0_.character_id as characte6_12_1_, permission0_.permission_name as permissi2_12_1_, permission0_.permission_permission_unit_id as permissi3_12_1_, permission0_.permission_service as permissi4_12_1_, permission0_.permission_status as permissi5_12_1_ from permission permission0_ where permission0_.character_id=?

MockHttpServletRequest:
      HTTP Method = POST
      Request URI = /schedule
       Parameters = {}
          Headers = [Content-Type:"application/json;charset=UTF-8", Accept:"application/json", Api-version:"1.0", Authorization:"Bearer eyJhbGciOiJIUzI1NiJ9.eyJzdWIiOiIxIiwiaWF0IjoxNjg3ODc3NDY4LCJleHAiOjE2ODc4ODEwNjh9.L4tO6_dDAW_EBZT75Jfu2R72X2bmpa30eKXBNOnKWzQ", Content-Length:"175"]
             Body = {"schedule_title":"seminar","schedule_content":"BFS","started_at":"2023-01-24T20:52","finish_at":"2023-01-31T23:59","repeat":{"cycle":0,"repeat_finish_at":"2023-12-31T23:59"}}
    Session Attrs = {}

Handler:
             Type = org.waldreg.controller.schedule.ScheduleController
           Method = org.waldreg.controller.schedule.ScheduleController#createSchedule(ScheduleRequest)

Async:
    Async started = false
     Async result = null

Resolved Exception:
             Type = org.waldreg.schedule.exception.InvalidRepeatException

ModelAndView:
        View name = null
             View = null
            Model = null

FlashMap:
       Attributes = null

MockHttpServletResponse:
           Status = 400
    Error message = null
          Headers = [Vary:"Origin", "Access-Control-Request-Method", "Access-Control-Request-Headers", Api-version:"1.0", Content-Type:"application/json"]
     Content type = application/json
             Body = {"code":"SCHEDULE-405","messages":"Cycle cannot be less than or equal to zero, current cycle \"0\"","document_url":"docs.waldreg.org"}
    Forwarded URL = null
   Redirected URL = null
          Cookies = []
Hibernate: select user0_.user_id as col_0_0_ from user user0_ where user0_.user_user_id=? limit ?
Hibernate: select user0_.user_id as col_0_0_ from user user0_ where user0_.user_user_id=? limit ?
Hibernate: select U.* from USER U where U.USER_USER_ID =?
Hibernate: select character0_.character_id as characte1_6_0_, character0_.character_character_name as characte2_6_0_ from characters character0_ where character0_.character_id=?
Hibernate: select user0_.user_id as user_id1_21_0_, user0_.character_id as characte7_21_0_, user0_.user_created_at as user_cre2_21_0_, user0_.user_name as user_nam3_21_0_, user0_.user_phone_number as user_pho4_21_0_, user0_.user_user_id as user_use5_21_0_, user0_.user_user_password as user_use6_21_0_ from user user0_ where user0_.user_id=?
Hibernate: select character0_.character_id as characte1_6_0_, character0_.character_character_name as characte2_6_0_ from characters character0_ where character0_.character_id=?
Hibernate: SELECT * FROM SCHEDULE WHERE (YEAR(SCHEDULE_STARTED_AT) = ? AND MONTH(SCHEDULE_STARTED_AT) = ?) OR (YEAR(SCHEDULE_FINISH_AT) = ? AND MONTH(SCHEDULE_FINISH_AT) = ?)
Hibernate: select user0_.user_id as user_id1_21_0_, user0_.character_id as characte7_21_0_, user0_.user_created_at as user_cre2_21_0_, user0_.user_name as user_nam3_21_0_, user0_.user_phone_number as user_pho4_21_0_, user0_.user_user_id as user_use5_21_0_, user0_.user_user_password as user_use6_21_0_ from user user0_ where user0_.user_id=?
Hibernate: select character0_.character_id as characte1_6_0_, character0_.character_character_name as characte2_6_0_ from characters character0_ where character0_.character_id=?
Hibernate: SELECT * FROM SCHEDULE WHERE (YEAR(SCHEDULE_STARTED_AT) = ? AND MONTH(SCHEDULE_STARTED_AT) = ?) OR (YEAR(SCHEDULE_FINISH_AT) = ? AND MONTH(SCHEDULE_FINISH_AT) = ?)
Hibernate: select user0_.user_id as user_id1_21_0_, user0_.character_id as characte7_21_0_, user0_.user_created_at as user_cre2_21_0_, user0_.user_name as user_nam3_21_0_, user0_.user_phone_number as user_pho4_21_0_, user0_.user_user_id as user_use5_21_0_, user0_.user_user_password as user_use6_21_0_ from user user0_ where user0_.user_id=?
Hibernate: select character0_.character_id as characte1_6_0_, character0_.character_character_name as characte2_6_0_ from characters character0_ where character0_.character_id=?
Hibernate: SELECT * FROM SCHEDULE WHERE (YEAR(SCHEDULE_STARTED_AT) = ? AND MONTH(SCHEDULE_STARTED_AT) = ?) OR (YEAR(SCHEDULE_FINISH_AT) = ? AND MONTH(SCHEDULE_FINISH_AT) = ?)
Hibernate: select user0_.user_id as user_id1_21_0_, user0_.character_id as characte7_21_0_, user0_.user_created_at as user_cre2_21_0_, user0_.user_name as user_nam3_21_0_, user0_.user_phone_number as user_pho4_21_0_, user0_.user_user_id as user_use5_21_0_, user0_.user_user_password as user_use6_21_0_ from user user0_ where user0_.user_id=?
Hibernate: select character0_.character_id as characte1_6_0_, character0_.character_character_name as characte2_6_0_ from characters character0_ where character0_.character_id=?
Hibernate: SELECT * FROM SCHEDULE WHERE (YEAR(SCHEDULE_STARTED_AT) = ? AND MONTH(SCHEDULE_STARTED_AT) = ?) OR (YEAR(SCHEDULE_FINISH_AT) = ? AND MONTH(SCHEDULE_FINISH_AT) = ?)
Hibernate: select user0_.user_id as user_id1_21_0_, user0_.character_id as characte7_21_0_, user0_.user_created_at as user_cre2_21_0_, user0_.user_name as user_nam3_21_0_, user0_.user_phone_number as user_pho4_21_0_, user0_.user_user_id as user_use5_21_0_, user0_.user_user_password as user_use6_21_0_ from user user0_ where user0_.user_id=?
Hibernate: select character0_.character_id as characte1_6_0_, character0_.character_character_name as characte2_6_0_ from characters character0_ where character0_.character_id=?
Hibernate: SELECT * FROM SCHEDULE WHERE (YEAR(SCHEDULE_STARTED_AT) = ? AND MONTH(SCHEDULE_STARTED_AT) = ?) OR (YEAR(SCHEDULE_FINISH_AT) = ? AND MONTH(SCHEDULE_FINISH_AT) = ?)
Hibernate: select user0_.user_id as user_id1_21_0_, user0_.character_id as characte7_21_0_, user0_.user_created_at as user_cre2_21_0_, user0_.user_name as user_nam3_21_0_, user0_.user_phone_number as user_pho4_21_0_, user0_.user_user_id as user_use5_21_0_, user0_.user_user_password as user_use6_21_0_ from user user0_ where user0_.user_id=?
Hibernate: select character0_.character_id as characte1_6_0_, character0_.character_character_name as characte2_6_0_ from characters character0_ where character0_.character_id=?
Hibernate: SELECT * FROM SCHEDULE WHERE (YEAR(SCHEDULE_STARTED_AT) = ? AND MONTH(SCHEDULE_STARTED_AT) = ?) OR (YEAR(SCHEDULE_FINISH_AT) = ? AND MONTH(SCHEDULE_FINISH_AT) = ?)
Hibernate: select user0_.user_id as user_id1_21_0_, user0_.character_id as characte7_21_0_, user0_.user_created_at as user_cre2_21_0_, user0_.user_name as user_nam3_21_0_, user0_.user_phone_number as user_pho4_21_0_, user0_.user_user_id as user_use5_21_0_, user0_.user_user_password as user_use6_21_0_ from user user0_ where user0_.user_id=?
Hibernate: select character0_.character_id as characte1_6_0_, character0_.character_character_name as characte2_6_0_ from characters character0_ where character0_.character_id=?
Hibernate: SELECT * FROM SCHEDULE WHERE (YEAR(SCHEDULE_STARTED_AT) = ? AND MONTH(SCHEDULE_STARTED_AT) = ?) OR (YEAR(SCHEDULE_FINISH_AT) = ? AND MONTH(SCHEDULE_FINISH_AT) = ?)
Hibernate: select user0_.user_id as user_id1_21_0_, user0_.character_id as characte7_21_0_, user0_.user_created_at as user_cre2_21_0_, user0_.user_name as user_nam3_21_0_, user0_.user_phone_number as user_pho4_21_0_, user0_.user_user_id as user_use5_21_0_, user0_.user_user_password as user_use6_21_0_ from user user0_ where user0_.user_id=?
Hibernate: select character0_.character_id as characte1_6_0_, character0_.character_character_name as characte2_6_0_ from characters character0_ where character0_.character_id=?
Hibernate: SELECT * FROM SCHEDULE WHERE (YEAR(SCHEDULE_STARTED_AT) = ? AND MONTH(SCHEDULE_STARTED_AT) = ?) OR (YEAR(SCHEDULE_FINISH_AT) = ? AND MONTH(SCHEDULE_FINISH_AT) = ?)
Hibernate: select user0_.user_id as user_id1_21_0_, user0_.character_id as characte7_21_0_, user0_.user_created_at as user_cre2_21_0_, user0_.user_name as user_nam3_21_0_, user0_.user_phone_number as user_pho4_21_0_, user0_.user_user_id as user_use5_21_0_, user0_.user_user_password as user_use6_21_0_ from user user0_ where user0_.user_id=?
Hibernate: select character0_.character_id as characte1_6_0_, character0_.character_character_name as characte2_6_0_ from characters character0_ where character0_.character_id=?
Hibernate: SELECT * FROM SCHEDULE WHERE (YEAR(SCHEDULE_STARTED_AT) = ? AND MONTH(SCHEDULE_STARTED_AT) = ?) OR (YEAR(SCHEDULE_FINISH_AT) = ? AND MONTH(SCHEDULE_FINISH_AT) = ?)
Hibernate: select user0_.user_id as user_id1_21_0_, user0_.character_id as characte7_21_0_, user0_.user_created_at as user_cre2_21_0_, user0_.user_name as user_nam3_21_0_, user0_.user_phone_number as user_pho4_21_0_, user0_.user_user_id as user_use5_21_0_, user0_.user_user_password as user_use6_21_0_ from user user0_ where user0_.user_id=?
Hibernate: select character0_.character_id as characte1_6_0_, character0_.character_character_name as characte2_6_0_ from characters character0_ where character0_.character_id=?
Hibernate: SELECT * FROM SCHEDULE WHERE (YEAR(SCHEDULE_STARTED_AT) = ? AND MONTH(SCHEDULE_STARTED_AT) = ?) OR (YEAR(SCHEDULE_FINISH_AT) = ? AND MONTH(SCHEDULE_FINISH_AT) = ?)
Hibernate: select user0_.user_id as user_id1_21_0_, user0_.character_id as characte7_21_0_, user0_.user_created_at as user_cre2_21_0_, user0_.user_name as user_nam3_21_0_, user0_.user_phone_number as user_pho4_21_0_, user0_.user_user_id as user_use5_21_0_, user0_.user_user_password as user_use6_21_0_ from user user0_ where user0_.user_id=?
Hibernate: select character0_.character_id as characte1_6_0_, character0_.character_character_name as characte2_6_0_ from characters character0_ where character0_.character_id=?
Hibernate: SELECT * FROM SCHEDULE WHERE (YEAR(SCHEDULE_STARTED_AT) = ? AND MONTH(SCHEDULE_STARTED_AT) = ?) OR (YEAR(SCHEDULE_FINISH_AT) = ? AND MONTH(SCHEDULE_FINISH_AT) = ?)
Hibernate: select user0_.user_id as user_id1_21_0_, user0_.character_id as characte7_21_0_, user0_.user_created_at as user_cre2_21_0_, user0_.user_name as user_nam3_21_0_, user0_.user_phone_number as user_pho4_21_0_, user0_.user_user_id as user_use5_21_0_, user0_.user_user_password as user_use6_21_0_ from user user0_ where user0_.user_id=?
Hibernate: select character0_.character_id as characte1_6_0_, character0_.character_character_name as characte2_6_0_ from characters character0_ where character0_.character_id=?
Hibernate: SELECT * FROM SCHEDULE WHERE (YEAR(SCHEDULE_STARTED_AT) = ? AND MONTH(SCHEDULE_STARTED_AT) = ?) OR (YEAR(SCHEDULE_FINISH_AT) = ? AND MONTH(SCHEDULE_FINISH_AT) = ?)
Hibernate: select user0_.user_id as col_0_0_ from user user0_ where user0_.user_user_id=? limit ?
Hibernate: select user0_.user_id as col_0_0_ from user user0_ where user0_.user_user_id=? limit ?
Hibernate: select U.* from USER U where U.USER_USER_ID =?
Hibernate: select character0_.character_id as characte1_6_0_, character0_.character_character_name as characte2_6_0_ from characters character0_ where character0_.character_id=?
]]></system-out>
  <system-err><![CDATA[]]></system-err>
</testsuite>
