<?xml version="1.0" encoding="UTF-8"?>
<testsuite name="org.waldreg.teambuilding.TeamBuildingServiceTest" tests="15" skipped="0" failures="0" errors="0" timestamp="2023-06-27T14:51:44" hostname="xb-apple.local" time="0.03">
  <properties/>
  <testcase name="팀빌딩 그룹 삭제 성공 테스트" classname="org.waldreg.teambuilding.TeamBuildingServiceTest" time="0.003"/>
  <testcase name="팀빌딩 그룹 수정 실패 테스트 - 없는 teamBuildingId" classname="org.waldreg.teambuilding.TeamBuildingServiceTest" time="0.002"/>
  <testcase name="새로운 팀빌딩 그룹 생성 실패 테스트 - 팀 개수가 0보다 작거나 같음" classname="org.waldreg.teambuilding.TeamBuildingServiceTest" time="0.001"/>
  <testcase name="팀빌딩 그룹 수정 실패 테스트 - teamBuildingTitle이 1000자 초과" classname="org.waldreg.teambuilding.TeamBuildingServiceTest" time="0.001"/>
  <testcase name="특정 팀빌딩 그룹 조회 실패 테스트 - 없는 TeambuidlingId" classname="org.waldreg.teambuilding.TeamBuildingServiceTest" time="0.001"/>
  <testcase name="팀빌딩 그룹 전체 조회 성공 테스트" classname="org.waldreg.teambuilding.TeamBuildingServiceTest" time="0.001"/>
  <testcase name="특정 팀빌딩 그룹 조회 성공 테스트" classname="org.waldreg.teambuilding.TeamBuildingServiceTest" time="0.001"/>
  <testcase name="새로운 팀빌딩 그룹 생성 실패 테스트 - 잘못된 user weight" classname="org.waldreg.teambuilding.TeamBuildingServiceTest" time="0.001"/>
  <testcase name="새로운 팀빌딩 그룹 생성 성공 테스트" classname="org.waldreg.teambuilding.TeamBuildingServiceTest" time="0.002"/>
  <testcase name="새로운 팀빌딩 그룹 생성 실패 테스트 - 없는 userId" classname="org.waldreg.teambuilding.TeamBuildingServiceTest" time="0.001"/>
  <testcase name="팀빌딩 그룹 삭제 실패 테스트 - 없는 teamBuildingId" classname="org.waldreg.teambuilding.TeamBuildingServiceTest" time="0.001"/>
  <testcase name="팀빌딩 그룹 수정 성공 테스트" classname="org.waldreg.teambuilding.TeamBuildingServiceTest" time="0.002"/>
  <testcase name="새로운 팀빌딩 그룹 생성 실패 테스트 - 잘못된 team_count(userCount : 6)" classname="org.waldreg.teambuilding.TeamBuildingServiceTest" time="0.002"/>
  <testcase name="새로운 팀빌딩 그룹 생성 실패 테스트 - teamBuildingTitle 길이 1000 초과" classname="org.waldreg.teambuilding.TeamBuildingServiceTest" time="0.001"/>
  <testcase name="팀빌딩 그룹 전체 조회 실패 테스트 - 잘못된 범위" classname="org.waldreg.teambuilding.TeamBuildingServiceTest" time="0.001"/>
  <system-out><![CDATA[23:51:44.920 [Test worker] DEBUG org.springframework.test.context.BootstrapUtils - Instantiating CacheAwareContextLoaderDelegate from class [org.springframework.test.context.cache.DefaultCacheAwareContextLoaderDelegate]
23:51:44.920 [Test worker] DEBUG org.springframework.test.context.BootstrapUtils - Instantiating BootstrapContext using constructor [public org.springframework.test.context.support.DefaultBootstrapContext(java.lang.Class,org.springframework.test.context.CacheAwareContextLoaderDelegate)]
23:51:44.920 [Test worker] DEBUG org.springframework.test.context.BootstrapUtils - Instantiating TestContextBootstrapper for test class [org.waldreg.teambuilding.TeamBuildingServiceTest] from class [org.springframework.test.context.support.DefaultTestContextBootstrapper]
23:51:44.920 [Test worker] DEBUG org.springframework.test.context.support.AbstractDelegatingSmartContextLoader - Delegating to AnnotationConfigContextLoader to process context configuration [ContextConfigurationAttributes@27b2faa6 declaringClass = 'org.waldreg.teambuilding.TeamBuildingServiceTest', classes = '{class org.waldreg.teambuilding.teambuilding.management.DefaultTeamBuildingManager, class org.waldreg.teambuilding.teambuilding.management.teamcreator.TeamCreator}', locations = '{}', inheritLocations = true, initializers = '{}', inheritInitializers = true, name = [null], contextLoaderClass = 'org.springframework.test.context.ContextLoader'].
23:51:44.921 [Test worker] DEBUG org.springframework.test.context.support.ActiveProfilesUtils - Could not find an 'annotation declaring class' for annotation type [org.springframework.test.context.ActiveProfiles] and class [org.waldreg.teambuilding.TeamBuildingServiceTest]
23:51:44.921 [Test worker] DEBUG org.springframework.test.context.support.DefaultTestContextBootstrapper - @TestExecutionListeners is not present for class [org.waldreg.teambuilding.TeamBuildingServiceTest]: using defaults.
23:51:44.921 [Test worker] INFO org.springframework.test.context.support.DefaultTestContextBootstrapper - Loaded default TestExecutionListener class names from location [META-INF/spring.factories]: [org.springframework.boot.test.autoconfigure.restdocs.RestDocsTestExecutionListener, org.springframework.boot.test.autoconfigure.web.client.MockRestServiceServerResetTestExecutionListener, org.springframework.boot.test.autoconfigure.web.servlet.MockMvcPrintOnlyOnFailureTestExecutionListener, org.springframework.boot.test.autoconfigure.web.servlet.WebDriverTestExecutionListener, org.springframework.boot.test.autoconfigure.webservices.client.MockWebServiceServerTestExecutionListener, org.springframework.boot.test.mock.mockito.MockitoTestExecutionListener, org.springframework.boot.test.mock.mockito.ResetMocksTestExecutionListener, org.springframework.test.context.web.ServletTestExecutionListener, org.springframework.test.context.support.DirtiesContextBeforeModesTestExecutionListener, org.springframework.test.context.event.ApplicationEventsTestExecutionListener, org.springframework.test.context.support.DependencyInjectionTestExecutionListener, org.springframework.test.context.support.DirtiesContextTestExecutionListener, org.springframework.test.context.transaction.TransactionalTestExecutionListener, org.springframework.test.context.jdbc.SqlScriptsTestExecutionListener, org.springframework.test.context.event.EventPublishingTestExecutionListener]
23:51:44.921 [Test worker] DEBUG org.springframework.test.context.support.DefaultTestContextBootstrapper - Skipping candidate TestExecutionListener [org.springframework.test.context.transaction.TransactionalTestExecutionListener] due to a missing dependency. Specify custom listener classes or make the default listener classes and their required dependencies available. Offending class: [org/springframework/transaction/interceptor/TransactionAttributeSource]
23:51:44.921 [Test worker] DEBUG org.springframework.test.context.support.DefaultTestContextBootstrapper - Skipping candidate TestExecutionListener [org.springframework.test.context.jdbc.SqlScriptsTestExecutionListener] due to a missing dependency. Specify custom listener classes or make the default listener classes and their required dependencies available. Offending class: [org/springframework/transaction/interceptor/TransactionAttribute]
23:51:44.921 [Test worker] INFO org.springframework.test.context.support.DefaultTestContextBootstrapper - Using TestExecutionListeners: [org.springframework.test.context.web.ServletTestExecutionListener@107f4980, org.springframework.test.context.support.DirtiesContextBeforeModesTestExecutionListener@75a118e6, org.springframework.test.context.event.ApplicationEventsTestExecutionListener@1d540566, org.springframework.boot.test.mock.mockito.MockitoTestExecutionListener@6014a9ba, org.springframework.test.context.support.DependencyInjectionTestExecutionListener@acdcf71, org.springframework.test.context.support.DirtiesContextTestExecutionListener@77d680e6, org.springframework.test.context.event.EventPublishingTestExecutionListener@4a14c44f, org.springframework.boot.test.autoconfigure.restdocs.RestDocsTestExecutionListener@f08fdce, org.springframework.boot.test.autoconfigure.web.client.MockRestServiceServerResetTestExecutionListener@6bda1d19, org.springframework.boot.test.autoconfigure.web.servlet.MockMvcPrintOnlyOnFailureTestExecutionListener@28c86134, org.springframework.boot.test.autoconfigure.web.servlet.WebDriverTestExecutionListener@4492eede, org.springframework.boot.test.autoconfigure.webservices.client.MockWebServiceServerTestExecutionListener@cbc8d0f, org.springframework.boot.test.mock.mockito.ResetMocksTestExecutionListener@37b57b54]
23:51:44.922 [Test worker] DEBUG org.springframework.test.context.support.AbstractDirtiesContextTestExecutionListener - Before test class: context [DefaultTestContext@5c1f6d57 testClass = TeamBuildingServiceTest, testInstance = [null], testMethod = [null], testException = [null], mergedContextConfiguration = [MergedContextConfiguration@f288c14 testClass = TeamBuildingServiceTest, locations = '{}', classes = '{class org.waldreg.teambuilding.teambuilding.management.DefaultTeamBuildingManager, class org.waldreg.teambuilding.teambuilding.management.teamcreator.TeamCreator}', contextInitializerClasses = '[]', activeProfiles = '{}', propertySourceLocations = '{}', propertySourceProperties = '{}', contextCustomizers = set[org.springframework.boot.test.autoconfigure.actuate.metrics.MetricsExportContextCustomizerFactory$DisableMetricExportContextCustomizer@1efe439d, org.springframework.boot.test.autoconfigure.properties.PropertyMappingContextCustomizer@0, org.springframework.boot.test.autoconfigure.web.servlet.WebDriverContextCustomizerFactory$Customizer@51fadaff, org.springframework.boot.test.context.filter.ExcludeFilterContextCustomizer@67d18ed7, org.springframework.boot.test.json.DuplicateJsonObjectContextCustomizerFactory$DuplicateJsonObjectContextCustomizer@7a67e3c6, org.springframework.boot.test.mock.mockito.MockitoContextCustomizer@35ad4949], contextLoader = 'org.springframework.test.context.support.DelegatingSmartContextLoader', parent = [null]], attributes = map[[empty]]], class annotated with @DirtiesContext [false] with mode [null].
23:51:44.922 [Test worker] DEBUG org.springframework.test.context.support.AbstractDelegatingSmartContextLoader - Delegating to AnnotationConfigContextLoader to load context from [MergedContextConfiguration@f288c14 testClass = TeamBuildingServiceTest, locations = '{}', classes = '{class org.waldreg.teambuilding.teambuilding.management.DefaultTeamBuildingManager, class org.waldreg.teambuilding.teambuilding.management.teamcreator.TeamCreator}', contextInitializerClasses = '[]', activeProfiles = '{}', propertySourceLocations = '{}', propertySourceProperties = '{}', contextCustomizers = set[org.springframework.boot.test.autoconfigure.actuate.metrics.MetricsExportContextCustomizerFactory$DisableMetricExportContextCustomizer@1efe439d, org.springframework.boot.test.autoconfigure.properties.PropertyMappingContextCustomizer@0, org.springframework.boot.test.autoconfigure.web.servlet.WebDriverContextCustomizerFactory$Customizer@51fadaff, org.springframework.boot.test.context.filter.ExcludeFilterContextCustomizer@67d18ed7, org.springframework.boot.test.json.DuplicateJsonObjectContextCustomizerFactory$DuplicateJsonObjectContextCustomizer@7a67e3c6, org.springframework.boot.test.mock.mockito.MockitoContextCustomizer@35ad4949], contextLoader = 'org.springframework.test.context.support.DelegatingSmartContextLoader', parent = [null]].
23:51:44.922 [Test worker] DEBUG org.springframework.test.context.support.AbstractGenericContextLoader - Loading ApplicationContext for merged context configuration [[MergedContextConfiguration@f288c14 testClass = TeamBuildingServiceTest, locations = '{}', classes = '{class org.waldreg.teambuilding.teambuilding.management.DefaultTeamBuildingManager, class org.waldreg.teambuilding.teambuilding.management.teamcreator.TeamCreator}', contextInitializerClasses = '[]', activeProfiles = '{}', propertySourceLocations = '{}', propertySourceProperties = '{}', contextCustomizers = set[org.springframework.boot.test.autoconfigure.actuate.metrics.MetricsExportContextCustomizerFactory$DisableMetricExportContextCustomizer@1efe439d, org.springframework.boot.test.autoconfigure.properties.PropertyMappingContextCustomizer@0, org.springframework.boot.test.autoconfigure.web.servlet.WebDriverContextCustomizerFactory$Customizer@51fadaff, org.springframework.boot.test.context.filter.ExcludeFilterContextCustomizer@67d18ed7, org.springframework.boot.test.json.DuplicateJsonObjectContextCustomizerFactory$DuplicateJsonObjectContextCustomizer@7a67e3c6, org.springframework.boot.test.mock.mockito.MockitoContextCustomizer@35ad4949], contextLoader = 'org.springframework.test.context.support.DelegatingSmartContextLoader', parent = [null]]].
23:51:44.922 [Test worker] DEBUG org.springframework.core.env.StandardEnvironment - Activating profiles []
23:51:44.922 [Test worker] DEBUG org.springframework.test.context.support.AnnotationConfigContextLoader - Registering component classes: {class org.waldreg.teambuilding.teambuilding.management.DefaultTeamBuildingManager, class org.waldreg.teambuilding.teambuilding.management.teamcreator.TeamCreator}
23:51:44.923 [Test worker] DEBUG org.springframework.context.support.GenericApplicationContext - Refreshing org.springframework.context.support.GenericApplicationContext@7be71476
23:51:44.923 [Test worker] DEBUG org.springframework.beans.factory.support.DefaultListableBeanFactory - Creating shared instance of singleton bean 'org.springframework.context.annotation.internalConfigurationAnnotationProcessor'
23:51:44.924 [Test worker] DEBUG org.springframework.beans.factory.support.DefaultListableBeanFactory - Creating shared instance of singleton bean 'org.springframework.boot.test.mock.mockito.MockitoPostProcessor'
23:51:44.940 [Test worker] DEBUG org.springframework.beans.factory.support.DefaultListableBeanFactory - Creating shared instance of singleton bean 'org.springframework.context.event.internalEventListenerProcessor'
23:51:44.940 [Test worker] DEBUG org.springframework.beans.factory.support.DefaultListableBeanFactory - Creating shared instance of singleton bean 'org.springframework.context.event.internalEventListenerFactory'
23:51:44.940 [Test worker] DEBUG org.springframework.beans.factory.support.DefaultListableBeanFactory - Creating shared instance of singleton bean 'org.springframework.context.annotation.internalAutowiredAnnotationProcessor'
23:51:44.941 [Test worker] DEBUG org.springframework.beans.factory.support.DefaultListableBeanFactory - Creating shared instance of singleton bean 'org.springframework.context.annotation.internalCommonAnnotationProcessor'
23:51:44.941 [Test worker] DEBUG org.springframework.beans.factory.support.DefaultListableBeanFactory - Creating shared instance of singleton bean 'org.springframework.boot.test.mock.mockito.MockitoPostProcessor$SpyPostProcessor'
23:51:44.941 [Test worker] DEBUG org.springframework.beans.factory.support.DefaultListableBeanFactory - Creating shared instance of singleton bean 'defaultTeamBuildingManager'
23:51:44.943 [Test worker] DEBUG org.springframework.beans.factory.support.DefaultListableBeanFactory - Creating shared instance of singleton bean 'teamCreator'
23:51:44.944 [Test worker] DEBUG org.springframework.beans.factory.support.DefaultListableBeanFactory - Autowiring by type from bean name 'defaultTeamBuildingManager' via constructor to bean named 'org.waldreg.teambuilding.teambuilding.spi.TeamBuildingRepository#0'
23:51:44.944 [Test worker] DEBUG org.springframework.beans.factory.support.DefaultListableBeanFactory - Autowiring by type from bean name 'defaultTeamBuildingManager' via constructor to bean named 'org.waldreg.teambuilding.teambuilding.spi.TeamBuildingUserRepository#0'
23:51:44.944 [Test worker] DEBUG org.springframework.beans.factory.support.DefaultListableBeanFactory - Autowiring by type from bean name 'defaultTeamBuildingManager' via constructor to bean named 'org.waldreg.teambuilding.teambuilding.spi.TeamBuildingsTeamRepository#0'
23:51:44.944 [Test worker] DEBUG org.springframework.beans.factory.support.DefaultListableBeanFactory - Autowiring by type from bean name 'defaultTeamBuildingManager' via constructor to bean named 'teamCreator'
23:51:44.946 [Test worker] DEBUG org.springframework.test.context.cache.DefaultCacheAwareContextLoaderDelegate - Storing ApplicationContext [2078741622] in cache under key [[MergedContextConfiguration@f288c14 testClass = TeamBuildingServiceTest, locations = '{}', classes = '{class org.waldreg.teambuilding.teambuilding.management.DefaultTeamBuildingManager, class org.waldreg.teambuilding.teambuilding.management.teamcreator.TeamCreator}', contextInitializerClasses = '[]', activeProfiles = '{}', propertySourceLocations = '{}', propertySourceProperties = '{}', contextCustomizers = set[org.springframework.boot.test.autoconfigure.actuate.metrics.MetricsExportContextCustomizerFactory$DisableMetricExportContextCustomizer@1efe439d, org.springframework.boot.test.autoconfigure.properties.PropertyMappingContextCustomizer@0, org.springframework.boot.test.autoconfigure.web.servlet.WebDriverContextCustomizerFactory$Customizer@51fadaff, org.springframework.boot.test.context.filter.ExcludeFilterContextCustomizer@67d18ed7, org.springframework.boot.test.json.DuplicateJsonObjectContextCustomizerFactory$DuplicateJsonObjectContextCustomizer@7a67e3c6, org.springframework.boot.test.mock.mockito.MockitoContextCustomizer@35ad4949], contextLoader = 'org.springframework.test.context.support.DelegatingSmartContextLoader', parent = [null]]]
23:51:44.946 [Test worker] DEBUG org.springframework.test.context.cache - Spring test ApplicationContext cache statistics: [DefaultContextCache@7c447c76 size = 2, maxSize = 32, parentContextCount = 0, hitCount = 204, missCount = 2]
23:51:44.946 [Test worker] DEBUG org.springframework.test.context.support.DependencyInjectionTestExecutionListener - Performing dependency injection for test context [[DefaultTestContext@5c1f6d57 testClass = TeamBuildingServiceTest, testInstance = org.waldreg.teambuilding.TeamBuildingServiceTest@702b06fb, testMethod = [null], testException = [null], mergedContextConfiguration = [MergedContextConfiguration@f288c14 testClass = TeamBuildingServiceTest, locations = '{}', classes = '{class org.waldreg.teambuilding.teambuilding.management.DefaultTeamBuildingManager, class org.waldreg.teambuilding.teambuilding.management.teamcreator.TeamCreator}', contextInitializerClasses = '[]', activeProfiles = '{}', propertySourceLocations = '{}', propertySourceProperties = '{}', contextCustomizers = set[org.springframework.boot.test.autoconfigure.actuate.metrics.MetricsExportContextCustomizerFactory$DisableMetricExportContextCustomizer@1efe439d, org.springframework.boot.test.autoconfigure.properties.PropertyMappingContextCustomizer@0, org.springframework.boot.test.autoconfigure.web.servlet.WebDriverContextCustomizerFactory$Customizer@51fadaff, org.springframework.boot.test.context.filter.ExcludeFilterContextCustomizer@67d18ed7, org.springframework.boot.test.json.DuplicateJsonObjectContextCustomizerFactory$DuplicateJsonObjectContextCustomizer@7a67e3c6, org.springframework.boot.test.mock.mockito.MockitoContextCustomizer@35ad4949], contextLoader = 'org.springframework.test.context.support.DelegatingSmartContextLoader', parent = [null]], attributes = map['org.springframework.test.context.event.ApplicationEventsTestExecutionListener.recordApplicationEvents' -> false]]].
23:51:44.946 [Test worker] DEBUG org.springframework.test.context.cache.DefaultCacheAwareContextLoaderDelegate - Retrieved ApplicationContext [2078741622] from cache with key [[MergedContextConfiguration@f288c14 testClass = TeamBuildingServiceTest, locations = '{}', classes = '{class org.waldreg.teambuilding.teambuilding.management.DefaultTeamBuildingManager, class org.waldreg.teambuilding.teambuilding.management.teamcreator.TeamCreator}', contextInitializerClasses = '[]', activeProfiles = '{}', propertySourceLocations = '{}', propertySourceProperties = '{}', contextCustomizers = set[org.springframework.boot.test.autoconfigure.actuate.metrics.MetricsExportContextCustomizerFactory$DisableMetricExportContextCustomizer@1efe439d, org.springframework.boot.test.autoconfigure.properties.PropertyMappingContextCustomizer@0, org.springframework.boot.test.autoconfigure.web.servlet.WebDriverContextCustomizerFactory$Customizer@51fadaff, org.springframework.boot.test.context.filter.ExcludeFilterContextCustomizer@67d18ed7, org.springframework.boot.test.json.DuplicateJsonObjectContextCustomizerFactory$DuplicateJsonObjectContextCustomizer@7a67e3c6, org.springframework.boot.test.mock.mockito.MockitoContextCustomizer@35ad4949], contextLoader = 'org.springframework.test.context.support.DelegatingSmartContextLoader', parent = [null]]]
23:51:44.946 [Test worker] DEBUG org.springframework.test.context.cache - Spring test ApplicationContext cache statistics: [DefaultContextCache@7c447c76 size = 2, maxSize = 32, parentContextCount = 0, hitCount = 205, missCount = 2]
23:51:44.948 [Test worker] DEBUG org.springframework.test.context.cache.DefaultCacheAwareContextLoaderDelegate - Retrieved ApplicationContext [2078741622] from cache with key [[MergedContextConfiguration@f288c14 testClass = TeamBuildingServiceTest, locations = '{}', classes = '{class org.waldreg.teambuilding.teambuilding.management.DefaultTeamBuildingManager, class org.waldreg.teambuilding.teambuilding.management.teamcreator.TeamCreator}', contextInitializerClasses = '[]', activeProfiles = '{}', propertySourceLocations = '{}', propertySourceProperties = '{}', contextCustomizers = set[org.springframework.boot.test.autoconfigure.actuate.metrics.MetricsExportContextCustomizerFactory$DisableMetricExportContextCustomizer@1efe439d, org.springframework.boot.test.autoconfigure.properties.PropertyMappingContextCustomizer@0, org.springframework.boot.test.autoconfigure.web.servlet.WebDriverContextCustomizerFactory$Customizer@51fadaff, org.springframework.boot.test.context.filter.ExcludeFilterContextCustomizer@67d18ed7, org.springframework.boot.test.json.DuplicateJsonObjectContextCustomizerFactory$DuplicateJsonObjectContextCustomizer@7a67e3c6, org.springframework.boot.test.mock.mockito.MockitoContextCustomizer@35ad4949], contextLoader = 'org.springframework.test.context.support.DelegatingSmartContextLoader', parent = [null]]]
23:51:44.948 [Test worker] DEBUG org.springframework.test.context.cache - Spring test ApplicationContext cache statistics: [DefaultContextCache@7c447c76 size = 2, maxSize = 32, parentContextCount = 0, hitCount = 206, missCount = 2]
23:51:44.949 [Test worker] DEBUG org.springframework.test.context.support.AbstractDirtiesContextTestExecutionListener - Before test method: context [DefaultTestContext@5c1f6d57 testClass = TeamBuildingServiceTest, testInstance = org.waldreg.teambuilding.TeamBuildingServiceTest@702b06fb, testMethod = DELETE_TEAM_BUILDING_SUCCESS_TEST@TeamBuildingServiceTest, testException = [null], mergedContextConfiguration = [MergedContextConfiguration@f288c14 testClass = TeamBuildingServiceTest, locations = '{}', classes = '{class org.waldreg.teambuilding.teambuilding.management.DefaultTeamBuildingManager, class org.waldreg.teambuilding.teambuilding.management.teamcreator.TeamCreator}', contextInitializerClasses = '[]', activeProfiles = '{}', propertySourceLocations = '{}', propertySourceProperties = '{}', contextCustomizers = set[org.springframework.boot.test.autoconfigure.actuate.metrics.MetricsExportContextCustomizerFactory$DisableMetricExportContextCustomizer@1efe439d, org.springframework.boot.test.autoconfigure.properties.PropertyMappingContextCustomizer@0, org.springframework.boot.test.autoconfigure.web.servlet.WebDriverContextCustomizerFactory$Customizer@51fadaff, org.springframework.boot.test.context.filter.ExcludeFilterContextCustomizer@67d18ed7, org.springframework.boot.test.json.DuplicateJsonObjectContextCustomizerFactory$DuplicateJsonObjectContextCustomizer@7a67e3c6, org.springframework.boot.test.mock.mockito.MockitoContextCustomizer@35ad4949], contextLoader = 'org.springframework.test.context.support.DelegatingSmartContextLoader', parent = [null]], attributes = map['org.springframework.test.context.event.ApplicationEventsTestExecutionListener.recordApplicationEvents' -> false]], class annotated with @DirtiesContext [false] with mode [null], method annotated with @DirtiesContext [false] with mode [null].
23:51:44.949 [Test worker] DEBUG org.springframework.test.context.cache.DefaultCacheAwareContextLoaderDelegate - Retrieved ApplicationContext [2078741622] from cache with key [[MergedContextConfiguration@f288c14 testClass = TeamBuildingServiceTest, locations = '{}', classes = '{class org.waldreg.teambuilding.teambuilding.management.DefaultTeamBuildingManager, class org.waldreg.teambuilding.teambuilding.management.teamcreator.TeamCreator}', contextInitializerClasses = '[]', activeProfiles = '{}', propertySourceLocations = '{}', propertySourceProperties = '{}', contextCustomizers = set[org.springframework.boot.test.autoconfigure.actuate.metrics.MetricsExportContextCustomizerFactory$DisableMetricExportContextCustomizer@1efe439d, org.springframework.boot.test.autoconfigure.properties.PropertyMappingContextCustomizer@0, org.springframework.boot.test.autoconfigure.web.servlet.WebDriverContextCustomizerFactory$Customizer@51fadaff, org.springframework.boot.test.context.filter.ExcludeFilterContextCustomizer@67d18ed7, org.springframework.boot.test.json.DuplicateJsonObjectContextCustomizerFactory$DuplicateJsonObjectContextCustomizer@7a67e3c6, org.springframework.boot.test.mock.mockito.MockitoContextCustomizer@35ad4949], contextLoader = 'org.springframework.test.context.support.DelegatingSmartContextLoader', parent = [null]]]
23:51:44.949 [Test worker] DEBUG org.springframework.test.context.cache - Spring test ApplicationContext cache statistics: [DefaultContextCache@7c447c76 size = 2, maxSize = 32, parentContextCount = 0, hitCount = 207, missCount = 2]
23:51:44.949 [Test worker] DEBUG org.springframework.test.context.cache.DefaultCacheAwareContextLoaderDelegate - Retrieved ApplicationContext [2078741622] from cache with key [[MergedContextConfiguration@f288c14 testClass = TeamBuildingServiceTest, locations = '{}', classes = '{class org.waldreg.teambuilding.teambuilding.management.DefaultTeamBuildingManager, class org.waldreg.teambuilding.teambuilding.management.teamcreator.TeamCreator}', contextInitializerClasses = '[]', activeProfiles = '{}', propertySourceLocations = '{}', propertySourceProperties = '{}', contextCustomizers = set[org.springframework.boot.test.autoconfigure.actuate.metrics.MetricsExportContextCustomizerFactory$DisableMetricExportContextCustomizer@1efe439d, org.springframework.boot.test.autoconfigure.properties.PropertyMappingContextCustomizer@0, org.springframework.boot.test.autoconfigure.web.servlet.WebDriverContextCustomizerFactory$Customizer@51fadaff, org.springframework.boot.test.context.filter.ExcludeFilterContextCustomizer@67d18ed7, org.springframework.boot.test.json.DuplicateJsonObjectContextCustomizerFactory$DuplicateJsonObjectContextCustomizer@7a67e3c6, org.springframework.boot.test.mock.mockito.MockitoContextCustomizer@35ad4949], contextLoader = 'org.springframework.test.context.support.DelegatingSmartContextLoader', parent = [null]]]
23:51:44.949 [Test worker] DEBUG org.springframework.test.context.cache - Spring test ApplicationContext cache statistics: [DefaultContextCache@7c447c76 size = 2, maxSize = 32, parentContextCount = 0, hitCount = 208, missCount = 2]
23:51:44.949 [Test worker] DEBUG org.springframework.test.context.cache.DefaultCacheAwareContextLoaderDelegate - Retrieved ApplicationContext [2078741622] from cache with key [[MergedContextConfiguration@f288c14 testClass = TeamBuildingServiceTest, locations = '{}', classes = '{class org.waldreg.teambuilding.teambuilding.management.DefaultTeamBuildingManager, class org.waldreg.teambuilding.teambuilding.management.teamcreator.TeamCreator}', contextInitializerClasses = '[]', activeProfiles = '{}', propertySourceLocations = '{}', propertySourceProperties = '{}', contextCustomizers = set[org.springframework.boot.test.autoconfigure.actuate.metrics.MetricsExportContextCustomizerFactory$DisableMetricExportContextCustomizer@1efe439d, org.springframework.boot.test.autoconfigure.properties.PropertyMappingContextCustomizer@0, org.springframework.boot.test.autoconfigure.web.servlet.WebDriverContextCustomizerFactory$Customizer@51fadaff, org.springframework.boot.test.context.filter.ExcludeFilterContextCustomizer@67d18ed7, org.springframework.boot.test.json.DuplicateJsonObjectContextCustomizerFactory$DuplicateJsonObjectContextCustomizer@7a67e3c6, org.springframework.boot.test.mock.mockito.MockitoContextCustomizer@35ad4949], contextLoader = 'org.springframework.test.context.support.DelegatingSmartContextLoader', parent = [null]]]
23:51:44.949 [Test worker] DEBUG org.springframework.test.context.cache - Spring test ApplicationContext cache statistics: [DefaultContextCache@7c447c76 size = 2, maxSize = 32, parentContextCount = 0, hitCount = 209, missCount = 2]
23:51:44.951 [Test worker] DEBUG org.springframework.test.context.cache.DefaultCacheAwareContextLoaderDelegate - Retrieved ApplicationContext [2078741622] from cache with key [[MergedContextConfiguration@f288c14 testClass = TeamBuildingServiceTest, locations = '{}', classes = '{class org.waldreg.teambuilding.teambuilding.management.DefaultTeamBuildingManager, class org.waldreg.teambuilding.teambuilding.management.teamcreator.TeamCreator}', contextInitializerClasses = '[]', activeProfiles = '{}', propertySourceLocations = '{}', propertySourceProperties = '{}', contextCustomizers = set[org.springframework.boot.test.autoconfigure.actuate.metrics.MetricsExportContextCustomizerFactory$DisableMetricExportContextCustomizer@1efe439d, org.springframework.boot.test.autoconfigure.properties.PropertyMappingContextCustomizer@0, org.springframework.boot.test.autoconfigure.web.servlet.WebDriverContextCustomizerFactory$Customizer@51fadaff, org.springframework.boot.test.context.filter.ExcludeFilterContextCustomizer@67d18ed7, org.springframework.boot.test.json.DuplicateJsonObjectContextCustomizerFactory$DuplicateJsonObjectContextCustomizer@7a67e3c6, org.springframework.boot.test.mock.mockito.MockitoContextCustomizer@35ad4949], contextLoader = 'org.springframework.test.context.support.DelegatingSmartContextLoader', parent = [null]]]
23:51:44.951 [Test worker] DEBUG org.springframework.test.context.cache - Spring test ApplicationContext cache statistics: [DefaultContextCache@7c447c76 size = 2, maxSize = 32, parentContextCount = 0, hitCount = 210, missCount = 2]
23:51:44.951 [Test worker] DEBUG org.springframework.test.context.cache.DefaultCacheAwareContextLoaderDelegate - Retrieved ApplicationContext [2078741622] from cache with key [[MergedContextConfiguration@f288c14 testClass = TeamBuildingServiceTest, locations = '{}', classes = '{class org.waldreg.teambuilding.teambuilding.management.DefaultTeamBuildingManager, class org.waldreg.teambuilding.teambuilding.management.teamcreator.TeamCreator}', contextInitializerClasses = '[]', activeProfiles = '{}', propertySourceLocations = '{}', propertySourceProperties = '{}', contextCustomizers = set[org.springframework.boot.test.autoconfigure.actuate.metrics.MetricsExportContextCustomizerFactory$DisableMetricExportContextCustomizer@1efe439d, org.springframework.boot.test.autoconfigure.properties.PropertyMappingContextCustomizer@0, org.springframework.boot.test.autoconfigure.web.servlet.WebDriverContextCustomizerFactory$Customizer@51fadaff, org.springframework.boot.test.context.filter.ExcludeFilterContextCustomizer@67d18ed7, org.springframework.boot.test.json.DuplicateJsonObjectContextCustomizerFactory$DuplicateJsonObjectContextCustomizer@7a67e3c6, org.springframework.boot.test.mock.mockito.MockitoContextCustomizer@35ad4949], contextLoader = 'org.springframework.test.context.support.DelegatingSmartContextLoader', parent = [null]]]
23:51:44.951 [Test worker] DEBUG org.springframework.test.context.cache - Spring test ApplicationContext cache statistics: [DefaultContextCache@7c447c76 size = 2, maxSize = 32, parentContextCount = 0, hitCount = 211, missCount = 2]
23:51:44.951 [Test worker] DEBUG org.springframework.test.context.cache.DefaultCacheAwareContextLoaderDelegate - Retrieved ApplicationContext [2078741622] from cache with key [[MergedContextConfiguration@f288c14 testClass = TeamBuildingServiceTest, locations = '{}', classes = '{class org.waldreg.teambuilding.teambuilding.management.DefaultTeamBuildingManager, class org.waldreg.teambuilding.teambuilding.management.teamcreator.TeamCreator}', contextInitializerClasses = '[]', activeProfiles = '{}', propertySourceLocations = '{}', propertySourceProperties = '{}', contextCustomizers = set[org.springframework.boot.test.autoconfigure.actuate.metrics.MetricsExportContextCustomizerFactory$DisableMetricExportContextCustomizer@1efe439d, org.springframework.boot.test.autoconfigure.properties.PropertyMappingContextCustomizer@0, org.springframework.boot.test.autoconfigure.web.servlet.WebDriverContextCustomizerFactory$Customizer@51fadaff, org.springframework.boot.test.context.filter.ExcludeFilterContextCustomizer@67d18ed7, org.springframework.boot.test.json.DuplicateJsonObjectContextCustomizerFactory$DuplicateJsonObjectContextCustomizer@7a67e3c6, org.springframework.boot.test.mock.mockito.MockitoContextCustomizer@35ad4949], contextLoader = 'org.springframework.test.context.support.DelegatingSmartContextLoader', parent = [null]]]
23:51:44.951 [Test worker] DEBUG org.springframework.test.context.cache - Spring test ApplicationContext cache statistics: [DefaultContextCache@7c447c76 size = 2, maxSize = 32, parentContextCount = 0, hitCount = 212, missCount = 2]
23:51:44.951 [Test worker] DEBUG org.springframework.test.context.cache.DefaultCacheAwareContextLoaderDelegate - Retrieved ApplicationContext [2078741622] from cache with key [[MergedContextConfiguration@f288c14 testClass = TeamBuildingServiceTest, locations = '{}', classes = '{class org.waldreg.teambuilding.teambuilding.management.DefaultTeamBuildingManager, class org.waldreg.teambuilding.teambuilding.management.teamcreator.TeamCreator}', contextInitializerClasses = '[]', activeProfiles = '{}', propertySourceLocations = '{}', propertySourceProperties = '{}', contextCustomizers = set[org.springframework.boot.test.autoconfigure.actuate.metrics.MetricsExportContextCustomizerFactory$DisableMetricExportContextCustomizer@1efe439d, org.springframework.boot.test.autoconfigure.properties.PropertyMappingContextCustomizer@0, org.springframework.boot.test.autoconfigure.web.servlet.WebDriverContextCustomizerFactory$Customizer@51fadaff, org.springframework.boot.test.context.filter.ExcludeFilterContextCustomizer@67d18ed7, org.springframework.boot.test.json.DuplicateJsonObjectContextCustomizerFactory$DuplicateJsonObjectContextCustomizer@7a67e3c6, org.springframework.boot.test.mock.mockito.MockitoContextCustomizer@35ad4949], contextLoader = 'org.springframework.test.context.support.DelegatingSmartContextLoader', parent = [null]]]
23:51:44.951 [Test worker] DEBUG org.springframework.test.context.cache - Spring test ApplicationContext cache statistics: [DefaultContextCache@7c447c76 size = 2, maxSize = 32, parentContextCount = 0, hitCount = 213, missCount = 2]
23:51:44.951 [Test worker] DEBUG org.springframework.test.context.cache.DefaultCacheAwareContextLoaderDelegate - Retrieved ApplicationContext [2078741622] from cache with key [[MergedContextConfiguration@f288c14 testClass = TeamBuildingServiceTest, locations = '{}', classes = '{class org.waldreg.teambuilding.teambuilding.management.DefaultTeamBuildingManager, class org.waldreg.teambuilding.teambuilding.management.teamcreator.TeamCreator}', contextInitializerClasses = '[]', activeProfiles = '{}', propertySourceLocations = '{}', propertySourceProperties = '{}', contextCustomizers = set[org.springframework.boot.test.autoconfigure.actuate.metrics.MetricsExportContextCustomizerFactory$DisableMetricExportContextCustomizer@1efe439d, org.springframework.boot.test.autoconfigure.properties.PropertyMappingContextCustomizer@0, org.springframework.boot.test.autoconfigure.web.servlet.WebDriverContextCustomizerFactory$Customizer@51fadaff, org.springframework.boot.test.context.filter.ExcludeFilterContextCustomizer@67d18ed7, org.springframework.boot.test.json.DuplicateJsonObjectContextCustomizerFactory$DuplicateJsonObjectContextCustomizer@7a67e3c6, org.springframework.boot.test.mock.mockito.MockitoContextCustomizer@35ad4949], contextLoader = 'org.springframework.test.context.support.DelegatingSmartContextLoader', parent = [null]]]
23:51:44.951 [Test worker] DEBUG org.springframework.test.context.cache - Spring test ApplicationContext cache statistics: [DefaultContextCache@7c447c76 size = 2, maxSize = 32, parentContextCount = 0, hitCount = 214, missCount = 2]
23:51:44.951 [Test worker] DEBUG org.springframework.test.context.cache.DefaultCacheAwareContextLoaderDelegate - Retrieved ApplicationContext [2078741622] from cache with key [[MergedContextConfiguration@f288c14 testClass = TeamBuildingServiceTest, locations = '{}', classes = '{class org.waldreg.teambuilding.teambuilding.management.DefaultTeamBuildingManager, class org.waldreg.teambuilding.teambuilding.management.teamcreator.TeamCreator}', contextInitializerClasses = '[]', activeProfiles = '{}', propertySourceLocations = '{}', propertySourceProperties = '{}', contextCustomizers = set[org.springframework.boot.test.autoconfigure.actuate.metrics.MetricsExportContextCustomizerFactory$DisableMetricExportContextCustomizer@1efe439d, org.springframework.boot.test.autoconfigure.properties.PropertyMappingContextCustomizer@0, org.springframework.boot.test.autoconfigure.web.servlet.WebDriverContextCustomizerFactory$Customizer@51fadaff, org.springframework.boot.test.context.filter.ExcludeFilterContextCustomizer@67d18ed7, org.springframework.boot.test.json.DuplicateJsonObjectContextCustomizerFactory$DuplicateJsonObjectContextCustomizer@7a67e3c6, org.springframework.boot.test.mock.mockito.MockitoContextCustomizer@35ad4949], contextLoader = 'org.springframework.test.context.support.DelegatingSmartContextLoader', parent = [null]]]
23:51:44.951 [Test worker] DEBUG org.springframework.test.context.cache - Spring test ApplicationContext cache statistics: [DefaultContextCache@7c447c76 size = 2, maxSize = 32, parentContextCount = 0, hitCount = 215, missCount = 2]
23:51:44.951 [Test worker] DEBUG org.springframework.test.context.support.AbstractDirtiesContextTestExecutionListener - After test method: context [DefaultTestContext@5c1f6d57 testClass = TeamBuildingServiceTest, testInstance = org.waldreg.teambuilding.TeamBuildingServiceTest@702b06fb, testMethod = DELETE_TEAM_BUILDING_SUCCESS_TEST@TeamBuildingServiceTest, testException = [null], mergedContextConfiguration = [MergedContextConfiguration@f288c14 testClass = TeamBuildingServiceTest, locations = '{}', classes = '{class org.waldreg.teambuilding.teambuilding.management.DefaultTeamBuildingManager, class org.waldreg.teambuilding.teambuilding.management.teamcreator.TeamCreator}', contextInitializerClasses = '[]', activeProfiles = '{}', propertySourceLocations = '{}', propertySourceProperties = '{}', contextCustomizers = set[org.springframework.boot.test.autoconfigure.actuate.metrics.MetricsExportContextCustomizerFactory$DisableMetricExportContextCustomizer@1efe439d, org.springframework.boot.test.autoconfigure.properties.PropertyMappingContextCustomizer@0, org.springframework.boot.test.autoconfigure.web.servlet.WebDriverContextCustomizerFactory$Customizer@51fadaff, org.springframework.boot.test.context.filter.ExcludeFilterContextCustomizer@67d18ed7, org.springframework.boot.test.json.DuplicateJsonObjectContextCustomizerFactory$DuplicateJsonObjectContextCustomizer@7a67e3c6, org.springframework.boot.test.mock.mockito.MockitoContextCustomizer@35ad4949], contextLoader = 'org.springframework.test.context.support.DelegatingSmartContextLoader', parent = [null]], attributes = map['org.springframework.test.context.event.ApplicationEventsTestExecutionListener.recordApplicationEvents' -> false]], class annotated with @DirtiesContext [false] with mode [null], method annotated with @DirtiesContext [false] with mode [null].
23:51:44.952 [Test worker] DEBUG org.springframework.test.context.cache.DefaultCacheAwareContextLoaderDelegate - Retrieved ApplicationContext [2078741622] from cache with key [[MergedContextConfiguration@f288c14 testClass = TeamBuildingServiceTest, locations = '{}', classes = '{class org.waldreg.teambuilding.teambuilding.management.DefaultTeamBuildingManager, class org.waldreg.teambuilding.teambuilding.management.teamcreator.TeamCreator}', contextInitializerClasses = '[]', activeProfiles = '{}', propertySourceLocations = '{}', propertySourceProperties = '{}', contextCustomizers = set[org.springframework.boot.test.autoconfigure.actuate.metrics.MetricsExportContextCustomizerFactory$DisableMetricExportContextCustomizer@1efe439d, org.springframework.boot.test.autoconfigure.properties.PropertyMappingContextCustomizer@0, org.springframework.boot.test.autoconfigure.web.servlet.WebDriverContextCustomizerFactory$Customizer@51fadaff, org.springframework.boot.test.context.filter.ExcludeFilterContextCustomizer@67d18ed7, org.springframework.boot.test.json.DuplicateJsonObjectContextCustomizerFactory$DuplicateJsonObjectContextCustomizer@7a67e3c6, org.springframework.boot.test.mock.mockito.MockitoContextCustomizer@35ad4949], contextLoader = 'org.springframework.test.context.support.DelegatingSmartContextLoader', parent = [null]]]
23:51:44.952 [Test worker] DEBUG org.springframework.test.context.cache - Spring test ApplicationContext cache statistics: [DefaultContextCache@7c447c76 size = 2, maxSize = 32, parentContextCount = 0, hitCount = 216, missCount = 2]
23:51:44.952 [Test worker] DEBUG org.springframework.test.context.support.DependencyInjectionTestExecutionListener - Performing dependency injection for test context [[DefaultTestContext@5c1f6d57 testClass = TeamBuildingServiceTest, testInstance = org.waldreg.teambuilding.TeamBuildingServiceTest@14229fa7, testMethod = [null], testException = [null], mergedContextConfiguration = [MergedContextConfiguration@f288c14 testClass = TeamBuildingServiceTest, locations = '{}', classes = '{class org.waldreg.teambuilding.teambuilding.management.DefaultTeamBuildingManager, class org.waldreg.teambuilding.teambuilding.management.teamcreator.TeamCreator}', contextInitializerClasses = '[]', activeProfiles = '{}', propertySourceLocations = '{}', propertySourceProperties = '{}', contextCustomizers = set[org.springframework.boot.test.autoconfigure.actuate.metrics.MetricsExportContextCustomizerFactory$DisableMetricExportContextCustomizer@1efe439d, org.springframework.boot.test.autoconfigure.properties.PropertyMappingContextCustomizer@0, org.springframework.boot.test.autoconfigure.web.servlet.WebDriverContextCustomizerFactory$Customizer@51fadaff, org.springframework.boot.test.context.filter.ExcludeFilterContextCustomizer@67d18ed7, org.springframework.boot.test.json.DuplicateJsonObjectContextCustomizerFactory$DuplicateJsonObjectContextCustomizer@7a67e3c6, org.springframework.boot.test.mock.mockito.MockitoContextCustomizer@35ad4949], contextLoader = 'org.springframework.test.context.support.DelegatingSmartContextLoader', parent = [null]], attributes = map['org.springframework.test.context.event.ApplicationEventsTestExecutionListener.recordApplicationEvents' -> false]]].
23:51:44.952 [Test worker] DEBUG org.springframework.test.context.cache.DefaultCacheAwareContextLoaderDelegate - Retrieved ApplicationContext [2078741622] from cache with key [[MergedContextConfiguration@f288c14 testClass = TeamBuildingServiceTest, locations = '{}', classes = '{class org.waldreg.teambuilding.teambuilding.management.DefaultTeamBuildingManager, class org.waldreg.teambuilding.teambuilding.management.teamcreator.TeamCreator}', contextInitializerClasses = '[]', activeProfiles = '{}', propertySourceLocations = '{}', propertySourceProperties = '{}', contextCustomizers = set[org.springframework.boot.test.autoconfigure.actuate.metrics.MetricsExportContextCustomizerFactory$DisableMetricExportContextCustomizer@1efe439d, org.springframework.boot.test.autoconfigure.properties.PropertyMappingContextCustomizer@0, org.springframework.boot.test.autoconfigure.web.servlet.WebDriverContextCustomizerFactory$Customizer@51fadaff, org.springframework.boot.test.context.filter.ExcludeFilterContextCustomizer@67d18ed7, org.springframework.boot.test.json.DuplicateJsonObjectContextCustomizerFactory$DuplicateJsonObjectContextCustomizer@7a67e3c6, org.springframework.boot.test.mock.mockito.MockitoContextCustomizer@35ad4949], contextLoader = 'org.springframework.test.context.support.DelegatingSmartContextLoader', parent = [null]]]
23:51:44.952 [Test worker] DEBUG org.springframework.test.context.cache - Spring test ApplicationContext cache statistics: [DefaultContextCache@7c447c76 size = 2, maxSize = 32, parentContextCount = 0, hitCount = 217, missCount = 2]
23:51:44.952 [Test worker] DEBUG org.springframework.test.context.cache.DefaultCacheAwareContextLoaderDelegate - Retrieved ApplicationContext [2078741622] from cache with key [[MergedContextConfiguration@f288c14 testClass = TeamBuildingServiceTest, locations = '{}', classes = '{class org.waldreg.teambuilding.teambuilding.management.DefaultTeamBuildingManager, class org.waldreg.teambuilding.teambuilding.management.teamcreator.TeamCreator}', contextInitializerClasses = '[]', activeProfiles = '{}', propertySourceLocations = '{}', propertySourceProperties = '{}', contextCustomizers = set[org.springframework.boot.test.autoconfigure.actuate.metrics.MetricsExportContextCustomizerFactory$DisableMetricExportContextCustomizer@1efe439d, org.springframework.boot.test.autoconfigure.properties.PropertyMappingContextCustomizer@0, org.springframework.boot.test.autoconfigure.web.servlet.WebDriverContextCustomizerFactory$Customizer@51fadaff, org.springframework.boot.test.context.filter.ExcludeFilterContextCustomizer@67d18ed7, org.springframework.boot.test.json.DuplicateJsonObjectContextCustomizerFactory$DuplicateJsonObjectContextCustomizer@7a67e3c6, org.springframework.boot.test.mock.mockito.MockitoContextCustomizer@35ad4949], contextLoader = 'org.springframework.test.context.support.DelegatingSmartContextLoader', parent = [null]]]
23:51:44.952 [Test worker] DEBUG org.springframework.test.context.cache - Spring test ApplicationContext cache statistics: [DefaultContextCache@7c447c76 size = 2, maxSize = 32, parentContextCount = 0, hitCount = 218, missCount = 2]
23:51:44.952 [Test worker] DEBUG org.springframework.test.context.support.AbstractDirtiesContextTestExecutionListener - Before test method: context [DefaultTestContext@5c1f6d57 testClass = TeamBuildingServiceTest, testInstance = org.waldreg.teambuilding.TeamBuildingServiceTest@14229fa7, testMethod = MODIFY_TEAM_BUILDING_FAIL_CAUSE_UNKNOWN_TEAM_BUILDING_ID_TEST@TeamBuildingServiceTest, testException = [null], mergedContextConfiguration = [MergedContextConfiguration@f288c14 testClass = TeamBuildingServiceTest, locations = '{}', classes = '{class org.waldreg.teambuilding.teambuilding.management.DefaultTeamBuildingManager, class org.waldreg.teambuilding.teambuilding.management.teamcreator.TeamCreator}', contextInitializerClasses = '[]', activeProfiles = '{}', propertySourceLocations = '{}', propertySourceProperties = '{}', contextCustomizers = set[org.springframework.boot.test.autoconfigure.actuate.metrics.MetricsExportContextCustomizerFactory$DisableMetricExportContextCustomizer@1efe439d, org.springframework.boot.test.autoconfigure.properties.PropertyMappingContextCustomizer@0, org.springframework.boot.test.autoconfigure.web.servlet.WebDriverContextCustomizerFactory$Customizer@51fadaff, org.springframework.boot.test.context.filter.ExcludeFilterContextCustomizer@67d18ed7, org.springframework.boot.test.json.DuplicateJsonObjectContextCustomizerFactory$DuplicateJsonObjectContextCustomizer@7a67e3c6, org.springframework.boot.test.mock.mockito.MockitoContextCustomizer@35ad4949], contextLoader = 'org.springframework.test.context.support.DelegatingSmartContextLoader', parent = [null]], attributes = map['org.springframework.test.context.event.ApplicationEventsTestExecutionListener.recordApplicationEvents' -> false]], class annotated with @DirtiesContext [false] with mode [null], method annotated with @DirtiesContext [false] with mode [null].
23:51:44.952 [Test worker] DEBUG org.springframework.test.context.cache.DefaultCacheAwareContextLoaderDelegate - Retrieved ApplicationContext [2078741622] from cache with key [[MergedContextConfiguration@f288c14 testClass = TeamBuildingServiceTest, locations = '{}', classes = '{class org.waldreg.teambuilding.teambuilding.management.DefaultTeamBuildingManager, class org.waldreg.teambuilding.teambuilding.management.teamcreator.TeamCreator}', contextInitializerClasses = '[]', activeProfiles = '{}', propertySourceLocations = '{}', propertySourceProperties = '{}', contextCustomizers = set[org.springframework.boot.test.autoconfigure.actuate.metrics.MetricsExportContextCustomizerFactory$DisableMetricExportContextCustomizer@1efe439d, org.springframework.boot.test.autoconfigure.properties.PropertyMappingContextCustomizer@0, org.springframework.boot.test.autoconfigure.web.servlet.WebDriverContextCustomizerFactory$Customizer@51fadaff, org.springframework.boot.test.context.filter.ExcludeFilterContextCustomizer@67d18ed7, org.springframework.boot.test.json.DuplicateJsonObjectContextCustomizerFactory$DuplicateJsonObjectContextCustomizer@7a67e3c6, org.springframework.boot.test.mock.mockito.MockitoContextCustomizer@35ad4949], contextLoader = 'org.springframework.test.context.support.DelegatingSmartContextLoader', parent = [null]]]
23:51:44.952 [Test worker] DEBUG org.springframework.test.context.cache - Spring test ApplicationContext cache statistics: [DefaultContextCache@7c447c76 size = 2, maxSize = 32, parentContextCount = 0, hitCount = 219, missCount = 2]
23:51:44.953 [Test worker] DEBUG org.springframework.test.context.cache.DefaultCacheAwareContextLoaderDelegate - Retrieved ApplicationContext [2078741622] from cache with key [[MergedContextConfiguration@f288c14 testClass = TeamBuildingServiceTest, locations = '{}', classes = '{class org.waldreg.teambuilding.teambuilding.management.DefaultTeamBuildingManager, class org.waldreg.teambuilding.teambuilding.management.teamcreator.TeamCreator}', contextInitializerClasses = '[]', activeProfiles = '{}', propertySourceLocations = '{}', propertySourceProperties = '{}', contextCustomizers = set[org.springframework.boot.test.autoconfigure.actuate.metrics.MetricsExportContextCustomizerFactory$DisableMetricExportContextCustomizer@1efe439d, org.springframework.boot.test.autoconfigure.properties.PropertyMappingContextCustomizer@0, org.springframework.boot.test.autoconfigure.web.servlet.WebDriverContextCustomizerFactory$Customizer@51fadaff, org.springframework.boot.test.context.filter.ExcludeFilterContextCustomizer@67d18ed7, org.springframework.boot.test.json.DuplicateJsonObjectContextCustomizerFactory$DuplicateJsonObjectContextCustomizer@7a67e3c6, org.springframework.boot.test.mock.mockito.MockitoContextCustomizer@35ad4949], contextLoader = 'org.springframework.test.context.support.DelegatingSmartContextLoader', parent = [null]]]
23:51:44.953 [Test worker] DEBUG org.springframework.test.context.cache - Spring test ApplicationContext cache statistics: [DefaultContextCache@7c447c76 size = 2, maxSize = 32, parentContextCount = 0, hitCount = 220, missCount = 2]
23:51:44.953 [Test worker] DEBUG org.springframework.test.context.cache.DefaultCacheAwareContextLoaderDelegate - Retrieved ApplicationContext [2078741622] from cache with key [[MergedContextConfiguration@f288c14 testClass = TeamBuildingServiceTest, locations = '{}', classes = '{class org.waldreg.teambuilding.teambuilding.management.DefaultTeamBuildingManager, class org.waldreg.teambuilding.teambuilding.management.teamcreator.TeamCreator}', contextInitializerClasses = '[]', activeProfiles = '{}', propertySourceLocations = '{}', propertySourceProperties = '{}', contextCustomizers = set[org.springframework.boot.test.autoconfigure.actuate.metrics.MetricsExportContextCustomizerFactory$DisableMetricExportContextCustomizer@1efe439d, org.springframework.boot.test.autoconfigure.properties.PropertyMappingContextCustomizer@0, org.springframework.boot.test.autoconfigure.web.servlet.WebDriverContextCustomizerFactory$Customizer@51fadaff, org.springframework.boot.test.context.filter.ExcludeFilterContextCustomizer@67d18ed7, org.springframework.boot.test.json.DuplicateJsonObjectContextCustomizerFactory$DuplicateJsonObjectContextCustomizer@7a67e3c6, org.springframework.boot.test.mock.mockito.MockitoContextCustomizer@35ad4949], contextLoader = 'org.springframework.test.context.support.DelegatingSmartContextLoader', parent = [null]]]
23:51:44.953 [Test worker] DEBUG org.springframework.test.context.cache - Spring test ApplicationContext cache statistics: [DefaultContextCache@7c447c76 size = 2, maxSize = 32, parentContextCount = 0, hitCount = 221, missCount = 2]
23:51:44.954 [Test worker] DEBUG org.springframework.test.context.cache.DefaultCacheAwareContextLoaderDelegate - Retrieved ApplicationContext [2078741622] from cache with key [[MergedContextConfiguration@f288c14 testClass = TeamBuildingServiceTest, locations = '{}', classes = '{class org.waldreg.teambuilding.teambuilding.management.DefaultTeamBuildingManager, class org.waldreg.teambuilding.teambuilding.management.teamcreator.TeamCreator}', contextInitializerClasses = '[]', activeProfiles = '{}', propertySourceLocations = '{}', propertySourceProperties = '{}', contextCustomizers = set[org.springframework.boot.test.autoconfigure.actuate.metrics.MetricsExportContextCustomizerFactory$DisableMetricExportContextCustomizer@1efe439d, org.springframework.boot.test.autoconfigure.properties.PropertyMappingContextCustomizer@0, org.springframework.boot.test.autoconfigure.web.servlet.WebDriverContextCustomizerFactory$Customizer@51fadaff, org.springframework.boot.test.context.filter.ExcludeFilterContextCustomizer@67d18ed7, org.springframework.boot.test.json.DuplicateJsonObjectContextCustomizerFactory$DuplicateJsonObjectContextCustomizer@7a67e3c6, org.springframework.boot.test.mock.mockito.MockitoContextCustomizer@35ad4949], contextLoader = 'org.springframework.test.context.support.DelegatingSmartContextLoader', parent = [null]]]
23:51:44.954 [Test worker] DEBUG org.springframework.test.context.cache - Spring test ApplicationContext cache statistics: [DefaultContextCache@7c447c76 size = 2, maxSize = 32, parentContextCount = 0, hitCount = 222, missCount = 2]
23:51:44.954 [Test worker] DEBUG org.springframework.test.context.cache.DefaultCacheAwareContextLoaderDelegate - Retrieved ApplicationContext [2078741622] from cache with key [[MergedContextConfiguration@f288c14 testClass = TeamBuildingServiceTest, locations = '{}', classes = '{class org.waldreg.teambuilding.teambuilding.management.DefaultTeamBuildingManager, class org.waldreg.teambuilding.teambuilding.management.teamcreator.TeamCreator}', contextInitializerClasses = '[]', activeProfiles = '{}', propertySourceLocations = '{}', propertySourceProperties = '{}', contextCustomizers = set[org.springframework.boot.test.autoconfigure.actuate.metrics.MetricsExportContextCustomizerFactory$DisableMetricExportContextCustomizer@1efe439d, org.springframework.boot.test.autoconfigure.properties.PropertyMappingContextCustomizer@0, org.springframework.boot.test.autoconfigure.web.servlet.WebDriverContextCustomizerFactory$Customizer@51fadaff, org.springframework.boot.test.context.filter.ExcludeFilterContextCustomizer@67d18ed7, org.springframework.boot.test.json.DuplicateJsonObjectContextCustomizerFactory$DuplicateJsonObjectContextCustomizer@7a67e3c6, org.springframework.boot.test.mock.mockito.MockitoContextCustomizer@35ad4949], contextLoader = 'org.springframework.test.context.support.DelegatingSmartContextLoader', parent = [null]]]
23:51:44.954 [Test worker] DEBUG org.springframework.test.context.cache - Spring test ApplicationContext cache statistics: [DefaultContextCache@7c447c76 size = 2, maxSize = 32, parentContextCount = 0, hitCount = 223, missCount = 2]
23:51:44.954 [Test worker] DEBUG org.springframework.test.context.cache.DefaultCacheAwareContextLoaderDelegate - Retrieved ApplicationContext [2078741622] from cache with key [[MergedContextConfiguration@f288c14 testClass = TeamBuildingServiceTest, locations = '{}', classes = '{class org.waldreg.teambuilding.teambuilding.management.DefaultTeamBuildingManager, class org.waldreg.teambuilding.teambuilding.management.teamcreator.TeamCreator}', contextInitializerClasses = '[]', activeProfiles = '{}', propertySourceLocations = '{}', propertySourceProperties = '{}', contextCustomizers = set[org.springframework.boot.test.autoconfigure.actuate.metrics.MetricsExportContextCustomizerFactory$DisableMetricExportContextCustomizer@1efe439d, org.springframework.boot.test.autoconfigure.properties.PropertyMappingContextCustomizer@0, org.springframework.boot.test.autoconfigure.web.servlet.WebDriverContextCustomizerFactory$Customizer@51fadaff, org.springframework.boot.test.context.filter.ExcludeFilterContextCustomizer@67d18ed7, org.springframework.boot.test.json.DuplicateJsonObjectContextCustomizerFactory$DuplicateJsonObjectContextCustomizer@7a67e3c6, org.springframework.boot.test.mock.mockito.MockitoContextCustomizer@35ad4949], contextLoader = 'org.springframework.test.context.support.DelegatingSmartContextLoader', parent = [null]]]
23:51:44.954 [Test worker] DEBUG org.springframework.test.context.cache - Spring test ApplicationContext cache statistics: [DefaultContextCache@7c447c76 size = 2, maxSize = 32, parentContextCount = 0, hitCount = 224, missCount = 2]
23:51:44.954 [Test worker] DEBUG org.springframework.test.context.cache.DefaultCacheAwareContextLoaderDelegate - Retrieved ApplicationContext [2078741622] from cache with key [[MergedContextConfiguration@f288c14 testClass = TeamBuildingServiceTest, locations = '{}', classes = '{class org.waldreg.teambuilding.teambuilding.management.DefaultTeamBuildingManager, class org.waldreg.teambuilding.teambuilding.management.teamcreator.TeamCreator}', contextInitializerClasses = '[]', activeProfiles = '{}', propertySourceLocations = '{}', propertySourceProperties = '{}', contextCustomizers = set[org.springframework.boot.test.autoconfigure.actuate.metrics.MetricsExportContextCustomizerFactory$DisableMetricExportContextCustomizer@1efe439d, org.springframework.boot.test.autoconfigure.properties.PropertyMappingContextCustomizer@0, org.springframework.boot.test.autoconfigure.web.servlet.WebDriverContextCustomizerFactory$Customizer@51fadaff, org.springframework.boot.test.context.filter.ExcludeFilterContextCustomizer@67d18ed7, org.springframework.boot.test.json.DuplicateJsonObjectContextCustomizerFactory$DuplicateJsonObjectContextCustomizer@7a67e3c6, org.springframework.boot.test.mock.mockito.MockitoContextCustomizer@35ad4949], contextLoader = 'org.springframework.test.context.support.DelegatingSmartContextLoader', parent = [null]]]
23:51:44.954 [Test worker] DEBUG org.springframework.test.context.cache - Spring test ApplicationContext cache statistics: [DefaultContextCache@7c447c76 size = 2, maxSize = 32, parentContextCount = 0, hitCount = 225, missCount = 2]
23:51:44.954 [Test worker] DEBUG org.springframework.test.context.cache.DefaultCacheAwareContextLoaderDelegate - Retrieved ApplicationContext [2078741622] from cache with key [[MergedContextConfiguration@f288c14 testClass = TeamBuildingServiceTest, locations = '{}', classes = '{class org.waldreg.teambuilding.teambuilding.management.DefaultTeamBuildingManager, class org.waldreg.teambuilding.teambuilding.management.teamcreator.TeamCreator}', contextInitializerClasses = '[]', activeProfiles = '{}', propertySourceLocations = '{}', propertySourceProperties = '{}', contextCustomizers = set[org.springframework.boot.test.autoconfigure.actuate.metrics.MetricsExportContextCustomizerFactory$DisableMetricExportContextCustomizer@1efe439d, org.springframework.boot.test.autoconfigure.properties.PropertyMappingContextCustomizer@0, org.springframework.boot.test.autoconfigure.web.servlet.WebDriverContextCustomizerFactory$Customizer@51fadaff, org.springframework.boot.test.context.filter.ExcludeFilterContextCustomizer@67d18ed7, org.springframework.boot.test.json.DuplicateJsonObjectContextCustomizerFactory$DuplicateJsonObjectContextCustomizer@7a67e3c6, org.springframework.boot.test.mock.mockito.MockitoContextCustomizer@35ad4949], contextLoader = 'org.springframework.test.context.support.DelegatingSmartContextLoader', parent = [null]]]
23:51:44.954 [Test worker] DEBUG org.springframework.test.context.cache - Spring test ApplicationContext cache statistics: [DefaultContextCache@7c447c76 size = 2, maxSize = 32, parentContextCount = 0, hitCount = 226, missCount = 2]
23:51:44.954 [Test worker] DEBUG org.springframework.test.context.cache.DefaultCacheAwareContextLoaderDelegate - Retrieved ApplicationContext [2078741622] from cache with key [[MergedContextConfiguration@f288c14 testClass = TeamBuildingServiceTest, locations = '{}', classes = '{class org.waldreg.teambuilding.teambuilding.management.DefaultTeamBuildingManager, class org.waldreg.teambuilding.teambuilding.management.teamcreator.TeamCreator}', contextInitializerClasses = '[]', activeProfiles = '{}', propertySourceLocations = '{}', propertySourceProperties = '{}', contextCustomizers = set[org.springframework.boot.test.autoconfigure.actuate.metrics.MetricsExportContextCustomizerFactory$DisableMetricExportContextCustomizer@1efe439d, org.springframework.boot.test.autoconfigure.properties.PropertyMappingContextCustomizer@0, org.springframework.boot.test.autoconfigure.web.servlet.WebDriverContextCustomizerFactory$Customizer@51fadaff, org.springframework.boot.test.context.filter.ExcludeFilterContextCustomizer@67d18ed7, org.springframework.boot.test.json.DuplicateJsonObjectContextCustomizerFactory$DuplicateJsonObjectContextCustomizer@7a67e3c6, org.springframework.boot.test.mock.mockito.MockitoContextCustomizer@35ad4949], contextLoader = 'org.springframework.test.context.support.DelegatingSmartContextLoader', parent = [null]]]
23:51:44.954 [Test worker] DEBUG org.springframework.test.context.cache - Spring test ApplicationContext cache statistics: [DefaultContextCache@7c447c76 size = 2, maxSize = 32, parentContextCount = 0, hitCount = 227, missCount = 2]
23:51:44.954 [Test worker] DEBUG org.springframework.test.context.support.AbstractDirtiesContextTestExecutionListener - After test method: context [DefaultTestContext@5c1f6d57 testClass = TeamBuildingServiceTest, testInstance = org.waldreg.teambuilding.TeamBuildingServiceTest@14229fa7, testMethod = MODIFY_TEAM_BUILDING_FAIL_CAUSE_UNKNOWN_TEAM_BUILDING_ID_TEST@TeamBuildingServiceTest, testException = [null], mergedContextConfiguration = [MergedContextConfiguration@f288c14 testClass = TeamBuildingServiceTest, locations = '{}', classes = '{class org.waldreg.teambuilding.teambuilding.management.DefaultTeamBuildingManager, class org.waldreg.teambuilding.teambuilding.management.teamcreator.TeamCreator}', contextInitializerClasses = '[]', activeProfiles = '{}', propertySourceLocations = '{}', propertySourceProperties = '{}', contextCustomizers = set[org.springframework.boot.test.autoconfigure.actuate.metrics.MetricsExportContextCustomizerFactory$DisableMetricExportContextCustomizer@1efe439d, org.springframework.boot.test.autoconfigure.properties.PropertyMappingContextCustomizer@0, org.springframework.boot.test.autoconfigure.web.servlet.WebDriverContextCustomizerFactory$Customizer@51fadaff, org.springframework.boot.test.context.filter.ExcludeFilterContextCustomizer@67d18ed7, org.springframework.boot.test.json.DuplicateJsonObjectContextCustomizerFactory$DuplicateJsonObjectContextCustomizer@7a67e3c6, org.springframework.boot.test.mock.mockito.MockitoContextCustomizer@35ad4949], contextLoader = 'org.springframework.test.context.support.DelegatingSmartContextLoader', parent = [null]], attributes = map['org.springframework.test.context.event.ApplicationEventsTestExecutionListener.recordApplicationEvents' -> false]], class annotated with @DirtiesContext [false] with mode [null], method annotated with @DirtiesContext [false] with mode [null].
23:51:44.954 [Test worker] DEBUG org.springframework.test.context.cache.DefaultCacheAwareContextLoaderDelegate - Retrieved ApplicationContext [2078741622] from cache with key [[MergedContextConfiguration@f288c14 testClass = TeamBuildingServiceTest, locations = '{}', classes = '{class org.waldreg.teambuilding.teambuilding.management.DefaultTeamBuildingManager, class org.waldreg.teambuilding.teambuilding.management.teamcreator.TeamCreator}', contextInitializerClasses = '[]', activeProfiles = '{}', propertySourceLocations = '{}', propertySourceProperties = '{}', contextCustomizers = set[org.springframework.boot.test.autoconfigure.actuate.metrics.MetricsExportContextCustomizerFactory$DisableMetricExportContextCustomizer@1efe439d, org.springframework.boot.test.autoconfigure.properties.PropertyMappingContextCustomizer@0, org.springframework.boot.test.autoconfigure.web.servlet.WebDriverContextCustomizerFactory$Customizer@51fadaff, org.springframework.boot.test.context.filter.ExcludeFilterContextCustomizer@67d18ed7, org.springframework.boot.test.json.DuplicateJsonObjectContextCustomizerFactory$DuplicateJsonObjectContextCustomizer@7a67e3c6, org.springframework.boot.test.mock.mockito.MockitoContextCustomizer@35ad4949], contextLoader = 'org.springframework.test.context.support.DelegatingSmartContextLoader', parent = [null]]]
23:51:44.954 [Test worker] DEBUG org.springframework.test.context.cache - Spring test ApplicationContext cache statistics: [DefaultContextCache@7c447c76 size = 2, maxSize = 32, parentContextCount = 0, hitCount = 228, missCount = 2]
23:51:44.954 [Test worker] DEBUG org.springframework.test.context.support.DependencyInjectionTestExecutionListener - Performing dependency injection for test context [[DefaultTestContext@5c1f6d57 testClass = TeamBuildingServiceTest, testInstance = org.waldreg.teambuilding.TeamBuildingServiceTest@102efc59, testMethod = [null], testException = [null], mergedContextConfiguration = [MergedContextConfiguration@f288c14 testClass = TeamBuildingServiceTest, locations = '{}', classes = '{class org.waldreg.teambuilding.teambuilding.management.DefaultTeamBuildingManager, class org.waldreg.teambuilding.teambuilding.management.teamcreator.TeamCreator}', contextInitializerClasses = '[]', activeProfiles = '{}', propertySourceLocations = '{}', propertySourceProperties = '{}', contextCustomizers = set[org.springframework.boot.test.autoconfigure.actuate.metrics.MetricsExportContextCustomizerFactory$DisableMetricExportContextCustomizer@1efe439d, org.springframework.boot.test.autoconfigure.properties.PropertyMappingContextCustomizer@0, org.springframework.boot.test.autoconfigure.web.servlet.WebDriverContextCustomizerFactory$Customizer@51fadaff, org.springframework.boot.test.context.filter.ExcludeFilterContextCustomizer@67d18ed7, org.springframework.boot.test.json.DuplicateJsonObjectContextCustomizerFactory$DuplicateJsonObjectContextCustomizer@7a67e3c6, org.springframework.boot.test.mock.mockito.MockitoContextCustomizer@35ad4949], contextLoader = 'org.springframework.test.context.support.DelegatingSmartContextLoader', parent = [null]], attributes = map['org.springframework.test.context.event.ApplicationEventsTestExecutionListener.recordApplicationEvents' -> false]]].
23:51:44.954 [Test worker] DEBUG org.springframework.test.context.cache.DefaultCacheAwareContextLoaderDelegate - Retrieved ApplicationContext [2078741622] from cache with key [[MergedContextConfiguration@f288c14 testClass = TeamBuildingServiceTest, locations = '{}', classes = '{class org.waldreg.teambuilding.teambuilding.management.DefaultTeamBuildingManager, class org.waldreg.teambuilding.teambuilding.management.teamcreator.TeamCreator}', contextInitializerClasses = '[]', activeProfiles = '{}', propertySourceLocations = '{}', propertySourceProperties = '{}', contextCustomizers = set[org.springframework.boot.test.autoconfigure.actuate.metrics.MetricsExportContextCustomizerFactory$DisableMetricExportContextCustomizer@1efe439d, org.springframework.boot.test.autoconfigure.properties.PropertyMappingContextCustomizer@0, org.springframework.boot.test.autoconfigure.web.servlet.WebDriverContextCustomizerFactory$Customizer@51fadaff, org.springframework.boot.test.context.filter.ExcludeFilterContextCustomizer@67d18ed7, org.springframework.boot.test.json.DuplicateJsonObjectContextCustomizerFactory$DuplicateJsonObjectContextCustomizer@7a67e3c6, org.springframework.boot.test.mock.mockito.MockitoContextCustomizer@35ad4949], contextLoader = 'org.springframework.test.context.support.DelegatingSmartContextLoader', parent = [null]]]
23:51:44.954 [Test worker] DEBUG org.springframework.test.context.cache - Spring test ApplicationContext cache statistics: [DefaultContextCache@7c447c76 size = 2, maxSize = 32, parentContextCount = 0, hitCount = 229, missCount = 2]
23:51:44.955 [Test worker] DEBUG org.springframework.test.context.cache.DefaultCacheAwareContextLoaderDelegate - Retrieved ApplicationContext [2078741622] from cache with key [[MergedContextConfiguration@f288c14 testClass = TeamBuildingServiceTest, locations = '{}', classes = '{class org.waldreg.teambuilding.teambuilding.management.DefaultTeamBuildingManager, class org.waldreg.teambuilding.teambuilding.management.teamcreator.TeamCreator}', contextInitializerClasses = '[]', activeProfiles = '{}', propertySourceLocations = '{}', propertySourceProperties = '{}', contextCustomizers = set[org.springframework.boot.test.autoconfigure.actuate.metrics.MetricsExportContextCustomizerFactory$DisableMetricExportContextCustomizer@1efe439d, org.springframework.boot.test.autoconfigure.properties.PropertyMappingContextCustomizer@0, org.springframework.boot.test.autoconfigure.web.servlet.WebDriverContextCustomizerFactory$Customizer@51fadaff, org.springframework.boot.test.context.filter.ExcludeFilterContextCustomizer@67d18ed7, org.springframework.boot.test.json.DuplicateJsonObjectContextCustomizerFactory$DuplicateJsonObjectContextCustomizer@7a67e3c6, org.springframework.boot.test.mock.mockito.MockitoContextCustomizer@35ad4949], contextLoader = 'org.springframework.test.context.support.DelegatingSmartContextLoader', parent = [null]]]
23:51:44.955 [Test worker] DEBUG org.springframework.test.context.cache - Spring test ApplicationContext cache statistics: [DefaultContextCache@7c447c76 size = 2, maxSize = 32, parentContextCount = 0, hitCount = 230, missCount = 2]
23:51:44.955 [Test worker] DEBUG org.springframework.test.context.support.AbstractDirtiesContextTestExecutionListener - Before test method: context [DefaultTestContext@5c1f6d57 testClass = TeamBuildingServiceTest, testInstance = org.waldreg.teambuilding.TeamBuildingServiceTest@102efc59, testMethod = CREATE_NEW_TEAM_BUILDING_FAIL_CAUSE_TEAM_COUNT_LESS_THAN_OR_EQUAL_TO_ZERO_TEST@TeamBuildingServiceTest, testException = [null], mergedContextConfiguration = [MergedContextConfiguration@f288c14 testClass = TeamBuildingServiceTest, locations = '{}', classes = '{class org.waldreg.teambuilding.teambuilding.management.DefaultTeamBuildingManager, class org.waldreg.teambuilding.teambuilding.management.teamcreator.TeamCreator}', contextInitializerClasses = '[]', activeProfiles = '{}', propertySourceLocations = '{}', propertySourceProperties = '{}', contextCustomizers = set[org.springframework.boot.test.autoconfigure.actuate.metrics.MetricsExportContextCustomizerFactory$DisableMetricExportContextCustomizer@1efe439d, org.springframework.boot.test.autoconfigure.properties.PropertyMappingContextCustomizer@0, org.springframework.boot.test.autoconfigure.web.servlet.WebDriverContextCustomizerFactory$Customizer@51fadaff, org.springframework.boot.test.context.filter.ExcludeFilterContextCustomizer@67d18ed7, org.springframework.boot.test.json.DuplicateJsonObjectContextCustomizerFactory$DuplicateJsonObjectContextCustomizer@7a67e3c6, org.springframework.boot.test.mock.mockito.MockitoContextCustomizer@35ad4949], contextLoader = 'org.springframework.test.context.support.DelegatingSmartContextLoader', parent = [null]], attributes = map['org.springframework.test.context.event.ApplicationEventsTestExecutionListener.recordApplicationEvents' -> false]], class annotated with @DirtiesContext [false] with mode [null], method annotated with @DirtiesContext [false] with mode [null].
23:51:44.955 [Test worker] DEBUG org.springframework.test.context.cache.DefaultCacheAwareContextLoaderDelegate - Retrieved ApplicationContext [2078741622] from cache with key [[MergedContextConfiguration@f288c14 testClass = TeamBuildingServiceTest, locations = '{}', classes = '{class org.waldreg.teambuilding.teambuilding.management.DefaultTeamBuildingManager, class org.waldreg.teambuilding.teambuilding.management.teamcreator.TeamCreator}', contextInitializerClasses = '[]', activeProfiles = '{}', propertySourceLocations = '{}', propertySourceProperties = '{}', contextCustomizers = set[org.springframework.boot.test.autoconfigure.actuate.metrics.MetricsExportContextCustomizerFactory$DisableMetricExportContextCustomizer@1efe439d, org.springframework.boot.test.autoconfigure.properties.PropertyMappingContextCustomizer@0, org.springframework.boot.test.autoconfigure.web.servlet.WebDriverContextCustomizerFactory$Customizer@51fadaff, org.springframework.boot.test.context.filter.ExcludeFilterContextCustomizer@67d18ed7, org.springframework.boot.test.json.DuplicateJsonObjectContextCustomizerFactory$DuplicateJsonObjectContextCustomizer@7a67e3c6, org.springframework.boot.test.mock.mockito.MockitoContextCustomizer@35ad4949], contextLoader = 'org.springframework.test.context.support.DelegatingSmartContextLoader', parent = [null]]]
23:51:44.955 [Test worker] DEBUG org.springframework.test.context.cache - Spring test ApplicationContext cache statistics: [DefaultContextCache@7c447c76 size = 2, maxSize = 32, parentContextCount = 0, hitCount = 231, missCount = 2]
23:51:44.955 [Test worker] DEBUG org.springframework.test.context.cache.DefaultCacheAwareContextLoaderDelegate - Retrieved ApplicationContext [2078741622] from cache with key [[MergedContextConfiguration@f288c14 testClass = TeamBuildingServiceTest, locations = '{}', classes = '{class org.waldreg.teambuilding.teambuilding.management.DefaultTeamBuildingManager, class org.waldreg.teambuilding.teambuilding.management.teamcreator.TeamCreator}', contextInitializerClasses = '[]', activeProfiles = '{}', propertySourceLocations = '{}', propertySourceProperties = '{}', contextCustomizers = set[org.springframework.boot.test.autoconfigure.actuate.metrics.MetricsExportContextCustomizerFactory$DisableMetricExportContextCustomizer@1efe439d, org.springframework.boot.test.autoconfigure.properties.PropertyMappingContextCustomizer@0, org.springframework.boot.test.autoconfigure.web.servlet.WebDriverContextCustomizerFactory$Customizer@51fadaff, org.springframework.boot.test.context.filter.ExcludeFilterContextCustomizer@67d18ed7, org.springframework.boot.test.json.DuplicateJsonObjectContextCustomizerFactory$DuplicateJsonObjectContextCustomizer@7a67e3c6, org.springframework.boot.test.mock.mockito.MockitoContextCustomizer@35ad4949], contextLoader = 'org.springframework.test.context.support.DelegatingSmartContextLoader', parent = [null]]]
23:51:44.955 [Test worker] DEBUG org.springframework.test.context.cache - Spring test ApplicationContext cache statistics: [DefaultContextCache@7c447c76 size = 2, maxSize = 32, parentContextCount = 0, hitCount = 232, missCount = 2]
23:51:44.955 [Test worker] DEBUG org.springframework.test.context.cache.DefaultCacheAwareContextLoaderDelegate - Retrieved ApplicationContext [2078741622] from cache with key [[MergedContextConfiguration@f288c14 testClass = TeamBuildingServiceTest, locations = '{}', classes = '{class org.waldreg.teambuilding.teambuilding.management.DefaultTeamBuildingManager, class org.waldreg.teambuilding.teambuilding.management.teamcreator.TeamCreator}', contextInitializerClasses = '[]', activeProfiles = '{}', propertySourceLocations = '{}', propertySourceProperties = '{}', contextCustomizers = set[org.springframework.boot.test.autoconfigure.actuate.metrics.MetricsExportContextCustomizerFactory$DisableMetricExportContextCustomizer@1efe439d, org.springframework.boot.test.autoconfigure.properties.PropertyMappingContextCustomizer@0, org.springframework.boot.test.autoconfigure.web.servlet.WebDriverContextCustomizerFactory$Customizer@51fadaff, org.springframework.boot.test.context.filter.ExcludeFilterContextCustomizer@67d18ed7, org.springframework.boot.test.json.DuplicateJsonObjectContextCustomizerFactory$DuplicateJsonObjectContextCustomizer@7a67e3c6, org.springframework.boot.test.mock.mockito.MockitoContextCustomizer@35ad4949], contextLoader = 'org.springframework.test.context.support.DelegatingSmartContextLoader', parent = [null]]]
23:51:44.955 [Test worker] DEBUG org.springframework.test.context.cache - Spring test ApplicationContext cache statistics: [DefaultContextCache@7c447c76 size = 2, maxSize = 32, parentContextCount = 0, hitCount = 233, missCount = 2]
23:51:44.956 [Test worker] DEBUG org.springframework.test.context.cache.DefaultCacheAwareContextLoaderDelegate - Retrieved ApplicationContext [2078741622] from cache with key [[MergedContextConfiguration@f288c14 testClass = TeamBuildingServiceTest, locations = '{}', classes = '{class org.waldreg.teambuilding.teambuilding.management.DefaultTeamBuildingManager, class org.waldreg.teambuilding.teambuilding.management.teamcreator.TeamCreator}', contextInitializerClasses = '[]', activeProfiles = '{}', propertySourceLocations = '{}', propertySourceProperties = '{}', contextCustomizers = set[org.springframework.boot.test.autoconfigure.actuate.metrics.MetricsExportContextCustomizerFactory$DisableMetricExportContextCustomizer@1efe439d, org.springframework.boot.test.autoconfigure.properties.PropertyMappingContextCustomizer@0, org.springframework.boot.test.autoconfigure.web.servlet.WebDriverContextCustomizerFactory$Customizer@51fadaff, org.springframework.boot.test.context.filter.ExcludeFilterContextCustomizer@67d18ed7, org.springframework.boot.test.json.DuplicateJsonObjectContextCustomizerFactory$DuplicateJsonObjectContextCustomizer@7a67e3c6, org.springframework.boot.test.mock.mockito.MockitoContextCustomizer@35ad4949], contextLoader = 'org.springframework.test.context.support.DelegatingSmartContextLoader', parent = [null]]]
23:51:44.956 [Test worker] DEBUG org.springframework.test.context.cache - Spring test ApplicationContext cache statistics: [DefaultContextCache@7c447c76 size = 2, maxSize = 32, parentContextCount = 0, hitCount = 234, missCount = 2]
23:51:44.956 [Test worker] DEBUG org.springframework.test.context.cache.DefaultCacheAwareContextLoaderDelegate - Retrieved ApplicationContext [2078741622] from cache with key [[MergedContextConfiguration@f288c14 testClass = TeamBuildingServiceTest, locations = '{}', classes = '{class org.waldreg.teambuilding.teambuilding.management.DefaultTeamBuildingManager, class org.waldreg.teambuilding.teambuilding.management.teamcreator.TeamCreator}', contextInitializerClasses = '[]', activeProfiles = '{}', propertySourceLocations = '{}', propertySourceProperties = '{}', contextCustomizers = set[org.springframework.boot.test.autoconfigure.actuate.metrics.MetricsExportContextCustomizerFactory$DisableMetricExportContextCustomizer@1efe439d, org.springframework.boot.test.autoconfigure.properties.PropertyMappingContextCustomizer@0, org.springframework.boot.test.autoconfigure.web.servlet.WebDriverContextCustomizerFactory$Customizer@51fadaff, org.springframework.boot.test.context.filter.ExcludeFilterContextCustomizer@67d18ed7, org.springframework.boot.test.json.DuplicateJsonObjectContextCustomizerFactory$DuplicateJsonObjectContextCustomizer@7a67e3c6, org.springframework.boot.test.mock.mockito.MockitoContextCustomizer@35ad4949], contextLoader = 'org.springframework.test.context.support.DelegatingSmartContextLoader', parent = [null]]]
23:51:44.956 [Test worker] DEBUG org.springframework.test.context.cache - Spring test ApplicationContext cache statistics: [DefaultContextCache@7c447c76 size = 2, maxSize = 32, parentContextCount = 0, hitCount = 235, missCount = 2]
23:51:44.956 [Test worker] DEBUG org.springframework.test.context.cache.DefaultCacheAwareContextLoaderDelegate - Retrieved ApplicationContext [2078741622] from cache with key [[MergedContextConfiguration@f288c14 testClass = TeamBuildingServiceTest, locations = '{}', classes = '{class org.waldreg.teambuilding.teambuilding.management.DefaultTeamBuildingManager, class org.waldreg.teambuilding.teambuilding.management.teamcreator.TeamCreator}', contextInitializerClasses = '[]', activeProfiles = '{}', propertySourceLocations = '{}', propertySourceProperties = '{}', contextCustomizers = set[org.springframework.boot.test.autoconfigure.actuate.metrics.MetricsExportContextCustomizerFactory$DisableMetricExportContextCustomizer@1efe439d, org.springframework.boot.test.autoconfigure.properties.PropertyMappingContextCustomizer@0, org.springframework.boot.test.autoconfigure.web.servlet.WebDriverContextCustomizerFactory$Customizer@51fadaff, org.springframework.boot.test.context.filter.ExcludeFilterContextCustomizer@67d18ed7, org.springframework.boot.test.json.DuplicateJsonObjectContextCustomizerFactory$DuplicateJsonObjectContextCustomizer@7a67e3c6, org.springframework.boot.test.mock.mockito.MockitoContextCustomizer@35ad4949], contextLoader = 'org.springframework.test.context.support.DelegatingSmartContextLoader', parent = [null]]]
23:51:44.956 [Test worker] DEBUG org.springframework.test.context.cache - Spring test ApplicationContext cache statistics: [DefaultContextCache@7c447c76 size = 2, maxSize = 32, parentContextCount = 0, hitCount = 236, missCount = 2]
23:51:44.956 [Test worker] DEBUG org.springframework.test.context.cache.DefaultCacheAwareContextLoaderDelegate - Retrieved ApplicationContext [2078741622] from cache with key [[MergedContextConfiguration@f288c14 testClass = TeamBuildingServiceTest, locations = '{}', classes = '{class org.waldreg.teambuilding.teambuilding.management.DefaultTeamBuildingManager, class org.waldreg.teambuilding.teambuilding.management.teamcreator.TeamCreator}', contextInitializerClasses = '[]', activeProfiles = '{}', propertySourceLocations = '{}', propertySourceProperties = '{}', contextCustomizers = set[org.springframework.boot.test.autoconfigure.actuate.metrics.MetricsExportContextCustomizerFactory$DisableMetricExportContextCustomizer@1efe439d, org.springframework.boot.test.autoconfigure.properties.PropertyMappingContextCustomizer@0, org.springframework.boot.test.autoconfigure.web.servlet.WebDriverContextCustomizerFactory$Customizer@51fadaff, org.springframework.boot.test.context.filter.ExcludeFilterContextCustomizer@67d18ed7, org.springframework.boot.test.json.DuplicateJsonObjectContextCustomizerFactory$DuplicateJsonObjectContextCustomizer@7a67e3c6, org.springframework.boot.test.mock.mockito.MockitoContextCustomizer@35ad4949], contextLoader = 'org.springframework.test.context.support.DelegatingSmartContextLoader', parent = [null]]]
23:51:44.956 [Test worker] DEBUG org.springframework.test.context.cache - Spring test ApplicationContext cache statistics: [DefaultContextCache@7c447c76 size = 2, maxSize = 32, parentContextCount = 0, hitCount = 237, missCount = 2]
23:51:44.956 [Test worker] DEBUG org.springframework.test.context.cache.DefaultCacheAwareContextLoaderDelegate - Retrieved ApplicationContext [2078741622] from cache with key [[MergedContextConfiguration@f288c14 testClass = TeamBuildingServiceTest, locations = '{}', classes = '{class org.waldreg.teambuilding.teambuilding.management.DefaultTeamBuildingManager, class org.waldreg.teambuilding.teambuilding.management.teamcreator.TeamCreator}', contextInitializerClasses = '[]', activeProfiles = '{}', propertySourceLocations = '{}', propertySourceProperties = '{}', contextCustomizers = set[org.springframework.boot.test.autoconfigure.actuate.metrics.MetricsExportContextCustomizerFactory$DisableMetricExportContextCustomizer@1efe439d, org.springframework.boot.test.autoconfigure.properties.PropertyMappingContextCustomizer@0, org.springframework.boot.test.autoconfigure.web.servlet.WebDriverContextCustomizerFactory$Customizer@51fadaff, org.springframework.boot.test.context.filter.ExcludeFilterContextCustomizer@67d18ed7, org.springframework.boot.test.json.DuplicateJsonObjectContextCustomizerFactory$DuplicateJsonObjectContextCustomizer@7a67e3c6, org.springframework.boot.test.mock.mockito.MockitoContextCustomizer@35ad4949], contextLoader = 'org.springframework.test.context.support.DelegatingSmartContextLoader', parent = [null]]]
23:51:44.956 [Test worker] DEBUG org.springframework.test.context.cache - Spring test ApplicationContext cache statistics: [DefaultContextCache@7c447c76 size = 2, maxSize = 32, parentContextCount = 0, hitCount = 238, missCount = 2]
23:51:44.956 [Test worker] DEBUG org.springframework.test.context.cache.DefaultCacheAwareContextLoaderDelegate - Retrieved ApplicationContext [2078741622] from cache with key [[MergedContextConfiguration@f288c14 testClass = TeamBuildingServiceTest, locations = '{}', classes = '{class org.waldreg.teambuilding.teambuilding.management.DefaultTeamBuildingManager, class org.waldreg.teambuilding.teambuilding.management.teamcreator.TeamCreator}', contextInitializerClasses = '[]', activeProfiles = '{}', propertySourceLocations = '{}', propertySourceProperties = '{}', contextCustomizers = set[org.springframework.boot.test.autoconfigure.actuate.metrics.MetricsExportContextCustomizerFactory$DisableMetricExportContextCustomizer@1efe439d, org.springframework.boot.test.autoconfigure.properties.PropertyMappingContextCustomizer@0, org.springframework.boot.test.autoconfigure.web.servlet.WebDriverContextCustomizerFactory$Customizer@51fadaff, org.springframework.boot.test.context.filter.ExcludeFilterContextCustomizer@67d18ed7, org.springframework.boot.test.json.DuplicateJsonObjectContextCustomizerFactory$DuplicateJsonObjectContextCustomizer@7a67e3c6, org.springframework.boot.test.mock.mockito.MockitoContextCustomizer@35ad4949], contextLoader = 'org.springframework.test.context.support.DelegatingSmartContextLoader', parent = [null]]]
23:51:44.956 [Test worker] DEBUG org.springframework.test.context.cache - Spring test ApplicationContext cache statistics: [DefaultContextCache@7c447c76 size = 2, maxSize = 32, parentContextCount = 0, hitCount = 239, missCount = 2]
23:51:44.956 [Test worker] DEBUG org.springframework.test.context.support.AbstractDirtiesContextTestExecutionListener - After test method: context [DefaultTestContext@5c1f6d57 testClass = TeamBuildingServiceTest, testInstance = org.waldreg.teambuilding.TeamBuildingServiceTest@102efc59, testMethod = CREATE_NEW_TEAM_BUILDING_FAIL_CAUSE_TEAM_COUNT_LESS_THAN_OR_EQUAL_TO_ZERO_TEST@TeamBuildingServiceTest, testException = [null], mergedContextConfiguration = [MergedContextConfiguration@f288c14 testClass = TeamBuildingServiceTest, locations = '{}', classes = '{class org.waldreg.teambuilding.teambuilding.management.DefaultTeamBuildingManager, class org.waldreg.teambuilding.teambuilding.management.teamcreator.TeamCreator}', contextInitializerClasses = '[]', activeProfiles = '{}', propertySourceLocations = '{}', propertySourceProperties = '{}', contextCustomizers = set[org.springframework.boot.test.autoconfigure.actuate.metrics.MetricsExportContextCustomizerFactory$DisableMetricExportContextCustomizer@1efe439d, org.springframework.boot.test.autoconfigure.properties.PropertyMappingContextCustomizer@0, org.springframework.boot.test.autoconfigure.web.servlet.WebDriverContextCustomizerFactory$Customizer@51fadaff, org.springframework.boot.test.context.filter.ExcludeFilterContextCustomizer@67d18ed7, org.springframework.boot.test.json.DuplicateJsonObjectContextCustomizerFactory$DuplicateJsonObjectContextCustomizer@7a67e3c6, org.springframework.boot.test.mock.mockito.MockitoContextCustomizer@35ad4949], contextLoader = 'org.springframework.test.context.support.DelegatingSmartContextLoader', parent = [null]], attributes = map['org.springframework.test.context.event.ApplicationEventsTestExecutionListener.recordApplicationEvents' -> false]], class annotated with @DirtiesContext [false] with mode [null], method annotated with @DirtiesContext [false] with mode [null].
23:51:44.956 [Test worker] DEBUG org.springframework.test.context.cache.DefaultCacheAwareContextLoaderDelegate - Retrieved ApplicationContext [2078741622] from cache with key [[MergedContextConfiguration@f288c14 testClass = TeamBuildingServiceTest, locations = '{}', classes = '{class org.waldreg.teambuilding.teambuilding.management.DefaultTeamBuildingManager, class org.waldreg.teambuilding.teambuilding.management.teamcreator.TeamCreator}', contextInitializerClasses = '[]', activeProfiles = '{}', propertySourceLocations = '{}', propertySourceProperties = '{}', contextCustomizers = set[org.springframework.boot.test.autoconfigure.actuate.metrics.MetricsExportContextCustomizerFactory$DisableMetricExportContextCustomizer@1efe439d, org.springframework.boot.test.autoconfigure.properties.PropertyMappingContextCustomizer@0, org.springframework.boot.test.autoconfigure.web.servlet.WebDriverContextCustomizerFactory$Customizer@51fadaff, org.springframework.boot.test.context.filter.ExcludeFilterContextCustomizer@67d18ed7, org.springframework.boot.test.json.DuplicateJsonObjectContextCustomizerFactory$DuplicateJsonObjectContextCustomizer@7a67e3c6, org.springframework.boot.test.mock.mockito.MockitoContextCustomizer@35ad4949], contextLoader = 'org.springframework.test.context.support.DelegatingSmartContextLoader', parent = [null]]]
23:51:44.956 [Test worker] DEBUG org.springframework.test.context.cache - Spring test ApplicationContext cache statistics: [DefaultContextCache@7c447c76 size = 2, maxSize = 32, parentContextCount = 0, hitCount = 240, missCount = 2]
23:51:44.956 [Test worker] DEBUG org.springframework.test.context.support.DependencyInjectionTestExecutionListener - Performing dependency injection for test context [[DefaultTestContext@5c1f6d57 testClass = TeamBuildingServiceTest, testInstance = org.waldreg.teambuilding.TeamBuildingServiceTest@7a389761, testMethod = [null], testException = [null], mergedContextConfiguration = [MergedContextConfiguration@f288c14 testClass = TeamBuildingServiceTest, locations = '{}', classes = '{class org.waldreg.teambuilding.teambuilding.management.DefaultTeamBuildingManager, class org.waldreg.teambuilding.teambuilding.management.teamcreator.TeamCreator}', contextInitializerClasses = '[]', activeProfiles = '{}', propertySourceLocations = '{}', propertySourceProperties = '{}', contextCustomizers = set[org.springframework.boot.test.autoconfigure.actuate.metrics.MetricsExportContextCustomizerFactory$DisableMetricExportContextCustomizer@1efe439d, org.springframework.boot.test.autoconfigure.properties.PropertyMappingContextCustomizer@0, org.springframework.boot.test.autoconfigure.web.servlet.WebDriverContextCustomizerFactory$Customizer@51fadaff, org.springframework.boot.test.context.filter.ExcludeFilterContextCustomizer@67d18ed7, org.springframework.boot.test.json.DuplicateJsonObjectContextCustomizerFactory$DuplicateJsonObjectContextCustomizer@7a67e3c6, org.springframework.boot.test.mock.mockito.MockitoContextCustomizer@35ad4949], contextLoader = 'org.springframework.test.context.support.DelegatingSmartContextLoader', parent = [null]], attributes = map['org.springframework.test.context.event.ApplicationEventsTestExecutionListener.recordApplicationEvents' -> false]]].
23:51:44.956 [Test worker] DEBUG org.springframework.test.context.cache.DefaultCacheAwareContextLoaderDelegate - Retrieved ApplicationContext [2078741622] from cache with key [[MergedContextConfiguration@f288c14 testClass = TeamBuildingServiceTest, locations = '{}', classes = '{class org.waldreg.teambuilding.teambuilding.management.DefaultTeamBuildingManager, class org.waldreg.teambuilding.teambuilding.management.teamcreator.TeamCreator}', contextInitializerClasses = '[]', activeProfiles = '{}', propertySourceLocations = '{}', propertySourceProperties = '{}', contextCustomizers = set[org.springframework.boot.test.autoconfigure.actuate.metrics.MetricsExportContextCustomizerFactory$DisableMetricExportContextCustomizer@1efe439d, org.springframework.boot.test.autoconfigure.properties.PropertyMappingContextCustomizer@0, org.springframework.boot.test.autoconfigure.web.servlet.WebDriverContextCustomizerFactory$Customizer@51fadaff, org.springframework.boot.test.context.filter.ExcludeFilterContextCustomizer@67d18ed7, org.springframework.boot.test.json.DuplicateJsonObjectContextCustomizerFactory$DuplicateJsonObjectContextCustomizer@7a67e3c6, org.springframework.boot.test.mock.mockito.MockitoContextCustomizer@35ad4949], contextLoader = 'org.springframework.test.context.support.DelegatingSmartContextLoader', parent = [null]]]
23:51:44.956 [Test worker] DEBUG org.springframework.test.context.cache - Spring test ApplicationContext cache statistics: [DefaultContextCache@7c447c76 size = 2, maxSize = 32, parentContextCount = 0, hitCount = 241, missCount = 2]
23:51:44.956 [Test worker] DEBUG org.springframework.test.context.cache.DefaultCacheAwareContextLoaderDelegate - Retrieved ApplicationContext [2078741622] from cache with key [[MergedContextConfiguration@f288c14 testClass = TeamBuildingServiceTest, locations = '{}', classes = '{class org.waldreg.teambuilding.teambuilding.management.DefaultTeamBuildingManager, class org.waldreg.teambuilding.teambuilding.management.teamcreator.TeamCreator}', contextInitializerClasses = '[]', activeProfiles = '{}', propertySourceLocations = '{}', propertySourceProperties = '{}', contextCustomizers = set[org.springframework.boot.test.autoconfigure.actuate.metrics.MetricsExportContextCustomizerFactory$DisableMetricExportContextCustomizer@1efe439d, org.springframework.boot.test.autoconfigure.properties.PropertyMappingContextCustomizer@0, org.springframework.boot.test.autoconfigure.web.servlet.WebDriverContextCustomizerFactory$Customizer@51fadaff, org.springframework.boot.test.context.filter.ExcludeFilterContextCustomizer@67d18ed7, org.springframework.boot.test.json.DuplicateJsonObjectContextCustomizerFactory$DuplicateJsonObjectContextCustomizer@7a67e3c6, org.springframework.boot.test.mock.mockito.MockitoContextCustomizer@35ad4949], contextLoader = 'org.springframework.test.context.support.DelegatingSmartContextLoader', parent = [null]]]
23:51:44.956 [Test worker] DEBUG org.springframework.test.context.cache - Spring test ApplicationContext cache statistics: [DefaultContextCache@7c447c76 size = 2, maxSize = 32, parentContextCount = 0, hitCount = 242, missCount = 2]
23:51:44.957 [Test worker] DEBUG org.springframework.test.context.support.AbstractDirtiesContextTestExecutionListener - Before test method: context [DefaultTestContext@5c1f6d57 testClass = TeamBuildingServiceTest, testInstance = org.waldreg.teambuilding.TeamBuildingServiceTest@7a389761, testMethod = MODIFY_TEAM_BUILDING_FAIL_CAUSE_TEAM_BUILDING_TITLE_OVERFLOW_TEST@TeamBuildingServiceTest, testException = [null], mergedContextConfiguration = [MergedContextConfiguration@f288c14 testClass = TeamBuildingServiceTest, locations = '{}', classes = '{class org.waldreg.teambuilding.teambuilding.management.DefaultTeamBuildingManager, class org.waldreg.teambuilding.teambuilding.management.teamcreator.TeamCreator}', contextInitializerClasses = '[]', activeProfiles = '{}', propertySourceLocations = '{}', propertySourceProperties = '{}', contextCustomizers = set[org.springframework.boot.test.autoconfigure.actuate.metrics.MetricsExportContextCustomizerFactory$DisableMetricExportContextCustomizer@1efe439d, org.springframework.boot.test.autoconfigure.properties.PropertyMappingContextCustomizer@0, org.springframework.boot.test.autoconfigure.web.servlet.WebDriverContextCustomizerFactory$Customizer@51fadaff, org.springframework.boot.test.context.filter.ExcludeFilterContextCustomizer@67d18ed7, org.springframework.boot.test.json.DuplicateJsonObjectContextCustomizerFactory$DuplicateJsonObjectContextCustomizer@7a67e3c6, org.springframework.boot.test.mock.mockito.MockitoContextCustomizer@35ad4949], contextLoader = 'org.springframework.test.context.support.DelegatingSmartContextLoader', parent = [null]], attributes = map['org.springframework.test.context.event.ApplicationEventsTestExecutionListener.recordApplicationEvents' -> false]], class annotated with @DirtiesContext [false] with mode [null], method annotated with @DirtiesContext [false] with mode [null].
23:51:44.957 [Test worker] DEBUG org.springframework.test.context.cache.DefaultCacheAwareContextLoaderDelegate - Retrieved ApplicationContext [2078741622] from cache with key [[MergedContextConfiguration@f288c14 testClass = TeamBuildingServiceTest, locations = '{}', classes = '{class org.waldreg.teambuilding.teambuilding.management.DefaultTeamBuildingManager, class org.waldreg.teambuilding.teambuilding.management.teamcreator.TeamCreator}', contextInitializerClasses = '[]', activeProfiles = '{}', propertySourceLocations = '{}', propertySourceProperties = '{}', contextCustomizers = set[org.springframework.boot.test.autoconfigure.actuate.metrics.MetricsExportContextCustomizerFactory$DisableMetricExportContextCustomizer@1efe439d, org.springframework.boot.test.autoconfigure.properties.PropertyMappingContextCustomizer@0, org.springframework.boot.test.autoconfigure.web.servlet.WebDriverContextCustomizerFactory$Customizer@51fadaff, org.springframework.boot.test.context.filter.ExcludeFilterContextCustomizer@67d18ed7, org.springframework.boot.test.json.DuplicateJsonObjectContextCustomizerFactory$DuplicateJsonObjectContextCustomizer@7a67e3c6, org.springframework.boot.test.mock.mockito.MockitoContextCustomizer@35ad4949], contextLoader = 'org.springframework.test.context.support.DelegatingSmartContextLoader', parent = [null]]]
23:51:44.957 [Test worker] DEBUG org.springframework.test.context.cache - Spring test ApplicationContext cache statistics: [DefaultContextCache@7c447c76 size = 2, maxSize = 32, parentContextCount = 0, hitCount = 243, missCount = 2]
23:51:44.957 [Test worker] DEBUG org.springframework.test.context.cache.DefaultCacheAwareContextLoaderDelegate - Retrieved ApplicationContext [2078741622] from cache with key [[MergedContextConfiguration@f288c14 testClass = TeamBuildingServiceTest, locations = '{}', classes = '{class org.waldreg.teambuilding.teambuilding.management.DefaultTeamBuildingManager, class org.waldreg.teambuilding.teambuilding.management.teamcreator.TeamCreator}', contextInitializerClasses = '[]', activeProfiles = '{}', propertySourceLocations = '{}', propertySourceProperties = '{}', contextCustomizers = set[org.springframework.boot.test.autoconfigure.actuate.metrics.MetricsExportContextCustomizerFactory$DisableMetricExportContextCustomizer@1efe439d, org.springframework.boot.test.autoconfigure.properties.PropertyMappingContextCustomizer@0, org.springframework.boot.test.autoconfigure.web.servlet.WebDriverContextCustomizerFactory$Customizer@51fadaff, org.springframework.boot.test.context.filter.ExcludeFilterContextCustomizer@67d18ed7, org.springframework.boot.test.json.DuplicateJsonObjectContextCustomizerFactory$DuplicateJsonObjectContextCustomizer@7a67e3c6, org.springframework.boot.test.mock.mockito.MockitoContextCustomizer@35ad4949], contextLoader = 'org.springframework.test.context.support.DelegatingSmartContextLoader', parent = [null]]]
23:51:44.957 [Test worker] DEBUG org.springframework.test.context.cache - Spring test ApplicationContext cache statistics: [DefaultContextCache@7c447c76 size = 2, maxSize = 32, parentContextCount = 0, hitCount = 244, missCount = 2]
23:51:44.957 [Test worker] DEBUG org.springframework.test.context.cache.DefaultCacheAwareContextLoaderDelegate - Retrieved ApplicationContext [2078741622] from cache with key [[MergedContextConfiguration@f288c14 testClass = TeamBuildingServiceTest, locations = '{}', classes = '{class org.waldreg.teambuilding.teambuilding.management.DefaultTeamBuildingManager, class org.waldreg.teambuilding.teambuilding.management.teamcreator.TeamCreator}', contextInitializerClasses = '[]', activeProfiles = '{}', propertySourceLocations = '{}', propertySourceProperties = '{}', contextCustomizers = set[org.springframework.boot.test.autoconfigure.actuate.metrics.MetricsExportContextCustomizerFactory$DisableMetricExportContextCustomizer@1efe439d, org.springframework.boot.test.autoconfigure.properties.PropertyMappingContextCustomizer@0, org.springframework.boot.test.autoconfigure.web.servlet.WebDriverContextCustomizerFactory$Customizer@51fadaff, org.springframework.boot.test.context.filter.ExcludeFilterContextCustomizer@67d18ed7, org.springframework.boot.test.json.DuplicateJsonObjectContextCustomizerFactory$DuplicateJsonObjectContextCustomizer@7a67e3c6, org.springframework.boot.test.mock.mockito.MockitoContextCustomizer@35ad4949], contextLoader = 'org.springframework.test.context.support.DelegatingSmartContextLoader', parent = [null]]]
23:51:44.957 [Test worker] DEBUG org.springframework.test.context.cache - Spring test ApplicationContext cache statistics: [DefaultContextCache@7c447c76 size = 2, maxSize = 32, parentContextCount = 0, hitCount = 245, missCount = 2]
23:51:44.958 [Test worker] DEBUG org.springframework.test.context.cache.DefaultCacheAwareContextLoaderDelegate - Retrieved ApplicationContext [2078741622] from cache with key [[MergedContextConfiguration@f288c14 testClass = TeamBuildingServiceTest, locations = '{}', classes = '{class org.waldreg.teambuilding.teambuilding.management.DefaultTeamBuildingManager, class org.waldreg.teambuilding.teambuilding.management.teamcreator.TeamCreator}', contextInitializerClasses = '[]', activeProfiles = '{}', propertySourceLocations = '{}', propertySourceProperties = '{}', contextCustomizers = set[org.springframework.boot.test.autoconfigure.actuate.metrics.MetricsExportContextCustomizerFactory$DisableMetricExportContextCustomizer@1efe439d, org.springframework.boot.test.autoconfigure.properties.PropertyMappingContextCustomizer@0, org.springframework.boot.test.autoconfigure.web.servlet.WebDriverContextCustomizerFactory$Customizer@51fadaff, org.springframework.boot.test.context.filter.ExcludeFilterContextCustomizer@67d18ed7, org.springframework.boot.test.json.DuplicateJsonObjectContextCustomizerFactory$DuplicateJsonObjectContextCustomizer@7a67e3c6, org.springframework.boot.test.mock.mockito.MockitoContextCustomizer@35ad4949], contextLoader = 'org.springframework.test.context.support.DelegatingSmartContextLoader', parent = [null]]]
23:51:44.958 [Test worker] DEBUG org.springframework.test.context.cache - Spring test ApplicationContext cache statistics: [DefaultContextCache@7c447c76 size = 2, maxSize = 32, parentContextCount = 0, hitCount = 246, missCount = 2]
23:51:44.958 [Test worker] DEBUG org.springframework.test.context.cache.DefaultCacheAwareContextLoaderDelegate - Retrieved ApplicationContext [2078741622] from cache with key [[MergedContextConfiguration@f288c14 testClass = TeamBuildingServiceTest, locations = '{}', classes = '{class org.waldreg.teambuilding.teambuilding.management.DefaultTeamBuildingManager, class org.waldreg.teambuilding.teambuilding.management.teamcreator.TeamCreator}', contextInitializerClasses = '[]', activeProfiles = '{}', propertySourceLocations = '{}', propertySourceProperties = '{}', contextCustomizers = set[org.springframework.boot.test.autoconfigure.actuate.metrics.MetricsExportContextCustomizerFactory$DisableMetricExportContextCustomizer@1efe439d, org.springframework.boot.test.autoconfigure.properties.PropertyMappingContextCustomizer@0, org.springframework.boot.test.autoconfigure.web.servlet.WebDriverContextCustomizerFactory$Customizer@51fadaff, org.springframework.boot.test.context.filter.ExcludeFilterContextCustomizer@67d18ed7, org.springframework.boot.test.json.DuplicateJsonObjectContextCustomizerFactory$DuplicateJsonObjectContextCustomizer@7a67e3c6, org.springframework.boot.test.mock.mockito.MockitoContextCustomizer@35ad4949], contextLoader = 'org.springframework.test.context.support.DelegatingSmartContextLoader', parent = [null]]]
23:51:44.958 [Test worker] DEBUG org.springframework.test.context.cache - Spring test ApplicationContext cache statistics: [DefaultContextCache@7c447c76 size = 2, maxSize = 32, parentContextCount = 0, hitCount = 247, missCount = 2]
23:51:44.958 [Test worker] DEBUG org.springframework.test.context.cache.DefaultCacheAwareContextLoaderDelegate - Retrieved ApplicationContext [2078741622] from cache with key [[MergedContextConfiguration@f288c14 testClass = TeamBuildingServiceTest, locations = '{}', classes = '{class org.waldreg.teambuilding.teambuilding.management.DefaultTeamBuildingManager, class org.waldreg.teambuilding.teambuilding.management.teamcreator.TeamCreator}', contextInitializerClasses = '[]', activeProfiles = '{}', propertySourceLocations = '{}', propertySourceProperties = '{}', contextCustomizers = set[org.springframework.boot.test.autoconfigure.actuate.metrics.MetricsExportContextCustomizerFactory$DisableMetricExportContextCustomizer@1efe439d, org.springframework.boot.test.autoconfigure.properties.PropertyMappingContextCustomizer@0, org.springframework.boot.test.autoconfigure.web.servlet.WebDriverContextCustomizerFactory$Customizer@51fadaff, org.springframework.boot.test.context.filter.ExcludeFilterContextCustomizer@67d18ed7, org.springframework.boot.test.json.DuplicateJsonObjectContextCustomizerFactory$DuplicateJsonObjectContextCustomizer@7a67e3c6, org.springframework.boot.test.mock.mockito.MockitoContextCustomizer@35ad4949], contextLoader = 'org.springframework.test.context.support.DelegatingSmartContextLoader', parent = [null]]]
23:51:44.958 [Test worker] DEBUG org.springframework.test.context.cache - Spring test ApplicationContext cache statistics: [DefaultContextCache@7c447c76 size = 2, maxSize = 32, parentContextCount = 0, hitCount = 248, missCount = 2]
23:51:44.958 [Test worker] DEBUG org.springframework.test.context.cache.DefaultCacheAwareContextLoaderDelegate - Retrieved ApplicationContext [2078741622] from cache with key [[MergedContextConfiguration@f288c14 testClass = TeamBuildingServiceTest, locations = '{}', classes = '{class org.waldreg.teambuilding.teambuilding.management.DefaultTeamBuildingManager, class org.waldreg.teambuilding.teambuilding.management.teamcreator.TeamCreator}', contextInitializerClasses = '[]', activeProfiles = '{}', propertySourceLocations = '{}', propertySourceProperties = '{}', contextCustomizers = set[org.springframework.boot.test.autoconfigure.actuate.metrics.MetricsExportContextCustomizerFactory$DisableMetricExportContextCustomizer@1efe439d, org.springframework.boot.test.autoconfigure.properties.PropertyMappingContextCustomizer@0, org.springframework.boot.test.autoconfigure.web.servlet.WebDriverContextCustomizerFactory$Customizer@51fadaff, org.springframework.boot.test.context.filter.ExcludeFilterContextCustomizer@67d18ed7, org.springframework.boot.test.json.DuplicateJsonObjectContextCustomizerFactory$DuplicateJsonObjectContextCustomizer@7a67e3c6, org.springframework.boot.test.mock.mockito.MockitoContextCustomizer@35ad4949], contextLoader = 'org.springframework.test.context.support.DelegatingSmartContextLoader', parent = [null]]]
23:51:44.958 [Test worker] DEBUG org.springframework.test.context.cache - Spring test ApplicationContext cache statistics: [DefaultContextCache@7c447c76 size = 2, maxSize = 32, parentContextCount = 0, hitCount = 249, missCount = 2]
23:51:44.958 [Test worker] DEBUG org.springframework.test.context.cache.DefaultCacheAwareContextLoaderDelegate - Retrieved ApplicationContext [2078741622] from cache with key [[MergedContextConfiguration@f288c14 testClass = TeamBuildingServiceTest, locations = '{}', classes = '{class org.waldreg.teambuilding.teambuilding.management.DefaultTeamBuildingManager, class org.waldreg.teambuilding.teambuilding.management.teamcreator.TeamCreator}', contextInitializerClasses = '[]', activeProfiles = '{}', propertySourceLocations = '{}', propertySourceProperties = '{}', contextCustomizers = set[org.springframework.boot.test.autoconfigure.actuate.metrics.MetricsExportContextCustomizerFactory$DisableMetricExportContextCustomizer@1efe439d, org.springframework.boot.test.autoconfigure.properties.PropertyMappingContextCustomizer@0, org.springframework.boot.test.autoconfigure.web.servlet.WebDriverContextCustomizerFactory$Customizer@51fadaff, org.springframework.boot.test.context.filter.ExcludeFilterContextCustomizer@67d18ed7, org.springframework.boot.test.json.DuplicateJsonObjectContextCustomizerFactory$DuplicateJsonObjectContextCustomizer@7a67e3c6, org.springframework.boot.test.mock.mockito.MockitoContextCustomizer@35ad4949], contextLoader = 'org.springframework.test.context.support.DelegatingSmartContextLoader', parent = [null]]]
23:51:44.958 [Test worker] DEBUG org.springframework.test.context.cache - Spring test ApplicationContext cache statistics: [DefaultContextCache@7c447c76 size = 2, maxSize = 32, parentContextCount = 0, hitCount = 250, missCount = 2]
23:51:44.958 [Test worker] DEBUG org.springframework.test.context.cache.DefaultCacheAwareContextLoaderDelegate - Retrieved ApplicationContext [2078741622] from cache with key [[MergedContextConfiguration@f288c14 testClass = TeamBuildingServiceTest, locations = '{}', classes = '{class org.waldreg.teambuilding.teambuilding.management.DefaultTeamBuildingManager, class org.waldreg.teambuilding.teambuilding.management.teamcreator.TeamCreator}', contextInitializerClasses = '[]', activeProfiles = '{}', propertySourceLocations = '{}', propertySourceProperties = '{}', contextCustomizers = set[org.springframework.boot.test.autoconfigure.actuate.metrics.MetricsExportContextCustomizerFactory$DisableMetricExportContextCustomizer@1efe439d, org.springframework.boot.test.autoconfigure.properties.PropertyMappingContextCustomizer@0, org.springframework.boot.test.autoconfigure.web.servlet.WebDriverContextCustomizerFactory$Customizer@51fadaff, org.springframework.boot.test.context.filter.ExcludeFilterContextCustomizer@67d18ed7, org.springframework.boot.test.json.DuplicateJsonObjectContextCustomizerFactory$DuplicateJsonObjectContextCustomizer@7a67e3c6, org.springframework.boot.test.mock.mockito.MockitoContextCustomizer@35ad4949], contextLoader = 'org.springframework.test.context.support.DelegatingSmartContextLoader', parent = [null]]]
23:51:44.958 [Test worker] DEBUG org.springframework.test.context.cache - Spring test ApplicationContext cache statistics: [DefaultContextCache@7c447c76 size = 2, maxSize = 32, parentContextCount = 0, hitCount = 251, missCount = 2]
23:51:44.958 [Test worker] DEBUG org.springframework.test.context.support.AbstractDirtiesContextTestExecutionListener - After test method: context [DefaultTestContext@5c1f6d57 testClass = TeamBuildingServiceTest, testInstance = org.waldreg.teambuilding.TeamBuildingServiceTest@7a389761, testMethod = MODIFY_TEAM_BUILDING_FAIL_CAUSE_TEAM_BUILDING_TITLE_OVERFLOW_TEST@TeamBuildingServiceTest, testException = [null], mergedContextConfiguration = [MergedContextConfiguration@f288c14 testClass = TeamBuildingServiceTest, locations = '{}', classes = '{class org.waldreg.teambuilding.teambuilding.management.DefaultTeamBuildingManager, class org.waldreg.teambuilding.teambuilding.management.teamcreator.TeamCreator}', contextInitializerClasses = '[]', activeProfiles = '{}', propertySourceLocations = '{}', propertySourceProperties = '{}', contextCustomizers = set[org.springframework.boot.test.autoconfigure.actuate.metrics.MetricsExportContextCustomizerFactory$DisableMetricExportContextCustomizer@1efe439d, org.springframework.boot.test.autoconfigure.properties.PropertyMappingContextCustomizer@0, org.springframework.boot.test.autoconfigure.web.servlet.WebDriverContextCustomizerFactory$Customizer@51fadaff, org.springframework.boot.test.context.filter.ExcludeFilterContextCustomizer@67d18ed7, org.springframework.boot.test.json.DuplicateJsonObjectContextCustomizerFactory$DuplicateJsonObjectContextCustomizer@7a67e3c6, org.springframework.boot.test.mock.mockito.MockitoContextCustomizer@35ad4949], contextLoader = 'org.springframework.test.context.support.DelegatingSmartContextLoader', parent = [null]], attributes = map['org.springframework.test.context.event.ApplicationEventsTestExecutionListener.recordApplicationEvents' -> false]], class annotated with @DirtiesContext [false] with mode [null], method annotated with @DirtiesContext [false] with mode [null].
23:51:44.958 [Test worker] DEBUG org.springframework.test.context.cache.DefaultCacheAwareContextLoaderDelegate - Retrieved ApplicationContext [2078741622] from cache with key [[MergedContextConfiguration@f288c14 testClass = TeamBuildingServiceTest, locations = '{}', classes = '{class org.waldreg.teambuilding.teambuilding.management.DefaultTeamBuildingManager, class org.waldreg.teambuilding.teambuilding.management.teamcreator.TeamCreator}', contextInitializerClasses = '[]', activeProfiles = '{}', propertySourceLocations = '{}', propertySourceProperties = '{}', contextCustomizers = set[org.springframework.boot.test.autoconfigure.actuate.metrics.MetricsExportContextCustomizerFactory$DisableMetricExportContextCustomizer@1efe439d, org.springframework.boot.test.autoconfigure.properties.PropertyMappingContextCustomizer@0, org.springframework.boot.test.autoconfigure.web.servlet.WebDriverContextCustomizerFactory$Customizer@51fadaff, org.springframework.boot.test.context.filter.ExcludeFilterContextCustomizer@67d18ed7, org.springframework.boot.test.json.DuplicateJsonObjectContextCustomizerFactory$DuplicateJsonObjectContextCustomizer@7a67e3c6, org.springframework.boot.test.mock.mockito.MockitoContextCustomizer@35ad4949], contextLoader = 'org.springframework.test.context.support.DelegatingSmartContextLoader', parent = [null]]]
23:51:44.958 [Test worker] DEBUG org.springframework.test.context.cache - Spring test ApplicationContext cache statistics: [DefaultContextCache@7c447c76 size = 2, maxSize = 32, parentContextCount = 0, hitCount = 252, missCount = 2]
23:51:44.958 [Test worker] DEBUG org.springframework.test.context.support.DependencyInjectionTestExecutionListener - Performing dependency injection for test context [[DefaultTestContext@5c1f6d57 testClass = TeamBuildingServiceTest, testInstance = org.waldreg.teambuilding.TeamBuildingServiceTest@19650aa6, testMethod = [null], testException = [null], mergedContextConfiguration = [MergedContextConfiguration@f288c14 testClass = TeamBuildingServiceTest, locations = '{}', classes = '{class org.waldreg.teambuilding.teambuilding.management.DefaultTeamBuildingManager, class org.waldreg.teambuilding.teambuilding.management.teamcreator.TeamCreator}', contextInitializerClasses = '[]', activeProfiles = '{}', propertySourceLocations = '{}', propertySourceProperties = '{}', contextCustomizers = set[org.springframework.boot.test.autoconfigure.actuate.metrics.MetricsExportContextCustomizerFactory$DisableMetricExportContextCustomizer@1efe439d, org.springframework.boot.test.autoconfigure.properties.PropertyMappingContextCustomizer@0, org.springframework.boot.test.autoconfigure.web.servlet.WebDriverContextCustomizerFactory$Customizer@51fadaff, org.springframework.boot.test.context.filter.ExcludeFilterContextCustomizer@67d18ed7, org.springframework.boot.test.json.DuplicateJsonObjectContextCustomizerFactory$DuplicateJsonObjectContextCustomizer@7a67e3c6, org.springframework.boot.test.mock.mockito.MockitoContextCustomizer@35ad4949], contextLoader = 'org.springframework.test.context.support.DelegatingSmartContextLoader', parent = [null]], attributes = map['org.springframework.test.context.event.ApplicationEventsTestExecutionListener.recordApplicationEvents' -> false]]].
23:51:44.958 [Test worker] DEBUG org.springframework.test.context.cache.DefaultCacheAwareContextLoaderDelegate - Retrieved ApplicationContext [2078741622] from cache with key [[MergedContextConfiguration@f288c14 testClass = TeamBuildingServiceTest, locations = '{}', classes = '{class org.waldreg.teambuilding.teambuilding.management.DefaultTeamBuildingManager, class org.waldreg.teambuilding.teambuilding.management.teamcreator.TeamCreator}', contextInitializerClasses = '[]', activeProfiles = '{}', propertySourceLocations = '{}', propertySourceProperties = '{}', contextCustomizers = set[org.springframework.boot.test.autoconfigure.actuate.metrics.MetricsExportContextCustomizerFactory$DisableMetricExportContextCustomizer@1efe439d, org.springframework.boot.test.autoconfigure.properties.PropertyMappingContextCustomizer@0, org.springframework.boot.test.autoconfigure.web.servlet.WebDriverContextCustomizerFactory$Customizer@51fadaff, org.springframework.boot.test.context.filter.ExcludeFilterContextCustomizer@67d18ed7, org.springframework.boot.test.json.DuplicateJsonObjectContextCustomizerFactory$DuplicateJsonObjectContextCustomizer@7a67e3c6, org.springframework.boot.test.mock.mockito.MockitoContextCustomizer@35ad4949], contextLoader = 'org.springframework.test.context.support.DelegatingSmartContextLoader', parent = [null]]]
23:51:44.959 [Test worker] DEBUG org.springframework.test.context.cache - Spring test ApplicationContext cache statistics: [DefaultContextCache@7c447c76 size = 2, maxSize = 32, parentContextCount = 0, hitCount = 253, missCount = 2]
23:51:44.959 [Test worker] DEBUG org.springframework.test.context.cache.DefaultCacheAwareContextLoaderDelegate - Retrieved ApplicationContext [2078741622] from cache with key [[MergedContextConfiguration@f288c14 testClass = TeamBuildingServiceTest, locations = '{}', classes = '{class org.waldreg.teambuilding.teambuilding.management.DefaultTeamBuildingManager, class org.waldreg.teambuilding.teambuilding.management.teamcreator.TeamCreator}', contextInitializerClasses = '[]', activeProfiles = '{}', propertySourceLocations = '{}', propertySourceProperties = '{}', contextCustomizers = set[org.springframework.boot.test.autoconfigure.actuate.metrics.MetricsExportContextCustomizerFactory$DisableMetricExportContextCustomizer@1efe439d, org.springframework.boot.test.autoconfigure.properties.PropertyMappingContextCustomizer@0, org.springframework.boot.test.autoconfigure.web.servlet.WebDriverContextCustomizerFactory$Customizer@51fadaff, org.springframework.boot.test.context.filter.ExcludeFilterContextCustomizer@67d18ed7, org.springframework.boot.test.json.DuplicateJsonObjectContextCustomizerFactory$DuplicateJsonObjectContextCustomizer@7a67e3c6, org.springframework.boot.test.mock.mockito.MockitoContextCustomizer@35ad4949], contextLoader = 'org.springframework.test.context.support.DelegatingSmartContextLoader', parent = [null]]]
23:51:44.959 [Test worker] DEBUG org.springframework.test.context.cache - Spring test ApplicationContext cache statistics: [DefaultContextCache@7c447c76 size = 2, maxSize = 32, parentContextCount = 0, hitCount = 254, missCount = 2]
23:51:44.959 [Test worker] DEBUG org.springframework.test.context.support.AbstractDirtiesContextTestExecutionListener - Before test method: context [DefaultTestContext@5c1f6d57 testClass = TeamBuildingServiceTest, testInstance = org.waldreg.teambuilding.TeamBuildingServiceTest@19650aa6, testMethod = INQUIRY_SPECIFIC_TEAM_BUILDING_FAIL_CAUSE_UNKNOWN_TEAM_BUILDING_ID_TEST@TeamBuildingServiceTest, testException = [null], mergedContextConfiguration = [MergedContextConfiguration@f288c14 testClass = TeamBuildingServiceTest, locations = '{}', classes = '{class org.waldreg.teambuilding.teambuilding.management.DefaultTeamBuildingManager, class org.waldreg.teambuilding.teambuilding.management.teamcreator.TeamCreator}', contextInitializerClasses = '[]', activeProfiles = '{}', propertySourceLocations = '{}', propertySourceProperties = '{}', contextCustomizers = set[org.springframework.boot.test.autoconfigure.actuate.metrics.MetricsExportContextCustomizerFactory$DisableMetricExportContextCustomizer@1efe439d, org.springframework.boot.test.autoconfigure.properties.PropertyMappingContextCustomizer@0, org.springframework.boot.test.autoconfigure.web.servlet.WebDriverContextCustomizerFactory$Customizer@51fadaff, org.springframework.boot.test.context.filter.ExcludeFilterContextCustomizer@67d18ed7, org.springframework.boot.test.json.DuplicateJsonObjectContextCustomizerFactory$DuplicateJsonObjectContextCustomizer@7a67e3c6, org.springframework.boot.test.mock.mockito.MockitoContextCustomizer@35ad4949], contextLoader = 'org.springframework.test.context.support.DelegatingSmartContextLoader', parent = [null]], attributes = map['org.springframework.test.context.event.ApplicationEventsTestExecutionListener.recordApplicationEvents' -> false]], class annotated with @DirtiesContext [false] with mode [null], method annotated with @DirtiesContext [false] with mode [null].
23:51:44.959 [Test worker] DEBUG org.springframework.test.context.cache.DefaultCacheAwareContextLoaderDelegate - Retrieved ApplicationContext [2078741622] from cache with key [[MergedContextConfiguration@f288c14 testClass = TeamBuildingServiceTest, locations = '{}', classes = '{class org.waldreg.teambuilding.teambuilding.management.DefaultTeamBuildingManager, class org.waldreg.teambuilding.teambuilding.management.teamcreator.TeamCreator}', contextInitializerClasses = '[]', activeProfiles = '{}', propertySourceLocations = '{}', propertySourceProperties = '{}', contextCustomizers = set[org.springframework.boot.test.autoconfigure.actuate.metrics.MetricsExportContextCustomizerFactory$DisableMetricExportContextCustomizer@1efe439d, org.springframework.boot.test.autoconfigure.properties.PropertyMappingContextCustomizer@0, org.springframework.boot.test.autoconfigure.web.servlet.WebDriverContextCustomizerFactory$Customizer@51fadaff, org.springframework.boot.test.context.filter.ExcludeFilterContextCustomizer@67d18ed7, org.springframework.boot.test.json.DuplicateJsonObjectContextCustomizerFactory$DuplicateJsonObjectContextCustomizer@7a67e3c6, org.springframework.boot.test.mock.mockito.MockitoContextCustomizer@35ad4949], contextLoader = 'org.springframework.test.context.support.DelegatingSmartContextLoader', parent = [null]]]
23:51:44.959 [Test worker] DEBUG org.springframework.test.context.cache - Spring test ApplicationContext cache statistics: [DefaultContextCache@7c447c76 size = 2, maxSize = 32, parentContextCount = 0, hitCount = 255, missCount = 2]
23:51:44.959 [Test worker] DEBUG org.springframework.test.context.cache.DefaultCacheAwareContextLoaderDelegate - Retrieved ApplicationContext [2078741622] from cache with key [[MergedContextConfiguration@f288c14 testClass = TeamBuildingServiceTest, locations = '{}', classes = '{class org.waldreg.teambuilding.teambuilding.management.DefaultTeamBuildingManager, class org.waldreg.teambuilding.teambuilding.management.teamcreator.TeamCreator}', contextInitializerClasses = '[]', activeProfiles = '{}', propertySourceLocations = '{}', propertySourceProperties = '{}', contextCustomizers = set[org.springframework.boot.test.autoconfigure.actuate.metrics.MetricsExportContextCustomizerFactory$DisableMetricExportContextCustomizer@1efe439d, org.springframework.boot.test.autoconfigure.properties.PropertyMappingContextCustomizer@0, org.springframework.boot.test.autoconfigure.web.servlet.WebDriverContextCustomizerFactory$Customizer@51fadaff, org.springframework.boot.test.context.filter.ExcludeFilterContextCustomizer@67d18ed7, org.springframework.boot.test.json.DuplicateJsonObjectContextCustomizerFactory$DuplicateJsonObjectContextCustomizer@7a67e3c6, org.springframework.boot.test.mock.mockito.MockitoContextCustomizer@35ad4949], contextLoader = 'org.springframework.test.context.support.DelegatingSmartContextLoader', parent = [null]]]
23:51:44.959 [Test worker] DEBUG org.springframework.test.context.cache - Spring test ApplicationContext cache statistics: [DefaultContextCache@7c447c76 size = 2, maxSize = 32, parentContextCount = 0, hitCount = 256, missCount = 2]
23:51:44.959 [Test worker] DEBUG org.springframework.test.context.cache.DefaultCacheAwareContextLoaderDelegate - Retrieved ApplicationContext [2078741622] from cache with key [[MergedContextConfiguration@f288c14 testClass = TeamBuildingServiceTest, locations = '{}', classes = '{class org.waldreg.teambuilding.teambuilding.management.DefaultTeamBuildingManager, class org.waldreg.teambuilding.teambuilding.management.teamcreator.TeamCreator}', contextInitializerClasses = '[]', activeProfiles = '{}', propertySourceLocations = '{}', propertySourceProperties = '{}', contextCustomizers = set[org.springframework.boot.test.autoconfigure.actuate.metrics.MetricsExportContextCustomizerFactory$DisableMetricExportContextCustomizer@1efe439d, org.springframework.boot.test.autoconfigure.properties.PropertyMappingContextCustomizer@0, org.springframework.boot.test.autoconfigure.web.servlet.WebDriverContextCustomizerFactory$Customizer@51fadaff, org.springframework.boot.test.context.filter.ExcludeFilterContextCustomizer@67d18ed7, org.springframework.boot.test.json.DuplicateJsonObjectContextCustomizerFactory$DuplicateJsonObjectContextCustomizer@7a67e3c6, org.springframework.boot.test.mock.mockito.MockitoContextCustomizer@35ad4949], contextLoader = 'org.springframework.test.context.support.DelegatingSmartContextLoader', parent = [null]]]
23:51:44.959 [Test worker] DEBUG org.springframework.test.context.cache - Spring test ApplicationContext cache statistics: [DefaultContextCache@7c447c76 size = 2, maxSize = 32, parentContextCount = 0, hitCount = 257, missCount = 2]
23:51:44.960 [Test worker] DEBUG org.springframework.test.context.cache.DefaultCacheAwareContextLoaderDelegate - Retrieved ApplicationContext [2078741622] from cache with key [[MergedContextConfiguration@f288c14 testClass = TeamBuildingServiceTest, locations = '{}', classes = '{class org.waldreg.teambuilding.teambuilding.management.DefaultTeamBuildingManager, class org.waldreg.teambuilding.teambuilding.management.teamcreator.TeamCreator}', contextInitializerClasses = '[]', activeProfiles = '{}', propertySourceLocations = '{}', propertySourceProperties = '{}', contextCustomizers = set[org.springframework.boot.test.autoconfigure.actuate.metrics.MetricsExportContextCustomizerFactory$DisableMetricExportContextCustomizer@1efe439d, org.springframework.boot.test.autoconfigure.properties.PropertyMappingContextCustomizer@0, org.springframework.boot.test.autoconfigure.web.servlet.WebDriverContextCustomizerFactory$Customizer@51fadaff, org.springframework.boot.test.context.filter.ExcludeFilterContextCustomizer@67d18ed7, org.springframework.boot.test.json.DuplicateJsonObjectContextCustomizerFactory$DuplicateJsonObjectContextCustomizer@7a67e3c6, org.springframework.boot.test.mock.mockito.MockitoContextCustomizer@35ad4949], contextLoader = 'org.springframework.test.context.support.DelegatingSmartContextLoader', parent = [null]]]
23:51:44.960 [Test worker] DEBUG org.springframework.test.context.cache - Spring test ApplicationContext cache statistics: [DefaultContextCache@7c447c76 size = 2, maxSize = 32, parentContextCount = 0, hitCount = 258, missCount = 2]
23:51:44.960 [Test worker] DEBUG org.springframework.test.context.cache.DefaultCacheAwareContextLoaderDelegate - Retrieved ApplicationContext [2078741622] from cache with key [[MergedContextConfiguration@f288c14 testClass = TeamBuildingServiceTest, locations = '{}', classes = '{class org.waldreg.teambuilding.teambuilding.management.DefaultTeamBuildingManager, class org.waldreg.teambuilding.teambuilding.management.teamcreator.TeamCreator}', contextInitializerClasses = '[]', activeProfiles = '{}', propertySourceLocations = '{}', propertySourceProperties = '{}', contextCustomizers = set[org.springframework.boot.test.autoconfigure.actuate.metrics.MetricsExportContextCustomizerFactory$DisableMetricExportContextCustomizer@1efe439d, org.springframework.boot.test.autoconfigure.properties.PropertyMappingContextCustomizer@0, org.springframework.boot.test.autoconfigure.web.servlet.WebDriverContextCustomizerFactory$Customizer@51fadaff, org.springframework.boot.test.context.filter.ExcludeFilterContextCustomizer@67d18ed7, org.springframework.boot.test.json.DuplicateJsonObjectContextCustomizerFactory$DuplicateJsonObjectContextCustomizer@7a67e3c6, org.springframework.boot.test.mock.mockito.MockitoContextCustomizer@35ad4949], contextLoader = 'org.springframework.test.context.support.DelegatingSmartContextLoader', parent = [null]]]
23:51:44.960 [Test worker] DEBUG org.springframework.test.context.cache - Spring test ApplicationContext cache statistics: [DefaultContextCache@7c447c76 size = 2, maxSize = 32, parentContextCount = 0, hitCount = 259, missCount = 2]
23:51:44.960 [Test worker] DEBUG org.springframework.test.context.cache.DefaultCacheAwareContextLoaderDelegate - Retrieved ApplicationContext [2078741622] from cache with key [[MergedContextConfiguration@f288c14 testClass = TeamBuildingServiceTest, locations = '{}', classes = '{class org.waldreg.teambuilding.teambuilding.management.DefaultTeamBuildingManager, class org.waldreg.teambuilding.teambuilding.management.teamcreator.TeamCreator}', contextInitializerClasses = '[]', activeProfiles = '{}', propertySourceLocations = '{}', propertySourceProperties = '{}', contextCustomizers = set[org.springframework.boot.test.autoconfigure.actuate.metrics.MetricsExportContextCustomizerFactory$DisableMetricExportContextCustomizer@1efe439d, org.springframework.boot.test.autoconfigure.properties.PropertyMappingContextCustomizer@0, org.springframework.boot.test.autoconfigure.web.servlet.WebDriverContextCustomizerFactory$Customizer@51fadaff, org.springframework.boot.test.context.filter.ExcludeFilterContextCustomizer@67d18ed7, org.springframework.boot.test.json.DuplicateJsonObjectContextCustomizerFactory$DuplicateJsonObjectContextCustomizer@7a67e3c6, org.springframework.boot.test.mock.mockito.MockitoContextCustomizer@35ad4949], contextLoader = 'org.springframework.test.context.support.DelegatingSmartContextLoader', parent = [null]]]
23:51:44.960 [Test worker] DEBUG org.springframework.test.context.cache - Spring test ApplicationContext cache statistics: [DefaultContextCache@7c447c76 size = 2, maxSize = 32, parentContextCount = 0, hitCount = 260, missCount = 2]
23:51:44.960 [Test worker] DEBUG org.springframework.test.context.cache.DefaultCacheAwareContextLoaderDelegate - Retrieved ApplicationContext [2078741622] from cache with key [[MergedContextConfiguration@f288c14 testClass = TeamBuildingServiceTest, locations = '{}', classes = '{class org.waldreg.teambuilding.teambuilding.management.DefaultTeamBuildingManager, class org.waldreg.teambuilding.teambuilding.management.teamcreator.TeamCreator}', contextInitializerClasses = '[]', activeProfiles = '{}', propertySourceLocations = '{}', propertySourceProperties = '{}', contextCustomizers = set[org.springframework.boot.test.autoconfigure.actuate.metrics.MetricsExportContextCustomizerFactory$DisableMetricExportContextCustomizer@1efe439d, org.springframework.boot.test.autoconfigure.properties.PropertyMappingContextCustomizer@0, org.springframework.boot.test.autoconfigure.web.servlet.WebDriverContextCustomizerFactory$Customizer@51fadaff, org.springframework.boot.test.context.filter.ExcludeFilterContextCustomizer@67d18ed7, org.springframework.boot.test.json.DuplicateJsonObjectContextCustomizerFactory$DuplicateJsonObjectContextCustomizer@7a67e3c6, org.springframework.boot.test.mock.mockito.MockitoContextCustomizer@35ad4949], contextLoader = 'org.springframework.test.context.support.DelegatingSmartContextLoader', parent = [null]]]
23:51:44.960 [Test worker] DEBUG org.springframework.test.context.cache - Spring test ApplicationContext cache statistics: [DefaultContextCache@7c447c76 size = 2, maxSize = 32, parentContextCount = 0, hitCount = 261, missCount = 2]
23:51:44.960 [Test worker] DEBUG org.springframework.test.context.cache.DefaultCacheAwareContextLoaderDelegate - Retrieved ApplicationContext [2078741622] from cache with key [[MergedContextConfiguration@f288c14 testClass = TeamBuildingServiceTest, locations = '{}', classes = '{class org.waldreg.teambuilding.teambuilding.management.DefaultTeamBuildingManager, class org.waldreg.teambuilding.teambuilding.management.teamcreator.TeamCreator}', contextInitializerClasses = '[]', activeProfiles = '{}', propertySourceLocations = '{}', propertySourceProperties = '{}', contextCustomizers = set[org.springframework.boot.test.autoconfigure.actuate.metrics.MetricsExportContextCustomizerFactory$DisableMetricExportContextCustomizer@1efe439d, org.springframework.boot.test.autoconfigure.properties.PropertyMappingContextCustomizer@0, org.springframework.boot.test.autoconfigure.web.servlet.WebDriverContextCustomizerFactory$Customizer@51fadaff, org.springframework.boot.test.context.filter.ExcludeFilterContextCustomizer@67d18ed7, org.springframework.boot.test.json.DuplicateJsonObjectContextCustomizerFactory$DuplicateJsonObjectContextCustomizer@7a67e3c6, org.springframework.boot.test.mock.mockito.MockitoContextCustomizer@35ad4949], contextLoader = 'org.springframework.test.context.support.DelegatingSmartContextLoader', parent = [null]]]
23:51:44.960 [Test worker] DEBUG org.springframework.test.context.cache - Spring test ApplicationContext cache statistics: [DefaultContextCache@7c447c76 size = 2, maxSize = 32, parentContextCount = 0, hitCount = 262, missCount = 2]
23:51:44.960 [Test worker] DEBUG org.springframework.test.context.cache.DefaultCacheAwareContextLoaderDelegate - Retrieved ApplicationContext [2078741622] from cache with key [[MergedContextConfiguration@f288c14 testClass = TeamBuildingServiceTest, locations = '{}', classes = '{class org.waldreg.teambuilding.teambuilding.management.DefaultTeamBuildingManager, class org.waldreg.teambuilding.teambuilding.management.teamcreator.TeamCreator}', contextInitializerClasses = '[]', activeProfiles = '{}', propertySourceLocations = '{}', propertySourceProperties = '{}', contextCustomizers = set[org.springframework.boot.test.autoconfigure.actuate.metrics.MetricsExportContextCustomizerFactory$DisableMetricExportContextCustomizer@1efe439d, org.springframework.boot.test.autoconfigure.properties.PropertyMappingContextCustomizer@0, org.springframework.boot.test.autoconfigure.web.servlet.WebDriverContextCustomizerFactory$Customizer@51fadaff, org.springframework.boot.test.context.filter.ExcludeFilterContextCustomizer@67d18ed7, org.springframework.boot.test.json.DuplicateJsonObjectContextCustomizerFactory$DuplicateJsonObjectContextCustomizer@7a67e3c6, org.springframework.boot.test.mock.mockito.MockitoContextCustomizer@35ad4949], contextLoader = 'org.springframework.test.context.support.DelegatingSmartContextLoader', parent = [null]]]
23:51:44.960 [Test worker] DEBUG org.springframework.test.context.cache - Spring test ApplicationContext cache statistics: [DefaultContextCache@7c447c76 size = 2, maxSize = 32, parentContextCount = 0, hitCount = 263, missCount = 2]
23:51:44.960 [Test worker] DEBUG org.springframework.test.context.support.AbstractDirtiesContextTestExecutionListener - After test method: context [DefaultTestContext@5c1f6d57 testClass = TeamBuildingServiceTest, testInstance = org.waldreg.teambuilding.TeamBuildingServiceTest@19650aa6, testMethod = INQUIRY_SPECIFIC_TEAM_BUILDING_FAIL_CAUSE_UNKNOWN_TEAM_BUILDING_ID_TEST@TeamBuildingServiceTest, testException = [null], mergedContextConfiguration = [MergedContextConfiguration@f288c14 testClass = TeamBuildingServiceTest, locations = '{}', classes = '{class org.waldreg.teambuilding.teambuilding.management.DefaultTeamBuildingManager, class org.waldreg.teambuilding.teambuilding.management.teamcreator.TeamCreator}', contextInitializerClasses = '[]', activeProfiles = '{}', propertySourceLocations = '{}', propertySourceProperties = '{}', contextCustomizers = set[org.springframework.boot.test.autoconfigure.actuate.metrics.MetricsExportContextCustomizerFactory$DisableMetricExportContextCustomizer@1efe439d, org.springframework.boot.test.autoconfigure.properties.PropertyMappingContextCustomizer@0, org.springframework.boot.test.autoconfigure.web.servlet.WebDriverContextCustomizerFactory$Customizer@51fadaff, org.springframework.boot.test.context.filter.ExcludeFilterContextCustomizer@67d18ed7, org.springframework.boot.test.json.DuplicateJsonObjectContextCustomizerFactory$DuplicateJsonObjectContextCustomizer@7a67e3c6, org.springframework.boot.test.mock.mockito.MockitoContextCustomizer@35ad4949], contextLoader = 'org.springframework.test.context.support.DelegatingSmartContextLoader', parent = [null]], attributes = map['org.springframework.test.context.event.ApplicationEventsTestExecutionListener.recordApplicationEvents' -> false]], class annotated with @DirtiesContext [false] with mode [null], method annotated with @DirtiesContext [false] with mode [null].
23:51:44.960 [Test worker] DEBUG org.springframework.test.context.cache.DefaultCacheAwareContextLoaderDelegate - Retrieved ApplicationContext [2078741622] from cache with key [[MergedContextConfiguration@f288c14 testClass = TeamBuildingServiceTest, locations = '{}', classes = '{class org.waldreg.teambuilding.teambuilding.management.DefaultTeamBuildingManager, class org.waldreg.teambuilding.teambuilding.management.teamcreator.TeamCreator}', contextInitializerClasses = '[]', activeProfiles = '{}', propertySourceLocations = '{}', propertySourceProperties = '{}', contextCustomizers = set[org.springframework.boot.test.autoconfigure.actuate.metrics.MetricsExportContextCustomizerFactory$DisableMetricExportContextCustomizer@1efe439d, org.springframework.boot.test.autoconfigure.properties.PropertyMappingContextCustomizer@0, org.springframework.boot.test.autoconfigure.web.servlet.WebDriverContextCustomizerFactory$Customizer@51fadaff, org.springframework.boot.test.context.filter.ExcludeFilterContextCustomizer@67d18ed7, org.springframework.boot.test.json.DuplicateJsonObjectContextCustomizerFactory$DuplicateJsonObjectContextCustomizer@7a67e3c6, org.springframework.boot.test.mock.mockito.MockitoContextCustomizer@35ad4949], contextLoader = 'org.springframework.test.context.support.DelegatingSmartContextLoader', parent = [null]]]
23:51:44.960 [Test worker] DEBUG org.springframework.test.context.cache - Spring test ApplicationContext cache statistics: [DefaultContextCache@7c447c76 size = 2, maxSize = 32, parentContextCount = 0, hitCount = 264, missCount = 2]
23:51:44.960 [Test worker] DEBUG org.springframework.test.context.support.DependencyInjectionTestExecutionListener - Performing dependency injection for test context [[DefaultTestContext@5c1f6d57 testClass = TeamBuildingServiceTest, testInstance = org.waldreg.teambuilding.TeamBuildingServiceTest@2d82408, testMethod = [null], testException = [null], mergedContextConfiguration = [MergedContextConfiguration@f288c14 testClass = TeamBuildingServiceTest, locations = '{}', classes = '{class org.waldreg.teambuilding.teambuilding.management.DefaultTeamBuildingManager, class org.waldreg.teambuilding.teambuilding.management.teamcreator.TeamCreator}', contextInitializerClasses = '[]', activeProfiles = '{}', propertySourceLocations = '{}', propertySourceProperties = '{}', contextCustomizers = set[org.springframework.boot.test.autoconfigure.actuate.metrics.MetricsExportContextCustomizerFactory$DisableMetricExportContextCustomizer@1efe439d, org.springframework.boot.test.autoconfigure.properties.PropertyMappingContextCustomizer@0, org.springframework.boot.test.autoconfigure.web.servlet.WebDriverContextCustomizerFactory$Customizer@51fadaff, org.springframework.boot.test.context.filter.ExcludeFilterContextCustomizer@67d18ed7, org.springframework.boot.test.json.DuplicateJsonObjectContextCustomizerFactory$DuplicateJsonObjectContextCustomizer@7a67e3c6, org.springframework.boot.test.mock.mockito.MockitoContextCustomizer@35ad4949], contextLoader = 'org.springframework.test.context.support.DelegatingSmartContextLoader', parent = [null]], attributes = map['org.springframework.test.context.event.ApplicationEventsTestExecutionListener.recordApplicationEvents' -> false]]].
23:51:44.960 [Test worker] DEBUG org.springframework.test.context.cache.DefaultCacheAwareContextLoaderDelegate - Retrieved ApplicationContext [2078741622] from cache with key [[MergedContextConfiguration@f288c14 testClass = TeamBuildingServiceTest, locations = '{}', classes = '{class org.waldreg.teambuilding.teambuilding.management.DefaultTeamBuildingManager, class org.waldreg.teambuilding.teambuilding.management.teamcreator.TeamCreator}', contextInitializerClasses = '[]', activeProfiles = '{}', propertySourceLocations = '{}', propertySourceProperties = '{}', contextCustomizers = set[org.springframework.boot.test.autoconfigure.actuate.metrics.MetricsExportContextCustomizerFactory$DisableMetricExportContextCustomizer@1efe439d, org.springframework.boot.test.autoconfigure.properties.PropertyMappingContextCustomizer@0, org.springframework.boot.test.autoconfigure.web.servlet.WebDriverContextCustomizerFactory$Customizer@51fadaff, org.springframework.boot.test.context.filter.ExcludeFilterContextCustomizer@67d18ed7, org.springframework.boot.test.json.DuplicateJsonObjectContextCustomizerFactory$DuplicateJsonObjectContextCustomizer@7a67e3c6, org.springframework.boot.test.mock.mockito.MockitoContextCustomizer@35ad4949], contextLoader = 'org.springframework.test.context.support.DelegatingSmartContextLoader', parent = [null]]]
23:51:44.960 [Test worker] DEBUG org.springframework.test.context.cache - Spring test ApplicationContext cache statistics: [DefaultContextCache@7c447c76 size = 2, maxSize = 32, parentContextCount = 0, hitCount = 265, missCount = 2]
23:51:44.960 [Test worker] DEBUG org.springframework.test.context.cache.DefaultCacheAwareContextLoaderDelegate - Retrieved ApplicationContext [2078741622] from cache with key [[MergedContextConfiguration@f288c14 testClass = TeamBuildingServiceTest, locations = '{}', classes = '{class org.waldreg.teambuilding.teambuilding.management.DefaultTeamBuildingManager, class org.waldreg.teambuilding.teambuilding.management.teamcreator.TeamCreator}', contextInitializerClasses = '[]', activeProfiles = '{}', propertySourceLocations = '{}', propertySourceProperties = '{}', contextCustomizers = set[org.springframework.boot.test.autoconfigure.actuate.metrics.MetricsExportContextCustomizerFactory$DisableMetricExportContextCustomizer@1efe439d, org.springframework.boot.test.autoconfigure.properties.PropertyMappingContextCustomizer@0, org.springframework.boot.test.autoconfigure.web.servlet.WebDriverContextCustomizerFactory$Customizer@51fadaff, org.springframework.boot.test.context.filter.ExcludeFilterContextCustomizer@67d18ed7, org.springframework.boot.test.json.DuplicateJsonObjectContextCustomizerFactory$DuplicateJsonObjectContextCustomizer@7a67e3c6, org.springframework.boot.test.mock.mockito.MockitoContextCustomizer@35ad4949], contextLoader = 'org.springframework.test.context.support.DelegatingSmartContextLoader', parent = [null]]]
23:51:44.960 [Test worker] DEBUG org.springframework.test.context.cache - Spring test ApplicationContext cache statistics: [DefaultContextCache@7c447c76 size = 2, maxSize = 32, parentContextCount = 0, hitCount = 266, missCount = 2]
23:51:44.961 [Test worker] DEBUG org.springframework.test.context.support.AbstractDirtiesContextTestExecutionListener - Before test method: context [DefaultTestContext@5c1f6d57 testClass = TeamBuildingServiceTest, testInstance = org.waldreg.teambuilding.TeamBuildingServiceTest@2d82408, testMethod = INQUIRY_ALL_TEAM_BUILDING_SUCCESS_TEST@TeamBuildingServiceTest, testException = [null], mergedContextConfiguration = [MergedContextConfiguration@f288c14 testClass = TeamBuildingServiceTest, locations = '{}', classes = '{class org.waldreg.teambuilding.teambuilding.management.DefaultTeamBuildingManager, class org.waldreg.teambuilding.teambuilding.management.teamcreator.TeamCreator}', contextInitializerClasses = '[]', activeProfiles = '{}', propertySourceLocations = '{}', propertySourceProperties = '{}', contextCustomizers = set[org.springframework.boot.test.autoconfigure.actuate.metrics.MetricsExportContextCustomizerFactory$DisableMetricExportContextCustomizer@1efe439d, org.springframework.boot.test.autoconfigure.properties.PropertyMappingContextCustomizer@0, org.springframework.boot.test.autoconfigure.web.servlet.WebDriverContextCustomizerFactory$Customizer@51fadaff, org.springframework.boot.test.context.filter.ExcludeFilterContextCustomizer@67d18ed7, org.springframework.boot.test.json.DuplicateJsonObjectContextCustomizerFactory$DuplicateJsonObjectContextCustomizer@7a67e3c6, org.springframework.boot.test.mock.mockito.MockitoContextCustomizer@35ad4949], contextLoader = 'org.springframework.test.context.support.DelegatingSmartContextLoader', parent = [null]], attributes = map['org.springframework.test.context.event.ApplicationEventsTestExecutionListener.recordApplicationEvents' -> false]], class annotated with @DirtiesContext [false] with mode [null], method annotated with @DirtiesContext [false] with mode [null].
23:51:44.961 [Test worker] DEBUG org.springframework.test.context.cache.DefaultCacheAwareContextLoaderDelegate - Retrieved ApplicationContext [2078741622] from cache with key [[MergedContextConfiguration@f288c14 testClass = TeamBuildingServiceTest, locations = '{}', classes = '{class org.waldreg.teambuilding.teambuilding.management.DefaultTeamBuildingManager, class org.waldreg.teambuilding.teambuilding.management.teamcreator.TeamCreator}', contextInitializerClasses = '[]', activeProfiles = '{}', propertySourceLocations = '{}', propertySourceProperties = '{}', contextCustomizers = set[org.springframework.boot.test.autoconfigure.actuate.metrics.MetricsExportContextCustomizerFactory$DisableMetricExportContextCustomizer@1efe439d, org.springframework.boot.test.autoconfigure.properties.PropertyMappingContextCustomizer@0, org.springframework.boot.test.autoconfigure.web.servlet.WebDriverContextCustomizerFactory$Customizer@51fadaff, org.springframework.boot.test.context.filter.ExcludeFilterContextCustomizer@67d18ed7, org.springframework.boot.test.json.DuplicateJsonObjectContextCustomizerFactory$DuplicateJsonObjectContextCustomizer@7a67e3c6, org.springframework.boot.test.mock.mockito.MockitoContextCustomizer@35ad4949], contextLoader = 'org.springframework.test.context.support.DelegatingSmartContextLoader', parent = [null]]]
23:51:44.961 [Test worker] DEBUG org.springframework.test.context.cache - Spring test ApplicationContext cache statistics: [DefaultContextCache@7c447c76 size = 2, maxSize = 32, parentContextCount = 0, hitCount = 267, missCount = 2]
23:51:44.961 [Test worker] DEBUG org.springframework.test.context.cache.DefaultCacheAwareContextLoaderDelegate - Retrieved ApplicationContext [2078741622] from cache with key [[MergedContextConfiguration@f288c14 testClass = TeamBuildingServiceTest, locations = '{}', classes = '{class org.waldreg.teambuilding.teambuilding.management.DefaultTeamBuildingManager, class org.waldreg.teambuilding.teambuilding.management.teamcreator.TeamCreator}', contextInitializerClasses = '[]', activeProfiles = '{}', propertySourceLocations = '{}', propertySourceProperties = '{}', contextCustomizers = set[org.springframework.boot.test.autoconfigure.actuate.metrics.MetricsExportContextCustomizerFactory$DisableMetricExportContextCustomizer@1efe439d, org.springframework.boot.test.autoconfigure.properties.PropertyMappingContextCustomizer@0, org.springframework.boot.test.autoconfigure.web.servlet.WebDriverContextCustomizerFactory$Customizer@51fadaff, org.springframework.boot.test.context.filter.ExcludeFilterContextCustomizer@67d18ed7, org.springframework.boot.test.json.DuplicateJsonObjectContextCustomizerFactory$DuplicateJsonObjectContextCustomizer@7a67e3c6, org.springframework.boot.test.mock.mockito.MockitoContextCustomizer@35ad4949], contextLoader = 'org.springframework.test.context.support.DelegatingSmartContextLoader', parent = [null]]]
23:51:44.961 [Test worker] DEBUG org.springframework.test.context.cache - Spring test ApplicationContext cache statistics: [DefaultContextCache@7c447c76 size = 2, maxSize = 32, parentContextCount = 0, hitCount = 268, missCount = 2]
23:51:44.961 [Test worker] DEBUG org.springframework.test.context.cache.DefaultCacheAwareContextLoaderDelegate - Retrieved ApplicationContext [2078741622] from cache with key [[MergedContextConfiguration@f288c14 testClass = TeamBuildingServiceTest, locations = '{}', classes = '{class org.waldreg.teambuilding.teambuilding.management.DefaultTeamBuildingManager, class org.waldreg.teambuilding.teambuilding.management.teamcreator.TeamCreator}', contextInitializerClasses = '[]', activeProfiles = '{}', propertySourceLocations = '{}', propertySourceProperties = '{}', contextCustomizers = set[org.springframework.boot.test.autoconfigure.actuate.metrics.MetricsExportContextCustomizerFactory$DisableMetricExportContextCustomizer@1efe439d, org.springframework.boot.test.autoconfigure.properties.PropertyMappingContextCustomizer@0, org.springframework.boot.test.autoconfigure.web.servlet.WebDriverContextCustomizerFactory$Customizer@51fadaff, org.springframework.boot.test.context.filter.ExcludeFilterContextCustomizer@67d18ed7, org.springframework.boot.test.json.DuplicateJsonObjectContextCustomizerFactory$DuplicateJsonObjectContextCustomizer@7a67e3c6, org.springframework.boot.test.mock.mockito.MockitoContextCustomizer@35ad4949], contextLoader = 'org.springframework.test.context.support.DelegatingSmartContextLoader', parent = [null]]]
23:51:44.961 [Test worker] DEBUG org.springframework.test.context.cache - Spring test ApplicationContext cache statistics: [DefaultContextCache@7c447c76 size = 2, maxSize = 32, parentContextCount = 0, hitCount = 269, missCount = 2]
23:51:44.962 [Test worker] DEBUG org.springframework.test.context.cache.DefaultCacheAwareContextLoaderDelegate - Retrieved ApplicationContext [2078741622] from cache with key [[MergedContextConfiguration@f288c14 testClass = TeamBuildingServiceTest, locations = '{}', classes = '{class org.waldreg.teambuilding.teambuilding.management.DefaultTeamBuildingManager, class org.waldreg.teambuilding.teambuilding.management.teamcreator.TeamCreator}', contextInitializerClasses = '[]', activeProfiles = '{}', propertySourceLocations = '{}', propertySourceProperties = '{}', contextCustomizers = set[org.springframework.boot.test.autoconfigure.actuate.metrics.MetricsExportContextCustomizerFactory$DisableMetricExportContextCustomizer@1efe439d, org.springframework.boot.test.autoconfigure.properties.PropertyMappingContextCustomizer@0, org.springframework.boot.test.autoconfigure.web.servlet.WebDriverContextCustomizerFactory$Customizer@51fadaff, org.springframework.boot.test.context.filter.ExcludeFilterContextCustomizer@67d18ed7, org.springframework.boot.test.json.DuplicateJsonObjectContextCustomizerFactory$DuplicateJsonObjectContextCustomizer@7a67e3c6, org.springframework.boot.test.mock.mockito.MockitoContextCustomizer@35ad4949], contextLoader = 'org.springframework.test.context.support.DelegatingSmartContextLoader', parent = [null]]]
23:51:44.962 [Test worker] DEBUG org.springframework.test.context.cache - Spring test ApplicationContext cache statistics: [DefaultContextCache@7c447c76 size = 2, maxSize = 32, parentContextCount = 0, hitCount = 270, missCount = 2]
23:51:44.962 [Test worker] DEBUG org.springframework.test.context.cache.DefaultCacheAwareContextLoaderDelegate - Retrieved ApplicationContext [2078741622] from cache with key [[MergedContextConfiguration@f288c14 testClass = TeamBuildingServiceTest, locations = '{}', classes = '{class org.waldreg.teambuilding.teambuilding.management.DefaultTeamBuildingManager, class org.waldreg.teambuilding.teambuilding.management.teamcreator.TeamCreator}', contextInitializerClasses = '[]', activeProfiles = '{}', propertySourceLocations = '{}', propertySourceProperties = '{}', contextCustomizers = set[org.springframework.boot.test.autoconfigure.actuate.metrics.MetricsExportContextCustomizerFactory$DisableMetricExportContextCustomizer@1efe439d, org.springframework.boot.test.autoconfigure.properties.PropertyMappingContextCustomizer@0, org.springframework.boot.test.autoconfigure.web.servlet.WebDriverContextCustomizerFactory$Customizer@51fadaff, org.springframework.boot.test.context.filter.ExcludeFilterContextCustomizer@67d18ed7, org.springframework.boot.test.json.DuplicateJsonObjectContextCustomizerFactory$DuplicateJsonObjectContextCustomizer@7a67e3c6, org.springframework.boot.test.mock.mockito.MockitoContextCustomizer@35ad4949], contextLoader = 'org.springframework.test.context.support.DelegatingSmartContextLoader', parent = [null]]]
23:51:44.962 [Test worker] DEBUG org.springframework.test.context.cache - Spring test ApplicationContext cache statistics: [DefaultContextCache@7c447c76 size = 2, maxSize = 32, parentContextCount = 0, hitCount = 271, missCount = 2]
23:51:44.962 [Test worker] DEBUG org.springframework.test.context.cache.DefaultCacheAwareContextLoaderDelegate - Retrieved ApplicationContext [2078741622] from cache with key [[MergedContextConfiguration@f288c14 testClass = TeamBuildingServiceTest, locations = '{}', classes = '{class org.waldreg.teambuilding.teambuilding.management.DefaultTeamBuildingManager, class org.waldreg.teambuilding.teambuilding.management.teamcreator.TeamCreator}', contextInitializerClasses = '[]', activeProfiles = '{}', propertySourceLocations = '{}', propertySourceProperties = '{}', contextCustomizers = set[org.springframework.boot.test.autoconfigure.actuate.metrics.MetricsExportContextCustomizerFactory$DisableMetricExportContextCustomizer@1efe439d, org.springframework.boot.test.autoconfigure.properties.PropertyMappingContextCustomizer@0, org.springframework.boot.test.autoconfigure.web.servlet.WebDriverContextCustomizerFactory$Customizer@51fadaff, org.springframework.boot.test.context.filter.ExcludeFilterContextCustomizer@67d18ed7, org.springframework.boot.test.json.DuplicateJsonObjectContextCustomizerFactory$DuplicateJsonObjectContextCustomizer@7a67e3c6, org.springframework.boot.test.mock.mockito.MockitoContextCustomizer@35ad4949], contextLoader = 'org.springframework.test.context.support.DelegatingSmartContextLoader', parent = [null]]]
23:51:44.962 [Test worker] DEBUG org.springframework.test.context.cache - Spring test ApplicationContext cache statistics: [DefaultContextCache@7c447c76 size = 2, maxSize = 32, parentContextCount = 0, hitCount = 272, missCount = 2]
23:51:44.962 [Test worker] DEBUG org.springframework.test.context.cache.DefaultCacheAwareContextLoaderDelegate - Retrieved ApplicationContext [2078741622] from cache with key [[MergedContextConfiguration@f288c14 testClass = TeamBuildingServiceTest, locations = '{}', classes = '{class org.waldreg.teambuilding.teambuilding.management.DefaultTeamBuildingManager, class org.waldreg.teambuilding.teambuilding.management.teamcreator.TeamCreator}', contextInitializerClasses = '[]', activeProfiles = '{}', propertySourceLocations = '{}', propertySourceProperties = '{}', contextCustomizers = set[org.springframework.boot.test.autoconfigure.actuate.metrics.MetricsExportContextCustomizerFactory$DisableMetricExportContextCustomizer@1efe439d, org.springframework.boot.test.autoconfigure.properties.PropertyMappingContextCustomizer@0, org.springframework.boot.test.autoconfigure.web.servlet.WebDriverContextCustomizerFactory$Customizer@51fadaff, org.springframework.boot.test.context.filter.ExcludeFilterContextCustomizer@67d18ed7, org.springframework.boot.test.json.DuplicateJsonObjectContextCustomizerFactory$DuplicateJsonObjectContextCustomizer@7a67e3c6, org.springframework.boot.test.mock.mockito.MockitoContextCustomizer@35ad4949], contextLoader = 'org.springframework.test.context.support.DelegatingSmartContextLoader', parent = [null]]]
23:51:44.962 [Test worker] DEBUG org.springframework.test.context.cache - Spring test ApplicationContext cache statistics: [DefaultContextCache@7c447c76 size = 2, maxSize = 32, parentContextCount = 0, hitCount = 273, missCount = 2]
23:51:44.962 [Test worker] DEBUG org.springframework.test.context.cache.DefaultCacheAwareContextLoaderDelegate - Retrieved ApplicationContext [2078741622] from cache with key [[MergedContextConfiguration@f288c14 testClass = TeamBuildingServiceTest, locations = '{}', classes = '{class org.waldreg.teambuilding.teambuilding.management.DefaultTeamBuildingManager, class org.waldreg.teambuilding.teambuilding.management.teamcreator.TeamCreator}', contextInitializerClasses = '[]', activeProfiles = '{}', propertySourceLocations = '{}', propertySourceProperties = '{}', contextCustomizers = set[org.springframework.boot.test.autoconfigure.actuate.metrics.MetricsExportContextCustomizerFactory$DisableMetricExportContextCustomizer@1efe439d, org.springframework.boot.test.autoconfigure.properties.PropertyMappingContextCustomizer@0, org.springframework.boot.test.autoconfigure.web.servlet.WebDriverContextCustomizerFactory$Customizer@51fadaff, org.springframework.boot.test.context.filter.ExcludeFilterContextCustomizer@67d18ed7, org.springframework.boot.test.json.DuplicateJsonObjectContextCustomizerFactory$DuplicateJsonObjectContextCustomizer@7a67e3c6, org.springframework.boot.test.mock.mockito.MockitoContextCustomizer@35ad4949], contextLoader = 'org.springframework.test.context.support.DelegatingSmartContextLoader', parent = [null]]]
23:51:44.962 [Test worker] DEBUG org.springframework.test.context.cache - Spring test ApplicationContext cache statistics: [DefaultContextCache@7c447c76 size = 2, maxSize = 32, parentContextCount = 0, hitCount = 274, missCount = 2]
23:51:44.962 [Test worker] DEBUG org.springframework.test.context.cache.DefaultCacheAwareContextLoaderDelegate - Retrieved ApplicationContext [2078741622] from cache with key [[MergedContextConfiguration@f288c14 testClass = TeamBuildingServiceTest, locations = '{}', classes = '{class org.waldreg.teambuilding.teambuilding.management.DefaultTeamBuildingManager, class org.waldreg.teambuilding.teambuilding.management.teamcreator.TeamCreator}', contextInitializerClasses = '[]', activeProfiles = '{}', propertySourceLocations = '{}', propertySourceProperties = '{}', contextCustomizers = set[org.springframework.boot.test.autoconfigure.actuate.metrics.MetricsExportContextCustomizerFactory$DisableMetricExportContextCustomizer@1efe439d, org.springframework.boot.test.autoconfigure.properties.PropertyMappingContextCustomizer@0, org.springframework.boot.test.autoconfigure.web.servlet.WebDriverContextCustomizerFactory$Customizer@51fadaff, org.springframework.boot.test.context.filter.ExcludeFilterContextCustomizer@67d18ed7, org.springframework.boot.test.json.DuplicateJsonObjectContextCustomizerFactory$DuplicateJsonObjectContextCustomizer@7a67e3c6, org.springframework.boot.test.mock.mockito.MockitoContextCustomizer@35ad4949], contextLoader = 'org.springframework.test.context.support.DelegatingSmartContextLoader', parent = [null]]]
23:51:44.962 [Test worker] DEBUG org.springframework.test.context.cache - Spring test ApplicationContext cache statistics: [DefaultContextCache@7c447c76 size = 2, maxSize = 32, parentContextCount = 0, hitCount = 275, missCount = 2]
23:51:44.962 [Test worker] DEBUG org.springframework.test.context.support.AbstractDirtiesContextTestExecutionListener - After test method: context [DefaultTestContext@5c1f6d57 testClass = TeamBuildingServiceTest, testInstance = org.waldreg.teambuilding.TeamBuildingServiceTest@2d82408, testMethod = INQUIRY_ALL_TEAM_BUILDING_SUCCESS_TEST@TeamBuildingServiceTest, testException = [null], mergedContextConfiguration = [MergedContextConfiguration@f288c14 testClass = TeamBuildingServiceTest, locations = '{}', classes = '{class org.waldreg.teambuilding.teambuilding.management.DefaultTeamBuildingManager, class org.waldreg.teambuilding.teambuilding.management.teamcreator.TeamCreator}', contextInitializerClasses = '[]', activeProfiles = '{}', propertySourceLocations = '{}', propertySourceProperties = '{}', contextCustomizers = set[org.springframework.boot.test.autoconfigure.actuate.metrics.MetricsExportContextCustomizerFactory$DisableMetricExportContextCustomizer@1efe439d, org.springframework.boot.test.autoconfigure.properties.PropertyMappingContextCustomizer@0, org.springframework.boot.test.autoconfigure.web.servlet.WebDriverContextCustomizerFactory$Customizer@51fadaff, org.springframework.boot.test.context.filter.ExcludeFilterContextCustomizer@67d18ed7, org.springframework.boot.test.json.DuplicateJsonObjectContextCustomizerFactory$DuplicateJsonObjectContextCustomizer@7a67e3c6, org.springframework.boot.test.mock.mockito.MockitoContextCustomizer@35ad4949], contextLoader = 'org.springframework.test.context.support.DelegatingSmartContextLoader', parent = [null]], attributes = map['org.springframework.test.context.event.ApplicationEventsTestExecutionListener.recordApplicationEvents' -> false]], class annotated with @DirtiesContext [false] with mode [null], method annotated with @DirtiesContext [false] with mode [null].
23:51:44.962 [Test worker] DEBUG org.springframework.test.context.cache.DefaultCacheAwareContextLoaderDelegate - Retrieved ApplicationContext [2078741622] from cache with key [[MergedContextConfiguration@f288c14 testClass = TeamBuildingServiceTest, locations = '{}', classes = '{class org.waldreg.teambuilding.teambuilding.management.DefaultTeamBuildingManager, class org.waldreg.teambuilding.teambuilding.management.teamcreator.TeamCreator}', contextInitializerClasses = '[]', activeProfiles = '{}', propertySourceLocations = '{}', propertySourceProperties = '{}', contextCustomizers = set[org.springframework.boot.test.autoconfigure.actuate.metrics.MetricsExportContextCustomizerFactory$DisableMetricExportContextCustomizer@1efe439d, org.springframework.boot.test.autoconfigure.properties.PropertyMappingContextCustomizer@0, org.springframework.boot.test.autoconfigure.web.servlet.WebDriverContextCustomizerFactory$Customizer@51fadaff, org.springframework.boot.test.context.filter.ExcludeFilterContextCustomizer@67d18ed7, org.springframework.boot.test.json.DuplicateJsonObjectContextCustomizerFactory$DuplicateJsonObjectContextCustomizer@7a67e3c6, org.springframework.boot.test.mock.mockito.MockitoContextCustomizer@35ad4949], contextLoader = 'org.springframework.test.context.support.DelegatingSmartContextLoader', parent = [null]]]
23:51:44.962 [Test worker] DEBUG org.springframework.test.context.cache - Spring test ApplicationContext cache statistics: [DefaultContextCache@7c447c76 size = 2, maxSize = 32, parentContextCount = 0, hitCount = 276, missCount = 2]
23:51:44.962 [Test worker] DEBUG org.springframework.test.context.support.DependencyInjectionTestExecutionListener - Performing dependency injection for test context [[DefaultTestContext@5c1f6d57 testClass = TeamBuildingServiceTest, testInstance = org.waldreg.teambuilding.TeamBuildingServiceTest@7fd8c559, testMethod = [null], testException = [null], mergedContextConfiguration = [MergedContextConfiguration@f288c14 testClass = TeamBuildingServiceTest, locations = '{}', classes = '{class org.waldreg.teambuilding.teambuilding.management.DefaultTeamBuildingManager, class org.waldreg.teambuilding.teambuilding.management.teamcreator.TeamCreator}', contextInitializerClasses = '[]', activeProfiles = '{}', propertySourceLocations = '{}', propertySourceProperties = '{}', contextCustomizers = set[org.springframework.boot.test.autoconfigure.actuate.metrics.MetricsExportContextCustomizerFactory$DisableMetricExportContextCustomizer@1efe439d, org.springframework.boot.test.autoconfigure.properties.PropertyMappingContextCustomizer@0, org.springframework.boot.test.autoconfigure.web.servlet.WebDriverContextCustomizerFactory$Customizer@51fadaff, org.springframework.boot.test.context.filter.ExcludeFilterContextCustomizer@67d18ed7, org.springframework.boot.test.json.DuplicateJsonObjectContextCustomizerFactory$DuplicateJsonObjectContextCustomizer@7a67e3c6, org.springframework.boot.test.mock.mockito.MockitoContextCustomizer@35ad4949], contextLoader = 'org.springframework.test.context.support.DelegatingSmartContextLoader', parent = [null]], attributes = map['org.springframework.test.context.event.ApplicationEventsTestExecutionListener.recordApplicationEvents' -> false]]].
23:51:44.962 [Test worker] DEBUG org.springframework.test.context.cache.DefaultCacheAwareContextLoaderDelegate - Retrieved ApplicationContext [2078741622] from cache with key [[MergedContextConfiguration@f288c14 testClass = TeamBuildingServiceTest, locations = '{}', classes = '{class org.waldreg.teambuilding.teambuilding.management.DefaultTeamBuildingManager, class org.waldreg.teambuilding.teambuilding.management.teamcreator.TeamCreator}', contextInitializerClasses = '[]', activeProfiles = '{}', propertySourceLocations = '{}', propertySourceProperties = '{}', contextCustomizers = set[org.springframework.boot.test.autoconfigure.actuate.metrics.MetricsExportContextCustomizerFactory$DisableMetricExportContextCustomizer@1efe439d, org.springframework.boot.test.autoconfigure.properties.PropertyMappingContextCustomizer@0, org.springframework.boot.test.autoconfigure.web.servlet.WebDriverContextCustomizerFactory$Customizer@51fadaff, org.springframework.boot.test.context.filter.ExcludeFilterContextCustomizer@67d18ed7, org.springframework.boot.test.json.DuplicateJsonObjectContextCustomizerFactory$DuplicateJsonObjectContextCustomizer@7a67e3c6, org.springframework.boot.test.mock.mockito.MockitoContextCustomizer@35ad4949], contextLoader = 'org.springframework.test.context.support.DelegatingSmartContextLoader', parent = [null]]]
23:51:44.962 [Test worker] DEBUG org.springframework.test.context.cache - Spring test ApplicationContext cache statistics: [DefaultContextCache@7c447c76 size = 2, maxSize = 32, parentContextCount = 0, hitCount = 277, missCount = 2]
23:51:44.963 [Test worker] DEBUG org.springframework.test.context.cache.DefaultCacheAwareContextLoaderDelegate - Retrieved ApplicationContext [2078741622] from cache with key [[MergedContextConfiguration@f288c14 testClass = TeamBuildingServiceTest, locations = '{}', classes = '{class org.waldreg.teambuilding.teambuilding.management.DefaultTeamBuildingManager, class org.waldreg.teambuilding.teambuilding.management.teamcreator.TeamCreator}', contextInitializerClasses = '[]', activeProfiles = '{}', propertySourceLocations = '{}', propertySourceProperties = '{}', contextCustomizers = set[org.springframework.boot.test.autoconfigure.actuate.metrics.MetricsExportContextCustomizerFactory$DisableMetricExportContextCustomizer@1efe439d, org.springframework.boot.test.autoconfigure.properties.PropertyMappingContextCustomizer@0, org.springframework.boot.test.autoconfigure.web.servlet.WebDriverContextCustomizerFactory$Customizer@51fadaff, org.springframework.boot.test.context.filter.ExcludeFilterContextCustomizer@67d18ed7, org.springframework.boot.test.json.DuplicateJsonObjectContextCustomizerFactory$DuplicateJsonObjectContextCustomizer@7a67e3c6, org.springframework.boot.test.mock.mockito.MockitoContextCustomizer@35ad4949], contextLoader = 'org.springframework.test.context.support.DelegatingSmartContextLoader', parent = [null]]]
23:51:44.963 [Test worker] DEBUG org.springframework.test.context.cache - Spring test ApplicationContext cache statistics: [DefaultContextCache@7c447c76 size = 2, maxSize = 32, parentContextCount = 0, hitCount = 278, missCount = 2]
23:51:44.963 [Test worker] DEBUG org.springframework.test.context.support.AbstractDirtiesContextTestExecutionListener - Before test method: context [DefaultTestContext@5c1f6d57 testClass = TeamBuildingServiceTest, testInstance = org.waldreg.teambuilding.TeamBuildingServiceTest@7fd8c559, testMethod = INQUIRY_SPECIFIC_TEAM_BUILDING_SUCCESS_TEST@TeamBuildingServiceTest, testException = [null], mergedContextConfiguration = [MergedContextConfiguration@f288c14 testClass = TeamBuildingServiceTest, locations = '{}', classes = '{class org.waldreg.teambuilding.teambuilding.management.DefaultTeamBuildingManager, class org.waldreg.teambuilding.teambuilding.management.teamcreator.TeamCreator}', contextInitializerClasses = '[]', activeProfiles = '{}', propertySourceLocations = '{}', propertySourceProperties = '{}', contextCustomizers = set[org.springframework.boot.test.autoconfigure.actuate.metrics.MetricsExportContextCustomizerFactory$DisableMetricExportContextCustomizer@1efe439d, org.springframework.boot.test.autoconfigure.properties.PropertyMappingContextCustomizer@0, org.springframework.boot.test.autoconfigure.web.servlet.WebDriverContextCustomizerFactory$Customizer@51fadaff, org.springframework.boot.test.context.filter.ExcludeFilterContextCustomizer@67d18ed7, org.springframework.boot.test.json.DuplicateJsonObjectContextCustomizerFactory$DuplicateJsonObjectContextCustomizer@7a67e3c6, org.springframework.boot.test.mock.mockito.MockitoContextCustomizer@35ad4949], contextLoader = 'org.springframework.test.context.support.DelegatingSmartContextLoader', parent = [null]], attributes = map['org.springframework.test.context.event.ApplicationEventsTestExecutionListener.recordApplicationEvents' -> false]], class annotated with @DirtiesContext [false] with mode [null], method annotated with @DirtiesContext [false] with mode [null].
23:51:44.963 [Test worker] DEBUG org.springframework.test.context.cache.DefaultCacheAwareContextLoaderDelegate - Retrieved ApplicationContext [2078741622] from cache with key [[MergedContextConfiguration@f288c14 testClass = TeamBuildingServiceTest, locations = '{}', classes = '{class org.waldreg.teambuilding.teambuilding.management.DefaultTeamBuildingManager, class org.waldreg.teambuilding.teambuilding.management.teamcreator.TeamCreator}', contextInitializerClasses = '[]', activeProfiles = '{}', propertySourceLocations = '{}', propertySourceProperties = '{}', contextCustomizers = set[org.springframework.boot.test.autoconfigure.actuate.metrics.MetricsExportContextCustomizerFactory$DisableMetricExportContextCustomizer@1efe439d, org.springframework.boot.test.autoconfigure.properties.PropertyMappingContextCustomizer@0, org.springframework.boot.test.autoconfigure.web.servlet.WebDriverContextCustomizerFactory$Customizer@51fadaff, org.springframework.boot.test.context.filter.ExcludeFilterContextCustomizer@67d18ed7, org.springframework.boot.test.json.DuplicateJsonObjectContextCustomizerFactory$DuplicateJsonObjectContextCustomizer@7a67e3c6, org.springframework.boot.test.mock.mockito.MockitoContextCustomizer@35ad4949], contextLoader = 'org.springframework.test.context.support.DelegatingSmartContextLoader', parent = [null]]]
23:51:44.963 [Test worker] DEBUG org.springframework.test.context.cache - Spring test ApplicationContext cache statistics: [DefaultContextCache@7c447c76 size = 2, maxSize = 32, parentContextCount = 0, hitCount = 279, missCount = 2]
23:51:44.963 [Test worker] DEBUG org.springframework.test.context.cache.DefaultCacheAwareContextLoaderDelegate - Retrieved ApplicationContext [2078741622] from cache with key [[MergedContextConfiguration@f288c14 testClass = TeamBuildingServiceTest, locations = '{}', classes = '{class org.waldreg.teambuilding.teambuilding.management.DefaultTeamBuildingManager, class org.waldreg.teambuilding.teambuilding.management.teamcreator.TeamCreator}', contextInitializerClasses = '[]', activeProfiles = '{}', propertySourceLocations = '{}', propertySourceProperties = '{}', contextCustomizers = set[org.springframework.boot.test.autoconfigure.actuate.metrics.MetricsExportContextCustomizerFactory$DisableMetricExportContextCustomizer@1efe439d, org.springframework.boot.test.autoconfigure.properties.PropertyMappingContextCustomizer@0, org.springframework.boot.test.autoconfigure.web.servlet.WebDriverContextCustomizerFactory$Customizer@51fadaff, org.springframework.boot.test.context.filter.ExcludeFilterContextCustomizer@67d18ed7, org.springframework.boot.test.json.DuplicateJsonObjectContextCustomizerFactory$DuplicateJsonObjectContextCustomizer@7a67e3c6, org.springframework.boot.test.mock.mockito.MockitoContextCustomizer@35ad4949], contextLoader = 'org.springframework.test.context.support.DelegatingSmartContextLoader', parent = [null]]]
23:51:44.963 [Test worker] DEBUG org.springframework.test.context.cache - Spring test ApplicationContext cache statistics: [DefaultContextCache@7c447c76 size = 2, maxSize = 32, parentContextCount = 0, hitCount = 280, missCount = 2]
23:51:44.963 [Test worker] DEBUG org.springframework.test.context.cache.DefaultCacheAwareContextLoaderDelegate - Retrieved ApplicationContext [2078741622] from cache with key [[MergedContextConfiguration@f288c14 testClass = TeamBuildingServiceTest, locations = '{}', classes = '{class org.waldreg.teambuilding.teambuilding.management.DefaultTeamBuildingManager, class org.waldreg.teambuilding.teambuilding.management.teamcreator.TeamCreator}', contextInitializerClasses = '[]', activeProfiles = '{}', propertySourceLocations = '{}', propertySourceProperties = '{}', contextCustomizers = set[org.springframework.boot.test.autoconfigure.actuate.metrics.MetricsExportContextCustomizerFactory$DisableMetricExportContextCustomizer@1efe439d, org.springframework.boot.test.autoconfigure.properties.PropertyMappingContextCustomizer@0, org.springframework.boot.test.autoconfigure.web.servlet.WebDriverContextCustomizerFactory$Customizer@51fadaff, org.springframework.boot.test.context.filter.ExcludeFilterContextCustomizer@67d18ed7, org.springframework.boot.test.json.DuplicateJsonObjectContextCustomizerFactory$DuplicateJsonObjectContextCustomizer@7a67e3c6, org.springframework.boot.test.mock.mockito.MockitoContextCustomizer@35ad4949], contextLoader = 'org.springframework.test.context.support.DelegatingSmartContextLoader', parent = [null]]]
23:51:44.963 [Test worker] DEBUG org.springframework.test.context.cache - Spring test ApplicationContext cache statistics: [DefaultContextCache@7c447c76 size = 2, maxSize = 32, parentContextCount = 0, hitCount = 281, missCount = 2]
23:51:44.964 [Test worker] DEBUG org.springframework.test.context.cache.DefaultCacheAwareContextLoaderDelegate - Retrieved ApplicationContext [2078741622] from cache with key [[MergedContextConfiguration@f288c14 testClass = TeamBuildingServiceTest, locations = '{}', classes = '{class org.waldreg.teambuilding.teambuilding.management.DefaultTeamBuildingManager, class org.waldreg.teambuilding.teambuilding.management.teamcreator.TeamCreator}', contextInitializerClasses = '[]', activeProfiles = '{}', propertySourceLocations = '{}', propertySourceProperties = '{}', contextCustomizers = set[org.springframework.boot.test.autoconfigure.actuate.metrics.MetricsExportContextCustomizerFactory$DisableMetricExportContextCustomizer@1efe439d, org.springframework.boot.test.autoconfigure.properties.PropertyMappingContextCustomizer@0, org.springframework.boot.test.autoconfigure.web.servlet.WebDriverContextCustomizerFactory$Customizer@51fadaff, org.springframework.boot.test.context.filter.ExcludeFilterContextCustomizer@67d18ed7, org.springframework.boot.test.json.DuplicateJsonObjectContextCustomizerFactory$DuplicateJsonObjectContextCustomizer@7a67e3c6, org.springframework.boot.test.mock.mockito.MockitoContextCustomizer@35ad4949], contextLoader = 'org.springframework.test.context.support.DelegatingSmartContextLoader', parent = [null]]]
23:51:44.964 [Test worker] DEBUG org.springframework.test.context.cache - Spring test ApplicationContext cache statistics: [DefaultContextCache@7c447c76 size = 2, maxSize = 32, parentContextCount = 0, hitCount = 282, missCount = 2]
23:51:44.964 [Test worker] DEBUG org.springframework.test.context.cache.DefaultCacheAwareContextLoaderDelegate - Retrieved ApplicationContext [2078741622] from cache with key [[MergedContextConfiguration@f288c14 testClass = TeamBuildingServiceTest, locations = '{}', classes = '{class org.waldreg.teambuilding.teambuilding.management.DefaultTeamBuildingManager, class org.waldreg.teambuilding.teambuilding.management.teamcreator.TeamCreator}', contextInitializerClasses = '[]', activeProfiles = '{}', propertySourceLocations = '{}', propertySourceProperties = '{}', contextCustomizers = set[org.springframework.boot.test.autoconfigure.actuate.metrics.MetricsExportContextCustomizerFactory$DisableMetricExportContextCustomizer@1efe439d, org.springframework.boot.test.autoconfigure.properties.PropertyMappingContextCustomizer@0, org.springframework.boot.test.autoconfigure.web.servlet.WebDriverContextCustomizerFactory$Customizer@51fadaff, org.springframework.boot.test.context.filter.ExcludeFilterContextCustomizer@67d18ed7, org.springframework.boot.test.json.DuplicateJsonObjectContextCustomizerFactory$DuplicateJsonObjectContextCustomizer@7a67e3c6, org.springframework.boot.test.mock.mockito.MockitoContextCustomizer@35ad4949], contextLoader = 'org.springframework.test.context.support.DelegatingSmartContextLoader', parent = [null]]]
23:51:44.964 [Test worker] DEBUG org.springframework.test.context.cache - Spring test ApplicationContext cache statistics: [DefaultContextCache@7c447c76 size = 2, maxSize = 32, parentContextCount = 0, hitCount = 283, missCount = 2]
23:51:44.964 [Test worker] DEBUG org.springframework.test.context.cache.DefaultCacheAwareContextLoaderDelegate - Retrieved ApplicationContext [2078741622] from cache with key [[MergedContextConfiguration@f288c14 testClass = TeamBuildingServiceTest, locations = '{}', classes = '{class org.waldreg.teambuilding.teambuilding.management.DefaultTeamBuildingManager, class org.waldreg.teambuilding.teambuilding.management.teamcreator.TeamCreator}', contextInitializerClasses = '[]', activeProfiles = '{}', propertySourceLocations = '{}', propertySourceProperties = '{}', contextCustomizers = set[org.springframework.boot.test.autoconfigure.actuate.metrics.MetricsExportContextCustomizerFactory$DisableMetricExportContextCustomizer@1efe439d, org.springframework.boot.test.autoconfigure.properties.PropertyMappingContextCustomizer@0, org.springframework.boot.test.autoconfigure.web.servlet.WebDriverContextCustomizerFactory$Customizer@51fadaff, org.springframework.boot.test.context.filter.ExcludeFilterContextCustomizer@67d18ed7, org.springframework.boot.test.json.DuplicateJsonObjectContextCustomizerFactory$DuplicateJsonObjectContextCustomizer@7a67e3c6, org.springframework.boot.test.mock.mockito.MockitoContextCustomizer@35ad4949], contextLoader = 'org.springframework.test.context.support.DelegatingSmartContextLoader', parent = [null]]]
23:51:44.964 [Test worker] DEBUG org.springframework.test.context.cache - Spring test ApplicationContext cache statistics: [DefaultContextCache@7c447c76 size = 2, maxSize = 32, parentContextCount = 0, hitCount = 284, missCount = 2]
23:51:44.964 [Test worker] DEBUG org.springframework.test.context.cache.DefaultCacheAwareContextLoaderDelegate - Retrieved ApplicationContext [2078741622] from cache with key [[MergedContextConfiguration@f288c14 testClass = TeamBuildingServiceTest, locations = '{}', classes = '{class org.waldreg.teambuilding.teambuilding.management.DefaultTeamBuildingManager, class org.waldreg.teambuilding.teambuilding.management.teamcreator.TeamCreator}', contextInitializerClasses = '[]', activeProfiles = '{}', propertySourceLocations = '{}', propertySourceProperties = '{}', contextCustomizers = set[org.springframework.boot.test.autoconfigure.actuate.metrics.MetricsExportContextCustomizerFactory$DisableMetricExportContextCustomizer@1efe439d, org.springframework.boot.test.autoconfigure.properties.PropertyMappingContextCustomizer@0, org.springframework.boot.test.autoconfigure.web.servlet.WebDriverContextCustomizerFactory$Customizer@51fadaff, org.springframework.boot.test.context.filter.ExcludeFilterContextCustomizer@67d18ed7, org.springframework.boot.test.json.DuplicateJsonObjectContextCustomizerFactory$DuplicateJsonObjectContextCustomizer@7a67e3c6, org.springframework.boot.test.mock.mockito.MockitoContextCustomizer@35ad4949], contextLoader = 'org.springframework.test.context.support.DelegatingSmartContextLoader', parent = [null]]]
23:51:44.964 [Test worker] DEBUG org.springframework.test.context.cache - Spring test ApplicationContext cache statistics: [DefaultContextCache@7c447c76 size = 2, maxSize = 32, parentContextCount = 0, hitCount = 285, missCount = 2]
23:51:44.964 [Test worker] DEBUG org.springframework.test.context.cache.DefaultCacheAwareContextLoaderDelegate - Retrieved ApplicationContext [2078741622] from cache with key [[MergedContextConfiguration@f288c14 testClass = TeamBuildingServiceTest, locations = '{}', classes = '{class org.waldreg.teambuilding.teambuilding.management.DefaultTeamBuildingManager, class org.waldreg.teambuilding.teambuilding.management.teamcreator.TeamCreator}', contextInitializerClasses = '[]', activeProfiles = '{}', propertySourceLocations = '{}', propertySourceProperties = '{}', contextCustomizers = set[org.springframework.boot.test.autoconfigure.actuate.metrics.MetricsExportContextCustomizerFactory$DisableMetricExportContextCustomizer@1efe439d, org.springframework.boot.test.autoconfigure.properties.PropertyMappingContextCustomizer@0, org.springframework.boot.test.autoconfigure.web.servlet.WebDriverContextCustomizerFactory$Customizer@51fadaff, org.springframework.boot.test.context.filter.ExcludeFilterContextCustomizer@67d18ed7, org.springframework.boot.test.json.DuplicateJsonObjectContextCustomizerFactory$DuplicateJsonObjectContextCustomizer@7a67e3c6, org.springframework.boot.test.mock.mockito.MockitoContextCustomizer@35ad4949], contextLoader = 'org.springframework.test.context.support.DelegatingSmartContextLoader', parent = [null]]]
23:51:44.964 [Test worker] DEBUG org.springframework.test.context.cache - Spring test ApplicationContext cache statistics: [DefaultContextCache@7c447c76 size = 2, maxSize = 32, parentContextCount = 0, hitCount = 286, missCount = 2]
23:51:44.964 [Test worker] DEBUG org.springframework.test.context.cache.DefaultCacheAwareContextLoaderDelegate - Retrieved ApplicationContext [2078741622] from cache with key [[MergedContextConfiguration@f288c14 testClass = TeamBuildingServiceTest, locations = '{}', classes = '{class org.waldreg.teambuilding.teambuilding.management.DefaultTeamBuildingManager, class org.waldreg.teambuilding.teambuilding.management.teamcreator.TeamCreator}', contextInitializerClasses = '[]', activeProfiles = '{}', propertySourceLocations = '{}', propertySourceProperties = '{}', contextCustomizers = set[org.springframework.boot.test.autoconfigure.actuate.metrics.MetricsExportContextCustomizerFactory$DisableMetricExportContextCustomizer@1efe439d, org.springframework.boot.test.autoconfigure.properties.PropertyMappingContextCustomizer@0, org.springframework.boot.test.autoconfigure.web.servlet.WebDriverContextCustomizerFactory$Customizer@51fadaff, org.springframework.boot.test.context.filter.ExcludeFilterContextCustomizer@67d18ed7, org.springframework.boot.test.json.DuplicateJsonObjectContextCustomizerFactory$DuplicateJsonObjectContextCustomizer@7a67e3c6, org.springframework.boot.test.mock.mockito.MockitoContextCustomizer@35ad4949], contextLoader = 'org.springframework.test.context.support.DelegatingSmartContextLoader', parent = [null]]]
23:51:44.964 [Test worker] DEBUG org.springframework.test.context.cache - Spring test ApplicationContext cache statistics: [DefaultContextCache@7c447c76 size = 2, maxSize = 32, parentContextCount = 0, hitCount = 287, missCount = 2]
23:51:44.964 [Test worker] DEBUG org.springframework.test.context.support.AbstractDirtiesContextTestExecutionListener - After test method: context [DefaultTestContext@5c1f6d57 testClass = TeamBuildingServiceTest, testInstance = org.waldreg.teambuilding.TeamBuildingServiceTest@7fd8c559, testMethod = INQUIRY_SPECIFIC_TEAM_BUILDING_SUCCESS_TEST@TeamBuildingServiceTest, testException = [null], mergedContextConfiguration = [MergedContextConfiguration@f288c14 testClass = TeamBuildingServiceTest, locations = '{}', classes = '{class org.waldreg.teambuilding.teambuilding.management.DefaultTeamBuildingManager, class org.waldreg.teambuilding.teambuilding.management.teamcreator.TeamCreator}', contextInitializerClasses = '[]', activeProfiles = '{}', propertySourceLocations = '{}', propertySourceProperties = '{}', contextCustomizers = set[org.springframework.boot.test.autoconfigure.actuate.metrics.MetricsExportContextCustomizerFactory$DisableMetricExportContextCustomizer@1efe439d, org.springframework.boot.test.autoconfigure.properties.PropertyMappingContextCustomizer@0, org.springframework.boot.test.autoconfigure.web.servlet.WebDriverContextCustomizerFactory$Customizer@51fadaff, org.springframework.boot.test.context.filter.ExcludeFilterContextCustomizer@67d18ed7, org.springframework.boot.test.json.DuplicateJsonObjectContextCustomizerFactory$DuplicateJsonObjectContextCustomizer@7a67e3c6, org.springframework.boot.test.mock.mockito.MockitoContextCustomizer@35ad4949], contextLoader = 'org.springframework.test.context.support.DelegatingSmartContextLoader', parent = [null]], attributes = map['org.springframework.test.context.event.ApplicationEventsTestExecutionListener.recordApplicationEvents' -> false]], class annotated with @DirtiesContext [false] with mode [null], method annotated with @DirtiesContext [false] with mode [null].
23:51:44.965 [Test worker] DEBUG org.springframework.test.context.cache.DefaultCacheAwareContextLoaderDelegate - Retrieved ApplicationContext [2078741622] from cache with key [[MergedContextConfiguration@f288c14 testClass = TeamBuildingServiceTest, locations = '{}', classes = '{class org.waldreg.teambuilding.teambuilding.management.DefaultTeamBuildingManager, class org.waldreg.teambuilding.teambuilding.management.teamcreator.TeamCreator}', contextInitializerClasses = '[]', activeProfiles = '{}', propertySourceLocations = '{}', propertySourceProperties = '{}', contextCustomizers = set[org.springframework.boot.test.autoconfigure.actuate.metrics.MetricsExportContextCustomizerFactory$DisableMetricExportContextCustomizer@1efe439d, org.springframework.boot.test.autoconfigure.properties.PropertyMappingContextCustomizer@0, org.springframework.boot.test.autoconfigure.web.servlet.WebDriverContextCustomizerFactory$Customizer@51fadaff, org.springframework.boot.test.context.filter.ExcludeFilterContextCustomizer@67d18ed7, org.springframework.boot.test.json.DuplicateJsonObjectContextCustomizerFactory$DuplicateJsonObjectContextCustomizer@7a67e3c6, org.springframework.boot.test.mock.mockito.MockitoContextCustomizer@35ad4949], contextLoader = 'org.springframework.test.context.support.DelegatingSmartContextLoader', parent = [null]]]
23:51:44.965 [Test worker] DEBUG org.springframework.test.context.cache - Spring test ApplicationContext cache statistics: [DefaultContextCache@7c447c76 size = 2, maxSize = 32, parentContextCount = 0, hitCount = 288, missCount = 2]
23:51:44.965 [Test worker] DEBUG org.springframework.test.context.support.DependencyInjectionTestExecutionListener - Performing dependency injection for test context [[DefaultTestContext@5c1f6d57 testClass = TeamBuildingServiceTest, testInstance = org.waldreg.teambuilding.TeamBuildingServiceTest@18acfe88, testMethod = [null], testException = [null], mergedContextConfiguration = [MergedContextConfiguration@f288c14 testClass = TeamBuildingServiceTest, locations = '{}', classes = '{class org.waldreg.teambuilding.teambuilding.management.DefaultTeamBuildingManager, class org.waldreg.teambuilding.teambuilding.management.teamcreator.TeamCreator}', contextInitializerClasses = '[]', activeProfiles = '{}', propertySourceLocations = '{}', propertySourceProperties = '{}', contextCustomizers = set[org.springframework.boot.test.autoconfigure.actuate.metrics.MetricsExportContextCustomizerFactory$DisableMetricExportContextCustomizer@1efe439d, org.springframework.boot.test.autoconfigure.properties.PropertyMappingContextCustomizer@0, org.springframework.boot.test.autoconfigure.web.servlet.WebDriverContextCustomizerFactory$Customizer@51fadaff, org.springframework.boot.test.context.filter.ExcludeFilterContextCustomizer@67d18ed7, org.springframework.boot.test.json.DuplicateJsonObjectContextCustomizerFactory$DuplicateJsonObjectContextCustomizer@7a67e3c6, org.springframework.boot.test.mock.mockito.MockitoContextCustomizer@35ad4949], contextLoader = 'org.springframework.test.context.support.DelegatingSmartContextLoader', parent = [null]], attributes = map['org.springframework.test.context.event.ApplicationEventsTestExecutionListener.recordApplicationEvents' -> false]]].
23:51:44.965 [Test worker] DEBUG org.springframework.test.context.cache.DefaultCacheAwareContextLoaderDelegate - Retrieved ApplicationContext [2078741622] from cache with key [[MergedContextConfiguration@f288c14 testClass = TeamBuildingServiceTest, locations = '{}', classes = '{class org.waldreg.teambuilding.teambuilding.management.DefaultTeamBuildingManager, class org.waldreg.teambuilding.teambuilding.management.teamcreator.TeamCreator}', contextInitializerClasses = '[]', activeProfiles = '{}', propertySourceLocations = '{}', propertySourceProperties = '{}', contextCustomizers = set[org.springframework.boot.test.autoconfigure.actuate.metrics.MetricsExportContextCustomizerFactory$DisableMetricExportContextCustomizer@1efe439d, org.springframework.boot.test.autoconfigure.properties.PropertyMappingContextCustomizer@0, org.springframework.boot.test.autoconfigure.web.servlet.WebDriverContextCustomizerFactory$Customizer@51fadaff, org.springframework.boot.test.context.filter.ExcludeFilterContextCustomizer@67d18ed7, org.springframework.boot.test.json.DuplicateJsonObjectContextCustomizerFactory$DuplicateJsonObjectContextCustomizer@7a67e3c6, org.springframework.boot.test.mock.mockito.MockitoContextCustomizer@35ad4949], contextLoader = 'org.springframework.test.context.support.DelegatingSmartContextLoader', parent = [null]]]
23:51:44.965 [Test worker] DEBUG org.springframework.test.context.cache - Spring test ApplicationContext cache statistics: [DefaultContextCache@7c447c76 size = 2, maxSize = 32, parentContextCount = 0, hitCount = 289, missCount = 2]
23:51:44.965 [Test worker] DEBUG org.springframework.test.context.cache.DefaultCacheAwareContextLoaderDelegate - Retrieved ApplicationContext [2078741622] from cache with key [[MergedContextConfiguration@f288c14 testClass = TeamBuildingServiceTest, locations = '{}', classes = '{class org.waldreg.teambuilding.teambuilding.management.DefaultTeamBuildingManager, class org.waldreg.teambuilding.teambuilding.management.teamcreator.TeamCreator}', contextInitializerClasses = '[]', activeProfiles = '{}', propertySourceLocations = '{}', propertySourceProperties = '{}', contextCustomizers = set[org.springframework.boot.test.autoconfigure.actuate.metrics.MetricsExportContextCustomizerFactory$DisableMetricExportContextCustomizer@1efe439d, org.springframework.boot.test.autoconfigure.properties.PropertyMappingContextCustomizer@0, org.springframework.boot.test.autoconfigure.web.servlet.WebDriverContextCustomizerFactory$Customizer@51fadaff, org.springframework.boot.test.context.filter.ExcludeFilterContextCustomizer@67d18ed7, org.springframework.boot.test.json.DuplicateJsonObjectContextCustomizerFactory$DuplicateJsonObjectContextCustomizer@7a67e3c6, org.springframework.boot.test.mock.mockito.MockitoContextCustomizer@35ad4949], contextLoader = 'org.springframework.test.context.support.DelegatingSmartContextLoader', parent = [null]]]
23:51:44.965 [Test worker] DEBUG org.springframework.test.context.cache - Spring test ApplicationContext cache statistics: [DefaultContextCache@7c447c76 size = 2, maxSize = 32, parentContextCount = 0, hitCount = 290, missCount = 2]
23:51:44.965 [Test worker] DEBUG org.springframework.test.context.support.AbstractDirtiesContextTestExecutionListener - Before test method: context [DefaultTestContext@5c1f6d57 testClass = TeamBuildingServiceTest, testInstance = org.waldreg.teambuilding.TeamBuildingServiceTest@18acfe88, testMethod = CREATE_NEW_TEAM_BUILDING_FAIL_CAUSE_INVALID_USER_WEIGHT_TEST@TeamBuildingServiceTest, testException = [null], mergedContextConfiguration = [MergedContextConfiguration@f288c14 testClass = TeamBuildingServiceTest, locations = '{}', classes = '{class org.waldreg.teambuilding.teambuilding.management.DefaultTeamBuildingManager, class org.waldreg.teambuilding.teambuilding.management.teamcreator.TeamCreator}', contextInitializerClasses = '[]', activeProfiles = '{}', propertySourceLocations = '{}', propertySourceProperties = '{}', contextCustomizers = set[org.springframework.boot.test.autoconfigure.actuate.metrics.MetricsExportContextCustomizerFactory$DisableMetricExportContextCustomizer@1efe439d, org.springframework.boot.test.autoconfigure.properties.PropertyMappingContextCustomizer@0, org.springframework.boot.test.autoconfigure.web.servlet.WebDriverContextCustomizerFactory$Customizer@51fadaff, org.springframework.boot.test.context.filter.ExcludeFilterContextCustomizer@67d18ed7, org.springframework.boot.test.json.DuplicateJsonObjectContextCustomizerFactory$DuplicateJsonObjectContextCustomizer@7a67e3c6, org.springframework.boot.test.mock.mockito.MockitoContextCustomizer@35ad4949], contextLoader = 'org.springframework.test.context.support.DelegatingSmartContextLoader', parent = [null]], attributes = map['org.springframework.test.context.event.ApplicationEventsTestExecutionListener.recordApplicationEvents' -> false]], class annotated with @DirtiesContext [false] with mode [null], method annotated with @DirtiesContext [false] with mode [null].
23:51:44.965 [Test worker] DEBUG org.springframework.test.context.cache.DefaultCacheAwareContextLoaderDelegate - Retrieved ApplicationContext [2078741622] from cache with key [[MergedContextConfiguration@f288c14 testClass = TeamBuildingServiceTest, locations = '{}', classes = '{class org.waldreg.teambuilding.teambuilding.management.DefaultTeamBuildingManager, class org.waldreg.teambuilding.teambuilding.management.teamcreator.TeamCreator}', contextInitializerClasses = '[]', activeProfiles = '{}', propertySourceLocations = '{}', propertySourceProperties = '{}', contextCustomizers = set[org.springframework.boot.test.autoconfigure.actuate.metrics.MetricsExportContextCustomizerFactory$DisableMetricExportContextCustomizer@1efe439d, org.springframework.boot.test.autoconfigure.properties.PropertyMappingContextCustomizer@0, org.springframework.boot.test.autoconfigure.web.servlet.WebDriverContextCustomizerFactory$Customizer@51fadaff, org.springframework.boot.test.context.filter.ExcludeFilterContextCustomizer@67d18ed7, org.springframework.boot.test.json.DuplicateJsonObjectContextCustomizerFactory$DuplicateJsonObjectContextCustomizer@7a67e3c6, org.springframework.boot.test.mock.mockito.MockitoContextCustomizer@35ad4949], contextLoader = 'org.springframework.test.context.support.DelegatingSmartContextLoader', parent = [null]]]
23:51:44.965 [Test worker] DEBUG org.springframework.test.context.cache - Spring test ApplicationContext cache statistics: [DefaultContextCache@7c447c76 size = 2, maxSize = 32, parentContextCount = 0, hitCount = 291, missCount = 2]
23:51:44.965 [Test worker] DEBUG org.springframework.test.context.cache.DefaultCacheAwareContextLoaderDelegate - Retrieved ApplicationContext [2078741622] from cache with key [[MergedContextConfiguration@f288c14 testClass = TeamBuildingServiceTest, locations = '{}', classes = '{class org.waldreg.teambuilding.teambuilding.management.DefaultTeamBuildingManager, class org.waldreg.teambuilding.teambuilding.management.teamcreator.TeamCreator}', contextInitializerClasses = '[]', activeProfiles = '{}', propertySourceLocations = '{}', propertySourceProperties = '{}', contextCustomizers = set[org.springframework.boot.test.autoconfigure.actuate.metrics.MetricsExportContextCustomizerFactory$DisableMetricExportContextCustomizer@1efe439d, org.springframework.boot.test.autoconfigure.properties.PropertyMappingContextCustomizer@0, org.springframework.boot.test.autoconfigure.web.servlet.WebDriverContextCustomizerFactory$Customizer@51fadaff, org.springframework.boot.test.context.filter.ExcludeFilterContextCustomizer@67d18ed7, org.springframework.boot.test.json.DuplicateJsonObjectContextCustomizerFactory$DuplicateJsonObjectContextCustomizer@7a67e3c6, org.springframework.boot.test.mock.mockito.MockitoContextCustomizer@35ad4949], contextLoader = 'org.springframework.test.context.support.DelegatingSmartContextLoader', parent = [null]]]
23:51:44.965 [Test worker] DEBUG org.springframework.test.context.cache - Spring test ApplicationContext cache statistics: [DefaultContextCache@7c447c76 size = 2, maxSize = 32, parentContextCount = 0, hitCount = 292, missCount = 2]
23:51:44.965 [Test worker] DEBUG org.springframework.test.context.cache.DefaultCacheAwareContextLoaderDelegate - Retrieved ApplicationContext [2078741622] from cache with key [[MergedContextConfiguration@f288c14 testClass = TeamBuildingServiceTest, locations = '{}', classes = '{class org.waldreg.teambuilding.teambuilding.management.DefaultTeamBuildingManager, class org.waldreg.teambuilding.teambuilding.management.teamcreator.TeamCreator}', contextInitializerClasses = '[]', activeProfiles = '{}', propertySourceLocations = '{}', propertySourceProperties = '{}', contextCustomizers = set[org.springframework.boot.test.autoconfigure.actuate.metrics.MetricsExportContextCustomizerFactory$DisableMetricExportContextCustomizer@1efe439d, org.springframework.boot.test.autoconfigure.properties.PropertyMappingContextCustomizer@0, org.springframework.boot.test.autoconfigure.web.servlet.WebDriverContextCustomizerFactory$Customizer@51fadaff, org.springframework.boot.test.context.filter.ExcludeFilterContextCustomizer@67d18ed7, org.springframework.boot.test.json.DuplicateJsonObjectContextCustomizerFactory$DuplicateJsonObjectContextCustomizer@7a67e3c6, org.springframework.boot.test.mock.mockito.MockitoContextCustomizer@35ad4949], contextLoader = 'org.springframework.test.context.support.DelegatingSmartContextLoader', parent = [null]]]
23:51:44.965 [Test worker] DEBUG org.springframework.test.context.cache - Spring test ApplicationContext cache statistics: [DefaultContextCache@7c447c76 size = 2, maxSize = 32, parentContextCount = 0, hitCount = 293, missCount = 2]
23:51:44.966 [Test worker] DEBUG org.springframework.test.context.cache.DefaultCacheAwareContextLoaderDelegate - Retrieved ApplicationContext [2078741622] from cache with key [[MergedContextConfiguration@f288c14 testClass = TeamBuildingServiceTest, locations = '{}', classes = '{class org.waldreg.teambuilding.teambuilding.management.DefaultTeamBuildingManager, class org.waldreg.teambuilding.teambuilding.management.teamcreator.TeamCreator}', contextInitializerClasses = '[]', activeProfiles = '{}', propertySourceLocations = '{}', propertySourceProperties = '{}', contextCustomizers = set[org.springframework.boot.test.autoconfigure.actuate.metrics.MetricsExportContextCustomizerFactory$DisableMetricExportContextCustomizer@1efe439d, org.springframework.boot.test.autoconfigure.properties.PropertyMappingContextCustomizer@0, org.springframework.boot.test.autoconfigure.web.servlet.WebDriverContextCustomizerFactory$Customizer@51fadaff, org.springframework.boot.test.context.filter.ExcludeFilterContextCustomizer@67d18ed7, org.springframework.boot.test.json.DuplicateJsonObjectContextCustomizerFactory$DuplicateJsonObjectContextCustomizer@7a67e3c6, org.springframework.boot.test.mock.mockito.MockitoContextCustomizer@35ad4949], contextLoader = 'org.springframework.test.context.support.DelegatingSmartContextLoader', parent = [null]]]
23:51:44.966 [Test worker] DEBUG org.springframework.test.context.cache - Spring test ApplicationContext cache statistics: [DefaultContextCache@7c447c76 size = 2, maxSize = 32, parentContextCount = 0, hitCount = 294, missCount = 2]
23:51:44.966 [Test worker] DEBUG org.springframework.test.context.cache.DefaultCacheAwareContextLoaderDelegate - Retrieved ApplicationContext [2078741622] from cache with key [[MergedContextConfiguration@f288c14 testClass = TeamBuildingServiceTest, locations = '{}', classes = '{class org.waldreg.teambuilding.teambuilding.management.DefaultTeamBuildingManager, class org.waldreg.teambuilding.teambuilding.management.teamcreator.TeamCreator}', contextInitializerClasses = '[]', activeProfiles = '{}', propertySourceLocations = '{}', propertySourceProperties = '{}', contextCustomizers = set[org.springframework.boot.test.autoconfigure.actuate.metrics.MetricsExportContextCustomizerFactory$DisableMetricExportContextCustomizer@1efe439d, org.springframework.boot.test.autoconfigure.properties.PropertyMappingContextCustomizer@0, org.springframework.boot.test.autoconfigure.web.servlet.WebDriverContextCustomizerFactory$Customizer@51fadaff, org.springframework.boot.test.context.filter.ExcludeFilterContextCustomizer@67d18ed7, org.springframework.boot.test.json.DuplicateJsonObjectContextCustomizerFactory$DuplicateJsonObjectContextCustomizer@7a67e3c6, org.springframework.boot.test.mock.mockito.MockitoContextCustomizer@35ad4949], contextLoader = 'org.springframework.test.context.support.DelegatingSmartContextLoader', parent = [null]]]
23:51:44.966 [Test worker] DEBUG org.springframework.test.context.cache - Spring test ApplicationContext cache statistics: [DefaultContextCache@7c447c76 size = 2, maxSize = 32, parentContextCount = 0, hitCount = 295, missCount = 2]
23:51:44.966 [Test worker] DEBUG org.springframework.test.context.cache.DefaultCacheAwareContextLoaderDelegate - Retrieved ApplicationContext [2078741622] from cache with key [[MergedContextConfiguration@f288c14 testClass = TeamBuildingServiceTest, locations = '{}', classes = '{class org.waldreg.teambuilding.teambuilding.management.DefaultTeamBuildingManager, class org.waldreg.teambuilding.teambuilding.management.teamcreator.TeamCreator}', contextInitializerClasses = '[]', activeProfiles = '{}', propertySourceLocations = '{}', propertySourceProperties = '{}', contextCustomizers = set[org.springframework.boot.test.autoconfigure.actuate.metrics.MetricsExportContextCustomizerFactory$DisableMetricExportContextCustomizer@1efe439d, org.springframework.boot.test.autoconfigure.properties.PropertyMappingContextCustomizer@0, org.springframework.boot.test.autoconfigure.web.servlet.WebDriverContextCustomizerFactory$Customizer@51fadaff, org.springframework.boot.test.context.filter.ExcludeFilterContextCustomizer@67d18ed7, org.springframework.boot.test.json.DuplicateJsonObjectContextCustomizerFactory$DuplicateJsonObjectContextCustomizer@7a67e3c6, org.springframework.boot.test.mock.mockito.MockitoContextCustomizer@35ad4949], contextLoader = 'org.springframework.test.context.support.DelegatingSmartContextLoader', parent = [null]]]
23:51:44.966 [Test worker] DEBUG org.springframework.test.context.cache - Spring test ApplicationContext cache statistics: [DefaultContextCache@7c447c76 size = 2, maxSize = 32, parentContextCount = 0, hitCount = 296, missCount = 2]
23:51:44.966 [Test worker] DEBUG org.springframework.test.context.cache.DefaultCacheAwareContextLoaderDelegate - Retrieved ApplicationContext [2078741622] from cache with key [[MergedContextConfiguration@f288c14 testClass = TeamBuildingServiceTest, locations = '{}', classes = '{class org.waldreg.teambuilding.teambuilding.management.DefaultTeamBuildingManager, class org.waldreg.teambuilding.teambuilding.management.teamcreator.TeamCreator}', contextInitializerClasses = '[]', activeProfiles = '{}', propertySourceLocations = '{}', propertySourceProperties = '{}', contextCustomizers = set[org.springframework.boot.test.autoconfigure.actuate.metrics.MetricsExportContextCustomizerFactory$DisableMetricExportContextCustomizer@1efe439d, org.springframework.boot.test.autoconfigure.properties.PropertyMappingContextCustomizer@0, org.springframework.boot.test.autoconfigure.web.servlet.WebDriverContextCustomizerFactory$Customizer@51fadaff, org.springframework.boot.test.context.filter.ExcludeFilterContextCustomizer@67d18ed7, org.springframework.boot.test.json.DuplicateJsonObjectContextCustomizerFactory$DuplicateJsonObjectContextCustomizer@7a67e3c6, org.springframework.boot.test.mock.mockito.MockitoContextCustomizer@35ad4949], contextLoader = 'org.springframework.test.context.support.DelegatingSmartContextLoader', parent = [null]]]
23:51:44.966 [Test worker] DEBUG org.springframework.test.context.cache - Spring test ApplicationContext cache statistics: [DefaultContextCache@7c447c76 size = 2, maxSize = 32, parentContextCount = 0, hitCount = 297, missCount = 2]
23:51:44.966 [Test worker] DEBUG org.springframework.test.context.cache.DefaultCacheAwareContextLoaderDelegate - Retrieved ApplicationContext [2078741622] from cache with key [[MergedContextConfiguration@f288c14 testClass = TeamBuildingServiceTest, locations = '{}', classes = '{class org.waldreg.teambuilding.teambuilding.management.DefaultTeamBuildingManager, class org.waldreg.teambuilding.teambuilding.management.teamcreator.TeamCreator}', contextInitializerClasses = '[]', activeProfiles = '{}', propertySourceLocations = '{}', propertySourceProperties = '{}', contextCustomizers = set[org.springframework.boot.test.autoconfigure.actuate.metrics.MetricsExportContextCustomizerFactory$DisableMetricExportContextCustomizer@1efe439d, org.springframework.boot.test.autoconfigure.properties.PropertyMappingContextCustomizer@0, org.springframework.boot.test.autoconfigure.web.servlet.WebDriverContextCustomizerFactory$Customizer@51fadaff, org.springframework.boot.test.context.filter.ExcludeFilterContextCustomizer@67d18ed7, org.springframework.boot.test.json.DuplicateJsonObjectContextCustomizerFactory$DuplicateJsonObjectContextCustomizer@7a67e3c6, org.springframework.boot.test.mock.mockito.MockitoContextCustomizer@35ad4949], contextLoader = 'org.springframework.test.context.support.DelegatingSmartContextLoader', parent = [null]]]
23:51:44.966 [Test worker] DEBUG org.springframework.test.context.cache - Spring test ApplicationContext cache statistics: [DefaultContextCache@7c447c76 size = 2, maxSize = 32, parentContextCount = 0, hitCount = 298, missCount = 2]
23:51:44.966 [Test worker] DEBUG org.springframework.test.context.cache.DefaultCacheAwareContextLoaderDelegate - Retrieved ApplicationContext [2078741622] from cache with key [[MergedContextConfiguration@f288c14 testClass = TeamBuildingServiceTest, locations = '{}', classes = '{class org.waldreg.teambuilding.teambuilding.management.DefaultTeamBuildingManager, class org.waldreg.teambuilding.teambuilding.management.teamcreator.TeamCreator}', contextInitializerClasses = '[]', activeProfiles = '{}', propertySourceLocations = '{}', propertySourceProperties = '{}', contextCustomizers = set[org.springframework.boot.test.autoconfigure.actuate.metrics.MetricsExportContextCustomizerFactory$DisableMetricExportContextCustomizer@1efe439d, org.springframework.boot.test.autoconfigure.properties.PropertyMappingContextCustomizer@0, org.springframework.boot.test.autoconfigure.web.servlet.WebDriverContextCustomizerFactory$Customizer@51fadaff, org.springframework.boot.test.context.filter.ExcludeFilterContextCustomizer@67d18ed7, org.springframework.boot.test.json.DuplicateJsonObjectContextCustomizerFactory$DuplicateJsonObjectContextCustomizer@7a67e3c6, org.springframework.boot.test.mock.mockito.MockitoContextCustomizer@35ad4949], contextLoader = 'org.springframework.test.context.support.DelegatingSmartContextLoader', parent = [null]]]
23:51:44.966 [Test worker] DEBUG org.springframework.test.context.cache - Spring test ApplicationContext cache statistics: [DefaultContextCache@7c447c76 size = 2, maxSize = 32, parentContextCount = 0, hitCount = 299, missCount = 2]
23:51:44.966 [Test worker] DEBUG org.springframework.test.context.support.AbstractDirtiesContextTestExecutionListener - After test method: context [DefaultTestContext@5c1f6d57 testClass = TeamBuildingServiceTest, testInstance = org.waldreg.teambuilding.TeamBuildingServiceTest@18acfe88, testMethod = CREATE_NEW_TEAM_BUILDING_FAIL_CAUSE_INVALID_USER_WEIGHT_TEST@TeamBuildingServiceTest, testException = [null], mergedContextConfiguration = [MergedContextConfiguration@f288c14 testClass = TeamBuildingServiceTest, locations = '{}', classes = '{class org.waldreg.teambuilding.teambuilding.management.DefaultTeamBuildingManager, class org.waldreg.teambuilding.teambuilding.management.teamcreator.TeamCreator}', contextInitializerClasses = '[]', activeProfiles = '{}', propertySourceLocations = '{}', propertySourceProperties = '{}', contextCustomizers = set[org.springframework.boot.test.autoconfigure.actuate.metrics.MetricsExportContextCustomizerFactory$DisableMetricExportContextCustomizer@1efe439d, org.springframework.boot.test.autoconfigure.properties.PropertyMappingContextCustomizer@0, org.springframework.boot.test.autoconfigure.web.servlet.WebDriverContextCustomizerFactory$Customizer@51fadaff, org.springframework.boot.test.context.filter.ExcludeFilterContextCustomizer@67d18ed7, org.springframework.boot.test.json.DuplicateJsonObjectContextCustomizerFactory$DuplicateJsonObjectContextCustomizer@7a67e3c6, org.springframework.boot.test.mock.mockito.MockitoContextCustomizer@35ad4949], contextLoader = 'org.springframework.test.context.support.DelegatingSmartContextLoader', parent = [null]], attributes = map['org.springframework.test.context.event.ApplicationEventsTestExecutionListener.recordApplicationEvents' -> false]], class annotated with @DirtiesContext [false] with mode [null], method annotated with @DirtiesContext [false] with mode [null].
23:51:44.966 [Test worker] DEBUG org.springframework.test.context.cache.DefaultCacheAwareContextLoaderDelegate - Retrieved ApplicationContext [2078741622] from cache with key [[MergedContextConfiguration@f288c14 testClass = TeamBuildingServiceTest, locations = '{}', classes = '{class org.waldreg.teambuilding.teambuilding.management.DefaultTeamBuildingManager, class org.waldreg.teambuilding.teambuilding.management.teamcreator.TeamCreator}', contextInitializerClasses = '[]', activeProfiles = '{}', propertySourceLocations = '{}', propertySourceProperties = '{}', contextCustomizers = set[org.springframework.boot.test.autoconfigure.actuate.metrics.MetricsExportContextCustomizerFactory$DisableMetricExportContextCustomizer@1efe439d, org.springframework.boot.test.autoconfigure.properties.PropertyMappingContextCustomizer@0, org.springframework.boot.test.autoconfigure.web.servlet.WebDriverContextCustomizerFactory$Customizer@51fadaff, org.springframework.boot.test.context.filter.ExcludeFilterContextCustomizer@67d18ed7, org.springframework.boot.test.json.DuplicateJsonObjectContextCustomizerFactory$DuplicateJsonObjectContextCustomizer@7a67e3c6, org.springframework.boot.test.mock.mockito.MockitoContextCustomizer@35ad4949], contextLoader = 'org.springframework.test.context.support.DelegatingSmartContextLoader', parent = [null]]]
23:51:44.966 [Test worker] DEBUG org.springframework.test.context.cache - Spring test ApplicationContext cache statistics: [DefaultContextCache@7c447c76 size = 2, maxSize = 32, parentContextCount = 0, hitCount = 300, missCount = 2]
23:51:44.966 [Test worker] DEBUG org.springframework.test.context.support.DependencyInjectionTestExecutionListener - Performing dependency injection for test context [[DefaultTestContext@5c1f6d57 testClass = TeamBuildingServiceTest, testInstance = org.waldreg.teambuilding.TeamBuildingServiceTest@6631cb64, testMethod = [null], testException = [null], mergedContextConfiguration = [MergedContextConfiguration@f288c14 testClass = TeamBuildingServiceTest, locations = '{}', classes = '{class org.waldreg.teambuilding.teambuilding.management.DefaultTeamBuildingManager, class org.waldreg.teambuilding.teambuilding.management.teamcreator.TeamCreator}', contextInitializerClasses = '[]', activeProfiles = '{}', propertySourceLocations = '{}', propertySourceProperties = '{}', contextCustomizers = set[org.springframework.boot.test.autoconfigure.actuate.metrics.MetricsExportContextCustomizerFactory$DisableMetricExportContextCustomizer@1efe439d, org.springframework.boot.test.autoconfigure.properties.PropertyMappingContextCustomizer@0, org.springframework.boot.test.autoconfigure.web.servlet.WebDriverContextCustomizerFactory$Customizer@51fadaff, org.springframework.boot.test.context.filter.ExcludeFilterContextCustomizer@67d18ed7, org.springframework.boot.test.json.DuplicateJsonObjectContextCustomizerFactory$DuplicateJsonObjectContextCustomizer@7a67e3c6, org.springframework.boot.test.mock.mockito.MockitoContextCustomizer@35ad4949], contextLoader = 'org.springframework.test.context.support.DelegatingSmartContextLoader', parent = [null]], attributes = map['org.springframework.test.context.event.ApplicationEventsTestExecutionListener.recordApplicationEvents' -> false]]].
23:51:44.966 [Test worker] DEBUG org.springframework.test.context.cache.DefaultCacheAwareContextLoaderDelegate - Retrieved ApplicationContext [2078741622] from cache with key [[MergedContextConfiguration@f288c14 testClass = TeamBuildingServiceTest, locations = '{}', classes = '{class org.waldreg.teambuilding.teambuilding.management.DefaultTeamBuildingManager, class org.waldreg.teambuilding.teambuilding.management.teamcreator.TeamCreator}', contextInitializerClasses = '[]', activeProfiles = '{}', propertySourceLocations = '{}', propertySourceProperties = '{}', contextCustomizers = set[org.springframework.boot.test.autoconfigure.actuate.metrics.MetricsExportContextCustomizerFactory$DisableMetricExportContextCustomizer@1efe439d, org.springframework.boot.test.autoconfigure.properties.PropertyMappingContextCustomizer@0, org.springframework.boot.test.autoconfigure.web.servlet.WebDriverContextCustomizerFactory$Customizer@51fadaff, org.springframework.boot.test.context.filter.ExcludeFilterContextCustomizer@67d18ed7, org.springframework.boot.test.json.DuplicateJsonObjectContextCustomizerFactory$DuplicateJsonObjectContextCustomizer@7a67e3c6, org.springframework.boot.test.mock.mockito.MockitoContextCustomizer@35ad4949], contextLoader = 'org.springframework.test.context.support.DelegatingSmartContextLoader', parent = [null]]]
23:51:44.966 [Test worker] DEBUG org.springframework.test.context.cache - Spring test ApplicationContext cache statistics: [DefaultContextCache@7c447c76 size = 2, maxSize = 32, parentContextCount = 0, hitCount = 301, missCount = 2]
23:51:44.967 [Test worker] DEBUG org.springframework.test.context.cache.DefaultCacheAwareContextLoaderDelegate - Retrieved ApplicationContext [2078741622] from cache with key [[MergedContextConfiguration@f288c14 testClass = TeamBuildingServiceTest, locations = '{}', classes = '{class org.waldreg.teambuilding.teambuilding.management.DefaultTeamBuildingManager, class org.waldreg.teambuilding.teambuilding.management.teamcreator.TeamCreator}', contextInitializerClasses = '[]', activeProfiles = '{}', propertySourceLocations = '{}', propertySourceProperties = '{}', contextCustomizers = set[org.springframework.boot.test.autoconfigure.actuate.metrics.MetricsExportContextCustomizerFactory$DisableMetricExportContextCustomizer@1efe439d, org.springframework.boot.test.autoconfigure.properties.PropertyMappingContextCustomizer@0, org.springframework.boot.test.autoconfigure.web.servlet.WebDriverContextCustomizerFactory$Customizer@51fadaff, org.springframework.boot.test.context.filter.ExcludeFilterContextCustomizer@67d18ed7, org.springframework.boot.test.json.DuplicateJsonObjectContextCustomizerFactory$DuplicateJsonObjectContextCustomizer@7a67e3c6, org.springframework.boot.test.mock.mockito.MockitoContextCustomizer@35ad4949], contextLoader = 'org.springframework.test.context.support.DelegatingSmartContextLoader', parent = [null]]]
23:51:44.967 [Test worker] DEBUG org.springframework.test.context.cache - Spring test ApplicationContext cache statistics: [DefaultContextCache@7c447c76 size = 2, maxSize = 32, parentContextCount = 0, hitCount = 302, missCount = 2]
23:51:44.967 [Test worker] DEBUG org.springframework.test.context.support.AbstractDirtiesContextTestExecutionListener - Before test method: context [DefaultTestContext@5c1f6d57 testClass = TeamBuildingServiceTest, testInstance = org.waldreg.teambuilding.TeamBuildingServiceTest@6631cb64, testMethod = CREATE_NEW_TEAM_BUILDING_SUCCESS_TEST@TeamBuildingServiceTest, testException = [null], mergedContextConfiguration = [MergedContextConfiguration@f288c14 testClass = TeamBuildingServiceTest, locations = '{}', classes = '{class org.waldreg.teambuilding.teambuilding.management.DefaultTeamBuildingManager, class org.waldreg.teambuilding.teambuilding.management.teamcreator.TeamCreator}', contextInitializerClasses = '[]', activeProfiles = '{}', propertySourceLocations = '{}', propertySourceProperties = '{}', contextCustomizers = set[org.springframework.boot.test.autoconfigure.actuate.metrics.MetricsExportContextCustomizerFactory$DisableMetricExportContextCustomizer@1efe439d, org.springframework.boot.test.autoconfigure.properties.PropertyMappingContextCustomizer@0, org.springframework.boot.test.autoconfigure.web.servlet.WebDriverContextCustomizerFactory$Customizer@51fadaff, org.springframework.boot.test.context.filter.ExcludeFilterContextCustomizer@67d18ed7, org.springframework.boot.test.json.DuplicateJsonObjectContextCustomizerFactory$DuplicateJsonObjectContextCustomizer@7a67e3c6, org.springframework.boot.test.mock.mockito.MockitoContextCustomizer@35ad4949], contextLoader = 'org.springframework.test.context.support.DelegatingSmartContextLoader', parent = [null]], attributes = map['org.springframework.test.context.event.ApplicationEventsTestExecutionListener.recordApplicationEvents' -> false]], class annotated with @DirtiesContext [false] with mode [null], method annotated with @DirtiesContext [false] with mode [null].
23:51:44.967 [Test worker] DEBUG org.springframework.test.context.cache.DefaultCacheAwareContextLoaderDelegate - Retrieved ApplicationContext [2078741622] from cache with key [[MergedContextConfiguration@f288c14 testClass = TeamBuildingServiceTest, locations = '{}', classes = '{class org.waldreg.teambuilding.teambuilding.management.DefaultTeamBuildingManager, class org.waldreg.teambuilding.teambuilding.management.teamcreator.TeamCreator}', contextInitializerClasses = '[]', activeProfiles = '{}', propertySourceLocations = '{}', propertySourceProperties = '{}', contextCustomizers = set[org.springframework.boot.test.autoconfigure.actuate.metrics.MetricsExportContextCustomizerFactory$DisableMetricExportContextCustomizer@1efe439d, org.springframework.boot.test.autoconfigure.properties.PropertyMappingContextCustomizer@0, org.springframework.boot.test.autoconfigure.web.servlet.WebDriverContextCustomizerFactory$Customizer@51fadaff, org.springframework.boot.test.context.filter.ExcludeFilterContextCustomizer@67d18ed7, org.springframework.boot.test.json.DuplicateJsonObjectContextCustomizerFactory$DuplicateJsonObjectContextCustomizer@7a67e3c6, org.springframework.boot.test.mock.mockito.MockitoContextCustomizer@35ad4949], contextLoader = 'org.springframework.test.context.support.DelegatingSmartContextLoader', parent = [null]]]
23:51:44.967 [Test worker] DEBUG org.springframework.test.context.cache - Spring test ApplicationContext cache statistics: [DefaultContextCache@7c447c76 size = 2, maxSize = 32, parentContextCount = 0, hitCount = 303, missCount = 2]
23:51:44.967 [Test worker] DEBUG org.springframework.test.context.cache.DefaultCacheAwareContextLoaderDelegate - Retrieved ApplicationContext [2078741622] from cache with key [[MergedContextConfiguration@f288c14 testClass = TeamBuildingServiceTest, locations = '{}', classes = '{class org.waldreg.teambuilding.teambuilding.management.DefaultTeamBuildingManager, class org.waldreg.teambuilding.teambuilding.management.teamcreator.TeamCreator}', contextInitializerClasses = '[]', activeProfiles = '{}', propertySourceLocations = '{}', propertySourceProperties = '{}', contextCustomizers = set[org.springframework.boot.test.autoconfigure.actuate.metrics.MetricsExportContextCustomizerFactory$DisableMetricExportContextCustomizer@1efe439d, org.springframework.boot.test.autoconfigure.properties.PropertyMappingContextCustomizer@0, org.springframework.boot.test.autoconfigure.web.servlet.WebDriverContextCustomizerFactory$Customizer@51fadaff, org.springframework.boot.test.context.filter.ExcludeFilterContextCustomizer@67d18ed7, org.springframework.boot.test.json.DuplicateJsonObjectContextCustomizerFactory$DuplicateJsonObjectContextCustomizer@7a67e3c6, org.springframework.boot.test.mock.mockito.MockitoContextCustomizer@35ad4949], contextLoader = 'org.springframework.test.context.support.DelegatingSmartContextLoader', parent = [null]]]
23:51:44.967 [Test worker] DEBUG org.springframework.test.context.cache - Spring test ApplicationContext cache statistics: [DefaultContextCache@7c447c76 size = 2, maxSize = 32, parentContextCount = 0, hitCount = 304, missCount = 2]
23:51:44.967 [Test worker] DEBUG org.springframework.test.context.cache.DefaultCacheAwareContextLoaderDelegate - Retrieved ApplicationContext [2078741622] from cache with key [[MergedContextConfiguration@f288c14 testClass = TeamBuildingServiceTest, locations = '{}', classes = '{class org.waldreg.teambuilding.teambuilding.management.DefaultTeamBuildingManager, class org.waldreg.teambuilding.teambuilding.management.teamcreator.TeamCreator}', contextInitializerClasses = '[]', activeProfiles = '{}', propertySourceLocations = '{}', propertySourceProperties = '{}', contextCustomizers = set[org.springframework.boot.test.autoconfigure.actuate.metrics.MetricsExportContextCustomizerFactory$DisableMetricExportContextCustomizer@1efe439d, org.springframework.boot.test.autoconfigure.properties.PropertyMappingContextCustomizer@0, org.springframework.boot.test.autoconfigure.web.servlet.WebDriverContextCustomizerFactory$Customizer@51fadaff, org.springframework.boot.test.context.filter.ExcludeFilterContextCustomizer@67d18ed7, org.springframework.boot.test.json.DuplicateJsonObjectContextCustomizerFactory$DuplicateJsonObjectContextCustomizer@7a67e3c6, org.springframework.boot.test.mock.mockito.MockitoContextCustomizer@35ad4949], contextLoader = 'org.springframework.test.context.support.DelegatingSmartContextLoader', parent = [null]]]
23:51:44.967 [Test worker] DEBUG org.springframework.test.context.cache - Spring test ApplicationContext cache statistics: [DefaultContextCache@7c447c76 size = 2, maxSize = 32, parentContextCount = 0, hitCount = 305, missCount = 2]
23:51:44.968 [Test worker] DEBUG org.springframework.test.context.cache.DefaultCacheAwareContextLoaderDelegate - Retrieved ApplicationContext [2078741622] from cache with key [[MergedContextConfiguration@f288c14 testClass = TeamBuildingServiceTest, locations = '{}', classes = '{class org.waldreg.teambuilding.teambuilding.management.DefaultTeamBuildingManager, class org.waldreg.teambuilding.teambuilding.management.teamcreator.TeamCreator}', contextInitializerClasses = '[]', activeProfiles = '{}', propertySourceLocations = '{}', propertySourceProperties = '{}', contextCustomizers = set[org.springframework.boot.test.autoconfigure.actuate.metrics.MetricsExportContextCustomizerFactory$DisableMetricExportContextCustomizer@1efe439d, org.springframework.boot.test.autoconfigure.properties.PropertyMappingContextCustomizer@0, org.springframework.boot.test.autoconfigure.web.servlet.WebDriverContextCustomizerFactory$Customizer@51fadaff, org.springframework.boot.test.context.filter.ExcludeFilterContextCustomizer@67d18ed7, org.springframework.boot.test.json.DuplicateJsonObjectContextCustomizerFactory$DuplicateJsonObjectContextCustomizer@7a67e3c6, org.springframework.boot.test.mock.mockito.MockitoContextCustomizer@35ad4949], contextLoader = 'org.springframework.test.context.support.DelegatingSmartContextLoader', parent = [null]]]
23:51:44.968 [Test worker] DEBUG org.springframework.test.context.cache - Spring test ApplicationContext cache statistics: [DefaultContextCache@7c447c76 size = 2, maxSize = 32, parentContextCount = 0, hitCount = 306, missCount = 2]
23:51:44.968 [Test worker] DEBUG org.springframework.test.context.cache.DefaultCacheAwareContextLoaderDelegate - Retrieved ApplicationContext [2078741622] from cache with key [[MergedContextConfiguration@f288c14 testClass = TeamBuildingServiceTest, locations = '{}', classes = '{class org.waldreg.teambuilding.teambuilding.management.DefaultTeamBuildingManager, class org.waldreg.teambuilding.teambuilding.management.teamcreator.TeamCreator}', contextInitializerClasses = '[]', activeProfiles = '{}', propertySourceLocations = '{}', propertySourceProperties = '{}', contextCustomizers = set[org.springframework.boot.test.autoconfigure.actuate.metrics.MetricsExportContextCustomizerFactory$DisableMetricExportContextCustomizer@1efe439d, org.springframework.boot.test.autoconfigure.properties.PropertyMappingContextCustomizer@0, org.springframework.boot.test.autoconfigure.web.servlet.WebDriverContextCustomizerFactory$Customizer@51fadaff, org.springframework.boot.test.context.filter.ExcludeFilterContextCustomizer@67d18ed7, org.springframework.boot.test.json.DuplicateJsonObjectContextCustomizerFactory$DuplicateJsonObjectContextCustomizer@7a67e3c6, org.springframework.boot.test.mock.mockito.MockitoContextCustomizer@35ad4949], contextLoader = 'org.springframework.test.context.support.DelegatingSmartContextLoader', parent = [null]]]
23:51:44.968 [Test worker] DEBUG org.springframework.test.context.cache - Spring test ApplicationContext cache statistics: [DefaultContextCache@7c447c76 size = 2, maxSize = 32, parentContextCount = 0, hitCount = 307, missCount = 2]
23:51:44.968 [Test worker] DEBUG org.springframework.test.context.cache.DefaultCacheAwareContextLoaderDelegate - Retrieved ApplicationContext [2078741622] from cache with key [[MergedContextConfiguration@f288c14 testClass = TeamBuildingServiceTest, locations = '{}', classes = '{class org.waldreg.teambuilding.teambuilding.management.DefaultTeamBuildingManager, class org.waldreg.teambuilding.teambuilding.management.teamcreator.TeamCreator}', contextInitializerClasses = '[]', activeProfiles = '{}', propertySourceLocations = '{}', propertySourceProperties = '{}', contextCustomizers = set[org.springframework.boot.test.autoconfigure.actuate.metrics.MetricsExportContextCustomizerFactory$DisableMetricExportContextCustomizer@1efe439d, org.springframework.boot.test.autoconfigure.properties.PropertyMappingContextCustomizer@0, org.springframework.boot.test.autoconfigure.web.servlet.WebDriverContextCustomizerFactory$Customizer@51fadaff, org.springframework.boot.test.context.filter.ExcludeFilterContextCustomizer@67d18ed7, org.springframework.boot.test.json.DuplicateJsonObjectContextCustomizerFactory$DuplicateJsonObjectContextCustomizer@7a67e3c6, org.springframework.boot.test.mock.mockito.MockitoContextCustomizer@35ad4949], contextLoader = 'org.springframework.test.context.support.DelegatingSmartContextLoader', parent = [null]]]
23:51:44.968 [Test worker] DEBUG org.springframework.test.context.cache - Spring test ApplicationContext cache statistics: [DefaultContextCache@7c447c76 size = 2, maxSize = 32, parentContextCount = 0, hitCount = 308, missCount = 2]
23:51:44.969 [Test worker] DEBUG org.springframework.test.context.cache.DefaultCacheAwareContextLoaderDelegate - Retrieved ApplicationContext [2078741622] from cache with key [[MergedContextConfiguration@f288c14 testClass = TeamBuildingServiceTest, locations = '{}', classes = '{class org.waldreg.teambuilding.teambuilding.management.DefaultTeamBuildingManager, class org.waldreg.teambuilding.teambuilding.management.teamcreator.TeamCreator}', contextInitializerClasses = '[]', activeProfiles = '{}', propertySourceLocations = '{}', propertySourceProperties = '{}', contextCustomizers = set[org.springframework.boot.test.autoconfigure.actuate.metrics.MetricsExportContextCustomizerFactory$DisableMetricExportContextCustomizer@1efe439d, org.springframework.boot.test.autoconfigure.properties.PropertyMappingContextCustomizer@0, org.springframework.boot.test.autoconfigure.web.servlet.WebDriverContextCustomizerFactory$Customizer@51fadaff, org.springframework.boot.test.context.filter.ExcludeFilterContextCustomizer@67d18ed7, org.springframework.boot.test.json.DuplicateJsonObjectContextCustomizerFactory$DuplicateJsonObjectContextCustomizer@7a67e3c6, org.springframework.boot.test.mock.mockito.MockitoContextCustomizer@35ad4949], contextLoader = 'org.springframework.test.context.support.DelegatingSmartContextLoader', parent = [null]]]
23:51:44.969 [Test worker] DEBUG org.springframework.test.context.cache - Spring test ApplicationContext cache statistics: [DefaultContextCache@7c447c76 size = 2, maxSize = 32, parentContextCount = 0, hitCount = 309, missCount = 2]
23:51:44.969 [Test worker] DEBUG org.springframework.test.context.cache.DefaultCacheAwareContextLoaderDelegate - Retrieved ApplicationContext [2078741622] from cache with key [[MergedContextConfiguration@f288c14 testClass = TeamBuildingServiceTest, locations = '{}', classes = '{class org.waldreg.teambuilding.teambuilding.management.DefaultTeamBuildingManager, class org.waldreg.teambuilding.teambuilding.management.teamcreator.TeamCreator}', contextInitializerClasses = '[]', activeProfiles = '{}', propertySourceLocations = '{}', propertySourceProperties = '{}', contextCustomizers = set[org.springframework.boot.test.autoconfigure.actuate.metrics.MetricsExportContextCustomizerFactory$DisableMetricExportContextCustomizer@1efe439d, org.springframework.boot.test.autoconfigure.properties.PropertyMappingContextCustomizer@0, org.springframework.boot.test.autoconfigure.web.servlet.WebDriverContextCustomizerFactory$Customizer@51fadaff, org.springframework.boot.test.context.filter.ExcludeFilterContextCustomizer@67d18ed7, org.springframework.boot.test.json.DuplicateJsonObjectContextCustomizerFactory$DuplicateJsonObjectContextCustomizer@7a67e3c6, org.springframework.boot.test.mock.mockito.MockitoContextCustomizer@35ad4949], contextLoader = 'org.springframework.test.context.support.DelegatingSmartContextLoader', parent = [null]]]
23:51:44.969 [Test worker] DEBUG org.springframework.test.context.cache - Spring test ApplicationContext cache statistics: [DefaultContextCache@7c447c76 size = 2, maxSize = 32, parentContextCount = 0, hitCount = 310, missCount = 2]
23:51:44.969 [Test worker] DEBUG org.springframework.test.context.cache.DefaultCacheAwareContextLoaderDelegate - Retrieved ApplicationContext [2078741622] from cache with key [[MergedContextConfiguration@f288c14 testClass = TeamBuildingServiceTest, locations = '{}', classes = '{class org.waldreg.teambuilding.teambuilding.management.DefaultTeamBuildingManager, class org.waldreg.teambuilding.teambuilding.management.teamcreator.TeamCreator}', contextInitializerClasses = '[]', activeProfiles = '{}', propertySourceLocations = '{}', propertySourceProperties = '{}', contextCustomizers = set[org.springframework.boot.test.autoconfigure.actuate.metrics.MetricsExportContextCustomizerFactory$DisableMetricExportContextCustomizer@1efe439d, org.springframework.boot.test.autoconfigure.properties.PropertyMappingContextCustomizer@0, org.springframework.boot.test.autoconfigure.web.servlet.WebDriverContextCustomizerFactory$Customizer@51fadaff, org.springframework.boot.test.context.filter.ExcludeFilterContextCustomizer@67d18ed7, org.springframework.boot.test.json.DuplicateJsonObjectContextCustomizerFactory$DuplicateJsonObjectContextCustomizer@7a67e3c6, org.springframework.boot.test.mock.mockito.MockitoContextCustomizer@35ad4949], contextLoader = 'org.springframework.test.context.support.DelegatingSmartContextLoader', parent = [null]]]
23:51:44.969 [Test worker] DEBUG org.springframework.test.context.cache - Spring test ApplicationContext cache statistics: [DefaultContextCache@7c447c76 size = 2, maxSize = 32, parentContextCount = 0, hitCount = 311, missCount = 2]
23:51:44.969 [Test worker] DEBUG org.springframework.test.context.support.AbstractDirtiesContextTestExecutionListener - After test method: context [DefaultTestContext@5c1f6d57 testClass = TeamBuildingServiceTest, testInstance = org.waldreg.teambuilding.TeamBuildingServiceTest@6631cb64, testMethod = CREATE_NEW_TEAM_BUILDING_SUCCESS_TEST@TeamBuildingServiceTest, testException = [null], mergedContextConfiguration = [MergedContextConfiguration@f288c14 testClass = TeamBuildingServiceTest, locations = '{}', classes = '{class org.waldreg.teambuilding.teambuilding.management.DefaultTeamBuildingManager, class org.waldreg.teambuilding.teambuilding.management.teamcreator.TeamCreator}', contextInitializerClasses = '[]', activeProfiles = '{}', propertySourceLocations = '{}', propertySourceProperties = '{}', contextCustomizers = set[org.springframework.boot.test.autoconfigure.actuate.metrics.MetricsExportContextCustomizerFactory$DisableMetricExportContextCustomizer@1efe439d, org.springframework.boot.test.autoconfigure.properties.PropertyMappingContextCustomizer@0, org.springframework.boot.test.autoconfigure.web.servlet.WebDriverContextCustomizerFactory$Customizer@51fadaff, org.springframework.boot.test.context.filter.ExcludeFilterContextCustomizer@67d18ed7, org.springframework.boot.test.json.DuplicateJsonObjectContextCustomizerFactory$DuplicateJsonObjectContextCustomizer@7a67e3c6, org.springframework.boot.test.mock.mockito.MockitoContextCustomizer@35ad4949], contextLoader = 'org.springframework.test.context.support.DelegatingSmartContextLoader', parent = [null]], attributes = map['org.springframework.test.context.event.ApplicationEventsTestExecutionListener.recordApplicationEvents' -> false]], class annotated with @DirtiesContext [false] with mode [null], method annotated with @DirtiesContext [false] with mode [null].
23:51:44.969 [Test worker] DEBUG org.springframework.test.context.cache.DefaultCacheAwareContextLoaderDelegate - Retrieved ApplicationContext [2078741622] from cache with key [[MergedContextConfiguration@f288c14 testClass = TeamBuildingServiceTest, locations = '{}', classes = '{class org.waldreg.teambuilding.teambuilding.management.DefaultTeamBuildingManager, class org.waldreg.teambuilding.teambuilding.management.teamcreator.TeamCreator}', contextInitializerClasses = '[]', activeProfiles = '{}', propertySourceLocations = '{}', propertySourceProperties = '{}', contextCustomizers = set[org.springframework.boot.test.autoconfigure.actuate.metrics.MetricsExportContextCustomizerFactory$DisableMetricExportContextCustomizer@1efe439d, org.springframework.boot.test.autoconfigure.properties.PropertyMappingContextCustomizer@0, org.springframework.boot.test.autoconfigure.web.servlet.WebDriverContextCustomizerFactory$Customizer@51fadaff, org.springframework.boot.test.context.filter.ExcludeFilterContextCustomizer@67d18ed7, org.springframework.boot.test.json.DuplicateJsonObjectContextCustomizerFactory$DuplicateJsonObjectContextCustomizer@7a67e3c6, org.springframework.boot.test.mock.mockito.MockitoContextCustomizer@35ad4949], contextLoader = 'org.springframework.test.context.support.DelegatingSmartContextLoader', parent = [null]]]
23:51:44.969 [Test worker] DEBUG org.springframework.test.context.cache - Spring test ApplicationContext cache statistics: [DefaultContextCache@7c447c76 size = 2, maxSize = 32, parentContextCount = 0, hitCount = 312, missCount = 2]
23:51:44.969 [Test worker] DEBUG org.springframework.test.context.support.DependencyInjectionTestExecutionListener - Performing dependency injection for test context [[DefaultTestContext@5c1f6d57 testClass = TeamBuildingServiceTest, testInstance = org.waldreg.teambuilding.TeamBuildingServiceTest@7c1e32c9, testMethod = [null], testException = [null], mergedContextConfiguration = [MergedContextConfiguration@f288c14 testClass = TeamBuildingServiceTest, locations = '{}', classes = '{class org.waldreg.teambuilding.teambuilding.management.DefaultTeamBuildingManager, class org.waldreg.teambuilding.teambuilding.management.teamcreator.TeamCreator}', contextInitializerClasses = '[]', activeProfiles = '{}', propertySourceLocations = '{}', propertySourceProperties = '{}', contextCustomizers = set[org.springframework.boot.test.autoconfigure.actuate.metrics.MetricsExportContextCustomizerFactory$DisableMetricExportContextCustomizer@1efe439d, org.springframework.boot.test.autoconfigure.properties.PropertyMappingContextCustomizer@0, org.springframework.boot.test.autoconfigure.web.servlet.WebDriverContextCustomizerFactory$Customizer@51fadaff, org.springframework.boot.test.context.filter.ExcludeFilterContextCustomizer@67d18ed7, org.springframework.boot.test.json.DuplicateJsonObjectContextCustomizerFactory$DuplicateJsonObjectContextCustomizer@7a67e3c6, org.springframework.boot.test.mock.mockito.MockitoContextCustomizer@35ad4949], contextLoader = 'org.springframework.test.context.support.DelegatingSmartContextLoader', parent = [null]], attributes = map['org.springframework.test.context.event.ApplicationEventsTestExecutionListener.recordApplicationEvents' -> false]]].
23:51:44.969 [Test worker] DEBUG org.springframework.test.context.cache.DefaultCacheAwareContextLoaderDelegate - Retrieved ApplicationContext [2078741622] from cache with key [[MergedContextConfiguration@f288c14 testClass = TeamBuildingServiceTest, locations = '{}', classes = '{class org.waldreg.teambuilding.teambuilding.management.DefaultTeamBuildingManager, class org.waldreg.teambuilding.teambuilding.management.teamcreator.TeamCreator}', contextInitializerClasses = '[]', activeProfiles = '{}', propertySourceLocations = '{}', propertySourceProperties = '{}', contextCustomizers = set[org.springframework.boot.test.autoconfigure.actuate.metrics.MetricsExportContextCustomizerFactory$DisableMetricExportContextCustomizer@1efe439d, org.springframework.boot.test.autoconfigure.properties.PropertyMappingContextCustomizer@0, org.springframework.boot.test.autoconfigure.web.servlet.WebDriverContextCustomizerFactory$Customizer@51fadaff, org.springframework.boot.test.context.filter.ExcludeFilterContextCustomizer@67d18ed7, org.springframework.boot.test.json.DuplicateJsonObjectContextCustomizerFactory$DuplicateJsonObjectContextCustomizer@7a67e3c6, org.springframework.boot.test.mock.mockito.MockitoContextCustomizer@35ad4949], contextLoader = 'org.springframework.test.context.support.DelegatingSmartContextLoader', parent = [null]]]
23:51:44.969 [Test worker] DEBUG org.springframework.test.context.cache - Spring test ApplicationContext cache statistics: [DefaultContextCache@7c447c76 size = 2, maxSize = 32, parentContextCount = 0, hitCount = 313, missCount = 2]
23:51:44.969 [Test worker] DEBUG org.springframework.test.context.cache.DefaultCacheAwareContextLoaderDelegate - Retrieved ApplicationContext [2078741622] from cache with key [[MergedContextConfiguration@f288c14 testClass = TeamBuildingServiceTest, locations = '{}', classes = '{class org.waldreg.teambuilding.teambuilding.management.DefaultTeamBuildingManager, class org.waldreg.teambuilding.teambuilding.management.teamcreator.TeamCreator}', contextInitializerClasses = '[]', activeProfiles = '{}', propertySourceLocations = '{}', propertySourceProperties = '{}', contextCustomizers = set[org.springframework.boot.test.autoconfigure.actuate.metrics.MetricsExportContextCustomizerFactory$DisableMetricExportContextCustomizer@1efe439d, org.springframework.boot.test.autoconfigure.properties.PropertyMappingContextCustomizer@0, org.springframework.boot.test.autoconfigure.web.servlet.WebDriverContextCustomizerFactory$Customizer@51fadaff, org.springframework.boot.test.context.filter.ExcludeFilterContextCustomizer@67d18ed7, org.springframework.boot.test.json.DuplicateJsonObjectContextCustomizerFactory$DuplicateJsonObjectContextCustomizer@7a67e3c6, org.springframework.boot.test.mock.mockito.MockitoContextCustomizer@35ad4949], contextLoader = 'org.springframework.test.context.support.DelegatingSmartContextLoader', parent = [null]]]
23:51:44.969 [Test worker] DEBUG org.springframework.test.context.cache - Spring test ApplicationContext cache statistics: [DefaultContextCache@7c447c76 size = 2, maxSize = 32, parentContextCount = 0, hitCount = 314, missCount = 2]
23:51:44.969 [Test worker] DEBUG org.springframework.test.context.support.AbstractDirtiesContextTestExecutionListener - Before test method: context [DefaultTestContext@5c1f6d57 testClass = TeamBuildingServiceTest, testInstance = org.waldreg.teambuilding.TeamBuildingServiceTest@7c1e32c9, testMethod = CREATE_NEW_TEAM_BUILDING_FAIL_CAUSE_UNKNOWN_USER_ID_TEST@TeamBuildingServiceTest, testException = [null], mergedContextConfiguration = [MergedContextConfiguration@f288c14 testClass = TeamBuildingServiceTest, locations = '{}', classes = '{class org.waldreg.teambuilding.teambuilding.management.DefaultTeamBuildingManager, class org.waldreg.teambuilding.teambuilding.management.teamcreator.TeamCreator}', contextInitializerClasses = '[]', activeProfiles = '{}', propertySourceLocations = '{}', propertySourceProperties = '{}', contextCustomizers = set[org.springframework.boot.test.autoconfigure.actuate.metrics.MetricsExportContextCustomizerFactory$DisableMetricExportContextCustomizer@1efe439d, org.springframework.boot.test.autoconfigure.properties.PropertyMappingContextCustomizer@0, org.springframework.boot.test.autoconfigure.web.servlet.WebDriverContextCustomizerFactory$Customizer@51fadaff, org.springframework.boot.test.context.filter.ExcludeFilterContextCustomizer@67d18ed7, org.springframework.boot.test.json.DuplicateJsonObjectContextCustomizerFactory$DuplicateJsonObjectContextCustomizer@7a67e3c6, org.springframework.boot.test.mock.mockito.MockitoContextCustomizer@35ad4949], contextLoader = 'org.springframework.test.context.support.DelegatingSmartContextLoader', parent = [null]], attributes = map['org.springframework.test.context.event.ApplicationEventsTestExecutionListener.recordApplicationEvents' -> false]], class annotated with @DirtiesContext [false] with mode [null], method annotated with @DirtiesContext [false] with mode [null].
23:51:44.970 [Test worker] DEBUG org.springframework.test.context.cache.DefaultCacheAwareContextLoaderDelegate - Retrieved ApplicationContext [2078741622] from cache with key [[MergedContextConfiguration@f288c14 testClass = TeamBuildingServiceTest, locations = '{}', classes = '{class org.waldreg.teambuilding.teambuilding.management.DefaultTeamBuildingManager, class org.waldreg.teambuilding.teambuilding.management.teamcreator.TeamCreator}', contextInitializerClasses = '[]', activeProfiles = '{}', propertySourceLocations = '{}', propertySourceProperties = '{}', contextCustomizers = set[org.springframework.boot.test.autoconfigure.actuate.metrics.MetricsExportContextCustomizerFactory$DisableMetricExportContextCustomizer@1efe439d, org.springframework.boot.test.autoconfigure.properties.PropertyMappingContextCustomizer@0, org.springframework.boot.test.autoconfigure.web.servlet.WebDriverContextCustomizerFactory$Customizer@51fadaff, org.springframework.boot.test.context.filter.ExcludeFilterContextCustomizer@67d18ed7, org.springframework.boot.test.json.DuplicateJsonObjectContextCustomizerFactory$DuplicateJsonObjectContextCustomizer@7a67e3c6, org.springframework.boot.test.mock.mockito.MockitoContextCustomizer@35ad4949], contextLoader = 'org.springframework.test.context.support.DelegatingSmartContextLoader', parent = [null]]]
23:51:44.970 [Test worker] DEBUG org.springframework.test.context.cache - Spring test ApplicationContext cache statistics: [DefaultContextCache@7c447c76 size = 2, maxSize = 32, parentContextCount = 0, hitCount = 315, missCount = 2]
23:51:44.970 [Test worker] DEBUG org.springframework.test.context.cache.DefaultCacheAwareContextLoaderDelegate - Retrieved ApplicationContext [2078741622] from cache with key [[MergedContextConfiguration@f288c14 testClass = TeamBuildingServiceTest, locations = '{}', classes = '{class org.waldreg.teambuilding.teambuilding.management.DefaultTeamBuildingManager, class org.waldreg.teambuilding.teambuilding.management.teamcreator.TeamCreator}', contextInitializerClasses = '[]', activeProfiles = '{}', propertySourceLocations = '{}', propertySourceProperties = '{}', contextCustomizers = set[org.springframework.boot.test.autoconfigure.actuate.metrics.MetricsExportContextCustomizerFactory$DisableMetricExportContextCustomizer@1efe439d, org.springframework.boot.test.autoconfigure.properties.PropertyMappingContextCustomizer@0, org.springframework.boot.test.autoconfigure.web.servlet.WebDriverContextCustomizerFactory$Customizer@51fadaff, org.springframework.boot.test.context.filter.ExcludeFilterContextCustomizer@67d18ed7, org.springframework.boot.test.json.DuplicateJsonObjectContextCustomizerFactory$DuplicateJsonObjectContextCustomizer@7a67e3c6, org.springframework.boot.test.mock.mockito.MockitoContextCustomizer@35ad4949], contextLoader = 'org.springframework.test.context.support.DelegatingSmartContextLoader', parent = [null]]]
23:51:44.970 [Test worker] DEBUG org.springframework.test.context.cache - Spring test ApplicationContext cache statistics: [DefaultContextCache@7c447c76 size = 2, maxSize = 32, parentContextCount = 0, hitCount = 316, missCount = 2]
23:51:44.970 [Test worker] DEBUG org.springframework.test.context.cache.DefaultCacheAwareContextLoaderDelegate - Retrieved ApplicationContext [2078741622] from cache with key [[MergedContextConfiguration@f288c14 testClass = TeamBuildingServiceTest, locations = '{}', classes = '{class org.waldreg.teambuilding.teambuilding.management.DefaultTeamBuildingManager, class org.waldreg.teambuilding.teambuilding.management.teamcreator.TeamCreator}', contextInitializerClasses = '[]', activeProfiles = '{}', propertySourceLocations = '{}', propertySourceProperties = '{}', contextCustomizers = set[org.springframework.boot.test.autoconfigure.actuate.metrics.MetricsExportContextCustomizerFactory$DisableMetricExportContextCustomizer@1efe439d, org.springframework.boot.test.autoconfigure.properties.PropertyMappingContextCustomizer@0, org.springframework.boot.test.autoconfigure.web.servlet.WebDriverContextCustomizerFactory$Customizer@51fadaff, org.springframework.boot.test.context.filter.ExcludeFilterContextCustomizer@67d18ed7, org.springframework.boot.test.json.DuplicateJsonObjectContextCustomizerFactory$DuplicateJsonObjectContextCustomizer@7a67e3c6, org.springframework.boot.test.mock.mockito.MockitoContextCustomizer@35ad4949], contextLoader = 'org.springframework.test.context.support.DelegatingSmartContextLoader', parent = [null]]]
23:51:44.970 [Test worker] DEBUG org.springframework.test.context.cache - Spring test ApplicationContext cache statistics: [DefaultContextCache@7c447c76 size = 2, maxSize = 32, parentContextCount = 0, hitCount = 317, missCount = 2]
23:51:44.970 [Test worker] DEBUG org.springframework.test.context.cache.DefaultCacheAwareContextLoaderDelegate - Retrieved ApplicationContext [2078741622] from cache with key [[MergedContextConfiguration@f288c14 testClass = TeamBuildingServiceTest, locations = '{}', classes = '{class org.waldreg.teambuilding.teambuilding.management.DefaultTeamBuildingManager, class org.waldreg.teambuilding.teambuilding.management.teamcreator.TeamCreator}', contextInitializerClasses = '[]', activeProfiles = '{}', propertySourceLocations = '{}', propertySourceProperties = '{}', contextCustomizers = set[org.springframework.boot.test.autoconfigure.actuate.metrics.MetricsExportContextCustomizerFactory$DisableMetricExportContextCustomizer@1efe439d, org.springframework.boot.test.autoconfigure.properties.PropertyMappingContextCustomizer@0, org.springframework.boot.test.autoconfigure.web.servlet.WebDriverContextCustomizerFactory$Customizer@51fadaff, org.springframework.boot.test.context.filter.ExcludeFilterContextCustomizer@67d18ed7, org.springframework.boot.test.json.DuplicateJsonObjectContextCustomizerFactory$DuplicateJsonObjectContextCustomizer@7a67e3c6, org.springframework.boot.test.mock.mockito.MockitoContextCustomizer@35ad4949], contextLoader = 'org.springframework.test.context.support.DelegatingSmartContextLoader', parent = [null]]]
23:51:44.970 [Test worker] DEBUG org.springframework.test.context.cache - Spring test ApplicationContext cache statistics: [DefaultContextCache@7c447c76 size = 2, maxSize = 32, parentContextCount = 0, hitCount = 318, missCount = 2]
23:51:44.970 [Test worker] DEBUG org.springframework.test.context.cache.DefaultCacheAwareContextLoaderDelegate - Retrieved ApplicationContext [2078741622] from cache with key [[MergedContextConfiguration@f288c14 testClass = TeamBuildingServiceTest, locations = '{}', classes = '{class org.waldreg.teambuilding.teambuilding.management.DefaultTeamBuildingManager, class org.waldreg.teambuilding.teambuilding.management.teamcreator.TeamCreator}', contextInitializerClasses = '[]', activeProfiles = '{}', propertySourceLocations = '{}', propertySourceProperties = '{}', contextCustomizers = set[org.springframework.boot.test.autoconfigure.actuate.metrics.MetricsExportContextCustomizerFactory$DisableMetricExportContextCustomizer@1efe439d, org.springframework.boot.test.autoconfigure.properties.PropertyMappingContextCustomizer@0, org.springframework.boot.test.autoconfigure.web.servlet.WebDriverContextCustomizerFactory$Customizer@51fadaff, org.springframework.boot.test.context.filter.ExcludeFilterContextCustomizer@67d18ed7, org.springframework.boot.test.json.DuplicateJsonObjectContextCustomizerFactory$DuplicateJsonObjectContextCustomizer@7a67e3c6, org.springframework.boot.test.mock.mockito.MockitoContextCustomizer@35ad4949], contextLoader = 'org.springframework.test.context.support.DelegatingSmartContextLoader', parent = [null]]]
23:51:44.970 [Test worker] DEBUG org.springframework.test.context.cache - Spring test ApplicationContext cache statistics: [DefaultContextCache@7c447c76 size = 2, maxSize = 32, parentContextCount = 0, hitCount = 319, missCount = 2]
23:51:44.970 [Test worker] DEBUG org.springframework.test.context.cache.DefaultCacheAwareContextLoaderDelegate - Retrieved ApplicationContext [2078741622] from cache with key [[MergedContextConfiguration@f288c14 testClass = TeamBuildingServiceTest, locations = '{}', classes = '{class org.waldreg.teambuilding.teambuilding.management.DefaultTeamBuildingManager, class org.waldreg.teambuilding.teambuilding.management.teamcreator.TeamCreator}', contextInitializerClasses = '[]', activeProfiles = '{}', propertySourceLocations = '{}', propertySourceProperties = '{}', contextCustomizers = set[org.springframework.boot.test.autoconfigure.actuate.metrics.MetricsExportContextCustomizerFactory$DisableMetricExportContextCustomizer@1efe439d, org.springframework.boot.test.autoconfigure.properties.PropertyMappingContextCustomizer@0, org.springframework.boot.test.autoconfigure.web.servlet.WebDriverContextCustomizerFactory$Customizer@51fadaff, org.springframework.boot.test.context.filter.ExcludeFilterContextCustomizer@67d18ed7, org.springframework.boot.test.json.DuplicateJsonObjectContextCustomizerFactory$DuplicateJsonObjectContextCustomizer@7a67e3c6, org.springframework.boot.test.mock.mockito.MockitoContextCustomizer@35ad4949], contextLoader = 'org.springframework.test.context.support.DelegatingSmartContextLoader', parent = [null]]]
23:51:44.970 [Test worker] DEBUG org.springframework.test.context.cache - Spring test ApplicationContext cache statistics: [DefaultContextCache@7c447c76 size = 2, maxSize = 32, parentContextCount = 0, hitCount = 320, missCount = 2]
23:51:44.970 [Test worker] DEBUG org.springframework.test.context.cache.DefaultCacheAwareContextLoaderDelegate - Retrieved ApplicationContext [2078741622] from cache with key [[MergedContextConfiguration@f288c14 testClass = TeamBuildingServiceTest, locations = '{}', classes = '{class org.waldreg.teambuilding.teambuilding.management.DefaultTeamBuildingManager, class org.waldreg.teambuilding.teambuilding.management.teamcreator.TeamCreator}', contextInitializerClasses = '[]', activeProfiles = '{}', propertySourceLocations = '{}', propertySourceProperties = '{}', contextCustomizers = set[org.springframework.boot.test.autoconfigure.actuate.metrics.MetricsExportContextCustomizerFactory$DisableMetricExportContextCustomizer@1efe439d, org.springframework.boot.test.autoconfigure.properties.PropertyMappingContextCustomizer@0, org.springframework.boot.test.autoconfigure.web.servlet.WebDriverContextCustomizerFactory$Customizer@51fadaff, org.springframework.boot.test.context.filter.ExcludeFilterContextCustomizer@67d18ed7, org.springframework.boot.test.json.DuplicateJsonObjectContextCustomizerFactory$DuplicateJsonObjectContextCustomizer@7a67e3c6, org.springframework.boot.test.mock.mockito.MockitoContextCustomizer@35ad4949], contextLoader = 'org.springframework.test.context.support.DelegatingSmartContextLoader', parent = [null]]]
23:51:44.970 [Test worker] DEBUG org.springframework.test.context.cache - Spring test ApplicationContext cache statistics: [DefaultContextCache@7c447c76 size = 2, maxSize = 32, parentContextCount = 0, hitCount = 321, missCount = 2]
23:51:44.970 [Test worker] DEBUG org.springframework.test.context.cache.DefaultCacheAwareContextLoaderDelegate - Retrieved ApplicationContext [2078741622] from cache with key [[MergedContextConfiguration@f288c14 testClass = TeamBuildingServiceTest, locations = '{}', classes = '{class org.waldreg.teambuilding.teambuilding.management.DefaultTeamBuildingManager, class org.waldreg.teambuilding.teambuilding.management.teamcreator.TeamCreator}', contextInitializerClasses = '[]', activeProfiles = '{}', propertySourceLocations = '{}', propertySourceProperties = '{}', contextCustomizers = set[org.springframework.boot.test.autoconfigure.actuate.metrics.MetricsExportContextCustomizerFactory$DisableMetricExportContextCustomizer@1efe439d, org.springframework.boot.test.autoconfigure.properties.PropertyMappingContextCustomizer@0, org.springframework.boot.test.autoconfigure.web.servlet.WebDriverContextCustomizerFactory$Customizer@51fadaff, org.springframework.boot.test.context.filter.ExcludeFilterContextCustomizer@67d18ed7, org.springframework.boot.test.json.DuplicateJsonObjectContextCustomizerFactory$DuplicateJsonObjectContextCustomizer@7a67e3c6, org.springframework.boot.test.mock.mockito.MockitoContextCustomizer@35ad4949], contextLoader = 'org.springframework.test.context.support.DelegatingSmartContextLoader', parent = [null]]]
23:51:44.970 [Test worker] DEBUG org.springframework.test.context.cache - Spring test ApplicationContext cache statistics: [DefaultContextCache@7c447c76 size = 2, maxSize = 32, parentContextCount = 0, hitCount = 322, missCount = 2]
23:51:44.970 [Test worker] DEBUG org.springframework.test.context.cache.DefaultCacheAwareContextLoaderDelegate - Retrieved ApplicationContext [2078741622] from cache with key [[MergedContextConfiguration@f288c14 testClass = TeamBuildingServiceTest, locations = '{}', classes = '{class org.waldreg.teambuilding.teambuilding.management.DefaultTeamBuildingManager, class org.waldreg.teambuilding.teambuilding.management.teamcreator.TeamCreator}', contextInitializerClasses = '[]', activeProfiles = '{}', propertySourceLocations = '{}', propertySourceProperties = '{}', contextCustomizers = set[org.springframework.boot.test.autoconfigure.actuate.metrics.MetricsExportContextCustomizerFactory$DisableMetricExportContextCustomizer@1efe439d, org.springframework.boot.test.autoconfigure.properties.PropertyMappingContextCustomizer@0, org.springframework.boot.test.autoconfigure.web.servlet.WebDriverContextCustomizerFactory$Customizer@51fadaff, org.springframework.boot.test.context.filter.ExcludeFilterContextCustomizer@67d18ed7, org.springframework.boot.test.json.DuplicateJsonObjectContextCustomizerFactory$DuplicateJsonObjectContextCustomizer@7a67e3c6, org.springframework.boot.test.mock.mockito.MockitoContextCustomizer@35ad4949], contextLoader = 'org.springframework.test.context.support.DelegatingSmartContextLoader', parent = [null]]]
23:51:44.970 [Test worker] DEBUG org.springframework.test.context.cache - Spring test ApplicationContext cache statistics: [DefaultContextCache@7c447c76 size = 2, maxSize = 32, parentContextCount = 0, hitCount = 323, missCount = 2]
23:51:44.970 [Test worker] DEBUG org.springframework.test.context.support.AbstractDirtiesContextTestExecutionListener - After test method: context [DefaultTestContext@5c1f6d57 testClass = TeamBuildingServiceTest, testInstance = org.waldreg.teambuilding.TeamBuildingServiceTest@7c1e32c9, testMethod = CREATE_NEW_TEAM_BUILDING_FAIL_CAUSE_UNKNOWN_USER_ID_TEST@TeamBuildingServiceTest, testException = [null], mergedContextConfiguration = [MergedContextConfiguration@f288c14 testClass = TeamBuildingServiceTest, locations = '{}', classes = '{class org.waldreg.teambuilding.teambuilding.management.DefaultTeamBuildingManager, class org.waldreg.teambuilding.teambuilding.management.teamcreator.TeamCreator}', contextInitializerClasses = '[]', activeProfiles = '{}', propertySourceLocations = '{}', propertySourceProperties = '{}', contextCustomizers = set[org.springframework.boot.test.autoconfigure.actuate.metrics.MetricsExportContextCustomizerFactory$DisableMetricExportContextCustomizer@1efe439d, org.springframework.boot.test.autoconfigure.properties.PropertyMappingContextCustomizer@0, org.springframework.boot.test.autoconfigure.web.servlet.WebDriverContextCustomizerFactory$Customizer@51fadaff, org.springframework.boot.test.context.filter.ExcludeFilterContextCustomizer@67d18ed7, org.springframework.boot.test.json.DuplicateJsonObjectContextCustomizerFactory$DuplicateJsonObjectContextCustomizer@7a67e3c6, org.springframework.boot.test.mock.mockito.MockitoContextCustomizer@35ad4949], contextLoader = 'org.springframework.test.context.support.DelegatingSmartContextLoader', parent = [null]], attributes = map['org.springframework.test.context.event.ApplicationEventsTestExecutionListener.recordApplicationEvents' -> false]], class annotated with @DirtiesContext [false] with mode [null], method annotated with @DirtiesContext [false] with mode [null].
23:51:44.971 [Test worker] DEBUG org.springframework.test.context.cache.DefaultCacheAwareContextLoaderDelegate - Retrieved ApplicationContext [2078741622] from cache with key [[MergedContextConfiguration@f288c14 testClass = TeamBuildingServiceTest, locations = '{}', classes = '{class org.waldreg.teambuilding.teambuilding.management.DefaultTeamBuildingManager, class org.waldreg.teambuilding.teambuilding.management.teamcreator.TeamCreator}', contextInitializerClasses = '[]', activeProfiles = '{}', propertySourceLocations = '{}', propertySourceProperties = '{}', contextCustomizers = set[org.springframework.boot.test.autoconfigure.actuate.metrics.MetricsExportContextCustomizerFactory$DisableMetricExportContextCustomizer@1efe439d, org.springframework.boot.test.autoconfigure.properties.PropertyMappingContextCustomizer@0, org.springframework.boot.test.autoconfigure.web.servlet.WebDriverContextCustomizerFactory$Customizer@51fadaff, org.springframework.boot.test.context.filter.ExcludeFilterContextCustomizer@67d18ed7, org.springframework.boot.test.json.DuplicateJsonObjectContextCustomizerFactory$DuplicateJsonObjectContextCustomizer@7a67e3c6, org.springframework.boot.test.mock.mockito.MockitoContextCustomizer@35ad4949], contextLoader = 'org.springframework.test.context.support.DelegatingSmartContextLoader', parent = [null]]]
23:51:44.971 [Test worker] DEBUG org.springframework.test.context.cache - Spring test ApplicationContext cache statistics: [DefaultContextCache@7c447c76 size = 2, maxSize = 32, parentContextCount = 0, hitCount = 324, missCount = 2]
23:51:44.971 [Test worker] DEBUG org.springframework.test.context.support.DependencyInjectionTestExecutionListener - Performing dependency injection for test context [[DefaultTestContext@5c1f6d57 testClass = TeamBuildingServiceTest, testInstance = org.waldreg.teambuilding.TeamBuildingServiceTest@3dd818e8, testMethod = [null], testException = [null], mergedContextConfiguration = [MergedContextConfiguration@f288c14 testClass = TeamBuildingServiceTest, locations = '{}', classes = '{class org.waldreg.teambuilding.teambuilding.management.DefaultTeamBuildingManager, class org.waldreg.teambuilding.teambuilding.management.teamcreator.TeamCreator}', contextInitializerClasses = '[]', activeProfiles = '{}', propertySourceLocations = '{}', propertySourceProperties = '{}', contextCustomizers = set[org.springframework.boot.test.autoconfigure.actuate.metrics.MetricsExportContextCustomizerFactory$DisableMetricExportContextCustomizer@1efe439d, org.springframework.boot.test.autoconfigure.properties.PropertyMappingContextCustomizer@0, org.springframework.boot.test.autoconfigure.web.servlet.WebDriverContextCustomizerFactory$Customizer@51fadaff, org.springframework.boot.test.context.filter.ExcludeFilterContextCustomizer@67d18ed7, org.springframework.boot.test.json.DuplicateJsonObjectContextCustomizerFactory$DuplicateJsonObjectContextCustomizer@7a67e3c6, org.springframework.boot.test.mock.mockito.MockitoContextCustomizer@35ad4949], contextLoader = 'org.springframework.test.context.support.DelegatingSmartContextLoader', parent = [null]], attributes = map['org.springframework.test.context.event.ApplicationEventsTestExecutionListener.recordApplicationEvents' -> false]]].
23:51:44.971 [Test worker] DEBUG org.springframework.test.context.cache.DefaultCacheAwareContextLoaderDelegate - Retrieved ApplicationContext [2078741622] from cache with key [[MergedContextConfiguration@f288c14 testClass = TeamBuildingServiceTest, locations = '{}', classes = '{class org.waldreg.teambuilding.teambuilding.management.DefaultTeamBuildingManager, class org.waldreg.teambuilding.teambuilding.management.teamcreator.TeamCreator}', contextInitializerClasses = '[]', activeProfiles = '{}', propertySourceLocations = '{}', propertySourceProperties = '{}', contextCustomizers = set[org.springframework.boot.test.autoconfigure.actuate.metrics.MetricsExportContextCustomizerFactory$DisableMetricExportContextCustomizer@1efe439d, org.springframework.boot.test.autoconfigure.properties.PropertyMappingContextCustomizer@0, org.springframework.boot.test.autoconfigure.web.servlet.WebDriverContextCustomizerFactory$Customizer@51fadaff, org.springframework.boot.test.context.filter.ExcludeFilterContextCustomizer@67d18ed7, org.springframework.boot.test.json.DuplicateJsonObjectContextCustomizerFactory$DuplicateJsonObjectContextCustomizer@7a67e3c6, org.springframework.boot.test.mock.mockito.MockitoContextCustomizer@35ad4949], contextLoader = 'org.springframework.test.context.support.DelegatingSmartContextLoader', parent = [null]]]
23:51:44.971 [Test worker] DEBUG org.springframework.test.context.cache - Spring test ApplicationContext cache statistics: [DefaultContextCache@7c447c76 size = 2, maxSize = 32, parentContextCount = 0, hitCount = 325, missCount = 2]
23:51:44.971 [Test worker] DEBUG org.springframework.test.context.cache.DefaultCacheAwareContextLoaderDelegate - Retrieved ApplicationContext [2078741622] from cache with key [[MergedContextConfiguration@f288c14 testClass = TeamBuildingServiceTest, locations = '{}', classes = '{class org.waldreg.teambuilding.teambuilding.management.DefaultTeamBuildingManager, class org.waldreg.teambuilding.teambuilding.management.teamcreator.TeamCreator}', contextInitializerClasses = '[]', activeProfiles = '{}', propertySourceLocations = '{}', propertySourceProperties = '{}', contextCustomizers = set[org.springframework.boot.test.autoconfigure.actuate.metrics.MetricsExportContextCustomizerFactory$DisableMetricExportContextCustomizer@1efe439d, org.springframework.boot.test.autoconfigure.properties.PropertyMappingContextCustomizer@0, org.springframework.boot.test.autoconfigure.web.servlet.WebDriverContextCustomizerFactory$Customizer@51fadaff, org.springframework.boot.test.context.filter.ExcludeFilterContextCustomizer@67d18ed7, org.springframework.boot.test.json.DuplicateJsonObjectContextCustomizerFactory$DuplicateJsonObjectContextCustomizer@7a67e3c6, org.springframework.boot.test.mock.mockito.MockitoContextCustomizer@35ad4949], contextLoader = 'org.springframework.test.context.support.DelegatingSmartContextLoader', parent = [null]]]
23:51:44.971 [Test worker] DEBUG org.springframework.test.context.cache - Spring test ApplicationContext cache statistics: [DefaultContextCache@7c447c76 size = 2, maxSize = 32, parentContextCount = 0, hitCount = 326, missCount = 2]
23:51:44.971 [Test worker] DEBUG org.springframework.test.context.support.AbstractDirtiesContextTestExecutionListener - Before test method: context [DefaultTestContext@5c1f6d57 testClass = TeamBuildingServiceTest, testInstance = org.waldreg.teambuilding.TeamBuildingServiceTest@3dd818e8, testMethod = DELETE_TEAM_BUILDING_FAIL_CAUSE_UNKNOWN_TEAM_BUILDING_ID_TEST@TeamBuildingServiceTest, testException = [null], mergedContextConfiguration = [MergedContextConfiguration@f288c14 testClass = TeamBuildingServiceTest, locations = '{}', classes = '{class org.waldreg.teambuilding.teambuilding.management.DefaultTeamBuildingManager, class org.waldreg.teambuilding.teambuilding.management.teamcreator.TeamCreator}', contextInitializerClasses = '[]', activeProfiles = '{}', propertySourceLocations = '{}', propertySourceProperties = '{}', contextCustomizers = set[org.springframework.boot.test.autoconfigure.actuate.metrics.MetricsExportContextCustomizerFactory$DisableMetricExportContextCustomizer@1efe439d, org.springframework.boot.test.autoconfigure.properties.PropertyMappingContextCustomizer@0, org.springframework.boot.test.autoconfigure.web.servlet.WebDriverContextCustomizerFactory$Customizer@51fadaff, org.springframework.boot.test.context.filter.ExcludeFilterContextCustomizer@67d18ed7, org.springframework.boot.test.json.DuplicateJsonObjectContextCustomizerFactory$DuplicateJsonObjectContextCustomizer@7a67e3c6, org.springframework.boot.test.mock.mockito.MockitoContextCustomizer@35ad4949], contextLoader = 'org.springframework.test.context.support.DelegatingSmartContextLoader', parent = [null]], attributes = map['org.springframework.test.context.event.ApplicationEventsTestExecutionListener.recordApplicationEvents' -> false]], class annotated with @DirtiesContext [false] with mode [null], method annotated with @DirtiesContext [false] with mode [null].
23:51:44.971 [Test worker] DEBUG org.springframework.test.context.cache.DefaultCacheAwareContextLoaderDelegate - Retrieved ApplicationContext [2078741622] from cache with key [[MergedContextConfiguration@f288c14 testClass = TeamBuildingServiceTest, locations = '{}', classes = '{class org.waldreg.teambuilding.teambuilding.management.DefaultTeamBuildingManager, class org.waldreg.teambuilding.teambuilding.management.teamcreator.TeamCreator}', contextInitializerClasses = '[]', activeProfiles = '{}', propertySourceLocations = '{}', propertySourceProperties = '{}', contextCustomizers = set[org.springframework.boot.test.autoconfigure.actuate.metrics.MetricsExportContextCustomizerFactory$DisableMetricExportContextCustomizer@1efe439d, org.springframework.boot.test.autoconfigure.properties.PropertyMappingContextCustomizer@0, org.springframework.boot.test.autoconfigure.web.servlet.WebDriverContextCustomizerFactory$Customizer@51fadaff, org.springframework.boot.test.context.filter.ExcludeFilterContextCustomizer@67d18ed7, org.springframework.boot.test.json.DuplicateJsonObjectContextCustomizerFactory$DuplicateJsonObjectContextCustomizer@7a67e3c6, org.springframework.boot.test.mock.mockito.MockitoContextCustomizer@35ad4949], contextLoader = 'org.springframework.test.context.support.DelegatingSmartContextLoader', parent = [null]]]
23:51:44.971 [Test worker] DEBUG org.springframework.test.context.cache - Spring test ApplicationContext cache statistics: [DefaultContextCache@7c447c76 size = 2, maxSize = 32, parentContextCount = 0, hitCount = 327, missCount = 2]
23:51:44.971 [Test worker] DEBUG org.springframework.test.context.cache.DefaultCacheAwareContextLoaderDelegate - Retrieved ApplicationContext [2078741622] from cache with key [[MergedContextConfiguration@f288c14 testClass = TeamBuildingServiceTest, locations = '{}', classes = '{class org.waldreg.teambuilding.teambuilding.management.DefaultTeamBuildingManager, class org.waldreg.teambuilding.teambuilding.management.teamcreator.TeamCreator}', contextInitializerClasses = '[]', activeProfiles = '{}', propertySourceLocations = '{}', propertySourceProperties = '{}', contextCustomizers = set[org.springframework.boot.test.autoconfigure.actuate.metrics.MetricsExportContextCustomizerFactory$DisableMetricExportContextCustomizer@1efe439d, org.springframework.boot.test.autoconfigure.properties.PropertyMappingContextCustomizer@0, org.springframework.boot.test.autoconfigure.web.servlet.WebDriverContextCustomizerFactory$Customizer@51fadaff, org.springframework.boot.test.context.filter.ExcludeFilterContextCustomizer@67d18ed7, org.springframework.boot.test.json.DuplicateJsonObjectContextCustomizerFactory$DuplicateJsonObjectContextCustomizer@7a67e3c6, org.springframework.boot.test.mock.mockito.MockitoContextCustomizer@35ad4949], contextLoader = 'org.springframework.test.context.support.DelegatingSmartContextLoader', parent = [null]]]
23:51:44.971 [Test worker] DEBUG org.springframework.test.context.cache - Spring test ApplicationContext cache statistics: [DefaultContextCache@7c447c76 size = 2, maxSize = 32, parentContextCount = 0, hitCount = 328, missCount = 2]
23:51:44.971 [Test worker] DEBUG org.springframework.test.context.cache.DefaultCacheAwareContextLoaderDelegate - Retrieved ApplicationContext [2078741622] from cache with key [[MergedContextConfiguration@f288c14 testClass = TeamBuildingServiceTest, locations = '{}', classes = '{class org.waldreg.teambuilding.teambuilding.management.DefaultTeamBuildingManager, class org.waldreg.teambuilding.teambuilding.management.teamcreator.TeamCreator}', contextInitializerClasses = '[]', activeProfiles = '{}', propertySourceLocations = '{}', propertySourceProperties = '{}', contextCustomizers = set[org.springframework.boot.test.autoconfigure.actuate.metrics.MetricsExportContextCustomizerFactory$DisableMetricExportContextCustomizer@1efe439d, org.springframework.boot.test.autoconfigure.properties.PropertyMappingContextCustomizer@0, org.springframework.boot.test.autoconfigure.web.servlet.WebDriverContextCustomizerFactory$Customizer@51fadaff, org.springframework.boot.test.context.filter.ExcludeFilterContextCustomizer@67d18ed7, org.springframework.boot.test.json.DuplicateJsonObjectContextCustomizerFactory$DuplicateJsonObjectContextCustomizer@7a67e3c6, org.springframework.boot.test.mock.mockito.MockitoContextCustomizer@35ad4949], contextLoader = 'org.springframework.test.context.support.DelegatingSmartContextLoader', parent = [null]]]
23:51:44.971 [Test worker] DEBUG org.springframework.test.context.cache - Spring test ApplicationContext cache statistics: [DefaultContextCache@7c447c76 size = 2, maxSize = 32, parentContextCount = 0, hitCount = 329, missCount = 2]
23:51:44.971 [Test worker] DEBUG org.springframework.test.context.cache.DefaultCacheAwareContextLoaderDelegate - Retrieved ApplicationContext [2078741622] from cache with key [[MergedContextConfiguration@f288c14 testClass = TeamBuildingServiceTest, locations = '{}', classes = '{class org.waldreg.teambuilding.teambuilding.management.DefaultTeamBuildingManager, class org.waldreg.teambuilding.teambuilding.management.teamcreator.TeamCreator}', contextInitializerClasses = '[]', activeProfiles = '{}', propertySourceLocations = '{}', propertySourceProperties = '{}', contextCustomizers = set[org.springframework.boot.test.autoconfigure.actuate.metrics.MetricsExportContextCustomizerFactory$DisableMetricExportContextCustomizer@1efe439d, org.springframework.boot.test.autoconfigure.properties.PropertyMappingContextCustomizer@0, org.springframework.boot.test.autoconfigure.web.servlet.WebDriverContextCustomizerFactory$Customizer@51fadaff, org.springframework.boot.test.context.filter.ExcludeFilterContextCustomizer@67d18ed7, org.springframework.boot.test.json.DuplicateJsonObjectContextCustomizerFactory$DuplicateJsonObjectContextCustomizer@7a67e3c6, org.springframework.boot.test.mock.mockito.MockitoContextCustomizer@35ad4949], contextLoader = 'org.springframework.test.context.support.DelegatingSmartContextLoader', parent = [null]]]
23:51:44.971 [Test worker] DEBUG org.springframework.test.context.cache - Spring test ApplicationContext cache statistics: [DefaultContextCache@7c447c76 size = 2, maxSize = 32, parentContextCount = 0, hitCount = 330, missCount = 2]
23:51:44.971 [Test worker] DEBUG org.springframework.test.context.cache.DefaultCacheAwareContextLoaderDelegate - Retrieved ApplicationContext [2078741622] from cache with key [[MergedContextConfiguration@f288c14 testClass = TeamBuildingServiceTest, locations = '{}', classes = '{class org.waldreg.teambuilding.teambuilding.management.DefaultTeamBuildingManager, class org.waldreg.teambuilding.teambuilding.management.teamcreator.TeamCreator}', contextInitializerClasses = '[]', activeProfiles = '{}', propertySourceLocations = '{}', propertySourceProperties = '{}', contextCustomizers = set[org.springframework.boot.test.autoconfigure.actuate.metrics.MetricsExportContextCustomizerFactory$DisableMetricExportContextCustomizer@1efe439d, org.springframework.boot.test.autoconfigure.properties.PropertyMappingContextCustomizer@0, org.springframework.boot.test.autoconfigure.web.servlet.WebDriverContextCustomizerFactory$Customizer@51fadaff, org.springframework.boot.test.context.filter.ExcludeFilterContextCustomizer@67d18ed7, org.springframework.boot.test.json.DuplicateJsonObjectContextCustomizerFactory$DuplicateJsonObjectContextCustomizer@7a67e3c6, org.springframework.boot.test.mock.mockito.MockitoContextCustomizer@35ad4949], contextLoader = 'org.springframework.test.context.support.DelegatingSmartContextLoader', parent = [null]]]
23:51:44.971 [Test worker] DEBUG org.springframework.test.context.cache - Spring test ApplicationContext cache statistics: [DefaultContextCache@7c447c76 size = 2, maxSize = 32, parentContextCount = 0, hitCount = 331, missCount = 2]
23:51:44.972 [Test worker] DEBUG org.springframework.test.context.cache.DefaultCacheAwareContextLoaderDelegate - Retrieved ApplicationContext [2078741622] from cache with key [[MergedContextConfiguration@f288c14 testClass = TeamBuildingServiceTest, locations = '{}', classes = '{class org.waldreg.teambuilding.teambuilding.management.DefaultTeamBuildingManager, class org.waldreg.teambuilding.teambuilding.management.teamcreator.TeamCreator}', contextInitializerClasses = '[]', activeProfiles = '{}', propertySourceLocations = '{}', propertySourceProperties = '{}', contextCustomizers = set[org.springframework.boot.test.autoconfigure.actuate.metrics.MetricsExportContextCustomizerFactory$DisableMetricExportContextCustomizer@1efe439d, org.springframework.boot.test.autoconfigure.properties.PropertyMappingContextCustomizer@0, org.springframework.boot.test.autoconfigure.web.servlet.WebDriverContextCustomizerFactory$Customizer@51fadaff, org.springframework.boot.test.context.filter.ExcludeFilterContextCustomizer@67d18ed7, org.springframework.boot.test.json.DuplicateJsonObjectContextCustomizerFactory$DuplicateJsonObjectContextCustomizer@7a67e3c6, org.springframework.boot.test.mock.mockito.MockitoContextCustomizer@35ad4949], contextLoader = 'org.springframework.test.context.support.DelegatingSmartContextLoader', parent = [null]]]
23:51:44.972 [Test worker] DEBUG org.springframework.test.context.cache - Spring test ApplicationContext cache statistics: [DefaultContextCache@7c447c76 size = 2, maxSize = 32, parentContextCount = 0, hitCount = 332, missCount = 2]
23:51:44.972 [Test worker] DEBUG org.springframework.test.context.cache.DefaultCacheAwareContextLoaderDelegate - Retrieved ApplicationContext [2078741622] from cache with key [[MergedContextConfiguration@f288c14 testClass = TeamBuildingServiceTest, locations = '{}', classes = '{class org.waldreg.teambuilding.teambuilding.management.DefaultTeamBuildingManager, class org.waldreg.teambuilding.teambuilding.management.teamcreator.TeamCreator}', contextInitializerClasses = '[]', activeProfiles = '{}', propertySourceLocations = '{}', propertySourceProperties = '{}', contextCustomizers = set[org.springframework.boot.test.autoconfigure.actuate.metrics.MetricsExportContextCustomizerFactory$DisableMetricExportContextCustomizer@1efe439d, org.springframework.boot.test.autoconfigure.properties.PropertyMappingContextCustomizer@0, org.springframework.boot.test.autoconfigure.web.servlet.WebDriverContextCustomizerFactory$Customizer@51fadaff, org.springframework.boot.test.context.filter.ExcludeFilterContextCustomizer@67d18ed7, org.springframework.boot.test.json.DuplicateJsonObjectContextCustomizerFactory$DuplicateJsonObjectContextCustomizer@7a67e3c6, org.springframework.boot.test.mock.mockito.MockitoContextCustomizer@35ad4949], contextLoader = 'org.springframework.test.context.support.DelegatingSmartContextLoader', parent = [null]]]
23:51:44.972 [Test worker] DEBUG org.springframework.test.context.cache - Spring test ApplicationContext cache statistics: [DefaultContextCache@7c447c76 size = 2, maxSize = 32, parentContextCount = 0, hitCount = 333, missCount = 2]
23:51:44.972 [Test worker] DEBUG org.springframework.test.context.cache.DefaultCacheAwareContextLoaderDelegate - Retrieved ApplicationContext [2078741622] from cache with key [[MergedContextConfiguration@f288c14 testClass = TeamBuildingServiceTest, locations = '{}', classes = '{class org.waldreg.teambuilding.teambuilding.management.DefaultTeamBuildingManager, class org.waldreg.teambuilding.teambuilding.management.teamcreator.TeamCreator}', contextInitializerClasses = '[]', activeProfiles = '{}', propertySourceLocations = '{}', propertySourceProperties = '{}', contextCustomizers = set[org.springframework.boot.test.autoconfigure.actuate.metrics.MetricsExportContextCustomizerFactory$DisableMetricExportContextCustomizer@1efe439d, org.springframework.boot.test.autoconfigure.properties.PropertyMappingContextCustomizer@0, org.springframework.boot.test.autoconfigure.web.servlet.WebDriverContextCustomizerFactory$Customizer@51fadaff, org.springframework.boot.test.context.filter.ExcludeFilterContextCustomizer@67d18ed7, org.springframework.boot.test.json.DuplicateJsonObjectContextCustomizerFactory$DuplicateJsonObjectContextCustomizer@7a67e3c6, org.springframework.boot.test.mock.mockito.MockitoContextCustomizer@35ad4949], contextLoader = 'org.springframework.test.context.support.DelegatingSmartContextLoader', parent = [null]]]
23:51:44.972 [Test worker] DEBUG org.springframework.test.context.cache - Spring test ApplicationContext cache statistics: [DefaultContextCache@7c447c76 size = 2, maxSize = 32, parentContextCount = 0, hitCount = 334, missCount = 2]
23:51:44.972 [Test worker] DEBUG org.springframework.test.context.cache.DefaultCacheAwareContextLoaderDelegate - Retrieved ApplicationContext [2078741622] from cache with key [[MergedContextConfiguration@f288c14 testClass = TeamBuildingServiceTest, locations = '{}', classes = '{class org.waldreg.teambuilding.teambuilding.management.DefaultTeamBuildingManager, class org.waldreg.teambuilding.teambuilding.management.teamcreator.TeamCreator}', contextInitializerClasses = '[]', activeProfiles = '{}', propertySourceLocations = '{}', propertySourceProperties = '{}', contextCustomizers = set[org.springframework.boot.test.autoconfigure.actuate.metrics.MetricsExportContextCustomizerFactory$DisableMetricExportContextCustomizer@1efe439d, org.springframework.boot.test.autoconfigure.properties.PropertyMappingContextCustomizer@0, org.springframework.boot.test.autoconfigure.web.servlet.WebDriverContextCustomizerFactory$Customizer@51fadaff, org.springframework.boot.test.context.filter.ExcludeFilterContextCustomizer@67d18ed7, org.springframework.boot.test.json.DuplicateJsonObjectContextCustomizerFactory$DuplicateJsonObjectContextCustomizer@7a67e3c6, org.springframework.boot.test.mock.mockito.MockitoContextCustomizer@35ad4949], contextLoader = 'org.springframework.test.context.support.DelegatingSmartContextLoader', parent = [null]]]
23:51:44.972 [Test worker] DEBUG org.springframework.test.context.cache - Spring test ApplicationContext cache statistics: [DefaultContextCache@7c447c76 size = 2, maxSize = 32, parentContextCount = 0, hitCount = 335, missCount = 2]
23:51:44.972 [Test worker] DEBUG org.springframework.test.context.support.AbstractDirtiesContextTestExecutionListener - After test method: context [DefaultTestContext@5c1f6d57 testClass = TeamBuildingServiceTest, testInstance = org.waldreg.teambuilding.TeamBuildingServiceTest@3dd818e8, testMethod = DELETE_TEAM_BUILDING_FAIL_CAUSE_UNKNOWN_TEAM_BUILDING_ID_TEST@TeamBuildingServiceTest, testException = [null], mergedContextConfiguration = [MergedContextConfiguration@f288c14 testClass = TeamBuildingServiceTest, locations = '{}', classes = '{class org.waldreg.teambuilding.teambuilding.management.DefaultTeamBuildingManager, class org.waldreg.teambuilding.teambuilding.management.teamcreator.TeamCreator}', contextInitializerClasses = '[]', activeProfiles = '{}', propertySourceLocations = '{}', propertySourceProperties = '{}', contextCustomizers = set[org.springframework.boot.test.autoconfigure.actuate.metrics.MetricsExportContextCustomizerFactory$DisableMetricExportContextCustomizer@1efe439d, org.springframework.boot.test.autoconfigure.properties.PropertyMappingContextCustomizer@0, org.springframework.boot.test.autoconfigure.web.servlet.WebDriverContextCustomizerFactory$Customizer@51fadaff, org.springframework.boot.test.context.filter.ExcludeFilterContextCustomizer@67d18ed7, org.springframework.boot.test.json.DuplicateJsonObjectContextCustomizerFactory$DuplicateJsonObjectContextCustomizer@7a67e3c6, org.springframework.boot.test.mock.mockito.MockitoContextCustomizer@35ad4949], contextLoader = 'org.springframework.test.context.support.DelegatingSmartContextLoader', parent = [null]], attributes = map['org.springframework.test.context.event.ApplicationEventsTestExecutionListener.recordApplicationEvents' -> false]], class annotated with @DirtiesContext [false] with mode [null], method annotated with @DirtiesContext [false] with mode [null].
23:51:44.972 [Test worker] DEBUG org.springframework.test.context.cache.DefaultCacheAwareContextLoaderDelegate - Retrieved ApplicationContext [2078741622] from cache with key [[MergedContextConfiguration@f288c14 testClass = TeamBuildingServiceTest, locations = '{}', classes = '{class org.waldreg.teambuilding.teambuilding.management.DefaultTeamBuildingManager, class org.waldreg.teambuilding.teambuilding.management.teamcreator.TeamCreator}', contextInitializerClasses = '[]', activeProfiles = '{}', propertySourceLocations = '{}', propertySourceProperties = '{}', contextCustomizers = set[org.springframework.boot.test.autoconfigure.actuate.metrics.MetricsExportContextCustomizerFactory$DisableMetricExportContextCustomizer@1efe439d, org.springframework.boot.test.autoconfigure.properties.PropertyMappingContextCustomizer@0, org.springframework.boot.test.autoconfigure.web.servlet.WebDriverContextCustomizerFactory$Customizer@51fadaff, org.springframework.boot.test.context.filter.ExcludeFilterContextCustomizer@67d18ed7, org.springframework.boot.test.json.DuplicateJsonObjectContextCustomizerFactory$DuplicateJsonObjectContextCustomizer@7a67e3c6, org.springframework.boot.test.mock.mockito.MockitoContextCustomizer@35ad4949], contextLoader = 'org.springframework.test.context.support.DelegatingSmartContextLoader', parent = [null]]]
23:51:44.972 [Test worker] DEBUG org.springframework.test.context.cache - Spring test ApplicationContext cache statistics: [DefaultContextCache@7c447c76 size = 2, maxSize = 32, parentContextCount = 0, hitCount = 336, missCount = 2]
23:51:44.972 [Test worker] DEBUG org.springframework.test.context.support.DependencyInjectionTestExecutionListener - Performing dependency injection for test context [[DefaultTestContext@5c1f6d57 testClass = TeamBuildingServiceTest, testInstance = org.waldreg.teambuilding.TeamBuildingServiceTest@41b1f51e, testMethod = [null], testException = [null], mergedContextConfiguration = [MergedContextConfiguration@f288c14 testClass = TeamBuildingServiceTest, locations = '{}', classes = '{class org.waldreg.teambuilding.teambuilding.management.DefaultTeamBuildingManager, class org.waldreg.teambuilding.teambuilding.management.teamcreator.TeamCreator}', contextInitializerClasses = '[]', activeProfiles = '{}', propertySourceLocations = '{}', propertySourceProperties = '{}', contextCustomizers = set[org.springframework.boot.test.autoconfigure.actuate.metrics.MetricsExportContextCustomizerFactory$DisableMetricExportContextCustomizer@1efe439d, org.springframework.boot.test.autoconfigure.properties.PropertyMappingContextCustomizer@0, org.springframework.boot.test.autoconfigure.web.servlet.WebDriverContextCustomizerFactory$Customizer@51fadaff, org.springframework.boot.test.context.filter.ExcludeFilterContextCustomizer@67d18ed7, org.springframework.boot.test.json.DuplicateJsonObjectContextCustomizerFactory$DuplicateJsonObjectContextCustomizer@7a67e3c6, org.springframework.boot.test.mock.mockito.MockitoContextCustomizer@35ad4949], contextLoader = 'org.springframework.test.context.support.DelegatingSmartContextLoader', parent = [null]], attributes = map['org.springframework.test.context.event.ApplicationEventsTestExecutionListener.recordApplicationEvents' -> false]]].
23:51:44.972 [Test worker] DEBUG org.springframework.test.context.cache.DefaultCacheAwareContextLoaderDelegate - Retrieved ApplicationContext [2078741622] from cache with key [[MergedContextConfiguration@f288c14 testClass = TeamBuildingServiceTest, locations = '{}', classes = '{class org.waldreg.teambuilding.teambuilding.management.DefaultTeamBuildingManager, class org.waldreg.teambuilding.teambuilding.management.teamcreator.TeamCreator}', contextInitializerClasses = '[]', activeProfiles = '{}', propertySourceLocations = '{}', propertySourceProperties = '{}', contextCustomizers = set[org.springframework.boot.test.autoconfigure.actuate.metrics.MetricsExportContextCustomizerFactory$DisableMetricExportContextCustomizer@1efe439d, org.springframework.boot.test.autoconfigure.properties.PropertyMappingContextCustomizer@0, org.springframework.boot.test.autoconfigure.web.servlet.WebDriverContextCustomizerFactory$Customizer@51fadaff, org.springframework.boot.test.context.filter.ExcludeFilterContextCustomizer@67d18ed7, org.springframework.boot.test.json.DuplicateJsonObjectContextCustomizerFactory$DuplicateJsonObjectContextCustomizer@7a67e3c6, org.springframework.boot.test.mock.mockito.MockitoContextCustomizer@35ad4949], contextLoader = 'org.springframework.test.context.support.DelegatingSmartContextLoader', parent = [null]]]
23:51:44.972 [Test worker] DEBUG org.springframework.test.context.cache - Spring test ApplicationContext cache statistics: [DefaultContextCache@7c447c76 size = 2, maxSize = 32, parentContextCount = 0, hitCount = 337, missCount = 2]
23:51:44.972 [Test worker] DEBUG org.springframework.test.context.cache.DefaultCacheAwareContextLoaderDelegate - Retrieved ApplicationContext [2078741622] from cache with key [[MergedContextConfiguration@f288c14 testClass = TeamBuildingServiceTest, locations = '{}', classes = '{class org.waldreg.teambuilding.teambuilding.management.DefaultTeamBuildingManager, class org.waldreg.teambuilding.teambuilding.management.teamcreator.TeamCreator}', contextInitializerClasses = '[]', activeProfiles = '{}', propertySourceLocations = '{}', propertySourceProperties = '{}', contextCustomizers = set[org.springframework.boot.test.autoconfigure.actuate.metrics.MetricsExportContextCustomizerFactory$DisableMetricExportContextCustomizer@1efe439d, org.springframework.boot.test.autoconfigure.properties.PropertyMappingContextCustomizer@0, org.springframework.boot.test.autoconfigure.web.servlet.WebDriverContextCustomizerFactory$Customizer@51fadaff, org.springframework.boot.test.context.filter.ExcludeFilterContextCustomizer@67d18ed7, org.springframework.boot.test.json.DuplicateJsonObjectContextCustomizerFactory$DuplicateJsonObjectContextCustomizer@7a67e3c6, org.springframework.boot.test.mock.mockito.MockitoContextCustomizer@35ad4949], contextLoader = 'org.springframework.test.context.support.DelegatingSmartContextLoader', parent = [null]]]
23:51:44.972 [Test worker] DEBUG org.springframework.test.context.cache - Spring test ApplicationContext cache statistics: [DefaultContextCache@7c447c76 size = 2, maxSize = 32, parentContextCount = 0, hitCount = 338, missCount = 2]
23:51:44.972 [Test worker] DEBUG org.springframework.test.context.support.AbstractDirtiesContextTestExecutionListener - Before test method: context [DefaultTestContext@5c1f6d57 testClass = TeamBuildingServiceTest, testInstance = org.waldreg.teambuilding.TeamBuildingServiceTest@41b1f51e, testMethod = MODIFY_TEAM_BUILDING_SUCCESS_TEST@TeamBuildingServiceTest, testException = [null], mergedContextConfiguration = [MergedContextConfiguration@f288c14 testClass = TeamBuildingServiceTest, locations = '{}', classes = '{class org.waldreg.teambuilding.teambuilding.management.DefaultTeamBuildingManager, class org.waldreg.teambuilding.teambuilding.management.teamcreator.TeamCreator}', contextInitializerClasses = '[]', activeProfiles = '{}', propertySourceLocations = '{}', propertySourceProperties = '{}', contextCustomizers = set[org.springframework.boot.test.autoconfigure.actuate.metrics.MetricsExportContextCustomizerFactory$DisableMetricExportContextCustomizer@1efe439d, org.springframework.boot.test.autoconfigure.properties.PropertyMappingContextCustomizer@0, org.springframework.boot.test.autoconfigure.web.servlet.WebDriverContextCustomizerFactory$Customizer@51fadaff, org.springframework.boot.test.context.filter.ExcludeFilterContextCustomizer@67d18ed7, org.springframework.boot.test.json.DuplicateJsonObjectContextCustomizerFactory$DuplicateJsonObjectContextCustomizer@7a67e3c6, org.springframework.boot.test.mock.mockito.MockitoContextCustomizer@35ad4949], contextLoader = 'org.springframework.test.context.support.DelegatingSmartContextLoader', parent = [null]], attributes = map['org.springframework.test.context.event.ApplicationEventsTestExecutionListener.recordApplicationEvents' -> false]], class annotated with @DirtiesContext [false] with mode [null], method annotated with @DirtiesContext [false] with mode [null].
23:51:44.972 [Test worker] DEBUG org.springframework.test.context.cache.DefaultCacheAwareContextLoaderDelegate - Retrieved ApplicationContext [2078741622] from cache with key [[MergedContextConfiguration@f288c14 testClass = TeamBuildingServiceTest, locations = '{}', classes = '{class org.waldreg.teambuilding.teambuilding.management.DefaultTeamBuildingManager, class org.waldreg.teambuilding.teambuilding.management.teamcreator.TeamCreator}', contextInitializerClasses = '[]', activeProfiles = '{}', propertySourceLocations = '{}', propertySourceProperties = '{}', contextCustomizers = set[org.springframework.boot.test.autoconfigure.actuate.metrics.MetricsExportContextCustomizerFactory$DisableMetricExportContextCustomizer@1efe439d, org.springframework.boot.test.autoconfigure.properties.PropertyMappingContextCustomizer@0, org.springframework.boot.test.autoconfigure.web.servlet.WebDriverContextCustomizerFactory$Customizer@51fadaff, org.springframework.boot.test.context.filter.ExcludeFilterContextCustomizer@67d18ed7, org.springframework.boot.test.json.DuplicateJsonObjectContextCustomizerFactory$DuplicateJsonObjectContextCustomizer@7a67e3c6, org.springframework.boot.test.mock.mockito.MockitoContextCustomizer@35ad4949], contextLoader = 'org.springframework.test.context.support.DelegatingSmartContextLoader', parent = [null]]]
23:51:44.972 [Test worker] DEBUG org.springframework.test.context.cache - Spring test ApplicationContext cache statistics: [DefaultContextCache@7c447c76 size = 2, maxSize = 32, parentContextCount = 0, hitCount = 339, missCount = 2]
23:51:44.972 [Test worker] DEBUG org.springframework.test.context.cache.DefaultCacheAwareContextLoaderDelegate - Retrieved ApplicationContext [2078741622] from cache with key [[MergedContextConfiguration@f288c14 testClass = TeamBuildingServiceTest, locations = '{}', classes = '{class org.waldreg.teambuilding.teambuilding.management.DefaultTeamBuildingManager, class org.waldreg.teambuilding.teambuilding.management.teamcreator.TeamCreator}', contextInitializerClasses = '[]', activeProfiles = '{}', propertySourceLocations = '{}', propertySourceProperties = '{}', contextCustomizers = set[org.springframework.boot.test.autoconfigure.actuate.metrics.MetricsExportContextCustomizerFactory$DisableMetricExportContextCustomizer@1efe439d, org.springframework.boot.test.autoconfigure.properties.PropertyMappingContextCustomizer@0, org.springframework.boot.test.autoconfigure.web.servlet.WebDriverContextCustomizerFactory$Customizer@51fadaff, org.springframework.boot.test.context.filter.ExcludeFilterContextCustomizer@67d18ed7, org.springframework.boot.test.json.DuplicateJsonObjectContextCustomizerFactory$DuplicateJsonObjectContextCustomizer@7a67e3c6, org.springframework.boot.test.mock.mockito.MockitoContextCustomizer@35ad4949], contextLoader = 'org.springframework.test.context.support.DelegatingSmartContextLoader', parent = [null]]]
23:51:44.972 [Test worker] DEBUG org.springframework.test.context.cache - Spring test ApplicationContext cache statistics: [DefaultContextCache@7c447c76 size = 2, maxSize = 32, parentContextCount = 0, hitCount = 340, missCount = 2]
23:51:44.972 [Test worker] DEBUG org.springframework.test.context.cache.DefaultCacheAwareContextLoaderDelegate - Retrieved ApplicationContext [2078741622] from cache with key [[MergedContextConfiguration@f288c14 testClass = TeamBuildingServiceTest, locations = '{}', classes = '{class org.waldreg.teambuilding.teambuilding.management.DefaultTeamBuildingManager, class org.waldreg.teambuilding.teambuilding.management.teamcreator.TeamCreator}', contextInitializerClasses = '[]', activeProfiles = '{}', propertySourceLocations = '{}', propertySourceProperties = '{}', contextCustomizers = set[org.springframework.boot.test.autoconfigure.actuate.metrics.MetricsExportContextCustomizerFactory$DisableMetricExportContextCustomizer@1efe439d, org.springframework.boot.test.autoconfigure.properties.PropertyMappingContextCustomizer@0, org.springframework.boot.test.autoconfigure.web.servlet.WebDriverContextCustomizerFactory$Customizer@51fadaff, org.springframework.boot.test.context.filter.ExcludeFilterContextCustomizer@67d18ed7, org.springframework.boot.test.json.DuplicateJsonObjectContextCustomizerFactory$DuplicateJsonObjectContextCustomizer@7a67e3c6, org.springframework.boot.test.mock.mockito.MockitoContextCustomizer@35ad4949], contextLoader = 'org.springframework.test.context.support.DelegatingSmartContextLoader', parent = [null]]]
23:51:44.972 [Test worker] DEBUG org.springframework.test.context.cache - Spring test ApplicationContext cache statistics: [DefaultContextCache@7c447c76 size = 2, maxSize = 32, parentContextCount = 0, hitCount = 341, missCount = 2]
23:51:44.973 [Test worker] DEBUG org.springframework.test.context.cache.DefaultCacheAwareContextLoaderDelegate - Retrieved ApplicationContext [2078741622] from cache with key [[MergedContextConfiguration@f288c14 testClass = TeamBuildingServiceTest, locations = '{}', classes = '{class org.waldreg.teambuilding.teambuilding.management.DefaultTeamBuildingManager, class org.waldreg.teambuilding.teambuilding.management.teamcreator.TeamCreator}', contextInitializerClasses = '[]', activeProfiles = '{}', propertySourceLocations = '{}', propertySourceProperties = '{}', contextCustomizers = set[org.springframework.boot.test.autoconfigure.actuate.metrics.MetricsExportContextCustomizerFactory$DisableMetricExportContextCustomizer@1efe439d, org.springframework.boot.test.autoconfigure.properties.PropertyMappingContextCustomizer@0, org.springframework.boot.test.autoconfigure.web.servlet.WebDriverContextCustomizerFactory$Customizer@51fadaff, org.springframework.boot.test.context.filter.ExcludeFilterContextCustomizer@67d18ed7, org.springframework.boot.test.json.DuplicateJsonObjectContextCustomizerFactory$DuplicateJsonObjectContextCustomizer@7a67e3c6, org.springframework.boot.test.mock.mockito.MockitoContextCustomizer@35ad4949], contextLoader = 'org.springframework.test.context.support.DelegatingSmartContextLoader', parent = [null]]]
23:51:44.973 [Test worker] DEBUG org.springframework.test.context.cache - Spring test ApplicationContext cache statistics: [DefaultContextCache@7c447c76 size = 2, maxSize = 32, parentContextCount = 0, hitCount = 342, missCount = 2]
23:51:44.973 [Test worker] DEBUG org.springframework.test.context.cache.DefaultCacheAwareContextLoaderDelegate - Retrieved ApplicationContext [2078741622] from cache with key [[MergedContextConfiguration@f288c14 testClass = TeamBuildingServiceTest, locations = '{}', classes = '{class org.waldreg.teambuilding.teambuilding.management.DefaultTeamBuildingManager, class org.waldreg.teambuilding.teambuilding.management.teamcreator.TeamCreator}', contextInitializerClasses = '[]', activeProfiles = '{}', propertySourceLocations = '{}', propertySourceProperties = '{}', contextCustomizers = set[org.springframework.boot.test.autoconfigure.actuate.metrics.MetricsExportContextCustomizerFactory$DisableMetricExportContextCustomizer@1efe439d, org.springframework.boot.test.autoconfigure.properties.PropertyMappingContextCustomizer@0, org.springframework.boot.test.autoconfigure.web.servlet.WebDriverContextCustomizerFactory$Customizer@51fadaff, org.springframework.boot.test.context.filter.ExcludeFilterContextCustomizer@67d18ed7, org.springframework.boot.test.json.DuplicateJsonObjectContextCustomizerFactory$DuplicateJsonObjectContextCustomizer@7a67e3c6, org.springframework.boot.test.mock.mockito.MockitoContextCustomizer@35ad4949], contextLoader = 'org.springframework.test.context.support.DelegatingSmartContextLoader', parent = [null]]]
23:51:44.973 [Test worker] DEBUG org.springframework.test.context.cache - Spring test ApplicationContext cache statistics: [DefaultContextCache@7c447c76 size = 2, maxSize = 32, parentContextCount = 0, hitCount = 343, missCount = 2]
23:51:44.973 [Test worker] DEBUG org.springframework.test.context.cache.DefaultCacheAwareContextLoaderDelegate - Retrieved ApplicationContext [2078741622] from cache with key [[MergedContextConfiguration@f288c14 testClass = TeamBuildingServiceTest, locations = '{}', classes = '{class org.waldreg.teambuilding.teambuilding.management.DefaultTeamBuildingManager, class org.waldreg.teambuilding.teambuilding.management.teamcreator.TeamCreator}', contextInitializerClasses = '[]', activeProfiles = '{}', propertySourceLocations = '{}', propertySourceProperties = '{}', contextCustomizers = set[org.springframework.boot.test.autoconfigure.actuate.metrics.MetricsExportContextCustomizerFactory$DisableMetricExportContextCustomizer@1efe439d, org.springframework.boot.test.autoconfigure.properties.PropertyMappingContextCustomizer@0, org.springframework.boot.test.autoconfigure.web.servlet.WebDriverContextCustomizerFactory$Customizer@51fadaff, org.springframework.boot.test.context.filter.ExcludeFilterContextCustomizer@67d18ed7, org.springframework.boot.test.json.DuplicateJsonObjectContextCustomizerFactory$DuplicateJsonObjectContextCustomizer@7a67e3c6, org.springframework.boot.test.mock.mockito.MockitoContextCustomizer@35ad4949], contextLoader = 'org.springframework.test.context.support.DelegatingSmartContextLoader', parent = [null]]]
23:51:44.973 [Test worker] DEBUG org.springframework.test.context.cache - Spring test ApplicationContext cache statistics: [DefaultContextCache@7c447c76 size = 2, maxSize = 32, parentContextCount = 0, hitCount = 344, missCount = 2]
23:51:44.973 [Test worker] DEBUG org.springframework.test.context.cache.DefaultCacheAwareContextLoaderDelegate - Retrieved ApplicationContext [2078741622] from cache with key [[MergedContextConfiguration@f288c14 testClass = TeamBuildingServiceTest, locations = '{}', classes = '{class org.waldreg.teambuilding.teambuilding.management.DefaultTeamBuildingManager, class org.waldreg.teambuilding.teambuilding.management.teamcreator.TeamCreator}', contextInitializerClasses = '[]', activeProfiles = '{}', propertySourceLocations = '{}', propertySourceProperties = '{}', contextCustomizers = set[org.springframework.boot.test.autoconfigure.actuate.metrics.MetricsExportContextCustomizerFactory$DisableMetricExportContextCustomizer@1efe439d, org.springframework.boot.test.autoconfigure.properties.PropertyMappingContextCustomizer@0, org.springframework.boot.test.autoconfigure.web.servlet.WebDriverContextCustomizerFactory$Customizer@51fadaff, org.springframework.boot.test.context.filter.ExcludeFilterContextCustomizer@67d18ed7, org.springframework.boot.test.json.DuplicateJsonObjectContextCustomizerFactory$DuplicateJsonObjectContextCustomizer@7a67e3c6, org.springframework.boot.test.mock.mockito.MockitoContextCustomizer@35ad4949], contextLoader = 'org.springframework.test.context.support.DelegatingSmartContextLoader', parent = [null]]]
23:51:44.974 [Test worker] DEBUG org.springframework.test.context.cache - Spring test ApplicationContext cache statistics: [DefaultContextCache@7c447c76 size = 2, maxSize = 32, parentContextCount = 0, hitCount = 345, missCount = 2]
23:51:44.974 [Test worker] DEBUG org.springframework.test.context.cache.DefaultCacheAwareContextLoaderDelegate - Retrieved ApplicationContext [2078741622] from cache with key [[MergedContextConfiguration@f288c14 testClass = TeamBuildingServiceTest, locations = '{}', classes = '{class org.waldreg.teambuilding.teambuilding.management.DefaultTeamBuildingManager, class org.waldreg.teambuilding.teambuilding.management.teamcreator.TeamCreator}', contextInitializerClasses = '[]', activeProfiles = '{}', propertySourceLocations = '{}', propertySourceProperties = '{}', contextCustomizers = set[org.springframework.boot.test.autoconfigure.actuate.metrics.MetricsExportContextCustomizerFactory$DisableMetricExportContextCustomizer@1efe439d, org.springframework.boot.test.autoconfigure.properties.PropertyMappingContextCustomizer@0, org.springframework.boot.test.autoconfigure.web.servlet.WebDriverContextCustomizerFactory$Customizer@51fadaff, org.springframework.boot.test.context.filter.ExcludeFilterContextCustomizer@67d18ed7, org.springframework.boot.test.json.DuplicateJsonObjectContextCustomizerFactory$DuplicateJsonObjectContextCustomizer@7a67e3c6, org.springframework.boot.test.mock.mockito.MockitoContextCustomizer@35ad4949], contextLoader = 'org.springframework.test.context.support.DelegatingSmartContextLoader', parent = [null]]]
23:51:44.974 [Test worker] DEBUG org.springframework.test.context.cache - Spring test ApplicationContext cache statistics: [DefaultContextCache@7c447c76 size = 2, maxSize = 32, parentContextCount = 0, hitCount = 346, missCount = 2]
23:51:44.974 [Test worker] DEBUG org.springframework.test.context.cache.DefaultCacheAwareContextLoaderDelegate - Retrieved ApplicationContext [2078741622] from cache with key [[MergedContextConfiguration@f288c14 testClass = TeamBuildingServiceTest, locations = '{}', classes = '{class org.waldreg.teambuilding.teambuilding.management.DefaultTeamBuildingManager, class org.waldreg.teambuilding.teambuilding.management.teamcreator.TeamCreator}', contextInitializerClasses = '[]', activeProfiles = '{}', propertySourceLocations = '{}', propertySourceProperties = '{}', contextCustomizers = set[org.springframework.boot.test.autoconfigure.actuate.metrics.MetricsExportContextCustomizerFactory$DisableMetricExportContextCustomizer@1efe439d, org.springframework.boot.test.autoconfigure.properties.PropertyMappingContextCustomizer@0, org.springframework.boot.test.autoconfigure.web.servlet.WebDriverContextCustomizerFactory$Customizer@51fadaff, org.springframework.boot.test.context.filter.ExcludeFilterContextCustomizer@67d18ed7, org.springframework.boot.test.json.DuplicateJsonObjectContextCustomizerFactory$DuplicateJsonObjectContextCustomizer@7a67e3c6, org.springframework.boot.test.mock.mockito.MockitoContextCustomizer@35ad4949], contextLoader = 'org.springframework.test.context.support.DelegatingSmartContextLoader', parent = [null]]]
23:51:44.974 [Test worker] DEBUG org.springframework.test.context.cache - Spring test ApplicationContext cache statistics: [DefaultContextCache@7c447c76 size = 2, maxSize = 32, parentContextCount = 0, hitCount = 347, missCount = 2]
23:51:44.974 [Test worker] DEBUG org.springframework.test.context.support.AbstractDirtiesContextTestExecutionListener - After test method: context [DefaultTestContext@5c1f6d57 testClass = TeamBuildingServiceTest, testInstance = org.waldreg.teambuilding.TeamBuildingServiceTest@41b1f51e, testMethod = MODIFY_TEAM_BUILDING_SUCCESS_TEST@TeamBuildingServiceTest, testException = [null], mergedContextConfiguration = [MergedContextConfiguration@f288c14 testClass = TeamBuildingServiceTest, locations = '{}', classes = '{class org.waldreg.teambuilding.teambuilding.management.DefaultTeamBuildingManager, class org.waldreg.teambuilding.teambuilding.management.teamcreator.TeamCreator}', contextInitializerClasses = '[]', activeProfiles = '{}', propertySourceLocations = '{}', propertySourceProperties = '{}', contextCustomizers = set[org.springframework.boot.test.autoconfigure.actuate.metrics.MetricsExportContextCustomizerFactory$DisableMetricExportContextCustomizer@1efe439d, org.springframework.boot.test.autoconfigure.properties.PropertyMappingContextCustomizer@0, org.springframework.boot.test.autoconfigure.web.servlet.WebDriverContextCustomizerFactory$Customizer@51fadaff, org.springframework.boot.test.context.filter.ExcludeFilterContextCustomizer@67d18ed7, org.springframework.boot.test.json.DuplicateJsonObjectContextCustomizerFactory$DuplicateJsonObjectContextCustomizer@7a67e3c6, org.springframework.boot.test.mock.mockito.MockitoContextCustomizer@35ad4949], contextLoader = 'org.springframework.test.context.support.DelegatingSmartContextLoader', parent = [null]], attributes = map['org.springframework.test.context.event.ApplicationEventsTestExecutionListener.recordApplicationEvents' -> false]], class annotated with @DirtiesContext [false] with mode [null], method annotated with @DirtiesContext [false] with mode [null].
23:51:44.974 [Test worker] DEBUG org.springframework.test.context.cache.DefaultCacheAwareContextLoaderDelegate - Retrieved ApplicationContext [2078741622] from cache with key [[MergedContextConfiguration@f288c14 testClass = TeamBuildingServiceTest, locations = '{}', classes = '{class org.waldreg.teambuilding.teambuilding.management.DefaultTeamBuildingManager, class org.waldreg.teambuilding.teambuilding.management.teamcreator.TeamCreator}', contextInitializerClasses = '[]', activeProfiles = '{}', propertySourceLocations = '{}', propertySourceProperties = '{}', contextCustomizers = set[org.springframework.boot.test.autoconfigure.actuate.metrics.MetricsExportContextCustomizerFactory$DisableMetricExportContextCustomizer@1efe439d, org.springframework.boot.test.autoconfigure.properties.PropertyMappingContextCustomizer@0, org.springframework.boot.test.autoconfigure.web.servlet.WebDriverContextCustomizerFactory$Customizer@51fadaff, org.springframework.boot.test.context.filter.ExcludeFilterContextCustomizer@67d18ed7, org.springframework.boot.test.json.DuplicateJsonObjectContextCustomizerFactory$DuplicateJsonObjectContextCustomizer@7a67e3c6, org.springframework.boot.test.mock.mockito.MockitoContextCustomizer@35ad4949], contextLoader = 'org.springframework.test.context.support.DelegatingSmartContextLoader', parent = [null]]]
23:51:44.974 [Test worker] DEBUG org.springframework.test.context.cache - Spring test ApplicationContext cache statistics: [DefaultContextCache@7c447c76 size = 2, maxSize = 32, parentContextCount = 0, hitCount = 348, missCount = 2]
23:51:44.974 [Test worker] DEBUG org.springframework.test.context.support.DependencyInjectionTestExecutionListener - Performing dependency injection for test context [[DefaultTestContext@5c1f6d57 testClass = TeamBuildingServiceTest, testInstance = org.waldreg.teambuilding.TeamBuildingServiceTest@7efe7b87, testMethod = [null], testException = [null], mergedContextConfiguration = [MergedContextConfiguration@f288c14 testClass = TeamBuildingServiceTest, locations = '{}', classes = '{class org.waldreg.teambuilding.teambuilding.management.DefaultTeamBuildingManager, class org.waldreg.teambuilding.teambuilding.management.teamcreator.TeamCreator}', contextInitializerClasses = '[]', activeProfiles = '{}', propertySourceLocations = '{}', propertySourceProperties = '{}', contextCustomizers = set[org.springframework.boot.test.autoconfigure.actuate.metrics.MetricsExportContextCustomizerFactory$DisableMetricExportContextCustomizer@1efe439d, org.springframework.boot.test.autoconfigure.properties.PropertyMappingContextCustomizer@0, org.springframework.boot.test.autoconfigure.web.servlet.WebDriverContextCustomizerFactory$Customizer@51fadaff, org.springframework.boot.test.context.filter.ExcludeFilterContextCustomizer@67d18ed7, org.springframework.boot.test.json.DuplicateJsonObjectContextCustomizerFactory$DuplicateJsonObjectContextCustomizer@7a67e3c6, org.springframework.boot.test.mock.mockito.MockitoContextCustomizer@35ad4949], contextLoader = 'org.springframework.test.context.support.DelegatingSmartContextLoader', parent = [null]], attributes = map['org.springframework.test.context.event.ApplicationEventsTestExecutionListener.recordApplicationEvents' -> false]]].
23:51:44.974 [Test worker] DEBUG org.springframework.test.context.cache.DefaultCacheAwareContextLoaderDelegate - Retrieved ApplicationContext [2078741622] from cache with key [[MergedContextConfiguration@f288c14 testClass = TeamBuildingServiceTest, locations = '{}', classes = '{class org.waldreg.teambuilding.teambuilding.management.DefaultTeamBuildingManager, class org.waldreg.teambuilding.teambuilding.management.teamcreator.TeamCreator}', contextInitializerClasses = '[]', activeProfiles = '{}', propertySourceLocations = '{}', propertySourceProperties = '{}', contextCustomizers = set[org.springframework.boot.test.autoconfigure.actuate.metrics.MetricsExportContextCustomizerFactory$DisableMetricExportContextCustomizer@1efe439d, org.springframework.boot.test.autoconfigure.properties.PropertyMappingContextCustomizer@0, org.springframework.boot.test.autoconfigure.web.servlet.WebDriverContextCustomizerFactory$Customizer@51fadaff, org.springframework.boot.test.context.filter.ExcludeFilterContextCustomizer@67d18ed7, org.springframework.boot.test.json.DuplicateJsonObjectContextCustomizerFactory$DuplicateJsonObjectContextCustomizer@7a67e3c6, org.springframework.boot.test.mock.mockito.MockitoContextCustomizer@35ad4949], contextLoader = 'org.springframework.test.context.support.DelegatingSmartContextLoader', parent = [null]]]
23:51:44.974 [Test worker] DEBUG org.springframework.test.context.cache - Spring test ApplicationContext cache statistics: [DefaultContextCache@7c447c76 size = 2, maxSize = 32, parentContextCount = 0, hitCount = 349, missCount = 2]
23:51:44.974 [Test worker] DEBUG org.springframework.test.context.cache.DefaultCacheAwareContextLoaderDelegate - Retrieved ApplicationContext [2078741622] from cache with key [[MergedContextConfiguration@f288c14 testClass = TeamBuildingServiceTest, locations = '{}', classes = '{class org.waldreg.teambuilding.teambuilding.management.DefaultTeamBuildingManager, class org.waldreg.teambuilding.teambuilding.management.teamcreator.TeamCreator}', contextInitializerClasses = '[]', activeProfiles = '{}', propertySourceLocations = '{}', propertySourceProperties = '{}', contextCustomizers = set[org.springframework.boot.test.autoconfigure.actuate.metrics.MetricsExportContextCustomizerFactory$DisableMetricExportContextCustomizer@1efe439d, org.springframework.boot.test.autoconfigure.properties.PropertyMappingContextCustomizer@0, org.springframework.boot.test.autoconfigure.web.servlet.WebDriverContextCustomizerFactory$Customizer@51fadaff, org.springframework.boot.test.context.filter.ExcludeFilterContextCustomizer@67d18ed7, org.springframework.boot.test.json.DuplicateJsonObjectContextCustomizerFactory$DuplicateJsonObjectContextCustomizer@7a67e3c6, org.springframework.boot.test.mock.mockito.MockitoContextCustomizer@35ad4949], contextLoader = 'org.springframework.test.context.support.DelegatingSmartContextLoader', parent = [null]]]
23:51:44.974 [Test worker] DEBUG org.springframework.test.context.cache - Spring test ApplicationContext cache statistics: [DefaultContextCache@7c447c76 size = 2, maxSize = 32, parentContextCount = 0, hitCount = 350, missCount = 2]
23:51:44.974 [Test worker] DEBUG org.springframework.test.context.support.AbstractDirtiesContextTestExecutionListener - Before test method: context [DefaultTestContext@5c1f6d57 testClass = TeamBuildingServiceTest, testInstance = org.waldreg.teambuilding.TeamBuildingServiceTest@7efe7b87, testMethod = CREATE_NEW_TEAM_BUILDING_FAIL_CAUSE_INVALID_TEAM_COUNT_TEST@TeamBuildingServiceTest, testException = [null], mergedContextConfiguration = [MergedContextConfiguration@f288c14 testClass = TeamBuildingServiceTest, locations = '{}', classes = '{class org.waldreg.teambuilding.teambuilding.management.DefaultTeamBuildingManager, class org.waldreg.teambuilding.teambuilding.management.teamcreator.TeamCreator}', contextInitializerClasses = '[]', activeProfiles = '{}', propertySourceLocations = '{}', propertySourceProperties = '{}', contextCustomizers = set[org.springframework.boot.test.autoconfigure.actuate.metrics.MetricsExportContextCustomizerFactory$DisableMetricExportContextCustomizer@1efe439d, org.springframework.boot.test.autoconfigure.properties.PropertyMappingContextCustomizer@0, org.springframework.boot.test.autoconfigure.web.servlet.WebDriverContextCustomizerFactory$Customizer@51fadaff, org.springframework.boot.test.context.filter.ExcludeFilterContextCustomizer@67d18ed7, org.springframework.boot.test.json.DuplicateJsonObjectContextCustomizerFactory$DuplicateJsonObjectContextCustomizer@7a67e3c6, org.springframework.boot.test.mock.mockito.MockitoContextCustomizer@35ad4949], contextLoader = 'org.springframework.test.context.support.DelegatingSmartContextLoader', parent = [null]], attributes = map['org.springframework.test.context.event.ApplicationEventsTestExecutionListener.recordApplicationEvents' -> false]], class annotated with @DirtiesContext [false] with mode [null], method annotated with @DirtiesContext [false] with mode [null].
23:51:44.974 [Test worker] DEBUG org.springframework.test.context.cache.DefaultCacheAwareContextLoaderDelegate - Retrieved ApplicationContext [2078741622] from cache with key [[MergedContextConfiguration@f288c14 testClass = TeamBuildingServiceTest, locations = '{}', classes = '{class org.waldreg.teambuilding.teambuilding.management.DefaultTeamBuildingManager, class org.waldreg.teambuilding.teambuilding.management.teamcreator.TeamCreator}', contextInitializerClasses = '[]', activeProfiles = '{}', propertySourceLocations = '{}', propertySourceProperties = '{}', contextCustomizers = set[org.springframework.boot.test.autoconfigure.actuate.metrics.MetricsExportContextCustomizerFactory$DisableMetricExportContextCustomizer@1efe439d, org.springframework.boot.test.autoconfigure.properties.PropertyMappingContextCustomizer@0, org.springframework.boot.test.autoconfigure.web.servlet.WebDriverContextCustomizerFactory$Customizer@51fadaff, org.springframework.boot.test.context.filter.ExcludeFilterContextCustomizer@67d18ed7, org.springframework.boot.test.json.DuplicateJsonObjectContextCustomizerFactory$DuplicateJsonObjectContextCustomizer@7a67e3c6, org.springframework.boot.test.mock.mockito.MockitoContextCustomizer@35ad4949], contextLoader = 'org.springframework.test.context.support.DelegatingSmartContextLoader', parent = [null]]]
23:51:44.974 [Test worker] DEBUG org.springframework.test.context.cache - Spring test ApplicationContext cache statistics: [DefaultContextCache@7c447c76 size = 2, maxSize = 32, parentContextCount = 0, hitCount = 351, missCount = 2]
23:51:44.974 [Test worker] DEBUG org.springframework.test.context.cache.DefaultCacheAwareContextLoaderDelegate - Retrieved ApplicationContext [2078741622] from cache with key [[MergedContextConfiguration@f288c14 testClass = TeamBuildingServiceTest, locations = '{}', classes = '{class org.waldreg.teambuilding.teambuilding.management.DefaultTeamBuildingManager, class org.waldreg.teambuilding.teambuilding.management.teamcreator.TeamCreator}', contextInitializerClasses = '[]', activeProfiles = '{}', propertySourceLocations = '{}', propertySourceProperties = '{}', contextCustomizers = set[org.springframework.boot.test.autoconfigure.actuate.metrics.MetricsExportContextCustomizerFactory$DisableMetricExportContextCustomizer@1efe439d, org.springframework.boot.test.autoconfigure.properties.PropertyMappingContextCustomizer@0, org.springframework.boot.test.autoconfigure.web.servlet.WebDriverContextCustomizerFactory$Customizer@51fadaff, org.springframework.boot.test.context.filter.ExcludeFilterContextCustomizer@67d18ed7, org.springframework.boot.test.json.DuplicateJsonObjectContextCustomizerFactory$DuplicateJsonObjectContextCustomizer@7a67e3c6, org.springframework.boot.test.mock.mockito.MockitoContextCustomizer@35ad4949], contextLoader = 'org.springframework.test.context.support.DelegatingSmartContextLoader', parent = [null]]]
23:51:44.975 [Test worker] DEBUG org.springframework.test.context.cache - Spring test ApplicationContext cache statistics: [DefaultContextCache@7c447c76 size = 2, maxSize = 32, parentContextCount = 0, hitCount = 352, missCount = 2]
23:51:44.975 [Test worker] DEBUG org.springframework.test.context.cache.DefaultCacheAwareContextLoaderDelegate - Retrieved ApplicationContext [2078741622] from cache with key [[MergedContextConfiguration@f288c14 testClass = TeamBuildingServiceTest, locations = '{}', classes = '{class org.waldreg.teambuilding.teambuilding.management.DefaultTeamBuildingManager, class org.waldreg.teambuilding.teambuilding.management.teamcreator.TeamCreator}', contextInitializerClasses = '[]', activeProfiles = '{}', propertySourceLocations = '{}', propertySourceProperties = '{}', contextCustomizers = set[org.springframework.boot.test.autoconfigure.actuate.metrics.MetricsExportContextCustomizerFactory$DisableMetricExportContextCustomizer@1efe439d, org.springframework.boot.test.autoconfigure.properties.PropertyMappingContextCustomizer@0, org.springframework.boot.test.autoconfigure.web.servlet.WebDriverContextCustomizerFactory$Customizer@51fadaff, org.springframework.boot.test.context.filter.ExcludeFilterContextCustomizer@67d18ed7, org.springframework.boot.test.json.DuplicateJsonObjectContextCustomizerFactory$DuplicateJsonObjectContextCustomizer@7a67e3c6, org.springframework.boot.test.mock.mockito.MockitoContextCustomizer@35ad4949], contextLoader = 'org.springframework.test.context.support.DelegatingSmartContextLoader', parent = [null]]]
23:51:44.975 [Test worker] DEBUG org.springframework.test.context.cache - Spring test ApplicationContext cache statistics: [DefaultContextCache@7c447c76 size = 2, maxSize = 32, parentContextCount = 0, hitCount = 353, missCount = 2]
23:51:44.976 [Test worker] DEBUG org.springframework.test.context.cache.DefaultCacheAwareContextLoaderDelegate - Retrieved ApplicationContext [2078741622] from cache with key [[MergedContextConfiguration@f288c14 testClass = TeamBuildingServiceTest, locations = '{}', classes = '{class org.waldreg.teambuilding.teambuilding.management.DefaultTeamBuildingManager, class org.waldreg.teambuilding.teambuilding.management.teamcreator.TeamCreator}', contextInitializerClasses = '[]', activeProfiles = '{}', propertySourceLocations = '{}', propertySourceProperties = '{}', contextCustomizers = set[org.springframework.boot.test.autoconfigure.actuate.metrics.MetricsExportContextCustomizerFactory$DisableMetricExportContextCustomizer@1efe439d, org.springframework.boot.test.autoconfigure.properties.PropertyMappingContextCustomizer@0, org.springframework.boot.test.autoconfigure.web.servlet.WebDriverContextCustomizerFactory$Customizer@51fadaff, org.springframework.boot.test.context.filter.ExcludeFilterContextCustomizer@67d18ed7, org.springframework.boot.test.json.DuplicateJsonObjectContextCustomizerFactory$DuplicateJsonObjectContextCustomizer@7a67e3c6, org.springframework.boot.test.mock.mockito.MockitoContextCustomizer@35ad4949], contextLoader = 'org.springframework.test.context.support.DelegatingSmartContextLoader', parent = [null]]]
23:51:44.976 [Test worker] DEBUG org.springframework.test.context.cache - Spring test ApplicationContext cache statistics: [DefaultContextCache@7c447c76 size = 2, maxSize = 32, parentContextCount = 0, hitCount = 354, missCount = 2]
23:51:44.976 [Test worker] DEBUG org.springframework.test.context.cache.DefaultCacheAwareContextLoaderDelegate - Retrieved ApplicationContext [2078741622] from cache with key [[MergedContextConfiguration@f288c14 testClass = TeamBuildingServiceTest, locations = '{}', classes = '{class org.waldreg.teambuilding.teambuilding.management.DefaultTeamBuildingManager, class org.waldreg.teambuilding.teambuilding.management.teamcreator.TeamCreator}', contextInitializerClasses = '[]', activeProfiles = '{}', propertySourceLocations = '{}', propertySourceProperties = '{}', contextCustomizers = set[org.springframework.boot.test.autoconfigure.actuate.metrics.MetricsExportContextCustomizerFactory$DisableMetricExportContextCustomizer@1efe439d, org.springframework.boot.test.autoconfigure.properties.PropertyMappingContextCustomizer@0, org.springframework.boot.test.autoconfigure.web.servlet.WebDriverContextCustomizerFactory$Customizer@51fadaff, org.springframework.boot.test.context.filter.ExcludeFilterContextCustomizer@67d18ed7, org.springframework.boot.test.json.DuplicateJsonObjectContextCustomizerFactory$DuplicateJsonObjectContextCustomizer@7a67e3c6, org.springframework.boot.test.mock.mockito.MockitoContextCustomizer@35ad4949], contextLoader = 'org.springframework.test.context.support.DelegatingSmartContextLoader', parent = [null]]]
23:51:44.976 [Test worker] DEBUG org.springframework.test.context.cache - Spring test ApplicationContext cache statistics: [DefaultContextCache@7c447c76 size = 2, maxSize = 32, parentContextCount = 0, hitCount = 355, missCount = 2]
23:51:44.976 [Test worker] DEBUG org.springframework.test.context.cache.DefaultCacheAwareContextLoaderDelegate - Retrieved ApplicationContext [2078741622] from cache with key [[MergedContextConfiguration@f288c14 testClass = TeamBuildingServiceTest, locations = '{}', classes = '{class org.waldreg.teambuilding.teambuilding.management.DefaultTeamBuildingManager, class org.waldreg.teambuilding.teambuilding.management.teamcreator.TeamCreator}', contextInitializerClasses = '[]', activeProfiles = '{}', propertySourceLocations = '{}', propertySourceProperties = '{}', contextCustomizers = set[org.springframework.boot.test.autoconfigure.actuate.metrics.MetricsExportContextCustomizerFactory$DisableMetricExportContextCustomizer@1efe439d, org.springframework.boot.test.autoconfigure.properties.PropertyMappingContextCustomizer@0, org.springframework.boot.test.autoconfigure.web.servlet.WebDriverContextCustomizerFactory$Customizer@51fadaff, org.springframework.boot.test.context.filter.ExcludeFilterContextCustomizer@67d18ed7, org.springframework.boot.test.json.DuplicateJsonObjectContextCustomizerFactory$DuplicateJsonObjectContextCustomizer@7a67e3c6, org.springframework.boot.test.mock.mockito.MockitoContextCustomizer@35ad4949], contextLoader = 'org.springframework.test.context.support.DelegatingSmartContextLoader', parent = [null]]]
23:51:44.976 [Test worker] DEBUG org.springframework.test.context.cache - Spring test ApplicationContext cache statistics: [DefaultContextCache@7c447c76 size = 2, maxSize = 32, parentContextCount = 0, hitCount = 356, missCount = 2]
23:51:44.976 [Test worker] DEBUG org.springframework.test.context.cache.DefaultCacheAwareContextLoaderDelegate - Retrieved ApplicationContext [2078741622] from cache with key [[MergedContextConfiguration@f288c14 testClass = TeamBuildingServiceTest, locations = '{}', classes = '{class org.waldreg.teambuilding.teambuilding.management.DefaultTeamBuildingManager, class org.waldreg.teambuilding.teambuilding.management.teamcreator.TeamCreator}', contextInitializerClasses = '[]', activeProfiles = '{}', propertySourceLocations = '{}', propertySourceProperties = '{}', contextCustomizers = set[org.springframework.boot.test.autoconfigure.actuate.metrics.MetricsExportContextCustomizerFactory$DisableMetricExportContextCustomizer@1efe439d, org.springframework.boot.test.autoconfigure.properties.PropertyMappingContextCustomizer@0, org.springframework.boot.test.autoconfigure.web.servlet.WebDriverContextCustomizerFactory$Customizer@51fadaff, org.springframework.boot.test.context.filter.ExcludeFilterContextCustomizer@67d18ed7, org.springframework.boot.test.json.DuplicateJsonObjectContextCustomizerFactory$DuplicateJsonObjectContextCustomizer@7a67e3c6, org.springframework.boot.test.mock.mockito.MockitoContextCustomizer@35ad4949], contextLoader = 'org.springframework.test.context.support.DelegatingSmartContextLoader', parent = [null]]]
23:51:44.976 [Test worker] DEBUG org.springframework.test.context.cache - Spring test ApplicationContext cache statistics: [DefaultContextCache@7c447c76 size = 2, maxSize = 32, parentContextCount = 0, hitCount = 357, missCount = 2]
23:51:44.976 [Test worker] DEBUG org.springframework.test.context.cache.DefaultCacheAwareContextLoaderDelegate - Retrieved ApplicationContext [2078741622] from cache with key [[MergedContextConfiguration@f288c14 testClass = TeamBuildingServiceTest, locations = '{}', classes = '{class org.waldreg.teambuilding.teambuilding.management.DefaultTeamBuildingManager, class org.waldreg.teambuilding.teambuilding.management.teamcreator.TeamCreator}', contextInitializerClasses = '[]', activeProfiles = '{}', propertySourceLocations = '{}', propertySourceProperties = '{}', contextCustomizers = set[org.springframework.boot.test.autoconfigure.actuate.metrics.MetricsExportContextCustomizerFactory$DisableMetricExportContextCustomizer@1efe439d, org.springframework.boot.test.autoconfigure.properties.PropertyMappingContextCustomizer@0, org.springframework.boot.test.autoconfigure.web.servlet.WebDriverContextCustomizerFactory$Customizer@51fadaff, org.springframework.boot.test.context.filter.ExcludeFilterContextCustomizer@67d18ed7, org.springframework.boot.test.json.DuplicateJsonObjectContextCustomizerFactory$DuplicateJsonObjectContextCustomizer@7a67e3c6, org.springframework.boot.test.mock.mockito.MockitoContextCustomizer@35ad4949], contextLoader = 'org.springframework.test.context.support.DelegatingSmartContextLoader', parent = [null]]]
23:51:44.976 [Test worker] DEBUG org.springframework.test.context.cache - Spring test ApplicationContext cache statistics: [DefaultContextCache@7c447c76 size = 2, maxSize = 32, parentContextCount = 0, hitCount = 358, missCount = 2]
23:51:44.976 [Test worker] DEBUG org.springframework.test.context.cache.DefaultCacheAwareContextLoaderDelegate - Retrieved ApplicationContext [2078741622] from cache with key [[MergedContextConfiguration@f288c14 testClass = TeamBuildingServiceTest, locations = '{}', classes = '{class org.waldreg.teambuilding.teambuilding.management.DefaultTeamBuildingManager, class org.waldreg.teambuilding.teambuilding.management.teamcreator.TeamCreator}', contextInitializerClasses = '[]', activeProfiles = '{}', propertySourceLocations = '{}', propertySourceProperties = '{}', contextCustomizers = set[org.springframework.boot.test.autoconfigure.actuate.metrics.MetricsExportContextCustomizerFactory$DisableMetricExportContextCustomizer@1efe439d, org.springframework.boot.test.autoconfigure.properties.PropertyMappingContextCustomizer@0, org.springframework.boot.test.autoconfigure.web.servlet.WebDriverContextCustomizerFactory$Customizer@51fadaff, org.springframework.boot.test.context.filter.ExcludeFilterContextCustomizer@67d18ed7, org.springframework.boot.test.json.DuplicateJsonObjectContextCustomizerFactory$DuplicateJsonObjectContextCustomizer@7a67e3c6, org.springframework.boot.test.mock.mockito.MockitoContextCustomizer@35ad4949], contextLoader = 'org.springframework.test.context.support.DelegatingSmartContextLoader', parent = [null]]]
23:51:44.976 [Test worker] DEBUG org.springframework.test.context.cache - Spring test ApplicationContext cache statistics: [DefaultContextCache@7c447c76 size = 2, maxSize = 32, parentContextCount = 0, hitCount = 359, missCount = 2]
23:51:44.976 [Test worker] DEBUG org.springframework.test.context.support.AbstractDirtiesContextTestExecutionListener - After test method: context [DefaultTestContext@5c1f6d57 testClass = TeamBuildingServiceTest, testInstance = org.waldreg.teambuilding.TeamBuildingServiceTest@7efe7b87, testMethod = CREATE_NEW_TEAM_BUILDING_FAIL_CAUSE_INVALID_TEAM_COUNT_TEST@TeamBuildingServiceTest, testException = [null], mergedContextConfiguration = [MergedContextConfiguration@f288c14 testClass = TeamBuildingServiceTest, locations = '{}', classes = '{class org.waldreg.teambuilding.teambuilding.management.DefaultTeamBuildingManager, class org.waldreg.teambuilding.teambuilding.management.teamcreator.TeamCreator}', contextInitializerClasses = '[]', activeProfiles = '{}', propertySourceLocations = '{}', propertySourceProperties = '{}', contextCustomizers = set[org.springframework.boot.test.autoconfigure.actuate.metrics.MetricsExportContextCustomizerFactory$DisableMetricExportContextCustomizer@1efe439d, org.springframework.boot.test.autoconfigure.properties.PropertyMappingContextCustomizer@0, org.springframework.boot.test.autoconfigure.web.servlet.WebDriverContextCustomizerFactory$Customizer@51fadaff, org.springframework.boot.test.context.filter.ExcludeFilterContextCustomizer@67d18ed7, org.springframework.boot.test.json.DuplicateJsonObjectContextCustomizerFactory$DuplicateJsonObjectContextCustomizer@7a67e3c6, org.springframework.boot.test.mock.mockito.MockitoContextCustomizer@35ad4949], contextLoader = 'org.springframework.test.context.support.DelegatingSmartContextLoader', parent = [null]], attributes = map['org.springframework.test.context.event.ApplicationEventsTestExecutionListener.recordApplicationEvents' -> false]], class annotated with @DirtiesContext [false] with mode [null], method annotated with @DirtiesContext [false] with mode [null].
23:51:44.976 [Test worker] DEBUG org.springframework.test.context.cache.DefaultCacheAwareContextLoaderDelegate - Retrieved ApplicationContext [2078741622] from cache with key [[MergedContextConfiguration@f288c14 testClass = TeamBuildingServiceTest, locations = '{}', classes = '{class org.waldreg.teambuilding.teambuilding.management.DefaultTeamBuildingManager, class org.waldreg.teambuilding.teambuilding.management.teamcreator.TeamCreator}', contextInitializerClasses = '[]', activeProfiles = '{}', propertySourceLocations = '{}', propertySourceProperties = '{}', contextCustomizers = set[org.springframework.boot.test.autoconfigure.actuate.metrics.MetricsExportContextCustomizerFactory$DisableMetricExportContextCustomizer@1efe439d, org.springframework.boot.test.autoconfigure.properties.PropertyMappingContextCustomizer@0, org.springframework.boot.test.autoconfigure.web.servlet.WebDriverContextCustomizerFactory$Customizer@51fadaff, org.springframework.boot.test.context.filter.ExcludeFilterContextCustomizer@67d18ed7, org.springframework.boot.test.json.DuplicateJsonObjectContextCustomizerFactory$DuplicateJsonObjectContextCustomizer@7a67e3c6, org.springframework.boot.test.mock.mockito.MockitoContextCustomizer@35ad4949], contextLoader = 'org.springframework.test.context.support.DelegatingSmartContextLoader', parent = [null]]]
23:51:44.976 [Test worker] DEBUG org.springframework.test.context.cache - Spring test ApplicationContext cache statistics: [DefaultContextCache@7c447c76 size = 2, maxSize = 32, parentContextCount = 0, hitCount = 360, missCount = 2]
23:51:44.976 [Test worker] DEBUG org.springframework.test.context.support.DependencyInjectionTestExecutionListener - Performing dependency injection for test context [[DefaultTestContext@5c1f6d57 testClass = TeamBuildingServiceTest, testInstance = org.waldreg.teambuilding.TeamBuildingServiceTest@42b28ff1, testMethod = [null], testException = [null], mergedContextConfiguration = [MergedContextConfiguration@f288c14 testClass = TeamBuildingServiceTest, locations = '{}', classes = '{class org.waldreg.teambuilding.teambuilding.management.DefaultTeamBuildingManager, class org.waldreg.teambuilding.teambuilding.management.teamcreator.TeamCreator}', contextInitializerClasses = '[]', activeProfiles = '{}', propertySourceLocations = '{}', propertySourceProperties = '{}', contextCustomizers = set[org.springframework.boot.test.autoconfigure.actuate.metrics.MetricsExportContextCustomizerFactory$DisableMetricExportContextCustomizer@1efe439d, org.springframework.boot.test.autoconfigure.properties.PropertyMappingContextCustomizer@0, org.springframework.boot.test.autoconfigure.web.servlet.WebDriverContextCustomizerFactory$Customizer@51fadaff, org.springframework.boot.test.context.filter.ExcludeFilterContextCustomizer@67d18ed7, org.springframework.boot.test.json.DuplicateJsonObjectContextCustomizerFactory$DuplicateJsonObjectContextCustomizer@7a67e3c6, org.springframework.boot.test.mock.mockito.MockitoContextCustomizer@35ad4949], contextLoader = 'org.springframework.test.context.support.DelegatingSmartContextLoader', parent = [null]], attributes = map['org.springframework.test.context.event.ApplicationEventsTestExecutionListener.recordApplicationEvents' -> false]]].
23:51:44.976 [Test worker] DEBUG org.springframework.test.context.cache.DefaultCacheAwareContextLoaderDelegate - Retrieved ApplicationContext [2078741622] from cache with key [[MergedContextConfiguration@f288c14 testClass = TeamBuildingServiceTest, locations = '{}', classes = '{class org.waldreg.teambuilding.teambuilding.management.DefaultTeamBuildingManager, class org.waldreg.teambuilding.teambuilding.management.teamcreator.TeamCreator}', contextInitializerClasses = '[]', activeProfiles = '{}', propertySourceLocations = '{}', propertySourceProperties = '{}', contextCustomizers = set[org.springframework.boot.test.autoconfigure.actuate.metrics.MetricsExportContextCustomizerFactory$DisableMetricExportContextCustomizer@1efe439d, org.springframework.boot.test.autoconfigure.properties.PropertyMappingContextCustomizer@0, org.springframework.boot.test.autoconfigure.web.servlet.WebDriverContextCustomizerFactory$Customizer@51fadaff, org.springframework.boot.test.context.filter.ExcludeFilterContextCustomizer@67d18ed7, org.springframework.boot.test.json.DuplicateJsonObjectContextCustomizerFactory$DuplicateJsonObjectContextCustomizer@7a67e3c6, org.springframework.boot.test.mock.mockito.MockitoContextCustomizer@35ad4949], contextLoader = 'org.springframework.test.context.support.DelegatingSmartContextLoader', parent = [null]]]
23:51:44.976 [Test worker] DEBUG org.springframework.test.context.cache - Spring test ApplicationContext cache statistics: [DefaultContextCache@7c447c76 size = 2, maxSize = 32, parentContextCount = 0, hitCount = 361, missCount = 2]
23:51:44.977 [Test worker] DEBUG org.springframework.test.context.cache.DefaultCacheAwareContextLoaderDelegate - Retrieved ApplicationContext [2078741622] from cache with key [[MergedContextConfiguration@f288c14 testClass = TeamBuildingServiceTest, locations = '{}', classes = '{class org.waldreg.teambuilding.teambuilding.management.DefaultTeamBuildingManager, class org.waldreg.teambuilding.teambuilding.management.teamcreator.TeamCreator}', contextInitializerClasses = '[]', activeProfiles = '{}', propertySourceLocations = '{}', propertySourceProperties = '{}', contextCustomizers = set[org.springframework.boot.test.autoconfigure.actuate.metrics.MetricsExportContextCustomizerFactory$DisableMetricExportContextCustomizer@1efe439d, org.springframework.boot.test.autoconfigure.properties.PropertyMappingContextCustomizer@0, org.springframework.boot.test.autoconfigure.web.servlet.WebDriverContextCustomizerFactory$Customizer@51fadaff, org.springframework.boot.test.context.filter.ExcludeFilterContextCustomizer@67d18ed7, org.springframework.boot.test.json.DuplicateJsonObjectContextCustomizerFactory$DuplicateJsonObjectContextCustomizer@7a67e3c6, org.springframework.boot.test.mock.mockito.MockitoContextCustomizer@35ad4949], contextLoader = 'org.springframework.test.context.support.DelegatingSmartContextLoader', parent = [null]]]
23:51:44.977 [Test worker] DEBUG org.springframework.test.context.cache - Spring test ApplicationContext cache statistics: [DefaultContextCache@7c447c76 size = 2, maxSize = 32, parentContextCount = 0, hitCount = 362, missCount = 2]
23:51:44.977 [Test worker] DEBUG org.springframework.test.context.support.AbstractDirtiesContextTestExecutionListener - Before test method: context [DefaultTestContext@5c1f6d57 testClass = TeamBuildingServiceTest, testInstance = org.waldreg.teambuilding.TeamBuildingServiceTest@42b28ff1, testMethod = CREATE_NEW_TEAM_BUILDING_FAIL_CAUSE_TEAM_BUILDING_TITLE_OVERFLOW_TEST@TeamBuildingServiceTest, testException = [null], mergedContextConfiguration = [MergedContextConfiguration@f288c14 testClass = TeamBuildingServiceTest, locations = '{}', classes = '{class org.waldreg.teambuilding.teambuilding.management.DefaultTeamBuildingManager, class org.waldreg.teambuilding.teambuilding.management.teamcreator.TeamCreator}', contextInitializerClasses = '[]', activeProfiles = '{}', propertySourceLocations = '{}', propertySourceProperties = '{}', contextCustomizers = set[org.springframework.boot.test.autoconfigure.actuate.metrics.MetricsExportContextCustomizerFactory$DisableMetricExportContextCustomizer@1efe439d, org.springframework.boot.test.autoconfigure.properties.PropertyMappingContextCustomizer@0, org.springframework.boot.test.autoconfigure.web.servlet.WebDriverContextCustomizerFactory$Customizer@51fadaff, org.springframework.boot.test.context.filter.ExcludeFilterContextCustomizer@67d18ed7, org.springframework.boot.test.json.DuplicateJsonObjectContextCustomizerFactory$DuplicateJsonObjectContextCustomizer@7a67e3c6, org.springframework.boot.test.mock.mockito.MockitoContextCustomizer@35ad4949], contextLoader = 'org.springframework.test.context.support.DelegatingSmartContextLoader', parent = [null]], attributes = map['org.springframework.test.context.event.ApplicationEventsTestExecutionListener.recordApplicationEvents' -> false]], class annotated with @DirtiesContext [false] with mode [null], method annotated with @DirtiesContext [false] with mode [null].
23:51:44.977 [Test worker] DEBUG org.springframework.test.context.cache.DefaultCacheAwareContextLoaderDelegate - Retrieved ApplicationContext [2078741622] from cache with key [[MergedContextConfiguration@f288c14 testClass = TeamBuildingServiceTest, locations = '{}', classes = '{class org.waldreg.teambuilding.teambuilding.management.DefaultTeamBuildingManager, class org.waldreg.teambuilding.teambuilding.management.teamcreator.TeamCreator}', contextInitializerClasses = '[]', activeProfiles = '{}', propertySourceLocations = '{}', propertySourceProperties = '{}', contextCustomizers = set[org.springframework.boot.test.autoconfigure.actuate.metrics.MetricsExportContextCustomizerFactory$DisableMetricExportContextCustomizer@1efe439d, org.springframework.boot.test.autoconfigure.properties.PropertyMappingContextCustomizer@0, org.springframework.boot.test.autoconfigure.web.servlet.WebDriverContextCustomizerFactory$Customizer@51fadaff, org.springframework.boot.test.context.filter.ExcludeFilterContextCustomizer@67d18ed7, org.springframework.boot.test.json.DuplicateJsonObjectContextCustomizerFactory$DuplicateJsonObjectContextCustomizer@7a67e3c6, org.springframework.boot.test.mock.mockito.MockitoContextCustomizer@35ad4949], contextLoader = 'org.springframework.test.context.support.DelegatingSmartContextLoader', parent = [null]]]
23:51:44.977 [Test worker] DEBUG org.springframework.test.context.cache - Spring test ApplicationContext cache statistics: [DefaultContextCache@7c447c76 size = 2, maxSize = 32, parentContextCount = 0, hitCount = 363, missCount = 2]
23:51:44.977 [Test worker] DEBUG org.springframework.test.context.cache.DefaultCacheAwareContextLoaderDelegate - Retrieved ApplicationContext [2078741622] from cache with key [[MergedContextConfiguration@f288c14 testClass = TeamBuildingServiceTest, locations = '{}', classes = '{class org.waldreg.teambuilding.teambuilding.management.DefaultTeamBuildingManager, class org.waldreg.teambuilding.teambuilding.management.teamcreator.TeamCreator}', contextInitializerClasses = '[]', activeProfiles = '{}', propertySourceLocations = '{}', propertySourceProperties = '{}', contextCustomizers = set[org.springframework.boot.test.autoconfigure.actuate.metrics.MetricsExportContextCustomizerFactory$DisableMetricExportContextCustomizer@1efe439d, org.springframework.boot.test.autoconfigure.properties.PropertyMappingContextCustomizer@0, org.springframework.boot.test.autoconfigure.web.servlet.WebDriverContextCustomizerFactory$Customizer@51fadaff, org.springframework.boot.test.context.filter.ExcludeFilterContextCustomizer@67d18ed7, org.springframework.boot.test.json.DuplicateJsonObjectContextCustomizerFactory$DuplicateJsonObjectContextCustomizer@7a67e3c6, org.springframework.boot.test.mock.mockito.MockitoContextCustomizer@35ad4949], contextLoader = 'org.springframework.test.context.support.DelegatingSmartContextLoader', parent = [null]]]
23:51:44.977 [Test worker] DEBUG org.springframework.test.context.cache - Spring test ApplicationContext cache statistics: [DefaultContextCache@7c447c76 size = 2, maxSize = 32, parentContextCount = 0, hitCount = 364, missCount = 2]
23:51:44.977 [Test worker] DEBUG org.springframework.test.context.cache.DefaultCacheAwareContextLoaderDelegate - Retrieved ApplicationContext [2078741622] from cache with key [[MergedContextConfiguration@f288c14 testClass = TeamBuildingServiceTest, locations = '{}', classes = '{class org.waldreg.teambuilding.teambuilding.management.DefaultTeamBuildingManager, class org.waldreg.teambuilding.teambuilding.management.teamcreator.TeamCreator}', contextInitializerClasses = '[]', activeProfiles = '{}', propertySourceLocations = '{}', propertySourceProperties = '{}', contextCustomizers = set[org.springframework.boot.test.autoconfigure.actuate.metrics.MetricsExportContextCustomizerFactory$DisableMetricExportContextCustomizer@1efe439d, org.springframework.boot.test.autoconfigure.properties.PropertyMappingContextCustomizer@0, org.springframework.boot.test.autoconfigure.web.servlet.WebDriverContextCustomizerFactory$Customizer@51fadaff, org.springframework.boot.test.context.filter.ExcludeFilterContextCustomizer@67d18ed7, org.springframework.boot.test.json.DuplicateJsonObjectContextCustomizerFactory$DuplicateJsonObjectContextCustomizer@7a67e3c6, org.springframework.boot.test.mock.mockito.MockitoContextCustomizer@35ad4949], contextLoader = 'org.springframework.test.context.support.DelegatingSmartContextLoader', parent = [null]]]
23:51:44.977 [Test worker] DEBUG org.springframework.test.context.cache - Spring test ApplicationContext cache statistics: [DefaultContextCache@7c447c76 size = 2, maxSize = 32, parentContextCount = 0, hitCount = 365, missCount = 2]
23:51:44.977 [Test worker] DEBUG org.springframework.test.context.cache.DefaultCacheAwareContextLoaderDelegate - Retrieved ApplicationContext [2078741622] from cache with key [[MergedContextConfiguration@f288c14 testClass = TeamBuildingServiceTest, locations = '{}', classes = '{class org.waldreg.teambuilding.teambuilding.management.DefaultTeamBuildingManager, class org.waldreg.teambuilding.teambuilding.management.teamcreator.TeamCreator}', contextInitializerClasses = '[]', activeProfiles = '{}', propertySourceLocations = '{}', propertySourceProperties = '{}', contextCustomizers = set[org.springframework.boot.test.autoconfigure.actuate.metrics.MetricsExportContextCustomizerFactory$DisableMetricExportContextCustomizer@1efe439d, org.springframework.boot.test.autoconfigure.properties.PropertyMappingContextCustomizer@0, org.springframework.boot.test.autoconfigure.web.servlet.WebDriverContextCustomizerFactory$Customizer@51fadaff, org.springframework.boot.test.context.filter.ExcludeFilterContextCustomizer@67d18ed7, org.springframework.boot.test.json.DuplicateJsonObjectContextCustomizerFactory$DuplicateJsonObjectContextCustomizer@7a67e3c6, org.springframework.boot.test.mock.mockito.MockitoContextCustomizer@35ad4949], contextLoader = 'org.springframework.test.context.support.DelegatingSmartContextLoader', parent = [null]]]
23:51:44.977 [Test worker] DEBUG org.springframework.test.context.cache - Spring test ApplicationContext cache statistics: [DefaultContextCache@7c447c76 size = 2, maxSize = 32, parentContextCount = 0, hitCount = 366, missCount = 2]
23:51:44.977 [Test worker] DEBUG org.springframework.test.context.cache.DefaultCacheAwareContextLoaderDelegate - Retrieved ApplicationContext [2078741622] from cache with key [[MergedContextConfiguration@f288c14 testClass = TeamBuildingServiceTest, locations = '{}', classes = '{class org.waldreg.teambuilding.teambuilding.management.DefaultTeamBuildingManager, class org.waldreg.teambuilding.teambuilding.management.teamcreator.TeamCreator}', contextInitializerClasses = '[]', activeProfiles = '{}', propertySourceLocations = '{}', propertySourceProperties = '{}', contextCustomizers = set[org.springframework.boot.test.autoconfigure.actuate.metrics.MetricsExportContextCustomizerFactory$DisableMetricExportContextCustomizer@1efe439d, org.springframework.boot.test.autoconfigure.properties.PropertyMappingContextCustomizer@0, org.springframework.boot.test.autoconfigure.web.servlet.WebDriverContextCustomizerFactory$Customizer@51fadaff, org.springframework.boot.test.context.filter.ExcludeFilterContextCustomizer@67d18ed7, org.springframework.boot.test.json.DuplicateJsonObjectContextCustomizerFactory$DuplicateJsonObjectContextCustomizer@7a67e3c6, org.springframework.boot.test.mock.mockito.MockitoContextCustomizer@35ad4949], contextLoader = 'org.springframework.test.context.support.DelegatingSmartContextLoader', parent = [null]]]
23:51:44.977 [Test worker] DEBUG org.springframework.test.context.cache - Spring test ApplicationContext cache statistics: [DefaultContextCache@7c447c76 size = 2, maxSize = 32, parentContextCount = 0, hitCount = 367, missCount = 2]
23:51:44.977 [Test worker] DEBUG org.springframework.test.context.cache.DefaultCacheAwareContextLoaderDelegate - Retrieved ApplicationContext [2078741622] from cache with key [[MergedContextConfiguration@f288c14 testClass = TeamBuildingServiceTest, locations = '{}', classes = '{class org.waldreg.teambuilding.teambuilding.management.DefaultTeamBuildingManager, class org.waldreg.teambuilding.teambuilding.management.teamcreator.TeamCreator}', contextInitializerClasses = '[]', activeProfiles = '{}', propertySourceLocations = '{}', propertySourceProperties = '{}', contextCustomizers = set[org.springframework.boot.test.autoconfigure.actuate.metrics.MetricsExportContextCustomizerFactory$DisableMetricExportContextCustomizer@1efe439d, org.springframework.boot.test.autoconfigure.properties.PropertyMappingContextCustomizer@0, org.springframework.boot.test.autoconfigure.web.servlet.WebDriverContextCustomizerFactory$Customizer@51fadaff, org.springframework.boot.test.context.filter.ExcludeFilterContextCustomizer@67d18ed7, org.springframework.boot.test.json.DuplicateJsonObjectContextCustomizerFactory$DuplicateJsonObjectContextCustomizer@7a67e3c6, org.springframework.boot.test.mock.mockito.MockitoContextCustomizer@35ad4949], contextLoader = 'org.springframework.test.context.support.DelegatingSmartContextLoader', parent = [null]]]
23:51:44.977 [Test worker] DEBUG org.springframework.test.context.cache - Spring test ApplicationContext cache statistics: [DefaultContextCache@7c447c76 size = 2, maxSize = 32, parentContextCount = 0, hitCount = 368, missCount = 2]
23:51:44.977 [Test worker] DEBUG org.springframework.test.context.cache.DefaultCacheAwareContextLoaderDelegate - Retrieved ApplicationContext [2078741622] from cache with key [[MergedContextConfiguration@f288c14 testClass = TeamBuildingServiceTest, locations = '{}', classes = '{class org.waldreg.teambuilding.teambuilding.management.DefaultTeamBuildingManager, class org.waldreg.teambuilding.teambuilding.management.teamcreator.TeamCreator}', contextInitializerClasses = '[]', activeProfiles = '{}', propertySourceLocations = '{}', propertySourceProperties = '{}', contextCustomizers = set[org.springframework.boot.test.autoconfigure.actuate.metrics.MetricsExportContextCustomizerFactory$DisableMetricExportContextCustomizer@1efe439d, org.springframework.boot.test.autoconfigure.properties.PropertyMappingContextCustomizer@0, org.springframework.boot.test.autoconfigure.web.servlet.WebDriverContextCustomizerFactory$Customizer@51fadaff, org.springframework.boot.test.context.filter.ExcludeFilterContextCustomizer@67d18ed7, org.springframework.boot.test.json.DuplicateJsonObjectContextCustomizerFactory$DuplicateJsonObjectContextCustomizer@7a67e3c6, org.springframework.boot.test.mock.mockito.MockitoContextCustomizer@35ad4949], contextLoader = 'org.springframework.test.context.support.DelegatingSmartContextLoader', parent = [null]]]
23:51:44.977 [Test worker] DEBUG org.springframework.test.context.cache - Spring test ApplicationContext cache statistics: [DefaultContextCache@7c447c76 size = 2, maxSize = 32, parentContextCount = 0, hitCount = 369, missCount = 2]
23:51:44.977 [Test worker] DEBUG org.springframework.test.context.cache.DefaultCacheAwareContextLoaderDelegate - Retrieved ApplicationContext [2078741622] from cache with key [[MergedContextConfiguration@f288c14 testClass = TeamBuildingServiceTest, locations = '{}', classes = '{class org.waldreg.teambuilding.teambuilding.management.DefaultTeamBuildingManager, class org.waldreg.teambuilding.teambuilding.management.teamcreator.TeamCreator}', contextInitializerClasses = '[]', activeProfiles = '{}', propertySourceLocations = '{}', propertySourceProperties = '{}', contextCustomizers = set[org.springframework.boot.test.autoconfigure.actuate.metrics.MetricsExportContextCustomizerFactory$DisableMetricExportContextCustomizer@1efe439d, org.springframework.boot.test.autoconfigure.properties.PropertyMappingContextCustomizer@0, org.springframework.boot.test.autoconfigure.web.servlet.WebDriverContextCustomizerFactory$Customizer@51fadaff, org.springframework.boot.test.context.filter.ExcludeFilterContextCustomizer@67d18ed7, org.springframework.boot.test.json.DuplicateJsonObjectContextCustomizerFactory$DuplicateJsonObjectContextCustomizer@7a67e3c6, org.springframework.boot.test.mock.mockito.MockitoContextCustomizer@35ad4949], contextLoader = 'org.springframework.test.context.support.DelegatingSmartContextLoader', parent = [null]]]
23:51:44.977 [Test worker] DEBUG org.springframework.test.context.cache - Spring test ApplicationContext cache statistics: [DefaultContextCache@7c447c76 size = 2, maxSize = 32, parentContextCount = 0, hitCount = 370, missCount = 2]
23:51:44.978 [Test worker] DEBUG org.springframework.test.context.cache.DefaultCacheAwareContextLoaderDelegate - Retrieved ApplicationContext [2078741622] from cache with key [[MergedContextConfiguration@f288c14 testClass = TeamBuildingServiceTest, locations = '{}', classes = '{class org.waldreg.teambuilding.teambuilding.management.DefaultTeamBuildingManager, class org.waldreg.teambuilding.teambuilding.management.teamcreator.TeamCreator}', contextInitializerClasses = '[]', activeProfiles = '{}', propertySourceLocations = '{}', propertySourceProperties = '{}', contextCustomizers = set[org.springframework.boot.test.autoconfigure.actuate.metrics.MetricsExportContextCustomizerFactory$DisableMetricExportContextCustomizer@1efe439d, org.springframework.boot.test.autoconfigure.properties.PropertyMappingContextCustomizer@0, org.springframework.boot.test.autoconfigure.web.servlet.WebDriverContextCustomizerFactory$Customizer@51fadaff, org.springframework.boot.test.context.filter.ExcludeFilterContextCustomizer@67d18ed7, org.springframework.boot.test.json.DuplicateJsonObjectContextCustomizerFactory$DuplicateJsonObjectContextCustomizer@7a67e3c6, org.springframework.boot.test.mock.mockito.MockitoContextCustomizer@35ad4949], contextLoader = 'org.springframework.test.context.support.DelegatingSmartContextLoader', parent = [null]]]
23:51:44.978 [Test worker] DEBUG org.springframework.test.context.cache - Spring test ApplicationContext cache statistics: [DefaultContextCache@7c447c76 size = 2, maxSize = 32, parentContextCount = 0, hitCount = 371, missCount = 2]
23:51:44.978 [Test worker] DEBUG org.springframework.test.context.support.AbstractDirtiesContextTestExecutionListener - After test method: context [DefaultTestContext@5c1f6d57 testClass = TeamBuildingServiceTest, testInstance = org.waldreg.teambuilding.TeamBuildingServiceTest@42b28ff1, testMethod = CREATE_NEW_TEAM_BUILDING_FAIL_CAUSE_TEAM_BUILDING_TITLE_OVERFLOW_TEST@TeamBuildingServiceTest, testException = [null], mergedContextConfiguration = [MergedContextConfiguration@f288c14 testClass = TeamBuildingServiceTest, locations = '{}', classes = '{class org.waldreg.teambuilding.teambuilding.management.DefaultTeamBuildingManager, class org.waldreg.teambuilding.teambuilding.management.teamcreator.TeamCreator}', contextInitializerClasses = '[]', activeProfiles = '{}', propertySourceLocations = '{}', propertySourceProperties = '{}', contextCustomizers = set[org.springframework.boot.test.autoconfigure.actuate.metrics.MetricsExportContextCustomizerFactory$DisableMetricExportContextCustomizer@1efe439d, org.springframework.boot.test.autoconfigure.properties.PropertyMappingContextCustomizer@0, org.springframework.boot.test.autoconfigure.web.servlet.WebDriverContextCustomizerFactory$Customizer@51fadaff, org.springframework.boot.test.context.filter.ExcludeFilterContextCustomizer@67d18ed7, org.springframework.boot.test.json.DuplicateJsonObjectContextCustomizerFactory$DuplicateJsonObjectContextCustomizer@7a67e3c6, org.springframework.boot.test.mock.mockito.MockitoContextCustomizer@35ad4949], contextLoader = 'org.springframework.test.context.support.DelegatingSmartContextLoader', parent = [null]], attributes = map['org.springframework.test.context.event.ApplicationEventsTestExecutionListener.recordApplicationEvents' -> false]], class annotated with @DirtiesContext [false] with mode [null], method annotated with @DirtiesContext [false] with mode [null].
23:51:44.978 [Test worker] DEBUG org.springframework.test.context.cache.DefaultCacheAwareContextLoaderDelegate - Retrieved ApplicationContext [2078741622] from cache with key [[MergedContextConfiguration@f288c14 testClass = TeamBuildingServiceTest, locations = '{}', classes = '{class org.waldreg.teambuilding.teambuilding.management.DefaultTeamBuildingManager, class org.waldreg.teambuilding.teambuilding.management.teamcreator.TeamCreator}', contextInitializerClasses = '[]', activeProfiles = '{}', propertySourceLocations = '{}', propertySourceProperties = '{}', contextCustomizers = set[org.springframework.boot.test.autoconfigure.actuate.metrics.MetricsExportContextCustomizerFactory$DisableMetricExportContextCustomizer@1efe439d, org.springframework.boot.test.autoconfigure.properties.PropertyMappingContextCustomizer@0, org.springframework.boot.test.autoconfigure.web.servlet.WebDriverContextCustomizerFactory$Customizer@51fadaff, org.springframework.boot.test.context.filter.ExcludeFilterContextCustomizer@67d18ed7, org.springframework.boot.test.json.DuplicateJsonObjectContextCustomizerFactory$DuplicateJsonObjectContextCustomizer@7a67e3c6, org.springframework.boot.test.mock.mockito.MockitoContextCustomizer@35ad4949], contextLoader = 'org.springframework.test.context.support.DelegatingSmartContextLoader', parent = [null]]]
23:51:44.978 [Test worker] DEBUG org.springframework.test.context.cache - Spring test ApplicationContext cache statistics: [DefaultContextCache@7c447c76 size = 2, maxSize = 32, parentContextCount = 0, hitCount = 372, missCount = 2]
23:51:44.978 [Test worker] DEBUG org.springframework.test.context.support.DependencyInjectionTestExecutionListener - Performing dependency injection for test context [[DefaultTestContext@5c1f6d57 testClass = TeamBuildingServiceTest, testInstance = org.waldreg.teambuilding.TeamBuildingServiceTest@718dbd79, testMethod = [null], testException = [null], mergedContextConfiguration = [MergedContextConfiguration@f288c14 testClass = TeamBuildingServiceTest, locations = '{}', classes = '{class org.waldreg.teambuilding.teambuilding.management.DefaultTeamBuildingManager, class org.waldreg.teambuilding.teambuilding.management.teamcreator.TeamCreator}', contextInitializerClasses = '[]', activeProfiles = '{}', propertySourceLocations = '{}', propertySourceProperties = '{}', contextCustomizers = set[org.springframework.boot.test.autoconfigure.actuate.metrics.MetricsExportContextCustomizerFactory$DisableMetricExportContextCustomizer@1efe439d, org.springframework.boot.test.autoconfigure.properties.PropertyMappingContextCustomizer@0, org.springframework.boot.test.autoconfigure.web.servlet.WebDriverContextCustomizerFactory$Customizer@51fadaff, org.springframework.boot.test.context.filter.ExcludeFilterContextCustomizer@67d18ed7, org.springframework.boot.test.json.DuplicateJsonObjectContextCustomizerFactory$DuplicateJsonObjectContextCustomizer@7a67e3c6, org.springframework.boot.test.mock.mockito.MockitoContextCustomizer@35ad4949], contextLoader = 'org.springframework.test.context.support.DelegatingSmartContextLoader', parent = [null]], attributes = map['org.springframework.test.context.event.ApplicationEventsTestExecutionListener.recordApplicationEvents' -> false]]].
23:51:44.978 [Test worker] DEBUG org.springframework.test.context.cache.DefaultCacheAwareContextLoaderDelegate - Retrieved ApplicationContext [2078741622] from cache with key [[MergedContextConfiguration@f288c14 testClass = TeamBuildingServiceTest, locations = '{}', classes = '{class org.waldreg.teambuilding.teambuilding.management.DefaultTeamBuildingManager, class org.waldreg.teambuilding.teambuilding.management.teamcreator.TeamCreator}', contextInitializerClasses = '[]', activeProfiles = '{}', propertySourceLocations = '{}', propertySourceProperties = '{}', contextCustomizers = set[org.springframework.boot.test.autoconfigure.actuate.metrics.MetricsExportContextCustomizerFactory$DisableMetricExportContextCustomizer@1efe439d, org.springframework.boot.test.autoconfigure.properties.PropertyMappingContextCustomizer@0, org.springframework.boot.test.autoconfigure.web.servlet.WebDriverContextCustomizerFactory$Customizer@51fadaff, org.springframework.boot.test.context.filter.ExcludeFilterContextCustomizer@67d18ed7, org.springframework.boot.test.json.DuplicateJsonObjectContextCustomizerFactory$DuplicateJsonObjectContextCustomizer@7a67e3c6, org.springframework.boot.test.mock.mockito.MockitoContextCustomizer@35ad4949], contextLoader = 'org.springframework.test.context.support.DelegatingSmartContextLoader', parent = [null]]]
23:51:44.978 [Test worker] DEBUG org.springframework.test.context.cache - Spring test ApplicationContext cache statistics: [DefaultContextCache@7c447c76 size = 2, maxSize = 32, parentContextCount = 0, hitCount = 373, missCount = 2]
23:51:44.978 [Test worker] DEBUG org.springframework.test.context.cache.DefaultCacheAwareContextLoaderDelegate - Retrieved ApplicationContext [2078741622] from cache with key [[MergedContextConfiguration@f288c14 testClass = TeamBuildingServiceTest, locations = '{}', classes = '{class org.waldreg.teambuilding.teambuilding.management.DefaultTeamBuildingManager, class org.waldreg.teambuilding.teambuilding.management.teamcreator.TeamCreator}', contextInitializerClasses = '[]', activeProfiles = '{}', propertySourceLocations = '{}', propertySourceProperties = '{}', contextCustomizers = set[org.springframework.boot.test.autoconfigure.actuate.metrics.MetricsExportContextCustomizerFactory$DisableMetricExportContextCustomizer@1efe439d, org.springframework.boot.test.autoconfigure.properties.PropertyMappingContextCustomizer@0, org.springframework.boot.test.autoconfigure.web.servlet.WebDriverContextCustomizerFactory$Customizer@51fadaff, org.springframework.boot.test.context.filter.ExcludeFilterContextCustomizer@67d18ed7, org.springframework.boot.test.json.DuplicateJsonObjectContextCustomizerFactory$DuplicateJsonObjectContextCustomizer@7a67e3c6, org.springframework.boot.test.mock.mockito.MockitoContextCustomizer@35ad4949], contextLoader = 'org.springframework.test.context.support.DelegatingSmartContextLoader', parent = [null]]]
23:51:44.978 [Test worker] DEBUG org.springframework.test.context.cache - Spring test ApplicationContext cache statistics: [DefaultContextCache@7c447c76 size = 2, maxSize = 32, parentContextCount = 0, hitCount = 374, missCount = 2]
23:51:44.978 [Test worker] DEBUG org.springframework.test.context.support.AbstractDirtiesContextTestExecutionListener - Before test method: context [DefaultTestContext@5c1f6d57 testClass = TeamBuildingServiceTest, testInstance = org.waldreg.teambuilding.TeamBuildingServiceTest@718dbd79, testMethod = INQUIRY_ALL_TEAM_BUILDING_FAIL_CAUSE_INVALID_RANGE_TEST@TeamBuildingServiceTest, testException = [null], mergedContextConfiguration = [MergedContextConfiguration@f288c14 testClass = TeamBuildingServiceTest, locations = '{}', classes = '{class org.waldreg.teambuilding.teambuilding.management.DefaultTeamBuildingManager, class org.waldreg.teambuilding.teambuilding.management.teamcreator.TeamCreator}', contextInitializerClasses = '[]', activeProfiles = '{}', propertySourceLocations = '{}', propertySourceProperties = '{}', contextCustomizers = set[org.springframework.boot.test.autoconfigure.actuate.metrics.MetricsExportContextCustomizerFactory$DisableMetricExportContextCustomizer@1efe439d, org.springframework.boot.test.autoconfigure.properties.PropertyMappingContextCustomizer@0, org.springframework.boot.test.autoconfigure.web.servlet.WebDriverContextCustomizerFactory$Customizer@51fadaff, org.springframework.boot.test.context.filter.ExcludeFilterContextCustomizer@67d18ed7, org.springframework.boot.test.json.DuplicateJsonObjectContextCustomizerFactory$DuplicateJsonObjectContextCustomizer@7a67e3c6, org.springframework.boot.test.mock.mockito.MockitoContextCustomizer@35ad4949], contextLoader = 'org.springframework.test.context.support.DelegatingSmartContextLoader', parent = [null]], attributes = map['org.springframework.test.context.event.ApplicationEventsTestExecutionListener.recordApplicationEvents' -> false]], class annotated with @DirtiesContext [false] with mode [null], method annotated with @DirtiesContext [false] with mode [null].
23:51:44.978 [Test worker] DEBUG org.springframework.test.context.cache.DefaultCacheAwareContextLoaderDelegate - Retrieved ApplicationContext [2078741622] from cache with key [[MergedContextConfiguration@f288c14 testClass = TeamBuildingServiceTest, locations = '{}', classes = '{class org.waldreg.teambuilding.teambuilding.management.DefaultTeamBuildingManager, class org.waldreg.teambuilding.teambuilding.management.teamcreator.TeamCreator}', contextInitializerClasses = '[]', activeProfiles = '{}', propertySourceLocations = '{}', propertySourceProperties = '{}', contextCustomizers = set[org.springframework.boot.test.autoconfigure.actuate.metrics.MetricsExportContextCustomizerFactory$DisableMetricExportContextCustomizer@1efe439d, org.springframework.boot.test.autoconfigure.properties.PropertyMappingContextCustomizer@0, org.springframework.boot.test.autoconfigure.web.servlet.WebDriverContextCustomizerFactory$Customizer@51fadaff, org.springframework.boot.test.context.filter.ExcludeFilterContextCustomizer@67d18ed7, org.springframework.boot.test.json.DuplicateJsonObjectContextCustomizerFactory$DuplicateJsonObjectContextCustomizer@7a67e3c6, org.springframework.boot.test.mock.mockito.MockitoContextCustomizer@35ad4949], contextLoader = 'org.springframework.test.context.support.DelegatingSmartContextLoader', parent = [null]]]
23:51:44.978 [Test worker] DEBUG org.springframework.test.context.cache - Spring test ApplicationContext cache statistics: [DefaultContextCache@7c447c76 size = 2, maxSize = 32, parentContextCount = 0, hitCount = 375, missCount = 2]
23:51:44.978 [Test worker] DEBUG org.springframework.test.context.cache.DefaultCacheAwareContextLoaderDelegate - Retrieved ApplicationContext [2078741622] from cache with key [[MergedContextConfiguration@f288c14 testClass = TeamBuildingServiceTest, locations = '{}', classes = '{class org.waldreg.teambuilding.teambuilding.management.DefaultTeamBuildingManager, class org.waldreg.teambuilding.teambuilding.management.teamcreator.TeamCreator}', contextInitializerClasses = '[]', activeProfiles = '{}', propertySourceLocations = '{}', propertySourceProperties = '{}', contextCustomizers = set[org.springframework.boot.test.autoconfigure.actuate.metrics.MetricsExportContextCustomizerFactory$DisableMetricExportContextCustomizer@1efe439d, org.springframework.boot.test.autoconfigure.properties.PropertyMappingContextCustomizer@0, org.springframework.boot.test.autoconfigure.web.servlet.WebDriverContextCustomizerFactory$Customizer@51fadaff, org.springframework.boot.test.context.filter.ExcludeFilterContextCustomizer@67d18ed7, org.springframework.boot.test.json.DuplicateJsonObjectContextCustomizerFactory$DuplicateJsonObjectContextCustomizer@7a67e3c6, org.springframework.boot.test.mock.mockito.MockitoContextCustomizer@35ad4949], contextLoader = 'org.springframework.test.context.support.DelegatingSmartContextLoader', parent = [null]]]
23:51:44.978 [Test worker] DEBUG org.springframework.test.context.cache - Spring test ApplicationContext cache statistics: [DefaultContextCache@7c447c76 size = 2, maxSize = 32, parentContextCount = 0, hitCount = 376, missCount = 2]
23:51:44.978 [Test worker] DEBUG org.springframework.test.context.cache.DefaultCacheAwareContextLoaderDelegate - Retrieved ApplicationContext [2078741622] from cache with key [[MergedContextConfiguration@f288c14 testClass = TeamBuildingServiceTest, locations = '{}', classes = '{class org.waldreg.teambuilding.teambuilding.management.DefaultTeamBuildingManager, class org.waldreg.teambuilding.teambuilding.management.teamcreator.TeamCreator}', contextInitializerClasses = '[]', activeProfiles = '{}', propertySourceLocations = '{}', propertySourceProperties = '{}', contextCustomizers = set[org.springframework.boot.test.autoconfigure.actuate.metrics.MetricsExportContextCustomizerFactory$DisableMetricExportContextCustomizer@1efe439d, org.springframework.boot.test.autoconfigure.properties.PropertyMappingContextCustomizer@0, org.springframework.boot.test.autoconfigure.web.servlet.WebDriverContextCustomizerFactory$Customizer@51fadaff, org.springframework.boot.test.context.filter.ExcludeFilterContextCustomizer@67d18ed7, org.springframework.boot.test.json.DuplicateJsonObjectContextCustomizerFactory$DuplicateJsonObjectContextCustomizer@7a67e3c6, org.springframework.boot.test.mock.mockito.MockitoContextCustomizer@35ad4949], contextLoader = 'org.springframework.test.context.support.DelegatingSmartContextLoader', parent = [null]]]
23:51:44.978 [Test worker] DEBUG org.springframework.test.context.cache - Spring test ApplicationContext cache statistics: [DefaultContextCache@7c447c76 size = 2, maxSize = 32, parentContextCount = 0, hitCount = 377, missCount = 2]
23:51:44.979 [Test worker] DEBUG org.springframework.test.context.cache.DefaultCacheAwareContextLoaderDelegate - Retrieved ApplicationContext [2078741622] from cache with key [[MergedContextConfiguration@f288c14 testClass = TeamBuildingServiceTest, locations = '{}', classes = '{class org.waldreg.teambuilding.teambuilding.management.DefaultTeamBuildingManager, class org.waldreg.teambuilding.teambuilding.management.teamcreator.TeamCreator}', contextInitializerClasses = '[]', activeProfiles = '{}', propertySourceLocations = '{}', propertySourceProperties = '{}', contextCustomizers = set[org.springframework.boot.test.autoconfigure.actuate.metrics.MetricsExportContextCustomizerFactory$DisableMetricExportContextCustomizer@1efe439d, org.springframework.boot.test.autoconfigure.properties.PropertyMappingContextCustomizer@0, org.springframework.boot.test.autoconfigure.web.servlet.WebDriverContextCustomizerFactory$Customizer@51fadaff, org.springframework.boot.test.context.filter.ExcludeFilterContextCustomizer@67d18ed7, org.springframework.boot.test.json.DuplicateJsonObjectContextCustomizerFactory$DuplicateJsonObjectContextCustomizer@7a67e3c6, org.springframework.boot.test.mock.mockito.MockitoContextCustomizer@35ad4949], contextLoader = 'org.springframework.test.context.support.DelegatingSmartContextLoader', parent = [null]]]
23:51:44.979 [Test worker] DEBUG org.springframework.test.context.cache - Spring test ApplicationContext cache statistics: [DefaultContextCache@7c447c76 size = 2, maxSize = 32, parentContextCount = 0, hitCount = 378, missCount = 2]
23:51:44.979 [Test worker] DEBUG org.springframework.test.context.cache.DefaultCacheAwareContextLoaderDelegate - Retrieved ApplicationContext [2078741622] from cache with key [[MergedContextConfiguration@f288c14 testClass = TeamBuildingServiceTest, locations = '{}', classes = '{class org.waldreg.teambuilding.teambuilding.management.DefaultTeamBuildingManager, class org.waldreg.teambuilding.teambuilding.management.teamcreator.TeamCreator}', contextInitializerClasses = '[]', activeProfiles = '{}', propertySourceLocations = '{}', propertySourceProperties = '{}', contextCustomizers = set[org.springframework.boot.test.autoconfigure.actuate.metrics.MetricsExportContextCustomizerFactory$DisableMetricExportContextCustomizer@1efe439d, org.springframework.boot.test.autoconfigure.properties.PropertyMappingContextCustomizer@0, org.springframework.boot.test.autoconfigure.web.servlet.WebDriverContextCustomizerFactory$Customizer@51fadaff, org.springframework.boot.test.context.filter.ExcludeFilterContextCustomizer@67d18ed7, org.springframework.boot.test.json.DuplicateJsonObjectContextCustomizerFactory$DuplicateJsonObjectContextCustomizer@7a67e3c6, org.springframework.boot.test.mock.mockito.MockitoContextCustomizer@35ad4949], contextLoader = 'org.springframework.test.context.support.DelegatingSmartContextLoader', parent = [null]]]
23:51:44.979 [Test worker] DEBUG org.springframework.test.context.cache - Spring test ApplicationContext cache statistics: [DefaultContextCache@7c447c76 size = 2, maxSize = 32, parentContextCount = 0, hitCount = 379, missCount = 2]
23:51:44.979 [Test worker] DEBUG org.springframework.test.context.cache.DefaultCacheAwareContextLoaderDelegate - Retrieved ApplicationContext [2078741622] from cache with key [[MergedContextConfiguration@f288c14 testClass = TeamBuildingServiceTest, locations = '{}', classes = '{class org.waldreg.teambuilding.teambuilding.management.DefaultTeamBuildingManager, class org.waldreg.teambuilding.teambuilding.management.teamcreator.TeamCreator}', contextInitializerClasses = '[]', activeProfiles = '{}', propertySourceLocations = '{}', propertySourceProperties = '{}', contextCustomizers = set[org.springframework.boot.test.autoconfigure.actuate.metrics.MetricsExportContextCustomizerFactory$DisableMetricExportContextCustomizer@1efe439d, org.springframework.boot.test.autoconfigure.properties.PropertyMappingContextCustomizer@0, org.springframework.boot.test.autoconfigure.web.servlet.WebDriverContextCustomizerFactory$Customizer@51fadaff, org.springframework.boot.test.context.filter.ExcludeFilterContextCustomizer@67d18ed7, org.springframework.boot.test.json.DuplicateJsonObjectContextCustomizerFactory$DuplicateJsonObjectContextCustomizer@7a67e3c6, org.springframework.boot.test.mock.mockito.MockitoContextCustomizer@35ad4949], contextLoader = 'org.springframework.test.context.support.DelegatingSmartContextLoader', parent = [null]]]
23:51:44.979 [Test worker] DEBUG org.springframework.test.context.cache - Spring test ApplicationContext cache statistics: [DefaultContextCache@7c447c76 size = 2, maxSize = 32, parentContextCount = 0, hitCount = 380, missCount = 2]
23:51:44.979 [Test worker] DEBUG org.springframework.test.context.cache.DefaultCacheAwareContextLoaderDelegate - Retrieved ApplicationContext [2078741622] from cache with key [[MergedContextConfiguration@f288c14 testClass = TeamBuildingServiceTest, locations = '{}', classes = '{class org.waldreg.teambuilding.teambuilding.management.DefaultTeamBuildingManager, class org.waldreg.teambuilding.teambuilding.management.teamcreator.TeamCreator}', contextInitializerClasses = '[]', activeProfiles = '{}', propertySourceLocations = '{}', propertySourceProperties = '{}', contextCustomizers = set[org.springframework.boot.test.autoconfigure.actuate.metrics.MetricsExportContextCustomizerFactory$DisableMetricExportContextCustomizer@1efe439d, org.springframework.boot.test.autoconfigure.properties.PropertyMappingContextCustomizer@0, org.springframework.boot.test.autoconfigure.web.servlet.WebDriverContextCustomizerFactory$Customizer@51fadaff, org.springframework.boot.test.context.filter.ExcludeFilterContextCustomizer@67d18ed7, org.springframework.boot.test.json.DuplicateJsonObjectContextCustomizerFactory$DuplicateJsonObjectContextCustomizer@7a67e3c6, org.springframework.boot.test.mock.mockito.MockitoContextCustomizer@35ad4949], contextLoader = 'org.springframework.test.context.support.DelegatingSmartContextLoader', parent = [null]]]
23:51:44.979 [Test worker] DEBUG org.springframework.test.context.cache - Spring test ApplicationContext cache statistics: [DefaultContextCache@7c447c76 size = 2, maxSize = 32, parentContextCount = 0, hitCount = 381, missCount = 2]
23:51:44.979 [Test worker] DEBUG org.springframework.test.context.cache.DefaultCacheAwareContextLoaderDelegate - Retrieved ApplicationContext [2078741622] from cache with key [[MergedContextConfiguration@f288c14 testClass = TeamBuildingServiceTest, locations = '{}', classes = '{class org.waldreg.teambuilding.teambuilding.management.DefaultTeamBuildingManager, class org.waldreg.teambuilding.teambuilding.management.teamcreator.TeamCreator}', contextInitializerClasses = '[]', activeProfiles = '{}', propertySourceLocations = '{}', propertySourceProperties = '{}', contextCustomizers = set[org.springframework.boot.test.autoconfigure.actuate.metrics.MetricsExportContextCustomizerFactory$DisableMetricExportContextCustomizer@1efe439d, org.springframework.boot.test.autoconfigure.properties.PropertyMappingContextCustomizer@0, org.springframework.boot.test.autoconfigure.web.servlet.WebDriverContextCustomizerFactory$Customizer@51fadaff, org.springframework.boot.test.context.filter.ExcludeFilterContextCustomizer@67d18ed7, org.springframework.boot.test.json.DuplicateJsonObjectContextCustomizerFactory$DuplicateJsonObjectContextCustomizer@7a67e3c6, org.springframework.boot.test.mock.mockito.MockitoContextCustomizer@35ad4949], contextLoader = 'org.springframework.test.context.support.DelegatingSmartContextLoader', parent = [null]]]
23:51:44.979 [Test worker] DEBUG org.springframework.test.context.cache - Spring test ApplicationContext cache statistics: [DefaultContextCache@7c447c76 size = 2, maxSize = 32, parentContextCount = 0, hitCount = 382, missCount = 2]
23:51:44.979 [Test worker] DEBUG org.springframework.test.context.cache.DefaultCacheAwareContextLoaderDelegate - Retrieved ApplicationContext [2078741622] from cache with key [[MergedContextConfiguration@f288c14 testClass = TeamBuildingServiceTest, locations = '{}', classes = '{class org.waldreg.teambuilding.teambuilding.management.DefaultTeamBuildingManager, class org.waldreg.teambuilding.teambuilding.management.teamcreator.TeamCreator}', contextInitializerClasses = '[]', activeProfiles = '{}', propertySourceLocations = '{}', propertySourceProperties = '{}', contextCustomizers = set[org.springframework.boot.test.autoconfigure.actuate.metrics.MetricsExportContextCustomizerFactory$DisableMetricExportContextCustomizer@1efe439d, org.springframework.boot.test.autoconfigure.properties.PropertyMappingContextCustomizer@0, org.springframework.boot.test.autoconfigure.web.servlet.WebDriverContextCustomizerFactory$Customizer@51fadaff, org.springframework.boot.test.context.filter.ExcludeFilterContextCustomizer@67d18ed7, org.springframework.boot.test.json.DuplicateJsonObjectContextCustomizerFactory$DuplicateJsonObjectContextCustomizer@7a67e3c6, org.springframework.boot.test.mock.mockito.MockitoContextCustomizer@35ad4949], contextLoader = 'org.springframework.test.context.support.DelegatingSmartContextLoader', parent = [null]]]
23:51:44.979 [Test worker] DEBUG org.springframework.test.context.cache - Spring test ApplicationContext cache statistics: [DefaultContextCache@7c447c76 size = 2, maxSize = 32, parentContextCount = 0, hitCount = 383, missCount = 2]
23:51:44.979 [Test worker] DEBUG org.springframework.test.context.support.AbstractDirtiesContextTestExecutionListener - After test method: context [DefaultTestContext@5c1f6d57 testClass = TeamBuildingServiceTest, testInstance = org.waldreg.teambuilding.TeamBuildingServiceTest@718dbd79, testMethod = INQUIRY_ALL_TEAM_BUILDING_FAIL_CAUSE_INVALID_RANGE_TEST@TeamBuildingServiceTest, testException = [null], mergedContextConfiguration = [MergedContextConfiguration@f288c14 testClass = TeamBuildingServiceTest, locations = '{}', classes = '{class org.waldreg.teambuilding.teambuilding.management.DefaultTeamBuildingManager, class org.waldreg.teambuilding.teambuilding.management.teamcreator.TeamCreator}', contextInitializerClasses = '[]', activeProfiles = '{}', propertySourceLocations = '{}', propertySourceProperties = '{}', contextCustomizers = set[org.springframework.boot.test.autoconfigure.actuate.metrics.MetricsExportContextCustomizerFactory$DisableMetricExportContextCustomizer@1efe439d, org.springframework.boot.test.autoconfigure.properties.PropertyMappingContextCustomizer@0, org.springframework.boot.test.autoconfigure.web.servlet.WebDriverContextCustomizerFactory$Customizer@51fadaff, org.springframework.boot.test.context.filter.ExcludeFilterContextCustomizer@67d18ed7, org.springframework.boot.test.json.DuplicateJsonObjectContextCustomizerFactory$DuplicateJsonObjectContextCustomizer@7a67e3c6, org.springframework.boot.test.mock.mockito.MockitoContextCustomizer@35ad4949], contextLoader = 'org.springframework.test.context.support.DelegatingSmartContextLoader', parent = [null]], attributes = map['org.springframework.test.context.event.ApplicationEventsTestExecutionListener.recordApplicationEvents' -> false]], class annotated with @DirtiesContext [false] with mode [null], method annotated with @DirtiesContext [false] with mode [null].
23:51:44.979 [Test worker] DEBUG org.springframework.test.context.cache.DefaultCacheAwareContextLoaderDelegate - Retrieved ApplicationContext [2078741622] from cache with key [[MergedContextConfiguration@f288c14 testClass = TeamBuildingServiceTest, locations = '{}', classes = '{class org.waldreg.teambuilding.teambuilding.management.DefaultTeamBuildingManager, class org.waldreg.teambuilding.teambuilding.management.teamcreator.TeamCreator}', contextInitializerClasses = '[]', activeProfiles = '{}', propertySourceLocations = '{}', propertySourceProperties = '{}', contextCustomizers = set[org.springframework.boot.test.autoconfigure.actuate.metrics.MetricsExportContextCustomizerFactory$DisableMetricExportContextCustomizer@1efe439d, org.springframework.boot.test.autoconfigure.properties.PropertyMappingContextCustomizer@0, org.springframework.boot.test.autoconfigure.web.servlet.WebDriverContextCustomizerFactory$Customizer@51fadaff, org.springframework.boot.test.context.filter.ExcludeFilterContextCustomizer@67d18ed7, org.springframework.boot.test.json.DuplicateJsonObjectContextCustomizerFactory$DuplicateJsonObjectContextCustomizer@7a67e3c6, org.springframework.boot.test.mock.mockito.MockitoContextCustomizer@35ad4949], contextLoader = 'org.springframework.test.context.support.DelegatingSmartContextLoader', parent = [null]]]
23:51:44.979 [Test worker] DEBUG org.springframework.test.context.cache - Spring test ApplicationContext cache statistics: [DefaultContextCache@7c447c76 size = 2, maxSize = 32, parentContextCount = 0, hitCount = 384, missCount = 2]
23:51:44.979 [Test worker] DEBUG org.springframework.test.context.support.AbstractDirtiesContextTestExecutionListener - After test class: context [DefaultTestContext@5c1f6d57 testClass = TeamBuildingServiceTest, testInstance = [null], testMethod = [null], testException = [null], mergedContextConfiguration = [MergedContextConfiguration@f288c14 testClass = TeamBuildingServiceTest, locations = '{}', classes = '{class org.waldreg.teambuilding.teambuilding.management.DefaultTeamBuildingManager, class org.waldreg.teambuilding.teambuilding.management.teamcreator.TeamCreator}', contextInitializerClasses = '[]', activeProfiles = '{}', propertySourceLocations = '{}', propertySourceProperties = '{}', contextCustomizers = set[org.springframework.boot.test.autoconfigure.actuate.metrics.MetricsExportContextCustomizerFactory$DisableMetricExportContextCustomizer@1efe439d, org.springframework.boot.test.autoconfigure.properties.PropertyMappingContextCustomizer@0, org.springframework.boot.test.autoconfigure.web.servlet.WebDriverContextCustomizerFactory$Customizer@51fadaff, org.springframework.boot.test.context.filter.ExcludeFilterContextCustomizer@67d18ed7, org.springframework.boot.test.json.DuplicateJsonObjectContextCustomizerFactory$DuplicateJsonObjectContextCustomizer@7a67e3c6, org.springframework.boot.test.mock.mockito.MockitoContextCustomizer@35ad4949], contextLoader = 'org.springframework.test.context.support.DelegatingSmartContextLoader', parent = [null]], attributes = map['org.springframework.test.context.event.ApplicationEventsTestExecutionListener.recordApplicationEvents' -> false]], class annotated with @DirtiesContext [false] with mode [null].
]]></system-out>
  <system-err><![CDATA[]]></system-err>
</testsuite>
