<?xml version="1.0" encoding="UTF-8"?>
<testsuite name="org.waldreg.team.TeamServiceTest" tests="17" skipped="0" failures="0" errors="0" timestamp="2023-06-27T14:36:59" hostname="xb-apple.local" time="0.065">
  <properties/>
  <testcase name="팀빌딩 그룹 내 팀 수정 실패 테스트 - 없는 user_id" classname="org.waldreg.team.TeamServiceTest" time="0.015"/>
  <testcase name="팀빌딩 그룹 내 팀 이름 수정 실패 테스트 - team_name 1000자 초과" classname="org.waldreg.team.TeamServiceTest" time="0.003"/>
  <testcase name="팀빌딩 그룹 내 팀 수정 실패 테스트 - 없는 team_id" classname="org.waldreg.team.TeamServiceTest" time="0.003"/>
  <testcase name="팀빌딩 그룹 내 새로운 팀 추가 실패 테스트 - 없는 user_id" classname="org.waldreg.team.TeamServiceTest" time="0.003"/>
  <testcase name="팀빌딩 그룹 내 새로운 팀 추가 실패 테스트 - 이미 같은 팀빌딩 내 다른 팀에 속한 user 포함" classname="org.waldreg.team.TeamServiceTest" time="0.002"/>
  <testcase name="팀빌딩 그룹 내 팀 수정 실패 테스트 - 중복된 team 이름" classname="org.waldreg.team.TeamServiceTest" time="0.002"/>
  <testcase name="팀빌딩 그룹 내 팀 수정 실패 테스트 - 이미 다른 팀에 존재하는 user 추가 시도" classname="org.waldreg.team.TeamServiceTest" time="0.003"/>
  <testcase name="팀빌딩 그룹 내 팀 수정 성공 테스트" classname="org.waldreg.team.TeamServiceTest" time="0.003"/>
  <testcase name="팀빌딩 그룹 내 팀 이름 수정 실패 테스트 - 없는 team_id" classname="org.waldreg.team.TeamServiceTest" time="0.002"/>
  <testcase name="팀빌딩 그룹 내 새로운 팀 추가 성공 테스트" classname="org.waldreg.team.TeamServiceTest" time="0.003"/>
  <testcase name="팀빌딩 그룹 내 팀 이름 수정 실패 테스트 - 중복된 team_name" classname="org.waldreg.team.TeamServiceTest" time="0.003"/>
  <testcase name="팀빌딩 그룹 내 새로운 팀 추가 실패 테스트 - 없는 teambuilding_id" classname="org.waldreg.team.TeamServiceTest" time="0.001"/>
  <testcase name="팀빌딩 그룹 내 팀 이름 수정 성공 테스트" classname="org.waldreg.team.TeamServiceTest" time="0.002"/>
  <testcase name="팀빌딩 그룹 내 팀 수정 실패 테스트 - team_name이 1000자 초과" classname="org.waldreg.team.TeamServiceTest" time="0.002"/>
  <testcase name="팀빌딩 그룹 내 팀 삭제 실패 테스트 - 없는 team_id" classname="org.waldreg.team.TeamServiceTest" time="0.002"/>
  <testcase name="팀빌딩 그룹 내 새로운 팀 추가 실패 테스트 - teamName 중복" classname="org.waldreg.team.TeamServiceTest" time="0.002"/>
  <testcase name="팀빌딩 그룹 내 팀 삭제 성공 테스트" classname="org.waldreg.team.TeamServiceTest" time="0.002"/>
  <system-out><![CDATA[23:36:59.509 [Test worker] DEBUG org.springframework.test.context.BootstrapUtils - Instantiating CacheAwareContextLoaderDelegate from class [org.springframework.test.context.cache.DefaultCacheAwareContextLoaderDelegate]
23:36:59.512 [Test worker] DEBUG org.springframework.test.context.BootstrapUtils - Instantiating BootstrapContext using constructor [public org.springframework.test.context.support.DefaultBootstrapContext(java.lang.Class,org.springframework.test.context.CacheAwareContextLoaderDelegate)]
23:36:59.520 [Test worker] DEBUG org.springframework.test.context.BootstrapUtils - Instantiating TestContextBootstrapper for test class [org.waldreg.team.TeamServiceTest] from class [org.springframework.test.context.support.DefaultTestContextBootstrapper]
23:36:59.526 [Test worker] DEBUG org.springframework.test.context.support.AbstractDelegatingSmartContextLoader - Delegating to AnnotationConfigContextLoader to process context configuration [ContextConfigurationAttributes@6057aebb declaringClass = 'org.waldreg.team.TeamServiceTest', classes = '{class org.waldreg.teambuilding.team.management.DefaultTeamManager}', locations = '{}', inheritLocations = true, initializers = '{}', inheritInitializers = true, name = [null], contextLoaderClass = 'org.springframework.test.context.ContextLoader'].
23:36:59.540 [Test worker] DEBUG org.springframework.test.context.support.ActiveProfilesUtils - Could not find an 'annotation declaring class' for annotation type [org.springframework.test.context.ActiveProfiles] and class [org.waldreg.team.TeamServiceTest]
23:36:59.540 [Test worker] DEBUG org.springframework.test.context.support.DefaultTestContextBootstrapper - @TestExecutionListeners is not present for class [org.waldreg.team.TeamServiceTest]: using defaults.
23:36:59.540 [Test worker] INFO org.springframework.test.context.support.DefaultTestContextBootstrapper - Loaded default TestExecutionListener class names from location [META-INF/spring.factories]: [org.springframework.boot.test.autoconfigure.restdocs.RestDocsTestExecutionListener, org.springframework.boot.test.autoconfigure.web.client.MockRestServiceServerResetTestExecutionListener, org.springframework.boot.test.autoconfigure.web.servlet.MockMvcPrintOnlyOnFailureTestExecutionListener, org.springframework.boot.test.autoconfigure.web.servlet.WebDriverTestExecutionListener, org.springframework.boot.test.autoconfigure.webservices.client.MockWebServiceServerTestExecutionListener, org.springframework.boot.test.mock.mockito.MockitoTestExecutionListener, org.springframework.boot.test.mock.mockito.ResetMocksTestExecutionListener, org.springframework.test.context.web.ServletTestExecutionListener, org.springframework.test.context.support.DirtiesContextBeforeModesTestExecutionListener, org.springframework.test.context.event.ApplicationEventsTestExecutionListener, org.springframework.test.context.support.DependencyInjectionTestExecutionListener, org.springframework.test.context.support.DirtiesContextTestExecutionListener, org.springframework.test.context.transaction.TransactionalTestExecutionListener, org.springframework.test.context.jdbc.SqlScriptsTestExecutionListener, org.springframework.test.context.event.EventPublishingTestExecutionListener]
23:36:59.543 [Test worker] DEBUG org.springframework.test.context.support.DefaultTestContextBootstrapper - Skipping candidate TestExecutionListener [org.springframework.test.context.transaction.TransactionalTestExecutionListener] due to a missing dependency. Specify custom listener classes or make the default listener classes and their required dependencies available. Offending class: [org/springframework/transaction/interceptor/TransactionAttributeSource]
23:36:59.543 [Test worker] DEBUG org.springframework.test.context.support.DefaultTestContextBootstrapper - Skipping candidate TestExecutionListener [org.springframework.test.context.jdbc.SqlScriptsTestExecutionListener] due to a missing dependency. Specify custom listener classes or make the default listener classes and their required dependencies available. Offending class: [org/springframework/transaction/interceptor/TransactionAttribute]
23:36:59.544 [Test worker] INFO org.springframework.test.context.support.DefaultTestContextBootstrapper - Using TestExecutionListeners: [org.springframework.test.context.web.ServletTestExecutionListener@740d2e78, org.springframework.test.context.support.DirtiesContextBeforeModesTestExecutionListener@1c481ff2, org.springframework.test.context.event.ApplicationEventsTestExecutionListener@72437d8d, org.springframework.boot.test.mock.mockito.MockitoTestExecutionListener@1b955cac, org.springframework.test.context.support.DependencyInjectionTestExecutionListener@676cf48, org.springframework.test.context.support.DirtiesContextTestExecutionListener@5a1de7fb, org.springframework.test.context.event.EventPublishingTestExecutionListener@335b5620, org.springframework.boot.test.autoconfigure.restdocs.RestDocsTestExecutionListener@29a0cdb, org.springframework.boot.test.autoconfigure.web.client.MockRestServiceServerResetTestExecutionListener@32a68f4f, org.springframework.boot.test.autoconfigure.web.servlet.MockMvcPrintOnlyOnFailureTestExecutionListener@73194df, org.springframework.boot.test.autoconfigure.web.servlet.WebDriverTestExecutionListener@6eb2384f, org.springframework.boot.test.autoconfigure.webservices.client.MockWebServiceServerTestExecutionListener@3c9c0d96, org.springframework.boot.test.mock.mockito.ResetMocksTestExecutionListener@3a4621bd]
23:36:59.544 [Test worker] DEBUG org.springframework.test.context.support.AbstractDirtiesContextTestExecutionListener - Before test class: context [DefaultTestContext@10cf09e8 testClass = TeamServiceTest, testInstance = [null], testMethod = [null], testException = [null], mergedContextConfiguration = [MergedContextConfiguration@1921ad94 testClass = TeamServiceTest, locations = '{}', classes = '{class org.waldreg.teambuilding.team.management.DefaultTeamManager}', contextInitializerClasses = '[]', activeProfiles = '{}', propertySourceLocations = '{}', propertySourceProperties = '{}', contextCustomizers = set[org.springframework.boot.test.autoconfigure.actuate.metrics.MetricsExportContextCustomizerFactory$DisableMetricExportContextCustomizer@481ba2cf, org.springframework.boot.test.autoconfigure.properties.PropertyMappingContextCustomizer@0, org.springframework.boot.test.autoconfigure.web.servlet.WebDriverContextCustomizerFactory$Customizer@1fa1cab1, org.springframework.boot.test.context.filter.ExcludeFilterContextCustomizer@31ff43be, org.springframework.boot.test.json.DuplicateJsonObjectContextCustomizerFactory$DuplicateJsonObjectContextCustomizer@132e0cc, org.springframework.boot.test.mock.mockito.MockitoContextCustomizer@5816ffdf], contextLoader = 'org.springframework.test.context.support.DelegatingSmartContextLoader', parent = [null]], attributes = map[[empty]]], class annotated with @DirtiesContext [false] with mode [null].
23:36:59.548 [Test worker] DEBUG org.springframework.test.context.support.AbstractDelegatingSmartContextLoader - Delegating to AnnotationConfigContextLoader to load context from [MergedContextConfiguration@1921ad94 testClass = TeamServiceTest, locations = '{}', classes = '{class org.waldreg.teambuilding.team.management.DefaultTeamManager}', contextInitializerClasses = '[]', activeProfiles = '{}', propertySourceLocations = '{}', propertySourceProperties = '{}', contextCustomizers = set[org.springframework.boot.test.autoconfigure.actuate.metrics.MetricsExportContextCustomizerFactory$DisableMetricExportContextCustomizer@481ba2cf, org.springframework.boot.test.autoconfigure.properties.PropertyMappingContextCustomizer@0, org.springframework.boot.test.autoconfigure.web.servlet.WebDriverContextCustomizerFactory$Customizer@1fa1cab1, org.springframework.boot.test.context.filter.ExcludeFilterContextCustomizer@31ff43be, org.springframework.boot.test.json.DuplicateJsonObjectContextCustomizerFactory$DuplicateJsonObjectContextCustomizer@132e0cc, org.springframework.boot.test.mock.mockito.MockitoContextCustomizer@5816ffdf], contextLoader = 'org.springframework.test.context.support.DelegatingSmartContextLoader', parent = [null]].
23:36:59.548 [Test worker] DEBUG org.springframework.test.context.support.AbstractGenericContextLoader - Loading ApplicationContext for merged context configuration [[MergedContextConfiguration@1921ad94 testClass = TeamServiceTest, locations = '{}', classes = '{class org.waldreg.teambuilding.team.management.DefaultTeamManager}', contextInitializerClasses = '[]', activeProfiles = '{}', propertySourceLocations = '{}', propertySourceProperties = '{}', contextCustomizers = set[org.springframework.boot.test.autoconfigure.actuate.metrics.MetricsExportContextCustomizerFactory$DisableMetricExportContextCustomizer@481ba2cf, org.springframework.boot.test.autoconfigure.properties.PropertyMappingContextCustomizer@0, org.springframework.boot.test.autoconfigure.web.servlet.WebDriverContextCustomizerFactory$Customizer@1fa1cab1, org.springframework.boot.test.context.filter.ExcludeFilterContextCustomizer@31ff43be, org.springframework.boot.test.json.DuplicateJsonObjectContextCustomizerFactory$DuplicateJsonObjectContextCustomizer@132e0cc, org.springframework.boot.test.mock.mockito.MockitoContextCustomizer@5816ffdf], contextLoader = 'org.springframework.test.context.support.DelegatingSmartContextLoader', parent = [null]]].
23:36:59.558 [Test worker] DEBUG org.springframework.core.env.StandardEnvironment - Activating profiles []
23:36:59.558 [Test worker] DEBUG org.springframework.test.context.support.AnnotationConfigContextLoader - Registering component classes: {class org.waldreg.teambuilding.team.management.DefaultTeamManager}
23:36:59.568 [Test worker] DEBUG org.springframework.context.support.GenericApplicationContext - Refreshing org.springframework.context.support.GenericApplicationContext@70f59913
23:36:59.571 [Test worker] DEBUG org.springframework.beans.factory.support.DefaultListableBeanFactory - Creating shared instance of singleton bean 'org.springframework.context.annotation.internalConfigurationAnnotationProcessor'
23:36:59.579 [Test worker] DEBUG org.springframework.beans.factory.support.DefaultListableBeanFactory - Creating shared instance of singleton bean 'org.springframework.boot.test.mock.mockito.MockitoPostProcessor'
23:36:59.749 [Test worker] DEBUG org.springframework.beans.factory.support.DefaultListableBeanFactory - Creating shared instance of singleton bean 'org.springframework.context.event.internalEventListenerProcessor'
23:36:59.750 [Test worker] DEBUG org.springframework.beans.factory.support.DefaultListableBeanFactory - Creating shared instance of singleton bean 'org.springframework.context.event.internalEventListenerFactory'
23:36:59.750 [Test worker] DEBUG org.springframework.beans.factory.support.DefaultListableBeanFactory - Creating shared instance of singleton bean 'org.springframework.context.annotation.internalAutowiredAnnotationProcessor'
23:36:59.751 [Test worker] DEBUG org.springframework.beans.factory.support.DefaultListableBeanFactory - Creating shared instance of singleton bean 'org.springframework.context.annotation.internalCommonAnnotationProcessor'
23:36:59.752 [Test worker] DEBUG org.springframework.beans.factory.support.DefaultListableBeanFactory - Creating shared instance of singleton bean 'org.springframework.boot.test.mock.mockito.MockitoPostProcessor$SpyPostProcessor'
23:36:59.756 [Test worker] DEBUG org.springframework.beans.factory.support.DefaultListableBeanFactory - Creating shared instance of singleton bean 'defaultTeamManager'
23:36:59.760 [Test worker] DEBUG org.springframework.beans.factory.support.DefaultListableBeanFactory - Autowiring by type from bean name 'defaultTeamManager' via constructor to bean named 'org.waldreg.teambuilding.team.spi.TeamRepository#0'
23:36:59.760 [Test worker] DEBUG org.springframework.beans.factory.support.DefaultListableBeanFactory - Autowiring by type from bean name 'defaultTeamManager' via constructor to bean named 'org.waldreg.teambuilding.team.spi.TeamUserRepository#0'
23:36:59.760 [Test worker] DEBUG org.springframework.beans.factory.support.DefaultListableBeanFactory - Autowiring by type from bean name 'defaultTeamManager' via constructor to bean named 'org.waldreg.teambuilding.team.spi.TeamInTeamBuildingRepository#0'
23:36:59.768 [Test worker] DEBUG org.springframework.test.context.cache.DefaultCacheAwareContextLoaderDelegate - Storing ApplicationContext [1895143699] in cache under key [[MergedContextConfiguration@1921ad94 testClass = TeamServiceTest, locations = '{}', classes = '{class org.waldreg.teambuilding.team.management.DefaultTeamManager}', contextInitializerClasses = '[]', activeProfiles = '{}', propertySourceLocations = '{}', propertySourceProperties = '{}', contextCustomizers = set[org.springframework.boot.test.autoconfigure.actuate.metrics.MetricsExportContextCustomizerFactory$DisableMetricExportContextCustomizer@481ba2cf, org.springframework.boot.test.autoconfigure.properties.PropertyMappingContextCustomizer@0, org.springframework.boot.test.autoconfigure.web.servlet.WebDriverContextCustomizerFactory$Customizer@1fa1cab1, org.springframework.boot.test.context.filter.ExcludeFilterContextCustomizer@31ff43be, org.springframework.boot.test.json.DuplicateJsonObjectContextCustomizerFactory$DuplicateJsonObjectContextCustomizer@132e0cc, org.springframework.boot.test.mock.mockito.MockitoContextCustomizer@5816ffdf], contextLoader = 'org.springframework.test.context.support.DelegatingSmartContextLoader', parent = [null]]]
23:36:59.768 [Test worker] DEBUG org.springframework.test.context.cache - Spring test ApplicationContext cache statistics: [DefaultContextCache@2c768ada size = 1, maxSize = 32, parentContextCount = 0, hitCount = 0, missCount = 1]
23:36:59.769 [Test worker] DEBUG org.springframework.test.context.support.DependencyInjectionTestExecutionListener - Performing dependency injection for test context [[DefaultTestContext@10cf09e8 testClass = TeamServiceTest, testInstance = org.waldreg.team.TeamServiceTest@aaee2a2, testMethod = [null], testException = [null], mergedContextConfiguration = [MergedContextConfiguration@1921ad94 testClass = TeamServiceTest, locations = '{}', classes = '{class org.waldreg.teambuilding.team.management.DefaultTeamManager}', contextInitializerClasses = '[]', activeProfiles = '{}', propertySourceLocations = '{}', propertySourceProperties = '{}', contextCustomizers = set[org.springframework.boot.test.autoconfigure.actuate.metrics.MetricsExportContextCustomizerFactory$DisableMetricExportContextCustomizer@481ba2cf, org.springframework.boot.test.autoconfigure.properties.PropertyMappingContextCustomizer@0, org.springframework.boot.test.autoconfigure.web.servlet.WebDriverContextCustomizerFactory$Customizer@1fa1cab1, org.springframework.boot.test.context.filter.ExcludeFilterContextCustomizer@31ff43be, org.springframework.boot.test.json.DuplicateJsonObjectContextCustomizerFactory$DuplicateJsonObjectContextCustomizer@132e0cc, org.springframework.boot.test.mock.mockito.MockitoContextCustomizer@5816ffdf], contextLoader = 'org.springframework.test.context.support.DelegatingSmartContextLoader', parent = [null]], attributes = map['org.springframework.test.context.event.ApplicationEventsTestExecutionListener.recordApplicationEvents' -> false]]].
23:36:59.769 [Test worker] DEBUG org.springframework.test.context.cache.DefaultCacheAwareContextLoaderDelegate - Retrieved ApplicationContext [1895143699] from cache with key [[MergedContextConfiguration@1921ad94 testClass = TeamServiceTest, locations = '{}', classes = '{class org.waldreg.teambuilding.team.management.DefaultTeamManager}', contextInitializerClasses = '[]', activeProfiles = '{}', propertySourceLocations = '{}', propertySourceProperties = '{}', contextCustomizers = set[org.springframework.boot.test.autoconfigure.actuate.metrics.MetricsExportContextCustomizerFactory$DisableMetricExportContextCustomizer@481ba2cf, org.springframework.boot.test.autoconfigure.properties.PropertyMappingContextCustomizer@0, org.springframework.boot.test.autoconfigure.web.servlet.WebDriverContextCustomizerFactory$Customizer@1fa1cab1, org.springframework.boot.test.context.filter.ExcludeFilterContextCustomizer@31ff43be, org.springframework.boot.test.json.DuplicateJsonObjectContextCustomizerFactory$DuplicateJsonObjectContextCustomizer@132e0cc, org.springframework.boot.test.mock.mockito.MockitoContextCustomizer@5816ffdf], contextLoader = 'org.springframework.test.context.support.DelegatingSmartContextLoader', parent = [null]]]
23:36:59.769 [Test worker] DEBUG org.springframework.test.context.cache - Spring test ApplicationContext cache statistics: [DefaultContextCache@2c768ada size = 1, maxSize = 32, parentContextCount = 0, hitCount = 1, missCount = 1]
23:36:59.771 [Test worker] DEBUG org.springframework.test.context.cache.DefaultCacheAwareContextLoaderDelegate - Retrieved ApplicationContext [1895143699] from cache with key [[MergedContextConfiguration@1921ad94 testClass = TeamServiceTest, locations = '{}', classes = '{class org.waldreg.teambuilding.team.management.DefaultTeamManager}', contextInitializerClasses = '[]', activeProfiles = '{}', propertySourceLocations = '{}', propertySourceProperties = '{}', contextCustomizers = set[org.springframework.boot.test.autoconfigure.actuate.metrics.MetricsExportContextCustomizerFactory$DisableMetricExportContextCustomizer@481ba2cf, org.springframework.boot.test.autoconfigure.properties.PropertyMappingContextCustomizer@0, org.springframework.boot.test.autoconfigure.web.servlet.WebDriverContextCustomizerFactory$Customizer@1fa1cab1, org.springframework.boot.test.context.filter.ExcludeFilterContextCustomizer@31ff43be, org.springframework.boot.test.json.DuplicateJsonObjectContextCustomizerFactory$DuplicateJsonObjectContextCustomizer@132e0cc, org.springframework.boot.test.mock.mockito.MockitoContextCustomizer@5816ffdf], contextLoader = 'org.springframework.test.context.support.DelegatingSmartContextLoader', parent = [null]]]
23:36:59.771 [Test worker] DEBUG org.springframework.test.context.cache - Spring test ApplicationContext cache statistics: [DefaultContextCache@2c768ada size = 1, maxSize = 32, parentContextCount = 0, hitCount = 2, missCount = 1]
23:36:59.773 [Test worker] DEBUG org.springframework.test.context.support.AbstractDirtiesContextTestExecutionListener - Before test method: context [DefaultTestContext@10cf09e8 testClass = TeamServiceTest, testInstance = org.waldreg.team.TeamServiceTest@aaee2a2, testMethod = MODIFY_TEAM_IN_TEAM_BUILDING_FAIL_CAUSE_UNKNOWN_USER_ID_TEST@TeamServiceTest, testException = [null], mergedContextConfiguration = [MergedContextConfiguration@1921ad94 testClass = TeamServiceTest, locations = '{}', classes = '{class org.waldreg.teambuilding.team.management.DefaultTeamManager}', contextInitializerClasses = '[]', activeProfiles = '{}', propertySourceLocations = '{}', propertySourceProperties = '{}', contextCustomizers = set[org.springframework.boot.test.autoconfigure.actuate.metrics.MetricsExportContextCustomizerFactory$DisableMetricExportContextCustomizer@481ba2cf, org.springframework.boot.test.autoconfigure.properties.PropertyMappingContextCustomizer@0, org.springframework.boot.test.autoconfigure.web.servlet.WebDriverContextCustomizerFactory$Customizer@1fa1cab1, org.springframework.boot.test.context.filter.ExcludeFilterContextCustomizer@31ff43be, org.springframework.boot.test.json.DuplicateJsonObjectContextCustomizerFactory$DuplicateJsonObjectContextCustomizer@132e0cc, org.springframework.boot.test.mock.mockito.MockitoContextCustomizer@5816ffdf], contextLoader = 'org.springframework.test.context.support.DelegatingSmartContextLoader', parent = [null]], attributes = map['org.springframework.test.context.event.ApplicationEventsTestExecutionListener.recordApplicationEvents' -> false]], class annotated with @DirtiesContext [false] with mode [null], method annotated with @DirtiesContext [false] with mode [null].
23:36:59.773 [Test worker] DEBUG org.springframework.test.context.cache.DefaultCacheAwareContextLoaderDelegate - Retrieved ApplicationContext [1895143699] from cache with key [[MergedContextConfiguration@1921ad94 testClass = TeamServiceTest, locations = '{}', classes = '{class org.waldreg.teambuilding.team.management.DefaultTeamManager}', contextInitializerClasses = '[]', activeProfiles = '{}', propertySourceLocations = '{}', propertySourceProperties = '{}', contextCustomizers = set[org.springframework.boot.test.autoconfigure.actuate.metrics.MetricsExportContextCustomizerFactory$DisableMetricExportContextCustomizer@481ba2cf, org.springframework.boot.test.autoconfigure.properties.PropertyMappingContextCustomizer@0, org.springframework.boot.test.autoconfigure.web.servlet.WebDriverContextCustomizerFactory$Customizer@1fa1cab1, org.springframework.boot.test.context.filter.ExcludeFilterContextCustomizer@31ff43be, org.springframework.boot.test.json.DuplicateJsonObjectContextCustomizerFactory$DuplicateJsonObjectContextCustomizer@132e0cc, org.springframework.boot.test.mock.mockito.MockitoContextCustomizer@5816ffdf], contextLoader = 'org.springframework.test.context.support.DelegatingSmartContextLoader', parent = [null]]]
23:36:59.773 [Test worker] DEBUG org.springframework.test.context.cache - Spring test ApplicationContext cache statistics: [DefaultContextCache@2c768ada size = 1, maxSize = 32, parentContextCount = 0, hitCount = 3, missCount = 1]
23:36:59.773 [Test worker] DEBUG org.springframework.test.context.cache.DefaultCacheAwareContextLoaderDelegate - Retrieved ApplicationContext [1895143699] from cache with key [[MergedContextConfiguration@1921ad94 testClass = TeamServiceTest, locations = '{}', classes = '{class org.waldreg.teambuilding.team.management.DefaultTeamManager}', contextInitializerClasses = '[]', activeProfiles = '{}', propertySourceLocations = '{}', propertySourceProperties = '{}', contextCustomizers = set[org.springframework.boot.test.autoconfigure.actuate.metrics.MetricsExportContextCustomizerFactory$DisableMetricExportContextCustomizer@481ba2cf, org.springframework.boot.test.autoconfigure.properties.PropertyMappingContextCustomizer@0, org.springframework.boot.test.autoconfigure.web.servlet.WebDriverContextCustomizerFactory$Customizer@1fa1cab1, org.springframework.boot.test.context.filter.ExcludeFilterContextCustomizer@31ff43be, org.springframework.boot.test.json.DuplicateJsonObjectContextCustomizerFactory$DuplicateJsonObjectContextCustomizer@132e0cc, org.springframework.boot.test.mock.mockito.MockitoContextCustomizer@5816ffdf], contextLoader = 'org.springframework.test.context.support.DelegatingSmartContextLoader', parent = [null]]]
23:36:59.774 [Test worker] DEBUG org.springframework.test.context.cache - Spring test ApplicationContext cache statistics: [DefaultContextCache@2c768ada size = 1, maxSize = 32, parentContextCount = 0, hitCount = 4, missCount = 1]
23:36:59.774 [Test worker] DEBUG org.springframework.test.context.cache.DefaultCacheAwareContextLoaderDelegate - Retrieved ApplicationContext [1895143699] from cache with key [[MergedContextConfiguration@1921ad94 testClass = TeamServiceTest, locations = '{}', classes = '{class org.waldreg.teambuilding.team.management.DefaultTeamManager}', contextInitializerClasses = '[]', activeProfiles = '{}', propertySourceLocations = '{}', propertySourceProperties = '{}', contextCustomizers = set[org.springframework.boot.test.autoconfigure.actuate.metrics.MetricsExportContextCustomizerFactory$DisableMetricExportContextCustomizer@481ba2cf, org.springframework.boot.test.autoconfigure.properties.PropertyMappingContextCustomizer@0, org.springframework.boot.test.autoconfigure.web.servlet.WebDriverContextCustomizerFactory$Customizer@1fa1cab1, org.springframework.boot.test.context.filter.ExcludeFilterContextCustomizer@31ff43be, org.springframework.boot.test.json.DuplicateJsonObjectContextCustomizerFactory$DuplicateJsonObjectContextCustomizer@132e0cc, org.springframework.boot.test.mock.mockito.MockitoContextCustomizer@5816ffdf], contextLoader = 'org.springframework.test.context.support.DelegatingSmartContextLoader', parent = [null]]]
23:36:59.774 [Test worker] DEBUG org.springframework.test.context.cache - Spring test ApplicationContext cache statistics: [DefaultContextCache@2c768ada size = 1, maxSize = 32, parentContextCount = 0, hitCount = 5, missCount = 1]
23:36:59.784 [Test worker] DEBUG org.springframework.test.context.cache.DefaultCacheAwareContextLoaderDelegate - Retrieved ApplicationContext [1895143699] from cache with key [[MergedContextConfiguration@1921ad94 testClass = TeamServiceTest, locations = '{}', classes = '{class org.waldreg.teambuilding.team.management.DefaultTeamManager}', contextInitializerClasses = '[]', activeProfiles = '{}', propertySourceLocations = '{}', propertySourceProperties = '{}', contextCustomizers = set[org.springframework.boot.test.autoconfigure.actuate.metrics.MetricsExportContextCustomizerFactory$DisableMetricExportContextCustomizer@481ba2cf, org.springframework.boot.test.autoconfigure.properties.PropertyMappingContextCustomizer@0, org.springframework.boot.test.autoconfigure.web.servlet.WebDriverContextCustomizerFactory$Customizer@1fa1cab1, org.springframework.boot.test.context.filter.ExcludeFilterContextCustomizer@31ff43be, org.springframework.boot.test.json.DuplicateJsonObjectContextCustomizerFactory$DuplicateJsonObjectContextCustomizer@132e0cc, org.springframework.boot.test.mock.mockito.MockitoContextCustomizer@5816ffdf], contextLoader = 'org.springframework.test.context.support.DelegatingSmartContextLoader', parent = [null]]]
23:36:59.784 [Test worker] DEBUG org.springframework.test.context.cache - Spring test ApplicationContext cache statistics: [DefaultContextCache@2c768ada size = 1, maxSize = 32, parentContextCount = 0, hitCount = 6, missCount = 1]
23:36:59.784 [Test worker] DEBUG org.springframework.test.context.cache.DefaultCacheAwareContextLoaderDelegate - Retrieved ApplicationContext [1895143699] from cache with key [[MergedContextConfiguration@1921ad94 testClass = TeamServiceTest, locations = '{}', classes = '{class org.waldreg.teambuilding.team.management.DefaultTeamManager}', contextInitializerClasses = '[]', activeProfiles = '{}', propertySourceLocations = '{}', propertySourceProperties = '{}', contextCustomizers = set[org.springframework.boot.test.autoconfigure.actuate.metrics.MetricsExportContextCustomizerFactory$DisableMetricExportContextCustomizer@481ba2cf, org.springframework.boot.test.autoconfigure.properties.PropertyMappingContextCustomizer@0, org.springframework.boot.test.autoconfigure.web.servlet.WebDriverContextCustomizerFactory$Customizer@1fa1cab1, org.springframework.boot.test.context.filter.ExcludeFilterContextCustomizer@31ff43be, org.springframework.boot.test.json.DuplicateJsonObjectContextCustomizerFactory$DuplicateJsonObjectContextCustomizer@132e0cc, org.springframework.boot.test.mock.mockito.MockitoContextCustomizer@5816ffdf], contextLoader = 'org.springframework.test.context.support.DelegatingSmartContextLoader', parent = [null]]]
23:36:59.784 [Test worker] DEBUG org.springframework.test.context.cache - Spring test ApplicationContext cache statistics: [DefaultContextCache@2c768ada size = 1, maxSize = 32, parentContextCount = 0, hitCount = 7, missCount = 1]
23:36:59.785 [Test worker] DEBUG org.springframework.test.context.cache.DefaultCacheAwareContextLoaderDelegate - Retrieved ApplicationContext [1895143699] from cache with key [[MergedContextConfiguration@1921ad94 testClass = TeamServiceTest, locations = '{}', classes = '{class org.waldreg.teambuilding.team.management.DefaultTeamManager}', contextInitializerClasses = '[]', activeProfiles = '{}', propertySourceLocations = '{}', propertySourceProperties = '{}', contextCustomizers = set[org.springframework.boot.test.autoconfigure.actuate.metrics.MetricsExportContextCustomizerFactory$DisableMetricExportContextCustomizer@481ba2cf, org.springframework.boot.test.autoconfigure.properties.PropertyMappingContextCustomizer@0, org.springframework.boot.test.autoconfigure.web.servlet.WebDriverContextCustomizerFactory$Customizer@1fa1cab1, org.springframework.boot.test.context.filter.ExcludeFilterContextCustomizer@31ff43be, org.springframework.boot.test.json.DuplicateJsonObjectContextCustomizerFactory$DuplicateJsonObjectContextCustomizer@132e0cc, org.springframework.boot.test.mock.mockito.MockitoContextCustomizer@5816ffdf], contextLoader = 'org.springframework.test.context.support.DelegatingSmartContextLoader', parent = [null]]]
23:36:59.785 [Test worker] DEBUG org.springframework.test.context.cache - Spring test ApplicationContext cache statistics: [DefaultContextCache@2c768ada size = 1, maxSize = 32, parentContextCount = 0, hitCount = 8, missCount = 1]
23:36:59.785 [Test worker] DEBUG org.springframework.test.context.cache.DefaultCacheAwareContextLoaderDelegate - Retrieved ApplicationContext [1895143699] from cache with key [[MergedContextConfiguration@1921ad94 testClass = TeamServiceTest, locations = '{}', classes = '{class org.waldreg.teambuilding.team.management.DefaultTeamManager}', contextInitializerClasses = '[]', activeProfiles = '{}', propertySourceLocations = '{}', propertySourceProperties = '{}', contextCustomizers = set[org.springframework.boot.test.autoconfigure.actuate.metrics.MetricsExportContextCustomizerFactory$DisableMetricExportContextCustomizer@481ba2cf, org.springframework.boot.test.autoconfigure.properties.PropertyMappingContextCustomizer@0, org.springframework.boot.test.autoconfigure.web.servlet.WebDriverContextCustomizerFactory$Customizer@1fa1cab1, org.springframework.boot.test.context.filter.ExcludeFilterContextCustomizer@31ff43be, org.springframework.boot.test.json.DuplicateJsonObjectContextCustomizerFactory$DuplicateJsonObjectContextCustomizer@132e0cc, org.springframework.boot.test.mock.mockito.MockitoContextCustomizer@5816ffdf], contextLoader = 'org.springframework.test.context.support.DelegatingSmartContextLoader', parent = [null]]]
23:36:59.785 [Test worker] DEBUG org.springframework.test.context.cache - Spring test ApplicationContext cache statistics: [DefaultContextCache@2c768ada size = 1, maxSize = 32, parentContextCount = 0, hitCount = 9, missCount = 1]
23:36:59.785 [Test worker] DEBUG org.springframework.test.context.cache.DefaultCacheAwareContextLoaderDelegate - Retrieved ApplicationContext [1895143699] from cache with key [[MergedContextConfiguration@1921ad94 testClass = TeamServiceTest, locations = '{}', classes = '{class org.waldreg.teambuilding.team.management.DefaultTeamManager}', contextInitializerClasses = '[]', activeProfiles = '{}', propertySourceLocations = '{}', propertySourceProperties = '{}', contextCustomizers = set[org.springframework.boot.test.autoconfigure.actuate.metrics.MetricsExportContextCustomizerFactory$DisableMetricExportContextCustomizer@481ba2cf, org.springframework.boot.test.autoconfigure.properties.PropertyMappingContextCustomizer@0, org.springframework.boot.test.autoconfigure.web.servlet.WebDriverContextCustomizerFactory$Customizer@1fa1cab1, org.springframework.boot.test.context.filter.ExcludeFilterContextCustomizer@31ff43be, org.springframework.boot.test.json.DuplicateJsonObjectContextCustomizerFactory$DuplicateJsonObjectContextCustomizer@132e0cc, org.springframework.boot.test.mock.mockito.MockitoContextCustomizer@5816ffdf], contextLoader = 'org.springframework.test.context.support.DelegatingSmartContextLoader', parent = [null]]]
23:36:59.785 [Test worker] DEBUG org.springframework.test.context.cache - Spring test ApplicationContext cache statistics: [DefaultContextCache@2c768ada size = 1, maxSize = 32, parentContextCount = 0, hitCount = 10, missCount = 1]
23:36:59.785 [Test worker] DEBUG org.springframework.test.context.cache.DefaultCacheAwareContextLoaderDelegate - Retrieved ApplicationContext [1895143699] from cache with key [[MergedContextConfiguration@1921ad94 testClass = TeamServiceTest, locations = '{}', classes = '{class org.waldreg.teambuilding.team.management.DefaultTeamManager}', contextInitializerClasses = '[]', activeProfiles = '{}', propertySourceLocations = '{}', propertySourceProperties = '{}', contextCustomizers = set[org.springframework.boot.test.autoconfigure.actuate.metrics.MetricsExportContextCustomizerFactory$DisableMetricExportContextCustomizer@481ba2cf, org.springframework.boot.test.autoconfigure.properties.PropertyMappingContextCustomizer@0, org.springframework.boot.test.autoconfigure.web.servlet.WebDriverContextCustomizerFactory$Customizer@1fa1cab1, org.springframework.boot.test.context.filter.ExcludeFilterContextCustomizer@31ff43be, org.springframework.boot.test.json.DuplicateJsonObjectContextCustomizerFactory$DuplicateJsonObjectContextCustomizer@132e0cc, org.springframework.boot.test.mock.mockito.MockitoContextCustomizer@5816ffdf], contextLoader = 'org.springframework.test.context.support.DelegatingSmartContextLoader', parent = [null]]]
23:36:59.786 [Test worker] DEBUG org.springframework.test.context.cache - Spring test ApplicationContext cache statistics: [DefaultContextCache@2c768ada size = 1, maxSize = 32, parentContextCount = 0, hitCount = 11, missCount = 1]
23:36:59.786 [Test worker] DEBUG org.springframework.test.context.support.AbstractDirtiesContextTestExecutionListener - After test method: context [DefaultTestContext@10cf09e8 testClass = TeamServiceTest, testInstance = org.waldreg.team.TeamServiceTest@aaee2a2, testMethod = MODIFY_TEAM_IN_TEAM_BUILDING_FAIL_CAUSE_UNKNOWN_USER_ID_TEST@TeamServiceTest, testException = [null], mergedContextConfiguration = [MergedContextConfiguration@1921ad94 testClass = TeamServiceTest, locations = '{}', classes = '{class org.waldreg.teambuilding.team.management.DefaultTeamManager}', contextInitializerClasses = '[]', activeProfiles = '{}', propertySourceLocations = '{}', propertySourceProperties = '{}', contextCustomizers = set[org.springframework.boot.test.autoconfigure.actuate.metrics.MetricsExportContextCustomizerFactory$DisableMetricExportContextCustomizer@481ba2cf, org.springframework.boot.test.autoconfigure.properties.PropertyMappingContextCustomizer@0, org.springframework.boot.test.autoconfigure.web.servlet.WebDriverContextCustomizerFactory$Customizer@1fa1cab1, org.springframework.boot.test.context.filter.ExcludeFilterContextCustomizer@31ff43be, org.springframework.boot.test.json.DuplicateJsonObjectContextCustomizerFactory$DuplicateJsonObjectContextCustomizer@132e0cc, org.springframework.boot.test.mock.mockito.MockitoContextCustomizer@5816ffdf], contextLoader = 'org.springframework.test.context.support.DelegatingSmartContextLoader', parent = [null]], attributes = map['org.springframework.test.context.event.ApplicationEventsTestExecutionListener.recordApplicationEvents' -> false]], class annotated with @DirtiesContext [false] with mode [null], method annotated with @DirtiesContext [false] with mode [null].
23:36:59.788 [Test worker] DEBUG org.springframework.test.context.cache.DefaultCacheAwareContextLoaderDelegate - Retrieved ApplicationContext [1895143699] from cache with key [[MergedContextConfiguration@1921ad94 testClass = TeamServiceTest, locations = '{}', classes = '{class org.waldreg.teambuilding.team.management.DefaultTeamManager}', contextInitializerClasses = '[]', activeProfiles = '{}', propertySourceLocations = '{}', propertySourceProperties = '{}', contextCustomizers = set[org.springframework.boot.test.autoconfigure.actuate.metrics.MetricsExportContextCustomizerFactory$DisableMetricExportContextCustomizer@481ba2cf, org.springframework.boot.test.autoconfigure.properties.PropertyMappingContextCustomizer@0, org.springframework.boot.test.autoconfigure.web.servlet.WebDriverContextCustomizerFactory$Customizer@1fa1cab1, org.springframework.boot.test.context.filter.ExcludeFilterContextCustomizer@31ff43be, org.springframework.boot.test.json.DuplicateJsonObjectContextCustomizerFactory$DuplicateJsonObjectContextCustomizer@132e0cc, org.springframework.boot.test.mock.mockito.MockitoContextCustomizer@5816ffdf], contextLoader = 'org.springframework.test.context.support.DelegatingSmartContextLoader', parent = [null]]]
23:36:59.788 [Test worker] DEBUG org.springframework.test.context.cache - Spring test ApplicationContext cache statistics: [DefaultContextCache@2c768ada size = 1, maxSize = 32, parentContextCount = 0, hitCount = 12, missCount = 1]
23:36:59.788 [Test worker] DEBUG org.springframework.test.context.support.DependencyInjectionTestExecutionListener - Performing dependency injection for test context [[DefaultTestContext@10cf09e8 testClass = TeamServiceTest, testInstance = org.waldreg.team.TeamServiceTest@151ef57f, testMethod = [null], testException = [null], mergedContextConfiguration = [MergedContextConfiguration@1921ad94 testClass = TeamServiceTest, locations = '{}', classes = '{class org.waldreg.teambuilding.team.management.DefaultTeamManager}', contextInitializerClasses = '[]', activeProfiles = '{}', propertySourceLocations = '{}', propertySourceProperties = '{}', contextCustomizers = set[org.springframework.boot.test.autoconfigure.actuate.metrics.MetricsExportContextCustomizerFactory$DisableMetricExportContextCustomizer@481ba2cf, org.springframework.boot.test.autoconfigure.properties.PropertyMappingContextCustomizer@0, org.springframework.boot.test.autoconfigure.web.servlet.WebDriverContextCustomizerFactory$Customizer@1fa1cab1, org.springframework.boot.test.context.filter.ExcludeFilterContextCustomizer@31ff43be, org.springframework.boot.test.json.DuplicateJsonObjectContextCustomizerFactory$DuplicateJsonObjectContextCustomizer@132e0cc, org.springframework.boot.test.mock.mockito.MockitoContextCustomizer@5816ffdf], contextLoader = 'org.springframework.test.context.support.DelegatingSmartContextLoader', parent = [null]], attributes = map['org.springframework.test.context.event.ApplicationEventsTestExecutionListener.recordApplicationEvents' -> false]]].
23:36:59.788 [Test worker] DEBUG org.springframework.test.context.cache.DefaultCacheAwareContextLoaderDelegate - Retrieved ApplicationContext [1895143699] from cache with key [[MergedContextConfiguration@1921ad94 testClass = TeamServiceTest, locations = '{}', classes = '{class org.waldreg.teambuilding.team.management.DefaultTeamManager}', contextInitializerClasses = '[]', activeProfiles = '{}', propertySourceLocations = '{}', propertySourceProperties = '{}', contextCustomizers = set[org.springframework.boot.test.autoconfigure.actuate.metrics.MetricsExportContextCustomizerFactory$DisableMetricExportContextCustomizer@481ba2cf, org.springframework.boot.test.autoconfigure.properties.PropertyMappingContextCustomizer@0, org.springframework.boot.test.autoconfigure.web.servlet.WebDriverContextCustomizerFactory$Customizer@1fa1cab1, org.springframework.boot.test.context.filter.ExcludeFilterContextCustomizer@31ff43be, org.springframework.boot.test.json.DuplicateJsonObjectContextCustomizerFactory$DuplicateJsonObjectContextCustomizer@132e0cc, org.springframework.boot.test.mock.mockito.MockitoContextCustomizer@5816ffdf], contextLoader = 'org.springframework.test.context.support.DelegatingSmartContextLoader', parent = [null]]]
23:36:59.788 [Test worker] DEBUG org.springframework.test.context.cache - Spring test ApplicationContext cache statistics: [DefaultContextCache@2c768ada size = 1, maxSize = 32, parentContextCount = 0, hitCount = 13, missCount = 1]
23:36:59.788 [Test worker] DEBUG org.springframework.test.context.cache.DefaultCacheAwareContextLoaderDelegate - Retrieved ApplicationContext [1895143699] from cache with key [[MergedContextConfiguration@1921ad94 testClass = TeamServiceTest, locations = '{}', classes = '{class org.waldreg.teambuilding.team.management.DefaultTeamManager}', contextInitializerClasses = '[]', activeProfiles = '{}', propertySourceLocations = '{}', propertySourceProperties = '{}', contextCustomizers = set[org.springframework.boot.test.autoconfigure.actuate.metrics.MetricsExportContextCustomizerFactory$DisableMetricExportContextCustomizer@481ba2cf, org.springframework.boot.test.autoconfigure.properties.PropertyMappingContextCustomizer@0, org.springframework.boot.test.autoconfigure.web.servlet.WebDriverContextCustomizerFactory$Customizer@1fa1cab1, org.springframework.boot.test.context.filter.ExcludeFilterContextCustomizer@31ff43be, org.springframework.boot.test.json.DuplicateJsonObjectContextCustomizerFactory$DuplicateJsonObjectContextCustomizer@132e0cc, org.springframework.boot.test.mock.mockito.MockitoContextCustomizer@5816ffdf], contextLoader = 'org.springframework.test.context.support.DelegatingSmartContextLoader', parent = [null]]]
23:36:59.788 [Test worker] DEBUG org.springframework.test.context.cache - Spring test ApplicationContext cache statistics: [DefaultContextCache@2c768ada size = 1, maxSize = 32, parentContextCount = 0, hitCount = 14, missCount = 1]
23:36:59.789 [Test worker] DEBUG org.springframework.test.context.support.AbstractDirtiesContextTestExecutionListener - Before test method: context [DefaultTestContext@10cf09e8 testClass = TeamServiceTest, testInstance = org.waldreg.team.TeamServiceTest@151ef57f, testMethod = MODIFY_TEAM_NAME_IN_TEAM_BUILDING_FAIL_CAUSE_TEAM_NAME_OVERFLOW_TEST@TeamServiceTest, testException = [null], mergedContextConfiguration = [MergedContextConfiguration@1921ad94 testClass = TeamServiceTest, locations = '{}', classes = '{class org.waldreg.teambuilding.team.management.DefaultTeamManager}', contextInitializerClasses = '[]', activeProfiles = '{}', propertySourceLocations = '{}', propertySourceProperties = '{}', contextCustomizers = set[org.springframework.boot.test.autoconfigure.actuate.metrics.MetricsExportContextCustomizerFactory$DisableMetricExportContextCustomizer@481ba2cf, org.springframework.boot.test.autoconfigure.properties.PropertyMappingContextCustomizer@0, org.springframework.boot.test.autoconfigure.web.servlet.WebDriverContextCustomizerFactory$Customizer@1fa1cab1, org.springframework.boot.test.context.filter.ExcludeFilterContextCustomizer@31ff43be, org.springframework.boot.test.json.DuplicateJsonObjectContextCustomizerFactory$DuplicateJsonObjectContextCustomizer@132e0cc, org.springframework.boot.test.mock.mockito.MockitoContextCustomizer@5816ffdf], contextLoader = 'org.springframework.test.context.support.DelegatingSmartContextLoader', parent = [null]], attributes = map['org.springframework.test.context.event.ApplicationEventsTestExecutionListener.recordApplicationEvents' -> false]], class annotated with @DirtiesContext [false] with mode [null], method annotated with @DirtiesContext [false] with mode [null].
23:36:59.789 [Test worker] DEBUG org.springframework.test.context.cache.DefaultCacheAwareContextLoaderDelegate - Retrieved ApplicationContext [1895143699] from cache with key [[MergedContextConfiguration@1921ad94 testClass = TeamServiceTest, locations = '{}', classes = '{class org.waldreg.teambuilding.team.management.DefaultTeamManager}', contextInitializerClasses = '[]', activeProfiles = '{}', propertySourceLocations = '{}', propertySourceProperties = '{}', contextCustomizers = set[org.springframework.boot.test.autoconfigure.actuate.metrics.MetricsExportContextCustomizerFactory$DisableMetricExportContextCustomizer@481ba2cf, org.springframework.boot.test.autoconfigure.properties.PropertyMappingContextCustomizer@0, org.springframework.boot.test.autoconfigure.web.servlet.WebDriverContextCustomizerFactory$Customizer@1fa1cab1, org.springframework.boot.test.context.filter.ExcludeFilterContextCustomizer@31ff43be, org.springframework.boot.test.json.DuplicateJsonObjectContextCustomizerFactory$DuplicateJsonObjectContextCustomizer@132e0cc, org.springframework.boot.test.mock.mockito.MockitoContextCustomizer@5816ffdf], contextLoader = 'org.springframework.test.context.support.DelegatingSmartContextLoader', parent = [null]]]
23:36:59.789 [Test worker] DEBUG org.springframework.test.context.cache - Spring test ApplicationContext cache statistics: [DefaultContextCache@2c768ada size = 1, maxSize = 32, parentContextCount = 0, hitCount = 15, missCount = 1]
23:36:59.790 [Test worker] DEBUG org.springframework.test.context.cache.DefaultCacheAwareContextLoaderDelegate - Retrieved ApplicationContext [1895143699] from cache with key [[MergedContextConfiguration@1921ad94 testClass = TeamServiceTest, locations = '{}', classes = '{class org.waldreg.teambuilding.team.management.DefaultTeamManager}', contextInitializerClasses = '[]', activeProfiles = '{}', propertySourceLocations = '{}', propertySourceProperties = '{}', contextCustomizers = set[org.springframework.boot.test.autoconfigure.actuate.metrics.MetricsExportContextCustomizerFactory$DisableMetricExportContextCustomizer@481ba2cf, org.springframework.boot.test.autoconfigure.properties.PropertyMappingContextCustomizer@0, org.springframework.boot.test.autoconfigure.web.servlet.WebDriverContextCustomizerFactory$Customizer@1fa1cab1, org.springframework.boot.test.context.filter.ExcludeFilterContextCustomizer@31ff43be, org.springframework.boot.test.json.DuplicateJsonObjectContextCustomizerFactory$DuplicateJsonObjectContextCustomizer@132e0cc, org.springframework.boot.test.mock.mockito.MockitoContextCustomizer@5816ffdf], contextLoader = 'org.springframework.test.context.support.DelegatingSmartContextLoader', parent = [null]]]
23:36:59.790 [Test worker] DEBUG org.springframework.test.context.cache - Spring test ApplicationContext cache statistics: [DefaultContextCache@2c768ada size = 1, maxSize = 32, parentContextCount = 0, hitCount = 16, missCount = 1]
23:36:59.790 [Test worker] DEBUG org.springframework.test.context.cache.DefaultCacheAwareContextLoaderDelegate - Retrieved ApplicationContext [1895143699] from cache with key [[MergedContextConfiguration@1921ad94 testClass = TeamServiceTest, locations = '{}', classes = '{class org.waldreg.teambuilding.team.management.DefaultTeamManager}', contextInitializerClasses = '[]', activeProfiles = '{}', propertySourceLocations = '{}', propertySourceProperties = '{}', contextCustomizers = set[org.springframework.boot.test.autoconfigure.actuate.metrics.MetricsExportContextCustomizerFactory$DisableMetricExportContextCustomizer@481ba2cf, org.springframework.boot.test.autoconfigure.properties.PropertyMappingContextCustomizer@0, org.springframework.boot.test.autoconfigure.web.servlet.WebDriverContextCustomizerFactory$Customizer@1fa1cab1, org.springframework.boot.test.context.filter.ExcludeFilterContextCustomizer@31ff43be, org.springframework.boot.test.json.DuplicateJsonObjectContextCustomizerFactory$DuplicateJsonObjectContextCustomizer@132e0cc, org.springframework.boot.test.mock.mockito.MockitoContextCustomizer@5816ffdf], contextLoader = 'org.springframework.test.context.support.DelegatingSmartContextLoader', parent = [null]]]
23:36:59.790 [Test worker] DEBUG org.springframework.test.context.cache - Spring test ApplicationContext cache statistics: [DefaultContextCache@2c768ada size = 1, maxSize = 32, parentContextCount = 0, hitCount = 17, missCount = 1]
23:36:59.791 [Test worker] DEBUG org.springframework.test.context.cache.DefaultCacheAwareContextLoaderDelegate - Retrieved ApplicationContext [1895143699] from cache with key [[MergedContextConfiguration@1921ad94 testClass = TeamServiceTest, locations = '{}', classes = '{class org.waldreg.teambuilding.team.management.DefaultTeamManager}', contextInitializerClasses = '[]', activeProfiles = '{}', propertySourceLocations = '{}', propertySourceProperties = '{}', contextCustomizers = set[org.springframework.boot.test.autoconfigure.actuate.metrics.MetricsExportContextCustomizerFactory$DisableMetricExportContextCustomizer@481ba2cf, org.springframework.boot.test.autoconfigure.properties.PropertyMappingContextCustomizer@0, org.springframework.boot.test.autoconfigure.web.servlet.WebDriverContextCustomizerFactory$Customizer@1fa1cab1, org.springframework.boot.test.context.filter.ExcludeFilterContextCustomizer@31ff43be, org.springframework.boot.test.json.DuplicateJsonObjectContextCustomizerFactory$DuplicateJsonObjectContextCustomizer@132e0cc, org.springframework.boot.test.mock.mockito.MockitoContextCustomizer@5816ffdf], contextLoader = 'org.springframework.test.context.support.DelegatingSmartContextLoader', parent = [null]]]
23:36:59.791 [Test worker] DEBUG org.springframework.test.context.cache - Spring test ApplicationContext cache statistics: [DefaultContextCache@2c768ada size = 1, maxSize = 32, parentContextCount = 0, hitCount = 18, missCount = 1]
23:36:59.791 [Test worker] DEBUG org.springframework.test.context.cache.DefaultCacheAwareContextLoaderDelegate - Retrieved ApplicationContext [1895143699] from cache with key [[MergedContextConfiguration@1921ad94 testClass = TeamServiceTest, locations = '{}', classes = '{class org.waldreg.teambuilding.team.management.DefaultTeamManager}', contextInitializerClasses = '[]', activeProfiles = '{}', propertySourceLocations = '{}', propertySourceProperties = '{}', contextCustomizers = set[org.springframework.boot.test.autoconfigure.actuate.metrics.MetricsExportContextCustomizerFactory$DisableMetricExportContextCustomizer@481ba2cf, org.springframework.boot.test.autoconfigure.properties.PropertyMappingContextCustomizer@0, org.springframework.boot.test.autoconfigure.web.servlet.WebDriverContextCustomizerFactory$Customizer@1fa1cab1, org.springframework.boot.test.context.filter.ExcludeFilterContextCustomizer@31ff43be, org.springframework.boot.test.json.DuplicateJsonObjectContextCustomizerFactory$DuplicateJsonObjectContextCustomizer@132e0cc, org.springframework.boot.test.mock.mockito.MockitoContextCustomizer@5816ffdf], contextLoader = 'org.springframework.test.context.support.DelegatingSmartContextLoader', parent = [null]]]
23:36:59.791 [Test worker] DEBUG org.springframework.test.context.cache - Spring test ApplicationContext cache statistics: [DefaultContextCache@2c768ada size = 1, maxSize = 32, parentContextCount = 0, hitCount = 19, missCount = 1]
23:36:59.791 [Test worker] DEBUG org.springframework.test.context.cache.DefaultCacheAwareContextLoaderDelegate - Retrieved ApplicationContext [1895143699] from cache with key [[MergedContextConfiguration@1921ad94 testClass = TeamServiceTest, locations = '{}', classes = '{class org.waldreg.teambuilding.team.management.DefaultTeamManager}', contextInitializerClasses = '[]', activeProfiles = '{}', propertySourceLocations = '{}', propertySourceProperties = '{}', contextCustomizers = set[org.springframework.boot.test.autoconfigure.actuate.metrics.MetricsExportContextCustomizerFactory$DisableMetricExportContextCustomizer@481ba2cf, org.springframework.boot.test.autoconfigure.properties.PropertyMappingContextCustomizer@0, org.springframework.boot.test.autoconfigure.web.servlet.WebDriverContextCustomizerFactory$Customizer@1fa1cab1, org.springframework.boot.test.context.filter.ExcludeFilterContextCustomizer@31ff43be, org.springframework.boot.test.json.DuplicateJsonObjectContextCustomizerFactory$DuplicateJsonObjectContextCustomizer@132e0cc, org.springframework.boot.test.mock.mockito.MockitoContextCustomizer@5816ffdf], contextLoader = 'org.springframework.test.context.support.DelegatingSmartContextLoader', parent = [null]]]
23:36:59.791 [Test worker] DEBUG org.springframework.test.context.cache - Spring test ApplicationContext cache statistics: [DefaultContextCache@2c768ada size = 1, maxSize = 32, parentContextCount = 0, hitCount = 20, missCount = 1]
23:36:59.791 [Test worker] DEBUG org.springframework.test.context.cache.DefaultCacheAwareContextLoaderDelegate - Retrieved ApplicationContext [1895143699] from cache with key [[MergedContextConfiguration@1921ad94 testClass = TeamServiceTest, locations = '{}', classes = '{class org.waldreg.teambuilding.team.management.DefaultTeamManager}', contextInitializerClasses = '[]', activeProfiles = '{}', propertySourceLocations = '{}', propertySourceProperties = '{}', contextCustomizers = set[org.springframework.boot.test.autoconfigure.actuate.metrics.MetricsExportContextCustomizerFactory$DisableMetricExportContextCustomizer@481ba2cf, org.springframework.boot.test.autoconfigure.properties.PropertyMappingContextCustomizer@0, org.springframework.boot.test.autoconfigure.web.servlet.WebDriverContextCustomizerFactory$Customizer@1fa1cab1, org.springframework.boot.test.context.filter.ExcludeFilterContextCustomizer@31ff43be, org.springframework.boot.test.json.DuplicateJsonObjectContextCustomizerFactory$DuplicateJsonObjectContextCustomizer@132e0cc, org.springframework.boot.test.mock.mockito.MockitoContextCustomizer@5816ffdf], contextLoader = 'org.springframework.test.context.support.DelegatingSmartContextLoader', parent = [null]]]
23:36:59.791 [Test worker] DEBUG org.springframework.test.context.cache - Spring test ApplicationContext cache statistics: [DefaultContextCache@2c768ada size = 1, maxSize = 32, parentContextCount = 0, hitCount = 21, missCount = 1]
23:36:59.791 [Test worker] DEBUG org.springframework.test.context.cache.DefaultCacheAwareContextLoaderDelegate - Retrieved ApplicationContext [1895143699] from cache with key [[MergedContextConfiguration@1921ad94 testClass = TeamServiceTest, locations = '{}', classes = '{class org.waldreg.teambuilding.team.management.DefaultTeamManager}', contextInitializerClasses = '[]', activeProfiles = '{}', propertySourceLocations = '{}', propertySourceProperties = '{}', contextCustomizers = set[org.springframework.boot.test.autoconfigure.actuate.metrics.MetricsExportContextCustomizerFactory$DisableMetricExportContextCustomizer@481ba2cf, org.springframework.boot.test.autoconfigure.properties.PropertyMappingContextCustomizer@0, org.springframework.boot.test.autoconfigure.web.servlet.WebDriverContextCustomizerFactory$Customizer@1fa1cab1, org.springframework.boot.test.context.filter.ExcludeFilterContextCustomizer@31ff43be, org.springframework.boot.test.json.DuplicateJsonObjectContextCustomizerFactory$DuplicateJsonObjectContextCustomizer@132e0cc, org.springframework.boot.test.mock.mockito.MockitoContextCustomizer@5816ffdf], contextLoader = 'org.springframework.test.context.support.DelegatingSmartContextLoader', parent = [null]]]
23:36:59.791 [Test worker] DEBUG org.springframework.test.context.cache - Spring test ApplicationContext cache statistics: [DefaultContextCache@2c768ada size = 1, maxSize = 32, parentContextCount = 0, hitCount = 22, missCount = 1]
23:36:59.792 [Test worker] DEBUG org.springframework.test.context.cache.DefaultCacheAwareContextLoaderDelegate - Retrieved ApplicationContext [1895143699] from cache with key [[MergedContextConfiguration@1921ad94 testClass = TeamServiceTest, locations = '{}', classes = '{class org.waldreg.teambuilding.team.management.DefaultTeamManager}', contextInitializerClasses = '[]', activeProfiles = '{}', propertySourceLocations = '{}', propertySourceProperties = '{}', contextCustomizers = set[org.springframework.boot.test.autoconfigure.actuate.metrics.MetricsExportContextCustomizerFactory$DisableMetricExportContextCustomizer@481ba2cf, org.springframework.boot.test.autoconfigure.properties.PropertyMappingContextCustomizer@0, org.springframework.boot.test.autoconfigure.web.servlet.WebDriverContextCustomizerFactory$Customizer@1fa1cab1, org.springframework.boot.test.context.filter.ExcludeFilterContextCustomizer@31ff43be, org.springframework.boot.test.json.DuplicateJsonObjectContextCustomizerFactory$DuplicateJsonObjectContextCustomizer@132e0cc, org.springframework.boot.test.mock.mockito.MockitoContextCustomizer@5816ffdf], contextLoader = 'org.springframework.test.context.support.DelegatingSmartContextLoader', parent = [null]]]
23:36:59.792 [Test worker] DEBUG org.springframework.test.context.cache - Spring test ApplicationContext cache statistics: [DefaultContextCache@2c768ada size = 1, maxSize = 32, parentContextCount = 0, hitCount = 23, missCount = 1]
23:36:59.792 [Test worker] DEBUG org.springframework.test.context.support.AbstractDirtiesContextTestExecutionListener - After test method: context [DefaultTestContext@10cf09e8 testClass = TeamServiceTest, testInstance = org.waldreg.team.TeamServiceTest@151ef57f, testMethod = MODIFY_TEAM_NAME_IN_TEAM_BUILDING_FAIL_CAUSE_TEAM_NAME_OVERFLOW_TEST@TeamServiceTest, testException = [null], mergedContextConfiguration = [MergedContextConfiguration@1921ad94 testClass = TeamServiceTest, locations = '{}', classes = '{class org.waldreg.teambuilding.team.management.DefaultTeamManager}', contextInitializerClasses = '[]', activeProfiles = '{}', propertySourceLocations = '{}', propertySourceProperties = '{}', contextCustomizers = set[org.springframework.boot.test.autoconfigure.actuate.metrics.MetricsExportContextCustomizerFactory$DisableMetricExportContextCustomizer@481ba2cf, org.springframework.boot.test.autoconfigure.properties.PropertyMappingContextCustomizer@0, org.springframework.boot.test.autoconfigure.web.servlet.WebDriverContextCustomizerFactory$Customizer@1fa1cab1, org.springframework.boot.test.context.filter.ExcludeFilterContextCustomizer@31ff43be, org.springframework.boot.test.json.DuplicateJsonObjectContextCustomizerFactory$DuplicateJsonObjectContextCustomizer@132e0cc, org.springframework.boot.test.mock.mockito.MockitoContextCustomizer@5816ffdf], contextLoader = 'org.springframework.test.context.support.DelegatingSmartContextLoader', parent = [null]], attributes = map['org.springframework.test.context.event.ApplicationEventsTestExecutionListener.recordApplicationEvents' -> false]], class annotated with @DirtiesContext [false] with mode [null], method annotated with @DirtiesContext [false] with mode [null].
23:36:59.792 [Test worker] DEBUG org.springframework.test.context.cache.DefaultCacheAwareContextLoaderDelegate - Retrieved ApplicationContext [1895143699] from cache with key [[MergedContextConfiguration@1921ad94 testClass = TeamServiceTest, locations = '{}', classes = '{class org.waldreg.teambuilding.team.management.DefaultTeamManager}', contextInitializerClasses = '[]', activeProfiles = '{}', propertySourceLocations = '{}', propertySourceProperties = '{}', contextCustomizers = set[org.springframework.boot.test.autoconfigure.actuate.metrics.MetricsExportContextCustomizerFactory$DisableMetricExportContextCustomizer@481ba2cf, org.springframework.boot.test.autoconfigure.properties.PropertyMappingContextCustomizer@0, org.springframework.boot.test.autoconfigure.web.servlet.WebDriverContextCustomizerFactory$Customizer@1fa1cab1, org.springframework.boot.test.context.filter.ExcludeFilterContextCustomizer@31ff43be, org.springframework.boot.test.json.DuplicateJsonObjectContextCustomizerFactory$DuplicateJsonObjectContextCustomizer@132e0cc, org.springframework.boot.test.mock.mockito.MockitoContextCustomizer@5816ffdf], contextLoader = 'org.springframework.test.context.support.DelegatingSmartContextLoader', parent = [null]]]
23:36:59.792 [Test worker] DEBUG org.springframework.test.context.cache - Spring test ApplicationContext cache statistics: [DefaultContextCache@2c768ada size = 1, maxSize = 32, parentContextCount = 0, hitCount = 24, missCount = 1]
23:36:59.792 [Test worker] DEBUG org.springframework.test.context.support.DependencyInjectionTestExecutionListener - Performing dependency injection for test context [[DefaultTestContext@10cf09e8 testClass = TeamServiceTest, testInstance = org.waldreg.team.TeamServiceTest@2cc03cd1, testMethod = [null], testException = [null], mergedContextConfiguration = [MergedContextConfiguration@1921ad94 testClass = TeamServiceTest, locations = '{}', classes = '{class org.waldreg.teambuilding.team.management.DefaultTeamManager}', contextInitializerClasses = '[]', activeProfiles = '{}', propertySourceLocations = '{}', propertySourceProperties = '{}', contextCustomizers = set[org.springframework.boot.test.autoconfigure.actuate.metrics.MetricsExportContextCustomizerFactory$DisableMetricExportContextCustomizer@481ba2cf, org.springframework.boot.test.autoconfigure.properties.PropertyMappingContextCustomizer@0, org.springframework.boot.test.autoconfigure.web.servlet.WebDriverContextCustomizerFactory$Customizer@1fa1cab1, org.springframework.boot.test.context.filter.ExcludeFilterContextCustomizer@31ff43be, org.springframework.boot.test.json.DuplicateJsonObjectContextCustomizerFactory$DuplicateJsonObjectContextCustomizer@132e0cc, org.springframework.boot.test.mock.mockito.MockitoContextCustomizer@5816ffdf], contextLoader = 'org.springframework.test.context.support.DelegatingSmartContextLoader', parent = [null]], attributes = map['org.springframework.test.context.event.ApplicationEventsTestExecutionListener.recordApplicationEvents' -> false]]].
23:36:59.792 [Test worker] DEBUG org.springframework.test.context.cache.DefaultCacheAwareContextLoaderDelegate - Retrieved ApplicationContext [1895143699] from cache with key [[MergedContextConfiguration@1921ad94 testClass = TeamServiceTest, locations = '{}', classes = '{class org.waldreg.teambuilding.team.management.DefaultTeamManager}', contextInitializerClasses = '[]', activeProfiles = '{}', propertySourceLocations = '{}', propertySourceProperties = '{}', contextCustomizers = set[org.springframework.boot.test.autoconfigure.actuate.metrics.MetricsExportContextCustomizerFactory$DisableMetricExportContextCustomizer@481ba2cf, org.springframework.boot.test.autoconfigure.properties.PropertyMappingContextCustomizer@0, org.springframework.boot.test.autoconfigure.web.servlet.WebDriverContextCustomizerFactory$Customizer@1fa1cab1, org.springframework.boot.test.context.filter.ExcludeFilterContextCustomizer@31ff43be, org.springframework.boot.test.json.DuplicateJsonObjectContextCustomizerFactory$DuplicateJsonObjectContextCustomizer@132e0cc, org.springframework.boot.test.mock.mockito.MockitoContextCustomizer@5816ffdf], contextLoader = 'org.springframework.test.context.support.DelegatingSmartContextLoader', parent = [null]]]
23:36:59.792 [Test worker] DEBUG org.springframework.test.context.cache - Spring test ApplicationContext cache statistics: [DefaultContextCache@2c768ada size = 1, maxSize = 32, parentContextCount = 0, hitCount = 25, missCount = 1]
23:36:59.793 [Test worker] DEBUG org.springframework.test.context.cache.DefaultCacheAwareContextLoaderDelegate - Retrieved ApplicationContext [1895143699] from cache with key [[MergedContextConfiguration@1921ad94 testClass = TeamServiceTest, locations = '{}', classes = '{class org.waldreg.teambuilding.team.management.DefaultTeamManager}', contextInitializerClasses = '[]', activeProfiles = '{}', propertySourceLocations = '{}', propertySourceProperties = '{}', contextCustomizers = set[org.springframework.boot.test.autoconfigure.actuate.metrics.MetricsExportContextCustomizerFactory$DisableMetricExportContextCustomizer@481ba2cf, org.springframework.boot.test.autoconfigure.properties.PropertyMappingContextCustomizer@0, org.springframework.boot.test.autoconfigure.web.servlet.WebDriverContextCustomizerFactory$Customizer@1fa1cab1, org.springframework.boot.test.context.filter.ExcludeFilterContextCustomizer@31ff43be, org.springframework.boot.test.json.DuplicateJsonObjectContextCustomizerFactory$DuplicateJsonObjectContextCustomizer@132e0cc, org.springframework.boot.test.mock.mockito.MockitoContextCustomizer@5816ffdf], contextLoader = 'org.springframework.test.context.support.DelegatingSmartContextLoader', parent = [null]]]
23:36:59.793 [Test worker] DEBUG org.springframework.test.context.cache - Spring test ApplicationContext cache statistics: [DefaultContextCache@2c768ada size = 1, maxSize = 32, parentContextCount = 0, hitCount = 26, missCount = 1]
23:36:59.793 [Test worker] DEBUG org.springframework.test.context.support.AbstractDirtiesContextTestExecutionListener - Before test method: context [DefaultTestContext@10cf09e8 testClass = TeamServiceTest, testInstance = org.waldreg.team.TeamServiceTest@2cc03cd1, testMethod = MODIFY_TEAM_IN_TEAM_BUILDING_FAIL_CAUSE_UNKNOWN_TEAM_ID_TEST@TeamServiceTest, testException = [null], mergedContextConfiguration = [MergedContextConfiguration@1921ad94 testClass = TeamServiceTest, locations = '{}', classes = '{class org.waldreg.teambuilding.team.management.DefaultTeamManager}', contextInitializerClasses = '[]', activeProfiles = '{}', propertySourceLocations = '{}', propertySourceProperties = '{}', contextCustomizers = set[org.springframework.boot.test.autoconfigure.actuate.metrics.MetricsExportContextCustomizerFactory$DisableMetricExportContextCustomizer@481ba2cf, org.springframework.boot.test.autoconfigure.properties.PropertyMappingContextCustomizer@0, org.springframework.boot.test.autoconfigure.web.servlet.WebDriverContextCustomizerFactory$Customizer@1fa1cab1, org.springframework.boot.test.context.filter.ExcludeFilterContextCustomizer@31ff43be, org.springframework.boot.test.json.DuplicateJsonObjectContextCustomizerFactory$DuplicateJsonObjectContextCustomizer@132e0cc, org.springframework.boot.test.mock.mockito.MockitoContextCustomizer@5816ffdf], contextLoader = 'org.springframework.test.context.support.DelegatingSmartContextLoader', parent = [null]], attributes = map['org.springframework.test.context.event.ApplicationEventsTestExecutionListener.recordApplicationEvents' -> false]], class annotated with @DirtiesContext [false] with mode [null], method annotated with @DirtiesContext [false] with mode [null].
23:36:59.793 [Test worker] DEBUG org.springframework.test.context.cache.DefaultCacheAwareContextLoaderDelegate - Retrieved ApplicationContext [1895143699] from cache with key [[MergedContextConfiguration@1921ad94 testClass = TeamServiceTest, locations = '{}', classes = '{class org.waldreg.teambuilding.team.management.DefaultTeamManager}', contextInitializerClasses = '[]', activeProfiles = '{}', propertySourceLocations = '{}', propertySourceProperties = '{}', contextCustomizers = set[org.springframework.boot.test.autoconfigure.actuate.metrics.MetricsExportContextCustomizerFactory$DisableMetricExportContextCustomizer@481ba2cf, org.springframework.boot.test.autoconfigure.properties.PropertyMappingContextCustomizer@0, org.springframework.boot.test.autoconfigure.web.servlet.WebDriverContextCustomizerFactory$Customizer@1fa1cab1, org.springframework.boot.test.context.filter.ExcludeFilterContextCustomizer@31ff43be, org.springframework.boot.test.json.DuplicateJsonObjectContextCustomizerFactory$DuplicateJsonObjectContextCustomizer@132e0cc, org.springframework.boot.test.mock.mockito.MockitoContextCustomizer@5816ffdf], contextLoader = 'org.springframework.test.context.support.DelegatingSmartContextLoader', parent = [null]]]
23:36:59.793 [Test worker] DEBUG org.springframework.test.context.cache - Spring test ApplicationContext cache statistics: [DefaultContextCache@2c768ada size = 1, maxSize = 32, parentContextCount = 0, hitCount = 27, missCount = 1]
23:36:59.793 [Test worker] DEBUG org.springframework.test.context.cache.DefaultCacheAwareContextLoaderDelegate - Retrieved ApplicationContext [1895143699] from cache with key [[MergedContextConfiguration@1921ad94 testClass = TeamServiceTest, locations = '{}', classes = '{class org.waldreg.teambuilding.team.management.DefaultTeamManager}', contextInitializerClasses = '[]', activeProfiles = '{}', propertySourceLocations = '{}', propertySourceProperties = '{}', contextCustomizers = set[org.springframework.boot.test.autoconfigure.actuate.metrics.MetricsExportContextCustomizerFactory$DisableMetricExportContextCustomizer@481ba2cf, org.springframework.boot.test.autoconfigure.properties.PropertyMappingContextCustomizer@0, org.springframework.boot.test.autoconfigure.web.servlet.WebDriverContextCustomizerFactory$Customizer@1fa1cab1, org.springframework.boot.test.context.filter.ExcludeFilterContextCustomizer@31ff43be, org.springframework.boot.test.json.DuplicateJsonObjectContextCustomizerFactory$DuplicateJsonObjectContextCustomizer@132e0cc, org.springframework.boot.test.mock.mockito.MockitoContextCustomizer@5816ffdf], contextLoader = 'org.springframework.test.context.support.DelegatingSmartContextLoader', parent = [null]]]
23:36:59.793 [Test worker] DEBUG org.springframework.test.context.cache - Spring test ApplicationContext cache statistics: [DefaultContextCache@2c768ada size = 1, maxSize = 32, parentContextCount = 0, hitCount = 28, missCount = 1]
23:36:59.794 [Test worker] DEBUG org.springframework.test.context.cache.DefaultCacheAwareContextLoaderDelegate - Retrieved ApplicationContext [1895143699] from cache with key [[MergedContextConfiguration@1921ad94 testClass = TeamServiceTest, locations = '{}', classes = '{class org.waldreg.teambuilding.team.management.DefaultTeamManager}', contextInitializerClasses = '[]', activeProfiles = '{}', propertySourceLocations = '{}', propertySourceProperties = '{}', contextCustomizers = set[org.springframework.boot.test.autoconfigure.actuate.metrics.MetricsExportContextCustomizerFactory$DisableMetricExportContextCustomizer@481ba2cf, org.springframework.boot.test.autoconfigure.properties.PropertyMappingContextCustomizer@0, org.springframework.boot.test.autoconfigure.web.servlet.WebDriverContextCustomizerFactory$Customizer@1fa1cab1, org.springframework.boot.test.context.filter.ExcludeFilterContextCustomizer@31ff43be, org.springframework.boot.test.json.DuplicateJsonObjectContextCustomizerFactory$DuplicateJsonObjectContextCustomizer@132e0cc, org.springframework.boot.test.mock.mockito.MockitoContextCustomizer@5816ffdf], contextLoader = 'org.springframework.test.context.support.DelegatingSmartContextLoader', parent = [null]]]
23:36:59.794 [Test worker] DEBUG org.springframework.test.context.cache - Spring test ApplicationContext cache statistics: [DefaultContextCache@2c768ada size = 1, maxSize = 32, parentContextCount = 0, hitCount = 29, missCount = 1]
23:36:59.794 [Test worker] DEBUG org.springframework.test.context.cache.DefaultCacheAwareContextLoaderDelegate - Retrieved ApplicationContext [1895143699] from cache with key [[MergedContextConfiguration@1921ad94 testClass = TeamServiceTest, locations = '{}', classes = '{class org.waldreg.teambuilding.team.management.DefaultTeamManager}', contextInitializerClasses = '[]', activeProfiles = '{}', propertySourceLocations = '{}', propertySourceProperties = '{}', contextCustomizers = set[org.springframework.boot.test.autoconfigure.actuate.metrics.MetricsExportContextCustomizerFactory$DisableMetricExportContextCustomizer@481ba2cf, org.springframework.boot.test.autoconfigure.properties.PropertyMappingContextCustomizer@0, org.springframework.boot.test.autoconfigure.web.servlet.WebDriverContextCustomizerFactory$Customizer@1fa1cab1, org.springframework.boot.test.context.filter.ExcludeFilterContextCustomizer@31ff43be, org.springframework.boot.test.json.DuplicateJsonObjectContextCustomizerFactory$DuplicateJsonObjectContextCustomizer@132e0cc, org.springframework.boot.test.mock.mockito.MockitoContextCustomizer@5816ffdf], contextLoader = 'org.springframework.test.context.support.DelegatingSmartContextLoader', parent = [null]]]
23:36:59.794 [Test worker] DEBUG org.springframework.test.context.cache - Spring test ApplicationContext cache statistics: [DefaultContextCache@2c768ada size = 1, maxSize = 32, parentContextCount = 0, hitCount = 30, missCount = 1]
23:36:59.794 [Test worker] DEBUG org.springframework.test.context.cache.DefaultCacheAwareContextLoaderDelegate - Retrieved ApplicationContext [1895143699] from cache with key [[MergedContextConfiguration@1921ad94 testClass = TeamServiceTest, locations = '{}', classes = '{class org.waldreg.teambuilding.team.management.DefaultTeamManager}', contextInitializerClasses = '[]', activeProfiles = '{}', propertySourceLocations = '{}', propertySourceProperties = '{}', contextCustomizers = set[org.springframework.boot.test.autoconfigure.actuate.metrics.MetricsExportContextCustomizerFactory$DisableMetricExportContextCustomizer@481ba2cf, org.springframework.boot.test.autoconfigure.properties.PropertyMappingContextCustomizer@0, org.springframework.boot.test.autoconfigure.web.servlet.WebDriverContextCustomizerFactory$Customizer@1fa1cab1, org.springframework.boot.test.context.filter.ExcludeFilterContextCustomizer@31ff43be, org.springframework.boot.test.json.DuplicateJsonObjectContextCustomizerFactory$DuplicateJsonObjectContextCustomizer@132e0cc, org.springframework.boot.test.mock.mockito.MockitoContextCustomizer@5816ffdf], contextLoader = 'org.springframework.test.context.support.DelegatingSmartContextLoader', parent = [null]]]
23:36:59.794 [Test worker] DEBUG org.springframework.test.context.cache - Spring test ApplicationContext cache statistics: [DefaultContextCache@2c768ada size = 1, maxSize = 32, parentContextCount = 0, hitCount = 31, missCount = 1]
23:36:59.795 [Test worker] DEBUG org.springframework.test.context.cache.DefaultCacheAwareContextLoaderDelegate - Retrieved ApplicationContext [1895143699] from cache with key [[MergedContextConfiguration@1921ad94 testClass = TeamServiceTest, locations = '{}', classes = '{class org.waldreg.teambuilding.team.management.DefaultTeamManager}', contextInitializerClasses = '[]', activeProfiles = '{}', propertySourceLocations = '{}', propertySourceProperties = '{}', contextCustomizers = set[org.springframework.boot.test.autoconfigure.actuate.metrics.MetricsExportContextCustomizerFactory$DisableMetricExportContextCustomizer@481ba2cf, org.springframework.boot.test.autoconfigure.properties.PropertyMappingContextCustomizer@0, org.springframework.boot.test.autoconfigure.web.servlet.WebDriverContextCustomizerFactory$Customizer@1fa1cab1, org.springframework.boot.test.context.filter.ExcludeFilterContextCustomizer@31ff43be, org.springframework.boot.test.json.DuplicateJsonObjectContextCustomizerFactory$DuplicateJsonObjectContextCustomizer@132e0cc, org.springframework.boot.test.mock.mockito.MockitoContextCustomizer@5816ffdf], contextLoader = 'org.springframework.test.context.support.DelegatingSmartContextLoader', parent = [null]]]
23:36:59.795 [Test worker] DEBUG org.springframework.test.context.cache - Spring test ApplicationContext cache statistics: [DefaultContextCache@2c768ada size = 1, maxSize = 32, parentContextCount = 0, hitCount = 32, missCount = 1]
23:36:59.795 [Test worker] DEBUG org.springframework.test.context.cache.DefaultCacheAwareContextLoaderDelegate - Retrieved ApplicationContext [1895143699] from cache with key [[MergedContextConfiguration@1921ad94 testClass = TeamServiceTest, locations = '{}', classes = '{class org.waldreg.teambuilding.team.management.DefaultTeamManager}', contextInitializerClasses = '[]', activeProfiles = '{}', propertySourceLocations = '{}', propertySourceProperties = '{}', contextCustomizers = set[org.springframework.boot.test.autoconfigure.actuate.metrics.MetricsExportContextCustomizerFactory$DisableMetricExportContextCustomizer@481ba2cf, org.springframework.boot.test.autoconfigure.properties.PropertyMappingContextCustomizer@0, org.springframework.boot.test.autoconfigure.web.servlet.WebDriverContextCustomizerFactory$Customizer@1fa1cab1, org.springframework.boot.test.context.filter.ExcludeFilterContextCustomizer@31ff43be, org.springframework.boot.test.json.DuplicateJsonObjectContextCustomizerFactory$DuplicateJsonObjectContextCustomizer@132e0cc, org.springframework.boot.test.mock.mockito.MockitoContextCustomizer@5816ffdf], contextLoader = 'org.springframework.test.context.support.DelegatingSmartContextLoader', parent = [null]]]
23:36:59.795 [Test worker] DEBUG org.springframework.test.context.cache - Spring test ApplicationContext cache statistics: [DefaultContextCache@2c768ada size = 1, maxSize = 32, parentContextCount = 0, hitCount = 33, missCount = 1]
23:36:59.795 [Test worker] DEBUG org.springframework.test.context.cache.DefaultCacheAwareContextLoaderDelegate - Retrieved ApplicationContext [1895143699] from cache with key [[MergedContextConfiguration@1921ad94 testClass = TeamServiceTest, locations = '{}', classes = '{class org.waldreg.teambuilding.team.management.DefaultTeamManager}', contextInitializerClasses = '[]', activeProfiles = '{}', propertySourceLocations = '{}', propertySourceProperties = '{}', contextCustomizers = set[org.springframework.boot.test.autoconfigure.actuate.metrics.MetricsExportContextCustomizerFactory$DisableMetricExportContextCustomizer@481ba2cf, org.springframework.boot.test.autoconfigure.properties.PropertyMappingContextCustomizer@0, org.springframework.boot.test.autoconfigure.web.servlet.WebDriverContextCustomizerFactory$Customizer@1fa1cab1, org.springframework.boot.test.context.filter.ExcludeFilterContextCustomizer@31ff43be, org.springframework.boot.test.json.DuplicateJsonObjectContextCustomizerFactory$DuplicateJsonObjectContextCustomizer@132e0cc, org.springframework.boot.test.mock.mockito.MockitoContextCustomizer@5816ffdf], contextLoader = 'org.springframework.test.context.support.DelegatingSmartContextLoader', parent = [null]]]
23:36:59.795 [Test worker] DEBUG org.springframework.test.context.cache - Spring test ApplicationContext cache statistics: [DefaultContextCache@2c768ada size = 1, maxSize = 32, parentContextCount = 0, hitCount = 34, missCount = 1]
23:36:59.795 [Test worker] DEBUG org.springframework.test.context.cache.DefaultCacheAwareContextLoaderDelegate - Retrieved ApplicationContext [1895143699] from cache with key [[MergedContextConfiguration@1921ad94 testClass = TeamServiceTest, locations = '{}', classes = '{class org.waldreg.teambuilding.team.management.DefaultTeamManager}', contextInitializerClasses = '[]', activeProfiles = '{}', propertySourceLocations = '{}', propertySourceProperties = '{}', contextCustomizers = set[org.springframework.boot.test.autoconfigure.actuate.metrics.MetricsExportContextCustomizerFactory$DisableMetricExportContextCustomizer@481ba2cf, org.springframework.boot.test.autoconfigure.properties.PropertyMappingContextCustomizer@0, org.springframework.boot.test.autoconfigure.web.servlet.WebDriverContextCustomizerFactory$Customizer@1fa1cab1, org.springframework.boot.test.context.filter.ExcludeFilterContextCustomizer@31ff43be, org.springframework.boot.test.json.DuplicateJsonObjectContextCustomizerFactory$DuplicateJsonObjectContextCustomizer@132e0cc, org.springframework.boot.test.mock.mockito.MockitoContextCustomizer@5816ffdf], contextLoader = 'org.springframework.test.context.support.DelegatingSmartContextLoader', parent = [null]]]
23:36:59.795 [Test worker] DEBUG org.springframework.test.context.cache - Spring test ApplicationContext cache statistics: [DefaultContextCache@2c768ada size = 1, maxSize = 32, parentContextCount = 0, hitCount = 35, missCount = 1]
23:36:59.795 [Test worker] DEBUG org.springframework.test.context.support.AbstractDirtiesContextTestExecutionListener - After test method: context [DefaultTestContext@10cf09e8 testClass = TeamServiceTest, testInstance = org.waldreg.team.TeamServiceTest@2cc03cd1, testMethod = MODIFY_TEAM_IN_TEAM_BUILDING_FAIL_CAUSE_UNKNOWN_TEAM_ID_TEST@TeamServiceTest, testException = [null], mergedContextConfiguration = [MergedContextConfiguration@1921ad94 testClass = TeamServiceTest, locations = '{}', classes = '{class org.waldreg.teambuilding.team.management.DefaultTeamManager}', contextInitializerClasses = '[]', activeProfiles = '{}', propertySourceLocations = '{}', propertySourceProperties = '{}', contextCustomizers = set[org.springframework.boot.test.autoconfigure.actuate.metrics.MetricsExportContextCustomizerFactory$DisableMetricExportContextCustomizer@481ba2cf, org.springframework.boot.test.autoconfigure.properties.PropertyMappingContextCustomizer@0, org.springframework.boot.test.autoconfigure.web.servlet.WebDriverContextCustomizerFactory$Customizer@1fa1cab1, org.springframework.boot.test.context.filter.ExcludeFilterContextCustomizer@31ff43be, org.springframework.boot.test.json.DuplicateJsonObjectContextCustomizerFactory$DuplicateJsonObjectContextCustomizer@132e0cc, org.springframework.boot.test.mock.mockito.MockitoContextCustomizer@5816ffdf], contextLoader = 'org.springframework.test.context.support.DelegatingSmartContextLoader', parent = [null]], attributes = map['org.springframework.test.context.event.ApplicationEventsTestExecutionListener.recordApplicationEvents' -> false]], class annotated with @DirtiesContext [false] with mode [null], method annotated with @DirtiesContext [false] with mode [null].
23:36:59.796 [Test worker] DEBUG org.springframework.test.context.cache.DefaultCacheAwareContextLoaderDelegate - Retrieved ApplicationContext [1895143699] from cache with key [[MergedContextConfiguration@1921ad94 testClass = TeamServiceTest, locations = '{}', classes = '{class org.waldreg.teambuilding.team.management.DefaultTeamManager}', contextInitializerClasses = '[]', activeProfiles = '{}', propertySourceLocations = '{}', propertySourceProperties = '{}', contextCustomizers = set[org.springframework.boot.test.autoconfigure.actuate.metrics.MetricsExportContextCustomizerFactory$DisableMetricExportContextCustomizer@481ba2cf, org.springframework.boot.test.autoconfigure.properties.PropertyMappingContextCustomizer@0, org.springframework.boot.test.autoconfigure.web.servlet.WebDriverContextCustomizerFactory$Customizer@1fa1cab1, org.springframework.boot.test.context.filter.ExcludeFilterContextCustomizer@31ff43be, org.springframework.boot.test.json.DuplicateJsonObjectContextCustomizerFactory$DuplicateJsonObjectContextCustomizer@132e0cc, org.springframework.boot.test.mock.mockito.MockitoContextCustomizer@5816ffdf], contextLoader = 'org.springframework.test.context.support.DelegatingSmartContextLoader', parent = [null]]]
23:36:59.796 [Test worker] DEBUG org.springframework.test.context.cache - Spring test ApplicationContext cache statistics: [DefaultContextCache@2c768ada size = 1, maxSize = 32, parentContextCount = 0, hitCount = 36, missCount = 1]
23:36:59.796 [Test worker] DEBUG org.springframework.test.context.support.DependencyInjectionTestExecutionListener - Performing dependency injection for test context [[DefaultTestContext@10cf09e8 testClass = TeamServiceTest, testInstance = org.waldreg.team.TeamServiceTest@149c3204, testMethod = [null], testException = [null], mergedContextConfiguration = [MergedContextConfiguration@1921ad94 testClass = TeamServiceTest, locations = '{}', classes = '{class org.waldreg.teambuilding.team.management.DefaultTeamManager}', contextInitializerClasses = '[]', activeProfiles = '{}', propertySourceLocations = '{}', propertySourceProperties = '{}', contextCustomizers = set[org.springframework.boot.test.autoconfigure.actuate.metrics.MetricsExportContextCustomizerFactory$DisableMetricExportContextCustomizer@481ba2cf, org.springframework.boot.test.autoconfigure.properties.PropertyMappingContextCustomizer@0, org.springframework.boot.test.autoconfigure.web.servlet.WebDriverContextCustomizerFactory$Customizer@1fa1cab1, org.springframework.boot.test.context.filter.ExcludeFilterContextCustomizer@31ff43be, org.springframework.boot.test.json.DuplicateJsonObjectContextCustomizerFactory$DuplicateJsonObjectContextCustomizer@132e0cc, org.springframework.boot.test.mock.mockito.MockitoContextCustomizer@5816ffdf], contextLoader = 'org.springframework.test.context.support.DelegatingSmartContextLoader', parent = [null]], attributes = map['org.springframework.test.context.event.ApplicationEventsTestExecutionListener.recordApplicationEvents' -> false]]].
23:36:59.796 [Test worker] DEBUG org.springframework.test.context.cache.DefaultCacheAwareContextLoaderDelegate - Retrieved ApplicationContext [1895143699] from cache with key [[MergedContextConfiguration@1921ad94 testClass = TeamServiceTest, locations = '{}', classes = '{class org.waldreg.teambuilding.team.management.DefaultTeamManager}', contextInitializerClasses = '[]', activeProfiles = '{}', propertySourceLocations = '{}', propertySourceProperties = '{}', contextCustomizers = set[org.springframework.boot.test.autoconfigure.actuate.metrics.MetricsExportContextCustomizerFactory$DisableMetricExportContextCustomizer@481ba2cf, org.springframework.boot.test.autoconfigure.properties.PropertyMappingContextCustomizer@0, org.springframework.boot.test.autoconfigure.web.servlet.WebDriverContextCustomizerFactory$Customizer@1fa1cab1, org.springframework.boot.test.context.filter.ExcludeFilterContextCustomizer@31ff43be, org.springframework.boot.test.json.DuplicateJsonObjectContextCustomizerFactory$DuplicateJsonObjectContextCustomizer@132e0cc, org.springframework.boot.test.mock.mockito.MockitoContextCustomizer@5816ffdf], contextLoader = 'org.springframework.test.context.support.DelegatingSmartContextLoader', parent = [null]]]
23:36:59.796 [Test worker] DEBUG org.springframework.test.context.cache - Spring test ApplicationContext cache statistics: [DefaultContextCache@2c768ada size = 1, maxSize = 32, parentContextCount = 0, hitCount = 37, missCount = 1]
23:36:59.796 [Test worker] DEBUG org.springframework.test.context.cache.DefaultCacheAwareContextLoaderDelegate - Retrieved ApplicationContext [1895143699] from cache with key [[MergedContextConfiguration@1921ad94 testClass = TeamServiceTest, locations = '{}', classes = '{class org.waldreg.teambuilding.team.management.DefaultTeamManager}', contextInitializerClasses = '[]', activeProfiles = '{}', propertySourceLocations = '{}', propertySourceProperties = '{}', contextCustomizers = set[org.springframework.boot.test.autoconfigure.actuate.metrics.MetricsExportContextCustomizerFactory$DisableMetricExportContextCustomizer@481ba2cf, org.springframework.boot.test.autoconfigure.properties.PropertyMappingContextCustomizer@0, org.springframework.boot.test.autoconfigure.web.servlet.WebDriverContextCustomizerFactory$Customizer@1fa1cab1, org.springframework.boot.test.context.filter.ExcludeFilterContextCustomizer@31ff43be, org.springframework.boot.test.json.DuplicateJsonObjectContextCustomizerFactory$DuplicateJsonObjectContextCustomizer@132e0cc, org.springframework.boot.test.mock.mockito.MockitoContextCustomizer@5816ffdf], contextLoader = 'org.springframework.test.context.support.DelegatingSmartContextLoader', parent = [null]]]
23:36:59.796 [Test worker] DEBUG org.springframework.test.context.cache - Spring test ApplicationContext cache statistics: [DefaultContextCache@2c768ada size = 1, maxSize = 32, parentContextCount = 0, hitCount = 38, missCount = 1]
23:36:59.796 [Test worker] DEBUG org.springframework.test.context.support.AbstractDirtiesContextTestExecutionListener - Before test method: context [DefaultTestContext@10cf09e8 testClass = TeamServiceTest, testInstance = org.waldreg.team.TeamServiceTest@149c3204, testMethod = CREATE_NEW_TEAM_IN_TEAM_BUILDING_FAIL_CAUSE_UNKNOWN_USER_ID_TEST@TeamServiceTest, testException = [null], mergedContextConfiguration = [MergedContextConfiguration@1921ad94 testClass = TeamServiceTest, locations = '{}', classes = '{class org.waldreg.teambuilding.team.management.DefaultTeamManager}', contextInitializerClasses = '[]', activeProfiles = '{}', propertySourceLocations = '{}', propertySourceProperties = '{}', contextCustomizers = set[org.springframework.boot.test.autoconfigure.actuate.metrics.MetricsExportContextCustomizerFactory$DisableMetricExportContextCustomizer@481ba2cf, org.springframework.boot.test.autoconfigure.properties.PropertyMappingContextCustomizer@0, org.springframework.boot.test.autoconfigure.web.servlet.WebDriverContextCustomizerFactory$Customizer@1fa1cab1, org.springframework.boot.test.context.filter.ExcludeFilterContextCustomizer@31ff43be, org.springframework.boot.test.json.DuplicateJsonObjectContextCustomizerFactory$DuplicateJsonObjectContextCustomizer@132e0cc, org.springframework.boot.test.mock.mockito.MockitoContextCustomizer@5816ffdf], contextLoader = 'org.springframework.test.context.support.DelegatingSmartContextLoader', parent = [null]], attributes = map['org.springframework.test.context.event.ApplicationEventsTestExecutionListener.recordApplicationEvents' -> false]], class annotated with @DirtiesContext [false] with mode [null], method annotated with @DirtiesContext [false] with mode [null].
23:36:59.797 [Test worker] DEBUG org.springframework.test.context.cache.DefaultCacheAwareContextLoaderDelegate - Retrieved ApplicationContext [1895143699] from cache with key [[MergedContextConfiguration@1921ad94 testClass = TeamServiceTest, locations = '{}', classes = '{class org.waldreg.teambuilding.team.management.DefaultTeamManager}', contextInitializerClasses = '[]', activeProfiles = '{}', propertySourceLocations = '{}', propertySourceProperties = '{}', contextCustomizers = set[org.springframework.boot.test.autoconfigure.actuate.metrics.MetricsExportContextCustomizerFactory$DisableMetricExportContextCustomizer@481ba2cf, org.springframework.boot.test.autoconfigure.properties.PropertyMappingContextCustomizer@0, org.springframework.boot.test.autoconfigure.web.servlet.WebDriverContextCustomizerFactory$Customizer@1fa1cab1, org.springframework.boot.test.context.filter.ExcludeFilterContextCustomizer@31ff43be, org.springframework.boot.test.json.DuplicateJsonObjectContextCustomizerFactory$DuplicateJsonObjectContextCustomizer@132e0cc, org.springframework.boot.test.mock.mockito.MockitoContextCustomizer@5816ffdf], contextLoader = 'org.springframework.test.context.support.DelegatingSmartContextLoader', parent = [null]]]
23:36:59.797 [Test worker] DEBUG org.springframework.test.context.cache - Spring test ApplicationContext cache statistics: [DefaultContextCache@2c768ada size = 1, maxSize = 32, parentContextCount = 0, hitCount = 39, missCount = 1]
23:36:59.797 [Test worker] DEBUG org.springframework.test.context.cache.DefaultCacheAwareContextLoaderDelegate - Retrieved ApplicationContext [1895143699] from cache with key [[MergedContextConfiguration@1921ad94 testClass = TeamServiceTest, locations = '{}', classes = '{class org.waldreg.teambuilding.team.management.DefaultTeamManager}', contextInitializerClasses = '[]', activeProfiles = '{}', propertySourceLocations = '{}', propertySourceProperties = '{}', contextCustomizers = set[org.springframework.boot.test.autoconfigure.actuate.metrics.MetricsExportContextCustomizerFactory$DisableMetricExportContextCustomizer@481ba2cf, org.springframework.boot.test.autoconfigure.properties.PropertyMappingContextCustomizer@0, org.springframework.boot.test.autoconfigure.web.servlet.WebDriverContextCustomizerFactory$Customizer@1fa1cab1, org.springframework.boot.test.context.filter.ExcludeFilterContextCustomizer@31ff43be, org.springframework.boot.test.json.DuplicateJsonObjectContextCustomizerFactory$DuplicateJsonObjectContextCustomizer@132e0cc, org.springframework.boot.test.mock.mockito.MockitoContextCustomizer@5816ffdf], contextLoader = 'org.springframework.test.context.support.DelegatingSmartContextLoader', parent = [null]]]
23:36:59.797 [Test worker] DEBUG org.springframework.test.context.cache - Spring test ApplicationContext cache statistics: [DefaultContextCache@2c768ada size = 1, maxSize = 32, parentContextCount = 0, hitCount = 40, missCount = 1]
23:36:59.797 [Test worker] DEBUG org.springframework.test.context.cache.DefaultCacheAwareContextLoaderDelegate - Retrieved ApplicationContext [1895143699] from cache with key [[MergedContextConfiguration@1921ad94 testClass = TeamServiceTest, locations = '{}', classes = '{class org.waldreg.teambuilding.team.management.DefaultTeamManager}', contextInitializerClasses = '[]', activeProfiles = '{}', propertySourceLocations = '{}', propertySourceProperties = '{}', contextCustomizers = set[org.springframework.boot.test.autoconfigure.actuate.metrics.MetricsExportContextCustomizerFactory$DisableMetricExportContextCustomizer@481ba2cf, org.springframework.boot.test.autoconfigure.properties.PropertyMappingContextCustomizer@0, org.springframework.boot.test.autoconfigure.web.servlet.WebDriverContextCustomizerFactory$Customizer@1fa1cab1, org.springframework.boot.test.context.filter.ExcludeFilterContextCustomizer@31ff43be, org.springframework.boot.test.json.DuplicateJsonObjectContextCustomizerFactory$DuplicateJsonObjectContextCustomizer@132e0cc, org.springframework.boot.test.mock.mockito.MockitoContextCustomizer@5816ffdf], contextLoader = 'org.springframework.test.context.support.DelegatingSmartContextLoader', parent = [null]]]
23:36:59.797 [Test worker] DEBUG org.springframework.test.context.cache - Spring test ApplicationContext cache statistics: [DefaultContextCache@2c768ada size = 1, maxSize = 32, parentContextCount = 0, hitCount = 41, missCount = 1]
23:36:59.798 [Test worker] DEBUG org.springframework.test.context.cache.DefaultCacheAwareContextLoaderDelegate - Retrieved ApplicationContext [1895143699] from cache with key [[MergedContextConfiguration@1921ad94 testClass = TeamServiceTest, locations = '{}', classes = '{class org.waldreg.teambuilding.team.management.DefaultTeamManager}', contextInitializerClasses = '[]', activeProfiles = '{}', propertySourceLocations = '{}', propertySourceProperties = '{}', contextCustomizers = set[org.springframework.boot.test.autoconfigure.actuate.metrics.MetricsExportContextCustomizerFactory$DisableMetricExportContextCustomizer@481ba2cf, org.springframework.boot.test.autoconfigure.properties.PropertyMappingContextCustomizer@0, org.springframework.boot.test.autoconfigure.web.servlet.WebDriverContextCustomizerFactory$Customizer@1fa1cab1, org.springframework.boot.test.context.filter.ExcludeFilterContextCustomizer@31ff43be, org.springframework.boot.test.json.DuplicateJsonObjectContextCustomizerFactory$DuplicateJsonObjectContextCustomizer@132e0cc, org.springframework.boot.test.mock.mockito.MockitoContextCustomizer@5816ffdf], contextLoader = 'org.springframework.test.context.support.DelegatingSmartContextLoader', parent = [null]]]
23:36:59.798 [Test worker] DEBUG org.springframework.test.context.cache - Spring test ApplicationContext cache statistics: [DefaultContextCache@2c768ada size = 1, maxSize = 32, parentContextCount = 0, hitCount = 42, missCount = 1]
23:36:59.798 [Test worker] DEBUG org.springframework.test.context.cache.DefaultCacheAwareContextLoaderDelegate - Retrieved ApplicationContext [1895143699] from cache with key [[MergedContextConfiguration@1921ad94 testClass = TeamServiceTest, locations = '{}', classes = '{class org.waldreg.teambuilding.team.management.DefaultTeamManager}', contextInitializerClasses = '[]', activeProfiles = '{}', propertySourceLocations = '{}', propertySourceProperties = '{}', contextCustomizers = set[org.springframework.boot.test.autoconfigure.actuate.metrics.MetricsExportContextCustomizerFactory$DisableMetricExportContextCustomizer@481ba2cf, org.springframework.boot.test.autoconfigure.properties.PropertyMappingContextCustomizer@0, org.springframework.boot.test.autoconfigure.web.servlet.WebDriverContextCustomizerFactory$Customizer@1fa1cab1, org.springframework.boot.test.context.filter.ExcludeFilterContextCustomizer@31ff43be, org.springframework.boot.test.json.DuplicateJsonObjectContextCustomizerFactory$DuplicateJsonObjectContextCustomizer@132e0cc, org.springframework.boot.test.mock.mockito.MockitoContextCustomizer@5816ffdf], contextLoader = 'org.springframework.test.context.support.DelegatingSmartContextLoader', parent = [null]]]
23:36:59.798 [Test worker] DEBUG org.springframework.test.context.cache - Spring test ApplicationContext cache statistics: [DefaultContextCache@2c768ada size = 1, maxSize = 32, parentContextCount = 0, hitCount = 43, missCount = 1]
23:36:59.799 [Test worker] DEBUG org.springframework.test.context.cache.DefaultCacheAwareContextLoaderDelegate - Retrieved ApplicationContext [1895143699] from cache with key [[MergedContextConfiguration@1921ad94 testClass = TeamServiceTest, locations = '{}', classes = '{class org.waldreg.teambuilding.team.management.DefaultTeamManager}', contextInitializerClasses = '[]', activeProfiles = '{}', propertySourceLocations = '{}', propertySourceProperties = '{}', contextCustomizers = set[org.springframework.boot.test.autoconfigure.actuate.metrics.MetricsExportContextCustomizerFactory$DisableMetricExportContextCustomizer@481ba2cf, org.springframework.boot.test.autoconfigure.properties.PropertyMappingContextCustomizer@0, org.springframework.boot.test.autoconfigure.web.servlet.WebDriverContextCustomizerFactory$Customizer@1fa1cab1, org.springframework.boot.test.context.filter.ExcludeFilterContextCustomizer@31ff43be, org.springframework.boot.test.json.DuplicateJsonObjectContextCustomizerFactory$DuplicateJsonObjectContextCustomizer@132e0cc, org.springframework.boot.test.mock.mockito.MockitoContextCustomizer@5816ffdf], contextLoader = 'org.springframework.test.context.support.DelegatingSmartContextLoader', parent = [null]]]
23:36:59.799 [Test worker] DEBUG org.springframework.test.context.cache - Spring test ApplicationContext cache statistics: [DefaultContextCache@2c768ada size = 1, maxSize = 32, parentContextCount = 0, hitCount = 44, missCount = 1]
23:36:59.799 [Test worker] DEBUG org.springframework.test.context.cache.DefaultCacheAwareContextLoaderDelegate - Retrieved ApplicationContext [1895143699] from cache with key [[MergedContextConfiguration@1921ad94 testClass = TeamServiceTest, locations = '{}', classes = '{class org.waldreg.teambuilding.team.management.DefaultTeamManager}', contextInitializerClasses = '[]', activeProfiles = '{}', propertySourceLocations = '{}', propertySourceProperties = '{}', contextCustomizers = set[org.springframework.boot.test.autoconfigure.actuate.metrics.MetricsExportContextCustomizerFactory$DisableMetricExportContextCustomizer@481ba2cf, org.springframework.boot.test.autoconfigure.properties.PropertyMappingContextCustomizer@0, org.springframework.boot.test.autoconfigure.web.servlet.WebDriverContextCustomizerFactory$Customizer@1fa1cab1, org.springframework.boot.test.context.filter.ExcludeFilterContextCustomizer@31ff43be, org.springframework.boot.test.json.DuplicateJsonObjectContextCustomizerFactory$DuplicateJsonObjectContextCustomizer@132e0cc, org.springframework.boot.test.mock.mockito.MockitoContextCustomizer@5816ffdf], contextLoader = 'org.springframework.test.context.support.DelegatingSmartContextLoader', parent = [null]]]
23:36:59.799 [Test worker] DEBUG org.springframework.test.context.cache - Spring test ApplicationContext cache statistics: [DefaultContextCache@2c768ada size = 1, maxSize = 32, parentContextCount = 0, hitCount = 45, missCount = 1]
23:36:59.799 [Test worker] DEBUG org.springframework.test.context.cache.DefaultCacheAwareContextLoaderDelegate - Retrieved ApplicationContext [1895143699] from cache with key [[MergedContextConfiguration@1921ad94 testClass = TeamServiceTest, locations = '{}', classes = '{class org.waldreg.teambuilding.team.management.DefaultTeamManager}', contextInitializerClasses = '[]', activeProfiles = '{}', propertySourceLocations = '{}', propertySourceProperties = '{}', contextCustomizers = set[org.springframework.boot.test.autoconfigure.actuate.metrics.MetricsExportContextCustomizerFactory$DisableMetricExportContextCustomizer@481ba2cf, org.springframework.boot.test.autoconfigure.properties.PropertyMappingContextCustomizer@0, org.springframework.boot.test.autoconfigure.web.servlet.WebDriverContextCustomizerFactory$Customizer@1fa1cab1, org.springframework.boot.test.context.filter.ExcludeFilterContextCustomizer@31ff43be, org.springframework.boot.test.json.DuplicateJsonObjectContextCustomizerFactory$DuplicateJsonObjectContextCustomizer@132e0cc, org.springframework.boot.test.mock.mockito.MockitoContextCustomizer@5816ffdf], contextLoader = 'org.springframework.test.context.support.DelegatingSmartContextLoader', parent = [null]]]
23:36:59.799 [Test worker] DEBUG org.springframework.test.context.cache - Spring test ApplicationContext cache statistics: [DefaultContextCache@2c768ada size = 1, maxSize = 32, parentContextCount = 0, hitCount = 46, missCount = 1]
23:36:59.799 [Test worker] DEBUG org.springframework.test.context.cache.DefaultCacheAwareContextLoaderDelegate - Retrieved ApplicationContext [1895143699] from cache with key [[MergedContextConfiguration@1921ad94 testClass = TeamServiceTest, locations = '{}', classes = '{class org.waldreg.teambuilding.team.management.DefaultTeamManager}', contextInitializerClasses = '[]', activeProfiles = '{}', propertySourceLocations = '{}', propertySourceProperties = '{}', contextCustomizers = set[org.springframework.boot.test.autoconfigure.actuate.metrics.MetricsExportContextCustomizerFactory$DisableMetricExportContextCustomizer@481ba2cf, org.springframework.boot.test.autoconfigure.properties.PropertyMappingContextCustomizer@0, org.springframework.boot.test.autoconfigure.web.servlet.WebDriverContextCustomizerFactory$Customizer@1fa1cab1, org.springframework.boot.test.context.filter.ExcludeFilterContextCustomizer@31ff43be, org.springframework.boot.test.json.DuplicateJsonObjectContextCustomizerFactory$DuplicateJsonObjectContextCustomizer@132e0cc, org.springframework.boot.test.mock.mockito.MockitoContextCustomizer@5816ffdf], contextLoader = 'org.springframework.test.context.support.DelegatingSmartContextLoader', parent = [null]]]
23:36:59.799 [Test worker] DEBUG org.springframework.test.context.cache - Spring test ApplicationContext cache statistics: [DefaultContextCache@2c768ada size = 1, maxSize = 32, parentContextCount = 0, hitCount = 47, missCount = 1]
23:36:59.799 [Test worker] DEBUG org.springframework.test.context.support.AbstractDirtiesContextTestExecutionListener - After test method: context [DefaultTestContext@10cf09e8 testClass = TeamServiceTest, testInstance = org.waldreg.team.TeamServiceTest@149c3204, testMethod = CREATE_NEW_TEAM_IN_TEAM_BUILDING_FAIL_CAUSE_UNKNOWN_USER_ID_TEST@TeamServiceTest, testException = [null], mergedContextConfiguration = [MergedContextConfiguration@1921ad94 testClass = TeamServiceTest, locations = '{}', classes = '{class org.waldreg.teambuilding.team.management.DefaultTeamManager}', contextInitializerClasses = '[]', activeProfiles = '{}', propertySourceLocations = '{}', propertySourceProperties = '{}', contextCustomizers = set[org.springframework.boot.test.autoconfigure.actuate.metrics.MetricsExportContextCustomizerFactory$DisableMetricExportContextCustomizer@481ba2cf, org.springframework.boot.test.autoconfigure.properties.PropertyMappingContextCustomizer@0, org.springframework.boot.test.autoconfigure.web.servlet.WebDriverContextCustomizerFactory$Customizer@1fa1cab1, org.springframework.boot.test.context.filter.ExcludeFilterContextCustomizer@31ff43be, org.springframework.boot.test.json.DuplicateJsonObjectContextCustomizerFactory$DuplicateJsonObjectContextCustomizer@132e0cc, org.springframework.boot.test.mock.mockito.MockitoContextCustomizer@5816ffdf], contextLoader = 'org.springframework.test.context.support.DelegatingSmartContextLoader', parent = [null]], attributes = map['org.springframework.test.context.event.ApplicationEventsTestExecutionListener.recordApplicationEvents' -> false]], class annotated with @DirtiesContext [false] with mode [null], method annotated with @DirtiesContext [false] with mode [null].
23:36:59.800 [Test worker] DEBUG org.springframework.test.context.cache.DefaultCacheAwareContextLoaderDelegate - Retrieved ApplicationContext [1895143699] from cache with key [[MergedContextConfiguration@1921ad94 testClass = TeamServiceTest, locations = '{}', classes = '{class org.waldreg.teambuilding.team.management.DefaultTeamManager}', contextInitializerClasses = '[]', activeProfiles = '{}', propertySourceLocations = '{}', propertySourceProperties = '{}', contextCustomizers = set[org.springframework.boot.test.autoconfigure.actuate.metrics.MetricsExportContextCustomizerFactory$DisableMetricExportContextCustomizer@481ba2cf, org.springframework.boot.test.autoconfigure.properties.PropertyMappingContextCustomizer@0, org.springframework.boot.test.autoconfigure.web.servlet.WebDriverContextCustomizerFactory$Customizer@1fa1cab1, org.springframework.boot.test.context.filter.ExcludeFilterContextCustomizer@31ff43be, org.springframework.boot.test.json.DuplicateJsonObjectContextCustomizerFactory$DuplicateJsonObjectContextCustomizer@132e0cc, org.springframework.boot.test.mock.mockito.MockitoContextCustomizer@5816ffdf], contextLoader = 'org.springframework.test.context.support.DelegatingSmartContextLoader', parent = [null]]]
23:36:59.800 [Test worker] DEBUG org.springframework.test.context.cache - Spring test ApplicationContext cache statistics: [DefaultContextCache@2c768ada size = 1, maxSize = 32, parentContextCount = 0, hitCount = 48, missCount = 1]
23:36:59.800 [Test worker] DEBUG org.springframework.test.context.support.DependencyInjectionTestExecutionListener - Performing dependency injection for test context [[DefaultTestContext@10cf09e8 testClass = TeamServiceTest, testInstance = org.waldreg.team.TeamServiceTest@1846579f, testMethod = [null], testException = [null], mergedContextConfiguration = [MergedContextConfiguration@1921ad94 testClass = TeamServiceTest, locations = '{}', classes = '{class org.waldreg.teambuilding.team.management.DefaultTeamManager}', contextInitializerClasses = '[]', activeProfiles = '{}', propertySourceLocations = '{}', propertySourceProperties = '{}', contextCustomizers = set[org.springframework.boot.test.autoconfigure.actuate.metrics.MetricsExportContextCustomizerFactory$DisableMetricExportContextCustomizer@481ba2cf, org.springframework.boot.test.autoconfigure.properties.PropertyMappingContextCustomizer@0, org.springframework.boot.test.autoconfigure.web.servlet.WebDriverContextCustomizerFactory$Customizer@1fa1cab1, org.springframework.boot.test.context.filter.ExcludeFilterContextCustomizer@31ff43be, org.springframework.boot.test.json.DuplicateJsonObjectContextCustomizerFactory$DuplicateJsonObjectContextCustomizer@132e0cc, org.springframework.boot.test.mock.mockito.MockitoContextCustomizer@5816ffdf], contextLoader = 'org.springframework.test.context.support.DelegatingSmartContextLoader', parent = [null]], attributes = map['org.springframework.test.context.event.ApplicationEventsTestExecutionListener.recordApplicationEvents' -> false]]].
23:36:59.800 [Test worker] DEBUG org.springframework.test.context.cache.DefaultCacheAwareContextLoaderDelegate - Retrieved ApplicationContext [1895143699] from cache with key [[MergedContextConfiguration@1921ad94 testClass = TeamServiceTest, locations = '{}', classes = '{class org.waldreg.teambuilding.team.management.DefaultTeamManager}', contextInitializerClasses = '[]', activeProfiles = '{}', propertySourceLocations = '{}', propertySourceProperties = '{}', contextCustomizers = set[org.springframework.boot.test.autoconfigure.actuate.metrics.MetricsExportContextCustomizerFactory$DisableMetricExportContextCustomizer@481ba2cf, org.springframework.boot.test.autoconfigure.properties.PropertyMappingContextCustomizer@0, org.springframework.boot.test.autoconfigure.web.servlet.WebDriverContextCustomizerFactory$Customizer@1fa1cab1, org.springframework.boot.test.context.filter.ExcludeFilterContextCustomizer@31ff43be, org.springframework.boot.test.json.DuplicateJsonObjectContextCustomizerFactory$DuplicateJsonObjectContextCustomizer@132e0cc, org.springframework.boot.test.mock.mockito.MockitoContextCustomizer@5816ffdf], contextLoader = 'org.springframework.test.context.support.DelegatingSmartContextLoader', parent = [null]]]
23:36:59.800 [Test worker] DEBUG org.springframework.test.context.cache - Spring test ApplicationContext cache statistics: [DefaultContextCache@2c768ada size = 1, maxSize = 32, parentContextCount = 0, hitCount = 49, missCount = 1]
23:36:59.800 [Test worker] DEBUG org.springframework.test.context.cache.DefaultCacheAwareContextLoaderDelegate - Retrieved ApplicationContext [1895143699] from cache with key [[MergedContextConfiguration@1921ad94 testClass = TeamServiceTest, locations = '{}', classes = '{class org.waldreg.teambuilding.team.management.DefaultTeamManager}', contextInitializerClasses = '[]', activeProfiles = '{}', propertySourceLocations = '{}', propertySourceProperties = '{}', contextCustomizers = set[org.springframework.boot.test.autoconfigure.actuate.metrics.MetricsExportContextCustomizerFactory$DisableMetricExportContextCustomizer@481ba2cf, org.springframework.boot.test.autoconfigure.properties.PropertyMappingContextCustomizer@0, org.springframework.boot.test.autoconfigure.web.servlet.WebDriverContextCustomizerFactory$Customizer@1fa1cab1, org.springframework.boot.test.context.filter.ExcludeFilterContextCustomizer@31ff43be, org.springframework.boot.test.json.DuplicateJsonObjectContextCustomizerFactory$DuplicateJsonObjectContextCustomizer@132e0cc, org.springframework.boot.test.mock.mockito.MockitoContextCustomizer@5816ffdf], contextLoader = 'org.springframework.test.context.support.DelegatingSmartContextLoader', parent = [null]]]
23:36:59.800 [Test worker] DEBUG org.springframework.test.context.cache - Spring test ApplicationContext cache statistics: [DefaultContextCache@2c768ada size = 1, maxSize = 32, parentContextCount = 0, hitCount = 50, missCount = 1]
23:36:59.800 [Test worker] DEBUG org.springframework.test.context.support.AbstractDirtiesContextTestExecutionListener - Before test method: context [DefaultTestContext@10cf09e8 testClass = TeamServiceTest, testInstance = org.waldreg.team.TeamServiceTest@1846579f, testMethod = CREATE_NEW_TEAM_IN_TEAM_BUILDING_FAIL_CAUSE_USER_ALREADY_IN_TEAM_TEST@TeamServiceTest, testException = [null], mergedContextConfiguration = [MergedContextConfiguration@1921ad94 testClass = TeamServiceTest, locations = '{}', classes = '{class org.waldreg.teambuilding.team.management.DefaultTeamManager}', contextInitializerClasses = '[]', activeProfiles = '{}', propertySourceLocations = '{}', propertySourceProperties = '{}', contextCustomizers = set[org.springframework.boot.test.autoconfigure.actuate.metrics.MetricsExportContextCustomizerFactory$DisableMetricExportContextCustomizer@481ba2cf, org.springframework.boot.test.autoconfigure.properties.PropertyMappingContextCustomizer@0, org.springframework.boot.test.autoconfigure.web.servlet.WebDriverContextCustomizerFactory$Customizer@1fa1cab1, org.springframework.boot.test.context.filter.ExcludeFilterContextCustomizer@31ff43be, org.springframework.boot.test.json.DuplicateJsonObjectContextCustomizerFactory$DuplicateJsonObjectContextCustomizer@132e0cc, org.springframework.boot.test.mock.mockito.MockitoContextCustomizer@5816ffdf], contextLoader = 'org.springframework.test.context.support.DelegatingSmartContextLoader', parent = [null]], attributes = map['org.springframework.test.context.event.ApplicationEventsTestExecutionListener.recordApplicationEvents' -> false]], class annotated with @DirtiesContext [false] with mode [null], method annotated with @DirtiesContext [false] with mode [null].
23:36:59.800 [Test worker] DEBUG org.springframework.test.context.cache.DefaultCacheAwareContextLoaderDelegate - Retrieved ApplicationContext [1895143699] from cache with key [[MergedContextConfiguration@1921ad94 testClass = TeamServiceTest, locations = '{}', classes = '{class org.waldreg.teambuilding.team.management.DefaultTeamManager}', contextInitializerClasses = '[]', activeProfiles = '{}', propertySourceLocations = '{}', propertySourceProperties = '{}', contextCustomizers = set[org.springframework.boot.test.autoconfigure.actuate.metrics.MetricsExportContextCustomizerFactory$DisableMetricExportContextCustomizer@481ba2cf, org.springframework.boot.test.autoconfigure.properties.PropertyMappingContextCustomizer@0, org.springframework.boot.test.autoconfigure.web.servlet.WebDriverContextCustomizerFactory$Customizer@1fa1cab1, org.springframework.boot.test.context.filter.ExcludeFilterContextCustomizer@31ff43be, org.springframework.boot.test.json.DuplicateJsonObjectContextCustomizerFactory$DuplicateJsonObjectContextCustomizer@132e0cc, org.springframework.boot.test.mock.mockito.MockitoContextCustomizer@5816ffdf], contextLoader = 'org.springframework.test.context.support.DelegatingSmartContextLoader', parent = [null]]]
23:36:59.800 [Test worker] DEBUG org.springframework.test.context.cache - Spring test ApplicationContext cache statistics: [DefaultContextCache@2c768ada size = 1, maxSize = 32, parentContextCount = 0, hitCount = 51, missCount = 1]
23:36:59.800 [Test worker] DEBUG org.springframework.test.context.cache.DefaultCacheAwareContextLoaderDelegate - Retrieved ApplicationContext [1895143699] from cache with key [[MergedContextConfiguration@1921ad94 testClass = TeamServiceTest, locations = '{}', classes = '{class org.waldreg.teambuilding.team.management.DefaultTeamManager}', contextInitializerClasses = '[]', activeProfiles = '{}', propertySourceLocations = '{}', propertySourceProperties = '{}', contextCustomizers = set[org.springframework.boot.test.autoconfigure.actuate.metrics.MetricsExportContextCustomizerFactory$DisableMetricExportContextCustomizer@481ba2cf, org.springframework.boot.test.autoconfigure.properties.PropertyMappingContextCustomizer@0, org.springframework.boot.test.autoconfigure.web.servlet.WebDriverContextCustomizerFactory$Customizer@1fa1cab1, org.springframework.boot.test.context.filter.ExcludeFilterContextCustomizer@31ff43be, org.springframework.boot.test.json.DuplicateJsonObjectContextCustomizerFactory$DuplicateJsonObjectContextCustomizer@132e0cc, org.springframework.boot.test.mock.mockito.MockitoContextCustomizer@5816ffdf], contextLoader = 'org.springframework.test.context.support.DelegatingSmartContextLoader', parent = [null]]]
23:36:59.801 [Test worker] DEBUG org.springframework.test.context.cache - Spring test ApplicationContext cache statistics: [DefaultContextCache@2c768ada size = 1, maxSize = 32, parentContextCount = 0, hitCount = 52, missCount = 1]
23:36:59.801 [Test worker] DEBUG org.springframework.test.context.cache.DefaultCacheAwareContextLoaderDelegate - Retrieved ApplicationContext [1895143699] from cache with key [[MergedContextConfiguration@1921ad94 testClass = TeamServiceTest, locations = '{}', classes = '{class org.waldreg.teambuilding.team.management.DefaultTeamManager}', contextInitializerClasses = '[]', activeProfiles = '{}', propertySourceLocations = '{}', propertySourceProperties = '{}', contextCustomizers = set[org.springframework.boot.test.autoconfigure.actuate.metrics.MetricsExportContextCustomizerFactory$DisableMetricExportContextCustomizer@481ba2cf, org.springframework.boot.test.autoconfigure.properties.PropertyMappingContextCustomizer@0, org.springframework.boot.test.autoconfigure.web.servlet.WebDriverContextCustomizerFactory$Customizer@1fa1cab1, org.springframework.boot.test.context.filter.ExcludeFilterContextCustomizer@31ff43be, org.springframework.boot.test.json.DuplicateJsonObjectContextCustomizerFactory$DuplicateJsonObjectContextCustomizer@132e0cc, org.springframework.boot.test.mock.mockito.MockitoContextCustomizer@5816ffdf], contextLoader = 'org.springframework.test.context.support.DelegatingSmartContextLoader', parent = [null]]]
23:36:59.801 [Test worker] DEBUG org.springframework.test.context.cache - Spring test ApplicationContext cache statistics: [DefaultContextCache@2c768ada size = 1, maxSize = 32, parentContextCount = 0, hitCount = 53, missCount = 1]
23:36:59.802 [Test worker] DEBUG org.springframework.test.context.cache.DefaultCacheAwareContextLoaderDelegate - Retrieved ApplicationContext [1895143699] from cache with key [[MergedContextConfiguration@1921ad94 testClass = TeamServiceTest, locations = '{}', classes = '{class org.waldreg.teambuilding.team.management.DefaultTeamManager}', contextInitializerClasses = '[]', activeProfiles = '{}', propertySourceLocations = '{}', propertySourceProperties = '{}', contextCustomizers = set[org.springframework.boot.test.autoconfigure.actuate.metrics.MetricsExportContextCustomizerFactory$DisableMetricExportContextCustomizer@481ba2cf, org.springframework.boot.test.autoconfigure.properties.PropertyMappingContextCustomizer@0, org.springframework.boot.test.autoconfigure.web.servlet.WebDriverContextCustomizerFactory$Customizer@1fa1cab1, org.springframework.boot.test.context.filter.ExcludeFilterContextCustomizer@31ff43be, org.springframework.boot.test.json.DuplicateJsonObjectContextCustomizerFactory$DuplicateJsonObjectContextCustomizer@132e0cc, org.springframework.boot.test.mock.mockito.MockitoContextCustomizer@5816ffdf], contextLoader = 'org.springframework.test.context.support.DelegatingSmartContextLoader', parent = [null]]]
23:36:59.802 [Test worker] DEBUG org.springframework.test.context.cache - Spring test ApplicationContext cache statistics: [DefaultContextCache@2c768ada size = 1, maxSize = 32, parentContextCount = 0, hitCount = 54, missCount = 1]
23:36:59.802 [Test worker] DEBUG org.springframework.test.context.cache.DefaultCacheAwareContextLoaderDelegate - Retrieved ApplicationContext [1895143699] from cache with key [[MergedContextConfiguration@1921ad94 testClass = TeamServiceTest, locations = '{}', classes = '{class org.waldreg.teambuilding.team.management.DefaultTeamManager}', contextInitializerClasses = '[]', activeProfiles = '{}', propertySourceLocations = '{}', propertySourceProperties = '{}', contextCustomizers = set[org.springframework.boot.test.autoconfigure.actuate.metrics.MetricsExportContextCustomizerFactory$DisableMetricExportContextCustomizer@481ba2cf, org.springframework.boot.test.autoconfigure.properties.PropertyMappingContextCustomizer@0, org.springframework.boot.test.autoconfigure.web.servlet.WebDriverContextCustomizerFactory$Customizer@1fa1cab1, org.springframework.boot.test.context.filter.ExcludeFilterContextCustomizer@31ff43be, org.springframework.boot.test.json.DuplicateJsonObjectContextCustomizerFactory$DuplicateJsonObjectContextCustomizer@132e0cc, org.springframework.boot.test.mock.mockito.MockitoContextCustomizer@5816ffdf], contextLoader = 'org.springframework.test.context.support.DelegatingSmartContextLoader', parent = [null]]]
23:36:59.802 [Test worker] DEBUG org.springframework.test.context.cache - Spring test ApplicationContext cache statistics: [DefaultContextCache@2c768ada size = 1, maxSize = 32, parentContextCount = 0, hitCount = 55, missCount = 1]
23:36:59.802 [Test worker] DEBUG org.springframework.test.context.cache.DefaultCacheAwareContextLoaderDelegate - Retrieved ApplicationContext [1895143699] from cache with key [[MergedContextConfiguration@1921ad94 testClass = TeamServiceTest, locations = '{}', classes = '{class org.waldreg.teambuilding.team.management.DefaultTeamManager}', contextInitializerClasses = '[]', activeProfiles = '{}', propertySourceLocations = '{}', propertySourceProperties = '{}', contextCustomizers = set[org.springframework.boot.test.autoconfigure.actuate.metrics.MetricsExportContextCustomizerFactory$DisableMetricExportContextCustomizer@481ba2cf, org.springframework.boot.test.autoconfigure.properties.PropertyMappingContextCustomizer@0, org.springframework.boot.test.autoconfigure.web.servlet.WebDriverContextCustomizerFactory$Customizer@1fa1cab1, org.springframework.boot.test.context.filter.ExcludeFilterContextCustomizer@31ff43be, org.springframework.boot.test.json.DuplicateJsonObjectContextCustomizerFactory$DuplicateJsonObjectContextCustomizer@132e0cc, org.springframework.boot.test.mock.mockito.MockitoContextCustomizer@5816ffdf], contextLoader = 'org.springframework.test.context.support.DelegatingSmartContextLoader', parent = [null]]]
23:36:59.802 [Test worker] DEBUG org.springframework.test.context.cache - Spring test ApplicationContext cache statistics: [DefaultContextCache@2c768ada size = 1, maxSize = 32, parentContextCount = 0, hitCount = 56, missCount = 1]
23:36:59.802 [Test worker] DEBUG org.springframework.test.context.cache.DefaultCacheAwareContextLoaderDelegate - Retrieved ApplicationContext [1895143699] from cache with key [[MergedContextConfiguration@1921ad94 testClass = TeamServiceTest, locations = '{}', classes = '{class org.waldreg.teambuilding.team.management.DefaultTeamManager}', contextInitializerClasses = '[]', activeProfiles = '{}', propertySourceLocations = '{}', propertySourceProperties = '{}', contextCustomizers = set[org.springframework.boot.test.autoconfigure.actuate.metrics.MetricsExportContextCustomizerFactory$DisableMetricExportContextCustomizer@481ba2cf, org.springframework.boot.test.autoconfigure.properties.PropertyMappingContextCustomizer@0, org.springframework.boot.test.autoconfigure.web.servlet.WebDriverContextCustomizerFactory$Customizer@1fa1cab1, org.springframework.boot.test.context.filter.ExcludeFilterContextCustomizer@31ff43be, org.springframework.boot.test.json.DuplicateJsonObjectContextCustomizerFactory$DuplicateJsonObjectContextCustomizer@132e0cc, org.springframework.boot.test.mock.mockito.MockitoContextCustomizer@5816ffdf], contextLoader = 'org.springframework.test.context.support.DelegatingSmartContextLoader', parent = [null]]]
23:36:59.802 [Test worker] DEBUG org.springframework.test.context.cache - Spring test ApplicationContext cache statistics: [DefaultContextCache@2c768ada size = 1, maxSize = 32, parentContextCount = 0, hitCount = 57, missCount = 1]
23:36:59.802 [Test worker] DEBUG org.springframework.test.context.cache.DefaultCacheAwareContextLoaderDelegate - Retrieved ApplicationContext [1895143699] from cache with key [[MergedContextConfiguration@1921ad94 testClass = TeamServiceTest, locations = '{}', classes = '{class org.waldreg.teambuilding.team.management.DefaultTeamManager}', contextInitializerClasses = '[]', activeProfiles = '{}', propertySourceLocations = '{}', propertySourceProperties = '{}', contextCustomizers = set[org.springframework.boot.test.autoconfigure.actuate.metrics.MetricsExportContextCustomizerFactory$DisableMetricExportContextCustomizer@481ba2cf, org.springframework.boot.test.autoconfigure.properties.PropertyMappingContextCustomizer@0, org.springframework.boot.test.autoconfigure.web.servlet.WebDriverContextCustomizerFactory$Customizer@1fa1cab1, org.springframework.boot.test.context.filter.ExcludeFilterContextCustomizer@31ff43be, org.springframework.boot.test.json.DuplicateJsonObjectContextCustomizerFactory$DuplicateJsonObjectContextCustomizer@132e0cc, org.springframework.boot.test.mock.mockito.MockitoContextCustomizer@5816ffdf], contextLoader = 'org.springframework.test.context.support.DelegatingSmartContextLoader', parent = [null]]]
23:36:59.802 [Test worker] DEBUG org.springframework.test.context.cache - Spring test ApplicationContext cache statistics: [DefaultContextCache@2c768ada size = 1, maxSize = 32, parentContextCount = 0, hitCount = 58, missCount = 1]
23:36:59.802 [Test worker] DEBUG org.springframework.test.context.cache.DefaultCacheAwareContextLoaderDelegate - Retrieved ApplicationContext [1895143699] from cache with key [[MergedContextConfiguration@1921ad94 testClass = TeamServiceTest, locations = '{}', classes = '{class org.waldreg.teambuilding.team.management.DefaultTeamManager}', contextInitializerClasses = '[]', activeProfiles = '{}', propertySourceLocations = '{}', propertySourceProperties = '{}', contextCustomizers = set[org.springframework.boot.test.autoconfigure.actuate.metrics.MetricsExportContextCustomizerFactory$DisableMetricExportContextCustomizer@481ba2cf, org.springframework.boot.test.autoconfigure.properties.PropertyMappingContextCustomizer@0, org.springframework.boot.test.autoconfigure.web.servlet.WebDriverContextCustomizerFactory$Customizer@1fa1cab1, org.springframework.boot.test.context.filter.ExcludeFilterContextCustomizer@31ff43be, org.springframework.boot.test.json.DuplicateJsonObjectContextCustomizerFactory$DuplicateJsonObjectContextCustomizer@132e0cc, org.springframework.boot.test.mock.mockito.MockitoContextCustomizer@5816ffdf], contextLoader = 'org.springframework.test.context.support.DelegatingSmartContextLoader', parent = [null]]]
23:36:59.802 [Test worker] DEBUG org.springframework.test.context.cache - Spring test ApplicationContext cache statistics: [DefaultContextCache@2c768ada size = 1, maxSize = 32, parentContextCount = 0, hitCount = 59, missCount = 1]
23:36:59.802 [Test worker] DEBUG org.springframework.test.context.support.AbstractDirtiesContextTestExecutionListener - After test method: context [DefaultTestContext@10cf09e8 testClass = TeamServiceTest, testInstance = org.waldreg.team.TeamServiceTest@1846579f, testMethod = CREATE_NEW_TEAM_IN_TEAM_BUILDING_FAIL_CAUSE_USER_ALREADY_IN_TEAM_TEST@TeamServiceTest, testException = [null], mergedContextConfiguration = [MergedContextConfiguration@1921ad94 testClass = TeamServiceTest, locations = '{}', classes = '{class org.waldreg.teambuilding.team.management.DefaultTeamManager}', contextInitializerClasses = '[]', activeProfiles = '{}', propertySourceLocations = '{}', propertySourceProperties = '{}', contextCustomizers = set[org.springframework.boot.test.autoconfigure.actuate.metrics.MetricsExportContextCustomizerFactory$DisableMetricExportContextCustomizer@481ba2cf, org.springframework.boot.test.autoconfigure.properties.PropertyMappingContextCustomizer@0, org.springframework.boot.test.autoconfigure.web.servlet.WebDriverContextCustomizerFactory$Customizer@1fa1cab1, org.springframework.boot.test.context.filter.ExcludeFilterContextCustomizer@31ff43be, org.springframework.boot.test.json.DuplicateJsonObjectContextCustomizerFactory$DuplicateJsonObjectContextCustomizer@132e0cc, org.springframework.boot.test.mock.mockito.MockitoContextCustomizer@5816ffdf], contextLoader = 'org.springframework.test.context.support.DelegatingSmartContextLoader', parent = [null]], attributes = map['org.springframework.test.context.event.ApplicationEventsTestExecutionListener.recordApplicationEvents' -> false]], class annotated with @DirtiesContext [false] with mode [null], method annotated with @DirtiesContext [false] with mode [null].
23:36:59.803 [Test worker] DEBUG org.springframework.test.context.cache.DefaultCacheAwareContextLoaderDelegate - Retrieved ApplicationContext [1895143699] from cache with key [[MergedContextConfiguration@1921ad94 testClass = TeamServiceTest, locations = '{}', classes = '{class org.waldreg.teambuilding.team.management.DefaultTeamManager}', contextInitializerClasses = '[]', activeProfiles = '{}', propertySourceLocations = '{}', propertySourceProperties = '{}', contextCustomizers = set[org.springframework.boot.test.autoconfigure.actuate.metrics.MetricsExportContextCustomizerFactory$DisableMetricExportContextCustomizer@481ba2cf, org.springframework.boot.test.autoconfigure.properties.PropertyMappingContextCustomizer@0, org.springframework.boot.test.autoconfigure.web.servlet.WebDriverContextCustomizerFactory$Customizer@1fa1cab1, org.springframework.boot.test.context.filter.ExcludeFilterContextCustomizer@31ff43be, org.springframework.boot.test.json.DuplicateJsonObjectContextCustomizerFactory$DuplicateJsonObjectContextCustomizer@132e0cc, org.springframework.boot.test.mock.mockito.MockitoContextCustomizer@5816ffdf], contextLoader = 'org.springframework.test.context.support.DelegatingSmartContextLoader', parent = [null]]]
23:36:59.803 [Test worker] DEBUG org.springframework.test.context.cache - Spring test ApplicationContext cache statistics: [DefaultContextCache@2c768ada size = 1, maxSize = 32, parentContextCount = 0, hitCount = 60, missCount = 1]
23:36:59.803 [Test worker] DEBUG org.springframework.test.context.support.DependencyInjectionTestExecutionListener - Performing dependency injection for test context [[DefaultTestContext@10cf09e8 testClass = TeamServiceTest, testInstance = org.waldreg.team.TeamServiceTest@75fc1992, testMethod = [null], testException = [null], mergedContextConfiguration = [MergedContextConfiguration@1921ad94 testClass = TeamServiceTest, locations = '{}', classes = '{class org.waldreg.teambuilding.team.management.DefaultTeamManager}', contextInitializerClasses = '[]', activeProfiles = '{}', propertySourceLocations = '{}', propertySourceProperties = '{}', contextCustomizers = set[org.springframework.boot.test.autoconfigure.actuate.metrics.MetricsExportContextCustomizerFactory$DisableMetricExportContextCustomizer@481ba2cf, org.springframework.boot.test.autoconfigure.properties.PropertyMappingContextCustomizer@0, org.springframework.boot.test.autoconfigure.web.servlet.WebDriverContextCustomizerFactory$Customizer@1fa1cab1, org.springframework.boot.test.context.filter.ExcludeFilterContextCustomizer@31ff43be, org.springframework.boot.test.json.DuplicateJsonObjectContextCustomizerFactory$DuplicateJsonObjectContextCustomizer@132e0cc, org.springframework.boot.test.mock.mockito.MockitoContextCustomizer@5816ffdf], contextLoader = 'org.springframework.test.context.support.DelegatingSmartContextLoader', parent = [null]], attributes = map['org.springframework.test.context.event.ApplicationEventsTestExecutionListener.recordApplicationEvents' -> false]]].
23:36:59.803 [Test worker] DEBUG org.springframework.test.context.cache.DefaultCacheAwareContextLoaderDelegate - Retrieved ApplicationContext [1895143699] from cache with key [[MergedContextConfiguration@1921ad94 testClass = TeamServiceTest, locations = '{}', classes = '{class org.waldreg.teambuilding.team.management.DefaultTeamManager}', contextInitializerClasses = '[]', activeProfiles = '{}', propertySourceLocations = '{}', propertySourceProperties = '{}', contextCustomizers = set[org.springframework.boot.test.autoconfigure.actuate.metrics.MetricsExportContextCustomizerFactory$DisableMetricExportContextCustomizer@481ba2cf, org.springframework.boot.test.autoconfigure.properties.PropertyMappingContextCustomizer@0, org.springframework.boot.test.autoconfigure.web.servlet.WebDriverContextCustomizerFactory$Customizer@1fa1cab1, org.springframework.boot.test.context.filter.ExcludeFilterContextCustomizer@31ff43be, org.springframework.boot.test.json.DuplicateJsonObjectContextCustomizerFactory$DuplicateJsonObjectContextCustomizer@132e0cc, org.springframework.boot.test.mock.mockito.MockitoContextCustomizer@5816ffdf], contextLoader = 'org.springframework.test.context.support.DelegatingSmartContextLoader', parent = [null]]]
23:36:59.803 [Test worker] DEBUG org.springframework.test.context.cache - Spring test ApplicationContext cache statistics: [DefaultContextCache@2c768ada size = 1, maxSize = 32, parentContextCount = 0, hitCount = 61, missCount = 1]
23:36:59.803 [Test worker] DEBUG org.springframework.test.context.cache.DefaultCacheAwareContextLoaderDelegate - Retrieved ApplicationContext [1895143699] from cache with key [[MergedContextConfiguration@1921ad94 testClass = TeamServiceTest, locations = '{}', classes = '{class org.waldreg.teambuilding.team.management.DefaultTeamManager}', contextInitializerClasses = '[]', activeProfiles = '{}', propertySourceLocations = '{}', propertySourceProperties = '{}', contextCustomizers = set[org.springframework.boot.test.autoconfigure.actuate.metrics.MetricsExportContextCustomizerFactory$DisableMetricExportContextCustomizer@481ba2cf, org.springframework.boot.test.autoconfigure.properties.PropertyMappingContextCustomizer@0, org.springframework.boot.test.autoconfigure.web.servlet.WebDriverContextCustomizerFactory$Customizer@1fa1cab1, org.springframework.boot.test.context.filter.ExcludeFilterContextCustomizer@31ff43be, org.springframework.boot.test.json.DuplicateJsonObjectContextCustomizerFactory$DuplicateJsonObjectContextCustomizer@132e0cc, org.springframework.boot.test.mock.mockito.MockitoContextCustomizer@5816ffdf], contextLoader = 'org.springframework.test.context.support.DelegatingSmartContextLoader', parent = [null]]]
23:36:59.803 [Test worker] DEBUG org.springframework.test.context.cache - Spring test ApplicationContext cache statistics: [DefaultContextCache@2c768ada size = 1, maxSize = 32, parentContextCount = 0, hitCount = 62, missCount = 1]
23:36:59.804 [Test worker] DEBUG org.springframework.test.context.support.AbstractDirtiesContextTestExecutionListener - Before test method: context [DefaultTestContext@10cf09e8 testClass = TeamServiceTest, testInstance = org.waldreg.team.TeamServiceTest@75fc1992, testMethod = MODIFY_TEAM_IN_TEAM_BUILDING_FAIL_CAUSE_DUPLICATED_TEAM_NAME_TEST@TeamServiceTest, testException = [null], mergedContextConfiguration = [MergedContextConfiguration@1921ad94 testClass = TeamServiceTest, locations = '{}', classes = '{class org.waldreg.teambuilding.team.management.DefaultTeamManager}', contextInitializerClasses = '[]', activeProfiles = '{}', propertySourceLocations = '{}', propertySourceProperties = '{}', contextCustomizers = set[org.springframework.boot.test.autoconfigure.actuate.metrics.MetricsExportContextCustomizerFactory$DisableMetricExportContextCustomizer@481ba2cf, org.springframework.boot.test.autoconfigure.properties.PropertyMappingContextCustomizer@0, org.springframework.boot.test.autoconfigure.web.servlet.WebDriverContextCustomizerFactory$Customizer@1fa1cab1, org.springframework.boot.test.context.filter.ExcludeFilterContextCustomizer@31ff43be, org.springframework.boot.test.json.DuplicateJsonObjectContextCustomizerFactory$DuplicateJsonObjectContextCustomizer@132e0cc, org.springframework.boot.test.mock.mockito.MockitoContextCustomizer@5816ffdf], contextLoader = 'org.springframework.test.context.support.DelegatingSmartContextLoader', parent = [null]], attributes = map['org.springframework.test.context.event.ApplicationEventsTestExecutionListener.recordApplicationEvents' -> false]], class annotated with @DirtiesContext [false] with mode [null], method annotated with @DirtiesContext [false] with mode [null].
23:36:59.804 [Test worker] DEBUG org.springframework.test.context.cache.DefaultCacheAwareContextLoaderDelegate - Retrieved ApplicationContext [1895143699] from cache with key [[MergedContextConfiguration@1921ad94 testClass = TeamServiceTest, locations = '{}', classes = '{class org.waldreg.teambuilding.team.management.DefaultTeamManager}', contextInitializerClasses = '[]', activeProfiles = '{}', propertySourceLocations = '{}', propertySourceProperties = '{}', contextCustomizers = set[org.springframework.boot.test.autoconfigure.actuate.metrics.MetricsExportContextCustomizerFactory$DisableMetricExportContextCustomizer@481ba2cf, org.springframework.boot.test.autoconfigure.properties.PropertyMappingContextCustomizer@0, org.springframework.boot.test.autoconfigure.web.servlet.WebDriverContextCustomizerFactory$Customizer@1fa1cab1, org.springframework.boot.test.context.filter.ExcludeFilterContextCustomizer@31ff43be, org.springframework.boot.test.json.DuplicateJsonObjectContextCustomizerFactory$DuplicateJsonObjectContextCustomizer@132e0cc, org.springframework.boot.test.mock.mockito.MockitoContextCustomizer@5816ffdf], contextLoader = 'org.springframework.test.context.support.DelegatingSmartContextLoader', parent = [null]]]
23:36:59.804 [Test worker] DEBUG org.springframework.test.context.cache - Spring test ApplicationContext cache statistics: [DefaultContextCache@2c768ada size = 1, maxSize = 32, parentContextCount = 0, hitCount = 63, missCount = 1]
23:36:59.804 [Test worker] DEBUG org.springframework.test.context.cache.DefaultCacheAwareContextLoaderDelegate - Retrieved ApplicationContext [1895143699] from cache with key [[MergedContextConfiguration@1921ad94 testClass = TeamServiceTest, locations = '{}', classes = '{class org.waldreg.teambuilding.team.management.DefaultTeamManager}', contextInitializerClasses = '[]', activeProfiles = '{}', propertySourceLocations = '{}', propertySourceProperties = '{}', contextCustomizers = set[org.springframework.boot.test.autoconfigure.actuate.metrics.MetricsExportContextCustomizerFactory$DisableMetricExportContextCustomizer@481ba2cf, org.springframework.boot.test.autoconfigure.properties.PropertyMappingContextCustomizer@0, org.springframework.boot.test.autoconfigure.web.servlet.WebDriverContextCustomizerFactory$Customizer@1fa1cab1, org.springframework.boot.test.context.filter.ExcludeFilterContextCustomizer@31ff43be, org.springframework.boot.test.json.DuplicateJsonObjectContextCustomizerFactory$DuplicateJsonObjectContextCustomizer@132e0cc, org.springframework.boot.test.mock.mockito.MockitoContextCustomizer@5816ffdf], contextLoader = 'org.springframework.test.context.support.DelegatingSmartContextLoader', parent = [null]]]
23:36:59.804 [Test worker] DEBUG org.springframework.test.context.cache - Spring test ApplicationContext cache statistics: [DefaultContextCache@2c768ada size = 1, maxSize = 32, parentContextCount = 0, hitCount = 64, missCount = 1]
23:36:59.804 [Test worker] DEBUG org.springframework.test.context.cache.DefaultCacheAwareContextLoaderDelegate - Retrieved ApplicationContext [1895143699] from cache with key [[MergedContextConfiguration@1921ad94 testClass = TeamServiceTest, locations = '{}', classes = '{class org.waldreg.teambuilding.team.management.DefaultTeamManager}', contextInitializerClasses = '[]', activeProfiles = '{}', propertySourceLocations = '{}', propertySourceProperties = '{}', contextCustomizers = set[org.springframework.boot.test.autoconfigure.actuate.metrics.MetricsExportContextCustomizerFactory$DisableMetricExportContextCustomizer@481ba2cf, org.springframework.boot.test.autoconfigure.properties.PropertyMappingContextCustomizer@0, org.springframework.boot.test.autoconfigure.web.servlet.WebDriverContextCustomizerFactory$Customizer@1fa1cab1, org.springframework.boot.test.context.filter.ExcludeFilterContextCustomizer@31ff43be, org.springframework.boot.test.json.DuplicateJsonObjectContextCustomizerFactory$DuplicateJsonObjectContextCustomizer@132e0cc, org.springframework.boot.test.mock.mockito.MockitoContextCustomizer@5816ffdf], contextLoader = 'org.springframework.test.context.support.DelegatingSmartContextLoader', parent = [null]]]
23:36:59.804 [Test worker] DEBUG org.springframework.test.context.cache - Spring test ApplicationContext cache statistics: [DefaultContextCache@2c768ada size = 1, maxSize = 32, parentContextCount = 0, hitCount = 65, missCount = 1]
23:36:59.805 [Test worker] DEBUG org.springframework.test.context.cache.DefaultCacheAwareContextLoaderDelegate - Retrieved ApplicationContext [1895143699] from cache with key [[MergedContextConfiguration@1921ad94 testClass = TeamServiceTest, locations = '{}', classes = '{class org.waldreg.teambuilding.team.management.DefaultTeamManager}', contextInitializerClasses = '[]', activeProfiles = '{}', propertySourceLocations = '{}', propertySourceProperties = '{}', contextCustomizers = set[org.springframework.boot.test.autoconfigure.actuate.metrics.MetricsExportContextCustomizerFactory$DisableMetricExportContextCustomizer@481ba2cf, org.springframework.boot.test.autoconfigure.properties.PropertyMappingContextCustomizer@0, org.springframework.boot.test.autoconfigure.web.servlet.WebDriverContextCustomizerFactory$Customizer@1fa1cab1, org.springframework.boot.test.context.filter.ExcludeFilterContextCustomizer@31ff43be, org.springframework.boot.test.json.DuplicateJsonObjectContextCustomizerFactory$DuplicateJsonObjectContextCustomizer@132e0cc, org.springframework.boot.test.mock.mockito.MockitoContextCustomizer@5816ffdf], contextLoader = 'org.springframework.test.context.support.DelegatingSmartContextLoader', parent = [null]]]
23:36:59.805 [Test worker] DEBUG org.springframework.test.context.cache - Spring test ApplicationContext cache statistics: [DefaultContextCache@2c768ada size = 1, maxSize = 32, parentContextCount = 0, hitCount = 66, missCount = 1]
23:36:59.805 [Test worker] DEBUG org.springframework.test.context.cache.DefaultCacheAwareContextLoaderDelegate - Retrieved ApplicationContext [1895143699] from cache with key [[MergedContextConfiguration@1921ad94 testClass = TeamServiceTest, locations = '{}', classes = '{class org.waldreg.teambuilding.team.management.DefaultTeamManager}', contextInitializerClasses = '[]', activeProfiles = '{}', propertySourceLocations = '{}', propertySourceProperties = '{}', contextCustomizers = set[org.springframework.boot.test.autoconfigure.actuate.metrics.MetricsExportContextCustomizerFactory$DisableMetricExportContextCustomizer@481ba2cf, org.springframework.boot.test.autoconfigure.properties.PropertyMappingContextCustomizer@0, org.springframework.boot.test.autoconfigure.web.servlet.WebDriverContextCustomizerFactory$Customizer@1fa1cab1, org.springframework.boot.test.context.filter.ExcludeFilterContextCustomizer@31ff43be, org.springframework.boot.test.json.DuplicateJsonObjectContextCustomizerFactory$DuplicateJsonObjectContextCustomizer@132e0cc, org.springframework.boot.test.mock.mockito.MockitoContextCustomizer@5816ffdf], contextLoader = 'org.springframework.test.context.support.DelegatingSmartContextLoader', parent = [null]]]
23:36:59.805 [Test worker] DEBUG org.springframework.test.context.cache - Spring test ApplicationContext cache statistics: [DefaultContextCache@2c768ada size = 1, maxSize = 32, parentContextCount = 0, hitCount = 67, missCount = 1]
23:36:59.805 [Test worker] DEBUG org.springframework.test.context.cache.DefaultCacheAwareContextLoaderDelegate - Retrieved ApplicationContext [1895143699] from cache with key [[MergedContextConfiguration@1921ad94 testClass = TeamServiceTest, locations = '{}', classes = '{class org.waldreg.teambuilding.team.management.DefaultTeamManager}', contextInitializerClasses = '[]', activeProfiles = '{}', propertySourceLocations = '{}', propertySourceProperties = '{}', contextCustomizers = set[org.springframework.boot.test.autoconfigure.actuate.metrics.MetricsExportContextCustomizerFactory$DisableMetricExportContextCustomizer@481ba2cf, org.springframework.boot.test.autoconfigure.properties.PropertyMappingContextCustomizer@0, org.springframework.boot.test.autoconfigure.web.servlet.WebDriverContextCustomizerFactory$Customizer@1fa1cab1, org.springframework.boot.test.context.filter.ExcludeFilterContextCustomizer@31ff43be, org.springframework.boot.test.json.DuplicateJsonObjectContextCustomizerFactory$DuplicateJsonObjectContextCustomizer@132e0cc, org.springframework.boot.test.mock.mockito.MockitoContextCustomizer@5816ffdf], contextLoader = 'org.springframework.test.context.support.DelegatingSmartContextLoader', parent = [null]]]
23:36:59.805 [Test worker] DEBUG org.springframework.test.context.cache - Spring test ApplicationContext cache statistics: [DefaultContextCache@2c768ada size = 1, maxSize = 32, parentContextCount = 0, hitCount = 68, missCount = 1]
23:36:59.805 [Test worker] DEBUG org.springframework.test.context.cache.DefaultCacheAwareContextLoaderDelegate - Retrieved ApplicationContext [1895143699] from cache with key [[MergedContextConfiguration@1921ad94 testClass = TeamServiceTest, locations = '{}', classes = '{class org.waldreg.teambuilding.team.management.DefaultTeamManager}', contextInitializerClasses = '[]', activeProfiles = '{}', propertySourceLocations = '{}', propertySourceProperties = '{}', contextCustomizers = set[org.springframework.boot.test.autoconfigure.actuate.metrics.MetricsExportContextCustomizerFactory$DisableMetricExportContextCustomizer@481ba2cf, org.springframework.boot.test.autoconfigure.properties.PropertyMappingContextCustomizer@0, org.springframework.boot.test.autoconfigure.web.servlet.WebDriverContextCustomizerFactory$Customizer@1fa1cab1, org.springframework.boot.test.context.filter.ExcludeFilterContextCustomizer@31ff43be, org.springframework.boot.test.json.DuplicateJsonObjectContextCustomizerFactory$DuplicateJsonObjectContextCustomizer@132e0cc, org.springframework.boot.test.mock.mockito.MockitoContextCustomizer@5816ffdf], contextLoader = 'org.springframework.test.context.support.DelegatingSmartContextLoader', parent = [null]]]
23:36:59.805 [Test worker] DEBUG org.springframework.test.context.cache - Spring test ApplicationContext cache statistics: [DefaultContextCache@2c768ada size = 1, maxSize = 32, parentContextCount = 0, hitCount = 69, missCount = 1]
23:36:59.805 [Test worker] DEBUG org.springframework.test.context.cache.DefaultCacheAwareContextLoaderDelegate - Retrieved ApplicationContext [1895143699] from cache with key [[MergedContextConfiguration@1921ad94 testClass = TeamServiceTest, locations = '{}', classes = '{class org.waldreg.teambuilding.team.management.DefaultTeamManager}', contextInitializerClasses = '[]', activeProfiles = '{}', propertySourceLocations = '{}', propertySourceProperties = '{}', contextCustomizers = set[org.springframework.boot.test.autoconfigure.actuate.metrics.MetricsExportContextCustomizerFactory$DisableMetricExportContextCustomizer@481ba2cf, org.springframework.boot.test.autoconfigure.properties.PropertyMappingContextCustomizer@0, org.springframework.boot.test.autoconfigure.web.servlet.WebDriverContextCustomizerFactory$Customizer@1fa1cab1, org.springframework.boot.test.context.filter.ExcludeFilterContextCustomizer@31ff43be, org.springframework.boot.test.json.DuplicateJsonObjectContextCustomizerFactory$DuplicateJsonObjectContextCustomizer@132e0cc, org.springframework.boot.test.mock.mockito.MockitoContextCustomizer@5816ffdf], contextLoader = 'org.springframework.test.context.support.DelegatingSmartContextLoader', parent = [null]]]
23:36:59.805 [Test worker] DEBUG org.springframework.test.context.cache - Spring test ApplicationContext cache statistics: [DefaultContextCache@2c768ada size = 1, maxSize = 32, parentContextCount = 0, hitCount = 70, missCount = 1]
23:36:59.806 [Test worker] DEBUG org.springframework.test.context.cache.DefaultCacheAwareContextLoaderDelegate - Retrieved ApplicationContext [1895143699] from cache with key [[MergedContextConfiguration@1921ad94 testClass = TeamServiceTest, locations = '{}', classes = '{class org.waldreg.teambuilding.team.management.DefaultTeamManager}', contextInitializerClasses = '[]', activeProfiles = '{}', propertySourceLocations = '{}', propertySourceProperties = '{}', contextCustomizers = set[org.springframework.boot.test.autoconfigure.actuate.metrics.MetricsExportContextCustomizerFactory$DisableMetricExportContextCustomizer@481ba2cf, org.springframework.boot.test.autoconfigure.properties.PropertyMappingContextCustomizer@0, org.springframework.boot.test.autoconfigure.web.servlet.WebDriverContextCustomizerFactory$Customizer@1fa1cab1, org.springframework.boot.test.context.filter.ExcludeFilterContextCustomizer@31ff43be, org.springframework.boot.test.json.DuplicateJsonObjectContextCustomizerFactory$DuplicateJsonObjectContextCustomizer@132e0cc, org.springframework.boot.test.mock.mockito.MockitoContextCustomizer@5816ffdf], contextLoader = 'org.springframework.test.context.support.DelegatingSmartContextLoader', parent = [null]]]
23:36:59.806 [Test worker] DEBUG org.springframework.test.context.cache - Spring test ApplicationContext cache statistics: [DefaultContextCache@2c768ada size = 1, maxSize = 32, parentContextCount = 0, hitCount = 71, missCount = 1]
23:36:59.806 [Test worker] DEBUG org.springframework.test.context.support.AbstractDirtiesContextTestExecutionListener - After test method: context [DefaultTestContext@10cf09e8 testClass = TeamServiceTest, testInstance = org.waldreg.team.TeamServiceTest@75fc1992, testMethod = MODIFY_TEAM_IN_TEAM_BUILDING_FAIL_CAUSE_DUPLICATED_TEAM_NAME_TEST@TeamServiceTest, testException = [null], mergedContextConfiguration = [MergedContextConfiguration@1921ad94 testClass = TeamServiceTest, locations = '{}', classes = '{class org.waldreg.teambuilding.team.management.DefaultTeamManager}', contextInitializerClasses = '[]', activeProfiles = '{}', propertySourceLocations = '{}', propertySourceProperties = '{}', contextCustomizers = set[org.springframework.boot.test.autoconfigure.actuate.metrics.MetricsExportContextCustomizerFactory$DisableMetricExportContextCustomizer@481ba2cf, org.springframework.boot.test.autoconfigure.properties.PropertyMappingContextCustomizer@0, org.springframework.boot.test.autoconfigure.web.servlet.WebDriverContextCustomizerFactory$Customizer@1fa1cab1, org.springframework.boot.test.context.filter.ExcludeFilterContextCustomizer@31ff43be, org.springframework.boot.test.json.DuplicateJsonObjectContextCustomizerFactory$DuplicateJsonObjectContextCustomizer@132e0cc, org.springframework.boot.test.mock.mockito.MockitoContextCustomizer@5816ffdf], contextLoader = 'org.springframework.test.context.support.DelegatingSmartContextLoader', parent = [null]], attributes = map['org.springframework.test.context.event.ApplicationEventsTestExecutionListener.recordApplicationEvents' -> false]], class annotated with @DirtiesContext [false] with mode [null], method annotated with @DirtiesContext [false] with mode [null].
23:36:59.806 [Test worker] DEBUG org.springframework.test.context.cache.DefaultCacheAwareContextLoaderDelegate - Retrieved ApplicationContext [1895143699] from cache with key [[MergedContextConfiguration@1921ad94 testClass = TeamServiceTest, locations = '{}', classes = '{class org.waldreg.teambuilding.team.management.DefaultTeamManager}', contextInitializerClasses = '[]', activeProfiles = '{}', propertySourceLocations = '{}', propertySourceProperties = '{}', contextCustomizers = set[org.springframework.boot.test.autoconfigure.actuate.metrics.MetricsExportContextCustomizerFactory$DisableMetricExportContextCustomizer@481ba2cf, org.springframework.boot.test.autoconfigure.properties.PropertyMappingContextCustomizer@0, org.springframework.boot.test.autoconfigure.web.servlet.WebDriverContextCustomizerFactory$Customizer@1fa1cab1, org.springframework.boot.test.context.filter.ExcludeFilterContextCustomizer@31ff43be, org.springframework.boot.test.json.DuplicateJsonObjectContextCustomizerFactory$DuplicateJsonObjectContextCustomizer@132e0cc, org.springframework.boot.test.mock.mockito.MockitoContextCustomizer@5816ffdf], contextLoader = 'org.springframework.test.context.support.DelegatingSmartContextLoader', parent = [null]]]
23:36:59.806 [Test worker] DEBUG org.springframework.test.context.cache - Spring test ApplicationContext cache statistics: [DefaultContextCache@2c768ada size = 1, maxSize = 32, parentContextCount = 0, hitCount = 72, missCount = 1]
23:36:59.806 [Test worker] DEBUG org.springframework.test.context.support.DependencyInjectionTestExecutionListener - Performing dependency injection for test context [[DefaultTestContext@10cf09e8 testClass = TeamServiceTest, testInstance = org.waldreg.team.TeamServiceTest@129bd55d, testMethod = [null], testException = [null], mergedContextConfiguration = [MergedContextConfiguration@1921ad94 testClass = TeamServiceTest, locations = '{}', classes = '{class org.waldreg.teambuilding.team.management.DefaultTeamManager}', contextInitializerClasses = '[]', activeProfiles = '{}', propertySourceLocations = '{}', propertySourceProperties = '{}', contextCustomizers = set[org.springframework.boot.test.autoconfigure.actuate.metrics.MetricsExportContextCustomizerFactory$DisableMetricExportContextCustomizer@481ba2cf, org.springframework.boot.test.autoconfigure.properties.PropertyMappingContextCustomizer@0, org.springframework.boot.test.autoconfigure.web.servlet.WebDriverContextCustomizerFactory$Customizer@1fa1cab1, org.springframework.boot.test.context.filter.ExcludeFilterContextCustomizer@31ff43be, org.springframework.boot.test.json.DuplicateJsonObjectContextCustomizerFactory$DuplicateJsonObjectContextCustomizer@132e0cc, org.springframework.boot.test.mock.mockito.MockitoContextCustomizer@5816ffdf], contextLoader = 'org.springframework.test.context.support.DelegatingSmartContextLoader', parent = [null]], attributes = map['org.springframework.test.context.event.ApplicationEventsTestExecutionListener.recordApplicationEvents' -> false]]].
23:36:59.806 [Test worker] DEBUG org.springframework.test.context.cache.DefaultCacheAwareContextLoaderDelegate - Retrieved ApplicationContext [1895143699] from cache with key [[MergedContextConfiguration@1921ad94 testClass = TeamServiceTest, locations = '{}', classes = '{class org.waldreg.teambuilding.team.management.DefaultTeamManager}', contextInitializerClasses = '[]', activeProfiles = '{}', propertySourceLocations = '{}', propertySourceProperties = '{}', contextCustomizers = set[org.springframework.boot.test.autoconfigure.actuate.metrics.MetricsExportContextCustomizerFactory$DisableMetricExportContextCustomizer@481ba2cf, org.springframework.boot.test.autoconfigure.properties.PropertyMappingContextCustomizer@0, org.springframework.boot.test.autoconfigure.web.servlet.WebDriverContextCustomizerFactory$Customizer@1fa1cab1, org.springframework.boot.test.context.filter.ExcludeFilterContextCustomizer@31ff43be, org.springframework.boot.test.json.DuplicateJsonObjectContextCustomizerFactory$DuplicateJsonObjectContextCustomizer@132e0cc, org.springframework.boot.test.mock.mockito.MockitoContextCustomizer@5816ffdf], contextLoader = 'org.springframework.test.context.support.DelegatingSmartContextLoader', parent = [null]]]
23:36:59.806 [Test worker] DEBUG org.springframework.test.context.cache - Spring test ApplicationContext cache statistics: [DefaultContextCache@2c768ada size = 1, maxSize = 32, parentContextCount = 0, hitCount = 73, missCount = 1]
23:36:59.806 [Test worker] DEBUG org.springframework.test.context.cache.DefaultCacheAwareContextLoaderDelegate - Retrieved ApplicationContext [1895143699] from cache with key [[MergedContextConfiguration@1921ad94 testClass = TeamServiceTest, locations = '{}', classes = '{class org.waldreg.teambuilding.team.management.DefaultTeamManager}', contextInitializerClasses = '[]', activeProfiles = '{}', propertySourceLocations = '{}', propertySourceProperties = '{}', contextCustomizers = set[org.springframework.boot.test.autoconfigure.actuate.metrics.MetricsExportContextCustomizerFactory$DisableMetricExportContextCustomizer@481ba2cf, org.springframework.boot.test.autoconfigure.properties.PropertyMappingContextCustomizer@0, org.springframework.boot.test.autoconfigure.web.servlet.WebDriverContextCustomizerFactory$Customizer@1fa1cab1, org.springframework.boot.test.context.filter.ExcludeFilterContextCustomizer@31ff43be, org.springframework.boot.test.json.DuplicateJsonObjectContextCustomizerFactory$DuplicateJsonObjectContextCustomizer@132e0cc, org.springframework.boot.test.mock.mockito.MockitoContextCustomizer@5816ffdf], contextLoader = 'org.springframework.test.context.support.DelegatingSmartContextLoader', parent = [null]]]
23:36:59.807 [Test worker] DEBUG org.springframework.test.context.cache - Spring test ApplicationContext cache statistics: [DefaultContextCache@2c768ada size = 1, maxSize = 32, parentContextCount = 0, hitCount = 74, missCount = 1]
23:36:59.807 [Test worker] DEBUG org.springframework.test.context.support.AbstractDirtiesContextTestExecutionListener - Before test method: context [DefaultTestContext@10cf09e8 testClass = TeamServiceTest, testInstance = org.waldreg.team.TeamServiceTest@129bd55d, testMethod = MODIFY_TEAM_IN_TEAM_BUILDING_FAIL_CAUSE_USER_ALREADY_IN_OTHER_TEAM_TEST@TeamServiceTest, testException = [null], mergedContextConfiguration = [MergedContextConfiguration@1921ad94 testClass = TeamServiceTest, locations = '{}', classes = '{class org.waldreg.teambuilding.team.management.DefaultTeamManager}', contextInitializerClasses = '[]', activeProfiles = '{}', propertySourceLocations = '{}', propertySourceProperties = '{}', contextCustomizers = set[org.springframework.boot.test.autoconfigure.actuate.metrics.MetricsExportContextCustomizerFactory$DisableMetricExportContextCustomizer@481ba2cf, org.springframework.boot.test.autoconfigure.properties.PropertyMappingContextCustomizer@0, org.springframework.boot.test.autoconfigure.web.servlet.WebDriverContextCustomizerFactory$Customizer@1fa1cab1, org.springframework.boot.test.context.filter.ExcludeFilterContextCustomizer@31ff43be, org.springframework.boot.test.json.DuplicateJsonObjectContextCustomizerFactory$DuplicateJsonObjectContextCustomizer@132e0cc, org.springframework.boot.test.mock.mockito.MockitoContextCustomizer@5816ffdf], contextLoader = 'org.springframework.test.context.support.DelegatingSmartContextLoader', parent = [null]], attributes = map['org.springframework.test.context.event.ApplicationEventsTestExecutionListener.recordApplicationEvents' -> false]], class annotated with @DirtiesContext [false] with mode [null], method annotated with @DirtiesContext [false] with mode [null].
23:36:59.807 [Test worker] DEBUG org.springframework.test.context.cache.DefaultCacheAwareContextLoaderDelegate - Retrieved ApplicationContext [1895143699] from cache with key [[MergedContextConfiguration@1921ad94 testClass = TeamServiceTest, locations = '{}', classes = '{class org.waldreg.teambuilding.team.management.DefaultTeamManager}', contextInitializerClasses = '[]', activeProfiles = '{}', propertySourceLocations = '{}', propertySourceProperties = '{}', contextCustomizers = set[org.springframework.boot.test.autoconfigure.actuate.metrics.MetricsExportContextCustomizerFactory$DisableMetricExportContextCustomizer@481ba2cf, org.springframework.boot.test.autoconfigure.properties.PropertyMappingContextCustomizer@0, org.springframework.boot.test.autoconfigure.web.servlet.WebDriverContextCustomizerFactory$Customizer@1fa1cab1, org.springframework.boot.test.context.filter.ExcludeFilterContextCustomizer@31ff43be, org.springframework.boot.test.json.DuplicateJsonObjectContextCustomizerFactory$DuplicateJsonObjectContextCustomizer@132e0cc, org.springframework.boot.test.mock.mockito.MockitoContextCustomizer@5816ffdf], contextLoader = 'org.springframework.test.context.support.DelegatingSmartContextLoader', parent = [null]]]
23:36:59.807 [Test worker] DEBUG org.springframework.test.context.cache - Spring test ApplicationContext cache statistics: [DefaultContextCache@2c768ada size = 1, maxSize = 32, parentContextCount = 0, hitCount = 75, missCount = 1]
23:36:59.807 [Test worker] DEBUG org.springframework.test.context.cache.DefaultCacheAwareContextLoaderDelegate - Retrieved ApplicationContext [1895143699] from cache with key [[MergedContextConfiguration@1921ad94 testClass = TeamServiceTest, locations = '{}', classes = '{class org.waldreg.teambuilding.team.management.DefaultTeamManager}', contextInitializerClasses = '[]', activeProfiles = '{}', propertySourceLocations = '{}', propertySourceProperties = '{}', contextCustomizers = set[org.springframework.boot.test.autoconfigure.actuate.metrics.MetricsExportContextCustomizerFactory$DisableMetricExportContextCustomizer@481ba2cf, org.springframework.boot.test.autoconfigure.properties.PropertyMappingContextCustomizer@0, org.springframework.boot.test.autoconfigure.web.servlet.WebDriverContextCustomizerFactory$Customizer@1fa1cab1, org.springframework.boot.test.context.filter.ExcludeFilterContextCustomizer@31ff43be, org.springframework.boot.test.json.DuplicateJsonObjectContextCustomizerFactory$DuplicateJsonObjectContextCustomizer@132e0cc, org.springframework.boot.test.mock.mockito.MockitoContextCustomizer@5816ffdf], contextLoader = 'org.springframework.test.context.support.DelegatingSmartContextLoader', parent = [null]]]
23:36:59.807 [Test worker] DEBUG org.springframework.test.context.cache - Spring test ApplicationContext cache statistics: [DefaultContextCache@2c768ada size = 1, maxSize = 32, parentContextCount = 0, hitCount = 76, missCount = 1]
23:36:59.807 [Test worker] DEBUG org.springframework.test.context.cache.DefaultCacheAwareContextLoaderDelegate - Retrieved ApplicationContext [1895143699] from cache with key [[MergedContextConfiguration@1921ad94 testClass = TeamServiceTest, locations = '{}', classes = '{class org.waldreg.teambuilding.team.management.DefaultTeamManager}', contextInitializerClasses = '[]', activeProfiles = '{}', propertySourceLocations = '{}', propertySourceProperties = '{}', contextCustomizers = set[org.springframework.boot.test.autoconfigure.actuate.metrics.MetricsExportContextCustomizerFactory$DisableMetricExportContextCustomizer@481ba2cf, org.springframework.boot.test.autoconfigure.properties.PropertyMappingContextCustomizer@0, org.springframework.boot.test.autoconfigure.web.servlet.WebDriverContextCustomizerFactory$Customizer@1fa1cab1, org.springframework.boot.test.context.filter.ExcludeFilterContextCustomizer@31ff43be, org.springframework.boot.test.json.DuplicateJsonObjectContextCustomizerFactory$DuplicateJsonObjectContextCustomizer@132e0cc, org.springframework.boot.test.mock.mockito.MockitoContextCustomizer@5816ffdf], contextLoader = 'org.springframework.test.context.support.DelegatingSmartContextLoader', parent = [null]]]
23:36:59.807 [Test worker] DEBUG org.springframework.test.context.cache - Spring test ApplicationContext cache statistics: [DefaultContextCache@2c768ada size = 1, maxSize = 32, parentContextCount = 0, hitCount = 77, missCount = 1]
23:36:59.808 [Test worker] DEBUG org.springframework.test.context.cache.DefaultCacheAwareContextLoaderDelegate - Retrieved ApplicationContext [1895143699] from cache with key [[MergedContextConfiguration@1921ad94 testClass = TeamServiceTest, locations = '{}', classes = '{class org.waldreg.teambuilding.team.management.DefaultTeamManager}', contextInitializerClasses = '[]', activeProfiles = '{}', propertySourceLocations = '{}', propertySourceProperties = '{}', contextCustomizers = set[org.springframework.boot.test.autoconfigure.actuate.metrics.MetricsExportContextCustomizerFactory$DisableMetricExportContextCustomizer@481ba2cf, org.springframework.boot.test.autoconfigure.properties.PropertyMappingContextCustomizer@0, org.springframework.boot.test.autoconfigure.web.servlet.WebDriverContextCustomizerFactory$Customizer@1fa1cab1, org.springframework.boot.test.context.filter.ExcludeFilterContextCustomizer@31ff43be, org.springframework.boot.test.json.DuplicateJsonObjectContextCustomizerFactory$DuplicateJsonObjectContextCustomizer@132e0cc, org.springframework.boot.test.mock.mockito.MockitoContextCustomizer@5816ffdf], contextLoader = 'org.springframework.test.context.support.DelegatingSmartContextLoader', parent = [null]]]
23:36:59.808 [Test worker] DEBUG org.springframework.test.context.cache - Spring test ApplicationContext cache statistics: [DefaultContextCache@2c768ada size = 1, maxSize = 32, parentContextCount = 0, hitCount = 78, missCount = 1]
23:36:59.808 [Test worker] DEBUG org.springframework.test.context.cache.DefaultCacheAwareContextLoaderDelegate - Retrieved ApplicationContext [1895143699] from cache with key [[MergedContextConfiguration@1921ad94 testClass = TeamServiceTest, locations = '{}', classes = '{class org.waldreg.teambuilding.team.management.DefaultTeamManager}', contextInitializerClasses = '[]', activeProfiles = '{}', propertySourceLocations = '{}', propertySourceProperties = '{}', contextCustomizers = set[org.springframework.boot.test.autoconfigure.actuate.metrics.MetricsExportContextCustomizerFactory$DisableMetricExportContextCustomizer@481ba2cf, org.springframework.boot.test.autoconfigure.properties.PropertyMappingContextCustomizer@0, org.springframework.boot.test.autoconfigure.web.servlet.WebDriverContextCustomizerFactory$Customizer@1fa1cab1, org.springframework.boot.test.context.filter.ExcludeFilterContextCustomizer@31ff43be, org.springframework.boot.test.json.DuplicateJsonObjectContextCustomizerFactory$DuplicateJsonObjectContextCustomizer@132e0cc, org.springframework.boot.test.mock.mockito.MockitoContextCustomizer@5816ffdf], contextLoader = 'org.springframework.test.context.support.DelegatingSmartContextLoader', parent = [null]]]
23:36:59.809 [Test worker] DEBUG org.springframework.test.context.cache - Spring test ApplicationContext cache statistics: [DefaultContextCache@2c768ada size = 1, maxSize = 32, parentContextCount = 0, hitCount = 79, missCount = 1]
23:36:59.809 [Test worker] DEBUG org.springframework.test.context.cache.DefaultCacheAwareContextLoaderDelegate - Retrieved ApplicationContext [1895143699] from cache with key [[MergedContextConfiguration@1921ad94 testClass = TeamServiceTest, locations = '{}', classes = '{class org.waldreg.teambuilding.team.management.DefaultTeamManager}', contextInitializerClasses = '[]', activeProfiles = '{}', propertySourceLocations = '{}', propertySourceProperties = '{}', contextCustomizers = set[org.springframework.boot.test.autoconfigure.actuate.metrics.MetricsExportContextCustomizerFactory$DisableMetricExportContextCustomizer@481ba2cf, org.springframework.boot.test.autoconfigure.properties.PropertyMappingContextCustomizer@0, org.springframework.boot.test.autoconfigure.web.servlet.WebDriverContextCustomizerFactory$Customizer@1fa1cab1, org.springframework.boot.test.context.filter.ExcludeFilterContextCustomizer@31ff43be, org.springframework.boot.test.json.DuplicateJsonObjectContextCustomizerFactory$DuplicateJsonObjectContextCustomizer@132e0cc, org.springframework.boot.test.mock.mockito.MockitoContextCustomizer@5816ffdf], contextLoader = 'org.springframework.test.context.support.DelegatingSmartContextLoader', parent = [null]]]
23:36:59.809 [Test worker] DEBUG org.springframework.test.context.cache - Spring test ApplicationContext cache statistics: [DefaultContextCache@2c768ada size = 1, maxSize = 32, parentContextCount = 0, hitCount = 80, missCount = 1]
23:36:59.809 [Test worker] DEBUG org.springframework.test.context.cache.DefaultCacheAwareContextLoaderDelegate - Retrieved ApplicationContext [1895143699] from cache with key [[MergedContextConfiguration@1921ad94 testClass = TeamServiceTest, locations = '{}', classes = '{class org.waldreg.teambuilding.team.management.DefaultTeamManager}', contextInitializerClasses = '[]', activeProfiles = '{}', propertySourceLocations = '{}', propertySourceProperties = '{}', contextCustomizers = set[org.springframework.boot.test.autoconfigure.actuate.metrics.MetricsExportContextCustomizerFactory$DisableMetricExportContextCustomizer@481ba2cf, org.springframework.boot.test.autoconfigure.properties.PropertyMappingContextCustomizer@0, org.springframework.boot.test.autoconfigure.web.servlet.WebDriverContextCustomizerFactory$Customizer@1fa1cab1, org.springframework.boot.test.context.filter.ExcludeFilterContextCustomizer@31ff43be, org.springframework.boot.test.json.DuplicateJsonObjectContextCustomizerFactory$DuplicateJsonObjectContextCustomizer@132e0cc, org.springframework.boot.test.mock.mockito.MockitoContextCustomizer@5816ffdf], contextLoader = 'org.springframework.test.context.support.DelegatingSmartContextLoader', parent = [null]]]
23:36:59.809 [Test worker] DEBUG org.springframework.test.context.cache - Spring test ApplicationContext cache statistics: [DefaultContextCache@2c768ada size = 1, maxSize = 32, parentContextCount = 0, hitCount = 81, missCount = 1]
23:36:59.809 [Test worker] DEBUG org.springframework.test.context.cache.DefaultCacheAwareContextLoaderDelegate - Retrieved ApplicationContext [1895143699] from cache with key [[MergedContextConfiguration@1921ad94 testClass = TeamServiceTest, locations = '{}', classes = '{class org.waldreg.teambuilding.team.management.DefaultTeamManager}', contextInitializerClasses = '[]', activeProfiles = '{}', propertySourceLocations = '{}', propertySourceProperties = '{}', contextCustomizers = set[org.springframework.boot.test.autoconfigure.actuate.metrics.MetricsExportContextCustomizerFactory$DisableMetricExportContextCustomizer@481ba2cf, org.springframework.boot.test.autoconfigure.properties.PropertyMappingContextCustomizer@0, org.springframework.boot.test.autoconfigure.web.servlet.WebDriverContextCustomizerFactory$Customizer@1fa1cab1, org.springframework.boot.test.context.filter.ExcludeFilterContextCustomizer@31ff43be, org.springframework.boot.test.json.DuplicateJsonObjectContextCustomizerFactory$DuplicateJsonObjectContextCustomizer@132e0cc, org.springframework.boot.test.mock.mockito.MockitoContextCustomizer@5816ffdf], contextLoader = 'org.springframework.test.context.support.DelegatingSmartContextLoader', parent = [null]]]
23:36:59.809 [Test worker] DEBUG org.springframework.test.context.cache - Spring test ApplicationContext cache statistics: [DefaultContextCache@2c768ada size = 1, maxSize = 32, parentContextCount = 0, hitCount = 82, missCount = 1]
23:36:59.809 [Test worker] DEBUG org.springframework.test.context.cache.DefaultCacheAwareContextLoaderDelegate - Retrieved ApplicationContext [1895143699] from cache with key [[MergedContextConfiguration@1921ad94 testClass = TeamServiceTest, locations = '{}', classes = '{class org.waldreg.teambuilding.team.management.DefaultTeamManager}', contextInitializerClasses = '[]', activeProfiles = '{}', propertySourceLocations = '{}', propertySourceProperties = '{}', contextCustomizers = set[org.springframework.boot.test.autoconfigure.actuate.metrics.MetricsExportContextCustomizerFactory$DisableMetricExportContextCustomizer@481ba2cf, org.springframework.boot.test.autoconfigure.properties.PropertyMappingContextCustomizer@0, org.springframework.boot.test.autoconfigure.web.servlet.WebDriverContextCustomizerFactory$Customizer@1fa1cab1, org.springframework.boot.test.context.filter.ExcludeFilterContextCustomizer@31ff43be, org.springframework.boot.test.json.DuplicateJsonObjectContextCustomizerFactory$DuplicateJsonObjectContextCustomizer@132e0cc, org.springframework.boot.test.mock.mockito.MockitoContextCustomizer@5816ffdf], contextLoader = 'org.springframework.test.context.support.DelegatingSmartContextLoader', parent = [null]]]
23:36:59.809 [Test worker] DEBUG org.springframework.test.context.cache - Spring test ApplicationContext cache statistics: [DefaultContextCache@2c768ada size = 1, maxSize = 32, parentContextCount = 0, hitCount = 83, missCount = 1]
23:36:59.809 [Test worker] DEBUG org.springframework.test.context.support.AbstractDirtiesContextTestExecutionListener - After test method: context [DefaultTestContext@10cf09e8 testClass = TeamServiceTest, testInstance = org.waldreg.team.TeamServiceTest@129bd55d, testMethod = MODIFY_TEAM_IN_TEAM_BUILDING_FAIL_CAUSE_USER_ALREADY_IN_OTHER_TEAM_TEST@TeamServiceTest, testException = [null], mergedContextConfiguration = [MergedContextConfiguration@1921ad94 testClass = TeamServiceTest, locations = '{}', classes = '{class org.waldreg.teambuilding.team.management.DefaultTeamManager}', contextInitializerClasses = '[]', activeProfiles = '{}', propertySourceLocations = '{}', propertySourceProperties = '{}', contextCustomizers = set[org.springframework.boot.test.autoconfigure.actuate.metrics.MetricsExportContextCustomizerFactory$DisableMetricExportContextCustomizer@481ba2cf, org.springframework.boot.test.autoconfigure.properties.PropertyMappingContextCustomizer@0, org.springframework.boot.test.autoconfigure.web.servlet.WebDriverContextCustomizerFactory$Customizer@1fa1cab1, org.springframework.boot.test.context.filter.ExcludeFilterContextCustomizer@31ff43be, org.springframework.boot.test.json.DuplicateJsonObjectContextCustomizerFactory$DuplicateJsonObjectContextCustomizer@132e0cc, org.springframework.boot.test.mock.mockito.MockitoContextCustomizer@5816ffdf], contextLoader = 'org.springframework.test.context.support.DelegatingSmartContextLoader', parent = [null]], attributes = map['org.springframework.test.context.event.ApplicationEventsTestExecutionListener.recordApplicationEvents' -> false]], class annotated with @DirtiesContext [false] with mode [null], method annotated with @DirtiesContext [false] with mode [null].
23:36:59.810 [Test worker] DEBUG org.springframework.test.context.cache.DefaultCacheAwareContextLoaderDelegate - Retrieved ApplicationContext [1895143699] from cache with key [[MergedContextConfiguration@1921ad94 testClass = TeamServiceTest, locations = '{}', classes = '{class org.waldreg.teambuilding.team.management.DefaultTeamManager}', contextInitializerClasses = '[]', activeProfiles = '{}', propertySourceLocations = '{}', propertySourceProperties = '{}', contextCustomizers = set[org.springframework.boot.test.autoconfigure.actuate.metrics.MetricsExportContextCustomizerFactory$DisableMetricExportContextCustomizer@481ba2cf, org.springframework.boot.test.autoconfigure.properties.PropertyMappingContextCustomizer@0, org.springframework.boot.test.autoconfigure.web.servlet.WebDriverContextCustomizerFactory$Customizer@1fa1cab1, org.springframework.boot.test.context.filter.ExcludeFilterContextCustomizer@31ff43be, org.springframework.boot.test.json.DuplicateJsonObjectContextCustomizerFactory$DuplicateJsonObjectContextCustomizer@132e0cc, org.springframework.boot.test.mock.mockito.MockitoContextCustomizer@5816ffdf], contextLoader = 'org.springframework.test.context.support.DelegatingSmartContextLoader', parent = [null]]]
23:36:59.810 [Test worker] DEBUG org.springframework.test.context.cache - Spring test ApplicationContext cache statistics: [DefaultContextCache@2c768ada size = 1, maxSize = 32, parentContextCount = 0, hitCount = 84, missCount = 1]
23:36:59.810 [Test worker] DEBUG org.springframework.test.context.support.DependencyInjectionTestExecutionListener - Performing dependency injection for test context [[DefaultTestContext@10cf09e8 testClass = TeamServiceTest, testInstance = org.waldreg.team.TeamServiceTest@3abfe845, testMethod = [null], testException = [null], mergedContextConfiguration = [MergedContextConfiguration@1921ad94 testClass = TeamServiceTest, locations = '{}', classes = '{class org.waldreg.teambuilding.team.management.DefaultTeamManager}', contextInitializerClasses = '[]', activeProfiles = '{}', propertySourceLocations = '{}', propertySourceProperties = '{}', contextCustomizers = set[org.springframework.boot.test.autoconfigure.actuate.metrics.MetricsExportContextCustomizerFactory$DisableMetricExportContextCustomizer@481ba2cf, org.springframework.boot.test.autoconfigure.properties.PropertyMappingContextCustomizer@0, org.springframework.boot.test.autoconfigure.web.servlet.WebDriverContextCustomizerFactory$Customizer@1fa1cab1, org.springframework.boot.test.context.filter.ExcludeFilterContextCustomizer@31ff43be, org.springframework.boot.test.json.DuplicateJsonObjectContextCustomizerFactory$DuplicateJsonObjectContextCustomizer@132e0cc, org.springframework.boot.test.mock.mockito.MockitoContextCustomizer@5816ffdf], contextLoader = 'org.springframework.test.context.support.DelegatingSmartContextLoader', parent = [null]], attributes = map['org.springframework.test.context.event.ApplicationEventsTestExecutionListener.recordApplicationEvents' -> false]]].
23:36:59.810 [Test worker] DEBUG org.springframework.test.context.cache.DefaultCacheAwareContextLoaderDelegate - Retrieved ApplicationContext [1895143699] from cache with key [[MergedContextConfiguration@1921ad94 testClass = TeamServiceTest, locations = '{}', classes = '{class org.waldreg.teambuilding.team.management.DefaultTeamManager}', contextInitializerClasses = '[]', activeProfiles = '{}', propertySourceLocations = '{}', propertySourceProperties = '{}', contextCustomizers = set[org.springframework.boot.test.autoconfigure.actuate.metrics.MetricsExportContextCustomizerFactory$DisableMetricExportContextCustomizer@481ba2cf, org.springframework.boot.test.autoconfigure.properties.PropertyMappingContextCustomizer@0, org.springframework.boot.test.autoconfigure.web.servlet.WebDriverContextCustomizerFactory$Customizer@1fa1cab1, org.springframework.boot.test.context.filter.ExcludeFilterContextCustomizer@31ff43be, org.springframework.boot.test.json.DuplicateJsonObjectContextCustomizerFactory$DuplicateJsonObjectContextCustomizer@132e0cc, org.springframework.boot.test.mock.mockito.MockitoContextCustomizer@5816ffdf], contextLoader = 'org.springframework.test.context.support.DelegatingSmartContextLoader', parent = [null]]]
23:36:59.810 [Test worker] DEBUG org.springframework.test.context.cache - Spring test ApplicationContext cache statistics: [DefaultContextCache@2c768ada size = 1, maxSize = 32, parentContextCount = 0, hitCount = 85, missCount = 1]
23:36:59.810 [Test worker] DEBUG org.springframework.test.context.cache.DefaultCacheAwareContextLoaderDelegate - Retrieved ApplicationContext [1895143699] from cache with key [[MergedContextConfiguration@1921ad94 testClass = TeamServiceTest, locations = '{}', classes = '{class org.waldreg.teambuilding.team.management.DefaultTeamManager}', contextInitializerClasses = '[]', activeProfiles = '{}', propertySourceLocations = '{}', propertySourceProperties = '{}', contextCustomizers = set[org.springframework.boot.test.autoconfigure.actuate.metrics.MetricsExportContextCustomizerFactory$DisableMetricExportContextCustomizer@481ba2cf, org.springframework.boot.test.autoconfigure.properties.PropertyMappingContextCustomizer@0, org.springframework.boot.test.autoconfigure.web.servlet.WebDriverContextCustomizerFactory$Customizer@1fa1cab1, org.springframework.boot.test.context.filter.ExcludeFilterContextCustomizer@31ff43be, org.springframework.boot.test.json.DuplicateJsonObjectContextCustomizerFactory$DuplicateJsonObjectContextCustomizer@132e0cc, org.springframework.boot.test.mock.mockito.MockitoContextCustomizer@5816ffdf], contextLoader = 'org.springframework.test.context.support.DelegatingSmartContextLoader', parent = [null]]]
23:36:59.810 [Test worker] DEBUG org.springframework.test.context.cache - Spring test ApplicationContext cache statistics: [DefaultContextCache@2c768ada size = 1, maxSize = 32, parentContextCount = 0, hitCount = 86, missCount = 1]
23:36:59.810 [Test worker] DEBUG org.springframework.test.context.support.AbstractDirtiesContextTestExecutionListener - Before test method: context [DefaultTestContext@10cf09e8 testClass = TeamServiceTest, testInstance = org.waldreg.team.TeamServiceTest@3abfe845, testMethod = MODIFY_TEAM_IN_TEAM_BUILDING_SUCCESS_TEST@TeamServiceTest, testException = [null], mergedContextConfiguration = [MergedContextConfiguration@1921ad94 testClass = TeamServiceTest, locations = '{}', classes = '{class org.waldreg.teambuilding.team.management.DefaultTeamManager}', contextInitializerClasses = '[]', activeProfiles = '{}', propertySourceLocations = '{}', propertySourceProperties = '{}', contextCustomizers = set[org.springframework.boot.test.autoconfigure.actuate.metrics.MetricsExportContextCustomizerFactory$DisableMetricExportContextCustomizer@481ba2cf, org.springframework.boot.test.autoconfigure.properties.PropertyMappingContextCustomizer@0, org.springframework.boot.test.autoconfigure.web.servlet.WebDriverContextCustomizerFactory$Customizer@1fa1cab1, org.springframework.boot.test.context.filter.ExcludeFilterContextCustomizer@31ff43be, org.springframework.boot.test.json.DuplicateJsonObjectContextCustomizerFactory$DuplicateJsonObjectContextCustomizer@132e0cc, org.springframework.boot.test.mock.mockito.MockitoContextCustomizer@5816ffdf], contextLoader = 'org.springframework.test.context.support.DelegatingSmartContextLoader', parent = [null]], attributes = map['org.springframework.test.context.event.ApplicationEventsTestExecutionListener.recordApplicationEvents' -> false]], class annotated with @DirtiesContext [false] with mode [null], method annotated with @DirtiesContext [false] with mode [null].
23:36:59.810 [Test worker] DEBUG org.springframework.test.context.cache.DefaultCacheAwareContextLoaderDelegate - Retrieved ApplicationContext [1895143699] from cache with key [[MergedContextConfiguration@1921ad94 testClass = TeamServiceTest, locations = '{}', classes = '{class org.waldreg.teambuilding.team.management.DefaultTeamManager}', contextInitializerClasses = '[]', activeProfiles = '{}', propertySourceLocations = '{}', propertySourceProperties = '{}', contextCustomizers = set[org.springframework.boot.test.autoconfigure.actuate.metrics.MetricsExportContextCustomizerFactory$DisableMetricExportContextCustomizer@481ba2cf, org.springframework.boot.test.autoconfigure.properties.PropertyMappingContextCustomizer@0, org.springframework.boot.test.autoconfigure.web.servlet.WebDriverContextCustomizerFactory$Customizer@1fa1cab1, org.springframework.boot.test.context.filter.ExcludeFilterContextCustomizer@31ff43be, org.springframework.boot.test.json.DuplicateJsonObjectContextCustomizerFactory$DuplicateJsonObjectContextCustomizer@132e0cc, org.springframework.boot.test.mock.mockito.MockitoContextCustomizer@5816ffdf], contextLoader = 'org.springframework.test.context.support.DelegatingSmartContextLoader', parent = [null]]]
23:36:59.810 [Test worker] DEBUG org.springframework.test.context.cache - Spring test ApplicationContext cache statistics: [DefaultContextCache@2c768ada size = 1, maxSize = 32, parentContextCount = 0, hitCount = 87, missCount = 1]
23:36:59.811 [Test worker] DEBUG org.springframework.test.context.cache.DefaultCacheAwareContextLoaderDelegate - Retrieved ApplicationContext [1895143699] from cache with key [[MergedContextConfiguration@1921ad94 testClass = TeamServiceTest, locations = '{}', classes = '{class org.waldreg.teambuilding.team.management.DefaultTeamManager}', contextInitializerClasses = '[]', activeProfiles = '{}', propertySourceLocations = '{}', propertySourceProperties = '{}', contextCustomizers = set[org.springframework.boot.test.autoconfigure.actuate.metrics.MetricsExportContextCustomizerFactory$DisableMetricExportContextCustomizer@481ba2cf, org.springframework.boot.test.autoconfigure.properties.PropertyMappingContextCustomizer@0, org.springframework.boot.test.autoconfigure.web.servlet.WebDriverContextCustomizerFactory$Customizer@1fa1cab1, org.springframework.boot.test.context.filter.ExcludeFilterContextCustomizer@31ff43be, org.springframework.boot.test.json.DuplicateJsonObjectContextCustomizerFactory$DuplicateJsonObjectContextCustomizer@132e0cc, org.springframework.boot.test.mock.mockito.MockitoContextCustomizer@5816ffdf], contextLoader = 'org.springframework.test.context.support.DelegatingSmartContextLoader', parent = [null]]]
23:36:59.811 [Test worker] DEBUG org.springframework.test.context.cache - Spring test ApplicationContext cache statistics: [DefaultContextCache@2c768ada size = 1, maxSize = 32, parentContextCount = 0, hitCount = 88, missCount = 1]
23:36:59.811 [Test worker] DEBUG org.springframework.test.context.cache.DefaultCacheAwareContextLoaderDelegate - Retrieved ApplicationContext [1895143699] from cache with key [[MergedContextConfiguration@1921ad94 testClass = TeamServiceTest, locations = '{}', classes = '{class org.waldreg.teambuilding.team.management.DefaultTeamManager}', contextInitializerClasses = '[]', activeProfiles = '{}', propertySourceLocations = '{}', propertySourceProperties = '{}', contextCustomizers = set[org.springframework.boot.test.autoconfigure.actuate.metrics.MetricsExportContextCustomizerFactory$DisableMetricExportContextCustomizer@481ba2cf, org.springframework.boot.test.autoconfigure.properties.PropertyMappingContextCustomizer@0, org.springframework.boot.test.autoconfigure.web.servlet.WebDriverContextCustomizerFactory$Customizer@1fa1cab1, org.springframework.boot.test.context.filter.ExcludeFilterContextCustomizer@31ff43be, org.springframework.boot.test.json.DuplicateJsonObjectContextCustomizerFactory$DuplicateJsonObjectContextCustomizer@132e0cc, org.springframework.boot.test.mock.mockito.MockitoContextCustomizer@5816ffdf], contextLoader = 'org.springframework.test.context.support.DelegatingSmartContextLoader', parent = [null]]]
23:36:59.811 [Test worker] DEBUG org.springframework.test.context.cache - Spring test ApplicationContext cache statistics: [DefaultContextCache@2c768ada size = 1, maxSize = 32, parentContextCount = 0, hitCount = 89, missCount = 1]
23:36:59.812 [Test worker] DEBUG org.springframework.test.context.cache.DefaultCacheAwareContextLoaderDelegate - Retrieved ApplicationContext [1895143699] from cache with key [[MergedContextConfiguration@1921ad94 testClass = TeamServiceTest, locations = '{}', classes = '{class org.waldreg.teambuilding.team.management.DefaultTeamManager}', contextInitializerClasses = '[]', activeProfiles = '{}', propertySourceLocations = '{}', propertySourceProperties = '{}', contextCustomizers = set[org.springframework.boot.test.autoconfigure.actuate.metrics.MetricsExportContextCustomizerFactory$DisableMetricExportContextCustomizer@481ba2cf, org.springframework.boot.test.autoconfigure.properties.PropertyMappingContextCustomizer@0, org.springframework.boot.test.autoconfigure.web.servlet.WebDriverContextCustomizerFactory$Customizer@1fa1cab1, org.springframework.boot.test.context.filter.ExcludeFilterContextCustomizer@31ff43be, org.springframework.boot.test.json.DuplicateJsonObjectContextCustomizerFactory$DuplicateJsonObjectContextCustomizer@132e0cc, org.springframework.boot.test.mock.mockito.MockitoContextCustomizer@5816ffdf], contextLoader = 'org.springframework.test.context.support.DelegatingSmartContextLoader', parent = [null]]]
23:36:59.812 [Test worker] DEBUG org.springframework.test.context.cache - Spring test ApplicationContext cache statistics: [DefaultContextCache@2c768ada size = 1, maxSize = 32, parentContextCount = 0, hitCount = 90, missCount = 1]
23:36:59.812 [Test worker] DEBUG org.springframework.test.context.cache.DefaultCacheAwareContextLoaderDelegate - Retrieved ApplicationContext [1895143699] from cache with key [[MergedContextConfiguration@1921ad94 testClass = TeamServiceTest, locations = '{}', classes = '{class org.waldreg.teambuilding.team.management.DefaultTeamManager}', contextInitializerClasses = '[]', activeProfiles = '{}', propertySourceLocations = '{}', propertySourceProperties = '{}', contextCustomizers = set[org.springframework.boot.test.autoconfigure.actuate.metrics.MetricsExportContextCustomizerFactory$DisableMetricExportContextCustomizer@481ba2cf, org.springframework.boot.test.autoconfigure.properties.PropertyMappingContextCustomizer@0, org.springframework.boot.test.autoconfigure.web.servlet.WebDriverContextCustomizerFactory$Customizer@1fa1cab1, org.springframework.boot.test.context.filter.ExcludeFilterContextCustomizer@31ff43be, org.springframework.boot.test.json.DuplicateJsonObjectContextCustomizerFactory$DuplicateJsonObjectContextCustomizer@132e0cc, org.springframework.boot.test.mock.mockito.MockitoContextCustomizer@5816ffdf], contextLoader = 'org.springframework.test.context.support.DelegatingSmartContextLoader', parent = [null]]]
23:36:59.812 [Test worker] DEBUG org.springframework.test.context.cache - Spring test ApplicationContext cache statistics: [DefaultContextCache@2c768ada size = 1, maxSize = 32, parentContextCount = 0, hitCount = 91, missCount = 1]
23:36:59.812 [Test worker] DEBUG org.springframework.test.context.cache.DefaultCacheAwareContextLoaderDelegate - Retrieved ApplicationContext [1895143699] from cache with key [[MergedContextConfiguration@1921ad94 testClass = TeamServiceTest, locations = '{}', classes = '{class org.waldreg.teambuilding.team.management.DefaultTeamManager}', contextInitializerClasses = '[]', activeProfiles = '{}', propertySourceLocations = '{}', propertySourceProperties = '{}', contextCustomizers = set[org.springframework.boot.test.autoconfigure.actuate.metrics.MetricsExportContextCustomizerFactory$DisableMetricExportContextCustomizer@481ba2cf, org.springframework.boot.test.autoconfigure.properties.PropertyMappingContextCustomizer@0, org.springframework.boot.test.autoconfigure.web.servlet.WebDriverContextCustomizerFactory$Customizer@1fa1cab1, org.springframework.boot.test.context.filter.ExcludeFilterContextCustomizer@31ff43be, org.springframework.boot.test.json.DuplicateJsonObjectContextCustomizerFactory$DuplicateJsonObjectContextCustomizer@132e0cc, org.springframework.boot.test.mock.mockito.MockitoContextCustomizer@5816ffdf], contextLoader = 'org.springframework.test.context.support.DelegatingSmartContextLoader', parent = [null]]]
23:36:59.813 [Test worker] DEBUG org.springframework.test.context.cache - Spring test ApplicationContext cache statistics: [DefaultContextCache@2c768ada size = 1, maxSize = 32, parentContextCount = 0, hitCount = 92, missCount = 1]
23:36:59.813 [Test worker] DEBUG org.springframework.test.context.cache.DefaultCacheAwareContextLoaderDelegate - Retrieved ApplicationContext [1895143699] from cache with key [[MergedContextConfiguration@1921ad94 testClass = TeamServiceTest, locations = '{}', classes = '{class org.waldreg.teambuilding.team.management.DefaultTeamManager}', contextInitializerClasses = '[]', activeProfiles = '{}', propertySourceLocations = '{}', propertySourceProperties = '{}', contextCustomizers = set[org.springframework.boot.test.autoconfigure.actuate.metrics.MetricsExportContextCustomizerFactory$DisableMetricExportContextCustomizer@481ba2cf, org.springframework.boot.test.autoconfigure.properties.PropertyMappingContextCustomizer@0, org.springframework.boot.test.autoconfigure.web.servlet.WebDriverContextCustomizerFactory$Customizer@1fa1cab1, org.springframework.boot.test.context.filter.ExcludeFilterContextCustomizer@31ff43be, org.springframework.boot.test.json.DuplicateJsonObjectContextCustomizerFactory$DuplicateJsonObjectContextCustomizer@132e0cc, org.springframework.boot.test.mock.mockito.MockitoContextCustomizer@5816ffdf], contextLoader = 'org.springframework.test.context.support.DelegatingSmartContextLoader', parent = [null]]]
23:36:59.813 [Test worker] DEBUG org.springframework.test.context.cache - Spring test ApplicationContext cache statistics: [DefaultContextCache@2c768ada size = 1, maxSize = 32, parentContextCount = 0, hitCount = 93, missCount = 1]
23:36:59.813 [Test worker] DEBUG org.springframework.test.context.cache.DefaultCacheAwareContextLoaderDelegate - Retrieved ApplicationContext [1895143699] from cache with key [[MergedContextConfiguration@1921ad94 testClass = TeamServiceTest, locations = '{}', classes = '{class org.waldreg.teambuilding.team.management.DefaultTeamManager}', contextInitializerClasses = '[]', activeProfiles = '{}', propertySourceLocations = '{}', propertySourceProperties = '{}', contextCustomizers = set[org.springframework.boot.test.autoconfigure.actuate.metrics.MetricsExportContextCustomizerFactory$DisableMetricExportContextCustomizer@481ba2cf, org.springframework.boot.test.autoconfigure.properties.PropertyMappingContextCustomizer@0, org.springframework.boot.test.autoconfigure.web.servlet.WebDriverContextCustomizerFactory$Customizer@1fa1cab1, org.springframework.boot.test.context.filter.ExcludeFilterContextCustomizer@31ff43be, org.springframework.boot.test.json.DuplicateJsonObjectContextCustomizerFactory$DuplicateJsonObjectContextCustomizer@132e0cc, org.springframework.boot.test.mock.mockito.MockitoContextCustomizer@5816ffdf], contextLoader = 'org.springframework.test.context.support.DelegatingSmartContextLoader', parent = [null]]]
23:36:59.813 [Test worker] DEBUG org.springframework.test.context.cache - Spring test ApplicationContext cache statistics: [DefaultContextCache@2c768ada size = 1, maxSize = 32, parentContextCount = 0, hitCount = 94, missCount = 1]
23:36:59.813 [Test worker] DEBUG org.springframework.test.context.cache.DefaultCacheAwareContextLoaderDelegate - Retrieved ApplicationContext [1895143699] from cache with key [[MergedContextConfiguration@1921ad94 testClass = TeamServiceTest, locations = '{}', classes = '{class org.waldreg.teambuilding.team.management.DefaultTeamManager}', contextInitializerClasses = '[]', activeProfiles = '{}', propertySourceLocations = '{}', propertySourceProperties = '{}', contextCustomizers = set[org.springframework.boot.test.autoconfigure.actuate.metrics.MetricsExportContextCustomizerFactory$DisableMetricExportContextCustomizer@481ba2cf, org.springframework.boot.test.autoconfigure.properties.PropertyMappingContextCustomizer@0, org.springframework.boot.test.autoconfigure.web.servlet.WebDriverContextCustomizerFactory$Customizer@1fa1cab1, org.springframework.boot.test.context.filter.ExcludeFilterContextCustomizer@31ff43be, org.springframework.boot.test.json.DuplicateJsonObjectContextCustomizerFactory$DuplicateJsonObjectContextCustomizer@132e0cc, org.springframework.boot.test.mock.mockito.MockitoContextCustomizer@5816ffdf], contextLoader = 'org.springframework.test.context.support.DelegatingSmartContextLoader', parent = [null]]]
23:36:59.813 [Test worker] DEBUG org.springframework.test.context.cache - Spring test ApplicationContext cache statistics: [DefaultContextCache@2c768ada size = 1, maxSize = 32, parentContextCount = 0, hitCount = 95, missCount = 1]
23:36:59.813 [Test worker] DEBUG org.springframework.test.context.support.AbstractDirtiesContextTestExecutionListener - After test method: context [DefaultTestContext@10cf09e8 testClass = TeamServiceTest, testInstance = org.waldreg.team.TeamServiceTest@3abfe845, testMethod = MODIFY_TEAM_IN_TEAM_BUILDING_SUCCESS_TEST@TeamServiceTest, testException = [null], mergedContextConfiguration = [MergedContextConfiguration@1921ad94 testClass = TeamServiceTest, locations = '{}', classes = '{class org.waldreg.teambuilding.team.management.DefaultTeamManager}', contextInitializerClasses = '[]', activeProfiles = '{}', propertySourceLocations = '{}', propertySourceProperties = '{}', contextCustomizers = set[org.springframework.boot.test.autoconfigure.actuate.metrics.MetricsExportContextCustomizerFactory$DisableMetricExportContextCustomizer@481ba2cf, org.springframework.boot.test.autoconfigure.properties.PropertyMappingContextCustomizer@0, org.springframework.boot.test.autoconfigure.web.servlet.WebDriverContextCustomizerFactory$Customizer@1fa1cab1, org.springframework.boot.test.context.filter.ExcludeFilterContextCustomizer@31ff43be, org.springframework.boot.test.json.DuplicateJsonObjectContextCustomizerFactory$DuplicateJsonObjectContextCustomizer@132e0cc, org.springframework.boot.test.mock.mockito.MockitoContextCustomizer@5816ffdf], contextLoader = 'org.springframework.test.context.support.DelegatingSmartContextLoader', parent = [null]], attributes = map['org.springframework.test.context.event.ApplicationEventsTestExecutionListener.recordApplicationEvents' -> false]], class annotated with @DirtiesContext [false] with mode [null], method annotated with @DirtiesContext [false] with mode [null].
23:36:59.813 [Test worker] DEBUG org.springframework.test.context.cache.DefaultCacheAwareContextLoaderDelegate - Retrieved ApplicationContext [1895143699] from cache with key [[MergedContextConfiguration@1921ad94 testClass = TeamServiceTest, locations = '{}', classes = '{class org.waldreg.teambuilding.team.management.DefaultTeamManager}', contextInitializerClasses = '[]', activeProfiles = '{}', propertySourceLocations = '{}', propertySourceProperties = '{}', contextCustomizers = set[org.springframework.boot.test.autoconfigure.actuate.metrics.MetricsExportContextCustomizerFactory$DisableMetricExportContextCustomizer@481ba2cf, org.springframework.boot.test.autoconfigure.properties.PropertyMappingContextCustomizer@0, org.springframework.boot.test.autoconfigure.web.servlet.WebDriverContextCustomizerFactory$Customizer@1fa1cab1, org.springframework.boot.test.context.filter.ExcludeFilterContextCustomizer@31ff43be, org.springframework.boot.test.json.DuplicateJsonObjectContextCustomizerFactory$DuplicateJsonObjectContextCustomizer@132e0cc, org.springframework.boot.test.mock.mockito.MockitoContextCustomizer@5816ffdf], contextLoader = 'org.springframework.test.context.support.DelegatingSmartContextLoader', parent = [null]]]
23:36:59.813 [Test worker] DEBUG org.springframework.test.context.cache - Spring test ApplicationContext cache statistics: [DefaultContextCache@2c768ada size = 1, maxSize = 32, parentContextCount = 0, hitCount = 96, missCount = 1]
23:36:59.813 [Test worker] DEBUG org.springframework.test.context.support.DependencyInjectionTestExecutionListener - Performing dependency injection for test context [[DefaultTestContext@10cf09e8 testClass = TeamServiceTest, testInstance = org.waldreg.team.TeamServiceTest@4893b344, testMethod = [null], testException = [null], mergedContextConfiguration = [MergedContextConfiguration@1921ad94 testClass = TeamServiceTest, locations = '{}', classes = '{class org.waldreg.teambuilding.team.management.DefaultTeamManager}', contextInitializerClasses = '[]', activeProfiles = '{}', propertySourceLocations = '{}', propertySourceProperties = '{}', contextCustomizers = set[org.springframework.boot.test.autoconfigure.actuate.metrics.MetricsExportContextCustomizerFactory$DisableMetricExportContextCustomizer@481ba2cf, org.springframework.boot.test.autoconfigure.properties.PropertyMappingContextCustomizer@0, org.springframework.boot.test.autoconfigure.web.servlet.WebDriverContextCustomizerFactory$Customizer@1fa1cab1, org.springframework.boot.test.context.filter.ExcludeFilterContextCustomizer@31ff43be, org.springframework.boot.test.json.DuplicateJsonObjectContextCustomizerFactory$DuplicateJsonObjectContextCustomizer@132e0cc, org.springframework.boot.test.mock.mockito.MockitoContextCustomizer@5816ffdf], contextLoader = 'org.springframework.test.context.support.DelegatingSmartContextLoader', parent = [null]], attributes = map['org.springframework.test.context.event.ApplicationEventsTestExecutionListener.recordApplicationEvents' -> false]]].
23:36:59.814 [Test worker] DEBUG org.springframework.test.context.cache.DefaultCacheAwareContextLoaderDelegate - Retrieved ApplicationContext [1895143699] from cache with key [[MergedContextConfiguration@1921ad94 testClass = TeamServiceTest, locations = '{}', classes = '{class org.waldreg.teambuilding.team.management.DefaultTeamManager}', contextInitializerClasses = '[]', activeProfiles = '{}', propertySourceLocations = '{}', propertySourceProperties = '{}', contextCustomizers = set[org.springframework.boot.test.autoconfigure.actuate.metrics.MetricsExportContextCustomizerFactory$DisableMetricExportContextCustomizer@481ba2cf, org.springframework.boot.test.autoconfigure.properties.PropertyMappingContextCustomizer@0, org.springframework.boot.test.autoconfigure.web.servlet.WebDriverContextCustomizerFactory$Customizer@1fa1cab1, org.springframework.boot.test.context.filter.ExcludeFilterContextCustomizer@31ff43be, org.springframework.boot.test.json.DuplicateJsonObjectContextCustomizerFactory$DuplicateJsonObjectContextCustomizer@132e0cc, org.springframework.boot.test.mock.mockito.MockitoContextCustomizer@5816ffdf], contextLoader = 'org.springframework.test.context.support.DelegatingSmartContextLoader', parent = [null]]]
23:36:59.814 [Test worker] DEBUG org.springframework.test.context.cache - Spring test ApplicationContext cache statistics: [DefaultContextCache@2c768ada size = 1, maxSize = 32, parentContextCount = 0, hitCount = 97, missCount = 1]
23:36:59.814 [Test worker] DEBUG org.springframework.test.context.cache.DefaultCacheAwareContextLoaderDelegate - Retrieved ApplicationContext [1895143699] from cache with key [[MergedContextConfiguration@1921ad94 testClass = TeamServiceTest, locations = '{}', classes = '{class org.waldreg.teambuilding.team.management.DefaultTeamManager}', contextInitializerClasses = '[]', activeProfiles = '{}', propertySourceLocations = '{}', propertySourceProperties = '{}', contextCustomizers = set[org.springframework.boot.test.autoconfigure.actuate.metrics.MetricsExportContextCustomizerFactory$DisableMetricExportContextCustomizer@481ba2cf, org.springframework.boot.test.autoconfigure.properties.PropertyMappingContextCustomizer@0, org.springframework.boot.test.autoconfigure.web.servlet.WebDriverContextCustomizerFactory$Customizer@1fa1cab1, org.springframework.boot.test.context.filter.ExcludeFilterContextCustomizer@31ff43be, org.springframework.boot.test.json.DuplicateJsonObjectContextCustomizerFactory$DuplicateJsonObjectContextCustomizer@132e0cc, org.springframework.boot.test.mock.mockito.MockitoContextCustomizer@5816ffdf], contextLoader = 'org.springframework.test.context.support.DelegatingSmartContextLoader', parent = [null]]]
23:36:59.814 [Test worker] DEBUG org.springframework.test.context.cache - Spring test ApplicationContext cache statistics: [DefaultContextCache@2c768ada size = 1, maxSize = 32, parentContextCount = 0, hitCount = 98, missCount = 1]
23:36:59.814 [Test worker] DEBUG org.springframework.test.context.support.AbstractDirtiesContextTestExecutionListener - Before test method: context [DefaultTestContext@10cf09e8 testClass = TeamServiceTest, testInstance = org.waldreg.team.TeamServiceTest@4893b344, testMethod = MODIFY_TEAM_NAME_IN_TEAM_BUILDING_FAIL_CAUSE_UNKNOWN_TEAM_ID_TEST@TeamServiceTest, testException = [null], mergedContextConfiguration = [MergedContextConfiguration@1921ad94 testClass = TeamServiceTest, locations = '{}', classes = '{class org.waldreg.teambuilding.team.management.DefaultTeamManager}', contextInitializerClasses = '[]', activeProfiles = '{}', propertySourceLocations = '{}', propertySourceProperties = '{}', contextCustomizers = set[org.springframework.boot.test.autoconfigure.actuate.metrics.MetricsExportContextCustomizerFactory$DisableMetricExportContextCustomizer@481ba2cf, org.springframework.boot.test.autoconfigure.properties.PropertyMappingContextCustomizer@0, org.springframework.boot.test.autoconfigure.web.servlet.WebDriverContextCustomizerFactory$Customizer@1fa1cab1, org.springframework.boot.test.context.filter.ExcludeFilterContextCustomizer@31ff43be, org.springframework.boot.test.json.DuplicateJsonObjectContextCustomizerFactory$DuplicateJsonObjectContextCustomizer@132e0cc, org.springframework.boot.test.mock.mockito.MockitoContextCustomizer@5816ffdf], contextLoader = 'org.springframework.test.context.support.DelegatingSmartContextLoader', parent = [null]], attributes = map['org.springframework.test.context.event.ApplicationEventsTestExecutionListener.recordApplicationEvents' -> false]], class annotated with @DirtiesContext [false] with mode [null], method annotated with @DirtiesContext [false] with mode [null].
23:36:59.814 [Test worker] DEBUG org.springframework.test.context.cache.DefaultCacheAwareContextLoaderDelegate - Retrieved ApplicationContext [1895143699] from cache with key [[MergedContextConfiguration@1921ad94 testClass = TeamServiceTest, locations = '{}', classes = '{class org.waldreg.teambuilding.team.management.DefaultTeamManager}', contextInitializerClasses = '[]', activeProfiles = '{}', propertySourceLocations = '{}', propertySourceProperties = '{}', contextCustomizers = set[org.springframework.boot.test.autoconfigure.actuate.metrics.MetricsExportContextCustomizerFactory$DisableMetricExportContextCustomizer@481ba2cf, org.springframework.boot.test.autoconfigure.properties.PropertyMappingContextCustomizer@0, org.springframework.boot.test.autoconfigure.web.servlet.WebDriverContextCustomizerFactory$Customizer@1fa1cab1, org.springframework.boot.test.context.filter.ExcludeFilterContextCustomizer@31ff43be, org.springframework.boot.test.json.DuplicateJsonObjectContextCustomizerFactory$DuplicateJsonObjectContextCustomizer@132e0cc, org.springframework.boot.test.mock.mockito.MockitoContextCustomizer@5816ffdf], contextLoader = 'org.springframework.test.context.support.DelegatingSmartContextLoader', parent = [null]]]
23:36:59.814 [Test worker] DEBUG org.springframework.test.context.cache - Spring test ApplicationContext cache statistics: [DefaultContextCache@2c768ada size = 1, maxSize = 32, parentContextCount = 0, hitCount = 99, missCount = 1]
23:36:59.814 [Test worker] DEBUG org.springframework.test.context.cache.DefaultCacheAwareContextLoaderDelegate - Retrieved ApplicationContext [1895143699] from cache with key [[MergedContextConfiguration@1921ad94 testClass = TeamServiceTest, locations = '{}', classes = '{class org.waldreg.teambuilding.team.management.DefaultTeamManager}', contextInitializerClasses = '[]', activeProfiles = '{}', propertySourceLocations = '{}', propertySourceProperties = '{}', contextCustomizers = set[org.springframework.boot.test.autoconfigure.actuate.metrics.MetricsExportContextCustomizerFactory$DisableMetricExportContextCustomizer@481ba2cf, org.springframework.boot.test.autoconfigure.properties.PropertyMappingContextCustomizer@0, org.springframework.boot.test.autoconfigure.web.servlet.WebDriverContextCustomizerFactory$Customizer@1fa1cab1, org.springframework.boot.test.context.filter.ExcludeFilterContextCustomizer@31ff43be, org.springframework.boot.test.json.DuplicateJsonObjectContextCustomizerFactory$DuplicateJsonObjectContextCustomizer@132e0cc, org.springframework.boot.test.mock.mockito.MockitoContextCustomizer@5816ffdf], contextLoader = 'org.springframework.test.context.support.DelegatingSmartContextLoader', parent = [null]]]
23:36:59.814 [Test worker] DEBUG org.springframework.test.context.cache - Spring test ApplicationContext cache statistics: [DefaultContextCache@2c768ada size = 1, maxSize = 32, parentContextCount = 0, hitCount = 100, missCount = 1]
23:36:59.814 [Test worker] DEBUG org.springframework.test.context.cache.DefaultCacheAwareContextLoaderDelegate - Retrieved ApplicationContext [1895143699] from cache with key [[MergedContextConfiguration@1921ad94 testClass = TeamServiceTest, locations = '{}', classes = '{class org.waldreg.teambuilding.team.management.DefaultTeamManager}', contextInitializerClasses = '[]', activeProfiles = '{}', propertySourceLocations = '{}', propertySourceProperties = '{}', contextCustomizers = set[org.springframework.boot.test.autoconfigure.actuate.metrics.MetricsExportContextCustomizerFactory$DisableMetricExportContextCustomizer@481ba2cf, org.springframework.boot.test.autoconfigure.properties.PropertyMappingContextCustomizer@0, org.springframework.boot.test.autoconfigure.web.servlet.WebDriverContextCustomizerFactory$Customizer@1fa1cab1, org.springframework.boot.test.context.filter.ExcludeFilterContextCustomizer@31ff43be, org.springframework.boot.test.json.DuplicateJsonObjectContextCustomizerFactory$DuplicateJsonObjectContextCustomizer@132e0cc, org.springframework.boot.test.mock.mockito.MockitoContextCustomizer@5816ffdf], contextLoader = 'org.springframework.test.context.support.DelegatingSmartContextLoader', parent = [null]]]
23:36:59.814 [Test worker] DEBUG org.springframework.test.context.cache - Spring test ApplicationContext cache statistics: [DefaultContextCache@2c768ada size = 1, maxSize = 32, parentContextCount = 0, hitCount = 101, missCount = 1]
23:36:59.815 [Test worker] DEBUG org.springframework.test.context.cache.DefaultCacheAwareContextLoaderDelegate - Retrieved ApplicationContext [1895143699] from cache with key [[MergedContextConfiguration@1921ad94 testClass = TeamServiceTest, locations = '{}', classes = '{class org.waldreg.teambuilding.team.management.DefaultTeamManager}', contextInitializerClasses = '[]', activeProfiles = '{}', propertySourceLocations = '{}', propertySourceProperties = '{}', contextCustomizers = set[org.springframework.boot.test.autoconfigure.actuate.metrics.MetricsExportContextCustomizerFactory$DisableMetricExportContextCustomizer@481ba2cf, org.springframework.boot.test.autoconfigure.properties.PropertyMappingContextCustomizer@0, org.springframework.boot.test.autoconfigure.web.servlet.WebDriverContextCustomizerFactory$Customizer@1fa1cab1, org.springframework.boot.test.context.filter.ExcludeFilterContextCustomizer@31ff43be, org.springframework.boot.test.json.DuplicateJsonObjectContextCustomizerFactory$DuplicateJsonObjectContextCustomizer@132e0cc, org.springframework.boot.test.mock.mockito.MockitoContextCustomizer@5816ffdf], contextLoader = 'org.springframework.test.context.support.DelegatingSmartContextLoader', parent = [null]]]
23:36:59.815 [Test worker] DEBUG org.springframework.test.context.cache - Spring test ApplicationContext cache statistics: [DefaultContextCache@2c768ada size = 1, maxSize = 32, parentContextCount = 0, hitCount = 102, missCount = 1]
23:36:59.815 [Test worker] DEBUG org.springframework.test.context.cache.DefaultCacheAwareContextLoaderDelegate - Retrieved ApplicationContext [1895143699] from cache with key [[MergedContextConfiguration@1921ad94 testClass = TeamServiceTest, locations = '{}', classes = '{class org.waldreg.teambuilding.team.management.DefaultTeamManager}', contextInitializerClasses = '[]', activeProfiles = '{}', propertySourceLocations = '{}', propertySourceProperties = '{}', contextCustomizers = set[org.springframework.boot.test.autoconfigure.actuate.metrics.MetricsExportContextCustomizerFactory$DisableMetricExportContextCustomizer@481ba2cf, org.springframework.boot.test.autoconfigure.properties.PropertyMappingContextCustomizer@0, org.springframework.boot.test.autoconfigure.web.servlet.WebDriverContextCustomizerFactory$Customizer@1fa1cab1, org.springframework.boot.test.context.filter.ExcludeFilterContextCustomizer@31ff43be, org.springframework.boot.test.json.DuplicateJsonObjectContextCustomizerFactory$DuplicateJsonObjectContextCustomizer@132e0cc, org.springframework.boot.test.mock.mockito.MockitoContextCustomizer@5816ffdf], contextLoader = 'org.springframework.test.context.support.DelegatingSmartContextLoader', parent = [null]]]
23:36:59.815 [Test worker] DEBUG org.springframework.test.context.cache - Spring test ApplicationContext cache statistics: [DefaultContextCache@2c768ada size = 1, maxSize = 32, parentContextCount = 0, hitCount = 103, missCount = 1]
23:36:59.815 [Test worker] DEBUG org.springframework.test.context.cache.DefaultCacheAwareContextLoaderDelegate - Retrieved ApplicationContext [1895143699] from cache with key [[MergedContextConfiguration@1921ad94 testClass = TeamServiceTest, locations = '{}', classes = '{class org.waldreg.teambuilding.team.management.DefaultTeamManager}', contextInitializerClasses = '[]', activeProfiles = '{}', propertySourceLocations = '{}', propertySourceProperties = '{}', contextCustomizers = set[org.springframework.boot.test.autoconfigure.actuate.metrics.MetricsExportContextCustomizerFactory$DisableMetricExportContextCustomizer@481ba2cf, org.springframework.boot.test.autoconfigure.properties.PropertyMappingContextCustomizer@0, org.springframework.boot.test.autoconfigure.web.servlet.WebDriverContextCustomizerFactory$Customizer@1fa1cab1, org.springframework.boot.test.context.filter.ExcludeFilterContextCustomizer@31ff43be, org.springframework.boot.test.json.DuplicateJsonObjectContextCustomizerFactory$DuplicateJsonObjectContextCustomizer@132e0cc, org.springframework.boot.test.mock.mockito.MockitoContextCustomizer@5816ffdf], contextLoader = 'org.springframework.test.context.support.DelegatingSmartContextLoader', parent = [null]]]
23:36:59.815 [Test worker] DEBUG org.springframework.test.context.cache - Spring test ApplicationContext cache statistics: [DefaultContextCache@2c768ada size = 1, maxSize = 32, parentContextCount = 0, hitCount = 104, missCount = 1]
23:36:59.815 [Test worker] DEBUG org.springframework.test.context.cache.DefaultCacheAwareContextLoaderDelegate - Retrieved ApplicationContext [1895143699] from cache with key [[MergedContextConfiguration@1921ad94 testClass = TeamServiceTest, locations = '{}', classes = '{class org.waldreg.teambuilding.team.management.DefaultTeamManager}', contextInitializerClasses = '[]', activeProfiles = '{}', propertySourceLocations = '{}', propertySourceProperties = '{}', contextCustomizers = set[org.springframework.boot.test.autoconfigure.actuate.metrics.MetricsExportContextCustomizerFactory$DisableMetricExportContextCustomizer@481ba2cf, org.springframework.boot.test.autoconfigure.properties.PropertyMappingContextCustomizer@0, org.springframework.boot.test.autoconfigure.web.servlet.WebDriverContextCustomizerFactory$Customizer@1fa1cab1, org.springframework.boot.test.context.filter.ExcludeFilterContextCustomizer@31ff43be, org.springframework.boot.test.json.DuplicateJsonObjectContextCustomizerFactory$DuplicateJsonObjectContextCustomizer@132e0cc, org.springframework.boot.test.mock.mockito.MockitoContextCustomizer@5816ffdf], contextLoader = 'org.springframework.test.context.support.DelegatingSmartContextLoader', parent = [null]]]
23:36:59.815 [Test worker] DEBUG org.springframework.test.context.cache - Spring test ApplicationContext cache statistics: [DefaultContextCache@2c768ada size = 1, maxSize = 32, parentContextCount = 0, hitCount = 105, missCount = 1]
23:36:59.816 [Test worker] DEBUG org.springframework.test.context.cache.DefaultCacheAwareContextLoaderDelegate - Retrieved ApplicationContext [1895143699] from cache with key [[MergedContextConfiguration@1921ad94 testClass = TeamServiceTest, locations = '{}', classes = '{class org.waldreg.teambuilding.team.management.DefaultTeamManager}', contextInitializerClasses = '[]', activeProfiles = '{}', propertySourceLocations = '{}', propertySourceProperties = '{}', contextCustomizers = set[org.springframework.boot.test.autoconfigure.actuate.metrics.MetricsExportContextCustomizerFactory$DisableMetricExportContextCustomizer@481ba2cf, org.springframework.boot.test.autoconfigure.properties.PropertyMappingContextCustomizer@0, org.springframework.boot.test.autoconfigure.web.servlet.WebDriverContextCustomizerFactory$Customizer@1fa1cab1, org.springframework.boot.test.context.filter.ExcludeFilterContextCustomizer@31ff43be, org.springframework.boot.test.json.DuplicateJsonObjectContextCustomizerFactory$DuplicateJsonObjectContextCustomizer@132e0cc, org.springframework.boot.test.mock.mockito.MockitoContextCustomizer@5816ffdf], contextLoader = 'org.springframework.test.context.support.DelegatingSmartContextLoader', parent = [null]]]
23:36:59.816 [Test worker] DEBUG org.springframework.test.context.cache - Spring test ApplicationContext cache statistics: [DefaultContextCache@2c768ada size = 1, maxSize = 32, parentContextCount = 0, hitCount = 106, missCount = 1]
23:36:59.816 [Test worker] DEBUG org.springframework.test.context.cache.DefaultCacheAwareContextLoaderDelegate - Retrieved ApplicationContext [1895143699] from cache with key [[MergedContextConfiguration@1921ad94 testClass = TeamServiceTest, locations = '{}', classes = '{class org.waldreg.teambuilding.team.management.DefaultTeamManager}', contextInitializerClasses = '[]', activeProfiles = '{}', propertySourceLocations = '{}', propertySourceProperties = '{}', contextCustomizers = set[org.springframework.boot.test.autoconfigure.actuate.metrics.MetricsExportContextCustomizerFactory$DisableMetricExportContextCustomizer@481ba2cf, org.springframework.boot.test.autoconfigure.properties.PropertyMappingContextCustomizer@0, org.springframework.boot.test.autoconfigure.web.servlet.WebDriverContextCustomizerFactory$Customizer@1fa1cab1, org.springframework.boot.test.context.filter.ExcludeFilterContextCustomizer@31ff43be, org.springframework.boot.test.json.DuplicateJsonObjectContextCustomizerFactory$DuplicateJsonObjectContextCustomizer@132e0cc, org.springframework.boot.test.mock.mockito.MockitoContextCustomizer@5816ffdf], contextLoader = 'org.springframework.test.context.support.DelegatingSmartContextLoader', parent = [null]]]
23:36:59.816 [Test worker] DEBUG org.springframework.test.context.cache - Spring test ApplicationContext cache statistics: [DefaultContextCache@2c768ada size = 1, maxSize = 32, parentContextCount = 0, hitCount = 107, missCount = 1]
23:36:59.816 [Test worker] DEBUG org.springframework.test.context.support.AbstractDirtiesContextTestExecutionListener - After test method: context [DefaultTestContext@10cf09e8 testClass = TeamServiceTest, testInstance = org.waldreg.team.TeamServiceTest@4893b344, testMethod = MODIFY_TEAM_NAME_IN_TEAM_BUILDING_FAIL_CAUSE_UNKNOWN_TEAM_ID_TEST@TeamServiceTest, testException = [null], mergedContextConfiguration = [MergedContextConfiguration@1921ad94 testClass = TeamServiceTest, locations = '{}', classes = '{class org.waldreg.teambuilding.team.management.DefaultTeamManager}', contextInitializerClasses = '[]', activeProfiles = '{}', propertySourceLocations = '{}', propertySourceProperties = '{}', contextCustomizers = set[org.springframework.boot.test.autoconfigure.actuate.metrics.MetricsExportContextCustomizerFactory$DisableMetricExportContextCustomizer@481ba2cf, org.springframework.boot.test.autoconfigure.properties.PropertyMappingContextCustomizer@0, org.springframework.boot.test.autoconfigure.web.servlet.WebDriverContextCustomizerFactory$Customizer@1fa1cab1, org.springframework.boot.test.context.filter.ExcludeFilterContextCustomizer@31ff43be, org.springframework.boot.test.json.DuplicateJsonObjectContextCustomizerFactory$DuplicateJsonObjectContextCustomizer@132e0cc, org.springframework.boot.test.mock.mockito.MockitoContextCustomizer@5816ffdf], contextLoader = 'org.springframework.test.context.support.DelegatingSmartContextLoader', parent = [null]], attributes = map['org.springframework.test.context.event.ApplicationEventsTestExecutionListener.recordApplicationEvents' -> false]], class annotated with @DirtiesContext [false] with mode [null], method annotated with @DirtiesContext [false] with mode [null].
23:36:59.816 [Test worker] DEBUG org.springframework.test.context.cache.DefaultCacheAwareContextLoaderDelegate - Retrieved ApplicationContext [1895143699] from cache with key [[MergedContextConfiguration@1921ad94 testClass = TeamServiceTest, locations = '{}', classes = '{class org.waldreg.teambuilding.team.management.DefaultTeamManager}', contextInitializerClasses = '[]', activeProfiles = '{}', propertySourceLocations = '{}', propertySourceProperties = '{}', contextCustomizers = set[org.springframework.boot.test.autoconfigure.actuate.metrics.MetricsExportContextCustomizerFactory$DisableMetricExportContextCustomizer@481ba2cf, org.springframework.boot.test.autoconfigure.properties.PropertyMappingContextCustomizer@0, org.springframework.boot.test.autoconfigure.web.servlet.WebDriverContextCustomizerFactory$Customizer@1fa1cab1, org.springframework.boot.test.context.filter.ExcludeFilterContextCustomizer@31ff43be, org.springframework.boot.test.json.DuplicateJsonObjectContextCustomizerFactory$DuplicateJsonObjectContextCustomizer@132e0cc, org.springframework.boot.test.mock.mockito.MockitoContextCustomizer@5816ffdf], contextLoader = 'org.springframework.test.context.support.DelegatingSmartContextLoader', parent = [null]]]
23:36:59.816 [Test worker] DEBUG org.springframework.test.context.cache - Spring test ApplicationContext cache statistics: [DefaultContextCache@2c768ada size = 1, maxSize = 32, parentContextCount = 0, hitCount = 108, missCount = 1]
23:36:59.816 [Test worker] DEBUG org.springframework.test.context.support.DependencyInjectionTestExecutionListener - Performing dependency injection for test context [[DefaultTestContext@10cf09e8 testClass = TeamServiceTest, testInstance = org.waldreg.team.TeamServiceTest@2c0b4c83, testMethod = [null], testException = [null], mergedContextConfiguration = [MergedContextConfiguration@1921ad94 testClass = TeamServiceTest, locations = '{}', classes = '{class org.waldreg.teambuilding.team.management.DefaultTeamManager}', contextInitializerClasses = '[]', activeProfiles = '{}', propertySourceLocations = '{}', propertySourceProperties = '{}', contextCustomizers = set[org.springframework.boot.test.autoconfigure.actuate.metrics.MetricsExportContextCustomizerFactory$DisableMetricExportContextCustomizer@481ba2cf, org.springframework.boot.test.autoconfigure.properties.PropertyMappingContextCustomizer@0, org.springframework.boot.test.autoconfigure.web.servlet.WebDriverContextCustomizerFactory$Customizer@1fa1cab1, org.springframework.boot.test.context.filter.ExcludeFilterContextCustomizer@31ff43be, org.springframework.boot.test.json.DuplicateJsonObjectContextCustomizerFactory$DuplicateJsonObjectContextCustomizer@132e0cc, org.springframework.boot.test.mock.mockito.MockitoContextCustomizer@5816ffdf], contextLoader = 'org.springframework.test.context.support.DelegatingSmartContextLoader', parent = [null]], attributes = map['org.springframework.test.context.event.ApplicationEventsTestExecutionListener.recordApplicationEvents' -> false]]].
23:36:59.816 [Test worker] DEBUG org.springframework.test.context.cache.DefaultCacheAwareContextLoaderDelegate - Retrieved ApplicationContext [1895143699] from cache with key [[MergedContextConfiguration@1921ad94 testClass = TeamServiceTest, locations = '{}', classes = '{class org.waldreg.teambuilding.team.management.DefaultTeamManager}', contextInitializerClasses = '[]', activeProfiles = '{}', propertySourceLocations = '{}', propertySourceProperties = '{}', contextCustomizers = set[org.springframework.boot.test.autoconfigure.actuate.metrics.MetricsExportContextCustomizerFactory$DisableMetricExportContextCustomizer@481ba2cf, org.springframework.boot.test.autoconfigure.properties.PropertyMappingContextCustomizer@0, org.springframework.boot.test.autoconfigure.web.servlet.WebDriverContextCustomizerFactory$Customizer@1fa1cab1, org.springframework.boot.test.context.filter.ExcludeFilterContextCustomizer@31ff43be, org.springframework.boot.test.json.DuplicateJsonObjectContextCustomizerFactory$DuplicateJsonObjectContextCustomizer@132e0cc, org.springframework.boot.test.mock.mockito.MockitoContextCustomizer@5816ffdf], contextLoader = 'org.springframework.test.context.support.DelegatingSmartContextLoader', parent = [null]]]
23:36:59.816 [Test worker] DEBUG org.springframework.test.context.cache - Spring test ApplicationContext cache statistics: [DefaultContextCache@2c768ada size = 1, maxSize = 32, parentContextCount = 0, hitCount = 109, missCount = 1]
23:36:59.816 [Test worker] DEBUG org.springframework.test.context.cache.DefaultCacheAwareContextLoaderDelegate - Retrieved ApplicationContext [1895143699] from cache with key [[MergedContextConfiguration@1921ad94 testClass = TeamServiceTest, locations = '{}', classes = '{class org.waldreg.teambuilding.team.management.DefaultTeamManager}', contextInitializerClasses = '[]', activeProfiles = '{}', propertySourceLocations = '{}', propertySourceProperties = '{}', contextCustomizers = set[org.springframework.boot.test.autoconfigure.actuate.metrics.MetricsExportContextCustomizerFactory$DisableMetricExportContextCustomizer@481ba2cf, org.springframework.boot.test.autoconfigure.properties.PropertyMappingContextCustomizer@0, org.springframework.boot.test.autoconfigure.web.servlet.WebDriverContextCustomizerFactory$Customizer@1fa1cab1, org.springframework.boot.test.context.filter.ExcludeFilterContextCustomizer@31ff43be, org.springframework.boot.test.json.DuplicateJsonObjectContextCustomizerFactory$DuplicateJsonObjectContextCustomizer@132e0cc, org.springframework.boot.test.mock.mockito.MockitoContextCustomizer@5816ffdf], contextLoader = 'org.springframework.test.context.support.DelegatingSmartContextLoader', parent = [null]]]
23:36:59.817 [Test worker] DEBUG org.springframework.test.context.cache - Spring test ApplicationContext cache statistics: [DefaultContextCache@2c768ada size = 1, maxSize = 32, parentContextCount = 0, hitCount = 110, missCount = 1]
23:36:59.817 [Test worker] DEBUG org.springframework.test.context.support.AbstractDirtiesContextTestExecutionListener - Before test method: context [DefaultTestContext@10cf09e8 testClass = TeamServiceTest, testInstance = org.waldreg.team.TeamServiceTest@2c0b4c83, testMethod = CREATE_NEW_TEAM_IN_TEAM_BUILDING_SUCCESS_TEST@TeamServiceTest, testException = [null], mergedContextConfiguration = [MergedContextConfiguration@1921ad94 testClass = TeamServiceTest, locations = '{}', classes = '{class org.waldreg.teambuilding.team.management.DefaultTeamManager}', contextInitializerClasses = '[]', activeProfiles = '{}', propertySourceLocations = '{}', propertySourceProperties = '{}', contextCustomizers = set[org.springframework.boot.test.autoconfigure.actuate.metrics.MetricsExportContextCustomizerFactory$DisableMetricExportContextCustomizer@481ba2cf, org.springframework.boot.test.autoconfigure.properties.PropertyMappingContextCustomizer@0, org.springframework.boot.test.autoconfigure.web.servlet.WebDriverContextCustomizerFactory$Customizer@1fa1cab1, org.springframework.boot.test.context.filter.ExcludeFilterContextCustomizer@31ff43be, org.springframework.boot.test.json.DuplicateJsonObjectContextCustomizerFactory$DuplicateJsonObjectContextCustomizer@132e0cc, org.springframework.boot.test.mock.mockito.MockitoContextCustomizer@5816ffdf], contextLoader = 'org.springframework.test.context.support.DelegatingSmartContextLoader', parent = [null]], attributes = map['org.springframework.test.context.event.ApplicationEventsTestExecutionListener.recordApplicationEvents' -> false]], class annotated with @DirtiesContext [false] with mode [null], method annotated with @DirtiesContext [false] with mode [null].
23:36:59.817 [Test worker] DEBUG org.springframework.test.context.cache.DefaultCacheAwareContextLoaderDelegate - Retrieved ApplicationContext [1895143699] from cache with key [[MergedContextConfiguration@1921ad94 testClass = TeamServiceTest, locations = '{}', classes = '{class org.waldreg.teambuilding.team.management.DefaultTeamManager}', contextInitializerClasses = '[]', activeProfiles = '{}', propertySourceLocations = '{}', propertySourceProperties = '{}', contextCustomizers = set[org.springframework.boot.test.autoconfigure.actuate.metrics.MetricsExportContextCustomizerFactory$DisableMetricExportContextCustomizer@481ba2cf, org.springframework.boot.test.autoconfigure.properties.PropertyMappingContextCustomizer@0, org.springframework.boot.test.autoconfigure.web.servlet.WebDriverContextCustomizerFactory$Customizer@1fa1cab1, org.springframework.boot.test.context.filter.ExcludeFilterContextCustomizer@31ff43be, org.springframework.boot.test.json.DuplicateJsonObjectContextCustomizerFactory$DuplicateJsonObjectContextCustomizer@132e0cc, org.springframework.boot.test.mock.mockito.MockitoContextCustomizer@5816ffdf], contextLoader = 'org.springframework.test.context.support.DelegatingSmartContextLoader', parent = [null]]]
23:36:59.817 [Test worker] DEBUG org.springframework.test.context.cache - Spring test ApplicationContext cache statistics: [DefaultContextCache@2c768ada size = 1, maxSize = 32, parentContextCount = 0, hitCount = 111, missCount = 1]
23:36:59.817 [Test worker] DEBUG org.springframework.test.context.cache.DefaultCacheAwareContextLoaderDelegate - Retrieved ApplicationContext [1895143699] from cache with key [[MergedContextConfiguration@1921ad94 testClass = TeamServiceTest, locations = '{}', classes = '{class org.waldreg.teambuilding.team.management.DefaultTeamManager}', contextInitializerClasses = '[]', activeProfiles = '{}', propertySourceLocations = '{}', propertySourceProperties = '{}', contextCustomizers = set[org.springframework.boot.test.autoconfigure.actuate.metrics.MetricsExportContextCustomizerFactory$DisableMetricExportContextCustomizer@481ba2cf, org.springframework.boot.test.autoconfigure.properties.PropertyMappingContextCustomizer@0, org.springframework.boot.test.autoconfigure.web.servlet.WebDriverContextCustomizerFactory$Customizer@1fa1cab1, org.springframework.boot.test.context.filter.ExcludeFilterContextCustomizer@31ff43be, org.springframework.boot.test.json.DuplicateJsonObjectContextCustomizerFactory$DuplicateJsonObjectContextCustomizer@132e0cc, org.springframework.boot.test.mock.mockito.MockitoContextCustomizer@5816ffdf], contextLoader = 'org.springframework.test.context.support.DelegatingSmartContextLoader', parent = [null]]]
23:36:59.817 [Test worker] DEBUG org.springframework.test.context.cache - Spring test ApplicationContext cache statistics: [DefaultContextCache@2c768ada size = 1, maxSize = 32, parentContextCount = 0, hitCount = 112, missCount = 1]
23:36:59.817 [Test worker] DEBUG org.springframework.test.context.cache.DefaultCacheAwareContextLoaderDelegate - Retrieved ApplicationContext [1895143699] from cache with key [[MergedContextConfiguration@1921ad94 testClass = TeamServiceTest, locations = '{}', classes = '{class org.waldreg.teambuilding.team.management.DefaultTeamManager}', contextInitializerClasses = '[]', activeProfiles = '{}', propertySourceLocations = '{}', propertySourceProperties = '{}', contextCustomizers = set[org.springframework.boot.test.autoconfigure.actuate.metrics.MetricsExportContextCustomizerFactory$DisableMetricExportContextCustomizer@481ba2cf, org.springframework.boot.test.autoconfigure.properties.PropertyMappingContextCustomizer@0, org.springframework.boot.test.autoconfigure.web.servlet.WebDriverContextCustomizerFactory$Customizer@1fa1cab1, org.springframework.boot.test.context.filter.ExcludeFilterContextCustomizer@31ff43be, org.springframework.boot.test.json.DuplicateJsonObjectContextCustomizerFactory$DuplicateJsonObjectContextCustomizer@132e0cc, org.springframework.boot.test.mock.mockito.MockitoContextCustomizer@5816ffdf], contextLoader = 'org.springframework.test.context.support.DelegatingSmartContextLoader', parent = [null]]]
23:36:59.817 [Test worker] DEBUG org.springframework.test.context.cache - Spring test ApplicationContext cache statistics: [DefaultContextCache@2c768ada size = 1, maxSize = 32, parentContextCount = 0, hitCount = 113, missCount = 1]
23:36:59.818 [Test worker] DEBUG org.springframework.test.context.cache.DefaultCacheAwareContextLoaderDelegate - Retrieved ApplicationContext [1895143699] from cache with key [[MergedContextConfiguration@1921ad94 testClass = TeamServiceTest, locations = '{}', classes = '{class org.waldreg.teambuilding.team.management.DefaultTeamManager}', contextInitializerClasses = '[]', activeProfiles = '{}', propertySourceLocations = '{}', propertySourceProperties = '{}', contextCustomizers = set[org.springframework.boot.test.autoconfigure.actuate.metrics.MetricsExportContextCustomizerFactory$DisableMetricExportContextCustomizer@481ba2cf, org.springframework.boot.test.autoconfigure.properties.PropertyMappingContextCustomizer@0, org.springframework.boot.test.autoconfigure.web.servlet.WebDriverContextCustomizerFactory$Customizer@1fa1cab1, org.springframework.boot.test.context.filter.ExcludeFilterContextCustomizer@31ff43be, org.springframework.boot.test.json.DuplicateJsonObjectContextCustomizerFactory$DuplicateJsonObjectContextCustomizer@132e0cc, org.springframework.boot.test.mock.mockito.MockitoContextCustomizer@5816ffdf], contextLoader = 'org.springframework.test.context.support.DelegatingSmartContextLoader', parent = [null]]]
23:36:59.818 [Test worker] DEBUG org.springframework.test.context.cache - Spring test ApplicationContext cache statistics: [DefaultContextCache@2c768ada size = 1, maxSize = 32, parentContextCount = 0, hitCount = 114, missCount = 1]
23:36:59.818 [Test worker] DEBUG org.springframework.test.context.cache.DefaultCacheAwareContextLoaderDelegate - Retrieved ApplicationContext [1895143699] from cache with key [[MergedContextConfiguration@1921ad94 testClass = TeamServiceTest, locations = '{}', classes = '{class org.waldreg.teambuilding.team.management.DefaultTeamManager}', contextInitializerClasses = '[]', activeProfiles = '{}', propertySourceLocations = '{}', propertySourceProperties = '{}', contextCustomizers = set[org.springframework.boot.test.autoconfigure.actuate.metrics.MetricsExportContextCustomizerFactory$DisableMetricExportContextCustomizer@481ba2cf, org.springframework.boot.test.autoconfigure.properties.PropertyMappingContextCustomizer@0, org.springframework.boot.test.autoconfigure.web.servlet.WebDriverContextCustomizerFactory$Customizer@1fa1cab1, org.springframework.boot.test.context.filter.ExcludeFilterContextCustomizer@31ff43be, org.springframework.boot.test.json.DuplicateJsonObjectContextCustomizerFactory$DuplicateJsonObjectContextCustomizer@132e0cc, org.springframework.boot.test.mock.mockito.MockitoContextCustomizer@5816ffdf], contextLoader = 'org.springframework.test.context.support.DelegatingSmartContextLoader', parent = [null]]]
23:36:59.818 [Test worker] DEBUG org.springframework.test.context.cache - Spring test ApplicationContext cache statistics: [DefaultContextCache@2c768ada size = 1, maxSize = 32, parentContextCount = 0, hitCount = 115, missCount = 1]
23:36:59.818 [Test worker] DEBUG org.springframework.test.context.cache.DefaultCacheAwareContextLoaderDelegate - Retrieved ApplicationContext [1895143699] from cache with key [[MergedContextConfiguration@1921ad94 testClass = TeamServiceTest, locations = '{}', classes = '{class org.waldreg.teambuilding.team.management.DefaultTeamManager}', contextInitializerClasses = '[]', activeProfiles = '{}', propertySourceLocations = '{}', propertySourceProperties = '{}', contextCustomizers = set[org.springframework.boot.test.autoconfigure.actuate.metrics.MetricsExportContextCustomizerFactory$DisableMetricExportContextCustomizer@481ba2cf, org.springframework.boot.test.autoconfigure.properties.PropertyMappingContextCustomizer@0, org.springframework.boot.test.autoconfigure.web.servlet.WebDriverContextCustomizerFactory$Customizer@1fa1cab1, org.springframework.boot.test.context.filter.ExcludeFilterContextCustomizer@31ff43be, org.springframework.boot.test.json.DuplicateJsonObjectContextCustomizerFactory$DuplicateJsonObjectContextCustomizer@132e0cc, org.springframework.boot.test.mock.mockito.MockitoContextCustomizer@5816ffdf], contextLoader = 'org.springframework.test.context.support.DelegatingSmartContextLoader', parent = [null]]]
23:36:59.818 [Test worker] DEBUG org.springframework.test.context.cache - Spring test ApplicationContext cache statistics: [DefaultContextCache@2c768ada size = 1, maxSize = 32, parentContextCount = 0, hitCount = 116, missCount = 1]
23:36:59.818 [Test worker] DEBUG org.springframework.test.context.cache.DefaultCacheAwareContextLoaderDelegate - Retrieved ApplicationContext [1895143699] from cache with key [[MergedContextConfiguration@1921ad94 testClass = TeamServiceTest, locations = '{}', classes = '{class org.waldreg.teambuilding.team.management.DefaultTeamManager}', contextInitializerClasses = '[]', activeProfiles = '{}', propertySourceLocations = '{}', propertySourceProperties = '{}', contextCustomizers = set[org.springframework.boot.test.autoconfigure.actuate.metrics.MetricsExportContextCustomizerFactory$DisableMetricExportContextCustomizer@481ba2cf, org.springframework.boot.test.autoconfigure.properties.PropertyMappingContextCustomizer@0, org.springframework.boot.test.autoconfigure.web.servlet.WebDriverContextCustomizerFactory$Customizer@1fa1cab1, org.springframework.boot.test.context.filter.ExcludeFilterContextCustomizer@31ff43be, org.springframework.boot.test.json.DuplicateJsonObjectContextCustomizerFactory$DuplicateJsonObjectContextCustomizer@132e0cc, org.springframework.boot.test.mock.mockito.MockitoContextCustomizer@5816ffdf], contextLoader = 'org.springframework.test.context.support.DelegatingSmartContextLoader', parent = [null]]]
23:36:59.818 [Test worker] DEBUG org.springframework.test.context.cache - Spring test ApplicationContext cache statistics: [DefaultContextCache@2c768ada size = 1, maxSize = 32, parentContextCount = 0, hitCount = 117, missCount = 1]
23:36:59.818 [Test worker] DEBUG org.springframework.test.context.cache.DefaultCacheAwareContextLoaderDelegate - Retrieved ApplicationContext [1895143699] from cache with key [[MergedContextConfiguration@1921ad94 testClass = TeamServiceTest, locations = '{}', classes = '{class org.waldreg.teambuilding.team.management.DefaultTeamManager}', contextInitializerClasses = '[]', activeProfiles = '{}', propertySourceLocations = '{}', propertySourceProperties = '{}', contextCustomizers = set[org.springframework.boot.test.autoconfigure.actuate.metrics.MetricsExportContextCustomizerFactory$DisableMetricExportContextCustomizer@481ba2cf, org.springframework.boot.test.autoconfigure.properties.PropertyMappingContextCustomizer@0, org.springframework.boot.test.autoconfigure.web.servlet.WebDriverContextCustomizerFactory$Customizer@1fa1cab1, org.springframework.boot.test.context.filter.ExcludeFilterContextCustomizer@31ff43be, org.springframework.boot.test.json.DuplicateJsonObjectContextCustomizerFactory$DuplicateJsonObjectContextCustomizer@132e0cc, org.springframework.boot.test.mock.mockito.MockitoContextCustomizer@5816ffdf], contextLoader = 'org.springframework.test.context.support.DelegatingSmartContextLoader', parent = [null]]]
23:36:59.818 [Test worker] DEBUG org.springframework.test.context.cache - Spring test ApplicationContext cache statistics: [DefaultContextCache@2c768ada size = 1, maxSize = 32, parentContextCount = 0, hitCount = 118, missCount = 1]
23:36:59.819 [Test worker] DEBUG org.springframework.test.context.cache.DefaultCacheAwareContextLoaderDelegate - Retrieved ApplicationContext [1895143699] from cache with key [[MergedContextConfiguration@1921ad94 testClass = TeamServiceTest, locations = '{}', classes = '{class org.waldreg.teambuilding.team.management.DefaultTeamManager}', contextInitializerClasses = '[]', activeProfiles = '{}', propertySourceLocations = '{}', propertySourceProperties = '{}', contextCustomizers = set[org.springframework.boot.test.autoconfigure.actuate.metrics.MetricsExportContextCustomizerFactory$DisableMetricExportContextCustomizer@481ba2cf, org.springframework.boot.test.autoconfigure.properties.PropertyMappingContextCustomizer@0, org.springframework.boot.test.autoconfigure.web.servlet.WebDriverContextCustomizerFactory$Customizer@1fa1cab1, org.springframework.boot.test.context.filter.ExcludeFilterContextCustomizer@31ff43be, org.springframework.boot.test.json.DuplicateJsonObjectContextCustomizerFactory$DuplicateJsonObjectContextCustomizer@132e0cc, org.springframework.boot.test.mock.mockito.MockitoContextCustomizer@5816ffdf], contextLoader = 'org.springframework.test.context.support.DelegatingSmartContextLoader', parent = [null]]]
23:36:59.819 [Test worker] DEBUG org.springframework.test.context.cache - Spring test ApplicationContext cache statistics: [DefaultContextCache@2c768ada size = 1, maxSize = 32, parentContextCount = 0, hitCount = 119, missCount = 1]
23:36:59.819 [Test worker] DEBUG org.springframework.test.context.support.AbstractDirtiesContextTestExecutionListener - After test method: context [DefaultTestContext@10cf09e8 testClass = TeamServiceTest, testInstance = org.waldreg.team.TeamServiceTest@2c0b4c83, testMethod = CREATE_NEW_TEAM_IN_TEAM_BUILDING_SUCCESS_TEST@TeamServiceTest, testException = [null], mergedContextConfiguration = [MergedContextConfiguration@1921ad94 testClass = TeamServiceTest, locations = '{}', classes = '{class org.waldreg.teambuilding.team.management.DefaultTeamManager}', contextInitializerClasses = '[]', activeProfiles = '{}', propertySourceLocations = '{}', propertySourceProperties = '{}', contextCustomizers = set[org.springframework.boot.test.autoconfigure.actuate.metrics.MetricsExportContextCustomizerFactory$DisableMetricExportContextCustomizer@481ba2cf, org.springframework.boot.test.autoconfigure.properties.PropertyMappingContextCustomizer@0, org.springframework.boot.test.autoconfigure.web.servlet.WebDriverContextCustomizerFactory$Customizer@1fa1cab1, org.springframework.boot.test.context.filter.ExcludeFilterContextCustomizer@31ff43be, org.springframework.boot.test.json.DuplicateJsonObjectContextCustomizerFactory$DuplicateJsonObjectContextCustomizer@132e0cc, org.springframework.boot.test.mock.mockito.MockitoContextCustomizer@5816ffdf], contextLoader = 'org.springframework.test.context.support.DelegatingSmartContextLoader', parent = [null]], attributes = map['org.springframework.test.context.event.ApplicationEventsTestExecutionListener.recordApplicationEvents' -> false]], class annotated with @DirtiesContext [false] with mode [null], method annotated with @DirtiesContext [false] with mode [null].
23:36:59.819 [Test worker] DEBUG org.springframework.test.context.cache.DefaultCacheAwareContextLoaderDelegate - Retrieved ApplicationContext [1895143699] from cache with key [[MergedContextConfiguration@1921ad94 testClass = TeamServiceTest, locations = '{}', classes = '{class org.waldreg.teambuilding.team.management.DefaultTeamManager}', contextInitializerClasses = '[]', activeProfiles = '{}', propertySourceLocations = '{}', propertySourceProperties = '{}', contextCustomizers = set[org.springframework.boot.test.autoconfigure.actuate.metrics.MetricsExportContextCustomizerFactory$DisableMetricExportContextCustomizer@481ba2cf, org.springframework.boot.test.autoconfigure.properties.PropertyMappingContextCustomizer@0, org.springframework.boot.test.autoconfigure.web.servlet.WebDriverContextCustomizerFactory$Customizer@1fa1cab1, org.springframework.boot.test.context.filter.ExcludeFilterContextCustomizer@31ff43be, org.springframework.boot.test.json.DuplicateJsonObjectContextCustomizerFactory$DuplicateJsonObjectContextCustomizer@132e0cc, org.springframework.boot.test.mock.mockito.MockitoContextCustomizer@5816ffdf], contextLoader = 'org.springframework.test.context.support.DelegatingSmartContextLoader', parent = [null]]]
23:36:59.819 [Test worker] DEBUG org.springframework.test.context.cache - Spring test ApplicationContext cache statistics: [DefaultContextCache@2c768ada size = 1, maxSize = 32, parentContextCount = 0, hitCount = 120, missCount = 1]
23:36:59.819 [Test worker] DEBUG org.springframework.test.context.support.DependencyInjectionTestExecutionListener - Performing dependency injection for test context [[DefaultTestContext@10cf09e8 testClass = TeamServiceTest, testInstance = org.waldreg.team.TeamServiceTest@51b35e4e, testMethod = [null], testException = [null], mergedContextConfiguration = [MergedContextConfiguration@1921ad94 testClass = TeamServiceTest, locations = '{}', classes = '{class org.waldreg.teambuilding.team.management.DefaultTeamManager}', contextInitializerClasses = '[]', activeProfiles = '{}', propertySourceLocations = '{}', propertySourceProperties = '{}', contextCustomizers = set[org.springframework.boot.test.autoconfigure.actuate.metrics.MetricsExportContextCustomizerFactory$DisableMetricExportContextCustomizer@481ba2cf, org.springframework.boot.test.autoconfigure.properties.PropertyMappingContextCustomizer@0, org.springframework.boot.test.autoconfigure.web.servlet.WebDriverContextCustomizerFactory$Customizer@1fa1cab1, org.springframework.boot.test.context.filter.ExcludeFilterContextCustomizer@31ff43be, org.springframework.boot.test.json.DuplicateJsonObjectContextCustomizerFactory$DuplicateJsonObjectContextCustomizer@132e0cc, org.springframework.boot.test.mock.mockito.MockitoContextCustomizer@5816ffdf], contextLoader = 'org.springframework.test.context.support.DelegatingSmartContextLoader', parent = [null]], attributes = map['org.springframework.test.context.event.ApplicationEventsTestExecutionListener.recordApplicationEvents' -> false]]].
23:36:59.820 [Test worker] DEBUG org.springframework.test.context.cache.DefaultCacheAwareContextLoaderDelegate - Retrieved ApplicationContext [1895143699] from cache with key [[MergedContextConfiguration@1921ad94 testClass = TeamServiceTest, locations = '{}', classes = '{class org.waldreg.teambuilding.team.management.DefaultTeamManager}', contextInitializerClasses = '[]', activeProfiles = '{}', propertySourceLocations = '{}', propertySourceProperties = '{}', contextCustomizers = set[org.springframework.boot.test.autoconfigure.actuate.metrics.MetricsExportContextCustomizerFactory$DisableMetricExportContextCustomizer@481ba2cf, org.springframework.boot.test.autoconfigure.properties.PropertyMappingContextCustomizer@0, org.springframework.boot.test.autoconfigure.web.servlet.WebDriverContextCustomizerFactory$Customizer@1fa1cab1, org.springframework.boot.test.context.filter.ExcludeFilterContextCustomizer@31ff43be, org.springframework.boot.test.json.DuplicateJsonObjectContextCustomizerFactory$DuplicateJsonObjectContextCustomizer@132e0cc, org.springframework.boot.test.mock.mockito.MockitoContextCustomizer@5816ffdf], contextLoader = 'org.springframework.test.context.support.DelegatingSmartContextLoader', parent = [null]]]
23:36:59.820 [Test worker] DEBUG org.springframework.test.context.cache - Spring test ApplicationContext cache statistics: [DefaultContextCache@2c768ada size = 1, maxSize = 32, parentContextCount = 0, hitCount = 121, missCount = 1]
23:36:59.820 [Test worker] DEBUG org.springframework.test.context.cache.DefaultCacheAwareContextLoaderDelegate - Retrieved ApplicationContext [1895143699] from cache with key [[MergedContextConfiguration@1921ad94 testClass = TeamServiceTest, locations = '{}', classes = '{class org.waldreg.teambuilding.team.management.DefaultTeamManager}', contextInitializerClasses = '[]', activeProfiles = '{}', propertySourceLocations = '{}', propertySourceProperties = '{}', contextCustomizers = set[org.springframework.boot.test.autoconfigure.actuate.metrics.MetricsExportContextCustomizerFactory$DisableMetricExportContextCustomizer@481ba2cf, org.springframework.boot.test.autoconfigure.properties.PropertyMappingContextCustomizer@0, org.springframework.boot.test.autoconfigure.web.servlet.WebDriverContextCustomizerFactory$Customizer@1fa1cab1, org.springframework.boot.test.context.filter.ExcludeFilterContextCustomizer@31ff43be, org.springframework.boot.test.json.DuplicateJsonObjectContextCustomizerFactory$DuplicateJsonObjectContextCustomizer@132e0cc, org.springframework.boot.test.mock.mockito.MockitoContextCustomizer@5816ffdf], contextLoader = 'org.springframework.test.context.support.DelegatingSmartContextLoader', parent = [null]]]
23:36:59.820 [Test worker] DEBUG org.springframework.test.context.cache - Spring test ApplicationContext cache statistics: [DefaultContextCache@2c768ada size = 1, maxSize = 32, parentContextCount = 0, hitCount = 122, missCount = 1]
23:36:59.820 [Test worker] DEBUG org.springframework.test.context.support.AbstractDirtiesContextTestExecutionListener - Before test method: context [DefaultTestContext@10cf09e8 testClass = TeamServiceTest, testInstance = org.waldreg.team.TeamServiceTest@51b35e4e, testMethod = MODIFY_TEAM_NAME_IN_TEAM_BUILDING_FAIL_CAUSE_DUPLICATED_TEAM_NAME_TEST@TeamServiceTest, testException = [null], mergedContextConfiguration = [MergedContextConfiguration@1921ad94 testClass = TeamServiceTest, locations = '{}', classes = '{class org.waldreg.teambuilding.team.management.DefaultTeamManager}', contextInitializerClasses = '[]', activeProfiles = '{}', propertySourceLocations = '{}', propertySourceProperties = '{}', contextCustomizers = set[org.springframework.boot.test.autoconfigure.actuate.metrics.MetricsExportContextCustomizerFactory$DisableMetricExportContextCustomizer@481ba2cf, org.springframework.boot.test.autoconfigure.properties.PropertyMappingContextCustomizer@0, org.springframework.boot.test.autoconfigure.web.servlet.WebDriverContextCustomizerFactory$Customizer@1fa1cab1, org.springframework.boot.test.context.filter.ExcludeFilterContextCustomizer@31ff43be, org.springframework.boot.test.json.DuplicateJsonObjectContextCustomizerFactory$DuplicateJsonObjectContextCustomizer@132e0cc, org.springframework.boot.test.mock.mockito.MockitoContextCustomizer@5816ffdf], contextLoader = 'org.springframework.test.context.support.DelegatingSmartContextLoader', parent = [null]], attributes = map['org.springframework.test.context.event.ApplicationEventsTestExecutionListener.recordApplicationEvents' -> false]], class annotated with @DirtiesContext [false] with mode [null], method annotated with @DirtiesContext [false] with mode [null].
23:36:59.820 [Test worker] DEBUG org.springframework.test.context.cache.DefaultCacheAwareContextLoaderDelegate - Retrieved ApplicationContext [1895143699] from cache with key [[MergedContextConfiguration@1921ad94 testClass = TeamServiceTest, locations = '{}', classes = '{class org.waldreg.teambuilding.team.management.DefaultTeamManager}', contextInitializerClasses = '[]', activeProfiles = '{}', propertySourceLocations = '{}', propertySourceProperties = '{}', contextCustomizers = set[org.springframework.boot.test.autoconfigure.actuate.metrics.MetricsExportContextCustomizerFactory$DisableMetricExportContextCustomizer@481ba2cf, org.springframework.boot.test.autoconfigure.properties.PropertyMappingContextCustomizer@0, org.springframework.boot.test.autoconfigure.web.servlet.WebDriverContextCustomizerFactory$Customizer@1fa1cab1, org.springframework.boot.test.context.filter.ExcludeFilterContextCustomizer@31ff43be, org.springframework.boot.test.json.DuplicateJsonObjectContextCustomizerFactory$DuplicateJsonObjectContextCustomizer@132e0cc, org.springframework.boot.test.mock.mockito.MockitoContextCustomizer@5816ffdf], contextLoader = 'org.springframework.test.context.support.DelegatingSmartContextLoader', parent = [null]]]
23:36:59.820 [Test worker] DEBUG org.springframework.test.context.cache - Spring test ApplicationContext cache statistics: [DefaultContextCache@2c768ada size = 1, maxSize = 32, parentContextCount = 0, hitCount = 123, missCount = 1]
23:36:59.820 [Test worker] DEBUG org.springframework.test.context.cache.DefaultCacheAwareContextLoaderDelegate - Retrieved ApplicationContext [1895143699] from cache with key [[MergedContextConfiguration@1921ad94 testClass = TeamServiceTest, locations = '{}', classes = '{class org.waldreg.teambuilding.team.management.DefaultTeamManager}', contextInitializerClasses = '[]', activeProfiles = '{}', propertySourceLocations = '{}', propertySourceProperties = '{}', contextCustomizers = set[org.springframework.boot.test.autoconfigure.actuate.metrics.MetricsExportContextCustomizerFactory$DisableMetricExportContextCustomizer@481ba2cf, org.springframework.boot.test.autoconfigure.properties.PropertyMappingContextCustomizer@0, org.springframework.boot.test.autoconfigure.web.servlet.WebDriverContextCustomizerFactory$Customizer@1fa1cab1, org.springframework.boot.test.context.filter.ExcludeFilterContextCustomizer@31ff43be, org.springframework.boot.test.json.DuplicateJsonObjectContextCustomizerFactory$DuplicateJsonObjectContextCustomizer@132e0cc, org.springframework.boot.test.mock.mockito.MockitoContextCustomizer@5816ffdf], contextLoader = 'org.springframework.test.context.support.DelegatingSmartContextLoader', parent = [null]]]
23:36:59.820 [Test worker] DEBUG org.springframework.test.context.cache - Spring test ApplicationContext cache statistics: [DefaultContextCache@2c768ada size = 1, maxSize = 32, parentContextCount = 0, hitCount = 124, missCount = 1]
23:36:59.820 [Test worker] DEBUG org.springframework.test.context.cache.DefaultCacheAwareContextLoaderDelegate - Retrieved ApplicationContext [1895143699] from cache with key [[MergedContextConfiguration@1921ad94 testClass = TeamServiceTest, locations = '{}', classes = '{class org.waldreg.teambuilding.team.management.DefaultTeamManager}', contextInitializerClasses = '[]', activeProfiles = '{}', propertySourceLocations = '{}', propertySourceProperties = '{}', contextCustomizers = set[org.springframework.boot.test.autoconfigure.actuate.metrics.MetricsExportContextCustomizerFactory$DisableMetricExportContextCustomizer@481ba2cf, org.springframework.boot.test.autoconfigure.properties.PropertyMappingContextCustomizer@0, org.springframework.boot.test.autoconfigure.web.servlet.WebDriverContextCustomizerFactory$Customizer@1fa1cab1, org.springframework.boot.test.context.filter.ExcludeFilterContextCustomizer@31ff43be, org.springframework.boot.test.json.DuplicateJsonObjectContextCustomizerFactory$DuplicateJsonObjectContextCustomizer@132e0cc, org.springframework.boot.test.mock.mockito.MockitoContextCustomizer@5816ffdf], contextLoader = 'org.springframework.test.context.support.DelegatingSmartContextLoader', parent = [null]]]
23:36:59.820 [Test worker] DEBUG org.springframework.test.context.cache - Spring test ApplicationContext cache statistics: [DefaultContextCache@2c768ada size = 1, maxSize = 32, parentContextCount = 0, hitCount = 125, missCount = 1]
23:36:59.821 [Test worker] DEBUG org.springframework.test.context.cache.DefaultCacheAwareContextLoaderDelegate - Retrieved ApplicationContext [1895143699] from cache with key [[MergedContextConfiguration@1921ad94 testClass = TeamServiceTest, locations = '{}', classes = '{class org.waldreg.teambuilding.team.management.DefaultTeamManager}', contextInitializerClasses = '[]', activeProfiles = '{}', propertySourceLocations = '{}', propertySourceProperties = '{}', contextCustomizers = set[org.springframework.boot.test.autoconfigure.actuate.metrics.MetricsExportContextCustomizerFactory$DisableMetricExportContextCustomizer@481ba2cf, org.springframework.boot.test.autoconfigure.properties.PropertyMappingContextCustomizer@0, org.springframework.boot.test.autoconfigure.web.servlet.WebDriverContextCustomizerFactory$Customizer@1fa1cab1, org.springframework.boot.test.context.filter.ExcludeFilterContextCustomizer@31ff43be, org.springframework.boot.test.json.DuplicateJsonObjectContextCustomizerFactory$DuplicateJsonObjectContextCustomizer@132e0cc, org.springframework.boot.test.mock.mockito.MockitoContextCustomizer@5816ffdf], contextLoader = 'org.springframework.test.context.support.DelegatingSmartContextLoader', parent = [null]]]
23:36:59.821 [Test worker] DEBUG org.springframework.test.context.cache - Spring test ApplicationContext cache statistics: [DefaultContextCache@2c768ada size = 1, maxSize = 32, parentContextCount = 0, hitCount = 126, missCount = 1]
23:36:59.821 [Test worker] DEBUG org.springframework.test.context.cache.DefaultCacheAwareContextLoaderDelegate - Retrieved ApplicationContext [1895143699] from cache with key [[MergedContextConfiguration@1921ad94 testClass = TeamServiceTest, locations = '{}', classes = '{class org.waldreg.teambuilding.team.management.DefaultTeamManager}', contextInitializerClasses = '[]', activeProfiles = '{}', propertySourceLocations = '{}', propertySourceProperties = '{}', contextCustomizers = set[org.springframework.boot.test.autoconfigure.actuate.metrics.MetricsExportContextCustomizerFactory$DisableMetricExportContextCustomizer@481ba2cf, org.springframework.boot.test.autoconfigure.properties.PropertyMappingContextCustomizer@0, org.springframework.boot.test.autoconfigure.web.servlet.WebDriverContextCustomizerFactory$Customizer@1fa1cab1, org.springframework.boot.test.context.filter.ExcludeFilterContextCustomizer@31ff43be, org.springframework.boot.test.json.DuplicateJsonObjectContextCustomizerFactory$DuplicateJsonObjectContextCustomizer@132e0cc, org.springframework.boot.test.mock.mockito.MockitoContextCustomizer@5816ffdf], contextLoader = 'org.springframework.test.context.support.DelegatingSmartContextLoader', parent = [null]]]
23:36:59.821 [Test worker] DEBUG org.springframework.test.context.cache - Spring test ApplicationContext cache statistics: [DefaultContextCache@2c768ada size = 1, maxSize = 32, parentContextCount = 0, hitCount = 127, missCount = 1]
23:36:59.821 [Test worker] DEBUG org.springframework.test.context.cache.DefaultCacheAwareContextLoaderDelegate - Retrieved ApplicationContext [1895143699] from cache with key [[MergedContextConfiguration@1921ad94 testClass = TeamServiceTest, locations = '{}', classes = '{class org.waldreg.teambuilding.team.management.DefaultTeamManager}', contextInitializerClasses = '[]', activeProfiles = '{}', propertySourceLocations = '{}', propertySourceProperties = '{}', contextCustomizers = set[org.springframework.boot.test.autoconfigure.actuate.metrics.MetricsExportContextCustomizerFactory$DisableMetricExportContextCustomizer@481ba2cf, org.springframework.boot.test.autoconfigure.properties.PropertyMappingContextCustomizer@0, org.springframework.boot.test.autoconfigure.web.servlet.WebDriverContextCustomizerFactory$Customizer@1fa1cab1, org.springframework.boot.test.context.filter.ExcludeFilterContextCustomizer@31ff43be, org.springframework.boot.test.json.DuplicateJsonObjectContextCustomizerFactory$DuplicateJsonObjectContextCustomizer@132e0cc, org.springframework.boot.test.mock.mockito.MockitoContextCustomizer@5816ffdf], contextLoader = 'org.springframework.test.context.support.DelegatingSmartContextLoader', parent = [null]]]
23:36:59.821 [Test worker] DEBUG org.springframework.test.context.cache - Spring test ApplicationContext cache statistics: [DefaultContextCache@2c768ada size = 1, maxSize = 32, parentContextCount = 0, hitCount = 128, missCount = 1]
23:36:59.821 [Test worker] DEBUG org.springframework.test.context.cache.DefaultCacheAwareContextLoaderDelegate - Retrieved ApplicationContext [1895143699] from cache with key [[MergedContextConfiguration@1921ad94 testClass = TeamServiceTest, locations = '{}', classes = '{class org.waldreg.teambuilding.team.management.DefaultTeamManager}', contextInitializerClasses = '[]', activeProfiles = '{}', propertySourceLocations = '{}', propertySourceProperties = '{}', contextCustomizers = set[org.springframework.boot.test.autoconfigure.actuate.metrics.MetricsExportContextCustomizerFactory$DisableMetricExportContextCustomizer@481ba2cf, org.springframework.boot.test.autoconfigure.properties.PropertyMappingContextCustomizer@0, org.springframework.boot.test.autoconfigure.web.servlet.WebDriverContextCustomizerFactory$Customizer@1fa1cab1, org.springframework.boot.test.context.filter.ExcludeFilterContextCustomizer@31ff43be, org.springframework.boot.test.json.DuplicateJsonObjectContextCustomizerFactory$DuplicateJsonObjectContextCustomizer@132e0cc, org.springframework.boot.test.mock.mockito.MockitoContextCustomizer@5816ffdf], contextLoader = 'org.springframework.test.context.support.DelegatingSmartContextLoader', parent = [null]]]
23:36:59.822 [Test worker] DEBUG org.springframework.test.context.cache - Spring test ApplicationContext cache statistics: [DefaultContextCache@2c768ada size = 1, maxSize = 32, parentContextCount = 0, hitCount = 129, missCount = 1]
23:36:59.822 [Test worker] DEBUG org.springframework.test.context.cache.DefaultCacheAwareContextLoaderDelegate - Retrieved ApplicationContext [1895143699] from cache with key [[MergedContextConfiguration@1921ad94 testClass = TeamServiceTest, locations = '{}', classes = '{class org.waldreg.teambuilding.team.management.DefaultTeamManager}', contextInitializerClasses = '[]', activeProfiles = '{}', propertySourceLocations = '{}', propertySourceProperties = '{}', contextCustomizers = set[org.springframework.boot.test.autoconfigure.actuate.metrics.MetricsExportContextCustomizerFactory$DisableMetricExportContextCustomizer@481ba2cf, org.springframework.boot.test.autoconfigure.properties.PropertyMappingContextCustomizer@0, org.springframework.boot.test.autoconfigure.web.servlet.WebDriverContextCustomizerFactory$Customizer@1fa1cab1, org.springframework.boot.test.context.filter.ExcludeFilterContextCustomizer@31ff43be, org.springframework.boot.test.json.DuplicateJsonObjectContextCustomizerFactory$DuplicateJsonObjectContextCustomizer@132e0cc, org.springframework.boot.test.mock.mockito.MockitoContextCustomizer@5816ffdf], contextLoader = 'org.springframework.test.context.support.DelegatingSmartContextLoader', parent = [null]]]
23:36:59.822 [Test worker] DEBUG org.springframework.test.context.cache - Spring test ApplicationContext cache statistics: [DefaultContextCache@2c768ada size = 1, maxSize = 32, parentContextCount = 0, hitCount = 130, missCount = 1]
23:36:59.822 [Test worker] DEBUG org.springframework.test.context.cache.DefaultCacheAwareContextLoaderDelegate - Retrieved ApplicationContext [1895143699] from cache with key [[MergedContextConfiguration@1921ad94 testClass = TeamServiceTest, locations = '{}', classes = '{class org.waldreg.teambuilding.team.management.DefaultTeamManager}', contextInitializerClasses = '[]', activeProfiles = '{}', propertySourceLocations = '{}', propertySourceProperties = '{}', contextCustomizers = set[org.springframework.boot.test.autoconfigure.actuate.metrics.MetricsExportContextCustomizerFactory$DisableMetricExportContextCustomizer@481ba2cf, org.springframework.boot.test.autoconfigure.properties.PropertyMappingContextCustomizer@0, org.springframework.boot.test.autoconfigure.web.servlet.WebDriverContextCustomizerFactory$Customizer@1fa1cab1, org.springframework.boot.test.context.filter.ExcludeFilterContextCustomizer@31ff43be, org.springframework.boot.test.json.DuplicateJsonObjectContextCustomizerFactory$DuplicateJsonObjectContextCustomizer@132e0cc, org.springframework.boot.test.mock.mockito.MockitoContextCustomizer@5816ffdf], contextLoader = 'org.springframework.test.context.support.DelegatingSmartContextLoader', parent = [null]]]
23:36:59.822 [Test worker] DEBUG org.springframework.test.context.cache - Spring test ApplicationContext cache statistics: [DefaultContextCache@2c768ada size = 1, maxSize = 32, parentContextCount = 0, hitCount = 131, missCount = 1]
23:36:59.822 [Test worker] DEBUG org.springframework.test.context.support.AbstractDirtiesContextTestExecutionListener - After test method: context [DefaultTestContext@10cf09e8 testClass = TeamServiceTest, testInstance = org.waldreg.team.TeamServiceTest@51b35e4e, testMethod = MODIFY_TEAM_NAME_IN_TEAM_BUILDING_FAIL_CAUSE_DUPLICATED_TEAM_NAME_TEST@TeamServiceTest, testException = [null], mergedContextConfiguration = [MergedContextConfiguration@1921ad94 testClass = TeamServiceTest, locations = '{}', classes = '{class org.waldreg.teambuilding.team.management.DefaultTeamManager}', contextInitializerClasses = '[]', activeProfiles = '{}', propertySourceLocations = '{}', propertySourceProperties = '{}', contextCustomizers = set[org.springframework.boot.test.autoconfigure.actuate.metrics.MetricsExportContextCustomizerFactory$DisableMetricExportContextCustomizer@481ba2cf, org.springframework.boot.test.autoconfigure.properties.PropertyMappingContextCustomizer@0, org.springframework.boot.test.autoconfigure.web.servlet.WebDriverContextCustomizerFactory$Customizer@1fa1cab1, org.springframework.boot.test.context.filter.ExcludeFilterContextCustomizer@31ff43be, org.springframework.boot.test.json.DuplicateJsonObjectContextCustomizerFactory$DuplicateJsonObjectContextCustomizer@132e0cc, org.springframework.boot.test.mock.mockito.MockitoContextCustomizer@5816ffdf], contextLoader = 'org.springframework.test.context.support.DelegatingSmartContextLoader', parent = [null]], attributes = map['org.springframework.test.context.event.ApplicationEventsTestExecutionListener.recordApplicationEvents' -> false]], class annotated with @DirtiesContext [false] with mode [null], method annotated with @DirtiesContext [false] with mode [null].
23:36:59.822 [Test worker] DEBUG org.springframework.test.context.cache.DefaultCacheAwareContextLoaderDelegate - Retrieved ApplicationContext [1895143699] from cache with key [[MergedContextConfiguration@1921ad94 testClass = TeamServiceTest, locations = '{}', classes = '{class org.waldreg.teambuilding.team.management.DefaultTeamManager}', contextInitializerClasses = '[]', activeProfiles = '{}', propertySourceLocations = '{}', propertySourceProperties = '{}', contextCustomizers = set[org.springframework.boot.test.autoconfigure.actuate.metrics.MetricsExportContextCustomizerFactory$DisableMetricExportContextCustomizer@481ba2cf, org.springframework.boot.test.autoconfigure.properties.PropertyMappingContextCustomizer@0, org.springframework.boot.test.autoconfigure.web.servlet.WebDriverContextCustomizerFactory$Customizer@1fa1cab1, org.springframework.boot.test.context.filter.ExcludeFilterContextCustomizer@31ff43be, org.springframework.boot.test.json.DuplicateJsonObjectContextCustomizerFactory$DuplicateJsonObjectContextCustomizer@132e0cc, org.springframework.boot.test.mock.mockito.MockitoContextCustomizer@5816ffdf], contextLoader = 'org.springframework.test.context.support.DelegatingSmartContextLoader', parent = [null]]]
23:36:59.822 [Test worker] DEBUG org.springframework.test.context.cache - Spring test ApplicationContext cache statistics: [DefaultContextCache@2c768ada size = 1, maxSize = 32, parentContextCount = 0, hitCount = 132, missCount = 1]
23:36:59.823 [Test worker] DEBUG org.springframework.test.context.support.DependencyInjectionTestExecutionListener - Performing dependency injection for test context [[DefaultTestContext@10cf09e8 testClass = TeamServiceTest, testInstance = org.waldreg.team.TeamServiceTest@6d7cada5, testMethod = [null], testException = [null], mergedContextConfiguration = [MergedContextConfiguration@1921ad94 testClass = TeamServiceTest, locations = '{}', classes = '{class org.waldreg.teambuilding.team.management.DefaultTeamManager}', contextInitializerClasses = '[]', activeProfiles = '{}', propertySourceLocations = '{}', propertySourceProperties = '{}', contextCustomizers = set[org.springframework.boot.test.autoconfigure.actuate.metrics.MetricsExportContextCustomizerFactory$DisableMetricExportContextCustomizer@481ba2cf, org.springframework.boot.test.autoconfigure.properties.PropertyMappingContextCustomizer@0, org.springframework.boot.test.autoconfigure.web.servlet.WebDriverContextCustomizerFactory$Customizer@1fa1cab1, org.springframework.boot.test.context.filter.ExcludeFilterContextCustomizer@31ff43be, org.springframework.boot.test.json.DuplicateJsonObjectContextCustomizerFactory$DuplicateJsonObjectContextCustomizer@132e0cc, org.springframework.boot.test.mock.mockito.MockitoContextCustomizer@5816ffdf], contextLoader = 'org.springframework.test.context.support.DelegatingSmartContextLoader', parent = [null]], attributes = map['org.springframework.test.context.event.ApplicationEventsTestExecutionListener.recordApplicationEvents' -> false]]].
23:36:59.823 [Test worker] DEBUG org.springframework.test.context.cache.DefaultCacheAwareContextLoaderDelegate - Retrieved ApplicationContext [1895143699] from cache with key [[MergedContextConfiguration@1921ad94 testClass = TeamServiceTest, locations = '{}', classes = '{class org.waldreg.teambuilding.team.management.DefaultTeamManager}', contextInitializerClasses = '[]', activeProfiles = '{}', propertySourceLocations = '{}', propertySourceProperties = '{}', contextCustomizers = set[org.springframework.boot.test.autoconfigure.actuate.metrics.MetricsExportContextCustomizerFactory$DisableMetricExportContextCustomizer@481ba2cf, org.springframework.boot.test.autoconfigure.properties.PropertyMappingContextCustomizer@0, org.springframework.boot.test.autoconfigure.web.servlet.WebDriverContextCustomizerFactory$Customizer@1fa1cab1, org.springframework.boot.test.context.filter.ExcludeFilterContextCustomizer@31ff43be, org.springframework.boot.test.json.DuplicateJsonObjectContextCustomizerFactory$DuplicateJsonObjectContextCustomizer@132e0cc, org.springframework.boot.test.mock.mockito.MockitoContextCustomizer@5816ffdf], contextLoader = 'org.springframework.test.context.support.DelegatingSmartContextLoader', parent = [null]]]
23:36:59.823 [Test worker] DEBUG org.springframework.test.context.cache - Spring test ApplicationContext cache statistics: [DefaultContextCache@2c768ada size = 1, maxSize = 32, parentContextCount = 0, hitCount = 133, missCount = 1]
23:36:59.823 [Test worker] DEBUG org.springframework.test.context.cache.DefaultCacheAwareContextLoaderDelegate - Retrieved ApplicationContext [1895143699] from cache with key [[MergedContextConfiguration@1921ad94 testClass = TeamServiceTest, locations = '{}', classes = '{class org.waldreg.teambuilding.team.management.DefaultTeamManager}', contextInitializerClasses = '[]', activeProfiles = '{}', propertySourceLocations = '{}', propertySourceProperties = '{}', contextCustomizers = set[org.springframework.boot.test.autoconfigure.actuate.metrics.MetricsExportContextCustomizerFactory$DisableMetricExportContextCustomizer@481ba2cf, org.springframework.boot.test.autoconfigure.properties.PropertyMappingContextCustomizer@0, org.springframework.boot.test.autoconfigure.web.servlet.WebDriverContextCustomizerFactory$Customizer@1fa1cab1, org.springframework.boot.test.context.filter.ExcludeFilterContextCustomizer@31ff43be, org.springframework.boot.test.json.DuplicateJsonObjectContextCustomizerFactory$DuplicateJsonObjectContextCustomizer@132e0cc, org.springframework.boot.test.mock.mockito.MockitoContextCustomizer@5816ffdf], contextLoader = 'org.springframework.test.context.support.DelegatingSmartContextLoader', parent = [null]]]
23:36:59.823 [Test worker] DEBUG org.springframework.test.context.cache - Spring test ApplicationContext cache statistics: [DefaultContextCache@2c768ada size = 1, maxSize = 32, parentContextCount = 0, hitCount = 134, missCount = 1]
23:36:59.823 [Test worker] DEBUG org.springframework.test.context.support.AbstractDirtiesContextTestExecutionListener - Before test method: context [DefaultTestContext@10cf09e8 testClass = TeamServiceTest, testInstance = org.waldreg.team.TeamServiceTest@6d7cada5, testMethod = CREATE_NEW_TEAM_IN_TEAM_BUILDING_FAIL_CAUSE_UNKNOWN_TEAM_BUILDING_ID_TEST@TeamServiceTest, testException = [null], mergedContextConfiguration = [MergedContextConfiguration@1921ad94 testClass = TeamServiceTest, locations = '{}', classes = '{class org.waldreg.teambuilding.team.management.DefaultTeamManager}', contextInitializerClasses = '[]', activeProfiles = '{}', propertySourceLocations = '{}', propertySourceProperties = '{}', contextCustomizers = set[org.springframework.boot.test.autoconfigure.actuate.metrics.MetricsExportContextCustomizerFactory$DisableMetricExportContextCustomizer@481ba2cf, org.springframework.boot.test.autoconfigure.properties.PropertyMappingContextCustomizer@0, org.springframework.boot.test.autoconfigure.web.servlet.WebDriverContextCustomizerFactory$Customizer@1fa1cab1, org.springframework.boot.test.context.filter.ExcludeFilterContextCustomizer@31ff43be, org.springframework.boot.test.json.DuplicateJsonObjectContextCustomizerFactory$DuplicateJsonObjectContextCustomizer@132e0cc, org.springframework.boot.test.mock.mockito.MockitoContextCustomizer@5816ffdf], contextLoader = 'org.springframework.test.context.support.DelegatingSmartContextLoader', parent = [null]], attributes = map['org.springframework.test.context.event.ApplicationEventsTestExecutionListener.recordApplicationEvents' -> false]], class annotated with @DirtiesContext [false] with mode [null], method annotated with @DirtiesContext [false] with mode [null].
23:36:59.823 [Test worker] DEBUG org.springframework.test.context.cache.DefaultCacheAwareContextLoaderDelegate - Retrieved ApplicationContext [1895143699] from cache with key [[MergedContextConfiguration@1921ad94 testClass = TeamServiceTest, locations = '{}', classes = '{class org.waldreg.teambuilding.team.management.DefaultTeamManager}', contextInitializerClasses = '[]', activeProfiles = '{}', propertySourceLocations = '{}', propertySourceProperties = '{}', contextCustomizers = set[org.springframework.boot.test.autoconfigure.actuate.metrics.MetricsExportContextCustomizerFactory$DisableMetricExportContextCustomizer@481ba2cf, org.springframework.boot.test.autoconfigure.properties.PropertyMappingContextCustomizer@0, org.springframework.boot.test.autoconfigure.web.servlet.WebDriverContextCustomizerFactory$Customizer@1fa1cab1, org.springframework.boot.test.context.filter.ExcludeFilterContextCustomizer@31ff43be, org.springframework.boot.test.json.DuplicateJsonObjectContextCustomizerFactory$DuplicateJsonObjectContextCustomizer@132e0cc, org.springframework.boot.test.mock.mockito.MockitoContextCustomizer@5816ffdf], contextLoader = 'org.springframework.test.context.support.DelegatingSmartContextLoader', parent = [null]]]
23:36:59.823 [Test worker] DEBUG org.springframework.test.context.cache - Spring test ApplicationContext cache statistics: [DefaultContextCache@2c768ada size = 1, maxSize = 32, parentContextCount = 0, hitCount = 135, missCount = 1]
23:36:59.823 [Test worker] DEBUG org.springframework.test.context.cache.DefaultCacheAwareContextLoaderDelegate - Retrieved ApplicationContext [1895143699] from cache with key [[MergedContextConfiguration@1921ad94 testClass = TeamServiceTest, locations = '{}', classes = '{class org.waldreg.teambuilding.team.management.DefaultTeamManager}', contextInitializerClasses = '[]', activeProfiles = '{}', propertySourceLocations = '{}', propertySourceProperties = '{}', contextCustomizers = set[org.springframework.boot.test.autoconfigure.actuate.metrics.MetricsExportContextCustomizerFactory$DisableMetricExportContextCustomizer@481ba2cf, org.springframework.boot.test.autoconfigure.properties.PropertyMappingContextCustomizer@0, org.springframework.boot.test.autoconfigure.web.servlet.WebDriverContextCustomizerFactory$Customizer@1fa1cab1, org.springframework.boot.test.context.filter.ExcludeFilterContextCustomizer@31ff43be, org.springframework.boot.test.json.DuplicateJsonObjectContextCustomizerFactory$DuplicateJsonObjectContextCustomizer@132e0cc, org.springframework.boot.test.mock.mockito.MockitoContextCustomizer@5816ffdf], contextLoader = 'org.springframework.test.context.support.DelegatingSmartContextLoader', parent = [null]]]
23:36:59.823 [Test worker] DEBUG org.springframework.test.context.cache - Spring test ApplicationContext cache statistics: [DefaultContextCache@2c768ada size = 1, maxSize = 32, parentContextCount = 0, hitCount = 136, missCount = 1]
23:36:59.823 [Test worker] DEBUG org.springframework.test.context.cache.DefaultCacheAwareContextLoaderDelegate - Retrieved ApplicationContext [1895143699] from cache with key [[MergedContextConfiguration@1921ad94 testClass = TeamServiceTest, locations = '{}', classes = '{class org.waldreg.teambuilding.team.management.DefaultTeamManager}', contextInitializerClasses = '[]', activeProfiles = '{}', propertySourceLocations = '{}', propertySourceProperties = '{}', contextCustomizers = set[org.springframework.boot.test.autoconfigure.actuate.metrics.MetricsExportContextCustomizerFactory$DisableMetricExportContextCustomizer@481ba2cf, org.springframework.boot.test.autoconfigure.properties.PropertyMappingContextCustomizer@0, org.springframework.boot.test.autoconfigure.web.servlet.WebDriverContextCustomizerFactory$Customizer@1fa1cab1, org.springframework.boot.test.context.filter.ExcludeFilterContextCustomizer@31ff43be, org.springframework.boot.test.json.DuplicateJsonObjectContextCustomizerFactory$DuplicateJsonObjectContextCustomizer@132e0cc, org.springframework.boot.test.mock.mockito.MockitoContextCustomizer@5816ffdf], contextLoader = 'org.springframework.test.context.support.DelegatingSmartContextLoader', parent = [null]]]
23:36:59.823 [Test worker] DEBUG org.springframework.test.context.cache - Spring test ApplicationContext cache statistics: [DefaultContextCache@2c768ada size = 1, maxSize = 32, parentContextCount = 0, hitCount = 137, missCount = 1]
23:36:59.824 [Test worker] DEBUG org.springframework.test.context.cache.DefaultCacheAwareContextLoaderDelegate - Retrieved ApplicationContext [1895143699] from cache with key [[MergedContextConfiguration@1921ad94 testClass = TeamServiceTest, locations = '{}', classes = '{class org.waldreg.teambuilding.team.management.DefaultTeamManager}', contextInitializerClasses = '[]', activeProfiles = '{}', propertySourceLocations = '{}', propertySourceProperties = '{}', contextCustomizers = set[org.springframework.boot.test.autoconfigure.actuate.metrics.MetricsExportContextCustomizerFactory$DisableMetricExportContextCustomizer@481ba2cf, org.springframework.boot.test.autoconfigure.properties.PropertyMappingContextCustomizer@0, org.springframework.boot.test.autoconfigure.web.servlet.WebDriverContextCustomizerFactory$Customizer@1fa1cab1, org.springframework.boot.test.context.filter.ExcludeFilterContextCustomizer@31ff43be, org.springframework.boot.test.json.DuplicateJsonObjectContextCustomizerFactory$DuplicateJsonObjectContextCustomizer@132e0cc, org.springframework.boot.test.mock.mockito.MockitoContextCustomizer@5816ffdf], contextLoader = 'org.springframework.test.context.support.DelegatingSmartContextLoader', parent = [null]]]
23:36:59.824 [Test worker] DEBUG org.springframework.test.context.cache - Spring test ApplicationContext cache statistics: [DefaultContextCache@2c768ada size = 1, maxSize = 32, parentContextCount = 0, hitCount = 138, missCount = 1]
23:36:59.824 [Test worker] DEBUG org.springframework.test.context.cache.DefaultCacheAwareContextLoaderDelegate - Retrieved ApplicationContext [1895143699] from cache with key [[MergedContextConfiguration@1921ad94 testClass = TeamServiceTest, locations = '{}', classes = '{class org.waldreg.teambuilding.team.management.DefaultTeamManager}', contextInitializerClasses = '[]', activeProfiles = '{}', propertySourceLocations = '{}', propertySourceProperties = '{}', contextCustomizers = set[org.springframework.boot.test.autoconfigure.actuate.metrics.MetricsExportContextCustomizerFactory$DisableMetricExportContextCustomizer@481ba2cf, org.springframework.boot.test.autoconfigure.properties.PropertyMappingContextCustomizer@0, org.springframework.boot.test.autoconfigure.web.servlet.WebDriverContextCustomizerFactory$Customizer@1fa1cab1, org.springframework.boot.test.context.filter.ExcludeFilterContextCustomizer@31ff43be, org.springframework.boot.test.json.DuplicateJsonObjectContextCustomizerFactory$DuplicateJsonObjectContextCustomizer@132e0cc, org.springframework.boot.test.mock.mockito.MockitoContextCustomizer@5816ffdf], contextLoader = 'org.springframework.test.context.support.DelegatingSmartContextLoader', parent = [null]]]
23:36:59.824 [Test worker] DEBUG org.springframework.test.context.cache - Spring test ApplicationContext cache statistics: [DefaultContextCache@2c768ada size = 1, maxSize = 32, parentContextCount = 0, hitCount = 139, missCount = 1]
23:36:59.824 [Test worker] DEBUG org.springframework.test.context.cache.DefaultCacheAwareContextLoaderDelegate - Retrieved ApplicationContext [1895143699] from cache with key [[MergedContextConfiguration@1921ad94 testClass = TeamServiceTest, locations = '{}', classes = '{class org.waldreg.teambuilding.team.management.DefaultTeamManager}', contextInitializerClasses = '[]', activeProfiles = '{}', propertySourceLocations = '{}', propertySourceProperties = '{}', contextCustomizers = set[org.springframework.boot.test.autoconfigure.actuate.metrics.MetricsExportContextCustomizerFactory$DisableMetricExportContextCustomizer@481ba2cf, org.springframework.boot.test.autoconfigure.properties.PropertyMappingContextCustomizer@0, org.springframework.boot.test.autoconfigure.web.servlet.WebDriverContextCustomizerFactory$Customizer@1fa1cab1, org.springframework.boot.test.context.filter.ExcludeFilterContextCustomizer@31ff43be, org.springframework.boot.test.json.DuplicateJsonObjectContextCustomizerFactory$DuplicateJsonObjectContextCustomizer@132e0cc, org.springframework.boot.test.mock.mockito.MockitoContextCustomizer@5816ffdf], contextLoader = 'org.springframework.test.context.support.DelegatingSmartContextLoader', parent = [null]]]
23:36:59.824 [Test worker] DEBUG org.springframework.test.context.cache - Spring test ApplicationContext cache statistics: [DefaultContextCache@2c768ada size = 1, maxSize = 32, parentContextCount = 0, hitCount = 140, missCount = 1]
23:36:59.824 [Test worker] DEBUG org.springframework.test.context.cache.DefaultCacheAwareContextLoaderDelegate - Retrieved ApplicationContext [1895143699] from cache with key [[MergedContextConfiguration@1921ad94 testClass = TeamServiceTest, locations = '{}', classes = '{class org.waldreg.teambuilding.team.management.DefaultTeamManager}', contextInitializerClasses = '[]', activeProfiles = '{}', propertySourceLocations = '{}', propertySourceProperties = '{}', contextCustomizers = set[org.springframework.boot.test.autoconfigure.actuate.metrics.MetricsExportContextCustomizerFactory$DisableMetricExportContextCustomizer@481ba2cf, org.springframework.boot.test.autoconfigure.properties.PropertyMappingContextCustomizer@0, org.springframework.boot.test.autoconfigure.web.servlet.WebDriverContextCustomizerFactory$Customizer@1fa1cab1, org.springframework.boot.test.context.filter.ExcludeFilterContextCustomizer@31ff43be, org.springframework.boot.test.json.DuplicateJsonObjectContextCustomizerFactory$DuplicateJsonObjectContextCustomizer@132e0cc, org.springframework.boot.test.mock.mockito.MockitoContextCustomizer@5816ffdf], contextLoader = 'org.springframework.test.context.support.DelegatingSmartContextLoader', parent = [null]]]
23:36:59.824 [Test worker] DEBUG org.springframework.test.context.cache - Spring test ApplicationContext cache statistics: [DefaultContextCache@2c768ada size = 1, maxSize = 32, parentContextCount = 0, hitCount = 141, missCount = 1]
23:36:59.824 [Test worker] DEBUG org.springframework.test.context.cache.DefaultCacheAwareContextLoaderDelegate - Retrieved ApplicationContext [1895143699] from cache with key [[MergedContextConfiguration@1921ad94 testClass = TeamServiceTest, locations = '{}', classes = '{class org.waldreg.teambuilding.team.management.DefaultTeamManager}', contextInitializerClasses = '[]', activeProfiles = '{}', propertySourceLocations = '{}', propertySourceProperties = '{}', contextCustomizers = set[org.springframework.boot.test.autoconfigure.actuate.metrics.MetricsExportContextCustomizerFactory$DisableMetricExportContextCustomizer@481ba2cf, org.springframework.boot.test.autoconfigure.properties.PropertyMappingContextCustomizer@0, org.springframework.boot.test.autoconfigure.web.servlet.WebDriverContextCustomizerFactory$Customizer@1fa1cab1, org.springframework.boot.test.context.filter.ExcludeFilterContextCustomizer@31ff43be, org.springframework.boot.test.json.DuplicateJsonObjectContextCustomizerFactory$DuplicateJsonObjectContextCustomizer@132e0cc, org.springframework.boot.test.mock.mockito.MockitoContextCustomizer@5816ffdf], contextLoader = 'org.springframework.test.context.support.DelegatingSmartContextLoader', parent = [null]]]
23:36:59.825 [Test worker] DEBUG org.springframework.test.context.cache - Spring test ApplicationContext cache statistics: [DefaultContextCache@2c768ada size = 1, maxSize = 32, parentContextCount = 0, hitCount = 142, missCount = 1]
23:36:59.825 [Test worker] DEBUG org.springframework.test.context.cache.DefaultCacheAwareContextLoaderDelegate - Retrieved ApplicationContext [1895143699] from cache with key [[MergedContextConfiguration@1921ad94 testClass = TeamServiceTest, locations = '{}', classes = '{class org.waldreg.teambuilding.team.management.DefaultTeamManager}', contextInitializerClasses = '[]', activeProfiles = '{}', propertySourceLocations = '{}', propertySourceProperties = '{}', contextCustomizers = set[org.springframework.boot.test.autoconfigure.actuate.metrics.MetricsExportContextCustomizerFactory$DisableMetricExportContextCustomizer@481ba2cf, org.springframework.boot.test.autoconfigure.properties.PropertyMappingContextCustomizer@0, org.springframework.boot.test.autoconfigure.web.servlet.WebDriverContextCustomizerFactory$Customizer@1fa1cab1, org.springframework.boot.test.context.filter.ExcludeFilterContextCustomizer@31ff43be, org.springframework.boot.test.json.DuplicateJsonObjectContextCustomizerFactory$DuplicateJsonObjectContextCustomizer@132e0cc, org.springframework.boot.test.mock.mockito.MockitoContextCustomizer@5816ffdf], contextLoader = 'org.springframework.test.context.support.DelegatingSmartContextLoader', parent = [null]]]
23:36:59.825 [Test worker] DEBUG org.springframework.test.context.cache - Spring test ApplicationContext cache statistics: [DefaultContextCache@2c768ada size = 1, maxSize = 32, parentContextCount = 0, hitCount = 143, missCount = 1]
23:36:59.825 [Test worker] DEBUG org.springframework.test.context.support.AbstractDirtiesContextTestExecutionListener - After test method: context [DefaultTestContext@10cf09e8 testClass = TeamServiceTest, testInstance = org.waldreg.team.TeamServiceTest@6d7cada5, testMethod = CREATE_NEW_TEAM_IN_TEAM_BUILDING_FAIL_CAUSE_UNKNOWN_TEAM_BUILDING_ID_TEST@TeamServiceTest, testException = [null], mergedContextConfiguration = [MergedContextConfiguration@1921ad94 testClass = TeamServiceTest, locations = '{}', classes = '{class org.waldreg.teambuilding.team.management.DefaultTeamManager}', contextInitializerClasses = '[]', activeProfiles = '{}', propertySourceLocations = '{}', propertySourceProperties = '{}', contextCustomizers = set[org.springframework.boot.test.autoconfigure.actuate.metrics.MetricsExportContextCustomizerFactory$DisableMetricExportContextCustomizer@481ba2cf, org.springframework.boot.test.autoconfigure.properties.PropertyMappingContextCustomizer@0, org.springframework.boot.test.autoconfigure.web.servlet.WebDriverContextCustomizerFactory$Customizer@1fa1cab1, org.springframework.boot.test.context.filter.ExcludeFilterContextCustomizer@31ff43be, org.springframework.boot.test.json.DuplicateJsonObjectContextCustomizerFactory$DuplicateJsonObjectContextCustomizer@132e0cc, org.springframework.boot.test.mock.mockito.MockitoContextCustomizer@5816ffdf], contextLoader = 'org.springframework.test.context.support.DelegatingSmartContextLoader', parent = [null]], attributes = map['org.springframework.test.context.event.ApplicationEventsTestExecutionListener.recordApplicationEvents' -> false]], class annotated with @DirtiesContext [false] with mode [null], method annotated with @DirtiesContext [false] with mode [null].
23:36:59.825 [Test worker] DEBUG org.springframework.test.context.cache.DefaultCacheAwareContextLoaderDelegate - Retrieved ApplicationContext [1895143699] from cache with key [[MergedContextConfiguration@1921ad94 testClass = TeamServiceTest, locations = '{}', classes = '{class org.waldreg.teambuilding.team.management.DefaultTeamManager}', contextInitializerClasses = '[]', activeProfiles = '{}', propertySourceLocations = '{}', propertySourceProperties = '{}', contextCustomizers = set[org.springframework.boot.test.autoconfigure.actuate.metrics.MetricsExportContextCustomizerFactory$DisableMetricExportContextCustomizer@481ba2cf, org.springframework.boot.test.autoconfigure.properties.PropertyMappingContextCustomizer@0, org.springframework.boot.test.autoconfigure.web.servlet.WebDriverContextCustomizerFactory$Customizer@1fa1cab1, org.springframework.boot.test.context.filter.ExcludeFilterContextCustomizer@31ff43be, org.springframework.boot.test.json.DuplicateJsonObjectContextCustomizerFactory$DuplicateJsonObjectContextCustomizer@132e0cc, org.springframework.boot.test.mock.mockito.MockitoContextCustomizer@5816ffdf], contextLoader = 'org.springframework.test.context.support.DelegatingSmartContextLoader', parent = [null]]]
23:36:59.825 [Test worker] DEBUG org.springframework.test.context.cache - Spring test ApplicationContext cache statistics: [DefaultContextCache@2c768ada size = 1, maxSize = 32, parentContextCount = 0, hitCount = 144, missCount = 1]
23:36:59.825 [Test worker] DEBUG org.springframework.test.context.support.DependencyInjectionTestExecutionListener - Performing dependency injection for test context [[DefaultTestContext@10cf09e8 testClass = TeamServiceTest, testInstance = org.waldreg.team.TeamServiceTest@b0fc838, testMethod = [null], testException = [null], mergedContextConfiguration = [MergedContextConfiguration@1921ad94 testClass = TeamServiceTest, locations = '{}', classes = '{class org.waldreg.teambuilding.team.management.DefaultTeamManager}', contextInitializerClasses = '[]', activeProfiles = '{}', propertySourceLocations = '{}', propertySourceProperties = '{}', contextCustomizers = set[org.springframework.boot.test.autoconfigure.actuate.metrics.MetricsExportContextCustomizerFactory$DisableMetricExportContextCustomizer@481ba2cf, org.springframework.boot.test.autoconfigure.properties.PropertyMappingContextCustomizer@0, org.springframework.boot.test.autoconfigure.web.servlet.WebDriverContextCustomizerFactory$Customizer@1fa1cab1, org.springframework.boot.test.context.filter.ExcludeFilterContextCustomizer@31ff43be, org.springframework.boot.test.json.DuplicateJsonObjectContextCustomizerFactory$DuplicateJsonObjectContextCustomizer@132e0cc, org.springframework.boot.test.mock.mockito.MockitoContextCustomizer@5816ffdf], contextLoader = 'org.springframework.test.context.support.DelegatingSmartContextLoader', parent = [null]], attributes = map['org.springframework.test.context.event.ApplicationEventsTestExecutionListener.recordApplicationEvents' -> false]]].
23:36:59.825 [Test worker] DEBUG org.springframework.test.context.cache.DefaultCacheAwareContextLoaderDelegate - Retrieved ApplicationContext [1895143699] from cache with key [[MergedContextConfiguration@1921ad94 testClass = TeamServiceTest, locations = '{}', classes = '{class org.waldreg.teambuilding.team.management.DefaultTeamManager}', contextInitializerClasses = '[]', activeProfiles = '{}', propertySourceLocations = '{}', propertySourceProperties = '{}', contextCustomizers = set[org.springframework.boot.test.autoconfigure.actuate.metrics.MetricsExportContextCustomizerFactory$DisableMetricExportContextCustomizer@481ba2cf, org.springframework.boot.test.autoconfigure.properties.PropertyMappingContextCustomizer@0, org.springframework.boot.test.autoconfigure.web.servlet.WebDriverContextCustomizerFactory$Customizer@1fa1cab1, org.springframework.boot.test.context.filter.ExcludeFilterContextCustomizer@31ff43be, org.springframework.boot.test.json.DuplicateJsonObjectContextCustomizerFactory$DuplicateJsonObjectContextCustomizer@132e0cc, org.springframework.boot.test.mock.mockito.MockitoContextCustomizer@5816ffdf], contextLoader = 'org.springframework.test.context.support.DelegatingSmartContextLoader', parent = [null]]]
23:36:59.825 [Test worker] DEBUG org.springframework.test.context.cache - Spring test ApplicationContext cache statistics: [DefaultContextCache@2c768ada size = 1, maxSize = 32, parentContextCount = 0, hitCount = 145, missCount = 1]
23:36:59.825 [Test worker] DEBUG org.springframework.test.context.cache.DefaultCacheAwareContextLoaderDelegate - Retrieved ApplicationContext [1895143699] from cache with key [[MergedContextConfiguration@1921ad94 testClass = TeamServiceTest, locations = '{}', classes = '{class org.waldreg.teambuilding.team.management.DefaultTeamManager}', contextInitializerClasses = '[]', activeProfiles = '{}', propertySourceLocations = '{}', propertySourceProperties = '{}', contextCustomizers = set[org.springframework.boot.test.autoconfigure.actuate.metrics.MetricsExportContextCustomizerFactory$DisableMetricExportContextCustomizer@481ba2cf, org.springframework.boot.test.autoconfigure.properties.PropertyMappingContextCustomizer@0, org.springframework.boot.test.autoconfigure.web.servlet.WebDriverContextCustomizerFactory$Customizer@1fa1cab1, org.springframework.boot.test.context.filter.ExcludeFilterContextCustomizer@31ff43be, org.springframework.boot.test.json.DuplicateJsonObjectContextCustomizerFactory$DuplicateJsonObjectContextCustomizer@132e0cc, org.springframework.boot.test.mock.mockito.MockitoContextCustomizer@5816ffdf], contextLoader = 'org.springframework.test.context.support.DelegatingSmartContextLoader', parent = [null]]]
23:36:59.825 [Test worker] DEBUG org.springframework.test.context.cache - Spring test ApplicationContext cache statistics: [DefaultContextCache@2c768ada size = 1, maxSize = 32, parentContextCount = 0, hitCount = 146, missCount = 1]
23:36:59.826 [Test worker] DEBUG org.springframework.test.context.support.AbstractDirtiesContextTestExecutionListener - Before test method: context [DefaultTestContext@10cf09e8 testClass = TeamServiceTest, testInstance = org.waldreg.team.TeamServiceTest@b0fc838, testMethod = MODIFY_TEAM_NAME_IN_TEAM_BUILDING_SUCCESS_TEST@TeamServiceTest, testException = [null], mergedContextConfiguration = [MergedContextConfiguration@1921ad94 testClass = TeamServiceTest, locations = '{}', classes = '{class org.waldreg.teambuilding.team.management.DefaultTeamManager}', contextInitializerClasses = '[]', activeProfiles = '{}', propertySourceLocations = '{}', propertySourceProperties = '{}', contextCustomizers = set[org.springframework.boot.test.autoconfigure.actuate.metrics.MetricsExportContextCustomizerFactory$DisableMetricExportContextCustomizer@481ba2cf, org.springframework.boot.test.autoconfigure.properties.PropertyMappingContextCustomizer@0, org.springframework.boot.test.autoconfigure.web.servlet.WebDriverContextCustomizerFactory$Customizer@1fa1cab1, org.springframework.boot.test.context.filter.ExcludeFilterContextCustomizer@31ff43be, org.springframework.boot.test.json.DuplicateJsonObjectContextCustomizerFactory$DuplicateJsonObjectContextCustomizer@132e0cc, org.springframework.boot.test.mock.mockito.MockitoContextCustomizer@5816ffdf], contextLoader = 'org.springframework.test.context.support.DelegatingSmartContextLoader', parent = [null]], attributes = map['org.springframework.test.context.event.ApplicationEventsTestExecutionListener.recordApplicationEvents' -> false]], class annotated with @DirtiesContext [false] with mode [null], method annotated with @DirtiesContext [false] with mode [null].
23:36:59.826 [Test worker] DEBUG org.springframework.test.context.cache.DefaultCacheAwareContextLoaderDelegate - Retrieved ApplicationContext [1895143699] from cache with key [[MergedContextConfiguration@1921ad94 testClass = TeamServiceTest, locations = '{}', classes = '{class org.waldreg.teambuilding.team.management.DefaultTeamManager}', contextInitializerClasses = '[]', activeProfiles = '{}', propertySourceLocations = '{}', propertySourceProperties = '{}', contextCustomizers = set[org.springframework.boot.test.autoconfigure.actuate.metrics.MetricsExportContextCustomizerFactory$DisableMetricExportContextCustomizer@481ba2cf, org.springframework.boot.test.autoconfigure.properties.PropertyMappingContextCustomizer@0, org.springframework.boot.test.autoconfigure.web.servlet.WebDriverContextCustomizerFactory$Customizer@1fa1cab1, org.springframework.boot.test.context.filter.ExcludeFilterContextCustomizer@31ff43be, org.springframework.boot.test.json.DuplicateJsonObjectContextCustomizerFactory$DuplicateJsonObjectContextCustomizer@132e0cc, org.springframework.boot.test.mock.mockito.MockitoContextCustomizer@5816ffdf], contextLoader = 'org.springframework.test.context.support.DelegatingSmartContextLoader', parent = [null]]]
23:36:59.826 [Test worker] DEBUG org.springframework.test.context.cache - Spring test ApplicationContext cache statistics: [DefaultContextCache@2c768ada size = 1, maxSize = 32, parentContextCount = 0, hitCount = 147, missCount = 1]
23:36:59.826 [Test worker] DEBUG org.springframework.test.context.cache.DefaultCacheAwareContextLoaderDelegate - Retrieved ApplicationContext [1895143699] from cache with key [[MergedContextConfiguration@1921ad94 testClass = TeamServiceTest, locations = '{}', classes = '{class org.waldreg.teambuilding.team.management.DefaultTeamManager}', contextInitializerClasses = '[]', activeProfiles = '{}', propertySourceLocations = '{}', propertySourceProperties = '{}', contextCustomizers = set[org.springframework.boot.test.autoconfigure.actuate.metrics.MetricsExportContextCustomizerFactory$DisableMetricExportContextCustomizer@481ba2cf, org.springframework.boot.test.autoconfigure.properties.PropertyMappingContextCustomizer@0, org.springframework.boot.test.autoconfigure.web.servlet.WebDriverContextCustomizerFactory$Customizer@1fa1cab1, org.springframework.boot.test.context.filter.ExcludeFilterContextCustomizer@31ff43be, org.springframework.boot.test.json.DuplicateJsonObjectContextCustomizerFactory$DuplicateJsonObjectContextCustomizer@132e0cc, org.springframework.boot.test.mock.mockito.MockitoContextCustomizer@5816ffdf], contextLoader = 'org.springframework.test.context.support.DelegatingSmartContextLoader', parent = [null]]]
23:36:59.826 [Test worker] DEBUG org.springframework.test.context.cache - Spring test ApplicationContext cache statistics: [DefaultContextCache@2c768ada size = 1, maxSize = 32, parentContextCount = 0, hitCount = 148, missCount = 1]
23:36:59.826 [Test worker] DEBUG org.springframework.test.context.cache.DefaultCacheAwareContextLoaderDelegate - Retrieved ApplicationContext [1895143699] from cache with key [[MergedContextConfiguration@1921ad94 testClass = TeamServiceTest, locations = '{}', classes = '{class org.waldreg.teambuilding.team.management.DefaultTeamManager}', contextInitializerClasses = '[]', activeProfiles = '{}', propertySourceLocations = '{}', propertySourceProperties = '{}', contextCustomizers = set[org.springframework.boot.test.autoconfigure.actuate.metrics.MetricsExportContextCustomizerFactory$DisableMetricExportContextCustomizer@481ba2cf, org.springframework.boot.test.autoconfigure.properties.PropertyMappingContextCustomizer@0, org.springframework.boot.test.autoconfigure.web.servlet.WebDriverContextCustomizerFactory$Customizer@1fa1cab1, org.springframework.boot.test.context.filter.ExcludeFilterContextCustomizer@31ff43be, org.springframework.boot.test.json.DuplicateJsonObjectContextCustomizerFactory$DuplicateJsonObjectContextCustomizer@132e0cc, org.springframework.boot.test.mock.mockito.MockitoContextCustomizer@5816ffdf], contextLoader = 'org.springframework.test.context.support.DelegatingSmartContextLoader', parent = [null]]]
23:36:59.826 [Test worker] DEBUG org.springframework.test.context.cache - Spring test ApplicationContext cache statistics: [DefaultContextCache@2c768ada size = 1, maxSize = 32, parentContextCount = 0, hitCount = 149, missCount = 1]
23:36:59.827 [Test worker] DEBUG org.springframework.test.context.cache.DefaultCacheAwareContextLoaderDelegate - Retrieved ApplicationContext [1895143699] from cache with key [[MergedContextConfiguration@1921ad94 testClass = TeamServiceTest, locations = '{}', classes = '{class org.waldreg.teambuilding.team.management.DefaultTeamManager}', contextInitializerClasses = '[]', activeProfiles = '{}', propertySourceLocations = '{}', propertySourceProperties = '{}', contextCustomizers = set[org.springframework.boot.test.autoconfigure.actuate.metrics.MetricsExportContextCustomizerFactory$DisableMetricExportContextCustomizer@481ba2cf, org.springframework.boot.test.autoconfigure.properties.PropertyMappingContextCustomizer@0, org.springframework.boot.test.autoconfigure.web.servlet.WebDriverContextCustomizerFactory$Customizer@1fa1cab1, org.springframework.boot.test.context.filter.ExcludeFilterContextCustomizer@31ff43be, org.springframework.boot.test.json.DuplicateJsonObjectContextCustomizerFactory$DuplicateJsonObjectContextCustomizer@132e0cc, org.springframework.boot.test.mock.mockito.MockitoContextCustomizer@5816ffdf], contextLoader = 'org.springframework.test.context.support.DelegatingSmartContextLoader', parent = [null]]]
23:36:59.827 [Test worker] DEBUG org.springframework.test.context.cache - Spring test ApplicationContext cache statistics: [DefaultContextCache@2c768ada size = 1, maxSize = 32, parentContextCount = 0, hitCount = 150, missCount = 1]
23:36:59.827 [Test worker] DEBUG org.springframework.test.context.cache.DefaultCacheAwareContextLoaderDelegate - Retrieved ApplicationContext [1895143699] from cache with key [[MergedContextConfiguration@1921ad94 testClass = TeamServiceTest, locations = '{}', classes = '{class org.waldreg.teambuilding.team.management.DefaultTeamManager}', contextInitializerClasses = '[]', activeProfiles = '{}', propertySourceLocations = '{}', propertySourceProperties = '{}', contextCustomizers = set[org.springframework.boot.test.autoconfigure.actuate.metrics.MetricsExportContextCustomizerFactory$DisableMetricExportContextCustomizer@481ba2cf, org.springframework.boot.test.autoconfigure.properties.PropertyMappingContextCustomizer@0, org.springframework.boot.test.autoconfigure.web.servlet.WebDriverContextCustomizerFactory$Customizer@1fa1cab1, org.springframework.boot.test.context.filter.ExcludeFilterContextCustomizer@31ff43be, org.springframework.boot.test.json.DuplicateJsonObjectContextCustomizerFactory$DuplicateJsonObjectContextCustomizer@132e0cc, org.springframework.boot.test.mock.mockito.MockitoContextCustomizer@5816ffdf], contextLoader = 'org.springframework.test.context.support.DelegatingSmartContextLoader', parent = [null]]]
23:36:59.827 [Test worker] DEBUG org.springframework.test.context.cache - Spring test ApplicationContext cache statistics: [DefaultContextCache@2c768ada size = 1, maxSize = 32, parentContextCount = 0, hitCount = 151, missCount = 1]
23:36:59.827 [Test worker] DEBUG org.springframework.test.context.cache.DefaultCacheAwareContextLoaderDelegate - Retrieved ApplicationContext [1895143699] from cache with key [[MergedContextConfiguration@1921ad94 testClass = TeamServiceTest, locations = '{}', classes = '{class org.waldreg.teambuilding.team.management.DefaultTeamManager}', contextInitializerClasses = '[]', activeProfiles = '{}', propertySourceLocations = '{}', propertySourceProperties = '{}', contextCustomizers = set[org.springframework.boot.test.autoconfigure.actuate.metrics.MetricsExportContextCustomizerFactory$DisableMetricExportContextCustomizer@481ba2cf, org.springframework.boot.test.autoconfigure.properties.PropertyMappingContextCustomizer@0, org.springframework.boot.test.autoconfigure.web.servlet.WebDriverContextCustomizerFactory$Customizer@1fa1cab1, org.springframework.boot.test.context.filter.ExcludeFilterContextCustomizer@31ff43be, org.springframework.boot.test.json.DuplicateJsonObjectContextCustomizerFactory$DuplicateJsonObjectContextCustomizer@132e0cc, org.springframework.boot.test.mock.mockito.MockitoContextCustomizer@5816ffdf], contextLoader = 'org.springframework.test.context.support.DelegatingSmartContextLoader', parent = [null]]]
23:36:59.827 [Test worker] DEBUG org.springframework.test.context.cache - Spring test ApplicationContext cache statistics: [DefaultContextCache@2c768ada size = 1, maxSize = 32, parentContextCount = 0, hitCount = 152, missCount = 1]
23:36:59.827 [Test worker] DEBUG org.springframework.test.context.cache.DefaultCacheAwareContextLoaderDelegate - Retrieved ApplicationContext [1895143699] from cache with key [[MergedContextConfiguration@1921ad94 testClass = TeamServiceTest, locations = '{}', classes = '{class org.waldreg.teambuilding.team.management.DefaultTeamManager}', contextInitializerClasses = '[]', activeProfiles = '{}', propertySourceLocations = '{}', propertySourceProperties = '{}', contextCustomizers = set[org.springframework.boot.test.autoconfigure.actuate.metrics.MetricsExportContextCustomizerFactory$DisableMetricExportContextCustomizer@481ba2cf, org.springframework.boot.test.autoconfigure.properties.PropertyMappingContextCustomizer@0, org.springframework.boot.test.autoconfigure.web.servlet.WebDriverContextCustomizerFactory$Customizer@1fa1cab1, org.springframework.boot.test.context.filter.ExcludeFilterContextCustomizer@31ff43be, org.springframework.boot.test.json.DuplicateJsonObjectContextCustomizerFactory$DuplicateJsonObjectContextCustomizer@132e0cc, org.springframework.boot.test.mock.mockito.MockitoContextCustomizer@5816ffdf], contextLoader = 'org.springframework.test.context.support.DelegatingSmartContextLoader', parent = [null]]]
23:36:59.827 [Test worker] DEBUG org.springframework.test.context.cache - Spring test ApplicationContext cache statistics: [DefaultContextCache@2c768ada size = 1, maxSize = 32, parentContextCount = 0, hitCount = 153, missCount = 1]
23:36:59.827 [Test worker] DEBUG org.springframework.test.context.cache.DefaultCacheAwareContextLoaderDelegate - Retrieved ApplicationContext [1895143699] from cache with key [[MergedContextConfiguration@1921ad94 testClass = TeamServiceTest, locations = '{}', classes = '{class org.waldreg.teambuilding.team.management.DefaultTeamManager}', contextInitializerClasses = '[]', activeProfiles = '{}', propertySourceLocations = '{}', propertySourceProperties = '{}', contextCustomizers = set[org.springframework.boot.test.autoconfigure.actuate.metrics.MetricsExportContextCustomizerFactory$DisableMetricExportContextCustomizer@481ba2cf, org.springframework.boot.test.autoconfigure.properties.PropertyMappingContextCustomizer@0, org.springframework.boot.test.autoconfigure.web.servlet.WebDriverContextCustomizerFactory$Customizer@1fa1cab1, org.springframework.boot.test.context.filter.ExcludeFilterContextCustomizer@31ff43be, org.springframework.boot.test.json.DuplicateJsonObjectContextCustomizerFactory$DuplicateJsonObjectContextCustomizer@132e0cc, org.springframework.boot.test.mock.mockito.MockitoContextCustomizer@5816ffdf], contextLoader = 'org.springframework.test.context.support.DelegatingSmartContextLoader', parent = [null]]]
23:36:59.827 [Test worker] DEBUG org.springframework.test.context.cache - Spring test ApplicationContext cache statistics: [DefaultContextCache@2c768ada size = 1, maxSize = 32, parentContextCount = 0, hitCount = 154, missCount = 1]
23:36:59.827 [Test worker] DEBUG org.springframework.test.context.cache.DefaultCacheAwareContextLoaderDelegate - Retrieved ApplicationContext [1895143699] from cache with key [[MergedContextConfiguration@1921ad94 testClass = TeamServiceTest, locations = '{}', classes = '{class org.waldreg.teambuilding.team.management.DefaultTeamManager}', contextInitializerClasses = '[]', activeProfiles = '{}', propertySourceLocations = '{}', propertySourceProperties = '{}', contextCustomizers = set[org.springframework.boot.test.autoconfigure.actuate.metrics.MetricsExportContextCustomizerFactory$DisableMetricExportContextCustomizer@481ba2cf, org.springframework.boot.test.autoconfigure.properties.PropertyMappingContextCustomizer@0, org.springframework.boot.test.autoconfigure.web.servlet.WebDriverContextCustomizerFactory$Customizer@1fa1cab1, org.springframework.boot.test.context.filter.ExcludeFilterContextCustomizer@31ff43be, org.springframework.boot.test.json.DuplicateJsonObjectContextCustomizerFactory$DuplicateJsonObjectContextCustomizer@132e0cc, org.springframework.boot.test.mock.mockito.MockitoContextCustomizer@5816ffdf], contextLoader = 'org.springframework.test.context.support.DelegatingSmartContextLoader', parent = [null]]]
23:36:59.827 [Test worker] DEBUG org.springframework.test.context.cache - Spring test ApplicationContext cache statistics: [DefaultContextCache@2c768ada size = 1, maxSize = 32, parentContextCount = 0, hitCount = 155, missCount = 1]
23:36:59.827 [Test worker] DEBUG org.springframework.test.context.support.AbstractDirtiesContextTestExecutionListener - After test method: context [DefaultTestContext@10cf09e8 testClass = TeamServiceTest, testInstance = org.waldreg.team.TeamServiceTest@b0fc838, testMethod = MODIFY_TEAM_NAME_IN_TEAM_BUILDING_SUCCESS_TEST@TeamServiceTest, testException = [null], mergedContextConfiguration = [MergedContextConfiguration@1921ad94 testClass = TeamServiceTest, locations = '{}', classes = '{class org.waldreg.teambuilding.team.management.DefaultTeamManager}', contextInitializerClasses = '[]', activeProfiles = '{}', propertySourceLocations = '{}', propertySourceProperties = '{}', contextCustomizers = set[org.springframework.boot.test.autoconfigure.actuate.metrics.MetricsExportContextCustomizerFactory$DisableMetricExportContextCustomizer@481ba2cf, org.springframework.boot.test.autoconfigure.properties.PropertyMappingContextCustomizer@0, org.springframework.boot.test.autoconfigure.web.servlet.WebDriverContextCustomizerFactory$Customizer@1fa1cab1, org.springframework.boot.test.context.filter.ExcludeFilterContextCustomizer@31ff43be, org.springframework.boot.test.json.DuplicateJsonObjectContextCustomizerFactory$DuplicateJsonObjectContextCustomizer@132e0cc, org.springframework.boot.test.mock.mockito.MockitoContextCustomizer@5816ffdf], contextLoader = 'org.springframework.test.context.support.DelegatingSmartContextLoader', parent = [null]], attributes = map['org.springframework.test.context.event.ApplicationEventsTestExecutionListener.recordApplicationEvents' -> false]], class annotated with @DirtiesContext [false] with mode [null], method annotated with @DirtiesContext [false] with mode [null].
23:36:59.828 [Test worker] DEBUG org.springframework.test.context.cache.DefaultCacheAwareContextLoaderDelegate - Retrieved ApplicationContext [1895143699] from cache with key [[MergedContextConfiguration@1921ad94 testClass = TeamServiceTest, locations = '{}', classes = '{class org.waldreg.teambuilding.team.management.DefaultTeamManager}', contextInitializerClasses = '[]', activeProfiles = '{}', propertySourceLocations = '{}', propertySourceProperties = '{}', contextCustomizers = set[org.springframework.boot.test.autoconfigure.actuate.metrics.MetricsExportContextCustomizerFactory$DisableMetricExportContextCustomizer@481ba2cf, org.springframework.boot.test.autoconfigure.properties.PropertyMappingContextCustomizer@0, org.springframework.boot.test.autoconfigure.web.servlet.WebDriverContextCustomizerFactory$Customizer@1fa1cab1, org.springframework.boot.test.context.filter.ExcludeFilterContextCustomizer@31ff43be, org.springframework.boot.test.json.DuplicateJsonObjectContextCustomizerFactory$DuplicateJsonObjectContextCustomizer@132e0cc, org.springframework.boot.test.mock.mockito.MockitoContextCustomizer@5816ffdf], contextLoader = 'org.springframework.test.context.support.DelegatingSmartContextLoader', parent = [null]]]
23:36:59.828 [Test worker] DEBUG org.springframework.test.context.cache - Spring test ApplicationContext cache statistics: [DefaultContextCache@2c768ada size = 1, maxSize = 32, parentContextCount = 0, hitCount = 156, missCount = 1]
23:36:59.828 [Test worker] DEBUG org.springframework.test.context.support.DependencyInjectionTestExecutionListener - Performing dependency injection for test context [[DefaultTestContext@10cf09e8 testClass = TeamServiceTest, testInstance = org.waldreg.team.TeamServiceTest@65753040, testMethod = [null], testException = [null], mergedContextConfiguration = [MergedContextConfiguration@1921ad94 testClass = TeamServiceTest, locations = '{}', classes = '{class org.waldreg.teambuilding.team.management.DefaultTeamManager}', contextInitializerClasses = '[]', activeProfiles = '{}', propertySourceLocations = '{}', propertySourceProperties = '{}', contextCustomizers = set[org.springframework.boot.test.autoconfigure.actuate.metrics.MetricsExportContextCustomizerFactory$DisableMetricExportContextCustomizer@481ba2cf, org.springframework.boot.test.autoconfigure.properties.PropertyMappingContextCustomizer@0, org.springframework.boot.test.autoconfigure.web.servlet.WebDriverContextCustomizerFactory$Customizer@1fa1cab1, org.springframework.boot.test.context.filter.ExcludeFilterContextCustomizer@31ff43be, org.springframework.boot.test.json.DuplicateJsonObjectContextCustomizerFactory$DuplicateJsonObjectContextCustomizer@132e0cc, org.springframework.boot.test.mock.mockito.MockitoContextCustomizer@5816ffdf], contextLoader = 'org.springframework.test.context.support.DelegatingSmartContextLoader', parent = [null]], attributes = map['org.springframework.test.context.event.ApplicationEventsTestExecutionListener.recordApplicationEvents' -> false]]].
23:36:59.828 [Test worker] DEBUG org.springframework.test.context.cache.DefaultCacheAwareContextLoaderDelegate - Retrieved ApplicationContext [1895143699] from cache with key [[MergedContextConfiguration@1921ad94 testClass = TeamServiceTest, locations = '{}', classes = '{class org.waldreg.teambuilding.team.management.DefaultTeamManager}', contextInitializerClasses = '[]', activeProfiles = '{}', propertySourceLocations = '{}', propertySourceProperties = '{}', contextCustomizers = set[org.springframework.boot.test.autoconfigure.actuate.metrics.MetricsExportContextCustomizerFactory$DisableMetricExportContextCustomizer@481ba2cf, org.springframework.boot.test.autoconfigure.properties.PropertyMappingContextCustomizer@0, org.springframework.boot.test.autoconfigure.web.servlet.WebDriverContextCustomizerFactory$Customizer@1fa1cab1, org.springframework.boot.test.context.filter.ExcludeFilterContextCustomizer@31ff43be, org.springframework.boot.test.json.DuplicateJsonObjectContextCustomizerFactory$DuplicateJsonObjectContextCustomizer@132e0cc, org.springframework.boot.test.mock.mockito.MockitoContextCustomizer@5816ffdf], contextLoader = 'org.springframework.test.context.support.DelegatingSmartContextLoader', parent = [null]]]
23:36:59.828 [Test worker] DEBUG org.springframework.test.context.cache - Spring test ApplicationContext cache statistics: [DefaultContextCache@2c768ada size = 1, maxSize = 32, parentContextCount = 0, hitCount = 157, missCount = 1]
23:36:59.828 [Test worker] DEBUG org.springframework.test.context.cache.DefaultCacheAwareContextLoaderDelegate - Retrieved ApplicationContext [1895143699] from cache with key [[MergedContextConfiguration@1921ad94 testClass = TeamServiceTest, locations = '{}', classes = '{class org.waldreg.teambuilding.team.management.DefaultTeamManager}', contextInitializerClasses = '[]', activeProfiles = '{}', propertySourceLocations = '{}', propertySourceProperties = '{}', contextCustomizers = set[org.springframework.boot.test.autoconfigure.actuate.metrics.MetricsExportContextCustomizerFactory$DisableMetricExportContextCustomizer@481ba2cf, org.springframework.boot.test.autoconfigure.properties.PropertyMappingContextCustomizer@0, org.springframework.boot.test.autoconfigure.web.servlet.WebDriverContextCustomizerFactory$Customizer@1fa1cab1, org.springframework.boot.test.context.filter.ExcludeFilterContextCustomizer@31ff43be, org.springframework.boot.test.json.DuplicateJsonObjectContextCustomizerFactory$DuplicateJsonObjectContextCustomizer@132e0cc, org.springframework.boot.test.mock.mockito.MockitoContextCustomizer@5816ffdf], contextLoader = 'org.springframework.test.context.support.DelegatingSmartContextLoader', parent = [null]]]
23:36:59.828 [Test worker] DEBUG org.springframework.test.context.cache - Spring test ApplicationContext cache statistics: [DefaultContextCache@2c768ada size = 1, maxSize = 32, parentContextCount = 0, hitCount = 158, missCount = 1]
23:36:59.828 [Test worker] DEBUG org.springframework.test.context.support.AbstractDirtiesContextTestExecutionListener - Before test method: context [DefaultTestContext@10cf09e8 testClass = TeamServiceTest, testInstance = org.waldreg.team.TeamServiceTest@65753040, testMethod = MODIFY_TEAM_IN_TEAM_BUILDING_FAIL_CAUSE_TEAM_NAME_OVERFLOW_TEST@TeamServiceTest, testException = [null], mergedContextConfiguration = [MergedContextConfiguration@1921ad94 testClass = TeamServiceTest, locations = '{}', classes = '{class org.waldreg.teambuilding.team.management.DefaultTeamManager}', contextInitializerClasses = '[]', activeProfiles = '{}', propertySourceLocations = '{}', propertySourceProperties = '{}', contextCustomizers = set[org.springframework.boot.test.autoconfigure.actuate.metrics.MetricsExportContextCustomizerFactory$DisableMetricExportContextCustomizer@481ba2cf, org.springframework.boot.test.autoconfigure.properties.PropertyMappingContextCustomizer@0, org.springframework.boot.test.autoconfigure.web.servlet.WebDriverContextCustomizerFactory$Customizer@1fa1cab1, org.springframework.boot.test.context.filter.ExcludeFilterContextCustomizer@31ff43be, org.springframework.boot.test.json.DuplicateJsonObjectContextCustomizerFactory$DuplicateJsonObjectContextCustomizer@132e0cc, org.springframework.boot.test.mock.mockito.MockitoContextCustomizer@5816ffdf], contextLoader = 'org.springframework.test.context.support.DelegatingSmartContextLoader', parent = [null]], attributes = map['org.springframework.test.context.event.ApplicationEventsTestExecutionListener.recordApplicationEvents' -> false]], class annotated with @DirtiesContext [false] with mode [null], method annotated with @DirtiesContext [false] with mode [null].
23:36:59.828 [Test worker] DEBUG org.springframework.test.context.cache.DefaultCacheAwareContextLoaderDelegate - Retrieved ApplicationContext [1895143699] from cache with key [[MergedContextConfiguration@1921ad94 testClass = TeamServiceTest, locations = '{}', classes = '{class org.waldreg.teambuilding.team.management.DefaultTeamManager}', contextInitializerClasses = '[]', activeProfiles = '{}', propertySourceLocations = '{}', propertySourceProperties = '{}', contextCustomizers = set[org.springframework.boot.test.autoconfigure.actuate.metrics.MetricsExportContextCustomizerFactory$DisableMetricExportContextCustomizer@481ba2cf, org.springframework.boot.test.autoconfigure.properties.PropertyMappingContextCustomizer@0, org.springframework.boot.test.autoconfigure.web.servlet.WebDriverContextCustomizerFactory$Customizer@1fa1cab1, org.springframework.boot.test.context.filter.ExcludeFilterContextCustomizer@31ff43be, org.springframework.boot.test.json.DuplicateJsonObjectContextCustomizerFactory$DuplicateJsonObjectContextCustomizer@132e0cc, org.springframework.boot.test.mock.mockito.MockitoContextCustomizer@5816ffdf], contextLoader = 'org.springframework.test.context.support.DelegatingSmartContextLoader', parent = [null]]]
23:36:59.828 [Test worker] DEBUG org.springframework.test.context.cache - Spring test ApplicationContext cache statistics: [DefaultContextCache@2c768ada size = 1, maxSize = 32, parentContextCount = 0, hitCount = 159, missCount = 1]
23:36:59.829 [Test worker] DEBUG org.springframework.test.context.cache.DefaultCacheAwareContextLoaderDelegate - Retrieved ApplicationContext [1895143699] from cache with key [[MergedContextConfiguration@1921ad94 testClass = TeamServiceTest, locations = '{}', classes = '{class org.waldreg.teambuilding.team.management.DefaultTeamManager}', contextInitializerClasses = '[]', activeProfiles = '{}', propertySourceLocations = '{}', propertySourceProperties = '{}', contextCustomizers = set[org.springframework.boot.test.autoconfigure.actuate.metrics.MetricsExportContextCustomizerFactory$DisableMetricExportContextCustomizer@481ba2cf, org.springframework.boot.test.autoconfigure.properties.PropertyMappingContextCustomizer@0, org.springframework.boot.test.autoconfigure.web.servlet.WebDriverContextCustomizerFactory$Customizer@1fa1cab1, org.springframework.boot.test.context.filter.ExcludeFilterContextCustomizer@31ff43be, org.springframework.boot.test.json.DuplicateJsonObjectContextCustomizerFactory$DuplicateJsonObjectContextCustomizer@132e0cc, org.springframework.boot.test.mock.mockito.MockitoContextCustomizer@5816ffdf], contextLoader = 'org.springframework.test.context.support.DelegatingSmartContextLoader', parent = [null]]]
23:36:59.829 [Test worker] DEBUG org.springframework.test.context.cache - Spring test ApplicationContext cache statistics: [DefaultContextCache@2c768ada size = 1, maxSize = 32, parentContextCount = 0, hitCount = 160, missCount = 1]
23:36:59.829 [Test worker] DEBUG org.springframework.test.context.cache.DefaultCacheAwareContextLoaderDelegate - Retrieved ApplicationContext [1895143699] from cache with key [[MergedContextConfiguration@1921ad94 testClass = TeamServiceTest, locations = '{}', classes = '{class org.waldreg.teambuilding.team.management.DefaultTeamManager}', contextInitializerClasses = '[]', activeProfiles = '{}', propertySourceLocations = '{}', propertySourceProperties = '{}', contextCustomizers = set[org.springframework.boot.test.autoconfigure.actuate.metrics.MetricsExportContextCustomizerFactory$DisableMetricExportContextCustomizer@481ba2cf, org.springframework.boot.test.autoconfigure.properties.PropertyMappingContextCustomizer@0, org.springframework.boot.test.autoconfigure.web.servlet.WebDriverContextCustomizerFactory$Customizer@1fa1cab1, org.springframework.boot.test.context.filter.ExcludeFilterContextCustomizer@31ff43be, org.springframework.boot.test.json.DuplicateJsonObjectContextCustomizerFactory$DuplicateJsonObjectContextCustomizer@132e0cc, org.springframework.boot.test.mock.mockito.MockitoContextCustomizer@5816ffdf], contextLoader = 'org.springframework.test.context.support.DelegatingSmartContextLoader', parent = [null]]]
23:36:59.829 [Test worker] DEBUG org.springframework.test.context.cache - Spring test ApplicationContext cache statistics: [DefaultContextCache@2c768ada size = 1, maxSize = 32, parentContextCount = 0, hitCount = 161, missCount = 1]
23:36:59.829 [Test worker] DEBUG org.springframework.test.context.cache.DefaultCacheAwareContextLoaderDelegate - Retrieved ApplicationContext [1895143699] from cache with key [[MergedContextConfiguration@1921ad94 testClass = TeamServiceTest, locations = '{}', classes = '{class org.waldreg.teambuilding.team.management.DefaultTeamManager}', contextInitializerClasses = '[]', activeProfiles = '{}', propertySourceLocations = '{}', propertySourceProperties = '{}', contextCustomizers = set[org.springframework.boot.test.autoconfigure.actuate.metrics.MetricsExportContextCustomizerFactory$DisableMetricExportContextCustomizer@481ba2cf, org.springframework.boot.test.autoconfigure.properties.PropertyMappingContextCustomizer@0, org.springframework.boot.test.autoconfigure.web.servlet.WebDriverContextCustomizerFactory$Customizer@1fa1cab1, org.springframework.boot.test.context.filter.ExcludeFilterContextCustomizer@31ff43be, org.springframework.boot.test.json.DuplicateJsonObjectContextCustomizerFactory$DuplicateJsonObjectContextCustomizer@132e0cc, org.springframework.boot.test.mock.mockito.MockitoContextCustomizer@5816ffdf], contextLoader = 'org.springframework.test.context.support.DelegatingSmartContextLoader', parent = [null]]]
23:36:59.829 [Test worker] DEBUG org.springframework.test.context.cache - Spring test ApplicationContext cache statistics: [DefaultContextCache@2c768ada size = 1, maxSize = 32, parentContextCount = 0, hitCount = 162, missCount = 1]
23:36:59.829 [Test worker] DEBUG org.springframework.test.context.cache.DefaultCacheAwareContextLoaderDelegate - Retrieved ApplicationContext [1895143699] from cache with key [[MergedContextConfiguration@1921ad94 testClass = TeamServiceTest, locations = '{}', classes = '{class org.waldreg.teambuilding.team.management.DefaultTeamManager}', contextInitializerClasses = '[]', activeProfiles = '{}', propertySourceLocations = '{}', propertySourceProperties = '{}', contextCustomizers = set[org.springframework.boot.test.autoconfigure.actuate.metrics.MetricsExportContextCustomizerFactory$DisableMetricExportContextCustomizer@481ba2cf, org.springframework.boot.test.autoconfigure.properties.PropertyMappingContextCustomizer@0, org.springframework.boot.test.autoconfigure.web.servlet.WebDriverContextCustomizerFactory$Customizer@1fa1cab1, org.springframework.boot.test.context.filter.ExcludeFilterContextCustomizer@31ff43be, org.springframework.boot.test.json.DuplicateJsonObjectContextCustomizerFactory$DuplicateJsonObjectContextCustomizer@132e0cc, org.springframework.boot.test.mock.mockito.MockitoContextCustomizer@5816ffdf], contextLoader = 'org.springframework.test.context.support.DelegatingSmartContextLoader', parent = [null]]]
23:36:59.829 [Test worker] DEBUG org.springframework.test.context.cache - Spring test ApplicationContext cache statistics: [DefaultContextCache@2c768ada size = 1, maxSize = 32, parentContextCount = 0, hitCount = 163, missCount = 1]
23:36:59.830 [Test worker] DEBUG org.springframework.test.context.cache.DefaultCacheAwareContextLoaderDelegate - Retrieved ApplicationContext [1895143699] from cache with key [[MergedContextConfiguration@1921ad94 testClass = TeamServiceTest, locations = '{}', classes = '{class org.waldreg.teambuilding.team.management.DefaultTeamManager}', contextInitializerClasses = '[]', activeProfiles = '{}', propertySourceLocations = '{}', propertySourceProperties = '{}', contextCustomizers = set[org.springframework.boot.test.autoconfigure.actuate.metrics.MetricsExportContextCustomizerFactory$DisableMetricExportContextCustomizer@481ba2cf, org.springframework.boot.test.autoconfigure.properties.PropertyMappingContextCustomizer@0, org.springframework.boot.test.autoconfigure.web.servlet.WebDriverContextCustomizerFactory$Customizer@1fa1cab1, org.springframework.boot.test.context.filter.ExcludeFilterContextCustomizer@31ff43be, org.springframework.boot.test.json.DuplicateJsonObjectContextCustomizerFactory$DuplicateJsonObjectContextCustomizer@132e0cc, org.springframework.boot.test.mock.mockito.MockitoContextCustomizer@5816ffdf], contextLoader = 'org.springframework.test.context.support.DelegatingSmartContextLoader', parent = [null]]]
23:36:59.830 [Test worker] DEBUG org.springframework.test.context.cache - Spring test ApplicationContext cache statistics: [DefaultContextCache@2c768ada size = 1, maxSize = 32, parentContextCount = 0, hitCount = 164, missCount = 1]
23:36:59.830 [Test worker] DEBUG org.springframework.test.context.cache.DefaultCacheAwareContextLoaderDelegate - Retrieved ApplicationContext [1895143699] from cache with key [[MergedContextConfiguration@1921ad94 testClass = TeamServiceTest, locations = '{}', classes = '{class org.waldreg.teambuilding.team.management.DefaultTeamManager}', contextInitializerClasses = '[]', activeProfiles = '{}', propertySourceLocations = '{}', propertySourceProperties = '{}', contextCustomizers = set[org.springframework.boot.test.autoconfigure.actuate.metrics.MetricsExportContextCustomizerFactory$DisableMetricExportContextCustomizer@481ba2cf, org.springframework.boot.test.autoconfigure.properties.PropertyMappingContextCustomizer@0, org.springframework.boot.test.autoconfigure.web.servlet.WebDriverContextCustomizerFactory$Customizer@1fa1cab1, org.springframework.boot.test.context.filter.ExcludeFilterContextCustomizer@31ff43be, org.springframework.boot.test.json.DuplicateJsonObjectContextCustomizerFactory$DuplicateJsonObjectContextCustomizer@132e0cc, org.springframework.boot.test.mock.mockito.MockitoContextCustomizer@5816ffdf], contextLoader = 'org.springframework.test.context.support.DelegatingSmartContextLoader', parent = [null]]]
23:36:59.830 [Test worker] DEBUG org.springframework.test.context.cache - Spring test ApplicationContext cache statistics: [DefaultContextCache@2c768ada size = 1, maxSize = 32, parentContextCount = 0, hitCount = 165, missCount = 1]
23:36:59.830 [Test worker] DEBUG org.springframework.test.context.cache.DefaultCacheAwareContextLoaderDelegate - Retrieved ApplicationContext [1895143699] from cache with key [[MergedContextConfiguration@1921ad94 testClass = TeamServiceTest, locations = '{}', classes = '{class org.waldreg.teambuilding.team.management.DefaultTeamManager}', contextInitializerClasses = '[]', activeProfiles = '{}', propertySourceLocations = '{}', propertySourceProperties = '{}', contextCustomizers = set[org.springframework.boot.test.autoconfigure.actuate.metrics.MetricsExportContextCustomizerFactory$DisableMetricExportContextCustomizer@481ba2cf, org.springframework.boot.test.autoconfigure.properties.PropertyMappingContextCustomizer@0, org.springframework.boot.test.autoconfigure.web.servlet.WebDriverContextCustomizerFactory$Customizer@1fa1cab1, org.springframework.boot.test.context.filter.ExcludeFilterContextCustomizer@31ff43be, org.springframework.boot.test.json.DuplicateJsonObjectContextCustomizerFactory$DuplicateJsonObjectContextCustomizer@132e0cc, org.springframework.boot.test.mock.mockito.MockitoContextCustomizer@5816ffdf], contextLoader = 'org.springframework.test.context.support.DelegatingSmartContextLoader', parent = [null]]]
23:36:59.830 [Test worker] DEBUG org.springframework.test.context.cache - Spring test ApplicationContext cache statistics: [DefaultContextCache@2c768ada size = 1, maxSize = 32, parentContextCount = 0, hitCount = 166, missCount = 1]
23:36:59.830 [Test worker] DEBUG org.springframework.test.context.cache.DefaultCacheAwareContextLoaderDelegate - Retrieved ApplicationContext [1895143699] from cache with key [[MergedContextConfiguration@1921ad94 testClass = TeamServiceTest, locations = '{}', classes = '{class org.waldreg.teambuilding.team.management.DefaultTeamManager}', contextInitializerClasses = '[]', activeProfiles = '{}', propertySourceLocations = '{}', propertySourceProperties = '{}', contextCustomizers = set[org.springframework.boot.test.autoconfigure.actuate.metrics.MetricsExportContextCustomizerFactory$DisableMetricExportContextCustomizer@481ba2cf, org.springframework.boot.test.autoconfigure.properties.PropertyMappingContextCustomizer@0, org.springframework.boot.test.autoconfigure.web.servlet.WebDriverContextCustomizerFactory$Customizer@1fa1cab1, org.springframework.boot.test.context.filter.ExcludeFilterContextCustomizer@31ff43be, org.springframework.boot.test.json.DuplicateJsonObjectContextCustomizerFactory$DuplicateJsonObjectContextCustomizer@132e0cc, org.springframework.boot.test.mock.mockito.MockitoContextCustomizer@5816ffdf], contextLoader = 'org.springframework.test.context.support.DelegatingSmartContextLoader', parent = [null]]]
23:36:59.830 [Test worker] DEBUG org.springframework.test.context.cache - Spring test ApplicationContext cache statistics: [DefaultContextCache@2c768ada size = 1, maxSize = 32, parentContextCount = 0, hitCount = 167, missCount = 1]
23:36:59.830 [Test worker] DEBUG org.springframework.test.context.support.AbstractDirtiesContextTestExecutionListener - After test method: context [DefaultTestContext@10cf09e8 testClass = TeamServiceTest, testInstance = org.waldreg.team.TeamServiceTest@65753040, testMethod = MODIFY_TEAM_IN_TEAM_BUILDING_FAIL_CAUSE_TEAM_NAME_OVERFLOW_TEST@TeamServiceTest, testException = [null], mergedContextConfiguration = [MergedContextConfiguration@1921ad94 testClass = TeamServiceTest, locations = '{}', classes = '{class org.waldreg.teambuilding.team.management.DefaultTeamManager}', contextInitializerClasses = '[]', activeProfiles = '{}', propertySourceLocations = '{}', propertySourceProperties = '{}', contextCustomizers = set[org.springframework.boot.test.autoconfigure.actuate.metrics.MetricsExportContextCustomizerFactory$DisableMetricExportContextCustomizer@481ba2cf, org.springframework.boot.test.autoconfigure.properties.PropertyMappingContextCustomizer@0, org.springframework.boot.test.autoconfigure.web.servlet.WebDriverContextCustomizerFactory$Customizer@1fa1cab1, org.springframework.boot.test.context.filter.ExcludeFilterContextCustomizer@31ff43be, org.springframework.boot.test.json.DuplicateJsonObjectContextCustomizerFactory$DuplicateJsonObjectContextCustomizer@132e0cc, org.springframework.boot.test.mock.mockito.MockitoContextCustomizer@5816ffdf], contextLoader = 'org.springframework.test.context.support.DelegatingSmartContextLoader', parent = [null]], attributes = map['org.springframework.test.context.event.ApplicationEventsTestExecutionListener.recordApplicationEvents' -> false]], class annotated with @DirtiesContext [false] with mode [null], method annotated with @DirtiesContext [false] with mode [null].
23:36:59.830 [Test worker] DEBUG org.springframework.test.context.cache.DefaultCacheAwareContextLoaderDelegate - Retrieved ApplicationContext [1895143699] from cache with key [[MergedContextConfiguration@1921ad94 testClass = TeamServiceTest, locations = '{}', classes = '{class org.waldreg.teambuilding.team.management.DefaultTeamManager}', contextInitializerClasses = '[]', activeProfiles = '{}', propertySourceLocations = '{}', propertySourceProperties = '{}', contextCustomizers = set[org.springframework.boot.test.autoconfigure.actuate.metrics.MetricsExportContextCustomizerFactory$DisableMetricExportContextCustomizer@481ba2cf, org.springframework.boot.test.autoconfigure.properties.PropertyMappingContextCustomizer@0, org.springframework.boot.test.autoconfigure.web.servlet.WebDriverContextCustomizerFactory$Customizer@1fa1cab1, org.springframework.boot.test.context.filter.ExcludeFilterContextCustomizer@31ff43be, org.springframework.boot.test.json.DuplicateJsonObjectContextCustomizerFactory$DuplicateJsonObjectContextCustomizer@132e0cc, org.springframework.boot.test.mock.mockito.MockitoContextCustomizer@5816ffdf], contextLoader = 'org.springframework.test.context.support.DelegatingSmartContextLoader', parent = [null]]]
23:36:59.830 [Test worker] DEBUG org.springframework.test.context.cache - Spring test ApplicationContext cache statistics: [DefaultContextCache@2c768ada size = 1, maxSize = 32, parentContextCount = 0, hitCount = 168, missCount = 1]
23:36:59.830 [Test worker] DEBUG org.springframework.test.context.support.DependencyInjectionTestExecutionListener - Performing dependency injection for test context [[DefaultTestContext@10cf09e8 testClass = TeamServiceTest, testInstance = org.waldreg.team.TeamServiceTest@4acb2510, testMethod = [null], testException = [null], mergedContextConfiguration = [MergedContextConfiguration@1921ad94 testClass = TeamServiceTest, locations = '{}', classes = '{class org.waldreg.teambuilding.team.management.DefaultTeamManager}', contextInitializerClasses = '[]', activeProfiles = '{}', propertySourceLocations = '{}', propertySourceProperties = '{}', contextCustomizers = set[org.springframework.boot.test.autoconfigure.actuate.metrics.MetricsExportContextCustomizerFactory$DisableMetricExportContextCustomizer@481ba2cf, org.springframework.boot.test.autoconfigure.properties.PropertyMappingContextCustomizer@0, org.springframework.boot.test.autoconfigure.web.servlet.WebDriverContextCustomizerFactory$Customizer@1fa1cab1, org.springframework.boot.test.context.filter.ExcludeFilterContextCustomizer@31ff43be, org.springframework.boot.test.json.DuplicateJsonObjectContextCustomizerFactory$DuplicateJsonObjectContextCustomizer@132e0cc, org.springframework.boot.test.mock.mockito.MockitoContextCustomizer@5816ffdf], contextLoader = 'org.springframework.test.context.support.DelegatingSmartContextLoader', parent = [null]], attributes = map['org.springframework.test.context.event.ApplicationEventsTestExecutionListener.recordApplicationEvents' -> false]]].
23:36:59.830 [Test worker] DEBUG org.springframework.test.context.cache.DefaultCacheAwareContextLoaderDelegate - Retrieved ApplicationContext [1895143699] from cache with key [[MergedContextConfiguration@1921ad94 testClass = TeamServiceTest, locations = '{}', classes = '{class org.waldreg.teambuilding.team.management.DefaultTeamManager}', contextInitializerClasses = '[]', activeProfiles = '{}', propertySourceLocations = '{}', propertySourceProperties = '{}', contextCustomizers = set[org.springframework.boot.test.autoconfigure.actuate.metrics.MetricsExportContextCustomizerFactory$DisableMetricExportContextCustomizer@481ba2cf, org.springframework.boot.test.autoconfigure.properties.PropertyMappingContextCustomizer@0, org.springframework.boot.test.autoconfigure.web.servlet.WebDriverContextCustomizerFactory$Customizer@1fa1cab1, org.springframework.boot.test.context.filter.ExcludeFilterContextCustomizer@31ff43be, org.springframework.boot.test.json.DuplicateJsonObjectContextCustomizerFactory$DuplicateJsonObjectContextCustomizer@132e0cc, org.springframework.boot.test.mock.mockito.MockitoContextCustomizer@5816ffdf], contextLoader = 'org.springframework.test.context.support.DelegatingSmartContextLoader', parent = [null]]]
23:36:59.830 [Test worker] DEBUG org.springframework.test.context.cache - Spring test ApplicationContext cache statistics: [DefaultContextCache@2c768ada size = 1, maxSize = 32, parentContextCount = 0, hitCount = 169, missCount = 1]
23:36:59.831 [Test worker] DEBUG org.springframework.test.context.cache.DefaultCacheAwareContextLoaderDelegate - Retrieved ApplicationContext [1895143699] from cache with key [[MergedContextConfiguration@1921ad94 testClass = TeamServiceTest, locations = '{}', classes = '{class org.waldreg.teambuilding.team.management.DefaultTeamManager}', contextInitializerClasses = '[]', activeProfiles = '{}', propertySourceLocations = '{}', propertySourceProperties = '{}', contextCustomizers = set[org.springframework.boot.test.autoconfigure.actuate.metrics.MetricsExportContextCustomizerFactory$DisableMetricExportContextCustomizer@481ba2cf, org.springframework.boot.test.autoconfigure.properties.PropertyMappingContextCustomizer@0, org.springframework.boot.test.autoconfigure.web.servlet.WebDriverContextCustomizerFactory$Customizer@1fa1cab1, org.springframework.boot.test.context.filter.ExcludeFilterContextCustomizer@31ff43be, org.springframework.boot.test.json.DuplicateJsonObjectContextCustomizerFactory$DuplicateJsonObjectContextCustomizer@132e0cc, org.springframework.boot.test.mock.mockito.MockitoContextCustomizer@5816ffdf], contextLoader = 'org.springframework.test.context.support.DelegatingSmartContextLoader', parent = [null]]]
23:36:59.831 [Test worker] DEBUG org.springframework.test.context.cache - Spring test ApplicationContext cache statistics: [DefaultContextCache@2c768ada size = 1, maxSize = 32, parentContextCount = 0, hitCount = 170, missCount = 1]
23:36:59.831 [Test worker] DEBUG org.springframework.test.context.support.AbstractDirtiesContextTestExecutionListener - Before test method: context [DefaultTestContext@10cf09e8 testClass = TeamServiceTest, testInstance = org.waldreg.team.TeamServiceTest@4acb2510, testMethod = DELETE_TEAM_IN_TEAM_BUILDING_FAIL_CAUSE_UNKNOWN_TEAM_ID_TEST@TeamServiceTest, testException = [null], mergedContextConfiguration = [MergedContextConfiguration@1921ad94 testClass = TeamServiceTest, locations = '{}', classes = '{class org.waldreg.teambuilding.team.management.DefaultTeamManager}', contextInitializerClasses = '[]', activeProfiles = '{}', propertySourceLocations = '{}', propertySourceProperties = '{}', contextCustomizers = set[org.springframework.boot.test.autoconfigure.actuate.metrics.MetricsExportContextCustomizerFactory$DisableMetricExportContextCustomizer@481ba2cf, org.springframework.boot.test.autoconfigure.properties.PropertyMappingContextCustomizer@0, org.springframework.boot.test.autoconfigure.web.servlet.WebDriverContextCustomizerFactory$Customizer@1fa1cab1, org.springframework.boot.test.context.filter.ExcludeFilterContextCustomizer@31ff43be, org.springframework.boot.test.json.DuplicateJsonObjectContextCustomizerFactory$DuplicateJsonObjectContextCustomizer@132e0cc, org.springframework.boot.test.mock.mockito.MockitoContextCustomizer@5816ffdf], contextLoader = 'org.springframework.test.context.support.DelegatingSmartContextLoader', parent = [null]], attributes = map['org.springframework.test.context.event.ApplicationEventsTestExecutionListener.recordApplicationEvents' -> false]], class annotated with @DirtiesContext [false] with mode [null], method annotated with @DirtiesContext [false] with mode [null].
23:36:59.831 [Test worker] DEBUG org.springframework.test.context.cache.DefaultCacheAwareContextLoaderDelegate - Retrieved ApplicationContext [1895143699] from cache with key [[MergedContextConfiguration@1921ad94 testClass = TeamServiceTest, locations = '{}', classes = '{class org.waldreg.teambuilding.team.management.DefaultTeamManager}', contextInitializerClasses = '[]', activeProfiles = '{}', propertySourceLocations = '{}', propertySourceProperties = '{}', contextCustomizers = set[org.springframework.boot.test.autoconfigure.actuate.metrics.MetricsExportContextCustomizerFactory$DisableMetricExportContextCustomizer@481ba2cf, org.springframework.boot.test.autoconfigure.properties.PropertyMappingContextCustomizer@0, org.springframework.boot.test.autoconfigure.web.servlet.WebDriverContextCustomizerFactory$Customizer@1fa1cab1, org.springframework.boot.test.context.filter.ExcludeFilterContextCustomizer@31ff43be, org.springframework.boot.test.json.DuplicateJsonObjectContextCustomizerFactory$DuplicateJsonObjectContextCustomizer@132e0cc, org.springframework.boot.test.mock.mockito.MockitoContextCustomizer@5816ffdf], contextLoader = 'org.springframework.test.context.support.DelegatingSmartContextLoader', parent = [null]]]
23:36:59.831 [Test worker] DEBUG org.springframework.test.context.cache - Spring test ApplicationContext cache statistics: [DefaultContextCache@2c768ada size = 1, maxSize = 32, parentContextCount = 0, hitCount = 171, missCount = 1]
23:36:59.831 [Test worker] DEBUG org.springframework.test.context.cache.DefaultCacheAwareContextLoaderDelegate - Retrieved ApplicationContext [1895143699] from cache with key [[MergedContextConfiguration@1921ad94 testClass = TeamServiceTest, locations = '{}', classes = '{class org.waldreg.teambuilding.team.management.DefaultTeamManager}', contextInitializerClasses = '[]', activeProfiles = '{}', propertySourceLocations = '{}', propertySourceProperties = '{}', contextCustomizers = set[org.springframework.boot.test.autoconfigure.actuate.metrics.MetricsExportContextCustomizerFactory$DisableMetricExportContextCustomizer@481ba2cf, org.springframework.boot.test.autoconfigure.properties.PropertyMappingContextCustomizer@0, org.springframework.boot.test.autoconfigure.web.servlet.WebDriverContextCustomizerFactory$Customizer@1fa1cab1, org.springframework.boot.test.context.filter.ExcludeFilterContextCustomizer@31ff43be, org.springframework.boot.test.json.DuplicateJsonObjectContextCustomizerFactory$DuplicateJsonObjectContextCustomizer@132e0cc, org.springframework.boot.test.mock.mockito.MockitoContextCustomizer@5816ffdf], contextLoader = 'org.springframework.test.context.support.DelegatingSmartContextLoader', parent = [null]]]
23:36:59.831 [Test worker] DEBUG org.springframework.test.context.cache - Spring test ApplicationContext cache statistics: [DefaultContextCache@2c768ada size = 1, maxSize = 32, parentContextCount = 0, hitCount = 172, missCount = 1]
23:36:59.831 [Test worker] DEBUG org.springframework.test.context.cache.DefaultCacheAwareContextLoaderDelegate - Retrieved ApplicationContext [1895143699] from cache with key [[MergedContextConfiguration@1921ad94 testClass = TeamServiceTest, locations = '{}', classes = '{class org.waldreg.teambuilding.team.management.DefaultTeamManager}', contextInitializerClasses = '[]', activeProfiles = '{}', propertySourceLocations = '{}', propertySourceProperties = '{}', contextCustomizers = set[org.springframework.boot.test.autoconfigure.actuate.metrics.MetricsExportContextCustomizerFactory$DisableMetricExportContextCustomizer@481ba2cf, org.springframework.boot.test.autoconfigure.properties.PropertyMappingContextCustomizer@0, org.springframework.boot.test.autoconfigure.web.servlet.WebDriverContextCustomizerFactory$Customizer@1fa1cab1, org.springframework.boot.test.context.filter.ExcludeFilterContextCustomizer@31ff43be, org.springframework.boot.test.json.DuplicateJsonObjectContextCustomizerFactory$DuplicateJsonObjectContextCustomizer@132e0cc, org.springframework.boot.test.mock.mockito.MockitoContextCustomizer@5816ffdf], contextLoader = 'org.springframework.test.context.support.DelegatingSmartContextLoader', parent = [null]]]
23:36:59.831 [Test worker] DEBUG org.springframework.test.context.cache - Spring test ApplicationContext cache statistics: [DefaultContextCache@2c768ada size = 1, maxSize = 32, parentContextCount = 0, hitCount = 173, missCount = 1]
23:36:59.832 [Test worker] DEBUG org.springframework.test.context.cache.DefaultCacheAwareContextLoaderDelegate - Retrieved ApplicationContext [1895143699] from cache with key [[MergedContextConfiguration@1921ad94 testClass = TeamServiceTest, locations = '{}', classes = '{class org.waldreg.teambuilding.team.management.DefaultTeamManager}', contextInitializerClasses = '[]', activeProfiles = '{}', propertySourceLocations = '{}', propertySourceProperties = '{}', contextCustomizers = set[org.springframework.boot.test.autoconfigure.actuate.metrics.MetricsExportContextCustomizerFactory$DisableMetricExportContextCustomizer@481ba2cf, org.springframework.boot.test.autoconfigure.properties.PropertyMappingContextCustomizer@0, org.springframework.boot.test.autoconfigure.web.servlet.WebDriverContextCustomizerFactory$Customizer@1fa1cab1, org.springframework.boot.test.context.filter.ExcludeFilterContextCustomizer@31ff43be, org.springframework.boot.test.json.DuplicateJsonObjectContextCustomizerFactory$DuplicateJsonObjectContextCustomizer@132e0cc, org.springframework.boot.test.mock.mockito.MockitoContextCustomizer@5816ffdf], contextLoader = 'org.springframework.test.context.support.DelegatingSmartContextLoader', parent = [null]]]
23:36:59.832 [Test worker] DEBUG org.springframework.test.context.cache - Spring test ApplicationContext cache statistics: [DefaultContextCache@2c768ada size = 1, maxSize = 32, parentContextCount = 0, hitCount = 174, missCount = 1]
23:36:59.832 [Test worker] DEBUG org.springframework.test.context.cache.DefaultCacheAwareContextLoaderDelegate - Retrieved ApplicationContext [1895143699] from cache with key [[MergedContextConfiguration@1921ad94 testClass = TeamServiceTest, locations = '{}', classes = '{class org.waldreg.teambuilding.team.management.DefaultTeamManager}', contextInitializerClasses = '[]', activeProfiles = '{}', propertySourceLocations = '{}', propertySourceProperties = '{}', contextCustomizers = set[org.springframework.boot.test.autoconfigure.actuate.metrics.MetricsExportContextCustomizerFactory$DisableMetricExportContextCustomizer@481ba2cf, org.springframework.boot.test.autoconfigure.properties.PropertyMappingContextCustomizer@0, org.springframework.boot.test.autoconfigure.web.servlet.WebDriverContextCustomizerFactory$Customizer@1fa1cab1, org.springframework.boot.test.context.filter.ExcludeFilterContextCustomizer@31ff43be, org.springframework.boot.test.json.DuplicateJsonObjectContextCustomizerFactory$DuplicateJsonObjectContextCustomizer@132e0cc, org.springframework.boot.test.mock.mockito.MockitoContextCustomizer@5816ffdf], contextLoader = 'org.springframework.test.context.support.DelegatingSmartContextLoader', parent = [null]]]
23:36:59.832 [Test worker] DEBUG org.springframework.test.context.cache - Spring test ApplicationContext cache statistics: [DefaultContextCache@2c768ada size = 1, maxSize = 32, parentContextCount = 0, hitCount = 175, missCount = 1]
23:36:59.832 [Test worker] DEBUG org.springframework.test.context.cache.DefaultCacheAwareContextLoaderDelegate - Retrieved ApplicationContext [1895143699] from cache with key [[MergedContextConfiguration@1921ad94 testClass = TeamServiceTest, locations = '{}', classes = '{class org.waldreg.teambuilding.team.management.DefaultTeamManager}', contextInitializerClasses = '[]', activeProfiles = '{}', propertySourceLocations = '{}', propertySourceProperties = '{}', contextCustomizers = set[org.springframework.boot.test.autoconfigure.actuate.metrics.MetricsExportContextCustomizerFactory$DisableMetricExportContextCustomizer@481ba2cf, org.springframework.boot.test.autoconfigure.properties.PropertyMappingContextCustomizer@0, org.springframework.boot.test.autoconfigure.web.servlet.WebDriverContextCustomizerFactory$Customizer@1fa1cab1, org.springframework.boot.test.context.filter.ExcludeFilterContextCustomizer@31ff43be, org.springframework.boot.test.json.DuplicateJsonObjectContextCustomizerFactory$DuplicateJsonObjectContextCustomizer@132e0cc, org.springframework.boot.test.mock.mockito.MockitoContextCustomizer@5816ffdf], contextLoader = 'org.springframework.test.context.support.DelegatingSmartContextLoader', parent = [null]]]
23:36:59.832 [Test worker] DEBUG org.springframework.test.context.cache - Spring test ApplicationContext cache statistics: [DefaultContextCache@2c768ada size = 1, maxSize = 32, parentContextCount = 0, hitCount = 176, missCount = 1]
23:36:59.832 [Test worker] DEBUG org.springframework.test.context.cache.DefaultCacheAwareContextLoaderDelegate - Retrieved ApplicationContext [1895143699] from cache with key [[MergedContextConfiguration@1921ad94 testClass = TeamServiceTest, locations = '{}', classes = '{class org.waldreg.teambuilding.team.management.DefaultTeamManager}', contextInitializerClasses = '[]', activeProfiles = '{}', propertySourceLocations = '{}', propertySourceProperties = '{}', contextCustomizers = set[org.springframework.boot.test.autoconfigure.actuate.metrics.MetricsExportContextCustomizerFactory$DisableMetricExportContextCustomizer@481ba2cf, org.springframework.boot.test.autoconfigure.properties.PropertyMappingContextCustomizer@0, org.springframework.boot.test.autoconfigure.web.servlet.WebDriverContextCustomizerFactory$Customizer@1fa1cab1, org.springframework.boot.test.context.filter.ExcludeFilterContextCustomizer@31ff43be, org.springframework.boot.test.json.DuplicateJsonObjectContextCustomizerFactory$DuplicateJsonObjectContextCustomizer@132e0cc, org.springframework.boot.test.mock.mockito.MockitoContextCustomizer@5816ffdf], contextLoader = 'org.springframework.test.context.support.DelegatingSmartContextLoader', parent = [null]]]
23:36:59.832 [Test worker] DEBUG org.springframework.test.context.cache - Spring test ApplicationContext cache statistics: [DefaultContextCache@2c768ada size = 1, maxSize = 32, parentContextCount = 0, hitCount = 177, missCount = 1]
23:36:59.832 [Test worker] DEBUG org.springframework.test.context.cache.DefaultCacheAwareContextLoaderDelegate - Retrieved ApplicationContext [1895143699] from cache with key [[MergedContextConfiguration@1921ad94 testClass = TeamServiceTest, locations = '{}', classes = '{class org.waldreg.teambuilding.team.management.DefaultTeamManager}', contextInitializerClasses = '[]', activeProfiles = '{}', propertySourceLocations = '{}', propertySourceProperties = '{}', contextCustomizers = set[org.springframework.boot.test.autoconfigure.actuate.metrics.MetricsExportContextCustomizerFactory$DisableMetricExportContextCustomizer@481ba2cf, org.springframework.boot.test.autoconfigure.properties.PropertyMappingContextCustomizer@0, org.springframework.boot.test.autoconfigure.web.servlet.WebDriverContextCustomizerFactory$Customizer@1fa1cab1, org.springframework.boot.test.context.filter.ExcludeFilterContextCustomizer@31ff43be, org.springframework.boot.test.json.DuplicateJsonObjectContextCustomizerFactory$DuplicateJsonObjectContextCustomizer@132e0cc, org.springframework.boot.test.mock.mockito.MockitoContextCustomizer@5816ffdf], contextLoader = 'org.springframework.test.context.support.DelegatingSmartContextLoader', parent = [null]]]
23:36:59.832 [Test worker] DEBUG org.springframework.test.context.cache - Spring test ApplicationContext cache statistics: [DefaultContextCache@2c768ada size = 1, maxSize = 32, parentContextCount = 0, hitCount = 178, missCount = 1]
23:36:59.832 [Test worker] DEBUG org.springframework.test.context.cache.DefaultCacheAwareContextLoaderDelegate - Retrieved ApplicationContext [1895143699] from cache with key [[MergedContextConfiguration@1921ad94 testClass = TeamServiceTest, locations = '{}', classes = '{class org.waldreg.teambuilding.team.management.DefaultTeamManager}', contextInitializerClasses = '[]', activeProfiles = '{}', propertySourceLocations = '{}', propertySourceProperties = '{}', contextCustomizers = set[org.springframework.boot.test.autoconfigure.actuate.metrics.MetricsExportContextCustomizerFactory$DisableMetricExportContextCustomizer@481ba2cf, org.springframework.boot.test.autoconfigure.properties.PropertyMappingContextCustomizer@0, org.springframework.boot.test.autoconfigure.web.servlet.WebDriverContextCustomizerFactory$Customizer@1fa1cab1, org.springframework.boot.test.context.filter.ExcludeFilterContextCustomizer@31ff43be, org.springframework.boot.test.json.DuplicateJsonObjectContextCustomizerFactory$DuplicateJsonObjectContextCustomizer@132e0cc, org.springframework.boot.test.mock.mockito.MockitoContextCustomizer@5816ffdf], contextLoader = 'org.springframework.test.context.support.DelegatingSmartContextLoader', parent = [null]]]
23:36:59.832 [Test worker] DEBUG org.springframework.test.context.cache - Spring test ApplicationContext cache statistics: [DefaultContextCache@2c768ada size = 1, maxSize = 32, parentContextCount = 0, hitCount = 179, missCount = 1]
23:36:59.832 [Test worker] DEBUG org.springframework.test.context.support.AbstractDirtiesContextTestExecutionListener - After test method: context [DefaultTestContext@10cf09e8 testClass = TeamServiceTest, testInstance = org.waldreg.team.TeamServiceTest@4acb2510, testMethod = DELETE_TEAM_IN_TEAM_BUILDING_FAIL_CAUSE_UNKNOWN_TEAM_ID_TEST@TeamServiceTest, testException = [null], mergedContextConfiguration = [MergedContextConfiguration@1921ad94 testClass = TeamServiceTest, locations = '{}', classes = '{class org.waldreg.teambuilding.team.management.DefaultTeamManager}', contextInitializerClasses = '[]', activeProfiles = '{}', propertySourceLocations = '{}', propertySourceProperties = '{}', contextCustomizers = set[org.springframework.boot.test.autoconfigure.actuate.metrics.MetricsExportContextCustomizerFactory$DisableMetricExportContextCustomizer@481ba2cf, org.springframework.boot.test.autoconfigure.properties.PropertyMappingContextCustomizer@0, org.springframework.boot.test.autoconfigure.web.servlet.WebDriverContextCustomizerFactory$Customizer@1fa1cab1, org.springframework.boot.test.context.filter.ExcludeFilterContextCustomizer@31ff43be, org.springframework.boot.test.json.DuplicateJsonObjectContextCustomizerFactory$DuplicateJsonObjectContextCustomizer@132e0cc, org.springframework.boot.test.mock.mockito.MockitoContextCustomizer@5816ffdf], contextLoader = 'org.springframework.test.context.support.DelegatingSmartContextLoader', parent = [null]], attributes = map['org.springframework.test.context.event.ApplicationEventsTestExecutionListener.recordApplicationEvents' -> false]], class annotated with @DirtiesContext [false] with mode [null], method annotated with @DirtiesContext [false] with mode [null].
23:36:59.832 [Test worker] DEBUG org.springframework.test.context.cache.DefaultCacheAwareContextLoaderDelegate - Retrieved ApplicationContext [1895143699] from cache with key [[MergedContextConfiguration@1921ad94 testClass = TeamServiceTest, locations = '{}', classes = '{class org.waldreg.teambuilding.team.management.DefaultTeamManager}', contextInitializerClasses = '[]', activeProfiles = '{}', propertySourceLocations = '{}', propertySourceProperties = '{}', contextCustomizers = set[org.springframework.boot.test.autoconfigure.actuate.metrics.MetricsExportContextCustomizerFactory$DisableMetricExportContextCustomizer@481ba2cf, org.springframework.boot.test.autoconfigure.properties.PropertyMappingContextCustomizer@0, org.springframework.boot.test.autoconfigure.web.servlet.WebDriverContextCustomizerFactory$Customizer@1fa1cab1, org.springframework.boot.test.context.filter.ExcludeFilterContextCustomizer@31ff43be, org.springframework.boot.test.json.DuplicateJsonObjectContextCustomizerFactory$DuplicateJsonObjectContextCustomizer@132e0cc, org.springframework.boot.test.mock.mockito.MockitoContextCustomizer@5816ffdf], contextLoader = 'org.springframework.test.context.support.DelegatingSmartContextLoader', parent = [null]]]
23:36:59.833 [Test worker] DEBUG org.springframework.test.context.cache - Spring test ApplicationContext cache statistics: [DefaultContextCache@2c768ada size = 1, maxSize = 32, parentContextCount = 0, hitCount = 180, missCount = 1]
23:36:59.833 [Test worker] DEBUG org.springframework.test.context.support.DependencyInjectionTestExecutionListener - Performing dependency injection for test context [[DefaultTestContext@10cf09e8 testClass = TeamServiceTest, testInstance = org.waldreg.team.TeamServiceTest@285f38f6, testMethod = [null], testException = [null], mergedContextConfiguration = [MergedContextConfiguration@1921ad94 testClass = TeamServiceTest, locations = '{}', classes = '{class org.waldreg.teambuilding.team.management.DefaultTeamManager}', contextInitializerClasses = '[]', activeProfiles = '{}', propertySourceLocations = '{}', propertySourceProperties = '{}', contextCustomizers = set[org.springframework.boot.test.autoconfigure.actuate.metrics.MetricsExportContextCustomizerFactory$DisableMetricExportContextCustomizer@481ba2cf, org.springframework.boot.test.autoconfigure.properties.PropertyMappingContextCustomizer@0, org.springframework.boot.test.autoconfigure.web.servlet.WebDriverContextCustomizerFactory$Customizer@1fa1cab1, org.springframework.boot.test.context.filter.ExcludeFilterContextCustomizer@31ff43be, org.springframework.boot.test.json.DuplicateJsonObjectContextCustomizerFactory$DuplicateJsonObjectContextCustomizer@132e0cc, org.springframework.boot.test.mock.mockito.MockitoContextCustomizer@5816ffdf], contextLoader = 'org.springframework.test.context.support.DelegatingSmartContextLoader', parent = [null]], attributes = map['org.springframework.test.context.event.ApplicationEventsTestExecutionListener.recordApplicationEvents' -> false]]].
23:36:59.833 [Test worker] DEBUG org.springframework.test.context.cache.DefaultCacheAwareContextLoaderDelegate - Retrieved ApplicationContext [1895143699] from cache with key [[MergedContextConfiguration@1921ad94 testClass = TeamServiceTest, locations = '{}', classes = '{class org.waldreg.teambuilding.team.management.DefaultTeamManager}', contextInitializerClasses = '[]', activeProfiles = '{}', propertySourceLocations = '{}', propertySourceProperties = '{}', contextCustomizers = set[org.springframework.boot.test.autoconfigure.actuate.metrics.MetricsExportContextCustomizerFactory$DisableMetricExportContextCustomizer@481ba2cf, org.springframework.boot.test.autoconfigure.properties.PropertyMappingContextCustomizer@0, org.springframework.boot.test.autoconfigure.web.servlet.WebDriverContextCustomizerFactory$Customizer@1fa1cab1, org.springframework.boot.test.context.filter.ExcludeFilterContextCustomizer@31ff43be, org.springframework.boot.test.json.DuplicateJsonObjectContextCustomizerFactory$DuplicateJsonObjectContextCustomizer@132e0cc, org.springframework.boot.test.mock.mockito.MockitoContextCustomizer@5816ffdf], contextLoader = 'org.springframework.test.context.support.DelegatingSmartContextLoader', parent = [null]]]
23:36:59.833 [Test worker] DEBUG org.springframework.test.context.cache - Spring test ApplicationContext cache statistics: [DefaultContextCache@2c768ada size = 1, maxSize = 32, parentContextCount = 0, hitCount = 181, missCount = 1]
23:36:59.833 [Test worker] DEBUG org.springframework.test.context.cache.DefaultCacheAwareContextLoaderDelegate - Retrieved ApplicationContext [1895143699] from cache with key [[MergedContextConfiguration@1921ad94 testClass = TeamServiceTest, locations = '{}', classes = '{class org.waldreg.teambuilding.team.management.DefaultTeamManager}', contextInitializerClasses = '[]', activeProfiles = '{}', propertySourceLocations = '{}', propertySourceProperties = '{}', contextCustomizers = set[org.springframework.boot.test.autoconfigure.actuate.metrics.MetricsExportContextCustomizerFactory$DisableMetricExportContextCustomizer@481ba2cf, org.springframework.boot.test.autoconfigure.properties.PropertyMappingContextCustomizer@0, org.springframework.boot.test.autoconfigure.web.servlet.WebDriverContextCustomizerFactory$Customizer@1fa1cab1, org.springframework.boot.test.context.filter.ExcludeFilterContextCustomizer@31ff43be, org.springframework.boot.test.json.DuplicateJsonObjectContextCustomizerFactory$DuplicateJsonObjectContextCustomizer@132e0cc, org.springframework.boot.test.mock.mockito.MockitoContextCustomizer@5816ffdf], contextLoader = 'org.springframework.test.context.support.DelegatingSmartContextLoader', parent = [null]]]
23:36:59.833 [Test worker] DEBUG org.springframework.test.context.cache - Spring test ApplicationContext cache statistics: [DefaultContextCache@2c768ada size = 1, maxSize = 32, parentContextCount = 0, hitCount = 182, missCount = 1]
23:36:59.833 [Test worker] DEBUG org.springframework.test.context.support.AbstractDirtiesContextTestExecutionListener - Before test method: context [DefaultTestContext@10cf09e8 testClass = TeamServiceTest, testInstance = org.waldreg.team.TeamServiceTest@285f38f6, testMethod = CREATE_NEW_TEAM_IN_TEAM_BUILDING_FAIL_CAUSE_DUPLICATED_TEAM_NAME_TEST@TeamServiceTest, testException = [null], mergedContextConfiguration = [MergedContextConfiguration@1921ad94 testClass = TeamServiceTest, locations = '{}', classes = '{class org.waldreg.teambuilding.team.management.DefaultTeamManager}', contextInitializerClasses = '[]', activeProfiles = '{}', propertySourceLocations = '{}', propertySourceProperties = '{}', contextCustomizers = set[org.springframework.boot.test.autoconfigure.actuate.metrics.MetricsExportContextCustomizerFactory$DisableMetricExportContextCustomizer@481ba2cf, org.springframework.boot.test.autoconfigure.properties.PropertyMappingContextCustomizer@0, org.springframework.boot.test.autoconfigure.web.servlet.WebDriverContextCustomizerFactory$Customizer@1fa1cab1, org.springframework.boot.test.context.filter.ExcludeFilterContextCustomizer@31ff43be, org.springframework.boot.test.json.DuplicateJsonObjectContextCustomizerFactory$DuplicateJsonObjectContextCustomizer@132e0cc, org.springframework.boot.test.mock.mockito.MockitoContextCustomizer@5816ffdf], contextLoader = 'org.springframework.test.context.support.DelegatingSmartContextLoader', parent = [null]], attributes = map['org.springframework.test.context.event.ApplicationEventsTestExecutionListener.recordApplicationEvents' -> false]], class annotated with @DirtiesContext [false] with mode [null], method annotated with @DirtiesContext [false] with mode [null].
23:36:59.833 [Test worker] DEBUG org.springframework.test.context.cache.DefaultCacheAwareContextLoaderDelegate - Retrieved ApplicationContext [1895143699] from cache with key [[MergedContextConfiguration@1921ad94 testClass = TeamServiceTest, locations = '{}', classes = '{class org.waldreg.teambuilding.team.management.DefaultTeamManager}', contextInitializerClasses = '[]', activeProfiles = '{}', propertySourceLocations = '{}', propertySourceProperties = '{}', contextCustomizers = set[org.springframework.boot.test.autoconfigure.actuate.metrics.MetricsExportContextCustomizerFactory$DisableMetricExportContextCustomizer@481ba2cf, org.springframework.boot.test.autoconfigure.properties.PropertyMappingContextCustomizer@0, org.springframework.boot.test.autoconfigure.web.servlet.WebDriverContextCustomizerFactory$Customizer@1fa1cab1, org.springframework.boot.test.context.filter.ExcludeFilterContextCustomizer@31ff43be, org.springframework.boot.test.json.DuplicateJsonObjectContextCustomizerFactory$DuplicateJsonObjectContextCustomizer@132e0cc, org.springframework.boot.test.mock.mockito.MockitoContextCustomizer@5816ffdf], contextLoader = 'org.springframework.test.context.support.DelegatingSmartContextLoader', parent = [null]]]
23:36:59.833 [Test worker] DEBUG org.springframework.test.context.cache - Spring test ApplicationContext cache statistics: [DefaultContextCache@2c768ada size = 1, maxSize = 32, parentContextCount = 0, hitCount = 183, missCount = 1]
23:36:59.833 [Test worker] DEBUG org.springframework.test.context.cache.DefaultCacheAwareContextLoaderDelegate - Retrieved ApplicationContext [1895143699] from cache with key [[MergedContextConfiguration@1921ad94 testClass = TeamServiceTest, locations = '{}', classes = '{class org.waldreg.teambuilding.team.management.DefaultTeamManager}', contextInitializerClasses = '[]', activeProfiles = '{}', propertySourceLocations = '{}', propertySourceProperties = '{}', contextCustomizers = set[org.springframework.boot.test.autoconfigure.actuate.metrics.MetricsExportContextCustomizerFactory$DisableMetricExportContextCustomizer@481ba2cf, org.springframework.boot.test.autoconfigure.properties.PropertyMappingContextCustomizer@0, org.springframework.boot.test.autoconfigure.web.servlet.WebDriverContextCustomizerFactory$Customizer@1fa1cab1, org.springframework.boot.test.context.filter.ExcludeFilterContextCustomizer@31ff43be, org.springframework.boot.test.json.DuplicateJsonObjectContextCustomizerFactory$DuplicateJsonObjectContextCustomizer@132e0cc, org.springframework.boot.test.mock.mockito.MockitoContextCustomizer@5816ffdf], contextLoader = 'org.springframework.test.context.support.DelegatingSmartContextLoader', parent = [null]]]
23:36:59.833 [Test worker] DEBUG org.springframework.test.context.cache - Spring test ApplicationContext cache statistics: [DefaultContextCache@2c768ada size = 1, maxSize = 32, parentContextCount = 0, hitCount = 184, missCount = 1]
23:36:59.833 [Test worker] DEBUG org.springframework.test.context.cache.DefaultCacheAwareContextLoaderDelegate - Retrieved ApplicationContext [1895143699] from cache with key [[MergedContextConfiguration@1921ad94 testClass = TeamServiceTest, locations = '{}', classes = '{class org.waldreg.teambuilding.team.management.DefaultTeamManager}', contextInitializerClasses = '[]', activeProfiles = '{}', propertySourceLocations = '{}', propertySourceProperties = '{}', contextCustomizers = set[org.springframework.boot.test.autoconfigure.actuate.metrics.MetricsExportContextCustomizerFactory$DisableMetricExportContextCustomizer@481ba2cf, org.springframework.boot.test.autoconfigure.properties.PropertyMappingContextCustomizer@0, org.springframework.boot.test.autoconfigure.web.servlet.WebDriverContextCustomizerFactory$Customizer@1fa1cab1, org.springframework.boot.test.context.filter.ExcludeFilterContextCustomizer@31ff43be, org.springframework.boot.test.json.DuplicateJsonObjectContextCustomizerFactory$DuplicateJsonObjectContextCustomizer@132e0cc, org.springframework.boot.test.mock.mockito.MockitoContextCustomizer@5816ffdf], contextLoader = 'org.springframework.test.context.support.DelegatingSmartContextLoader', parent = [null]]]
23:36:59.833 [Test worker] DEBUG org.springframework.test.context.cache - Spring test ApplicationContext cache statistics: [DefaultContextCache@2c768ada size = 1, maxSize = 32, parentContextCount = 0, hitCount = 185, missCount = 1]
23:36:59.834 [Test worker] DEBUG org.springframework.test.context.cache.DefaultCacheAwareContextLoaderDelegate - Retrieved ApplicationContext [1895143699] from cache with key [[MergedContextConfiguration@1921ad94 testClass = TeamServiceTest, locations = '{}', classes = '{class org.waldreg.teambuilding.team.management.DefaultTeamManager}', contextInitializerClasses = '[]', activeProfiles = '{}', propertySourceLocations = '{}', propertySourceProperties = '{}', contextCustomizers = set[org.springframework.boot.test.autoconfigure.actuate.metrics.MetricsExportContextCustomizerFactory$DisableMetricExportContextCustomizer@481ba2cf, org.springframework.boot.test.autoconfigure.properties.PropertyMappingContextCustomizer@0, org.springframework.boot.test.autoconfigure.web.servlet.WebDriverContextCustomizerFactory$Customizer@1fa1cab1, org.springframework.boot.test.context.filter.ExcludeFilterContextCustomizer@31ff43be, org.springframework.boot.test.json.DuplicateJsonObjectContextCustomizerFactory$DuplicateJsonObjectContextCustomizer@132e0cc, org.springframework.boot.test.mock.mockito.MockitoContextCustomizer@5816ffdf], contextLoader = 'org.springframework.test.context.support.DelegatingSmartContextLoader', parent = [null]]]
23:36:59.834 [Test worker] DEBUG org.springframework.test.context.cache - Spring test ApplicationContext cache statistics: [DefaultContextCache@2c768ada size = 1, maxSize = 32, parentContextCount = 0, hitCount = 186, missCount = 1]
23:36:59.834 [Test worker] DEBUG org.springframework.test.context.cache.DefaultCacheAwareContextLoaderDelegate - Retrieved ApplicationContext [1895143699] from cache with key [[MergedContextConfiguration@1921ad94 testClass = TeamServiceTest, locations = '{}', classes = '{class org.waldreg.teambuilding.team.management.DefaultTeamManager}', contextInitializerClasses = '[]', activeProfiles = '{}', propertySourceLocations = '{}', propertySourceProperties = '{}', contextCustomizers = set[org.springframework.boot.test.autoconfigure.actuate.metrics.MetricsExportContextCustomizerFactory$DisableMetricExportContextCustomizer@481ba2cf, org.springframework.boot.test.autoconfigure.properties.PropertyMappingContextCustomizer@0, org.springframework.boot.test.autoconfigure.web.servlet.WebDriverContextCustomizerFactory$Customizer@1fa1cab1, org.springframework.boot.test.context.filter.ExcludeFilterContextCustomizer@31ff43be, org.springframework.boot.test.json.DuplicateJsonObjectContextCustomizerFactory$DuplicateJsonObjectContextCustomizer@132e0cc, org.springframework.boot.test.mock.mockito.MockitoContextCustomizer@5816ffdf], contextLoader = 'org.springframework.test.context.support.DelegatingSmartContextLoader', parent = [null]]]
23:36:59.834 [Test worker] DEBUG org.springframework.test.context.cache - Spring test ApplicationContext cache statistics: [DefaultContextCache@2c768ada size = 1, maxSize = 32, parentContextCount = 0, hitCount = 187, missCount = 1]
23:36:59.834 [Test worker] DEBUG org.springframework.test.context.cache.DefaultCacheAwareContextLoaderDelegate - Retrieved ApplicationContext [1895143699] from cache with key [[MergedContextConfiguration@1921ad94 testClass = TeamServiceTest, locations = '{}', classes = '{class org.waldreg.teambuilding.team.management.DefaultTeamManager}', contextInitializerClasses = '[]', activeProfiles = '{}', propertySourceLocations = '{}', propertySourceProperties = '{}', contextCustomizers = set[org.springframework.boot.test.autoconfigure.actuate.metrics.MetricsExportContextCustomizerFactory$DisableMetricExportContextCustomizer@481ba2cf, org.springframework.boot.test.autoconfigure.properties.PropertyMappingContextCustomizer@0, org.springframework.boot.test.autoconfigure.web.servlet.WebDriverContextCustomizerFactory$Customizer@1fa1cab1, org.springframework.boot.test.context.filter.ExcludeFilterContextCustomizer@31ff43be, org.springframework.boot.test.json.DuplicateJsonObjectContextCustomizerFactory$DuplicateJsonObjectContextCustomizer@132e0cc, org.springframework.boot.test.mock.mockito.MockitoContextCustomizer@5816ffdf], contextLoader = 'org.springframework.test.context.support.DelegatingSmartContextLoader', parent = [null]]]
23:36:59.834 [Test worker] DEBUG org.springframework.test.context.cache - Spring test ApplicationContext cache statistics: [DefaultContextCache@2c768ada size = 1, maxSize = 32, parentContextCount = 0, hitCount = 188, missCount = 1]
23:36:59.834 [Test worker] DEBUG org.springframework.test.context.cache.DefaultCacheAwareContextLoaderDelegate - Retrieved ApplicationContext [1895143699] from cache with key [[MergedContextConfiguration@1921ad94 testClass = TeamServiceTest, locations = '{}', classes = '{class org.waldreg.teambuilding.team.management.DefaultTeamManager}', contextInitializerClasses = '[]', activeProfiles = '{}', propertySourceLocations = '{}', propertySourceProperties = '{}', contextCustomizers = set[org.springframework.boot.test.autoconfigure.actuate.metrics.MetricsExportContextCustomizerFactory$DisableMetricExportContextCustomizer@481ba2cf, org.springframework.boot.test.autoconfigure.properties.PropertyMappingContextCustomizer@0, org.springframework.boot.test.autoconfigure.web.servlet.WebDriverContextCustomizerFactory$Customizer@1fa1cab1, org.springframework.boot.test.context.filter.ExcludeFilterContextCustomizer@31ff43be, org.springframework.boot.test.json.DuplicateJsonObjectContextCustomizerFactory$DuplicateJsonObjectContextCustomizer@132e0cc, org.springframework.boot.test.mock.mockito.MockitoContextCustomizer@5816ffdf], contextLoader = 'org.springframework.test.context.support.DelegatingSmartContextLoader', parent = [null]]]
23:36:59.834 [Test worker] DEBUG org.springframework.test.context.cache - Spring test ApplicationContext cache statistics: [DefaultContextCache@2c768ada size = 1, maxSize = 32, parentContextCount = 0, hitCount = 189, missCount = 1]
23:36:59.834 [Test worker] DEBUG org.springframework.test.context.cache.DefaultCacheAwareContextLoaderDelegate - Retrieved ApplicationContext [1895143699] from cache with key [[MergedContextConfiguration@1921ad94 testClass = TeamServiceTest, locations = '{}', classes = '{class org.waldreg.teambuilding.team.management.DefaultTeamManager}', contextInitializerClasses = '[]', activeProfiles = '{}', propertySourceLocations = '{}', propertySourceProperties = '{}', contextCustomizers = set[org.springframework.boot.test.autoconfigure.actuate.metrics.MetricsExportContextCustomizerFactory$DisableMetricExportContextCustomizer@481ba2cf, org.springframework.boot.test.autoconfigure.properties.PropertyMappingContextCustomizer@0, org.springframework.boot.test.autoconfigure.web.servlet.WebDriverContextCustomizerFactory$Customizer@1fa1cab1, org.springframework.boot.test.context.filter.ExcludeFilterContextCustomizer@31ff43be, org.springframework.boot.test.json.DuplicateJsonObjectContextCustomizerFactory$DuplicateJsonObjectContextCustomizer@132e0cc, org.springframework.boot.test.mock.mockito.MockitoContextCustomizer@5816ffdf], contextLoader = 'org.springframework.test.context.support.DelegatingSmartContextLoader', parent = [null]]]
23:36:59.834 [Test worker] DEBUG org.springframework.test.context.cache - Spring test ApplicationContext cache statistics: [DefaultContextCache@2c768ada size = 1, maxSize = 32, parentContextCount = 0, hitCount = 190, missCount = 1]
23:36:59.834 [Test worker] DEBUG org.springframework.test.context.cache.DefaultCacheAwareContextLoaderDelegate - Retrieved ApplicationContext [1895143699] from cache with key [[MergedContextConfiguration@1921ad94 testClass = TeamServiceTest, locations = '{}', classes = '{class org.waldreg.teambuilding.team.management.DefaultTeamManager}', contextInitializerClasses = '[]', activeProfiles = '{}', propertySourceLocations = '{}', propertySourceProperties = '{}', contextCustomizers = set[org.springframework.boot.test.autoconfigure.actuate.metrics.MetricsExportContextCustomizerFactory$DisableMetricExportContextCustomizer@481ba2cf, org.springframework.boot.test.autoconfigure.properties.PropertyMappingContextCustomizer@0, org.springframework.boot.test.autoconfigure.web.servlet.WebDriverContextCustomizerFactory$Customizer@1fa1cab1, org.springframework.boot.test.context.filter.ExcludeFilterContextCustomizer@31ff43be, org.springframework.boot.test.json.DuplicateJsonObjectContextCustomizerFactory$DuplicateJsonObjectContextCustomizer@132e0cc, org.springframework.boot.test.mock.mockito.MockitoContextCustomizer@5816ffdf], contextLoader = 'org.springframework.test.context.support.DelegatingSmartContextLoader', parent = [null]]]
23:36:59.834 [Test worker] DEBUG org.springframework.test.context.cache - Spring test ApplicationContext cache statistics: [DefaultContextCache@2c768ada size = 1, maxSize = 32, parentContextCount = 0, hitCount = 191, missCount = 1]
23:36:59.834 [Test worker] DEBUG org.springframework.test.context.support.AbstractDirtiesContextTestExecutionListener - After test method: context [DefaultTestContext@10cf09e8 testClass = TeamServiceTest, testInstance = org.waldreg.team.TeamServiceTest@285f38f6, testMethod = CREATE_NEW_TEAM_IN_TEAM_BUILDING_FAIL_CAUSE_DUPLICATED_TEAM_NAME_TEST@TeamServiceTest, testException = [null], mergedContextConfiguration = [MergedContextConfiguration@1921ad94 testClass = TeamServiceTest, locations = '{}', classes = '{class org.waldreg.teambuilding.team.management.DefaultTeamManager}', contextInitializerClasses = '[]', activeProfiles = '{}', propertySourceLocations = '{}', propertySourceProperties = '{}', contextCustomizers = set[org.springframework.boot.test.autoconfigure.actuate.metrics.MetricsExportContextCustomizerFactory$DisableMetricExportContextCustomizer@481ba2cf, org.springframework.boot.test.autoconfigure.properties.PropertyMappingContextCustomizer@0, org.springframework.boot.test.autoconfigure.web.servlet.WebDriverContextCustomizerFactory$Customizer@1fa1cab1, org.springframework.boot.test.context.filter.ExcludeFilterContextCustomizer@31ff43be, org.springframework.boot.test.json.DuplicateJsonObjectContextCustomizerFactory$DuplicateJsonObjectContextCustomizer@132e0cc, org.springframework.boot.test.mock.mockito.MockitoContextCustomizer@5816ffdf], contextLoader = 'org.springframework.test.context.support.DelegatingSmartContextLoader', parent = [null]], attributes = map['org.springframework.test.context.event.ApplicationEventsTestExecutionListener.recordApplicationEvents' -> false]], class annotated with @DirtiesContext [false] with mode [null], method annotated with @DirtiesContext [false] with mode [null].
23:36:59.835 [Test worker] DEBUG org.springframework.test.context.cache.DefaultCacheAwareContextLoaderDelegate - Retrieved ApplicationContext [1895143699] from cache with key [[MergedContextConfiguration@1921ad94 testClass = TeamServiceTest, locations = '{}', classes = '{class org.waldreg.teambuilding.team.management.DefaultTeamManager}', contextInitializerClasses = '[]', activeProfiles = '{}', propertySourceLocations = '{}', propertySourceProperties = '{}', contextCustomizers = set[org.springframework.boot.test.autoconfigure.actuate.metrics.MetricsExportContextCustomizerFactory$DisableMetricExportContextCustomizer@481ba2cf, org.springframework.boot.test.autoconfigure.properties.PropertyMappingContextCustomizer@0, org.springframework.boot.test.autoconfigure.web.servlet.WebDriverContextCustomizerFactory$Customizer@1fa1cab1, org.springframework.boot.test.context.filter.ExcludeFilterContextCustomizer@31ff43be, org.springframework.boot.test.json.DuplicateJsonObjectContextCustomizerFactory$DuplicateJsonObjectContextCustomizer@132e0cc, org.springframework.boot.test.mock.mockito.MockitoContextCustomizer@5816ffdf], contextLoader = 'org.springframework.test.context.support.DelegatingSmartContextLoader', parent = [null]]]
23:36:59.835 [Test worker] DEBUG org.springframework.test.context.cache - Spring test ApplicationContext cache statistics: [DefaultContextCache@2c768ada size = 1, maxSize = 32, parentContextCount = 0, hitCount = 192, missCount = 1]
23:36:59.835 [Test worker] DEBUG org.springframework.test.context.support.DependencyInjectionTestExecutionListener - Performing dependency injection for test context [[DefaultTestContext@10cf09e8 testClass = TeamServiceTest, testInstance = org.waldreg.team.TeamServiceTest@3ab6678b, testMethod = [null], testException = [null], mergedContextConfiguration = [MergedContextConfiguration@1921ad94 testClass = TeamServiceTest, locations = '{}', classes = '{class org.waldreg.teambuilding.team.management.DefaultTeamManager}', contextInitializerClasses = '[]', activeProfiles = '{}', propertySourceLocations = '{}', propertySourceProperties = '{}', contextCustomizers = set[org.springframework.boot.test.autoconfigure.actuate.metrics.MetricsExportContextCustomizerFactory$DisableMetricExportContextCustomizer@481ba2cf, org.springframework.boot.test.autoconfigure.properties.PropertyMappingContextCustomizer@0, org.springframework.boot.test.autoconfigure.web.servlet.WebDriverContextCustomizerFactory$Customizer@1fa1cab1, org.springframework.boot.test.context.filter.ExcludeFilterContextCustomizer@31ff43be, org.springframework.boot.test.json.DuplicateJsonObjectContextCustomizerFactory$DuplicateJsonObjectContextCustomizer@132e0cc, org.springframework.boot.test.mock.mockito.MockitoContextCustomizer@5816ffdf], contextLoader = 'org.springframework.test.context.support.DelegatingSmartContextLoader', parent = [null]], attributes = map['org.springframework.test.context.event.ApplicationEventsTestExecutionListener.recordApplicationEvents' -> false]]].
23:36:59.835 [Test worker] DEBUG org.springframework.test.context.cache.DefaultCacheAwareContextLoaderDelegate - Retrieved ApplicationContext [1895143699] from cache with key [[MergedContextConfiguration@1921ad94 testClass = TeamServiceTest, locations = '{}', classes = '{class org.waldreg.teambuilding.team.management.DefaultTeamManager}', contextInitializerClasses = '[]', activeProfiles = '{}', propertySourceLocations = '{}', propertySourceProperties = '{}', contextCustomizers = set[org.springframework.boot.test.autoconfigure.actuate.metrics.MetricsExportContextCustomizerFactory$DisableMetricExportContextCustomizer@481ba2cf, org.springframework.boot.test.autoconfigure.properties.PropertyMappingContextCustomizer@0, org.springframework.boot.test.autoconfigure.web.servlet.WebDriverContextCustomizerFactory$Customizer@1fa1cab1, org.springframework.boot.test.context.filter.ExcludeFilterContextCustomizer@31ff43be, org.springframework.boot.test.json.DuplicateJsonObjectContextCustomizerFactory$DuplicateJsonObjectContextCustomizer@132e0cc, org.springframework.boot.test.mock.mockito.MockitoContextCustomizer@5816ffdf], contextLoader = 'org.springframework.test.context.support.DelegatingSmartContextLoader', parent = [null]]]
23:36:59.835 [Test worker] DEBUG org.springframework.test.context.cache - Spring test ApplicationContext cache statistics: [DefaultContextCache@2c768ada size = 1, maxSize = 32, parentContextCount = 0, hitCount = 193, missCount = 1]
23:36:59.835 [Test worker] DEBUG org.springframework.test.context.cache.DefaultCacheAwareContextLoaderDelegate - Retrieved ApplicationContext [1895143699] from cache with key [[MergedContextConfiguration@1921ad94 testClass = TeamServiceTest, locations = '{}', classes = '{class org.waldreg.teambuilding.team.management.DefaultTeamManager}', contextInitializerClasses = '[]', activeProfiles = '{}', propertySourceLocations = '{}', propertySourceProperties = '{}', contextCustomizers = set[org.springframework.boot.test.autoconfigure.actuate.metrics.MetricsExportContextCustomizerFactory$DisableMetricExportContextCustomizer@481ba2cf, org.springframework.boot.test.autoconfigure.properties.PropertyMappingContextCustomizer@0, org.springframework.boot.test.autoconfigure.web.servlet.WebDriverContextCustomizerFactory$Customizer@1fa1cab1, org.springframework.boot.test.context.filter.ExcludeFilterContextCustomizer@31ff43be, org.springframework.boot.test.json.DuplicateJsonObjectContextCustomizerFactory$DuplicateJsonObjectContextCustomizer@132e0cc, org.springframework.boot.test.mock.mockito.MockitoContextCustomizer@5816ffdf], contextLoader = 'org.springframework.test.context.support.DelegatingSmartContextLoader', parent = [null]]]
23:36:59.835 [Test worker] DEBUG org.springframework.test.context.cache - Spring test ApplicationContext cache statistics: [DefaultContextCache@2c768ada size = 1, maxSize = 32, parentContextCount = 0, hitCount = 194, missCount = 1]
23:36:59.835 [Test worker] DEBUG org.springframework.test.context.support.AbstractDirtiesContextTestExecutionListener - Before test method: context [DefaultTestContext@10cf09e8 testClass = TeamServiceTest, testInstance = org.waldreg.team.TeamServiceTest@3ab6678b, testMethod = DELETE_TEAM_IN_TEAM_BUILDING_SUCCESS_TEST@TeamServiceTest, testException = [null], mergedContextConfiguration = [MergedContextConfiguration@1921ad94 testClass = TeamServiceTest, locations = '{}', classes = '{class org.waldreg.teambuilding.team.management.DefaultTeamManager}', contextInitializerClasses = '[]', activeProfiles = '{}', propertySourceLocations = '{}', propertySourceProperties = '{}', contextCustomizers = set[org.springframework.boot.test.autoconfigure.actuate.metrics.MetricsExportContextCustomizerFactory$DisableMetricExportContextCustomizer@481ba2cf, org.springframework.boot.test.autoconfigure.properties.PropertyMappingContextCustomizer@0, org.springframework.boot.test.autoconfigure.web.servlet.WebDriverContextCustomizerFactory$Customizer@1fa1cab1, org.springframework.boot.test.context.filter.ExcludeFilterContextCustomizer@31ff43be, org.springframework.boot.test.json.DuplicateJsonObjectContextCustomizerFactory$DuplicateJsonObjectContextCustomizer@132e0cc, org.springframework.boot.test.mock.mockito.MockitoContextCustomizer@5816ffdf], contextLoader = 'org.springframework.test.context.support.DelegatingSmartContextLoader', parent = [null]], attributes = map['org.springframework.test.context.event.ApplicationEventsTestExecutionListener.recordApplicationEvents' -> false]], class annotated with @DirtiesContext [false] with mode [null], method annotated with @DirtiesContext [false] with mode [null].
23:36:59.835 [Test worker] DEBUG org.springframework.test.context.cache.DefaultCacheAwareContextLoaderDelegate - Retrieved ApplicationContext [1895143699] from cache with key [[MergedContextConfiguration@1921ad94 testClass = TeamServiceTest, locations = '{}', classes = '{class org.waldreg.teambuilding.team.management.DefaultTeamManager}', contextInitializerClasses = '[]', activeProfiles = '{}', propertySourceLocations = '{}', propertySourceProperties = '{}', contextCustomizers = set[org.springframework.boot.test.autoconfigure.actuate.metrics.MetricsExportContextCustomizerFactory$DisableMetricExportContextCustomizer@481ba2cf, org.springframework.boot.test.autoconfigure.properties.PropertyMappingContextCustomizer@0, org.springframework.boot.test.autoconfigure.web.servlet.WebDriverContextCustomizerFactory$Customizer@1fa1cab1, org.springframework.boot.test.context.filter.ExcludeFilterContextCustomizer@31ff43be, org.springframework.boot.test.json.DuplicateJsonObjectContextCustomizerFactory$DuplicateJsonObjectContextCustomizer@132e0cc, org.springframework.boot.test.mock.mockito.MockitoContextCustomizer@5816ffdf], contextLoader = 'org.springframework.test.context.support.DelegatingSmartContextLoader', parent = [null]]]
23:36:59.835 [Test worker] DEBUG org.springframework.test.context.cache - Spring test ApplicationContext cache statistics: [DefaultContextCache@2c768ada size = 1, maxSize = 32, parentContextCount = 0, hitCount = 195, missCount = 1]
23:36:59.836 [Test worker] DEBUG org.springframework.test.context.cache.DefaultCacheAwareContextLoaderDelegate - Retrieved ApplicationContext [1895143699] from cache with key [[MergedContextConfiguration@1921ad94 testClass = TeamServiceTest, locations = '{}', classes = '{class org.waldreg.teambuilding.team.management.DefaultTeamManager}', contextInitializerClasses = '[]', activeProfiles = '{}', propertySourceLocations = '{}', propertySourceProperties = '{}', contextCustomizers = set[org.springframework.boot.test.autoconfigure.actuate.metrics.MetricsExportContextCustomizerFactory$DisableMetricExportContextCustomizer@481ba2cf, org.springframework.boot.test.autoconfigure.properties.PropertyMappingContextCustomizer@0, org.springframework.boot.test.autoconfigure.web.servlet.WebDriverContextCustomizerFactory$Customizer@1fa1cab1, org.springframework.boot.test.context.filter.ExcludeFilterContextCustomizer@31ff43be, org.springframework.boot.test.json.DuplicateJsonObjectContextCustomizerFactory$DuplicateJsonObjectContextCustomizer@132e0cc, org.springframework.boot.test.mock.mockito.MockitoContextCustomizer@5816ffdf], contextLoader = 'org.springframework.test.context.support.DelegatingSmartContextLoader', parent = [null]]]
23:36:59.836 [Test worker] DEBUG org.springframework.test.context.cache - Spring test ApplicationContext cache statistics: [DefaultContextCache@2c768ada size = 1, maxSize = 32, parentContextCount = 0, hitCount = 196, missCount = 1]
23:36:59.836 [Test worker] DEBUG org.springframework.test.context.cache.DefaultCacheAwareContextLoaderDelegate - Retrieved ApplicationContext [1895143699] from cache with key [[MergedContextConfiguration@1921ad94 testClass = TeamServiceTest, locations = '{}', classes = '{class org.waldreg.teambuilding.team.management.DefaultTeamManager}', contextInitializerClasses = '[]', activeProfiles = '{}', propertySourceLocations = '{}', propertySourceProperties = '{}', contextCustomizers = set[org.springframework.boot.test.autoconfigure.actuate.metrics.MetricsExportContextCustomizerFactory$DisableMetricExportContextCustomizer@481ba2cf, org.springframework.boot.test.autoconfigure.properties.PropertyMappingContextCustomizer@0, org.springframework.boot.test.autoconfigure.web.servlet.WebDriverContextCustomizerFactory$Customizer@1fa1cab1, org.springframework.boot.test.context.filter.ExcludeFilterContextCustomizer@31ff43be, org.springframework.boot.test.json.DuplicateJsonObjectContextCustomizerFactory$DuplicateJsonObjectContextCustomizer@132e0cc, org.springframework.boot.test.mock.mockito.MockitoContextCustomizer@5816ffdf], contextLoader = 'org.springframework.test.context.support.DelegatingSmartContextLoader', parent = [null]]]
23:36:59.836 [Test worker] DEBUG org.springframework.test.context.cache - Spring test ApplicationContext cache statistics: [DefaultContextCache@2c768ada size = 1, maxSize = 32, parentContextCount = 0, hitCount = 197, missCount = 1]
23:36:59.836 [Test worker] DEBUG org.springframework.test.context.cache.DefaultCacheAwareContextLoaderDelegate - Retrieved ApplicationContext [1895143699] from cache with key [[MergedContextConfiguration@1921ad94 testClass = TeamServiceTest, locations = '{}', classes = '{class org.waldreg.teambuilding.team.management.DefaultTeamManager}', contextInitializerClasses = '[]', activeProfiles = '{}', propertySourceLocations = '{}', propertySourceProperties = '{}', contextCustomizers = set[org.springframework.boot.test.autoconfigure.actuate.metrics.MetricsExportContextCustomizerFactory$DisableMetricExportContextCustomizer@481ba2cf, org.springframework.boot.test.autoconfigure.properties.PropertyMappingContextCustomizer@0, org.springframework.boot.test.autoconfigure.web.servlet.WebDriverContextCustomizerFactory$Customizer@1fa1cab1, org.springframework.boot.test.context.filter.ExcludeFilterContextCustomizer@31ff43be, org.springframework.boot.test.json.DuplicateJsonObjectContextCustomizerFactory$DuplicateJsonObjectContextCustomizer@132e0cc, org.springframework.boot.test.mock.mockito.MockitoContextCustomizer@5816ffdf], contextLoader = 'org.springframework.test.context.support.DelegatingSmartContextLoader', parent = [null]]]
23:36:59.836 [Test worker] DEBUG org.springframework.test.context.cache - Spring test ApplicationContext cache statistics: [DefaultContextCache@2c768ada size = 1, maxSize = 32, parentContextCount = 0, hitCount = 198, missCount = 1]
23:36:59.836 [Test worker] DEBUG org.springframework.test.context.cache.DefaultCacheAwareContextLoaderDelegate - Retrieved ApplicationContext [1895143699] from cache with key [[MergedContextConfiguration@1921ad94 testClass = TeamServiceTest, locations = '{}', classes = '{class org.waldreg.teambuilding.team.management.DefaultTeamManager}', contextInitializerClasses = '[]', activeProfiles = '{}', propertySourceLocations = '{}', propertySourceProperties = '{}', contextCustomizers = set[org.springframework.boot.test.autoconfigure.actuate.metrics.MetricsExportContextCustomizerFactory$DisableMetricExportContextCustomizer@481ba2cf, org.springframework.boot.test.autoconfigure.properties.PropertyMappingContextCustomizer@0, org.springframework.boot.test.autoconfigure.web.servlet.WebDriverContextCustomizerFactory$Customizer@1fa1cab1, org.springframework.boot.test.context.filter.ExcludeFilterContextCustomizer@31ff43be, org.springframework.boot.test.json.DuplicateJsonObjectContextCustomizerFactory$DuplicateJsonObjectContextCustomizer@132e0cc, org.springframework.boot.test.mock.mockito.MockitoContextCustomizer@5816ffdf], contextLoader = 'org.springframework.test.context.support.DelegatingSmartContextLoader', parent = [null]]]
23:36:59.836 [Test worker] DEBUG org.springframework.test.context.cache - Spring test ApplicationContext cache statistics: [DefaultContextCache@2c768ada size = 1, maxSize = 32, parentContextCount = 0, hitCount = 199, missCount = 1]
23:36:59.836 [Test worker] DEBUG org.springframework.test.context.cache.DefaultCacheAwareContextLoaderDelegate - Retrieved ApplicationContext [1895143699] from cache with key [[MergedContextConfiguration@1921ad94 testClass = TeamServiceTest, locations = '{}', classes = '{class org.waldreg.teambuilding.team.management.DefaultTeamManager}', contextInitializerClasses = '[]', activeProfiles = '{}', propertySourceLocations = '{}', propertySourceProperties = '{}', contextCustomizers = set[org.springframework.boot.test.autoconfigure.actuate.metrics.MetricsExportContextCustomizerFactory$DisableMetricExportContextCustomizer@481ba2cf, org.springframework.boot.test.autoconfigure.properties.PropertyMappingContextCustomizer@0, org.springframework.boot.test.autoconfigure.web.servlet.WebDriverContextCustomizerFactory$Customizer@1fa1cab1, org.springframework.boot.test.context.filter.ExcludeFilterContextCustomizer@31ff43be, org.springframework.boot.test.json.DuplicateJsonObjectContextCustomizerFactory$DuplicateJsonObjectContextCustomizer@132e0cc, org.springframework.boot.test.mock.mockito.MockitoContextCustomizer@5816ffdf], contextLoader = 'org.springframework.test.context.support.DelegatingSmartContextLoader', parent = [null]]]
23:36:59.836 [Test worker] DEBUG org.springframework.test.context.cache - Spring test ApplicationContext cache statistics: [DefaultContextCache@2c768ada size = 1, maxSize = 32, parentContextCount = 0, hitCount = 200, missCount = 1]
23:36:59.837 [Test worker] DEBUG org.springframework.test.context.cache.DefaultCacheAwareContextLoaderDelegate - Retrieved ApplicationContext [1895143699] from cache with key [[MergedContextConfiguration@1921ad94 testClass = TeamServiceTest, locations = '{}', classes = '{class org.waldreg.teambuilding.team.management.DefaultTeamManager}', contextInitializerClasses = '[]', activeProfiles = '{}', propertySourceLocations = '{}', propertySourceProperties = '{}', contextCustomizers = set[org.springframework.boot.test.autoconfigure.actuate.metrics.MetricsExportContextCustomizerFactory$DisableMetricExportContextCustomizer@481ba2cf, org.springframework.boot.test.autoconfigure.properties.PropertyMappingContextCustomizer@0, org.springframework.boot.test.autoconfigure.web.servlet.WebDriverContextCustomizerFactory$Customizer@1fa1cab1, org.springframework.boot.test.context.filter.ExcludeFilterContextCustomizer@31ff43be, org.springframework.boot.test.json.DuplicateJsonObjectContextCustomizerFactory$DuplicateJsonObjectContextCustomizer@132e0cc, org.springframework.boot.test.mock.mockito.MockitoContextCustomizer@5816ffdf], contextLoader = 'org.springframework.test.context.support.DelegatingSmartContextLoader', parent = [null]]]
23:36:59.837 [Test worker] DEBUG org.springframework.test.context.cache - Spring test ApplicationContext cache statistics: [DefaultContextCache@2c768ada size = 1, maxSize = 32, parentContextCount = 0, hitCount = 201, missCount = 1]
23:36:59.837 [Test worker] DEBUG org.springframework.test.context.cache.DefaultCacheAwareContextLoaderDelegate - Retrieved ApplicationContext [1895143699] from cache with key [[MergedContextConfiguration@1921ad94 testClass = TeamServiceTest, locations = '{}', classes = '{class org.waldreg.teambuilding.team.management.DefaultTeamManager}', contextInitializerClasses = '[]', activeProfiles = '{}', propertySourceLocations = '{}', propertySourceProperties = '{}', contextCustomizers = set[org.springframework.boot.test.autoconfigure.actuate.metrics.MetricsExportContextCustomizerFactory$DisableMetricExportContextCustomizer@481ba2cf, org.springframework.boot.test.autoconfigure.properties.PropertyMappingContextCustomizer@0, org.springframework.boot.test.autoconfigure.web.servlet.WebDriverContextCustomizerFactory$Customizer@1fa1cab1, org.springframework.boot.test.context.filter.ExcludeFilterContextCustomizer@31ff43be, org.springframework.boot.test.json.DuplicateJsonObjectContextCustomizerFactory$DuplicateJsonObjectContextCustomizer@132e0cc, org.springframework.boot.test.mock.mockito.MockitoContextCustomizer@5816ffdf], contextLoader = 'org.springframework.test.context.support.DelegatingSmartContextLoader', parent = [null]]]
23:36:59.837 [Test worker] DEBUG org.springframework.test.context.cache - Spring test ApplicationContext cache statistics: [DefaultContextCache@2c768ada size = 1, maxSize = 32, parentContextCount = 0, hitCount = 202, missCount = 1]
23:36:59.837 [Test worker] DEBUG org.springframework.test.context.cache.DefaultCacheAwareContextLoaderDelegate - Retrieved ApplicationContext [1895143699] from cache with key [[MergedContextConfiguration@1921ad94 testClass = TeamServiceTest, locations = '{}', classes = '{class org.waldreg.teambuilding.team.management.DefaultTeamManager}', contextInitializerClasses = '[]', activeProfiles = '{}', propertySourceLocations = '{}', propertySourceProperties = '{}', contextCustomizers = set[org.springframework.boot.test.autoconfigure.actuate.metrics.MetricsExportContextCustomizerFactory$DisableMetricExportContextCustomizer@481ba2cf, org.springframework.boot.test.autoconfigure.properties.PropertyMappingContextCustomizer@0, org.springframework.boot.test.autoconfigure.web.servlet.WebDriverContextCustomizerFactory$Customizer@1fa1cab1, org.springframework.boot.test.context.filter.ExcludeFilterContextCustomizer@31ff43be, org.springframework.boot.test.json.DuplicateJsonObjectContextCustomizerFactory$DuplicateJsonObjectContextCustomizer@132e0cc, org.springframework.boot.test.mock.mockito.MockitoContextCustomizer@5816ffdf], contextLoader = 'org.springframework.test.context.support.DelegatingSmartContextLoader', parent = [null]]]
23:36:59.837 [Test worker] DEBUG org.springframework.test.context.cache - Spring test ApplicationContext cache statistics: [DefaultContextCache@2c768ada size = 1, maxSize = 32, parentContextCount = 0, hitCount = 203, missCount = 1]
23:36:59.837 [Test worker] DEBUG org.springframework.test.context.support.AbstractDirtiesContextTestExecutionListener - After test method: context [DefaultTestContext@10cf09e8 testClass = TeamServiceTest, testInstance = org.waldreg.team.TeamServiceTest@3ab6678b, testMethod = DELETE_TEAM_IN_TEAM_BUILDING_SUCCESS_TEST@TeamServiceTest, testException = [null], mergedContextConfiguration = [MergedContextConfiguration@1921ad94 testClass = TeamServiceTest, locations = '{}', classes = '{class org.waldreg.teambuilding.team.management.DefaultTeamManager}', contextInitializerClasses = '[]', activeProfiles = '{}', propertySourceLocations = '{}', propertySourceProperties = '{}', contextCustomizers = set[org.springframework.boot.test.autoconfigure.actuate.metrics.MetricsExportContextCustomizerFactory$DisableMetricExportContextCustomizer@481ba2cf, org.springframework.boot.test.autoconfigure.properties.PropertyMappingContextCustomizer@0, org.springframework.boot.test.autoconfigure.web.servlet.WebDriverContextCustomizerFactory$Customizer@1fa1cab1, org.springframework.boot.test.context.filter.ExcludeFilterContextCustomizer@31ff43be, org.springframework.boot.test.json.DuplicateJsonObjectContextCustomizerFactory$DuplicateJsonObjectContextCustomizer@132e0cc, org.springframework.boot.test.mock.mockito.MockitoContextCustomizer@5816ffdf], contextLoader = 'org.springframework.test.context.support.DelegatingSmartContextLoader', parent = [null]], attributes = map['org.springframework.test.context.event.ApplicationEventsTestExecutionListener.recordApplicationEvents' -> false]], class annotated with @DirtiesContext [false] with mode [null], method annotated with @DirtiesContext [false] with mode [null].
23:36:59.838 [Test worker] DEBUG org.springframework.test.context.cache.DefaultCacheAwareContextLoaderDelegate - Retrieved ApplicationContext [1895143699] from cache with key [[MergedContextConfiguration@1921ad94 testClass = TeamServiceTest, locations = '{}', classes = '{class org.waldreg.teambuilding.team.management.DefaultTeamManager}', contextInitializerClasses = '[]', activeProfiles = '{}', propertySourceLocations = '{}', propertySourceProperties = '{}', contextCustomizers = set[org.springframework.boot.test.autoconfigure.actuate.metrics.MetricsExportContextCustomizerFactory$DisableMetricExportContextCustomizer@481ba2cf, org.springframework.boot.test.autoconfigure.properties.PropertyMappingContextCustomizer@0, org.springframework.boot.test.autoconfigure.web.servlet.WebDriverContextCustomizerFactory$Customizer@1fa1cab1, org.springframework.boot.test.context.filter.ExcludeFilterContextCustomizer@31ff43be, org.springframework.boot.test.json.DuplicateJsonObjectContextCustomizerFactory$DuplicateJsonObjectContextCustomizer@132e0cc, org.springframework.boot.test.mock.mockito.MockitoContextCustomizer@5816ffdf], contextLoader = 'org.springframework.test.context.support.DelegatingSmartContextLoader', parent = [null]]]
23:36:59.838 [Test worker] DEBUG org.springframework.test.context.cache - Spring test ApplicationContext cache statistics: [DefaultContextCache@2c768ada size = 1, maxSize = 32, parentContextCount = 0, hitCount = 204, missCount = 1]
23:36:59.838 [Test worker] DEBUG org.springframework.test.context.support.AbstractDirtiesContextTestExecutionListener - After test class: context [DefaultTestContext@10cf09e8 testClass = TeamServiceTest, testInstance = [null], testMethod = [null], testException = [null], mergedContextConfiguration = [MergedContextConfiguration@1921ad94 testClass = TeamServiceTest, locations = '{}', classes = '{class org.waldreg.teambuilding.team.management.DefaultTeamManager}', contextInitializerClasses = '[]', activeProfiles = '{}', propertySourceLocations = '{}', propertySourceProperties = '{}', contextCustomizers = set[org.springframework.boot.test.autoconfigure.actuate.metrics.MetricsExportContextCustomizerFactory$DisableMetricExportContextCustomizer@481ba2cf, org.springframework.boot.test.autoconfigure.properties.PropertyMappingContextCustomizer@0, org.springframework.boot.test.autoconfigure.web.servlet.WebDriverContextCustomizerFactory$Customizer@1fa1cab1, org.springframework.boot.test.context.filter.ExcludeFilterContextCustomizer@31ff43be, org.springframework.boot.test.json.DuplicateJsonObjectContextCustomizerFactory$DuplicateJsonObjectContextCustomizer@132e0cc, org.springframework.boot.test.mock.mockito.MockitoContextCustomizer@5816ffdf], contextLoader = 'org.springframework.test.context.support.DelegatingSmartContextLoader', parent = [null]], attributes = map['org.springframework.test.context.event.ApplicationEventsTestExecutionListener.recordApplicationEvents' -> false]], class annotated with @DirtiesContext [false] with mode [null].
]]></system-out>
  <system-err><![CDATA[]]></system-err>
</testsuite>
