<?xml version="1.0" encoding="UTF-8"?>
<testsuite name="org.waldreg.character.management.DefaultCharacterManagerTest" tests="10" skipped="0" failures="0" errors="0" timestamp="2023-02-02T16:05:48" hostname="linirinilinrin" time="0.422">
  <properties/>
  <testcase name="특정 Character 조회 성공 테스트" classname="org.waldreg.character.management.DefaultCharacterManagerTest" time="0.067"/>
  <testcase name="Character 수정 실패 테스트 - 존재하지 않는 권한을 수정하려고 할 경우" classname="org.waldreg.character.management.DefaultCharacterManagerTest" time="0.046"/>
  <testcase name="새로운 Character 추가 실패 테스트 - permission name 이 갖고있는 permission status 가 아님" classname="org.waldreg.character.management.DefaultCharacterManagerTest" time="0.05"/>
  <testcase name="유저 id에 속한 Character 조회 테스트" classname="org.waldreg.character.management.DefaultCharacterManagerTest" time="0.036"/>
  <testcase name="Character 삭제 성공 테스트" classname="org.waldreg.character.management.DefaultCharacterManagerTest" time="0.038"/>
  <testcase name="Character 수정 실패 테스트 - 해당 권한에 해당하지 않는 permission status 로 변경하려고 시도하는 경우" classname="org.waldreg.character.management.DefaultCharacterManagerTest" time="0.033"/>
  <testcase name="새로운 Character 추가 실패 테스트 - permission name 에 해당하는 permission 을 찾을 수 없음" classname="org.waldreg.character.management.DefaultCharacterManagerTest" time="0.033"/>
  <testcase name="새로운 Character 추가 성공 테스트" classname="org.waldreg.character.management.DefaultCharacterManagerTest" time="0.035"/>
  <testcase name="Character 목록 조회 성공 테스트" classname="org.waldreg.character.management.DefaultCharacterManagerTest" time="0.032"/>
  <testcase name="Character 수정 성공 테스트" classname="org.waldreg.character.management.DefaultCharacterManagerTest" time="0.034"/>
  <system-out><![CDATA[01:05:47.979 [Test worker] DEBUG org.springframework.test.context.BootstrapUtils - Instantiating CacheAwareContextLoaderDelegate from class [org.springframework.test.context.cache.DefaultCacheAwareContextLoaderDelegate]
01:05:47.979 [Test worker] DEBUG org.springframework.test.context.BootstrapUtils - Instantiating BootstrapContext using constructor [public org.springframework.test.context.support.DefaultBootstrapContext(java.lang.Class,org.springframework.test.context.CacheAwareContextLoaderDelegate)]
01:05:47.979 [Test worker] DEBUG org.springframework.test.context.BootstrapUtils - Instantiating TestContextBootstrapper for test class [org.waldreg.character.management.DefaultCharacterManagerTest] from class [org.springframework.test.context.support.DefaultTestContextBootstrapper]
01:05:47.980 [Test worker] DEBUG org.springframework.test.context.support.AbstractDelegatingSmartContextLoader - Delegating to AnnotationConfigContextLoader to process context configuration [ContextConfigurationAttributes@558756be declaringClass = 'org.waldreg.character.management.DefaultCharacterManagerTest', classes = '{class org.waldreg.character.management.DefaultCharacterManager, class org.waldreg.character.permission.management.PermissionUnitManager}', locations = '{}', inheritLocations = true, initializers = '{}', inheritInitializers = true, name = [null], contextLoaderClass = 'org.springframework.test.context.ContextLoader'].
01:05:47.981 [Test worker] DEBUG org.springframework.test.context.support.ActiveProfilesUtils - Could not find an 'annotation declaring class' for annotation type [org.springframework.test.context.ActiveProfiles] and class [org.waldreg.character.management.DefaultCharacterManagerTest]
01:05:47.981 [Test worker] DEBUG org.springframework.test.context.support.DefaultTestContextBootstrapper - @TestExecutionListeners is not present for class [org.waldreg.character.management.DefaultCharacterManagerTest]: using defaults.
01:05:47.981 [Test worker] INFO org.springframework.test.context.support.DefaultTestContextBootstrapper - Loaded default TestExecutionListener class names from location [META-INF/spring.factories]: [org.springframework.boot.test.autoconfigure.restdocs.RestDocsTestExecutionListener, org.springframework.boot.test.autoconfigure.web.client.MockRestServiceServerResetTestExecutionListener, org.springframework.boot.test.autoconfigure.web.servlet.MockMvcPrintOnlyOnFailureTestExecutionListener, org.springframework.boot.test.autoconfigure.web.servlet.WebDriverTestExecutionListener, org.springframework.boot.test.autoconfigure.webservices.client.MockWebServiceServerTestExecutionListener, org.springframework.boot.test.mock.mockito.MockitoTestExecutionListener, org.springframework.boot.test.mock.mockito.ResetMocksTestExecutionListener, org.springframework.test.context.web.ServletTestExecutionListener, org.springframework.test.context.support.DirtiesContextBeforeModesTestExecutionListener, org.springframework.test.context.event.ApplicationEventsTestExecutionListener, org.springframework.test.context.support.DependencyInjectionTestExecutionListener, org.springframework.test.context.support.DirtiesContextTestExecutionListener, org.springframework.test.context.transaction.TransactionalTestExecutionListener, org.springframework.test.context.jdbc.SqlScriptsTestExecutionListener, org.springframework.test.context.event.EventPublishingTestExecutionListener]
01:05:47.985 [Test worker] DEBUG org.springframework.test.context.support.DefaultTestContextBootstrapper - Skipping candidate TestExecutionListener [org.springframework.test.context.transaction.TransactionalTestExecutionListener] due to a missing dependency. Specify custom listener classes or make the default listener classes and their required dependencies available. Offending class: [org/springframework/transaction/interceptor/TransactionAttributeSource]
01:05:47.989 [Test worker] DEBUG org.springframework.test.context.support.DefaultTestContextBootstrapper - Skipping candidate TestExecutionListener [org.springframework.test.context.jdbc.SqlScriptsTestExecutionListener] due to a missing dependency. Specify custom listener classes or make the default listener classes and their required dependencies available. Offending class: [org/springframework/transaction/interceptor/TransactionAttribute]
01:05:47.989 [Test worker] INFO org.springframework.test.context.support.DefaultTestContextBootstrapper - Using TestExecutionListeners: [org.springframework.test.context.web.ServletTestExecutionListener@7ff35a3f, org.springframework.test.context.support.DirtiesContextBeforeModesTestExecutionListener@26dc9bd5, org.springframework.test.context.event.ApplicationEventsTestExecutionListener@252dc8c4, org.springframework.boot.test.mock.mockito.MockitoTestExecutionListener@43045f9f, org.springframework.test.context.support.DependencyInjectionTestExecutionListener@2643d762, org.springframework.test.context.support.DirtiesContextTestExecutionListener@6403e24c, org.springframework.test.context.event.EventPublishingTestExecutionListener@2f236de0, org.springframework.boot.test.autoconfigure.restdocs.RestDocsTestExecutionListener@4eba373c, org.springframework.boot.test.autoconfigure.web.client.MockRestServiceServerResetTestExecutionListener@767a014e, org.springframework.boot.test.autoconfigure.web.servlet.MockMvcPrintOnlyOnFailureTestExecutionListener@d109c4f, org.springframework.boot.test.autoconfigure.web.servlet.WebDriverTestExecutionListener@3968bc60, org.springframework.boot.test.autoconfigure.webservices.client.MockWebServiceServerTestExecutionListener@26f46fa6, org.springframework.boot.test.mock.mockito.ResetMocksTestExecutionListener@227a47]
01:05:47.989 [Test worker] DEBUG org.springframework.test.context.support.AbstractDirtiesContextTestExecutionListener - Before test class: context [DefaultTestContext@9596ce8 testClass = DefaultCharacterManagerTest, testInstance = [null], testMethod = [null], testException = [null], mergedContextConfiguration = [MergedContextConfiguration@75ae4a1f testClass = DefaultCharacterManagerTest, locations = '{}', classes = '{class org.waldreg.character.management.DefaultCharacterManager, class org.waldreg.character.permission.management.PermissionUnitManager}', contextInitializerClasses = '[]', activeProfiles = '{}', propertySourceLocations = '{}', propertySourceProperties = '{}', contextCustomizers = set[org.springframework.boot.test.autoconfigure.actuate.metrics.MetricsExportContextCustomizerFactory$DisableMetricExportContextCustomizer@7a67e3c6, org.springframework.boot.test.autoconfigure.properties.PropertyMappingContextCustomizer@0, org.springframework.boot.test.autoconfigure.web.servlet.WebDriverContextCustomizerFactory$Customizer@1800a575, org.springframework.boot.test.context.filter.ExcludeFilterContextCustomizer@5ddf0d24, org.springframework.boot.test.json.DuplicateJsonObjectContextCustomizerFactory$DuplicateJsonObjectContextCustomizer@141e5bef, org.springframework.boot.test.mock.mockito.MockitoContextCustomizer@341775], contextLoader = 'org.springframework.test.context.support.DelegatingSmartContextLoader', parent = [null]], attributes = map[[empty]]], class annotated with @DirtiesContext [false] with mode [null].
01:05:47.990 [Test worker] DEBUG org.springframework.test.context.support.AbstractDelegatingSmartContextLoader - Delegating to AnnotationConfigContextLoader to load context from [MergedContextConfiguration@75ae4a1f testClass = DefaultCharacterManagerTest, locations = '{}', classes = '{class org.waldreg.character.management.DefaultCharacterManager, class org.waldreg.character.permission.management.PermissionUnitManager}', contextInitializerClasses = '[]', activeProfiles = '{}', propertySourceLocations = '{}', propertySourceProperties = '{}', contextCustomizers = set[org.springframework.boot.test.autoconfigure.actuate.metrics.MetricsExportContextCustomizerFactory$DisableMetricExportContextCustomizer@7a67e3c6, org.springframework.boot.test.autoconfigure.properties.PropertyMappingContextCustomizer@0, org.springframework.boot.test.autoconfigure.web.servlet.WebDriverContextCustomizerFactory$Customizer@1800a575, org.springframework.boot.test.context.filter.ExcludeFilterContextCustomizer@5ddf0d24, org.springframework.boot.test.json.DuplicateJsonObjectContextCustomizerFactory$DuplicateJsonObjectContextCustomizer@141e5bef, org.springframework.boot.test.mock.mockito.MockitoContextCustomizer@341775], contextLoader = 'org.springframework.test.context.support.DelegatingSmartContextLoader', parent = [null]].
01:05:47.990 [Test worker] DEBUG org.springframework.test.context.support.AbstractGenericContextLoader - Loading ApplicationContext for merged context configuration [[MergedContextConfiguration@75ae4a1f testClass = DefaultCharacterManagerTest, locations = '{}', classes = '{class org.waldreg.character.management.DefaultCharacterManager, class org.waldreg.character.permission.management.PermissionUnitManager}', contextInitializerClasses = '[]', activeProfiles = '{}', propertySourceLocations = '{}', propertySourceProperties = '{}', contextCustomizers = set[org.springframework.boot.test.autoconfigure.actuate.metrics.MetricsExportContextCustomizerFactory$DisableMetricExportContextCustomizer@7a67e3c6, org.springframework.boot.test.autoconfigure.properties.PropertyMappingContextCustomizer@0, org.springframework.boot.test.autoconfigure.web.servlet.WebDriverContextCustomizerFactory$Customizer@1800a575, org.springframework.boot.test.context.filter.ExcludeFilterContextCustomizer@5ddf0d24, org.springframework.boot.test.json.DuplicateJsonObjectContextCustomizerFactory$DuplicateJsonObjectContextCustomizer@141e5bef, org.springframework.boot.test.mock.mockito.MockitoContextCustomizer@341775], contextLoader = 'org.springframework.test.context.support.DelegatingSmartContextLoader', parent = [null]]].
01:05:47.990 [Test worker] DEBUG org.springframework.core.env.StandardEnvironment - Activating profiles []
01:05:47.990 [Test worker] DEBUG org.springframework.test.context.support.AnnotationConfigContextLoader - Registering component classes: {class org.waldreg.character.management.DefaultCharacterManager, class org.waldreg.character.permission.management.PermissionUnitManager}
01:05:48.008 [Test worker] DEBUG org.springframework.context.support.GenericApplicationContext - Refreshing org.springframework.context.support.GenericApplicationContext@70228253
01:05:48.009 [Test worker] DEBUG org.springframework.beans.factory.support.DefaultListableBeanFactory - Creating shared instance of singleton bean 'org.springframework.context.annotation.internalConfigurationAnnotationProcessor'
01:05:48.031 [Test worker] DEBUG org.springframework.beans.factory.support.DefaultListableBeanFactory - Creating shared instance of singleton bean 'org.springframework.boot.test.mock.mockito.MockitoPostProcessor'
01:05:48.056 [Test worker] DEBUG org.springframework.beans.factory.support.DefaultListableBeanFactory - Creating shared instance of singleton bean 'org.springframework.context.event.internalEventListenerProcessor'
01:05:48.056 [Test worker] DEBUG org.springframework.beans.factory.support.DefaultListableBeanFactory - Creating shared instance of singleton bean 'org.springframework.context.event.internalEventListenerFactory'
01:05:48.057 [Test worker] DEBUG org.springframework.beans.factory.support.DefaultListableBeanFactory - Creating shared instance of singleton bean 'org.springframework.context.annotation.internalAutowiredAnnotationProcessor'
01:05:48.063 [Test worker] DEBUG org.springframework.beans.factory.support.DefaultListableBeanFactory - Creating shared instance of singleton bean 'org.springframework.context.annotation.internalCommonAnnotationProcessor'
01:05:48.063 [Test worker] DEBUG org.springframework.beans.factory.support.DefaultListableBeanFactory - Creating shared instance of singleton bean 'org.springframework.boot.test.mock.mockito.MockitoPostProcessor$SpyPostProcessor'
01:05:48.064 [Test worker] DEBUG org.springframework.beans.factory.support.DefaultListableBeanFactory - Creating shared instance of singleton bean 'defaultCharacterManager'
01:05:48.079 [Test worker] DEBUG org.springframework.beans.factory.support.DefaultListableBeanFactory - Creating shared instance of singleton bean 'permissionUnitManager'
01:05:48.212 [Test worker] DEBUG org.springframework.beans.factory.support.DefaultListableBeanFactory - Autowiring by type from bean name 'defaultCharacterManager' via constructor to bean named 'org.waldreg.character.spi.CharacterRepository#0'
01:05:48.212 [Test worker] DEBUG org.springframework.beans.factory.support.DefaultListableBeanFactory - Autowiring by type from bean name 'defaultCharacterManager' via constructor to bean named 'permissionUnitManager'
01:05:48.275 [Test worker] DEBUG org.springframework.test.context.cache.DefaultCacheAwareContextLoaderDelegate - Storing ApplicationContext [1881309779] in cache under key [[MergedContextConfiguration@75ae4a1f testClass = DefaultCharacterManagerTest, locations = '{}', classes = '{class org.waldreg.character.management.DefaultCharacterManager, class org.waldreg.character.permission.management.PermissionUnitManager}', contextInitializerClasses = '[]', activeProfiles = '{}', propertySourceLocations = '{}', propertySourceProperties = '{}', contextCustomizers = set[org.springframework.boot.test.autoconfigure.actuate.metrics.MetricsExportContextCustomizerFactory$DisableMetricExportContextCustomizer@7a67e3c6, org.springframework.boot.test.autoconfigure.properties.PropertyMappingContextCustomizer@0, org.springframework.boot.test.autoconfigure.web.servlet.WebDriverContextCustomizerFactory$Customizer@1800a575, org.springframework.boot.test.context.filter.ExcludeFilterContextCustomizer@5ddf0d24, org.springframework.boot.test.json.DuplicateJsonObjectContextCustomizerFactory$DuplicateJsonObjectContextCustomizer@141e5bef, org.springframework.boot.test.mock.mockito.MockitoContextCustomizer@341775], contextLoader = 'org.springframework.test.context.support.DelegatingSmartContextLoader', parent = [null]]]
01:05:48.275 [Test worker] DEBUG org.springframework.test.context.cache - Spring test ApplicationContext cache statistics: [DefaultContextCache@bd1111a size = 2, maxSize = 32, parentContextCount = 0, hitCount = 60, missCount = 2]
01:05:48.275 [Test worker] DEBUG org.springframework.test.context.support.DependencyInjectionTestExecutionListener - Performing dependency injection for test context [[DefaultTestContext@9596ce8 testClass = DefaultCharacterManagerTest, testInstance = org.waldreg.character.management.DefaultCharacterManagerTest@5624657a, testMethod = [null], testException = [null], mergedContextConfiguration = [MergedContextConfiguration@75ae4a1f testClass = DefaultCharacterManagerTest, locations = '{}', classes = '{class org.waldreg.character.management.DefaultCharacterManager, class org.waldreg.character.permission.management.PermissionUnitManager}', contextInitializerClasses = '[]', activeProfiles = '{}', propertySourceLocations = '{}', propertySourceProperties = '{}', contextCustomizers = set[org.springframework.boot.test.autoconfigure.actuate.metrics.MetricsExportContextCustomizerFactory$DisableMetricExportContextCustomizer@7a67e3c6, org.springframework.boot.test.autoconfigure.properties.PropertyMappingContextCustomizer@0, org.springframework.boot.test.autoconfigure.web.servlet.WebDriverContextCustomizerFactory$Customizer@1800a575, org.springframework.boot.test.context.filter.ExcludeFilterContextCustomizer@5ddf0d24, org.springframework.boot.test.json.DuplicateJsonObjectContextCustomizerFactory$DuplicateJsonObjectContextCustomizer@141e5bef, org.springframework.boot.test.mock.mockito.MockitoContextCustomizer@341775], contextLoader = 'org.springframework.test.context.support.DelegatingSmartContextLoader', parent = [null]], attributes = map['org.springframework.test.context.event.ApplicationEventsTestExecutionListener.recordApplicationEvents' -> false]]].
01:05:48.275 [Test worker] DEBUG org.springframework.test.context.cache.DefaultCacheAwareContextLoaderDelegate - Retrieved ApplicationContext [1881309779] from cache with key [[MergedContextConfiguration@75ae4a1f testClass = DefaultCharacterManagerTest, locations = '{}', classes = '{class org.waldreg.character.management.DefaultCharacterManager, class org.waldreg.character.permission.management.PermissionUnitManager}', contextInitializerClasses = '[]', activeProfiles = '{}', propertySourceLocations = '{}', propertySourceProperties = '{}', contextCustomizers = set[org.springframework.boot.test.autoconfigure.actuate.metrics.MetricsExportContextCustomizerFactory$DisableMetricExportContextCustomizer@7a67e3c6, org.springframework.boot.test.autoconfigure.properties.PropertyMappingContextCustomizer@0, org.springframework.boot.test.autoconfigure.web.servlet.WebDriverContextCustomizerFactory$Customizer@1800a575, org.springframework.boot.test.context.filter.ExcludeFilterContextCustomizer@5ddf0d24, org.springframework.boot.test.json.DuplicateJsonObjectContextCustomizerFactory$DuplicateJsonObjectContextCustomizer@141e5bef, org.springframework.boot.test.mock.mockito.MockitoContextCustomizer@341775], contextLoader = 'org.springframework.test.context.support.DelegatingSmartContextLoader', parent = [null]]]
01:05:48.275 [Test worker] DEBUG org.springframework.test.context.cache - Spring test ApplicationContext cache statistics: [DefaultContextCache@bd1111a size = 2, maxSize = 32, parentContextCount = 0, hitCount = 61, missCount = 2]
01:05:48.299 [Test worker] DEBUG org.springframework.test.context.cache.DefaultCacheAwareContextLoaderDelegate - Retrieved ApplicationContext [1881309779] from cache with key [[MergedContextConfiguration@75ae4a1f testClass = DefaultCharacterManagerTest, locations = '{}', classes = '{class org.waldreg.character.management.DefaultCharacterManager, class org.waldreg.character.permission.management.PermissionUnitManager}', contextInitializerClasses = '[]', activeProfiles = '{}', propertySourceLocations = '{}', propertySourceProperties = '{}', contextCustomizers = set[org.springframework.boot.test.autoconfigure.actuate.metrics.MetricsExportContextCustomizerFactory$DisableMetricExportContextCustomizer@7a67e3c6, org.springframework.boot.test.autoconfigure.properties.PropertyMappingContextCustomizer@0, org.springframework.boot.test.autoconfigure.web.servlet.WebDriverContextCustomizerFactory$Customizer@1800a575, org.springframework.boot.test.context.filter.ExcludeFilterContextCustomizer@5ddf0d24, org.springframework.boot.test.json.DuplicateJsonObjectContextCustomizerFactory$DuplicateJsonObjectContextCustomizer@141e5bef, org.springframework.boot.test.mock.mockito.MockitoContextCustomizer@341775], contextLoader = 'org.springframework.test.context.support.DelegatingSmartContextLoader', parent = [null]]]
01:05:48.299 [Test worker] DEBUG org.springframework.test.context.cache - Spring test ApplicationContext cache statistics: [DefaultContextCache@bd1111a size = 2, maxSize = 32, parentContextCount = 0, hitCount = 62, missCount = 2]
01:05:48.300 [Test worker] DEBUG org.springframework.test.context.support.AbstractDirtiesContextTestExecutionListener - Before test method: context [DefaultTestContext@9596ce8 testClass = DefaultCharacterManagerTest, testInstance = org.waldreg.character.management.DefaultCharacterManagerTest@5624657a, testMethod = READ_CHARACTER_SUCCESS_TEST@DefaultCharacterManagerTest, testException = [null], mergedContextConfiguration = [MergedContextConfiguration@75ae4a1f testClass = DefaultCharacterManagerTest, locations = '{}', classes = '{class org.waldreg.character.management.DefaultCharacterManager, class org.waldreg.character.permission.management.PermissionUnitManager}', contextInitializerClasses = '[]', activeProfiles = '{}', propertySourceLocations = '{}', propertySourceProperties = '{}', contextCustomizers = set[org.springframework.boot.test.autoconfigure.actuate.metrics.MetricsExportContextCustomizerFactory$DisableMetricExportContextCustomizer@7a67e3c6, org.springframework.boot.test.autoconfigure.properties.PropertyMappingContextCustomizer@0, org.springframework.boot.test.autoconfigure.web.servlet.WebDriverContextCustomizerFactory$Customizer@1800a575, org.springframework.boot.test.context.filter.ExcludeFilterContextCustomizer@5ddf0d24, org.springframework.boot.test.json.DuplicateJsonObjectContextCustomizerFactory$DuplicateJsonObjectContextCustomizer@141e5bef, org.springframework.boot.test.mock.mockito.MockitoContextCustomizer@341775], contextLoader = 'org.springframework.test.context.support.DelegatingSmartContextLoader', parent = [null]], attributes = map['org.springframework.test.context.event.ApplicationEventsTestExecutionListener.recordApplicationEvents' -> false]], class annotated with @DirtiesContext [false] with mode [null], method annotated with @DirtiesContext [false] with mode [null].
01:05:48.300 [Test worker] DEBUG org.springframework.test.context.cache.DefaultCacheAwareContextLoaderDelegate - Retrieved ApplicationContext [1881309779] from cache with key [[MergedContextConfiguration@75ae4a1f testClass = DefaultCharacterManagerTest, locations = '{}', classes = '{class org.waldreg.character.management.DefaultCharacterManager, class org.waldreg.character.permission.management.PermissionUnitManager}', contextInitializerClasses = '[]', activeProfiles = '{}', propertySourceLocations = '{}', propertySourceProperties = '{}', contextCustomizers = set[org.springframework.boot.test.autoconfigure.actuate.metrics.MetricsExportContextCustomizerFactory$DisableMetricExportContextCustomizer@7a67e3c6, org.springframework.boot.test.autoconfigure.properties.PropertyMappingContextCustomizer@0, org.springframework.boot.test.autoconfigure.web.servlet.WebDriverContextCustomizerFactory$Customizer@1800a575, org.springframework.boot.test.context.filter.ExcludeFilterContextCustomizer@5ddf0d24, org.springframework.boot.test.json.DuplicateJsonObjectContextCustomizerFactory$DuplicateJsonObjectContextCustomizer@141e5bef, org.springframework.boot.test.mock.mockito.MockitoContextCustomizer@341775], contextLoader = 'org.springframework.test.context.support.DelegatingSmartContextLoader', parent = [null]]]
01:05:48.300 [Test worker] DEBUG org.springframework.test.context.cache - Spring test ApplicationContext cache statistics: [DefaultContextCache@bd1111a size = 2, maxSize = 32, parentContextCount = 0, hitCount = 63, missCount = 2]
01:05:48.309 [Test worker] DEBUG org.springframework.test.context.cache.DefaultCacheAwareContextLoaderDelegate - Retrieved ApplicationContext [1881309779] from cache with key [[MergedContextConfiguration@75ae4a1f testClass = DefaultCharacterManagerTest, locations = '{}', classes = '{class org.waldreg.character.management.DefaultCharacterManager, class org.waldreg.character.permission.management.PermissionUnitManager}', contextInitializerClasses = '[]', activeProfiles = '{}', propertySourceLocations = '{}', propertySourceProperties = '{}', contextCustomizers = set[org.springframework.boot.test.autoconfigure.actuate.metrics.MetricsExportContextCustomizerFactory$DisableMetricExportContextCustomizer@7a67e3c6, org.springframework.boot.test.autoconfigure.properties.PropertyMappingContextCustomizer@0, org.springframework.boot.test.autoconfigure.web.servlet.WebDriverContextCustomizerFactory$Customizer@1800a575, org.springframework.boot.test.context.filter.ExcludeFilterContextCustomizer@5ddf0d24, org.springframework.boot.test.json.DuplicateJsonObjectContextCustomizerFactory$DuplicateJsonObjectContextCustomizer@141e5bef, org.springframework.boot.test.mock.mockito.MockitoContextCustomizer@341775], contextLoader = 'org.springframework.test.context.support.DelegatingSmartContextLoader', parent = [null]]]
01:05:48.309 [Test worker] DEBUG org.springframework.test.context.cache - Spring test ApplicationContext cache statistics: [DefaultContextCache@bd1111a size = 2, maxSize = 32, parentContextCount = 0, hitCount = 64, missCount = 2]
01:05:48.333 [Test worker] DEBUG org.springframework.test.context.cache.DefaultCacheAwareContextLoaderDelegate - Retrieved ApplicationContext [1881309779] from cache with key [[MergedContextConfiguration@75ae4a1f testClass = DefaultCharacterManagerTest, locations = '{}', classes = '{class org.waldreg.character.management.DefaultCharacterManager, class org.waldreg.character.permission.management.PermissionUnitManager}', contextInitializerClasses = '[]', activeProfiles = '{}', propertySourceLocations = '{}', propertySourceProperties = '{}', contextCustomizers = set[org.springframework.boot.test.autoconfigure.actuate.metrics.MetricsExportContextCustomizerFactory$DisableMetricExportContextCustomizer@7a67e3c6, org.springframework.boot.test.autoconfigure.properties.PropertyMappingContextCustomizer@0, org.springframework.boot.test.autoconfigure.web.servlet.WebDriverContextCustomizerFactory$Customizer@1800a575, org.springframework.boot.test.context.filter.ExcludeFilterContextCustomizer@5ddf0d24, org.springframework.boot.test.json.DuplicateJsonObjectContextCustomizerFactory$DuplicateJsonObjectContextCustomizer@141e5bef, org.springframework.boot.test.mock.mockito.MockitoContextCustomizer@341775], contextLoader = 'org.springframework.test.context.support.DelegatingSmartContextLoader', parent = [null]]]
01:05:48.334 [Test worker] DEBUG org.springframework.test.context.cache - Spring test ApplicationContext cache statistics: [DefaultContextCache@bd1111a size = 2, maxSize = 32, parentContextCount = 0, hitCount = 65, missCount = 2]
01:05:48.350 [Test worker] DEBUG org.springframework.test.context.cache.DefaultCacheAwareContextLoaderDelegate - Retrieved ApplicationContext [1881309779] from cache with key [[MergedContextConfiguration@75ae4a1f testClass = DefaultCharacterManagerTest, locations = '{}', classes = '{class org.waldreg.character.management.DefaultCharacterManager, class org.waldreg.character.permission.management.PermissionUnitManager}', contextInitializerClasses = '[]', activeProfiles = '{}', propertySourceLocations = '{}', propertySourceProperties = '{}', contextCustomizers = set[org.springframework.boot.test.autoconfigure.actuate.metrics.MetricsExportContextCustomizerFactory$DisableMetricExportContextCustomizer@7a67e3c6, org.springframework.boot.test.autoconfigure.properties.PropertyMappingContextCustomizer@0, org.springframework.boot.test.autoconfigure.web.servlet.WebDriverContextCustomizerFactory$Customizer@1800a575, org.springframework.boot.test.context.filter.ExcludeFilterContextCustomizer@5ddf0d24, org.springframework.boot.test.json.DuplicateJsonObjectContextCustomizerFactory$DuplicateJsonObjectContextCustomizer@141e5bef, org.springframework.boot.test.mock.mockito.MockitoContextCustomizer@341775], contextLoader = 'org.springframework.test.context.support.DelegatingSmartContextLoader', parent = [null]]]
01:05:48.350 [Test worker] DEBUG org.springframework.test.context.cache - Spring test ApplicationContext cache statistics: [DefaultContextCache@bd1111a size = 2, maxSize = 32, parentContextCount = 0, hitCount = 66, missCount = 2]
01:05:48.350 [Test worker] DEBUG org.springframework.test.context.cache.DefaultCacheAwareContextLoaderDelegate - Retrieved ApplicationContext [1881309779] from cache with key [[MergedContextConfiguration@75ae4a1f testClass = DefaultCharacterManagerTest, locations = '{}', classes = '{class org.waldreg.character.management.DefaultCharacterManager, class org.waldreg.character.permission.management.PermissionUnitManager}', contextInitializerClasses = '[]', activeProfiles = '{}', propertySourceLocations = '{}', propertySourceProperties = '{}', contextCustomizers = set[org.springframework.boot.test.autoconfigure.actuate.metrics.MetricsExportContextCustomizerFactory$DisableMetricExportContextCustomizer@7a67e3c6, org.springframework.boot.test.autoconfigure.properties.PropertyMappingContextCustomizer@0, org.springframework.boot.test.autoconfigure.web.servlet.WebDriverContextCustomizerFactory$Customizer@1800a575, org.springframework.boot.test.context.filter.ExcludeFilterContextCustomizer@5ddf0d24, org.springframework.boot.test.json.DuplicateJsonObjectContextCustomizerFactory$DuplicateJsonObjectContextCustomizer@141e5bef, org.springframework.boot.test.mock.mockito.MockitoContextCustomizer@341775], contextLoader = 'org.springframework.test.context.support.DelegatingSmartContextLoader', parent = [null]]]
01:05:48.350 [Test worker] DEBUG org.springframework.test.context.cache - Spring test ApplicationContext cache statistics: [DefaultContextCache@bd1111a size = 2, maxSize = 32, parentContextCount = 0, hitCount = 67, missCount = 2]
01:05:48.358 [Test worker] DEBUG org.springframework.test.context.cache.DefaultCacheAwareContextLoaderDelegate - Retrieved ApplicationContext [1881309779] from cache with key [[MergedContextConfiguration@75ae4a1f testClass = DefaultCharacterManagerTest, locations = '{}', classes = '{class org.waldreg.character.management.DefaultCharacterManager, class org.waldreg.character.permission.management.PermissionUnitManager}', contextInitializerClasses = '[]', activeProfiles = '{}', propertySourceLocations = '{}', propertySourceProperties = '{}', contextCustomizers = set[org.springframework.boot.test.autoconfigure.actuate.metrics.MetricsExportContextCustomizerFactory$DisableMetricExportContextCustomizer@7a67e3c6, org.springframework.boot.test.autoconfigure.properties.PropertyMappingContextCustomizer@0, org.springframework.boot.test.autoconfigure.web.servlet.WebDriverContextCustomizerFactory$Customizer@1800a575, org.springframework.boot.test.context.filter.ExcludeFilterContextCustomizer@5ddf0d24, org.springframework.boot.test.json.DuplicateJsonObjectContextCustomizerFactory$DuplicateJsonObjectContextCustomizer@141e5bef, org.springframework.boot.test.mock.mockito.MockitoContextCustomizer@341775], contextLoader = 'org.springframework.test.context.support.DelegatingSmartContextLoader', parent = [null]]]
01:05:48.359 [Test worker] DEBUG org.springframework.test.context.cache - Spring test ApplicationContext cache statistics: [DefaultContextCache@bd1111a size = 2, maxSize = 32, parentContextCount = 0, hitCount = 68, missCount = 2]
01:05:48.359 [Test worker] DEBUG org.springframework.test.context.cache.DefaultCacheAwareContextLoaderDelegate - Retrieved ApplicationContext [1881309779] from cache with key [[MergedContextConfiguration@75ae4a1f testClass = DefaultCharacterManagerTest, locations = '{}', classes = '{class org.waldreg.character.management.DefaultCharacterManager, class org.waldreg.character.permission.management.PermissionUnitManager}', contextInitializerClasses = '[]', activeProfiles = '{}', propertySourceLocations = '{}', propertySourceProperties = '{}', contextCustomizers = set[org.springframework.boot.test.autoconfigure.actuate.metrics.MetricsExportContextCustomizerFactory$DisableMetricExportContextCustomizer@7a67e3c6, org.springframework.boot.test.autoconfigure.properties.PropertyMappingContextCustomizer@0, org.springframework.boot.test.autoconfigure.web.servlet.WebDriverContextCustomizerFactory$Customizer@1800a575, org.springframework.boot.test.context.filter.ExcludeFilterContextCustomizer@5ddf0d24, org.springframework.boot.test.json.DuplicateJsonObjectContextCustomizerFactory$DuplicateJsonObjectContextCustomizer@141e5bef, org.springframework.boot.test.mock.mockito.MockitoContextCustomizer@341775], contextLoader = 'org.springframework.test.context.support.DelegatingSmartContextLoader', parent = [null]]]
01:05:48.359 [Test worker] DEBUG org.springframework.test.context.cache - Spring test ApplicationContext cache statistics: [DefaultContextCache@bd1111a size = 2, maxSize = 32, parentContextCount = 0, hitCount = 69, missCount = 2]
01:05:48.359 [Test worker] DEBUG org.springframework.test.context.cache.DefaultCacheAwareContextLoaderDelegate - Retrieved ApplicationContext [1881309779] from cache with key [[MergedContextConfiguration@75ae4a1f testClass = DefaultCharacterManagerTest, locations = '{}', classes = '{class org.waldreg.character.management.DefaultCharacterManager, class org.waldreg.character.permission.management.PermissionUnitManager}', contextInitializerClasses = '[]', activeProfiles = '{}', propertySourceLocations = '{}', propertySourceProperties = '{}', contextCustomizers = set[org.springframework.boot.test.autoconfigure.actuate.metrics.MetricsExportContextCustomizerFactory$DisableMetricExportContextCustomizer@7a67e3c6, org.springframework.boot.test.autoconfigure.properties.PropertyMappingContextCustomizer@0, org.springframework.boot.test.autoconfigure.web.servlet.WebDriverContextCustomizerFactory$Customizer@1800a575, org.springframework.boot.test.context.filter.ExcludeFilterContextCustomizer@5ddf0d24, org.springframework.boot.test.json.DuplicateJsonObjectContextCustomizerFactory$DuplicateJsonObjectContextCustomizer@141e5bef, org.springframework.boot.test.mock.mockito.MockitoContextCustomizer@341775], contextLoader = 'org.springframework.test.context.support.DelegatingSmartContextLoader', parent = [null]]]
01:05:48.359 [Test worker] DEBUG org.springframework.test.context.cache - Spring test ApplicationContext cache statistics: [DefaultContextCache@bd1111a size = 2, maxSize = 32, parentContextCount = 0, hitCount = 70, missCount = 2]
01:05:48.365 [Test worker] DEBUG org.springframework.test.context.cache.DefaultCacheAwareContextLoaderDelegate - Retrieved ApplicationContext [1881309779] from cache with key [[MergedContextConfiguration@75ae4a1f testClass = DefaultCharacterManagerTest, locations = '{}', classes = '{class org.waldreg.character.management.DefaultCharacterManager, class org.waldreg.character.permission.management.PermissionUnitManager}', contextInitializerClasses = '[]', activeProfiles = '{}', propertySourceLocations = '{}', propertySourceProperties = '{}', contextCustomizers = set[org.springframework.boot.test.autoconfigure.actuate.metrics.MetricsExportContextCustomizerFactory$DisableMetricExportContextCustomizer@7a67e3c6, org.springframework.boot.test.autoconfigure.properties.PropertyMappingContextCustomizer@0, org.springframework.boot.test.autoconfigure.web.servlet.WebDriverContextCustomizerFactory$Customizer@1800a575, org.springframework.boot.test.context.filter.ExcludeFilterContextCustomizer@5ddf0d24, org.springframework.boot.test.json.DuplicateJsonObjectContextCustomizerFactory$DuplicateJsonObjectContextCustomizer@141e5bef, org.springframework.boot.test.mock.mockito.MockitoContextCustomizer@341775], contextLoader = 'org.springframework.test.context.support.DelegatingSmartContextLoader', parent = [null]]]
01:05:48.365 [Test worker] DEBUG org.springframework.test.context.cache - Spring test ApplicationContext cache statistics: [DefaultContextCache@bd1111a size = 2, maxSize = 32, parentContextCount = 0, hitCount = 71, missCount = 2]
01:05:48.366 [Test worker] DEBUG org.springframework.test.context.support.AbstractDirtiesContextTestExecutionListener - After test method: context [DefaultTestContext@9596ce8 testClass = DefaultCharacterManagerTest, testInstance = org.waldreg.character.management.DefaultCharacterManagerTest@5624657a, testMethod = READ_CHARACTER_SUCCESS_TEST@DefaultCharacterManagerTest, testException = [null], mergedContextConfiguration = [MergedContextConfiguration@75ae4a1f testClass = DefaultCharacterManagerTest, locations = '{}', classes = '{class org.waldreg.character.management.DefaultCharacterManager, class org.waldreg.character.permission.management.PermissionUnitManager}', contextInitializerClasses = '[]', activeProfiles = '{}', propertySourceLocations = '{}', propertySourceProperties = '{}', contextCustomizers = set[org.springframework.boot.test.autoconfigure.actuate.metrics.MetricsExportContextCustomizerFactory$DisableMetricExportContextCustomizer@7a67e3c6, org.springframework.boot.test.autoconfigure.properties.PropertyMappingContextCustomizer@0, org.springframework.boot.test.autoconfigure.web.servlet.WebDriverContextCustomizerFactory$Customizer@1800a575, org.springframework.boot.test.context.filter.ExcludeFilterContextCustomizer@5ddf0d24, org.springframework.boot.test.json.DuplicateJsonObjectContextCustomizerFactory$DuplicateJsonObjectContextCustomizer@141e5bef, org.springframework.boot.test.mock.mockito.MockitoContextCustomizer@341775], contextLoader = 'org.springframework.test.context.support.DelegatingSmartContextLoader', parent = [null]], attributes = map['org.springframework.test.context.event.ApplicationEventsTestExecutionListener.recordApplicationEvents' -> false]], class annotated with @DirtiesContext [false] with mode [null], method annotated with @DirtiesContext [false] with mode [null].
01:05:48.367 [Test worker] DEBUG org.springframework.test.context.cache.DefaultCacheAwareContextLoaderDelegate - Retrieved ApplicationContext [1881309779] from cache with key [[MergedContextConfiguration@75ae4a1f testClass = DefaultCharacterManagerTest, locations = '{}', classes = '{class org.waldreg.character.management.DefaultCharacterManager, class org.waldreg.character.permission.management.PermissionUnitManager}', contextInitializerClasses = '[]', activeProfiles = '{}', propertySourceLocations = '{}', propertySourceProperties = '{}', contextCustomizers = set[org.springframework.boot.test.autoconfigure.actuate.metrics.MetricsExportContextCustomizerFactory$DisableMetricExportContextCustomizer@7a67e3c6, org.springframework.boot.test.autoconfigure.properties.PropertyMappingContextCustomizer@0, org.springframework.boot.test.autoconfigure.web.servlet.WebDriverContextCustomizerFactory$Customizer@1800a575, org.springframework.boot.test.context.filter.ExcludeFilterContextCustomizer@5ddf0d24, org.springframework.boot.test.json.DuplicateJsonObjectContextCustomizerFactory$DuplicateJsonObjectContextCustomizer@141e5bef, org.springframework.boot.test.mock.mockito.MockitoContextCustomizer@341775], contextLoader = 'org.springframework.test.context.support.DelegatingSmartContextLoader', parent = [null]]]
01:05:48.367 [Test worker] DEBUG org.springframework.test.context.cache - Spring test ApplicationContext cache statistics: [DefaultContextCache@bd1111a size = 2, maxSize = 32, parentContextCount = 0, hitCount = 72, missCount = 2]
01:05:48.368 [Test worker] DEBUG org.springframework.test.context.support.DependencyInjectionTestExecutionListener - Performing dependency injection for test context [[DefaultTestContext@9596ce8 testClass = DefaultCharacterManagerTest, testInstance = org.waldreg.character.management.DefaultCharacterManagerTest@75de29c0, testMethod = [null], testException = [null], mergedContextConfiguration = [MergedContextConfiguration@75ae4a1f testClass = DefaultCharacterManagerTest, locations = '{}', classes = '{class org.waldreg.character.management.DefaultCharacterManager, class org.waldreg.character.permission.management.PermissionUnitManager}', contextInitializerClasses = '[]', activeProfiles = '{}', propertySourceLocations = '{}', propertySourceProperties = '{}', contextCustomizers = set[org.springframework.boot.test.autoconfigure.actuate.metrics.MetricsExportContextCustomizerFactory$DisableMetricExportContextCustomizer@7a67e3c6, org.springframework.boot.test.autoconfigure.properties.PropertyMappingContextCustomizer@0, org.springframework.boot.test.autoconfigure.web.servlet.WebDriverContextCustomizerFactory$Customizer@1800a575, org.springframework.boot.test.context.filter.ExcludeFilterContextCustomizer@5ddf0d24, org.springframework.boot.test.json.DuplicateJsonObjectContextCustomizerFactory$DuplicateJsonObjectContextCustomizer@141e5bef, org.springframework.boot.test.mock.mockito.MockitoContextCustomizer@341775], contextLoader = 'org.springframework.test.context.support.DelegatingSmartContextLoader', parent = [null]], attributes = map['org.springframework.test.context.event.ApplicationEventsTestExecutionListener.recordApplicationEvents' -> false]]].
01:05:48.369 [Test worker] DEBUG org.springframework.test.context.cache.DefaultCacheAwareContextLoaderDelegate - Retrieved ApplicationContext [1881309779] from cache with key [[MergedContextConfiguration@75ae4a1f testClass = DefaultCharacterManagerTest, locations = '{}', classes = '{class org.waldreg.character.management.DefaultCharacterManager, class org.waldreg.character.permission.management.PermissionUnitManager}', contextInitializerClasses = '[]', activeProfiles = '{}', propertySourceLocations = '{}', propertySourceProperties = '{}', contextCustomizers = set[org.springframework.boot.test.autoconfigure.actuate.metrics.MetricsExportContextCustomizerFactory$DisableMetricExportContextCustomizer@7a67e3c6, org.springframework.boot.test.autoconfigure.properties.PropertyMappingContextCustomizer@0, org.springframework.boot.test.autoconfigure.web.servlet.WebDriverContextCustomizerFactory$Customizer@1800a575, org.springframework.boot.test.context.filter.ExcludeFilterContextCustomizer@5ddf0d24, org.springframework.boot.test.json.DuplicateJsonObjectContextCustomizerFactory$DuplicateJsonObjectContextCustomizer@141e5bef, org.springframework.boot.test.mock.mockito.MockitoContextCustomizer@341775], contextLoader = 'org.springframework.test.context.support.DelegatingSmartContextLoader', parent = [null]]]
01:05:48.369 [Test worker] DEBUG org.springframework.test.context.cache - Spring test ApplicationContext cache statistics: [DefaultContextCache@bd1111a size = 2, maxSize = 32, parentContextCount = 0, hitCount = 73, missCount = 2]
01:05:48.369 [Test worker] DEBUG org.springframework.test.context.cache.DefaultCacheAwareContextLoaderDelegate - Retrieved ApplicationContext [1881309779] from cache with key [[MergedContextConfiguration@75ae4a1f testClass = DefaultCharacterManagerTest, locations = '{}', classes = '{class org.waldreg.character.management.DefaultCharacterManager, class org.waldreg.character.permission.management.PermissionUnitManager}', contextInitializerClasses = '[]', activeProfiles = '{}', propertySourceLocations = '{}', propertySourceProperties = '{}', contextCustomizers = set[org.springframework.boot.test.autoconfigure.actuate.metrics.MetricsExportContextCustomizerFactory$DisableMetricExportContextCustomizer@7a67e3c6, org.springframework.boot.test.autoconfigure.properties.PropertyMappingContextCustomizer@0, org.springframework.boot.test.autoconfigure.web.servlet.WebDriverContextCustomizerFactory$Customizer@1800a575, org.springframework.boot.test.context.filter.ExcludeFilterContextCustomizer@5ddf0d24, org.springframework.boot.test.json.DuplicateJsonObjectContextCustomizerFactory$DuplicateJsonObjectContextCustomizer@141e5bef, org.springframework.boot.test.mock.mockito.MockitoContextCustomizer@341775], contextLoader = 'org.springframework.test.context.support.DelegatingSmartContextLoader', parent = [null]]]
01:05:48.369 [Test worker] DEBUG org.springframework.test.context.cache - Spring test ApplicationContext cache statistics: [DefaultContextCache@bd1111a size = 2, maxSize = 32, parentContextCount = 0, hitCount = 74, missCount = 2]
01:05:48.370 [Test worker] DEBUG org.springframework.test.context.support.AbstractDirtiesContextTestExecutionListener - Before test method: context [DefaultTestContext@9596ce8 testClass = DefaultCharacterManagerTest, testInstance = org.waldreg.character.management.DefaultCharacterManagerTest@75de29c0, testMethod = UPDATE_CHARACTER_FAIL_UNKNOWN_PERMISSION_TEST@DefaultCharacterManagerTest, testException = [null], mergedContextConfiguration = [MergedContextConfiguration@75ae4a1f testClass = DefaultCharacterManagerTest, locations = '{}', classes = '{class org.waldreg.character.management.DefaultCharacterManager, class org.waldreg.character.permission.management.PermissionUnitManager}', contextInitializerClasses = '[]', activeProfiles = '{}', propertySourceLocations = '{}', propertySourceProperties = '{}', contextCustomizers = set[org.springframework.boot.test.autoconfigure.actuate.metrics.MetricsExportContextCustomizerFactory$DisableMetricExportContextCustomizer@7a67e3c6, org.springframework.boot.test.autoconfigure.properties.PropertyMappingContextCustomizer@0, org.springframework.boot.test.autoconfigure.web.servlet.WebDriverContextCustomizerFactory$Customizer@1800a575, org.springframework.boot.test.context.filter.ExcludeFilterContextCustomizer@5ddf0d24, org.springframework.boot.test.json.DuplicateJsonObjectContextCustomizerFactory$DuplicateJsonObjectContextCustomizer@141e5bef, org.springframework.boot.test.mock.mockito.MockitoContextCustomizer@341775], contextLoader = 'org.springframework.test.context.support.DelegatingSmartContextLoader', parent = [null]], attributes = map['org.springframework.test.context.event.ApplicationEventsTestExecutionListener.recordApplicationEvents' -> false]], class annotated with @DirtiesContext [false] with mode [null], method annotated with @DirtiesContext [false] with mode [null].
01:05:48.370 [Test worker] DEBUG org.springframework.test.context.cache.DefaultCacheAwareContextLoaderDelegate - Retrieved ApplicationContext [1881309779] from cache with key [[MergedContextConfiguration@75ae4a1f testClass = DefaultCharacterManagerTest, locations = '{}', classes = '{class org.waldreg.character.management.DefaultCharacterManager, class org.waldreg.character.permission.management.PermissionUnitManager}', contextInitializerClasses = '[]', activeProfiles = '{}', propertySourceLocations = '{}', propertySourceProperties = '{}', contextCustomizers = set[org.springframework.boot.test.autoconfigure.actuate.metrics.MetricsExportContextCustomizerFactory$DisableMetricExportContextCustomizer@7a67e3c6, org.springframework.boot.test.autoconfigure.properties.PropertyMappingContextCustomizer@0, org.springframework.boot.test.autoconfigure.web.servlet.WebDriverContextCustomizerFactory$Customizer@1800a575, org.springframework.boot.test.context.filter.ExcludeFilterContextCustomizer@5ddf0d24, org.springframework.boot.test.json.DuplicateJsonObjectContextCustomizerFactory$DuplicateJsonObjectContextCustomizer@141e5bef, org.springframework.boot.test.mock.mockito.MockitoContextCustomizer@341775], contextLoader = 'org.springframework.test.context.support.DelegatingSmartContextLoader', parent = [null]]]
01:05:48.370 [Test worker] DEBUG org.springframework.test.context.cache - Spring test ApplicationContext cache statistics: [DefaultContextCache@bd1111a size = 2, maxSize = 32, parentContextCount = 0, hitCount = 75, missCount = 2]
01:05:48.378 [Test worker] DEBUG org.springframework.test.context.cache.DefaultCacheAwareContextLoaderDelegate - Retrieved ApplicationContext [1881309779] from cache with key [[MergedContextConfiguration@75ae4a1f testClass = DefaultCharacterManagerTest, locations = '{}', classes = '{class org.waldreg.character.management.DefaultCharacterManager, class org.waldreg.character.permission.management.PermissionUnitManager}', contextInitializerClasses = '[]', activeProfiles = '{}', propertySourceLocations = '{}', propertySourceProperties = '{}', contextCustomizers = set[org.springframework.boot.test.autoconfigure.actuate.metrics.MetricsExportContextCustomizerFactory$DisableMetricExportContextCustomizer@7a67e3c6, org.springframework.boot.test.autoconfigure.properties.PropertyMappingContextCustomizer@0, org.springframework.boot.test.autoconfigure.web.servlet.WebDriverContextCustomizerFactory$Customizer@1800a575, org.springframework.boot.test.context.filter.ExcludeFilterContextCustomizer@5ddf0d24, org.springframework.boot.test.json.DuplicateJsonObjectContextCustomizerFactory$DuplicateJsonObjectContextCustomizer@141e5bef, org.springframework.boot.test.mock.mockito.MockitoContextCustomizer@341775], contextLoader = 'org.springframework.test.context.support.DelegatingSmartContextLoader', parent = [null]]]
01:05:48.378 [Test worker] DEBUG org.springframework.test.context.cache - Spring test ApplicationContext cache statistics: [DefaultContextCache@bd1111a size = 2, maxSize = 32, parentContextCount = 0, hitCount = 76, missCount = 2]
01:05:48.378 [Test worker] DEBUG org.springframework.test.context.cache.DefaultCacheAwareContextLoaderDelegate - Retrieved ApplicationContext [1881309779] from cache with key [[MergedContextConfiguration@75ae4a1f testClass = DefaultCharacterManagerTest, locations = '{}', classes = '{class org.waldreg.character.management.DefaultCharacterManager, class org.waldreg.character.permission.management.PermissionUnitManager}', contextInitializerClasses = '[]', activeProfiles = '{}', propertySourceLocations = '{}', propertySourceProperties = '{}', contextCustomizers = set[org.springframework.boot.test.autoconfigure.actuate.metrics.MetricsExportContextCustomizerFactory$DisableMetricExportContextCustomizer@7a67e3c6, org.springframework.boot.test.autoconfigure.properties.PropertyMappingContextCustomizer@0, org.springframework.boot.test.autoconfigure.web.servlet.WebDriverContextCustomizerFactory$Customizer@1800a575, org.springframework.boot.test.context.filter.ExcludeFilterContextCustomizer@5ddf0d24, org.springframework.boot.test.json.DuplicateJsonObjectContextCustomizerFactory$DuplicateJsonObjectContextCustomizer@141e5bef, org.springframework.boot.test.mock.mockito.MockitoContextCustomizer@341775], contextLoader = 'org.springframework.test.context.support.DelegatingSmartContextLoader', parent = [null]]]
01:05:48.378 [Test worker] DEBUG org.springframework.test.context.cache - Spring test ApplicationContext cache statistics: [DefaultContextCache@bd1111a size = 2, maxSize = 32, parentContextCount = 0, hitCount = 77, missCount = 2]
01:05:48.379 [Test worker] DEBUG org.springframework.test.context.cache.DefaultCacheAwareContextLoaderDelegate - Retrieved ApplicationContext [1881309779] from cache with key [[MergedContextConfiguration@75ae4a1f testClass = DefaultCharacterManagerTest, locations = '{}', classes = '{class org.waldreg.character.management.DefaultCharacterManager, class org.waldreg.character.permission.management.PermissionUnitManager}', contextInitializerClasses = '[]', activeProfiles = '{}', propertySourceLocations = '{}', propertySourceProperties = '{}', contextCustomizers = set[org.springframework.boot.test.autoconfigure.actuate.metrics.MetricsExportContextCustomizerFactory$DisableMetricExportContextCustomizer@7a67e3c6, org.springframework.boot.test.autoconfigure.properties.PropertyMappingContextCustomizer@0, org.springframework.boot.test.autoconfigure.web.servlet.WebDriverContextCustomizerFactory$Customizer@1800a575, org.springframework.boot.test.context.filter.ExcludeFilterContextCustomizer@5ddf0d24, org.springframework.boot.test.json.DuplicateJsonObjectContextCustomizerFactory$DuplicateJsonObjectContextCustomizer@141e5bef, org.springframework.boot.test.mock.mockito.MockitoContextCustomizer@341775], contextLoader = 'org.springframework.test.context.support.DelegatingSmartContextLoader', parent = [null]]]
01:05:48.379 [Test worker] DEBUG org.springframework.test.context.cache - Spring test ApplicationContext cache statistics: [DefaultContextCache@bd1111a size = 2, maxSize = 32, parentContextCount = 0, hitCount = 78, missCount = 2]
01:05:48.379 [Test worker] DEBUG org.springframework.test.context.cache.DefaultCacheAwareContextLoaderDelegate - Retrieved ApplicationContext [1881309779] from cache with key [[MergedContextConfiguration@75ae4a1f testClass = DefaultCharacterManagerTest, locations = '{}', classes = '{class org.waldreg.character.management.DefaultCharacterManager, class org.waldreg.character.permission.management.PermissionUnitManager}', contextInitializerClasses = '[]', activeProfiles = '{}', propertySourceLocations = '{}', propertySourceProperties = '{}', contextCustomizers = set[org.springframework.boot.test.autoconfigure.actuate.metrics.MetricsExportContextCustomizerFactory$DisableMetricExportContextCustomizer@7a67e3c6, org.springframework.boot.test.autoconfigure.properties.PropertyMappingContextCustomizer@0, org.springframework.boot.test.autoconfigure.web.servlet.WebDriverContextCustomizerFactory$Customizer@1800a575, org.springframework.boot.test.context.filter.ExcludeFilterContextCustomizer@5ddf0d24, org.springframework.boot.test.json.DuplicateJsonObjectContextCustomizerFactory$DuplicateJsonObjectContextCustomizer@141e5bef, org.springframework.boot.test.mock.mockito.MockitoContextCustomizer@341775], contextLoader = 'org.springframework.test.context.support.DelegatingSmartContextLoader', parent = [null]]]
01:05:48.379 [Test worker] DEBUG org.springframework.test.context.cache - Spring test ApplicationContext cache statistics: [DefaultContextCache@bd1111a size = 2, maxSize = 32, parentContextCount = 0, hitCount = 79, missCount = 2]
01:05:48.387 [Test worker] DEBUG org.springframework.test.context.cache.DefaultCacheAwareContextLoaderDelegate - Retrieved ApplicationContext [1881309779] from cache with key [[MergedContextConfiguration@75ae4a1f testClass = DefaultCharacterManagerTest, locations = '{}', classes = '{class org.waldreg.character.management.DefaultCharacterManager, class org.waldreg.character.permission.management.PermissionUnitManager}', contextInitializerClasses = '[]', activeProfiles = '{}', propertySourceLocations = '{}', propertySourceProperties = '{}', contextCustomizers = set[org.springframework.boot.test.autoconfigure.actuate.metrics.MetricsExportContextCustomizerFactory$DisableMetricExportContextCustomizer@7a67e3c6, org.springframework.boot.test.autoconfigure.properties.PropertyMappingContextCustomizer@0, org.springframework.boot.test.autoconfigure.web.servlet.WebDriverContextCustomizerFactory$Customizer@1800a575, org.springframework.boot.test.context.filter.ExcludeFilterContextCustomizer@5ddf0d24, org.springframework.boot.test.json.DuplicateJsonObjectContextCustomizerFactory$DuplicateJsonObjectContextCustomizer@141e5bef, org.springframework.boot.test.mock.mockito.MockitoContextCustomizer@341775], contextLoader = 'org.springframework.test.context.support.DelegatingSmartContextLoader', parent = [null]]]
01:05:48.387 [Test worker] DEBUG org.springframework.test.context.cache - Spring test ApplicationContext cache statistics: [DefaultContextCache@bd1111a size = 2, maxSize = 32, parentContextCount = 0, hitCount = 80, missCount = 2]
01:05:48.387 [Test worker] DEBUG org.springframework.test.context.cache.DefaultCacheAwareContextLoaderDelegate - Retrieved ApplicationContext [1881309779] from cache with key [[MergedContextConfiguration@75ae4a1f testClass = DefaultCharacterManagerTest, locations = '{}', classes = '{class org.waldreg.character.management.DefaultCharacterManager, class org.waldreg.character.permission.management.PermissionUnitManager}', contextInitializerClasses = '[]', activeProfiles = '{}', propertySourceLocations = '{}', propertySourceProperties = '{}', contextCustomizers = set[org.springframework.boot.test.autoconfigure.actuate.metrics.MetricsExportContextCustomizerFactory$DisableMetricExportContextCustomizer@7a67e3c6, org.springframework.boot.test.autoconfigure.properties.PropertyMappingContextCustomizer@0, org.springframework.boot.test.autoconfigure.web.servlet.WebDriverContextCustomizerFactory$Customizer@1800a575, org.springframework.boot.test.context.filter.ExcludeFilterContextCustomizer@5ddf0d24, org.springframework.boot.test.json.DuplicateJsonObjectContextCustomizerFactory$DuplicateJsonObjectContextCustomizer@141e5bef, org.springframework.boot.test.mock.mockito.MockitoContextCustomizer@341775], contextLoader = 'org.springframework.test.context.support.DelegatingSmartContextLoader', parent = [null]]]
01:05:48.387 [Test worker] DEBUG org.springframework.test.context.cache - Spring test ApplicationContext cache statistics: [DefaultContextCache@bd1111a size = 2, maxSize = 32, parentContextCount = 0, hitCount = 81, missCount = 2]
01:05:48.387 [Test worker] DEBUG org.springframework.test.context.cache.DefaultCacheAwareContextLoaderDelegate - Retrieved ApplicationContext [1881309779] from cache with key [[MergedContextConfiguration@75ae4a1f testClass = DefaultCharacterManagerTest, locations = '{}', classes = '{class org.waldreg.character.management.DefaultCharacterManager, class org.waldreg.character.permission.management.PermissionUnitManager}', contextInitializerClasses = '[]', activeProfiles = '{}', propertySourceLocations = '{}', propertySourceProperties = '{}', contextCustomizers = set[org.springframework.boot.test.autoconfigure.actuate.metrics.MetricsExportContextCustomizerFactory$DisableMetricExportContextCustomizer@7a67e3c6, org.springframework.boot.test.autoconfigure.properties.PropertyMappingContextCustomizer@0, org.springframework.boot.test.autoconfigure.web.servlet.WebDriverContextCustomizerFactory$Customizer@1800a575, org.springframework.boot.test.context.filter.ExcludeFilterContextCustomizer@5ddf0d24, org.springframework.boot.test.json.DuplicateJsonObjectContextCustomizerFactory$DuplicateJsonObjectContextCustomizer@141e5bef, org.springframework.boot.test.mock.mockito.MockitoContextCustomizer@341775], contextLoader = 'org.springframework.test.context.support.DelegatingSmartContextLoader', parent = [null]]]
01:05:48.387 [Test worker] DEBUG org.springframework.test.context.cache - Spring test ApplicationContext cache statistics: [DefaultContextCache@bd1111a size = 2, maxSize = 32, parentContextCount = 0, hitCount = 82, missCount = 2]
01:05:48.415 [Test worker] DEBUG org.springframework.test.context.cache.DefaultCacheAwareContextLoaderDelegate - Retrieved ApplicationContext [1881309779] from cache with key [[MergedContextConfiguration@75ae4a1f testClass = DefaultCharacterManagerTest, locations = '{}', classes = '{class org.waldreg.character.management.DefaultCharacterManager, class org.waldreg.character.permission.management.PermissionUnitManager}', contextInitializerClasses = '[]', activeProfiles = '{}', propertySourceLocations = '{}', propertySourceProperties = '{}', contextCustomizers = set[org.springframework.boot.test.autoconfigure.actuate.metrics.MetricsExportContextCustomizerFactory$DisableMetricExportContextCustomizer@7a67e3c6, org.springframework.boot.test.autoconfigure.properties.PropertyMappingContextCustomizer@0, org.springframework.boot.test.autoconfigure.web.servlet.WebDriverContextCustomizerFactory$Customizer@1800a575, org.springframework.boot.test.context.filter.ExcludeFilterContextCustomizer@5ddf0d24, org.springframework.boot.test.json.DuplicateJsonObjectContextCustomizerFactory$DuplicateJsonObjectContextCustomizer@141e5bef, org.springframework.boot.test.mock.mockito.MockitoContextCustomizer@341775], contextLoader = 'org.springframework.test.context.support.DelegatingSmartContextLoader', parent = [null]]]
01:05:48.416 [Test worker] DEBUG org.springframework.test.context.cache - Spring test ApplicationContext cache statistics: [DefaultContextCache@bd1111a size = 2, maxSize = 32, parentContextCount = 0, hitCount = 83, missCount = 2]
01:05:48.416 [Test worker] DEBUG org.springframework.test.context.support.AbstractDirtiesContextTestExecutionListener - After test method: context [DefaultTestContext@9596ce8 testClass = DefaultCharacterManagerTest, testInstance = org.waldreg.character.management.DefaultCharacterManagerTest@75de29c0, testMethod = UPDATE_CHARACTER_FAIL_UNKNOWN_PERMISSION_TEST@DefaultCharacterManagerTest, testException = [null], mergedContextConfiguration = [MergedContextConfiguration@75ae4a1f testClass = DefaultCharacterManagerTest, locations = '{}', classes = '{class org.waldreg.character.management.DefaultCharacterManager, class org.waldreg.character.permission.management.PermissionUnitManager}', contextInitializerClasses = '[]', activeProfiles = '{}', propertySourceLocations = '{}', propertySourceProperties = '{}', contextCustomizers = set[org.springframework.boot.test.autoconfigure.actuate.metrics.MetricsExportContextCustomizerFactory$DisableMetricExportContextCustomizer@7a67e3c6, org.springframework.boot.test.autoconfigure.properties.PropertyMappingContextCustomizer@0, org.springframework.boot.test.autoconfigure.web.servlet.WebDriverContextCustomizerFactory$Customizer@1800a575, org.springframework.boot.test.context.filter.ExcludeFilterContextCustomizer@5ddf0d24, org.springframework.boot.test.json.DuplicateJsonObjectContextCustomizerFactory$DuplicateJsonObjectContextCustomizer@141e5bef, org.springframework.boot.test.mock.mockito.MockitoContextCustomizer@341775], contextLoader = 'org.springframework.test.context.support.DelegatingSmartContextLoader', parent = [null]], attributes = map['org.springframework.test.context.event.ApplicationEventsTestExecutionListener.recordApplicationEvents' -> false]], class annotated with @DirtiesContext [false] with mode [null], method annotated with @DirtiesContext [false] with mode [null].
01:05:48.416 [Test worker] DEBUG org.springframework.test.context.cache.DefaultCacheAwareContextLoaderDelegate - Retrieved ApplicationContext [1881309779] from cache with key [[MergedContextConfiguration@75ae4a1f testClass = DefaultCharacterManagerTest, locations = '{}', classes = '{class org.waldreg.character.management.DefaultCharacterManager, class org.waldreg.character.permission.management.PermissionUnitManager}', contextInitializerClasses = '[]', activeProfiles = '{}', propertySourceLocations = '{}', propertySourceProperties = '{}', contextCustomizers = set[org.springframework.boot.test.autoconfigure.actuate.metrics.MetricsExportContextCustomizerFactory$DisableMetricExportContextCustomizer@7a67e3c6, org.springframework.boot.test.autoconfigure.properties.PropertyMappingContextCustomizer@0, org.springframework.boot.test.autoconfigure.web.servlet.WebDriverContextCustomizerFactory$Customizer@1800a575, org.springframework.boot.test.context.filter.ExcludeFilterContextCustomizer@5ddf0d24, org.springframework.boot.test.json.DuplicateJsonObjectContextCustomizerFactory$DuplicateJsonObjectContextCustomizer@141e5bef, org.springframework.boot.test.mock.mockito.MockitoContextCustomizer@341775], contextLoader = 'org.springframework.test.context.support.DelegatingSmartContextLoader', parent = [null]]]
01:05:48.417 [Test worker] DEBUG org.springframework.test.context.cache - Spring test ApplicationContext cache statistics: [DefaultContextCache@bd1111a size = 2, maxSize = 32, parentContextCount = 0, hitCount = 84, missCount = 2]
01:05:48.417 [Test worker] DEBUG org.springframework.test.context.support.DependencyInjectionTestExecutionListener - Performing dependency injection for test context [[DefaultTestContext@9596ce8 testClass = DefaultCharacterManagerTest, testInstance = org.waldreg.character.management.DefaultCharacterManagerTest@296e281a, testMethod = [null], testException = [null], mergedContextConfiguration = [MergedContextConfiguration@75ae4a1f testClass = DefaultCharacterManagerTest, locations = '{}', classes = '{class org.waldreg.character.management.DefaultCharacterManager, class org.waldreg.character.permission.management.PermissionUnitManager}', contextInitializerClasses = '[]', activeProfiles = '{}', propertySourceLocations = '{}', propertySourceProperties = '{}', contextCustomizers = set[org.springframework.boot.test.autoconfigure.actuate.metrics.MetricsExportContextCustomizerFactory$DisableMetricExportContextCustomizer@7a67e3c6, org.springframework.boot.test.autoconfigure.properties.PropertyMappingContextCustomizer@0, org.springframework.boot.test.autoconfigure.web.servlet.WebDriverContextCustomizerFactory$Customizer@1800a575, org.springframework.boot.test.context.filter.ExcludeFilterContextCustomizer@5ddf0d24, org.springframework.boot.test.json.DuplicateJsonObjectContextCustomizerFactory$DuplicateJsonObjectContextCustomizer@141e5bef, org.springframework.boot.test.mock.mockito.MockitoContextCustomizer@341775], contextLoader = 'org.springframework.test.context.support.DelegatingSmartContextLoader', parent = [null]], attributes = map['org.springframework.test.context.event.ApplicationEventsTestExecutionListener.recordApplicationEvents' -> false]]].
01:05:48.417 [Test worker] DEBUG org.springframework.test.context.cache.DefaultCacheAwareContextLoaderDelegate - Retrieved ApplicationContext [1881309779] from cache with key [[MergedContextConfiguration@75ae4a1f testClass = DefaultCharacterManagerTest, locations = '{}', classes = '{class org.waldreg.character.management.DefaultCharacterManager, class org.waldreg.character.permission.management.PermissionUnitManager}', contextInitializerClasses = '[]', activeProfiles = '{}', propertySourceLocations = '{}', propertySourceProperties = '{}', contextCustomizers = set[org.springframework.boot.test.autoconfigure.actuate.metrics.MetricsExportContextCustomizerFactory$DisableMetricExportContextCustomizer@7a67e3c6, org.springframework.boot.test.autoconfigure.properties.PropertyMappingContextCustomizer@0, org.springframework.boot.test.autoconfigure.web.servlet.WebDriverContextCustomizerFactory$Customizer@1800a575, org.springframework.boot.test.context.filter.ExcludeFilterContextCustomizer@5ddf0d24, org.springframework.boot.test.json.DuplicateJsonObjectContextCustomizerFactory$DuplicateJsonObjectContextCustomizer@141e5bef, org.springframework.boot.test.mock.mockito.MockitoContextCustomizer@341775], contextLoader = 'org.springframework.test.context.support.DelegatingSmartContextLoader', parent = [null]]]
01:05:48.417 [Test worker] DEBUG org.springframework.test.context.cache - Spring test ApplicationContext cache statistics: [DefaultContextCache@bd1111a size = 2, maxSize = 32, parentContextCount = 0, hitCount = 85, missCount = 2]
01:05:48.418 [Test worker] DEBUG org.springframework.test.context.cache.DefaultCacheAwareContextLoaderDelegate - Retrieved ApplicationContext [1881309779] from cache with key [[MergedContextConfiguration@75ae4a1f testClass = DefaultCharacterManagerTest, locations = '{}', classes = '{class org.waldreg.character.management.DefaultCharacterManager, class org.waldreg.character.permission.management.PermissionUnitManager}', contextInitializerClasses = '[]', activeProfiles = '{}', propertySourceLocations = '{}', propertySourceProperties = '{}', contextCustomizers = set[org.springframework.boot.test.autoconfigure.actuate.metrics.MetricsExportContextCustomizerFactory$DisableMetricExportContextCustomizer@7a67e3c6, org.springframework.boot.test.autoconfigure.properties.PropertyMappingContextCustomizer@0, org.springframework.boot.test.autoconfigure.web.servlet.WebDriverContextCustomizerFactory$Customizer@1800a575, org.springframework.boot.test.context.filter.ExcludeFilterContextCustomizer@5ddf0d24, org.springframework.boot.test.json.DuplicateJsonObjectContextCustomizerFactory$DuplicateJsonObjectContextCustomizer@141e5bef, org.springframework.boot.test.mock.mockito.MockitoContextCustomizer@341775], contextLoader = 'org.springframework.test.context.support.DelegatingSmartContextLoader', parent = [null]]]
01:05:48.418 [Test worker] DEBUG org.springframework.test.context.cache - Spring test ApplicationContext cache statistics: [DefaultContextCache@bd1111a size = 2, maxSize = 32, parentContextCount = 0, hitCount = 86, missCount = 2]
01:05:48.419 [Test worker] DEBUG org.springframework.test.context.support.AbstractDirtiesContextTestExecutionListener - Before test method: context [DefaultTestContext@9596ce8 testClass = DefaultCharacterManagerTest, testInstance = org.waldreg.character.management.DefaultCharacterManagerTest@296e281a, testMethod = CREATE_NEW_CHARACTER_FAIL_INVALID_STATUS_NAME_TEST@DefaultCharacterManagerTest, testException = [null], mergedContextConfiguration = [MergedContextConfiguration@75ae4a1f testClass = DefaultCharacterManagerTest, locations = '{}', classes = '{class org.waldreg.character.management.DefaultCharacterManager, class org.waldreg.character.permission.management.PermissionUnitManager}', contextInitializerClasses = '[]', activeProfiles = '{}', propertySourceLocations = '{}', propertySourceProperties = '{}', contextCustomizers = set[org.springframework.boot.test.autoconfigure.actuate.metrics.MetricsExportContextCustomizerFactory$DisableMetricExportContextCustomizer@7a67e3c6, org.springframework.boot.test.autoconfigure.properties.PropertyMappingContextCustomizer@0, org.springframework.boot.test.autoconfigure.web.servlet.WebDriverContextCustomizerFactory$Customizer@1800a575, org.springframework.boot.test.context.filter.ExcludeFilterContextCustomizer@5ddf0d24, org.springframework.boot.test.json.DuplicateJsonObjectContextCustomizerFactory$DuplicateJsonObjectContextCustomizer@141e5bef, org.springframework.boot.test.mock.mockito.MockitoContextCustomizer@341775], contextLoader = 'org.springframework.test.context.support.DelegatingSmartContextLoader', parent = [null]], attributes = map['org.springframework.test.context.event.ApplicationEventsTestExecutionListener.recordApplicationEvents' -> false]], class annotated with @DirtiesContext [false] with mode [null], method annotated with @DirtiesContext [false] with mode [null].
01:05:48.419 [Test worker] DEBUG org.springframework.test.context.cache.DefaultCacheAwareContextLoaderDelegate - Retrieved ApplicationContext [1881309779] from cache with key [[MergedContextConfiguration@75ae4a1f testClass = DefaultCharacterManagerTest, locations = '{}', classes = '{class org.waldreg.character.management.DefaultCharacterManager, class org.waldreg.character.permission.management.PermissionUnitManager}', contextInitializerClasses = '[]', activeProfiles = '{}', propertySourceLocations = '{}', propertySourceProperties = '{}', contextCustomizers = set[org.springframework.boot.test.autoconfigure.actuate.metrics.MetricsExportContextCustomizerFactory$DisableMetricExportContextCustomizer@7a67e3c6, org.springframework.boot.test.autoconfigure.properties.PropertyMappingContextCustomizer@0, org.springframework.boot.test.autoconfigure.web.servlet.WebDriverContextCustomizerFactory$Customizer@1800a575, org.springframework.boot.test.context.filter.ExcludeFilterContextCustomizer@5ddf0d24, org.springframework.boot.test.json.DuplicateJsonObjectContextCustomizerFactory$DuplicateJsonObjectContextCustomizer@141e5bef, org.springframework.boot.test.mock.mockito.MockitoContextCustomizer@341775], contextLoader = 'org.springframework.test.context.support.DelegatingSmartContextLoader', parent = [null]]]
01:05:48.420 [Test worker] DEBUG org.springframework.test.context.cache - Spring test ApplicationContext cache statistics: [DefaultContextCache@bd1111a size = 2, maxSize = 32, parentContextCount = 0, hitCount = 87, missCount = 2]
01:05:48.431 [Test worker] DEBUG org.springframework.test.context.cache.DefaultCacheAwareContextLoaderDelegate - Retrieved ApplicationContext [1881309779] from cache with key [[MergedContextConfiguration@75ae4a1f testClass = DefaultCharacterManagerTest, locations = '{}', classes = '{class org.waldreg.character.management.DefaultCharacterManager, class org.waldreg.character.permission.management.PermissionUnitManager}', contextInitializerClasses = '[]', activeProfiles = '{}', propertySourceLocations = '{}', propertySourceProperties = '{}', contextCustomizers = set[org.springframework.boot.test.autoconfigure.actuate.metrics.MetricsExportContextCustomizerFactory$DisableMetricExportContextCustomizer@7a67e3c6, org.springframework.boot.test.autoconfigure.properties.PropertyMappingContextCustomizer@0, org.springframework.boot.test.autoconfigure.web.servlet.WebDriverContextCustomizerFactory$Customizer@1800a575, org.springframework.boot.test.context.filter.ExcludeFilterContextCustomizer@5ddf0d24, org.springframework.boot.test.json.DuplicateJsonObjectContextCustomizerFactory$DuplicateJsonObjectContextCustomizer@141e5bef, org.springframework.boot.test.mock.mockito.MockitoContextCustomizer@341775], contextLoader = 'org.springframework.test.context.support.DelegatingSmartContextLoader', parent = [null]]]
01:05:48.432 [Test worker] DEBUG org.springframework.test.context.cache - Spring test ApplicationContext cache statistics: [DefaultContextCache@bd1111a size = 2, maxSize = 32, parentContextCount = 0, hitCount = 88, missCount = 2]
01:05:48.432 [Test worker] DEBUG org.springframework.test.context.cache.DefaultCacheAwareContextLoaderDelegate - Retrieved ApplicationContext [1881309779] from cache with key [[MergedContextConfiguration@75ae4a1f testClass = DefaultCharacterManagerTest, locations = '{}', classes = '{class org.waldreg.character.management.DefaultCharacterManager, class org.waldreg.character.permission.management.PermissionUnitManager}', contextInitializerClasses = '[]', activeProfiles = '{}', propertySourceLocations = '{}', propertySourceProperties = '{}', contextCustomizers = set[org.springframework.boot.test.autoconfigure.actuate.metrics.MetricsExportContextCustomizerFactory$DisableMetricExportContextCustomizer@7a67e3c6, org.springframework.boot.test.autoconfigure.properties.PropertyMappingContextCustomizer@0, org.springframework.boot.test.autoconfigure.web.servlet.WebDriverContextCustomizerFactory$Customizer@1800a575, org.springframework.boot.test.context.filter.ExcludeFilterContextCustomizer@5ddf0d24, org.springframework.boot.test.json.DuplicateJsonObjectContextCustomizerFactory$DuplicateJsonObjectContextCustomizer@141e5bef, org.springframework.boot.test.mock.mockito.MockitoContextCustomizer@341775], contextLoader = 'org.springframework.test.context.support.DelegatingSmartContextLoader', parent = [null]]]
01:05:48.432 [Test worker] DEBUG org.springframework.test.context.cache - Spring test ApplicationContext cache statistics: [DefaultContextCache@bd1111a size = 2, maxSize = 32, parentContextCount = 0, hitCount = 89, missCount = 2]
01:05:48.441 [Test worker] DEBUG org.springframework.test.context.cache.DefaultCacheAwareContextLoaderDelegate - Retrieved ApplicationContext [1881309779] from cache with key [[MergedContextConfiguration@75ae4a1f testClass = DefaultCharacterManagerTest, locations = '{}', classes = '{class org.waldreg.character.management.DefaultCharacterManager, class org.waldreg.character.permission.management.PermissionUnitManager}', contextInitializerClasses = '[]', activeProfiles = '{}', propertySourceLocations = '{}', propertySourceProperties = '{}', contextCustomizers = set[org.springframework.boot.test.autoconfigure.actuate.metrics.MetricsExportContextCustomizerFactory$DisableMetricExportContextCustomizer@7a67e3c6, org.springframework.boot.test.autoconfigure.properties.PropertyMappingContextCustomizer@0, org.springframework.boot.test.autoconfigure.web.servlet.WebDriverContextCustomizerFactory$Customizer@1800a575, org.springframework.boot.test.context.filter.ExcludeFilterContextCustomizer@5ddf0d24, org.springframework.boot.test.json.DuplicateJsonObjectContextCustomizerFactory$DuplicateJsonObjectContextCustomizer@141e5bef, org.springframework.boot.test.mock.mockito.MockitoContextCustomizer@341775], contextLoader = 'org.springframework.test.context.support.DelegatingSmartContextLoader', parent = [null]]]
01:05:48.441 [Test worker] DEBUG org.springframework.test.context.cache - Spring test ApplicationContext cache statistics: [DefaultContextCache@bd1111a size = 2, maxSize = 32, parentContextCount = 0, hitCount = 90, missCount = 2]
01:05:48.441 [Test worker] DEBUG org.springframework.test.context.cache.DefaultCacheAwareContextLoaderDelegate - Retrieved ApplicationContext [1881309779] from cache with key [[MergedContextConfiguration@75ae4a1f testClass = DefaultCharacterManagerTest, locations = '{}', classes = '{class org.waldreg.character.management.DefaultCharacterManager, class org.waldreg.character.permission.management.PermissionUnitManager}', contextInitializerClasses = '[]', activeProfiles = '{}', propertySourceLocations = '{}', propertySourceProperties = '{}', contextCustomizers = set[org.springframework.boot.test.autoconfigure.actuate.metrics.MetricsExportContextCustomizerFactory$DisableMetricExportContextCustomizer@7a67e3c6, org.springframework.boot.test.autoconfigure.properties.PropertyMappingContextCustomizer@0, org.springframework.boot.test.autoconfigure.web.servlet.WebDriverContextCustomizerFactory$Customizer@1800a575, org.springframework.boot.test.context.filter.ExcludeFilterContextCustomizer@5ddf0d24, org.springframework.boot.test.json.DuplicateJsonObjectContextCustomizerFactory$DuplicateJsonObjectContextCustomizer@141e5bef, org.springframework.boot.test.mock.mockito.MockitoContextCustomizer@341775], contextLoader = 'org.springframework.test.context.support.DelegatingSmartContextLoader', parent = [null]]]
01:05:48.441 [Test worker] DEBUG org.springframework.test.context.cache - Spring test ApplicationContext cache statistics: [DefaultContextCache@bd1111a size = 2, maxSize = 32, parentContextCount = 0, hitCount = 91, missCount = 2]
01:05:48.456 [Test worker] DEBUG org.springframework.test.context.cache.DefaultCacheAwareContextLoaderDelegate - Retrieved ApplicationContext [1881309779] from cache with key [[MergedContextConfiguration@75ae4a1f testClass = DefaultCharacterManagerTest, locations = '{}', classes = '{class org.waldreg.character.management.DefaultCharacterManager, class org.waldreg.character.permission.management.PermissionUnitManager}', contextInitializerClasses = '[]', activeProfiles = '{}', propertySourceLocations = '{}', propertySourceProperties = '{}', contextCustomizers = set[org.springframework.boot.test.autoconfigure.actuate.metrics.MetricsExportContextCustomizerFactory$DisableMetricExportContextCustomizer@7a67e3c6, org.springframework.boot.test.autoconfigure.properties.PropertyMappingContextCustomizer@0, org.springframework.boot.test.autoconfigure.web.servlet.WebDriverContextCustomizerFactory$Customizer@1800a575, org.springframework.boot.test.context.filter.ExcludeFilterContextCustomizer@5ddf0d24, org.springframework.boot.test.json.DuplicateJsonObjectContextCustomizerFactory$DuplicateJsonObjectContextCustomizer@141e5bef, org.springframework.boot.test.mock.mockito.MockitoContextCustomizer@341775], contextLoader = 'org.springframework.test.context.support.DelegatingSmartContextLoader', parent = [null]]]
01:05:48.456 [Test worker] DEBUG org.springframework.test.context.cache - Spring test ApplicationContext cache statistics: [DefaultContextCache@bd1111a size = 2, maxSize = 32, parentContextCount = 0, hitCount = 92, missCount = 2]
01:05:48.457 [Test worker] DEBUG org.springframework.test.context.cache.DefaultCacheAwareContextLoaderDelegate - Retrieved ApplicationContext [1881309779] from cache with key [[MergedContextConfiguration@75ae4a1f testClass = DefaultCharacterManagerTest, locations = '{}', classes = '{class org.waldreg.character.management.DefaultCharacterManager, class org.waldreg.character.permission.management.PermissionUnitManager}', contextInitializerClasses = '[]', activeProfiles = '{}', propertySourceLocations = '{}', propertySourceProperties = '{}', contextCustomizers = set[org.springframework.boot.test.autoconfigure.actuate.metrics.MetricsExportContextCustomizerFactory$DisableMetricExportContextCustomizer@7a67e3c6, org.springframework.boot.test.autoconfigure.properties.PropertyMappingContextCustomizer@0, org.springframework.boot.test.autoconfigure.web.servlet.WebDriverContextCustomizerFactory$Customizer@1800a575, org.springframework.boot.test.context.filter.ExcludeFilterContextCustomizer@5ddf0d24, org.springframework.boot.test.json.DuplicateJsonObjectContextCustomizerFactory$DuplicateJsonObjectContextCustomizer@141e5bef, org.springframework.boot.test.mock.mockito.MockitoContextCustomizer@341775], contextLoader = 'org.springframework.test.context.support.DelegatingSmartContextLoader', parent = [null]]]
01:05:48.457 [Test worker] DEBUG org.springframework.test.context.cache - Spring test ApplicationContext cache statistics: [DefaultContextCache@bd1111a size = 2, maxSize = 32, parentContextCount = 0, hitCount = 93, missCount = 2]
01:05:48.457 [Test worker] DEBUG org.springframework.test.context.cache.DefaultCacheAwareContextLoaderDelegate - Retrieved ApplicationContext [1881309779] from cache with key [[MergedContextConfiguration@75ae4a1f testClass = DefaultCharacterManagerTest, locations = '{}', classes = '{class org.waldreg.character.management.DefaultCharacterManager, class org.waldreg.character.permission.management.PermissionUnitManager}', contextInitializerClasses = '[]', activeProfiles = '{}', propertySourceLocations = '{}', propertySourceProperties = '{}', contextCustomizers = set[org.springframework.boot.test.autoconfigure.actuate.metrics.MetricsExportContextCustomizerFactory$DisableMetricExportContextCustomizer@7a67e3c6, org.springframework.boot.test.autoconfigure.properties.PropertyMappingContextCustomizer@0, org.springframework.boot.test.autoconfigure.web.servlet.WebDriverContextCustomizerFactory$Customizer@1800a575, org.springframework.boot.test.context.filter.ExcludeFilterContextCustomizer@5ddf0d24, org.springframework.boot.test.json.DuplicateJsonObjectContextCustomizerFactory$DuplicateJsonObjectContextCustomizer@141e5bef, org.springframework.boot.test.mock.mockito.MockitoContextCustomizer@341775], contextLoader = 'org.springframework.test.context.support.DelegatingSmartContextLoader', parent = [null]]]
01:05:48.457 [Test worker] DEBUG org.springframework.test.context.cache - Spring test ApplicationContext cache statistics: [DefaultContextCache@bd1111a size = 2, maxSize = 32, parentContextCount = 0, hitCount = 94, missCount = 2]
01:05:48.469 [Test worker] DEBUG org.springframework.test.context.cache.DefaultCacheAwareContextLoaderDelegate - Retrieved ApplicationContext [1881309779] from cache with key [[MergedContextConfiguration@75ae4a1f testClass = DefaultCharacterManagerTest, locations = '{}', classes = '{class org.waldreg.character.management.DefaultCharacterManager, class org.waldreg.character.permission.management.PermissionUnitManager}', contextInitializerClasses = '[]', activeProfiles = '{}', propertySourceLocations = '{}', propertySourceProperties = '{}', contextCustomizers = set[org.springframework.boot.test.autoconfigure.actuate.metrics.MetricsExportContextCustomizerFactory$DisableMetricExportContextCustomizer@7a67e3c6, org.springframework.boot.test.autoconfigure.properties.PropertyMappingContextCustomizer@0, org.springframework.boot.test.autoconfigure.web.servlet.WebDriverContextCustomizerFactory$Customizer@1800a575, org.springframework.boot.test.context.filter.ExcludeFilterContextCustomizer@5ddf0d24, org.springframework.boot.test.json.DuplicateJsonObjectContextCustomizerFactory$DuplicateJsonObjectContextCustomizer@141e5bef, org.springframework.boot.test.mock.mockito.MockitoContextCustomizer@341775], contextLoader = 'org.springframework.test.context.support.DelegatingSmartContextLoader', parent = [null]]]
01:05:48.469 [Test worker] DEBUG org.springframework.test.context.cache - Spring test ApplicationContext cache statistics: [DefaultContextCache@bd1111a size = 2, maxSize = 32, parentContextCount = 0, hitCount = 95, missCount = 2]
01:05:48.469 [Test worker] DEBUG org.springframework.test.context.support.AbstractDirtiesContextTestExecutionListener - After test method: context [DefaultTestContext@9596ce8 testClass = DefaultCharacterManagerTest, testInstance = org.waldreg.character.management.DefaultCharacterManagerTest@296e281a, testMethod = CREATE_NEW_CHARACTER_FAIL_INVALID_STATUS_NAME_TEST@DefaultCharacterManagerTest, testException = [null], mergedContextConfiguration = [MergedContextConfiguration@75ae4a1f testClass = DefaultCharacterManagerTest, locations = '{}', classes = '{class org.waldreg.character.management.DefaultCharacterManager, class org.waldreg.character.permission.management.PermissionUnitManager}', contextInitializerClasses = '[]', activeProfiles = '{}', propertySourceLocations = '{}', propertySourceProperties = '{}', contextCustomizers = set[org.springframework.boot.test.autoconfigure.actuate.metrics.MetricsExportContextCustomizerFactory$DisableMetricExportContextCustomizer@7a67e3c6, org.springframework.boot.test.autoconfigure.properties.PropertyMappingContextCustomizer@0, org.springframework.boot.test.autoconfigure.web.servlet.WebDriverContextCustomizerFactory$Customizer@1800a575, org.springframework.boot.test.context.filter.ExcludeFilterContextCustomizer@5ddf0d24, org.springframework.boot.test.json.DuplicateJsonObjectContextCustomizerFactory$DuplicateJsonObjectContextCustomizer@141e5bef, org.springframework.boot.test.mock.mockito.MockitoContextCustomizer@341775], contextLoader = 'org.springframework.test.context.support.DelegatingSmartContextLoader', parent = [null]], attributes = map['org.springframework.test.context.event.ApplicationEventsTestExecutionListener.recordApplicationEvents' -> false]], class annotated with @DirtiesContext [false] with mode [null], method annotated with @DirtiesContext [false] with mode [null].
01:05:48.470 [Test worker] DEBUG org.springframework.test.context.cache.DefaultCacheAwareContextLoaderDelegate - Retrieved ApplicationContext [1881309779] from cache with key [[MergedContextConfiguration@75ae4a1f testClass = DefaultCharacterManagerTest, locations = '{}', classes = '{class org.waldreg.character.management.DefaultCharacterManager, class org.waldreg.character.permission.management.PermissionUnitManager}', contextInitializerClasses = '[]', activeProfiles = '{}', propertySourceLocations = '{}', propertySourceProperties = '{}', contextCustomizers = set[org.springframework.boot.test.autoconfigure.actuate.metrics.MetricsExportContextCustomizerFactory$DisableMetricExportContextCustomizer@7a67e3c6, org.springframework.boot.test.autoconfigure.properties.PropertyMappingContextCustomizer@0, org.springframework.boot.test.autoconfigure.web.servlet.WebDriverContextCustomizerFactory$Customizer@1800a575, org.springframework.boot.test.context.filter.ExcludeFilterContextCustomizer@5ddf0d24, org.springframework.boot.test.json.DuplicateJsonObjectContextCustomizerFactory$DuplicateJsonObjectContextCustomizer@141e5bef, org.springframework.boot.test.mock.mockito.MockitoContextCustomizer@341775], contextLoader = 'org.springframework.test.context.support.DelegatingSmartContextLoader', parent = [null]]]
01:05:48.470 [Test worker] DEBUG org.springframework.test.context.cache - Spring test ApplicationContext cache statistics: [DefaultContextCache@bd1111a size = 2, maxSize = 32, parentContextCount = 0, hitCount = 96, missCount = 2]
01:05:48.470 [Test worker] DEBUG org.springframework.test.context.support.DependencyInjectionTestExecutionListener - Performing dependency injection for test context [[DefaultTestContext@9596ce8 testClass = DefaultCharacterManagerTest, testInstance = org.waldreg.character.management.DefaultCharacterManagerTest@642f9a77, testMethod = [null], testException = [null], mergedContextConfiguration = [MergedContextConfiguration@75ae4a1f testClass = DefaultCharacterManagerTest, locations = '{}', classes = '{class org.waldreg.character.management.DefaultCharacterManager, class org.waldreg.character.permission.management.PermissionUnitManager}', contextInitializerClasses = '[]', activeProfiles = '{}', propertySourceLocations = '{}', propertySourceProperties = '{}', contextCustomizers = set[org.springframework.boot.test.autoconfigure.actuate.metrics.MetricsExportContextCustomizerFactory$DisableMetricExportContextCustomizer@7a67e3c6, org.springframework.boot.test.autoconfigure.properties.PropertyMappingContextCustomizer@0, org.springframework.boot.test.autoconfigure.web.servlet.WebDriverContextCustomizerFactory$Customizer@1800a575, org.springframework.boot.test.context.filter.ExcludeFilterContextCustomizer@5ddf0d24, org.springframework.boot.test.json.DuplicateJsonObjectContextCustomizerFactory$DuplicateJsonObjectContextCustomizer@141e5bef, org.springframework.boot.test.mock.mockito.MockitoContextCustomizer@341775], contextLoader = 'org.springframework.test.context.support.DelegatingSmartContextLoader', parent = [null]], attributes = map['org.springframework.test.context.event.ApplicationEventsTestExecutionListener.recordApplicationEvents' -> false]]].
01:05:48.470 [Test worker] DEBUG org.springframework.test.context.cache.DefaultCacheAwareContextLoaderDelegate - Retrieved ApplicationContext [1881309779] from cache with key [[MergedContextConfiguration@75ae4a1f testClass = DefaultCharacterManagerTest, locations = '{}', classes = '{class org.waldreg.character.management.DefaultCharacterManager, class org.waldreg.character.permission.management.PermissionUnitManager}', contextInitializerClasses = '[]', activeProfiles = '{}', propertySourceLocations = '{}', propertySourceProperties = '{}', contextCustomizers = set[org.springframework.boot.test.autoconfigure.actuate.metrics.MetricsExportContextCustomizerFactory$DisableMetricExportContextCustomizer@7a67e3c6, org.springframework.boot.test.autoconfigure.properties.PropertyMappingContextCustomizer@0, org.springframework.boot.test.autoconfigure.web.servlet.WebDriverContextCustomizerFactory$Customizer@1800a575, org.springframework.boot.test.context.filter.ExcludeFilterContextCustomizer@5ddf0d24, org.springframework.boot.test.json.DuplicateJsonObjectContextCustomizerFactory$DuplicateJsonObjectContextCustomizer@141e5bef, org.springframework.boot.test.mock.mockito.MockitoContextCustomizer@341775], contextLoader = 'org.springframework.test.context.support.DelegatingSmartContextLoader', parent = [null]]]
01:05:48.470 [Test worker] DEBUG org.springframework.test.context.cache - Spring test ApplicationContext cache statistics: [DefaultContextCache@bd1111a size = 2, maxSize = 32, parentContextCount = 0, hitCount = 97, missCount = 2]
01:05:48.470 [Test worker] DEBUG org.springframework.test.context.cache.DefaultCacheAwareContextLoaderDelegate - Retrieved ApplicationContext [1881309779] from cache with key [[MergedContextConfiguration@75ae4a1f testClass = DefaultCharacterManagerTest, locations = '{}', classes = '{class org.waldreg.character.management.DefaultCharacterManager, class org.waldreg.character.permission.management.PermissionUnitManager}', contextInitializerClasses = '[]', activeProfiles = '{}', propertySourceLocations = '{}', propertySourceProperties = '{}', contextCustomizers = set[org.springframework.boot.test.autoconfigure.actuate.metrics.MetricsExportContextCustomizerFactory$DisableMetricExportContextCustomizer@7a67e3c6, org.springframework.boot.test.autoconfigure.properties.PropertyMappingContextCustomizer@0, org.springframework.boot.test.autoconfigure.web.servlet.WebDriverContextCustomizerFactory$Customizer@1800a575, org.springframework.boot.test.context.filter.ExcludeFilterContextCustomizer@5ddf0d24, org.springframework.boot.test.json.DuplicateJsonObjectContextCustomizerFactory$DuplicateJsonObjectContextCustomizer@141e5bef, org.springframework.boot.test.mock.mockito.MockitoContextCustomizer@341775], contextLoader = 'org.springframework.test.context.support.DelegatingSmartContextLoader', parent = [null]]]
01:05:48.470 [Test worker] DEBUG org.springframework.test.context.cache - Spring test ApplicationContext cache statistics: [DefaultContextCache@bd1111a size = 2, maxSize = 32, parentContextCount = 0, hitCount = 98, missCount = 2]
01:05:48.471 [Test worker] DEBUG org.springframework.test.context.support.AbstractDirtiesContextTestExecutionListener - Before test method: context [DefaultTestContext@9596ce8 testClass = DefaultCharacterManagerTest, testInstance = org.waldreg.character.management.DefaultCharacterManagerTest@642f9a77, testMethod = READ_CHARACTER_BY_USER_ID_TEST@DefaultCharacterManagerTest, testException = [null], mergedContextConfiguration = [MergedContextConfiguration@75ae4a1f testClass = DefaultCharacterManagerTest, locations = '{}', classes = '{class org.waldreg.character.management.DefaultCharacterManager, class org.waldreg.character.permission.management.PermissionUnitManager}', contextInitializerClasses = '[]', activeProfiles = '{}', propertySourceLocations = '{}', propertySourceProperties = '{}', contextCustomizers = set[org.springframework.boot.test.autoconfigure.actuate.metrics.MetricsExportContextCustomizerFactory$DisableMetricExportContextCustomizer@7a67e3c6, org.springframework.boot.test.autoconfigure.properties.PropertyMappingContextCustomizer@0, org.springframework.boot.test.autoconfigure.web.servlet.WebDriverContextCustomizerFactory$Customizer@1800a575, org.springframework.boot.test.context.filter.ExcludeFilterContextCustomizer@5ddf0d24, org.springframework.boot.test.json.DuplicateJsonObjectContextCustomizerFactory$DuplicateJsonObjectContextCustomizer@141e5bef, org.springframework.boot.test.mock.mockito.MockitoContextCustomizer@341775], contextLoader = 'org.springframework.test.context.support.DelegatingSmartContextLoader', parent = [null]], attributes = map['org.springframework.test.context.event.ApplicationEventsTestExecutionListener.recordApplicationEvents' -> false]], class annotated with @DirtiesContext [false] with mode [null], method annotated with @DirtiesContext [false] with mode [null].
01:05:48.471 [Test worker] DEBUG org.springframework.test.context.cache.DefaultCacheAwareContextLoaderDelegate - Retrieved ApplicationContext [1881309779] from cache with key [[MergedContextConfiguration@75ae4a1f testClass = DefaultCharacterManagerTest, locations = '{}', classes = '{class org.waldreg.character.management.DefaultCharacterManager, class org.waldreg.character.permission.management.PermissionUnitManager}', contextInitializerClasses = '[]', activeProfiles = '{}', propertySourceLocations = '{}', propertySourceProperties = '{}', contextCustomizers = set[org.springframework.boot.test.autoconfigure.actuate.metrics.MetricsExportContextCustomizerFactory$DisableMetricExportContextCustomizer@7a67e3c6, org.springframework.boot.test.autoconfigure.properties.PropertyMappingContextCustomizer@0, org.springframework.boot.test.autoconfigure.web.servlet.WebDriverContextCustomizerFactory$Customizer@1800a575, org.springframework.boot.test.context.filter.ExcludeFilterContextCustomizer@5ddf0d24, org.springframework.boot.test.json.DuplicateJsonObjectContextCustomizerFactory$DuplicateJsonObjectContextCustomizer@141e5bef, org.springframework.boot.test.mock.mockito.MockitoContextCustomizer@341775], contextLoader = 'org.springframework.test.context.support.DelegatingSmartContextLoader', parent = [null]]]
01:05:48.471 [Test worker] DEBUG org.springframework.test.context.cache - Spring test ApplicationContext cache statistics: [DefaultContextCache@bd1111a size = 2, maxSize = 32, parentContextCount = 0, hitCount = 99, missCount = 2]
01:05:48.482 [Test worker] DEBUG org.springframework.test.context.cache.DefaultCacheAwareContextLoaderDelegate - Retrieved ApplicationContext [1881309779] from cache with key [[MergedContextConfiguration@75ae4a1f testClass = DefaultCharacterManagerTest, locations = '{}', classes = '{class org.waldreg.character.management.DefaultCharacterManager, class org.waldreg.character.permission.management.PermissionUnitManager}', contextInitializerClasses = '[]', activeProfiles = '{}', propertySourceLocations = '{}', propertySourceProperties = '{}', contextCustomizers = set[org.springframework.boot.test.autoconfigure.actuate.metrics.MetricsExportContextCustomizerFactory$DisableMetricExportContextCustomizer@7a67e3c6, org.springframework.boot.test.autoconfigure.properties.PropertyMappingContextCustomizer@0, org.springframework.boot.test.autoconfigure.web.servlet.WebDriverContextCustomizerFactory$Customizer@1800a575, org.springframework.boot.test.context.filter.ExcludeFilterContextCustomizer@5ddf0d24, org.springframework.boot.test.json.DuplicateJsonObjectContextCustomizerFactory$DuplicateJsonObjectContextCustomizer@141e5bef, org.springframework.boot.test.mock.mockito.MockitoContextCustomizer@341775], contextLoader = 'org.springframework.test.context.support.DelegatingSmartContextLoader', parent = [null]]]
01:05:48.482 [Test worker] DEBUG org.springframework.test.context.cache - Spring test ApplicationContext cache statistics: [DefaultContextCache@bd1111a size = 2, maxSize = 32, parentContextCount = 0, hitCount = 100, missCount = 2]
01:05:48.482 [Test worker] DEBUG org.springframework.test.context.cache.DefaultCacheAwareContextLoaderDelegate - Retrieved ApplicationContext [1881309779] from cache with key [[MergedContextConfiguration@75ae4a1f testClass = DefaultCharacterManagerTest, locations = '{}', classes = '{class org.waldreg.character.management.DefaultCharacterManager, class org.waldreg.character.permission.management.PermissionUnitManager}', contextInitializerClasses = '[]', activeProfiles = '{}', propertySourceLocations = '{}', propertySourceProperties = '{}', contextCustomizers = set[org.springframework.boot.test.autoconfigure.actuate.metrics.MetricsExportContextCustomizerFactory$DisableMetricExportContextCustomizer@7a67e3c6, org.springframework.boot.test.autoconfigure.properties.PropertyMappingContextCustomizer@0, org.springframework.boot.test.autoconfigure.web.servlet.WebDriverContextCustomizerFactory$Customizer@1800a575, org.springframework.boot.test.context.filter.ExcludeFilterContextCustomizer@5ddf0d24, org.springframework.boot.test.json.DuplicateJsonObjectContextCustomizerFactory$DuplicateJsonObjectContextCustomizer@141e5bef, org.springframework.boot.test.mock.mockito.MockitoContextCustomizer@341775], contextLoader = 'org.springframework.test.context.support.DelegatingSmartContextLoader', parent = [null]]]
01:05:48.483 [Test worker] DEBUG org.springframework.test.context.cache - Spring test ApplicationContext cache statistics: [DefaultContextCache@bd1111a size = 2, maxSize = 32, parentContextCount = 0, hitCount = 101, missCount = 2]
01:05:48.483 [Test worker] DEBUG org.springframework.test.context.cache.DefaultCacheAwareContextLoaderDelegate - Retrieved ApplicationContext [1881309779] from cache with key [[MergedContextConfiguration@75ae4a1f testClass = DefaultCharacterManagerTest, locations = '{}', classes = '{class org.waldreg.character.management.DefaultCharacterManager, class org.waldreg.character.permission.management.PermissionUnitManager}', contextInitializerClasses = '[]', activeProfiles = '{}', propertySourceLocations = '{}', propertySourceProperties = '{}', contextCustomizers = set[org.springframework.boot.test.autoconfigure.actuate.metrics.MetricsExportContextCustomizerFactory$DisableMetricExportContextCustomizer@7a67e3c6, org.springframework.boot.test.autoconfigure.properties.PropertyMappingContextCustomizer@0, org.springframework.boot.test.autoconfigure.web.servlet.WebDriverContextCustomizerFactory$Customizer@1800a575, org.springframework.boot.test.context.filter.ExcludeFilterContextCustomizer@5ddf0d24, org.springframework.boot.test.json.DuplicateJsonObjectContextCustomizerFactory$DuplicateJsonObjectContextCustomizer@141e5bef, org.springframework.boot.test.mock.mockito.MockitoContextCustomizer@341775], contextLoader = 'org.springframework.test.context.support.DelegatingSmartContextLoader', parent = [null]]]
01:05:48.483 [Test worker] DEBUG org.springframework.test.context.cache - Spring test ApplicationContext cache statistics: [DefaultContextCache@bd1111a size = 2, maxSize = 32, parentContextCount = 0, hitCount = 102, missCount = 2]
01:05:48.483 [Test worker] DEBUG org.springframework.test.context.cache.DefaultCacheAwareContextLoaderDelegate - Retrieved ApplicationContext [1881309779] from cache with key [[MergedContextConfiguration@75ae4a1f testClass = DefaultCharacterManagerTest, locations = '{}', classes = '{class org.waldreg.character.management.DefaultCharacterManager, class org.waldreg.character.permission.management.PermissionUnitManager}', contextInitializerClasses = '[]', activeProfiles = '{}', propertySourceLocations = '{}', propertySourceProperties = '{}', contextCustomizers = set[org.springframework.boot.test.autoconfigure.actuate.metrics.MetricsExportContextCustomizerFactory$DisableMetricExportContextCustomizer@7a67e3c6, org.springframework.boot.test.autoconfigure.properties.PropertyMappingContextCustomizer@0, org.springframework.boot.test.autoconfigure.web.servlet.WebDriverContextCustomizerFactory$Customizer@1800a575, org.springframework.boot.test.context.filter.ExcludeFilterContextCustomizer@5ddf0d24, org.springframework.boot.test.json.DuplicateJsonObjectContextCustomizerFactory$DuplicateJsonObjectContextCustomizer@141e5bef, org.springframework.boot.test.mock.mockito.MockitoContextCustomizer@341775], contextLoader = 'org.springframework.test.context.support.DelegatingSmartContextLoader', parent = [null]]]
01:05:48.483 [Test worker] DEBUG org.springframework.test.context.cache - Spring test ApplicationContext cache statistics: [DefaultContextCache@bd1111a size = 2, maxSize = 32, parentContextCount = 0, hitCount = 103, missCount = 2]
01:05:48.496 [Test worker] DEBUG org.springframework.test.context.cache.DefaultCacheAwareContextLoaderDelegate - Retrieved ApplicationContext [1881309779] from cache with key [[MergedContextConfiguration@75ae4a1f testClass = DefaultCharacterManagerTest, locations = '{}', classes = '{class org.waldreg.character.management.DefaultCharacterManager, class org.waldreg.character.permission.management.PermissionUnitManager}', contextInitializerClasses = '[]', activeProfiles = '{}', propertySourceLocations = '{}', propertySourceProperties = '{}', contextCustomizers = set[org.springframework.boot.test.autoconfigure.actuate.metrics.MetricsExportContextCustomizerFactory$DisableMetricExportContextCustomizer@7a67e3c6, org.springframework.boot.test.autoconfigure.properties.PropertyMappingContextCustomizer@0, org.springframework.boot.test.autoconfigure.web.servlet.WebDriverContextCustomizerFactory$Customizer@1800a575, org.springframework.boot.test.context.filter.ExcludeFilterContextCustomizer@5ddf0d24, org.springframework.boot.test.json.DuplicateJsonObjectContextCustomizerFactory$DuplicateJsonObjectContextCustomizer@141e5bef, org.springframework.boot.test.mock.mockito.MockitoContextCustomizer@341775], contextLoader = 'org.springframework.test.context.support.DelegatingSmartContextLoader', parent = [null]]]
01:05:48.496 [Test worker] DEBUG org.springframework.test.context.cache - Spring test ApplicationContext cache statistics: [DefaultContextCache@bd1111a size = 2, maxSize = 32, parentContextCount = 0, hitCount = 104, missCount = 2]
01:05:48.496 [Test worker] DEBUG org.springframework.test.context.cache.DefaultCacheAwareContextLoaderDelegate - Retrieved ApplicationContext [1881309779] from cache with key [[MergedContextConfiguration@75ae4a1f testClass = DefaultCharacterManagerTest, locations = '{}', classes = '{class org.waldreg.character.management.DefaultCharacterManager, class org.waldreg.character.permission.management.PermissionUnitManager}', contextInitializerClasses = '[]', activeProfiles = '{}', propertySourceLocations = '{}', propertySourceProperties = '{}', contextCustomizers = set[org.springframework.boot.test.autoconfigure.actuate.metrics.MetricsExportContextCustomizerFactory$DisableMetricExportContextCustomizer@7a67e3c6, org.springframework.boot.test.autoconfigure.properties.PropertyMappingContextCustomizer@0, org.springframework.boot.test.autoconfigure.web.servlet.WebDriverContextCustomizerFactory$Customizer@1800a575, org.springframework.boot.test.context.filter.ExcludeFilterContextCustomizer@5ddf0d24, org.springframework.boot.test.json.DuplicateJsonObjectContextCustomizerFactory$DuplicateJsonObjectContextCustomizer@141e5bef, org.springframework.boot.test.mock.mockito.MockitoContextCustomizer@341775], contextLoader = 'org.springframework.test.context.support.DelegatingSmartContextLoader', parent = [null]]]
01:05:48.496 [Test worker] DEBUG org.springframework.test.context.cache - Spring test ApplicationContext cache statistics: [DefaultContextCache@bd1111a size = 2, maxSize = 32, parentContextCount = 0, hitCount = 105, missCount = 2]
01:05:48.496 [Test worker] DEBUG org.springframework.test.context.cache.DefaultCacheAwareContextLoaderDelegate - Retrieved ApplicationContext [1881309779] from cache with key [[MergedContextConfiguration@75ae4a1f testClass = DefaultCharacterManagerTest, locations = '{}', classes = '{class org.waldreg.character.management.DefaultCharacterManager, class org.waldreg.character.permission.management.PermissionUnitManager}', contextInitializerClasses = '[]', activeProfiles = '{}', propertySourceLocations = '{}', propertySourceProperties = '{}', contextCustomizers = set[org.springframework.boot.test.autoconfigure.actuate.metrics.MetricsExportContextCustomizerFactory$DisableMetricExportContextCustomizer@7a67e3c6, org.springframework.boot.test.autoconfigure.properties.PropertyMappingContextCustomizer@0, org.springframework.boot.test.autoconfigure.web.servlet.WebDriverContextCustomizerFactory$Customizer@1800a575, org.springframework.boot.test.context.filter.ExcludeFilterContextCustomizer@5ddf0d24, org.springframework.boot.test.json.DuplicateJsonObjectContextCustomizerFactory$DuplicateJsonObjectContextCustomizer@141e5bef, org.springframework.boot.test.mock.mockito.MockitoContextCustomizer@341775], contextLoader = 'org.springframework.test.context.support.DelegatingSmartContextLoader', parent = [null]]]
01:05:48.496 [Test worker] DEBUG org.springframework.test.context.cache - Spring test ApplicationContext cache statistics: [DefaultContextCache@bd1111a size = 2, maxSize = 32, parentContextCount = 0, hitCount = 106, missCount = 2]
01:05:48.506 [Test worker] DEBUG org.springframework.test.context.cache.DefaultCacheAwareContextLoaderDelegate - Retrieved ApplicationContext [1881309779] from cache with key [[MergedContextConfiguration@75ae4a1f testClass = DefaultCharacterManagerTest, locations = '{}', classes = '{class org.waldreg.character.management.DefaultCharacterManager, class org.waldreg.character.permission.management.PermissionUnitManager}', contextInitializerClasses = '[]', activeProfiles = '{}', propertySourceLocations = '{}', propertySourceProperties = '{}', contextCustomizers = set[org.springframework.boot.test.autoconfigure.actuate.metrics.MetricsExportContextCustomizerFactory$DisableMetricExportContextCustomizer@7a67e3c6, org.springframework.boot.test.autoconfigure.properties.PropertyMappingContextCustomizer@0, org.springframework.boot.test.autoconfigure.web.servlet.WebDriverContextCustomizerFactory$Customizer@1800a575, org.springframework.boot.test.context.filter.ExcludeFilterContextCustomizer@5ddf0d24, org.springframework.boot.test.json.DuplicateJsonObjectContextCustomizerFactory$DuplicateJsonObjectContextCustomizer@141e5bef, org.springframework.boot.test.mock.mockito.MockitoContextCustomizer@341775], contextLoader = 'org.springframework.test.context.support.DelegatingSmartContextLoader', parent = [null]]]
01:05:48.506 [Test worker] DEBUG org.springframework.test.context.cache - Spring test ApplicationContext cache statistics: [DefaultContextCache@bd1111a size = 2, maxSize = 32, parentContextCount = 0, hitCount = 107, missCount = 2]
01:05:48.507 [Test worker] DEBUG org.springframework.test.context.support.AbstractDirtiesContextTestExecutionListener - After test method: context [DefaultTestContext@9596ce8 testClass = DefaultCharacterManagerTest, testInstance = org.waldreg.character.management.DefaultCharacterManagerTest@642f9a77, testMethod = READ_CHARACTER_BY_USER_ID_TEST@DefaultCharacterManagerTest, testException = [null], mergedContextConfiguration = [MergedContextConfiguration@75ae4a1f testClass = DefaultCharacterManagerTest, locations = '{}', classes = '{class org.waldreg.character.management.DefaultCharacterManager, class org.waldreg.character.permission.management.PermissionUnitManager}', contextInitializerClasses = '[]', activeProfiles = '{}', propertySourceLocations = '{}', propertySourceProperties = '{}', contextCustomizers = set[org.springframework.boot.test.autoconfigure.actuate.metrics.MetricsExportContextCustomizerFactory$DisableMetricExportContextCustomizer@7a67e3c6, org.springframework.boot.test.autoconfigure.properties.PropertyMappingContextCustomizer@0, org.springframework.boot.test.autoconfigure.web.servlet.WebDriverContextCustomizerFactory$Customizer@1800a575, org.springframework.boot.test.context.filter.ExcludeFilterContextCustomizer@5ddf0d24, org.springframework.boot.test.json.DuplicateJsonObjectContextCustomizerFactory$DuplicateJsonObjectContextCustomizer@141e5bef, org.springframework.boot.test.mock.mockito.MockitoContextCustomizer@341775], contextLoader = 'org.springframework.test.context.support.DelegatingSmartContextLoader', parent = [null]], attributes = map['org.springframework.test.context.event.ApplicationEventsTestExecutionListener.recordApplicationEvents' -> false]], class annotated with @DirtiesContext [false] with mode [null], method annotated with @DirtiesContext [false] with mode [null].
01:05:48.507 [Test worker] DEBUG org.springframework.test.context.cache.DefaultCacheAwareContextLoaderDelegate - Retrieved ApplicationContext [1881309779] from cache with key [[MergedContextConfiguration@75ae4a1f testClass = DefaultCharacterManagerTest, locations = '{}', classes = '{class org.waldreg.character.management.DefaultCharacterManager, class org.waldreg.character.permission.management.PermissionUnitManager}', contextInitializerClasses = '[]', activeProfiles = '{}', propertySourceLocations = '{}', propertySourceProperties = '{}', contextCustomizers = set[org.springframework.boot.test.autoconfigure.actuate.metrics.MetricsExportContextCustomizerFactory$DisableMetricExportContextCustomizer@7a67e3c6, org.springframework.boot.test.autoconfigure.properties.PropertyMappingContextCustomizer@0, org.springframework.boot.test.autoconfigure.web.servlet.WebDriverContextCustomizerFactory$Customizer@1800a575, org.springframework.boot.test.context.filter.ExcludeFilterContextCustomizer@5ddf0d24, org.springframework.boot.test.json.DuplicateJsonObjectContextCustomizerFactory$DuplicateJsonObjectContextCustomizer@141e5bef, org.springframework.boot.test.mock.mockito.MockitoContextCustomizer@341775], contextLoader = 'org.springframework.test.context.support.DelegatingSmartContextLoader', parent = [null]]]
01:05:48.507 [Test worker] DEBUG org.springframework.test.context.cache - Spring test ApplicationContext cache statistics: [DefaultContextCache@bd1111a size = 2, maxSize = 32, parentContextCount = 0, hitCount = 108, missCount = 2]
01:05:48.508 [Test worker] DEBUG org.springframework.test.context.support.DependencyInjectionTestExecutionListener - Performing dependency injection for test context [[DefaultTestContext@9596ce8 testClass = DefaultCharacterManagerTest, testInstance = org.waldreg.character.management.DefaultCharacterManagerTest@23f3da8b, testMethod = [null], testException = [null], mergedContextConfiguration = [MergedContextConfiguration@75ae4a1f testClass = DefaultCharacterManagerTest, locations = '{}', classes = '{class org.waldreg.character.management.DefaultCharacterManager, class org.waldreg.character.permission.management.PermissionUnitManager}', contextInitializerClasses = '[]', activeProfiles = '{}', propertySourceLocations = '{}', propertySourceProperties = '{}', contextCustomizers = set[org.springframework.boot.test.autoconfigure.actuate.metrics.MetricsExportContextCustomizerFactory$DisableMetricExportContextCustomizer@7a67e3c6, org.springframework.boot.test.autoconfigure.properties.PropertyMappingContextCustomizer@0, org.springframework.boot.test.autoconfigure.web.servlet.WebDriverContextCustomizerFactory$Customizer@1800a575, org.springframework.boot.test.context.filter.ExcludeFilterContextCustomizer@5ddf0d24, org.springframework.boot.test.json.DuplicateJsonObjectContextCustomizerFactory$DuplicateJsonObjectContextCustomizer@141e5bef, org.springframework.boot.test.mock.mockito.MockitoContextCustomizer@341775], contextLoader = 'org.springframework.test.context.support.DelegatingSmartContextLoader', parent = [null]], attributes = map['org.springframework.test.context.event.ApplicationEventsTestExecutionListener.recordApplicationEvents' -> false]]].
01:05:48.508 [Test worker] DEBUG org.springframework.test.context.cache.DefaultCacheAwareContextLoaderDelegate - Retrieved ApplicationContext [1881309779] from cache with key [[MergedContextConfiguration@75ae4a1f testClass = DefaultCharacterManagerTest, locations = '{}', classes = '{class org.waldreg.character.management.DefaultCharacterManager, class org.waldreg.character.permission.management.PermissionUnitManager}', contextInitializerClasses = '[]', activeProfiles = '{}', propertySourceLocations = '{}', propertySourceProperties = '{}', contextCustomizers = set[org.springframework.boot.test.autoconfigure.actuate.metrics.MetricsExportContextCustomizerFactory$DisableMetricExportContextCustomizer@7a67e3c6, org.springframework.boot.test.autoconfigure.properties.PropertyMappingContextCustomizer@0, org.springframework.boot.test.autoconfigure.web.servlet.WebDriverContextCustomizerFactory$Customizer@1800a575, org.springframework.boot.test.context.filter.ExcludeFilterContextCustomizer@5ddf0d24, org.springframework.boot.test.json.DuplicateJsonObjectContextCustomizerFactory$DuplicateJsonObjectContextCustomizer@141e5bef, org.springframework.boot.test.mock.mockito.MockitoContextCustomizer@341775], contextLoader = 'org.springframework.test.context.support.DelegatingSmartContextLoader', parent = [null]]]
01:05:48.508 [Test worker] DEBUG org.springframework.test.context.cache - Spring test ApplicationContext cache statistics: [DefaultContextCache@bd1111a size = 2, maxSize = 32, parentContextCount = 0, hitCount = 109, missCount = 2]
01:05:48.508 [Test worker] DEBUG org.springframework.test.context.cache.DefaultCacheAwareContextLoaderDelegate - Retrieved ApplicationContext [1881309779] from cache with key [[MergedContextConfiguration@75ae4a1f testClass = DefaultCharacterManagerTest, locations = '{}', classes = '{class org.waldreg.character.management.DefaultCharacterManager, class org.waldreg.character.permission.management.PermissionUnitManager}', contextInitializerClasses = '[]', activeProfiles = '{}', propertySourceLocations = '{}', propertySourceProperties = '{}', contextCustomizers = set[org.springframework.boot.test.autoconfigure.actuate.metrics.MetricsExportContextCustomizerFactory$DisableMetricExportContextCustomizer@7a67e3c6, org.springframework.boot.test.autoconfigure.properties.PropertyMappingContextCustomizer@0, org.springframework.boot.test.autoconfigure.web.servlet.WebDriverContextCustomizerFactory$Customizer@1800a575, org.springframework.boot.test.context.filter.ExcludeFilterContextCustomizer@5ddf0d24, org.springframework.boot.test.json.DuplicateJsonObjectContextCustomizerFactory$DuplicateJsonObjectContextCustomizer@141e5bef, org.springframework.boot.test.mock.mockito.MockitoContextCustomizer@341775], contextLoader = 'org.springframework.test.context.support.DelegatingSmartContextLoader', parent = [null]]]
01:05:48.508 [Test worker] DEBUG org.springframework.test.context.cache - Spring test ApplicationContext cache statistics: [DefaultContextCache@bd1111a size = 2, maxSize = 32, parentContextCount = 0, hitCount = 110, missCount = 2]
01:05:48.509 [Test worker] DEBUG org.springframework.test.context.support.AbstractDirtiesContextTestExecutionListener - Before test method: context [DefaultTestContext@9596ce8 testClass = DefaultCharacterManagerTest, testInstance = org.waldreg.character.management.DefaultCharacterManagerTest@23f3da8b, testMethod = DELETE_CHARACTER_SUCCESS_TEST@DefaultCharacterManagerTest, testException = [null], mergedContextConfiguration = [MergedContextConfiguration@75ae4a1f testClass = DefaultCharacterManagerTest, locations = '{}', classes = '{class org.waldreg.character.management.DefaultCharacterManager, class org.waldreg.character.permission.management.PermissionUnitManager}', contextInitializerClasses = '[]', activeProfiles = '{}', propertySourceLocations = '{}', propertySourceProperties = '{}', contextCustomizers = set[org.springframework.boot.test.autoconfigure.actuate.metrics.MetricsExportContextCustomizerFactory$DisableMetricExportContextCustomizer@7a67e3c6, org.springframework.boot.test.autoconfigure.properties.PropertyMappingContextCustomizer@0, org.springframework.boot.test.autoconfigure.web.servlet.WebDriverContextCustomizerFactory$Customizer@1800a575, org.springframework.boot.test.context.filter.ExcludeFilterContextCustomizer@5ddf0d24, org.springframework.boot.test.json.DuplicateJsonObjectContextCustomizerFactory$DuplicateJsonObjectContextCustomizer@141e5bef, org.springframework.boot.test.mock.mockito.MockitoContextCustomizer@341775], contextLoader = 'org.springframework.test.context.support.DelegatingSmartContextLoader', parent = [null]], attributes = map['org.springframework.test.context.event.ApplicationEventsTestExecutionListener.recordApplicationEvents' -> false]], class annotated with @DirtiesContext [false] with mode [null], method annotated with @DirtiesContext [false] with mode [null].
01:05:48.509 [Test worker] DEBUG org.springframework.test.context.cache.DefaultCacheAwareContextLoaderDelegate - Retrieved ApplicationContext [1881309779] from cache with key [[MergedContextConfiguration@75ae4a1f testClass = DefaultCharacterManagerTest, locations = '{}', classes = '{class org.waldreg.character.management.DefaultCharacterManager, class org.waldreg.character.permission.management.PermissionUnitManager}', contextInitializerClasses = '[]', activeProfiles = '{}', propertySourceLocations = '{}', propertySourceProperties = '{}', contextCustomizers = set[org.springframework.boot.test.autoconfigure.actuate.metrics.MetricsExportContextCustomizerFactory$DisableMetricExportContextCustomizer@7a67e3c6, org.springframework.boot.test.autoconfigure.properties.PropertyMappingContextCustomizer@0, org.springframework.boot.test.autoconfigure.web.servlet.WebDriverContextCustomizerFactory$Customizer@1800a575, org.springframework.boot.test.context.filter.ExcludeFilterContextCustomizer@5ddf0d24, org.springframework.boot.test.json.DuplicateJsonObjectContextCustomizerFactory$DuplicateJsonObjectContextCustomizer@141e5bef, org.springframework.boot.test.mock.mockito.MockitoContextCustomizer@341775], contextLoader = 'org.springframework.test.context.support.DelegatingSmartContextLoader', parent = [null]]]
01:05:48.509 [Test worker] DEBUG org.springframework.test.context.cache - Spring test ApplicationContext cache statistics: [DefaultContextCache@bd1111a size = 2, maxSize = 32, parentContextCount = 0, hitCount = 111, missCount = 2]
01:05:48.521 [Test worker] DEBUG org.springframework.test.context.cache.DefaultCacheAwareContextLoaderDelegate - Retrieved ApplicationContext [1881309779] from cache with key [[MergedContextConfiguration@75ae4a1f testClass = DefaultCharacterManagerTest, locations = '{}', classes = '{class org.waldreg.character.management.DefaultCharacterManager, class org.waldreg.character.permission.management.PermissionUnitManager}', contextInitializerClasses = '[]', activeProfiles = '{}', propertySourceLocations = '{}', propertySourceProperties = '{}', contextCustomizers = set[org.springframework.boot.test.autoconfigure.actuate.metrics.MetricsExportContextCustomizerFactory$DisableMetricExportContextCustomizer@7a67e3c6, org.springframework.boot.test.autoconfigure.properties.PropertyMappingContextCustomizer@0, org.springframework.boot.test.autoconfigure.web.servlet.WebDriverContextCustomizerFactory$Customizer@1800a575, org.springframework.boot.test.context.filter.ExcludeFilterContextCustomizer@5ddf0d24, org.springframework.boot.test.json.DuplicateJsonObjectContextCustomizerFactory$DuplicateJsonObjectContextCustomizer@141e5bef, org.springframework.boot.test.mock.mockito.MockitoContextCustomizer@341775], contextLoader = 'org.springframework.test.context.support.DelegatingSmartContextLoader', parent = [null]]]
01:05:48.521 [Test worker] DEBUG org.springframework.test.context.cache - Spring test ApplicationContext cache statistics: [DefaultContextCache@bd1111a size = 2, maxSize = 32, parentContextCount = 0, hitCount = 112, missCount = 2]
01:05:48.522 [Test worker] DEBUG org.springframework.test.context.cache.DefaultCacheAwareContextLoaderDelegate - Retrieved ApplicationContext [1881309779] from cache with key [[MergedContextConfiguration@75ae4a1f testClass = DefaultCharacterManagerTest, locations = '{}', classes = '{class org.waldreg.character.management.DefaultCharacterManager, class org.waldreg.character.permission.management.PermissionUnitManager}', contextInitializerClasses = '[]', activeProfiles = '{}', propertySourceLocations = '{}', propertySourceProperties = '{}', contextCustomizers = set[org.springframework.boot.test.autoconfigure.actuate.metrics.MetricsExportContextCustomizerFactory$DisableMetricExportContextCustomizer@7a67e3c6, org.springframework.boot.test.autoconfigure.properties.PropertyMappingContextCustomizer@0, org.springframework.boot.test.autoconfigure.web.servlet.WebDriverContextCustomizerFactory$Customizer@1800a575, org.springframework.boot.test.context.filter.ExcludeFilterContextCustomizer@5ddf0d24, org.springframework.boot.test.json.DuplicateJsonObjectContextCustomizerFactory$DuplicateJsonObjectContextCustomizer@141e5bef, org.springframework.boot.test.mock.mockito.MockitoContextCustomizer@341775], contextLoader = 'org.springframework.test.context.support.DelegatingSmartContextLoader', parent = [null]]]
01:05:48.522 [Test worker] DEBUG org.springframework.test.context.cache - Spring test ApplicationContext cache statistics: [DefaultContextCache@bd1111a size = 2, maxSize = 32, parentContextCount = 0, hitCount = 113, missCount = 2]
01:05:48.522 [Test worker] DEBUG org.springframework.test.context.cache.DefaultCacheAwareContextLoaderDelegate - Retrieved ApplicationContext [1881309779] from cache with key [[MergedContextConfiguration@75ae4a1f testClass = DefaultCharacterManagerTest, locations = '{}', classes = '{class org.waldreg.character.management.DefaultCharacterManager, class org.waldreg.character.permission.management.PermissionUnitManager}', contextInitializerClasses = '[]', activeProfiles = '{}', propertySourceLocations = '{}', propertySourceProperties = '{}', contextCustomizers = set[org.springframework.boot.test.autoconfigure.actuate.metrics.MetricsExportContextCustomizerFactory$DisableMetricExportContextCustomizer@7a67e3c6, org.springframework.boot.test.autoconfigure.properties.PropertyMappingContextCustomizer@0, org.springframework.boot.test.autoconfigure.web.servlet.WebDriverContextCustomizerFactory$Customizer@1800a575, org.springframework.boot.test.context.filter.ExcludeFilterContextCustomizer@5ddf0d24, org.springframework.boot.test.json.DuplicateJsonObjectContextCustomizerFactory$DuplicateJsonObjectContextCustomizer@141e5bef, org.springframework.boot.test.mock.mockito.MockitoContextCustomizer@341775], contextLoader = 'org.springframework.test.context.support.DelegatingSmartContextLoader', parent = [null]]]
01:05:48.522 [Test worker] DEBUG org.springframework.test.context.cache - Spring test ApplicationContext cache statistics: [DefaultContextCache@bd1111a size = 2, maxSize = 32, parentContextCount = 0, hitCount = 114, missCount = 2]
01:05:48.523 [Test worker] DEBUG org.springframework.test.context.cache.DefaultCacheAwareContextLoaderDelegate - Retrieved ApplicationContext [1881309779] from cache with key [[MergedContextConfiguration@75ae4a1f testClass = DefaultCharacterManagerTest, locations = '{}', classes = '{class org.waldreg.character.management.DefaultCharacterManager, class org.waldreg.character.permission.management.PermissionUnitManager}', contextInitializerClasses = '[]', activeProfiles = '{}', propertySourceLocations = '{}', propertySourceProperties = '{}', contextCustomizers = set[org.springframework.boot.test.autoconfigure.actuate.metrics.MetricsExportContextCustomizerFactory$DisableMetricExportContextCustomizer@7a67e3c6, org.springframework.boot.test.autoconfigure.properties.PropertyMappingContextCustomizer@0, org.springframework.boot.test.autoconfigure.web.servlet.WebDriverContextCustomizerFactory$Customizer@1800a575, org.springframework.boot.test.context.filter.ExcludeFilterContextCustomizer@5ddf0d24, org.springframework.boot.test.json.DuplicateJsonObjectContextCustomizerFactory$DuplicateJsonObjectContextCustomizer@141e5bef, org.springframework.boot.test.mock.mockito.MockitoContextCustomizer@341775], contextLoader = 'org.springframework.test.context.support.DelegatingSmartContextLoader', parent = [null]]]
01:05:48.523 [Test worker] DEBUG org.springframework.test.context.cache - Spring test ApplicationContext cache statistics: [DefaultContextCache@bd1111a size = 2, maxSize = 32, parentContextCount = 0, hitCount = 115, missCount = 2]
01:05:48.532 [Test worker] DEBUG org.springframework.test.context.cache.DefaultCacheAwareContextLoaderDelegate - Retrieved ApplicationContext [1881309779] from cache with key [[MergedContextConfiguration@75ae4a1f testClass = DefaultCharacterManagerTest, locations = '{}', classes = '{class org.waldreg.character.management.DefaultCharacterManager, class org.waldreg.character.permission.management.PermissionUnitManager}', contextInitializerClasses = '[]', activeProfiles = '{}', propertySourceLocations = '{}', propertySourceProperties = '{}', contextCustomizers = set[org.springframework.boot.test.autoconfigure.actuate.metrics.MetricsExportContextCustomizerFactory$DisableMetricExportContextCustomizer@7a67e3c6, org.springframework.boot.test.autoconfigure.properties.PropertyMappingContextCustomizer@0, org.springframework.boot.test.autoconfigure.web.servlet.WebDriverContextCustomizerFactory$Customizer@1800a575, org.springframework.boot.test.context.filter.ExcludeFilterContextCustomizer@5ddf0d24, org.springframework.boot.test.json.DuplicateJsonObjectContextCustomizerFactory$DuplicateJsonObjectContextCustomizer@141e5bef, org.springframework.boot.test.mock.mockito.MockitoContextCustomizer@341775], contextLoader = 'org.springframework.test.context.support.DelegatingSmartContextLoader', parent = [null]]]
01:05:48.532 [Test worker] DEBUG org.springframework.test.context.cache - Spring test ApplicationContext cache statistics: [DefaultContextCache@bd1111a size = 2, maxSize = 32, parentContextCount = 0, hitCount = 116, missCount = 2]
01:05:48.532 [Test worker] DEBUG org.springframework.test.context.cache.DefaultCacheAwareContextLoaderDelegate - Retrieved ApplicationContext [1881309779] from cache with key [[MergedContextConfiguration@75ae4a1f testClass = DefaultCharacterManagerTest, locations = '{}', classes = '{class org.waldreg.character.management.DefaultCharacterManager, class org.waldreg.character.permission.management.PermissionUnitManager}', contextInitializerClasses = '[]', activeProfiles = '{}', propertySourceLocations = '{}', propertySourceProperties = '{}', contextCustomizers = set[org.springframework.boot.test.autoconfigure.actuate.metrics.MetricsExportContextCustomizerFactory$DisableMetricExportContextCustomizer@7a67e3c6, org.springframework.boot.test.autoconfigure.properties.PropertyMappingContextCustomizer@0, org.springframework.boot.test.autoconfigure.web.servlet.WebDriverContextCustomizerFactory$Customizer@1800a575, org.springframework.boot.test.context.filter.ExcludeFilterContextCustomizer@5ddf0d24, org.springframework.boot.test.json.DuplicateJsonObjectContextCustomizerFactory$DuplicateJsonObjectContextCustomizer@141e5bef, org.springframework.boot.test.mock.mockito.MockitoContextCustomizer@341775], contextLoader = 'org.springframework.test.context.support.DelegatingSmartContextLoader', parent = [null]]]
01:05:48.532 [Test worker] DEBUG org.springframework.test.context.cache - Spring test ApplicationContext cache statistics: [DefaultContextCache@bd1111a size = 2, maxSize = 32, parentContextCount = 0, hitCount = 117, missCount = 2]
01:05:48.532 [Test worker] DEBUG org.springframework.test.context.cache.DefaultCacheAwareContextLoaderDelegate - Retrieved ApplicationContext [1881309779] from cache with key [[MergedContextConfiguration@75ae4a1f testClass = DefaultCharacterManagerTest, locations = '{}', classes = '{class org.waldreg.character.management.DefaultCharacterManager, class org.waldreg.character.permission.management.PermissionUnitManager}', contextInitializerClasses = '[]', activeProfiles = '{}', propertySourceLocations = '{}', propertySourceProperties = '{}', contextCustomizers = set[org.springframework.boot.test.autoconfigure.actuate.metrics.MetricsExportContextCustomizerFactory$DisableMetricExportContextCustomizer@7a67e3c6, org.springframework.boot.test.autoconfigure.properties.PropertyMappingContextCustomizer@0, org.springframework.boot.test.autoconfigure.web.servlet.WebDriverContextCustomizerFactory$Customizer@1800a575, org.springframework.boot.test.context.filter.ExcludeFilterContextCustomizer@5ddf0d24, org.springframework.boot.test.json.DuplicateJsonObjectContextCustomizerFactory$DuplicateJsonObjectContextCustomizer@141e5bef, org.springframework.boot.test.mock.mockito.MockitoContextCustomizer@341775], contextLoader = 'org.springframework.test.context.support.DelegatingSmartContextLoader', parent = [null]]]
01:05:48.532 [Test worker] DEBUG org.springframework.test.context.cache - Spring test ApplicationContext cache statistics: [DefaultContextCache@bd1111a size = 2, maxSize = 32, parentContextCount = 0, hitCount = 118, missCount = 2]
01:05:48.546 [Test worker] DEBUG org.springframework.test.context.cache.DefaultCacheAwareContextLoaderDelegate - Retrieved ApplicationContext [1881309779] from cache with key [[MergedContextConfiguration@75ae4a1f testClass = DefaultCharacterManagerTest, locations = '{}', classes = '{class org.waldreg.character.management.DefaultCharacterManager, class org.waldreg.character.permission.management.PermissionUnitManager}', contextInitializerClasses = '[]', activeProfiles = '{}', propertySourceLocations = '{}', propertySourceProperties = '{}', contextCustomizers = set[org.springframework.boot.test.autoconfigure.actuate.metrics.MetricsExportContextCustomizerFactory$DisableMetricExportContextCustomizer@7a67e3c6, org.springframework.boot.test.autoconfigure.properties.PropertyMappingContextCustomizer@0, org.springframework.boot.test.autoconfigure.web.servlet.WebDriverContextCustomizerFactory$Customizer@1800a575, org.springframework.boot.test.context.filter.ExcludeFilterContextCustomizer@5ddf0d24, org.springframework.boot.test.json.DuplicateJsonObjectContextCustomizerFactory$DuplicateJsonObjectContextCustomizer@141e5bef, org.springframework.boot.test.mock.mockito.MockitoContextCustomizer@341775], contextLoader = 'org.springframework.test.context.support.DelegatingSmartContextLoader', parent = [null]]]
01:05:48.546 [Test worker] DEBUG org.springframework.test.context.cache - Spring test ApplicationContext cache statistics: [DefaultContextCache@bd1111a size = 2, maxSize = 32, parentContextCount = 0, hitCount = 119, missCount = 2]
01:05:48.546 [Test worker] DEBUG org.springframework.test.context.support.AbstractDirtiesContextTestExecutionListener - After test method: context [DefaultTestContext@9596ce8 testClass = DefaultCharacterManagerTest, testInstance = org.waldreg.character.management.DefaultCharacterManagerTest@23f3da8b, testMethod = DELETE_CHARACTER_SUCCESS_TEST@DefaultCharacterManagerTest, testException = [null], mergedContextConfiguration = [MergedContextConfiguration@75ae4a1f testClass = DefaultCharacterManagerTest, locations = '{}', classes = '{class org.waldreg.character.management.DefaultCharacterManager, class org.waldreg.character.permission.management.PermissionUnitManager}', contextInitializerClasses = '[]', activeProfiles = '{}', propertySourceLocations = '{}', propertySourceProperties = '{}', contextCustomizers = set[org.springframework.boot.test.autoconfigure.actuate.metrics.MetricsExportContextCustomizerFactory$DisableMetricExportContextCustomizer@7a67e3c6, org.springframework.boot.test.autoconfigure.properties.PropertyMappingContextCustomizer@0, org.springframework.boot.test.autoconfigure.web.servlet.WebDriverContextCustomizerFactory$Customizer@1800a575, org.springframework.boot.test.context.filter.ExcludeFilterContextCustomizer@5ddf0d24, org.springframework.boot.test.json.DuplicateJsonObjectContextCustomizerFactory$DuplicateJsonObjectContextCustomizer@141e5bef, org.springframework.boot.test.mock.mockito.MockitoContextCustomizer@341775], contextLoader = 'org.springframework.test.context.support.DelegatingSmartContextLoader', parent = [null]], attributes = map['org.springframework.test.context.event.ApplicationEventsTestExecutionListener.recordApplicationEvents' -> false]], class annotated with @DirtiesContext [false] with mode [null], method annotated with @DirtiesContext [false] with mode [null].
01:05:48.547 [Test worker] DEBUG org.springframework.test.context.cache.DefaultCacheAwareContextLoaderDelegate - Retrieved ApplicationContext [1881309779] from cache with key [[MergedContextConfiguration@75ae4a1f testClass = DefaultCharacterManagerTest, locations = '{}', classes = '{class org.waldreg.character.management.DefaultCharacterManager, class org.waldreg.character.permission.management.PermissionUnitManager}', contextInitializerClasses = '[]', activeProfiles = '{}', propertySourceLocations = '{}', propertySourceProperties = '{}', contextCustomizers = set[org.springframework.boot.test.autoconfigure.actuate.metrics.MetricsExportContextCustomizerFactory$DisableMetricExportContextCustomizer@7a67e3c6, org.springframework.boot.test.autoconfigure.properties.PropertyMappingContextCustomizer@0, org.springframework.boot.test.autoconfigure.web.servlet.WebDriverContextCustomizerFactory$Customizer@1800a575, org.springframework.boot.test.context.filter.ExcludeFilterContextCustomizer@5ddf0d24, org.springframework.boot.test.json.DuplicateJsonObjectContextCustomizerFactory$DuplicateJsonObjectContextCustomizer@141e5bef, org.springframework.boot.test.mock.mockito.MockitoContextCustomizer@341775], contextLoader = 'org.springframework.test.context.support.DelegatingSmartContextLoader', parent = [null]]]
01:05:48.547 [Test worker] DEBUG org.springframework.test.context.cache - Spring test ApplicationContext cache statistics: [DefaultContextCache@bd1111a size = 2, maxSize = 32, parentContextCount = 0, hitCount = 120, missCount = 2]
01:05:48.547 [Test worker] DEBUG org.springframework.test.context.support.DependencyInjectionTestExecutionListener - Performing dependency injection for test context [[DefaultTestContext@9596ce8 testClass = DefaultCharacterManagerTest, testInstance = org.waldreg.character.management.DefaultCharacterManagerTest@252a8aae, testMethod = [null], testException = [null], mergedContextConfiguration = [MergedContextConfiguration@75ae4a1f testClass = DefaultCharacterManagerTest, locations = '{}', classes = '{class org.waldreg.character.management.DefaultCharacterManager, class org.waldreg.character.permission.management.PermissionUnitManager}', contextInitializerClasses = '[]', activeProfiles = '{}', propertySourceLocations = '{}', propertySourceProperties = '{}', contextCustomizers = set[org.springframework.boot.test.autoconfigure.actuate.metrics.MetricsExportContextCustomizerFactory$DisableMetricExportContextCustomizer@7a67e3c6, org.springframework.boot.test.autoconfigure.properties.PropertyMappingContextCustomizer@0, org.springframework.boot.test.autoconfigure.web.servlet.WebDriverContextCustomizerFactory$Customizer@1800a575, org.springframework.boot.test.context.filter.ExcludeFilterContextCustomizer@5ddf0d24, org.springframework.boot.test.json.DuplicateJsonObjectContextCustomizerFactory$DuplicateJsonObjectContextCustomizer@141e5bef, org.springframework.boot.test.mock.mockito.MockitoContextCustomizer@341775], contextLoader = 'org.springframework.test.context.support.DelegatingSmartContextLoader', parent = [null]], attributes = map['org.springframework.test.context.event.ApplicationEventsTestExecutionListener.recordApplicationEvents' -> false]]].
01:05:48.547 [Test worker] DEBUG org.springframework.test.context.cache.DefaultCacheAwareContextLoaderDelegate - Retrieved ApplicationContext [1881309779] from cache with key [[MergedContextConfiguration@75ae4a1f testClass = DefaultCharacterManagerTest, locations = '{}', classes = '{class org.waldreg.character.management.DefaultCharacterManager, class org.waldreg.character.permission.management.PermissionUnitManager}', contextInitializerClasses = '[]', activeProfiles = '{}', propertySourceLocations = '{}', propertySourceProperties = '{}', contextCustomizers = set[org.springframework.boot.test.autoconfigure.actuate.metrics.MetricsExportContextCustomizerFactory$DisableMetricExportContextCustomizer@7a67e3c6, org.springframework.boot.test.autoconfigure.properties.PropertyMappingContextCustomizer@0, org.springframework.boot.test.autoconfigure.web.servlet.WebDriverContextCustomizerFactory$Customizer@1800a575, org.springframework.boot.test.context.filter.ExcludeFilterContextCustomizer@5ddf0d24, org.springframework.boot.test.json.DuplicateJsonObjectContextCustomizerFactory$DuplicateJsonObjectContextCustomizer@141e5bef, org.springframework.boot.test.mock.mockito.MockitoContextCustomizer@341775], contextLoader = 'org.springframework.test.context.support.DelegatingSmartContextLoader', parent = [null]]]
01:05:48.547 [Test worker] DEBUG org.springframework.test.context.cache - Spring test ApplicationContext cache statistics: [DefaultContextCache@bd1111a size = 2, maxSize = 32, parentContextCount = 0, hitCount = 121, missCount = 2]
01:05:48.547 [Test worker] DEBUG org.springframework.test.context.cache.DefaultCacheAwareContextLoaderDelegate - Retrieved ApplicationContext [1881309779] from cache with key [[MergedContextConfiguration@75ae4a1f testClass = DefaultCharacterManagerTest, locations = '{}', classes = '{class org.waldreg.character.management.DefaultCharacterManager, class org.waldreg.character.permission.management.PermissionUnitManager}', contextInitializerClasses = '[]', activeProfiles = '{}', propertySourceLocations = '{}', propertySourceProperties = '{}', contextCustomizers = set[org.springframework.boot.test.autoconfigure.actuate.metrics.MetricsExportContextCustomizerFactory$DisableMetricExportContextCustomizer@7a67e3c6, org.springframework.boot.test.autoconfigure.properties.PropertyMappingContextCustomizer@0, org.springframework.boot.test.autoconfigure.web.servlet.WebDriverContextCustomizerFactory$Customizer@1800a575, org.springframework.boot.test.context.filter.ExcludeFilterContextCustomizer@5ddf0d24, org.springframework.boot.test.json.DuplicateJsonObjectContextCustomizerFactory$DuplicateJsonObjectContextCustomizer@141e5bef, org.springframework.boot.test.mock.mockito.MockitoContextCustomizer@341775], contextLoader = 'org.springframework.test.context.support.DelegatingSmartContextLoader', parent = [null]]]
01:05:48.547 [Test worker] DEBUG org.springframework.test.context.cache - Spring test ApplicationContext cache statistics: [DefaultContextCache@bd1111a size = 2, maxSize = 32, parentContextCount = 0, hitCount = 122, missCount = 2]
01:05:48.548 [Test worker] DEBUG org.springframework.test.context.support.AbstractDirtiesContextTestExecutionListener - Before test method: context [DefaultTestContext@9596ce8 testClass = DefaultCharacterManagerTest, testInstance = org.waldreg.character.management.DefaultCharacterManagerTest@252a8aae, testMethod = UPDATE_CHARACTER_FAIL_UNKNOWN_PERMISSION_STATUS_TEST@DefaultCharacterManagerTest, testException = [null], mergedContextConfiguration = [MergedContextConfiguration@75ae4a1f testClass = DefaultCharacterManagerTest, locations = '{}', classes = '{class org.waldreg.character.management.DefaultCharacterManager, class org.waldreg.character.permission.management.PermissionUnitManager}', contextInitializerClasses = '[]', activeProfiles = '{}', propertySourceLocations = '{}', propertySourceProperties = '{}', contextCustomizers = set[org.springframework.boot.test.autoconfigure.actuate.metrics.MetricsExportContextCustomizerFactory$DisableMetricExportContextCustomizer@7a67e3c6, org.springframework.boot.test.autoconfigure.properties.PropertyMappingContextCustomizer@0, org.springframework.boot.test.autoconfigure.web.servlet.WebDriverContextCustomizerFactory$Customizer@1800a575, org.springframework.boot.test.context.filter.ExcludeFilterContextCustomizer@5ddf0d24, org.springframework.boot.test.json.DuplicateJsonObjectContextCustomizerFactory$DuplicateJsonObjectContextCustomizer@141e5bef, org.springframework.boot.test.mock.mockito.MockitoContextCustomizer@341775], contextLoader = 'org.springframework.test.context.support.DelegatingSmartContextLoader', parent = [null]], attributes = map['org.springframework.test.context.event.ApplicationEventsTestExecutionListener.recordApplicationEvents' -> false]], class annotated with @DirtiesContext [false] with mode [null], method annotated with @DirtiesContext [false] with mode [null].
01:05:48.548 [Test worker] DEBUG org.springframework.test.context.cache.DefaultCacheAwareContextLoaderDelegate - Retrieved ApplicationContext [1881309779] from cache with key [[MergedContextConfiguration@75ae4a1f testClass = DefaultCharacterManagerTest, locations = '{}', classes = '{class org.waldreg.character.management.DefaultCharacterManager, class org.waldreg.character.permission.management.PermissionUnitManager}', contextInitializerClasses = '[]', activeProfiles = '{}', propertySourceLocations = '{}', propertySourceProperties = '{}', contextCustomizers = set[org.springframework.boot.test.autoconfigure.actuate.metrics.MetricsExportContextCustomizerFactory$DisableMetricExportContextCustomizer@7a67e3c6, org.springframework.boot.test.autoconfigure.properties.PropertyMappingContextCustomizer@0, org.springframework.boot.test.autoconfigure.web.servlet.WebDriverContextCustomizerFactory$Customizer@1800a575, org.springframework.boot.test.context.filter.ExcludeFilterContextCustomizer@5ddf0d24, org.springframework.boot.test.json.DuplicateJsonObjectContextCustomizerFactory$DuplicateJsonObjectContextCustomizer@141e5bef, org.springframework.boot.test.mock.mockito.MockitoContextCustomizer@341775], contextLoader = 'org.springframework.test.context.support.DelegatingSmartContextLoader', parent = [null]]]
01:05:48.548 [Test worker] DEBUG org.springframework.test.context.cache - Spring test ApplicationContext cache statistics: [DefaultContextCache@bd1111a size = 2, maxSize = 32, parentContextCount = 0, hitCount = 123, missCount = 2]
01:05:48.557 [Test worker] DEBUG org.springframework.test.context.cache.DefaultCacheAwareContextLoaderDelegate - Retrieved ApplicationContext [1881309779] from cache with key [[MergedContextConfiguration@75ae4a1f testClass = DefaultCharacterManagerTest, locations = '{}', classes = '{class org.waldreg.character.management.DefaultCharacterManager, class org.waldreg.character.permission.management.PermissionUnitManager}', contextInitializerClasses = '[]', activeProfiles = '{}', propertySourceLocations = '{}', propertySourceProperties = '{}', contextCustomizers = set[org.springframework.boot.test.autoconfigure.actuate.metrics.MetricsExportContextCustomizerFactory$DisableMetricExportContextCustomizer@7a67e3c6, org.springframework.boot.test.autoconfigure.properties.PropertyMappingContextCustomizer@0, org.springframework.boot.test.autoconfigure.web.servlet.WebDriverContextCustomizerFactory$Customizer@1800a575, org.springframework.boot.test.context.filter.ExcludeFilterContextCustomizer@5ddf0d24, org.springframework.boot.test.json.DuplicateJsonObjectContextCustomizerFactory$DuplicateJsonObjectContextCustomizer@141e5bef, org.springframework.boot.test.mock.mockito.MockitoContextCustomizer@341775], contextLoader = 'org.springframework.test.context.support.DelegatingSmartContextLoader', parent = [null]]]
01:05:48.557 [Test worker] DEBUG org.springframework.test.context.cache - Spring test ApplicationContext cache statistics: [DefaultContextCache@bd1111a size = 2, maxSize = 32, parentContextCount = 0, hitCount = 124, missCount = 2]
01:05:48.557 [Test worker] DEBUG org.springframework.test.context.cache.DefaultCacheAwareContextLoaderDelegate - Retrieved ApplicationContext [1881309779] from cache with key [[MergedContextConfiguration@75ae4a1f testClass = DefaultCharacterManagerTest, locations = '{}', classes = '{class org.waldreg.character.management.DefaultCharacterManager, class org.waldreg.character.permission.management.PermissionUnitManager}', contextInitializerClasses = '[]', activeProfiles = '{}', propertySourceLocations = '{}', propertySourceProperties = '{}', contextCustomizers = set[org.springframework.boot.test.autoconfigure.actuate.metrics.MetricsExportContextCustomizerFactory$DisableMetricExportContextCustomizer@7a67e3c6, org.springframework.boot.test.autoconfigure.properties.PropertyMappingContextCustomizer@0, org.springframework.boot.test.autoconfigure.web.servlet.WebDriverContextCustomizerFactory$Customizer@1800a575, org.springframework.boot.test.context.filter.ExcludeFilterContextCustomizer@5ddf0d24, org.springframework.boot.test.json.DuplicateJsonObjectContextCustomizerFactory$DuplicateJsonObjectContextCustomizer@141e5bef, org.springframework.boot.test.mock.mockito.MockitoContextCustomizer@341775], contextLoader = 'org.springframework.test.context.support.DelegatingSmartContextLoader', parent = [null]]]
01:05:48.557 [Test worker] DEBUG org.springframework.test.context.cache - Spring test ApplicationContext cache statistics: [DefaultContextCache@bd1111a size = 2, maxSize = 32, parentContextCount = 0, hitCount = 125, missCount = 2]
01:05:48.558 [Test worker] DEBUG org.springframework.test.context.cache.DefaultCacheAwareContextLoaderDelegate - Retrieved ApplicationContext [1881309779] from cache with key [[MergedContextConfiguration@75ae4a1f testClass = DefaultCharacterManagerTest, locations = '{}', classes = '{class org.waldreg.character.management.DefaultCharacterManager, class org.waldreg.character.permission.management.PermissionUnitManager}', contextInitializerClasses = '[]', activeProfiles = '{}', propertySourceLocations = '{}', propertySourceProperties = '{}', contextCustomizers = set[org.springframework.boot.test.autoconfigure.actuate.metrics.MetricsExportContextCustomizerFactory$DisableMetricExportContextCustomizer@7a67e3c6, org.springframework.boot.test.autoconfigure.properties.PropertyMappingContextCustomizer@0, org.springframework.boot.test.autoconfigure.web.servlet.WebDriverContextCustomizerFactory$Customizer@1800a575, org.springframework.boot.test.context.filter.ExcludeFilterContextCustomizer@5ddf0d24, org.springframework.boot.test.json.DuplicateJsonObjectContextCustomizerFactory$DuplicateJsonObjectContextCustomizer@141e5bef, org.springframework.boot.test.mock.mockito.MockitoContextCustomizer@341775], contextLoader = 'org.springframework.test.context.support.DelegatingSmartContextLoader', parent = [null]]]
01:05:48.558 [Test worker] DEBUG org.springframework.test.context.cache - Spring test ApplicationContext cache statistics: [DefaultContextCache@bd1111a size = 2, maxSize = 32, parentContextCount = 0, hitCount = 126, missCount = 2]
01:05:48.559 [Test worker] DEBUG org.springframework.test.context.cache.DefaultCacheAwareContextLoaderDelegate - Retrieved ApplicationContext [1881309779] from cache with key [[MergedContextConfiguration@75ae4a1f testClass = DefaultCharacterManagerTest, locations = '{}', classes = '{class org.waldreg.character.management.DefaultCharacterManager, class org.waldreg.character.permission.management.PermissionUnitManager}', contextInitializerClasses = '[]', activeProfiles = '{}', propertySourceLocations = '{}', propertySourceProperties = '{}', contextCustomizers = set[org.springframework.boot.test.autoconfigure.actuate.metrics.MetricsExportContextCustomizerFactory$DisableMetricExportContextCustomizer@7a67e3c6, org.springframework.boot.test.autoconfigure.properties.PropertyMappingContextCustomizer@0, org.springframework.boot.test.autoconfigure.web.servlet.WebDriverContextCustomizerFactory$Customizer@1800a575, org.springframework.boot.test.context.filter.ExcludeFilterContextCustomizer@5ddf0d24, org.springframework.boot.test.json.DuplicateJsonObjectContextCustomizerFactory$DuplicateJsonObjectContextCustomizer@141e5bef, org.springframework.boot.test.mock.mockito.MockitoContextCustomizer@341775], contextLoader = 'org.springframework.test.context.support.DelegatingSmartContextLoader', parent = [null]]]
01:05:48.559 [Test worker] DEBUG org.springframework.test.context.cache - Spring test ApplicationContext cache statistics: [DefaultContextCache@bd1111a size = 2, maxSize = 32, parentContextCount = 0, hitCount = 127, missCount = 2]
01:05:48.569 [Test worker] DEBUG org.springframework.test.context.cache.DefaultCacheAwareContextLoaderDelegate - Retrieved ApplicationContext [1881309779] from cache with key [[MergedContextConfiguration@75ae4a1f testClass = DefaultCharacterManagerTest, locations = '{}', classes = '{class org.waldreg.character.management.DefaultCharacterManager, class org.waldreg.character.permission.management.PermissionUnitManager}', contextInitializerClasses = '[]', activeProfiles = '{}', propertySourceLocations = '{}', propertySourceProperties = '{}', contextCustomizers = set[org.springframework.boot.test.autoconfigure.actuate.metrics.MetricsExportContextCustomizerFactory$DisableMetricExportContextCustomizer@7a67e3c6, org.springframework.boot.test.autoconfigure.properties.PropertyMappingContextCustomizer@0, org.springframework.boot.test.autoconfigure.web.servlet.WebDriverContextCustomizerFactory$Customizer@1800a575, org.springframework.boot.test.context.filter.ExcludeFilterContextCustomizer@5ddf0d24, org.springframework.boot.test.json.DuplicateJsonObjectContextCustomizerFactory$DuplicateJsonObjectContextCustomizer@141e5bef, org.springframework.boot.test.mock.mockito.MockitoContextCustomizer@341775], contextLoader = 'org.springframework.test.context.support.DelegatingSmartContextLoader', parent = [null]]]
01:05:48.569 [Test worker] DEBUG org.springframework.test.context.cache - Spring test ApplicationContext cache statistics: [DefaultContextCache@bd1111a size = 2, maxSize = 32, parentContextCount = 0, hitCount = 128, missCount = 2]
01:05:48.569 [Test worker] DEBUG org.springframework.test.context.cache.DefaultCacheAwareContextLoaderDelegate - Retrieved ApplicationContext [1881309779] from cache with key [[MergedContextConfiguration@75ae4a1f testClass = DefaultCharacterManagerTest, locations = '{}', classes = '{class org.waldreg.character.management.DefaultCharacterManager, class org.waldreg.character.permission.management.PermissionUnitManager}', contextInitializerClasses = '[]', activeProfiles = '{}', propertySourceLocations = '{}', propertySourceProperties = '{}', contextCustomizers = set[org.springframework.boot.test.autoconfigure.actuate.metrics.MetricsExportContextCustomizerFactory$DisableMetricExportContextCustomizer@7a67e3c6, org.springframework.boot.test.autoconfigure.properties.PropertyMappingContextCustomizer@0, org.springframework.boot.test.autoconfigure.web.servlet.WebDriverContextCustomizerFactory$Customizer@1800a575, org.springframework.boot.test.context.filter.ExcludeFilterContextCustomizer@5ddf0d24, org.springframework.boot.test.json.DuplicateJsonObjectContextCustomizerFactory$DuplicateJsonObjectContextCustomizer@141e5bef, org.springframework.boot.test.mock.mockito.MockitoContextCustomizer@341775], contextLoader = 'org.springframework.test.context.support.DelegatingSmartContextLoader', parent = [null]]]
01:05:48.569 [Test worker] DEBUG org.springframework.test.context.cache - Spring test ApplicationContext cache statistics: [DefaultContextCache@bd1111a size = 2, maxSize = 32, parentContextCount = 0, hitCount = 129, missCount = 2]
01:05:48.569 [Test worker] DEBUG org.springframework.test.context.cache.DefaultCacheAwareContextLoaderDelegate - Retrieved ApplicationContext [1881309779] from cache with key [[MergedContextConfiguration@75ae4a1f testClass = DefaultCharacterManagerTest, locations = '{}', classes = '{class org.waldreg.character.management.DefaultCharacterManager, class org.waldreg.character.permission.management.PermissionUnitManager}', contextInitializerClasses = '[]', activeProfiles = '{}', propertySourceLocations = '{}', propertySourceProperties = '{}', contextCustomizers = set[org.springframework.boot.test.autoconfigure.actuate.metrics.MetricsExportContextCustomizerFactory$DisableMetricExportContextCustomizer@7a67e3c6, org.springframework.boot.test.autoconfigure.properties.PropertyMappingContextCustomizer@0, org.springframework.boot.test.autoconfigure.web.servlet.WebDriverContextCustomizerFactory$Customizer@1800a575, org.springframework.boot.test.context.filter.ExcludeFilterContextCustomizer@5ddf0d24, org.springframework.boot.test.json.DuplicateJsonObjectContextCustomizerFactory$DuplicateJsonObjectContextCustomizer@141e5bef, org.springframework.boot.test.mock.mockito.MockitoContextCustomizer@341775], contextLoader = 'org.springframework.test.context.support.DelegatingSmartContextLoader', parent = [null]]]
01:05:48.569 [Test worker] DEBUG org.springframework.test.context.cache - Spring test ApplicationContext cache statistics: [DefaultContextCache@bd1111a size = 2, maxSize = 32, parentContextCount = 0, hitCount = 130, missCount = 2]
01:05:48.580 [Test worker] DEBUG org.springframework.test.context.cache.DefaultCacheAwareContextLoaderDelegate - Retrieved ApplicationContext [1881309779] from cache with key [[MergedContextConfiguration@75ae4a1f testClass = DefaultCharacterManagerTest, locations = '{}', classes = '{class org.waldreg.character.management.DefaultCharacterManager, class org.waldreg.character.permission.management.PermissionUnitManager}', contextInitializerClasses = '[]', activeProfiles = '{}', propertySourceLocations = '{}', propertySourceProperties = '{}', contextCustomizers = set[org.springframework.boot.test.autoconfigure.actuate.metrics.MetricsExportContextCustomizerFactory$DisableMetricExportContextCustomizer@7a67e3c6, org.springframework.boot.test.autoconfigure.properties.PropertyMappingContextCustomizer@0, org.springframework.boot.test.autoconfigure.web.servlet.WebDriverContextCustomizerFactory$Customizer@1800a575, org.springframework.boot.test.context.filter.ExcludeFilterContextCustomizer@5ddf0d24, org.springframework.boot.test.json.DuplicateJsonObjectContextCustomizerFactory$DuplicateJsonObjectContextCustomizer@141e5bef, org.springframework.boot.test.mock.mockito.MockitoContextCustomizer@341775], contextLoader = 'org.springframework.test.context.support.DelegatingSmartContextLoader', parent = [null]]]
01:05:48.580 [Test worker] DEBUG org.springframework.test.context.cache - Spring test ApplicationContext cache statistics: [DefaultContextCache@bd1111a size = 2, maxSize = 32, parentContextCount = 0, hitCount = 131, missCount = 2]
01:05:48.580 [Test worker] DEBUG org.springframework.test.context.support.AbstractDirtiesContextTestExecutionListener - After test method: context [DefaultTestContext@9596ce8 testClass = DefaultCharacterManagerTest, testInstance = org.waldreg.character.management.DefaultCharacterManagerTest@252a8aae, testMethod = UPDATE_CHARACTER_FAIL_UNKNOWN_PERMISSION_STATUS_TEST@DefaultCharacterManagerTest, testException = [null], mergedContextConfiguration = [MergedContextConfiguration@75ae4a1f testClass = DefaultCharacterManagerTest, locations = '{}', classes = '{class org.waldreg.character.management.DefaultCharacterManager, class org.waldreg.character.permission.management.PermissionUnitManager}', contextInitializerClasses = '[]', activeProfiles = '{}', propertySourceLocations = '{}', propertySourceProperties = '{}', contextCustomizers = set[org.springframework.boot.test.autoconfigure.actuate.metrics.MetricsExportContextCustomizerFactory$DisableMetricExportContextCustomizer@7a67e3c6, org.springframework.boot.test.autoconfigure.properties.PropertyMappingContextCustomizer@0, org.springframework.boot.test.autoconfigure.web.servlet.WebDriverContextCustomizerFactory$Customizer@1800a575, org.springframework.boot.test.context.filter.ExcludeFilterContextCustomizer@5ddf0d24, org.springframework.boot.test.json.DuplicateJsonObjectContextCustomizerFactory$DuplicateJsonObjectContextCustomizer@141e5bef, org.springframework.boot.test.mock.mockito.MockitoContextCustomizer@341775], contextLoader = 'org.springframework.test.context.support.DelegatingSmartContextLoader', parent = [null]], attributes = map['org.springframework.test.context.event.ApplicationEventsTestExecutionListener.recordApplicationEvents' -> false]], class annotated with @DirtiesContext [false] with mode [null], method annotated with @DirtiesContext [false] with mode [null].
01:05:48.581 [Test worker] DEBUG org.springframework.test.context.cache.DefaultCacheAwareContextLoaderDelegate - Retrieved ApplicationContext [1881309779] from cache with key [[MergedContextConfiguration@75ae4a1f testClass = DefaultCharacterManagerTest, locations = '{}', classes = '{class org.waldreg.character.management.DefaultCharacterManager, class org.waldreg.character.permission.management.PermissionUnitManager}', contextInitializerClasses = '[]', activeProfiles = '{}', propertySourceLocations = '{}', propertySourceProperties = '{}', contextCustomizers = set[org.springframework.boot.test.autoconfigure.actuate.metrics.MetricsExportContextCustomizerFactory$DisableMetricExportContextCustomizer@7a67e3c6, org.springframework.boot.test.autoconfigure.properties.PropertyMappingContextCustomizer@0, org.springframework.boot.test.autoconfigure.web.servlet.WebDriverContextCustomizerFactory$Customizer@1800a575, org.springframework.boot.test.context.filter.ExcludeFilterContextCustomizer@5ddf0d24, org.springframework.boot.test.json.DuplicateJsonObjectContextCustomizerFactory$DuplicateJsonObjectContextCustomizer@141e5bef, org.springframework.boot.test.mock.mockito.MockitoContextCustomizer@341775], contextLoader = 'org.springframework.test.context.support.DelegatingSmartContextLoader', parent = [null]]]
01:05:48.581 [Test worker] DEBUG org.springframework.test.context.cache - Spring test ApplicationContext cache statistics: [DefaultContextCache@bd1111a size = 2, maxSize = 32, parentContextCount = 0, hitCount = 132, missCount = 2]
01:05:48.581 [Test worker] DEBUG org.springframework.test.context.support.DependencyInjectionTestExecutionListener - Performing dependency injection for test context [[DefaultTestContext@9596ce8 testClass = DefaultCharacterManagerTest, testInstance = org.waldreg.character.management.DefaultCharacterManagerTest@54e2fe, testMethod = [null], testException = [null], mergedContextConfiguration = [MergedContextConfiguration@75ae4a1f testClass = DefaultCharacterManagerTest, locations = '{}', classes = '{class org.waldreg.character.management.DefaultCharacterManager, class org.waldreg.character.permission.management.PermissionUnitManager}', contextInitializerClasses = '[]', activeProfiles = '{}', propertySourceLocations = '{}', propertySourceProperties = '{}', contextCustomizers = set[org.springframework.boot.test.autoconfigure.actuate.metrics.MetricsExportContextCustomizerFactory$DisableMetricExportContextCustomizer@7a67e3c6, org.springframework.boot.test.autoconfigure.properties.PropertyMappingContextCustomizer@0, org.springframework.boot.test.autoconfigure.web.servlet.WebDriverContextCustomizerFactory$Customizer@1800a575, org.springframework.boot.test.context.filter.ExcludeFilterContextCustomizer@5ddf0d24, org.springframework.boot.test.json.DuplicateJsonObjectContextCustomizerFactory$DuplicateJsonObjectContextCustomizer@141e5bef, org.springframework.boot.test.mock.mockito.MockitoContextCustomizer@341775], contextLoader = 'org.springframework.test.context.support.DelegatingSmartContextLoader', parent = [null]], attributes = map['org.springframework.test.context.event.ApplicationEventsTestExecutionListener.recordApplicationEvents' -> false]]].
01:05:48.582 [Test worker] DEBUG org.springframework.test.context.cache.DefaultCacheAwareContextLoaderDelegate - Retrieved ApplicationContext [1881309779] from cache with key [[MergedContextConfiguration@75ae4a1f testClass = DefaultCharacterManagerTest, locations = '{}', classes = '{class org.waldreg.character.management.DefaultCharacterManager, class org.waldreg.character.permission.management.PermissionUnitManager}', contextInitializerClasses = '[]', activeProfiles = '{}', propertySourceLocations = '{}', propertySourceProperties = '{}', contextCustomizers = set[org.springframework.boot.test.autoconfigure.actuate.metrics.MetricsExportContextCustomizerFactory$DisableMetricExportContextCustomizer@7a67e3c6, org.springframework.boot.test.autoconfigure.properties.PropertyMappingContextCustomizer@0, org.springframework.boot.test.autoconfigure.web.servlet.WebDriverContextCustomizerFactory$Customizer@1800a575, org.springframework.boot.test.context.filter.ExcludeFilterContextCustomizer@5ddf0d24, org.springframework.boot.test.json.DuplicateJsonObjectContextCustomizerFactory$DuplicateJsonObjectContextCustomizer@141e5bef, org.springframework.boot.test.mock.mockito.MockitoContextCustomizer@341775], contextLoader = 'org.springframework.test.context.support.DelegatingSmartContextLoader', parent = [null]]]
01:05:48.582 [Test worker] DEBUG org.springframework.test.context.cache - Spring test ApplicationContext cache statistics: [DefaultContextCache@bd1111a size = 2, maxSize = 32, parentContextCount = 0, hitCount = 133, missCount = 2]
01:05:48.582 [Test worker] DEBUG org.springframework.test.context.cache.DefaultCacheAwareContextLoaderDelegate - Retrieved ApplicationContext [1881309779] from cache with key [[MergedContextConfiguration@75ae4a1f testClass = DefaultCharacterManagerTest, locations = '{}', classes = '{class org.waldreg.character.management.DefaultCharacterManager, class org.waldreg.character.permission.management.PermissionUnitManager}', contextInitializerClasses = '[]', activeProfiles = '{}', propertySourceLocations = '{}', propertySourceProperties = '{}', contextCustomizers = set[org.springframework.boot.test.autoconfigure.actuate.metrics.MetricsExportContextCustomizerFactory$DisableMetricExportContextCustomizer@7a67e3c6, org.springframework.boot.test.autoconfigure.properties.PropertyMappingContextCustomizer@0, org.springframework.boot.test.autoconfigure.web.servlet.WebDriverContextCustomizerFactory$Customizer@1800a575, org.springframework.boot.test.context.filter.ExcludeFilterContextCustomizer@5ddf0d24, org.springframework.boot.test.json.DuplicateJsonObjectContextCustomizerFactory$DuplicateJsonObjectContextCustomizer@141e5bef, org.springframework.boot.test.mock.mockito.MockitoContextCustomizer@341775], contextLoader = 'org.springframework.test.context.support.DelegatingSmartContextLoader', parent = [null]]]
01:05:48.582 [Test worker] DEBUG org.springframework.test.context.cache - Spring test ApplicationContext cache statistics: [DefaultContextCache@bd1111a size = 2, maxSize = 32, parentContextCount = 0, hitCount = 134, missCount = 2]
01:05:48.583 [Test worker] DEBUG org.springframework.test.context.support.AbstractDirtiesContextTestExecutionListener - Before test method: context [DefaultTestContext@9596ce8 testClass = DefaultCharacterManagerTest, testInstance = org.waldreg.character.management.DefaultCharacterManagerTest@54e2fe, testMethod = CREATE_NEW_CHARACTER_FAIL_DOES_NOT_FIND_PERMISSION_TEST@DefaultCharacterManagerTest, testException = [null], mergedContextConfiguration = [MergedContextConfiguration@75ae4a1f testClass = DefaultCharacterManagerTest, locations = '{}', classes = '{class org.waldreg.character.management.DefaultCharacterManager, class org.waldreg.character.permission.management.PermissionUnitManager}', contextInitializerClasses = '[]', activeProfiles = '{}', propertySourceLocations = '{}', propertySourceProperties = '{}', contextCustomizers = set[org.springframework.boot.test.autoconfigure.actuate.metrics.MetricsExportContextCustomizerFactory$DisableMetricExportContextCustomizer@7a67e3c6, org.springframework.boot.test.autoconfigure.properties.PropertyMappingContextCustomizer@0, org.springframework.boot.test.autoconfigure.web.servlet.WebDriverContextCustomizerFactory$Customizer@1800a575, org.springframework.boot.test.context.filter.ExcludeFilterContextCustomizer@5ddf0d24, org.springframework.boot.test.json.DuplicateJsonObjectContextCustomizerFactory$DuplicateJsonObjectContextCustomizer@141e5bef, org.springframework.boot.test.mock.mockito.MockitoContextCustomizer@341775], contextLoader = 'org.springframework.test.context.support.DelegatingSmartContextLoader', parent = [null]], attributes = map['org.springframework.test.context.event.ApplicationEventsTestExecutionListener.recordApplicationEvents' -> false]], class annotated with @DirtiesContext [false] with mode [null], method annotated with @DirtiesContext [false] with mode [null].
01:05:48.583 [Test worker] DEBUG org.springframework.test.context.cache.DefaultCacheAwareContextLoaderDelegate - Retrieved ApplicationContext [1881309779] from cache with key [[MergedContextConfiguration@75ae4a1f testClass = DefaultCharacterManagerTest, locations = '{}', classes = '{class org.waldreg.character.management.DefaultCharacterManager, class org.waldreg.character.permission.management.PermissionUnitManager}', contextInitializerClasses = '[]', activeProfiles = '{}', propertySourceLocations = '{}', propertySourceProperties = '{}', contextCustomizers = set[org.springframework.boot.test.autoconfigure.actuate.metrics.MetricsExportContextCustomizerFactory$DisableMetricExportContextCustomizer@7a67e3c6, org.springframework.boot.test.autoconfigure.properties.PropertyMappingContextCustomizer@0, org.springframework.boot.test.autoconfigure.web.servlet.WebDriverContextCustomizerFactory$Customizer@1800a575, org.springframework.boot.test.context.filter.ExcludeFilterContextCustomizer@5ddf0d24, org.springframework.boot.test.json.DuplicateJsonObjectContextCustomizerFactory$DuplicateJsonObjectContextCustomizer@141e5bef, org.springframework.boot.test.mock.mockito.MockitoContextCustomizer@341775], contextLoader = 'org.springframework.test.context.support.DelegatingSmartContextLoader', parent = [null]]]
01:05:48.583 [Test worker] DEBUG org.springframework.test.context.cache - Spring test ApplicationContext cache statistics: [DefaultContextCache@bd1111a size = 2, maxSize = 32, parentContextCount = 0, hitCount = 135, missCount = 2]
01:05:48.593 [Test worker] DEBUG org.springframework.test.context.cache.DefaultCacheAwareContextLoaderDelegate - Retrieved ApplicationContext [1881309779] from cache with key [[MergedContextConfiguration@75ae4a1f testClass = DefaultCharacterManagerTest, locations = '{}', classes = '{class org.waldreg.character.management.DefaultCharacterManager, class org.waldreg.character.permission.management.PermissionUnitManager}', contextInitializerClasses = '[]', activeProfiles = '{}', propertySourceLocations = '{}', propertySourceProperties = '{}', contextCustomizers = set[org.springframework.boot.test.autoconfigure.actuate.metrics.MetricsExportContextCustomizerFactory$DisableMetricExportContextCustomizer@7a67e3c6, org.springframework.boot.test.autoconfigure.properties.PropertyMappingContextCustomizer@0, org.springframework.boot.test.autoconfigure.web.servlet.WebDriverContextCustomizerFactory$Customizer@1800a575, org.springframework.boot.test.context.filter.ExcludeFilterContextCustomizer@5ddf0d24, org.springframework.boot.test.json.DuplicateJsonObjectContextCustomizerFactory$DuplicateJsonObjectContextCustomizer@141e5bef, org.springframework.boot.test.mock.mockito.MockitoContextCustomizer@341775], contextLoader = 'org.springframework.test.context.support.DelegatingSmartContextLoader', parent = [null]]]
01:05:48.593 [Test worker] DEBUG org.springframework.test.context.cache - Spring test ApplicationContext cache statistics: [DefaultContextCache@bd1111a size = 2, maxSize = 32, parentContextCount = 0, hitCount = 136, missCount = 2]
01:05:48.594 [Test worker] DEBUG org.springframework.test.context.cache.DefaultCacheAwareContextLoaderDelegate - Retrieved ApplicationContext [1881309779] from cache with key [[MergedContextConfiguration@75ae4a1f testClass = DefaultCharacterManagerTest, locations = '{}', classes = '{class org.waldreg.character.management.DefaultCharacterManager, class org.waldreg.character.permission.management.PermissionUnitManager}', contextInitializerClasses = '[]', activeProfiles = '{}', propertySourceLocations = '{}', propertySourceProperties = '{}', contextCustomizers = set[org.springframework.boot.test.autoconfigure.actuate.metrics.MetricsExportContextCustomizerFactory$DisableMetricExportContextCustomizer@7a67e3c6, org.springframework.boot.test.autoconfigure.properties.PropertyMappingContextCustomizer@0, org.springframework.boot.test.autoconfigure.web.servlet.WebDriverContextCustomizerFactory$Customizer@1800a575, org.springframework.boot.test.context.filter.ExcludeFilterContextCustomizer@5ddf0d24, org.springframework.boot.test.json.DuplicateJsonObjectContextCustomizerFactory$DuplicateJsonObjectContextCustomizer@141e5bef, org.springframework.boot.test.mock.mockito.MockitoContextCustomizer@341775], contextLoader = 'org.springframework.test.context.support.DelegatingSmartContextLoader', parent = [null]]]
01:05:48.594 [Test worker] DEBUG org.springframework.test.context.cache - Spring test ApplicationContext cache statistics: [DefaultContextCache@bd1111a size = 2, maxSize = 32, parentContextCount = 0, hitCount = 137, missCount = 2]
01:05:48.594 [Test worker] DEBUG org.springframework.test.context.cache.DefaultCacheAwareContextLoaderDelegate - Retrieved ApplicationContext [1881309779] from cache with key [[MergedContextConfiguration@75ae4a1f testClass = DefaultCharacterManagerTest, locations = '{}', classes = '{class org.waldreg.character.management.DefaultCharacterManager, class org.waldreg.character.permission.management.PermissionUnitManager}', contextInitializerClasses = '[]', activeProfiles = '{}', propertySourceLocations = '{}', propertySourceProperties = '{}', contextCustomizers = set[org.springframework.boot.test.autoconfigure.actuate.metrics.MetricsExportContextCustomizerFactory$DisableMetricExportContextCustomizer@7a67e3c6, org.springframework.boot.test.autoconfigure.properties.PropertyMappingContextCustomizer@0, org.springframework.boot.test.autoconfigure.web.servlet.WebDriverContextCustomizerFactory$Customizer@1800a575, org.springframework.boot.test.context.filter.ExcludeFilterContextCustomizer@5ddf0d24, org.springframework.boot.test.json.DuplicateJsonObjectContextCustomizerFactory$DuplicateJsonObjectContextCustomizer@141e5bef, org.springframework.boot.test.mock.mockito.MockitoContextCustomizer@341775], contextLoader = 'org.springframework.test.context.support.DelegatingSmartContextLoader', parent = [null]]]
01:05:48.594 [Test worker] DEBUG org.springframework.test.context.cache - Spring test ApplicationContext cache statistics: [DefaultContextCache@bd1111a size = 2, maxSize = 32, parentContextCount = 0, hitCount = 138, missCount = 2]
01:05:48.594 [Test worker] DEBUG org.springframework.test.context.cache.DefaultCacheAwareContextLoaderDelegate - Retrieved ApplicationContext [1881309779] from cache with key [[MergedContextConfiguration@75ae4a1f testClass = DefaultCharacterManagerTest, locations = '{}', classes = '{class org.waldreg.character.management.DefaultCharacterManager, class org.waldreg.character.permission.management.PermissionUnitManager}', contextInitializerClasses = '[]', activeProfiles = '{}', propertySourceLocations = '{}', propertySourceProperties = '{}', contextCustomizers = set[org.springframework.boot.test.autoconfigure.actuate.metrics.MetricsExportContextCustomizerFactory$DisableMetricExportContextCustomizer@7a67e3c6, org.springframework.boot.test.autoconfigure.properties.PropertyMappingContextCustomizer@0, org.springframework.boot.test.autoconfigure.web.servlet.WebDriverContextCustomizerFactory$Customizer@1800a575, org.springframework.boot.test.context.filter.ExcludeFilterContextCustomizer@5ddf0d24, org.springframework.boot.test.json.DuplicateJsonObjectContextCustomizerFactory$DuplicateJsonObjectContextCustomizer@141e5bef, org.springframework.boot.test.mock.mockito.MockitoContextCustomizer@341775], contextLoader = 'org.springframework.test.context.support.DelegatingSmartContextLoader', parent = [null]]]
01:05:48.595 [Test worker] DEBUG org.springframework.test.context.cache - Spring test ApplicationContext cache statistics: [DefaultContextCache@bd1111a size = 2, maxSize = 32, parentContextCount = 0, hitCount = 139, missCount = 2]
01:05:48.605 [Test worker] DEBUG org.springframework.test.context.cache.DefaultCacheAwareContextLoaderDelegate - Retrieved ApplicationContext [1881309779] from cache with key [[MergedContextConfiguration@75ae4a1f testClass = DefaultCharacterManagerTest, locations = '{}', classes = '{class org.waldreg.character.management.DefaultCharacterManager, class org.waldreg.character.permission.management.PermissionUnitManager}', contextInitializerClasses = '[]', activeProfiles = '{}', propertySourceLocations = '{}', propertySourceProperties = '{}', contextCustomizers = set[org.springframework.boot.test.autoconfigure.actuate.metrics.MetricsExportContextCustomizerFactory$DisableMetricExportContextCustomizer@7a67e3c6, org.springframework.boot.test.autoconfigure.properties.PropertyMappingContextCustomizer@0, org.springframework.boot.test.autoconfigure.web.servlet.WebDriverContextCustomizerFactory$Customizer@1800a575, org.springframework.boot.test.context.filter.ExcludeFilterContextCustomizer@5ddf0d24, org.springframework.boot.test.json.DuplicateJsonObjectContextCustomizerFactory$DuplicateJsonObjectContextCustomizer@141e5bef, org.springframework.boot.test.mock.mockito.MockitoContextCustomizer@341775], contextLoader = 'org.springframework.test.context.support.DelegatingSmartContextLoader', parent = [null]]]
01:05:48.605 [Test worker] DEBUG org.springframework.test.context.cache - Spring test ApplicationContext cache statistics: [DefaultContextCache@bd1111a size = 2, maxSize = 32, parentContextCount = 0, hitCount = 140, missCount = 2]
01:05:48.606 [Test worker] DEBUG org.springframework.test.context.cache.DefaultCacheAwareContextLoaderDelegate - Retrieved ApplicationContext [1881309779] from cache with key [[MergedContextConfiguration@75ae4a1f testClass = DefaultCharacterManagerTest, locations = '{}', classes = '{class org.waldreg.character.management.DefaultCharacterManager, class org.waldreg.character.permission.management.PermissionUnitManager}', contextInitializerClasses = '[]', activeProfiles = '{}', propertySourceLocations = '{}', propertySourceProperties = '{}', contextCustomizers = set[org.springframework.boot.test.autoconfigure.actuate.metrics.MetricsExportContextCustomizerFactory$DisableMetricExportContextCustomizer@7a67e3c6, org.springframework.boot.test.autoconfigure.properties.PropertyMappingContextCustomizer@0, org.springframework.boot.test.autoconfigure.web.servlet.WebDriverContextCustomizerFactory$Customizer@1800a575, org.springframework.boot.test.context.filter.ExcludeFilterContextCustomizer@5ddf0d24, org.springframework.boot.test.json.DuplicateJsonObjectContextCustomizerFactory$DuplicateJsonObjectContextCustomizer@141e5bef, org.springframework.boot.test.mock.mockito.MockitoContextCustomizer@341775], contextLoader = 'org.springframework.test.context.support.DelegatingSmartContextLoader', parent = [null]]]
01:05:48.606 [Test worker] DEBUG org.springframework.test.context.cache - Spring test ApplicationContext cache statistics: [DefaultContextCache@bd1111a size = 2, maxSize = 32, parentContextCount = 0, hitCount = 141, missCount = 2]
01:05:48.606 [Test worker] DEBUG org.springframework.test.context.cache.DefaultCacheAwareContextLoaderDelegate - Retrieved ApplicationContext [1881309779] from cache with key [[MergedContextConfiguration@75ae4a1f testClass = DefaultCharacterManagerTest, locations = '{}', classes = '{class org.waldreg.character.management.DefaultCharacterManager, class org.waldreg.character.permission.management.PermissionUnitManager}', contextInitializerClasses = '[]', activeProfiles = '{}', propertySourceLocations = '{}', propertySourceProperties = '{}', contextCustomizers = set[org.springframework.boot.test.autoconfigure.actuate.metrics.MetricsExportContextCustomizerFactory$DisableMetricExportContextCustomizer@7a67e3c6, org.springframework.boot.test.autoconfigure.properties.PropertyMappingContextCustomizer@0, org.springframework.boot.test.autoconfigure.web.servlet.WebDriverContextCustomizerFactory$Customizer@1800a575, org.springframework.boot.test.context.filter.ExcludeFilterContextCustomizer@5ddf0d24, org.springframework.boot.test.json.DuplicateJsonObjectContextCustomizerFactory$DuplicateJsonObjectContextCustomizer@141e5bef, org.springframework.boot.test.mock.mockito.MockitoContextCustomizer@341775], contextLoader = 'org.springframework.test.context.support.DelegatingSmartContextLoader', parent = [null]]]
01:05:48.606 [Test worker] DEBUG org.springframework.test.context.cache - Spring test ApplicationContext cache statistics: [DefaultContextCache@bd1111a size = 2, maxSize = 32, parentContextCount = 0, hitCount = 142, missCount = 2]
01:05:48.616 [Test worker] DEBUG org.springframework.test.context.cache.DefaultCacheAwareContextLoaderDelegate - Retrieved ApplicationContext [1881309779] from cache with key [[MergedContextConfiguration@75ae4a1f testClass = DefaultCharacterManagerTest, locations = '{}', classes = '{class org.waldreg.character.management.DefaultCharacterManager, class org.waldreg.character.permission.management.PermissionUnitManager}', contextInitializerClasses = '[]', activeProfiles = '{}', propertySourceLocations = '{}', propertySourceProperties = '{}', contextCustomizers = set[org.springframework.boot.test.autoconfigure.actuate.metrics.MetricsExportContextCustomizerFactory$DisableMetricExportContextCustomizer@7a67e3c6, org.springframework.boot.test.autoconfigure.properties.PropertyMappingContextCustomizer@0, org.springframework.boot.test.autoconfigure.web.servlet.WebDriverContextCustomizerFactory$Customizer@1800a575, org.springframework.boot.test.context.filter.ExcludeFilterContextCustomizer@5ddf0d24, org.springframework.boot.test.json.DuplicateJsonObjectContextCustomizerFactory$DuplicateJsonObjectContextCustomizer@141e5bef, org.springframework.boot.test.mock.mockito.MockitoContextCustomizer@341775], contextLoader = 'org.springframework.test.context.support.DelegatingSmartContextLoader', parent = [null]]]
01:05:48.616 [Test worker] DEBUG org.springframework.test.context.cache - Spring test ApplicationContext cache statistics: [DefaultContextCache@bd1111a size = 2, maxSize = 32, parentContextCount = 0, hitCount = 143, missCount = 2]
01:05:48.616 [Test worker] DEBUG org.springframework.test.context.support.AbstractDirtiesContextTestExecutionListener - After test method: context [DefaultTestContext@9596ce8 testClass = DefaultCharacterManagerTest, testInstance = org.waldreg.character.management.DefaultCharacterManagerTest@54e2fe, testMethod = CREATE_NEW_CHARACTER_FAIL_DOES_NOT_FIND_PERMISSION_TEST@DefaultCharacterManagerTest, testException = [null], mergedContextConfiguration = [MergedContextConfiguration@75ae4a1f testClass = DefaultCharacterManagerTest, locations = '{}', classes = '{class org.waldreg.character.management.DefaultCharacterManager, class org.waldreg.character.permission.management.PermissionUnitManager}', contextInitializerClasses = '[]', activeProfiles = '{}', propertySourceLocations = '{}', propertySourceProperties = '{}', contextCustomizers = set[org.springframework.boot.test.autoconfigure.actuate.metrics.MetricsExportContextCustomizerFactory$DisableMetricExportContextCustomizer@7a67e3c6, org.springframework.boot.test.autoconfigure.properties.PropertyMappingContextCustomizer@0, org.springframework.boot.test.autoconfigure.web.servlet.WebDriverContextCustomizerFactory$Customizer@1800a575, org.springframework.boot.test.context.filter.ExcludeFilterContextCustomizer@5ddf0d24, org.springframework.boot.test.json.DuplicateJsonObjectContextCustomizerFactory$DuplicateJsonObjectContextCustomizer@141e5bef, org.springframework.boot.test.mock.mockito.MockitoContextCustomizer@341775], contextLoader = 'org.springframework.test.context.support.DelegatingSmartContextLoader', parent = [null]], attributes = map['org.springframework.test.context.event.ApplicationEventsTestExecutionListener.recordApplicationEvents' -> false]], class annotated with @DirtiesContext [false] with mode [null], method annotated with @DirtiesContext [false] with mode [null].
01:05:48.617 [Test worker] DEBUG org.springframework.test.context.cache.DefaultCacheAwareContextLoaderDelegate - Retrieved ApplicationContext [1881309779] from cache with key [[MergedContextConfiguration@75ae4a1f testClass = DefaultCharacterManagerTest, locations = '{}', classes = '{class org.waldreg.character.management.DefaultCharacterManager, class org.waldreg.character.permission.management.PermissionUnitManager}', contextInitializerClasses = '[]', activeProfiles = '{}', propertySourceLocations = '{}', propertySourceProperties = '{}', contextCustomizers = set[org.springframework.boot.test.autoconfigure.actuate.metrics.MetricsExportContextCustomizerFactory$DisableMetricExportContextCustomizer@7a67e3c6, org.springframework.boot.test.autoconfigure.properties.PropertyMappingContextCustomizer@0, org.springframework.boot.test.autoconfigure.web.servlet.WebDriverContextCustomizerFactory$Customizer@1800a575, org.springframework.boot.test.context.filter.ExcludeFilterContextCustomizer@5ddf0d24, org.springframework.boot.test.json.DuplicateJsonObjectContextCustomizerFactory$DuplicateJsonObjectContextCustomizer@141e5bef, org.springframework.boot.test.mock.mockito.MockitoContextCustomizer@341775], contextLoader = 'org.springframework.test.context.support.DelegatingSmartContextLoader', parent = [null]]]
01:05:48.617 [Test worker] DEBUG org.springframework.test.context.cache - Spring test ApplicationContext cache statistics: [DefaultContextCache@bd1111a size = 2, maxSize = 32, parentContextCount = 0, hitCount = 144, missCount = 2]
01:05:48.617 [Test worker] DEBUG org.springframework.test.context.support.DependencyInjectionTestExecutionListener - Performing dependency injection for test context [[DefaultTestContext@9596ce8 testClass = DefaultCharacterManagerTest, testInstance = org.waldreg.character.management.DefaultCharacterManagerTest@119aa36, testMethod = [null], testException = [null], mergedContextConfiguration = [MergedContextConfiguration@75ae4a1f testClass = DefaultCharacterManagerTest, locations = '{}', classes = '{class org.waldreg.character.management.DefaultCharacterManager, class org.waldreg.character.permission.management.PermissionUnitManager}', contextInitializerClasses = '[]', activeProfiles = '{}', propertySourceLocations = '{}', propertySourceProperties = '{}', contextCustomizers = set[org.springframework.boot.test.autoconfigure.actuate.metrics.MetricsExportContextCustomizerFactory$DisableMetricExportContextCustomizer@7a67e3c6, org.springframework.boot.test.autoconfigure.properties.PropertyMappingContextCustomizer@0, org.springframework.boot.test.autoconfigure.web.servlet.WebDriverContextCustomizerFactory$Customizer@1800a575, org.springframework.boot.test.context.filter.ExcludeFilterContextCustomizer@5ddf0d24, org.springframework.boot.test.json.DuplicateJsonObjectContextCustomizerFactory$DuplicateJsonObjectContextCustomizer@141e5bef, org.springframework.boot.test.mock.mockito.MockitoContextCustomizer@341775], contextLoader = 'org.springframework.test.context.support.DelegatingSmartContextLoader', parent = [null]], attributes = map['org.springframework.test.context.event.ApplicationEventsTestExecutionListener.recordApplicationEvents' -> false]]].
01:05:48.617 [Test worker] DEBUG org.springframework.test.context.cache.DefaultCacheAwareContextLoaderDelegate - Retrieved ApplicationContext [1881309779] from cache with key [[MergedContextConfiguration@75ae4a1f testClass = DefaultCharacterManagerTest, locations = '{}', classes = '{class org.waldreg.character.management.DefaultCharacterManager, class org.waldreg.character.permission.management.PermissionUnitManager}', contextInitializerClasses = '[]', activeProfiles = '{}', propertySourceLocations = '{}', propertySourceProperties = '{}', contextCustomizers = set[org.springframework.boot.test.autoconfigure.actuate.metrics.MetricsExportContextCustomizerFactory$DisableMetricExportContextCustomizer@7a67e3c6, org.springframework.boot.test.autoconfigure.properties.PropertyMappingContextCustomizer@0, org.springframework.boot.test.autoconfigure.web.servlet.WebDriverContextCustomizerFactory$Customizer@1800a575, org.springframework.boot.test.context.filter.ExcludeFilterContextCustomizer@5ddf0d24, org.springframework.boot.test.json.DuplicateJsonObjectContextCustomizerFactory$DuplicateJsonObjectContextCustomizer@141e5bef, org.springframework.boot.test.mock.mockito.MockitoContextCustomizer@341775], contextLoader = 'org.springframework.test.context.support.DelegatingSmartContextLoader', parent = [null]]]
01:05:48.617 [Test worker] DEBUG org.springframework.test.context.cache - Spring test ApplicationContext cache statistics: [DefaultContextCache@bd1111a size = 2, maxSize = 32, parentContextCount = 0, hitCount = 145, missCount = 2]
01:05:48.617 [Test worker] DEBUG org.springframework.test.context.cache.DefaultCacheAwareContextLoaderDelegate - Retrieved ApplicationContext [1881309779] from cache with key [[MergedContextConfiguration@75ae4a1f testClass = DefaultCharacterManagerTest, locations = '{}', classes = '{class org.waldreg.character.management.DefaultCharacterManager, class org.waldreg.character.permission.management.PermissionUnitManager}', contextInitializerClasses = '[]', activeProfiles = '{}', propertySourceLocations = '{}', propertySourceProperties = '{}', contextCustomizers = set[org.springframework.boot.test.autoconfigure.actuate.metrics.MetricsExportContextCustomizerFactory$DisableMetricExportContextCustomizer@7a67e3c6, org.springframework.boot.test.autoconfigure.properties.PropertyMappingContextCustomizer@0, org.springframework.boot.test.autoconfigure.web.servlet.WebDriverContextCustomizerFactory$Customizer@1800a575, org.springframework.boot.test.context.filter.ExcludeFilterContextCustomizer@5ddf0d24, org.springframework.boot.test.json.DuplicateJsonObjectContextCustomizerFactory$DuplicateJsonObjectContextCustomizer@141e5bef, org.springframework.boot.test.mock.mockito.MockitoContextCustomizer@341775], contextLoader = 'org.springframework.test.context.support.DelegatingSmartContextLoader', parent = [null]]]
01:05:48.617 [Test worker] DEBUG org.springframework.test.context.cache - Spring test ApplicationContext cache statistics: [DefaultContextCache@bd1111a size = 2, maxSize = 32, parentContextCount = 0, hitCount = 146, missCount = 2]
01:05:48.618 [Test worker] DEBUG org.springframework.test.context.support.AbstractDirtiesContextTestExecutionListener - Before test method: context [DefaultTestContext@9596ce8 testClass = DefaultCharacterManagerTest, testInstance = org.waldreg.character.management.DefaultCharacterManagerTest@119aa36, testMethod = CREATE_NEW_CHARACTER_SUCCESS_TEST@DefaultCharacterManagerTest, testException = [null], mergedContextConfiguration = [MergedContextConfiguration@75ae4a1f testClass = DefaultCharacterManagerTest, locations = '{}', classes = '{class org.waldreg.character.management.DefaultCharacterManager, class org.waldreg.character.permission.management.PermissionUnitManager}', contextInitializerClasses = '[]', activeProfiles = '{}', propertySourceLocations = '{}', propertySourceProperties = '{}', contextCustomizers = set[org.springframework.boot.test.autoconfigure.actuate.metrics.MetricsExportContextCustomizerFactory$DisableMetricExportContextCustomizer@7a67e3c6, org.springframework.boot.test.autoconfigure.properties.PropertyMappingContextCustomizer@0, org.springframework.boot.test.autoconfigure.web.servlet.WebDriverContextCustomizerFactory$Customizer@1800a575, org.springframework.boot.test.context.filter.ExcludeFilterContextCustomizer@5ddf0d24, org.springframework.boot.test.json.DuplicateJsonObjectContextCustomizerFactory$DuplicateJsonObjectContextCustomizer@141e5bef, org.springframework.boot.test.mock.mockito.MockitoContextCustomizer@341775], contextLoader = 'org.springframework.test.context.support.DelegatingSmartContextLoader', parent = [null]], attributes = map['org.springframework.test.context.event.ApplicationEventsTestExecutionListener.recordApplicationEvents' -> false]], class annotated with @DirtiesContext [false] with mode [null], method annotated with @DirtiesContext [false] with mode [null].
01:05:48.618 [Test worker] DEBUG org.springframework.test.context.cache.DefaultCacheAwareContextLoaderDelegate - Retrieved ApplicationContext [1881309779] from cache with key [[MergedContextConfiguration@75ae4a1f testClass = DefaultCharacterManagerTest, locations = '{}', classes = '{class org.waldreg.character.management.DefaultCharacterManager, class org.waldreg.character.permission.management.PermissionUnitManager}', contextInitializerClasses = '[]', activeProfiles = '{}', propertySourceLocations = '{}', propertySourceProperties = '{}', contextCustomizers = set[org.springframework.boot.test.autoconfigure.actuate.metrics.MetricsExportContextCustomizerFactory$DisableMetricExportContextCustomizer@7a67e3c6, org.springframework.boot.test.autoconfigure.properties.PropertyMappingContextCustomizer@0, org.springframework.boot.test.autoconfigure.web.servlet.WebDriverContextCustomizerFactory$Customizer@1800a575, org.springframework.boot.test.context.filter.ExcludeFilterContextCustomizer@5ddf0d24, org.springframework.boot.test.json.DuplicateJsonObjectContextCustomizerFactory$DuplicateJsonObjectContextCustomizer@141e5bef, org.springframework.boot.test.mock.mockito.MockitoContextCustomizer@341775], contextLoader = 'org.springframework.test.context.support.DelegatingSmartContextLoader', parent = [null]]]
01:05:48.619 [Test worker] DEBUG org.springframework.test.context.cache - Spring test ApplicationContext cache statistics: [DefaultContextCache@bd1111a size = 2, maxSize = 32, parentContextCount = 0, hitCount = 147, missCount = 2]
01:05:48.629 [Test worker] DEBUG org.springframework.test.context.cache.DefaultCacheAwareContextLoaderDelegate - Retrieved ApplicationContext [1881309779] from cache with key [[MergedContextConfiguration@75ae4a1f testClass = DefaultCharacterManagerTest, locations = '{}', classes = '{class org.waldreg.character.management.DefaultCharacterManager, class org.waldreg.character.permission.management.PermissionUnitManager}', contextInitializerClasses = '[]', activeProfiles = '{}', propertySourceLocations = '{}', propertySourceProperties = '{}', contextCustomizers = set[org.springframework.boot.test.autoconfigure.actuate.metrics.MetricsExportContextCustomizerFactory$DisableMetricExportContextCustomizer@7a67e3c6, org.springframework.boot.test.autoconfigure.properties.PropertyMappingContextCustomizer@0, org.springframework.boot.test.autoconfigure.web.servlet.WebDriverContextCustomizerFactory$Customizer@1800a575, org.springframework.boot.test.context.filter.ExcludeFilterContextCustomizer@5ddf0d24, org.springframework.boot.test.json.DuplicateJsonObjectContextCustomizerFactory$DuplicateJsonObjectContextCustomizer@141e5bef, org.springframework.boot.test.mock.mockito.MockitoContextCustomizer@341775], contextLoader = 'org.springframework.test.context.support.DelegatingSmartContextLoader', parent = [null]]]
01:05:48.629 [Test worker] DEBUG org.springframework.test.context.cache - Spring test ApplicationContext cache statistics: [DefaultContextCache@bd1111a size = 2, maxSize = 32, parentContextCount = 0, hitCount = 148, missCount = 2]
01:05:48.629 [Test worker] DEBUG org.springframework.test.context.cache.DefaultCacheAwareContextLoaderDelegate - Retrieved ApplicationContext [1881309779] from cache with key [[MergedContextConfiguration@75ae4a1f testClass = DefaultCharacterManagerTest, locations = '{}', classes = '{class org.waldreg.character.management.DefaultCharacterManager, class org.waldreg.character.permission.management.PermissionUnitManager}', contextInitializerClasses = '[]', activeProfiles = '{}', propertySourceLocations = '{}', propertySourceProperties = '{}', contextCustomizers = set[org.springframework.boot.test.autoconfigure.actuate.metrics.MetricsExportContextCustomizerFactory$DisableMetricExportContextCustomizer@7a67e3c6, org.springframework.boot.test.autoconfigure.properties.PropertyMappingContextCustomizer@0, org.springframework.boot.test.autoconfigure.web.servlet.WebDriverContextCustomizerFactory$Customizer@1800a575, org.springframework.boot.test.context.filter.ExcludeFilterContextCustomizer@5ddf0d24, org.springframework.boot.test.json.DuplicateJsonObjectContextCustomizerFactory$DuplicateJsonObjectContextCustomizer@141e5bef, org.springframework.boot.test.mock.mockito.MockitoContextCustomizer@341775], contextLoader = 'org.springframework.test.context.support.DelegatingSmartContextLoader', parent = [null]]]
01:05:48.629 [Test worker] DEBUG org.springframework.test.context.cache - Spring test ApplicationContext cache statistics: [DefaultContextCache@bd1111a size = 2, maxSize = 32, parentContextCount = 0, hitCount = 149, missCount = 2]
01:05:48.630 [Test worker] DEBUG org.springframework.test.context.cache.DefaultCacheAwareContextLoaderDelegate - Retrieved ApplicationContext [1881309779] from cache with key [[MergedContextConfiguration@75ae4a1f testClass = DefaultCharacterManagerTest, locations = '{}', classes = '{class org.waldreg.character.management.DefaultCharacterManager, class org.waldreg.character.permission.management.PermissionUnitManager}', contextInitializerClasses = '[]', activeProfiles = '{}', propertySourceLocations = '{}', propertySourceProperties = '{}', contextCustomizers = set[org.springframework.boot.test.autoconfigure.actuate.metrics.MetricsExportContextCustomizerFactory$DisableMetricExportContextCustomizer@7a67e3c6, org.springframework.boot.test.autoconfigure.properties.PropertyMappingContextCustomizer@0, org.springframework.boot.test.autoconfigure.web.servlet.WebDriverContextCustomizerFactory$Customizer@1800a575, org.springframework.boot.test.context.filter.ExcludeFilterContextCustomizer@5ddf0d24, org.springframework.boot.test.json.DuplicateJsonObjectContextCustomizerFactory$DuplicateJsonObjectContextCustomizer@141e5bef, org.springframework.boot.test.mock.mockito.MockitoContextCustomizer@341775], contextLoader = 'org.springframework.test.context.support.DelegatingSmartContextLoader', parent = [null]]]
01:05:48.631 [Test worker] DEBUG org.springframework.test.context.cache - Spring test ApplicationContext cache statistics: [DefaultContextCache@bd1111a size = 2, maxSize = 32, parentContextCount = 0, hitCount = 150, missCount = 2]
01:05:48.631 [Test worker] DEBUG org.springframework.test.context.cache.DefaultCacheAwareContextLoaderDelegate - Retrieved ApplicationContext [1881309779] from cache with key [[MergedContextConfiguration@75ae4a1f testClass = DefaultCharacterManagerTest, locations = '{}', classes = '{class org.waldreg.character.management.DefaultCharacterManager, class org.waldreg.character.permission.management.PermissionUnitManager}', contextInitializerClasses = '[]', activeProfiles = '{}', propertySourceLocations = '{}', propertySourceProperties = '{}', contextCustomizers = set[org.springframework.boot.test.autoconfigure.actuate.metrics.MetricsExportContextCustomizerFactory$DisableMetricExportContextCustomizer@7a67e3c6, org.springframework.boot.test.autoconfigure.properties.PropertyMappingContextCustomizer@0, org.springframework.boot.test.autoconfigure.web.servlet.WebDriverContextCustomizerFactory$Customizer@1800a575, org.springframework.boot.test.context.filter.ExcludeFilterContextCustomizer@5ddf0d24, org.springframework.boot.test.json.DuplicateJsonObjectContextCustomizerFactory$DuplicateJsonObjectContextCustomizer@141e5bef, org.springframework.boot.test.mock.mockito.MockitoContextCustomizer@341775], contextLoader = 'org.springframework.test.context.support.DelegatingSmartContextLoader', parent = [null]]]
01:05:48.631 [Test worker] DEBUG org.springframework.test.context.cache - Spring test ApplicationContext cache statistics: [DefaultContextCache@bd1111a size = 2, maxSize = 32, parentContextCount = 0, hitCount = 151, missCount = 2]
01:05:48.643 [Test worker] DEBUG org.springframework.test.context.cache.DefaultCacheAwareContextLoaderDelegate - Retrieved ApplicationContext [1881309779] from cache with key [[MergedContextConfiguration@75ae4a1f testClass = DefaultCharacterManagerTest, locations = '{}', classes = '{class org.waldreg.character.management.DefaultCharacterManager, class org.waldreg.character.permission.management.PermissionUnitManager}', contextInitializerClasses = '[]', activeProfiles = '{}', propertySourceLocations = '{}', propertySourceProperties = '{}', contextCustomizers = set[org.springframework.boot.test.autoconfigure.actuate.metrics.MetricsExportContextCustomizerFactory$DisableMetricExportContextCustomizer@7a67e3c6, org.springframework.boot.test.autoconfigure.properties.PropertyMappingContextCustomizer@0, org.springframework.boot.test.autoconfigure.web.servlet.WebDriverContextCustomizerFactory$Customizer@1800a575, org.springframework.boot.test.context.filter.ExcludeFilterContextCustomizer@5ddf0d24, org.springframework.boot.test.json.DuplicateJsonObjectContextCustomizerFactory$DuplicateJsonObjectContextCustomizer@141e5bef, org.springframework.boot.test.mock.mockito.MockitoContextCustomizer@341775], contextLoader = 'org.springframework.test.context.support.DelegatingSmartContextLoader', parent = [null]]]
01:05:48.643 [Test worker] DEBUG org.springframework.test.context.cache - Spring test ApplicationContext cache statistics: [DefaultContextCache@bd1111a size = 2, maxSize = 32, parentContextCount = 0, hitCount = 152, missCount = 2]
01:05:48.643 [Test worker] DEBUG org.springframework.test.context.cache.DefaultCacheAwareContextLoaderDelegate - Retrieved ApplicationContext [1881309779] from cache with key [[MergedContextConfiguration@75ae4a1f testClass = DefaultCharacterManagerTest, locations = '{}', classes = '{class org.waldreg.character.management.DefaultCharacterManager, class org.waldreg.character.permission.management.PermissionUnitManager}', contextInitializerClasses = '[]', activeProfiles = '{}', propertySourceLocations = '{}', propertySourceProperties = '{}', contextCustomizers = set[org.springframework.boot.test.autoconfigure.actuate.metrics.MetricsExportContextCustomizerFactory$DisableMetricExportContextCustomizer@7a67e3c6, org.springframework.boot.test.autoconfigure.properties.PropertyMappingContextCustomizer@0, org.springframework.boot.test.autoconfigure.web.servlet.WebDriverContextCustomizerFactory$Customizer@1800a575, org.springframework.boot.test.context.filter.ExcludeFilterContextCustomizer@5ddf0d24, org.springframework.boot.test.json.DuplicateJsonObjectContextCustomizerFactory$DuplicateJsonObjectContextCustomizer@141e5bef, org.springframework.boot.test.mock.mockito.MockitoContextCustomizer@341775], contextLoader = 'org.springframework.test.context.support.DelegatingSmartContextLoader', parent = [null]]]
01:05:48.643 [Test worker] DEBUG org.springframework.test.context.cache - Spring test ApplicationContext cache statistics: [DefaultContextCache@bd1111a size = 2, maxSize = 32, parentContextCount = 0, hitCount = 153, missCount = 2]
01:05:48.643 [Test worker] DEBUG org.springframework.test.context.cache.DefaultCacheAwareContextLoaderDelegate - Retrieved ApplicationContext [1881309779] from cache with key [[MergedContextConfiguration@75ae4a1f testClass = DefaultCharacterManagerTest, locations = '{}', classes = '{class org.waldreg.character.management.DefaultCharacterManager, class org.waldreg.character.permission.management.PermissionUnitManager}', contextInitializerClasses = '[]', activeProfiles = '{}', propertySourceLocations = '{}', propertySourceProperties = '{}', contextCustomizers = set[org.springframework.boot.test.autoconfigure.actuate.metrics.MetricsExportContextCustomizerFactory$DisableMetricExportContextCustomizer@7a67e3c6, org.springframework.boot.test.autoconfigure.properties.PropertyMappingContextCustomizer@0, org.springframework.boot.test.autoconfigure.web.servlet.WebDriverContextCustomizerFactory$Customizer@1800a575, org.springframework.boot.test.context.filter.ExcludeFilterContextCustomizer@5ddf0d24, org.springframework.boot.test.json.DuplicateJsonObjectContextCustomizerFactory$DuplicateJsonObjectContextCustomizer@141e5bef, org.springframework.boot.test.mock.mockito.MockitoContextCustomizer@341775], contextLoader = 'org.springframework.test.context.support.DelegatingSmartContextLoader', parent = [null]]]
01:05:48.643 [Test worker] DEBUG org.springframework.test.context.cache - Spring test ApplicationContext cache statistics: [DefaultContextCache@bd1111a size = 2, maxSize = 32, parentContextCount = 0, hitCount = 154, missCount = 2]
01:05:48.652 [Test worker] DEBUG org.springframework.test.context.cache.DefaultCacheAwareContextLoaderDelegate - Retrieved ApplicationContext [1881309779] from cache with key [[MergedContextConfiguration@75ae4a1f testClass = DefaultCharacterManagerTest, locations = '{}', classes = '{class org.waldreg.character.management.DefaultCharacterManager, class org.waldreg.character.permission.management.PermissionUnitManager}', contextInitializerClasses = '[]', activeProfiles = '{}', propertySourceLocations = '{}', propertySourceProperties = '{}', contextCustomizers = set[org.springframework.boot.test.autoconfigure.actuate.metrics.MetricsExportContextCustomizerFactory$DisableMetricExportContextCustomizer@7a67e3c6, org.springframework.boot.test.autoconfigure.properties.PropertyMappingContextCustomizer@0, org.springframework.boot.test.autoconfigure.web.servlet.WebDriverContextCustomizerFactory$Customizer@1800a575, org.springframework.boot.test.context.filter.ExcludeFilterContextCustomizer@5ddf0d24, org.springframework.boot.test.json.DuplicateJsonObjectContextCustomizerFactory$DuplicateJsonObjectContextCustomizer@141e5bef, org.springframework.boot.test.mock.mockito.MockitoContextCustomizer@341775], contextLoader = 'org.springframework.test.context.support.DelegatingSmartContextLoader', parent = [null]]]
01:05:48.652 [Test worker] DEBUG org.springframework.test.context.cache - Spring test ApplicationContext cache statistics: [DefaultContextCache@bd1111a size = 2, maxSize = 32, parentContextCount = 0, hitCount = 155, missCount = 2]
01:05:48.653 [Test worker] DEBUG org.springframework.test.context.support.AbstractDirtiesContextTestExecutionListener - After test method: context [DefaultTestContext@9596ce8 testClass = DefaultCharacterManagerTest, testInstance = org.waldreg.character.management.DefaultCharacterManagerTest@119aa36, testMethod = CREATE_NEW_CHARACTER_SUCCESS_TEST@DefaultCharacterManagerTest, testException = [null], mergedContextConfiguration = [MergedContextConfiguration@75ae4a1f testClass = DefaultCharacterManagerTest, locations = '{}', classes = '{class org.waldreg.character.management.DefaultCharacterManager, class org.waldreg.character.permission.management.PermissionUnitManager}', contextInitializerClasses = '[]', activeProfiles = '{}', propertySourceLocations = '{}', propertySourceProperties = '{}', contextCustomizers = set[org.springframework.boot.test.autoconfigure.actuate.metrics.MetricsExportContextCustomizerFactory$DisableMetricExportContextCustomizer@7a67e3c6, org.springframework.boot.test.autoconfigure.properties.PropertyMappingContextCustomizer@0, org.springframework.boot.test.autoconfigure.web.servlet.WebDriverContextCustomizerFactory$Customizer@1800a575, org.springframework.boot.test.context.filter.ExcludeFilterContextCustomizer@5ddf0d24, org.springframework.boot.test.json.DuplicateJsonObjectContextCustomizerFactory$DuplicateJsonObjectContextCustomizer@141e5bef, org.springframework.boot.test.mock.mockito.MockitoContextCustomizer@341775], contextLoader = 'org.springframework.test.context.support.DelegatingSmartContextLoader', parent = [null]], attributes = map['org.springframework.test.context.event.ApplicationEventsTestExecutionListener.recordApplicationEvents' -> false]], class annotated with @DirtiesContext [false] with mode [null], method annotated with @DirtiesContext [false] with mode [null].
01:05:48.654 [Test worker] DEBUG org.springframework.test.context.cache.DefaultCacheAwareContextLoaderDelegate - Retrieved ApplicationContext [1881309779] from cache with key [[MergedContextConfiguration@75ae4a1f testClass = DefaultCharacterManagerTest, locations = '{}', classes = '{class org.waldreg.character.management.DefaultCharacterManager, class org.waldreg.character.permission.management.PermissionUnitManager}', contextInitializerClasses = '[]', activeProfiles = '{}', propertySourceLocations = '{}', propertySourceProperties = '{}', contextCustomizers = set[org.springframework.boot.test.autoconfigure.actuate.metrics.MetricsExportContextCustomizerFactory$DisableMetricExportContextCustomizer@7a67e3c6, org.springframework.boot.test.autoconfigure.properties.PropertyMappingContextCustomizer@0, org.springframework.boot.test.autoconfigure.web.servlet.WebDriverContextCustomizerFactory$Customizer@1800a575, org.springframework.boot.test.context.filter.ExcludeFilterContextCustomizer@5ddf0d24, org.springframework.boot.test.json.DuplicateJsonObjectContextCustomizerFactory$DuplicateJsonObjectContextCustomizer@141e5bef, org.springframework.boot.test.mock.mockito.MockitoContextCustomizer@341775], contextLoader = 'org.springframework.test.context.support.DelegatingSmartContextLoader', parent = [null]]]
01:05:48.654 [Test worker] DEBUG org.springframework.test.context.cache - Spring test ApplicationContext cache statistics: [DefaultContextCache@bd1111a size = 2, maxSize = 32, parentContextCount = 0, hitCount = 156, missCount = 2]
01:05:48.654 [Test worker] DEBUG org.springframework.test.context.support.DependencyInjectionTestExecutionListener - Performing dependency injection for test context [[DefaultTestContext@9596ce8 testClass = DefaultCharacterManagerTest, testInstance = org.waldreg.character.management.DefaultCharacterManagerTest@6caf7803, testMethod = [null], testException = [null], mergedContextConfiguration = [MergedContextConfiguration@75ae4a1f testClass = DefaultCharacterManagerTest, locations = '{}', classes = '{class org.waldreg.character.management.DefaultCharacterManager, class org.waldreg.character.permission.management.PermissionUnitManager}', contextInitializerClasses = '[]', activeProfiles = '{}', propertySourceLocations = '{}', propertySourceProperties = '{}', contextCustomizers = set[org.springframework.boot.test.autoconfigure.actuate.metrics.MetricsExportContextCustomizerFactory$DisableMetricExportContextCustomizer@7a67e3c6, org.springframework.boot.test.autoconfigure.properties.PropertyMappingContextCustomizer@0, org.springframework.boot.test.autoconfigure.web.servlet.WebDriverContextCustomizerFactory$Customizer@1800a575, org.springframework.boot.test.context.filter.ExcludeFilterContextCustomizer@5ddf0d24, org.springframework.boot.test.json.DuplicateJsonObjectContextCustomizerFactory$DuplicateJsonObjectContextCustomizer@141e5bef, org.springframework.boot.test.mock.mockito.MockitoContextCustomizer@341775], contextLoader = 'org.springframework.test.context.support.DelegatingSmartContextLoader', parent = [null]], attributes = map['org.springframework.test.context.event.ApplicationEventsTestExecutionListener.recordApplicationEvents' -> false]]].
01:05:48.654 [Test worker] DEBUG org.springframework.test.context.cache.DefaultCacheAwareContextLoaderDelegate - Retrieved ApplicationContext [1881309779] from cache with key [[MergedContextConfiguration@75ae4a1f testClass = DefaultCharacterManagerTest, locations = '{}', classes = '{class org.waldreg.character.management.DefaultCharacterManager, class org.waldreg.character.permission.management.PermissionUnitManager}', contextInitializerClasses = '[]', activeProfiles = '{}', propertySourceLocations = '{}', propertySourceProperties = '{}', contextCustomizers = set[org.springframework.boot.test.autoconfigure.actuate.metrics.MetricsExportContextCustomizerFactory$DisableMetricExportContextCustomizer@7a67e3c6, org.springframework.boot.test.autoconfigure.properties.PropertyMappingContextCustomizer@0, org.springframework.boot.test.autoconfigure.web.servlet.WebDriverContextCustomizerFactory$Customizer@1800a575, org.springframework.boot.test.context.filter.ExcludeFilterContextCustomizer@5ddf0d24, org.springframework.boot.test.json.DuplicateJsonObjectContextCustomizerFactory$DuplicateJsonObjectContextCustomizer@141e5bef, org.springframework.boot.test.mock.mockito.MockitoContextCustomizer@341775], contextLoader = 'org.springframework.test.context.support.DelegatingSmartContextLoader', parent = [null]]]
01:05:48.654 [Test worker] DEBUG org.springframework.test.context.cache - Spring test ApplicationContext cache statistics: [DefaultContextCache@bd1111a size = 2, maxSize = 32, parentContextCount = 0, hitCount = 157, missCount = 2]
01:05:48.654 [Test worker] DEBUG org.springframework.test.context.cache.DefaultCacheAwareContextLoaderDelegate - Retrieved ApplicationContext [1881309779] from cache with key [[MergedContextConfiguration@75ae4a1f testClass = DefaultCharacterManagerTest, locations = '{}', classes = '{class org.waldreg.character.management.DefaultCharacterManager, class org.waldreg.character.permission.management.PermissionUnitManager}', contextInitializerClasses = '[]', activeProfiles = '{}', propertySourceLocations = '{}', propertySourceProperties = '{}', contextCustomizers = set[org.springframework.boot.test.autoconfigure.actuate.metrics.MetricsExportContextCustomizerFactory$DisableMetricExportContextCustomizer@7a67e3c6, org.springframework.boot.test.autoconfigure.properties.PropertyMappingContextCustomizer@0, org.springframework.boot.test.autoconfigure.web.servlet.WebDriverContextCustomizerFactory$Customizer@1800a575, org.springframework.boot.test.context.filter.ExcludeFilterContextCustomizer@5ddf0d24, org.springframework.boot.test.json.DuplicateJsonObjectContextCustomizerFactory$DuplicateJsonObjectContextCustomizer@141e5bef, org.springframework.boot.test.mock.mockito.MockitoContextCustomizer@341775], contextLoader = 'org.springframework.test.context.support.DelegatingSmartContextLoader', parent = [null]]]
01:05:48.654 [Test worker] DEBUG org.springframework.test.context.cache - Spring test ApplicationContext cache statistics: [DefaultContextCache@bd1111a size = 2, maxSize = 32, parentContextCount = 0, hitCount = 158, missCount = 2]
01:05:48.655 [Test worker] DEBUG org.springframework.test.context.support.AbstractDirtiesContextTestExecutionListener - Before test method: context [DefaultTestContext@9596ce8 testClass = DefaultCharacterManagerTest, testInstance = org.waldreg.character.management.DefaultCharacterManagerTest@6caf7803, testMethod = READ_CHARACTER_LIST_SUCCESS_TEST@DefaultCharacterManagerTest, testException = [null], mergedContextConfiguration = [MergedContextConfiguration@75ae4a1f testClass = DefaultCharacterManagerTest, locations = '{}', classes = '{class org.waldreg.character.management.DefaultCharacterManager, class org.waldreg.character.permission.management.PermissionUnitManager}', contextInitializerClasses = '[]', activeProfiles = '{}', propertySourceLocations = '{}', propertySourceProperties = '{}', contextCustomizers = set[org.springframework.boot.test.autoconfigure.actuate.metrics.MetricsExportContextCustomizerFactory$DisableMetricExportContextCustomizer@7a67e3c6, org.springframework.boot.test.autoconfigure.properties.PropertyMappingContextCustomizer@0, org.springframework.boot.test.autoconfigure.web.servlet.WebDriverContextCustomizerFactory$Customizer@1800a575, org.springframework.boot.test.context.filter.ExcludeFilterContextCustomizer@5ddf0d24, org.springframework.boot.test.json.DuplicateJsonObjectContextCustomizerFactory$DuplicateJsonObjectContextCustomizer@141e5bef, org.springframework.boot.test.mock.mockito.MockitoContextCustomizer@341775], contextLoader = 'org.springframework.test.context.support.DelegatingSmartContextLoader', parent = [null]], attributes = map['org.springframework.test.context.event.ApplicationEventsTestExecutionListener.recordApplicationEvents' -> false]], class annotated with @DirtiesContext [false] with mode [null], method annotated with @DirtiesContext [false] with mode [null].
01:05:48.655 [Test worker] DEBUG org.springframework.test.context.cache.DefaultCacheAwareContextLoaderDelegate - Retrieved ApplicationContext [1881309779] from cache with key [[MergedContextConfiguration@75ae4a1f testClass = DefaultCharacterManagerTest, locations = '{}', classes = '{class org.waldreg.character.management.DefaultCharacterManager, class org.waldreg.character.permission.management.PermissionUnitManager}', contextInitializerClasses = '[]', activeProfiles = '{}', propertySourceLocations = '{}', propertySourceProperties = '{}', contextCustomizers = set[org.springframework.boot.test.autoconfigure.actuate.metrics.MetricsExportContextCustomizerFactory$DisableMetricExportContextCustomizer@7a67e3c6, org.springframework.boot.test.autoconfigure.properties.PropertyMappingContextCustomizer@0, org.springframework.boot.test.autoconfigure.web.servlet.WebDriverContextCustomizerFactory$Customizer@1800a575, org.springframework.boot.test.context.filter.ExcludeFilterContextCustomizer@5ddf0d24, org.springframework.boot.test.json.DuplicateJsonObjectContextCustomizerFactory$DuplicateJsonObjectContextCustomizer@141e5bef, org.springframework.boot.test.mock.mockito.MockitoContextCustomizer@341775], contextLoader = 'org.springframework.test.context.support.DelegatingSmartContextLoader', parent = [null]]]
01:05:48.655 [Test worker] DEBUG org.springframework.test.context.cache - Spring test ApplicationContext cache statistics: [DefaultContextCache@bd1111a size = 2, maxSize = 32, parentContextCount = 0, hitCount = 159, missCount = 2]
01:05:48.665 [Test worker] DEBUG org.springframework.test.context.cache.DefaultCacheAwareContextLoaderDelegate - Retrieved ApplicationContext [1881309779] from cache with key [[MergedContextConfiguration@75ae4a1f testClass = DefaultCharacterManagerTest, locations = '{}', classes = '{class org.waldreg.character.management.DefaultCharacterManager, class org.waldreg.character.permission.management.PermissionUnitManager}', contextInitializerClasses = '[]', activeProfiles = '{}', propertySourceLocations = '{}', propertySourceProperties = '{}', contextCustomizers = set[org.springframework.boot.test.autoconfigure.actuate.metrics.MetricsExportContextCustomizerFactory$DisableMetricExportContextCustomizer@7a67e3c6, org.springframework.boot.test.autoconfigure.properties.PropertyMappingContextCustomizer@0, org.springframework.boot.test.autoconfigure.web.servlet.WebDriverContextCustomizerFactory$Customizer@1800a575, org.springframework.boot.test.context.filter.ExcludeFilterContextCustomizer@5ddf0d24, org.springframework.boot.test.json.DuplicateJsonObjectContextCustomizerFactory$DuplicateJsonObjectContextCustomizer@141e5bef, org.springframework.boot.test.mock.mockito.MockitoContextCustomizer@341775], contextLoader = 'org.springframework.test.context.support.DelegatingSmartContextLoader', parent = [null]]]
01:05:48.665 [Test worker] DEBUG org.springframework.test.context.cache - Spring test ApplicationContext cache statistics: [DefaultContextCache@bd1111a size = 2, maxSize = 32, parentContextCount = 0, hitCount = 160, missCount = 2]
01:05:48.665 [Test worker] DEBUG org.springframework.test.context.cache.DefaultCacheAwareContextLoaderDelegate - Retrieved ApplicationContext [1881309779] from cache with key [[MergedContextConfiguration@75ae4a1f testClass = DefaultCharacterManagerTest, locations = '{}', classes = '{class org.waldreg.character.management.DefaultCharacterManager, class org.waldreg.character.permission.management.PermissionUnitManager}', contextInitializerClasses = '[]', activeProfiles = '{}', propertySourceLocations = '{}', propertySourceProperties = '{}', contextCustomizers = set[org.springframework.boot.test.autoconfigure.actuate.metrics.MetricsExportContextCustomizerFactory$DisableMetricExportContextCustomizer@7a67e3c6, org.springframework.boot.test.autoconfigure.properties.PropertyMappingContextCustomizer@0, org.springframework.boot.test.autoconfigure.web.servlet.WebDriverContextCustomizerFactory$Customizer@1800a575, org.springframework.boot.test.context.filter.ExcludeFilterContextCustomizer@5ddf0d24, org.springframework.boot.test.json.DuplicateJsonObjectContextCustomizerFactory$DuplicateJsonObjectContextCustomizer@141e5bef, org.springframework.boot.test.mock.mockito.MockitoContextCustomizer@341775], contextLoader = 'org.springframework.test.context.support.DelegatingSmartContextLoader', parent = [null]]]
01:05:48.665 [Test worker] DEBUG org.springframework.test.context.cache - Spring test ApplicationContext cache statistics: [DefaultContextCache@bd1111a size = 2, maxSize = 32, parentContextCount = 0, hitCount = 161, missCount = 2]
01:05:48.666 [Test worker] DEBUG org.springframework.test.context.cache.DefaultCacheAwareContextLoaderDelegate - Retrieved ApplicationContext [1881309779] from cache with key [[MergedContextConfiguration@75ae4a1f testClass = DefaultCharacterManagerTest, locations = '{}', classes = '{class org.waldreg.character.management.DefaultCharacterManager, class org.waldreg.character.permission.management.PermissionUnitManager}', contextInitializerClasses = '[]', activeProfiles = '{}', propertySourceLocations = '{}', propertySourceProperties = '{}', contextCustomizers = set[org.springframework.boot.test.autoconfigure.actuate.metrics.MetricsExportContextCustomizerFactory$DisableMetricExportContextCustomizer@7a67e3c6, org.springframework.boot.test.autoconfigure.properties.PropertyMappingContextCustomizer@0, org.springframework.boot.test.autoconfigure.web.servlet.WebDriverContextCustomizerFactory$Customizer@1800a575, org.springframework.boot.test.context.filter.ExcludeFilterContextCustomizer@5ddf0d24, org.springframework.boot.test.json.DuplicateJsonObjectContextCustomizerFactory$DuplicateJsonObjectContextCustomizer@141e5bef, org.springframework.boot.test.mock.mockito.MockitoContextCustomizer@341775], contextLoader = 'org.springframework.test.context.support.DelegatingSmartContextLoader', parent = [null]]]
01:05:48.666 [Test worker] DEBUG org.springframework.test.context.cache - Spring test ApplicationContext cache statistics: [DefaultContextCache@bd1111a size = 2, maxSize = 32, parentContextCount = 0, hitCount = 162, missCount = 2]
01:05:48.667 [Test worker] DEBUG org.springframework.test.context.cache.DefaultCacheAwareContextLoaderDelegate - Retrieved ApplicationContext [1881309779] from cache with key [[MergedContextConfiguration@75ae4a1f testClass = DefaultCharacterManagerTest, locations = '{}', classes = '{class org.waldreg.character.management.DefaultCharacterManager, class org.waldreg.character.permission.management.PermissionUnitManager}', contextInitializerClasses = '[]', activeProfiles = '{}', propertySourceLocations = '{}', propertySourceProperties = '{}', contextCustomizers = set[org.springframework.boot.test.autoconfigure.actuate.metrics.MetricsExportContextCustomizerFactory$DisableMetricExportContextCustomizer@7a67e3c6, org.springframework.boot.test.autoconfigure.properties.PropertyMappingContextCustomizer@0, org.springframework.boot.test.autoconfigure.web.servlet.WebDriverContextCustomizerFactory$Customizer@1800a575, org.springframework.boot.test.context.filter.ExcludeFilterContextCustomizer@5ddf0d24, org.springframework.boot.test.json.DuplicateJsonObjectContextCustomizerFactory$DuplicateJsonObjectContextCustomizer@141e5bef, org.springframework.boot.test.mock.mockito.MockitoContextCustomizer@341775], contextLoader = 'org.springframework.test.context.support.DelegatingSmartContextLoader', parent = [null]]]
01:05:48.667 [Test worker] DEBUG org.springframework.test.context.cache - Spring test ApplicationContext cache statistics: [DefaultContextCache@bd1111a size = 2, maxSize = 32, parentContextCount = 0, hitCount = 163, missCount = 2]
01:05:48.675 [Test worker] DEBUG org.springframework.test.context.cache.DefaultCacheAwareContextLoaderDelegate - Retrieved ApplicationContext [1881309779] from cache with key [[MergedContextConfiguration@75ae4a1f testClass = DefaultCharacterManagerTest, locations = '{}', classes = '{class org.waldreg.character.management.DefaultCharacterManager, class org.waldreg.character.permission.management.PermissionUnitManager}', contextInitializerClasses = '[]', activeProfiles = '{}', propertySourceLocations = '{}', propertySourceProperties = '{}', contextCustomizers = set[org.springframework.boot.test.autoconfigure.actuate.metrics.MetricsExportContextCustomizerFactory$DisableMetricExportContextCustomizer@7a67e3c6, org.springframework.boot.test.autoconfigure.properties.PropertyMappingContextCustomizer@0, org.springframework.boot.test.autoconfigure.web.servlet.WebDriverContextCustomizerFactory$Customizer@1800a575, org.springframework.boot.test.context.filter.ExcludeFilterContextCustomizer@5ddf0d24, org.springframework.boot.test.json.DuplicateJsonObjectContextCustomizerFactory$DuplicateJsonObjectContextCustomizer@141e5bef, org.springframework.boot.test.mock.mockito.MockitoContextCustomizer@341775], contextLoader = 'org.springframework.test.context.support.DelegatingSmartContextLoader', parent = [null]]]
01:05:48.676 [Test worker] DEBUG org.springframework.test.context.cache - Spring test ApplicationContext cache statistics: [DefaultContextCache@bd1111a size = 2, maxSize = 32, parentContextCount = 0, hitCount = 164, missCount = 2]
01:05:48.676 [Test worker] DEBUG org.springframework.test.context.cache.DefaultCacheAwareContextLoaderDelegate - Retrieved ApplicationContext [1881309779] from cache with key [[MergedContextConfiguration@75ae4a1f testClass = DefaultCharacterManagerTest, locations = '{}', classes = '{class org.waldreg.character.management.DefaultCharacterManager, class org.waldreg.character.permission.management.PermissionUnitManager}', contextInitializerClasses = '[]', activeProfiles = '{}', propertySourceLocations = '{}', propertySourceProperties = '{}', contextCustomizers = set[org.springframework.boot.test.autoconfigure.actuate.metrics.MetricsExportContextCustomizerFactory$DisableMetricExportContextCustomizer@7a67e3c6, org.springframework.boot.test.autoconfigure.properties.PropertyMappingContextCustomizer@0, org.springframework.boot.test.autoconfigure.web.servlet.WebDriverContextCustomizerFactory$Customizer@1800a575, org.springframework.boot.test.context.filter.ExcludeFilterContextCustomizer@5ddf0d24, org.springframework.boot.test.json.DuplicateJsonObjectContextCustomizerFactory$DuplicateJsonObjectContextCustomizer@141e5bef, org.springframework.boot.test.mock.mockito.MockitoContextCustomizer@341775], contextLoader = 'org.springframework.test.context.support.DelegatingSmartContextLoader', parent = [null]]]
01:05:48.676 [Test worker] DEBUG org.springframework.test.context.cache - Spring test ApplicationContext cache statistics: [DefaultContextCache@bd1111a size = 2, maxSize = 32, parentContextCount = 0, hitCount = 165, missCount = 2]
01:05:48.676 [Test worker] DEBUG org.springframework.test.context.cache.DefaultCacheAwareContextLoaderDelegate - Retrieved ApplicationContext [1881309779] from cache with key [[MergedContextConfiguration@75ae4a1f testClass = DefaultCharacterManagerTest, locations = '{}', classes = '{class org.waldreg.character.management.DefaultCharacterManager, class org.waldreg.character.permission.management.PermissionUnitManager}', contextInitializerClasses = '[]', activeProfiles = '{}', propertySourceLocations = '{}', propertySourceProperties = '{}', contextCustomizers = set[org.springframework.boot.test.autoconfigure.actuate.metrics.MetricsExportContextCustomizerFactory$DisableMetricExportContextCustomizer@7a67e3c6, org.springframework.boot.test.autoconfigure.properties.PropertyMappingContextCustomizer@0, org.springframework.boot.test.autoconfigure.web.servlet.WebDriverContextCustomizerFactory$Customizer@1800a575, org.springframework.boot.test.context.filter.ExcludeFilterContextCustomizer@5ddf0d24, org.springframework.boot.test.json.DuplicateJsonObjectContextCustomizerFactory$DuplicateJsonObjectContextCustomizer@141e5bef, org.springframework.boot.test.mock.mockito.MockitoContextCustomizer@341775], contextLoader = 'org.springframework.test.context.support.DelegatingSmartContextLoader', parent = [null]]]
01:05:48.676 [Test worker] DEBUG org.springframework.test.context.cache - Spring test ApplicationContext cache statistics: [DefaultContextCache@bd1111a size = 2, maxSize = 32, parentContextCount = 0, hitCount = 166, missCount = 2]
01:05:48.686 [Test worker] DEBUG org.springframework.test.context.cache.DefaultCacheAwareContextLoaderDelegate - Retrieved ApplicationContext [1881309779] from cache with key [[MergedContextConfiguration@75ae4a1f testClass = DefaultCharacterManagerTest, locations = '{}', classes = '{class org.waldreg.character.management.DefaultCharacterManager, class org.waldreg.character.permission.management.PermissionUnitManager}', contextInitializerClasses = '[]', activeProfiles = '{}', propertySourceLocations = '{}', propertySourceProperties = '{}', contextCustomizers = set[org.springframework.boot.test.autoconfigure.actuate.metrics.MetricsExportContextCustomizerFactory$DisableMetricExportContextCustomizer@7a67e3c6, org.springframework.boot.test.autoconfigure.properties.PropertyMappingContextCustomizer@0, org.springframework.boot.test.autoconfigure.web.servlet.WebDriverContextCustomizerFactory$Customizer@1800a575, org.springframework.boot.test.context.filter.ExcludeFilterContextCustomizer@5ddf0d24, org.springframework.boot.test.json.DuplicateJsonObjectContextCustomizerFactory$DuplicateJsonObjectContextCustomizer@141e5bef, org.springframework.boot.test.mock.mockito.MockitoContextCustomizer@341775], contextLoader = 'org.springframework.test.context.support.DelegatingSmartContextLoader', parent = [null]]]
01:05:48.686 [Test worker] DEBUG org.springframework.test.context.cache - Spring test ApplicationContext cache statistics: [DefaultContextCache@bd1111a size = 2, maxSize = 32, parentContextCount = 0, hitCount = 167, missCount = 2]
01:05:48.686 [Test worker] DEBUG org.springframework.test.context.support.AbstractDirtiesContextTestExecutionListener - After test method: context [DefaultTestContext@9596ce8 testClass = DefaultCharacterManagerTest, testInstance = org.waldreg.character.management.DefaultCharacterManagerTest@6caf7803, testMethod = READ_CHARACTER_LIST_SUCCESS_TEST@DefaultCharacterManagerTest, testException = [null], mergedContextConfiguration = [MergedContextConfiguration@75ae4a1f testClass = DefaultCharacterManagerTest, locations = '{}', classes = '{class org.waldreg.character.management.DefaultCharacterManager, class org.waldreg.character.permission.management.PermissionUnitManager}', contextInitializerClasses = '[]', activeProfiles = '{}', propertySourceLocations = '{}', propertySourceProperties = '{}', contextCustomizers = set[org.springframework.boot.test.autoconfigure.actuate.metrics.MetricsExportContextCustomizerFactory$DisableMetricExportContextCustomizer@7a67e3c6, org.springframework.boot.test.autoconfigure.properties.PropertyMappingContextCustomizer@0, org.springframework.boot.test.autoconfigure.web.servlet.WebDriverContextCustomizerFactory$Customizer@1800a575, org.springframework.boot.test.context.filter.ExcludeFilterContextCustomizer@5ddf0d24, org.springframework.boot.test.json.DuplicateJsonObjectContextCustomizerFactory$DuplicateJsonObjectContextCustomizer@141e5bef, org.springframework.boot.test.mock.mockito.MockitoContextCustomizer@341775], contextLoader = 'org.springframework.test.context.support.DelegatingSmartContextLoader', parent = [null]], attributes = map['org.springframework.test.context.event.ApplicationEventsTestExecutionListener.recordApplicationEvents' -> false]], class annotated with @DirtiesContext [false] with mode [null], method annotated with @DirtiesContext [false] with mode [null].
01:05:48.687 [Test worker] DEBUG org.springframework.test.context.cache.DefaultCacheAwareContextLoaderDelegate - Retrieved ApplicationContext [1881309779] from cache with key [[MergedContextConfiguration@75ae4a1f testClass = DefaultCharacterManagerTest, locations = '{}', classes = '{class org.waldreg.character.management.DefaultCharacterManager, class org.waldreg.character.permission.management.PermissionUnitManager}', contextInitializerClasses = '[]', activeProfiles = '{}', propertySourceLocations = '{}', propertySourceProperties = '{}', contextCustomizers = set[org.springframework.boot.test.autoconfigure.actuate.metrics.MetricsExportContextCustomizerFactory$DisableMetricExportContextCustomizer@7a67e3c6, org.springframework.boot.test.autoconfigure.properties.PropertyMappingContextCustomizer@0, org.springframework.boot.test.autoconfigure.web.servlet.WebDriverContextCustomizerFactory$Customizer@1800a575, org.springframework.boot.test.context.filter.ExcludeFilterContextCustomizer@5ddf0d24, org.springframework.boot.test.json.DuplicateJsonObjectContextCustomizerFactory$DuplicateJsonObjectContextCustomizer@141e5bef, org.springframework.boot.test.mock.mockito.MockitoContextCustomizer@341775], contextLoader = 'org.springframework.test.context.support.DelegatingSmartContextLoader', parent = [null]]]
01:05:48.687 [Test worker] DEBUG org.springframework.test.context.cache - Spring test ApplicationContext cache statistics: [DefaultContextCache@bd1111a size = 2, maxSize = 32, parentContextCount = 0, hitCount = 168, missCount = 2]
01:05:48.687 [Test worker] DEBUG org.springframework.test.context.support.DependencyInjectionTestExecutionListener - Performing dependency injection for test context [[DefaultTestContext@9596ce8 testClass = DefaultCharacterManagerTest, testInstance = org.waldreg.character.management.DefaultCharacterManagerTest@6573d2f7, testMethod = [null], testException = [null], mergedContextConfiguration = [MergedContextConfiguration@75ae4a1f testClass = DefaultCharacterManagerTest, locations = '{}', classes = '{class org.waldreg.character.management.DefaultCharacterManager, class org.waldreg.character.permission.management.PermissionUnitManager}', contextInitializerClasses = '[]', activeProfiles = '{}', propertySourceLocations = '{}', propertySourceProperties = '{}', contextCustomizers = set[org.springframework.boot.test.autoconfigure.actuate.metrics.MetricsExportContextCustomizerFactory$DisableMetricExportContextCustomizer@7a67e3c6, org.springframework.boot.test.autoconfigure.properties.PropertyMappingContextCustomizer@0, org.springframework.boot.test.autoconfigure.web.servlet.WebDriverContextCustomizerFactory$Customizer@1800a575, org.springframework.boot.test.context.filter.ExcludeFilterContextCustomizer@5ddf0d24, org.springframework.boot.test.json.DuplicateJsonObjectContextCustomizerFactory$DuplicateJsonObjectContextCustomizer@141e5bef, org.springframework.boot.test.mock.mockito.MockitoContextCustomizer@341775], contextLoader = 'org.springframework.test.context.support.DelegatingSmartContextLoader', parent = [null]], attributes = map['org.springframework.test.context.event.ApplicationEventsTestExecutionListener.recordApplicationEvents' -> false]]].
01:05:48.687 [Test worker] DEBUG org.springframework.test.context.cache.DefaultCacheAwareContextLoaderDelegate - Retrieved ApplicationContext [1881309779] from cache with key [[MergedContextConfiguration@75ae4a1f testClass = DefaultCharacterManagerTest, locations = '{}', classes = '{class org.waldreg.character.management.DefaultCharacterManager, class org.waldreg.character.permission.management.PermissionUnitManager}', contextInitializerClasses = '[]', activeProfiles = '{}', propertySourceLocations = '{}', propertySourceProperties = '{}', contextCustomizers = set[org.springframework.boot.test.autoconfigure.actuate.metrics.MetricsExportContextCustomizerFactory$DisableMetricExportContextCustomizer@7a67e3c6, org.springframework.boot.test.autoconfigure.properties.PropertyMappingContextCustomizer@0, org.springframework.boot.test.autoconfigure.web.servlet.WebDriverContextCustomizerFactory$Customizer@1800a575, org.springframework.boot.test.context.filter.ExcludeFilterContextCustomizer@5ddf0d24, org.springframework.boot.test.json.DuplicateJsonObjectContextCustomizerFactory$DuplicateJsonObjectContextCustomizer@141e5bef, org.springframework.boot.test.mock.mockito.MockitoContextCustomizer@341775], contextLoader = 'org.springframework.test.context.support.DelegatingSmartContextLoader', parent = [null]]]
01:05:48.687 [Test worker] DEBUG org.springframework.test.context.cache - Spring test ApplicationContext cache statistics: [DefaultContextCache@bd1111a size = 2, maxSize = 32, parentContextCount = 0, hitCount = 169, missCount = 2]
01:05:48.687 [Test worker] DEBUG org.springframework.test.context.cache.DefaultCacheAwareContextLoaderDelegate - Retrieved ApplicationContext [1881309779] from cache with key [[MergedContextConfiguration@75ae4a1f testClass = DefaultCharacterManagerTest, locations = '{}', classes = '{class org.waldreg.character.management.DefaultCharacterManager, class org.waldreg.character.permission.management.PermissionUnitManager}', contextInitializerClasses = '[]', activeProfiles = '{}', propertySourceLocations = '{}', propertySourceProperties = '{}', contextCustomizers = set[org.springframework.boot.test.autoconfigure.actuate.metrics.MetricsExportContextCustomizerFactory$DisableMetricExportContextCustomizer@7a67e3c6, org.springframework.boot.test.autoconfigure.properties.PropertyMappingContextCustomizer@0, org.springframework.boot.test.autoconfigure.web.servlet.WebDriverContextCustomizerFactory$Customizer@1800a575, org.springframework.boot.test.context.filter.ExcludeFilterContextCustomizer@5ddf0d24, org.springframework.boot.test.json.DuplicateJsonObjectContextCustomizerFactory$DuplicateJsonObjectContextCustomizer@141e5bef, org.springframework.boot.test.mock.mockito.MockitoContextCustomizer@341775], contextLoader = 'org.springframework.test.context.support.DelegatingSmartContextLoader', parent = [null]]]
01:05:48.687 [Test worker] DEBUG org.springframework.test.context.cache - Spring test ApplicationContext cache statistics: [DefaultContextCache@bd1111a size = 2, maxSize = 32, parentContextCount = 0, hitCount = 170, missCount = 2]
01:05:48.689 [Test worker] DEBUG org.springframework.test.context.support.AbstractDirtiesContextTestExecutionListener - Before test method: context [DefaultTestContext@9596ce8 testClass = DefaultCharacterManagerTest, testInstance = org.waldreg.character.management.DefaultCharacterManagerTest@6573d2f7, testMethod = UPDATE_CHARACTER_SUCCESS_TEST@DefaultCharacterManagerTest, testException = [null], mergedContextConfiguration = [MergedContextConfiguration@75ae4a1f testClass = DefaultCharacterManagerTest, locations = '{}', classes = '{class org.waldreg.character.management.DefaultCharacterManager, class org.waldreg.character.permission.management.PermissionUnitManager}', contextInitializerClasses = '[]', activeProfiles = '{}', propertySourceLocations = '{}', propertySourceProperties = '{}', contextCustomizers = set[org.springframework.boot.test.autoconfigure.actuate.metrics.MetricsExportContextCustomizerFactory$DisableMetricExportContextCustomizer@7a67e3c6, org.springframework.boot.test.autoconfigure.properties.PropertyMappingContextCustomizer@0, org.springframework.boot.test.autoconfigure.web.servlet.WebDriverContextCustomizerFactory$Customizer@1800a575, org.springframework.boot.test.context.filter.ExcludeFilterContextCustomizer@5ddf0d24, org.springframework.boot.test.json.DuplicateJsonObjectContextCustomizerFactory$DuplicateJsonObjectContextCustomizer@141e5bef, org.springframework.boot.test.mock.mockito.MockitoContextCustomizer@341775], contextLoader = 'org.springframework.test.context.support.DelegatingSmartContextLoader', parent = [null]], attributes = map['org.springframework.test.context.event.ApplicationEventsTestExecutionListener.recordApplicationEvents' -> false]], class annotated with @DirtiesContext [false] with mode [null], method annotated with @DirtiesContext [false] with mode [null].
01:05:48.689 [Test worker] DEBUG org.springframework.test.context.cache.DefaultCacheAwareContextLoaderDelegate - Retrieved ApplicationContext [1881309779] from cache with key [[MergedContextConfiguration@75ae4a1f testClass = DefaultCharacterManagerTest, locations = '{}', classes = '{class org.waldreg.character.management.DefaultCharacterManager, class org.waldreg.character.permission.management.PermissionUnitManager}', contextInitializerClasses = '[]', activeProfiles = '{}', propertySourceLocations = '{}', propertySourceProperties = '{}', contextCustomizers = set[org.springframework.boot.test.autoconfigure.actuate.metrics.MetricsExportContextCustomizerFactory$DisableMetricExportContextCustomizer@7a67e3c6, org.springframework.boot.test.autoconfigure.properties.PropertyMappingContextCustomizer@0, org.springframework.boot.test.autoconfigure.web.servlet.WebDriverContextCustomizerFactory$Customizer@1800a575, org.springframework.boot.test.context.filter.ExcludeFilterContextCustomizer@5ddf0d24, org.springframework.boot.test.json.DuplicateJsonObjectContextCustomizerFactory$DuplicateJsonObjectContextCustomizer@141e5bef, org.springframework.boot.test.mock.mockito.MockitoContextCustomizer@341775], contextLoader = 'org.springframework.test.context.support.DelegatingSmartContextLoader', parent = [null]]]
01:05:48.689 [Test worker] DEBUG org.springframework.test.context.cache - Spring test ApplicationContext cache statistics: [DefaultContextCache@bd1111a size = 2, maxSize = 32, parentContextCount = 0, hitCount = 171, missCount = 2]
01:05:48.699 [Test worker] DEBUG org.springframework.test.context.cache.DefaultCacheAwareContextLoaderDelegate - Retrieved ApplicationContext [1881309779] from cache with key [[MergedContextConfiguration@75ae4a1f testClass = DefaultCharacterManagerTest, locations = '{}', classes = '{class org.waldreg.character.management.DefaultCharacterManager, class org.waldreg.character.permission.management.PermissionUnitManager}', contextInitializerClasses = '[]', activeProfiles = '{}', propertySourceLocations = '{}', propertySourceProperties = '{}', contextCustomizers = set[org.springframework.boot.test.autoconfigure.actuate.metrics.MetricsExportContextCustomizerFactory$DisableMetricExportContextCustomizer@7a67e3c6, org.springframework.boot.test.autoconfigure.properties.PropertyMappingContextCustomizer@0, org.springframework.boot.test.autoconfigure.web.servlet.WebDriverContextCustomizerFactory$Customizer@1800a575, org.springframework.boot.test.context.filter.ExcludeFilterContextCustomizer@5ddf0d24, org.springframework.boot.test.json.DuplicateJsonObjectContextCustomizerFactory$DuplicateJsonObjectContextCustomizer@141e5bef, org.springframework.boot.test.mock.mockito.MockitoContextCustomizer@341775], contextLoader = 'org.springframework.test.context.support.DelegatingSmartContextLoader', parent = [null]]]
01:05:48.699 [Test worker] DEBUG org.springframework.test.context.cache - Spring test ApplicationContext cache statistics: [DefaultContextCache@bd1111a size = 2, maxSize = 32, parentContextCount = 0, hitCount = 172, missCount = 2]
01:05:48.699 [Test worker] DEBUG org.springframework.test.context.cache.DefaultCacheAwareContextLoaderDelegate - Retrieved ApplicationContext [1881309779] from cache with key [[MergedContextConfiguration@75ae4a1f testClass = DefaultCharacterManagerTest, locations = '{}', classes = '{class org.waldreg.character.management.DefaultCharacterManager, class org.waldreg.character.permission.management.PermissionUnitManager}', contextInitializerClasses = '[]', activeProfiles = '{}', propertySourceLocations = '{}', propertySourceProperties = '{}', contextCustomizers = set[org.springframework.boot.test.autoconfigure.actuate.metrics.MetricsExportContextCustomizerFactory$DisableMetricExportContextCustomizer@7a67e3c6, org.springframework.boot.test.autoconfigure.properties.PropertyMappingContextCustomizer@0, org.springframework.boot.test.autoconfigure.web.servlet.WebDriverContextCustomizerFactory$Customizer@1800a575, org.springframework.boot.test.context.filter.ExcludeFilterContextCustomizer@5ddf0d24, org.springframework.boot.test.json.DuplicateJsonObjectContextCustomizerFactory$DuplicateJsonObjectContextCustomizer@141e5bef, org.springframework.boot.test.mock.mockito.MockitoContextCustomizer@341775], contextLoader = 'org.springframework.test.context.support.DelegatingSmartContextLoader', parent = [null]]]
01:05:48.699 [Test worker] DEBUG org.springframework.test.context.cache - Spring test ApplicationContext cache statistics: [DefaultContextCache@bd1111a size = 2, maxSize = 32, parentContextCount = 0, hitCount = 173, missCount = 2]
01:05:48.700 [Test worker] DEBUG org.springframework.test.context.cache.DefaultCacheAwareContextLoaderDelegate - Retrieved ApplicationContext [1881309779] from cache with key [[MergedContextConfiguration@75ae4a1f testClass = DefaultCharacterManagerTest, locations = '{}', classes = '{class org.waldreg.character.management.DefaultCharacterManager, class org.waldreg.character.permission.management.PermissionUnitManager}', contextInitializerClasses = '[]', activeProfiles = '{}', propertySourceLocations = '{}', propertySourceProperties = '{}', contextCustomizers = set[org.springframework.boot.test.autoconfigure.actuate.metrics.MetricsExportContextCustomizerFactory$DisableMetricExportContextCustomizer@7a67e3c6, org.springframework.boot.test.autoconfigure.properties.PropertyMappingContextCustomizer@0, org.springframework.boot.test.autoconfigure.web.servlet.WebDriverContextCustomizerFactory$Customizer@1800a575, org.springframework.boot.test.context.filter.ExcludeFilterContextCustomizer@5ddf0d24, org.springframework.boot.test.json.DuplicateJsonObjectContextCustomizerFactory$DuplicateJsonObjectContextCustomizer@141e5bef, org.springframework.boot.test.mock.mockito.MockitoContextCustomizer@341775], contextLoader = 'org.springframework.test.context.support.DelegatingSmartContextLoader', parent = [null]]]
01:05:48.700 [Test worker] DEBUG org.springframework.test.context.cache - Spring test ApplicationContext cache statistics: [DefaultContextCache@bd1111a size = 2, maxSize = 32, parentContextCount = 0, hitCount = 174, missCount = 2]
01:05:48.700 [Test worker] DEBUG org.springframework.test.context.cache.DefaultCacheAwareContextLoaderDelegate - Retrieved ApplicationContext [1881309779] from cache with key [[MergedContextConfiguration@75ae4a1f testClass = DefaultCharacterManagerTest, locations = '{}', classes = '{class org.waldreg.character.management.DefaultCharacterManager, class org.waldreg.character.permission.management.PermissionUnitManager}', contextInitializerClasses = '[]', activeProfiles = '{}', propertySourceLocations = '{}', propertySourceProperties = '{}', contextCustomizers = set[org.springframework.boot.test.autoconfigure.actuate.metrics.MetricsExportContextCustomizerFactory$DisableMetricExportContextCustomizer@7a67e3c6, org.springframework.boot.test.autoconfigure.properties.PropertyMappingContextCustomizer@0, org.springframework.boot.test.autoconfigure.web.servlet.WebDriverContextCustomizerFactory$Customizer@1800a575, org.springframework.boot.test.context.filter.ExcludeFilterContextCustomizer@5ddf0d24, org.springframework.boot.test.json.DuplicateJsonObjectContextCustomizerFactory$DuplicateJsonObjectContextCustomizer@141e5bef, org.springframework.boot.test.mock.mockito.MockitoContextCustomizer@341775], contextLoader = 'org.springframework.test.context.support.DelegatingSmartContextLoader', parent = [null]]]
01:05:48.700 [Test worker] DEBUG org.springframework.test.context.cache - Spring test ApplicationContext cache statistics: [DefaultContextCache@bd1111a size = 2, maxSize = 32, parentContextCount = 0, hitCount = 175, missCount = 2]
01:05:48.710 [Test worker] DEBUG org.springframework.test.context.cache.DefaultCacheAwareContextLoaderDelegate - Retrieved ApplicationContext [1881309779] from cache with key [[MergedContextConfiguration@75ae4a1f testClass = DefaultCharacterManagerTest, locations = '{}', classes = '{class org.waldreg.character.management.DefaultCharacterManager, class org.waldreg.character.permission.management.PermissionUnitManager}', contextInitializerClasses = '[]', activeProfiles = '{}', propertySourceLocations = '{}', propertySourceProperties = '{}', contextCustomizers = set[org.springframework.boot.test.autoconfigure.actuate.metrics.MetricsExportContextCustomizerFactory$DisableMetricExportContextCustomizer@7a67e3c6, org.springframework.boot.test.autoconfigure.properties.PropertyMappingContextCustomizer@0, org.springframework.boot.test.autoconfigure.web.servlet.WebDriverContextCustomizerFactory$Customizer@1800a575, org.springframework.boot.test.context.filter.ExcludeFilterContextCustomizer@5ddf0d24, org.springframework.boot.test.json.DuplicateJsonObjectContextCustomizerFactory$DuplicateJsonObjectContextCustomizer@141e5bef, org.springframework.boot.test.mock.mockito.MockitoContextCustomizer@341775], contextLoader = 'org.springframework.test.context.support.DelegatingSmartContextLoader', parent = [null]]]
01:05:48.710 [Test worker] DEBUG org.springframework.test.context.cache - Spring test ApplicationContext cache statistics: [DefaultContextCache@bd1111a size = 2, maxSize = 32, parentContextCount = 0, hitCount = 176, missCount = 2]
01:05:48.710 [Test worker] DEBUG org.springframework.test.context.cache.DefaultCacheAwareContextLoaderDelegate - Retrieved ApplicationContext [1881309779] from cache with key [[MergedContextConfiguration@75ae4a1f testClass = DefaultCharacterManagerTest, locations = '{}', classes = '{class org.waldreg.character.management.DefaultCharacterManager, class org.waldreg.character.permission.management.PermissionUnitManager}', contextInitializerClasses = '[]', activeProfiles = '{}', propertySourceLocations = '{}', propertySourceProperties = '{}', contextCustomizers = set[org.springframework.boot.test.autoconfigure.actuate.metrics.MetricsExportContextCustomizerFactory$DisableMetricExportContextCustomizer@7a67e3c6, org.springframework.boot.test.autoconfigure.properties.PropertyMappingContextCustomizer@0, org.springframework.boot.test.autoconfigure.web.servlet.WebDriverContextCustomizerFactory$Customizer@1800a575, org.springframework.boot.test.context.filter.ExcludeFilterContextCustomizer@5ddf0d24, org.springframework.boot.test.json.DuplicateJsonObjectContextCustomizerFactory$DuplicateJsonObjectContextCustomizer@141e5bef, org.springframework.boot.test.mock.mockito.MockitoContextCustomizer@341775], contextLoader = 'org.springframework.test.context.support.DelegatingSmartContextLoader', parent = [null]]]
01:05:48.710 [Test worker] DEBUG org.springframework.test.context.cache - Spring test ApplicationContext cache statistics: [DefaultContextCache@bd1111a size = 2, maxSize = 32, parentContextCount = 0, hitCount = 177, missCount = 2]
01:05:48.710 [Test worker] DEBUG org.springframework.test.context.cache.DefaultCacheAwareContextLoaderDelegate - Retrieved ApplicationContext [1881309779] from cache with key [[MergedContextConfiguration@75ae4a1f testClass = DefaultCharacterManagerTest, locations = '{}', classes = '{class org.waldreg.character.management.DefaultCharacterManager, class org.waldreg.character.permission.management.PermissionUnitManager}', contextInitializerClasses = '[]', activeProfiles = '{}', propertySourceLocations = '{}', propertySourceProperties = '{}', contextCustomizers = set[org.springframework.boot.test.autoconfigure.actuate.metrics.MetricsExportContextCustomizerFactory$DisableMetricExportContextCustomizer@7a67e3c6, org.springframework.boot.test.autoconfigure.properties.PropertyMappingContextCustomizer@0, org.springframework.boot.test.autoconfigure.web.servlet.WebDriverContextCustomizerFactory$Customizer@1800a575, org.springframework.boot.test.context.filter.ExcludeFilterContextCustomizer@5ddf0d24, org.springframework.boot.test.json.DuplicateJsonObjectContextCustomizerFactory$DuplicateJsonObjectContextCustomizer@141e5bef, org.springframework.boot.test.mock.mockito.MockitoContextCustomizer@341775], contextLoader = 'org.springframework.test.context.support.DelegatingSmartContextLoader', parent = [null]]]
01:05:48.710 [Test worker] DEBUG org.springframework.test.context.cache - Spring test ApplicationContext cache statistics: [DefaultContextCache@bd1111a size = 2, maxSize = 32, parentContextCount = 0, hitCount = 178, missCount = 2]
01:05:48.722 [Test worker] DEBUG org.springframework.test.context.cache.DefaultCacheAwareContextLoaderDelegate - Retrieved ApplicationContext [1881309779] from cache with key [[MergedContextConfiguration@75ae4a1f testClass = DefaultCharacterManagerTest, locations = '{}', classes = '{class org.waldreg.character.management.DefaultCharacterManager, class org.waldreg.character.permission.management.PermissionUnitManager}', contextInitializerClasses = '[]', activeProfiles = '{}', propertySourceLocations = '{}', propertySourceProperties = '{}', contextCustomizers = set[org.springframework.boot.test.autoconfigure.actuate.metrics.MetricsExportContextCustomizerFactory$DisableMetricExportContextCustomizer@7a67e3c6, org.springframework.boot.test.autoconfigure.properties.PropertyMappingContextCustomizer@0, org.springframework.boot.test.autoconfigure.web.servlet.WebDriverContextCustomizerFactory$Customizer@1800a575, org.springframework.boot.test.context.filter.ExcludeFilterContextCustomizer@5ddf0d24, org.springframework.boot.test.json.DuplicateJsonObjectContextCustomizerFactory$DuplicateJsonObjectContextCustomizer@141e5bef, org.springframework.boot.test.mock.mockito.MockitoContextCustomizer@341775], contextLoader = 'org.springframework.test.context.support.DelegatingSmartContextLoader', parent = [null]]]
01:05:48.722 [Test worker] DEBUG org.springframework.test.context.cache - Spring test ApplicationContext cache statistics: [DefaultContextCache@bd1111a size = 2, maxSize = 32, parentContextCount = 0, hitCount = 179, missCount = 2]
01:05:48.722 [Test worker] DEBUG org.springframework.test.context.support.AbstractDirtiesContextTestExecutionListener - After test method: context [DefaultTestContext@9596ce8 testClass = DefaultCharacterManagerTest, testInstance = org.waldreg.character.management.DefaultCharacterManagerTest@6573d2f7, testMethod = UPDATE_CHARACTER_SUCCESS_TEST@DefaultCharacterManagerTest, testException = [null], mergedContextConfiguration = [MergedContextConfiguration@75ae4a1f testClass = DefaultCharacterManagerTest, locations = '{}', classes = '{class org.waldreg.character.management.DefaultCharacterManager, class org.waldreg.character.permission.management.PermissionUnitManager}', contextInitializerClasses = '[]', activeProfiles = '{}', propertySourceLocations = '{}', propertySourceProperties = '{}', contextCustomizers = set[org.springframework.boot.test.autoconfigure.actuate.metrics.MetricsExportContextCustomizerFactory$DisableMetricExportContextCustomizer@7a67e3c6, org.springframework.boot.test.autoconfigure.properties.PropertyMappingContextCustomizer@0, org.springframework.boot.test.autoconfigure.web.servlet.WebDriverContextCustomizerFactory$Customizer@1800a575, org.springframework.boot.test.context.filter.ExcludeFilterContextCustomizer@5ddf0d24, org.springframework.boot.test.json.DuplicateJsonObjectContextCustomizerFactory$DuplicateJsonObjectContextCustomizer@141e5bef, org.springframework.boot.test.mock.mockito.MockitoContextCustomizer@341775], contextLoader = 'org.springframework.test.context.support.DelegatingSmartContextLoader', parent = [null]], attributes = map['org.springframework.test.context.event.ApplicationEventsTestExecutionListener.recordApplicationEvents' -> false]], class annotated with @DirtiesContext [false] with mode [null], method annotated with @DirtiesContext [false] with mode [null].
01:05:48.723 [Test worker] DEBUG org.springframework.test.context.cache.DefaultCacheAwareContextLoaderDelegate - Retrieved ApplicationContext [1881309779] from cache with key [[MergedContextConfiguration@75ae4a1f testClass = DefaultCharacterManagerTest, locations = '{}', classes = '{class org.waldreg.character.management.DefaultCharacterManager, class org.waldreg.character.permission.management.PermissionUnitManager}', contextInitializerClasses = '[]', activeProfiles = '{}', propertySourceLocations = '{}', propertySourceProperties = '{}', contextCustomizers = set[org.springframework.boot.test.autoconfigure.actuate.metrics.MetricsExportContextCustomizerFactory$DisableMetricExportContextCustomizer@7a67e3c6, org.springframework.boot.test.autoconfigure.properties.PropertyMappingContextCustomizer@0, org.springframework.boot.test.autoconfigure.web.servlet.WebDriverContextCustomizerFactory$Customizer@1800a575, org.springframework.boot.test.context.filter.ExcludeFilterContextCustomizer@5ddf0d24, org.springframework.boot.test.json.DuplicateJsonObjectContextCustomizerFactory$DuplicateJsonObjectContextCustomizer@141e5bef, org.springframework.boot.test.mock.mockito.MockitoContextCustomizer@341775], contextLoader = 'org.springframework.test.context.support.DelegatingSmartContextLoader', parent = [null]]]
01:05:48.723 [Test worker] DEBUG org.springframework.test.context.cache - Spring test ApplicationContext cache statistics: [DefaultContextCache@bd1111a size = 2, maxSize = 32, parentContextCount = 0, hitCount = 180, missCount = 2]
01:05:48.723 [Test worker] DEBUG org.springframework.test.context.support.AbstractDirtiesContextTestExecutionListener - After test class: context [DefaultTestContext@9596ce8 testClass = DefaultCharacterManagerTest, testInstance = [null], testMethod = [null], testException = [null], mergedContextConfiguration = [MergedContextConfiguration@75ae4a1f testClass = DefaultCharacterManagerTest, locations = '{}', classes = '{class org.waldreg.character.management.DefaultCharacterManager, class org.waldreg.character.permission.management.PermissionUnitManager}', contextInitializerClasses = '[]', activeProfiles = '{}', propertySourceLocations = '{}', propertySourceProperties = '{}', contextCustomizers = set[org.springframework.boot.test.autoconfigure.actuate.metrics.MetricsExportContextCustomizerFactory$DisableMetricExportContextCustomizer@7a67e3c6, org.springframework.boot.test.autoconfigure.properties.PropertyMappingContextCustomizer@0, org.springframework.boot.test.autoconfigure.web.servlet.WebDriverContextCustomizerFactory$Customizer@1800a575, org.springframework.boot.test.context.filter.ExcludeFilterContextCustomizer@5ddf0d24, org.springframework.boot.test.json.DuplicateJsonObjectContextCustomizerFactory$DuplicateJsonObjectContextCustomizer@141e5bef, org.springframework.boot.test.mock.mockito.MockitoContextCustomizer@341775], contextLoader = 'org.springframework.test.context.support.DelegatingSmartContextLoader', parent = [null]], attributes = map['org.springframework.test.context.event.ApplicationEventsTestExecutionListener.recordApplicationEvents' -> false]], class annotated with @DirtiesContext [false] with mode [null].
]]></system-out>
  <system-err><![CDATA[]]></system-err>
</testsuite>
