<?xml version="1.0" encoding="UTF-8"?>
<testsuite name="org.waldreg.character.permission.extension.PermissionExtensionTest" tests="2" skipped="0" failures="0" errors="0" timestamp="2023-01-13T10:54:59" hostname="xb-apple.local" time="0.136">
  <properties/>
  <testcase name="새로운 역할 확장 테스트" classname="org.waldreg.character.permission.extension.PermissionExtensionTest" time="0.129"/>
  <testcase name="새로운 역할 확장 실패 테스트 - 중복 이름" classname="org.waldreg.character.permission.extension.PermissionExtensionTest" time="0.006"/>
  <system-out><![CDATA[19:54:58.873 [Test worker] DEBUG org.springframework.test.context.BootstrapUtils - Instantiating CacheAwareContextLoaderDelegate from class [org.springframework.test.context.cache.DefaultCacheAwareContextLoaderDelegate]
19:54:58.877 [Test worker] DEBUG org.springframework.test.context.BootstrapUtils - Instantiating BootstrapContext using constructor [public org.springframework.test.context.support.DefaultBootstrapContext(java.lang.Class,org.springframework.test.context.CacheAwareContextLoaderDelegate)]
19:54:58.886 [Test worker] DEBUG org.springframework.test.context.BootstrapUtils - Instantiating TestContextBootstrapper for test class [org.waldreg.character.permission.extension.PermissionExtensionTest] from class [org.springframework.test.context.support.DefaultTestContextBootstrapper]
19:54:58.893 [Test worker] DEBUG org.springframework.test.context.support.AbstractDelegatingSmartContextLoader - Delegating to AnnotationConfigContextLoader to process context configuration [ContextConfigurationAttributes@293a5f75 declaringClass = 'org.waldreg.character.permission.extension.PermissionExtensionTest', classes = '{class org.waldreg.character.permission.extension.PermissionExtension, class org.waldreg.character.permission.management.PermissionUnitManager, class org.waldreg.character.config.PermissionConfiguration}', locations = '{}', inheritLocations = true, initializers = '{}', inheritInitializers = true, name = [null], contextLoaderClass = 'org.springframework.test.context.ContextLoader'].
19:54:58.910 [Test worker] DEBUG org.springframework.test.context.support.ActiveProfilesUtils - Could not find an 'annotation declaring class' for annotation type [org.springframework.test.context.ActiveProfiles] and class [org.waldreg.character.permission.extension.PermissionExtensionTest]
19:54:58.911 [Test worker] DEBUG org.springframework.test.context.support.DefaultTestContextBootstrapper - @TestExecutionListeners is not present for class [org.waldreg.character.permission.extension.PermissionExtensionTest]: using defaults.
19:54:58.913 [Test worker] INFO org.springframework.test.context.support.DefaultTestContextBootstrapper - Loaded default TestExecutionListener class names from location [META-INF/spring.factories]: [org.springframework.boot.test.autoconfigure.restdocs.RestDocsTestExecutionListener, org.springframework.boot.test.autoconfigure.web.client.MockRestServiceServerResetTestExecutionListener, org.springframework.boot.test.autoconfigure.web.servlet.MockMvcPrintOnlyOnFailureTestExecutionListener, org.springframework.boot.test.autoconfigure.web.servlet.WebDriverTestExecutionListener, org.springframework.boot.test.autoconfigure.webservices.client.MockWebServiceServerTestExecutionListener, org.springframework.boot.test.mock.mockito.MockitoTestExecutionListener, org.springframework.boot.test.mock.mockito.ResetMocksTestExecutionListener, org.springframework.test.context.web.ServletTestExecutionListener, org.springframework.test.context.support.DirtiesContextBeforeModesTestExecutionListener, org.springframework.test.context.event.ApplicationEventsTestExecutionListener, org.springframework.test.context.support.DependencyInjectionTestExecutionListener, org.springframework.test.context.support.DirtiesContextTestExecutionListener, org.springframework.test.context.transaction.TransactionalTestExecutionListener, org.springframework.test.context.jdbc.SqlScriptsTestExecutionListener, org.springframework.test.context.event.EventPublishingTestExecutionListener]
19:54:58.918 [Test worker] DEBUG org.springframework.test.context.support.DefaultTestContextBootstrapper - Skipping candidate TestExecutionListener [org.springframework.test.context.web.ServletTestExecutionListener] due to a missing dependency. Specify custom listener classes or make the default listener classes and their required dependencies available. Offending class: [javax/servlet/ServletContext]
19:54:58.919 [Test worker] DEBUG org.springframework.test.context.support.DefaultTestContextBootstrapper - Skipping candidate TestExecutionListener [org.springframework.test.context.transaction.TransactionalTestExecutionListener] due to a missing dependency. Specify custom listener classes or make the default listener classes and their required dependencies available. Offending class: [org/springframework/transaction/interceptor/TransactionAttributeSource]
19:54:58.919 [Test worker] DEBUG org.springframework.test.context.support.DefaultTestContextBootstrapper - Skipping candidate TestExecutionListener [org.springframework.test.context.jdbc.SqlScriptsTestExecutionListener] due to a missing dependency. Specify custom listener classes or make the default listener classes and their required dependencies available. Offending class: [org/springframework/transaction/interceptor/TransactionAttribute]
19:54:58.919 [Test worker] INFO org.springframework.test.context.support.DefaultTestContextBootstrapper - Using TestExecutionListeners: [org.springframework.test.context.support.DirtiesContextBeforeModesTestExecutionListener@2262b621, org.springframework.test.context.event.ApplicationEventsTestExecutionListener@7e928e2f, org.springframework.boot.test.mock.mockito.MockitoTestExecutionListener@f667fe, org.springframework.test.context.support.DependencyInjectionTestExecutionListener@788fcafb, org.springframework.test.context.support.DirtiesContextTestExecutionListener@4febb875, org.springframework.test.context.event.EventPublishingTestExecutionListener@25e2a451, org.springframework.boot.test.autoconfigure.restdocs.RestDocsTestExecutionListener@1698ee84, org.springframework.boot.test.autoconfigure.web.client.MockRestServiceServerResetTestExecutionListener@10c626be, org.springframework.boot.test.autoconfigure.web.servlet.MockMvcPrintOnlyOnFailureTestExecutionListener@2fc0cc3, org.springframework.boot.test.autoconfigure.web.servlet.WebDriverTestExecutionListener@328cf0e1, org.springframework.boot.test.autoconfigure.webservices.client.MockWebServiceServerTestExecutionListener@63b1d4fa, org.springframework.boot.test.mock.mockito.ResetMocksTestExecutionListener@42e3ede4]
19:54:58.920 [Test worker] DEBUG org.springframework.test.context.support.AbstractDirtiesContextTestExecutionListener - Before test class: context [DefaultTestContext@30bcf3c1 testClass = PermissionExtensionTest, testInstance = [null], testMethod = [null], testException = [null], mergedContextConfiguration = [MergedContextConfiguration@2a3c96e3 testClass = PermissionExtensionTest, locations = '{}', classes = '{class org.waldreg.character.permission.extension.PermissionExtension, class org.waldreg.character.permission.management.PermissionUnitManager, class org.waldreg.character.config.PermissionConfiguration}', contextInitializerClasses = '[]', activeProfiles = '{}', propertySourceLocations = '{}', propertySourceProperties = '{}', contextCustomizers = set[org.springframework.boot.test.autoconfigure.actuate.metrics.MetricsExportContextCustomizerFactory$DisableMetricExportContextCustomizer@47a5b70d, org.springframework.boot.test.autoconfigure.properties.PropertyMappingContextCustomizer@0, org.springframework.boot.test.autoconfigure.web.servlet.WebDriverContextCustomizerFactory$Customizer@3d3ba765, org.springframework.boot.test.context.filter.ExcludeFilterContextCustomizer@5c18016b, org.springframework.boot.test.json.DuplicateJsonObjectContextCustomizerFactory$DuplicateJsonObjectContextCustomizer@e98770d, org.springframework.boot.test.mock.mockito.MockitoContextCustomizer@0], contextLoader = 'org.springframework.test.context.support.DelegatingSmartContextLoader', parent = [null]], attributes = map[[empty]]], class annotated with @DirtiesContext [false] with mode [null].
19:54:58.925 [Test worker] DEBUG org.springframework.test.context.support.DependencyInjectionTestExecutionListener - Performing dependency injection for test context [[DefaultTestContext@30bcf3c1 testClass = PermissionExtensionTest, testInstance = org.waldreg.character.permission.extension.PermissionExtensionTest@58ebfd03, testMethod = [null], testException = [null], mergedContextConfiguration = [MergedContextConfiguration@2a3c96e3 testClass = PermissionExtensionTest, locations = '{}', classes = '{class org.waldreg.character.permission.extension.PermissionExtension, class org.waldreg.character.permission.management.PermissionUnitManager, class org.waldreg.character.config.PermissionConfiguration}', contextInitializerClasses = '[]', activeProfiles = '{}', propertySourceLocations = '{}', propertySourceProperties = '{}', contextCustomizers = set[org.springframework.boot.test.autoconfigure.actuate.metrics.MetricsExportContextCustomizerFactory$DisableMetricExportContextCustomizer@47a5b70d, org.springframework.boot.test.autoconfigure.properties.PropertyMappingContextCustomizer@0, org.springframework.boot.test.autoconfigure.web.servlet.WebDriverContextCustomizerFactory$Customizer@3d3ba765, org.springframework.boot.test.context.filter.ExcludeFilterContextCustomizer@5c18016b, org.springframework.boot.test.json.DuplicateJsonObjectContextCustomizerFactory$DuplicateJsonObjectContextCustomizer@e98770d, org.springframework.boot.test.mock.mockito.MockitoContextCustomizer@0], contextLoader = 'org.springframework.test.context.support.DelegatingSmartContextLoader', parent = [null]], attributes = map['org.springframework.test.context.event.ApplicationEventsTestExecutionListener.recordApplicationEvents' -> false]]].
19:54:58.925 [Test worker] DEBUG org.springframework.test.context.support.AbstractDelegatingSmartContextLoader - Delegating to AnnotationConfigContextLoader to load context from [MergedContextConfiguration@2a3c96e3 testClass = PermissionExtensionTest, locations = '{}', classes = '{class org.waldreg.character.permission.extension.PermissionExtension, class org.waldreg.character.permission.management.PermissionUnitManager, class org.waldreg.character.config.PermissionConfiguration}', contextInitializerClasses = '[]', activeProfiles = '{}', propertySourceLocations = '{}', propertySourceProperties = '{}', contextCustomizers = set[org.springframework.boot.test.autoconfigure.actuate.metrics.MetricsExportContextCustomizerFactory$DisableMetricExportContextCustomizer@47a5b70d, org.springframework.boot.test.autoconfigure.properties.PropertyMappingContextCustomizer@0, org.springframework.boot.test.autoconfigure.web.servlet.WebDriverContextCustomizerFactory$Customizer@3d3ba765, org.springframework.boot.test.context.filter.ExcludeFilterContextCustomizer@5c18016b, org.springframework.boot.test.json.DuplicateJsonObjectContextCustomizerFactory$DuplicateJsonObjectContextCustomizer@e98770d, org.springframework.boot.test.mock.mockito.MockitoContextCustomizer@0], contextLoader = 'org.springframework.test.context.support.DelegatingSmartContextLoader', parent = [null]].
19:54:58.925 [Test worker] DEBUG org.springframework.test.context.support.AbstractGenericContextLoader - Loading ApplicationContext for merged context configuration [[MergedContextConfiguration@2a3c96e3 testClass = PermissionExtensionTest, locations = '{}', classes = '{class org.waldreg.character.permission.extension.PermissionExtension, class org.waldreg.character.permission.management.PermissionUnitManager, class org.waldreg.character.config.PermissionConfiguration}', contextInitializerClasses = '[]', activeProfiles = '{}', propertySourceLocations = '{}', propertySourceProperties = '{}', contextCustomizers = set[org.springframework.boot.test.autoconfigure.actuate.metrics.MetricsExportContextCustomizerFactory$DisableMetricExportContextCustomizer@47a5b70d, org.springframework.boot.test.autoconfigure.properties.PropertyMappingContextCustomizer@0, org.springframework.boot.test.autoconfigure.web.servlet.WebDriverContextCustomizerFactory$Customizer@3d3ba765, org.springframework.boot.test.context.filter.ExcludeFilterContextCustomizer@5c18016b, org.springframework.boot.test.json.DuplicateJsonObjectContextCustomizerFactory$DuplicateJsonObjectContextCustomizer@e98770d, org.springframework.boot.test.mock.mockito.MockitoContextCustomizer@0], contextLoader = 'org.springframework.test.context.support.DelegatingSmartContextLoader', parent = [null]]].
19:54:58.938 [Test worker] DEBUG org.springframework.core.env.StandardEnvironment - Activating profiles []
19:54:58.938 [Test worker] DEBUG org.springframework.test.context.support.AnnotationConfigContextLoader - Registering component classes: {class org.waldreg.character.permission.extension.PermissionExtension, class org.waldreg.character.permission.management.PermissionUnitManager, class org.waldreg.character.config.PermissionConfiguration}
19:54:58.954 [Test worker] DEBUG org.springframework.context.support.GenericApplicationContext - Refreshing org.springframework.context.support.GenericApplicationContext@4721d212
19:54:58.959 [Test worker] DEBUG org.springframework.beans.factory.support.DefaultListableBeanFactory - Creating shared instance of singleton bean 'org.springframework.context.annotation.internalConfigurationAnnotationProcessor'
19:54:58.999 [Test worker] DEBUG org.springframework.beans.factory.support.DefaultListableBeanFactory - Creating shared instance of singleton bean 'org.springframework.boot.test.mock.mockito.MockitoPostProcessor'
19:54:59.004 [Test worker] DEBUG org.springframework.beans.factory.support.DefaultListableBeanFactory - Creating shared instance of singleton bean 'org.springframework.context.event.internalEventListenerProcessor'
19:54:59.004 [Test worker] DEBUG org.springframework.beans.factory.support.DefaultListableBeanFactory - Creating shared instance of singleton bean 'org.springframework.context.event.internalEventListenerFactory'
19:54:59.005 [Test worker] DEBUG org.springframework.beans.factory.support.DefaultListableBeanFactory - Creating shared instance of singleton bean 'org.springframework.context.annotation.internalAutowiredAnnotationProcessor'
19:54:59.005 [Test worker] DEBUG org.springframework.beans.factory.support.DefaultListableBeanFactory - Creating shared instance of singleton bean 'org.springframework.context.annotation.internalCommonAnnotationProcessor'
19:54:59.009 [Test worker] DEBUG org.springframework.beans.factory.support.DefaultListableBeanFactory - Creating shared instance of singleton bean 'org.springframework.boot.test.mock.mockito.MockitoPostProcessor$SpyPostProcessor'
19:54:59.014 [Test worker] DEBUG org.springframework.beans.factory.support.DefaultListableBeanFactory - Creating shared instance of singleton bean 'permissionExtension'
19:54:59.016 [Test worker] DEBUG org.springframework.beans.factory.support.DefaultListableBeanFactory - Creating shared instance of singleton bean 'permissionUnitManager'
19:54:59.026 [Test worker] DEBUG org.springframework.beans.factory.support.DefaultListableBeanFactory - Autowiring by type from bean name 'permissionExtension' via constructor to bean named 'permissionUnitManager'
19:54:59.027 [Test worker] DEBUG org.springframework.beans.factory.support.DefaultListableBeanFactory - Creating shared instance of singleton bean 'permissionConfiguration'
19:54:59.027 [Test worker] DEBUG org.springframework.core.LocalVariableTableParameterNameDiscoverer - Cannot find '.class' file for class [class org.waldreg.character.config.PermissionConfiguration$$EnhancerBySpringCGLIB$$4fab2e9c] - unable to determine constructor/method parameter names
19:54:59.027 [Test worker] DEBUG org.springframework.beans.factory.support.DefaultListableBeanFactory - Autowiring by type from bean name 'permissionConfiguration' via constructor to bean named 'permissionExtension'
19:54:59.029 [Test worker] DEBUG org.springframework.beans.factory.support.DefaultListableBeanFactory - Creating shared instance of singleton bean 'extendCharacterManagerPermission'
19:54:59.037 [Test worker] DEBUG org.springframework.test.context.cache.DefaultCacheAwareContextLoaderDelegate - Storing ApplicationContext [1193398802] in cache under key [[MergedContextConfiguration@2a3c96e3 testClass = PermissionExtensionTest, locations = '{}', classes = '{class org.waldreg.character.permission.extension.PermissionExtension, class org.waldreg.character.permission.management.PermissionUnitManager, class org.waldreg.character.config.PermissionConfiguration}', contextInitializerClasses = '[]', activeProfiles = '{}', propertySourceLocations = '{}', propertySourceProperties = '{}', contextCustomizers = set[org.springframework.boot.test.autoconfigure.actuate.metrics.MetricsExportContextCustomizerFactory$DisableMetricExportContextCustomizer@47a5b70d, org.springframework.boot.test.autoconfigure.properties.PropertyMappingContextCustomizer@0, org.springframework.boot.test.autoconfigure.web.servlet.WebDriverContextCustomizerFactory$Customizer@3d3ba765, org.springframework.boot.test.context.filter.ExcludeFilterContextCustomizer@5c18016b, org.springframework.boot.test.json.DuplicateJsonObjectContextCustomizerFactory$DuplicateJsonObjectContextCustomizer@e98770d, org.springframework.boot.test.mock.mockito.MockitoContextCustomizer@0], contextLoader = 'org.springframework.test.context.support.DelegatingSmartContextLoader', parent = [null]]]
19:54:59.037 [Test worker] DEBUG org.springframework.test.context.cache - Spring test ApplicationContext cache statistics: [DefaultContextCache@39ce27f2 size = 1, maxSize = 32, parentContextCount = 0, hitCount = 0, missCount = 1]
19:54:59.039 [Test worker] DEBUG org.springframework.test.context.cache.DefaultCacheAwareContextLoaderDelegate - Retrieved ApplicationContext [1193398802] from cache with key [[MergedContextConfiguration@2a3c96e3 testClass = PermissionExtensionTest, locations = '{}', classes = '{class org.waldreg.character.permission.extension.PermissionExtension, class org.waldreg.character.permission.management.PermissionUnitManager, class org.waldreg.character.config.PermissionConfiguration}', contextInitializerClasses = '[]', activeProfiles = '{}', propertySourceLocations = '{}', propertySourceProperties = '{}', contextCustomizers = set[org.springframework.boot.test.autoconfigure.actuate.metrics.MetricsExportContextCustomizerFactory$DisableMetricExportContextCustomizer@47a5b70d, org.springframework.boot.test.autoconfigure.properties.PropertyMappingContextCustomizer@0, org.springframework.boot.test.autoconfigure.web.servlet.WebDriverContextCustomizerFactory$Customizer@3d3ba765, org.springframework.boot.test.context.filter.ExcludeFilterContextCustomizer@5c18016b, org.springframework.boot.test.json.DuplicateJsonObjectContextCustomizerFactory$DuplicateJsonObjectContextCustomizer@e98770d, org.springframework.boot.test.mock.mockito.MockitoContextCustomizer@0], contextLoader = 'org.springframework.test.context.support.DelegatingSmartContextLoader', parent = [null]]]
19:54:59.040 [Test worker] DEBUG org.springframework.test.context.cache - Spring test ApplicationContext cache statistics: [DefaultContextCache@39ce27f2 size = 1, maxSize = 32, parentContextCount = 0, hitCount = 1, missCount = 1]
19:54:59.041 [Test worker] DEBUG org.springframework.test.context.support.AbstractDirtiesContextTestExecutionListener - Before test method: context [DefaultTestContext@30bcf3c1 testClass = PermissionExtensionTest, testInstance = org.waldreg.character.permission.extension.PermissionExtensionTest@58ebfd03, testMethod = EXTEND_NEW_PERMISSION_TEST@PermissionExtensionTest, testException = [null], mergedContextConfiguration = [MergedContextConfiguration@2a3c96e3 testClass = PermissionExtensionTest, locations = '{}', classes = '{class org.waldreg.character.permission.extension.PermissionExtension, class org.waldreg.character.permission.management.PermissionUnitManager, class org.waldreg.character.config.PermissionConfiguration}', contextInitializerClasses = '[]', activeProfiles = '{}', propertySourceLocations = '{}', propertySourceProperties = '{}', contextCustomizers = set[org.springframework.boot.test.autoconfigure.actuate.metrics.MetricsExportContextCustomizerFactory$DisableMetricExportContextCustomizer@47a5b70d, org.springframework.boot.test.autoconfigure.properties.PropertyMappingContextCustomizer@0, org.springframework.boot.test.autoconfigure.web.servlet.WebDriverContextCustomizerFactory$Customizer@3d3ba765, org.springframework.boot.test.context.filter.ExcludeFilterContextCustomizer@5c18016b, org.springframework.boot.test.json.DuplicateJsonObjectContextCustomizerFactory$DuplicateJsonObjectContextCustomizer@e98770d, org.springframework.boot.test.mock.mockito.MockitoContextCustomizer@0], contextLoader = 'org.springframework.test.context.support.DelegatingSmartContextLoader', parent = [null]], attributes = map['org.springframework.test.context.event.ApplicationEventsTestExecutionListener.recordApplicationEvents' -> false]], class annotated with @DirtiesContext [false] with mode [null], method annotated with @DirtiesContext [false] with mode [null].
19:54:59.042 [Test worker] DEBUG org.springframework.test.context.cache.DefaultCacheAwareContextLoaderDelegate - Retrieved ApplicationContext [1193398802] from cache with key [[MergedContextConfiguration@2a3c96e3 testClass = PermissionExtensionTest, locations = '{}', classes = '{class org.waldreg.character.permission.extension.PermissionExtension, class org.waldreg.character.permission.management.PermissionUnitManager, class org.waldreg.character.config.PermissionConfiguration}', contextInitializerClasses = '[]', activeProfiles = '{}', propertySourceLocations = '{}', propertySourceProperties = '{}', contextCustomizers = set[org.springframework.boot.test.autoconfigure.actuate.metrics.MetricsExportContextCustomizerFactory$DisableMetricExportContextCustomizer@47a5b70d, org.springframework.boot.test.autoconfigure.properties.PropertyMappingContextCustomizer@0, org.springframework.boot.test.autoconfigure.web.servlet.WebDriverContextCustomizerFactory$Customizer@3d3ba765, org.springframework.boot.test.context.filter.ExcludeFilterContextCustomizer@5c18016b, org.springframework.boot.test.json.DuplicateJsonObjectContextCustomizerFactory$DuplicateJsonObjectContextCustomizer@e98770d, org.springframework.boot.test.mock.mockito.MockitoContextCustomizer@0], contextLoader = 'org.springframework.test.context.support.DelegatingSmartContextLoader', parent = [null]]]
19:54:59.042 [Test worker] DEBUG org.springframework.test.context.cache - Spring test ApplicationContext cache statistics: [DefaultContextCache@39ce27f2 size = 1, maxSize = 32, parentContextCount = 0, hitCount = 2, missCount = 1]
19:54:59.042 [Test worker] DEBUG org.springframework.test.context.cache.DefaultCacheAwareContextLoaderDelegate - Retrieved ApplicationContext [1193398802] from cache with key [[MergedContextConfiguration@2a3c96e3 testClass = PermissionExtensionTest, locations = '{}', classes = '{class org.waldreg.character.permission.extension.PermissionExtension, class org.waldreg.character.permission.management.PermissionUnitManager, class org.waldreg.character.config.PermissionConfiguration}', contextInitializerClasses = '[]', activeProfiles = '{}', propertySourceLocations = '{}', propertySourceProperties = '{}', contextCustomizers = set[org.springframework.boot.test.autoconfigure.actuate.metrics.MetricsExportContextCustomizerFactory$DisableMetricExportContextCustomizer@47a5b70d, org.springframework.boot.test.autoconfigure.properties.PropertyMappingContextCustomizer@0, org.springframework.boot.test.autoconfigure.web.servlet.WebDriverContextCustomizerFactory$Customizer@3d3ba765, org.springframework.boot.test.context.filter.ExcludeFilterContextCustomizer@5c18016b, org.springframework.boot.test.json.DuplicateJsonObjectContextCustomizerFactory$DuplicateJsonObjectContextCustomizer@e98770d, org.springframework.boot.test.mock.mockito.MockitoContextCustomizer@0], contextLoader = 'org.springframework.test.context.support.DelegatingSmartContextLoader', parent = [null]]]
19:54:59.042 [Test worker] DEBUG org.springframework.test.context.cache - Spring test ApplicationContext cache statistics: [DefaultContextCache@39ce27f2 size = 1, maxSize = 32, parentContextCount = 0, hitCount = 3, missCount = 1]
19:54:59.163 [Test worker] DEBUG org.springframework.test.context.cache.DefaultCacheAwareContextLoaderDelegate - Retrieved ApplicationContext [1193398802] from cache with key [[MergedContextConfiguration@2a3c96e3 testClass = PermissionExtensionTest, locations = '{}', classes = '{class org.waldreg.character.permission.extension.PermissionExtension, class org.waldreg.character.permission.management.PermissionUnitManager, class org.waldreg.character.config.PermissionConfiguration}', contextInitializerClasses = '[]', activeProfiles = '{}', propertySourceLocations = '{}', propertySourceProperties = '{}', contextCustomizers = set[org.springframework.boot.test.autoconfigure.actuate.metrics.MetricsExportContextCustomizerFactory$DisableMetricExportContextCustomizer@47a5b70d, org.springframework.boot.test.autoconfigure.properties.PropertyMappingContextCustomizer@0, org.springframework.boot.test.autoconfigure.web.servlet.WebDriverContextCustomizerFactory$Customizer@3d3ba765, org.springframework.boot.test.context.filter.ExcludeFilterContextCustomizer@5c18016b, org.springframework.boot.test.json.DuplicateJsonObjectContextCustomizerFactory$DuplicateJsonObjectContextCustomizer@e98770d, org.springframework.boot.test.mock.mockito.MockitoContextCustomizer@0], contextLoader = 'org.springframework.test.context.support.DelegatingSmartContextLoader', parent = [null]]]
19:54:59.163 [Test worker] DEBUG org.springframework.test.context.cache - Spring test ApplicationContext cache statistics: [DefaultContextCache@39ce27f2 size = 1, maxSize = 32, parentContextCount = 0, hitCount = 4, missCount = 1]
19:54:59.166 [Test worker] DEBUG org.springframework.test.context.cache.DefaultCacheAwareContextLoaderDelegate - Retrieved ApplicationContext [1193398802] from cache with key [[MergedContextConfiguration@2a3c96e3 testClass = PermissionExtensionTest, locations = '{}', classes = '{class org.waldreg.character.permission.extension.PermissionExtension, class org.waldreg.character.permission.management.PermissionUnitManager, class org.waldreg.character.config.PermissionConfiguration}', contextInitializerClasses = '[]', activeProfiles = '{}', propertySourceLocations = '{}', propertySourceProperties = '{}', contextCustomizers = set[org.springframework.boot.test.autoconfigure.actuate.metrics.MetricsExportContextCustomizerFactory$DisableMetricExportContextCustomizer@47a5b70d, org.springframework.boot.test.autoconfigure.properties.PropertyMappingContextCustomizer@0, org.springframework.boot.test.autoconfigure.web.servlet.WebDriverContextCustomizerFactory$Customizer@3d3ba765, org.springframework.boot.test.context.filter.ExcludeFilterContextCustomizer@5c18016b, org.springframework.boot.test.json.DuplicateJsonObjectContextCustomizerFactory$DuplicateJsonObjectContextCustomizer@e98770d, org.springframework.boot.test.mock.mockito.MockitoContextCustomizer@0], contextLoader = 'org.springframework.test.context.support.DelegatingSmartContextLoader', parent = [null]]]
19:54:59.166 [Test worker] DEBUG org.springframework.test.context.cache - Spring test ApplicationContext cache statistics: [DefaultContextCache@39ce27f2 size = 1, maxSize = 32, parentContextCount = 0, hitCount = 5, missCount = 1]
19:54:59.167 [Test worker] DEBUG org.springframework.test.context.cache.DefaultCacheAwareContextLoaderDelegate - Retrieved ApplicationContext [1193398802] from cache with key [[MergedContextConfiguration@2a3c96e3 testClass = PermissionExtensionTest, locations = '{}', classes = '{class org.waldreg.character.permission.extension.PermissionExtension, class org.waldreg.character.permission.management.PermissionUnitManager, class org.waldreg.character.config.PermissionConfiguration}', contextInitializerClasses = '[]', activeProfiles = '{}', propertySourceLocations = '{}', propertySourceProperties = '{}', contextCustomizers = set[org.springframework.boot.test.autoconfigure.actuate.metrics.MetricsExportContextCustomizerFactory$DisableMetricExportContextCustomizer@47a5b70d, org.springframework.boot.test.autoconfigure.properties.PropertyMappingContextCustomizer@0, org.springframework.boot.test.autoconfigure.web.servlet.WebDriverContextCustomizerFactory$Customizer@3d3ba765, org.springframework.boot.test.context.filter.ExcludeFilterContextCustomizer@5c18016b, org.springframework.boot.test.json.DuplicateJsonObjectContextCustomizerFactory$DuplicateJsonObjectContextCustomizer@e98770d, org.springframework.boot.test.mock.mockito.MockitoContextCustomizer@0], contextLoader = 'org.springframework.test.context.support.DelegatingSmartContextLoader', parent = [null]]]
19:54:59.167 [Test worker] DEBUG org.springframework.test.context.cache - Spring test ApplicationContext cache statistics: [DefaultContextCache@39ce27f2 size = 1, maxSize = 32, parentContextCount = 0, hitCount = 6, missCount = 1]
19:54:59.167 [Test worker] DEBUG org.springframework.test.context.cache.DefaultCacheAwareContextLoaderDelegate - Retrieved ApplicationContext [1193398802] from cache with key [[MergedContextConfiguration@2a3c96e3 testClass = PermissionExtensionTest, locations = '{}', classes = '{class org.waldreg.character.permission.extension.PermissionExtension, class org.waldreg.character.permission.management.PermissionUnitManager, class org.waldreg.character.config.PermissionConfiguration}', contextInitializerClasses = '[]', activeProfiles = '{}', propertySourceLocations = '{}', propertySourceProperties = '{}', contextCustomizers = set[org.springframework.boot.test.autoconfigure.actuate.metrics.MetricsExportContextCustomizerFactory$DisableMetricExportContextCustomizer@47a5b70d, org.springframework.boot.test.autoconfigure.properties.PropertyMappingContextCustomizer@0, org.springframework.boot.test.autoconfigure.web.servlet.WebDriverContextCustomizerFactory$Customizer@3d3ba765, org.springframework.boot.test.context.filter.ExcludeFilterContextCustomizer@5c18016b, org.springframework.boot.test.json.DuplicateJsonObjectContextCustomizerFactory$DuplicateJsonObjectContextCustomizer@e98770d, org.springframework.boot.test.mock.mockito.MockitoContextCustomizer@0], contextLoader = 'org.springframework.test.context.support.DelegatingSmartContextLoader', parent = [null]]]
19:54:59.167 [Test worker] DEBUG org.springframework.test.context.cache - Spring test ApplicationContext cache statistics: [DefaultContextCache@39ce27f2 size = 1, maxSize = 32, parentContextCount = 0, hitCount = 7, missCount = 1]
19:54:59.167 [Test worker] DEBUG org.springframework.test.context.cache.DefaultCacheAwareContextLoaderDelegate - Retrieved ApplicationContext [1193398802] from cache with key [[MergedContextConfiguration@2a3c96e3 testClass = PermissionExtensionTest, locations = '{}', classes = '{class org.waldreg.character.permission.extension.PermissionExtension, class org.waldreg.character.permission.management.PermissionUnitManager, class org.waldreg.character.config.PermissionConfiguration}', contextInitializerClasses = '[]', activeProfiles = '{}', propertySourceLocations = '{}', propertySourceProperties = '{}', contextCustomizers = set[org.springframework.boot.test.autoconfigure.actuate.metrics.MetricsExportContextCustomizerFactory$DisableMetricExportContextCustomizer@47a5b70d, org.springframework.boot.test.autoconfigure.properties.PropertyMappingContextCustomizer@0, org.springframework.boot.test.autoconfigure.web.servlet.WebDriverContextCustomizerFactory$Customizer@3d3ba765, org.springframework.boot.test.context.filter.ExcludeFilterContextCustomizer@5c18016b, org.springframework.boot.test.json.DuplicateJsonObjectContextCustomizerFactory$DuplicateJsonObjectContextCustomizer@e98770d, org.springframework.boot.test.mock.mockito.MockitoContextCustomizer@0], contextLoader = 'org.springframework.test.context.support.DelegatingSmartContextLoader', parent = [null]]]
19:54:59.167 [Test worker] DEBUG org.springframework.test.context.cache - Spring test ApplicationContext cache statistics: [DefaultContextCache@39ce27f2 size = 1, maxSize = 32, parentContextCount = 0, hitCount = 8, missCount = 1]
19:54:59.168 [Test worker] DEBUG org.springframework.test.context.cache.DefaultCacheAwareContextLoaderDelegate - Retrieved ApplicationContext [1193398802] from cache with key [[MergedContextConfiguration@2a3c96e3 testClass = PermissionExtensionTest, locations = '{}', classes = '{class org.waldreg.character.permission.extension.PermissionExtension, class org.waldreg.character.permission.management.PermissionUnitManager, class org.waldreg.character.config.PermissionConfiguration}', contextInitializerClasses = '[]', activeProfiles = '{}', propertySourceLocations = '{}', propertySourceProperties = '{}', contextCustomizers = set[org.springframework.boot.test.autoconfigure.actuate.metrics.MetricsExportContextCustomizerFactory$DisableMetricExportContextCustomizer@47a5b70d, org.springframework.boot.test.autoconfigure.properties.PropertyMappingContextCustomizer@0, org.springframework.boot.test.autoconfigure.web.servlet.WebDriverContextCustomizerFactory$Customizer@3d3ba765, org.springframework.boot.test.context.filter.ExcludeFilterContextCustomizer@5c18016b, org.springframework.boot.test.json.DuplicateJsonObjectContextCustomizerFactory$DuplicateJsonObjectContextCustomizer@e98770d, org.springframework.boot.test.mock.mockito.MockitoContextCustomizer@0], contextLoader = 'org.springframework.test.context.support.DelegatingSmartContextLoader', parent = [null]]]
19:54:59.168 [Test worker] DEBUG org.springframework.test.context.cache - Spring test ApplicationContext cache statistics: [DefaultContextCache@39ce27f2 size = 1, maxSize = 32, parentContextCount = 0, hitCount = 9, missCount = 1]
19:54:59.168 [Test worker] DEBUG org.springframework.test.context.cache.DefaultCacheAwareContextLoaderDelegate - Retrieved ApplicationContext [1193398802] from cache with key [[MergedContextConfiguration@2a3c96e3 testClass = PermissionExtensionTest, locations = '{}', classes = '{class org.waldreg.character.permission.extension.PermissionExtension, class org.waldreg.character.permission.management.PermissionUnitManager, class org.waldreg.character.config.PermissionConfiguration}', contextInitializerClasses = '[]', activeProfiles = '{}', propertySourceLocations = '{}', propertySourceProperties = '{}', contextCustomizers = set[org.springframework.boot.test.autoconfigure.actuate.metrics.MetricsExportContextCustomizerFactory$DisableMetricExportContextCustomizer@47a5b70d, org.springframework.boot.test.autoconfigure.properties.PropertyMappingContextCustomizer@0, org.springframework.boot.test.autoconfigure.web.servlet.WebDriverContextCustomizerFactory$Customizer@3d3ba765, org.springframework.boot.test.context.filter.ExcludeFilterContextCustomizer@5c18016b, org.springframework.boot.test.json.DuplicateJsonObjectContextCustomizerFactory$DuplicateJsonObjectContextCustomizer@e98770d, org.springframework.boot.test.mock.mockito.MockitoContextCustomizer@0], contextLoader = 'org.springframework.test.context.support.DelegatingSmartContextLoader', parent = [null]]]
19:54:59.168 [Test worker] DEBUG org.springframework.test.context.cache - Spring test ApplicationContext cache statistics: [DefaultContextCache@39ce27f2 size = 1, maxSize = 32, parentContextCount = 0, hitCount = 10, missCount = 1]
19:54:59.168 [Test worker] DEBUG org.springframework.test.context.support.AbstractDirtiesContextTestExecutionListener - After test method: context [DefaultTestContext@30bcf3c1 testClass = PermissionExtensionTest, testInstance = org.waldreg.character.permission.extension.PermissionExtensionTest@58ebfd03, testMethod = EXTEND_NEW_PERMISSION_TEST@PermissionExtensionTest, testException = [null], mergedContextConfiguration = [MergedContextConfiguration@2a3c96e3 testClass = PermissionExtensionTest, locations = '{}', classes = '{class org.waldreg.character.permission.extension.PermissionExtension, class org.waldreg.character.permission.management.PermissionUnitManager, class org.waldreg.character.config.PermissionConfiguration}', contextInitializerClasses = '[]', activeProfiles = '{}', propertySourceLocations = '{}', propertySourceProperties = '{}', contextCustomizers = set[org.springframework.boot.test.autoconfigure.actuate.metrics.MetricsExportContextCustomizerFactory$DisableMetricExportContextCustomizer@47a5b70d, org.springframework.boot.test.autoconfigure.properties.PropertyMappingContextCustomizer@0, org.springframework.boot.test.autoconfigure.web.servlet.WebDriverContextCustomizerFactory$Customizer@3d3ba765, org.springframework.boot.test.context.filter.ExcludeFilterContextCustomizer@5c18016b, org.springframework.boot.test.json.DuplicateJsonObjectContextCustomizerFactory$DuplicateJsonObjectContextCustomizer@e98770d, org.springframework.boot.test.mock.mockito.MockitoContextCustomizer@0], contextLoader = 'org.springframework.test.context.support.DelegatingSmartContextLoader', parent = [null]], attributes = map['org.springframework.test.context.event.ApplicationEventsTestExecutionListener.recordApplicationEvents' -> false]], class annotated with @DirtiesContext [false] with mode [null], method annotated with @DirtiesContext [false] with mode [null].
19:54:59.170 [Test worker] DEBUG org.springframework.test.context.support.DependencyInjectionTestExecutionListener - Performing dependency injection for test context [[DefaultTestContext@30bcf3c1 testClass = PermissionExtensionTest, testInstance = org.waldreg.character.permission.extension.PermissionExtensionTest@53a665ad, testMethod = [null], testException = [null], mergedContextConfiguration = [MergedContextConfiguration@2a3c96e3 testClass = PermissionExtensionTest, locations = '{}', classes = '{class org.waldreg.character.permission.extension.PermissionExtension, class org.waldreg.character.permission.management.PermissionUnitManager, class org.waldreg.character.config.PermissionConfiguration}', contextInitializerClasses = '[]', activeProfiles = '{}', propertySourceLocations = '{}', propertySourceProperties = '{}', contextCustomizers = set[org.springframework.boot.test.autoconfigure.actuate.metrics.MetricsExportContextCustomizerFactory$DisableMetricExportContextCustomizer@47a5b70d, org.springframework.boot.test.autoconfigure.properties.PropertyMappingContextCustomizer@0, org.springframework.boot.test.autoconfigure.web.servlet.WebDriverContextCustomizerFactory$Customizer@3d3ba765, org.springframework.boot.test.context.filter.ExcludeFilterContextCustomizer@5c18016b, org.springframework.boot.test.json.DuplicateJsonObjectContextCustomizerFactory$DuplicateJsonObjectContextCustomizer@e98770d, org.springframework.boot.test.mock.mockito.MockitoContextCustomizer@0], contextLoader = 'org.springframework.test.context.support.DelegatingSmartContextLoader', parent = [null]], attributes = map['org.springframework.test.context.event.ApplicationEventsTestExecutionListener.recordApplicationEvents' -> false]]].
19:54:59.170 [Test worker] DEBUG org.springframework.test.context.cache.DefaultCacheAwareContextLoaderDelegate - Retrieved ApplicationContext [1193398802] from cache with key [[MergedContextConfiguration@2a3c96e3 testClass = PermissionExtensionTest, locations = '{}', classes = '{class org.waldreg.character.permission.extension.PermissionExtension, class org.waldreg.character.permission.management.PermissionUnitManager, class org.waldreg.character.config.PermissionConfiguration}', contextInitializerClasses = '[]', activeProfiles = '{}', propertySourceLocations = '{}', propertySourceProperties = '{}', contextCustomizers = set[org.springframework.boot.test.autoconfigure.actuate.metrics.MetricsExportContextCustomizerFactory$DisableMetricExportContextCustomizer@47a5b70d, org.springframework.boot.test.autoconfigure.properties.PropertyMappingContextCustomizer@0, org.springframework.boot.test.autoconfigure.web.servlet.WebDriverContextCustomizerFactory$Customizer@3d3ba765, org.springframework.boot.test.context.filter.ExcludeFilterContextCustomizer@5c18016b, org.springframework.boot.test.json.DuplicateJsonObjectContextCustomizerFactory$DuplicateJsonObjectContextCustomizer@e98770d, org.springframework.boot.test.mock.mockito.MockitoContextCustomizer@0], contextLoader = 'org.springframework.test.context.support.DelegatingSmartContextLoader', parent = [null]]]
19:54:59.170 [Test worker] DEBUG org.springframework.test.context.cache - Spring test ApplicationContext cache statistics: [DefaultContextCache@39ce27f2 size = 1, maxSize = 32, parentContextCount = 0, hitCount = 11, missCount = 1]
19:54:59.171 [Test worker] DEBUG org.springframework.test.context.cache.DefaultCacheAwareContextLoaderDelegate - Retrieved ApplicationContext [1193398802] from cache with key [[MergedContextConfiguration@2a3c96e3 testClass = PermissionExtensionTest, locations = '{}', classes = '{class org.waldreg.character.permission.extension.PermissionExtension, class org.waldreg.character.permission.management.PermissionUnitManager, class org.waldreg.character.config.PermissionConfiguration}', contextInitializerClasses = '[]', activeProfiles = '{}', propertySourceLocations = '{}', propertySourceProperties = '{}', contextCustomizers = set[org.springframework.boot.test.autoconfigure.actuate.metrics.MetricsExportContextCustomizerFactory$DisableMetricExportContextCustomizer@47a5b70d, org.springframework.boot.test.autoconfigure.properties.PropertyMappingContextCustomizer@0, org.springframework.boot.test.autoconfigure.web.servlet.WebDriverContextCustomizerFactory$Customizer@3d3ba765, org.springframework.boot.test.context.filter.ExcludeFilterContextCustomizer@5c18016b, org.springframework.boot.test.json.DuplicateJsonObjectContextCustomizerFactory$DuplicateJsonObjectContextCustomizer@e98770d, org.springframework.boot.test.mock.mockito.MockitoContextCustomizer@0], contextLoader = 'org.springframework.test.context.support.DelegatingSmartContextLoader', parent = [null]]]
19:54:59.171 [Test worker] DEBUG org.springframework.test.context.cache - Spring test ApplicationContext cache statistics: [DefaultContextCache@39ce27f2 size = 1, maxSize = 32, parentContextCount = 0, hitCount = 12, missCount = 1]
19:54:59.171 [Test worker] DEBUG org.springframework.test.context.support.AbstractDirtiesContextTestExecutionListener - Before test method: context [DefaultTestContext@30bcf3c1 testClass = PermissionExtensionTest, testInstance = org.waldreg.character.permission.extension.PermissionExtensionTest@53a665ad, testMethod = EXTEND_NEW_PERMISSION_FAIL_DUPLICATED_NAME_TEST@PermissionExtensionTest, testException = [null], mergedContextConfiguration = [MergedContextConfiguration@2a3c96e3 testClass = PermissionExtensionTest, locations = '{}', classes = '{class org.waldreg.character.permission.extension.PermissionExtension, class org.waldreg.character.permission.management.PermissionUnitManager, class org.waldreg.character.config.PermissionConfiguration}', contextInitializerClasses = '[]', activeProfiles = '{}', propertySourceLocations = '{}', propertySourceProperties = '{}', contextCustomizers = set[org.springframework.boot.test.autoconfigure.actuate.metrics.MetricsExportContextCustomizerFactory$DisableMetricExportContextCustomizer@47a5b70d, org.springframework.boot.test.autoconfigure.properties.PropertyMappingContextCustomizer@0, org.springframework.boot.test.autoconfigure.web.servlet.WebDriverContextCustomizerFactory$Customizer@3d3ba765, org.springframework.boot.test.context.filter.ExcludeFilterContextCustomizer@5c18016b, org.springframework.boot.test.json.DuplicateJsonObjectContextCustomizerFactory$DuplicateJsonObjectContextCustomizer@e98770d, org.springframework.boot.test.mock.mockito.MockitoContextCustomizer@0], contextLoader = 'org.springframework.test.context.support.DelegatingSmartContextLoader', parent = [null]], attributes = map['org.springframework.test.context.event.ApplicationEventsTestExecutionListener.recordApplicationEvents' -> false]], class annotated with @DirtiesContext [false] with mode [null], method annotated with @DirtiesContext [false] with mode [null].
19:54:59.171 [Test worker] DEBUG org.springframework.test.context.cache.DefaultCacheAwareContextLoaderDelegate - Retrieved ApplicationContext [1193398802] from cache with key [[MergedContextConfiguration@2a3c96e3 testClass = PermissionExtensionTest, locations = '{}', classes = '{class org.waldreg.character.permission.extension.PermissionExtension, class org.waldreg.character.permission.management.PermissionUnitManager, class org.waldreg.character.config.PermissionConfiguration}', contextInitializerClasses = '[]', activeProfiles = '{}', propertySourceLocations = '{}', propertySourceProperties = '{}', contextCustomizers = set[org.springframework.boot.test.autoconfigure.actuate.metrics.MetricsExportContextCustomizerFactory$DisableMetricExportContextCustomizer@47a5b70d, org.springframework.boot.test.autoconfigure.properties.PropertyMappingContextCustomizer@0, org.springframework.boot.test.autoconfigure.web.servlet.WebDriverContextCustomizerFactory$Customizer@3d3ba765, org.springframework.boot.test.context.filter.ExcludeFilterContextCustomizer@5c18016b, org.springframework.boot.test.json.DuplicateJsonObjectContextCustomizerFactory$DuplicateJsonObjectContextCustomizer@e98770d, org.springframework.boot.test.mock.mockito.MockitoContextCustomizer@0], contextLoader = 'org.springframework.test.context.support.DelegatingSmartContextLoader', parent = [null]]]
19:54:59.171 [Test worker] DEBUG org.springframework.test.context.cache - Spring test ApplicationContext cache statistics: [DefaultContextCache@39ce27f2 size = 1, maxSize = 32, parentContextCount = 0, hitCount = 13, missCount = 1]
19:54:59.172 [Test worker] DEBUG org.springframework.test.context.cache.DefaultCacheAwareContextLoaderDelegate - Retrieved ApplicationContext [1193398802] from cache with key [[MergedContextConfiguration@2a3c96e3 testClass = PermissionExtensionTest, locations = '{}', classes = '{class org.waldreg.character.permission.extension.PermissionExtension, class org.waldreg.character.permission.management.PermissionUnitManager, class org.waldreg.character.config.PermissionConfiguration}', contextInitializerClasses = '[]', activeProfiles = '{}', propertySourceLocations = '{}', propertySourceProperties = '{}', contextCustomizers = set[org.springframework.boot.test.autoconfigure.actuate.metrics.MetricsExportContextCustomizerFactory$DisableMetricExportContextCustomizer@47a5b70d, org.springframework.boot.test.autoconfigure.properties.PropertyMappingContextCustomizer@0, org.springframework.boot.test.autoconfigure.web.servlet.WebDriverContextCustomizerFactory$Customizer@3d3ba765, org.springframework.boot.test.context.filter.ExcludeFilterContextCustomizer@5c18016b, org.springframework.boot.test.json.DuplicateJsonObjectContextCustomizerFactory$DuplicateJsonObjectContextCustomizer@e98770d, org.springframework.boot.test.mock.mockito.MockitoContextCustomizer@0], contextLoader = 'org.springframework.test.context.support.DelegatingSmartContextLoader', parent = [null]]]
19:54:59.172 [Test worker] DEBUG org.springframework.test.context.cache - Spring test ApplicationContext cache statistics: [DefaultContextCache@39ce27f2 size = 1, maxSize = 32, parentContextCount = 0, hitCount = 14, missCount = 1]
19:54:59.172 [Test worker] DEBUG org.springframework.test.context.cache.DefaultCacheAwareContextLoaderDelegate - Retrieved ApplicationContext [1193398802] from cache with key [[MergedContextConfiguration@2a3c96e3 testClass = PermissionExtensionTest, locations = '{}', classes = '{class org.waldreg.character.permission.extension.PermissionExtension, class org.waldreg.character.permission.management.PermissionUnitManager, class org.waldreg.character.config.PermissionConfiguration}', contextInitializerClasses = '[]', activeProfiles = '{}', propertySourceLocations = '{}', propertySourceProperties = '{}', contextCustomizers = set[org.springframework.boot.test.autoconfigure.actuate.metrics.MetricsExportContextCustomizerFactory$DisableMetricExportContextCustomizer@47a5b70d, org.springframework.boot.test.autoconfigure.properties.PropertyMappingContextCustomizer@0, org.springframework.boot.test.autoconfigure.web.servlet.WebDriverContextCustomizerFactory$Customizer@3d3ba765, org.springframework.boot.test.context.filter.ExcludeFilterContextCustomizer@5c18016b, org.springframework.boot.test.json.DuplicateJsonObjectContextCustomizerFactory$DuplicateJsonObjectContextCustomizer@e98770d, org.springframework.boot.test.mock.mockito.MockitoContextCustomizer@0], contextLoader = 'org.springframework.test.context.support.DelegatingSmartContextLoader', parent = [null]]]
19:54:59.172 [Test worker] DEBUG org.springframework.test.context.cache - Spring test ApplicationContext cache statistics: [DefaultContextCache@39ce27f2 size = 1, maxSize = 32, parentContextCount = 0, hitCount = 15, missCount = 1]
19:54:59.175 [Test worker] DEBUG org.springframework.test.context.cache.DefaultCacheAwareContextLoaderDelegate - Retrieved ApplicationContext [1193398802] from cache with key [[MergedContextConfiguration@2a3c96e3 testClass = PermissionExtensionTest, locations = '{}', classes = '{class org.waldreg.character.permission.extension.PermissionExtension, class org.waldreg.character.permission.management.PermissionUnitManager, class org.waldreg.character.config.PermissionConfiguration}', contextInitializerClasses = '[]', activeProfiles = '{}', propertySourceLocations = '{}', propertySourceProperties = '{}', contextCustomizers = set[org.springframework.boot.test.autoconfigure.actuate.metrics.MetricsExportContextCustomizerFactory$DisableMetricExportContextCustomizer@47a5b70d, org.springframework.boot.test.autoconfigure.properties.PropertyMappingContextCustomizer@0, org.springframework.boot.test.autoconfigure.web.servlet.WebDriverContextCustomizerFactory$Customizer@3d3ba765, org.springframework.boot.test.context.filter.ExcludeFilterContextCustomizer@5c18016b, org.springframework.boot.test.json.DuplicateJsonObjectContextCustomizerFactory$DuplicateJsonObjectContextCustomizer@e98770d, org.springframework.boot.test.mock.mockito.MockitoContextCustomizer@0], contextLoader = 'org.springframework.test.context.support.DelegatingSmartContextLoader', parent = [null]]]
19:54:59.175 [Test worker] DEBUG org.springframework.test.context.cache - Spring test ApplicationContext cache statistics: [DefaultContextCache@39ce27f2 size = 1, maxSize = 32, parentContextCount = 0, hitCount = 16, missCount = 1]
19:54:59.175 [Test worker] DEBUG org.springframework.test.context.cache.DefaultCacheAwareContextLoaderDelegate - Retrieved ApplicationContext [1193398802] from cache with key [[MergedContextConfiguration@2a3c96e3 testClass = PermissionExtensionTest, locations = '{}', classes = '{class org.waldreg.character.permission.extension.PermissionExtension, class org.waldreg.character.permission.management.PermissionUnitManager, class org.waldreg.character.config.PermissionConfiguration}', contextInitializerClasses = '[]', activeProfiles = '{}', propertySourceLocations = '{}', propertySourceProperties = '{}', contextCustomizers = set[org.springframework.boot.test.autoconfigure.actuate.metrics.MetricsExportContextCustomizerFactory$DisableMetricExportContextCustomizer@47a5b70d, org.springframework.boot.test.autoconfigure.properties.PropertyMappingContextCustomizer@0, org.springframework.boot.test.autoconfigure.web.servlet.WebDriverContextCustomizerFactory$Customizer@3d3ba765, org.springframework.boot.test.context.filter.ExcludeFilterContextCustomizer@5c18016b, org.springframework.boot.test.json.DuplicateJsonObjectContextCustomizerFactory$DuplicateJsonObjectContextCustomizer@e98770d, org.springframework.boot.test.mock.mockito.MockitoContextCustomizer@0], contextLoader = 'org.springframework.test.context.support.DelegatingSmartContextLoader', parent = [null]]]
19:54:59.175 [Test worker] DEBUG org.springframework.test.context.cache - Spring test ApplicationContext cache statistics: [DefaultContextCache@39ce27f2 size = 1, maxSize = 32, parentContextCount = 0, hitCount = 17, missCount = 1]
19:54:59.176 [Test worker] DEBUG org.springframework.test.context.cache.DefaultCacheAwareContextLoaderDelegate - Retrieved ApplicationContext [1193398802] from cache with key [[MergedContextConfiguration@2a3c96e3 testClass = PermissionExtensionTest, locations = '{}', classes = '{class org.waldreg.character.permission.extension.PermissionExtension, class org.waldreg.character.permission.management.PermissionUnitManager, class org.waldreg.character.config.PermissionConfiguration}', contextInitializerClasses = '[]', activeProfiles = '{}', propertySourceLocations = '{}', propertySourceProperties = '{}', contextCustomizers = set[org.springframework.boot.test.autoconfigure.actuate.metrics.MetricsExportContextCustomizerFactory$DisableMetricExportContextCustomizer@47a5b70d, org.springframework.boot.test.autoconfigure.properties.PropertyMappingContextCustomizer@0, org.springframework.boot.test.autoconfigure.web.servlet.WebDriverContextCustomizerFactory$Customizer@3d3ba765, org.springframework.boot.test.context.filter.ExcludeFilterContextCustomizer@5c18016b, org.springframework.boot.test.json.DuplicateJsonObjectContextCustomizerFactory$DuplicateJsonObjectContextCustomizer@e98770d, org.springframework.boot.test.mock.mockito.MockitoContextCustomizer@0], contextLoader = 'org.springframework.test.context.support.DelegatingSmartContextLoader', parent = [null]]]
19:54:59.176 [Test worker] DEBUG org.springframework.test.context.cache - Spring test ApplicationContext cache statistics: [DefaultContextCache@39ce27f2 size = 1, maxSize = 32, parentContextCount = 0, hitCount = 18, missCount = 1]
19:54:59.176 [Test worker] DEBUG org.springframework.test.context.cache.DefaultCacheAwareContextLoaderDelegate - Retrieved ApplicationContext [1193398802] from cache with key [[MergedContextConfiguration@2a3c96e3 testClass = PermissionExtensionTest, locations = '{}', classes = '{class org.waldreg.character.permission.extension.PermissionExtension, class org.waldreg.character.permission.management.PermissionUnitManager, class org.waldreg.character.config.PermissionConfiguration}', contextInitializerClasses = '[]', activeProfiles = '{}', propertySourceLocations = '{}', propertySourceProperties = '{}', contextCustomizers = set[org.springframework.boot.test.autoconfigure.actuate.metrics.MetricsExportContextCustomizerFactory$DisableMetricExportContextCustomizer@47a5b70d, org.springframework.boot.test.autoconfigure.properties.PropertyMappingContextCustomizer@0, org.springframework.boot.test.autoconfigure.web.servlet.WebDriverContextCustomizerFactory$Customizer@3d3ba765, org.springframework.boot.test.context.filter.ExcludeFilterContextCustomizer@5c18016b, org.springframework.boot.test.json.DuplicateJsonObjectContextCustomizerFactory$DuplicateJsonObjectContextCustomizer@e98770d, org.springframework.boot.test.mock.mockito.MockitoContextCustomizer@0], contextLoader = 'org.springframework.test.context.support.DelegatingSmartContextLoader', parent = [null]]]
19:54:59.176 [Test worker] DEBUG org.springframework.test.context.cache - Spring test ApplicationContext cache statistics: [DefaultContextCache@39ce27f2 size = 1, maxSize = 32, parentContextCount = 0, hitCount = 19, missCount = 1]
19:54:59.176 [Test worker] DEBUG org.springframework.test.context.cache.DefaultCacheAwareContextLoaderDelegate - Retrieved ApplicationContext [1193398802] from cache with key [[MergedContextConfiguration@2a3c96e3 testClass = PermissionExtensionTest, locations = '{}', classes = '{class org.waldreg.character.permission.extension.PermissionExtension, class org.waldreg.character.permission.management.PermissionUnitManager, class org.waldreg.character.config.PermissionConfiguration}', contextInitializerClasses = '[]', activeProfiles = '{}', propertySourceLocations = '{}', propertySourceProperties = '{}', contextCustomizers = set[org.springframework.boot.test.autoconfigure.actuate.metrics.MetricsExportContextCustomizerFactory$DisableMetricExportContextCustomizer@47a5b70d, org.springframework.boot.test.autoconfigure.properties.PropertyMappingContextCustomizer@0, org.springframework.boot.test.autoconfigure.web.servlet.WebDriverContextCustomizerFactory$Customizer@3d3ba765, org.springframework.boot.test.context.filter.ExcludeFilterContextCustomizer@5c18016b, org.springframework.boot.test.json.DuplicateJsonObjectContextCustomizerFactory$DuplicateJsonObjectContextCustomizer@e98770d, org.springframework.boot.test.mock.mockito.MockitoContextCustomizer@0], contextLoader = 'org.springframework.test.context.support.DelegatingSmartContextLoader', parent = [null]]]
19:54:59.176 [Test worker] DEBUG org.springframework.test.context.cache - Spring test ApplicationContext cache statistics: [DefaultContextCache@39ce27f2 size = 1, maxSize = 32, parentContextCount = 0, hitCount = 20, missCount = 1]
19:54:59.176 [Test worker] DEBUG org.springframework.test.context.cache.DefaultCacheAwareContextLoaderDelegate - Retrieved ApplicationContext [1193398802] from cache with key [[MergedContextConfiguration@2a3c96e3 testClass = PermissionExtensionTest, locations = '{}', classes = '{class org.waldreg.character.permission.extension.PermissionExtension, class org.waldreg.character.permission.management.PermissionUnitManager, class org.waldreg.character.config.PermissionConfiguration}', contextInitializerClasses = '[]', activeProfiles = '{}', propertySourceLocations = '{}', propertySourceProperties = '{}', contextCustomizers = set[org.springframework.boot.test.autoconfigure.actuate.metrics.MetricsExportContextCustomizerFactory$DisableMetricExportContextCustomizer@47a5b70d, org.springframework.boot.test.autoconfigure.properties.PropertyMappingContextCustomizer@0, org.springframework.boot.test.autoconfigure.web.servlet.WebDriverContextCustomizerFactory$Customizer@3d3ba765, org.springframework.boot.test.context.filter.ExcludeFilterContextCustomizer@5c18016b, org.springframework.boot.test.json.DuplicateJsonObjectContextCustomizerFactory$DuplicateJsonObjectContextCustomizer@e98770d, org.springframework.boot.test.mock.mockito.MockitoContextCustomizer@0], contextLoader = 'org.springframework.test.context.support.DelegatingSmartContextLoader', parent = [null]]]
19:54:59.176 [Test worker] DEBUG org.springframework.test.context.cache - Spring test ApplicationContext cache statistics: [DefaultContextCache@39ce27f2 size = 1, maxSize = 32, parentContextCount = 0, hitCount = 21, missCount = 1]
19:54:59.176 [Test worker] DEBUG org.springframework.test.context.support.AbstractDirtiesContextTestExecutionListener - After test method: context [DefaultTestContext@30bcf3c1 testClass = PermissionExtensionTest, testInstance = org.waldreg.character.permission.extension.PermissionExtensionTest@53a665ad, testMethod = EXTEND_NEW_PERMISSION_FAIL_DUPLICATED_NAME_TEST@PermissionExtensionTest, testException = [null], mergedContextConfiguration = [MergedContextConfiguration@2a3c96e3 testClass = PermissionExtensionTest, locations = '{}', classes = '{class org.waldreg.character.permission.extension.PermissionExtension, class org.waldreg.character.permission.management.PermissionUnitManager, class org.waldreg.character.config.PermissionConfiguration}', contextInitializerClasses = '[]', activeProfiles = '{}', propertySourceLocations = '{}', propertySourceProperties = '{}', contextCustomizers = set[org.springframework.boot.test.autoconfigure.actuate.metrics.MetricsExportContextCustomizerFactory$DisableMetricExportContextCustomizer@47a5b70d, org.springframework.boot.test.autoconfigure.properties.PropertyMappingContextCustomizer@0, org.springframework.boot.test.autoconfigure.web.servlet.WebDriverContextCustomizerFactory$Customizer@3d3ba765, org.springframework.boot.test.context.filter.ExcludeFilterContextCustomizer@5c18016b, org.springframework.boot.test.json.DuplicateJsonObjectContextCustomizerFactory$DuplicateJsonObjectContextCustomizer@e98770d, org.springframework.boot.test.mock.mockito.MockitoContextCustomizer@0], contextLoader = 'org.springframework.test.context.support.DelegatingSmartContextLoader', parent = [null]], attributes = map['org.springframework.test.context.event.ApplicationEventsTestExecutionListener.recordApplicationEvents' -> false]], class annotated with @DirtiesContext [false] with mode [null], method annotated with @DirtiesContext [false] with mode [null].
19:54:59.177 [Test worker] DEBUG org.springframework.test.context.cache.DefaultCacheAwareContextLoaderDelegate - Retrieved ApplicationContext [1193398802] from cache with key [[MergedContextConfiguration@2a3c96e3 testClass = PermissionExtensionTest, locations = '{}', classes = '{class org.waldreg.character.permission.extension.PermissionExtension, class org.waldreg.character.permission.management.PermissionUnitManager, class org.waldreg.character.config.PermissionConfiguration}', contextInitializerClasses = '[]', activeProfiles = '{}', propertySourceLocations = '{}', propertySourceProperties = '{}', contextCustomizers = set[org.springframework.boot.test.autoconfigure.actuate.metrics.MetricsExportContextCustomizerFactory$DisableMetricExportContextCustomizer@47a5b70d, org.springframework.boot.test.autoconfigure.properties.PropertyMappingContextCustomizer@0, org.springframework.boot.test.autoconfigure.web.servlet.WebDriverContextCustomizerFactory$Customizer@3d3ba765, org.springframework.boot.test.context.filter.ExcludeFilterContextCustomizer@5c18016b, org.springframework.boot.test.json.DuplicateJsonObjectContextCustomizerFactory$DuplicateJsonObjectContextCustomizer@e98770d, org.springframework.boot.test.mock.mockito.MockitoContextCustomizer@0], contextLoader = 'org.springframework.test.context.support.DelegatingSmartContextLoader', parent = [null]]]
19:54:59.177 [Test worker] DEBUG org.springframework.test.context.cache - Spring test ApplicationContext cache statistics: [DefaultContextCache@39ce27f2 size = 1, maxSize = 32, parentContextCount = 0, hitCount = 22, missCount = 1]
19:54:59.177 [Test worker] DEBUG org.springframework.test.context.support.AbstractDirtiesContextTestExecutionListener - After test class: context [DefaultTestContext@30bcf3c1 testClass = PermissionExtensionTest, testInstance = [null], testMethod = [null], testException = [null], mergedContextConfiguration = [MergedContextConfiguration@2a3c96e3 testClass = PermissionExtensionTest, locations = '{}', classes = '{class org.waldreg.character.permission.extension.PermissionExtension, class org.waldreg.character.permission.management.PermissionUnitManager, class org.waldreg.character.config.PermissionConfiguration}', contextInitializerClasses = '[]', activeProfiles = '{}', propertySourceLocations = '{}', propertySourceProperties = '{}', contextCustomizers = set[org.springframework.boot.test.autoconfigure.actuate.metrics.MetricsExportContextCustomizerFactory$DisableMetricExportContextCustomizer@47a5b70d, org.springframework.boot.test.autoconfigure.properties.PropertyMappingContextCustomizer@0, org.springframework.boot.test.autoconfigure.web.servlet.WebDriverContextCustomizerFactory$Customizer@3d3ba765, org.springframework.boot.test.context.filter.ExcludeFilterContextCustomizer@5c18016b, org.springframework.boot.test.json.DuplicateJsonObjectContextCustomizerFactory$DuplicateJsonObjectContextCustomizer@e98770d, org.springframework.boot.test.mock.mockito.MockitoContextCustomizer@0], contextLoader = 'org.springframework.test.context.support.DelegatingSmartContextLoader', parent = [null]], attributes = map['org.springframework.test.context.event.ApplicationEventsTestExecutionListener.recordApplicationEvents' -> false]], class annotated with @DirtiesContext [false] with mode [null].
]]></system-out>
  <system-err><![CDATA[]]></system-err>
</testsuite>
