<?xml version="1.0" encoding="UTF-8"?>
<testsuite name="org.waldreg.character.management.DefaultCharacterManagerTest" tests="4" skipped="0" failures="0" errors="0" timestamp="2023-01-15T02:12:07" hostname="xb-apple.local" time="0.047">
  <properties/>
  <testcase name="특정 Character 조회 성공 테스트" classname="org.waldreg.character.management.DefaultCharacterManagerTest" time="0.022"/>
  <testcase name="새로운 Character 추가 실패 테스트 - permission name 이 갖고있는 permission status 가 아님" classname="org.waldreg.character.management.DefaultCharacterManagerTest" time="0.01"/>
  <testcase name="새로운 Character 추가 실패 테스트 - permission name 에 해당하는 permission 을 찾을 수 없음" classname="org.waldreg.character.management.DefaultCharacterManagerTest" time="0.006"/>
  <testcase name="새로운 Character 추가 성공 테스트" classname="org.waldreg.character.management.DefaultCharacterManagerTest" time="0.004"/>
  <system-out><![CDATA[11:12:07.372 [Test worker] DEBUG org.springframework.test.context.BootstrapUtils - Instantiating CacheAwareContextLoaderDelegate from class [org.springframework.test.context.cache.DefaultCacheAwareContextLoaderDelegate]
11:12:07.379 [Test worker] DEBUG org.springframework.test.context.BootstrapUtils - Instantiating BootstrapContext using constructor [public org.springframework.test.context.support.DefaultBootstrapContext(java.lang.Class,org.springframework.test.context.CacheAwareContextLoaderDelegate)]
11:12:07.394 [Test worker] DEBUG org.springframework.test.context.BootstrapUtils - Instantiating TestContextBootstrapper for test class [org.waldreg.character.management.DefaultCharacterManagerTest] from class [org.springframework.test.context.support.DefaultTestContextBootstrapper]
11:12:07.413 [Test worker] DEBUG org.springframework.test.context.support.AbstractDelegatingSmartContextLoader - Delegating to AnnotationConfigContextLoader to process context configuration [ContextConfigurationAttributes@4c5474f5 declaringClass = 'org.waldreg.character.management.DefaultCharacterManagerTest', classes = '{class org.waldreg.character.management.DefaultCharacterManager, class org.waldreg.character.permission.management.PermissionUnitManager}', locations = '{}', inheritLocations = true, initializers = '{}', inheritInitializers = true, name = [null], contextLoaderClass = 'org.springframework.test.context.ContextLoader'].
11:12:07.432 [Test worker] DEBUG org.springframework.test.context.support.ActiveProfilesUtils - Could not find an 'annotation declaring class' for annotation type [org.springframework.test.context.ActiveProfiles] and class [org.waldreg.character.management.DefaultCharacterManagerTest]
11:12:07.432 [Test worker] DEBUG org.springframework.test.context.support.DefaultTestContextBootstrapper - @TestExecutionListeners is not present for class [org.waldreg.character.management.DefaultCharacterManagerTest]: using defaults.
11:12:07.432 [Test worker] INFO org.springframework.test.context.support.DefaultTestContextBootstrapper - Loaded default TestExecutionListener class names from location [META-INF/spring.factories]: [org.springframework.boot.test.autoconfigure.restdocs.RestDocsTestExecutionListener, org.springframework.boot.test.autoconfigure.web.client.MockRestServiceServerResetTestExecutionListener, org.springframework.boot.test.autoconfigure.web.servlet.MockMvcPrintOnlyOnFailureTestExecutionListener, org.springframework.boot.test.autoconfigure.web.servlet.WebDriverTestExecutionListener, org.springframework.boot.test.autoconfigure.webservices.client.MockWebServiceServerTestExecutionListener, org.springframework.boot.test.mock.mockito.MockitoTestExecutionListener, org.springframework.boot.test.mock.mockito.ResetMocksTestExecutionListener, org.springframework.test.context.web.ServletTestExecutionListener, org.springframework.test.context.support.DirtiesContextBeforeModesTestExecutionListener, org.springframework.test.context.event.ApplicationEventsTestExecutionListener, org.springframework.test.context.support.DependencyInjectionTestExecutionListener, org.springframework.test.context.support.DirtiesContextTestExecutionListener, org.springframework.test.context.transaction.TransactionalTestExecutionListener, org.springframework.test.context.jdbc.SqlScriptsTestExecutionListener, org.springframework.test.context.event.EventPublishingTestExecutionListener]
11:12:07.435 [Test worker] DEBUG org.springframework.test.context.support.DefaultTestContextBootstrapper - Skipping candidate TestExecutionListener [org.springframework.test.context.web.ServletTestExecutionListener] due to a missing dependency. Specify custom listener classes or make the default listener classes and their required dependencies available. Offending class: [javax/servlet/ServletContext]
11:12:07.436 [Test worker] DEBUG org.springframework.test.context.support.DefaultTestContextBootstrapper - Skipping candidate TestExecutionListener [org.springframework.test.context.transaction.TransactionalTestExecutionListener] due to a missing dependency. Specify custom listener classes or make the default listener classes and their required dependencies available. Offending class: [org/springframework/transaction/interceptor/TransactionAttributeSource]
11:12:07.436 [Test worker] DEBUG org.springframework.test.context.support.DefaultTestContextBootstrapper - Skipping candidate TestExecutionListener [org.springframework.test.context.jdbc.SqlScriptsTestExecutionListener] due to a missing dependency. Specify custom listener classes or make the default listener classes and their required dependencies available. Offending class: [org/springframework/transaction/interceptor/TransactionAttribute]
11:12:07.436 [Test worker] INFO org.springframework.test.context.support.DefaultTestContextBootstrapper - Using TestExecutionListeners: [org.springframework.test.context.support.DirtiesContextBeforeModesTestExecutionListener@47db5fa5, org.springframework.test.context.event.ApplicationEventsTestExecutionListener@354fc8f0, org.springframework.boot.test.mock.mockito.MockitoTestExecutionListener@41813449, org.springframework.test.context.support.DependencyInjectionTestExecutionListener@4678a2eb, org.springframework.test.context.support.DirtiesContextTestExecutionListener@5b43fbf6, org.springframework.test.context.event.EventPublishingTestExecutionListener@1080b026, org.springframework.boot.test.autoconfigure.restdocs.RestDocsTestExecutionListener@58ebfd03, org.springframework.boot.test.autoconfigure.web.client.MockRestServiceServerResetTestExecutionListener@5b07730f, org.springframework.boot.test.autoconfigure.web.servlet.MockMvcPrintOnlyOnFailureTestExecutionListener@1fdfafd2, org.springframework.boot.test.autoconfigure.web.servlet.WebDriverTestExecutionListener@a4b2d8f, org.springframework.boot.test.autoconfigure.webservices.client.MockWebServiceServerTestExecutionListener@dcfda20, org.springframework.boot.test.mock.mockito.ResetMocksTestExecutionListener@6d304f9d]
11:12:07.437 [Test worker] DEBUG org.springframework.test.context.support.AbstractDirtiesContextTestExecutionListener - Before test class: context [DefaultTestContext@40f1be1b testClass = DefaultCharacterManagerTest, testInstance = [null], testMethod = [null], testException = [null], mergedContextConfiguration = [MergedContextConfiguration@7a791b66 testClass = DefaultCharacterManagerTest, locations = '{}', classes = '{class org.waldreg.character.management.DefaultCharacterManager, class org.waldreg.character.permission.management.PermissionUnitManager}', contextInitializerClasses = '[]', activeProfiles = '{}', propertySourceLocations = '{}', propertySourceProperties = '{}', contextCustomizers = set[org.springframework.boot.test.autoconfigure.actuate.metrics.MetricsExportContextCustomizerFactory$DisableMetricExportContextCustomizer@765f05af, org.springframework.boot.test.autoconfigure.properties.PropertyMappingContextCustomizer@0, org.springframework.boot.test.autoconfigure.web.servlet.WebDriverContextCustomizerFactory$Customizer@549949be, org.springframework.boot.test.context.filter.ExcludeFilterContextCustomizer@39ad977d, org.springframework.boot.test.json.DuplicateJsonObjectContextCustomizerFactory$DuplicateJsonObjectContextCustomizer@18025ced, org.springframework.boot.test.mock.mockito.MockitoContextCustomizer@2240bc6b], contextLoader = 'org.springframework.test.context.support.DelegatingSmartContextLoader', parent = [null]], attributes = map[[empty]]], class annotated with @DirtiesContext [false] with mode [null].
11:12:07.443 [Test worker] DEBUG org.springframework.test.context.support.AbstractDelegatingSmartContextLoader - Delegating to AnnotationConfigContextLoader to load context from [MergedContextConfiguration@7a791b66 testClass = DefaultCharacterManagerTest, locations = '{}', classes = '{class org.waldreg.character.management.DefaultCharacterManager, class org.waldreg.character.permission.management.PermissionUnitManager}', contextInitializerClasses = '[]', activeProfiles = '{}', propertySourceLocations = '{}', propertySourceProperties = '{}', contextCustomizers = set[org.springframework.boot.test.autoconfigure.actuate.metrics.MetricsExportContextCustomizerFactory$DisableMetricExportContextCustomizer@765f05af, org.springframework.boot.test.autoconfigure.properties.PropertyMappingContextCustomizer@0, org.springframework.boot.test.autoconfigure.web.servlet.WebDriverContextCustomizerFactory$Customizer@549949be, org.springframework.boot.test.context.filter.ExcludeFilterContextCustomizer@39ad977d, org.springframework.boot.test.json.DuplicateJsonObjectContextCustomizerFactory$DuplicateJsonObjectContextCustomizer@18025ced, org.springframework.boot.test.mock.mockito.MockitoContextCustomizer@2240bc6b], contextLoader = 'org.springframework.test.context.support.DelegatingSmartContextLoader', parent = [null]].
11:12:07.443 [Test worker] DEBUG org.springframework.test.context.support.AbstractGenericContextLoader - Loading ApplicationContext for merged context configuration [[MergedContextConfiguration@7a791b66 testClass = DefaultCharacterManagerTest, locations = '{}', classes = '{class org.waldreg.character.management.DefaultCharacterManager, class org.waldreg.character.permission.management.PermissionUnitManager}', contextInitializerClasses = '[]', activeProfiles = '{}', propertySourceLocations = '{}', propertySourceProperties = '{}', contextCustomizers = set[org.springframework.boot.test.autoconfigure.actuate.metrics.MetricsExportContextCustomizerFactory$DisableMetricExportContextCustomizer@765f05af, org.springframework.boot.test.autoconfigure.properties.PropertyMappingContextCustomizer@0, org.springframework.boot.test.autoconfigure.web.servlet.WebDriverContextCustomizerFactory$Customizer@549949be, org.springframework.boot.test.context.filter.ExcludeFilterContextCustomizer@39ad977d, org.springframework.boot.test.json.DuplicateJsonObjectContextCustomizerFactory$DuplicateJsonObjectContextCustomizer@18025ced, org.springframework.boot.test.mock.mockito.MockitoContextCustomizer@2240bc6b], contextLoader = 'org.springframework.test.context.support.DelegatingSmartContextLoader', parent = [null]]].
11:12:07.457 [Test worker] DEBUG org.springframework.core.env.StandardEnvironment - Activating profiles []
11:12:07.457 [Test worker] DEBUG org.springframework.test.context.support.AnnotationConfigContextLoader - Registering component classes: {class org.waldreg.character.management.DefaultCharacterManager, class org.waldreg.character.permission.management.PermissionUnitManager}
11:12:07.472 [Test worker] DEBUG org.springframework.context.support.GenericApplicationContext - Refreshing org.springframework.context.support.GenericApplicationContext@557a1e2d
11:12:07.475 [Test worker] DEBUG org.springframework.beans.factory.support.DefaultListableBeanFactory - Creating shared instance of singleton bean 'org.springframework.context.annotation.internalConfigurationAnnotationProcessor'
11:12:07.487 [Test worker] DEBUG org.springframework.beans.factory.support.DefaultListableBeanFactory - Creating shared instance of singleton bean 'org.springframework.boot.test.mock.mockito.MockitoPostProcessor'
11:12:07.651 [Test worker] DEBUG org.springframework.beans.factory.support.DefaultListableBeanFactory - Creating shared instance of singleton bean 'org.springframework.context.event.internalEventListenerProcessor'
11:12:07.652 [Test worker] DEBUG org.springframework.beans.factory.support.DefaultListableBeanFactory - Creating shared instance of singleton bean 'org.springframework.context.event.internalEventListenerFactory'
11:12:07.652 [Test worker] DEBUG org.springframework.beans.factory.support.DefaultListableBeanFactory - Creating shared instance of singleton bean 'org.springframework.context.annotation.internalAutowiredAnnotationProcessor'
11:12:07.653 [Test worker] DEBUG org.springframework.beans.factory.support.DefaultListableBeanFactory - Creating shared instance of singleton bean 'org.springframework.context.annotation.internalCommonAnnotationProcessor'
11:12:07.655 [Test worker] DEBUG org.springframework.beans.factory.support.DefaultListableBeanFactory - Creating shared instance of singleton bean 'org.springframework.boot.test.mock.mockito.MockitoPostProcessor$SpyPostProcessor'
11:12:07.660 [Test worker] DEBUG org.springframework.beans.factory.support.DefaultListableBeanFactory - Creating shared instance of singleton bean 'defaultCharacterManager'
11:12:07.665 [Test worker] DEBUG org.springframework.beans.factory.support.DefaultListableBeanFactory - Creating shared instance of singleton bean 'permissionUnitManager'
11:12:07.675 [Test worker] DEBUG org.springframework.beans.factory.support.DefaultListableBeanFactory - Autowiring by type from bean name 'defaultCharacterManager' via constructor to bean named 'org.waldreg.character.spi.CharacterRepository#0'
11:12:07.675 [Test worker] DEBUG org.springframework.beans.factory.support.DefaultListableBeanFactory - Autowiring by type from bean name 'defaultCharacterManager' via constructor to bean named 'permissionUnitManager'
11:12:07.681 [Test worker] DEBUG org.springframework.test.context.cache.DefaultCacheAwareContextLoaderDelegate - Storing ApplicationContext [1434066477] in cache under key [[MergedContextConfiguration@7a791b66 testClass = DefaultCharacterManagerTest, locations = '{}', classes = '{class org.waldreg.character.management.DefaultCharacterManager, class org.waldreg.character.permission.management.PermissionUnitManager}', contextInitializerClasses = '[]', activeProfiles = '{}', propertySourceLocations = '{}', propertySourceProperties = '{}', contextCustomizers = set[org.springframework.boot.test.autoconfigure.actuate.metrics.MetricsExportContextCustomizerFactory$DisableMetricExportContextCustomizer@765f05af, org.springframework.boot.test.autoconfigure.properties.PropertyMappingContextCustomizer@0, org.springframework.boot.test.autoconfigure.web.servlet.WebDriverContextCustomizerFactory$Customizer@549949be, org.springframework.boot.test.context.filter.ExcludeFilterContextCustomizer@39ad977d, org.springframework.boot.test.json.DuplicateJsonObjectContextCustomizerFactory$DuplicateJsonObjectContextCustomizer@18025ced, org.springframework.boot.test.mock.mockito.MockitoContextCustomizer@2240bc6b], contextLoader = 'org.springframework.test.context.support.DelegatingSmartContextLoader', parent = [null]]]
11:12:07.681 [Test worker] DEBUG org.springframework.test.context.cache - Spring test ApplicationContext cache statistics: [DefaultContextCache@34f392be size = 1, maxSize = 32, parentContextCount = 0, hitCount = 0, missCount = 1]
11:12:07.681 [Test worker] DEBUG org.springframework.test.context.support.DependencyInjectionTestExecutionListener - Performing dependency injection for test context [[DefaultTestContext@40f1be1b testClass = DefaultCharacterManagerTest, testInstance = org.waldreg.character.management.DefaultCharacterManagerTest@1a87b51, testMethod = [null], testException = [null], mergedContextConfiguration = [MergedContextConfiguration@7a791b66 testClass = DefaultCharacterManagerTest, locations = '{}', classes = '{class org.waldreg.character.management.DefaultCharacterManager, class org.waldreg.character.permission.management.PermissionUnitManager}', contextInitializerClasses = '[]', activeProfiles = '{}', propertySourceLocations = '{}', propertySourceProperties = '{}', contextCustomizers = set[org.springframework.boot.test.autoconfigure.actuate.metrics.MetricsExportContextCustomizerFactory$DisableMetricExportContextCustomizer@765f05af, org.springframework.boot.test.autoconfigure.properties.PropertyMappingContextCustomizer@0, org.springframework.boot.test.autoconfigure.web.servlet.WebDriverContextCustomizerFactory$Customizer@549949be, org.springframework.boot.test.context.filter.ExcludeFilterContextCustomizer@39ad977d, org.springframework.boot.test.json.DuplicateJsonObjectContextCustomizerFactory$DuplicateJsonObjectContextCustomizer@18025ced, org.springframework.boot.test.mock.mockito.MockitoContextCustomizer@2240bc6b], contextLoader = 'org.springframework.test.context.support.DelegatingSmartContextLoader', parent = [null]], attributes = map['org.springframework.test.context.event.ApplicationEventsTestExecutionListener.recordApplicationEvents' -> false]]].
11:12:07.682 [Test worker] DEBUG org.springframework.test.context.cache.DefaultCacheAwareContextLoaderDelegate - Retrieved ApplicationContext [1434066477] from cache with key [[MergedContextConfiguration@7a791b66 testClass = DefaultCharacterManagerTest, locations = '{}', classes = '{class org.waldreg.character.management.DefaultCharacterManager, class org.waldreg.character.permission.management.PermissionUnitManager}', contextInitializerClasses = '[]', activeProfiles = '{}', propertySourceLocations = '{}', propertySourceProperties = '{}', contextCustomizers = set[org.springframework.boot.test.autoconfigure.actuate.metrics.MetricsExportContextCustomizerFactory$DisableMetricExportContextCustomizer@765f05af, org.springframework.boot.test.autoconfigure.properties.PropertyMappingContextCustomizer@0, org.springframework.boot.test.autoconfigure.web.servlet.WebDriverContextCustomizerFactory$Customizer@549949be, org.springframework.boot.test.context.filter.ExcludeFilterContextCustomizer@39ad977d, org.springframework.boot.test.json.DuplicateJsonObjectContextCustomizerFactory$DuplicateJsonObjectContextCustomizer@18025ced, org.springframework.boot.test.mock.mockito.MockitoContextCustomizer@2240bc6b], contextLoader = 'org.springframework.test.context.support.DelegatingSmartContextLoader', parent = [null]]]
11:12:07.682 [Test worker] DEBUG org.springframework.test.context.cache - Spring test ApplicationContext cache statistics: [DefaultContextCache@34f392be size = 1, maxSize = 32, parentContextCount = 0, hitCount = 1, missCount = 1]
11:12:07.684 [Test worker] DEBUG org.springframework.test.context.cache.DefaultCacheAwareContextLoaderDelegate - Retrieved ApplicationContext [1434066477] from cache with key [[MergedContextConfiguration@7a791b66 testClass = DefaultCharacterManagerTest, locations = '{}', classes = '{class org.waldreg.character.management.DefaultCharacterManager, class org.waldreg.character.permission.management.PermissionUnitManager}', contextInitializerClasses = '[]', activeProfiles = '{}', propertySourceLocations = '{}', propertySourceProperties = '{}', contextCustomizers = set[org.springframework.boot.test.autoconfigure.actuate.metrics.MetricsExportContextCustomizerFactory$DisableMetricExportContextCustomizer@765f05af, org.springframework.boot.test.autoconfigure.properties.PropertyMappingContextCustomizer@0, org.springframework.boot.test.autoconfigure.web.servlet.WebDriverContextCustomizerFactory$Customizer@549949be, org.springframework.boot.test.context.filter.ExcludeFilterContextCustomizer@39ad977d, org.springframework.boot.test.json.DuplicateJsonObjectContextCustomizerFactory$DuplicateJsonObjectContextCustomizer@18025ced, org.springframework.boot.test.mock.mockito.MockitoContextCustomizer@2240bc6b], contextLoader = 'org.springframework.test.context.support.DelegatingSmartContextLoader', parent = [null]]]
11:12:07.684 [Test worker] DEBUG org.springframework.test.context.cache - Spring test ApplicationContext cache statistics: [DefaultContextCache@34f392be size = 1, maxSize = 32, parentContextCount = 0, hitCount = 2, missCount = 1]
11:12:07.686 [Test worker] DEBUG org.springframework.test.context.support.AbstractDirtiesContextTestExecutionListener - Before test method: context [DefaultTestContext@40f1be1b testClass = DefaultCharacterManagerTest, testInstance = org.waldreg.character.management.DefaultCharacterManagerTest@1a87b51, testMethod = READ_CHARACTER_SUCCESS_TEST@DefaultCharacterManagerTest, testException = [null], mergedContextConfiguration = [MergedContextConfiguration@7a791b66 testClass = DefaultCharacterManagerTest, locations = '{}', classes = '{class org.waldreg.character.management.DefaultCharacterManager, class org.waldreg.character.permission.management.PermissionUnitManager}', contextInitializerClasses = '[]', activeProfiles = '{}', propertySourceLocations = '{}', propertySourceProperties = '{}', contextCustomizers = set[org.springframework.boot.test.autoconfigure.actuate.metrics.MetricsExportContextCustomizerFactory$DisableMetricExportContextCustomizer@765f05af, org.springframework.boot.test.autoconfigure.properties.PropertyMappingContextCustomizer@0, org.springframework.boot.test.autoconfigure.web.servlet.WebDriverContextCustomizerFactory$Customizer@549949be, org.springframework.boot.test.context.filter.ExcludeFilterContextCustomizer@39ad977d, org.springframework.boot.test.json.DuplicateJsonObjectContextCustomizerFactory$DuplicateJsonObjectContextCustomizer@18025ced, org.springframework.boot.test.mock.mockito.MockitoContextCustomizer@2240bc6b], contextLoader = 'org.springframework.test.context.support.DelegatingSmartContextLoader', parent = [null]], attributes = map['org.springframework.test.context.event.ApplicationEventsTestExecutionListener.recordApplicationEvents' -> false]], class annotated with @DirtiesContext [false] with mode [null], method annotated with @DirtiesContext [false] with mode [null].
11:12:07.686 [Test worker] DEBUG org.springframework.test.context.cache.DefaultCacheAwareContextLoaderDelegate - Retrieved ApplicationContext [1434066477] from cache with key [[MergedContextConfiguration@7a791b66 testClass = DefaultCharacterManagerTest, locations = '{}', classes = '{class org.waldreg.character.management.DefaultCharacterManager, class org.waldreg.character.permission.management.PermissionUnitManager}', contextInitializerClasses = '[]', activeProfiles = '{}', propertySourceLocations = '{}', propertySourceProperties = '{}', contextCustomizers = set[org.springframework.boot.test.autoconfigure.actuate.metrics.MetricsExportContextCustomizerFactory$DisableMetricExportContextCustomizer@765f05af, org.springframework.boot.test.autoconfigure.properties.PropertyMappingContextCustomizer@0, org.springframework.boot.test.autoconfigure.web.servlet.WebDriverContextCustomizerFactory$Customizer@549949be, org.springframework.boot.test.context.filter.ExcludeFilterContextCustomizer@39ad977d, org.springframework.boot.test.json.DuplicateJsonObjectContextCustomizerFactory$DuplicateJsonObjectContextCustomizer@18025ced, org.springframework.boot.test.mock.mockito.MockitoContextCustomizer@2240bc6b], contextLoader = 'org.springframework.test.context.support.DelegatingSmartContextLoader', parent = [null]]]
11:12:07.687 [Test worker] DEBUG org.springframework.test.context.cache - Spring test ApplicationContext cache statistics: [DefaultContextCache@34f392be size = 1, maxSize = 32, parentContextCount = 0, hitCount = 3, missCount = 1]
11:12:07.687 [Test worker] DEBUG org.springframework.test.context.cache.DefaultCacheAwareContextLoaderDelegate - Retrieved ApplicationContext [1434066477] from cache with key [[MergedContextConfiguration@7a791b66 testClass = DefaultCharacterManagerTest, locations = '{}', classes = '{class org.waldreg.character.management.DefaultCharacterManager, class org.waldreg.character.permission.management.PermissionUnitManager}', contextInitializerClasses = '[]', activeProfiles = '{}', propertySourceLocations = '{}', propertySourceProperties = '{}', contextCustomizers = set[org.springframework.boot.test.autoconfigure.actuate.metrics.MetricsExportContextCustomizerFactory$DisableMetricExportContextCustomizer@765f05af, org.springframework.boot.test.autoconfigure.properties.PropertyMappingContextCustomizer@0, org.springframework.boot.test.autoconfigure.web.servlet.WebDriverContextCustomizerFactory$Customizer@549949be, org.springframework.boot.test.context.filter.ExcludeFilterContextCustomizer@39ad977d, org.springframework.boot.test.json.DuplicateJsonObjectContextCustomizerFactory$DuplicateJsonObjectContextCustomizer@18025ced, org.springframework.boot.test.mock.mockito.MockitoContextCustomizer@2240bc6b], contextLoader = 'org.springframework.test.context.support.DelegatingSmartContextLoader', parent = [null]]]
11:12:07.687 [Test worker] DEBUG org.springframework.test.context.cache - Spring test ApplicationContext cache statistics: [DefaultContextCache@34f392be size = 1, maxSize = 32, parentContextCount = 0, hitCount = 4, missCount = 1]
11:12:07.692 [Test worker] DEBUG org.springframework.test.context.cache.DefaultCacheAwareContextLoaderDelegate - Retrieved ApplicationContext [1434066477] from cache with key [[MergedContextConfiguration@7a791b66 testClass = DefaultCharacterManagerTest, locations = '{}', classes = '{class org.waldreg.character.management.DefaultCharacterManager, class org.waldreg.character.permission.management.PermissionUnitManager}', contextInitializerClasses = '[]', activeProfiles = '{}', propertySourceLocations = '{}', propertySourceProperties = '{}', contextCustomizers = set[org.springframework.boot.test.autoconfigure.actuate.metrics.MetricsExportContextCustomizerFactory$DisableMetricExportContextCustomizer@765f05af, org.springframework.boot.test.autoconfigure.properties.PropertyMappingContextCustomizer@0, org.springframework.boot.test.autoconfigure.web.servlet.WebDriverContextCustomizerFactory$Customizer@549949be, org.springframework.boot.test.context.filter.ExcludeFilterContextCustomizer@39ad977d, org.springframework.boot.test.json.DuplicateJsonObjectContextCustomizerFactory$DuplicateJsonObjectContextCustomizer@18025ced, org.springframework.boot.test.mock.mockito.MockitoContextCustomizer@2240bc6b], contextLoader = 'org.springframework.test.context.support.DelegatingSmartContextLoader', parent = [null]]]
11:12:07.692 [Test worker] DEBUG org.springframework.test.context.cache - Spring test ApplicationContext cache statistics: [DefaultContextCache@34f392be size = 1, maxSize = 32, parentContextCount = 0, hitCount = 5, missCount = 1]
11:12:07.701 [Test worker] DEBUG org.springframework.test.context.cache.DefaultCacheAwareContextLoaderDelegate - Retrieved ApplicationContext [1434066477] from cache with key [[MergedContextConfiguration@7a791b66 testClass = DefaultCharacterManagerTest, locations = '{}', classes = '{class org.waldreg.character.management.DefaultCharacterManager, class org.waldreg.character.permission.management.PermissionUnitManager}', contextInitializerClasses = '[]', activeProfiles = '{}', propertySourceLocations = '{}', propertySourceProperties = '{}', contextCustomizers = set[org.springframework.boot.test.autoconfigure.actuate.metrics.MetricsExportContextCustomizerFactory$DisableMetricExportContextCustomizer@765f05af, org.springframework.boot.test.autoconfigure.properties.PropertyMappingContextCustomizer@0, org.springframework.boot.test.autoconfigure.web.servlet.WebDriverContextCustomizerFactory$Customizer@549949be, org.springframework.boot.test.context.filter.ExcludeFilterContextCustomizer@39ad977d, org.springframework.boot.test.json.DuplicateJsonObjectContextCustomizerFactory$DuplicateJsonObjectContextCustomizer@18025ced, org.springframework.boot.test.mock.mockito.MockitoContextCustomizer@2240bc6b], contextLoader = 'org.springframework.test.context.support.DelegatingSmartContextLoader', parent = [null]]]
11:12:07.701 [Test worker] DEBUG org.springframework.test.context.cache - Spring test ApplicationContext cache statistics: [DefaultContextCache@34f392be size = 1, maxSize = 32, parentContextCount = 0, hitCount = 6, missCount = 1]
11:12:07.702 [Test worker] DEBUG org.springframework.test.context.cache.DefaultCacheAwareContextLoaderDelegate - Retrieved ApplicationContext [1434066477] from cache with key [[MergedContextConfiguration@7a791b66 testClass = DefaultCharacterManagerTest, locations = '{}', classes = '{class org.waldreg.character.management.DefaultCharacterManager, class org.waldreg.character.permission.management.PermissionUnitManager}', contextInitializerClasses = '[]', activeProfiles = '{}', propertySourceLocations = '{}', propertySourceProperties = '{}', contextCustomizers = set[org.springframework.boot.test.autoconfigure.actuate.metrics.MetricsExportContextCustomizerFactory$DisableMetricExportContextCustomizer@765f05af, org.springframework.boot.test.autoconfigure.properties.PropertyMappingContextCustomizer@0, org.springframework.boot.test.autoconfigure.web.servlet.WebDriverContextCustomizerFactory$Customizer@549949be, org.springframework.boot.test.context.filter.ExcludeFilterContextCustomizer@39ad977d, org.springframework.boot.test.json.DuplicateJsonObjectContextCustomizerFactory$DuplicateJsonObjectContextCustomizer@18025ced, org.springframework.boot.test.mock.mockito.MockitoContextCustomizer@2240bc6b], contextLoader = 'org.springframework.test.context.support.DelegatingSmartContextLoader', parent = [null]]]
11:12:07.702 [Test worker] DEBUG org.springframework.test.context.cache - Spring test ApplicationContext cache statistics: [DefaultContextCache@34f392be size = 1, maxSize = 32, parentContextCount = 0, hitCount = 7, missCount = 1]
11:12:07.702 [Test worker] DEBUG org.springframework.test.context.cache.DefaultCacheAwareContextLoaderDelegate - Retrieved ApplicationContext [1434066477] from cache with key [[MergedContextConfiguration@7a791b66 testClass = DefaultCharacterManagerTest, locations = '{}', classes = '{class org.waldreg.character.management.DefaultCharacterManager, class org.waldreg.character.permission.management.PermissionUnitManager}', contextInitializerClasses = '[]', activeProfiles = '{}', propertySourceLocations = '{}', propertySourceProperties = '{}', contextCustomizers = set[org.springframework.boot.test.autoconfigure.actuate.metrics.MetricsExportContextCustomizerFactory$DisableMetricExportContextCustomizer@765f05af, org.springframework.boot.test.autoconfigure.properties.PropertyMappingContextCustomizer@0, org.springframework.boot.test.autoconfigure.web.servlet.WebDriverContextCustomizerFactory$Customizer@549949be, org.springframework.boot.test.context.filter.ExcludeFilterContextCustomizer@39ad977d, org.springframework.boot.test.json.DuplicateJsonObjectContextCustomizerFactory$DuplicateJsonObjectContextCustomizer@18025ced, org.springframework.boot.test.mock.mockito.MockitoContextCustomizer@2240bc6b], contextLoader = 'org.springframework.test.context.support.DelegatingSmartContextLoader', parent = [null]]]
11:12:07.702 [Test worker] DEBUG org.springframework.test.context.cache - Spring test ApplicationContext cache statistics: [DefaultContextCache@34f392be size = 1, maxSize = 32, parentContextCount = 0, hitCount = 8, missCount = 1]
11:12:07.702 [Test worker] DEBUG org.springframework.test.context.cache.DefaultCacheAwareContextLoaderDelegate - Retrieved ApplicationContext [1434066477] from cache with key [[MergedContextConfiguration@7a791b66 testClass = DefaultCharacterManagerTest, locations = '{}', classes = '{class org.waldreg.character.management.DefaultCharacterManager, class org.waldreg.character.permission.management.PermissionUnitManager}', contextInitializerClasses = '[]', activeProfiles = '{}', propertySourceLocations = '{}', propertySourceProperties = '{}', contextCustomizers = set[org.springframework.boot.test.autoconfigure.actuate.metrics.MetricsExportContextCustomizerFactory$DisableMetricExportContextCustomizer@765f05af, org.springframework.boot.test.autoconfigure.properties.PropertyMappingContextCustomizer@0, org.springframework.boot.test.autoconfigure.web.servlet.WebDriverContextCustomizerFactory$Customizer@549949be, org.springframework.boot.test.context.filter.ExcludeFilterContextCustomizer@39ad977d, org.springframework.boot.test.json.DuplicateJsonObjectContextCustomizerFactory$DuplicateJsonObjectContextCustomizer@18025ced, org.springframework.boot.test.mock.mockito.MockitoContextCustomizer@2240bc6b], contextLoader = 'org.springframework.test.context.support.DelegatingSmartContextLoader', parent = [null]]]
11:12:07.702 [Test worker] DEBUG org.springframework.test.context.cache - Spring test ApplicationContext cache statistics: [DefaultContextCache@34f392be size = 1, maxSize = 32, parentContextCount = 0, hitCount = 9, missCount = 1]
11:12:07.703 [Test worker] DEBUG org.springframework.test.context.cache.DefaultCacheAwareContextLoaderDelegate - Retrieved ApplicationContext [1434066477] from cache with key [[MergedContextConfiguration@7a791b66 testClass = DefaultCharacterManagerTest, locations = '{}', classes = '{class org.waldreg.character.management.DefaultCharacterManager, class org.waldreg.character.permission.management.PermissionUnitManager}', contextInitializerClasses = '[]', activeProfiles = '{}', propertySourceLocations = '{}', propertySourceProperties = '{}', contextCustomizers = set[org.springframework.boot.test.autoconfigure.actuate.metrics.MetricsExportContextCustomizerFactory$DisableMetricExportContextCustomizer@765f05af, org.springframework.boot.test.autoconfigure.properties.PropertyMappingContextCustomizer@0, org.springframework.boot.test.autoconfigure.web.servlet.WebDriverContextCustomizerFactory$Customizer@549949be, org.springframework.boot.test.context.filter.ExcludeFilterContextCustomizer@39ad977d, org.springframework.boot.test.json.DuplicateJsonObjectContextCustomizerFactory$DuplicateJsonObjectContextCustomizer@18025ced, org.springframework.boot.test.mock.mockito.MockitoContextCustomizer@2240bc6b], contextLoader = 'org.springframework.test.context.support.DelegatingSmartContextLoader', parent = [null]]]
11:12:07.703 [Test worker] DEBUG org.springframework.test.context.cache - Spring test ApplicationContext cache statistics: [DefaultContextCache@34f392be size = 1, maxSize = 32, parentContextCount = 0, hitCount = 10, missCount = 1]
11:12:07.704 [Test worker] DEBUG org.springframework.test.context.cache.DefaultCacheAwareContextLoaderDelegate - Retrieved ApplicationContext [1434066477] from cache with key [[MergedContextConfiguration@7a791b66 testClass = DefaultCharacterManagerTest, locations = '{}', classes = '{class org.waldreg.character.management.DefaultCharacterManager, class org.waldreg.character.permission.management.PermissionUnitManager}', contextInitializerClasses = '[]', activeProfiles = '{}', propertySourceLocations = '{}', propertySourceProperties = '{}', contextCustomizers = set[org.springframework.boot.test.autoconfigure.actuate.metrics.MetricsExportContextCustomizerFactory$DisableMetricExportContextCustomizer@765f05af, org.springframework.boot.test.autoconfigure.properties.PropertyMappingContextCustomizer@0, org.springframework.boot.test.autoconfigure.web.servlet.WebDriverContextCustomizerFactory$Customizer@549949be, org.springframework.boot.test.context.filter.ExcludeFilterContextCustomizer@39ad977d, org.springframework.boot.test.json.DuplicateJsonObjectContextCustomizerFactory$DuplicateJsonObjectContextCustomizer@18025ced, org.springframework.boot.test.mock.mockito.MockitoContextCustomizer@2240bc6b], contextLoader = 'org.springframework.test.context.support.DelegatingSmartContextLoader', parent = [null]]]
11:12:07.704 [Test worker] DEBUG org.springframework.test.context.cache - Spring test ApplicationContext cache statistics: [DefaultContextCache@34f392be size = 1, maxSize = 32, parentContextCount = 0, hitCount = 11, missCount = 1]
11:12:07.705 [Test worker] DEBUG org.springframework.test.context.support.AbstractDirtiesContextTestExecutionListener - After test method: context [DefaultTestContext@40f1be1b testClass = DefaultCharacterManagerTest, testInstance = org.waldreg.character.management.DefaultCharacterManagerTest@1a87b51, testMethod = READ_CHARACTER_SUCCESS_TEST@DefaultCharacterManagerTest, testException = [null], mergedContextConfiguration = [MergedContextConfiguration@7a791b66 testClass = DefaultCharacterManagerTest, locations = '{}', classes = '{class org.waldreg.character.management.DefaultCharacterManager, class org.waldreg.character.permission.management.PermissionUnitManager}', contextInitializerClasses = '[]', activeProfiles = '{}', propertySourceLocations = '{}', propertySourceProperties = '{}', contextCustomizers = set[org.springframework.boot.test.autoconfigure.actuate.metrics.MetricsExportContextCustomizerFactory$DisableMetricExportContextCustomizer@765f05af, org.springframework.boot.test.autoconfigure.properties.PropertyMappingContextCustomizer@0, org.springframework.boot.test.autoconfigure.web.servlet.WebDriverContextCustomizerFactory$Customizer@549949be, org.springframework.boot.test.context.filter.ExcludeFilterContextCustomizer@39ad977d, org.springframework.boot.test.json.DuplicateJsonObjectContextCustomizerFactory$DuplicateJsonObjectContextCustomizer@18025ced, org.springframework.boot.test.mock.mockito.MockitoContextCustomizer@2240bc6b], contextLoader = 'org.springframework.test.context.support.DelegatingSmartContextLoader', parent = [null]], attributes = map['org.springframework.test.context.event.ApplicationEventsTestExecutionListener.recordApplicationEvents' -> false]], class annotated with @DirtiesContext [false] with mode [null], method annotated with @DirtiesContext [false] with mode [null].
11:12:07.708 [Test worker] DEBUG org.springframework.test.context.cache.DefaultCacheAwareContextLoaderDelegate - Retrieved ApplicationContext [1434066477] from cache with key [[MergedContextConfiguration@7a791b66 testClass = DefaultCharacterManagerTest, locations = '{}', classes = '{class org.waldreg.character.management.DefaultCharacterManager, class org.waldreg.character.permission.management.PermissionUnitManager}', contextInitializerClasses = '[]', activeProfiles = '{}', propertySourceLocations = '{}', propertySourceProperties = '{}', contextCustomizers = set[org.springframework.boot.test.autoconfigure.actuate.metrics.MetricsExportContextCustomizerFactory$DisableMetricExportContextCustomizer@765f05af, org.springframework.boot.test.autoconfigure.properties.PropertyMappingContextCustomizer@0, org.springframework.boot.test.autoconfigure.web.servlet.WebDriverContextCustomizerFactory$Customizer@549949be, org.springframework.boot.test.context.filter.ExcludeFilterContextCustomizer@39ad977d, org.springframework.boot.test.json.DuplicateJsonObjectContextCustomizerFactory$DuplicateJsonObjectContextCustomizer@18025ced, org.springframework.boot.test.mock.mockito.MockitoContextCustomizer@2240bc6b], contextLoader = 'org.springframework.test.context.support.DelegatingSmartContextLoader', parent = [null]]]
11:12:07.708 [Test worker] DEBUG org.springframework.test.context.cache - Spring test ApplicationContext cache statistics: [DefaultContextCache@34f392be size = 1, maxSize = 32, parentContextCount = 0, hitCount = 12, missCount = 1]
11:12:07.708 [Test worker] DEBUG org.springframework.test.context.support.DependencyInjectionTestExecutionListener - Performing dependency injection for test context [[DefaultTestContext@40f1be1b testClass = DefaultCharacterManagerTest, testInstance = org.waldreg.character.management.DefaultCharacterManagerTest@475646d4, testMethod = [null], testException = [null], mergedContextConfiguration = [MergedContextConfiguration@7a791b66 testClass = DefaultCharacterManagerTest, locations = '{}', classes = '{class org.waldreg.character.management.DefaultCharacterManager, class org.waldreg.character.permission.management.PermissionUnitManager}', contextInitializerClasses = '[]', activeProfiles = '{}', propertySourceLocations = '{}', propertySourceProperties = '{}', contextCustomizers = set[org.springframework.boot.test.autoconfigure.actuate.metrics.MetricsExportContextCustomizerFactory$DisableMetricExportContextCustomizer@765f05af, org.springframework.boot.test.autoconfigure.properties.PropertyMappingContextCustomizer@0, org.springframework.boot.test.autoconfigure.web.servlet.WebDriverContextCustomizerFactory$Customizer@549949be, org.springframework.boot.test.context.filter.ExcludeFilterContextCustomizer@39ad977d, org.springframework.boot.test.json.DuplicateJsonObjectContextCustomizerFactory$DuplicateJsonObjectContextCustomizer@18025ced, org.springframework.boot.test.mock.mockito.MockitoContextCustomizer@2240bc6b], contextLoader = 'org.springframework.test.context.support.DelegatingSmartContextLoader', parent = [null]], attributes = map['org.springframework.test.context.event.ApplicationEventsTestExecutionListener.recordApplicationEvents' -> false]]].
11:12:07.708 [Test worker] DEBUG org.springframework.test.context.cache.DefaultCacheAwareContextLoaderDelegate - Retrieved ApplicationContext [1434066477] from cache with key [[MergedContextConfiguration@7a791b66 testClass = DefaultCharacterManagerTest, locations = '{}', classes = '{class org.waldreg.character.management.DefaultCharacterManager, class org.waldreg.character.permission.management.PermissionUnitManager}', contextInitializerClasses = '[]', activeProfiles = '{}', propertySourceLocations = '{}', propertySourceProperties = '{}', contextCustomizers = set[org.springframework.boot.test.autoconfigure.actuate.metrics.MetricsExportContextCustomizerFactory$DisableMetricExportContextCustomizer@765f05af, org.springframework.boot.test.autoconfigure.properties.PropertyMappingContextCustomizer@0, org.springframework.boot.test.autoconfigure.web.servlet.WebDriverContextCustomizerFactory$Customizer@549949be, org.springframework.boot.test.context.filter.ExcludeFilterContextCustomizer@39ad977d, org.springframework.boot.test.json.DuplicateJsonObjectContextCustomizerFactory$DuplicateJsonObjectContextCustomizer@18025ced, org.springframework.boot.test.mock.mockito.MockitoContextCustomizer@2240bc6b], contextLoader = 'org.springframework.test.context.support.DelegatingSmartContextLoader', parent = [null]]]
11:12:07.708 [Test worker] DEBUG org.springframework.test.context.cache - Spring test ApplicationContext cache statistics: [DefaultContextCache@34f392be size = 1, maxSize = 32, parentContextCount = 0, hitCount = 13, missCount = 1]
11:12:07.708 [Test worker] DEBUG org.springframework.test.context.cache.DefaultCacheAwareContextLoaderDelegate - Retrieved ApplicationContext [1434066477] from cache with key [[MergedContextConfiguration@7a791b66 testClass = DefaultCharacterManagerTest, locations = '{}', classes = '{class org.waldreg.character.management.DefaultCharacterManager, class org.waldreg.character.permission.management.PermissionUnitManager}', contextInitializerClasses = '[]', activeProfiles = '{}', propertySourceLocations = '{}', propertySourceProperties = '{}', contextCustomizers = set[org.springframework.boot.test.autoconfigure.actuate.metrics.MetricsExportContextCustomizerFactory$DisableMetricExportContextCustomizer@765f05af, org.springframework.boot.test.autoconfigure.properties.PropertyMappingContextCustomizer@0, org.springframework.boot.test.autoconfigure.web.servlet.WebDriverContextCustomizerFactory$Customizer@549949be, org.springframework.boot.test.context.filter.ExcludeFilterContextCustomizer@39ad977d, org.springframework.boot.test.json.DuplicateJsonObjectContextCustomizerFactory$DuplicateJsonObjectContextCustomizer@18025ced, org.springframework.boot.test.mock.mockito.MockitoContextCustomizer@2240bc6b], contextLoader = 'org.springframework.test.context.support.DelegatingSmartContextLoader', parent = [null]]]
11:12:07.708 [Test worker] DEBUG org.springframework.test.context.cache - Spring test ApplicationContext cache statistics: [DefaultContextCache@34f392be size = 1, maxSize = 32, parentContextCount = 0, hitCount = 14, missCount = 1]
11:12:07.709 [Test worker] DEBUG org.springframework.test.context.support.AbstractDirtiesContextTestExecutionListener - Before test method: context [DefaultTestContext@40f1be1b testClass = DefaultCharacterManagerTest, testInstance = org.waldreg.character.management.DefaultCharacterManagerTest@475646d4, testMethod = CREATE_NEW_CHARACTER_FAIL_INVALID_STATUS_NAME_TEST@DefaultCharacterManagerTest, testException = [null], mergedContextConfiguration = [MergedContextConfiguration@7a791b66 testClass = DefaultCharacterManagerTest, locations = '{}', classes = '{class org.waldreg.character.management.DefaultCharacterManager, class org.waldreg.character.permission.management.PermissionUnitManager}', contextInitializerClasses = '[]', activeProfiles = '{}', propertySourceLocations = '{}', propertySourceProperties = '{}', contextCustomizers = set[org.springframework.boot.test.autoconfigure.actuate.metrics.MetricsExportContextCustomizerFactory$DisableMetricExportContextCustomizer@765f05af, org.springframework.boot.test.autoconfigure.properties.PropertyMappingContextCustomizer@0, org.springframework.boot.test.autoconfigure.web.servlet.WebDriverContextCustomizerFactory$Customizer@549949be, org.springframework.boot.test.context.filter.ExcludeFilterContextCustomizer@39ad977d, org.springframework.boot.test.json.DuplicateJsonObjectContextCustomizerFactory$DuplicateJsonObjectContextCustomizer@18025ced, org.springframework.boot.test.mock.mockito.MockitoContextCustomizer@2240bc6b], contextLoader = 'org.springframework.test.context.support.DelegatingSmartContextLoader', parent = [null]], attributes = map['org.springframework.test.context.event.ApplicationEventsTestExecutionListener.recordApplicationEvents' -> false]], class annotated with @DirtiesContext [false] with mode [null], method annotated with @DirtiesContext [false] with mode [null].
11:12:07.709 [Test worker] DEBUG org.springframework.test.context.cache.DefaultCacheAwareContextLoaderDelegate - Retrieved ApplicationContext [1434066477] from cache with key [[MergedContextConfiguration@7a791b66 testClass = DefaultCharacterManagerTest, locations = '{}', classes = '{class org.waldreg.character.management.DefaultCharacterManager, class org.waldreg.character.permission.management.PermissionUnitManager}', contextInitializerClasses = '[]', activeProfiles = '{}', propertySourceLocations = '{}', propertySourceProperties = '{}', contextCustomizers = set[org.springframework.boot.test.autoconfigure.actuate.metrics.MetricsExportContextCustomizerFactory$DisableMetricExportContextCustomizer@765f05af, org.springframework.boot.test.autoconfigure.properties.PropertyMappingContextCustomizer@0, org.springframework.boot.test.autoconfigure.web.servlet.WebDriverContextCustomizerFactory$Customizer@549949be, org.springframework.boot.test.context.filter.ExcludeFilterContextCustomizer@39ad977d, org.springframework.boot.test.json.DuplicateJsonObjectContextCustomizerFactory$DuplicateJsonObjectContextCustomizer@18025ced, org.springframework.boot.test.mock.mockito.MockitoContextCustomizer@2240bc6b], contextLoader = 'org.springframework.test.context.support.DelegatingSmartContextLoader', parent = [null]]]
11:12:07.709 [Test worker] DEBUG org.springframework.test.context.cache - Spring test ApplicationContext cache statistics: [DefaultContextCache@34f392be size = 1, maxSize = 32, parentContextCount = 0, hitCount = 15, missCount = 1]
11:12:07.709 [Test worker] DEBUG org.springframework.test.context.cache.DefaultCacheAwareContextLoaderDelegate - Retrieved ApplicationContext [1434066477] from cache with key [[MergedContextConfiguration@7a791b66 testClass = DefaultCharacterManagerTest, locations = '{}', classes = '{class org.waldreg.character.management.DefaultCharacterManager, class org.waldreg.character.permission.management.PermissionUnitManager}', contextInitializerClasses = '[]', activeProfiles = '{}', propertySourceLocations = '{}', propertySourceProperties = '{}', contextCustomizers = set[org.springframework.boot.test.autoconfigure.actuate.metrics.MetricsExportContextCustomizerFactory$DisableMetricExportContextCustomizer@765f05af, org.springframework.boot.test.autoconfigure.properties.PropertyMappingContextCustomizer@0, org.springframework.boot.test.autoconfigure.web.servlet.WebDriverContextCustomizerFactory$Customizer@549949be, org.springframework.boot.test.context.filter.ExcludeFilterContextCustomizer@39ad977d, org.springframework.boot.test.json.DuplicateJsonObjectContextCustomizerFactory$DuplicateJsonObjectContextCustomizer@18025ced, org.springframework.boot.test.mock.mockito.MockitoContextCustomizer@2240bc6b], contextLoader = 'org.springframework.test.context.support.DelegatingSmartContextLoader', parent = [null]]]
11:12:07.709 [Test worker] DEBUG org.springframework.test.context.cache - Spring test ApplicationContext cache statistics: [DefaultContextCache@34f392be size = 1, maxSize = 32, parentContextCount = 0, hitCount = 16, missCount = 1]
11:12:07.710 [Test worker] DEBUG org.springframework.test.context.cache.DefaultCacheAwareContextLoaderDelegate - Retrieved ApplicationContext [1434066477] from cache with key [[MergedContextConfiguration@7a791b66 testClass = DefaultCharacterManagerTest, locations = '{}', classes = '{class org.waldreg.character.management.DefaultCharacterManager, class org.waldreg.character.permission.management.PermissionUnitManager}', contextInitializerClasses = '[]', activeProfiles = '{}', propertySourceLocations = '{}', propertySourceProperties = '{}', contextCustomizers = set[org.springframework.boot.test.autoconfigure.actuate.metrics.MetricsExportContextCustomizerFactory$DisableMetricExportContextCustomizer@765f05af, org.springframework.boot.test.autoconfigure.properties.PropertyMappingContextCustomizer@0, org.springframework.boot.test.autoconfigure.web.servlet.WebDriverContextCustomizerFactory$Customizer@549949be, org.springframework.boot.test.context.filter.ExcludeFilterContextCustomizer@39ad977d, org.springframework.boot.test.json.DuplicateJsonObjectContextCustomizerFactory$DuplicateJsonObjectContextCustomizer@18025ced, org.springframework.boot.test.mock.mockito.MockitoContextCustomizer@2240bc6b], contextLoader = 'org.springframework.test.context.support.DelegatingSmartContextLoader', parent = [null]]]
11:12:07.710 [Test worker] DEBUG org.springframework.test.context.cache - Spring test ApplicationContext cache statistics: [DefaultContextCache@34f392be size = 1, maxSize = 32, parentContextCount = 0, hitCount = 17, missCount = 1]
11:12:07.716 [Test worker] DEBUG org.springframework.test.context.cache.DefaultCacheAwareContextLoaderDelegate - Retrieved ApplicationContext [1434066477] from cache with key [[MergedContextConfiguration@7a791b66 testClass = DefaultCharacterManagerTest, locations = '{}', classes = '{class org.waldreg.character.management.DefaultCharacterManager, class org.waldreg.character.permission.management.PermissionUnitManager}', contextInitializerClasses = '[]', activeProfiles = '{}', propertySourceLocations = '{}', propertySourceProperties = '{}', contextCustomizers = set[org.springframework.boot.test.autoconfigure.actuate.metrics.MetricsExportContextCustomizerFactory$DisableMetricExportContextCustomizer@765f05af, org.springframework.boot.test.autoconfigure.properties.PropertyMappingContextCustomizer@0, org.springframework.boot.test.autoconfigure.web.servlet.WebDriverContextCustomizerFactory$Customizer@549949be, org.springframework.boot.test.context.filter.ExcludeFilterContextCustomizer@39ad977d, org.springframework.boot.test.json.DuplicateJsonObjectContextCustomizerFactory$DuplicateJsonObjectContextCustomizer@18025ced, org.springframework.boot.test.mock.mockito.MockitoContextCustomizer@2240bc6b], contextLoader = 'org.springframework.test.context.support.DelegatingSmartContextLoader', parent = [null]]]
11:12:07.716 [Test worker] DEBUG org.springframework.test.context.cache - Spring test ApplicationContext cache statistics: [DefaultContextCache@34f392be size = 1, maxSize = 32, parentContextCount = 0, hitCount = 18, missCount = 1]
11:12:07.717 [Test worker] DEBUG org.springframework.test.context.cache.DefaultCacheAwareContextLoaderDelegate - Retrieved ApplicationContext [1434066477] from cache with key [[MergedContextConfiguration@7a791b66 testClass = DefaultCharacterManagerTest, locations = '{}', classes = '{class org.waldreg.character.management.DefaultCharacterManager, class org.waldreg.character.permission.management.PermissionUnitManager}', contextInitializerClasses = '[]', activeProfiles = '{}', propertySourceLocations = '{}', propertySourceProperties = '{}', contextCustomizers = set[org.springframework.boot.test.autoconfigure.actuate.metrics.MetricsExportContextCustomizerFactory$DisableMetricExportContextCustomizer@765f05af, org.springframework.boot.test.autoconfigure.properties.PropertyMappingContextCustomizer@0, org.springframework.boot.test.autoconfigure.web.servlet.WebDriverContextCustomizerFactory$Customizer@549949be, org.springframework.boot.test.context.filter.ExcludeFilterContextCustomizer@39ad977d, org.springframework.boot.test.json.DuplicateJsonObjectContextCustomizerFactory$DuplicateJsonObjectContextCustomizer@18025ced, org.springframework.boot.test.mock.mockito.MockitoContextCustomizer@2240bc6b], contextLoader = 'org.springframework.test.context.support.DelegatingSmartContextLoader', parent = [null]]]
11:12:07.717 [Test worker] DEBUG org.springframework.test.context.cache - Spring test ApplicationContext cache statistics: [DefaultContextCache@34f392be size = 1, maxSize = 32, parentContextCount = 0, hitCount = 19, missCount = 1]
11:12:07.717 [Test worker] DEBUG org.springframework.test.context.cache.DefaultCacheAwareContextLoaderDelegate - Retrieved ApplicationContext [1434066477] from cache with key [[MergedContextConfiguration@7a791b66 testClass = DefaultCharacterManagerTest, locations = '{}', classes = '{class org.waldreg.character.management.DefaultCharacterManager, class org.waldreg.character.permission.management.PermissionUnitManager}', contextInitializerClasses = '[]', activeProfiles = '{}', propertySourceLocations = '{}', propertySourceProperties = '{}', contextCustomizers = set[org.springframework.boot.test.autoconfigure.actuate.metrics.MetricsExportContextCustomizerFactory$DisableMetricExportContextCustomizer@765f05af, org.springframework.boot.test.autoconfigure.properties.PropertyMappingContextCustomizer@0, org.springframework.boot.test.autoconfigure.web.servlet.WebDriverContextCustomizerFactory$Customizer@549949be, org.springframework.boot.test.context.filter.ExcludeFilterContextCustomizer@39ad977d, org.springframework.boot.test.json.DuplicateJsonObjectContextCustomizerFactory$DuplicateJsonObjectContextCustomizer@18025ced, org.springframework.boot.test.mock.mockito.MockitoContextCustomizer@2240bc6b], contextLoader = 'org.springframework.test.context.support.DelegatingSmartContextLoader', parent = [null]]]
11:12:07.717 [Test worker] DEBUG org.springframework.test.context.cache - Spring test ApplicationContext cache statistics: [DefaultContextCache@34f392be size = 1, maxSize = 32, parentContextCount = 0, hitCount = 20, missCount = 1]
11:12:07.717 [Test worker] DEBUG org.springframework.test.context.cache.DefaultCacheAwareContextLoaderDelegate - Retrieved ApplicationContext [1434066477] from cache with key [[MergedContextConfiguration@7a791b66 testClass = DefaultCharacterManagerTest, locations = '{}', classes = '{class org.waldreg.character.management.DefaultCharacterManager, class org.waldreg.character.permission.management.PermissionUnitManager}', contextInitializerClasses = '[]', activeProfiles = '{}', propertySourceLocations = '{}', propertySourceProperties = '{}', contextCustomizers = set[org.springframework.boot.test.autoconfigure.actuate.metrics.MetricsExportContextCustomizerFactory$DisableMetricExportContextCustomizer@765f05af, org.springframework.boot.test.autoconfigure.properties.PropertyMappingContextCustomizer@0, org.springframework.boot.test.autoconfigure.web.servlet.WebDriverContextCustomizerFactory$Customizer@549949be, org.springframework.boot.test.context.filter.ExcludeFilterContextCustomizer@39ad977d, org.springframework.boot.test.json.DuplicateJsonObjectContextCustomizerFactory$DuplicateJsonObjectContextCustomizer@18025ced, org.springframework.boot.test.mock.mockito.MockitoContextCustomizer@2240bc6b], contextLoader = 'org.springframework.test.context.support.DelegatingSmartContextLoader', parent = [null]]]
11:12:07.717 [Test worker] DEBUG org.springframework.test.context.cache - Spring test ApplicationContext cache statistics: [DefaultContextCache@34f392be size = 1, maxSize = 32, parentContextCount = 0, hitCount = 21, missCount = 1]
11:12:07.717 [Test worker] DEBUG org.springframework.test.context.cache.DefaultCacheAwareContextLoaderDelegate - Retrieved ApplicationContext [1434066477] from cache with key [[MergedContextConfiguration@7a791b66 testClass = DefaultCharacterManagerTest, locations = '{}', classes = '{class org.waldreg.character.management.DefaultCharacterManager, class org.waldreg.character.permission.management.PermissionUnitManager}', contextInitializerClasses = '[]', activeProfiles = '{}', propertySourceLocations = '{}', propertySourceProperties = '{}', contextCustomizers = set[org.springframework.boot.test.autoconfigure.actuate.metrics.MetricsExportContextCustomizerFactory$DisableMetricExportContextCustomizer@765f05af, org.springframework.boot.test.autoconfigure.properties.PropertyMappingContextCustomizer@0, org.springframework.boot.test.autoconfigure.web.servlet.WebDriverContextCustomizerFactory$Customizer@549949be, org.springframework.boot.test.context.filter.ExcludeFilterContextCustomizer@39ad977d, org.springframework.boot.test.json.DuplicateJsonObjectContextCustomizerFactory$DuplicateJsonObjectContextCustomizer@18025ced, org.springframework.boot.test.mock.mockito.MockitoContextCustomizer@2240bc6b], contextLoader = 'org.springframework.test.context.support.DelegatingSmartContextLoader', parent = [null]]]
11:12:07.718 [Test worker] DEBUG org.springframework.test.context.cache - Spring test ApplicationContext cache statistics: [DefaultContextCache@34f392be size = 1, maxSize = 32, parentContextCount = 0, hitCount = 22, missCount = 1]
11:12:07.718 [Test worker] DEBUG org.springframework.test.context.cache.DefaultCacheAwareContextLoaderDelegate - Retrieved ApplicationContext [1434066477] from cache with key [[MergedContextConfiguration@7a791b66 testClass = DefaultCharacterManagerTest, locations = '{}', classes = '{class org.waldreg.character.management.DefaultCharacterManager, class org.waldreg.character.permission.management.PermissionUnitManager}', contextInitializerClasses = '[]', activeProfiles = '{}', propertySourceLocations = '{}', propertySourceProperties = '{}', contextCustomizers = set[org.springframework.boot.test.autoconfigure.actuate.metrics.MetricsExportContextCustomizerFactory$DisableMetricExportContextCustomizer@765f05af, org.springframework.boot.test.autoconfigure.properties.PropertyMappingContextCustomizer@0, org.springframework.boot.test.autoconfigure.web.servlet.WebDriverContextCustomizerFactory$Customizer@549949be, org.springframework.boot.test.context.filter.ExcludeFilterContextCustomizer@39ad977d, org.springframework.boot.test.json.DuplicateJsonObjectContextCustomizerFactory$DuplicateJsonObjectContextCustomizer@18025ced, org.springframework.boot.test.mock.mockito.MockitoContextCustomizer@2240bc6b], contextLoader = 'org.springframework.test.context.support.DelegatingSmartContextLoader', parent = [null]]]
11:12:07.718 [Test worker] DEBUG org.springframework.test.context.cache - Spring test ApplicationContext cache statistics: [DefaultContextCache@34f392be size = 1, maxSize = 32, parentContextCount = 0, hitCount = 23, missCount = 1]
11:12:07.718 [Test worker] DEBUG org.springframework.test.context.support.AbstractDirtiesContextTestExecutionListener - After test method: context [DefaultTestContext@40f1be1b testClass = DefaultCharacterManagerTest, testInstance = org.waldreg.character.management.DefaultCharacterManagerTest@475646d4, testMethod = CREATE_NEW_CHARACTER_FAIL_INVALID_STATUS_NAME_TEST@DefaultCharacterManagerTest, testException = [null], mergedContextConfiguration = [MergedContextConfiguration@7a791b66 testClass = DefaultCharacterManagerTest, locations = '{}', classes = '{class org.waldreg.character.management.DefaultCharacterManager, class org.waldreg.character.permission.management.PermissionUnitManager}', contextInitializerClasses = '[]', activeProfiles = '{}', propertySourceLocations = '{}', propertySourceProperties = '{}', contextCustomizers = set[org.springframework.boot.test.autoconfigure.actuate.metrics.MetricsExportContextCustomizerFactory$DisableMetricExportContextCustomizer@765f05af, org.springframework.boot.test.autoconfigure.properties.PropertyMappingContextCustomizer@0, org.springframework.boot.test.autoconfigure.web.servlet.WebDriverContextCustomizerFactory$Customizer@549949be, org.springframework.boot.test.context.filter.ExcludeFilterContextCustomizer@39ad977d, org.springframework.boot.test.json.DuplicateJsonObjectContextCustomizerFactory$DuplicateJsonObjectContextCustomizer@18025ced, org.springframework.boot.test.mock.mockito.MockitoContextCustomizer@2240bc6b], contextLoader = 'org.springframework.test.context.support.DelegatingSmartContextLoader', parent = [null]], attributes = map['org.springframework.test.context.event.ApplicationEventsTestExecutionListener.recordApplicationEvents' -> false]], class annotated with @DirtiesContext [false] with mode [null], method annotated with @DirtiesContext [false] with mode [null].
11:12:07.719 [Test worker] DEBUG org.springframework.test.context.cache.DefaultCacheAwareContextLoaderDelegate - Retrieved ApplicationContext [1434066477] from cache with key [[MergedContextConfiguration@7a791b66 testClass = DefaultCharacterManagerTest, locations = '{}', classes = '{class org.waldreg.character.management.DefaultCharacterManager, class org.waldreg.character.permission.management.PermissionUnitManager}', contextInitializerClasses = '[]', activeProfiles = '{}', propertySourceLocations = '{}', propertySourceProperties = '{}', contextCustomizers = set[org.springframework.boot.test.autoconfigure.actuate.metrics.MetricsExportContextCustomizerFactory$DisableMetricExportContextCustomizer@765f05af, org.springframework.boot.test.autoconfigure.properties.PropertyMappingContextCustomizer@0, org.springframework.boot.test.autoconfigure.web.servlet.WebDriverContextCustomizerFactory$Customizer@549949be, org.springframework.boot.test.context.filter.ExcludeFilterContextCustomizer@39ad977d, org.springframework.boot.test.json.DuplicateJsonObjectContextCustomizerFactory$DuplicateJsonObjectContextCustomizer@18025ced, org.springframework.boot.test.mock.mockito.MockitoContextCustomizer@2240bc6b], contextLoader = 'org.springframework.test.context.support.DelegatingSmartContextLoader', parent = [null]]]
11:12:07.719 [Test worker] DEBUG org.springframework.test.context.cache - Spring test ApplicationContext cache statistics: [DefaultContextCache@34f392be size = 1, maxSize = 32, parentContextCount = 0, hitCount = 24, missCount = 1]
11:12:07.719 [Test worker] DEBUG org.springframework.test.context.support.DependencyInjectionTestExecutionListener - Performing dependency injection for test context [[DefaultTestContext@40f1be1b testClass = DefaultCharacterManagerTest, testInstance = org.waldreg.character.management.DefaultCharacterManagerTest@e042c99, testMethod = [null], testException = [null], mergedContextConfiguration = [MergedContextConfiguration@7a791b66 testClass = DefaultCharacterManagerTest, locations = '{}', classes = '{class org.waldreg.character.management.DefaultCharacterManager, class org.waldreg.character.permission.management.PermissionUnitManager}', contextInitializerClasses = '[]', activeProfiles = '{}', propertySourceLocations = '{}', propertySourceProperties = '{}', contextCustomizers = set[org.springframework.boot.test.autoconfigure.actuate.metrics.MetricsExportContextCustomizerFactory$DisableMetricExportContextCustomizer@765f05af, org.springframework.boot.test.autoconfigure.properties.PropertyMappingContextCustomizer@0, org.springframework.boot.test.autoconfigure.web.servlet.WebDriverContextCustomizerFactory$Customizer@549949be, org.springframework.boot.test.context.filter.ExcludeFilterContextCustomizer@39ad977d, org.springframework.boot.test.json.DuplicateJsonObjectContextCustomizerFactory$DuplicateJsonObjectContextCustomizer@18025ced, org.springframework.boot.test.mock.mockito.MockitoContextCustomizer@2240bc6b], contextLoader = 'org.springframework.test.context.support.DelegatingSmartContextLoader', parent = [null]], attributes = map['org.springframework.test.context.event.ApplicationEventsTestExecutionListener.recordApplicationEvents' -> false]]].
11:12:07.719 [Test worker] DEBUG org.springframework.test.context.cache.DefaultCacheAwareContextLoaderDelegate - Retrieved ApplicationContext [1434066477] from cache with key [[MergedContextConfiguration@7a791b66 testClass = DefaultCharacterManagerTest, locations = '{}', classes = '{class org.waldreg.character.management.DefaultCharacterManager, class org.waldreg.character.permission.management.PermissionUnitManager}', contextInitializerClasses = '[]', activeProfiles = '{}', propertySourceLocations = '{}', propertySourceProperties = '{}', contextCustomizers = set[org.springframework.boot.test.autoconfigure.actuate.metrics.MetricsExportContextCustomizerFactory$DisableMetricExportContextCustomizer@765f05af, org.springframework.boot.test.autoconfigure.properties.PropertyMappingContextCustomizer@0, org.springframework.boot.test.autoconfigure.web.servlet.WebDriverContextCustomizerFactory$Customizer@549949be, org.springframework.boot.test.context.filter.ExcludeFilterContextCustomizer@39ad977d, org.springframework.boot.test.json.DuplicateJsonObjectContextCustomizerFactory$DuplicateJsonObjectContextCustomizer@18025ced, org.springframework.boot.test.mock.mockito.MockitoContextCustomizer@2240bc6b], contextLoader = 'org.springframework.test.context.support.DelegatingSmartContextLoader', parent = [null]]]
11:12:07.719 [Test worker] DEBUG org.springframework.test.context.cache - Spring test ApplicationContext cache statistics: [DefaultContextCache@34f392be size = 1, maxSize = 32, parentContextCount = 0, hitCount = 25, missCount = 1]
11:12:07.719 [Test worker] DEBUG org.springframework.test.context.cache.DefaultCacheAwareContextLoaderDelegate - Retrieved ApplicationContext [1434066477] from cache with key [[MergedContextConfiguration@7a791b66 testClass = DefaultCharacterManagerTest, locations = '{}', classes = '{class org.waldreg.character.management.DefaultCharacterManager, class org.waldreg.character.permission.management.PermissionUnitManager}', contextInitializerClasses = '[]', activeProfiles = '{}', propertySourceLocations = '{}', propertySourceProperties = '{}', contextCustomizers = set[org.springframework.boot.test.autoconfigure.actuate.metrics.MetricsExportContextCustomizerFactory$DisableMetricExportContextCustomizer@765f05af, org.springframework.boot.test.autoconfigure.properties.PropertyMappingContextCustomizer@0, org.springframework.boot.test.autoconfigure.web.servlet.WebDriverContextCustomizerFactory$Customizer@549949be, org.springframework.boot.test.context.filter.ExcludeFilterContextCustomizer@39ad977d, org.springframework.boot.test.json.DuplicateJsonObjectContextCustomizerFactory$DuplicateJsonObjectContextCustomizer@18025ced, org.springframework.boot.test.mock.mockito.MockitoContextCustomizer@2240bc6b], contextLoader = 'org.springframework.test.context.support.DelegatingSmartContextLoader', parent = [null]]]
11:12:07.719 [Test worker] DEBUG org.springframework.test.context.cache - Spring test ApplicationContext cache statistics: [DefaultContextCache@34f392be size = 1, maxSize = 32, parentContextCount = 0, hitCount = 26, missCount = 1]
11:12:07.720 [Test worker] DEBUG org.springframework.test.context.support.AbstractDirtiesContextTestExecutionListener - Before test method: context [DefaultTestContext@40f1be1b testClass = DefaultCharacterManagerTest, testInstance = org.waldreg.character.management.DefaultCharacterManagerTest@e042c99, testMethod = CREATE_NEW_CHARACTER_FAIL_DOES_NOT_FIND_PERMISSION_TEST@DefaultCharacterManagerTest, testException = [null], mergedContextConfiguration = [MergedContextConfiguration@7a791b66 testClass = DefaultCharacterManagerTest, locations = '{}', classes = '{class org.waldreg.character.management.DefaultCharacterManager, class org.waldreg.character.permission.management.PermissionUnitManager}', contextInitializerClasses = '[]', activeProfiles = '{}', propertySourceLocations = '{}', propertySourceProperties = '{}', contextCustomizers = set[org.springframework.boot.test.autoconfigure.actuate.metrics.MetricsExportContextCustomizerFactory$DisableMetricExportContextCustomizer@765f05af, org.springframework.boot.test.autoconfigure.properties.PropertyMappingContextCustomizer@0, org.springframework.boot.test.autoconfigure.web.servlet.WebDriverContextCustomizerFactory$Customizer@549949be, org.springframework.boot.test.context.filter.ExcludeFilterContextCustomizer@39ad977d, org.springframework.boot.test.json.DuplicateJsonObjectContextCustomizerFactory$DuplicateJsonObjectContextCustomizer@18025ced, org.springframework.boot.test.mock.mockito.MockitoContextCustomizer@2240bc6b], contextLoader = 'org.springframework.test.context.support.DelegatingSmartContextLoader', parent = [null]], attributes = map['org.springframework.test.context.event.ApplicationEventsTestExecutionListener.recordApplicationEvents' -> false]], class annotated with @DirtiesContext [false] with mode [null], method annotated with @DirtiesContext [false] with mode [null].
11:12:07.721 [Test worker] DEBUG org.springframework.test.context.cache.DefaultCacheAwareContextLoaderDelegate - Retrieved ApplicationContext [1434066477] from cache with key [[MergedContextConfiguration@7a791b66 testClass = DefaultCharacterManagerTest, locations = '{}', classes = '{class org.waldreg.character.management.DefaultCharacterManager, class org.waldreg.character.permission.management.PermissionUnitManager}', contextInitializerClasses = '[]', activeProfiles = '{}', propertySourceLocations = '{}', propertySourceProperties = '{}', contextCustomizers = set[org.springframework.boot.test.autoconfigure.actuate.metrics.MetricsExportContextCustomizerFactory$DisableMetricExportContextCustomizer@765f05af, org.springframework.boot.test.autoconfigure.properties.PropertyMappingContextCustomizer@0, org.springframework.boot.test.autoconfigure.web.servlet.WebDriverContextCustomizerFactory$Customizer@549949be, org.springframework.boot.test.context.filter.ExcludeFilterContextCustomizer@39ad977d, org.springframework.boot.test.json.DuplicateJsonObjectContextCustomizerFactory$DuplicateJsonObjectContextCustomizer@18025ced, org.springframework.boot.test.mock.mockito.MockitoContextCustomizer@2240bc6b], contextLoader = 'org.springframework.test.context.support.DelegatingSmartContextLoader', parent = [null]]]
11:12:07.721 [Test worker] DEBUG org.springframework.test.context.cache - Spring test ApplicationContext cache statistics: [DefaultContextCache@34f392be size = 1, maxSize = 32, parentContextCount = 0, hitCount = 27, missCount = 1]
11:12:07.721 [Test worker] DEBUG org.springframework.test.context.cache.DefaultCacheAwareContextLoaderDelegate - Retrieved ApplicationContext [1434066477] from cache with key [[MergedContextConfiguration@7a791b66 testClass = DefaultCharacterManagerTest, locations = '{}', classes = '{class org.waldreg.character.management.DefaultCharacterManager, class org.waldreg.character.permission.management.PermissionUnitManager}', contextInitializerClasses = '[]', activeProfiles = '{}', propertySourceLocations = '{}', propertySourceProperties = '{}', contextCustomizers = set[org.springframework.boot.test.autoconfigure.actuate.metrics.MetricsExportContextCustomizerFactory$DisableMetricExportContextCustomizer@765f05af, org.springframework.boot.test.autoconfigure.properties.PropertyMappingContextCustomizer@0, org.springframework.boot.test.autoconfigure.web.servlet.WebDriverContextCustomizerFactory$Customizer@549949be, org.springframework.boot.test.context.filter.ExcludeFilterContextCustomizer@39ad977d, org.springframework.boot.test.json.DuplicateJsonObjectContextCustomizerFactory$DuplicateJsonObjectContextCustomizer@18025ced, org.springframework.boot.test.mock.mockito.MockitoContextCustomizer@2240bc6b], contextLoader = 'org.springframework.test.context.support.DelegatingSmartContextLoader', parent = [null]]]
11:12:07.721 [Test worker] DEBUG org.springframework.test.context.cache - Spring test ApplicationContext cache statistics: [DefaultContextCache@34f392be size = 1, maxSize = 32, parentContextCount = 0, hitCount = 28, missCount = 1]
11:12:07.721 [Test worker] DEBUG org.springframework.test.context.cache.DefaultCacheAwareContextLoaderDelegate - Retrieved ApplicationContext [1434066477] from cache with key [[MergedContextConfiguration@7a791b66 testClass = DefaultCharacterManagerTest, locations = '{}', classes = '{class org.waldreg.character.management.DefaultCharacterManager, class org.waldreg.character.permission.management.PermissionUnitManager}', contextInitializerClasses = '[]', activeProfiles = '{}', propertySourceLocations = '{}', propertySourceProperties = '{}', contextCustomizers = set[org.springframework.boot.test.autoconfigure.actuate.metrics.MetricsExportContextCustomizerFactory$DisableMetricExportContextCustomizer@765f05af, org.springframework.boot.test.autoconfigure.properties.PropertyMappingContextCustomizer@0, org.springframework.boot.test.autoconfigure.web.servlet.WebDriverContextCustomizerFactory$Customizer@549949be, org.springframework.boot.test.context.filter.ExcludeFilterContextCustomizer@39ad977d, org.springframework.boot.test.json.DuplicateJsonObjectContextCustomizerFactory$DuplicateJsonObjectContextCustomizer@18025ced, org.springframework.boot.test.mock.mockito.MockitoContextCustomizer@2240bc6b], contextLoader = 'org.springframework.test.context.support.DelegatingSmartContextLoader', parent = [null]]]
11:12:07.721 [Test worker] DEBUG org.springframework.test.context.cache - Spring test ApplicationContext cache statistics: [DefaultContextCache@34f392be size = 1, maxSize = 32, parentContextCount = 0, hitCount = 29, missCount = 1]
11:12:07.723 [Test worker] DEBUG org.springframework.test.context.cache.DefaultCacheAwareContextLoaderDelegate - Retrieved ApplicationContext [1434066477] from cache with key [[MergedContextConfiguration@7a791b66 testClass = DefaultCharacterManagerTest, locations = '{}', classes = '{class org.waldreg.character.management.DefaultCharacterManager, class org.waldreg.character.permission.management.PermissionUnitManager}', contextInitializerClasses = '[]', activeProfiles = '{}', propertySourceLocations = '{}', propertySourceProperties = '{}', contextCustomizers = set[org.springframework.boot.test.autoconfigure.actuate.metrics.MetricsExportContextCustomizerFactory$DisableMetricExportContextCustomizer@765f05af, org.springframework.boot.test.autoconfigure.properties.PropertyMappingContextCustomizer@0, org.springframework.boot.test.autoconfigure.web.servlet.WebDriverContextCustomizerFactory$Customizer@549949be, org.springframework.boot.test.context.filter.ExcludeFilterContextCustomizer@39ad977d, org.springframework.boot.test.json.DuplicateJsonObjectContextCustomizerFactory$DuplicateJsonObjectContextCustomizer@18025ced, org.springframework.boot.test.mock.mockito.MockitoContextCustomizer@2240bc6b], contextLoader = 'org.springframework.test.context.support.DelegatingSmartContextLoader', parent = [null]]]
11:12:07.723 [Test worker] DEBUG org.springframework.test.context.cache - Spring test ApplicationContext cache statistics: [DefaultContextCache@34f392be size = 1, maxSize = 32, parentContextCount = 0, hitCount = 30, missCount = 1]
11:12:07.723 [Test worker] DEBUG org.springframework.test.context.cache.DefaultCacheAwareContextLoaderDelegate - Retrieved ApplicationContext [1434066477] from cache with key [[MergedContextConfiguration@7a791b66 testClass = DefaultCharacterManagerTest, locations = '{}', classes = '{class org.waldreg.character.management.DefaultCharacterManager, class org.waldreg.character.permission.management.PermissionUnitManager}', contextInitializerClasses = '[]', activeProfiles = '{}', propertySourceLocations = '{}', propertySourceProperties = '{}', contextCustomizers = set[org.springframework.boot.test.autoconfigure.actuate.metrics.MetricsExportContextCustomizerFactory$DisableMetricExportContextCustomizer@765f05af, org.springframework.boot.test.autoconfigure.properties.PropertyMappingContextCustomizer@0, org.springframework.boot.test.autoconfigure.web.servlet.WebDriverContextCustomizerFactory$Customizer@549949be, org.springframework.boot.test.context.filter.ExcludeFilterContextCustomizer@39ad977d, org.springframework.boot.test.json.DuplicateJsonObjectContextCustomizerFactory$DuplicateJsonObjectContextCustomizer@18025ced, org.springframework.boot.test.mock.mockito.MockitoContextCustomizer@2240bc6b], contextLoader = 'org.springframework.test.context.support.DelegatingSmartContextLoader', parent = [null]]]
11:12:07.723 [Test worker] DEBUG org.springframework.test.context.cache - Spring test ApplicationContext cache statistics: [DefaultContextCache@34f392be size = 1, maxSize = 32, parentContextCount = 0, hitCount = 31, missCount = 1]
11:12:07.724 [Test worker] DEBUG org.springframework.test.context.cache.DefaultCacheAwareContextLoaderDelegate - Retrieved ApplicationContext [1434066477] from cache with key [[MergedContextConfiguration@7a791b66 testClass = DefaultCharacterManagerTest, locations = '{}', classes = '{class org.waldreg.character.management.DefaultCharacterManager, class org.waldreg.character.permission.management.PermissionUnitManager}', contextInitializerClasses = '[]', activeProfiles = '{}', propertySourceLocations = '{}', propertySourceProperties = '{}', contextCustomizers = set[org.springframework.boot.test.autoconfigure.actuate.metrics.MetricsExportContextCustomizerFactory$DisableMetricExportContextCustomizer@765f05af, org.springframework.boot.test.autoconfigure.properties.PropertyMappingContextCustomizer@0, org.springframework.boot.test.autoconfigure.web.servlet.WebDriverContextCustomizerFactory$Customizer@549949be, org.springframework.boot.test.context.filter.ExcludeFilterContextCustomizer@39ad977d, org.springframework.boot.test.json.DuplicateJsonObjectContextCustomizerFactory$DuplicateJsonObjectContextCustomizer@18025ced, org.springframework.boot.test.mock.mockito.MockitoContextCustomizer@2240bc6b], contextLoader = 'org.springframework.test.context.support.DelegatingSmartContextLoader', parent = [null]]]
11:12:07.724 [Test worker] DEBUG org.springframework.test.context.cache - Spring test ApplicationContext cache statistics: [DefaultContextCache@34f392be size = 1, maxSize = 32, parentContextCount = 0, hitCount = 32, missCount = 1]
11:12:07.724 [Test worker] DEBUG org.springframework.test.context.cache.DefaultCacheAwareContextLoaderDelegate - Retrieved ApplicationContext [1434066477] from cache with key [[MergedContextConfiguration@7a791b66 testClass = DefaultCharacterManagerTest, locations = '{}', classes = '{class org.waldreg.character.management.DefaultCharacterManager, class org.waldreg.character.permission.management.PermissionUnitManager}', contextInitializerClasses = '[]', activeProfiles = '{}', propertySourceLocations = '{}', propertySourceProperties = '{}', contextCustomizers = set[org.springframework.boot.test.autoconfigure.actuate.metrics.MetricsExportContextCustomizerFactory$DisableMetricExportContextCustomizer@765f05af, org.springframework.boot.test.autoconfigure.properties.PropertyMappingContextCustomizer@0, org.springframework.boot.test.autoconfigure.web.servlet.WebDriverContextCustomizerFactory$Customizer@549949be, org.springframework.boot.test.context.filter.ExcludeFilterContextCustomizer@39ad977d, org.springframework.boot.test.json.DuplicateJsonObjectContextCustomizerFactory$DuplicateJsonObjectContextCustomizer@18025ced, org.springframework.boot.test.mock.mockito.MockitoContextCustomizer@2240bc6b], contextLoader = 'org.springframework.test.context.support.DelegatingSmartContextLoader', parent = [null]]]
11:12:07.724 [Test worker] DEBUG org.springframework.test.context.cache - Spring test ApplicationContext cache statistics: [DefaultContextCache@34f392be size = 1, maxSize = 32, parentContextCount = 0, hitCount = 33, missCount = 1]
11:12:07.724 [Test worker] DEBUG org.springframework.test.context.cache.DefaultCacheAwareContextLoaderDelegate - Retrieved ApplicationContext [1434066477] from cache with key [[MergedContextConfiguration@7a791b66 testClass = DefaultCharacterManagerTest, locations = '{}', classes = '{class org.waldreg.character.management.DefaultCharacterManager, class org.waldreg.character.permission.management.PermissionUnitManager}', contextInitializerClasses = '[]', activeProfiles = '{}', propertySourceLocations = '{}', propertySourceProperties = '{}', contextCustomizers = set[org.springframework.boot.test.autoconfigure.actuate.metrics.MetricsExportContextCustomizerFactory$DisableMetricExportContextCustomizer@765f05af, org.springframework.boot.test.autoconfigure.properties.PropertyMappingContextCustomizer@0, org.springframework.boot.test.autoconfigure.web.servlet.WebDriverContextCustomizerFactory$Customizer@549949be, org.springframework.boot.test.context.filter.ExcludeFilterContextCustomizer@39ad977d, org.springframework.boot.test.json.DuplicateJsonObjectContextCustomizerFactory$DuplicateJsonObjectContextCustomizer@18025ced, org.springframework.boot.test.mock.mockito.MockitoContextCustomizer@2240bc6b], contextLoader = 'org.springframework.test.context.support.DelegatingSmartContextLoader', parent = [null]]]
11:12:07.724 [Test worker] DEBUG org.springframework.test.context.cache - Spring test ApplicationContext cache statistics: [DefaultContextCache@34f392be size = 1, maxSize = 32, parentContextCount = 0, hitCount = 34, missCount = 1]
11:12:07.724 [Test worker] DEBUG org.springframework.test.context.cache.DefaultCacheAwareContextLoaderDelegate - Retrieved ApplicationContext [1434066477] from cache with key [[MergedContextConfiguration@7a791b66 testClass = DefaultCharacterManagerTest, locations = '{}', classes = '{class org.waldreg.character.management.DefaultCharacterManager, class org.waldreg.character.permission.management.PermissionUnitManager}', contextInitializerClasses = '[]', activeProfiles = '{}', propertySourceLocations = '{}', propertySourceProperties = '{}', contextCustomizers = set[org.springframework.boot.test.autoconfigure.actuate.metrics.MetricsExportContextCustomizerFactory$DisableMetricExportContextCustomizer@765f05af, org.springframework.boot.test.autoconfigure.properties.PropertyMappingContextCustomizer@0, org.springframework.boot.test.autoconfigure.web.servlet.WebDriverContextCustomizerFactory$Customizer@549949be, org.springframework.boot.test.context.filter.ExcludeFilterContextCustomizer@39ad977d, org.springframework.boot.test.json.DuplicateJsonObjectContextCustomizerFactory$DuplicateJsonObjectContextCustomizer@18025ced, org.springframework.boot.test.mock.mockito.MockitoContextCustomizer@2240bc6b], contextLoader = 'org.springframework.test.context.support.DelegatingSmartContextLoader', parent = [null]]]
11:12:07.725 [Test worker] DEBUG org.springframework.test.context.cache - Spring test ApplicationContext cache statistics: [DefaultContextCache@34f392be size = 1, maxSize = 32, parentContextCount = 0, hitCount = 35, missCount = 1]
11:12:07.726 [Test worker] DEBUG org.springframework.test.context.support.AbstractDirtiesContextTestExecutionListener - After test method: context [DefaultTestContext@40f1be1b testClass = DefaultCharacterManagerTest, testInstance = org.waldreg.character.management.DefaultCharacterManagerTest@e042c99, testMethod = CREATE_NEW_CHARACTER_FAIL_DOES_NOT_FIND_PERMISSION_TEST@DefaultCharacterManagerTest, testException = [null], mergedContextConfiguration = [MergedContextConfiguration@7a791b66 testClass = DefaultCharacterManagerTest, locations = '{}', classes = '{class org.waldreg.character.management.DefaultCharacterManager, class org.waldreg.character.permission.management.PermissionUnitManager}', contextInitializerClasses = '[]', activeProfiles = '{}', propertySourceLocations = '{}', propertySourceProperties = '{}', contextCustomizers = set[org.springframework.boot.test.autoconfigure.actuate.metrics.MetricsExportContextCustomizerFactory$DisableMetricExportContextCustomizer@765f05af, org.springframework.boot.test.autoconfigure.properties.PropertyMappingContextCustomizer@0, org.springframework.boot.test.autoconfigure.web.servlet.WebDriverContextCustomizerFactory$Customizer@549949be, org.springframework.boot.test.context.filter.ExcludeFilterContextCustomizer@39ad977d, org.springframework.boot.test.json.DuplicateJsonObjectContextCustomizerFactory$DuplicateJsonObjectContextCustomizer@18025ced, org.springframework.boot.test.mock.mockito.MockitoContextCustomizer@2240bc6b], contextLoader = 'org.springframework.test.context.support.DelegatingSmartContextLoader', parent = [null]], attributes = map['org.springframework.test.context.event.ApplicationEventsTestExecutionListener.recordApplicationEvents' -> false]], class annotated with @DirtiesContext [false] with mode [null], method annotated with @DirtiesContext [false] with mode [null].
11:12:07.728 [Test worker] DEBUG org.springframework.test.context.cache.DefaultCacheAwareContextLoaderDelegate - Retrieved ApplicationContext [1434066477] from cache with key [[MergedContextConfiguration@7a791b66 testClass = DefaultCharacterManagerTest, locations = '{}', classes = '{class org.waldreg.character.management.DefaultCharacterManager, class org.waldreg.character.permission.management.PermissionUnitManager}', contextInitializerClasses = '[]', activeProfiles = '{}', propertySourceLocations = '{}', propertySourceProperties = '{}', contextCustomizers = set[org.springframework.boot.test.autoconfigure.actuate.metrics.MetricsExportContextCustomizerFactory$DisableMetricExportContextCustomizer@765f05af, org.springframework.boot.test.autoconfigure.properties.PropertyMappingContextCustomizer@0, org.springframework.boot.test.autoconfigure.web.servlet.WebDriverContextCustomizerFactory$Customizer@549949be, org.springframework.boot.test.context.filter.ExcludeFilterContextCustomizer@39ad977d, org.springframework.boot.test.json.DuplicateJsonObjectContextCustomizerFactory$DuplicateJsonObjectContextCustomizer@18025ced, org.springframework.boot.test.mock.mockito.MockitoContextCustomizer@2240bc6b], contextLoader = 'org.springframework.test.context.support.DelegatingSmartContextLoader', parent = [null]]]
11:12:07.728 [Test worker] DEBUG org.springframework.test.context.cache - Spring test ApplicationContext cache statistics: [DefaultContextCache@34f392be size = 1, maxSize = 32, parentContextCount = 0, hitCount = 36, missCount = 1]
11:12:07.728 [Test worker] DEBUG org.springframework.test.context.support.DependencyInjectionTestExecutionListener - Performing dependency injection for test context [[DefaultTestContext@40f1be1b testClass = DefaultCharacterManagerTest, testInstance = org.waldreg.character.management.DefaultCharacterManagerTest@7cea0110, testMethod = [null], testException = [null], mergedContextConfiguration = [MergedContextConfiguration@7a791b66 testClass = DefaultCharacterManagerTest, locations = '{}', classes = '{class org.waldreg.character.management.DefaultCharacterManager, class org.waldreg.character.permission.management.PermissionUnitManager}', contextInitializerClasses = '[]', activeProfiles = '{}', propertySourceLocations = '{}', propertySourceProperties = '{}', contextCustomizers = set[org.springframework.boot.test.autoconfigure.actuate.metrics.MetricsExportContextCustomizerFactory$DisableMetricExportContextCustomizer@765f05af, org.springframework.boot.test.autoconfigure.properties.PropertyMappingContextCustomizer@0, org.springframework.boot.test.autoconfigure.web.servlet.WebDriverContextCustomizerFactory$Customizer@549949be, org.springframework.boot.test.context.filter.ExcludeFilterContextCustomizer@39ad977d, org.springframework.boot.test.json.DuplicateJsonObjectContextCustomizerFactory$DuplicateJsonObjectContextCustomizer@18025ced, org.springframework.boot.test.mock.mockito.MockitoContextCustomizer@2240bc6b], contextLoader = 'org.springframework.test.context.support.DelegatingSmartContextLoader', parent = [null]], attributes = map['org.springframework.test.context.event.ApplicationEventsTestExecutionListener.recordApplicationEvents' -> false]]].
11:12:07.728 [Test worker] DEBUG org.springframework.test.context.cache.DefaultCacheAwareContextLoaderDelegate - Retrieved ApplicationContext [1434066477] from cache with key [[MergedContextConfiguration@7a791b66 testClass = DefaultCharacterManagerTest, locations = '{}', classes = '{class org.waldreg.character.management.DefaultCharacterManager, class org.waldreg.character.permission.management.PermissionUnitManager}', contextInitializerClasses = '[]', activeProfiles = '{}', propertySourceLocations = '{}', propertySourceProperties = '{}', contextCustomizers = set[org.springframework.boot.test.autoconfigure.actuate.metrics.MetricsExportContextCustomizerFactory$DisableMetricExportContextCustomizer@765f05af, org.springframework.boot.test.autoconfigure.properties.PropertyMappingContextCustomizer@0, org.springframework.boot.test.autoconfigure.web.servlet.WebDriverContextCustomizerFactory$Customizer@549949be, org.springframework.boot.test.context.filter.ExcludeFilterContextCustomizer@39ad977d, org.springframework.boot.test.json.DuplicateJsonObjectContextCustomizerFactory$DuplicateJsonObjectContextCustomizer@18025ced, org.springframework.boot.test.mock.mockito.MockitoContextCustomizer@2240bc6b], contextLoader = 'org.springframework.test.context.support.DelegatingSmartContextLoader', parent = [null]]]
11:12:07.728 [Test worker] DEBUG org.springframework.test.context.cache - Spring test ApplicationContext cache statistics: [DefaultContextCache@34f392be size = 1, maxSize = 32, parentContextCount = 0, hitCount = 37, missCount = 1]
11:12:07.728 [Test worker] DEBUG org.springframework.test.context.cache.DefaultCacheAwareContextLoaderDelegate - Retrieved ApplicationContext [1434066477] from cache with key [[MergedContextConfiguration@7a791b66 testClass = DefaultCharacterManagerTest, locations = '{}', classes = '{class org.waldreg.character.management.DefaultCharacterManager, class org.waldreg.character.permission.management.PermissionUnitManager}', contextInitializerClasses = '[]', activeProfiles = '{}', propertySourceLocations = '{}', propertySourceProperties = '{}', contextCustomizers = set[org.springframework.boot.test.autoconfigure.actuate.metrics.MetricsExportContextCustomizerFactory$DisableMetricExportContextCustomizer@765f05af, org.springframework.boot.test.autoconfigure.properties.PropertyMappingContextCustomizer@0, org.springframework.boot.test.autoconfigure.web.servlet.WebDriverContextCustomizerFactory$Customizer@549949be, org.springframework.boot.test.context.filter.ExcludeFilterContextCustomizer@39ad977d, org.springframework.boot.test.json.DuplicateJsonObjectContextCustomizerFactory$DuplicateJsonObjectContextCustomizer@18025ced, org.springframework.boot.test.mock.mockito.MockitoContextCustomizer@2240bc6b], contextLoader = 'org.springframework.test.context.support.DelegatingSmartContextLoader', parent = [null]]]
11:12:07.728 [Test worker] DEBUG org.springframework.test.context.cache - Spring test ApplicationContext cache statistics: [DefaultContextCache@34f392be size = 1, maxSize = 32, parentContextCount = 0, hitCount = 38, missCount = 1]
11:12:07.729 [Test worker] DEBUG org.springframework.test.context.support.AbstractDirtiesContextTestExecutionListener - Before test method: context [DefaultTestContext@40f1be1b testClass = DefaultCharacterManagerTest, testInstance = org.waldreg.character.management.DefaultCharacterManagerTest@7cea0110, testMethod = CREATE_NEW_CHARACTER_SUCCESS_TEST@DefaultCharacterManagerTest, testException = [null], mergedContextConfiguration = [MergedContextConfiguration@7a791b66 testClass = DefaultCharacterManagerTest, locations = '{}', classes = '{class org.waldreg.character.management.DefaultCharacterManager, class org.waldreg.character.permission.management.PermissionUnitManager}', contextInitializerClasses = '[]', activeProfiles = '{}', propertySourceLocations = '{}', propertySourceProperties = '{}', contextCustomizers = set[org.springframework.boot.test.autoconfigure.actuate.metrics.MetricsExportContextCustomizerFactory$DisableMetricExportContextCustomizer@765f05af, org.springframework.boot.test.autoconfigure.properties.PropertyMappingContextCustomizer@0, org.springframework.boot.test.autoconfigure.web.servlet.WebDriverContextCustomizerFactory$Customizer@549949be, org.springframework.boot.test.context.filter.ExcludeFilterContextCustomizer@39ad977d, org.springframework.boot.test.json.DuplicateJsonObjectContextCustomizerFactory$DuplicateJsonObjectContextCustomizer@18025ced, org.springframework.boot.test.mock.mockito.MockitoContextCustomizer@2240bc6b], contextLoader = 'org.springframework.test.context.support.DelegatingSmartContextLoader', parent = [null]], attributes = map['org.springframework.test.context.event.ApplicationEventsTestExecutionListener.recordApplicationEvents' -> false]], class annotated with @DirtiesContext [false] with mode [null], method annotated with @DirtiesContext [false] with mode [null].
11:12:07.729 [Test worker] DEBUG org.springframework.test.context.cache.DefaultCacheAwareContextLoaderDelegate - Retrieved ApplicationContext [1434066477] from cache with key [[MergedContextConfiguration@7a791b66 testClass = DefaultCharacterManagerTest, locations = '{}', classes = '{class org.waldreg.character.management.DefaultCharacterManager, class org.waldreg.character.permission.management.PermissionUnitManager}', contextInitializerClasses = '[]', activeProfiles = '{}', propertySourceLocations = '{}', propertySourceProperties = '{}', contextCustomizers = set[org.springframework.boot.test.autoconfigure.actuate.metrics.MetricsExportContextCustomizerFactory$DisableMetricExportContextCustomizer@765f05af, org.springframework.boot.test.autoconfigure.properties.PropertyMappingContextCustomizer@0, org.springframework.boot.test.autoconfigure.web.servlet.WebDriverContextCustomizerFactory$Customizer@549949be, org.springframework.boot.test.context.filter.ExcludeFilterContextCustomizer@39ad977d, org.springframework.boot.test.json.DuplicateJsonObjectContextCustomizerFactory$DuplicateJsonObjectContextCustomizer@18025ced, org.springframework.boot.test.mock.mockito.MockitoContextCustomizer@2240bc6b], contextLoader = 'org.springframework.test.context.support.DelegatingSmartContextLoader', parent = [null]]]
11:12:07.729 [Test worker] DEBUG org.springframework.test.context.cache - Spring test ApplicationContext cache statistics: [DefaultContextCache@34f392be size = 1, maxSize = 32, parentContextCount = 0, hitCount = 39, missCount = 1]
11:12:07.730 [Test worker] DEBUG org.springframework.test.context.cache.DefaultCacheAwareContextLoaderDelegate - Retrieved ApplicationContext [1434066477] from cache with key [[MergedContextConfiguration@7a791b66 testClass = DefaultCharacterManagerTest, locations = '{}', classes = '{class org.waldreg.character.management.DefaultCharacterManager, class org.waldreg.character.permission.management.PermissionUnitManager}', contextInitializerClasses = '[]', activeProfiles = '{}', propertySourceLocations = '{}', propertySourceProperties = '{}', contextCustomizers = set[org.springframework.boot.test.autoconfigure.actuate.metrics.MetricsExportContextCustomizerFactory$DisableMetricExportContextCustomizer@765f05af, org.springframework.boot.test.autoconfigure.properties.PropertyMappingContextCustomizer@0, org.springframework.boot.test.autoconfigure.web.servlet.WebDriverContextCustomizerFactory$Customizer@549949be, org.springframework.boot.test.context.filter.ExcludeFilterContextCustomizer@39ad977d, org.springframework.boot.test.json.DuplicateJsonObjectContextCustomizerFactory$DuplicateJsonObjectContextCustomizer@18025ced, org.springframework.boot.test.mock.mockito.MockitoContextCustomizer@2240bc6b], contextLoader = 'org.springframework.test.context.support.DelegatingSmartContextLoader', parent = [null]]]
11:12:07.730 [Test worker] DEBUG org.springframework.test.context.cache - Spring test ApplicationContext cache statistics: [DefaultContextCache@34f392be size = 1, maxSize = 32, parentContextCount = 0, hitCount = 40, missCount = 1]
11:12:07.730 [Test worker] DEBUG org.springframework.test.context.cache.DefaultCacheAwareContextLoaderDelegate - Retrieved ApplicationContext [1434066477] from cache with key [[MergedContextConfiguration@7a791b66 testClass = DefaultCharacterManagerTest, locations = '{}', classes = '{class org.waldreg.character.management.DefaultCharacterManager, class org.waldreg.character.permission.management.PermissionUnitManager}', contextInitializerClasses = '[]', activeProfiles = '{}', propertySourceLocations = '{}', propertySourceProperties = '{}', contextCustomizers = set[org.springframework.boot.test.autoconfigure.actuate.metrics.MetricsExportContextCustomizerFactory$DisableMetricExportContextCustomizer@765f05af, org.springframework.boot.test.autoconfigure.properties.PropertyMappingContextCustomizer@0, org.springframework.boot.test.autoconfigure.web.servlet.WebDriverContextCustomizerFactory$Customizer@549949be, org.springframework.boot.test.context.filter.ExcludeFilterContextCustomizer@39ad977d, org.springframework.boot.test.json.DuplicateJsonObjectContextCustomizerFactory$DuplicateJsonObjectContextCustomizer@18025ced, org.springframework.boot.test.mock.mockito.MockitoContextCustomizer@2240bc6b], contextLoader = 'org.springframework.test.context.support.DelegatingSmartContextLoader', parent = [null]]]
11:12:07.730 [Test worker] DEBUG org.springframework.test.context.cache - Spring test ApplicationContext cache statistics: [DefaultContextCache@34f392be size = 1, maxSize = 32, parentContextCount = 0, hitCount = 41, missCount = 1]
11:12:07.731 [Test worker] DEBUG org.springframework.test.context.cache.DefaultCacheAwareContextLoaderDelegate - Retrieved ApplicationContext [1434066477] from cache with key [[MergedContextConfiguration@7a791b66 testClass = DefaultCharacterManagerTest, locations = '{}', classes = '{class org.waldreg.character.management.DefaultCharacterManager, class org.waldreg.character.permission.management.PermissionUnitManager}', contextInitializerClasses = '[]', activeProfiles = '{}', propertySourceLocations = '{}', propertySourceProperties = '{}', contextCustomizers = set[org.springframework.boot.test.autoconfigure.actuate.metrics.MetricsExportContextCustomizerFactory$DisableMetricExportContextCustomizer@765f05af, org.springframework.boot.test.autoconfigure.properties.PropertyMappingContextCustomizer@0, org.springframework.boot.test.autoconfigure.web.servlet.WebDriverContextCustomizerFactory$Customizer@549949be, org.springframework.boot.test.context.filter.ExcludeFilterContextCustomizer@39ad977d, org.springframework.boot.test.json.DuplicateJsonObjectContextCustomizerFactory$DuplicateJsonObjectContextCustomizer@18025ced, org.springframework.boot.test.mock.mockito.MockitoContextCustomizer@2240bc6b], contextLoader = 'org.springframework.test.context.support.DelegatingSmartContextLoader', parent = [null]]]
11:12:07.731 [Test worker] DEBUG org.springframework.test.context.cache - Spring test ApplicationContext cache statistics: [DefaultContextCache@34f392be size = 1, maxSize = 32, parentContextCount = 0, hitCount = 42, missCount = 1]
11:12:07.731 [Test worker] DEBUG org.springframework.test.context.cache.DefaultCacheAwareContextLoaderDelegate - Retrieved ApplicationContext [1434066477] from cache with key [[MergedContextConfiguration@7a791b66 testClass = DefaultCharacterManagerTest, locations = '{}', classes = '{class org.waldreg.character.management.DefaultCharacterManager, class org.waldreg.character.permission.management.PermissionUnitManager}', contextInitializerClasses = '[]', activeProfiles = '{}', propertySourceLocations = '{}', propertySourceProperties = '{}', contextCustomizers = set[org.springframework.boot.test.autoconfigure.actuate.metrics.MetricsExportContextCustomizerFactory$DisableMetricExportContextCustomizer@765f05af, org.springframework.boot.test.autoconfigure.properties.PropertyMappingContextCustomizer@0, org.springframework.boot.test.autoconfigure.web.servlet.WebDriverContextCustomizerFactory$Customizer@549949be, org.springframework.boot.test.context.filter.ExcludeFilterContextCustomizer@39ad977d, org.springframework.boot.test.json.DuplicateJsonObjectContextCustomizerFactory$DuplicateJsonObjectContextCustomizer@18025ced, org.springframework.boot.test.mock.mockito.MockitoContextCustomizer@2240bc6b], contextLoader = 'org.springframework.test.context.support.DelegatingSmartContextLoader', parent = [null]]]
11:12:07.731 [Test worker] DEBUG org.springframework.test.context.cache - Spring test ApplicationContext cache statistics: [DefaultContextCache@34f392be size = 1, maxSize = 32, parentContextCount = 0, hitCount = 43, missCount = 1]
11:12:07.731 [Test worker] DEBUG org.springframework.test.context.cache.DefaultCacheAwareContextLoaderDelegate - Retrieved ApplicationContext [1434066477] from cache with key [[MergedContextConfiguration@7a791b66 testClass = DefaultCharacterManagerTest, locations = '{}', classes = '{class org.waldreg.character.management.DefaultCharacterManager, class org.waldreg.character.permission.management.PermissionUnitManager}', contextInitializerClasses = '[]', activeProfiles = '{}', propertySourceLocations = '{}', propertySourceProperties = '{}', contextCustomizers = set[org.springframework.boot.test.autoconfigure.actuate.metrics.MetricsExportContextCustomizerFactory$DisableMetricExportContextCustomizer@765f05af, org.springframework.boot.test.autoconfigure.properties.PropertyMappingContextCustomizer@0, org.springframework.boot.test.autoconfigure.web.servlet.WebDriverContextCustomizerFactory$Customizer@549949be, org.springframework.boot.test.context.filter.ExcludeFilterContextCustomizer@39ad977d, org.springframework.boot.test.json.DuplicateJsonObjectContextCustomizerFactory$DuplicateJsonObjectContextCustomizer@18025ced, org.springframework.boot.test.mock.mockito.MockitoContextCustomizer@2240bc6b], contextLoader = 'org.springframework.test.context.support.DelegatingSmartContextLoader', parent = [null]]]
11:12:07.731 [Test worker] DEBUG org.springframework.test.context.cache - Spring test ApplicationContext cache statistics: [DefaultContextCache@34f392be size = 1, maxSize = 32, parentContextCount = 0, hitCount = 44, missCount = 1]
11:12:07.731 [Test worker] DEBUG org.springframework.test.context.cache.DefaultCacheAwareContextLoaderDelegate - Retrieved ApplicationContext [1434066477] from cache with key [[MergedContextConfiguration@7a791b66 testClass = DefaultCharacterManagerTest, locations = '{}', classes = '{class org.waldreg.character.management.DefaultCharacterManager, class org.waldreg.character.permission.management.PermissionUnitManager}', contextInitializerClasses = '[]', activeProfiles = '{}', propertySourceLocations = '{}', propertySourceProperties = '{}', contextCustomizers = set[org.springframework.boot.test.autoconfigure.actuate.metrics.MetricsExportContextCustomizerFactory$DisableMetricExportContextCustomizer@765f05af, org.springframework.boot.test.autoconfigure.properties.PropertyMappingContextCustomizer@0, org.springframework.boot.test.autoconfigure.web.servlet.WebDriverContextCustomizerFactory$Customizer@549949be, org.springframework.boot.test.context.filter.ExcludeFilterContextCustomizer@39ad977d, org.springframework.boot.test.json.DuplicateJsonObjectContextCustomizerFactory$DuplicateJsonObjectContextCustomizer@18025ced, org.springframework.boot.test.mock.mockito.MockitoContextCustomizer@2240bc6b], contextLoader = 'org.springframework.test.context.support.DelegatingSmartContextLoader', parent = [null]]]
11:12:07.731 [Test worker] DEBUG org.springframework.test.context.cache - Spring test ApplicationContext cache statistics: [DefaultContextCache@34f392be size = 1, maxSize = 32, parentContextCount = 0, hitCount = 45, missCount = 1]
11:12:07.731 [Test worker] DEBUG org.springframework.test.context.cache.DefaultCacheAwareContextLoaderDelegate - Retrieved ApplicationContext [1434066477] from cache with key [[MergedContextConfiguration@7a791b66 testClass = DefaultCharacterManagerTest, locations = '{}', classes = '{class org.waldreg.character.management.DefaultCharacterManager, class org.waldreg.character.permission.management.PermissionUnitManager}', contextInitializerClasses = '[]', activeProfiles = '{}', propertySourceLocations = '{}', propertySourceProperties = '{}', contextCustomizers = set[org.springframework.boot.test.autoconfigure.actuate.metrics.MetricsExportContextCustomizerFactory$DisableMetricExportContextCustomizer@765f05af, org.springframework.boot.test.autoconfigure.properties.PropertyMappingContextCustomizer@0, org.springframework.boot.test.autoconfigure.web.servlet.WebDriverContextCustomizerFactory$Customizer@549949be, org.springframework.boot.test.context.filter.ExcludeFilterContextCustomizer@39ad977d, org.springframework.boot.test.json.DuplicateJsonObjectContextCustomizerFactory$DuplicateJsonObjectContextCustomizer@18025ced, org.springframework.boot.test.mock.mockito.MockitoContextCustomizer@2240bc6b], contextLoader = 'org.springframework.test.context.support.DelegatingSmartContextLoader', parent = [null]]]
11:12:07.731 [Test worker] DEBUG org.springframework.test.context.cache - Spring test ApplicationContext cache statistics: [DefaultContextCache@34f392be size = 1, maxSize = 32, parentContextCount = 0, hitCount = 46, missCount = 1]
11:12:07.732 [Test worker] DEBUG org.springframework.test.context.cache.DefaultCacheAwareContextLoaderDelegate - Retrieved ApplicationContext [1434066477] from cache with key [[MergedContextConfiguration@7a791b66 testClass = DefaultCharacterManagerTest, locations = '{}', classes = '{class org.waldreg.character.management.DefaultCharacterManager, class org.waldreg.character.permission.management.PermissionUnitManager}', contextInitializerClasses = '[]', activeProfiles = '{}', propertySourceLocations = '{}', propertySourceProperties = '{}', contextCustomizers = set[org.springframework.boot.test.autoconfigure.actuate.metrics.MetricsExportContextCustomizerFactory$DisableMetricExportContextCustomizer@765f05af, org.springframework.boot.test.autoconfigure.properties.PropertyMappingContextCustomizer@0, org.springframework.boot.test.autoconfigure.web.servlet.WebDriverContextCustomizerFactory$Customizer@549949be, org.springframework.boot.test.context.filter.ExcludeFilterContextCustomizer@39ad977d, org.springframework.boot.test.json.DuplicateJsonObjectContextCustomizerFactory$DuplicateJsonObjectContextCustomizer@18025ced, org.springframework.boot.test.mock.mockito.MockitoContextCustomizer@2240bc6b], contextLoader = 'org.springframework.test.context.support.DelegatingSmartContextLoader', parent = [null]]]
11:12:07.732 [Test worker] DEBUG org.springframework.test.context.cache - Spring test ApplicationContext cache statistics: [DefaultContextCache@34f392be size = 1, maxSize = 32, parentContextCount = 0, hitCount = 47, missCount = 1]
11:12:07.732 [Test worker] DEBUG org.springframework.test.context.support.AbstractDirtiesContextTestExecutionListener - After test method: context [DefaultTestContext@40f1be1b testClass = DefaultCharacterManagerTest, testInstance = org.waldreg.character.management.DefaultCharacterManagerTest@7cea0110, testMethod = CREATE_NEW_CHARACTER_SUCCESS_TEST@DefaultCharacterManagerTest, testException = [null], mergedContextConfiguration = [MergedContextConfiguration@7a791b66 testClass = DefaultCharacterManagerTest, locations = '{}', classes = '{class org.waldreg.character.management.DefaultCharacterManager, class org.waldreg.character.permission.management.PermissionUnitManager}', contextInitializerClasses = '[]', activeProfiles = '{}', propertySourceLocations = '{}', propertySourceProperties = '{}', contextCustomizers = set[org.springframework.boot.test.autoconfigure.actuate.metrics.MetricsExportContextCustomizerFactory$DisableMetricExportContextCustomizer@765f05af, org.springframework.boot.test.autoconfigure.properties.PropertyMappingContextCustomizer@0, org.springframework.boot.test.autoconfigure.web.servlet.WebDriverContextCustomizerFactory$Customizer@549949be, org.springframework.boot.test.context.filter.ExcludeFilterContextCustomizer@39ad977d, org.springframework.boot.test.json.DuplicateJsonObjectContextCustomizerFactory$DuplicateJsonObjectContextCustomizer@18025ced, org.springframework.boot.test.mock.mockito.MockitoContextCustomizer@2240bc6b], contextLoader = 'org.springframework.test.context.support.DelegatingSmartContextLoader', parent = [null]], attributes = map['org.springframework.test.context.event.ApplicationEventsTestExecutionListener.recordApplicationEvents' -> false]], class annotated with @DirtiesContext [false] with mode [null], method annotated with @DirtiesContext [false] with mode [null].
11:12:07.733 [Test worker] DEBUG org.springframework.test.context.cache.DefaultCacheAwareContextLoaderDelegate - Retrieved ApplicationContext [1434066477] from cache with key [[MergedContextConfiguration@7a791b66 testClass = DefaultCharacterManagerTest, locations = '{}', classes = '{class org.waldreg.character.management.DefaultCharacterManager, class org.waldreg.character.permission.management.PermissionUnitManager}', contextInitializerClasses = '[]', activeProfiles = '{}', propertySourceLocations = '{}', propertySourceProperties = '{}', contextCustomizers = set[org.springframework.boot.test.autoconfigure.actuate.metrics.MetricsExportContextCustomizerFactory$DisableMetricExportContextCustomizer@765f05af, org.springframework.boot.test.autoconfigure.properties.PropertyMappingContextCustomizer@0, org.springframework.boot.test.autoconfigure.web.servlet.WebDriverContextCustomizerFactory$Customizer@549949be, org.springframework.boot.test.context.filter.ExcludeFilterContextCustomizer@39ad977d, org.springframework.boot.test.json.DuplicateJsonObjectContextCustomizerFactory$DuplicateJsonObjectContextCustomizer@18025ced, org.springframework.boot.test.mock.mockito.MockitoContextCustomizer@2240bc6b], contextLoader = 'org.springframework.test.context.support.DelegatingSmartContextLoader', parent = [null]]]
11:12:07.734 [Test worker] DEBUG org.springframework.test.context.cache - Spring test ApplicationContext cache statistics: [DefaultContextCache@34f392be size = 1, maxSize = 32, parentContextCount = 0, hitCount = 48, missCount = 1]
11:12:07.734 [Test worker] DEBUG org.springframework.test.context.support.AbstractDirtiesContextTestExecutionListener - After test class: context [DefaultTestContext@40f1be1b testClass = DefaultCharacterManagerTest, testInstance = [null], testMethod = [null], testException = [null], mergedContextConfiguration = [MergedContextConfiguration@7a791b66 testClass = DefaultCharacterManagerTest, locations = '{}', classes = '{class org.waldreg.character.management.DefaultCharacterManager, class org.waldreg.character.permission.management.PermissionUnitManager}', contextInitializerClasses = '[]', activeProfiles = '{}', propertySourceLocations = '{}', propertySourceProperties = '{}', contextCustomizers = set[org.springframework.boot.test.autoconfigure.actuate.metrics.MetricsExportContextCustomizerFactory$DisableMetricExportContextCustomizer@765f05af, org.springframework.boot.test.autoconfigure.properties.PropertyMappingContextCustomizer@0, org.springframework.boot.test.autoconfigure.web.servlet.WebDriverContextCustomizerFactory$Customizer@549949be, org.springframework.boot.test.context.filter.ExcludeFilterContextCustomizer@39ad977d, org.springframework.boot.test.json.DuplicateJsonObjectContextCustomizerFactory$DuplicateJsonObjectContextCustomizer@18025ced, org.springframework.boot.test.mock.mockito.MockitoContextCustomizer@2240bc6b], contextLoader = 'org.springframework.test.context.support.DelegatingSmartContextLoader', parent = [null]], attributes = map['org.springframework.test.context.event.ApplicationEventsTestExecutionListener.recordApplicationEvents' -> false]], class annotated with @DirtiesContext [false] with mode [null].
]]></system-out>
  <system-err><![CDATA[]]></system-err>
</testsuite>
