<?xml version="1.0" encoding="UTF-8"?>
<testsuite name="org.waldreg.token.authenticator.JwtAuthenticatorTest" tests="2" skipped="0" failures="0" errors="0" timestamp="2023-02-02T16:04:49" hostname="linirinilinrin" time="1.787">
  <properties/>
  <testcase name="만료된 jwt 토큰" classname="org.waldreg.token.authenticator.JwtAuthenticatorTest" time="1.714"/>
  <testcase name="jwt 토큰 인증 성공" classname="org.waldreg.token.authenticator.JwtAuthenticatorTest" time="0.072"/>
  <system-out><![CDATA[01:04:49.230 [Test worker] DEBUG org.springframework.test.context.BootstrapUtils - Instantiating CacheAwareContextLoaderDelegate from class [org.springframework.test.context.cache.DefaultCacheAwareContextLoaderDelegate]
01:04:49.231 [Test worker] DEBUG org.springframework.test.context.BootstrapUtils - Instantiating BootstrapContext using constructor [public org.springframework.test.context.support.DefaultBootstrapContext(java.lang.Class,org.springframework.test.context.CacheAwareContextLoaderDelegate)]
01:04:49.231 [Test worker] DEBUG org.springframework.test.context.BootstrapUtils - Instantiating TestContextBootstrapper for test class [org.waldreg.token.authenticator.JwtAuthenticatorTest] from class [org.springframework.test.context.support.DefaultTestContextBootstrapper]
01:04:49.231 [Test worker] DEBUG org.springframework.test.context.support.AbstractDelegatingSmartContextLoader - Delegating to AnnotationConfigContextLoader to process context configuration [ContextConfigurationAttributes@76332405 declaringClass = 'org.waldreg.token.authenticator.JwtAuthenticatorTest', classes = '{class org.waldreg.token.jwt.publisher.JwtTokenPublisher, class org.waldreg.token.jwt.authenticator.JwtAuthenticator, class org.waldreg.token.jwt.secret.Secret, class org.waldreg.util.token.DecryptedTokenContext}', locations = '{}', inheritLocations = true, initializers = '{}', inheritInitializers = true, name = [null], contextLoaderClass = 'org.springframework.test.context.ContextLoader'].
01:04:49.232 [Test worker] DEBUG org.springframework.test.context.support.ActiveProfilesUtils - Could not find an 'annotation declaring class' for annotation type [org.springframework.test.context.ActiveProfiles] and class [org.waldreg.token.authenticator.JwtAuthenticatorTest]
01:04:49.232 [Test worker] DEBUG org.springframework.test.context.support.DefaultTestContextBootstrapper - @TestExecutionListeners is not present for class [org.waldreg.token.authenticator.JwtAuthenticatorTest]: using defaults.
01:04:49.232 [Test worker] INFO org.springframework.test.context.support.DefaultTestContextBootstrapper - Loaded default TestExecutionListener class names from location [META-INF/spring.factories]: [org.springframework.boot.test.autoconfigure.restdocs.RestDocsTestExecutionListener, org.springframework.boot.test.autoconfigure.web.client.MockRestServiceServerResetTestExecutionListener, org.springframework.boot.test.autoconfigure.web.servlet.MockMvcPrintOnlyOnFailureTestExecutionListener, org.springframework.boot.test.autoconfigure.web.servlet.WebDriverTestExecutionListener, org.springframework.boot.test.autoconfigure.webservices.client.MockWebServiceServerTestExecutionListener, org.springframework.boot.test.mock.mockito.MockitoTestExecutionListener, org.springframework.boot.test.mock.mockito.ResetMocksTestExecutionListener, org.springframework.test.context.web.ServletTestExecutionListener, org.springframework.test.context.support.DirtiesContextBeforeModesTestExecutionListener, org.springframework.test.context.event.ApplicationEventsTestExecutionListener, org.springframework.test.context.support.DependencyInjectionTestExecutionListener, org.springframework.test.context.support.DirtiesContextTestExecutionListener, org.springframework.test.context.transaction.TransactionalTestExecutionListener, org.springframework.test.context.jdbc.SqlScriptsTestExecutionListener, org.springframework.test.context.event.EventPublishingTestExecutionListener]
01:04:49.241 [Test worker] DEBUG org.springframework.test.context.support.DefaultTestContextBootstrapper - Skipping candidate TestExecutionListener [org.springframework.test.context.transaction.TransactionalTestExecutionListener] due to a missing dependency. Specify custom listener classes or make the default listener classes and their required dependencies available. Offending class: [org/springframework/transaction/interceptor/TransactionAttributeSource]
01:04:49.246 [Test worker] DEBUG org.springframework.test.context.support.DefaultTestContextBootstrapper - Skipping candidate TestExecutionListener [org.springframework.test.context.jdbc.SqlScriptsTestExecutionListener] due to a missing dependency. Specify custom listener classes or make the default listener classes and their required dependencies available. Offending class: [org/springframework/transaction/interceptor/TransactionAttribute]
01:04:49.246 [Test worker] INFO org.springframework.test.context.support.DefaultTestContextBootstrapper - Using TestExecutionListeners: [org.springframework.test.context.web.ServletTestExecutionListener@5434e40c, org.springframework.test.context.support.DirtiesContextBeforeModesTestExecutionListener@3b48e183, org.springframework.test.context.event.ApplicationEventsTestExecutionListener@514de325, org.springframework.boot.test.mock.mockito.MockitoTestExecutionListener@30c1da48, org.springframework.test.context.support.DependencyInjectionTestExecutionListener@43a65cd8, org.springframework.test.context.support.DirtiesContextTestExecutionListener@3f1ef9d6, org.springframework.test.context.event.EventPublishingTestExecutionListener@17461db, org.springframework.boot.test.autoconfigure.restdocs.RestDocsTestExecutionListener@3fd9e827, org.springframework.boot.test.autoconfigure.web.client.MockRestServiceServerResetTestExecutionListener@4e682398, org.springframework.boot.test.autoconfigure.web.servlet.MockMvcPrintOnlyOnFailureTestExecutionListener@670b3ca, org.springframework.boot.test.autoconfigure.web.servlet.WebDriverTestExecutionListener@24a86066, org.springframework.boot.test.autoconfigure.webservices.client.MockWebServiceServerTestExecutionListener@54402c04, org.springframework.boot.test.mock.mockito.ResetMocksTestExecutionListener@5b3bb1f7]
01:04:49.246 [Test worker] DEBUG org.springframework.test.context.support.AbstractDirtiesContextTestExecutionListener - Before test class: context [DefaultTestContext@58d6b7b9 testClass = JwtAuthenticatorTest, testInstance = [null], testMethod = [null], testException = [null], mergedContextConfiguration = [MergedContextConfiguration@3f1a4795 testClass = JwtAuthenticatorTest, locations = '{}', classes = '{class org.waldreg.token.jwt.publisher.JwtTokenPublisher, class org.waldreg.token.jwt.authenticator.JwtAuthenticator, class org.waldreg.token.jwt.secret.Secret, class org.waldreg.util.token.DecryptedTokenContext}', contextInitializerClasses = '[]', activeProfiles = '{}', propertySourceLocations = '{}', propertySourceProperties = '{}', contextCustomizers = set[org.springframework.boot.test.autoconfigure.actuate.metrics.MetricsExportContextCustomizerFactory$DisableMetricExportContextCustomizer@7a220c9a, org.springframework.boot.test.autoconfigure.properties.PropertyMappingContextCustomizer@0, org.springframework.boot.test.autoconfigure.web.servlet.WebDriverContextCustomizerFactory$Customizer@4716be8b, org.springframework.boot.test.context.filter.ExcludeFilterContextCustomizer@6cce16f4, org.springframework.boot.test.json.DuplicateJsonObjectContextCustomizerFactory$DuplicateJsonObjectContextCustomizer@3b7d3a38, org.springframework.boot.test.mock.mockito.MockitoContextCustomizer@0], contextLoader = 'org.springframework.test.context.support.DelegatingSmartContextLoader', parent = [null]], attributes = map[[empty]]], class annotated with @DirtiesContext [false] with mode [null].
01:04:49.247 [Test worker] DEBUG org.springframework.test.context.support.DependencyInjectionTestExecutionListener - Performing dependency injection for test context [[DefaultTestContext@58d6b7b9 testClass = JwtAuthenticatorTest, testInstance = org.waldreg.token.authenticator.JwtAuthenticatorTest@6a6f6c7e, testMethod = [null], testException = [null], mergedContextConfiguration = [MergedContextConfiguration@3f1a4795 testClass = JwtAuthenticatorTest, locations = '{}', classes = '{class org.waldreg.token.jwt.publisher.JwtTokenPublisher, class org.waldreg.token.jwt.authenticator.JwtAuthenticator, class org.waldreg.token.jwt.secret.Secret, class org.waldreg.util.token.DecryptedTokenContext}', contextInitializerClasses = '[]', activeProfiles = '{}', propertySourceLocations = '{}', propertySourceProperties = '{}', contextCustomizers = set[org.springframework.boot.test.autoconfigure.actuate.metrics.MetricsExportContextCustomizerFactory$DisableMetricExportContextCustomizer@7a220c9a, org.springframework.boot.test.autoconfigure.properties.PropertyMappingContextCustomizer@0, org.springframework.boot.test.autoconfigure.web.servlet.WebDriverContextCustomizerFactory$Customizer@4716be8b, org.springframework.boot.test.context.filter.ExcludeFilterContextCustomizer@6cce16f4, org.springframework.boot.test.json.DuplicateJsonObjectContextCustomizerFactory$DuplicateJsonObjectContextCustomizer@3b7d3a38, org.springframework.boot.test.mock.mockito.MockitoContextCustomizer@0], contextLoader = 'org.springframework.test.context.support.DelegatingSmartContextLoader', parent = [null]], attributes = map['org.springframework.test.context.event.ApplicationEventsTestExecutionListener.recordApplicationEvents' -> false]]].
01:04:49.247 [Test worker] DEBUG org.springframework.test.context.support.AbstractDelegatingSmartContextLoader - Delegating to AnnotationConfigContextLoader to load context from [MergedContextConfiguration@3f1a4795 testClass = JwtAuthenticatorTest, locations = '{}', classes = '{class org.waldreg.token.jwt.publisher.JwtTokenPublisher, class org.waldreg.token.jwt.authenticator.JwtAuthenticator, class org.waldreg.token.jwt.secret.Secret, class org.waldreg.util.token.DecryptedTokenContext}', contextInitializerClasses = '[]', activeProfiles = '{}', propertySourceLocations = '{}', propertySourceProperties = '{}', contextCustomizers = set[org.springframework.boot.test.autoconfigure.actuate.metrics.MetricsExportContextCustomizerFactory$DisableMetricExportContextCustomizer@7a220c9a, org.springframework.boot.test.autoconfigure.properties.PropertyMappingContextCustomizer@0, org.springframework.boot.test.autoconfigure.web.servlet.WebDriverContextCustomizerFactory$Customizer@4716be8b, org.springframework.boot.test.context.filter.ExcludeFilterContextCustomizer@6cce16f4, org.springframework.boot.test.json.DuplicateJsonObjectContextCustomizerFactory$DuplicateJsonObjectContextCustomizer@3b7d3a38, org.springframework.boot.test.mock.mockito.MockitoContextCustomizer@0], contextLoader = 'org.springframework.test.context.support.DelegatingSmartContextLoader', parent = [null]].
01:04:49.247 [Test worker] DEBUG org.springframework.test.context.support.AbstractGenericContextLoader - Loading ApplicationContext for merged context configuration [[MergedContextConfiguration@3f1a4795 testClass = JwtAuthenticatorTest, locations = '{}', classes = '{class org.waldreg.token.jwt.publisher.JwtTokenPublisher, class org.waldreg.token.jwt.authenticator.JwtAuthenticator, class org.waldreg.token.jwt.secret.Secret, class org.waldreg.util.token.DecryptedTokenContext}', contextInitializerClasses = '[]', activeProfiles = '{}', propertySourceLocations = '{}', propertySourceProperties = '{}', contextCustomizers = set[org.springframework.boot.test.autoconfigure.actuate.metrics.MetricsExportContextCustomizerFactory$DisableMetricExportContextCustomizer@7a220c9a, org.springframework.boot.test.autoconfigure.properties.PropertyMappingContextCustomizer@0, org.springframework.boot.test.autoconfigure.web.servlet.WebDriverContextCustomizerFactory$Customizer@4716be8b, org.springframework.boot.test.context.filter.ExcludeFilterContextCustomizer@6cce16f4, org.springframework.boot.test.json.DuplicateJsonObjectContextCustomizerFactory$DuplicateJsonObjectContextCustomizer@3b7d3a38, org.springframework.boot.test.mock.mockito.MockitoContextCustomizer@0], contextLoader = 'org.springframework.test.context.support.DelegatingSmartContextLoader', parent = [null]]].
01:04:49.247 [Test worker] DEBUG org.springframework.core.env.StandardEnvironment - Activating profiles []
01:04:49.247 [Test worker] DEBUG org.springframework.test.context.support.AnnotationConfigContextLoader - Registering component classes: {class org.waldreg.token.jwt.publisher.JwtTokenPublisher, class org.waldreg.token.jwt.authenticator.JwtAuthenticator, class org.waldreg.token.jwt.secret.Secret, class org.waldreg.util.token.DecryptedTokenContext}
01:04:49.275 [Test worker] DEBUG org.springframework.context.support.GenericApplicationContext - Refreshing org.springframework.context.support.GenericApplicationContext@6c5ddccd
01:04:49.276 [Test worker] DEBUG org.springframework.beans.factory.support.DefaultListableBeanFactory - Creating shared instance of singleton bean 'org.springframework.context.annotation.internalConfigurationAnnotationProcessor'
01:04:49.301 [Test worker] DEBUG org.springframework.beans.factory.support.DefaultListableBeanFactory - Creating shared instance of singleton bean 'org.springframework.boot.test.mock.mockito.MockitoPostProcessor'
01:04:49.302 [Test worker] DEBUG org.springframework.beans.factory.support.DefaultListableBeanFactory - Creating shared instance of singleton bean 'org.springframework.context.event.internalEventListenerProcessor'
01:04:49.302 [Test worker] DEBUG org.springframework.beans.factory.support.DefaultListableBeanFactory - Creating shared instance of singleton bean 'org.springframework.context.event.internalEventListenerFactory'
01:04:49.303 [Test worker] DEBUG org.springframework.beans.factory.support.DefaultListableBeanFactory - Creating shared instance of singleton bean 'org.springframework.context.annotation.internalAutowiredAnnotationProcessor'
01:04:49.310 [Test worker] DEBUG org.springframework.beans.factory.support.DefaultListableBeanFactory - Creating shared instance of singleton bean 'org.springframework.context.annotation.internalCommonAnnotationProcessor'
01:04:49.310 [Test worker] DEBUG org.springframework.beans.factory.support.DefaultListableBeanFactory - Creating shared instance of singleton bean 'org.springframework.boot.test.mock.mockito.MockitoPostProcessor$SpyPostProcessor'
01:04:49.311 [Test worker] DEBUG org.springframework.beans.factory.support.DefaultListableBeanFactory - Creating shared instance of singleton bean 'jwtTokenPublisher'
01:04:49.338 [Test worker] DEBUG org.springframework.beans.factory.support.DefaultListableBeanFactory - Creating shared instance of singleton bean 'secret'
01:04:49.445 [Test worker] DEBUG org.springframework.beans.factory.support.DefaultListableBeanFactory - Autowiring by type from bean name 'jwtTokenPublisher' via constructor to bean named 'secret'
01:04:49.497 [Test worker] DEBUG org.springframework.beans.factory.support.DefaultListableBeanFactory - Creating shared instance of singleton bean 'jwtAuthenticator'
01:04:49.513 [Test worker] DEBUG org.springframework.beans.factory.support.DefaultListableBeanFactory - Creating shared instance of singleton bean 'decryptedTokenContext'
01:04:49.586 [Test worker] DEBUG org.springframework.beans.factory.support.DefaultListableBeanFactory - Autowiring by type from bean name 'jwtAuthenticator' via constructor to bean named 'secret'
01:04:49.587 [Test worker] DEBUG org.springframework.beans.factory.support.DefaultListableBeanFactory - Autowiring by type from bean name 'jwtAuthenticator' via constructor to bean named 'decryptedTokenContext'
01:04:49.633 [Test worker] DEBUG org.springframework.test.context.cache.DefaultCacheAwareContextLoaderDelegate - Storing ApplicationContext [1818090701] in cache under key [[MergedContextConfiguration@3f1a4795 testClass = JwtAuthenticatorTest, locations = '{}', classes = '{class org.waldreg.token.jwt.publisher.JwtTokenPublisher, class org.waldreg.token.jwt.authenticator.JwtAuthenticator, class org.waldreg.token.jwt.secret.Secret, class org.waldreg.util.token.DecryptedTokenContext}', contextInitializerClasses = '[]', activeProfiles = '{}', propertySourceLocations = '{}', propertySourceProperties = '{}', contextCustomizers = set[org.springframework.boot.test.autoconfigure.actuate.metrics.MetricsExportContextCustomizerFactory$DisableMetricExportContextCustomizer@7a220c9a, org.springframework.boot.test.autoconfigure.properties.PropertyMappingContextCustomizer@0, org.springframework.boot.test.autoconfigure.web.servlet.WebDriverContextCustomizerFactory$Customizer@4716be8b, org.springframework.boot.test.context.filter.ExcludeFilterContextCustomizer@6cce16f4, org.springframework.boot.test.json.DuplicateJsonObjectContextCustomizerFactory$DuplicateJsonObjectContextCustomizer@3b7d3a38, org.springframework.boot.test.mock.mockito.MockitoContextCustomizer@0], contextLoader = 'org.springframework.test.context.support.DelegatingSmartContextLoader', parent = [null]]]
01:04:49.633 [Test worker] DEBUG org.springframework.test.context.cache - Spring test ApplicationContext cache statistics: [DefaultContextCache@59901c4d size = 2, maxSize = 32, parentContextCount = 0, hitCount = 48, missCount = 2]
01:04:49.668 [Test worker] DEBUG org.springframework.test.context.cache.DefaultCacheAwareContextLoaderDelegate - Retrieved ApplicationContext [1818090701] from cache with key [[MergedContextConfiguration@3f1a4795 testClass = JwtAuthenticatorTest, locations = '{}', classes = '{class org.waldreg.token.jwt.publisher.JwtTokenPublisher, class org.waldreg.token.jwt.authenticator.JwtAuthenticator, class org.waldreg.token.jwt.secret.Secret, class org.waldreg.util.token.DecryptedTokenContext}', contextInitializerClasses = '[]', activeProfiles = '{}', propertySourceLocations = '{}', propertySourceProperties = '{}', contextCustomizers = set[org.springframework.boot.test.autoconfigure.actuate.metrics.MetricsExportContextCustomizerFactory$DisableMetricExportContextCustomizer@7a220c9a, org.springframework.boot.test.autoconfigure.properties.PropertyMappingContextCustomizer@0, org.springframework.boot.test.autoconfigure.web.servlet.WebDriverContextCustomizerFactory$Customizer@4716be8b, org.springframework.boot.test.context.filter.ExcludeFilterContextCustomizer@6cce16f4, org.springframework.boot.test.json.DuplicateJsonObjectContextCustomizerFactory$DuplicateJsonObjectContextCustomizer@3b7d3a38, org.springframework.boot.test.mock.mockito.MockitoContextCustomizer@0], contextLoader = 'org.springframework.test.context.support.DelegatingSmartContextLoader', parent = [null]]]
01:04:49.669 [Test worker] DEBUG org.springframework.test.context.cache - Spring test ApplicationContext cache statistics: [DefaultContextCache@59901c4d size = 2, maxSize = 32, parentContextCount = 0, hitCount = 49, missCount = 2]
01:04:49.669 [Test worker] DEBUG org.springframework.test.context.support.AbstractDirtiesContextTestExecutionListener - Before test method: context [DefaultTestContext@58d6b7b9 testClass = JwtAuthenticatorTest, testInstance = org.waldreg.token.authenticator.JwtAuthenticatorTest@6a6f6c7e, testMethod = EXPIRED_JWT_TOKEN_TEST@JwtAuthenticatorTest, testException = [null], mergedContextConfiguration = [MergedContextConfiguration@3f1a4795 testClass = JwtAuthenticatorTest, locations = '{}', classes = '{class org.waldreg.token.jwt.publisher.JwtTokenPublisher, class org.waldreg.token.jwt.authenticator.JwtAuthenticator, class org.waldreg.token.jwt.secret.Secret, class org.waldreg.util.token.DecryptedTokenContext}', contextInitializerClasses = '[]', activeProfiles = '{}', propertySourceLocations = '{}', propertySourceProperties = '{}', contextCustomizers = set[org.springframework.boot.test.autoconfigure.actuate.metrics.MetricsExportContextCustomizerFactory$DisableMetricExportContextCustomizer@7a220c9a, org.springframework.boot.test.autoconfigure.properties.PropertyMappingContextCustomizer@0, org.springframework.boot.test.autoconfigure.web.servlet.WebDriverContextCustomizerFactory$Customizer@4716be8b, org.springframework.boot.test.context.filter.ExcludeFilterContextCustomizer@6cce16f4, org.springframework.boot.test.json.DuplicateJsonObjectContextCustomizerFactory$DuplicateJsonObjectContextCustomizer@3b7d3a38, org.springframework.boot.test.mock.mockito.MockitoContextCustomizer@0], contextLoader = 'org.springframework.test.context.support.DelegatingSmartContextLoader', parent = [null]], attributes = map['org.springframework.test.context.event.ApplicationEventsTestExecutionListener.recordApplicationEvents' -> false]], class annotated with @DirtiesContext [false] with mode [null], method annotated with @DirtiesContext [false] with mode [null].
01:04:49.669 [Test worker] DEBUG org.springframework.test.context.cache.DefaultCacheAwareContextLoaderDelegate - Retrieved ApplicationContext [1818090701] from cache with key [[MergedContextConfiguration@3f1a4795 testClass = JwtAuthenticatorTest, locations = '{}', classes = '{class org.waldreg.token.jwt.publisher.JwtTokenPublisher, class org.waldreg.token.jwt.authenticator.JwtAuthenticator, class org.waldreg.token.jwt.secret.Secret, class org.waldreg.util.token.DecryptedTokenContext}', contextInitializerClasses = '[]', activeProfiles = '{}', propertySourceLocations = '{}', propertySourceProperties = '{}', contextCustomizers = set[org.springframework.boot.test.autoconfigure.actuate.metrics.MetricsExportContextCustomizerFactory$DisableMetricExportContextCustomizer@7a220c9a, org.springframework.boot.test.autoconfigure.properties.PropertyMappingContextCustomizer@0, org.springframework.boot.test.autoconfigure.web.servlet.WebDriverContextCustomizerFactory$Customizer@4716be8b, org.springframework.boot.test.context.filter.ExcludeFilterContextCustomizer@6cce16f4, org.springframework.boot.test.json.DuplicateJsonObjectContextCustomizerFactory$DuplicateJsonObjectContextCustomizer@3b7d3a38, org.springframework.boot.test.mock.mockito.MockitoContextCustomizer@0], contextLoader = 'org.springframework.test.context.support.DelegatingSmartContextLoader', parent = [null]]]
01:04:49.670 [Test worker] DEBUG org.springframework.test.context.cache - Spring test ApplicationContext cache statistics: [DefaultContextCache@59901c4d size = 2, maxSize = 32, parentContextCount = 0, hitCount = 50, missCount = 2]
01:04:49.677 [Test worker] DEBUG org.springframework.test.context.cache.DefaultCacheAwareContextLoaderDelegate - Retrieved ApplicationContext [1818090701] from cache with key [[MergedContextConfiguration@3f1a4795 testClass = JwtAuthenticatorTest, locations = '{}', classes = '{class org.waldreg.token.jwt.publisher.JwtTokenPublisher, class org.waldreg.token.jwt.authenticator.JwtAuthenticator, class org.waldreg.token.jwt.secret.Secret, class org.waldreg.util.token.DecryptedTokenContext}', contextInitializerClasses = '[]', activeProfiles = '{}', propertySourceLocations = '{}', propertySourceProperties = '{}', contextCustomizers = set[org.springframework.boot.test.autoconfigure.actuate.metrics.MetricsExportContextCustomizerFactory$DisableMetricExportContextCustomizer@7a220c9a, org.springframework.boot.test.autoconfigure.properties.PropertyMappingContextCustomizer@0, org.springframework.boot.test.autoconfigure.web.servlet.WebDriverContextCustomizerFactory$Customizer@4716be8b, org.springframework.boot.test.context.filter.ExcludeFilterContextCustomizer@6cce16f4, org.springframework.boot.test.json.DuplicateJsonObjectContextCustomizerFactory$DuplicateJsonObjectContextCustomizer@3b7d3a38, org.springframework.boot.test.mock.mockito.MockitoContextCustomizer@0], contextLoader = 'org.springframework.test.context.support.DelegatingSmartContextLoader', parent = [null]]]
01:04:49.677 [Test worker] DEBUG org.springframework.test.context.cache - Spring test ApplicationContext cache statistics: [DefaultContextCache@59901c4d size = 2, maxSize = 32, parentContextCount = 0, hitCount = 51, missCount = 2]
01:04:49.678 [Test worker] DEBUG org.springframework.test.context.cache.DefaultCacheAwareContextLoaderDelegate - Retrieved ApplicationContext [1818090701] from cache with key [[MergedContextConfiguration@3f1a4795 testClass = JwtAuthenticatorTest, locations = '{}', classes = '{class org.waldreg.token.jwt.publisher.JwtTokenPublisher, class org.waldreg.token.jwt.authenticator.JwtAuthenticator, class org.waldreg.token.jwt.secret.Secret, class org.waldreg.util.token.DecryptedTokenContext}', contextInitializerClasses = '[]', activeProfiles = '{}', propertySourceLocations = '{}', propertySourceProperties = '{}', contextCustomizers = set[org.springframework.boot.test.autoconfigure.actuate.metrics.MetricsExportContextCustomizerFactory$DisableMetricExportContextCustomizer@7a220c9a, org.springframework.boot.test.autoconfigure.properties.PropertyMappingContextCustomizer@0, org.springframework.boot.test.autoconfigure.web.servlet.WebDriverContextCustomizerFactory$Customizer@4716be8b, org.springframework.boot.test.context.filter.ExcludeFilterContextCustomizer@6cce16f4, org.springframework.boot.test.json.DuplicateJsonObjectContextCustomizerFactory$DuplicateJsonObjectContextCustomizer@3b7d3a38, org.springframework.boot.test.mock.mockito.MockitoContextCustomizer@0], contextLoader = 'org.springframework.test.context.support.DelegatingSmartContextLoader', parent = [null]]]
01:04:49.678 [Test worker] DEBUG org.springframework.test.context.cache - Spring test ApplicationContext cache statistics: [DefaultContextCache@59901c4d size = 2, maxSize = 32, parentContextCount = 0, hitCount = 52, missCount = 2]
01:04:51.358 [Test worker] DEBUG org.springframework.test.context.cache.DefaultCacheAwareContextLoaderDelegate - Retrieved ApplicationContext [1818090701] from cache with key [[MergedContextConfiguration@3f1a4795 testClass = JwtAuthenticatorTest, locations = '{}', classes = '{class org.waldreg.token.jwt.publisher.JwtTokenPublisher, class org.waldreg.token.jwt.authenticator.JwtAuthenticator, class org.waldreg.token.jwt.secret.Secret, class org.waldreg.util.token.DecryptedTokenContext}', contextInitializerClasses = '[]', activeProfiles = '{}', propertySourceLocations = '{}', propertySourceProperties = '{}', contextCustomizers = set[org.springframework.boot.test.autoconfigure.actuate.metrics.MetricsExportContextCustomizerFactory$DisableMetricExportContextCustomizer@7a220c9a, org.springframework.boot.test.autoconfigure.properties.PropertyMappingContextCustomizer@0, org.springframework.boot.test.autoconfigure.web.servlet.WebDriverContextCustomizerFactory$Customizer@4716be8b, org.springframework.boot.test.context.filter.ExcludeFilterContextCustomizer@6cce16f4, org.springframework.boot.test.json.DuplicateJsonObjectContextCustomizerFactory$DuplicateJsonObjectContextCustomizer@3b7d3a38, org.springframework.boot.test.mock.mockito.MockitoContextCustomizer@0], contextLoader = 'org.springframework.test.context.support.DelegatingSmartContextLoader', parent = [null]]]
01:04:51.358 [Test worker] DEBUG org.springframework.test.context.cache - Spring test ApplicationContext cache statistics: [DefaultContextCache@59901c4d size = 2, maxSize = 32, parentContextCount = 0, hitCount = 53, missCount = 2]
01:04:51.358 [Test worker] DEBUG org.springframework.test.context.cache.DefaultCacheAwareContextLoaderDelegate - Retrieved ApplicationContext [1818090701] from cache with key [[MergedContextConfiguration@3f1a4795 testClass = JwtAuthenticatorTest, locations = '{}', classes = '{class org.waldreg.token.jwt.publisher.JwtTokenPublisher, class org.waldreg.token.jwt.authenticator.JwtAuthenticator, class org.waldreg.token.jwt.secret.Secret, class org.waldreg.util.token.DecryptedTokenContext}', contextInitializerClasses = '[]', activeProfiles = '{}', propertySourceLocations = '{}', propertySourceProperties = '{}', contextCustomizers = set[org.springframework.boot.test.autoconfigure.actuate.metrics.MetricsExportContextCustomizerFactory$DisableMetricExportContextCustomizer@7a220c9a, org.springframework.boot.test.autoconfigure.properties.PropertyMappingContextCustomizer@0, org.springframework.boot.test.autoconfigure.web.servlet.WebDriverContextCustomizerFactory$Customizer@4716be8b, org.springframework.boot.test.context.filter.ExcludeFilterContextCustomizer@6cce16f4, org.springframework.boot.test.json.DuplicateJsonObjectContextCustomizerFactory$DuplicateJsonObjectContextCustomizer@3b7d3a38, org.springframework.boot.test.mock.mockito.MockitoContextCustomizer@0], contextLoader = 'org.springframework.test.context.support.DelegatingSmartContextLoader', parent = [null]]]
01:04:51.358 [Test worker] DEBUG org.springframework.test.context.cache - Spring test ApplicationContext cache statistics: [DefaultContextCache@59901c4d size = 2, maxSize = 32, parentContextCount = 0, hitCount = 54, missCount = 2]
01:04:51.370 [Test worker] DEBUG org.springframework.test.context.cache.DefaultCacheAwareContextLoaderDelegate - Retrieved ApplicationContext [1818090701] from cache with key [[MergedContextConfiguration@3f1a4795 testClass = JwtAuthenticatorTest, locations = '{}', classes = '{class org.waldreg.token.jwt.publisher.JwtTokenPublisher, class org.waldreg.token.jwt.authenticator.JwtAuthenticator, class org.waldreg.token.jwt.secret.Secret, class org.waldreg.util.token.DecryptedTokenContext}', contextInitializerClasses = '[]', activeProfiles = '{}', propertySourceLocations = '{}', propertySourceProperties = '{}', contextCustomizers = set[org.springframework.boot.test.autoconfigure.actuate.metrics.MetricsExportContextCustomizerFactory$DisableMetricExportContextCustomizer@7a220c9a, org.springframework.boot.test.autoconfigure.properties.PropertyMappingContextCustomizer@0, org.springframework.boot.test.autoconfigure.web.servlet.WebDriverContextCustomizerFactory$Customizer@4716be8b, org.springframework.boot.test.context.filter.ExcludeFilterContextCustomizer@6cce16f4, org.springframework.boot.test.json.DuplicateJsonObjectContextCustomizerFactory$DuplicateJsonObjectContextCustomizer@3b7d3a38, org.springframework.boot.test.mock.mockito.MockitoContextCustomizer@0], contextLoader = 'org.springframework.test.context.support.DelegatingSmartContextLoader', parent = [null]]]
01:04:51.370 [Test worker] DEBUG org.springframework.test.context.cache - Spring test ApplicationContext cache statistics: [DefaultContextCache@59901c4d size = 2, maxSize = 32, parentContextCount = 0, hitCount = 55, missCount = 2]
01:04:51.370 [Test worker] DEBUG org.springframework.test.context.cache.DefaultCacheAwareContextLoaderDelegate - Retrieved ApplicationContext [1818090701] from cache with key [[MergedContextConfiguration@3f1a4795 testClass = JwtAuthenticatorTest, locations = '{}', classes = '{class org.waldreg.token.jwt.publisher.JwtTokenPublisher, class org.waldreg.token.jwt.authenticator.JwtAuthenticator, class org.waldreg.token.jwt.secret.Secret, class org.waldreg.util.token.DecryptedTokenContext}', contextInitializerClasses = '[]', activeProfiles = '{}', propertySourceLocations = '{}', propertySourceProperties = '{}', contextCustomizers = set[org.springframework.boot.test.autoconfigure.actuate.metrics.MetricsExportContextCustomizerFactory$DisableMetricExportContextCustomizer@7a220c9a, org.springframework.boot.test.autoconfigure.properties.PropertyMappingContextCustomizer@0, org.springframework.boot.test.autoconfigure.web.servlet.WebDriverContextCustomizerFactory$Customizer@4716be8b, org.springframework.boot.test.context.filter.ExcludeFilterContextCustomizer@6cce16f4, org.springframework.boot.test.json.DuplicateJsonObjectContextCustomizerFactory$DuplicateJsonObjectContextCustomizer@3b7d3a38, org.springframework.boot.test.mock.mockito.MockitoContextCustomizer@0], contextLoader = 'org.springframework.test.context.support.DelegatingSmartContextLoader', parent = [null]]]
01:04:51.370 [Test worker] DEBUG org.springframework.test.context.cache - Spring test ApplicationContext cache statistics: [DefaultContextCache@59901c4d size = 2, maxSize = 32, parentContextCount = 0, hitCount = 56, missCount = 2]
01:04:51.371 [Test worker] DEBUG org.springframework.test.context.cache.DefaultCacheAwareContextLoaderDelegate - Retrieved ApplicationContext [1818090701] from cache with key [[MergedContextConfiguration@3f1a4795 testClass = JwtAuthenticatorTest, locations = '{}', classes = '{class org.waldreg.token.jwt.publisher.JwtTokenPublisher, class org.waldreg.token.jwt.authenticator.JwtAuthenticator, class org.waldreg.token.jwt.secret.Secret, class org.waldreg.util.token.DecryptedTokenContext}', contextInitializerClasses = '[]', activeProfiles = '{}', propertySourceLocations = '{}', propertySourceProperties = '{}', contextCustomizers = set[org.springframework.boot.test.autoconfigure.actuate.metrics.MetricsExportContextCustomizerFactory$DisableMetricExportContextCustomizer@7a220c9a, org.springframework.boot.test.autoconfigure.properties.PropertyMappingContextCustomizer@0, org.springframework.boot.test.autoconfigure.web.servlet.WebDriverContextCustomizerFactory$Customizer@4716be8b, org.springframework.boot.test.context.filter.ExcludeFilterContextCustomizer@6cce16f4, org.springframework.boot.test.json.DuplicateJsonObjectContextCustomizerFactory$DuplicateJsonObjectContextCustomizer@3b7d3a38, org.springframework.boot.test.mock.mockito.MockitoContextCustomizer@0], contextLoader = 'org.springframework.test.context.support.DelegatingSmartContextLoader', parent = [null]]]
01:04:51.371 [Test worker] DEBUG org.springframework.test.context.cache - Spring test ApplicationContext cache statistics: [DefaultContextCache@59901c4d size = 2, maxSize = 32, parentContextCount = 0, hitCount = 57, missCount = 2]
01:04:51.382 [Test worker] DEBUG org.springframework.test.context.cache.DefaultCacheAwareContextLoaderDelegate - Retrieved ApplicationContext [1818090701] from cache with key [[MergedContextConfiguration@3f1a4795 testClass = JwtAuthenticatorTest, locations = '{}', classes = '{class org.waldreg.token.jwt.publisher.JwtTokenPublisher, class org.waldreg.token.jwt.authenticator.JwtAuthenticator, class org.waldreg.token.jwt.secret.Secret, class org.waldreg.util.token.DecryptedTokenContext}', contextInitializerClasses = '[]', activeProfiles = '{}', propertySourceLocations = '{}', propertySourceProperties = '{}', contextCustomizers = set[org.springframework.boot.test.autoconfigure.actuate.metrics.MetricsExportContextCustomizerFactory$DisableMetricExportContextCustomizer@7a220c9a, org.springframework.boot.test.autoconfigure.properties.PropertyMappingContextCustomizer@0, org.springframework.boot.test.autoconfigure.web.servlet.WebDriverContextCustomizerFactory$Customizer@4716be8b, org.springframework.boot.test.context.filter.ExcludeFilterContextCustomizer@6cce16f4, org.springframework.boot.test.json.DuplicateJsonObjectContextCustomizerFactory$DuplicateJsonObjectContextCustomizer@3b7d3a38, org.springframework.boot.test.mock.mockito.MockitoContextCustomizer@0], contextLoader = 'org.springframework.test.context.support.DelegatingSmartContextLoader', parent = [null]]]
01:04:51.382 [Test worker] DEBUG org.springframework.test.context.cache - Spring test ApplicationContext cache statistics: [DefaultContextCache@59901c4d size = 2, maxSize = 32, parentContextCount = 0, hitCount = 58, missCount = 2]
01:04:51.382 [Test worker] DEBUG org.springframework.test.context.support.AbstractDirtiesContextTestExecutionListener - After test method: context [DefaultTestContext@58d6b7b9 testClass = JwtAuthenticatorTest, testInstance = org.waldreg.token.authenticator.JwtAuthenticatorTest@6a6f6c7e, testMethod = EXPIRED_JWT_TOKEN_TEST@JwtAuthenticatorTest, testException = [null], mergedContextConfiguration = [MergedContextConfiguration@3f1a4795 testClass = JwtAuthenticatorTest, locations = '{}', classes = '{class org.waldreg.token.jwt.publisher.JwtTokenPublisher, class org.waldreg.token.jwt.authenticator.JwtAuthenticator, class org.waldreg.token.jwt.secret.Secret, class org.waldreg.util.token.DecryptedTokenContext}', contextInitializerClasses = '[]', activeProfiles = '{}', propertySourceLocations = '{}', propertySourceProperties = '{}', contextCustomizers = set[org.springframework.boot.test.autoconfigure.actuate.metrics.MetricsExportContextCustomizerFactory$DisableMetricExportContextCustomizer@7a220c9a, org.springframework.boot.test.autoconfigure.properties.PropertyMappingContextCustomizer@0, org.springframework.boot.test.autoconfigure.web.servlet.WebDriverContextCustomizerFactory$Customizer@4716be8b, org.springframework.boot.test.context.filter.ExcludeFilterContextCustomizer@6cce16f4, org.springframework.boot.test.json.DuplicateJsonObjectContextCustomizerFactory$DuplicateJsonObjectContextCustomizer@3b7d3a38, org.springframework.boot.test.mock.mockito.MockitoContextCustomizer@0], contextLoader = 'org.springframework.test.context.support.DelegatingSmartContextLoader', parent = [null]], attributes = map['org.springframework.test.context.event.ApplicationEventsTestExecutionListener.recordApplicationEvents' -> false]], class annotated with @DirtiesContext [false] with mode [null], method annotated with @DirtiesContext [false] with mode [null].
01:04:51.383 [Test worker] DEBUG org.springframework.test.context.support.DependencyInjectionTestExecutionListener - Performing dependency injection for test context [[DefaultTestContext@58d6b7b9 testClass = JwtAuthenticatorTest, testInstance = org.waldreg.token.authenticator.JwtAuthenticatorTest@b27b210, testMethod = [null], testException = [null], mergedContextConfiguration = [MergedContextConfiguration@3f1a4795 testClass = JwtAuthenticatorTest, locations = '{}', classes = '{class org.waldreg.token.jwt.publisher.JwtTokenPublisher, class org.waldreg.token.jwt.authenticator.JwtAuthenticator, class org.waldreg.token.jwt.secret.Secret, class org.waldreg.util.token.DecryptedTokenContext}', contextInitializerClasses = '[]', activeProfiles = '{}', propertySourceLocations = '{}', propertySourceProperties = '{}', contextCustomizers = set[org.springframework.boot.test.autoconfigure.actuate.metrics.MetricsExportContextCustomizerFactory$DisableMetricExportContextCustomizer@7a220c9a, org.springframework.boot.test.autoconfigure.properties.PropertyMappingContextCustomizer@0, org.springframework.boot.test.autoconfigure.web.servlet.WebDriverContextCustomizerFactory$Customizer@4716be8b, org.springframework.boot.test.context.filter.ExcludeFilterContextCustomizer@6cce16f4, org.springframework.boot.test.json.DuplicateJsonObjectContextCustomizerFactory$DuplicateJsonObjectContextCustomizer@3b7d3a38, org.springframework.boot.test.mock.mockito.MockitoContextCustomizer@0], contextLoader = 'org.springframework.test.context.support.DelegatingSmartContextLoader', parent = [null]], attributes = map['org.springframework.test.context.event.ApplicationEventsTestExecutionListener.recordApplicationEvents' -> false]]].
01:04:51.383 [Test worker] DEBUG org.springframework.test.context.cache.DefaultCacheAwareContextLoaderDelegate - Retrieved ApplicationContext [1818090701] from cache with key [[MergedContextConfiguration@3f1a4795 testClass = JwtAuthenticatorTest, locations = '{}', classes = '{class org.waldreg.token.jwt.publisher.JwtTokenPublisher, class org.waldreg.token.jwt.authenticator.JwtAuthenticator, class org.waldreg.token.jwt.secret.Secret, class org.waldreg.util.token.DecryptedTokenContext}', contextInitializerClasses = '[]', activeProfiles = '{}', propertySourceLocations = '{}', propertySourceProperties = '{}', contextCustomizers = set[org.springframework.boot.test.autoconfigure.actuate.metrics.MetricsExportContextCustomizerFactory$DisableMetricExportContextCustomizer@7a220c9a, org.springframework.boot.test.autoconfigure.properties.PropertyMappingContextCustomizer@0, org.springframework.boot.test.autoconfigure.web.servlet.WebDriverContextCustomizerFactory$Customizer@4716be8b, org.springframework.boot.test.context.filter.ExcludeFilterContextCustomizer@6cce16f4, org.springframework.boot.test.json.DuplicateJsonObjectContextCustomizerFactory$DuplicateJsonObjectContextCustomizer@3b7d3a38, org.springframework.boot.test.mock.mockito.MockitoContextCustomizer@0], contextLoader = 'org.springframework.test.context.support.DelegatingSmartContextLoader', parent = [null]]]
01:04:51.383 [Test worker] DEBUG org.springframework.test.context.cache - Spring test ApplicationContext cache statistics: [DefaultContextCache@59901c4d size = 2, maxSize = 32, parentContextCount = 0, hitCount = 59, missCount = 2]
01:04:51.383 [Test worker] DEBUG org.springframework.test.context.cache.DefaultCacheAwareContextLoaderDelegate - Retrieved ApplicationContext [1818090701] from cache with key [[MergedContextConfiguration@3f1a4795 testClass = JwtAuthenticatorTest, locations = '{}', classes = '{class org.waldreg.token.jwt.publisher.JwtTokenPublisher, class org.waldreg.token.jwt.authenticator.JwtAuthenticator, class org.waldreg.token.jwt.secret.Secret, class org.waldreg.util.token.DecryptedTokenContext}', contextInitializerClasses = '[]', activeProfiles = '{}', propertySourceLocations = '{}', propertySourceProperties = '{}', contextCustomizers = set[org.springframework.boot.test.autoconfigure.actuate.metrics.MetricsExportContextCustomizerFactory$DisableMetricExportContextCustomizer@7a220c9a, org.springframework.boot.test.autoconfigure.properties.PropertyMappingContextCustomizer@0, org.springframework.boot.test.autoconfigure.web.servlet.WebDriverContextCustomizerFactory$Customizer@4716be8b, org.springframework.boot.test.context.filter.ExcludeFilterContextCustomizer@6cce16f4, org.springframework.boot.test.json.DuplicateJsonObjectContextCustomizerFactory$DuplicateJsonObjectContextCustomizer@3b7d3a38, org.springframework.boot.test.mock.mockito.MockitoContextCustomizer@0], contextLoader = 'org.springframework.test.context.support.DelegatingSmartContextLoader', parent = [null]]]
01:04:51.383 [Test worker] DEBUG org.springframework.test.context.cache - Spring test ApplicationContext cache statistics: [DefaultContextCache@59901c4d size = 2, maxSize = 32, parentContextCount = 0, hitCount = 60, missCount = 2]
01:04:51.384 [Test worker] DEBUG org.springframework.test.context.support.AbstractDirtiesContextTestExecutionListener - Before test method: context [DefaultTestContext@58d6b7b9 testClass = JwtAuthenticatorTest, testInstance = org.waldreg.token.authenticator.JwtAuthenticatorTest@b27b210, testMethod = AUTHENTICATE_JWT_TOKEN_SUCCESS_TEST@JwtAuthenticatorTest, testException = [null], mergedContextConfiguration = [MergedContextConfiguration@3f1a4795 testClass = JwtAuthenticatorTest, locations = '{}', classes = '{class org.waldreg.token.jwt.publisher.JwtTokenPublisher, class org.waldreg.token.jwt.authenticator.JwtAuthenticator, class org.waldreg.token.jwt.secret.Secret, class org.waldreg.util.token.DecryptedTokenContext}', contextInitializerClasses = '[]', activeProfiles = '{}', propertySourceLocations = '{}', propertySourceProperties = '{}', contextCustomizers = set[org.springframework.boot.test.autoconfigure.actuate.metrics.MetricsExportContextCustomizerFactory$DisableMetricExportContextCustomizer@7a220c9a, org.springframework.boot.test.autoconfigure.properties.PropertyMappingContextCustomizer@0, org.springframework.boot.test.autoconfigure.web.servlet.WebDriverContextCustomizerFactory$Customizer@4716be8b, org.springframework.boot.test.context.filter.ExcludeFilterContextCustomizer@6cce16f4, org.springframework.boot.test.json.DuplicateJsonObjectContextCustomizerFactory$DuplicateJsonObjectContextCustomizer@3b7d3a38, org.springframework.boot.test.mock.mockito.MockitoContextCustomizer@0], contextLoader = 'org.springframework.test.context.support.DelegatingSmartContextLoader', parent = [null]], attributes = map['org.springframework.test.context.event.ApplicationEventsTestExecutionListener.recordApplicationEvents' -> false]], class annotated with @DirtiesContext [false] with mode [null], method annotated with @DirtiesContext [false] with mode [null].
01:04:51.384 [Test worker] DEBUG org.springframework.test.context.cache.DefaultCacheAwareContextLoaderDelegate - Retrieved ApplicationContext [1818090701] from cache with key [[MergedContextConfiguration@3f1a4795 testClass = JwtAuthenticatorTest, locations = '{}', classes = '{class org.waldreg.token.jwt.publisher.JwtTokenPublisher, class org.waldreg.token.jwt.authenticator.JwtAuthenticator, class org.waldreg.token.jwt.secret.Secret, class org.waldreg.util.token.DecryptedTokenContext}', contextInitializerClasses = '[]', activeProfiles = '{}', propertySourceLocations = '{}', propertySourceProperties = '{}', contextCustomizers = set[org.springframework.boot.test.autoconfigure.actuate.metrics.MetricsExportContextCustomizerFactory$DisableMetricExportContextCustomizer@7a220c9a, org.springframework.boot.test.autoconfigure.properties.PropertyMappingContextCustomizer@0, org.springframework.boot.test.autoconfigure.web.servlet.WebDriverContextCustomizerFactory$Customizer@4716be8b, org.springframework.boot.test.context.filter.ExcludeFilterContextCustomizer@6cce16f4, org.springframework.boot.test.json.DuplicateJsonObjectContextCustomizerFactory$DuplicateJsonObjectContextCustomizer@3b7d3a38, org.springframework.boot.test.mock.mockito.MockitoContextCustomizer@0], contextLoader = 'org.springframework.test.context.support.DelegatingSmartContextLoader', parent = [null]]]
01:04:51.384 [Test worker] DEBUG org.springframework.test.context.cache - Spring test ApplicationContext cache statistics: [DefaultContextCache@59901c4d size = 2, maxSize = 32, parentContextCount = 0, hitCount = 61, missCount = 2]
01:04:51.397 [Test worker] DEBUG org.springframework.test.context.cache.DefaultCacheAwareContextLoaderDelegate - Retrieved ApplicationContext [1818090701] from cache with key [[MergedContextConfiguration@3f1a4795 testClass = JwtAuthenticatorTest, locations = '{}', classes = '{class org.waldreg.token.jwt.publisher.JwtTokenPublisher, class org.waldreg.token.jwt.authenticator.JwtAuthenticator, class org.waldreg.token.jwt.secret.Secret, class org.waldreg.util.token.DecryptedTokenContext}', contextInitializerClasses = '[]', activeProfiles = '{}', propertySourceLocations = '{}', propertySourceProperties = '{}', contextCustomizers = set[org.springframework.boot.test.autoconfigure.actuate.metrics.MetricsExportContextCustomizerFactory$DisableMetricExportContextCustomizer@7a220c9a, org.springframework.boot.test.autoconfigure.properties.PropertyMappingContextCustomizer@0, org.springframework.boot.test.autoconfigure.web.servlet.WebDriverContextCustomizerFactory$Customizer@4716be8b, org.springframework.boot.test.context.filter.ExcludeFilterContextCustomizer@6cce16f4, org.springframework.boot.test.json.DuplicateJsonObjectContextCustomizerFactory$DuplicateJsonObjectContextCustomizer@3b7d3a38, org.springframework.boot.test.mock.mockito.MockitoContextCustomizer@0], contextLoader = 'org.springframework.test.context.support.DelegatingSmartContextLoader', parent = [null]]]
01:04:51.397 [Test worker] DEBUG org.springframework.test.context.cache - Spring test ApplicationContext cache statistics: [DefaultContextCache@59901c4d size = 2, maxSize = 32, parentContextCount = 0, hitCount = 62, missCount = 2]
01:04:51.398 [Test worker] DEBUG org.springframework.test.context.cache.DefaultCacheAwareContextLoaderDelegate - Retrieved ApplicationContext [1818090701] from cache with key [[MergedContextConfiguration@3f1a4795 testClass = JwtAuthenticatorTest, locations = '{}', classes = '{class org.waldreg.token.jwt.publisher.JwtTokenPublisher, class org.waldreg.token.jwt.authenticator.JwtAuthenticator, class org.waldreg.token.jwt.secret.Secret, class org.waldreg.util.token.DecryptedTokenContext}', contextInitializerClasses = '[]', activeProfiles = '{}', propertySourceLocations = '{}', propertySourceProperties = '{}', contextCustomizers = set[org.springframework.boot.test.autoconfigure.actuate.metrics.MetricsExportContextCustomizerFactory$DisableMetricExportContextCustomizer@7a220c9a, org.springframework.boot.test.autoconfigure.properties.PropertyMappingContextCustomizer@0, org.springframework.boot.test.autoconfigure.web.servlet.WebDriverContextCustomizerFactory$Customizer@4716be8b, org.springframework.boot.test.context.filter.ExcludeFilterContextCustomizer@6cce16f4, org.springframework.boot.test.json.DuplicateJsonObjectContextCustomizerFactory$DuplicateJsonObjectContextCustomizer@3b7d3a38, org.springframework.boot.test.mock.mockito.MockitoContextCustomizer@0], contextLoader = 'org.springframework.test.context.support.DelegatingSmartContextLoader', parent = [null]]]
01:04:51.398 [Test worker] DEBUG org.springframework.test.context.cache - Spring test ApplicationContext cache statistics: [DefaultContextCache@59901c4d size = 2, maxSize = 32, parentContextCount = 0, hitCount = 63, missCount = 2]
01:04:51.431 [Test worker] DEBUG org.springframework.test.context.cache.DefaultCacheAwareContextLoaderDelegate - Retrieved ApplicationContext [1818090701] from cache with key [[MergedContextConfiguration@3f1a4795 testClass = JwtAuthenticatorTest, locations = '{}', classes = '{class org.waldreg.token.jwt.publisher.JwtTokenPublisher, class org.waldreg.token.jwt.authenticator.JwtAuthenticator, class org.waldreg.token.jwt.secret.Secret, class org.waldreg.util.token.DecryptedTokenContext}', contextInitializerClasses = '[]', activeProfiles = '{}', propertySourceLocations = '{}', propertySourceProperties = '{}', contextCustomizers = set[org.springframework.boot.test.autoconfigure.actuate.metrics.MetricsExportContextCustomizerFactory$DisableMetricExportContextCustomizer@7a220c9a, org.springframework.boot.test.autoconfigure.properties.PropertyMappingContextCustomizer@0, org.springframework.boot.test.autoconfigure.web.servlet.WebDriverContextCustomizerFactory$Customizer@4716be8b, org.springframework.boot.test.context.filter.ExcludeFilterContextCustomizer@6cce16f4, org.springframework.boot.test.json.DuplicateJsonObjectContextCustomizerFactory$DuplicateJsonObjectContextCustomizer@3b7d3a38, org.springframework.boot.test.mock.mockito.MockitoContextCustomizer@0], contextLoader = 'org.springframework.test.context.support.DelegatingSmartContextLoader', parent = [null]]]
01:04:51.431 [Test worker] DEBUG org.springframework.test.context.cache - Spring test ApplicationContext cache statistics: [DefaultContextCache@59901c4d size = 2, maxSize = 32, parentContextCount = 0, hitCount = 64, missCount = 2]
01:04:51.431 [Test worker] DEBUG org.springframework.test.context.cache.DefaultCacheAwareContextLoaderDelegate - Retrieved ApplicationContext [1818090701] from cache with key [[MergedContextConfiguration@3f1a4795 testClass = JwtAuthenticatorTest, locations = '{}', classes = '{class org.waldreg.token.jwt.publisher.JwtTokenPublisher, class org.waldreg.token.jwt.authenticator.JwtAuthenticator, class org.waldreg.token.jwt.secret.Secret, class org.waldreg.util.token.DecryptedTokenContext}', contextInitializerClasses = '[]', activeProfiles = '{}', propertySourceLocations = '{}', propertySourceProperties = '{}', contextCustomizers = set[org.springframework.boot.test.autoconfigure.actuate.metrics.MetricsExportContextCustomizerFactory$DisableMetricExportContextCustomizer@7a220c9a, org.springframework.boot.test.autoconfigure.properties.PropertyMappingContextCustomizer@0, org.springframework.boot.test.autoconfigure.web.servlet.WebDriverContextCustomizerFactory$Customizer@4716be8b, org.springframework.boot.test.context.filter.ExcludeFilterContextCustomizer@6cce16f4, org.springframework.boot.test.json.DuplicateJsonObjectContextCustomizerFactory$DuplicateJsonObjectContextCustomizer@3b7d3a38, org.springframework.boot.test.mock.mockito.MockitoContextCustomizer@0], contextLoader = 'org.springframework.test.context.support.DelegatingSmartContextLoader', parent = [null]]]
01:04:51.431 [Test worker] DEBUG org.springframework.test.context.cache - Spring test ApplicationContext cache statistics: [DefaultContextCache@59901c4d size = 2, maxSize = 32, parentContextCount = 0, hitCount = 65, missCount = 2]
01:04:51.441 [Test worker] DEBUG org.springframework.test.context.cache.DefaultCacheAwareContextLoaderDelegate - Retrieved ApplicationContext [1818090701] from cache with key [[MergedContextConfiguration@3f1a4795 testClass = JwtAuthenticatorTest, locations = '{}', classes = '{class org.waldreg.token.jwt.publisher.JwtTokenPublisher, class org.waldreg.token.jwt.authenticator.JwtAuthenticator, class org.waldreg.token.jwt.secret.Secret, class org.waldreg.util.token.DecryptedTokenContext}', contextInitializerClasses = '[]', activeProfiles = '{}', propertySourceLocations = '{}', propertySourceProperties = '{}', contextCustomizers = set[org.springframework.boot.test.autoconfigure.actuate.metrics.MetricsExportContextCustomizerFactory$DisableMetricExportContextCustomizer@7a220c9a, org.springframework.boot.test.autoconfigure.properties.PropertyMappingContextCustomizer@0, org.springframework.boot.test.autoconfigure.web.servlet.WebDriverContextCustomizerFactory$Customizer@4716be8b, org.springframework.boot.test.context.filter.ExcludeFilterContextCustomizer@6cce16f4, org.springframework.boot.test.json.DuplicateJsonObjectContextCustomizerFactory$DuplicateJsonObjectContextCustomizer@3b7d3a38, org.springframework.boot.test.mock.mockito.MockitoContextCustomizer@0], contextLoader = 'org.springframework.test.context.support.DelegatingSmartContextLoader', parent = [null]]]
01:04:51.441 [Test worker] DEBUG org.springframework.test.context.cache - Spring test ApplicationContext cache statistics: [DefaultContextCache@59901c4d size = 2, maxSize = 32, parentContextCount = 0, hitCount = 66, missCount = 2]
01:04:51.441 [Test worker] DEBUG org.springframework.test.context.cache.DefaultCacheAwareContextLoaderDelegate - Retrieved ApplicationContext [1818090701] from cache with key [[MergedContextConfiguration@3f1a4795 testClass = JwtAuthenticatorTest, locations = '{}', classes = '{class org.waldreg.token.jwt.publisher.JwtTokenPublisher, class org.waldreg.token.jwt.authenticator.JwtAuthenticator, class org.waldreg.token.jwt.secret.Secret, class org.waldreg.util.token.DecryptedTokenContext}', contextInitializerClasses = '[]', activeProfiles = '{}', propertySourceLocations = '{}', propertySourceProperties = '{}', contextCustomizers = set[org.springframework.boot.test.autoconfigure.actuate.metrics.MetricsExportContextCustomizerFactory$DisableMetricExportContextCustomizer@7a220c9a, org.springframework.boot.test.autoconfigure.properties.PropertyMappingContextCustomizer@0, org.springframework.boot.test.autoconfigure.web.servlet.WebDriverContextCustomizerFactory$Customizer@4716be8b, org.springframework.boot.test.context.filter.ExcludeFilterContextCustomizer@6cce16f4, org.springframework.boot.test.json.DuplicateJsonObjectContextCustomizerFactory$DuplicateJsonObjectContextCustomizer@3b7d3a38, org.springframework.boot.test.mock.mockito.MockitoContextCustomizer@0], contextLoader = 'org.springframework.test.context.support.DelegatingSmartContextLoader', parent = [null]]]
01:04:51.441 [Test worker] DEBUG org.springframework.test.context.cache - Spring test ApplicationContext cache statistics: [DefaultContextCache@59901c4d size = 2, maxSize = 32, parentContextCount = 0, hitCount = 67, missCount = 2]
01:04:51.441 [Test worker] DEBUG org.springframework.test.context.cache.DefaultCacheAwareContextLoaderDelegate - Retrieved ApplicationContext [1818090701] from cache with key [[MergedContextConfiguration@3f1a4795 testClass = JwtAuthenticatorTest, locations = '{}', classes = '{class org.waldreg.token.jwt.publisher.JwtTokenPublisher, class org.waldreg.token.jwt.authenticator.JwtAuthenticator, class org.waldreg.token.jwt.secret.Secret, class org.waldreg.util.token.DecryptedTokenContext}', contextInitializerClasses = '[]', activeProfiles = '{}', propertySourceLocations = '{}', propertySourceProperties = '{}', contextCustomizers = set[org.springframework.boot.test.autoconfigure.actuate.metrics.MetricsExportContextCustomizerFactory$DisableMetricExportContextCustomizer@7a220c9a, org.springframework.boot.test.autoconfigure.properties.PropertyMappingContextCustomizer@0, org.springframework.boot.test.autoconfigure.web.servlet.WebDriverContextCustomizerFactory$Customizer@4716be8b, org.springframework.boot.test.context.filter.ExcludeFilterContextCustomizer@6cce16f4, org.springframework.boot.test.json.DuplicateJsonObjectContextCustomizerFactory$DuplicateJsonObjectContextCustomizer@3b7d3a38, org.springframework.boot.test.mock.mockito.MockitoContextCustomizer@0], contextLoader = 'org.springframework.test.context.support.DelegatingSmartContextLoader', parent = [null]]]
01:04:51.441 [Test worker] DEBUG org.springframework.test.context.cache - Spring test ApplicationContext cache statistics: [DefaultContextCache@59901c4d size = 2, maxSize = 32, parentContextCount = 0, hitCount = 68, missCount = 2]
01:04:51.455 [Test worker] DEBUG org.springframework.test.context.cache.DefaultCacheAwareContextLoaderDelegate - Retrieved ApplicationContext [1818090701] from cache with key [[MergedContextConfiguration@3f1a4795 testClass = JwtAuthenticatorTest, locations = '{}', classes = '{class org.waldreg.token.jwt.publisher.JwtTokenPublisher, class org.waldreg.token.jwt.authenticator.JwtAuthenticator, class org.waldreg.token.jwt.secret.Secret, class org.waldreg.util.token.DecryptedTokenContext}', contextInitializerClasses = '[]', activeProfiles = '{}', propertySourceLocations = '{}', propertySourceProperties = '{}', contextCustomizers = set[org.springframework.boot.test.autoconfigure.actuate.metrics.MetricsExportContextCustomizerFactory$DisableMetricExportContextCustomizer@7a220c9a, org.springframework.boot.test.autoconfigure.properties.PropertyMappingContextCustomizer@0, org.springframework.boot.test.autoconfigure.web.servlet.WebDriverContextCustomizerFactory$Customizer@4716be8b, org.springframework.boot.test.context.filter.ExcludeFilterContextCustomizer@6cce16f4, org.springframework.boot.test.json.DuplicateJsonObjectContextCustomizerFactory$DuplicateJsonObjectContextCustomizer@3b7d3a38, org.springframework.boot.test.mock.mockito.MockitoContextCustomizer@0], contextLoader = 'org.springframework.test.context.support.DelegatingSmartContextLoader', parent = [null]]]
01:04:51.455 [Test worker] DEBUG org.springframework.test.context.cache - Spring test ApplicationContext cache statistics: [DefaultContextCache@59901c4d size = 2, maxSize = 32, parentContextCount = 0, hitCount = 69, missCount = 2]
01:04:51.455 [Test worker] DEBUG org.springframework.test.context.support.AbstractDirtiesContextTestExecutionListener - After test method: context [DefaultTestContext@58d6b7b9 testClass = JwtAuthenticatorTest, testInstance = org.waldreg.token.authenticator.JwtAuthenticatorTest@b27b210, testMethod = AUTHENTICATE_JWT_TOKEN_SUCCESS_TEST@JwtAuthenticatorTest, testException = [null], mergedContextConfiguration = [MergedContextConfiguration@3f1a4795 testClass = JwtAuthenticatorTest, locations = '{}', classes = '{class org.waldreg.token.jwt.publisher.JwtTokenPublisher, class org.waldreg.token.jwt.authenticator.JwtAuthenticator, class org.waldreg.token.jwt.secret.Secret, class org.waldreg.util.token.DecryptedTokenContext}', contextInitializerClasses = '[]', activeProfiles = '{}', propertySourceLocations = '{}', propertySourceProperties = '{}', contextCustomizers = set[org.springframework.boot.test.autoconfigure.actuate.metrics.MetricsExportContextCustomizerFactory$DisableMetricExportContextCustomizer@7a220c9a, org.springframework.boot.test.autoconfigure.properties.PropertyMappingContextCustomizer@0, org.springframework.boot.test.autoconfigure.web.servlet.WebDriverContextCustomizerFactory$Customizer@4716be8b, org.springframework.boot.test.context.filter.ExcludeFilterContextCustomizer@6cce16f4, org.springframework.boot.test.json.DuplicateJsonObjectContextCustomizerFactory$DuplicateJsonObjectContextCustomizer@3b7d3a38, org.springframework.boot.test.mock.mockito.MockitoContextCustomizer@0], contextLoader = 'org.springframework.test.context.support.DelegatingSmartContextLoader', parent = [null]], attributes = map['org.springframework.test.context.event.ApplicationEventsTestExecutionListener.recordApplicationEvents' -> false]], class annotated with @DirtiesContext [false] with mode [null], method annotated with @DirtiesContext [false] with mode [null].
01:04:51.456 [Test worker] DEBUG org.springframework.test.context.cache.DefaultCacheAwareContextLoaderDelegate - Retrieved ApplicationContext [1818090701] from cache with key [[MergedContextConfiguration@3f1a4795 testClass = JwtAuthenticatorTest, locations = '{}', classes = '{class org.waldreg.token.jwt.publisher.JwtTokenPublisher, class org.waldreg.token.jwt.authenticator.JwtAuthenticator, class org.waldreg.token.jwt.secret.Secret, class org.waldreg.util.token.DecryptedTokenContext}', contextInitializerClasses = '[]', activeProfiles = '{}', propertySourceLocations = '{}', propertySourceProperties = '{}', contextCustomizers = set[org.springframework.boot.test.autoconfigure.actuate.metrics.MetricsExportContextCustomizerFactory$DisableMetricExportContextCustomizer@7a220c9a, org.springframework.boot.test.autoconfigure.properties.PropertyMappingContextCustomizer@0, org.springframework.boot.test.autoconfigure.web.servlet.WebDriverContextCustomizerFactory$Customizer@4716be8b, org.springframework.boot.test.context.filter.ExcludeFilterContextCustomizer@6cce16f4, org.springframework.boot.test.json.DuplicateJsonObjectContextCustomizerFactory$DuplicateJsonObjectContextCustomizer@3b7d3a38, org.springframework.boot.test.mock.mockito.MockitoContextCustomizer@0], contextLoader = 'org.springframework.test.context.support.DelegatingSmartContextLoader', parent = [null]]]
01:04:51.456 [Test worker] DEBUG org.springframework.test.context.cache - Spring test ApplicationContext cache statistics: [DefaultContextCache@59901c4d size = 2, maxSize = 32, parentContextCount = 0, hitCount = 70, missCount = 2]
01:04:51.456 [Test worker] DEBUG org.springframework.test.context.support.AbstractDirtiesContextTestExecutionListener - After test class: context [DefaultTestContext@58d6b7b9 testClass = JwtAuthenticatorTest, testInstance = [null], testMethod = [null], testException = [null], mergedContextConfiguration = [MergedContextConfiguration@3f1a4795 testClass = JwtAuthenticatorTest, locations = '{}', classes = '{class org.waldreg.token.jwt.publisher.JwtTokenPublisher, class org.waldreg.token.jwt.authenticator.JwtAuthenticator, class org.waldreg.token.jwt.secret.Secret, class org.waldreg.util.token.DecryptedTokenContext}', contextInitializerClasses = '[]', activeProfiles = '{}', propertySourceLocations = '{}', propertySourceProperties = '{}', contextCustomizers = set[org.springframework.boot.test.autoconfigure.actuate.metrics.MetricsExportContextCustomizerFactory$DisableMetricExportContextCustomizer@7a220c9a, org.springframework.boot.test.autoconfigure.properties.PropertyMappingContextCustomizer@0, org.springframework.boot.test.autoconfigure.web.servlet.WebDriverContextCustomizerFactory$Customizer@4716be8b, org.springframework.boot.test.context.filter.ExcludeFilterContextCustomizer@6cce16f4, org.springframework.boot.test.json.DuplicateJsonObjectContextCustomizerFactory$DuplicateJsonObjectContextCustomizer@3b7d3a38, org.springframework.boot.test.mock.mockito.MockitoContextCustomizer@0], contextLoader = 'org.springframework.test.context.support.DelegatingSmartContextLoader', parent = [null]], attributes = map['org.springframework.test.context.event.ApplicationEventsTestExecutionListener.recordApplicationEvents' -> false]], class annotated with @DirtiesContext [false] with mode [null].
]]></system-out>
  <system-err><![CDATA[]]></system-err>
</testsuite>
