<?xml version="1.0" encoding="UTF-8"?>
<testsuite name="org.waldreg.token.authenticator.JwtAuthenticatorTest" tests="2" skipped="0" failures="0" errors="0" timestamp="2023-06-27T14:36:55" hostname="xb-apple.local" time="0.084">
  <properties/>
  <testcase name="만료된 jwt 토큰" classname="org.waldreg.token.authenticator.JwtAuthenticatorTest" time="0.079"/>
  <testcase name="jwt 토큰 인증 성공" classname="org.waldreg.token.authenticator.JwtAuthenticatorTest" time="0.004"/>
  <system-out><![CDATA[23:36:55.511 [Test worker] DEBUG org.springframework.test.context.BootstrapUtils - Instantiating CacheAwareContextLoaderDelegate from class [org.springframework.test.context.cache.DefaultCacheAwareContextLoaderDelegate]
23:36:55.511 [Test worker] DEBUG org.springframework.test.context.BootstrapUtils - Instantiating BootstrapContext using constructor [public org.springframework.test.context.support.DefaultBootstrapContext(java.lang.Class,org.springframework.test.context.CacheAwareContextLoaderDelegate)]
23:36:55.511 [Test worker] DEBUG org.springframework.test.context.BootstrapUtils - Instantiating TestContextBootstrapper for test class [org.waldreg.token.authenticator.JwtAuthenticatorTest] from class [org.springframework.test.context.support.DefaultTestContextBootstrapper]
23:36:55.511 [Test worker] DEBUG org.springframework.test.context.support.AbstractDelegatingSmartContextLoader - Delegating to AnnotationConfigContextLoader to process context configuration [ContextConfigurationAttributes@2f0ed952 declaringClass = 'org.waldreg.token.authenticator.JwtAuthenticatorTest', classes = '{class org.waldreg.token.jwt.publisher.JwtTokenPublisher, class org.waldreg.token.jwt.authenticator.JwtAuthenticator, class org.waldreg.token.jwt.secret.Secret, class org.waldreg.util.token.DecryptedTokenContext}', locations = '{}', inheritLocations = true, initializers = '{}', inheritInitializers = true, name = [null], contextLoaderClass = 'org.springframework.test.context.ContextLoader'].
23:36:55.512 [Test worker] DEBUG org.springframework.test.context.support.ActiveProfilesUtils - Could not find an 'annotation declaring class' for annotation type [org.springframework.test.context.ActiveProfiles] and class [org.waldreg.token.authenticator.JwtAuthenticatorTest]
23:36:55.512 [Test worker] DEBUG org.springframework.test.context.support.DefaultTestContextBootstrapper - @TestExecutionListeners is not present for class [org.waldreg.token.authenticator.JwtAuthenticatorTest]: using defaults.
23:36:55.512 [Test worker] INFO org.springframework.test.context.support.DefaultTestContextBootstrapper - Loaded default TestExecutionListener class names from location [META-INF/spring.factories]: [org.springframework.boot.test.autoconfigure.restdocs.RestDocsTestExecutionListener, org.springframework.boot.test.autoconfigure.web.client.MockRestServiceServerResetTestExecutionListener, org.springframework.boot.test.autoconfigure.web.servlet.MockMvcPrintOnlyOnFailureTestExecutionListener, org.springframework.boot.test.autoconfigure.web.servlet.WebDriverTestExecutionListener, org.springframework.boot.test.autoconfigure.webservices.client.MockWebServiceServerTestExecutionListener, org.springframework.boot.test.mock.mockito.MockitoTestExecutionListener, org.springframework.boot.test.mock.mockito.ResetMocksTestExecutionListener, org.springframework.test.context.web.ServletTestExecutionListener, org.springframework.test.context.support.DirtiesContextBeforeModesTestExecutionListener, org.springframework.test.context.event.ApplicationEventsTestExecutionListener, org.springframework.test.context.support.DependencyInjectionTestExecutionListener, org.springframework.test.context.support.DirtiesContextTestExecutionListener, org.springframework.test.context.transaction.TransactionalTestExecutionListener, org.springframework.test.context.jdbc.SqlScriptsTestExecutionListener, org.springframework.test.context.event.EventPublishingTestExecutionListener]
23:36:55.512 [Test worker] DEBUG org.springframework.test.context.support.DefaultTestContextBootstrapper - Skipping candidate TestExecutionListener [org.springframework.test.context.transaction.TransactionalTestExecutionListener] due to a missing dependency. Specify custom listener classes or make the default listener classes and their required dependencies available. Offending class: [org/springframework/transaction/interceptor/TransactionAttributeSource]
23:36:55.512 [Test worker] DEBUG org.springframework.test.context.support.DefaultTestContextBootstrapper - Skipping candidate TestExecutionListener [org.springframework.test.context.jdbc.SqlScriptsTestExecutionListener] due to a missing dependency. Specify custom listener classes or make the default listener classes and their required dependencies available. Offending class: [org/springframework/transaction/interceptor/TransactionAttribute]
23:36:55.512 [Test worker] INFO org.springframework.test.context.support.DefaultTestContextBootstrapper - Using TestExecutionListeners: [org.springframework.test.context.web.ServletTestExecutionListener@c017175, org.springframework.test.context.support.DirtiesContextBeforeModesTestExecutionListener@559cedee, org.springframework.test.context.event.ApplicationEventsTestExecutionListener@18371d89, org.springframework.boot.test.mock.mockito.MockitoTestExecutionListener@4f3faa70, org.springframework.test.context.support.DependencyInjectionTestExecutionListener@4832f03b, org.springframework.test.context.support.DirtiesContextTestExecutionListener@7af3874e, org.springframework.test.context.event.EventPublishingTestExecutionListener@5a8816cc, org.springframework.boot.test.autoconfigure.restdocs.RestDocsTestExecutionListener@68565bc7, org.springframework.boot.test.autoconfigure.web.client.MockRestServiceServerResetTestExecutionListener@37baddde, org.springframework.boot.test.autoconfigure.web.servlet.MockMvcPrintOnlyOnFailureTestExecutionListener@5115f590, org.springframework.boot.test.autoconfigure.web.servlet.WebDriverTestExecutionListener@4b31a708, org.springframework.boot.test.autoconfigure.webservices.client.MockWebServiceServerTestExecutionListener@11e355ca, org.springframework.boot.test.mock.mockito.ResetMocksTestExecutionListener@70d63e05]
23:36:55.513 [Test worker] DEBUG org.springframework.test.context.support.AbstractDirtiesContextTestExecutionListener - Before test class: context [DefaultTestContext@e11ecfa testClass = JwtAuthenticatorTest, testInstance = [null], testMethod = [null], testException = [null], mergedContextConfiguration = [MergedContextConfiguration@485e13d7 testClass = JwtAuthenticatorTest, locations = '{}', classes = '{class org.waldreg.token.jwt.publisher.JwtTokenPublisher, class org.waldreg.token.jwt.authenticator.JwtAuthenticator, class org.waldreg.token.jwt.secret.Secret, class org.waldreg.util.token.DecryptedTokenContext}', contextInitializerClasses = '[]', activeProfiles = '{}', propertySourceLocations = '{}', propertySourceProperties = '{}', contextCustomizers = set[org.springframework.boot.test.autoconfigure.actuate.metrics.MetricsExportContextCustomizerFactory$DisableMetricExportContextCustomizer@3697186, org.springframework.boot.test.autoconfigure.properties.PropertyMappingContextCustomizer@0, org.springframework.boot.test.autoconfigure.web.servlet.WebDriverContextCustomizerFactory$Customizer@172b013, org.springframework.boot.test.context.filter.ExcludeFilterContextCustomizer@70f02c32, org.springframework.boot.test.json.DuplicateJsonObjectContextCustomizerFactory$DuplicateJsonObjectContextCustomizer@5b6ec132, org.springframework.boot.test.mock.mockito.MockitoContextCustomizer@e8facb0f], contextLoader = 'org.springframework.test.context.support.DelegatingSmartContextLoader', parent = [null]], attributes = map[[empty]]], class annotated with @DirtiesContext [false] with mode [null].
23:36:55.513 [Test worker] DEBUG org.springframework.test.context.support.AbstractDelegatingSmartContextLoader - Delegating to AnnotationConfigContextLoader to load context from [MergedContextConfiguration@485e13d7 testClass = JwtAuthenticatorTest, locations = '{}', classes = '{class org.waldreg.token.jwt.publisher.JwtTokenPublisher, class org.waldreg.token.jwt.authenticator.JwtAuthenticator, class org.waldreg.token.jwt.secret.Secret, class org.waldreg.util.token.DecryptedTokenContext}', contextInitializerClasses = '[]', activeProfiles = '{}', propertySourceLocations = '{}', propertySourceProperties = '{}', contextCustomizers = set[org.springframework.boot.test.autoconfigure.actuate.metrics.MetricsExportContextCustomizerFactory$DisableMetricExportContextCustomizer@3697186, org.springframework.boot.test.autoconfigure.properties.PropertyMappingContextCustomizer@0, org.springframework.boot.test.autoconfigure.web.servlet.WebDriverContextCustomizerFactory$Customizer@172b013, org.springframework.boot.test.context.filter.ExcludeFilterContextCustomizer@70f02c32, org.springframework.boot.test.json.DuplicateJsonObjectContextCustomizerFactory$DuplicateJsonObjectContextCustomizer@5b6ec132, org.springframework.boot.test.mock.mockito.MockitoContextCustomizer@e8facb0f], contextLoader = 'org.springframework.test.context.support.DelegatingSmartContextLoader', parent = [null]].
23:36:55.513 [Test worker] DEBUG org.springframework.test.context.support.AbstractGenericContextLoader - Loading ApplicationContext for merged context configuration [[MergedContextConfiguration@485e13d7 testClass = JwtAuthenticatorTest, locations = '{}', classes = '{class org.waldreg.token.jwt.publisher.JwtTokenPublisher, class org.waldreg.token.jwt.authenticator.JwtAuthenticator, class org.waldreg.token.jwt.secret.Secret, class org.waldreg.util.token.DecryptedTokenContext}', contextInitializerClasses = '[]', activeProfiles = '{}', propertySourceLocations = '{}', propertySourceProperties = '{}', contextCustomizers = set[org.springframework.boot.test.autoconfigure.actuate.metrics.MetricsExportContextCustomizerFactory$DisableMetricExportContextCustomizer@3697186, org.springframework.boot.test.autoconfigure.properties.PropertyMappingContextCustomizer@0, org.springframework.boot.test.autoconfigure.web.servlet.WebDriverContextCustomizerFactory$Customizer@172b013, org.springframework.boot.test.context.filter.ExcludeFilterContextCustomizer@70f02c32, org.springframework.boot.test.json.DuplicateJsonObjectContextCustomizerFactory$DuplicateJsonObjectContextCustomizer@5b6ec132, org.springframework.boot.test.mock.mockito.MockitoContextCustomizer@e8facb0f], contextLoader = 'org.springframework.test.context.support.DelegatingSmartContextLoader', parent = [null]]].
23:36:55.513 [Test worker] DEBUG org.springframework.core.env.StandardEnvironment - Activating profiles []
23:36:55.513 [Test worker] DEBUG org.springframework.test.context.support.AnnotationConfigContextLoader - Registering component classes: {class org.waldreg.token.jwt.publisher.JwtTokenPublisher, class org.waldreg.token.jwt.authenticator.JwtAuthenticator, class org.waldreg.token.jwt.secret.Secret, class org.waldreg.util.token.DecryptedTokenContext}
23:36:55.514 [Test worker] DEBUG org.springframework.context.support.GenericApplicationContext - Refreshing org.springframework.context.support.GenericApplicationContext@43984213
23:36:55.514 [Test worker] DEBUG org.springframework.beans.factory.support.DefaultListableBeanFactory - Creating shared instance of singleton bean 'org.springframework.context.annotation.internalConfigurationAnnotationProcessor'
23:36:55.515 [Test worker] DEBUG org.springframework.beans.factory.support.DefaultListableBeanFactory - Creating shared instance of singleton bean 'org.springframework.boot.test.mock.mockito.MockitoPostProcessor'
23:36:55.516 [Test worker] DEBUG org.springframework.beans.factory.support.DefaultListableBeanFactory - Creating shared instance of singleton bean 'org.springframework.context.event.internalEventListenerProcessor'
23:36:55.516 [Test worker] DEBUG org.springframework.beans.factory.support.DefaultListableBeanFactory - Creating shared instance of singleton bean 'org.springframework.context.event.internalEventListenerFactory'
23:36:55.516 [Test worker] DEBUG org.springframework.beans.factory.support.DefaultListableBeanFactory - Creating shared instance of singleton bean 'org.springframework.context.annotation.internalAutowiredAnnotationProcessor'
23:36:55.516 [Test worker] DEBUG org.springframework.beans.factory.support.DefaultListableBeanFactory - Creating shared instance of singleton bean 'org.springframework.context.annotation.internalCommonAnnotationProcessor'
23:36:55.516 [Test worker] DEBUG org.springframework.beans.factory.support.DefaultListableBeanFactory - Creating shared instance of singleton bean 'org.springframework.boot.test.mock.mockito.MockitoPostProcessor$SpyPostProcessor'
23:36:55.516 [Test worker] DEBUG org.springframework.beans.factory.support.DefaultListableBeanFactory - Creating shared instance of singleton bean 'jwtTokenPublisher'
23:36:55.517 [Test worker] DEBUG org.springframework.beans.factory.support.DefaultListableBeanFactory - Creating shared instance of singleton bean 'secret'
23:36:55.539 [Test worker] DEBUG org.springframework.beans.factory.support.DefaultListableBeanFactory - Autowiring by type from bean name 'jwtTokenPublisher' via constructor to bean named 'secret'
23:36:55.540 [Test worker] DEBUG org.springframework.beans.factory.support.DefaultListableBeanFactory - Creating shared instance of singleton bean 'jwtAuthenticator'
23:36:55.540 [Test worker] DEBUG org.springframework.beans.factory.support.DefaultListableBeanFactory - Creating shared instance of singleton bean 'decryptedTokenContext'
23:36:55.541 [Test worker] DEBUG org.springframework.beans.factory.support.DefaultListableBeanFactory - Autowiring by type from bean name 'jwtAuthenticator' via constructor to bean named 'secret'
23:36:55.541 [Test worker] DEBUG org.springframework.beans.factory.support.DefaultListableBeanFactory - Autowiring by type from bean name 'jwtAuthenticator' via constructor to bean named 'decryptedTokenContext'
23:36:55.541 [Test worker] DEBUG org.springframework.beans.factory.support.DefaultListableBeanFactory - Autowiring by type from bean name 'jwtAuthenticator' via constructor to bean named 'org.waldreg.token.spi.AuthRepository#0'
23:36:55.543 [Test worker] DEBUG org.springframework.test.context.cache.DefaultCacheAwareContextLoaderDelegate - Storing ApplicationContext [1134051859] in cache under key [[MergedContextConfiguration@485e13d7 testClass = JwtAuthenticatorTest, locations = '{}', classes = '{class org.waldreg.token.jwt.publisher.JwtTokenPublisher, class org.waldreg.token.jwt.authenticator.JwtAuthenticator, class org.waldreg.token.jwt.secret.Secret, class org.waldreg.util.token.DecryptedTokenContext}', contextInitializerClasses = '[]', activeProfiles = '{}', propertySourceLocations = '{}', propertySourceProperties = '{}', contextCustomizers = set[org.springframework.boot.test.autoconfigure.actuate.metrics.MetricsExportContextCustomizerFactory$DisableMetricExportContextCustomizer@3697186, org.springframework.boot.test.autoconfigure.properties.PropertyMappingContextCustomizer@0, org.springframework.boot.test.autoconfigure.web.servlet.WebDriverContextCustomizerFactory$Customizer@172b013, org.springframework.boot.test.context.filter.ExcludeFilterContextCustomizer@70f02c32, org.springframework.boot.test.json.DuplicateJsonObjectContextCustomizerFactory$DuplicateJsonObjectContextCustomizer@5b6ec132, org.springframework.boot.test.mock.mockito.MockitoContextCustomizer@e8facb0f], contextLoader = 'org.springframework.test.context.support.DelegatingSmartContextLoader', parent = [null]]]
23:36:55.543 [Test worker] DEBUG org.springframework.test.context.cache - Spring test ApplicationContext cache statistics: [DefaultContextCache@6a4ccef7 size = 2, maxSize = 32, parentContextCount = 0, hitCount = 132, missCount = 2]
23:36:55.543 [Test worker] DEBUG org.springframework.test.context.support.DependencyInjectionTestExecutionListener - Performing dependency injection for test context [[DefaultTestContext@e11ecfa testClass = JwtAuthenticatorTest, testInstance = org.waldreg.token.authenticator.JwtAuthenticatorTest@2152ab30, testMethod = [null], testException = [null], mergedContextConfiguration = [MergedContextConfiguration@485e13d7 testClass = JwtAuthenticatorTest, locations = '{}', classes = '{class org.waldreg.token.jwt.publisher.JwtTokenPublisher, class org.waldreg.token.jwt.authenticator.JwtAuthenticator, class org.waldreg.token.jwt.secret.Secret, class org.waldreg.util.token.DecryptedTokenContext}', contextInitializerClasses = '[]', activeProfiles = '{}', propertySourceLocations = '{}', propertySourceProperties = '{}', contextCustomizers = set[org.springframework.boot.test.autoconfigure.actuate.metrics.MetricsExportContextCustomizerFactory$DisableMetricExportContextCustomizer@3697186, org.springframework.boot.test.autoconfigure.properties.PropertyMappingContextCustomizer@0, org.springframework.boot.test.autoconfigure.web.servlet.WebDriverContextCustomizerFactory$Customizer@172b013, org.springframework.boot.test.context.filter.ExcludeFilterContextCustomizer@70f02c32, org.springframework.boot.test.json.DuplicateJsonObjectContextCustomizerFactory$DuplicateJsonObjectContextCustomizer@5b6ec132, org.springframework.boot.test.mock.mockito.MockitoContextCustomizer@e8facb0f], contextLoader = 'org.springframework.test.context.support.DelegatingSmartContextLoader', parent = [null]], attributes = map['org.springframework.test.context.event.ApplicationEventsTestExecutionListener.recordApplicationEvents' -> false]]].
23:36:55.543 [Test worker] DEBUG org.springframework.test.context.cache.DefaultCacheAwareContextLoaderDelegate - Retrieved ApplicationContext [1134051859] from cache with key [[MergedContextConfiguration@485e13d7 testClass = JwtAuthenticatorTest, locations = '{}', classes = '{class org.waldreg.token.jwt.publisher.JwtTokenPublisher, class org.waldreg.token.jwt.authenticator.JwtAuthenticator, class org.waldreg.token.jwt.secret.Secret, class org.waldreg.util.token.DecryptedTokenContext}', contextInitializerClasses = '[]', activeProfiles = '{}', propertySourceLocations = '{}', propertySourceProperties = '{}', contextCustomizers = set[org.springframework.boot.test.autoconfigure.actuate.metrics.MetricsExportContextCustomizerFactory$DisableMetricExportContextCustomizer@3697186, org.springframework.boot.test.autoconfigure.properties.PropertyMappingContextCustomizer@0, org.springframework.boot.test.autoconfigure.web.servlet.WebDriverContextCustomizerFactory$Customizer@172b013, org.springframework.boot.test.context.filter.ExcludeFilterContextCustomizer@70f02c32, org.springframework.boot.test.json.DuplicateJsonObjectContextCustomizerFactory$DuplicateJsonObjectContextCustomizer@5b6ec132, org.springframework.boot.test.mock.mockito.MockitoContextCustomizer@e8facb0f], contextLoader = 'org.springframework.test.context.support.DelegatingSmartContextLoader', parent = [null]]]
23:36:55.543 [Test worker] DEBUG org.springframework.test.context.cache - Spring test ApplicationContext cache statistics: [DefaultContextCache@6a4ccef7 size = 2, maxSize = 32, parentContextCount = 0, hitCount = 133, missCount = 2]
23:36:55.544 [Test worker] DEBUG org.springframework.test.context.cache.DefaultCacheAwareContextLoaderDelegate - Retrieved ApplicationContext [1134051859] from cache with key [[MergedContextConfiguration@485e13d7 testClass = JwtAuthenticatorTest, locations = '{}', classes = '{class org.waldreg.token.jwt.publisher.JwtTokenPublisher, class org.waldreg.token.jwt.authenticator.JwtAuthenticator, class org.waldreg.token.jwt.secret.Secret, class org.waldreg.util.token.DecryptedTokenContext}', contextInitializerClasses = '[]', activeProfiles = '{}', propertySourceLocations = '{}', propertySourceProperties = '{}', contextCustomizers = set[org.springframework.boot.test.autoconfigure.actuate.metrics.MetricsExportContextCustomizerFactory$DisableMetricExportContextCustomizer@3697186, org.springframework.boot.test.autoconfigure.properties.PropertyMappingContextCustomizer@0, org.springframework.boot.test.autoconfigure.web.servlet.WebDriverContextCustomizerFactory$Customizer@172b013, org.springframework.boot.test.context.filter.ExcludeFilterContextCustomizer@70f02c32, org.springframework.boot.test.json.DuplicateJsonObjectContextCustomizerFactory$DuplicateJsonObjectContextCustomizer@5b6ec132, org.springframework.boot.test.mock.mockito.MockitoContextCustomizer@e8facb0f], contextLoader = 'org.springframework.test.context.support.DelegatingSmartContextLoader', parent = [null]]]
23:36:55.544 [Test worker] DEBUG org.springframework.test.context.cache - Spring test ApplicationContext cache statistics: [DefaultContextCache@6a4ccef7 size = 2, maxSize = 32, parentContextCount = 0, hitCount = 134, missCount = 2]
23:36:55.544 [Test worker] DEBUG org.springframework.test.context.support.AbstractDirtiesContextTestExecutionListener - Before test method: context [DefaultTestContext@e11ecfa testClass = JwtAuthenticatorTest, testInstance = org.waldreg.token.authenticator.JwtAuthenticatorTest@2152ab30, testMethod = EXPIRED_JWT_TOKEN_TEST@JwtAuthenticatorTest, testException = [null], mergedContextConfiguration = [MergedContextConfiguration@485e13d7 testClass = JwtAuthenticatorTest, locations = '{}', classes = '{class org.waldreg.token.jwt.publisher.JwtTokenPublisher, class org.waldreg.token.jwt.authenticator.JwtAuthenticator, class org.waldreg.token.jwt.secret.Secret, class org.waldreg.util.token.DecryptedTokenContext}', contextInitializerClasses = '[]', activeProfiles = '{}', propertySourceLocations = '{}', propertySourceProperties = '{}', contextCustomizers = set[org.springframework.boot.test.autoconfigure.actuate.metrics.MetricsExportContextCustomizerFactory$DisableMetricExportContextCustomizer@3697186, org.springframework.boot.test.autoconfigure.properties.PropertyMappingContextCustomizer@0, org.springframework.boot.test.autoconfigure.web.servlet.WebDriverContextCustomizerFactory$Customizer@172b013, org.springframework.boot.test.context.filter.ExcludeFilterContextCustomizer@70f02c32, org.springframework.boot.test.json.DuplicateJsonObjectContextCustomizerFactory$DuplicateJsonObjectContextCustomizer@5b6ec132, org.springframework.boot.test.mock.mockito.MockitoContextCustomizer@e8facb0f], contextLoader = 'org.springframework.test.context.support.DelegatingSmartContextLoader', parent = [null]], attributes = map['org.springframework.test.context.event.ApplicationEventsTestExecutionListener.recordApplicationEvents' -> false]], class annotated with @DirtiesContext [false] with mode [null], method annotated with @DirtiesContext [false] with mode [null].
23:36:55.544 [Test worker] DEBUG org.springframework.test.context.cache.DefaultCacheAwareContextLoaderDelegate - Retrieved ApplicationContext [1134051859] from cache with key [[MergedContextConfiguration@485e13d7 testClass = JwtAuthenticatorTest, locations = '{}', classes = '{class org.waldreg.token.jwt.publisher.JwtTokenPublisher, class org.waldreg.token.jwt.authenticator.JwtAuthenticator, class org.waldreg.token.jwt.secret.Secret, class org.waldreg.util.token.DecryptedTokenContext}', contextInitializerClasses = '[]', activeProfiles = '{}', propertySourceLocations = '{}', propertySourceProperties = '{}', contextCustomizers = set[org.springframework.boot.test.autoconfigure.actuate.metrics.MetricsExportContextCustomizerFactory$DisableMetricExportContextCustomizer@3697186, org.springframework.boot.test.autoconfigure.properties.PropertyMappingContextCustomizer@0, org.springframework.boot.test.autoconfigure.web.servlet.WebDriverContextCustomizerFactory$Customizer@172b013, org.springframework.boot.test.context.filter.ExcludeFilterContextCustomizer@70f02c32, org.springframework.boot.test.json.DuplicateJsonObjectContextCustomizerFactory$DuplicateJsonObjectContextCustomizer@5b6ec132, org.springframework.boot.test.mock.mockito.MockitoContextCustomizer@e8facb0f], contextLoader = 'org.springframework.test.context.support.DelegatingSmartContextLoader', parent = [null]]]
23:36:55.544 [Test worker] DEBUG org.springframework.test.context.cache - Spring test ApplicationContext cache statistics: [DefaultContextCache@6a4ccef7 size = 2, maxSize = 32, parentContextCount = 0, hitCount = 135, missCount = 2]
23:36:55.544 [Test worker] DEBUG org.springframework.test.context.cache.DefaultCacheAwareContextLoaderDelegate - Retrieved ApplicationContext [1134051859] from cache with key [[MergedContextConfiguration@485e13d7 testClass = JwtAuthenticatorTest, locations = '{}', classes = '{class org.waldreg.token.jwt.publisher.JwtTokenPublisher, class org.waldreg.token.jwt.authenticator.JwtAuthenticator, class org.waldreg.token.jwt.secret.Secret, class org.waldreg.util.token.DecryptedTokenContext}', contextInitializerClasses = '[]', activeProfiles = '{}', propertySourceLocations = '{}', propertySourceProperties = '{}', contextCustomizers = set[org.springframework.boot.test.autoconfigure.actuate.metrics.MetricsExportContextCustomizerFactory$DisableMetricExportContextCustomizer@3697186, org.springframework.boot.test.autoconfigure.properties.PropertyMappingContextCustomizer@0, org.springframework.boot.test.autoconfigure.web.servlet.WebDriverContextCustomizerFactory$Customizer@172b013, org.springframework.boot.test.context.filter.ExcludeFilterContextCustomizer@70f02c32, org.springframework.boot.test.json.DuplicateJsonObjectContextCustomizerFactory$DuplicateJsonObjectContextCustomizer@5b6ec132, org.springframework.boot.test.mock.mockito.MockitoContextCustomizer@e8facb0f], contextLoader = 'org.springframework.test.context.support.DelegatingSmartContextLoader', parent = [null]]]
23:36:55.544 [Test worker] DEBUG org.springframework.test.context.cache - Spring test ApplicationContext cache statistics: [DefaultContextCache@6a4ccef7 size = 2, maxSize = 32, parentContextCount = 0, hitCount = 136, missCount = 2]
23:36:55.544 [Test worker] DEBUG org.springframework.test.context.cache.DefaultCacheAwareContextLoaderDelegate - Retrieved ApplicationContext [1134051859] from cache with key [[MergedContextConfiguration@485e13d7 testClass = JwtAuthenticatorTest, locations = '{}', classes = '{class org.waldreg.token.jwt.publisher.JwtTokenPublisher, class org.waldreg.token.jwt.authenticator.JwtAuthenticator, class org.waldreg.token.jwt.secret.Secret, class org.waldreg.util.token.DecryptedTokenContext}', contextInitializerClasses = '[]', activeProfiles = '{}', propertySourceLocations = '{}', propertySourceProperties = '{}', contextCustomizers = set[org.springframework.boot.test.autoconfigure.actuate.metrics.MetricsExportContextCustomizerFactory$DisableMetricExportContextCustomizer@3697186, org.springframework.boot.test.autoconfigure.properties.PropertyMappingContextCustomizer@0, org.springframework.boot.test.autoconfigure.web.servlet.WebDriverContextCustomizerFactory$Customizer@172b013, org.springframework.boot.test.context.filter.ExcludeFilterContextCustomizer@70f02c32, org.springframework.boot.test.json.DuplicateJsonObjectContextCustomizerFactory$DuplicateJsonObjectContextCustomizer@5b6ec132, org.springframework.boot.test.mock.mockito.MockitoContextCustomizer@e8facb0f], contextLoader = 'org.springframework.test.context.support.DelegatingSmartContextLoader', parent = [null]]]
23:36:55.544 [Test worker] DEBUG org.springframework.test.context.cache - Spring test ApplicationContext cache statistics: [DefaultContextCache@6a4ccef7 size = 2, maxSize = 32, parentContextCount = 0, hitCount = 137, missCount = 2]
23:36:55.622 [Test worker] DEBUG org.springframework.test.context.cache.DefaultCacheAwareContextLoaderDelegate - Retrieved ApplicationContext [1134051859] from cache with key [[MergedContextConfiguration@485e13d7 testClass = JwtAuthenticatorTest, locations = '{}', classes = '{class org.waldreg.token.jwt.publisher.JwtTokenPublisher, class org.waldreg.token.jwt.authenticator.JwtAuthenticator, class org.waldreg.token.jwt.secret.Secret, class org.waldreg.util.token.DecryptedTokenContext}', contextInitializerClasses = '[]', activeProfiles = '{}', propertySourceLocations = '{}', propertySourceProperties = '{}', contextCustomizers = set[org.springframework.boot.test.autoconfigure.actuate.metrics.MetricsExportContextCustomizerFactory$DisableMetricExportContextCustomizer@3697186, org.springframework.boot.test.autoconfigure.properties.PropertyMappingContextCustomizer@0, org.springframework.boot.test.autoconfigure.web.servlet.WebDriverContextCustomizerFactory$Customizer@172b013, org.springframework.boot.test.context.filter.ExcludeFilterContextCustomizer@70f02c32, org.springframework.boot.test.json.DuplicateJsonObjectContextCustomizerFactory$DuplicateJsonObjectContextCustomizer@5b6ec132, org.springframework.boot.test.mock.mockito.MockitoContextCustomizer@e8facb0f], contextLoader = 'org.springframework.test.context.support.DelegatingSmartContextLoader', parent = [null]]]
23:36:55.623 [Test worker] DEBUG org.springframework.test.context.cache - Spring test ApplicationContext cache statistics: [DefaultContextCache@6a4ccef7 size = 2, maxSize = 32, parentContextCount = 0, hitCount = 138, missCount = 2]
23:36:55.623 [Test worker] DEBUG org.springframework.test.context.cache.DefaultCacheAwareContextLoaderDelegate - Retrieved ApplicationContext [1134051859] from cache with key [[MergedContextConfiguration@485e13d7 testClass = JwtAuthenticatorTest, locations = '{}', classes = '{class org.waldreg.token.jwt.publisher.JwtTokenPublisher, class org.waldreg.token.jwt.authenticator.JwtAuthenticator, class org.waldreg.token.jwt.secret.Secret, class org.waldreg.util.token.DecryptedTokenContext}', contextInitializerClasses = '[]', activeProfiles = '{}', propertySourceLocations = '{}', propertySourceProperties = '{}', contextCustomizers = set[org.springframework.boot.test.autoconfigure.actuate.metrics.MetricsExportContextCustomizerFactory$DisableMetricExportContextCustomizer@3697186, org.springframework.boot.test.autoconfigure.properties.PropertyMappingContextCustomizer@0, org.springframework.boot.test.autoconfigure.web.servlet.WebDriverContextCustomizerFactory$Customizer@172b013, org.springframework.boot.test.context.filter.ExcludeFilterContextCustomizer@70f02c32, org.springframework.boot.test.json.DuplicateJsonObjectContextCustomizerFactory$DuplicateJsonObjectContextCustomizer@5b6ec132, org.springframework.boot.test.mock.mockito.MockitoContextCustomizer@e8facb0f], contextLoader = 'org.springframework.test.context.support.DelegatingSmartContextLoader', parent = [null]]]
23:36:55.623 [Test worker] DEBUG org.springframework.test.context.cache - Spring test ApplicationContext cache statistics: [DefaultContextCache@6a4ccef7 size = 2, maxSize = 32, parentContextCount = 0, hitCount = 139, missCount = 2]
23:36:55.623 [Test worker] DEBUG org.springframework.test.context.cache.DefaultCacheAwareContextLoaderDelegate - Retrieved ApplicationContext [1134051859] from cache with key [[MergedContextConfiguration@485e13d7 testClass = JwtAuthenticatorTest, locations = '{}', classes = '{class org.waldreg.token.jwt.publisher.JwtTokenPublisher, class org.waldreg.token.jwt.authenticator.JwtAuthenticator, class org.waldreg.token.jwt.secret.Secret, class org.waldreg.util.token.DecryptedTokenContext}', contextInitializerClasses = '[]', activeProfiles = '{}', propertySourceLocations = '{}', propertySourceProperties = '{}', contextCustomizers = set[org.springframework.boot.test.autoconfigure.actuate.metrics.MetricsExportContextCustomizerFactory$DisableMetricExportContextCustomizer@3697186, org.springframework.boot.test.autoconfigure.properties.PropertyMappingContextCustomizer@0, org.springframework.boot.test.autoconfigure.web.servlet.WebDriverContextCustomizerFactory$Customizer@172b013, org.springframework.boot.test.context.filter.ExcludeFilterContextCustomizer@70f02c32, org.springframework.boot.test.json.DuplicateJsonObjectContextCustomizerFactory$DuplicateJsonObjectContextCustomizer@5b6ec132, org.springframework.boot.test.mock.mockito.MockitoContextCustomizer@e8facb0f], contextLoader = 'org.springframework.test.context.support.DelegatingSmartContextLoader', parent = [null]]]
23:36:55.623 [Test worker] DEBUG org.springframework.test.context.cache - Spring test ApplicationContext cache statistics: [DefaultContextCache@6a4ccef7 size = 2, maxSize = 32, parentContextCount = 0, hitCount = 140, missCount = 2]
23:36:55.623 [Test worker] DEBUG org.springframework.test.context.cache.DefaultCacheAwareContextLoaderDelegate - Retrieved ApplicationContext [1134051859] from cache with key [[MergedContextConfiguration@485e13d7 testClass = JwtAuthenticatorTest, locations = '{}', classes = '{class org.waldreg.token.jwt.publisher.JwtTokenPublisher, class org.waldreg.token.jwt.authenticator.JwtAuthenticator, class org.waldreg.token.jwt.secret.Secret, class org.waldreg.util.token.DecryptedTokenContext}', contextInitializerClasses = '[]', activeProfiles = '{}', propertySourceLocations = '{}', propertySourceProperties = '{}', contextCustomizers = set[org.springframework.boot.test.autoconfigure.actuate.metrics.MetricsExportContextCustomizerFactory$DisableMetricExportContextCustomizer@3697186, org.springframework.boot.test.autoconfigure.properties.PropertyMappingContextCustomizer@0, org.springframework.boot.test.autoconfigure.web.servlet.WebDriverContextCustomizerFactory$Customizer@172b013, org.springframework.boot.test.context.filter.ExcludeFilterContextCustomizer@70f02c32, org.springframework.boot.test.json.DuplicateJsonObjectContextCustomizerFactory$DuplicateJsonObjectContextCustomizer@5b6ec132, org.springframework.boot.test.mock.mockito.MockitoContextCustomizer@e8facb0f], contextLoader = 'org.springframework.test.context.support.DelegatingSmartContextLoader', parent = [null]]]
23:36:55.623 [Test worker] DEBUG org.springframework.test.context.cache - Spring test ApplicationContext cache statistics: [DefaultContextCache@6a4ccef7 size = 2, maxSize = 32, parentContextCount = 0, hitCount = 141, missCount = 2]
23:36:55.623 [Test worker] DEBUG org.springframework.test.context.cache.DefaultCacheAwareContextLoaderDelegate - Retrieved ApplicationContext [1134051859] from cache with key [[MergedContextConfiguration@485e13d7 testClass = JwtAuthenticatorTest, locations = '{}', classes = '{class org.waldreg.token.jwt.publisher.JwtTokenPublisher, class org.waldreg.token.jwt.authenticator.JwtAuthenticator, class org.waldreg.token.jwt.secret.Secret, class org.waldreg.util.token.DecryptedTokenContext}', contextInitializerClasses = '[]', activeProfiles = '{}', propertySourceLocations = '{}', propertySourceProperties = '{}', contextCustomizers = set[org.springframework.boot.test.autoconfigure.actuate.metrics.MetricsExportContextCustomizerFactory$DisableMetricExportContextCustomizer@3697186, org.springframework.boot.test.autoconfigure.properties.PropertyMappingContextCustomizer@0, org.springframework.boot.test.autoconfigure.web.servlet.WebDriverContextCustomizerFactory$Customizer@172b013, org.springframework.boot.test.context.filter.ExcludeFilterContextCustomizer@70f02c32, org.springframework.boot.test.json.DuplicateJsonObjectContextCustomizerFactory$DuplicateJsonObjectContextCustomizer@5b6ec132, org.springframework.boot.test.mock.mockito.MockitoContextCustomizer@e8facb0f], contextLoader = 'org.springframework.test.context.support.DelegatingSmartContextLoader', parent = [null]]]
23:36:55.623 [Test worker] DEBUG org.springframework.test.context.cache - Spring test ApplicationContext cache statistics: [DefaultContextCache@6a4ccef7 size = 2, maxSize = 32, parentContextCount = 0, hitCount = 142, missCount = 2]
23:36:55.623 [Test worker] DEBUG org.springframework.test.context.cache.DefaultCacheAwareContextLoaderDelegate - Retrieved ApplicationContext [1134051859] from cache with key [[MergedContextConfiguration@485e13d7 testClass = JwtAuthenticatorTest, locations = '{}', classes = '{class org.waldreg.token.jwt.publisher.JwtTokenPublisher, class org.waldreg.token.jwt.authenticator.JwtAuthenticator, class org.waldreg.token.jwt.secret.Secret, class org.waldreg.util.token.DecryptedTokenContext}', contextInitializerClasses = '[]', activeProfiles = '{}', propertySourceLocations = '{}', propertySourceProperties = '{}', contextCustomizers = set[org.springframework.boot.test.autoconfigure.actuate.metrics.MetricsExportContextCustomizerFactory$DisableMetricExportContextCustomizer@3697186, org.springframework.boot.test.autoconfigure.properties.PropertyMappingContextCustomizer@0, org.springframework.boot.test.autoconfigure.web.servlet.WebDriverContextCustomizerFactory$Customizer@172b013, org.springframework.boot.test.context.filter.ExcludeFilterContextCustomizer@70f02c32, org.springframework.boot.test.json.DuplicateJsonObjectContextCustomizerFactory$DuplicateJsonObjectContextCustomizer@5b6ec132, org.springframework.boot.test.mock.mockito.MockitoContextCustomizer@e8facb0f], contextLoader = 'org.springframework.test.context.support.DelegatingSmartContextLoader', parent = [null]]]
23:36:55.623 [Test worker] DEBUG org.springframework.test.context.cache - Spring test ApplicationContext cache statistics: [DefaultContextCache@6a4ccef7 size = 2, maxSize = 32, parentContextCount = 0, hitCount = 143, missCount = 2]
23:36:55.623 [Test worker] DEBUG org.springframework.test.context.support.AbstractDirtiesContextTestExecutionListener - After test method: context [DefaultTestContext@e11ecfa testClass = JwtAuthenticatorTest, testInstance = org.waldreg.token.authenticator.JwtAuthenticatorTest@2152ab30, testMethod = EXPIRED_JWT_TOKEN_TEST@JwtAuthenticatorTest, testException = [null], mergedContextConfiguration = [MergedContextConfiguration@485e13d7 testClass = JwtAuthenticatorTest, locations = '{}', classes = '{class org.waldreg.token.jwt.publisher.JwtTokenPublisher, class org.waldreg.token.jwt.authenticator.JwtAuthenticator, class org.waldreg.token.jwt.secret.Secret, class org.waldreg.util.token.DecryptedTokenContext}', contextInitializerClasses = '[]', activeProfiles = '{}', propertySourceLocations = '{}', propertySourceProperties = '{}', contextCustomizers = set[org.springframework.boot.test.autoconfigure.actuate.metrics.MetricsExportContextCustomizerFactory$DisableMetricExportContextCustomizer@3697186, org.springframework.boot.test.autoconfigure.properties.PropertyMappingContextCustomizer@0, org.springframework.boot.test.autoconfigure.web.servlet.WebDriverContextCustomizerFactory$Customizer@172b013, org.springframework.boot.test.context.filter.ExcludeFilterContextCustomizer@70f02c32, org.springframework.boot.test.json.DuplicateJsonObjectContextCustomizerFactory$DuplicateJsonObjectContextCustomizer@5b6ec132, org.springframework.boot.test.mock.mockito.MockitoContextCustomizer@e8facb0f], contextLoader = 'org.springframework.test.context.support.DelegatingSmartContextLoader', parent = [null]], attributes = map['org.springframework.test.context.event.ApplicationEventsTestExecutionListener.recordApplicationEvents' -> false]], class annotated with @DirtiesContext [false] with mode [null], method annotated with @DirtiesContext [false] with mode [null].
23:36:55.624 [Test worker] DEBUG org.springframework.test.context.cache.DefaultCacheAwareContextLoaderDelegate - Retrieved ApplicationContext [1134051859] from cache with key [[MergedContextConfiguration@485e13d7 testClass = JwtAuthenticatorTest, locations = '{}', classes = '{class org.waldreg.token.jwt.publisher.JwtTokenPublisher, class org.waldreg.token.jwt.authenticator.JwtAuthenticator, class org.waldreg.token.jwt.secret.Secret, class org.waldreg.util.token.DecryptedTokenContext}', contextInitializerClasses = '[]', activeProfiles = '{}', propertySourceLocations = '{}', propertySourceProperties = '{}', contextCustomizers = set[org.springframework.boot.test.autoconfigure.actuate.metrics.MetricsExportContextCustomizerFactory$DisableMetricExportContextCustomizer@3697186, org.springframework.boot.test.autoconfigure.properties.PropertyMappingContextCustomizer@0, org.springframework.boot.test.autoconfigure.web.servlet.WebDriverContextCustomizerFactory$Customizer@172b013, org.springframework.boot.test.context.filter.ExcludeFilterContextCustomizer@70f02c32, org.springframework.boot.test.json.DuplicateJsonObjectContextCustomizerFactory$DuplicateJsonObjectContextCustomizer@5b6ec132, org.springframework.boot.test.mock.mockito.MockitoContextCustomizer@e8facb0f], contextLoader = 'org.springframework.test.context.support.DelegatingSmartContextLoader', parent = [null]]]
23:36:55.624 [Test worker] DEBUG org.springframework.test.context.cache - Spring test ApplicationContext cache statistics: [DefaultContextCache@6a4ccef7 size = 2, maxSize = 32, parentContextCount = 0, hitCount = 144, missCount = 2]
23:36:55.624 [Test worker] DEBUG org.springframework.test.context.support.DependencyInjectionTestExecutionListener - Performing dependency injection for test context [[DefaultTestContext@e11ecfa testClass = JwtAuthenticatorTest, testInstance = org.waldreg.token.authenticator.JwtAuthenticatorTest@5974b7e8, testMethod = [null], testException = [null], mergedContextConfiguration = [MergedContextConfiguration@485e13d7 testClass = JwtAuthenticatorTest, locations = '{}', classes = '{class org.waldreg.token.jwt.publisher.JwtTokenPublisher, class org.waldreg.token.jwt.authenticator.JwtAuthenticator, class org.waldreg.token.jwt.secret.Secret, class org.waldreg.util.token.DecryptedTokenContext}', contextInitializerClasses = '[]', activeProfiles = '{}', propertySourceLocations = '{}', propertySourceProperties = '{}', contextCustomizers = set[org.springframework.boot.test.autoconfigure.actuate.metrics.MetricsExportContextCustomizerFactory$DisableMetricExportContextCustomizer@3697186, org.springframework.boot.test.autoconfigure.properties.PropertyMappingContextCustomizer@0, org.springframework.boot.test.autoconfigure.web.servlet.WebDriverContextCustomizerFactory$Customizer@172b013, org.springframework.boot.test.context.filter.ExcludeFilterContextCustomizer@70f02c32, org.springframework.boot.test.json.DuplicateJsonObjectContextCustomizerFactory$DuplicateJsonObjectContextCustomizer@5b6ec132, org.springframework.boot.test.mock.mockito.MockitoContextCustomizer@e8facb0f], contextLoader = 'org.springframework.test.context.support.DelegatingSmartContextLoader', parent = [null]], attributes = map['org.springframework.test.context.event.ApplicationEventsTestExecutionListener.recordApplicationEvents' -> false]]].
23:36:55.624 [Test worker] DEBUG org.springframework.test.context.cache.DefaultCacheAwareContextLoaderDelegate - Retrieved ApplicationContext [1134051859] from cache with key [[MergedContextConfiguration@485e13d7 testClass = JwtAuthenticatorTest, locations = '{}', classes = '{class org.waldreg.token.jwt.publisher.JwtTokenPublisher, class org.waldreg.token.jwt.authenticator.JwtAuthenticator, class org.waldreg.token.jwt.secret.Secret, class org.waldreg.util.token.DecryptedTokenContext}', contextInitializerClasses = '[]', activeProfiles = '{}', propertySourceLocations = '{}', propertySourceProperties = '{}', contextCustomizers = set[org.springframework.boot.test.autoconfigure.actuate.metrics.MetricsExportContextCustomizerFactory$DisableMetricExportContextCustomizer@3697186, org.springframework.boot.test.autoconfigure.properties.PropertyMappingContextCustomizer@0, org.springframework.boot.test.autoconfigure.web.servlet.WebDriverContextCustomizerFactory$Customizer@172b013, org.springframework.boot.test.context.filter.ExcludeFilterContextCustomizer@70f02c32, org.springframework.boot.test.json.DuplicateJsonObjectContextCustomizerFactory$DuplicateJsonObjectContextCustomizer@5b6ec132, org.springframework.boot.test.mock.mockito.MockitoContextCustomizer@e8facb0f], contextLoader = 'org.springframework.test.context.support.DelegatingSmartContextLoader', parent = [null]]]
23:36:55.624 [Test worker] DEBUG org.springframework.test.context.cache - Spring test ApplicationContext cache statistics: [DefaultContextCache@6a4ccef7 size = 2, maxSize = 32, parentContextCount = 0, hitCount = 145, missCount = 2]
23:36:55.624 [Test worker] DEBUG org.springframework.test.context.cache.DefaultCacheAwareContextLoaderDelegate - Retrieved ApplicationContext [1134051859] from cache with key [[MergedContextConfiguration@485e13d7 testClass = JwtAuthenticatorTest, locations = '{}', classes = '{class org.waldreg.token.jwt.publisher.JwtTokenPublisher, class org.waldreg.token.jwt.authenticator.JwtAuthenticator, class org.waldreg.token.jwt.secret.Secret, class org.waldreg.util.token.DecryptedTokenContext}', contextInitializerClasses = '[]', activeProfiles = '{}', propertySourceLocations = '{}', propertySourceProperties = '{}', contextCustomizers = set[org.springframework.boot.test.autoconfigure.actuate.metrics.MetricsExportContextCustomizerFactory$DisableMetricExportContextCustomizer@3697186, org.springframework.boot.test.autoconfigure.properties.PropertyMappingContextCustomizer@0, org.springframework.boot.test.autoconfigure.web.servlet.WebDriverContextCustomizerFactory$Customizer@172b013, org.springframework.boot.test.context.filter.ExcludeFilterContextCustomizer@70f02c32, org.springframework.boot.test.json.DuplicateJsonObjectContextCustomizerFactory$DuplicateJsonObjectContextCustomizer@5b6ec132, org.springframework.boot.test.mock.mockito.MockitoContextCustomizer@e8facb0f], contextLoader = 'org.springframework.test.context.support.DelegatingSmartContextLoader', parent = [null]]]
23:36:55.624 [Test worker] DEBUG org.springframework.test.context.cache - Spring test ApplicationContext cache statistics: [DefaultContextCache@6a4ccef7 size = 2, maxSize = 32, parentContextCount = 0, hitCount = 146, missCount = 2]
23:36:55.625 [Test worker] DEBUG org.springframework.test.context.support.AbstractDirtiesContextTestExecutionListener - Before test method: context [DefaultTestContext@e11ecfa testClass = JwtAuthenticatorTest, testInstance = org.waldreg.token.authenticator.JwtAuthenticatorTest@5974b7e8, testMethod = AUTHENTICATE_JWT_TOKEN_SUCCESS_TEST@JwtAuthenticatorTest, testException = [null], mergedContextConfiguration = [MergedContextConfiguration@485e13d7 testClass = JwtAuthenticatorTest, locations = '{}', classes = '{class org.waldreg.token.jwt.publisher.JwtTokenPublisher, class org.waldreg.token.jwt.authenticator.JwtAuthenticator, class org.waldreg.token.jwt.secret.Secret, class org.waldreg.util.token.DecryptedTokenContext}', contextInitializerClasses = '[]', activeProfiles = '{}', propertySourceLocations = '{}', propertySourceProperties = '{}', contextCustomizers = set[org.springframework.boot.test.autoconfigure.actuate.metrics.MetricsExportContextCustomizerFactory$DisableMetricExportContextCustomizer@3697186, org.springframework.boot.test.autoconfigure.properties.PropertyMappingContextCustomizer@0, org.springframework.boot.test.autoconfigure.web.servlet.WebDriverContextCustomizerFactory$Customizer@172b013, org.springframework.boot.test.context.filter.ExcludeFilterContextCustomizer@70f02c32, org.springframework.boot.test.json.DuplicateJsonObjectContextCustomizerFactory$DuplicateJsonObjectContextCustomizer@5b6ec132, org.springframework.boot.test.mock.mockito.MockitoContextCustomizer@e8facb0f], contextLoader = 'org.springframework.test.context.support.DelegatingSmartContextLoader', parent = [null]], attributes = map['org.springframework.test.context.event.ApplicationEventsTestExecutionListener.recordApplicationEvents' -> false]], class annotated with @DirtiesContext [false] with mode [null], method annotated with @DirtiesContext [false] with mode [null].
23:36:55.625 [Test worker] DEBUG org.springframework.test.context.cache.DefaultCacheAwareContextLoaderDelegate - Retrieved ApplicationContext [1134051859] from cache with key [[MergedContextConfiguration@485e13d7 testClass = JwtAuthenticatorTest, locations = '{}', classes = '{class org.waldreg.token.jwt.publisher.JwtTokenPublisher, class org.waldreg.token.jwt.authenticator.JwtAuthenticator, class org.waldreg.token.jwt.secret.Secret, class org.waldreg.util.token.DecryptedTokenContext}', contextInitializerClasses = '[]', activeProfiles = '{}', propertySourceLocations = '{}', propertySourceProperties = '{}', contextCustomizers = set[org.springframework.boot.test.autoconfigure.actuate.metrics.MetricsExportContextCustomizerFactory$DisableMetricExportContextCustomizer@3697186, org.springframework.boot.test.autoconfigure.properties.PropertyMappingContextCustomizer@0, org.springframework.boot.test.autoconfigure.web.servlet.WebDriverContextCustomizerFactory$Customizer@172b013, org.springframework.boot.test.context.filter.ExcludeFilterContextCustomizer@70f02c32, org.springframework.boot.test.json.DuplicateJsonObjectContextCustomizerFactory$DuplicateJsonObjectContextCustomizer@5b6ec132, org.springframework.boot.test.mock.mockito.MockitoContextCustomizer@e8facb0f], contextLoader = 'org.springframework.test.context.support.DelegatingSmartContextLoader', parent = [null]]]
23:36:55.625 [Test worker] DEBUG org.springframework.test.context.cache - Spring test ApplicationContext cache statistics: [DefaultContextCache@6a4ccef7 size = 2, maxSize = 32, parentContextCount = 0, hitCount = 147, missCount = 2]
23:36:55.625 [Test worker] DEBUG org.springframework.test.context.cache.DefaultCacheAwareContextLoaderDelegate - Retrieved ApplicationContext [1134051859] from cache with key [[MergedContextConfiguration@485e13d7 testClass = JwtAuthenticatorTest, locations = '{}', classes = '{class org.waldreg.token.jwt.publisher.JwtTokenPublisher, class org.waldreg.token.jwt.authenticator.JwtAuthenticator, class org.waldreg.token.jwt.secret.Secret, class org.waldreg.util.token.DecryptedTokenContext}', contextInitializerClasses = '[]', activeProfiles = '{}', propertySourceLocations = '{}', propertySourceProperties = '{}', contextCustomizers = set[org.springframework.boot.test.autoconfigure.actuate.metrics.MetricsExportContextCustomizerFactory$DisableMetricExportContextCustomizer@3697186, org.springframework.boot.test.autoconfigure.properties.PropertyMappingContextCustomizer@0, org.springframework.boot.test.autoconfigure.web.servlet.WebDriverContextCustomizerFactory$Customizer@172b013, org.springframework.boot.test.context.filter.ExcludeFilterContextCustomizer@70f02c32, org.springframework.boot.test.json.DuplicateJsonObjectContextCustomizerFactory$DuplicateJsonObjectContextCustomizer@5b6ec132, org.springframework.boot.test.mock.mockito.MockitoContextCustomizer@e8facb0f], contextLoader = 'org.springframework.test.context.support.DelegatingSmartContextLoader', parent = [null]]]
23:36:55.625 [Test worker] DEBUG org.springframework.test.context.cache - Spring test ApplicationContext cache statistics: [DefaultContextCache@6a4ccef7 size = 2, maxSize = 32, parentContextCount = 0, hitCount = 148, missCount = 2]
23:36:55.625 [Test worker] DEBUG org.springframework.test.context.cache.DefaultCacheAwareContextLoaderDelegate - Retrieved ApplicationContext [1134051859] from cache with key [[MergedContextConfiguration@485e13d7 testClass = JwtAuthenticatorTest, locations = '{}', classes = '{class org.waldreg.token.jwt.publisher.JwtTokenPublisher, class org.waldreg.token.jwt.authenticator.JwtAuthenticator, class org.waldreg.token.jwt.secret.Secret, class org.waldreg.util.token.DecryptedTokenContext}', contextInitializerClasses = '[]', activeProfiles = '{}', propertySourceLocations = '{}', propertySourceProperties = '{}', contextCustomizers = set[org.springframework.boot.test.autoconfigure.actuate.metrics.MetricsExportContextCustomizerFactory$DisableMetricExportContextCustomizer@3697186, org.springframework.boot.test.autoconfigure.properties.PropertyMappingContextCustomizer@0, org.springframework.boot.test.autoconfigure.web.servlet.WebDriverContextCustomizerFactory$Customizer@172b013, org.springframework.boot.test.context.filter.ExcludeFilterContextCustomizer@70f02c32, org.springframework.boot.test.json.DuplicateJsonObjectContextCustomizerFactory$DuplicateJsonObjectContextCustomizer@5b6ec132, org.springframework.boot.test.mock.mockito.MockitoContextCustomizer@e8facb0f], contextLoader = 'org.springframework.test.context.support.DelegatingSmartContextLoader', parent = [null]]]
23:36:55.626 [Test worker] DEBUG org.springframework.test.context.cache - Spring test ApplicationContext cache statistics: [DefaultContextCache@6a4ccef7 size = 2, maxSize = 32, parentContextCount = 0, hitCount = 149, missCount = 2]
23:36:55.628 [Test worker] DEBUG org.springframework.test.context.cache.DefaultCacheAwareContextLoaderDelegate - Retrieved ApplicationContext [1134051859] from cache with key [[MergedContextConfiguration@485e13d7 testClass = JwtAuthenticatorTest, locations = '{}', classes = '{class org.waldreg.token.jwt.publisher.JwtTokenPublisher, class org.waldreg.token.jwt.authenticator.JwtAuthenticator, class org.waldreg.token.jwt.secret.Secret, class org.waldreg.util.token.DecryptedTokenContext}', contextInitializerClasses = '[]', activeProfiles = '{}', propertySourceLocations = '{}', propertySourceProperties = '{}', contextCustomizers = set[org.springframework.boot.test.autoconfigure.actuate.metrics.MetricsExportContextCustomizerFactory$DisableMetricExportContextCustomizer@3697186, org.springframework.boot.test.autoconfigure.properties.PropertyMappingContextCustomizer@0, org.springframework.boot.test.autoconfigure.web.servlet.WebDriverContextCustomizerFactory$Customizer@172b013, org.springframework.boot.test.context.filter.ExcludeFilterContextCustomizer@70f02c32, org.springframework.boot.test.json.DuplicateJsonObjectContextCustomizerFactory$DuplicateJsonObjectContextCustomizer@5b6ec132, org.springframework.boot.test.mock.mockito.MockitoContextCustomizer@e8facb0f], contextLoader = 'org.springframework.test.context.support.DelegatingSmartContextLoader', parent = [null]]]
23:36:55.628 [Test worker] DEBUG org.springframework.test.context.cache - Spring test ApplicationContext cache statistics: [DefaultContextCache@6a4ccef7 size = 2, maxSize = 32, parentContextCount = 0, hitCount = 150, missCount = 2]
23:36:55.628 [Test worker] DEBUG org.springframework.test.context.cache.DefaultCacheAwareContextLoaderDelegate - Retrieved ApplicationContext [1134051859] from cache with key [[MergedContextConfiguration@485e13d7 testClass = JwtAuthenticatorTest, locations = '{}', classes = '{class org.waldreg.token.jwt.publisher.JwtTokenPublisher, class org.waldreg.token.jwt.authenticator.JwtAuthenticator, class org.waldreg.token.jwt.secret.Secret, class org.waldreg.util.token.DecryptedTokenContext}', contextInitializerClasses = '[]', activeProfiles = '{}', propertySourceLocations = '{}', propertySourceProperties = '{}', contextCustomizers = set[org.springframework.boot.test.autoconfigure.actuate.metrics.MetricsExportContextCustomizerFactory$DisableMetricExportContextCustomizer@3697186, org.springframework.boot.test.autoconfigure.properties.PropertyMappingContextCustomizer@0, org.springframework.boot.test.autoconfigure.web.servlet.WebDriverContextCustomizerFactory$Customizer@172b013, org.springframework.boot.test.context.filter.ExcludeFilterContextCustomizer@70f02c32, org.springframework.boot.test.json.DuplicateJsonObjectContextCustomizerFactory$DuplicateJsonObjectContextCustomizer@5b6ec132, org.springframework.boot.test.mock.mockito.MockitoContextCustomizer@e8facb0f], contextLoader = 'org.springframework.test.context.support.DelegatingSmartContextLoader', parent = [null]]]
23:36:55.628 [Test worker] DEBUG org.springframework.test.context.cache - Spring test ApplicationContext cache statistics: [DefaultContextCache@6a4ccef7 size = 2, maxSize = 32, parentContextCount = 0, hitCount = 151, missCount = 2]
23:36:55.628 [Test worker] DEBUG org.springframework.test.context.cache.DefaultCacheAwareContextLoaderDelegate - Retrieved ApplicationContext [1134051859] from cache with key [[MergedContextConfiguration@485e13d7 testClass = JwtAuthenticatorTest, locations = '{}', classes = '{class org.waldreg.token.jwt.publisher.JwtTokenPublisher, class org.waldreg.token.jwt.authenticator.JwtAuthenticator, class org.waldreg.token.jwt.secret.Secret, class org.waldreg.util.token.DecryptedTokenContext}', contextInitializerClasses = '[]', activeProfiles = '{}', propertySourceLocations = '{}', propertySourceProperties = '{}', contextCustomizers = set[org.springframework.boot.test.autoconfigure.actuate.metrics.MetricsExportContextCustomizerFactory$DisableMetricExportContextCustomizer@3697186, org.springframework.boot.test.autoconfigure.properties.PropertyMappingContextCustomizer@0, org.springframework.boot.test.autoconfigure.web.servlet.WebDriverContextCustomizerFactory$Customizer@172b013, org.springframework.boot.test.context.filter.ExcludeFilterContextCustomizer@70f02c32, org.springframework.boot.test.json.DuplicateJsonObjectContextCustomizerFactory$DuplicateJsonObjectContextCustomizer@5b6ec132, org.springframework.boot.test.mock.mockito.MockitoContextCustomizer@e8facb0f], contextLoader = 'org.springframework.test.context.support.DelegatingSmartContextLoader', parent = [null]]]
23:36:55.628 [Test worker] DEBUG org.springframework.test.context.cache - Spring test ApplicationContext cache statistics: [DefaultContextCache@6a4ccef7 size = 2, maxSize = 32, parentContextCount = 0, hitCount = 152, missCount = 2]
23:36:55.628 [Test worker] DEBUG org.springframework.test.context.cache.DefaultCacheAwareContextLoaderDelegate - Retrieved ApplicationContext [1134051859] from cache with key [[MergedContextConfiguration@485e13d7 testClass = JwtAuthenticatorTest, locations = '{}', classes = '{class org.waldreg.token.jwt.publisher.JwtTokenPublisher, class org.waldreg.token.jwt.authenticator.JwtAuthenticator, class org.waldreg.token.jwt.secret.Secret, class org.waldreg.util.token.DecryptedTokenContext}', contextInitializerClasses = '[]', activeProfiles = '{}', propertySourceLocations = '{}', propertySourceProperties = '{}', contextCustomizers = set[org.springframework.boot.test.autoconfigure.actuate.metrics.MetricsExportContextCustomizerFactory$DisableMetricExportContextCustomizer@3697186, org.springframework.boot.test.autoconfigure.properties.PropertyMappingContextCustomizer@0, org.springframework.boot.test.autoconfigure.web.servlet.WebDriverContextCustomizerFactory$Customizer@172b013, org.springframework.boot.test.context.filter.ExcludeFilterContextCustomizer@70f02c32, org.springframework.boot.test.json.DuplicateJsonObjectContextCustomizerFactory$DuplicateJsonObjectContextCustomizer@5b6ec132, org.springframework.boot.test.mock.mockito.MockitoContextCustomizer@e8facb0f], contextLoader = 'org.springframework.test.context.support.DelegatingSmartContextLoader', parent = [null]]]
23:36:55.628 [Test worker] DEBUG org.springframework.test.context.cache - Spring test ApplicationContext cache statistics: [DefaultContextCache@6a4ccef7 size = 2, maxSize = 32, parentContextCount = 0, hitCount = 153, missCount = 2]
23:36:55.628 [Test worker] DEBUG org.springframework.test.context.cache.DefaultCacheAwareContextLoaderDelegate - Retrieved ApplicationContext [1134051859] from cache with key [[MergedContextConfiguration@485e13d7 testClass = JwtAuthenticatorTest, locations = '{}', classes = '{class org.waldreg.token.jwt.publisher.JwtTokenPublisher, class org.waldreg.token.jwt.authenticator.JwtAuthenticator, class org.waldreg.token.jwt.secret.Secret, class org.waldreg.util.token.DecryptedTokenContext}', contextInitializerClasses = '[]', activeProfiles = '{}', propertySourceLocations = '{}', propertySourceProperties = '{}', contextCustomizers = set[org.springframework.boot.test.autoconfigure.actuate.metrics.MetricsExportContextCustomizerFactory$DisableMetricExportContextCustomizer@3697186, org.springframework.boot.test.autoconfigure.properties.PropertyMappingContextCustomizer@0, org.springframework.boot.test.autoconfigure.web.servlet.WebDriverContextCustomizerFactory$Customizer@172b013, org.springframework.boot.test.context.filter.ExcludeFilterContextCustomizer@70f02c32, org.springframework.boot.test.json.DuplicateJsonObjectContextCustomizerFactory$DuplicateJsonObjectContextCustomizer@5b6ec132, org.springframework.boot.test.mock.mockito.MockitoContextCustomizer@e8facb0f], contextLoader = 'org.springframework.test.context.support.DelegatingSmartContextLoader', parent = [null]]]
23:36:55.628 [Test worker] DEBUG org.springframework.test.context.cache - Spring test ApplicationContext cache statistics: [DefaultContextCache@6a4ccef7 size = 2, maxSize = 32, parentContextCount = 0, hitCount = 154, missCount = 2]
23:36:55.628 [Test worker] DEBUG org.springframework.test.context.cache.DefaultCacheAwareContextLoaderDelegate - Retrieved ApplicationContext [1134051859] from cache with key [[MergedContextConfiguration@485e13d7 testClass = JwtAuthenticatorTest, locations = '{}', classes = '{class org.waldreg.token.jwt.publisher.JwtTokenPublisher, class org.waldreg.token.jwt.authenticator.JwtAuthenticator, class org.waldreg.token.jwt.secret.Secret, class org.waldreg.util.token.DecryptedTokenContext}', contextInitializerClasses = '[]', activeProfiles = '{}', propertySourceLocations = '{}', propertySourceProperties = '{}', contextCustomizers = set[org.springframework.boot.test.autoconfigure.actuate.metrics.MetricsExportContextCustomizerFactory$DisableMetricExportContextCustomizer@3697186, org.springframework.boot.test.autoconfigure.properties.PropertyMappingContextCustomizer@0, org.springframework.boot.test.autoconfigure.web.servlet.WebDriverContextCustomizerFactory$Customizer@172b013, org.springframework.boot.test.context.filter.ExcludeFilterContextCustomizer@70f02c32, org.springframework.boot.test.json.DuplicateJsonObjectContextCustomizerFactory$DuplicateJsonObjectContextCustomizer@5b6ec132, org.springframework.boot.test.mock.mockito.MockitoContextCustomizer@e8facb0f], contextLoader = 'org.springframework.test.context.support.DelegatingSmartContextLoader', parent = [null]]]
23:36:55.628 [Test worker] DEBUG org.springframework.test.context.cache - Spring test ApplicationContext cache statistics: [DefaultContextCache@6a4ccef7 size = 2, maxSize = 32, parentContextCount = 0, hitCount = 155, missCount = 2]
23:36:55.628 [Test worker] DEBUG org.springframework.test.context.support.AbstractDirtiesContextTestExecutionListener - After test method: context [DefaultTestContext@e11ecfa testClass = JwtAuthenticatorTest, testInstance = org.waldreg.token.authenticator.JwtAuthenticatorTest@5974b7e8, testMethod = AUTHENTICATE_JWT_TOKEN_SUCCESS_TEST@JwtAuthenticatorTest, testException = [null], mergedContextConfiguration = [MergedContextConfiguration@485e13d7 testClass = JwtAuthenticatorTest, locations = '{}', classes = '{class org.waldreg.token.jwt.publisher.JwtTokenPublisher, class org.waldreg.token.jwt.authenticator.JwtAuthenticator, class org.waldreg.token.jwt.secret.Secret, class org.waldreg.util.token.DecryptedTokenContext}', contextInitializerClasses = '[]', activeProfiles = '{}', propertySourceLocations = '{}', propertySourceProperties = '{}', contextCustomizers = set[org.springframework.boot.test.autoconfigure.actuate.metrics.MetricsExportContextCustomizerFactory$DisableMetricExportContextCustomizer@3697186, org.springframework.boot.test.autoconfigure.properties.PropertyMappingContextCustomizer@0, org.springframework.boot.test.autoconfigure.web.servlet.WebDriverContextCustomizerFactory$Customizer@172b013, org.springframework.boot.test.context.filter.ExcludeFilterContextCustomizer@70f02c32, org.springframework.boot.test.json.DuplicateJsonObjectContextCustomizerFactory$DuplicateJsonObjectContextCustomizer@5b6ec132, org.springframework.boot.test.mock.mockito.MockitoContextCustomizer@e8facb0f], contextLoader = 'org.springframework.test.context.support.DelegatingSmartContextLoader', parent = [null]], attributes = map['org.springframework.test.context.event.ApplicationEventsTestExecutionListener.recordApplicationEvents' -> false]], class annotated with @DirtiesContext [false] with mode [null], method annotated with @DirtiesContext [false] with mode [null].
23:36:55.629 [Test worker] DEBUG org.springframework.test.context.cache.DefaultCacheAwareContextLoaderDelegate - Retrieved ApplicationContext [1134051859] from cache with key [[MergedContextConfiguration@485e13d7 testClass = JwtAuthenticatorTest, locations = '{}', classes = '{class org.waldreg.token.jwt.publisher.JwtTokenPublisher, class org.waldreg.token.jwt.authenticator.JwtAuthenticator, class org.waldreg.token.jwt.secret.Secret, class org.waldreg.util.token.DecryptedTokenContext}', contextInitializerClasses = '[]', activeProfiles = '{}', propertySourceLocations = '{}', propertySourceProperties = '{}', contextCustomizers = set[org.springframework.boot.test.autoconfigure.actuate.metrics.MetricsExportContextCustomizerFactory$DisableMetricExportContextCustomizer@3697186, org.springframework.boot.test.autoconfigure.properties.PropertyMappingContextCustomizer@0, org.springframework.boot.test.autoconfigure.web.servlet.WebDriverContextCustomizerFactory$Customizer@172b013, org.springframework.boot.test.context.filter.ExcludeFilterContextCustomizer@70f02c32, org.springframework.boot.test.json.DuplicateJsonObjectContextCustomizerFactory$DuplicateJsonObjectContextCustomizer@5b6ec132, org.springframework.boot.test.mock.mockito.MockitoContextCustomizer@e8facb0f], contextLoader = 'org.springframework.test.context.support.DelegatingSmartContextLoader', parent = [null]]]
23:36:55.629 [Test worker] DEBUG org.springframework.test.context.cache - Spring test ApplicationContext cache statistics: [DefaultContextCache@6a4ccef7 size = 2, maxSize = 32, parentContextCount = 0, hitCount = 156, missCount = 2]
23:36:55.629 [Test worker] DEBUG org.springframework.test.context.support.AbstractDirtiesContextTestExecutionListener - After test class: context [DefaultTestContext@e11ecfa testClass = JwtAuthenticatorTest, testInstance = [null], testMethod = [null], testException = [null], mergedContextConfiguration = [MergedContextConfiguration@485e13d7 testClass = JwtAuthenticatorTest, locations = '{}', classes = '{class org.waldreg.token.jwt.publisher.JwtTokenPublisher, class org.waldreg.token.jwt.authenticator.JwtAuthenticator, class org.waldreg.token.jwt.secret.Secret, class org.waldreg.util.token.DecryptedTokenContext}', contextInitializerClasses = '[]', activeProfiles = '{}', propertySourceLocations = '{}', propertySourceProperties = '{}', contextCustomizers = set[org.springframework.boot.test.autoconfigure.actuate.metrics.MetricsExportContextCustomizerFactory$DisableMetricExportContextCustomizer@3697186, org.springframework.boot.test.autoconfigure.properties.PropertyMappingContextCustomizer@0, org.springframework.boot.test.autoconfigure.web.servlet.WebDriverContextCustomizerFactory$Customizer@172b013, org.springframework.boot.test.context.filter.ExcludeFilterContextCustomizer@70f02c32, org.springframework.boot.test.json.DuplicateJsonObjectContextCustomizerFactory$DuplicateJsonObjectContextCustomizer@5b6ec132, org.springframework.boot.test.mock.mockito.MockitoContextCustomizer@e8facb0f], contextLoader = 'org.springframework.test.context.support.DelegatingSmartContextLoader', parent = [null]], attributes = map['org.springframework.test.context.event.ApplicationEventsTestExecutionListener.recordApplicationEvents' -> false]], class annotated with @DirtiesContext [false] with mode [null].
]]></system-out>
  <system-err><![CDATA[]]></system-err>
</testsuite>
