<?xml version="1.0" encoding="UTF-8"?>
<testsuite name="org.waldreg.token.authenticator.JwtAuthenticatorTest" tests="1" skipped="0" failures="0" errors="0" timestamp="2023-01-15T08:05:00" hostname="hwangseonghaui-MacBookPro.local" time="0.588">
  <properties/>
  <testcase name="jwt 토큰 인증 성공" classname="org.waldreg.token.authenticator.JwtAuthenticatorTest" time="0.588"/>
  <system-out><![CDATA[17:05:00.020 [Test worker] DEBUG org.springframework.test.context.BootstrapUtils - Instantiating CacheAwareContextLoaderDelegate from class [org.springframework.test.context.cache.DefaultCacheAwareContextLoaderDelegate]
17:05:00.030 [Test worker] DEBUG org.springframework.test.context.BootstrapUtils - Instantiating BootstrapContext using constructor [public org.springframework.test.context.support.DefaultBootstrapContext(java.lang.Class,org.springframework.test.context.CacheAwareContextLoaderDelegate)]
17:05:00.052 [Test worker] DEBUG org.springframework.test.context.BootstrapUtils - Instantiating TestContextBootstrapper for test class [org.waldreg.token.authenticator.JwtAuthenticatorTest] from class [org.springframework.test.context.support.DefaultTestContextBootstrapper]
17:05:00.073 [Test worker] DEBUG org.springframework.test.context.support.AbstractDelegatingSmartContextLoader - Delegating to AnnotationConfigContextLoader to process context configuration [ContextConfigurationAttributes@282cb7c7 declaringClass = 'org.waldreg.token.authenticator.JwtAuthenticatorTest', classes = '{class org.waldreg.token.jwt.publisher.JwtTokenPublisher, class org.waldreg.token.jwt.authenticator.JwtAuthenticator, class org.waldreg.token.jwt.secret.Secret}', locations = '{}', inheritLocations = true, initializers = '{}', inheritInitializers = true, name = [null], contextLoaderClass = 'org.springframework.test.context.ContextLoader'].
17:05:00.106 [Test worker] DEBUG org.springframework.test.context.support.ActiveProfilesUtils - Could not find an 'annotation declaring class' for annotation type [org.springframework.test.context.ActiveProfiles] and class [org.waldreg.token.authenticator.JwtAuthenticatorTest]
17:05:00.107 [Test worker] DEBUG org.springframework.test.context.support.DefaultTestContextBootstrapper - @TestExecutionListeners is not present for class [org.waldreg.token.authenticator.JwtAuthenticatorTest]: using defaults.
17:05:00.107 [Test worker] INFO org.springframework.test.context.support.DefaultTestContextBootstrapper - Loaded default TestExecutionListener class names from location [META-INF/spring.factories]: [org.springframework.boot.test.autoconfigure.restdocs.RestDocsTestExecutionListener, org.springframework.boot.test.autoconfigure.web.client.MockRestServiceServerResetTestExecutionListener, org.springframework.boot.test.autoconfigure.web.servlet.MockMvcPrintOnlyOnFailureTestExecutionListener, org.springframework.boot.test.autoconfigure.web.servlet.WebDriverTestExecutionListener, org.springframework.boot.test.autoconfigure.webservices.client.MockWebServiceServerTestExecutionListener, org.springframework.boot.test.mock.mockito.MockitoTestExecutionListener, org.springframework.boot.test.mock.mockito.ResetMocksTestExecutionListener, org.springframework.test.context.web.ServletTestExecutionListener, org.springframework.test.context.support.DirtiesContextBeforeModesTestExecutionListener, org.springframework.test.context.event.ApplicationEventsTestExecutionListener, org.springframework.test.context.support.DependencyInjectionTestExecutionListener, org.springframework.test.context.support.DirtiesContextTestExecutionListener, org.springframework.test.context.transaction.TransactionalTestExecutionListener, org.springframework.test.context.jdbc.SqlScriptsTestExecutionListener, org.springframework.test.context.event.EventPublishingTestExecutionListener]
17:05:00.116 [Test worker] DEBUG org.springframework.test.context.support.DefaultTestContextBootstrapper - Skipping candidate TestExecutionListener [org.springframework.test.context.transaction.TransactionalTestExecutionListener] due to a missing dependency. Specify custom listener classes or make the default listener classes and their required dependencies available. Offending class: [org/springframework/transaction/interceptor/TransactionAttributeSource]
17:05:00.117 [Test worker] DEBUG org.springframework.test.context.support.DefaultTestContextBootstrapper - Skipping candidate TestExecutionListener [org.springframework.test.context.jdbc.SqlScriptsTestExecutionListener] due to a missing dependency. Specify custom listener classes or make the default listener classes and their required dependencies available. Offending class: [org/springframework/transaction/interceptor/TransactionAttribute]
17:05:00.117 [Test worker] INFO org.springframework.test.context.support.DefaultTestContextBootstrapper - Using TestExecutionListeners: [org.springframework.test.context.web.ServletTestExecutionListener@53941c2f, org.springframework.test.context.support.DirtiesContextBeforeModesTestExecutionListener@6dab9b6d, org.springframework.test.context.event.ApplicationEventsTestExecutionListener@21fd5faa, org.springframework.boot.test.mock.mockito.MockitoTestExecutionListener@2766ca9d, org.springframework.test.context.support.DependencyInjectionTestExecutionListener@5460cf3a, org.springframework.test.context.support.DirtiesContextTestExecutionListener@65a15628, org.springframework.test.context.event.EventPublishingTestExecutionListener@2e6a5539, org.springframework.boot.test.autoconfigure.restdocs.RestDocsTestExecutionListener@3fc9504b, org.springframework.boot.test.autoconfigure.web.client.MockRestServiceServerResetTestExecutionListener@6d025197, org.springframework.boot.test.autoconfigure.web.servlet.MockMvcPrintOnlyOnFailureTestExecutionListener@27d4a09, org.springframework.boot.test.autoconfigure.web.servlet.WebDriverTestExecutionListener@7e4204e2, org.springframework.boot.test.autoconfigure.webservices.client.MockWebServiceServerTestExecutionListener@b7c4869, org.springframework.boot.test.mock.mockito.ResetMocksTestExecutionListener@740d2e78]
17:05:00.118 [Test worker] DEBUG org.springframework.test.context.support.AbstractDirtiesContextTestExecutionListener - Before test class: context [DefaultTestContext@32a68f4f testClass = JwtAuthenticatorTest, testInstance = [null], testMethod = [null], testException = [null], mergedContextConfiguration = [MergedContextConfiguration@73194df testClass = JwtAuthenticatorTest, locations = '{}', classes = '{class org.waldreg.token.jwt.publisher.JwtTokenPublisher, class org.waldreg.token.jwt.authenticator.JwtAuthenticator, class org.waldreg.token.jwt.secret.Secret}', contextInitializerClasses = '[]', activeProfiles = '{}', propertySourceLocations = '{}', propertySourceProperties = '{}', contextCustomizers = set[org.springframework.boot.test.autoconfigure.actuate.metrics.MetricsExportContextCustomizerFactory$DisableMetricExportContextCustomizer@1b75c2e3, org.springframework.boot.test.autoconfigure.properties.PropertyMappingContextCustomizer@0, org.springframework.boot.test.autoconfigure.web.servlet.WebDriverContextCustomizerFactory$Customizer@132e0cc, org.springframework.boot.test.context.filter.ExcludeFilterContextCustomizer@15713d56, org.springframework.boot.test.json.DuplicateJsonObjectContextCustomizerFactory$DuplicateJsonObjectContextCustomizer@d41f816, org.springframework.boot.test.mock.mockito.MockitoContextCustomizer@0], contextLoader = 'org.springframework.test.context.support.DelegatingSmartContextLoader', parent = [null]], attributes = map[[empty]]], class annotated with @DirtiesContext [false] with mode [null].
17:05:00.127 [Test worker] DEBUG org.springframework.test.context.support.DependencyInjectionTestExecutionListener - Performing dependency injection for test context [[DefaultTestContext@32a68f4f testClass = JwtAuthenticatorTest, testInstance = org.waldreg.token.authenticator.JwtAuthenticatorTest@6f3c660a, testMethod = [null], testException = [null], mergedContextConfiguration = [MergedContextConfiguration@73194df testClass = JwtAuthenticatorTest, locations = '{}', classes = '{class org.waldreg.token.jwt.publisher.JwtTokenPublisher, class org.waldreg.token.jwt.authenticator.JwtAuthenticator, class org.waldreg.token.jwt.secret.Secret}', contextInitializerClasses = '[]', activeProfiles = '{}', propertySourceLocations = '{}', propertySourceProperties = '{}', contextCustomizers = set[org.springframework.boot.test.autoconfigure.actuate.metrics.MetricsExportContextCustomizerFactory$DisableMetricExportContextCustomizer@1b75c2e3, org.springframework.boot.test.autoconfigure.properties.PropertyMappingContextCustomizer@0, org.springframework.boot.test.autoconfigure.web.servlet.WebDriverContextCustomizerFactory$Customizer@132e0cc, org.springframework.boot.test.context.filter.ExcludeFilterContextCustomizer@15713d56, org.springframework.boot.test.json.DuplicateJsonObjectContextCustomizerFactory$DuplicateJsonObjectContextCustomizer@d41f816, org.springframework.boot.test.mock.mockito.MockitoContextCustomizer@0], contextLoader = 'org.springframework.test.context.support.DelegatingSmartContextLoader', parent = [null]], attributes = map['org.springframework.test.context.event.ApplicationEventsTestExecutionListener.recordApplicationEvents' -> false]]].
17:05:00.128 [Test worker] DEBUG org.springframework.test.context.support.AbstractDelegatingSmartContextLoader - Delegating to AnnotationConfigContextLoader to load context from [MergedContextConfiguration@73194df testClass = JwtAuthenticatorTest, locations = '{}', classes = '{class org.waldreg.token.jwt.publisher.JwtTokenPublisher, class org.waldreg.token.jwt.authenticator.JwtAuthenticator, class org.waldreg.token.jwt.secret.Secret}', contextInitializerClasses = '[]', activeProfiles = '{}', propertySourceLocations = '{}', propertySourceProperties = '{}', contextCustomizers = set[org.springframework.boot.test.autoconfigure.actuate.metrics.MetricsExportContextCustomizerFactory$DisableMetricExportContextCustomizer@1b75c2e3, org.springframework.boot.test.autoconfigure.properties.PropertyMappingContextCustomizer@0, org.springframework.boot.test.autoconfigure.web.servlet.WebDriverContextCustomizerFactory$Customizer@132e0cc, org.springframework.boot.test.context.filter.ExcludeFilterContextCustomizer@15713d56, org.springframework.boot.test.json.DuplicateJsonObjectContextCustomizerFactory$DuplicateJsonObjectContextCustomizer@d41f816, org.springframework.boot.test.mock.mockito.MockitoContextCustomizer@0], contextLoader = 'org.springframework.test.context.support.DelegatingSmartContextLoader', parent = [null]].
17:05:00.128 [Test worker] DEBUG org.springframework.test.context.support.AbstractGenericContextLoader - Loading ApplicationContext for merged context configuration [[MergedContextConfiguration@73194df testClass = JwtAuthenticatorTest, locations = '{}', classes = '{class org.waldreg.token.jwt.publisher.JwtTokenPublisher, class org.waldreg.token.jwt.authenticator.JwtAuthenticator, class org.waldreg.token.jwt.secret.Secret}', contextInitializerClasses = '[]', activeProfiles = '{}', propertySourceLocations = '{}', propertySourceProperties = '{}', contextCustomizers = set[org.springframework.boot.test.autoconfigure.actuate.metrics.MetricsExportContextCustomizerFactory$DisableMetricExportContextCustomizer@1b75c2e3, org.springframework.boot.test.autoconfigure.properties.PropertyMappingContextCustomizer@0, org.springframework.boot.test.autoconfigure.web.servlet.WebDriverContextCustomizerFactory$Customizer@132e0cc, org.springframework.boot.test.context.filter.ExcludeFilterContextCustomizer@15713d56, org.springframework.boot.test.json.DuplicateJsonObjectContextCustomizerFactory$DuplicateJsonObjectContextCustomizer@d41f816, org.springframework.boot.test.mock.mockito.MockitoContextCustomizer@0], contextLoader = 'org.springframework.test.context.support.DelegatingSmartContextLoader', parent = [null]]].
17:05:00.159 [Test worker] DEBUG org.springframework.core.env.StandardEnvironment - Activating profiles []
17:05:00.159 [Test worker] DEBUG org.springframework.test.context.support.AnnotationConfigContextLoader - Registering component classes: {class org.waldreg.token.jwt.publisher.JwtTokenPublisher, class org.waldreg.token.jwt.authenticator.JwtAuthenticator, class org.waldreg.token.jwt.secret.Secret}
17:05:00.193 [Test worker] DEBUG org.springframework.context.support.GenericApplicationContext - Refreshing org.springframework.context.support.GenericApplicationContext@4f1bfe23
17:05:00.205 [Test worker] DEBUG org.springframework.beans.factory.support.DefaultListableBeanFactory - Creating shared instance of singleton bean 'org.springframework.context.annotation.internalConfigurationAnnotationProcessor'
17:05:00.233 [Test worker] DEBUG org.springframework.beans.factory.support.DefaultListableBeanFactory - Creating shared instance of singleton bean 'org.springframework.boot.test.mock.mockito.MockitoPostProcessor'
17:05:00.248 [Test worker] DEBUG org.springframework.beans.factory.support.DefaultListableBeanFactory - Creating shared instance of singleton bean 'org.springframework.context.event.internalEventListenerProcessor'
17:05:00.249 [Test worker] DEBUG org.springframework.beans.factory.support.DefaultListableBeanFactory - Creating shared instance of singleton bean 'org.springframework.context.event.internalEventListenerFactory'
17:05:00.250 [Test worker] DEBUG org.springframework.beans.factory.support.DefaultListableBeanFactory - Creating shared instance of singleton bean 'org.springframework.context.annotation.internalAutowiredAnnotationProcessor'
17:05:00.251 [Test worker] DEBUG org.springframework.beans.factory.support.DefaultListableBeanFactory - Creating shared instance of singleton bean 'org.springframework.context.annotation.internalCommonAnnotationProcessor'
17:05:00.255 [Test worker] DEBUG org.springframework.beans.factory.support.DefaultListableBeanFactory - Creating shared instance of singleton bean 'org.springframework.boot.test.mock.mockito.MockitoPostProcessor$SpyPostProcessor'
17:05:00.267 [Test worker] DEBUG org.springframework.beans.factory.support.DefaultListableBeanFactory - Creating shared instance of singleton bean 'jwtTokenPublisher'
17:05:00.279 [Test worker] DEBUG org.springframework.beans.factory.support.DefaultListableBeanFactory - Creating shared instance of singleton bean 'secret'
17:05:00.326 [Test worker] DEBUG org.springframework.beans.factory.support.DefaultListableBeanFactory - Autowiring by type from bean name 'jwtTokenPublisher' via constructor to bean named 'secret'
17:05:00.328 [Test worker] DEBUG org.springframework.beans.factory.support.DefaultListableBeanFactory - Creating shared instance of singleton bean 'jwtAuthenticator'
17:05:00.329 [Test worker] DEBUG org.springframework.beans.factory.support.DefaultListableBeanFactory - Autowiring by type from bean name 'jwtAuthenticator' via constructor to bean named 'secret'
17:05:00.341 [Test worker] DEBUG org.springframework.test.context.cache.DefaultCacheAwareContextLoaderDelegate - Storing ApplicationContext [1327234595] in cache under key [[MergedContextConfiguration@73194df testClass = JwtAuthenticatorTest, locations = '{}', classes = '{class org.waldreg.token.jwt.publisher.JwtTokenPublisher, class org.waldreg.token.jwt.authenticator.JwtAuthenticator, class org.waldreg.token.jwt.secret.Secret}', contextInitializerClasses = '[]', activeProfiles = '{}', propertySourceLocations = '{}', propertySourceProperties = '{}', contextCustomizers = set[org.springframework.boot.test.autoconfigure.actuate.metrics.MetricsExportContextCustomizerFactory$DisableMetricExportContextCustomizer@1b75c2e3, org.springframework.boot.test.autoconfigure.properties.PropertyMappingContextCustomizer@0, org.springframework.boot.test.autoconfigure.web.servlet.WebDriverContextCustomizerFactory$Customizer@132e0cc, org.springframework.boot.test.context.filter.ExcludeFilterContextCustomizer@15713d56, org.springframework.boot.test.json.DuplicateJsonObjectContextCustomizerFactory$DuplicateJsonObjectContextCustomizer@d41f816, org.springframework.boot.test.mock.mockito.MockitoContextCustomizer@0], contextLoader = 'org.springframework.test.context.support.DelegatingSmartContextLoader', parent = [null]]]
17:05:00.341 [Test worker] DEBUG org.springframework.test.context.cache - Spring test ApplicationContext cache statistics: [DefaultContextCache@6fa590ba size = 1, maxSize = 32, parentContextCount = 0, hitCount = 0, missCount = 1]
17:05:00.346 [Test worker] DEBUG org.springframework.test.context.cache.DefaultCacheAwareContextLoaderDelegate - Retrieved ApplicationContext [1327234595] from cache with key [[MergedContextConfiguration@73194df testClass = JwtAuthenticatorTest, locations = '{}', classes = '{class org.waldreg.token.jwt.publisher.JwtTokenPublisher, class org.waldreg.token.jwt.authenticator.JwtAuthenticator, class org.waldreg.token.jwt.secret.Secret}', contextInitializerClasses = '[]', activeProfiles = '{}', propertySourceLocations = '{}', propertySourceProperties = '{}', contextCustomizers = set[org.springframework.boot.test.autoconfigure.actuate.metrics.MetricsExportContextCustomizerFactory$DisableMetricExportContextCustomizer@1b75c2e3, org.springframework.boot.test.autoconfigure.properties.PropertyMappingContextCustomizer@0, org.springframework.boot.test.autoconfigure.web.servlet.WebDriverContextCustomizerFactory$Customizer@132e0cc, org.springframework.boot.test.context.filter.ExcludeFilterContextCustomizer@15713d56, org.springframework.boot.test.json.DuplicateJsonObjectContextCustomizerFactory$DuplicateJsonObjectContextCustomizer@d41f816, org.springframework.boot.test.mock.mockito.MockitoContextCustomizer@0], contextLoader = 'org.springframework.test.context.support.DelegatingSmartContextLoader', parent = [null]]]
17:05:00.346 [Test worker] DEBUG org.springframework.test.context.cache - Spring test ApplicationContext cache statistics: [DefaultContextCache@6fa590ba size = 1, maxSize = 32, parentContextCount = 0, hitCount = 1, missCount = 1]
17:05:00.350 [Test worker] DEBUG org.springframework.test.context.support.AbstractDirtiesContextTestExecutionListener - Before test method: context [DefaultTestContext@32a68f4f testClass = JwtAuthenticatorTest, testInstance = org.waldreg.token.authenticator.JwtAuthenticatorTest@6f3c660a, testMethod = AUTHENTICATE_JWT_TOKEN_SUCCESS_TEST@JwtAuthenticatorTest, testException = [null], mergedContextConfiguration = [MergedContextConfiguration@73194df testClass = JwtAuthenticatorTest, locations = '{}', classes = '{class org.waldreg.token.jwt.publisher.JwtTokenPublisher, class org.waldreg.token.jwt.authenticator.JwtAuthenticator, class org.waldreg.token.jwt.secret.Secret}', contextInitializerClasses = '[]', activeProfiles = '{}', propertySourceLocations = '{}', propertySourceProperties = '{}', contextCustomizers = set[org.springframework.boot.test.autoconfigure.actuate.metrics.MetricsExportContextCustomizerFactory$DisableMetricExportContextCustomizer@1b75c2e3, org.springframework.boot.test.autoconfigure.properties.PropertyMappingContextCustomizer@0, org.springframework.boot.test.autoconfigure.web.servlet.WebDriverContextCustomizerFactory$Customizer@132e0cc, org.springframework.boot.test.context.filter.ExcludeFilterContextCustomizer@15713d56, org.springframework.boot.test.json.DuplicateJsonObjectContextCustomizerFactory$DuplicateJsonObjectContextCustomizer@d41f816, org.springframework.boot.test.mock.mockito.MockitoContextCustomizer@0], contextLoader = 'org.springframework.test.context.support.DelegatingSmartContextLoader', parent = [null]], attributes = map['org.springframework.test.context.event.ApplicationEventsTestExecutionListener.recordApplicationEvents' -> false]], class annotated with @DirtiesContext [false] with mode [null], method annotated with @DirtiesContext [false] with mode [null].
17:05:00.351 [Test worker] DEBUG org.springframework.test.context.cache.DefaultCacheAwareContextLoaderDelegate - Retrieved ApplicationContext [1327234595] from cache with key [[MergedContextConfiguration@73194df testClass = JwtAuthenticatorTest, locations = '{}', classes = '{class org.waldreg.token.jwt.publisher.JwtTokenPublisher, class org.waldreg.token.jwt.authenticator.JwtAuthenticator, class org.waldreg.token.jwt.secret.Secret}', contextInitializerClasses = '[]', activeProfiles = '{}', propertySourceLocations = '{}', propertySourceProperties = '{}', contextCustomizers = set[org.springframework.boot.test.autoconfigure.actuate.metrics.MetricsExportContextCustomizerFactory$DisableMetricExportContextCustomizer@1b75c2e3, org.springframework.boot.test.autoconfigure.properties.PropertyMappingContextCustomizer@0, org.springframework.boot.test.autoconfigure.web.servlet.WebDriverContextCustomizerFactory$Customizer@132e0cc, org.springframework.boot.test.context.filter.ExcludeFilterContextCustomizer@15713d56, org.springframework.boot.test.json.DuplicateJsonObjectContextCustomizerFactory$DuplicateJsonObjectContextCustomizer@d41f816, org.springframework.boot.test.mock.mockito.MockitoContextCustomizer@0], contextLoader = 'org.springframework.test.context.support.DelegatingSmartContextLoader', parent = [null]]]
17:05:00.351 [Test worker] DEBUG org.springframework.test.context.cache - Spring test ApplicationContext cache statistics: [DefaultContextCache@6fa590ba size = 1, maxSize = 32, parentContextCount = 0, hitCount = 2, missCount = 1]
17:05:00.352 [Test worker] DEBUG org.springframework.test.context.cache.DefaultCacheAwareContextLoaderDelegate - Retrieved ApplicationContext [1327234595] from cache with key [[MergedContextConfiguration@73194df testClass = JwtAuthenticatorTest, locations = '{}', classes = '{class org.waldreg.token.jwt.publisher.JwtTokenPublisher, class org.waldreg.token.jwt.authenticator.JwtAuthenticator, class org.waldreg.token.jwt.secret.Secret}', contextInitializerClasses = '[]', activeProfiles = '{}', propertySourceLocations = '{}', propertySourceProperties = '{}', contextCustomizers = set[org.springframework.boot.test.autoconfigure.actuate.metrics.MetricsExportContextCustomizerFactory$DisableMetricExportContextCustomizer@1b75c2e3, org.springframework.boot.test.autoconfigure.properties.PropertyMappingContextCustomizer@0, org.springframework.boot.test.autoconfigure.web.servlet.WebDriverContextCustomizerFactory$Customizer@132e0cc, org.springframework.boot.test.context.filter.ExcludeFilterContextCustomizer@15713d56, org.springframework.boot.test.json.DuplicateJsonObjectContextCustomizerFactory$DuplicateJsonObjectContextCustomizer@d41f816, org.springframework.boot.test.mock.mockito.MockitoContextCustomizer@0], contextLoader = 'org.springframework.test.context.support.DelegatingSmartContextLoader', parent = [null]]]
17:05:00.352 [Test worker] DEBUG org.springframework.test.context.cache - Spring test ApplicationContext cache statistics: [DefaultContextCache@6fa590ba size = 1, maxSize = 32, parentContextCount = 0, hitCount = 3, missCount = 1]
17:05:00.740 [Test worker] DEBUG org.springframework.test.context.cache.DefaultCacheAwareContextLoaderDelegate - Retrieved ApplicationContext [1327234595] from cache with key [[MergedContextConfiguration@73194df testClass = JwtAuthenticatorTest, locations = '{}', classes = '{class org.waldreg.token.jwt.publisher.JwtTokenPublisher, class org.waldreg.token.jwt.authenticator.JwtAuthenticator, class org.waldreg.token.jwt.secret.Secret}', contextInitializerClasses = '[]', activeProfiles = '{}', propertySourceLocations = '{}', propertySourceProperties = '{}', contextCustomizers = set[org.springframework.boot.test.autoconfigure.actuate.metrics.MetricsExportContextCustomizerFactory$DisableMetricExportContextCustomizer@1b75c2e3, org.springframework.boot.test.autoconfigure.properties.PropertyMappingContextCustomizer@0, org.springframework.boot.test.autoconfigure.web.servlet.WebDriverContextCustomizerFactory$Customizer@132e0cc, org.springframework.boot.test.context.filter.ExcludeFilterContextCustomizer@15713d56, org.springframework.boot.test.json.DuplicateJsonObjectContextCustomizerFactory$DuplicateJsonObjectContextCustomizer@d41f816, org.springframework.boot.test.mock.mockito.MockitoContextCustomizer@0], contextLoader = 'org.springframework.test.context.support.DelegatingSmartContextLoader', parent = [null]]]
17:05:00.740 [Test worker] DEBUG org.springframework.test.context.cache - Spring test ApplicationContext cache statistics: [DefaultContextCache@6fa590ba size = 1, maxSize = 32, parentContextCount = 0, hitCount = 4, missCount = 1]
17:05:00.925 [Test worker] DEBUG org.springframework.test.context.cache.DefaultCacheAwareContextLoaderDelegate - Retrieved ApplicationContext [1327234595] from cache with key [[MergedContextConfiguration@73194df testClass = JwtAuthenticatorTest, locations = '{}', classes = '{class org.waldreg.token.jwt.publisher.JwtTokenPublisher, class org.waldreg.token.jwt.authenticator.JwtAuthenticator, class org.waldreg.token.jwt.secret.Secret}', contextInitializerClasses = '[]', activeProfiles = '{}', propertySourceLocations = '{}', propertySourceProperties = '{}', contextCustomizers = set[org.springframework.boot.test.autoconfigure.actuate.metrics.MetricsExportContextCustomizerFactory$DisableMetricExportContextCustomizer@1b75c2e3, org.springframework.boot.test.autoconfigure.properties.PropertyMappingContextCustomizer@0, org.springframework.boot.test.autoconfigure.web.servlet.WebDriverContextCustomizerFactory$Customizer@132e0cc, org.springframework.boot.test.context.filter.ExcludeFilterContextCustomizer@15713d56, org.springframework.boot.test.json.DuplicateJsonObjectContextCustomizerFactory$DuplicateJsonObjectContextCustomizer@d41f816, org.springframework.boot.test.mock.mockito.MockitoContextCustomizer@0], contextLoader = 'org.springframework.test.context.support.DelegatingSmartContextLoader', parent = [null]]]
17:05:00.925 [Test worker] DEBUG org.springframework.test.context.cache - Spring test ApplicationContext cache statistics: [DefaultContextCache@6fa590ba size = 1, maxSize = 32, parentContextCount = 0, hitCount = 5, missCount = 1]
17:05:00.926 [Test worker] DEBUG org.springframework.test.context.cache.DefaultCacheAwareContextLoaderDelegate - Retrieved ApplicationContext [1327234595] from cache with key [[MergedContextConfiguration@73194df testClass = JwtAuthenticatorTest, locations = '{}', classes = '{class org.waldreg.token.jwt.publisher.JwtTokenPublisher, class org.waldreg.token.jwt.authenticator.JwtAuthenticator, class org.waldreg.token.jwt.secret.Secret}', contextInitializerClasses = '[]', activeProfiles = '{}', propertySourceLocations = '{}', propertySourceProperties = '{}', contextCustomizers = set[org.springframework.boot.test.autoconfigure.actuate.metrics.MetricsExportContextCustomizerFactory$DisableMetricExportContextCustomizer@1b75c2e3, org.springframework.boot.test.autoconfigure.properties.PropertyMappingContextCustomizer@0, org.springframework.boot.test.autoconfigure.web.servlet.WebDriverContextCustomizerFactory$Customizer@132e0cc, org.springframework.boot.test.context.filter.ExcludeFilterContextCustomizer@15713d56, org.springframework.boot.test.json.DuplicateJsonObjectContextCustomizerFactory$DuplicateJsonObjectContextCustomizer@d41f816, org.springframework.boot.test.mock.mockito.MockitoContextCustomizer@0], contextLoader = 'org.springframework.test.context.support.DelegatingSmartContextLoader', parent = [null]]]
17:05:00.926 [Test worker] DEBUG org.springframework.test.context.cache - Spring test ApplicationContext cache statistics: [DefaultContextCache@6fa590ba size = 1, maxSize = 32, parentContextCount = 0, hitCount = 6, missCount = 1]
17:05:00.927 [Test worker] DEBUG org.springframework.test.context.cache.DefaultCacheAwareContextLoaderDelegate - Retrieved ApplicationContext [1327234595] from cache with key [[MergedContextConfiguration@73194df testClass = JwtAuthenticatorTest, locations = '{}', classes = '{class org.waldreg.token.jwt.publisher.JwtTokenPublisher, class org.waldreg.token.jwt.authenticator.JwtAuthenticator, class org.waldreg.token.jwt.secret.Secret}', contextInitializerClasses = '[]', activeProfiles = '{}', propertySourceLocations = '{}', propertySourceProperties = '{}', contextCustomizers = set[org.springframework.boot.test.autoconfigure.actuate.metrics.MetricsExportContextCustomizerFactory$DisableMetricExportContextCustomizer@1b75c2e3, org.springframework.boot.test.autoconfigure.properties.PropertyMappingContextCustomizer@0, org.springframework.boot.test.autoconfigure.web.servlet.WebDriverContextCustomizerFactory$Customizer@132e0cc, org.springframework.boot.test.context.filter.ExcludeFilterContextCustomizer@15713d56, org.springframework.boot.test.json.DuplicateJsonObjectContextCustomizerFactory$DuplicateJsonObjectContextCustomizer@d41f816, org.springframework.boot.test.mock.mockito.MockitoContextCustomizer@0], contextLoader = 'org.springframework.test.context.support.DelegatingSmartContextLoader', parent = [null]]]
17:05:00.927 [Test worker] DEBUG org.springframework.test.context.cache - Spring test ApplicationContext cache statistics: [DefaultContextCache@6fa590ba size = 1, maxSize = 32, parentContextCount = 0, hitCount = 7, missCount = 1]
17:05:00.927 [Test worker] DEBUG org.springframework.test.context.cache.DefaultCacheAwareContextLoaderDelegate - Retrieved ApplicationContext [1327234595] from cache with key [[MergedContextConfiguration@73194df testClass = JwtAuthenticatorTest, locations = '{}', classes = '{class org.waldreg.token.jwt.publisher.JwtTokenPublisher, class org.waldreg.token.jwt.authenticator.JwtAuthenticator, class org.waldreg.token.jwt.secret.Secret}', contextInitializerClasses = '[]', activeProfiles = '{}', propertySourceLocations = '{}', propertySourceProperties = '{}', contextCustomizers = set[org.springframework.boot.test.autoconfigure.actuate.metrics.MetricsExportContextCustomizerFactory$DisableMetricExportContextCustomizer@1b75c2e3, org.springframework.boot.test.autoconfigure.properties.PropertyMappingContextCustomizer@0, org.springframework.boot.test.autoconfigure.web.servlet.WebDriverContextCustomizerFactory$Customizer@132e0cc, org.springframework.boot.test.context.filter.ExcludeFilterContextCustomizer@15713d56, org.springframework.boot.test.json.DuplicateJsonObjectContextCustomizerFactory$DuplicateJsonObjectContextCustomizer@d41f816, org.springframework.boot.test.mock.mockito.MockitoContextCustomizer@0], contextLoader = 'org.springframework.test.context.support.DelegatingSmartContextLoader', parent = [null]]]
17:05:00.927 [Test worker] DEBUG org.springframework.test.context.cache - Spring test ApplicationContext cache statistics: [DefaultContextCache@6fa590ba size = 1, maxSize = 32, parentContextCount = 0, hitCount = 8, missCount = 1]
17:05:00.929 [Test worker] DEBUG org.springframework.test.context.cache.DefaultCacheAwareContextLoaderDelegate - Retrieved ApplicationContext [1327234595] from cache with key [[MergedContextConfiguration@73194df testClass = JwtAuthenticatorTest, locations = '{}', classes = '{class org.waldreg.token.jwt.publisher.JwtTokenPublisher, class org.waldreg.token.jwt.authenticator.JwtAuthenticator, class org.waldreg.token.jwt.secret.Secret}', contextInitializerClasses = '[]', activeProfiles = '{}', propertySourceLocations = '{}', propertySourceProperties = '{}', contextCustomizers = set[org.springframework.boot.test.autoconfigure.actuate.metrics.MetricsExportContextCustomizerFactory$DisableMetricExportContextCustomizer@1b75c2e3, org.springframework.boot.test.autoconfigure.properties.PropertyMappingContextCustomizer@0, org.springframework.boot.test.autoconfigure.web.servlet.WebDriverContextCustomizerFactory$Customizer@132e0cc, org.springframework.boot.test.context.filter.ExcludeFilterContextCustomizer@15713d56, org.springframework.boot.test.json.DuplicateJsonObjectContextCustomizerFactory$DuplicateJsonObjectContextCustomizer@d41f816, org.springframework.boot.test.mock.mockito.MockitoContextCustomizer@0], contextLoader = 'org.springframework.test.context.support.DelegatingSmartContextLoader', parent = [null]]]
17:05:00.929 [Test worker] DEBUG org.springframework.test.context.cache - Spring test ApplicationContext cache statistics: [DefaultContextCache@6fa590ba size = 1, maxSize = 32, parentContextCount = 0, hitCount = 9, missCount = 1]
17:05:00.931 [Test worker] DEBUG org.springframework.test.context.cache.DefaultCacheAwareContextLoaderDelegate - Retrieved ApplicationContext [1327234595] from cache with key [[MergedContextConfiguration@73194df testClass = JwtAuthenticatorTest, locations = '{}', classes = '{class org.waldreg.token.jwt.publisher.JwtTokenPublisher, class org.waldreg.token.jwt.authenticator.JwtAuthenticator, class org.waldreg.token.jwt.secret.Secret}', contextInitializerClasses = '[]', activeProfiles = '{}', propertySourceLocations = '{}', propertySourceProperties = '{}', contextCustomizers = set[org.springframework.boot.test.autoconfigure.actuate.metrics.MetricsExportContextCustomizerFactory$DisableMetricExportContextCustomizer@1b75c2e3, org.springframework.boot.test.autoconfigure.properties.PropertyMappingContextCustomizer@0, org.springframework.boot.test.autoconfigure.web.servlet.WebDriverContextCustomizerFactory$Customizer@132e0cc, org.springframework.boot.test.context.filter.ExcludeFilterContextCustomizer@15713d56, org.springframework.boot.test.json.DuplicateJsonObjectContextCustomizerFactory$DuplicateJsonObjectContextCustomizer@d41f816, org.springframework.boot.test.mock.mockito.MockitoContextCustomizer@0], contextLoader = 'org.springframework.test.context.support.DelegatingSmartContextLoader', parent = [null]]]
17:05:00.931 [Test worker] DEBUG org.springframework.test.context.cache - Spring test ApplicationContext cache statistics: [DefaultContextCache@6fa590ba size = 1, maxSize = 32, parentContextCount = 0, hitCount = 10, missCount = 1]
17:05:00.932 [Test worker] DEBUG org.springframework.test.context.support.AbstractDirtiesContextTestExecutionListener - After test method: context [DefaultTestContext@32a68f4f testClass = JwtAuthenticatorTest, testInstance = org.waldreg.token.authenticator.JwtAuthenticatorTest@6f3c660a, testMethod = AUTHENTICATE_JWT_TOKEN_SUCCESS_TEST@JwtAuthenticatorTest, testException = [null], mergedContextConfiguration = [MergedContextConfiguration@73194df testClass = JwtAuthenticatorTest, locations = '{}', classes = '{class org.waldreg.token.jwt.publisher.JwtTokenPublisher, class org.waldreg.token.jwt.authenticator.JwtAuthenticator, class org.waldreg.token.jwt.secret.Secret}', contextInitializerClasses = '[]', activeProfiles = '{}', propertySourceLocations = '{}', propertySourceProperties = '{}', contextCustomizers = set[org.springframework.boot.test.autoconfigure.actuate.metrics.MetricsExportContextCustomizerFactory$DisableMetricExportContextCustomizer@1b75c2e3, org.springframework.boot.test.autoconfigure.properties.PropertyMappingContextCustomizer@0, org.springframework.boot.test.autoconfigure.web.servlet.WebDriverContextCustomizerFactory$Customizer@132e0cc, org.springframework.boot.test.context.filter.ExcludeFilterContextCustomizer@15713d56, org.springframework.boot.test.json.DuplicateJsonObjectContextCustomizerFactory$DuplicateJsonObjectContextCustomizer@d41f816, org.springframework.boot.test.mock.mockito.MockitoContextCustomizer@0], contextLoader = 'org.springframework.test.context.support.DelegatingSmartContextLoader', parent = [null]], attributes = map['org.springframework.test.context.event.ApplicationEventsTestExecutionListener.recordApplicationEvents' -> false]], class annotated with @DirtiesContext [false] with mode [null], method annotated with @DirtiesContext [false] with mode [null].
17:05:00.938 [Test worker] DEBUG org.springframework.test.context.cache.DefaultCacheAwareContextLoaderDelegate - Retrieved ApplicationContext [1327234595] from cache with key [[MergedContextConfiguration@73194df testClass = JwtAuthenticatorTest, locations = '{}', classes = '{class org.waldreg.token.jwt.publisher.JwtTokenPublisher, class org.waldreg.token.jwt.authenticator.JwtAuthenticator, class org.waldreg.token.jwt.secret.Secret}', contextInitializerClasses = '[]', activeProfiles = '{}', propertySourceLocations = '{}', propertySourceProperties = '{}', contextCustomizers = set[org.springframework.boot.test.autoconfigure.actuate.metrics.MetricsExportContextCustomizerFactory$DisableMetricExportContextCustomizer@1b75c2e3, org.springframework.boot.test.autoconfigure.properties.PropertyMappingContextCustomizer@0, org.springframework.boot.test.autoconfigure.web.servlet.WebDriverContextCustomizerFactory$Customizer@132e0cc, org.springframework.boot.test.context.filter.ExcludeFilterContextCustomizer@15713d56, org.springframework.boot.test.json.DuplicateJsonObjectContextCustomizerFactory$DuplicateJsonObjectContextCustomizer@d41f816, org.springframework.boot.test.mock.mockito.MockitoContextCustomizer@0], contextLoader = 'org.springframework.test.context.support.DelegatingSmartContextLoader', parent = [null]]]
17:05:00.938 [Test worker] DEBUG org.springframework.test.context.cache - Spring test ApplicationContext cache statistics: [DefaultContextCache@6fa590ba size = 1, maxSize = 32, parentContextCount = 0, hitCount = 11, missCount = 1]
17:05:00.938 [Test worker] DEBUG org.springframework.test.context.support.AbstractDirtiesContextTestExecutionListener - After test class: context [DefaultTestContext@32a68f4f testClass = JwtAuthenticatorTest, testInstance = [null], testMethod = [null], testException = [null], mergedContextConfiguration = [MergedContextConfiguration@73194df testClass = JwtAuthenticatorTest, locations = '{}', classes = '{class org.waldreg.token.jwt.publisher.JwtTokenPublisher, class org.waldreg.token.jwt.authenticator.JwtAuthenticator, class org.waldreg.token.jwt.secret.Secret}', contextInitializerClasses = '[]', activeProfiles = '{}', propertySourceLocations = '{}', propertySourceProperties = '{}', contextCustomizers = set[org.springframework.boot.test.autoconfigure.actuate.metrics.MetricsExportContextCustomizerFactory$DisableMetricExportContextCustomizer@1b75c2e3, org.springframework.boot.test.autoconfigure.properties.PropertyMappingContextCustomizer@0, org.springframework.boot.test.autoconfigure.web.servlet.WebDriverContextCustomizerFactory$Customizer@132e0cc, org.springframework.boot.test.context.filter.ExcludeFilterContextCustomizer@15713d56, org.springframework.boot.test.json.DuplicateJsonObjectContextCustomizerFactory$DuplicateJsonObjectContextCustomizer@d41f816, org.springframework.boot.test.mock.mockito.MockitoContextCustomizer@0], contextLoader = 'org.springframework.test.context.support.DelegatingSmartContextLoader', parent = [null]], attributes = map['org.springframework.test.context.event.ApplicationEventsTestExecutionListener.recordApplicationEvents' -> false]], class annotated with @DirtiesContext [false] with mode [null].
]]></system-out>
  <system-err><![CDATA[]]></system-err>
</testsuite>
