<?xml version="1.0" encoding="UTF-8"?>
<testsuite name="org.waldreg.token.authenticator.JwtAuthenticatorTest" tests="1" skipped="0" failures="0" errors="0" timestamp="2023-01-15T07:55:03" hostname="hwangseonghaui-MacBookPro.local" time="0.471">
  <properties/>
  <testcase name="jwt 토큰 인증 성공" classname="org.waldreg.token.authenticator.JwtAuthenticatorTest" time="0.471"/>
  <system-out><![CDATA[16:55:03.341 [Test worker] DEBUG org.springframework.test.context.BootstrapUtils - Instantiating CacheAwareContextLoaderDelegate from class [org.springframework.test.context.cache.DefaultCacheAwareContextLoaderDelegate]
16:55:03.349 [Test worker] DEBUG org.springframework.test.context.BootstrapUtils - Instantiating BootstrapContext using constructor [public org.springframework.test.context.support.DefaultBootstrapContext(java.lang.Class,org.springframework.test.context.CacheAwareContextLoaderDelegate)]
16:55:03.368 [Test worker] DEBUG org.springframework.test.context.BootstrapUtils - Instantiating TestContextBootstrapper for test class [org.waldreg.token.authenticator.JwtAuthenticatorTest] from class [org.springframework.test.context.support.DefaultTestContextBootstrapper]
16:55:03.384 [Test worker] DEBUG org.springframework.test.context.support.AbstractDelegatingSmartContextLoader - Delegating to AnnotationConfigContextLoader to process context configuration [ContextConfigurationAttributes@6c0d7c83 declaringClass = 'org.waldreg.token.authenticator.JwtAuthenticatorTest', classes = '{class org.waldreg.token.jwt.publisher.JwtTokenPublisher, class org.waldreg.token.jwt.authenticator.JwtAuthenticator, class org.waldreg.token.jwt.secret.Secret}', locations = '{}', inheritLocations = true, initializers = '{}', inheritInitializers = true, name = [null], contextLoaderClass = 'org.springframework.test.context.ContextLoader'].
16:55:03.420 [Test worker] DEBUG org.springframework.test.context.support.ActiveProfilesUtils - Could not find an 'annotation declaring class' for annotation type [org.springframework.test.context.ActiveProfiles] and class [org.waldreg.token.authenticator.JwtAuthenticatorTest]
16:55:03.420 [Test worker] DEBUG org.springframework.test.context.support.DefaultTestContextBootstrapper - @TestExecutionListeners is not present for class [org.waldreg.token.authenticator.JwtAuthenticatorTest]: using defaults.
16:55:03.421 [Test worker] INFO org.springframework.test.context.support.DefaultTestContextBootstrapper - Loaded default TestExecutionListener class names from location [META-INF/spring.factories]: [org.springframework.boot.test.autoconfigure.restdocs.RestDocsTestExecutionListener, org.springframework.boot.test.autoconfigure.web.client.MockRestServiceServerResetTestExecutionListener, org.springframework.boot.test.autoconfigure.web.servlet.MockMvcPrintOnlyOnFailureTestExecutionListener, org.springframework.boot.test.autoconfigure.web.servlet.WebDriverTestExecutionListener, org.springframework.boot.test.autoconfigure.webservices.client.MockWebServiceServerTestExecutionListener, org.springframework.boot.test.mock.mockito.MockitoTestExecutionListener, org.springframework.boot.test.mock.mockito.ResetMocksTestExecutionListener, org.springframework.test.context.web.ServletTestExecutionListener, org.springframework.test.context.support.DirtiesContextBeforeModesTestExecutionListener, org.springframework.test.context.event.ApplicationEventsTestExecutionListener, org.springframework.test.context.support.DependencyInjectionTestExecutionListener, org.springframework.test.context.support.DirtiesContextTestExecutionListener, org.springframework.test.context.transaction.TransactionalTestExecutionListener, org.springframework.test.context.jdbc.SqlScriptsTestExecutionListener, org.springframework.test.context.event.EventPublishingTestExecutionListener]
16:55:03.432 [Test worker] DEBUG org.springframework.test.context.support.DefaultTestContextBootstrapper - Skipping candidate TestExecutionListener [org.springframework.test.context.transaction.TransactionalTestExecutionListener] due to a missing dependency. Specify custom listener classes or make the default listener classes and their required dependencies available. Offending class: [org/springframework/transaction/interceptor/TransactionAttributeSource]
16:55:03.432 [Test worker] DEBUG org.springframework.test.context.support.DefaultTestContextBootstrapper - Skipping candidate TestExecutionListener [org.springframework.test.context.jdbc.SqlScriptsTestExecutionListener] due to a missing dependency. Specify custom listener classes or make the default listener classes and their required dependencies available. Offending class: [org/springframework/transaction/interceptor/TransactionAttribute]
16:55:03.432 [Test worker] INFO org.springframework.test.context.support.DefaultTestContextBootstrapper - Using TestExecutionListeners: [org.springframework.test.context.web.ServletTestExecutionListener@2e6a5539, org.springframework.test.context.support.DirtiesContextBeforeModesTestExecutionListener@3fc9504b, org.springframework.test.context.event.ApplicationEventsTestExecutionListener@6d025197, org.springframework.boot.test.mock.mockito.MockitoTestExecutionListener@27d4a09, org.springframework.test.context.support.DependencyInjectionTestExecutionListener@7e4204e2, org.springframework.test.context.support.DirtiesContextTestExecutionListener@b7c4869, org.springframework.test.context.event.EventPublishingTestExecutionListener@740d2e78, org.springframework.boot.test.autoconfigure.restdocs.RestDocsTestExecutionListener@1c481ff2, org.springframework.boot.test.autoconfigure.web.client.MockRestServiceServerResetTestExecutionListener@72437d8d, org.springframework.boot.test.autoconfigure.web.servlet.MockMvcPrintOnlyOnFailureTestExecutionListener@1b955cac, org.springframework.boot.test.autoconfigure.web.servlet.WebDriverTestExecutionListener@676cf48, org.springframework.boot.test.autoconfigure.webservices.client.MockWebServiceServerTestExecutionListener@5a1de7fb, org.springframework.boot.test.mock.mockito.ResetMocksTestExecutionListener@335b5620]
16:55:03.434 [Test worker] DEBUG org.springframework.test.context.support.AbstractDirtiesContextTestExecutionListener - Before test class: context [DefaultTestContext@4ed5eb72 testClass = JwtAuthenticatorTest, testInstance = [null], testMethod = [null], testException = [null], mergedContextConfiguration = [MergedContextConfiguration@12f9af83 testClass = JwtAuthenticatorTest, locations = '{}', classes = '{class org.waldreg.token.jwt.publisher.JwtTokenPublisher, class org.waldreg.token.jwt.authenticator.JwtAuthenticator, class org.waldreg.token.jwt.secret.Secret}', contextInitializerClasses = '[]', activeProfiles = '{}', propertySourceLocations = '{}', propertySourceProperties = '{}', contextCustomizers = set[org.springframework.boot.test.autoconfigure.actuate.metrics.MetricsExportContextCustomizerFactory$DisableMetricExportContextCustomizer@6d167f58, org.springframework.boot.test.autoconfigure.properties.PropertyMappingContextCustomizer@0, org.springframework.boot.test.autoconfigure.web.servlet.WebDriverContextCustomizerFactory$Customizer@63f259c3, org.springframework.boot.test.context.filter.ExcludeFilterContextCustomizer@5c2375a9, org.springframework.boot.test.json.DuplicateJsonObjectContextCustomizerFactory$DuplicateJsonObjectContextCustomizer@492691d7, org.springframework.boot.test.mock.mockito.MockitoContextCustomizer@0], contextLoader = 'org.springframework.test.context.support.DelegatingSmartContextLoader', parent = [null]], attributes = map[[empty]]], class annotated with @DirtiesContext [false] with mode [null].
16:55:03.444 [Test worker] DEBUG org.springframework.test.context.support.DependencyInjectionTestExecutionListener - Performing dependency injection for test context [[DefaultTestContext@4ed5eb72 testClass = JwtAuthenticatorTest, testInstance = org.waldreg.token.authenticator.JwtAuthenticatorTest@7776ab, testMethod = [null], testException = [null], mergedContextConfiguration = [MergedContextConfiguration@12f9af83 testClass = JwtAuthenticatorTest, locations = '{}', classes = '{class org.waldreg.token.jwt.publisher.JwtTokenPublisher, class org.waldreg.token.jwt.authenticator.JwtAuthenticator, class org.waldreg.token.jwt.secret.Secret}', contextInitializerClasses = '[]', activeProfiles = '{}', propertySourceLocations = '{}', propertySourceProperties = '{}', contextCustomizers = set[org.springframework.boot.test.autoconfigure.actuate.metrics.MetricsExportContextCustomizerFactory$DisableMetricExportContextCustomizer@6d167f58, org.springframework.boot.test.autoconfigure.properties.PropertyMappingContextCustomizer@0, org.springframework.boot.test.autoconfigure.web.servlet.WebDriverContextCustomizerFactory$Customizer@63f259c3, org.springframework.boot.test.context.filter.ExcludeFilterContextCustomizer@5c2375a9, org.springframework.boot.test.json.DuplicateJsonObjectContextCustomizerFactory$DuplicateJsonObjectContextCustomizer@492691d7, org.springframework.boot.test.mock.mockito.MockitoContextCustomizer@0], contextLoader = 'org.springframework.test.context.support.DelegatingSmartContextLoader', parent = [null]], attributes = map['org.springframework.test.context.event.ApplicationEventsTestExecutionListener.recordApplicationEvents' -> false]]].
16:55:03.444 [Test worker] DEBUG org.springframework.test.context.support.AbstractDelegatingSmartContextLoader - Delegating to AnnotationConfigContextLoader to load context from [MergedContextConfiguration@12f9af83 testClass = JwtAuthenticatorTest, locations = '{}', classes = '{class org.waldreg.token.jwt.publisher.JwtTokenPublisher, class org.waldreg.token.jwt.authenticator.JwtAuthenticator, class org.waldreg.token.jwt.secret.Secret}', contextInitializerClasses = '[]', activeProfiles = '{}', propertySourceLocations = '{}', propertySourceProperties = '{}', contextCustomizers = set[org.springframework.boot.test.autoconfigure.actuate.metrics.MetricsExportContextCustomizerFactory$DisableMetricExportContextCustomizer@6d167f58, org.springframework.boot.test.autoconfigure.properties.PropertyMappingContextCustomizer@0, org.springframework.boot.test.autoconfigure.web.servlet.WebDriverContextCustomizerFactory$Customizer@63f259c3, org.springframework.boot.test.context.filter.ExcludeFilterContextCustomizer@5c2375a9, org.springframework.boot.test.json.DuplicateJsonObjectContextCustomizerFactory$DuplicateJsonObjectContextCustomizer@492691d7, org.springframework.boot.test.mock.mockito.MockitoContextCustomizer@0], contextLoader = 'org.springframework.test.context.support.DelegatingSmartContextLoader', parent = [null]].
16:55:03.445 [Test worker] DEBUG org.springframework.test.context.support.AbstractGenericContextLoader - Loading ApplicationContext for merged context configuration [[MergedContextConfiguration@12f9af83 testClass = JwtAuthenticatorTest, locations = '{}', classes = '{class org.waldreg.token.jwt.publisher.JwtTokenPublisher, class org.waldreg.token.jwt.authenticator.JwtAuthenticator, class org.waldreg.token.jwt.secret.Secret}', contextInitializerClasses = '[]', activeProfiles = '{}', propertySourceLocations = '{}', propertySourceProperties = '{}', contextCustomizers = set[org.springframework.boot.test.autoconfigure.actuate.metrics.MetricsExportContextCustomizerFactory$DisableMetricExportContextCustomizer@6d167f58, org.springframework.boot.test.autoconfigure.properties.PropertyMappingContextCustomizer@0, org.springframework.boot.test.autoconfigure.web.servlet.WebDriverContextCustomizerFactory$Customizer@63f259c3, org.springframework.boot.test.context.filter.ExcludeFilterContextCustomizer@5c2375a9, org.springframework.boot.test.json.DuplicateJsonObjectContextCustomizerFactory$DuplicateJsonObjectContextCustomizer@492691d7, org.springframework.boot.test.mock.mockito.MockitoContextCustomizer@0], contextLoader = 'org.springframework.test.context.support.DelegatingSmartContextLoader', parent = [null]]].
16:55:03.468 [Test worker] DEBUG org.springframework.core.env.StandardEnvironment - Activating profiles []
16:55:03.469 [Test worker] DEBUG org.springframework.test.context.support.AnnotationConfigContextLoader - Registering component classes: {class org.waldreg.token.jwt.publisher.JwtTokenPublisher, class org.waldreg.token.jwt.authenticator.JwtAuthenticator, class org.waldreg.token.jwt.secret.Secret}
16:55:03.496 [Test worker] DEBUG org.springframework.context.support.GenericApplicationContext - Refreshing org.springframework.context.support.GenericApplicationContext@5adb0db3
16:55:03.507 [Test worker] DEBUG org.springframework.beans.factory.support.DefaultListableBeanFactory - Creating shared instance of singleton bean 'org.springframework.context.annotation.internalConfigurationAnnotationProcessor'
16:55:03.533 [Test worker] DEBUG org.springframework.beans.factory.support.DefaultListableBeanFactory - Creating shared instance of singleton bean 'org.springframework.boot.test.mock.mockito.MockitoPostProcessor'
16:55:03.546 [Test worker] DEBUG org.springframework.beans.factory.support.DefaultListableBeanFactory - Creating shared instance of singleton bean 'org.springframework.context.event.internalEventListenerProcessor'
16:55:03.547 [Test worker] DEBUG org.springframework.beans.factory.support.DefaultListableBeanFactory - Creating shared instance of singleton bean 'org.springframework.context.event.internalEventListenerFactory'
16:55:03.549 [Test worker] DEBUG org.springframework.beans.factory.support.DefaultListableBeanFactory - Creating shared instance of singleton bean 'org.springframework.context.annotation.internalAutowiredAnnotationProcessor'
16:55:03.550 [Test worker] DEBUG org.springframework.beans.factory.support.DefaultListableBeanFactory - Creating shared instance of singleton bean 'org.springframework.context.annotation.internalCommonAnnotationProcessor'
16:55:03.554 [Test worker] DEBUG org.springframework.beans.factory.support.DefaultListableBeanFactory - Creating shared instance of singleton bean 'org.springframework.boot.test.mock.mockito.MockitoPostProcessor$SpyPostProcessor'
16:55:03.563 [Test worker] DEBUG org.springframework.beans.factory.support.DefaultListableBeanFactory - Creating shared instance of singleton bean 'jwtTokenPublisher'
16:55:03.573 [Test worker] DEBUG org.springframework.beans.factory.support.DefaultListableBeanFactory - Creating shared instance of singleton bean 'secret'
16:55:03.619 [Test worker] DEBUG org.springframework.beans.factory.support.DefaultListableBeanFactory - Autowiring by type from bean name 'jwtTokenPublisher' via constructor to bean named 'secret'
16:55:03.620 [Test worker] DEBUG org.springframework.beans.factory.support.DefaultListableBeanFactory - Creating shared instance of singleton bean 'jwtAuthenticator'
16:55:03.621 [Test worker] DEBUG org.springframework.beans.factory.support.DefaultListableBeanFactory - Autowiring by type from bean name 'jwtAuthenticator' via constructor to bean named 'secret'
16:55:03.630 [Test worker] DEBUG org.springframework.test.context.cache.DefaultCacheAwareContextLoaderDelegate - Storing ApplicationContext [1524305331] in cache under key [[MergedContextConfiguration@12f9af83 testClass = JwtAuthenticatorTest, locations = '{}', classes = '{class org.waldreg.token.jwt.publisher.JwtTokenPublisher, class org.waldreg.token.jwt.authenticator.JwtAuthenticator, class org.waldreg.token.jwt.secret.Secret}', contextInitializerClasses = '[]', activeProfiles = '{}', propertySourceLocations = '{}', propertySourceProperties = '{}', contextCustomizers = set[org.springframework.boot.test.autoconfigure.actuate.metrics.MetricsExportContextCustomizerFactory$DisableMetricExportContextCustomizer@6d167f58, org.springframework.boot.test.autoconfigure.properties.PropertyMappingContextCustomizer@0, org.springframework.boot.test.autoconfigure.web.servlet.WebDriverContextCustomizerFactory$Customizer@63f259c3, org.springframework.boot.test.context.filter.ExcludeFilterContextCustomizer@5c2375a9, org.springframework.boot.test.json.DuplicateJsonObjectContextCustomizerFactory$DuplicateJsonObjectContextCustomizer@492691d7, org.springframework.boot.test.mock.mockito.MockitoContextCustomizer@0], contextLoader = 'org.springframework.test.context.support.DelegatingSmartContextLoader', parent = [null]]]
16:55:03.630 [Test worker] DEBUG org.springframework.test.context.cache - Spring test ApplicationContext cache statistics: [DefaultContextCache@290b1b2e size = 1, maxSize = 32, parentContextCount = 0, hitCount = 0, missCount = 1]
16:55:03.635 [Test worker] DEBUG org.springframework.test.context.cache.DefaultCacheAwareContextLoaderDelegate - Retrieved ApplicationContext [1524305331] from cache with key [[MergedContextConfiguration@12f9af83 testClass = JwtAuthenticatorTest, locations = '{}', classes = '{class org.waldreg.token.jwt.publisher.JwtTokenPublisher, class org.waldreg.token.jwt.authenticator.JwtAuthenticator, class org.waldreg.token.jwt.secret.Secret}', contextInitializerClasses = '[]', activeProfiles = '{}', propertySourceLocations = '{}', propertySourceProperties = '{}', contextCustomizers = set[org.springframework.boot.test.autoconfigure.actuate.metrics.MetricsExportContextCustomizerFactory$DisableMetricExportContextCustomizer@6d167f58, org.springframework.boot.test.autoconfigure.properties.PropertyMappingContextCustomizer@0, org.springframework.boot.test.autoconfigure.web.servlet.WebDriverContextCustomizerFactory$Customizer@63f259c3, org.springframework.boot.test.context.filter.ExcludeFilterContextCustomizer@5c2375a9, org.springframework.boot.test.json.DuplicateJsonObjectContextCustomizerFactory$DuplicateJsonObjectContextCustomizer@492691d7, org.springframework.boot.test.mock.mockito.MockitoContextCustomizer@0], contextLoader = 'org.springframework.test.context.support.DelegatingSmartContextLoader', parent = [null]]]
16:55:03.636 [Test worker] DEBUG org.springframework.test.context.cache - Spring test ApplicationContext cache statistics: [DefaultContextCache@290b1b2e size = 1, maxSize = 32, parentContextCount = 0, hitCount = 1, missCount = 1]
16:55:03.640 [Test worker] DEBUG org.springframework.test.context.support.AbstractDirtiesContextTestExecutionListener - Before test method: context [DefaultTestContext@4ed5eb72 testClass = JwtAuthenticatorTest, testInstance = org.waldreg.token.authenticator.JwtAuthenticatorTest@7776ab, testMethod = AUTHENTICATE_JWT_TOKEN_SUCCESS_TEST@JwtAuthenticatorTest, testException = [null], mergedContextConfiguration = [MergedContextConfiguration@12f9af83 testClass = JwtAuthenticatorTest, locations = '{}', classes = '{class org.waldreg.token.jwt.publisher.JwtTokenPublisher, class org.waldreg.token.jwt.authenticator.JwtAuthenticator, class org.waldreg.token.jwt.secret.Secret}', contextInitializerClasses = '[]', activeProfiles = '{}', propertySourceLocations = '{}', propertySourceProperties = '{}', contextCustomizers = set[org.springframework.boot.test.autoconfigure.actuate.metrics.MetricsExportContextCustomizerFactory$DisableMetricExportContextCustomizer@6d167f58, org.springframework.boot.test.autoconfigure.properties.PropertyMappingContextCustomizer@0, org.springframework.boot.test.autoconfigure.web.servlet.WebDriverContextCustomizerFactory$Customizer@63f259c3, org.springframework.boot.test.context.filter.ExcludeFilterContextCustomizer@5c2375a9, org.springframework.boot.test.json.DuplicateJsonObjectContextCustomizerFactory$DuplicateJsonObjectContextCustomizer@492691d7, org.springframework.boot.test.mock.mockito.MockitoContextCustomizer@0], contextLoader = 'org.springframework.test.context.support.DelegatingSmartContextLoader', parent = [null]], attributes = map['org.springframework.test.context.event.ApplicationEventsTestExecutionListener.recordApplicationEvents' -> false]], class annotated with @DirtiesContext [false] with mode [null], method annotated with @DirtiesContext [false] with mode [null].
16:55:03.641 [Test worker] DEBUG org.springframework.test.context.cache.DefaultCacheAwareContextLoaderDelegate - Retrieved ApplicationContext [1524305331] from cache with key [[MergedContextConfiguration@12f9af83 testClass = JwtAuthenticatorTest, locations = '{}', classes = '{class org.waldreg.token.jwt.publisher.JwtTokenPublisher, class org.waldreg.token.jwt.authenticator.JwtAuthenticator, class org.waldreg.token.jwt.secret.Secret}', contextInitializerClasses = '[]', activeProfiles = '{}', propertySourceLocations = '{}', propertySourceProperties = '{}', contextCustomizers = set[org.springframework.boot.test.autoconfigure.actuate.metrics.MetricsExportContextCustomizerFactory$DisableMetricExportContextCustomizer@6d167f58, org.springframework.boot.test.autoconfigure.properties.PropertyMappingContextCustomizer@0, org.springframework.boot.test.autoconfigure.web.servlet.WebDriverContextCustomizerFactory$Customizer@63f259c3, org.springframework.boot.test.context.filter.ExcludeFilterContextCustomizer@5c2375a9, org.springframework.boot.test.json.DuplicateJsonObjectContextCustomizerFactory$DuplicateJsonObjectContextCustomizer@492691d7, org.springframework.boot.test.mock.mockito.MockitoContextCustomizer@0], contextLoader = 'org.springframework.test.context.support.DelegatingSmartContextLoader', parent = [null]]]
16:55:03.641 [Test worker] DEBUG org.springframework.test.context.cache - Spring test ApplicationContext cache statistics: [DefaultContextCache@290b1b2e size = 1, maxSize = 32, parentContextCount = 0, hitCount = 2, missCount = 1]
16:55:03.642 [Test worker] DEBUG org.springframework.test.context.cache.DefaultCacheAwareContextLoaderDelegate - Retrieved ApplicationContext [1524305331] from cache with key [[MergedContextConfiguration@12f9af83 testClass = JwtAuthenticatorTest, locations = '{}', classes = '{class org.waldreg.token.jwt.publisher.JwtTokenPublisher, class org.waldreg.token.jwt.authenticator.JwtAuthenticator, class org.waldreg.token.jwt.secret.Secret}', contextInitializerClasses = '[]', activeProfiles = '{}', propertySourceLocations = '{}', propertySourceProperties = '{}', contextCustomizers = set[org.springframework.boot.test.autoconfigure.actuate.metrics.MetricsExportContextCustomizerFactory$DisableMetricExportContextCustomizer@6d167f58, org.springframework.boot.test.autoconfigure.properties.PropertyMappingContextCustomizer@0, org.springframework.boot.test.autoconfigure.web.servlet.WebDriverContextCustomizerFactory$Customizer@63f259c3, org.springframework.boot.test.context.filter.ExcludeFilterContextCustomizer@5c2375a9, org.springframework.boot.test.json.DuplicateJsonObjectContextCustomizerFactory$DuplicateJsonObjectContextCustomizer@492691d7, org.springframework.boot.test.mock.mockito.MockitoContextCustomizer@0], contextLoader = 'org.springframework.test.context.support.DelegatingSmartContextLoader', parent = [null]]]
16:55:03.642 [Test worker] DEBUG org.springframework.test.context.cache - Spring test ApplicationContext cache statistics: [DefaultContextCache@290b1b2e size = 1, maxSize = 32, parentContextCount = 0, hitCount = 3, missCount = 1]
16:55:03.922 [Test worker] DEBUG org.springframework.test.context.cache.DefaultCacheAwareContextLoaderDelegate - Retrieved ApplicationContext [1524305331] from cache with key [[MergedContextConfiguration@12f9af83 testClass = JwtAuthenticatorTest, locations = '{}', classes = '{class org.waldreg.token.jwt.publisher.JwtTokenPublisher, class org.waldreg.token.jwt.authenticator.JwtAuthenticator, class org.waldreg.token.jwt.secret.Secret}', contextInitializerClasses = '[]', activeProfiles = '{}', propertySourceLocations = '{}', propertySourceProperties = '{}', contextCustomizers = set[org.springframework.boot.test.autoconfigure.actuate.metrics.MetricsExportContextCustomizerFactory$DisableMetricExportContextCustomizer@6d167f58, org.springframework.boot.test.autoconfigure.properties.PropertyMappingContextCustomizer@0, org.springframework.boot.test.autoconfigure.web.servlet.WebDriverContextCustomizerFactory$Customizer@63f259c3, org.springframework.boot.test.context.filter.ExcludeFilterContextCustomizer@5c2375a9, org.springframework.boot.test.json.DuplicateJsonObjectContextCustomizerFactory$DuplicateJsonObjectContextCustomizer@492691d7, org.springframework.boot.test.mock.mockito.MockitoContextCustomizer@0], contextLoader = 'org.springframework.test.context.support.DelegatingSmartContextLoader', parent = [null]]]
16:55:03.923 [Test worker] DEBUG org.springframework.test.context.cache - Spring test ApplicationContext cache statistics: [DefaultContextCache@290b1b2e size = 1, maxSize = 32, parentContextCount = 0, hitCount = 4, missCount = 1]

MytQd_Ul-OPRB0-r3-4tPcQBIV1tssWc6FT-CTpnzyY
{sub=3, iat=1673769303, exp=1673769663}
16:55:04.100 [Test worker] DEBUG org.springframework.test.context.cache.DefaultCacheAwareContextLoaderDelegate - Retrieved ApplicationContext [1524305331] from cache with key [[MergedContextConfiguration@12f9af83 testClass = JwtAuthenticatorTest, locations = '{}', classes = '{class org.waldreg.token.jwt.publisher.JwtTokenPublisher, class org.waldreg.token.jwt.authenticator.JwtAuthenticator, class org.waldreg.token.jwt.secret.Secret}', contextInitializerClasses = '[]', activeProfiles = '{}', propertySourceLocations = '{}', propertySourceProperties = '{}', contextCustomizers = set[org.springframework.boot.test.autoconfigure.actuate.metrics.MetricsExportContextCustomizerFactory$DisableMetricExportContextCustomizer@6d167f58, org.springframework.boot.test.autoconfigure.properties.PropertyMappingContextCustomizer@0, org.springframework.boot.test.autoconfigure.web.servlet.WebDriverContextCustomizerFactory$Customizer@63f259c3, org.springframework.boot.test.context.filter.ExcludeFilterContextCustomizer@5c2375a9, org.springframework.boot.test.json.DuplicateJsonObjectContextCustomizerFactory$DuplicateJsonObjectContextCustomizer@492691d7, org.springframework.boot.test.mock.mockito.MockitoContextCustomizer@0], contextLoader = 'org.springframework.test.context.support.DelegatingSmartContextLoader', parent = [null]]]
16:55:04.100 [Test worker] DEBUG org.springframework.test.context.cache - Spring test ApplicationContext cache statistics: [DefaultContextCache@290b1b2e size = 1, maxSize = 32, parentContextCount = 0, hitCount = 5, missCount = 1]
16:55:04.101 [Test worker] DEBUG org.springframework.test.context.cache.DefaultCacheAwareContextLoaderDelegate - Retrieved ApplicationContext [1524305331] from cache with key [[MergedContextConfiguration@12f9af83 testClass = JwtAuthenticatorTest, locations = '{}', classes = '{class org.waldreg.token.jwt.publisher.JwtTokenPublisher, class org.waldreg.token.jwt.authenticator.JwtAuthenticator, class org.waldreg.token.jwt.secret.Secret}', contextInitializerClasses = '[]', activeProfiles = '{}', propertySourceLocations = '{}', propertySourceProperties = '{}', contextCustomizers = set[org.springframework.boot.test.autoconfigure.actuate.metrics.MetricsExportContextCustomizerFactory$DisableMetricExportContextCustomizer@6d167f58, org.springframework.boot.test.autoconfigure.properties.PropertyMappingContextCustomizer@0, org.springframework.boot.test.autoconfigure.web.servlet.WebDriverContextCustomizerFactory$Customizer@63f259c3, org.springframework.boot.test.context.filter.ExcludeFilterContextCustomizer@5c2375a9, org.springframework.boot.test.json.DuplicateJsonObjectContextCustomizerFactory$DuplicateJsonObjectContextCustomizer@492691d7, org.springframework.boot.test.mock.mockito.MockitoContextCustomizer@0], contextLoader = 'org.springframework.test.context.support.DelegatingSmartContextLoader', parent = [null]]]
16:55:04.101 [Test worker] DEBUG org.springframework.test.context.cache - Spring test ApplicationContext cache statistics: [DefaultContextCache@290b1b2e size = 1, maxSize = 32, parentContextCount = 0, hitCount = 6, missCount = 1]
16:55:04.102 [Test worker] DEBUG org.springframework.test.context.cache.DefaultCacheAwareContextLoaderDelegate - Retrieved ApplicationContext [1524305331] from cache with key [[MergedContextConfiguration@12f9af83 testClass = JwtAuthenticatorTest, locations = '{}', classes = '{class org.waldreg.token.jwt.publisher.JwtTokenPublisher, class org.waldreg.token.jwt.authenticator.JwtAuthenticator, class org.waldreg.token.jwt.secret.Secret}', contextInitializerClasses = '[]', activeProfiles = '{}', propertySourceLocations = '{}', propertySourceProperties = '{}', contextCustomizers = set[org.springframework.boot.test.autoconfigure.actuate.metrics.MetricsExportContextCustomizerFactory$DisableMetricExportContextCustomizer@6d167f58, org.springframework.boot.test.autoconfigure.properties.PropertyMappingContextCustomizer@0, org.springframework.boot.test.autoconfigure.web.servlet.WebDriverContextCustomizerFactory$Customizer@63f259c3, org.springframework.boot.test.context.filter.ExcludeFilterContextCustomizer@5c2375a9, org.springframework.boot.test.json.DuplicateJsonObjectContextCustomizerFactory$DuplicateJsonObjectContextCustomizer@492691d7, org.springframework.boot.test.mock.mockito.MockitoContextCustomizer@0], contextLoader = 'org.springframework.test.context.support.DelegatingSmartContextLoader', parent = [null]]]
16:55:04.102 [Test worker] DEBUG org.springframework.test.context.cache - Spring test ApplicationContext cache statistics: [DefaultContextCache@290b1b2e size = 1, maxSize = 32, parentContextCount = 0, hitCount = 7, missCount = 1]
16:55:04.102 [Test worker] DEBUG org.springframework.test.context.cache.DefaultCacheAwareContextLoaderDelegate - Retrieved ApplicationContext [1524305331] from cache with key [[MergedContextConfiguration@12f9af83 testClass = JwtAuthenticatorTest, locations = '{}', classes = '{class org.waldreg.token.jwt.publisher.JwtTokenPublisher, class org.waldreg.token.jwt.authenticator.JwtAuthenticator, class org.waldreg.token.jwt.secret.Secret}', contextInitializerClasses = '[]', activeProfiles = '{}', propertySourceLocations = '{}', propertySourceProperties = '{}', contextCustomizers = set[org.springframework.boot.test.autoconfigure.actuate.metrics.MetricsExportContextCustomizerFactory$DisableMetricExportContextCustomizer@6d167f58, org.springframework.boot.test.autoconfigure.properties.PropertyMappingContextCustomizer@0, org.springframework.boot.test.autoconfigure.web.servlet.WebDriverContextCustomizerFactory$Customizer@63f259c3, org.springframework.boot.test.context.filter.ExcludeFilterContextCustomizer@5c2375a9, org.springframework.boot.test.json.DuplicateJsonObjectContextCustomizerFactory$DuplicateJsonObjectContextCustomizer@492691d7, org.springframework.boot.test.mock.mockito.MockitoContextCustomizer@0], contextLoader = 'org.springframework.test.context.support.DelegatingSmartContextLoader', parent = [null]]]
16:55:04.102 [Test worker] DEBUG org.springframework.test.context.cache - Spring test ApplicationContext cache statistics: [DefaultContextCache@290b1b2e size = 1, maxSize = 32, parentContextCount = 0, hitCount = 8, missCount = 1]
16:55:04.103 [Test worker] DEBUG org.springframework.test.context.cache.DefaultCacheAwareContextLoaderDelegate - Retrieved ApplicationContext [1524305331] from cache with key [[MergedContextConfiguration@12f9af83 testClass = JwtAuthenticatorTest, locations = '{}', classes = '{class org.waldreg.token.jwt.publisher.JwtTokenPublisher, class org.waldreg.token.jwt.authenticator.JwtAuthenticator, class org.waldreg.token.jwt.secret.Secret}', contextInitializerClasses = '[]', activeProfiles = '{}', propertySourceLocations = '{}', propertySourceProperties = '{}', contextCustomizers = set[org.springframework.boot.test.autoconfigure.actuate.metrics.MetricsExportContextCustomizerFactory$DisableMetricExportContextCustomizer@6d167f58, org.springframework.boot.test.autoconfigure.properties.PropertyMappingContextCustomizer@0, org.springframework.boot.test.autoconfigure.web.servlet.WebDriverContextCustomizerFactory$Customizer@63f259c3, org.springframework.boot.test.context.filter.ExcludeFilterContextCustomizer@5c2375a9, org.springframework.boot.test.json.DuplicateJsonObjectContextCustomizerFactory$DuplicateJsonObjectContextCustomizer@492691d7, org.springframework.boot.test.mock.mockito.MockitoContextCustomizer@0], contextLoader = 'org.springframework.test.context.support.DelegatingSmartContextLoader', parent = [null]]]
16:55:04.103 [Test worker] DEBUG org.springframework.test.context.cache - Spring test ApplicationContext cache statistics: [DefaultContextCache@290b1b2e size = 1, maxSize = 32, parentContextCount = 0, hitCount = 9, missCount = 1]
16:55:04.104 [Test worker] DEBUG org.springframework.test.context.cache.DefaultCacheAwareContextLoaderDelegate - Retrieved ApplicationContext [1524305331] from cache with key [[MergedContextConfiguration@12f9af83 testClass = JwtAuthenticatorTest, locations = '{}', classes = '{class org.waldreg.token.jwt.publisher.JwtTokenPublisher, class org.waldreg.token.jwt.authenticator.JwtAuthenticator, class org.waldreg.token.jwt.secret.Secret}', contextInitializerClasses = '[]', activeProfiles = '{}', propertySourceLocations = '{}', propertySourceProperties = '{}', contextCustomizers = set[org.springframework.boot.test.autoconfigure.actuate.metrics.MetricsExportContextCustomizerFactory$DisableMetricExportContextCustomizer@6d167f58, org.springframework.boot.test.autoconfigure.properties.PropertyMappingContextCustomizer@0, org.springframework.boot.test.autoconfigure.web.servlet.WebDriverContextCustomizerFactory$Customizer@63f259c3, org.springframework.boot.test.context.filter.ExcludeFilterContextCustomizer@5c2375a9, org.springframework.boot.test.json.DuplicateJsonObjectContextCustomizerFactory$DuplicateJsonObjectContextCustomizer@492691d7, org.springframework.boot.test.mock.mockito.MockitoContextCustomizer@0], contextLoader = 'org.springframework.test.context.support.DelegatingSmartContextLoader', parent = [null]]]
16:55:04.104 [Test worker] DEBUG org.springframework.test.context.cache - Spring test ApplicationContext cache statistics: [DefaultContextCache@290b1b2e size = 1, maxSize = 32, parentContextCount = 0, hitCount = 10, missCount = 1]
16:55:04.105 [Test worker] DEBUG org.springframework.test.context.support.AbstractDirtiesContextTestExecutionListener - After test method: context [DefaultTestContext@4ed5eb72 testClass = JwtAuthenticatorTest, testInstance = org.waldreg.token.authenticator.JwtAuthenticatorTest@7776ab, testMethod = AUTHENTICATE_JWT_TOKEN_SUCCESS_TEST@JwtAuthenticatorTest, testException = [null], mergedContextConfiguration = [MergedContextConfiguration@12f9af83 testClass = JwtAuthenticatorTest, locations = '{}', classes = '{class org.waldreg.token.jwt.publisher.JwtTokenPublisher, class org.waldreg.token.jwt.authenticator.JwtAuthenticator, class org.waldreg.token.jwt.secret.Secret}', contextInitializerClasses = '[]', activeProfiles = '{}', propertySourceLocations = '{}', propertySourceProperties = '{}', contextCustomizers = set[org.springframework.boot.test.autoconfigure.actuate.metrics.MetricsExportContextCustomizerFactory$DisableMetricExportContextCustomizer@6d167f58, org.springframework.boot.test.autoconfigure.properties.PropertyMappingContextCustomizer@0, org.springframework.boot.test.autoconfigure.web.servlet.WebDriverContextCustomizerFactory$Customizer@63f259c3, org.springframework.boot.test.context.filter.ExcludeFilterContextCustomizer@5c2375a9, org.springframework.boot.test.json.DuplicateJsonObjectContextCustomizerFactory$DuplicateJsonObjectContextCustomizer@492691d7, org.springframework.boot.test.mock.mockito.MockitoContextCustomizer@0], contextLoader = 'org.springframework.test.context.support.DelegatingSmartContextLoader', parent = [null]], attributes = map['org.springframework.test.context.event.ApplicationEventsTestExecutionListener.recordApplicationEvents' -> false]], class annotated with @DirtiesContext [false] with mode [null], method annotated with @DirtiesContext [false] with mode [null].
16:55:04.111 [Test worker] DEBUG org.springframework.test.context.cache.DefaultCacheAwareContextLoaderDelegate - Retrieved ApplicationContext [1524305331] from cache with key [[MergedContextConfiguration@12f9af83 testClass = JwtAuthenticatorTest, locations = '{}', classes = '{class org.waldreg.token.jwt.publisher.JwtTokenPublisher, class org.waldreg.token.jwt.authenticator.JwtAuthenticator, class org.waldreg.token.jwt.secret.Secret}', contextInitializerClasses = '[]', activeProfiles = '{}', propertySourceLocations = '{}', propertySourceProperties = '{}', contextCustomizers = set[org.springframework.boot.test.autoconfigure.actuate.metrics.MetricsExportContextCustomizerFactory$DisableMetricExportContextCustomizer@6d167f58, org.springframework.boot.test.autoconfigure.properties.PropertyMappingContextCustomizer@0, org.springframework.boot.test.autoconfigure.web.servlet.WebDriverContextCustomizerFactory$Customizer@63f259c3, org.springframework.boot.test.context.filter.ExcludeFilterContextCustomizer@5c2375a9, org.springframework.boot.test.json.DuplicateJsonObjectContextCustomizerFactory$DuplicateJsonObjectContextCustomizer@492691d7, org.springframework.boot.test.mock.mockito.MockitoContextCustomizer@0], contextLoader = 'org.springframework.test.context.support.DelegatingSmartContextLoader', parent = [null]]]
16:55:04.111 [Test worker] DEBUG org.springframework.test.context.cache - Spring test ApplicationContext cache statistics: [DefaultContextCache@290b1b2e size = 1, maxSize = 32, parentContextCount = 0, hitCount = 11, missCount = 1]
16:55:04.112 [Test worker] DEBUG org.springframework.test.context.support.AbstractDirtiesContextTestExecutionListener - After test class: context [DefaultTestContext@4ed5eb72 testClass = JwtAuthenticatorTest, testInstance = [null], testMethod = [null], testException = [null], mergedContextConfiguration = [MergedContextConfiguration@12f9af83 testClass = JwtAuthenticatorTest, locations = '{}', classes = '{class org.waldreg.token.jwt.publisher.JwtTokenPublisher, class org.waldreg.token.jwt.authenticator.JwtAuthenticator, class org.waldreg.token.jwt.secret.Secret}', contextInitializerClasses = '[]', activeProfiles = '{}', propertySourceLocations = '{}', propertySourceProperties = '{}', contextCustomizers = set[org.springframework.boot.test.autoconfigure.actuate.metrics.MetricsExportContextCustomizerFactory$DisableMetricExportContextCustomizer@6d167f58, org.springframework.boot.test.autoconfigure.properties.PropertyMappingContextCustomizer@0, org.springframework.boot.test.autoconfigure.web.servlet.WebDriverContextCustomizerFactory$Customizer@63f259c3, org.springframework.boot.test.context.filter.ExcludeFilterContextCustomizer@5c2375a9, org.springframework.boot.test.json.DuplicateJsonObjectContextCustomizerFactory$DuplicateJsonObjectContextCustomizer@492691d7, org.springframework.boot.test.mock.mockito.MockitoContextCustomizer@0], contextLoader = 'org.springframework.test.context.support.DelegatingSmartContextLoader', parent = [null]], attributes = map['org.springframework.test.context.event.ApplicationEventsTestExecutionListener.recordApplicationEvents' -> false]], class annotated with @DirtiesContext [false] with mode [null].
]]></system-out>
  <system-err><![CDATA[]]></system-err>
</testsuite>
