<?xml version="1.0" encoding="UTF-8"?>
<testsuite name="org.waldreg.token.authenticator.JwtAuthenticatorTest" tests="1" skipped="0" failures="0" errors="0" timestamp="2023-01-15T04:49:12" hostname="hwangseonghaui-MacBookPro.local" time="0.505">
  <properties/>
  <testcase name="jwt 토큰 인증 성공" classname="org.waldreg.token.authenticator.JwtAuthenticatorTest" time="0.505"/>
  <system-out><![CDATA[13:49:12.447 [Test worker] DEBUG org.springframework.test.context.BootstrapUtils - Instantiating CacheAwareContextLoaderDelegate from class [org.springframework.test.context.cache.DefaultCacheAwareContextLoaderDelegate]
13:49:12.456 [Test worker] DEBUG org.springframework.test.context.BootstrapUtils - Instantiating BootstrapContext using constructor [public org.springframework.test.context.support.DefaultBootstrapContext(java.lang.Class,org.springframework.test.context.CacheAwareContextLoaderDelegate)]
13:49:12.476 [Test worker] DEBUG org.springframework.test.context.BootstrapUtils - Instantiating TestContextBootstrapper for test class [org.waldreg.token.authenticator.JwtAuthenticatorTest] from class [org.springframework.test.context.support.DefaultTestContextBootstrapper]
13:49:12.496 [Test worker] DEBUG org.springframework.test.context.support.AbstractDelegatingSmartContextLoader - Delegating to AnnotationConfigContextLoader to process context configuration [ContextConfigurationAttributes@37052337 declaringClass = 'org.waldreg.token.authenticator.JwtAuthenticatorTest', classes = '{class org.waldreg.token.jwt.publisher.JwtTokenPublisher, class org.waldreg.token.jwt.authenticator.JwtAuthenticator, class org.waldreg.token.jwt.secret.Secret}', locations = '{}', inheritLocations = true, initializers = '{}', inheritInitializers = true, name = [null], contextLoaderClass = 'org.springframework.test.context.ContextLoader'].
13:49:12.531 [Test worker] DEBUG org.springframework.test.context.support.ActiveProfilesUtils - Could not find an 'annotation declaring class' for annotation type [org.springframework.test.context.ActiveProfiles] and class [org.waldreg.token.authenticator.JwtAuthenticatorTest]
13:49:12.531 [Test worker] DEBUG org.springframework.test.context.support.DefaultTestContextBootstrapper - @TestExecutionListeners is not present for class [org.waldreg.token.authenticator.JwtAuthenticatorTest]: using defaults.
13:49:12.532 [Test worker] INFO org.springframework.test.context.support.DefaultTestContextBootstrapper - Loaded default TestExecutionListener class names from location [META-INF/spring.factories]: [org.springframework.boot.test.autoconfigure.restdocs.RestDocsTestExecutionListener, org.springframework.boot.test.autoconfigure.web.client.MockRestServiceServerResetTestExecutionListener, org.springframework.boot.test.autoconfigure.web.servlet.MockMvcPrintOnlyOnFailureTestExecutionListener, org.springframework.boot.test.autoconfigure.web.servlet.WebDriverTestExecutionListener, org.springframework.boot.test.autoconfigure.webservices.client.MockWebServiceServerTestExecutionListener, org.springframework.boot.test.mock.mockito.MockitoTestExecutionListener, org.springframework.boot.test.mock.mockito.ResetMocksTestExecutionListener, org.springframework.test.context.web.ServletTestExecutionListener, org.springframework.test.context.support.DirtiesContextBeforeModesTestExecutionListener, org.springframework.test.context.event.ApplicationEventsTestExecutionListener, org.springframework.test.context.support.DependencyInjectionTestExecutionListener, org.springframework.test.context.support.DirtiesContextTestExecutionListener, org.springframework.test.context.transaction.TransactionalTestExecutionListener, org.springframework.test.context.jdbc.SqlScriptsTestExecutionListener, org.springframework.test.context.event.EventPublishingTestExecutionListener]
13:49:12.541 [Test worker] DEBUG org.springframework.test.context.support.DefaultTestContextBootstrapper - Skipping candidate TestExecutionListener [org.springframework.test.context.transaction.TransactionalTestExecutionListener] due to a missing dependency. Specify custom listener classes or make the default listener classes and their required dependencies available. Offending class: [org/springframework/transaction/TransactionDefinition]
13:49:12.542 [Test worker] DEBUG org.springframework.test.context.support.DefaultTestContextBootstrapper - Skipping candidate TestExecutionListener [org.springframework.test.context.jdbc.SqlScriptsTestExecutionListener] due to a missing dependency. Specify custom listener classes or make the default listener classes and their required dependencies available. Offending class: [org/springframework/transaction/interceptor/TransactionAttribute]
13:49:12.542 [Test worker] INFO org.springframework.test.context.support.DefaultTestContextBootstrapper - Using TestExecutionListeners: [org.springframework.test.context.web.ServletTestExecutionListener@75459c75, org.springframework.test.context.support.DirtiesContextBeforeModesTestExecutionListener@183e8023, org.springframework.test.context.event.ApplicationEventsTestExecutionListener@45efc20d, org.springframework.boot.test.mock.mockito.MockitoTestExecutionListener@3e5499cc, org.springframework.test.context.support.DependencyInjectionTestExecutionListener@67ab1c47, org.springframework.test.context.support.DirtiesContextTestExecutionListener@b78a709, org.springframework.test.context.event.EventPublishingTestExecutionListener@30bcf3c1, org.springframework.boot.test.autoconfigure.restdocs.RestDocsTestExecutionListener@2a3c96e3, org.springframework.boot.test.autoconfigure.web.client.MockRestServiceServerResetTestExecutionListener@15cafec7, org.springframework.boot.test.autoconfigure.web.servlet.MockMvcPrintOnlyOnFailureTestExecutionListener@5b444398, org.springframework.boot.test.autoconfigure.web.servlet.WebDriverTestExecutionListener@cb191ca, org.springframework.boot.test.autoconfigure.webservices.client.MockWebServiceServerTestExecutionListener@42f48531, org.springframework.boot.test.mock.mockito.ResetMocksTestExecutionListener@a776e]
13:49:12.543 [Test worker] DEBUG org.springframework.test.context.support.AbstractDirtiesContextTestExecutionListener - Before test class: context [DefaultTestContext@758c83d8 testClass = JwtAuthenticatorTest, testInstance = [null], testMethod = [null], testException = [null], mergedContextConfiguration = [MergedContextConfiguration@129b4fe2 testClass = JwtAuthenticatorTest, locations = '{}', classes = '{class org.waldreg.token.jwt.publisher.JwtTokenPublisher, class org.waldreg.token.jwt.authenticator.JwtAuthenticator, class org.waldreg.token.jwt.secret.Secret}', contextInitializerClasses = '[]', activeProfiles = '{}', propertySourceLocations = '{}', propertySourceProperties = '{}', contextCustomizers = set[org.springframework.boot.test.autoconfigure.actuate.metrics.MetricsExportContextCustomizerFactory$DisableMetricExportContextCustomizer@74a6a609, org.springframework.boot.test.autoconfigure.properties.PropertyMappingContextCustomizer@0, org.springframework.boot.test.autoconfigure.web.servlet.WebDriverContextCustomizerFactory$Customizer@4bd1f8dd, org.springframework.boot.test.context.filter.ExcludeFilterContextCustomizer@3d3ba765, org.springframework.boot.test.json.DuplicateJsonObjectContextCustomizerFactory$DuplicateJsonObjectContextCustomizer@5c18016b, org.springframework.boot.test.mock.mockito.MockitoContextCustomizer@0], contextLoader = 'org.springframework.test.context.support.DelegatingSmartContextLoader', parent = [null]], attributes = map[[empty]]], class annotated with @DirtiesContext [false] with mode [null].
13:49:12.553 [Test worker] DEBUG org.springframework.test.context.support.DependencyInjectionTestExecutionListener - Performing dependency injection for test context [[DefaultTestContext@758c83d8 testClass = JwtAuthenticatorTest, testInstance = org.waldreg.token.authenticator.JwtAuthenticatorTest@7a791b66, testMethod = [null], testException = [null], mergedContextConfiguration = [MergedContextConfiguration@129b4fe2 testClass = JwtAuthenticatorTest, locations = '{}', classes = '{class org.waldreg.token.jwt.publisher.JwtTokenPublisher, class org.waldreg.token.jwt.authenticator.JwtAuthenticator, class org.waldreg.token.jwt.secret.Secret}', contextInitializerClasses = '[]', activeProfiles = '{}', propertySourceLocations = '{}', propertySourceProperties = '{}', contextCustomizers = set[org.springframework.boot.test.autoconfigure.actuate.metrics.MetricsExportContextCustomizerFactory$DisableMetricExportContextCustomizer@74a6a609, org.springframework.boot.test.autoconfigure.properties.PropertyMappingContextCustomizer@0, org.springframework.boot.test.autoconfigure.web.servlet.WebDriverContextCustomizerFactory$Customizer@4bd1f8dd, org.springframework.boot.test.context.filter.ExcludeFilterContextCustomizer@3d3ba765, org.springframework.boot.test.json.DuplicateJsonObjectContextCustomizerFactory$DuplicateJsonObjectContextCustomizer@5c18016b, org.springframework.boot.test.mock.mockito.MockitoContextCustomizer@0], contextLoader = 'org.springframework.test.context.support.DelegatingSmartContextLoader', parent = [null]], attributes = map['org.springframework.test.context.event.ApplicationEventsTestExecutionListener.recordApplicationEvents' -> false]]].
13:49:12.553 [Test worker] DEBUG org.springframework.test.context.support.AbstractDelegatingSmartContextLoader - Delegating to AnnotationConfigContextLoader to load context from [MergedContextConfiguration@129b4fe2 testClass = JwtAuthenticatorTest, locations = '{}', classes = '{class org.waldreg.token.jwt.publisher.JwtTokenPublisher, class org.waldreg.token.jwt.authenticator.JwtAuthenticator, class org.waldreg.token.jwt.secret.Secret}', contextInitializerClasses = '[]', activeProfiles = '{}', propertySourceLocations = '{}', propertySourceProperties = '{}', contextCustomizers = set[org.springframework.boot.test.autoconfigure.actuate.metrics.MetricsExportContextCustomizerFactory$DisableMetricExportContextCustomizer@74a6a609, org.springframework.boot.test.autoconfigure.properties.PropertyMappingContextCustomizer@0, org.springframework.boot.test.autoconfigure.web.servlet.WebDriverContextCustomizerFactory$Customizer@4bd1f8dd, org.springframework.boot.test.context.filter.ExcludeFilterContextCustomizer@3d3ba765, org.springframework.boot.test.json.DuplicateJsonObjectContextCustomizerFactory$DuplicateJsonObjectContextCustomizer@5c18016b, org.springframework.boot.test.mock.mockito.MockitoContextCustomizer@0], contextLoader = 'org.springframework.test.context.support.DelegatingSmartContextLoader', parent = [null]].
13:49:12.554 [Test worker] DEBUG org.springframework.test.context.support.AbstractGenericContextLoader - Loading ApplicationContext for merged context configuration [[MergedContextConfiguration@129b4fe2 testClass = JwtAuthenticatorTest, locations = '{}', classes = '{class org.waldreg.token.jwt.publisher.JwtTokenPublisher, class org.waldreg.token.jwt.authenticator.JwtAuthenticator, class org.waldreg.token.jwt.secret.Secret}', contextInitializerClasses = '[]', activeProfiles = '{}', propertySourceLocations = '{}', propertySourceProperties = '{}', contextCustomizers = set[org.springframework.boot.test.autoconfigure.actuate.metrics.MetricsExportContextCustomizerFactory$DisableMetricExportContextCustomizer@74a6a609, org.springframework.boot.test.autoconfigure.properties.PropertyMappingContextCustomizer@0, org.springframework.boot.test.autoconfigure.web.servlet.WebDriverContextCustomizerFactory$Customizer@4bd1f8dd, org.springframework.boot.test.context.filter.ExcludeFilterContextCustomizer@3d3ba765, org.springframework.boot.test.json.DuplicateJsonObjectContextCustomizerFactory$DuplicateJsonObjectContextCustomizer@5c18016b, org.springframework.boot.test.mock.mockito.MockitoContextCustomizer@0], contextLoader = 'org.springframework.test.context.support.DelegatingSmartContextLoader', parent = [null]]].
13:49:12.588 [Test worker] DEBUG org.springframework.core.env.StandardEnvironment - Activating profiles []
13:49:12.588 [Test worker] DEBUG org.springframework.test.context.support.AnnotationConfigContextLoader - Registering component classes: {class org.waldreg.token.jwt.publisher.JwtTokenPublisher, class org.waldreg.token.jwt.authenticator.JwtAuthenticator, class org.waldreg.token.jwt.secret.Secret}
13:49:12.623 [Test worker] DEBUG org.springframework.context.support.GenericApplicationContext - Refreshing org.springframework.context.support.GenericApplicationContext@239b0f9d
13:49:12.637 [Test worker] DEBUG org.springframework.beans.factory.support.DefaultListableBeanFactory - Creating shared instance of singleton bean 'org.springframework.context.annotation.internalConfigurationAnnotationProcessor'
13:49:12.669 [Test worker] DEBUG org.springframework.beans.factory.support.DefaultListableBeanFactory - Creating shared instance of singleton bean 'org.springframework.boot.test.mock.mockito.MockitoPostProcessor'
13:49:12.683 [Test worker] DEBUG org.springframework.beans.factory.support.DefaultListableBeanFactory - Creating shared instance of singleton bean 'org.springframework.context.event.internalEventListenerProcessor'
13:49:12.684 [Test worker] DEBUG org.springframework.beans.factory.support.DefaultListableBeanFactory - Creating shared instance of singleton bean 'org.springframework.context.event.internalEventListenerFactory'
13:49:12.686 [Test worker] DEBUG org.springframework.beans.factory.support.DefaultListableBeanFactory - Creating shared instance of singleton bean 'org.springframework.context.annotation.internalAutowiredAnnotationProcessor'
13:49:12.687 [Test worker] DEBUG org.springframework.beans.factory.support.DefaultListableBeanFactory - Creating shared instance of singleton bean 'org.springframework.context.annotation.internalCommonAnnotationProcessor'
13:49:12.692 [Test worker] DEBUG org.springframework.beans.factory.support.DefaultListableBeanFactory - Creating shared instance of singleton bean 'org.springframework.boot.test.mock.mockito.MockitoPostProcessor$SpyPostProcessor'
13:49:12.704 [Test worker] DEBUG org.springframework.beans.factory.support.DefaultListableBeanFactory - Creating shared instance of singleton bean 'jwtTokenPublisher'
13:49:12.715 [Test worker] DEBUG org.springframework.beans.factory.support.DefaultListableBeanFactory - Creating shared instance of singleton bean 'secret'
13:49:12.808 [Test worker] DEBUG org.springframework.beans.factory.support.DefaultListableBeanFactory - Autowiring by type from bean name 'jwtTokenPublisher' via constructor to bean named 'secret'
13:49:12.810 [Test worker] DEBUG org.springframework.beans.factory.support.DefaultListableBeanFactory - Creating shared instance of singleton bean 'jwtAuthenticator'
13:49:12.811 [Test worker] DEBUG org.springframework.beans.factory.support.DefaultListableBeanFactory - Autowiring by type from bean name 'jwtAuthenticator' via constructor to bean named 'secret'
13:49:12.823 [Test worker] DEBUG org.springframework.test.context.cache.DefaultCacheAwareContextLoaderDelegate - Storing ApplicationContext [597364637] in cache under key [[MergedContextConfiguration@129b4fe2 testClass = JwtAuthenticatorTest, locations = '{}', classes = '{class org.waldreg.token.jwt.publisher.JwtTokenPublisher, class org.waldreg.token.jwt.authenticator.JwtAuthenticator, class org.waldreg.token.jwt.secret.Secret}', contextInitializerClasses = '[]', activeProfiles = '{}', propertySourceLocations = '{}', propertySourceProperties = '{}', contextCustomizers = set[org.springframework.boot.test.autoconfigure.actuate.metrics.MetricsExportContextCustomizerFactory$DisableMetricExportContextCustomizer@74a6a609, org.springframework.boot.test.autoconfigure.properties.PropertyMappingContextCustomizer@0, org.springframework.boot.test.autoconfigure.web.servlet.WebDriverContextCustomizerFactory$Customizer@4bd1f8dd, org.springframework.boot.test.context.filter.ExcludeFilterContextCustomizer@3d3ba765, org.springframework.boot.test.json.DuplicateJsonObjectContextCustomizerFactory$DuplicateJsonObjectContextCustomizer@5c18016b, org.springframework.boot.test.mock.mockito.MockitoContextCustomizer@0], contextLoader = 'org.springframework.test.context.support.DelegatingSmartContextLoader', parent = [null]]]
13:49:12.823 [Test worker] DEBUG org.springframework.test.context.cache - Spring test ApplicationContext cache statistics: [DefaultContextCache@53cdecf6 size = 1, maxSize = 32, parentContextCount = 0, hitCount = 0, missCount = 1]
13:49:12.828 [Test worker] DEBUG org.springframework.test.context.cache.DefaultCacheAwareContextLoaderDelegate - Retrieved ApplicationContext [597364637] from cache with key [[MergedContextConfiguration@129b4fe2 testClass = JwtAuthenticatorTest, locations = '{}', classes = '{class org.waldreg.token.jwt.publisher.JwtTokenPublisher, class org.waldreg.token.jwt.authenticator.JwtAuthenticator, class org.waldreg.token.jwt.secret.Secret}', contextInitializerClasses = '[]', activeProfiles = '{}', propertySourceLocations = '{}', propertySourceProperties = '{}', contextCustomizers = set[org.springframework.boot.test.autoconfigure.actuate.metrics.MetricsExportContextCustomizerFactory$DisableMetricExportContextCustomizer@74a6a609, org.springframework.boot.test.autoconfigure.properties.PropertyMappingContextCustomizer@0, org.springframework.boot.test.autoconfigure.web.servlet.WebDriverContextCustomizerFactory$Customizer@4bd1f8dd, org.springframework.boot.test.context.filter.ExcludeFilterContextCustomizer@3d3ba765, org.springframework.boot.test.json.DuplicateJsonObjectContextCustomizerFactory$DuplicateJsonObjectContextCustomizer@5c18016b, org.springframework.boot.test.mock.mockito.MockitoContextCustomizer@0], contextLoader = 'org.springframework.test.context.support.DelegatingSmartContextLoader', parent = [null]]]
13:49:12.828 [Test worker] DEBUG org.springframework.test.context.cache - Spring test ApplicationContext cache statistics: [DefaultContextCache@53cdecf6 size = 1, maxSize = 32, parentContextCount = 0, hitCount = 1, missCount = 1]
13:49:12.832 [Test worker] DEBUG org.springframework.test.context.support.AbstractDirtiesContextTestExecutionListener - Before test method: context [DefaultTestContext@758c83d8 testClass = JwtAuthenticatorTest, testInstance = org.waldreg.token.authenticator.JwtAuthenticatorTest@7a791b66, testMethod = AUTHENTICATE_JWT_TOKEN_SUCCESS_TEST@JwtAuthenticatorTest, testException = [null], mergedContextConfiguration = [MergedContextConfiguration@129b4fe2 testClass = JwtAuthenticatorTest, locations = '{}', classes = '{class org.waldreg.token.jwt.publisher.JwtTokenPublisher, class org.waldreg.token.jwt.authenticator.JwtAuthenticator, class org.waldreg.token.jwt.secret.Secret}', contextInitializerClasses = '[]', activeProfiles = '{}', propertySourceLocations = '{}', propertySourceProperties = '{}', contextCustomizers = set[org.springframework.boot.test.autoconfigure.actuate.metrics.MetricsExportContextCustomizerFactory$DisableMetricExportContextCustomizer@74a6a609, org.springframework.boot.test.autoconfigure.properties.PropertyMappingContextCustomizer@0, org.springframework.boot.test.autoconfigure.web.servlet.WebDriverContextCustomizerFactory$Customizer@4bd1f8dd, org.springframework.boot.test.context.filter.ExcludeFilterContextCustomizer@3d3ba765, org.springframework.boot.test.json.DuplicateJsonObjectContextCustomizerFactory$DuplicateJsonObjectContextCustomizer@5c18016b, org.springframework.boot.test.mock.mockito.MockitoContextCustomizer@0], contextLoader = 'org.springframework.test.context.support.DelegatingSmartContextLoader', parent = [null]], attributes = map['org.springframework.test.context.event.ApplicationEventsTestExecutionListener.recordApplicationEvents' -> false]], class annotated with @DirtiesContext [false] with mode [null], method annotated with @DirtiesContext [false] with mode [null].
13:49:12.833 [Test worker] DEBUG org.springframework.test.context.cache.DefaultCacheAwareContextLoaderDelegate - Retrieved ApplicationContext [597364637] from cache with key [[MergedContextConfiguration@129b4fe2 testClass = JwtAuthenticatorTest, locations = '{}', classes = '{class org.waldreg.token.jwt.publisher.JwtTokenPublisher, class org.waldreg.token.jwt.authenticator.JwtAuthenticator, class org.waldreg.token.jwt.secret.Secret}', contextInitializerClasses = '[]', activeProfiles = '{}', propertySourceLocations = '{}', propertySourceProperties = '{}', contextCustomizers = set[org.springframework.boot.test.autoconfigure.actuate.metrics.MetricsExportContextCustomizerFactory$DisableMetricExportContextCustomizer@74a6a609, org.springframework.boot.test.autoconfigure.properties.PropertyMappingContextCustomizer@0, org.springframework.boot.test.autoconfigure.web.servlet.WebDriverContextCustomizerFactory$Customizer@4bd1f8dd, org.springframework.boot.test.context.filter.ExcludeFilterContextCustomizer@3d3ba765, org.springframework.boot.test.json.DuplicateJsonObjectContextCustomizerFactory$DuplicateJsonObjectContextCustomizer@5c18016b, org.springframework.boot.test.mock.mockito.MockitoContextCustomizer@0], contextLoader = 'org.springframework.test.context.support.DelegatingSmartContextLoader', parent = [null]]]
13:49:12.833 [Test worker] DEBUG org.springframework.test.context.cache - Spring test ApplicationContext cache statistics: [DefaultContextCache@53cdecf6 size = 1, maxSize = 32, parentContextCount = 0, hitCount = 2, missCount = 1]
13:49:12.834 [Test worker] DEBUG org.springframework.test.context.cache.DefaultCacheAwareContextLoaderDelegate - Retrieved ApplicationContext [597364637] from cache with key [[MergedContextConfiguration@129b4fe2 testClass = JwtAuthenticatorTest, locations = '{}', classes = '{class org.waldreg.token.jwt.publisher.JwtTokenPublisher, class org.waldreg.token.jwt.authenticator.JwtAuthenticator, class org.waldreg.token.jwt.secret.Secret}', contextInitializerClasses = '[]', activeProfiles = '{}', propertySourceLocations = '{}', propertySourceProperties = '{}', contextCustomizers = set[org.springframework.boot.test.autoconfigure.actuate.metrics.MetricsExportContextCustomizerFactory$DisableMetricExportContextCustomizer@74a6a609, org.springframework.boot.test.autoconfigure.properties.PropertyMappingContextCustomizer@0, org.springframework.boot.test.autoconfigure.web.servlet.WebDriverContextCustomizerFactory$Customizer@4bd1f8dd, org.springframework.boot.test.context.filter.ExcludeFilterContextCustomizer@3d3ba765, org.springframework.boot.test.json.DuplicateJsonObjectContextCustomizerFactory$DuplicateJsonObjectContextCustomizer@5c18016b, org.springframework.boot.test.mock.mockito.MockitoContextCustomizer@0], contextLoader = 'org.springframework.test.context.support.DelegatingSmartContextLoader', parent = [null]]]
13:49:12.834 [Test worker] DEBUG org.springframework.test.context.cache - Spring test ApplicationContext cache statistics: [DefaultContextCache@53cdecf6 size = 1, maxSize = 32, parentContextCount = 0, hitCount = 3, missCount = 1]
13:49:13.124 [Test worker] DEBUG org.springframework.test.context.cache.DefaultCacheAwareContextLoaderDelegate - Retrieved ApplicationContext [597364637] from cache with key [[MergedContextConfiguration@129b4fe2 testClass = JwtAuthenticatorTest, locations = '{}', classes = '{class org.waldreg.token.jwt.publisher.JwtTokenPublisher, class org.waldreg.token.jwt.authenticator.JwtAuthenticator, class org.waldreg.token.jwt.secret.Secret}', contextInitializerClasses = '[]', activeProfiles = '{}', propertySourceLocations = '{}', propertySourceProperties = '{}', contextCustomizers = set[org.springframework.boot.test.autoconfigure.actuate.metrics.MetricsExportContextCustomizerFactory$DisableMetricExportContextCustomizer@74a6a609, org.springframework.boot.test.autoconfigure.properties.PropertyMappingContextCustomizer@0, org.springframework.boot.test.autoconfigure.web.servlet.WebDriverContextCustomizerFactory$Customizer@4bd1f8dd, org.springframework.boot.test.context.filter.ExcludeFilterContextCustomizer@3d3ba765, org.springframework.boot.test.json.DuplicateJsonObjectContextCustomizerFactory$DuplicateJsonObjectContextCustomizer@5c18016b, org.springframework.boot.test.mock.mockito.MockitoContextCustomizer@0], contextLoader = 'org.springframework.test.context.support.DelegatingSmartContextLoader', parent = [null]]]
13:49:13.124 [Test worker] DEBUG org.springframework.test.context.cache - Spring test ApplicationContext cache statistics: [DefaultContextCache@53cdecf6 size = 1, maxSize = 32, parentContextCount = 0, hitCount = 4, missCount = 1]
13:49:13.326 [Test worker] DEBUG org.springframework.test.context.cache.DefaultCacheAwareContextLoaderDelegate - Retrieved ApplicationContext [597364637] from cache with key [[MergedContextConfiguration@129b4fe2 testClass = JwtAuthenticatorTest, locations = '{}', classes = '{class org.waldreg.token.jwt.publisher.JwtTokenPublisher, class org.waldreg.token.jwt.authenticator.JwtAuthenticator, class org.waldreg.token.jwt.secret.Secret}', contextInitializerClasses = '[]', activeProfiles = '{}', propertySourceLocations = '{}', propertySourceProperties = '{}', contextCustomizers = set[org.springframework.boot.test.autoconfigure.actuate.metrics.MetricsExportContextCustomizerFactory$DisableMetricExportContextCustomizer@74a6a609, org.springframework.boot.test.autoconfigure.properties.PropertyMappingContextCustomizer@0, org.springframework.boot.test.autoconfigure.web.servlet.WebDriverContextCustomizerFactory$Customizer@4bd1f8dd, org.springframework.boot.test.context.filter.ExcludeFilterContextCustomizer@3d3ba765, org.springframework.boot.test.json.DuplicateJsonObjectContextCustomizerFactory$DuplicateJsonObjectContextCustomizer@5c18016b, org.springframework.boot.test.mock.mockito.MockitoContextCustomizer@0], contextLoader = 'org.springframework.test.context.support.DelegatingSmartContextLoader', parent = [null]]]
13:49:13.326 [Test worker] DEBUG org.springframework.test.context.cache - Spring test ApplicationContext cache statistics: [DefaultContextCache@53cdecf6 size = 1, maxSize = 32, parentContextCount = 0, hitCount = 5, missCount = 1]
13:49:13.327 [Test worker] DEBUG org.springframework.test.context.cache.DefaultCacheAwareContextLoaderDelegate - Retrieved ApplicationContext [597364637] from cache with key [[MergedContextConfiguration@129b4fe2 testClass = JwtAuthenticatorTest, locations = '{}', classes = '{class org.waldreg.token.jwt.publisher.JwtTokenPublisher, class org.waldreg.token.jwt.authenticator.JwtAuthenticator, class org.waldreg.token.jwt.secret.Secret}', contextInitializerClasses = '[]', activeProfiles = '{}', propertySourceLocations = '{}', propertySourceProperties = '{}', contextCustomizers = set[org.springframework.boot.test.autoconfigure.actuate.metrics.MetricsExportContextCustomizerFactory$DisableMetricExportContextCustomizer@74a6a609, org.springframework.boot.test.autoconfigure.properties.PropertyMappingContextCustomizer@0, org.springframework.boot.test.autoconfigure.web.servlet.WebDriverContextCustomizerFactory$Customizer@4bd1f8dd, org.springframework.boot.test.context.filter.ExcludeFilterContextCustomizer@3d3ba765, org.springframework.boot.test.json.DuplicateJsonObjectContextCustomizerFactory$DuplicateJsonObjectContextCustomizer@5c18016b, org.springframework.boot.test.mock.mockito.MockitoContextCustomizer@0], contextLoader = 'org.springframework.test.context.support.DelegatingSmartContextLoader', parent = [null]]]
13:49:13.327 [Test worker] DEBUG org.springframework.test.context.cache - Spring test ApplicationContext cache statistics: [DefaultContextCache@53cdecf6 size = 1, maxSize = 32, parentContextCount = 0, hitCount = 6, missCount = 1]
13:49:13.328 [Test worker] DEBUG org.springframework.test.context.cache.DefaultCacheAwareContextLoaderDelegate - Retrieved ApplicationContext [597364637] from cache with key [[MergedContextConfiguration@129b4fe2 testClass = JwtAuthenticatorTest, locations = '{}', classes = '{class org.waldreg.token.jwt.publisher.JwtTokenPublisher, class org.waldreg.token.jwt.authenticator.JwtAuthenticator, class org.waldreg.token.jwt.secret.Secret}', contextInitializerClasses = '[]', activeProfiles = '{}', propertySourceLocations = '{}', propertySourceProperties = '{}', contextCustomizers = set[org.springframework.boot.test.autoconfigure.actuate.metrics.MetricsExportContextCustomizerFactory$DisableMetricExportContextCustomizer@74a6a609, org.springframework.boot.test.autoconfigure.properties.PropertyMappingContextCustomizer@0, org.springframework.boot.test.autoconfigure.web.servlet.WebDriverContextCustomizerFactory$Customizer@4bd1f8dd, org.springframework.boot.test.context.filter.ExcludeFilterContextCustomizer@3d3ba765, org.springframework.boot.test.json.DuplicateJsonObjectContextCustomizerFactory$DuplicateJsonObjectContextCustomizer@5c18016b, org.springframework.boot.test.mock.mockito.MockitoContextCustomizer@0], contextLoader = 'org.springframework.test.context.support.DelegatingSmartContextLoader', parent = [null]]]
13:49:13.328 [Test worker] DEBUG org.springframework.test.context.cache - Spring test ApplicationContext cache statistics: [DefaultContextCache@53cdecf6 size = 1, maxSize = 32, parentContextCount = 0, hitCount = 7, missCount = 1]
13:49:13.328 [Test worker] DEBUG org.springframework.test.context.cache.DefaultCacheAwareContextLoaderDelegate - Retrieved ApplicationContext [597364637] from cache with key [[MergedContextConfiguration@129b4fe2 testClass = JwtAuthenticatorTest, locations = '{}', classes = '{class org.waldreg.token.jwt.publisher.JwtTokenPublisher, class org.waldreg.token.jwt.authenticator.JwtAuthenticator, class org.waldreg.token.jwt.secret.Secret}', contextInitializerClasses = '[]', activeProfiles = '{}', propertySourceLocations = '{}', propertySourceProperties = '{}', contextCustomizers = set[org.springframework.boot.test.autoconfigure.actuate.metrics.MetricsExportContextCustomizerFactory$DisableMetricExportContextCustomizer@74a6a609, org.springframework.boot.test.autoconfigure.properties.PropertyMappingContextCustomizer@0, org.springframework.boot.test.autoconfigure.web.servlet.WebDriverContextCustomizerFactory$Customizer@4bd1f8dd, org.springframework.boot.test.context.filter.ExcludeFilterContextCustomizer@3d3ba765, org.springframework.boot.test.json.DuplicateJsonObjectContextCustomizerFactory$DuplicateJsonObjectContextCustomizer@5c18016b, org.springframework.boot.test.mock.mockito.MockitoContextCustomizer@0], contextLoader = 'org.springframework.test.context.support.DelegatingSmartContextLoader', parent = [null]]]
13:49:13.328 [Test worker] DEBUG org.springframework.test.context.cache - Spring test ApplicationContext cache statistics: [DefaultContextCache@53cdecf6 size = 1, maxSize = 32, parentContextCount = 0, hitCount = 8, missCount = 1]
13:49:13.330 [Test worker] DEBUG org.springframework.test.context.cache.DefaultCacheAwareContextLoaderDelegate - Retrieved ApplicationContext [597364637] from cache with key [[MergedContextConfiguration@129b4fe2 testClass = JwtAuthenticatorTest, locations = '{}', classes = '{class org.waldreg.token.jwt.publisher.JwtTokenPublisher, class org.waldreg.token.jwt.authenticator.JwtAuthenticator, class org.waldreg.token.jwt.secret.Secret}', contextInitializerClasses = '[]', activeProfiles = '{}', propertySourceLocations = '{}', propertySourceProperties = '{}', contextCustomizers = set[org.springframework.boot.test.autoconfigure.actuate.metrics.MetricsExportContextCustomizerFactory$DisableMetricExportContextCustomizer@74a6a609, org.springframework.boot.test.autoconfigure.properties.PropertyMappingContextCustomizer@0, org.springframework.boot.test.autoconfigure.web.servlet.WebDriverContextCustomizerFactory$Customizer@4bd1f8dd, org.springframework.boot.test.context.filter.ExcludeFilterContextCustomizer@3d3ba765, org.springframework.boot.test.json.DuplicateJsonObjectContextCustomizerFactory$DuplicateJsonObjectContextCustomizer@5c18016b, org.springframework.boot.test.mock.mockito.MockitoContextCustomizer@0], contextLoader = 'org.springframework.test.context.support.DelegatingSmartContextLoader', parent = [null]]]
13:49:13.330 [Test worker] DEBUG org.springframework.test.context.cache - Spring test ApplicationContext cache statistics: [DefaultContextCache@53cdecf6 size = 1, maxSize = 32, parentContextCount = 0, hitCount = 9, missCount = 1]
13:49:13.331 [Test worker] DEBUG org.springframework.test.context.cache.DefaultCacheAwareContextLoaderDelegate - Retrieved ApplicationContext [597364637] from cache with key [[MergedContextConfiguration@129b4fe2 testClass = JwtAuthenticatorTest, locations = '{}', classes = '{class org.waldreg.token.jwt.publisher.JwtTokenPublisher, class org.waldreg.token.jwt.authenticator.JwtAuthenticator, class org.waldreg.token.jwt.secret.Secret}', contextInitializerClasses = '[]', activeProfiles = '{}', propertySourceLocations = '{}', propertySourceProperties = '{}', contextCustomizers = set[org.springframework.boot.test.autoconfigure.actuate.metrics.MetricsExportContextCustomizerFactory$DisableMetricExportContextCustomizer@74a6a609, org.springframework.boot.test.autoconfigure.properties.PropertyMappingContextCustomizer@0, org.springframework.boot.test.autoconfigure.web.servlet.WebDriverContextCustomizerFactory$Customizer@4bd1f8dd, org.springframework.boot.test.context.filter.ExcludeFilterContextCustomizer@3d3ba765, org.springframework.boot.test.json.DuplicateJsonObjectContextCustomizerFactory$DuplicateJsonObjectContextCustomizer@5c18016b, org.springframework.boot.test.mock.mockito.MockitoContextCustomizer@0], contextLoader = 'org.springframework.test.context.support.DelegatingSmartContextLoader', parent = [null]]]
13:49:13.331 [Test worker] DEBUG org.springframework.test.context.cache - Spring test ApplicationContext cache statistics: [DefaultContextCache@53cdecf6 size = 1, maxSize = 32, parentContextCount = 0, hitCount = 10, missCount = 1]
13:49:13.332 [Test worker] DEBUG org.springframework.test.context.support.AbstractDirtiesContextTestExecutionListener - After test method: context [DefaultTestContext@758c83d8 testClass = JwtAuthenticatorTest, testInstance = org.waldreg.token.authenticator.JwtAuthenticatorTest@7a791b66, testMethod = AUTHENTICATE_JWT_TOKEN_SUCCESS_TEST@JwtAuthenticatorTest, testException = [null], mergedContextConfiguration = [MergedContextConfiguration@129b4fe2 testClass = JwtAuthenticatorTest, locations = '{}', classes = '{class org.waldreg.token.jwt.publisher.JwtTokenPublisher, class org.waldreg.token.jwt.authenticator.JwtAuthenticator, class org.waldreg.token.jwt.secret.Secret}', contextInitializerClasses = '[]', activeProfiles = '{}', propertySourceLocations = '{}', propertySourceProperties = '{}', contextCustomizers = set[org.springframework.boot.test.autoconfigure.actuate.metrics.MetricsExportContextCustomizerFactory$DisableMetricExportContextCustomizer@74a6a609, org.springframework.boot.test.autoconfigure.properties.PropertyMappingContextCustomizer@0, org.springframework.boot.test.autoconfigure.web.servlet.WebDriverContextCustomizerFactory$Customizer@4bd1f8dd, org.springframework.boot.test.context.filter.ExcludeFilterContextCustomizer@3d3ba765, org.springframework.boot.test.json.DuplicateJsonObjectContextCustomizerFactory$DuplicateJsonObjectContextCustomizer@5c18016b, org.springframework.boot.test.mock.mockito.MockitoContextCustomizer@0], contextLoader = 'org.springframework.test.context.support.DelegatingSmartContextLoader', parent = [null]], attributes = map['org.springframework.test.context.event.ApplicationEventsTestExecutionListener.recordApplicationEvents' -> false]], class annotated with @DirtiesContext [false] with mode [null], method annotated with @DirtiesContext [false] with mode [null].
13:49:13.338 [Test worker] DEBUG org.springframework.test.context.cache.DefaultCacheAwareContextLoaderDelegate - Retrieved ApplicationContext [597364637] from cache with key [[MergedContextConfiguration@129b4fe2 testClass = JwtAuthenticatorTest, locations = '{}', classes = '{class org.waldreg.token.jwt.publisher.JwtTokenPublisher, class org.waldreg.token.jwt.authenticator.JwtAuthenticator, class org.waldreg.token.jwt.secret.Secret}', contextInitializerClasses = '[]', activeProfiles = '{}', propertySourceLocations = '{}', propertySourceProperties = '{}', contextCustomizers = set[org.springframework.boot.test.autoconfigure.actuate.metrics.MetricsExportContextCustomizerFactory$DisableMetricExportContextCustomizer@74a6a609, org.springframework.boot.test.autoconfigure.properties.PropertyMappingContextCustomizer@0, org.springframework.boot.test.autoconfigure.web.servlet.WebDriverContextCustomizerFactory$Customizer@4bd1f8dd, org.springframework.boot.test.context.filter.ExcludeFilterContextCustomizer@3d3ba765, org.springframework.boot.test.json.DuplicateJsonObjectContextCustomizerFactory$DuplicateJsonObjectContextCustomizer@5c18016b, org.springframework.boot.test.mock.mockito.MockitoContextCustomizer@0], contextLoader = 'org.springframework.test.context.support.DelegatingSmartContextLoader', parent = [null]]]
13:49:13.338 [Test worker] DEBUG org.springframework.test.context.cache - Spring test ApplicationContext cache statistics: [DefaultContextCache@53cdecf6 size = 1, maxSize = 32, parentContextCount = 0, hitCount = 11, missCount = 1]
13:49:13.338 [Test worker] DEBUG org.springframework.test.context.support.AbstractDirtiesContextTestExecutionListener - After test class: context [DefaultTestContext@758c83d8 testClass = JwtAuthenticatorTest, testInstance = [null], testMethod = [null], testException = [null], mergedContextConfiguration = [MergedContextConfiguration@129b4fe2 testClass = JwtAuthenticatorTest, locations = '{}', classes = '{class org.waldreg.token.jwt.publisher.JwtTokenPublisher, class org.waldreg.token.jwt.authenticator.JwtAuthenticator, class org.waldreg.token.jwt.secret.Secret}', contextInitializerClasses = '[]', activeProfiles = '{}', propertySourceLocations = '{}', propertySourceProperties = '{}', contextCustomizers = set[org.springframework.boot.test.autoconfigure.actuate.metrics.MetricsExportContextCustomizerFactory$DisableMetricExportContextCustomizer@74a6a609, org.springframework.boot.test.autoconfigure.properties.PropertyMappingContextCustomizer@0, org.springframework.boot.test.autoconfigure.web.servlet.WebDriverContextCustomizerFactory$Customizer@4bd1f8dd, org.springframework.boot.test.context.filter.ExcludeFilterContextCustomizer@3d3ba765, org.springframework.boot.test.json.DuplicateJsonObjectContextCustomizerFactory$DuplicateJsonObjectContextCustomizer@5c18016b, org.springframework.boot.test.mock.mockito.MockitoContextCustomizer@0], contextLoader = 'org.springframework.test.context.support.DelegatingSmartContextLoader', parent = [null]], attributes = map['org.springframework.test.context.event.ApplicationEventsTestExecutionListener.recordApplicationEvents' -> false]], class annotated with @DirtiesContext [false] with mode [null].
]]></system-out>
  <system-err><![CDATA[]]></system-err>
</testsuite>
