<?xml version="1.0" encoding="UTF-8"?>
<testsuite name="org.waldreg.home.home.HomeServiceTest" tests="2" skipped="0" failures="0" errors="0" timestamp="2023-06-27T14:51:42" hostname="xb-apple.local" time="0.005">
  <properties/>
  <testcase name="홈화면 게시글 조회 성공 테스트" classname="org.waldreg.home.home.HomeServiceTest" time="0.002"/>
  <testcase name="홈화면 게시글 수정 성공 테스트" classname="org.waldreg.home.home.HomeServiceTest" time="0.002"/>
  <system-out><![CDATA[23:51:42.680 [Test worker] DEBUG org.springframework.test.context.BootstrapUtils - Instantiating CacheAwareContextLoaderDelegate from class [org.springframework.test.context.cache.DefaultCacheAwareContextLoaderDelegate]
23:51:42.680 [Test worker] DEBUG org.springframework.test.context.BootstrapUtils - Instantiating BootstrapContext using constructor [public org.springframework.test.context.support.DefaultBootstrapContext(java.lang.Class,org.springframework.test.context.CacheAwareContextLoaderDelegate)]
23:51:42.681 [Test worker] DEBUG org.springframework.test.context.BootstrapUtils - Instantiating TestContextBootstrapper for test class [org.waldreg.home.home.HomeServiceTest] from class [org.springframework.test.context.support.DefaultTestContextBootstrapper]
23:51:42.681 [Test worker] DEBUG org.springframework.test.context.support.AbstractDelegatingSmartContextLoader - Delegating to AnnotationConfigContextLoader to process context configuration [ContextConfigurationAttributes@45bb2aa1 declaringClass = 'org.waldreg.home.home.HomeServiceTest', classes = '{class org.waldreg.home.homecontent.management.DefaultHomeManager}', locations = '{}', inheritLocations = true, initializers = '{}', inheritInitializers = true, name = [null], contextLoaderClass = 'org.springframework.test.context.ContextLoader'].
23:51:42.681 [Test worker] DEBUG org.springframework.test.context.support.ActiveProfilesUtils - Could not find an 'annotation declaring class' for annotation type [org.springframework.test.context.ActiveProfiles] and class [org.waldreg.home.home.HomeServiceTest]
23:51:42.682 [Test worker] DEBUG org.springframework.test.context.support.DefaultTestContextBootstrapper - @TestExecutionListeners is not present for class [org.waldreg.home.home.HomeServiceTest]: using defaults.
23:51:42.682 [Test worker] INFO org.springframework.test.context.support.DefaultTestContextBootstrapper - Loaded default TestExecutionListener class names from location [META-INF/spring.factories]: [org.springframework.boot.test.autoconfigure.restdocs.RestDocsTestExecutionListener, org.springframework.boot.test.autoconfigure.web.client.MockRestServiceServerResetTestExecutionListener, org.springframework.boot.test.autoconfigure.web.servlet.MockMvcPrintOnlyOnFailureTestExecutionListener, org.springframework.boot.test.autoconfigure.web.servlet.WebDriverTestExecutionListener, org.springframework.boot.test.autoconfigure.webservices.client.MockWebServiceServerTestExecutionListener, org.springframework.boot.test.mock.mockito.MockitoTestExecutionListener, org.springframework.boot.test.mock.mockito.ResetMocksTestExecutionListener, org.springframework.test.context.web.ServletTestExecutionListener, org.springframework.test.context.support.DirtiesContextBeforeModesTestExecutionListener, org.springframework.test.context.event.ApplicationEventsTestExecutionListener, org.springframework.test.context.support.DependencyInjectionTestExecutionListener, org.springframework.test.context.support.DirtiesContextTestExecutionListener, org.springframework.test.context.transaction.TransactionalTestExecutionListener, org.springframework.test.context.jdbc.SqlScriptsTestExecutionListener, org.springframework.test.context.event.EventPublishingTestExecutionListener]
23:51:42.682 [Test worker] DEBUG org.springframework.test.context.support.DefaultTestContextBootstrapper - Skipping candidate TestExecutionListener [org.springframework.test.context.transaction.TransactionalTestExecutionListener] due to a missing dependency. Specify custom listener classes or make the default listener classes and their required dependencies available. Offending class: [org/springframework/transaction/interceptor/TransactionAttributeSource]
23:51:42.682 [Test worker] DEBUG org.springframework.test.context.support.DefaultTestContextBootstrapper - Skipping candidate TestExecutionListener [org.springframework.test.context.jdbc.SqlScriptsTestExecutionListener] due to a missing dependency. Specify custom listener classes or make the default listener classes and their required dependencies available. Offending class: [org/springframework/transaction/interceptor/TransactionAttribute]
23:51:42.682 [Test worker] INFO org.springframework.test.context.support.DefaultTestContextBootstrapper - Using TestExecutionListeners: [org.springframework.test.context.web.ServletTestExecutionListener@73545b80, org.springframework.test.context.support.DirtiesContextBeforeModesTestExecutionListener@6d469831, org.springframework.test.context.event.ApplicationEventsTestExecutionListener@74db12c2, org.springframework.boot.test.mock.mockito.MockitoTestExecutionListener@2ff15f8c, org.springframework.test.context.support.DependencyInjectionTestExecutionListener@7ea899a9, org.springframework.test.context.support.DirtiesContextTestExecutionListener@2776015d, org.springframework.test.context.event.EventPublishingTestExecutionListener@b174a73, org.springframework.boot.test.autoconfigure.restdocs.RestDocsTestExecutionListener@2e3f79a2, org.springframework.boot.test.autoconfigure.web.client.MockRestServiceServerResetTestExecutionListener@1460c81d, org.springframework.boot.test.autoconfigure.web.servlet.MockMvcPrintOnlyOnFailureTestExecutionListener@38b5f25, org.springframework.boot.test.autoconfigure.web.servlet.WebDriverTestExecutionListener@327ed9f5, org.springframework.boot.test.autoconfigure.webservices.client.MockWebServiceServerTestExecutionListener@67594471, org.springframework.boot.test.mock.mockito.ResetMocksTestExecutionListener@756b58a7]
23:51:42.682 [Test worker] DEBUG org.springframework.test.context.support.AbstractDirtiesContextTestExecutionListener - Before test class: context [DefaultTestContext@2cc04358 testClass = HomeServiceTest, testInstance = [null], testMethod = [null], testException = [null], mergedContextConfiguration = [MergedContextConfiguration@68b58644 testClass = HomeServiceTest, locations = '{}', classes = '{class org.waldreg.home.homecontent.management.DefaultHomeManager}', contextInitializerClasses = '[]', activeProfiles = '{}', propertySourceLocations = '{}', propertySourceProperties = '{}', contextCustomizers = set[org.springframework.boot.test.autoconfigure.actuate.metrics.MetricsExportContextCustomizerFactory$DisableMetricExportContextCustomizer@38604b81, org.springframework.boot.test.autoconfigure.properties.PropertyMappingContextCustomizer@0, org.springframework.boot.test.autoconfigure.web.servlet.WebDriverContextCustomizerFactory$Customizer@1f53a5dc, org.springframework.boot.test.context.filter.ExcludeFilterContextCustomizer@c7ba306, org.springframework.boot.test.json.DuplicateJsonObjectContextCustomizerFactory$DuplicateJsonObjectContextCustomizer@6c4980d3, org.springframework.boot.test.mock.mockito.MockitoContextCustomizer@2a0b853c], contextLoader = 'org.springframework.test.context.support.DelegatingSmartContextLoader', parent = [null]], attributes = map[[empty]]], class annotated with @DirtiesContext [false] with mode [null].
23:51:42.682 [Test worker] DEBUG org.springframework.test.context.support.AbstractDelegatingSmartContextLoader - Delegating to AnnotationConfigContextLoader to load context from [MergedContextConfiguration@68b58644 testClass = HomeServiceTest, locations = '{}', classes = '{class org.waldreg.home.homecontent.management.DefaultHomeManager}', contextInitializerClasses = '[]', activeProfiles = '{}', propertySourceLocations = '{}', propertySourceProperties = '{}', contextCustomizers = set[org.springframework.boot.test.autoconfigure.actuate.metrics.MetricsExportContextCustomizerFactory$DisableMetricExportContextCustomizer@38604b81, org.springframework.boot.test.autoconfigure.properties.PropertyMappingContextCustomizer@0, org.springframework.boot.test.autoconfigure.web.servlet.WebDriverContextCustomizerFactory$Customizer@1f53a5dc, org.springframework.boot.test.context.filter.ExcludeFilterContextCustomizer@c7ba306, org.springframework.boot.test.json.DuplicateJsonObjectContextCustomizerFactory$DuplicateJsonObjectContextCustomizer@6c4980d3, org.springframework.boot.test.mock.mockito.MockitoContextCustomizer@2a0b853c], contextLoader = 'org.springframework.test.context.support.DelegatingSmartContextLoader', parent = [null]].
23:51:42.682 [Test worker] DEBUG org.springframework.test.context.support.AbstractGenericContextLoader - Loading ApplicationContext for merged context configuration [[MergedContextConfiguration@68b58644 testClass = HomeServiceTest, locations = '{}', classes = '{class org.waldreg.home.homecontent.management.DefaultHomeManager}', contextInitializerClasses = '[]', activeProfiles = '{}', propertySourceLocations = '{}', propertySourceProperties = '{}', contextCustomizers = set[org.springframework.boot.test.autoconfigure.actuate.metrics.MetricsExportContextCustomizerFactory$DisableMetricExportContextCustomizer@38604b81, org.springframework.boot.test.autoconfigure.properties.PropertyMappingContextCustomizer@0, org.springframework.boot.test.autoconfigure.web.servlet.WebDriverContextCustomizerFactory$Customizer@1f53a5dc, org.springframework.boot.test.context.filter.ExcludeFilterContextCustomizer@c7ba306, org.springframework.boot.test.json.DuplicateJsonObjectContextCustomizerFactory$DuplicateJsonObjectContextCustomizer@6c4980d3, org.springframework.boot.test.mock.mockito.MockitoContextCustomizer@2a0b853c], contextLoader = 'org.springframework.test.context.support.DelegatingSmartContextLoader', parent = [null]]].
23:51:42.683 [Test worker] DEBUG org.springframework.core.env.StandardEnvironment - Activating profiles []
23:51:42.683 [Test worker] DEBUG org.springframework.test.context.support.AnnotationConfigContextLoader - Registering component classes: {class org.waldreg.home.homecontent.management.DefaultHomeManager}
23:51:42.683 [Test worker] DEBUG org.springframework.context.support.GenericApplicationContext - Refreshing org.springframework.context.support.GenericApplicationContext@45e22def
23:51:42.683 [Test worker] DEBUG org.springframework.beans.factory.support.DefaultListableBeanFactory - Creating shared instance of singleton bean 'org.springframework.context.annotation.internalConfigurationAnnotationProcessor'
23:51:42.684 [Test worker] DEBUG org.springframework.beans.factory.support.DefaultListableBeanFactory - Creating shared instance of singleton bean 'org.springframework.boot.test.mock.mockito.MockitoPostProcessor'
23:51:42.689 [Test worker] DEBUG org.springframework.beans.factory.support.DefaultListableBeanFactory - Creating shared instance of singleton bean 'org.springframework.context.event.internalEventListenerProcessor'
23:51:42.689 [Test worker] DEBUG org.springframework.beans.factory.support.DefaultListableBeanFactory - Creating shared instance of singleton bean 'org.springframework.context.event.internalEventListenerFactory'
23:51:42.690 [Test worker] DEBUG org.springframework.beans.factory.support.DefaultListableBeanFactory - Creating shared instance of singleton bean 'org.springframework.context.annotation.internalAutowiredAnnotationProcessor'
23:51:42.690 [Test worker] DEBUG org.springframework.beans.factory.support.DefaultListableBeanFactory - Creating shared instance of singleton bean 'org.springframework.context.annotation.internalCommonAnnotationProcessor'
23:51:42.690 [Test worker] DEBUG org.springframework.beans.factory.support.DefaultListableBeanFactory - Creating shared instance of singleton bean 'org.springframework.boot.test.mock.mockito.MockitoPostProcessor$SpyPostProcessor'
23:51:42.690 [Test worker] DEBUG org.springframework.beans.factory.support.DefaultListableBeanFactory - Creating shared instance of singleton bean 'defaultHomeManager'
23:51:42.691 [Test worker] DEBUG org.springframework.beans.factory.support.DefaultListableBeanFactory - Autowiring by type from bean name 'defaultHomeManager' via constructor to bean named 'org.waldreg.home.spi.HomeRepository#0'
23:51:42.692 [Test worker] DEBUG org.springframework.test.context.cache.DefaultCacheAwareContextLoaderDelegate - Storing ApplicationContext [1172450799] in cache under key [[MergedContextConfiguration@68b58644 testClass = HomeServiceTest, locations = '{}', classes = '{class org.waldreg.home.homecontent.management.DefaultHomeManager}', contextInitializerClasses = '[]', activeProfiles = '{}', propertySourceLocations = '{}', propertySourceProperties = '{}', contextCustomizers = set[org.springframework.boot.test.autoconfigure.actuate.metrics.MetricsExportContextCustomizerFactory$DisableMetricExportContextCustomizer@38604b81, org.springframework.boot.test.autoconfigure.properties.PropertyMappingContextCustomizer@0, org.springframework.boot.test.autoconfigure.web.servlet.WebDriverContextCustomizerFactory$Customizer@1f53a5dc, org.springframework.boot.test.context.filter.ExcludeFilterContextCustomizer@c7ba306, org.springframework.boot.test.json.DuplicateJsonObjectContextCustomizerFactory$DuplicateJsonObjectContextCustomizer@6c4980d3, org.springframework.boot.test.mock.mockito.MockitoContextCustomizer@2a0b853c], contextLoader = 'org.springframework.test.context.support.DelegatingSmartContextLoader', parent = [null]]]
23:51:42.692 [Test worker] DEBUG org.springframework.test.context.cache - Spring test ApplicationContext cache statistics: [DefaultContextCache@bd1111a size = 2, maxSize = 32, parentContextCount = 0, hitCount = 24, missCount = 2]
23:51:42.692 [Test worker] DEBUG org.springframework.test.context.support.DependencyInjectionTestExecutionListener - Performing dependency injection for test context [[DefaultTestContext@2cc04358 testClass = HomeServiceTest, testInstance = org.waldreg.home.home.HomeServiceTest@736309a9, testMethod = [null], testException = [null], mergedContextConfiguration = [MergedContextConfiguration@68b58644 testClass = HomeServiceTest, locations = '{}', classes = '{class org.waldreg.home.homecontent.management.DefaultHomeManager}', contextInitializerClasses = '[]', activeProfiles = '{}', propertySourceLocations = '{}', propertySourceProperties = '{}', contextCustomizers = set[org.springframework.boot.test.autoconfigure.actuate.metrics.MetricsExportContextCustomizerFactory$DisableMetricExportContextCustomizer@38604b81, org.springframework.boot.test.autoconfigure.properties.PropertyMappingContextCustomizer@0, org.springframework.boot.test.autoconfigure.web.servlet.WebDriverContextCustomizerFactory$Customizer@1f53a5dc, org.springframework.boot.test.context.filter.ExcludeFilterContextCustomizer@c7ba306, org.springframework.boot.test.json.DuplicateJsonObjectContextCustomizerFactory$DuplicateJsonObjectContextCustomizer@6c4980d3, org.springframework.boot.test.mock.mockito.MockitoContextCustomizer@2a0b853c], contextLoader = 'org.springframework.test.context.support.DelegatingSmartContextLoader', parent = [null]], attributes = map['org.springframework.test.context.event.ApplicationEventsTestExecutionListener.recordApplicationEvents' -> false]]].
23:51:42.692 [Test worker] DEBUG org.springframework.test.context.cache.DefaultCacheAwareContextLoaderDelegate - Retrieved ApplicationContext [1172450799] from cache with key [[MergedContextConfiguration@68b58644 testClass = HomeServiceTest, locations = '{}', classes = '{class org.waldreg.home.homecontent.management.DefaultHomeManager}', contextInitializerClasses = '[]', activeProfiles = '{}', propertySourceLocations = '{}', propertySourceProperties = '{}', contextCustomizers = set[org.springframework.boot.test.autoconfigure.actuate.metrics.MetricsExportContextCustomizerFactory$DisableMetricExportContextCustomizer@38604b81, org.springframework.boot.test.autoconfigure.properties.PropertyMappingContextCustomizer@0, org.springframework.boot.test.autoconfigure.web.servlet.WebDriverContextCustomizerFactory$Customizer@1f53a5dc, org.springframework.boot.test.context.filter.ExcludeFilterContextCustomizer@c7ba306, org.springframework.boot.test.json.DuplicateJsonObjectContextCustomizerFactory$DuplicateJsonObjectContextCustomizer@6c4980d3, org.springframework.boot.test.mock.mockito.MockitoContextCustomizer@2a0b853c], contextLoader = 'org.springframework.test.context.support.DelegatingSmartContextLoader', parent = [null]]]
23:51:42.692 [Test worker] DEBUG org.springframework.test.context.cache - Spring test ApplicationContext cache statistics: [DefaultContextCache@bd1111a size = 2, maxSize = 32, parentContextCount = 0, hitCount = 25, missCount = 2]
23:51:42.693 [Test worker] DEBUG org.springframework.test.context.cache.DefaultCacheAwareContextLoaderDelegate - Retrieved ApplicationContext [1172450799] from cache with key [[MergedContextConfiguration@68b58644 testClass = HomeServiceTest, locations = '{}', classes = '{class org.waldreg.home.homecontent.management.DefaultHomeManager}', contextInitializerClasses = '[]', activeProfiles = '{}', propertySourceLocations = '{}', propertySourceProperties = '{}', contextCustomizers = set[org.springframework.boot.test.autoconfigure.actuate.metrics.MetricsExportContextCustomizerFactory$DisableMetricExportContextCustomizer@38604b81, org.springframework.boot.test.autoconfigure.properties.PropertyMappingContextCustomizer@0, org.springframework.boot.test.autoconfigure.web.servlet.WebDriverContextCustomizerFactory$Customizer@1f53a5dc, org.springframework.boot.test.context.filter.ExcludeFilterContextCustomizer@c7ba306, org.springframework.boot.test.json.DuplicateJsonObjectContextCustomizerFactory$DuplicateJsonObjectContextCustomizer@6c4980d3, org.springframework.boot.test.mock.mockito.MockitoContextCustomizer@2a0b853c], contextLoader = 'org.springframework.test.context.support.DelegatingSmartContextLoader', parent = [null]]]
23:51:42.693 [Test worker] DEBUG org.springframework.test.context.cache - Spring test ApplicationContext cache statistics: [DefaultContextCache@bd1111a size = 2, maxSize = 32, parentContextCount = 0, hitCount = 26, missCount = 2]
23:51:42.693 [Test worker] DEBUG org.springframework.test.context.support.AbstractDirtiesContextTestExecutionListener - Before test method: context [DefaultTestContext@2cc04358 testClass = HomeServiceTest, testInstance = org.waldreg.home.home.HomeServiceTest@736309a9, testMethod = READ_HOME_CONTENT_SUCCESS_TEST@HomeServiceTest, testException = [null], mergedContextConfiguration = [MergedContextConfiguration@68b58644 testClass = HomeServiceTest, locations = '{}', classes = '{class org.waldreg.home.homecontent.management.DefaultHomeManager}', contextInitializerClasses = '[]', activeProfiles = '{}', propertySourceLocations = '{}', propertySourceProperties = '{}', contextCustomizers = set[org.springframework.boot.test.autoconfigure.actuate.metrics.MetricsExportContextCustomizerFactory$DisableMetricExportContextCustomizer@38604b81, org.springframework.boot.test.autoconfigure.properties.PropertyMappingContextCustomizer@0, org.springframework.boot.test.autoconfigure.web.servlet.WebDriverContextCustomizerFactory$Customizer@1f53a5dc, org.springframework.boot.test.context.filter.ExcludeFilterContextCustomizer@c7ba306, org.springframework.boot.test.json.DuplicateJsonObjectContextCustomizerFactory$DuplicateJsonObjectContextCustomizer@6c4980d3, org.springframework.boot.test.mock.mockito.MockitoContextCustomizer@2a0b853c], contextLoader = 'org.springframework.test.context.support.DelegatingSmartContextLoader', parent = [null]], attributes = map['org.springframework.test.context.event.ApplicationEventsTestExecutionListener.recordApplicationEvents' -> false]], class annotated with @DirtiesContext [false] with mode [null], method annotated with @DirtiesContext [false] with mode [null].
23:51:42.693 [Test worker] DEBUG org.springframework.test.context.cache.DefaultCacheAwareContextLoaderDelegate - Retrieved ApplicationContext [1172450799] from cache with key [[MergedContextConfiguration@68b58644 testClass = HomeServiceTest, locations = '{}', classes = '{class org.waldreg.home.homecontent.management.DefaultHomeManager}', contextInitializerClasses = '[]', activeProfiles = '{}', propertySourceLocations = '{}', propertySourceProperties = '{}', contextCustomizers = set[org.springframework.boot.test.autoconfigure.actuate.metrics.MetricsExportContextCustomizerFactory$DisableMetricExportContextCustomizer@38604b81, org.springframework.boot.test.autoconfigure.properties.PropertyMappingContextCustomizer@0, org.springframework.boot.test.autoconfigure.web.servlet.WebDriverContextCustomizerFactory$Customizer@1f53a5dc, org.springframework.boot.test.context.filter.ExcludeFilterContextCustomizer@c7ba306, org.springframework.boot.test.json.DuplicateJsonObjectContextCustomizerFactory$DuplicateJsonObjectContextCustomizer@6c4980d3, org.springframework.boot.test.mock.mockito.MockitoContextCustomizer@2a0b853c], contextLoader = 'org.springframework.test.context.support.DelegatingSmartContextLoader', parent = [null]]]
23:51:42.693 [Test worker] DEBUG org.springframework.test.context.cache - Spring test ApplicationContext cache statistics: [DefaultContextCache@bd1111a size = 2, maxSize = 32, parentContextCount = 0, hitCount = 27, missCount = 2]
23:51:42.694 [Test worker] DEBUG org.springframework.test.context.cache.DefaultCacheAwareContextLoaderDelegate - Retrieved ApplicationContext [1172450799] from cache with key [[MergedContextConfiguration@68b58644 testClass = HomeServiceTest, locations = '{}', classes = '{class org.waldreg.home.homecontent.management.DefaultHomeManager}', contextInitializerClasses = '[]', activeProfiles = '{}', propertySourceLocations = '{}', propertySourceProperties = '{}', contextCustomizers = set[org.springframework.boot.test.autoconfigure.actuate.metrics.MetricsExportContextCustomizerFactory$DisableMetricExportContextCustomizer@38604b81, org.springframework.boot.test.autoconfigure.properties.PropertyMappingContextCustomizer@0, org.springframework.boot.test.autoconfigure.web.servlet.WebDriverContextCustomizerFactory$Customizer@1f53a5dc, org.springframework.boot.test.context.filter.ExcludeFilterContextCustomizer@c7ba306, org.springframework.boot.test.json.DuplicateJsonObjectContextCustomizerFactory$DuplicateJsonObjectContextCustomizer@6c4980d3, org.springframework.boot.test.mock.mockito.MockitoContextCustomizer@2a0b853c], contextLoader = 'org.springframework.test.context.support.DelegatingSmartContextLoader', parent = [null]]]
23:51:42.694 [Test worker] DEBUG org.springframework.test.context.cache - Spring test ApplicationContext cache statistics: [DefaultContextCache@bd1111a size = 2, maxSize = 32, parentContextCount = 0, hitCount = 28, missCount = 2]
23:51:42.694 [Test worker] DEBUG org.springframework.test.context.cache.DefaultCacheAwareContextLoaderDelegate - Retrieved ApplicationContext [1172450799] from cache with key [[MergedContextConfiguration@68b58644 testClass = HomeServiceTest, locations = '{}', classes = '{class org.waldreg.home.homecontent.management.DefaultHomeManager}', contextInitializerClasses = '[]', activeProfiles = '{}', propertySourceLocations = '{}', propertySourceProperties = '{}', contextCustomizers = set[org.springframework.boot.test.autoconfigure.actuate.metrics.MetricsExportContextCustomizerFactory$DisableMetricExportContextCustomizer@38604b81, org.springframework.boot.test.autoconfigure.properties.PropertyMappingContextCustomizer@0, org.springframework.boot.test.autoconfigure.web.servlet.WebDriverContextCustomizerFactory$Customizer@1f53a5dc, org.springframework.boot.test.context.filter.ExcludeFilterContextCustomizer@c7ba306, org.springframework.boot.test.json.DuplicateJsonObjectContextCustomizerFactory$DuplicateJsonObjectContextCustomizer@6c4980d3, org.springframework.boot.test.mock.mockito.MockitoContextCustomizer@2a0b853c], contextLoader = 'org.springframework.test.context.support.DelegatingSmartContextLoader', parent = [null]]]
23:51:42.694 [Test worker] DEBUG org.springframework.test.context.cache - Spring test ApplicationContext cache statistics: [DefaultContextCache@bd1111a size = 2, maxSize = 32, parentContextCount = 0, hitCount = 29, missCount = 2]
23:51:42.694 [Test worker] DEBUG org.springframework.test.context.cache.DefaultCacheAwareContextLoaderDelegate - Retrieved ApplicationContext [1172450799] from cache with key [[MergedContextConfiguration@68b58644 testClass = HomeServiceTest, locations = '{}', classes = '{class org.waldreg.home.homecontent.management.DefaultHomeManager}', contextInitializerClasses = '[]', activeProfiles = '{}', propertySourceLocations = '{}', propertySourceProperties = '{}', contextCustomizers = set[org.springframework.boot.test.autoconfigure.actuate.metrics.MetricsExportContextCustomizerFactory$DisableMetricExportContextCustomizer@38604b81, org.springframework.boot.test.autoconfigure.properties.PropertyMappingContextCustomizer@0, org.springframework.boot.test.autoconfigure.web.servlet.WebDriverContextCustomizerFactory$Customizer@1f53a5dc, org.springframework.boot.test.context.filter.ExcludeFilterContextCustomizer@c7ba306, org.springframework.boot.test.json.DuplicateJsonObjectContextCustomizerFactory$DuplicateJsonObjectContextCustomizer@6c4980d3, org.springframework.boot.test.mock.mockito.MockitoContextCustomizer@2a0b853c], contextLoader = 'org.springframework.test.context.support.DelegatingSmartContextLoader', parent = [null]]]
23:51:42.694 [Test worker] DEBUG org.springframework.test.context.cache - Spring test ApplicationContext cache statistics: [DefaultContextCache@bd1111a size = 2, maxSize = 32, parentContextCount = 0, hitCount = 30, missCount = 2]
23:51:42.694 [Test worker] DEBUG org.springframework.test.context.cache.DefaultCacheAwareContextLoaderDelegate - Retrieved ApplicationContext [1172450799] from cache with key [[MergedContextConfiguration@68b58644 testClass = HomeServiceTest, locations = '{}', classes = '{class org.waldreg.home.homecontent.management.DefaultHomeManager}', contextInitializerClasses = '[]', activeProfiles = '{}', propertySourceLocations = '{}', propertySourceProperties = '{}', contextCustomizers = set[org.springframework.boot.test.autoconfigure.actuate.metrics.MetricsExportContextCustomizerFactory$DisableMetricExportContextCustomizer@38604b81, org.springframework.boot.test.autoconfigure.properties.PropertyMappingContextCustomizer@0, org.springframework.boot.test.autoconfigure.web.servlet.WebDriverContextCustomizerFactory$Customizer@1f53a5dc, org.springframework.boot.test.context.filter.ExcludeFilterContextCustomizer@c7ba306, org.springframework.boot.test.json.DuplicateJsonObjectContextCustomizerFactory$DuplicateJsonObjectContextCustomizer@6c4980d3, org.springframework.boot.test.mock.mockito.MockitoContextCustomizer@2a0b853c], contextLoader = 'org.springframework.test.context.support.DelegatingSmartContextLoader', parent = [null]]]
23:51:42.694 [Test worker] DEBUG org.springframework.test.context.cache - Spring test ApplicationContext cache statistics: [DefaultContextCache@bd1111a size = 2, maxSize = 32, parentContextCount = 0, hitCount = 31, missCount = 2]
23:51:42.695 [Test worker] DEBUG org.springframework.test.context.cache.DefaultCacheAwareContextLoaderDelegate - Retrieved ApplicationContext [1172450799] from cache with key [[MergedContextConfiguration@68b58644 testClass = HomeServiceTest, locations = '{}', classes = '{class org.waldreg.home.homecontent.management.DefaultHomeManager}', contextInitializerClasses = '[]', activeProfiles = '{}', propertySourceLocations = '{}', propertySourceProperties = '{}', contextCustomizers = set[org.springframework.boot.test.autoconfigure.actuate.metrics.MetricsExportContextCustomizerFactory$DisableMetricExportContextCustomizer@38604b81, org.springframework.boot.test.autoconfigure.properties.PropertyMappingContextCustomizer@0, org.springframework.boot.test.autoconfigure.web.servlet.WebDriverContextCustomizerFactory$Customizer@1f53a5dc, org.springframework.boot.test.context.filter.ExcludeFilterContextCustomizer@c7ba306, org.springframework.boot.test.json.DuplicateJsonObjectContextCustomizerFactory$DuplicateJsonObjectContextCustomizer@6c4980d3, org.springframework.boot.test.mock.mockito.MockitoContextCustomizer@2a0b853c], contextLoader = 'org.springframework.test.context.support.DelegatingSmartContextLoader', parent = [null]]]
23:51:42.695 [Test worker] DEBUG org.springframework.test.context.cache - Spring test ApplicationContext cache statistics: [DefaultContextCache@bd1111a size = 2, maxSize = 32, parentContextCount = 0, hitCount = 32, missCount = 2]
23:51:42.695 [Test worker] DEBUG org.springframework.test.context.cache.DefaultCacheAwareContextLoaderDelegate - Retrieved ApplicationContext [1172450799] from cache with key [[MergedContextConfiguration@68b58644 testClass = HomeServiceTest, locations = '{}', classes = '{class org.waldreg.home.homecontent.management.DefaultHomeManager}', contextInitializerClasses = '[]', activeProfiles = '{}', propertySourceLocations = '{}', propertySourceProperties = '{}', contextCustomizers = set[org.springframework.boot.test.autoconfigure.actuate.metrics.MetricsExportContextCustomizerFactory$DisableMetricExportContextCustomizer@38604b81, org.springframework.boot.test.autoconfigure.properties.PropertyMappingContextCustomizer@0, org.springframework.boot.test.autoconfigure.web.servlet.WebDriverContextCustomizerFactory$Customizer@1f53a5dc, org.springframework.boot.test.context.filter.ExcludeFilterContextCustomizer@c7ba306, org.springframework.boot.test.json.DuplicateJsonObjectContextCustomizerFactory$DuplicateJsonObjectContextCustomizer@6c4980d3, org.springframework.boot.test.mock.mockito.MockitoContextCustomizer@2a0b853c], contextLoader = 'org.springframework.test.context.support.DelegatingSmartContextLoader', parent = [null]]]
23:51:42.695 [Test worker] DEBUG org.springframework.test.context.cache - Spring test ApplicationContext cache statistics: [DefaultContextCache@bd1111a size = 2, maxSize = 32, parentContextCount = 0, hitCount = 33, missCount = 2]
23:51:42.695 [Test worker] DEBUG org.springframework.test.context.cache.DefaultCacheAwareContextLoaderDelegate - Retrieved ApplicationContext [1172450799] from cache with key [[MergedContextConfiguration@68b58644 testClass = HomeServiceTest, locations = '{}', classes = '{class org.waldreg.home.homecontent.management.DefaultHomeManager}', contextInitializerClasses = '[]', activeProfiles = '{}', propertySourceLocations = '{}', propertySourceProperties = '{}', contextCustomizers = set[org.springframework.boot.test.autoconfigure.actuate.metrics.MetricsExportContextCustomizerFactory$DisableMetricExportContextCustomizer@38604b81, org.springframework.boot.test.autoconfigure.properties.PropertyMappingContextCustomizer@0, org.springframework.boot.test.autoconfigure.web.servlet.WebDriverContextCustomizerFactory$Customizer@1f53a5dc, org.springframework.boot.test.context.filter.ExcludeFilterContextCustomizer@c7ba306, org.springframework.boot.test.json.DuplicateJsonObjectContextCustomizerFactory$DuplicateJsonObjectContextCustomizer@6c4980d3, org.springframework.boot.test.mock.mockito.MockitoContextCustomizer@2a0b853c], contextLoader = 'org.springframework.test.context.support.DelegatingSmartContextLoader', parent = [null]]]
23:51:42.695 [Test worker] DEBUG org.springframework.test.context.cache - Spring test ApplicationContext cache statistics: [DefaultContextCache@bd1111a size = 2, maxSize = 32, parentContextCount = 0, hitCount = 34, missCount = 2]
23:51:42.695 [Test worker] DEBUG org.springframework.test.context.cache.DefaultCacheAwareContextLoaderDelegate - Retrieved ApplicationContext [1172450799] from cache with key [[MergedContextConfiguration@68b58644 testClass = HomeServiceTest, locations = '{}', classes = '{class org.waldreg.home.homecontent.management.DefaultHomeManager}', contextInitializerClasses = '[]', activeProfiles = '{}', propertySourceLocations = '{}', propertySourceProperties = '{}', contextCustomizers = set[org.springframework.boot.test.autoconfigure.actuate.metrics.MetricsExportContextCustomizerFactory$DisableMetricExportContextCustomizer@38604b81, org.springframework.boot.test.autoconfigure.properties.PropertyMappingContextCustomizer@0, org.springframework.boot.test.autoconfigure.web.servlet.WebDriverContextCustomizerFactory$Customizer@1f53a5dc, org.springframework.boot.test.context.filter.ExcludeFilterContextCustomizer@c7ba306, org.springframework.boot.test.json.DuplicateJsonObjectContextCustomizerFactory$DuplicateJsonObjectContextCustomizer@6c4980d3, org.springframework.boot.test.mock.mockito.MockitoContextCustomizer@2a0b853c], contextLoader = 'org.springframework.test.context.support.DelegatingSmartContextLoader', parent = [null]]]
23:51:42.695 [Test worker] DEBUG org.springframework.test.context.cache - Spring test ApplicationContext cache statistics: [DefaultContextCache@bd1111a size = 2, maxSize = 32, parentContextCount = 0, hitCount = 35, missCount = 2]
23:51:42.695 [Test worker] DEBUG org.springframework.test.context.support.AbstractDirtiesContextTestExecutionListener - After test method: context [DefaultTestContext@2cc04358 testClass = HomeServiceTest, testInstance = org.waldreg.home.home.HomeServiceTest@736309a9, testMethod = READ_HOME_CONTENT_SUCCESS_TEST@HomeServiceTest, testException = [null], mergedContextConfiguration = [MergedContextConfiguration@68b58644 testClass = HomeServiceTest, locations = '{}', classes = '{class org.waldreg.home.homecontent.management.DefaultHomeManager}', contextInitializerClasses = '[]', activeProfiles = '{}', propertySourceLocations = '{}', propertySourceProperties = '{}', contextCustomizers = set[org.springframework.boot.test.autoconfigure.actuate.metrics.MetricsExportContextCustomizerFactory$DisableMetricExportContextCustomizer@38604b81, org.springframework.boot.test.autoconfigure.properties.PropertyMappingContextCustomizer@0, org.springframework.boot.test.autoconfigure.web.servlet.WebDriverContextCustomizerFactory$Customizer@1f53a5dc, org.springframework.boot.test.context.filter.ExcludeFilterContextCustomizer@c7ba306, org.springframework.boot.test.json.DuplicateJsonObjectContextCustomizerFactory$DuplicateJsonObjectContextCustomizer@6c4980d3, org.springframework.boot.test.mock.mockito.MockitoContextCustomizer@2a0b853c], contextLoader = 'org.springframework.test.context.support.DelegatingSmartContextLoader', parent = [null]], attributes = map['org.springframework.test.context.event.ApplicationEventsTestExecutionListener.recordApplicationEvents' -> false]], class annotated with @DirtiesContext [false] with mode [null], method annotated with @DirtiesContext [false] with mode [null].
23:51:42.695 [Test worker] DEBUG org.springframework.test.context.cache.DefaultCacheAwareContextLoaderDelegate - Retrieved ApplicationContext [1172450799] from cache with key [[MergedContextConfiguration@68b58644 testClass = HomeServiceTest, locations = '{}', classes = '{class org.waldreg.home.homecontent.management.DefaultHomeManager}', contextInitializerClasses = '[]', activeProfiles = '{}', propertySourceLocations = '{}', propertySourceProperties = '{}', contextCustomizers = set[org.springframework.boot.test.autoconfigure.actuate.metrics.MetricsExportContextCustomizerFactory$DisableMetricExportContextCustomizer@38604b81, org.springframework.boot.test.autoconfigure.properties.PropertyMappingContextCustomizer@0, org.springframework.boot.test.autoconfigure.web.servlet.WebDriverContextCustomizerFactory$Customizer@1f53a5dc, org.springframework.boot.test.context.filter.ExcludeFilterContextCustomizer@c7ba306, org.springframework.boot.test.json.DuplicateJsonObjectContextCustomizerFactory$DuplicateJsonObjectContextCustomizer@6c4980d3, org.springframework.boot.test.mock.mockito.MockitoContextCustomizer@2a0b853c], contextLoader = 'org.springframework.test.context.support.DelegatingSmartContextLoader', parent = [null]]]
23:51:42.696 [Test worker] DEBUG org.springframework.test.context.cache - Spring test ApplicationContext cache statistics: [DefaultContextCache@bd1111a size = 2, maxSize = 32, parentContextCount = 0, hitCount = 36, missCount = 2]
23:51:42.696 [Test worker] DEBUG org.springframework.test.context.support.DependencyInjectionTestExecutionListener - Performing dependency injection for test context [[DefaultTestContext@2cc04358 testClass = HomeServiceTest, testInstance = org.waldreg.home.home.HomeServiceTest@6240651f, testMethod = [null], testException = [null], mergedContextConfiguration = [MergedContextConfiguration@68b58644 testClass = HomeServiceTest, locations = '{}', classes = '{class org.waldreg.home.homecontent.management.DefaultHomeManager}', contextInitializerClasses = '[]', activeProfiles = '{}', propertySourceLocations = '{}', propertySourceProperties = '{}', contextCustomizers = set[org.springframework.boot.test.autoconfigure.actuate.metrics.MetricsExportContextCustomizerFactory$DisableMetricExportContextCustomizer@38604b81, org.springframework.boot.test.autoconfigure.properties.PropertyMappingContextCustomizer@0, org.springframework.boot.test.autoconfigure.web.servlet.WebDriverContextCustomizerFactory$Customizer@1f53a5dc, org.springframework.boot.test.context.filter.ExcludeFilterContextCustomizer@c7ba306, org.springframework.boot.test.json.DuplicateJsonObjectContextCustomizerFactory$DuplicateJsonObjectContextCustomizer@6c4980d3, org.springframework.boot.test.mock.mockito.MockitoContextCustomizer@2a0b853c], contextLoader = 'org.springframework.test.context.support.DelegatingSmartContextLoader', parent = [null]], attributes = map['org.springframework.test.context.event.ApplicationEventsTestExecutionListener.recordApplicationEvents' -> false]]].
23:51:42.696 [Test worker] DEBUG org.springframework.test.context.cache.DefaultCacheAwareContextLoaderDelegate - Retrieved ApplicationContext [1172450799] from cache with key [[MergedContextConfiguration@68b58644 testClass = HomeServiceTest, locations = '{}', classes = '{class org.waldreg.home.homecontent.management.DefaultHomeManager}', contextInitializerClasses = '[]', activeProfiles = '{}', propertySourceLocations = '{}', propertySourceProperties = '{}', contextCustomizers = set[org.springframework.boot.test.autoconfigure.actuate.metrics.MetricsExportContextCustomizerFactory$DisableMetricExportContextCustomizer@38604b81, org.springframework.boot.test.autoconfigure.properties.PropertyMappingContextCustomizer@0, org.springframework.boot.test.autoconfigure.web.servlet.WebDriverContextCustomizerFactory$Customizer@1f53a5dc, org.springframework.boot.test.context.filter.ExcludeFilterContextCustomizer@c7ba306, org.springframework.boot.test.json.DuplicateJsonObjectContextCustomizerFactory$DuplicateJsonObjectContextCustomizer@6c4980d3, org.springframework.boot.test.mock.mockito.MockitoContextCustomizer@2a0b853c], contextLoader = 'org.springframework.test.context.support.DelegatingSmartContextLoader', parent = [null]]]
23:51:42.696 [Test worker] DEBUG org.springframework.test.context.cache - Spring test ApplicationContext cache statistics: [DefaultContextCache@bd1111a size = 2, maxSize = 32, parentContextCount = 0, hitCount = 37, missCount = 2]
23:51:42.696 [Test worker] DEBUG org.springframework.test.context.cache.DefaultCacheAwareContextLoaderDelegate - Retrieved ApplicationContext [1172450799] from cache with key [[MergedContextConfiguration@68b58644 testClass = HomeServiceTest, locations = '{}', classes = '{class org.waldreg.home.homecontent.management.DefaultHomeManager}', contextInitializerClasses = '[]', activeProfiles = '{}', propertySourceLocations = '{}', propertySourceProperties = '{}', contextCustomizers = set[org.springframework.boot.test.autoconfigure.actuate.metrics.MetricsExportContextCustomizerFactory$DisableMetricExportContextCustomizer@38604b81, org.springframework.boot.test.autoconfigure.properties.PropertyMappingContextCustomizer@0, org.springframework.boot.test.autoconfigure.web.servlet.WebDriverContextCustomizerFactory$Customizer@1f53a5dc, org.springframework.boot.test.context.filter.ExcludeFilterContextCustomizer@c7ba306, org.springframework.boot.test.json.DuplicateJsonObjectContextCustomizerFactory$DuplicateJsonObjectContextCustomizer@6c4980d3, org.springframework.boot.test.mock.mockito.MockitoContextCustomizer@2a0b853c], contextLoader = 'org.springframework.test.context.support.DelegatingSmartContextLoader', parent = [null]]]
23:51:42.696 [Test worker] DEBUG org.springframework.test.context.cache - Spring test ApplicationContext cache statistics: [DefaultContextCache@bd1111a size = 2, maxSize = 32, parentContextCount = 0, hitCount = 38, missCount = 2]
23:51:42.696 [Test worker] DEBUG org.springframework.test.context.support.AbstractDirtiesContextTestExecutionListener - Before test method: context [DefaultTestContext@2cc04358 testClass = HomeServiceTest, testInstance = org.waldreg.home.home.HomeServiceTest@6240651f, testMethod = UPDATE_HOME_CONTENT_SUCCESS_TEST@HomeServiceTest, testException = [null], mergedContextConfiguration = [MergedContextConfiguration@68b58644 testClass = HomeServiceTest, locations = '{}', classes = '{class org.waldreg.home.homecontent.management.DefaultHomeManager}', contextInitializerClasses = '[]', activeProfiles = '{}', propertySourceLocations = '{}', propertySourceProperties = '{}', contextCustomizers = set[org.springframework.boot.test.autoconfigure.actuate.metrics.MetricsExportContextCustomizerFactory$DisableMetricExportContextCustomizer@38604b81, org.springframework.boot.test.autoconfigure.properties.PropertyMappingContextCustomizer@0, org.springframework.boot.test.autoconfigure.web.servlet.WebDriverContextCustomizerFactory$Customizer@1f53a5dc, org.springframework.boot.test.context.filter.ExcludeFilterContextCustomizer@c7ba306, org.springframework.boot.test.json.DuplicateJsonObjectContextCustomizerFactory$DuplicateJsonObjectContextCustomizer@6c4980d3, org.springframework.boot.test.mock.mockito.MockitoContextCustomizer@2a0b853c], contextLoader = 'org.springframework.test.context.support.DelegatingSmartContextLoader', parent = [null]], attributes = map['org.springframework.test.context.event.ApplicationEventsTestExecutionListener.recordApplicationEvents' -> false]], class annotated with @DirtiesContext [false] with mode [null], method annotated with @DirtiesContext [false] with mode [null].
23:51:42.696 [Test worker] DEBUG org.springframework.test.context.cache.DefaultCacheAwareContextLoaderDelegate - Retrieved ApplicationContext [1172450799] from cache with key [[MergedContextConfiguration@68b58644 testClass = HomeServiceTest, locations = '{}', classes = '{class org.waldreg.home.homecontent.management.DefaultHomeManager}', contextInitializerClasses = '[]', activeProfiles = '{}', propertySourceLocations = '{}', propertySourceProperties = '{}', contextCustomizers = set[org.springframework.boot.test.autoconfigure.actuate.metrics.MetricsExportContextCustomizerFactory$DisableMetricExportContextCustomizer@38604b81, org.springframework.boot.test.autoconfigure.properties.PropertyMappingContextCustomizer@0, org.springframework.boot.test.autoconfigure.web.servlet.WebDriverContextCustomizerFactory$Customizer@1f53a5dc, org.springframework.boot.test.context.filter.ExcludeFilterContextCustomizer@c7ba306, org.springframework.boot.test.json.DuplicateJsonObjectContextCustomizerFactory$DuplicateJsonObjectContextCustomizer@6c4980d3, org.springframework.boot.test.mock.mockito.MockitoContextCustomizer@2a0b853c], contextLoader = 'org.springframework.test.context.support.DelegatingSmartContextLoader', parent = [null]]]
23:51:42.696 [Test worker] DEBUG org.springframework.test.context.cache - Spring test ApplicationContext cache statistics: [DefaultContextCache@bd1111a size = 2, maxSize = 32, parentContextCount = 0, hitCount = 39, missCount = 2]
23:51:42.696 [Test worker] DEBUG org.springframework.test.context.cache.DefaultCacheAwareContextLoaderDelegate - Retrieved ApplicationContext [1172450799] from cache with key [[MergedContextConfiguration@68b58644 testClass = HomeServiceTest, locations = '{}', classes = '{class org.waldreg.home.homecontent.management.DefaultHomeManager}', contextInitializerClasses = '[]', activeProfiles = '{}', propertySourceLocations = '{}', propertySourceProperties = '{}', contextCustomizers = set[org.springframework.boot.test.autoconfigure.actuate.metrics.MetricsExportContextCustomizerFactory$DisableMetricExportContextCustomizer@38604b81, org.springframework.boot.test.autoconfigure.properties.PropertyMappingContextCustomizer@0, org.springframework.boot.test.autoconfigure.web.servlet.WebDriverContextCustomizerFactory$Customizer@1f53a5dc, org.springframework.boot.test.context.filter.ExcludeFilterContextCustomizer@c7ba306, org.springframework.boot.test.json.DuplicateJsonObjectContextCustomizerFactory$DuplicateJsonObjectContextCustomizer@6c4980d3, org.springframework.boot.test.mock.mockito.MockitoContextCustomizer@2a0b853c], contextLoader = 'org.springframework.test.context.support.DelegatingSmartContextLoader', parent = [null]]]
23:51:42.696 [Test worker] DEBUG org.springframework.test.context.cache - Spring test ApplicationContext cache statistics: [DefaultContextCache@bd1111a size = 2, maxSize = 32, parentContextCount = 0, hitCount = 40, missCount = 2]
23:51:42.697 [Test worker] DEBUG org.springframework.test.context.cache.DefaultCacheAwareContextLoaderDelegate - Retrieved ApplicationContext [1172450799] from cache with key [[MergedContextConfiguration@68b58644 testClass = HomeServiceTest, locations = '{}', classes = '{class org.waldreg.home.homecontent.management.DefaultHomeManager}', contextInitializerClasses = '[]', activeProfiles = '{}', propertySourceLocations = '{}', propertySourceProperties = '{}', contextCustomizers = set[org.springframework.boot.test.autoconfigure.actuate.metrics.MetricsExportContextCustomizerFactory$DisableMetricExportContextCustomizer@38604b81, org.springframework.boot.test.autoconfigure.properties.PropertyMappingContextCustomizer@0, org.springframework.boot.test.autoconfigure.web.servlet.WebDriverContextCustomizerFactory$Customizer@1f53a5dc, org.springframework.boot.test.context.filter.ExcludeFilterContextCustomizer@c7ba306, org.springframework.boot.test.json.DuplicateJsonObjectContextCustomizerFactory$DuplicateJsonObjectContextCustomizer@6c4980d3, org.springframework.boot.test.mock.mockito.MockitoContextCustomizer@2a0b853c], contextLoader = 'org.springframework.test.context.support.DelegatingSmartContextLoader', parent = [null]]]
23:51:42.697 [Test worker] DEBUG org.springframework.test.context.cache - Spring test ApplicationContext cache statistics: [DefaultContextCache@bd1111a size = 2, maxSize = 32, parentContextCount = 0, hitCount = 41, missCount = 2]
23:51:42.697 [Test worker] DEBUG org.springframework.test.context.cache.DefaultCacheAwareContextLoaderDelegate - Retrieved ApplicationContext [1172450799] from cache with key [[MergedContextConfiguration@68b58644 testClass = HomeServiceTest, locations = '{}', classes = '{class org.waldreg.home.homecontent.management.DefaultHomeManager}', contextInitializerClasses = '[]', activeProfiles = '{}', propertySourceLocations = '{}', propertySourceProperties = '{}', contextCustomizers = set[org.springframework.boot.test.autoconfigure.actuate.metrics.MetricsExportContextCustomizerFactory$DisableMetricExportContextCustomizer@38604b81, org.springframework.boot.test.autoconfigure.properties.PropertyMappingContextCustomizer@0, org.springframework.boot.test.autoconfigure.web.servlet.WebDriverContextCustomizerFactory$Customizer@1f53a5dc, org.springframework.boot.test.context.filter.ExcludeFilterContextCustomizer@c7ba306, org.springframework.boot.test.json.DuplicateJsonObjectContextCustomizerFactory$DuplicateJsonObjectContextCustomizer@6c4980d3, org.springframework.boot.test.mock.mockito.MockitoContextCustomizer@2a0b853c], contextLoader = 'org.springframework.test.context.support.DelegatingSmartContextLoader', parent = [null]]]
23:51:42.697 [Test worker] DEBUG org.springframework.test.context.cache - Spring test ApplicationContext cache statistics: [DefaultContextCache@bd1111a size = 2, maxSize = 32, parentContextCount = 0, hitCount = 42, missCount = 2]
23:51:42.697 [Test worker] DEBUG org.springframework.test.context.cache.DefaultCacheAwareContextLoaderDelegate - Retrieved ApplicationContext [1172450799] from cache with key [[MergedContextConfiguration@68b58644 testClass = HomeServiceTest, locations = '{}', classes = '{class org.waldreg.home.homecontent.management.DefaultHomeManager}', contextInitializerClasses = '[]', activeProfiles = '{}', propertySourceLocations = '{}', propertySourceProperties = '{}', contextCustomizers = set[org.springframework.boot.test.autoconfigure.actuate.metrics.MetricsExportContextCustomizerFactory$DisableMetricExportContextCustomizer@38604b81, org.springframework.boot.test.autoconfigure.properties.PropertyMappingContextCustomizer@0, org.springframework.boot.test.autoconfigure.web.servlet.WebDriverContextCustomizerFactory$Customizer@1f53a5dc, org.springframework.boot.test.context.filter.ExcludeFilterContextCustomizer@c7ba306, org.springframework.boot.test.json.DuplicateJsonObjectContextCustomizerFactory$DuplicateJsonObjectContextCustomizer@6c4980d3, org.springframework.boot.test.mock.mockito.MockitoContextCustomizer@2a0b853c], contextLoader = 'org.springframework.test.context.support.DelegatingSmartContextLoader', parent = [null]]]
23:51:42.697 [Test worker] DEBUG org.springframework.test.context.cache - Spring test ApplicationContext cache statistics: [DefaultContextCache@bd1111a size = 2, maxSize = 32, parentContextCount = 0, hitCount = 43, missCount = 2]
23:51:42.697 [Test worker] DEBUG org.springframework.test.context.cache.DefaultCacheAwareContextLoaderDelegate - Retrieved ApplicationContext [1172450799] from cache with key [[MergedContextConfiguration@68b58644 testClass = HomeServiceTest, locations = '{}', classes = '{class org.waldreg.home.homecontent.management.DefaultHomeManager}', contextInitializerClasses = '[]', activeProfiles = '{}', propertySourceLocations = '{}', propertySourceProperties = '{}', contextCustomizers = set[org.springframework.boot.test.autoconfigure.actuate.metrics.MetricsExportContextCustomizerFactory$DisableMetricExportContextCustomizer@38604b81, org.springframework.boot.test.autoconfigure.properties.PropertyMappingContextCustomizer@0, org.springframework.boot.test.autoconfigure.web.servlet.WebDriverContextCustomizerFactory$Customizer@1f53a5dc, org.springframework.boot.test.context.filter.ExcludeFilterContextCustomizer@c7ba306, org.springframework.boot.test.json.DuplicateJsonObjectContextCustomizerFactory$DuplicateJsonObjectContextCustomizer@6c4980d3, org.springframework.boot.test.mock.mockito.MockitoContextCustomizer@2a0b853c], contextLoader = 'org.springframework.test.context.support.DelegatingSmartContextLoader', parent = [null]]]
23:51:42.697 [Test worker] DEBUG org.springframework.test.context.cache - Spring test ApplicationContext cache statistics: [DefaultContextCache@bd1111a size = 2, maxSize = 32, parentContextCount = 0, hitCount = 44, missCount = 2]
23:51:42.697 [Test worker] DEBUG org.springframework.test.context.cache.DefaultCacheAwareContextLoaderDelegate - Retrieved ApplicationContext [1172450799] from cache with key [[MergedContextConfiguration@68b58644 testClass = HomeServiceTest, locations = '{}', classes = '{class org.waldreg.home.homecontent.management.DefaultHomeManager}', contextInitializerClasses = '[]', activeProfiles = '{}', propertySourceLocations = '{}', propertySourceProperties = '{}', contextCustomizers = set[org.springframework.boot.test.autoconfigure.actuate.metrics.MetricsExportContextCustomizerFactory$DisableMetricExportContextCustomizer@38604b81, org.springframework.boot.test.autoconfigure.properties.PropertyMappingContextCustomizer@0, org.springframework.boot.test.autoconfigure.web.servlet.WebDriverContextCustomizerFactory$Customizer@1f53a5dc, org.springframework.boot.test.context.filter.ExcludeFilterContextCustomizer@c7ba306, org.springframework.boot.test.json.DuplicateJsonObjectContextCustomizerFactory$DuplicateJsonObjectContextCustomizer@6c4980d3, org.springframework.boot.test.mock.mockito.MockitoContextCustomizer@2a0b853c], contextLoader = 'org.springframework.test.context.support.DelegatingSmartContextLoader', parent = [null]]]
23:51:42.697 [Test worker] DEBUG org.springframework.test.context.cache - Spring test ApplicationContext cache statistics: [DefaultContextCache@bd1111a size = 2, maxSize = 32, parentContextCount = 0, hitCount = 45, missCount = 2]
23:51:42.697 [Test worker] DEBUG org.springframework.test.context.cache.DefaultCacheAwareContextLoaderDelegate - Retrieved ApplicationContext [1172450799] from cache with key [[MergedContextConfiguration@68b58644 testClass = HomeServiceTest, locations = '{}', classes = '{class org.waldreg.home.homecontent.management.DefaultHomeManager}', contextInitializerClasses = '[]', activeProfiles = '{}', propertySourceLocations = '{}', propertySourceProperties = '{}', contextCustomizers = set[org.springframework.boot.test.autoconfigure.actuate.metrics.MetricsExportContextCustomizerFactory$DisableMetricExportContextCustomizer@38604b81, org.springframework.boot.test.autoconfigure.properties.PropertyMappingContextCustomizer@0, org.springframework.boot.test.autoconfigure.web.servlet.WebDriverContextCustomizerFactory$Customizer@1f53a5dc, org.springframework.boot.test.context.filter.ExcludeFilterContextCustomizer@c7ba306, org.springframework.boot.test.json.DuplicateJsonObjectContextCustomizerFactory$DuplicateJsonObjectContextCustomizer@6c4980d3, org.springframework.boot.test.mock.mockito.MockitoContextCustomizer@2a0b853c], contextLoader = 'org.springframework.test.context.support.DelegatingSmartContextLoader', parent = [null]]]
23:51:42.697 [Test worker] DEBUG org.springframework.test.context.cache - Spring test ApplicationContext cache statistics: [DefaultContextCache@bd1111a size = 2, maxSize = 32, parentContextCount = 0, hitCount = 46, missCount = 2]
23:51:42.698 [Test worker] DEBUG org.springframework.test.context.cache.DefaultCacheAwareContextLoaderDelegate - Retrieved ApplicationContext [1172450799] from cache with key [[MergedContextConfiguration@68b58644 testClass = HomeServiceTest, locations = '{}', classes = '{class org.waldreg.home.homecontent.management.DefaultHomeManager}', contextInitializerClasses = '[]', activeProfiles = '{}', propertySourceLocations = '{}', propertySourceProperties = '{}', contextCustomizers = set[org.springframework.boot.test.autoconfigure.actuate.metrics.MetricsExportContextCustomizerFactory$DisableMetricExportContextCustomizer@38604b81, org.springframework.boot.test.autoconfigure.properties.PropertyMappingContextCustomizer@0, org.springframework.boot.test.autoconfigure.web.servlet.WebDriverContextCustomizerFactory$Customizer@1f53a5dc, org.springframework.boot.test.context.filter.ExcludeFilterContextCustomizer@c7ba306, org.springframework.boot.test.json.DuplicateJsonObjectContextCustomizerFactory$DuplicateJsonObjectContextCustomizer@6c4980d3, org.springframework.boot.test.mock.mockito.MockitoContextCustomizer@2a0b853c], contextLoader = 'org.springframework.test.context.support.DelegatingSmartContextLoader', parent = [null]]]
23:51:42.698 [Test worker] DEBUG org.springframework.test.context.cache - Spring test ApplicationContext cache statistics: [DefaultContextCache@bd1111a size = 2, maxSize = 32, parentContextCount = 0, hitCount = 47, missCount = 2]
23:51:42.698 [Test worker] DEBUG org.springframework.test.context.support.AbstractDirtiesContextTestExecutionListener - After test method: context [DefaultTestContext@2cc04358 testClass = HomeServiceTest, testInstance = org.waldreg.home.home.HomeServiceTest@6240651f, testMethod = UPDATE_HOME_CONTENT_SUCCESS_TEST@HomeServiceTest, testException = [null], mergedContextConfiguration = [MergedContextConfiguration@68b58644 testClass = HomeServiceTest, locations = '{}', classes = '{class org.waldreg.home.homecontent.management.DefaultHomeManager}', contextInitializerClasses = '[]', activeProfiles = '{}', propertySourceLocations = '{}', propertySourceProperties = '{}', contextCustomizers = set[org.springframework.boot.test.autoconfigure.actuate.metrics.MetricsExportContextCustomizerFactory$DisableMetricExportContextCustomizer@38604b81, org.springframework.boot.test.autoconfigure.properties.PropertyMappingContextCustomizer@0, org.springframework.boot.test.autoconfigure.web.servlet.WebDriverContextCustomizerFactory$Customizer@1f53a5dc, org.springframework.boot.test.context.filter.ExcludeFilterContextCustomizer@c7ba306, org.springframework.boot.test.json.DuplicateJsonObjectContextCustomizerFactory$DuplicateJsonObjectContextCustomizer@6c4980d3, org.springframework.boot.test.mock.mockito.MockitoContextCustomizer@2a0b853c], contextLoader = 'org.springframework.test.context.support.DelegatingSmartContextLoader', parent = [null]], attributes = map['org.springframework.test.context.event.ApplicationEventsTestExecutionListener.recordApplicationEvents' -> false]], class annotated with @DirtiesContext [false] with mode [null], method annotated with @DirtiesContext [false] with mode [null].
23:51:42.698 [Test worker] DEBUG org.springframework.test.context.cache.DefaultCacheAwareContextLoaderDelegate - Retrieved ApplicationContext [1172450799] from cache with key [[MergedContextConfiguration@68b58644 testClass = HomeServiceTest, locations = '{}', classes = '{class org.waldreg.home.homecontent.management.DefaultHomeManager}', contextInitializerClasses = '[]', activeProfiles = '{}', propertySourceLocations = '{}', propertySourceProperties = '{}', contextCustomizers = set[org.springframework.boot.test.autoconfigure.actuate.metrics.MetricsExportContextCustomizerFactory$DisableMetricExportContextCustomizer@38604b81, org.springframework.boot.test.autoconfigure.properties.PropertyMappingContextCustomizer@0, org.springframework.boot.test.autoconfigure.web.servlet.WebDriverContextCustomizerFactory$Customizer@1f53a5dc, org.springframework.boot.test.context.filter.ExcludeFilterContextCustomizer@c7ba306, org.springframework.boot.test.json.DuplicateJsonObjectContextCustomizerFactory$DuplicateJsonObjectContextCustomizer@6c4980d3, org.springframework.boot.test.mock.mockito.MockitoContextCustomizer@2a0b853c], contextLoader = 'org.springframework.test.context.support.DelegatingSmartContextLoader', parent = [null]]]
23:51:42.698 [Test worker] DEBUG org.springframework.test.context.cache - Spring test ApplicationContext cache statistics: [DefaultContextCache@bd1111a size = 2, maxSize = 32, parentContextCount = 0, hitCount = 48, missCount = 2]
23:51:42.698 [Test worker] DEBUG org.springframework.test.context.support.AbstractDirtiesContextTestExecutionListener - After test class: context [DefaultTestContext@2cc04358 testClass = HomeServiceTest, testInstance = [null], testMethod = [null], testException = [null], mergedContextConfiguration = [MergedContextConfiguration@68b58644 testClass = HomeServiceTest, locations = '{}', classes = '{class org.waldreg.home.homecontent.management.DefaultHomeManager}', contextInitializerClasses = '[]', activeProfiles = '{}', propertySourceLocations = '{}', propertySourceProperties = '{}', contextCustomizers = set[org.springframework.boot.test.autoconfigure.actuate.metrics.MetricsExportContextCustomizerFactory$DisableMetricExportContextCustomizer@38604b81, org.springframework.boot.test.autoconfigure.properties.PropertyMappingContextCustomizer@0, org.springframework.boot.test.autoconfigure.web.servlet.WebDriverContextCustomizerFactory$Customizer@1f53a5dc, org.springframework.boot.test.context.filter.ExcludeFilterContextCustomizer@c7ba306, org.springframework.boot.test.json.DuplicateJsonObjectContextCustomizerFactory$DuplicateJsonObjectContextCustomizer@6c4980d3, org.springframework.boot.test.mock.mockito.MockitoContextCustomizer@2a0b853c], contextLoader = 'org.springframework.test.context.support.DelegatingSmartContextLoader', parent = [null]], attributes = map['org.springframework.test.context.event.ApplicationEventsTestExecutionListener.recordApplicationEvents' -> false]], class annotated with @DirtiesContext [false] with mode [null].
]]></system-out>
  <system-err><![CDATA[]]></system-err>
</testsuite>
