<?xml version="1.0" encoding="UTF-8"?>
<testsuite name="org.waldreg.repository.teambuilding.repository.JpaTeamRepositoryTest" tests="6" skipped="0" failures="0" errors="0" timestamp="2023-06-27T14:36:50" hostname="xb-apple.local" time="0.043">
  <properties/>
  <testcase name="team_id로 삭제 성공 테스트" classname="org.waldreg.repository.teambuilding.repository.JpaTeamRepositoryTest" time="0.011"/>
  <testcase name="새로운 team 생성 성공 테스트" classname="org.waldreg.repository.teambuilding.repository.JpaTeamRepositoryTest" time="0.007"/>
  <testcase name="team_id로 수정 성공 테스트" classname="org.waldreg.repository.teambuilding.repository.JpaTeamRepositoryTest" time="0.006"/>
  <testcase name="teambuilding_id로 전체 조회 성공 테스트" classname="org.waldreg.repository.teambuilding.repository.JpaTeamRepositoryTest" time="0.006"/>
  <testcase name="teambuilding_id로 전체 조회 성공 테스트" classname="org.waldreg.repository.teambuilding.repository.JpaTeamRepositoryTest" time="0.005"/>
  <testcase name="team_id로 조회 성공 테스트" classname="org.waldreg.repository.teambuilding.repository.JpaTeamRepositoryTest" time="0.006"/>
  <system-out><![CDATA[2023-06-27 23:36:50.348  INFO 90410 --- [    Test worker] b.t.a.o.j.DataJpaTestContextBootstrapper : Neither @ContextConfiguration nor @ContextHierarchy found for test class [org.waldreg.repository.teambuilding.repository.JpaTeamRepositoryTest], using SpringBootContextLoader
2023-06-27 23:36:50.349  INFO 90410 --- [    Test worker] o.s.t.c.support.AbstractContextLoader    : Could not detect default resource locations for test class [org.waldreg.repository.teambuilding.repository.JpaTeamRepositoryTest]: no resource found for suffixes {-context.xml, Context.groovy}.
2023-06-27 23:36:50.349  INFO 90410 --- [    Test worker] t.c.s.AnnotationConfigContextLoaderUtils : Could not detect default configuration classes for test class [org.waldreg.repository.teambuilding.repository.JpaTeamRepositoryTest]: JpaTeamRepositoryTest does not declare any static, non-private, non-final, nested classes annotated with @Configuration.
2023-06-27 23:36:50.350  INFO 90410 --- [    Test worker] .b.t.c.SpringBootTestContextBootstrapper : Found @SpringBootConfiguration org.waldreg.repository.teambuilding.JpaTeamBuildingTestInitializer for test class org.waldreg.repository.teambuilding.repository.JpaTeamRepositoryTest
2023-06-27 23:36:50.350  INFO 90410 --- [    Test worker] b.t.a.o.j.DataJpaTestContextBootstrapper : Loaded default TestExecutionListener class names from location [META-INF/spring.factories]: [org.springframework.boot.test.autoconfigure.restdocs.RestDocsTestExecutionListener, org.springframework.boot.test.autoconfigure.web.client.MockRestServiceServerResetTestExecutionListener, org.springframework.boot.test.autoconfigure.web.servlet.MockMvcPrintOnlyOnFailureTestExecutionListener, org.springframework.boot.test.autoconfigure.web.servlet.WebDriverTestExecutionListener, org.springframework.boot.test.autoconfigure.webservices.client.MockWebServiceServerTestExecutionListener, org.springframework.boot.test.mock.mockito.MockitoTestExecutionListener, org.springframework.boot.test.mock.mockito.ResetMocksTestExecutionListener, org.springframework.test.context.web.ServletTestExecutionListener, org.springframework.test.context.support.DirtiesContextBeforeModesTestExecutionListener, org.springframework.test.context.event.ApplicationEventsTestExecutionListener, org.springframework.test.context.support.DependencyInjectionTestExecutionListener, org.springframework.test.context.support.DirtiesContextTestExecutionListener, org.springframework.test.context.transaction.TransactionalTestExecutionListener, org.springframework.test.context.jdbc.SqlScriptsTestExecutionListener, org.springframework.test.context.event.EventPublishingTestExecutionListener]
2023-06-27 23:36:50.350  INFO 90410 --- [    Test worker] b.t.a.o.j.DataJpaTestContextBootstrapper : Using TestExecutionListeners: [org.springframework.test.context.web.ServletTestExecutionListener@7c4de811, org.springframework.test.context.support.DirtiesContextBeforeModesTestExecutionListener@443b9ebb, org.springframework.test.context.event.ApplicationEventsTestExecutionListener@4830c979, org.springframework.boot.test.mock.mockito.MockitoTestExecutionListener@d98ce13, org.springframework.boot.test.autoconfigure.SpringBootDependencyInjectionTestExecutionListener@1e86b2d1, org.springframework.test.context.support.DirtiesContextTestExecutionListener@65029fc, org.springframework.test.context.transaction.TransactionalTestExecutionListener@4865434e, org.springframework.test.context.jdbc.SqlScriptsTestExecutionListener@3c6e407, org.springframework.test.context.event.EventPublishingTestExecutionListener@287dde94, org.springframework.boot.test.autoconfigure.restdocs.RestDocsTestExecutionListener@2f650dae, org.springframework.boot.test.autoconfigure.web.client.MockRestServiceServerResetTestExecutionListener@4df8443f, org.springframework.boot.test.autoconfigure.web.servlet.MockMvcPrintOnlyOnFailureTestExecutionListener@79aa675b, org.springframework.boot.test.autoconfigure.web.servlet.WebDriverTestExecutionListener@3fe59f84, org.springframework.boot.test.autoconfigure.webservices.client.MockWebServiceServerTestExecutionListener@38eafdab, org.springframework.boot.test.mock.mockito.ResetMocksTestExecutionListener@373c8f35]
2023-06-27 23:36:50.352  INFO 90410 --- [    Test worker] o.s.t.c.transaction.TransactionContext   : Began transaction (1) for test context [DefaultTestContext@1415f18d testClass = JpaTeamRepositoryTest, testInstance = org.waldreg.repository.teambuilding.repository.JpaTeamRepositoryTest@61c42e54, testMethod = DELETE_TEAM_BY_ID_SUCCESS_TEST@JpaTeamRepositoryTest, testException = [null], mergedContextConfiguration = [MergedContextConfiguration@533690d testClass = JpaTeamRepositoryTest, locations = '{}', classes = '{class org.waldreg.repository.teambuilding.JpaTeamBuildingTestInitializer}', contextInitializerClasses = '[]', activeProfiles = '{}', propertySourceLocations = '{classpath:h2-application.properties}', propertySourceProperties = '{org.springframework.boot.test.autoconfigure.orm.jpa.DataJpaTestContextBootstrapper=true}', contextCustomizers = set[org.springframework.boot.test.autoconfigure.OverrideAutoConfigurationContextCustomizerFactory$DisableAutoConfigurationContextCustomizer@6eb2384f, org.springframework.boot.test.autoconfigure.actuate.metrics.MetricsExportContextCustomizerFactory$DisableMetricExportContextCustomizer@12f9af83, org.springframework.boot.test.autoconfigure.filter.TypeExcludeFiltersContextCustomizer@351584c0, org.springframework.boot.test.autoconfigure.properties.PropertyMappingContextCustomizer@d2c83518, org.springframework.boot.test.autoconfigure.web.servlet.WebDriverContextCustomizerFactory$Customizer@21a21c64, [ImportsContextCustomizer@3bf306d3 key = [org.springframework.boot.autoconfigure.cache.CacheAutoConfiguration, org.springframework.boot.autoconfigure.data.jpa.JpaRepositoriesAutoConfiguration, org.springframework.boot.autoconfigure.flyway.FlywayAutoConfiguration, org.springframework.boot.autoconfigure.jdbc.DataSourceAutoConfiguration, org.springframework.boot.autoconfigure.jdbc.DataSourceTransactionManagerAutoConfiguration, org.springframework.boot.autoconfigure.jdbc.JdbcTemplateAutoConfiguration, org.springframework.boot.autoconfigure.liquibase.LiquibaseAutoConfiguration, org.springframework.boot.autoconfigure.orm.jpa.HibernateJpaAutoConfiguration, org.springframework.boot.autoconfigure.sql.init.SqlInitializationAutoConfiguration, org.springframework.boot.autoconfigure.transaction.TransactionAutoConfiguration, org.springframework.boot.test.autoconfigure.jdbc.TestDatabaseAutoConfiguration, org.springframework.boot.test.autoconfigure.orm.jpa.TestEntityManagerAutoConfiguration]], org.springframework.boot.test.context.filter.ExcludeFilterContextCustomizer@2a448449, org.springframework.boot.test.json.DuplicateJsonObjectContextCustomizerFactory$DuplicateJsonObjectContextCustomizer@e54303, org.springframework.boot.test.mock.mockito.MockitoContextCustomizer@0, org.springframework.boot.test.context.SpringBootTestArgs@1, org.springframework.boot.test.context.SpringBootTestWebEnvironment@0], contextLoader = 'org.springframework.boot.test.context.SpringBootContextLoader', parent = [null]], attributes = map['org.springframework.test.context.event.ApplicationEventsTestExecutionListener.recordApplicationEvents' -> false]]; transaction manager [org.springframework.orm.jpa.JpaTransactionManager@7e916dc2]; rollback [true]
Hibernate: insert into team_building (team_building_team_building_id, team_building_created_at, team_building_last_modified_at, team_building_team_building_title) values (default, ?, ?, ?)
Hibernate: insert into characters (character_id, character_character_name) values (default, ?)
Hibernate: insert into user (user_id, character_id, user_created_at, user_name, user_phone_number, user_user_id, user_user_password) values (default, ?, ?, ?, ?, ?, ?)
Hibernate: insert into user (user_id, character_id, user_created_at, user_name, user_phone_number, user_user_id, user_user_password) values (default, ?, ?, ?, ?, ?, ?)
Hibernate: insert into user (user_id, character_id, user_created_at, user_name, user_phone_number, user_user_id, user_user_password) values (default, ?, ?, ?, ?, ?, ?)
Hibernate: insert into user (user_id, character_id, user_created_at, user_name, user_phone_number, user_user_id, user_user_password) values (default, ?, ?, ?, ?, ?, ?)
Hibernate: insert into user (user_id, character_id, user_created_at, user_name, user_phone_number, user_user_id, user_user_password) values (default, ?, ?, ?, ?, ?, ?)
Hibernate: insert into user (user_id, character_id, user_created_at, user_name, user_phone_number, user_user_id, user_user_password) values (default, ?, ?, ?, ?, ?, ?)
Hibernate: insert into team (team_team_id, team_last_modified_at, team_building_team_building_id, team_team_name) values (default, ?, ?, ?)
Hibernate: insert into team_user (team_user_id, team_team_id, user_id) values (default, ?, ?)
Hibernate: insert into team_user (team_user_id, team_team_id, user_id) values (default, ?, ?)
Hibernate: insert into team_user (team_user_id, team_team_id, user_id) values (default, ?, ?)
Hibernate: insert into team_user (team_user_id, team_team_id, user_id) values (default, ?, ?)
Hibernate: insert into team_user (team_user_id, team_team_id, user_id) values (default, ?, ?)
Hibernate: insert into team_user (team_user_id, team_team_id, user_id) values (default, ?, ?)
Hibernate: insert into team (team_team_id, team_last_modified_at, team_building_team_building_id, team_team_name) values (default, ?, ?, ?)
Hibernate: insert into team (team_team_id, team_last_modified_at, team_building_team_building_id, team_team_name) values (default, ?, ?, ?)
Hibernate: insert into team_user (team_user_id, team_team_id, user_id) values (default, ?, ?)
Hibernate: insert into team_user (team_user_id, team_team_id, user_id) values (default, ?, ?)
Hibernate: insert into team_user (team_user_id, team_team_id, user_id) values (default, ?, ?)
Hibernate: insert into team_user (team_user_id, team_team_id, user_id) values (default, ?, ?)
Hibernate: insert into team_user (team_user_id, team_team_id, user_id) values (default, ?, ?)
Hibernate: insert into team_user (team_user_id, team_team_id, user_id) values (default, ?, ?)
Hibernate: select teambuildi0_.team_building_team_building_id as team_bui1_18_1_, teambuildi0_.team_building_created_at as team_bui2_18_1_, teambuildi0_.team_building_last_modified_at as team_bui3_18_1_, teambuildi0_.team_building_team_building_title as team_bui4_18_1_, teamlist1_.team_building_team_building_id as team_bui4_17_3_, teamlist1_.team_team_id as team_tea1_17_3_, teamlist1_.team_team_id as team_tea1_17_0_, teamlist1_.team_last_modified_at as team_las2_17_0_, teamlist1_.team_building_team_building_id as team_bui4_17_0_, teamlist1_.team_team_name as team_tea3_17_0_ from team_building teambuildi0_ left outer join team teamlist1_ on teambuildi0_.team_building_team_building_id=teamlist1_.team_building_team_building_id where teambuildi0_.team_building_team_building_id=?
Hibernate: select team0_.team_team_id as team_tea1_17_0_, team0_.team_last_modified_at as team_las2_17_0_, team0_.team_building_team_building_id as team_bui4_17_0_, team0_.team_team_name as team_tea3_17_0_ from team team0_ where team0_.team_team_id=?
Hibernate: select teambuildi0_.team_building_team_building_id as team_bui1_18_0_, teambuildi0_.team_building_created_at as team_bui2_18_0_, teambuildi0_.team_building_last_modified_at as team_bui3_18_0_, teambuildi0_.team_building_team_building_title as team_bui4_18_0_ from team_building teambuildi0_ where teambuildi0_.team_building_team_building_id=?
Hibernate: select teamuserli0_.team_team_id as team_tea2_19_0_, teamuserli0_.team_user_id as team_use1_19_0_, teamuserli0_.team_user_id as team_use1_19_1_, teamuserli0_.team_team_id as team_tea2_19_1_, teamuserli0_.user_id as user_id3_19_1_ from team_user teamuserli0_ where teamuserli0_.team_team_id=?
Hibernate: select user0_.user_id as user_id1_20_0_, user0_.character_id as characte7_20_0_, user0_.user_created_at as user_cre2_20_0_, user0_.user_name as user_nam3_20_0_, user0_.user_phone_number as user_pho4_20_0_, user0_.user_user_id as user_use5_20_0_, user0_.user_user_password as user_use6_20_0_ from user user0_ where user0_.user_id=?
Hibernate: select character0_.character_id as characte1_6_0_, character0_.character_character_name as characte2_6_0_ from characters character0_ where character0_.character_id=?
Hibernate: select user0_.user_id as user_id1_20_0_, user0_.character_id as characte7_20_0_, user0_.user_created_at as user_cre2_20_0_, user0_.user_name as user_nam3_20_0_, user0_.user_phone_number as user_pho4_20_0_, user0_.user_user_id as user_use5_20_0_, user0_.user_user_password as user_use6_20_0_ from user user0_ where user0_.user_id=?
Hibernate: select user0_.user_id as user_id1_20_0_, user0_.character_id as characte7_20_0_, user0_.user_created_at as user_cre2_20_0_, user0_.user_name as user_nam3_20_0_, user0_.user_phone_number as user_pho4_20_0_, user0_.user_user_id as user_use5_20_0_, user0_.user_user_password as user_use6_20_0_ from user user0_ where user0_.user_id=?
Hibernate: select user0_.user_id as user_id1_20_0_, user0_.character_id as characte7_20_0_, user0_.user_created_at as user_cre2_20_0_, user0_.user_name as user_nam3_20_0_, user0_.user_phone_number as user_pho4_20_0_, user0_.user_user_id as user_use5_20_0_, user0_.user_user_password as user_use6_20_0_ from user user0_ where user0_.user_id=?
Hibernate: select user0_.user_id as user_id1_20_0_, user0_.character_id as characte7_20_0_, user0_.user_created_at as user_cre2_20_0_, user0_.user_name as user_nam3_20_0_, user0_.user_phone_number as user_pho4_20_0_, user0_.user_user_id as user_use5_20_0_, user0_.user_user_password as user_use6_20_0_ from user user0_ where user0_.user_id=?
Hibernate: select user0_.user_id as user_id1_20_0_, user0_.character_id as characte7_20_0_, user0_.user_created_at as user_cre2_20_0_, user0_.user_name as user_nam3_20_0_, user0_.user_phone_number as user_pho4_20_0_, user0_.user_user_id as user_use5_20_0_, user0_.user_user_password as user_use6_20_0_ from user user0_ where user0_.user_id=?
Hibernate: delete from team_user where team_user_id=?
Hibernate: delete from team_user where team_user_id=?
Hibernate: delete from team_user where team_user_id=?
Hibernate: delete from team_user where team_user_id=?
Hibernate: delete from team_user where team_user_id=?
Hibernate: delete from team_user where team_user_id=?
Hibernate: delete from team where team_team_id=?
Hibernate: select count(*) as col_0_0_ from team team0_ where team0_.team_team_id=?
Hibernate: select teamlist0_.team_building_team_building_id as team_bui4_17_0_, teamlist0_.team_team_id as team_tea1_17_0_, teamlist0_.team_team_id as team_tea1_17_1_, teamlist0_.team_last_modified_at as team_las2_17_1_, teamlist0_.team_building_team_building_id as team_bui4_17_1_, teamlist0_.team_team_name as team_tea3_17_1_ from team teamlist0_ where teamlist0_.team_building_team_building_id=?
Hibernate: select count(*) as col_0_0_ from user user0_ where user0_.user_id=?
2023-06-27 23:36:50.362  INFO 90410 --- [    Test worker] o.s.t.c.transaction.TransactionContext   : Rolled back transaction for test: [DefaultTestContext@1415f18d testClass = JpaTeamRepositoryTest, testInstance = org.waldreg.repository.teambuilding.repository.JpaTeamRepositoryTest@61c42e54, testMethod = DELETE_TEAM_BY_ID_SUCCESS_TEST@JpaTeamRepositoryTest, testException = [null], mergedContextConfiguration = [MergedContextConfiguration@533690d testClass = JpaTeamRepositoryTest, locations = '{}', classes = '{class org.waldreg.repository.teambuilding.JpaTeamBuildingTestInitializer}', contextInitializerClasses = '[]', activeProfiles = '{}', propertySourceLocations = '{classpath:h2-application.properties}', propertySourceProperties = '{org.springframework.boot.test.autoconfigure.orm.jpa.DataJpaTestContextBootstrapper=true}', contextCustomizers = set[org.springframework.boot.test.autoconfigure.OverrideAutoConfigurationContextCustomizerFactory$DisableAutoConfigurationContextCustomizer@6eb2384f, org.springframework.boot.test.autoconfigure.actuate.metrics.MetricsExportContextCustomizerFactory$DisableMetricExportContextCustomizer@12f9af83, org.springframework.boot.test.autoconfigure.filter.TypeExcludeFiltersContextCustomizer@351584c0, org.springframework.boot.test.autoconfigure.properties.PropertyMappingContextCustomizer@d2c83518, org.springframework.boot.test.autoconfigure.web.servlet.WebDriverContextCustomizerFactory$Customizer@21a21c64, [ImportsContextCustomizer@3bf306d3 key = [org.springframework.boot.autoconfigure.cache.CacheAutoConfiguration, org.springframework.boot.autoconfigure.data.jpa.JpaRepositoriesAutoConfiguration, org.springframework.boot.autoconfigure.flyway.FlywayAutoConfiguration, org.springframework.boot.autoconfigure.jdbc.DataSourceAutoConfiguration, org.springframework.boot.autoconfigure.jdbc.DataSourceTransactionManagerAutoConfiguration, org.springframework.boot.autoconfigure.jdbc.JdbcTemplateAutoConfiguration, org.springframework.boot.autoconfigure.liquibase.LiquibaseAutoConfiguration, org.springframework.boot.autoconfigure.orm.jpa.HibernateJpaAutoConfiguration, org.springframework.boot.autoconfigure.sql.init.SqlInitializationAutoConfiguration, org.springframework.boot.autoconfigure.transaction.TransactionAutoConfiguration, org.springframework.boot.test.autoconfigure.jdbc.TestDatabaseAutoConfiguration, org.springframework.boot.test.autoconfigure.orm.jpa.TestEntityManagerAutoConfiguration]], org.springframework.boot.test.context.filter.ExcludeFilterContextCustomizer@2a448449, org.springframework.boot.test.json.DuplicateJsonObjectContextCustomizerFactory$DuplicateJsonObjectContextCustomizer@e54303, org.springframework.boot.test.mock.mockito.MockitoContextCustomizer@0, org.springframework.boot.test.context.SpringBootTestArgs@1, org.springframework.boot.test.context.SpringBootTestWebEnvironment@0], contextLoader = 'org.springframework.boot.test.context.SpringBootContextLoader', parent = [null]], attributes = map['org.springframework.test.context.event.ApplicationEventsTestExecutionListener.recordApplicationEvents' -> false]]
2023-06-27 23:36:50.363  INFO 90410 --- [    Test worker] o.s.t.c.transaction.TransactionContext   : Began transaction (1) for test context [DefaultTestContext@1415f18d testClass = JpaTeamRepositoryTest, testInstance = org.waldreg.repository.teambuilding.repository.JpaTeamRepositoryTest@1ac30be4, testMethod = CREATE_NEW_TEAM_SUCCESS_TEST@JpaTeamRepositoryTest, testException = [null], mergedContextConfiguration = [MergedContextConfiguration@533690d testClass = JpaTeamRepositoryTest, locations = '{}', classes = '{class org.waldreg.repository.teambuilding.JpaTeamBuildingTestInitializer}', contextInitializerClasses = '[]', activeProfiles = '{}', propertySourceLocations = '{classpath:h2-application.properties}', propertySourceProperties = '{org.springframework.boot.test.autoconfigure.orm.jpa.DataJpaTestContextBootstrapper=true}', contextCustomizers = set[org.springframework.boot.test.autoconfigure.OverrideAutoConfigurationContextCustomizerFactory$DisableAutoConfigurationContextCustomizer@6eb2384f, org.springframework.boot.test.autoconfigure.actuate.metrics.MetricsExportContextCustomizerFactory$DisableMetricExportContextCustomizer@12f9af83, org.springframework.boot.test.autoconfigure.filter.TypeExcludeFiltersContextCustomizer@351584c0, org.springframework.boot.test.autoconfigure.properties.PropertyMappingContextCustomizer@d2c83518, org.springframework.boot.test.autoconfigure.web.servlet.WebDriverContextCustomizerFactory$Customizer@21a21c64, [ImportsContextCustomizer@3bf306d3 key = [org.springframework.boot.autoconfigure.cache.CacheAutoConfiguration, org.springframework.boot.autoconfigure.data.jpa.JpaRepositoriesAutoConfiguration, org.springframework.boot.autoconfigure.flyway.FlywayAutoConfiguration, org.springframework.boot.autoconfigure.jdbc.DataSourceAutoConfiguration, org.springframework.boot.autoconfigure.jdbc.DataSourceTransactionManagerAutoConfiguration, org.springframework.boot.autoconfigure.jdbc.JdbcTemplateAutoConfiguration, org.springframework.boot.autoconfigure.liquibase.LiquibaseAutoConfiguration, org.springframework.boot.autoconfigure.orm.jpa.HibernateJpaAutoConfiguration, org.springframework.boot.autoconfigure.sql.init.SqlInitializationAutoConfiguration, org.springframework.boot.autoconfigure.transaction.TransactionAutoConfiguration, org.springframework.boot.test.autoconfigure.jdbc.TestDatabaseAutoConfiguration, org.springframework.boot.test.autoconfigure.orm.jpa.TestEntityManagerAutoConfiguration]], org.springframework.boot.test.context.filter.ExcludeFilterContextCustomizer@2a448449, org.springframework.boot.test.json.DuplicateJsonObjectContextCustomizerFactory$DuplicateJsonObjectContextCustomizer@e54303, org.springframework.boot.test.mock.mockito.MockitoContextCustomizer@0, org.springframework.boot.test.context.SpringBootTestArgs@1, org.springframework.boot.test.context.SpringBootTestWebEnvironment@0], contextLoader = 'org.springframework.boot.test.context.SpringBootContextLoader', parent = [null]], attributes = map['org.springframework.test.context.event.ApplicationEventsTestExecutionListener.recordApplicationEvents' -> false]]; transaction manager [org.springframework.orm.jpa.JpaTransactionManager@7e916dc2]; rollback [true]
Hibernate: insert into team_building (team_building_team_building_id, team_building_created_at, team_building_last_modified_at, team_building_team_building_title) values (default, ?, ?, ?)
Hibernate: insert into characters (character_id, character_character_name) values (default, ?)
Hibernate: insert into user (user_id, character_id, user_created_at, user_name, user_phone_number, user_user_id, user_user_password) values (default, ?, ?, ?, ?, ?, ?)
Hibernate: insert into user (user_id, character_id, user_created_at, user_name, user_phone_number, user_user_id, user_user_password) values (default, ?, ?, ?, ?, ?, ?)
Hibernate: insert into user (user_id, character_id, user_created_at, user_name, user_phone_number, user_user_id, user_user_password) values (default, ?, ?, ?, ?, ?, ?)
Hibernate: insert into user (user_id, character_id, user_created_at, user_name, user_phone_number, user_user_id, user_user_password) values (default, ?, ?, ?, ?, ?, ?)
Hibernate: insert into user (user_id, character_id, user_created_at, user_name, user_phone_number, user_user_id, user_user_password) values (default, ?, ?, ?, ?, ?, ?)
Hibernate: insert into user (user_id, character_id, user_created_at, user_name, user_phone_number, user_user_id, user_user_password) values (default, ?, ?, ?, ?, ?, ?)
Hibernate: insert into team (team_team_id, team_last_modified_at, team_building_team_building_id, team_team_name) values (default, ?, ?, ?)
Hibernate: insert into team_user (team_user_id, team_team_id, user_id) values (default, ?, ?)
Hibernate: insert into team_user (team_user_id, team_team_id, user_id) values (default, ?, ?)
Hibernate: insert into team_user (team_user_id, team_team_id, user_id) values (default, ?, ?)
Hibernate: insert into team_user (team_user_id, team_team_id, user_id) values (default, ?, ?)
Hibernate: insert into team_user (team_user_id, team_team_id, user_id) values (default, ?, ?)
Hibernate: insert into team_user (team_user_id, team_team_id, user_id) values (default, ?, ?)
Hibernate: select team0_.team_team_id as team_tea1_17_1_, team0_.team_last_modified_at as team_las2_17_1_, team0_.team_building_team_building_id as team_bui4_17_1_, team0_.team_team_name as team_tea3_17_1_, teamuserli1_.team_team_id as team_tea2_19_3_, teamuserli1_.team_user_id as team_use1_19_3_, teamuserli1_.team_user_id as team_use1_19_0_, teamuserli1_.team_team_id as team_tea2_19_0_, teamuserli1_.user_id as user_id3_19_0_ from team team0_ left outer join team_user teamuserli1_ on team0_.team_team_id=teamuserli1_.team_team_id where team0_.team_team_id=?
Hibernate: select user0_.user_id as user_id1_20_1_, user0_.character_id as characte7_20_1_, user0_.user_created_at as user_cre2_20_1_, user0_.user_name as user_nam3_20_1_, user0_.user_phone_number as user_pho4_20_1_, user0_.user_user_id as user_use5_20_1_, user0_.user_user_password as user_use6_20_1_, rewardtagw1_.user_id as user_id4_15_3_, rewardtagw1_.reward_tag_wrapper_reward_id as reward_t1_15_3_, rewardtagw1_.reward_tag_wrapper_reward_id as reward_t1_15_0_, rewardtagw1_.reward_tag_wrapper_reward_presented_at as reward_t2_15_0_, rewardtagw1_.reward_tag_reward_tag_id as reward_t3_15_0_, rewardtagw1_.user_id as user_id4_15_0_ from user user0_ left outer join reward_tag_wrapper rewardtagw1_ on user0_.user_id=rewardtagw1_.user_id where user0_.user_id=?
Hibernate: select character0_.character_id as characte1_6_0_, character0_.character_character_name as characte2_6_0_ from characters character0_ where character0_.character_id=?
Hibernate: select teambuildi0_.team_building_team_building_id as team_bui1_18_1_, teambuildi0_.team_building_created_at as team_bui2_18_1_, teambuildi0_.team_building_last_modified_at as team_bui3_18_1_, teambuildi0_.team_building_team_building_title as team_bui4_18_1_, teamlist1_.team_building_team_building_id as team_bui4_17_3_, teamlist1_.team_team_id as team_tea1_17_3_, teamlist1_.team_team_id as team_tea1_17_0_, teamlist1_.team_last_modified_at as team_las2_17_0_, teamlist1_.team_building_team_building_id as team_bui4_17_0_, teamlist1_.team_team_name as team_tea3_17_0_ from team_building teambuildi0_ left outer join team teamlist1_ on teambuildi0_.team_building_team_building_id=teamlist1_.team_building_team_building_id where teambuildi0_.team_building_team_building_id=?
Hibernate: select user0_.user_id as user_id1_20_1_, user0_.character_id as characte7_20_1_, user0_.user_created_at as user_cre2_20_1_, user0_.user_name as user_nam3_20_1_, user0_.user_phone_number as user_pho4_20_1_, user0_.user_user_id as user_use5_20_1_, user0_.user_user_password as user_use6_20_1_, rewardtagw1_.user_id as user_id4_15_3_, rewardtagw1_.reward_tag_wrapper_reward_id as reward_t1_15_3_, rewardtagw1_.reward_tag_wrapper_reward_id as reward_t1_15_0_, rewardtagw1_.reward_tag_wrapper_reward_presented_at as reward_t2_15_0_, rewardtagw1_.reward_tag_reward_tag_id as reward_t3_15_0_, rewardtagw1_.user_id as user_id4_15_0_ from user user0_ left outer join reward_tag_wrapper rewardtagw1_ on user0_.user_id=rewardtagw1_.user_id where user0_.user_id=?
Hibernate: select user0_.user_id as user_id1_20_1_, user0_.character_id as characte7_20_1_, user0_.user_created_at as user_cre2_20_1_, user0_.user_name as user_nam3_20_1_, user0_.user_phone_number as user_pho4_20_1_, user0_.user_user_id as user_use5_20_1_, user0_.user_user_password as user_use6_20_1_, rewardtagw1_.user_id as user_id4_15_3_, rewardtagw1_.reward_tag_wrapper_reward_id as reward_t1_15_3_, rewardtagw1_.reward_tag_wrapper_reward_id as reward_t1_15_0_, rewardtagw1_.reward_tag_wrapper_reward_presented_at as reward_t2_15_0_, rewardtagw1_.reward_tag_reward_tag_id as reward_t3_15_0_, rewardtagw1_.user_id as user_id4_15_0_ from user user0_ left outer join reward_tag_wrapper rewardtagw1_ on user0_.user_id=rewardtagw1_.user_id where user0_.user_id=?
Hibernate: select user0_.user_id as user_id1_20_1_, user0_.character_id as characte7_20_1_, user0_.user_created_at as user_cre2_20_1_, user0_.user_name as user_nam3_20_1_, user0_.user_phone_number as user_pho4_20_1_, user0_.user_user_id as user_use5_20_1_, user0_.user_user_password as user_use6_20_1_, rewardtagw1_.user_id as user_id4_15_3_, rewardtagw1_.reward_tag_wrapper_reward_id as reward_t1_15_3_, rewardtagw1_.reward_tag_wrapper_reward_id as reward_t1_15_0_, rewardtagw1_.reward_tag_wrapper_reward_presented_at as reward_t2_15_0_, rewardtagw1_.reward_tag_reward_tag_id as reward_t3_15_0_, rewardtagw1_.user_id as user_id4_15_0_ from user user0_ left outer join reward_tag_wrapper rewardtagw1_ on user0_.user_id=rewardtagw1_.user_id where user0_.user_id=?
Hibernate: select user0_.user_id as user_id1_20_1_, user0_.character_id as characte7_20_1_, user0_.user_created_at as user_cre2_20_1_, user0_.user_name as user_nam3_20_1_, user0_.user_phone_number as user_pho4_20_1_, user0_.user_user_id as user_use5_20_1_, user0_.user_user_password as user_use6_20_1_, rewardtagw1_.user_id as user_id4_15_3_, rewardtagw1_.reward_tag_wrapper_reward_id as reward_t1_15_3_, rewardtagw1_.reward_tag_wrapper_reward_id as reward_t1_15_0_, rewardtagw1_.reward_tag_wrapper_reward_presented_at as reward_t2_15_0_, rewardtagw1_.reward_tag_reward_tag_id as reward_t3_15_0_, rewardtagw1_.user_id as user_id4_15_0_ from user user0_ left outer join reward_tag_wrapper rewardtagw1_ on user0_.user_id=rewardtagw1_.user_id where user0_.user_id=?
Hibernate: select user0_.user_id as user_id1_20_1_, user0_.character_id as characte7_20_1_, user0_.user_created_at as user_cre2_20_1_, user0_.user_name as user_nam3_20_1_, user0_.user_phone_number as user_pho4_20_1_, user0_.user_user_id as user_use5_20_1_, user0_.user_user_password as user_use6_20_1_, rewardtagw1_.user_id as user_id4_15_3_, rewardtagw1_.reward_tag_wrapper_reward_id as reward_t1_15_3_, rewardtagw1_.reward_tag_wrapper_reward_id as reward_t1_15_0_, rewardtagw1_.reward_tag_wrapper_reward_presented_at as reward_t2_15_0_, rewardtagw1_.reward_tag_reward_tag_id as reward_t3_15_0_, rewardtagw1_.user_id as user_id4_15_0_ from user user0_ left outer join reward_tag_wrapper rewardtagw1_ on user0_.user_id=rewardtagw1_.user_id where user0_.user_id=?
2023-06-27 23:36:50.370  INFO 90410 --- [    Test worker] o.s.t.c.transaction.TransactionContext   : Rolled back transaction for test: [DefaultTestContext@1415f18d testClass = JpaTeamRepositoryTest, testInstance = org.waldreg.repository.teambuilding.repository.JpaTeamRepositoryTest@1ac30be4, testMethod = CREATE_NEW_TEAM_SUCCESS_TEST@JpaTeamRepositoryTest, testException = [null], mergedContextConfiguration = [MergedContextConfiguration@533690d testClass = JpaTeamRepositoryTest, locations = '{}', classes = '{class org.waldreg.repository.teambuilding.JpaTeamBuildingTestInitializer}', contextInitializerClasses = '[]', activeProfiles = '{}', propertySourceLocations = '{classpath:h2-application.properties}', propertySourceProperties = '{org.springframework.boot.test.autoconfigure.orm.jpa.DataJpaTestContextBootstrapper=true}', contextCustomizers = set[org.springframework.boot.test.autoconfigure.OverrideAutoConfigurationContextCustomizerFactory$DisableAutoConfigurationContextCustomizer@6eb2384f, org.springframework.boot.test.autoconfigure.actuate.metrics.MetricsExportContextCustomizerFactory$DisableMetricExportContextCustomizer@12f9af83, org.springframework.boot.test.autoconfigure.filter.TypeExcludeFiltersContextCustomizer@351584c0, org.springframework.boot.test.autoconfigure.properties.PropertyMappingContextCustomizer@d2c83518, org.springframework.boot.test.autoconfigure.web.servlet.WebDriverContextCustomizerFactory$Customizer@21a21c64, [ImportsContextCustomizer@3bf306d3 key = [org.springframework.boot.autoconfigure.cache.CacheAutoConfiguration, org.springframework.boot.autoconfigure.data.jpa.JpaRepositoriesAutoConfiguration, org.springframework.boot.autoconfigure.flyway.FlywayAutoConfiguration, org.springframework.boot.autoconfigure.jdbc.DataSourceAutoConfiguration, org.springframework.boot.autoconfigure.jdbc.DataSourceTransactionManagerAutoConfiguration, org.springframework.boot.autoconfigure.jdbc.JdbcTemplateAutoConfiguration, org.springframework.boot.autoconfigure.liquibase.LiquibaseAutoConfiguration, org.springframework.boot.autoconfigure.orm.jpa.HibernateJpaAutoConfiguration, org.springframework.boot.autoconfigure.sql.init.SqlInitializationAutoConfiguration, org.springframework.boot.autoconfigure.transaction.TransactionAutoConfiguration, org.springframework.boot.test.autoconfigure.jdbc.TestDatabaseAutoConfiguration, org.springframework.boot.test.autoconfigure.orm.jpa.TestEntityManagerAutoConfiguration]], org.springframework.boot.test.context.filter.ExcludeFilterContextCustomizer@2a448449, org.springframework.boot.test.json.DuplicateJsonObjectContextCustomizerFactory$DuplicateJsonObjectContextCustomizer@e54303, org.springframework.boot.test.mock.mockito.MockitoContextCustomizer@0, org.springframework.boot.test.context.SpringBootTestArgs@1, org.springframework.boot.test.context.SpringBootTestWebEnvironment@0], contextLoader = 'org.springframework.boot.test.context.SpringBootContextLoader', parent = [null]], attributes = map['org.springframework.test.context.event.ApplicationEventsTestExecutionListener.recordApplicationEvents' -> false]]
2023-06-27 23:36:50.371  INFO 90410 --- [    Test worker] o.s.t.c.transaction.TransactionContext   : Began transaction (1) for test context [DefaultTestContext@1415f18d testClass = JpaTeamRepositoryTest, testInstance = org.waldreg.repository.teambuilding.repository.JpaTeamRepositoryTest@12a8d03b, testMethod = UPDATE_TEAM_BY_ID_SUCCESS_TEST@JpaTeamRepositoryTest, testException = [null], mergedContextConfiguration = [MergedContextConfiguration@533690d testClass = JpaTeamRepositoryTest, locations = '{}', classes = '{class org.waldreg.repository.teambuilding.JpaTeamBuildingTestInitializer}', contextInitializerClasses = '[]', activeProfiles = '{}', propertySourceLocations = '{classpath:h2-application.properties}', propertySourceProperties = '{org.springframework.boot.test.autoconfigure.orm.jpa.DataJpaTestContextBootstrapper=true}', contextCustomizers = set[org.springframework.boot.test.autoconfigure.OverrideAutoConfigurationContextCustomizerFactory$DisableAutoConfigurationContextCustomizer@6eb2384f, org.springframework.boot.test.autoconfigure.actuate.metrics.MetricsExportContextCustomizerFactory$DisableMetricExportContextCustomizer@12f9af83, org.springframework.boot.test.autoconfigure.filter.TypeExcludeFiltersContextCustomizer@351584c0, org.springframework.boot.test.autoconfigure.properties.PropertyMappingContextCustomizer@d2c83518, org.springframework.boot.test.autoconfigure.web.servlet.WebDriverContextCustomizerFactory$Customizer@21a21c64, [ImportsContextCustomizer@3bf306d3 key = [org.springframework.boot.autoconfigure.cache.CacheAutoConfiguration, org.springframework.boot.autoconfigure.data.jpa.JpaRepositoriesAutoConfiguration, org.springframework.boot.autoconfigure.flyway.FlywayAutoConfiguration, org.springframework.boot.autoconfigure.jdbc.DataSourceAutoConfiguration, org.springframework.boot.autoconfigure.jdbc.DataSourceTransactionManagerAutoConfiguration, org.springframework.boot.autoconfigure.jdbc.JdbcTemplateAutoConfiguration, org.springframework.boot.autoconfigure.liquibase.LiquibaseAutoConfiguration, org.springframework.boot.autoconfigure.orm.jpa.HibernateJpaAutoConfiguration, org.springframework.boot.autoconfigure.sql.init.SqlInitializationAutoConfiguration, org.springframework.boot.autoconfigure.transaction.TransactionAutoConfiguration, org.springframework.boot.test.autoconfigure.jdbc.TestDatabaseAutoConfiguration, org.springframework.boot.test.autoconfigure.orm.jpa.TestEntityManagerAutoConfiguration]], org.springframework.boot.test.context.filter.ExcludeFilterContextCustomizer@2a448449, org.springframework.boot.test.json.DuplicateJsonObjectContextCustomizerFactory$DuplicateJsonObjectContextCustomizer@e54303, org.springframework.boot.test.mock.mockito.MockitoContextCustomizer@0, org.springframework.boot.test.context.SpringBootTestArgs@1, org.springframework.boot.test.context.SpringBootTestWebEnvironment@0], contextLoader = 'org.springframework.boot.test.context.SpringBootContextLoader', parent = [null]], attributes = map['org.springframework.test.context.event.ApplicationEventsTestExecutionListener.recordApplicationEvents' -> false]]; transaction manager [org.springframework.orm.jpa.JpaTransactionManager@7e916dc2]; rollback [true]
Hibernate: insert into team_building (team_building_team_building_id, team_building_created_at, team_building_last_modified_at, team_building_team_building_title) values (default, ?, ?, ?)
Hibernate: insert into characters (character_id, character_character_name) values (default, ?)
Hibernate: insert into user (user_id, character_id, user_created_at, user_name, user_phone_number, user_user_id, user_user_password) values (default, ?, ?, ?, ?, ?, ?)
Hibernate: insert into user (user_id, character_id, user_created_at, user_name, user_phone_number, user_user_id, user_user_password) values (default, ?, ?, ?, ?, ?, ?)
Hibernate: insert into user (user_id, character_id, user_created_at, user_name, user_phone_number, user_user_id, user_user_password) values (default, ?, ?, ?, ?, ?, ?)
Hibernate: insert into user (user_id, character_id, user_created_at, user_name, user_phone_number, user_user_id, user_user_password) values (default, ?, ?, ?, ?, ?, ?)
Hibernate: insert into user (user_id, character_id, user_created_at, user_name, user_phone_number, user_user_id, user_user_password) values (default, ?, ?, ?, ?, ?, ?)
Hibernate: insert into user (user_id, character_id, user_created_at, user_name, user_phone_number, user_user_id, user_user_password) values (default, ?, ?, ?, ?, ?, ?)
Hibernate: insert into team (team_team_id, team_last_modified_at, team_building_team_building_id, team_team_name) values (default, ?, ?, ?)
Hibernate: insert into team_user (team_user_id, team_team_id, user_id) values (default, ?, ?)
Hibernate: insert into team_user (team_user_id, team_team_id, user_id) values (default, ?, ?)
Hibernate: insert into team_user (team_user_id, team_team_id, user_id) values (default, ?, ?)
Hibernate: insert into team_user (team_user_id, team_team_id, user_id) values (default, ?, ?)
Hibernate: insert into team_user (team_user_id, team_team_id, user_id) values (default, ?, ?)
Hibernate: insert into team_user (team_user_id, team_team_id, user_id) values (default, ?, ?)
Hibernate: select team0_.team_team_id as team_tea1_17_1_, team0_.team_last_modified_at as team_las2_17_1_, team0_.team_building_team_building_id as team_bui4_17_1_, team0_.team_team_name as team_tea3_17_1_, teamuserli1_.team_team_id as team_tea2_19_3_, teamuserli1_.team_user_id as team_use1_19_3_, teamuserli1_.team_user_id as team_use1_19_0_, teamuserli1_.team_team_id as team_tea2_19_0_, teamuserli1_.user_id as user_id3_19_0_ from team team0_ left outer join team_user teamuserli1_ on team0_.team_team_id=teamuserli1_.team_team_id where team0_.team_team_id=?
Hibernate: select user0_.user_id as user_id1_20_1_, user0_.character_id as characte7_20_1_, user0_.user_created_at as user_cre2_20_1_, user0_.user_name as user_nam3_20_1_, user0_.user_phone_number as user_pho4_20_1_, user0_.user_user_id as user_use5_20_1_, user0_.user_user_password as user_use6_20_1_, rewardtagw1_.user_id as user_id4_15_3_, rewardtagw1_.reward_tag_wrapper_reward_id as reward_t1_15_3_, rewardtagw1_.reward_tag_wrapper_reward_id as reward_t1_15_0_, rewardtagw1_.reward_tag_wrapper_reward_presented_at as reward_t2_15_0_, rewardtagw1_.reward_tag_reward_tag_id as reward_t3_15_0_, rewardtagw1_.user_id as user_id4_15_0_ from user user0_ left outer join reward_tag_wrapper rewardtagw1_ on user0_.user_id=rewardtagw1_.user_id where user0_.user_id=?
Hibernate: select character0_.character_id as characte1_6_0_, character0_.character_character_name as characte2_6_0_ from characters character0_ where character0_.character_id=?
Hibernate: select teambuildi0_.team_building_team_building_id as team_bui1_18_1_, teambuildi0_.team_building_created_at as team_bui2_18_1_, teambuildi0_.team_building_last_modified_at as team_bui3_18_1_, teambuildi0_.team_building_team_building_title as team_bui4_18_1_, teamlist1_.team_building_team_building_id as team_bui4_17_3_, teamlist1_.team_team_id as team_tea1_17_3_, teamlist1_.team_team_id as team_tea1_17_0_, teamlist1_.team_last_modified_at as team_las2_17_0_, teamlist1_.team_building_team_building_id as team_bui4_17_0_, teamlist1_.team_team_name as team_tea3_17_0_ from team_building teambuildi0_ left outer join team teamlist1_ on teambuildi0_.team_building_team_building_id=teamlist1_.team_building_team_building_id where teambuildi0_.team_building_team_building_id=?
Hibernate: select user0_.user_id as user_id1_20_1_, user0_.character_id as characte7_20_1_, user0_.user_created_at as user_cre2_20_1_, user0_.user_name as user_nam3_20_1_, user0_.user_phone_number as user_pho4_20_1_, user0_.user_user_id as user_use5_20_1_, user0_.user_user_password as user_use6_20_1_, rewardtagw1_.user_id as user_id4_15_3_, rewardtagw1_.reward_tag_wrapper_reward_id as reward_t1_15_3_, rewardtagw1_.reward_tag_wrapper_reward_id as reward_t1_15_0_, rewardtagw1_.reward_tag_wrapper_reward_presented_at as reward_t2_15_0_, rewardtagw1_.reward_tag_reward_tag_id as reward_t3_15_0_, rewardtagw1_.user_id as user_id4_15_0_ from user user0_ left outer join reward_tag_wrapper rewardtagw1_ on user0_.user_id=rewardtagw1_.user_id where user0_.user_id=?
Hibernate: select user0_.user_id as user_id1_20_1_, user0_.character_id as characte7_20_1_, user0_.user_created_at as user_cre2_20_1_, user0_.user_name as user_nam3_20_1_, user0_.user_phone_number as user_pho4_20_1_, user0_.user_user_id as user_use5_20_1_, user0_.user_user_password as user_use6_20_1_, rewardtagw1_.user_id as user_id4_15_3_, rewardtagw1_.reward_tag_wrapper_reward_id as reward_t1_15_3_, rewardtagw1_.reward_tag_wrapper_reward_id as reward_t1_15_0_, rewardtagw1_.reward_tag_wrapper_reward_presented_at as reward_t2_15_0_, rewardtagw1_.reward_tag_reward_tag_id as reward_t3_15_0_, rewardtagw1_.user_id as user_id4_15_0_ from user user0_ left outer join reward_tag_wrapper rewardtagw1_ on user0_.user_id=rewardtagw1_.user_id where user0_.user_id=?
Hibernate: select user0_.user_id as user_id1_20_1_, user0_.character_id as characte7_20_1_, user0_.user_created_at as user_cre2_20_1_, user0_.user_name as user_nam3_20_1_, user0_.user_phone_number as user_pho4_20_1_, user0_.user_user_id as user_use5_20_1_, user0_.user_user_password as user_use6_20_1_, rewardtagw1_.user_id as user_id4_15_3_, rewardtagw1_.reward_tag_wrapper_reward_id as reward_t1_15_3_, rewardtagw1_.reward_tag_wrapper_reward_id as reward_t1_15_0_, rewardtagw1_.reward_tag_wrapper_reward_presented_at as reward_t2_15_0_, rewardtagw1_.reward_tag_reward_tag_id as reward_t3_15_0_, rewardtagw1_.user_id as user_id4_15_0_ from user user0_ left outer join reward_tag_wrapper rewardtagw1_ on user0_.user_id=rewardtagw1_.user_id where user0_.user_id=?
Hibernate: select user0_.user_id as user_id1_20_1_, user0_.character_id as characte7_20_1_, user0_.user_created_at as user_cre2_20_1_, user0_.user_name as user_nam3_20_1_, user0_.user_phone_number as user_pho4_20_1_, user0_.user_user_id as user_use5_20_1_, user0_.user_user_password as user_use6_20_1_, rewardtagw1_.user_id as user_id4_15_3_, rewardtagw1_.reward_tag_wrapper_reward_id as reward_t1_15_3_, rewardtagw1_.reward_tag_wrapper_reward_id as reward_t1_15_0_, rewardtagw1_.reward_tag_wrapper_reward_presented_at as reward_t2_15_0_, rewardtagw1_.reward_tag_reward_tag_id as reward_t3_15_0_, rewardtagw1_.user_id as user_id4_15_0_ from user user0_ left outer join reward_tag_wrapper rewardtagw1_ on user0_.user_id=rewardtagw1_.user_id where user0_.user_id=?
Hibernate: select user0_.user_id as user_id1_20_1_, user0_.character_id as characte7_20_1_, user0_.user_created_at as user_cre2_20_1_, user0_.user_name as user_nam3_20_1_, user0_.user_phone_number as user_pho4_20_1_, user0_.user_user_id as user_use5_20_1_, user0_.user_user_password as user_use6_20_1_, rewardtagw1_.user_id as user_id4_15_3_, rewardtagw1_.reward_tag_wrapper_reward_id as reward_t1_15_3_, rewardtagw1_.reward_tag_wrapper_reward_id as reward_t1_15_0_, rewardtagw1_.reward_tag_wrapper_reward_presented_at as reward_t2_15_0_, rewardtagw1_.reward_tag_reward_tag_id as reward_t3_15_0_, rewardtagw1_.user_id as user_id4_15_0_ from user user0_ left outer join reward_tag_wrapper rewardtagw1_ on user0_.user_id=rewardtagw1_.user_id where user0_.user_id=?
2023-06-27 23:36:50.376  INFO 90410 --- [    Test worker] o.s.t.c.transaction.TransactionContext   : Rolled back transaction for test: [DefaultTestContext@1415f18d testClass = JpaTeamRepositoryTest, testInstance = org.waldreg.repository.teambuilding.repository.JpaTeamRepositoryTest@12a8d03b, testMethod = UPDATE_TEAM_BY_ID_SUCCESS_TEST@JpaTeamRepositoryTest, testException = [null], mergedContextConfiguration = [MergedContextConfiguration@533690d testClass = JpaTeamRepositoryTest, locations = '{}', classes = '{class org.waldreg.repository.teambuilding.JpaTeamBuildingTestInitializer}', contextInitializerClasses = '[]', activeProfiles = '{}', propertySourceLocations = '{classpath:h2-application.properties}', propertySourceProperties = '{org.springframework.boot.test.autoconfigure.orm.jpa.DataJpaTestContextBootstrapper=true}', contextCustomizers = set[org.springframework.boot.test.autoconfigure.OverrideAutoConfigurationContextCustomizerFactory$DisableAutoConfigurationContextCustomizer@6eb2384f, org.springframework.boot.test.autoconfigure.actuate.metrics.MetricsExportContextCustomizerFactory$DisableMetricExportContextCustomizer@12f9af83, org.springframework.boot.test.autoconfigure.filter.TypeExcludeFiltersContextCustomizer@351584c0, org.springframework.boot.test.autoconfigure.properties.PropertyMappingContextCustomizer@d2c83518, org.springframework.boot.test.autoconfigure.web.servlet.WebDriverContextCustomizerFactory$Customizer@21a21c64, [ImportsContextCustomizer@3bf306d3 key = [org.springframework.boot.autoconfigure.cache.CacheAutoConfiguration, org.springframework.boot.autoconfigure.data.jpa.JpaRepositoriesAutoConfiguration, org.springframework.boot.autoconfigure.flyway.FlywayAutoConfiguration, org.springframework.boot.autoconfigure.jdbc.DataSourceAutoConfiguration, org.springframework.boot.autoconfigure.jdbc.DataSourceTransactionManagerAutoConfiguration, org.springframework.boot.autoconfigure.jdbc.JdbcTemplateAutoConfiguration, org.springframework.boot.autoconfigure.liquibase.LiquibaseAutoConfiguration, org.springframework.boot.autoconfigure.orm.jpa.HibernateJpaAutoConfiguration, org.springframework.boot.autoconfigure.sql.init.SqlInitializationAutoConfiguration, org.springframework.boot.autoconfigure.transaction.TransactionAutoConfiguration, org.springframework.boot.test.autoconfigure.jdbc.TestDatabaseAutoConfiguration, org.springframework.boot.test.autoconfigure.orm.jpa.TestEntityManagerAutoConfiguration]], org.springframework.boot.test.context.filter.ExcludeFilterContextCustomizer@2a448449, org.springframework.boot.test.json.DuplicateJsonObjectContextCustomizerFactory$DuplicateJsonObjectContextCustomizer@e54303, org.springframework.boot.test.mock.mockito.MockitoContextCustomizer@0, org.springframework.boot.test.context.SpringBootTestArgs@1, org.springframework.boot.test.context.SpringBootTestWebEnvironment@0], contextLoader = 'org.springframework.boot.test.context.SpringBootContextLoader', parent = [null]], attributes = map['org.springframework.test.context.event.ApplicationEventsTestExecutionListener.recordApplicationEvents' -> false]]
2023-06-27 23:36:50.377  INFO 90410 --- [    Test worker] o.s.t.c.transaction.TransactionContext   : Began transaction (1) for test context [DefaultTestContext@1415f18d testClass = JpaTeamRepositoryTest, testInstance = org.waldreg.repository.teambuilding.repository.JpaTeamRepositoryTest@2314f013, testMethod = READ_ALL_TEAM_BY_TEAM_BUILDING_ID_SUCCESS_TEST@JpaTeamRepositoryTest, testException = [null], mergedContextConfiguration = [MergedContextConfiguration@533690d testClass = JpaTeamRepositoryTest, locations = '{}', classes = '{class org.waldreg.repository.teambuilding.JpaTeamBuildingTestInitializer}', contextInitializerClasses = '[]', activeProfiles = '{}', propertySourceLocations = '{classpath:h2-application.properties}', propertySourceProperties = '{org.springframework.boot.test.autoconfigure.orm.jpa.DataJpaTestContextBootstrapper=true}', contextCustomizers = set[org.springframework.boot.test.autoconfigure.OverrideAutoConfigurationContextCustomizerFactory$DisableAutoConfigurationContextCustomizer@6eb2384f, org.springframework.boot.test.autoconfigure.actuate.metrics.MetricsExportContextCustomizerFactory$DisableMetricExportContextCustomizer@12f9af83, org.springframework.boot.test.autoconfigure.filter.TypeExcludeFiltersContextCustomizer@351584c0, org.springframework.boot.test.autoconfigure.properties.PropertyMappingContextCustomizer@d2c83518, org.springframework.boot.test.autoconfigure.web.servlet.WebDriverContextCustomizerFactory$Customizer@21a21c64, [ImportsContextCustomizer@3bf306d3 key = [org.springframework.boot.autoconfigure.cache.CacheAutoConfiguration, org.springframework.boot.autoconfigure.data.jpa.JpaRepositoriesAutoConfiguration, org.springframework.boot.autoconfigure.flyway.FlywayAutoConfiguration, org.springframework.boot.autoconfigure.jdbc.DataSourceAutoConfiguration, org.springframework.boot.autoconfigure.jdbc.DataSourceTransactionManagerAutoConfiguration, org.springframework.boot.autoconfigure.jdbc.JdbcTemplateAutoConfiguration, org.springframework.boot.autoconfigure.liquibase.LiquibaseAutoConfiguration, org.springframework.boot.autoconfigure.orm.jpa.HibernateJpaAutoConfiguration, org.springframework.boot.autoconfigure.sql.init.SqlInitializationAutoConfiguration, org.springframework.boot.autoconfigure.transaction.TransactionAutoConfiguration, org.springframework.boot.test.autoconfigure.jdbc.TestDatabaseAutoConfiguration, org.springframework.boot.test.autoconfigure.orm.jpa.TestEntityManagerAutoConfiguration]], org.springframework.boot.test.context.filter.ExcludeFilterContextCustomizer@2a448449, org.springframework.boot.test.json.DuplicateJsonObjectContextCustomizerFactory$DuplicateJsonObjectContextCustomizer@e54303, org.springframework.boot.test.mock.mockito.MockitoContextCustomizer@0, org.springframework.boot.test.context.SpringBootTestArgs@1, org.springframework.boot.test.context.SpringBootTestWebEnvironment@0], contextLoader = 'org.springframework.boot.test.context.SpringBootContextLoader', parent = [null]], attributes = map['org.springframework.test.context.event.ApplicationEventsTestExecutionListener.recordApplicationEvents' -> false]]; transaction manager [org.springframework.orm.jpa.JpaTransactionManager@7e916dc2]; rollback [true]
Hibernate: insert into team_building (team_building_team_building_id, team_building_created_at, team_building_last_modified_at, team_building_team_building_title) values (default, ?, ?, ?)
Hibernate: insert into characters (character_id, character_character_name) values (default, ?)
Hibernate: insert into user (user_id, character_id, user_created_at, user_name, user_phone_number, user_user_id, user_user_password) values (default, ?, ?, ?, ?, ?, ?)
Hibernate: insert into user (user_id, character_id, user_created_at, user_name, user_phone_number, user_user_id, user_user_password) values (default, ?, ?, ?, ?, ?, ?)
Hibernate: insert into user (user_id, character_id, user_created_at, user_name, user_phone_number, user_user_id, user_user_password) values (default, ?, ?, ?, ?, ?, ?)
Hibernate: insert into user (user_id, character_id, user_created_at, user_name, user_phone_number, user_user_id, user_user_password) values (default, ?, ?, ?, ?, ?, ?)
Hibernate: insert into user (user_id, character_id, user_created_at, user_name, user_phone_number, user_user_id, user_user_password) values (default, ?, ?, ?, ?, ?, ?)
Hibernate: insert into user (user_id, character_id, user_created_at, user_name, user_phone_number, user_user_id, user_user_password) values (default, ?, ?, ?, ?, ?, ?)
Hibernate: insert into team (team_team_id, team_last_modified_at, team_building_team_building_id, team_team_name) values (default, ?, ?, ?)
Hibernate: insert into team_user (team_user_id, team_team_id, user_id) values (default, ?, ?)
Hibernate: insert into team_user (team_user_id, team_team_id, user_id) values (default, ?, ?)
Hibernate: insert into team_user (team_user_id, team_team_id, user_id) values (default, ?, ?)
Hibernate: insert into team_user (team_user_id, team_team_id, user_id) values (default, ?, ?)
Hibernate: insert into team_user (team_user_id, team_team_id, user_id) values (default, ?, ?)
Hibernate: insert into team_user (team_user_id, team_team_id, user_id) values (default, ?, ?)
Hibernate: insert into team (team_team_id, team_last_modified_at, team_building_team_building_id, team_team_name) values (default, ?, ?, ?)
Hibernate: insert into team (team_team_id, team_last_modified_at, team_building_team_building_id, team_team_name) values (default, ?, ?, ?)
Hibernate: insert into team_user (team_user_id, team_team_id, user_id) values (default, ?, ?)
Hibernate: insert into team_user (team_user_id, team_team_id, user_id) values (default, ?, ?)
Hibernate: insert into team_user (team_user_id, team_team_id, user_id) values (default, ?, ?)
Hibernate: insert into team_user (team_user_id, team_team_id, user_id) values (default, ?, ?)
Hibernate: insert into team_user (team_user_id, team_team_id, user_id) values (default, ?, ?)
Hibernate: insert into team_user (team_user_id, team_team_id, user_id) values (default, ?, ?)
Hibernate: SELECT * FROM TEAM WHERE TEAM_BUILDING_TEAM_BUILDING_ID = ?
Hibernate: select teambuildi0_.team_building_team_building_id as team_bui1_18_0_, teambuildi0_.team_building_created_at as team_bui2_18_0_, teambuildi0_.team_building_last_modified_at as team_bui3_18_0_, teambuildi0_.team_building_team_building_title as team_bui4_18_0_ from team_building teambuildi0_ where teambuildi0_.team_building_team_building_id=?
Hibernate: select teamuserli0_.team_team_id as team_tea2_19_0_, teamuserli0_.team_user_id as team_use1_19_0_, teamuserli0_.team_user_id as team_use1_19_1_, teamuserli0_.team_team_id as team_tea2_19_1_, teamuserli0_.user_id as user_id3_19_1_ from team_user teamuserli0_ where teamuserli0_.team_team_id=?
Hibernate: select user0_.user_id as user_id1_20_0_, user0_.character_id as characte7_20_0_, user0_.user_created_at as user_cre2_20_0_, user0_.user_name as user_nam3_20_0_, user0_.user_phone_number as user_pho4_20_0_, user0_.user_user_id as user_use5_20_0_, user0_.user_user_password as user_use6_20_0_ from user user0_ where user0_.user_id=?
Hibernate: select character0_.character_id as characte1_6_0_, character0_.character_character_name as characte2_6_0_ from characters character0_ where character0_.character_id=?
Hibernate: select user0_.user_id as user_id1_20_0_, user0_.character_id as characte7_20_0_, user0_.user_created_at as user_cre2_20_0_, user0_.user_name as user_nam3_20_0_, user0_.user_phone_number as user_pho4_20_0_, user0_.user_user_id as user_use5_20_0_, user0_.user_user_password as user_use6_20_0_ from user user0_ where user0_.user_id=?
Hibernate: select user0_.user_id as user_id1_20_0_, user0_.character_id as characte7_20_0_, user0_.user_created_at as user_cre2_20_0_, user0_.user_name as user_nam3_20_0_, user0_.user_phone_number as user_pho4_20_0_, user0_.user_user_id as user_use5_20_0_, user0_.user_user_password as user_use6_20_0_ from user user0_ where user0_.user_id=?
Hibernate: select user0_.user_id as user_id1_20_0_, user0_.character_id as characte7_20_0_, user0_.user_created_at as user_cre2_20_0_, user0_.user_name as user_nam3_20_0_, user0_.user_phone_number as user_pho4_20_0_, user0_.user_user_id as user_use5_20_0_, user0_.user_user_password as user_use6_20_0_ from user user0_ where user0_.user_id=?
Hibernate: select user0_.user_id as user_id1_20_0_, user0_.character_id as characte7_20_0_, user0_.user_created_at as user_cre2_20_0_, user0_.user_name as user_nam3_20_0_, user0_.user_phone_number as user_pho4_20_0_, user0_.user_user_id as user_use5_20_0_, user0_.user_user_password as user_use6_20_0_ from user user0_ where user0_.user_id=?
Hibernate: select user0_.user_id as user_id1_20_0_, user0_.character_id as characte7_20_0_, user0_.user_created_at as user_cre2_20_0_, user0_.user_name as user_nam3_20_0_, user0_.user_phone_number as user_pho4_20_0_, user0_.user_user_id as user_use5_20_0_, user0_.user_user_password as user_use6_20_0_ from user user0_ where user0_.user_id=?
Hibernate: select teamuserli0_.team_team_id as team_tea2_19_0_, teamuserli0_.team_user_id as team_use1_19_0_, teamuserli0_.team_user_id as team_use1_19_1_, teamuserli0_.team_team_id as team_tea2_19_1_, teamuserli0_.user_id as user_id3_19_1_ from team_user teamuserli0_ where teamuserli0_.team_team_id=?
Hibernate: select teamuserli0_.team_team_id as team_tea2_19_0_, teamuserli0_.team_user_id as team_use1_19_0_, teamuserli0_.team_user_id as team_use1_19_1_, teamuserli0_.team_team_id as team_tea2_19_1_, teamuserli0_.user_id as user_id3_19_1_ from team_user teamuserli0_ where teamuserli0_.team_team_id=?
2023-06-27 23:36:50.383  INFO 90410 --- [    Test worker] o.s.t.c.transaction.TransactionContext   : Rolled back transaction for test: [DefaultTestContext@1415f18d testClass = JpaTeamRepositoryTest, testInstance = org.waldreg.repository.teambuilding.repository.JpaTeamRepositoryTest@2314f013, testMethod = READ_ALL_TEAM_BY_TEAM_BUILDING_ID_SUCCESS_TEST@JpaTeamRepositoryTest, testException = [null], mergedContextConfiguration = [MergedContextConfiguration@533690d testClass = JpaTeamRepositoryTest, locations = '{}', classes = '{class org.waldreg.repository.teambuilding.JpaTeamBuildingTestInitializer}', contextInitializerClasses = '[]', activeProfiles = '{}', propertySourceLocations = '{classpath:h2-application.properties}', propertySourceProperties = '{org.springframework.boot.test.autoconfigure.orm.jpa.DataJpaTestContextBootstrapper=true}', contextCustomizers = set[org.springframework.boot.test.autoconfigure.OverrideAutoConfigurationContextCustomizerFactory$DisableAutoConfigurationContextCustomizer@6eb2384f, org.springframework.boot.test.autoconfigure.actuate.metrics.MetricsExportContextCustomizerFactory$DisableMetricExportContextCustomizer@12f9af83, org.springframework.boot.test.autoconfigure.filter.TypeExcludeFiltersContextCustomizer@351584c0, org.springframework.boot.test.autoconfigure.properties.PropertyMappingContextCustomizer@d2c83518, org.springframework.boot.test.autoconfigure.web.servlet.WebDriverContextCustomizerFactory$Customizer@21a21c64, [ImportsContextCustomizer@3bf306d3 key = [org.springframework.boot.autoconfigure.cache.CacheAutoConfiguration, org.springframework.boot.autoconfigure.data.jpa.JpaRepositoriesAutoConfiguration, org.springframework.boot.autoconfigure.flyway.FlywayAutoConfiguration, org.springframework.boot.autoconfigure.jdbc.DataSourceAutoConfiguration, org.springframework.boot.autoconfigure.jdbc.DataSourceTransactionManagerAutoConfiguration, org.springframework.boot.autoconfigure.jdbc.JdbcTemplateAutoConfiguration, org.springframework.boot.autoconfigure.liquibase.LiquibaseAutoConfiguration, org.springframework.boot.autoconfigure.orm.jpa.HibernateJpaAutoConfiguration, org.springframework.boot.autoconfigure.sql.init.SqlInitializationAutoConfiguration, org.springframework.boot.autoconfigure.transaction.TransactionAutoConfiguration, org.springframework.boot.test.autoconfigure.jdbc.TestDatabaseAutoConfiguration, org.springframework.boot.test.autoconfigure.orm.jpa.TestEntityManagerAutoConfiguration]], org.springframework.boot.test.context.filter.ExcludeFilterContextCustomizer@2a448449, org.springframework.boot.test.json.DuplicateJsonObjectContextCustomizerFactory$DuplicateJsonObjectContextCustomizer@e54303, org.springframework.boot.test.mock.mockito.MockitoContextCustomizer@0, org.springframework.boot.test.context.SpringBootTestArgs@1, org.springframework.boot.test.context.SpringBootTestWebEnvironment@0], contextLoader = 'org.springframework.boot.test.context.SpringBootContextLoader', parent = [null]], attributes = map['org.springframework.test.context.event.ApplicationEventsTestExecutionListener.recordApplicationEvents' -> false]]
2023-06-27 23:36:50.384  INFO 90410 --- [    Test worker] o.s.t.c.transaction.TransactionContext   : Began transaction (1) for test context [DefaultTestContext@1415f18d testClass = JpaTeamRepositoryTest, testInstance = org.waldreg.repository.teambuilding.repository.JpaTeamRepositoryTest@435a4d2d, testMethod = READ_ALL_TEAM_USER_BY_TEAM_BUILDING_ID_SUCCESS_TEST@JpaTeamRepositoryTest, testException = [null], mergedContextConfiguration = [MergedContextConfiguration@533690d testClass = JpaTeamRepositoryTest, locations = '{}', classes = '{class org.waldreg.repository.teambuilding.JpaTeamBuildingTestInitializer}', contextInitializerClasses = '[]', activeProfiles = '{}', propertySourceLocations = '{classpath:h2-application.properties}', propertySourceProperties = '{org.springframework.boot.test.autoconfigure.orm.jpa.DataJpaTestContextBootstrapper=true}', contextCustomizers = set[org.springframework.boot.test.autoconfigure.OverrideAutoConfigurationContextCustomizerFactory$DisableAutoConfigurationContextCustomizer@6eb2384f, org.springframework.boot.test.autoconfigure.actuate.metrics.MetricsExportContextCustomizerFactory$DisableMetricExportContextCustomizer@12f9af83, org.springframework.boot.test.autoconfigure.filter.TypeExcludeFiltersContextCustomizer@351584c0, org.springframework.boot.test.autoconfigure.properties.PropertyMappingContextCustomizer@d2c83518, org.springframework.boot.test.autoconfigure.web.servlet.WebDriverContextCustomizerFactory$Customizer@21a21c64, [ImportsContextCustomizer@3bf306d3 key = [org.springframework.boot.autoconfigure.cache.CacheAutoConfiguration, org.springframework.boot.autoconfigure.data.jpa.JpaRepositoriesAutoConfiguration, org.springframework.boot.autoconfigure.flyway.FlywayAutoConfiguration, org.springframework.boot.autoconfigure.jdbc.DataSourceAutoConfiguration, org.springframework.boot.autoconfigure.jdbc.DataSourceTransactionManagerAutoConfiguration, org.springframework.boot.autoconfigure.jdbc.JdbcTemplateAutoConfiguration, org.springframework.boot.autoconfigure.liquibase.LiquibaseAutoConfiguration, org.springframework.boot.autoconfigure.orm.jpa.HibernateJpaAutoConfiguration, org.springframework.boot.autoconfigure.sql.init.SqlInitializationAutoConfiguration, org.springframework.boot.autoconfigure.transaction.TransactionAutoConfiguration, org.springframework.boot.test.autoconfigure.jdbc.TestDatabaseAutoConfiguration, org.springframework.boot.test.autoconfigure.orm.jpa.TestEntityManagerAutoConfiguration]], org.springframework.boot.test.context.filter.ExcludeFilterContextCustomizer@2a448449, org.springframework.boot.test.json.DuplicateJsonObjectContextCustomizerFactory$DuplicateJsonObjectContextCustomizer@e54303, org.springframework.boot.test.mock.mockito.MockitoContextCustomizer@0, org.springframework.boot.test.context.SpringBootTestArgs@1, org.springframework.boot.test.context.SpringBootTestWebEnvironment@0], contextLoader = 'org.springframework.boot.test.context.SpringBootContextLoader', parent = [null]], attributes = map['org.springframework.test.context.event.ApplicationEventsTestExecutionListener.recordApplicationEvents' -> false]]; transaction manager [org.springframework.orm.jpa.JpaTransactionManager@7e916dc2]; rollback [true]
Hibernate: insert into team_building (team_building_team_building_id, team_building_created_at, team_building_last_modified_at, team_building_team_building_title) values (default, ?, ?, ?)
Hibernate: insert into characters (character_id, character_character_name) values (default, ?)
Hibernate: insert into user (user_id, character_id, user_created_at, user_name, user_phone_number, user_user_id, user_user_password) values (default, ?, ?, ?, ?, ?, ?)
Hibernate: insert into user (user_id, character_id, user_created_at, user_name, user_phone_number, user_user_id, user_user_password) values (default, ?, ?, ?, ?, ?, ?)
Hibernate: insert into user (user_id, character_id, user_created_at, user_name, user_phone_number, user_user_id, user_user_password) values (default, ?, ?, ?, ?, ?, ?)
Hibernate: insert into user (user_id, character_id, user_created_at, user_name, user_phone_number, user_user_id, user_user_password) values (default, ?, ?, ?, ?, ?, ?)
Hibernate: insert into user (user_id, character_id, user_created_at, user_name, user_phone_number, user_user_id, user_user_password) values (default, ?, ?, ?, ?, ?, ?)
Hibernate: insert into user (user_id, character_id, user_created_at, user_name, user_phone_number, user_user_id, user_user_password) values (default, ?, ?, ?, ?, ?, ?)
Hibernate: insert into team (team_team_id, team_last_modified_at, team_building_team_building_id, team_team_name) values (default, ?, ?, ?)
Hibernate: insert into team_user (team_user_id, team_team_id, user_id) values (default, ?, ?)
Hibernate: insert into team_user (team_user_id, team_team_id, user_id) values (default, ?, ?)
Hibernate: insert into team_user (team_user_id, team_team_id, user_id) values (default, ?, ?)
Hibernate: insert into team_user (team_user_id, team_team_id, user_id) values (default, ?, ?)
Hibernate: insert into team_user (team_user_id, team_team_id, user_id) values (default, ?, ?)
Hibernate: insert into team_user (team_user_id, team_team_id, user_id) values (default, ?, ?)
Hibernate: insert into team (team_team_id, team_last_modified_at, team_building_team_building_id, team_team_name) values (default, ?, ?, ?)
Hibernate: insert into team (team_team_id, team_last_modified_at, team_building_team_building_id, team_team_name) values (default, ?, ?, ?)
Hibernate: insert into team_user (team_user_id, team_team_id, user_id) values (default, ?, ?)
Hibernate: insert into team_user (team_user_id, team_team_id, user_id) values (default, ?, ?)
Hibernate: insert into team_user (team_user_id, team_team_id, user_id) values (default, ?, ?)
Hibernate: insert into team_user (team_user_id, team_team_id, user_id) values (default, ?, ?)
Hibernate: insert into team_user (team_user_id, team_team_id, user_id) values (default, ?, ?)
Hibernate: insert into team_user (team_user_id, team_team_id, user_id) values (default, ?, ?)
Hibernate: SELECT DISTINCT TU.USER_ID FROM TEAM_USER AS TU INNER JOIN TEAM AS T WHERE T.TEAM_BUILDING_TEAM_BUILDING_ID = ? AND TU.TEAM_TEAM_ID = T.TEAM_TEAM_ID
2023-06-27 23:36:50.389  INFO 90410 --- [    Test worker] o.s.t.c.transaction.TransactionContext   : Rolled back transaction for test: [DefaultTestContext@1415f18d testClass = JpaTeamRepositoryTest, testInstance = org.waldreg.repository.teambuilding.repository.JpaTeamRepositoryTest@435a4d2d, testMethod = READ_ALL_TEAM_USER_BY_TEAM_BUILDING_ID_SUCCESS_TEST@JpaTeamRepositoryTest, testException = [null], mergedContextConfiguration = [MergedContextConfiguration@533690d testClass = JpaTeamRepositoryTest, locations = '{}', classes = '{class org.waldreg.repository.teambuilding.JpaTeamBuildingTestInitializer}', contextInitializerClasses = '[]', activeProfiles = '{}', propertySourceLocations = '{classpath:h2-application.properties}', propertySourceProperties = '{org.springframework.boot.test.autoconfigure.orm.jpa.DataJpaTestContextBootstrapper=true}', contextCustomizers = set[org.springframework.boot.test.autoconfigure.OverrideAutoConfigurationContextCustomizerFactory$DisableAutoConfigurationContextCustomizer@6eb2384f, org.springframework.boot.test.autoconfigure.actuate.metrics.MetricsExportContextCustomizerFactory$DisableMetricExportContextCustomizer@12f9af83, org.springframework.boot.test.autoconfigure.filter.TypeExcludeFiltersContextCustomizer@351584c0, org.springframework.boot.test.autoconfigure.properties.PropertyMappingContextCustomizer@d2c83518, org.springframework.boot.test.autoconfigure.web.servlet.WebDriverContextCustomizerFactory$Customizer@21a21c64, [ImportsContextCustomizer@3bf306d3 key = [org.springframework.boot.autoconfigure.cache.CacheAutoConfiguration, org.springframework.boot.autoconfigure.data.jpa.JpaRepositoriesAutoConfiguration, org.springframework.boot.autoconfigure.flyway.FlywayAutoConfiguration, org.springframework.boot.autoconfigure.jdbc.DataSourceAutoConfiguration, org.springframework.boot.autoconfigure.jdbc.DataSourceTransactionManagerAutoConfiguration, org.springframework.boot.autoconfigure.jdbc.JdbcTemplateAutoConfiguration, org.springframework.boot.autoconfigure.liquibase.LiquibaseAutoConfiguration, org.springframework.boot.autoconfigure.orm.jpa.HibernateJpaAutoConfiguration, org.springframework.boot.autoconfigure.sql.init.SqlInitializationAutoConfiguration, org.springframework.boot.autoconfigure.transaction.TransactionAutoConfiguration, org.springframework.boot.test.autoconfigure.jdbc.TestDatabaseAutoConfiguration, org.springframework.boot.test.autoconfigure.orm.jpa.TestEntityManagerAutoConfiguration]], org.springframework.boot.test.context.filter.ExcludeFilterContextCustomizer@2a448449, org.springframework.boot.test.json.DuplicateJsonObjectContextCustomizerFactory$DuplicateJsonObjectContextCustomizer@e54303, org.springframework.boot.test.mock.mockito.MockitoContextCustomizer@0, org.springframework.boot.test.context.SpringBootTestArgs@1, org.springframework.boot.test.context.SpringBootTestWebEnvironment@0], contextLoader = 'org.springframework.boot.test.context.SpringBootContextLoader', parent = [null]], attributes = map['org.springframework.test.context.event.ApplicationEventsTestExecutionListener.recordApplicationEvents' -> false]]
2023-06-27 23:36:50.390  INFO 90410 --- [    Test worker] o.s.t.c.transaction.TransactionContext   : Began transaction (1) for test context [DefaultTestContext@1415f18d testClass = JpaTeamRepositoryTest, testInstance = org.waldreg.repository.teambuilding.repository.JpaTeamRepositoryTest@18b88f7, testMethod = READ_TEAM_BY_ID_SUCCESS_TEST@JpaTeamRepositoryTest, testException = [null], mergedContextConfiguration = [MergedContextConfiguration@533690d testClass = JpaTeamRepositoryTest, locations = '{}', classes = '{class org.waldreg.repository.teambuilding.JpaTeamBuildingTestInitializer}', contextInitializerClasses = '[]', activeProfiles = '{}', propertySourceLocations = '{classpath:h2-application.properties}', propertySourceProperties = '{org.springframework.boot.test.autoconfigure.orm.jpa.DataJpaTestContextBootstrapper=true}', contextCustomizers = set[org.springframework.boot.test.autoconfigure.OverrideAutoConfigurationContextCustomizerFactory$DisableAutoConfigurationContextCustomizer@6eb2384f, org.springframework.boot.test.autoconfigure.actuate.metrics.MetricsExportContextCustomizerFactory$DisableMetricExportContextCustomizer@12f9af83, org.springframework.boot.test.autoconfigure.filter.TypeExcludeFiltersContextCustomizer@351584c0, org.springframework.boot.test.autoconfigure.properties.PropertyMappingContextCustomizer@d2c83518, org.springframework.boot.test.autoconfigure.web.servlet.WebDriverContextCustomizerFactory$Customizer@21a21c64, [ImportsContextCustomizer@3bf306d3 key = [org.springframework.boot.autoconfigure.cache.CacheAutoConfiguration, org.springframework.boot.autoconfigure.data.jpa.JpaRepositoriesAutoConfiguration, org.springframework.boot.autoconfigure.flyway.FlywayAutoConfiguration, org.springframework.boot.autoconfigure.jdbc.DataSourceAutoConfiguration, org.springframework.boot.autoconfigure.jdbc.DataSourceTransactionManagerAutoConfiguration, org.springframework.boot.autoconfigure.jdbc.JdbcTemplateAutoConfiguration, org.springframework.boot.autoconfigure.liquibase.LiquibaseAutoConfiguration, org.springframework.boot.autoconfigure.orm.jpa.HibernateJpaAutoConfiguration, org.springframework.boot.autoconfigure.sql.init.SqlInitializationAutoConfiguration, org.springframework.boot.autoconfigure.transaction.TransactionAutoConfiguration, org.springframework.boot.test.autoconfigure.jdbc.TestDatabaseAutoConfiguration, org.springframework.boot.test.autoconfigure.orm.jpa.TestEntityManagerAutoConfiguration]], org.springframework.boot.test.context.filter.ExcludeFilterContextCustomizer@2a448449, org.springframework.boot.test.json.DuplicateJsonObjectContextCustomizerFactory$DuplicateJsonObjectContextCustomizer@e54303, org.springframework.boot.test.mock.mockito.MockitoContextCustomizer@0, org.springframework.boot.test.context.SpringBootTestArgs@1, org.springframework.boot.test.context.SpringBootTestWebEnvironment@0], contextLoader = 'org.springframework.boot.test.context.SpringBootContextLoader', parent = [null]], attributes = map['org.springframework.test.context.event.ApplicationEventsTestExecutionListener.recordApplicationEvents' -> false]]; transaction manager [org.springframework.orm.jpa.JpaTransactionManager@7e916dc2]; rollback [true]
Hibernate: insert into team_building (team_building_team_building_id, team_building_created_at, team_building_last_modified_at, team_building_team_building_title) values (default, ?, ?, ?)
Hibernate: insert into characters (character_id, character_character_name) values (default, ?)
Hibernate: insert into user (user_id, character_id, user_created_at, user_name, user_phone_number, user_user_id, user_user_password) values (default, ?, ?, ?, ?, ?, ?)
Hibernate: insert into user (user_id, character_id, user_created_at, user_name, user_phone_number, user_user_id, user_user_password) values (default, ?, ?, ?, ?, ?, ?)
Hibernate: insert into user (user_id, character_id, user_created_at, user_name, user_phone_number, user_user_id, user_user_password) values (default, ?, ?, ?, ?, ?, ?)
Hibernate: insert into user (user_id, character_id, user_created_at, user_name, user_phone_number, user_user_id, user_user_password) values (default, ?, ?, ?, ?, ?, ?)
Hibernate: insert into user (user_id, character_id, user_created_at, user_name, user_phone_number, user_user_id, user_user_password) values (default, ?, ?, ?, ?, ?, ?)
Hibernate: insert into user (user_id, character_id, user_created_at, user_name, user_phone_number, user_user_id, user_user_password) values (default, ?, ?, ?, ?, ?, ?)
Hibernate: insert into team (team_team_id, team_last_modified_at, team_building_team_building_id, team_team_name) values (default, ?, ?, ?)
Hibernate: insert into team_user (team_user_id, team_team_id, user_id) values (default, ?, ?)
Hibernate: insert into team_user (team_user_id, team_team_id, user_id) values (default, ?, ?)
Hibernate: insert into team_user (team_user_id, team_team_id, user_id) values (default, ?, ?)
Hibernate: insert into team_user (team_user_id, team_team_id, user_id) values (default, ?, ?)
Hibernate: insert into team_user (team_user_id, team_team_id, user_id) values (default, ?, ?)
Hibernate: insert into team_user (team_user_id, team_team_id, user_id) values (default, ?, ?)
Hibernate: select team0_.team_team_id as team_tea1_17_0_, team0_.team_last_modified_at as team_las2_17_0_, team0_.team_building_team_building_id as team_bui4_17_0_, team0_.team_team_name as team_tea3_17_0_ from team team0_ where team0_.team_team_id=?
Hibernate: select teambuildi0_.team_building_team_building_id as team_bui1_18_0_, teambuildi0_.team_building_created_at as team_bui2_18_0_, teambuildi0_.team_building_last_modified_at as team_bui3_18_0_, teambuildi0_.team_building_team_building_title as team_bui4_18_0_ from team_building teambuildi0_ where teambuildi0_.team_building_team_building_id=?
Hibernate: select teamuserli0_.team_team_id as team_tea2_19_0_, teamuserli0_.team_user_id as team_use1_19_0_, teamuserli0_.team_user_id as team_use1_19_1_, teamuserli0_.team_team_id as team_tea2_19_1_, teamuserli0_.user_id as user_id3_19_1_ from team_user teamuserli0_ where teamuserli0_.team_team_id=?
Hibernate: select user0_.user_id as user_id1_20_0_, user0_.character_id as characte7_20_0_, user0_.user_created_at as user_cre2_20_0_, user0_.user_name as user_nam3_20_0_, user0_.user_phone_number as user_pho4_20_0_, user0_.user_user_id as user_use5_20_0_, user0_.user_user_password as user_use6_20_0_ from user user0_ where user0_.user_id=?
Hibernate: select character0_.character_id as characte1_6_0_, character0_.character_character_name as characte2_6_0_ from characters character0_ where character0_.character_id=?
Hibernate: select user0_.user_id as user_id1_20_0_, user0_.character_id as characte7_20_0_, user0_.user_created_at as user_cre2_20_0_, user0_.user_name as user_nam3_20_0_, user0_.user_phone_number as user_pho4_20_0_, user0_.user_user_id as user_use5_20_0_, user0_.user_user_password as user_use6_20_0_ from user user0_ where user0_.user_id=?
Hibernate: select user0_.user_id as user_id1_20_0_, user0_.character_id as characte7_20_0_, user0_.user_created_at as user_cre2_20_0_, user0_.user_name as user_nam3_20_0_, user0_.user_phone_number as user_pho4_20_0_, user0_.user_user_id as user_use5_20_0_, user0_.user_user_password as user_use6_20_0_ from user user0_ where user0_.user_id=?
Hibernate: select user0_.user_id as user_id1_20_0_, user0_.character_id as characte7_20_0_, user0_.user_created_at as user_cre2_20_0_, user0_.user_name as user_nam3_20_0_, user0_.user_phone_number as user_pho4_20_0_, user0_.user_user_id as user_use5_20_0_, user0_.user_user_password as user_use6_20_0_ from user user0_ where user0_.user_id=?
Hibernate: select user0_.user_id as user_id1_20_0_, user0_.character_id as characte7_20_0_, user0_.user_created_at as user_cre2_20_0_, user0_.user_name as user_nam3_20_0_, user0_.user_phone_number as user_pho4_20_0_, user0_.user_user_id as user_use5_20_0_, user0_.user_user_password as user_use6_20_0_ from user user0_ where user0_.user_id=?
Hibernate: select user0_.user_id as user_id1_20_0_, user0_.character_id as characte7_20_0_, user0_.user_created_at as user_cre2_20_0_, user0_.user_name as user_nam3_20_0_, user0_.user_phone_number as user_pho4_20_0_, user0_.user_user_id as user_use5_20_0_, user0_.user_user_password as user_use6_20_0_ from user user0_ where user0_.user_id=?
2023-06-27 23:36:50.394  INFO 90410 --- [    Test worker] o.s.t.c.transaction.TransactionContext   : Rolled back transaction for test: [DefaultTestContext@1415f18d testClass = JpaTeamRepositoryTest, testInstance = org.waldreg.repository.teambuilding.repository.JpaTeamRepositoryTest@18b88f7, testMethod = READ_TEAM_BY_ID_SUCCESS_TEST@JpaTeamRepositoryTest, testException = [null], mergedContextConfiguration = [MergedContextConfiguration@533690d testClass = JpaTeamRepositoryTest, locations = '{}', classes = '{class org.waldreg.repository.teambuilding.JpaTeamBuildingTestInitializer}', contextInitializerClasses = '[]', activeProfiles = '{}', propertySourceLocations = '{classpath:h2-application.properties}', propertySourceProperties = '{org.springframework.boot.test.autoconfigure.orm.jpa.DataJpaTestContextBootstrapper=true}', contextCustomizers = set[org.springframework.boot.test.autoconfigure.OverrideAutoConfigurationContextCustomizerFactory$DisableAutoConfigurationContextCustomizer@6eb2384f, org.springframework.boot.test.autoconfigure.actuate.metrics.MetricsExportContextCustomizerFactory$DisableMetricExportContextCustomizer@12f9af83, org.springframework.boot.test.autoconfigure.filter.TypeExcludeFiltersContextCustomizer@351584c0, org.springframework.boot.test.autoconfigure.properties.PropertyMappingContextCustomizer@d2c83518, org.springframework.boot.test.autoconfigure.web.servlet.WebDriverContextCustomizerFactory$Customizer@21a21c64, [ImportsContextCustomizer@3bf306d3 key = [org.springframework.boot.autoconfigure.cache.CacheAutoConfiguration, org.springframework.boot.autoconfigure.data.jpa.JpaRepositoriesAutoConfiguration, org.springframework.boot.autoconfigure.flyway.FlywayAutoConfiguration, org.springframework.boot.autoconfigure.jdbc.DataSourceAutoConfiguration, org.springframework.boot.autoconfigure.jdbc.DataSourceTransactionManagerAutoConfiguration, org.springframework.boot.autoconfigure.jdbc.JdbcTemplateAutoConfiguration, org.springframework.boot.autoconfigure.liquibase.LiquibaseAutoConfiguration, org.springframework.boot.autoconfigure.orm.jpa.HibernateJpaAutoConfiguration, org.springframework.boot.autoconfigure.sql.init.SqlInitializationAutoConfiguration, org.springframework.boot.autoconfigure.transaction.TransactionAutoConfiguration, org.springframework.boot.test.autoconfigure.jdbc.TestDatabaseAutoConfiguration, org.springframework.boot.test.autoconfigure.orm.jpa.TestEntityManagerAutoConfiguration]], org.springframework.boot.test.context.filter.ExcludeFilterContextCustomizer@2a448449, org.springframework.boot.test.json.DuplicateJsonObjectContextCustomizerFactory$DuplicateJsonObjectContextCustomizer@e54303, org.springframework.boot.test.mock.mockito.MockitoContextCustomizer@0, org.springframework.boot.test.context.SpringBootTestArgs@1, org.springframework.boot.test.context.SpringBootTestWebEnvironment@0], contextLoader = 'org.springframework.boot.test.context.SpringBootContextLoader', parent = [null]], attributes = map['org.springframework.test.context.event.ApplicationEventsTestExecutionListener.recordApplicationEvents' -> false]]
]]></system-out>
  <system-err><![CDATA[]]></system-err>
</testsuite>
