<?xml version="1.0" encoding="UTF-8"?>
<testsuite name="org.waldreg.repository.teambuilding.repository.JpaTeamRepositoryTest" tests="6" skipped="0" failures="0" errors="0" timestamp="2023-06-27T14:51:37" hostname="xb-apple.local" time="0.045">
  <properties/>
  <testcase name="team_id로 삭제 성공 테스트" classname="org.waldreg.repository.teambuilding.repository.JpaTeamRepositoryTest" time="0.013"/>
  <testcase name="새로운 team 생성 성공 테스트" classname="org.waldreg.repository.teambuilding.repository.JpaTeamRepositoryTest" time="0.007"/>
  <testcase name="team_id로 수정 성공 테스트" classname="org.waldreg.repository.teambuilding.repository.JpaTeamRepositoryTest" time="0.006"/>
  <testcase name="teambuilding_id로 전체 조회 성공 테스트" classname="org.waldreg.repository.teambuilding.repository.JpaTeamRepositoryTest" time="0.007"/>
  <testcase name="teambuilding_id로 전체 조회 성공 테스트" classname="org.waldreg.repository.teambuilding.repository.JpaTeamRepositoryTest" time="0.006"/>
  <testcase name="team_id로 조회 성공 테스트" classname="org.waldreg.repository.teambuilding.repository.JpaTeamRepositoryTest" time="0.005"/>
  <system-out><![CDATA[2023-06-27 23:51:37.024  INFO 92823 --- [    Test worker] b.t.a.o.j.DataJpaTestContextBootstrapper : Neither @ContextConfiguration nor @ContextHierarchy found for test class [org.waldreg.repository.teambuilding.repository.JpaTeamRepositoryTest], using SpringBootContextLoader
2023-06-27 23:51:37.024  INFO 92823 --- [    Test worker] o.s.t.c.support.AbstractContextLoader    : Could not detect default resource locations for test class [org.waldreg.repository.teambuilding.repository.JpaTeamRepositoryTest]: no resource found for suffixes {-context.xml, Context.groovy}.
2023-06-27 23:51:37.024  INFO 92823 --- [    Test worker] t.c.s.AnnotationConfigContextLoaderUtils : Could not detect default configuration classes for test class [org.waldreg.repository.teambuilding.repository.JpaTeamRepositoryTest]: JpaTeamRepositoryTest does not declare any static, non-private, non-final, nested classes annotated with @Configuration.
2023-06-27 23:51:37.026  INFO 92823 --- [    Test worker] .b.t.c.SpringBootTestContextBootstrapper : Found @SpringBootConfiguration org.waldreg.repository.teambuilding.JpaTeamBuildingTestInitializer for test class org.waldreg.repository.teambuilding.repository.JpaTeamRepositoryTest
2023-06-27 23:51:37.026  INFO 92823 --- [    Test worker] b.t.a.o.j.DataJpaTestContextBootstrapper : Loaded default TestExecutionListener class names from location [META-INF/spring.factories]: [org.springframework.boot.test.autoconfigure.restdocs.RestDocsTestExecutionListener, org.springframework.boot.test.autoconfigure.web.client.MockRestServiceServerResetTestExecutionListener, org.springframework.boot.test.autoconfigure.web.servlet.MockMvcPrintOnlyOnFailureTestExecutionListener, org.springframework.boot.test.autoconfigure.web.servlet.WebDriverTestExecutionListener, org.springframework.boot.test.autoconfigure.webservices.client.MockWebServiceServerTestExecutionListener, org.springframework.boot.test.mock.mockito.MockitoTestExecutionListener, org.springframework.boot.test.mock.mockito.ResetMocksTestExecutionListener, org.springframework.test.context.web.ServletTestExecutionListener, org.springframework.test.context.support.DirtiesContextBeforeModesTestExecutionListener, org.springframework.test.context.event.ApplicationEventsTestExecutionListener, org.springframework.test.context.support.DependencyInjectionTestExecutionListener, org.springframework.test.context.support.DirtiesContextTestExecutionListener, org.springframework.test.context.transaction.TransactionalTestExecutionListener, org.springframework.test.context.jdbc.SqlScriptsTestExecutionListener, org.springframework.test.context.event.EventPublishingTestExecutionListener]
2023-06-27 23:51:37.026  INFO 92823 --- [    Test worker] b.t.a.o.j.DataJpaTestContextBootstrapper : Using TestExecutionListeners: [org.springframework.test.context.web.ServletTestExecutionListener@4f466207, org.springframework.test.context.support.DirtiesContextBeforeModesTestExecutionListener@121b7a95, org.springframework.test.context.event.ApplicationEventsTestExecutionListener@7aa62a90, org.springframework.boot.test.mock.mockito.MockitoTestExecutionListener@23ee31b8, org.springframework.boot.test.autoconfigure.SpringBootDependencyInjectionTestExecutionListener@5fc42998, org.springframework.test.context.support.DirtiesContextTestExecutionListener@16422f27, org.springframework.test.context.transaction.TransactionalTestExecutionListener@5dfb65d5, org.springframework.test.context.jdbc.SqlScriptsTestExecutionListener@f4aec23, org.springframework.test.context.event.EventPublishingTestExecutionListener@713c8cbb, org.springframework.boot.test.autoconfigure.restdocs.RestDocsTestExecutionListener@7680beac, org.springframework.boot.test.autoconfigure.web.client.MockRestServiceServerResetTestExecutionListener@7053a864, org.springframework.boot.test.autoconfigure.web.servlet.MockMvcPrintOnlyOnFailureTestExecutionListener@282079b9, org.springframework.boot.test.autoconfigure.web.servlet.WebDriverTestExecutionListener@3d6c7152, org.springframework.boot.test.autoconfigure.webservices.client.MockWebServiceServerTestExecutionListener@4e6add8d, org.springframework.boot.test.mock.mockito.ResetMocksTestExecutionListener@23974cac]
2023-06-27 23:51:37.028  INFO 92823 --- [    Test worker] o.s.t.c.transaction.TransactionContext   : Began transaction (1) for test context [DefaultTestContext@e9947af testClass = JpaTeamRepositoryTest, testInstance = org.waldreg.repository.teambuilding.repository.JpaTeamRepositoryTest@d60aa4, testMethod = DELETE_TEAM_BY_ID_SUCCESS_TEST@JpaTeamRepositoryTest, testException = [null], mergedContextConfiguration = [MergedContextConfiguration@30942f54 testClass = JpaTeamRepositoryTest, locations = '{}', classes = '{class org.waldreg.repository.teambuilding.JpaTeamBuildingTestInitializer}', contextInitializerClasses = '[]', activeProfiles = '{}', propertySourceLocations = '{classpath:h2-application.properties}', propertySourceProperties = '{org.springframework.boot.test.autoconfigure.orm.jpa.DataJpaTestContextBootstrapper=true}', contextCustomizers = set[org.springframework.boot.test.autoconfigure.OverrideAutoConfigurationContextCustomizerFactory$DisableAutoConfigurationContextCustomizer@6eb2384f, org.springframework.boot.test.autoconfigure.actuate.metrics.MetricsExportContextCustomizerFactory$DisableMetricExportContextCustomizer@12f9af83, org.springframework.boot.test.autoconfigure.filter.TypeExcludeFiltersContextCustomizer@351584c0, org.springframework.boot.test.autoconfigure.properties.PropertyMappingContextCustomizer@d2c83518, org.springframework.boot.test.autoconfigure.web.servlet.WebDriverContextCustomizerFactory$Customizer@21a21c64, [ImportsContextCustomizer@11d557a5 key = [org.springframework.boot.autoconfigure.cache.CacheAutoConfiguration, org.springframework.boot.autoconfigure.data.jpa.JpaRepositoriesAutoConfiguration, org.springframework.boot.autoconfigure.flyway.FlywayAutoConfiguration, org.springframework.boot.autoconfigure.jdbc.DataSourceAutoConfiguration, org.springframework.boot.autoconfigure.jdbc.DataSourceTransactionManagerAutoConfiguration, org.springframework.boot.autoconfigure.jdbc.JdbcTemplateAutoConfiguration, org.springframework.boot.autoconfigure.liquibase.LiquibaseAutoConfiguration, org.springframework.boot.autoconfigure.orm.jpa.HibernateJpaAutoConfiguration, org.springframework.boot.autoconfigure.sql.init.SqlInitializationAutoConfiguration, org.springframework.boot.autoconfigure.transaction.TransactionAutoConfiguration, org.springframework.boot.test.autoconfigure.jdbc.TestDatabaseAutoConfiguration, org.springframework.boot.test.autoconfigure.orm.jpa.TestEntityManagerAutoConfiguration]], org.springframework.boot.test.context.filter.ExcludeFilterContextCustomizer@2a448449, org.springframework.boot.test.json.DuplicateJsonObjectContextCustomizerFactory$DuplicateJsonObjectContextCustomizer@e54303, org.springframework.boot.test.mock.mockito.MockitoContextCustomizer@0, org.springframework.boot.test.context.SpringBootTestArgs@1, org.springframework.boot.test.context.SpringBootTestWebEnvironment@0], contextLoader = 'org.springframework.boot.test.context.SpringBootContextLoader', parent = [null]], attributes = map['org.springframework.test.context.event.ApplicationEventsTestExecutionListener.recordApplicationEvents' -> false]]; transaction manager [org.springframework.orm.jpa.JpaTransactionManager@29612ee2]; rollback [true]
Hibernate: insert into team_building (team_building_team_building_id, team_building_created_at, team_building_last_modified_at, team_building_team_building_title) values (default, ?, ?, ?)
Hibernate: insert into characters (character_id, character_character_name) values (default, ?)
Hibernate: insert into user (user_id, character_id, user_created_at, user_name, user_phone_number, user_user_id, user_user_password) values (default, ?, ?, ?, ?, ?, ?)
Hibernate: insert into user (user_id, character_id, user_created_at, user_name, user_phone_number, user_user_id, user_user_password) values (default, ?, ?, ?, ?, ?, ?)
Hibernate: insert into user (user_id, character_id, user_created_at, user_name, user_phone_number, user_user_id, user_user_password) values (default, ?, ?, ?, ?, ?, ?)
Hibernate: insert into user (user_id, character_id, user_created_at, user_name, user_phone_number, user_user_id, user_user_password) values (default, ?, ?, ?, ?, ?, ?)
Hibernate: insert into user (user_id, character_id, user_created_at, user_name, user_phone_number, user_user_id, user_user_password) values (default, ?, ?, ?, ?, ?, ?)
Hibernate: insert into user (user_id, character_id, user_created_at, user_name, user_phone_number, user_user_id, user_user_password) values (default, ?, ?, ?, ?, ?, ?)
Hibernate: insert into team (team_team_id, team_last_modified_at, team_building_team_building_id, team_team_name) values (default, ?, ?, ?)
Hibernate: insert into team_user (team_user_id, team_team_id, user_id) values (default, ?, ?)
Hibernate: insert into team_user (team_user_id, team_team_id, user_id) values (default, ?, ?)
Hibernate: insert into team_user (team_user_id, team_team_id, user_id) values (default, ?, ?)
Hibernate: insert into team_user (team_user_id, team_team_id, user_id) values (default, ?, ?)
Hibernate: insert into team_user (team_user_id, team_team_id, user_id) values (default, ?, ?)
Hibernate: insert into team_user (team_user_id, team_team_id, user_id) values (default, ?, ?)
Hibernate: insert into team (team_team_id, team_last_modified_at, team_building_team_building_id, team_team_name) values (default, ?, ?, ?)
Hibernate: insert into team (team_team_id, team_last_modified_at, team_building_team_building_id, team_team_name) values (default, ?, ?, ?)
Hibernate: insert into team_user (team_user_id, team_team_id, user_id) values (default, ?, ?)
Hibernate: insert into team_user (team_user_id, team_team_id, user_id) values (default, ?, ?)
Hibernate: insert into team_user (team_user_id, team_team_id, user_id) values (default, ?, ?)
Hibernate: insert into team_user (team_user_id, team_team_id, user_id) values (default, ?, ?)
Hibernate: insert into team_user (team_user_id, team_team_id, user_id) values (default, ?, ?)
Hibernate: insert into team_user (team_user_id, team_team_id, user_id) values (default, ?, ?)
Hibernate: select teambuildi0_.team_building_team_building_id as team_bui1_19_1_, teambuildi0_.team_building_created_at as team_bui2_19_1_, teambuildi0_.team_building_last_modified_at as team_bui3_19_1_, teambuildi0_.team_building_team_building_title as team_bui4_19_1_, teamlist1_.team_building_team_building_id as team_bui4_18_3_, teamlist1_.team_team_id as team_tea1_18_3_, teamlist1_.team_team_id as team_tea1_18_0_, teamlist1_.team_last_modified_at as team_las2_18_0_, teamlist1_.team_building_team_building_id as team_bui4_18_0_, teamlist1_.team_team_name as team_tea3_18_0_ from team_building teambuildi0_ left outer join team teamlist1_ on teambuildi0_.team_building_team_building_id=teamlist1_.team_building_team_building_id where teambuildi0_.team_building_team_building_id=?
Hibernate: select team0_.team_team_id as team_tea1_18_0_, team0_.team_last_modified_at as team_las2_18_0_, team0_.team_building_team_building_id as team_bui4_18_0_, team0_.team_team_name as team_tea3_18_0_ from team team0_ where team0_.team_team_id=?
Hibernate: select teambuildi0_.team_building_team_building_id as team_bui1_19_0_, teambuildi0_.team_building_created_at as team_bui2_19_0_, teambuildi0_.team_building_last_modified_at as team_bui3_19_0_, teambuildi0_.team_building_team_building_title as team_bui4_19_0_ from team_building teambuildi0_ where teambuildi0_.team_building_team_building_id=?
Hibernate: select teamuserli0_.team_team_id as team_tea2_20_0_, teamuserli0_.team_user_id as team_use1_20_0_, teamuserli0_.team_user_id as team_use1_20_1_, teamuserli0_.team_team_id as team_tea2_20_1_, teamuserli0_.user_id as user_id3_20_1_ from team_user teamuserli0_ where teamuserli0_.team_team_id=?
Hibernate: select user0_.user_id as user_id1_21_0_, user0_.character_id as characte7_21_0_, user0_.user_created_at as user_cre2_21_0_, user0_.user_name as user_nam3_21_0_, user0_.user_phone_number as user_pho4_21_0_, user0_.user_user_id as user_use5_21_0_, user0_.user_user_password as user_use6_21_0_ from user user0_ where user0_.user_id=?
Hibernate: select character0_.character_id as characte1_6_0_, character0_.character_character_name as characte2_6_0_ from characters character0_ where character0_.character_id=?
Hibernate: select user0_.user_id as user_id1_21_0_, user0_.character_id as characte7_21_0_, user0_.user_created_at as user_cre2_21_0_, user0_.user_name as user_nam3_21_0_, user0_.user_phone_number as user_pho4_21_0_, user0_.user_user_id as user_use5_21_0_, user0_.user_user_password as user_use6_21_0_ from user user0_ where user0_.user_id=?
Hibernate: select user0_.user_id as user_id1_21_0_, user0_.character_id as characte7_21_0_, user0_.user_created_at as user_cre2_21_0_, user0_.user_name as user_nam3_21_0_, user0_.user_phone_number as user_pho4_21_0_, user0_.user_user_id as user_use5_21_0_, user0_.user_user_password as user_use6_21_0_ from user user0_ where user0_.user_id=?
Hibernate: select user0_.user_id as user_id1_21_0_, user0_.character_id as characte7_21_0_, user0_.user_created_at as user_cre2_21_0_, user0_.user_name as user_nam3_21_0_, user0_.user_phone_number as user_pho4_21_0_, user0_.user_user_id as user_use5_21_0_, user0_.user_user_password as user_use6_21_0_ from user user0_ where user0_.user_id=?
Hibernate: select user0_.user_id as user_id1_21_0_, user0_.character_id as characte7_21_0_, user0_.user_created_at as user_cre2_21_0_, user0_.user_name as user_nam3_21_0_, user0_.user_phone_number as user_pho4_21_0_, user0_.user_user_id as user_use5_21_0_, user0_.user_user_password as user_use6_21_0_ from user user0_ where user0_.user_id=?
Hibernate: select user0_.user_id as user_id1_21_0_, user0_.character_id as characte7_21_0_, user0_.user_created_at as user_cre2_21_0_, user0_.user_name as user_nam3_21_0_, user0_.user_phone_number as user_pho4_21_0_, user0_.user_user_id as user_use5_21_0_, user0_.user_user_password as user_use6_21_0_ from user user0_ where user0_.user_id=?
Hibernate: delete from team_user where team_user_id=?
Hibernate: delete from team_user where team_user_id=?
Hibernate: delete from team_user where team_user_id=?
Hibernate: delete from team_user where team_user_id=?
Hibernate: delete from team_user where team_user_id=?
Hibernate: delete from team_user where team_user_id=?
Hibernate: delete from team where team_team_id=?
Hibernate: select count(*) as col_0_0_ from team team0_ where team0_.team_team_id=?
Hibernate: select teamlist0_.team_building_team_building_id as team_bui4_18_0_, teamlist0_.team_team_id as team_tea1_18_0_, teamlist0_.team_team_id as team_tea1_18_1_, teamlist0_.team_last_modified_at as team_las2_18_1_, teamlist0_.team_building_team_building_id as team_bui4_18_1_, teamlist0_.team_team_name as team_tea3_18_1_ from team teamlist0_ where teamlist0_.team_building_team_building_id=?
Hibernate: select count(*) as col_0_0_ from user user0_ where user0_.user_id=?
2023-06-27 23:51:37.041  INFO 92823 --- [    Test worker] o.s.t.c.transaction.TransactionContext   : Rolled back transaction for test: [DefaultTestContext@e9947af testClass = JpaTeamRepositoryTest, testInstance = org.waldreg.repository.teambuilding.repository.JpaTeamRepositoryTest@d60aa4, testMethod = DELETE_TEAM_BY_ID_SUCCESS_TEST@JpaTeamRepositoryTest, testException = [null], mergedContextConfiguration = [MergedContextConfiguration@30942f54 testClass = JpaTeamRepositoryTest, locations = '{}', classes = '{class org.waldreg.repository.teambuilding.JpaTeamBuildingTestInitializer}', contextInitializerClasses = '[]', activeProfiles = '{}', propertySourceLocations = '{classpath:h2-application.properties}', propertySourceProperties = '{org.springframework.boot.test.autoconfigure.orm.jpa.DataJpaTestContextBootstrapper=true}', contextCustomizers = set[org.springframework.boot.test.autoconfigure.OverrideAutoConfigurationContextCustomizerFactory$DisableAutoConfigurationContextCustomizer@6eb2384f, org.springframework.boot.test.autoconfigure.actuate.metrics.MetricsExportContextCustomizerFactory$DisableMetricExportContextCustomizer@12f9af83, org.springframework.boot.test.autoconfigure.filter.TypeExcludeFiltersContextCustomizer@351584c0, org.springframework.boot.test.autoconfigure.properties.PropertyMappingContextCustomizer@d2c83518, org.springframework.boot.test.autoconfigure.web.servlet.WebDriverContextCustomizerFactory$Customizer@21a21c64, [ImportsContextCustomizer@11d557a5 key = [org.springframework.boot.autoconfigure.cache.CacheAutoConfiguration, org.springframework.boot.autoconfigure.data.jpa.JpaRepositoriesAutoConfiguration, org.springframework.boot.autoconfigure.flyway.FlywayAutoConfiguration, org.springframework.boot.autoconfigure.jdbc.DataSourceAutoConfiguration, org.springframework.boot.autoconfigure.jdbc.DataSourceTransactionManagerAutoConfiguration, org.springframework.boot.autoconfigure.jdbc.JdbcTemplateAutoConfiguration, org.springframework.boot.autoconfigure.liquibase.LiquibaseAutoConfiguration, org.springframework.boot.autoconfigure.orm.jpa.HibernateJpaAutoConfiguration, org.springframework.boot.autoconfigure.sql.init.SqlInitializationAutoConfiguration, org.springframework.boot.autoconfigure.transaction.TransactionAutoConfiguration, org.springframework.boot.test.autoconfigure.jdbc.TestDatabaseAutoConfiguration, org.springframework.boot.test.autoconfigure.orm.jpa.TestEntityManagerAutoConfiguration]], org.springframework.boot.test.context.filter.ExcludeFilterContextCustomizer@2a448449, org.springframework.boot.test.json.DuplicateJsonObjectContextCustomizerFactory$DuplicateJsonObjectContextCustomizer@e54303, org.springframework.boot.test.mock.mockito.MockitoContextCustomizer@0, org.springframework.boot.test.context.SpringBootTestArgs@1, org.springframework.boot.test.context.SpringBootTestWebEnvironment@0], contextLoader = 'org.springframework.boot.test.context.SpringBootContextLoader', parent = [null]], attributes = map['org.springframework.test.context.event.ApplicationEventsTestExecutionListener.recordApplicationEvents' -> false]]
2023-06-27 23:51:37.042  INFO 92823 --- [    Test worker] o.s.t.c.transaction.TransactionContext   : Began transaction (1) for test context [DefaultTestContext@e9947af testClass = JpaTeamRepositoryTest, testInstance = org.waldreg.repository.teambuilding.repository.JpaTeamRepositoryTest@5bd191c2, testMethod = CREATE_NEW_TEAM_SUCCESS_TEST@JpaTeamRepositoryTest, testException = [null], mergedContextConfiguration = [MergedContextConfiguration@30942f54 testClass = JpaTeamRepositoryTest, locations = '{}', classes = '{class org.waldreg.repository.teambuilding.JpaTeamBuildingTestInitializer}', contextInitializerClasses = '[]', activeProfiles = '{}', propertySourceLocations = '{classpath:h2-application.properties}', propertySourceProperties = '{org.springframework.boot.test.autoconfigure.orm.jpa.DataJpaTestContextBootstrapper=true}', contextCustomizers = set[org.springframework.boot.test.autoconfigure.OverrideAutoConfigurationContextCustomizerFactory$DisableAutoConfigurationContextCustomizer@6eb2384f, org.springframework.boot.test.autoconfigure.actuate.metrics.MetricsExportContextCustomizerFactory$DisableMetricExportContextCustomizer@12f9af83, org.springframework.boot.test.autoconfigure.filter.TypeExcludeFiltersContextCustomizer@351584c0, org.springframework.boot.test.autoconfigure.properties.PropertyMappingContextCustomizer@d2c83518, org.springframework.boot.test.autoconfigure.web.servlet.WebDriverContextCustomizerFactory$Customizer@21a21c64, [ImportsContextCustomizer@11d557a5 key = [org.springframework.boot.autoconfigure.cache.CacheAutoConfiguration, org.springframework.boot.autoconfigure.data.jpa.JpaRepositoriesAutoConfiguration, org.springframework.boot.autoconfigure.flyway.FlywayAutoConfiguration, org.springframework.boot.autoconfigure.jdbc.DataSourceAutoConfiguration, org.springframework.boot.autoconfigure.jdbc.DataSourceTransactionManagerAutoConfiguration, org.springframework.boot.autoconfigure.jdbc.JdbcTemplateAutoConfiguration, org.springframework.boot.autoconfigure.liquibase.LiquibaseAutoConfiguration, org.springframework.boot.autoconfigure.orm.jpa.HibernateJpaAutoConfiguration, org.springframework.boot.autoconfigure.sql.init.SqlInitializationAutoConfiguration, org.springframework.boot.autoconfigure.transaction.TransactionAutoConfiguration, org.springframework.boot.test.autoconfigure.jdbc.TestDatabaseAutoConfiguration, org.springframework.boot.test.autoconfigure.orm.jpa.TestEntityManagerAutoConfiguration]], org.springframework.boot.test.context.filter.ExcludeFilterContextCustomizer@2a448449, org.springframework.boot.test.json.DuplicateJsonObjectContextCustomizerFactory$DuplicateJsonObjectContextCustomizer@e54303, org.springframework.boot.test.mock.mockito.MockitoContextCustomizer@0, org.springframework.boot.test.context.SpringBootTestArgs@1, org.springframework.boot.test.context.SpringBootTestWebEnvironment@0], contextLoader = 'org.springframework.boot.test.context.SpringBootContextLoader', parent = [null]], attributes = map['org.springframework.test.context.event.ApplicationEventsTestExecutionListener.recordApplicationEvents' -> false]]; transaction manager [org.springframework.orm.jpa.JpaTransactionManager@29612ee2]; rollback [true]
Hibernate: insert into team_building (team_building_team_building_id, team_building_created_at, team_building_last_modified_at, team_building_team_building_title) values (default, ?, ?, ?)
Hibernate: insert into characters (character_id, character_character_name) values (default, ?)
Hibernate: insert into user (user_id, character_id, user_created_at, user_name, user_phone_number, user_user_id, user_user_password) values (default, ?, ?, ?, ?, ?, ?)
Hibernate: insert into user (user_id, character_id, user_created_at, user_name, user_phone_number, user_user_id, user_user_password) values (default, ?, ?, ?, ?, ?, ?)
Hibernate: insert into user (user_id, character_id, user_created_at, user_name, user_phone_number, user_user_id, user_user_password) values (default, ?, ?, ?, ?, ?, ?)
Hibernate: insert into user (user_id, character_id, user_created_at, user_name, user_phone_number, user_user_id, user_user_password) values (default, ?, ?, ?, ?, ?, ?)
Hibernate: insert into user (user_id, character_id, user_created_at, user_name, user_phone_number, user_user_id, user_user_password) values (default, ?, ?, ?, ?, ?, ?)
Hibernate: insert into user (user_id, character_id, user_created_at, user_name, user_phone_number, user_user_id, user_user_password) values (default, ?, ?, ?, ?, ?, ?)
Hibernate: insert into team (team_team_id, team_last_modified_at, team_building_team_building_id, team_team_name) values (default, ?, ?, ?)
Hibernate: insert into team_user (team_user_id, team_team_id, user_id) values (default, ?, ?)
Hibernate: insert into team_user (team_user_id, team_team_id, user_id) values (default, ?, ?)
Hibernate: insert into team_user (team_user_id, team_team_id, user_id) values (default, ?, ?)
Hibernate: insert into team_user (team_user_id, team_team_id, user_id) values (default, ?, ?)
Hibernate: insert into team_user (team_user_id, team_team_id, user_id) values (default, ?, ?)
Hibernate: insert into team_user (team_user_id, team_team_id, user_id) values (default, ?, ?)
Hibernate: select team0_.team_team_id as team_tea1_18_1_, team0_.team_last_modified_at as team_las2_18_1_, team0_.team_building_team_building_id as team_bui4_18_1_, team0_.team_team_name as team_tea3_18_1_, teamuserli1_.team_team_id as team_tea2_20_3_, teamuserli1_.team_user_id as team_use1_20_3_, teamuserli1_.team_user_id as team_use1_20_0_, teamuserli1_.team_team_id as team_tea2_20_0_, teamuserli1_.user_id as user_id3_20_0_ from team team0_ left outer join team_user teamuserli1_ on team0_.team_team_id=teamuserli1_.team_team_id where team0_.team_team_id=?
Hibernate: select user0_.user_id as user_id1_21_1_, user0_.character_id as characte7_21_1_, user0_.user_created_at as user_cre2_21_1_, user0_.user_name as user_nam3_21_1_, user0_.user_phone_number as user_pho4_21_1_, user0_.user_user_id as user_use5_21_1_, user0_.user_user_password as user_use6_21_1_, rewardtagw1_.user_id as user_id4_16_3_, rewardtagw1_.reward_tag_wrapper_reward_id as reward_t1_16_3_, rewardtagw1_.reward_tag_wrapper_reward_id as reward_t1_16_0_, rewardtagw1_.reward_tag_wrapper_reward_presented_at as reward_t2_16_0_, rewardtagw1_.reward_tag_reward_tag_id as reward_t3_16_0_, rewardtagw1_.user_id as user_id4_16_0_ from user user0_ left outer join reward_tag_wrapper rewardtagw1_ on user0_.user_id=rewardtagw1_.user_id where user0_.user_id=?
Hibernate: select character0_.character_id as characte1_6_0_, character0_.character_character_name as characte2_6_0_ from characters character0_ where character0_.character_id=?
Hibernate: select teambuildi0_.team_building_team_building_id as team_bui1_19_1_, teambuildi0_.team_building_created_at as team_bui2_19_1_, teambuildi0_.team_building_last_modified_at as team_bui3_19_1_, teambuildi0_.team_building_team_building_title as team_bui4_19_1_, teamlist1_.team_building_team_building_id as team_bui4_18_3_, teamlist1_.team_team_id as team_tea1_18_3_, teamlist1_.team_team_id as team_tea1_18_0_, teamlist1_.team_last_modified_at as team_las2_18_0_, teamlist1_.team_building_team_building_id as team_bui4_18_0_, teamlist1_.team_team_name as team_tea3_18_0_ from team_building teambuildi0_ left outer join team teamlist1_ on teambuildi0_.team_building_team_building_id=teamlist1_.team_building_team_building_id where teambuildi0_.team_building_team_building_id=?
Hibernate: select user0_.user_id as user_id1_21_1_, user0_.character_id as characte7_21_1_, user0_.user_created_at as user_cre2_21_1_, user0_.user_name as user_nam3_21_1_, user0_.user_phone_number as user_pho4_21_1_, user0_.user_user_id as user_use5_21_1_, user0_.user_user_password as user_use6_21_1_, rewardtagw1_.user_id as user_id4_16_3_, rewardtagw1_.reward_tag_wrapper_reward_id as reward_t1_16_3_, rewardtagw1_.reward_tag_wrapper_reward_id as reward_t1_16_0_, rewardtagw1_.reward_tag_wrapper_reward_presented_at as reward_t2_16_0_, rewardtagw1_.reward_tag_reward_tag_id as reward_t3_16_0_, rewardtagw1_.user_id as user_id4_16_0_ from user user0_ left outer join reward_tag_wrapper rewardtagw1_ on user0_.user_id=rewardtagw1_.user_id where user0_.user_id=?
Hibernate: select user0_.user_id as user_id1_21_1_, user0_.character_id as characte7_21_1_, user0_.user_created_at as user_cre2_21_1_, user0_.user_name as user_nam3_21_1_, user0_.user_phone_number as user_pho4_21_1_, user0_.user_user_id as user_use5_21_1_, user0_.user_user_password as user_use6_21_1_, rewardtagw1_.user_id as user_id4_16_3_, rewardtagw1_.reward_tag_wrapper_reward_id as reward_t1_16_3_, rewardtagw1_.reward_tag_wrapper_reward_id as reward_t1_16_0_, rewardtagw1_.reward_tag_wrapper_reward_presented_at as reward_t2_16_0_, rewardtagw1_.reward_tag_reward_tag_id as reward_t3_16_0_, rewardtagw1_.user_id as user_id4_16_0_ from user user0_ left outer join reward_tag_wrapper rewardtagw1_ on user0_.user_id=rewardtagw1_.user_id where user0_.user_id=?
Hibernate: select user0_.user_id as user_id1_21_1_, user0_.character_id as characte7_21_1_, user0_.user_created_at as user_cre2_21_1_, user0_.user_name as user_nam3_21_1_, user0_.user_phone_number as user_pho4_21_1_, user0_.user_user_id as user_use5_21_1_, user0_.user_user_password as user_use6_21_1_, rewardtagw1_.user_id as user_id4_16_3_, rewardtagw1_.reward_tag_wrapper_reward_id as reward_t1_16_3_, rewardtagw1_.reward_tag_wrapper_reward_id as reward_t1_16_0_, rewardtagw1_.reward_tag_wrapper_reward_presented_at as reward_t2_16_0_, rewardtagw1_.reward_tag_reward_tag_id as reward_t3_16_0_, rewardtagw1_.user_id as user_id4_16_0_ from user user0_ left outer join reward_tag_wrapper rewardtagw1_ on user0_.user_id=rewardtagw1_.user_id where user0_.user_id=?
Hibernate: select user0_.user_id as user_id1_21_1_, user0_.character_id as characte7_21_1_, user0_.user_created_at as user_cre2_21_1_, user0_.user_name as user_nam3_21_1_, user0_.user_phone_number as user_pho4_21_1_, user0_.user_user_id as user_use5_21_1_, user0_.user_user_password as user_use6_21_1_, rewardtagw1_.user_id as user_id4_16_3_, rewardtagw1_.reward_tag_wrapper_reward_id as reward_t1_16_3_, rewardtagw1_.reward_tag_wrapper_reward_id as reward_t1_16_0_, rewardtagw1_.reward_tag_wrapper_reward_presented_at as reward_t2_16_0_, rewardtagw1_.reward_tag_reward_tag_id as reward_t3_16_0_, rewardtagw1_.user_id as user_id4_16_0_ from user user0_ left outer join reward_tag_wrapper rewardtagw1_ on user0_.user_id=rewardtagw1_.user_id where user0_.user_id=?
Hibernate: select user0_.user_id as user_id1_21_1_, user0_.character_id as characte7_21_1_, user0_.user_created_at as user_cre2_21_1_, user0_.user_name as user_nam3_21_1_, user0_.user_phone_number as user_pho4_21_1_, user0_.user_user_id as user_use5_21_1_, user0_.user_user_password as user_use6_21_1_, rewardtagw1_.user_id as user_id4_16_3_, rewardtagw1_.reward_tag_wrapper_reward_id as reward_t1_16_3_, rewardtagw1_.reward_tag_wrapper_reward_id as reward_t1_16_0_, rewardtagw1_.reward_tag_wrapper_reward_presented_at as reward_t2_16_0_, rewardtagw1_.reward_tag_reward_tag_id as reward_t3_16_0_, rewardtagw1_.user_id as user_id4_16_0_ from user user0_ left outer join reward_tag_wrapper rewardtagw1_ on user0_.user_id=rewardtagw1_.user_id where user0_.user_id=?
2023-06-27 23:51:37.048  INFO 92823 --- [    Test worker] o.s.t.c.transaction.TransactionContext   : Rolled back transaction for test: [DefaultTestContext@e9947af testClass = JpaTeamRepositoryTest, testInstance = org.waldreg.repository.teambuilding.repository.JpaTeamRepositoryTest@5bd191c2, testMethod = CREATE_NEW_TEAM_SUCCESS_TEST@JpaTeamRepositoryTest, testException = [null], mergedContextConfiguration = [MergedContextConfiguration@30942f54 testClass = JpaTeamRepositoryTest, locations = '{}', classes = '{class org.waldreg.repository.teambuilding.JpaTeamBuildingTestInitializer}', contextInitializerClasses = '[]', activeProfiles = '{}', propertySourceLocations = '{classpath:h2-application.properties}', propertySourceProperties = '{org.springframework.boot.test.autoconfigure.orm.jpa.DataJpaTestContextBootstrapper=true}', contextCustomizers = set[org.springframework.boot.test.autoconfigure.OverrideAutoConfigurationContextCustomizerFactory$DisableAutoConfigurationContextCustomizer@6eb2384f, org.springframework.boot.test.autoconfigure.actuate.metrics.MetricsExportContextCustomizerFactory$DisableMetricExportContextCustomizer@12f9af83, org.springframework.boot.test.autoconfigure.filter.TypeExcludeFiltersContextCustomizer@351584c0, org.springframework.boot.test.autoconfigure.properties.PropertyMappingContextCustomizer@d2c83518, org.springframework.boot.test.autoconfigure.web.servlet.WebDriverContextCustomizerFactory$Customizer@21a21c64, [ImportsContextCustomizer@11d557a5 key = [org.springframework.boot.autoconfigure.cache.CacheAutoConfiguration, org.springframework.boot.autoconfigure.data.jpa.JpaRepositoriesAutoConfiguration, org.springframework.boot.autoconfigure.flyway.FlywayAutoConfiguration, org.springframework.boot.autoconfigure.jdbc.DataSourceAutoConfiguration, org.springframework.boot.autoconfigure.jdbc.DataSourceTransactionManagerAutoConfiguration, org.springframework.boot.autoconfigure.jdbc.JdbcTemplateAutoConfiguration, org.springframework.boot.autoconfigure.liquibase.LiquibaseAutoConfiguration, org.springframework.boot.autoconfigure.orm.jpa.HibernateJpaAutoConfiguration, org.springframework.boot.autoconfigure.sql.init.SqlInitializationAutoConfiguration, org.springframework.boot.autoconfigure.transaction.TransactionAutoConfiguration, org.springframework.boot.test.autoconfigure.jdbc.TestDatabaseAutoConfiguration, org.springframework.boot.test.autoconfigure.orm.jpa.TestEntityManagerAutoConfiguration]], org.springframework.boot.test.context.filter.ExcludeFilterContextCustomizer@2a448449, org.springframework.boot.test.json.DuplicateJsonObjectContextCustomizerFactory$DuplicateJsonObjectContextCustomizer@e54303, org.springframework.boot.test.mock.mockito.MockitoContextCustomizer@0, org.springframework.boot.test.context.SpringBootTestArgs@1, org.springframework.boot.test.context.SpringBootTestWebEnvironment@0], contextLoader = 'org.springframework.boot.test.context.SpringBootContextLoader', parent = [null]], attributes = map['org.springframework.test.context.event.ApplicationEventsTestExecutionListener.recordApplicationEvents' -> false]]
2023-06-27 23:51:37.049  INFO 92823 --- [    Test worker] o.s.t.c.transaction.TransactionContext   : Began transaction (1) for test context [DefaultTestContext@e9947af testClass = JpaTeamRepositoryTest, testInstance = org.waldreg.repository.teambuilding.repository.JpaTeamRepositoryTest@7f065f9e, testMethod = UPDATE_TEAM_BY_ID_SUCCESS_TEST@JpaTeamRepositoryTest, testException = [null], mergedContextConfiguration = [MergedContextConfiguration@30942f54 testClass = JpaTeamRepositoryTest, locations = '{}', classes = '{class org.waldreg.repository.teambuilding.JpaTeamBuildingTestInitializer}', contextInitializerClasses = '[]', activeProfiles = '{}', propertySourceLocations = '{classpath:h2-application.properties}', propertySourceProperties = '{org.springframework.boot.test.autoconfigure.orm.jpa.DataJpaTestContextBootstrapper=true}', contextCustomizers = set[org.springframework.boot.test.autoconfigure.OverrideAutoConfigurationContextCustomizerFactory$DisableAutoConfigurationContextCustomizer@6eb2384f, org.springframework.boot.test.autoconfigure.actuate.metrics.MetricsExportContextCustomizerFactory$DisableMetricExportContextCustomizer@12f9af83, org.springframework.boot.test.autoconfigure.filter.TypeExcludeFiltersContextCustomizer@351584c0, org.springframework.boot.test.autoconfigure.properties.PropertyMappingContextCustomizer@d2c83518, org.springframework.boot.test.autoconfigure.web.servlet.WebDriverContextCustomizerFactory$Customizer@21a21c64, [ImportsContextCustomizer@11d557a5 key = [org.springframework.boot.autoconfigure.cache.CacheAutoConfiguration, org.springframework.boot.autoconfigure.data.jpa.JpaRepositoriesAutoConfiguration, org.springframework.boot.autoconfigure.flyway.FlywayAutoConfiguration, org.springframework.boot.autoconfigure.jdbc.DataSourceAutoConfiguration, org.springframework.boot.autoconfigure.jdbc.DataSourceTransactionManagerAutoConfiguration, org.springframework.boot.autoconfigure.jdbc.JdbcTemplateAutoConfiguration, org.springframework.boot.autoconfigure.liquibase.LiquibaseAutoConfiguration, org.springframework.boot.autoconfigure.orm.jpa.HibernateJpaAutoConfiguration, org.springframework.boot.autoconfigure.sql.init.SqlInitializationAutoConfiguration, org.springframework.boot.autoconfigure.transaction.TransactionAutoConfiguration, org.springframework.boot.test.autoconfigure.jdbc.TestDatabaseAutoConfiguration, org.springframework.boot.test.autoconfigure.orm.jpa.TestEntityManagerAutoConfiguration]], org.springframework.boot.test.context.filter.ExcludeFilterContextCustomizer@2a448449, org.springframework.boot.test.json.DuplicateJsonObjectContextCustomizerFactory$DuplicateJsonObjectContextCustomizer@e54303, org.springframework.boot.test.mock.mockito.MockitoContextCustomizer@0, org.springframework.boot.test.context.SpringBootTestArgs@1, org.springframework.boot.test.context.SpringBootTestWebEnvironment@0], contextLoader = 'org.springframework.boot.test.context.SpringBootContextLoader', parent = [null]], attributes = map['org.springframework.test.context.event.ApplicationEventsTestExecutionListener.recordApplicationEvents' -> false]]; transaction manager [org.springframework.orm.jpa.JpaTransactionManager@29612ee2]; rollback [true]
Hibernate: insert into team_building (team_building_team_building_id, team_building_created_at, team_building_last_modified_at, team_building_team_building_title) values (default, ?, ?, ?)
Hibernate: insert into characters (character_id, character_character_name) values (default, ?)
Hibernate: insert into user (user_id, character_id, user_created_at, user_name, user_phone_number, user_user_id, user_user_password) values (default, ?, ?, ?, ?, ?, ?)
Hibernate: insert into user (user_id, character_id, user_created_at, user_name, user_phone_number, user_user_id, user_user_password) values (default, ?, ?, ?, ?, ?, ?)
Hibernate: insert into user (user_id, character_id, user_created_at, user_name, user_phone_number, user_user_id, user_user_password) values (default, ?, ?, ?, ?, ?, ?)
Hibernate: insert into user (user_id, character_id, user_created_at, user_name, user_phone_number, user_user_id, user_user_password) values (default, ?, ?, ?, ?, ?, ?)
Hibernate: insert into user (user_id, character_id, user_created_at, user_name, user_phone_number, user_user_id, user_user_password) values (default, ?, ?, ?, ?, ?, ?)
Hibernate: insert into user (user_id, character_id, user_created_at, user_name, user_phone_number, user_user_id, user_user_password) values (default, ?, ?, ?, ?, ?, ?)
Hibernate: insert into team (team_team_id, team_last_modified_at, team_building_team_building_id, team_team_name) values (default, ?, ?, ?)
Hibernate: insert into team_user (team_user_id, team_team_id, user_id) values (default, ?, ?)
Hibernate: insert into team_user (team_user_id, team_team_id, user_id) values (default, ?, ?)
Hibernate: insert into team_user (team_user_id, team_team_id, user_id) values (default, ?, ?)
Hibernate: insert into team_user (team_user_id, team_team_id, user_id) values (default, ?, ?)
Hibernate: insert into team_user (team_user_id, team_team_id, user_id) values (default, ?, ?)
Hibernate: insert into team_user (team_user_id, team_team_id, user_id) values (default, ?, ?)
Hibernate: select team0_.team_team_id as team_tea1_18_1_, team0_.team_last_modified_at as team_las2_18_1_, team0_.team_building_team_building_id as team_bui4_18_1_, team0_.team_team_name as team_tea3_18_1_, teamuserli1_.team_team_id as team_tea2_20_3_, teamuserli1_.team_user_id as team_use1_20_3_, teamuserli1_.team_user_id as team_use1_20_0_, teamuserli1_.team_team_id as team_tea2_20_0_, teamuserli1_.user_id as user_id3_20_0_ from team team0_ left outer join team_user teamuserli1_ on team0_.team_team_id=teamuserli1_.team_team_id where team0_.team_team_id=?
Hibernate: select user0_.user_id as user_id1_21_1_, user0_.character_id as characte7_21_1_, user0_.user_created_at as user_cre2_21_1_, user0_.user_name as user_nam3_21_1_, user0_.user_phone_number as user_pho4_21_1_, user0_.user_user_id as user_use5_21_1_, user0_.user_user_password as user_use6_21_1_, rewardtagw1_.user_id as user_id4_16_3_, rewardtagw1_.reward_tag_wrapper_reward_id as reward_t1_16_3_, rewardtagw1_.reward_tag_wrapper_reward_id as reward_t1_16_0_, rewardtagw1_.reward_tag_wrapper_reward_presented_at as reward_t2_16_0_, rewardtagw1_.reward_tag_reward_tag_id as reward_t3_16_0_, rewardtagw1_.user_id as user_id4_16_0_ from user user0_ left outer join reward_tag_wrapper rewardtagw1_ on user0_.user_id=rewardtagw1_.user_id where user0_.user_id=?
Hibernate: select character0_.character_id as characte1_6_0_, character0_.character_character_name as characte2_6_0_ from characters character0_ where character0_.character_id=?
Hibernate: select teambuildi0_.team_building_team_building_id as team_bui1_19_1_, teambuildi0_.team_building_created_at as team_bui2_19_1_, teambuildi0_.team_building_last_modified_at as team_bui3_19_1_, teambuildi0_.team_building_team_building_title as team_bui4_19_1_, teamlist1_.team_building_team_building_id as team_bui4_18_3_, teamlist1_.team_team_id as team_tea1_18_3_, teamlist1_.team_team_id as team_tea1_18_0_, teamlist1_.team_last_modified_at as team_las2_18_0_, teamlist1_.team_building_team_building_id as team_bui4_18_0_, teamlist1_.team_team_name as team_tea3_18_0_ from team_building teambuildi0_ left outer join team teamlist1_ on teambuildi0_.team_building_team_building_id=teamlist1_.team_building_team_building_id where teambuildi0_.team_building_team_building_id=?
Hibernate: select user0_.user_id as user_id1_21_1_, user0_.character_id as characte7_21_1_, user0_.user_created_at as user_cre2_21_1_, user0_.user_name as user_nam3_21_1_, user0_.user_phone_number as user_pho4_21_1_, user0_.user_user_id as user_use5_21_1_, user0_.user_user_password as user_use6_21_1_, rewardtagw1_.user_id as user_id4_16_3_, rewardtagw1_.reward_tag_wrapper_reward_id as reward_t1_16_3_, rewardtagw1_.reward_tag_wrapper_reward_id as reward_t1_16_0_, rewardtagw1_.reward_tag_wrapper_reward_presented_at as reward_t2_16_0_, rewardtagw1_.reward_tag_reward_tag_id as reward_t3_16_0_, rewardtagw1_.user_id as user_id4_16_0_ from user user0_ left outer join reward_tag_wrapper rewardtagw1_ on user0_.user_id=rewardtagw1_.user_id where user0_.user_id=?
Hibernate: select user0_.user_id as user_id1_21_1_, user0_.character_id as characte7_21_1_, user0_.user_created_at as user_cre2_21_1_, user0_.user_name as user_nam3_21_1_, user0_.user_phone_number as user_pho4_21_1_, user0_.user_user_id as user_use5_21_1_, user0_.user_user_password as user_use6_21_1_, rewardtagw1_.user_id as user_id4_16_3_, rewardtagw1_.reward_tag_wrapper_reward_id as reward_t1_16_3_, rewardtagw1_.reward_tag_wrapper_reward_id as reward_t1_16_0_, rewardtagw1_.reward_tag_wrapper_reward_presented_at as reward_t2_16_0_, rewardtagw1_.reward_tag_reward_tag_id as reward_t3_16_0_, rewardtagw1_.user_id as user_id4_16_0_ from user user0_ left outer join reward_tag_wrapper rewardtagw1_ on user0_.user_id=rewardtagw1_.user_id where user0_.user_id=?
Hibernate: select user0_.user_id as user_id1_21_1_, user0_.character_id as characte7_21_1_, user0_.user_created_at as user_cre2_21_1_, user0_.user_name as user_nam3_21_1_, user0_.user_phone_number as user_pho4_21_1_, user0_.user_user_id as user_use5_21_1_, user0_.user_user_password as user_use6_21_1_, rewardtagw1_.user_id as user_id4_16_3_, rewardtagw1_.reward_tag_wrapper_reward_id as reward_t1_16_3_, rewardtagw1_.reward_tag_wrapper_reward_id as reward_t1_16_0_, rewardtagw1_.reward_tag_wrapper_reward_presented_at as reward_t2_16_0_, rewardtagw1_.reward_tag_reward_tag_id as reward_t3_16_0_, rewardtagw1_.user_id as user_id4_16_0_ from user user0_ left outer join reward_tag_wrapper rewardtagw1_ on user0_.user_id=rewardtagw1_.user_id where user0_.user_id=?
Hibernate: select user0_.user_id as user_id1_21_1_, user0_.character_id as characte7_21_1_, user0_.user_created_at as user_cre2_21_1_, user0_.user_name as user_nam3_21_1_, user0_.user_phone_number as user_pho4_21_1_, user0_.user_user_id as user_use5_21_1_, user0_.user_user_password as user_use6_21_1_, rewardtagw1_.user_id as user_id4_16_3_, rewardtagw1_.reward_tag_wrapper_reward_id as reward_t1_16_3_, rewardtagw1_.reward_tag_wrapper_reward_id as reward_t1_16_0_, rewardtagw1_.reward_tag_wrapper_reward_presented_at as reward_t2_16_0_, rewardtagw1_.reward_tag_reward_tag_id as reward_t3_16_0_, rewardtagw1_.user_id as user_id4_16_0_ from user user0_ left outer join reward_tag_wrapper rewardtagw1_ on user0_.user_id=rewardtagw1_.user_id where user0_.user_id=?
Hibernate: select user0_.user_id as user_id1_21_1_, user0_.character_id as characte7_21_1_, user0_.user_created_at as user_cre2_21_1_, user0_.user_name as user_nam3_21_1_, user0_.user_phone_number as user_pho4_21_1_, user0_.user_user_id as user_use5_21_1_, user0_.user_user_password as user_use6_21_1_, rewardtagw1_.user_id as user_id4_16_3_, rewardtagw1_.reward_tag_wrapper_reward_id as reward_t1_16_3_, rewardtagw1_.reward_tag_wrapper_reward_id as reward_t1_16_0_, rewardtagw1_.reward_tag_wrapper_reward_presented_at as reward_t2_16_0_, rewardtagw1_.reward_tag_reward_tag_id as reward_t3_16_0_, rewardtagw1_.user_id as user_id4_16_0_ from user user0_ left outer join reward_tag_wrapper rewardtagw1_ on user0_.user_id=rewardtagw1_.user_id where user0_.user_id=?
2023-06-27 23:51:37.055  INFO 92823 --- [    Test worker] o.s.t.c.transaction.TransactionContext   : Rolled back transaction for test: [DefaultTestContext@e9947af testClass = JpaTeamRepositoryTest, testInstance = org.waldreg.repository.teambuilding.repository.JpaTeamRepositoryTest@7f065f9e, testMethod = UPDATE_TEAM_BY_ID_SUCCESS_TEST@JpaTeamRepositoryTest, testException = [null], mergedContextConfiguration = [MergedContextConfiguration@30942f54 testClass = JpaTeamRepositoryTest, locations = '{}', classes = '{class org.waldreg.repository.teambuilding.JpaTeamBuildingTestInitializer}', contextInitializerClasses = '[]', activeProfiles = '{}', propertySourceLocations = '{classpath:h2-application.properties}', propertySourceProperties = '{org.springframework.boot.test.autoconfigure.orm.jpa.DataJpaTestContextBootstrapper=true}', contextCustomizers = set[org.springframework.boot.test.autoconfigure.OverrideAutoConfigurationContextCustomizerFactory$DisableAutoConfigurationContextCustomizer@6eb2384f, org.springframework.boot.test.autoconfigure.actuate.metrics.MetricsExportContextCustomizerFactory$DisableMetricExportContextCustomizer@12f9af83, org.springframework.boot.test.autoconfigure.filter.TypeExcludeFiltersContextCustomizer@351584c0, org.springframework.boot.test.autoconfigure.properties.PropertyMappingContextCustomizer@d2c83518, org.springframework.boot.test.autoconfigure.web.servlet.WebDriverContextCustomizerFactory$Customizer@21a21c64, [ImportsContextCustomizer@11d557a5 key = [org.springframework.boot.autoconfigure.cache.CacheAutoConfiguration, org.springframework.boot.autoconfigure.data.jpa.JpaRepositoriesAutoConfiguration, org.springframework.boot.autoconfigure.flyway.FlywayAutoConfiguration, org.springframework.boot.autoconfigure.jdbc.DataSourceAutoConfiguration, org.springframework.boot.autoconfigure.jdbc.DataSourceTransactionManagerAutoConfiguration, org.springframework.boot.autoconfigure.jdbc.JdbcTemplateAutoConfiguration, org.springframework.boot.autoconfigure.liquibase.LiquibaseAutoConfiguration, org.springframework.boot.autoconfigure.orm.jpa.HibernateJpaAutoConfiguration, org.springframework.boot.autoconfigure.sql.init.SqlInitializationAutoConfiguration, org.springframework.boot.autoconfigure.transaction.TransactionAutoConfiguration, org.springframework.boot.test.autoconfigure.jdbc.TestDatabaseAutoConfiguration, org.springframework.boot.test.autoconfigure.orm.jpa.TestEntityManagerAutoConfiguration]], org.springframework.boot.test.context.filter.ExcludeFilterContextCustomizer@2a448449, org.springframework.boot.test.json.DuplicateJsonObjectContextCustomizerFactory$DuplicateJsonObjectContextCustomizer@e54303, org.springframework.boot.test.mock.mockito.MockitoContextCustomizer@0, org.springframework.boot.test.context.SpringBootTestArgs@1, org.springframework.boot.test.context.SpringBootTestWebEnvironment@0], contextLoader = 'org.springframework.boot.test.context.SpringBootContextLoader', parent = [null]], attributes = map['org.springframework.test.context.event.ApplicationEventsTestExecutionListener.recordApplicationEvents' -> false]]
2023-06-27 23:51:37.056  INFO 92823 --- [    Test worker] o.s.t.c.transaction.TransactionContext   : Began transaction (1) for test context [DefaultTestContext@e9947af testClass = JpaTeamRepositoryTest, testInstance = org.waldreg.repository.teambuilding.repository.JpaTeamRepositoryTest@4b89515b, testMethod = READ_ALL_TEAM_BY_TEAM_BUILDING_ID_SUCCESS_TEST@JpaTeamRepositoryTest, testException = [null], mergedContextConfiguration = [MergedContextConfiguration@30942f54 testClass = JpaTeamRepositoryTest, locations = '{}', classes = '{class org.waldreg.repository.teambuilding.JpaTeamBuildingTestInitializer}', contextInitializerClasses = '[]', activeProfiles = '{}', propertySourceLocations = '{classpath:h2-application.properties}', propertySourceProperties = '{org.springframework.boot.test.autoconfigure.orm.jpa.DataJpaTestContextBootstrapper=true}', contextCustomizers = set[org.springframework.boot.test.autoconfigure.OverrideAutoConfigurationContextCustomizerFactory$DisableAutoConfigurationContextCustomizer@6eb2384f, org.springframework.boot.test.autoconfigure.actuate.metrics.MetricsExportContextCustomizerFactory$DisableMetricExportContextCustomizer@12f9af83, org.springframework.boot.test.autoconfigure.filter.TypeExcludeFiltersContextCustomizer@351584c0, org.springframework.boot.test.autoconfigure.properties.PropertyMappingContextCustomizer@d2c83518, org.springframework.boot.test.autoconfigure.web.servlet.WebDriverContextCustomizerFactory$Customizer@21a21c64, [ImportsContextCustomizer@11d557a5 key = [org.springframework.boot.autoconfigure.cache.CacheAutoConfiguration, org.springframework.boot.autoconfigure.data.jpa.JpaRepositoriesAutoConfiguration, org.springframework.boot.autoconfigure.flyway.FlywayAutoConfiguration, org.springframework.boot.autoconfigure.jdbc.DataSourceAutoConfiguration, org.springframework.boot.autoconfigure.jdbc.DataSourceTransactionManagerAutoConfiguration, org.springframework.boot.autoconfigure.jdbc.JdbcTemplateAutoConfiguration, org.springframework.boot.autoconfigure.liquibase.LiquibaseAutoConfiguration, org.springframework.boot.autoconfigure.orm.jpa.HibernateJpaAutoConfiguration, org.springframework.boot.autoconfigure.sql.init.SqlInitializationAutoConfiguration, org.springframework.boot.autoconfigure.transaction.TransactionAutoConfiguration, org.springframework.boot.test.autoconfigure.jdbc.TestDatabaseAutoConfiguration, org.springframework.boot.test.autoconfigure.orm.jpa.TestEntityManagerAutoConfiguration]], org.springframework.boot.test.context.filter.ExcludeFilterContextCustomizer@2a448449, org.springframework.boot.test.json.DuplicateJsonObjectContextCustomizerFactory$DuplicateJsonObjectContextCustomizer@e54303, org.springframework.boot.test.mock.mockito.MockitoContextCustomizer@0, org.springframework.boot.test.context.SpringBootTestArgs@1, org.springframework.boot.test.context.SpringBootTestWebEnvironment@0], contextLoader = 'org.springframework.boot.test.context.SpringBootContextLoader', parent = [null]], attributes = map['org.springframework.test.context.event.ApplicationEventsTestExecutionListener.recordApplicationEvents' -> false]]; transaction manager [org.springframework.orm.jpa.JpaTransactionManager@29612ee2]; rollback [true]
Hibernate: insert into team_building (team_building_team_building_id, team_building_created_at, team_building_last_modified_at, team_building_team_building_title) values (default, ?, ?, ?)
Hibernate: insert into characters (character_id, character_character_name) values (default, ?)
Hibernate: insert into user (user_id, character_id, user_created_at, user_name, user_phone_number, user_user_id, user_user_password) values (default, ?, ?, ?, ?, ?, ?)
Hibernate: insert into user (user_id, character_id, user_created_at, user_name, user_phone_number, user_user_id, user_user_password) values (default, ?, ?, ?, ?, ?, ?)
Hibernate: insert into user (user_id, character_id, user_created_at, user_name, user_phone_number, user_user_id, user_user_password) values (default, ?, ?, ?, ?, ?, ?)
Hibernate: insert into user (user_id, character_id, user_created_at, user_name, user_phone_number, user_user_id, user_user_password) values (default, ?, ?, ?, ?, ?, ?)
Hibernate: insert into user (user_id, character_id, user_created_at, user_name, user_phone_number, user_user_id, user_user_password) values (default, ?, ?, ?, ?, ?, ?)
Hibernate: insert into user (user_id, character_id, user_created_at, user_name, user_phone_number, user_user_id, user_user_password) values (default, ?, ?, ?, ?, ?, ?)
Hibernate: insert into team (team_team_id, team_last_modified_at, team_building_team_building_id, team_team_name) values (default, ?, ?, ?)
Hibernate: insert into team_user (team_user_id, team_team_id, user_id) values (default, ?, ?)
Hibernate: insert into team_user (team_user_id, team_team_id, user_id) values (default, ?, ?)
Hibernate: insert into team_user (team_user_id, team_team_id, user_id) values (default, ?, ?)
Hibernate: insert into team_user (team_user_id, team_team_id, user_id) values (default, ?, ?)
Hibernate: insert into team_user (team_user_id, team_team_id, user_id) values (default, ?, ?)
Hibernate: insert into team_user (team_user_id, team_team_id, user_id) values (default, ?, ?)
Hibernate: insert into team (team_team_id, team_last_modified_at, team_building_team_building_id, team_team_name) values (default, ?, ?, ?)
Hibernate: insert into team (team_team_id, team_last_modified_at, team_building_team_building_id, team_team_name) values (default, ?, ?, ?)
Hibernate: insert into team_user (team_user_id, team_team_id, user_id) values (default, ?, ?)
Hibernate: insert into team_user (team_user_id, team_team_id, user_id) values (default, ?, ?)
Hibernate: insert into team_user (team_user_id, team_team_id, user_id) values (default, ?, ?)
Hibernate: insert into team_user (team_user_id, team_team_id, user_id) values (default, ?, ?)
Hibernate: insert into team_user (team_user_id, team_team_id, user_id) values (default, ?, ?)
Hibernate: insert into team_user (team_user_id, team_team_id, user_id) values (default, ?, ?)
Hibernate: SELECT * FROM TEAM WHERE TEAM_BUILDING_TEAM_BUILDING_ID = ?
Hibernate: select teambuildi0_.team_building_team_building_id as team_bui1_19_0_, teambuildi0_.team_building_created_at as team_bui2_19_0_, teambuildi0_.team_building_last_modified_at as team_bui3_19_0_, teambuildi0_.team_building_team_building_title as team_bui4_19_0_ from team_building teambuildi0_ where teambuildi0_.team_building_team_building_id=?
Hibernate: select teamuserli0_.team_team_id as team_tea2_20_0_, teamuserli0_.team_user_id as team_use1_20_0_, teamuserli0_.team_user_id as team_use1_20_1_, teamuserli0_.team_team_id as team_tea2_20_1_, teamuserli0_.user_id as user_id3_20_1_ from team_user teamuserli0_ where teamuserli0_.team_team_id=?
Hibernate: select user0_.user_id as user_id1_21_0_, user0_.character_id as characte7_21_0_, user0_.user_created_at as user_cre2_21_0_, user0_.user_name as user_nam3_21_0_, user0_.user_phone_number as user_pho4_21_0_, user0_.user_user_id as user_use5_21_0_, user0_.user_user_password as user_use6_21_0_ from user user0_ where user0_.user_id=?
Hibernate: select character0_.character_id as characte1_6_0_, character0_.character_character_name as characte2_6_0_ from characters character0_ where character0_.character_id=?
Hibernate: select user0_.user_id as user_id1_21_0_, user0_.character_id as characte7_21_0_, user0_.user_created_at as user_cre2_21_0_, user0_.user_name as user_nam3_21_0_, user0_.user_phone_number as user_pho4_21_0_, user0_.user_user_id as user_use5_21_0_, user0_.user_user_password as user_use6_21_0_ from user user0_ where user0_.user_id=?
Hibernate: select user0_.user_id as user_id1_21_0_, user0_.character_id as characte7_21_0_, user0_.user_created_at as user_cre2_21_0_, user0_.user_name as user_nam3_21_0_, user0_.user_phone_number as user_pho4_21_0_, user0_.user_user_id as user_use5_21_0_, user0_.user_user_password as user_use6_21_0_ from user user0_ where user0_.user_id=?
Hibernate: select user0_.user_id as user_id1_21_0_, user0_.character_id as characte7_21_0_, user0_.user_created_at as user_cre2_21_0_, user0_.user_name as user_nam3_21_0_, user0_.user_phone_number as user_pho4_21_0_, user0_.user_user_id as user_use5_21_0_, user0_.user_user_password as user_use6_21_0_ from user user0_ where user0_.user_id=?
Hibernate: select user0_.user_id as user_id1_21_0_, user0_.character_id as characte7_21_0_, user0_.user_created_at as user_cre2_21_0_, user0_.user_name as user_nam3_21_0_, user0_.user_phone_number as user_pho4_21_0_, user0_.user_user_id as user_use5_21_0_, user0_.user_user_password as user_use6_21_0_ from user user0_ where user0_.user_id=?
Hibernate: select user0_.user_id as user_id1_21_0_, user0_.character_id as characte7_21_0_, user0_.user_created_at as user_cre2_21_0_, user0_.user_name as user_nam3_21_0_, user0_.user_phone_number as user_pho4_21_0_, user0_.user_user_id as user_use5_21_0_, user0_.user_user_password as user_use6_21_0_ from user user0_ where user0_.user_id=?
Hibernate: select teamuserli0_.team_team_id as team_tea2_20_0_, teamuserli0_.team_user_id as team_use1_20_0_, teamuserli0_.team_user_id as team_use1_20_1_, teamuserli0_.team_team_id as team_tea2_20_1_, teamuserli0_.user_id as user_id3_20_1_ from team_user teamuserli0_ where teamuserli0_.team_team_id=?
Hibernate: select teamuserli0_.team_team_id as team_tea2_20_0_, teamuserli0_.team_user_id as team_use1_20_0_, teamuserli0_.team_user_id as team_use1_20_1_, teamuserli0_.team_team_id as team_tea2_20_1_, teamuserli0_.user_id as user_id3_20_1_ from team_user teamuserli0_ where teamuserli0_.team_team_id=?
2023-06-27 23:51:37.062  INFO 92823 --- [    Test worker] o.s.t.c.transaction.TransactionContext   : Rolled back transaction for test: [DefaultTestContext@e9947af testClass = JpaTeamRepositoryTest, testInstance = org.waldreg.repository.teambuilding.repository.JpaTeamRepositoryTest@4b89515b, testMethod = READ_ALL_TEAM_BY_TEAM_BUILDING_ID_SUCCESS_TEST@JpaTeamRepositoryTest, testException = [null], mergedContextConfiguration = [MergedContextConfiguration@30942f54 testClass = JpaTeamRepositoryTest, locations = '{}', classes = '{class org.waldreg.repository.teambuilding.JpaTeamBuildingTestInitializer}', contextInitializerClasses = '[]', activeProfiles = '{}', propertySourceLocations = '{classpath:h2-application.properties}', propertySourceProperties = '{org.springframework.boot.test.autoconfigure.orm.jpa.DataJpaTestContextBootstrapper=true}', contextCustomizers = set[org.springframework.boot.test.autoconfigure.OverrideAutoConfigurationContextCustomizerFactory$DisableAutoConfigurationContextCustomizer@6eb2384f, org.springframework.boot.test.autoconfigure.actuate.metrics.MetricsExportContextCustomizerFactory$DisableMetricExportContextCustomizer@12f9af83, org.springframework.boot.test.autoconfigure.filter.TypeExcludeFiltersContextCustomizer@351584c0, org.springframework.boot.test.autoconfigure.properties.PropertyMappingContextCustomizer@d2c83518, org.springframework.boot.test.autoconfigure.web.servlet.WebDriverContextCustomizerFactory$Customizer@21a21c64, [ImportsContextCustomizer@11d557a5 key = [org.springframework.boot.autoconfigure.cache.CacheAutoConfiguration, org.springframework.boot.autoconfigure.data.jpa.JpaRepositoriesAutoConfiguration, org.springframework.boot.autoconfigure.flyway.FlywayAutoConfiguration, org.springframework.boot.autoconfigure.jdbc.DataSourceAutoConfiguration, org.springframework.boot.autoconfigure.jdbc.DataSourceTransactionManagerAutoConfiguration, org.springframework.boot.autoconfigure.jdbc.JdbcTemplateAutoConfiguration, org.springframework.boot.autoconfigure.liquibase.LiquibaseAutoConfiguration, org.springframework.boot.autoconfigure.orm.jpa.HibernateJpaAutoConfiguration, org.springframework.boot.autoconfigure.sql.init.SqlInitializationAutoConfiguration, org.springframework.boot.autoconfigure.transaction.TransactionAutoConfiguration, org.springframework.boot.test.autoconfigure.jdbc.TestDatabaseAutoConfiguration, org.springframework.boot.test.autoconfigure.orm.jpa.TestEntityManagerAutoConfiguration]], org.springframework.boot.test.context.filter.ExcludeFilterContextCustomizer@2a448449, org.springframework.boot.test.json.DuplicateJsonObjectContextCustomizerFactory$DuplicateJsonObjectContextCustomizer@e54303, org.springframework.boot.test.mock.mockito.MockitoContextCustomizer@0, org.springframework.boot.test.context.SpringBootTestArgs@1, org.springframework.boot.test.context.SpringBootTestWebEnvironment@0], contextLoader = 'org.springframework.boot.test.context.SpringBootContextLoader', parent = [null]], attributes = map['org.springframework.test.context.event.ApplicationEventsTestExecutionListener.recordApplicationEvents' -> false]]
2023-06-27 23:51:37.063  INFO 92823 --- [    Test worker] o.s.t.c.transaction.TransactionContext   : Began transaction (1) for test context [DefaultTestContext@e9947af testClass = JpaTeamRepositoryTest, testInstance = org.waldreg.repository.teambuilding.repository.JpaTeamRepositoryTest@2cbd855e, testMethod = READ_ALL_TEAM_USER_BY_TEAM_BUILDING_ID_SUCCESS_TEST@JpaTeamRepositoryTest, testException = [null], mergedContextConfiguration = [MergedContextConfiguration@30942f54 testClass = JpaTeamRepositoryTest, locations = '{}', classes = '{class org.waldreg.repository.teambuilding.JpaTeamBuildingTestInitializer}', contextInitializerClasses = '[]', activeProfiles = '{}', propertySourceLocations = '{classpath:h2-application.properties}', propertySourceProperties = '{org.springframework.boot.test.autoconfigure.orm.jpa.DataJpaTestContextBootstrapper=true}', contextCustomizers = set[org.springframework.boot.test.autoconfigure.OverrideAutoConfigurationContextCustomizerFactory$DisableAutoConfigurationContextCustomizer@6eb2384f, org.springframework.boot.test.autoconfigure.actuate.metrics.MetricsExportContextCustomizerFactory$DisableMetricExportContextCustomizer@12f9af83, org.springframework.boot.test.autoconfigure.filter.TypeExcludeFiltersContextCustomizer@351584c0, org.springframework.boot.test.autoconfigure.properties.PropertyMappingContextCustomizer@d2c83518, org.springframework.boot.test.autoconfigure.web.servlet.WebDriverContextCustomizerFactory$Customizer@21a21c64, [ImportsContextCustomizer@11d557a5 key = [org.springframework.boot.autoconfigure.cache.CacheAutoConfiguration, org.springframework.boot.autoconfigure.data.jpa.JpaRepositoriesAutoConfiguration, org.springframework.boot.autoconfigure.flyway.FlywayAutoConfiguration, org.springframework.boot.autoconfigure.jdbc.DataSourceAutoConfiguration, org.springframework.boot.autoconfigure.jdbc.DataSourceTransactionManagerAutoConfiguration, org.springframework.boot.autoconfigure.jdbc.JdbcTemplateAutoConfiguration, org.springframework.boot.autoconfigure.liquibase.LiquibaseAutoConfiguration, org.springframework.boot.autoconfigure.orm.jpa.HibernateJpaAutoConfiguration, org.springframework.boot.autoconfigure.sql.init.SqlInitializationAutoConfiguration, org.springframework.boot.autoconfigure.transaction.TransactionAutoConfiguration, org.springframework.boot.test.autoconfigure.jdbc.TestDatabaseAutoConfiguration, org.springframework.boot.test.autoconfigure.orm.jpa.TestEntityManagerAutoConfiguration]], org.springframework.boot.test.context.filter.ExcludeFilterContextCustomizer@2a448449, org.springframework.boot.test.json.DuplicateJsonObjectContextCustomizerFactory$DuplicateJsonObjectContextCustomizer@e54303, org.springframework.boot.test.mock.mockito.MockitoContextCustomizer@0, org.springframework.boot.test.context.SpringBootTestArgs@1, org.springframework.boot.test.context.SpringBootTestWebEnvironment@0], contextLoader = 'org.springframework.boot.test.context.SpringBootContextLoader', parent = [null]], attributes = map['org.springframework.test.context.event.ApplicationEventsTestExecutionListener.recordApplicationEvents' -> false]]; transaction manager [org.springframework.orm.jpa.JpaTransactionManager@29612ee2]; rollback [true]
Hibernate: insert into team_building (team_building_team_building_id, team_building_created_at, team_building_last_modified_at, team_building_team_building_title) values (default, ?, ?, ?)
Hibernate: insert into characters (character_id, character_character_name) values (default, ?)
Hibernate: insert into user (user_id, character_id, user_created_at, user_name, user_phone_number, user_user_id, user_user_password) values (default, ?, ?, ?, ?, ?, ?)
Hibernate: insert into user (user_id, character_id, user_created_at, user_name, user_phone_number, user_user_id, user_user_password) values (default, ?, ?, ?, ?, ?, ?)
Hibernate: insert into user (user_id, character_id, user_created_at, user_name, user_phone_number, user_user_id, user_user_password) values (default, ?, ?, ?, ?, ?, ?)
Hibernate: insert into user (user_id, character_id, user_created_at, user_name, user_phone_number, user_user_id, user_user_password) values (default, ?, ?, ?, ?, ?, ?)
Hibernate: insert into user (user_id, character_id, user_created_at, user_name, user_phone_number, user_user_id, user_user_password) values (default, ?, ?, ?, ?, ?, ?)
Hibernate: insert into user (user_id, character_id, user_created_at, user_name, user_phone_number, user_user_id, user_user_password) values (default, ?, ?, ?, ?, ?, ?)
Hibernate: insert into team (team_team_id, team_last_modified_at, team_building_team_building_id, team_team_name) values (default, ?, ?, ?)
Hibernate: insert into team_user (team_user_id, team_team_id, user_id) values (default, ?, ?)
Hibernate: insert into team_user (team_user_id, team_team_id, user_id) values (default, ?, ?)
Hibernate: insert into team_user (team_user_id, team_team_id, user_id) values (default, ?, ?)
Hibernate: insert into team_user (team_user_id, team_team_id, user_id) values (default, ?, ?)
Hibernate: insert into team_user (team_user_id, team_team_id, user_id) values (default, ?, ?)
Hibernate: insert into team_user (team_user_id, team_team_id, user_id) values (default, ?, ?)
Hibernate: insert into team (team_team_id, team_last_modified_at, team_building_team_building_id, team_team_name) values (default, ?, ?, ?)
Hibernate: insert into team (team_team_id, team_last_modified_at, team_building_team_building_id, team_team_name) values (default, ?, ?, ?)
Hibernate: insert into team_user (team_user_id, team_team_id, user_id) values (default, ?, ?)
Hibernate: insert into team_user (team_user_id, team_team_id, user_id) values (default, ?, ?)
Hibernate: insert into team_user (team_user_id, team_team_id, user_id) values (default, ?, ?)
Hibernate: insert into team_user (team_user_id, team_team_id, user_id) values (default, ?, ?)
Hibernate: insert into team_user (team_user_id, team_team_id, user_id) values (default, ?, ?)
Hibernate: insert into team_user (team_user_id, team_team_id, user_id) values (default, ?, ?)
Hibernate: SELECT DISTINCT TU.USER_ID FROM TEAM_USER AS TU INNER JOIN TEAM AS T WHERE T.TEAM_BUILDING_TEAM_BUILDING_ID = ? AND TU.TEAM_TEAM_ID = T.TEAM_TEAM_ID
2023-06-27 23:51:37.068  INFO 92823 --- [    Test worker] o.s.t.c.transaction.TransactionContext   : Rolled back transaction for test: [DefaultTestContext@e9947af testClass = JpaTeamRepositoryTest, testInstance = org.waldreg.repository.teambuilding.repository.JpaTeamRepositoryTest@2cbd855e, testMethod = READ_ALL_TEAM_USER_BY_TEAM_BUILDING_ID_SUCCESS_TEST@JpaTeamRepositoryTest, testException = [null], mergedContextConfiguration = [MergedContextConfiguration@30942f54 testClass = JpaTeamRepositoryTest, locations = '{}', classes = '{class org.waldreg.repository.teambuilding.JpaTeamBuildingTestInitializer}', contextInitializerClasses = '[]', activeProfiles = '{}', propertySourceLocations = '{classpath:h2-application.properties}', propertySourceProperties = '{org.springframework.boot.test.autoconfigure.orm.jpa.DataJpaTestContextBootstrapper=true}', contextCustomizers = set[org.springframework.boot.test.autoconfigure.OverrideAutoConfigurationContextCustomizerFactory$DisableAutoConfigurationContextCustomizer@6eb2384f, org.springframework.boot.test.autoconfigure.actuate.metrics.MetricsExportContextCustomizerFactory$DisableMetricExportContextCustomizer@12f9af83, org.springframework.boot.test.autoconfigure.filter.TypeExcludeFiltersContextCustomizer@351584c0, org.springframework.boot.test.autoconfigure.properties.PropertyMappingContextCustomizer@d2c83518, org.springframework.boot.test.autoconfigure.web.servlet.WebDriverContextCustomizerFactory$Customizer@21a21c64, [ImportsContextCustomizer@11d557a5 key = [org.springframework.boot.autoconfigure.cache.CacheAutoConfiguration, org.springframework.boot.autoconfigure.data.jpa.JpaRepositoriesAutoConfiguration, org.springframework.boot.autoconfigure.flyway.FlywayAutoConfiguration, org.springframework.boot.autoconfigure.jdbc.DataSourceAutoConfiguration, org.springframework.boot.autoconfigure.jdbc.DataSourceTransactionManagerAutoConfiguration, org.springframework.boot.autoconfigure.jdbc.JdbcTemplateAutoConfiguration, org.springframework.boot.autoconfigure.liquibase.LiquibaseAutoConfiguration, org.springframework.boot.autoconfigure.orm.jpa.HibernateJpaAutoConfiguration, org.springframework.boot.autoconfigure.sql.init.SqlInitializationAutoConfiguration, org.springframework.boot.autoconfigure.transaction.TransactionAutoConfiguration, org.springframework.boot.test.autoconfigure.jdbc.TestDatabaseAutoConfiguration, org.springframework.boot.test.autoconfigure.orm.jpa.TestEntityManagerAutoConfiguration]], org.springframework.boot.test.context.filter.ExcludeFilterContextCustomizer@2a448449, org.springframework.boot.test.json.DuplicateJsonObjectContextCustomizerFactory$DuplicateJsonObjectContextCustomizer@e54303, org.springframework.boot.test.mock.mockito.MockitoContextCustomizer@0, org.springframework.boot.test.context.SpringBootTestArgs@1, org.springframework.boot.test.context.SpringBootTestWebEnvironment@0], contextLoader = 'org.springframework.boot.test.context.SpringBootContextLoader', parent = [null]], attributes = map['org.springframework.test.context.event.ApplicationEventsTestExecutionListener.recordApplicationEvents' -> false]]
2023-06-27 23:51:37.068  INFO 92823 --- [    Test worker] o.s.t.c.transaction.TransactionContext   : Began transaction (1) for test context [DefaultTestContext@e9947af testClass = JpaTeamRepositoryTest, testInstance = org.waldreg.repository.teambuilding.repository.JpaTeamRepositoryTest@b1d7b09, testMethod = READ_TEAM_BY_ID_SUCCESS_TEST@JpaTeamRepositoryTest, testException = [null], mergedContextConfiguration = [MergedContextConfiguration@30942f54 testClass = JpaTeamRepositoryTest, locations = '{}', classes = '{class org.waldreg.repository.teambuilding.JpaTeamBuildingTestInitializer}', contextInitializerClasses = '[]', activeProfiles = '{}', propertySourceLocations = '{classpath:h2-application.properties}', propertySourceProperties = '{org.springframework.boot.test.autoconfigure.orm.jpa.DataJpaTestContextBootstrapper=true}', contextCustomizers = set[org.springframework.boot.test.autoconfigure.OverrideAutoConfigurationContextCustomizerFactory$DisableAutoConfigurationContextCustomizer@6eb2384f, org.springframework.boot.test.autoconfigure.actuate.metrics.MetricsExportContextCustomizerFactory$DisableMetricExportContextCustomizer@12f9af83, org.springframework.boot.test.autoconfigure.filter.TypeExcludeFiltersContextCustomizer@351584c0, org.springframework.boot.test.autoconfigure.properties.PropertyMappingContextCustomizer@d2c83518, org.springframework.boot.test.autoconfigure.web.servlet.WebDriverContextCustomizerFactory$Customizer@21a21c64, [ImportsContextCustomizer@11d557a5 key = [org.springframework.boot.autoconfigure.cache.CacheAutoConfiguration, org.springframework.boot.autoconfigure.data.jpa.JpaRepositoriesAutoConfiguration, org.springframework.boot.autoconfigure.flyway.FlywayAutoConfiguration, org.springframework.boot.autoconfigure.jdbc.DataSourceAutoConfiguration, org.springframework.boot.autoconfigure.jdbc.DataSourceTransactionManagerAutoConfiguration, org.springframework.boot.autoconfigure.jdbc.JdbcTemplateAutoConfiguration, org.springframework.boot.autoconfigure.liquibase.LiquibaseAutoConfiguration, org.springframework.boot.autoconfigure.orm.jpa.HibernateJpaAutoConfiguration, org.springframework.boot.autoconfigure.sql.init.SqlInitializationAutoConfiguration, org.springframework.boot.autoconfigure.transaction.TransactionAutoConfiguration, org.springframework.boot.test.autoconfigure.jdbc.TestDatabaseAutoConfiguration, org.springframework.boot.test.autoconfigure.orm.jpa.TestEntityManagerAutoConfiguration]], org.springframework.boot.test.context.filter.ExcludeFilterContextCustomizer@2a448449, org.springframework.boot.test.json.DuplicateJsonObjectContextCustomizerFactory$DuplicateJsonObjectContextCustomizer@e54303, org.springframework.boot.test.mock.mockito.MockitoContextCustomizer@0, org.springframework.boot.test.context.SpringBootTestArgs@1, org.springframework.boot.test.context.SpringBootTestWebEnvironment@0], contextLoader = 'org.springframework.boot.test.context.SpringBootContextLoader', parent = [null]], attributes = map['org.springframework.test.context.event.ApplicationEventsTestExecutionListener.recordApplicationEvents' -> false]]; transaction manager [org.springframework.orm.jpa.JpaTransactionManager@29612ee2]; rollback [true]
Hibernate: insert into team_building (team_building_team_building_id, team_building_created_at, team_building_last_modified_at, team_building_team_building_title) values (default, ?, ?, ?)
Hibernate: insert into characters (character_id, character_character_name) values (default, ?)
Hibernate: insert into user (user_id, character_id, user_created_at, user_name, user_phone_number, user_user_id, user_user_password) values (default, ?, ?, ?, ?, ?, ?)
Hibernate: insert into user (user_id, character_id, user_created_at, user_name, user_phone_number, user_user_id, user_user_password) values (default, ?, ?, ?, ?, ?, ?)
Hibernate: insert into user (user_id, character_id, user_created_at, user_name, user_phone_number, user_user_id, user_user_password) values (default, ?, ?, ?, ?, ?, ?)
Hibernate: insert into user (user_id, character_id, user_created_at, user_name, user_phone_number, user_user_id, user_user_password) values (default, ?, ?, ?, ?, ?, ?)
Hibernate: insert into user (user_id, character_id, user_created_at, user_name, user_phone_number, user_user_id, user_user_password) values (default, ?, ?, ?, ?, ?, ?)
Hibernate: insert into user (user_id, character_id, user_created_at, user_name, user_phone_number, user_user_id, user_user_password) values (default, ?, ?, ?, ?, ?, ?)
Hibernate: insert into team (team_team_id, team_last_modified_at, team_building_team_building_id, team_team_name) values (default, ?, ?, ?)
Hibernate: insert into team_user (team_user_id, team_team_id, user_id) values (default, ?, ?)
Hibernate: insert into team_user (team_user_id, team_team_id, user_id) values (default, ?, ?)
Hibernate: insert into team_user (team_user_id, team_team_id, user_id) values (default, ?, ?)
Hibernate: insert into team_user (team_user_id, team_team_id, user_id) values (default, ?, ?)
Hibernate: insert into team_user (team_user_id, team_team_id, user_id) values (default, ?, ?)
Hibernate: insert into team_user (team_user_id, team_team_id, user_id) values (default, ?, ?)
Hibernate: select team0_.team_team_id as team_tea1_18_0_, team0_.team_last_modified_at as team_las2_18_0_, team0_.team_building_team_building_id as team_bui4_18_0_, team0_.team_team_name as team_tea3_18_0_ from team team0_ where team0_.team_team_id=?
Hibernate: select teambuildi0_.team_building_team_building_id as team_bui1_19_0_, teambuildi0_.team_building_created_at as team_bui2_19_0_, teambuildi0_.team_building_last_modified_at as team_bui3_19_0_, teambuildi0_.team_building_team_building_title as team_bui4_19_0_ from team_building teambuildi0_ where teambuildi0_.team_building_team_building_id=?
Hibernate: select teamuserli0_.team_team_id as team_tea2_20_0_, teamuserli0_.team_user_id as team_use1_20_0_, teamuserli0_.team_user_id as team_use1_20_1_, teamuserli0_.team_team_id as team_tea2_20_1_, teamuserli0_.user_id as user_id3_20_1_ from team_user teamuserli0_ where teamuserli0_.team_team_id=?
Hibernate: select user0_.user_id as user_id1_21_0_, user0_.character_id as characte7_21_0_, user0_.user_created_at as user_cre2_21_0_, user0_.user_name as user_nam3_21_0_, user0_.user_phone_number as user_pho4_21_0_, user0_.user_user_id as user_use5_21_0_, user0_.user_user_password as user_use6_21_0_ from user user0_ where user0_.user_id=?
Hibernate: select character0_.character_id as characte1_6_0_, character0_.character_character_name as characte2_6_0_ from characters character0_ where character0_.character_id=?
Hibernate: select user0_.user_id as user_id1_21_0_, user0_.character_id as characte7_21_0_, user0_.user_created_at as user_cre2_21_0_, user0_.user_name as user_nam3_21_0_, user0_.user_phone_number as user_pho4_21_0_, user0_.user_user_id as user_use5_21_0_, user0_.user_user_password as user_use6_21_0_ from user user0_ where user0_.user_id=?
Hibernate: select user0_.user_id as user_id1_21_0_, user0_.character_id as characte7_21_0_, user0_.user_created_at as user_cre2_21_0_, user0_.user_name as user_nam3_21_0_, user0_.user_phone_number as user_pho4_21_0_, user0_.user_user_id as user_use5_21_0_, user0_.user_user_password as user_use6_21_0_ from user user0_ where user0_.user_id=?
Hibernate: select user0_.user_id as user_id1_21_0_, user0_.character_id as characte7_21_0_, user0_.user_created_at as user_cre2_21_0_, user0_.user_name as user_nam3_21_0_, user0_.user_phone_number as user_pho4_21_0_, user0_.user_user_id as user_use5_21_0_, user0_.user_user_password as user_use6_21_0_ from user user0_ where user0_.user_id=?
Hibernate: select user0_.user_id as user_id1_21_0_, user0_.character_id as characte7_21_0_, user0_.user_created_at as user_cre2_21_0_, user0_.user_name as user_nam3_21_0_, user0_.user_phone_number as user_pho4_21_0_, user0_.user_user_id as user_use5_21_0_, user0_.user_user_password as user_use6_21_0_ from user user0_ where user0_.user_id=?
Hibernate: select user0_.user_id as user_id1_21_0_, user0_.character_id as characte7_21_0_, user0_.user_created_at as user_cre2_21_0_, user0_.user_name as user_nam3_21_0_, user0_.user_phone_number as user_pho4_21_0_, user0_.user_user_id as user_use5_21_0_, user0_.user_user_password as user_use6_21_0_ from user user0_ where user0_.user_id=?
2023-06-27 23:51:37.073  INFO 92823 --- [    Test worker] o.s.t.c.transaction.TransactionContext   : Rolled back transaction for test: [DefaultTestContext@e9947af testClass = JpaTeamRepositoryTest, testInstance = org.waldreg.repository.teambuilding.repository.JpaTeamRepositoryTest@b1d7b09, testMethod = READ_TEAM_BY_ID_SUCCESS_TEST@JpaTeamRepositoryTest, testException = [null], mergedContextConfiguration = [MergedContextConfiguration@30942f54 testClass = JpaTeamRepositoryTest, locations = '{}', classes = '{class org.waldreg.repository.teambuilding.JpaTeamBuildingTestInitializer}', contextInitializerClasses = '[]', activeProfiles = '{}', propertySourceLocations = '{classpath:h2-application.properties}', propertySourceProperties = '{org.springframework.boot.test.autoconfigure.orm.jpa.DataJpaTestContextBootstrapper=true}', contextCustomizers = set[org.springframework.boot.test.autoconfigure.OverrideAutoConfigurationContextCustomizerFactory$DisableAutoConfigurationContextCustomizer@6eb2384f, org.springframework.boot.test.autoconfigure.actuate.metrics.MetricsExportContextCustomizerFactory$DisableMetricExportContextCustomizer@12f9af83, org.springframework.boot.test.autoconfigure.filter.TypeExcludeFiltersContextCustomizer@351584c0, org.springframework.boot.test.autoconfigure.properties.PropertyMappingContextCustomizer@d2c83518, org.springframework.boot.test.autoconfigure.web.servlet.WebDriverContextCustomizerFactory$Customizer@21a21c64, [ImportsContextCustomizer@11d557a5 key = [org.springframework.boot.autoconfigure.cache.CacheAutoConfiguration, org.springframework.boot.autoconfigure.data.jpa.JpaRepositoriesAutoConfiguration, org.springframework.boot.autoconfigure.flyway.FlywayAutoConfiguration, org.springframework.boot.autoconfigure.jdbc.DataSourceAutoConfiguration, org.springframework.boot.autoconfigure.jdbc.DataSourceTransactionManagerAutoConfiguration, org.springframework.boot.autoconfigure.jdbc.JdbcTemplateAutoConfiguration, org.springframework.boot.autoconfigure.liquibase.LiquibaseAutoConfiguration, org.springframework.boot.autoconfigure.orm.jpa.HibernateJpaAutoConfiguration, org.springframework.boot.autoconfigure.sql.init.SqlInitializationAutoConfiguration, org.springframework.boot.autoconfigure.transaction.TransactionAutoConfiguration, org.springframework.boot.test.autoconfigure.jdbc.TestDatabaseAutoConfiguration, org.springframework.boot.test.autoconfigure.orm.jpa.TestEntityManagerAutoConfiguration]], org.springframework.boot.test.context.filter.ExcludeFilterContextCustomizer@2a448449, org.springframework.boot.test.json.DuplicateJsonObjectContextCustomizerFactory$DuplicateJsonObjectContextCustomizer@e54303, org.springframework.boot.test.mock.mockito.MockitoContextCustomizer@0, org.springframework.boot.test.context.SpringBootTestArgs@1, org.springframework.boot.test.context.SpringBootTestWebEnvironment@0], contextLoader = 'org.springframework.boot.test.context.SpringBootContextLoader', parent = [null]], attributes = map['org.springframework.test.context.event.ApplicationEventsTestExecutionListener.recordApplicationEvents' -> false]]
]]></system-out>
  <system-err><![CDATA[]]></system-err>
</testsuite>
