<?xml version="1.0" encoding="UTF-8"?>
<testsuite name="org.waldreg.repository.board.BoardRepositoryTest" tests="9" skipped="0" failures="1" errors="0" timestamp="2023-02-05T05:53:54" hostname="LINIRINILINRIN" time="0.515">
  <properties/>
  <testcase name="새로운 보드 생성 성공 테스트" classname="org.waldreg.repository.board.BoardRepositoryTest" time="0.374"/>
  <testcase name="아이디로 게시글 조회 성공 테스트" classname="org.waldreg.repository.board.BoardRepositoryTest" time="0.024"/>
  <testcase name="Author의 user_id로 게시글 목록 조회 성공 테스트" classname="org.waldreg.repository.board.BoardRepositoryTest" time="0.02"/>
  <testcase name="전체 게시글 목록 조회 성공 테스트" classname="org.waldreg.repository.board.BoardRepositoryTest" time="0.016"/>
  <testcase name="content로 게시글 목록 조회 성공 테스트" classname="org.waldreg.repository.board.BoardRepositoryTest" time="0.012"/>
  <testcase name="카테고리로 게시글 목록 조회 성공 테스트" classname="org.waldreg.repository.board.BoardRepositoryTest" time="0.011"/>
  <testcase name="제목으로 게시글 목록 조회 성공 테스트" classname="org.waldreg.repository.board.BoardRepositoryTest" time="0.007"/>
  <testcase name="게시글 삭제 성공 테스트" classname="org.waldreg.repository.board.BoardRepositoryTest" time="0.01"/>
  <testcase name="게시글 수정 성공 테스트" classname="org.waldreg.repository.board.BoardRepositoryTest" time="0.019">
    <failure message="org.gradle.internal.exceptions.DefaultMultiCauseException: Multiple Failures (5 failures)&#13;&#10;&#9;org.opentest4j.AssertionFailedError: expected: &lt;modifiedTitle&gt; but was: &lt;title&gt;&#13;&#10;&#9;org.opentest4j.AssertionFailedError: expected: &lt;hihihi&gt; but was: &lt;content&gt;&#13;&#10;&#9;org.opentest4j.AssertionFailedError: expected: &lt;true&gt; but was: &lt;false&gt;&#13;&#10;&#9;java.lang.NullPointerException: &lt;no message&gt;&#13;&#10;&#9;org.opentest4j.AssertionFailedError: expected: &lt;true&gt; but was: &lt;false&gt;" type="org.gradle.internal.exceptions.DefaultMultiCauseException">org.gradle.internal.exceptions.DefaultMultiCauseException: Multiple Failures (5 failures)
	org.opentest4j.AssertionFailedError: expected: &lt;modifiedTitle&gt; but was: &lt;title&gt;
	org.opentest4j.AssertionFailedError: expected: &lt;hihihi&gt; but was: &lt;content&gt;
	org.opentest4j.AssertionFailedError: expected: &lt;true&gt; but was: &lt;false&gt;
	java.lang.NullPointerException: &lt;no message&gt;
	org.opentest4j.AssertionFailedError: expected: &lt;true&gt; but was: &lt;false&gt;
	at app//org.junit.jupiter.api.AssertAll.assertAll(AssertAll.java:80)
	at app//org.junit.jupiter.api.AssertAll.assertAll(AssertAll.java:44)
	at app//org.junit.jupiter.api.AssertAll.assertAll(AssertAll.java:38)
	at app//org.junit.jupiter.api.Assertions.assertAll(Assertions.java:2911)
	at app//org.waldreg.repository.board.BoardRepositoryTest.MODIFY_BOARD_SUCCESS_TEST(BoardRepositoryTest.java:809)
	at java.base@11.0.17/jdk.internal.reflect.NativeMethodAccessorImpl.invoke0(Native Method)
	at java.base@11.0.17/jdk.internal.reflect.NativeMethodAccessorImpl.invoke(NativeMethodAccessorImpl.java:62)
	at java.base@11.0.17/jdk.internal.reflect.DelegatingMethodAccessorImpl.invoke(DelegatingMethodAccessorImpl.java:43)
	at java.base@11.0.17/java.lang.reflect.Method.invoke(Method.java:566)
	at app//org.junit.platform.commons.util.ReflectionUtils.invokeMethod(ReflectionUtils.java:725)
	at app//org.junit.jupiter.engine.execution.MethodInvocation.proceed(MethodInvocation.java:60)
	at app//org.junit.jupiter.engine.execution.InvocationInterceptorChain$ValidatingInvocation.proceed(InvocationInterceptorChain.java:131)
	at app//org.junit.jupiter.engine.extension.TimeoutExtension.intercept(TimeoutExtension.java:149)
	at app//org.junit.jupiter.engine.extension.TimeoutExtension.interceptTestableMethod(TimeoutExtension.java:140)
	at app//org.junit.jupiter.engine.extension.TimeoutExtension.interceptTestMethod(TimeoutExtension.java:84)
	at app//org.junit.jupiter.engine.execution.ExecutableInvoker$ReflectiveInterceptorCall.lambda$ofVoidMethod$0(ExecutableInvoker.java:115)
	at app//org.junit.jupiter.engine.execution.ExecutableInvoker.lambda$invoke$0(ExecutableInvoker.java:105)
	at app//org.junit.jupiter.engine.execution.InvocationInterceptorChain$InterceptedInvocation.proceed(InvocationInterceptorChain.java:106)
	at app//org.junit.jupiter.engine.execution.InvocationInterceptorChain.proceed(InvocationInterceptorChain.java:64)
	at app//org.junit.jupiter.engine.execution.InvocationInterceptorChain.chainAndInvoke(InvocationInterceptorChain.java:45)
	at app//org.junit.jupiter.engine.execution.InvocationInterceptorChain.invoke(InvocationInterceptorChain.java:37)
	at app//org.junit.jupiter.engine.execution.ExecutableInvoker.invoke(ExecutableInvoker.java:104)
	at app//org.junit.jupiter.engine.execution.ExecutableInvoker.invoke(ExecutableInvoker.java:98)
	at app//org.junit.jupiter.engine.descriptor.TestMethodTestDescriptor.lambda$invokeTestMethod$7(TestMethodTestDescriptor.java:214)
	at app//org.junit.platform.engine.support.hierarchical.ThrowableCollector.execute(ThrowableCollector.java:73)
	at app//org.junit.jupiter.engine.descriptor.TestMethodTestDescriptor.invokeTestMethod(TestMethodTestDescriptor.java:210)
	at app//org.junit.jupiter.engine.descriptor.TestMethodTestDescriptor.execute(TestMethodTestDescriptor.java:135)
	at app//org.junit.jupiter.engine.descriptor.TestMethodTestDescriptor.execute(TestMethodTestDescriptor.java:66)
	at app//org.junit.platform.engine.support.hierarchical.NodeTestTask.lambda$executeRecursively$6(NodeTestTask.java:151)
	at app//org.junit.platform.engine.support.hierarchical.ThrowableCollector.execute(ThrowableCollector.java:73)
	at app//org.junit.platform.engine.support.hierarchical.NodeTestTask.lambda$executeRecursively$8(NodeTestTask.java:141)
	at app//org.junit.platform.engine.support.hierarchical.Node.around(Node.java:137)
	at app//org.junit.platform.engine.support.hierarchical.NodeTestTask.lambda$executeRecursively$9(NodeTestTask.java:139)
	at app//org.junit.platform.engine.support.hierarchical.ThrowableCollector.execute(ThrowableCollector.java:73)
	at app//org.junit.platform.engine.support.hierarchical.NodeTestTask.executeRecursively(NodeTestTask.java:138)
	at app//org.junit.platform.engine.support.hierarchical.NodeTestTask.execute(NodeTestTask.java:95)
	at java.base@11.0.17/java.util.ArrayList.forEach(ArrayList.java:1541)
	at app//org.junit.platform.engine.support.hierarchical.SameThreadHierarchicalTestExecutorService.invokeAll(SameThreadHierarchicalTestExecutorService.java:41)
	at app//org.junit.platform.engine.support.hierarchical.NodeTestTask.lambda$executeRecursively$6(NodeTestTask.java:155)
	at app//org.junit.platform.engine.support.hierarchical.ThrowableCollector.execute(ThrowableCollector.java:73)
	at app//org.junit.platform.engine.support.hierarchical.NodeTestTask.lambda$executeRecursively$8(NodeTestTask.java:141)
	at app//org.junit.platform.engine.support.hierarchical.Node.around(Node.java:137)
	at app//org.junit.platform.engine.support.hierarchical.NodeTestTask.lambda$executeRecursively$9(NodeTestTask.java:139)
	at app//org.junit.platform.engine.support.hierarchical.ThrowableCollector.execute(ThrowableCollector.java:73)
	at app//org.junit.platform.engine.support.hierarchical.NodeTestTask.executeRecursively(NodeTestTask.java:138)
	at app//org.junit.platform.engine.support.hierarchical.NodeTestTask.execute(NodeTestTask.java:95)
	at java.base@11.0.17/java.util.ArrayList.forEach(ArrayList.java:1541)
	at app//org.junit.platform.engine.support.hierarchical.SameThreadHierarchicalTestExecutorService.invokeAll(SameThreadHierarchicalTestExecutorService.java:41)
	at app//org.junit.platform.engine.support.hierarchical.NodeTestTask.lambda$executeRecursively$6(NodeTestTask.java:155)
	at app//org.junit.platform.engine.support.hierarchical.ThrowableCollector.execute(ThrowableCollector.java:73)
	at app//org.junit.platform.engine.support.hierarchical.NodeTestTask.lambda$executeRecursively$8(NodeTestTask.java:141)
	at app//org.junit.platform.engine.support.hierarchical.Node.around(Node.java:137)
	at app//org.junit.platform.engine.support.hierarchical.NodeTestTask.lambda$executeRecursively$9(NodeTestTask.java:139)
	at app//org.junit.platform.engine.support.hierarchical.ThrowableCollector.execute(ThrowableCollector.java:73)
	at app//org.junit.platform.engine.support.hierarchical.NodeTestTask.executeRecursively(NodeTestTask.java:138)
	at app//org.junit.platform.engine.support.hierarchical.NodeTestTask.execute(NodeTestTask.java:95)
	at app//org.junit.platform.engine.support.hierarchical.SameThreadHierarchicalTestExecutorService.submit(SameThreadHierarchicalTestExecutorService.java:35)
	at app//org.junit.platform.engine.support.hierarchical.HierarchicalTestExecutor.execute(HierarchicalTestExecutor.java:57)
	at app//org.junit.platform.engine.support.hierarchical.HierarchicalTestEngine.execute(HierarchicalTestEngine.java:54)
	at org.junit.platform.launcher.core.EngineExecutionOrchestrator.execute(EngineExecutionOrchestrator.java:108)
	at org.junit.platform.launcher.core.EngineExecutionOrchestrator.execute(EngineExecutionOrchestrator.java:88)
	at org.junit.platform.launcher.core.EngineExecutionOrchestrator.lambda$execute$0(EngineExecutionOrchestrator.java:54)
	at org.junit.platform.launcher.core.EngineExecutionOrchestrator.withInterceptedStreams(EngineExecutionOrchestrator.java:67)
	at org.junit.platform.launcher.core.EngineExecutionOrchestrator.execute(EngineExecutionOrchestrator.java:52)
	at org.junit.platform.launcher.core.DefaultLauncher.execute(DefaultLauncher.java:96)
	at org.junit.platform.launcher.core.DefaultLauncher.execute(DefaultLauncher.java:75)
	at org.gradle.api.internal.tasks.testing.junitplatform.JUnitPlatformTestClassProcessor$CollectAllTestClassesExecutor.processAllTestClasses(JUnitPlatformTestClassProcessor.java:99)
	at org.gradle.api.internal.tasks.testing.junitplatform.JUnitPlatformTestClassProcessor$CollectAllTestClassesExecutor.access$000(JUnitPlatformTestClassProcessor.java:79)
	at org.gradle.api.internal.tasks.testing.junitplatform.JUnitPlatformTestClassProcessor.stop(JUnitPlatformTestClassProcessor.java:75)
	at org.gradle.api.internal.tasks.testing.SuiteTestClassProcessor.stop(SuiteTestClassProcessor.java:61)
	at java.base@11.0.17/jdk.internal.reflect.NativeMethodAccessorImpl.invoke0(Native Method)
	at java.base@11.0.17/jdk.internal.reflect.NativeMethodAccessorImpl.invoke(NativeMethodAccessorImpl.java:62)
	at java.base@11.0.17/jdk.internal.reflect.DelegatingMethodAccessorImpl.invoke(DelegatingMethodAccessorImpl.java:43)
	at java.base@11.0.17/java.lang.reflect.Method.invoke(Method.java:566)
	at org.gradle.internal.dispatch.ReflectionDispatch.dispatch(ReflectionDispatch.java:36)
	at org.gradle.internal.dispatch.ReflectionDispatch.dispatch(ReflectionDispatch.java:24)
	at org.gradle.internal.dispatch.ContextClassLoaderDispatch.dispatch(ContextClassLoaderDispatch.java:33)
	at org.gradle.internal.dispatch.ProxyDispatchAdapter$DispatchingInvocationHandler.invoke(ProxyDispatchAdapter.java:94)
	at com.sun.proxy.$Proxy2.stop(Unknown Source)
	at org.gradle.api.internal.tasks.testing.worker.TestWorker$3.run(TestWorker.java:193)
	at org.gradle.api.internal.tasks.testing.worker.TestWorker.executeAndMaintainThreadName(TestWorker.java:129)
	at org.gradle.api.internal.tasks.testing.worker.TestWorker.execute(TestWorker.java:100)
	at org.gradle.api.internal.tasks.testing.worker.TestWorker.execute(TestWorker.java:60)
	at org.gradle.process.internal.worker.child.ActionExecutionWorker.execute(ActionExecutionWorker.java:56)
	at org.gradle.process.internal.worker.child.SystemApplicationClassLoaderWorker.call(SystemApplicationClassLoaderWorker.java:133)
	at org.gradle.process.internal.worker.child.SystemApplicationClassLoaderWorker.call(SystemApplicationClassLoaderWorker.java:71)
	at app//worker.org.gradle.process.internal.worker.GradleWorkerMain.run(GradleWorkerMain.java:69)
	at app//worker.org.gradle.process.internal.worker.GradleWorkerMain.main(GradleWorkerMain.java:74)
	Suppressed: org.opentest4j.AssertionFailedError: expected: &lt;modifiedTitle&gt; but was: &lt;title&gt;
		at app//org.junit.jupiter.api.AssertionUtils.fail(AssertionUtils.java:55)
		at app//org.junit.jupiter.api.AssertionUtils.failNotEqual(AssertionUtils.java:62)
		at app//org.junit.jupiter.api.AssertEquals.assertEquals(AssertEquals.java:182)
		at app//org.junit.jupiter.api.AssertEquals.assertEquals(AssertEquals.java:177)
		at app//org.junit.jupiter.api.Assertions.assertEquals(Assertions.java:1141)
		at app//org.waldreg.repository.board.BoardRepositoryTest.lambda$MODIFY_BOARD_SUCCESS_TEST$108(BoardRepositoryTest.java:811)
		at app//org.junit.jupiter.api.AssertAll.lambda$assertAll$0(AssertAll.java:68)
		at java.base@11.0.17/java.util.stream.ReferencePipeline$3$1.accept(ReferencePipeline.java:195)
		at java.base@11.0.17/java.util.Spliterators$ArraySpliterator.forEachRemaining(Spliterators.java:948)
		at java.base@11.0.17/java.util.stream.AbstractPipeline.copyInto(AbstractPipeline.java:484)
		at java.base@11.0.17/java.util.stream.AbstractPipeline.wrapAndCopyInto(AbstractPipeline.java:474)
		at java.base@11.0.17/java.util.stream.ReduceOps$ReduceOp.evaluateSequential(ReduceOps.java:913)
		at java.base@11.0.17/java.util.stream.AbstractPipeline.evaluate(AbstractPipeline.java:234)
		at java.base@11.0.17/java.util.stream.ReferencePipeline.collect(ReferencePipeline.java:578)
		at app//org.junit.jupiter.api.AssertAll.assertAll(AssertAll.java:77)
		... 87 more
	Suppressed: org.opentest4j.AssertionFailedError: expected: &lt;hihihi&gt; but was: &lt;content&gt;
		at app//org.junit.jupiter.api.AssertionUtils.fail(AssertionUtils.java:55)
		at app//org.junit.jupiter.api.AssertionUtils.failNotEqual(AssertionUtils.java:62)
		at app//org.junit.jupiter.api.AssertEquals.assertEquals(AssertEquals.java:182)
		at app//org.junit.jupiter.api.AssertEquals.assertEquals(AssertEquals.java:177)
		at app//org.junit.jupiter.api.Assertions.assertEquals(Assertions.java:1141)
		at app//org.waldreg.repository.board.BoardRepositoryTest.lambda$MODIFY_BOARD_SUCCESS_TEST$109(BoardRepositoryTest.java:812)
		at app//org.junit.jupiter.api.AssertAll.lambda$assertAll$0(AssertAll.java:68)
		at java.base@11.0.17/java.util.stream.ReferencePipeline$3$1.accept(ReferencePipeline.java:195)
		at java.base@11.0.17/java.util.Spliterators$ArraySpliterator.forEachRemaining(Spliterators.java:948)
		at java.base@11.0.17/java.util.stream.AbstractPipeline.copyInto(AbstractPipeline.java:484)
		at java.base@11.0.17/java.util.stream.AbstractPipeline.wrapAndCopyInto(AbstractPipeline.java:474)
		at java.base@11.0.17/java.util.stream.ReduceOps$ReduceOp.evaluateSequential(ReduceOps.java:913)
		at java.base@11.0.17/java.util.stream.AbstractPipeline.evaluate(AbstractPipeline.java:234)
		at java.base@11.0.17/java.util.stream.ReferencePipeline.collect(ReferencePipeline.java:578)
		at app//org.junit.jupiter.api.AssertAll.assertAll(AssertAll.java:77)
		... 87 more
	Suppressed: org.opentest4j.AssertionFailedError: expected: &lt;true&gt; but was: &lt;false&gt;
		at app//org.junit.jupiter.api.AssertionUtils.fail(AssertionUtils.java:55)
		at app//org.junit.jupiter.api.AssertTrue.assertTrue(AssertTrue.java:40)
		at app//org.junit.jupiter.api.AssertTrue.assertTrue(AssertTrue.java:35)
		at app//org.junit.jupiter.api.Assertions.assertTrue(Assertions.java:179)
		at app//org.waldreg.repository.board.BoardRepositoryTest.lambda$MODIFY_BOARD_SUCCESS_TEST$114(BoardRepositoryTest.java:817)
		at app//org.junit.jupiter.api.AssertAll.lambda$assertAll$0(AssertAll.java:68)
		at java.base@11.0.17/java.util.stream.ReferencePipeline$3$1.accept(ReferencePipeline.java:195)
		at java.base@11.0.17/java.util.Spliterators$ArraySpliterator.forEachRemaining(Spliterators.java:948)
		at java.base@11.0.17/java.util.stream.AbstractPipeline.copyInto(AbstractPipeline.java:484)
		at java.base@11.0.17/java.util.stream.AbstractPipeline.wrapAndCopyInto(AbstractPipeline.java:474)
		at java.base@11.0.17/java.util.stream.ReduceOps$ReduceOp.evaluateSequential(ReduceOps.java:913)
		at java.base@11.0.17/java.util.stream.AbstractPipeline.evaluate(AbstractPipeline.java:234)
		at java.base@11.0.17/java.util.stream.ReferencePipeline.collect(ReferencePipeline.java:578)
		at app//org.junit.jupiter.api.AssertAll.assertAll(AssertAll.java:77)
		... 87 more
	Suppressed: java.lang.NullPointerException
		at org.waldreg.repository.board.BoardRepositoryTest.lambda$MODIFY_BOARD_SUCCESS_TEST$115(BoardRepositoryTest.java:818)
		at org.junit.jupiter.api.AssertAll.lambda$assertAll$0(AssertAll.java:68)
		at java.base/java.util.stream.ReferencePipeline$3$1.accept(ReferencePipeline.java:195)
		at java.base/java.util.Spliterators$ArraySpliterator.forEachRemaining(Spliterators.java:948)
		at java.base/java.util.stream.AbstractPipeline.copyInto(AbstractPipeline.java:484)
		at java.base/java.util.stream.AbstractPipeline.wrapAndCopyInto(AbstractPipeline.java:474)
		at java.base/java.util.stream.ReduceOps$ReduceOp.evaluateSequential(ReduceOps.java:913)
		at java.base/java.util.stream.AbstractPipeline.evaluate(AbstractPipeline.java:234)
		at java.base/java.util.stream.ReferencePipeline.collect(ReferencePipeline.java:578)
		at org.junit.jupiter.api.AssertAll.assertAll(AssertAll.java:77)
		... 87 more
	Suppressed: org.opentest4j.AssertionFailedError: expected: &lt;true&gt; but was: &lt;false&gt;
		at app//org.junit.jupiter.api.AssertionUtils.fail(AssertionUtils.java:55)
		at app//org.junit.jupiter.api.AssertTrue.assertTrue(AssertTrue.java:40)
		at app//org.junit.jupiter.api.AssertTrue.assertTrue(AssertTrue.java:35)
		at app//org.junit.jupiter.api.Assertions.assertTrue(Assertions.java:179)
		at app//org.waldreg.repository.board.BoardRepositoryTest.lambda$MODIFY_BOARD_SUCCESS_TEST$116(BoardRepositoryTest.java:819)
		at app//org.junit.jupiter.api.AssertAll.lambda$assertAll$0(AssertAll.java:68)
		at java.base@11.0.17/java.util.stream.ReferencePipeline$3$1.accept(ReferencePipeline.java:195)
		at java.base@11.0.17/java.util.Spliterators$ArraySpliterator.forEachRemaining(Spliterators.java:948)
		at java.base@11.0.17/java.util.stream.AbstractPipeline.copyInto(AbstractPipeline.java:484)
		at java.base@11.0.17/java.util.stream.AbstractPipeline.wrapAndCopyInto(AbstractPipeline.java:474)
		at java.base@11.0.17/java.util.stream.ReduceOps$ReduceOp.evaluateSequential(ReduceOps.java:913)
		at java.base@11.0.17/java.util.stream.AbstractPipeline.evaluate(AbstractPipeline.java:234)
		at java.base@11.0.17/java.util.stream.ReferencePipeline.collect(ReferencePipeline.java:578)
		at app//org.junit.jupiter.api.AssertAll.assertAll(AssertAll.java:77)
		... 87 more
Cause 1: org.opentest4j.AssertionFailedError: expected: &lt;modifiedTitle&gt; but was: &lt;title&gt;
	at app//org.junit.jupiter.api.AssertionUtils.fail(AssertionUtils.java:55)
	at app//org.junit.jupiter.api.AssertionUtils.failNotEqual(AssertionUtils.java:62)
	at app//org.junit.jupiter.api.AssertEquals.assertEquals(AssertEquals.java:182)
	at app//org.junit.jupiter.api.AssertEquals.assertEquals(AssertEquals.java:177)
	at app//org.junit.jupiter.api.Assertions.assertEquals(Assertions.java:1141)
	at app//org.waldreg.repository.board.BoardRepositoryTest.lambda$MODIFY_BOARD_SUCCESS_TEST$108(BoardRepositoryTest.java:811)
	at app//org.junit.jupiter.api.AssertAll.lambda$assertAll$0(AssertAll.java:68)
	at java.base@11.0.17/java.util.stream.ReferencePipeline$3$1.accept(ReferencePipeline.java:195)
	at java.base@11.0.17/java.util.Spliterators$ArraySpliterator.forEachRemaining(Spliterators.java:948)
	at java.base@11.0.17/java.util.stream.AbstractPipeline.copyInto(AbstractPipeline.java:484)
	at java.base@11.0.17/java.util.stream.AbstractPipeline.wrapAndCopyInto(AbstractPipeline.java:474)
	at java.base@11.0.17/java.util.stream.ReduceOps$ReduceOp.evaluateSequential(ReduceOps.java:913)
	at java.base@11.0.17/java.util.stream.AbstractPipeline.evaluate(AbstractPipeline.java:234)
	at java.base@11.0.17/java.util.stream.ReferencePipeline.collect(ReferencePipeline.java:578)
	at app//org.junit.jupiter.api.AssertAll.assertAll(AssertAll.java:77)
	at app//org.junit.jupiter.api.AssertAll.assertAll(AssertAll.java:44)
	at app//org.junit.jupiter.api.AssertAll.assertAll(AssertAll.java:38)
	at app//org.junit.jupiter.api.Assertions.assertAll(Assertions.java:2911)
	at app//org.waldreg.repository.board.BoardRepositoryTest.MODIFY_BOARD_SUCCESS_TEST(BoardRepositoryTest.java:809)
	at java.base@11.0.17/jdk.internal.reflect.NativeMethodAccessorImpl.invoke0(Native Method)
	at java.base@11.0.17/jdk.internal.reflect.NativeMethodAccessorImpl.invoke(NativeMethodAccessorImpl.java:62)
	at java.base@11.0.17/jdk.internal.reflect.DelegatingMethodAccessorImpl.invoke(DelegatingMethodAccessorImpl.java:43)
	at java.base@11.0.17/java.lang.reflect.Method.invoke(Method.java:566)
	at app//org.junit.platform.commons.util.ReflectionUtils.invokeMethod(ReflectionUtils.java:725)
	at app//org.junit.jupiter.engine.execution.MethodInvocation.proceed(MethodInvocation.java:60)
	at app//org.junit.jupiter.engine.execution.InvocationInterceptorChain$ValidatingInvocation.proceed(InvocationInterceptorChain.java:131)
	at app//org.junit.jupiter.engine.extension.TimeoutExtension.intercept(TimeoutExtension.java:149)
	at app//org.junit.jupiter.engine.extension.TimeoutExtension.interceptTestableMethod(TimeoutExtension.java:140)
	at app//org.junit.jupiter.engine.extension.TimeoutExtension.interceptTestMethod(TimeoutExtension.java:84)
	at app//org.junit.jupiter.engine.execution.ExecutableInvoker$ReflectiveInterceptorCall.lambda$ofVoidMethod$0(ExecutableInvoker.java:115)
	at app//org.junit.jupiter.engine.execution.ExecutableInvoker.lambda$invoke$0(ExecutableInvoker.java:105)
	at app//org.junit.jupiter.engine.execution.InvocationInterceptorChain$InterceptedInvocation.proceed(InvocationInterceptorChain.java:106)
	at app//org.junit.jupiter.engine.execution.InvocationInterceptorChain.proceed(InvocationInterceptorChain.java:64)
	at app//org.junit.jupiter.engine.execution.InvocationInterceptorChain.chainAndInvoke(InvocationInterceptorChain.java:45)
	at app//org.junit.jupiter.engine.execution.InvocationInterceptorChain.invoke(InvocationInterceptorChain.java:37)
	at app//org.junit.jupiter.engine.execution.ExecutableInvoker.invoke(ExecutableInvoker.java:104)
	at app//org.junit.jupiter.engine.execution.ExecutableInvoker.invoke(ExecutableInvoker.java:98)
	at app//org.junit.jupiter.engine.descriptor.TestMethodTestDescriptor.lambda$invokeTestMethod$7(TestMethodTestDescriptor.java:214)
	at app//org.junit.platform.engine.support.hierarchical.ThrowableCollector.execute(ThrowableCollector.java:73)
	at app//org.junit.jupiter.engine.descriptor.TestMethodTestDescriptor.invokeTestMethod(TestMethodTestDescriptor.java:210)
	at app//org.junit.jupiter.engine.descriptor.TestMethodTestDescriptor.execute(TestMethodTestDescriptor.java:135)
	at app//org.junit.jupiter.engine.descriptor.TestMethodTestDescriptor.execute(TestMethodTestDescriptor.java:66)
	at app//org.junit.platform.engine.support.hierarchical.NodeTestTask.lambda$executeRecursively$6(NodeTestTask.java:151)
	at app//org.junit.platform.engine.support.hierarchical.ThrowableCollector.execute(ThrowableCollector.java:73)
	at app//org.junit.platform.engine.support.hierarchical.NodeTestTask.lambda$executeRecursively$8(NodeTestTask.java:141)
	at app//org.junit.platform.engine.support.hierarchical.Node.around(Node.java:137)
	at app//org.junit.platform.engine.support.hierarchical.NodeTestTask.lambda$executeRecursively$9(NodeTestTask.java:139)
	at app//org.junit.platform.engine.support.hierarchical.ThrowableCollector.execute(ThrowableCollector.java:73)
	at app//org.junit.platform.engine.support.hierarchical.NodeTestTask.executeRecursively(NodeTestTask.java:138)
	at app//org.junit.platform.engine.support.hierarchical.NodeTestTask.execute(NodeTestTask.java:95)
	at java.base@11.0.17/java.util.ArrayList.forEach(ArrayList.java:1541)
	at app//org.junit.platform.engine.support.hierarchical.SameThreadHierarchicalTestExecutorService.invokeAll(SameThreadHierarchicalTestExecutorService.java:41)
	at app//org.junit.platform.engine.support.hierarchical.NodeTestTask.lambda$executeRecursively$6(NodeTestTask.java:155)
	at app//org.junit.platform.engine.support.hierarchical.ThrowableCollector.execute(ThrowableCollector.java:73)
	at app//org.junit.platform.engine.support.hierarchical.NodeTestTask.lambda$executeRecursively$8(NodeTestTask.java:141)
	at app//org.junit.platform.engine.support.hierarchical.Node.around(Node.java:137)
	at app//org.junit.platform.engine.support.hierarchical.NodeTestTask.lambda$executeRecursively$9(NodeTestTask.java:139)
	at app//org.junit.platform.engine.support.hierarchical.ThrowableCollector.execute(ThrowableCollector.java:73)
	at app//org.junit.platform.engine.support.hierarchical.NodeTestTask.executeRecursively(NodeTestTask.java:138)
	at app//org.junit.platform.engine.support.hierarchical.NodeTestTask.execute(NodeTestTask.java:95)
	at java.base@11.0.17/java.util.ArrayList.forEach(ArrayList.java:1541)
	at app//org.junit.platform.engine.support.hierarchical.SameThreadHierarchicalTestExecutorService.invokeAll(SameThreadHierarchicalTestExecutorService.java:41)
	at app//org.junit.platform.engine.support.hierarchical.NodeTestTask.lambda$executeRecursively$6(NodeTestTask.java:155)
	at app//org.junit.platform.engine.support.hierarchical.ThrowableCollector.execute(ThrowableCollector.java:73)
	at app//org.junit.platform.engine.support.hierarchical.NodeTestTask.lambda$executeRecursively$8(NodeTestTask.java:141)
	at app//org.junit.platform.engine.support.hierarchical.Node.around(Node.java:137)
	at app//org.junit.platform.engine.support.hierarchical.NodeTestTask.lambda$executeRecursively$9(NodeTestTask.java:139)
	at app//org.junit.platform.engine.support.hierarchical.ThrowableCollector.execute(ThrowableCollector.java:73)
	at app//org.junit.platform.engine.support.hierarchical.NodeTestTask.executeRecursively(NodeTestTask.java:138)
	at app//org.junit.platform.engine.support.hierarchical.NodeTestTask.execute(NodeTestTask.java:95)
	at app//org.junit.platform.engine.support.hierarchical.SameThreadHierarchicalTestExecutorService.submit(SameThreadHierarchicalTestExecutorService.java:35)
	at app//org.junit.platform.engine.support.hierarchical.HierarchicalTestExecutor.execute(HierarchicalTestExecutor.java:57)
	at app//org.junit.platform.engine.support.hierarchical.HierarchicalTestEngine.execute(HierarchicalTestEngine.java:54)
	at org.junit.platform.launcher.core.EngineExecutionOrchestrator.execute(EngineExecutionOrchestrator.java:108)
	at org.junit.platform.launcher.core.EngineExecutionOrchestrator.execute(EngineExecutionOrchestrator.java:88)
	at org.junit.platform.launcher.core.EngineExecutionOrchestrator.lambda$execute$0(EngineExecutionOrchestrator.java:54)
	at org.junit.platform.launcher.core.EngineExecutionOrchestrator.withInterceptedStreams(EngineExecutionOrchestrator.java:67)
	at org.junit.platform.launcher.core.EngineExecutionOrchestrator.execute(EngineExecutionOrchestrator.java:52)
	at org.junit.platform.launcher.core.DefaultLauncher.execute(DefaultLauncher.java:96)
	at org.junit.platform.launcher.core.DefaultLauncher.execute(DefaultLauncher.java:75)
	at org.gradle.api.internal.tasks.testing.junitplatform.JUnitPlatformTestClassProcessor$CollectAllTestClassesExecutor.processAllTestClasses(JUnitPlatformTestClassProcessor.java:99)
	at org.gradle.api.internal.tasks.testing.junitplatform.JUnitPlatformTestClassProcessor$CollectAllTestClassesExecutor.access$000(JUnitPlatformTestClassProcessor.java:79)
	at org.gradle.api.internal.tasks.testing.junitplatform.JUnitPlatformTestClassProcessor.stop(JUnitPlatformTestClassProcessor.java:75)
	at org.gradle.api.internal.tasks.testing.SuiteTestClassProcessor.stop(SuiteTestClassProcessor.java:61)
	at java.base@11.0.17/jdk.internal.reflect.NativeMethodAccessorImpl.invoke0(Native Method)
	at java.base@11.0.17/jdk.internal.reflect.NativeMethodAccessorImpl.invoke(NativeMethodAccessorImpl.java:62)
	at java.base@11.0.17/jdk.internal.reflect.DelegatingMethodAccessorImpl.invoke(DelegatingMethodAccessorImpl.java:43)
	at java.base@11.0.17/java.lang.reflect.Method.invoke(Method.java:566)
	at org.gradle.internal.dispatch.ReflectionDispatch.dispatch(ReflectionDispatch.java:36)
	at org.gradle.internal.dispatch.ReflectionDispatch.dispatch(ReflectionDispatch.java:24)
	at org.gradle.internal.dispatch.ContextClassLoaderDispatch.dispatch(ContextClassLoaderDispatch.java:33)
	at org.gradle.internal.dispatch.ProxyDispatchAdapter$DispatchingInvocationHandler.invoke(ProxyDispatchAdapter.java:94)
	at com.sun.proxy.$Proxy2.stop(Unknown Source)
	at org.gradle.api.internal.tasks.testing.worker.TestWorker$3.run(TestWorker.java:193)
	at org.gradle.api.internal.tasks.testing.worker.TestWorker.executeAndMaintainThreadName(TestWorker.java:129)
	at org.gradle.api.internal.tasks.testing.worker.TestWorker.execute(TestWorker.java:100)
	at org.gradle.api.internal.tasks.testing.worker.TestWorker.execute(TestWorker.java:60)
	at org.gradle.process.internal.worker.child.ActionExecutionWorker.execute(ActionExecutionWorker.java:56)
	at org.gradle.process.internal.worker.child.SystemApplicationClassLoaderWorker.call(SystemApplicationClassLoaderWorker.java:133)
	at org.gradle.process.internal.worker.child.SystemApplicationClassLoaderWorker.call(SystemApplicationClassLoaderWorker.java:71)
	at app//worker.org.gradle.process.internal.worker.GradleWorkerMain.run(GradleWorkerMain.java:69)
	at app//worker.org.gradle.process.internal.worker.GradleWorkerMain.main(GradleWorkerMain.java:74)
Cause 2: org.opentest4j.AssertionFailedError: expected: &lt;hihihi&gt; but was: &lt;content&gt;
	at app//org.junit.jupiter.api.AssertionUtils.fail(AssertionUtils.java:55)
	at app//org.junit.jupiter.api.AssertionUtils.failNotEqual(AssertionUtils.java:62)
	at app//org.junit.jupiter.api.AssertEquals.assertEquals(AssertEquals.java:182)
	at app//org.junit.jupiter.api.AssertEquals.assertEquals(AssertEquals.java:177)
	at app//org.junit.jupiter.api.Assertions.assertEquals(Assertions.java:1141)
	at app//org.waldreg.repository.board.BoardRepositoryTest.lambda$MODIFY_BOARD_SUCCESS_TEST$109(BoardRepositoryTest.java:812)
	at app//org.junit.jupiter.api.AssertAll.lambda$assertAll$0(AssertAll.java:68)
	at java.base@11.0.17/java.util.stream.ReferencePipeline$3$1.accept(ReferencePipeline.java:195)
	at java.base@11.0.17/java.util.Spliterators$ArraySpliterator.forEachRemaining(Spliterators.java:948)
	at java.base@11.0.17/java.util.stream.AbstractPipeline.copyInto(AbstractPipeline.java:484)
	at java.base@11.0.17/java.util.stream.AbstractPipeline.wrapAndCopyInto(AbstractPipeline.java:474)
	at java.base@11.0.17/java.util.stream.ReduceOps$ReduceOp.evaluateSequential(ReduceOps.java:913)
	at java.base@11.0.17/java.util.stream.AbstractPipeline.evaluate(AbstractPipeline.java:234)
	at java.base@11.0.17/java.util.stream.ReferencePipeline.collect(ReferencePipeline.java:578)
	at app//org.junit.jupiter.api.AssertAll.assertAll(AssertAll.java:77)
	at app//org.junit.jupiter.api.AssertAll.assertAll(AssertAll.java:44)
	at app//org.junit.jupiter.api.AssertAll.assertAll(AssertAll.java:38)
	at app//org.junit.jupiter.api.Assertions.assertAll(Assertions.java:2911)
	at app//org.waldreg.repository.board.BoardRepositoryTest.MODIFY_BOARD_SUCCESS_TEST(BoardRepositoryTest.java:809)
	at java.base@11.0.17/jdk.internal.reflect.NativeMethodAccessorImpl.invoke0(Native Method)
	at java.base@11.0.17/jdk.internal.reflect.NativeMethodAccessorImpl.invoke(NativeMethodAccessorImpl.java:62)
	at java.base@11.0.17/jdk.internal.reflect.DelegatingMethodAccessorImpl.invoke(DelegatingMethodAccessorImpl.java:43)
	at java.base@11.0.17/java.lang.reflect.Method.invoke(Method.java:566)
	at app//org.junit.platform.commons.util.ReflectionUtils.invokeMethod(ReflectionUtils.java:725)
	at app//org.junit.jupiter.engine.execution.MethodInvocation.proceed(MethodInvocation.java:60)
	at app//org.junit.jupiter.engine.execution.InvocationInterceptorChain$ValidatingInvocation.proceed(InvocationInterceptorChain.java:131)
	at app//org.junit.jupiter.engine.extension.TimeoutExtension.intercept(TimeoutExtension.java:149)
	at app//org.junit.jupiter.engine.extension.TimeoutExtension.interceptTestableMethod(TimeoutExtension.java:140)
	at app//org.junit.jupiter.engine.extension.TimeoutExtension.interceptTestMethod(TimeoutExtension.java:84)
	at app//org.junit.jupiter.engine.execution.ExecutableInvoker$ReflectiveInterceptorCall.lambda$ofVoidMethod$0(ExecutableInvoker.java:115)
	at app//org.junit.jupiter.engine.execution.ExecutableInvoker.lambda$invoke$0(ExecutableInvoker.java:105)
	at app//org.junit.jupiter.engine.execution.InvocationInterceptorChain$InterceptedInvocation.proceed(InvocationInterceptorChain.java:106)
	at app//org.junit.jupiter.engine.execution.InvocationInterceptorChain.proceed(InvocationInterceptorChain.java:64)
	at app//org.junit.jupiter.engine.execution.InvocationInterceptorChain.chainAndInvoke(InvocationInterceptorChain.java:45)
	at app//org.junit.jupiter.engine.execution.InvocationInterceptorChain.invoke(InvocationInterceptorChain.java:37)
	at app//org.junit.jupiter.engine.execution.ExecutableInvoker.invoke(ExecutableInvoker.java:104)
	at app//org.junit.jupiter.engine.execution.ExecutableInvoker.invoke(ExecutableInvoker.java:98)
	at app//org.junit.jupiter.engine.descriptor.TestMethodTestDescriptor.lambda$invokeTestMethod$7(TestMethodTestDescriptor.java:214)
	at app//org.junit.platform.engine.support.hierarchical.ThrowableCollector.execute(ThrowableCollector.java:73)
	at app//org.junit.jupiter.engine.descriptor.TestMethodTestDescriptor.invokeTestMethod(TestMethodTestDescriptor.java:210)
	at app//org.junit.jupiter.engine.descriptor.TestMethodTestDescriptor.execute(TestMethodTestDescriptor.java:135)
	at app//org.junit.jupiter.engine.descriptor.TestMethodTestDescriptor.execute(TestMethodTestDescriptor.java:66)
	at app//org.junit.platform.engine.support.hierarchical.NodeTestTask.lambda$executeRecursively$6(NodeTestTask.java:151)
	at app//org.junit.platform.engine.support.hierarchical.ThrowableCollector.execute(ThrowableCollector.java:73)
	at app//org.junit.platform.engine.support.hierarchical.NodeTestTask.lambda$executeRecursively$8(NodeTestTask.java:141)
	at app//org.junit.platform.engine.support.hierarchical.Node.around(Node.java:137)
	at app//org.junit.platform.engine.support.hierarchical.NodeTestTask.lambda$executeRecursively$9(NodeTestTask.java:139)
	at app//org.junit.platform.engine.support.hierarchical.ThrowableCollector.execute(ThrowableCollector.java:73)
	at app//org.junit.platform.engine.support.hierarchical.NodeTestTask.executeRecursively(NodeTestTask.java:138)
	at app//org.junit.platform.engine.support.hierarchical.NodeTestTask.execute(NodeTestTask.java:95)
	at java.base@11.0.17/java.util.ArrayList.forEach(ArrayList.java:1541)
	at app//org.junit.platform.engine.support.hierarchical.SameThreadHierarchicalTestExecutorService.invokeAll(SameThreadHierarchicalTestExecutorService.java:41)
	at app//org.junit.platform.engine.support.hierarchical.NodeTestTask.lambda$executeRecursively$6(NodeTestTask.java:155)
	at app//org.junit.platform.engine.support.hierarchical.ThrowableCollector.execute(ThrowableCollector.java:73)
	at app//org.junit.platform.engine.support.hierarchical.NodeTestTask.lambda$executeRecursively$8(NodeTestTask.java:141)
	at app//org.junit.platform.engine.support.hierarchical.Node.around(Node.java:137)
	at app//org.junit.platform.engine.support.hierarchical.NodeTestTask.lambda$executeRecursively$9(NodeTestTask.java:139)
	at app//org.junit.platform.engine.support.hierarchical.ThrowableCollector.execute(ThrowableCollector.java:73)
	at app//org.junit.platform.engine.support.hierarchical.NodeTestTask.executeRecursively(NodeTestTask.java:138)
	at app//org.junit.platform.engine.support.hierarchical.NodeTestTask.execute(NodeTestTask.java:95)
	at java.base@11.0.17/java.util.ArrayList.forEach(ArrayList.java:1541)
	at app//org.junit.platform.engine.support.hierarchical.SameThreadHierarchicalTestExecutorService.invokeAll(SameThreadHierarchicalTestExecutorService.java:41)
	at app//org.junit.platform.engine.support.hierarchical.NodeTestTask.lambda$executeRecursively$6(NodeTestTask.java:155)
	at app//org.junit.platform.engine.support.hierarchical.ThrowableCollector.execute(ThrowableCollector.java:73)
	at app//org.junit.platform.engine.support.hierarchical.NodeTestTask.lambda$executeRecursively$8(NodeTestTask.java:141)
	at app//org.junit.platform.engine.support.hierarchical.Node.around(Node.java:137)
	at app//org.junit.platform.engine.support.hierarchical.NodeTestTask.lambda$executeRecursively$9(NodeTestTask.java:139)
	at app//org.junit.platform.engine.support.hierarchical.ThrowableCollector.execute(ThrowableCollector.java:73)
	at app//org.junit.platform.engine.support.hierarchical.NodeTestTask.executeRecursively(NodeTestTask.java:138)
	at app//org.junit.platform.engine.support.hierarchical.NodeTestTask.execute(NodeTestTask.java:95)
	at app//org.junit.platform.engine.support.hierarchical.SameThreadHierarchicalTestExecutorService.submit(SameThreadHierarchicalTestExecutorService.java:35)
	at app//org.junit.platform.engine.support.hierarchical.HierarchicalTestExecutor.execute(HierarchicalTestExecutor.java:57)
	at app//org.junit.platform.engine.support.hierarchical.HierarchicalTestEngine.execute(HierarchicalTestEngine.java:54)
	at org.junit.platform.launcher.core.EngineExecutionOrchestrator.execute(EngineExecutionOrchestrator.java:108)
	at org.junit.platform.launcher.core.EngineExecutionOrchestrator.execute(EngineExecutionOrchestrator.java:88)
	at org.junit.platform.launcher.core.EngineExecutionOrchestrator.lambda$execute$0(EngineExecutionOrchestrator.java:54)
	at org.junit.platform.launcher.core.EngineExecutionOrchestrator.withInterceptedStreams(EngineExecutionOrchestrator.java:67)
	at org.junit.platform.launcher.core.EngineExecutionOrchestrator.execute(EngineExecutionOrchestrator.java:52)
	at org.junit.platform.launcher.core.DefaultLauncher.execute(DefaultLauncher.java:96)
	at org.junit.platform.launcher.core.DefaultLauncher.execute(DefaultLauncher.java:75)
	at org.gradle.api.internal.tasks.testing.junitplatform.JUnitPlatformTestClassProcessor$CollectAllTestClassesExecutor.processAllTestClasses(JUnitPlatformTestClassProcessor.java:99)
	at org.gradle.api.internal.tasks.testing.junitplatform.JUnitPlatformTestClassProcessor$CollectAllTestClassesExecutor.access$000(JUnitPlatformTestClassProcessor.java:79)
	at org.gradle.api.internal.tasks.testing.junitplatform.JUnitPlatformTestClassProcessor.stop(JUnitPlatformTestClassProcessor.java:75)
	at org.gradle.api.internal.tasks.testing.SuiteTestClassProcessor.stop(SuiteTestClassProcessor.java:61)
	at java.base@11.0.17/jdk.internal.reflect.NativeMethodAccessorImpl.invoke0(Native Method)
	at java.base@11.0.17/jdk.internal.reflect.NativeMethodAccessorImpl.invoke(NativeMethodAccessorImpl.java:62)
	at java.base@11.0.17/jdk.internal.reflect.DelegatingMethodAccessorImpl.invoke(DelegatingMethodAccessorImpl.java:43)
	at java.base@11.0.17/java.lang.reflect.Method.invoke(Method.java:566)
	at org.gradle.internal.dispatch.ReflectionDispatch.dispatch(ReflectionDispatch.java:36)
	at org.gradle.internal.dispatch.ReflectionDispatch.dispatch(ReflectionDispatch.java:24)
	at org.gradle.internal.dispatch.ContextClassLoaderDispatch.dispatch(ContextClassLoaderDispatch.java:33)
	at org.gradle.internal.dispatch.ProxyDispatchAdapter$DispatchingInvocationHandler.invoke(ProxyDispatchAdapter.java:94)
	at com.sun.proxy.$Proxy2.stop(Unknown Source)
	at org.gradle.api.internal.tasks.testing.worker.TestWorker$3.run(TestWorker.java:193)
	at org.gradle.api.internal.tasks.testing.worker.TestWorker.executeAndMaintainThreadName(TestWorker.java:129)
	at org.gradle.api.internal.tasks.testing.worker.TestWorker.execute(TestWorker.java:100)
	at org.gradle.api.internal.tasks.testing.worker.TestWorker.execute(TestWorker.java:60)
	at org.gradle.process.internal.worker.child.ActionExecutionWorker.execute(ActionExecutionWorker.java:56)
	at org.gradle.process.internal.worker.child.SystemApplicationClassLoaderWorker.call(SystemApplicationClassLoaderWorker.java:133)
	at org.gradle.process.internal.worker.child.SystemApplicationClassLoaderWorker.call(SystemApplicationClassLoaderWorker.java:71)
	at app//worker.org.gradle.process.internal.worker.GradleWorkerMain.run(GradleWorkerMain.java:69)
	at app//worker.org.gradle.process.internal.worker.GradleWorkerMain.main(GradleWorkerMain.java:74)
Cause 3: org.opentest4j.AssertionFailedError: expected: &lt;true&gt; but was: &lt;false&gt;
	at app//org.junit.jupiter.api.AssertionUtils.fail(AssertionUtils.java:55)
	at app//org.junit.jupiter.api.AssertTrue.assertTrue(AssertTrue.java:40)
	at app//org.junit.jupiter.api.AssertTrue.assertTrue(AssertTrue.java:35)
	at app//org.junit.jupiter.api.Assertions.assertTrue(Assertions.java:179)
	at app//org.waldreg.repository.board.BoardRepositoryTest.lambda$MODIFY_BOARD_SUCCESS_TEST$114(BoardRepositoryTest.java:817)
	at app//org.junit.jupiter.api.AssertAll.lambda$assertAll$0(AssertAll.java:68)
	at java.base@11.0.17/java.util.stream.ReferencePipeline$3$1.accept(ReferencePipeline.java:195)
	at java.base@11.0.17/java.util.Spliterators$ArraySpliterator.forEachRemaining(Spliterators.java:948)
	at java.base@11.0.17/java.util.stream.AbstractPipeline.copyInto(AbstractPipeline.java:484)
	at java.base@11.0.17/java.util.stream.AbstractPipeline.wrapAndCopyInto(AbstractPipeline.java:474)
	at java.base@11.0.17/java.util.stream.ReduceOps$ReduceOp.evaluateSequential(ReduceOps.java:913)
	at java.base@11.0.17/java.util.stream.AbstractPipeline.evaluate(AbstractPipeline.java:234)
	at java.base@11.0.17/java.util.stream.ReferencePipeline.collect(ReferencePipeline.java:578)
	at app//org.junit.jupiter.api.AssertAll.assertAll(AssertAll.java:77)
	at app//org.junit.jupiter.api.AssertAll.assertAll(AssertAll.java:44)
	at app//org.junit.jupiter.api.AssertAll.assertAll(AssertAll.java:38)
	at app//org.junit.jupiter.api.Assertions.assertAll(Assertions.java:2911)
	at app//org.waldreg.repository.board.BoardRepositoryTest.MODIFY_BOARD_SUCCESS_TEST(BoardRepositoryTest.java:809)
	at java.base@11.0.17/jdk.internal.reflect.NativeMethodAccessorImpl.invoke0(Native Method)
	at java.base@11.0.17/jdk.internal.reflect.NativeMethodAccessorImpl.invoke(NativeMethodAccessorImpl.java:62)
	at java.base@11.0.17/jdk.internal.reflect.DelegatingMethodAccessorImpl.invoke(DelegatingMethodAccessorImpl.java:43)
	at java.base@11.0.17/java.lang.reflect.Method.invoke(Method.java:566)
	at app//org.junit.platform.commons.util.ReflectionUtils.invokeMethod(ReflectionUtils.java:725)
	at app//org.junit.jupiter.engine.execution.MethodInvocation.proceed(MethodInvocation.java:60)
	at app//org.junit.jupiter.engine.execution.InvocationInterceptorChain$ValidatingInvocation.proceed(InvocationInterceptorChain.java:131)
	at app//org.junit.jupiter.engine.extension.TimeoutExtension.intercept(TimeoutExtension.java:149)
	at app//org.junit.jupiter.engine.extension.TimeoutExtension.interceptTestableMethod(TimeoutExtension.java:140)
	at app//org.junit.jupiter.engine.extension.TimeoutExtension.interceptTestMethod(TimeoutExtension.java:84)
	at app//org.junit.jupiter.engine.execution.ExecutableInvoker$ReflectiveInterceptorCall.lambda$ofVoidMethod$0(ExecutableInvoker.java:115)
	at app//org.junit.jupiter.engine.execution.ExecutableInvoker.lambda$invoke$0(ExecutableInvoker.java:105)
	at app//org.junit.jupiter.engine.execution.InvocationInterceptorChain$InterceptedInvocation.proceed(InvocationInterceptorChain.java:106)
	at app//org.junit.jupiter.engine.execution.InvocationInterceptorChain.proceed(InvocationInterceptorChain.java:64)
	at app//org.junit.jupiter.engine.execution.InvocationInterceptorChain.chainAndInvoke(InvocationInterceptorChain.java:45)
	at app//org.junit.jupiter.engine.execution.InvocationInterceptorChain.invoke(InvocationInterceptorChain.java:37)
	at app//org.junit.jupiter.engine.execution.ExecutableInvoker.invoke(ExecutableInvoker.java:104)
	at app//org.junit.jupiter.engine.execution.ExecutableInvoker.invoke(ExecutableInvoker.java:98)
	at app//org.junit.jupiter.engine.descriptor.TestMethodTestDescriptor.lambda$invokeTestMethod$7(TestMethodTestDescriptor.java:214)
	at app//org.junit.platform.engine.support.hierarchical.ThrowableCollector.execute(ThrowableCollector.java:73)
	at app//org.junit.jupiter.engine.descriptor.TestMethodTestDescriptor.invokeTestMethod(TestMethodTestDescriptor.java:210)
	at app//org.junit.jupiter.engine.descriptor.TestMethodTestDescriptor.execute(TestMethodTestDescriptor.java:135)
	at app//org.junit.jupiter.engine.descriptor.TestMethodTestDescriptor.execute(TestMethodTestDescriptor.java:66)
	at app//org.junit.platform.engine.support.hierarchical.NodeTestTask.lambda$executeRecursively$6(NodeTestTask.java:151)
	at app//org.junit.platform.engine.support.hierarchical.ThrowableCollector.execute(ThrowableCollector.java:73)
	at app//org.junit.platform.engine.support.hierarchical.NodeTestTask.lambda$executeRecursively$8(NodeTestTask.java:141)
	at app//org.junit.platform.engine.support.hierarchical.Node.around(Node.java:137)
	at app//org.junit.platform.engine.support.hierarchical.NodeTestTask.lambda$executeRecursively$9(NodeTestTask.java:139)
	at app//org.junit.platform.engine.support.hierarchical.ThrowableCollector.execute(ThrowableCollector.java:73)
	at app//org.junit.platform.engine.support.hierarchical.NodeTestTask.executeRecursively(NodeTestTask.java:138)
	at app//org.junit.platform.engine.support.hierarchical.NodeTestTask.execute(NodeTestTask.java:95)
	at java.base@11.0.17/java.util.ArrayList.forEach(ArrayList.java:1541)
	at app//org.junit.platform.engine.support.hierarchical.SameThreadHierarchicalTestExecutorService.invokeAll(SameThreadHierarchicalTestExecutorService.java:41)
	at app//org.junit.platform.engine.support.hierarchical.NodeTestTask.lambda$executeRecursively$6(NodeTestTask.java:155)
	at app//org.junit.platform.engine.support.hierarchical.ThrowableCollector.execute(ThrowableCollector.java:73)
	at app//org.junit.platform.engine.support.hierarchical.NodeTestTask.lambda$executeRecursively$8(NodeTestTask.java:141)
	at app//org.junit.platform.engine.support.hierarchical.Node.around(Node.java:137)
	at app//org.junit.platform.engine.support.hierarchical.NodeTestTask.lambda$executeRecursively$9(NodeTestTask.java:139)
	at app//org.junit.platform.engine.support.hierarchical.ThrowableCollector.execute(ThrowableCollector.java:73)
	at app//org.junit.platform.engine.support.hierarchical.NodeTestTask.executeRecursively(NodeTestTask.java:138)
	at app//org.junit.platform.engine.support.hierarchical.NodeTestTask.execute(NodeTestTask.java:95)
	at java.base@11.0.17/java.util.ArrayList.forEach(ArrayList.java:1541)
	at app//org.junit.platform.engine.support.hierarchical.SameThreadHierarchicalTestExecutorService.invokeAll(SameThreadHierarchicalTestExecutorService.java:41)
	at app//org.junit.platform.engine.support.hierarchical.NodeTestTask.lambda$executeRecursively$6(NodeTestTask.java:155)
	at app//org.junit.platform.engine.support.hierarchical.ThrowableCollector.execute(ThrowableCollector.java:73)
	at app//org.junit.platform.engine.support.hierarchical.NodeTestTask.lambda$executeRecursively$8(NodeTestTask.java:141)
	at app//org.junit.platform.engine.support.hierarchical.Node.around(Node.java:137)
	at app//org.junit.platform.engine.support.hierarchical.NodeTestTask.lambda$executeRecursively$9(NodeTestTask.java:139)
	at app//org.junit.platform.engine.support.hierarchical.ThrowableCollector.execute(ThrowableCollector.java:73)
	at app//org.junit.platform.engine.support.hierarchical.NodeTestTask.executeRecursively(NodeTestTask.java:138)
	at app//org.junit.platform.engine.support.hierarchical.NodeTestTask.execute(NodeTestTask.java:95)
	at app//org.junit.platform.engine.support.hierarchical.SameThreadHierarchicalTestExecutorService.submit(SameThreadHierarchicalTestExecutorService.java:35)
	at app//org.junit.platform.engine.support.hierarchical.HierarchicalTestExecutor.execute(HierarchicalTestExecutor.java:57)
	at app//org.junit.platform.engine.support.hierarchical.HierarchicalTestEngine.execute(HierarchicalTestEngine.java:54)
	at org.junit.platform.launcher.core.EngineExecutionOrchestrator.execute(EngineExecutionOrchestrator.java:108)
	at org.junit.platform.launcher.core.EngineExecutionOrchestrator.execute(EngineExecutionOrchestrator.java:88)
	at org.junit.platform.launcher.core.EngineExecutionOrchestrator.lambda$execute$0(EngineExecutionOrchestrator.java:54)
	at org.junit.platform.launcher.core.EngineExecutionOrchestrator.withInterceptedStreams(EngineExecutionOrchestrator.java:67)
	at org.junit.platform.launcher.core.EngineExecutionOrchestrator.execute(EngineExecutionOrchestrator.java:52)
	at org.junit.platform.launcher.core.DefaultLauncher.execute(DefaultLauncher.java:96)
	at org.junit.platform.launcher.core.DefaultLauncher.execute(DefaultLauncher.java:75)
	at org.gradle.api.internal.tasks.testing.junitplatform.JUnitPlatformTestClassProcessor$CollectAllTestClassesExecutor.processAllTestClasses(JUnitPlatformTestClassProcessor.java:99)
	at org.gradle.api.internal.tasks.testing.junitplatform.JUnitPlatformTestClassProcessor$CollectAllTestClassesExecutor.access$000(JUnitPlatformTestClassProcessor.java:79)
	at org.gradle.api.internal.tasks.testing.junitplatform.JUnitPlatformTestClassProcessor.stop(JUnitPlatformTestClassProcessor.java:75)
	at org.gradle.api.internal.tasks.testing.SuiteTestClassProcessor.stop(SuiteTestClassProcessor.java:61)
	at java.base@11.0.17/jdk.internal.reflect.NativeMethodAccessorImpl.invoke0(Native Method)
	at java.base@11.0.17/jdk.internal.reflect.NativeMethodAccessorImpl.invoke(NativeMethodAccessorImpl.java:62)
	at java.base@11.0.17/jdk.internal.reflect.DelegatingMethodAccessorImpl.invoke(DelegatingMethodAccessorImpl.java:43)
	at java.base@11.0.17/java.lang.reflect.Method.invoke(Method.java:566)
	at org.gradle.internal.dispatch.ReflectionDispatch.dispatch(ReflectionDispatch.java:36)
	at org.gradle.internal.dispatch.ReflectionDispatch.dispatch(ReflectionDispatch.java:24)
	at org.gradle.internal.dispatch.ContextClassLoaderDispatch.dispatch(ContextClassLoaderDispatch.java:33)
	at org.gradle.internal.dispatch.ProxyDispatchAdapter$DispatchingInvocationHandler.invoke(ProxyDispatchAdapter.java:94)
	at com.sun.proxy.$Proxy2.stop(Unknown Source)
	at org.gradle.api.internal.tasks.testing.worker.TestWorker$3.run(TestWorker.java:193)
	at org.gradle.api.internal.tasks.testing.worker.TestWorker.executeAndMaintainThreadName(TestWorker.java:129)
	at org.gradle.api.internal.tasks.testing.worker.TestWorker.execute(TestWorker.java:100)
	at org.gradle.api.internal.tasks.testing.worker.TestWorker.execute(TestWorker.java:60)
	at org.gradle.process.internal.worker.child.ActionExecutionWorker.execute(ActionExecutionWorker.java:56)
	at org.gradle.process.internal.worker.child.SystemApplicationClassLoaderWorker.call(SystemApplicationClassLoaderWorker.java:133)
	at org.gradle.process.internal.worker.child.SystemApplicationClassLoaderWorker.call(SystemApplicationClassLoaderWorker.java:71)
	at app//worker.org.gradle.process.internal.worker.GradleWorkerMain.run(GradleWorkerMain.java:69)
	at app//worker.org.gradle.process.internal.worker.GradleWorkerMain.main(GradleWorkerMain.java:74)
Cause 4: java.lang.NullPointerException
	at org.waldreg.repository.board.BoardRepositoryTest.lambda$MODIFY_BOARD_SUCCESS_TEST$115(BoardRepositoryTest.java:818)
	at org.junit.jupiter.api.AssertAll.lambda$assertAll$0(AssertAll.java:68)
	at java.base/java.util.stream.ReferencePipeline$3$1.accept(ReferencePipeline.java:195)
	at java.base/java.util.Spliterators$ArraySpliterator.forEachRemaining(Spliterators.java:948)
	at java.base/java.util.stream.AbstractPipeline.copyInto(AbstractPipeline.java:484)
	at java.base/java.util.stream.AbstractPipeline.wrapAndCopyInto(AbstractPipeline.java:474)
	at java.base/java.util.stream.ReduceOps$ReduceOp.evaluateSequential(ReduceOps.java:913)
	at java.base/java.util.stream.AbstractPipeline.evaluate(AbstractPipeline.java:234)
	at java.base/java.util.stream.ReferencePipeline.collect(ReferencePipeline.java:578)
	at org.junit.jupiter.api.AssertAll.assertAll(AssertAll.java:77)
	at org.junit.jupiter.api.AssertAll.assertAll(AssertAll.java:44)
	at org.junit.jupiter.api.AssertAll.assertAll(AssertAll.java:38)
	at org.junit.jupiter.api.Assertions.assertAll(Assertions.java:2911)
	at org.waldreg.repository.board.BoardRepositoryTest.MODIFY_BOARD_SUCCESS_TEST(BoardRepositoryTest.java:809)
	at java.base/jdk.internal.reflect.NativeMethodAccessorImpl.invoke0(Native Method)
	at java.base/jdk.internal.reflect.NativeMethodAccessorImpl.invoke(NativeMethodAccessorImpl.java:62)
	at java.base/jdk.internal.reflect.DelegatingMethodAccessorImpl.invoke(DelegatingMethodAccessorImpl.java:43)
	at java.base/java.lang.reflect.Method.invoke(Method.java:566)
	at org.junit.platform.commons.util.ReflectionUtils.invokeMethod(ReflectionUtils.java:725)
	at org.junit.jupiter.engine.execution.MethodInvocation.proceed(MethodInvocation.java:60)
	at org.junit.jupiter.engine.execution.InvocationInterceptorChain$ValidatingInvocation.proceed(InvocationInterceptorChain.java:131)
	at org.junit.jupiter.engine.extension.TimeoutExtension.intercept(TimeoutExtension.java:149)
	at org.junit.jupiter.engine.extension.TimeoutExtension.interceptTestableMethod(TimeoutExtension.java:140)
	at org.junit.jupiter.engine.extension.TimeoutExtension.interceptTestMethod(TimeoutExtension.java:84)
	at org.junit.jupiter.engine.execution.ExecutableInvoker$ReflectiveInterceptorCall.lambda$ofVoidMethod$0(ExecutableInvoker.java:115)
	at org.junit.jupiter.engine.execution.ExecutableInvoker.lambda$invoke$0(ExecutableInvoker.java:105)
	at org.junit.jupiter.engine.execution.InvocationInterceptorChain$InterceptedInvocation.proceed(InvocationInterceptorChain.java:106)
	at org.junit.jupiter.engine.execution.InvocationInterceptorChain.proceed(InvocationInterceptorChain.java:64)
	at org.junit.jupiter.engine.execution.InvocationInterceptorChain.chainAndInvoke(InvocationInterceptorChain.java:45)
	at org.junit.jupiter.engine.execution.InvocationInterceptorChain.invoke(InvocationInterceptorChain.java:37)
	at org.junit.jupiter.engine.execution.ExecutableInvoker.invoke(ExecutableInvoker.java:104)
	at org.junit.jupiter.engine.execution.ExecutableInvoker.invoke(ExecutableInvoker.java:98)
	at org.junit.jupiter.engine.descriptor.TestMethodTestDescriptor.lambda$invokeTestMethod$7(TestMethodTestDescriptor.java:214)
	at org.junit.platform.engine.support.hierarchical.ThrowableCollector.execute(ThrowableCollector.java:73)
	at org.junit.jupiter.engine.descriptor.TestMethodTestDescriptor.invokeTestMethod(TestMethodTestDescriptor.java:210)
	at org.junit.jupiter.engine.descriptor.TestMethodTestDescriptor.execute(TestMethodTestDescriptor.java:135)
	at org.junit.jupiter.engine.descriptor.TestMethodTestDescriptor.execute(TestMethodTestDescriptor.java:66)
	at org.junit.platform.engine.support.hierarchical.NodeTestTask.lambda$executeRecursively$6(NodeTestTask.java:151)
	at org.junit.platform.engine.support.hierarchical.ThrowableCollector.execute(ThrowableCollector.java:73)
	at org.junit.platform.engine.support.hierarchical.NodeTestTask.lambda$executeRecursively$8(NodeTestTask.java:141)
	at org.junit.platform.engine.support.hierarchical.Node.around(Node.java:137)
	at org.junit.platform.engine.support.hierarchical.NodeTestTask.lambda$executeRecursively$9(NodeTestTask.java:139)
	at org.junit.platform.engine.support.hierarchical.ThrowableCollector.execute(ThrowableCollector.java:73)
	at org.junit.platform.engine.support.hierarchical.NodeTestTask.executeRecursively(NodeTestTask.java:138)
	at org.junit.platform.engine.support.hierarchical.NodeTestTask.execute(NodeTestTask.java:95)
	at java.base/java.util.ArrayList.forEach(ArrayList.java:1541)
	at org.junit.platform.engine.support.hierarchical.SameThreadHierarchicalTestExecutorService.invokeAll(SameThreadHierarchicalTestExecutorService.java:41)
	at org.junit.platform.engine.support.hierarchical.NodeTestTask.lambda$executeRecursively$6(NodeTestTask.java:155)
	at org.junit.platform.engine.support.hierarchical.ThrowableCollector.execute(ThrowableCollector.java:73)
	at org.junit.platform.engine.support.hierarchical.NodeTestTask.lambda$executeRecursively$8(NodeTestTask.java:141)
	at org.junit.platform.engine.support.hierarchical.Node.around(Node.java:137)
	at org.junit.platform.engine.support.hierarchical.NodeTestTask.lambda$executeRecursively$9(NodeTestTask.java:139)
	at org.junit.platform.engine.support.hierarchical.ThrowableCollector.execute(ThrowableCollector.java:73)
	at org.junit.platform.engine.support.hierarchical.NodeTestTask.executeRecursively(NodeTestTask.java:138)
	at org.junit.platform.engine.support.hierarchical.NodeTestTask.execute(NodeTestTask.java:95)
	at java.base/java.util.ArrayList.forEach(ArrayList.java:1541)
	at org.junit.platform.engine.support.hierarchical.SameThreadHierarchicalTestExecutorService.invokeAll(SameThreadHierarchicalTestExecutorService.java:41)
	at org.junit.platform.engine.support.hierarchical.NodeTestTask.lambda$executeRecursively$6(NodeTestTask.java:155)
	at org.junit.platform.engine.support.hierarchical.ThrowableCollector.execute(ThrowableCollector.java:73)
	at org.junit.platform.engine.support.hierarchical.NodeTestTask.lambda$executeRecursively$8(NodeTestTask.java:141)
	at org.junit.platform.engine.support.hierarchical.Node.around(Node.java:137)
	at org.junit.platform.engine.support.hierarchical.NodeTestTask.lambda$executeRecursively$9(NodeTestTask.java:139)
	at org.junit.platform.engine.support.hierarchical.ThrowableCollector.execute(ThrowableCollector.java:73)
	at org.junit.platform.engine.support.hierarchical.NodeTestTask.executeRecursively(NodeTestTask.java:138)
	at org.junit.platform.engine.support.hierarchical.NodeTestTask.execute(NodeTestTask.java:95)
	at org.junit.platform.engine.support.hierarchical.SameThreadHierarchicalTestExecutorService.submit(SameThreadHierarchicalTestExecutorService.java:35)
	at org.junit.platform.engine.support.hierarchical.HierarchicalTestExecutor.execute(HierarchicalTestExecutor.java:57)
	at org.junit.platform.engine.support.hierarchical.HierarchicalTestEngine.execute(HierarchicalTestEngine.java:54)
	at org.junit.platform.launcher.core.EngineExecutionOrchestrator.execute(EngineExecutionOrchestrator.java:108)
	at org.junit.platform.launcher.core.EngineExecutionOrchestrator.execute(EngineExecutionOrchestrator.java:88)
	at org.junit.platform.launcher.core.EngineExecutionOrchestrator.lambda$execute$0(EngineExecutionOrchestrator.java:54)
	at org.junit.platform.launcher.core.EngineExecutionOrchestrator.withInterceptedStreams(EngineExecutionOrchestrator.java:67)
	at org.junit.platform.launcher.core.EngineExecutionOrchestrator.execute(EngineExecutionOrchestrator.java:52)
	at org.junit.platform.launcher.core.DefaultLauncher.execute(DefaultLauncher.java:96)
	at org.junit.platform.launcher.core.DefaultLauncher.execute(DefaultLauncher.java:75)
	at org.gradle.api.internal.tasks.testing.junitplatform.JUnitPlatformTestClassProcessor$CollectAllTestClassesExecutor.processAllTestClasses(JUnitPlatformTestClassProcessor.java:99)
	at org.gradle.api.internal.tasks.testing.junitplatform.JUnitPlatformTestClassProcessor$CollectAllTestClassesExecutor.access$000(JUnitPlatformTestClassProcessor.java:79)
	at org.gradle.api.internal.tasks.testing.junitplatform.JUnitPlatformTestClassProcessor.stop(JUnitPlatformTestClassProcessor.java:75)
	at org.gradle.api.internal.tasks.testing.SuiteTestClassProcessor.stop(SuiteTestClassProcessor.java:61)
	at java.base/jdk.internal.reflect.NativeMethodAccessorImpl.invoke0(Native Method)
	at java.base/jdk.internal.reflect.NativeMethodAccessorImpl.invoke(NativeMethodAccessorImpl.java:62)
	at java.base/jdk.internal.reflect.DelegatingMethodAccessorImpl.invoke(DelegatingMethodAccessorImpl.java:43)
	at java.base/java.lang.reflect.Method.invoke(Method.java:566)
	at org.gradle.internal.dispatch.ReflectionDispatch.dispatch(ReflectionDispatch.java:36)
	at org.gradle.internal.dispatch.ReflectionDispatch.dispatch(ReflectionDispatch.java:24)
	at org.gradle.internal.dispatch.ContextClassLoaderDispatch.dispatch(ContextClassLoaderDispatch.java:33)
	at org.gradle.internal.dispatch.ProxyDispatchAdapter$DispatchingInvocationHandler.invoke(ProxyDispatchAdapter.java:94)
	at com.sun.proxy.$Proxy2.stop(Unknown Source)
	at org.gradle.api.internal.tasks.testing.worker.TestWorker$3.run(TestWorker.java:193)
	at org.gradle.api.internal.tasks.testing.worker.TestWorker.executeAndMaintainThreadName(TestWorker.java:129)
	at org.gradle.api.internal.tasks.testing.worker.TestWorker.execute(TestWorker.java:100)
	at org.gradle.api.internal.tasks.testing.worker.TestWorker.execute(TestWorker.java:60)
	at org.gradle.process.internal.worker.child.ActionExecutionWorker.execute(ActionExecutionWorker.java:56)
	at org.gradle.process.internal.worker.child.SystemApplicationClassLoaderWorker.call(SystemApplicationClassLoaderWorker.java:133)
	at org.gradle.process.internal.worker.child.SystemApplicationClassLoaderWorker.call(SystemApplicationClassLoaderWorker.java:71)
	at worker.org.gradle.process.internal.worker.GradleWorkerMain.run(GradleWorkerMain.java:69)
	at worker.org.gradle.process.internal.worker.GradleWorkerMain.main(GradleWorkerMain.java:74)
Cause 5: org.opentest4j.AssertionFailedError: expected: &lt;true&gt; but was: &lt;false&gt;
	at app//org.junit.jupiter.api.AssertionUtils.fail(AssertionUtils.java:55)
	at app//org.junit.jupiter.api.AssertTrue.assertTrue(AssertTrue.java:40)
	at app//org.junit.jupiter.api.AssertTrue.assertTrue(AssertTrue.java:35)
	at app//org.junit.jupiter.api.Assertions.assertTrue(Assertions.java:179)
	at app//org.waldreg.repository.board.BoardRepositoryTest.lambda$MODIFY_BOARD_SUCCESS_TEST$116(BoardRepositoryTest.java:819)
	at app//org.junit.jupiter.api.AssertAll.lambda$assertAll$0(AssertAll.java:68)
	at java.base@11.0.17/java.util.stream.ReferencePipeline$3$1.accept(ReferencePipeline.java:195)
	at java.base@11.0.17/java.util.Spliterators$ArraySpliterator.forEachRemaining(Spliterators.java:948)
	at java.base@11.0.17/java.util.stream.AbstractPipeline.copyInto(AbstractPipeline.java:484)
	at java.base@11.0.17/java.util.stream.AbstractPipeline.wrapAndCopyInto(AbstractPipeline.java:474)
	at java.base@11.0.17/java.util.stream.ReduceOps$ReduceOp.evaluateSequential(ReduceOps.java:913)
	at java.base@11.0.17/java.util.stream.AbstractPipeline.evaluate(AbstractPipeline.java:234)
	at java.base@11.0.17/java.util.stream.ReferencePipeline.collect(ReferencePipeline.java:578)
	at app//org.junit.jupiter.api.AssertAll.assertAll(AssertAll.java:77)
	at app//org.junit.jupiter.api.AssertAll.assertAll(AssertAll.java:44)
	at app//org.junit.jupiter.api.AssertAll.assertAll(AssertAll.java:38)
	at app//org.junit.jupiter.api.Assertions.assertAll(Assertions.java:2911)
	at app//org.waldreg.repository.board.BoardRepositoryTest.MODIFY_BOARD_SUCCESS_TEST(BoardRepositoryTest.java:809)
	at java.base@11.0.17/jdk.internal.reflect.NativeMethodAccessorImpl.invoke0(Native Method)
	at java.base@11.0.17/jdk.internal.reflect.NativeMethodAccessorImpl.invoke(NativeMethodAccessorImpl.java:62)
	at java.base@11.0.17/jdk.internal.reflect.DelegatingMethodAccessorImpl.invoke(DelegatingMethodAccessorImpl.java:43)
	at java.base@11.0.17/java.lang.reflect.Method.invoke(Method.java:566)
	at app//org.junit.platform.commons.util.ReflectionUtils.invokeMethod(ReflectionUtils.java:725)
	at app//org.junit.jupiter.engine.execution.MethodInvocation.proceed(MethodInvocation.java:60)
	at app//org.junit.jupiter.engine.execution.InvocationInterceptorChain$ValidatingInvocation.proceed(InvocationInterceptorChain.java:131)
	at app//org.junit.jupiter.engine.extension.TimeoutExtension.intercept(TimeoutExtension.java:149)
	at app//org.junit.jupiter.engine.extension.TimeoutExtension.interceptTestableMethod(TimeoutExtension.java:140)
	at app//org.junit.jupiter.engine.extension.TimeoutExtension.interceptTestMethod(TimeoutExtension.java:84)
	at app//org.junit.jupiter.engine.execution.ExecutableInvoker$ReflectiveInterceptorCall.lambda$ofVoidMethod$0(ExecutableInvoker.java:115)
	at app//org.junit.jupiter.engine.execution.ExecutableInvoker.lambda$invoke$0(ExecutableInvoker.java:105)
	at app//org.junit.jupiter.engine.execution.InvocationInterceptorChain$InterceptedInvocation.proceed(InvocationInterceptorChain.java:106)
	at app//org.junit.jupiter.engine.execution.InvocationInterceptorChain.proceed(InvocationInterceptorChain.java:64)
	at app//org.junit.jupiter.engine.execution.InvocationInterceptorChain.chainAndInvoke(InvocationInterceptorChain.java:45)
	at app//org.junit.jupiter.engine.execution.InvocationInterceptorChain.invoke(InvocationInterceptorChain.java:37)
	at app//org.junit.jupiter.engine.execution.ExecutableInvoker.invoke(ExecutableInvoker.java:104)
	at app//org.junit.jupiter.engine.execution.ExecutableInvoker.invoke(ExecutableInvoker.java:98)
	at app//org.junit.jupiter.engine.descriptor.TestMethodTestDescriptor.lambda$invokeTestMethod$7(TestMethodTestDescriptor.java:214)
	at app//org.junit.platform.engine.support.hierarchical.ThrowableCollector.execute(ThrowableCollector.java:73)
	at app//org.junit.jupiter.engine.descriptor.TestMethodTestDescriptor.invokeTestMethod(TestMethodTestDescriptor.java:210)
	at app//org.junit.jupiter.engine.descriptor.TestMethodTestDescriptor.execute(TestMethodTestDescriptor.java:135)
	at app//org.junit.jupiter.engine.descriptor.TestMethodTestDescriptor.execute(TestMethodTestDescriptor.java:66)
	at app//org.junit.platform.engine.support.hierarchical.NodeTestTask.lambda$executeRecursively$6(NodeTestTask.java:151)
	at app//org.junit.platform.engine.support.hierarchical.ThrowableCollector.execute(ThrowableCollector.java:73)
	at app//org.junit.platform.engine.support.hierarchical.NodeTestTask.lambda$executeRecursively$8(NodeTestTask.java:141)
	at app//org.junit.platform.engine.support.hierarchical.Node.around(Node.java:137)
	at app//org.junit.platform.engine.support.hierarchical.NodeTestTask.lambda$executeRecursively$9(NodeTestTask.java:139)
	at app//org.junit.platform.engine.support.hierarchical.ThrowableCollector.execute(ThrowableCollector.java:73)
	at app//org.junit.platform.engine.support.hierarchical.NodeTestTask.executeRecursively(NodeTestTask.java:138)
	at app//org.junit.platform.engine.support.hierarchical.NodeTestTask.execute(NodeTestTask.java:95)
	at java.base@11.0.17/java.util.ArrayList.forEach(ArrayList.java:1541)
	at app//org.junit.platform.engine.support.hierarchical.SameThreadHierarchicalTestExecutorService.invokeAll(SameThreadHierarchicalTestExecutorService.java:41)
	at app//org.junit.platform.engine.support.hierarchical.NodeTestTask.lambda$executeRecursively$6(NodeTestTask.java:155)
	at app//org.junit.platform.engine.support.hierarchical.ThrowableCollector.execute(ThrowableCollector.java:73)
	at app//org.junit.platform.engine.support.hierarchical.NodeTestTask.lambda$executeRecursively$8(NodeTestTask.java:141)
	at app//org.junit.platform.engine.support.hierarchical.Node.around(Node.java:137)
	at app//org.junit.platform.engine.support.hierarchical.NodeTestTask.lambda$executeRecursively$9(NodeTestTask.java:139)
	at app//org.junit.platform.engine.support.hierarchical.ThrowableCollector.execute(ThrowableCollector.java:73)
	at app//org.junit.platform.engine.support.hierarchical.NodeTestTask.executeRecursively(NodeTestTask.java:138)
	at app//org.junit.platform.engine.support.hierarchical.NodeTestTask.execute(NodeTestTask.java:95)
	at java.base@11.0.17/java.util.ArrayList.forEach(ArrayList.java:1541)
	at app//org.junit.platform.engine.support.hierarchical.SameThreadHierarchicalTestExecutorService.invokeAll(SameThreadHierarchicalTestExecutorService.java:41)
	at app//org.junit.platform.engine.support.hierarchical.NodeTestTask.lambda$executeRecursively$6(NodeTestTask.java:155)
	at app//org.junit.platform.engine.support.hierarchical.ThrowableCollector.execute(ThrowableCollector.java:73)
	at app//org.junit.platform.engine.support.hierarchical.NodeTestTask.lambda$executeRecursively$8(NodeTestTask.java:141)
	at app//org.junit.platform.engine.support.hierarchical.Node.around(Node.java:137)
	at app//org.junit.platform.engine.support.hierarchical.NodeTestTask.lambda$executeRecursively$9(NodeTestTask.java:139)
	at app//org.junit.platform.engine.support.hierarchical.ThrowableCollector.execute(ThrowableCollector.java:73)
	at app//org.junit.platform.engine.support.hierarchical.NodeTestTask.executeRecursively(NodeTestTask.java:138)
	at app//org.junit.platform.engine.support.hierarchical.NodeTestTask.execute(NodeTestTask.java:95)
	at app//org.junit.platform.engine.support.hierarchical.SameThreadHierarchicalTestExecutorService.submit(SameThreadHierarchicalTestExecutorService.java:35)
	at app//org.junit.platform.engine.support.hierarchical.HierarchicalTestExecutor.execute(HierarchicalTestExecutor.java:57)
	at app//org.junit.platform.engine.support.hierarchical.HierarchicalTestEngine.execute(HierarchicalTestEngine.java:54)
	at org.junit.platform.launcher.core.EngineExecutionOrchestrator.execute(EngineExecutionOrchestrator.java:108)
	at org.junit.platform.launcher.core.EngineExecutionOrchestrator.execute(EngineExecutionOrchestrator.java:88)
	at org.junit.platform.launcher.core.EngineExecutionOrchestrator.lambda$execute$0(EngineExecutionOrchestrator.java:54)
	at org.junit.platform.launcher.core.EngineExecutionOrchestrator.withInterceptedStreams(EngineExecutionOrchestrator.java:67)
	at org.junit.platform.launcher.core.EngineExecutionOrchestrator.execute(EngineExecutionOrchestrator.java:52)
	at org.junit.platform.launcher.core.DefaultLauncher.execute(DefaultLauncher.java:96)
	at org.junit.platform.launcher.core.DefaultLauncher.execute(DefaultLauncher.java:75)
	at org.gradle.api.internal.tasks.testing.junitplatform.JUnitPlatformTestClassProcessor$CollectAllTestClassesExecutor.processAllTestClasses(JUnitPlatformTestClassProcessor.java:99)
	at org.gradle.api.internal.tasks.testing.junitplatform.JUnitPlatformTestClassProcessor$CollectAllTestClassesExecutor.access$000(JUnitPlatformTestClassProcessor.java:79)
	at org.gradle.api.internal.tasks.testing.junitplatform.JUnitPlatformTestClassProcessor.stop(JUnitPlatformTestClassProcessor.java:75)
	at org.gradle.api.internal.tasks.testing.SuiteTestClassProcessor.stop(SuiteTestClassProcessor.java:61)
	at java.base@11.0.17/jdk.internal.reflect.NativeMethodAccessorImpl.invoke0(Native Method)
	at java.base@11.0.17/jdk.internal.reflect.NativeMethodAccessorImpl.invoke(NativeMethodAccessorImpl.java:62)
	at java.base@11.0.17/jdk.internal.reflect.DelegatingMethodAccessorImpl.invoke(DelegatingMethodAccessorImpl.java:43)
	at java.base@11.0.17/java.lang.reflect.Method.invoke(Method.java:566)
	at org.gradle.internal.dispatch.ReflectionDispatch.dispatch(ReflectionDispatch.java:36)
	at org.gradle.internal.dispatch.ReflectionDispatch.dispatch(ReflectionDispatch.java:24)
	at org.gradle.internal.dispatch.ContextClassLoaderDispatch.dispatch(ContextClassLoaderDispatch.java:33)
	at org.gradle.internal.dispatch.ProxyDispatchAdapter$DispatchingInvocationHandler.invoke(ProxyDispatchAdapter.java:94)
	at com.sun.proxy.$Proxy2.stop(Unknown Source)
	at org.gradle.api.internal.tasks.testing.worker.TestWorker$3.run(TestWorker.java:193)
	at org.gradle.api.internal.tasks.testing.worker.TestWorker.executeAndMaintainThreadName(TestWorker.java:129)
	at org.gradle.api.internal.tasks.testing.worker.TestWorker.execute(TestWorker.java:100)
	at org.gradle.api.internal.tasks.testing.worker.TestWorker.execute(TestWorker.java:60)
	at org.gradle.process.internal.worker.child.ActionExecutionWorker.execute(ActionExecutionWorker.java:56)
	at org.gradle.process.internal.worker.child.SystemApplicationClassLoaderWorker.call(SystemApplicationClassLoaderWorker.java:133)
	at org.gradle.process.internal.worker.child.SystemApplicationClassLoaderWorker.call(SystemApplicationClassLoaderWorker.java:71)
	at app//worker.org.gradle.process.internal.worker.GradleWorkerMain.run(GradleWorkerMain.java:69)
	at app//worker.org.gradle.process.internal.worker.GradleWorkerMain.main(GradleWorkerMain.java:74)
</failure>
  </testcase>
  <system-out><![CDATA[14:53:54.616 [Test worker] DEBUG org.springframework.test.context.BootstrapUtils - Instantiating CacheAwareContextLoaderDelegate from class [org.springframework.test.context.cache.DefaultCacheAwareContextLoaderDelegate]
14:53:54.626 [Test worker] DEBUG org.springframework.test.context.BootstrapUtils - Instantiating BootstrapContext using constructor [public org.springframework.test.context.support.DefaultBootstrapContext(java.lang.Class,org.springframework.test.context.CacheAwareContextLoaderDelegate)]
14:53:54.649 [Test worker] DEBUG org.springframework.test.context.BootstrapUtils - Instantiating TestContextBootstrapper for test class [org.waldreg.repository.board.BoardRepositoryTest] from class [org.springframework.test.context.support.DefaultTestContextBootstrapper]
14:53:54.666 [Test worker] DEBUG org.springframework.test.context.support.AbstractDelegatingSmartContextLoader - Delegating to AnnotationConfigContextLoader to process context configuration [ContextConfigurationAttributes@bf1ec20 declaringClass = 'org.waldreg.repository.board.BoardRepositoryTest', classes = '{class org.waldreg.repository.board.MemoryBoardRepository, class org.waldreg.repository.MemoryBoardStorage, class org.waldreg.repository.user.MemoryUserRepository, class org.waldreg.repository.MemoryUserStorage, class org.waldreg.repository.character.MemoryCharacterRepository, class org.waldreg.repository.MemoryCharacterStorage, class org.waldreg.repository.board.BoardMapper, class org.waldreg.repository.user.UserMapper, class org.waldreg.repository.character.CharacterMapper}', locations = '{}', inheritLocations = true, initializers = '{}', inheritInitializers = true, name = [null], contextLoaderClass = 'org.springframework.test.context.ContextLoader'].
14:53:54.704 [Test worker] DEBUG org.springframework.test.context.support.ActiveProfilesUtils - Could not find an 'annotation declaring class' for annotation type [org.springframework.test.context.ActiveProfiles] and class [org.waldreg.repository.board.BoardRepositoryTest]
14:53:54.704 [Test worker] DEBUG org.springframework.test.context.support.DefaultTestContextBootstrapper - @TestExecutionListeners is not present for class [org.waldreg.repository.board.BoardRepositoryTest]: using defaults.
14:53:54.705 [Test worker] INFO org.springframework.test.context.support.DefaultTestContextBootstrapper - Loaded default TestExecutionListener class names from location [META-INF/spring.factories]: [org.springframework.boot.test.autoconfigure.restdocs.RestDocsTestExecutionListener, org.springframework.boot.test.autoconfigure.web.client.MockRestServiceServerResetTestExecutionListener, org.springframework.boot.test.autoconfigure.web.servlet.MockMvcPrintOnlyOnFailureTestExecutionListener, org.springframework.boot.test.autoconfigure.web.servlet.WebDriverTestExecutionListener, org.springframework.boot.test.autoconfigure.webservices.client.MockWebServiceServerTestExecutionListener, org.springframework.boot.test.mock.mockito.MockitoTestExecutionListener, org.springframework.boot.test.mock.mockito.ResetMocksTestExecutionListener, org.springframework.test.context.web.ServletTestExecutionListener, org.springframework.test.context.support.DirtiesContextBeforeModesTestExecutionListener, org.springframework.test.context.event.ApplicationEventsTestExecutionListener, org.springframework.test.context.support.DependencyInjectionTestExecutionListener, org.springframework.test.context.support.DirtiesContextTestExecutionListener, org.springframework.test.context.transaction.TransactionalTestExecutionListener, org.springframework.test.context.jdbc.SqlScriptsTestExecutionListener, org.springframework.test.context.event.EventPublishingTestExecutionListener]
14:53:54.713 [Test worker] DEBUG org.springframework.test.context.support.DefaultTestContextBootstrapper - Skipping candidate TestExecutionListener [org.springframework.test.context.transaction.TransactionalTestExecutionListener] due to a missing dependency. Specify custom listener classes or make the default listener classes and their required dependencies available. Offending class: [org/springframework/transaction/TransactionDefinition]
14:53:54.714 [Test worker] DEBUG org.springframework.test.context.support.DefaultTestContextBootstrapper - Skipping candidate TestExecutionListener [org.springframework.test.context.jdbc.SqlScriptsTestExecutionListener] due to a missing dependency. Specify custom listener classes or make the default listener classes and their required dependencies available. Offending class: [org/springframework/transaction/interceptor/TransactionAttribute]
14:53:54.714 [Test worker] INFO org.springframework.test.context.support.DefaultTestContextBootstrapper - Using TestExecutionListeners: [org.springframework.test.context.web.ServletTestExecutionListener@14f5da2c, org.springframework.test.context.support.DirtiesContextBeforeModesTestExecutionListener@12dae582, org.springframework.test.context.event.ApplicationEventsTestExecutionListener@239b0f9d, org.springframework.boot.test.mock.mockito.MockitoTestExecutionListener@619bfe29, org.springframework.test.context.support.DependencyInjectionTestExecutionListener@5b057c8c, org.springframework.test.context.support.DirtiesContextTestExecutionListener@1eb6749b, org.springframework.test.context.event.EventPublishingTestExecutionListener@652a7737, org.springframework.boot.test.autoconfigure.restdocs.RestDocsTestExecutionListener@5b7ea70d, org.springframework.boot.test.autoconfigure.web.client.MockRestServiceServerResetTestExecutionListener@2bef51f2, org.springframework.boot.test.autoconfigure.web.servlet.MockMvcPrintOnlyOnFailureTestExecutionListener@650eab8, org.springframework.boot.test.autoconfigure.web.servlet.WebDriverTestExecutionListener@30f5a68a, org.springframework.boot.test.autoconfigure.webservices.client.MockWebServiceServerTestExecutionListener@1e1d3956, org.springframework.boot.test.mock.mockito.ResetMocksTestExecutionListener@4f2c9ba6]
14:53:54.716 [Test worker] DEBUG org.springframework.test.context.support.AbstractDirtiesContextTestExecutionListener - Before test class: context [DefaultTestContext@a8c1f44 testClass = BoardRepositoryTest, testInstance = [null], testMethod = [null], testException = [null], mergedContextConfiguration = [MergedContextConfiguration@150ab4ed testClass = BoardRepositoryTest, locations = '{}', classes = '{class org.waldreg.repository.board.MemoryBoardRepository, class org.waldreg.repository.MemoryBoardStorage, class org.waldreg.repository.user.MemoryUserRepository, class org.waldreg.repository.MemoryUserStorage, class org.waldreg.repository.character.MemoryCharacterRepository, class org.waldreg.repository.MemoryCharacterStorage, class org.waldreg.repository.board.BoardMapper, class org.waldreg.repository.user.UserMapper, class org.waldreg.repository.character.CharacterMapper}', contextInitializerClasses = '[]', activeProfiles = '{}', propertySourceLocations = '{}', propertySourceProperties = '{}', contextCustomizers = set[org.springframework.boot.test.autoconfigure.actuate.metrics.MetricsExportContextCustomizerFactory$DisableMetricExportContextCustomizer@5c00384f, org.springframework.boot.test.autoconfigure.properties.PropertyMappingContextCustomizer@0, org.springframework.boot.test.autoconfigure.web.servlet.WebDriverContextCustomizerFactory$Customizer@4504d271, org.springframework.boot.test.context.filter.ExcludeFilterContextCustomizer@2b5825fa, org.springframework.boot.test.json.DuplicateJsonObjectContextCustomizerFactory$DuplicateJsonObjectContextCustomizer@2262b621, org.springframework.boot.test.mock.mockito.MockitoContextCustomizer@0], contextLoader = 'org.springframework.test.context.support.DelegatingSmartContextLoader', parent = [null]], attributes = map[[empty]]], class annotated with @DirtiesContext [false] with mode [null].
14:53:54.727 [Test worker] DEBUG org.springframework.test.context.support.DependencyInjectionTestExecutionListener - Performing dependency injection for test context [[DefaultTestContext@a8c1f44 testClass = BoardRepositoryTest, testInstance = org.waldreg.repository.board.BoardRepositoryTest@5b64c4b7, testMethod = [null], testException = [null], mergedContextConfiguration = [MergedContextConfiguration@150ab4ed testClass = BoardRepositoryTest, locations = '{}', classes = '{class org.waldreg.repository.board.MemoryBoardRepository, class org.waldreg.repository.MemoryBoardStorage, class org.waldreg.repository.user.MemoryUserRepository, class org.waldreg.repository.MemoryUserStorage, class org.waldreg.repository.character.MemoryCharacterRepository, class org.waldreg.repository.MemoryCharacterStorage, class org.waldreg.repository.board.BoardMapper, class org.waldreg.repository.user.UserMapper, class org.waldreg.repository.character.CharacterMapper}', contextInitializerClasses = '[]', activeProfiles = '{}', propertySourceLocations = '{}', propertySourceProperties = '{}', contextCustomizers = set[org.springframework.boot.test.autoconfigure.actuate.metrics.MetricsExportContextCustomizerFactory$DisableMetricExportContextCustomizer@5c00384f, org.springframework.boot.test.autoconfigure.properties.PropertyMappingContextCustomizer@0, org.springframework.boot.test.autoconfigure.web.servlet.WebDriverContextCustomizerFactory$Customizer@4504d271, org.springframework.boot.test.context.filter.ExcludeFilterContextCustomizer@2b5825fa, org.springframework.boot.test.json.DuplicateJsonObjectContextCustomizerFactory$DuplicateJsonObjectContextCustomizer@2262b621, org.springframework.boot.test.mock.mockito.MockitoContextCustomizer@0], contextLoader = 'org.springframework.test.context.support.DelegatingSmartContextLoader', parent = [null]], attributes = map['org.springframework.test.context.event.ApplicationEventsTestExecutionListener.recordApplicationEvents' -> false]]].
14:53:54.729 [Test worker] DEBUG org.springframework.test.context.support.AbstractDelegatingSmartContextLoader - Delegating to AnnotationConfigContextLoader to load context from [MergedContextConfiguration@150ab4ed testClass = BoardRepositoryTest, locations = '{}', classes = '{class org.waldreg.repository.board.MemoryBoardRepository, class org.waldreg.repository.MemoryBoardStorage, class org.waldreg.repository.user.MemoryUserRepository, class org.waldreg.repository.MemoryUserStorage, class org.waldreg.repository.character.MemoryCharacterRepository, class org.waldreg.repository.MemoryCharacterStorage, class org.waldreg.repository.board.BoardMapper, class org.waldreg.repository.user.UserMapper, class org.waldreg.repository.character.CharacterMapper}', contextInitializerClasses = '[]', activeProfiles = '{}', propertySourceLocations = '{}', propertySourceProperties = '{}', contextCustomizers = set[org.springframework.boot.test.autoconfigure.actuate.metrics.MetricsExportContextCustomizerFactory$DisableMetricExportContextCustomizer@5c00384f, org.springframework.boot.test.autoconfigure.properties.PropertyMappingContextCustomizer@0, org.springframework.boot.test.autoconfigure.web.servlet.WebDriverContextCustomizerFactory$Customizer@4504d271, org.springframework.boot.test.context.filter.ExcludeFilterContextCustomizer@2b5825fa, org.springframework.boot.test.json.DuplicateJsonObjectContextCustomizerFactory$DuplicateJsonObjectContextCustomizer@2262b621, org.springframework.boot.test.mock.mockito.MockitoContextCustomizer@0], contextLoader = 'org.springframework.test.context.support.DelegatingSmartContextLoader', parent = [null]].
14:53:54.730 [Test worker] DEBUG org.springframework.test.context.support.AbstractGenericContextLoader - Loading ApplicationContext for merged context configuration [[MergedContextConfiguration@150ab4ed testClass = BoardRepositoryTest, locations = '{}', classes = '{class org.waldreg.repository.board.MemoryBoardRepository, class org.waldreg.repository.MemoryBoardStorage, class org.waldreg.repository.user.MemoryUserRepository, class org.waldreg.repository.MemoryUserStorage, class org.waldreg.repository.character.MemoryCharacterRepository, class org.waldreg.repository.MemoryCharacterStorage, class org.waldreg.repository.board.BoardMapper, class org.waldreg.repository.user.UserMapper, class org.waldreg.repository.character.CharacterMapper}', contextInitializerClasses = '[]', activeProfiles = '{}', propertySourceLocations = '{}', propertySourceProperties = '{}', contextCustomizers = set[org.springframework.boot.test.autoconfigure.actuate.metrics.MetricsExportContextCustomizerFactory$DisableMetricExportContextCustomizer@5c00384f, org.springframework.boot.test.autoconfigure.properties.PropertyMappingContextCustomizer@0, org.springframework.boot.test.autoconfigure.web.servlet.WebDriverContextCustomizerFactory$Customizer@4504d271, org.springframework.boot.test.context.filter.ExcludeFilterContextCustomizer@2b5825fa, org.springframework.boot.test.json.DuplicateJsonObjectContextCustomizerFactory$DuplicateJsonObjectContextCustomizer@2262b621, org.springframework.boot.test.mock.mockito.MockitoContextCustomizer@0], contextLoader = 'org.springframework.test.context.support.DelegatingSmartContextLoader', parent = [null]]].
14:53:54.757 [Test worker] DEBUG org.springframework.core.env.StandardEnvironment - Activating profiles []
14:53:54.757 [Test worker] DEBUG org.springframework.test.context.support.AnnotationConfigContextLoader - Registering component classes: {class org.waldreg.repository.board.MemoryBoardRepository, class org.waldreg.repository.MemoryBoardStorage, class org.waldreg.repository.user.MemoryUserRepository, class org.waldreg.repository.MemoryUserStorage, class org.waldreg.repository.character.MemoryCharacterRepository, class org.waldreg.repository.MemoryCharacterStorage, class org.waldreg.repository.board.BoardMapper, class org.waldreg.repository.user.UserMapper, class org.waldreg.repository.character.CharacterMapper}
14:53:54.800 [Test worker] DEBUG org.springframework.context.support.GenericApplicationContext - Refreshing org.springframework.context.support.GenericApplicationContext@34a97744
14:53:54.812 [Test worker] DEBUG org.springframework.beans.factory.support.DefaultListableBeanFactory - Creating shared instance of singleton bean 'org.springframework.context.annotation.internalConfigurationAnnotationProcessor'
14:53:54.848 [Test worker] DEBUG org.springframework.beans.factory.support.DefaultListableBeanFactory - Creating shared instance of singleton bean 'org.springframework.boot.test.mock.mockito.MockitoPostProcessor'
14:53:54.878 [Test worker] DEBUG org.springframework.beans.factory.support.DefaultListableBeanFactory - Creating shared instance of singleton bean 'org.springframework.context.event.internalEventListenerProcessor'
14:53:54.879 [Test worker] DEBUG org.springframework.beans.factory.support.DefaultListableBeanFactory - Creating shared instance of singleton bean 'org.springframework.context.event.internalEventListenerFactory'
14:53:54.880 [Test worker] DEBUG org.springframework.beans.factory.support.DefaultListableBeanFactory - Creating shared instance of singleton bean 'org.springframework.context.annotation.internalAutowiredAnnotationProcessor'
14:53:54.881 [Test worker] DEBUG org.springframework.beans.factory.support.DefaultListableBeanFactory - Creating shared instance of singleton bean 'org.springframework.context.annotation.internalCommonAnnotationProcessor'
14:53:54.885 [Test worker] DEBUG org.springframework.beans.factory.support.DefaultListableBeanFactory - Creating shared instance of singleton bean 'org.springframework.boot.test.mock.mockito.MockitoPostProcessor$SpyPostProcessor'
14:53:54.895 [Test worker] DEBUG org.springframework.beans.factory.support.DefaultListableBeanFactory - Creating shared instance of singleton bean 'memoryBoardRepository'
14:53:54.906 [Test worker] DEBUG org.springframework.beans.factory.support.DefaultListableBeanFactory - Creating shared instance of singleton bean 'memoryBoardStorage'
14:53:54.931 [Test worker] DEBUG org.springframework.beans.factory.support.DefaultListableBeanFactory - Creating shared instance of singleton bean 'memoryUserStorage'
14:53:54.933 [Test worker] DEBUG org.springframework.beans.factory.support.DefaultListableBeanFactory - Creating shared instance of singleton bean 'memoryCharacterStorage'
14:53:54.939 [Test worker] DEBUG org.springframework.beans.factory.support.DefaultListableBeanFactory - Autowiring by type from bean name 'memoryUserStorage' via constructor to bean named 'memoryCharacterStorage'
14:53:54.941 [Test worker] DEBUG org.springframework.beans.factory.support.DefaultListableBeanFactory - Creating shared instance of singleton bean 'boardMapper'
14:53:54.942 [Test worker] DEBUG org.springframework.beans.factory.support.DefaultListableBeanFactory - Autowiring by type from bean name 'memoryBoardRepository' via constructor to bean named 'memoryBoardStorage'
14:53:54.942 [Test worker] DEBUG org.springframework.beans.factory.support.DefaultListableBeanFactory - Autowiring by type from bean name 'memoryBoardRepository' via constructor to bean named 'memoryUserStorage'
14:53:54.942 [Test worker] DEBUG org.springframework.beans.factory.support.DefaultListableBeanFactory - Autowiring by type from bean name 'memoryBoardRepository' via constructor to bean named 'boardMapper'
14:53:54.946 [Test worker] DEBUG org.springframework.beans.factory.support.DefaultListableBeanFactory - Creating shared instance of singleton bean 'memoryUserRepository'
14:53:54.948 [Test worker] DEBUG org.springframework.beans.factory.support.DefaultListableBeanFactory - Creating shared instance of singleton bean 'userMapper'
14:53:54.949 [Test worker] DEBUG org.springframework.beans.factory.support.DefaultListableBeanFactory - Autowiring by type from bean name 'memoryUserRepository' via constructor to bean named 'userMapper'
14:53:54.949 [Test worker] DEBUG org.springframework.beans.factory.support.DefaultListableBeanFactory - Autowiring by type from bean name 'memoryUserRepository' via constructor to bean named 'memoryUserStorage'
14:53:54.949 [Test worker] DEBUG org.springframework.beans.factory.support.DefaultListableBeanFactory - Autowiring by type from bean name 'memoryUserRepository' via constructor to bean named 'memoryCharacterStorage'
14:53:54.951 [Test worker] DEBUG org.springframework.beans.factory.support.DefaultListableBeanFactory - Creating shared instance of singleton bean 'memoryCharacterRepository'
14:53:54.953 [Test worker] DEBUG org.springframework.beans.factory.support.DefaultListableBeanFactory - Creating shared instance of singleton bean 'characterMapper'
14:53:54.953 [Test worker] DEBUG org.springframework.beans.factory.support.DefaultListableBeanFactory - Autowiring by type from bean name 'memoryCharacterRepository' via constructor to bean named 'memoryCharacterStorage'
14:53:54.954 [Test worker] DEBUG org.springframework.beans.factory.support.DefaultListableBeanFactory - Autowiring by type from bean name 'memoryCharacterRepository' via constructor to bean named 'memoryUserStorage'
14:53:54.954 [Test worker] DEBUG org.springframework.beans.factory.support.DefaultListableBeanFactory - Autowiring by type from bean name 'memoryCharacterRepository' via constructor to bean named 'characterMapper'
14:53:54.970 [Test worker] DEBUG org.springframework.test.context.cache.DefaultCacheAwareContextLoaderDelegate - Storing ApplicationContext [883521348] in cache under key [[MergedContextConfiguration@150ab4ed testClass = BoardRepositoryTest, locations = '{}', classes = '{class org.waldreg.repository.board.MemoryBoardRepository, class org.waldreg.repository.MemoryBoardStorage, class org.waldreg.repository.user.MemoryUserRepository, class org.waldreg.repository.MemoryUserStorage, class org.waldreg.repository.character.MemoryCharacterRepository, class org.waldreg.repository.MemoryCharacterStorage, class org.waldreg.repository.board.BoardMapper, class org.waldreg.repository.user.UserMapper, class org.waldreg.repository.character.CharacterMapper}', contextInitializerClasses = '[]', activeProfiles = '{}', propertySourceLocations = '{}', propertySourceProperties = '{}', contextCustomizers = set[org.springframework.boot.test.autoconfigure.actuate.metrics.MetricsExportContextCustomizerFactory$DisableMetricExportContextCustomizer@5c00384f, org.springframework.boot.test.autoconfigure.properties.PropertyMappingContextCustomizer@0, org.springframework.boot.test.autoconfigure.web.servlet.WebDriverContextCustomizerFactory$Customizer@4504d271, org.springframework.boot.test.context.filter.ExcludeFilterContextCustomizer@2b5825fa, org.springframework.boot.test.json.DuplicateJsonObjectContextCustomizerFactory$DuplicateJsonObjectContextCustomizer@2262b621, org.springframework.boot.test.mock.mockito.MockitoContextCustomizer@0], contextLoader = 'org.springframework.test.context.support.DelegatingSmartContextLoader', parent = [null]]]
14:53:54.970 [Test worker] DEBUG org.springframework.test.context.cache - Spring test ApplicationContext cache statistics: [DefaultContextCache@2d83c5a5 size = 1, maxSize = 32, parentContextCount = 0, hitCount = 0, missCount = 1]
14:53:54.977 [Test worker] DEBUG org.springframework.test.context.cache.DefaultCacheAwareContextLoaderDelegate - Retrieved ApplicationContext [883521348] from cache with key [[MergedContextConfiguration@150ab4ed testClass = BoardRepositoryTest, locations = '{}', classes = '{class org.waldreg.repository.board.MemoryBoardRepository, class org.waldreg.repository.MemoryBoardStorage, class org.waldreg.repository.user.MemoryUserRepository, class org.waldreg.repository.MemoryUserStorage, class org.waldreg.repository.character.MemoryCharacterRepository, class org.waldreg.repository.MemoryCharacterStorage, class org.waldreg.repository.board.BoardMapper, class org.waldreg.repository.user.UserMapper, class org.waldreg.repository.character.CharacterMapper}', contextInitializerClasses = '[]', activeProfiles = '{}', propertySourceLocations = '{}', propertySourceProperties = '{}', contextCustomizers = set[org.springframework.boot.test.autoconfigure.actuate.metrics.MetricsExportContextCustomizerFactory$DisableMetricExportContextCustomizer@5c00384f, org.springframework.boot.test.autoconfigure.properties.PropertyMappingContextCustomizer@0, org.springframework.boot.test.autoconfigure.web.servlet.WebDriverContextCustomizerFactory$Customizer@4504d271, org.springframework.boot.test.context.filter.ExcludeFilterContextCustomizer@2b5825fa, org.springframework.boot.test.json.DuplicateJsonObjectContextCustomizerFactory$DuplicateJsonObjectContextCustomizer@2262b621, org.springframework.boot.test.mock.mockito.MockitoContextCustomizer@0], contextLoader = 'org.springframework.test.context.support.DelegatingSmartContextLoader', parent = [null]]]
14:53:54.977 [Test worker] DEBUG org.springframework.test.context.cache - Spring test ApplicationContext cache statistics: [DefaultContextCache@2d83c5a5 size = 1, maxSize = 32, parentContextCount = 0, hitCount = 1, missCount = 1]
14:53:54.982 [Test worker] DEBUG org.springframework.test.context.support.AbstractDirtiesContextTestExecutionListener - Before test method: context [DefaultTestContext@a8c1f44 testClass = BoardRepositoryTest, testInstance = org.waldreg.repository.board.BoardRepositoryTest@5b64c4b7, testMethod = CREATE_NEW_BOARD_SUCCESS_TEST@BoardRepositoryTest, testException = [null], mergedContextConfiguration = [MergedContextConfiguration@150ab4ed testClass = BoardRepositoryTest, locations = '{}', classes = '{class org.waldreg.repository.board.MemoryBoardRepository, class org.waldreg.repository.MemoryBoardStorage, class org.waldreg.repository.user.MemoryUserRepository, class org.waldreg.repository.MemoryUserStorage, class org.waldreg.repository.character.MemoryCharacterRepository, class org.waldreg.repository.MemoryCharacterStorage, class org.waldreg.repository.board.BoardMapper, class org.waldreg.repository.user.UserMapper, class org.waldreg.repository.character.CharacterMapper}', contextInitializerClasses = '[]', activeProfiles = '{}', propertySourceLocations = '{}', propertySourceProperties = '{}', contextCustomizers = set[org.springframework.boot.test.autoconfigure.actuate.metrics.MetricsExportContextCustomizerFactory$DisableMetricExportContextCustomizer@5c00384f, org.springframework.boot.test.autoconfigure.properties.PropertyMappingContextCustomizer@0, org.springframework.boot.test.autoconfigure.web.servlet.WebDriverContextCustomizerFactory$Customizer@4504d271, org.springframework.boot.test.context.filter.ExcludeFilterContextCustomizer@2b5825fa, org.springframework.boot.test.json.DuplicateJsonObjectContextCustomizerFactory$DuplicateJsonObjectContextCustomizer@2262b621, org.springframework.boot.test.mock.mockito.MockitoContextCustomizer@0], contextLoader = 'org.springframework.test.context.support.DelegatingSmartContextLoader', parent = [null]], attributes = map['org.springframework.test.context.event.ApplicationEventsTestExecutionListener.recordApplicationEvents' -> false]], class annotated with @DirtiesContext [false] with mode [null], method annotated with @DirtiesContext [false] with mode [null].
14:53:54.983 [Test worker] DEBUG org.springframework.test.context.cache.DefaultCacheAwareContextLoaderDelegate - Retrieved ApplicationContext [883521348] from cache with key [[MergedContextConfiguration@150ab4ed testClass = BoardRepositoryTest, locations = '{}', classes = '{class org.waldreg.repository.board.MemoryBoardRepository, class org.waldreg.repository.MemoryBoardStorage, class org.waldreg.repository.user.MemoryUserRepository, class org.waldreg.repository.MemoryUserStorage, class org.waldreg.repository.character.MemoryCharacterRepository, class org.waldreg.repository.MemoryCharacterStorage, class org.waldreg.repository.board.BoardMapper, class org.waldreg.repository.user.UserMapper, class org.waldreg.repository.character.CharacterMapper}', contextInitializerClasses = '[]', activeProfiles = '{}', propertySourceLocations = '{}', propertySourceProperties = '{}', contextCustomizers = set[org.springframework.boot.test.autoconfigure.actuate.metrics.MetricsExportContextCustomizerFactory$DisableMetricExportContextCustomizer@5c00384f, org.springframework.boot.test.autoconfigure.properties.PropertyMappingContextCustomizer@0, org.springframework.boot.test.autoconfigure.web.servlet.WebDriverContextCustomizerFactory$Customizer@4504d271, org.springframework.boot.test.context.filter.ExcludeFilterContextCustomizer@2b5825fa, org.springframework.boot.test.json.DuplicateJsonObjectContextCustomizerFactory$DuplicateJsonObjectContextCustomizer@2262b621, org.springframework.boot.test.mock.mockito.MockitoContextCustomizer@0], contextLoader = 'org.springframework.test.context.support.DelegatingSmartContextLoader', parent = [null]]]
14:53:54.983 [Test worker] DEBUG org.springframework.test.context.cache - Spring test ApplicationContext cache statistics: [DefaultContextCache@2d83c5a5 size = 1, maxSize = 32, parentContextCount = 0, hitCount = 2, missCount = 1]
14:53:54.984 [Test worker] DEBUG org.springframework.test.context.cache.DefaultCacheAwareContextLoaderDelegate - Retrieved ApplicationContext [883521348] from cache with key [[MergedContextConfiguration@150ab4ed testClass = BoardRepositoryTest, locations = '{}', classes = '{class org.waldreg.repository.board.MemoryBoardRepository, class org.waldreg.repository.MemoryBoardStorage, class org.waldreg.repository.user.MemoryUserRepository, class org.waldreg.repository.MemoryUserStorage, class org.waldreg.repository.character.MemoryCharacterRepository, class org.waldreg.repository.MemoryCharacterStorage, class org.waldreg.repository.board.BoardMapper, class org.waldreg.repository.user.UserMapper, class org.waldreg.repository.character.CharacterMapper}', contextInitializerClasses = '[]', activeProfiles = '{}', propertySourceLocations = '{}', propertySourceProperties = '{}', contextCustomizers = set[org.springframework.boot.test.autoconfigure.actuate.metrics.MetricsExportContextCustomizerFactory$DisableMetricExportContextCustomizer@5c00384f, org.springframework.boot.test.autoconfigure.properties.PropertyMappingContextCustomizer@0, org.springframework.boot.test.autoconfigure.web.servlet.WebDriverContextCustomizerFactory$Customizer@4504d271, org.springframework.boot.test.context.filter.ExcludeFilterContextCustomizer@2b5825fa, org.springframework.boot.test.json.DuplicateJsonObjectContextCustomizerFactory$DuplicateJsonObjectContextCustomizer@2262b621, org.springframework.boot.test.mock.mockito.MockitoContextCustomizer@0], contextLoader = 'org.springframework.test.context.support.DelegatingSmartContextLoader', parent = [null]]]
14:53:54.984 [Test worker] DEBUG org.springframework.test.context.cache - Spring test ApplicationContext cache statistics: [DefaultContextCache@2d83c5a5 size = 1, maxSize = 32, parentContextCount = 0, hitCount = 3, missCount = 1]
14:53:55.317 [Test worker] DEBUG org.springframework.test.context.cache.DefaultCacheAwareContextLoaderDelegate - Retrieved ApplicationContext [883521348] from cache with key [[MergedContextConfiguration@150ab4ed testClass = BoardRepositoryTest, locations = '{}', classes = '{class org.waldreg.repository.board.MemoryBoardRepository, class org.waldreg.repository.MemoryBoardStorage, class org.waldreg.repository.user.MemoryUserRepository, class org.waldreg.repository.MemoryUserStorage, class org.waldreg.repository.character.MemoryCharacterRepository, class org.waldreg.repository.MemoryCharacterStorage, class org.waldreg.repository.board.BoardMapper, class org.waldreg.repository.user.UserMapper, class org.waldreg.repository.character.CharacterMapper}', contextInitializerClasses = '[]', activeProfiles = '{}', propertySourceLocations = '{}', propertySourceProperties = '{}', contextCustomizers = set[org.springframework.boot.test.autoconfigure.actuate.metrics.MetricsExportContextCustomizerFactory$DisableMetricExportContextCustomizer@5c00384f, org.springframework.boot.test.autoconfigure.properties.PropertyMappingContextCustomizer@0, org.springframework.boot.test.autoconfigure.web.servlet.WebDriverContextCustomizerFactory$Customizer@4504d271, org.springframework.boot.test.context.filter.ExcludeFilterContextCustomizer@2b5825fa, org.springframework.boot.test.json.DuplicateJsonObjectContextCustomizerFactory$DuplicateJsonObjectContextCustomizer@2262b621, org.springframework.boot.test.mock.mockito.MockitoContextCustomizer@0], contextLoader = 'org.springframework.test.context.support.DelegatingSmartContextLoader', parent = [null]]]
14:53:55.317 [Test worker] DEBUG org.springframework.test.context.cache - Spring test ApplicationContext cache statistics: [DefaultContextCache@2d83c5a5 size = 1, maxSize = 32, parentContextCount = 0, hitCount = 4, missCount = 1]
14:53:55.338 [Test worker] DEBUG org.springframework.test.context.cache.DefaultCacheAwareContextLoaderDelegate - Retrieved ApplicationContext [883521348] from cache with key [[MergedContextConfiguration@150ab4ed testClass = BoardRepositoryTest, locations = '{}', classes = '{class org.waldreg.repository.board.MemoryBoardRepository, class org.waldreg.repository.MemoryBoardStorage, class org.waldreg.repository.user.MemoryUserRepository, class org.waldreg.repository.MemoryUserStorage, class org.waldreg.repository.character.MemoryCharacterRepository, class org.waldreg.repository.MemoryCharacterStorage, class org.waldreg.repository.board.BoardMapper, class org.waldreg.repository.user.UserMapper, class org.waldreg.repository.character.CharacterMapper}', contextInitializerClasses = '[]', activeProfiles = '{}', propertySourceLocations = '{}', propertySourceProperties = '{}', contextCustomizers = set[org.springframework.boot.test.autoconfigure.actuate.metrics.MetricsExportContextCustomizerFactory$DisableMetricExportContextCustomizer@5c00384f, org.springframework.boot.test.autoconfigure.properties.PropertyMappingContextCustomizer@0, org.springframework.boot.test.autoconfigure.web.servlet.WebDriverContextCustomizerFactory$Customizer@4504d271, org.springframework.boot.test.context.filter.ExcludeFilterContextCustomizer@2b5825fa, org.springframework.boot.test.json.DuplicateJsonObjectContextCustomizerFactory$DuplicateJsonObjectContextCustomizer@2262b621, org.springframework.boot.test.mock.mockito.MockitoContextCustomizer@0], contextLoader = 'org.springframework.test.context.support.DelegatingSmartContextLoader', parent = [null]]]
14:53:55.339 [Test worker] DEBUG org.springframework.test.context.cache - Spring test ApplicationContext cache statistics: [DefaultContextCache@2d83c5a5 size = 1, maxSize = 32, parentContextCount = 0, hitCount = 5, missCount = 1]
14:53:55.343 [Test worker] DEBUG org.springframework.test.context.cache.DefaultCacheAwareContextLoaderDelegate - Retrieved ApplicationContext [883521348] from cache with key [[MergedContextConfiguration@150ab4ed testClass = BoardRepositoryTest, locations = '{}', classes = '{class org.waldreg.repository.board.MemoryBoardRepository, class org.waldreg.repository.MemoryBoardStorage, class org.waldreg.repository.user.MemoryUserRepository, class org.waldreg.repository.MemoryUserStorage, class org.waldreg.repository.character.MemoryCharacterRepository, class org.waldreg.repository.MemoryCharacterStorage, class org.waldreg.repository.board.BoardMapper, class org.waldreg.repository.user.UserMapper, class org.waldreg.repository.character.CharacterMapper}', contextInitializerClasses = '[]', activeProfiles = '{}', propertySourceLocations = '{}', propertySourceProperties = '{}', contextCustomizers = set[org.springframework.boot.test.autoconfigure.actuate.metrics.MetricsExportContextCustomizerFactory$DisableMetricExportContextCustomizer@5c00384f, org.springframework.boot.test.autoconfigure.properties.PropertyMappingContextCustomizer@0, org.springframework.boot.test.autoconfigure.web.servlet.WebDriverContextCustomizerFactory$Customizer@4504d271, org.springframework.boot.test.context.filter.ExcludeFilterContextCustomizer@2b5825fa, org.springframework.boot.test.json.DuplicateJsonObjectContextCustomizerFactory$DuplicateJsonObjectContextCustomizer@2262b621, org.springframework.boot.test.mock.mockito.MockitoContextCustomizer@0], contextLoader = 'org.springframework.test.context.support.DelegatingSmartContextLoader', parent = [null]]]
14:53:55.343 [Test worker] DEBUG org.springframework.test.context.cache - Spring test ApplicationContext cache statistics: [DefaultContextCache@2d83c5a5 size = 1, maxSize = 32, parentContextCount = 0, hitCount = 6, missCount = 1]
14:53:55.344 [Test worker] DEBUG org.springframework.test.context.cache.DefaultCacheAwareContextLoaderDelegate - Retrieved ApplicationContext [883521348] from cache with key [[MergedContextConfiguration@150ab4ed testClass = BoardRepositoryTest, locations = '{}', classes = '{class org.waldreg.repository.board.MemoryBoardRepository, class org.waldreg.repository.MemoryBoardStorage, class org.waldreg.repository.user.MemoryUserRepository, class org.waldreg.repository.MemoryUserStorage, class org.waldreg.repository.character.MemoryCharacterRepository, class org.waldreg.repository.MemoryCharacterStorage, class org.waldreg.repository.board.BoardMapper, class org.waldreg.repository.user.UserMapper, class org.waldreg.repository.character.CharacterMapper}', contextInitializerClasses = '[]', activeProfiles = '{}', propertySourceLocations = '{}', propertySourceProperties = '{}', contextCustomizers = set[org.springframework.boot.test.autoconfigure.actuate.metrics.MetricsExportContextCustomizerFactory$DisableMetricExportContextCustomizer@5c00384f, org.springframework.boot.test.autoconfigure.properties.PropertyMappingContextCustomizer@0, org.springframework.boot.test.autoconfigure.web.servlet.WebDriverContextCustomizerFactory$Customizer@4504d271, org.springframework.boot.test.context.filter.ExcludeFilterContextCustomizer@2b5825fa, org.springframework.boot.test.json.DuplicateJsonObjectContextCustomizerFactory$DuplicateJsonObjectContextCustomizer@2262b621, org.springframework.boot.test.mock.mockito.MockitoContextCustomizer@0], contextLoader = 'org.springframework.test.context.support.DelegatingSmartContextLoader', parent = [null]]]
14:53:55.344 [Test worker] DEBUG org.springframework.test.context.cache - Spring test ApplicationContext cache statistics: [DefaultContextCache@2d83c5a5 size = 1, maxSize = 32, parentContextCount = 0, hitCount = 7, missCount = 1]
14:53:55.345 [Test worker] DEBUG org.springframework.test.context.cache.DefaultCacheAwareContextLoaderDelegate - Retrieved ApplicationContext [883521348] from cache with key [[MergedContextConfiguration@150ab4ed testClass = BoardRepositoryTest, locations = '{}', classes = '{class org.waldreg.repository.board.MemoryBoardRepository, class org.waldreg.repository.MemoryBoardStorage, class org.waldreg.repository.user.MemoryUserRepository, class org.waldreg.repository.MemoryUserStorage, class org.waldreg.repository.character.MemoryCharacterRepository, class org.waldreg.repository.MemoryCharacterStorage, class org.waldreg.repository.board.BoardMapper, class org.waldreg.repository.user.UserMapper, class org.waldreg.repository.character.CharacterMapper}', contextInitializerClasses = '[]', activeProfiles = '{}', propertySourceLocations = '{}', propertySourceProperties = '{}', contextCustomizers = set[org.springframework.boot.test.autoconfigure.actuate.metrics.MetricsExportContextCustomizerFactory$DisableMetricExportContextCustomizer@5c00384f, org.springframework.boot.test.autoconfigure.properties.PropertyMappingContextCustomizer@0, org.springframework.boot.test.autoconfigure.web.servlet.WebDriverContextCustomizerFactory$Customizer@4504d271, org.springframework.boot.test.context.filter.ExcludeFilterContextCustomizer@2b5825fa, org.springframework.boot.test.json.DuplicateJsonObjectContextCustomizerFactory$DuplicateJsonObjectContextCustomizer@2262b621, org.springframework.boot.test.mock.mockito.MockitoContextCustomizer@0], contextLoader = 'org.springframework.test.context.support.DelegatingSmartContextLoader', parent = [null]]]
14:53:55.345 [Test worker] DEBUG org.springframework.test.context.cache - Spring test ApplicationContext cache statistics: [DefaultContextCache@2d83c5a5 size = 1, maxSize = 32, parentContextCount = 0, hitCount = 8, missCount = 1]
14:53:55.346 [Test worker] DEBUG org.springframework.test.context.cache.DefaultCacheAwareContextLoaderDelegate - Retrieved ApplicationContext [883521348] from cache with key [[MergedContextConfiguration@150ab4ed testClass = BoardRepositoryTest, locations = '{}', classes = '{class org.waldreg.repository.board.MemoryBoardRepository, class org.waldreg.repository.MemoryBoardStorage, class org.waldreg.repository.user.MemoryUserRepository, class org.waldreg.repository.MemoryUserStorage, class org.waldreg.repository.character.MemoryCharacterRepository, class org.waldreg.repository.MemoryCharacterStorage, class org.waldreg.repository.board.BoardMapper, class org.waldreg.repository.user.UserMapper, class org.waldreg.repository.character.CharacterMapper}', contextInitializerClasses = '[]', activeProfiles = '{}', propertySourceLocations = '{}', propertySourceProperties = '{}', contextCustomizers = set[org.springframework.boot.test.autoconfigure.actuate.metrics.MetricsExportContextCustomizerFactory$DisableMetricExportContextCustomizer@5c00384f, org.springframework.boot.test.autoconfigure.properties.PropertyMappingContextCustomizer@0, org.springframework.boot.test.autoconfigure.web.servlet.WebDriverContextCustomizerFactory$Customizer@4504d271, org.springframework.boot.test.context.filter.ExcludeFilterContextCustomizer@2b5825fa, org.springframework.boot.test.json.DuplicateJsonObjectContextCustomizerFactory$DuplicateJsonObjectContextCustomizer@2262b621, org.springframework.boot.test.mock.mockito.MockitoContextCustomizer@0], contextLoader = 'org.springframework.test.context.support.DelegatingSmartContextLoader', parent = [null]]]
14:53:55.346 [Test worker] DEBUG org.springframework.test.context.cache - Spring test ApplicationContext cache statistics: [DefaultContextCache@2d83c5a5 size = 1, maxSize = 32, parentContextCount = 0, hitCount = 9, missCount = 1]
14:53:55.347 [Test worker] DEBUG org.springframework.test.context.cache.DefaultCacheAwareContextLoaderDelegate - Retrieved ApplicationContext [883521348] from cache with key [[MergedContextConfiguration@150ab4ed testClass = BoardRepositoryTest, locations = '{}', classes = '{class org.waldreg.repository.board.MemoryBoardRepository, class org.waldreg.repository.MemoryBoardStorage, class org.waldreg.repository.user.MemoryUserRepository, class org.waldreg.repository.MemoryUserStorage, class org.waldreg.repository.character.MemoryCharacterRepository, class org.waldreg.repository.MemoryCharacterStorage, class org.waldreg.repository.board.BoardMapper, class org.waldreg.repository.user.UserMapper, class org.waldreg.repository.character.CharacterMapper}', contextInitializerClasses = '[]', activeProfiles = '{}', propertySourceLocations = '{}', propertySourceProperties = '{}', contextCustomizers = set[org.springframework.boot.test.autoconfigure.actuate.metrics.MetricsExportContextCustomizerFactory$DisableMetricExportContextCustomizer@5c00384f, org.springframework.boot.test.autoconfigure.properties.PropertyMappingContextCustomizer@0, org.springframework.boot.test.autoconfigure.web.servlet.WebDriverContextCustomizerFactory$Customizer@4504d271, org.springframework.boot.test.context.filter.ExcludeFilterContextCustomizer@2b5825fa, org.springframework.boot.test.json.DuplicateJsonObjectContextCustomizerFactory$DuplicateJsonObjectContextCustomizer@2262b621, org.springframework.boot.test.mock.mockito.MockitoContextCustomizer@0], contextLoader = 'org.springframework.test.context.support.DelegatingSmartContextLoader', parent = [null]]]
14:53:55.347 [Test worker] DEBUG org.springframework.test.context.cache - Spring test ApplicationContext cache statistics: [DefaultContextCache@2d83c5a5 size = 1, maxSize = 32, parentContextCount = 0, hitCount = 10, missCount = 1]
14:53:55.349 [Test worker] DEBUG org.springframework.test.context.support.AbstractDirtiesContextTestExecutionListener - After test method: context [DefaultTestContext@a8c1f44 testClass = BoardRepositoryTest, testInstance = org.waldreg.repository.board.BoardRepositoryTest@5b64c4b7, testMethod = CREATE_NEW_BOARD_SUCCESS_TEST@BoardRepositoryTest, testException = [null], mergedContextConfiguration = [MergedContextConfiguration@150ab4ed testClass = BoardRepositoryTest, locations = '{}', classes = '{class org.waldreg.repository.board.MemoryBoardRepository, class org.waldreg.repository.MemoryBoardStorage, class org.waldreg.repository.user.MemoryUserRepository, class org.waldreg.repository.MemoryUserStorage, class org.waldreg.repository.character.MemoryCharacterRepository, class org.waldreg.repository.MemoryCharacterStorage, class org.waldreg.repository.board.BoardMapper, class org.waldreg.repository.user.UserMapper, class org.waldreg.repository.character.CharacterMapper}', contextInitializerClasses = '[]', activeProfiles = '{}', propertySourceLocations = '{}', propertySourceProperties = '{}', contextCustomizers = set[org.springframework.boot.test.autoconfigure.actuate.metrics.MetricsExportContextCustomizerFactory$DisableMetricExportContextCustomizer@5c00384f, org.springframework.boot.test.autoconfigure.properties.PropertyMappingContextCustomizer@0, org.springframework.boot.test.autoconfigure.web.servlet.WebDriverContextCustomizerFactory$Customizer@4504d271, org.springframework.boot.test.context.filter.ExcludeFilterContextCustomizer@2b5825fa, org.springframework.boot.test.json.DuplicateJsonObjectContextCustomizerFactory$DuplicateJsonObjectContextCustomizer@2262b621, org.springframework.boot.test.mock.mockito.MockitoContextCustomizer@0], contextLoader = 'org.springframework.test.context.support.DelegatingSmartContextLoader', parent = [null]], attributes = map['org.springframework.test.context.event.ApplicationEventsTestExecutionListener.recordApplicationEvents' -> false]], class annotated with @DirtiesContext [false] with mode [null], method annotated with @DirtiesContext [false] with mode [null].
14:53:55.355 [Test worker] DEBUG org.springframework.test.context.support.DependencyInjectionTestExecutionListener - Performing dependency injection for test context [[DefaultTestContext@a8c1f44 testClass = BoardRepositoryTest, testInstance = org.waldreg.repository.board.BoardRepositoryTest@736309a9, testMethod = [null], testException = [null], mergedContextConfiguration = [MergedContextConfiguration@150ab4ed testClass = BoardRepositoryTest, locations = '{}', classes = '{class org.waldreg.repository.board.MemoryBoardRepository, class org.waldreg.repository.MemoryBoardStorage, class org.waldreg.repository.user.MemoryUserRepository, class org.waldreg.repository.MemoryUserStorage, class org.waldreg.repository.character.MemoryCharacterRepository, class org.waldreg.repository.MemoryCharacterStorage, class org.waldreg.repository.board.BoardMapper, class org.waldreg.repository.user.UserMapper, class org.waldreg.repository.character.CharacterMapper}', contextInitializerClasses = '[]', activeProfiles = '{}', propertySourceLocations = '{}', propertySourceProperties = '{}', contextCustomizers = set[org.springframework.boot.test.autoconfigure.actuate.metrics.MetricsExportContextCustomizerFactory$DisableMetricExportContextCustomizer@5c00384f, org.springframework.boot.test.autoconfigure.properties.PropertyMappingContextCustomizer@0, org.springframework.boot.test.autoconfigure.web.servlet.WebDriverContextCustomizerFactory$Customizer@4504d271, org.springframework.boot.test.context.filter.ExcludeFilterContextCustomizer@2b5825fa, org.springframework.boot.test.json.DuplicateJsonObjectContextCustomizerFactory$DuplicateJsonObjectContextCustomizer@2262b621, org.springframework.boot.test.mock.mockito.MockitoContextCustomizer@0], contextLoader = 'org.springframework.test.context.support.DelegatingSmartContextLoader', parent = [null]], attributes = map['org.springframework.test.context.event.ApplicationEventsTestExecutionListener.recordApplicationEvents' -> false]]].
14:53:55.355 [Test worker] DEBUG org.springframework.test.context.cache.DefaultCacheAwareContextLoaderDelegate - Retrieved ApplicationContext [883521348] from cache with key [[MergedContextConfiguration@150ab4ed testClass = BoardRepositoryTest, locations = '{}', classes = '{class org.waldreg.repository.board.MemoryBoardRepository, class org.waldreg.repository.MemoryBoardStorage, class org.waldreg.repository.user.MemoryUserRepository, class org.waldreg.repository.MemoryUserStorage, class org.waldreg.repository.character.MemoryCharacterRepository, class org.waldreg.repository.MemoryCharacterStorage, class org.waldreg.repository.board.BoardMapper, class org.waldreg.repository.user.UserMapper, class org.waldreg.repository.character.CharacterMapper}', contextInitializerClasses = '[]', activeProfiles = '{}', propertySourceLocations = '{}', propertySourceProperties = '{}', contextCustomizers = set[org.springframework.boot.test.autoconfigure.actuate.metrics.MetricsExportContextCustomizerFactory$DisableMetricExportContextCustomizer@5c00384f, org.springframework.boot.test.autoconfigure.properties.PropertyMappingContextCustomizer@0, org.springframework.boot.test.autoconfigure.web.servlet.WebDriverContextCustomizerFactory$Customizer@4504d271, org.springframework.boot.test.context.filter.ExcludeFilterContextCustomizer@2b5825fa, org.springframework.boot.test.json.DuplicateJsonObjectContextCustomizerFactory$DuplicateJsonObjectContextCustomizer@2262b621, org.springframework.boot.test.mock.mockito.MockitoContextCustomizer@0], contextLoader = 'org.springframework.test.context.support.DelegatingSmartContextLoader', parent = [null]]]
14:53:55.355 [Test worker] DEBUG org.springframework.test.context.cache - Spring test ApplicationContext cache statistics: [DefaultContextCache@2d83c5a5 size = 1, maxSize = 32, parentContextCount = 0, hitCount = 11, missCount = 1]
14:53:55.355 [Test worker] DEBUG org.springframework.test.context.cache.DefaultCacheAwareContextLoaderDelegate - Retrieved ApplicationContext [883521348] from cache with key [[MergedContextConfiguration@150ab4ed testClass = BoardRepositoryTest, locations = '{}', classes = '{class org.waldreg.repository.board.MemoryBoardRepository, class org.waldreg.repository.MemoryBoardStorage, class org.waldreg.repository.user.MemoryUserRepository, class org.waldreg.repository.MemoryUserStorage, class org.waldreg.repository.character.MemoryCharacterRepository, class org.waldreg.repository.MemoryCharacterStorage, class org.waldreg.repository.board.BoardMapper, class org.waldreg.repository.user.UserMapper, class org.waldreg.repository.character.CharacterMapper}', contextInitializerClasses = '[]', activeProfiles = '{}', propertySourceLocations = '{}', propertySourceProperties = '{}', contextCustomizers = set[org.springframework.boot.test.autoconfigure.actuate.metrics.MetricsExportContextCustomizerFactory$DisableMetricExportContextCustomizer@5c00384f, org.springframework.boot.test.autoconfigure.properties.PropertyMappingContextCustomizer@0, org.springframework.boot.test.autoconfigure.web.servlet.WebDriverContextCustomizerFactory$Customizer@4504d271, org.springframework.boot.test.context.filter.ExcludeFilterContextCustomizer@2b5825fa, org.springframework.boot.test.json.DuplicateJsonObjectContextCustomizerFactory$DuplicateJsonObjectContextCustomizer@2262b621, org.springframework.boot.test.mock.mockito.MockitoContextCustomizer@0], contextLoader = 'org.springframework.test.context.support.DelegatingSmartContextLoader', parent = [null]]]
14:53:55.355 [Test worker] DEBUG org.springframework.test.context.cache - Spring test ApplicationContext cache statistics: [DefaultContextCache@2d83c5a5 size = 1, maxSize = 32, parentContextCount = 0, hitCount = 12, missCount = 1]
14:53:55.362 [Test worker] DEBUG org.springframework.test.context.support.AbstractDirtiesContextTestExecutionListener - Before test method: context [DefaultTestContext@a8c1f44 testClass = BoardRepositoryTest, testInstance = org.waldreg.repository.board.BoardRepositoryTest@736309a9, testMethod = INQUIRY_BOARD_BY_ID_SUCCESS_TEST@BoardRepositoryTest, testException = [null], mergedContextConfiguration = [MergedContextConfiguration@150ab4ed testClass = BoardRepositoryTest, locations = '{}', classes = '{class org.waldreg.repository.board.MemoryBoardRepository, class org.waldreg.repository.MemoryBoardStorage, class org.waldreg.repository.user.MemoryUserRepository, class org.waldreg.repository.MemoryUserStorage, class org.waldreg.repository.character.MemoryCharacterRepository, class org.waldreg.repository.MemoryCharacterStorage, class org.waldreg.repository.board.BoardMapper, class org.waldreg.repository.user.UserMapper, class org.waldreg.repository.character.CharacterMapper}', contextInitializerClasses = '[]', activeProfiles = '{}', propertySourceLocations = '{}', propertySourceProperties = '{}', contextCustomizers = set[org.springframework.boot.test.autoconfigure.actuate.metrics.MetricsExportContextCustomizerFactory$DisableMetricExportContextCustomizer@5c00384f, org.springframework.boot.test.autoconfigure.properties.PropertyMappingContextCustomizer@0, org.springframework.boot.test.autoconfigure.web.servlet.WebDriverContextCustomizerFactory$Customizer@4504d271, org.springframework.boot.test.context.filter.ExcludeFilterContextCustomizer@2b5825fa, org.springframework.boot.test.json.DuplicateJsonObjectContextCustomizerFactory$DuplicateJsonObjectContextCustomizer@2262b621, org.springframework.boot.test.mock.mockito.MockitoContextCustomizer@0], contextLoader = 'org.springframework.test.context.support.DelegatingSmartContextLoader', parent = [null]], attributes = map['org.springframework.test.context.event.ApplicationEventsTestExecutionListener.recordApplicationEvents' -> false]], class annotated with @DirtiesContext [false] with mode [null], method annotated with @DirtiesContext [false] with mode [null].
14:53:55.364 [Test worker] DEBUG org.springframework.test.context.cache.DefaultCacheAwareContextLoaderDelegate - Retrieved ApplicationContext [883521348] from cache with key [[MergedContextConfiguration@150ab4ed testClass = BoardRepositoryTest, locations = '{}', classes = '{class org.waldreg.repository.board.MemoryBoardRepository, class org.waldreg.repository.MemoryBoardStorage, class org.waldreg.repository.user.MemoryUserRepository, class org.waldreg.repository.MemoryUserStorage, class org.waldreg.repository.character.MemoryCharacterRepository, class org.waldreg.repository.MemoryCharacterStorage, class org.waldreg.repository.board.BoardMapper, class org.waldreg.repository.user.UserMapper, class org.waldreg.repository.character.CharacterMapper}', contextInitializerClasses = '[]', activeProfiles = '{}', propertySourceLocations = '{}', propertySourceProperties = '{}', contextCustomizers = set[org.springframework.boot.test.autoconfigure.actuate.metrics.MetricsExportContextCustomizerFactory$DisableMetricExportContextCustomizer@5c00384f, org.springframework.boot.test.autoconfigure.properties.PropertyMappingContextCustomizer@0, org.springframework.boot.test.autoconfigure.web.servlet.WebDriverContextCustomizerFactory$Customizer@4504d271, org.springframework.boot.test.context.filter.ExcludeFilterContextCustomizer@2b5825fa, org.springframework.boot.test.json.DuplicateJsonObjectContextCustomizerFactory$DuplicateJsonObjectContextCustomizer@2262b621, org.springframework.boot.test.mock.mockito.MockitoContextCustomizer@0], contextLoader = 'org.springframework.test.context.support.DelegatingSmartContextLoader', parent = [null]]]
14:53:55.364 [Test worker] DEBUG org.springframework.test.context.cache - Spring test ApplicationContext cache statistics: [DefaultContextCache@2d83c5a5 size = 1, maxSize = 32, parentContextCount = 0, hitCount = 13, missCount = 1]
14:53:55.365 [Test worker] DEBUG org.springframework.test.context.cache.DefaultCacheAwareContextLoaderDelegate - Retrieved ApplicationContext [883521348] from cache with key [[MergedContextConfiguration@150ab4ed testClass = BoardRepositoryTest, locations = '{}', classes = '{class org.waldreg.repository.board.MemoryBoardRepository, class org.waldreg.repository.MemoryBoardStorage, class org.waldreg.repository.user.MemoryUserRepository, class org.waldreg.repository.MemoryUserStorage, class org.waldreg.repository.character.MemoryCharacterRepository, class org.waldreg.repository.MemoryCharacterStorage, class org.waldreg.repository.board.BoardMapper, class org.waldreg.repository.user.UserMapper, class org.waldreg.repository.character.CharacterMapper}', contextInitializerClasses = '[]', activeProfiles = '{}', propertySourceLocations = '{}', propertySourceProperties = '{}', contextCustomizers = set[org.springframework.boot.test.autoconfigure.actuate.metrics.MetricsExportContextCustomizerFactory$DisableMetricExportContextCustomizer@5c00384f, org.springframework.boot.test.autoconfigure.properties.PropertyMappingContextCustomizer@0, org.springframework.boot.test.autoconfigure.web.servlet.WebDriverContextCustomizerFactory$Customizer@4504d271, org.springframework.boot.test.context.filter.ExcludeFilterContextCustomizer@2b5825fa, org.springframework.boot.test.json.DuplicateJsonObjectContextCustomizerFactory$DuplicateJsonObjectContextCustomizer@2262b621, org.springframework.boot.test.mock.mockito.MockitoContextCustomizer@0], contextLoader = 'org.springframework.test.context.support.DelegatingSmartContextLoader', parent = [null]]]
14:53:55.365 [Test worker] DEBUG org.springframework.test.context.cache - Spring test ApplicationContext cache statistics: [DefaultContextCache@2d83c5a5 size = 1, maxSize = 32, parentContextCount = 0, hitCount = 14, missCount = 1]
14:53:55.366 [Test worker] DEBUG org.springframework.test.context.cache.DefaultCacheAwareContextLoaderDelegate - Retrieved ApplicationContext [883521348] from cache with key [[MergedContextConfiguration@150ab4ed testClass = BoardRepositoryTest, locations = '{}', classes = '{class org.waldreg.repository.board.MemoryBoardRepository, class org.waldreg.repository.MemoryBoardStorage, class org.waldreg.repository.user.MemoryUserRepository, class org.waldreg.repository.MemoryUserStorage, class org.waldreg.repository.character.MemoryCharacterRepository, class org.waldreg.repository.MemoryCharacterStorage, class org.waldreg.repository.board.BoardMapper, class org.waldreg.repository.user.UserMapper, class org.waldreg.repository.character.CharacterMapper}', contextInitializerClasses = '[]', activeProfiles = '{}', propertySourceLocations = '{}', propertySourceProperties = '{}', contextCustomizers = set[org.springframework.boot.test.autoconfigure.actuate.metrics.MetricsExportContextCustomizerFactory$DisableMetricExportContextCustomizer@5c00384f, org.springframework.boot.test.autoconfigure.properties.PropertyMappingContextCustomizer@0, org.springframework.boot.test.autoconfigure.web.servlet.WebDriverContextCustomizerFactory$Customizer@4504d271, org.springframework.boot.test.context.filter.ExcludeFilterContextCustomizer@2b5825fa, org.springframework.boot.test.json.DuplicateJsonObjectContextCustomizerFactory$DuplicateJsonObjectContextCustomizer@2262b621, org.springframework.boot.test.mock.mockito.MockitoContextCustomizer@0], contextLoader = 'org.springframework.test.context.support.DelegatingSmartContextLoader', parent = [null]]]
14:53:55.366 [Test worker] DEBUG org.springframework.test.context.cache - Spring test ApplicationContext cache statistics: [DefaultContextCache@2d83c5a5 size = 1, maxSize = 32, parentContextCount = 0, hitCount = 15, missCount = 1]
14:53:55.375 [Test worker] DEBUG org.springframework.test.context.cache.DefaultCacheAwareContextLoaderDelegate - Retrieved ApplicationContext [883521348] from cache with key [[MergedContextConfiguration@150ab4ed testClass = BoardRepositoryTest, locations = '{}', classes = '{class org.waldreg.repository.board.MemoryBoardRepository, class org.waldreg.repository.MemoryBoardStorage, class org.waldreg.repository.user.MemoryUserRepository, class org.waldreg.repository.MemoryUserStorage, class org.waldreg.repository.character.MemoryCharacterRepository, class org.waldreg.repository.MemoryCharacterStorage, class org.waldreg.repository.board.BoardMapper, class org.waldreg.repository.user.UserMapper, class org.waldreg.repository.character.CharacterMapper}', contextInitializerClasses = '[]', activeProfiles = '{}', propertySourceLocations = '{}', propertySourceProperties = '{}', contextCustomizers = set[org.springframework.boot.test.autoconfigure.actuate.metrics.MetricsExportContextCustomizerFactory$DisableMetricExportContextCustomizer@5c00384f, org.springframework.boot.test.autoconfigure.properties.PropertyMappingContextCustomizer@0, org.springframework.boot.test.autoconfigure.web.servlet.WebDriverContextCustomizerFactory$Customizer@4504d271, org.springframework.boot.test.context.filter.ExcludeFilterContextCustomizer@2b5825fa, org.springframework.boot.test.json.DuplicateJsonObjectContextCustomizerFactory$DuplicateJsonObjectContextCustomizer@2262b621, org.springframework.boot.test.mock.mockito.MockitoContextCustomizer@0], contextLoader = 'org.springframework.test.context.support.DelegatingSmartContextLoader', parent = [null]]]
14:53:55.375 [Test worker] DEBUG org.springframework.test.context.cache - Spring test ApplicationContext cache statistics: [DefaultContextCache@2d83c5a5 size = 1, maxSize = 32, parentContextCount = 0, hitCount = 16, missCount = 1]
14:53:55.375 [Test worker] DEBUG org.springframework.test.context.cache.DefaultCacheAwareContextLoaderDelegate - Retrieved ApplicationContext [883521348] from cache with key [[MergedContextConfiguration@150ab4ed testClass = BoardRepositoryTest, locations = '{}', classes = '{class org.waldreg.repository.board.MemoryBoardRepository, class org.waldreg.repository.MemoryBoardStorage, class org.waldreg.repository.user.MemoryUserRepository, class org.waldreg.repository.MemoryUserStorage, class org.waldreg.repository.character.MemoryCharacterRepository, class org.waldreg.repository.MemoryCharacterStorage, class org.waldreg.repository.board.BoardMapper, class org.waldreg.repository.user.UserMapper, class org.waldreg.repository.character.CharacterMapper}', contextInitializerClasses = '[]', activeProfiles = '{}', propertySourceLocations = '{}', propertySourceProperties = '{}', contextCustomizers = set[org.springframework.boot.test.autoconfigure.actuate.metrics.MetricsExportContextCustomizerFactory$DisableMetricExportContextCustomizer@5c00384f, org.springframework.boot.test.autoconfigure.properties.PropertyMappingContextCustomizer@0, org.springframework.boot.test.autoconfigure.web.servlet.WebDriverContextCustomizerFactory$Customizer@4504d271, org.springframework.boot.test.context.filter.ExcludeFilterContextCustomizer@2b5825fa, org.springframework.boot.test.json.DuplicateJsonObjectContextCustomizerFactory$DuplicateJsonObjectContextCustomizer@2262b621, org.springframework.boot.test.mock.mockito.MockitoContextCustomizer@0], contextLoader = 'org.springframework.test.context.support.DelegatingSmartContextLoader', parent = [null]]]
14:53:55.376 [Test worker] DEBUG org.springframework.test.context.cache - Spring test ApplicationContext cache statistics: [DefaultContextCache@2d83c5a5 size = 1, maxSize = 32, parentContextCount = 0, hitCount = 17, missCount = 1]
14:53:55.376 [Test worker] DEBUG org.springframework.test.context.cache.DefaultCacheAwareContextLoaderDelegate - Retrieved ApplicationContext [883521348] from cache with key [[MergedContextConfiguration@150ab4ed testClass = BoardRepositoryTest, locations = '{}', classes = '{class org.waldreg.repository.board.MemoryBoardRepository, class org.waldreg.repository.MemoryBoardStorage, class org.waldreg.repository.user.MemoryUserRepository, class org.waldreg.repository.MemoryUserStorage, class org.waldreg.repository.character.MemoryCharacterRepository, class org.waldreg.repository.MemoryCharacterStorage, class org.waldreg.repository.board.BoardMapper, class org.waldreg.repository.user.UserMapper, class org.waldreg.repository.character.CharacterMapper}', contextInitializerClasses = '[]', activeProfiles = '{}', propertySourceLocations = '{}', propertySourceProperties = '{}', contextCustomizers = set[org.springframework.boot.test.autoconfigure.actuate.metrics.MetricsExportContextCustomizerFactory$DisableMetricExportContextCustomizer@5c00384f, org.springframework.boot.test.autoconfigure.properties.PropertyMappingContextCustomizer@0, org.springframework.boot.test.autoconfigure.web.servlet.WebDriverContextCustomizerFactory$Customizer@4504d271, org.springframework.boot.test.context.filter.ExcludeFilterContextCustomizer@2b5825fa, org.springframework.boot.test.json.DuplicateJsonObjectContextCustomizerFactory$DuplicateJsonObjectContextCustomizer@2262b621, org.springframework.boot.test.mock.mockito.MockitoContextCustomizer@0], contextLoader = 'org.springframework.test.context.support.DelegatingSmartContextLoader', parent = [null]]]
14:53:55.377 [Test worker] DEBUG org.springframework.test.context.cache - Spring test ApplicationContext cache statistics: [DefaultContextCache@2d83c5a5 size = 1, maxSize = 32, parentContextCount = 0, hitCount = 18, missCount = 1]
14:53:55.377 [Test worker] DEBUG org.springframework.test.context.cache.DefaultCacheAwareContextLoaderDelegate - Retrieved ApplicationContext [883521348] from cache with key [[MergedContextConfiguration@150ab4ed testClass = BoardRepositoryTest, locations = '{}', classes = '{class org.waldreg.repository.board.MemoryBoardRepository, class org.waldreg.repository.MemoryBoardStorage, class org.waldreg.repository.user.MemoryUserRepository, class org.waldreg.repository.MemoryUserStorage, class org.waldreg.repository.character.MemoryCharacterRepository, class org.waldreg.repository.MemoryCharacterStorage, class org.waldreg.repository.board.BoardMapper, class org.waldreg.repository.user.UserMapper, class org.waldreg.repository.character.CharacterMapper}', contextInitializerClasses = '[]', activeProfiles = '{}', propertySourceLocations = '{}', propertySourceProperties = '{}', contextCustomizers = set[org.springframework.boot.test.autoconfigure.actuate.metrics.MetricsExportContextCustomizerFactory$DisableMetricExportContextCustomizer@5c00384f, org.springframework.boot.test.autoconfigure.properties.PropertyMappingContextCustomizer@0, org.springframework.boot.test.autoconfigure.web.servlet.WebDriverContextCustomizerFactory$Customizer@4504d271, org.springframework.boot.test.context.filter.ExcludeFilterContextCustomizer@2b5825fa, org.springframework.boot.test.json.DuplicateJsonObjectContextCustomizerFactory$DuplicateJsonObjectContextCustomizer@2262b621, org.springframework.boot.test.mock.mockito.MockitoContextCustomizer@0], contextLoader = 'org.springframework.test.context.support.DelegatingSmartContextLoader', parent = [null]]]
14:53:55.377 [Test worker] DEBUG org.springframework.test.context.cache - Spring test ApplicationContext cache statistics: [DefaultContextCache@2d83c5a5 size = 1, maxSize = 32, parentContextCount = 0, hitCount = 19, missCount = 1]
14:53:55.378 [Test worker] DEBUG org.springframework.test.context.cache.DefaultCacheAwareContextLoaderDelegate - Retrieved ApplicationContext [883521348] from cache with key [[MergedContextConfiguration@150ab4ed testClass = BoardRepositoryTest, locations = '{}', classes = '{class org.waldreg.repository.board.MemoryBoardRepository, class org.waldreg.repository.MemoryBoardStorage, class org.waldreg.repository.user.MemoryUserRepository, class org.waldreg.repository.MemoryUserStorage, class org.waldreg.repository.character.MemoryCharacterRepository, class org.waldreg.repository.MemoryCharacterStorage, class org.waldreg.repository.board.BoardMapper, class org.waldreg.repository.user.UserMapper, class org.waldreg.repository.character.CharacterMapper}', contextInitializerClasses = '[]', activeProfiles = '{}', propertySourceLocations = '{}', propertySourceProperties = '{}', contextCustomizers = set[org.springframework.boot.test.autoconfigure.actuate.metrics.MetricsExportContextCustomizerFactory$DisableMetricExportContextCustomizer@5c00384f, org.springframework.boot.test.autoconfigure.properties.PropertyMappingContextCustomizer@0, org.springframework.boot.test.autoconfigure.web.servlet.WebDriverContextCustomizerFactory$Customizer@4504d271, org.springframework.boot.test.context.filter.ExcludeFilterContextCustomizer@2b5825fa, org.springframework.boot.test.json.DuplicateJsonObjectContextCustomizerFactory$DuplicateJsonObjectContextCustomizer@2262b621, org.springframework.boot.test.mock.mockito.MockitoContextCustomizer@0], contextLoader = 'org.springframework.test.context.support.DelegatingSmartContextLoader', parent = [null]]]
14:53:55.378 [Test worker] DEBUG org.springframework.test.context.cache - Spring test ApplicationContext cache statistics: [DefaultContextCache@2d83c5a5 size = 1, maxSize = 32, parentContextCount = 0, hitCount = 20, missCount = 1]
14:53:55.379 [Test worker] DEBUG org.springframework.test.context.cache.DefaultCacheAwareContextLoaderDelegate - Retrieved ApplicationContext [883521348] from cache with key [[MergedContextConfiguration@150ab4ed testClass = BoardRepositoryTest, locations = '{}', classes = '{class org.waldreg.repository.board.MemoryBoardRepository, class org.waldreg.repository.MemoryBoardStorage, class org.waldreg.repository.user.MemoryUserRepository, class org.waldreg.repository.MemoryUserStorage, class org.waldreg.repository.character.MemoryCharacterRepository, class org.waldreg.repository.MemoryCharacterStorage, class org.waldreg.repository.board.BoardMapper, class org.waldreg.repository.user.UserMapper, class org.waldreg.repository.character.CharacterMapper}', contextInitializerClasses = '[]', activeProfiles = '{}', propertySourceLocations = '{}', propertySourceProperties = '{}', contextCustomizers = set[org.springframework.boot.test.autoconfigure.actuate.metrics.MetricsExportContextCustomizerFactory$DisableMetricExportContextCustomizer@5c00384f, org.springframework.boot.test.autoconfigure.properties.PropertyMappingContextCustomizer@0, org.springframework.boot.test.autoconfigure.web.servlet.WebDriverContextCustomizerFactory$Customizer@4504d271, org.springframework.boot.test.context.filter.ExcludeFilterContextCustomizer@2b5825fa, org.springframework.boot.test.json.DuplicateJsonObjectContextCustomizerFactory$DuplicateJsonObjectContextCustomizer@2262b621, org.springframework.boot.test.mock.mockito.MockitoContextCustomizer@0], contextLoader = 'org.springframework.test.context.support.DelegatingSmartContextLoader', parent = [null]]]
14:53:55.379 [Test worker] DEBUG org.springframework.test.context.cache - Spring test ApplicationContext cache statistics: [DefaultContextCache@2d83c5a5 size = 1, maxSize = 32, parentContextCount = 0, hitCount = 21, missCount = 1]
14:53:55.379 [Test worker] DEBUG org.springframework.test.context.support.AbstractDirtiesContextTestExecutionListener - After test method: context [DefaultTestContext@a8c1f44 testClass = BoardRepositoryTest, testInstance = org.waldreg.repository.board.BoardRepositoryTest@736309a9, testMethod = INQUIRY_BOARD_BY_ID_SUCCESS_TEST@BoardRepositoryTest, testException = [null], mergedContextConfiguration = [MergedContextConfiguration@150ab4ed testClass = BoardRepositoryTest, locations = '{}', classes = '{class org.waldreg.repository.board.MemoryBoardRepository, class org.waldreg.repository.MemoryBoardStorage, class org.waldreg.repository.user.MemoryUserRepository, class org.waldreg.repository.MemoryUserStorage, class org.waldreg.repository.character.MemoryCharacterRepository, class org.waldreg.repository.MemoryCharacterStorage, class org.waldreg.repository.board.BoardMapper, class org.waldreg.repository.user.UserMapper, class org.waldreg.repository.character.CharacterMapper}', contextInitializerClasses = '[]', activeProfiles = '{}', propertySourceLocations = '{}', propertySourceProperties = '{}', contextCustomizers = set[org.springframework.boot.test.autoconfigure.actuate.metrics.MetricsExportContextCustomizerFactory$DisableMetricExportContextCustomizer@5c00384f, org.springframework.boot.test.autoconfigure.properties.PropertyMappingContextCustomizer@0, org.springframework.boot.test.autoconfigure.web.servlet.WebDriverContextCustomizerFactory$Customizer@4504d271, org.springframework.boot.test.context.filter.ExcludeFilterContextCustomizer@2b5825fa, org.springframework.boot.test.json.DuplicateJsonObjectContextCustomizerFactory$DuplicateJsonObjectContextCustomizer@2262b621, org.springframework.boot.test.mock.mockito.MockitoContextCustomizer@0], contextLoader = 'org.springframework.test.context.support.DelegatingSmartContextLoader', parent = [null]], attributes = map['org.springframework.test.context.event.ApplicationEventsTestExecutionListener.recordApplicationEvents' -> false]], class annotated with @DirtiesContext [false] with mode [null], method annotated with @DirtiesContext [false] with mode [null].
14:53:55.381 [Test worker] DEBUG org.springframework.test.context.support.DependencyInjectionTestExecutionListener - Performing dependency injection for test context [[DefaultTestContext@a8c1f44 testClass = BoardRepositoryTest, testInstance = org.waldreg.repository.board.BoardRepositoryTest@55a609dd, testMethod = [null], testException = [null], mergedContextConfiguration = [MergedContextConfiguration@150ab4ed testClass = BoardRepositoryTest, locations = '{}', classes = '{class org.waldreg.repository.board.MemoryBoardRepository, class org.waldreg.repository.MemoryBoardStorage, class org.waldreg.repository.user.MemoryUserRepository, class org.waldreg.repository.MemoryUserStorage, class org.waldreg.repository.character.MemoryCharacterRepository, class org.waldreg.repository.MemoryCharacterStorage, class org.waldreg.repository.board.BoardMapper, class org.waldreg.repository.user.UserMapper, class org.waldreg.repository.character.CharacterMapper}', contextInitializerClasses = '[]', activeProfiles = '{}', propertySourceLocations = '{}', propertySourceProperties = '{}', contextCustomizers = set[org.springframework.boot.test.autoconfigure.actuate.metrics.MetricsExportContextCustomizerFactory$DisableMetricExportContextCustomizer@5c00384f, org.springframework.boot.test.autoconfigure.properties.PropertyMappingContextCustomizer@0, org.springframework.boot.test.autoconfigure.web.servlet.WebDriverContextCustomizerFactory$Customizer@4504d271, org.springframework.boot.test.context.filter.ExcludeFilterContextCustomizer@2b5825fa, org.springframework.boot.test.json.DuplicateJsonObjectContextCustomizerFactory$DuplicateJsonObjectContextCustomizer@2262b621, org.springframework.boot.test.mock.mockito.MockitoContextCustomizer@0], contextLoader = 'org.springframework.test.context.support.DelegatingSmartContextLoader', parent = [null]], attributes = map['org.springframework.test.context.event.ApplicationEventsTestExecutionListener.recordApplicationEvents' -> false]]].
14:53:55.381 [Test worker] DEBUG org.springframework.test.context.cache.DefaultCacheAwareContextLoaderDelegate - Retrieved ApplicationContext [883521348] from cache with key [[MergedContextConfiguration@150ab4ed testClass = BoardRepositoryTest, locations = '{}', classes = '{class org.waldreg.repository.board.MemoryBoardRepository, class org.waldreg.repository.MemoryBoardStorage, class org.waldreg.repository.user.MemoryUserRepository, class org.waldreg.repository.MemoryUserStorage, class org.waldreg.repository.character.MemoryCharacterRepository, class org.waldreg.repository.MemoryCharacterStorage, class org.waldreg.repository.board.BoardMapper, class org.waldreg.repository.user.UserMapper, class org.waldreg.repository.character.CharacterMapper}', contextInitializerClasses = '[]', activeProfiles = '{}', propertySourceLocations = '{}', propertySourceProperties = '{}', contextCustomizers = set[org.springframework.boot.test.autoconfigure.actuate.metrics.MetricsExportContextCustomizerFactory$DisableMetricExportContextCustomizer@5c00384f, org.springframework.boot.test.autoconfigure.properties.PropertyMappingContextCustomizer@0, org.springframework.boot.test.autoconfigure.web.servlet.WebDriverContextCustomizerFactory$Customizer@4504d271, org.springframework.boot.test.context.filter.ExcludeFilterContextCustomizer@2b5825fa, org.springframework.boot.test.json.DuplicateJsonObjectContextCustomizerFactory$DuplicateJsonObjectContextCustomizer@2262b621, org.springframework.boot.test.mock.mockito.MockitoContextCustomizer@0], contextLoader = 'org.springframework.test.context.support.DelegatingSmartContextLoader', parent = [null]]]
14:53:55.381 [Test worker] DEBUG org.springframework.test.context.cache - Spring test ApplicationContext cache statistics: [DefaultContextCache@2d83c5a5 size = 1, maxSize = 32, parentContextCount = 0, hitCount = 22, missCount = 1]
14:53:55.381 [Test worker] DEBUG org.springframework.test.context.cache.DefaultCacheAwareContextLoaderDelegate - Retrieved ApplicationContext [883521348] from cache with key [[MergedContextConfiguration@150ab4ed testClass = BoardRepositoryTest, locations = '{}', classes = '{class org.waldreg.repository.board.MemoryBoardRepository, class org.waldreg.repository.MemoryBoardStorage, class org.waldreg.repository.user.MemoryUserRepository, class org.waldreg.repository.MemoryUserStorage, class org.waldreg.repository.character.MemoryCharacterRepository, class org.waldreg.repository.MemoryCharacterStorage, class org.waldreg.repository.board.BoardMapper, class org.waldreg.repository.user.UserMapper, class org.waldreg.repository.character.CharacterMapper}', contextInitializerClasses = '[]', activeProfiles = '{}', propertySourceLocations = '{}', propertySourceProperties = '{}', contextCustomizers = set[org.springframework.boot.test.autoconfigure.actuate.metrics.MetricsExportContextCustomizerFactory$DisableMetricExportContextCustomizer@5c00384f, org.springframework.boot.test.autoconfigure.properties.PropertyMappingContextCustomizer@0, org.springframework.boot.test.autoconfigure.web.servlet.WebDriverContextCustomizerFactory$Customizer@4504d271, org.springframework.boot.test.context.filter.ExcludeFilterContextCustomizer@2b5825fa, org.springframework.boot.test.json.DuplicateJsonObjectContextCustomizerFactory$DuplicateJsonObjectContextCustomizer@2262b621, org.springframework.boot.test.mock.mockito.MockitoContextCustomizer@0], contextLoader = 'org.springframework.test.context.support.DelegatingSmartContextLoader', parent = [null]]]
14:53:55.383 [Test worker] DEBUG org.springframework.test.context.cache - Spring test ApplicationContext cache statistics: [DefaultContextCache@2d83c5a5 size = 1, maxSize = 32, parentContextCount = 0, hitCount = 23, missCount = 1]
14:53:55.386 [Test worker] DEBUG org.springframework.test.context.support.AbstractDirtiesContextTestExecutionListener - Before test method: context [DefaultTestContext@a8c1f44 testClass = BoardRepositoryTest, testInstance = org.waldreg.repository.board.BoardRepositoryTest@55a609dd, testMethod = INQUIRY_BOARD_LIST_BY_AUTHOR_USER_ID_SUCCESS_TEST@BoardRepositoryTest, testException = [null], mergedContextConfiguration = [MergedContextConfiguration@150ab4ed testClass = BoardRepositoryTest, locations = '{}', classes = '{class org.waldreg.repository.board.MemoryBoardRepository, class org.waldreg.repository.MemoryBoardStorage, class org.waldreg.repository.user.MemoryUserRepository, class org.waldreg.repository.MemoryUserStorage, class org.waldreg.repository.character.MemoryCharacterRepository, class org.waldreg.repository.MemoryCharacterStorage, class org.waldreg.repository.board.BoardMapper, class org.waldreg.repository.user.UserMapper, class org.waldreg.repository.character.CharacterMapper}', contextInitializerClasses = '[]', activeProfiles = '{}', propertySourceLocations = '{}', propertySourceProperties = '{}', contextCustomizers = set[org.springframework.boot.test.autoconfigure.actuate.metrics.MetricsExportContextCustomizerFactory$DisableMetricExportContextCustomizer@5c00384f, org.springframework.boot.test.autoconfigure.properties.PropertyMappingContextCustomizer@0, org.springframework.boot.test.autoconfigure.web.servlet.WebDriverContextCustomizerFactory$Customizer@4504d271, org.springframework.boot.test.context.filter.ExcludeFilterContextCustomizer@2b5825fa, org.springframework.boot.test.json.DuplicateJsonObjectContextCustomizerFactory$DuplicateJsonObjectContextCustomizer@2262b621, org.springframework.boot.test.mock.mockito.MockitoContextCustomizer@0], contextLoader = 'org.springframework.test.context.support.DelegatingSmartContextLoader', parent = [null]], attributes = map['org.springframework.test.context.event.ApplicationEventsTestExecutionListener.recordApplicationEvents' -> false]], class annotated with @DirtiesContext [false] with mode [null], method annotated with @DirtiesContext [false] with mode [null].
14:53:55.387 [Test worker] DEBUG org.springframework.test.context.cache.DefaultCacheAwareContextLoaderDelegate - Retrieved ApplicationContext [883521348] from cache with key [[MergedContextConfiguration@150ab4ed testClass = BoardRepositoryTest, locations = '{}', classes = '{class org.waldreg.repository.board.MemoryBoardRepository, class org.waldreg.repository.MemoryBoardStorage, class org.waldreg.repository.user.MemoryUserRepository, class org.waldreg.repository.MemoryUserStorage, class org.waldreg.repository.character.MemoryCharacterRepository, class org.waldreg.repository.MemoryCharacterStorage, class org.waldreg.repository.board.BoardMapper, class org.waldreg.repository.user.UserMapper, class org.waldreg.repository.character.CharacterMapper}', contextInitializerClasses = '[]', activeProfiles = '{}', propertySourceLocations = '{}', propertySourceProperties = '{}', contextCustomizers = set[org.springframework.boot.test.autoconfigure.actuate.metrics.MetricsExportContextCustomizerFactory$DisableMetricExportContextCustomizer@5c00384f, org.springframework.boot.test.autoconfigure.properties.PropertyMappingContextCustomizer@0, org.springframework.boot.test.autoconfigure.web.servlet.WebDriverContextCustomizerFactory$Customizer@4504d271, org.springframework.boot.test.context.filter.ExcludeFilterContextCustomizer@2b5825fa, org.springframework.boot.test.json.DuplicateJsonObjectContextCustomizerFactory$DuplicateJsonObjectContextCustomizer@2262b621, org.springframework.boot.test.mock.mockito.MockitoContextCustomizer@0], contextLoader = 'org.springframework.test.context.support.DelegatingSmartContextLoader', parent = [null]]]
14:53:55.388 [Test worker] DEBUG org.springframework.test.context.cache - Spring test ApplicationContext cache statistics: [DefaultContextCache@2d83c5a5 size = 1, maxSize = 32, parentContextCount = 0, hitCount = 24, missCount = 1]
14:53:55.391 [Test worker] DEBUG org.springframework.test.context.cache.DefaultCacheAwareContextLoaderDelegate - Retrieved ApplicationContext [883521348] from cache with key [[MergedContextConfiguration@150ab4ed testClass = BoardRepositoryTest, locations = '{}', classes = '{class org.waldreg.repository.board.MemoryBoardRepository, class org.waldreg.repository.MemoryBoardStorage, class org.waldreg.repository.user.MemoryUserRepository, class org.waldreg.repository.MemoryUserStorage, class org.waldreg.repository.character.MemoryCharacterRepository, class org.waldreg.repository.MemoryCharacterStorage, class org.waldreg.repository.board.BoardMapper, class org.waldreg.repository.user.UserMapper, class org.waldreg.repository.character.CharacterMapper}', contextInitializerClasses = '[]', activeProfiles = '{}', propertySourceLocations = '{}', propertySourceProperties = '{}', contextCustomizers = set[org.springframework.boot.test.autoconfigure.actuate.metrics.MetricsExportContextCustomizerFactory$DisableMetricExportContextCustomizer@5c00384f, org.springframework.boot.test.autoconfigure.properties.PropertyMappingContextCustomizer@0, org.springframework.boot.test.autoconfigure.web.servlet.WebDriverContextCustomizerFactory$Customizer@4504d271, org.springframework.boot.test.context.filter.ExcludeFilterContextCustomizer@2b5825fa, org.springframework.boot.test.json.DuplicateJsonObjectContextCustomizerFactory$DuplicateJsonObjectContextCustomizer@2262b621, org.springframework.boot.test.mock.mockito.MockitoContextCustomizer@0], contextLoader = 'org.springframework.test.context.support.DelegatingSmartContextLoader', parent = [null]]]
14:53:55.391 [Test worker] DEBUG org.springframework.test.context.cache - Spring test ApplicationContext cache statistics: [DefaultContextCache@2d83c5a5 size = 1, maxSize = 32, parentContextCount = 0, hitCount = 25, missCount = 1]
14:53:55.392 [Test worker] DEBUG org.springframework.test.context.cache.DefaultCacheAwareContextLoaderDelegate - Retrieved ApplicationContext [883521348] from cache with key [[MergedContextConfiguration@150ab4ed testClass = BoardRepositoryTest, locations = '{}', classes = '{class org.waldreg.repository.board.MemoryBoardRepository, class org.waldreg.repository.MemoryBoardStorage, class org.waldreg.repository.user.MemoryUserRepository, class org.waldreg.repository.MemoryUserStorage, class org.waldreg.repository.character.MemoryCharacterRepository, class org.waldreg.repository.MemoryCharacterStorage, class org.waldreg.repository.board.BoardMapper, class org.waldreg.repository.user.UserMapper, class org.waldreg.repository.character.CharacterMapper}', contextInitializerClasses = '[]', activeProfiles = '{}', propertySourceLocations = '{}', propertySourceProperties = '{}', contextCustomizers = set[org.springframework.boot.test.autoconfigure.actuate.metrics.MetricsExportContextCustomizerFactory$DisableMetricExportContextCustomizer@5c00384f, org.springframework.boot.test.autoconfigure.properties.PropertyMappingContextCustomizer@0, org.springframework.boot.test.autoconfigure.web.servlet.WebDriverContextCustomizerFactory$Customizer@4504d271, org.springframework.boot.test.context.filter.ExcludeFilterContextCustomizer@2b5825fa, org.springframework.boot.test.json.DuplicateJsonObjectContextCustomizerFactory$DuplicateJsonObjectContextCustomizer@2262b621, org.springframework.boot.test.mock.mockito.MockitoContextCustomizer@0], contextLoader = 'org.springframework.test.context.support.DelegatingSmartContextLoader', parent = [null]]]
14:53:55.392 [Test worker] DEBUG org.springframework.test.context.cache - Spring test ApplicationContext cache statistics: [DefaultContextCache@2d83c5a5 size = 1, maxSize = 32, parentContextCount = 0, hitCount = 26, missCount = 1]
14:53:55.397 [Test worker] DEBUG org.springframework.test.context.cache.DefaultCacheAwareContextLoaderDelegate - Retrieved ApplicationContext [883521348] from cache with key [[MergedContextConfiguration@150ab4ed testClass = BoardRepositoryTest, locations = '{}', classes = '{class org.waldreg.repository.board.MemoryBoardRepository, class org.waldreg.repository.MemoryBoardStorage, class org.waldreg.repository.user.MemoryUserRepository, class org.waldreg.repository.MemoryUserStorage, class org.waldreg.repository.character.MemoryCharacterRepository, class org.waldreg.repository.MemoryCharacterStorage, class org.waldreg.repository.board.BoardMapper, class org.waldreg.repository.user.UserMapper, class org.waldreg.repository.character.CharacterMapper}', contextInitializerClasses = '[]', activeProfiles = '{}', propertySourceLocations = '{}', propertySourceProperties = '{}', contextCustomizers = set[org.springframework.boot.test.autoconfigure.actuate.metrics.MetricsExportContextCustomizerFactory$DisableMetricExportContextCustomizer@5c00384f, org.springframework.boot.test.autoconfigure.properties.PropertyMappingContextCustomizer@0, org.springframework.boot.test.autoconfigure.web.servlet.WebDriverContextCustomizerFactory$Customizer@4504d271, org.springframework.boot.test.context.filter.ExcludeFilterContextCustomizer@2b5825fa, org.springframework.boot.test.json.DuplicateJsonObjectContextCustomizerFactory$DuplicateJsonObjectContextCustomizer@2262b621, org.springframework.boot.test.mock.mockito.MockitoContextCustomizer@0], contextLoader = 'org.springframework.test.context.support.DelegatingSmartContextLoader', parent = [null]]]
14:53:55.397 [Test worker] DEBUG org.springframework.test.context.cache - Spring test ApplicationContext cache statistics: [DefaultContextCache@2d83c5a5 size = 1, maxSize = 32, parentContextCount = 0, hitCount = 27, missCount = 1]
14:53:55.398 [Test worker] DEBUG org.springframework.test.context.cache.DefaultCacheAwareContextLoaderDelegate - Retrieved ApplicationContext [883521348] from cache with key [[MergedContextConfiguration@150ab4ed testClass = BoardRepositoryTest, locations = '{}', classes = '{class org.waldreg.repository.board.MemoryBoardRepository, class org.waldreg.repository.MemoryBoardStorage, class org.waldreg.repository.user.MemoryUserRepository, class org.waldreg.repository.MemoryUserStorage, class org.waldreg.repository.character.MemoryCharacterRepository, class org.waldreg.repository.MemoryCharacterStorage, class org.waldreg.repository.board.BoardMapper, class org.waldreg.repository.user.UserMapper, class org.waldreg.repository.character.CharacterMapper}', contextInitializerClasses = '[]', activeProfiles = '{}', propertySourceLocations = '{}', propertySourceProperties = '{}', contextCustomizers = set[org.springframework.boot.test.autoconfigure.actuate.metrics.MetricsExportContextCustomizerFactory$DisableMetricExportContextCustomizer@5c00384f, org.springframework.boot.test.autoconfigure.properties.PropertyMappingContextCustomizer@0, org.springframework.boot.test.autoconfigure.web.servlet.WebDriverContextCustomizerFactory$Customizer@4504d271, org.springframework.boot.test.context.filter.ExcludeFilterContextCustomizer@2b5825fa, org.springframework.boot.test.json.DuplicateJsonObjectContextCustomizerFactory$DuplicateJsonObjectContextCustomizer@2262b621, org.springframework.boot.test.mock.mockito.MockitoContextCustomizer@0], contextLoader = 'org.springframework.test.context.support.DelegatingSmartContextLoader', parent = [null]]]
14:53:55.398 [Test worker] DEBUG org.springframework.test.context.cache - Spring test ApplicationContext cache statistics: [DefaultContextCache@2d83c5a5 size = 1, maxSize = 32, parentContextCount = 0, hitCount = 28, missCount = 1]
14:53:55.399 [Test worker] DEBUG org.springframework.test.context.cache.DefaultCacheAwareContextLoaderDelegate - Retrieved ApplicationContext [883521348] from cache with key [[MergedContextConfiguration@150ab4ed testClass = BoardRepositoryTest, locations = '{}', classes = '{class org.waldreg.repository.board.MemoryBoardRepository, class org.waldreg.repository.MemoryBoardStorage, class org.waldreg.repository.user.MemoryUserRepository, class org.waldreg.repository.MemoryUserStorage, class org.waldreg.repository.character.MemoryCharacterRepository, class org.waldreg.repository.MemoryCharacterStorage, class org.waldreg.repository.board.BoardMapper, class org.waldreg.repository.user.UserMapper, class org.waldreg.repository.character.CharacterMapper}', contextInitializerClasses = '[]', activeProfiles = '{}', propertySourceLocations = '{}', propertySourceProperties = '{}', contextCustomizers = set[org.springframework.boot.test.autoconfigure.actuate.metrics.MetricsExportContextCustomizerFactory$DisableMetricExportContextCustomizer@5c00384f, org.springframework.boot.test.autoconfigure.properties.PropertyMappingContextCustomizer@0, org.springframework.boot.test.autoconfigure.web.servlet.WebDriverContextCustomizerFactory$Customizer@4504d271, org.springframework.boot.test.context.filter.ExcludeFilterContextCustomizer@2b5825fa, org.springframework.boot.test.json.DuplicateJsonObjectContextCustomizerFactory$DuplicateJsonObjectContextCustomizer@2262b621, org.springframework.boot.test.mock.mockito.MockitoContextCustomizer@0], contextLoader = 'org.springframework.test.context.support.DelegatingSmartContextLoader', parent = [null]]]
14:53:55.399 [Test worker] DEBUG org.springframework.test.context.cache - Spring test ApplicationContext cache statistics: [DefaultContextCache@2d83c5a5 size = 1, maxSize = 32, parentContextCount = 0, hitCount = 29, missCount = 1]
14:53:55.400 [Test worker] DEBUG org.springframework.test.context.cache.DefaultCacheAwareContextLoaderDelegate - Retrieved ApplicationContext [883521348] from cache with key [[MergedContextConfiguration@150ab4ed testClass = BoardRepositoryTest, locations = '{}', classes = '{class org.waldreg.repository.board.MemoryBoardRepository, class org.waldreg.repository.MemoryBoardStorage, class org.waldreg.repository.user.MemoryUserRepository, class org.waldreg.repository.MemoryUserStorage, class org.waldreg.repository.character.MemoryCharacterRepository, class org.waldreg.repository.MemoryCharacterStorage, class org.waldreg.repository.board.BoardMapper, class org.waldreg.repository.user.UserMapper, class org.waldreg.repository.character.CharacterMapper}', contextInitializerClasses = '[]', activeProfiles = '{}', propertySourceLocations = '{}', propertySourceProperties = '{}', contextCustomizers = set[org.springframework.boot.test.autoconfigure.actuate.metrics.MetricsExportContextCustomizerFactory$DisableMetricExportContextCustomizer@5c00384f, org.springframework.boot.test.autoconfigure.properties.PropertyMappingContextCustomizer@0, org.springframework.boot.test.autoconfigure.web.servlet.WebDriverContextCustomizerFactory$Customizer@4504d271, org.springframework.boot.test.context.filter.ExcludeFilterContextCustomizer@2b5825fa, org.springframework.boot.test.json.DuplicateJsonObjectContextCustomizerFactory$DuplicateJsonObjectContextCustomizer@2262b621, org.springframework.boot.test.mock.mockito.MockitoContextCustomizer@0], contextLoader = 'org.springframework.test.context.support.DelegatingSmartContextLoader', parent = [null]]]
14:53:55.400 [Test worker] DEBUG org.springframework.test.context.cache - Spring test ApplicationContext cache statistics: [DefaultContextCache@2d83c5a5 size = 1, maxSize = 32, parentContextCount = 0, hitCount = 30, missCount = 1]
14:53:55.400 [Test worker] DEBUG org.springframework.test.context.cache.DefaultCacheAwareContextLoaderDelegate - Retrieved ApplicationContext [883521348] from cache with key [[MergedContextConfiguration@150ab4ed testClass = BoardRepositoryTest, locations = '{}', classes = '{class org.waldreg.repository.board.MemoryBoardRepository, class org.waldreg.repository.MemoryBoardStorage, class org.waldreg.repository.user.MemoryUserRepository, class org.waldreg.repository.MemoryUserStorage, class org.waldreg.repository.character.MemoryCharacterRepository, class org.waldreg.repository.MemoryCharacterStorage, class org.waldreg.repository.board.BoardMapper, class org.waldreg.repository.user.UserMapper, class org.waldreg.repository.character.CharacterMapper}', contextInitializerClasses = '[]', activeProfiles = '{}', propertySourceLocations = '{}', propertySourceProperties = '{}', contextCustomizers = set[org.springframework.boot.test.autoconfigure.actuate.metrics.MetricsExportContextCustomizerFactory$DisableMetricExportContextCustomizer@5c00384f, org.springframework.boot.test.autoconfigure.properties.PropertyMappingContextCustomizer@0, org.springframework.boot.test.autoconfigure.web.servlet.WebDriverContextCustomizerFactory$Customizer@4504d271, org.springframework.boot.test.context.filter.ExcludeFilterContextCustomizer@2b5825fa, org.springframework.boot.test.json.DuplicateJsonObjectContextCustomizerFactory$DuplicateJsonObjectContextCustomizer@2262b621, org.springframework.boot.test.mock.mockito.MockitoContextCustomizer@0], contextLoader = 'org.springframework.test.context.support.DelegatingSmartContextLoader', parent = [null]]]
14:53:55.400 [Test worker] DEBUG org.springframework.test.context.cache - Spring test ApplicationContext cache statistics: [DefaultContextCache@2d83c5a5 size = 1, maxSize = 32, parentContextCount = 0, hitCount = 31, missCount = 1]
14:53:55.402 [Test worker] DEBUG org.springframework.test.context.cache.DefaultCacheAwareContextLoaderDelegate - Retrieved ApplicationContext [883521348] from cache with key [[MergedContextConfiguration@150ab4ed testClass = BoardRepositoryTest, locations = '{}', classes = '{class org.waldreg.repository.board.MemoryBoardRepository, class org.waldreg.repository.MemoryBoardStorage, class org.waldreg.repository.user.MemoryUserRepository, class org.waldreg.repository.MemoryUserStorage, class org.waldreg.repository.character.MemoryCharacterRepository, class org.waldreg.repository.MemoryCharacterStorage, class org.waldreg.repository.board.BoardMapper, class org.waldreg.repository.user.UserMapper, class org.waldreg.repository.character.CharacterMapper}', contextInitializerClasses = '[]', activeProfiles = '{}', propertySourceLocations = '{}', propertySourceProperties = '{}', contextCustomizers = set[org.springframework.boot.test.autoconfigure.actuate.metrics.MetricsExportContextCustomizerFactory$DisableMetricExportContextCustomizer@5c00384f, org.springframework.boot.test.autoconfigure.properties.PropertyMappingContextCustomizer@0, org.springframework.boot.test.autoconfigure.web.servlet.WebDriverContextCustomizerFactory$Customizer@4504d271, org.springframework.boot.test.context.filter.ExcludeFilterContextCustomizer@2b5825fa, org.springframework.boot.test.json.DuplicateJsonObjectContextCustomizerFactory$DuplicateJsonObjectContextCustomizer@2262b621, org.springframework.boot.test.mock.mockito.MockitoContextCustomizer@0], contextLoader = 'org.springframework.test.context.support.DelegatingSmartContextLoader', parent = [null]]]
14:53:55.402 [Test worker] DEBUG org.springframework.test.context.cache - Spring test ApplicationContext cache statistics: [DefaultContextCache@2d83c5a5 size = 1, maxSize = 32, parentContextCount = 0, hitCount = 32, missCount = 1]
14:53:55.403 [Test worker] DEBUG org.springframework.test.context.support.AbstractDirtiesContextTestExecutionListener - After test method: context [DefaultTestContext@a8c1f44 testClass = BoardRepositoryTest, testInstance = org.waldreg.repository.board.BoardRepositoryTest@55a609dd, testMethod = INQUIRY_BOARD_LIST_BY_AUTHOR_USER_ID_SUCCESS_TEST@BoardRepositoryTest, testException = [null], mergedContextConfiguration = [MergedContextConfiguration@150ab4ed testClass = BoardRepositoryTest, locations = '{}', classes = '{class org.waldreg.repository.board.MemoryBoardRepository, class org.waldreg.repository.MemoryBoardStorage, class org.waldreg.repository.user.MemoryUserRepository, class org.waldreg.repository.MemoryUserStorage, class org.waldreg.repository.character.MemoryCharacterRepository, class org.waldreg.repository.MemoryCharacterStorage, class org.waldreg.repository.board.BoardMapper, class org.waldreg.repository.user.UserMapper, class org.waldreg.repository.character.CharacterMapper}', contextInitializerClasses = '[]', activeProfiles = '{}', propertySourceLocations = '{}', propertySourceProperties = '{}', contextCustomizers = set[org.springframework.boot.test.autoconfigure.actuate.metrics.MetricsExportContextCustomizerFactory$DisableMetricExportContextCustomizer@5c00384f, org.springframework.boot.test.autoconfigure.properties.PropertyMappingContextCustomizer@0, org.springframework.boot.test.autoconfigure.web.servlet.WebDriverContextCustomizerFactory$Customizer@4504d271, org.springframework.boot.test.context.filter.ExcludeFilterContextCustomizer@2b5825fa, org.springframework.boot.test.json.DuplicateJsonObjectContextCustomizerFactory$DuplicateJsonObjectContextCustomizer@2262b621, org.springframework.boot.test.mock.mockito.MockitoContextCustomizer@0], contextLoader = 'org.springframework.test.context.support.DelegatingSmartContextLoader', parent = [null]], attributes = map['org.springframework.test.context.event.ApplicationEventsTestExecutionListener.recordApplicationEvents' -> false]], class annotated with @DirtiesContext [false] with mode [null], method annotated with @DirtiesContext [false] with mode [null].
14:53:55.404 [Test worker] DEBUG org.springframework.test.context.support.DependencyInjectionTestExecutionListener - Performing dependency injection for test context [[DefaultTestContext@a8c1f44 testClass = BoardRepositoryTest, testInstance = org.waldreg.repository.board.BoardRepositoryTest@572e6fd9, testMethod = [null], testException = [null], mergedContextConfiguration = [MergedContextConfiguration@150ab4ed testClass = BoardRepositoryTest, locations = '{}', classes = '{class org.waldreg.repository.board.MemoryBoardRepository, class org.waldreg.repository.MemoryBoardStorage, class org.waldreg.repository.user.MemoryUserRepository, class org.waldreg.repository.MemoryUserStorage, class org.waldreg.repository.character.MemoryCharacterRepository, class org.waldreg.repository.MemoryCharacterStorage, class org.waldreg.repository.board.BoardMapper, class org.waldreg.repository.user.UserMapper, class org.waldreg.repository.character.CharacterMapper}', contextInitializerClasses = '[]', activeProfiles = '{}', propertySourceLocations = '{}', propertySourceProperties = '{}', contextCustomizers = set[org.springframework.boot.test.autoconfigure.actuate.metrics.MetricsExportContextCustomizerFactory$DisableMetricExportContextCustomizer@5c00384f, org.springframework.boot.test.autoconfigure.properties.PropertyMappingContextCustomizer@0, org.springframework.boot.test.autoconfigure.web.servlet.WebDriverContextCustomizerFactory$Customizer@4504d271, org.springframework.boot.test.context.filter.ExcludeFilterContextCustomizer@2b5825fa, org.springframework.boot.test.json.DuplicateJsonObjectContextCustomizerFactory$DuplicateJsonObjectContextCustomizer@2262b621, org.springframework.boot.test.mock.mockito.MockitoContextCustomizer@0], contextLoader = 'org.springframework.test.context.support.DelegatingSmartContextLoader', parent = [null]], attributes = map['org.springframework.test.context.event.ApplicationEventsTestExecutionListener.recordApplicationEvents' -> false]]].
14:53:55.405 [Test worker] DEBUG org.springframework.test.context.cache.DefaultCacheAwareContextLoaderDelegate - Retrieved ApplicationContext [883521348] from cache with key [[MergedContextConfiguration@150ab4ed testClass = BoardRepositoryTest, locations = '{}', classes = '{class org.waldreg.repository.board.MemoryBoardRepository, class org.waldreg.repository.MemoryBoardStorage, class org.waldreg.repository.user.MemoryUserRepository, class org.waldreg.repository.MemoryUserStorage, class org.waldreg.repository.character.MemoryCharacterRepository, class org.waldreg.repository.MemoryCharacterStorage, class org.waldreg.repository.board.BoardMapper, class org.waldreg.repository.user.UserMapper, class org.waldreg.repository.character.CharacterMapper}', contextInitializerClasses = '[]', activeProfiles = '{}', propertySourceLocations = '{}', propertySourceProperties = '{}', contextCustomizers = set[org.springframework.boot.test.autoconfigure.actuate.metrics.MetricsExportContextCustomizerFactory$DisableMetricExportContextCustomizer@5c00384f, org.springframework.boot.test.autoconfigure.properties.PropertyMappingContextCustomizer@0, org.springframework.boot.test.autoconfigure.web.servlet.WebDriverContextCustomizerFactory$Customizer@4504d271, org.springframework.boot.test.context.filter.ExcludeFilterContextCustomizer@2b5825fa, org.springframework.boot.test.json.DuplicateJsonObjectContextCustomizerFactory$DuplicateJsonObjectContextCustomizer@2262b621, org.springframework.boot.test.mock.mockito.MockitoContextCustomizer@0], contextLoader = 'org.springframework.test.context.support.DelegatingSmartContextLoader', parent = [null]]]
14:53:55.406 [Test worker] DEBUG org.springframework.test.context.cache - Spring test ApplicationContext cache statistics: [DefaultContextCache@2d83c5a5 size = 1, maxSize = 32, parentContextCount = 0, hitCount = 33, missCount = 1]
14:53:55.406 [Test worker] DEBUG org.springframework.test.context.cache.DefaultCacheAwareContextLoaderDelegate - Retrieved ApplicationContext [883521348] from cache with key [[MergedContextConfiguration@150ab4ed testClass = BoardRepositoryTest, locations = '{}', classes = '{class org.waldreg.repository.board.MemoryBoardRepository, class org.waldreg.repository.MemoryBoardStorage, class org.waldreg.repository.user.MemoryUserRepository, class org.waldreg.repository.MemoryUserStorage, class org.waldreg.repository.character.MemoryCharacterRepository, class org.waldreg.repository.MemoryCharacterStorage, class org.waldreg.repository.board.BoardMapper, class org.waldreg.repository.user.UserMapper, class org.waldreg.repository.character.CharacterMapper}', contextInitializerClasses = '[]', activeProfiles = '{}', propertySourceLocations = '{}', propertySourceProperties = '{}', contextCustomizers = set[org.springframework.boot.test.autoconfigure.actuate.metrics.MetricsExportContextCustomizerFactory$DisableMetricExportContextCustomizer@5c00384f, org.springframework.boot.test.autoconfigure.properties.PropertyMappingContextCustomizer@0, org.springframework.boot.test.autoconfigure.web.servlet.WebDriverContextCustomizerFactory$Customizer@4504d271, org.springframework.boot.test.context.filter.ExcludeFilterContextCustomizer@2b5825fa, org.springframework.boot.test.json.DuplicateJsonObjectContextCustomizerFactory$DuplicateJsonObjectContextCustomizer@2262b621, org.springframework.boot.test.mock.mockito.MockitoContextCustomizer@0], contextLoader = 'org.springframework.test.context.support.DelegatingSmartContextLoader', parent = [null]]]
14:53:55.406 [Test worker] DEBUG org.springframework.test.context.cache - Spring test ApplicationContext cache statistics: [DefaultContextCache@2d83c5a5 size = 1, maxSize = 32, parentContextCount = 0, hitCount = 34, missCount = 1]
14:53:55.408 [Test worker] DEBUG org.springframework.test.context.support.AbstractDirtiesContextTestExecutionListener - Before test method: context [DefaultTestContext@a8c1f44 testClass = BoardRepositoryTest, testInstance = org.waldreg.repository.board.BoardRepositoryTest@572e6fd9, testMethod = INQUIRY_ALL_BOARD_LIST_SUCCESS_TEST@BoardRepositoryTest, testException = [null], mergedContextConfiguration = [MergedContextConfiguration@150ab4ed testClass = BoardRepositoryTest, locations = '{}', classes = '{class org.waldreg.repository.board.MemoryBoardRepository, class org.waldreg.repository.MemoryBoardStorage, class org.waldreg.repository.user.MemoryUserRepository, class org.waldreg.repository.MemoryUserStorage, class org.waldreg.repository.character.MemoryCharacterRepository, class org.waldreg.repository.MemoryCharacterStorage, class org.waldreg.repository.board.BoardMapper, class org.waldreg.repository.user.UserMapper, class org.waldreg.repository.character.CharacterMapper}', contextInitializerClasses = '[]', activeProfiles = '{}', propertySourceLocations = '{}', propertySourceProperties = '{}', contextCustomizers = set[org.springframework.boot.test.autoconfigure.actuate.metrics.MetricsExportContextCustomizerFactory$DisableMetricExportContextCustomizer@5c00384f, org.springframework.boot.test.autoconfigure.properties.PropertyMappingContextCustomizer@0, org.springframework.boot.test.autoconfigure.web.servlet.WebDriverContextCustomizerFactory$Customizer@4504d271, org.springframework.boot.test.context.filter.ExcludeFilterContextCustomizer@2b5825fa, org.springframework.boot.test.json.DuplicateJsonObjectContextCustomizerFactory$DuplicateJsonObjectContextCustomizer@2262b621, org.springframework.boot.test.mock.mockito.MockitoContextCustomizer@0], contextLoader = 'org.springframework.test.context.support.DelegatingSmartContextLoader', parent = [null]], attributes = map['org.springframework.test.context.event.ApplicationEventsTestExecutionListener.recordApplicationEvents' -> false]], class annotated with @DirtiesContext [false] with mode [null], method annotated with @DirtiesContext [false] with mode [null].
14:53:55.408 [Test worker] DEBUG org.springframework.test.context.cache.DefaultCacheAwareContextLoaderDelegate - Retrieved ApplicationContext [883521348] from cache with key [[MergedContextConfiguration@150ab4ed testClass = BoardRepositoryTest, locations = '{}', classes = '{class org.waldreg.repository.board.MemoryBoardRepository, class org.waldreg.repository.MemoryBoardStorage, class org.waldreg.repository.user.MemoryUserRepository, class org.waldreg.repository.MemoryUserStorage, class org.waldreg.repository.character.MemoryCharacterRepository, class org.waldreg.repository.MemoryCharacterStorage, class org.waldreg.repository.board.BoardMapper, class org.waldreg.repository.user.UserMapper, class org.waldreg.repository.character.CharacterMapper}', contextInitializerClasses = '[]', activeProfiles = '{}', propertySourceLocations = '{}', propertySourceProperties = '{}', contextCustomizers = set[org.springframework.boot.test.autoconfigure.actuate.metrics.MetricsExportContextCustomizerFactory$DisableMetricExportContextCustomizer@5c00384f, org.springframework.boot.test.autoconfigure.properties.PropertyMappingContextCustomizer@0, org.springframework.boot.test.autoconfigure.web.servlet.WebDriverContextCustomizerFactory$Customizer@4504d271, org.springframework.boot.test.context.filter.ExcludeFilterContextCustomizer@2b5825fa, org.springframework.boot.test.json.DuplicateJsonObjectContextCustomizerFactory$DuplicateJsonObjectContextCustomizer@2262b621, org.springframework.boot.test.mock.mockito.MockitoContextCustomizer@0], contextLoader = 'org.springframework.test.context.support.DelegatingSmartContextLoader', parent = [null]]]
14:53:55.408 [Test worker] DEBUG org.springframework.test.context.cache - Spring test ApplicationContext cache statistics: [DefaultContextCache@2d83c5a5 size = 1, maxSize = 32, parentContextCount = 0, hitCount = 35, missCount = 1]
14:53:55.408 [Test worker] DEBUG org.springframework.test.context.cache.DefaultCacheAwareContextLoaderDelegate - Retrieved ApplicationContext [883521348] from cache with key [[MergedContextConfiguration@150ab4ed testClass = BoardRepositoryTest, locations = '{}', classes = '{class org.waldreg.repository.board.MemoryBoardRepository, class org.waldreg.repository.MemoryBoardStorage, class org.waldreg.repository.user.MemoryUserRepository, class org.waldreg.repository.MemoryUserStorage, class org.waldreg.repository.character.MemoryCharacterRepository, class org.waldreg.repository.MemoryCharacterStorage, class org.waldreg.repository.board.BoardMapper, class org.waldreg.repository.user.UserMapper, class org.waldreg.repository.character.CharacterMapper}', contextInitializerClasses = '[]', activeProfiles = '{}', propertySourceLocations = '{}', propertySourceProperties = '{}', contextCustomizers = set[org.springframework.boot.test.autoconfigure.actuate.metrics.MetricsExportContextCustomizerFactory$DisableMetricExportContextCustomizer@5c00384f, org.springframework.boot.test.autoconfigure.properties.PropertyMappingContextCustomizer@0, org.springframework.boot.test.autoconfigure.web.servlet.WebDriverContextCustomizerFactory$Customizer@4504d271, org.springframework.boot.test.context.filter.ExcludeFilterContextCustomizer@2b5825fa, org.springframework.boot.test.json.DuplicateJsonObjectContextCustomizerFactory$DuplicateJsonObjectContextCustomizer@2262b621, org.springframework.boot.test.mock.mockito.MockitoContextCustomizer@0], contextLoader = 'org.springframework.test.context.support.DelegatingSmartContextLoader', parent = [null]]]
14:53:55.408 [Test worker] DEBUG org.springframework.test.context.cache - Spring test ApplicationContext cache statistics: [DefaultContextCache@2d83c5a5 size = 1, maxSize = 32, parentContextCount = 0, hitCount = 36, missCount = 1]
14:53:55.410 [Test worker] DEBUG org.springframework.test.context.cache.DefaultCacheAwareContextLoaderDelegate - Retrieved ApplicationContext [883521348] from cache with key [[MergedContextConfiguration@150ab4ed testClass = BoardRepositoryTest, locations = '{}', classes = '{class org.waldreg.repository.board.MemoryBoardRepository, class org.waldreg.repository.MemoryBoardStorage, class org.waldreg.repository.user.MemoryUserRepository, class org.waldreg.repository.MemoryUserStorage, class org.waldreg.repository.character.MemoryCharacterRepository, class org.waldreg.repository.MemoryCharacterStorage, class org.waldreg.repository.board.BoardMapper, class org.waldreg.repository.user.UserMapper, class org.waldreg.repository.character.CharacterMapper}', contextInitializerClasses = '[]', activeProfiles = '{}', propertySourceLocations = '{}', propertySourceProperties = '{}', contextCustomizers = set[org.springframework.boot.test.autoconfigure.actuate.metrics.MetricsExportContextCustomizerFactory$DisableMetricExportContextCustomizer@5c00384f, org.springframework.boot.test.autoconfigure.properties.PropertyMappingContextCustomizer@0, org.springframework.boot.test.autoconfigure.web.servlet.WebDriverContextCustomizerFactory$Customizer@4504d271, org.springframework.boot.test.context.filter.ExcludeFilterContextCustomizer@2b5825fa, org.springframework.boot.test.json.DuplicateJsonObjectContextCustomizerFactory$DuplicateJsonObjectContextCustomizer@2262b621, org.springframework.boot.test.mock.mockito.MockitoContextCustomizer@0], contextLoader = 'org.springframework.test.context.support.DelegatingSmartContextLoader', parent = [null]]]
14:53:55.410 [Test worker] DEBUG org.springframework.test.context.cache - Spring test ApplicationContext cache statistics: [DefaultContextCache@2d83c5a5 size = 1, maxSize = 32, parentContextCount = 0, hitCount = 37, missCount = 1]
14:53:55.420 [Test worker] DEBUG org.springframework.test.context.cache.DefaultCacheAwareContextLoaderDelegate - Retrieved ApplicationContext [883521348] from cache with key [[MergedContextConfiguration@150ab4ed testClass = BoardRepositoryTest, locations = '{}', classes = '{class org.waldreg.repository.board.MemoryBoardRepository, class org.waldreg.repository.MemoryBoardStorage, class org.waldreg.repository.user.MemoryUserRepository, class org.waldreg.repository.MemoryUserStorage, class org.waldreg.repository.character.MemoryCharacterRepository, class org.waldreg.repository.MemoryCharacterStorage, class org.waldreg.repository.board.BoardMapper, class org.waldreg.repository.user.UserMapper, class org.waldreg.repository.character.CharacterMapper}', contextInitializerClasses = '[]', activeProfiles = '{}', propertySourceLocations = '{}', propertySourceProperties = '{}', contextCustomizers = set[org.springframework.boot.test.autoconfigure.actuate.metrics.MetricsExportContextCustomizerFactory$DisableMetricExportContextCustomizer@5c00384f, org.springframework.boot.test.autoconfigure.properties.PropertyMappingContextCustomizer@0, org.springframework.boot.test.autoconfigure.web.servlet.WebDriverContextCustomizerFactory$Customizer@4504d271, org.springframework.boot.test.context.filter.ExcludeFilterContextCustomizer@2b5825fa, org.springframework.boot.test.json.DuplicateJsonObjectContextCustomizerFactory$DuplicateJsonObjectContextCustomizer@2262b621, org.springframework.boot.test.mock.mockito.MockitoContextCustomizer@0], contextLoader = 'org.springframework.test.context.support.DelegatingSmartContextLoader', parent = [null]]]
14:53:55.420 [Test worker] DEBUG org.springframework.test.context.cache - Spring test ApplicationContext cache statistics: [DefaultContextCache@2d83c5a5 size = 1, maxSize = 32, parentContextCount = 0, hitCount = 38, missCount = 1]
14:53:55.421 [Test worker] DEBUG org.springframework.test.context.cache.DefaultCacheAwareContextLoaderDelegate - Retrieved ApplicationContext [883521348] from cache with key [[MergedContextConfiguration@150ab4ed testClass = BoardRepositoryTest, locations = '{}', classes = '{class org.waldreg.repository.board.MemoryBoardRepository, class org.waldreg.repository.MemoryBoardStorage, class org.waldreg.repository.user.MemoryUserRepository, class org.waldreg.repository.MemoryUserStorage, class org.waldreg.repository.character.MemoryCharacterRepository, class org.waldreg.repository.MemoryCharacterStorage, class org.waldreg.repository.board.BoardMapper, class org.waldreg.repository.user.UserMapper, class org.waldreg.repository.character.CharacterMapper}', contextInitializerClasses = '[]', activeProfiles = '{}', propertySourceLocations = '{}', propertySourceProperties = '{}', contextCustomizers = set[org.springframework.boot.test.autoconfigure.actuate.metrics.MetricsExportContextCustomizerFactory$DisableMetricExportContextCustomizer@5c00384f, org.springframework.boot.test.autoconfigure.properties.PropertyMappingContextCustomizer@0, org.springframework.boot.test.autoconfigure.web.servlet.WebDriverContextCustomizerFactory$Customizer@4504d271, org.springframework.boot.test.context.filter.ExcludeFilterContextCustomizer@2b5825fa, org.springframework.boot.test.json.DuplicateJsonObjectContextCustomizerFactory$DuplicateJsonObjectContextCustomizer@2262b621, org.springframework.boot.test.mock.mockito.MockitoContextCustomizer@0], contextLoader = 'org.springframework.test.context.support.DelegatingSmartContextLoader', parent = [null]]]
14:53:55.421 [Test worker] DEBUG org.springframework.test.context.cache - Spring test ApplicationContext cache statistics: [DefaultContextCache@2d83c5a5 size = 1, maxSize = 32, parentContextCount = 0, hitCount = 39, missCount = 1]
14:53:55.421 [Test worker] DEBUG org.springframework.test.context.cache.DefaultCacheAwareContextLoaderDelegate - Retrieved ApplicationContext [883521348] from cache with key [[MergedContextConfiguration@150ab4ed testClass = BoardRepositoryTest, locations = '{}', classes = '{class org.waldreg.repository.board.MemoryBoardRepository, class org.waldreg.repository.MemoryBoardStorage, class org.waldreg.repository.user.MemoryUserRepository, class org.waldreg.repository.MemoryUserStorage, class org.waldreg.repository.character.MemoryCharacterRepository, class org.waldreg.repository.MemoryCharacterStorage, class org.waldreg.repository.board.BoardMapper, class org.waldreg.repository.user.UserMapper, class org.waldreg.repository.character.CharacterMapper}', contextInitializerClasses = '[]', activeProfiles = '{}', propertySourceLocations = '{}', propertySourceProperties = '{}', contextCustomizers = set[org.springframework.boot.test.autoconfigure.actuate.metrics.MetricsExportContextCustomizerFactory$DisableMetricExportContextCustomizer@5c00384f, org.springframework.boot.test.autoconfigure.properties.PropertyMappingContextCustomizer@0, org.springframework.boot.test.autoconfigure.web.servlet.WebDriverContextCustomizerFactory$Customizer@4504d271, org.springframework.boot.test.context.filter.ExcludeFilterContextCustomizer@2b5825fa, org.springframework.boot.test.json.DuplicateJsonObjectContextCustomizerFactory$DuplicateJsonObjectContextCustomizer@2262b621, org.springframework.boot.test.mock.mockito.MockitoContextCustomizer@0], contextLoader = 'org.springframework.test.context.support.DelegatingSmartContextLoader', parent = [null]]]
14:53:55.421 [Test worker] DEBUG org.springframework.test.context.cache - Spring test ApplicationContext cache statistics: [DefaultContextCache@2d83c5a5 size = 1, maxSize = 32, parentContextCount = 0, hitCount = 40, missCount = 1]
14:53:55.421 [Test worker] DEBUG org.springframework.test.context.cache.DefaultCacheAwareContextLoaderDelegate - Retrieved ApplicationContext [883521348] from cache with key [[MergedContextConfiguration@150ab4ed testClass = BoardRepositoryTest, locations = '{}', classes = '{class org.waldreg.repository.board.MemoryBoardRepository, class org.waldreg.repository.MemoryBoardStorage, class org.waldreg.repository.user.MemoryUserRepository, class org.waldreg.repository.MemoryUserStorage, class org.waldreg.repository.character.MemoryCharacterRepository, class org.waldreg.repository.MemoryCharacterStorage, class org.waldreg.repository.board.BoardMapper, class org.waldreg.repository.user.UserMapper, class org.waldreg.repository.character.CharacterMapper}', contextInitializerClasses = '[]', activeProfiles = '{}', propertySourceLocations = '{}', propertySourceProperties = '{}', contextCustomizers = set[org.springframework.boot.test.autoconfigure.actuate.metrics.MetricsExportContextCustomizerFactory$DisableMetricExportContextCustomizer@5c00384f, org.springframework.boot.test.autoconfigure.properties.PropertyMappingContextCustomizer@0, org.springframework.boot.test.autoconfigure.web.servlet.WebDriverContextCustomizerFactory$Customizer@4504d271, org.springframework.boot.test.context.filter.ExcludeFilterContextCustomizer@2b5825fa, org.springframework.boot.test.json.DuplicateJsonObjectContextCustomizerFactory$DuplicateJsonObjectContextCustomizer@2262b621, org.springframework.boot.test.mock.mockito.MockitoContextCustomizer@0], contextLoader = 'org.springframework.test.context.support.DelegatingSmartContextLoader', parent = [null]]]
14:53:55.421 [Test worker] DEBUG org.springframework.test.context.cache - Spring test ApplicationContext cache statistics: [DefaultContextCache@2d83c5a5 size = 1, maxSize = 32, parentContextCount = 0, hitCount = 41, missCount = 1]
14:53:55.422 [Test worker] DEBUG org.springframework.test.context.cache.DefaultCacheAwareContextLoaderDelegate - Retrieved ApplicationContext [883521348] from cache with key [[MergedContextConfiguration@150ab4ed testClass = BoardRepositoryTest, locations = '{}', classes = '{class org.waldreg.repository.board.MemoryBoardRepository, class org.waldreg.repository.MemoryBoardStorage, class org.waldreg.repository.user.MemoryUserRepository, class org.waldreg.repository.MemoryUserStorage, class org.waldreg.repository.character.MemoryCharacterRepository, class org.waldreg.repository.MemoryCharacterStorage, class org.waldreg.repository.board.BoardMapper, class org.waldreg.repository.user.UserMapper, class org.waldreg.repository.character.CharacterMapper}', contextInitializerClasses = '[]', activeProfiles = '{}', propertySourceLocations = '{}', propertySourceProperties = '{}', contextCustomizers = set[org.springframework.boot.test.autoconfigure.actuate.metrics.MetricsExportContextCustomizerFactory$DisableMetricExportContextCustomizer@5c00384f, org.springframework.boot.test.autoconfigure.properties.PropertyMappingContextCustomizer@0, org.springframework.boot.test.autoconfigure.web.servlet.WebDriverContextCustomizerFactory$Customizer@4504d271, org.springframework.boot.test.context.filter.ExcludeFilterContextCustomizer@2b5825fa, org.springframework.boot.test.json.DuplicateJsonObjectContextCustomizerFactory$DuplicateJsonObjectContextCustomizer@2262b621, org.springframework.boot.test.mock.mockito.MockitoContextCustomizer@0], contextLoader = 'org.springframework.test.context.support.DelegatingSmartContextLoader', parent = [null]]]
14:53:55.422 [Test worker] DEBUG org.springframework.test.context.cache - Spring test ApplicationContext cache statistics: [DefaultContextCache@2d83c5a5 size = 1, maxSize = 32, parentContextCount = 0, hitCount = 42, missCount = 1]
14:53:55.422 [Test worker] DEBUG org.springframework.test.context.cache.DefaultCacheAwareContextLoaderDelegate - Retrieved ApplicationContext [883521348] from cache with key [[MergedContextConfiguration@150ab4ed testClass = BoardRepositoryTest, locations = '{}', classes = '{class org.waldreg.repository.board.MemoryBoardRepository, class org.waldreg.repository.MemoryBoardStorage, class org.waldreg.repository.user.MemoryUserRepository, class org.waldreg.repository.MemoryUserStorage, class org.waldreg.repository.character.MemoryCharacterRepository, class org.waldreg.repository.MemoryCharacterStorage, class org.waldreg.repository.board.BoardMapper, class org.waldreg.repository.user.UserMapper, class org.waldreg.repository.character.CharacterMapper}', contextInitializerClasses = '[]', activeProfiles = '{}', propertySourceLocations = '{}', propertySourceProperties = '{}', contextCustomizers = set[org.springframework.boot.test.autoconfigure.actuate.metrics.MetricsExportContextCustomizerFactory$DisableMetricExportContextCustomizer@5c00384f, org.springframework.boot.test.autoconfigure.properties.PropertyMappingContextCustomizer@0, org.springframework.boot.test.autoconfigure.web.servlet.WebDriverContextCustomizerFactory$Customizer@4504d271, org.springframework.boot.test.context.filter.ExcludeFilterContextCustomizer@2b5825fa, org.springframework.boot.test.json.DuplicateJsonObjectContextCustomizerFactory$DuplicateJsonObjectContextCustomizer@2262b621, org.springframework.boot.test.mock.mockito.MockitoContextCustomizer@0], contextLoader = 'org.springframework.test.context.support.DelegatingSmartContextLoader', parent = [null]]]
14:53:55.423 [Test worker] DEBUG org.springframework.test.context.cache - Spring test ApplicationContext cache statistics: [DefaultContextCache@2d83c5a5 size = 1, maxSize = 32, parentContextCount = 0, hitCount = 43, missCount = 1]
14:53:55.423 [Test worker] DEBUG org.springframework.test.context.support.AbstractDirtiesContextTestExecutionListener - After test method: context [DefaultTestContext@a8c1f44 testClass = BoardRepositoryTest, testInstance = org.waldreg.repository.board.BoardRepositoryTest@572e6fd9, testMethod = INQUIRY_ALL_BOARD_LIST_SUCCESS_TEST@BoardRepositoryTest, testException = [null], mergedContextConfiguration = [MergedContextConfiguration@150ab4ed testClass = BoardRepositoryTest, locations = '{}', classes = '{class org.waldreg.repository.board.MemoryBoardRepository, class org.waldreg.repository.MemoryBoardStorage, class org.waldreg.repository.user.MemoryUserRepository, class org.waldreg.repository.MemoryUserStorage, class org.waldreg.repository.character.MemoryCharacterRepository, class org.waldreg.repository.MemoryCharacterStorage, class org.waldreg.repository.board.BoardMapper, class org.waldreg.repository.user.UserMapper, class org.waldreg.repository.character.CharacterMapper}', contextInitializerClasses = '[]', activeProfiles = '{}', propertySourceLocations = '{}', propertySourceProperties = '{}', contextCustomizers = set[org.springframework.boot.test.autoconfigure.actuate.metrics.MetricsExportContextCustomizerFactory$DisableMetricExportContextCustomizer@5c00384f, org.springframework.boot.test.autoconfigure.properties.PropertyMappingContextCustomizer@0, org.springframework.boot.test.autoconfigure.web.servlet.WebDriverContextCustomizerFactory$Customizer@4504d271, org.springframework.boot.test.context.filter.ExcludeFilterContextCustomizer@2b5825fa, org.springframework.boot.test.json.DuplicateJsonObjectContextCustomizerFactory$DuplicateJsonObjectContextCustomizer@2262b621, org.springframework.boot.test.mock.mockito.MockitoContextCustomizer@0], contextLoader = 'org.springframework.test.context.support.DelegatingSmartContextLoader', parent = [null]], attributes = map['org.springframework.test.context.event.ApplicationEventsTestExecutionListener.recordApplicationEvents' -> false]], class annotated with @DirtiesContext [false] with mode [null], method annotated with @DirtiesContext [false] with mode [null].
14:53:55.424 [Test worker] DEBUG org.springframework.test.context.support.DependencyInjectionTestExecutionListener - Performing dependency injection for test context [[DefaultTestContext@a8c1f44 testClass = BoardRepositoryTest, testInstance = org.waldreg.repository.board.BoardRepositoryTest@1c5c616f, testMethod = [null], testException = [null], mergedContextConfiguration = [MergedContextConfiguration@150ab4ed testClass = BoardRepositoryTest, locations = '{}', classes = '{class org.waldreg.repository.board.MemoryBoardRepository, class org.waldreg.repository.MemoryBoardStorage, class org.waldreg.repository.user.MemoryUserRepository, class org.waldreg.repository.MemoryUserStorage, class org.waldreg.repository.character.MemoryCharacterRepository, class org.waldreg.repository.MemoryCharacterStorage, class org.waldreg.repository.board.BoardMapper, class org.waldreg.repository.user.UserMapper, class org.waldreg.repository.character.CharacterMapper}', contextInitializerClasses = '[]', activeProfiles = '{}', propertySourceLocations = '{}', propertySourceProperties = '{}', contextCustomizers = set[org.springframework.boot.test.autoconfigure.actuate.metrics.MetricsExportContextCustomizerFactory$DisableMetricExportContextCustomizer@5c00384f, org.springframework.boot.test.autoconfigure.properties.PropertyMappingContextCustomizer@0, org.springframework.boot.test.autoconfigure.web.servlet.WebDriverContextCustomizerFactory$Customizer@4504d271, org.springframework.boot.test.context.filter.ExcludeFilterContextCustomizer@2b5825fa, org.springframework.boot.test.json.DuplicateJsonObjectContextCustomizerFactory$DuplicateJsonObjectContextCustomizer@2262b621, org.springframework.boot.test.mock.mockito.MockitoContextCustomizer@0], contextLoader = 'org.springframework.test.context.support.DelegatingSmartContextLoader', parent = [null]], attributes = map['org.springframework.test.context.event.ApplicationEventsTestExecutionListener.recordApplicationEvents' -> false]]].
14:53:55.424 [Test worker] DEBUG org.springframework.test.context.cache.DefaultCacheAwareContextLoaderDelegate - Retrieved ApplicationContext [883521348] from cache with key [[MergedContextConfiguration@150ab4ed testClass = BoardRepositoryTest, locations = '{}', classes = '{class org.waldreg.repository.board.MemoryBoardRepository, class org.waldreg.repository.MemoryBoardStorage, class org.waldreg.repository.user.MemoryUserRepository, class org.waldreg.repository.MemoryUserStorage, class org.waldreg.repository.character.MemoryCharacterRepository, class org.waldreg.repository.MemoryCharacterStorage, class org.waldreg.repository.board.BoardMapper, class org.waldreg.repository.user.UserMapper, class org.waldreg.repository.character.CharacterMapper}', contextInitializerClasses = '[]', activeProfiles = '{}', propertySourceLocations = '{}', propertySourceProperties = '{}', contextCustomizers = set[org.springframework.boot.test.autoconfigure.actuate.metrics.MetricsExportContextCustomizerFactory$DisableMetricExportContextCustomizer@5c00384f, org.springframework.boot.test.autoconfigure.properties.PropertyMappingContextCustomizer@0, org.springframework.boot.test.autoconfigure.web.servlet.WebDriverContextCustomizerFactory$Customizer@4504d271, org.springframework.boot.test.context.filter.ExcludeFilterContextCustomizer@2b5825fa, org.springframework.boot.test.json.DuplicateJsonObjectContextCustomizerFactory$DuplicateJsonObjectContextCustomizer@2262b621, org.springframework.boot.test.mock.mockito.MockitoContextCustomizer@0], contextLoader = 'org.springframework.test.context.support.DelegatingSmartContextLoader', parent = [null]]]
14:53:55.424 [Test worker] DEBUG org.springframework.test.context.cache - Spring test ApplicationContext cache statistics: [DefaultContextCache@2d83c5a5 size = 1, maxSize = 32, parentContextCount = 0, hitCount = 44, missCount = 1]
14:53:55.424 [Test worker] DEBUG org.springframework.test.context.cache.DefaultCacheAwareContextLoaderDelegate - Retrieved ApplicationContext [883521348] from cache with key [[MergedContextConfiguration@150ab4ed testClass = BoardRepositoryTest, locations = '{}', classes = '{class org.waldreg.repository.board.MemoryBoardRepository, class org.waldreg.repository.MemoryBoardStorage, class org.waldreg.repository.user.MemoryUserRepository, class org.waldreg.repository.MemoryUserStorage, class org.waldreg.repository.character.MemoryCharacterRepository, class org.waldreg.repository.MemoryCharacterStorage, class org.waldreg.repository.board.BoardMapper, class org.waldreg.repository.user.UserMapper, class org.waldreg.repository.character.CharacterMapper}', contextInitializerClasses = '[]', activeProfiles = '{}', propertySourceLocations = '{}', propertySourceProperties = '{}', contextCustomizers = set[org.springframework.boot.test.autoconfigure.actuate.metrics.MetricsExportContextCustomizerFactory$DisableMetricExportContextCustomizer@5c00384f, org.springframework.boot.test.autoconfigure.properties.PropertyMappingContextCustomizer@0, org.springframework.boot.test.autoconfigure.web.servlet.WebDriverContextCustomizerFactory$Customizer@4504d271, org.springframework.boot.test.context.filter.ExcludeFilterContextCustomizer@2b5825fa, org.springframework.boot.test.json.DuplicateJsonObjectContextCustomizerFactory$DuplicateJsonObjectContextCustomizer@2262b621, org.springframework.boot.test.mock.mockito.MockitoContextCustomizer@0], contextLoader = 'org.springframework.test.context.support.DelegatingSmartContextLoader', parent = [null]]]
14:53:55.425 [Test worker] DEBUG org.springframework.test.context.cache - Spring test ApplicationContext cache statistics: [DefaultContextCache@2d83c5a5 size = 1, maxSize = 32, parentContextCount = 0, hitCount = 45, missCount = 1]
14:53:55.425 [Test worker] DEBUG org.springframework.test.context.support.AbstractDirtiesContextTestExecutionListener - Before test method: context [DefaultTestContext@a8c1f44 testClass = BoardRepositoryTest, testInstance = org.waldreg.repository.board.BoardRepositoryTest@1c5c616f, testMethod = INQUIRY_BOARD_LIST_BY_CONTENT_SUCCESS_TEST@BoardRepositoryTest, testException = [null], mergedContextConfiguration = [MergedContextConfiguration@150ab4ed testClass = BoardRepositoryTest, locations = '{}', classes = '{class org.waldreg.repository.board.MemoryBoardRepository, class org.waldreg.repository.MemoryBoardStorage, class org.waldreg.repository.user.MemoryUserRepository, class org.waldreg.repository.MemoryUserStorage, class org.waldreg.repository.character.MemoryCharacterRepository, class org.waldreg.repository.MemoryCharacterStorage, class org.waldreg.repository.board.BoardMapper, class org.waldreg.repository.user.UserMapper, class org.waldreg.repository.character.CharacterMapper}', contextInitializerClasses = '[]', activeProfiles = '{}', propertySourceLocations = '{}', propertySourceProperties = '{}', contextCustomizers = set[org.springframework.boot.test.autoconfigure.actuate.metrics.MetricsExportContextCustomizerFactory$DisableMetricExportContextCustomizer@5c00384f, org.springframework.boot.test.autoconfigure.properties.PropertyMappingContextCustomizer@0, org.springframework.boot.test.autoconfigure.web.servlet.WebDriverContextCustomizerFactory$Customizer@4504d271, org.springframework.boot.test.context.filter.ExcludeFilterContextCustomizer@2b5825fa, org.springframework.boot.test.json.DuplicateJsonObjectContextCustomizerFactory$DuplicateJsonObjectContextCustomizer@2262b621, org.springframework.boot.test.mock.mockito.MockitoContextCustomizer@0], contextLoader = 'org.springframework.test.context.support.DelegatingSmartContextLoader', parent = [null]], attributes = map['org.springframework.test.context.event.ApplicationEventsTestExecutionListener.recordApplicationEvents' -> false]], class annotated with @DirtiesContext [false] with mode [null], method annotated with @DirtiesContext [false] with mode [null].
14:53:55.426 [Test worker] DEBUG org.springframework.test.context.cache.DefaultCacheAwareContextLoaderDelegate - Retrieved ApplicationContext [883521348] from cache with key [[MergedContextConfiguration@150ab4ed testClass = BoardRepositoryTest, locations = '{}', classes = '{class org.waldreg.repository.board.MemoryBoardRepository, class org.waldreg.repository.MemoryBoardStorage, class org.waldreg.repository.user.MemoryUserRepository, class org.waldreg.repository.MemoryUserStorage, class org.waldreg.repository.character.MemoryCharacterRepository, class org.waldreg.repository.MemoryCharacterStorage, class org.waldreg.repository.board.BoardMapper, class org.waldreg.repository.user.UserMapper, class org.waldreg.repository.character.CharacterMapper}', contextInitializerClasses = '[]', activeProfiles = '{}', propertySourceLocations = '{}', propertySourceProperties = '{}', contextCustomizers = set[org.springframework.boot.test.autoconfigure.actuate.metrics.MetricsExportContextCustomizerFactory$DisableMetricExportContextCustomizer@5c00384f, org.springframework.boot.test.autoconfigure.properties.PropertyMappingContextCustomizer@0, org.springframework.boot.test.autoconfigure.web.servlet.WebDriverContextCustomizerFactory$Customizer@4504d271, org.springframework.boot.test.context.filter.ExcludeFilterContextCustomizer@2b5825fa, org.springframework.boot.test.json.DuplicateJsonObjectContextCustomizerFactory$DuplicateJsonObjectContextCustomizer@2262b621, org.springframework.boot.test.mock.mockito.MockitoContextCustomizer@0], contextLoader = 'org.springframework.test.context.support.DelegatingSmartContextLoader', parent = [null]]]
14:53:55.426 [Test worker] DEBUG org.springframework.test.context.cache - Spring test ApplicationContext cache statistics: [DefaultContextCache@2d83c5a5 size = 1, maxSize = 32, parentContextCount = 0, hitCount = 46, missCount = 1]
14:53:55.426 [Test worker] DEBUG org.springframework.test.context.cache.DefaultCacheAwareContextLoaderDelegate - Retrieved ApplicationContext [883521348] from cache with key [[MergedContextConfiguration@150ab4ed testClass = BoardRepositoryTest, locations = '{}', classes = '{class org.waldreg.repository.board.MemoryBoardRepository, class org.waldreg.repository.MemoryBoardStorage, class org.waldreg.repository.user.MemoryUserRepository, class org.waldreg.repository.MemoryUserStorage, class org.waldreg.repository.character.MemoryCharacterRepository, class org.waldreg.repository.MemoryCharacterStorage, class org.waldreg.repository.board.BoardMapper, class org.waldreg.repository.user.UserMapper, class org.waldreg.repository.character.CharacterMapper}', contextInitializerClasses = '[]', activeProfiles = '{}', propertySourceLocations = '{}', propertySourceProperties = '{}', contextCustomizers = set[org.springframework.boot.test.autoconfigure.actuate.metrics.MetricsExportContextCustomizerFactory$DisableMetricExportContextCustomizer@5c00384f, org.springframework.boot.test.autoconfigure.properties.PropertyMappingContextCustomizer@0, org.springframework.boot.test.autoconfigure.web.servlet.WebDriverContextCustomizerFactory$Customizer@4504d271, org.springframework.boot.test.context.filter.ExcludeFilterContextCustomizer@2b5825fa, org.springframework.boot.test.json.DuplicateJsonObjectContextCustomizerFactory$DuplicateJsonObjectContextCustomizer@2262b621, org.springframework.boot.test.mock.mockito.MockitoContextCustomizer@0], contextLoader = 'org.springframework.test.context.support.DelegatingSmartContextLoader', parent = [null]]]
14:53:55.427 [Test worker] DEBUG org.springframework.test.context.cache - Spring test ApplicationContext cache statistics: [DefaultContextCache@2d83c5a5 size = 1, maxSize = 32, parentContextCount = 0, hitCount = 47, missCount = 1]
14:53:55.427 [Test worker] DEBUG org.springframework.test.context.cache.DefaultCacheAwareContextLoaderDelegate - Retrieved ApplicationContext [883521348] from cache with key [[MergedContextConfiguration@150ab4ed testClass = BoardRepositoryTest, locations = '{}', classes = '{class org.waldreg.repository.board.MemoryBoardRepository, class org.waldreg.repository.MemoryBoardStorage, class org.waldreg.repository.user.MemoryUserRepository, class org.waldreg.repository.MemoryUserStorage, class org.waldreg.repository.character.MemoryCharacterRepository, class org.waldreg.repository.MemoryCharacterStorage, class org.waldreg.repository.board.BoardMapper, class org.waldreg.repository.user.UserMapper, class org.waldreg.repository.character.CharacterMapper}', contextInitializerClasses = '[]', activeProfiles = '{}', propertySourceLocations = '{}', propertySourceProperties = '{}', contextCustomizers = set[org.springframework.boot.test.autoconfigure.actuate.metrics.MetricsExportContextCustomizerFactory$DisableMetricExportContextCustomizer@5c00384f, org.springframework.boot.test.autoconfigure.properties.PropertyMappingContextCustomizer@0, org.springframework.boot.test.autoconfigure.web.servlet.WebDriverContextCustomizerFactory$Customizer@4504d271, org.springframework.boot.test.context.filter.ExcludeFilterContextCustomizer@2b5825fa, org.springframework.boot.test.json.DuplicateJsonObjectContextCustomizerFactory$DuplicateJsonObjectContextCustomizer@2262b621, org.springframework.boot.test.mock.mockito.MockitoContextCustomizer@0], contextLoader = 'org.springframework.test.context.support.DelegatingSmartContextLoader', parent = [null]]]
14:53:55.427 [Test worker] DEBUG org.springframework.test.context.cache - Spring test ApplicationContext cache statistics: [DefaultContextCache@2d83c5a5 size = 1, maxSize = 32, parentContextCount = 0, hitCount = 48, missCount = 1]
14:53:55.432 [Test worker] DEBUG org.springframework.test.context.cache.DefaultCacheAwareContextLoaderDelegate - Retrieved ApplicationContext [883521348] from cache with key [[MergedContextConfiguration@150ab4ed testClass = BoardRepositoryTest, locations = '{}', classes = '{class org.waldreg.repository.board.MemoryBoardRepository, class org.waldreg.repository.MemoryBoardStorage, class org.waldreg.repository.user.MemoryUserRepository, class org.waldreg.repository.MemoryUserStorage, class org.waldreg.repository.character.MemoryCharacterRepository, class org.waldreg.repository.MemoryCharacterStorage, class org.waldreg.repository.board.BoardMapper, class org.waldreg.repository.user.UserMapper, class org.waldreg.repository.character.CharacterMapper}', contextInitializerClasses = '[]', activeProfiles = '{}', propertySourceLocations = '{}', propertySourceProperties = '{}', contextCustomizers = set[org.springframework.boot.test.autoconfigure.actuate.metrics.MetricsExportContextCustomizerFactory$DisableMetricExportContextCustomizer@5c00384f, org.springframework.boot.test.autoconfigure.properties.PropertyMappingContextCustomizer@0, org.springframework.boot.test.autoconfigure.web.servlet.WebDriverContextCustomizerFactory$Customizer@4504d271, org.springframework.boot.test.context.filter.ExcludeFilterContextCustomizer@2b5825fa, org.springframework.boot.test.json.DuplicateJsonObjectContextCustomizerFactory$DuplicateJsonObjectContextCustomizer@2262b621, org.springframework.boot.test.mock.mockito.MockitoContextCustomizer@0], contextLoader = 'org.springframework.test.context.support.DelegatingSmartContextLoader', parent = [null]]]
14:53:55.434 [Test worker] DEBUG org.springframework.test.context.cache - Spring test ApplicationContext cache statistics: [DefaultContextCache@2d83c5a5 size = 1, maxSize = 32, parentContextCount = 0, hitCount = 49, missCount = 1]
14:53:55.434 [Test worker] DEBUG org.springframework.test.context.cache.DefaultCacheAwareContextLoaderDelegate - Retrieved ApplicationContext [883521348] from cache with key [[MergedContextConfiguration@150ab4ed testClass = BoardRepositoryTest, locations = '{}', classes = '{class org.waldreg.repository.board.MemoryBoardRepository, class org.waldreg.repository.MemoryBoardStorage, class org.waldreg.repository.user.MemoryUserRepository, class org.waldreg.repository.MemoryUserStorage, class org.waldreg.repository.character.MemoryCharacterRepository, class org.waldreg.repository.MemoryCharacterStorage, class org.waldreg.repository.board.BoardMapper, class org.waldreg.repository.user.UserMapper, class org.waldreg.repository.character.CharacterMapper}', contextInitializerClasses = '[]', activeProfiles = '{}', propertySourceLocations = '{}', propertySourceProperties = '{}', contextCustomizers = set[org.springframework.boot.test.autoconfigure.actuate.metrics.MetricsExportContextCustomizerFactory$DisableMetricExportContextCustomizer@5c00384f, org.springframework.boot.test.autoconfigure.properties.PropertyMappingContextCustomizer@0, org.springframework.boot.test.autoconfigure.web.servlet.WebDriverContextCustomizerFactory$Customizer@4504d271, org.springframework.boot.test.context.filter.ExcludeFilterContextCustomizer@2b5825fa, org.springframework.boot.test.json.DuplicateJsonObjectContextCustomizerFactory$DuplicateJsonObjectContextCustomizer@2262b621, org.springframework.boot.test.mock.mockito.MockitoContextCustomizer@0], contextLoader = 'org.springframework.test.context.support.DelegatingSmartContextLoader', parent = [null]]]
14:53:55.435 [Test worker] DEBUG org.springframework.test.context.cache - Spring test ApplicationContext cache statistics: [DefaultContextCache@2d83c5a5 size = 1, maxSize = 32, parentContextCount = 0, hitCount = 50, missCount = 1]
14:53:55.435 [Test worker] DEBUG org.springframework.test.context.cache.DefaultCacheAwareContextLoaderDelegate - Retrieved ApplicationContext [883521348] from cache with key [[MergedContextConfiguration@150ab4ed testClass = BoardRepositoryTest, locations = '{}', classes = '{class org.waldreg.repository.board.MemoryBoardRepository, class org.waldreg.repository.MemoryBoardStorage, class org.waldreg.repository.user.MemoryUserRepository, class org.waldreg.repository.MemoryUserStorage, class org.waldreg.repository.character.MemoryCharacterRepository, class org.waldreg.repository.MemoryCharacterStorage, class org.waldreg.repository.board.BoardMapper, class org.waldreg.repository.user.UserMapper, class org.waldreg.repository.character.CharacterMapper}', contextInitializerClasses = '[]', activeProfiles = '{}', propertySourceLocations = '{}', propertySourceProperties = '{}', contextCustomizers = set[org.springframework.boot.test.autoconfigure.actuate.metrics.MetricsExportContextCustomizerFactory$DisableMetricExportContextCustomizer@5c00384f, org.springframework.boot.test.autoconfigure.properties.PropertyMappingContextCustomizer@0, org.springframework.boot.test.autoconfigure.web.servlet.WebDriverContextCustomizerFactory$Customizer@4504d271, org.springframework.boot.test.context.filter.ExcludeFilterContextCustomizer@2b5825fa, org.springframework.boot.test.json.DuplicateJsonObjectContextCustomizerFactory$DuplicateJsonObjectContextCustomizer@2262b621, org.springframework.boot.test.mock.mockito.MockitoContextCustomizer@0], contextLoader = 'org.springframework.test.context.support.DelegatingSmartContextLoader', parent = [null]]]
14:53:55.436 [Test worker] DEBUG org.springframework.test.context.cache - Spring test ApplicationContext cache statistics: [DefaultContextCache@2d83c5a5 size = 1, maxSize = 32, parentContextCount = 0, hitCount = 51, missCount = 1]
14:53:55.436 [Test worker] DEBUG org.springframework.test.context.cache.DefaultCacheAwareContextLoaderDelegate - Retrieved ApplicationContext [883521348] from cache with key [[MergedContextConfiguration@150ab4ed testClass = BoardRepositoryTest, locations = '{}', classes = '{class org.waldreg.repository.board.MemoryBoardRepository, class org.waldreg.repository.MemoryBoardStorage, class org.waldreg.repository.user.MemoryUserRepository, class org.waldreg.repository.MemoryUserStorage, class org.waldreg.repository.character.MemoryCharacterRepository, class org.waldreg.repository.MemoryCharacterStorage, class org.waldreg.repository.board.BoardMapper, class org.waldreg.repository.user.UserMapper, class org.waldreg.repository.character.CharacterMapper}', contextInitializerClasses = '[]', activeProfiles = '{}', propertySourceLocations = '{}', propertySourceProperties = '{}', contextCustomizers = set[org.springframework.boot.test.autoconfigure.actuate.metrics.MetricsExportContextCustomizerFactory$DisableMetricExportContextCustomizer@5c00384f, org.springframework.boot.test.autoconfigure.properties.PropertyMappingContextCustomizer@0, org.springframework.boot.test.autoconfigure.web.servlet.WebDriverContextCustomizerFactory$Customizer@4504d271, org.springframework.boot.test.context.filter.ExcludeFilterContextCustomizer@2b5825fa, org.springframework.boot.test.json.DuplicateJsonObjectContextCustomizerFactory$DuplicateJsonObjectContextCustomizer@2262b621, org.springframework.boot.test.mock.mockito.MockitoContextCustomizer@0], contextLoader = 'org.springframework.test.context.support.DelegatingSmartContextLoader', parent = [null]]]
14:53:55.436 [Test worker] DEBUG org.springframework.test.context.cache - Spring test ApplicationContext cache statistics: [DefaultContextCache@2d83c5a5 size = 1, maxSize = 32, parentContextCount = 0, hitCount = 52, missCount = 1]
14:53:55.436 [Test worker] DEBUG org.springframework.test.context.cache.DefaultCacheAwareContextLoaderDelegate - Retrieved ApplicationContext [883521348] from cache with key [[MergedContextConfiguration@150ab4ed testClass = BoardRepositoryTest, locations = '{}', classes = '{class org.waldreg.repository.board.MemoryBoardRepository, class org.waldreg.repository.MemoryBoardStorage, class org.waldreg.repository.user.MemoryUserRepository, class org.waldreg.repository.MemoryUserStorage, class org.waldreg.repository.character.MemoryCharacterRepository, class org.waldreg.repository.MemoryCharacterStorage, class org.waldreg.repository.board.BoardMapper, class org.waldreg.repository.user.UserMapper, class org.waldreg.repository.character.CharacterMapper}', contextInitializerClasses = '[]', activeProfiles = '{}', propertySourceLocations = '{}', propertySourceProperties = '{}', contextCustomizers = set[org.springframework.boot.test.autoconfigure.actuate.metrics.MetricsExportContextCustomizerFactory$DisableMetricExportContextCustomizer@5c00384f, org.springframework.boot.test.autoconfigure.properties.PropertyMappingContextCustomizer@0, org.springframework.boot.test.autoconfigure.web.servlet.WebDriverContextCustomizerFactory$Customizer@4504d271, org.springframework.boot.test.context.filter.ExcludeFilterContextCustomizer@2b5825fa, org.springframework.boot.test.json.DuplicateJsonObjectContextCustomizerFactory$DuplicateJsonObjectContextCustomizer@2262b621, org.springframework.boot.test.mock.mockito.MockitoContextCustomizer@0], contextLoader = 'org.springframework.test.context.support.DelegatingSmartContextLoader', parent = [null]]]
14:53:55.436 [Test worker] DEBUG org.springframework.test.context.cache - Spring test ApplicationContext cache statistics: [DefaultContextCache@2d83c5a5 size = 1, maxSize = 32, parentContextCount = 0, hitCount = 53, missCount = 1]
14:53:55.437 [Test worker] DEBUG org.springframework.test.context.cache.DefaultCacheAwareContextLoaderDelegate - Retrieved ApplicationContext [883521348] from cache with key [[MergedContextConfiguration@150ab4ed testClass = BoardRepositoryTest, locations = '{}', classes = '{class org.waldreg.repository.board.MemoryBoardRepository, class org.waldreg.repository.MemoryBoardStorage, class org.waldreg.repository.user.MemoryUserRepository, class org.waldreg.repository.MemoryUserStorage, class org.waldreg.repository.character.MemoryCharacterRepository, class org.waldreg.repository.MemoryCharacterStorage, class org.waldreg.repository.board.BoardMapper, class org.waldreg.repository.user.UserMapper, class org.waldreg.repository.character.CharacterMapper}', contextInitializerClasses = '[]', activeProfiles = '{}', propertySourceLocations = '{}', propertySourceProperties = '{}', contextCustomizers = set[org.springframework.boot.test.autoconfigure.actuate.metrics.MetricsExportContextCustomizerFactory$DisableMetricExportContextCustomizer@5c00384f, org.springframework.boot.test.autoconfigure.properties.PropertyMappingContextCustomizer@0, org.springframework.boot.test.autoconfigure.web.servlet.WebDriverContextCustomizerFactory$Customizer@4504d271, org.springframework.boot.test.context.filter.ExcludeFilterContextCustomizer@2b5825fa, org.springframework.boot.test.json.DuplicateJsonObjectContextCustomizerFactory$DuplicateJsonObjectContextCustomizer@2262b621, org.springframework.boot.test.mock.mockito.MockitoContextCustomizer@0], contextLoader = 'org.springframework.test.context.support.DelegatingSmartContextLoader', parent = [null]]]
14:53:55.437 [Test worker] DEBUG org.springframework.test.context.cache - Spring test ApplicationContext cache statistics: [DefaultContextCache@2d83c5a5 size = 1, maxSize = 32, parentContextCount = 0, hitCount = 54, missCount = 1]
14:53:55.437 [Test worker] DEBUG org.springframework.test.context.support.AbstractDirtiesContextTestExecutionListener - After test method: context [DefaultTestContext@a8c1f44 testClass = BoardRepositoryTest, testInstance = org.waldreg.repository.board.BoardRepositoryTest@1c5c616f, testMethod = INQUIRY_BOARD_LIST_BY_CONTENT_SUCCESS_TEST@BoardRepositoryTest, testException = [null], mergedContextConfiguration = [MergedContextConfiguration@150ab4ed testClass = BoardRepositoryTest, locations = '{}', classes = '{class org.waldreg.repository.board.MemoryBoardRepository, class org.waldreg.repository.MemoryBoardStorage, class org.waldreg.repository.user.MemoryUserRepository, class org.waldreg.repository.MemoryUserStorage, class org.waldreg.repository.character.MemoryCharacterRepository, class org.waldreg.repository.MemoryCharacterStorage, class org.waldreg.repository.board.BoardMapper, class org.waldreg.repository.user.UserMapper, class org.waldreg.repository.character.CharacterMapper}', contextInitializerClasses = '[]', activeProfiles = '{}', propertySourceLocations = '{}', propertySourceProperties = '{}', contextCustomizers = set[org.springframework.boot.test.autoconfigure.actuate.metrics.MetricsExportContextCustomizerFactory$DisableMetricExportContextCustomizer@5c00384f, org.springframework.boot.test.autoconfigure.properties.PropertyMappingContextCustomizer@0, org.springframework.boot.test.autoconfigure.web.servlet.WebDriverContextCustomizerFactory$Customizer@4504d271, org.springframework.boot.test.context.filter.ExcludeFilterContextCustomizer@2b5825fa, org.springframework.boot.test.json.DuplicateJsonObjectContextCustomizerFactory$DuplicateJsonObjectContextCustomizer@2262b621, org.springframework.boot.test.mock.mockito.MockitoContextCustomizer@0], contextLoader = 'org.springframework.test.context.support.DelegatingSmartContextLoader', parent = [null]], attributes = map['org.springframework.test.context.event.ApplicationEventsTestExecutionListener.recordApplicationEvents' -> false]], class annotated with @DirtiesContext [false] with mode [null], method annotated with @DirtiesContext [false] with mode [null].
14:53:55.438 [Test worker] DEBUG org.springframework.test.context.support.DependencyInjectionTestExecutionListener - Performing dependency injection for test context [[DefaultTestContext@a8c1f44 testClass = BoardRepositoryTest, testInstance = org.waldreg.repository.board.BoardRepositoryTest@16a49a5d, testMethod = [null], testException = [null], mergedContextConfiguration = [MergedContextConfiguration@150ab4ed testClass = BoardRepositoryTest, locations = '{}', classes = '{class org.waldreg.repository.board.MemoryBoardRepository, class org.waldreg.repository.MemoryBoardStorage, class org.waldreg.repository.user.MemoryUserRepository, class org.waldreg.repository.MemoryUserStorage, class org.waldreg.repository.character.MemoryCharacterRepository, class org.waldreg.repository.MemoryCharacterStorage, class org.waldreg.repository.board.BoardMapper, class org.waldreg.repository.user.UserMapper, class org.waldreg.repository.character.CharacterMapper}', contextInitializerClasses = '[]', activeProfiles = '{}', propertySourceLocations = '{}', propertySourceProperties = '{}', contextCustomizers = set[org.springframework.boot.test.autoconfigure.actuate.metrics.MetricsExportContextCustomizerFactory$DisableMetricExportContextCustomizer@5c00384f, org.springframework.boot.test.autoconfigure.properties.PropertyMappingContextCustomizer@0, org.springframework.boot.test.autoconfigure.web.servlet.WebDriverContextCustomizerFactory$Customizer@4504d271, org.springframework.boot.test.context.filter.ExcludeFilterContextCustomizer@2b5825fa, org.springframework.boot.test.json.DuplicateJsonObjectContextCustomizerFactory$DuplicateJsonObjectContextCustomizer@2262b621, org.springframework.boot.test.mock.mockito.MockitoContextCustomizer@0], contextLoader = 'org.springframework.test.context.support.DelegatingSmartContextLoader', parent = [null]], attributes = map['org.springframework.test.context.event.ApplicationEventsTestExecutionListener.recordApplicationEvents' -> false]]].
14:53:55.439 [Test worker] DEBUG org.springframework.test.context.cache.DefaultCacheAwareContextLoaderDelegate - Retrieved ApplicationContext [883521348] from cache with key [[MergedContextConfiguration@150ab4ed testClass = BoardRepositoryTest, locations = '{}', classes = '{class org.waldreg.repository.board.MemoryBoardRepository, class org.waldreg.repository.MemoryBoardStorage, class org.waldreg.repository.user.MemoryUserRepository, class org.waldreg.repository.MemoryUserStorage, class org.waldreg.repository.character.MemoryCharacterRepository, class org.waldreg.repository.MemoryCharacterStorage, class org.waldreg.repository.board.BoardMapper, class org.waldreg.repository.user.UserMapper, class org.waldreg.repository.character.CharacterMapper}', contextInitializerClasses = '[]', activeProfiles = '{}', propertySourceLocations = '{}', propertySourceProperties = '{}', contextCustomizers = set[org.springframework.boot.test.autoconfigure.actuate.metrics.MetricsExportContextCustomizerFactory$DisableMetricExportContextCustomizer@5c00384f, org.springframework.boot.test.autoconfigure.properties.PropertyMappingContextCustomizer@0, org.springframework.boot.test.autoconfigure.web.servlet.WebDriverContextCustomizerFactory$Customizer@4504d271, org.springframework.boot.test.context.filter.ExcludeFilterContextCustomizer@2b5825fa, org.springframework.boot.test.json.DuplicateJsonObjectContextCustomizerFactory$DuplicateJsonObjectContextCustomizer@2262b621, org.springframework.boot.test.mock.mockito.MockitoContextCustomizer@0], contextLoader = 'org.springframework.test.context.support.DelegatingSmartContextLoader', parent = [null]]]
14:53:55.439 [Test worker] DEBUG org.springframework.test.context.cache - Spring test ApplicationContext cache statistics: [DefaultContextCache@2d83c5a5 size = 1, maxSize = 32, parentContextCount = 0, hitCount = 55, missCount = 1]
14:53:55.439 [Test worker] DEBUG org.springframework.test.context.cache.DefaultCacheAwareContextLoaderDelegate - Retrieved ApplicationContext [883521348] from cache with key [[MergedContextConfiguration@150ab4ed testClass = BoardRepositoryTest, locations = '{}', classes = '{class org.waldreg.repository.board.MemoryBoardRepository, class org.waldreg.repository.MemoryBoardStorage, class org.waldreg.repository.user.MemoryUserRepository, class org.waldreg.repository.MemoryUserStorage, class org.waldreg.repository.character.MemoryCharacterRepository, class org.waldreg.repository.MemoryCharacterStorage, class org.waldreg.repository.board.BoardMapper, class org.waldreg.repository.user.UserMapper, class org.waldreg.repository.character.CharacterMapper}', contextInitializerClasses = '[]', activeProfiles = '{}', propertySourceLocations = '{}', propertySourceProperties = '{}', contextCustomizers = set[org.springframework.boot.test.autoconfigure.actuate.metrics.MetricsExportContextCustomizerFactory$DisableMetricExportContextCustomizer@5c00384f, org.springframework.boot.test.autoconfigure.properties.PropertyMappingContextCustomizer@0, org.springframework.boot.test.autoconfigure.web.servlet.WebDriverContextCustomizerFactory$Customizer@4504d271, org.springframework.boot.test.context.filter.ExcludeFilterContextCustomizer@2b5825fa, org.springframework.boot.test.json.DuplicateJsonObjectContextCustomizerFactory$DuplicateJsonObjectContextCustomizer@2262b621, org.springframework.boot.test.mock.mockito.MockitoContextCustomizer@0], contextLoader = 'org.springframework.test.context.support.DelegatingSmartContextLoader', parent = [null]]]
14:53:55.439 [Test worker] DEBUG org.springframework.test.context.cache - Spring test ApplicationContext cache statistics: [DefaultContextCache@2d83c5a5 size = 1, maxSize = 32, parentContextCount = 0, hitCount = 56, missCount = 1]
14:53:55.441 [Test worker] DEBUG org.springframework.test.context.support.AbstractDirtiesContextTestExecutionListener - Before test method: context [DefaultTestContext@a8c1f44 testClass = BoardRepositoryTest, testInstance = org.waldreg.repository.board.BoardRepositoryTest@16a49a5d, testMethod = INQUIRY_ALL_BOARD_LIST_BY_CATEGORY_SUCCESS_TEST@BoardRepositoryTest, testException = [null], mergedContextConfiguration = [MergedContextConfiguration@150ab4ed testClass = BoardRepositoryTest, locations = '{}', classes = '{class org.waldreg.repository.board.MemoryBoardRepository, class org.waldreg.repository.MemoryBoardStorage, class org.waldreg.repository.user.MemoryUserRepository, class org.waldreg.repository.MemoryUserStorage, class org.waldreg.repository.character.MemoryCharacterRepository, class org.waldreg.repository.MemoryCharacterStorage, class org.waldreg.repository.board.BoardMapper, class org.waldreg.repository.user.UserMapper, class org.waldreg.repository.character.CharacterMapper}', contextInitializerClasses = '[]', activeProfiles = '{}', propertySourceLocations = '{}', propertySourceProperties = '{}', contextCustomizers = set[org.springframework.boot.test.autoconfigure.actuate.metrics.MetricsExportContextCustomizerFactory$DisableMetricExportContextCustomizer@5c00384f, org.springframework.boot.test.autoconfigure.properties.PropertyMappingContextCustomizer@0, org.springframework.boot.test.autoconfigure.web.servlet.WebDriverContextCustomizerFactory$Customizer@4504d271, org.springframework.boot.test.context.filter.ExcludeFilterContextCustomizer@2b5825fa, org.springframework.boot.test.json.DuplicateJsonObjectContextCustomizerFactory$DuplicateJsonObjectContextCustomizer@2262b621, org.springframework.boot.test.mock.mockito.MockitoContextCustomizer@0], contextLoader = 'org.springframework.test.context.support.DelegatingSmartContextLoader', parent = [null]], attributes = map['org.springframework.test.context.event.ApplicationEventsTestExecutionListener.recordApplicationEvents' -> false]], class annotated with @DirtiesContext [false] with mode [null], method annotated with @DirtiesContext [false] with mode [null].
14:53:55.441 [Test worker] DEBUG org.springframework.test.context.cache.DefaultCacheAwareContextLoaderDelegate - Retrieved ApplicationContext [883521348] from cache with key [[MergedContextConfiguration@150ab4ed testClass = BoardRepositoryTest, locations = '{}', classes = '{class org.waldreg.repository.board.MemoryBoardRepository, class org.waldreg.repository.MemoryBoardStorage, class org.waldreg.repository.user.MemoryUserRepository, class org.waldreg.repository.MemoryUserStorage, class org.waldreg.repository.character.MemoryCharacterRepository, class org.waldreg.repository.MemoryCharacterStorage, class org.waldreg.repository.board.BoardMapper, class org.waldreg.repository.user.UserMapper, class org.waldreg.repository.character.CharacterMapper}', contextInitializerClasses = '[]', activeProfiles = '{}', propertySourceLocations = '{}', propertySourceProperties = '{}', contextCustomizers = set[org.springframework.boot.test.autoconfigure.actuate.metrics.MetricsExportContextCustomizerFactory$DisableMetricExportContextCustomizer@5c00384f, org.springframework.boot.test.autoconfigure.properties.PropertyMappingContextCustomizer@0, org.springframework.boot.test.autoconfigure.web.servlet.WebDriverContextCustomizerFactory$Customizer@4504d271, org.springframework.boot.test.context.filter.ExcludeFilterContextCustomizer@2b5825fa, org.springframework.boot.test.json.DuplicateJsonObjectContextCustomizerFactory$DuplicateJsonObjectContextCustomizer@2262b621, org.springframework.boot.test.mock.mockito.MockitoContextCustomizer@0], contextLoader = 'org.springframework.test.context.support.DelegatingSmartContextLoader', parent = [null]]]
14:53:55.441 [Test worker] DEBUG org.springframework.test.context.cache - Spring test ApplicationContext cache statistics: [DefaultContextCache@2d83c5a5 size = 1, maxSize = 32, parentContextCount = 0, hitCount = 57, missCount = 1]
14:53:55.442 [Test worker] DEBUG org.springframework.test.context.cache.DefaultCacheAwareContextLoaderDelegate - Retrieved ApplicationContext [883521348] from cache with key [[MergedContextConfiguration@150ab4ed testClass = BoardRepositoryTest, locations = '{}', classes = '{class org.waldreg.repository.board.MemoryBoardRepository, class org.waldreg.repository.MemoryBoardStorage, class org.waldreg.repository.user.MemoryUserRepository, class org.waldreg.repository.MemoryUserStorage, class org.waldreg.repository.character.MemoryCharacterRepository, class org.waldreg.repository.MemoryCharacterStorage, class org.waldreg.repository.board.BoardMapper, class org.waldreg.repository.user.UserMapper, class org.waldreg.repository.character.CharacterMapper}', contextInitializerClasses = '[]', activeProfiles = '{}', propertySourceLocations = '{}', propertySourceProperties = '{}', contextCustomizers = set[org.springframework.boot.test.autoconfigure.actuate.metrics.MetricsExportContextCustomizerFactory$DisableMetricExportContextCustomizer@5c00384f, org.springframework.boot.test.autoconfigure.properties.PropertyMappingContextCustomizer@0, org.springframework.boot.test.autoconfigure.web.servlet.WebDriverContextCustomizerFactory$Customizer@4504d271, org.springframework.boot.test.context.filter.ExcludeFilterContextCustomizer@2b5825fa, org.springframework.boot.test.json.DuplicateJsonObjectContextCustomizerFactory$DuplicateJsonObjectContextCustomizer@2262b621, org.springframework.boot.test.mock.mockito.MockitoContextCustomizer@0], contextLoader = 'org.springframework.test.context.support.DelegatingSmartContextLoader', parent = [null]]]
14:53:55.442 [Test worker] DEBUG org.springframework.test.context.cache - Spring test ApplicationContext cache statistics: [DefaultContextCache@2d83c5a5 size = 1, maxSize = 32, parentContextCount = 0, hitCount = 58, missCount = 1]
14:53:55.443 [Test worker] DEBUG org.springframework.test.context.cache.DefaultCacheAwareContextLoaderDelegate - Retrieved ApplicationContext [883521348] from cache with key [[MergedContextConfiguration@150ab4ed testClass = BoardRepositoryTest, locations = '{}', classes = '{class org.waldreg.repository.board.MemoryBoardRepository, class org.waldreg.repository.MemoryBoardStorage, class org.waldreg.repository.user.MemoryUserRepository, class org.waldreg.repository.MemoryUserStorage, class org.waldreg.repository.character.MemoryCharacterRepository, class org.waldreg.repository.MemoryCharacterStorage, class org.waldreg.repository.board.BoardMapper, class org.waldreg.repository.user.UserMapper, class org.waldreg.repository.character.CharacterMapper}', contextInitializerClasses = '[]', activeProfiles = '{}', propertySourceLocations = '{}', propertySourceProperties = '{}', contextCustomizers = set[org.springframework.boot.test.autoconfigure.actuate.metrics.MetricsExportContextCustomizerFactory$DisableMetricExportContextCustomizer@5c00384f, org.springframework.boot.test.autoconfigure.properties.PropertyMappingContextCustomizer@0, org.springframework.boot.test.autoconfigure.web.servlet.WebDriverContextCustomizerFactory$Customizer@4504d271, org.springframework.boot.test.context.filter.ExcludeFilterContextCustomizer@2b5825fa, org.springframework.boot.test.json.DuplicateJsonObjectContextCustomizerFactory$DuplicateJsonObjectContextCustomizer@2262b621, org.springframework.boot.test.mock.mockito.MockitoContextCustomizer@0], contextLoader = 'org.springframework.test.context.support.DelegatingSmartContextLoader', parent = [null]]]
14:53:55.443 [Test worker] DEBUG org.springframework.test.context.cache - Spring test ApplicationContext cache statistics: [DefaultContextCache@2d83c5a5 size = 1, maxSize = 32, parentContextCount = 0, hitCount = 59, missCount = 1]
14:53:55.445 [Test worker] DEBUG org.springframework.test.context.cache.DefaultCacheAwareContextLoaderDelegate - Retrieved ApplicationContext [883521348] from cache with key [[MergedContextConfiguration@150ab4ed testClass = BoardRepositoryTest, locations = '{}', classes = '{class org.waldreg.repository.board.MemoryBoardRepository, class org.waldreg.repository.MemoryBoardStorage, class org.waldreg.repository.user.MemoryUserRepository, class org.waldreg.repository.MemoryUserStorage, class org.waldreg.repository.character.MemoryCharacterRepository, class org.waldreg.repository.MemoryCharacterStorage, class org.waldreg.repository.board.BoardMapper, class org.waldreg.repository.user.UserMapper, class org.waldreg.repository.character.CharacterMapper}', contextInitializerClasses = '[]', activeProfiles = '{}', propertySourceLocations = '{}', propertySourceProperties = '{}', contextCustomizers = set[org.springframework.boot.test.autoconfigure.actuate.metrics.MetricsExportContextCustomizerFactory$DisableMetricExportContextCustomizer@5c00384f, org.springframework.boot.test.autoconfigure.properties.PropertyMappingContextCustomizer@0, org.springframework.boot.test.autoconfigure.web.servlet.WebDriverContextCustomizerFactory$Customizer@4504d271, org.springframework.boot.test.context.filter.ExcludeFilterContextCustomizer@2b5825fa, org.springframework.boot.test.json.DuplicateJsonObjectContextCustomizerFactory$DuplicateJsonObjectContextCustomizer@2262b621, org.springframework.boot.test.mock.mockito.MockitoContextCustomizer@0], contextLoader = 'org.springframework.test.context.support.DelegatingSmartContextLoader', parent = [null]]]
14:53:55.445 [Test worker] DEBUG org.springframework.test.context.cache - Spring test ApplicationContext cache statistics: [DefaultContextCache@2d83c5a5 size = 1, maxSize = 32, parentContextCount = 0, hitCount = 60, missCount = 1]
14:53:55.445 [Test worker] DEBUG org.springframework.test.context.cache.DefaultCacheAwareContextLoaderDelegate - Retrieved ApplicationContext [883521348] from cache with key [[MergedContextConfiguration@150ab4ed testClass = BoardRepositoryTest, locations = '{}', classes = '{class org.waldreg.repository.board.MemoryBoardRepository, class org.waldreg.repository.MemoryBoardStorage, class org.waldreg.repository.user.MemoryUserRepository, class org.waldreg.repository.MemoryUserStorage, class org.waldreg.repository.character.MemoryCharacterRepository, class org.waldreg.repository.MemoryCharacterStorage, class org.waldreg.repository.board.BoardMapper, class org.waldreg.repository.user.UserMapper, class org.waldreg.repository.character.CharacterMapper}', contextInitializerClasses = '[]', activeProfiles = '{}', propertySourceLocations = '{}', propertySourceProperties = '{}', contextCustomizers = set[org.springframework.boot.test.autoconfigure.actuate.metrics.MetricsExportContextCustomizerFactory$DisableMetricExportContextCustomizer@5c00384f, org.springframework.boot.test.autoconfigure.properties.PropertyMappingContextCustomizer@0, org.springframework.boot.test.autoconfigure.web.servlet.WebDriverContextCustomizerFactory$Customizer@4504d271, org.springframework.boot.test.context.filter.ExcludeFilterContextCustomizer@2b5825fa, org.springframework.boot.test.json.DuplicateJsonObjectContextCustomizerFactory$DuplicateJsonObjectContextCustomizer@2262b621, org.springframework.boot.test.mock.mockito.MockitoContextCustomizer@0], contextLoader = 'org.springframework.test.context.support.DelegatingSmartContextLoader', parent = [null]]]
14:53:55.445 [Test worker] DEBUG org.springframework.test.context.cache - Spring test ApplicationContext cache statistics: [DefaultContextCache@2d83c5a5 size = 1, maxSize = 32, parentContextCount = 0, hitCount = 61, missCount = 1]
14:53:55.446 [Test worker] DEBUG org.springframework.test.context.cache.DefaultCacheAwareContextLoaderDelegate - Retrieved ApplicationContext [883521348] from cache with key [[MergedContextConfiguration@150ab4ed testClass = BoardRepositoryTest, locations = '{}', classes = '{class org.waldreg.repository.board.MemoryBoardRepository, class org.waldreg.repository.MemoryBoardStorage, class org.waldreg.repository.user.MemoryUserRepository, class org.waldreg.repository.MemoryUserStorage, class org.waldreg.repository.character.MemoryCharacterRepository, class org.waldreg.repository.MemoryCharacterStorage, class org.waldreg.repository.board.BoardMapper, class org.waldreg.repository.user.UserMapper, class org.waldreg.repository.character.CharacterMapper}', contextInitializerClasses = '[]', activeProfiles = '{}', propertySourceLocations = '{}', propertySourceProperties = '{}', contextCustomizers = set[org.springframework.boot.test.autoconfigure.actuate.metrics.MetricsExportContextCustomizerFactory$DisableMetricExportContextCustomizer@5c00384f, org.springframework.boot.test.autoconfigure.properties.PropertyMappingContextCustomizer@0, org.springframework.boot.test.autoconfigure.web.servlet.WebDriverContextCustomizerFactory$Customizer@4504d271, org.springframework.boot.test.context.filter.ExcludeFilterContextCustomizer@2b5825fa, org.springframework.boot.test.json.DuplicateJsonObjectContextCustomizerFactory$DuplicateJsonObjectContextCustomizer@2262b621, org.springframework.boot.test.mock.mockito.MockitoContextCustomizer@0], contextLoader = 'org.springframework.test.context.support.DelegatingSmartContextLoader', parent = [null]]]
14:53:55.446 [Test worker] DEBUG org.springframework.test.context.cache - Spring test ApplicationContext cache statistics: [DefaultContextCache@2d83c5a5 size = 1, maxSize = 32, parentContextCount = 0, hitCount = 62, missCount = 1]
14:53:55.446 [Test worker] DEBUG org.springframework.test.context.cache.DefaultCacheAwareContextLoaderDelegate - Retrieved ApplicationContext [883521348] from cache with key [[MergedContextConfiguration@150ab4ed testClass = BoardRepositoryTest, locations = '{}', classes = '{class org.waldreg.repository.board.MemoryBoardRepository, class org.waldreg.repository.MemoryBoardStorage, class org.waldreg.repository.user.MemoryUserRepository, class org.waldreg.repository.MemoryUserStorage, class org.waldreg.repository.character.MemoryCharacterRepository, class org.waldreg.repository.MemoryCharacterStorage, class org.waldreg.repository.board.BoardMapper, class org.waldreg.repository.user.UserMapper, class org.waldreg.repository.character.CharacterMapper}', contextInitializerClasses = '[]', activeProfiles = '{}', propertySourceLocations = '{}', propertySourceProperties = '{}', contextCustomizers = set[org.springframework.boot.test.autoconfigure.actuate.metrics.MetricsExportContextCustomizerFactory$DisableMetricExportContextCustomizer@5c00384f, org.springframework.boot.test.autoconfigure.properties.PropertyMappingContextCustomizer@0, org.springframework.boot.test.autoconfigure.web.servlet.WebDriverContextCustomizerFactory$Customizer@4504d271, org.springframework.boot.test.context.filter.ExcludeFilterContextCustomizer@2b5825fa, org.springframework.boot.test.json.DuplicateJsonObjectContextCustomizerFactory$DuplicateJsonObjectContextCustomizer@2262b621, org.springframework.boot.test.mock.mockito.MockitoContextCustomizer@0], contextLoader = 'org.springframework.test.context.support.DelegatingSmartContextLoader', parent = [null]]]
14:53:55.446 [Test worker] DEBUG org.springframework.test.context.cache - Spring test ApplicationContext cache statistics: [DefaultContextCache@2d83c5a5 size = 1, maxSize = 32, parentContextCount = 0, hitCount = 63, missCount = 1]
14:53:55.447 [Test worker] DEBUG org.springframework.test.context.cache.DefaultCacheAwareContextLoaderDelegate - Retrieved ApplicationContext [883521348] from cache with key [[MergedContextConfiguration@150ab4ed testClass = BoardRepositoryTest, locations = '{}', classes = '{class org.waldreg.repository.board.MemoryBoardRepository, class org.waldreg.repository.MemoryBoardStorage, class org.waldreg.repository.user.MemoryUserRepository, class org.waldreg.repository.MemoryUserStorage, class org.waldreg.repository.character.MemoryCharacterRepository, class org.waldreg.repository.MemoryCharacterStorage, class org.waldreg.repository.board.BoardMapper, class org.waldreg.repository.user.UserMapper, class org.waldreg.repository.character.CharacterMapper}', contextInitializerClasses = '[]', activeProfiles = '{}', propertySourceLocations = '{}', propertySourceProperties = '{}', contextCustomizers = set[org.springframework.boot.test.autoconfigure.actuate.metrics.MetricsExportContextCustomizerFactory$DisableMetricExportContextCustomizer@5c00384f, org.springframework.boot.test.autoconfigure.properties.PropertyMappingContextCustomizer@0, org.springframework.boot.test.autoconfigure.web.servlet.WebDriverContextCustomizerFactory$Customizer@4504d271, org.springframework.boot.test.context.filter.ExcludeFilterContextCustomizer@2b5825fa, org.springframework.boot.test.json.DuplicateJsonObjectContextCustomizerFactory$DuplicateJsonObjectContextCustomizer@2262b621, org.springframework.boot.test.mock.mockito.MockitoContextCustomizer@0], contextLoader = 'org.springframework.test.context.support.DelegatingSmartContextLoader', parent = [null]]]
14:53:55.448 [Test worker] DEBUG org.springframework.test.context.cache - Spring test ApplicationContext cache statistics: [DefaultContextCache@2d83c5a5 size = 1, maxSize = 32, parentContextCount = 0, hitCount = 64, missCount = 1]
14:53:55.449 [Test worker] DEBUG org.springframework.test.context.cache.DefaultCacheAwareContextLoaderDelegate - Retrieved ApplicationContext [883521348] from cache with key [[MergedContextConfiguration@150ab4ed testClass = BoardRepositoryTest, locations = '{}', classes = '{class org.waldreg.repository.board.MemoryBoardRepository, class org.waldreg.repository.MemoryBoardStorage, class org.waldreg.repository.user.MemoryUserRepository, class org.waldreg.repository.MemoryUserStorage, class org.waldreg.repository.character.MemoryCharacterRepository, class org.waldreg.repository.MemoryCharacterStorage, class org.waldreg.repository.board.BoardMapper, class org.waldreg.repository.user.UserMapper, class org.waldreg.repository.character.CharacterMapper}', contextInitializerClasses = '[]', activeProfiles = '{}', propertySourceLocations = '{}', propertySourceProperties = '{}', contextCustomizers = set[org.springframework.boot.test.autoconfigure.actuate.metrics.MetricsExportContextCustomizerFactory$DisableMetricExportContextCustomizer@5c00384f, org.springframework.boot.test.autoconfigure.properties.PropertyMappingContextCustomizer@0, org.springframework.boot.test.autoconfigure.web.servlet.WebDriverContextCustomizerFactory$Customizer@4504d271, org.springframework.boot.test.context.filter.ExcludeFilterContextCustomizer@2b5825fa, org.springframework.boot.test.json.DuplicateJsonObjectContextCustomizerFactory$DuplicateJsonObjectContextCustomizer@2262b621, org.springframework.boot.test.mock.mockito.MockitoContextCustomizer@0], contextLoader = 'org.springframework.test.context.support.DelegatingSmartContextLoader', parent = [null]]]
14:53:55.449 [Test worker] DEBUG org.springframework.test.context.cache - Spring test ApplicationContext cache statistics: [DefaultContextCache@2d83c5a5 size = 1, maxSize = 32, parentContextCount = 0, hitCount = 65, missCount = 1]
14:53:55.450 [Test worker] DEBUG org.springframework.test.context.support.AbstractDirtiesContextTestExecutionListener - After test method: context [DefaultTestContext@a8c1f44 testClass = BoardRepositoryTest, testInstance = org.waldreg.repository.board.BoardRepositoryTest@16a49a5d, testMethod = INQUIRY_ALL_BOARD_LIST_BY_CATEGORY_SUCCESS_TEST@BoardRepositoryTest, testException = [null], mergedContextConfiguration = [MergedContextConfiguration@150ab4ed testClass = BoardRepositoryTest, locations = '{}', classes = '{class org.waldreg.repository.board.MemoryBoardRepository, class org.waldreg.repository.MemoryBoardStorage, class org.waldreg.repository.user.MemoryUserRepository, class org.waldreg.repository.MemoryUserStorage, class org.waldreg.repository.character.MemoryCharacterRepository, class org.waldreg.repository.MemoryCharacterStorage, class org.waldreg.repository.board.BoardMapper, class org.waldreg.repository.user.UserMapper, class org.waldreg.repository.character.CharacterMapper}', contextInitializerClasses = '[]', activeProfiles = '{}', propertySourceLocations = '{}', propertySourceProperties = '{}', contextCustomizers = set[org.springframework.boot.test.autoconfigure.actuate.metrics.MetricsExportContextCustomizerFactory$DisableMetricExportContextCustomizer@5c00384f, org.springframework.boot.test.autoconfigure.properties.PropertyMappingContextCustomizer@0, org.springframework.boot.test.autoconfigure.web.servlet.WebDriverContextCustomizerFactory$Customizer@4504d271, org.springframework.boot.test.context.filter.ExcludeFilterContextCustomizer@2b5825fa, org.springframework.boot.test.json.DuplicateJsonObjectContextCustomizerFactory$DuplicateJsonObjectContextCustomizer@2262b621, org.springframework.boot.test.mock.mockito.MockitoContextCustomizer@0], contextLoader = 'org.springframework.test.context.support.DelegatingSmartContextLoader', parent = [null]], attributes = map['org.springframework.test.context.event.ApplicationEventsTestExecutionListener.recordApplicationEvents' -> false]], class annotated with @DirtiesContext [false] with mode [null], method annotated with @DirtiesContext [false] with mode [null].
14:53:55.451 [Test worker] DEBUG org.springframework.test.context.support.DependencyInjectionTestExecutionListener - Performing dependency injection for test context [[DefaultTestContext@a8c1f44 testClass = BoardRepositoryTest, testInstance = org.waldreg.repository.board.BoardRepositoryTest@702c436b, testMethod = [null], testException = [null], mergedContextConfiguration = [MergedContextConfiguration@150ab4ed testClass = BoardRepositoryTest, locations = '{}', classes = '{class org.waldreg.repository.board.MemoryBoardRepository, class org.waldreg.repository.MemoryBoardStorage, class org.waldreg.repository.user.MemoryUserRepository, class org.waldreg.repository.MemoryUserStorage, class org.waldreg.repository.character.MemoryCharacterRepository, class org.waldreg.repository.MemoryCharacterStorage, class org.waldreg.repository.board.BoardMapper, class org.waldreg.repository.user.UserMapper, class org.waldreg.repository.character.CharacterMapper}', contextInitializerClasses = '[]', activeProfiles = '{}', propertySourceLocations = '{}', propertySourceProperties = '{}', contextCustomizers = set[org.springframework.boot.test.autoconfigure.actuate.metrics.MetricsExportContextCustomizerFactory$DisableMetricExportContextCustomizer@5c00384f, org.springframework.boot.test.autoconfigure.properties.PropertyMappingContextCustomizer@0, org.springframework.boot.test.autoconfigure.web.servlet.WebDriverContextCustomizerFactory$Customizer@4504d271, org.springframework.boot.test.context.filter.ExcludeFilterContextCustomizer@2b5825fa, org.springframework.boot.test.json.DuplicateJsonObjectContextCustomizerFactory$DuplicateJsonObjectContextCustomizer@2262b621, org.springframework.boot.test.mock.mockito.MockitoContextCustomizer@0], contextLoader = 'org.springframework.test.context.support.DelegatingSmartContextLoader', parent = [null]], attributes = map['org.springframework.test.context.event.ApplicationEventsTestExecutionListener.recordApplicationEvents' -> false]]].
14:53:55.451 [Test worker] DEBUG org.springframework.test.context.cache.DefaultCacheAwareContextLoaderDelegate - Retrieved ApplicationContext [883521348] from cache with key [[MergedContextConfiguration@150ab4ed testClass = BoardRepositoryTest, locations = '{}', classes = '{class org.waldreg.repository.board.MemoryBoardRepository, class org.waldreg.repository.MemoryBoardStorage, class org.waldreg.repository.user.MemoryUserRepository, class org.waldreg.repository.MemoryUserStorage, class org.waldreg.repository.character.MemoryCharacterRepository, class org.waldreg.repository.MemoryCharacterStorage, class org.waldreg.repository.board.BoardMapper, class org.waldreg.repository.user.UserMapper, class org.waldreg.repository.character.CharacterMapper}', contextInitializerClasses = '[]', activeProfiles = '{}', propertySourceLocations = '{}', propertySourceProperties = '{}', contextCustomizers = set[org.springframework.boot.test.autoconfigure.actuate.metrics.MetricsExportContextCustomizerFactory$DisableMetricExportContextCustomizer@5c00384f, org.springframework.boot.test.autoconfigure.properties.PropertyMappingContextCustomizer@0, org.springframework.boot.test.autoconfigure.web.servlet.WebDriverContextCustomizerFactory$Customizer@4504d271, org.springframework.boot.test.context.filter.ExcludeFilterContextCustomizer@2b5825fa, org.springframework.boot.test.json.DuplicateJsonObjectContextCustomizerFactory$DuplicateJsonObjectContextCustomizer@2262b621, org.springframework.boot.test.mock.mockito.MockitoContextCustomizer@0], contextLoader = 'org.springframework.test.context.support.DelegatingSmartContextLoader', parent = [null]]]
14:53:55.451 [Test worker] DEBUG org.springframework.test.context.cache - Spring test ApplicationContext cache statistics: [DefaultContextCache@2d83c5a5 size = 1, maxSize = 32, parentContextCount = 0, hitCount = 66, missCount = 1]
14:53:55.451 [Test worker] DEBUG org.springframework.test.context.cache.DefaultCacheAwareContextLoaderDelegate - Retrieved ApplicationContext [883521348] from cache with key [[MergedContextConfiguration@150ab4ed testClass = BoardRepositoryTest, locations = '{}', classes = '{class org.waldreg.repository.board.MemoryBoardRepository, class org.waldreg.repository.MemoryBoardStorage, class org.waldreg.repository.user.MemoryUserRepository, class org.waldreg.repository.MemoryUserStorage, class org.waldreg.repository.character.MemoryCharacterRepository, class org.waldreg.repository.MemoryCharacterStorage, class org.waldreg.repository.board.BoardMapper, class org.waldreg.repository.user.UserMapper, class org.waldreg.repository.character.CharacterMapper}', contextInitializerClasses = '[]', activeProfiles = '{}', propertySourceLocations = '{}', propertySourceProperties = '{}', contextCustomizers = set[org.springframework.boot.test.autoconfigure.actuate.metrics.MetricsExportContextCustomizerFactory$DisableMetricExportContextCustomizer@5c00384f, org.springframework.boot.test.autoconfigure.properties.PropertyMappingContextCustomizer@0, org.springframework.boot.test.autoconfigure.web.servlet.WebDriverContextCustomizerFactory$Customizer@4504d271, org.springframework.boot.test.context.filter.ExcludeFilterContextCustomizer@2b5825fa, org.springframework.boot.test.json.DuplicateJsonObjectContextCustomizerFactory$DuplicateJsonObjectContextCustomizer@2262b621, org.springframework.boot.test.mock.mockito.MockitoContextCustomizer@0], contextLoader = 'org.springframework.test.context.support.DelegatingSmartContextLoader', parent = [null]]]
14:53:55.451 [Test worker] DEBUG org.springframework.test.context.cache - Spring test ApplicationContext cache statistics: [DefaultContextCache@2d83c5a5 size = 1, maxSize = 32, parentContextCount = 0, hitCount = 67, missCount = 1]
14:53:55.452 [Test worker] DEBUG org.springframework.test.context.support.AbstractDirtiesContextTestExecutionListener - Before test method: context [DefaultTestContext@a8c1f44 testClass = BoardRepositoryTest, testInstance = org.waldreg.repository.board.BoardRepositoryTest@702c436b, testMethod = INQUIRY_BOARD_LIST_BY_TITLE_SUCCESS_TEST@BoardRepositoryTest, testException = [null], mergedContextConfiguration = [MergedContextConfiguration@150ab4ed testClass = BoardRepositoryTest, locations = '{}', classes = '{class org.waldreg.repository.board.MemoryBoardRepository, class org.waldreg.repository.MemoryBoardStorage, class org.waldreg.repository.user.MemoryUserRepository, class org.waldreg.repository.MemoryUserStorage, class org.waldreg.repository.character.MemoryCharacterRepository, class org.waldreg.repository.MemoryCharacterStorage, class org.waldreg.repository.board.BoardMapper, class org.waldreg.repository.user.UserMapper, class org.waldreg.repository.character.CharacterMapper}', contextInitializerClasses = '[]', activeProfiles = '{}', propertySourceLocations = '{}', propertySourceProperties = '{}', contextCustomizers = set[org.springframework.boot.test.autoconfigure.actuate.metrics.MetricsExportContextCustomizerFactory$DisableMetricExportContextCustomizer@5c00384f, org.springframework.boot.test.autoconfigure.properties.PropertyMappingContextCustomizer@0, org.springframework.boot.test.autoconfigure.web.servlet.WebDriverContextCustomizerFactory$Customizer@4504d271, org.springframework.boot.test.context.filter.ExcludeFilterContextCustomizer@2b5825fa, org.springframework.boot.test.json.DuplicateJsonObjectContextCustomizerFactory$DuplicateJsonObjectContextCustomizer@2262b621, org.springframework.boot.test.mock.mockito.MockitoContextCustomizer@0], contextLoader = 'org.springframework.test.context.support.DelegatingSmartContextLoader', parent = [null]], attributes = map['org.springframework.test.context.event.ApplicationEventsTestExecutionListener.recordApplicationEvents' -> false]], class annotated with @DirtiesContext [false] with mode [null], method annotated with @DirtiesContext [false] with mode [null].
14:53:55.452 [Test worker] DEBUG org.springframework.test.context.cache.DefaultCacheAwareContextLoaderDelegate - Retrieved ApplicationContext [883521348] from cache with key [[MergedContextConfiguration@150ab4ed testClass = BoardRepositoryTest, locations = '{}', classes = '{class org.waldreg.repository.board.MemoryBoardRepository, class org.waldreg.repository.MemoryBoardStorage, class org.waldreg.repository.user.MemoryUserRepository, class org.waldreg.repository.MemoryUserStorage, class org.waldreg.repository.character.MemoryCharacterRepository, class org.waldreg.repository.MemoryCharacterStorage, class org.waldreg.repository.board.BoardMapper, class org.waldreg.repository.user.UserMapper, class org.waldreg.repository.character.CharacterMapper}', contextInitializerClasses = '[]', activeProfiles = '{}', propertySourceLocations = '{}', propertySourceProperties = '{}', contextCustomizers = set[org.springframework.boot.test.autoconfigure.actuate.metrics.MetricsExportContextCustomizerFactory$DisableMetricExportContextCustomizer@5c00384f, org.springframework.boot.test.autoconfigure.properties.PropertyMappingContextCustomizer@0, org.springframework.boot.test.autoconfigure.web.servlet.WebDriverContextCustomizerFactory$Customizer@4504d271, org.springframework.boot.test.context.filter.ExcludeFilterContextCustomizer@2b5825fa, org.springframework.boot.test.json.DuplicateJsonObjectContextCustomizerFactory$DuplicateJsonObjectContextCustomizer@2262b621, org.springframework.boot.test.mock.mockito.MockitoContextCustomizer@0], contextLoader = 'org.springframework.test.context.support.DelegatingSmartContextLoader', parent = [null]]]
14:53:55.452 [Test worker] DEBUG org.springframework.test.context.cache - Spring test ApplicationContext cache statistics: [DefaultContextCache@2d83c5a5 size = 1, maxSize = 32, parentContextCount = 0, hitCount = 68, missCount = 1]
14:53:55.453 [Test worker] DEBUG org.springframework.test.context.cache.DefaultCacheAwareContextLoaderDelegate - Retrieved ApplicationContext [883521348] from cache with key [[MergedContextConfiguration@150ab4ed testClass = BoardRepositoryTest, locations = '{}', classes = '{class org.waldreg.repository.board.MemoryBoardRepository, class org.waldreg.repository.MemoryBoardStorage, class org.waldreg.repository.user.MemoryUserRepository, class org.waldreg.repository.MemoryUserStorage, class org.waldreg.repository.character.MemoryCharacterRepository, class org.waldreg.repository.MemoryCharacterStorage, class org.waldreg.repository.board.BoardMapper, class org.waldreg.repository.user.UserMapper, class org.waldreg.repository.character.CharacterMapper}', contextInitializerClasses = '[]', activeProfiles = '{}', propertySourceLocations = '{}', propertySourceProperties = '{}', contextCustomizers = set[org.springframework.boot.test.autoconfigure.actuate.metrics.MetricsExportContextCustomizerFactory$DisableMetricExportContextCustomizer@5c00384f, org.springframework.boot.test.autoconfigure.properties.PropertyMappingContextCustomizer@0, org.springframework.boot.test.autoconfigure.web.servlet.WebDriverContextCustomizerFactory$Customizer@4504d271, org.springframework.boot.test.context.filter.ExcludeFilterContextCustomizer@2b5825fa, org.springframework.boot.test.json.DuplicateJsonObjectContextCustomizerFactory$DuplicateJsonObjectContextCustomizer@2262b621, org.springframework.boot.test.mock.mockito.MockitoContextCustomizer@0], contextLoader = 'org.springframework.test.context.support.DelegatingSmartContextLoader', parent = [null]]]
14:53:55.453 [Test worker] DEBUG org.springframework.test.context.cache - Spring test ApplicationContext cache statistics: [DefaultContextCache@2d83c5a5 size = 1, maxSize = 32, parentContextCount = 0, hitCount = 69, missCount = 1]
14:53:55.453 [Test worker] DEBUG org.springframework.test.context.cache.DefaultCacheAwareContextLoaderDelegate - Retrieved ApplicationContext [883521348] from cache with key [[MergedContextConfiguration@150ab4ed testClass = BoardRepositoryTest, locations = '{}', classes = '{class org.waldreg.repository.board.MemoryBoardRepository, class org.waldreg.repository.MemoryBoardStorage, class org.waldreg.repository.user.MemoryUserRepository, class org.waldreg.repository.MemoryUserStorage, class org.waldreg.repository.character.MemoryCharacterRepository, class org.waldreg.repository.MemoryCharacterStorage, class org.waldreg.repository.board.BoardMapper, class org.waldreg.repository.user.UserMapper, class org.waldreg.repository.character.CharacterMapper}', contextInitializerClasses = '[]', activeProfiles = '{}', propertySourceLocations = '{}', propertySourceProperties = '{}', contextCustomizers = set[org.springframework.boot.test.autoconfigure.actuate.metrics.MetricsExportContextCustomizerFactory$DisableMetricExportContextCustomizer@5c00384f, org.springframework.boot.test.autoconfigure.properties.PropertyMappingContextCustomizer@0, org.springframework.boot.test.autoconfigure.web.servlet.WebDriverContextCustomizerFactory$Customizer@4504d271, org.springframework.boot.test.context.filter.ExcludeFilterContextCustomizer@2b5825fa, org.springframework.boot.test.json.DuplicateJsonObjectContextCustomizerFactory$DuplicateJsonObjectContextCustomizer@2262b621, org.springframework.boot.test.mock.mockito.MockitoContextCustomizer@0], contextLoader = 'org.springframework.test.context.support.DelegatingSmartContextLoader', parent = [null]]]
14:53:55.453 [Test worker] DEBUG org.springframework.test.context.cache - Spring test ApplicationContext cache statistics: [DefaultContextCache@2d83c5a5 size = 1, maxSize = 32, parentContextCount = 0, hitCount = 70, missCount = 1]
14:53:55.456 [Test worker] DEBUG org.springframework.test.context.cache.DefaultCacheAwareContextLoaderDelegate - Retrieved ApplicationContext [883521348] from cache with key [[MergedContextConfiguration@150ab4ed testClass = BoardRepositoryTest, locations = '{}', classes = '{class org.waldreg.repository.board.MemoryBoardRepository, class org.waldreg.repository.MemoryBoardStorage, class org.waldreg.repository.user.MemoryUserRepository, class org.waldreg.repository.MemoryUserStorage, class org.waldreg.repository.character.MemoryCharacterRepository, class org.waldreg.repository.MemoryCharacterStorage, class org.waldreg.repository.board.BoardMapper, class org.waldreg.repository.user.UserMapper, class org.waldreg.repository.character.CharacterMapper}', contextInitializerClasses = '[]', activeProfiles = '{}', propertySourceLocations = '{}', propertySourceProperties = '{}', contextCustomizers = set[org.springframework.boot.test.autoconfigure.actuate.metrics.MetricsExportContextCustomizerFactory$DisableMetricExportContextCustomizer@5c00384f, org.springframework.boot.test.autoconfigure.properties.PropertyMappingContextCustomizer@0, org.springframework.boot.test.autoconfigure.web.servlet.WebDriverContextCustomizerFactory$Customizer@4504d271, org.springframework.boot.test.context.filter.ExcludeFilterContextCustomizer@2b5825fa, org.springframework.boot.test.json.DuplicateJsonObjectContextCustomizerFactory$DuplicateJsonObjectContextCustomizer@2262b621, org.springframework.boot.test.mock.mockito.MockitoContextCustomizer@0], contextLoader = 'org.springframework.test.context.support.DelegatingSmartContextLoader', parent = [null]]]
14:53:55.456 [Test worker] DEBUG org.springframework.test.context.cache - Spring test ApplicationContext cache statistics: [DefaultContextCache@2d83c5a5 size = 1, maxSize = 32, parentContextCount = 0, hitCount = 71, missCount = 1]
14:53:55.456 [Test worker] DEBUG org.springframework.test.context.cache.DefaultCacheAwareContextLoaderDelegate - Retrieved ApplicationContext [883521348] from cache with key [[MergedContextConfiguration@150ab4ed testClass = BoardRepositoryTest, locations = '{}', classes = '{class org.waldreg.repository.board.MemoryBoardRepository, class org.waldreg.repository.MemoryBoardStorage, class org.waldreg.repository.user.MemoryUserRepository, class org.waldreg.repository.MemoryUserStorage, class org.waldreg.repository.character.MemoryCharacterRepository, class org.waldreg.repository.MemoryCharacterStorage, class org.waldreg.repository.board.BoardMapper, class org.waldreg.repository.user.UserMapper, class org.waldreg.repository.character.CharacterMapper}', contextInitializerClasses = '[]', activeProfiles = '{}', propertySourceLocations = '{}', propertySourceProperties = '{}', contextCustomizers = set[org.springframework.boot.test.autoconfigure.actuate.metrics.MetricsExportContextCustomizerFactory$DisableMetricExportContextCustomizer@5c00384f, org.springframework.boot.test.autoconfigure.properties.PropertyMappingContextCustomizer@0, org.springframework.boot.test.autoconfigure.web.servlet.WebDriverContextCustomizerFactory$Customizer@4504d271, org.springframework.boot.test.context.filter.ExcludeFilterContextCustomizer@2b5825fa, org.springframework.boot.test.json.DuplicateJsonObjectContextCustomizerFactory$DuplicateJsonObjectContextCustomizer@2262b621, org.springframework.boot.test.mock.mockito.MockitoContextCustomizer@0], contextLoader = 'org.springframework.test.context.support.DelegatingSmartContextLoader', parent = [null]]]
14:53:55.457 [Test worker] DEBUG org.springframework.test.context.cache - Spring test ApplicationContext cache statistics: [DefaultContextCache@2d83c5a5 size = 1, maxSize = 32, parentContextCount = 0, hitCount = 72, missCount = 1]
14:53:55.457 [Test worker] DEBUG org.springframework.test.context.cache.DefaultCacheAwareContextLoaderDelegate - Retrieved ApplicationContext [883521348] from cache with key [[MergedContextConfiguration@150ab4ed testClass = BoardRepositoryTest, locations = '{}', classes = '{class org.waldreg.repository.board.MemoryBoardRepository, class org.waldreg.repository.MemoryBoardStorage, class org.waldreg.repository.user.MemoryUserRepository, class org.waldreg.repository.MemoryUserStorage, class org.waldreg.repository.character.MemoryCharacterRepository, class org.waldreg.repository.MemoryCharacterStorage, class org.waldreg.repository.board.BoardMapper, class org.waldreg.repository.user.UserMapper, class org.waldreg.repository.character.CharacterMapper}', contextInitializerClasses = '[]', activeProfiles = '{}', propertySourceLocations = '{}', propertySourceProperties = '{}', contextCustomizers = set[org.springframework.boot.test.autoconfigure.actuate.metrics.MetricsExportContextCustomizerFactory$DisableMetricExportContextCustomizer@5c00384f, org.springframework.boot.test.autoconfigure.properties.PropertyMappingContextCustomizer@0, org.springframework.boot.test.autoconfigure.web.servlet.WebDriverContextCustomizerFactory$Customizer@4504d271, org.springframework.boot.test.context.filter.ExcludeFilterContextCustomizer@2b5825fa, org.springframework.boot.test.json.DuplicateJsonObjectContextCustomizerFactory$DuplicateJsonObjectContextCustomizer@2262b621, org.springframework.boot.test.mock.mockito.MockitoContextCustomizer@0], contextLoader = 'org.springframework.test.context.support.DelegatingSmartContextLoader', parent = [null]]]
14:53:55.458 [Test worker] DEBUG org.springframework.test.context.cache - Spring test ApplicationContext cache statistics: [DefaultContextCache@2d83c5a5 size = 1, maxSize = 32, parentContextCount = 0, hitCount = 73, missCount = 1]
14:53:55.458 [Test worker] DEBUG org.springframework.test.context.cache.DefaultCacheAwareContextLoaderDelegate - Retrieved ApplicationContext [883521348] from cache with key [[MergedContextConfiguration@150ab4ed testClass = BoardRepositoryTest, locations = '{}', classes = '{class org.waldreg.repository.board.MemoryBoardRepository, class org.waldreg.repository.MemoryBoardStorage, class org.waldreg.repository.user.MemoryUserRepository, class org.waldreg.repository.MemoryUserStorage, class org.waldreg.repository.character.MemoryCharacterRepository, class org.waldreg.repository.MemoryCharacterStorage, class org.waldreg.repository.board.BoardMapper, class org.waldreg.repository.user.UserMapper, class org.waldreg.repository.character.CharacterMapper}', contextInitializerClasses = '[]', activeProfiles = '{}', propertySourceLocations = '{}', propertySourceProperties = '{}', contextCustomizers = set[org.springframework.boot.test.autoconfigure.actuate.metrics.MetricsExportContextCustomizerFactory$DisableMetricExportContextCustomizer@5c00384f, org.springframework.boot.test.autoconfigure.properties.PropertyMappingContextCustomizer@0, org.springframework.boot.test.autoconfigure.web.servlet.WebDriverContextCustomizerFactory$Customizer@4504d271, org.springframework.boot.test.context.filter.ExcludeFilterContextCustomizer@2b5825fa, org.springframework.boot.test.json.DuplicateJsonObjectContextCustomizerFactory$DuplicateJsonObjectContextCustomizer@2262b621, org.springframework.boot.test.mock.mockito.MockitoContextCustomizer@0], contextLoader = 'org.springframework.test.context.support.DelegatingSmartContextLoader', parent = [null]]]
14:53:55.458 [Test worker] DEBUG org.springframework.test.context.cache - Spring test ApplicationContext cache statistics: [DefaultContextCache@2d83c5a5 size = 1, maxSize = 32, parentContextCount = 0, hitCount = 74, missCount = 1]
14:53:55.458 [Test worker] DEBUG org.springframework.test.context.cache.DefaultCacheAwareContextLoaderDelegate - Retrieved ApplicationContext [883521348] from cache with key [[MergedContextConfiguration@150ab4ed testClass = BoardRepositoryTest, locations = '{}', classes = '{class org.waldreg.repository.board.MemoryBoardRepository, class org.waldreg.repository.MemoryBoardStorage, class org.waldreg.repository.user.MemoryUserRepository, class org.waldreg.repository.MemoryUserStorage, class org.waldreg.repository.character.MemoryCharacterRepository, class org.waldreg.repository.MemoryCharacterStorage, class org.waldreg.repository.board.BoardMapper, class org.waldreg.repository.user.UserMapper, class org.waldreg.repository.character.CharacterMapper}', contextInitializerClasses = '[]', activeProfiles = '{}', propertySourceLocations = '{}', propertySourceProperties = '{}', contextCustomizers = set[org.springframework.boot.test.autoconfigure.actuate.metrics.MetricsExportContextCustomizerFactory$DisableMetricExportContextCustomizer@5c00384f, org.springframework.boot.test.autoconfigure.properties.PropertyMappingContextCustomizer@0, org.springframework.boot.test.autoconfigure.web.servlet.WebDriverContextCustomizerFactory$Customizer@4504d271, org.springframework.boot.test.context.filter.ExcludeFilterContextCustomizer@2b5825fa, org.springframework.boot.test.json.DuplicateJsonObjectContextCustomizerFactory$DuplicateJsonObjectContextCustomizer@2262b621, org.springframework.boot.test.mock.mockito.MockitoContextCustomizer@0], contextLoader = 'org.springframework.test.context.support.DelegatingSmartContextLoader', parent = [null]]]
14:53:55.458 [Test worker] DEBUG org.springframework.test.context.cache - Spring test ApplicationContext cache statistics: [DefaultContextCache@2d83c5a5 size = 1, maxSize = 32, parentContextCount = 0, hitCount = 75, missCount = 1]
14:53:55.459 [Test worker] DEBUG org.springframework.test.context.cache.DefaultCacheAwareContextLoaderDelegate - Retrieved ApplicationContext [883521348] from cache with key [[MergedContextConfiguration@150ab4ed testClass = BoardRepositoryTest, locations = '{}', classes = '{class org.waldreg.repository.board.MemoryBoardRepository, class org.waldreg.repository.MemoryBoardStorage, class org.waldreg.repository.user.MemoryUserRepository, class org.waldreg.repository.MemoryUserStorage, class org.waldreg.repository.character.MemoryCharacterRepository, class org.waldreg.repository.MemoryCharacterStorage, class org.waldreg.repository.board.BoardMapper, class org.waldreg.repository.user.UserMapper, class org.waldreg.repository.character.CharacterMapper}', contextInitializerClasses = '[]', activeProfiles = '{}', propertySourceLocations = '{}', propertySourceProperties = '{}', contextCustomizers = set[org.springframework.boot.test.autoconfigure.actuate.metrics.MetricsExportContextCustomizerFactory$DisableMetricExportContextCustomizer@5c00384f, org.springframework.boot.test.autoconfigure.properties.PropertyMappingContextCustomizer@0, org.springframework.boot.test.autoconfigure.web.servlet.WebDriverContextCustomizerFactory$Customizer@4504d271, org.springframework.boot.test.context.filter.ExcludeFilterContextCustomizer@2b5825fa, org.springframework.boot.test.json.DuplicateJsonObjectContextCustomizerFactory$DuplicateJsonObjectContextCustomizer@2262b621, org.springframework.boot.test.mock.mockito.MockitoContextCustomizer@0], contextLoader = 'org.springframework.test.context.support.DelegatingSmartContextLoader', parent = [null]]]
14:53:55.459 [Test worker] DEBUG org.springframework.test.context.cache - Spring test ApplicationContext cache statistics: [DefaultContextCache@2d83c5a5 size = 1, maxSize = 32, parentContextCount = 0, hitCount = 76, missCount = 1]
14:53:55.459 [Test worker] DEBUG org.springframework.test.context.support.AbstractDirtiesContextTestExecutionListener - After test method: context [DefaultTestContext@a8c1f44 testClass = BoardRepositoryTest, testInstance = org.waldreg.repository.board.BoardRepositoryTest@702c436b, testMethod = INQUIRY_BOARD_LIST_BY_TITLE_SUCCESS_TEST@BoardRepositoryTest, testException = [null], mergedContextConfiguration = [MergedContextConfiguration@150ab4ed testClass = BoardRepositoryTest, locations = '{}', classes = '{class org.waldreg.repository.board.MemoryBoardRepository, class org.waldreg.repository.MemoryBoardStorage, class org.waldreg.repository.user.MemoryUserRepository, class org.waldreg.repository.MemoryUserStorage, class org.waldreg.repository.character.MemoryCharacterRepository, class org.waldreg.repository.MemoryCharacterStorage, class org.waldreg.repository.board.BoardMapper, class org.waldreg.repository.user.UserMapper, class org.waldreg.repository.character.CharacterMapper}', contextInitializerClasses = '[]', activeProfiles = '{}', propertySourceLocations = '{}', propertySourceProperties = '{}', contextCustomizers = set[org.springframework.boot.test.autoconfigure.actuate.metrics.MetricsExportContextCustomizerFactory$DisableMetricExportContextCustomizer@5c00384f, org.springframework.boot.test.autoconfigure.properties.PropertyMappingContextCustomizer@0, org.springframework.boot.test.autoconfigure.web.servlet.WebDriverContextCustomizerFactory$Customizer@4504d271, org.springframework.boot.test.context.filter.ExcludeFilterContextCustomizer@2b5825fa, org.springframework.boot.test.json.DuplicateJsonObjectContextCustomizerFactory$DuplicateJsonObjectContextCustomizer@2262b621, org.springframework.boot.test.mock.mockito.MockitoContextCustomizer@0], contextLoader = 'org.springframework.test.context.support.DelegatingSmartContextLoader', parent = [null]], attributes = map['org.springframework.test.context.event.ApplicationEventsTestExecutionListener.recordApplicationEvents' -> false]], class annotated with @DirtiesContext [false] with mode [null], method annotated with @DirtiesContext [false] with mode [null].
14:53:55.460 [Test worker] DEBUG org.springframework.test.context.support.DependencyInjectionTestExecutionListener - Performing dependency injection for test context [[DefaultTestContext@a8c1f44 testClass = BoardRepositoryTest, testInstance = org.waldreg.repository.board.BoardRepositoryTest@4aedaf61, testMethod = [null], testException = [null], mergedContextConfiguration = [MergedContextConfiguration@150ab4ed testClass = BoardRepositoryTest, locations = '{}', classes = '{class org.waldreg.repository.board.MemoryBoardRepository, class org.waldreg.repository.MemoryBoardStorage, class org.waldreg.repository.user.MemoryUserRepository, class org.waldreg.repository.MemoryUserStorage, class org.waldreg.repository.character.MemoryCharacterRepository, class org.waldreg.repository.MemoryCharacterStorage, class org.waldreg.repository.board.BoardMapper, class org.waldreg.repository.user.UserMapper, class org.waldreg.repository.character.CharacterMapper}', contextInitializerClasses = '[]', activeProfiles = '{}', propertySourceLocations = '{}', propertySourceProperties = '{}', contextCustomizers = set[org.springframework.boot.test.autoconfigure.actuate.metrics.MetricsExportContextCustomizerFactory$DisableMetricExportContextCustomizer@5c00384f, org.springframework.boot.test.autoconfigure.properties.PropertyMappingContextCustomizer@0, org.springframework.boot.test.autoconfigure.web.servlet.WebDriverContextCustomizerFactory$Customizer@4504d271, org.springframework.boot.test.context.filter.ExcludeFilterContextCustomizer@2b5825fa, org.springframework.boot.test.json.DuplicateJsonObjectContextCustomizerFactory$DuplicateJsonObjectContextCustomizer@2262b621, org.springframework.boot.test.mock.mockito.MockitoContextCustomizer@0], contextLoader = 'org.springframework.test.context.support.DelegatingSmartContextLoader', parent = [null]], attributes = map['org.springframework.test.context.event.ApplicationEventsTestExecutionListener.recordApplicationEvents' -> false]]].
14:53:55.461 [Test worker] DEBUG org.springframework.test.context.cache.DefaultCacheAwareContextLoaderDelegate - Retrieved ApplicationContext [883521348] from cache with key [[MergedContextConfiguration@150ab4ed testClass = BoardRepositoryTest, locations = '{}', classes = '{class org.waldreg.repository.board.MemoryBoardRepository, class org.waldreg.repository.MemoryBoardStorage, class org.waldreg.repository.user.MemoryUserRepository, class org.waldreg.repository.MemoryUserStorage, class org.waldreg.repository.character.MemoryCharacterRepository, class org.waldreg.repository.MemoryCharacterStorage, class org.waldreg.repository.board.BoardMapper, class org.waldreg.repository.user.UserMapper, class org.waldreg.repository.character.CharacterMapper}', contextInitializerClasses = '[]', activeProfiles = '{}', propertySourceLocations = '{}', propertySourceProperties = '{}', contextCustomizers = set[org.springframework.boot.test.autoconfigure.actuate.metrics.MetricsExportContextCustomizerFactory$DisableMetricExportContextCustomizer@5c00384f, org.springframework.boot.test.autoconfigure.properties.PropertyMappingContextCustomizer@0, org.springframework.boot.test.autoconfigure.web.servlet.WebDriverContextCustomizerFactory$Customizer@4504d271, org.springframework.boot.test.context.filter.ExcludeFilterContextCustomizer@2b5825fa, org.springframework.boot.test.json.DuplicateJsonObjectContextCustomizerFactory$DuplicateJsonObjectContextCustomizer@2262b621, org.springframework.boot.test.mock.mockito.MockitoContextCustomizer@0], contextLoader = 'org.springframework.test.context.support.DelegatingSmartContextLoader', parent = [null]]]
14:53:55.461 [Test worker] DEBUG org.springframework.test.context.cache - Spring test ApplicationContext cache statistics: [DefaultContextCache@2d83c5a5 size = 1, maxSize = 32, parentContextCount = 0, hitCount = 77, missCount = 1]
14:53:55.461 [Test worker] DEBUG org.springframework.test.context.cache.DefaultCacheAwareContextLoaderDelegate - Retrieved ApplicationContext [883521348] from cache with key [[MergedContextConfiguration@150ab4ed testClass = BoardRepositoryTest, locations = '{}', classes = '{class org.waldreg.repository.board.MemoryBoardRepository, class org.waldreg.repository.MemoryBoardStorage, class org.waldreg.repository.user.MemoryUserRepository, class org.waldreg.repository.MemoryUserStorage, class org.waldreg.repository.character.MemoryCharacterRepository, class org.waldreg.repository.MemoryCharacterStorage, class org.waldreg.repository.board.BoardMapper, class org.waldreg.repository.user.UserMapper, class org.waldreg.repository.character.CharacterMapper}', contextInitializerClasses = '[]', activeProfiles = '{}', propertySourceLocations = '{}', propertySourceProperties = '{}', contextCustomizers = set[org.springframework.boot.test.autoconfigure.actuate.metrics.MetricsExportContextCustomizerFactory$DisableMetricExportContextCustomizer@5c00384f, org.springframework.boot.test.autoconfigure.properties.PropertyMappingContextCustomizer@0, org.springframework.boot.test.autoconfigure.web.servlet.WebDriverContextCustomizerFactory$Customizer@4504d271, org.springframework.boot.test.context.filter.ExcludeFilterContextCustomizer@2b5825fa, org.springframework.boot.test.json.DuplicateJsonObjectContextCustomizerFactory$DuplicateJsonObjectContextCustomizer@2262b621, org.springframework.boot.test.mock.mockito.MockitoContextCustomizer@0], contextLoader = 'org.springframework.test.context.support.DelegatingSmartContextLoader', parent = [null]]]
14:53:55.462 [Test worker] DEBUG org.springframework.test.context.cache - Spring test ApplicationContext cache statistics: [DefaultContextCache@2d83c5a5 size = 1, maxSize = 32, parentContextCount = 0, hitCount = 78, missCount = 1]
14:53:55.464 [Test worker] DEBUG org.springframework.test.context.support.AbstractDirtiesContextTestExecutionListener - Before test method: context [DefaultTestContext@a8c1f44 testClass = BoardRepositoryTest, testInstance = org.waldreg.repository.board.BoardRepositoryTest@4aedaf61, testMethod = DELETE_BOARD_BY_ID_SUCCESS_TEST@BoardRepositoryTest, testException = [null], mergedContextConfiguration = [MergedContextConfiguration@150ab4ed testClass = BoardRepositoryTest, locations = '{}', classes = '{class org.waldreg.repository.board.MemoryBoardRepository, class org.waldreg.repository.MemoryBoardStorage, class org.waldreg.repository.user.MemoryUserRepository, class org.waldreg.repository.MemoryUserStorage, class org.waldreg.repository.character.MemoryCharacterRepository, class org.waldreg.repository.MemoryCharacterStorage, class org.waldreg.repository.board.BoardMapper, class org.waldreg.repository.user.UserMapper, class org.waldreg.repository.character.CharacterMapper}', contextInitializerClasses = '[]', activeProfiles = '{}', propertySourceLocations = '{}', propertySourceProperties = '{}', contextCustomizers = set[org.springframework.boot.test.autoconfigure.actuate.metrics.MetricsExportContextCustomizerFactory$DisableMetricExportContextCustomizer@5c00384f, org.springframework.boot.test.autoconfigure.properties.PropertyMappingContextCustomizer@0, org.springframework.boot.test.autoconfigure.web.servlet.WebDriverContextCustomizerFactory$Customizer@4504d271, org.springframework.boot.test.context.filter.ExcludeFilterContextCustomizer@2b5825fa, org.springframework.boot.test.json.DuplicateJsonObjectContextCustomizerFactory$DuplicateJsonObjectContextCustomizer@2262b621, org.springframework.boot.test.mock.mockito.MockitoContextCustomizer@0], contextLoader = 'org.springframework.test.context.support.DelegatingSmartContextLoader', parent = [null]], attributes = map['org.springframework.test.context.event.ApplicationEventsTestExecutionListener.recordApplicationEvents' -> false]], class annotated with @DirtiesContext [false] with mode [null], method annotated with @DirtiesContext [false] with mode [null].
14:53:55.464 [Test worker] DEBUG org.springframework.test.context.cache.DefaultCacheAwareContextLoaderDelegate - Retrieved ApplicationContext [883521348] from cache with key [[MergedContextConfiguration@150ab4ed testClass = BoardRepositoryTest, locations = '{}', classes = '{class org.waldreg.repository.board.MemoryBoardRepository, class org.waldreg.repository.MemoryBoardStorage, class org.waldreg.repository.user.MemoryUserRepository, class org.waldreg.repository.MemoryUserStorage, class org.waldreg.repository.character.MemoryCharacterRepository, class org.waldreg.repository.MemoryCharacterStorage, class org.waldreg.repository.board.BoardMapper, class org.waldreg.repository.user.UserMapper, class org.waldreg.repository.character.CharacterMapper}', contextInitializerClasses = '[]', activeProfiles = '{}', propertySourceLocations = '{}', propertySourceProperties = '{}', contextCustomizers = set[org.springframework.boot.test.autoconfigure.actuate.metrics.MetricsExportContextCustomizerFactory$DisableMetricExportContextCustomizer@5c00384f, org.springframework.boot.test.autoconfigure.properties.PropertyMappingContextCustomizer@0, org.springframework.boot.test.autoconfigure.web.servlet.WebDriverContextCustomizerFactory$Customizer@4504d271, org.springframework.boot.test.context.filter.ExcludeFilterContextCustomizer@2b5825fa, org.springframework.boot.test.json.DuplicateJsonObjectContextCustomizerFactory$DuplicateJsonObjectContextCustomizer@2262b621, org.springframework.boot.test.mock.mockito.MockitoContextCustomizer@0], contextLoader = 'org.springframework.test.context.support.DelegatingSmartContextLoader', parent = [null]]]
14:53:55.464 [Test worker] DEBUG org.springframework.test.context.cache - Spring test ApplicationContext cache statistics: [DefaultContextCache@2d83c5a5 size = 1, maxSize = 32, parentContextCount = 0, hitCount = 79, missCount = 1]
14:53:55.465 [Test worker] DEBUG org.springframework.test.context.cache.DefaultCacheAwareContextLoaderDelegate - Retrieved ApplicationContext [883521348] from cache with key [[MergedContextConfiguration@150ab4ed testClass = BoardRepositoryTest, locations = '{}', classes = '{class org.waldreg.repository.board.MemoryBoardRepository, class org.waldreg.repository.MemoryBoardStorage, class org.waldreg.repository.user.MemoryUserRepository, class org.waldreg.repository.MemoryUserStorage, class org.waldreg.repository.character.MemoryCharacterRepository, class org.waldreg.repository.MemoryCharacterStorage, class org.waldreg.repository.board.BoardMapper, class org.waldreg.repository.user.UserMapper, class org.waldreg.repository.character.CharacterMapper}', contextInitializerClasses = '[]', activeProfiles = '{}', propertySourceLocations = '{}', propertySourceProperties = '{}', contextCustomizers = set[org.springframework.boot.test.autoconfigure.actuate.metrics.MetricsExportContextCustomizerFactory$DisableMetricExportContextCustomizer@5c00384f, org.springframework.boot.test.autoconfigure.properties.PropertyMappingContextCustomizer@0, org.springframework.boot.test.autoconfigure.web.servlet.WebDriverContextCustomizerFactory$Customizer@4504d271, org.springframework.boot.test.context.filter.ExcludeFilterContextCustomizer@2b5825fa, org.springframework.boot.test.json.DuplicateJsonObjectContextCustomizerFactory$DuplicateJsonObjectContextCustomizer@2262b621, org.springframework.boot.test.mock.mockito.MockitoContextCustomizer@0], contextLoader = 'org.springframework.test.context.support.DelegatingSmartContextLoader', parent = [null]]]
14:53:55.465 [Test worker] DEBUG org.springframework.test.context.cache - Spring test ApplicationContext cache statistics: [DefaultContextCache@2d83c5a5 size = 1, maxSize = 32, parentContextCount = 0, hitCount = 80, missCount = 1]
14:53:55.466 [Test worker] DEBUG org.springframework.test.context.cache.DefaultCacheAwareContextLoaderDelegate - Retrieved ApplicationContext [883521348] from cache with key [[MergedContextConfiguration@150ab4ed testClass = BoardRepositoryTest, locations = '{}', classes = '{class org.waldreg.repository.board.MemoryBoardRepository, class org.waldreg.repository.MemoryBoardStorage, class org.waldreg.repository.user.MemoryUserRepository, class org.waldreg.repository.MemoryUserStorage, class org.waldreg.repository.character.MemoryCharacterRepository, class org.waldreg.repository.MemoryCharacterStorage, class org.waldreg.repository.board.BoardMapper, class org.waldreg.repository.user.UserMapper, class org.waldreg.repository.character.CharacterMapper}', contextInitializerClasses = '[]', activeProfiles = '{}', propertySourceLocations = '{}', propertySourceProperties = '{}', contextCustomizers = set[org.springframework.boot.test.autoconfigure.actuate.metrics.MetricsExportContextCustomizerFactory$DisableMetricExportContextCustomizer@5c00384f, org.springframework.boot.test.autoconfigure.properties.PropertyMappingContextCustomizer@0, org.springframework.boot.test.autoconfigure.web.servlet.WebDriverContextCustomizerFactory$Customizer@4504d271, org.springframework.boot.test.context.filter.ExcludeFilterContextCustomizer@2b5825fa, org.springframework.boot.test.json.DuplicateJsonObjectContextCustomizerFactory$DuplicateJsonObjectContextCustomizer@2262b621, org.springframework.boot.test.mock.mockito.MockitoContextCustomizer@0], contextLoader = 'org.springframework.test.context.support.DelegatingSmartContextLoader', parent = [null]]]
14:53:55.466 [Test worker] DEBUG org.springframework.test.context.cache - Spring test ApplicationContext cache statistics: [DefaultContextCache@2d83c5a5 size = 1, maxSize = 32, parentContextCount = 0, hitCount = 81, missCount = 1]
14:53:55.467 [Test worker] DEBUG org.springframework.test.context.cache.DefaultCacheAwareContextLoaderDelegate - Retrieved ApplicationContext [883521348] from cache with key [[MergedContextConfiguration@150ab4ed testClass = BoardRepositoryTest, locations = '{}', classes = '{class org.waldreg.repository.board.MemoryBoardRepository, class org.waldreg.repository.MemoryBoardStorage, class org.waldreg.repository.user.MemoryUserRepository, class org.waldreg.repository.MemoryUserStorage, class org.waldreg.repository.character.MemoryCharacterRepository, class org.waldreg.repository.MemoryCharacterStorage, class org.waldreg.repository.board.BoardMapper, class org.waldreg.repository.user.UserMapper, class org.waldreg.repository.character.CharacterMapper}', contextInitializerClasses = '[]', activeProfiles = '{}', propertySourceLocations = '{}', propertySourceProperties = '{}', contextCustomizers = set[org.springframework.boot.test.autoconfigure.actuate.metrics.MetricsExportContextCustomizerFactory$DisableMetricExportContextCustomizer@5c00384f, org.springframework.boot.test.autoconfigure.properties.PropertyMappingContextCustomizer@0, org.springframework.boot.test.autoconfigure.web.servlet.WebDriverContextCustomizerFactory$Customizer@4504d271, org.springframework.boot.test.context.filter.ExcludeFilterContextCustomizer@2b5825fa, org.springframework.boot.test.json.DuplicateJsonObjectContextCustomizerFactory$DuplicateJsonObjectContextCustomizer@2262b621, org.springframework.boot.test.mock.mockito.MockitoContextCustomizer@0], contextLoader = 'org.springframework.test.context.support.DelegatingSmartContextLoader', parent = [null]]]
14:53:55.468 [Test worker] DEBUG org.springframework.test.context.cache - Spring test ApplicationContext cache statistics: [DefaultContextCache@2d83c5a5 size = 1, maxSize = 32, parentContextCount = 0, hitCount = 82, missCount = 1]
14:53:55.469 [Test worker] DEBUG org.springframework.test.context.cache.DefaultCacheAwareContextLoaderDelegate - Retrieved ApplicationContext [883521348] from cache with key [[MergedContextConfiguration@150ab4ed testClass = BoardRepositoryTest, locations = '{}', classes = '{class org.waldreg.repository.board.MemoryBoardRepository, class org.waldreg.repository.MemoryBoardStorage, class org.waldreg.repository.user.MemoryUserRepository, class org.waldreg.repository.MemoryUserStorage, class org.waldreg.repository.character.MemoryCharacterRepository, class org.waldreg.repository.MemoryCharacterStorage, class org.waldreg.repository.board.BoardMapper, class org.waldreg.repository.user.UserMapper, class org.waldreg.repository.character.CharacterMapper}', contextInitializerClasses = '[]', activeProfiles = '{}', propertySourceLocations = '{}', propertySourceProperties = '{}', contextCustomizers = set[org.springframework.boot.test.autoconfigure.actuate.metrics.MetricsExportContextCustomizerFactory$DisableMetricExportContextCustomizer@5c00384f, org.springframework.boot.test.autoconfigure.properties.PropertyMappingContextCustomizer@0, org.springframework.boot.test.autoconfigure.web.servlet.WebDriverContextCustomizerFactory$Customizer@4504d271, org.springframework.boot.test.context.filter.ExcludeFilterContextCustomizer@2b5825fa, org.springframework.boot.test.json.DuplicateJsonObjectContextCustomizerFactory$DuplicateJsonObjectContextCustomizer@2262b621, org.springframework.boot.test.mock.mockito.MockitoContextCustomizer@0], contextLoader = 'org.springframework.test.context.support.DelegatingSmartContextLoader', parent = [null]]]
14:53:55.469 [Test worker] DEBUG org.springframework.test.context.cache - Spring test ApplicationContext cache statistics: [DefaultContextCache@2d83c5a5 size = 1, maxSize = 32, parentContextCount = 0, hitCount = 83, missCount = 1]
14:53:55.470 [Test worker] DEBUG org.springframework.test.context.cache.DefaultCacheAwareContextLoaderDelegate - Retrieved ApplicationContext [883521348] from cache with key [[MergedContextConfiguration@150ab4ed testClass = BoardRepositoryTest, locations = '{}', classes = '{class org.waldreg.repository.board.MemoryBoardRepository, class org.waldreg.repository.MemoryBoardStorage, class org.waldreg.repository.user.MemoryUserRepository, class org.waldreg.repository.MemoryUserStorage, class org.waldreg.repository.character.MemoryCharacterRepository, class org.waldreg.repository.MemoryCharacterStorage, class org.waldreg.repository.board.BoardMapper, class org.waldreg.repository.user.UserMapper, class org.waldreg.repository.character.CharacterMapper}', contextInitializerClasses = '[]', activeProfiles = '{}', propertySourceLocations = '{}', propertySourceProperties = '{}', contextCustomizers = set[org.springframework.boot.test.autoconfigure.actuate.metrics.MetricsExportContextCustomizerFactory$DisableMetricExportContextCustomizer@5c00384f, org.springframework.boot.test.autoconfigure.properties.PropertyMappingContextCustomizer@0, org.springframework.boot.test.autoconfigure.web.servlet.WebDriverContextCustomizerFactory$Customizer@4504d271, org.springframework.boot.test.context.filter.ExcludeFilterContextCustomizer@2b5825fa, org.springframework.boot.test.json.DuplicateJsonObjectContextCustomizerFactory$DuplicateJsonObjectContextCustomizer@2262b621, org.springframework.boot.test.mock.mockito.MockitoContextCustomizer@0], contextLoader = 'org.springframework.test.context.support.DelegatingSmartContextLoader', parent = [null]]]
14:53:55.471 [Test worker] DEBUG org.springframework.test.context.cache - Spring test ApplicationContext cache statistics: [DefaultContextCache@2d83c5a5 size = 1, maxSize = 32, parentContextCount = 0, hitCount = 84, missCount = 1]
14:53:55.471 [Test worker] DEBUG org.springframework.test.context.cache.DefaultCacheAwareContextLoaderDelegate - Retrieved ApplicationContext [883521348] from cache with key [[MergedContextConfiguration@150ab4ed testClass = BoardRepositoryTest, locations = '{}', classes = '{class org.waldreg.repository.board.MemoryBoardRepository, class org.waldreg.repository.MemoryBoardStorage, class org.waldreg.repository.user.MemoryUserRepository, class org.waldreg.repository.MemoryUserStorage, class org.waldreg.repository.character.MemoryCharacterRepository, class org.waldreg.repository.MemoryCharacterStorage, class org.waldreg.repository.board.BoardMapper, class org.waldreg.repository.user.UserMapper, class org.waldreg.repository.character.CharacterMapper}', contextInitializerClasses = '[]', activeProfiles = '{}', propertySourceLocations = '{}', propertySourceProperties = '{}', contextCustomizers = set[org.springframework.boot.test.autoconfigure.actuate.metrics.MetricsExportContextCustomizerFactory$DisableMetricExportContextCustomizer@5c00384f, org.springframework.boot.test.autoconfigure.properties.PropertyMappingContextCustomizer@0, org.springframework.boot.test.autoconfigure.web.servlet.WebDriverContextCustomizerFactory$Customizer@4504d271, org.springframework.boot.test.context.filter.ExcludeFilterContextCustomizer@2b5825fa, org.springframework.boot.test.json.DuplicateJsonObjectContextCustomizerFactory$DuplicateJsonObjectContextCustomizer@2262b621, org.springframework.boot.test.mock.mockito.MockitoContextCustomizer@0], contextLoader = 'org.springframework.test.context.support.DelegatingSmartContextLoader', parent = [null]]]
14:53:55.471 [Test worker] DEBUG org.springframework.test.context.cache - Spring test ApplicationContext cache statistics: [DefaultContextCache@2d83c5a5 size = 1, maxSize = 32, parentContextCount = 0, hitCount = 85, missCount = 1]
14:53:55.471 [Test worker] DEBUG org.springframework.test.context.cache.DefaultCacheAwareContextLoaderDelegate - Retrieved ApplicationContext [883521348] from cache with key [[MergedContextConfiguration@150ab4ed testClass = BoardRepositoryTest, locations = '{}', classes = '{class org.waldreg.repository.board.MemoryBoardRepository, class org.waldreg.repository.MemoryBoardStorage, class org.waldreg.repository.user.MemoryUserRepository, class org.waldreg.repository.MemoryUserStorage, class org.waldreg.repository.character.MemoryCharacterRepository, class org.waldreg.repository.MemoryCharacterStorage, class org.waldreg.repository.board.BoardMapper, class org.waldreg.repository.user.UserMapper, class org.waldreg.repository.character.CharacterMapper}', contextInitializerClasses = '[]', activeProfiles = '{}', propertySourceLocations = '{}', propertySourceProperties = '{}', contextCustomizers = set[org.springframework.boot.test.autoconfigure.actuate.metrics.MetricsExportContextCustomizerFactory$DisableMetricExportContextCustomizer@5c00384f, org.springframework.boot.test.autoconfigure.properties.PropertyMappingContextCustomizer@0, org.springframework.boot.test.autoconfigure.web.servlet.WebDriverContextCustomizerFactory$Customizer@4504d271, org.springframework.boot.test.context.filter.ExcludeFilterContextCustomizer@2b5825fa, org.springframework.boot.test.json.DuplicateJsonObjectContextCustomizerFactory$DuplicateJsonObjectContextCustomizer@2262b621, org.springframework.boot.test.mock.mockito.MockitoContextCustomizer@0], contextLoader = 'org.springframework.test.context.support.DelegatingSmartContextLoader', parent = [null]]]
14:53:55.471 [Test worker] DEBUG org.springframework.test.context.cache - Spring test ApplicationContext cache statistics: [DefaultContextCache@2d83c5a5 size = 1, maxSize = 32, parentContextCount = 0, hitCount = 86, missCount = 1]
14:53:55.472 [Test worker] DEBUG org.springframework.test.context.cache.DefaultCacheAwareContextLoaderDelegate - Retrieved ApplicationContext [883521348] from cache with key [[MergedContextConfiguration@150ab4ed testClass = BoardRepositoryTest, locations = '{}', classes = '{class org.waldreg.repository.board.MemoryBoardRepository, class org.waldreg.repository.MemoryBoardStorage, class org.waldreg.repository.user.MemoryUserRepository, class org.waldreg.repository.MemoryUserStorage, class org.waldreg.repository.character.MemoryCharacterRepository, class org.waldreg.repository.MemoryCharacterStorage, class org.waldreg.repository.board.BoardMapper, class org.waldreg.repository.user.UserMapper, class org.waldreg.repository.character.CharacterMapper}', contextInitializerClasses = '[]', activeProfiles = '{}', propertySourceLocations = '{}', propertySourceProperties = '{}', contextCustomizers = set[org.springframework.boot.test.autoconfigure.actuate.metrics.MetricsExportContextCustomizerFactory$DisableMetricExportContextCustomizer@5c00384f, org.springframework.boot.test.autoconfigure.properties.PropertyMappingContextCustomizer@0, org.springframework.boot.test.autoconfigure.web.servlet.WebDriverContextCustomizerFactory$Customizer@4504d271, org.springframework.boot.test.context.filter.ExcludeFilterContextCustomizer@2b5825fa, org.springframework.boot.test.json.DuplicateJsonObjectContextCustomizerFactory$DuplicateJsonObjectContextCustomizer@2262b621, org.springframework.boot.test.mock.mockito.MockitoContextCustomizer@0], contextLoader = 'org.springframework.test.context.support.DelegatingSmartContextLoader', parent = [null]]]
14:53:55.472 [Test worker] DEBUG org.springframework.test.context.cache - Spring test ApplicationContext cache statistics: [DefaultContextCache@2d83c5a5 size = 1, maxSize = 32, parentContextCount = 0, hitCount = 87, missCount = 1]
14:53:55.472 [Test worker] DEBUG org.springframework.test.context.support.AbstractDirtiesContextTestExecutionListener - After test method: context [DefaultTestContext@a8c1f44 testClass = BoardRepositoryTest, testInstance = org.waldreg.repository.board.BoardRepositoryTest@4aedaf61, testMethod = DELETE_BOARD_BY_ID_SUCCESS_TEST@BoardRepositoryTest, testException = [null], mergedContextConfiguration = [MergedContextConfiguration@150ab4ed testClass = BoardRepositoryTest, locations = '{}', classes = '{class org.waldreg.repository.board.MemoryBoardRepository, class org.waldreg.repository.MemoryBoardStorage, class org.waldreg.repository.user.MemoryUserRepository, class org.waldreg.repository.MemoryUserStorage, class org.waldreg.repository.character.MemoryCharacterRepository, class org.waldreg.repository.MemoryCharacterStorage, class org.waldreg.repository.board.BoardMapper, class org.waldreg.repository.user.UserMapper, class org.waldreg.repository.character.CharacterMapper}', contextInitializerClasses = '[]', activeProfiles = '{}', propertySourceLocations = '{}', propertySourceProperties = '{}', contextCustomizers = set[org.springframework.boot.test.autoconfigure.actuate.metrics.MetricsExportContextCustomizerFactory$DisableMetricExportContextCustomizer@5c00384f, org.springframework.boot.test.autoconfigure.properties.PropertyMappingContextCustomizer@0, org.springframework.boot.test.autoconfigure.web.servlet.WebDriverContextCustomizerFactory$Customizer@4504d271, org.springframework.boot.test.context.filter.ExcludeFilterContextCustomizer@2b5825fa, org.springframework.boot.test.json.DuplicateJsonObjectContextCustomizerFactory$DuplicateJsonObjectContextCustomizer@2262b621, org.springframework.boot.test.mock.mockito.MockitoContextCustomizer@0], contextLoader = 'org.springframework.test.context.support.DelegatingSmartContextLoader', parent = [null]], attributes = map['org.springframework.test.context.event.ApplicationEventsTestExecutionListener.recordApplicationEvents' -> false]], class annotated with @DirtiesContext [false] with mode [null], method annotated with @DirtiesContext [false] with mode [null].
14:53:55.475 [Test worker] DEBUG org.springframework.test.context.support.DependencyInjectionTestExecutionListener - Performing dependency injection for test context [[DefaultTestContext@a8c1f44 testClass = BoardRepositoryTest, testInstance = org.waldreg.repository.board.BoardRepositoryTest@3db663d0, testMethod = [null], testException = [null], mergedContextConfiguration = [MergedContextConfiguration@150ab4ed testClass = BoardRepositoryTest, locations = '{}', classes = '{class org.waldreg.repository.board.MemoryBoardRepository, class org.waldreg.repository.MemoryBoardStorage, class org.waldreg.repository.user.MemoryUserRepository, class org.waldreg.repository.MemoryUserStorage, class org.waldreg.repository.character.MemoryCharacterRepository, class org.waldreg.repository.MemoryCharacterStorage, class org.waldreg.repository.board.BoardMapper, class org.waldreg.repository.user.UserMapper, class org.waldreg.repository.character.CharacterMapper}', contextInitializerClasses = '[]', activeProfiles = '{}', propertySourceLocations = '{}', propertySourceProperties = '{}', contextCustomizers = set[org.springframework.boot.test.autoconfigure.actuate.metrics.MetricsExportContextCustomizerFactory$DisableMetricExportContextCustomizer@5c00384f, org.springframework.boot.test.autoconfigure.properties.PropertyMappingContextCustomizer@0, org.springframework.boot.test.autoconfigure.web.servlet.WebDriverContextCustomizerFactory$Customizer@4504d271, org.springframework.boot.test.context.filter.ExcludeFilterContextCustomizer@2b5825fa, org.springframework.boot.test.json.DuplicateJsonObjectContextCustomizerFactory$DuplicateJsonObjectContextCustomizer@2262b621, org.springframework.boot.test.mock.mockito.MockitoContextCustomizer@0], contextLoader = 'org.springframework.test.context.support.DelegatingSmartContextLoader', parent = [null]], attributes = map['org.springframework.test.context.event.ApplicationEventsTestExecutionListener.recordApplicationEvents' -> false]]].
14:53:55.475 [Test worker] DEBUG org.springframework.test.context.cache.DefaultCacheAwareContextLoaderDelegate - Retrieved ApplicationContext [883521348] from cache with key [[MergedContextConfiguration@150ab4ed testClass = BoardRepositoryTest, locations = '{}', classes = '{class org.waldreg.repository.board.MemoryBoardRepository, class org.waldreg.repository.MemoryBoardStorage, class org.waldreg.repository.user.MemoryUserRepository, class org.waldreg.repository.MemoryUserStorage, class org.waldreg.repository.character.MemoryCharacterRepository, class org.waldreg.repository.MemoryCharacterStorage, class org.waldreg.repository.board.BoardMapper, class org.waldreg.repository.user.UserMapper, class org.waldreg.repository.character.CharacterMapper}', contextInitializerClasses = '[]', activeProfiles = '{}', propertySourceLocations = '{}', propertySourceProperties = '{}', contextCustomizers = set[org.springframework.boot.test.autoconfigure.actuate.metrics.MetricsExportContextCustomizerFactory$DisableMetricExportContextCustomizer@5c00384f, org.springframework.boot.test.autoconfigure.properties.PropertyMappingContextCustomizer@0, org.springframework.boot.test.autoconfigure.web.servlet.WebDriverContextCustomizerFactory$Customizer@4504d271, org.springframework.boot.test.context.filter.ExcludeFilterContextCustomizer@2b5825fa, org.springframework.boot.test.json.DuplicateJsonObjectContextCustomizerFactory$DuplicateJsonObjectContextCustomizer@2262b621, org.springframework.boot.test.mock.mockito.MockitoContextCustomizer@0], contextLoader = 'org.springframework.test.context.support.DelegatingSmartContextLoader', parent = [null]]]
14:53:55.475 [Test worker] DEBUG org.springframework.test.context.cache - Spring test ApplicationContext cache statistics: [DefaultContextCache@2d83c5a5 size = 1, maxSize = 32, parentContextCount = 0, hitCount = 88, missCount = 1]
14:53:55.475 [Test worker] DEBUG org.springframework.test.context.cache.DefaultCacheAwareContextLoaderDelegate - Retrieved ApplicationContext [883521348] from cache with key [[MergedContextConfiguration@150ab4ed testClass = BoardRepositoryTest, locations = '{}', classes = '{class org.waldreg.repository.board.MemoryBoardRepository, class org.waldreg.repository.MemoryBoardStorage, class org.waldreg.repository.user.MemoryUserRepository, class org.waldreg.repository.MemoryUserStorage, class org.waldreg.repository.character.MemoryCharacterRepository, class org.waldreg.repository.MemoryCharacterStorage, class org.waldreg.repository.board.BoardMapper, class org.waldreg.repository.user.UserMapper, class org.waldreg.repository.character.CharacterMapper}', contextInitializerClasses = '[]', activeProfiles = '{}', propertySourceLocations = '{}', propertySourceProperties = '{}', contextCustomizers = set[org.springframework.boot.test.autoconfigure.actuate.metrics.MetricsExportContextCustomizerFactory$DisableMetricExportContextCustomizer@5c00384f, org.springframework.boot.test.autoconfigure.properties.PropertyMappingContextCustomizer@0, org.springframework.boot.test.autoconfigure.web.servlet.WebDriverContextCustomizerFactory$Customizer@4504d271, org.springframework.boot.test.context.filter.ExcludeFilterContextCustomizer@2b5825fa, org.springframework.boot.test.json.DuplicateJsonObjectContextCustomizerFactory$DuplicateJsonObjectContextCustomizer@2262b621, org.springframework.boot.test.mock.mockito.MockitoContextCustomizer@0], contextLoader = 'org.springframework.test.context.support.DelegatingSmartContextLoader', parent = [null]]]
14:53:55.475 [Test worker] DEBUG org.springframework.test.context.cache - Spring test ApplicationContext cache statistics: [DefaultContextCache@2d83c5a5 size = 1, maxSize = 32, parentContextCount = 0, hitCount = 89, missCount = 1]
14:53:55.476 [Test worker] DEBUG org.springframework.test.context.support.AbstractDirtiesContextTestExecutionListener - Before test method: context [DefaultTestContext@a8c1f44 testClass = BoardRepositoryTest, testInstance = org.waldreg.repository.board.BoardRepositoryTest@3db663d0, testMethod = MODIFY_BOARD_SUCCESS_TEST@BoardRepositoryTest, testException = [null], mergedContextConfiguration = [MergedContextConfiguration@150ab4ed testClass = BoardRepositoryTest, locations = '{}', classes = '{class org.waldreg.repository.board.MemoryBoardRepository, class org.waldreg.repository.MemoryBoardStorage, class org.waldreg.repository.user.MemoryUserRepository, class org.waldreg.repository.MemoryUserStorage, class org.waldreg.repository.character.MemoryCharacterRepository, class org.waldreg.repository.MemoryCharacterStorage, class org.waldreg.repository.board.BoardMapper, class org.waldreg.repository.user.UserMapper, class org.waldreg.repository.character.CharacterMapper}', contextInitializerClasses = '[]', activeProfiles = '{}', propertySourceLocations = '{}', propertySourceProperties = '{}', contextCustomizers = set[org.springframework.boot.test.autoconfigure.actuate.metrics.MetricsExportContextCustomizerFactory$DisableMetricExportContextCustomizer@5c00384f, org.springframework.boot.test.autoconfigure.properties.PropertyMappingContextCustomizer@0, org.springframework.boot.test.autoconfigure.web.servlet.WebDriverContextCustomizerFactory$Customizer@4504d271, org.springframework.boot.test.context.filter.ExcludeFilterContextCustomizer@2b5825fa, org.springframework.boot.test.json.DuplicateJsonObjectContextCustomizerFactory$DuplicateJsonObjectContextCustomizer@2262b621, org.springframework.boot.test.mock.mockito.MockitoContextCustomizer@0], contextLoader = 'org.springframework.test.context.support.DelegatingSmartContextLoader', parent = [null]], attributes = map['org.springframework.test.context.event.ApplicationEventsTestExecutionListener.recordApplicationEvents' -> false]], class annotated with @DirtiesContext [false] with mode [null], method annotated with @DirtiesContext [false] with mode [null].
14:53:55.477 [Test worker] DEBUG org.springframework.test.context.cache.DefaultCacheAwareContextLoaderDelegate - Retrieved ApplicationContext [883521348] from cache with key [[MergedContextConfiguration@150ab4ed testClass = BoardRepositoryTest, locations = '{}', classes = '{class org.waldreg.repository.board.MemoryBoardRepository, class org.waldreg.repository.MemoryBoardStorage, class org.waldreg.repository.user.MemoryUserRepository, class org.waldreg.repository.MemoryUserStorage, class org.waldreg.repository.character.MemoryCharacterRepository, class org.waldreg.repository.MemoryCharacterStorage, class org.waldreg.repository.board.BoardMapper, class org.waldreg.repository.user.UserMapper, class org.waldreg.repository.character.CharacterMapper}', contextInitializerClasses = '[]', activeProfiles = '{}', propertySourceLocations = '{}', propertySourceProperties = '{}', contextCustomizers = set[org.springframework.boot.test.autoconfigure.actuate.metrics.MetricsExportContextCustomizerFactory$DisableMetricExportContextCustomizer@5c00384f, org.springframework.boot.test.autoconfigure.properties.PropertyMappingContextCustomizer@0, org.springframework.boot.test.autoconfigure.web.servlet.WebDriverContextCustomizerFactory$Customizer@4504d271, org.springframework.boot.test.context.filter.ExcludeFilterContextCustomizer@2b5825fa, org.springframework.boot.test.json.DuplicateJsonObjectContextCustomizerFactory$DuplicateJsonObjectContextCustomizer@2262b621, org.springframework.boot.test.mock.mockito.MockitoContextCustomizer@0], contextLoader = 'org.springframework.test.context.support.DelegatingSmartContextLoader', parent = [null]]]
14:53:55.477 [Test worker] DEBUG org.springframework.test.context.cache - Spring test ApplicationContext cache statistics: [DefaultContextCache@2d83c5a5 size = 1, maxSize = 32, parentContextCount = 0, hitCount = 90, missCount = 1]
14:53:55.478 [Test worker] DEBUG org.springframework.test.context.cache.DefaultCacheAwareContextLoaderDelegate - Retrieved ApplicationContext [883521348] from cache with key [[MergedContextConfiguration@150ab4ed testClass = BoardRepositoryTest, locations = '{}', classes = '{class org.waldreg.repository.board.MemoryBoardRepository, class org.waldreg.repository.MemoryBoardStorage, class org.waldreg.repository.user.MemoryUserRepository, class org.waldreg.repository.MemoryUserStorage, class org.waldreg.repository.character.MemoryCharacterRepository, class org.waldreg.repository.MemoryCharacterStorage, class org.waldreg.repository.board.BoardMapper, class org.waldreg.repository.user.UserMapper, class org.waldreg.repository.character.CharacterMapper}', contextInitializerClasses = '[]', activeProfiles = '{}', propertySourceLocations = '{}', propertySourceProperties = '{}', contextCustomizers = set[org.springframework.boot.test.autoconfigure.actuate.metrics.MetricsExportContextCustomizerFactory$DisableMetricExportContextCustomizer@5c00384f, org.springframework.boot.test.autoconfigure.properties.PropertyMappingContextCustomizer@0, org.springframework.boot.test.autoconfigure.web.servlet.WebDriverContextCustomizerFactory$Customizer@4504d271, org.springframework.boot.test.context.filter.ExcludeFilterContextCustomizer@2b5825fa, org.springframework.boot.test.json.DuplicateJsonObjectContextCustomizerFactory$DuplicateJsonObjectContextCustomizer@2262b621, org.springframework.boot.test.mock.mockito.MockitoContextCustomizer@0], contextLoader = 'org.springframework.test.context.support.DelegatingSmartContextLoader', parent = [null]]]
14:53:55.478 [Test worker] DEBUG org.springframework.test.context.cache - Spring test ApplicationContext cache statistics: [DefaultContextCache@2d83c5a5 size = 1, maxSize = 32, parentContextCount = 0, hitCount = 91, missCount = 1]
14:53:55.479 [Test worker] DEBUG org.springframework.test.context.cache.DefaultCacheAwareContextLoaderDelegate - Retrieved ApplicationContext [883521348] from cache with key [[MergedContextConfiguration@150ab4ed testClass = BoardRepositoryTest, locations = '{}', classes = '{class org.waldreg.repository.board.MemoryBoardRepository, class org.waldreg.repository.MemoryBoardStorage, class org.waldreg.repository.user.MemoryUserRepository, class org.waldreg.repository.MemoryUserStorage, class org.waldreg.repository.character.MemoryCharacterRepository, class org.waldreg.repository.MemoryCharacterStorage, class org.waldreg.repository.board.BoardMapper, class org.waldreg.repository.user.UserMapper, class org.waldreg.repository.character.CharacterMapper}', contextInitializerClasses = '[]', activeProfiles = '{}', propertySourceLocations = '{}', propertySourceProperties = '{}', contextCustomizers = set[org.springframework.boot.test.autoconfigure.actuate.metrics.MetricsExportContextCustomizerFactory$DisableMetricExportContextCustomizer@5c00384f, org.springframework.boot.test.autoconfigure.properties.PropertyMappingContextCustomizer@0, org.springframework.boot.test.autoconfigure.web.servlet.WebDriverContextCustomizerFactory$Customizer@4504d271, org.springframework.boot.test.context.filter.ExcludeFilterContextCustomizer@2b5825fa, org.springframework.boot.test.json.DuplicateJsonObjectContextCustomizerFactory$DuplicateJsonObjectContextCustomizer@2262b621, org.springframework.boot.test.mock.mockito.MockitoContextCustomizer@0], contextLoader = 'org.springframework.test.context.support.DelegatingSmartContextLoader', parent = [null]]]
14:53:55.479 [Test worker] DEBUG org.springframework.test.context.cache - Spring test ApplicationContext cache statistics: [DefaultContextCache@2d83c5a5 size = 1, maxSize = 32, parentContextCount = 0, hitCount = 92, missCount = 1]
!!20
14:53:55.488 [Test worker] DEBUG org.springframework.test.context.cache.DefaultCacheAwareContextLoaderDelegate - Retrieved ApplicationContext [883521348] from cache with key [[MergedContextConfiguration@150ab4ed testClass = BoardRepositoryTest, locations = '{}', classes = '{class org.waldreg.repository.board.MemoryBoardRepository, class org.waldreg.repository.MemoryBoardStorage, class org.waldreg.repository.user.MemoryUserRepository, class org.waldreg.repository.MemoryUserStorage, class org.waldreg.repository.character.MemoryCharacterRepository, class org.waldreg.repository.MemoryCharacterStorage, class org.waldreg.repository.board.BoardMapper, class org.waldreg.repository.user.UserMapper, class org.waldreg.repository.character.CharacterMapper}', contextInitializerClasses = '[]', activeProfiles = '{}', propertySourceLocations = '{}', propertySourceProperties = '{}', contextCustomizers = set[org.springframework.boot.test.autoconfigure.actuate.metrics.MetricsExportContextCustomizerFactory$DisableMetricExportContextCustomizer@5c00384f, org.springframework.boot.test.autoconfigure.properties.PropertyMappingContextCustomizer@0, org.springframework.boot.test.autoconfigure.web.servlet.WebDriverContextCustomizerFactory$Customizer@4504d271, org.springframework.boot.test.context.filter.ExcludeFilterContextCustomizer@2b5825fa, org.springframework.boot.test.json.DuplicateJsonObjectContextCustomizerFactory$DuplicateJsonObjectContextCustomizer@2262b621, org.springframework.boot.test.mock.mockito.MockitoContextCustomizer@0], contextLoader = 'org.springframework.test.context.support.DelegatingSmartContextLoader', parent = [null]]]
14:53:55.488 [Test worker] DEBUG org.springframework.test.context.cache - Spring test ApplicationContext cache statistics: [DefaultContextCache@2d83c5a5 size = 1, maxSize = 32, parentContextCount = 0, hitCount = 93, missCount = 1]
14:53:55.489 [Test worker] DEBUG org.springframework.test.context.cache.DefaultCacheAwareContextLoaderDelegate - Retrieved ApplicationContext [883521348] from cache with key [[MergedContextConfiguration@150ab4ed testClass = BoardRepositoryTest, locations = '{}', classes = '{class org.waldreg.repository.board.MemoryBoardRepository, class org.waldreg.repository.MemoryBoardStorage, class org.waldreg.repository.user.MemoryUserRepository, class org.waldreg.repository.MemoryUserStorage, class org.waldreg.repository.character.MemoryCharacterRepository, class org.waldreg.repository.MemoryCharacterStorage, class org.waldreg.repository.board.BoardMapper, class org.waldreg.repository.user.UserMapper, class org.waldreg.repository.character.CharacterMapper}', contextInitializerClasses = '[]', activeProfiles = '{}', propertySourceLocations = '{}', propertySourceProperties = '{}', contextCustomizers = set[org.springframework.boot.test.autoconfigure.actuate.metrics.MetricsExportContextCustomizerFactory$DisableMetricExportContextCustomizer@5c00384f, org.springframework.boot.test.autoconfigure.properties.PropertyMappingContextCustomizer@0, org.springframework.boot.test.autoconfigure.web.servlet.WebDriverContextCustomizerFactory$Customizer@4504d271, org.springframework.boot.test.context.filter.ExcludeFilterContextCustomizer@2b5825fa, org.springframework.boot.test.json.DuplicateJsonObjectContextCustomizerFactory$DuplicateJsonObjectContextCustomizer@2262b621, org.springframework.boot.test.mock.mockito.MockitoContextCustomizer@0], contextLoader = 'org.springframework.test.context.support.DelegatingSmartContextLoader', parent = [null]]]
14:53:55.490 [Test worker] DEBUG org.springframework.test.context.cache - Spring test ApplicationContext cache statistics: [DefaultContextCache@2d83c5a5 size = 1, maxSize = 32, parentContextCount = 0, hitCount = 94, missCount = 1]
14:53:55.491 [Test worker] DEBUG org.springframework.test.context.cache.DefaultCacheAwareContextLoaderDelegate - Retrieved ApplicationContext [883521348] from cache with key [[MergedContextConfiguration@150ab4ed testClass = BoardRepositoryTest, locations = '{}', classes = '{class org.waldreg.repository.board.MemoryBoardRepository, class org.waldreg.repository.MemoryBoardStorage, class org.waldreg.repository.user.MemoryUserRepository, class org.waldreg.repository.MemoryUserStorage, class org.waldreg.repository.character.MemoryCharacterRepository, class org.waldreg.repository.MemoryCharacterStorage, class org.waldreg.repository.board.BoardMapper, class org.waldreg.repository.user.UserMapper, class org.waldreg.repository.character.CharacterMapper}', contextInitializerClasses = '[]', activeProfiles = '{}', propertySourceLocations = '{}', propertySourceProperties = '{}', contextCustomizers = set[org.springframework.boot.test.autoconfigure.actuate.metrics.MetricsExportContextCustomizerFactory$DisableMetricExportContextCustomizer@5c00384f, org.springframework.boot.test.autoconfigure.properties.PropertyMappingContextCustomizer@0, org.springframework.boot.test.autoconfigure.web.servlet.WebDriverContextCustomizerFactory$Customizer@4504d271, org.springframework.boot.test.context.filter.ExcludeFilterContextCustomizer@2b5825fa, org.springframework.boot.test.json.DuplicateJsonObjectContextCustomizerFactory$DuplicateJsonObjectContextCustomizer@2262b621, org.springframework.boot.test.mock.mockito.MockitoContextCustomizer@0], contextLoader = 'org.springframework.test.context.support.DelegatingSmartContextLoader', parent = [null]]]
14:53:55.491 [Test worker] DEBUG org.springframework.test.context.cache - Spring test ApplicationContext cache statistics: [DefaultContextCache@2d83c5a5 size = 1, maxSize = 32, parentContextCount = 0, hitCount = 95, missCount = 1]
14:53:55.491 [Test worker] DEBUG org.springframework.test.context.cache.DefaultCacheAwareContextLoaderDelegate - Retrieved ApplicationContext [883521348] from cache with key [[MergedContextConfiguration@150ab4ed testClass = BoardRepositoryTest, locations = '{}', classes = '{class org.waldreg.repository.board.MemoryBoardRepository, class org.waldreg.repository.MemoryBoardStorage, class org.waldreg.repository.user.MemoryUserRepository, class org.waldreg.repository.MemoryUserStorage, class org.waldreg.repository.character.MemoryCharacterRepository, class org.waldreg.repository.MemoryCharacterStorage, class org.waldreg.repository.board.BoardMapper, class org.waldreg.repository.user.UserMapper, class org.waldreg.repository.character.CharacterMapper}', contextInitializerClasses = '[]', activeProfiles = '{}', propertySourceLocations = '{}', propertySourceProperties = '{}', contextCustomizers = set[org.springframework.boot.test.autoconfigure.actuate.metrics.MetricsExportContextCustomizerFactory$DisableMetricExportContextCustomizer@5c00384f, org.springframework.boot.test.autoconfigure.properties.PropertyMappingContextCustomizer@0, org.springframework.boot.test.autoconfigure.web.servlet.WebDriverContextCustomizerFactory$Customizer@4504d271, org.springframework.boot.test.context.filter.ExcludeFilterContextCustomizer@2b5825fa, org.springframework.boot.test.json.DuplicateJsonObjectContextCustomizerFactory$DuplicateJsonObjectContextCustomizer@2262b621, org.springframework.boot.test.mock.mockito.MockitoContextCustomizer@0], contextLoader = 'org.springframework.test.context.support.DelegatingSmartContextLoader', parent = [null]]]
14:53:55.491 [Test worker] DEBUG org.springframework.test.context.cache - Spring test ApplicationContext cache statistics: [DefaultContextCache@2d83c5a5 size = 1, maxSize = 32, parentContextCount = 0, hitCount = 96, missCount = 1]
14:53:55.491 [Test worker] DEBUG org.springframework.test.context.cache.DefaultCacheAwareContextLoaderDelegate - Retrieved ApplicationContext [883521348] from cache with key [[MergedContextConfiguration@150ab4ed testClass = BoardRepositoryTest, locations = '{}', classes = '{class org.waldreg.repository.board.MemoryBoardRepository, class org.waldreg.repository.MemoryBoardStorage, class org.waldreg.repository.user.MemoryUserRepository, class org.waldreg.repository.MemoryUserStorage, class org.waldreg.repository.character.MemoryCharacterRepository, class org.waldreg.repository.MemoryCharacterStorage, class org.waldreg.repository.board.BoardMapper, class org.waldreg.repository.user.UserMapper, class org.waldreg.repository.character.CharacterMapper}', contextInitializerClasses = '[]', activeProfiles = '{}', propertySourceLocations = '{}', propertySourceProperties = '{}', contextCustomizers = set[org.springframework.boot.test.autoconfigure.actuate.metrics.MetricsExportContextCustomizerFactory$DisableMetricExportContextCustomizer@5c00384f, org.springframework.boot.test.autoconfigure.properties.PropertyMappingContextCustomizer@0, org.springframework.boot.test.autoconfigure.web.servlet.WebDriverContextCustomizerFactory$Customizer@4504d271, org.springframework.boot.test.context.filter.ExcludeFilterContextCustomizer@2b5825fa, org.springframework.boot.test.json.DuplicateJsonObjectContextCustomizerFactory$DuplicateJsonObjectContextCustomizer@2262b621, org.springframework.boot.test.mock.mockito.MockitoContextCustomizer@0], contextLoader = 'org.springframework.test.context.support.DelegatingSmartContextLoader', parent = [null]]]
14:53:55.491 [Test worker] DEBUG org.springframework.test.context.cache - Spring test ApplicationContext cache statistics: [DefaultContextCache@2d83c5a5 size = 1, maxSize = 32, parentContextCount = 0, hitCount = 97, missCount = 1]
14:53:55.493 [Test worker] DEBUG org.springframework.test.context.cache.DefaultCacheAwareContextLoaderDelegate - Retrieved ApplicationContext [883521348] from cache with key [[MergedContextConfiguration@150ab4ed testClass = BoardRepositoryTest, locations = '{}', classes = '{class org.waldreg.repository.board.MemoryBoardRepository, class org.waldreg.repository.MemoryBoardStorage, class org.waldreg.repository.user.MemoryUserRepository, class org.waldreg.repository.MemoryUserStorage, class org.waldreg.repository.character.MemoryCharacterRepository, class org.waldreg.repository.MemoryCharacterStorage, class org.waldreg.repository.board.BoardMapper, class org.waldreg.repository.user.UserMapper, class org.waldreg.repository.character.CharacterMapper}', contextInitializerClasses = '[]', activeProfiles = '{}', propertySourceLocations = '{}', propertySourceProperties = '{}', contextCustomizers = set[org.springframework.boot.test.autoconfigure.actuate.metrics.MetricsExportContextCustomizerFactory$DisableMetricExportContextCustomizer@5c00384f, org.springframework.boot.test.autoconfigure.properties.PropertyMappingContextCustomizer@0, org.springframework.boot.test.autoconfigure.web.servlet.WebDriverContextCustomizerFactory$Customizer@4504d271, org.springframework.boot.test.context.filter.ExcludeFilterContextCustomizer@2b5825fa, org.springframework.boot.test.json.DuplicateJsonObjectContextCustomizerFactory$DuplicateJsonObjectContextCustomizer@2262b621, org.springframework.boot.test.mock.mockito.MockitoContextCustomizer@0], contextLoader = 'org.springframework.test.context.support.DelegatingSmartContextLoader', parent = [null]]]
14:53:55.493 [Test worker] DEBUG org.springframework.test.context.cache - Spring test ApplicationContext cache statistics: [DefaultContextCache@2d83c5a5 size = 1, maxSize = 32, parentContextCount = 0, hitCount = 98, missCount = 1]
14:53:55.494 [Test worker] DEBUG org.springframework.test.context.support.AbstractDirtiesContextTestExecutionListener - After test method: context [DefaultTestContext@a8c1f44 testClass = BoardRepositoryTest, testInstance = org.waldreg.repository.board.BoardRepositoryTest@3db663d0, testMethod = MODIFY_BOARD_SUCCESS_TEST@BoardRepositoryTest, testException = org.opentest4j.MultipleFailuresError: Multiple Failures (5 failures)
	org.opentest4j.AssertionFailedError: expected: <modifiedTitle> but was: <title>
	org.opentest4j.AssertionFailedError: expected: <hihihi> but was: <content>
	org.opentest4j.AssertionFailedError: expected: <true> but was: <false>
	java.lang.NullPointerException: <no message>
	org.opentest4j.AssertionFailedError: expected: <true> but was: <false>, mergedContextConfiguration = [MergedContextConfiguration@150ab4ed testClass = BoardRepositoryTest, locations = '{}', classes = '{class org.waldreg.repository.board.MemoryBoardRepository, class org.waldreg.repository.MemoryBoardStorage, class org.waldreg.repository.user.MemoryUserRepository, class org.waldreg.repository.MemoryUserStorage, class org.waldreg.repository.character.MemoryCharacterRepository, class org.waldreg.repository.MemoryCharacterStorage, class org.waldreg.repository.board.BoardMapper, class org.waldreg.repository.user.UserMapper, class org.waldreg.repository.character.CharacterMapper}', contextInitializerClasses = '[]', activeProfiles = '{}', propertySourceLocations = '{}', propertySourceProperties = '{}', contextCustomizers = set[org.springframework.boot.test.autoconfigure.actuate.metrics.MetricsExportContextCustomizerFactory$DisableMetricExportContextCustomizer@5c00384f, org.springframework.boot.test.autoconfigure.properties.PropertyMappingContextCustomizer@0, org.springframework.boot.test.autoconfigure.web.servlet.WebDriverContextCustomizerFactory$Customizer@4504d271, org.springframework.boot.test.context.filter.ExcludeFilterContextCustomizer@2b5825fa, org.springframework.boot.test.json.DuplicateJsonObjectContextCustomizerFactory$DuplicateJsonObjectContextCustomizer@2262b621, org.springframework.boot.test.mock.mockito.MockitoContextCustomizer@0], contextLoader = 'org.springframework.test.context.support.DelegatingSmartContextLoader', parent = [null]], attributes = map['org.springframework.test.context.event.ApplicationEventsTestExecutionListener.recordApplicationEvents' -> false]], class annotated with @DirtiesContext [false] with mode [null], method annotated with @DirtiesContext [false] with mode [null].
14:53:55.499 [Test worker] DEBUG org.springframework.test.context.cache.DefaultCacheAwareContextLoaderDelegate - Retrieved ApplicationContext [883521348] from cache with key [[MergedContextConfiguration@150ab4ed testClass = BoardRepositoryTest, locations = '{}', classes = '{class org.waldreg.repository.board.MemoryBoardRepository, class org.waldreg.repository.MemoryBoardStorage, class org.waldreg.repository.user.MemoryUserRepository, class org.waldreg.repository.MemoryUserStorage, class org.waldreg.repository.character.MemoryCharacterRepository, class org.waldreg.repository.MemoryCharacterStorage, class org.waldreg.repository.board.BoardMapper, class org.waldreg.repository.user.UserMapper, class org.waldreg.repository.character.CharacterMapper}', contextInitializerClasses = '[]', activeProfiles = '{}', propertySourceLocations = '{}', propertySourceProperties = '{}', contextCustomizers = set[org.springframework.boot.test.autoconfigure.actuate.metrics.MetricsExportContextCustomizerFactory$DisableMetricExportContextCustomizer@5c00384f, org.springframework.boot.test.autoconfigure.properties.PropertyMappingContextCustomizer@0, org.springframework.boot.test.autoconfigure.web.servlet.WebDriverContextCustomizerFactory$Customizer@4504d271, org.springframework.boot.test.context.filter.ExcludeFilterContextCustomizer@2b5825fa, org.springframework.boot.test.json.DuplicateJsonObjectContextCustomizerFactory$DuplicateJsonObjectContextCustomizer@2262b621, org.springframework.boot.test.mock.mockito.MockitoContextCustomizer@0], contextLoader = 'org.springframework.test.context.support.DelegatingSmartContextLoader', parent = [null]]]
14:53:55.499 [Test worker] DEBUG org.springframework.test.context.cache - Spring test ApplicationContext cache statistics: [DefaultContextCache@2d83c5a5 size = 1, maxSize = 32, parentContextCount = 0, hitCount = 99, missCount = 1]
14:53:55.499 [Test worker] DEBUG org.springframework.test.context.support.AbstractDirtiesContextTestExecutionListener - After test class: context [DefaultTestContext@a8c1f44 testClass = BoardRepositoryTest, testInstance = [null], testMethod = [null], testException = [null], mergedContextConfiguration = [MergedContextConfiguration@150ab4ed testClass = BoardRepositoryTest, locations = '{}', classes = '{class org.waldreg.repository.board.MemoryBoardRepository, class org.waldreg.repository.MemoryBoardStorage, class org.waldreg.repository.user.MemoryUserRepository, class org.waldreg.repository.MemoryUserStorage, class org.waldreg.repository.character.MemoryCharacterRepository, class org.waldreg.repository.MemoryCharacterStorage, class org.waldreg.repository.board.BoardMapper, class org.waldreg.repository.user.UserMapper, class org.waldreg.repository.character.CharacterMapper}', contextInitializerClasses = '[]', activeProfiles = '{}', propertySourceLocations = '{}', propertySourceProperties = '{}', contextCustomizers = set[org.springframework.boot.test.autoconfigure.actuate.metrics.MetricsExportContextCustomizerFactory$DisableMetricExportContextCustomizer@5c00384f, org.springframework.boot.test.autoconfigure.properties.PropertyMappingContextCustomizer@0, org.springframework.boot.test.autoconfigure.web.servlet.WebDriverContextCustomizerFactory$Customizer@4504d271, org.springframework.boot.test.context.filter.ExcludeFilterContextCustomizer@2b5825fa, org.springframework.boot.test.json.DuplicateJsonObjectContextCustomizerFactory$DuplicateJsonObjectContextCustomizer@2262b621, org.springframework.boot.test.mock.mockito.MockitoContextCustomizer@0], contextLoader = 'org.springframework.test.context.support.DelegatingSmartContextLoader', parent = [null]], attributes = map['org.springframework.test.context.event.ApplicationEventsTestExecutionListener.recordApplicationEvents' -> false]], class annotated with @DirtiesContext [false] with mode [null].
]]></system-out>
  <system-err><![CDATA[]]></system-err>
</testsuite>
