<?xml version="1.0" encoding="UTF-8"?>
<testsuite name="org.waldreg.repository.user.UserRepositoryTest" tests="9" skipped="0" failures="0" errors="0" timestamp="2023-01-18T09:48:02" hostname="xb-apple.local" time="0.021">
  <properties/>
  <testcase name="유저 수정 성공 테스트" classname="org.waldreg.repository.user.UserRepositoryTest" time="0.002"/>
  <testcase name="유저 생성 실패 테스트 - 중복 user id" classname="org.waldreg.repository.user.UserRepositoryTest" time="0.002"/>
  <testcase name="특정 유저 조회 성공 테스트" classname="org.waldreg.repository.user.UserRepositoryTest" time="0.002"/>
  <testcase name="유저 생성 성공 테스트" classname="org.waldreg.repository.user.UserRepositoryTest" time="0.001"/>
  <testcase name="유저 삭제 테스트" classname="org.waldreg.repository.user.UserRepositoryTest" time="0.002"/>
  <testcase name="유저 역할 수정 실패 테스트 - 없는 id" classname="org.waldreg.repository.user.UserRepositoryTest" time="0.003"/>
  <testcase name="전체 유저 조회 성공 테스트" classname="org.waldreg.repository.user.UserRepositoryTest" time="0.002"/>
  <testcase name="유저 역할 수정 성공 테스트" classname="org.waldreg.repository.user.UserRepositoryTest" time="0.002"/>
  <testcase name="특정 유저 조회 실패 테스트 - 없는 user id" classname="org.waldreg.repository.user.UserRepositoryTest" time="0.002"/>
  <system-out><![CDATA[18:48:02.940 [Test worker] DEBUG org.springframework.test.context.BootstrapUtils - Instantiating CacheAwareContextLoaderDelegate from class [org.springframework.test.context.cache.DefaultCacheAwareContextLoaderDelegate]
18:48:02.940 [Test worker] DEBUG org.springframework.test.context.BootstrapUtils - Instantiating BootstrapContext using constructor [public org.springframework.test.context.support.DefaultBootstrapContext(java.lang.Class,org.springframework.test.context.CacheAwareContextLoaderDelegate)]
18:48:02.940 [Test worker] DEBUG org.springframework.test.context.BootstrapUtils - Instantiating TestContextBootstrapper for test class [org.waldreg.repository.user.UserRepositoryTest] from class [org.springframework.test.context.support.DefaultTestContextBootstrapper]
18:48:02.940 [Test worker] DEBUG org.springframework.test.context.support.AbstractDelegatingSmartContextLoader - Delegating to AnnotationConfigContextLoader to process context configuration [ContextConfigurationAttributes@fabb651 declaringClass = 'org.waldreg.repository.user.UserRepositoryTest', classes = '{class org.waldreg.repository.user.MemoryUserRepository, class org.waldreg.repository.MemoryUserStorage, class org.waldreg.repository.user.UserMapper}', locations = '{}', inheritLocations = true, initializers = '{}', inheritInitializers = true, name = [null], contextLoaderClass = 'org.springframework.test.context.ContextLoader'].
18:48:02.941 [Test worker] DEBUG org.springframework.test.context.support.ActiveProfilesUtils - Could not find an 'annotation declaring class' for annotation type [org.springframework.test.context.ActiveProfiles] and class [org.waldreg.repository.user.UserRepositoryTest]
18:48:02.941 [Test worker] DEBUG org.springframework.test.context.support.DefaultTestContextBootstrapper - @TestExecutionListeners is not present for class [org.waldreg.repository.user.UserRepositoryTest]: using defaults.
18:48:02.941 [Test worker] INFO org.springframework.test.context.support.DefaultTestContextBootstrapper - Loaded default TestExecutionListener class names from location [META-INF/spring.factories]: [org.springframework.boot.test.autoconfigure.restdocs.RestDocsTestExecutionListener, org.springframework.boot.test.autoconfigure.web.client.MockRestServiceServerResetTestExecutionListener, org.springframework.boot.test.autoconfigure.web.servlet.MockMvcPrintOnlyOnFailureTestExecutionListener, org.springframework.boot.test.autoconfigure.web.servlet.WebDriverTestExecutionListener, org.springframework.boot.test.autoconfigure.webservices.client.MockWebServiceServerTestExecutionListener, org.springframework.boot.test.mock.mockito.MockitoTestExecutionListener, org.springframework.boot.test.mock.mockito.ResetMocksTestExecutionListener, org.springframework.test.context.web.ServletTestExecutionListener, org.springframework.test.context.support.DirtiesContextBeforeModesTestExecutionListener, org.springframework.test.context.event.ApplicationEventsTestExecutionListener, org.springframework.test.context.support.DependencyInjectionTestExecutionListener, org.springframework.test.context.support.DirtiesContextTestExecutionListener, org.springframework.test.context.transaction.TransactionalTestExecutionListener, org.springframework.test.context.jdbc.SqlScriptsTestExecutionListener, org.springframework.test.context.event.EventPublishingTestExecutionListener]
18:48:02.941 [Test worker] DEBUG org.springframework.test.context.support.DefaultTestContextBootstrapper - Skipping candidate TestExecutionListener [org.springframework.test.context.transaction.TransactionalTestExecutionListener] due to a missing dependency. Specify custom listener classes or make the default listener classes and their required dependencies available. Offending class: [org/springframework/transaction/interceptor/TransactionAttributeSource]
18:48:02.941 [Test worker] DEBUG org.springframework.test.context.support.DefaultTestContextBootstrapper - Skipping candidate TestExecutionListener [org.springframework.test.context.jdbc.SqlScriptsTestExecutionListener] due to a missing dependency. Specify custom listener classes or make the default listener classes and their required dependencies available. Offending class: [org/springframework/transaction/interceptor/TransactionAttribute]
18:48:02.941 [Test worker] INFO org.springframework.test.context.support.DefaultTestContextBootstrapper - Using TestExecutionListeners: [org.springframework.test.context.web.ServletTestExecutionListener@58496c97, org.springframework.test.context.support.DirtiesContextBeforeModesTestExecutionListener@ad3324b, org.springframework.test.context.event.ApplicationEventsTestExecutionListener@3872bc37, org.springframework.boot.test.mock.mockito.MockitoTestExecutionListener@1a87b51, org.springframework.test.context.support.DependencyInjectionTestExecutionListener@12968227, org.springframework.test.context.support.DirtiesContextTestExecutionListener@144ab54, org.springframework.test.context.event.EventPublishingTestExecutionListener@2cfa2c4f, org.springframework.boot.test.autoconfigure.restdocs.RestDocsTestExecutionListener@6ecab872, org.springframework.boot.test.autoconfigure.web.client.MockRestServiceServerResetTestExecutionListener@48eb9836, org.springframework.boot.test.autoconfigure.web.servlet.MockMvcPrintOnlyOnFailureTestExecutionListener@6c518474, org.springframework.boot.test.autoconfigure.web.servlet.WebDriverTestExecutionListener@11b455e5, org.springframework.boot.test.autoconfigure.webservices.client.MockWebServiceServerTestExecutionListener@2a066689, org.springframework.boot.test.mock.mockito.ResetMocksTestExecutionListener@3e3861d7]
18:48:02.941 [Test worker] DEBUG org.springframework.test.context.support.AbstractDirtiesContextTestExecutionListener - Before test class: context [DefaultTestContext@5e2a3040 testClass = UserRepositoryTest, testInstance = [null], testMethod = [null], testException = [null], mergedContextConfiguration = [MergedContextConfiguration@6d025d1d testClass = UserRepositoryTest, locations = '{}', classes = '{class org.waldreg.repository.user.MemoryUserRepository, class org.waldreg.repository.MemoryUserStorage, class org.waldreg.repository.user.UserMapper}', contextInitializerClasses = '[]', activeProfiles = '{}', propertySourceLocations = '{}', propertySourceProperties = '{}', contextCustomizers = set[org.springframework.boot.test.autoconfigure.actuate.metrics.MetricsExportContextCustomizerFactory$DisableMetricExportContextCustomizer@1fc32e4f, org.springframework.boot.test.autoconfigure.properties.PropertyMappingContextCustomizer@0, org.springframework.boot.test.autoconfigure.web.servlet.WebDriverContextCustomizerFactory$Customizer@5d066c7d, org.springframework.boot.test.context.filter.ExcludeFilterContextCustomizer@1603cd68, org.springframework.boot.test.json.DuplicateJsonObjectContextCustomizerFactory$DuplicateJsonObjectContextCustomizer@66c92293, org.springframework.boot.test.mock.mockito.MockitoContextCustomizer@307f9cca], contextLoader = 'org.springframework.test.context.support.DelegatingSmartContextLoader', parent = [null]], attributes = map[[empty]]], class annotated with @DirtiesContext [false] with mode [null].
18:48:02.942 [Test worker] DEBUG org.springframework.test.context.support.AbstractDelegatingSmartContextLoader - Delegating to AnnotationConfigContextLoader to load context from [MergedContextConfiguration@6d025d1d testClass = UserRepositoryTest, locations = '{}', classes = '{class org.waldreg.repository.user.MemoryUserRepository, class org.waldreg.repository.MemoryUserStorage, class org.waldreg.repository.user.UserMapper}', contextInitializerClasses = '[]', activeProfiles = '{}', propertySourceLocations = '{}', propertySourceProperties = '{}', contextCustomizers = set[org.springframework.boot.test.autoconfigure.actuate.metrics.MetricsExportContextCustomizerFactory$DisableMetricExportContextCustomizer@1fc32e4f, org.springframework.boot.test.autoconfigure.properties.PropertyMappingContextCustomizer@0, org.springframework.boot.test.autoconfigure.web.servlet.WebDriverContextCustomizerFactory$Customizer@5d066c7d, org.springframework.boot.test.context.filter.ExcludeFilterContextCustomizer@1603cd68, org.springframework.boot.test.json.DuplicateJsonObjectContextCustomizerFactory$DuplicateJsonObjectContextCustomizer@66c92293, org.springframework.boot.test.mock.mockito.MockitoContextCustomizer@307f9cca], contextLoader = 'org.springframework.test.context.support.DelegatingSmartContextLoader', parent = [null]].
18:48:02.942 [Test worker] DEBUG org.springframework.test.context.support.AbstractGenericContextLoader - Loading ApplicationContext for merged context configuration [[MergedContextConfiguration@6d025d1d testClass = UserRepositoryTest, locations = '{}', classes = '{class org.waldreg.repository.user.MemoryUserRepository, class org.waldreg.repository.MemoryUserStorage, class org.waldreg.repository.user.UserMapper}', contextInitializerClasses = '[]', activeProfiles = '{}', propertySourceLocations = '{}', propertySourceProperties = '{}', contextCustomizers = set[org.springframework.boot.test.autoconfigure.actuate.metrics.MetricsExportContextCustomizerFactory$DisableMetricExportContextCustomizer@1fc32e4f, org.springframework.boot.test.autoconfigure.properties.PropertyMappingContextCustomizer@0, org.springframework.boot.test.autoconfigure.web.servlet.WebDriverContextCustomizerFactory$Customizer@5d066c7d, org.springframework.boot.test.context.filter.ExcludeFilterContextCustomizer@1603cd68, org.springframework.boot.test.json.DuplicateJsonObjectContextCustomizerFactory$DuplicateJsonObjectContextCustomizer@66c92293, org.springframework.boot.test.mock.mockito.MockitoContextCustomizer@307f9cca], contextLoader = 'org.springframework.test.context.support.DelegatingSmartContextLoader', parent = [null]]].
18:48:02.942 [Test worker] DEBUG org.springframework.core.env.StandardEnvironment - Activating profiles []
18:48:02.942 [Test worker] DEBUG org.springframework.test.context.support.AnnotationConfigContextLoader - Registering component classes: {class org.waldreg.repository.user.MemoryUserRepository, class org.waldreg.repository.MemoryUserStorage, class org.waldreg.repository.user.UserMapper}
18:48:02.943 [Test worker] DEBUG org.springframework.context.support.GenericApplicationContext - Refreshing org.springframework.context.support.GenericApplicationContext@74294c1a
18:48:02.943 [Test worker] DEBUG org.springframework.beans.factory.support.DefaultListableBeanFactory - Creating shared instance of singleton bean 'org.springframework.context.annotation.internalConfigurationAnnotationProcessor'
18:48:02.943 [Test worker] DEBUG org.springframework.beans.factory.support.DefaultListableBeanFactory - Creating shared instance of singleton bean 'org.springframework.boot.test.mock.mockito.MockitoPostProcessor'
18:48:02.944 [Test worker] DEBUG org.springframework.beans.factory.support.DefaultListableBeanFactory - Creating shared instance of singleton bean 'org.springframework.context.event.internalEventListenerProcessor'
18:48:02.944 [Test worker] DEBUG org.springframework.beans.factory.support.DefaultListableBeanFactory - Creating shared instance of singleton bean 'org.springframework.context.event.internalEventListenerFactory'
18:48:02.944 [Test worker] DEBUG org.springframework.beans.factory.support.DefaultListableBeanFactory - Creating shared instance of singleton bean 'org.springframework.context.annotation.internalAutowiredAnnotationProcessor'
18:48:02.944 [Test worker] DEBUG org.springframework.beans.factory.support.DefaultListableBeanFactory - Creating shared instance of singleton bean 'org.springframework.context.annotation.internalCommonAnnotationProcessor'
18:48:02.944 [Test worker] DEBUG org.springframework.beans.factory.support.DefaultListableBeanFactory - Creating shared instance of singleton bean 'org.springframework.boot.test.mock.mockito.MockitoPostProcessor$SpyPostProcessor'
18:48:02.944 [Test worker] DEBUG org.springframework.beans.factory.support.DefaultListableBeanFactory - Creating shared instance of singleton bean 'memoryUserRepository'
18:48:02.945 [Test worker] DEBUG org.springframework.beans.factory.support.DefaultListableBeanFactory - Creating shared instance of singleton bean 'userMapper'
18:48:02.947 [Test worker] DEBUG org.springframework.beans.factory.support.DefaultListableBeanFactory - Creating shared instance of singleton bean 'memoryUserStorage'
18:48:02.947 [Test worker] DEBUG org.springframework.beans.factory.support.DefaultListableBeanFactory - Autowiring by type from bean name 'memoryUserStorage' via constructor to bean named 'org.waldreg.repository.MemoryCharacterStorage#0'
18:48:02.947 [Test worker] DEBUG org.springframework.beans.factory.support.DefaultListableBeanFactory - Autowiring by type from bean name 'memoryUserRepository' via constructor to bean named 'userMapper'
18:48:02.947 [Test worker] DEBUG org.springframework.beans.factory.support.DefaultListableBeanFactory - Autowiring by type from bean name 'memoryUserRepository' via constructor to bean named 'memoryUserStorage'
18:48:02.947 [Test worker] DEBUG org.springframework.beans.factory.support.DefaultListableBeanFactory - Autowiring by type from bean name 'memoryUserRepository' via constructor to bean named 'org.waldreg.repository.MemoryCharacterStorage#0'
18:48:02.948 [Test worker] DEBUG org.springframework.test.context.cache.DefaultCacheAwareContextLoaderDelegate - Storing ApplicationContext [1948863514] in cache under key [[MergedContextConfiguration@6d025d1d testClass = UserRepositoryTest, locations = '{}', classes = '{class org.waldreg.repository.user.MemoryUserRepository, class org.waldreg.repository.MemoryUserStorage, class org.waldreg.repository.user.UserMapper}', contextInitializerClasses = '[]', activeProfiles = '{}', propertySourceLocations = '{}', propertySourceProperties = '{}', contextCustomizers = set[org.springframework.boot.test.autoconfigure.actuate.metrics.MetricsExportContextCustomizerFactory$DisableMetricExportContextCustomizer@1fc32e4f, org.springframework.boot.test.autoconfigure.properties.PropertyMappingContextCustomizer@0, org.springframework.boot.test.autoconfigure.web.servlet.WebDriverContextCustomizerFactory$Customizer@5d066c7d, org.springframework.boot.test.context.filter.ExcludeFilterContextCustomizer@1603cd68, org.springframework.boot.test.json.DuplicateJsonObjectContextCustomizerFactory$DuplicateJsonObjectContextCustomizer@66c92293, org.springframework.boot.test.mock.mockito.MockitoContextCustomizer@307f9cca], contextLoader = 'org.springframework.test.context.support.DelegatingSmartContextLoader', parent = [null]]]
18:48:02.948 [Test worker] DEBUG org.springframework.test.context.cache - Spring test ApplicationContext cache statistics: [DefaultContextCache@5acc9fdf size = 3, maxSize = 32, parentContextCount = 0, hitCount = 157, missCount = 3]
18:48:02.949 [Test worker] DEBUG org.springframework.test.context.support.DependencyInjectionTestExecutionListener - Performing dependency injection for test context [[DefaultTestContext@5e2a3040 testClass = UserRepositoryTest, testInstance = org.waldreg.repository.user.UserRepositoryTest@4867ab9f, testMethod = [null], testException = [null], mergedContextConfiguration = [MergedContextConfiguration@6d025d1d testClass = UserRepositoryTest, locations = '{}', classes = '{class org.waldreg.repository.user.MemoryUserRepository, class org.waldreg.repository.MemoryUserStorage, class org.waldreg.repository.user.UserMapper}', contextInitializerClasses = '[]', activeProfiles = '{}', propertySourceLocations = '{}', propertySourceProperties = '{}', contextCustomizers = set[org.springframework.boot.test.autoconfigure.actuate.metrics.MetricsExportContextCustomizerFactory$DisableMetricExportContextCustomizer@1fc32e4f, org.springframework.boot.test.autoconfigure.properties.PropertyMappingContextCustomizer@0, org.springframework.boot.test.autoconfigure.web.servlet.WebDriverContextCustomizerFactory$Customizer@5d066c7d, org.springframework.boot.test.context.filter.ExcludeFilterContextCustomizer@1603cd68, org.springframework.boot.test.json.DuplicateJsonObjectContextCustomizerFactory$DuplicateJsonObjectContextCustomizer@66c92293, org.springframework.boot.test.mock.mockito.MockitoContextCustomizer@307f9cca], contextLoader = 'org.springframework.test.context.support.DelegatingSmartContextLoader', parent = [null]], attributes = map['org.springframework.test.context.event.ApplicationEventsTestExecutionListener.recordApplicationEvents' -> false]]].
18:48:02.949 [Test worker] DEBUG org.springframework.test.context.cache.DefaultCacheAwareContextLoaderDelegate - Retrieved ApplicationContext [1948863514] from cache with key [[MergedContextConfiguration@6d025d1d testClass = UserRepositoryTest, locations = '{}', classes = '{class org.waldreg.repository.user.MemoryUserRepository, class org.waldreg.repository.MemoryUserStorage, class org.waldreg.repository.user.UserMapper}', contextInitializerClasses = '[]', activeProfiles = '{}', propertySourceLocations = '{}', propertySourceProperties = '{}', contextCustomizers = set[org.springframework.boot.test.autoconfigure.actuate.metrics.MetricsExportContextCustomizerFactory$DisableMetricExportContextCustomizer@1fc32e4f, org.springframework.boot.test.autoconfigure.properties.PropertyMappingContextCustomizer@0, org.springframework.boot.test.autoconfigure.web.servlet.WebDriverContextCustomizerFactory$Customizer@5d066c7d, org.springframework.boot.test.context.filter.ExcludeFilterContextCustomizer@1603cd68, org.springframework.boot.test.json.DuplicateJsonObjectContextCustomizerFactory$DuplicateJsonObjectContextCustomizer@66c92293, org.springframework.boot.test.mock.mockito.MockitoContextCustomizer@307f9cca], contextLoader = 'org.springframework.test.context.support.DelegatingSmartContextLoader', parent = [null]]]
18:48:02.949 [Test worker] DEBUG org.springframework.test.context.cache - Spring test ApplicationContext cache statistics: [DefaultContextCache@5acc9fdf size = 3, maxSize = 32, parentContextCount = 0, hitCount = 158, missCount = 3]
18:48:02.950 [Test worker] DEBUG org.springframework.test.context.cache.DefaultCacheAwareContextLoaderDelegate - Retrieved ApplicationContext [1948863514] from cache with key [[MergedContextConfiguration@6d025d1d testClass = UserRepositoryTest, locations = '{}', classes = '{class org.waldreg.repository.user.MemoryUserRepository, class org.waldreg.repository.MemoryUserStorage, class org.waldreg.repository.user.UserMapper}', contextInitializerClasses = '[]', activeProfiles = '{}', propertySourceLocations = '{}', propertySourceProperties = '{}', contextCustomizers = set[org.springframework.boot.test.autoconfigure.actuate.metrics.MetricsExportContextCustomizerFactory$DisableMetricExportContextCustomizer@1fc32e4f, org.springframework.boot.test.autoconfigure.properties.PropertyMappingContextCustomizer@0, org.springframework.boot.test.autoconfigure.web.servlet.WebDriverContextCustomizerFactory$Customizer@5d066c7d, org.springframework.boot.test.context.filter.ExcludeFilterContextCustomizer@1603cd68, org.springframework.boot.test.json.DuplicateJsonObjectContextCustomizerFactory$DuplicateJsonObjectContextCustomizer@66c92293, org.springframework.boot.test.mock.mockito.MockitoContextCustomizer@307f9cca], contextLoader = 'org.springframework.test.context.support.DelegatingSmartContextLoader', parent = [null]]]
18:48:02.950 [Test worker] DEBUG org.springframework.test.context.cache - Spring test ApplicationContext cache statistics: [DefaultContextCache@5acc9fdf size = 3, maxSize = 32, parentContextCount = 0, hitCount = 159, missCount = 3]
18:48:02.950 [Test worker] DEBUG org.springframework.test.context.support.AbstractDirtiesContextTestExecutionListener - Before test method: context [DefaultTestContext@5e2a3040 testClass = UserRepositoryTest, testInstance = org.waldreg.repository.user.UserRepositoryTest@4867ab9f, testMethod = UPDATE_USER_SUCCESS_TEST@UserRepositoryTest, testException = [null], mergedContextConfiguration = [MergedContextConfiguration@6d025d1d testClass = UserRepositoryTest, locations = '{}', classes = '{class org.waldreg.repository.user.MemoryUserRepository, class org.waldreg.repository.MemoryUserStorage, class org.waldreg.repository.user.UserMapper}', contextInitializerClasses = '[]', activeProfiles = '{}', propertySourceLocations = '{}', propertySourceProperties = '{}', contextCustomizers = set[org.springframework.boot.test.autoconfigure.actuate.metrics.MetricsExportContextCustomizerFactory$DisableMetricExportContextCustomizer@1fc32e4f, org.springframework.boot.test.autoconfigure.properties.PropertyMappingContextCustomizer@0, org.springframework.boot.test.autoconfigure.web.servlet.WebDriverContextCustomizerFactory$Customizer@5d066c7d, org.springframework.boot.test.context.filter.ExcludeFilterContextCustomizer@1603cd68, org.springframework.boot.test.json.DuplicateJsonObjectContextCustomizerFactory$DuplicateJsonObjectContextCustomizer@66c92293, org.springframework.boot.test.mock.mockito.MockitoContextCustomizer@307f9cca], contextLoader = 'org.springframework.test.context.support.DelegatingSmartContextLoader', parent = [null]], attributes = map['org.springframework.test.context.event.ApplicationEventsTestExecutionListener.recordApplicationEvents' -> false]], class annotated with @DirtiesContext [false] with mode [null], method annotated with @DirtiesContext [false] with mode [null].
18:48:02.950 [Test worker] DEBUG org.springframework.test.context.cache.DefaultCacheAwareContextLoaderDelegate - Retrieved ApplicationContext [1948863514] from cache with key [[MergedContextConfiguration@6d025d1d testClass = UserRepositoryTest, locations = '{}', classes = '{class org.waldreg.repository.user.MemoryUserRepository, class org.waldreg.repository.MemoryUserStorage, class org.waldreg.repository.user.UserMapper}', contextInitializerClasses = '[]', activeProfiles = '{}', propertySourceLocations = '{}', propertySourceProperties = '{}', contextCustomizers = set[org.springframework.boot.test.autoconfigure.actuate.metrics.MetricsExportContextCustomizerFactory$DisableMetricExportContextCustomizer@1fc32e4f, org.springframework.boot.test.autoconfigure.properties.PropertyMappingContextCustomizer@0, org.springframework.boot.test.autoconfigure.web.servlet.WebDriverContextCustomizerFactory$Customizer@5d066c7d, org.springframework.boot.test.context.filter.ExcludeFilterContextCustomizer@1603cd68, org.springframework.boot.test.json.DuplicateJsonObjectContextCustomizerFactory$DuplicateJsonObjectContextCustomizer@66c92293, org.springframework.boot.test.mock.mockito.MockitoContextCustomizer@307f9cca], contextLoader = 'org.springframework.test.context.support.DelegatingSmartContextLoader', parent = [null]]]
18:48:02.950 [Test worker] DEBUG org.springframework.test.context.cache - Spring test ApplicationContext cache statistics: [DefaultContextCache@5acc9fdf size = 3, maxSize = 32, parentContextCount = 0, hitCount = 160, missCount = 3]
18:48:02.950 [Test worker] DEBUG org.springframework.test.context.cache.DefaultCacheAwareContextLoaderDelegate - Retrieved ApplicationContext [1948863514] from cache with key [[MergedContextConfiguration@6d025d1d testClass = UserRepositoryTest, locations = '{}', classes = '{class org.waldreg.repository.user.MemoryUserRepository, class org.waldreg.repository.MemoryUserStorage, class org.waldreg.repository.user.UserMapper}', contextInitializerClasses = '[]', activeProfiles = '{}', propertySourceLocations = '{}', propertySourceProperties = '{}', contextCustomizers = set[org.springframework.boot.test.autoconfigure.actuate.metrics.MetricsExportContextCustomizerFactory$DisableMetricExportContextCustomizer@1fc32e4f, org.springframework.boot.test.autoconfigure.properties.PropertyMappingContextCustomizer@0, org.springframework.boot.test.autoconfigure.web.servlet.WebDriverContextCustomizerFactory$Customizer@5d066c7d, org.springframework.boot.test.context.filter.ExcludeFilterContextCustomizer@1603cd68, org.springframework.boot.test.json.DuplicateJsonObjectContextCustomizerFactory$DuplicateJsonObjectContextCustomizer@66c92293, org.springframework.boot.test.mock.mockito.MockitoContextCustomizer@307f9cca], contextLoader = 'org.springframework.test.context.support.DelegatingSmartContextLoader', parent = [null]]]
18:48:02.950 [Test worker] DEBUG org.springframework.test.context.cache - Spring test ApplicationContext cache statistics: [DefaultContextCache@5acc9fdf size = 3, maxSize = 32, parentContextCount = 0, hitCount = 161, missCount = 3]
18:48:02.951 [Test worker] DEBUG org.springframework.test.context.cache.DefaultCacheAwareContextLoaderDelegate - Retrieved ApplicationContext [1948863514] from cache with key [[MergedContextConfiguration@6d025d1d testClass = UserRepositoryTest, locations = '{}', classes = '{class org.waldreg.repository.user.MemoryUserRepository, class org.waldreg.repository.MemoryUserStorage, class org.waldreg.repository.user.UserMapper}', contextInitializerClasses = '[]', activeProfiles = '{}', propertySourceLocations = '{}', propertySourceProperties = '{}', contextCustomizers = set[org.springframework.boot.test.autoconfigure.actuate.metrics.MetricsExportContextCustomizerFactory$DisableMetricExportContextCustomizer@1fc32e4f, org.springframework.boot.test.autoconfigure.properties.PropertyMappingContextCustomizer@0, org.springframework.boot.test.autoconfigure.web.servlet.WebDriverContextCustomizerFactory$Customizer@5d066c7d, org.springframework.boot.test.context.filter.ExcludeFilterContextCustomizer@1603cd68, org.springframework.boot.test.json.DuplicateJsonObjectContextCustomizerFactory$DuplicateJsonObjectContextCustomizer@66c92293, org.springframework.boot.test.mock.mockito.MockitoContextCustomizer@307f9cca], contextLoader = 'org.springframework.test.context.support.DelegatingSmartContextLoader', parent = [null]]]
18:48:02.951 [Test worker] DEBUG org.springframework.test.context.cache - Spring test ApplicationContext cache statistics: [DefaultContextCache@5acc9fdf size = 3, maxSize = 32, parentContextCount = 0, hitCount = 162, missCount = 3]
18:48:02.952 [Test worker] DEBUG org.springframework.test.context.cache.DefaultCacheAwareContextLoaderDelegate - Retrieved ApplicationContext [1948863514] from cache with key [[MergedContextConfiguration@6d025d1d testClass = UserRepositoryTest, locations = '{}', classes = '{class org.waldreg.repository.user.MemoryUserRepository, class org.waldreg.repository.MemoryUserStorage, class org.waldreg.repository.user.UserMapper}', contextInitializerClasses = '[]', activeProfiles = '{}', propertySourceLocations = '{}', propertySourceProperties = '{}', contextCustomizers = set[org.springframework.boot.test.autoconfigure.actuate.metrics.MetricsExportContextCustomizerFactory$DisableMetricExportContextCustomizer@1fc32e4f, org.springframework.boot.test.autoconfigure.properties.PropertyMappingContextCustomizer@0, org.springframework.boot.test.autoconfigure.web.servlet.WebDriverContextCustomizerFactory$Customizer@5d066c7d, org.springframework.boot.test.context.filter.ExcludeFilterContextCustomizer@1603cd68, org.springframework.boot.test.json.DuplicateJsonObjectContextCustomizerFactory$DuplicateJsonObjectContextCustomizer@66c92293, org.springframework.boot.test.mock.mockito.MockitoContextCustomizer@307f9cca], contextLoader = 'org.springframework.test.context.support.DelegatingSmartContextLoader', parent = [null]]]
18:48:02.952 [Test worker] DEBUG org.springframework.test.context.cache - Spring test ApplicationContext cache statistics: [DefaultContextCache@5acc9fdf size = 3, maxSize = 32, parentContextCount = 0, hitCount = 163, missCount = 3]
18:48:02.952 [Test worker] DEBUG org.springframework.test.context.cache.DefaultCacheAwareContextLoaderDelegate - Retrieved ApplicationContext [1948863514] from cache with key [[MergedContextConfiguration@6d025d1d testClass = UserRepositoryTest, locations = '{}', classes = '{class org.waldreg.repository.user.MemoryUserRepository, class org.waldreg.repository.MemoryUserStorage, class org.waldreg.repository.user.UserMapper}', contextInitializerClasses = '[]', activeProfiles = '{}', propertySourceLocations = '{}', propertySourceProperties = '{}', contextCustomizers = set[org.springframework.boot.test.autoconfigure.actuate.metrics.MetricsExportContextCustomizerFactory$DisableMetricExportContextCustomizer@1fc32e4f, org.springframework.boot.test.autoconfigure.properties.PropertyMappingContextCustomizer@0, org.springframework.boot.test.autoconfigure.web.servlet.WebDriverContextCustomizerFactory$Customizer@5d066c7d, org.springframework.boot.test.context.filter.ExcludeFilterContextCustomizer@1603cd68, org.springframework.boot.test.json.DuplicateJsonObjectContextCustomizerFactory$DuplicateJsonObjectContextCustomizer@66c92293, org.springframework.boot.test.mock.mockito.MockitoContextCustomizer@307f9cca], contextLoader = 'org.springframework.test.context.support.DelegatingSmartContextLoader', parent = [null]]]
18:48:02.952 [Test worker] DEBUG org.springframework.test.context.cache - Spring test ApplicationContext cache statistics: [DefaultContextCache@5acc9fdf size = 3, maxSize = 32, parentContextCount = 0, hitCount = 164, missCount = 3]
18:48:02.952 [Test worker] DEBUG org.springframework.test.context.cache.DefaultCacheAwareContextLoaderDelegate - Retrieved ApplicationContext [1948863514] from cache with key [[MergedContextConfiguration@6d025d1d testClass = UserRepositoryTest, locations = '{}', classes = '{class org.waldreg.repository.user.MemoryUserRepository, class org.waldreg.repository.MemoryUserStorage, class org.waldreg.repository.user.UserMapper}', contextInitializerClasses = '[]', activeProfiles = '{}', propertySourceLocations = '{}', propertySourceProperties = '{}', contextCustomizers = set[org.springframework.boot.test.autoconfigure.actuate.metrics.MetricsExportContextCustomizerFactory$DisableMetricExportContextCustomizer@1fc32e4f, org.springframework.boot.test.autoconfigure.properties.PropertyMappingContextCustomizer@0, org.springframework.boot.test.autoconfigure.web.servlet.WebDriverContextCustomizerFactory$Customizer@5d066c7d, org.springframework.boot.test.context.filter.ExcludeFilterContextCustomizer@1603cd68, org.springframework.boot.test.json.DuplicateJsonObjectContextCustomizerFactory$DuplicateJsonObjectContextCustomizer@66c92293, org.springframework.boot.test.mock.mockito.MockitoContextCustomizer@307f9cca], contextLoader = 'org.springframework.test.context.support.DelegatingSmartContextLoader', parent = [null]]]
18:48:02.952 [Test worker] DEBUG org.springframework.test.context.cache - Spring test ApplicationContext cache statistics: [DefaultContextCache@5acc9fdf size = 3, maxSize = 32, parentContextCount = 0, hitCount = 165, missCount = 3]
18:48:02.952 [Test worker] DEBUG org.springframework.test.context.cache.DefaultCacheAwareContextLoaderDelegate - Retrieved ApplicationContext [1948863514] from cache with key [[MergedContextConfiguration@6d025d1d testClass = UserRepositoryTest, locations = '{}', classes = '{class org.waldreg.repository.user.MemoryUserRepository, class org.waldreg.repository.MemoryUserStorage, class org.waldreg.repository.user.UserMapper}', contextInitializerClasses = '[]', activeProfiles = '{}', propertySourceLocations = '{}', propertySourceProperties = '{}', contextCustomizers = set[org.springframework.boot.test.autoconfigure.actuate.metrics.MetricsExportContextCustomizerFactory$DisableMetricExportContextCustomizer@1fc32e4f, org.springframework.boot.test.autoconfigure.properties.PropertyMappingContextCustomizer@0, org.springframework.boot.test.autoconfigure.web.servlet.WebDriverContextCustomizerFactory$Customizer@5d066c7d, org.springframework.boot.test.context.filter.ExcludeFilterContextCustomizer@1603cd68, org.springframework.boot.test.json.DuplicateJsonObjectContextCustomizerFactory$DuplicateJsonObjectContextCustomizer@66c92293, org.springframework.boot.test.mock.mockito.MockitoContextCustomizer@307f9cca], contextLoader = 'org.springframework.test.context.support.DelegatingSmartContextLoader', parent = [null]]]
18:48:02.952 [Test worker] DEBUG org.springframework.test.context.cache - Spring test ApplicationContext cache statistics: [DefaultContextCache@5acc9fdf size = 3, maxSize = 32, parentContextCount = 0, hitCount = 166, missCount = 3]
18:48:02.952 [Test worker] DEBUG org.springframework.test.context.cache.DefaultCacheAwareContextLoaderDelegate - Retrieved ApplicationContext [1948863514] from cache with key [[MergedContextConfiguration@6d025d1d testClass = UserRepositoryTest, locations = '{}', classes = '{class org.waldreg.repository.user.MemoryUserRepository, class org.waldreg.repository.MemoryUserStorage, class org.waldreg.repository.user.UserMapper}', contextInitializerClasses = '[]', activeProfiles = '{}', propertySourceLocations = '{}', propertySourceProperties = '{}', contextCustomizers = set[org.springframework.boot.test.autoconfigure.actuate.metrics.MetricsExportContextCustomizerFactory$DisableMetricExportContextCustomizer@1fc32e4f, org.springframework.boot.test.autoconfigure.properties.PropertyMappingContextCustomizer@0, org.springframework.boot.test.autoconfigure.web.servlet.WebDriverContextCustomizerFactory$Customizer@5d066c7d, org.springframework.boot.test.context.filter.ExcludeFilterContextCustomizer@1603cd68, org.springframework.boot.test.json.DuplicateJsonObjectContextCustomizerFactory$DuplicateJsonObjectContextCustomizer@66c92293, org.springframework.boot.test.mock.mockito.MockitoContextCustomizer@307f9cca], contextLoader = 'org.springframework.test.context.support.DelegatingSmartContextLoader', parent = [null]]]
18:48:02.952 [Test worker] DEBUG org.springframework.test.context.cache - Spring test ApplicationContext cache statistics: [DefaultContextCache@5acc9fdf size = 3, maxSize = 32, parentContextCount = 0, hitCount = 167, missCount = 3]
18:48:02.952 [Test worker] DEBUG org.springframework.test.context.cache.DefaultCacheAwareContextLoaderDelegate - Retrieved ApplicationContext [1948863514] from cache with key [[MergedContextConfiguration@6d025d1d testClass = UserRepositoryTest, locations = '{}', classes = '{class org.waldreg.repository.user.MemoryUserRepository, class org.waldreg.repository.MemoryUserStorage, class org.waldreg.repository.user.UserMapper}', contextInitializerClasses = '[]', activeProfiles = '{}', propertySourceLocations = '{}', propertySourceProperties = '{}', contextCustomizers = set[org.springframework.boot.test.autoconfigure.actuate.metrics.MetricsExportContextCustomizerFactory$DisableMetricExportContextCustomizer@1fc32e4f, org.springframework.boot.test.autoconfigure.properties.PropertyMappingContextCustomizer@0, org.springframework.boot.test.autoconfigure.web.servlet.WebDriverContextCustomizerFactory$Customizer@5d066c7d, org.springframework.boot.test.context.filter.ExcludeFilterContextCustomizer@1603cd68, org.springframework.boot.test.json.DuplicateJsonObjectContextCustomizerFactory$DuplicateJsonObjectContextCustomizer@66c92293, org.springframework.boot.test.mock.mockito.MockitoContextCustomizer@307f9cca], contextLoader = 'org.springframework.test.context.support.DelegatingSmartContextLoader', parent = [null]]]
18:48:02.952 [Test worker] DEBUG org.springframework.test.context.cache - Spring test ApplicationContext cache statistics: [DefaultContextCache@5acc9fdf size = 3, maxSize = 32, parentContextCount = 0, hitCount = 168, missCount = 3]
18:48:02.952 [Test worker] DEBUG org.springframework.test.context.support.AbstractDirtiesContextTestExecutionListener - After test method: context [DefaultTestContext@5e2a3040 testClass = UserRepositoryTest, testInstance = org.waldreg.repository.user.UserRepositoryTest@4867ab9f, testMethod = UPDATE_USER_SUCCESS_TEST@UserRepositoryTest, testException = [null], mergedContextConfiguration = [MergedContextConfiguration@6d025d1d testClass = UserRepositoryTest, locations = '{}', classes = '{class org.waldreg.repository.user.MemoryUserRepository, class org.waldreg.repository.MemoryUserStorage, class org.waldreg.repository.user.UserMapper}', contextInitializerClasses = '[]', activeProfiles = '{}', propertySourceLocations = '{}', propertySourceProperties = '{}', contextCustomizers = set[org.springframework.boot.test.autoconfigure.actuate.metrics.MetricsExportContextCustomizerFactory$DisableMetricExportContextCustomizer@1fc32e4f, org.springframework.boot.test.autoconfigure.properties.PropertyMappingContextCustomizer@0, org.springframework.boot.test.autoconfigure.web.servlet.WebDriverContextCustomizerFactory$Customizer@5d066c7d, org.springframework.boot.test.context.filter.ExcludeFilterContextCustomizer@1603cd68, org.springframework.boot.test.json.DuplicateJsonObjectContextCustomizerFactory$DuplicateJsonObjectContextCustomizer@66c92293, org.springframework.boot.test.mock.mockito.MockitoContextCustomizer@307f9cca], contextLoader = 'org.springframework.test.context.support.DelegatingSmartContextLoader', parent = [null]], attributes = map['org.springframework.test.context.event.ApplicationEventsTestExecutionListener.recordApplicationEvents' -> false]], class annotated with @DirtiesContext [false] with mode [null], method annotated with @DirtiesContext [false] with mode [null].
18:48:02.953 [Test worker] DEBUG org.springframework.test.context.cache.DefaultCacheAwareContextLoaderDelegate - Retrieved ApplicationContext [1948863514] from cache with key [[MergedContextConfiguration@6d025d1d testClass = UserRepositoryTest, locations = '{}', classes = '{class org.waldreg.repository.user.MemoryUserRepository, class org.waldreg.repository.MemoryUserStorage, class org.waldreg.repository.user.UserMapper}', contextInitializerClasses = '[]', activeProfiles = '{}', propertySourceLocations = '{}', propertySourceProperties = '{}', contextCustomizers = set[org.springframework.boot.test.autoconfigure.actuate.metrics.MetricsExportContextCustomizerFactory$DisableMetricExportContextCustomizer@1fc32e4f, org.springframework.boot.test.autoconfigure.properties.PropertyMappingContextCustomizer@0, org.springframework.boot.test.autoconfigure.web.servlet.WebDriverContextCustomizerFactory$Customizer@5d066c7d, org.springframework.boot.test.context.filter.ExcludeFilterContextCustomizer@1603cd68, org.springframework.boot.test.json.DuplicateJsonObjectContextCustomizerFactory$DuplicateJsonObjectContextCustomizer@66c92293, org.springframework.boot.test.mock.mockito.MockitoContextCustomizer@307f9cca], contextLoader = 'org.springframework.test.context.support.DelegatingSmartContextLoader', parent = [null]]]
18:48:02.953 [Test worker] DEBUG org.springframework.test.context.cache - Spring test ApplicationContext cache statistics: [DefaultContextCache@5acc9fdf size = 3, maxSize = 32, parentContextCount = 0, hitCount = 169, missCount = 3]
18:48:02.953 [Test worker] DEBUG org.springframework.test.context.support.DependencyInjectionTestExecutionListener - Performing dependency injection for test context [[DefaultTestContext@5e2a3040 testClass = UserRepositoryTest, testInstance = org.waldreg.repository.user.UserRepositoryTest@149debbb, testMethod = [null], testException = [null], mergedContextConfiguration = [MergedContextConfiguration@6d025d1d testClass = UserRepositoryTest, locations = '{}', classes = '{class org.waldreg.repository.user.MemoryUserRepository, class org.waldreg.repository.MemoryUserStorage, class org.waldreg.repository.user.UserMapper}', contextInitializerClasses = '[]', activeProfiles = '{}', propertySourceLocations = '{}', propertySourceProperties = '{}', contextCustomizers = set[org.springframework.boot.test.autoconfigure.actuate.metrics.MetricsExportContextCustomizerFactory$DisableMetricExportContextCustomizer@1fc32e4f, org.springframework.boot.test.autoconfigure.properties.PropertyMappingContextCustomizer@0, org.springframework.boot.test.autoconfigure.web.servlet.WebDriverContextCustomizerFactory$Customizer@5d066c7d, org.springframework.boot.test.context.filter.ExcludeFilterContextCustomizer@1603cd68, org.springframework.boot.test.json.DuplicateJsonObjectContextCustomizerFactory$DuplicateJsonObjectContextCustomizer@66c92293, org.springframework.boot.test.mock.mockito.MockitoContextCustomizer@307f9cca], contextLoader = 'org.springframework.test.context.support.DelegatingSmartContextLoader', parent = [null]], attributes = map['org.springframework.test.context.event.ApplicationEventsTestExecutionListener.recordApplicationEvents' -> false]]].
18:48:02.953 [Test worker] DEBUG org.springframework.test.context.cache.DefaultCacheAwareContextLoaderDelegate - Retrieved ApplicationContext [1948863514] from cache with key [[MergedContextConfiguration@6d025d1d testClass = UserRepositoryTest, locations = '{}', classes = '{class org.waldreg.repository.user.MemoryUserRepository, class org.waldreg.repository.MemoryUserStorage, class org.waldreg.repository.user.UserMapper}', contextInitializerClasses = '[]', activeProfiles = '{}', propertySourceLocations = '{}', propertySourceProperties = '{}', contextCustomizers = set[org.springframework.boot.test.autoconfigure.actuate.metrics.MetricsExportContextCustomizerFactory$DisableMetricExportContextCustomizer@1fc32e4f, org.springframework.boot.test.autoconfigure.properties.PropertyMappingContextCustomizer@0, org.springframework.boot.test.autoconfigure.web.servlet.WebDriverContextCustomizerFactory$Customizer@5d066c7d, org.springframework.boot.test.context.filter.ExcludeFilterContextCustomizer@1603cd68, org.springframework.boot.test.json.DuplicateJsonObjectContextCustomizerFactory$DuplicateJsonObjectContextCustomizer@66c92293, org.springframework.boot.test.mock.mockito.MockitoContextCustomizer@307f9cca], contextLoader = 'org.springframework.test.context.support.DelegatingSmartContextLoader', parent = [null]]]
18:48:02.953 [Test worker] DEBUG org.springframework.test.context.cache - Spring test ApplicationContext cache statistics: [DefaultContextCache@5acc9fdf size = 3, maxSize = 32, parentContextCount = 0, hitCount = 170, missCount = 3]
18:48:02.953 [Test worker] DEBUG org.springframework.test.context.cache.DefaultCacheAwareContextLoaderDelegate - Retrieved ApplicationContext [1948863514] from cache with key [[MergedContextConfiguration@6d025d1d testClass = UserRepositoryTest, locations = '{}', classes = '{class org.waldreg.repository.user.MemoryUserRepository, class org.waldreg.repository.MemoryUserStorage, class org.waldreg.repository.user.UserMapper}', contextInitializerClasses = '[]', activeProfiles = '{}', propertySourceLocations = '{}', propertySourceProperties = '{}', contextCustomizers = set[org.springframework.boot.test.autoconfigure.actuate.metrics.MetricsExportContextCustomizerFactory$DisableMetricExportContextCustomizer@1fc32e4f, org.springframework.boot.test.autoconfigure.properties.PropertyMappingContextCustomizer@0, org.springframework.boot.test.autoconfigure.web.servlet.WebDriverContextCustomizerFactory$Customizer@5d066c7d, org.springframework.boot.test.context.filter.ExcludeFilterContextCustomizer@1603cd68, org.springframework.boot.test.json.DuplicateJsonObjectContextCustomizerFactory$DuplicateJsonObjectContextCustomizer@66c92293, org.springframework.boot.test.mock.mockito.MockitoContextCustomizer@307f9cca], contextLoader = 'org.springframework.test.context.support.DelegatingSmartContextLoader', parent = [null]]]
18:48:02.953 [Test worker] DEBUG org.springframework.test.context.cache - Spring test ApplicationContext cache statistics: [DefaultContextCache@5acc9fdf size = 3, maxSize = 32, parentContextCount = 0, hitCount = 171, missCount = 3]
18:48:02.953 [Test worker] DEBUG org.springframework.test.context.support.AbstractDirtiesContextTestExecutionListener - Before test method: context [DefaultTestContext@5e2a3040 testClass = UserRepositoryTest, testInstance = org.waldreg.repository.user.UserRepositoryTest@149debbb, testMethod = CREATE_USER_FAIL_CAUSE_DUPLICATED_USER_ID_TEST@UserRepositoryTest, testException = [null], mergedContextConfiguration = [MergedContextConfiguration@6d025d1d testClass = UserRepositoryTest, locations = '{}', classes = '{class org.waldreg.repository.user.MemoryUserRepository, class org.waldreg.repository.MemoryUserStorage, class org.waldreg.repository.user.UserMapper}', contextInitializerClasses = '[]', activeProfiles = '{}', propertySourceLocations = '{}', propertySourceProperties = '{}', contextCustomizers = set[org.springframework.boot.test.autoconfigure.actuate.metrics.MetricsExportContextCustomizerFactory$DisableMetricExportContextCustomizer@1fc32e4f, org.springframework.boot.test.autoconfigure.properties.PropertyMappingContextCustomizer@0, org.springframework.boot.test.autoconfigure.web.servlet.WebDriverContextCustomizerFactory$Customizer@5d066c7d, org.springframework.boot.test.context.filter.ExcludeFilterContextCustomizer@1603cd68, org.springframework.boot.test.json.DuplicateJsonObjectContextCustomizerFactory$DuplicateJsonObjectContextCustomizer@66c92293, org.springframework.boot.test.mock.mockito.MockitoContextCustomizer@307f9cca], contextLoader = 'org.springframework.test.context.support.DelegatingSmartContextLoader', parent = [null]], attributes = map['org.springframework.test.context.event.ApplicationEventsTestExecutionListener.recordApplicationEvents' -> false]], class annotated with @DirtiesContext [false] with mode [null], method annotated with @DirtiesContext [false] with mode [null].
18:48:02.953 [Test worker] DEBUG org.springframework.test.context.cache.DefaultCacheAwareContextLoaderDelegate - Retrieved ApplicationContext [1948863514] from cache with key [[MergedContextConfiguration@6d025d1d testClass = UserRepositoryTest, locations = '{}', classes = '{class org.waldreg.repository.user.MemoryUserRepository, class org.waldreg.repository.MemoryUserStorage, class org.waldreg.repository.user.UserMapper}', contextInitializerClasses = '[]', activeProfiles = '{}', propertySourceLocations = '{}', propertySourceProperties = '{}', contextCustomizers = set[org.springframework.boot.test.autoconfigure.actuate.metrics.MetricsExportContextCustomizerFactory$DisableMetricExportContextCustomizer@1fc32e4f, org.springframework.boot.test.autoconfigure.properties.PropertyMappingContextCustomizer@0, org.springframework.boot.test.autoconfigure.web.servlet.WebDriverContextCustomizerFactory$Customizer@5d066c7d, org.springframework.boot.test.context.filter.ExcludeFilterContextCustomizer@1603cd68, org.springframework.boot.test.json.DuplicateJsonObjectContextCustomizerFactory$DuplicateJsonObjectContextCustomizer@66c92293, org.springframework.boot.test.mock.mockito.MockitoContextCustomizer@307f9cca], contextLoader = 'org.springframework.test.context.support.DelegatingSmartContextLoader', parent = [null]]]
18:48:02.953 [Test worker] DEBUG org.springframework.test.context.cache - Spring test ApplicationContext cache statistics: [DefaultContextCache@5acc9fdf size = 3, maxSize = 32, parentContextCount = 0, hitCount = 172, missCount = 3]
18:48:02.953 [Test worker] DEBUG org.springframework.test.context.cache.DefaultCacheAwareContextLoaderDelegate - Retrieved ApplicationContext [1948863514] from cache with key [[MergedContextConfiguration@6d025d1d testClass = UserRepositoryTest, locations = '{}', classes = '{class org.waldreg.repository.user.MemoryUserRepository, class org.waldreg.repository.MemoryUserStorage, class org.waldreg.repository.user.UserMapper}', contextInitializerClasses = '[]', activeProfiles = '{}', propertySourceLocations = '{}', propertySourceProperties = '{}', contextCustomizers = set[org.springframework.boot.test.autoconfigure.actuate.metrics.MetricsExportContextCustomizerFactory$DisableMetricExportContextCustomizer@1fc32e4f, org.springframework.boot.test.autoconfigure.properties.PropertyMappingContextCustomizer@0, org.springframework.boot.test.autoconfigure.web.servlet.WebDriverContextCustomizerFactory$Customizer@5d066c7d, org.springframework.boot.test.context.filter.ExcludeFilterContextCustomizer@1603cd68, org.springframework.boot.test.json.DuplicateJsonObjectContextCustomizerFactory$DuplicateJsonObjectContextCustomizer@66c92293, org.springframework.boot.test.mock.mockito.MockitoContextCustomizer@307f9cca], contextLoader = 'org.springframework.test.context.support.DelegatingSmartContextLoader', parent = [null]]]
18:48:02.953 [Test worker] DEBUG org.springframework.test.context.cache - Spring test ApplicationContext cache statistics: [DefaultContextCache@5acc9fdf size = 3, maxSize = 32, parentContextCount = 0, hitCount = 173, missCount = 3]
18:48:02.953 [Test worker] DEBUG org.springframework.test.context.cache.DefaultCacheAwareContextLoaderDelegate - Retrieved ApplicationContext [1948863514] from cache with key [[MergedContextConfiguration@6d025d1d testClass = UserRepositoryTest, locations = '{}', classes = '{class org.waldreg.repository.user.MemoryUserRepository, class org.waldreg.repository.MemoryUserStorage, class org.waldreg.repository.user.UserMapper}', contextInitializerClasses = '[]', activeProfiles = '{}', propertySourceLocations = '{}', propertySourceProperties = '{}', contextCustomizers = set[org.springframework.boot.test.autoconfigure.actuate.metrics.MetricsExportContextCustomizerFactory$DisableMetricExportContextCustomizer@1fc32e4f, org.springframework.boot.test.autoconfigure.properties.PropertyMappingContextCustomizer@0, org.springframework.boot.test.autoconfigure.web.servlet.WebDriverContextCustomizerFactory$Customizer@5d066c7d, org.springframework.boot.test.context.filter.ExcludeFilterContextCustomizer@1603cd68, org.springframework.boot.test.json.DuplicateJsonObjectContextCustomizerFactory$DuplicateJsonObjectContextCustomizer@66c92293, org.springframework.boot.test.mock.mockito.MockitoContextCustomizer@307f9cca], contextLoader = 'org.springframework.test.context.support.DelegatingSmartContextLoader', parent = [null]]]
18:48:02.953 [Test worker] DEBUG org.springframework.test.context.cache - Spring test ApplicationContext cache statistics: [DefaultContextCache@5acc9fdf size = 3, maxSize = 32, parentContextCount = 0, hitCount = 174, missCount = 3]
18:48:02.954 [Test worker] DEBUG org.springframework.test.context.cache.DefaultCacheAwareContextLoaderDelegate - Retrieved ApplicationContext [1948863514] from cache with key [[MergedContextConfiguration@6d025d1d testClass = UserRepositoryTest, locations = '{}', classes = '{class org.waldreg.repository.user.MemoryUserRepository, class org.waldreg.repository.MemoryUserStorage, class org.waldreg.repository.user.UserMapper}', contextInitializerClasses = '[]', activeProfiles = '{}', propertySourceLocations = '{}', propertySourceProperties = '{}', contextCustomizers = set[org.springframework.boot.test.autoconfigure.actuate.metrics.MetricsExportContextCustomizerFactory$DisableMetricExportContextCustomizer@1fc32e4f, org.springframework.boot.test.autoconfigure.properties.PropertyMappingContextCustomizer@0, org.springframework.boot.test.autoconfigure.web.servlet.WebDriverContextCustomizerFactory$Customizer@5d066c7d, org.springframework.boot.test.context.filter.ExcludeFilterContextCustomizer@1603cd68, org.springframework.boot.test.json.DuplicateJsonObjectContextCustomizerFactory$DuplicateJsonObjectContextCustomizer@66c92293, org.springframework.boot.test.mock.mockito.MockitoContextCustomizer@307f9cca], contextLoader = 'org.springframework.test.context.support.DelegatingSmartContextLoader', parent = [null]]]
18:48:02.954 [Test worker] DEBUG org.springframework.test.context.cache - Spring test ApplicationContext cache statistics: [DefaultContextCache@5acc9fdf size = 3, maxSize = 32, parentContextCount = 0, hitCount = 175, missCount = 3]
18:48:02.954 [Test worker] DEBUG org.springframework.test.context.cache.DefaultCacheAwareContextLoaderDelegate - Retrieved ApplicationContext [1948863514] from cache with key [[MergedContextConfiguration@6d025d1d testClass = UserRepositoryTest, locations = '{}', classes = '{class org.waldreg.repository.user.MemoryUserRepository, class org.waldreg.repository.MemoryUserStorage, class org.waldreg.repository.user.UserMapper}', contextInitializerClasses = '[]', activeProfiles = '{}', propertySourceLocations = '{}', propertySourceProperties = '{}', contextCustomizers = set[org.springframework.boot.test.autoconfigure.actuate.metrics.MetricsExportContextCustomizerFactory$DisableMetricExportContextCustomizer@1fc32e4f, org.springframework.boot.test.autoconfigure.properties.PropertyMappingContextCustomizer@0, org.springframework.boot.test.autoconfigure.web.servlet.WebDriverContextCustomizerFactory$Customizer@5d066c7d, org.springframework.boot.test.context.filter.ExcludeFilterContextCustomizer@1603cd68, org.springframework.boot.test.json.DuplicateJsonObjectContextCustomizerFactory$DuplicateJsonObjectContextCustomizer@66c92293, org.springframework.boot.test.mock.mockito.MockitoContextCustomizer@307f9cca], contextLoader = 'org.springframework.test.context.support.DelegatingSmartContextLoader', parent = [null]]]
18:48:02.954 [Test worker] DEBUG org.springframework.test.context.cache - Spring test ApplicationContext cache statistics: [DefaultContextCache@5acc9fdf size = 3, maxSize = 32, parentContextCount = 0, hitCount = 176, missCount = 3]
18:48:02.954 [Test worker] DEBUG org.springframework.test.context.cache.DefaultCacheAwareContextLoaderDelegate - Retrieved ApplicationContext [1948863514] from cache with key [[MergedContextConfiguration@6d025d1d testClass = UserRepositoryTest, locations = '{}', classes = '{class org.waldreg.repository.user.MemoryUserRepository, class org.waldreg.repository.MemoryUserStorage, class org.waldreg.repository.user.UserMapper}', contextInitializerClasses = '[]', activeProfiles = '{}', propertySourceLocations = '{}', propertySourceProperties = '{}', contextCustomizers = set[org.springframework.boot.test.autoconfigure.actuate.metrics.MetricsExportContextCustomizerFactory$DisableMetricExportContextCustomizer@1fc32e4f, org.springframework.boot.test.autoconfigure.properties.PropertyMappingContextCustomizer@0, org.springframework.boot.test.autoconfigure.web.servlet.WebDriverContextCustomizerFactory$Customizer@5d066c7d, org.springframework.boot.test.context.filter.ExcludeFilterContextCustomizer@1603cd68, org.springframework.boot.test.json.DuplicateJsonObjectContextCustomizerFactory$DuplicateJsonObjectContextCustomizer@66c92293, org.springframework.boot.test.mock.mockito.MockitoContextCustomizer@307f9cca], contextLoader = 'org.springframework.test.context.support.DelegatingSmartContextLoader', parent = [null]]]
18:48:02.954 [Test worker] DEBUG org.springframework.test.context.cache - Spring test ApplicationContext cache statistics: [DefaultContextCache@5acc9fdf size = 3, maxSize = 32, parentContextCount = 0, hitCount = 177, missCount = 3]
18:48:02.954 [Test worker] DEBUG org.springframework.test.context.cache.DefaultCacheAwareContextLoaderDelegate - Retrieved ApplicationContext [1948863514] from cache with key [[MergedContextConfiguration@6d025d1d testClass = UserRepositoryTest, locations = '{}', classes = '{class org.waldreg.repository.user.MemoryUserRepository, class org.waldreg.repository.MemoryUserStorage, class org.waldreg.repository.user.UserMapper}', contextInitializerClasses = '[]', activeProfiles = '{}', propertySourceLocations = '{}', propertySourceProperties = '{}', contextCustomizers = set[org.springframework.boot.test.autoconfigure.actuate.metrics.MetricsExportContextCustomizerFactory$DisableMetricExportContextCustomizer@1fc32e4f, org.springframework.boot.test.autoconfigure.properties.PropertyMappingContextCustomizer@0, org.springframework.boot.test.autoconfigure.web.servlet.WebDriverContextCustomizerFactory$Customizer@5d066c7d, org.springframework.boot.test.context.filter.ExcludeFilterContextCustomizer@1603cd68, org.springframework.boot.test.json.DuplicateJsonObjectContextCustomizerFactory$DuplicateJsonObjectContextCustomizer@66c92293, org.springframework.boot.test.mock.mockito.MockitoContextCustomizer@307f9cca], contextLoader = 'org.springframework.test.context.support.DelegatingSmartContextLoader', parent = [null]]]
18:48:02.954 [Test worker] DEBUG org.springframework.test.context.cache - Spring test ApplicationContext cache statistics: [DefaultContextCache@5acc9fdf size = 3, maxSize = 32, parentContextCount = 0, hitCount = 178, missCount = 3]
18:48:02.954 [Test worker] DEBUG org.springframework.test.context.cache.DefaultCacheAwareContextLoaderDelegate - Retrieved ApplicationContext [1948863514] from cache with key [[MergedContextConfiguration@6d025d1d testClass = UserRepositoryTest, locations = '{}', classes = '{class org.waldreg.repository.user.MemoryUserRepository, class org.waldreg.repository.MemoryUserStorage, class org.waldreg.repository.user.UserMapper}', contextInitializerClasses = '[]', activeProfiles = '{}', propertySourceLocations = '{}', propertySourceProperties = '{}', contextCustomizers = set[org.springframework.boot.test.autoconfigure.actuate.metrics.MetricsExportContextCustomizerFactory$DisableMetricExportContextCustomizer@1fc32e4f, org.springframework.boot.test.autoconfigure.properties.PropertyMappingContextCustomizer@0, org.springframework.boot.test.autoconfigure.web.servlet.WebDriverContextCustomizerFactory$Customizer@5d066c7d, org.springframework.boot.test.context.filter.ExcludeFilterContextCustomizer@1603cd68, org.springframework.boot.test.json.DuplicateJsonObjectContextCustomizerFactory$DuplicateJsonObjectContextCustomizer@66c92293, org.springframework.boot.test.mock.mockito.MockitoContextCustomizer@307f9cca], contextLoader = 'org.springframework.test.context.support.DelegatingSmartContextLoader', parent = [null]]]
18:48:02.954 [Test worker] DEBUG org.springframework.test.context.cache - Spring test ApplicationContext cache statistics: [DefaultContextCache@5acc9fdf size = 3, maxSize = 32, parentContextCount = 0, hitCount = 179, missCount = 3]
18:48:02.954 [Test worker] DEBUG org.springframework.test.context.cache.DefaultCacheAwareContextLoaderDelegate - Retrieved ApplicationContext [1948863514] from cache with key [[MergedContextConfiguration@6d025d1d testClass = UserRepositoryTest, locations = '{}', classes = '{class org.waldreg.repository.user.MemoryUserRepository, class org.waldreg.repository.MemoryUserStorage, class org.waldreg.repository.user.UserMapper}', contextInitializerClasses = '[]', activeProfiles = '{}', propertySourceLocations = '{}', propertySourceProperties = '{}', contextCustomizers = set[org.springframework.boot.test.autoconfigure.actuate.metrics.MetricsExportContextCustomizerFactory$DisableMetricExportContextCustomizer@1fc32e4f, org.springframework.boot.test.autoconfigure.properties.PropertyMappingContextCustomizer@0, org.springframework.boot.test.autoconfigure.web.servlet.WebDriverContextCustomizerFactory$Customizer@5d066c7d, org.springframework.boot.test.context.filter.ExcludeFilterContextCustomizer@1603cd68, org.springframework.boot.test.json.DuplicateJsonObjectContextCustomizerFactory$DuplicateJsonObjectContextCustomizer@66c92293, org.springframework.boot.test.mock.mockito.MockitoContextCustomizer@307f9cca], contextLoader = 'org.springframework.test.context.support.DelegatingSmartContextLoader', parent = [null]]]
18:48:02.954 [Test worker] DEBUG org.springframework.test.context.cache - Spring test ApplicationContext cache statistics: [DefaultContextCache@5acc9fdf size = 3, maxSize = 32, parentContextCount = 0, hitCount = 180, missCount = 3]
18:48:02.955 [Test worker] DEBUG org.springframework.test.context.support.AbstractDirtiesContextTestExecutionListener - After test method: context [DefaultTestContext@5e2a3040 testClass = UserRepositoryTest, testInstance = org.waldreg.repository.user.UserRepositoryTest@149debbb, testMethod = CREATE_USER_FAIL_CAUSE_DUPLICATED_USER_ID_TEST@UserRepositoryTest, testException = [null], mergedContextConfiguration = [MergedContextConfiguration@6d025d1d testClass = UserRepositoryTest, locations = '{}', classes = '{class org.waldreg.repository.user.MemoryUserRepository, class org.waldreg.repository.MemoryUserStorage, class org.waldreg.repository.user.UserMapper}', contextInitializerClasses = '[]', activeProfiles = '{}', propertySourceLocations = '{}', propertySourceProperties = '{}', contextCustomizers = set[org.springframework.boot.test.autoconfigure.actuate.metrics.MetricsExportContextCustomizerFactory$DisableMetricExportContextCustomizer@1fc32e4f, org.springframework.boot.test.autoconfigure.properties.PropertyMappingContextCustomizer@0, org.springframework.boot.test.autoconfigure.web.servlet.WebDriverContextCustomizerFactory$Customizer@5d066c7d, org.springframework.boot.test.context.filter.ExcludeFilterContextCustomizer@1603cd68, org.springframework.boot.test.json.DuplicateJsonObjectContextCustomizerFactory$DuplicateJsonObjectContextCustomizer@66c92293, org.springframework.boot.test.mock.mockito.MockitoContextCustomizer@307f9cca], contextLoader = 'org.springframework.test.context.support.DelegatingSmartContextLoader', parent = [null]], attributes = map['org.springframework.test.context.event.ApplicationEventsTestExecutionListener.recordApplicationEvents' -> false]], class annotated with @DirtiesContext [false] with mode [null], method annotated with @DirtiesContext [false] with mode [null].
18:48:02.955 [Test worker] DEBUG org.springframework.test.context.cache.DefaultCacheAwareContextLoaderDelegate - Retrieved ApplicationContext [1948863514] from cache with key [[MergedContextConfiguration@6d025d1d testClass = UserRepositoryTest, locations = '{}', classes = '{class org.waldreg.repository.user.MemoryUserRepository, class org.waldreg.repository.MemoryUserStorage, class org.waldreg.repository.user.UserMapper}', contextInitializerClasses = '[]', activeProfiles = '{}', propertySourceLocations = '{}', propertySourceProperties = '{}', contextCustomizers = set[org.springframework.boot.test.autoconfigure.actuate.metrics.MetricsExportContextCustomizerFactory$DisableMetricExportContextCustomizer@1fc32e4f, org.springframework.boot.test.autoconfigure.properties.PropertyMappingContextCustomizer@0, org.springframework.boot.test.autoconfigure.web.servlet.WebDriverContextCustomizerFactory$Customizer@5d066c7d, org.springframework.boot.test.context.filter.ExcludeFilterContextCustomizer@1603cd68, org.springframework.boot.test.json.DuplicateJsonObjectContextCustomizerFactory$DuplicateJsonObjectContextCustomizer@66c92293, org.springframework.boot.test.mock.mockito.MockitoContextCustomizer@307f9cca], contextLoader = 'org.springframework.test.context.support.DelegatingSmartContextLoader', parent = [null]]]
18:48:02.955 [Test worker] DEBUG org.springframework.test.context.cache - Spring test ApplicationContext cache statistics: [DefaultContextCache@5acc9fdf size = 3, maxSize = 32, parentContextCount = 0, hitCount = 181, missCount = 3]
18:48:02.955 [Test worker] DEBUG org.springframework.test.context.support.DependencyInjectionTestExecutionListener - Performing dependency injection for test context [[DefaultTestContext@5e2a3040 testClass = UserRepositoryTest, testInstance = org.waldreg.repository.user.UserRepositoryTest@3ae9d1e2, testMethod = [null], testException = [null], mergedContextConfiguration = [MergedContextConfiguration@6d025d1d testClass = UserRepositoryTest, locations = '{}', classes = '{class org.waldreg.repository.user.MemoryUserRepository, class org.waldreg.repository.MemoryUserStorage, class org.waldreg.repository.user.UserMapper}', contextInitializerClasses = '[]', activeProfiles = '{}', propertySourceLocations = '{}', propertySourceProperties = '{}', contextCustomizers = set[org.springframework.boot.test.autoconfigure.actuate.metrics.MetricsExportContextCustomizerFactory$DisableMetricExportContextCustomizer@1fc32e4f, org.springframework.boot.test.autoconfigure.properties.PropertyMappingContextCustomizer@0, org.springframework.boot.test.autoconfigure.web.servlet.WebDriverContextCustomizerFactory$Customizer@5d066c7d, org.springframework.boot.test.context.filter.ExcludeFilterContextCustomizer@1603cd68, org.springframework.boot.test.json.DuplicateJsonObjectContextCustomizerFactory$DuplicateJsonObjectContextCustomizer@66c92293, org.springframework.boot.test.mock.mockito.MockitoContextCustomizer@307f9cca], contextLoader = 'org.springframework.test.context.support.DelegatingSmartContextLoader', parent = [null]], attributes = map['org.springframework.test.context.event.ApplicationEventsTestExecutionListener.recordApplicationEvents' -> false]]].
18:48:02.955 [Test worker] DEBUG org.springframework.test.context.cache.DefaultCacheAwareContextLoaderDelegate - Retrieved ApplicationContext [1948863514] from cache with key [[MergedContextConfiguration@6d025d1d testClass = UserRepositoryTest, locations = '{}', classes = '{class org.waldreg.repository.user.MemoryUserRepository, class org.waldreg.repository.MemoryUserStorage, class org.waldreg.repository.user.UserMapper}', contextInitializerClasses = '[]', activeProfiles = '{}', propertySourceLocations = '{}', propertySourceProperties = '{}', contextCustomizers = set[org.springframework.boot.test.autoconfigure.actuate.metrics.MetricsExportContextCustomizerFactory$DisableMetricExportContextCustomizer@1fc32e4f, org.springframework.boot.test.autoconfigure.properties.PropertyMappingContextCustomizer@0, org.springframework.boot.test.autoconfigure.web.servlet.WebDriverContextCustomizerFactory$Customizer@5d066c7d, org.springframework.boot.test.context.filter.ExcludeFilterContextCustomizer@1603cd68, org.springframework.boot.test.json.DuplicateJsonObjectContextCustomizerFactory$DuplicateJsonObjectContextCustomizer@66c92293, org.springframework.boot.test.mock.mockito.MockitoContextCustomizer@307f9cca], contextLoader = 'org.springframework.test.context.support.DelegatingSmartContextLoader', parent = [null]]]
18:48:02.955 [Test worker] DEBUG org.springframework.test.context.cache - Spring test ApplicationContext cache statistics: [DefaultContextCache@5acc9fdf size = 3, maxSize = 32, parentContextCount = 0, hitCount = 182, missCount = 3]
18:48:02.955 [Test worker] DEBUG org.springframework.test.context.cache.DefaultCacheAwareContextLoaderDelegate - Retrieved ApplicationContext [1948863514] from cache with key [[MergedContextConfiguration@6d025d1d testClass = UserRepositoryTest, locations = '{}', classes = '{class org.waldreg.repository.user.MemoryUserRepository, class org.waldreg.repository.MemoryUserStorage, class org.waldreg.repository.user.UserMapper}', contextInitializerClasses = '[]', activeProfiles = '{}', propertySourceLocations = '{}', propertySourceProperties = '{}', contextCustomizers = set[org.springframework.boot.test.autoconfigure.actuate.metrics.MetricsExportContextCustomizerFactory$DisableMetricExportContextCustomizer@1fc32e4f, org.springframework.boot.test.autoconfigure.properties.PropertyMappingContextCustomizer@0, org.springframework.boot.test.autoconfigure.web.servlet.WebDriverContextCustomizerFactory$Customizer@5d066c7d, org.springframework.boot.test.context.filter.ExcludeFilterContextCustomizer@1603cd68, org.springframework.boot.test.json.DuplicateJsonObjectContextCustomizerFactory$DuplicateJsonObjectContextCustomizer@66c92293, org.springframework.boot.test.mock.mockito.MockitoContextCustomizer@307f9cca], contextLoader = 'org.springframework.test.context.support.DelegatingSmartContextLoader', parent = [null]]]
18:48:02.955 [Test worker] DEBUG org.springframework.test.context.cache - Spring test ApplicationContext cache statistics: [DefaultContextCache@5acc9fdf size = 3, maxSize = 32, parentContextCount = 0, hitCount = 183, missCount = 3]
18:48:02.956 [Test worker] DEBUG org.springframework.test.context.support.AbstractDirtiesContextTestExecutionListener - Before test method: context [DefaultTestContext@5e2a3040 testClass = UserRepositoryTest, testInstance = org.waldreg.repository.user.UserRepositoryTest@3ae9d1e2, testMethod = READ_SPECIFIC_USER_SUCCESS_TEST@UserRepositoryTest, testException = [null], mergedContextConfiguration = [MergedContextConfiguration@6d025d1d testClass = UserRepositoryTest, locations = '{}', classes = '{class org.waldreg.repository.user.MemoryUserRepository, class org.waldreg.repository.MemoryUserStorage, class org.waldreg.repository.user.UserMapper}', contextInitializerClasses = '[]', activeProfiles = '{}', propertySourceLocations = '{}', propertySourceProperties = '{}', contextCustomizers = set[org.springframework.boot.test.autoconfigure.actuate.metrics.MetricsExportContextCustomizerFactory$DisableMetricExportContextCustomizer@1fc32e4f, org.springframework.boot.test.autoconfigure.properties.PropertyMappingContextCustomizer@0, org.springframework.boot.test.autoconfigure.web.servlet.WebDriverContextCustomizerFactory$Customizer@5d066c7d, org.springframework.boot.test.context.filter.ExcludeFilterContextCustomizer@1603cd68, org.springframework.boot.test.json.DuplicateJsonObjectContextCustomizerFactory$DuplicateJsonObjectContextCustomizer@66c92293, org.springframework.boot.test.mock.mockito.MockitoContextCustomizer@307f9cca], contextLoader = 'org.springframework.test.context.support.DelegatingSmartContextLoader', parent = [null]], attributes = map['org.springframework.test.context.event.ApplicationEventsTestExecutionListener.recordApplicationEvents' -> false]], class annotated with @DirtiesContext [false] with mode [null], method annotated with @DirtiesContext [false] with mode [null].
18:48:02.956 [Test worker] DEBUG org.springframework.test.context.cache.DefaultCacheAwareContextLoaderDelegate - Retrieved ApplicationContext [1948863514] from cache with key [[MergedContextConfiguration@6d025d1d testClass = UserRepositoryTest, locations = '{}', classes = '{class org.waldreg.repository.user.MemoryUserRepository, class org.waldreg.repository.MemoryUserStorage, class org.waldreg.repository.user.UserMapper}', contextInitializerClasses = '[]', activeProfiles = '{}', propertySourceLocations = '{}', propertySourceProperties = '{}', contextCustomizers = set[org.springframework.boot.test.autoconfigure.actuate.metrics.MetricsExportContextCustomizerFactory$DisableMetricExportContextCustomizer@1fc32e4f, org.springframework.boot.test.autoconfigure.properties.PropertyMappingContextCustomizer@0, org.springframework.boot.test.autoconfigure.web.servlet.WebDriverContextCustomizerFactory$Customizer@5d066c7d, org.springframework.boot.test.context.filter.ExcludeFilterContextCustomizer@1603cd68, org.springframework.boot.test.json.DuplicateJsonObjectContextCustomizerFactory$DuplicateJsonObjectContextCustomizer@66c92293, org.springframework.boot.test.mock.mockito.MockitoContextCustomizer@307f9cca], contextLoader = 'org.springframework.test.context.support.DelegatingSmartContextLoader', parent = [null]]]
18:48:02.956 [Test worker] DEBUG org.springframework.test.context.cache - Spring test ApplicationContext cache statistics: [DefaultContextCache@5acc9fdf size = 3, maxSize = 32, parentContextCount = 0, hitCount = 184, missCount = 3]
18:48:02.956 [Test worker] DEBUG org.springframework.test.context.cache.DefaultCacheAwareContextLoaderDelegate - Retrieved ApplicationContext [1948863514] from cache with key [[MergedContextConfiguration@6d025d1d testClass = UserRepositoryTest, locations = '{}', classes = '{class org.waldreg.repository.user.MemoryUserRepository, class org.waldreg.repository.MemoryUserStorage, class org.waldreg.repository.user.UserMapper}', contextInitializerClasses = '[]', activeProfiles = '{}', propertySourceLocations = '{}', propertySourceProperties = '{}', contextCustomizers = set[org.springframework.boot.test.autoconfigure.actuate.metrics.MetricsExportContextCustomizerFactory$DisableMetricExportContextCustomizer@1fc32e4f, org.springframework.boot.test.autoconfigure.properties.PropertyMappingContextCustomizer@0, org.springframework.boot.test.autoconfigure.web.servlet.WebDriverContextCustomizerFactory$Customizer@5d066c7d, org.springframework.boot.test.context.filter.ExcludeFilterContextCustomizer@1603cd68, org.springframework.boot.test.json.DuplicateJsonObjectContextCustomizerFactory$DuplicateJsonObjectContextCustomizer@66c92293, org.springframework.boot.test.mock.mockito.MockitoContextCustomizer@307f9cca], contextLoader = 'org.springframework.test.context.support.DelegatingSmartContextLoader', parent = [null]]]
18:48:02.956 [Test worker] DEBUG org.springframework.test.context.cache - Spring test ApplicationContext cache statistics: [DefaultContextCache@5acc9fdf size = 3, maxSize = 32, parentContextCount = 0, hitCount = 185, missCount = 3]
18:48:02.956 [Test worker] DEBUG org.springframework.test.context.cache.DefaultCacheAwareContextLoaderDelegate - Retrieved ApplicationContext [1948863514] from cache with key [[MergedContextConfiguration@6d025d1d testClass = UserRepositoryTest, locations = '{}', classes = '{class org.waldreg.repository.user.MemoryUserRepository, class org.waldreg.repository.MemoryUserStorage, class org.waldreg.repository.user.UserMapper}', contextInitializerClasses = '[]', activeProfiles = '{}', propertySourceLocations = '{}', propertySourceProperties = '{}', contextCustomizers = set[org.springframework.boot.test.autoconfigure.actuate.metrics.MetricsExportContextCustomizerFactory$DisableMetricExportContextCustomizer@1fc32e4f, org.springframework.boot.test.autoconfigure.properties.PropertyMappingContextCustomizer@0, org.springframework.boot.test.autoconfigure.web.servlet.WebDriverContextCustomizerFactory$Customizer@5d066c7d, org.springframework.boot.test.context.filter.ExcludeFilterContextCustomizer@1603cd68, org.springframework.boot.test.json.DuplicateJsonObjectContextCustomizerFactory$DuplicateJsonObjectContextCustomizer@66c92293, org.springframework.boot.test.mock.mockito.MockitoContextCustomizer@307f9cca], contextLoader = 'org.springframework.test.context.support.DelegatingSmartContextLoader', parent = [null]]]
18:48:02.956 [Test worker] DEBUG org.springframework.test.context.cache - Spring test ApplicationContext cache statistics: [DefaultContextCache@5acc9fdf size = 3, maxSize = 32, parentContextCount = 0, hitCount = 186, missCount = 3]
18:48:02.956 [Test worker] DEBUG org.springframework.test.context.cache.DefaultCacheAwareContextLoaderDelegate - Retrieved ApplicationContext [1948863514] from cache with key [[MergedContextConfiguration@6d025d1d testClass = UserRepositoryTest, locations = '{}', classes = '{class org.waldreg.repository.user.MemoryUserRepository, class org.waldreg.repository.MemoryUserStorage, class org.waldreg.repository.user.UserMapper}', contextInitializerClasses = '[]', activeProfiles = '{}', propertySourceLocations = '{}', propertySourceProperties = '{}', contextCustomizers = set[org.springframework.boot.test.autoconfigure.actuate.metrics.MetricsExportContextCustomizerFactory$DisableMetricExportContextCustomizer@1fc32e4f, org.springframework.boot.test.autoconfigure.properties.PropertyMappingContextCustomizer@0, org.springframework.boot.test.autoconfigure.web.servlet.WebDriverContextCustomizerFactory$Customizer@5d066c7d, org.springframework.boot.test.context.filter.ExcludeFilterContextCustomizer@1603cd68, org.springframework.boot.test.json.DuplicateJsonObjectContextCustomizerFactory$DuplicateJsonObjectContextCustomizer@66c92293, org.springframework.boot.test.mock.mockito.MockitoContextCustomizer@307f9cca], contextLoader = 'org.springframework.test.context.support.DelegatingSmartContextLoader', parent = [null]]]
18:48:02.957 [Test worker] DEBUG org.springframework.test.context.cache - Spring test ApplicationContext cache statistics: [DefaultContextCache@5acc9fdf size = 3, maxSize = 32, parentContextCount = 0, hitCount = 187, missCount = 3]
18:48:02.957 [Test worker] DEBUG org.springframework.test.context.cache.DefaultCacheAwareContextLoaderDelegate - Retrieved ApplicationContext [1948863514] from cache with key [[MergedContextConfiguration@6d025d1d testClass = UserRepositoryTest, locations = '{}', classes = '{class org.waldreg.repository.user.MemoryUserRepository, class org.waldreg.repository.MemoryUserStorage, class org.waldreg.repository.user.UserMapper}', contextInitializerClasses = '[]', activeProfiles = '{}', propertySourceLocations = '{}', propertySourceProperties = '{}', contextCustomizers = set[org.springframework.boot.test.autoconfigure.actuate.metrics.MetricsExportContextCustomizerFactory$DisableMetricExportContextCustomizer@1fc32e4f, org.springframework.boot.test.autoconfigure.properties.PropertyMappingContextCustomizer@0, org.springframework.boot.test.autoconfigure.web.servlet.WebDriverContextCustomizerFactory$Customizer@5d066c7d, org.springframework.boot.test.context.filter.ExcludeFilterContextCustomizer@1603cd68, org.springframework.boot.test.json.DuplicateJsonObjectContextCustomizerFactory$DuplicateJsonObjectContextCustomizer@66c92293, org.springframework.boot.test.mock.mockito.MockitoContextCustomizer@307f9cca], contextLoader = 'org.springframework.test.context.support.DelegatingSmartContextLoader', parent = [null]]]
18:48:02.957 [Test worker] DEBUG org.springframework.test.context.cache - Spring test ApplicationContext cache statistics: [DefaultContextCache@5acc9fdf size = 3, maxSize = 32, parentContextCount = 0, hitCount = 188, missCount = 3]
18:48:02.957 [Test worker] DEBUG org.springframework.test.context.cache.DefaultCacheAwareContextLoaderDelegate - Retrieved ApplicationContext [1948863514] from cache with key [[MergedContextConfiguration@6d025d1d testClass = UserRepositoryTest, locations = '{}', classes = '{class org.waldreg.repository.user.MemoryUserRepository, class org.waldreg.repository.MemoryUserStorage, class org.waldreg.repository.user.UserMapper}', contextInitializerClasses = '[]', activeProfiles = '{}', propertySourceLocations = '{}', propertySourceProperties = '{}', contextCustomizers = set[org.springframework.boot.test.autoconfigure.actuate.metrics.MetricsExportContextCustomizerFactory$DisableMetricExportContextCustomizer@1fc32e4f, org.springframework.boot.test.autoconfigure.properties.PropertyMappingContextCustomizer@0, org.springframework.boot.test.autoconfigure.web.servlet.WebDriverContextCustomizerFactory$Customizer@5d066c7d, org.springframework.boot.test.context.filter.ExcludeFilterContextCustomizer@1603cd68, org.springframework.boot.test.json.DuplicateJsonObjectContextCustomizerFactory$DuplicateJsonObjectContextCustomizer@66c92293, org.springframework.boot.test.mock.mockito.MockitoContextCustomizer@307f9cca], contextLoader = 'org.springframework.test.context.support.DelegatingSmartContextLoader', parent = [null]]]
18:48:02.957 [Test worker] DEBUG org.springframework.test.context.cache - Spring test ApplicationContext cache statistics: [DefaultContextCache@5acc9fdf size = 3, maxSize = 32, parentContextCount = 0, hitCount = 189, missCount = 3]
18:48:02.957 [Test worker] DEBUG org.springframework.test.context.cache.DefaultCacheAwareContextLoaderDelegate - Retrieved ApplicationContext [1948863514] from cache with key [[MergedContextConfiguration@6d025d1d testClass = UserRepositoryTest, locations = '{}', classes = '{class org.waldreg.repository.user.MemoryUserRepository, class org.waldreg.repository.MemoryUserStorage, class org.waldreg.repository.user.UserMapper}', contextInitializerClasses = '[]', activeProfiles = '{}', propertySourceLocations = '{}', propertySourceProperties = '{}', contextCustomizers = set[org.springframework.boot.test.autoconfigure.actuate.metrics.MetricsExportContextCustomizerFactory$DisableMetricExportContextCustomizer@1fc32e4f, org.springframework.boot.test.autoconfigure.properties.PropertyMappingContextCustomizer@0, org.springframework.boot.test.autoconfigure.web.servlet.WebDriverContextCustomizerFactory$Customizer@5d066c7d, org.springframework.boot.test.context.filter.ExcludeFilterContextCustomizer@1603cd68, org.springframework.boot.test.json.DuplicateJsonObjectContextCustomizerFactory$DuplicateJsonObjectContextCustomizer@66c92293, org.springframework.boot.test.mock.mockito.MockitoContextCustomizer@307f9cca], contextLoader = 'org.springframework.test.context.support.DelegatingSmartContextLoader', parent = [null]]]
18:48:02.957 [Test worker] DEBUG org.springframework.test.context.cache - Spring test ApplicationContext cache statistics: [DefaultContextCache@5acc9fdf size = 3, maxSize = 32, parentContextCount = 0, hitCount = 190, missCount = 3]
18:48:02.957 [Test worker] DEBUG org.springframework.test.context.cache.DefaultCacheAwareContextLoaderDelegate - Retrieved ApplicationContext [1948863514] from cache with key [[MergedContextConfiguration@6d025d1d testClass = UserRepositoryTest, locations = '{}', classes = '{class org.waldreg.repository.user.MemoryUserRepository, class org.waldreg.repository.MemoryUserStorage, class org.waldreg.repository.user.UserMapper}', contextInitializerClasses = '[]', activeProfiles = '{}', propertySourceLocations = '{}', propertySourceProperties = '{}', contextCustomizers = set[org.springframework.boot.test.autoconfigure.actuate.metrics.MetricsExportContextCustomizerFactory$DisableMetricExportContextCustomizer@1fc32e4f, org.springframework.boot.test.autoconfigure.properties.PropertyMappingContextCustomizer@0, org.springframework.boot.test.autoconfigure.web.servlet.WebDriverContextCustomizerFactory$Customizer@5d066c7d, org.springframework.boot.test.context.filter.ExcludeFilterContextCustomizer@1603cd68, org.springframework.boot.test.json.DuplicateJsonObjectContextCustomizerFactory$DuplicateJsonObjectContextCustomizer@66c92293, org.springframework.boot.test.mock.mockito.MockitoContextCustomizer@307f9cca], contextLoader = 'org.springframework.test.context.support.DelegatingSmartContextLoader', parent = [null]]]
18:48:02.957 [Test worker] DEBUG org.springframework.test.context.cache - Spring test ApplicationContext cache statistics: [DefaultContextCache@5acc9fdf size = 3, maxSize = 32, parentContextCount = 0, hitCount = 191, missCount = 3]
18:48:02.957 [Test worker] DEBUG org.springframework.test.context.cache.DefaultCacheAwareContextLoaderDelegate - Retrieved ApplicationContext [1948863514] from cache with key [[MergedContextConfiguration@6d025d1d testClass = UserRepositoryTest, locations = '{}', classes = '{class org.waldreg.repository.user.MemoryUserRepository, class org.waldreg.repository.MemoryUserStorage, class org.waldreg.repository.user.UserMapper}', contextInitializerClasses = '[]', activeProfiles = '{}', propertySourceLocations = '{}', propertySourceProperties = '{}', contextCustomizers = set[org.springframework.boot.test.autoconfigure.actuate.metrics.MetricsExportContextCustomizerFactory$DisableMetricExportContextCustomizer@1fc32e4f, org.springframework.boot.test.autoconfigure.properties.PropertyMappingContextCustomizer@0, org.springframework.boot.test.autoconfigure.web.servlet.WebDriverContextCustomizerFactory$Customizer@5d066c7d, org.springframework.boot.test.context.filter.ExcludeFilterContextCustomizer@1603cd68, org.springframework.boot.test.json.DuplicateJsonObjectContextCustomizerFactory$DuplicateJsonObjectContextCustomizer@66c92293, org.springframework.boot.test.mock.mockito.MockitoContextCustomizer@307f9cca], contextLoader = 'org.springframework.test.context.support.DelegatingSmartContextLoader', parent = [null]]]
18:48:02.957 [Test worker] DEBUG org.springframework.test.context.cache - Spring test ApplicationContext cache statistics: [DefaultContextCache@5acc9fdf size = 3, maxSize = 32, parentContextCount = 0, hitCount = 192, missCount = 3]
18:48:02.957 [Test worker] DEBUG org.springframework.test.context.support.AbstractDirtiesContextTestExecutionListener - After test method: context [DefaultTestContext@5e2a3040 testClass = UserRepositoryTest, testInstance = org.waldreg.repository.user.UserRepositoryTest@3ae9d1e2, testMethod = READ_SPECIFIC_USER_SUCCESS_TEST@UserRepositoryTest, testException = [null], mergedContextConfiguration = [MergedContextConfiguration@6d025d1d testClass = UserRepositoryTest, locations = '{}', classes = '{class org.waldreg.repository.user.MemoryUserRepository, class org.waldreg.repository.MemoryUserStorage, class org.waldreg.repository.user.UserMapper}', contextInitializerClasses = '[]', activeProfiles = '{}', propertySourceLocations = '{}', propertySourceProperties = '{}', contextCustomizers = set[org.springframework.boot.test.autoconfigure.actuate.metrics.MetricsExportContextCustomizerFactory$DisableMetricExportContextCustomizer@1fc32e4f, org.springframework.boot.test.autoconfigure.properties.PropertyMappingContextCustomizer@0, org.springframework.boot.test.autoconfigure.web.servlet.WebDriverContextCustomizerFactory$Customizer@5d066c7d, org.springframework.boot.test.context.filter.ExcludeFilterContextCustomizer@1603cd68, org.springframework.boot.test.json.DuplicateJsonObjectContextCustomizerFactory$DuplicateJsonObjectContextCustomizer@66c92293, org.springframework.boot.test.mock.mockito.MockitoContextCustomizer@307f9cca], contextLoader = 'org.springframework.test.context.support.DelegatingSmartContextLoader', parent = [null]], attributes = map['org.springframework.test.context.event.ApplicationEventsTestExecutionListener.recordApplicationEvents' -> false]], class annotated with @DirtiesContext [false] with mode [null], method annotated with @DirtiesContext [false] with mode [null].
18:48:02.957 [Test worker] DEBUG org.springframework.test.context.cache.DefaultCacheAwareContextLoaderDelegate - Retrieved ApplicationContext [1948863514] from cache with key [[MergedContextConfiguration@6d025d1d testClass = UserRepositoryTest, locations = '{}', classes = '{class org.waldreg.repository.user.MemoryUserRepository, class org.waldreg.repository.MemoryUserStorage, class org.waldreg.repository.user.UserMapper}', contextInitializerClasses = '[]', activeProfiles = '{}', propertySourceLocations = '{}', propertySourceProperties = '{}', contextCustomizers = set[org.springframework.boot.test.autoconfigure.actuate.metrics.MetricsExportContextCustomizerFactory$DisableMetricExportContextCustomizer@1fc32e4f, org.springframework.boot.test.autoconfigure.properties.PropertyMappingContextCustomizer@0, org.springframework.boot.test.autoconfigure.web.servlet.WebDriverContextCustomizerFactory$Customizer@5d066c7d, org.springframework.boot.test.context.filter.ExcludeFilterContextCustomizer@1603cd68, org.springframework.boot.test.json.DuplicateJsonObjectContextCustomizerFactory$DuplicateJsonObjectContextCustomizer@66c92293, org.springframework.boot.test.mock.mockito.MockitoContextCustomizer@307f9cca], contextLoader = 'org.springframework.test.context.support.DelegatingSmartContextLoader', parent = [null]]]
18:48:02.957 [Test worker] DEBUG org.springframework.test.context.cache - Spring test ApplicationContext cache statistics: [DefaultContextCache@5acc9fdf size = 3, maxSize = 32, parentContextCount = 0, hitCount = 193, missCount = 3]
18:48:02.957 [Test worker] DEBUG org.springframework.test.context.support.DependencyInjectionTestExecutionListener - Performing dependency injection for test context [[DefaultTestContext@5e2a3040 testClass = UserRepositoryTest, testInstance = org.waldreg.repository.user.UserRepositoryTest@43b40233, testMethod = [null], testException = [null], mergedContextConfiguration = [MergedContextConfiguration@6d025d1d testClass = UserRepositoryTest, locations = '{}', classes = '{class org.waldreg.repository.user.MemoryUserRepository, class org.waldreg.repository.MemoryUserStorage, class org.waldreg.repository.user.UserMapper}', contextInitializerClasses = '[]', activeProfiles = '{}', propertySourceLocations = '{}', propertySourceProperties = '{}', contextCustomizers = set[org.springframework.boot.test.autoconfigure.actuate.metrics.MetricsExportContextCustomizerFactory$DisableMetricExportContextCustomizer@1fc32e4f, org.springframework.boot.test.autoconfigure.properties.PropertyMappingContextCustomizer@0, org.springframework.boot.test.autoconfigure.web.servlet.WebDriverContextCustomizerFactory$Customizer@5d066c7d, org.springframework.boot.test.context.filter.ExcludeFilterContextCustomizer@1603cd68, org.springframework.boot.test.json.DuplicateJsonObjectContextCustomizerFactory$DuplicateJsonObjectContextCustomizer@66c92293, org.springframework.boot.test.mock.mockito.MockitoContextCustomizer@307f9cca], contextLoader = 'org.springframework.test.context.support.DelegatingSmartContextLoader', parent = [null]], attributes = map['org.springframework.test.context.event.ApplicationEventsTestExecutionListener.recordApplicationEvents' -> false]]].
18:48:02.958 [Test worker] DEBUG org.springframework.test.context.cache.DefaultCacheAwareContextLoaderDelegate - Retrieved ApplicationContext [1948863514] from cache with key [[MergedContextConfiguration@6d025d1d testClass = UserRepositoryTest, locations = '{}', classes = '{class org.waldreg.repository.user.MemoryUserRepository, class org.waldreg.repository.MemoryUserStorage, class org.waldreg.repository.user.UserMapper}', contextInitializerClasses = '[]', activeProfiles = '{}', propertySourceLocations = '{}', propertySourceProperties = '{}', contextCustomizers = set[org.springframework.boot.test.autoconfigure.actuate.metrics.MetricsExportContextCustomizerFactory$DisableMetricExportContextCustomizer@1fc32e4f, org.springframework.boot.test.autoconfigure.properties.PropertyMappingContextCustomizer@0, org.springframework.boot.test.autoconfigure.web.servlet.WebDriverContextCustomizerFactory$Customizer@5d066c7d, org.springframework.boot.test.context.filter.ExcludeFilterContextCustomizer@1603cd68, org.springframework.boot.test.json.DuplicateJsonObjectContextCustomizerFactory$DuplicateJsonObjectContextCustomizer@66c92293, org.springframework.boot.test.mock.mockito.MockitoContextCustomizer@307f9cca], contextLoader = 'org.springframework.test.context.support.DelegatingSmartContextLoader', parent = [null]]]
18:48:02.958 [Test worker] DEBUG org.springframework.test.context.cache - Spring test ApplicationContext cache statistics: [DefaultContextCache@5acc9fdf size = 3, maxSize = 32, parentContextCount = 0, hitCount = 194, missCount = 3]
18:48:02.958 [Test worker] DEBUG org.springframework.test.context.cache.DefaultCacheAwareContextLoaderDelegate - Retrieved ApplicationContext [1948863514] from cache with key [[MergedContextConfiguration@6d025d1d testClass = UserRepositoryTest, locations = '{}', classes = '{class org.waldreg.repository.user.MemoryUserRepository, class org.waldreg.repository.MemoryUserStorage, class org.waldreg.repository.user.UserMapper}', contextInitializerClasses = '[]', activeProfiles = '{}', propertySourceLocations = '{}', propertySourceProperties = '{}', contextCustomizers = set[org.springframework.boot.test.autoconfigure.actuate.metrics.MetricsExportContextCustomizerFactory$DisableMetricExportContextCustomizer@1fc32e4f, org.springframework.boot.test.autoconfigure.properties.PropertyMappingContextCustomizer@0, org.springframework.boot.test.autoconfigure.web.servlet.WebDriverContextCustomizerFactory$Customizer@5d066c7d, org.springframework.boot.test.context.filter.ExcludeFilterContextCustomizer@1603cd68, org.springframework.boot.test.json.DuplicateJsonObjectContextCustomizerFactory$DuplicateJsonObjectContextCustomizer@66c92293, org.springframework.boot.test.mock.mockito.MockitoContextCustomizer@307f9cca], contextLoader = 'org.springframework.test.context.support.DelegatingSmartContextLoader', parent = [null]]]
18:48:02.958 [Test worker] DEBUG org.springframework.test.context.cache - Spring test ApplicationContext cache statistics: [DefaultContextCache@5acc9fdf size = 3, maxSize = 32, parentContextCount = 0, hitCount = 195, missCount = 3]
18:48:02.958 [Test worker] DEBUG org.springframework.test.context.support.AbstractDirtiesContextTestExecutionListener - Before test method: context [DefaultTestContext@5e2a3040 testClass = UserRepositoryTest, testInstance = org.waldreg.repository.user.UserRepositoryTest@43b40233, testMethod = CREATE_USER_SUCCESS_TEST@UserRepositoryTest, testException = [null], mergedContextConfiguration = [MergedContextConfiguration@6d025d1d testClass = UserRepositoryTest, locations = '{}', classes = '{class org.waldreg.repository.user.MemoryUserRepository, class org.waldreg.repository.MemoryUserStorage, class org.waldreg.repository.user.UserMapper}', contextInitializerClasses = '[]', activeProfiles = '{}', propertySourceLocations = '{}', propertySourceProperties = '{}', contextCustomizers = set[org.springframework.boot.test.autoconfigure.actuate.metrics.MetricsExportContextCustomizerFactory$DisableMetricExportContextCustomizer@1fc32e4f, org.springframework.boot.test.autoconfigure.properties.PropertyMappingContextCustomizer@0, org.springframework.boot.test.autoconfigure.web.servlet.WebDriverContextCustomizerFactory$Customizer@5d066c7d, org.springframework.boot.test.context.filter.ExcludeFilterContextCustomizer@1603cd68, org.springframework.boot.test.json.DuplicateJsonObjectContextCustomizerFactory$DuplicateJsonObjectContextCustomizer@66c92293, org.springframework.boot.test.mock.mockito.MockitoContextCustomizer@307f9cca], contextLoader = 'org.springframework.test.context.support.DelegatingSmartContextLoader', parent = [null]], attributes = map['org.springframework.test.context.event.ApplicationEventsTestExecutionListener.recordApplicationEvents' -> false]], class annotated with @DirtiesContext [false] with mode [null], method annotated with @DirtiesContext [false] with mode [null].
18:48:02.958 [Test worker] DEBUG org.springframework.test.context.cache.DefaultCacheAwareContextLoaderDelegate - Retrieved ApplicationContext [1948863514] from cache with key [[MergedContextConfiguration@6d025d1d testClass = UserRepositoryTest, locations = '{}', classes = '{class org.waldreg.repository.user.MemoryUserRepository, class org.waldreg.repository.MemoryUserStorage, class org.waldreg.repository.user.UserMapper}', contextInitializerClasses = '[]', activeProfiles = '{}', propertySourceLocations = '{}', propertySourceProperties = '{}', contextCustomizers = set[org.springframework.boot.test.autoconfigure.actuate.metrics.MetricsExportContextCustomizerFactory$DisableMetricExportContextCustomizer@1fc32e4f, org.springframework.boot.test.autoconfigure.properties.PropertyMappingContextCustomizer@0, org.springframework.boot.test.autoconfigure.web.servlet.WebDriverContextCustomizerFactory$Customizer@5d066c7d, org.springframework.boot.test.context.filter.ExcludeFilterContextCustomizer@1603cd68, org.springframework.boot.test.json.DuplicateJsonObjectContextCustomizerFactory$DuplicateJsonObjectContextCustomizer@66c92293, org.springframework.boot.test.mock.mockito.MockitoContextCustomizer@307f9cca], contextLoader = 'org.springframework.test.context.support.DelegatingSmartContextLoader', parent = [null]]]
18:48:02.958 [Test worker] DEBUG org.springframework.test.context.cache - Spring test ApplicationContext cache statistics: [DefaultContextCache@5acc9fdf size = 3, maxSize = 32, parentContextCount = 0, hitCount = 196, missCount = 3]
18:48:02.958 [Test worker] DEBUG org.springframework.test.context.cache.DefaultCacheAwareContextLoaderDelegate - Retrieved ApplicationContext [1948863514] from cache with key [[MergedContextConfiguration@6d025d1d testClass = UserRepositoryTest, locations = '{}', classes = '{class org.waldreg.repository.user.MemoryUserRepository, class org.waldreg.repository.MemoryUserStorage, class org.waldreg.repository.user.UserMapper}', contextInitializerClasses = '[]', activeProfiles = '{}', propertySourceLocations = '{}', propertySourceProperties = '{}', contextCustomizers = set[org.springframework.boot.test.autoconfigure.actuate.metrics.MetricsExportContextCustomizerFactory$DisableMetricExportContextCustomizer@1fc32e4f, org.springframework.boot.test.autoconfigure.properties.PropertyMappingContextCustomizer@0, org.springframework.boot.test.autoconfigure.web.servlet.WebDriverContextCustomizerFactory$Customizer@5d066c7d, org.springframework.boot.test.context.filter.ExcludeFilterContextCustomizer@1603cd68, org.springframework.boot.test.json.DuplicateJsonObjectContextCustomizerFactory$DuplicateJsonObjectContextCustomizer@66c92293, org.springframework.boot.test.mock.mockito.MockitoContextCustomizer@307f9cca], contextLoader = 'org.springframework.test.context.support.DelegatingSmartContextLoader', parent = [null]]]
18:48:02.958 [Test worker] DEBUG org.springframework.test.context.cache - Spring test ApplicationContext cache statistics: [DefaultContextCache@5acc9fdf size = 3, maxSize = 32, parentContextCount = 0, hitCount = 197, missCount = 3]
18:48:02.958 [Test worker] DEBUG org.springframework.test.context.cache.DefaultCacheAwareContextLoaderDelegate - Retrieved ApplicationContext [1948863514] from cache with key [[MergedContextConfiguration@6d025d1d testClass = UserRepositoryTest, locations = '{}', classes = '{class org.waldreg.repository.user.MemoryUserRepository, class org.waldreg.repository.MemoryUserStorage, class org.waldreg.repository.user.UserMapper}', contextInitializerClasses = '[]', activeProfiles = '{}', propertySourceLocations = '{}', propertySourceProperties = '{}', contextCustomizers = set[org.springframework.boot.test.autoconfigure.actuate.metrics.MetricsExportContextCustomizerFactory$DisableMetricExportContextCustomizer@1fc32e4f, org.springframework.boot.test.autoconfigure.properties.PropertyMappingContextCustomizer@0, org.springframework.boot.test.autoconfigure.web.servlet.WebDriverContextCustomizerFactory$Customizer@5d066c7d, org.springframework.boot.test.context.filter.ExcludeFilterContextCustomizer@1603cd68, org.springframework.boot.test.json.DuplicateJsonObjectContextCustomizerFactory$DuplicateJsonObjectContextCustomizer@66c92293, org.springframework.boot.test.mock.mockito.MockitoContextCustomizer@307f9cca], contextLoader = 'org.springframework.test.context.support.DelegatingSmartContextLoader', parent = [null]]]
18:48:02.958 [Test worker] DEBUG org.springframework.test.context.cache - Spring test ApplicationContext cache statistics: [DefaultContextCache@5acc9fdf size = 3, maxSize = 32, parentContextCount = 0, hitCount = 198, missCount = 3]
18:48:02.959 [Test worker] DEBUG org.springframework.test.context.cache.DefaultCacheAwareContextLoaderDelegate - Retrieved ApplicationContext [1948863514] from cache with key [[MergedContextConfiguration@6d025d1d testClass = UserRepositoryTest, locations = '{}', classes = '{class org.waldreg.repository.user.MemoryUserRepository, class org.waldreg.repository.MemoryUserStorage, class org.waldreg.repository.user.UserMapper}', contextInitializerClasses = '[]', activeProfiles = '{}', propertySourceLocations = '{}', propertySourceProperties = '{}', contextCustomizers = set[org.springframework.boot.test.autoconfigure.actuate.metrics.MetricsExportContextCustomizerFactory$DisableMetricExportContextCustomizer@1fc32e4f, org.springframework.boot.test.autoconfigure.properties.PropertyMappingContextCustomizer@0, org.springframework.boot.test.autoconfigure.web.servlet.WebDriverContextCustomizerFactory$Customizer@5d066c7d, org.springframework.boot.test.context.filter.ExcludeFilterContextCustomizer@1603cd68, org.springframework.boot.test.json.DuplicateJsonObjectContextCustomizerFactory$DuplicateJsonObjectContextCustomizer@66c92293, org.springframework.boot.test.mock.mockito.MockitoContextCustomizer@307f9cca], contextLoader = 'org.springframework.test.context.support.DelegatingSmartContextLoader', parent = [null]]]
18:48:02.959 [Test worker] DEBUG org.springframework.test.context.cache - Spring test ApplicationContext cache statistics: [DefaultContextCache@5acc9fdf size = 3, maxSize = 32, parentContextCount = 0, hitCount = 199, missCount = 3]
18:48:02.959 [Test worker] DEBUG org.springframework.test.context.cache.DefaultCacheAwareContextLoaderDelegate - Retrieved ApplicationContext [1948863514] from cache with key [[MergedContextConfiguration@6d025d1d testClass = UserRepositoryTest, locations = '{}', classes = '{class org.waldreg.repository.user.MemoryUserRepository, class org.waldreg.repository.MemoryUserStorage, class org.waldreg.repository.user.UserMapper}', contextInitializerClasses = '[]', activeProfiles = '{}', propertySourceLocations = '{}', propertySourceProperties = '{}', contextCustomizers = set[org.springframework.boot.test.autoconfigure.actuate.metrics.MetricsExportContextCustomizerFactory$DisableMetricExportContextCustomizer@1fc32e4f, org.springframework.boot.test.autoconfigure.properties.PropertyMappingContextCustomizer@0, org.springframework.boot.test.autoconfigure.web.servlet.WebDriverContextCustomizerFactory$Customizer@5d066c7d, org.springframework.boot.test.context.filter.ExcludeFilterContextCustomizer@1603cd68, org.springframework.boot.test.json.DuplicateJsonObjectContextCustomizerFactory$DuplicateJsonObjectContextCustomizer@66c92293, org.springframework.boot.test.mock.mockito.MockitoContextCustomizer@307f9cca], contextLoader = 'org.springframework.test.context.support.DelegatingSmartContextLoader', parent = [null]]]
18:48:02.959 [Test worker] DEBUG org.springframework.test.context.cache - Spring test ApplicationContext cache statistics: [DefaultContextCache@5acc9fdf size = 3, maxSize = 32, parentContextCount = 0, hitCount = 200, missCount = 3]
18:48:02.959 [Test worker] DEBUG org.springframework.test.context.cache.DefaultCacheAwareContextLoaderDelegate - Retrieved ApplicationContext [1948863514] from cache with key [[MergedContextConfiguration@6d025d1d testClass = UserRepositoryTest, locations = '{}', classes = '{class org.waldreg.repository.user.MemoryUserRepository, class org.waldreg.repository.MemoryUserStorage, class org.waldreg.repository.user.UserMapper}', contextInitializerClasses = '[]', activeProfiles = '{}', propertySourceLocations = '{}', propertySourceProperties = '{}', contextCustomizers = set[org.springframework.boot.test.autoconfigure.actuate.metrics.MetricsExportContextCustomizerFactory$DisableMetricExportContextCustomizer@1fc32e4f, org.springframework.boot.test.autoconfigure.properties.PropertyMappingContextCustomizer@0, org.springframework.boot.test.autoconfigure.web.servlet.WebDriverContextCustomizerFactory$Customizer@5d066c7d, org.springframework.boot.test.context.filter.ExcludeFilterContextCustomizer@1603cd68, org.springframework.boot.test.json.DuplicateJsonObjectContextCustomizerFactory$DuplicateJsonObjectContextCustomizer@66c92293, org.springframework.boot.test.mock.mockito.MockitoContextCustomizer@307f9cca], contextLoader = 'org.springframework.test.context.support.DelegatingSmartContextLoader', parent = [null]]]
18:48:02.959 [Test worker] DEBUG org.springframework.test.context.cache - Spring test ApplicationContext cache statistics: [DefaultContextCache@5acc9fdf size = 3, maxSize = 32, parentContextCount = 0, hitCount = 201, missCount = 3]
18:48:02.959 [Test worker] DEBUG org.springframework.test.context.cache.DefaultCacheAwareContextLoaderDelegate - Retrieved ApplicationContext [1948863514] from cache with key [[MergedContextConfiguration@6d025d1d testClass = UserRepositoryTest, locations = '{}', classes = '{class org.waldreg.repository.user.MemoryUserRepository, class org.waldreg.repository.MemoryUserStorage, class org.waldreg.repository.user.UserMapper}', contextInitializerClasses = '[]', activeProfiles = '{}', propertySourceLocations = '{}', propertySourceProperties = '{}', contextCustomizers = set[org.springframework.boot.test.autoconfigure.actuate.metrics.MetricsExportContextCustomizerFactory$DisableMetricExportContextCustomizer@1fc32e4f, org.springframework.boot.test.autoconfigure.properties.PropertyMappingContextCustomizer@0, org.springframework.boot.test.autoconfigure.web.servlet.WebDriverContextCustomizerFactory$Customizer@5d066c7d, org.springframework.boot.test.context.filter.ExcludeFilterContextCustomizer@1603cd68, org.springframework.boot.test.json.DuplicateJsonObjectContextCustomizerFactory$DuplicateJsonObjectContextCustomizer@66c92293, org.springframework.boot.test.mock.mockito.MockitoContextCustomizer@307f9cca], contextLoader = 'org.springframework.test.context.support.DelegatingSmartContextLoader', parent = [null]]]
18:48:02.959 [Test worker] DEBUG org.springframework.test.context.cache - Spring test ApplicationContext cache statistics: [DefaultContextCache@5acc9fdf size = 3, maxSize = 32, parentContextCount = 0, hitCount = 202, missCount = 3]
18:48:02.959 [Test worker] DEBUG org.springframework.test.context.cache.DefaultCacheAwareContextLoaderDelegate - Retrieved ApplicationContext [1948863514] from cache with key [[MergedContextConfiguration@6d025d1d testClass = UserRepositoryTest, locations = '{}', classes = '{class org.waldreg.repository.user.MemoryUserRepository, class org.waldreg.repository.MemoryUserStorage, class org.waldreg.repository.user.UserMapper}', contextInitializerClasses = '[]', activeProfiles = '{}', propertySourceLocations = '{}', propertySourceProperties = '{}', contextCustomizers = set[org.springframework.boot.test.autoconfigure.actuate.metrics.MetricsExportContextCustomizerFactory$DisableMetricExportContextCustomizer@1fc32e4f, org.springframework.boot.test.autoconfigure.properties.PropertyMappingContextCustomizer@0, org.springframework.boot.test.autoconfigure.web.servlet.WebDriverContextCustomizerFactory$Customizer@5d066c7d, org.springframework.boot.test.context.filter.ExcludeFilterContextCustomizer@1603cd68, org.springframework.boot.test.json.DuplicateJsonObjectContextCustomizerFactory$DuplicateJsonObjectContextCustomizer@66c92293, org.springframework.boot.test.mock.mockito.MockitoContextCustomizer@307f9cca], contextLoader = 'org.springframework.test.context.support.DelegatingSmartContextLoader', parent = [null]]]
18:48:02.959 [Test worker] DEBUG org.springframework.test.context.cache - Spring test ApplicationContext cache statistics: [DefaultContextCache@5acc9fdf size = 3, maxSize = 32, parentContextCount = 0, hitCount = 203, missCount = 3]
18:48:02.959 [Test worker] DEBUG org.springframework.test.context.cache.DefaultCacheAwareContextLoaderDelegate - Retrieved ApplicationContext [1948863514] from cache with key [[MergedContextConfiguration@6d025d1d testClass = UserRepositoryTest, locations = '{}', classes = '{class org.waldreg.repository.user.MemoryUserRepository, class org.waldreg.repository.MemoryUserStorage, class org.waldreg.repository.user.UserMapper}', contextInitializerClasses = '[]', activeProfiles = '{}', propertySourceLocations = '{}', propertySourceProperties = '{}', contextCustomizers = set[org.springframework.boot.test.autoconfigure.actuate.metrics.MetricsExportContextCustomizerFactory$DisableMetricExportContextCustomizer@1fc32e4f, org.springframework.boot.test.autoconfigure.properties.PropertyMappingContextCustomizer@0, org.springframework.boot.test.autoconfigure.web.servlet.WebDriverContextCustomizerFactory$Customizer@5d066c7d, org.springframework.boot.test.context.filter.ExcludeFilterContextCustomizer@1603cd68, org.springframework.boot.test.json.DuplicateJsonObjectContextCustomizerFactory$DuplicateJsonObjectContextCustomizer@66c92293, org.springframework.boot.test.mock.mockito.MockitoContextCustomizer@307f9cca], contextLoader = 'org.springframework.test.context.support.DelegatingSmartContextLoader', parent = [null]]]
18:48:02.959 [Test worker] DEBUG org.springframework.test.context.cache - Spring test ApplicationContext cache statistics: [DefaultContextCache@5acc9fdf size = 3, maxSize = 32, parentContextCount = 0, hitCount = 204, missCount = 3]
18:48:02.959 [Test worker] DEBUG org.springframework.test.context.support.AbstractDirtiesContextTestExecutionListener - After test method: context [DefaultTestContext@5e2a3040 testClass = UserRepositoryTest, testInstance = org.waldreg.repository.user.UserRepositoryTest@43b40233, testMethod = CREATE_USER_SUCCESS_TEST@UserRepositoryTest, testException = [null], mergedContextConfiguration = [MergedContextConfiguration@6d025d1d testClass = UserRepositoryTest, locations = '{}', classes = '{class org.waldreg.repository.user.MemoryUserRepository, class org.waldreg.repository.MemoryUserStorage, class org.waldreg.repository.user.UserMapper}', contextInitializerClasses = '[]', activeProfiles = '{}', propertySourceLocations = '{}', propertySourceProperties = '{}', contextCustomizers = set[org.springframework.boot.test.autoconfigure.actuate.metrics.MetricsExportContextCustomizerFactory$DisableMetricExportContextCustomizer@1fc32e4f, org.springframework.boot.test.autoconfigure.properties.PropertyMappingContextCustomizer@0, org.springframework.boot.test.autoconfigure.web.servlet.WebDriverContextCustomizerFactory$Customizer@5d066c7d, org.springframework.boot.test.context.filter.ExcludeFilterContextCustomizer@1603cd68, org.springframework.boot.test.json.DuplicateJsonObjectContextCustomizerFactory$DuplicateJsonObjectContextCustomizer@66c92293, org.springframework.boot.test.mock.mockito.MockitoContextCustomizer@307f9cca], contextLoader = 'org.springframework.test.context.support.DelegatingSmartContextLoader', parent = [null]], attributes = map['org.springframework.test.context.event.ApplicationEventsTestExecutionListener.recordApplicationEvents' -> false]], class annotated with @DirtiesContext [false] with mode [null], method annotated with @DirtiesContext [false] with mode [null].
18:48:02.960 [Test worker] DEBUG org.springframework.test.context.cache.DefaultCacheAwareContextLoaderDelegate - Retrieved ApplicationContext [1948863514] from cache with key [[MergedContextConfiguration@6d025d1d testClass = UserRepositoryTest, locations = '{}', classes = '{class org.waldreg.repository.user.MemoryUserRepository, class org.waldreg.repository.MemoryUserStorage, class org.waldreg.repository.user.UserMapper}', contextInitializerClasses = '[]', activeProfiles = '{}', propertySourceLocations = '{}', propertySourceProperties = '{}', contextCustomizers = set[org.springframework.boot.test.autoconfigure.actuate.metrics.MetricsExportContextCustomizerFactory$DisableMetricExportContextCustomizer@1fc32e4f, org.springframework.boot.test.autoconfigure.properties.PropertyMappingContextCustomizer@0, org.springframework.boot.test.autoconfigure.web.servlet.WebDriverContextCustomizerFactory$Customizer@5d066c7d, org.springframework.boot.test.context.filter.ExcludeFilterContextCustomizer@1603cd68, org.springframework.boot.test.json.DuplicateJsonObjectContextCustomizerFactory$DuplicateJsonObjectContextCustomizer@66c92293, org.springframework.boot.test.mock.mockito.MockitoContextCustomizer@307f9cca], contextLoader = 'org.springframework.test.context.support.DelegatingSmartContextLoader', parent = [null]]]
18:48:02.960 [Test worker] DEBUG org.springframework.test.context.cache - Spring test ApplicationContext cache statistics: [DefaultContextCache@5acc9fdf size = 3, maxSize = 32, parentContextCount = 0, hitCount = 205, missCount = 3]
18:48:02.960 [Test worker] DEBUG org.springframework.test.context.support.DependencyInjectionTestExecutionListener - Performing dependency injection for test context [[DefaultTestContext@5e2a3040 testClass = UserRepositoryTest, testInstance = org.waldreg.repository.user.UserRepositoryTest@2e060819, testMethod = [null], testException = [null], mergedContextConfiguration = [MergedContextConfiguration@6d025d1d testClass = UserRepositoryTest, locations = '{}', classes = '{class org.waldreg.repository.user.MemoryUserRepository, class org.waldreg.repository.MemoryUserStorage, class org.waldreg.repository.user.UserMapper}', contextInitializerClasses = '[]', activeProfiles = '{}', propertySourceLocations = '{}', propertySourceProperties = '{}', contextCustomizers = set[org.springframework.boot.test.autoconfigure.actuate.metrics.MetricsExportContextCustomizerFactory$DisableMetricExportContextCustomizer@1fc32e4f, org.springframework.boot.test.autoconfigure.properties.PropertyMappingContextCustomizer@0, org.springframework.boot.test.autoconfigure.web.servlet.WebDriverContextCustomizerFactory$Customizer@5d066c7d, org.springframework.boot.test.context.filter.ExcludeFilterContextCustomizer@1603cd68, org.springframework.boot.test.json.DuplicateJsonObjectContextCustomizerFactory$DuplicateJsonObjectContextCustomizer@66c92293, org.springframework.boot.test.mock.mockito.MockitoContextCustomizer@307f9cca], contextLoader = 'org.springframework.test.context.support.DelegatingSmartContextLoader', parent = [null]], attributes = map['org.springframework.test.context.event.ApplicationEventsTestExecutionListener.recordApplicationEvents' -> false]]].
18:48:02.960 [Test worker] DEBUG org.springframework.test.context.cache.DefaultCacheAwareContextLoaderDelegate - Retrieved ApplicationContext [1948863514] from cache with key [[MergedContextConfiguration@6d025d1d testClass = UserRepositoryTest, locations = '{}', classes = '{class org.waldreg.repository.user.MemoryUserRepository, class org.waldreg.repository.MemoryUserStorage, class org.waldreg.repository.user.UserMapper}', contextInitializerClasses = '[]', activeProfiles = '{}', propertySourceLocations = '{}', propertySourceProperties = '{}', contextCustomizers = set[org.springframework.boot.test.autoconfigure.actuate.metrics.MetricsExportContextCustomizerFactory$DisableMetricExportContextCustomizer@1fc32e4f, org.springframework.boot.test.autoconfigure.properties.PropertyMappingContextCustomizer@0, org.springframework.boot.test.autoconfigure.web.servlet.WebDriverContextCustomizerFactory$Customizer@5d066c7d, org.springframework.boot.test.context.filter.ExcludeFilterContextCustomizer@1603cd68, org.springframework.boot.test.json.DuplicateJsonObjectContextCustomizerFactory$DuplicateJsonObjectContextCustomizer@66c92293, org.springframework.boot.test.mock.mockito.MockitoContextCustomizer@307f9cca], contextLoader = 'org.springframework.test.context.support.DelegatingSmartContextLoader', parent = [null]]]
18:48:02.960 [Test worker] DEBUG org.springframework.test.context.cache - Spring test ApplicationContext cache statistics: [DefaultContextCache@5acc9fdf size = 3, maxSize = 32, parentContextCount = 0, hitCount = 206, missCount = 3]
18:48:02.960 [Test worker] DEBUG org.springframework.test.context.cache.DefaultCacheAwareContextLoaderDelegate - Retrieved ApplicationContext [1948863514] from cache with key [[MergedContextConfiguration@6d025d1d testClass = UserRepositoryTest, locations = '{}', classes = '{class org.waldreg.repository.user.MemoryUserRepository, class org.waldreg.repository.MemoryUserStorage, class org.waldreg.repository.user.UserMapper}', contextInitializerClasses = '[]', activeProfiles = '{}', propertySourceLocations = '{}', propertySourceProperties = '{}', contextCustomizers = set[org.springframework.boot.test.autoconfigure.actuate.metrics.MetricsExportContextCustomizerFactory$DisableMetricExportContextCustomizer@1fc32e4f, org.springframework.boot.test.autoconfigure.properties.PropertyMappingContextCustomizer@0, org.springframework.boot.test.autoconfigure.web.servlet.WebDriverContextCustomizerFactory$Customizer@5d066c7d, org.springframework.boot.test.context.filter.ExcludeFilterContextCustomizer@1603cd68, org.springframework.boot.test.json.DuplicateJsonObjectContextCustomizerFactory$DuplicateJsonObjectContextCustomizer@66c92293, org.springframework.boot.test.mock.mockito.MockitoContextCustomizer@307f9cca], contextLoader = 'org.springframework.test.context.support.DelegatingSmartContextLoader', parent = [null]]]
18:48:02.960 [Test worker] DEBUG org.springframework.test.context.cache - Spring test ApplicationContext cache statistics: [DefaultContextCache@5acc9fdf size = 3, maxSize = 32, parentContextCount = 0, hitCount = 207, missCount = 3]
18:48:02.960 [Test worker] DEBUG org.springframework.test.context.support.AbstractDirtiesContextTestExecutionListener - Before test method: context [DefaultTestContext@5e2a3040 testClass = UserRepositoryTest, testInstance = org.waldreg.repository.user.UserRepositoryTest@2e060819, testMethod = DELETE_USER_ONLINE_SUCCESS_TEST@UserRepositoryTest, testException = [null], mergedContextConfiguration = [MergedContextConfiguration@6d025d1d testClass = UserRepositoryTest, locations = '{}', classes = '{class org.waldreg.repository.user.MemoryUserRepository, class org.waldreg.repository.MemoryUserStorage, class org.waldreg.repository.user.UserMapper}', contextInitializerClasses = '[]', activeProfiles = '{}', propertySourceLocations = '{}', propertySourceProperties = '{}', contextCustomizers = set[org.springframework.boot.test.autoconfigure.actuate.metrics.MetricsExportContextCustomizerFactory$DisableMetricExportContextCustomizer@1fc32e4f, org.springframework.boot.test.autoconfigure.properties.PropertyMappingContextCustomizer@0, org.springframework.boot.test.autoconfigure.web.servlet.WebDriverContextCustomizerFactory$Customizer@5d066c7d, org.springframework.boot.test.context.filter.ExcludeFilterContextCustomizer@1603cd68, org.springframework.boot.test.json.DuplicateJsonObjectContextCustomizerFactory$DuplicateJsonObjectContextCustomizer@66c92293, org.springframework.boot.test.mock.mockito.MockitoContextCustomizer@307f9cca], contextLoader = 'org.springframework.test.context.support.DelegatingSmartContextLoader', parent = [null]], attributes = map['org.springframework.test.context.event.ApplicationEventsTestExecutionListener.recordApplicationEvents' -> false]], class annotated with @DirtiesContext [false] with mode [null], method annotated with @DirtiesContext [false] with mode [null].
18:48:02.960 [Test worker] DEBUG org.springframework.test.context.cache.DefaultCacheAwareContextLoaderDelegate - Retrieved ApplicationContext [1948863514] from cache with key [[MergedContextConfiguration@6d025d1d testClass = UserRepositoryTest, locations = '{}', classes = '{class org.waldreg.repository.user.MemoryUserRepository, class org.waldreg.repository.MemoryUserStorage, class org.waldreg.repository.user.UserMapper}', contextInitializerClasses = '[]', activeProfiles = '{}', propertySourceLocations = '{}', propertySourceProperties = '{}', contextCustomizers = set[org.springframework.boot.test.autoconfigure.actuate.metrics.MetricsExportContextCustomizerFactory$DisableMetricExportContextCustomizer@1fc32e4f, org.springframework.boot.test.autoconfigure.properties.PropertyMappingContextCustomizer@0, org.springframework.boot.test.autoconfigure.web.servlet.WebDriverContextCustomizerFactory$Customizer@5d066c7d, org.springframework.boot.test.context.filter.ExcludeFilterContextCustomizer@1603cd68, org.springframework.boot.test.json.DuplicateJsonObjectContextCustomizerFactory$DuplicateJsonObjectContextCustomizer@66c92293, org.springframework.boot.test.mock.mockito.MockitoContextCustomizer@307f9cca], contextLoader = 'org.springframework.test.context.support.DelegatingSmartContextLoader', parent = [null]]]
18:48:02.960 [Test worker] DEBUG org.springframework.test.context.cache - Spring test ApplicationContext cache statistics: [DefaultContextCache@5acc9fdf size = 3, maxSize = 32, parentContextCount = 0, hitCount = 208, missCount = 3]
18:48:02.960 [Test worker] DEBUG org.springframework.test.context.cache.DefaultCacheAwareContextLoaderDelegate - Retrieved ApplicationContext [1948863514] from cache with key [[MergedContextConfiguration@6d025d1d testClass = UserRepositoryTest, locations = '{}', classes = '{class org.waldreg.repository.user.MemoryUserRepository, class org.waldreg.repository.MemoryUserStorage, class org.waldreg.repository.user.UserMapper}', contextInitializerClasses = '[]', activeProfiles = '{}', propertySourceLocations = '{}', propertySourceProperties = '{}', contextCustomizers = set[org.springframework.boot.test.autoconfigure.actuate.metrics.MetricsExportContextCustomizerFactory$DisableMetricExportContextCustomizer@1fc32e4f, org.springframework.boot.test.autoconfigure.properties.PropertyMappingContextCustomizer@0, org.springframework.boot.test.autoconfigure.web.servlet.WebDriverContextCustomizerFactory$Customizer@5d066c7d, org.springframework.boot.test.context.filter.ExcludeFilterContextCustomizer@1603cd68, org.springframework.boot.test.json.DuplicateJsonObjectContextCustomizerFactory$DuplicateJsonObjectContextCustomizer@66c92293, org.springframework.boot.test.mock.mockito.MockitoContextCustomizer@307f9cca], contextLoader = 'org.springframework.test.context.support.DelegatingSmartContextLoader', parent = [null]]]
18:48:02.960 [Test worker] DEBUG org.springframework.test.context.cache - Spring test ApplicationContext cache statistics: [DefaultContextCache@5acc9fdf size = 3, maxSize = 32, parentContextCount = 0, hitCount = 209, missCount = 3]
18:48:02.960 [Test worker] DEBUG org.springframework.test.context.cache.DefaultCacheAwareContextLoaderDelegate - Retrieved ApplicationContext [1948863514] from cache with key [[MergedContextConfiguration@6d025d1d testClass = UserRepositoryTest, locations = '{}', classes = '{class org.waldreg.repository.user.MemoryUserRepository, class org.waldreg.repository.MemoryUserStorage, class org.waldreg.repository.user.UserMapper}', contextInitializerClasses = '[]', activeProfiles = '{}', propertySourceLocations = '{}', propertySourceProperties = '{}', contextCustomizers = set[org.springframework.boot.test.autoconfigure.actuate.metrics.MetricsExportContextCustomizerFactory$DisableMetricExportContextCustomizer@1fc32e4f, org.springframework.boot.test.autoconfigure.properties.PropertyMappingContextCustomizer@0, org.springframework.boot.test.autoconfigure.web.servlet.WebDriverContextCustomizerFactory$Customizer@5d066c7d, org.springframework.boot.test.context.filter.ExcludeFilterContextCustomizer@1603cd68, org.springframework.boot.test.json.DuplicateJsonObjectContextCustomizerFactory$DuplicateJsonObjectContextCustomizer@66c92293, org.springframework.boot.test.mock.mockito.MockitoContextCustomizer@307f9cca], contextLoader = 'org.springframework.test.context.support.DelegatingSmartContextLoader', parent = [null]]]
18:48:02.961 [Test worker] DEBUG org.springframework.test.context.cache - Spring test ApplicationContext cache statistics: [DefaultContextCache@5acc9fdf size = 3, maxSize = 32, parentContextCount = 0, hitCount = 210, missCount = 3]
18:48:02.961 [Test worker] DEBUG org.springframework.test.context.cache.DefaultCacheAwareContextLoaderDelegate - Retrieved ApplicationContext [1948863514] from cache with key [[MergedContextConfiguration@6d025d1d testClass = UserRepositoryTest, locations = '{}', classes = '{class org.waldreg.repository.user.MemoryUserRepository, class org.waldreg.repository.MemoryUserStorage, class org.waldreg.repository.user.UserMapper}', contextInitializerClasses = '[]', activeProfiles = '{}', propertySourceLocations = '{}', propertySourceProperties = '{}', contextCustomizers = set[org.springframework.boot.test.autoconfigure.actuate.metrics.MetricsExportContextCustomizerFactory$DisableMetricExportContextCustomizer@1fc32e4f, org.springframework.boot.test.autoconfigure.properties.PropertyMappingContextCustomizer@0, org.springframework.boot.test.autoconfigure.web.servlet.WebDriverContextCustomizerFactory$Customizer@5d066c7d, org.springframework.boot.test.context.filter.ExcludeFilterContextCustomizer@1603cd68, org.springframework.boot.test.json.DuplicateJsonObjectContextCustomizerFactory$DuplicateJsonObjectContextCustomizer@66c92293, org.springframework.boot.test.mock.mockito.MockitoContextCustomizer@307f9cca], contextLoader = 'org.springframework.test.context.support.DelegatingSmartContextLoader', parent = [null]]]
18:48:02.961 [Test worker] DEBUG org.springframework.test.context.cache - Spring test ApplicationContext cache statistics: [DefaultContextCache@5acc9fdf size = 3, maxSize = 32, parentContextCount = 0, hitCount = 211, missCount = 3]
18:48:02.961 [Test worker] DEBUG org.springframework.test.context.cache.DefaultCacheAwareContextLoaderDelegate - Retrieved ApplicationContext [1948863514] from cache with key [[MergedContextConfiguration@6d025d1d testClass = UserRepositoryTest, locations = '{}', classes = '{class org.waldreg.repository.user.MemoryUserRepository, class org.waldreg.repository.MemoryUserStorage, class org.waldreg.repository.user.UserMapper}', contextInitializerClasses = '[]', activeProfiles = '{}', propertySourceLocations = '{}', propertySourceProperties = '{}', contextCustomizers = set[org.springframework.boot.test.autoconfigure.actuate.metrics.MetricsExportContextCustomizerFactory$DisableMetricExportContextCustomizer@1fc32e4f, org.springframework.boot.test.autoconfigure.properties.PropertyMappingContextCustomizer@0, org.springframework.boot.test.autoconfigure.web.servlet.WebDriverContextCustomizerFactory$Customizer@5d066c7d, org.springframework.boot.test.context.filter.ExcludeFilterContextCustomizer@1603cd68, org.springframework.boot.test.json.DuplicateJsonObjectContextCustomizerFactory$DuplicateJsonObjectContextCustomizer@66c92293, org.springframework.boot.test.mock.mockito.MockitoContextCustomizer@307f9cca], contextLoader = 'org.springframework.test.context.support.DelegatingSmartContextLoader', parent = [null]]]
18:48:02.961 [Test worker] DEBUG org.springframework.test.context.cache - Spring test ApplicationContext cache statistics: [DefaultContextCache@5acc9fdf size = 3, maxSize = 32, parentContextCount = 0, hitCount = 212, missCount = 3]
18:48:02.961 [Test worker] DEBUG org.springframework.test.context.cache.DefaultCacheAwareContextLoaderDelegate - Retrieved ApplicationContext [1948863514] from cache with key [[MergedContextConfiguration@6d025d1d testClass = UserRepositoryTest, locations = '{}', classes = '{class org.waldreg.repository.user.MemoryUserRepository, class org.waldreg.repository.MemoryUserStorage, class org.waldreg.repository.user.UserMapper}', contextInitializerClasses = '[]', activeProfiles = '{}', propertySourceLocations = '{}', propertySourceProperties = '{}', contextCustomizers = set[org.springframework.boot.test.autoconfigure.actuate.metrics.MetricsExportContextCustomizerFactory$DisableMetricExportContextCustomizer@1fc32e4f, org.springframework.boot.test.autoconfigure.properties.PropertyMappingContextCustomizer@0, org.springframework.boot.test.autoconfigure.web.servlet.WebDriverContextCustomizerFactory$Customizer@5d066c7d, org.springframework.boot.test.context.filter.ExcludeFilterContextCustomizer@1603cd68, org.springframework.boot.test.json.DuplicateJsonObjectContextCustomizerFactory$DuplicateJsonObjectContextCustomizer@66c92293, org.springframework.boot.test.mock.mockito.MockitoContextCustomizer@307f9cca], contextLoader = 'org.springframework.test.context.support.DelegatingSmartContextLoader', parent = [null]]]
18:48:02.961 [Test worker] DEBUG org.springframework.test.context.cache - Spring test ApplicationContext cache statistics: [DefaultContextCache@5acc9fdf size = 3, maxSize = 32, parentContextCount = 0, hitCount = 213, missCount = 3]
18:48:02.961 [Test worker] DEBUG org.springframework.test.context.cache.DefaultCacheAwareContextLoaderDelegate - Retrieved ApplicationContext [1948863514] from cache with key [[MergedContextConfiguration@6d025d1d testClass = UserRepositoryTest, locations = '{}', classes = '{class org.waldreg.repository.user.MemoryUserRepository, class org.waldreg.repository.MemoryUserStorage, class org.waldreg.repository.user.UserMapper}', contextInitializerClasses = '[]', activeProfiles = '{}', propertySourceLocations = '{}', propertySourceProperties = '{}', contextCustomizers = set[org.springframework.boot.test.autoconfigure.actuate.metrics.MetricsExportContextCustomizerFactory$DisableMetricExportContextCustomizer@1fc32e4f, org.springframework.boot.test.autoconfigure.properties.PropertyMappingContextCustomizer@0, org.springframework.boot.test.autoconfigure.web.servlet.WebDriverContextCustomizerFactory$Customizer@5d066c7d, org.springframework.boot.test.context.filter.ExcludeFilterContextCustomizer@1603cd68, org.springframework.boot.test.json.DuplicateJsonObjectContextCustomizerFactory$DuplicateJsonObjectContextCustomizer@66c92293, org.springframework.boot.test.mock.mockito.MockitoContextCustomizer@307f9cca], contextLoader = 'org.springframework.test.context.support.DelegatingSmartContextLoader', parent = [null]]]
18:48:02.961 [Test worker] DEBUG org.springframework.test.context.cache - Spring test ApplicationContext cache statistics: [DefaultContextCache@5acc9fdf size = 3, maxSize = 32, parentContextCount = 0, hitCount = 214, missCount = 3]
18:48:02.961 [Test worker] DEBUG org.springframework.test.context.cache.DefaultCacheAwareContextLoaderDelegate - Retrieved ApplicationContext [1948863514] from cache with key [[MergedContextConfiguration@6d025d1d testClass = UserRepositoryTest, locations = '{}', classes = '{class org.waldreg.repository.user.MemoryUserRepository, class org.waldreg.repository.MemoryUserStorage, class org.waldreg.repository.user.UserMapper}', contextInitializerClasses = '[]', activeProfiles = '{}', propertySourceLocations = '{}', propertySourceProperties = '{}', contextCustomizers = set[org.springframework.boot.test.autoconfigure.actuate.metrics.MetricsExportContextCustomizerFactory$DisableMetricExportContextCustomizer@1fc32e4f, org.springframework.boot.test.autoconfigure.properties.PropertyMappingContextCustomizer@0, org.springframework.boot.test.autoconfigure.web.servlet.WebDriverContextCustomizerFactory$Customizer@5d066c7d, org.springframework.boot.test.context.filter.ExcludeFilterContextCustomizer@1603cd68, org.springframework.boot.test.json.DuplicateJsonObjectContextCustomizerFactory$DuplicateJsonObjectContextCustomizer@66c92293, org.springframework.boot.test.mock.mockito.MockitoContextCustomizer@307f9cca], contextLoader = 'org.springframework.test.context.support.DelegatingSmartContextLoader', parent = [null]]]
18:48:02.961 [Test worker] DEBUG org.springframework.test.context.cache - Spring test ApplicationContext cache statistics: [DefaultContextCache@5acc9fdf size = 3, maxSize = 32, parentContextCount = 0, hitCount = 215, missCount = 3]
18:48:02.961 [Test worker] DEBUG org.springframework.test.context.cache.DefaultCacheAwareContextLoaderDelegate - Retrieved ApplicationContext [1948863514] from cache with key [[MergedContextConfiguration@6d025d1d testClass = UserRepositoryTest, locations = '{}', classes = '{class org.waldreg.repository.user.MemoryUserRepository, class org.waldreg.repository.MemoryUserStorage, class org.waldreg.repository.user.UserMapper}', contextInitializerClasses = '[]', activeProfiles = '{}', propertySourceLocations = '{}', propertySourceProperties = '{}', contextCustomizers = set[org.springframework.boot.test.autoconfigure.actuate.metrics.MetricsExportContextCustomizerFactory$DisableMetricExportContextCustomizer@1fc32e4f, org.springframework.boot.test.autoconfigure.properties.PropertyMappingContextCustomizer@0, org.springframework.boot.test.autoconfigure.web.servlet.WebDriverContextCustomizerFactory$Customizer@5d066c7d, org.springframework.boot.test.context.filter.ExcludeFilterContextCustomizer@1603cd68, org.springframework.boot.test.json.DuplicateJsonObjectContextCustomizerFactory$DuplicateJsonObjectContextCustomizer@66c92293, org.springframework.boot.test.mock.mockito.MockitoContextCustomizer@307f9cca], contextLoader = 'org.springframework.test.context.support.DelegatingSmartContextLoader', parent = [null]]]
18:48:02.961 [Test worker] DEBUG org.springframework.test.context.cache - Spring test ApplicationContext cache statistics: [DefaultContextCache@5acc9fdf size = 3, maxSize = 32, parentContextCount = 0, hitCount = 216, missCount = 3]
18:48:02.961 [Test worker] DEBUG org.springframework.test.context.support.AbstractDirtiesContextTestExecutionListener - After test method: context [DefaultTestContext@5e2a3040 testClass = UserRepositoryTest, testInstance = org.waldreg.repository.user.UserRepositoryTest@2e060819, testMethod = DELETE_USER_ONLINE_SUCCESS_TEST@UserRepositoryTest, testException = [null], mergedContextConfiguration = [MergedContextConfiguration@6d025d1d testClass = UserRepositoryTest, locations = '{}', classes = '{class org.waldreg.repository.user.MemoryUserRepository, class org.waldreg.repository.MemoryUserStorage, class org.waldreg.repository.user.UserMapper}', contextInitializerClasses = '[]', activeProfiles = '{}', propertySourceLocations = '{}', propertySourceProperties = '{}', contextCustomizers = set[org.springframework.boot.test.autoconfigure.actuate.metrics.MetricsExportContextCustomizerFactory$DisableMetricExportContextCustomizer@1fc32e4f, org.springframework.boot.test.autoconfigure.properties.PropertyMappingContextCustomizer@0, org.springframework.boot.test.autoconfigure.web.servlet.WebDriverContextCustomizerFactory$Customizer@5d066c7d, org.springframework.boot.test.context.filter.ExcludeFilterContextCustomizer@1603cd68, org.springframework.boot.test.json.DuplicateJsonObjectContextCustomizerFactory$DuplicateJsonObjectContextCustomizer@66c92293, org.springframework.boot.test.mock.mockito.MockitoContextCustomizer@307f9cca], contextLoader = 'org.springframework.test.context.support.DelegatingSmartContextLoader', parent = [null]], attributes = map['org.springframework.test.context.event.ApplicationEventsTestExecutionListener.recordApplicationEvents' -> false]], class annotated with @DirtiesContext [false] with mode [null], method annotated with @DirtiesContext [false] with mode [null].
18:48:02.962 [Test worker] DEBUG org.springframework.test.context.cache.DefaultCacheAwareContextLoaderDelegate - Retrieved ApplicationContext [1948863514] from cache with key [[MergedContextConfiguration@6d025d1d testClass = UserRepositoryTest, locations = '{}', classes = '{class org.waldreg.repository.user.MemoryUserRepository, class org.waldreg.repository.MemoryUserStorage, class org.waldreg.repository.user.UserMapper}', contextInitializerClasses = '[]', activeProfiles = '{}', propertySourceLocations = '{}', propertySourceProperties = '{}', contextCustomizers = set[org.springframework.boot.test.autoconfigure.actuate.metrics.MetricsExportContextCustomizerFactory$DisableMetricExportContextCustomizer@1fc32e4f, org.springframework.boot.test.autoconfigure.properties.PropertyMappingContextCustomizer@0, org.springframework.boot.test.autoconfigure.web.servlet.WebDriverContextCustomizerFactory$Customizer@5d066c7d, org.springframework.boot.test.context.filter.ExcludeFilterContextCustomizer@1603cd68, org.springframework.boot.test.json.DuplicateJsonObjectContextCustomizerFactory$DuplicateJsonObjectContextCustomizer@66c92293, org.springframework.boot.test.mock.mockito.MockitoContextCustomizer@307f9cca], contextLoader = 'org.springframework.test.context.support.DelegatingSmartContextLoader', parent = [null]]]
18:48:02.962 [Test worker] DEBUG org.springframework.test.context.cache - Spring test ApplicationContext cache statistics: [DefaultContextCache@5acc9fdf size = 3, maxSize = 32, parentContextCount = 0, hitCount = 217, missCount = 3]
18:48:02.962 [Test worker] DEBUG org.springframework.test.context.support.DependencyInjectionTestExecutionListener - Performing dependency injection for test context [[DefaultTestContext@5e2a3040 testClass = UserRepositoryTest, testInstance = org.waldreg.repository.user.UserRepositoryTest@2184b4f4, testMethod = [null], testException = [null], mergedContextConfiguration = [MergedContextConfiguration@6d025d1d testClass = UserRepositoryTest, locations = '{}', classes = '{class org.waldreg.repository.user.MemoryUserRepository, class org.waldreg.repository.MemoryUserStorage, class org.waldreg.repository.user.UserMapper}', contextInitializerClasses = '[]', activeProfiles = '{}', propertySourceLocations = '{}', propertySourceProperties = '{}', contextCustomizers = set[org.springframework.boot.test.autoconfigure.actuate.metrics.MetricsExportContextCustomizerFactory$DisableMetricExportContextCustomizer@1fc32e4f, org.springframework.boot.test.autoconfigure.properties.PropertyMappingContextCustomizer@0, org.springframework.boot.test.autoconfigure.web.servlet.WebDriverContextCustomizerFactory$Customizer@5d066c7d, org.springframework.boot.test.context.filter.ExcludeFilterContextCustomizer@1603cd68, org.springframework.boot.test.json.DuplicateJsonObjectContextCustomizerFactory$DuplicateJsonObjectContextCustomizer@66c92293, org.springframework.boot.test.mock.mockito.MockitoContextCustomizer@307f9cca], contextLoader = 'org.springframework.test.context.support.DelegatingSmartContextLoader', parent = [null]], attributes = map['org.springframework.test.context.event.ApplicationEventsTestExecutionListener.recordApplicationEvents' -> false]]].
18:48:02.962 [Test worker] DEBUG org.springframework.test.context.cache.DefaultCacheAwareContextLoaderDelegate - Retrieved ApplicationContext [1948863514] from cache with key [[MergedContextConfiguration@6d025d1d testClass = UserRepositoryTest, locations = '{}', classes = '{class org.waldreg.repository.user.MemoryUserRepository, class org.waldreg.repository.MemoryUserStorage, class org.waldreg.repository.user.UserMapper}', contextInitializerClasses = '[]', activeProfiles = '{}', propertySourceLocations = '{}', propertySourceProperties = '{}', contextCustomizers = set[org.springframework.boot.test.autoconfigure.actuate.metrics.MetricsExportContextCustomizerFactory$DisableMetricExportContextCustomizer@1fc32e4f, org.springframework.boot.test.autoconfigure.properties.PropertyMappingContextCustomizer@0, org.springframework.boot.test.autoconfigure.web.servlet.WebDriverContextCustomizerFactory$Customizer@5d066c7d, org.springframework.boot.test.context.filter.ExcludeFilterContextCustomizer@1603cd68, org.springframework.boot.test.json.DuplicateJsonObjectContextCustomizerFactory$DuplicateJsonObjectContextCustomizer@66c92293, org.springframework.boot.test.mock.mockito.MockitoContextCustomizer@307f9cca], contextLoader = 'org.springframework.test.context.support.DelegatingSmartContextLoader', parent = [null]]]
18:48:02.962 [Test worker] DEBUG org.springframework.test.context.cache - Spring test ApplicationContext cache statistics: [DefaultContextCache@5acc9fdf size = 3, maxSize = 32, parentContextCount = 0, hitCount = 218, missCount = 3]
18:48:02.962 [Test worker] DEBUG org.springframework.test.context.cache.DefaultCacheAwareContextLoaderDelegate - Retrieved ApplicationContext [1948863514] from cache with key [[MergedContextConfiguration@6d025d1d testClass = UserRepositoryTest, locations = '{}', classes = '{class org.waldreg.repository.user.MemoryUserRepository, class org.waldreg.repository.MemoryUserStorage, class org.waldreg.repository.user.UserMapper}', contextInitializerClasses = '[]', activeProfiles = '{}', propertySourceLocations = '{}', propertySourceProperties = '{}', contextCustomizers = set[org.springframework.boot.test.autoconfigure.actuate.metrics.MetricsExportContextCustomizerFactory$DisableMetricExportContextCustomizer@1fc32e4f, org.springframework.boot.test.autoconfigure.properties.PropertyMappingContextCustomizer@0, org.springframework.boot.test.autoconfigure.web.servlet.WebDriverContextCustomizerFactory$Customizer@5d066c7d, org.springframework.boot.test.context.filter.ExcludeFilterContextCustomizer@1603cd68, org.springframework.boot.test.json.DuplicateJsonObjectContextCustomizerFactory$DuplicateJsonObjectContextCustomizer@66c92293, org.springframework.boot.test.mock.mockito.MockitoContextCustomizer@307f9cca], contextLoader = 'org.springframework.test.context.support.DelegatingSmartContextLoader', parent = [null]]]
18:48:02.962 [Test worker] DEBUG org.springframework.test.context.cache - Spring test ApplicationContext cache statistics: [DefaultContextCache@5acc9fdf size = 3, maxSize = 32, parentContextCount = 0, hitCount = 219, missCount = 3]
18:48:02.962 [Test worker] DEBUG org.springframework.test.context.support.AbstractDirtiesContextTestExecutionListener - Before test method: context [DefaultTestContext@5e2a3040 testClass = UserRepositoryTest, testInstance = org.waldreg.repository.user.UserRepositoryTest@2184b4f4, testMethod = UPDATE_USER_CHARACTER_FAIL_CAUSE_UNKNOWN_ID_TEST@UserRepositoryTest, testException = [null], mergedContextConfiguration = [MergedContextConfiguration@6d025d1d testClass = UserRepositoryTest, locations = '{}', classes = '{class org.waldreg.repository.user.MemoryUserRepository, class org.waldreg.repository.MemoryUserStorage, class org.waldreg.repository.user.UserMapper}', contextInitializerClasses = '[]', activeProfiles = '{}', propertySourceLocations = '{}', propertySourceProperties = '{}', contextCustomizers = set[org.springframework.boot.test.autoconfigure.actuate.metrics.MetricsExportContextCustomizerFactory$DisableMetricExportContextCustomizer@1fc32e4f, org.springframework.boot.test.autoconfigure.properties.PropertyMappingContextCustomizer@0, org.springframework.boot.test.autoconfigure.web.servlet.WebDriverContextCustomizerFactory$Customizer@5d066c7d, org.springframework.boot.test.context.filter.ExcludeFilterContextCustomizer@1603cd68, org.springframework.boot.test.json.DuplicateJsonObjectContextCustomizerFactory$DuplicateJsonObjectContextCustomizer@66c92293, org.springframework.boot.test.mock.mockito.MockitoContextCustomizer@307f9cca], contextLoader = 'org.springframework.test.context.support.DelegatingSmartContextLoader', parent = [null]], attributes = map['org.springframework.test.context.event.ApplicationEventsTestExecutionListener.recordApplicationEvents' -> false]], class annotated with @DirtiesContext [false] with mode [null], method annotated with @DirtiesContext [false] with mode [null].
18:48:02.962 [Test worker] DEBUG org.springframework.test.context.cache.DefaultCacheAwareContextLoaderDelegate - Retrieved ApplicationContext [1948863514] from cache with key [[MergedContextConfiguration@6d025d1d testClass = UserRepositoryTest, locations = '{}', classes = '{class org.waldreg.repository.user.MemoryUserRepository, class org.waldreg.repository.MemoryUserStorage, class org.waldreg.repository.user.UserMapper}', contextInitializerClasses = '[]', activeProfiles = '{}', propertySourceLocations = '{}', propertySourceProperties = '{}', contextCustomizers = set[org.springframework.boot.test.autoconfigure.actuate.metrics.MetricsExportContextCustomizerFactory$DisableMetricExportContextCustomizer@1fc32e4f, org.springframework.boot.test.autoconfigure.properties.PropertyMappingContextCustomizer@0, org.springframework.boot.test.autoconfigure.web.servlet.WebDriverContextCustomizerFactory$Customizer@5d066c7d, org.springframework.boot.test.context.filter.ExcludeFilterContextCustomizer@1603cd68, org.springframework.boot.test.json.DuplicateJsonObjectContextCustomizerFactory$DuplicateJsonObjectContextCustomizer@66c92293, org.springframework.boot.test.mock.mockito.MockitoContextCustomizer@307f9cca], contextLoader = 'org.springframework.test.context.support.DelegatingSmartContextLoader', parent = [null]]]
18:48:02.962 [Test worker] DEBUG org.springframework.test.context.cache - Spring test ApplicationContext cache statistics: [DefaultContextCache@5acc9fdf size = 3, maxSize = 32, parentContextCount = 0, hitCount = 220, missCount = 3]
18:48:02.962 [Test worker] DEBUG org.springframework.test.context.cache.DefaultCacheAwareContextLoaderDelegate - Retrieved ApplicationContext [1948863514] from cache with key [[MergedContextConfiguration@6d025d1d testClass = UserRepositoryTest, locations = '{}', classes = '{class org.waldreg.repository.user.MemoryUserRepository, class org.waldreg.repository.MemoryUserStorage, class org.waldreg.repository.user.UserMapper}', contextInitializerClasses = '[]', activeProfiles = '{}', propertySourceLocations = '{}', propertySourceProperties = '{}', contextCustomizers = set[org.springframework.boot.test.autoconfigure.actuate.metrics.MetricsExportContextCustomizerFactory$DisableMetricExportContextCustomizer@1fc32e4f, org.springframework.boot.test.autoconfigure.properties.PropertyMappingContextCustomizer@0, org.springframework.boot.test.autoconfigure.web.servlet.WebDriverContextCustomizerFactory$Customizer@5d066c7d, org.springframework.boot.test.context.filter.ExcludeFilterContextCustomizer@1603cd68, org.springframework.boot.test.json.DuplicateJsonObjectContextCustomizerFactory$DuplicateJsonObjectContextCustomizer@66c92293, org.springframework.boot.test.mock.mockito.MockitoContextCustomizer@307f9cca], contextLoader = 'org.springframework.test.context.support.DelegatingSmartContextLoader', parent = [null]]]
18:48:02.962 [Test worker] DEBUG org.springframework.test.context.cache - Spring test ApplicationContext cache statistics: [DefaultContextCache@5acc9fdf size = 3, maxSize = 32, parentContextCount = 0, hitCount = 221, missCount = 3]
18:48:02.962 [Test worker] DEBUG org.springframework.test.context.cache.DefaultCacheAwareContextLoaderDelegate - Retrieved ApplicationContext [1948863514] from cache with key [[MergedContextConfiguration@6d025d1d testClass = UserRepositoryTest, locations = '{}', classes = '{class org.waldreg.repository.user.MemoryUserRepository, class org.waldreg.repository.MemoryUserStorage, class org.waldreg.repository.user.UserMapper}', contextInitializerClasses = '[]', activeProfiles = '{}', propertySourceLocations = '{}', propertySourceProperties = '{}', contextCustomizers = set[org.springframework.boot.test.autoconfigure.actuate.metrics.MetricsExportContextCustomizerFactory$DisableMetricExportContextCustomizer@1fc32e4f, org.springframework.boot.test.autoconfigure.properties.PropertyMappingContextCustomizer@0, org.springframework.boot.test.autoconfigure.web.servlet.WebDriverContextCustomizerFactory$Customizer@5d066c7d, org.springframework.boot.test.context.filter.ExcludeFilterContextCustomizer@1603cd68, org.springframework.boot.test.json.DuplicateJsonObjectContextCustomizerFactory$DuplicateJsonObjectContextCustomizer@66c92293, org.springframework.boot.test.mock.mockito.MockitoContextCustomizer@307f9cca], contextLoader = 'org.springframework.test.context.support.DelegatingSmartContextLoader', parent = [null]]]
18:48:02.962 [Test worker] DEBUG org.springframework.test.context.cache - Spring test ApplicationContext cache statistics: [DefaultContextCache@5acc9fdf size = 3, maxSize = 32, parentContextCount = 0, hitCount = 222, missCount = 3]
18:48:02.964 [Test worker] DEBUG org.springframework.test.context.cache.DefaultCacheAwareContextLoaderDelegate - Retrieved ApplicationContext [1948863514] from cache with key [[MergedContextConfiguration@6d025d1d testClass = UserRepositoryTest, locations = '{}', classes = '{class org.waldreg.repository.user.MemoryUserRepository, class org.waldreg.repository.MemoryUserStorage, class org.waldreg.repository.user.UserMapper}', contextInitializerClasses = '[]', activeProfiles = '{}', propertySourceLocations = '{}', propertySourceProperties = '{}', contextCustomizers = set[org.springframework.boot.test.autoconfigure.actuate.metrics.MetricsExportContextCustomizerFactory$DisableMetricExportContextCustomizer@1fc32e4f, org.springframework.boot.test.autoconfigure.properties.PropertyMappingContextCustomizer@0, org.springframework.boot.test.autoconfigure.web.servlet.WebDriverContextCustomizerFactory$Customizer@5d066c7d, org.springframework.boot.test.context.filter.ExcludeFilterContextCustomizer@1603cd68, org.springframework.boot.test.json.DuplicateJsonObjectContextCustomizerFactory$DuplicateJsonObjectContextCustomizer@66c92293, org.springframework.boot.test.mock.mockito.MockitoContextCustomizer@307f9cca], contextLoader = 'org.springframework.test.context.support.DelegatingSmartContextLoader', parent = [null]]]
18:48:02.964 [Test worker] DEBUG org.springframework.test.context.cache - Spring test ApplicationContext cache statistics: [DefaultContextCache@5acc9fdf size = 3, maxSize = 32, parentContextCount = 0, hitCount = 223, missCount = 3]
18:48:02.964 [Test worker] DEBUG org.springframework.test.context.cache.DefaultCacheAwareContextLoaderDelegate - Retrieved ApplicationContext [1948863514] from cache with key [[MergedContextConfiguration@6d025d1d testClass = UserRepositoryTest, locations = '{}', classes = '{class org.waldreg.repository.user.MemoryUserRepository, class org.waldreg.repository.MemoryUserStorage, class org.waldreg.repository.user.UserMapper}', contextInitializerClasses = '[]', activeProfiles = '{}', propertySourceLocations = '{}', propertySourceProperties = '{}', contextCustomizers = set[org.springframework.boot.test.autoconfigure.actuate.metrics.MetricsExportContextCustomizerFactory$DisableMetricExportContextCustomizer@1fc32e4f, org.springframework.boot.test.autoconfigure.properties.PropertyMappingContextCustomizer@0, org.springframework.boot.test.autoconfigure.web.servlet.WebDriverContextCustomizerFactory$Customizer@5d066c7d, org.springframework.boot.test.context.filter.ExcludeFilterContextCustomizer@1603cd68, org.springframework.boot.test.json.DuplicateJsonObjectContextCustomizerFactory$DuplicateJsonObjectContextCustomizer@66c92293, org.springframework.boot.test.mock.mockito.MockitoContextCustomizer@307f9cca], contextLoader = 'org.springframework.test.context.support.DelegatingSmartContextLoader', parent = [null]]]
18:48:02.964 [Test worker] DEBUG org.springframework.test.context.cache - Spring test ApplicationContext cache statistics: [DefaultContextCache@5acc9fdf size = 3, maxSize = 32, parentContextCount = 0, hitCount = 224, missCount = 3]
18:48:02.964 [Test worker] DEBUG org.springframework.test.context.cache.DefaultCacheAwareContextLoaderDelegate - Retrieved ApplicationContext [1948863514] from cache with key [[MergedContextConfiguration@6d025d1d testClass = UserRepositoryTest, locations = '{}', classes = '{class org.waldreg.repository.user.MemoryUserRepository, class org.waldreg.repository.MemoryUserStorage, class org.waldreg.repository.user.UserMapper}', contextInitializerClasses = '[]', activeProfiles = '{}', propertySourceLocations = '{}', propertySourceProperties = '{}', contextCustomizers = set[org.springframework.boot.test.autoconfigure.actuate.metrics.MetricsExportContextCustomizerFactory$DisableMetricExportContextCustomizer@1fc32e4f, org.springframework.boot.test.autoconfigure.properties.PropertyMappingContextCustomizer@0, org.springframework.boot.test.autoconfigure.web.servlet.WebDriverContextCustomizerFactory$Customizer@5d066c7d, org.springframework.boot.test.context.filter.ExcludeFilterContextCustomizer@1603cd68, org.springframework.boot.test.json.DuplicateJsonObjectContextCustomizerFactory$DuplicateJsonObjectContextCustomizer@66c92293, org.springframework.boot.test.mock.mockito.MockitoContextCustomizer@307f9cca], contextLoader = 'org.springframework.test.context.support.DelegatingSmartContextLoader', parent = [null]]]
18:48:02.964 [Test worker] DEBUG org.springframework.test.context.cache - Spring test ApplicationContext cache statistics: [DefaultContextCache@5acc9fdf size = 3, maxSize = 32, parentContextCount = 0, hitCount = 225, missCount = 3]
18:48:02.964 [Test worker] DEBUG org.springframework.test.context.cache.DefaultCacheAwareContextLoaderDelegate - Retrieved ApplicationContext [1948863514] from cache with key [[MergedContextConfiguration@6d025d1d testClass = UserRepositoryTest, locations = '{}', classes = '{class org.waldreg.repository.user.MemoryUserRepository, class org.waldreg.repository.MemoryUserStorage, class org.waldreg.repository.user.UserMapper}', contextInitializerClasses = '[]', activeProfiles = '{}', propertySourceLocations = '{}', propertySourceProperties = '{}', contextCustomizers = set[org.springframework.boot.test.autoconfigure.actuate.metrics.MetricsExportContextCustomizerFactory$DisableMetricExportContextCustomizer@1fc32e4f, org.springframework.boot.test.autoconfigure.properties.PropertyMappingContextCustomizer@0, org.springframework.boot.test.autoconfigure.web.servlet.WebDriverContextCustomizerFactory$Customizer@5d066c7d, org.springframework.boot.test.context.filter.ExcludeFilterContextCustomizer@1603cd68, org.springframework.boot.test.json.DuplicateJsonObjectContextCustomizerFactory$DuplicateJsonObjectContextCustomizer@66c92293, org.springframework.boot.test.mock.mockito.MockitoContextCustomizer@307f9cca], contextLoader = 'org.springframework.test.context.support.DelegatingSmartContextLoader', parent = [null]]]
18:48:02.964 [Test worker] DEBUG org.springframework.test.context.cache - Spring test ApplicationContext cache statistics: [DefaultContextCache@5acc9fdf size = 3, maxSize = 32, parentContextCount = 0, hitCount = 226, missCount = 3]
18:48:02.964 [Test worker] DEBUG org.springframework.test.context.cache.DefaultCacheAwareContextLoaderDelegate - Retrieved ApplicationContext [1948863514] from cache with key [[MergedContextConfiguration@6d025d1d testClass = UserRepositoryTest, locations = '{}', classes = '{class org.waldreg.repository.user.MemoryUserRepository, class org.waldreg.repository.MemoryUserStorage, class org.waldreg.repository.user.UserMapper}', contextInitializerClasses = '[]', activeProfiles = '{}', propertySourceLocations = '{}', propertySourceProperties = '{}', contextCustomizers = set[org.springframework.boot.test.autoconfigure.actuate.metrics.MetricsExportContextCustomizerFactory$DisableMetricExportContextCustomizer@1fc32e4f, org.springframework.boot.test.autoconfigure.properties.PropertyMappingContextCustomizer@0, org.springframework.boot.test.autoconfigure.web.servlet.WebDriverContextCustomizerFactory$Customizer@5d066c7d, org.springframework.boot.test.context.filter.ExcludeFilterContextCustomizer@1603cd68, org.springframework.boot.test.json.DuplicateJsonObjectContextCustomizerFactory$DuplicateJsonObjectContextCustomizer@66c92293, org.springframework.boot.test.mock.mockito.MockitoContextCustomizer@307f9cca], contextLoader = 'org.springframework.test.context.support.DelegatingSmartContextLoader', parent = [null]]]
18:48:02.964 [Test worker] DEBUG org.springframework.test.context.cache - Spring test ApplicationContext cache statistics: [DefaultContextCache@5acc9fdf size = 3, maxSize = 32, parentContextCount = 0, hitCount = 227, missCount = 3]
18:48:02.964 [Test worker] DEBUG org.springframework.test.context.cache.DefaultCacheAwareContextLoaderDelegate - Retrieved ApplicationContext [1948863514] from cache with key [[MergedContextConfiguration@6d025d1d testClass = UserRepositoryTest, locations = '{}', classes = '{class org.waldreg.repository.user.MemoryUserRepository, class org.waldreg.repository.MemoryUserStorage, class org.waldreg.repository.user.UserMapper}', contextInitializerClasses = '[]', activeProfiles = '{}', propertySourceLocations = '{}', propertySourceProperties = '{}', contextCustomizers = set[org.springframework.boot.test.autoconfigure.actuate.metrics.MetricsExportContextCustomizerFactory$DisableMetricExportContextCustomizer@1fc32e4f, org.springframework.boot.test.autoconfigure.properties.PropertyMappingContextCustomizer@0, org.springframework.boot.test.autoconfigure.web.servlet.WebDriverContextCustomizerFactory$Customizer@5d066c7d, org.springframework.boot.test.context.filter.ExcludeFilterContextCustomizer@1603cd68, org.springframework.boot.test.json.DuplicateJsonObjectContextCustomizerFactory$DuplicateJsonObjectContextCustomizer@66c92293, org.springframework.boot.test.mock.mockito.MockitoContextCustomizer@307f9cca], contextLoader = 'org.springframework.test.context.support.DelegatingSmartContextLoader', parent = [null]]]
18:48:02.964 [Test worker] DEBUG org.springframework.test.context.cache - Spring test ApplicationContext cache statistics: [DefaultContextCache@5acc9fdf size = 3, maxSize = 32, parentContextCount = 0, hitCount = 228, missCount = 3]
18:48:02.965 [Test worker] DEBUG org.springframework.test.context.support.AbstractDirtiesContextTestExecutionListener - After test method: context [DefaultTestContext@5e2a3040 testClass = UserRepositoryTest, testInstance = org.waldreg.repository.user.UserRepositoryTest@2184b4f4, testMethod = UPDATE_USER_CHARACTER_FAIL_CAUSE_UNKNOWN_ID_TEST@UserRepositoryTest, testException = [null], mergedContextConfiguration = [MergedContextConfiguration@6d025d1d testClass = UserRepositoryTest, locations = '{}', classes = '{class org.waldreg.repository.user.MemoryUserRepository, class org.waldreg.repository.MemoryUserStorage, class org.waldreg.repository.user.UserMapper}', contextInitializerClasses = '[]', activeProfiles = '{}', propertySourceLocations = '{}', propertySourceProperties = '{}', contextCustomizers = set[org.springframework.boot.test.autoconfigure.actuate.metrics.MetricsExportContextCustomizerFactory$DisableMetricExportContextCustomizer@1fc32e4f, org.springframework.boot.test.autoconfigure.properties.PropertyMappingContextCustomizer@0, org.springframework.boot.test.autoconfigure.web.servlet.WebDriverContextCustomizerFactory$Customizer@5d066c7d, org.springframework.boot.test.context.filter.ExcludeFilterContextCustomizer@1603cd68, org.springframework.boot.test.json.DuplicateJsonObjectContextCustomizerFactory$DuplicateJsonObjectContextCustomizer@66c92293, org.springframework.boot.test.mock.mockito.MockitoContextCustomizer@307f9cca], contextLoader = 'org.springframework.test.context.support.DelegatingSmartContextLoader', parent = [null]], attributes = map['org.springframework.test.context.event.ApplicationEventsTestExecutionListener.recordApplicationEvents' -> false]], class annotated with @DirtiesContext [false] with mode [null], method annotated with @DirtiesContext [false] with mode [null].
18:48:02.965 [Test worker] DEBUG org.springframework.test.context.cache.DefaultCacheAwareContextLoaderDelegate - Retrieved ApplicationContext [1948863514] from cache with key [[MergedContextConfiguration@6d025d1d testClass = UserRepositoryTest, locations = '{}', classes = '{class org.waldreg.repository.user.MemoryUserRepository, class org.waldreg.repository.MemoryUserStorage, class org.waldreg.repository.user.UserMapper}', contextInitializerClasses = '[]', activeProfiles = '{}', propertySourceLocations = '{}', propertySourceProperties = '{}', contextCustomizers = set[org.springframework.boot.test.autoconfigure.actuate.metrics.MetricsExportContextCustomizerFactory$DisableMetricExportContextCustomizer@1fc32e4f, org.springframework.boot.test.autoconfigure.properties.PropertyMappingContextCustomizer@0, org.springframework.boot.test.autoconfigure.web.servlet.WebDriverContextCustomizerFactory$Customizer@5d066c7d, org.springframework.boot.test.context.filter.ExcludeFilterContextCustomizer@1603cd68, org.springframework.boot.test.json.DuplicateJsonObjectContextCustomizerFactory$DuplicateJsonObjectContextCustomizer@66c92293, org.springframework.boot.test.mock.mockito.MockitoContextCustomizer@307f9cca], contextLoader = 'org.springframework.test.context.support.DelegatingSmartContextLoader', parent = [null]]]
18:48:02.965 [Test worker] DEBUG org.springframework.test.context.cache - Spring test ApplicationContext cache statistics: [DefaultContextCache@5acc9fdf size = 3, maxSize = 32, parentContextCount = 0, hitCount = 229, missCount = 3]
18:48:02.965 [Test worker] DEBUG org.springframework.test.context.support.DependencyInjectionTestExecutionListener - Performing dependency injection for test context [[DefaultTestContext@5e2a3040 testClass = UserRepositoryTest, testInstance = org.waldreg.repository.user.UserRepositoryTest@37af1f93, testMethod = [null], testException = [null], mergedContextConfiguration = [MergedContextConfiguration@6d025d1d testClass = UserRepositoryTest, locations = '{}', classes = '{class org.waldreg.repository.user.MemoryUserRepository, class org.waldreg.repository.MemoryUserStorage, class org.waldreg.repository.user.UserMapper}', contextInitializerClasses = '[]', activeProfiles = '{}', propertySourceLocations = '{}', propertySourceProperties = '{}', contextCustomizers = set[org.springframework.boot.test.autoconfigure.actuate.metrics.MetricsExportContextCustomizerFactory$DisableMetricExportContextCustomizer@1fc32e4f, org.springframework.boot.test.autoconfigure.properties.PropertyMappingContextCustomizer@0, org.springframework.boot.test.autoconfigure.web.servlet.WebDriverContextCustomizerFactory$Customizer@5d066c7d, org.springframework.boot.test.context.filter.ExcludeFilterContextCustomizer@1603cd68, org.springframework.boot.test.json.DuplicateJsonObjectContextCustomizerFactory$DuplicateJsonObjectContextCustomizer@66c92293, org.springframework.boot.test.mock.mockito.MockitoContextCustomizer@307f9cca], contextLoader = 'org.springframework.test.context.support.DelegatingSmartContextLoader', parent = [null]], attributes = map['org.springframework.test.context.event.ApplicationEventsTestExecutionListener.recordApplicationEvents' -> false]]].
18:48:02.965 [Test worker] DEBUG org.springframework.test.context.cache.DefaultCacheAwareContextLoaderDelegate - Retrieved ApplicationContext [1948863514] from cache with key [[MergedContextConfiguration@6d025d1d testClass = UserRepositoryTest, locations = '{}', classes = '{class org.waldreg.repository.user.MemoryUserRepository, class org.waldreg.repository.MemoryUserStorage, class org.waldreg.repository.user.UserMapper}', contextInitializerClasses = '[]', activeProfiles = '{}', propertySourceLocations = '{}', propertySourceProperties = '{}', contextCustomizers = set[org.springframework.boot.test.autoconfigure.actuate.metrics.MetricsExportContextCustomizerFactory$DisableMetricExportContextCustomizer@1fc32e4f, org.springframework.boot.test.autoconfigure.properties.PropertyMappingContextCustomizer@0, org.springframework.boot.test.autoconfigure.web.servlet.WebDriverContextCustomizerFactory$Customizer@5d066c7d, org.springframework.boot.test.context.filter.ExcludeFilterContextCustomizer@1603cd68, org.springframework.boot.test.json.DuplicateJsonObjectContextCustomizerFactory$DuplicateJsonObjectContextCustomizer@66c92293, org.springframework.boot.test.mock.mockito.MockitoContextCustomizer@307f9cca], contextLoader = 'org.springframework.test.context.support.DelegatingSmartContextLoader', parent = [null]]]
18:48:02.965 [Test worker] DEBUG org.springframework.test.context.cache - Spring test ApplicationContext cache statistics: [DefaultContextCache@5acc9fdf size = 3, maxSize = 32, parentContextCount = 0, hitCount = 230, missCount = 3]
18:48:02.965 [Test worker] DEBUG org.springframework.test.context.cache.DefaultCacheAwareContextLoaderDelegate - Retrieved ApplicationContext [1948863514] from cache with key [[MergedContextConfiguration@6d025d1d testClass = UserRepositoryTest, locations = '{}', classes = '{class org.waldreg.repository.user.MemoryUserRepository, class org.waldreg.repository.MemoryUserStorage, class org.waldreg.repository.user.UserMapper}', contextInitializerClasses = '[]', activeProfiles = '{}', propertySourceLocations = '{}', propertySourceProperties = '{}', contextCustomizers = set[org.springframework.boot.test.autoconfigure.actuate.metrics.MetricsExportContextCustomizerFactory$DisableMetricExportContextCustomizer@1fc32e4f, org.springframework.boot.test.autoconfigure.properties.PropertyMappingContextCustomizer@0, org.springframework.boot.test.autoconfigure.web.servlet.WebDriverContextCustomizerFactory$Customizer@5d066c7d, org.springframework.boot.test.context.filter.ExcludeFilterContextCustomizer@1603cd68, org.springframework.boot.test.json.DuplicateJsonObjectContextCustomizerFactory$DuplicateJsonObjectContextCustomizer@66c92293, org.springframework.boot.test.mock.mockito.MockitoContextCustomizer@307f9cca], contextLoader = 'org.springframework.test.context.support.DelegatingSmartContextLoader', parent = [null]]]
18:48:02.965 [Test worker] DEBUG org.springframework.test.context.cache - Spring test ApplicationContext cache statistics: [DefaultContextCache@5acc9fdf size = 3, maxSize = 32, parentContextCount = 0, hitCount = 231, missCount = 3]
18:48:02.965 [Test worker] DEBUG org.springframework.test.context.support.AbstractDirtiesContextTestExecutionListener - Before test method: context [DefaultTestContext@5e2a3040 testClass = UserRepositoryTest, testInstance = org.waldreg.repository.user.UserRepositoryTest@37af1f93, testMethod = READ_ALL_USER_SUCCESS_TEST@UserRepositoryTest, testException = [null], mergedContextConfiguration = [MergedContextConfiguration@6d025d1d testClass = UserRepositoryTest, locations = '{}', classes = '{class org.waldreg.repository.user.MemoryUserRepository, class org.waldreg.repository.MemoryUserStorage, class org.waldreg.repository.user.UserMapper}', contextInitializerClasses = '[]', activeProfiles = '{}', propertySourceLocations = '{}', propertySourceProperties = '{}', contextCustomizers = set[org.springframework.boot.test.autoconfigure.actuate.metrics.MetricsExportContextCustomizerFactory$DisableMetricExportContextCustomizer@1fc32e4f, org.springframework.boot.test.autoconfigure.properties.PropertyMappingContextCustomizer@0, org.springframework.boot.test.autoconfigure.web.servlet.WebDriverContextCustomizerFactory$Customizer@5d066c7d, org.springframework.boot.test.context.filter.ExcludeFilterContextCustomizer@1603cd68, org.springframework.boot.test.json.DuplicateJsonObjectContextCustomizerFactory$DuplicateJsonObjectContextCustomizer@66c92293, org.springframework.boot.test.mock.mockito.MockitoContextCustomizer@307f9cca], contextLoader = 'org.springframework.test.context.support.DelegatingSmartContextLoader', parent = [null]], attributes = map['org.springframework.test.context.event.ApplicationEventsTestExecutionListener.recordApplicationEvents' -> false]], class annotated with @DirtiesContext [false] with mode [null], method annotated with @DirtiesContext [false] with mode [null].
18:48:02.965 [Test worker] DEBUG org.springframework.test.context.cache.DefaultCacheAwareContextLoaderDelegate - Retrieved ApplicationContext [1948863514] from cache with key [[MergedContextConfiguration@6d025d1d testClass = UserRepositoryTest, locations = '{}', classes = '{class org.waldreg.repository.user.MemoryUserRepository, class org.waldreg.repository.MemoryUserStorage, class org.waldreg.repository.user.UserMapper}', contextInitializerClasses = '[]', activeProfiles = '{}', propertySourceLocations = '{}', propertySourceProperties = '{}', contextCustomizers = set[org.springframework.boot.test.autoconfigure.actuate.metrics.MetricsExportContextCustomizerFactory$DisableMetricExportContextCustomizer@1fc32e4f, org.springframework.boot.test.autoconfigure.properties.PropertyMappingContextCustomizer@0, org.springframework.boot.test.autoconfigure.web.servlet.WebDriverContextCustomizerFactory$Customizer@5d066c7d, org.springframework.boot.test.context.filter.ExcludeFilterContextCustomizer@1603cd68, org.springframework.boot.test.json.DuplicateJsonObjectContextCustomizerFactory$DuplicateJsonObjectContextCustomizer@66c92293, org.springframework.boot.test.mock.mockito.MockitoContextCustomizer@307f9cca], contextLoader = 'org.springframework.test.context.support.DelegatingSmartContextLoader', parent = [null]]]
18:48:02.965 [Test worker] DEBUG org.springframework.test.context.cache - Spring test ApplicationContext cache statistics: [DefaultContextCache@5acc9fdf size = 3, maxSize = 32, parentContextCount = 0, hitCount = 232, missCount = 3]
18:48:02.966 [Test worker] DEBUG org.springframework.test.context.cache.DefaultCacheAwareContextLoaderDelegate - Retrieved ApplicationContext [1948863514] from cache with key [[MergedContextConfiguration@6d025d1d testClass = UserRepositoryTest, locations = '{}', classes = '{class org.waldreg.repository.user.MemoryUserRepository, class org.waldreg.repository.MemoryUserStorage, class org.waldreg.repository.user.UserMapper}', contextInitializerClasses = '[]', activeProfiles = '{}', propertySourceLocations = '{}', propertySourceProperties = '{}', contextCustomizers = set[org.springframework.boot.test.autoconfigure.actuate.metrics.MetricsExportContextCustomizerFactory$DisableMetricExportContextCustomizer@1fc32e4f, org.springframework.boot.test.autoconfigure.properties.PropertyMappingContextCustomizer@0, org.springframework.boot.test.autoconfigure.web.servlet.WebDriverContextCustomizerFactory$Customizer@5d066c7d, org.springframework.boot.test.context.filter.ExcludeFilterContextCustomizer@1603cd68, org.springframework.boot.test.json.DuplicateJsonObjectContextCustomizerFactory$DuplicateJsonObjectContextCustomizer@66c92293, org.springframework.boot.test.mock.mockito.MockitoContextCustomizer@307f9cca], contextLoader = 'org.springframework.test.context.support.DelegatingSmartContextLoader', parent = [null]]]
18:48:02.966 [Test worker] DEBUG org.springframework.test.context.cache - Spring test ApplicationContext cache statistics: [DefaultContextCache@5acc9fdf size = 3, maxSize = 32, parentContextCount = 0, hitCount = 233, missCount = 3]
18:48:02.966 [Test worker] DEBUG org.springframework.test.context.cache.DefaultCacheAwareContextLoaderDelegate - Retrieved ApplicationContext [1948863514] from cache with key [[MergedContextConfiguration@6d025d1d testClass = UserRepositoryTest, locations = '{}', classes = '{class org.waldreg.repository.user.MemoryUserRepository, class org.waldreg.repository.MemoryUserStorage, class org.waldreg.repository.user.UserMapper}', contextInitializerClasses = '[]', activeProfiles = '{}', propertySourceLocations = '{}', propertySourceProperties = '{}', contextCustomizers = set[org.springframework.boot.test.autoconfigure.actuate.metrics.MetricsExportContextCustomizerFactory$DisableMetricExportContextCustomizer@1fc32e4f, org.springframework.boot.test.autoconfigure.properties.PropertyMappingContextCustomizer@0, org.springframework.boot.test.autoconfigure.web.servlet.WebDriverContextCustomizerFactory$Customizer@5d066c7d, org.springframework.boot.test.context.filter.ExcludeFilterContextCustomizer@1603cd68, org.springframework.boot.test.json.DuplicateJsonObjectContextCustomizerFactory$DuplicateJsonObjectContextCustomizer@66c92293, org.springframework.boot.test.mock.mockito.MockitoContextCustomizer@307f9cca], contextLoader = 'org.springframework.test.context.support.DelegatingSmartContextLoader', parent = [null]]]
18:48:02.966 [Test worker] DEBUG org.springframework.test.context.cache - Spring test ApplicationContext cache statistics: [DefaultContextCache@5acc9fdf size = 3, maxSize = 32, parentContextCount = 0, hitCount = 234, missCount = 3]
18:48:02.966 [Test worker] DEBUG org.springframework.test.context.cache.DefaultCacheAwareContextLoaderDelegate - Retrieved ApplicationContext [1948863514] from cache with key [[MergedContextConfiguration@6d025d1d testClass = UserRepositoryTest, locations = '{}', classes = '{class org.waldreg.repository.user.MemoryUserRepository, class org.waldreg.repository.MemoryUserStorage, class org.waldreg.repository.user.UserMapper}', contextInitializerClasses = '[]', activeProfiles = '{}', propertySourceLocations = '{}', propertySourceProperties = '{}', contextCustomizers = set[org.springframework.boot.test.autoconfigure.actuate.metrics.MetricsExportContextCustomizerFactory$DisableMetricExportContextCustomizer@1fc32e4f, org.springframework.boot.test.autoconfigure.properties.PropertyMappingContextCustomizer@0, org.springframework.boot.test.autoconfigure.web.servlet.WebDriverContextCustomizerFactory$Customizer@5d066c7d, org.springframework.boot.test.context.filter.ExcludeFilterContextCustomizer@1603cd68, org.springframework.boot.test.json.DuplicateJsonObjectContextCustomizerFactory$DuplicateJsonObjectContextCustomizer@66c92293, org.springframework.boot.test.mock.mockito.MockitoContextCustomizer@307f9cca], contextLoader = 'org.springframework.test.context.support.DelegatingSmartContextLoader', parent = [null]]]
18:48:02.966 [Test worker] DEBUG org.springframework.test.context.cache - Spring test ApplicationContext cache statistics: [DefaultContextCache@5acc9fdf size = 3, maxSize = 32, parentContextCount = 0, hitCount = 235, missCount = 3]
18:48:02.966 [Test worker] DEBUG org.springframework.test.context.cache.DefaultCacheAwareContextLoaderDelegate - Retrieved ApplicationContext [1948863514] from cache with key [[MergedContextConfiguration@6d025d1d testClass = UserRepositoryTest, locations = '{}', classes = '{class org.waldreg.repository.user.MemoryUserRepository, class org.waldreg.repository.MemoryUserStorage, class org.waldreg.repository.user.UserMapper}', contextInitializerClasses = '[]', activeProfiles = '{}', propertySourceLocations = '{}', propertySourceProperties = '{}', contextCustomizers = set[org.springframework.boot.test.autoconfigure.actuate.metrics.MetricsExportContextCustomizerFactory$DisableMetricExportContextCustomizer@1fc32e4f, org.springframework.boot.test.autoconfigure.properties.PropertyMappingContextCustomizer@0, org.springframework.boot.test.autoconfigure.web.servlet.WebDriverContextCustomizerFactory$Customizer@5d066c7d, org.springframework.boot.test.context.filter.ExcludeFilterContextCustomizer@1603cd68, org.springframework.boot.test.json.DuplicateJsonObjectContextCustomizerFactory$DuplicateJsonObjectContextCustomizer@66c92293, org.springframework.boot.test.mock.mockito.MockitoContextCustomizer@307f9cca], contextLoader = 'org.springframework.test.context.support.DelegatingSmartContextLoader', parent = [null]]]
18:48:02.966 [Test worker] DEBUG org.springframework.test.context.cache - Spring test ApplicationContext cache statistics: [DefaultContextCache@5acc9fdf size = 3, maxSize = 32, parentContextCount = 0, hitCount = 236, missCount = 3]
18:48:02.967 [Test worker] DEBUG org.springframework.test.context.cache.DefaultCacheAwareContextLoaderDelegate - Retrieved ApplicationContext [1948863514] from cache with key [[MergedContextConfiguration@6d025d1d testClass = UserRepositoryTest, locations = '{}', classes = '{class org.waldreg.repository.user.MemoryUserRepository, class org.waldreg.repository.MemoryUserStorage, class org.waldreg.repository.user.UserMapper}', contextInitializerClasses = '[]', activeProfiles = '{}', propertySourceLocations = '{}', propertySourceProperties = '{}', contextCustomizers = set[org.springframework.boot.test.autoconfigure.actuate.metrics.MetricsExportContextCustomizerFactory$DisableMetricExportContextCustomizer@1fc32e4f, org.springframework.boot.test.autoconfigure.properties.PropertyMappingContextCustomizer@0, org.springframework.boot.test.autoconfigure.web.servlet.WebDriverContextCustomizerFactory$Customizer@5d066c7d, org.springframework.boot.test.context.filter.ExcludeFilterContextCustomizer@1603cd68, org.springframework.boot.test.json.DuplicateJsonObjectContextCustomizerFactory$DuplicateJsonObjectContextCustomizer@66c92293, org.springframework.boot.test.mock.mockito.MockitoContextCustomizer@307f9cca], contextLoader = 'org.springframework.test.context.support.DelegatingSmartContextLoader', parent = [null]]]
18:48:02.967 [Test worker] DEBUG org.springframework.test.context.cache - Spring test ApplicationContext cache statistics: [DefaultContextCache@5acc9fdf size = 3, maxSize = 32, parentContextCount = 0, hitCount = 237, missCount = 3]
18:48:02.967 [Test worker] DEBUG org.springframework.test.context.cache.DefaultCacheAwareContextLoaderDelegate - Retrieved ApplicationContext [1948863514] from cache with key [[MergedContextConfiguration@6d025d1d testClass = UserRepositoryTest, locations = '{}', classes = '{class org.waldreg.repository.user.MemoryUserRepository, class org.waldreg.repository.MemoryUserStorage, class org.waldreg.repository.user.UserMapper}', contextInitializerClasses = '[]', activeProfiles = '{}', propertySourceLocations = '{}', propertySourceProperties = '{}', contextCustomizers = set[org.springframework.boot.test.autoconfigure.actuate.metrics.MetricsExportContextCustomizerFactory$DisableMetricExportContextCustomizer@1fc32e4f, org.springframework.boot.test.autoconfigure.properties.PropertyMappingContextCustomizer@0, org.springframework.boot.test.autoconfigure.web.servlet.WebDriverContextCustomizerFactory$Customizer@5d066c7d, org.springframework.boot.test.context.filter.ExcludeFilterContextCustomizer@1603cd68, org.springframework.boot.test.json.DuplicateJsonObjectContextCustomizerFactory$DuplicateJsonObjectContextCustomizer@66c92293, org.springframework.boot.test.mock.mockito.MockitoContextCustomizer@307f9cca], contextLoader = 'org.springframework.test.context.support.DelegatingSmartContextLoader', parent = [null]]]
18:48:02.967 [Test worker] DEBUG org.springframework.test.context.cache - Spring test ApplicationContext cache statistics: [DefaultContextCache@5acc9fdf size = 3, maxSize = 32, parentContextCount = 0, hitCount = 238, missCount = 3]
18:48:02.967 [Test worker] DEBUG org.springframework.test.context.cache.DefaultCacheAwareContextLoaderDelegate - Retrieved ApplicationContext [1948863514] from cache with key [[MergedContextConfiguration@6d025d1d testClass = UserRepositoryTest, locations = '{}', classes = '{class org.waldreg.repository.user.MemoryUserRepository, class org.waldreg.repository.MemoryUserStorage, class org.waldreg.repository.user.UserMapper}', contextInitializerClasses = '[]', activeProfiles = '{}', propertySourceLocations = '{}', propertySourceProperties = '{}', contextCustomizers = set[org.springframework.boot.test.autoconfigure.actuate.metrics.MetricsExportContextCustomizerFactory$DisableMetricExportContextCustomizer@1fc32e4f, org.springframework.boot.test.autoconfigure.properties.PropertyMappingContextCustomizer@0, org.springframework.boot.test.autoconfigure.web.servlet.WebDriverContextCustomizerFactory$Customizer@5d066c7d, org.springframework.boot.test.context.filter.ExcludeFilterContextCustomizer@1603cd68, org.springframework.boot.test.json.DuplicateJsonObjectContextCustomizerFactory$DuplicateJsonObjectContextCustomizer@66c92293, org.springframework.boot.test.mock.mockito.MockitoContextCustomizer@307f9cca], contextLoader = 'org.springframework.test.context.support.DelegatingSmartContextLoader', parent = [null]]]
18:48:02.967 [Test worker] DEBUG org.springframework.test.context.cache - Spring test ApplicationContext cache statistics: [DefaultContextCache@5acc9fdf size = 3, maxSize = 32, parentContextCount = 0, hitCount = 239, missCount = 3]
18:48:02.967 [Test worker] DEBUG org.springframework.test.context.cache.DefaultCacheAwareContextLoaderDelegate - Retrieved ApplicationContext [1948863514] from cache with key [[MergedContextConfiguration@6d025d1d testClass = UserRepositoryTest, locations = '{}', classes = '{class org.waldreg.repository.user.MemoryUserRepository, class org.waldreg.repository.MemoryUserStorage, class org.waldreg.repository.user.UserMapper}', contextInitializerClasses = '[]', activeProfiles = '{}', propertySourceLocations = '{}', propertySourceProperties = '{}', contextCustomizers = set[org.springframework.boot.test.autoconfigure.actuate.metrics.MetricsExportContextCustomizerFactory$DisableMetricExportContextCustomizer@1fc32e4f, org.springframework.boot.test.autoconfigure.properties.PropertyMappingContextCustomizer@0, org.springframework.boot.test.autoconfigure.web.servlet.WebDriverContextCustomizerFactory$Customizer@5d066c7d, org.springframework.boot.test.context.filter.ExcludeFilterContextCustomizer@1603cd68, org.springframework.boot.test.json.DuplicateJsonObjectContextCustomizerFactory$DuplicateJsonObjectContextCustomizer@66c92293, org.springframework.boot.test.mock.mockito.MockitoContextCustomizer@307f9cca], contextLoader = 'org.springframework.test.context.support.DelegatingSmartContextLoader', parent = [null]]]
18:48:02.967 [Test worker] DEBUG org.springframework.test.context.cache - Spring test ApplicationContext cache statistics: [DefaultContextCache@5acc9fdf size = 3, maxSize = 32, parentContextCount = 0, hitCount = 240, missCount = 3]
18:48:02.967 [Test worker] DEBUG org.springframework.test.context.support.AbstractDirtiesContextTestExecutionListener - After test method: context [DefaultTestContext@5e2a3040 testClass = UserRepositoryTest, testInstance = org.waldreg.repository.user.UserRepositoryTest@37af1f93, testMethod = READ_ALL_USER_SUCCESS_TEST@UserRepositoryTest, testException = [null], mergedContextConfiguration = [MergedContextConfiguration@6d025d1d testClass = UserRepositoryTest, locations = '{}', classes = '{class org.waldreg.repository.user.MemoryUserRepository, class org.waldreg.repository.MemoryUserStorage, class org.waldreg.repository.user.UserMapper}', contextInitializerClasses = '[]', activeProfiles = '{}', propertySourceLocations = '{}', propertySourceProperties = '{}', contextCustomizers = set[org.springframework.boot.test.autoconfigure.actuate.metrics.MetricsExportContextCustomizerFactory$DisableMetricExportContextCustomizer@1fc32e4f, org.springframework.boot.test.autoconfigure.properties.PropertyMappingContextCustomizer@0, org.springframework.boot.test.autoconfigure.web.servlet.WebDriverContextCustomizerFactory$Customizer@5d066c7d, org.springframework.boot.test.context.filter.ExcludeFilterContextCustomizer@1603cd68, org.springframework.boot.test.json.DuplicateJsonObjectContextCustomizerFactory$DuplicateJsonObjectContextCustomizer@66c92293, org.springframework.boot.test.mock.mockito.MockitoContextCustomizer@307f9cca], contextLoader = 'org.springframework.test.context.support.DelegatingSmartContextLoader', parent = [null]], attributes = map['org.springframework.test.context.event.ApplicationEventsTestExecutionListener.recordApplicationEvents' -> false]], class annotated with @DirtiesContext [false] with mode [null], method annotated with @DirtiesContext [false] with mode [null].
18:48:02.967 [Test worker] DEBUG org.springframework.test.context.cache.DefaultCacheAwareContextLoaderDelegate - Retrieved ApplicationContext [1948863514] from cache with key [[MergedContextConfiguration@6d025d1d testClass = UserRepositoryTest, locations = '{}', classes = '{class org.waldreg.repository.user.MemoryUserRepository, class org.waldreg.repository.MemoryUserStorage, class org.waldreg.repository.user.UserMapper}', contextInitializerClasses = '[]', activeProfiles = '{}', propertySourceLocations = '{}', propertySourceProperties = '{}', contextCustomizers = set[org.springframework.boot.test.autoconfigure.actuate.metrics.MetricsExportContextCustomizerFactory$DisableMetricExportContextCustomizer@1fc32e4f, org.springframework.boot.test.autoconfigure.properties.PropertyMappingContextCustomizer@0, org.springframework.boot.test.autoconfigure.web.servlet.WebDriverContextCustomizerFactory$Customizer@5d066c7d, org.springframework.boot.test.context.filter.ExcludeFilterContextCustomizer@1603cd68, org.springframework.boot.test.json.DuplicateJsonObjectContextCustomizerFactory$DuplicateJsonObjectContextCustomizer@66c92293, org.springframework.boot.test.mock.mockito.MockitoContextCustomizer@307f9cca], contextLoader = 'org.springframework.test.context.support.DelegatingSmartContextLoader', parent = [null]]]
18:48:02.967 [Test worker] DEBUG org.springframework.test.context.cache - Spring test ApplicationContext cache statistics: [DefaultContextCache@5acc9fdf size = 3, maxSize = 32, parentContextCount = 0, hitCount = 241, missCount = 3]
18:48:02.967 [Test worker] DEBUG org.springframework.test.context.support.DependencyInjectionTestExecutionListener - Performing dependency injection for test context [[DefaultTestContext@5e2a3040 testClass = UserRepositoryTest, testInstance = org.waldreg.repository.user.UserRepositoryTest@d8d9199, testMethod = [null], testException = [null], mergedContextConfiguration = [MergedContextConfiguration@6d025d1d testClass = UserRepositoryTest, locations = '{}', classes = '{class org.waldreg.repository.user.MemoryUserRepository, class org.waldreg.repository.MemoryUserStorage, class org.waldreg.repository.user.UserMapper}', contextInitializerClasses = '[]', activeProfiles = '{}', propertySourceLocations = '{}', propertySourceProperties = '{}', contextCustomizers = set[org.springframework.boot.test.autoconfigure.actuate.metrics.MetricsExportContextCustomizerFactory$DisableMetricExportContextCustomizer@1fc32e4f, org.springframework.boot.test.autoconfigure.properties.PropertyMappingContextCustomizer@0, org.springframework.boot.test.autoconfigure.web.servlet.WebDriverContextCustomizerFactory$Customizer@5d066c7d, org.springframework.boot.test.context.filter.ExcludeFilterContextCustomizer@1603cd68, org.springframework.boot.test.json.DuplicateJsonObjectContextCustomizerFactory$DuplicateJsonObjectContextCustomizer@66c92293, org.springframework.boot.test.mock.mockito.MockitoContextCustomizer@307f9cca], contextLoader = 'org.springframework.test.context.support.DelegatingSmartContextLoader', parent = [null]], attributes = map['org.springframework.test.context.event.ApplicationEventsTestExecutionListener.recordApplicationEvents' -> false]]].
18:48:02.967 [Test worker] DEBUG org.springframework.test.context.cache.DefaultCacheAwareContextLoaderDelegate - Retrieved ApplicationContext [1948863514] from cache with key [[MergedContextConfiguration@6d025d1d testClass = UserRepositoryTest, locations = '{}', classes = '{class org.waldreg.repository.user.MemoryUserRepository, class org.waldreg.repository.MemoryUserStorage, class org.waldreg.repository.user.UserMapper}', contextInitializerClasses = '[]', activeProfiles = '{}', propertySourceLocations = '{}', propertySourceProperties = '{}', contextCustomizers = set[org.springframework.boot.test.autoconfigure.actuate.metrics.MetricsExportContextCustomizerFactory$DisableMetricExportContextCustomizer@1fc32e4f, org.springframework.boot.test.autoconfigure.properties.PropertyMappingContextCustomizer@0, org.springframework.boot.test.autoconfigure.web.servlet.WebDriverContextCustomizerFactory$Customizer@5d066c7d, org.springframework.boot.test.context.filter.ExcludeFilterContextCustomizer@1603cd68, org.springframework.boot.test.json.DuplicateJsonObjectContextCustomizerFactory$DuplicateJsonObjectContextCustomizer@66c92293, org.springframework.boot.test.mock.mockito.MockitoContextCustomizer@307f9cca], contextLoader = 'org.springframework.test.context.support.DelegatingSmartContextLoader', parent = [null]]]
18:48:02.967 [Test worker] DEBUG org.springframework.test.context.cache - Spring test ApplicationContext cache statistics: [DefaultContextCache@5acc9fdf size = 3, maxSize = 32, parentContextCount = 0, hitCount = 242, missCount = 3]
18:48:02.967 [Test worker] DEBUG org.springframework.test.context.cache.DefaultCacheAwareContextLoaderDelegate - Retrieved ApplicationContext [1948863514] from cache with key [[MergedContextConfiguration@6d025d1d testClass = UserRepositoryTest, locations = '{}', classes = '{class org.waldreg.repository.user.MemoryUserRepository, class org.waldreg.repository.MemoryUserStorage, class org.waldreg.repository.user.UserMapper}', contextInitializerClasses = '[]', activeProfiles = '{}', propertySourceLocations = '{}', propertySourceProperties = '{}', contextCustomizers = set[org.springframework.boot.test.autoconfigure.actuate.metrics.MetricsExportContextCustomizerFactory$DisableMetricExportContextCustomizer@1fc32e4f, org.springframework.boot.test.autoconfigure.properties.PropertyMappingContextCustomizer@0, org.springframework.boot.test.autoconfigure.web.servlet.WebDriverContextCustomizerFactory$Customizer@5d066c7d, org.springframework.boot.test.context.filter.ExcludeFilterContextCustomizer@1603cd68, org.springframework.boot.test.json.DuplicateJsonObjectContextCustomizerFactory$DuplicateJsonObjectContextCustomizer@66c92293, org.springframework.boot.test.mock.mockito.MockitoContextCustomizer@307f9cca], contextLoader = 'org.springframework.test.context.support.DelegatingSmartContextLoader', parent = [null]]]
18:48:02.967 [Test worker] DEBUG org.springframework.test.context.cache - Spring test ApplicationContext cache statistics: [DefaultContextCache@5acc9fdf size = 3, maxSize = 32, parentContextCount = 0, hitCount = 243, missCount = 3]
18:48:02.968 [Test worker] DEBUG org.springframework.test.context.support.AbstractDirtiesContextTestExecutionListener - Before test method: context [DefaultTestContext@5e2a3040 testClass = UserRepositoryTest, testInstance = org.waldreg.repository.user.UserRepositoryTest@d8d9199, testMethod = UPDATE_USER_CHARACTER_SUCCESS_TEST@UserRepositoryTest, testException = [null], mergedContextConfiguration = [MergedContextConfiguration@6d025d1d testClass = UserRepositoryTest, locations = '{}', classes = '{class org.waldreg.repository.user.MemoryUserRepository, class org.waldreg.repository.MemoryUserStorage, class org.waldreg.repository.user.UserMapper}', contextInitializerClasses = '[]', activeProfiles = '{}', propertySourceLocations = '{}', propertySourceProperties = '{}', contextCustomizers = set[org.springframework.boot.test.autoconfigure.actuate.metrics.MetricsExportContextCustomizerFactory$DisableMetricExportContextCustomizer@1fc32e4f, org.springframework.boot.test.autoconfigure.properties.PropertyMappingContextCustomizer@0, org.springframework.boot.test.autoconfigure.web.servlet.WebDriverContextCustomizerFactory$Customizer@5d066c7d, org.springframework.boot.test.context.filter.ExcludeFilterContextCustomizer@1603cd68, org.springframework.boot.test.json.DuplicateJsonObjectContextCustomizerFactory$DuplicateJsonObjectContextCustomizer@66c92293, org.springframework.boot.test.mock.mockito.MockitoContextCustomizer@307f9cca], contextLoader = 'org.springframework.test.context.support.DelegatingSmartContextLoader', parent = [null]], attributes = map['org.springframework.test.context.event.ApplicationEventsTestExecutionListener.recordApplicationEvents' -> false]], class annotated with @DirtiesContext [false] with mode [null], method annotated with @DirtiesContext [false] with mode [null].
18:48:02.968 [Test worker] DEBUG org.springframework.test.context.cache.DefaultCacheAwareContextLoaderDelegate - Retrieved ApplicationContext [1948863514] from cache with key [[MergedContextConfiguration@6d025d1d testClass = UserRepositoryTest, locations = '{}', classes = '{class org.waldreg.repository.user.MemoryUserRepository, class org.waldreg.repository.MemoryUserStorage, class org.waldreg.repository.user.UserMapper}', contextInitializerClasses = '[]', activeProfiles = '{}', propertySourceLocations = '{}', propertySourceProperties = '{}', contextCustomizers = set[org.springframework.boot.test.autoconfigure.actuate.metrics.MetricsExportContextCustomizerFactory$DisableMetricExportContextCustomizer@1fc32e4f, org.springframework.boot.test.autoconfigure.properties.PropertyMappingContextCustomizer@0, org.springframework.boot.test.autoconfigure.web.servlet.WebDriverContextCustomizerFactory$Customizer@5d066c7d, org.springframework.boot.test.context.filter.ExcludeFilterContextCustomizer@1603cd68, org.springframework.boot.test.json.DuplicateJsonObjectContextCustomizerFactory$DuplicateJsonObjectContextCustomizer@66c92293, org.springframework.boot.test.mock.mockito.MockitoContextCustomizer@307f9cca], contextLoader = 'org.springframework.test.context.support.DelegatingSmartContextLoader', parent = [null]]]
18:48:02.968 [Test worker] DEBUG org.springframework.test.context.cache - Spring test ApplicationContext cache statistics: [DefaultContextCache@5acc9fdf size = 3, maxSize = 32, parentContextCount = 0, hitCount = 244, missCount = 3]
18:48:02.968 [Test worker] DEBUG org.springframework.test.context.cache.DefaultCacheAwareContextLoaderDelegate - Retrieved ApplicationContext [1948863514] from cache with key [[MergedContextConfiguration@6d025d1d testClass = UserRepositoryTest, locations = '{}', classes = '{class org.waldreg.repository.user.MemoryUserRepository, class org.waldreg.repository.MemoryUserStorage, class org.waldreg.repository.user.UserMapper}', contextInitializerClasses = '[]', activeProfiles = '{}', propertySourceLocations = '{}', propertySourceProperties = '{}', contextCustomizers = set[org.springframework.boot.test.autoconfigure.actuate.metrics.MetricsExportContextCustomizerFactory$DisableMetricExportContextCustomizer@1fc32e4f, org.springframework.boot.test.autoconfigure.properties.PropertyMappingContextCustomizer@0, org.springframework.boot.test.autoconfigure.web.servlet.WebDriverContextCustomizerFactory$Customizer@5d066c7d, org.springframework.boot.test.context.filter.ExcludeFilterContextCustomizer@1603cd68, org.springframework.boot.test.json.DuplicateJsonObjectContextCustomizerFactory$DuplicateJsonObjectContextCustomizer@66c92293, org.springframework.boot.test.mock.mockito.MockitoContextCustomizer@307f9cca], contextLoader = 'org.springframework.test.context.support.DelegatingSmartContextLoader', parent = [null]]]
18:48:02.968 [Test worker] DEBUG org.springframework.test.context.cache - Spring test ApplicationContext cache statistics: [DefaultContextCache@5acc9fdf size = 3, maxSize = 32, parentContextCount = 0, hitCount = 245, missCount = 3]
18:48:02.968 [Test worker] DEBUG org.springframework.test.context.cache.DefaultCacheAwareContextLoaderDelegate - Retrieved ApplicationContext [1948863514] from cache with key [[MergedContextConfiguration@6d025d1d testClass = UserRepositoryTest, locations = '{}', classes = '{class org.waldreg.repository.user.MemoryUserRepository, class org.waldreg.repository.MemoryUserStorage, class org.waldreg.repository.user.UserMapper}', contextInitializerClasses = '[]', activeProfiles = '{}', propertySourceLocations = '{}', propertySourceProperties = '{}', contextCustomizers = set[org.springframework.boot.test.autoconfigure.actuate.metrics.MetricsExportContextCustomizerFactory$DisableMetricExportContextCustomizer@1fc32e4f, org.springframework.boot.test.autoconfigure.properties.PropertyMappingContextCustomizer@0, org.springframework.boot.test.autoconfigure.web.servlet.WebDriverContextCustomizerFactory$Customizer@5d066c7d, org.springframework.boot.test.context.filter.ExcludeFilterContextCustomizer@1603cd68, org.springframework.boot.test.json.DuplicateJsonObjectContextCustomizerFactory$DuplicateJsonObjectContextCustomizer@66c92293, org.springframework.boot.test.mock.mockito.MockitoContextCustomizer@307f9cca], contextLoader = 'org.springframework.test.context.support.DelegatingSmartContextLoader', parent = [null]]]
18:48:02.968 [Test worker] DEBUG org.springframework.test.context.cache - Spring test ApplicationContext cache statistics: [DefaultContextCache@5acc9fdf size = 3, maxSize = 32, parentContextCount = 0, hitCount = 246, missCount = 3]
18:48:02.968 [Test worker] DEBUG org.springframework.test.context.cache.DefaultCacheAwareContextLoaderDelegate - Retrieved ApplicationContext [1948863514] from cache with key [[MergedContextConfiguration@6d025d1d testClass = UserRepositoryTest, locations = '{}', classes = '{class org.waldreg.repository.user.MemoryUserRepository, class org.waldreg.repository.MemoryUserStorage, class org.waldreg.repository.user.UserMapper}', contextInitializerClasses = '[]', activeProfiles = '{}', propertySourceLocations = '{}', propertySourceProperties = '{}', contextCustomizers = set[org.springframework.boot.test.autoconfigure.actuate.metrics.MetricsExportContextCustomizerFactory$DisableMetricExportContextCustomizer@1fc32e4f, org.springframework.boot.test.autoconfigure.properties.PropertyMappingContextCustomizer@0, org.springframework.boot.test.autoconfigure.web.servlet.WebDriverContextCustomizerFactory$Customizer@5d066c7d, org.springframework.boot.test.context.filter.ExcludeFilterContextCustomizer@1603cd68, org.springframework.boot.test.json.DuplicateJsonObjectContextCustomizerFactory$DuplicateJsonObjectContextCustomizer@66c92293, org.springframework.boot.test.mock.mockito.MockitoContextCustomizer@307f9cca], contextLoader = 'org.springframework.test.context.support.DelegatingSmartContextLoader', parent = [null]]]
18:48:02.968 [Test worker] DEBUG org.springframework.test.context.cache - Spring test ApplicationContext cache statistics: [DefaultContextCache@5acc9fdf size = 3, maxSize = 32, parentContextCount = 0, hitCount = 247, missCount = 3]
18:48:02.968 [Test worker] DEBUG org.springframework.test.context.cache.DefaultCacheAwareContextLoaderDelegate - Retrieved ApplicationContext [1948863514] from cache with key [[MergedContextConfiguration@6d025d1d testClass = UserRepositoryTest, locations = '{}', classes = '{class org.waldreg.repository.user.MemoryUserRepository, class org.waldreg.repository.MemoryUserStorage, class org.waldreg.repository.user.UserMapper}', contextInitializerClasses = '[]', activeProfiles = '{}', propertySourceLocations = '{}', propertySourceProperties = '{}', contextCustomizers = set[org.springframework.boot.test.autoconfigure.actuate.metrics.MetricsExportContextCustomizerFactory$DisableMetricExportContextCustomizer@1fc32e4f, org.springframework.boot.test.autoconfigure.properties.PropertyMappingContextCustomizer@0, org.springframework.boot.test.autoconfigure.web.servlet.WebDriverContextCustomizerFactory$Customizer@5d066c7d, org.springframework.boot.test.context.filter.ExcludeFilterContextCustomizer@1603cd68, org.springframework.boot.test.json.DuplicateJsonObjectContextCustomizerFactory$DuplicateJsonObjectContextCustomizer@66c92293, org.springframework.boot.test.mock.mockito.MockitoContextCustomizer@307f9cca], contextLoader = 'org.springframework.test.context.support.DelegatingSmartContextLoader', parent = [null]]]
18:48:02.968 [Test worker] DEBUG org.springframework.test.context.cache - Spring test ApplicationContext cache statistics: [DefaultContextCache@5acc9fdf size = 3, maxSize = 32, parentContextCount = 0, hitCount = 248, missCount = 3]
18:48:02.968 [Test worker] DEBUG org.springframework.test.context.cache.DefaultCacheAwareContextLoaderDelegate - Retrieved ApplicationContext [1948863514] from cache with key [[MergedContextConfiguration@6d025d1d testClass = UserRepositoryTest, locations = '{}', classes = '{class org.waldreg.repository.user.MemoryUserRepository, class org.waldreg.repository.MemoryUserStorage, class org.waldreg.repository.user.UserMapper}', contextInitializerClasses = '[]', activeProfiles = '{}', propertySourceLocations = '{}', propertySourceProperties = '{}', contextCustomizers = set[org.springframework.boot.test.autoconfigure.actuate.metrics.MetricsExportContextCustomizerFactory$DisableMetricExportContextCustomizer@1fc32e4f, org.springframework.boot.test.autoconfigure.properties.PropertyMappingContextCustomizer@0, org.springframework.boot.test.autoconfigure.web.servlet.WebDriverContextCustomizerFactory$Customizer@5d066c7d, org.springframework.boot.test.context.filter.ExcludeFilterContextCustomizer@1603cd68, org.springframework.boot.test.json.DuplicateJsonObjectContextCustomizerFactory$DuplicateJsonObjectContextCustomizer@66c92293, org.springframework.boot.test.mock.mockito.MockitoContextCustomizer@307f9cca], contextLoader = 'org.springframework.test.context.support.DelegatingSmartContextLoader', parent = [null]]]
18:48:02.969 [Test worker] DEBUG org.springframework.test.context.cache - Spring test ApplicationContext cache statistics: [DefaultContextCache@5acc9fdf size = 3, maxSize = 32, parentContextCount = 0, hitCount = 249, missCount = 3]
18:48:02.969 [Test worker] DEBUG org.springframework.test.context.cache.DefaultCacheAwareContextLoaderDelegate - Retrieved ApplicationContext [1948863514] from cache with key [[MergedContextConfiguration@6d025d1d testClass = UserRepositoryTest, locations = '{}', classes = '{class org.waldreg.repository.user.MemoryUserRepository, class org.waldreg.repository.MemoryUserStorage, class org.waldreg.repository.user.UserMapper}', contextInitializerClasses = '[]', activeProfiles = '{}', propertySourceLocations = '{}', propertySourceProperties = '{}', contextCustomizers = set[org.springframework.boot.test.autoconfigure.actuate.metrics.MetricsExportContextCustomizerFactory$DisableMetricExportContextCustomizer@1fc32e4f, org.springframework.boot.test.autoconfigure.properties.PropertyMappingContextCustomizer@0, org.springframework.boot.test.autoconfigure.web.servlet.WebDriverContextCustomizerFactory$Customizer@5d066c7d, org.springframework.boot.test.context.filter.ExcludeFilterContextCustomizer@1603cd68, org.springframework.boot.test.json.DuplicateJsonObjectContextCustomizerFactory$DuplicateJsonObjectContextCustomizer@66c92293, org.springframework.boot.test.mock.mockito.MockitoContextCustomizer@307f9cca], contextLoader = 'org.springframework.test.context.support.DelegatingSmartContextLoader', parent = [null]]]
18:48:02.969 [Test worker] DEBUG org.springframework.test.context.cache - Spring test ApplicationContext cache statistics: [DefaultContextCache@5acc9fdf size = 3, maxSize = 32, parentContextCount = 0, hitCount = 250, missCount = 3]
18:48:02.969 [Test worker] DEBUG org.springframework.test.context.cache.DefaultCacheAwareContextLoaderDelegate - Retrieved ApplicationContext [1948863514] from cache with key [[MergedContextConfiguration@6d025d1d testClass = UserRepositoryTest, locations = '{}', classes = '{class org.waldreg.repository.user.MemoryUserRepository, class org.waldreg.repository.MemoryUserStorage, class org.waldreg.repository.user.UserMapper}', contextInitializerClasses = '[]', activeProfiles = '{}', propertySourceLocations = '{}', propertySourceProperties = '{}', contextCustomizers = set[org.springframework.boot.test.autoconfigure.actuate.metrics.MetricsExportContextCustomizerFactory$DisableMetricExportContextCustomizer@1fc32e4f, org.springframework.boot.test.autoconfigure.properties.PropertyMappingContextCustomizer@0, org.springframework.boot.test.autoconfigure.web.servlet.WebDriverContextCustomizerFactory$Customizer@5d066c7d, org.springframework.boot.test.context.filter.ExcludeFilterContextCustomizer@1603cd68, org.springframework.boot.test.json.DuplicateJsonObjectContextCustomizerFactory$DuplicateJsonObjectContextCustomizer@66c92293, org.springframework.boot.test.mock.mockito.MockitoContextCustomizer@307f9cca], contextLoader = 'org.springframework.test.context.support.DelegatingSmartContextLoader', parent = [null]]]
18:48:02.969 [Test worker] DEBUG org.springframework.test.context.cache - Spring test ApplicationContext cache statistics: [DefaultContextCache@5acc9fdf size = 3, maxSize = 32, parentContextCount = 0, hitCount = 251, missCount = 3]
18:48:02.969 [Test worker] DEBUG org.springframework.test.context.cache.DefaultCacheAwareContextLoaderDelegate - Retrieved ApplicationContext [1948863514] from cache with key [[MergedContextConfiguration@6d025d1d testClass = UserRepositoryTest, locations = '{}', classes = '{class org.waldreg.repository.user.MemoryUserRepository, class org.waldreg.repository.MemoryUserStorage, class org.waldreg.repository.user.UserMapper}', contextInitializerClasses = '[]', activeProfiles = '{}', propertySourceLocations = '{}', propertySourceProperties = '{}', contextCustomizers = set[org.springframework.boot.test.autoconfigure.actuate.metrics.MetricsExportContextCustomizerFactory$DisableMetricExportContextCustomizer@1fc32e4f, org.springframework.boot.test.autoconfigure.properties.PropertyMappingContextCustomizer@0, org.springframework.boot.test.autoconfigure.web.servlet.WebDriverContextCustomizerFactory$Customizer@5d066c7d, org.springframework.boot.test.context.filter.ExcludeFilterContextCustomizer@1603cd68, org.springframework.boot.test.json.DuplicateJsonObjectContextCustomizerFactory$DuplicateJsonObjectContextCustomizer@66c92293, org.springframework.boot.test.mock.mockito.MockitoContextCustomizer@307f9cca], contextLoader = 'org.springframework.test.context.support.DelegatingSmartContextLoader', parent = [null]]]
18:48:02.969 [Test worker] DEBUG org.springframework.test.context.cache - Spring test ApplicationContext cache statistics: [DefaultContextCache@5acc9fdf size = 3, maxSize = 32, parentContextCount = 0, hitCount = 252, missCount = 3]
18:48:02.969 [Test worker] DEBUG org.springframework.test.context.support.AbstractDirtiesContextTestExecutionListener - After test method: context [DefaultTestContext@5e2a3040 testClass = UserRepositoryTest, testInstance = org.waldreg.repository.user.UserRepositoryTest@d8d9199, testMethod = UPDATE_USER_CHARACTER_SUCCESS_TEST@UserRepositoryTest, testException = [null], mergedContextConfiguration = [MergedContextConfiguration@6d025d1d testClass = UserRepositoryTest, locations = '{}', classes = '{class org.waldreg.repository.user.MemoryUserRepository, class org.waldreg.repository.MemoryUserStorage, class org.waldreg.repository.user.UserMapper}', contextInitializerClasses = '[]', activeProfiles = '{}', propertySourceLocations = '{}', propertySourceProperties = '{}', contextCustomizers = set[org.springframework.boot.test.autoconfigure.actuate.metrics.MetricsExportContextCustomizerFactory$DisableMetricExportContextCustomizer@1fc32e4f, org.springframework.boot.test.autoconfigure.properties.PropertyMappingContextCustomizer@0, org.springframework.boot.test.autoconfigure.web.servlet.WebDriverContextCustomizerFactory$Customizer@5d066c7d, org.springframework.boot.test.context.filter.ExcludeFilterContextCustomizer@1603cd68, org.springframework.boot.test.json.DuplicateJsonObjectContextCustomizerFactory$DuplicateJsonObjectContextCustomizer@66c92293, org.springframework.boot.test.mock.mockito.MockitoContextCustomizer@307f9cca], contextLoader = 'org.springframework.test.context.support.DelegatingSmartContextLoader', parent = [null]], attributes = map['org.springframework.test.context.event.ApplicationEventsTestExecutionListener.recordApplicationEvents' -> false]], class annotated with @DirtiesContext [false] with mode [null], method annotated with @DirtiesContext [false] with mode [null].
18:48:02.969 [Test worker] DEBUG org.springframework.test.context.cache.DefaultCacheAwareContextLoaderDelegate - Retrieved ApplicationContext [1948863514] from cache with key [[MergedContextConfiguration@6d025d1d testClass = UserRepositoryTest, locations = '{}', classes = '{class org.waldreg.repository.user.MemoryUserRepository, class org.waldreg.repository.MemoryUserStorage, class org.waldreg.repository.user.UserMapper}', contextInitializerClasses = '[]', activeProfiles = '{}', propertySourceLocations = '{}', propertySourceProperties = '{}', contextCustomizers = set[org.springframework.boot.test.autoconfigure.actuate.metrics.MetricsExportContextCustomizerFactory$DisableMetricExportContextCustomizer@1fc32e4f, org.springframework.boot.test.autoconfigure.properties.PropertyMappingContextCustomizer@0, org.springframework.boot.test.autoconfigure.web.servlet.WebDriverContextCustomizerFactory$Customizer@5d066c7d, org.springframework.boot.test.context.filter.ExcludeFilterContextCustomizer@1603cd68, org.springframework.boot.test.json.DuplicateJsonObjectContextCustomizerFactory$DuplicateJsonObjectContextCustomizer@66c92293, org.springframework.boot.test.mock.mockito.MockitoContextCustomizer@307f9cca], contextLoader = 'org.springframework.test.context.support.DelegatingSmartContextLoader', parent = [null]]]
18:48:02.969 [Test worker] DEBUG org.springframework.test.context.cache - Spring test ApplicationContext cache statistics: [DefaultContextCache@5acc9fdf size = 3, maxSize = 32, parentContextCount = 0, hitCount = 253, missCount = 3]
18:48:02.969 [Test worker] DEBUG org.springframework.test.context.support.DependencyInjectionTestExecutionListener - Performing dependency injection for test context [[DefaultTestContext@5e2a3040 testClass = UserRepositoryTest, testInstance = org.waldreg.repository.user.UserRepositoryTest@3901f6af, testMethod = [null], testException = [null], mergedContextConfiguration = [MergedContextConfiguration@6d025d1d testClass = UserRepositoryTest, locations = '{}', classes = '{class org.waldreg.repository.user.MemoryUserRepository, class org.waldreg.repository.MemoryUserStorage, class org.waldreg.repository.user.UserMapper}', contextInitializerClasses = '[]', activeProfiles = '{}', propertySourceLocations = '{}', propertySourceProperties = '{}', contextCustomizers = set[org.springframework.boot.test.autoconfigure.actuate.metrics.MetricsExportContextCustomizerFactory$DisableMetricExportContextCustomizer@1fc32e4f, org.springframework.boot.test.autoconfigure.properties.PropertyMappingContextCustomizer@0, org.springframework.boot.test.autoconfigure.web.servlet.WebDriverContextCustomizerFactory$Customizer@5d066c7d, org.springframework.boot.test.context.filter.ExcludeFilterContextCustomizer@1603cd68, org.springframework.boot.test.json.DuplicateJsonObjectContextCustomizerFactory$DuplicateJsonObjectContextCustomizer@66c92293, org.springframework.boot.test.mock.mockito.MockitoContextCustomizer@307f9cca], contextLoader = 'org.springframework.test.context.support.DelegatingSmartContextLoader', parent = [null]], attributes = map['org.springframework.test.context.event.ApplicationEventsTestExecutionListener.recordApplicationEvents' -> false]]].
18:48:02.969 [Test worker] DEBUG org.springframework.test.context.cache.DefaultCacheAwareContextLoaderDelegate - Retrieved ApplicationContext [1948863514] from cache with key [[MergedContextConfiguration@6d025d1d testClass = UserRepositoryTest, locations = '{}', classes = '{class org.waldreg.repository.user.MemoryUserRepository, class org.waldreg.repository.MemoryUserStorage, class org.waldreg.repository.user.UserMapper}', contextInitializerClasses = '[]', activeProfiles = '{}', propertySourceLocations = '{}', propertySourceProperties = '{}', contextCustomizers = set[org.springframework.boot.test.autoconfigure.actuate.metrics.MetricsExportContextCustomizerFactory$DisableMetricExportContextCustomizer@1fc32e4f, org.springframework.boot.test.autoconfigure.properties.PropertyMappingContextCustomizer@0, org.springframework.boot.test.autoconfigure.web.servlet.WebDriverContextCustomizerFactory$Customizer@5d066c7d, org.springframework.boot.test.context.filter.ExcludeFilterContextCustomizer@1603cd68, org.springframework.boot.test.json.DuplicateJsonObjectContextCustomizerFactory$DuplicateJsonObjectContextCustomizer@66c92293, org.springframework.boot.test.mock.mockito.MockitoContextCustomizer@307f9cca], contextLoader = 'org.springframework.test.context.support.DelegatingSmartContextLoader', parent = [null]]]
18:48:02.969 [Test worker] DEBUG org.springframework.test.context.cache - Spring test ApplicationContext cache statistics: [DefaultContextCache@5acc9fdf size = 3, maxSize = 32, parentContextCount = 0, hitCount = 254, missCount = 3]
18:48:02.969 [Test worker] DEBUG org.springframework.test.context.cache.DefaultCacheAwareContextLoaderDelegate - Retrieved ApplicationContext [1948863514] from cache with key [[MergedContextConfiguration@6d025d1d testClass = UserRepositoryTest, locations = '{}', classes = '{class org.waldreg.repository.user.MemoryUserRepository, class org.waldreg.repository.MemoryUserStorage, class org.waldreg.repository.user.UserMapper}', contextInitializerClasses = '[]', activeProfiles = '{}', propertySourceLocations = '{}', propertySourceProperties = '{}', contextCustomizers = set[org.springframework.boot.test.autoconfigure.actuate.metrics.MetricsExportContextCustomizerFactory$DisableMetricExportContextCustomizer@1fc32e4f, org.springframework.boot.test.autoconfigure.properties.PropertyMappingContextCustomizer@0, org.springframework.boot.test.autoconfigure.web.servlet.WebDriverContextCustomizerFactory$Customizer@5d066c7d, org.springframework.boot.test.context.filter.ExcludeFilterContextCustomizer@1603cd68, org.springframework.boot.test.json.DuplicateJsonObjectContextCustomizerFactory$DuplicateJsonObjectContextCustomizer@66c92293, org.springframework.boot.test.mock.mockito.MockitoContextCustomizer@307f9cca], contextLoader = 'org.springframework.test.context.support.DelegatingSmartContextLoader', parent = [null]]]
18:48:02.969 [Test worker] DEBUG org.springframework.test.context.cache - Spring test ApplicationContext cache statistics: [DefaultContextCache@5acc9fdf size = 3, maxSize = 32, parentContextCount = 0, hitCount = 255, missCount = 3]
18:48:02.969 [Test worker] DEBUG org.springframework.test.context.support.AbstractDirtiesContextTestExecutionListener - Before test method: context [DefaultTestContext@5e2a3040 testClass = UserRepositoryTest, testInstance = org.waldreg.repository.user.UserRepositoryTest@3901f6af, testMethod = READ_SPECIFIC_USER_FAIL_UNKNOWN_USER_ID_TEST@UserRepositoryTest, testException = [null], mergedContextConfiguration = [MergedContextConfiguration@6d025d1d testClass = UserRepositoryTest, locations = '{}', classes = '{class org.waldreg.repository.user.MemoryUserRepository, class org.waldreg.repository.MemoryUserStorage, class org.waldreg.repository.user.UserMapper}', contextInitializerClasses = '[]', activeProfiles = '{}', propertySourceLocations = '{}', propertySourceProperties = '{}', contextCustomizers = set[org.springframework.boot.test.autoconfigure.actuate.metrics.MetricsExportContextCustomizerFactory$DisableMetricExportContextCustomizer@1fc32e4f, org.springframework.boot.test.autoconfigure.properties.PropertyMappingContextCustomizer@0, org.springframework.boot.test.autoconfigure.web.servlet.WebDriverContextCustomizerFactory$Customizer@5d066c7d, org.springframework.boot.test.context.filter.ExcludeFilterContextCustomizer@1603cd68, org.springframework.boot.test.json.DuplicateJsonObjectContextCustomizerFactory$DuplicateJsonObjectContextCustomizer@66c92293, org.springframework.boot.test.mock.mockito.MockitoContextCustomizer@307f9cca], contextLoader = 'org.springframework.test.context.support.DelegatingSmartContextLoader', parent = [null]], attributes = map['org.springframework.test.context.event.ApplicationEventsTestExecutionListener.recordApplicationEvents' -> false]], class annotated with @DirtiesContext [false] with mode [null], method annotated with @DirtiesContext [false] with mode [null].
18:48:02.970 [Test worker] DEBUG org.springframework.test.context.cache.DefaultCacheAwareContextLoaderDelegate - Retrieved ApplicationContext [1948863514] from cache with key [[MergedContextConfiguration@6d025d1d testClass = UserRepositoryTest, locations = '{}', classes = '{class org.waldreg.repository.user.MemoryUserRepository, class org.waldreg.repository.MemoryUserStorage, class org.waldreg.repository.user.UserMapper}', contextInitializerClasses = '[]', activeProfiles = '{}', propertySourceLocations = '{}', propertySourceProperties = '{}', contextCustomizers = set[org.springframework.boot.test.autoconfigure.actuate.metrics.MetricsExportContextCustomizerFactory$DisableMetricExportContextCustomizer@1fc32e4f, org.springframework.boot.test.autoconfigure.properties.PropertyMappingContextCustomizer@0, org.springframework.boot.test.autoconfigure.web.servlet.WebDriverContextCustomizerFactory$Customizer@5d066c7d, org.springframework.boot.test.context.filter.ExcludeFilterContextCustomizer@1603cd68, org.springframework.boot.test.json.DuplicateJsonObjectContextCustomizerFactory$DuplicateJsonObjectContextCustomizer@66c92293, org.springframework.boot.test.mock.mockito.MockitoContextCustomizer@307f9cca], contextLoader = 'org.springframework.test.context.support.DelegatingSmartContextLoader', parent = [null]]]
18:48:02.970 [Test worker] DEBUG org.springframework.test.context.cache - Spring test ApplicationContext cache statistics: [DefaultContextCache@5acc9fdf size = 3, maxSize = 32, parentContextCount = 0, hitCount = 256, missCount = 3]
18:48:02.970 [Test worker] DEBUG org.springframework.test.context.cache.DefaultCacheAwareContextLoaderDelegate - Retrieved ApplicationContext [1948863514] from cache with key [[MergedContextConfiguration@6d025d1d testClass = UserRepositoryTest, locations = '{}', classes = '{class org.waldreg.repository.user.MemoryUserRepository, class org.waldreg.repository.MemoryUserStorage, class org.waldreg.repository.user.UserMapper}', contextInitializerClasses = '[]', activeProfiles = '{}', propertySourceLocations = '{}', propertySourceProperties = '{}', contextCustomizers = set[org.springframework.boot.test.autoconfigure.actuate.metrics.MetricsExportContextCustomizerFactory$DisableMetricExportContextCustomizer@1fc32e4f, org.springframework.boot.test.autoconfigure.properties.PropertyMappingContextCustomizer@0, org.springframework.boot.test.autoconfigure.web.servlet.WebDriverContextCustomizerFactory$Customizer@5d066c7d, org.springframework.boot.test.context.filter.ExcludeFilterContextCustomizer@1603cd68, org.springframework.boot.test.json.DuplicateJsonObjectContextCustomizerFactory$DuplicateJsonObjectContextCustomizer@66c92293, org.springframework.boot.test.mock.mockito.MockitoContextCustomizer@307f9cca], contextLoader = 'org.springframework.test.context.support.DelegatingSmartContextLoader', parent = [null]]]
18:48:02.970 [Test worker] DEBUG org.springframework.test.context.cache - Spring test ApplicationContext cache statistics: [DefaultContextCache@5acc9fdf size = 3, maxSize = 32, parentContextCount = 0, hitCount = 257, missCount = 3]
18:48:02.970 [Test worker] DEBUG org.springframework.test.context.cache.DefaultCacheAwareContextLoaderDelegate - Retrieved ApplicationContext [1948863514] from cache with key [[MergedContextConfiguration@6d025d1d testClass = UserRepositoryTest, locations = '{}', classes = '{class org.waldreg.repository.user.MemoryUserRepository, class org.waldreg.repository.MemoryUserStorage, class org.waldreg.repository.user.UserMapper}', contextInitializerClasses = '[]', activeProfiles = '{}', propertySourceLocations = '{}', propertySourceProperties = '{}', contextCustomizers = set[org.springframework.boot.test.autoconfigure.actuate.metrics.MetricsExportContextCustomizerFactory$DisableMetricExportContextCustomizer@1fc32e4f, org.springframework.boot.test.autoconfigure.properties.PropertyMappingContextCustomizer@0, org.springframework.boot.test.autoconfigure.web.servlet.WebDriverContextCustomizerFactory$Customizer@5d066c7d, org.springframework.boot.test.context.filter.ExcludeFilterContextCustomizer@1603cd68, org.springframework.boot.test.json.DuplicateJsonObjectContextCustomizerFactory$DuplicateJsonObjectContextCustomizer@66c92293, org.springframework.boot.test.mock.mockito.MockitoContextCustomizer@307f9cca], contextLoader = 'org.springframework.test.context.support.DelegatingSmartContextLoader', parent = [null]]]
18:48:02.970 [Test worker] DEBUG org.springframework.test.context.cache - Spring test ApplicationContext cache statistics: [DefaultContextCache@5acc9fdf size = 3, maxSize = 32, parentContextCount = 0, hitCount = 258, missCount = 3]
18:48:02.970 [Test worker] DEBUG org.springframework.test.context.cache.DefaultCacheAwareContextLoaderDelegate - Retrieved ApplicationContext [1948863514] from cache with key [[MergedContextConfiguration@6d025d1d testClass = UserRepositoryTest, locations = '{}', classes = '{class org.waldreg.repository.user.MemoryUserRepository, class org.waldreg.repository.MemoryUserStorage, class org.waldreg.repository.user.UserMapper}', contextInitializerClasses = '[]', activeProfiles = '{}', propertySourceLocations = '{}', propertySourceProperties = '{}', contextCustomizers = set[org.springframework.boot.test.autoconfigure.actuate.metrics.MetricsExportContextCustomizerFactory$DisableMetricExportContextCustomizer@1fc32e4f, org.springframework.boot.test.autoconfigure.properties.PropertyMappingContextCustomizer@0, org.springframework.boot.test.autoconfigure.web.servlet.WebDriverContextCustomizerFactory$Customizer@5d066c7d, org.springframework.boot.test.context.filter.ExcludeFilterContextCustomizer@1603cd68, org.springframework.boot.test.json.DuplicateJsonObjectContextCustomizerFactory$DuplicateJsonObjectContextCustomizer@66c92293, org.springframework.boot.test.mock.mockito.MockitoContextCustomizer@307f9cca], contextLoader = 'org.springframework.test.context.support.DelegatingSmartContextLoader', parent = [null]]]
18:48:02.970 [Test worker] DEBUG org.springframework.test.context.cache - Spring test ApplicationContext cache statistics: [DefaultContextCache@5acc9fdf size = 3, maxSize = 32, parentContextCount = 0, hitCount = 259, missCount = 3]
18:48:02.970 [Test worker] DEBUG org.springframework.test.context.cache.DefaultCacheAwareContextLoaderDelegate - Retrieved ApplicationContext [1948863514] from cache with key [[MergedContextConfiguration@6d025d1d testClass = UserRepositoryTest, locations = '{}', classes = '{class org.waldreg.repository.user.MemoryUserRepository, class org.waldreg.repository.MemoryUserStorage, class org.waldreg.repository.user.UserMapper}', contextInitializerClasses = '[]', activeProfiles = '{}', propertySourceLocations = '{}', propertySourceProperties = '{}', contextCustomizers = set[org.springframework.boot.test.autoconfigure.actuate.metrics.MetricsExportContextCustomizerFactory$DisableMetricExportContextCustomizer@1fc32e4f, org.springframework.boot.test.autoconfigure.properties.PropertyMappingContextCustomizer@0, org.springframework.boot.test.autoconfigure.web.servlet.WebDriverContextCustomizerFactory$Customizer@5d066c7d, org.springframework.boot.test.context.filter.ExcludeFilterContextCustomizer@1603cd68, org.springframework.boot.test.json.DuplicateJsonObjectContextCustomizerFactory$DuplicateJsonObjectContextCustomizer@66c92293, org.springframework.boot.test.mock.mockito.MockitoContextCustomizer@307f9cca], contextLoader = 'org.springframework.test.context.support.DelegatingSmartContextLoader', parent = [null]]]
18:48:02.970 [Test worker] DEBUG org.springframework.test.context.cache - Spring test ApplicationContext cache statistics: [DefaultContextCache@5acc9fdf size = 3, maxSize = 32, parentContextCount = 0, hitCount = 260, missCount = 3]
18:48:02.970 [Test worker] DEBUG org.springframework.test.context.cache.DefaultCacheAwareContextLoaderDelegate - Retrieved ApplicationContext [1948863514] from cache with key [[MergedContextConfiguration@6d025d1d testClass = UserRepositoryTest, locations = '{}', classes = '{class org.waldreg.repository.user.MemoryUserRepository, class org.waldreg.repository.MemoryUserStorage, class org.waldreg.repository.user.UserMapper}', contextInitializerClasses = '[]', activeProfiles = '{}', propertySourceLocations = '{}', propertySourceProperties = '{}', contextCustomizers = set[org.springframework.boot.test.autoconfigure.actuate.metrics.MetricsExportContextCustomizerFactory$DisableMetricExportContextCustomizer@1fc32e4f, org.springframework.boot.test.autoconfigure.properties.PropertyMappingContextCustomizer@0, org.springframework.boot.test.autoconfigure.web.servlet.WebDriverContextCustomizerFactory$Customizer@5d066c7d, org.springframework.boot.test.context.filter.ExcludeFilterContextCustomizer@1603cd68, org.springframework.boot.test.json.DuplicateJsonObjectContextCustomizerFactory$DuplicateJsonObjectContextCustomizer@66c92293, org.springframework.boot.test.mock.mockito.MockitoContextCustomizer@307f9cca], contextLoader = 'org.springframework.test.context.support.DelegatingSmartContextLoader', parent = [null]]]
18:48:02.970 [Test worker] DEBUG org.springframework.test.context.cache - Spring test ApplicationContext cache statistics: [DefaultContextCache@5acc9fdf size = 3, maxSize = 32, parentContextCount = 0, hitCount = 261, missCount = 3]
18:48:02.970 [Test worker] DEBUG org.springframework.test.context.cache.DefaultCacheAwareContextLoaderDelegate - Retrieved ApplicationContext [1948863514] from cache with key [[MergedContextConfiguration@6d025d1d testClass = UserRepositoryTest, locations = '{}', classes = '{class org.waldreg.repository.user.MemoryUserRepository, class org.waldreg.repository.MemoryUserStorage, class org.waldreg.repository.user.UserMapper}', contextInitializerClasses = '[]', activeProfiles = '{}', propertySourceLocations = '{}', propertySourceProperties = '{}', contextCustomizers = set[org.springframework.boot.test.autoconfigure.actuate.metrics.MetricsExportContextCustomizerFactory$DisableMetricExportContextCustomizer@1fc32e4f, org.springframework.boot.test.autoconfigure.properties.PropertyMappingContextCustomizer@0, org.springframework.boot.test.autoconfigure.web.servlet.WebDriverContextCustomizerFactory$Customizer@5d066c7d, org.springframework.boot.test.context.filter.ExcludeFilterContextCustomizer@1603cd68, org.springframework.boot.test.json.DuplicateJsonObjectContextCustomizerFactory$DuplicateJsonObjectContextCustomizer@66c92293, org.springframework.boot.test.mock.mockito.MockitoContextCustomizer@307f9cca], contextLoader = 'org.springframework.test.context.support.DelegatingSmartContextLoader', parent = [null]]]
18:48:02.970 [Test worker] DEBUG org.springframework.test.context.cache - Spring test ApplicationContext cache statistics: [DefaultContextCache@5acc9fdf size = 3, maxSize = 32, parentContextCount = 0, hitCount = 262, missCount = 3]
18:48:02.970 [Test worker] DEBUG org.springframework.test.context.cache.DefaultCacheAwareContextLoaderDelegate - Retrieved ApplicationContext [1948863514] from cache with key [[MergedContextConfiguration@6d025d1d testClass = UserRepositoryTest, locations = '{}', classes = '{class org.waldreg.repository.user.MemoryUserRepository, class org.waldreg.repository.MemoryUserStorage, class org.waldreg.repository.user.UserMapper}', contextInitializerClasses = '[]', activeProfiles = '{}', propertySourceLocations = '{}', propertySourceProperties = '{}', contextCustomizers = set[org.springframework.boot.test.autoconfigure.actuate.metrics.MetricsExportContextCustomizerFactory$DisableMetricExportContextCustomizer@1fc32e4f, org.springframework.boot.test.autoconfigure.properties.PropertyMappingContextCustomizer@0, org.springframework.boot.test.autoconfigure.web.servlet.WebDriverContextCustomizerFactory$Customizer@5d066c7d, org.springframework.boot.test.context.filter.ExcludeFilterContextCustomizer@1603cd68, org.springframework.boot.test.json.DuplicateJsonObjectContextCustomizerFactory$DuplicateJsonObjectContextCustomizer@66c92293, org.springframework.boot.test.mock.mockito.MockitoContextCustomizer@307f9cca], contextLoader = 'org.springframework.test.context.support.DelegatingSmartContextLoader', parent = [null]]]
18:48:02.970 [Test worker] DEBUG org.springframework.test.context.cache - Spring test ApplicationContext cache statistics: [DefaultContextCache@5acc9fdf size = 3, maxSize = 32, parentContextCount = 0, hitCount = 263, missCount = 3]
18:48:02.971 [Test worker] DEBUG org.springframework.test.context.cache.DefaultCacheAwareContextLoaderDelegate - Retrieved ApplicationContext [1948863514] from cache with key [[MergedContextConfiguration@6d025d1d testClass = UserRepositoryTest, locations = '{}', classes = '{class org.waldreg.repository.user.MemoryUserRepository, class org.waldreg.repository.MemoryUserStorage, class org.waldreg.repository.user.UserMapper}', contextInitializerClasses = '[]', activeProfiles = '{}', propertySourceLocations = '{}', propertySourceProperties = '{}', contextCustomizers = set[org.springframework.boot.test.autoconfigure.actuate.metrics.MetricsExportContextCustomizerFactory$DisableMetricExportContextCustomizer@1fc32e4f, org.springframework.boot.test.autoconfigure.properties.PropertyMappingContextCustomizer@0, org.springframework.boot.test.autoconfigure.web.servlet.WebDriverContextCustomizerFactory$Customizer@5d066c7d, org.springframework.boot.test.context.filter.ExcludeFilterContextCustomizer@1603cd68, org.springframework.boot.test.json.DuplicateJsonObjectContextCustomizerFactory$DuplicateJsonObjectContextCustomizer@66c92293, org.springframework.boot.test.mock.mockito.MockitoContextCustomizer@307f9cca], contextLoader = 'org.springframework.test.context.support.DelegatingSmartContextLoader', parent = [null]]]
18:48:02.971 [Test worker] DEBUG org.springframework.test.context.cache - Spring test ApplicationContext cache statistics: [DefaultContextCache@5acc9fdf size = 3, maxSize = 32, parentContextCount = 0, hitCount = 264, missCount = 3]
18:48:02.971 [Test worker] DEBUG org.springframework.test.context.support.AbstractDirtiesContextTestExecutionListener - After test method: context [DefaultTestContext@5e2a3040 testClass = UserRepositoryTest, testInstance = org.waldreg.repository.user.UserRepositoryTest@3901f6af, testMethod = READ_SPECIFIC_USER_FAIL_UNKNOWN_USER_ID_TEST@UserRepositoryTest, testException = [null], mergedContextConfiguration = [MergedContextConfiguration@6d025d1d testClass = UserRepositoryTest, locations = '{}', classes = '{class org.waldreg.repository.user.MemoryUserRepository, class org.waldreg.repository.MemoryUserStorage, class org.waldreg.repository.user.UserMapper}', contextInitializerClasses = '[]', activeProfiles = '{}', propertySourceLocations = '{}', propertySourceProperties = '{}', contextCustomizers = set[org.springframework.boot.test.autoconfigure.actuate.metrics.MetricsExportContextCustomizerFactory$DisableMetricExportContextCustomizer@1fc32e4f, org.springframework.boot.test.autoconfigure.properties.PropertyMappingContextCustomizer@0, org.springframework.boot.test.autoconfigure.web.servlet.WebDriverContextCustomizerFactory$Customizer@5d066c7d, org.springframework.boot.test.context.filter.ExcludeFilterContextCustomizer@1603cd68, org.springframework.boot.test.json.DuplicateJsonObjectContextCustomizerFactory$DuplicateJsonObjectContextCustomizer@66c92293, org.springframework.boot.test.mock.mockito.MockitoContextCustomizer@307f9cca], contextLoader = 'org.springframework.test.context.support.DelegatingSmartContextLoader', parent = [null]], attributes = map['org.springframework.test.context.event.ApplicationEventsTestExecutionListener.recordApplicationEvents' -> false]], class annotated with @DirtiesContext [false] with mode [null], method annotated with @DirtiesContext [false] with mode [null].
18:48:02.971 [Test worker] DEBUG org.springframework.test.context.cache.DefaultCacheAwareContextLoaderDelegate - Retrieved ApplicationContext [1948863514] from cache with key [[MergedContextConfiguration@6d025d1d testClass = UserRepositoryTest, locations = '{}', classes = '{class org.waldreg.repository.user.MemoryUserRepository, class org.waldreg.repository.MemoryUserStorage, class org.waldreg.repository.user.UserMapper}', contextInitializerClasses = '[]', activeProfiles = '{}', propertySourceLocations = '{}', propertySourceProperties = '{}', contextCustomizers = set[org.springframework.boot.test.autoconfigure.actuate.metrics.MetricsExportContextCustomizerFactory$DisableMetricExportContextCustomizer@1fc32e4f, org.springframework.boot.test.autoconfigure.properties.PropertyMappingContextCustomizer@0, org.springframework.boot.test.autoconfigure.web.servlet.WebDriverContextCustomizerFactory$Customizer@5d066c7d, org.springframework.boot.test.context.filter.ExcludeFilterContextCustomizer@1603cd68, org.springframework.boot.test.json.DuplicateJsonObjectContextCustomizerFactory$DuplicateJsonObjectContextCustomizer@66c92293, org.springframework.boot.test.mock.mockito.MockitoContextCustomizer@307f9cca], contextLoader = 'org.springframework.test.context.support.DelegatingSmartContextLoader', parent = [null]]]
18:48:02.971 [Test worker] DEBUG org.springframework.test.context.cache - Spring test ApplicationContext cache statistics: [DefaultContextCache@5acc9fdf size = 3, maxSize = 32, parentContextCount = 0, hitCount = 265, missCount = 3]
18:48:02.971 [Test worker] DEBUG org.springframework.test.context.support.AbstractDirtiesContextTestExecutionListener - After test class: context [DefaultTestContext@5e2a3040 testClass = UserRepositoryTest, testInstance = [null], testMethod = [null], testException = [null], mergedContextConfiguration = [MergedContextConfiguration@6d025d1d testClass = UserRepositoryTest, locations = '{}', classes = '{class org.waldreg.repository.user.MemoryUserRepository, class org.waldreg.repository.MemoryUserStorage, class org.waldreg.repository.user.UserMapper}', contextInitializerClasses = '[]', activeProfiles = '{}', propertySourceLocations = '{}', propertySourceProperties = '{}', contextCustomizers = set[org.springframework.boot.test.autoconfigure.actuate.metrics.MetricsExportContextCustomizerFactory$DisableMetricExportContextCustomizer@1fc32e4f, org.springframework.boot.test.autoconfigure.properties.PropertyMappingContextCustomizer@0, org.springframework.boot.test.autoconfigure.web.servlet.WebDriverContextCustomizerFactory$Customizer@5d066c7d, org.springframework.boot.test.context.filter.ExcludeFilterContextCustomizer@1603cd68, org.springframework.boot.test.json.DuplicateJsonObjectContextCustomizerFactory$DuplicateJsonObjectContextCustomizer@66c92293, org.springframework.boot.test.mock.mockito.MockitoContextCustomizer@307f9cca], contextLoader = 'org.springframework.test.context.support.DelegatingSmartContextLoader', parent = [null]], attributes = map['org.springframework.test.context.event.ApplicationEventsTestExecutionListener.recordApplicationEvents' -> false]], class annotated with @DirtiesContext [false] with mode [null].
]]></system-out>
  <system-err><![CDATA[]]></system-err>
</testsuite>
