<?xml version="1.0" encoding="UTF-8"?>
<testsuite name="org.waldreg.repository.board.BoardRepositoryTest" tests="1" skipped="0" failures="0" errors="0" timestamp="2023-02-02T10:04:26" hostname="LINIRINILINRIN" time="0.36">
  <properties/>
  <testcase name="새로운 보드 생성 성공 테스트" classname="org.waldreg.repository.board.BoardRepositoryTest" time="0.36"/>
  <system-out><![CDATA[19:04:26.612 [Test worker] DEBUG org.springframework.test.context.BootstrapUtils - Instantiating CacheAwareContextLoaderDelegate from class [org.springframework.test.context.cache.DefaultCacheAwareContextLoaderDelegate]
19:04:26.621 [Test worker] DEBUG org.springframework.test.context.BootstrapUtils - Instantiating BootstrapContext using constructor [public org.springframework.test.context.support.DefaultBootstrapContext(java.lang.Class,org.springframework.test.context.CacheAwareContextLoaderDelegate)]
19:04:26.642 [Test worker] DEBUG org.springframework.test.context.BootstrapUtils - Instantiating TestContextBootstrapper for test class [org.waldreg.repository.board.BoardRepositoryTest] from class [org.springframework.test.context.support.DefaultTestContextBootstrapper]
19:04:26.661 [Test worker] DEBUG org.springframework.test.context.support.AbstractDelegatingSmartContextLoader - Delegating to AnnotationConfigContextLoader to process context configuration [ContextConfigurationAttributes@74a6a609 declaringClass = 'org.waldreg.repository.board.BoardRepositoryTest', classes = '{class org.waldreg.repository.board.MemoryBoardRepository, class org.waldreg.repository.MemoryBoardStorage, class org.waldreg.repository.user.MemoryUserRepository, class org.waldreg.repository.MemoryUserStorage, class org.waldreg.repository.character.MemoryCharacterRepository, class org.waldreg.repository.MemoryCharacterStorage, class org.waldreg.repository.board.BoardMapper, class org.waldreg.repository.user.UserMapper, class org.waldreg.repository.character.CharacterMapper}', locations = '{}', inheritLocations = true, initializers = '{}', inheritInitializers = true, name = [null], contextLoaderClass = 'org.springframework.test.context.ContextLoader'].
19:04:26.696 [Test worker] DEBUG org.springframework.test.context.support.ActiveProfilesUtils - Could not find an 'annotation declaring class' for annotation type [org.springframework.test.context.ActiveProfiles] and class [org.waldreg.repository.board.BoardRepositoryTest]
19:04:26.697 [Test worker] DEBUG org.springframework.test.context.support.DefaultTestContextBootstrapper - @TestExecutionListeners is not present for class [org.waldreg.repository.board.BoardRepositoryTest]: using defaults.
19:04:26.697 [Test worker] INFO org.springframework.test.context.support.DefaultTestContextBootstrapper - Loaded default TestExecutionListener class names from location [META-INF/spring.factories]: [org.springframework.boot.test.autoconfigure.restdocs.RestDocsTestExecutionListener, org.springframework.boot.test.autoconfigure.web.client.MockRestServiceServerResetTestExecutionListener, org.springframework.boot.test.autoconfigure.web.servlet.MockMvcPrintOnlyOnFailureTestExecutionListener, org.springframework.boot.test.autoconfigure.web.servlet.WebDriverTestExecutionListener, org.springframework.boot.test.autoconfigure.webservices.client.MockWebServiceServerTestExecutionListener, org.springframework.boot.test.mock.mockito.MockitoTestExecutionListener, org.springframework.boot.test.mock.mockito.ResetMocksTestExecutionListener, org.springframework.test.context.web.ServletTestExecutionListener, org.springframework.test.context.support.DirtiesContextBeforeModesTestExecutionListener, org.springframework.test.context.event.ApplicationEventsTestExecutionListener, org.springframework.test.context.support.DependencyInjectionTestExecutionListener, org.springframework.test.context.support.DirtiesContextTestExecutionListener, org.springframework.test.context.transaction.TransactionalTestExecutionListener, org.springframework.test.context.jdbc.SqlScriptsTestExecutionListener, org.springframework.test.context.event.EventPublishingTestExecutionListener]
19:04:26.705 [Test worker] DEBUG org.springframework.test.context.support.DefaultTestContextBootstrapper - Skipping candidate TestExecutionListener [org.springframework.test.context.transaction.TransactionalTestExecutionListener] due to a missing dependency. Specify custom listener classes or make the default listener classes and their required dependencies available. Offending class: [org/springframework/transaction/interceptor/TransactionAttributeSource]
19:04:26.705 [Test worker] DEBUG org.springframework.test.context.support.DefaultTestContextBootstrapper - Skipping candidate TestExecutionListener [org.springframework.test.context.jdbc.SqlScriptsTestExecutionListener] due to a missing dependency. Specify custom listener classes or make the default listener classes and their required dependencies available. Offending class: [org/springframework/transaction/interceptor/TransactionAttribute]
19:04:26.705 [Test worker] INFO org.springframework.test.context.support.DefaultTestContextBootstrapper - Using TestExecutionListeners: [org.springframework.test.context.web.ServletTestExecutionListener@5b11a194, org.springframework.test.context.support.DirtiesContextBeforeModesTestExecutionListener@37bd68c3, org.springframework.test.context.event.ApplicationEventsTestExecutionListener@60f7cc1d, org.springframework.boot.test.mock.mockito.MockitoTestExecutionListener@11eadcba, org.springframework.test.context.support.DependencyInjectionTestExecutionListener@4721d212, org.springframework.test.context.support.DirtiesContextTestExecutionListener@1b065145, org.springframework.test.context.event.EventPublishingTestExecutionListener@45cff11c, org.springframework.boot.test.autoconfigure.restdocs.RestDocsTestExecutionListener@207ea13, org.springframework.boot.test.autoconfigure.web.client.MockRestServiceServerResetTestExecutionListener@4bff1903, org.springframework.boot.test.autoconfigure.web.servlet.MockMvcPrintOnlyOnFailureTestExecutionListener@62dae540, org.springframework.boot.test.autoconfigure.web.servlet.WebDriverTestExecutionListener@5827af16, org.springframework.boot.test.autoconfigure.webservices.client.MockWebServiceServerTestExecutionListener@654d8173, org.springframework.boot.test.mock.mockito.ResetMocksTestExecutionListener@56c9bbd8]
19:04:26.708 [Test worker] DEBUG org.springframework.test.context.support.AbstractDirtiesContextTestExecutionListener - Before test class: context [DefaultTestContext@5b057c8c testClass = BoardRepositoryTest, testInstance = [null], testMethod = [null], testException = [null], mergedContextConfiguration = [MergedContextConfiguration@1eb6749b testClass = BoardRepositoryTest, locations = '{}', classes = '{class org.waldreg.repository.board.MemoryBoardRepository, class org.waldreg.repository.MemoryBoardStorage, class org.waldreg.repository.user.MemoryUserRepository, class org.waldreg.repository.MemoryUserStorage, class org.waldreg.repository.character.MemoryCharacterRepository, class org.waldreg.repository.MemoryCharacterStorage, class org.waldreg.repository.board.BoardMapper, class org.waldreg.repository.user.UserMapper, class org.waldreg.repository.character.CharacterMapper}', contextInitializerClasses = '[]', activeProfiles = '{}', propertySourceLocations = '{}', propertySourceProperties = '{}', contextCustomizers = set[org.springframework.boot.test.autoconfigure.actuate.metrics.MetricsExportContextCustomizerFactory$DisableMetricExportContextCustomizer@3e7634b9, org.springframework.boot.test.autoconfigure.properties.PropertyMappingContextCustomizer@0, org.springframework.boot.test.autoconfigure.web.servlet.WebDriverContextCustomizerFactory$Customizer@2bd2b28e, org.springframework.boot.test.context.filter.ExcludeFilterContextCustomizer@674658f7, org.springframework.boot.test.json.DuplicateJsonObjectContextCustomizerFactory$DuplicateJsonObjectContextCustomizer@58c34bb3, org.springframework.boot.test.mock.mockito.MockitoContextCustomizer@0], contextLoader = 'org.springframework.test.context.support.DelegatingSmartContextLoader', parent = [null]], attributes = map[[empty]]], class annotated with @DirtiesContext [false] with mode [null].
19:04:26.717 [Test worker] DEBUG org.springframework.test.context.support.DependencyInjectionTestExecutionListener - Performing dependency injection for test context [[DefaultTestContext@5b057c8c testClass = BoardRepositoryTest, testInstance = org.waldreg.repository.board.BoardRepositoryTest@33e01298, testMethod = [null], testException = [null], mergedContextConfiguration = [MergedContextConfiguration@1eb6749b testClass = BoardRepositoryTest, locations = '{}', classes = '{class org.waldreg.repository.board.MemoryBoardRepository, class org.waldreg.repository.MemoryBoardStorage, class org.waldreg.repository.user.MemoryUserRepository, class org.waldreg.repository.MemoryUserStorage, class org.waldreg.repository.character.MemoryCharacterRepository, class org.waldreg.repository.MemoryCharacterStorage, class org.waldreg.repository.board.BoardMapper, class org.waldreg.repository.user.UserMapper, class org.waldreg.repository.character.CharacterMapper}', contextInitializerClasses = '[]', activeProfiles = '{}', propertySourceLocations = '{}', propertySourceProperties = '{}', contextCustomizers = set[org.springframework.boot.test.autoconfigure.actuate.metrics.MetricsExportContextCustomizerFactory$DisableMetricExportContextCustomizer@3e7634b9, org.springframework.boot.test.autoconfigure.properties.PropertyMappingContextCustomizer@0, org.springframework.boot.test.autoconfigure.web.servlet.WebDriverContextCustomizerFactory$Customizer@2bd2b28e, org.springframework.boot.test.context.filter.ExcludeFilterContextCustomizer@674658f7, org.springframework.boot.test.json.DuplicateJsonObjectContextCustomizerFactory$DuplicateJsonObjectContextCustomizer@58c34bb3, org.springframework.boot.test.mock.mockito.MockitoContextCustomizer@0], contextLoader = 'org.springframework.test.context.support.DelegatingSmartContextLoader', parent = [null]], attributes = map['org.springframework.test.context.event.ApplicationEventsTestExecutionListener.recordApplicationEvents' -> false]]].
19:04:26.718 [Test worker] DEBUG org.springframework.test.context.support.AbstractDelegatingSmartContextLoader - Delegating to AnnotationConfigContextLoader to load context from [MergedContextConfiguration@1eb6749b testClass = BoardRepositoryTest, locations = '{}', classes = '{class org.waldreg.repository.board.MemoryBoardRepository, class org.waldreg.repository.MemoryBoardStorage, class org.waldreg.repository.user.MemoryUserRepository, class org.waldreg.repository.MemoryUserStorage, class org.waldreg.repository.character.MemoryCharacterRepository, class org.waldreg.repository.MemoryCharacterStorage, class org.waldreg.repository.board.BoardMapper, class org.waldreg.repository.user.UserMapper, class org.waldreg.repository.character.CharacterMapper}', contextInitializerClasses = '[]', activeProfiles = '{}', propertySourceLocations = '{}', propertySourceProperties = '{}', contextCustomizers = set[org.springframework.boot.test.autoconfigure.actuate.metrics.MetricsExportContextCustomizerFactory$DisableMetricExportContextCustomizer@3e7634b9, org.springframework.boot.test.autoconfigure.properties.PropertyMappingContextCustomizer@0, org.springframework.boot.test.autoconfigure.web.servlet.WebDriverContextCustomizerFactory$Customizer@2bd2b28e, org.springframework.boot.test.context.filter.ExcludeFilterContextCustomizer@674658f7, org.springframework.boot.test.json.DuplicateJsonObjectContextCustomizerFactory$DuplicateJsonObjectContextCustomizer@58c34bb3, org.springframework.boot.test.mock.mockito.MockitoContextCustomizer@0], contextLoader = 'org.springframework.test.context.support.DelegatingSmartContextLoader', parent = [null]].
19:04:26.718 [Test worker] DEBUG org.springframework.test.context.support.AbstractGenericContextLoader - Loading ApplicationContext for merged context configuration [[MergedContextConfiguration@1eb6749b testClass = BoardRepositoryTest, locations = '{}', classes = '{class org.waldreg.repository.board.MemoryBoardRepository, class org.waldreg.repository.MemoryBoardStorage, class org.waldreg.repository.user.MemoryUserRepository, class org.waldreg.repository.MemoryUserStorage, class org.waldreg.repository.character.MemoryCharacterRepository, class org.waldreg.repository.MemoryCharacterStorage, class org.waldreg.repository.board.BoardMapper, class org.waldreg.repository.user.UserMapper, class org.waldreg.repository.character.CharacterMapper}', contextInitializerClasses = '[]', activeProfiles = '{}', propertySourceLocations = '{}', propertySourceProperties = '{}', contextCustomizers = set[org.springframework.boot.test.autoconfigure.actuate.metrics.MetricsExportContextCustomizerFactory$DisableMetricExportContextCustomizer@3e7634b9, org.springframework.boot.test.autoconfigure.properties.PropertyMappingContextCustomizer@0, org.springframework.boot.test.autoconfigure.web.servlet.WebDriverContextCustomizerFactory$Customizer@2bd2b28e, org.springframework.boot.test.context.filter.ExcludeFilterContextCustomizer@674658f7, org.springframework.boot.test.json.DuplicateJsonObjectContextCustomizerFactory$DuplicateJsonObjectContextCustomizer@58c34bb3, org.springframework.boot.test.mock.mockito.MockitoContextCustomizer@0], contextLoader = 'org.springframework.test.context.support.DelegatingSmartContextLoader', parent = [null]]].
19:04:26.746 [Test worker] DEBUG org.springframework.core.env.StandardEnvironment - Activating profiles []
19:04:26.746 [Test worker] DEBUG org.springframework.test.context.support.AnnotationConfigContextLoader - Registering component classes: {class org.waldreg.repository.board.MemoryBoardRepository, class org.waldreg.repository.MemoryBoardStorage, class org.waldreg.repository.user.MemoryUserRepository, class org.waldreg.repository.MemoryUserStorage, class org.waldreg.repository.character.MemoryCharacterRepository, class org.waldreg.repository.MemoryCharacterStorage, class org.waldreg.repository.board.BoardMapper, class org.waldreg.repository.user.UserMapper, class org.waldreg.repository.character.CharacterMapper}
19:04:26.779 [Test worker] DEBUG org.springframework.context.support.GenericApplicationContext - Refreshing org.springframework.context.support.GenericApplicationContext@3e8f7922
19:04:26.791 [Test worker] DEBUG org.springframework.beans.factory.support.DefaultListableBeanFactory - Creating shared instance of singleton bean 'org.springframework.context.annotation.internalConfigurationAnnotationProcessor'
19:04:26.829 [Test worker] DEBUG org.springframework.beans.factory.support.DefaultListableBeanFactory - Creating shared instance of singleton bean 'org.springframework.boot.test.mock.mockito.MockitoPostProcessor'
19:04:26.857 [Test worker] DEBUG org.springframework.beans.factory.support.DefaultListableBeanFactory - Creating shared instance of singleton bean 'org.springframework.context.event.internalEventListenerProcessor'
19:04:26.858 [Test worker] DEBUG org.springframework.beans.factory.support.DefaultListableBeanFactory - Creating shared instance of singleton bean 'org.springframework.context.event.internalEventListenerFactory'
19:04:26.860 [Test worker] DEBUG org.springframework.beans.factory.support.DefaultListableBeanFactory - Creating shared instance of singleton bean 'org.springframework.context.annotation.internalAutowiredAnnotationProcessor'
19:04:26.861 [Test worker] DEBUG org.springframework.beans.factory.support.DefaultListableBeanFactory - Creating shared instance of singleton bean 'org.springframework.context.annotation.internalCommonAnnotationProcessor'
19:04:26.864 [Test worker] DEBUG org.springframework.beans.factory.support.DefaultListableBeanFactory - Creating shared instance of singleton bean 'org.springframework.boot.test.mock.mockito.MockitoPostProcessor$SpyPostProcessor'
19:04:26.875 [Test worker] DEBUG org.springframework.beans.factory.support.DefaultListableBeanFactory - Creating shared instance of singleton bean 'memoryBoardRepository'
19:04:26.885 [Test worker] DEBUG org.springframework.beans.factory.support.DefaultListableBeanFactory - Creating shared instance of singleton bean 'memoryBoardStorage'
19:04:26.907 [Test worker] DEBUG org.springframework.beans.factory.support.DefaultListableBeanFactory - Creating shared instance of singleton bean 'memoryUserStorage'
19:04:26.909 [Test worker] DEBUG org.springframework.beans.factory.support.DefaultListableBeanFactory - Creating shared instance of singleton bean 'memoryCharacterStorage'
19:04:26.911 [Test worker] DEBUG org.springframework.beans.factory.support.DefaultListableBeanFactory - Autowiring by type from bean name 'memoryUserStorage' via constructor to bean named 'memoryCharacterStorage'
19:04:26.913 [Test worker] DEBUG org.springframework.beans.factory.support.DefaultListableBeanFactory - Creating shared instance of singleton bean 'boardMapper'
19:04:26.914 [Test worker] DEBUG org.springframework.beans.factory.support.DefaultListableBeanFactory - Autowiring by type from bean name 'memoryBoardRepository' via constructor to bean named 'memoryBoardStorage'
19:04:26.914 [Test worker] DEBUG org.springframework.beans.factory.support.DefaultListableBeanFactory - Autowiring by type from bean name 'memoryBoardRepository' via constructor to bean named 'memoryUserStorage'
19:04:26.914 [Test worker] DEBUG org.springframework.beans.factory.support.DefaultListableBeanFactory - Autowiring by type from bean name 'memoryBoardRepository' via constructor to bean named 'boardMapper'
19:04:26.919 [Test worker] DEBUG org.springframework.beans.factory.support.DefaultListableBeanFactory - Creating shared instance of singleton bean 'memoryUserRepository'
19:04:26.921 [Test worker] DEBUG org.springframework.beans.factory.support.DefaultListableBeanFactory - Creating shared instance of singleton bean 'userMapper'
19:04:26.922 [Test worker] DEBUG org.springframework.beans.factory.support.DefaultListableBeanFactory - Autowiring by type from bean name 'memoryUserRepository' via constructor to bean named 'userMapper'
19:04:26.923 [Test worker] DEBUG org.springframework.beans.factory.support.DefaultListableBeanFactory - Autowiring by type from bean name 'memoryUserRepository' via constructor to bean named 'memoryUserStorage'
19:04:26.923 [Test worker] DEBUG org.springframework.beans.factory.support.DefaultListableBeanFactory - Autowiring by type from bean name 'memoryUserRepository' via constructor to bean named 'memoryCharacterStorage'
19:04:26.925 [Test worker] DEBUG org.springframework.beans.factory.support.DefaultListableBeanFactory - Creating shared instance of singleton bean 'memoryCharacterRepository'
19:04:26.927 [Test worker] DEBUG org.springframework.beans.factory.support.DefaultListableBeanFactory - Creating shared instance of singleton bean 'characterMapper'
19:04:26.928 [Test worker] DEBUG org.springframework.beans.factory.support.DefaultListableBeanFactory - Autowiring by type from bean name 'memoryCharacterRepository' via constructor to bean named 'memoryCharacterStorage'
19:04:26.928 [Test worker] DEBUG org.springframework.beans.factory.support.DefaultListableBeanFactory - Autowiring by type from bean name 'memoryCharacterRepository' via constructor to bean named 'memoryUserStorage'
19:04:26.928 [Test worker] DEBUG org.springframework.beans.factory.support.DefaultListableBeanFactory - Autowiring by type from bean name 'memoryCharacterRepository' via constructor to bean named 'characterMapper'
19:04:26.941 [Test worker] DEBUG org.springframework.test.context.cache.DefaultCacheAwareContextLoaderDelegate - Storing ApplicationContext [1049590050] in cache under key [[MergedContextConfiguration@1eb6749b testClass = BoardRepositoryTest, locations = '{}', classes = '{class org.waldreg.repository.board.MemoryBoardRepository, class org.waldreg.repository.MemoryBoardStorage, class org.waldreg.repository.user.MemoryUserRepository, class org.waldreg.repository.MemoryUserStorage, class org.waldreg.repository.character.MemoryCharacterRepository, class org.waldreg.repository.MemoryCharacterStorage, class org.waldreg.repository.board.BoardMapper, class org.waldreg.repository.user.UserMapper, class org.waldreg.repository.character.CharacterMapper}', contextInitializerClasses = '[]', activeProfiles = '{}', propertySourceLocations = '{}', propertySourceProperties = '{}', contextCustomizers = set[org.springframework.boot.test.autoconfigure.actuate.metrics.MetricsExportContextCustomizerFactory$DisableMetricExportContextCustomizer@3e7634b9, org.springframework.boot.test.autoconfigure.properties.PropertyMappingContextCustomizer@0, org.springframework.boot.test.autoconfigure.web.servlet.WebDriverContextCustomizerFactory$Customizer@2bd2b28e, org.springframework.boot.test.context.filter.ExcludeFilterContextCustomizer@674658f7, org.springframework.boot.test.json.DuplicateJsonObjectContextCustomizerFactory$DuplicateJsonObjectContextCustomizer@58c34bb3, org.springframework.boot.test.mock.mockito.MockitoContextCustomizer@0], contextLoader = 'org.springframework.test.context.support.DelegatingSmartContextLoader', parent = [null]]]
19:04:26.941 [Test worker] DEBUG org.springframework.test.context.cache - Spring test ApplicationContext cache statistics: [DefaultContextCache@44d70181 size = 1, maxSize = 32, parentContextCount = 0, hitCount = 0, missCount = 1]
19:04:26.947 [Test worker] DEBUG org.springframework.test.context.cache.DefaultCacheAwareContextLoaderDelegate - Retrieved ApplicationContext [1049590050] from cache with key [[MergedContextConfiguration@1eb6749b testClass = BoardRepositoryTest, locations = '{}', classes = '{class org.waldreg.repository.board.MemoryBoardRepository, class org.waldreg.repository.MemoryBoardStorage, class org.waldreg.repository.user.MemoryUserRepository, class org.waldreg.repository.MemoryUserStorage, class org.waldreg.repository.character.MemoryCharacterRepository, class org.waldreg.repository.MemoryCharacterStorage, class org.waldreg.repository.board.BoardMapper, class org.waldreg.repository.user.UserMapper, class org.waldreg.repository.character.CharacterMapper}', contextInitializerClasses = '[]', activeProfiles = '{}', propertySourceLocations = '{}', propertySourceProperties = '{}', contextCustomizers = set[org.springframework.boot.test.autoconfigure.actuate.metrics.MetricsExportContextCustomizerFactory$DisableMetricExportContextCustomizer@3e7634b9, org.springframework.boot.test.autoconfigure.properties.PropertyMappingContextCustomizer@0, org.springframework.boot.test.autoconfigure.web.servlet.WebDriverContextCustomizerFactory$Customizer@2bd2b28e, org.springframework.boot.test.context.filter.ExcludeFilterContextCustomizer@674658f7, org.springframework.boot.test.json.DuplicateJsonObjectContextCustomizerFactory$DuplicateJsonObjectContextCustomizer@58c34bb3, org.springframework.boot.test.mock.mockito.MockitoContextCustomizer@0], contextLoader = 'org.springframework.test.context.support.DelegatingSmartContextLoader', parent = [null]]]
19:04:26.947 [Test worker] DEBUG org.springframework.test.context.cache - Spring test ApplicationContext cache statistics: [DefaultContextCache@44d70181 size = 1, maxSize = 32, parentContextCount = 0, hitCount = 1, missCount = 1]
19:04:26.951 [Test worker] DEBUG org.springframework.test.context.support.AbstractDirtiesContextTestExecutionListener - Before test method: context [DefaultTestContext@5b057c8c testClass = BoardRepositoryTest, testInstance = org.waldreg.repository.board.BoardRepositoryTest@33e01298, testMethod = CREATE_NEW_BOARD_SUCCESS_TEST@BoardRepositoryTest, testException = [null], mergedContextConfiguration = [MergedContextConfiguration@1eb6749b testClass = BoardRepositoryTest, locations = '{}', classes = '{class org.waldreg.repository.board.MemoryBoardRepository, class org.waldreg.repository.MemoryBoardStorage, class org.waldreg.repository.user.MemoryUserRepository, class org.waldreg.repository.MemoryUserStorage, class org.waldreg.repository.character.MemoryCharacterRepository, class org.waldreg.repository.MemoryCharacterStorage, class org.waldreg.repository.board.BoardMapper, class org.waldreg.repository.user.UserMapper, class org.waldreg.repository.character.CharacterMapper}', contextInitializerClasses = '[]', activeProfiles = '{}', propertySourceLocations = '{}', propertySourceProperties = '{}', contextCustomizers = set[org.springframework.boot.test.autoconfigure.actuate.metrics.MetricsExportContextCustomizerFactory$DisableMetricExportContextCustomizer@3e7634b9, org.springframework.boot.test.autoconfigure.properties.PropertyMappingContextCustomizer@0, org.springframework.boot.test.autoconfigure.web.servlet.WebDriverContextCustomizerFactory$Customizer@2bd2b28e, org.springframework.boot.test.context.filter.ExcludeFilterContextCustomizer@674658f7, org.springframework.boot.test.json.DuplicateJsonObjectContextCustomizerFactory$DuplicateJsonObjectContextCustomizer@58c34bb3, org.springframework.boot.test.mock.mockito.MockitoContextCustomizer@0], contextLoader = 'org.springframework.test.context.support.DelegatingSmartContextLoader', parent = [null]], attributes = map['org.springframework.test.context.event.ApplicationEventsTestExecutionListener.recordApplicationEvents' -> false]], class annotated with @DirtiesContext [false] with mode [null], method annotated with @DirtiesContext [false] with mode [null].
19:04:26.952 [Test worker] DEBUG org.springframework.test.context.cache.DefaultCacheAwareContextLoaderDelegate - Retrieved ApplicationContext [1049590050] from cache with key [[MergedContextConfiguration@1eb6749b testClass = BoardRepositoryTest, locations = '{}', classes = '{class org.waldreg.repository.board.MemoryBoardRepository, class org.waldreg.repository.MemoryBoardStorage, class org.waldreg.repository.user.MemoryUserRepository, class org.waldreg.repository.MemoryUserStorage, class org.waldreg.repository.character.MemoryCharacterRepository, class org.waldreg.repository.MemoryCharacterStorage, class org.waldreg.repository.board.BoardMapper, class org.waldreg.repository.user.UserMapper, class org.waldreg.repository.character.CharacterMapper}', contextInitializerClasses = '[]', activeProfiles = '{}', propertySourceLocations = '{}', propertySourceProperties = '{}', contextCustomizers = set[org.springframework.boot.test.autoconfigure.actuate.metrics.MetricsExportContextCustomizerFactory$DisableMetricExportContextCustomizer@3e7634b9, org.springframework.boot.test.autoconfigure.properties.PropertyMappingContextCustomizer@0, org.springframework.boot.test.autoconfigure.web.servlet.WebDriverContextCustomizerFactory$Customizer@2bd2b28e, org.springframework.boot.test.context.filter.ExcludeFilterContextCustomizer@674658f7, org.springframework.boot.test.json.DuplicateJsonObjectContextCustomizerFactory$DuplicateJsonObjectContextCustomizer@58c34bb3, org.springframework.boot.test.mock.mockito.MockitoContextCustomizer@0], contextLoader = 'org.springframework.test.context.support.DelegatingSmartContextLoader', parent = [null]]]
19:04:26.952 [Test worker] DEBUG org.springframework.test.context.cache - Spring test ApplicationContext cache statistics: [DefaultContextCache@44d70181 size = 1, maxSize = 32, parentContextCount = 0, hitCount = 2, missCount = 1]
19:04:26.953 [Test worker] DEBUG org.springframework.test.context.cache.DefaultCacheAwareContextLoaderDelegate - Retrieved ApplicationContext [1049590050] from cache with key [[MergedContextConfiguration@1eb6749b testClass = BoardRepositoryTest, locations = '{}', classes = '{class org.waldreg.repository.board.MemoryBoardRepository, class org.waldreg.repository.MemoryBoardStorage, class org.waldreg.repository.user.MemoryUserRepository, class org.waldreg.repository.MemoryUserStorage, class org.waldreg.repository.character.MemoryCharacterRepository, class org.waldreg.repository.MemoryCharacterStorage, class org.waldreg.repository.board.BoardMapper, class org.waldreg.repository.user.UserMapper, class org.waldreg.repository.character.CharacterMapper}', contextInitializerClasses = '[]', activeProfiles = '{}', propertySourceLocations = '{}', propertySourceProperties = '{}', contextCustomizers = set[org.springframework.boot.test.autoconfigure.actuate.metrics.MetricsExportContextCustomizerFactory$DisableMetricExportContextCustomizer@3e7634b9, org.springframework.boot.test.autoconfigure.properties.PropertyMappingContextCustomizer@0, org.springframework.boot.test.autoconfigure.web.servlet.WebDriverContextCustomizerFactory$Customizer@2bd2b28e, org.springframework.boot.test.context.filter.ExcludeFilterContextCustomizer@674658f7, org.springframework.boot.test.json.DuplicateJsonObjectContextCustomizerFactory$DuplicateJsonObjectContextCustomizer@58c34bb3, org.springframework.boot.test.mock.mockito.MockitoContextCustomizer@0], contextLoader = 'org.springframework.test.context.support.DelegatingSmartContextLoader', parent = [null]]]
19:04:26.953 [Test worker] DEBUG org.springframework.test.context.cache - Spring test ApplicationContext cache statistics: [DefaultContextCache@44d70181 size = 1, maxSize = 32, parentContextCount = 0, hitCount = 3, missCount = 1]
19:04:27.244 [Test worker] DEBUG org.springframework.test.context.cache.DefaultCacheAwareContextLoaderDelegate - Retrieved ApplicationContext [1049590050] from cache with key [[MergedContextConfiguration@1eb6749b testClass = BoardRepositoryTest, locations = '{}', classes = '{class org.waldreg.repository.board.MemoryBoardRepository, class org.waldreg.repository.MemoryBoardStorage, class org.waldreg.repository.user.MemoryUserRepository, class org.waldreg.repository.MemoryUserStorage, class org.waldreg.repository.character.MemoryCharacterRepository, class org.waldreg.repository.MemoryCharacterStorage, class org.waldreg.repository.board.BoardMapper, class org.waldreg.repository.user.UserMapper, class org.waldreg.repository.character.CharacterMapper}', contextInitializerClasses = '[]', activeProfiles = '{}', propertySourceLocations = '{}', propertySourceProperties = '{}', contextCustomizers = set[org.springframework.boot.test.autoconfigure.actuate.metrics.MetricsExportContextCustomizerFactory$DisableMetricExportContextCustomizer@3e7634b9, org.springframework.boot.test.autoconfigure.properties.PropertyMappingContextCustomizer@0, org.springframework.boot.test.autoconfigure.web.servlet.WebDriverContextCustomizerFactory$Customizer@2bd2b28e, org.springframework.boot.test.context.filter.ExcludeFilterContextCustomizer@674658f7, org.springframework.boot.test.json.DuplicateJsonObjectContextCustomizerFactory$DuplicateJsonObjectContextCustomizer@58c34bb3, org.springframework.boot.test.mock.mockito.MockitoContextCustomizer@0], contextLoader = 'org.springframework.test.context.support.DelegatingSmartContextLoader', parent = [null]]]
19:04:27.244 [Test worker] DEBUG org.springframework.test.context.cache - Spring test ApplicationContext cache statistics: [DefaultContextCache@44d70181 size = 1, maxSize = 32, parentContextCount = 0, hitCount = 4, missCount = 1]
######TIER_3
19:04:27.280 [Test worker] DEBUG org.springframework.test.context.cache.DefaultCacheAwareContextLoaderDelegate - Retrieved ApplicationContext [1049590050] from cache with key [[MergedContextConfiguration@1eb6749b testClass = BoardRepositoryTest, locations = '{}', classes = '{class org.waldreg.repository.board.MemoryBoardRepository, class org.waldreg.repository.MemoryBoardStorage, class org.waldreg.repository.user.MemoryUserRepository, class org.waldreg.repository.MemoryUserStorage, class org.waldreg.repository.character.MemoryCharacterRepository, class org.waldreg.repository.MemoryCharacterStorage, class org.waldreg.repository.board.BoardMapper, class org.waldreg.repository.user.UserMapper, class org.waldreg.repository.character.CharacterMapper}', contextInitializerClasses = '[]', activeProfiles = '{}', propertySourceLocations = '{}', propertySourceProperties = '{}', contextCustomizers = set[org.springframework.boot.test.autoconfigure.actuate.metrics.MetricsExportContextCustomizerFactory$DisableMetricExportContextCustomizer@3e7634b9, org.springframework.boot.test.autoconfigure.properties.PropertyMappingContextCustomizer@0, org.springframework.boot.test.autoconfigure.web.servlet.WebDriverContextCustomizerFactory$Customizer@2bd2b28e, org.springframework.boot.test.context.filter.ExcludeFilterContextCustomizer@674658f7, org.springframework.boot.test.json.DuplicateJsonObjectContextCustomizerFactory$DuplicateJsonObjectContextCustomizer@58c34bb3, org.springframework.boot.test.mock.mockito.MockitoContextCustomizer@0], contextLoader = 'org.springframework.test.context.support.DelegatingSmartContextLoader', parent = [null]]]
19:04:27.280 [Test worker] DEBUG org.springframework.test.context.cache - Spring test ApplicationContext cache statistics: [DefaultContextCache@44d70181 size = 1, maxSize = 32, parentContextCount = 0, hitCount = 5, missCount = 1]
19:04:27.282 [Test worker] DEBUG org.springframework.test.context.cache.DefaultCacheAwareContextLoaderDelegate - Retrieved ApplicationContext [1049590050] from cache with key [[MergedContextConfiguration@1eb6749b testClass = BoardRepositoryTest, locations = '{}', classes = '{class org.waldreg.repository.board.MemoryBoardRepository, class org.waldreg.repository.MemoryBoardStorage, class org.waldreg.repository.user.MemoryUserRepository, class org.waldreg.repository.MemoryUserStorage, class org.waldreg.repository.character.MemoryCharacterRepository, class org.waldreg.repository.MemoryCharacterStorage, class org.waldreg.repository.board.BoardMapper, class org.waldreg.repository.user.UserMapper, class org.waldreg.repository.character.CharacterMapper}', contextInitializerClasses = '[]', activeProfiles = '{}', propertySourceLocations = '{}', propertySourceProperties = '{}', contextCustomizers = set[org.springframework.boot.test.autoconfigure.actuate.metrics.MetricsExportContextCustomizerFactory$DisableMetricExportContextCustomizer@3e7634b9, org.springframework.boot.test.autoconfigure.properties.PropertyMappingContextCustomizer@0, org.springframework.boot.test.autoconfigure.web.servlet.WebDriverContextCustomizerFactory$Customizer@2bd2b28e, org.springframework.boot.test.context.filter.ExcludeFilterContextCustomizer@674658f7, org.springframework.boot.test.json.DuplicateJsonObjectContextCustomizerFactory$DuplicateJsonObjectContextCustomizer@58c34bb3, org.springframework.boot.test.mock.mockito.MockitoContextCustomizer@0], contextLoader = 'org.springframework.test.context.support.DelegatingSmartContextLoader', parent = [null]]]
19:04:27.282 [Test worker] DEBUG org.springframework.test.context.cache - Spring test ApplicationContext cache statistics: [DefaultContextCache@44d70181 size = 1, maxSize = 32, parentContextCount = 0, hitCount = 6, missCount = 1]
19:04:27.292 [Test worker] DEBUG org.springframework.test.context.cache.DefaultCacheAwareContextLoaderDelegate - Retrieved ApplicationContext [1049590050] from cache with key [[MergedContextConfiguration@1eb6749b testClass = BoardRepositoryTest, locations = '{}', classes = '{class org.waldreg.repository.board.MemoryBoardRepository, class org.waldreg.repository.MemoryBoardStorage, class org.waldreg.repository.user.MemoryUserRepository, class org.waldreg.repository.MemoryUserStorage, class org.waldreg.repository.character.MemoryCharacterRepository, class org.waldreg.repository.MemoryCharacterStorage, class org.waldreg.repository.board.BoardMapper, class org.waldreg.repository.user.UserMapper, class org.waldreg.repository.character.CharacterMapper}', contextInitializerClasses = '[]', activeProfiles = '{}', propertySourceLocations = '{}', propertySourceProperties = '{}', contextCustomizers = set[org.springframework.boot.test.autoconfigure.actuate.metrics.MetricsExportContextCustomizerFactory$DisableMetricExportContextCustomizer@3e7634b9, org.springframework.boot.test.autoconfigure.properties.PropertyMappingContextCustomizer@0, org.springframework.boot.test.autoconfigure.web.servlet.WebDriverContextCustomizerFactory$Customizer@2bd2b28e, org.springframework.boot.test.context.filter.ExcludeFilterContextCustomizer@674658f7, org.springframework.boot.test.json.DuplicateJsonObjectContextCustomizerFactory$DuplicateJsonObjectContextCustomizer@58c34bb3, org.springframework.boot.test.mock.mockito.MockitoContextCustomizer@0], contextLoader = 'org.springframework.test.context.support.DelegatingSmartContextLoader', parent = [null]]]
19:04:27.293 [Test worker] DEBUG org.springframework.test.context.cache - Spring test ApplicationContext cache statistics: [DefaultContextCache@44d70181 size = 1, maxSize = 32, parentContextCount = 0, hitCount = 7, missCount = 1]
19:04:27.293 [Test worker] DEBUG org.springframework.test.context.cache.DefaultCacheAwareContextLoaderDelegate - Retrieved ApplicationContext [1049590050] from cache with key [[MergedContextConfiguration@1eb6749b testClass = BoardRepositoryTest, locations = '{}', classes = '{class org.waldreg.repository.board.MemoryBoardRepository, class org.waldreg.repository.MemoryBoardStorage, class org.waldreg.repository.user.MemoryUserRepository, class org.waldreg.repository.MemoryUserStorage, class org.waldreg.repository.character.MemoryCharacterRepository, class org.waldreg.repository.MemoryCharacterStorage, class org.waldreg.repository.board.BoardMapper, class org.waldreg.repository.user.UserMapper, class org.waldreg.repository.character.CharacterMapper}', contextInitializerClasses = '[]', activeProfiles = '{}', propertySourceLocations = '{}', propertySourceProperties = '{}', contextCustomizers = set[org.springframework.boot.test.autoconfigure.actuate.metrics.MetricsExportContextCustomizerFactory$DisableMetricExportContextCustomizer@3e7634b9, org.springframework.boot.test.autoconfigure.properties.PropertyMappingContextCustomizer@0, org.springframework.boot.test.autoconfigure.web.servlet.WebDriverContextCustomizerFactory$Customizer@2bd2b28e, org.springframework.boot.test.context.filter.ExcludeFilterContextCustomizer@674658f7, org.springframework.boot.test.json.DuplicateJsonObjectContextCustomizerFactory$DuplicateJsonObjectContextCustomizer@58c34bb3, org.springframework.boot.test.mock.mockito.MockitoContextCustomizer@0], contextLoader = 'org.springframework.test.context.support.DelegatingSmartContextLoader', parent = [null]]]
19:04:27.293 [Test worker] DEBUG org.springframework.test.context.cache - Spring test ApplicationContext cache statistics: [DefaultContextCache@44d70181 size = 1, maxSize = 32, parentContextCount = 0, hitCount = 8, missCount = 1]
19:04:27.298 [Test worker] DEBUG org.springframework.test.context.cache.DefaultCacheAwareContextLoaderDelegate - Retrieved ApplicationContext [1049590050] from cache with key [[MergedContextConfiguration@1eb6749b testClass = BoardRepositoryTest, locations = '{}', classes = '{class org.waldreg.repository.board.MemoryBoardRepository, class org.waldreg.repository.MemoryBoardStorage, class org.waldreg.repository.user.MemoryUserRepository, class org.waldreg.repository.MemoryUserStorage, class org.waldreg.repository.character.MemoryCharacterRepository, class org.waldreg.repository.MemoryCharacterStorage, class org.waldreg.repository.board.BoardMapper, class org.waldreg.repository.user.UserMapper, class org.waldreg.repository.character.CharacterMapper}', contextInitializerClasses = '[]', activeProfiles = '{}', propertySourceLocations = '{}', propertySourceProperties = '{}', contextCustomizers = set[org.springframework.boot.test.autoconfigure.actuate.metrics.MetricsExportContextCustomizerFactory$DisableMetricExportContextCustomizer@3e7634b9, org.springframework.boot.test.autoconfigure.properties.PropertyMappingContextCustomizer@0, org.springframework.boot.test.autoconfigure.web.servlet.WebDriverContextCustomizerFactory$Customizer@2bd2b28e, org.springframework.boot.test.context.filter.ExcludeFilterContextCustomizer@674658f7, org.springframework.boot.test.json.DuplicateJsonObjectContextCustomizerFactory$DuplicateJsonObjectContextCustomizer@58c34bb3, org.springframework.boot.test.mock.mockito.MockitoContextCustomizer@0], contextLoader = 'org.springframework.test.context.support.DelegatingSmartContextLoader', parent = [null]]]
19:04:27.298 [Test worker] DEBUG org.springframework.test.context.cache - Spring test ApplicationContext cache statistics: [DefaultContextCache@44d70181 size = 1, maxSize = 32, parentContextCount = 0, hitCount = 9, missCount = 1]
19:04:27.301 [Test worker] DEBUG org.springframework.test.context.cache.DefaultCacheAwareContextLoaderDelegate - Retrieved ApplicationContext [1049590050] from cache with key [[MergedContextConfiguration@1eb6749b testClass = BoardRepositoryTest, locations = '{}', classes = '{class org.waldreg.repository.board.MemoryBoardRepository, class org.waldreg.repository.MemoryBoardStorage, class org.waldreg.repository.user.MemoryUserRepository, class org.waldreg.repository.MemoryUserStorage, class org.waldreg.repository.character.MemoryCharacterRepository, class org.waldreg.repository.MemoryCharacterStorage, class org.waldreg.repository.board.BoardMapper, class org.waldreg.repository.user.UserMapper, class org.waldreg.repository.character.CharacterMapper}', contextInitializerClasses = '[]', activeProfiles = '{}', propertySourceLocations = '{}', propertySourceProperties = '{}', contextCustomizers = set[org.springframework.boot.test.autoconfigure.actuate.metrics.MetricsExportContextCustomizerFactory$DisableMetricExportContextCustomizer@3e7634b9, org.springframework.boot.test.autoconfigure.properties.PropertyMappingContextCustomizer@0, org.springframework.boot.test.autoconfigure.web.servlet.WebDriverContextCustomizerFactory$Customizer@2bd2b28e, org.springframework.boot.test.context.filter.ExcludeFilterContextCustomizer@674658f7, org.springframework.boot.test.json.DuplicateJsonObjectContextCustomizerFactory$DuplicateJsonObjectContextCustomizer@58c34bb3, org.springframework.boot.test.mock.mockito.MockitoContextCustomizer@0], contextLoader = 'org.springframework.test.context.support.DelegatingSmartContextLoader', parent = [null]]]
19:04:27.301 [Test worker] DEBUG org.springframework.test.context.cache - Spring test ApplicationContext cache statistics: [DefaultContextCache@44d70181 size = 1, maxSize = 32, parentContextCount = 0, hitCount = 10, missCount = 1]
19:04:27.302 [Test worker] DEBUG org.springframework.test.context.support.AbstractDirtiesContextTestExecutionListener - After test method: context [DefaultTestContext@5b057c8c testClass = BoardRepositoryTest, testInstance = org.waldreg.repository.board.BoardRepositoryTest@33e01298, testMethod = CREATE_NEW_BOARD_SUCCESS_TEST@BoardRepositoryTest, testException = [null], mergedContextConfiguration = [MergedContextConfiguration@1eb6749b testClass = BoardRepositoryTest, locations = '{}', classes = '{class org.waldreg.repository.board.MemoryBoardRepository, class org.waldreg.repository.MemoryBoardStorage, class org.waldreg.repository.user.MemoryUserRepository, class org.waldreg.repository.MemoryUserStorage, class org.waldreg.repository.character.MemoryCharacterRepository, class org.waldreg.repository.MemoryCharacterStorage, class org.waldreg.repository.board.BoardMapper, class org.waldreg.repository.user.UserMapper, class org.waldreg.repository.character.CharacterMapper}', contextInitializerClasses = '[]', activeProfiles = '{}', propertySourceLocations = '{}', propertySourceProperties = '{}', contextCustomizers = set[org.springframework.boot.test.autoconfigure.actuate.metrics.MetricsExportContextCustomizerFactory$DisableMetricExportContextCustomizer@3e7634b9, org.springframework.boot.test.autoconfigure.properties.PropertyMappingContextCustomizer@0, org.springframework.boot.test.autoconfigure.web.servlet.WebDriverContextCustomizerFactory$Customizer@2bd2b28e, org.springframework.boot.test.context.filter.ExcludeFilterContextCustomizer@674658f7, org.springframework.boot.test.json.DuplicateJsonObjectContextCustomizerFactory$DuplicateJsonObjectContextCustomizer@58c34bb3, org.springframework.boot.test.mock.mockito.MockitoContextCustomizer@0], contextLoader = 'org.springframework.test.context.support.DelegatingSmartContextLoader', parent = [null]], attributes = map['org.springframework.test.context.event.ApplicationEventsTestExecutionListener.recordApplicationEvents' -> false]], class annotated with @DirtiesContext [false] with mode [null], method annotated with @DirtiesContext [false] with mode [null].
19:04:27.313 [Test worker] DEBUG org.springframework.test.context.cache.DefaultCacheAwareContextLoaderDelegate - Retrieved ApplicationContext [1049590050] from cache with key [[MergedContextConfiguration@1eb6749b testClass = BoardRepositoryTest, locations = '{}', classes = '{class org.waldreg.repository.board.MemoryBoardRepository, class org.waldreg.repository.MemoryBoardStorage, class org.waldreg.repository.user.MemoryUserRepository, class org.waldreg.repository.MemoryUserStorage, class org.waldreg.repository.character.MemoryCharacterRepository, class org.waldreg.repository.MemoryCharacterStorage, class org.waldreg.repository.board.BoardMapper, class org.waldreg.repository.user.UserMapper, class org.waldreg.repository.character.CharacterMapper}', contextInitializerClasses = '[]', activeProfiles = '{}', propertySourceLocations = '{}', propertySourceProperties = '{}', contextCustomizers = set[org.springframework.boot.test.autoconfigure.actuate.metrics.MetricsExportContextCustomizerFactory$DisableMetricExportContextCustomizer@3e7634b9, org.springframework.boot.test.autoconfigure.properties.PropertyMappingContextCustomizer@0, org.springframework.boot.test.autoconfigure.web.servlet.WebDriverContextCustomizerFactory$Customizer@2bd2b28e, org.springframework.boot.test.context.filter.ExcludeFilterContextCustomizer@674658f7, org.springframework.boot.test.json.DuplicateJsonObjectContextCustomizerFactory$DuplicateJsonObjectContextCustomizer@58c34bb3, org.springframework.boot.test.mock.mockito.MockitoContextCustomizer@0], contextLoader = 'org.springframework.test.context.support.DelegatingSmartContextLoader', parent = [null]]]
19:04:27.313 [Test worker] DEBUG org.springframework.test.context.cache - Spring test ApplicationContext cache statistics: [DefaultContextCache@44d70181 size = 1, maxSize = 32, parentContextCount = 0, hitCount = 11, missCount = 1]
19:04:27.314 [Test worker] DEBUG org.springframework.test.context.support.AbstractDirtiesContextTestExecutionListener - After test class: context [DefaultTestContext@5b057c8c testClass = BoardRepositoryTest, testInstance = [null], testMethod = [null], testException = [null], mergedContextConfiguration = [MergedContextConfiguration@1eb6749b testClass = BoardRepositoryTest, locations = '{}', classes = '{class org.waldreg.repository.board.MemoryBoardRepository, class org.waldreg.repository.MemoryBoardStorage, class org.waldreg.repository.user.MemoryUserRepository, class org.waldreg.repository.MemoryUserStorage, class org.waldreg.repository.character.MemoryCharacterRepository, class org.waldreg.repository.MemoryCharacterStorage, class org.waldreg.repository.board.BoardMapper, class org.waldreg.repository.user.UserMapper, class org.waldreg.repository.character.CharacterMapper}', contextInitializerClasses = '[]', activeProfiles = '{}', propertySourceLocations = '{}', propertySourceProperties = '{}', contextCustomizers = set[org.springframework.boot.test.autoconfigure.actuate.metrics.MetricsExportContextCustomizerFactory$DisableMetricExportContextCustomizer@3e7634b9, org.springframework.boot.test.autoconfigure.properties.PropertyMappingContextCustomizer@0, org.springframework.boot.test.autoconfigure.web.servlet.WebDriverContextCustomizerFactory$Customizer@2bd2b28e, org.springframework.boot.test.context.filter.ExcludeFilterContextCustomizer@674658f7, org.springframework.boot.test.json.DuplicateJsonObjectContextCustomizerFactory$DuplicateJsonObjectContextCustomizer@58c34bb3, org.springframework.boot.test.mock.mockito.MockitoContextCustomizer@0], contextLoader = 'org.springframework.test.context.support.DelegatingSmartContextLoader', parent = [null]], attributes = map['org.springframework.test.context.event.ApplicationEventsTestExecutionListener.recordApplicationEvents' -> false]], class annotated with @DirtiesContext [false] with mode [null].
]]></system-out>
  <system-err><![CDATA[]]></system-err>
</testsuite>
