<?xml version="1.0" encoding="UTF-8"?>
<testsuite name="org.waldreg.repository.board.BoardRepositoryTest" tests="9" skipped="0" failures="1" errors="0" timestamp="2023-02-05T07:47:22" hostname="LINIRINILINRIN" time="0.404">
  <properties/>
  <testcase name="새로운 보드 생성 성공 테스트" classname="org.waldreg.repository.board.BoardRepositoryTest" time="0.29"/>
  <testcase name="아이디로 게시글 조회 성공 테스트" classname="org.waldreg.repository.board.BoardRepositoryTest" time="0.016"/>
  <testcase name="Author의 user_id로 게시글 목록 조회 성공 테스트" classname="org.waldreg.repository.board.BoardRepositoryTest" time="0.018"/>
  <testcase name="전체 게시글 목록 조회 성공 테스트" classname="org.waldreg.repository.board.BoardRepositoryTest" time="0.012"/>
  <testcase name="content로 게시글 목록 조회 성공 테스트" classname="org.waldreg.repository.board.BoardRepositoryTest" time="0.01"/>
  <testcase name="카테고리로 게시글 목록 조회 성공 테스트" classname="org.waldreg.repository.board.BoardRepositoryTest" time="0.006"/>
  <testcase name="제목으로 게시글 목록 조회 성공 테스트" classname="org.waldreg.repository.board.BoardRepositoryTest" time="0.008"/>
  <testcase name="게시글 삭제 성공 테스트" classname="org.waldreg.repository.board.BoardRepositoryTest" time="0.007"/>
  <testcase name="게시글 수정 성공 테스트" classname="org.waldreg.repository.board.BoardRepositoryTest" time="0.015">
    <failure message="org.gradle.internal.exceptions.DefaultMultiCauseException: Multiple Failures (5 failures)&#13;&#10;&#9;org.opentest4j.AssertionFailedError: expected: &lt;modifiedTitle&gt; but was: &lt;title&gt;&#13;&#10;&#9;org.opentest4j.AssertionFailedError: expected: &lt;hihihi&gt; but was: &lt;content&gt;&#13;&#10;&#9;org.opentest4j.AssertionFailedError: expected: &lt;true&gt; but was: &lt;false&gt;&#13;&#10;&#9;java.lang.ArrayIndexOutOfBoundsException: Index 0 out of bounds for length 0&#13;&#10;&#9;org.opentest4j.AssertionFailedError: expected: &lt;true&gt; but was: &lt;false&gt;" type="org.gradle.internal.exceptions.DefaultMultiCauseException">org.gradle.internal.exceptions.DefaultMultiCauseException: Multiple Failures (5 failures)
	org.opentest4j.AssertionFailedError: expected: &lt;modifiedTitle&gt; but was: &lt;title&gt;
	org.opentest4j.AssertionFailedError: expected: &lt;hihihi&gt; but was: &lt;content&gt;
	org.opentest4j.AssertionFailedError: expected: &lt;true&gt; but was: &lt;false&gt;
	java.lang.ArrayIndexOutOfBoundsException: Index 0 out of bounds for length 0
	org.opentest4j.AssertionFailedError: expected: &lt;true&gt; but was: &lt;false&gt;
	at app//org.junit.jupiter.api.AssertAll.assertAll(AssertAll.java:80)
	at app//org.junit.jupiter.api.AssertAll.assertAll(AssertAll.java:44)
	at app//org.junit.jupiter.api.AssertAll.assertAll(AssertAll.java:38)
	at app//org.junit.jupiter.api.Assertions.assertAll(Assertions.java:2911)
	at app//org.waldreg.repository.board.BoardRepositoryTest.MODIFY_BOARD_SUCCESS_TEST(BoardRepositoryTest.java:788)
	at java.base@11.0.17/jdk.internal.reflect.NativeMethodAccessorImpl.invoke0(Native Method)
	at java.base@11.0.17/jdk.internal.reflect.NativeMethodAccessorImpl.invoke(NativeMethodAccessorImpl.java:62)
	at java.base@11.0.17/jdk.internal.reflect.DelegatingMethodAccessorImpl.invoke(DelegatingMethodAccessorImpl.java:43)
	at java.base@11.0.17/java.lang.reflect.Method.invoke(Method.java:566)
	at app//org.junit.platform.commons.util.ReflectionUtils.invokeMethod(ReflectionUtils.java:725)
	at app//org.junit.jupiter.engine.execution.MethodInvocation.proceed(MethodInvocation.java:60)
	at app//org.junit.jupiter.engine.execution.InvocationInterceptorChain$ValidatingInvocation.proceed(InvocationInterceptorChain.java:131)
	at app//org.junit.jupiter.engine.extension.TimeoutExtension.intercept(TimeoutExtension.java:149)
	at app//org.junit.jupiter.engine.extension.TimeoutExtension.interceptTestableMethod(TimeoutExtension.java:140)
	at app//org.junit.jupiter.engine.extension.TimeoutExtension.interceptTestMethod(TimeoutExtension.java:84)
	at app//org.junit.jupiter.engine.execution.ExecutableInvoker$ReflectiveInterceptorCall.lambda$ofVoidMethod$0(ExecutableInvoker.java:115)
	at app//org.junit.jupiter.engine.execution.ExecutableInvoker.lambda$invoke$0(ExecutableInvoker.java:105)
	at app//org.junit.jupiter.engine.execution.InvocationInterceptorChain$InterceptedInvocation.proceed(InvocationInterceptorChain.java:106)
	at app//org.junit.jupiter.engine.execution.InvocationInterceptorChain.proceed(InvocationInterceptorChain.java:64)
	at app//org.junit.jupiter.engine.execution.InvocationInterceptorChain.chainAndInvoke(InvocationInterceptorChain.java:45)
	at app//org.junit.jupiter.engine.execution.InvocationInterceptorChain.invoke(InvocationInterceptorChain.java:37)
	at app//org.junit.jupiter.engine.execution.ExecutableInvoker.invoke(ExecutableInvoker.java:104)
	at app//org.junit.jupiter.engine.execution.ExecutableInvoker.invoke(ExecutableInvoker.java:98)
	at app//org.junit.jupiter.engine.descriptor.TestMethodTestDescriptor.lambda$invokeTestMethod$7(TestMethodTestDescriptor.java:214)
	at app//org.junit.platform.engine.support.hierarchical.ThrowableCollector.execute(ThrowableCollector.java:73)
	at app//org.junit.jupiter.engine.descriptor.TestMethodTestDescriptor.invokeTestMethod(TestMethodTestDescriptor.java:210)
	at app//org.junit.jupiter.engine.descriptor.TestMethodTestDescriptor.execute(TestMethodTestDescriptor.java:135)
	at app//org.junit.jupiter.engine.descriptor.TestMethodTestDescriptor.execute(TestMethodTestDescriptor.java:66)
	at app//org.junit.platform.engine.support.hierarchical.NodeTestTask.lambda$executeRecursively$6(NodeTestTask.java:151)
	at app//org.junit.platform.engine.support.hierarchical.ThrowableCollector.execute(ThrowableCollector.java:73)
	at app//org.junit.platform.engine.support.hierarchical.NodeTestTask.lambda$executeRecursively$8(NodeTestTask.java:141)
	at app//org.junit.platform.engine.support.hierarchical.Node.around(Node.java:137)
	at app//org.junit.platform.engine.support.hierarchical.NodeTestTask.lambda$executeRecursively$9(NodeTestTask.java:139)
	at app//org.junit.platform.engine.support.hierarchical.ThrowableCollector.execute(ThrowableCollector.java:73)
	at app//org.junit.platform.engine.support.hierarchical.NodeTestTask.executeRecursively(NodeTestTask.java:138)
	at app//org.junit.platform.engine.support.hierarchical.NodeTestTask.execute(NodeTestTask.java:95)
	at java.base@11.0.17/java.util.ArrayList.forEach(ArrayList.java:1541)
	at app//org.junit.platform.engine.support.hierarchical.SameThreadHierarchicalTestExecutorService.invokeAll(SameThreadHierarchicalTestExecutorService.java:41)
	at app//org.junit.platform.engine.support.hierarchical.NodeTestTask.lambda$executeRecursively$6(NodeTestTask.java:155)
	at app//org.junit.platform.engine.support.hierarchical.ThrowableCollector.execute(ThrowableCollector.java:73)
	at app//org.junit.platform.engine.support.hierarchical.NodeTestTask.lambda$executeRecursively$8(NodeTestTask.java:141)
	at app//org.junit.platform.engine.support.hierarchical.Node.around(Node.java:137)
	at app//org.junit.platform.engine.support.hierarchical.NodeTestTask.lambda$executeRecursively$9(NodeTestTask.java:139)
	at app//org.junit.platform.engine.support.hierarchical.ThrowableCollector.execute(ThrowableCollector.java:73)
	at app//org.junit.platform.engine.support.hierarchical.NodeTestTask.executeRecursively(NodeTestTask.java:138)
	at app//org.junit.platform.engine.support.hierarchical.NodeTestTask.execute(NodeTestTask.java:95)
	at java.base@11.0.17/java.util.ArrayList.forEach(ArrayList.java:1541)
	at app//org.junit.platform.engine.support.hierarchical.SameThreadHierarchicalTestExecutorService.invokeAll(SameThreadHierarchicalTestExecutorService.java:41)
	at app//org.junit.platform.engine.support.hierarchical.NodeTestTask.lambda$executeRecursively$6(NodeTestTask.java:155)
	at app//org.junit.platform.engine.support.hierarchical.ThrowableCollector.execute(ThrowableCollector.java:73)
	at app//org.junit.platform.engine.support.hierarchical.NodeTestTask.lambda$executeRecursively$8(NodeTestTask.java:141)
	at app//org.junit.platform.engine.support.hierarchical.Node.around(Node.java:137)
	at app//org.junit.platform.engine.support.hierarchical.NodeTestTask.lambda$executeRecursively$9(NodeTestTask.java:139)
	at app//org.junit.platform.engine.support.hierarchical.ThrowableCollector.execute(ThrowableCollector.java:73)
	at app//org.junit.platform.engine.support.hierarchical.NodeTestTask.executeRecursively(NodeTestTask.java:138)
	at app//org.junit.platform.engine.support.hierarchical.NodeTestTask.execute(NodeTestTask.java:95)
	at app//org.junit.platform.engine.support.hierarchical.SameThreadHierarchicalTestExecutorService.submit(SameThreadHierarchicalTestExecutorService.java:35)
	at app//org.junit.platform.engine.support.hierarchical.HierarchicalTestExecutor.execute(HierarchicalTestExecutor.java:57)
	at app//org.junit.platform.engine.support.hierarchical.HierarchicalTestEngine.execute(HierarchicalTestEngine.java:54)
	at org.junit.platform.launcher.core.EngineExecutionOrchestrator.execute(EngineExecutionOrchestrator.java:108)
	at org.junit.platform.launcher.core.EngineExecutionOrchestrator.execute(EngineExecutionOrchestrator.java:88)
	at org.junit.platform.launcher.core.EngineExecutionOrchestrator.lambda$execute$0(EngineExecutionOrchestrator.java:54)
	at org.junit.platform.launcher.core.EngineExecutionOrchestrator.withInterceptedStreams(EngineExecutionOrchestrator.java:67)
	at org.junit.platform.launcher.core.EngineExecutionOrchestrator.execute(EngineExecutionOrchestrator.java:52)
	at org.junit.platform.launcher.core.DefaultLauncher.execute(DefaultLauncher.java:96)
	at org.junit.platform.launcher.core.DefaultLauncher.execute(DefaultLauncher.java:75)
	at org.gradle.api.internal.tasks.testing.junitplatform.JUnitPlatformTestClassProcessor$CollectAllTestClassesExecutor.processAllTestClasses(JUnitPlatformTestClassProcessor.java:99)
	at org.gradle.api.internal.tasks.testing.junitplatform.JUnitPlatformTestClassProcessor$CollectAllTestClassesExecutor.access$000(JUnitPlatformTestClassProcessor.java:79)
	at org.gradle.api.internal.tasks.testing.junitplatform.JUnitPlatformTestClassProcessor.stop(JUnitPlatformTestClassProcessor.java:75)
	at org.gradle.api.internal.tasks.testing.SuiteTestClassProcessor.stop(SuiteTestClassProcessor.java:61)
	at java.base@11.0.17/jdk.internal.reflect.NativeMethodAccessorImpl.invoke0(Native Method)
	at java.base@11.0.17/jdk.internal.reflect.NativeMethodAccessorImpl.invoke(NativeMethodAccessorImpl.java:62)
	at java.base@11.0.17/jdk.internal.reflect.DelegatingMethodAccessorImpl.invoke(DelegatingMethodAccessorImpl.java:43)
	at java.base@11.0.17/java.lang.reflect.Method.invoke(Method.java:566)
	at org.gradle.internal.dispatch.ReflectionDispatch.dispatch(ReflectionDispatch.java:36)
	at org.gradle.internal.dispatch.ReflectionDispatch.dispatch(ReflectionDispatch.java:24)
	at org.gradle.internal.dispatch.ContextClassLoaderDispatch.dispatch(ContextClassLoaderDispatch.java:33)
	at org.gradle.internal.dispatch.ProxyDispatchAdapter$DispatchingInvocationHandler.invoke(ProxyDispatchAdapter.java:94)
	at com.sun.proxy.$Proxy2.stop(Unknown Source)
	at org.gradle.api.internal.tasks.testing.worker.TestWorker$3.run(TestWorker.java:193)
	at org.gradle.api.internal.tasks.testing.worker.TestWorker.executeAndMaintainThreadName(TestWorker.java:129)
	at org.gradle.api.internal.tasks.testing.worker.TestWorker.execute(TestWorker.java:100)
	at org.gradle.api.internal.tasks.testing.worker.TestWorker.execute(TestWorker.java:60)
	at org.gradle.process.internal.worker.child.ActionExecutionWorker.execute(ActionExecutionWorker.java:56)
	at org.gradle.process.internal.worker.child.SystemApplicationClassLoaderWorker.call(SystemApplicationClassLoaderWorker.java:133)
	at org.gradle.process.internal.worker.child.SystemApplicationClassLoaderWorker.call(SystemApplicationClassLoaderWorker.java:71)
	at app//worker.org.gradle.process.internal.worker.GradleWorkerMain.run(GradleWorkerMain.java:69)
	at app//worker.org.gradle.process.internal.worker.GradleWorkerMain.main(GradleWorkerMain.java:74)
	Suppressed: org.opentest4j.AssertionFailedError: expected: &lt;modifiedTitle&gt; but was: &lt;title&gt;
		at app//org.junit.jupiter.api.AssertionUtils.fail(AssertionUtils.java:55)
		at app//org.junit.jupiter.api.AssertionUtils.failNotEqual(AssertionUtils.java:62)
		at app//org.junit.jupiter.api.AssertEquals.assertEquals(AssertEquals.java:182)
		at app//org.junit.jupiter.api.AssertEquals.assertEquals(AssertEquals.java:177)
		at app//org.junit.jupiter.api.Assertions.assertEquals(Assertions.java:1141)
		at app//org.waldreg.repository.board.BoardRepositoryTest.lambda$MODIFY_BOARD_SUCCESS_TEST$97(BoardRepositoryTest.java:790)
		at app//org.junit.jupiter.api.AssertAll.lambda$assertAll$0(AssertAll.java:68)
		at java.base@11.0.17/java.util.stream.ReferencePipeline$3$1.accept(ReferencePipeline.java:195)
		at java.base@11.0.17/java.util.Spliterators$ArraySpliterator.forEachRemaining(Spliterators.java:948)
		at java.base@11.0.17/java.util.stream.AbstractPipeline.copyInto(AbstractPipeline.java:484)
		at java.base@11.0.17/java.util.stream.AbstractPipeline.wrapAndCopyInto(AbstractPipeline.java:474)
		at java.base@11.0.17/java.util.stream.ReduceOps$ReduceOp.evaluateSequential(ReduceOps.java:913)
		at java.base@11.0.17/java.util.stream.AbstractPipeline.evaluate(AbstractPipeline.java:234)
		at java.base@11.0.17/java.util.stream.ReferencePipeline.collect(ReferencePipeline.java:578)
		at app//org.junit.jupiter.api.AssertAll.assertAll(AssertAll.java:77)
		... 87 more
	Suppressed: org.opentest4j.AssertionFailedError: expected: &lt;hihihi&gt; but was: &lt;content&gt;
		at app//org.junit.jupiter.api.AssertionUtils.fail(AssertionUtils.java:55)
		at app//org.junit.jupiter.api.AssertionUtils.failNotEqual(AssertionUtils.java:62)
		at app//org.junit.jupiter.api.AssertEquals.assertEquals(AssertEquals.java:182)
		at app//org.junit.jupiter.api.AssertEquals.assertEquals(AssertEquals.java:177)
		at app//org.junit.jupiter.api.Assertions.assertEquals(Assertions.java:1141)
		at app//org.waldreg.repository.board.BoardRepositoryTest.lambda$MODIFY_BOARD_SUCCESS_TEST$98(BoardRepositoryTest.java:791)
		at app//org.junit.jupiter.api.AssertAll.lambda$assertAll$0(AssertAll.java:68)
		at java.base@11.0.17/java.util.stream.ReferencePipeline$3$1.accept(ReferencePipeline.java:195)
		at java.base@11.0.17/java.util.Spliterators$ArraySpliterator.forEachRemaining(Spliterators.java:948)
		at java.base@11.0.17/java.util.stream.AbstractPipeline.copyInto(AbstractPipeline.java:484)
		at java.base@11.0.17/java.util.stream.AbstractPipeline.wrapAndCopyInto(AbstractPipeline.java:474)
		at java.base@11.0.17/java.util.stream.ReduceOps$ReduceOp.evaluateSequential(ReduceOps.java:913)
		at java.base@11.0.17/java.util.stream.AbstractPipeline.evaluate(AbstractPipeline.java:234)
		at java.base@11.0.17/java.util.stream.ReferencePipeline.collect(ReferencePipeline.java:578)
		at app//org.junit.jupiter.api.AssertAll.assertAll(AssertAll.java:77)
		... 87 more
	Suppressed: org.opentest4j.AssertionFailedError: expected: &lt;true&gt; but was: &lt;false&gt;
		at app//org.junit.jupiter.api.AssertionUtils.fail(AssertionUtils.java:55)
		at app//org.junit.jupiter.api.AssertTrue.assertTrue(AssertTrue.java:40)
		at app//org.junit.jupiter.api.AssertTrue.assertTrue(AssertTrue.java:35)
		at app//org.junit.jupiter.api.Assertions.assertTrue(Assertions.java:179)
		at app//org.waldreg.repository.board.BoardRepositoryTest.lambda$MODIFY_BOARD_SUCCESS_TEST$103(BoardRepositoryTest.java:796)
		at app//org.junit.jupiter.api.AssertAll.lambda$assertAll$0(AssertAll.java:68)
		at java.base@11.0.17/java.util.stream.ReferencePipeline$3$1.accept(ReferencePipeline.java:195)
		at java.base@11.0.17/java.util.Spliterators$ArraySpliterator.forEachRemaining(Spliterators.java:948)
		at java.base@11.0.17/java.util.stream.AbstractPipeline.copyInto(AbstractPipeline.java:484)
		at java.base@11.0.17/java.util.stream.AbstractPipeline.wrapAndCopyInto(AbstractPipeline.java:474)
		at java.base@11.0.17/java.util.stream.ReduceOps$ReduceOp.evaluateSequential(ReduceOps.java:913)
		at java.base@11.0.17/java.util.stream.AbstractPipeline.evaluate(AbstractPipeline.java:234)
		at java.base@11.0.17/java.util.stream.ReferencePipeline.collect(ReferencePipeline.java:578)
		at app//org.junit.jupiter.api.AssertAll.assertAll(AssertAll.java:77)
		... 87 more
	Suppressed: java.lang.ArrayIndexOutOfBoundsException: Index 0 out of bounds for length 0
		at java.base/java.util.ImmutableCollections$ListN.get(ImmutableCollections.java:449)
		at org.waldreg.repository.board.BoardRepositoryTest.lambda$MODIFY_BOARD_SUCCESS_TEST$104(BoardRepositoryTest.java:797)
		at org.junit.jupiter.api.AssertAll.lambda$assertAll$0(AssertAll.java:68)
		at java.base/java.util.stream.ReferencePipeline$3$1.accept(ReferencePipeline.java:195)
		at java.base/java.util.Spliterators$ArraySpliterator.forEachRemaining(Spliterators.java:948)
		at java.base/java.util.stream.AbstractPipeline.copyInto(AbstractPipeline.java:484)
		at java.base/java.util.stream.AbstractPipeline.wrapAndCopyInto(AbstractPipeline.java:474)
		at java.base/java.util.stream.ReduceOps$ReduceOp.evaluateSequential(ReduceOps.java:913)
		at java.base/java.util.stream.AbstractPipeline.evaluate(AbstractPipeline.java:234)
		at java.base/java.util.stream.ReferencePipeline.collect(ReferencePipeline.java:578)
		at org.junit.jupiter.api.AssertAll.assertAll(AssertAll.java:77)
		... 87 more
	Suppressed: org.opentest4j.AssertionFailedError: expected: &lt;true&gt; but was: &lt;false&gt;
		at app//org.junit.jupiter.api.AssertionUtils.fail(AssertionUtils.java:55)
		at app//org.junit.jupiter.api.AssertTrue.assertTrue(AssertTrue.java:40)
		at app//org.junit.jupiter.api.AssertTrue.assertTrue(AssertTrue.java:35)
		at app//org.junit.jupiter.api.Assertions.assertTrue(Assertions.java:179)
		at app//org.waldreg.repository.board.BoardRepositoryTest.lambda$MODIFY_BOARD_SUCCESS_TEST$105(BoardRepositoryTest.java:798)
		at app//org.junit.jupiter.api.AssertAll.lambda$assertAll$0(AssertAll.java:68)
		at java.base@11.0.17/java.util.stream.ReferencePipeline$3$1.accept(ReferencePipeline.java:195)
		at java.base@11.0.17/java.util.Spliterators$ArraySpliterator.forEachRemaining(Spliterators.java:948)
		at java.base@11.0.17/java.util.stream.AbstractPipeline.copyInto(AbstractPipeline.java:484)
		at java.base@11.0.17/java.util.stream.AbstractPipeline.wrapAndCopyInto(AbstractPipeline.java:474)
		at java.base@11.0.17/java.util.stream.ReduceOps$ReduceOp.evaluateSequential(ReduceOps.java:913)
		at java.base@11.0.17/java.util.stream.AbstractPipeline.evaluate(AbstractPipeline.java:234)
		at java.base@11.0.17/java.util.stream.ReferencePipeline.collect(ReferencePipeline.java:578)
		at app//org.junit.jupiter.api.AssertAll.assertAll(AssertAll.java:77)
		... 87 more
Cause 1: org.opentest4j.AssertionFailedError: expected: &lt;modifiedTitle&gt; but was: &lt;title&gt;
	at app//org.junit.jupiter.api.AssertionUtils.fail(AssertionUtils.java:55)
	at app//org.junit.jupiter.api.AssertionUtils.failNotEqual(AssertionUtils.java:62)
	at app//org.junit.jupiter.api.AssertEquals.assertEquals(AssertEquals.java:182)
	at app//org.junit.jupiter.api.AssertEquals.assertEquals(AssertEquals.java:177)
	at app//org.junit.jupiter.api.Assertions.assertEquals(Assertions.java:1141)
	at app//org.waldreg.repository.board.BoardRepositoryTest.lambda$MODIFY_BOARD_SUCCESS_TEST$97(BoardRepositoryTest.java:790)
	at app//org.junit.jupiter.api.AssertAll.lambda$assertAll$0(AssertAll.java:68)
	at java.base@11.0.17/java.util.stream.ReferencePipeline$3$1.accept(ReferencePipeline.java:195)
	at java.base@11.0.17/java.util.Spliterators$ArraySpliterator.forEachRemaining(Spliterators.java:948)
	at java.base@11.0.17/java.util.stream.AbstractPipeline.copyInto(AbstractPipeline.java:484)
	at java.base@11.0.17/java.util.stream.AbstractPipeline.wrapAndCopyInto(AbstractPipeline.java:474)
	at java.base@11.0.17/java.util.stream.ReduceOps$ReduceOp.evaluateSequential(ReduceOps.java:913)
	at java.base@11.0.17/java.util.stream.AbstractPipeline.evaluate(AbstractPipeline.java:234)
	at java.base@11.0.17/java.util.stream.ReferencePipeline.collect(ReferencePipeline.java:578)
	at app//org.junit.jupiter.api.AssertAll.assertAll(AssertAll.java:77)
	at app//org.junit.jupiter.api.AssertAll.assertAll(AssertAll.java:44)
	at app//org.junit.jupiter.api.AssertAll.assertAll(AssertAll.java:38)
	at app//org.junit.jupiter.api.Assertions.assertAll(Assertions.java:2911)
	at app//org.waldreg.repository.board.BoardRepositoryTest.MODIFY_BOARD_SUCCESS_TEST(BoardRepositoryTest.java:788)
	at java.base@11.0.17/jdk.internal.reflect.NativeMethodAccessorImpl.invoke0(Native Method)
	at java.base@11.0.17/jdk.internal.reflect.NativeMethodAccessorImpl.invoke(NativeMethodAccessorImpl.java:62)
	at java.base@11.0.17/jdk.internal.reflect.DelegatingMethodAccessorImpl.invoke(DelegatingMethodAccessorImpl.java:43)
	at java.base@11.0.17/java.lang.reflect.Method.invoke(Method.java:566)
	at app//org.junit.platform.commons.util.ReflectionUtils.invokeMethod(ReflectionUtils.java:725)
	at app//org.junit.jupiter.engine.execution.MethodInvocation.proceed(MethodInvocation.java:60)
	at app//org.junit.jupiter.engine.execution.InvocationInterceptorChain$ValidatingInvocation.proceed(InvocationInterceptorChain.java:131)
	at app//org.junit.jupiter.engine.extension.TimeoutExtension.intercept(TimeoutExtension.java:149)
	at app//org.junit.jupiter.engine.extension.TimeoutExtension.interceptTestableMethod(TimeoutExtension.java:140)
	at app//org.junit.jupiter.engine.extension.TimeoutExtension.interceptTestMethod(TimeoutExtension.java:84)
	at app//org.junit.jupiter.engine.execution.ExecutableInvoker$ReflectiveInterceptorCall.lambda$ofVoidMethod$0(ExecutableInvoker.java:115)
	at app//org.junit.jupiter.engine.execution.ExecutableInvoker.lambda$invoke$0(ExecutableInvoker.java:105)
	at app//org.junit.jupiter.engine.execution.InvocationInterceptorChain$InterceptedInvocation.proceed(InvocationInterceptorChain.java:106)
	at app//org.junit.jupiter.engine.execution.InvocationInterceptorChain.proceed(InvocationInterceptorChain.java:64)
	at app//org.junit.jupiter.engine.execution.InvocationInterceptorChain.chainAndInvoke(InvocationInterceptorChain.java:45)
	at app//org.junit.jupiter.engine.execution.InvocationInterceptorChain.invoke(InvocationInterceptorChain.java:37)
	at app//org.junit.jupiter.engine.execution.ExecutableInvoker.invoke(ExecutableInvoker.java:104)
	at app//org.junit.jupiter.engine.execution.ExecutableInvoker.invoke(ExecutableInvoker.java:98)
	at app//org.junit.jupiter.engine.descriptor.TestMethodTestDescriptor.lambda$invokeTestMethod$7(TestMethodTestDescriptor.java:214)
	at app//org.junit.platform.engine.support.hierarchical.ThrowableCollector.execute(ThrowableCollector.java:73)
	at app//org.junit.jupiter.engine.descriptor.TestMethodTestDescriptor.invokeTestMethod(TestMethodTestDescriptor.java:210)
	at app//org.junit.jupiter.engine.descriptor.TestMethodTestDescriptor.execute(TestMethodTestDescriptor.java:135)
	at app//org.junit.jupiter.engine.descriptor.TestMethodTestDescriptor.execute(TestMethodTestDescriptor.java:66)
	at app//org.junit.platform.engine.support.hierarchical.NodeTestTask.lambda$executeRecursively$6(NodeTestTask.java:151)
	at app//org.junit.platform.engine.support.hierarchical.ThrowableCollector.execute(ThrowableCollector.java:73)
	at app//org.junit.platform.engine.support.hierarchical.NodeTestTask.lambda$executeRecursively$8(NodeTestTask.java:141)
	at app//org.junit.platform.engine.support.hierarchical.Node.around(Node.java:137)
	at app//org.junit.platform.engine.support.hierarchical.NodeTestTask.lambda$executeRecursively$9(NodeTestTask.java:139)
	at app//org.junit.platform.engine.support.hierarchical.ThrowableCollector.execute(ThrowableCollector.java:73)
	at app//org.junit.platform.engine.support.hierarchical.NodeTestTask.executeRecursively(NodeTestTask.java:138)
	at app//org.junit.platform.engine.support.hierarchical.NodeTestTask.execute(NodeTestTask.java:95)
	at java.base@11.0.17/java.util.ArrayList.forEach(ArrayList.java:1541)
	at app//org.junit.platform.engine.support.hierarchical.SameThreadHierarchicalTestExecutorService.invokeAll(SameThreadHierarchicalTestExecutorService.java:41)
	at app//org.junit.platform.engine.support.hierarchical.NodeTestTask.lambda$executeRecursively$6(NodeTestTask.java:155)
	at app//org.junit.platform.engine.support.hierarchical.ThrowableCollector.execute(ThrowableCollector.java:73)
	at app//org.junit.platform.engine.support.hierarchical.NodeTestTask.lambda$executeRecursively$8(NodeTestTask.java:141)
	at app//org.junit.platform.engine.support.hierarchical.Node.around(Node.java:137)
	at app//org.junit.platform.engine.support.hierarchical.NodeTestTask.lambda$executeRecursively$9(NodeTestTask.java:139)
	at app//org.junit.platform.engine.support.hierarchical.ThrowableCollector.execute(ThrowableCollector.java:73)
	at app//org.junit.platform.engine.support.hierarchical.NodeTestTask.executeRecursively(NodeTestTask.java:138)
	at app//org.junit.platform.engine.support.hierarchical.NodeTestTask.execute(NodeTestTask.java:95)
	at java.base@11.0.17/java.util.ArrayList.forEach(ArrayList.java:1541)
	at app//org.junit.platform.engine.support.hierarchical.SameThreadHierarchicalTestExecutorService.invokeAll(SameThreadHierarchicalTestExecutorService.java:41)
	at app//org.junit.platform.engine.support.hierarchical.NodeTestTask.lambda$executeRecursively$6(NodeTestTask.java:155)
	at app//org.junit.platform.engine.support.hierarchical.ThrowableCollector.execute(ThrowableCollector.java:73)
	at app//org.junit.platform.engine.support.hierarchical.NodeTestTask.lambda$executeRecursively$8(NodeTestTask.java:141)
	at app//org.junit.platform.engine.support.hierarchical.Node.around(Node.java:137)
	at app//org.junit.platform.engine.support.hierarchical.NodeTestTask.lambda$executeRecursively$9(NodeTestTask.java:139)
	at app//org.junit.platform.engine.support.hierarchical.ThrowableCollector.execute(ThrowableCollector.java:73)
	at app//org.junit.platform.engine.support.hierarchical.NodeTestTask.executeRecursively(NodeTestTask.java:138)
	at app//org.junit.platform.engine.support.hierarchical.NodeTestTask.execute(NodeTestTask.java:95)
	at app//org.junit.platform.engine.support.hierarchical.SameThreadHierarchicalTestExecutorService.submit(SameThreadHierarchicalTestExecutorService.java:35)
	at app//org.junit.platform.engine.support.hierarchical.HierarchicalTestExecutor.execute(HierarchicalTestExecutor.java:57)
	at app//org.junit.platform.engine.support.hierarchical.HierarchicalTestEngine.execute(HierarchicalTestEngine.java:54)
	at org.junit.platform.launcher.core.EngineExecutionOrchestrator.execute(EngineExecutionOrchestrator.java:108)
	at org.junit.platform.launcher.core.EngineExecutionOrchestrator.execute(EngineExecutionOrchestrator.java:88)
	at org.junit.platform.launcher.core.EngineExecutionOrchestrator.lambda$execute$0(EngineExecutionOrchestrator.java:54)
	at org.junit.platform.launcher.core.EngineExecutionOrchestrator.withInterceptedStreams(EngineExecutionOrchestrator.java:67)
	at org.junit.platform.launcher.core.EngineExecutionOrchestrator.execute(EngineExecutionOrchestrator.java:52)
	at org.junit.platform.launcher.core.DefaultLauncher.execute(DefaultLauncher.java:96)
	at org.junit.platform.launcher.core.DefaultLauncher.execute(DefaultLauncher.java:75)
	at org.gradle.api.internal.tasks.testing.junitplatform.JUnitPlatformTestClassProcessor$CollectAllTestClassesExecutor.processAllTestClasses(JUnitPlatformTestClassProcessor.java:99)
	at org.gradle.api.internal.tasks.testing.junitplatform.JUnitPlatformTestClassProcessor$CollectAllTestClassesExecutor.access$000(JUnitPlatformTestClassProcessor.java:79)
	at org.gradle.api.internal.tasks.testing.junitplatform.JUnitPlatformTestClassProcessor.stop(JUnitPlatformTestClassProcessor.java:75)
	at org.gradle.api.internal.tasks.testing.SuiteTestClassProcessor.stop(SuiteTestClassProcessor.java:61)
	at java.base@11.0.17/jdk.internal.reflect.NativeMethodAccessorImpl.invoke0(Native Method)
	at java.base@11.0.17/jdk.internal.reflect.NativeMethodAccessorImpl.invoke(NativeMethodAccessorImpl.java:62)
	at java.base@11.0.17/jdk.internal.reflect.DelegatingMethodAccessorImpl.invoke(DelegatingMethodAccessorImpl.java:43)
	at java.base@11.0.17/java.lang.reflect.Method.invoke(Method.java:566)
	at org.gradle.internal.dispatch.ReflectionDispatch.dispatch(ReflectionDispatch.java:36)
	at org.gradle.internal.dispatch.ReflectionDispatch.dispatch(ReflectionDispatch.java:24)
	at org.gradle.internal.dispatch.ContextClassLoaderDispatch.dispatch(ContextClassLoaderDispatch.java:33)
	at org.gradle.internal.dispatch.ProxyDispatchAdapter$DispatchingInvocationHandler.invoke(ProxyDispatchAdapter.java:94)
	at com.sun.proxy.$Proxy2.stop(Unknown Source)
	at org.gradle.api.internal.tasks.testing.worker.TestWorker$3.run(TestWorker.java:193)
	at org.gradle.api.internal.tasks.testing.worker.TestWorker.executeAndMaintainThreadName(TestWorker.java:129)
	at org.gradle.api.internal.tasks.testing.worker.TestWorker.execute(TestWorker.java:100)
	at org.gradle.api.internal.tasks.testing.worker.TestWorker.execute(TestWorker.java:60)
	at org.gradle.process.internal.worker.child.ActionExecutionWorker.execute(ActionExecutionWorker.java:56)
	at org.gradle.process.internal.worker.child.SystemApplicationClassLoaderWorker.call(SystemApplicationClassLoaderWorker.java:133)
	at org.gradle.process.internal.worker.child.SystemApplicationClassLoaderWorker.call(SystemApplicationClassLoaderWorker.java:71)
	at app//worker.org.gradle.process.internal.worker.GradleWorkerMain.run(GradleWorkerMain.java:69)
	at app//worker.org.gradle.process.internal.worker.GradleWorkerMain.main(GradleWorkerMain.java:74)
Cause 2: org.opentest4j.AssertionFailedError: expected: &lt;hihihi&gt; but was: &lt;content&gt;
	at app//org.junit.jupiter.api.AssertionUtils.fail(AssertionUtils.java:55)
	at app//org.junit.jupiter.api.AssertionUtils.failNotEqual(AssertionUtils.java:62)
	at app//org.junit.jupiter.api.AssertEquals.assertEquals(AssertEquals.java:182)
	at app//org.junit.jupiter.api.AssertEquals.assertEquals(AssertEquals.java:177)
	at app//org.junit.jupiter.api.Assertions.assertEquals(Assertions.java:1141)
	at app//org.waldreg.repository.board.BoardRepositoryTest.lambda$MODIFY_BOARD_SUCCESS_TEST$98(BoardRepositoryTest.java:791)
	at app//org.junit.jupiter.api.AssertAll.lambda$assertAll$0(AssertAll.java:68)
	at java.base@11.0.17/java.util.stream.ReferencePipeline$3$1.accept(ReferencePipeline.java:195)
	at java.base@11.0.17/java.util.Spliterators$ArraySpliterator.forEachRemaining(Spliterators.java:948)
	at java.base@11.0.17/java.util.stream.AbstractPipeline.copyInto(AbstractPipeline.java:484)
	at java.base@11.0.17/java.util.stream.AbstractPipeline.wrapAndCopyInto(AbstractPipeline.java:474)
	at java.base@11.0.17/java.util.stream.ReduceOps$ReduceOp.evaluateSequential(ReduceOps.java:913)
	at java.base@11.0.17/java.util.stream.AbstractPipeline.evaluate(AbstractPipeline.java:234)
	at java.base@11.0.17/java.util.stream.ReferencePipeline.collect(ReferencePipeline.java:578)
	at app//org.junit.jupiter.api.AssertAll.assertAll(AssertAll.java:77)
	at app//org.junit.jupiter.api.AssertAll.assertAll(AssertAll.java:44)
	at app//org.junit.jupiter.api.AssertAll.assertAll(AssertAll.java:38)
	at app//org.junit.jupiter.api.Assertions.assertAll(Assertions.java:2911)
	at app//org.waldreg.repository.board.BoardRepositoryTest.MODIFY_BOARD_SUCCESS_TEST(BoardRepositoryTest.java:788)
	at java.base@11.0.17/jdk.internal.reflect.NativeMethodAccessorImpl.invoke0(Native Method)
	at java.base@11.0.17/jdk.internal.reflect.NativeMethodAccessorImpl.invoke(NativeMethodAccessorImpl.java:62)
	at java.base@11.0.17/jdk.internal.reflect.DelegatingMethodAccessorImpl.invoke(DelegatingMethodAccessorImpl.java:43)
	at java.base@11.0.17/java.lang.reflect.Method.invoke(Method.java:566)
	at app//org.junit.platform.commons.util.ReflectionUtils.invokeMethod(ReflectionUtils.java:725)
	at app//org.junit.jupiter.engine.execution.MethodInvocation.proceed(MethodInvocation.java:60)
	at app//org.junit.jupiter.engine.execution.InvocationInterceptorChain$ValidatingInvocation.proceed(InvocationInterceptorChain.java:131)
	at app//org.junit.jupiter.engine.extension.TimeoutExtension.intercept(TimeoutExtension.java:149)
	at app//org.junit.jupiter.engine.extension.TimeoutExtension.interceptTestableMethod(TimeoutExtension.java:140)
	at app//org.junit.jupiter.engine.extension.TimeoutExtension.interceptTestMethod(TimeoutExtension.java:84)
	at app//org.junit.jupiter.engine.execution.ExecutableInvoker$ReflectiveInterceptorCall.lambda$ofVoidMethod$0(ExecutableInvoker.java:115)
	at app//org.junit.jupiter.engine.execution.ExecutableInvoker.lambda$invoke$0(ExecutableInvoker.java:105)
	at app//org.junit.jupiter.engine.execution.InvocationInterceptorChain$InterceptedInvocation.proceed(InvocationInterceptorChain.java:106)
	at app//org.junit.jupiter.engine.execution.InvocationInterceptorChain.proceed(InvocationInterceptorChain.java:64)
	at app//org.junit.jupiter.engine.execution.InvocationInterceptorChain.chainAndInvoke(InvocationInterceptorChain.java:45)
	at app//org.junit.jupiter.engine.execution.InvocationInterceptorChain.invoke(InvocationInterceptorChain.java:37)
	at app//org.junit.jupiter.engine.execution.ExecutableInvoker.invoke(ExecutableInvoker.java:104)
	at app//org.junit.jupiter.engine.execution.ExecutableInvoker.invoke(ExecutableInvoker.java:98)
	at app//org.junit.jupiter.engine.descriptor.TestMethodTestDescriptor.lambda$invokeTestMethod$7(TestMethodTestDescriptor.java:214)
	at app//org.junit.platform.engine.support.hierarchical.ThrowableCollector.execute(ThrowableCollector.java:73)
	at app//org.junit.jupiter.engine.descriptor.TestMethodTestDescriptor.invokeTestMethod(TestMethodTestDescriptor.java:210)
	at app//org.junit.jupiter.engine.descriptor.TestMethodTestDescriptor.execute(TestMethodTestDescriptor.java:135)
	at app//org.junit.jupiter.engine.descriptor.TestMethodTestDescriptor.execute(TestMethodTestDescriptor.java:66)
	at app//org.junit.platform.engine.support.hierarchical.NodeTestTask.lambda$executeRecursively$6(NodeTestTask.java:151)
	at app//org.junit.platform.engine.support.hierarchical.ThrowableCollector.execute(ThrowableCollector.java:73)
	at app//org.junit.platform.engine.support.hierarchical.NodeTestTask.lambda$executeRecursively$8(NodeTestTask.java:141)
	at app//org.junit.platform.engine.support.hierarchical.Node.around(Node.java:137)
	at app//org.junit.platform.engine.support.hierarchical.NodeTestTask.lambda$executeRecursively$9(NodeTestTask.java:139)
	at app//org.junit.platform.engine.support.hierarchical.ThrowableCollector.execute(ThrowableCollector.java:73)
	at app//org.junit.platform.engine.support.hierarchical.NodeTestTask.executeRecursively(NodeTestTask.java:138)
	at app//org.junit.platform.engine.support.hierarchical.NodeTestTask.execute(NodeTestTask.java:95)
	at java.base@11.0.17/java.util.ArrayList.forEach(ArrayList.java:1541)
	at app//org.junit.platform.engine.support.hierarchical.SameThreadHierarchicalTestExecutorService.invokeAll(SameThreadHierarchicalTestExecutorService.java:41)
	at app//org.junit.platform.engine.support.hierarchical.NodeTestTask.lambda$executeRecursively$6(NodeTestTask.java:155)
	at app//org.junit.platform.engine.support.hierarchical.ThrowableCollector.execute(ThrowableCollector.java:73)
	at app//org.junit.platform.engine.support.hierarchical.NodeTestTask.lambda$executeRecursively$8(NodeTestTask.java:141)
	at app//org.junit.platform.engine.support.hierarchical.Node.around(Node.java:137)
	at app//org.junit.platform.engine.support.hierarchical.NodeTestTask.lambda$executeRecursively$9(NodeTestTask.java:139)
	at app//org.junit.platform.engine.support.hierarchical.ThrowableCollector.execute(ThrowableCollector.java:73)
	at app//org.junit.platform.engine.support.hierarchical.NodeTestTask.executeRecursively(NodeTestTask.java:138)
	at app//org.junit.platform.engine.support.hierarchical.NodeTestTask.execute(NodeTestTask.java:95)
	at java.base@11.0.17/java.util.ArrayList.forEach(ArrayList.java:1541)
	at app//org.junit.platform.engine.support.hierarchical.SameThreadHierarchicalTestExecutorService.invokeAll(SameThreadHierarchicalTestExecutorService.java:41)
	at app//org.junit.platform.engine.support.hierarchical.NodeTestTask.lambda$executeRecursively$6(NodeTestTask.java:155)
	at app//org.junit.platform.engine.support.hierarchical.ThrowableCollector.execute(ThrowableCollector.java:73)
	at app//org.junit.platform.engine.support.hierarchical.NodeTestTask.lambda$executeRecursively$8(NodeTestTask.java:141)
	at app//org.junit.platform.engine.support.hierarchical.Node.around(Node.java:137)
	at app//org.junit.platform.engine.support.hierarchical.NodeTestTask.lambda$executeRecursively$9(NodeTestTask.java:139)
	at app//org.junit.platform.engine.support.hierarchical.ThrowableCollector.execute(ThrowableCollector.java:73)
	at app//org.junit.platform.engine.support.hierarchical.NodeTestTask.executeRecursively(NodeTestTask.java:138)
	at app//org.junit.platform.engine.support.hierarchical.NodeTestTask.execute(NodeTestTask.java:95)
	at app//org.junit.platform.engine.support.hierarchical.SameThreadHierarchicalTestExecutorService.submit(SameThreadHierarchicalTestExecutorService.java:35)
	at app//org.junit.platform.engine.support.hierarchical.HierarchicalTestExecutor.execute(HierarchicalTestExecutor.java:57)
	at app//org.junit.platform.engine.support.hierarchical.HierarchicalTestEngine.execute(HierarchicalTestEngine.java:54)
	at org.junit.platform.launcher.core.EngineExecutionOrchestrator.execute(EngineExecutionOrchestrator.java:108)
	at org.junit.platform.launcher.core.EngineExecutionOrchestrator.execute(EngineExecutionOrchestrator.java:88)
	at org.junit.platform.launcher.core.EngineExecutionOrchestrator.lambda$execute$0(EngineExecutionOrchestrator.java:54)
	at org.junit.platform.launcher.core.EngineExecutionOrchestrator.withInterceptedStreams(EngineExecutionOrchestrator.java:67)
	at org.junit.platform.launcher.core.EngineExecutionOrchestrator.execute(EngineExecutionOrchestrator.java:52)
	at org.junit.platform.launcher.core.DefaultLauncher.execute(DefaultLauncher.java:96)
	at org.junit.platform.launcher.core.DefaultLauncher.execute(DefaultLauncher.java:75)
	at org.gradle.api.internal.tasks.testing.junitplatform.JUnitPlatformTestClassProcessor$CollectAllTestClassesExecutor.processAllTestClasses(JUnitPlatformTestClassProcessor.java:99)
	at org.gradle.api.internal.tasks.testing.junitplatform.JUnitPlatformTestClassProcessor$CollectAllTestClassesExecutor.access$000(JUnitPlatformTestClassProcessor.java:79)
	at org.gradle.api.internal.tasks.testing.junitplatform.JUnitPlatformTestClassProcessor.stop(JUnitPlatformTestClassProcessor.java:75)
	at org.gradle.api.internal.tasks.testing.SuiteTestClassProcessor.stop(SuiteTestClassProcessor.java:61)
	at java.base@11.0.17/jdk.internal.reflect.NativeMethodAccessorImpl.invoke0(Native Method)
	at java.base@11.0.17/jdk.internal.reflect.NativeMethodAccessorImpl.invoke(NativeMethodAccessorImpl.java:62)
	at java.base@11.0.17/jdk.internal.reflect.DelegatingMethodAccessorImpl.invoke(DelegatingMethodAccessorImpl.java:43)
	at java.base@11.0.17/java.lang.reflect.Method.invoke(Method.java:566)
	at org.gradle.internal.dispatch.ReflectionDispatch.dispatch(ReflectionDispatch.java:36)
	at org.gradle.internal.dispatch.ReflectionDispatch.dispatch(ReflectionDispatch.java:24)
	at org.gradle.internal.dispatch.ContextClassLoaderDispatch.dispatch(ContextClassLoaderDispatch.java:33)
	at org.gradle.internal.dispatch.ProxyDispatchAdapter$DispatchingInvocationHandler.invoke(ProxyDispatchAdapter.java:94)
	at com.sun.proxy.$Proxy2.stop(Unknown Source)
	at org.gradle.api.internal.tasks.testing.worker.TestWorker$3.run(TestWorker.java:193)
	at org.gradle.api.internal.tasks.testing.worker.TestWorker.executeAndMaintainThreadName(TestWorker.java:129)
	at org.gradle.api.internal.tasks.testing.worker.TestWorker.execute(TestWorker.java:100)
	at org.gradle.api.internal.tasks.testing.worker.TestWorker.execute(TestWorker.java:60)
	at org.gradle.process.internal.worker.child.ActionExecutionWorker.execute(ActionExecutionWorker.java:56)
	at org.gradle.process.internal.worker.child.SystemApplicationClassLoaderWorker.call(SystemApplicationClassLoaderWorker.java:133)
	at org.gradle.process.internal.worker.child.SystemApplicationClassLoaderWorker.call(SystemApplicationClassLoaderWorker.java:71)
	at app//worker.org.gradle.process.internal.worker.GradleWorkerMain.run(GradleWorkerMain.java:69)
	at app//worker.org.gradle.process.internal.worker.GradleWorkerMain.main(GradleWorkerMain.java:74)
Cause 3: org.opentest4j.AssertionFailedError: expected: &lt;true&gt; but was: &lt;false&gt;
	at app//org.junit.jupiter.api.AssertionUtils.fail(AssertionUtils.java:55)
	at app//org.junit.jupiter.api.AssertTrue.assertTrue(AssertTrue.java:40)
	at app//org.junit.jupiter.api.AssertTrue.assertTrue(AssertTrue.java:35)
	at app//org.junit.jupiter.api.Assertions.assertTrue(Assertions.java:179)
	at app//org.waldreg.repository.board.BoardRepositoryTest.lambda$MODIFY_BOARD_SUCCESS_TEST$103(BoardRepositoryTest.java:796)
	at app//org.junit.jupiter.api.AssertAll.lambda$assertAll$0(AssertAll.java:68)
	at java.base@11.0.17/java.util.stream.ReferencePipeline$3$1.accept(ReferencePipeline.java:195)
	at java.base@11.0.17/java.util.Spliterators$ArraySpliterator.forEachRemaining(Spliterators.java:948)
	at java.base@11.0.17/java.util.stream.AbstractPipeline.copyInto(AbstractPipeline.java:484)
	at java.base@11.0.17/java.util.stream.AbstractPipeline.wrapAndCopyInto(AbstractPipeline.java:474)
	at java.base@11.0.17/java.util.stream.ReduceOps$ReduceOp.evaluateSequential(ReduceOps.java:913)
	at java.base@11.0.17/java.util.stream.AbstractPipeline.evaluate(AbstractPipeline.java:234)
	at java.base@11.0.17/java.util.stream.ReferencePipeline.collect(ReferencePipeline.java:578)
	at app//org.junit.jupiter.api.AssertAll.assertAll(AssertAll.java:77)
	at app//org.junit.jupiter.api.AssertAll.assertAll(AssertAll.java:44)
	at app//org.junit.jupiter.api.AssertAll.assertAll(AssertAll.java:38)
	at app//org.junit.jupiter.api.Assertions.assertAll(Assertions.java:2911)
	at app//org.waldreg.repository.board.BoardRepositoryTest.MODIFY_BOARD_SUCCESS_TEST(BoardRepositoryTest.java:788)
	at java.base@11.0.17/jdk.internal.reflect.NativeMethodAccessorImpl.invoke0(Native Method)
	at java.base@11.0.17/jdk.internal.reflect.NativeMethodAccessorImpl.invoke(NativeMethodAccessorImpl.java:62)
	at java.base@11.0.17/jdk.internal.reflect.DelegatingMethodAccessorImpl.invoke(DelegatingMethodAccessorImpl.java:43)
	at java.base@11.0.17/java.lang.reflect.Method.invoke(Method.java:566)
	at app//org.junit.platform.commons.util.ReflectionUtils.invokeMethod(ReflectionUtils.java:725)
	at app//org.junit.jupiter.engine.execution.MethodInvocation.proceed(MethodInvocation.java:60)
	at app//org.junit.jupiter.engine.execution.InvocationInterceptorChain$ValidatingInvocation.proceed(InvocationInterceptorChain.java:131)
	at app//org.junit.jupiter.engine.extension.TimeoutExtension.intercept(TimeoutExtension.java:149)
	at app//org.junit.jupiter.engine.extension.TimeoutExtension.interceptTestableMethod(TimeoutExtension.java:140)
	at app//org.junit.jupiter.engine.extension.TimeoutExtension.interceptTestMethod(TimeoutExtension.java:84)
	at app//org.junit.jupiter.engine.execution.ExecutableInvoker$ReflectiveInterceptorCall.lambda$ofVoidMethod$0(ExecutableInvoker.java:115)
	at app//org.junit.jupiter.engine.execution.ExecutableInvoker.lambda$invoke$0(ExecutableInvoker.java:105)
	at app//org.junit.jupiter.engine.execution.InvocationInterceptorChain$InterceptedInvocation.proceed(InvocationInterceptorChain.java:106)
	at app//org.junit.jupiter.engine.execution.InvocationInterceptorChain.proceed(InvocationInterceptorChain.java:64)
	at app//org.junit.jupiter.engine.execution.InvocationInterceptorChain.chainAndInvoke(InvocationInterceptorChain.java:45)
	at app//org.junit.jupiter.engine.execution.InvocationInterceptorChain.invoke(InvocationInterceptorChain.java:37)
	at app//org.junit.jupiter.engine.execution.ExecutableInvoker.invoke(ExecutableInvoker.java:104)
	at app//org.junit.jupiter.engine.execution.ExecutableInvoker.invoke(ExecutableInvoker.java:98)
	at app//org.junit.jupiter.engine.descriptor.TestMethodTestDescriptor.lambda$invokeTestMethod$7(TestMethodTestDescriptor.java:214)
	at app//org.junit.platform.engine.support.hierarchical.ThrowableCollector.execute(ThrowableCollector.java:73)
	at app//org.junit.jupiter.engine.descriptor.TestMethodTestDescriptor.invokeTestMethod(TestMethodTestDescriptor.java:210)
	at app//org.junit.jupiter.engine.descriptor.TestMethodTestDescriptor.execute(TestMethodTestDescriptor.java:135)
	at app//org.junit.jupiter.engine.descriptor.TestMethodTestDescriptor.execute(TestMethodTestDescriptor.java:66)
	at app//org.junit.platform.engine.support.hierarchical.NodeTestTask.lambda$executeRecursively$6(NodeTestTask.java:151)
	at app//org.junit.platform.engine.support.hierarchical.ThrowableCollector.execute(ThrowableCollector.java:73)
	at app//org.junit.platform.engine.support.hierarchical.NodeTestTask.lambda$executeRecursively$8(NodeTestTask.java:141)
	at app//org.junit.platform.engine.support.hierarchical.Node.around(Node.java:137)
	at app//org.junit.platform.engine.support.hierarchical.NodeTestTask.lambda$executeRecursively$9(NodeTestTask.java:139)
	at app//org.junit.platform.engine.support.hierarchical.ThrowableCollector.execute(ThrowableCollector.java:73)
	at app//org.junit.platform.engine.support.hierarchical.NodeTestTask.executeRecursively(NodeTestTask.java:138)
	at app//org.junit.platform.engine.support.hierarchical.NodeTestTask.execute(NodeTestTask.java:95)
	at java.base@11.0.17/java.util.ArrayList.forEach(ArrayList.java:1541)
	at app//org.junit.platform.engine.support.hierarchical.SameThreadHierarchicalTestExecutorService.invokeAll(SameThreadHierarchicalTestExecutorService.java:41)
	at app//org.junit.platform.engine.support.hierarchical.NodeTestTask.lambda$executeRecursively$6(NodeTestTask.java:155)
	at app//org.junit.platform.engine.support.hierarchical.ThrowableCollector.execute(ThrowableCollector.java:73)
	at app//org.junit.platform.engine.support.hierarchical.NodeTestTask.lambda$executeRecursively$8(NodeTestTask.java:141)
	at app//org.junit.platform.engine.support.hierarchical.Node.around(Node.java:137)
	at app//org.junit.platform.engine.support.hierarchical.NodeTestTask.lambda$executeRecursively$9(NodeTestTask.java:139)
	at app//org.junit.platform.engine.support.hierarchical.ThrowableCollector.execute(ThrowableCollector.java:73)
	at app//org.junit.platform.engine.support.hierarchical.NodeTestTask.executeRecursively(NodeTestTask.java:138)
	at app//org.junit.platform.engine.support.hierarchical.NodeTestTask.execute(NodeTestTask.java:95)
	at java.base@11.0.17/java.util.ArrayList.forEach(ArrayList.java:1541)
	at app//org.junit.platform.engine.support.hierarchical.SameThreadHierarchicalTestExecutorService.invokeAll(SameThreadHierarchicalTestExecutorService.java:41)
	at app//org.junit.platform.engine.support.hierarchical.NodeTestTask.lambda$executeRecursively$6(NodeTestTask.java:155)
	at app//org.junit.platform.engine.support.hierarchical.ThrowableCollector.execute(ThrowableCollector.java:73)
	at app//org.junit.platform.engine.support.hierarchical.NodeTestTask.lambda$executeRecursively$8(NodeTestTask.java:141)
	at app//org.junit.platform.engine.support.hierarchical.Node.around(Node.java:137)
	at app//org.junit.platform.engine.support.hierarchical.NodeTestTask.lambda$executeRecursively$9(NodeTestTask.java:139)
	at app//org.junit.platform.engine.support.hierarchical.ThrowableCollector.execute(ThrowableCollector.java:73)
	at app//org.junit.platform.engine.support.hierarchical.NodeTestTask.executeRecursively(NodeTestTask.java:138)
	at app//org.junit.platform.engine.support.hierarchical.NodeTestTask.execute(NodeTestTask.java:95)
	at app//org.junit.platform.engine.support.hierarchical.SameThreadHierarchicalTestExecutorService.submit(SameThreadHierarchicalTestExecutorService.java:35)
	at app//org.junit.platform.engine.support.hierarchical.HierarchicalTestExecutor.execute(HierarchicalTestExecutor.java:57)
	at app//org.junit.platform.engine.support.hierarchical.HierarchicalTestEngine.execute(HierarchicalTestEngine.java:54)
	at org.junit.platform.launcher.core.EngineExecutionOrchestrator.execute(EngineExecutionOrchestrator.java:108)
	at org.junit.platform.launcher.core.EngineExecutionOrchestrator.execute(EngineExecutionOrchestrator.java:88)
	at org.junit.platform.launcher.core.EngineExecutionOrchestrator.lambda$execute$0(EngineExecutionOrchestrator.java:54)
	at org.junit.platform.launcher.core.EngineExecutionOrchestrator.withInterceptedStreams(EngineExecutionOrchestrator.java:67)
	at org.junit.platform.launcher.core.EngineExecutionOrchestrator.execute(EngineExecutionOrchestrator.java:52)
	at org.junit.platform.launcher.core.DefaultLauncher.execute(DefaultLauncher.java:96)
	at org.junit.platform.launcher.core.DefaultLauncher.execute(DefaultLauncher.java:75)
	at org.gradle.api.internal.tasks.testing.junitplatform.JUnitPlatformTestClassProcessor$CollectAllTestClassesExecutor.processAllTestClasses(JUnitPlatformTestClassProcessor.java:99)
	at org.gradle.api.internal.tasks.testing.junitplatform.JUnitPlatformTestClassProcessor$CollectAllTestClassesExecutor.access$000(JUnitPlatformTestClassProcessor.java:79)
	at org.gradle.api.internal.tasks.testing.junitplatform.JUnitPlatformTestClassProcessor.stop(JUnitPlatformTestClassProcessor.java:75)
	at org.gradle.api.internal.tasks.testing.SuiteTestClassProcessor.stop(SuiteTestClassProcessor.java:61)
	at java.base@11.0.17/jdk.internal.reflect.NativeMethodAccessorImpl.invoke0(Native Method)
	at java.base@11.0.17/jdk.internal.reflect.NativeMethodAccessorImpl.invoke(NativeMethodAccessorImpl.java:62)
	at java.base@11.0.17/jdk.internal.reflect.DelegatingMethodAccessorImpl.invoke(DelegatingMethodAccessorImpl.java:43)
	at java.base@11.0.17/java.lang.reflect.Method.invoke(Method.java:566)
	at org.gradle.internal.dispatch.ReflectionDispatch.dispatch(ReflectionDispatch.java:36)
	at org.gradle.internal.dispatch.ReflectionDispatch.dispatch(ReflectionDispatch.java:24)
	at org.gradle.internal.dispatch.ContextClassLoaderDispatch.dispatch(ContextClassLoaderDispatch.java:33)
	at org.gradle.internal.dispatch.ProxyDispatchAdapter$DispatchingInvocationHandler.invoke(ProxyDispatchAdapter.java:94)
	at com.sun.proxy.$Proxy2.stop(Unknown Source)
	at org.gradle.api.internal.tasks.testing.worker.TestWorker$3.run(TestWorker.java:193)
	at org.gradle.api.internal.tasks.testing.worker.TestWorker.executeAndMaintainThreadName(TestWorker.java:129)
	at org.gradle.api.internal.tasks.testing.worker.TestWorker.execute(TestWorker.java:100)
	at org.gradle.api.internal.tasks.testing.worker.TestWorker.execute(TestWorker.java:60)
	at org.gradle.process.internal.worker.child.ActionExecutionWorker.execute(ActionExecutionWorker.java:56)
	at org.gradle.process.internal.worker.child.SystemApplicationClassLoaderWorker.call(SystemApplicationClassLoaderWorker.java:133)
	at org.gradle.process.internal.worker.child.SystemApplicationClassLoaderWorker.call(SystemApplicationClassLoaderWorker.java:71)
	at app//worker.org.gradle.process.internal.worker.GradleWorkerMain.run(GradleWorkerMain.java:69)
	at app//worker.org.gradle.process.internal.worker.GradleWorkerMain.main(GradleWorkerMain.java:74)
Cause 4: java.lang.ArrayIndexOutOfBoundsException: Index 0 out of bounds for length 0
	at java.base/java.util.ImmutableCollections$ListN.get(ImmutableCollections.java:449)
	at org.waldreg.repository.board.BoardRepositoryTest.lambda$MODIFY_BOARD_SUCCESS_TEST$104(BoardRepositoryTest.java:797)
	at org.junit.jupiter.api.AssertAll.lambda$assertAll$0(AssertAll.java:68)
	at java.base/java.util.stream.ReferencePipeline$3$1.accept(ReferencePipeline.java:195)
	at java.base/java.util.Spliterators$ArraySpliterator.forEachRemaining(Spliterators.java:948)
	at java.base/java.util.stream.AbstractPipeline.copyInto(AbstractPipeline.java:484)
	at java.base/java.util.stream.AbstractPipeline.wrapAndCopyInto(AbstractPipeline.java:474)
	at java.base/java.util.stream.ReduceOps$ReduceOp.evaluateSequential(ReduceOps.java:913)
	at java.base/java.util.stream.AbstractPipeline.evaluate(AbstractPipeline.java:234)
	at java.base/java.util.stream.ReferencePipeline.collect(ReferencePipeline.java:578)
	at org.junit.jupiter.api.AssertAll.assertAll(AssertAll.java:77)
	at org.junit.jupiter.api.AssertAll.assertAll(AssertAll.java:44)
	at org.junit.jupiter.api.AssertAll.assertAll(AssertAll.java:38)
	at org.junit.jupiter.api.Assertions.assertAll(Assertions.java:2911)
	at org.waldreg.repository.board.BoardRepositoryTest.MODIFY_BOARD_SUCCESS_TEST(BoardRepositoryTest.java:788)
	at java.base/jdk.internal.reflect.NativeMethodAccessorImpl.invoke0(Native Method)
	at java.base/jdk.internal.reflect.NativeMethodAccessorImpl.invoke(NativeMethodAccessorImpl.java:62)
	at java.base/jdk.internal.reflect.DelegatingMethodAccessorImpl.invoke(DelegatingMethodAccessorImpl.java:43)
	at java.base/java.lang.reflect.Method.invoke(Method.java:566)
	at org.junit.platform.commons.util.ReflectionUtils.invokeMethod(ReflectionUtils.java:725)
	at org.junit.jupiter.engine.execution.MethodInvocation.proceed(MethodInvocation.java:60)
	at org.junit.jupiter.engine.execution.InvocationInterceptorChain$ValidatingInvocation.proceed(InvocationInterceptorChain.java:131)
	at org.junit.jupiter.engine.extension.TimeoutExtension.intercept(TimeoutExtension.java:149)
	at org.junit.jupiter.engine.extension.TimeoutExtension.interceptTestableMethod(TimeoutExtension.java:140)
	at org.junit.jupiter.engine.extension.TimeoutExtension.interceptTestMethod(TimeoutExtension.java:84)
	at org.junit.jupiter.engine.execution.ExecutableInvoker$ReflectiveInterceptorCall.lambda$ofVoidMethod$0(ExecutableInvoker.java:115)
	at org.junit.jupiter.engine.execution.ExecutableInvoker.lambda$invoke$0(ExecutableInvoker.java:105)
	at org.junit.jupiter.engine.execution.InvocationInterceptorChain$InterceptedInvocation.proceed(InvocationInterceptorChain.java:106)
	at org.junit.jupiter.engine.execution.InvocationInterceptorChain.proceed(InvocationInterceptorChain.java:64)
	at org.junit.jupiter.engine.execution.InvocationInterceptorChain.chainAndInvoke(InvocationInterceptorChain.java:45)
	at org.junit.jupiter.engine.execution.InvocationInterceptorChain.invoke(InvocationInterceptorChain.java:37)
	at org.junit.jupiter.engine.execution.ExecutableInvoker.invoke(ExecutableInvoker.java:104)
	at org.junit.jupiter.engine.execution.ExecutableInvoker.invoke(ExecutableInvoker.java:98)
	at org.junit.jupiter.engine.descriptor.TestMethodTestDescriptor.lambda$invokeTestMethod$7(TestMethodTestDescriptor.java:214)
	at org.junit.platform.engine.support.hierarchical.ThrowableCollector.execute(ThrowableCollector.java:73)
	at org.junit.jupiter.engine.descriptor.TestMethodTestDescriptor.invokeTestMethod(TestMethodTestDescriptor.java:210)
	at org.junit.jupiter.engine.descriptor.TestMethodTestDescriptor.execute(TestMethodTestDescriptor.java:135)
	at org.junit.jupiter.engine.descriptor.TestMethodTestDescriptor.execute(TestMethodTestDescriptor.java:66)
	at org.junit.platform.engine.support.hierarchical.NodeTestTask.lambda$executeRecursively$6(NodeTestTask.java:151)
	at org.junit.platform.engine.support.hierarchical.ThrowableCollector.execute(ThrowableCollector.java:73)
	at org.junit.platform.engine.support.hierarchical.NodeTestTask.lambda$executeRecursively$8(NodeTestTask.java:141)
	at org.junit.platform.engine.support.hierarchical.Node.around(Node.java:137)
	at org.junit.platform.engine.support.hierarchical.NodeTestTask.lambda$executeRecursively$9(NodeTestTask.java:139)
	at org.junit.platform.engine.support.hierarchical.ThrowableCollector.execute(ThrowableCollector.java:73)
	at org.junit.platform.engine.support.hierarchical.NodeTestTask.executeRecursively(NodeTestTask.java:138)
	at org.junit.platform.engine.support.hierarchical.NodeTestTask.execute(NodeTestTask.java:95)
	at java.base/java.util.ArrayList.forEach(ArrayList.java:1541)
	at org.junit.platform.engine.support.hierarchical.SameThreadHierarchicalTestExecutorService.invokeAll(SameThreadHierarchicalTestExecutorService.java:41)
	at org.junit.platform.engine.support.hierarchical.NodeTestTask.lambda$executeRecursively$6(NodeTestTask.java:155)
	at org.junit.platform.engine.support.hierarchical.ThrowableCollector.execute(ThrowableCollector.java:73)
	at org.junit.platform.engine.support.hierarchical.NodeTestTask.lambda$executeRecursively$8(NodeTestTask.java:141)
	at org.junit.platform.engine.support.hierarchical.Node.around(Node.java:137)
	at org.junit.platform.engine.support.hierarchical.NodeTestTask.lambda$executeRecursively$9(NodeTestTask.java:139)
	at org.junit.platform.engine.support.hierarchical.ThrowableCollector.execute(ThrowableCollector.java:73)
	at org.junit.platform.engine.support.hierarchical.NodeTestTask.executeRecursively(NodeTestTask.java:138)
	at org.junit.platform.engine.support.hierarchical.NodeTestTask.execute(NodeTestTask.java:95)
	at java.base/java.util.ArrayList.forEach(ArrayList.java:1541)
	at org.junit.platform.engine.support.hierarchical.SameThreadHierarchicalTestExecutorService.invokeAll(SameThreadHierarchicalTestExecutorService.java:41)
	at org.junit.platform.engine.support.hierarchical.NodeTestTask.lambda$executeRecursively$6(NodeTestTask.java:155)
	at org.junit.platform.engine.support.hierarchical.ThrowableCollector.execute(ThrowableCollector.java:73)
	at org.junit.platform.engine.support.hierarchical.NodeTestTask.lambda$executeRecursively$8(NodeTestTask.java:141)
	at org.junit.platform.engine.support.hierarchical.Node.around(Node.java:137)
	at org.junit.platform.engine.support.hierarchical.NodeTestTask.lambda$executeRecursively$9(NodeTestTask.java:139)
	at org.junit.platform.engine.support.hierarchical.ThrowableCollector.execute(ThrowableCollector.java:73)
	at org.junit.platform.engine.support.hierarchical.NodeTestTask.executeRecursively(NodeTestTask.java:138)
	at org.junit.platform.engine.support.hierarchical.NodeTestTask.execute(NodeTestTask.java:95)
	at org.junit.platform.engine.support.hierarchical.SameThreadHierarchicalTestExecutorService.submit(SameThreadHierarchicalTestExecutorService.java:35)
	at org.junit.platform.engine.support.hierarchical.HierarchicalTestExecutor.execute(HierarchicalTestExecutor.java:57)
	at org.junit.platform.engine.support.hierarchical.HierarchicalTestEngine.execute(HierarchicalTestEngine.java:54)
	at org.junit.platform.launcher.core.EngineExecutionOrchestrator.execute(EngineExecutionOrchestrator.java:108)
	at org.junit.platform.launcher.core.EngineExecutionOrchestrator.execute(EngineExecutionOrchestrator.java:88)
	at org.junit.platform.launcher.core.EngineExecutionOrchestrator.lambda$execute$0(EngineExecutionOrchestrator.java:54)
	at org.junit.platform.launcher.core.EngineExecutionOrchestrator.withInterceptedStreams(EngineExecutionOrchestrator.java:67)
	at org.junit.platform.launcher.core.EngineExecutionOrchestrator.execute(EngineExecutionOrchestrator.java:52)
	at org.junit.platform.launcher.core.DefaultLauncher.execute(DefaultLauncher.java:96)
	at org.junit.platform.launcher.core.DefaultLauncher.execute(DefaultLauncher.java:75)
	at org.gradle.api.internal.tasks.testing.junitplatform.JUnitPlatformTestClassProcessor$CollectAllTestClassesExecutor.processAllTestClasses(JUnitPlatformTestClassProcessor.java:99)
	at org.gradle.api.internal.tasks.testing.junitplatform.JUnitPlatformTestClassProcessor$CollectAllTestClassesExecutor.access$000(JUnitPlatformTestClassProcessor.java:79)
	at org.gradle.api.internal.tasks.testing.junitplatform.JUnitPlatformTestClassProcessor.stop(JUnitPlatformTestClassProcessor.java:75)
	at org.gradle.api.internal.tasks.testing.SuiteTestClassProcessor.stop(SuiteTestClassProcessor.java:61)
	at java.base/jdk.internal.reflect.NativeMethodAccessorImpl.invoke0(Native Method)
	at java.base/jdk.internal.reflect.NativeMethodAccessorImpl.invoke(NativeMethodAccessorImpl.java:62)
	at java.base/jdk.internal.reflect.DelegatingMethodAccessorImpl.invoke(DelegatingMethodAccessorImpl.java:43)
	at java.base/java.lang.reflect.Method.invoke(Method.java:566)
	at org.gradle.internal.dispatch.ReflectionDispatch.dispatch(ReflectionDispatch.java:36)
	at org.gradle.internal.dispatch.ReflectionDispatch.dispatch(ReflectionDispatch.java:24)
	at org.gradle.internal.dispatch.ContextClassLoaderDispatch.dispatch(ContextClassLoaderDispatch.java:33)
	at org.gradle.internal.dispatch.ProxyDispatchAdapter$DispatchingInvocationHandler.invoke(ProxyDispatchAdapter.java:94)
	at com.sun.proxy.$Proxy2.stop(Unknown Source)
	at org.gradle.api.internal.tasks.testing.worker.TestWorker$3.run(TestWorker.java:193)
	at org.gradle.api.internal.tasks.testing.worker.TestWorker.executeAndMaintainThreadName(TestWorker.java:129)
	at org.gradle.api.internal.tasks.testing.worker.TestWorker.execute(TestWorker.java:100)
	at org.gradle.api.internal.tasks.testing.worker.TestWorker.execute(TestWorker.java:60)
	at org.gradle.process.internal.worker.child.ActionExecutionWorker.execute(ActionExecutionWorker.java:56)
	at org.gradle.process.internal.worker.child.SystemApplicationClassLoaderWorker.call(SystemApplicationClassLoaderWorker.java:133)
	at org.gradle.process.internal.worker.child.SystemApplicationClassLoaderWorker.call(SystemApplicationClassLoaderWorker.java:71)
	at worker.org.gradle.process.internal.worker.GradleWorkerMain.run(GradleWorkerMain.java:69)
	at worker.org.gradle.process.internal.worker.GradleWorkerMain.main(GradleWorkerMain.java:74)
Cause 5: org.opentest4j.AssertionFailedError: expected: &lt;true&gt; but was: &lt;false&gt;
	at app//org.junit.jupiter.api.AssertionUtils.fail(AssertionUtils.java:55)
	at app//org.junit.jupiter.api.AssertTrue.assertTrue(AssertTrue.java:40)
	at app//org.junit.jupiter.api.AssertTrue.assertTrue(AssertTrue.java:35)
	at app//org.junit.jupiter.api.Assertions.assertTrue(Assertions.java:179)
	at app//org.waldreg.repository.board.BoardRepositoryTest.lambda$MODIFY_BOARD_SUCCESS_TEST$105(BoardRepositoryTest.java:798)
	at app//org.junit.jupiter.api.AssertAll.lambda$assertAll$0(AssertAll.java:68)
	at java.base@11.0.17/java.util.stream.ReferencePipeline$3$1.accept(ReferencePipeline.java:195)
	at java.base@11.0.17/java.util.Spliterators$ArraySpliterator.forEachRemaining(Spliterators.java:948)
	at java.base@11.0.17/java.util.stream.AbstractPipeline.copyInto(AbstractPipeline.java:484)
	at java.base@11.0.17/java.util.stream.AbstractPipeline.wrapAndCopyInto(AbstractPipeline.java:474)
	at java.base@11.0.17/java.util.stream.ReduceOps$ReduceOp.evaluateSequential(ReduceOps.java:913)
	at java.base@11.0.17/java.util.stream.AbstractPipeline.evaluate(AbstractPipeline.java:234)
	at java.base@11.0.17/java.util.stream.ReferencePipeline.collect(ReferencePipeline.java:578)
	at app//org.junit.jupiter.api.AssertAll.assertAll(AssertAll.java:77)
	at app//org.junit.jupiter.api.AssertAll.assertAll(AssertAll.java:44)
	at app//org.junit.jupiter.api.AssertAll.assertAll(AssertAll.java:38)
	at app//org.junit.jupiter.api.Assertions.assertAll(Assertions.java:2911)
	at app//org.waldreg.repository.board.BoardRepositoryTest.MODIFY_BOARD_SUCCESS_TEST(BoardRepositoryTest.java:788)
	at java.base@11.0.17/jdk.internal.reflect.NativeMethodAccessorImpl.invoke0(Native Method)
	at java.base@11.0.17/jdk.internal.reflect.NativeMethodAccessorImpl.invoke(NativeMethodAccessorImpl.java:62)
	at java.base@11.0.17/jdk.internal.reflect.DelegatingMethodAccessorImpl.invoke(DelegatingMethodAccessorImpl.java:43)
	at java.base@11.0.17/java.lang.reflect.Method.invoke(Method.java:566)
	at app//org.junit.platform.commons.util.ReflectionUtils.invokeMethod(ReflectionUtils.java:725)
	at app//org.junit.jupiter.engine.execution.MethodInvocation.proceed(MethodInvocation.java:60)
	at app//org.junit.jupiter.engine.execution.InvocationInterceptorChain$ValidatingInvocation.proceed(InvocationInterceptorChain.java:131)
	at app//org.junit.jupiter.engine.extension.TimeoutExtension.intercept(TimeoutExtension.java:149)
	at app//org.junit.jupiter.engine.extension.TimeoutExtension.interceptTestableMethod(TimeoutExtension.java:140)
	at app//org.junit.jupiter.engine.extension.TimeoutExtension.interceptTestMethod(TimeoutExtension.java:84)
	at app//org.junit.jupiter.engine.execution.ExecutableInvoker$ReflectiveInterceptorCall.lambda$ofVoidMethod$0(ExecutableInvoker.java:115)
	at app//org.junit.jupiter.engine.execution.ExecutableInvoker.lambda$invoke$0(ExecutableInvoker.java:105)
	at app//org.junit.jupiter.engine.execution.InvocationInterceptorChain$InterceptedInvocation.proceed(InvocationInterceptorChain.java:106)
	at app//org.junit.jupiter.engine.execution.InvocationInterceptorChain.proceed(InvocationInterceptorChain.java:64)
	at app//org.junit.jupiter.engine.execution.InvocationInterceptorChain.chainAndInvoke(InvocationInterceptorChain.java:45)
	at app//org.junit.jupiter.engine.execution.InvocationInterceptorChain.invoke(InvocationInterceptorChain.java:37)
	at app//org.junit.jupiter.engine.execution.ExecutableInvoker.invoke(ExecutableInvoker.java:104)
	at app//org.junit.jupiter.engine.execution.ExecutableInvoker.invoke(ExecutableInvoker.java:98)
	at app//org.junit.jupiter.engine.descriptor.TestMethodTestDescriptor.lambda$invokeTestMethod$7(TestMethodTestDescriptor.java:214)
	at app//org.junit.platform.engine.support.hierarchical.ThrowableCollector.execute(ThrowableCollector.java:73)
	at app//org.junit.jupiter.engine.descriptor.TestMethodTestDescriptor.invokeTestMethod(TestMethodTestDescriptor.java:210)
	at app//org.junit.jupiter.engine.descriptor.TestMethodTestDescriptor.execute(TestMethodTestDescriptor.java:135)
	at app//org.junit.jupiter.engine.descriptor.TestMethodTestDescriptor.execute(TestMethodTestDescriptor.java:66)
	at app//org.junit.platform.engine.support.hierarchical.NodeTestTask.lambda$executeRecursively$6(NodeTestTask.java:151)
	at app//org.junit.platform.engine.support.hierarchical.ThrowableCollector.execute(ThrowableCollector.java:73)
	at app//org.junit.platform.engine.support.hierarchical.NodeTestTask.lambda$executeRecursively$8(NodeTestTask.java:141)
	at app//org.junit.platform.engine.support.hierarchical.Node.around(Node.java:137)
	at app//org.junit.platform.engine.support.hierarchical.NodeTestTask.lambda$executeRecursively$9(NodeTestTask.java:139)
	at app//org.junit.platform.engine.support.hierarchical.ThrowableCollector.execute(ThrowableCollector.java:73)
	at app//org.junit.platform.engine.support.hierarchical.NodeTestTask.executeRecursively(NodeTestTask.java:138)
	at app//org.junit.platform.engine.support.hierarchical.NodeTestTask.execute(NodeTestTask.java:95)
	at java.base@11.0.17/java.util.ArrayList.forEach(ArrayList.java:1541)
	at app//org.junit.platform.engine.support.hierarchical.SameThreadHierarchicalTestExecutorService.invokeAll(SameThreadHierarchicalTestExecutorService.java:41)
	at app//org.junit.platform.engine.support.hierarchical.NodeTestTask.lambda$executeRecursively$6(NodeTestTask.java:155)
	at app//org.junit.platform.engine.support.hierarchical.ThrowableCollector.execute(ThrowableCollector.java:73)
	at app//org.junit.platform.engine.support.hierarchical.NodeTestTask.lambda$executeRecursively$8(NodeTestTask.java:141)
	at app//org.junit.platform.engine.support.hierarchical.Node.around(Node.java:137)
	at app//org.junit.platform.engine.support.hierarchical.NodeTestTask.lambda$executeRecursively$9(NodeTestTask.java:139)
	at app//org.junit.platform.engine.support.hierarchical.ThrowableCollector.execute(ThrowableCollector.java:73)
	at app//org.junit.platform.engine.support.hierarchical.NodeTestTask.executeRecursively(NodeTestTask.java:138)
	at app//org.junit.platform.engine.support.hierarchical.NodeTestTask.execute(NodeTestTask.java:95)
	at java.base@11.0.17/java.util.ArrayList.forEach(ArrayList.java:1541)
	at app//org.junit.platform.engine.support.hierarchical.SameThreadHierarchicalTestExecutorService.invokeAll(SameThreadHierarchicalTestExecutorService.java:41)
	at app//org.junit.platform.engine.support.hierarchical.NodeTestTask.lambda$executeRecursively$6(NodeTestTask.java:155)
	at app//org.junit.platform.engine.support.hierarchical.ThrowableCollector.execute(ThrowableCollector.java:73)
	at app//org.junit.platform.engine.support.hierarchical.NodeTestTask.lambda$executeRecursively$8(NodeTestTask.java:141)
	at app//org.junit.platform.engine.support.hierarchical.Node.around(Node.java:137)
	at app//org.junit.platform.engine.support.hierarchical.NodeTestTask.lambda$executeRecursively$9(NodeTestTask.java:139)
	at app//org.junit.platform.engine.support.hierarchical.ThrowableCollector.execute(ThrowableCollector.java:73)
	at app//org.junit.platform.engine.support.hierarchical.NodeTestTask.executeRecursively(NodeTestTask.java:138)
	at app//org.junit.platform.engine.support.hierarchical.NodeTestTask.execute(NodeTestTask.java:95)
	at app//org.junit.platform.engine.support.hierarchical.SameThreadHierarchicalTestExecutorService.submit(SameThreadHierarchicalTestExecutorService.java:35)
	at app//org.junit.platform.engine.support.hierarchical.HierarchicalTestExecutor.execute(HierarchicalTestExecutor.java:57)
	at app//org.junit.platform.engine.support.hierarchical.HierarchicalTestEngine.execute(HierarchicalTestEngine.java:54)
	at org.junit.platform.launcher.core.EngineExecutionOrchestrator.execute(EngineExecutionOrchestrator.java:108)
	at org.junit.platform.launcher.core.EngineExecutionOrchestrator.execute(EngineExecutionOrchestrator.java:88)
	at org.junit.platform.launcher.core.EngineExecutionOrchestrator.lambda$execute$0(EngineExecutionOrchestrator.java:54)
	at org.junit.platform.launcher.core.EngineExecutionOrchestrator.withInterceptedStreams(EngineExecutionOrchestrator.java:67)
	at org.junit.platform.launcher.core.EngineExecutionOrchestrator.execute(EngineExecutionOrchestrator.java:52)
	at org.junit.platform.launcher.core.DefaultLauncher.execute(DefaultLauncher.java:96)
	at org.junit.platform.launcher.core.DefaultLauncher.execute(DefaultLauncher.java:75)
	at org.gradle.api.internal.tasks.testing.junitplatform.JUnitPlatformTestClassProcessor$CollectAllTestClassesExecutor.processAllTestClasses(JUnitPlatformTestClassProcessor.java:99)
	at org.gradle.api.internal.tasks.testing.junitplatform.JUnitPlatformTestClassProcessor$CollectAllTestClassesExecutor.access$000(JUnitPlatformTestClassProcessor.java:79)
	at org.gradle.api.internal.tasks.testing.junitplatform.JUnitPlatformTestClassProcessor.stop(JUnitPlatformTestClassProcessor.java:75)
	at org.gradle.api.internal.tasks.testing.SuiteTestClassProcessor.stop(SuiteTestClassProcessor.java:61)
	at java.base@11.0.17/jdk.internal.reflect.NativeMethodAccessorImpl.invoke0(Native Method)
	at java.base@11.0.17/jdk.internal.reflect.NativeMethodAccessorImpl.invoke(NativeMethodAccessorImpl.java:62)
	at java.base@11.0.17/jdk.internal.reflect.DelegatingMethodAccessorImpl.invoke(DelegatingMethodAccessorImpl.java:43)
	at java.base@11.0.17/java.lang.reflect.Method.invoke(Method.java:566)
	at org.gradle.internal.dispatch.ReflectionDispatch.dispatch(ReflectionDispatch.java:36)
	at org.gradle.internal.dispatch.ReflectionDispatch.dispatch(ReflectionDispatch.java:24)
	at org.gradle.internal.dispatch.ContextClassLoaderDispatch.dispatch(ContextClassLoaderDispatch.java:33)
	at org.gradle.internal.dispatch.ProxyDispatchAdapter$DispatchingInvocationHandler.invoke(ProxyDispatchAdapter.java:94)
	at com.sun.proxy.$Proxy2.stop(Unknown Source)
	at org.gradle.api.internal.tasks.testing.worker.TestWorker$3.run(TestWorker.java:193)
	at org.gradle.api.internal.tasks.testing.worker.TestWorker.executeAndMaintainThreadName(TestWorker.java:129)
	at org.gradle.api.internal.tasks.testing.worker.TestWorker.execute(TestWorker.java:100)
	at org.gradle.api.internal.tasks.testing.worker.TestWorker.execute(TestWorker.java:60)
	at org.gradle.process.internal.worker.child.ActionExecutionWorker.execute(ActionExecutionWorker.java:56)
	at org.gradle.process.internal.worker.child.SystemApplicationClassLoaderWorker.call(SystemApplicationClassLoaderWorker.java:133)
	at org.gradle.process.internal.worker.child.SystemApplicationClassLoaderWorker.call(SystemApplicationClassLoaderWorker.java:71)
	at app//worker.org.gradle.process.internal.worker.GradleWorkerMain.run(GradleWorkerMain.java:69)
	at app//worker.org.gradle.process.internal.worker.GradleWorkerMain.main(GradleWorkerMain.java:74)
</failure>
  </testcase>
  <system-out><![CDATA[16:47:22.563 [Test worker] DEBUG org.springframework.test.context.BootstrapUtils - Instantiating CacheAwareContextLoaderDelegate from class [org.springframework.test.context.cache.DefaultCacheAwareContextLoaderDelegate]
16:47:22.576 [Test worker] DEBUG org.springframework.test.context.BootstrapUtils - Instantiating BootstrapContext using constructor [public org.springframework.test.context.support.DefaultBootstrapContext(java.lang.Class,org.springframework.test.context.CacheAwareContextLoaderDelegate)]
16:47:22.609 [Test worker] DEBUG org.springframework.test.context.BootstrapUtils - Instantiating TestContextBootstrapper for test class [org.waldreg.repository.board.BoardRepositoryTest] from class [org.springframework.test.context.support.DefaultTestContextBootstrapper]
16:47:22.637 [Test worker] DEBUG org.springframework.test.context.support.AbstractDelegatingSmartContextLoader - Delegating to AnnotationConfigContextLoader to process context configuration [ContextConfigurationAttributes@bf1ec20 declaringClass = 'org.waldreg.repository.board.BoardRepositoryTest', classes = '{class org.waldreg.repository.board.MemoryBoardRepository, class org.waldreg.repository.MemoryBoardStorage, class org.waldreg.repository.user.MemoryUserRepository, class org.waldreg.repository.MemoryUserStorage, class org.waldreg.repository.character.MemoryCharacterRepository, class org.waldreg.repository.MemoryCharacterStorage, class org.waldreg.repository.board.BoardMapper, class org.waldreg.repository.user.UserMapper, class org.waldreg.repository.character.CharacterMapper}', locations = '{}', inheritLocations = true, initializers = '{}', inheritInitializers = true, name = [null], contextLoaderClass = 'org.springframework.test.context.ContextLoader'].
16:47:22.687 [Test worker] DEBUG org.springframework.test.context.support.ActiveProfilesUtils - Could not find an 'annotation declaring class' for annotation type [org.springframework.test.context.ActiveProfiles] and class [org.waldreg.repository.board.BoardRepositoryTest]
16:47:22.688 [Test worker] DEBUG org.springframework.test.context.support.DefaultTestContextBootstrapper - @TestExecutionListeners is not present for class [org.waldreg.repository.board.BoardRepositoryTest]: using defaults.
16:47:22.688 [Test worker] INFO org.springframework.test.context.support.DefaultTestContextBootstrapper - Loaded default TestExecutionListener class names from location [META-INF/spring.factories]: [org.springframework.boot.test.autoconfigure.restdocs.RestDocsTestExecutionListener, org.springframework.boot.test.autoconfigure.web.client.MockRestServiceServerResetTestExecutionListener, org.springframework.boot.test.autoconfigure.web.servlet.MockMvcPrintOnlyOnFailureTestExecutionListener, org.springframework.boot.test.autoconfigure.web.servlet.WebDriverTestExecutionListener, org.springframework.boot.test.autoconfigure.webservices.client.MockWebServiceServerTestExecutionListener, org.springframework.boot.test.mock.mockito.MockitoTestExecutionListener, org.springframework.boot.test.mock.mockito.ResetMocksTestExecutionListener, org.springframework.test.context.web.ServletTestExecutionListener, org.springframework.test.context.support.DirtiesContextBeforeModesTestExecutionListener, org.springframework.test.context.event.ApplicationEventsTestExecutionListener, org.springframework.test.context.support.DependencyInjectionTestExecutionListener, org.springframework.test.context.support.DirtiesContextTestExecutionListener, org.springframework.test.context.transaction.TransactionalTestExecutionListener, org.springframework.test.context.jdbc.SqlScriptsTestExecutionListener, org.springframework.test.context.event.EventPublishingTestExecutionListener]
16:47:22.697 [Test worker] DEBUG org.springframework.test.context.support.DefaultTestContextBootstrapper - Skipping candidate TestExecutionListener [org.springframework.test.context.transaction.TransactionalTestExecutionListener] due to a missing dependency. Specify custom listener classes or make the default listener classes and their required dependencies available. Offending class: [org/springframework/transaction/TransactionDefinition]
16:47:22.698 [Test worker] DEBUG org.springframework.test.context.support.DefaultTestContextBootstrapper - Skipping candidate TestExecutionListener [org.springframework.test.context.jdbc.SqlScriptsTestExecutionListener] due to a missing dependency. Specify custom listener classes or make the default listener classes and their required dependencies available. Offending class: [org/springframework/transaction/interceptor/TransactionAttribute]
16:47:22.698 [Test worker] INFO org.springframework.test.context.support.DefaultTestContextBootstrapper - Using TestExecutionListeners: [org.springframework.test.context.web.ServletTestExecutionListener@14f5da2c, org.springframework.test.context.support.DirtiesContextBeforeModesTestExecutionListener@12dae582, org.springframework.test.context.event.ApplicationEventsTestExecutionListener@239b0f9d, org.springframework.boot.test.mock.mockito.MockitoTestExecutionListener@619bfe29, org.springframework.test.context.support.DependencyInjectionTestExecutionListener@5b057c8c, org.springframework.test.context.support.DirtiesContextTestExecutionListener@1eb6749b, org.springframework.test.context.event.EventPublishingTestExecutionListener@652a7737, org.springframework.boot.test.autoconfigure.restdocs.RestDocsTestExecutionListener@5b7ea70d, org.springframework.boot.test.autoconfigure.web.client.MockRestServiceServerResetTestExecutionListener@2bef51f2, org.springframework.boot.test.autoconfigure.web.servlet.MockMvcPrintOnlyOnFailureTestExecutionListener@650eab8, org.springframework.boot.test.autoconfigure.web.servlet.WebDriverTestExecutionListener@30f5a68a, org.springframework.boot.test.autoconfigure.webservices.client.MockWebServiceServerTestExecutionListener@1e1d3956, org.springframework.boot.test.mock.mockito.ResetMocksTestExecutionListener@4f2c9ba6]
16:47:22.700 [Test worker] DEBUG org.springframework.test.context.support.AbstractDirtiesContextTestExecutionListener - Before test class: context [DefaultTestContext@a8c1f44 testClass = BoardRepositoryTest, testInstance = [null], testMethod = [null], testException = [null], mergedContextConfiguration = [MergedContextConfiguration@150ab4ed testClass = BoardRepositoryTest, locations = '{}', classes = '{class org.waldreg.repository.board.MemoryBoardRepository, class org.waldreg.repository.MemoryBoardStorage, class org.waldreg.repository.user.MemoryUserRepository, class org.waldreg.repository.MemoryUserStorage, class org.waldreg.repository.character.MemoryCharacterRepository, class org.waldreg.repository.MemoryCharacterStorage, class org.waldreg.repository.board.BoardMapper, class org.waldreg.repository.user.UserMapper, class org.waldreg.repository.character.CharacterMapper}', contextInitializerClasses = '[]', activeProfiles = '{}', propertySourceLocations = '{}', propertySourceProperties = '{}', contextCustomizers = set[org.springframework.boot.test.autoconfigure.actuate.metrics.MetricsExportContextCustomizerFactory$DisableMetricExportContextCustomizer@5c00384f, org.springframework.boot.test.autoconfigure.properties.PropertyMappingContextCustomizer@0, org.springframework.boot.test.autoconfigure.web.servlet.WebDriverContextCustomizerFactory$Customizer@4504d271, org.springframework.boot.test.context.filter.ExcludeFilterContextCustomizer@2b5825fa, org.springframework.boot.test.json.DuplicateJsonObjectContextCustomizerFactory$DuplicateJsonObjectContextCustomizer@2262b621, org.springframework.boot.test.mock.mockito.MockitoContextCustomizer@0], contextLoader = 'org.springframework.test.context.support.DelegatingSmartContextLoader', parent = [null]], attributes = map[[empty]]], class annotated with @DirtiesContext [false] with mode [null].
16:47:22.712 [Test worker] DEBUG org.springframework.test.context.support.DependencyInjectionTestExecutionListener - Performing dependency injection for test context [[DefaultTestContext@a8c1f44 testClass = BoardRepositoryTest, testInstance = org.waldreg.repository.board.BoardRepositoryTest@5b64c4b7, testMethod = [null], testException = [null], mergedContextConfiguration = [MergedContextConfiguration@150ab4ed testClass = BoardRepositoryTest, locations = '{}', classes = '{class org.waldreg.repository.board.MemoryBoardRepository, class org.waldreg.repository.MemoryBoardStorage, class org.waldreg.repository.user.MemoryUserRepository, class org.waldreg.repository.MemoryUserStorage, class org.waldreg.repository.character.MemoryCharacterRepository, class org.waldreg.repository.MemoryCharacterStorage, class org.waldreg.repository.board.BoardMapper, class org.waldreg.repository.user.UserMapper, class org.waldreg.repository.character.CharacterMapper}', contextInitializerClasses = '[]', activeProfiles = '{}', propertySourceLocations = '{}', propertySourceProperties = '{}', contextCustomizers = set[org.springframework.boot.test.autoconfigure.actuate.metrics.MetricsExportContextCustomizerFactory$DisableMetricExportContextCustomizer@5c00384f, org.springframework.boot.test.autoconfigure.properties.PropertyMappingContextCustomizer@0, org.springframework.boot.test.autoconfigure.web.servlet.WebDriverContextCustomizerFactory$Customizer@4504d271, org.springframework.boot.test.context.filter.ExcludeFilterContextCustomizer@2b5825fa, org.springframework.boot.test.json.DuplicateJsonObjectContextCustomizerFactory$DuplicateJsonObjectContextCustomizer@2262b621, org.springframework.boot.test.mock.mockito.MockitoContextCustomizer@0], contextLoader = 'org.springframework.test.context.support.DelegatingSmartContextLoader', parent = [null]], attributes = map['org.springframework.test.context.event.ApplicationEventsTestExecutionListener.recordApplicationEvents' -> false]]].
16:47:22.712 [Test worker] DEBUG org.springframework.test.context.support.AbstractDelegatingSmartContextLoader - Delegating to AnnotationConfigContextLoader to load context from [MergedContextConfiguration@150ab4ed testClass = BoardRepositoryTest, locations = '{}', classes = '{class org.waldreg.repository.board.MemoryBoardRepository, class org.waldreg.repository.MemoryBoardStorage, class org.waldreg.repository.user.MemoryUserRepository, class org.waldreg.repository.MemoryUserStorage, class org.waldreg.repository.character.MemoryCharacterRepository, class org.waldreg.repository.MemoryCharacterStorage, class org.waldreg.repository.board.BoardMapper, class org.waldreg.repository.user.UserMapper, class org.waldreg.repository.character.CharacterMapper}', contextInitializerClasses = '[]', activeProfiles = '{}', propertySourceLocations = '{}', propertySourceProperties = '{}', contextCustomizers = set[org.springframework.boot.test.autoconfigure.actuate.metrics.MetricsExportContextCustomizerFactory$DisableMetricExportContextCustomizer@5c00384f, org.springframework.boot.test.autoconfigure.properties.PropertyMappingContextCustomizer@0, org.springframework.boot.test.autoconfigure.web.servlet.WebDriverContextCustomizerFactory$Customizer@4504d271, org.springframework.boot.test.context.filter.ExcludeFilterContextCustomizer@2b5825fa, org.springframework.boot.test.json.DuplicateJsonObjectContextCustomizerFactory$DuplicateJsonObjectContextCustomizer@2262b621, org.springframework.boot.test.mock.mockito.MockitoContextCustomizer@0], contextLoader = 'org.springframework.test.context.support.DelegatingSmartContextLoader', parent = [null]].
16:47:22.713 [Test worker] DEBUG org.springframework.test.context.support.AbstractGenericContextLoader - Loading ApplicationContext for merged context configuration [[MergedContextConfiguration@150ab4ed testClass = BoardRepositoryTest, locations = '{}', classes = '{class org.waldreg.repository.board.MemoryBoardRepository, class org.waldreg.repository.MemoryBoardStorage, class org.waldreg.repository.user.MemoryUserRepository, class org.waldreg.repository.MemoryUserStorage, class org.waldreg.repository.character.MemoryCharacterRepository, class org.waldreg.repository.MemoryCharacterStorage, class org.waldreg.repository.board.BoardMapper, class org.waldreg.repository.user.UserMapper, class org.waldreg.repository.character.CharacterMapper}', contextInitializerClasses = '[]', activeProfiles = '{}', propertySourceLocations = '{}', propertySourceProperties = '{}', contextCustomizers = set[org.springframework.boot.test.autoconfigure.actuate.metrics.MetricsExportContextCustomizerFactory$DisableMetricExportContextCustomizer@5c00384f, org.springframework.boot.test.autoconfigure.properties.PropertyMappingContextCustomizer@0, org.springframework.boot.test.autoconfigure.web.servlet.WebDriverContextCustomizerFactory$Customizer@4504d271, org.springframework.boot.test.context.filter.ExcludeFilterContextCustomizer@2b5825fa, org.springframework.boot.test.json.DuplicateJsonObjectContextCustomizerFactory$DuplicateJsonObjectContextCustomizer@2262b621, org.springframework.boot.test.mock.mockito.MockitoContextCustomizer@0], contextLoader = 'org.springframework.test.context.support.DelegatingSmartContextLoader', parent = [null]]].
16:47:22.738 [Test worker] DEBUG org.springframework.core.env.StandardEnvironment - Activating profiles []
16:47:22.738 [Test worker] DEBUG org.springframework.test.context.support.AnnotationConfigContextLoader - Registering component classes: {class org.waldreg.repository.board.MemoryBoardRepository, class org.waldreg.repository.MemoryBoardStorage, class org.waldreg.repository.user.MemoryUserRepository, class org.waldreg.repository.MemoryUserStorage, class org.waldreg.repository.character.MemoryCharacterRepository, class org.waldreg.repository.MemoryCharacterStorage, class org.waldreg.repository.board.BoardMapper, class org.waldreg.repository.user.UserMapper, class org.waldreg.repository.character.CharacterMapper}
16:47:22.784 [Test worker] DEBUG org.springframework.context.support.GenericApplicationContext - Refreshing org.springframework.context.support.GenericApplicationContext@34a97744
16:47:22.793 [Test worker] DEBUG org.springframework.beans.factory.support.DefaultListableBeanFactory - Creating shared instance of singleton bean 'org.springframework.context.annotation.internalConfigurationAnnotationProcessor'
16:47:22.839 [Test worker] DEBUG org.springframework.beans.factory.support.DefaultListableBeanFactory - Creating shared instance of singleton bean 'org.springframework.boot.test.mock.mockito.MockitoPostProcessor'
16:47:22.863 [Test worker] DEBUG org.springframework.beans.factory.support.DefaultListableBeanFactory - Creating shared instance of singleton bean 'org.springframework.context.event.internalEventListenerProcessor'
16:47:22.864 [Test worker] DEBUG org.springframework.beans.factory.support.DefaultListableBeanFactory - Creating shared instance of singleton bean 'org.springframework.context.event.internalEventListenerFactory'
16:47:22.865 [Test worker] DEBUG org.springframework.beans.factory.support.DefaultListableBeanFactory - Creating shared instance of singleton bean 'org.springframework.context.annotation.internalAutowiredAnnotationProcessor'
16:47:22.867 [Test worker] DEBUG org.springframework.beans.factory.support.DefaultListableBeanFactory - Creating shared instance of singleton bean 'org.springframework.context.annotation.internalCommonAnnotationProcessor'
16:47:22.871 [Test worker] DEBUG org.springframework.beans.factory.support.DefaultListableBeanFactory - Creating shared instance of singleton bean 'org.springframework.boot.test.mock.mockito.MockitoPostProcessor$SpyPostProcessor'
16:47:22.880 [Test worker] DEBUG org.springframework.beans.factory.support.DefaultListableBeanFactory - Creating shared instance of singleton bean 'memoryBoardRepository'
16:47:22.890 [Test worker] DEBUG org.springframework.beans.factory.support.DefaultListableBeanFactory - Creating shared instance of singleton bean 'memoryBoardStorage'
16:47:22.910 [Test worker] DEBUG org.springframework.beans.factory.support.DefaultListableBeanFactory - Creating shared instance of singleton bean 'memoryUserStorage'
16:47:22.912 [Test worker] DEBUG org.springframework.beans.factory.support.DefaultListableBeanFactory - Creating shared instance of singleton bean 'memoryCharacterStorage'
16:47:22.916 [Test worker] DEBUG org.springframework.beans.factory.support.DefaultListableBeanFactory - Autowiring by type from bean name 'memoryUserStorage' via constructor to bean named 'memoryCharacterStorage'
16:47:22.918 [Test worker] DEBUG org.springframework.beans.factory.support.DefaultListableBeanFactory - Creating shared instance of singleton bean 'boardMapper'
16:47:22.920 [Test worker] DEBUG org.springframework.beans.factory.support.DefaultListableBeanFactory - Autowiring by type from bean name 'memoryBoardRepository' via constructor to bean named 'memoryBoardStorage'
16:47:22.920 [Test worker] DEBUG org.springframework.beans.factory.support.DefaultListableBeanFactory - Autowiring by type from bean name 'memoryBoardRepository' via constructor to bean named 'memoryUserStorage'
16:47:22.920 [Test worker] DEBUG org.springframework.beans.factory.support.DefaultListableBeanFactory - Autowiring by type from bean name 'memoryBoardRepository' via constructor to bean named 'boardMapper'
16:47:22.923 [Test worker] DEBUG org.springframework.beans.factory.support.DefaultListableBeanFactory - Creating shared instance of singleton bean 'memoryUserRepository'
16:47:22.924 [Test worker] DEBUG org.springframework.beans.factory.support.DefaultListableBeanFactory - Creating shared instance of singleton bean 'userMapper'
16:47:22.925 [Test worker] DEBUG org.springframework.beans.factory.support.DefaultListableBeanFactory - Autowiring by type from bean name 'memoryUserRepository' via constructor to bean named 'userMapper'
16:47:22.925 [Test worker] DEBUG org.springframework.beans.factory.support.DefaultListableBeanFactory - Autowiring by type from bean name 'memoryUserRepository' via constructor to bean named 'memoryUserStorage'
16:47:22.925 [Test worker] DEBUG org.springframework.beans.factory.support.DefaultListableBeanFactory - Autowiring by type from bean name 'memoryUserRepository' via constructor to bean named 'memoryCharacterStorage'
16:47:22.927 [Test worker] DEBUG org.springframework.beans.factory.support.DefaultListableBeanFactory - Creating shared instance of singleton bean 'memoryCharacterRepository'
16:47:22.928 [Test worker] DEBUG org.springframework.beans.factory.support.DefaultListableBeanFactory - Creating shared instance of singleton bean 'characterMapper'
16:47:22.930 [Test worker] DEBUG org.springframework.beans.factory.support.DefaultListableBeanFactory - Autowiring by type from bean name 'memoryCharacterRepository' via constructor to bean named 'memoryCharacterStorage'
16:47:22.931 [Test worker] DEBUG org.springframework.beans.factory.support.DefaultListableBeanFactory - Autowiring by type from bean name 'memoryCharacterRepository' via constructor to bean named 'memoryUserStorage'
16:47:22.931 [Test worker] DEBUG org.springframework.beans.factory.support.DefaultListableBeanFactory - Autowiring by type from bean name 'memoryCharacterRepository' via constructor to bean named 'characterMapper'
16:47:22.944 [Test worker] DEBUG org.springframework.test.context.cache.DefaultCacheAwareContextLoaderDelegate - Storing ApplicationContext [883521348] in cache under key [[MergedContextConfiguration@150ab4ed testClass = BoardRepositoryTest, locations = '{}', classes = '{class org.waldreg.repository.board.MemoryBoardRepository, class org.waldreg.repository.MemoryBoardStorage, class org.waldreg.repository.user.MemoryUserRepository, class org.waldreg.repository.MemoryUserStorage, class org.waldreg.repository.character.MemoryCharacterRepository, class org.waldreg.repository.MemoryCharacterStorage, class org.waldreg.repository.board.BoardMapper, class org.waldreg.repository.user.UserMapper, class org.waldreg.repository.character.CharacterMapper}', contextInitializerClasses = '[]', activeProfiles = '{}', propertySourceLocations = '{}', propertySourceProperties = '{}', contextCustomizers = set[org.springframework.boot.test.autoconfigure.actuate.metrics.MetricsExportContextCustomizerFactory$DisableMetricExportContextCustomizer@5c00384f, org.springframework.boot.test.autoconfigure.properties.PropertyMappingContextCustomizer@0, org.springframework.boot.test.autoconfigure.web.servlet.WebDriverContextCustomizerFactory$Customizer@4504d271, org.springframework.boot.test.context.filter.ExcludeFilterContextCustomizer@2b5825fa, org.springframework.boot.test.json.DuplicateJsonObjectContextCustomizerFactory$DuplicateJsonObjectContextCustomizer@2262b621, org.springframework.boot.test.mock.mockito.MockitoContextCustomizer@0], contextLoader = 'org.springframework.test.context.support.DelegatingSmartContextLoader', parent = [null]]]
16:47:22.945 [Test worker] DEBUG org.springframework.test.context.cache - Spring test ApplicationContext cache statistics: [DefaultContextCache@60222fd8 size = 1, maxSize = 32, parentContextCount = 0, hitCount = 0, missCount = 1]
16:47:22.951 [Test worker] DEBUG org.springframework.test.context.cache.DefaultCacheAwareContextLoaderDelegate - Retrieved ApplicationContext [883521348] from cache with key [[MergedContextConfiguration@150ab4ed testClass = BoardRepositoryTest, locations = '{}', classes = '{class org.waldreg.repository.board.MemoryBoardRepository, class org.waldreg.repository.MemoryBoardStorage, class org.waldreg.repository.user.MemoryUserRepository, class org.waldreg.repository.MemoryUserStorage, class org.waldreg.repository.character.MemoryCharacterRepository, class org.waldreg.repository.MemoryCharacterStorage, class org.waldreg.repository.board.BoardMapper, class org.waldreg.repository.user.UserMapper, class org.waldreg.repository.character.CharacterMapper}', contextInitializerClasses = '[]', activeProfiles = '{}', propertySourceLocations = '{}', propertySourceProperties = '{}', contextCustomizers = set[org.springframework.boot.test.autoconfigure.actuate.metrics.MetricsExportContextCustomizerFactory$DisableMetricExportContextCustomizer@5c00384f, org.springframework.boot.test.autoconfigure.properties.PropertyMappingContextCustomizer@0, org.springframework.boot.test.autoconfigure.web.servlet.WebDriverContextCustomizerFactory$Customizer@4504d271, org.springframework.boot.test.context.filter.ExcludeFilterContextCustomizer@2b5825fa, org.springframework.boot.test.json.DuplicateJsonObjectContextCustomizerFactory$DuplicateJsonObjectContextCustomizer@2262b621, org.springframework.boot.test.mock.mockito.MockitoContextCustomizer@0], contextLoader = 'org.springframework.test.context.support.DelegatingSmartContextLoader', parent = [null]]]
16:47:22.951 [Test worker] DEBUG org.springframework.test.context.cache - Spring test ApplicationContext cache statistics: [DefaultContextCache@60222fd8 size = 1, maxSize = 32, parentContextCount = 0, hitCount = 1, missCount = 1]
16:47:22.957 [Test worker] DEBUG org.springframework.test.context.support.AbstractDirtiesContextTestExecutionListener - Before test method: context [DefaultTestContext@a8c1f44 testClass = BoardRepositoryTest, testInstance = org.waldreg.repository.board.BoardRepositoryTest@5b64c4b7, testMethod = CREATE_NEW_BOARD_SUCCESS_TEST@BoardRepositoryTest, testException = [null], mergedContextConfiguration = [MergedContextConfiguration@150ab4ed testClass = BoardRepositoryTest, locations = '{}', classes = '{class org.waldreg.repository.board.MemoryBoardRepository, class org.waldreg.repository.MemoryBoardStorage, class org.waldreg.repository.user.MemoryUserRepository, class org.waldreg.repository.MemoryUserStorage, class org.waldreg.repository.character.MemoryCharacterRepository, class org.waldreg.repository.MemoryCharacterStorage, class org.waldreg.repository.board.BoardMapper, class org.waldreg.repository.user.UserMapper, class org.waldreg.repository.character.CharacterMapper}', contextInitializerClasses = '[]', activeProfiles = '{}', propertySourceLocations = '{}', propertySourceProperties = '{}', contextCustomizers = set[org.springframework.boot.test.autoconfigure.actuate.metrics.MetricsExportContextCustomizerFactory$DisableMetricExportContextCustomizer@5c00384f, org.springframework.boot.test.autoconfigure.properties.PropertyMappingContextCustomizer@0, org.springframework.boot.test.autoconfigure.web.servlet.WebDriverContextCustomizerFactory$Customizer@4504d271, org.springframework.boot.test.context.filter.ExcludeFilterContextCustomizer@2b5825fa, org.springframework.boot.test.json.DuplicateJsonObjectContextCustomizerFactory$DuplicateJsonObjectContextCustomizer@2262b621, org.springframework.boot.test.mock.mockito.MockitoContextCustomizer@0], contextLoader = 'org.springframework.test.context.support.DelegatingSmartContextLoader', parent = [null]], attributes = map['org.springframework.test.context.event.ApplicationEventsTestExecutionListener.recordApplicationEvents' -> false]], class annotated with @DirtiesContext [false] with mode [null], method annotated with @DirtiesContext [false] with mode [null].
16:47:22.957 [Test worker] DEBUG org.springframework.test.context.cache.DefaultCacheAwareContextLoaderDelegate - Retrieved ApplicationContext [883521348] from cache with key [[MergedContextConfiguration@150ab4ed testClass = BoardRepositoryTest, locations = '{}', classes = '{class org.waldreg.repository.board.MemoryBoardRepository, class org.waldreg.repository.MemoryBoardStorage, class org.waldreg.repository.user.MemoryUserRepository, class org.waldreg.repository.MemoryUserStorage, class org.waldreg.repository.character.MemoryCharacterRepository, class org.waldreg.repository.MemoryCharacterStorage, class org.waldreg.repository.board.BoardMapper, class org.waldreg.repository.user.UserMapper, class org.waldreg.repository.character.CharacterMapper}', contextInitializerClasses = '[]', activeProfiles = '{}', propertySourceLocations = '{}', propertySourceProperties = '{}', contextCustomizers = set[org.springframework.boot.test.autoconfigure.actuate.metrics.MetricsExportContextCustomizerFactory$DisableMetricExportContextCustomizer@5c00384f, org.springframework.boot.test.autoconfigure.properties.PropertyMappingContextCustomizer@0, org.springframework.boot.test.autoconfigure.web.servlet.WebDriverContextCustomizerFactory$Customizer@4504d271, org.springframework.boot.test.context.filter.ExcludeFilterContextCustomizer@2b5825fa, org.springframework.boot.test.json.DuplicateJsonObjectContextCustomizerFactory$DuplicateJsonObjectContextCustomizer@2262b621, org.springframework.boot.test.mock.mockito.MockitoContextCustomizer@0], contextLoader = 'org.springframework.test.context.support.DelegatingSmartContextLoader', parent = [null]]]
16:47:22.957 [Test worker] DEBUG org.springframework.test.context.cache - Spring test ApplicationContext cache statistics: [DefaultContextCache@60222fd8 size = 1, maxSize = 32, parentContextCount = 0, hitCount = 2, missCount = 1]
16:47:22.958 [Test worker] DEBUG org.springframework.test.context.cache.DefaultCacheAwareContextLoaderDelegate - Retrieved ApplicationContext [883521348] from cache with key [[MergedContextConfiguration@150ab4ed testClass = BoardRepositoryTest, locations = '{}', classes = '{class org.waldreg.repository.board.MemoryBoardRepository, class org.waldreg.repository.MemoryBoardStorage, class org.waldreg.repository.user.MemoryUserRepository, class org.waldreg.repository.MemoryUserStorage, class org.waldreg.repository.character.MemoryCharacterRepository, class org.waldreg.repository.MemoryCharacterStorage, class org.waldreg.repository.board.BoardMapper, class org.waldreg.repository.user.UserMapper, class org.waldreg.repository.character.CharacterMapper}', contextInitializerClasses = '[]', activeProfiles = '{}', propertySourceLocations = '{}', propertySourceProperties = '{}', contextCustomizers = set[org.springframework.boot.test.autoconfigure.actuate.metrics.MetricsExportContextCustomizerFactory$DisableMetricExportContextCustomizer@5c00384f, org.springframework.boot.test.autoconfigure.properties.PropertyMappingContextCustomizer@0, org.springframework.boot.test.autoconfigure.web.servlet.WebDriverContextCustomizerFactory$Customizer@4504d271, org.springframework.boot.test.context.filter.ExcludeFilterContextCustomizer@2b5825fa, org.springframework.boot.test.json.DuplicateJsonObjectContextCustomizerFactory$DuplicateJsonObjectContextCustomizer@2262b621, org.springframework.boot.test.mock.mockito.MockitoContextCustomizer@0], contextLoader = 'org.springframework.test.context.support.DelegatingSmartContextLoader', parent = [null]]]
16:47:22.958 [Test worker] DEBUG org.springframework.test.context.cache - Spring test ApplicationContext cache statistics: [DefaultContextCache@60222fd8 size = 1, maxSize = 32, parentContextCount = 0, hitCount = 3, missCount = 1]
16:47:23.208 [Test worker] DEBUG org.springframework.test.context.cache.DefaultCacheAwareContextLoaderDelegate - Retrieved ApplicationContext [883521348] from cache with key [[MergedContextConfiguration@150ab4ed testClass = BoardRepositoryTest, locations = '{}', classes = '{class org.waldreg.repository.board.MemoryBoardRepository, class org.waldreg.repository.MemoryBoardStorage, class org.waldreg.repository.user.MemoryUserRepository, class org.waldreg.repository.MemoryUserStorage, class org.waldreg.repository.character.MemoryCharacterRepository, class org.waldreg.repository.MemoryCharacterStorage, class org.waldreg.repository.board.BoardMapper, class org.waldreg.repository.user.UserMapper, class org.waldreg.repository.character.CharacterMapper}', contextInitializerClasses = '[]', activeProfiles = '{}', propertySourceLocations = '{}', propertySourceProperties = '{}', contextCustomizers = set[org.springframework.boot.test.autoconfigure.actuate.metrics.MetricsExportContextCustomizerFactory$DisableMetricExportContextCustomizer@5c00384f, org.springframework.boot.test.autoconfigure.properties.PropertyMappingContextCustomizer@0, org.springframework.boot.test.autoconfigure.web.servlet.WebDriverContextCustomizerFactory$Customizer@4504d271, org.springframework.boot.test.context.filter.ExcludeFilterContextCustomizer@2b5825fa, org.springframework.boot.test.json.DuplicateJsonObjectContextCustomizerFactory$DuplicateJsonObjectContextCustomizer@2262b621, org.springframework.boot.test.mock.mockito.MockitoContextCustomizer@0], contextLoader = 'org.springframework.test.context.support.DelegatingSmartContextLoader', parent = [null]]]
16:47:23.208 [Test worker] DEBUG org.springframework.test.context.cache - Spring test ApplicationContext cache statistics: [DefaultContextCache@60222fd8 size = 1, maxSize = 32, parentContextCount = 0, hitCount = 4, missCount = 1]
16:47:23.226 [Test worker] DEBUG org.springframework.test.context.cache.DefaultCacheAwareContextLoaderDelegate - Retrieved ApplicationContext [883521348] from cache with key [[MergedContextConfiguration@150ab4ed testClass = BoardRepositoryTest, locations = '{}', classes = '{class org.waldreg.repository.board.MemoryBoardRepository, class org.waldreg.repository.MemoryBoardStorage, class org.waldreg.repository.user.MemoryUserRepository, class org.waldreg.repository.MemoryUserStorage, class org.waldreg.repository.character.MemoryCharacterRepository, class org.waldreg.repository.MemoryCharacterStorage, class org.waldreg.repository.board.BoardMapper, class org.waldreg.repository.user.UserMapper, class org.waldreg.repository.character.CharacterMapper}', contextInitializerClasses = '[]', activeProfiles = '{}', propertySourceLocations = '{}', propertySourceProperties = '{}', contextCustomizers = set[org.springframework.boot.test.autoconfigure.actuate.metrics.MetricsExportContextCustomizerFactory$DisableMetricExportContextCustomizer@5c00384f, org.springframework.boot.test.autoconfigure.properties.PropertyMappingContextCustomizer@0, org.springframework.boot.test.autoconfigure.web.servlet.WebDriverContextCustomizerFactory$Customizer@4504d271, org.springframework.boot.test.context.filter.ExcludeFilterContextCustomizer@2b5825fa, org.springframework.boot.test.json.DuplicateJsonObjectContextCustomizerFactory$DuplicateJsonObjectContextCustomizer@2262b621, org.springframework.boot.test.mock.mockito.MockitoContextCustomizer@0], contextLoader = 'org.springframework.test.context.support.DelegatingSmartContextLoader', parent = [null]]]
16:47:23.226 [Test worker] DEBUG org.springframework.test.context.cache - Spring test ApplicationContext cache statistics: [DefaultContextCache@60222fd8 size = 1, maxSize = 32, parentContextCount = 0, hitCount = 5, missCount = 1]
16:47:23.228 [Test worker] DEBUG org.springframework.test.context.cache.DefaultCacheAwareContextLoaderDelegate - Retrieved ApplicationContext [883521348] from cache with key [[MergedContextConfiguration@150ab4ed testClass = BoardRepositoryTest, locations = '{}', classes = '{class org.waldreg.repository.board.MemoryBoardRepository, class org.waldreg.repository.MemoryBoardStorage, class org.waldreg.repository.user.MemoryUserRepository, class org.waldreg.repository.MemoryUserStorage, class org.waldreg.repository.character.MemoryCharacterRepository, class org.waldreg.repository.MemoryCharacterStorage, class org.waldreg.repository.board.BoardMapper, class org.waldreg.repository.user.UserMapper, class org.waldreg.repository.character.CharacterMapper}', contextInitializerClasses = '[]', activeProfiles = '{}', propertySourceLocations = '{}', propertySourceProperties = '{}', contextCustomizers = set[org.springframework.boot.test.autoconfigure.actuate.metrics.MetricsExportContextCustomizerFactory$DisableMetricExportContextCustomizer@5c00384f, org.springframework.boot.test.autoconfigure.properties.PropertyMappingContextCustomizer@0, org.springframework.boot.test.autoconfigure.web.servlet.WebDriverContextCustomizerFactory$Customizer@4504d271, org.springframework.boot.test.context.filter.ExcludeFilterContextCustomizer@2b5825fa, org.springframework.boot.test.json.DuplicateJsonObjectContextCustomizerFactory$DuplicateJsonObjectContextCustomizer@2262b621, org.springframework.boot.test.mock.mockito.MockitoContextCustomizer@0], contextLoader = 'org.springframework.test.context.support.DelegatingSmartContextLoader', parent = [null]]]
16:47:23.228 [Test worker] DEBUG org.springframework.test.context.cache - Spring test ApplicationContext cache statistics: [DefaultContextCache@60222fd8 size = 1, maxSize = 32, parentContextCount = 0, hitCount = 6, missCount = 1]
16:47:23.229 [Test worker] DEBUG org.springframework.test.context.cache.DefaultCacheAwareContextLoaderDelegate - Retrieved ApplicationContext [883521348] from cache with key [[MergedContextConfiguration@150ab4ed testClass = BoardRepositoryTest, locations = '{}', classes = '{class org.waldreg.repository.board.MemoryBoardRepository, class org.waldreg.repository.MemoryBoardStorage, class org.waldreg.repository.user.MemoryUserRepository, class org.waldreg.repository.MemoryUserStorage, class org.waldreg.repository.character.MemoryCharacterRepository, class org.waldreg.repository.MemoryCharacterStorage, class org.waldreg.repository.board.BoardMapper, class org.waldreg.repository.user.UserMapper, class org.waldreg.repository.character.CharacterMapper}', contextInitializerClasses = '[]', activeProfiles = '{}', propertySourceLocations = '{}', propertySourceProperties = '{}', contextCustomizers = set[org.springframework.boot.test.autoconfigure.actuate.metrics.MetricsExportContextCustomizerFactory$DisableMetricExportContextCustomizer@5c00384f, org.springframework.boot.test.autoconfigure.properties.PropertyMappingContextCustomizer@0, org.springframework.boot.test.autoconfigure.web.servlet.WebDriverContextCustomizerFactory$Customizer@4504d271, org.springframework.boot.test.context.filter.ExcludeFilterContextCustomizer@2b5825fa, org.springframework.boot.test.json.DuplicateJsonObjectContextCustomizerFactory$DuplicateJsonObjectContextCustomizer@2262b621, org.springframework.boot.test.mock.mockito.MockitoContextCustomizer@0], contextLoader = 'org.springframework.test.context.support.DelegatingSmartContextLoader', parent = [null]]]
16:47:23.229 [Test worker] DEBUG org.springframework.test.context.cache - Spring test ApplicationContext cache statistics: [DefaultContextCache@60222fd8 size = 1, maxSize = 32, parentContextCount = 0, hitCount = 7, missCount = 1]
16:47:23.229 [Test worker] DEBUG org.springframework.test.context.cache.DefaultCacheAwareContextLoaderDelegate - Retrieved ApplicationContext [883521348] from cache with key [[MergedContextConfiguration@150ab4ed testClass = BoardRepositoryTest, locations = '{}', classes = '{class org.waldreg.repository.board.MemoryBoardRepository, class org.waldreg.repository.MemoryBoardStorage, class org.waldreg.repository.user.MemoryUserRepository, class org.waldreg.repository.MemoryUserStorage, class org.waldreg.repository.character.MemoryCharacterRepository, class org.waldreg.repository.MemoryCharacterStorage, class org.waldreg.repository.board.BoardMapper, class org.waldreg.repository.user.UserMapper, class org.waldreg.repository.character.CharacterMapper}', contextInitializerClasses = '[]', activeProfiles = '{}', propertySourceLocations = '{}', propertySourceProperties = '{}', contextCustomizers = set[org.springframework.boot.test.autoconfigure.actuate.metrics.MetricsExportContextCustomizerFactory$DisableMetricExportContextCustomizer@5c00384f, org.springframework.boot.test.autoconfigure.properties.PropertyMappingContextCustomizer@0, org.springframework.boot.test.autoconfigure.web.servlet.WebDriverContextCustomizerFactory$Customizer@4504d271, org.springframework.boot.test.context.filter.ExcludeFilterContextCustomizer@2b5825fa, org.springframework.boot.test.json.DuplicateJsonObjectContextCustomizerFactory$DuplicateJsonObjectContextCustomizer@2262b621, org.springframework.boot.test.mock.mockito.MockitoContextCustomizer@0], contextLoader = 'org.springframework.test.context.support.DelegatingSmartContextLoader', parent = [null]]]
16:47:23.229 [Test worker] DEBUG org.springframework.test.context.cache - Spring test ApplicationContext cache statistics: [DefaultContextCache@60222fd8 size = 1, maxSize = 32, parentContextCount = 0, hitCount = 8, missCount = 1]
16:47:23.231 [Test worker] DEBUG org.springframework.test.context.cache.DefaultCacheAwareContextLoaderDelegate - Retrieved ApplicationContext [883521348] from cache with key [[MergedContextConfiguration@150ab4ed testClass = BoardRepositoryTest, locations = '{}', classes = '{class org.waldreg.repository.board.MemoryBoardRepository, class org.waldreg.repository.MemoryBoardStorage, class org.waldreg.repository.user.MemoryUserRepository, class org.waldreg.repository.MemoryUserStorage, class org.waldreg.repository.character.MemoryCharacterRepository, class org.waldreg.repository.MemoryCharacterStorage, class org.waldreg.repository.board.BoardMapper, class org.waldreg.repository.user.UserMapper, class org.waldreg.repository.character.CharacterMapper}', contextInitializerClasses = '[]', activeProfiles = '{}', propertySourceLocations = '{}', propertySourceProperties = '{}', contextCustomizers = set[org.springframework.boot.test.autoconfigure.actuate.metrics.MetricsExportContextCustomizerFactory$DisableMetricExportContextCustomizer@5c00384f, org.springframework.boot.test.autoconfigure.properties.PropertyMappingContextCustomizer@0, org.springframework.boot.test.autoconfigure.web.servlet.WebDriverContextCustomizerFactory$Customizer@4504d271, org.springframework.boot.test.context.filter.ExcludeFilterContextCustomizer@2b5825fa, org.springframework.boot.test.json.DuplicateJsonObjectContextCustomizerFactory$DuplicateJsonObjectContextCustomizer@2262b621, org.springframework.boot.test.mock.mockito.MockitoContextCustomizer@0], contextLoader = 'org.springframework.test.context.support.DelegatingSmartContextLoader', parent = [null]]]
16:47:23.231 [Test worker] DEBUG org.springframework.test.context.cache - Spring test ApplicationContext cache statistics: [DefaultContextCache@60222fd8 size = 1, maxSize = 32, parentContextCount = 0, hitCount = 9, missCount = 1]
16:47:23.233 [Test worker] DEBUG org.springframework.test.context.cache.DefaultCacheAwareContextLoaderDelegate - Retrieved ApplicationContext [883521348] from cache with key [[MergedContextConfiguration@150ab4ed testClass = BoardRepositoryTest, locations = '{}', classes = '{class org.waldreg.repository.board.MemoryBoardRepository, class org.waldreg.repository.MemoryBoardStorage, class org.waldreg.repository.user.MemoryUserRepository, class org.waldreg.repository.MemoryUserStorage, class org.waldreg.repository.character.MemoryCharacterRepository, class org.waldreg.repository.MemoryCharacterStorage, class org.waldreg.repository.board.BoardMapper, class org.waldreg.repository.user.UserMapper, class org.waldreg.repository.character.CharacterMapper}', contextInitializerClasses = '[]', activeProfiles = '{}', propertySourceLocations = '{}', propertySourceProperties = '{}', contextCustomizers = set[org.springframework.boot.test.autoconfigure.actuate.metrics.MetricsExportContextCustomizerFactory$DisableMetricExportContextCustomizer@5c00384f, org.springframework.boot.test.autoconfigure.properties.PropertyMappingContextCustomizer@0, org.springframework.boot.test.autoconfigure.web.servlet.WebDriverContextCustomizerFactory$Customizer@4504d271, org.springframework.boot.test.context.filter.ExcludeFilterContextCustomizer@2b5825fa, org.springframework.boot.test.json.DuplicateJsonObjectContextCustomizerFactory$DuplicateJsonObjectContextCustomizer@2262b621, org.springframework.boot.test.mock.mockito.MockitoContextCustomizer@0], contextLoader = 'org.springframework.test.context.support.DelegatingSmartContextLoader', parent = [null]]]
16:47:23.233 [Test worker] DEBUG org.springframework.test.context.cache - Spring test ApplicationContext cache statistics: [DefaultContextCache@60222fd8 size = 1, maxSize = 32, parentContextCount = 0, hitCount = 10, missCount = 1]
16:47:23.234 [Test worker] DEBUG org.springframework.test.context.support.AbstractDirtiesContextTestExecutionListener - After test method: context [DefaultTestContext@a8c1f44 testClass = BoardRepositoryTest, testInstance = org.waldreg.repository.board.BoardRepositoryTest@5b64c4b7, testMethod = CREATE_NEW_BOARD_SUCCESS_TEST@BoardRepositoryTest, testException = [null], mergedContextConfiguration = [MergedContextConfiguration@150ab4ed testClass = BoardRepositoryTest, locations = '{}', classes = '{class org.waldreg.repository.board.MemoryBoardRepository, class org.waldreg.repository.MemoryBoardStorage, class org.waldreg.repository.user.MemoryUserRepository, class org.waldreg.repository.MemoryUserStorage, class org.waldreg.repository.character.MemoryCharacterRepository, class org.waldreg.repository.MemoryCharacterStorage, class org.waldreg.repository.board.BoardMapper, class org.waldreg.repository.user.UserMapper, class org.waldreg.repository.character.CharacterMapper}', contextInitializerClasses = '[]', activeProfiles = '{}', propertySourceLocations = '{}', propertySourceProperties = '{}', contextCustomizers = set[org.springframework.boot.test.autoconfigure.actuate.metrics.MetricsExportContextCustomizerFactory$DisableMetricExportContextCustomizer@5c00384f, org.springframework.boot.test.autoconfigure.properties.PropertyMappingContextCustomizer@0, org.springframework.boot.test.autoconfigure.web.servlet.WebDriverContextCustomizerFactory$Customizer@4504d271, org.springframework.boot.test.context.filter.ExcludeFilterContextCustomizer@2b5825fa, org.springframework.boot.test.json.DuplicateJsonObjectContextCustomizerFactory$DuplicateJsonObjectContextCustomizer@2262b621, org.springframework.boot.test.mock.mockito.MockitoContextCustomizer@0], contextLoader = 'org.springframework.test.context.support.DelegatingSmartContextLoader', parent = [null]], attributes = map['org.springframework.test.context.event.ApplicationEventsTestExecutionListener.recordApplicationEvents' -> false]], class annotated with @DirtiesContext [false] with mode [null], method annotated with @DirtiesContext [false] with mode [null].
16:47:23.244 [Test worker] DEBUG org.springframework.test.context.support.DependencyInjectionTestExecutionListener - Performing dependency injection for test context [[DefaultTestContext@a8c1f44 testClass = BoardRepositoryTest, testInstance = org.waldreg.repository.board.BoardRepositoryTest@4a34e9f, testMethod = [null], testException = [null], mergedContextConfiguration = [MergedContextConfiguration@150ab4ed testClass = BoardRepositoryTest, locations = '{}', classes = '{class org.waldreg.repository.board.MemoryBoardRepository, class org.waldreg.repository.MemoryBoardStorage, class org.waldreg.repository.user.MemoryUserRepository, class org.waldreg.repository.MemoryUserStorage, class org.waldreg.repository.character.MemoryCharacterRepository, class org.waldreg.repository.MemoryCharacterStorage, class org.waldreg.repository.board.BoardMapper, class org.waldreg.repository.user.UserMapper, class org.waldreg.repository.character.CharacterMapper}', contextInitializerClasses = '[]', activeProfiles = '{}', propertySourceLocations = '{}', propertySourceProperties = '{}', contextCustomizers = set[org.springframework.boot.test.autoconfigure.actuate.metrics.MetricsExportContextCustomizerFactory$DisableMetricExportContextCustomizer@5c00384f, org.springframework.boot.test.autoconfigure.properties.PropertyMappingContextCustomizer@0, org.springframework.boot.test.autoconfigure.web.servlet.WebDriverContextCustomizerFactory$Customizer@4504d271, org.springframework.boot.test.context.filter.ExcludeFilterContextCustomizer@2b5825fa, org.springframework.boot.test.json.DuplicateJsonObjectContextCustomizerFactory$DuplicateJsonObjectContextCustomizer@2262b621, org.springframework.boot.test.mock.mockito.MockitoContextCustomizer@0], contextLoader = 'org.springframework.test.context.support.DelegatingSmartContextLoader', parent = [null]], attributes = map['org.springframework.test.context.event.ApplicationEventsTestExecutionListener.recordApplicationEvents' -> false]]].
16:47:23.244 [Test worker] DEBUG org.springframework.test.context.cache.DefaultCacheAwareContextLoaderDelegate - Retrieved ApplicationContext [883521348] from cache with key [[MergedContextConfiguration@150ab4ed testClass = BoardRepositoryTest, locations = '{}', classes = '{class org.waldreg.repository.board.MemoryBoardRepository, class org.waldreg.repository.MemoryBoardStorage, class org.waldreg.repository.user.MemoryUserRepository, class org.waldreg.repository.MemoryUserStorage, class org.waldreg.repository.character.MemoryCharacterRepository, class org.waldreg.repository.MemoryCharacterStorage, class org.waldreg.repository.board.BoardMapper, class org.waldreg.repository.user.UserMapper, class org.waldreg.repository.character.CharacterMapper}', contextInitializerClasses = '[]', activeProfiles = '{}', propertySourceLocations = '{}', propertySourceProperties = '{}', contextCustomizers = set[org.springframework.boot.test.autoconfigure.actuate.metrics.MetricsExportContextCustomizerFactory$DisableMetricExportContextCustomizer@5c00384f, org.springframework.boot.test.autoconfigure.properties.PropertyMappingContextCustomizer@0, org.springframework.boot.test.autoconfigure.web.servlet.WebDriverContextCustomizerFactory$Customizer@4504d271, org.springframework.boot.test.context.filter.ExcludeFilterContextCustomizer@2b5825fa, org.springframework.boot.test.json.DuplicateJsonObjectContextCustomizerFactory$DuplicateJsonObjectContextCustomizer@2262b621, org.springframework.boot.test.mock.mockito.MockitoContextCustomizer@0], contextLoader = 'org.springframework.test.context.support.DelegatingSmartContextLoader', parent = [null]]]
16:47:23.245 [Test worker] DEBUG org.springframework.test.context.cache - Spring test ApplicationContext cache statistics: [DefaultContextCache@60222fd8 size = 1, maxSize = 32, parentContextCount = 0, hitCount = 11, missCount = 1]
16:47:23.246 [Test worker] DEBUG org.springframework.test.context.cache.DefaultCacheAwareContextLoaderDelegate - Retrieved ApplicationContext [883521348] from cache with key [[MergedContextConfiguration@150ab4ed testClass = BoardRepositoryTest, locations = '{}', classes = '{class org.waldreg.repository.board.MemoryBoardRepository, class org.waldreg.repository.MemoryBoardStorage, class org.waldreg.repository.user.MemoryUserRepository, class org.waldreg.repository.MemoryUserStorage, class org.waldreg.repository.character.MemoryCharacterRepository, class org.waldreg.repository.MemoryCharacterStorage, class org.waldreg.repository.board.BoardMapper, class org.waldreg.repository.user.UserMapper, class org.waldreg.repository.character.CharacterMapper}', contextInitializerClasses = '[]', activeProfiles = '{}', propertySourceLocations = '{}', propertySourceProperties = '{}', contextCustomizers = set[org.springframework.boot.test.autoconfigure.actuate.metrics.MetricsExportContextCustomizerFactory$DisableMetricExportContextCustomizer@5c00384f, org.springframework.boot.test.autoconfigure.properties.PropertyMappingContextCustomizer@0, org.springframework.boot.test.autoconfigure.web.servlet.WebDriverContextCustomizerFactory$Customizer@4504d271, org.springframework.boot.test.context.filter.ExcludeFilterContextCustomizer@2b5825fa, org.springframework.boot.test.json.DuplicateJsonObjectContextCustomizerFactory$DuplicateJsonObjectContextCustomizer@2262b621, org.springframework.boot.test.mock.mockito.MockitoContextCustomizer@0], contextLoader = 'org.springframework.test.context.support.DelegatingSmartContextLoader', parent = [null]]]
16:47:23.246 [Test worker] DEBUG org.springframework.test.context.cache - Spring test ApplicationContext cache statistics: [DefaultContextCache@60222fd8 size = 1, maxSize = 32, parentContextCount = 0, hitCount = 12, missCount = 1]
16:47:23.248 [Test worker] DEBUG org.springframework.test.context.support.AbstractDirtiesContextTestExecutionListener - Before test method: context [DefaultTestContext@a8c1f44 testClass = BoardRepositoryTest, testInstance = org.waldreg.repository.board.BoardRepositoryTest@4a34e9f, testMethod = INQUIRY_BOARD_BY_ID_SUCCESS_TEST@BoardRepositoryTest, testException = [null], mergedContextConfiguration = [MergedContextConfiguration@150ab4ed testClass = BoardRepositoryTest, locations = '{}', classes = '{class org.waldreg.repository.board.MemoryBoardRepository, class org.waldreg.repository.MemoryBoardStorage, class org.waldreg.repository.user.MemoryUserRepository, class org.waldreg.repository.MemoryUserStorage, class org.waldreg.repository.character.MemoryCharacterRepository, class org.waldreg.repository.MemoryCharacterStorage, class org.waldreg.repository.board.BoardMapper, class org.waldreg.repository.user.UserMapper, class org.waldreg.repository.character.CharacterMapper}', contextInitializerClasses = '[]', activeProfiles = '{}', propertySourceLocations = '{}', propertySourceProperties = '{}', contextCustomizers = set[org.springframework.boot.test.autoconfigure.actuate.metrics.MetricsExportContextCustomizerFactory$DisableMetricExportContextCustomizer@5c00384f, org.springframework.boot.test.autoconfigure.properties.PropertyMappingContextCustomizer@0, org.springframework.boot.test.autoconfigure.web.servlet.WebDriverContextCustomizerFactory$Customizer@4504d271, org.springframework.boot.test.context.filter.ExcludeFilterContextCustomizer@2b5825fa, org.springframework.boot.test.json.DuplicateJsonObjectContextCustomizerFactory$DuplicateJsonObjectContextCustomizer@2262b621, org.springframework.boot.test.mock.mockito.MockitoContextCustomizer@0], contextLoader = 'org.springframework.test.context.support.DelegatingSmartContextLoader', parent = [null]], attributes = map['org.springframework.test.context.event.ApplicationEventsTestExecutionListener.recordApplicationEvents' -> false]], class annotated with @DirtiesContext [false] with mode [null], method annotated with @DirtiesContext [false] with mode [null].
16:47:23.249 [Test worker] DEBUG org.springframework.test.context.cache.DefaultCacheAwareContextLoaderDelegate - Retrieved ApplicationContext [883521348] from cache with key [[MergedContextConfiguration@150ab4ed testClass = BoardRepositoryTest, locations = '{}', classes = '{class org.waldreg.repository.board.MemoryBoardRepository, class org.waldreg.repository.MemoryBoardStorage, class org.waldreg.repository.user.MemoryUserRepository, class org.waldreg.repository.MemoryUserStorage, class org.waldreg.repository.character.MemoryCharacterRepository, class org.waldreg.repository.MemoryCharacterStorage, class org.waldreg.repository.board.BoardMapper, class org.waldreg.repository.user.UserMapper, class org.waldreg.repository.character.CharacterMapper}', contextInitializerClasses = '[]', activeProfiles = '{}', propertySourceLocations = '{}', propertySourceProperties = '{}', contextCustomizers = set[org.springframework.boot.test.autoconfigure.actuate.metrics.MetricsExportContextCustomizerFactory$DisableMetricExportContextCustomizer@5c00384f, org.springframework.boot.test.autoconfigure.properties.PropertyMappingContextCustomizer@0, org.springframework.boot.test.autoconfigure.web.servlet.WebDriverContextCustomizerFactory$Customizer@4504d271, org.springframework.boot.test.context.filter.ExcludeFilterContextCustomizer@2b5825fa, org.springframework.boot.test.json.DuplicateJsonObjectContextCustomizerFactory$DuplicateJsonObjectContextCustomizer@2262b621, org.springframework.boot.test.mock.mockito.MockitoContextCustomizer@0], contextLoader = 'org.springframework.test.context.support.DelegatingSmartContextLoader', parent = [null]]]
16:47:23.249 [Test worker] DEBUG org.springframework.test.context.cache - Spring test ApplicationContext cache statistics: [DefaultContextCache@60222fd8 size = 1, maxSize = 32, parentContextCount = 0, hitCount = 13, missCount = 1]
16:47:23.250 [Test worker] DEBUG org.springframework.test.context.cache.DefaultCacheAwareContextLoaderDelegate - Retrieved ApplicationContext [883521348] from cache with key [[MergedContextConfiguration@150ab4ed testClass = BoardRepositoryTest, locations = '{}', classes = '{class org.waldreg.repository.board.MemoryBoardRepository, class org.waldreg.repository.MemoryBoardStorage, class org.waldreg.repository.user.MemoryUserRepository, class org.waldreg.repository.MemoryUserStorage, class org.waldreg.repository.character.MemoryCharacterRepository, class org.waldreg.repository.MemoryCharacterStorage, class org.waldreg.repository.board.BoardMapper, class org.waldreg.repository.user.UserMapper, class org.waldreg.repository.character.CharacterMapper}', contextInitializerClasses = '[]', activeProfiles = '{}', propertySourceLocations = '{}', propertySourceProperties = '{}', contextCustomizers = set[org.springframework.boot.test.autoconfigure.actuate.metrics.MetricsExportContextCustomizerFactory$DisableMetricExportContextCustomizer@5c00384f, org.springframework.boot.test.autoconfigure.properties.PropertyMappingContextCustomizer@0, org.springframework.boot.test.autoconfigure.web.servlet.WebDriverContextCustomizerFactory$Customizer@4504d271, org.springframework.boot.test.context.filter.ExcludeFilterContextCustomizer@2b5825fa, org.springframework.boot.test.json.DuplicateJsonObjectContextCustomizerFactory$DuplicateJsonObjectContextCustomizer@2262b621, org.springframework.boot.test.mock.mockito.MockitoContextCustomizer@0], contextLoader = 'org.springframework.test.context.support.DelegatingSmartContextLoader', parent = [null]]]
16:47:23.250 [Test worker] DEBUG org.springframework.test.context.cache - Spring test ApplicationContext cache statistics: [DefaultContextCache@60222fd8 size = 1, maxSize = 32, parentContextCount = 0, hitCount = 14, missCount = 1]
16:47:23.252 [Test worker] DEBUG org.springframework.test.context.cache.DefaultCacheAwareContextLoaderDelegate - Retrieved ApplicationContext [883521348] from cache with key [[MergedContextConfiguration@150ab4ed testClass = BoardRepositoryTest, locations = '{}', classes = '{class org.waldreg.repository.board.MemoryBoardRepository, class org.waldreg.repository.MemoryBoardStorage, class org.waldreg.repository.user.MemoryUserRepository, class org.waldreg.repository.MemoryUserStorage, class org.waldreg.repository.character.MemoryCharacterRepository, class org.waldreg.repository.MemoryCharacterStorage, class org.waldreg.repository.board.BoardMapper, class org.waldreg.repository.user.UserMapper, class org.waldreg.repository.character.CharacterMapper}', contextInitializerClasses = '[]', activeProfiles = '{}', propertySourceLocations = '{}', propertySourceProperties = '{}', contextCustomizers = set[org.springframework.boot.test.autoconfigure.actuate.metrics.MetricsExportContextCustomizerFactory$DisableMetricExportContextCustomizer@5c00384f, org.springframework.boot.test.autoconfigure.properties.PropertyMappingContextCustomizer@0, org.springframework.boot.test.autoconfigure.web.servlet.WebDriverContextCustomizerFactory$Customizer@4504d271, org.springframework.boot.test.context.filter.ExcludeFilterContextCustomizer@2b5825fa, org.springframework.boot.test.json.DuplicateJsonObjectContextCustomizerFactory$DuplicateJsonObjectContextCustomizer@2262b621, org.springframework.boot.test.mock.mockito.MockitoContextCustomizer@0], contextLoader = 'org.springframework.test.context.support.DelegatingSmartContextLoader', parent = [null]]]
16:47:23.253 [Test worker] DEBUG org.springframework.test.context.cache - Spring test ApplicationContext cache statistics: [DefaultContextCache@60222fd8 size = 1, maxSize = 32, parentContextCount = 0, hitCount = 15, missCount = 1]
16:47:23.257 [Test worker] DEBUG org.springframework.test.context.cache.DefaultCacheAwareContextLoaderDelegate - Retrieved ApplicationContext [883521348] from cache with key [[MergedContextConfiguration@150ab4ed testClass = BoardRepositoryTest, locations = '{}', classes = '{class org.waldreg.repository.board.MemoryBoardRepository, class org.waldreg.repository.MemoryBoardStorage, class org.waldreg.repository.user.MemoryUserRepository, class org.waldreg.repository.MemoryUserStorage, class org.waldreg.repository.character.MemoryCharacterRepository, class org.waldreg.repository.MemoryCharacterStorage, class org.waldreg.repository.board.BoardMapper, class org.waldreg.repository.user.UserMapper, class org.waldreg.repository.character.CharacterMapper}', contextInitializerClasses = '[]', activeProfiles = '{}', propertySourceLocations = '{}', propertySourceProperties = '{}', contextCustomizers = set[org.springframework.boot.test.autoconfigure.actuate.metrics.MetricsExportContextCustomizerFactory$DisableMetricExportContextCustomizer@5c00384f, org.springframework.boot.test.autoconfigure.properties.PropertyMappingContextCustomizer@0, org.springframework.boot.test.autoconfigure.web.servlet.WebDriverContextCustomizerFactory$Customizer@4504d271, org.springframework.boot.test.context.filter.ExcludeFilterContextCustomizer@2b5825fa, org.springframework.boot.test.json.DuplicateJsonObjectContextCustomizerFactory$DuplicateJsonObjectContextCustomizer@2262b621, org.springframework.boot.test.mock.mockito.MockitoContextCustomizer@0], contextLoader = 'org.springframework.test.context.support.DelegatingSmartContextLoader', parent = [null]]]
16:47:23.258 [Test worker] DEBUG org.springframework.test.context.cache - Spring test ApplicationContext cache statistics: [DefaultContextCache@60222fd8 size = 1, maxSize = 32, parentContextCount = 0, hitCount = 16, missCount = 1]
16:47:23.259 [Test worker] DEBUG org.springframework.test.context.cache.DefaultCacheAwareContextLoaderDelegate - Retrieved ApplicationContext [883521348] from cache with key [[MergedContextConfiguration@150ab4ed testClass = BoardRepositoryTest, locations = '{}', classes = '{class org.waldreg.repository.board.MemoryBoardRepository, class org.waldreg.repository.MemoryBoardStorage, class org.waldreg.repository.user.MemoryUserRepository, class org.waldreg.repository.MemoryUserStorage, class org.waldreg.repository.character.MemoryCharacterRepository, class org.waldreg.repository.MemoryCharacterStorage, class org.waldreg.repository.board.BoardMapper, class org.waldreg.repository.user.UserMapper, class org.waldreg.repository.character.CharacterMapper}', contextInitializerClasses = '[]', activeProfiles = '{}', propertySourceLocations = '{}', propertySourceProperties = '{}', contextCustomizers = set[org.springframework.boot.test.autoconfigure.actuate.metrics.MetricsExportContextCustomizerFactory$DisableMetricExportContextCustomizer@5c00384f, org.springframework.boot.test.autoconfigure.properties.PropertyMappingContextCustomizer@0, org.springframework.boot.test.autoconfigure.web.servlet.WebDriverContextCustomizerFactory$Customizer@4504d271, org.springframework.boot.test.context.filter.ExcludeFilterContextCustomizer@2b5825fa, org.springframework.boot.test.json.DuplicateJsonObjectContextCustomizerFactory$DuplicateJsonObjectContextCustomizer@2262b621, org.springframework.boot.test.mock.mockito.MockitoContextCustomizer@0], contextLoader = 'org.springframework.test.context.support.DelegatingSmartContextLoader', parent = [null]]]
16:47:23.259 [Test worker] DEBUG org.springframework.test.context.cache - Spring test ApplicationContext cache statistics: [DefaultContextCache@60222fd8 size = 1, maxSize = 32, parentContextCount = 0, hitCount = 17, missCount = 1]
16:47:23.259 [Test worker] DEBUG org.springframework.test.context.cache.DefaultCacheAwareContextLoaderDelegate - Retrieved ApplicationContext [883521348] from cache with key [[MergedContextConfiguration@150ab4ed testClass = BoardRepositoryTest, locations = '{}', classes = '{class org.waldreg.repository.board.MemoryBoardRepository, class org.waldreg.repository.MemoryBoardStorage, class org.waldreg.repository.user.MemoryUserRepository, class org.waldreg.repository.MemoryUserStorage, class org.waldreg.repository.character.MemoryCharacterRepository, class org.waldreg.repository.MemoryCharacterStorage, class org.waldreg.repository.board.BoardMapper, class org.waldreg.repository.user.UserMapper, class org.waldreg.repository.character.CharacterMapper}', contextInitializerClasses = '[]', activeProfiles = '{}', propertySourceLocations = '{}', propertySourceProperties = '{}', contextCustomizers = set[org.springframework.boot.test.autoconfigure.actuate.metrics.MetricsExportContextCustomizerFactory$DisableMetricExportContextCustomizer@5c00384f, org.springframework.boot.test.autoconfigure.properties.PropertyMappingContextCustomizer@0, org.springframework.boot.test.autoconfigure.web.servlet.WebDriverContextCustomizerFactory$Customizer@4504d271, org.springframework.boot.test.context.filter.ExcludeFilterContextCustomizer@2b5825fa, org.springframework.boot.test.json.DuplicateJsonObjectContextCustomizerFactory$DuplicateJsonObjectContextCustomizer@2262b621, org.springframework.boot.test.mock.mockito.MockitoContextCustomizer@0], contextLoader = 'org.springframework.test.context.support.DelegatingSmartContextLoader', parent = [null]]]
16:47:23.260 [Test worker] DEBUG org.springframework.test.context.cache - Spring test ApplicationContext cache statistics: [DefaultContextCache@60222fd8 size = 1, maxSize = 32, parentContextCount = 0, hitCount = 18, missCount = 1]
16:47:23.260 [Test worker] DEBUG org.springframework.test.context.cache.DefaultCacheAwareContextLoaderDelegate - Retrieved ApplicationContext [883521348] from cache with key [[MergedContextConfiguration@150ab4ed testClass = BoardRepositoryTest, locations = '{}', classes = '{class org.waldreg.repository.board.MemoryBoardRepository, class org.waldreg.repository.MemoryBoardStorage, class org.waldreg.repository.user.MemoryUserRepository, class org.waldreg.repository.MemoryUserStorage, class org.waldreg.repository.character.MemoryCharacterRepository, class org.waldreg.repository.MemoryCharacterStorage, class org.waldreg.repository.board.BoardMapper, class org.waldreg.repository.user.UserMapper, class org.waldreg.repository.character.CharacterMapper}', contextInitializerClasses = '[]', activeProfiles = '{}', propertySourceLocations = '{}', propertySourceProperties = '{}', contextCustomizers = set[org.springframework.boot.test.autoconfigure.actuate.metrics.MetricsExportContextCustomizerFactory$DisableMetricExportContextCustomizer@5c00384f, org.springframework.boot.test.autoconfigure.properties.PropertyMappingContextCustomizer@0, org.springframework.boot.test.autoconfigure.web.servlet.WebDriverContextCustomizerFactory$Customizer@4504d271, org.springframework.boot.test.context.filter.ExcludeFilterContextCustomizer@2b5825fa, org.springframework.boot.test.json.DuplicateJsonObjectContextCustomizerFactory$DuplicateJsonObjectContextCustomizer@2262b621, org.springframework.boot.test.mock.mockito.MockitoContextCustomizer@0], contextLoader = 'org.springframework.test.context.support.DelegatingSmartContextLoader', parent = [null]]]
16:47:23.260 [Test worker] DEBUG org.springframework.test.context.cache - Spring test ApplicationContext cache statistics: [DefaultContextCache@60222fd8 size = 1, maxSize = 32, parentContextCount = 0, hitCount = 19, missCount = 1]
16:47:23.260 [Test worker] DEBUG org.springframework.test.context.cache.DefaultCacheAwareContextLoaderDelegate - Retrieved ApplicationContext [883521348] from cache with key [[MergedContextConfiguration@150ab4ed testClass = BoardRepositoryTest, locations = '{}', classes = '{class org.waldreg.repository.board.MemoryBoardRepository, class org.waldreg.repository.MemoryBoardStorage, class org.waldreg.repository.user.MemoryUserRepository, class org.waldreg.repository.MemoryUserStorage, class org.waldreg.repository.character.MemoryCharacterRepository, class org.waldreg.repository.MemoryCharacterStorage, class org.waldreg.repository.board.BoardMapper, class org.waldreg.repository.user.UserMapper, class org.waldreg.repository.character.CharacterMapper}', contextInitializerClasses = '[]', activeProfiles = '{}', propertySourceLocations = '{}', propertySourceProperties = '{}', contextCustomizers = set[org.springframework.boot.test.autoconfigure.actuate.metrics.MetricsExportContextCustomizerFactory$DisableMetricExportContextCustomizer@5c00384f, org.springframework.boot.test.autoconfigure.properties.PropertyMappingContextCustomizer@0, org.springframework.boot.test.autoconfigure.web.servlet.WebDriverContextCustomizerFactory$Customizer@4504d271, org.springframework.boot.test.context.filter.ExcludeFilterContextCustomizer@2b5825fa, org.springframework.boot.test.json.DuplicateJsonObjectContextCustomizerFactory$DuplicateJsonObjectContextCustomizer@2262b621, org.springframework.boot.test.mock.mockito.MockitoContextCustomizer@0], contextLoader = 'org.springframework.test.context.support.DelegatingSmartContextLoader', parent = [null]]]
16:47:23.260 [Test worker] DEBUG org.springframework.test.context.cache - Spring test ApplicationContext cache statistics: [DefaultContextCache@60222fd8 size = 1, maxSize = 32, parentContextCount = 0, hitCount = 20, missCount = 1]
16:47:23.261 [Test worker] DEBUG org.springframework.test.context.cache.DefaultCacheAwareContextLoaderDelegate - Retrieved ApplicationContext [883521348] from cache with key [[MergedContextConfiguration@150ab4ed testClass = BoardRepositoryTest, locations = '{}', classes = '{class org.waldreg.repository.board.MemoryBoardRepository, class org.waldreg.repository.MemoryBoardStorage, class org.waldreg.repository.user.MemoryUserRepository, class org.waldreg.repository.MemoryUserStorage, class org.waldreg.repository.character.MemoryCharacterRepository, class org.waldreg.repository.MemoryCharacterStorage, class org.waldreg.repository.board.BoardMapper, class org.waldreg.repository.user.UserMapper, class org.waldreg.repository.character.CharacterMapper}', contextInitializerClasses = '[]', activeProfiles = '{}', propertySourceLocations = '{}', propertySourceProperties = '{}', contextCustomizers = set[org.springframework.boot.test.autoconfigure.actuate.metrics.MetricsExportContextCustomizerFactory$DisableMetricExportContextCustomizer@5c00384f, org.springframework.boot.test.autoconfigure.properties.PropertyMappingContextCustomizer@0, org.springframework.boot.test.autoconfigure.web.servlet.WebDriverContextCustomizerFactory$Customizer@4504d271, org.springframework.boot.test.context.filter.ExcludeFilterContextCustomizer@2b5825fa, org.springframework.boot.test.json.DuplicateJsonObjectContextCustomizerFactory$DuplicateJsonObjectContextCustomizer@2262b621, org.springframework.boot.test.mock.mockito.MockitoContextCustomizer@0], contextLoader = 'org.springframework.test.context.support.DelegatingSmartContextLoader', parent = [null]]]
16:47:23.261 [Test worker] DEBUG org.springframework.test.context.cache - Spring test ApplicationContext cache statistics: [DefaultContextCache@60222fd8 size = 1, maxSize = 32, parentContextCount = 0, hitCount = 21, missCount = 1]
16:47:23.262 [Test worker] DEBUG org.springframework.test.context.support.AbstractDirtiesContextTestExecutionListener - After test method: context [DefaultTestContext@a8c1f44 testClass = BoardRepositoryTest, testInstance = org.waldreg.repository.board.BoardRepositoryTest@4a34e9f, testMethod = INQUIRY_BOARD_BY_ID_SUCCESS_TEST@BoardRepositoryTest, testException = [null], mergedContextConfiguration = [MergedContextConfiguration@150ab4ed testClass = BoardRepositoryTest, locations = '{}', classes = '{class org.waldreg.repository.board.MemoryBoardRepository, class org.waldreg.repository.MemoryBoardStorage, class org.waldreg.repository.user.MemoryUserRepository, class org.waldreg.repository.MemoryUserStorage, class org.waldreg.repository.character.MemoryCharacterRepository, class org.waldreg.repository.MemoryCharacterStorage, class org.waldreg.repository.board.BoardMapper, class org.waldreg.repository.user.UserMapper, class org.waldreg.repository.character.CharacterMapper}', contextInitializerClasses = '[]', activeProfiles = '{}', propertySourceLocations = '{}', propertySourceProperties = '{}', contextCustomizers = set[org.springframework.boot.test.autoconfigure.actuate.metrics.MetricsExportContextCustomizerFactory$DisableMetricExportContextCustomizer@5c00384f, org.springframework.boot.test.autoconfigure.properties.PropertyMappingContextCustomizer@0, org.springframework.boot.test.autoconfigure.web.servlet.WebDriverContextCustomizerFactory$Customizer@4504d271, org.springframework.boot.test.context.filter.ExcludeFilterContextCustomizer@2b5825fa, org.springframework.boot.test.json.DuplicateJsonObjectContextCustomizerFactory$DuplicateJsonObjectContextCustomizer@2262b621, org.springframework.boot.test.mock.mockito.MockitoContextCustomizer@0], contextLoader = 'org.springframework.test.context.support.DelegatingSmartContextLoader', parent = [null]], attributes = map['org.springframework.test.context.event.ApplicationEventsTestExecutionListener.recordApplicationEvents' -> false]], class annotated with @DirtiesContext [false] with mode [null], method annotated with @DirtiesContext [false] with mode [null].
16:47:23.263 [Test worker] DEBUG org.springframework.test.context.support.DependencyInjectionTestExecutionListener - Performing dependency injection for test context [[DefaultTestContext@a8c1f44 testClass = BoardRepositoryTest, testInstance = org.waldreg.repository.board.BoardRepositoryTest@1416a80a, testMethod = [null], testException = [null], mergedContextConfiguration = [MergedContextConfiguration@150ab4ed testClass = BoardRepositoryTest, locations = '{}', classes = '{class org.waldreg.repository.board.MemoryBoardRepository, class org.waldreg.repository.MemoryBoardStorage, class org.waldreg.repository.user.MemoryUserRepository, class org.waldreg.repository.MemoryUserStorage, class org.waldreg.repository.character.MemoryCharacterRepository, class org.waldreg.repository.MemoryCharacterStorage, class org.waldreg.repository.board.BoardMapper, class org.waldreg.repository.user.UserMapper, class org.waldreg.repository.character.CharacterMapper}', contextInitializerClasses = '[]', activeProfiles = '{}', propertySourceLocations = '{}', propertySourceProperties = '{}', contextCustomizers = set[org.springframework.boot.test.autoconfigure.actuate.metrics.MetricsExportContextCustomizerFactory$DisableMetricExportContextCustomizer@5c00384f, org.springframework.boot.test.autoconfigure.properties.PropertyMappingContextCustomizer@0, org.springframework.boot.test.autoconfigure.web.servlet.WebDriverContextCustomizerFactory$Customizer@4504d271, org.springframework.boot.test.context.filter.ExcludeFilterContextCustomizer@2b5825fa, org.springframework.boot.test.json.DuplicateJsonObjectContextCustomizerFactory$DuplicateJsonObjectContextCustomizer@2262b621, org.springframework.boot.test.mock.mockito.MockitoContextCustomizer@0], contextLoader = 'org.springframework.test.context.support.DelegatingSmartContextLoader', parent = [null]], attributes = map['org.springframework.test.context.event.ApplicationEventsTestExecutionListener.recordApplicationEvents' -> false]]].
16:47:23.263 [Test worker] DEBUG org.springframework.test.context.cache.DefaultCacheAwareContextLoaderDelegate - Retrieved ApplicationContext [883521348] from cache with key [[MergedContextConfiguration@150ab4ed testClass = BoardRepositoryTest, locations = '{}', classes = '{class org.waldreg.repository.board.MemoryBoardRepository, class org.waldreg.repository.MemoryBoardStorage, class org.waldreg.repository.user.MemoryUserRepository, class org.waldreg.repository.MemoryUserStorage, class org.waldreg.repository.character.MemoryCharacterRepository, class org.waldreg.repository.MemoryCharacterStorage, class org.waldreg.repository.board.BoardMapper, class org.waldreg.repository.user.UserMapper, class org.waldreg.repository.character.CharacterMapper}', contextInitializerClasses = '[]', activeProfiles = '{}', propertySourceLocations = '{}', propertySourceProperties = '{}', contextCustomizers = set[org.springframework.boot.test.autoconfigure.actuate.metrics.MetricsExportContextCustomizerFactory$DisableMetricExportContextCustomizer@5c00384f, org.springframework.boot.test.autoconfigure.properties.PropertyMappingContextCustomizer@0, org.springframework.boot.test.autoconfigure.web.servlet.WebDriverContextCustomizerFactory$Customizer@4504d271, org.springframework.boot.test.context.filter.ExcludeFilterContextCustomizer@2b5825fa, org.springframework.boot.test.json.DuplicateJsonObjectContextCustomizerFactory$DuplicateJsonObjectContextCustomizer@2262b621, org.springframework.boot.test.mock.mockito.MockitoContextCustomizer@0], contextLoader = 'org.springframework.test.context.support.DelegatingSmartContextLoader', parent = [null]]]
16:47:23.263 [Test worker] DEBUG org.springframework.test.context.cache - Spring test ApplicationContext cache statistics: [DefaultContextCache@60222fd8 size = 1, maxSize = 32, parentContextCount = 0, hitCount = 22, missCount = 1]
16:47:23.264 [Test worker] DEBUG org.springframework.test.context.cache.DefaultCacheAwareContextLoaderDelegate - Retrieved ApplicationContext [883521348] from cache with key [[MergedContextConfiguration@150ab4ed testClass = BoardRepositoryTest, locations = '{}', classes = '{class org.waldreg.repository.board.MemoryBoardRepository, class org.waldreg.repository.MemoryBoardStorage, class org.waldreg.repository.user.MemoryUserRepository, class org.waldreg.repository.MemoryUserStorage, class org.waldreg.repository.character.MemoryCharacterRepository, class org.waldreg.repository.MemoryCharacterStorage, class org.waldreg.repository.board.BoardMapper, class org.waldreg.repository.user.UserMapper, class org.waldreg.repository.character.CharacterMapper}', contextInitializerClasses = '[]', activeProfiles = '{}', propertySourceLocations = '{}', propertySourceProperties = '{}', contextCustomizers = set[org.springframework.boot.test.autoconfigure.actuate.metrics.MetricsExportContextCustomizerFactory$DisableMetricExportContextCustomizer@5c00384f, org.springframework.boot.test.autoconfigure.properties.PropertyMappingContextCustomizer@0, org.springframework.boot.test.autoconfigure.web.servlet.WebDriverContextCustomizerFactory$Customizer@4504d271, org.springframework.boot.test.context.filter.ExcludeFilterContextCustomizer@2b5825fa, org.springframework.boot.test.json.DuplicateJsonObjectContextCustomizerFactory$DuplicateJsonObjectContextCustomizer@2262b621, org.springframework.boot.test.mock.mockito.MockitoContextCustomizer@0], contextLoader = 'org.springframework.test.context.support.DelegatingSmartContextLoader', parent = [null]]]
16:47:23.264 [Test worker] DEBUG org.springframework.test.context.cache - Spring test ApplicationContext cache statistics: [DefaultContextCache@60222fd8 size = 1, maxSize = 32, parentContextCount = 0, hitCount = 23, missCount = 1]
16:47:23.265 [Test worker] DEBUG org.springframework.test.context.support.AbstractDirtiesContextTestExecutionListener - Before test method: context [DefaultTestContext@a8c1f44 testClass = BoardRepositoryTest, testInstance = org.waldreg.repository.board.BoardRepositoryTest@1416a80a, testMethod = INQUIRY_BOARD_LIST_BY_AUTHOR_USER_ID_SUCCESS_TEST@BoardRepositoryTest, testException = [null], mergedContextConfiguration = [MergedContextConfiguration@150ab4ed testClass = BoardRepositoryTest, locations = '{}', classes = '{class org.waldreg.repository.board.MemoryBoardRepository, class org.waldreg.repository.MemoryBoardStorage, class org.waldreg.repository.user.MemoryUserRepository, class org.waldreg.repository.MemoryUserStorage, class org.waldreg.repository.character.MemoryCharacterRepository, class org.waldreg.repository.MemoryCharacterStorage, class org.waldreg.repository.board.BoardMapper, class org.waldreg.repository.user.UserMapper, class org.waldreg.repository.character.CharacterMapper}', contextInitializerClasses = '[]', activeProfiles = '{}', propertySourceLocations = '{}', propertySourceProperties = '{}', contextCustomizers = set[org.springframework.boot.test.autoconfigure.actuate.metrics.MetricsExportContextCustomizerFactory$DisableMetricExportContextCustomizer@5c00384f, org.springframework.boot.test.autoconfigure.properties.PropertyMappingContextCustomizer@0, org.springframework.boot.test.autoconfigure.web.servlet.WebDriverContextCustomizerFactory$Customizer@4504d271, org.springframework.boot.test.context.filter.ExcludeFilterContextCustomizer@2b5825fa, org.springframework.boot.test.json.DuplicateJsonObjectContextCustomizerFactory$DuplicateJsonObjectContextCustomizer@2262b621, org.springframework.boot.test.mock.mockito.MockitoContextCustomizer@0], contextLoader = 'org.springframework.test.context.support.DelegatingSmartContextLoader', parent = [null]], attributes = map['org.springframework.test.context.event.ApplicationEventsTestExecutionListener.recordApplicationEvents' -> false]], class annotated with @DirtiesContext [false] with mode [null], method annotated with @DirtiesContext [false] with mode [null].
16:47:23.266 [Test worker] DEBUG org.springframework.test.context.cache.DefaultCacheAwareContextLoaderDelegate - Retrieved ApplicationContext [883521348] from cache with key [[MergedContextConfiguration@150ab4ed testClass = BoardRepositoryTest, locations = '{}', classes = '{class org.waldreg.repository.board.MemoryBoardRepository, class org.waldreg.repository.MemoryBoardStorage, class org.waldreg.repository.user.MemoryUserRepository, class org.waldreg.repository.MemoryUserStorage, class org.waldreg.repository.character.MemoryCharacterRepository, class org.waldreg.repository.MemoryCharacterStorage, class org.waldreg.repository.board.BoardMapper, class org.waldreg.repository.user.UserMapper, class org.waldreg.repository.character.CharacterMapper}', contextInitializerClasses = '[]', activeProfiles = '{}', propertySourceLocations = '{}', propertySourceProperties = '{}', contextCustomizers = set[org.springframework.boot.test.autoconfigure.actuate.metrics.MetricsExportContextCustomizerFactory$DisableMetricExportContextCustomizer@5c00384f, org.springframework.boot.test.autoconfigure.properties.PropertyMappingContextCustomizer@0, org.springframework.boot.test.autoconfigure.web.servlet.WebDriverContextCustomizerFactory$Customizer@4504d271, org.springframework.boot.test.context.filter.ExcludeFilterContextCustomizer@2b5825fa, org.springframework.boot.test.json.DuplicateJsonObjectContextCustomizerFactory$DuplicateJsonObjectContextCustomizer@2262b621, org.springframework.boot.test.mock.mockito.MockitoContextCustomizer@0], contextLoader = 'org.springframework.test.context.support.DelegatingSmartContextLoader', parent = [null]]]
16:47:23.266 [Test worker] DEBUG org.springframework.test.context.cache - Spring test ApplicationContext cache statistics: [DefaultContextCache@60222fd8 size = 1, maxSize = 32, parentContextCount = 0, hitCount = 24, missCount = 1]
16:47:23.268 [Test worker] DEBUG org.springframework.test.context.cache.DefaultCacheAwareContextLoaderDelegate - Retrieved ApplicationContext [883521348] from cache with key [[MergedContextConfiguration@150ab4ed testClass = BoardRepositoryTest, locations = '{}', classes = '{class org.waldreg.repository.board.MemoryBoardRepository, class org.waldreg.repository.MemoryBoardStorage, class org.waldreg.repository.user.MemoryUserRepository, class org.waldreg.repository.MemoryUserStorage, class org.waldreg.repository.character.MemoryCharacterRepository, class org.waldreg.repository.MemoryCharacterStorage, class org.waldreg.repository.board.BoardMapper, class org.waldreg.repository.user.UserMapper, class org.waldreg.repository.character.CharacterMapper}', contextInitializerClasses = '[]', activeProfiles = '{}', propertySourceLocations = '{}', propertySourceProperties = '{}', contextCustomizers = set[org.springframework.boot.test.autoconfigure.actuate.metrics.MetricsExportContextCustomizerFactory$DisableMetricExportContextCustomizer@5c00384f, org.springframework.boot.test.autoconfigure.properties.PropertyMappingContextCustomizer@0, org.springframework.boot.test.autoconfigure.web.servlet.WebDriverContextCustomizerFactory$Customizer@4504d271, org.springframework.boot.test.context.filter.ExcludeFilterContextCustomizer@2b5825fa, org.springframework.boot.test.json.DuplicateJsonObjectContextCustomizerFactory$DuplicateJsonObjectContextCustomizer@2262b621, org.springframework.boot.test.mock.mockito.MockitoContextCustomizer@0], contextLoader = 'org.springframework.test.context.support.DelegatingSmartContextLoader', parent = [null]]]
16:47:23.268 [Test worker] DEBUG org.springframework.test.context.cache - Spring test ApplicationContext cache statistics: [DefaultContextCache@60222fd8 size = 1, maxSize = 32, parentContextCount = 0, hitCount = 25, missCount = 1]
16:47:23.270 [Test worker] DEBUG org.springframework.test.context.cache.DefaultCacheAwareContextLoaderDelegate - Retrieved ApplicationContext [883521348] from cache with key [[MergedContextConfiguration@150ab4ed testClass = BoardRepositoryTest, locations = '{}', classes = '{class org.waldreg.repository.board.MemoryBoardRepository, class org.waldreg.repository.MemoryBoardStorage, class org.waldreg.repository.user.MemoryUserRepository, class org.waldreg.repository.MemoryUserStorage, class org.waldreg.repository.character.MemoryCharacterRepository, class org.waldreg.repository.MemoryCharacterStorage, class org.waldreg.repository.board.BoardMapper, class org.waldreg.repository.user.UserMapper, class org.waldreg.repository.character.CharacterMapper}', contextInitializerClasses = '[]', activeProfiles = '{}', propertySourceLocations = '{}', propertySourceProperties = '{}', contextCustomizers = set[org.springframework.boot.test.autoconfigure.actuate.metrics.MetricsExportContextCustomizerFactory$DisableMetricExportContextCustomizer@5c00384f, org.springframework.boot.test.autoconfigure.properties.PropertyMappingContextCustomizer@0, org.springframework.boot.test.autoconfigure.web.servlet.WebDriverContextCustomizerFactory$Customizer@4504d271, org.springframework.boot.test.context.filter.ExcludeFilterContextCustomizer@2b5825fa, org.springframework.boot.test.json.DuplicateJsonObjectContextCustomizerFactory$DuplicateJsonObjectContextCustomizer@2262b621, org.springframework.boot.test.mock.mockito.MockitoContextCustomizer@0], contextLoader = 'org.springframework.test.context.support.DelegatingSmartContextLoader', parent = [null]]]
16:47:23.271 [Test worker] DEBUG org.springframework.test.context.cache - Spring test ApplicationContext cache statistics: [DefaultContextCache@60222fd8 size = 1, maxSize = 32, parentContextCount = 0, hitCount = 26, missCount = 1]
16:47:23.275 [Test worker] DEBUG org.springframework.test.context.cache.DefaultCacheAwareContextLoaderDelegate - Retrieved ApplicationContext [883521348] from cache with key [[MergedContextConfiguration@150ab4ed testClass = BoardRepositoryTest, locations = '{}', classes = '{class org.waldreg.repository.board.MemoryBoardRepository, class org.waldreg.repository.MemoryBoardStorage, class org.waldreg.repository.user.MemoryUserRepository, class org.waldreg.repository.MemoryUserStorage, class org.waldreg.repository.character.MemoryCharacterRepository, class org.waldreg.repository.MemoryCharacterStorage, class org.waldreg.repository.board.BoardMapper, class org.waldreg.repository.user.UserMapper, class org.waldreg.repository.character.CharacterMapper}', contextInitializerClasses = '[]', activeProfiles = '{}', propertySourceLocations = '{}', propertySourceProperties = '{}', contextCustomizers = set[org.springframework.boot.test.autoconfigure.actuate.metrics.MetricsExportContextCustomizerFactory$DisableMetricExportContextCustomizer@5c00384f, org.springframework.boot.test.autoconfigure.properties.PropertyMappingContextCustomizer@0, org.springframework.boot.test.autoconfigure.web.servlet.WebDriverContextCustomizerFactory$Customizer@4504d271, org.springframework.boot.test.context.filter.ExcludeFilterContextCustomizer@2b5825fa, org.springframework.boot.test.json.DuplicateJsonObjectContextCustomizerFactory$DuplicateJsonObjectContextCustomizer@2262b621, org.springframework.boot.test.mock.mockito.MockitoContextCustomizer@0], contextLoader = 'org.springframework.test.context.support.DelegatingSmartContextLoader', parent = [null]]]
16:47:23.275 [Test worker] DEBUG org.springframework.test.context.cache - Spring test ApplicationContext cache statistics: [DefaultContextCache@60222fd8 size = 1, maxSize = 32, parentContextCount = 0, hitCount = 27, missCount = 1]
16:47:23.276 [Test worker] DEBUG org.springframework.test.context.cache.DefaultCacheAwareContextLoaderDelegate - Retrieved ApplicationContext [883521348] from cache with key [[MergedContextConfiguration@150ab4ed testClass = BoardRepositoryTest, locations = '{}', classes = '{class org.waldreg.repository.board.MemoryBoardRepository, class org.waldreg.repository.MemoryBoardStorage, class org.waldreg.repository.user.MemoryUserRepository, class org.waldreg.repository.MemoryUserStorage, class org.waldreg.repository.character.MemoryCharacterRepository, class org.waldreg.repository.MemoryCharacterStorage, class org.waldreg.repository.board.BoardMapper, class org.waldreg.repository.user.UserMapper, class org.waldreg.repository.character.CharacterMapper}', contextInitializerClasses = '[]', activeProfiles = '{}', propertySourceLocations = '{}', propertySourceProperties = '{}', contextCustomizers = set[org.springframework.boot.test.autoconfigure.actuate.metrics.MetricsExportContextCustomizerFactory$DisableMetricExportContextCustomizer@5c00384f, org.springframework.boot.test.autoconfigure.properties.PropertyMappingContextCustomizer@0, org.springframework.boot.test.autoconfigure.web.servlet.WebDriverContextCustomizerFactory$Customizer@4504d271, org.springframework.boot.test.context.filter.ExcludeFilterContextCustomizer@2b5825fa, org.springframework.boot.test.json.DuplicateJsonObjectContextCustomizerFactory$DuplicateJsonObjectContextCustomizer@2262b621, org.springframework.boot.test.mock.mockito.MockitoContextCustomizer@0], contextLoader = 'org.springframework.test.context.support.DelegatingSmartContextLoader', parent = [null]]]
16:47:23.276 [Test worker] DEBUG org.springframework.test.context.cache - Spring test ApplicationContext cache statistics: [DefaultContextCache@60222fd8 size = 1, maxSize = 32, parentContextCount = 0, hitCount = 28, missCount = 1]
16:47:23.277 [Test worker] DEBUG org.springframework.test.context.cache.DefaultCacheAwareContextLoaderDelegate - Retrieved ApplicationContext [883521348] from cache with key [[MergedContextConfiguration@150ab4ed testClass = BoardRepositoryTest, locations = '{}', classes = '{class org.waldreg.repository.board.MemoryBoardRepository, class org.waldreg.repository.MemoryBoardStorage, class org.waldreg.repository.user.MemoryUserRepository, class org.waldreg.repository.MemoryUserStorage, class org.waldreg.repository.character.MemoryCharacterRepository, class org.waldreg.repository.MemoryCharacterStorage, class org.waldreg.repository.board.BoardMapper, class org.waldreg.repository.user.UserMapper, class org.waldreg.repository.character.CharacterMapper}', contextInitializerClasses = '[]', activeProfiles = '{}', propertySourceLocations = '{}', propertySourceProperties = '{}', contextCustomizers = set[org.springframework.boot.test.autoconfigure.actuate.metrics.MetricsExportContextCustomizerFactory$DisableMetricExportContextCustomizer@5c00384f, org.springframework.boot.test.autoconfigure.properties.PropertyMappingContextCustomizer@0, org.springframework.boot.test.autoconfigure.web.servlet.WebDriverContextCustomizerFactory$Customizer@4504d271, org.springframework.boot.test.context.filter.ExcludeFilterContextCustomizer@2b5825fa, org.springframework.boot.test.json.DuplicateJsonObjectContextCustomizerFactory$DuplicateJsonObjectContextCustomizer@2262b621, org.springframework.boot.test.mock.mockito.MockitoContextCustomizer@0], contextLoader = 'org.springframework.test.context.support.DelegatingSmartContextLoader', parent = [null]]]
16:47:23.278 [Test worker] DEBUG org.springframework.test.context.cache - Spring test ApplicationContext cache statistics: [DefaultContextCache@60222fd8 size = 1, maxSize = 32, parentContextCount = 0, hitCount = 29, missCount = 1]
16:47:23.278 [Test worker] DEBUG org.springframework.test.context.cache.DefaultCacheAwareContextLoaderDelegate - Retrieved ApplicationContext [883521348] from cache with key [[MergedContextConfiguration@150ab4ed testClass = BoardRepositoryTest, locations = '{}', classes = '{class org.waldreg.repository.board.MemoryBoardRepository, class org.waldreg.repository.MemoryBoardStorage, class org.waldreg.repository.user.MemoryUserRepository, class org.waldreg.repository.MemoryUserStorage, class org.waldreg.repository.character.MemoryCharacterRepository, class org.waldreg.repository.MemoryCharacterStorage, class org.waldreg.repository.board.BoardMapper, class org.waldreg.repository.user.UserMapper, class org.waldreg.repository.character.CharacterMapper}', contextInitializerClasses = '[]', activeProfiles = '{}', propertySourceLocations = '{}', propertySourceProperties = '{}', contextCustomizers = set[org.springframework.boot.test.autoconfigure.actuate.metrics.MetricsExportContextCustomizerFactory$DisableMetricExportContextCustomizer@5c00384f, org.springframework.boot.test.autoconfigure.properties.PropertyMappingContextCustomizer@0, org.springframework.boot.test.autoconfigure.web.servlet.WebDriverContextCustomizerFactory$Customizer@4504d271, org.springframework.boot.test.context.filter.ExcludeFilterContextCustomizer@2b5825fa, org.springframework.boot.test.json.DuplicateJsonObjectContextCustomizerFactory$DuplicateJsonObjectContextCustomizer@2262b621, org.springframework.boot.test.mock.mockito.MockitoContextCustomizer@0], contextLoader = 'org.springframework.test.context.support.DelegatingSmartContextLoader', parent = [null]]]
16:47:23.278 [Test worker] DEBUG org.springframework.test.context.cache - Spring test ApplicationContext cache statistics: [DefaultContextCache@60222fd8 size = 1, maxSize = 32, parentContextCount = 0, hitCount = 30, missCount = 1]
16:47:23.278 [Test worker] DEBUG org.springframework.test.context.cache.DefaultCacheAwareContextLoaderDelegate - Retrieved ApplicationContext [883521348] from cache with key [[MergedContextConfiguration@150ab4ed testClass = BoardRepositoryTest, locations = '{}', classes = '{class org.waldreg.repository.board.MemoryBoardRepository, class org.waldreg.repository.MemoryBoardStorage, class org.waldreg.repository.user.MemoryUserRepository, class org.waldreg.repository.MemoryUserStorage, class org.waldreg.repository.character.MemoryCharacterRepository, class org.waldreg.repository.MemoryCharacterStorage, class org.waldreg.repository.board.BoardMapper, class org.waldreg.repository.user.UserMapper, class org.waldreg.repository.character.CharacterMapper}', contextInitializerClasses = '[]', activeProfiles = '{}', propertySourceLocations = '{}', propertySourceProperties = '{}', contextCustomizers = set[org.springframework.boot.test.autoconfigure.actuate.metrics.MetricsExportContextCustomizerFactory$DisableMetricExportContextCustomizer@5c00384f, org.springframework.boot.test.autoconfigure.properties.PropertyMappingContextCustomizer@0, org.springframework.boot.test.autoconfigure.web.servlet.WebDriverContextCustomizerFactory$Customizer@4504d271, org.springframework.boot.test.context.filter.ExcludeFilterContextCustomizer@2b5825fa, org.springframework.boot.test.json.DuplicateJsonObjectContextCustomizerFactory$DuplicateJsonObjectContextCustomizer@2262b621, org.springframework.boot.test.mock.mockito.MockitoContextCustomizer@0], contextLoader = 'org.springframework.test.context.support.DelegatingSmartContextLoader', parent = [null]]]
16:47:23.278 [Test worker] DEBUG org.springframework.test.context.cache - Spring test ApplicationContext cache statistics: [DefaultContextCache@60222fd8 size = 1, maxSize = 32, parentContextCount = 0, hitCount = 31, missCount = 1]
16:47:23.281 [Test worker] DEBUG org.springframework.test.context.cache.DefaultCacheAwareContextLoaderDelegate - Retrieved ApplicationContext [883521348] from cache with key [[MergedContextConfiguration@150ab4ed testClass = BoardRepositoryTest, locations = '{}', classes = '{class org.waldreg.repository.board.MemoryBoardRepository, class org.waldreg.repository.MemoryBoardStorage, class org.waldreg.repository.user.MemoryUserRepository, class org.waldreg.repository.MemoryUserStorage, class org.waldreg.repository.character.MemoryCharacterRepository, class org.waldreg.repository.MemoryCharacterStorage, class org.waldreg.repository.board.BoardMapper, class org.waldreg.repository.user.UserMapper, class org.waldreg.repository.character.CharacterMapper}', contextInitializerClasses = '[]', activeProfiles = '{}', propertySourceLocations = '{}', propertySourceProperties = '{}', contextCustomizers = set[org.springframework.boot.test.autoconfigure.actuate.metrics.MetricsExportContextCustomizerFactory$DisableMetricExportContextCustomizer@5c00384f, org.springframework.boot.test.autoconfigure.properties.PropertyMappingContextCustomizer@0, org.springframework.boot.test.autoconfigure.web.servlet.WebDriverContextCustomizerFactory$Customizer@4504d271, org.springframework.boot.test.context.filter.ExcludeFilterContextCustomizer@2b5825fa, org.springframework.boot.test.json.DuplicateJsonObjectContextCustomizerFactory$DuplicateJsonObjectContextCustomizer@2262b621, org.springframework.boot.test.mock.mockito.MockitoContextCustomizer@0], contextLoader = 'org.springframework.test.context.support.DelegatingSmartContextLoader', parent = [null]]]
16:47:23.281 [Test worker] DEBUG org.springframework.test.context.cache - Spring test ApplicationContext cache statistics: [DefaultContextCache@60222fd8 size = 1, maxSize = 32, parentContextCount = 0, hitCount = 32, missCount = 1]
16:47:23.282 [Test worker] DEBUG org.springframework.test.context.support.AbstractDirtiesContextTestExecutionListener - After test method: context [DefaultTestContext@a8c1f44 testClass = BoardRepositoryTest, testInstance = org.waldreg.repository.board.BoardRepositoryTest@1416a80a, testMethod = INQUIRY_BOARD_LIST_BY_AUTHOR_USER_ID_SUCCESS_TEST@BoardRepositoryTest, testException = [null], mergedContextConfiguration = [MergedContextConfiguration@150ab4ed testClass = BoardRepositoryTest, locations = '{}', classes = '{class org.waldreg.repository.board.MemoryBoardRepository, class org.waldreg.repository.MemoryBoardStorage, class org.waldreg.repository.user.MemoryUserRepository, class org.waldreg.repository.MemoryUserStorage, class org.waldreg.repository.character.MemoryCharacterRepository, class org.waldreg.repository.MemoryCharacterStorage, class org.waldreg.repository.board.BoardMapper, class org.waldreg.repository.user.UserMapper, class org.waldreg.repository.character.CharacterMapper}', contextInitializerClasses = '[]', activeProfiles = '{}', propertySourceLocations = '{}', propertySourceProperties = '{}', contextCustomizers = set[org.springframework.boot.test.autoconfigure.actuate.metrics.MetricsExportContextCustomizerFactory$DisableMetricExportContextCustomizer@5c00384f, org.springframework.boot.test.autoconfigure.properties.PropertyMappingContextCustomizer@0, org.springframework.boot.test.autoconfigure.web.servlet.WebDriverContextCustomizerFactory$Customizer@4504d271, org.springframework.boot.test.context.filter.ExcludeFilterContextCustomizer@2b5825fa, org.springframework.boot.test.json.DuplicateJsonObjectContextCustomizerFactory$DuplicateJsonObjectContextCustomizer@2262b621, org.springframework.boot.test.mock.mockito.MockitoContextCustomizer@0], contextLoader = 'org.springframework.test.context.support.DelegatingSmartContextLoader', parent = [null]], attributes = map['org.springframework.test.context.event.ApplicationEventsTestExecutionListener.recordApplicationEvents' -> false]], class annotated with @DirtiesContext [false] with mode [null], method annotated with @DirtiesContext [false] with mode [null].
16:47:23.283 [Test worker] DEBUG org.springframework.test.context.support.DependencyInjectionTestExecutionListener - Performing dependency injection for test context [[DefaultTestContext@a8c1f44 testClass = BoardRepositoryTest, testInstance = org.waldreg.repository.board.BoardRepositoryTest@255e5e2e, testMethod = [null], testException = [null], mergedContextConfiguration = [MergedContextConfiguration@150ab4ed testClass = BoardRepositoryTest, locations = '{}', classes = '{class org.waldreg.repository.board.MemoryBoardRepository, class org.waldreg.repository.MemoryBoardStorage, class org.waldreg.repository.user.MemoryUserRepository, class org.waldreg.repository.MemoryUserStorage, class org.waldreg.repository.character.MemoryCharacterRepository, class org.waldreg.repository.MemoryCharacterStorage, class org.waldreg.repository.board.BoardMapper, class org.waldreg.repository.user.UserMapper, class org.waldreg.repository.character.CharacterMapper}', contextInitializerClasses = '[]', activeProfiles = '{}', propertySourceLocations = '{}', propertySourceProperties = '{}', contextCustomizers = set[org.springframework.boot.test.autoconfigure.actuate.metrics.MetricsExportContextCustomizerFactory$DisableMetricExportContextCustomizer@5c00384f, org.springframework.boot.test.autoconfigure.properties.PropertyMappingContextCustomizer@0, org.springframework.boot.test.autoconfigure.web.servlet.WebDriverContextCustomizerFactory$Customizer@4504d271, org.springframework.boot.test.context.filter.ExcludeFilterContextCustomizer@2b5825fa, org.springframework.boot.test.json.DuplicateJsonObjectContextCustomizerFactory$DuplicateJsonObjectContextCustomizer@2262b621, org.springframework.boot.test.mock.mockito.MockitoContextCustomizer@0], contextLoader = 'org.springframework.test.context.support.DelegatingSmartContextLoader', parent = [null]], attributes = map['org.springframework.test.context.event.ApplicationEventsTestExecutionListener.recordApplicationEvents' -> false]]].
16:47:23.283 [Test worker] DEBUG org.springframework.test.context.cache.DefaultCacheAwareContextLoaderDelegate - Retrieved ApplicationContext [883521348] from cache with key [[MergedContextConfiguration@150ab4ed testClass = BoardRepositoryTest, locations = '{}', classes = '{class org.waldreg.repository.board.MemoryBoardRepository, class org.waldreg.repository.MemoryBoardStorage, class org.waldreg.repository.user.MemoryUserRepository, class org.waldreg.repository.MemoryUserStorage, class org.waldreg.repository.character.MemoryCharacterRepository, class org.waldreg.repository.MemoryCharacterStorage, class org.waldreg.repository.board.BoardMapper, class org.waldreg.repository.user.UserMapper, class org.waldreg.repository.character.CharacterMapper}', contextInitializerClasses = '[]', activeProfiles = '{}', propertySourceLocations = '{}', propertySourceProperties = '{}', contextCustomizers = set[org.springframework.boot.test.autoconfigure.actuate.metrics.MetricsExportContextCustomizerFactory$DisableMetricExportContextCustomizer@5c00384f, org.springframework.boot.test.autoconfigure.properties.PropertyMappingContextCustomizer@0, org.springframework.boot.test.autoconfigure.web.servlet.WebDriverContextCustomizerFactory$Customizer@4504d271, org.springframework.boot.test.context.filter.ExcludeFilterContextCustomizer@2b5825fa, org.springframework.boot.test.json.DuplicateJsonObjectContextCustomizerFactory$DuplicateJsonObjectContextCustomizer@2262b621, org.springframework.boot.test.mock.mockito.MockitoContextCustomizer@0], contextLoader = 'org.springframework.test.context.support.DelegatingSmartContextLoader', parent = [null]]]
16:47:23.283 [Test worker] DEBUG org.springframework.test.context.cache - Spring test ApplicationContext cache statistics: [DefaultContextCache@60222fd8 size = 1, maxSize = 32, parentContextCount = 0, hitCount = 33, missCount = 1]
16:47:23.284 [Test worker] DEBUG org.springframework.test.context.cache.DefaultCacheAwareContextLoaderDelegate - Retrieved ApplicationContext [883521348] from cache with key [[MergedContextConfiguration@150ab4ed testClass = BoardRepositoryTest, locations = '{}', classes = '{class org.waldreg.repository.board.MemoryBoardRepository, class org.waldreg.repository.MemoryBoardStorage, class org.waldreg.repository.user.MemoryUserRepository, class org.waldreg.repository.MemoryUserStorage, class org.waldreg.repository.character.MemoryCharacterRepository, class org.waldreg.repository.MemoryCharacterStorage, class org.waldreg.repository.board.BoardMapper, class org.waldreg.repository.user.UserMapper, class org.waldreg.repository.character.CharacterMapper}', contextInitializerClasses = '[]', activeProfiles = '{}', propertySourceLocations = '{}', propertySourceProperties = '{}', contextCustomizers = set[org.springframework.boot.test.autoconfigure.actuate.metrics.MetricsExportContextCustomizerFactory$DisableMetricExportContextCustomizer@5c00384f, org.springframework.boot.test.autoconfigure.properties.PropertyMappingContextCustomizer@0, org.springframework.boot.test.autoconfigure.web.servlet.WebDriverContextCustomizerFactory$Customizer@4504d271, org.springframework.boot.test.context.filter.ExcludeFilterContextCustomizer@2b5825fa, org.springframework.boot.test.json.DuplicateJsonObjectContextCustomizerFactory$DuplicateJsonObjectContextCustomizer@2262b621, org.springframework.boot.test.mock.mockito.MockitoContextCustomizer@0], contextLoader = 'org.springframework.test.context.support.DelegatingSmartContextLoader', parent = [null]]]
16:47:23.285 [Test worker] DEBUG org.springframework.test.context.cache - Spring test ApplicationContext cache statistics: [DefaultContextCache@60222fd8 size = 1, maxSize = 32, parentContextCount = 0, hitCount = 34, missCount = 1]
16:47:23.286 [Test worker] DEBUG org.springframework.test.context.support.AbstractDirtiesContextTestExecutionListener - Before test method: context [DefaultTestContext@a8c1f44 testClass = BoardRepositoryTest, testInstance = org.waldreg.repository.board.BoardRepositoryTest@255e5e2e, testMethod = INQUIRY_ALL_BOARD_LIST_SUCCESS_TEST@BoardRepositoryTest, testException = [null], mergedContextConfiguration = [MergedContextConfiguration@150ab4ed testClass = BoardRepositoryTest, locations = '{}', classes = '{class org.waldreg.repository.board.MemoryBoardRepository, class org.waldreg.repository.MemoryBoardStorage, class org.waldreg.repository.user.MemoryUserRepository, class org.waldreg.repository.MemoryUserStorage, class org.waldreg.repository.character.MemoryCharacterRepository, class org.waldreg.repository.MemoryCharacterStorage, class org.waldreg.repository.board.BoardMapper, class org.waldreg.repository.user.UserMapper, class org.waldreg.repository.character.CharacterMapper}', contextInitializerClasses = '[]', activeProfiles = '{}', propertySourceLocations = '{}', propertySourceProperties = '{}', contextCustomizers = set[org.springframework.boot.test.autoconfigure.actuate.metrics.MetricsExportContextCustomizerFactory$DisableMetricExportContextCustomizer@5c00384f, org.springframework.boot.test.autoconfigure.properties.PropertyMappingContextCustomizer@0, org.springframework.boot.test.autoconfigure.web.servlet.WebDriverContextCustomizerFactory$Customizer@4504d271, org.springframework.boot.test.context.filter.ExcludeFilterContextCustomizer@2b5825fa, org.springframework.boot.test.json.DuplicateJsonObjectContextCustomizerFactory$DuplicateJsonObjectContextCustomizer@2262b621, org.springframework.boot.test.mock.mockito.MockitoContextCustomizer@0], contextLoader = 'org.springframework.test.context.support.DelegatingSmartContextLoader', parent = [null]], attributes = map['org.springframework.test.context.event.ApplicationEventsTestExecutionListener.recordApplicationEvents' -> false]], class annotated with @DirtiesContext [false] with mode [null], method annotated with @DirtiesContext [false] with mode [null].
16:47:23.287 [Test worker] DEBUG org.springframework.test.context.cache.DefaultCacheAwareContextLoaderDelegate - Retrieved ApplicationContext [883521348] from cache with key [[MergedContextConfiguration@150ab4ed testClass = BoardRepositoryTest, locations = '{}', classes = '{class org.waldreg.repository.board.MemoryBoardRepository, class org.waldreg.repository.MemoryBoardStorage, class org.waldreg.repository.user.MemoryUserRepository, class org.waldreg.repository.MemoryUserStorage, class org.waldreg.repository.character.MemoryCharacterRepository, class org.waldreg.repository.MemoryCharacterStorage, class org.waldreg.repository.board.BoardMapper, class org.waldreg.repository.user.UserMapper, class org.waldreg.repository.character.CharacterMapper}', contextInitializerClasses = '[]', activeProfiles = '{}', propertySourceLocations = '{}', propertySourceProperties = '{}', contextCustomizers = set[org.springframework.boot.test.autoconfigure.actuate.metrics.MetricsExportContextCustomizerFactory$DisableMetricExportContextCustomizer@5c00384f, org.springframework.boot.test.autoconfigure.properties.PropertyMappingContextCustomizer@0, org.springframework.boot.test.autoconfigure.web.servlet.WebDriverContextCustomizerFactory$Customizer@4504d271, org.springframework.boot.test.context.filter.ExcludeFilterContextCustomizer@2b5825fa, org.springframework.boot.test.json.DuplicateJsonObjectContextCustomizerFactory$DuplicateJsonObjectContextCustomizer@2262b621, org.springframework.boot.test.mock.mockito.MockitoContextCustomizer@0], contextLoader = 'org.springframework.test.context.support.DelegatingSmartContextLoader', parent = [null]]]
16:47:23.287 [Test worker] DEBUG org.springframework.test.context.cache - Spring test ApplicationContext cache statistics: [DefaultContextCache@60222fd8 size = 1, maxSize = 32, parentContextCount = 0, hitCount = 35, missCount = 1]
16:47:23.287 [Test worker] DEBUG org.springframework.test.context.cache.DefaultCacheAwareContextLoaderDelegate - Retrieved ApplicationContext [883521348] from cache with key [[MergedContextConfiguration@150ab4ed testClass = BoardRepositoryTest, locations = '{}', classes = '{class org.waldreg.repository.board.MemoryBoardRepository, class org.waldreg.repository.MemoryBoardStorage, class org.waldreg.repository.user.MemoryUserRepository, class org.waldreg.repository.MemoryUserStorage, class org.waldreg.repository.character.MemoryCharacterRepository, class org.waldreg.repository.MemoryCharacterStorage, class org.waldreg.repository.board.BoardMapper, class org.waldreg.repository.user.UserMapper, class org.waldreg.repository.character.CharacterMapper}', contextInitializerClasses = '[]', activeProfiles = '{}', propertySourceLocations = '{}', propertySourceProperties = '{}', contextCustomizers = set[org.springframework.boot.test.autoconfigure.actuate.metrics.MetricsExportContextCustomizerFactory$DisableMetricExportContextCustomizer@5c00384f, org.springframework.boot.test.autoconfigure.properties.PropertyMappingContextCustomizer@0, org.springframework.boot.test.autoconfigure.web.servlet.WebDriverContextCustomizerFactory$Customizer@4504d271, org.springframework.boot.test.context.filter.ExcludeFilterContextCustomizer@2b5825fa, org.springframework.boot.test.json.DuplicateJsonObjectContextCustomizerFactory$DuplicateJsonObjectContextCustomizer@2262b621, org.springframework.boot.test.mock.mockito.MockitoContextCustomizer@0], contextLoader = 'org.springframework.test.context.support.DelegatingSmartContextLoader', parent = [null]]]
16:47:23.287 [Test worker] DEBUG org.springframework.test.context.cache - Spring test ApplicationContext cache statistics: [DefaultContextCache@60222fd8 size = 1, maxSize = 32, parentContextCount = 0, hitCount = 36, missCount = 1]
16:47:23.289 [Test worker] DEBUG org.springframework.test.context.cache.DefaultCacheAwareContextLoaderDelegate - Retrieved ApplicationContext [883521348] from cache with key [[MergedContextConfiguration@150ab4ed testClass = BoardRepositoryTest, locations = '{}', classes = '{class org.waldreg.repository.board.MemoryBoardRepository, class org.waldreg.repository.MemoryBoardStorage, class org.waldreg.repository.user.MemoryUserRepository, class org.waldreg.repository.MemoryUserStorage, class org.waldreg.repository.character.MemoryCharacterRepository, class org.waldreg.repository.MemoryCharacterStorage, class org.waldreg.repository.board.BoardMapper, class org.waldreg.repository.user.UserMapper, class org.waldreg.repository.character.CharacterMapper}', contextInitializerClasses = '[]', activeProfiles = '{}', propertySourceLocations = '{}', propertySourceProperties = '{}', contextCustomizers = set[org.springframework.boot.test.autoconfigure.actuate.metrics.MetricsExportContextCustomizerFactory$DisableMetricExportContextCustomizer@5c00384f, org.springframework.boot.test.autoconfigure.properties.PropertyMappingContextCustomizer@0, org.springframework.boot.test.autoconfigure.web.servlet.WebDriverContextCustomizerFactory$Customizer@4504d271, org.springframework.boot.test.context.filter.ExcludeFilterContextCustomizer@2b5825fa, org.springframework.boot.test.json.DuplicateJsonObjectContextCustomizerFactory$DuplicateJsonObjectContextCustomizer@2262b621, org.springframework.boot.test.mock.mockito.MockitoContextCustomizer@0], contextLoader = 'org.springframework.test.context.support.DelegatingSmartContextLoader', parent = [null]]]
16:47:23.289 [Test worker] DEBUG org.springframework.test.context.cache - Spring test ApplicationContext cache statistics: [DefaultContextCache@60222fd8 size = 1, maxSize = 32, parentContextCount = 0, hitCount = 37, missCount = 1]
16:47:23.295 [Test worker] DEBUG org.springframework.test.context.cache.DefaultCacheAwareContextLoaderDelegate - Retrieved ApplicationContext [883521348] from cache with key [[MergedContextConfiguration@150ab4ed testClass = BoardRepositoryTest, locations = '{}', classes = '{class org.waldreg.repository.board.MemoryBoardRepository, class org.waldreg.repository.MemoryBoardStorage, class org.waldreg.repository.user.MemoryUserRepository, class org.waldreg.repository.MemoryUserStorage, class org.waldreg.repository.character.MemoryCharacterRepository, class org.waldreg.repository.MemoryCharacterStorage, class org.waldreg.repository.board.BoardMapper, class org.waldreg.repository.user.UserMapper, class org.waldreg.repository.character.CharacterMapper}', contextInitializerClasses = '[]', activeProfiles = '{}', propertySourceLocations = '{}', propertySourceProperties = '{}', contextCustomizers = set[org.springframework.boot.test.autoconfigure.actuate.metrics.MetricsExportContextCustomizerFactory$DisableMetricExportContextCustomizer@5c00384f, org.springframework.boot.test.autoconfigure.properties.PropertyMappingContextCustomizer@0, org.springframework.boot.test.autoconfigure.web.servlet.WebDriverContextCustomizerFactory$Customizer@4504d271, org.springframework.boot.test.context.filter.ExcludeFilterContextCustomizer@2b5825fa, org.springframework.boot.test.json.DuplicateJsonObjectContextCustomizerFactory$DuplicateJsonObjectContextCustomizer@2262b621, org.springframework.boot.test.mock.mockito.MockitoContextCustomizer@0], contextLoader = 'org.springframework.test.context.support.DelegatingSmartContextLoader', parent = [null]]]
16:47:23.295 [Test worker] DEBUG org.springframework.test.context.cache - Spring test ApplicationContext cache statistics: [DefaultContextCache@60222fd8 size = 1, maxSize = 32, parentContextCount = 0, hitCount = 38, missCount = 1]
16:47:23.295 [Test worker] DEBUG org.springframework.test.context.cache.DefaultCacheAwareContextLoaderDelegate - Retrieved ApplicationContext [883521348] from cache with key [[MergedContextConfiguration@150ab4ed testClass = BoardRepositoryTest, locations = '{}', classes = '{class org.waldreg.repository.board.MemoryBoardRepository, class org.waldreg.repository.MemoryBoardStorage, class org.waldreg.repository.user.MemoryUserRepository, class org.waldreg.repository.MemoryUserStorage, class org.waldreg.repository.character.MemoryCharacterRepository, class org.waldreg.repository.MemoryCharacterStorage, class org.waldreg.repository.board.BoardMapper, class org.waldreg.repository.user.UserMapper, class org.waldreg.repository.character.CharacterMapper}', contextInitializerClasses = '[]', activeProfiles = '{}', propertySourceLocations = '{}', propertySourceProperties = '{}', contextCustomizers = set[org.springframework.boot.test.autoconfigure.actuate.metrics.MetricsExportContextCustomizerFactory$DisableMetricExportContextCustomizer@5c00384f, org.springframework.boot.test.autoconfigure.properties.PropertyMappingContextCustomizer@0, org.springframework.boot.test.autoconfigure.web.servlet.WebDriverContextCustomizerFactory$Customizer@4504d271, org.springframework.boot.test.context.filter.ExcludeFilterContextCustomizer@2b5825fa, org.springframework.boot.test.json.DuplicateJsonObjectContextCustomizerFactory$DuplicateJsonObjectContextCustomizer@2262b621, org.springframework.boot.test.mock.mockito.MockitoContextCustomizer@0], contextLoader = 'org.springframework.test.context.support.DelegatingSmartContextLoader', parent = [null]]]
16:47:23.295 [Test worker] DEBUG org.springframework.test.context.cache - Spring test ApplicationContext cache statistics: [DefaultContextCache@60222fd8 size = 1, maxSize = 32, parentContextCount = 0, hitCount = 39, missCount = 1]
16:47:23.296 [Test worker] DEBUG org.springframework.test.context.cache.DefaultCacheAwareContextLoaderDelegate - Retrieved ApplicationContext [883521348] from cache with key [[MergedContextConfiguration@150ab4ed testClass = BoardRepositoryTest, locations = '{}', classes = '{class org.waldreg.repository.board.MemoryBoardRepository, class org.waldreg.repository.MemoryBoardStorage, class org.waldreg.repository.user.MemoryUserRepository, class org.waldreg.repository.MemoryUserStorage, class org.waldreg.repository.character.MemoryCharacterRepository, class org.waldreg.repository.MemoryCharacterStorage, class org.waldreg.repository.board.BoardMapper, class org.waldreg.repository.user.UserMapper, class org.waldreg.repository.character.CharacterMapper}', contextInitializerClasses = '[]', activeProfiles = '{}', propertySourceLocations = '{}', propertySourceProperties = '{}', contextCustomizers = set[org.springframework.boot.test.autoconfigure.actuate.metrics.MetricsExportContextCustomizerFactory$DisableMetricExportContextCustomizer@5c00384f, org.springframework.boot.test.autoconfigure.properties.PropertyMappingContextCustomizer@0, org.springframework.boot.test.autoconfigure.web.servlet.WebDriverContextCustomizerFactory$Customizer@4504d271, org.springframework.boot.test.context.filter.ExcludeFilterContextCustomizer@2b5825fa, org.springframework.boot.test.json.DuplicateJsonObjectContextCustomizerFactory$DuplicateJsonObjectContextCustomizer@2262b621, org.springframework.boot.test.mock.mockito.MockitoContextCustomizer@0], contextLoader = 'org.springframework.test.context.support.DelegatingSmartContextLoader', parent = [null]]]
16:47:23.296 [Test worker] DEBUG org.springframework.test.context.cache - Spring test ApplicationContext cache statistics: [DefaultContextCache@60222fd8 size = 1, maxSize = 32, parentContextCount = 0, hitCount = 40, missCount = 1]
16:47:23.296 [Test worker] DEBUG org.springframework.test.context.cache.DefaultCacheAwareContextLoaderDelegate - Retrieved ApplicationContext [883521348] from cache with key [[MergedContextConfiguration@150ab4ed testClass = BoardRepositoryTest, locations = '{}', classes = '{class org.waldreg.repository.board.MemoryBoardRepository, class org.waldreg.repository.MemoryBoardStorage, class org.waldreg.repository.user.MemoryUserRepository, class org.waldreg.repository.MemoryUserStorage, class org.waldreg.repository.character.MemoryCharacterRepository, class org.waldreg.repository.MemoryCharacterStorage, class org.waldreg.repository.board.BoardMapper, class org.waldreg.repository.user.UserMapper, class org.waldreg.repository.character.CharacterMapper}', contextInitializerClasses = '[]', activeProfiles = '{}', propertySourceLocations = '{}', propertySourceProperties = '{}', contextCustomizers = set[org.springframework.boot.test.autoconfigure.actuate.metrics.MetricsExportContextCustomizerFactory$DisableMetricExportContextCustomizer@5c00384f, org.springframework.boot.test.autoconfigure.properties.PropertyMappingContextCustomizer@0, org.springframework.boot.test.autoconfigure.web.servlet.WebDriverContextCustomizerFactory$Customizer@4504d271, org.springframework.boot.test.context.filter.ExcludeFilterContextCustomizer@2b5825fa, org.springframework.boot.test.json.DuplicateJsonObjectContextCustomizerFactory$DuplicateJsonObjectContextCustomizer@2262b621, org.springframework.boot.test.mock.mockito.MockitoContextCustomizer@0], contextLoader = 'org.springframework.test.context.support.DelegatingSmartContextLoader', parent = [null]]]
16:47:23.296 [Test worker] DEBUG org.springframework.test.context.cache - Spring test ApplicationContext cache statistics: [DefaultContextCache@60222fd8 size = 1, maxSize = 32, parentContextCount = 0, hitCount = 41, missCount = 1]
16:47:23.296 [Test worker] DEBUG org.springframework.test.context.cache.DefaultCacheAwareContextLoaderDelegate - Retrieved ApplicationContext [883521348] from cache with key [[MergedContextConfiguration@150ab4ed testClass = BoardRepositoryTest, locations = '{}', classes = '{class org.waldreg.repository.board.MemoryBoardRepository, class org.waldreg.repository.MemoryBoardStorage, class org.waldreg.repository.user.MemoryUserRepository, class org.waldreg.repository.MemoryUserStorage, class org.waldreg.repository.character.MemoryCharacterRepository, class org.waldreg.repository.MemoryCharacterStorage, class org.waldreg.repository.board.BoardMapper, class org.waldreg.repository.user.UserMapper, class org.waldreg.repository.character.CharacterMapper}', contextInitializerClasses = '[]', activeProfiles = '{}', propertySourceLocations = '{}', propertySourceProperties = '{}', contextCustomizers = set[org.springframework.boot.test.autoconfigure.actuate.metrics.MetricsExportContextCustomizerFactory$DisableMetricExportContextCustomizer@5c00384f, org.springframework.boot.test.autoconfigure.properties.PropertyMappingContextCustomizer@0, org.springframework.boot.test.autoconfigure.web.servlet.WebDriverContextCustomizerFactory$Customizer@4504d271, org.springframework.boot.test.context.filter.ExcludeFilterContextCustomizer@2b5825fa, org.springframework.boot.test.json.DuplicateJsonObjectContextCustomizerFactory$DuplicateJsonObjectContextCustomizer@2262b621, org.springframework.boot.test.mock.mockito.MockitoContextCustomizer@0], contextLoader = 'org.springframework.test.context.support.DelegatingSmartContextLoader', parent = [null]]]
16:47:23.296 [Test worker] DEBUG org.springframework.test.context.cache - Spring test ApplicationContext cache statistics: [DefaultContextCache@60222fd8 size = 1, maxSize = 32, parentContextCount = 0, hitCount = 42, missCount = 1]
16:47:23.297 [Test worker] DEBUG org.springframework.test.context.cache.DefaultCacheAwareContextLoaderDelegate - Retrieved ApplicationContext [883521348] from cache with key [[MergedContextConfiguration@150ab4ed testClass = BoardRepositoryTest, locations = '{}', classes = '{class org.waldreg.repository.board.MemoryBoardRepository, class org.waldreg.repository.MemoryBoardStorage, class org.waldreg.repository.user.MemoryUserRepository, class org.waldreg.repository.MemoryUserStorage, class org.waldreg.repository.character.MemoryCharacterRepository, class org.waldreg.repository.MemoryCharacterStorage, class org.waldreg.repository.board.BoardMapper, class org.waldreg.repository.user.UserMapper, class org.waldreg.repository.character.CharacterMapper}', contextInitializerClasses = '[]', activeProfiles = '{}', propertySourceLocations = '{}', propertySourceProperties = '{}', contextCustomizers = set[org.springframework.boot.test.autoconfigure.actuate.metrics.MetricsExportContextCustomizerFactory$DisableMetricExportContextCustomizer@5c00384f, org.springframework.boot.test.autoconfigure.properties.PropertyMappingContextCustomizer@0, org.springframework.boot.test.autoconfigure.web.servlet.WebDriverContextCustomizerFactory$Customizer@4504d271, org.springframework.boot.test.context.filter.ExcludeFilterContextCustomizer@2b5825fa, org.springframework.boot.test.json.DuplicateJsonObjectContextCustomizerFactory$DuplicateJsonObjectContextCustomizer@2262b621, org.springframework.boot.test.mock.mockito.MockitoContextCustomizer@0], contextLoader = 'org.springframework.test.context.support.DelegatingSmartContextLoader', parent = [null]]]
16:47:23.297 [Test worker] DEBUG org.springframework.test.context.cache - Spring test ApplicationContext cache statistics: [DefaultContextCache@60222fd8 size = 1, maxSize = 32, parentContextCount = 0, hitCount = 43, missCount = 1]
16:47:23.297 [Test worker] DEBUG org.springframework.test.context.support.AbstractDirtiesContextTestExecutionListener - After test method: context [DefaultTestContext@a8c1f44 testClass = BoardRepositoryTest, testInstance = org.waldreg.repository.board.BoardRepositoryTest@255e5e2e, testMethod = INQUIRY_ALL_BOARD_LIST_SUCCESS_TEST@BoardRepositoryTest, testException = [null], mergedContextConfiguration = [MergedContextConfiguration@150ab4ed testClass = BoardRepositoryTest, locations = '{}', classes = '{class org.waldreg.repository.board.MemoryBoardRepository, class org.waldreg.repository.MemoryBoardStorage, class org.waldreg.repository.user.MemoryUserRepository, class org.waldreg.repository.MemoryUserStorage, class org.waldreg.repository.character.MemoryCharacterRepository, class org.waldreg.repository.MemoryCharacterStorage, class org.waldreg.repository.board.BoardMapper, class org.waldreg.repository.user.UserMapper, class org.waldreg.repository.character.CharacterMapper}', contextInitializerClasses = '[]', activeProfiles = '{}', propertySourceLocations = '{}', propertySourceProperties = '{}', contextCustomizers = set[org.springframework.boot.test.autoconfigure.actuate.metrics.MetricsExportContextCustomizerFactory$DisableMetricExportContextCustomizer@5c00384f, org.springframework.boot.test.autoconfigure.properties.PropertyMappingContextCustomizer@0, org.springframework.boot.test.autoconfigure.web.servlet.WebDriverContextCustomizerFactory$Customizer@4504d271, org.springframework.boot.test.context.filter.ExcludeFilterContextCustomizer@2b5825fa, org.springframework.boot.test.json.DuplicateJsonObjectContextCustomizerFactory$DuplicateJsonObjectContextCustomizer@2262b621, org.springframework.boot.test.mock.mockito.MockitoContextCustomizer@0], contextLoader = 'org.springframework.test.context.support.DelegatingSmartContextLoader', parent = [null]], attributes = map['org.springframework.test.context.event.ApplicationEventsTestExecutionListener.recordApplicationEvents' -> false]], class annotated with @DirtiesContext [false] with mode [null], method annotated with @DirtiesContext [false] with mode [null].
16:47:23.297 [Test worker] DEBUG org.springframework.test.context.support.DependencyInjectionTestExecutionListener - Performing dependency injection for test context [[DefaultTestContext@a8c1f44 testClass = BoardRepositoryTest, testInstance = org.waldreg.repository.board.BoardRepositoryTest@c6b2dd9, testMethod = [null], testException = [null], mergedContextConfiguration = [MergedContextConfiguration@150ab4ed testClass = BoardRepositoryTest, locations = '{}', classes = '{class org.waldreg.repository.board.MemoryBoardRepository, class org.waldreg.repository.MemoryBoardStorage, class org.waldreg.repository.user.MemoryUserRepository, class org.waldreg.repository.MemoryUserStorage, class org.waldreg.repository.character.MemoryCharacterRepository, class org.waldreg.repository.MemoryCharacterStorage, class org.waldreg.repository.board.BoardMapper, class org.waldreg.repository.user.UserMapper, class org.waldreg.repository.character.CharacterMapper}', contextInitializerClasses = '[]', activeProfiles = '{}', propertySourceLocations = '{}', propertySourceProperties = '{}', contextCustomizers = set[org.springframework.boot.test.autoconfigure.actuate.metrics.MetricsExportContextCustomizerFactory$DisableMetricExportContextCustomizer@5c00384f, org.springframework.boot.test.autoconfigure.properties.PropertyMappingContextCustomizer@0, org.springframework.boot.test.autoconfigure.web.servlet.WebDriverContextCustomizerFactory$Customizer@4504d271, org.springframework.boot.test.context.filter.ExcludeFilterContextCustomizer@2b5825fa, org.springframework.boot.test.json.DuplicateJsonObjectContextCustomizerFactory$DuplicateJsonObjectContextCustomizer@2262b621, org.springframework.boot.test.mock.mockito.MockitoContextCustomizer@0], contextLoader = 'org.springframework.test.context.support.DelegatingSmartContextLoader', parent = [null]], attributes = map['org.springframework.test.context.event.ApplicationEventsTestExecutionListener.recordApplicationEvents' -> false]]].
16:47:23.297 [Test worker] DEBUG org.springframework.test.context.cache.DefaultCacheAwareContextLoaderDelegate - Retrieved ApplicationContext [883521348] from cache with key [[MergedContextConfiguration@150ab4ed testClass = BoardRepositoryTest, locations = '{}', classes = '{class org.waldreg.repository.board.MemoryBoardRepository, class org.waldreg.repository.MemoryBoardStorage, class org.waldreg.repository.user.MemoryUserRepository, class org.waldreg.repository.MemoryUserStorage, class org.waldreg.repository.character.MemoryCharacterRepository, class org.waldreg.repository.MemoryCharacterStorage, class org.waldreg.repository.board.BoardMapper, class org.waldreg.repository.user.UserMapper, class org.waldreg.repository.character.CharacterMapper}', contextInitializerClasses = '[]', activeProfiles = '{}', propertySourceLocations = '{}', propertySourceProperties = '{}', contextCustomizers = set[org.springframework.boot.test.autoconfigure.actuate.metrics.MetricsExportContextCustomizerFactory$DisableMetricExportContextCustomizer@5c00384f, org.springframework.boot.test.autoconfigure.properties.PropertyMappingContextCustomizer@0, org.springframework.boot.test.autoconfigure.web.servlet.WebDriverContextCustomizerFactory$Customizer@4504d271, org.springframework.boot.test.context.filter.ExcludeFilterContextCustomizer@2b5825fa, org.springframework.boot.test.json.DuplicateJsonObjectContextCustomizerFactory$DuplicateJsonObjectContextCustomizer@2262b621, org.springframework.boot.test.mock.mockito.MockitoContextCustomizer@0], contextLoader = 'org.springframework.test.context.support.DelegatingSmartContextLoader', parent = [null]]]
16:47:23.297 [Test worker] DEBUG org.springframework.test.context.cache - Spring test ApplicationContext cache statistics: [DefaultContextCache@60222fd8 size = 1, maxSize = 32, parentContextCount = 0, hitCount = 44, missCount = 1]
16:47:23.298 [Test worker] DEBUG org.springframework.test.context.cache.DefaultCacheAwareContextLoaderDelegate - Retrieved ApplicationContext [883521348] from cache with key [[MergedContextConfiguration@150ab4ed testClass = BoardRepositoryTest, locations = '{}', classes = '{class org.waldreg.repository.board.MemoryBoardRepository, class org.waldreg.repository.MemoryBoardStorage, class org.waldreg.repository.user.MemoryUserRepository, class org.waldreg.repository.MemoryUserStorage, class org.waldreg.repository.character.MemoryCharacterRepository, class org.waldreg.repository.MemoryCharacterStorage, class org.waldreg.repository.board.BoardMapper, class org.waldreg.repository.user.UserMapper, class org.waldreg.repository.character.CharacterMapper}', contextInitializerClasses = '[]', activeProfiles = '{}', propertySourceLocations = '{}', propertySourceProperties = '{}', contextCustomizers = set[org.springframework.boot.test.autoconfigure.actuate.metrics.MetricsExportContextCustomizerFactory$DisableMetricExportContextCustomizer@5c00384f, org.springframework.boot.test.autoconfigure.properties.PropertyMappingContextCustomizer@0, org.springframework.boot.test.autoconfigure.web.servlet.WebDriverContextCustomizerFactory$Customizer@4504d271, org.springframework.boot.test.context.filter.ExcludeFilterContextCustomizer@2b5825fa, org.springframework.boot.test.json.DuplicateJsonObjectContextCustomizerFactory$DuplicateJsonObjectContextCustomizer@2262b621, org.springframework.boot.test.mock.mockito.MockitoContextCustomizer@0], contextLoader = 'org.springframework.test.context.support.DelegatingSmartContextLoader', parent = [null]]]
16:47:23.298 [Test worker] DEBUG org.springframework.test.context.cache - Spring test ApplicationContext cache statistics: [DefaultContextCache@60222fd8 size = 1, maxSize = 32, parentContextCount = 0, hitCount = 45, missCount = 1]
16:47:23.298 [Test worker] DEBUG org.springframework.test.context.support.AbstractDirtiesContextTestExecutionListener - Before test method: context [DefaultTestContext@a8c1f44 testClass = BoardRepositoryTest, testInstance = org.waldreg.repository.board.BoardRepositoryTest@c6b2dd9, testMethod = INQUIRY_BOARD_LIST_BY_CONTENT_SUCCESS_TEST@BoardRepositoryTest, testException = [null], mergedContextConfiguration = [MergedContextConfiguration@150ab4ed testClass = BoardRepositoryTest, locations = '{}', classes = '{class org.waldreg.repository.board.MemoryBoardRepository, class org.waldreg.repository.MemoryBoardStorage, class org.waldreg.repository.user.MemoryUserRepository, class org.waldreg.repository.MemoryUserStorage, class org.waldreg.repository.character.MemoryCharacterRepository, class org.waldreg.repository.MemoryCharacterStorage, class org.waldreg.repository.board.BoardMapper, class org.waldreg.repository.user.UserMapper, class org.waldreg.repository.character.CharacterMapper}', contextInitializerClasses = '[]', activeProfiles = '{}', propertySourceLocations = '{}', propertySourceProperties = '{}', contextCustomizers = set[org.springframework.boot.test.autoconfigure.actuate.metrics.MetricsExportContextCustomizerFactory$DisableMetricExportContextCustomizer@5c00384f, org.springframework.boot.test.autoconfigure.properties.PropertyMappingContextCustomizer@0, org.springframework.boot.test.autoconfigure.web.servlet.WebDriverContextCustomizerFactory$Customizer@4504d271, org.springframework.boot.test.context.filter.ExcludeFilterContextCustomizer@2b5825fa, org.springframework.boot.test.json.DuplicateJsonObjectContextCustomizerFactory$DuplicateJsonObjectContextCustomizer@2262b621, org.springframework.boot.test.mock.mockito.MockitoContextCustomizer@0], contextLoader = 'org.springframework.test.context.support.DelegatingSmartContextLoader', parent = [null]], attributes = map['org.springframework.test.context.event.ApplicationEventsTestExecutionListener.recordApplicationEvents' -> false]], class annotated with @DirtiesContext [false] with mode [null], method annotated with @DirtiesContext [false] with mode [null].
16:47:23.298 [Test worker] DEBUG org.springframework.test.context.cache.DefaultCacheAwareContextLoaderDelegate - Retrieved ApplicationContext [883521348] from cache with key [[MergedContextConfiguration@150ab4ed testClass = BoardRepositoryTest, locations = '{}', classes = '{class org.waldreg.repository.board.MemoryBoardRepository, class org.waldreg.repository.MemoryBoardStorage, class org.waldreg.repository.user.MemoryUserRepository, class org.waldreg.repository.MemoryUserStorage, class org.waldreg.repository.character.MemoryCharacterRepository, class org.waldreg.repository.MemoryCharacterStorage, class org.waldreg.repository.board.BoardMapper, class org.waldreg.repository.user.UserMapper, class org.waldreg.repository.character.CharacterMapper}', contextInitializerClasses = '[]', activeProfiles = '{}', propertySourceLocations = '{}', propertySourceProperties = '{}', contextCustomizers = set[org.springframework.boot.test.autoconfigure.actuate.metrics.MetricsExportContextCustomizerFactory$DisableMetricExportContextCustomizer@5c00384f, org.springframework.boot.test.autoconfigure.properties.PropertyMappingContextCustomizer@0, org.springframework.boot.test.autoconfigure.web.servlet.WebDriverContextCustomizerFactory$Customizer@4504d271, org.springframework.boot.test.context.filter.ExcludeFilterContextCustomizer@2b5825fa, org.springframework.boot.test.json.DuplicateJsonObjectContextCustomizerFactory$DuplicateJsonObjectContextCustomizer@2262b621, org.springframework.boot.test.mock.mockito.MockitoContextCustomizer@0], contextLoader = 'org.springframework.test.context.support.DelegatingSmartContextLoader', parent = [null]]]
16:47:23.298 [Test worker] DEBUG org.springframework.test.context.cache - Spring test ApplicationContext cache statistics: [DefaultContextCache@60222fd8 size = 1, maxSize = 32, parentContextCount = 0, hitCount = 46, missCount = 1]
16:47:23.300 [Test worker] DEBUG org.springframework.test.context.cache.DefaultCacheAwareContextLoaderDelegate - Retrieved ApplicationContext [883521348] from cache with key [[MergedContextConfiguration@150ab4ed testClass = BoardRepositoryTest, locations = '{}', classes = '{class org.waldreg.repository.board.MemoryBoardRepository, class org.waldreg.repository.MemoryBoardStorage, class org.waldreg.repository.user.MemoryUserRepository, class org.waldreg.repository.MemoryUserStorage, class org.waldreg.repository.character.MemoryCharacterRepository, class org.waldreg.repository.MemoryCharacterStorage, class org.waldreg.repository.board.BoardMapper, class org.waldreg.repository.user.UserMapper, class org.waldreg.repository.character.CharacterMapper}', contextInitializerClasses = '[]', activeProfiles = '{}', propertySourceLocations = '{}', propertySourceProperties = '{}', contextCustomizers = set[org.springframework.boot.test.autoconfigure.actuate.metrics.MetricsExportContextCustomizerFactory$DisableMetricExportContextCustomizer@5c00384f, org.springframework.boot.test.autoconfigure.properties.PropertyMappingContextCustomizer@0, org.springframework.boot.test.autoconfigure.web.servlet.WebDriverContextCustomizerFactory$Customizer@4504d271, org.springframework.boot.test.context.filter.ExcludeFilterContextCustomizer@2b5825fa, org.springframework.boot.test.json.DuplicateJsonObjectContextCustomizerFactory$DuplicateJsonObjectContextCustomizer@2262b621, org.springframework.boot.test.mock.mockito.MockitoContextCustomizer@0], contextLoader = 'org.springframework.test.context.support.DelegatingSmartContextLoader', parent = [null]]]
16:47:23.300 [Test worker] DEBUG org.springframework.test.context.cache - Spring test ApplicationContext cache statistics: [DefaultContextCache@60222fd8 size = 1, maxSize = 32, parentContextCount = 0, hitCount = 47, missCount = 1]
16:47:23.301 [Test worker] DEBUG org.springframework.test.context.cache.DefaultCacheAwareContextLoaderDelegate - Retrieved ApplicationContext [883521348] from cache with key [[MergedContextConfiguration@150ab4ed testClass = BoardRepositoryTest, locations = '{}', classes = '{class org.waldreg.repository.board.MemoryBoardRepository, class org.waldreg.repository.MemoryBoardStorage, class org.waldreg.repository.user.MemoryUserRepository, class org.waldreg.repository.MemoryUserStorage, class org.waldreg.repository.character.MemoryCharacterRepository, class org.waldreg.repository.MemoryCharacterStorage, class org.waldreg.repository.board.BoardMapper, class org.waldreg.repository.user.UserMapper, class org.waldreg.repository.character.CharacterMapper}', contextInitializerClasses = '[]', activeProfiles = '{}', propertySourceLocations = '{}', propertySourceProperties = '{}', contextCustomizers = set[org.springframework.boot.test.autoconfigure.actuate.metrics.MetricsExportContextCustomizerFactory$DisableMetricExportContextCustomizer@5c00384f, org.springframework.boot.test.autoconfigure.properties.PropertyMappingContextCustomizer@0, org.springframework.boot.test.autoconfigure.web.servlet.WebDriverContextCustomizerFactory$Customizer@4504d271, org.springframework.boot.test.context.filter.ExcludeFilterContextCustomizer@2b5825fa, org.springframework.boot.test.json.DuplicateJsonObjectContextCustomizerFactory$DuplicateJsonObjectContextCustomizer@2262b621, org.springframework.boot.test.mock.mockito.MockitoContextCustomizer@0], contextLoader = 'org.springframework.test.context.support.DelegatingSmartContextLoader', parent = [null]]]
16:47:23.301 [Test worker] DEBUG org.springframework.test.context.cache - Spring test ApplicationContext cache statistics: [DefaultContextCache@60222fd8 size = 1, maxSize = 32, parentContextCount = 0, hitCount = 48, missCount = 1]
16:47:23.305 [Test worker] DEBUG org.springframework.test.context.cache.DefaultCacheAwareContextLoaderDelegate - Retrieved ApplicationContext [883521348] from cache with key [[MergedContextConfiguration@150ab4ed testClass = BoardRepositoryTest, locations = '{}', classes = '{class org.waldreg.repository.board.MemoryBoardRepository, class org.waldreg.repository.MemoryBoardStorage, class org.waldreg.repository.user.MemoryUserRepository, class org.waldreg.repository.MemoryUserStorage, class org.waldreg.repository.character.MemoryCharacterRepository, class org.waldreg.repository.MemoryCharacterStorage, class org.waldreg.repository.board.BoardMapper, class org.waldreg.repository.user.UserMapper, class org.waldreg.repository.character.CharacterMapper}', contextInitializerClasses = '[]', activeProfiles = '{}', propertySourceLocations = '{}', propertySourceProperties = '{}', contextCustomizers = set[org.springframework.boot.test.autoconfigure.actuate.metrics.MetricsExportContextCustomizerFactory$DisableMetricExportContextCustomizer@5c00384f, org.springframework.boot.test.autoconfigure.properties.PropertyMappingContextCustomizer@0, org.springframework.boot.test.autoconfigure.web.servlet.WebDriverContextCustomizerFactory$Customizer@4504d271, org.springframework.boot.test.context.filter.ExcludeFilterContextCustomizer@2b5825fa, org.springframework.boot.test.json.DuplicateJsonObjectContextCustomizerFactory$DuplicateJsonObjectContextCustomizer@2262b621, org.springframework.boot.test.mock.mockito.MockitoContextCustomizer@0], contextLoader = 'org.springframework.test.context.support.DelegatingSmartContextLoader', parent = [null]]]
16:47:23.305 [Test worker] DEBUG org.springframework.test.context.cache - Spring test ApplicationContext cache statistics: [DefaultContextCache@60222fd8 size = 1, maxSize = 32, parentContextCount = 0, hitCount = 49, missCount = 1]
16:47:23.306 [Test worker] DEBUG org.springframework.test.context.cache.DefaultCacheAwareContextLoaderDelegate - Retrieved ApplicationContext [883521348] from cache with key [[MergedContextConfiguration@150ab4ed testClass = BoardRepositoryTest, locations = '{}', classes = '{class org.waldreg.repository.board.MemoryBoardRepository, class org.waldreg.repository.MemoryBoardStorage, class org.waldreg.repository.user.MemoryUserRepository, class org.waldreg.repository.MemoryUserStorage, class org.waldreg.repository.character.MemoryCharacterRepository, class org.waldreg.repository.MemoryCharacterStorage, class org.waldreg.repository.board.BoardMapper, class org.waldreg.repository.user.UserMapper, class org.waldreg.repository.character.CharacterMapper}', contextInitializerClasses = '[]', activeProfiles = '{}', propertySourceLocations = '{}', propertySourceProperties = '{}', contextCustomizers = set[org.springframework.boot.test.autoconfigure.actuate.metrics.MetricsExportContextCustomizerFactory$DisableMetricExportContextCustomizer@5c00384f, org.springframework.boot.test.autoconfigure.properties.PropertyMappingContextCustomizer@0, org.springframework.boot.test.autoconfigure.web.servlet.WebDriverContextCustomizerFactory$Customizer@4504d271, org.springframework.boot.test.context.filter.ExcludeFilterContextCustomizer@2b5825fa, org.springframework.boot.test.json.DuplicateJsonObjectContextCustomizerFactory$DuplicateJsonObjectContextCustomizer@2262b621, org.springframework.boot.test.mock.mockito.MockitoContextCustomizer@0], contextLoader = 'org.springframework.test.context.support.DelegatingSmartContextLoader', parent = [null]]]
16:47:23.306 [Test worker] DEBUG org.springframework.test.context.cache - Spring test ApplicationContext cache statistics: [DefaultContextCache@60222fd8 size = 1, maxSize = 32, parentContextCount = 0, hitCount = 50, missCount = 1]
16:47:23.306 [Test worker] DEBUG org.springframework.test.context.cache.DefaultCacheAwareContextLoaderDelegate - Retrieved ApplicationContext [883521348] from cache with key [[MergedContextConfiguration@150ab4ed testClass = BoardRepositoryTest, locations = '{}', classes = '{class org.waldreg.repository.board.MemoryBoardRepository, class org.waldreg.repository.MemoryBoardStorage, class org.waldreg.repository.user.MemoryUserRepository, class org.waldreg.repository.MemoryUserStorage, class org.waldreg.repository.character.MemoryCharacterRepository, class org.waldreg.repository.MemoryCharacterStorage, class org.waldreg.repository.board.BoardMapper, class org.waldreg.repository.user.UserMapper, class org.waldreg.repository.character.CharacterMapper}', contextInitializerClasses = '[]', activeProfiles = '{}', propertySourceLocations = '{}', propertySourceProperties = '{}', contextCustomizers = set[org.springframework.boot.test.autoconfigure.actuate.metrics.MetricsExportContextCustomizerFactory$DisableMetricExportContextCustomizer@5c00384f, org.springframework.boot.test.autoconfigure.properties.PropertyMappingContextCustomizer@0, org.springframework.boot.test.autoconfigure.web.servlet.WebDriverContextCustomizerFactory$Customizer@4504d271, org.springframework.boot.test.context.filter.ExcludeFilterContextCustomizer@2b5825fa, org.springframework.boot.test.json.DuplicateJsonObjectContextCustomizerFactory$DuplicateJsonObjectContextCustomizer@2262b621, org.springframework.boot.test.mock.mockito.MockitoContextCustomizer@0], contextLoader = 'org.springframework.test.context.support.DelegatingSmartContextLoader', parent = [null]]]
16:47:23.307 [Test worker] DEBUG org.springframework.test.context.cache - Spring test ApplicationContext cache statistics: [DefaultContextCache@60222fd8 size = 1, maxSize = 32, parentContextCount = 0, hitCount = 51, missCount = 1]
16:47:23.307 [Test worker] DEBUG org.springframework.test.context.cache.DefaultCacheAwareContextLoaderDelegate - Retrieved ApplicationContext [883521348] from cache with key [[MergedContextConfiguration@150ab4ed testClass = BoardRepositoryTest, locations = '{}', classes = '{class org.waldreg.repository.board.MemoryBoardRepository, class org.waldreg.repository.MemoryBoardStorage, class org.waldreg.repository.user.MemoryUserRepository, class org.waldreg.repository.MemoryUserStorage, class org.waldreg.repository.character.MemoryCharacterRepository, class org.waldreg.repository.MemoryCharacterStorage, class org.waldreg.repository.board.BoardMapper, class org.waldreg.repository.user.UserMapper, class org.waldreg.repository.character.CharacterMapper}', contextInitializerClasses = '[]', activeProfiles = '{}', propertySourceLocations = '{}', propertySourceProperties = '{}', contextCustomizers = set[org.springframework.boot.test.autoconfigure.actuate.metrics.MetricsExportContextCustomizerFactory$DisableMetricExportContextCustomizer@5c00384f, org.springframework.boot.test.autoconfigure.properties.PropertyMappingContextCustomizer@0, org.springframework.boot.test.autoconfigure.web.servlet.WebDriverContextCustomizerFactory$Customizer@4504d271, org.springframework.boot.test.context.filter.ExcludeFilterContextCustomizer@2b5825fa, org.springframework.boot.test.json.DuplicateJsonObjectContextCustomizerFactory$DuplicateJsonObjectContextCustomizer@2262b621, org.springframework.boot.test.mock.mockito.MockitoContextCustomizer@0], contextLoader = 'org.springframework.test.context.support.DelegatingSmartContextLoader', parent = [null]]]
16:47:23.307 [Test worker] DEBUG org.springframework.test.context.cache - Spring test ApplicationContext cache statistics: [DefaultContextCache@60222fd8 size = 1, maxSize = 32, parentContextCount = 0, hitCount = 52, missCount = 1]
16:47:23.307 [Test worker] DEBUG org.springframework.test.context.cache.DefaultCacheAwareContextLoaderDelegate - Retrieved ApplicationContext [883521348] from cache with key [[MergedContextConfiguration@150ab4ed testClass = BoardRepositoryTest, locations = '{}', classes = '{class org.waldreg.repository.board.MemoryBoardRepository, class org.waldreg.repository.MemoryBoardStorage, class org.waldreg.repository.user.MemoryUserRepository, class org.waldreg.repository.MemoryUserStorage, class org.waldreg.repository.character.MemoryCharacterRepository, class org.waldreg.repository.MemoryCharacterStorage, class org.waldreg.repository.board.BoardMapper, class org.waldreg.repository.user.UserMapper, class org.waldreg.repository.character.CharacterMapper}', contextInitializerClasses = '[]', activeProfiles = '{}', propertySourceLocations = '{}', propertySourceProperties = '{}', contextCustomizers = set[org.springframework.boot.test.autoconfigure.actuate.metrics.MetricsExportContextCustomizerFactory$DisableMetricExportContextCustomizer@5c00384f, org.springframework.boot.test.autoconfigure.properties.PropertyMappingContextCustomizer@0, org.springframework.boot.test.autoconfigure.web.servlet.WebDriverContextCustomizerFactory$Customizer@4504d271, org.springframework.boot.test.context.filter.ExcludeFilterContextCustomizer@2b5825fa, org.springframework.boot.test.json.DuplicateJsonObjectContextCustomizerFactory$DuplicateJsonObjectContextCustomizer@2262b621, org.springframework.boot.test.mock.mockito.MockitoContextCustomizer@0], contextLoader = 'org.springframework.test.context.support.DelegatingSmartContextLoader', parent = [null]]]
16:47:23.307 [Test worker] DEBUG org.springframework.test.context.cache - Spring test ApplicationContext cache statistics: [DefaultContextCache@60222fd8 size = 1, maxSize = 32, parentContextCount = 0, hitCount = 53, missCount = 1]
16:47:23.308 [Test worker] DEBUG org.springframework.test.context.cache.DefaultCacheAwareContextLoaderDelegate - Retrieved ApplicationContext [883521348] from cache with key [[MergedContextConfiguration@150ab4ed testClass = BoardRepositoryTest, locations = '{}', classes = '{class org.waldreg.repository.board.MemoryBoardRepository, class org.waldreg.repository.MemoryBoardStorage, class org.waldreg.repository.user.MemoryUserRepository, class org.waldreg.repository.MemoryUserStorage, class org.waldreg.repository.character.MemoryCharacterRepository, class org.waldreg.repository.MemoryCharacterStorage, class org.waldreg.repository.board.BoardMapper, class org.waldreg.repository.user.UserMapper, class org.waldreg.repository.character.CharacterMapper}', contextInitializerClasses = '[]', activeProfiles = '{}', propertySourceLocations = '{}', propertySourceProperties = '{}', contextCustomizers = set[org.springframework.boot.test.autoconfigure.actuate.metrics.MetricsExportContextCustomizerFactory$DisableMetricExportContextCustomizer@5c00384f, org.springframework.boot.test.autoconfigure.properties.PropertyMappingContextCustomizer@0, org.springframework.boot.test.autoconfigure.web.servlet.WebDriverContextCustomizerFactory$Customizer@4504d271, org.springframework.boot.test.context.filter.ExcludeFilterContextCustomizer@2b5825fa, org.springframework.boot.test.json.DuplicateJsonObjectContextCustomizerFactory$DuplicateJsonObjectContextCustomizer@2262b621, org.springframework.boot.test.mock.mockito.MockitoContextCustomizer@0], contextLoader = 'org.springframework.test.context.support.DelegatingSmartContextLoader', parent = [null]]]
16:47:23.308 [Test worker] DEBUG org.springframework.test.context.cache - Spring test ApplicationContext cache statistics: [DefaultContextCache@60222fd8 size = 1, maxSize = 32, parentContextCount = 0, hitCount = 54, missCount = 1]
16:47:23.308 [Test worker] DEBUG org.springframework.test.context.support.AbstractDirtiesContextTestExecutionListener - After test method: context [DefaultTestContext@a8c1f44 testClass = BoardRepositoryTest, testInstance = org.waldreg.repository.board.BoardRepositoryTest@c6b2dd9, testMethod = INQUIRY_BOARD_LIST_BY_CONTENT_SUCCESS_TEST@BoardRepositoryTest, testException = [null], mergedContextConfiguration = [MergedContextConfiguration@150ab4ed testClass = BoardRepositoryTest, locations = '{}', classes = '{class org.waldreg.repository.board.MemoryBoardRepository, class org.waldreg.repository.MemoryBoardStorage, class org.waldreg.repository.user.MemoryUserRepository, class org.waldreg.repository.MemoryUserStorage, class org.waldreg.repository.character.MemoryCharacterRepository, class org.waldreg.repository.MemoryCharacterStorage, class org.waldreg.repository.board.BoardMapper, class org.waldreg.repository.user.UserMapper, class org.waldreg.repository.character.CharacterMapper}', contextInitializerClasses = '[]', activeProfiles = '{}', propertySourceLocations = '{}', propertySourceProperties = '{}', contextCustomizers = set[org.springframework.boot.test.autoconfigure.actuate.metrics.MetricsExportContextCustomizerFactory$DisableMetricExportContextCustomizer@5c00384f, org.springframework.boot.test.autoconfigure.properties.PropertyMappingContextCustomizer@0, org.springframework.boot.test.autoconfigure.web.servlet.WebDriverContextCustomizerFactory$Customizer@4504d271, org.springframework.boot.test.context.filter.ExcludeFilterContextCustomizer@2b5825fa, org.springframework.boot.test.json.DuplicateJsonObjectContextCustomizerFactory$DuplicateJsonObjectContextCustomizer@2262b621, org.springframework.boot.test.mock.mockito.MockitoContextCustomizer@0], contextLoader = 'org.springframework.test.context.support.DelegatingSmartContextLoader', parent = [null]], attributes = map['org.springframework.test.context.event.ApplicationEventsTestExecutionListener.recordApplicationEvents' -> false]], class annotated with @DirtiesContext [false] with mode [null], method annotated with @DirtiesContext [false] with mode [null].
16:47:23.309 [Test worker] DEBUG org.springframework.test.context.support.DependencyInjectionTestExecutionListener - Performing dependency injection for test context [[DefaultTestContext@a8c1f44 testClass = BoardRepositoryTest, testInstance = org.waldreg.repository.board.BoardRepositoryTest@205bed61, testMethod = [null], testException = [null], mergedContextConfiguration = [MergedContextConfiguration@150ab4ed testClass = BoardRepositoryTest, locations = '{}', classes = '{class org.waldreg.repository.board.MemoryBoardRepository, class org.waldreg.repository.MemoryBoardStorage, class org.waldreg.repository.user.MemoryUserRepository, class org.waldreg.repository.MemoryUserStorage, class org.waldreg.repository.character.MemoryCharacterRepository, class org.waldreg.repository.MemoryCharacterStorage, class org.waldreg.repository.board.BoardMapper, class org.waldreg.repository.user.UserMapper, class org.waldreg.repository.character.CharacterMapper}', contextInitializerClasses = '[]', activeProfiles = '{}', propertySourceLocations = '{}', propertySourceProperties = '{}', contextCustomizers = set[org.springframework.boot.test.autoconfigure.actuate.metrics.MetricsExportContextCustomizerFactory$DisableMetricExportContextCustomizer@5c00384f, org.springframework.boot.test.autoconfigure.properties.PropertyMappingContextCustomizer@0, org.springframework.boot.test.autoconfigure.web.servlet.WebDriverContextCustomizerFactory$Customizer@4504d271, org.springframework.boot.test.context.filter.ExcludeFilterContextCustomizer@2b5825fa, org.springframework.boot.test.json.DuplicateJsonObjectContextCustomizerFactory$DuplicateJsonObjectContextCustomizer@2262b621, org.springframework.boot.test.mock.mockito.MockitoContextCustomizer@0], contextLoader = 'org.springframework.test.context.support.DelegatingSmartContextLoader', parent = [null]], attributes = map['org.springframework.test.context.event.ApplicationEventsTestExecutionListener.recordApplicationEvents' -> false]]].
16:47:23.309 [Test worker] DEBUG org.springframework.test.context.cache.DefaultCacheAwareContextLoaderDelegate - Retrieved ApplicationContext [883521348] from cache with key [[MergedContextConfiguration@150ab4ed testClass = BoardRepositoryTest, locations = '{}', classes = '{class org.waldreg.repository.board.MemoryBoardRepository, class org.waldreg.repository.MemoryBoardStorage, class org.waldreg.repository.user.MemoryUserRepository, class org.waldreg.repository.MemoryUserStorage, class org.waldreg.repository.character.MemoryCharacterRepository, class org.waldreg.repository.MemoryCharacterStorage, class org.waldreg.repository.board.BoardMapper, class org.waldreg.repository.user.UserMapper, class org.waldreg.repository.character.CharacterMapper}', contextInitializerClasses = '[]', activeProfiles = '{}', propertySourceLocations = '{}', propertySourceProperties = '{}', contextCustomizers = set[org.springframework.boot.test.autoconfigure.actuate.metrics.MetricsExportContextCustomizerFactory$DisableMetricExportContextCustomizer@5c00384f, org.springframework.boot.test.autoconfigure.properties.PropertyMappingContextCustomizer@0, org.springframework.boot.test.autoconfigure.web.servlet.WebDriverContextCustomizerFactory$Customizer@4504d271, org.springframework.boot.test.context.filter.ExcludeFilterContextCustomizer@2b5825fa, org.springframework.boot.test.json.DuplicateJsonObjectContextCustomizerFactory$DuplicateJsonObjectContextCustomizer@2262b621, org.springframework.boot.test.mock.mockito.MockitoContextCustomizer@0], contextLoader = 'org.springframework.test.context.support.DelegatingSmartContextLoader', parent = [null]]]
16:47:23.309 [Test worker] DEBUG org.springframework.test.context.cache - Spring test ApplicationContext cache statistics: [DefaultContextCache@60222fd8 size = 1, maxSize = 32, parentContextCount = 0, hitCount = 55, missCount = 1]
16:47:23.310 [Test worker] DEBUG org.springframework.test.context.cache.DefaultCacheAwareContextLoaderDelegate - Retrieved ApplicationContext [883521348] from cache with key [[MergedContextConfiguration@150ab4ed testClass = BoardRepositoryTest, locations = '{}', classes = '{class org.waldreg.repository.board.MemoryBoardRepository, class org.waldreg.repository.MemoryBoardStorage, class org.waldreg.repository.user.MemoryUserRepository, class org.waldreg.repository.MemoryUserStorage, class org.waldreg.repository.character.MemoryCharacterRepository, class org.waldreg.repository.MemoryCharacterStorage, class org.waldreg.repository.board.BoardMapper, class org.waldreg.repository.user.UserMapper, class org.waldreg.repository.character.CharacterMapper}', contextInitializerClasses = '[]', activeProfiles = '{}', propertySourceLocations = '{}', propertySourceProperties = '{}', contextCustomizers = set[org.springframework.boot.test.autoconfigure.actuate.metrics.MetricsExportContextCustomizerFactory$DisableMetricExportContextCustomizer@5c00384f, org.springframework.boot.test.autoconfigure.properties.PropertyMappingContextCustomizer@0, org.springframework.boot.test.autoconfigure.web.servlet.WebDriverContextCustomizerFactory$Customizer@4504d271, org.springframework.boot.test.context.filter.ExcludeFilterContextCustomizer@2b5825fa, org.springframework.boot.test.json.DuplicateJsonObjectContextCustomizerFactory$DuplicateJsonObjectContextCustomizer@2262b621, org.springframework.boot.test.mock.mockito.MockitoContextCustomizer@0], contextLoader = 'org.springframework.test.context.support.DelegatingSmartContextLoader', parent = [null]]]
16:47:23.310 [Test worker] DEBUG org.springframework.test.context.cache - Spring test ApplicationContext cache statistics: [DefaultContextCache@60222fd8 size = 1, maxSize = 32, parentContextCount = 0, hitCount = 56, missCount = 1]
16:47:23.313 [Test worker] DEBUG org.springframework.test.context.support.AbstractDirtiesContextTestExecutionListener - Before test method: context [DefaultTestContext@a8c1f44 testClass = BoardRepositoryTest, testInstance = org.waldreg.repository.board.BoardRepositoryTest@205bed61, testMethod = INQUIRY_ALL_BOARD_LIST_BY_CATEGORY_SUCCESS_TEST@BoardRepositoryTest, testException = [null], mergedContextConfiguration = [MergedContextConfiguration@150ab4ed testClass = BoardRepositoryTest, locations = '{}', classes = '{class org.waldreg.repository.board.MemoryBoardRepository, class org.waldreg.repository.MemoryBoardStorage, class org.waldreg.repository.user.MemoryUserRepository, class org.waldreg.repository.MemoryUserStorage, class org.waldreg.repository.character.MemoryCharacterRepository, class org.waldreg.repository.MemoryCharacterStorage, class org.waldreg.repository.board.BoardMapper, class org.waldreg.repository.user.UserMapper, class org.waldreg.repository.character.CharacterMapper}', contextInitializerClasses = '[]', activeProfiles = '{}', propertySourceLocations = '{}', propertySourceProperties = '{}', contextCustomizers = set[org.springframework.boot.test.autoconfigure.actuate.metrics.MetricsExportContextCustomizerFactory$DisableMetricExportContextCustomizer@5c00384f, org.springframework.boot.test.autoconfigure.properties.PropertyMappingContextCustomizer@0, org.springframework.boot.test.autoconfigure.web.servlet.WebDriverContextCustomizerFactory$Customizer@4504d271, org.springframework.boot.test.context.filter.ExcludeFilterContextCustomizer@2b5825fa, org.springframework.boot.test.json.DuplicateJsonObjectContextCustomizerFactory$DuplicateJsonObjectContextCustomizer@2262b621, org.springframework.boot.test.mock.mockito.MockitoContextCustomizer@0], contextLoader = 'org.springframework.test.context.support.DelegatingSmartContextLoader', parent = [null]], attributes = map['org.springframework.test.context.event.ApplicationEventsTestExecutionListener.recordApplicationEvents' -> false]], class annotated with @DirtiesContext [false] with mode [null], method annotated with @DirtiesContext [false] with mode [null].
16:47:23.313 [Test worker] DEBUG org.springframework.test.context.cache.DefaultCacheAwareContextLoaderDelegate - Retrieved ApplicationContext [883521348] from cache with key [[MergedContextConfiguration@150ab4ed testClass = BoardRepositoryTest, locations = '{}', classes = '{class org.waldreg.repository.board.MemoryBoardRepository, class org.waldreg.repository.MemoryBoardStorage, class org.waldreg.repository.user.MemoryUserRepository, class org.waldreg.repository.MemoryUserStorage, class org.waldreg.repository.character.MemoryCharacterRepository, class org.waldreg.repository.MemoryCharacterStorage, class org.waldreg.repository.board.BoardMapper, class org.waldreg.repository.user.UserMapper, class org.waldreg.repository.character.CharacterMapper}', contextInitializerClasses = '[]', activeProfiles = '{}', propertySourceLocations = '{}', propertySourceProperties = '{}', contextCustomizers = set[org.springframework.boot.test.autoconfigure.actuate.metrics.MetricsExportContextCustomizerFactory$DisableMetricExportContextCustomizer@5c00384f, org.springframework.boot.test.autoconfigure.properties.PropertyMappingContextCustomizer@0, org.springframework.boot.test.autoconfigure.web.servlet.WebDriverContextCustomizerFactory$Customizer@4504d271, org.springframework.boot.test.context.filter.ExcludeFilterContextCustomizer@2b5825fa, org.springframework.boot.test.json.DuplicateJsonObjectContextCustomizerFactory$DuplicateJsonObjectContextCustomizer@2262b621, org.springframework.boot.test.mock.mockito.MockitoContextCustomizer@0], contextLoader = 'org.springframework.test.context.support.DelegatingSmartContextLoader', parent = [null]]]
16:47:23.313 [Test worker] DEBUG org.springframework.test.context.cache - Spring test ApplicationContext cache statistics: [DefaultContextCache@60222fd8 size = 1, maxSize = 32, parentContextCount = 0, hitCount = 57, missCount = 1]
16:47:23.314 [Test worker] DEBUG org.springframework.test.context.cache.DefaultCacheAwareContextLoaderDelegate - Retrieved ApplicationContext [883521348] from cache with key [[MergedContextConfiguration@150ab4ed testClass = BoardRepositoryTest, locations = '{}', classes = '{class org.waldreg.repository.board.MemoryBoardRepository, class org.waldreg.repository.MemoryBoardStorage, class org.waldreg.repository.user.MemoryUserRepository, class org.waldreg.repository.MemoryUserStorage, class org.waldreg.repository.character.MemoryCharacterRepository, class org.waldreg.repository.MemoryCharacterStorage, class org.waldreg.repository.board.BoardMapper, class org.waldreg.repository.user.UserMapper, class org.waldreg.repository.character.CharacterMapper}', contextInitializerClasses = '[]', activeProfiles = '{}', propertySourceLocations = '{}', propertySourceProperties = '{}', contextCustomizers = set[org.springframework.boot.test.autoconfigure.actuate.metrics.MetricsExportContextCustomizerFactory$DisableMetricExportContextCustomizer@5c00384f, org.springframework.boot.test.autoconfigure.properties.PropertyMappingContextCustomizer@0, org.springframework.boot.test.autoconfigure.web.servlet.WebDriverContextCustomizerFactory$Customizer@4504d271, org.springframework.boot.test.context.filter.ExcludeFilterContextCustomizer@2b5825fa, org.springframework.boot.test.json.DuplicateJsonObjectContextCustomizerFactory$DuplicateJsonObjectContextCustomizer@2262b621, org.springframework.boot.test.mock.mockito.MockitoContextCustomizer@0], contextLoader = 'org.springframework.test.context.support.DelegatingSmartContextLoader', parent = [null]]]
16:47:23.314 [Test worker] DEBUG org.springframework.test.context.cache - Spring test ApplicationContext cache statistics: [DefaultContextCache@60222fd8 size = 1, maxSize = 32, parentContextCount = 0, hitCount = 58, missCount = 1]
16:47:23.314 [Test worker] DEBUG org.springframework.test.context.cache.DefaultCacheAwareContextLoaderDelegate - Retrieved ApplicationContext [883521348] from cache with key [[MergedContextConfiguration@150ab4ed testClass = BoardRepositoryTest, locations = '{}', classes = '{class org.waldreg.repository.board.MemoryBoardRepository, class org.waldreg.repository.MemoryBoardStorage, class org.waldreg.repository.user.MemoryUserRepository, class org.waldreg.repository.MemoryUserStorage, class org.waldreg.repository.character.MemoryCharacterRepository, class org.waldreg.repository.MemoryCharacterStorage, class org.waldreg.repository.board.BoardMapper, class org.waldreg.repository.user.UserMapper, class org.waldreg.repository.character.CharacterMapper}', contextInitializerClasses = '[]', activeProfiles = '{}', propertySourceLocations = '{}', propertySourceProperties = '{}', contextCustomizers = set[org.springframework.boot.test.autoconfigure.actuate.metrics.MetricsExportContextCustomizerFactory$DisableMetricExportContextCustomizer@5c00384f, org.springframework.boot.test.autoconfigure.properties.PropertyMappingContextCustomizer@0, org.springframework.boot.test.autoconfigure.web.servlet.WebDriverContextCustomizerFactory$Customizer@4504d271, org.springframework.boot.test.context.filter.ExcludeFilterContextCustomizer@2b5825fa, org.springframework.boot.test.json.DuplicateJsonObjectContextCustomizerFactory$DuplicateJsonObjectContextCustomizer@2262b621, org.springframework.boot.test.mock.mockito.MockitoContextCustomizer@0], contextLoader = 'org.springframework.test.context.support.DelegatingSmartContextLoader', parent = [null]]]
16:47:23.314 [Test worker] DEBUG org.springframework.test.context.cache - Spring test ApplicationContext cache statistics: [DefaultContextCache@60222fd8 size = 1, maxSize = 32, parentContextCount = 0, hitCount = 59, missCount = 1]
16:47:23.316 [Test worker] DEBUG org.springframework.test.context.cache.DefaultCacheAwareContextLoaderDelegate - Retrieved ApplicationContext [883521348] from cache with key [[MergedContextConfiguration@150ab4ed testClass = BoardRepositoryTest, locations = '{}', classes = '{class org.waldreg.repository.board.MemoryBoardRepository, class org.waldreg.repository.MemoryBoardStorage, class org.waldreg.repository.user.MemoryUserRepository, class org.waldreg.repository.MemoryUserStorage, class org.waldreg.repository.character.MemoryCharacterRepository, class org.waldreg.repository.MemoryCharacterStorage, class org.waldreg.repository.board.BoardMapper, class org.waldreg.repository.user.UserMapper, class org.waldreg.repository.character.CharacterMapper}', contextInitializerClasses = '[]', activeProfiles = '{}', propertySourceLocations = '{}', propertySourceProperties = '{}', contextCustomizers = set[org.springframework.boot.test.autoconfigure.actuate.metrics.MetricsExportContextCustomizerFactory$DisableMetricExportContextCustomizer@5c00384f, org.springframework.boot.test.autoconfigure.properties.PropertyMappingContextCustomizer@0, org.springframework.boot.test.autoconfigure.web.servlet.WebDriverContextCustomizerFactory$Customizer@4504d271, org.springframework.boot.test.context.filter.ExcludeFilterContextCustomizer@2b5825fa, org.springframework.boot.test.json.DuplicateJsonObjectContextCustomizerFactory$DuplicateJsonObjectContextCustomizer@2262b621, org.springframework.boot.test.mock.mockito.MockitoContextCustomizer@0], contextLoader = 'org.springframework.test.context.support.DelegatingSmartContextLoader', parent = [null]]]
16:47:23.316 [Test worker] DEBUG org.springframework.test.context.cache - Spring test ApplicationContext cache statistics: [DefaultContextCache@60222fd8 size = 1, maxSize = 32, parentContextCount = 0, hitCount = 60, missCount = 1]
16:47:23.317 [Test worker] DEBUG org.springframework.test.context.cache.DefaultCacheAwareContextLoaderDelegate - Retrieved ApplicationContext [883521348] from cache with key [[MergedContextConfiguration@150ab4ed testClass = BoardRepositoryTest, locations = '{}', classes = '{class org.waldreg.repository.board.MemoryBoardRepository, class org.waldreg.repository.MemoryBoardStorage, class org.waldreg.repository.user.MemoryUserRepository, class org.waldreg.repository.MemoryUserStorage, class org.waldreg.repository.character.MemoryCharacterRepository, class org.waldreg.repository.MemoryCharacterStorage, class org.waldreg.repository.board.BoardMapper, class org.waldreg.repository.user.UserMapper, class org.waldreg.repository.character.CharacterMapper}', contextInitializerClasses = '[]', activeProfiles = '{}', propertySourceLocations = '{}', propertySourceProperties = '{}', contextCustomizers = set[org.springframework.boot.test.autoconfigure.actuate.metrics.MetricsExportContextCustomizerFactory$DisableMetricExportContextCustomizer@5c00384f, org.springframework.boot.test.autoconfigure.properties.PropertyMappingContextCustomizer@0, org.springframework.boot.test.autoconfigure.web.servlet.WebDriverContextCustomizerFactory$Customizer@4504d271, org.springframework.boot.test.context.filter.ExcludeFilterContextCustomizer@2b5825fa, org.springframework.boot.test.json.DuplicateJsonObjectContextCustomizerFactory$DuplicateJsonObjectContextCustomizer@2262b621, org.springframework.boot.test.mock.mockito.MockitoContextCustomizer@0], contextLoader = 'org.springframework.test.context.support.DelegatingSmartContextLoader', parent = [null]]]
16:47:23.317 [Test worker] DEBUG org.springframework.test.context.cache - Spring test ApplicationContext cache statistics: [DefaultContextCache@60222fd8 size = 1, maxSize = 32, parentContextCount = 0, hitCount = 61, missCount = 1]
16:47:23.318 [Test worker] DEBUG org.springframework.test.context.cache.DefaultCacheAwareContextLoaderDelegate - Retrieved ApplicationContext [883521348] from cache with key [[MergedContextConfiguration@150ab4ed testClass = BoardRepositoryTest, locations = '{}', classes = '{class org.waldreg.repository.board.MemoryBoardRepository, class org.waldreg.repository.MemoryBoardStorage, class org.waldreg.repository.user.MemoryUserRepository, class org.waldreg.repository.MemoryUserStorage, class org.waldreg.repository.character.MemoryCharacterRepository, class org.waldreg.repository.MemoryCharacterStorage, class org.waldreg.repository.board.BoardMapper, class org.waldreg.repository.user.UserMapper, class org.waldreg.repository.character.CharacterMapper}', contextInitializerClasses = '[]', activeProfiles = '{}', propertySourceLocations = '{}', propertySourceProperties = '{}', contextCustomizers = set[org.springframework.boot.test.autoconfigure.actuate.metrics.MetricsExportContextCustomizerFactory$DisableMetricExportContextCustomizer@5c00384f, org.springframework.boot.test.autoconfigure.properties.PropertyMappingContextCustomizer@0, org.springframework.boot.test.autoconfigure.web.servlet.WebDriverContextCustomizerFactory$Customizer@4504d271, org.springframework.boot.test.context.filter.ExcludeFilterContextCustomizer@2b5825fa, org.springframework.boot.test.json.DuplicateJsonObjectContextCustomizerFactory$DuplicateJsonObjectContextCustomizer@2262b621, org.springframework.boot.test.mock.mockito.MockitoContextCustomizer@0], contextLoader = 'org.springframework.test.context.support.DelegatingSmartContextLoader', parent = [null]]]
16:47:23.318 [Test worker] DEBUG org.springframework.test.context.cache - Spring test ApplicationContext cache statistics: [DefaultContextCache@60222fd8 size = 1, maxSize = 32, parentContextCount = 0, hitCount = 62, missCount = 1]
16:47:23.318 [Test worker] DEBUG org.springframework.test.context.cache.DefaultCacheAwareContextLoaderDelegate - Retrieved ApplicationContext [883521348] from cache with key [[MergedContextConfiguration@150ab4ed testClass = BoardRepositoryTest, locations = '{}', classes = '{class org.waldreg.repository.board.MemoryBoardRepository, class org.waldreg.repository.MemoryBoardStorage, class org.waldreg.repository.user.MemoryUserRepository, class org.waldreg.repository.MemoryUserStorage, class org.waldreg.repository.character.MemoryCharacterRepository, class org.waldreg.repository.MemoryCharacterStorage, class org.waldreg.repository.board.BoardMapper, class org.waldreg.repository.user.UserMapper, class org.waldreg.repository.character.CharacterMapper}', contextInitializerClasses = '[]', activeProfiles = '{}', propertySourceLocations = '{}', propertySourceProperties = '{}', contextCustomizers = set[org.springframework.boot.test.autoconfigure.actuate.metrics.MetricsExportContextCustomizerFactory$DisableMetricExportContextCustomizer@5c00384f, org.springframework.boot.test.autoconfigure.properties.PropertyMappingContextCustomizer@0, org.springframework.boot.test.autoconfigure.web.servlet.WebDriverContextCustomizerFactory$Customizer@4504d271, org.springframework.boot.test.context.filter.ExcludeFilterContextCustomizer@2b5825fa, org.springframework.boot.test.json.DuplicateJsonObjectContextCustomizerFactory$DuplicateJsonObjectContextCustomizer@2262b621, org.springframework.boot.test.mock.mockito.MockitoContextCustomizer@0], contextLoader = 'org.springframework.test.context.support.DelegatingSmartContextLoader', parent = [null]]]
16:47:23.318 [Test worker] DEBUG org.springframework.test.context.cache - Spring test ApplicationContext cache statistics: [DefaultContextCache@60222fd8 size = 1, maxSize = 32, parentContextCount = 0, hitCount = 63, missCount = 1]
16:47:23.318 [Test worker] DEBUG org.springframework.test.context.cache.DefaultCacheAwareContextLoaderDelegate - Retrieved ApplicationContext [883521348] from cache with key [[MergedContextConfiguration@150ab4ed testClass = BoardRepositoryTest, locations = '{}', classes = '{class org.waldreg.repository.board.MemoryBoardRepository, class org.waldreg.repository.MemoryBoardStorage, class org.waldreg.repository.user.MemoryUserRepository, class org.waldreg.repository.MemoryUserStorage, class org.waldreg.repository.character.MemoryCharacterRepository, class org.waldreg.repository.MemoryCharacterStorage, class org.waldreg.repository.board.BoardMapper, class org.waldreg.repository.user.UserMapper, class org.waldreg.repository.character.CharacterMapper}', contextInitializerClasses = '[]', activeProfiles = '{}', propertySourceLocations = '{}', propertySourceProperties = '{}', contextCustomizers = set[org.springframework.boot.test.autoconfigure.actuate.metrics.MetricsExportContextCustomizerFactory$DisableMetricExportContextCustomizer@5c00384f, org.springframework.boot.test.autoconfigure.properties.PropertyMappingContextCustomizer@0, org.springframework.boot.test.autoconfigure.web.servlet.WebDriverContextCustomizerFactory$Customizer@4504d271, org.springframework.boot.test.context.filter.ExcludeFilterContextCustomizer@2b5825fa, org.springframework.boot.test.json.DuplicateJsonObjectContextCustomizerFactory$DuplicateJsonObjectContextCustomizer@2262b621, org.springframework.boot.test.mock.mockito.MockitoContextCustomizer@0], contextLoader = 'org.springframework.test.context.support.DelegatingSmartContextLoader', parent = [null]]]
16:47:23.318 [Test worker] DEBUG org.springframework.test.context.cache - Spring test ApplicationContext cache statistics: [DefaultContextCache@60222fd8 size = 1, maxSize = 32, parentContextCount = 0, hitCount = 64, missCount = 1]
16:47:23.318 [Test worker] DEBUG org.springframework.test.context.cache.DefaultCacheAwareContextLoaderDelegate - Retrieved ApplicationContext [883521348] from cache with key [[MergedContextConfiguration@150ab4ed testClass = BoardRepositoryTest, locations = '{}', classes = '{class org.waldreg.repository.board.MemoryBoardRepository, class org.waldreg.repository.MemoryBoardStorage, class org.waldreg.repository.user.MemoryUserRepository, class org.waldreg.repository.MemoryUserStorage, class org.waldreg.repository.character.MemoryCharacterRepository, class org.waldreg.repository.MemoryCharacterStorage, class org.waldreg.repository.board.BoardMapper, class org.waldreg.repository.user.UserMapper, class org.waldreg.repository.character.CharacterMapper}', contextInitializerClasses = '[]', activeProfiles = '{}', propertySourceLocations = '{}', propertySourceProperties = '{}', contextCustomizers = set[org.springframework.boot.test.autoconfigure.actuate.metrics.MetricsExportContextCustomizerFactory$DisableMetricExportContextCustomizer@5c00384f, org.springframework.boot.test.autoconfigure.properties.PropertyMappingContextCustomizer@0, org.springframework.boot.test.autoconfigure.web.servlet.WebDriverContextCustomizerFactory$Customizer@4504d271, org.springframework.boot.test.context.filter.ExcludeFilterContextCustomizer@2b5825fa, org.springframework.boot.test.json.DuplicateJsonObjectContextCustomizerFactory$DuplicateJsonObjectContextCustomizer@2262b621, org.springframework.boot.test.mock.mockito.MockitoContextCustomizer@0], contextLoader = 'org.springframework.test.context.support.DelegatingSmartContextLoader', parent = [null]]]
16:47:23.318 [Test worker] DEBUG org.springframework.test.context.cache - Spring test ApplicationContext cache statistics: [DefaultContextCache@60222fd8 size = 1, maxSize = 32, parentContextCount = 0, hitCount = 65, missCount = 1]
16:47:23.319 [Test worker] DEBUG org.springframework.test.context.support.AbstractDirtiesContextTestExecutionListener - After test method: context [DefaultTestContext@a8c1f44 testClass = BoardRepositoryTest, testInstance = org.waldreg.repository.board.BoardRepositoryTest@205bed61, testMethod = INQUIRY_ALL_BOARD_LIST_BY_CATEGORY_SUCCESS_TEST@BoardRepositoryTest, testException = [null], mergedContextConfiguration = [MergedContextConfiguration@150ab4ed testClass = BoardRepositoryTest, locations = '{}', classes = '{class org.waldreg.repository.board.MemoryBoardRepository, class org.waldreg.repository.MemoryBoardStorage, class org.waldreg.repository.user.MemoryUserRepository, class org.waldreg.repository.MemoryUserStorage, class org.waldreg.repository.character.MemoryCharacterRepository, class org.waldreg.repository.MemoryCharacterStorage, class org.waldreg.repository.board.BoardMapper, class org.waldreg.repository.user.UserMapper, class org.waldreg.repository.character.CharacterMapper}', contextInitializerClasses = '[]', activeProfiles = '{}', propertySourceLocations = '{}', propertySourceProperties = '{}', contextCustomizers = set[org.springframework.boot.test.autoconfigure.actuate.metrics.MetricsExportContextCustomizerFactory$DisableMetricExportContextCustomizer@5c00384f, org.springframework.boot.test.autoconfigure.properties.PropertyMappingContextCustomizer@0, org.springframework.boot.test.autoconfigure.web.servlet.WebDriverContextCustomizerFactory$Customizer@4504d271, org.springframework.boot.test.context.filter.ExcludeFilterContextCustomizer@2b5825fa, org.springframework.boot.test.json.DuplicateJsonObjectContextCustomizerFactory$DuplicateJsonObjectContextCustomizer@2262b621, org.springframework.boot.test.mock.mockito.MockitoContextCustomizer@0], contextLoader = 'org.springframework.test.context.support.DelegatingSmartContextLoader', parent = [null]], attributes = map['org.springframework.test.context.event.ApplicationEventsTestExecutionListener.recordApplicationEvents' -> false]], class annotated with @DirtiesContext [false] with mode [null], method annotated with @DirtiesContext [false] with mode [null].
16:47:23.320 [Test worker] DEBUG org.springframework.test.context.support.DependencyInjectionTestExecutionListener - Performing dependency injection for test context [[DefaultTestContext@a8c1f44 testClass = BoardRepositoryTest, testInstance = org.waldreg.repository.board.BoardRepositoryTest@23f3dbf0, testMethod = [null], testException = [null], mergedContextConfiguration = [MergedContextConfiguration@150ab4ed testClass = BoardRepositoryTest, locations = '{}', classes = '{class org.waldreg.repository.board.MemoryBoardRepository, class org.waldreg.repository.MemoryBoardStorage, class org.waldreg.repository.user.MemoryUserRepository, class org.waldreg.repository.MemoryUserStorage, class org.waldreg.repository.character.MemoryCharacterRepository, class org.waldreg.repository.MemoryCharacterStorage, class org.waldreg.repository.board.BoardMapper, class org.waldreg.repository.user.UserMapper, class org.waldreg.repository.character.CharacterMapper}', contextInitializerClasses = '[]', activeProfiles = '{}', propertySourceLocations = '{}', propertySourceProperties = '{}', contextCustomizers = set[org.springframework.boot.test.autoconfigure.actuate.metrics.MetricsExportContextCustomizerFactory$DisableMetricExportContextCustomizer@5c00384f, org.springframework.boot.test.autoconfigure.properties.PropertyMappingContextCustomizer@0, org.springframework.boot.test.autoconfigure.web.servlet.WebDriverContextCustomizerFactory$Customizer@4504d271, org.springframework.boot.test.context.filter.ExcludeFilterContextCustomizer@2b5825fa, org.springframework.boot.test.json.DuplicateJsonObjectContextCustomizerFactory$DuplicateJsonObjectContextCustomizer@2262b621, org.springframework.boot.test.mock.mockito.MockitoContextCustomizer@0], contextLoader = 'org.springframework.test.context.support.DelegatingSmartContextLoader', parent = [null]], attributes = map['org.springframework.test.context.event.ApplicationEventsTestExecutionListener.recordApplicationEvents' -> false]]].
16:47:23.320 [Test worker] DEBUG org.springframework.test.context.cache.DefaultCacheAwareContextLoaderDelegate - Retrieved ApplicationContext [883521348] from cache with key [[MergedContextConfiguration@150ab4ed testClass = BoardRepositoryTest, locations = '{}', classes = '{class org.waldreg.repository.board.MemoryBoardRepository, class org.waldreg.repository.MemoryBoardStorage, class org.waldreg.repository.user.MemoryUserRepository, class org.waldreg.repository.MemoryUserStorage, class org.waldreg.repository.character.MemoryCharacterRepository, class org.waldreg.repository.MemoryCharacterStorage, class org.waldreg.repository.board.BoardMapper, class org.waldreg.repository.user.UserMapper, class org.waldreg.repository.character.CharacterMapper}', contextInitializerClasses = '[]', activeProfiles = '{}', propertySourceLocations = '{}', propertySourceProperties = '{}', contextCustomizers = set[org.springframework.boot.test.autoconfigure.actuate.metrics.MetricsExportContextCustomizerFactory$DisableMetricExportContextCustomizer@5c00384f, org.springframework.boot.test.autoconfigure.properties.PropertyMappingContextCustomizer@0, org.springframework.boot.test.autoconfigure.web.servlet.WebDriverContextCustomizerFactory$Customizer@4504d271, org.springframework.boot.test.context.filter.ExcludeFilterContextCustomizer@2b5825fa, org.springframework.boot.test.json.DuplicateJsonObjectContextCustomizerFactory$DuplicateJsonObjectContextCustomizer@2262b621, org.springframework.boot.test.mock.mockito.MockitoContextCustomizer@0], contextLoader = 'org.springframework.test.context.support.DelegatingSmartContextLoader', parent = [null]]]
16:47:23.320 [Test worker] DEBUG org.springframework.test.context.cache - Spring test ApplicationContext cache statistics: [DefaultContextCache@60222fd8 size = 1, maxSize = 32, parentContextCount = 0, hitCount = 66, missCount = 1]
16:47:23.321 [Test worker] DEBUG org.springframework.test.context.cache.DefaultCacheAwareContextLoaderDelegate - Retrieved ApplicationContext [883521348] from cache with key [[MergedContextConfiguration@150ab4ed testClass = BoardRepositoryTest, locations = '{}', classes = '{class org.waldreg.repository.board.MemoryBoardRepository, class org.waldreg.repository.MemoryBoardStorage, class org.waldreg.repository.user.MemoryUserRepository, class org.waldreg.repository.MemoryUserStorage, class org.waldreg.repository.character.MemoryCharacterRepository, class org.waldreg.repository.MemoryCharacterStorage, class org.waldreg.repository.board.BoardMapper, class org.waldreg.repository.user.UserMapper, class org.waldreg.repository.character.CharacterMapper}', contextInitializerClasses = '[]', activeProfiles = '{}', propertySourceLocations = '{}', propertySourceProperties = '{}', contextCustomizers = set[org.springframework.boot.test.autoconfigure.actuate.metrics.MetricsExportContextCustomizerFactory$DisableMetricExportContextCustomizer@5c00384f, org.springframework.boot.test.autoconfigure.properties.PropertyMappingContextCustomizer@0, org.springframework.boot.test.autoconfigure.web.servlet.WebDriverContextCustomizerFactory$Customizer@4504d271, org.springframework.boot.test.context.filter.ExcludeFilterContextCustomizer@2b5825fa, org.springframework.boot.test.json.DuplicateJsonObjectContextCustomizerFactory$DuplicateJsonObjectContextCustomizer@2262b621, org.springframework.boot.test.mock.mockito.MockitoContextCustomizer@0], contextLoader = 'org.springframework.test.context.support.DelegatingSmartContextLoader', parent = [null]]]
16:47:23.321 [Test worker] DEBUG org.springframework.test.context.cache - Spring test ApplicationContext cache statistics: [DefaultContextCache@60222fd8 size = 1, maxSize = 32, parentContextCount = 0, hitCount = 67, missCount = 1]
16:47:23.322 [Test worker] DEBUG org.springframework.test.context.support.AbstractDirtiesContextTestExecutionListener - Before test method: context [DefaultTestContext@a8c1f44 testClass = BoardRepositoryTest, testInstance = org.waldreg.repository.board.BoardRepositoryTest@23f3dbf0, testMethod = INQUIRY_BOARD_LIST_BY_TITLE_SUCCESS_TEST@BoardRepositoryTest, testException = [null], mergedContextConfiguration = [MergedContextConfiguration@150ab4ed testClass = BoardRepositoryTest, locations = '{}', classes = '{class org.waldreg.repository.board.MemoryBoardRepository, class org.waldreg.repository.MemoryBoardStorage, class org.waldreg.repository.user.MemoryUserRepository, class org.waldreg.repository.MemoryUserStorage, class org.waldreg.repository.character.MemoryCharacterRepository, class org.waldreg.repository.MemoryCharacterStorage, class org.waldreg.repository.board.BoardMapper, class org.waldreg.repository.user.UserMapper, class org.waldreg.repository.character.CharacterMapper}', contextInitializerClasses = '[]', activeProfiles = '{}', propertySourceLocations = '{}', propertySourceProperties = '{}', contextCustomizers = set[org.springframework.boot.test.autoconfigure.actuate.metrics.MetricsExportContextCustomizerFactory$DisableMetricExportContextCustomizer@5c00384f, org.springframework.boot.test.autoconfigure.properties.PropertyMappingContextCustomizer@0, org.springframework.boot.test.autoconfigure.web.servlet.WebDriverContextCustomizerFactory$Customizer@4504d271, org.springframework.boot.test.context.filter.ExcludeFilterContextCustomizer@2b5825fa, org.springframework.boot.test.json.DuplicateJsonObjectContextCustomizerFactory$DuplicateJsonObjectContextCustomizer@2262b621, org.springframework.boot.test.mock.mockito.MockitoContextCustomizer@0], contextLoader = 'org.springframework.test.context.support.DelegatingSmartContextLoader', parent = [null]], attributes = map['org.springframework.test.context.event.ApplicationEventsTestExecutionListener.recordApplicationEvents' -> false]], class annotated with @DirtiesContext [false] with mode [null], method annotated with @DirtiesContext [false] with mode [null].
16:47:23.322 [Test worker] DEBUG org.springframework.test.context.cache.DefaultCacheAwareContextLoaderDelegate - Retrieved ApplicationContext [883521348] from cache with key [[MergedContextConfiguration@150ab4ed testClass = BoardRepositoryTest, locations = '{}', classes = '{class org.waldreg.repository.board.MemoryBoardRepository, class org.waldreg.repository.MemoryBoardStorage, class org.waldreg.repository.user.MemoryUserRepository, class org.waldreg.repository.MemoryUserStorage, class org.waldreg.repository.character.MemoryCharacterRepository, class org.waldreg.repository.MemoryCharacterStorage, class org.waldreg.repository.board.BoardMapper, class org.waldreg.repository.user.UserMapper, class org.waldreg.repository.character.CharacterMapper}', contextInitializerClasses = '[]', activeProfiles = '{}', propertySourceLocations = '{}', propertySourceProperties = '{}', contextCustomizers = set[org.springframework.boot.test.autoconfigure.actuate.metrics.MetricsExportContextCustomizerFactory$DisableMetricExportContextCustomizer@5c00384f, org.springframework.boot.test.autoconfigure.properties.PropertyMappingContextCustomizer@0, org.springframework.boot.test.autoconfigure.web.servlet.WebDriverContextCustomizerFactory$Customizer@4504d271, org.springframework.boot.test.context.filter.ExcludeFilterContextCustomizer@2b5825fa, org.springframework.boot.test.json.DuplicateJsonObjectContextCustomizerFactory$DuplicateJsonObjectContextCustomizer@2262b621, org.springframework.boot.test.mock.mockito.MockitoContextCustomizer@0], contextLoader = 'org.springframework.test.context.support.DelegatingSmartContextLoader', parent = [null]]]
16:47:23.322 [Test worker] DEBUG org.springframework.test.context.cache - Spring test ApplicationContext cache statistics: [DefaultContextCache@60222fd8 size = 1, maxSize = 32, parentContextCount = 0, hitCount = 68, missCount = 1]
16:47:23.322 [Test worker] DEBUG org.springframework.test.context.cache.DefaultCacheAwareContextLoaderDelegate - Retrieved ApplicationContext [883521348] from cache with key [[MergedContextConfiguration@150ab4ed testClass = BoardRepositoryTest, locations = '{}', classes = '{class org.waldreg.repository.board.MemoryBoardRepository, class org.waldreg.repository.MemoryBoardStorage, class org.waldreg.repository.user.MemoryUserRepository, class org.waldreg.repository.MemoryUserStorage, class org.waldreg.repository.character.MemoryCharacterRepository, class org.waldreg.repository.MemoryCharacterStorage, class org.waldreg.repository.board.BoardMapper, class org.waldreg.repository.user.UserMapper, class org.waldreg.repository.character.CharacterMapper}', contextInitializerClasses = '[]', activeProfiles = '{}', propertySourceLocations = '{}', propertySourceProperties = '{}', contextCustomizers = set[org.springframework.boot.test.autoconfigure.actuate.metrics.MetricsExportContextCustomizerFactory$DisableMetricExportContextCustomizer@5c00384f, org.springframework.boot.test.autoconfigure.properties.PropertyMappingContextCustomizer@0, org.springframework.boot.test.autoconfigure.web.servlet.WebDriverContextCustomizerFactory$Customizer@4504d271, org.springframework.boot.test.context.filter.ExcludeFilterContextCustomizer@2b5825fa, org.springframework.boot.test.json.DuplicateJsonObjectContextCustomizerFactory$DuplicateJsonObjectContextCustomizer@2262b621, org.springframework.boot.test.mock.mockito.MockitoContextCustomizer@0], contextLoader = 'org.springframework.test.context.support.DelegatingSmartContextLoader', parent = [null]]]
16:47:23.322 [Test worker] DEBUG org.springframework.test.context.cache - Spring test ApplicationContext cache statistics: [DefaultContextCache@60222fd8 size = 1, maxSize = 32, parentContextCount = 0, hitCount = 69, missCount = 1]
16:47:23.323 [Test worker] DEBUG org.springframework.test.context.cache.DefaultCacheAwareContextLoaderDelegate - Retrieved ApplicationContext [883521348] from cache with key [[MergedContextConfiguration@150ab4ed testClass = BoardRepositoryTest, locations = '{}', classes = '{class org.waldreg.repository.board.MemoryBoardRepository, class org.waldreg.repository.MemoryBoardStorage, class org.waldreg.repository.user.MemoryUserRepository, class org.waldreg.repository.MemoryUserStorage, class org.waldreg.repository.character.MemoryCharacterRepository, class org.waldreg.repository.MemoryCharacterStorage, class org.waldreg.repository.board.BoardMapper, class org.waldreg.repository.user.UserMapper, class org.waldreg.repository.character.CharacterMapper}', contextInitializerClasses = '[]', activeProfiles = '{}', propertySourceLocations = '{}', propertySourceProperties = '{}', contextCustomizers = set[org.springframework.boot.test.autoconfigure.actuate.metrics.MetricsExportContextCustomizerFactory$DisableMetricExportContextCustomizer@5c00384f, org.springframework.boot.test.autoconfigure.properties.PropertyMappingContextCustomizer@0, org.springframework.boot.test.autoconfigure.web.servlet.WebDriverContextCustomizerFactory$Customizer@4504d271, org.springframework.boot.test.context.filter.ExcludeFilterContextCustomizer@2b5825fa, org.springframework.boot.test.json.DuplicateJsonObjectContextCustomizerFactory$DuplicateJsonObjectContextCustomizer@2262b621, org.springframework.boot.test.mock.mockito.MockitoContextCustomizer@0], contextLoader = 'org.springframework.test.context.support.DelegatingSmartContextLoader', parent = [null]]]
16:47:23.323 [Test worker] DEBUG org.springframework.test.context.cache - Spring test ApplicationContext cache statistics: [DefaultContextCache@60222fd8 size = 1, maxSize = 32, parentContextCount = 0, hitCount = 70, missCount = 1]
16:47:23.325 [Test worker] DEBUG org.springframework.test.context.cache.DefaultCacheAwareContextLoaderDelegate - Retrieved ApplicationContext [883521348] from cache with key [[MergedContextConfiguration@150ab4ed testClass = BoardRepositoryTest, locations = '{}', classes = '{class org.waldreg.repository.board.MemoryBoardRepository, class org.waldreg.repository.MemoryBoardStorage, class org.waldreg.repository.user.MemoryUserRepository, class org.waldreg.repository.MemoryUserStorage, class org.waldreg.repository.character.MemoryCharacterRepository, class org.waldreg.repository.MemoryCharacterStorage, class org.waldreg.repository.board.BoardMapper, class org.waldreg.repository.user.UserMapper, class org.waldreg.repository.character.CharacterMapper}', contextInitializerClasses = '[]', activeProfiles = '{}', propertySourceLocations = '{}', propertySourceProperties = '{}', contextCustomizers = set[org.springframework.boot.test.autoconfigure.actuate.metrics.MetricsExportContextCustomizerFactory$DisableMetricExportContextCustomizer@5c00384f, org.springframework.boot.test.autoconfigure.properties.PropertyMappingContextCustomizer@0, org.springframework.boot.test.autoconfigure.web.servlet.WebDriverContextCustomizerFactory$Customizer@4504d271, org.springframework.boot.test.context.filter.ExcludeFilterContextCustomizer@2b5825fa, org.springframework.boot.test.json.DuplicateJsonObjectContextCustomizerFactory$DuplicateJsonObjectContextCustomizer@2262b621, org.springframework.boot.test.mock.mockito.MockitoContextCustomizer@0], contextLoader = 'org.springframework.test.context.support.DelegatingSmartContextLoader', parent = [null]]]
16:47:23.325 [Test worker] DEBUG org.springframework.test.context.cache - Spring test ApplicationContext cache statistics: [DefaultContextCache@60222fd8 size = 1, maxSize = 32, parentContextCount = 0, hitCount = 71, missCount = 1]
16:47:23.326 [Test worker] DEBUG org.springframework.test.context.cache.DefaultCacheAwareContextLoaderDelegate - Retrieved ApplicationContext [883521348] from cache with key [[MergedContextConfiguration@150ab4ed testClass = BoardRepositoryTest, locations = '{}', classes = '{class org.waldreg.repository.board.MemoryBoardRepository, class org.waldreg.repository.MemoryBoardStorage, class org.waldreg.repository.user.MemoryUserRepository, class org.waldreg.repository.MemoryUserStorage, class org.waldreg.repository.character.MemoryCharacterRepository, class org.waldreg.repository.MemoryCharacterStorage, class org.waldreg.repository.board.BoardMapper, class org.waldreg.repository.user.UserMapper, class org.waldreg.repository.character.CharacterMapper}', contextInitializerClasses = '[]', activeProfiles = '{}', propertySourceLocations = '{}', propertySourceProperties = '{}', contextCustomizers = set[org.springframework.boot.test.autoconfigure.actuate.metrics.MetricsExportContextCustomizerFactory$DisableMetricExportContextCustomizer@5c00384f, org.springframework.boot.test.autoconfigure.properties.PropertyMappingContextCustomizer@0, org.springframework.boot.test.autoconfigure.web.servlet.WebDriverContextCustomizerFactory$Customizer@4504d271, org.springframework.boot.test.context.filter.ExcludeFilterContextCustomizer@2b5825fa, org.springframework.boot.test.json.DuplicateJsonObjectContextCustomizerFactory$DuplicateJsonObjectContextCustomizer@2262b621, org.springframework.boot.test.mock.mockito.MockitoContextCustomizer@0], contextLoader = 'org.springframework.test.context.support.DelegatingSmartContextLoader', parent = [null]]]
16:47:23.326 [Test worker] DEBUG org.springframework.test.context.cache - Spring test ApplicationContext cache statistics: [DefaultContextCache@60222fd8 size = 1, maxSize = 32, parentContextCount = 0, hitCount = 72, missCount = 1]
16:47:23.327 [Test worker] DEBUG org.springframework.test.context.cache.DefaultCacheAwareContextLoaderDelegate - Retrieved ApplicationContext [883521348] from cache with key [[MergedContextConfiguration@150ab4ed testClass = BoardRepositoryTest, locations = '{}', classes = '{class org.waldreg.repository.board.MemoryBoardRepository, class org.waldreg.repository.MemoryBoardStorage, class org.waldreg.repository.user.MemoryUserRepository, class org.waldreg.repository.MemoryUserStorage, class org.waldreg.repository.character.MemoryCharacterRepository, class org.waldreg.repository.MemoryCharacterStorage, class org.waldreg.repository.board.BoardMapper, class org.waldreg.repository.user.UserMapper, class org.waldreg.repository.character.CharacterMapper}', contextInitializerClasses = '[]', activeProfiles = '{}', propertySourceLocations = '{}', propertySourceProperties = '{}', contextCustomizers = set[org.springframework.boot.test.autoconfigure.actuate.metrics.MetricsExportContextCustomizerFactory$DisableMetricExportContextCustomizer@5c00384f, org.springframework.boot.test.autoconfigure.properties.PropertyMappingContextCustomizer@0, org.springframework.boot.test.autoconfigure.web.servlet.WebDriverContextCustomizerFactory$Customizer@4504d271, org.springframework.boot.test.context.filter.ExcludeFilterContextCustomizer@2b5825fa, org.springframework.boot.test.json.DuplicateJsonObjectContextCustomizerFactory$DuplicateJsonObjectContextCustomizer@2262b621, org.springframework.boot.test.mock.mockito.MockitoContextCustomizer@0], contextLoader = 'org.springframework.test.context.support.DelegatingSmartContextLoader', parent = [null]]]
16:47:23.327 [Test worker] DEBUG org.springframework.test.context.cache - Spring test ApplicationContext cache statistics: [DefaultContextCache@60222fd8 size = 1, maxSize = 32, parentContextCount = 0, hitCount = 73, missCount = 1]
16:47:23.327 [Test worker] DEBUG org.springframework.test.context.cache.DefaultCacheAwareContextLoaderDelegate - Retrieved ApplicationContext [883521348] from cache with key [[MergedContextConfiguration@150ab4ed testClass = BoardRepositoryTest, locations = '{}', classes = '{class org.waldreg.repository.board.MemoryBoardRepository, class org.waldreg.repository.MemoryBoardStorage, class org.waldreg.repository.user.MemoryUserRepository, class org.waldreg.repository.MemoryUserStorage, class org.waldreg.repository.character.MemoryCharacterRepository, class org.waldreg.repository.MemoryCharacterStorage, class org.waldreg.repository.board.BoardMapper, class org.waldreg.repository.user.UserMapper, class org.waldreg.repository.character.CharacterMapper}', contextInitializerClasses = '[]', activeProfiles = '{}', propertySourceLocations = '{}', propertySourceProperties = '{}', contextCustomizers = set[org.springframework.boot.test.autoconfigure.actuate.metrics.MetricsExportContextCustomizerFactory$DisableMetricExportContextCustomizer@5c00384f, org.springframework.boot.test.autoconfigure.properties.PropertyMappingContextCustomizer@0, org.springframework.boot.test.autoconfigure.web.servlet.WebDriverContextCustomizerFactory$Customizer@4504d271, org.springframework.boot.test.context.filter.ExcludeFilterContextCustomizer@2b5825fa, org.springframework.boot.test.json.DuplicateJsonObjectContextCustomizerFactory$DuplicateJsonObjectContextCustomizer@2262b621, org.springframework.boot.test.mock.mockito.MockitoContextCustomizer@0], contextLoader = 'org.springframework.test.context.support.DelegatingSmartContextLoader', parent = [null]]]
16:47:23.327 [Test worker] DEBUG org.springframework.test.context.cache - Spring test ApplicationContext cache statistics: [DefaultContextCache@60222fd8 size = 1, maxSize = 32, parentContextCount = 0, hitCount = 74, missCount = 1]
16:47:23.327 [Test worker] DEBUG org.springframework.test.context.cache.DefaultCacheAwareContextLoaderDelegate - Retrieved ApplicationContext [883521348] from cache with key [[MergedContextConfiguration@150ab4ed testClass = BoardRepositoryTest, locations = '{}', classes = '{class org.waldreg.repository.board.MemoryBoardRepository, class org.waldreg.repository.MemoryBoardStorage, class org.waldreg.repository.user.MemoryUserRepository, class org.waldreg.repository.MemoryUserStorage, class org.waldreg.repository.character.MemoryCharacterRepository, class org.waldreg.repository.MemoryCharacterStorage, class org.waldreg.repository.board.BoardMapper, class org.waldreg.repository.user.UserMapper, class org.waldreg.repository.character.CharacterMapper}', contextInitializerClasses = '[]', activeProfiles = '{}', propertySourceLocations = '{}', propertySourceProperties = '{}', contextCustomizers = set[org.springframework.boot.test.autoconfigure.actuate.metrics.MetricsExportContextCustomizerFactory$DisableMetricExportContextCustomizer@5c00384f, org.springframework.boot.test.autoconfigure.properties.PropertyMappingContextCustomizer@0, org.springframework.boot.test.autoconfigure.web.servlet.WebDriverContextCustomizerFactory$Customizer@4504d271, org.springframework.boot.test.context.filter.ExcludeFilterContextCustomizer@2b5825fa, org.springframework.boot.test.json.DuplicateJsonObjectContextCustomizerFactory$DuplicateJsonObjectContextCustomizer@2262b621, org.springframework.boot.test.mock.mockito.MockitoContextCustomizer@0], contextLoader = 'org.springframework.test.context.support.DelegatingSmartContextLoader', parent = [null]]]
16:47:23.327 [Test worker] DEBUG org.springframework.test.context.cache - Spring test ApplicationContext cache statistics: [DefaultContextCache@60222fd8 size = 1, maxSize = 32, parentContextCount = 0, hitCount = 75, missCount = 1]
16:47:23.328 [Test worker] DEBUG org.springframework.test.context.cache.DefaultCacheAwareContextLoaderDelegate - Retrieved ApplicationContext [883521348] from cache with key [[MergedContextConfiguration@150ab4ed testClass = BoardRepositoryTest, locations = '{}', classes = '{class org.waldreg.repository.board.MemoryBoardRepository, class org.waldreg.repository.MemoryBoardStorage, class org.waldreg.repository.user.MemoryUserRepository, class org.waldreg.repository.MemoryUserStorage, class org.waldreg.repository.character.MemoryCharacterRepository, class org.waldreg.repository.MemoryCharacterStorage, class org.waldreg.repository.board.BoardMapper, class org.waldreg.repository.user.UserMapper, class org.waldreg.repository.character.CharacterMapper}', contextInitializerClasses = '[]', activeProfiles = '{}', propertySourceLocations = '{}', propertySourceProperties = '{}', contextCustomizers = set[org.springframework.boot.test.autoconfigure.actuate.metrics.MetricsExportContextCustomizerFactory$DisableMetricExportContextCustomizer@5c00384f, org.springframework.boot.test.autoconfigure.properties.PropertyMappingContextCustomizer@0, org.springframework.boot.test.autoconfigure.web.servlet.WebDriverContextCustomizerFactory$Customizer@4504d271, org.springframework.boot.test.context.filter.ExcludeFilterContextCustomizer@2b5825fa, org.springframework.boot.test.json.DuplicateJsonObjectContextCustomizerFactory$DuplicateJsonObjectContextCustomizer@2262b621, org.springframework.boot.test.mock.mockito.MockitoContextCustomizer@0], contextLoader = 'org.springframework.test.context.support.DelegatingSmartContextLoader', parent = [null]]]
16:47:23.328 [Test worker] DEBUG org.springframework.test.context.cache - Spring test ApplicationContext cache statistics: [DefaultContextCache@60222fd8 size = 1, maxSize = 32, parentContextCount = 0, hitCount = 76, missCount = 1]
16:47:23.328 [Test worker] DEBUG org.springframework.test.context.support.AbstractDirtiesContextTestExecutionListener - After test method: context [DefaultTestContext@a8c1f44 testClass = BoardRepositoryTest, testInstance = org.waldreg.repository.board.BoardRepositoryTest@23f3dbf0, testMethod = INQUIRY_BOARD_LIST_BY_TITLE_SUCCESS_TEST@BoardRepositoryTest, testException = [null], mergedContextConfiguration = [MergedContextConfiguration@150ab4ed testClass = BoardRepositoryTest, locations = '{}', classes = '{class org.waldreg.repository.board.MemoryBoardRepository, class org.waldreg.repository.MemoryBoardStorage, class org.waldreg.repository.user.MemoryUserRepository, class org.waldreg.repository.MemoryUserStorage, class org.waldreg.repository.character.MemoryCharacterRepository, class org.waldreg.repository.MemoryCharacterStorage, class org.waldreg.repository.board.BoardMapper, class org.waldreg.repository.user.UserMapper, class org.waldreg.repository.character.CharacterMapper}', contextInitializerClasses = '[]', activeProfiles = '{}', propertySourceLocations = '{}', propertySourceProperties = '{}', contextCustomizers = set[org.springframework.boot.test.autoconfigure.actuate.metrics.MetricsExportContextCustomizerFactory$DisableMetricExportContextCustomizer@5c00384f, org.springframework.boot.test.autoconfigure.properties.PropertyMappingContextCustomizer@0, org.springframework.boot.test.autoconfigure.web.servlet.WebDriverContextCustomizerFactory$Customizer@4504d271, org.springframework.boot.test.context.filter.ExcludeFilterContextCustomizer@2b5825fa, org.springframework.boot.test.json.DuplicateJsonObjectContextCustomizerFactory$DuplicateJsonObjectContextCustomizer@2262b621, org.springframework.boot.test.mock.mockito.MockitoContextCustomizer@0], contextLoader = 'org.springframework.test.context.support.DelegatingSmartContextLoader', parent = [null]], attributes = map['org.springframework.test.context.event.ApplicationEventsTestExecutionListener.recordApplicationEvents' -> false]], class annotated with @DirtiesContext [false] with mode [null], method annotated with @DirtiesContext [false] with mode [null].
16:47:23.329 [Test worker] DEBUG org.springframework.test.context.support.DependencyInjectionTestExecutionListener - Performing dependency injection for test context [[DefaultTestContext@a8c1f44 testClass = BoardRepositoryTest, testInstance = org.waldreg.repository.board.BoardRepositoryTest@3681037, testMethod = [null], testException = [null], mergedContextConfiguration = [MergedContextConfiguration@150ab4ed testClass = BoardRepositoryTest, locations = '{}', classes = '{class org.waldreg.repository.board.MemoryBoardRepository, class org.waldreg.repository.MemoryBoardStorage, class org.waldreg.repository.user.MemoryUserRepository, class org.waldreg.repository.MemoryUserStorage, class org.waldreg.repository.character.MemoryCharacterRepository, class org.waldreg.repository.MemoryCharacterStorage, class org.waldreg.repository.board.BoardMapper, class org.waldreg.repository.user.UserMapper, class org.waldreg.repository.character.CharacterMapper}', contextInitializerClasses = '[]', activeProfiles = '{}', propertySourceLocations = '{}', propertySourceProperties = '{}', contextCustomizers = set[org.springframework.boot.test.autoconfigure.actuate.metrics.MetricsExportContextCustomizerFactory$DisableMetricExportContextCustomizer@5c00384f, org.springframework.boot.test.autoconfigure.properties.PropertyMappingContextCustomizer@0, org.springframework.boot.test.autoconfigure.web.servlet.WebDriverContextCustomizerFactory$Customizer@4504d271, org.springframework.boot.test.context.filter.ExcludeFilterContextCustomizer@2b5825fa, org.springframework.boot.test.json.DuplicateJsonObjectContextCustomizerFactory$DuplicateJsonObjectContextCustomizer@2262b621, org.springframework.boot.test.mock.mockito.MockitoContextCustomizer@0], contextLoader = 'org.springframework.test.context.support.DelegatingSmartContextLoader', parent = [null]], attributes = map['org.springframework.test.context.event.ApplicationEventsTestExecutionListener.recordApplicationEvents' -> false]]].
16:47:23.329 [Test worker] DEBUG org.springframework.test.context.cache.DefaultCacheAwareContextLoaderDelegate - Retrieved ApplicationContext [883521348] from cache with key [[MergedContextConfiguration@150ab4ed testClass = BoardRepositoryTest, locations = '{}', classes = '{class org.waldreg.repository.board.MemoryBoardRepository, class org.waldreg.repository.MemoryBoardStorage, class org.waldreg.repository.user.MemoryUserRepository, class org.waldreg.repository.MemoryUserStorage, class org.waldreg.repository.character.MemoryCharacterRepository, class org.waldreg.repository.MemoryCharacterStorage, class org.waldreg.repository.board.BoardMapper, class org.waldreg.repository.user.UserMapper, class org.waldreg.repository.character.CharacterMapper}', contextInitializerClasses = '[]', activeProfiles = '{}', propertySourceLocations = '{}', propertySourceProperties = '{}', contextCustomizers = set[org.springframework.boot.test.autoconfigure.actuate.metrics.MetricsExportContextCustomizerFactory$DisableMetricExportContextCustomizer@5c00384f, org.springframework.boot.test.autoconfigure.properties.PropertyMappingContextCustomizer@0, org.springframework.boot.test.autoconfigure.web.servlet.WebDriverContextCustomizerFactory$Customizer@4504d271, org.springframework.boot.test.context.filter.ExcludeFilterContextCustomizer@2b5825fa, org.springframework.boot.test.json.DuplicateJsonObjectContextCustomizerFactory$DuplicateJsonObjectContextCustomizer@2262b621, org.springframework.boot.test.mock.mockito.MockitoContextCustomizer@0], contextLoader = 'org.springframework.test.context.support.DelegatingSmartContextLoader', parent = [null]]]
16:47:23.329 [Test worker] DEBUG org.springframework.test.context.cache - Spring test ApplicationContext cache statistics: [DefaultContextCache@60222fd8 size = 1, maxSize = 32, parentContextCount = 0, hitCount = 77, missCount = 1]
16:47:23.330 [Test worker] DEBUG org.springframework.test.context.cache.DefaultCacheAwareContextLoaderDelegate - Retrieved ApplicationContext [883521348] from cache with key [[MergedContextConfiguration@150ab4ed testClass = BoardRepositoryTest, locations = '{}', classes = '{class org.waldreg.repository.board.MemoryBoardRepository, class org.waldreg.repository.MemoryBoardStorage, class org.waldreg.repository.user.MemoryUserRepository, class org.waldreg.repository.MemoryUserStorage, class org.waldreg.repository.character.MemoryCharacterRepository, class org.waldreg.repository.MemoryCharacterStorage, class org.waldreg.repository.board.BoardMapper, class org.waldreg.repository.user.UserMapper, class org.waldreg.repository.character.CharacterMapper}', contextInitializerClasses = '[]', activeProfiles = '{}', propertySourceLocations = '{}', propertySourceProperties = '{}', contextCustomizers = set[org.springframework.boot.test.autoconfigure.actuate.metrics.MetricsExportContextCustomizerFactory$DisableMetricExportContextCustomizer@5c00384f, org.springframework.boot.test.autoconfigure.properties.PropertyMappingContextCustomizer@0, org.springframework.boot.test.autoconfigure.web.servlet.WebDriverContextCustomizerFactory$Customizer@4504d271, org.springframework.boot.test.context.filter.ExcludeFilterContextCustomizer@2b5825fa, org.springframework.boot.test.json.DuplicateJsonObjectContextCustomizerFactory$DuplicateJsonObjectContextCustomizer@2262b621, org.springframework.boot.test.mock.mockito.MockitoContextCustomizer@0], contextLoader = 'org.springframework.test.context.support.DelegatingSmartContextLoader', parent = [null]]]
16:47:23.330 [Test worker] DEBUG org.springframework.test.context.cache - Spring test ApplicationContext cache statistics: [DefaultContextCache@60222fd8 size = 1, maxSize = 32, parentContextCount = 0, hitCount = 78, missCount = 1]
16:47:23.332 [Test worker] DEBUG org.springframework.test.context.support.AbstractDirtiesContextTestExecutionListener - Before test method: context [DefaultTestContext@a8c1f44 testClass = BoardRepositoryTest, testInstance = org.waldreg.repository.board.BoardRepositoryTest@3681037, testMethod = DELETE_BOARD_BY_ID_SUCCESS_TEST@BoardRepositoryTest, testException = [null], mergedContextConfiguration = [MergedContextConfiguration@150ab4ed testClass = BoardRepositoryTest, locations = '{}', classes = '{class org.waldreg.repository.board.MemoryBoardRepository, class org.waldreg.repository.MemoryBoardStorage, class org.waldreg.repository.user.MemoryUserRepository, class org.waldreg.repository.MemoryUserStorage, class org.waldreg.repository.character.MemoryCharacterRepository, class org.waldreg.repository.MemoryCharacterStorage, class org.waldreg.repository.board.BoardMapper, class org.waldreg.repository.user.UserMapper, class org.waldreg.repository.character.CharacterMapper}', contextInitializerClasses = '[]', activeProfiles = '{}', propertySourceLocations = '{}', propertySourceProperties = '{}', contextCustomizers = set[org.springframework.boot.test.autoconfigure.actuate.metrics.MetricsExportContextCustomizerFactory$DisableMetricExportContextCustomizer@5c00384f, org.springframework.boot.test.autoconfigure.properties.PropertyMappingContextCustomizer@0, org.springframework.boot.test.autoconfigure.web.servlet.WebDriverContextCustomizerFactory$Customizer@4504d271, org.springframework.boot.test.context.filter.ExcludeFilterContextCustomizer@2b5825fa, org.springframework.boot.test.json.DuplicateJsonObjectContextCustomizerFactory$DuplicateJsonObjectContextCustomizer@2262b621, org.springframework.boot.test.mock.mockito.MockitoContextCustomizer@0], contextLoader = 'org.springframework.test.context.support.DelegatingSmartContextLoader', parent = [null]], attributes = map['org.springframework.test.context.event.ApplicationEventsTestExecutionListener.recordApplicationEvents' -> false]], class annotated with @DirtiesContext [false] with mode [null], method annotated with @DirtiesContext [false] with mode [null].
16:47:23.332 [Test worker] DEBUG org.springframework.test.context.cache.DefaultCacheAwareContextLoaderDelegate - Retrieved ApplicationContext [883521348] from cache with key [[MergedContextConfiguration@150ab4ed testClass = BoardRepositoryTest, locations = '{}', classes = '{class org.waldreg.repository.board.MemoryBoardRepository, class org.waldreg.repository.MemoryBoardStorage, class org.waldreg.repository.user.MemoryUserRepository, class org.waldreg.repository.MemoryUserStorage, class org.waldreg.repository.character.MemoryCharacterRepository, class org.waldreg.repository.MemoryCharacterStorage, class org.waldreg.repository.board.BoardMapper, class org.waldreg.repository.user.UserMapper, class org.waldreg.repository.character.CharacterMapper}', contextInitializerClasses = '[]', activeProfiles = '{}', propertySourceLocations = '{}', propertySourceProperties = '{}', contextCustomizers = set[org.springframework.boot.test.autoconfigure.actuate.metrics.MetricsExportContextCustomizerFactory$DisableMetricExportContextCustomizer@5c00384f, org.springframework.boot.test.autoconfigure.properties.PropertyMappingContextCustomizer@0, org.springframework.boot.test.autoconfigure.web.servlet.WebDriverContextCustomizerFactory$Customizer@4504d271, org.springframework.boot.test.context.filter.ExcludeFilterContextCustomizer@2b5825fa, org.springframework.boot.test.json.DuplicateJsonObjectContextCustomizerFactory$DuplicateJsonObjectContextCustomizer@2262b621, org.springframework.boot.test.mock.mockito.MockitoContextCustomizer@0], contextLoader = 'org.springframework.test.context.support.DelegatingSmartContextLoader', parent = [null]]]
16:47:23.332 [Test worker] DEBUG org.springframework.test.context.cache - Spring test ApplicationContext cache statistics: [DefaultContextCache@60222fd8 size = 1, maxSize = 32, parentContextCount = 0, hitCount = 79, missCount = 1]
16:47:23.333 [Test worker] DEBUG org.springframework.test.context.cache.DefaultCacheAwareContextLoaderDelegate - Retrieved ApplicationContext [883521348] from cache with key [[MergedContextConfiguration@150ab4ed testClass = BoardRepositoryTest, locations = '{}', classes = '{class org.waldreg.repository.board.MemoryBoardRepository, class org.waldreg.repository.MemoryBoardStorage, class org.waldreg.repository.user.MemoryUserRepository, class org.waldreg.repository.MemoryUserStorage, class org.waldreg.repository.character.MemoryCharacterRepository, class org.waldreg.repository.MemoryCharacterStorage, class org.waldreg.repository.board.BoardMapper, class org.waldreg.repository.user.UserMapper, class org.waldreg.repository.character.CharacterMapper}', contextInitializerClasses = '[]', activeProfiles = '{}', propertySourceLocations = '{}', propertySourceProperties = '{}', contextCustomizers = set[org.springframework.boot.test.autoconfigure.actuate.metrics.MetricsExportContextCustomizerFactory$DisableMetricExportContextCustomizer@5c00384f, org.springframework.boot.test.autoconfigure.properties.PropertyMappingContextCustomizer@0, org.springframework.boot.test.autoconfigure.web.servlet.WebDriverContextCustomizerFactory$Customizer@4504d271, org.springframework.boot.test.context.filter.ExcludeFilterContextCustomizer@2b5825fa, org.springframework.boot.test.json.DuplicateJsonObjectContextCustomizerFactory$DuplicateJsonObjectContextCustomizer@2262b621, org.springframework.boot.test.mock.mockito.MockitoContextCustomizer@0], contextLoader = 'org.springframework.test.context.support.DelegatingSmartContextLoader', parent = [null]]]
16:47:23.333 [Test worker] DEBUG org.springframework.test.context.cache - Spring test ApplicationContext cache statistics: [DefaultContextCache@60222fd8 size = 1, maxSize = 32, parentContextCount = 0, hitCount = 80, missCount = 1]
16:47:23.333 [Test worker] DEBUG org.springframework.test.context.cache.DefaultCacheAwareContextLoaderDelegate - Retrieved ApplicationContext [883521348] from cache with key [[MergedContextConfiguration@150ab4ed testClass = BoardRepositoryTest, locations = '{}', classes = '{class org.waldreg.repository.board.MemoryBoardRepository, class org.waldreg.repository.MemoryBoardStorage, class org.waldreg.repository.user.MemoryUserRepository, class org.waldreg.repository.MemoryUserStorage, class org.waldreg.repository.character.MemoryCharacterRepository, class org.waldreg.repository.MemoryCharacterStorage, class org.waldreg.repository.board.BoardMapper, class org.waldreg.repository.user.UserMapper, class org.waldreg.repository.character.CharacterMapper}', contextInitializerClasses = '[]', activeProfiles = '{}', propertySourceLocations = '{}', propertySourceProperties = '{}', contextCustomizers = set[org.springframework.boot.test.autoconfigure.actuate.metrics.MetricsExportContextCustomizerFactory$DisableMetricExportContextCustomizer@5c00384f, org.springframework.boot.test.autoconfigure.properties.PropertyMappingContextCustomizer@0, org.springframework.boot.test.autoconfigure.web.servlet.WebDriverContextCustomizerFactory$Customizer@4504d271, org.springframework.boot.test.context.filter.ExcludeFilterContextCustomizer@2b5825fa, org.springframework.boot.test.json.DuplicateJsonObjectContextCustomizerFactory$DuplicateJsonObjectContextCustomizer@2262b621, org.springframework.boot.test.mock.mockito.MockitoContextCustomizer@0], contextLoader = 'org.springframework.test.context.support.DelegatingSmartContextLoader', parent = [null]]]
16:47:23.333 [Test worker] DEBUG org.springframework.test.context.cache - Spring test ApplicationContext cache statistics: [DefaultContextCache@60222fd8 size = 1, maxSize = 32, parentContextCount = 0, hitCount = 81, missCount = 1]
16:47:23.334 [Test worker] DEBUG org.springframework.test.context.cache.DefaultCacheAwareContextLoaderDelegate - Retrieved ApplicationContext [883521348] from cache with key [[MergedContextConfiguration@150ab4ed testClass = BoardRepositoryTest, locations = '{}', classes = '{class org.waldreg.repository.board.MemoryBoardRepository, class org.waldreg.repository.MemoryBoardStorage, class org.waldreg.repository.user.MemoryUserRepository, class org.waldreg.repository.MemoryUserStorage, class org.waldreg.repository.character.MemoryCharacterRepository, class org.waldreg.repository.MemoryCharacterStorage, class org.waldreg.repository.board.BoardMapper, class org.waldreg.repository.user.UserMapper, class org.waldreg.repository.character.CharacterMapper}', contextInitializerClasses = '[]', activeProfiles = '{}', propertySourceLocations = '{}', propertySourceProperties = '{}', contextCustomizers = set[org.springframework.boot.test.autoconfigure.actuate.metrics.MetricsExportContextCustomizerFactory$DisableMetricExportContextCustomizer@5c00384f, org.springframework.boot.test.autoconfigure.properties.PropertyMappingContextCustomizer@0, org.springframework.boot.test.autoconfigure.web.servlet.WebDriverContextCustomizerFactory$Customizer@4504d271, org.springframework.boot.test.context.filter.ExcludeFilterContextCustomizer@2b5825fa, org.springframework.boot.test.json.DuplicateJsonObjectContextCustomizerFactory$DuplicateJsonObjectContextCustomizer@2262b621, org.springframework.boot.test.mock.mockito.MockitoContextCustomizer@0], contextLoader = 'org.springframework.test.context.support.DelegatingSmartContextLoader', parent = [null]]]
16:47:23.334 [Test worker] DEBUG org.springframework.test.context.cache - Spring test ApplicationContext cache statistics: [DefaultContextCache@60222fd8 size = 1, maxSize = 32, parentContextCount = 0, hitCount = 82, missCount = 1]
16:47:23.336 [Test worker] DEBUG org.springframework.test.context.cache.DefaultCacheAwareContextLoaderDelegate - Retrieved ApplicationContext [883521348] from cache with key [[MergedContextConfiguration@150ab4ed testClass = BoardRepositoryTest, locations = '{}', classes = '{class org.waldreg.repository.board.MemoryBoardRepository, class org.waldreg.repository.MemoryBoardStorage, class org.waldreg.repository.user.MemoryUserRepository, class org.waldreg.repository.MemoryUserStorage, class org.waldreg.repository.character.MemoryCharacterRepository, class org.waldreg.repository.MemoryCharacterStorage, class org.waldreg.repository.board.BoardMapper, class org.waldreg.repository.user.UserMapper, class org.waldreg.repository.character.CharacterMapper}', contextInitializerClasses = '[]', activeProfiles = '{}', propertySourceLocations = '{}', propertySourceProperties = '{}', contextCustomizers = set[org.springframework.boot.test.autoconfigure.actuate.metrics.MetricsExportContextCustomizerFactory$DisableMetricExportContextCustomizer@5c00384f, org.springframework.boot.test.autoconfigure.properties.PropertyMappingContextCustomizer@0, org.springframework.boot.test.autoconfigure.web.servlet.WebDriverContextCustomizerFactory$Customizer@4504d271, org.springframework.boot.test.context.filter.ExcludeFilterContextCustomizer@2b5825fa, org.springframework.boot.test.json.DuplicateJsonObjectContextCustomizerFactory$DuplicateJsonObjectContextCustomizer@2262b621, org.springframework.boot.test.mock.mockito.MockitoContextCustomizer@0], contextLoader = 'org.springframework.test.context.support.DelegatingSmartContextLoader', parent = [null]]]
16:47:23.336 [Test worker] DEBUG org.springframework.test.context.cache - Spring test ApplicationContext cache statistics: [DefaultContextCache@60222fd8 size = 1, maxSize = 32, parentContextCount = 0, hitCount = 83, missCount = 1]
16:47:23.336 [Test worker] DEBUG org.springframework.test.context.cache.DefaultCacheAwareContextLoaderDelegate - Retrieved ApplicationContext [883521348] from cache with key [[MergedContextConfiguration@150ab4ed testClass = BoardRepositoryTest, locations = '{}', classes = '{class org.waldreg.repository.board.MemoryBoardRepository, class org.waldreg.repository.MemoryBoardStorage, class org.waldreg.repository.user.MemoryUserRepository, class org.waldreg.repository.MemoryUserStorage, class org.waldreg.repository.character.MemoryCharacterRepository, class org.waldreg.repository.MemoryCharacterStorage, class org.waldreg.repository.board.BoardMapper, class org.waldreg.repository.user.UserMapper, class org.waldreg.repository.character.CharacterMapper}', contextInitializerClasses = '[]', activeProfiles = '{}', propertySourceLocations = '{}', propertySourceProperties = '{}', contextCustomizers = set[org.springframework.boot.test.autoconfigure.actuate.metrics.MetricsExportContextCustomizerFactory$DisableMetricExportContextCustomizer@5c00384f, org.springframework.boot.test.autoconfigure.properties.PropertyMappingContextCustomizer@0, org.springframework.boot.test.autoconfigure.web.servlet.WebDriverContextCustomizerFactory$Customizer@4504d271, org.springframework.boot.test.context.filter.ExcludeFilterContextCustomizer@2b5825fa, org.springframework.boot.test.json.DuplicateJsonObjectContextCustomizerFactory$DuplicateJsonObjectContextCustomizer@2262b621, org.springframework.boot.test.mock.mockito.MockitoContextCustomizer@0], contextLoader = 'org.springframework.test.context.support.DelegatingSmartContextLoader', parent = [null]]]
16:47:23.337 [Test worker] DEBUG org.springframework.test.context.cache - Spring test ApplicationContext cache statistics: [DefaultContextCache@60222fd8 size = 1, maxSize = 32, parentContextCount = 0, hitCount = 84, missCount = 1]
16:47:23.337 [Test worker] DEBUG org.springframework.test.context.cache.DefaultCacheAwareContextLoaderDelegate - Retrieved ApplicationContext [883521348] from cache with key [[MergedContextConfiguration@150ab4ed testClass = BoardRepositoryTest, locations = '{}', classes = '{class org.waldreg.repository.board.MemoryBoardRepository, class org.waldreg.repository.MemoryBoardStorage, class org.waldreg.repository.user.MemoryUserRepository, class org.waldreg.repository.MemoryUserStorage, class org.waldreg.repository.character.MemoryCharacterRepository, class org.waldreg.repository.MemoryCharacterStorage, class org.waldreg.repository.board.BoardMapper, class org.waldreg.repository.user.UserMapper, class org.waldreg.repository.character.CharacterMapper}', contextInitializerClasses = '[]', activeProfiles = '{}', propertySourceLocations = '{}', propertySourceProperties = '{}', contextCustomizers = set[org.springframework.boot.test.autoconfigure.actuate.metrics.MetricsExportContextCustomizerFactory$DisableMetricExportContextCustomizer@5c00384f, org.springframework.boot.test.autoconfigure.properties.PropertyMappingContextCustomizer@0, org.springframework.boot.test.autoconfigure.web.servlet.WebDriverContextCustomizerFactory$Customizer@4504d271, org.springframework.boot.test.context.filter.ExcludeFilterContextCustomizer@2b5825fa, org.springframework.boot.test.json.DuplicateJsonObjectContextCustomizerFactory$DuplicateJsonObjectContextCustomizer@2262b621, org.springframework.boot.test.mock.mockito.MockitoContextCustomizer@0], contextLoader = 'org.springframework.test.context.support.DelegatingSmartContextLoader', parent = [null]]]
16:47:23.337 [Test worker] DEBUG org.springframework.test.context.cache - Spring test ApplicationContext cache statistics: [DefaultContextCache@60222fd8 size = 1, maxSize = 32, parentContextCount = 0, hitCount = 85, missCount = 1]
16:47:23.337 [Test worker] DEBUG org.springframework.test.context.cache.DefaultCacheAwareContextLoaderDelegate - Retrieved ApplicationContext [883521348] from cache with key [[MergedContextConfiguration@150ab4ed testClass = BoardRepositoryTest, locations = '{}', classes = '{class org.waldreg.repository.board.MemoryBoardRepository, class org.waldreg.repository.MemoryBoardStorage, class org.waldreg.repository.user.MemoryUserRepository, class org.waldreg.repository.MemoryUserStorage, class org.waldreg.repository.character.MemoryCharacterRepository, class org.waldreg.repository.MemoryCharacterStorage, class org.waldreg.repository.board.BoardMapper, class org.waldreg.repository.user.UserMapper, class org.waldreg.repository.character.CharacterMapper}', contextInitializerClasses = '[]', activeProfiles = '{}', propertySourceLocations = '{}', propertySourceProperties = '{}', contextCustomizers = set[org.springframework.boot.test.autoconfigure.actuate.metrics.MetricsExportContextCustomizerFactory$DisableMetricExportContextCustomizer@5c00384f, org.springframework.boot.test.autoconfigure.properties.PropertyMappingContextCustomizer@0, org.springframework.boot.test.autoconfigure.web.servlet.WebDriverContextCustomizerFactory$Customizer@4504d271, org.springframework.boot.test.context.filter.ExcludeFilterContextCustomizer@2b5825fa, org.springframework.boot.test.json.DuplicateJsonObjectContextCustomizerFactory$DuplicateJsonObjectContextCustomizer@2262b621, org.springframework.boot.test.mock.mockito.MockitoContextCustomizer@0], contextLoader = 'org.springframework.test.context.support.DelegatingSmartContextLoader', parent = [null]]]
16:47:23.337 [Test worker] DEBUG org.springframework.test.context.cache - Spring test ApplicationContext cache statistics: [DefaultContextCache@60222fd8 size = 1, maxSize = 32, parentContextCount = 0, hitCount = 86, missCount = 1]
16:47:23.338 [Test worker] DEBUG org.springframework.test.context.cache.DefaultCacheAwareContextLoaderDelegate - Retrieved ApplicationContext [883521348] from cache with key [[MergedContextConfiguration@150ab4ed testClass = BoardRepositoryTest, locations = '{}', classes = '{class org.waldreg.repository.board.MemoryBoardRepository, class org.waldreg.repository.MemoryBoardStorage, class org.waldreg.repository.user.MemoryUserRepository, class org.waldreg.repository.MemoryUserStorage, class org.waldreg.repository.character.MemoryCharacterRepository, class org.waldreg.repository.MemoryCharacterStorage, class org.waldreg.repository.board.BoardMapper, class org.waldreg.repository.user.UserMapper, class org.waldreg.repository.character.CharacterMapper}', contextInitializerClasses = '[]', activeProfiles = '{}', propertySourceLocations = '{}', propertySourceProperties = '{}', contextCustomizers = set[org.springframework.boot.test.autoconfigure.actuate.metrics.MetricsExportContextCustomizerFactory$DisableMetricExportContextCustomizer@5c00384f, org.springframework.boot.test.autoconfigure.properties.PropertyMappingContextCustomizer@0, org.springframework.boot.test.autoconfigure.web.servlet.WebDriverContextCustomizerFactory$Customizer@4504d271, org.springframework.boot.test.context.filter.ExcludeFilterContextCustomizer@2b5825fa, org.springframework.boot.test.json.DuplicateJsonObjectContextCustomizerFactory$DuplicateJsonObjectContextCustomizer@2262b621, org.springframework.boot.test.mock.mockito.MockitoContextCustomizer@0], contextLoader = 'org.springframework.test.context.support.DelegatingSmartContextLoader', parent = [null]]]
16:47:23.338 [Test worker] DEBUG org.springframework.test.context.cache - Spring test ApplicationContext cache statistics: [DefaultContextCache@60222fd8 size = 1, maxSize = 32, parentContextCount = 0, hitCount = 87, missCount = 1]
16:47:23.338 [Test worker] DEBUG org.springframework.test.context.support.AbstractDirtiesContextTestExecutionListener - After test method: context [DefaultTestContext@a8c1f44 testClass = BoardRepositoryTest, testInstance = org.waldreg.repository.board.BoardRepositoryTest@3681037, testMethod = DELETE_BOARD_BY_ID_SUCCESS_TEST@BoardRepositoryTest, testException = [null], mergedContextConfiguration = [MergedContextConfiguration@150ab4ed testClass = BoardRepositoryTest, locations = '{}', classes = '{class org.waldreg.repository.board.MemoryBoardRepository, class org.waldreg.repository.MemoryBoardStorage, class org.waldreg.repository.user.MemoryUserRepository, class org.waldreg.repository.MemoryUserStorage, class org.waldreg.repository.character.MemoryCharacterRepository, class org.waldreg.repository.MemoryCharacterStorage, class org.waldreg.repository.board.BoardMapper, class org.waldreg.repository.user.UserMapper, class org.waldreg.repository.character.CharacterMapper}', contextInitializerClasses = '[]', activeProfiles = '{}', propertySourceLocations = '{}', propertySourceProperties = '{}', contextCustomizers = set[org.springframework.boot.test.autoconfigure.actuate.metrics.MetricsExportContextCustomizerFactory$DisableMetricExportContextCustomizer@5c00384f, org.springframework.boot.test.autoconfigure.properties.PropertyMappingContextCustomizer@0, org.springframework.boot.test.autoconfigure.web.servlet.WebDriverContextCustomizerFactory$Customizer@4504d271, org.springframework.boot.test.context.filter.ExcludeFilterContextCustomizer@2b5825fa, org.springframework.boot.test.json.DuplicateJsonObjectContextCustomizerFactory$DuplicateJsonObjectContextCustomizer@2262b621, org.springframework.boot.test.mock.mockito.MockitoContextCustomizer@0], contextLoader = 'org.springframework.test.context.support.DelegatingSmartContextLoader', parent = [null]], attributes = map['org.springframework.test.context.event.ApplicationEventsTestExecutionListener.recordApplicationEvents' -> false]], class annotated with @DirtiesContext [false] with mode [null], method annotated with @DirtiesContext [false] with mode [null].
16:47:23.340 [Test worker] DEBUG org.springframework.test.context.support.DependencyInjectionTestExecutionListener - Performing dependency injection for test context [[DefaultTestContext@a8c1f44 testClass = BoardRepositoryTest, testInstance = org.waldreg.repository.board.BoardRepositoryTest@1e141e42, testMethod = [null], testException = [null], mergedContextConfiguration = [MergedContextConfiguration@150ab4ed testClass = BoardRepositoryTest, locations = '{}', classes = '{class org.waldreg.repository.board.MemoryBoardRepository, class org.waldreg.repository.MemoryBoardStorage, class org.waldreg.repository.user.MemoryUserRepository, class org.waldreg.repository.MemoryUserStorage, class org.waldreg.repository.character.MemoryCharacterRepository, class org.waldreg.repository.MemoryCharacterStorage, class org.waldreg.repository.board.BoardMapper, class org.waldreg.repository.user.UserMapper, class org.waldreg.repository.character.CharacterMapper}', contextInitializerClasses = '[]', activeProfiles = '{}', propertySourceLocations = '{}', propertySourceProperties = '{}', contextCustomizers = set[org.springframework.boot.test.autoconfigure.actuate.metrics.MetricsExportContextCustomizerFactory$DisableMetricExportContextCustomizer@5c00384f, org.springframework.boot.test.autoconfigure.properties.PropertyMappingContextCustomizer@0, org.springframework.boot.test.autoconfigure.web.servlet.WebDriverContextCustomizerFactory$Customizer@4504d271, org.springframework.boot.test.context.filter.ExcludeFilterContextCustomizer@2b5825fa, org.springframework.boot.test.json.DuplicateJsonObjectContextCustomizerFactory$DuplicateJsonObjectContextCustomizer@2262b621, org.springframework.boot.test.mock.mockito.MockitoContextCustomizer@0], contextLoader = 'org.springframework.test.context.support.DelegatingSmartContextLoader', parent = [null]], attributes = map['org.springframework.test.context.event.ApplicationEventsTestExecutionListener.recordApplicationEvents' -> false]]].
16:47:23.341 [Test worker] DEBUG org.springframework.test.context.cache.DefaultCacheAwareContextLoaderDelegate - Retrieved ApplicationContext [883521348] from cache with key [[MergedContextConfiguration@150ab4ed testClass = BoardRepositoryTest, locations = '{}', classes = '{class org.waldreg.repository.board.MemoryBoardRepository, class org.waldreg.repository.MemoryBoardStorage, class org.waldreg.repository.user.MemoryUserRepository, class org.waldreg.repository.MemoryUserStorage, class org.waldreg.repository.character.MemoryCharacterRepository, class org.waldreg.repository.MemoryCharacterStorage, class org.waldreg.repository.board.BoardMapper, class org.waldreg.repository.user.UserMapper, class org.waldreg.repository.character.CharacterMapper}', contextInitializerClasses = '[]', activeProfiles = '{}', propertySourceLocations = '{}', propertySourceProperties = '{}', contextCustomizers = set[org.springframework.boot.test.autoconfigure.actuate.metrics.MetricsExportContextCustomizerFactory$DisableMetricExportContextCustomizer@5c00384f, org.springframework.boot.test.autoconfigure.properties.PropertyMappingContextCustomizer@0, org.springframework.boot.test.autoconfigure.web.servlet.WebDriverContextCustomizerFactory$Customizer@4504d271, org.springframework.boot.test.context.filter.ExcludeFilterContextCustomizer@2b5825fa, org.springframework.boot.test.json.DuplicateJsonObjectContextCustomizerFactory$DuplicateJsonObjectContextCustomizer@2262b621, org.springframework.boot.test.mock.mockito.MockitoContextCustomizer@0], contextLoader = 'org.springframework.test.context.support.DelegatingSmartContextLoader', parent = [null]]]
16:47:23.341 [Test worker] DEBUG org.springframework.test.context.cache - Spring test ApplicationContext cache statistics: [DefaultContextCache@60222fd8 size = 1, maxSize = 32, parentContextCount = 0, hitCount = 88, missCount = 1]
16:47:23.342 [Test worker] DEBUG org.springframework.test.context.cache.DefaultCacheAwareContextLoaderDelegate - Retrieved ApplicationContext [883521348] from cache with key [[MergedContextConfiguration@150ab4ed testClass = BoardRepositoryTest, locations = '{}', classes = '{class org.waldreg.repository.board.MemoryBoardRepository, class org.waldreg.repository.MemoryBoardStorage, class org.waldreg.repository.user.MemoryUserRepository, class org.waldreg.repository.MemoryUserStorage, class org.waldreg.repository.character.MemoryCharacterRepository, class org.waldreg.repository.MemoryCharacterStorage, class org.waldreg.repository.board.BoardMapper, class org.waldreg.repository.user.UserMapper, class org.waldreg.repository.character.CharacterMapper}', contextInitializerClasses = '[]', activeProfiles = '{}', propertySourceLocations = '{}', propertySourceProperties = '{}', contextCustomizers = set[org.springframework.boot.test.autoconfigure.actuate.metrics.MetricsExportContextCustomizerFactory$DisableMetricExportContextCustomizer@5c00384f, org.springframework.boot.test.autoconfigure.properties.PropertyMappingContextCustomizer@0, org.springframework.boot.test.autoconfigure.web.servlet.WebDriverContextCustomizerFactory$Customizer@4504d271, org.springframework.boot.test.context.filter.ExcludeFilterContextCustomizer@2b5825fa, org.springframework.boot.test.json.DuplicateJsonObjectContextCustomizerFactory$DuplicateJsonObjectContextCustomizer@2262b621, org.springframework.boot.test.mock.mockito.MockitoContextCustomizer@0], contextLoader = 'org.springframework.test.context.support.DelegatingSmartContextLoader', parent = [null]]]
16:47:23.342 [Test worker] DEBUG org.springframework.test.context.cache - Spring test ApplicationContext cache statistics: [DefaultContextCache@60222fd8 size = 1, maxSize = 32, parentContextCount = 0, hitCount = 89, missCount = 1]
16:47:23.343 [Test worker] DEBUG org.springframework.test.context.support.AbstractDirtiesContextTestExecutionListener - Before test method: context [DefaultTestContext@a8c1f44 testClass = BoardRepositoryTest, testInstance = org.waldreg.repository.board.BoardRepositoryTest@1e141e42, testMethod = MODIFY_BOARD_SUCCESS_TEST@BoardRepositoryTest, testException = [null], mergedContextConfiguration = [MergedContextConfiguration@150ab4ed testClass = BoardRepositoryTest, locations = '{}', classes = '{class org.waldreg.repository.board.MemoryBoardRepository, class org.waldreg.repository.MemoryBoardStorage, class org.waldreg.repository.user.MemoryUserRepository, class org.waldreg.repository.MemoryUserStorage, class org.waldreg.repository.character.MemoryCharacterRepository, class org.waldreg.repository.MemoryCharacterStorage, class org.waldreg.repository.board.BoardMapper, class org.waldreg.repository.user.UserMapper, class org.waldreg.repository.character.CharacterMapper}', contextInitializerClasses = '[]', activeProfiles = '{}', propertySourceLocations = '{}', propertySourceProperties = '{}', contextCustomizers = set[org.springframework.boot.test.autoconfigure.actuate.metrics.MetricsExportContextCustomizerFactory$DisableMetricExportContextCustomizer@5c00384f, org.springframework.boot.test.autoconfigure.properties.PropertyMappingContextCustomizer@0, org.springframework.boot.test.autoconfigure.web.servlet.WebDriverContextCustomizerFactory$Customizer@4504d271, org.springframework.boot.test.context.filter.ExcludeFilterContextCustomizer@2b5825fa, org.springframework.boot.test.json.DuplicateJsonObjectContextCustomizerFactory$DuplicateJsonObjectContextCustomizer@2262b621, org.springframework.boot.test.mock.mockito.MockitoContextCustomizer@0], contextLoader = 'org.springframework.test.context.support.DelegatingSmartContextLoader', parent = [null]], attributes = map['org.springframework.test.context.event.ApplicationEventsTestExecutionListener.recordApplicationEvents' -> false]], class annotated with @DirtiesContext [false] with mode [null], method annotated with @DirtiesContext [false] with mode [null].
16:47:23.343 [Test worker] DEBUG org.springframework.test.context.cache.DefaultCacheAwareContextLoaderDelegate - Retrieved ApplicationContext [883521348] from cache with key [[MergedContextConfiguration@150ab4ed testClass = BoardRepositoryTest, locations = '{}', classes = '{class org.waldreg.repository.board.MemoryBoardRepository, class org.waldreg.repository.MemoryBoardStorage, class org.waldreg.repository.user.MemoryUserRepository, class org.waldreg.repository.MemoryUserStorage, class org.waldreg.repository.character.MemoryCharacterRepository, class org.waldreg.repository.MemoryCharacterStorage, class org.waldreg.repository.board.BoardMapper, class org.waldreg.repository.user.UserMapper, class org.waldreg.repository.character.CharacterMapper}', contextInitializerClasses = '[]', activeProfiles = '{}', propertySourceLocations = '{}', propertySourceProperties = '{}', contextCustomizers = set[org.springframework.boot.test.autoconfigure.actuate.metrics.MetricsExportContextCustomizerFactory$DisableMetricExportContextCustomizer@5c00384f, org.springframework.boot.test.autoconfigure.properties.PropertyMappingContextCustomizer@0, org.springframework.boot.test.autoconfigure.web.servlet.WebDriverContextCustomizerFactory$Customizer@4504d271, org.springframework.boot.test.context.filter.ExcludeFilterContextCustomizer@2b5825fa, org.springframework.boot.test.json.DuplicateJsonObjectContextCustomizerFactory$DuplicateJsonObjectContextCustomizer@2262b621, org.springframework.boot.test.mock.mockito.MockitoContextCustomizer@0], contextLoader = 'org.springframework.test.context.support.DelegatingSmartContextLoader', parent = [null]]]
16:47:23.343 [Test worker] DEBUG org.springframework.test.context.cache - Spring test ApplicationContext cache statistics: [DefaultContextCache@60222fd8 size = 1, maxSize = 32, parentContextCount = 0, hitCount = 90, missCount = 1]
16:47:23.344 [Test worker] DEBUG org.springframework.test.context.cache.DefaultCacheAwareContextLoaderDelegate - Retrieved ApplicationContext [883521348] from cache with key [[MergedContextConfiguration@150ab4ed testClass = BoardRepositoryTest, locations = '{}', classes = '{class org.waldreg.repository.board.MemoryBoardRepository, class org.waldreg.repository.MemoryBoardStorage, class org.waldreg.repository.user.MemoryUserRepository, class org.waldreg.repository.MemoryUserStorage, class org.waldreg.repository.character.MemoryCharacterRepository, class org.waldreg.repository.MemoryCharacterStorage, class org.waldreg.repository.board.BoardMapper, class org.waldreg.repository.user.UserMapper, class org.waldreg.repository.character.CharacterMapper}', contextInitializerClasses = '[]', activeProfiles = '{}', propertySourceLocations = '{}', propertySourceProperties = '{}', contextCustomizers = set[org.springframework.boot.test.autoconfigure.actuate.metrics.MetricsExportContextCustomizerFactory$DisableMetricExportContextCustomizer@5c00384f, org.springframework.boot.test.autoconfigure.properties.PropertyMappingContextCustomizer@0, org.springframework.boot.test.autoconfigure.web.servlet.WebDriverContextCustomizerFactory$Customizer@4504d271, org.springframework.boot.test.context.filter.ExcludeFilterContextCustomizer@2b5825fa, org.springframework.boot.test.json.DuplicateJsonObjectContextCustomizerFactory$DuplicateJsonObjectContextCustomizer@2262b621, org.springframework.boot.test.mock.mockito.MockitoContextCustomizer@0], contextLoader = 'org.springframework.test.context.support.DelegatingSmartContextLoader', parent = [null]]]
16:47:23.345 [Test worker] DEBUG org.springframework.test.context.cache - Spring test ApplicationContext cache statistics: [DefaultContextCache@60222fd8 size = 1, maxSize = 32, parentContextCount = 0, hitCount = 91, missCount = 1]
16:47:23.346 [Test worker] DEBUG org.springframework.test.context.cache.DefaultCacheAwareContextLoaderDelegate - Retrieved ApplicationContext [883521348] from cache with key [[MergedContextConfiguration@150ab4ed testClass = BoardRepositoryTest, locations = '{}', classes = '{class org.waldreg.repository.board.MemoryBoardRepository, class org.waldreg.repository.MemoryBoardStorage, class org.waldreg.repository.user.MemoryUserRepository, class org.waldreg.repository.MemoryUserStorage, class org.waldreg.repository.character.MemoryCharacterRepository, class org.waldreg.repository.MemoryCharacterStorage, class org.waldreg.repository.board.BoardMapper, class org.waldreg.repository.user.UserMapper, class org.waldreg.repository.character.CharacterMapper}', contextInitializerClasses = '[]', activeProfiles = '{}', propertySourceLocations = '{}', propertySourceProperties = '{}', contextCustomizers = set[org.springframework.boot.test.autoconfigure.actuate.metrics.MetricsExportContextCustomizerFactory$DisableMetricExportContextCustomizer@5c00384f, org.springframework.boot.test.autoconfigure.properties.PropertyMappingContextCustomizer@0, org.springframework.boot.test.autoconfigure.web.servlet.WebDriverContextCustomizerFactory$Customizer@4504d271, org.springframework.boot.test.context.filter.ExcludeFilterContextCustomizer@2b5825fa, org.springframework.boot.test.json.DuplicateJsonObjectContextCustomizerFactory$DuplicateJsonObjectContextCustomizer@2262b621, org.springframework.boot.test.mock.mockito.MockitoContextCustomizer@0], contextLoader = 'org.springframework.test.context.support.DelegatingSmartContextLoader', parent = [null]]]
16:47:23.346 [Test worker] DEBUG org.springframework.test.context.cache - Spring test ApplicationContext cache statistics: [DefaultContextCache@60222fd8 size = 1, maxSize = 32, parentContextCount = 0, hitCount = 92, missCount = 1]
16:47:23.353 [Test worker] DEBUG org.springframework.test.context.cache.DefaultCacheAwareContextLoaderDelegate - Retrieved ApplicationContext [883521348] from cache with key [[MergedContextConfiguration@150ab4ed testClass = BoardRepositoryTest, locations = '{}', classes = '{class org.waldreg.repository.board.MemoryBoardRepository, class org.waldreg.repository.MemoryBoardStorage, class org.waldreg.repository.user.MemoryUserRepository, class org.waldreg.repository.MemoryUserStorage, class org.waldreg.repository.character.MemoryCharacterRepository, class org.waldreg.repository.MemoryCharacterStorage, class org.waldreg.repository.board.BoardMapper, class org.waldreg.repository.user.UserMapper, class org.waldreg.repository.character.CharacterMapper}', contextInitializerClasses = '[]', activeProfiles = '{}', propertySourceLocations = '{}', propertySourceProperties = '{}', contextCustomizers = set[org.springframework.boot.test.autoconfigure.actuate.metrics.MetricsExportContextCustomizerFactory$DisableMetricExportContextCustomizer@5c00384f, org.springframework.boot.test.autoconfigure.properties.PropertyMappingContextCustomizer@0, org.springframework.boot.test.autoconfigure.web.servlet.WebDriverContextCustomizerFactory$Customizer@4504d271, org.springframework.boot.test.context.filter.ExcludeFilterContextCustomizer@2b5825fa, org.springframework.boot.test.json.DuplicateJsonObjectContextCustomizerFactory$DuplicateJsonObjectContextCustomizer@2262b621, org.springframework.boot.test.mock.mockito.MockitoContextCustomizer@0], contextLoader = 'org.springframework.test.context.support.DelegatingSmartContextLoader', parent = [null]]]
16:47:23.353 [Test worker] DEBUG org.springframework.test.context.cache - Spring test ApplicationContext cache statistics: [DefaultContextCache@60222fd8 size = 1, maxSize = 32, parentContextCount = 0, hitCount = 93, missCount = 1]
16:47:23.354 [Test worker] DEBUG org.springframework.test.context.cache.DefaultCacheAwareContextLoaderDelegate - Retrieved ApplicationContext [883521348] from cache with key [[MergedContextConfiguration@150ab4ed testClass = BoardRepositoryTest, locations = '{}', classes = '{class org.waldreg.repository.board.MemoryBoardRepository, class org.waldreg.repository.MemoryBoardStorage, class org.waldreg.repository.user.MemoryUserRepository, class org.waldreg.repository.MemoryUserStorage, class org.waldreg.repository.character.MemoryCharacterRepository, class org.waldreg.repository.MemoryCharacterStorage, class org.waldreg.repository.board.BoardMapper, class org.waldreg.repository.user.UserMapper, class org.waldreg.repository.character.CharacterMapper}', contextInitializerClasses = '[]', activeProfiles = '{}', propertySourceLocations = '{}', propertySourceProperties = '{}', contextCustomizers = set[org.springframework.boot.test.autoconfigure.actuate.metrics.MetricsExportContextCustomizerFactory$DisableMetricExportContextCustomizer@5c00384f, org.springframework.boot.test.autoconfigure.properties.PropertyMappingContextCustomizer@0, org.springframework.boot.test.autoconfigure.web.servlet.WebDriverContextCustomizerFactory$Customizer@4504d271, org.springframework.boot.test.context.filter.ExcludeFilterContextCustomizer@2b5825fa, org.springframework.boot.test.json.DuplicateJsonObjectContextCustomizerFactory$DuplicateJsonObjectContextCustomizer@2262b621, org.springframework.boot.test.mock.mockito.MockitoContextCustomizer@0], contextLoader = 'org.springframework.test.context.support.DelegatingSmartContextLoader', parent = [null]]]
16:47:23.354 [Test worker] DEBUG org.springframework.test.context.cache - Spring test ApplicationContext cache statistics: [DefaultContextCache@60222fd8 size = 1, maxSize = 32, parentContextCount = 0, hitCount = 94, missCount = 1]
16:47:23.355 [Test worker] DEBUG org.springframework.test.context.cache.DefaultCacheAwareContextLoaderDelegate - Retrieved ApplicationContext [883521348] from cache with key [[MergedContextConfiguration@150ab4ed testClass = BoardRepositoryTest, locations = '{}', classes = '{class org.waldreg.repository.board.MemoryBoardRepository, class org.waldreg.repository.MemoryBoardStorage, class org.waldreg.repository.user.MemoryUserRepository, class org.waldreg.repository.MemoryUserStorage, class org.waldreg.repository.character.MemoryCharacterRepository, class org.waldreg.repository.MemoryCharacterStorage, class org.waldreg.repository.board.BoardMapper, class org.waldreg.repository.user.UserMapper, class org.waldreg.repository.character.CharacterMapper}', contextInitializerClasses = '[]', activeProfiles = '{}', propertySourceLocations = '{}', propertySourceProperties = '{}', contextCustomizers = set[org.springframework.boot.test.autoconfigure.actuate.metrics.MetricsExportContextCustomizerFactory$DisableMetricExportContextCustomizer@5c00384f, org.springframework.boot.test.autoconfigure.properties.PropertyMappingContextCustomizer@0, org.springframework.boot.test.autoconfigure.web.servlet.WebDriverContextCustomizerFactory$Customizer@4504d271, org.springframework.boot.test.context.filter.ExcludeFilterContextCustomizer@2b5825fa, org.springframework.boot.test.json.DuplicateJsonObjectContextCustomizerFactory$DuplicateJsonObjectContextCustomizer@2262b621, org.springframework.boot.test.mock.mockito.MockitoContextCustomizer@0], contextLoader = 'org.springframework.test.context.support.DelegatingSmartContextLoader', parent = [null]]]
16:47:23.355 [Test worker] DEBUG org.springframework.test.context.cache - Spring test ApplicationContext cache statistics: [DefaultContextCache@60222fd8 size = 1, maxSize = 32, parentContextCount = 0, hitCount = 95, missCount = 1]
16:47:23.355 [Test worker] DEBUG org.springframework.test.context.cache.DefaultCacheAwareContextLoaderDelegate - Retrieved ApplicationContext [883521348] from cache with key [[MergedContextConfiguration@150ab4ed testClass = BoardRepositoryTest, locations = '{}', classes = '{class org.waldreg.repository.board.MemoryBoardRepository, class org.waldreg.repository.MemoryBoardStorage, class org.waldreg.repository.user.MemoryUserRepository, class org.waldreg.repository.MemoryUserStorage, class org.waldreg.repository.character.MemoryCharacterRepository, class org.waldreg.repository.MemoryCharacterStorage, class org.waldreg.repository.board.BoardMapper, class org.waldreg.repository.user.UserMapper, class org.waldreg.repository.character.CharacterMapper}', contextInitializerClasses = '[]', activeProfiles = '{}', propertySourceLocations = '{}', propertySourceProperties = '{}', contextCustomizers = set[org.springframework.boot.test.autoconfigure.actuate.metrics.MetricsExportContextCustomizerFactory$DisableMetricExportContextCustomizer@5c00384f, org.springframework.boot.test.autoconfigure.properties.PropertyMappingContextCustomizer@0, org.springframework.boot.test.autoconfigure.web.servlet.WebDriverContextCustomizerFactory$Customizer@4504d271, org.springframework.boot.test.context.filter.ExcludeFilterContextCustomizer@2b5825fa, org.springframework.boot.test.json.DuplicateJsonObjectContextCustomizerFactory$DuplicateJsonObjectContextCustomizer@2262b621, org.springframework.boot.test.mock.mockito.MockitoContextCustomizer@0], contextLoader = 'org.springframework.test.context.support.DelegatingSmartContextLoader', parent = [null]]]
16:47:23.355 [Test worker] DEBUG org.springframework.test.context.cache - Spring test ApplicationContext cache statistics: [DefaultContextCache@60222fd8 size = 1, maxSize = 32, parentContextCount = 0, hitCount = 96, missCount = 1]
16:47:23.355 [Test worker] DEBUG org.springframework.test.context.cache.DefaultCacheAwareContextLoaderDelegate - Retrieved ApplicationContext [883521348] from cache with key [[MergedContextConfiguration@150ab4ed testClass = BoardRepositoryTest, locations = '{}', classes = '{class org.waldreg.repository.board.MemoryBoardRepository, class org.waldreg.repository.MemoryBoardStorage, class org.waldreg.repository.user.MemoryUserRepository, class org.waldreg.repository.MemoryUserStorage, class org.waldreg.repository.character.MemoryCharacterRepository, class org.waldreg.repository.MemoryCharacterStorage, class org.waldreg.repository.board.BoardMapper, class org.waldreg.repository.user.UserMapper, class org.waldreg.repository.character.CharacterMapper}', contextInitializerClasses = '[]', activeProfiles = '{}', propertySourceLocations = '{}', propertySourceProperties = '{}', contextCustomizers = set[org.springframework.boot.test.autoconfigure.actuate.metrics.MetricsExportContextCustomizerFactory$DisableMetricExportContextCustomizer@5c00384f, org.springframework.boot.test.autoconfigure.properties.PropertyMappingContextCustomizer@0, org.springframework.boot.test.autoconfigure.web.servlet.WebDriverContextCustomizerFactory$Customizer@4504d271, org.springframework.boot.test.context.filter.ExcludeFilterContextCustomizer@2b5825fa, org.springframework.boot.test.json.DuplicateJsonObjectContextCustomizerFactory$DuplicateJsonObjectContextCustomizer@2262b621, org.springframework.boot.test.mock.mockito.MockitoContextCustomizer@0], contextLoader = 'org.springframework.test.context.support.DelegatingSmartContextLoader', parent = [null]]]
16:47:23.355 [Test worker] DEBUG org.springframework.test.context.cache - Spring test ApplicationContext cache statistics: [DefaultContextCache@60222fd8 size = 1, maxSize = 32, parentContextCount = 0, hitCount = 97, missCount = 1]
16:47:23.356 [Test worker] DEBUG org.springframework.test.context.cache.DefaultCacheAwareContextLoaderDelegate - Retrieved ApplicationContext [883521348] from cache with key [[MergedContextConfiguration@150ab4ed testClass = BoardRepositoryTest, locations = '{}', classes = '{class org.waldreg.repository.board.MemoryBoardRepository, class org.waldreg.repository.MemoryBoardStorage, class org.waldreg.repository.user.MemoryUserRepository, class org.waldreg.repository.MemoryUserStorage, class org.waldreg.repository.character.MemoryCharacterRepository, class org.waldreg.repository.MemoryCharacterStorage, class org.waldreg.repository.board.BoardMapper, class org.waldreg.repository.user.UserMapper, class org.waldreg.repository.character.CharacterMapper}', contextInitializerClasses = '[]', activeProfiles = '{}', propertySourceLocations = '{}', propertySourceProperties = '{}', contextCustomizers = set[org.springframework.boot.test.autoconfigure.actuate.metrics.MetricsExportContextCustomizerFactory$DisableMetricExportContextCustomizer@5c00384f, org.springframework.boot.test.autoconfigure.properties.PropertyMappingContextCustomizer@0, org.springframework.boot.test.autoconfigure.web.servlet.WebDriverContextCustomizerFactory$Customizer@4504d271, org.springframework.boot.test.context.filter.ExcludeFilterContextCustomizer@2b5825fa, org.springframework.boot.test.json.DuplicateJsonObjectContextCustomizerFactory$DuplicateJsonObjectContextCustomizer@2262b621, org.springframework.boot.test.mock.mockito.MockitoContextCustomizer@0], contextLoader = 'org.springframework.test.context.support.DelegatingSmartContextLoader', parent = [null]]]
16:47:23.356 [Test worker] DEBUG org.springframework.test.context.cache - Spring test ApplicationContext cache statistics: [DefaultContextCache@60222fd8 size = 1, maxSize = 32, parentContextCount = 0, hitCount = 98, missCount = 1]
16:47:23.357 [Test worker] DEBUG org.springframework.test.context.support.AbstractDirtiesContextTestExecutionListener - After test method: context [DefaultTestContext@a8c1f44 testClass = BoardRepositoryTest, testInstance = org.waldreg.repository.board.BoardRepositoryTest@1e141e42, testMethod = MODIFY_BOARD_SUCCESS_TEST@BoardRepositoryTest, testException = org.opentest4j.MultipleFailuresError: Multiple Failures (5 failures)
	org.opentest4j.AssertionFailedError: expected: <modifiedTitle> but was: <title>
	org.opentest4j.AssertionFailedError: expected: <hihihi> but was: <content>
	org.opentest4j.AssertionFailedError: expected: <true> but was: <false>
	java.lang.ArrayIndexOutOfBoundsException: Index 0 out of bounds for length 0
	org.opentest4j.AssertionFailedError: expected: <true> but was: <false>, mergedContextConfiguration = [MergedContextConfiguration@150ab4ed testClass = BoardRepositoryTest, locations = '{}', classes = '{class org.waldreg.repository.board.MemoryBoardRepository, class org.waldreg.repository.MemoryBoardStorage, class org.waldreg.repository.user.MemoryUserRepository, class org.waldreg.repository.MemoryUserStorage, class org.waldreg.repository.character.MemoryCharacterRepository, class org.waldreg.repository.MemoryCharacterStorage, class org.waldreg.repository.board.BoardMapper, class org.waldreg.repository.user.UserMapper, class org.waldreg.repository.character.CharacterMapper}', contextInitializerClasses = '[]', activeProfiles = '{}', propertySourceLocations = '{}', propertySourceProperties = '{}', contextCustomizers = set[org.springframework.boot.test.autoconfigure.actuate.metrics.MetricsExportContextCustomizerFactory$DisableMetricExportContextCustomizer@5c00384f, org.springframework.boot.test.autoconfigure.properties.PropertyMappingContextCustomizer@0, org.springframework.boot.test.autoconfigure.web.servlet.WebDriverContextCustomizerFactory$Customizer@4504d271, org.springframework.boot.test.context.filter.ExcludeFilterContextCustomizer@2b5825fa, org.springframework.boot.test.json.DuplicateJsonObjectContextCustomizerFactory$DuplicateJsonObjectContextCustomizer@2262b621, org.springframework.boot.test.mock.mockito.MockitoContextCustomizer@0], contextLoader = 'org.springframework.test.context.support.DelegatingSmartContextLoader', parent = [null]], attributes = map['org.springframework.test.context.event.ApplicationEventsTestExecutionListener.recordApplicationEvents' -> false]], class annotated with @DirtiesContext [false] with mode [null], method annotated with @DirtiesContext [false] with mode [null].
16:47:23.361 [Test worker] DEBUG org.springframework.test.context.cache.DefaultCacheAwareContextLoaderDelegate - Retrieved ApplicationContext [883521348] from cache with key [[MergedContextConfiguration@150ab4ed testClass = BoardRepositoryTest, locations = '{}', classes = '{class org.waldreg.repository.board.MemoryBoardRepository, class org.waldreg.repository.MemoryBoardStorage, class org.waldreg.repository.user.MemoryUserRepository, class org.waldreg.repository.MemoryUserStorage, class org.waldreg.repository.character.MemoryCharacterRepository, class org.waldreg.repository.MemoryCharacterStorage, class org.waldreg.repository.board.BoardMapper, class org.waldreg.repository.user.UserMapper, class org.waldreg.repository.character.CharacterMapper}', contextInitializerClasses = '[]', activeProfiles = '{}', propertySourceLocations = '{}', propertySourceProperties = '{}', contextCustomizers = set[org.springframework.boot.test.autoconfigure.actuate.metrics.MetricsExportContextCustomizerFactory$DisableMetricExportContextCustomizer@5c00384f, org.springframework.boot.test.autoconfigure.properties.PropertyMappingContextCustomizer@0, org.springframework.boot.test.autoconfigure.web.servlet.WebDriverContextCustomizerFactory$Customizer@4504d271, org.springframework.boot.test.context.filter.ExcludeFilterContextCustomizer@2b5825fa, org.springframework.boot.test.json.DuplicateJsonObjectContextCustomizerFactory$DuplicateJsonObjectContextCustomizer@2262b621, org.springframework.boot.test.mock.mockito.MockitoContextCustomizer@0], contextLoader = 'org.springframework.test.context.support.DelegatingSmartContextLoader', parent = [null]]]
16:47:23.361 [Test worker] DEBUG org.springframework.test.context.cache - Spring test ApplicationContext cache statistics: [DefaultContextCache@60222fd8 size = 1, maxSize = 32, parentContextCount = 0, hitCount = 99, missCount = 1]
16:47:23.361 [Test worker] DEBUG org.springframework.test.context.support.AbstractDirtiesContextTestExecutionListener - After test class: context [DefaultTestContext@a8c1f44 testClass = BoardRepositoryTest, testInstance = [null], testMethod = [null], testException = [null], mergedContextConfiguration = [MergedContextConfiguration@150ab4ed testClass = BoardRepositoryTest, locations = '{}', classes = '{class org.waldreg.repository.board.MemoryBoardRepository, class org.waldreg.repository.MemoryBoardStorage, class org.waldreg.repository.user.MemoryUserRepository, class org.waldreg.repository.MemoryUserStorage, class org.waldreg.repository.character.MemoryCharacterRepository, class org.waldreg.repository.MemoryCharacterStorage, class org.waldreg.repository.board.BoardMapper, class org.waldreg.repository.user.UserMapper, class org.waldreg.repository.character.CharacterMapper}', contextInitializerClasses = '[]', activeProfiles = '{}', propertySourceLocations = '{}', propertySourceProperties = '{}', contextCustomizers = set[org.springframework.boot.test.autoconfigure.actuate.metrics.MetricsExportContextCustomizerFactory$DisableMetricExportContextCustomizer@5c00384f, org.springframework.boot.test.autoconfigure.properties.PropertyMappingContextCustomizer@0, org.springframework.boot.test.autoconfigure.web.servlet.WebDriverContextCustomizerFactory$Customizer@4504d271, org.springframework.boot.test.context.filter.ExcludeFilterContextCustomizer@2b5825fa, org.springframework.boot.test.json.DuplicateJsonObjectContextCustomizerFactory$DuplicateJsonObjectContextCustomizer@2262b621, org.springframework.boot.test.mock.mockito.MockitoContextCustomizer@0], contextLoader = 'org.springframework.test.context.support.DelegatingSmartContextLoader', parent = [null]], attributes = map['org.springframework.test.context.event.ApplicationEventsTestExecutionListener.recordApplicationEvents' -> false]], class annotated with @DirtiesContext [false] with mode [null].
]]></system-out>
  <system-err><![CDATA[]]></system-err>
</testsuite>
