<?xml version="1.0" encoding="UTF-8"?>
<testsuite name="org.waldreg.repository.board.BoardRepositoryTest" tests="2" skipped="0" failures="1" errors="0" timestamp="2023-02-03T07:30:04" hostname="LINIRINILINRIN" time="0.41">
  <properties/>
  <testcase name="새로운 보드 생성 성공 테스트" classname="org.waldreg.repository.board.BoardRepositoryTest" time="0.383"/>
  <testcase name="아이디로 게시글 조회 성공 테스트" classname="org.waldreg.repository.board.BoardRepositoryTest" time="0.023">
    <failure message="org.gradle.internal.exceptions.DefaultMultiCauseException: Multiple Failures (3 failures)&#13;&#10;&#9;org.opentest4j.AssertionFailedError: expected: &lt;null&gt; but was: &lt;2023-02-03T16:30:05.388198500&gt;&#13;&#10;&#9;org.opentest4j.AssertionFailedError: expected: &lt;null&gt; but was: &lt;2023-02-03T16:30:05.388198500&gt;&#13;&#10;&#9;java.lang.NullPointerException: &lt;no message&gt;" type="org.gradle.internal.exceptions.DefaultMultiCauseException">org.gradle.internal.exceptions.DefaultMultiCauseException: Multiple Failures (3 failures)
	org.opentest4j.AssertionFailedError: expected: &lt;null&gt; but was: &lt;2023-02-03T16:30:05.388198500&gt;
	org.opentest4j.AssertionFailedError: expected: &lt;null&gt; but was: &lt;2023-02-03T16:30:05.388198500&gt;
	java.lang.NullPointerException: &lt;no message&gt;
	at app//org.junit.jupiter.api.AssertAll.assertAll(AssertAll.java:80)
	at app//org.junit.jupiter.api.AssertAll.assertAll(AssertAll.java:44)
	at app//org.junit.jupiter.api.AssertAll.assertAll(AssertAll.java:38)
	at app//org.junit.jupiter.api.Assertions.assertAll(Assertions.java:2911)
	at app//org.waldreg.repository.board.BoardRepositoryTest.INQUIRY_BOARD_BY_ID_SUCCESS_TEST(BoardRepositoryTest.java:158)
	at java.base@11.0.17/jdk.internal.reflect.NativeMethodAccessorImpl.invoke0(Native Method)
	at java.base@11.0.17/jdk.internal.reflect.NativeMethodAccessorImpl.invoke(NativeMethodAccessorImpl.java:62)
	at java.base@11.0.17/jdk.internal.reflect.DelegatingMethodAccessorImpl.invoke(DelegatingMethodAccessorImpl.java:43)
	at java.base@11.0.17/java.lang.reflect.Method.invoke(Method.java:566)
	at app//org.junit.platform.commons.util.ReflectionUtils.invokeMethod(ReflectionUtils.java:725)
	at app//org.junit.jupiter.engine.execution.MethodInvocation.proceed(MethodInvocation.java:60)
	at app//org.junit.jupiter.engine.execution.InvocationInterceptorChain$ValidatingInvocation.proceed(InvocationInterceptorChain.java:131)
	at app//org.junit.jupiter.engine.extension.TimeoutExtension.intercept(TimeoutExtension.java:149)
	at app//org.junit.jupiter.engine.extension.TimeoutExtension.interceptTestableMethod(TimeoutExtension.java:140)
	at app//org.junit.jupiter.engine.extension.TimeoutExtension.interceptTestMethod(TimeoutExtension.java:84)
	at app//org.junit.jupiter.engine.execution.ExecutableInvoker$ReflectiveInterceptorCall.lambda$ofVoidMethod$0(ExecutableInvoker.java:115)
	at app//org.junit.jupiter.engine.execution.ExecutableInvoker.lambda$invoke$0(ExecutableInvoker.java:105)
	at app//org.junit.jupiter.engine.execution.InvocationInterceptorChain$InterceptedInvocation.proceed(InvocationInterceptorChain.java:106)
	at app//org.junit.jupiter.engine.execution.InvocationInterceptorChain.proceed(InvocationInterceptorChain.java:64)
	at app//org.junit.jupiter.engine.execution.InvocationInterceptorChain.chainAndInvoke(InvocationInterceptorChain.java:45)
	at app//org.junit.jupiter.engine.execution.InvocationInterceptorChain.invoke(InvocationInterceptorChain.java:37)
	at app//org.junit.jupiter.engine.execution.ExecutableInvoker.invoke(ExecutableInvoker.java:104)
	at app//org.junit.jupiter.engine.execution.ExecutableInvoker.invoke(ExecutableInvoker.java:98)
	at app//org.junit.jupiter.engine.descriptor.TestMethodTestDescriptor.lambda$invokeTestMethod$7(TestMethodTestDescriptor.java:214)
	at app//org.junit.platform.engine.support.hierarchical.ThrowableCollector.execute(ThrowableCollector.java:73)
	at app//org.junit.jupiter.engine.descriptor.TestMethodTestDescriptor.invokeTestMethod(TestMethodTestDescriptor.java:210)
	at app//org.junit.jupiter.engine.descriptor.TestMethodTestDescriptor.execute(TestMethodTestDescriptor.java:135)
	at app//org.junit.jupiter.engine.descriptor.TestMethodTestDescriptor.execute(TestMethodTestDescriptor.java:66)
	at app//org.junit.platform.engine.support.hierarchical.NodeTestTask.lambda$executeRecursively$6(NodeTestTask.java:151)
	at app//org.junit.platform.engine.support.hierarchical.ThrowableCollector.execute(ThrowableCollector.java:73)
	at app//org.junit.platform.engine.support.hierarchical.NodeTestTask.lambda$executeRecursively$8(NodeTestTask.java:141)
	at app//org.junit.platform.engine.support.hierarchical.Node.around(Node.java:137)
	at app//org.junit.platform.engine.support.hierarchical.NodeTestTask.lambda$executeRecursively$9(NodeTestTask.java:139)
	at app//org.junit.platform.engine.support.hierarchical.ThrowableCollector.execute(ThrowableCollector.java:73)
	at app//org.junit.platform.engine.support.hierarchical.NodeTestTask.executeRecursively(NodeTestTask.java:138)
	at app//org.junit.platform.engine.support.hierarchical.NodeTestTask.execute(NodeTestTask.java:95)
	at java.base@11.0.17/java.util.ArrayList.forEach(ArrayList.java:1541)
	at app//org.junit.platform.engine.support.hierarchical.SameThreadHierarchicalTestExecutorService.invokeAll(SameThreadHierarchicalTestExecutorService.java:41)
	at app//org.junit.platform.engine.support.hierarchical.NodeTestTask.lambda$executeRecursively$6(NodeTestTask.java:155)
	at app//org.junit.platform.engine.support.hierarchical.ThrowableCollector.execute(ThrowableCollector.java:73)
	at app//org.junit.platform.engine.support.hierarchical.NodeTestTask.lambda$executeRecursively$8(NodeTestTask.java:141)
	at app//org.junit.platform.engine.support.hierarchical.Node.around(Node.java:137)
	at app//org.junit.platform.engine.support.hierarchical.NodeTestTask.lambda$executeRecursively$9(NodeTestTask.java:139)
	at app//org.junit.platform.engine.support.hierarchical.ThrowableCollector.execute(ThrowableCollector.java:73)
	at app//org.junit.platform.engine.support.hierarchical.NodeTestTask.executeRecursively(NodeTestTask.java:138)
	at app//org.junit.platform.engine.support.hierarchical.NodeTestTask.execute(NodeTestTask.java:95)
	at java.base@11.0.17/java.util.ArrayList.forEach(ArrayList.java:1541)
	at app//org.junit.platform.engine.support.hierarchical.SameThreadHierarchicalTestExecutorService.invokeAll(SameThreadHierarchicalTestExecutorService.java:41)
	at app//org.junit.platform.engine.support.hierarchical.NodeTestTask.lambda$executeRecursively$6(NodeTestTask.java:155)
	at app//org.junit.platform.engine.support.hierarchical.ThrowableCollector.execute(ThrowableCollector.java:73)
	at app//org.junit.platform.engine.support.hierarchical.NodeTestTask.lambda$executeRecursively$8(NodeTestTask.java:141)
	at app//org.junit.platform.engine.support.hierarchical.Node.around(Node.java:137)
	at app//org.junit.platform.engine.support.hierarchical.NodeTestTask.lambda$executeRecursively$9(NodeTestTask.java:139)
	at app//org.junit.platform.engine.support.hierarchical.ThrowableCollector.execute(ThrowableCollector.java:73)
	at app//org.junit.platform.engine.support.hierarchical.NodeTestTask.executeRecursively(NodeTestTask.java:138)
	at app//org.junit.platform.engine.support.hierarchical.NodeTestTask.execute(NodeTestTask.java:95)
	at app//org.junit.platform.engine.support.hierarchical.SameThreadHierarchicalTestExecutorService.submit(SameThreadHierarchicalTestExecutorService.java:35)
	at app//org.junit.platform.engine.support.hierarchical.HierarchicalTestExecutor.execute(HierarchicalTestExecutor.java:57)
	at app//org.junit.platform.engine.support.hierarchical.HierarchicalTestEngine.execute(HierarchicalTestEngine.java:54)
	at org.junit.platform.launcher.core.EngineExecutionOrchestrator.execute(EngineExecutionOrchestrator.java:108)
	at org.junit.platform.launcher.core.EngineExecutionOrchestrator.execute(EngineExecutionOrchestrator.java:88)
	at org.junit.platform.launcher.core.EngineExecutionOrchestrator.lambda$execute$0(EngineExecutionOrchestrator.java:54)
	at org.junit.platform.launcher.core.EngineExecutionOrchestrator.withInterceptedStreams(EngineExecutionOrchestrator.java:67)
	at org.junit.platform.launcher.core.EngineExecutionOrchestrator.execute(EngineExecutionOrchestrator.java:52)
	at org.junit.platform.launcher.core.DefaultLauncher.execute(DefaultLauncher.java:96)
	at org.junit.platform.launcher.core.DefaultLauncher.execute(DefaultLauncher.java:75)
	at org.gradle.api.internal.tasks.testing.junitplatform.JUnitPlatformTestClassProcessor$CollectAllTestClassesExecutor.processAllTestClasses(JUnitPlatformTestClassProcessor.java:99)
	at org.gradle.api.internal.tasks.testing.junitplatform.JUnitPlatformTestClassProcessor$CollectAllTestClassesExecutor.access$000(JUnitPlatformTestClassProcessor.java:79)
	at org.gradle.api.internal.tasks.testing.junitplatform.JUnitPlatformTestClassProcessor.stop(JUnitPlatformTestClassProcessor.java:75)
	at org.gradle.api.internal.tasks.testing.SuiteTestClassProcessor.stop(SuiteTestClassProcessor.java:61)
	at java.base@11.0.17/jdk.internal.reflect.NativeMethodAccessorImpl.invoke0(Native Method)
	at java.base@11.0.17/jdk.internal.reflect.NativeMethodAccessorImpl.invoke(NativeMethodAccessorImpl.java:62)
	at java.base@11.0.17/jdk.internal.reflect.DelegatingMethodAccessorImpl.invoke(DelegatingMethodAccessorImpl.java:43)
	at java.base@11.0.17/java.lang.reflect.Method.invoke(Method.java:566)
	at org.gradle.internal.dispatch.ReflectionDispatch.dispatch(ReflectionDispatch.java:36)
	at org.gradle.internal.dispatch.ReflectionDispatch.dispatch(ReflectionDispatch.java:24)
	at org.gradle.internal.dispatch.ContextClassLoaderDispatch.dispatch(ContextClassLoaderDispatch.java:33)
	at org.gradle.internal.dispatch.ProxyDispatchAdapter$DispatchingInvocationHandler.invoke(ProxyDispatchAdapter.java:94)
	at com.sun.proxy.$Proxy2.stop(Unknown Source)
	at org.gradle.api.internal.tasks.testing.worker.TestWorker$3.run(TestWorker.java:193)
	at org.gradle.api.internal.tasks.testing.worker.TestWorker.executeAndMaintainThreadName(TestWorker.java:129)
	at org.gradle.api.internal.tasks.testing.worker.TestWorker.execute(TestWorker.java:100)
	at org.gradle.api.internal.tasks.testing.worker.TestWorker.execute(TestWorker.java:60)
	at org.gradle.process.internal.worker.child.ActionExecutionWorker.execute(ActionExecutionWorker.java:56)
	at org.gradle.process.internal.worker.child.SystemApplicationClassLoaderWorker.call(SystemApplicationClassLoaderWorker.java:133)
	at org.gradle.process.internal.worker.child.SystemApplicationClassLoaderWorker.call(SystemApplicationClassLoaderWorker.java:71)
	at app//worker.org.gradle.process.internal.worker.GradleWorkerMain.run(GradleWorkerMain.java:69)
	at app//worker.org.gradle.process.internal.worker.GradleWorkerMain.main(GradleWorkerMain.java:74)
	Suppressed: org.opentest4j.AssertionFailedError: expected: &lt;null&gt; but was: &lt;2023-02-03T16:30:05.388198500&gt;
		at app//org.junit.jupiter.api.AssertionUtils.fail(AssertionUtils.java:55)
		at app//org.junit.jupiter.api.AssertionUtils.failNotEqual(AssertionUtils.java:62)
		at app//org.junit.jupiter.api.AssertEquals.assertEquals(AssertEquals.java:182)
		at app//org.junit.jupiter.api.AssertEquals.assertEquals(AssertEquals.java:177)
		at app//org.junit.jupiter.api.Assertions.assertEquals(Assertions.java:1141)
		at app//org.waldreg.repository.board.BoardRepositoryTest.lambda$INQUIRY_BOARD_BY_ID_SUCCESS_TEST$12(BoardRepositoryTest.java:164)
		at app//org.junit.jupiter.api.AssertAll.lambda$assertAll$0(AssertAll.java:68)
		at java.base@11.0.17/java.util.stream.ReferencePipeline$3$1.accept(ReferencePipeline.java:195)
		at java.base@11.0.17/java.util.Spliterators$ArraySpliterator.forEachRemaining(Spliterators.java:948)
		at java.base@11.0.17/java.util.stream.AbstractPipeline.copyInto(AbstractPipeline.java:484)
		at java.base@11.0.17/java.util.stream.AbstractPipeline.wrapAndCopyInto(AbstractPipeline.java:474)
		at java.base@11.0.17/java.util.stream.ReduceOps$ReduceOp.evaluateSequential(ReduceOps.java:913)
		at java.base@11.0.17/java.util.stream.AbstractPipeline.evaluate(AbstractPipeline.java:234)
		at java.base@11.0.17/java.util.stream.ReferencePipeline.collect(ReferencePipeline.java:578)
		at app//org.junit.jupiter.api.AssertAll.assertAll(AssertAll.java:77)
		... 87 more
	Suppressed: org.opentest4j.AssertionFailedError: expected: &lt;null&gt; but was: &lt;2023-02-03T16:30:05.388198500&gt;
		at app//org.junit.jupiter.api.AssertionUtils.fail(AssertionUtils.java:55)
		at app//org.junit.jupiter.api.AssertionUtils.failNotEqual(AssertionUtils.java:62)
		at app//org.junit.jupiter.api.AssertEquals.assertEquals(AssertEquals.java:182)
		at app//org.junit.jupiter.api.AssertEquals.assertEquals(AssertEquals.java:177)
		at app//org.junit.jupiter.api.Assertions.assertEquals(Assertions.java:1141)
		at app//org.waldreg.repository.board.BoardRepositoryTest.lambda$INQUIRY_BOARD_BY_ID_SUCCESS_TEST$13(BoardRepositoryTest.java:165)
		at app//org.junit.jupiter.api.AssertAll.lambda$assertAll$0(AssertAll.java:68)
		at java.base@11.0.17/java.util.stream.ReferencePipeline$3$1.accept(ReferencePipeline.java:195)
		at java.base@11.0.17/java.util.Spliterators$ArraySpliterator.forEachRemaining(Spliterators.java:948)
		at java.base@11.0.17/java.util.stream.AbstractPipeline.copyInto(AbstractPipeline.java:484)
		at java.base@11.0.17/java.util.stream.AbstractPipeline.wrapAndCopyInto(AbstractPipeline.java:474)
		at java.base@11.0.17/java.util.stream.ReduceOps$ReduceOp.evaluateSequential(ReduceOps.java:913)
		at java.base@11.0.17/java.util.stream.AbstractPipeline.evaluate(AbstractPipeline.java:234)
		at java.base@11.0.17/java.util.stream.ReferencePipeline.collect(ReferencePipeline.java:578)
		at app//org.junit.jupiter.api.AssertAll.assertAll(AssertAll.java:77)
		... 87 more
	Suppressed: java.lang.NullPointerException
		at org.waldreg.repository.board.BoardRepositoryTest.lambda$INQUIRY_BOARD_BY_ID_SUCCESS_TEST$15(BoardRepositoryTest.java:167)
		at org.junit.jupiter.api.AssertAll.lambda$assertAll$0(AssertAll.java:68)
		at java.base/java.util.stream.ReferencePipeline$3$1.accept(ReferencePipeline.java:195)
		at java.base/java.util.Spliterators$ArraySpliterator.forEachRemaining(Spliterators.java:948)
		at java.base/java.util.stream.AbstractPipeline.copyInto(AbstractPipeline.java:484)
		at java.base/java.util.stream.AbstractPipeline.wrapAndCopyInto(AbstractPipeline.java:474)
		at java.base/java.util.stream.ReduceOps$ReduceOp.evaluateSequential(ReduceOps.java:913)
		at java.base/java.util.stream.AbstractPipeline.evaluate(AbstractPipeline.java:234)
		at java.base/java.util.stream.ReferencePipeline.collect(ReferencePipeline.java:578)
		at org.junit.jupiter.api.AssertAll.assertAll(AssertAll.java:77)
		... 87 more
Cause 1: org.opentest4j.AssertionFailedError: expected: &lt;null&gt; but was: &lt;2023-02-03T16:30:05.388198500&gt;
	at app//org.junit.jupiter.api.AssertionUtils.fail(AssertionUtils.java:55)
	at app//org.junit.jupiter.api.AssertionUtils.failNotEqual(AssertionUtils.java:62)
	at app//org.junit.jupiter.api.AssertEquals.assertEquals(AssertEquals.java:182)
	at app//org.junit.jupiter.api.AssertEquals.assertEquals(AssertEquals.java:177)
	at app//org.junit.jupiter.api.Assertions.assertEquals(Assertions.java:1141)
	at app//org.waldreg.repository.board.BoardRepositoryTest.lambda$INQUIRY_BOARD_BY_ID_SUCCESS_TEST$12(BoardRepositoryTest.java:164)
	at app//org.junit.jupiter.api.AssertAll.lambda$assertAll$0(AssertAll.java:68)
	at java.base@11.0.17/java.util.stream.ReferencePipeline$3$1.accept(ReferencePipeline.java:195)
	at java.base@11.0.17/java.util.Spliterators$ArraySpliterator.forEachRemaining(Spliterators.java:948)
	at java.base@11.0.17/java.util.stream.AbstractPipeline.copyInto(AbstractPipeline.java:484)
	at java.base@11.0.17/java.util.stream.AbstractPipeline.wrapAndCopyInto(AbstractPipeline.java:474)
	at java.base@11.0.17/java.util.stream.ReduceOps$ReduceOp.evaluateSequential(ReduceOps.java:913)
	at java.base@11.0.17/java.util.stream.AbstractPipeline.evaluate(AbstractPipeline.java:234)
	at java.base@11.0.17/java.util.stream.ReferencePipeline.collect(ReferencePipeline.java:578)
	at app//org.junit.jupiter.api.AssertAll.assertAll(AssertAll.java:77)
	at app//org.junit.jupiter.api.AssertAll.assertAll(AssertAll.java:44)
	at app//org.junit.jupiter.api.AssertAll.assertAll(AssertAll.java:38)
	at app//org.junit.jupiter.api.Assertions.assertAll(Assertions.java:2911)
	at app//org.waldreg.repository.board.BoardRepositoryTest.INQUIRY_BOARD_BY_ID_SUCCESS_TEST(BoardRepositoryTest.java:158)
	at java.base@11.0.17/jdk.internal.reflect.NativeMethodAccessorImpl.invoke0(Native Method)
	at java.base@11.0.17/jdk.internal.reflect.NativeMethodAccessorImpl.invoke(NativeMethodAccessorImpl.java:62)
	at java.base@11.0.17/jdk.internal.reflect.DelegatingMethodAccessorImpl.invoke(DelegatingMethodAccessorImpl.java:43)
	at java.base@11.0.17/java.lang.reflect.Method.invoke(Method.java:566)
	at app//org.junit.platform.commons.util.ReflectionUtils.invokeMethod(ReflectionUtils.java:725)
	at app//org.junit.jupiter.engine.execution.MethodInvocation.proceed(MethodInvocation.java:60)
	at app//org.junit.jupiter.engine.execution.InvocationInterceptorChain$ValidatingInvocation.proceed(InvocationInterceptorChain.java:131)
	at app//org.junit.jupiter.engine.extension.TimeoutExtension.intercept(TimeoutExtension.java:149)
	at app//org.junit.jupiter.engine.extension.TimeoutExtension.interceptTestableMethod(TimeoutExtension.java:140)
	at app//org.junit.jupiter.engine.extension.TimeoutExtension.interceptTestMethod(TimeoutExtension.java:84)
	at app//org.junit.jupiter.engine.execution.ExecutableInvoker$ReflectiveInterceptorCall.lambda$ofVoidMethod$0(ExecutableInvoker.java:115)
	at app//org.junit.jupiter.engine.execution.ExecutableInvoker.lambda$invoke$0(ExecutableInvoker.java:105)
	at app//org.junit.jupiter.engine.execution.InvocationInterceptorChain$InterceptedInvocation.proceed(InvocationInterceptorChain.java:106)
	at app//org.junit.jupiter.engine.execution.InvocationInterceptorChain.proceed(InvocationInterceptorChain.java:64)
	at app//org.junit.jupiter.engine.execution.InvocationInterceptorChain.chainAndInvoke(InvocationInterceptorChain.java:45)
	at app//org.junit.jupiter.engine.execution.InvocationInterceptorChain.invoke(InvocationInterceptorChain.java:37)
	at app//org.junit.jupiter.engine.execution.ExecutableInvoker.invoke(ExecutableInvoker.java:104)
	at app//org.junit.jupiter.engine.execution.ExecutableInvoker.invoke(ExecutableInvoker.java:98)
	at app//org.junit.jupiter.engine.descriptor.TestMethodTestDescriptor.lambda$invokeTestMethod$7(TestMethodTestDescriptor.java:214)
	at app//org.junit.platform.engine.support.hierarchical.ThrowableCollector.execute(ThrowableCollector.java:73)
	at app//org.junit.jupiter.engine.descriptor.TestMethodTestDescriptor.invokeTestMethod(TestMethodTestDescriptor.java:210)
	at app//org.junit.jupiter.engine.descriptor.TestMethodTestDescriptor.execute(TestMethodTestDescriptor.java:135)
	at app//org.junit.jupiter.engine.descriptor.TestMethodTestDescriptor.execute(TestMethodTestDescriptor.java:66)
	at app//org.junit.platform.engine.support.hierarchical.NodeTestTask.lambda$executeRecursively$6(NodeTestTask.java:151)
	at app//org.junit.platform.engine.support.hierarchical.ThrowableCollector.execute(ThrowableCollector.java:73)
	at app//org.junit.platform.engine.support.hierarchical.NodeTestTask.lambda$executeRecursively$8(NodeTestTask.java:141)
	at app//org.junit.platform.engine.support.hierarchical.Node.around(Node.java:137)
	at app//org.junit.platform.engine.support.hierarchical.NodeTestTask.lambda$executeRecursively$9(NodeTestTask.java:139)
	at app//org.junit.platform.engine.support.hierarchical.ThrowableCollector.execute(ThrowableCollector.java:73)
	at app//org.junit.platform.engine.support.hierarchical.NodeTestTask.executeRecursively(NodeTestTask.java:138)
	at app//org.junit.platform.engine.support.hierarchical.NodeTestTask.execute(NodeTestTask.java:95)
	at java.base@11.0.17/java.util.ArrayList.forEach(ArrayList.java:1541)
	at app//org.junit.platform.engine.support.hierarchical.SameThreadHierarchicalTestExecutorService.invokeAll(SameThreadHierarchicalTestExecutorService.java:41)
	at app//org.junit.platform.engine.support.hierarchical.NodeTestTask.lambda$executeRecursively$6(NodeTestTask.java:155)
	at app//org.junit.platform.engine.support.hierarchical.ThrowableCollector.execute(ThrowableCollector.java:73)
	at app//org.junit.platform.engine.support.hierarchical.NodeTestTask.lambda$executeRecursively$8(NodeTestTask.java:141)
	at app//org.junit.platform.engine.support.hierarchical.Node.around(Node.java:137)
	at app//org.junit.platform.engine.support.hierarchical.NodeTestTask.lambda$executeRecursively$9(NodeTestTask.java:139)
	at app//org.junit.platform.engine.support.hierarchical.ThrowableCollector.execute(ThrowableCollector.java:73)
	at app//org.junit.platform.engine.support.hierarchical.NodeTestTask.executeRecursively(NodeTestTask.java:138)
	at app//org.junit.platform.engine.support.hierarchical.NodeTestTask.execute(NodeTestTask.java:95)
	at java.base@11.0.17/java.util.ArrayList.forEach(ArrayList.java:1541)
	at app//org.junit.platform.engine.support.hierarchical.SameThreadHierarchicalTestExecutorService.invokeAll(SameThreadHierarchicalTestExecutorService.java:41)
	at app//org.junit.platform.engine.support.hierarchical.NodeTestTask.lambda$executeRecursively$6(NodeTestTask.java:155)
	at app//org.junit.platform.engine.support.hierarchical.ThrowableCollector.execute(ThrowableCollector.java:73)
	at app//org.junit.platform.engine.support.hierarchical.NodeTestTask.lambda$executeRecursively$8(NodeTestTask.java:141)
	at app//org.junit.platform.engine.support.hierarchical.Node.around(Node.java:137)
	at app//org.junit.platform.engine.support.hierarchical.NodeTestTask.lambda$executeRecursively$9(NodeTestTask.java:139)
	at app//org.junit.platform.engine.support.hierarchical.ThrowableCollector.execute(ThrowableCollector.java:73)
	at app//org.junit.platform.engine.support.hierarchical.NodeTestTask.executeRecursively(NodeTestTask.java:138)
	at app//org.junit.platform.engine.support.hierarchical.NodeTestTask.execute(NodeTestTask.java:95)
	at app//org.junit.platform.engine.support.hierarchical.SameThreadHierarchicalTestExecutorService.submit(SameThreadHierarchicalTestExecutorService.java:35)
	at app//org.junit.platform.engine.support.hierarchical.HierarchicalTestExecutor.execute(HierarchicalTestExecutor.java:57)
	at app//org.junit.platform.engine.support.hierarchical.HierarchicalTestEngine.execute(HierarchicalTestEngine.java:54)
	at org.junit.platform.launcher.core.EngineExecutionOrchestrator.execute(EngineExecutionOrchestrator.java:108)
	at org.junit.platform.launcher.core.EngineExecutionOrchestrator.execute(EngineExecutionOrchestrator.java:88)
	at org.junit.platform.launcher.core.EngineExecutionOrchestrator.lambda$execute$0(EngineExecutionOrchestrator.java:54)
	at org.junit.platform.launcher.core.EngineExecutionOrchestrator.withInterceptedStreams(EngineExecutionOrchestrator.java:67)
	at org.junit.platform.launcher.core.EngineExecutionOrchestrator.execute(EngineExecutionOrchestrator.java:52)
	at org.junit.platform.launcher.core.DefaultLauncher.execute(DefaultLauncher.java:96)
	at org.junit.platform.launcher.core.DefaultLauncher.execute(DefaultLauncher.java:75)
	at org.gradle.api.internal.tasks.testing.junitplatform.JUnitPlatformTestClassProcessor$CollectAllTestClassesExecutor.processAllTestClasses(JUnitPlatformTestClassProcessor.java:99)
	at org.gradle.api.internal.tasks.testing.junitplatform.JUnitPlatformTestClassProcessor$CollectAllTestClassesExecutor.access$000(JUnitPlatformTestClassProcessor.java:79)
	at org.gradle.api.internal.tasks.testing.junitplatform.JUnitPlatformTestClassProcessor.stop(JUnitPlatformTestClassProcessor.java:75)
	at org.gradle.api.internal.tasks.testing.SuiteTestClassProcessor.stop(SuiteTestClassProcessor.java:61)
	at java.base@11.0.17/jdk.internal.reflect.NativeMethodAccessorImpl.invoke0(Native Method)
	at java.base@11.0.17/jdk.internal.reflect.NativeMethodAccessorImpl.invoke(NativeMethodAccessorImpl.java:62)
	at java.base@11.0.17/jdk.internal.reflect.DelegatingMethodAccessorImpl.invoke(DelegatingMethodAccessorImpl.java:43)
	at java.base@11.0.17/java.lang.reflect.Method.invoke(Method.java:566)
	at org.gradle.internal.dispatch.ReflectionDispatch.dispatch(ReflectionDispatch.java:36)
	at org.gradle.internal.dispatch.ReflectionDispatch.dispatch(ReflectionDispatch.java:24)
	at org.gradle.internal.dispatch.ContextClassLoaderDispatch.dispatch(ContextClassLoaderDispatch.java:33)
	at org.gradle.internal.dispatch.ProxyDispatchAdapter$DispatchingInvocationHandler.invoke(ProxyDispatchAdapter.java:94)
	at com.sun.proxy.$Proxy2.stop(Unknown Source)
	at org.gradle.api.internal.tasks.testing.worker.TestWorker$3.run(TestWorker.java:193)
	at org.gradle.api.internal.tasks.testing.worker.TestWorker.executeAndMaintainThreadName(TestWorker.java:129)
	at org.gradle.api.internal.tasks.testing.worker.TestWorker.execute(TestWorker.java:100)
	at org.gradle.api.internal.tasks.testing.worker.TestWorker.execute(TestWorker.java:60)
	at org.gradle.process.internal.worker.child.ActionExecutionWorker.execute(ActionExecutionWorker.java:56)
	at org.gradle.process.internal.worker.child.SystemApplicationClassLoaderWorker.call(SystemApplicationClassLoaderWorker.java:133)
	at org.gradle.process.internal.worker.child.SystemApplicationClassLoaderWorker.call(SystemApplicationClassLoaderWorker.java:71)
	at app//worker.org.gradle.process.internal.worker.GradleWorkerMain.run(GradleWorkerMain.java:69)
	at app//worker.org.gradle.process.internal.worker.GradleWorkerMain.main(GradleWorkerMain.java:74)
Cause 2: org.opentest4j.AssertionFailedError: expected: &lt;null&gt; but was: &lt;2023-02-03T16:30:05.388198500&gt;
	at app//org.junit.jupiter.api.AssertionUtils.fail(AssertionUtils.java:55)
	at app//org.junit.jupiter.api.AssertionUtils.failNotEqual(AssertionUtils.java:62)
	at app//org.junit.jupiter.api.AssertEquals.assertEquals(AssertEquals.java:182)
	at app//org.junit.jupiter.api.AssertEquals.assertEquals(AssertEquals.java:177)
	at app//org.junit.jupiter.api.Assertions.assertEquals(Assertions.java:1141)
	at app//org.waldreg.repository.board.BoardRepositoryTest.lambda$INQUIRY_BOARD_BY_ID_SUCCESS_TEST$13(BoardRepositoryTest.java:165)
	at app//org.junit.jupiter.api.AssertAll.lambda$assertAll$0(AssertAll.java:68)
	at java.base@11.0.17/java.util.stream.ReferencePipeline$3$1.accept(ReferencePipeline.java:195)
	at java.base@11.0.17/java.util.Spliterators$ArraySpliterator.forEachRemaining(Spliterators.java:948)
	at java.base@11.0.17/java.util.stream.AbstractPipeline.copyInto(AbstractPipeline.java:484)
	at java.base@11.0.17/java.util.stream.AbstractPipeline.wrapAndCopyInto(AbstractPipeline.java:474)
	at java.base@11.0.17/java.util.stream.ReduceOps$ReduceOp.evaluateSequential(ReduceOps.java:913)
	at java.base@11.0.17/java.util.stream.AbstractPipeline.evaluate(AbstractPipeline.java:234)
	at java.base@11.0.17/java.util.stream.ReferencePipeline.collect(ReferencePipeline.java:578)
	at app//org.junit.jupiter.api.AssertAll.assertAll(AssertAll.java:77)
	at app//org.junit.jupiter.api.AssertAll.assertAll(AssertAll.java:44)
	at app//org.junit.jupiter.api.AssertAll.assertAll(AssertAll.java:38)
	at app//org.junit.jupiter.api.Assertions.assertAll(Assertions.java:2911)
	at app//org.waldreg.repository.board.BoardRepositoryTest.INQUIRY_BOARD_BY_ID_SUCCESS_TEST(BoardRepositoryTest.java:158)
	at java.base@11.0.17/jdk.internal.reflect.NativeMethodAccessorImpl.invoke0(Native Method)
	at java.base@11.0.17/jdk.internal.reflect.NativeMethodAccessorImpl.invoke(NativeMethodAccessorImpl.java:62)
	at java.base@11.0.17/jdk.internal.reflect.DelegatingMethodAccessorImpl.invoke(DelegatingMethodAccessorImpl.java:43)
	at java.base@11.0.17/java.lang.reflect.Method.invoke(Method.java:566)
	at app//org.junit.platform.commons.util.ReflectionUtils.invokeMethod(ReflectionUtils.java:725)
	at app//org.junit.jupiter.engine.execution.MethodInvocation.proceed(MethodInvocation.java:60)
	at app//org.junit.jupiter.engine.execution.InvocationInterceptorChain$ValidatingInvocation.proceed(InvocationInterceptorChain.java:131)
	at app//org.junit.jupiter.engine.extension.TimeoutExtension.intercept(TimeoutExtension.java:149)
	at app//org.junit.jupiter.engine.extension.TimeoutExtension.interceptTestableMethod(TimeoutExtension.java:140)
	at app//org.junit.jupiter.engine.extension.TimeoutExtension.interceptTestMethod(TimeoutExtension.java:84)
	at app//org.junit.jupiter.engine.execution.ExecutableInvoker$ReflectiveInterceptorCall.lambda$ofVoidMethod$0(ExecutableInvoker.java:115)
	at app//org.junit.jupiter.engine.execution.ExecutableInvoker.lambda$invoke$0(ExecutableInvoker.java:105)
	at app//org.junit.jupiter.engine.execution.InvocationInterceptorChain$InterceptedInvocation.proceed(InvocationInterceptorChain.java:106)
	at app//org.junit.jupiter.engine.execution.InvocationInterceptorChain.proceed(InvocationInterceptorChain.java:64)
	at app//org.junit.jupiter.engine.execution.InvocationInterceptorChain.chainAndInvoke(InvocationInterceptorChain.java:45)
	at app//org.junit.jupiter.engine.execution.InvocationInterceptorChain.invoke(InvocationInterceptorChain.java:37)
	at app//org.junit.jupiter.engine.execution.ExecutableInvoker.invoke(ExecutableInvoker.java:104)
	at app//org.junit.jupiter.engine.execution.ExecutableInvoker.invoke(ExecutableInvoker.java:98)
	at app//org.junit.jupiter.engine.descriptor.TestMethodTestDescriptor.lambda$invokeTestMethod$7(TestMethodTestDescriptor.java:214)
	at app//org.junit.platform.engine.support.hierarchical.ThrowableCollector.execute(ThrowableCollector.java:73)
	at app//org.junit.jupiter.engine.descriptor.TestMethodTestDescriptor.invokeTestMethod(TestMethodTestDescriptor.java:210)
	at app//org.junit.jupiter.engine.descriptor.TestMethodTestDescriptor.execute(TestMethodTestDescriptor.java:135)
	at app//org.junit.jupiter.engine.descriptor.TestMethodTestDescriptor.execute(TestMethodTestDescriptor.java:66)
	at app//org.junit.platform.engine.support.hierarchical.NodeTestTask.lambda$executeRecursively$6(NodeTestTask.java:151)
	at app//org.junit.platform.engine.support.hierarchical.ThrowableCollector.execute(ThrowableCollector.java:73)
	at app//org.junit.platform.engine.support.hierarchical.NodeTestTask.lambda$executeRecursively$8(NodeTestTask.java:141)
	at app//org.junit.platform.engine.support.hierarchical.Node.around(Node.java:137)
	at app//org.junit.platform.engine.support.hierarchical.NodeTestTask.lambda$executeRecursively$9(NodeTestTask.java:139)
	at app//org.junit.platform.engine.support.hierarchical.ThrowableCollector.execute(ThrowableCollector.java:73)
	at app//org.junit.platform.engine.support.hierarchical.NodeTestTask.executeRecursively(NodeTestTask.java:138)
	at app//org.junit.platform.engine.support.hierarchical.NodeTestTask.execute(NodeTestTask.java:95)
	at java.base@11.0.17/java.util.ArrayList.forEach(ArrayList.java:1541)
	at app//org.junit.platform.engine.support.hierarchical.SameThreadHierarchicalTestExecutorService.invokeAll(SameThreadHierarchicalTestExecutorService.java:41)
	at app//org.junit.platform.engine.support.hierarchical.NodeTestTask.lambda$executeRecursively$6(NodeTestTask.java:155)
	at app//org.junit.platform.engine.support.hierarchical.ThrowableCollector.execute(ThrowableCollector.java:73)
	at app//org.junit.platform.engine.support.hierarchical.NodeTestTask.lambda$executeRecursively$8(NodeTestTask.java:141)
	at app//org.junit.platform.engine.support.hierarchical.Node.around(Node.java:137)
	at app//org.junit.platform.engine.support.hierarchical.NodeTestTask.lambda$executeRecursively$9(NodeTestTask.java:139)
	at app//org.junit.platform.engine.support.hierarchical.ThrowableCollector.execute(ThrowableCollector.java:73)
	at app//org.junit.platform.engine.support.hierarchical.NodeTestTask.executeRecursively(NodeTestTask.java:138)
	at app//org.junit.platform.engine.support.hierarchical.NodeTestTask.execute(NodeTestTask.java:95)
	at java.base@11.0.17/java.util.ArrayList.forEach(ArrayList.java:1541)
	at app//org.junit.platform.engine.support.hierarchical.SameThreadHierarchicalTestExecutorService.invokeAll(SameThreadHierarchicalTestExecutorService.java:41)
	at app//org.junit.platform.engine.support.hierarchical.NodeTestTask.lambda$executeRecursively$6(NodeTestTask.java:155)
	at app//org.junit.platform.engine.support.hierarchical.ThrowableCollector.execute(ThrowableCollector.java:73)
	at app//org.junit.platform.engine.support.hierarchical.NodeTestTask.lambda$executeRecursively$8(NodeTestTask.java:141)
	at app//org.junit.platform.engine.support.hierarchical.Node.around(Node.java:137)
	at app//org.junit.platform.engine.support.hierarchical.NodeTestTask.lambda$executeRecursively$9(NodeTestTask.java:139)
	at app//org.junit.platform.engine.support.hierarchical.ThrowableCollector.execute(ThrowableCollector.java:73)
	at app//org.junit.platform.engine.support.hierarchical.NodeTestTask.executeRecursively(NodeTestTask.java:138)
	at app//org.junit.platform.engine.support.hierarchical.NodeTestTask.execute(NodeTestTask.java:95)
	at app//org.junit.platform.engine.support.hierarchical.SameThreadHierarchicalTestExecutorService.submit(SameThreadHierarchicalTestExecutorService.java:35)
	at app//org.junit.platform.engine.support.hierarchical.HierarchicalTestExecutor.execute(HierarchicalTestExecutor.java:57)
	at app//org.junit.platform.engine.support.hierarchical.HierarchicalTestEngine.execute(HierarchicalTestEngine.java:54)
	at org.junit.platform.launcher.core.EngineExecutionOrchestrator.execute(EngineExecutionOrchestrator.java:108)
	at org.junit.platform.launcher.core.EngineExecutionOrchestrator.execute(EngineExecutionOrchestrator.java:88)
	at org.junit.platform.launcher.core.EngineExecutionOrchestrator.lambda$execute$0(EngineExecutionOrchestrator.java:54)
	at org.junit.platform.launcher.core.EngineExecutionOrchestrator.withInterceptedStreams(EngineExecutionOrchestrator.java:67)
	at org.junit.platform.launcher.core.EngineExecutionOrchestrator.execute(EngineExecutionOrchestrator.java:52)
	at org.junit.platform.launcher.core.DefaultLauncher.execute(DefaultLauncher.java:96)
	at org.junit.platform.launcher.core.DefaultLauncher.execute(DefaultLauncher.java:75)
	at org.gradle.api.internal.tasks.testing.junitplatform.JUnitPlatformTestClassProcessor$CollectAllTestClassesExecutor.processAllTestClasses(JUnitPlatformTestClassProcessor.java:99)
	at org.gradle.api.internal.tasks.testing.junitplatform.JUnitPlatformTestClassProcessor$CollectAllTestClassesExecutor.access$000(JUnitPlatformTestClassProcessor.java:79)
	at org.gradle.api.internal.tasks.testing.junitplatform.JUnitPlatformTestClassProcessor.stop(JUnitPlatformTestClassProcessor.java:75)
	at org.gradle.api.internal.tasks.testing.SuiteTestClassProcessor.stop(SuiteTestClassProcessor.java:61)
	at java.base@11.0.17/jdk.internal.reflect.NativeMethodAccessorImpl.invoke0(Native Method)
	at java.base@11.0.17/jdk.internal.reflect.NativeMethodAccessorImpl.invoke(NativeMethodAccessorImpl.java:62)
	at java.base@11.0.17/jdk.internal.reflect.DelegatingMethodAccessorImpl.invoke(DelegatingMethodAccessorImpl.java:43)
	at java.base@11.0.17/java.lang.reflect.Method.invoke(Method.java:566)
	at org.gradle.internal.dispatch.ReflectionDispatch.dispatch(ReflectionDispatch.java:36)
	at org.gradle.internal.dispatch.ReflectionDispatch.dispatch(ReflectionDispatch.java:24)
	at org.gradle.internal.dispatch.ContextClassLoaderDispatch.dispatch(ContextClassLoaderDispatch.java:33)
	at org.gradle.internal.dispatch.ProxyDispatchAdapter$DispatchingInvocationHandler.invoke(ProxyDispatchAdapter.java:94)
	at com.sun.proxy.$Proxy2.stop(Unknown Source)
	at org.gradle.api.internal.tasks.testing.worker.TestWorker$3.run(TestWorker.java:193)
	at org.gradle.api.internal.tasks.testing.worker.TestWorker.executeAndMaintainThreadName(TestWorker.java:129)
	at org.gradle.api.internal.tasks.testing.worker.TestWorker.execute(TestWorker.java:100)
	at org.gradle.api.internal.tasks.testing.worker.TestWorker.execute(TestWorker.java:60)
	at org.gradle.process.internal.worker.child.ActionExecutionWorker.execute(ActionExecutionWorker.java:56)
	at org.gradle.process.internal.worker.child.SystemApplicationClassLoaderWorker.call(SystemApplicationClassLoaderWorker.java:133)
	at org.gradle.process.internal.worker.child.SystemApplicationClassLoaderWorker.call(SystemApplicationClassLoaderWorker.java:71)
	at app//worker.org.gradle.process.internal.worker.GradleWorkerMain.run(GradleWorkerMain.java:69)
	at app//worker.org.gradle.process.internal.worker.GradleWorkerMain.main(GradleWorkerMain.java:74)
Cause 3: java.lang.NullPointerException
	at org.waldreg.repository.board.BoardRepositoryTest.lambda$INQUIRY_BOARD_BY_ID_SUCCESS_TEST$15(BoardRepositoryTest.java:167)
	at org.junit.jupiter.api.AssertAll.lambda$assertAll$0(AssertAll.java:68)
	at java.base/java.util.stream.ReferencePipeline$3$1.accept(ReferencePipeline.java:195)
	at java.base/java.util.Spliterators$ArraySpliterator.forEachRemaining(Spliterators.java:948)
	at java.base/java.util.stream.AbstractPipeline.copyInto(AbstractPipeline.java:484)
	at java.base/java.util.stream.AbstractPipeline.wrapAndCopyInto(AbstractPipeline.java:474)
	at java.base/java.util.stream.ReduceOps$ReduceOp.evaluateSequential(ReduceOps.java:913)
	at java.base/java.util.stream.AbstractPipeline.evaluate(AbstractPipeline.java:234)
	at java.base/java.util.stream.ReferencePipeline.collect(ReferencePipeline.java:578)
	at org.junit.jupiter.api.AssertAll.assertAll(AssertAll.java:77)
	at org.junit.jupiter.api.AssertAll.assertAll(AssertAll.java:44)
	at org.junit.jupiter.api.AssertAll.assertAll(AssertAll.java:38)
	at org.junit.jupiter.api.Assertions.assertAll(Assertions.java:2911)
	at org.waldreg.repository.board.BoardRepositoryTest.INQUIRY_BOARD_BY_ID_SUCCESS_TEST(BoardRepositoryTest.java:158)
	at java.base/jdk.internal.reflect.NativeMethodAccessorImpl.invoke0(Native Method)
	at java.base/jdk.internal.reflect.NativeMethodAccessorImpl.invoke(NativeMethodAccessorImpl.java:62)
	at java.base/jdk.internal.reflect.DelegatingMethodAccessorImpl.invoke(DelegatingMethodAccessorImpl.java:43)
	at java.base/java.lang.reflect.Method.invoke(Method.java:566)
	at org.junit.platform.commons.util.ReflectionUtils.invokeMethod(ReflectionUtils.java:725)
	at org.junit.jupiter.engine.execution.MethodInvocation.proceed(MethodInvocation.java:60)
	at org.junit.jupiter.engine.execution.InvocationInterceptorChain$ValidatingInvocation.proceed(InvocationInterceptorChain.java:131)
	at org.junit.jupiter.engine.extension.TimeoutExtension.intercept(TimeoutExtension.java:149)
	at org.junit.jupiter.engine.extension.TimeoutExtension.interceptTestableMethod(TimeoutExtension.java:140)
	at org.junit.jupiter.engine.extension.TimeoutExtension.interceptTestMethod(TimeoutExtension.java:84)
	at org.junit.jupiter.engine.execution.ExecutableInvoker$ReflectiveInterceptorCall.lambda$ofVoidMethod$0(ExecutableInvoker.java:115)
	at org.junit.jupiter.engine.execution.ExecutableInvoker.lambda$invoke$0(ExecutableInvoker.java:105)
	at org.junit.jupiter.engine.execution.InvocationInterceptorChain$InterceptedInvocation.proceed(InvocationInterceptorChain.java:106)
	at org.junit.jupiter.engine.execution.InvocationInterceptorChain.proceed(InvocationInterceptorChain.java:64)
	at org.junit.jupiter.engine.execution.InvocationInterceptorChain.chainAndInvoke(InvocationInterceptorChain.java:45)
	at org.junit.jupiter.engine.execution.InvocationInterceptorChain.invoke(InvocationInterceptorChain.java:37)
	at org.junit.jupiter.engine.execution.ExecutableInvoker.invoke(ExecutableInvoker.java:104)
	at org.junit.jupiter.engine.execution.ExecutableInvoker.invoke(ExecutableInvoker.java:98)
	at org.junit.jupiter.engine.descriptor.TestMethodTestDescriptor.lambda$invokeTestMethod$7(TestMethodTestDescriptor.java:214)
	at org.junit.platform.engine.support.hierarchical.ThrowableCollector.execute(ThrowableCollector.java:73)
	at org.junit.jupiter.engine.descriptor.TestMethodTestDescriptor.invokeTestMethod(TestMethodTestDescriptor.java:210)
	at org.junit.jupiter.engine.descriptor.TestMethodTestDescriptor.execute(TestMethodTestDescriptor.java:135)
	at org.junit.jupiter.engine.descriptor.TestMethodTestDescriptor.execute(TestMethodTestDescriptor.java:66)
	at org.junit.platform.engine.support.hierarchical.NodeTestTask.lambda$executeRecursively$6(NodeTestTask.java:151)
	at org.junit.platform.engine.support.hierarchical.ThrowableCollector.execute(ThrowableCollector.java:73)
	at org.junit.platform.engine.support.hierarchical.NodeTestTask.lambda$executeRecursively$8(NodeTestTask.java:141)
	at org.junit.platform.engine.support.hierarchical.Node.around(Node.java:137)
	at org.junit.platform.engine.support.hierarchical.NodeTestTask.lambda$executeRecursively$9(NodeTestTask.java:139)
	at org.junit.platform.engine.support.hierarchical.ThrowableCollector.execute(ThrowableCollector.java:73)
	at org.junit.platform.engine.support.hierarchical.NodeTestTask.executeRecursively(NodeTestTask.java:138)
	at org.junit.platform.engine.support.hierarchical.NodeTestTask.execute(NodeTestTask.java:95)
	at java.base/java.util.ArrayList.forEach(ArrayList.java:1541)
	at org.junit.platform.engine.support.hierarchical.SameThreadHierarchicalTestExecutorService.invokeAll(SameThreadHierarchicalTestExecutorService.java:41)
	at org.junit.platform.engine.support.hierarchical.NodeTestTask.lambda$executeRecursively$6(NodeTestTask.java:155)
	at org.junit.platform.engine.support.hierarchical.ThrowableCollector.execute(ThrowableCollector.java:73)
	at org.junit.platform.engine.support.hierarchical.NodeTestTask.lambda$executeRecursively$8(NodeTestTask.java:141)
	at org.junit.platform.engine.support.hierarchical.Node.around(Node.java:137)
	at org.junit.platform.engine.support.hierarchical.NodeTestTask.lambda$executeRecursively$9(NodeTestTask.java:139)
	at org.junit.platform.engine.support.hierarchical.ThrowableCollector.execute(ThrowableCollector.java:73)
	at org.junit.platform.engine.support.hierarchical.NodeTestTask.executeRecursively(NodeTestTask.java:138)
	at org.junit.platform.engine.support.hierarchical.NodeTestTask.execute(NodeTestTask.java:95)
	at java.base/java.util.ArrayList.forEach(ArrayList.java:1541)
	at org.junit.platform.engine.support.hierarchical.SameThreadHierarchicalTestExecutorService.invokeAll(SameThreadHierarchicalTestExecutorService.java:41)
	at org.junit.platform.engine.support.hierarchical.NodeTestTask.lambda$executeRecursively$6(NodeTestTask.java:155)
	at org.junit.platform.engine.support.hierarchical.ThrowableCollector.execute(ThrowableCollector.java:73)
	at org.junit.platform.engine.support.hierarchical.NodeTestTask.lambda$executeRecursively$8(NodeTestTask.java:141)
	at org.junit.platform.engine.support.hierarchical.Node.around(Node.java:137)
	at org.junit.platform.engine.support.hierarchical.NodeTestTask.lambda$executeRecursively$9(NodeTestTask.java:139)
	at org.junit.platform.engine.support.hierarchical.ThrowableCollector.execute(ThrowableCollector.java:73)
	at org.junit.platform.engine.support.hierarchical.NodeTestTask.executeRecursively(NodeTestTask.java:138)
	at org.junit.platform.engine.support.hierarchical.NodeTestTask.execute(NodeTestTask.java:95)
	at org.junit.platform.engine.support.hierarchical.SameThreadHierarchicalTestExecutorService.submit(SameThreadHierarchicalTestExecutorService.java:35)
	at org.junit.platform.engine.support.hierarchical.HierarchicalTestExecutor.execute(HierarchicalTestExecutor.java:57)
	at org.junit.platform.engine.support.hierarchical.HierarchicalTestEngine.execute(HierarchicalTestEngine.java:54)
	at org.junit.platform.launcher.core.EngineExecutionOrchestrator.execute(EngineExecutionOrchestrator.java:108)
	at org.junit.platform.launcher.core.EngineExecutionOrchestrator.execute(EngineExecutionOrchestrator.java:88)
	at org.junit.platform.launcher.core.EngineExecutionOrchestrator.lambda$execute$0(EngineExecutionOrchestrator.java:54)
	at org.junit.platform.launcher.core.EngineExecutionOrchestrator.withInterceptedStreams(EngineExecutionOrchestrator.java:67)
	at org.junit.platform.launcher.core.EngineExecutionOrchestrator.execute(EngineExecutionOrchestrator.java:52)
	at org.junit.platform.launcher.core.DefaultLauncher.execute(DefaultLauncher.java:96)
	at org.junit.platform.launcher.core.DefaultLauncher.execute(DefaultLauncher.java:75)
	at org.gradle.api.internal.tasks.testing.junitplatform.JUnitPlatformTestClassProcessor$CollectAllTestClassesExecutor.processAllTestClasses(JUnitPlatformTestClassProcessor.java:99)
	at org.gradle.api.internal.tasks.testing.junitplatform.JUnitPlatformTestClassProcessor$CollectAllTestClassesExecutor.access$000(JUnitPlatformTestClassProcessor.java:79)
	at org.gradle.api.internal.tasks.testing.junitplatform.JUnitPlatformTestClassProcessor.stop(JUnitPlatformTestClassProcessor.java:75)
	at org.gradle.api.internal.tasks.testing.SuiteTestClassProcessor.stop(SuiteTestClassProcessor.java:61)
	at java.base/jdk.internal.reflect.NativeMethodAccessorImpl.invoke0(Native Method)
	at java.base/jdk.internal.reflect.NativeMethodAccessorImpl.invoke(NativeMethodAccessorImpl.java:62)
	at java.base/jdk.internal.reflect.DelegatingMethodAccessorImpl.invoke(DelegatingMethodAccessorImpl.java:43)
	at java.base/java.lang.reflect.Method.invoke(Method.java:566)
	at org.gradle.internal.dispatch.ReflectionDispatch.dispatch(ReflectionDispatch.java:36)
	at org.gradle.internal.dispatch.ReflectionDispatch.dispatch(ReflectionDispatch.java:24)
	at org.gradle.internal.dispatch.ContextClassLoaderDispatch.dispatch(ContextClassLoaderDispatch.java:33)
	at org.gradle.internal.dispatch.ProxyDispatchAdapter$DispatchingInvocationHandler.invoke(ProxyDispatchAdapter.java:94)
	at com.sun.proxy.$Proxy2.stop(Unknown Source)
	at org.gradle.api.internal.tasks.testing.worker.TestWorker$3.run(TestWorker.java:193)
	at org.gradle.api.internal.tasks.testing.worker.TestWorker.executeAndMaintainThreadName(TestWorker.java:129)
	at org.gradle.api.internal.tasks.testing.worker.TestWorker.execute(TestWorker.java:100)
	at org.gradle.api.internal.tasks.testing.worker.TestWorker.execute(TestWorker.java:60)
	at org.gradle.process.internal.worker.child.ActionExecutionWorker.execute(ActionExecutionWorker.java:56)
	at org.gradle.process.internal.worker.child.SystemApplicationClassLoaderWorker.call(SystemApplicationClassLoaderWorker.java:133)
	at org.gradle.process.internal.worker.child.SystemApplicationClassLoaderWorker.call(SystemApplicationClassLoaderWorker.java:71)
	at worker.org.gradle.process.internal.worker.GradleWorkerMain.run(GradleWorkerMain.java:69)
	at worker.org.gradle.process.internal.worker.GradleWorkerMain.main(GradleWorkerMain.java:74)
</failure>
  </testcase>
  <system-out><![CDATA[16:30:04.649 [Test worker] DEBUG org.springframework.test.context.BootstrapUtils - Instantiating CacheAwareContextLoaderDelegate from class [org.springframework.test.context.cache.DefaultCacheAwareContextLoaderDelegate]
16:30:04.658 [Test worker] DEBUG org.springframework.test.context.BootstrapUtils - Instantiating BootstrapContext using constructor [public org.springframework.test.context.support.DefaultBootstrapContext(java.lang.Class,org.springframework.test.context.CacheAwareContextLoaderDelegate)]
16:30:04.680 [Test worker] DEBUG org.springframework.test.context.BootstrapUtils - Instantiating TestContextBootstrapper for test class [org.waldreg.repository.board.BoardRepositoryTest] from class [org.springframework.test.context.support.DefaultTestContextBootstrapper]
16:30:04.697 [Test worker] DEBUG org.springframework.test.context.support.AbstractDelegatingSmartContextLoader - Delegating to AnnotationConfigContextLoader to process context configuration [ContextConfigurationAttributes@2374d36a declaringClass = 'org.waldreg.repository.board.BoardRepositoryTest', classes = '{class org.waldreg.repository.board.MemoryBoardRepository, class org.waldreg.repository.MemoryBoardStorage, class org.waldreg.repository.user.MemoryUserRepository, class org.waldreg.repository.MemoryUserStorage, class org.waldreg.repository.character.MemoryCharacterRepository, class org.waldreg.repository.MemoryCharacterStorage, class org.waldreg.repository.board.BoardMapper, class org.waldreg.repository.user.UserMapper, class org.waldreg.repository.character.CharacterMapper}', locations = '{}', inheritLocations = true, initializers = '{}', inheritInitializers = true, name = [null], contextLoaderClass = 'org.springframework.test.context.ContextLoader'].
16:30:04.737 [Test worker] DEBUG org.springframework.test.context.support.ActiveProfilesUtils - Could not find an 'annotation declaring class' for annotation type [org.springframework.test.context.ActiveProfiles] and class [org.waldreg.repository.board.BoardRepositoryTest]
16:30:04.738 [Test worker] DEBUG org.springframework.test.context.support.DefaultTestContextBootstrapper - @TestExecutionListeners is not present for class [org.waldreg.repository.board.BoardRepositoryTest]: using defaults.
16:30:04.738 [Test worker] INFO org.springframework.test.context.support.DefaultTestContextBootstrapper - Loaded default TestExecutionListener class names from location [META-INF/spring.factories]: [org.springframework.boot.test.autoconfigure.restdocs.RestDocsTestExecutionListener, org.springframework.boot.test.autoconfigure.web.client.MockRestServiceServerResetTestExecutionListener, org.springframework.boot.test.autoconfigure.web.servlet.MockMvcPrintOnlyOnFailureTestExecutionListener, org.springframework.boot.test.autoconfigure.web.servlet.WebDriverTestExecutionListener, org.springframework.boot.test.autoconfigure.webservices.client.MockWebServiceServerTestExecutionListener, org.springframework.boot.test.mock.mockito.MockitoTestExecutionListener, org.springframework.boot.test.mock.mockito.ResetMocksTestExecutionListener, org.springframework.test.context.web.ServletTestExecutionListener, org.springframework.test.context.support.DirtiesContextBeforeModesTestExecutionListener, org.springframework.test.context.event.ApplicationEventsTestExecutionListener, org.springframework.test.context.support.DependencyInjectionTestExecutionListener, org.springframework.test.context.support.DirtiesContextTestExecutionListener, org.springframework.test.context.transaction.TransactionalTestExecutionListener, org.springframework.test.context.jdbc.SqlScriptsTestExecutionListener, org.springframework.test.context.event.EventPublishingTestExecutionListener]
16:30:04.746 [Test worker] DEBUG org.springframework.test.context.support.DefaultTestContextBootstrapper - Skipping candidate TestExecutionListener [org.springframework.test.context.transaction.TransactionalTestExecutionListener] due to a missing dependency. Specify custom listener classes or make the default listener classes and their required dependencies available. Offending class: [org/springframework/transaction/interceptor/TransactionAttributeSource]
16:30:04.746 [Test worker] DEBUG org.springframework.test.context.support.DefaultTestContextBootstrapper - Skipping candidate TestExecutionListener [org.springframework.test.context.jdbc.SqlScriptsTestExecutionListener] due to a missing dependency. Specify custom listener classes or make the default listener classes and their required dependencies available. Offending class: [org/springframework/transaction/interceptor/TransactionAttribute]
16:30:04.747 [Test worker] INFO org.springframework.test.context.support.DefaultTestContextBootstrapper - Using TestExecutionListeners: [org.springframework.test.context.web.ServletTestExecutionListener@60f7cc1d, org.springframework.test.context.support.DirtiesContextBeforeModesTestExecutionListener@11eadcba, org.springframework.test.context.event.ApplicationEventsTestExecutionListener@4721d212, org.springframework.boot.test.mock.mockito.MockitoTestExecutionListener@1b065145, org.springframework.test.context.support.DependencyInjectionTestExecutionListener@45cff11c, org.springframework.test.context.support.DirtiesContextTestExecutionListener@207ea13, org.springframework.test.context.event.EventPublishingTestExecutionListener@4bff1903, org.springframework.boot.test.autoconfigure.restdocs.RestDocsTestExecutionListener@62dae540, org.springframework.boot.test.autoconfigure.web.client.MockRestServiceServerResetTestExecutionListener@5827af16, org.springframework.boot.test.autoconfigure.web.servlet.MockMvcPrintOnlyOnFailureTestExecutionListener@654d8173, org.springframework.boot.test.autoconfigure.web.servlet.WebDriverTestExecutionListener@56c9bbd8, org.springframework.boot.test.autoconfigure.webservices.client.MockWebServiceServerTestExecutionListener@630cb4a4, org.springframework.boot.test.mock.mockito.ResetMocksTestExecutionListener@636e8cc]
16:30:04.748 [Test worker] DEBUG org.springframework.test.context.support.AbstractDirtiesContextTestExecutionListener - Before test class: context [DefaultTestContext@652a7737 testClass = BoardRepositoryTest, testInstance = [null], testMethod = [null], testException = [null], mergedContextConfiguration = [MergedContextConfiguration@5b7ea70d testClass = BoardRepositoryTest, locations = '{}', classes = '{class org.waldreg.repository.board.MemoryBoardRepository, class org.waldreg.repository.MemoryBoardStorage, class org.waldreg.repository.user.MemoryUserRepository, class org.waldreg.repository.MemoryUserStorage, class org.waldreg.repository.character.MemoryCharacterRepository, class org.waldreg.repository.MemoryCharacterStorage, class org.waldreg.repository.board.BoardMapper, class org.waldreg.repository.user.UserMapper, class org.waldreg.repository.character.CharacterMapper}', contextInitializerClasses = '[]', activeProfiles = '{}', propertySourceLocations = '{}', propertySourceProperties = '{}', contextCustomizers = set[org.springframework.boot.test.autoconfigure.actuate.metrics.MetricsExportContextCustomizerFactory$DisableMetricExportContextCustomizer@6035b93b, org.springframework.boot.test.autoconfigure.properties.PropertyMappingContextCustomizer@0, org.springframework.boot.test.autoconfigure.web.servlet.WebDriverContextCustomizerFactory$Customizer@57fd91c9, org.springframework.boot.test.context.filter.ExcludeFilterContextCustomizer@565b064f, org.springframework.boot.test.json.DuplicateJsonObjectContextCustomizerFactory$DuplicateJsonObjectContextCustomizer@62163b39, org.springframework.boot.test.mock.mockito.MockitoContextCustomizer@0], contextLoader = 'org.springframework.test.context.support.DelegatingSmartContextLoader', parent = [null]], attributes = map[[empty]]], class annotated with @DirtiesContext [false] with mode [null].
16:30:04.758 [Test worker] DEBUG org.springframework.test.context.support.DependencyInjectionTestExecutionListener - Performing dependency injection for test context [[DefaultTestContext@652a7737 testClass = BoardRepositoryTest, testInstance = org.waldreg.repository.board.BoardRepositoryTest@a5b0b86, testMethod = [null], testException = [null], mergedContextConfiguration = [MergedContextConfiguration@5b7ea70d testClass = BoardRepositoryTest, locations = '{}', classes = '{class org.waldreg.repository.board.MemoryBoardRepository, class org.waldreg.repository.MemoryBoardStorage, class org.waldreg.repository.user.MemoryUserRepository, class org.waldreg.repository.MemoryUserStorage, class org.waldreg.repository.character.MemoryCharacterRepository, class org.waldreg.repository.MemoryCharacterStorage, class org.waldreg.repository.board.BoardMapper, class org.waldreg.repository.user.UserMapper, class org.waldreg.repository.character.CharacterMapper}', contextInitializerClasses = '[]', activeProfiles = '{}', propertySourceLocations = '{}', propertySourceProperties = '{}', contextCustomizers = set[org.springframework.boot.test.autoconfigure.actuate.metrics.MetricsExportContextCustomizerFactory$DisableMetricExportContextCustomizer@6035b93b, org.springframework.boot.test.autoconfigure.properties.PropertyMappingContextCustomizer@0, org.springframework.boot.test.autoconfigure.web.servlet.WebDriverContextCustomizerFactory$Customizer@57fd91c9, org.springframework.boot.test.context.filter.ExcludeFilterContextCustomizer@565b064f, org.springframework.boot.test.json.DuplicateJsonObjectContextCustomizerFactory$DuplicateJsonObjectContextCustomizer@62163b39, org.springframework.boot.test.mock.mockito.MockitoContextCustomizer@0], contextLoader = 'org.springframework.test.context.support.DelegatingSmartContextLoader', parent = [null]], attributes = map['org.springframework.test.context.event.ApplicationEventsTestExecutionListener.recordApplicationEvents' -> false]]].
16:30:04.759 [Test worker] DEBUG org.springframework.test.context.support.AbstractDelegatingSmartContextLoader - Delegating to AnnotationConfigContextLoader to load context from [MergedContextConfiguration@5b7ea70d testClass = BoardRepositoryTest, locations = '{}', classes = '{class org.waldreg.repository.board.MemoryBoardRepository, class org.waldreg.repository.MemoryBoardStorage, class org.waldreg.repository.user.MemoryUserRepository, class org.waldreg.repository.MemoryUserStorage, class org.waldreg.repository.character.MemoryCharacterRepository, class org.waldreg.repository.MemoryCharacterStorage, class org.waldreg.repository.board.BoardMapper, class org.waldreg.repository.user.UserMapper, class org.waldreg.repository.character.CharacterMapper}', contextInitializerClasses = '[]', activeProfiles = '{}', propertySourceLocations = '{}', propertySourceProperties = '{}', contextCustomizers = set[org.springframework.boot.test.autoconfigure.actuate.metrics.MetricsExportContextCustomizerFactory$DisableMetricExportContextCustomizer@6035b93b, org.springframework.boot.test.autoconfigure.properties.PropertyMappingContextCustomizer@0, org.springframework.boot.test.autoconfigure.web.servlet.WebDriverContextCustomizerFactory$Customizer@57fd91c9, org.springframework.boot.test.context.filter.ExcludeFilterContextCustomizer@565b064f, org.springframework.boot.test.json.DuplicateJsonObjectContextCustomizerFactory$DuplicateJsonObjectContextCustomizer@62163b39, org.springframework.boot.test.mock.mockito.MockitoContextCustomizer@0], contextLoader = 'org.springframework.test.context.support.DelegatingSmartContextLoader', parent = [null]].
16:30:04.760 [Test worker] DEBUG org.springframework.test.context.support.AbstractGenericContextLoader - Loading ApplicationContext for merged context configuration [[MergedContextConfiguration@5b7ea70d testClass = BoardRepositoryTest, locations = '{}', classes = '{class org.waldreg.repository.board.MemoryBoardRepository, class org.waldreg.repository.MemoryBoardStorage, class org.waldreg.repository.user.MemoryUserRepository, class org.waldreg.repository.MemoryUserStorage, class org.waldreg.repository.character.MemoryCharacterRepository, class org.waldreg.repository.MemoryCharacterStorage, class org.waldreg.repository.board.BoardMapper, class org.waldreg.repository.user.UserMapper, class org.waldreg.repository.character.CharacterMapper}', contextInitializerClasses = '[]', activeProfiles = '{}', propertySourceLocations = '{}', propertySourceProperties = '{}', contextCustomizers = set[org.springframework.boot.test.autoconfigure.actuate.metrics.MetricsExportContextCustomizerFactory$DisableMetricExportContextCustomizer@6035b93b, org.springframework.boot.test.autoconfigure.properties.PropertyMappingContextCustomizer@0, org.springframework.boot.test.autoconfigure.web.servlet.WebDriverContextCustomizerFactory$Customizer@57fd91c9, org.springframework.boot.test.context.filter.ExcludeFilterContextCustomizer@565b064f, org.springframework.boot.test.json.DuplicateJsonObjectContextCustomizerFactory$DuplicateJsonObjectContextCustomizer@62163b39, org.springframework.boot.test.mock.mockito.MockitoContextCustomizer@0], contextLoader = 'org.springframework.test.context.support.DelegatingSmartContextLoader', parent = [null]]].
16:30:04.790 [Test worker] DEBUG org.springframework.core.env.StandardEnvironment - Activating profiles []
16:30:04.791 [Test worker] DEBUG org.springframework.test.context.support.AnnotationConfigContextLoader - Registering component classes: {class org.waldreg.repository.board.MemoryBoardRepository, class org.waldreg.repository.MemoryBoardStorage, class org.waldreg.repository.user.MemoryUserRepository, class org.waldreg.repository.MemoryUserStorage, class org.waldreg.repository.character.MemoryCharacterRepository, class org.waldreg.repository.MemoryCharacterStorage, class org.waldreg.repository.board.BoardMapper, class org.waldreg.repository.user.UserMapper, class org.waldreg.repository.character.CharacterMapper}
16:30:04.829 [Test worker] DEBUG org.springframework.context.support.GenericApplicationContext - Refreshing org.springframework.context.support.GenericApplicationContext@50eca7c6
16:30:04.841 [Test worker] DEBUG org.springframework.beans.factory.support.DefaultListableBeanFactory - Creating shared instance of singleton bean 'org.springframework.context.annotation.internalConfigurationAnnotationProcessor'
16:30:04.877 [Test worker] DEBUG org.springframework.beans.factory.support.DefaultListableBeanFactory - Creating shared instance of singleton bean 'org.springframework.boot.test.mock.mockito.MockitoPostProcessor'
16:30:04.902 [Test worker] DEBUG org.springframework.beans.factory.support.DefaultListableBeanFactory - Creating shared instance of singleton bean 'org.springframework.context.event.internalEventListenerProcessor'
16:30:04.904 [Test worker] DEBUG org.springframework.beans.factory.support.DefaultListableBeanFactory - Creating shared instance of singleton bean 'org.springframework.context.event.internalEventListenerFactory'
16:30:04.905 [Test worker] DEBUG org.springframework.beans.factory.support.DefaultListableBeanFactory - Creating shared instance of singleton bean 'org.springframework.context.annotation.internalAutowiredAnnotationProcessor'
16:30:04.907 [Test worker] DEBUG org.springframework.beans.factory.support.DefaultListableBeanFactory - Creating shared instance of singleton bean 'org.springframework.context.annotation.internalCommonAnnotationProcessor'
16:30:04.910 [Test worker] DEBUG org.springframework.beans.factory.support.DefaultListableBeanFactory - Creating shared instance of singleton bean 'org.springframework.boot.test.mock.mockito.MockitoPostProcessor$SpyPostProcessor'
16:30:04.920 [Test worker] DEBUG org.springframework.beans.factory.support.DefaultListableBeanFactory - Creating shared instance of singleton bean 'memoryBoardRepository'
16:30:04.931 [Test worker] DEBUG org.springframework.beans.factory.support.DefaultListableBeanFactory - Creating shared instance of singleton bean 'memoryBoardStorage'
16:30:04.954 [Test worker] DEBUG org.springframework.beans.factory.support.DefaultListableBeanFactory - Creating shared instance of singleton bean 'memoryUserStorage'
16:30:04.956 [Test worker] DEBUG org.springframework.beans.factory.support.DefaultListableBeanFactory - Creating shared instance of singleton bean 'memoryCharacterStorage'
16:30:04.957 [Test worker] DEBUG org.springframework.beans.factory.support.DefaultListableBeanFactory - Autowiring by type from bean name 'memoryUserStorage' via constructor to bean named 'memoryCharacterStorage'
16:30:04.960 [Test worker] DEBUG org.springframework.beans.factory.support.DefaultListableBeanFactory - Creating shared instance of singleton bean 'boardMapper'
16:30:04.961 [Test worker] DEBUG org.springframework.beans.factory.support.DefaultListableBeanFactory - Autowiring by type from bean name 'memoryBoardRepository' via constructor to bean named 'memoryBoardStorage'
16:30:04.961 [Test worker] DEBUG org.springframework.beans.factory.support.DefaultListableBeanFactory - Autowiring by type from bean name 'memoryBoardRepository' via constructor to bean named 'memoryUserStorage'
16:30:04.961 [Test worker] DEBUG org.springframework.beans.factory.support.DefaultListableBeanFactory - Autowiring by type from bean name 'memoryBoardRepository' via constructor to bean named 'boardMapper'
16:30:04.965 [Test worker] DEBUG org.springframework.beans.factory.support.DefaultListableBeanFactory - Creating shared instance of singleton bean 'memoryUserRepository'
16:30:04.966 [Test worker] DEBUG org.springframework.beans.factory.support.DefaultListableBeanFactory - Creating shared instance of singleton bean 'userMapper'
16:30:04.970 [Test worker] DEBUG org.springframework.beans.factory.support.DefaultListableBeanFactory - Autowiring by type from bean name 'memoryUserRepository' via constructor to bean named 'userMapper'
16:30:04.970 [Test worker] DEBUG org.springframework.beans.factory.support.DefaultListableBeanFactory - Autowiring by type from bean name 'memoryUserRepository' via constructor to bean named 'memoryUserStorage'
16:30:04.970 [Test worker] DEBUG org.springframework.beans.factory.support.DefaultListableBeanFactory - Autowiring by type from bean name 'memoryUserRepository' via constructor to bean named 'memoryCharacterStorage'
16:30:04.971 [Test worker] DEBUG org.springframework.beans.factory.support.DefaultListableBeanFactory - Creating shared instance of singleton bean 'memoryCharacterRepository'
16:30:04.973 [Test worker] DEBUG org.springframework.beans.factory.support.DefaultListableBeanFactory - Creating shared instance of singleton bean 'characterMapper'
16:30:04.974 [Test worker] DEBUG org.springframework.beans.factory.support.DefaultListableBeanFactory - Autowiring by type from bean name 'memoryCharacterRepository' via constructor to bean named 'memoryCharacterStorage'
16:30:04.974 [Test worker] DEBUG org.springframework.beans.factory.support.DefaultListableBeanFactory - Autowiring by type from bean name 'memoryCharacterRepository' via constructor to bean named 'memoryUserStorage'
16:30:04.974 [Test worker] DEBUG org.springframework.beans.factory.support.DefaultListableBeanFactory - Autowiring by type from bean name 'memoryCharacterRepository' via constructor to bean named 'characterMapper'
16:30:04.988 [Test worker] DEBUG org.springframework.test.context.cache.DefaultCacheAwareContextLoaderDelegate - Storing ApplicationContext [1357686726] in cache under key [[MergedContextConfiguration@5b7ea70d testClass = BoardRepositoryTest, locations = '{}', classes = '{class org.waldreg.repository.board.MemoryBoardRepository, class org.waldreg.repository.MemoryBoardStorage, class org.waldreg.repository.user.MemoryUserRepository, class org.waldreg.repository.MemoryUserStorage, class org.waldreg.repository.character.MemoryCharacterRepository, class org.waldreg.repository.MemoryCharacterStorage, class org.waldreg.repository.board.BoardMapper, class org.waldreg.repository.user.UserMapper, class org.waldreg.repository.character.CharacterMapper}', contextInitializerClasses = '[]', activeProfiles = '{}', propertySourceLocations = '{}', propertySourceProperties = '{}', contextCustomizers = set[org.springframework.boot.test.autoconfigure.actuate.metrics.MetricsExportContextCustomizerFactory$DisableMetricExportContextCustomizer@6035b93b, org.springframework.boot.test.autoconfigure.properties.PropertyMappingContextCustomizer@0, org.springframework.boot.test.autoconfigure.web.servlet.WebDriverContextCustomizerFactory$Customizer@57fd91c9, org.springframework.boot.test.context.filter.ExcludeFilterContextCustomizer@565b064f, org.springframework.boot.test.json.DuplicateJsonObjectContextCustomizerFactory$DuplicateJsonObjectContextCustomizer@62163b39, org.springframework.boot.test.mock.mockito.MockitoContextCustomizer@0], contextLoader = 'org.springframework.test.context.support.DelegatingSmartContextLoader', parent = [null]]]
16:30:04.988 [Test worker] DEBUG org.springframework.test.context.cache - Spring test ApplicationContext cache statistics: [DefaultContextCache@64a1923a size = 1, maxSize = 32, parentContextCount = 0, hitCount = 0, missCount = 1]
16:30:04.994 [Test worker] DEBUG org.springframework.test.context.cache.DefaultCacheAwareContextLoaderDelegate - Retrieved ApplicationContext [1357686726] from cache with key [[MergedContextConfiguration@5b7ea70d testClass = BoardRepositoryTest, locations = '{}', classes = '{class org.waldreg.repository.board.MemoryBoardRepository, class org.waldreg.repository.MemoryBoardStorage, class org.waldreg.repository.user.MemoryUserRepository, class org.waldreg.repository.MemoryUserStorage, class org.waldreg.repository.character.MemoryCharacterRepository, class org.waldreg.repository.MemoryCharacterStorage, class org.waldreg.repository.board.BoardMapper, class org.waldreg.repository.user.UserMapper, class org.waldreg.repository.character.CharacterMapper}', contextInitializerClasses = '[]', activeProfiles = '{}', propertySourceLocations = '{}', propertySourceProperties = '{}', contextCustomizers = set[org.springframework.boot.test.autoconfigure.actuate.metrics.MetricsExportContextCustomizerFactory$DisableMetricExportContextCustomizer@6035b93b, org.springframework.boot.test.autoconfigure.properties.PropertyMappingContextCustomizer@0, org.springframework.boot.test.autoconfigure.web.servlet.WebDriverContextCustomizerFactory$Customizer@57fd91c9, org.springframework.boot.test.context.filter.ExcludeFilterContextCustomizer@565b064f, org.springframework.boot.test.json.DuplicateJsonObjectContextCustomizerFactory$DuplicateJsonObjectContextCustomizer@62163b39, org.springframework.boot.test.mock.mockito.MockitoContextCustomizer@0], contextLoader = 'org.springframework.test.context.support.DelegatingSmartContextLoader', parent = [null]]]
16:30:04.994 [Test worker] DEBUG org.springframework.test.context.cache - Spring test ApplicationContext cache statistics: [DefaultContextCache@64a1923a size = 1, maxSize = 32, parentContextCount = 0, hitCount = 1, missCount = 1]
16:30:05.000 [Test worker] DEBUG org.springframework.test.context.support.AbstractDirtiesContextTestExecutionListener - Before test method: context [DefaultTestContext@652a7737 testClass = BoardRepositoryTest, testInstance = org.waldreg.repository.board.BoardRepositoryTest@a5b0b86, testMethod = CREATE_NEW_BOARD_SUCCESS_TEST@BoardRepositoryTest, testException = [null], mergedContextConfiguration = [MergedContextConfiguration@5b7ea70d testClass = BoardRepositoryTest, locations = '{}', classes = '{class org.waldreg.repository.board.MemoryBoardRepository, class org.waldreg.repository.MemoryBoardStorage, class org.waldreg.repository.user.MemoryUserRepository, class org.waldreg.repository.MemoryUserStorage, class org.waldreg.repository.character.MemoryCharacterRepository, class org.waldreg.repository.MemoryCharacterStorage, class org.waldreg.repository.board.BoardMapper, class org.waldreg.repository.user.UserMapper, class org.waldreg.repository.character.CharacterMapper}', contextInitializerClasses = '[]', activeProfiles = '{}', propertySourceLocations = '{}', propertySourceProperties = '{}', contextCustomizers = set[org.springframework.boot.test.autoconfigure.actuate.metrics.MetricsExportContextCustomizerFactory$DisableMetricExportContextCustomizer@6035b93b, org.springframework.boot.test.autoconfigure.properties.PropertyMappingContextCustomizer@0, org.springframework.boot.test.autoconfigure.web.servlet.WebDriverContextCustomizerFactory$Customizer@57fd91c9, org.springframework.boot.test.context.filter.ExcludeFilterContextCustomizer@565b064f, org.springframework.boot.test.json.DuplicateJsonObjectContextCustomizerFactory$DuplicateJsonObjectContextCustomizer@62163b39, org.springframework.boot.test.mock.mockito.MockitoContextCustomizer@0], contextLoader = 'org.springframework.test.context.support.DelegatingSmartContextLoader', parent = [null]], attributes = map['org.springframework.test.context.event.ApplicationEventsTestExecutionListener.recordApplicationEvents' -> false]], class annotated with @DirtiesContext [false] with mode [null], method annotated with @DirtiesContext [false] with mode [null].
16:30:05.000 [Test worker] DEBUG org.springframework.test.context.cache.DefaultCacheAwareContextLoaderDelegate - Retrieved ApplicationContext [1357686726] from cache with key [[MergedContextConfiguration@5b7ea70d testClass = BoardRepositoryTest, locations = '{}', classes = '{class org.waldreg.repository.board.MemoryBoardRepository, class org.waldreg.repository.MemoryBoardStorage, class org.waldreg.repository.user.MemoryUserRepository, class org.waldreg.repository.MemoryUserStorage, class org.waldreg.repository.character.MemoryCharacterRepository, class org.waldreg.repository.MemoryCharacterStorage, class org.waldreg.repository.board.BoardMapper, class org.waldreg.repository.user.UserMapper, class org.waldreg.repository.character.CharacterMapper}', contextInitializerClasses = '[]', activeProfiles = '{}', propertySourceLocations = '{}', propertySourceProperties = '{}', contextCustomizers = set[org.springframework.boot.test.autoconfigure.actuate.metrics.MetricsExportContextCustomizerFactory$DisableMetricExportContextCustomizer@6035b93b, org.springframework.boot.test.autoconfigure.properties.PropertyMappingContextCustomizer@0, org.springframework.boot.test.autoconfigure.web.servlet.WebDriverContextCustomizerFactory$Customizer@57fd91c9, org.springframework.boot.test.context.filter.ExcludeFilterContextCustomizer@565b064f, org.springframework.boot.test.json.DuplicateJsonObjectContextCustomizerFactory$DuplicateJsonObjectContextCustomizer@62163b39, org.springframework.boot.test.mock.mockito.MockitoContextCustomizer@0], contextLoader = 'org.springframework.test.context.support.DelegatingSmartContextLoader', parent = [null]]]
16:30:05.000 [Test worker] DEBUG org.springframework.test.context.cache - Spring test ApplicationContext cache statistics: [DefaultContextCache@64a1923a size = 1, maxSize = 32, parentContextCount = 0, hitCount = 2, missCount = 1]
16:30:05.001 [Test worker] DEBUG org.springframework.test.context.cache.DefaultCacheAwareContextLoaderDelegate - Retrieved ApplicationContext [1357686726] from cache with key [[MergedContextConfiguration@5b7ea70d testClass = BoardRepositoryTest, locations = '{}', classes = '{class org.waldreg.repository.board.MemoryBoardRepository, class org.waldreg.repository.MemoryBoardStorage, class org.waldreg.repository.user.MemoryUserRepository, class org.waldreg.repository.MemoryUserStorage, class org.waldreg.repository.character.MemoryCharacterRepository, class org.waldreg.repository.MemoryCharacterStorage, class org.waldreg.repository.board.BoardMapper, class org.waldreg.repository.user.UserMapper, class org.waldreg.repository.character.CharacterMapper}', contextInitializerClasses = '[]', activeProfiles = '{}', propertySourceLocations = '{}', propertySourceProperties = '{}', contextCustomizers = set[org.springframework.boot.test.autoconfigure.actuate.metrics.MetricsExportContextCustomizerFactory$DisableMetricExportContextCustomizer@6035b93b, org.springframework.boot.test.autoconfigure.properties.PropertyMappingContextCustomizer@0, org.springframework.boot.test.autoconfigure.web.servlet.WebDriverContextCustomizerFactory$Customizer@57fd91c9, org.springframework.boot.test.context.filter.ExcludeFilterContextCustomizer@565b064f, org.springframework.boot.test.json.DuplicateJsonObjectContextCustomizerFactory$DuplicateJsonObjectContextCustomizer@62163b39, org.springframework.boot.test.mock.mockito.MockitoContextCustomizer@0], contextLoader = 'org.springframework.test.context.support.DelegatingSmartContextLoader', parent = [null]]]
16:30:05.001 [Test worker] DEBUG org.springframework.test.context.cache - Spring test ApplicationContext cache statistics: [DefaultContextCache@64a1923a size = 1, maxSize = 32, parentContextCount = 0, hitCount = 3, missCount = 1]
16:30:05.347 [Test worker] DEBUG org.springframework.test.context.cache.DefaultCacheAwareContextLoaderDelegate - Retrieved ApplicationContext [1357686726] from cache with key [[MergedContextConfiguration@5b7ea70d testClass = BoardRepositoryTest, locations = '{}', classes = '{class org.waldreg.repository.board.MemoryBoardRepository, class org.waldreg.repository.MemoryBoardStorage, class org.waldreg.repository.user.MemoryUserRepository, class org.waldreg.repository.MemoryUserStorage, class org.waldreg.repository.character.MemoryCharacterRepository, class org.waldreg.repository.MemoryCharacterStorage, class org.waldreg.repository.board.BoardMapper, class org.waldreg.repository.user.UserMapper, class org.waldreg.repository.character.CharacterMapper}', contextInitializerClasses = '[]', activeProfiles = '{}', propertySourceLocations = '{}', propertySourceProperties = '{}', contextCustomizers = set[org.springframework.boot.test.autoconfigure.actuate.metrics.MetricsExportContextCustomizerFactory$DisableMetricExportContextCustomizer@6035b93b, org.springframework.boot.test.autoconfigure.properties.PropertyMappingContextCustomizer@0, org.springframework.boot.test.autoconfigure.web.servlet.WebDriverContextCustomizerFactory$Customizer@57fd91c9, org.springframework.boot.test.context.filter.ExcludeFilterContextCustomizer@565b064f, org.springframework.boot.test.json.DuplicateJsonObjectContextCustomizerFactory$DuplicateJsonObjectContextCustomizer@62163b39, org.springframework.boot.test.mock.mockito.MockitoContextCustomizer@0], contextLoader = 'org.springframework.test.context.support.DelegatingSmartContextLoader', parent = [null]]]
16:30:05.347 [Test worker] DEBUG org.springframework.test.context.cache - Spring test ApplicationContext cache statistics: [DefaultContextCache@64a1923a size = 1, maxSize = 32, parentContextCount = 0, hitCount = 4, missCount = 1]
16:30:05.369 [Test worker] DEBUG org.springframework.test.context.cache.DefaultCacheAwareContextLoaderDelegate - Retrieved ApplicationContext [1357686726] from cache with key [[MergedContextConfiguration@5b7ea70d testClass = BoardRepositoryTest, locations = '{}', classes = '{class org.waldreg.repository.board.MemoryBoardRepository, class org.waldreg.repository.MemoryBoardStorage, class org.waldreg.repository.user.MemoryUserRepository, class org.waldreg.repository.MemoryUserStorage, class org.waldreg.repository.character.MemoryCharacterRepository, class org.waldreg.repository.MemoryCharacterStorage, class org.waldreg.repository.board.BoardMapper, class org.waldreg.repository.user.UserMapper, class org.waldreg.repository.character.CharacterMapper}', contextInitializerClasses = '[]', activeProfiles = '{}', propertySourceLocations = '{}', propertySourceProperties = '{}', contextCustomizers = set[org.springframework.boot.test.autoconfigure.actuate.metrics.MetricsExportContextCustomizerFactory$DisableMetricExportContextCustomizer@6035b93b, org.springframework.boot.test.autoconfigure.properties.PropertyMappingContextCustomizer@0, org.springframework.boot.test.autoconfigure.web.servlet.WebDriverContextCustomizerFactory$Customizer@57fd91c9, org.springframework.boot.test.context.filter.ExcludeFilterContextCustomizer@565b064f, org.springframework.boot.test.json.DuplicateJsonObjectContextCustomizerFactory$DuplicateJsonObjectContextCustomizer@62163b39, org.springframework.boot.test.mock.mockito.MockitoContextCustomizer@0], contextLoader = 'org.springframework.test.context.support.DelegatingSmartContextLoader', parent = [null]]]
16:30:05.369 [Test worker] DEBUG org.springframework.test.context.cache - Spring test ApplicationContext cache statistics: [DefaultContextCache@64a1923a size = 1, maxSize = 32, parentContextCount = 0, hitCount = 5, missCount = 1]
16:30:05.371 [Test worker] DEBUG org.springframework.test.context.cache.DefaultCacheAwareContextLoaderDelegate - Retrieved ApplicationContext [1357686726] from cache with key [[MergedContextConfiguration@5b7ea70d testClass = BoardRepositoryTest, locations = '{}', classes = '{class org.waldreg.repository.board.MemoryBoardRepository, class org.waldreg.repository.MemoryBoardStorage, class org.waldreg.repository.user.MemoryUserRepository, class org.waldreg.repository.MemoryUserStorage, class org.waldreg.repository.character.MemoryCharacterRepository, class org.waldreg.repository.MemoryCharacterStorage, class org.waldreg.repository.board.BoardMapper, class org.waldreg.repository.user.UserMapper, class org.waldreg.repository.character.CharacterMapper}', contextInitializerClasses = '[]', activeProfiles = '{}', propertySourceLocations = '{}', propertySourceProperties = '{}', contextCustomizers = set[org.springframework.boot.test.autoconfigure.actuate.metrics.MetricsExportContextCustomizerFactory$DisableMetricExportContextCustomizer@6035b93b, org.springframework.boot.test.autoconfigure.properties.PropertyMappingContextCustomizer@0, org.springframework.boot.test.autoconfigure.web.servlet.WebDriverContextCustomizerFactory$Customizer@57fd91c9, org.springframework.boot.test.context.filter.ExcludeFilterContextCustomizer@565b064f, org.springframework.boot.test.json.DuplicateJsonObjectContextCustomizerFactory$DuplicateJsonObjectContextCustomizer@62163b39, org.springframework.boot.test.mock.mockito.MockitoContextCustomizer@0], contextLoader = 'org.springframework.test.context.support.DelegatingSmartContextLoader', parent = [null]]]
16:30:05.371 [Test worker] DEBUG org.springframework.test.context.cache - Spring test ApplicationContext cache statistics: [DefaultContextCache@64a1923a size = 1, maxSize = 32, parentContextCount = 0, hitCount = 6, missCount = 1]
16:30:05.372 [Test worker] DEBUG org.springframework.test.context.cache.DefaultCacheAwareContextLoaderDelegate - Retrieved ApplicationContext [1357686726] from cache with key [[MergedContextConfiguration@5b7ea70d testClass = BoardRepositoryTest, locations = '{}', classes = '{class org.waldreg.repository.board.MemoryBoardRepository, class org.waldreg.repository.MemoryBoardStorage, class org.waldreg.repository.user.MemoryUserRepository, class org.waldreg.repository.MemoryUserStorage, class org.waldreg.repository.character.MemoryCharacterRepository, class org.waldreg.repository.MemoryCharacterStorage, class org.waldreg.repository.board.BoardMapper, class org.waldreg.repository.user.UserMapper, class org.waldreg.repository.character.CharacterMapper}', contextInitializerClasses = '[]', activeProfiles = '{}', propertySourceLocations = '{}', propertySourceProperties = '{}', contextCustomizers = set[org.springframework.boot.test.autoconfigure.actuate.metrics.MetricsExportContextCustomizerFactory$DisableMetricExportContextCustomizer@6035b93b, org.springframework.boot.test.autoconfigure.properties.PropertyMappingContextCustomizer@0, org.springframework.boot.test.autoconfigure.web.servlet.WebDriverContextCustomizerFactory$Customizer@57fd91c9, org.springframework.boot.test.context.filter.ExcludeFilterContextCustomizer@565b064f, org.springframework.boot.test.json.DuplicateJsonObjectContextCustomizerFactory$DuplicateJsonObjectContextCustomizer@62163b39, org.springframework.boot.test.mock.mockito.MockitoContextCustomizer@0], contextLoader = 'org.springframework.test.context.support.DelegatingSmartContextLoader', parent = [null]]]
16:30:05.372 [Test worker] DEBUG org.springframework.test.context.cache - Spring test ApplicationContext cache statistics: [DefaultContextCache@64a1923a size = 1, maxSize = 32, parentContextCount = 0, hitCount = 7, missCount = 1]
16:30:05.372 [Test worker] DEBUG org.springframework.test.context.cache.DefaultCacheAwareContextLoaderDelegate - Retrieved ApplicationContext [1357686726] from cache with key [[MergedContextConfiguration@5b7ea70d testClass = BoardRepositoryTest, locations = '{}', classes = '{class org.waldreg.repository.board.MemoryBoardRepository, class org.waldreg.repository.MemoryBoardStorage, class org.waldreg.repository.user.MemoryUserRepository, class org.waldreg.repository.MemoryUserStorage, class org.waldreg.repository.character.MemoryCharacterRepository, class org.waldreg.repository.MemoryCharacterStorage, class org.waldreg.repository.board.BoardMapper, class org.waldreg.repository.user.UserMapper, class org.waldreg.repository.character.CharacterMapper}', contextInitializerClasses = '[]', activeProfiles = '{}', propertySourceLocations = '{}', propertySourceProperties = '{}', contextCustomizers = set[org.springframework.boot.test.autoconfigure.actuate.metrics.MetricsExportContextCustomizerFactory$DisableMetricExportContextCustomizer@6035b93b, org.springframework.boot.test.autoconfigure.properties.PropertyMappingContextCustomizer@0, org.springframework.boot.test.autoconfigure.web.servlet.WebDriverContextCustomizerFactory$Customizer@57fd91c9, org.springframework.boot.test.context.filter.ExcludeFilterContextCustomizer@565b064f, org.springframework.boot.test.json.DuplicateJsonObjectContextCustomizerFactory$DuplicateJsonObjectContextCustomizer@62163b39, org.springframework.boot.test.mock.mockito.MockitoContextCustomizer@0], contextLoader = 'org.springframework.test.context.support.DelegatingSmartContextLoader', parent = [null]]]
16:30:05.372 [Test worker] DEBUG org.springframework.test.context.cache - Spring test ApplicationContext cache statistics: [DefaultContextCache@64a1923a size = 1, maxSize = 32, parentContextCount = 0, hitCount = 8, missCount = 1]
16:30:05.373 [Test worker] DEBUG org.springframework.test.context.cache.DefaultCacheAwareContextLoaderDelegate - Retrieved ApplicationContext [1357686726] from cache with key [[MergedContextConfiguration@5b7ea70d testClass = BoardRepositoryTest, locations = '{}', classes = '{class org.waldreg.repository.board.MemoryBoardRepository, class org.waldreg.repository.MemoryBoardStorage, class org.waldreg.repository.user.MemoryUserRepository, class org.waldreg.repository.MemoryUserStorage, class org.waldreg.repository.character.MemoryCharacterRepository, class org.waldreg.repository.MemoryCharacterStorage, class org.waldreg.repository.board.BoardMapper, class org.waldreg.repository.user.UserMapper, class org.waldreg.repository.character.CharacterMapper}', contextInitializerClasses = '[]', activeProfiles = '{}', propertySourceLocations = '{}', propertySourceProperties = '{}', contextCustomizers = set[org.springframework.boot.test.autoconfigure.actuate.metrics.MetricsExportContextCustomizerFactory$DisableMetricExportContextCustomizer@6035b93b, org.springframework.boot.test.autoconfigure.properties.PropertyMappingContextCustomizer@0, org.springframework.boot.test.autoconfigure.web.servlet.WebDriverContextCustomizerFactory$Customizer@57fd91c9, org.springframework.boot.test.context.filter.ExcludeFilterContextCustomizer@565b064f, org.springframework.boot.test.json.DuplicateJsonObjectContextCustomizerFactory$DuplicateJsonObjectContextCustomizer@62163b39, org.springframework.boot.test.mock.mockito.MockitoContextCustomizer@0], contextLoader = 'org.springframework.test.context.support.DelegatingSmartContextLoader', parent = [null]]]
16:30:05.373 [Test worker] DEBUG org.springframework.test.context.cache - Spring test ApplicationContext cache statistics: [DefaultContextCache@64a1923a size = 1, maxSize = 32, parentContextCount = 0, hitCount = 9, missCount = 1]
16:30:05.375 [Test worker] DEBUG org.springframework.test.context.cache.DefaultCacheAwareContextLoaderDelegate - Retrieved ApplicationContext [1357686726] from cache with key [[MergedContextConfiguration@5b7ea70d testClass = BoardRepositoryTest, locations = '{}', classes = '{class org.waldreg.repository.board.MemoryBoardRepository, class org.waldreg.repository.MemoryBoardStorage, class org.waldreg.repository.user.MemoryUserRepository, class org.waldreg.repository.MemoryUserStorage, class org.waldreg.repository.character.MemoryCharacterRepository, class org.waldreg.repository.MemoryCharacterStorage, class org.waldreg.repository.board.BoardMapper, class org.waldreg.repository.user.UserMapper, class org.waldreg.repository.character.CharacterMapper}', contextInitializerClasses = '[]', activeProfiles = '{}', propertySourceLocations = '{}', propertySourceProperties = '{}', contextCustomizers = set[org.springframework.boot.test.autoconfigure.actuate.metrics.MetricsExportContextCustomizerFactory$DisableMetricExportContextCustomizer@6035b93b, org.springframework.boot.test.autoconfigure.properties.PropertyMappingContextCustomizer@0, org.springframework.boot.test.autoconfigure.web.servlet.WebDriverContextCustomizerFactory$Customizer@57fd91c9, org.springframework.boot.test.context.filter.ExcludeFilterContextCustomizer@565b064f, org.springframework.boot.test.json.DuplicateJsonObjectContextCustomizerFactory$DuplicateJsonObjectContextCustomizer@62163b39, org.springframework.boot.test.mock.mockito.MockitoContextCustomizer@0], contextLoader = 'org.springframework.test.context.support.DelegatingSmartContextLoader', parent = [null]]]
16:30:05.375 [Test worker] DEBUG org.springframework.test.context.cache - Spring test ApplicationContext cache statistics: [DefaultContextCache@64a1923a size = 1, maxSize = 32, parentContextCount = 0, hitCount = 10, missCount = 1]
16:30:05.376 [Test worker] DEBUG org.springframework.test.context.support.AbstractDirtiesContextTestExecutionListener - After test method: context [DefaultTestContext@652a7737 testClass = BoardRepositoryTest, testInstance = org.waldreg.repository.board.BoardRepositoryTest@a5b0b86, testMethod = CREATE_NEW_BOARD_SUCCESS_TEST@BoardRepositoryTest, testException = [null], mergedContextConfiguration = [MergedContextConfiguration@5b7ea70d testClass = BoardRepositoryTest, locations = '{}', classes = '{class org.waldreg.repository.board.MemoryBoardRepository, class org.waldreg.repository.MemoryBoardStorage, class org.waldreg.repository.user.MemoryUserRepository, class org.waldreg.repository.MemoryUserStorage, class org.waldreg.repository.character.MemoryCharacterRepository, class org.waldreg.repository.MemoryCharacterStorage, class org.waldreg.repository.board.BoardMapper, class org.waldreg.repository.user.UserMapper, class org.waldreg.repository.character.CharacterMapper}', contextInitializerClasses = '[]', activeProfiles = '{}', propertySourceLocations = '{}', propertySourceProperties = '{}', contextCustomizers = set[org.springframework.boot.test.autoconfigure.actuate.metrics.MetricsExportContextCustomizerFactory$DisableMetricExportContextCustomizer@6035b93b, org.springframework.boot.test.autoconfigure.properties.PropertyMappingContextCustomizer@0, org.springframework.boot.test.autoconfigure.web.servlet.WebDriverContextCustomizerFactory$Customizer@57fd91c9, org.springframework.boot.test.context.filter.ExcludeFilterContextCustomizer@565b064f, org.springframework.boot.test.json.DuplicateJsonObjectContextCustomizerFactory$DuplicateJsonObjectContextCustomizer@62163b39, org.springframework.boot.test.mock.mockito.MockitoContextCustomizer@0], contextLoader = 'org.springframework.test.context.support.DelegatingSmartContextLoader', parent = [null]], attributes = map['org.springframework.test.context.event.ApplicationEventsTestExecutionListener.recordApplicationEvents' -> false]], class annotated with @DirtiesContext [false] with mode [null], method annotated with @DirtiesContext [false] with mode [null].
16:30:05.381 [Test worker] DEBUG org.springframework.test.context.support.DependencyInjectionTestExecutionListener - Performing dependency injection for test context [[DefaultTestContext@652a7737 testClass = BoardRepositoryTest, testInstance = org.waldreg.repository.board.BoardRepositoryTest@51a8313b, testMethod = [null], testException = [null], mergedContextConfiguration = [MergedContextConfiguration@5b7ea70d testClass = BoardRepositoryTest, locations = '{}', classes = '{class org.waldreg.repository.board.MemoryBoardRepository, class org.waldreg.repository.MemoryBoardStorage, class org.waldreg.repository.user.MemoryUserRepository, class org.waldreg.repository.MemoryUserStorage, class org.waldreg.repository.character.MemoryCharacterRepository, class org.waldreg.repository.MemoryCharacterStorage, class org.waldreg.repository.board.BoardMapper, class org.waldreg.repository.user.UserMapper, class org.waldreg.repository.character.CharacterMapper}', contextInitializerClasses = '[]', activeProfiles = '{}', propertySourceLocations = '{}', propertySourceProperties = '{}', contextCustomizers = set[org.springframework.boot.test.autoconfigure.actuate.metrics.MetricsExportContextCustomizerFactory$DisableMetricExportContextCustomizer@6035b93b, org.springframework.boot.test.autoconfigure.properties.PropertyMappingContextCustomizer@0, org.springframework.boot.test.autoconfigure.web.servlet.WebDriverContextCustomizerFactory$Customizer@57fd91c9, org.springframework.boot.test.context.filter.ExcludeFilterContextCustomizer@565b064f, org.springframework.boot.test.json.DuplicateJsonObjectContextCustomizerFactory$DuplicateJsonObjectContextCustomizer@62163b39, org.springframework.boot.test.mock.mockito.MockitoContextCustomizer@0], contextLoader = 'org.springframework.test.context.support.DelegatingSmartContextLoader', parent = [null]], attributes = map['org.springframework.test.context.event.ApplicationEventsTestExecutionListener.recordApplicationEvents' -> false]]].
16:30:05.382 [Test worker] DEBUG org.springframework.test.context.cache.DefaultCacheAwareContextLoaderDelegate - Retrieved ApplicationContext [1357686726] from cache with key [[MergedContextConfiguration@5b7ea70d testClass = BoardRepositoryTest, locations = '{}', classes = '{class org.waldreg.repository.board.MemoryBoardRepository, class org.waldreg.repository.MemoryBoardStorage, class org.waldreg.repository.user.MemoryUserRepository, class org.waldreg.repository.MemoryUserStorage, class org.waldreg.repository.character.MemoryCharacterRepository, class org.waldreg.repository.MemoryCharacterStorage, class org.waldreg.repository.board.BoardMapper, class org.waldreg.repository.user.UserMapper, class org.waldreg.repository.character.CharacterMapper}', contextInitializerClasses = '[]', activeProfiles = '{}', propertySourceLocations = '{}', propertySourceProperties = '{}', contextCustomizers = set[org.springframework.boot.test.autoconfigure.actuate.metrics.MetricsExportContextCustomizerFactory$DisableMetricExportContextCustomizer@6035b93b, org.springframework.boot.test.autoconfigure.properties.PropertyMappingContextCustomizer@0, org.springframework.boot.test.autoconfigure.web.servlet.WebDriverContextCustomizerFactory$Customizer@57fd91c9, org.springframework.boot.test.context.filter.ExcludeFilterContextCustomizer@565b064f, org.springframework.boot.test.json.DuplicateJsonObjectContextCustomizerFactory$DuplicateJsonObjectContextCustomizer@62163b39, org.springframework.boot.test.mock.mockito.MockitoContextCustomizer@0], contextLoader = 'org.springframework.test.context.support.DelegatingSmartContextLoader', parent = [null]]]
16:30:05.382 [Test worker] DEBUG org.springframework.test.context.cache - Spring test ApplicationContext cache statistics: [DefaultContextCache@64a1923a size = 1, maxSize = 32, parentContextCount = 0, hitCount = 11, missCount = 1]
16:30:05.383 [Test worker] DEBUG org.springframework.test.context.cache.DefaultCacheAwareContextLoaderDelegate - Retrieved ApplicationContext [1357686726] from cache with key [[MergedContextConfiguration@5b7ea70d testClass = BoardRepositoryTest, locations = '{}', classes = '{class org.waldreg.repository.board.MemoryBoardRepository, class org.waldreg.repository.MemoryBoardStorage, class org.waldreg.repository.user.MemoryUserRepository, class org.waldreg.repository.MemoryUserStorage, class org.waldreg.repository.character.MemoryCharacterRepository, class org.waldreg.repository.MemoryCharacterStorage, class org.waldreg.repository.board.BoardMapper, class org.waldreg.repository.user.UserMapper, class org.waldreg.repository.character.CharacterMapper}', contextInitializerClasses = '[]', activeProfiles = '{}', propertySourceLocations = '{}', propertySourceProperties = '{}', contextCustomizers = set[org.springframework.boot.test.autoconfigure.actuate.metrics.MetricsExportContextCustomizerFactory$DisableMetricExportContextCustomizer@6035b93b, org.springframework.boot.test.autoconfigure.properties.PropertyMappingContextCustomizer@0, org.springframework.boot.test.autoconfigure.web.servlet.WebDriverContextCustomizerFactory$Customizer@57fd91c9, org.springframework.boot.test.context.filter.ExcludeFilterContextCustomizer@565b064f, org.springframework.boot.test.json.DuplicateJsonObjectContextCustomizerFactory$DuplicateJsonObjectContextCustomizer@62163b39, org.springframework.boot.test.mock.mockito.MockitoContextCustomizer@0], contextLoader = 'org.springframework.test.context.support.DelegatingSmartContextLoader', parent = [null]]]
16:30:05.383 [Test worker] DEBUG org.springframework.test.context.cache - Spring test ApplicationContext cache statistics: [DefaultContextCache@64a1923a size = 1, maxSize = 32, parentContextCount = 0, hitCount = 12, missCount = 1]
16:30:05.386 [Test worker] DEBUG org.springframework.test.context.support.AbstractDirtiesContextTestExecutionListener - Before test method: context [DefaultTestContext@652a7737 testClass = BoardRepositoryTest, testInstance = org.waldreg.repository.board.BoardRepositoryTest@51a8313b, testMethod = INQUIRY_BOARD_BY_ID_SUCCESS_TEST@BoardRepositoryTest, testException = [null], mergedContextConfiguration = [MergedContextConfiguration@5b7ea70d testClass = BoardRepositoryTest, locations = '{}', classes = '{class org.waldreg.repository.board.MemoryBoardRepository, class org.waldreg.repository.MemoryBoardStorage, class org.waldreg.repository.user.MemoryUserRepository, class org.waldreg.repository.MemoryUserStorage, class org.waldreg.repository.character.MemoryCharacterRepository, class org.waldreg.repository.MemoryCharacterStorage, class org.waldreg.repository.board.BoardMapper, class org.waldreg.repository.user.UserMapper, class org.waldreg.repository.character.CharacterMapper}', contextInitializerClasses = '[]', activeProfiles = '{}', propertySourceLocations = '{}', propertySourceProperties = '{}', contextCustomizers = set[org.springframework.boot.test.autoconfigure.actuate.metrics.MetricsExportContextCustomizerFactory$DisableMetricExportContextCustomizer@6035b93b, org.springframework.boot.test.autoconfigure.properties.PropertyMappingContextCustomizer@0, org.springframework.boot.test.autoconfigure.web.servlet.WebDriverContextCustomizerFactory$Customizer@57fd91c9, org.springframework.boot.test.context.filter.ExcludeFilterContextCustomizer@565b064f, org.springframework.boot.test.json.DuplicateJsonObjectContextCustomizerFactory$DuplicateJsonObjectContextCustomizer@62163b39, org.springframework.boot.test.mock.mockito.MockitoContextCustomizer@0], contextLoader = 'org.springframework.test.context.support.DelegatingSmartContextLoader', parent = [null]], attributes = map['org.springframework.test.context.event.ApplicationEventsTestExecutionListener.recordApplicationEvents' -> false]], class annotated with @DirtiesContext [false] with mode [null], method annotated with @DirtiesContext [false] with mode [null].
16:30:05.386 [Test worker] DEBUG org.springframework.test.context.cache.DefaultCacheAwareContextLoaderDelegate - Retrieved ApplicationContext [1357686726] from cache with key [[MergedContextConfiguration@5b7ea70d testClass = BoardRepositoryTest, locations = '{}', classes = '{class org.waldreg.repository.board.MemoryBoardRepository, class org.waldreg.repository.MemoryBoardStorage, class org.waldreg.repository.user.MemoryUserRepository, class org.waldreg.repository.MemoryUserStorage, class org.waldreg.repository.character.MemoryCharacterRepository, class org.waldreg.repository.MemoryCharacterStorage, class org.waldreg.repository.board.BoardMapper, class org.waldreg.repository.user.UserMapper, class org.waldreg.repository.character.CharacterMapper}', contextInitializerClasses = '[]', activeProfiles = '{}', propertySourceLocations = '{}', propertySourceProperties = '{}', contextCustomizers = set[org.springframework.boot.test.autoconfigure.actuate.metrics.MetricsExportContextCustomizerFactory$DisableMetricExportContextCustomizer@6035b93b, org.springframework.boot.test.autoconfigure.properties.PropertyMappingContextCustomizer@0, org.springframework.boot.test.autoconfigure.web.servlet.WebDriverContextCustomizerFactory$Customizer@57fd91c9, org.springframework.boot.test.context.filter.ExcludeFilterContextCustomizer@565b064f, org.springframework.boot.test.json.DuplicateJsonObjectContextCustomizerFactory$DuplicateJsonObjectContextCustomizer@62163b39, org.springframework.boot.test.mock.mockito.MockitoContextCustomizer@0], contextLoader = 'org.springframework.test.context.support.DelegatingSmartContextLoader', parent = [null]]]
16:30:05.386 [Test worker] DEBUG org.springframework.test.context.cache - Spring test ApplicationContext cache statistics: [DefaultContextCache@64a1923a size = 1, maxSize = 32, parentContextCount = 0, hitCount = 13, missCount = 1]
16:30:05.386 [Test worker] DEBUG org.springframework.test.context.cache.DefaultCacheAwareContextLoaderDelegate - Retrieved ApplicationContext [1357686726] from cache with key [[MergedContextConfiguration@5b7ea70d testClass = BoardRepositoryTest, locations = '{}', classes = '{class org.waldreg.repository.board.MemoryBoardRepository, class org.waldreg.repository.MemoryBoardStorage, class org.waldreg.repository.user.MemoryUserRepository, class org.waldreg.repository.MemoryUserStorage, class org.waldreg.repository.character.MemoryCharacterRepository, class org.waldreg.repository.MemoryCharacterStorage, class org.waldreg.repository.board.BoardMapper, class org.waldreg.repository.user.UserMapper, class org.waldreg.repository.character.CharacterMapper}', contextInitializerClasses = '[]', activeProfiles = '{}', propertySourceLocations = '{}', propertySourceProperties = '{}', contextCustomizers = set[org.springframework.boot.test.autoconfigure.actuate.metrics.MetricsExportContextCustomizerFactory$DisableMetricExportContextCustomizer@6035b93b, org.springframework.boot.test.autoconfigure.properties.PropertyMappingContextCustomizer@0, org.springframework.boot.test.autoconfigure.web.servlet.WebDriverContextCustomizerFactory$Customizer@57fd91c9, org.springframework.boot.test.context.filter.ExcludeFilterContextCustomizer@565b064f, org.springframework.boot.test.json.DuplicateJsonObjectContextCustomizerFactory$DuplicateJsonObjectContextCustomizer@62163b39, org.springframework.boot.test.mock.mockito.MockitoContextCustomizer@0], contextLoader = 'org.springframework.test.context.support.DelegatingSmartContextLoader', parent = [null]]]
16:30:05.387 [Test worker] DEBUG org.springframework.test.context.cache - Spring test ApplicationContext cache statistics: [DefaultContextCache@64a1923a size = 1, maxSize = 32, parentContextCount = 0, hitCount = 14, missCount = 1]
16:30:05.388 [Test worker] DEBUG org.springframework.test.context.cache.DefaultCacheAwareContextLoaderDelegate - Retrieved ApplicationContext [1357686726] from cache with key [[MergedContextConfiguration@5b7ea70d testClass = BoardRepositoryTest, locations = '{}', classes = '{class org.waldreg.repository.board.MemoryBoardRepository, class org.waldreg.repository.MemoryBoardStorage, class org.waldreg.repository.user.MemoryUserRepository, class org.waldreg.repository.MemoryUserStorage, class org.waldreg.repository.character.MemoryCharacterRepository, class org.waldreg.repository.MemoryCharacterStorage, class org.waldreg.repository.board.BoardMapper, class org.waldreg.repository.user.UserMapper, class org.waldreg.repository.character.CharacterMapper}', contextInitializerClasses = '[]', activeProfiles = '{}', propertySourceLocations = '{}', propertySourceProperties = '{}', contextCustomizers = set[org.springframework.boot.test.autoconfigure.actuate.metrics.MetricsExportContextCustomizerFactory$DisableMetricExportContextCustomizer@6035b93b, org.springframework.boot.test.autoconfigure.properties.PropertyMappingContextCustomizer@0, org.springframework.boot.test.autoconfigure.web.servlet.WebDriverContextCustomizerFactory$Customizer@57fd91c9, org.springframework.boot.test.context.filter.ExcludeFilterContextCustomizer@565b064f, org.springframework.boot.test.json.DuplicateJsonObjectContextCustomizerFactory$DuplicateJsonObjectContextCustomizer@62163b39, org.springframework.boot.test.mock.mockito.MockitoContextCustomizer@0], contextLoader = 'org.springframework.test.context.support.DelegatingSmartContextLoader', parent = [null]]]
16:30:05.388 [Test worker] DEBUG org.springframework.test.context.cache - Spring test ApplicationContext cache statistics: [DefaultContextCache@64a1923a size = 1, maxSize = 32, parentContextCount = 0, hitCount = 15, missCount = 1]
&&&&&&2023-02-03T16:30:05.388198500
16:30:05.395 [Test worker] DEBUG org.springframework.test.context.cache.DefaultCacheAwareContextLoaderDelegate - Retrieved ApplicationContext [1357686726] from cache with key [[MergedContextConfiguration@5b7ea70d testClass = BoardRepositoryTest, locations = '{}', classes = '{class org.waldreg.repository.board.MemoryBoardRepository, class org.waldreg.repository.MemoryBoardStorage, class org.waldreg.repository.user.MemoryUserRepository, class org.waldreg.repository.MemoryUserStorage, class org.waldreg.repository.character.MemoryCharacterRepository, class org.waldreg.repository.MemoryCharacterStorage, class org.waldreg.repository.board.BoardMapper, class org.waldreg.repository.user.UserMapper, class org.waldreg.repository.character.CharacterMapper}', contextInitializerClasses = '[]', activeProfiles = '{}', propertySourceLocations = '{}', propertySourceProperties = '{}', contextCustomizers = set[org.springframework.boot.test.autoconfigure.actuate.metrics.MetricsExportContextCustomizerFactory$DisableMetricExportContextCustomizer@6035b93b, org.springframework.boot.test.autoconfigure.properties.PropertyMappingContextCustomizer@0, org.springframework.boot.test.autoconfigure.web.servlet.WebDriverContextCustomizerFactory$Customizer@57fd91c9, org.springframework.boot.test.context.filter.ExcludeFilterContextCustomizer@565b064f, org.springframework.boot.test.json.DuplicateJsonObjectContextCustomizerFactory$DuplicateJsonObjectContextCustomizer@62163b39, org.springframework.boot.test.mock.mockito.MockitoContextCustomizer@0], contextLoader = 'org.springframework.test.context.support.DelegatingSmartContextLoader', parent = [null]]]
16:30:05.398 [Test worker] DEBUG org.springframework.test.context.cache - Spring test ApplicationContext cache statistics: [DefaultContextCache@64a1923a size = 1, maxSize = 32, parentContextCount = 0, hitCount = 16, missCount = 1]
16:30:05.400 [Test worker] DEBUG org.springframework.test.context.cache.DefaultCacheAwareContextLoaderDelegate - Retrieved ApplicationContext [1357686726] from cache with key [[MergedContextConfiguration@5b7ea70d testClass = BoardRepositoryTest, locations = '{}', classes = '{class org.waldreg.repository.board.MemoryBoardRepository, class org.waldreg.repository.MemoryBoardStorage, class org.waldreg.repository.user.MemoryUserRepository, class org.waldreg.repository.MemoryUserStorage, class org.waldreg.repository.character.MemoryCharacterRepository, class org.waldreg.repository.MemoryCharacterStorage, class org.waldreg.repository.board.BoardMapper, class org.waldreg.repository.user.UserMapper, class org.waldreg.repository.character.CharacterMapper}', contextInitializerClasses = '[]', activeProfiles = '{}', propertySourceLocations = '{}', propertySourceProperties = '{}', contextCustomizers = set[org.springframework.boot.test.autoconfigure.actuate.metrics.MetricsExportContextCustomizerFactory$DisableMetricExportContextCustomizer@6035b93b, org.springframework.boot.test.autoconfigure.properties.PropertyMappingContextCustomizer@0, org.springframework.boot.test.autoconfigure.web.servlet.WebDriverContextCustomizerFactory$Customizer@57fd91c9, org.springframework.boot.test.context.filter.ExcludeFilterContextCustomizer@565b064f, org.springframework.boot.test.json.DuplicateJsonObjectContextCustomizerFactory$DuplicateJsonObjectContextCustomizer@62163b39, org.springframework.boot.test.mock.mockito.MockitoContextCustomizer@0], contextLoader = 'org.springframework.test.context.support.DelegatingSmartContextLoader', parent = [null]]]
16:30:05.401 [Test worker] DEBUG org.springframework.test.context.cache - Spring test ApplicationContext cache statistics: [DefaultContextCache@64a1923a size = 1, maxSize = 32, parentContextCount = 0, hitCount = 17, missCount = 1]
16:30:05.401 [Test worker] DEBUG org.springframework.test.context.cache.DefaultCacheAwareContextLoaderDelegate - Retrieved ApplicationContext [1357686726] from cache with key [[MergedContextConfiguration@5b7ea70d testClass = BoardRepositoryTest, locations = '{}', classes = '{class org.waldreg.repository.board.MemoryBoardRepository, class org.waldreg.repository.MemoryBoardStorage, class org.waldreg.repository.user.MemoryUserRepository, class org.waldreg.repository.MemoryUserStorage, class org.waldreg.repository.character.MemoryCharacterRepository, class org.waldreg.repository.MemoryCharacterStorage, class org.waldreg.repository.board.BoardMapper, class org.waldreg.repository.user.UserMapper, class org.waldreg.repository.character.CharacterMapper}', contextInitializerClasses = '[]', activeProfiles = '{}', propertySourceLocations = '{}', propertySourceProperties = '{}', contextCustomizers = set[org.springframework.boot.test.autoconfigure.actuate.metrics.MetricsExportContextCustomizerFactory$DisableMetricExportContextCustomizer@6035b93b, org.springframework.boot.test.autoconfigure.properties.PropertyMappingContextCustomizer@0, org.springframework.boot.test.autoconfigure.web.servlet.WebDriverContextCustomizerFactory$Customizer@57fd91c9, org.springframework.boot.test.context.filter.ExcludeFilterContextCustomizer@565b064f, org.springframework.boot.test.json.DuplicateJsonObjectContextCustomizerFactory$DuplicateJsonObjectContextCustomizer@62163b39, org.springframework.boot.test.mock.mockito.MockitoContextCustomizer@0], contextLoader = 'org.springframework.test.context.support.DelegatingSmartContextLoader', parent = [null]]]
16:30:05.402 [Test worker] DEBUG org.springframework.test.context.cache - Spring test ApplicationContext cache statistics: [DefaultContextCache@64a1923a size = 1, maxSize = 32, parentContextCount = 0, hitCount = 18, missCount = 1]
16:30:05.402 [Test worker] DEBUG org.springframework.test.context.cache.DefaultCacheAwareContextLoaderDelegate - Retrieved ApplicationContext [1357686726] from cache with key [[MergedContextConfiguration@5b7ea70d testClass = BoardRepositoryTest, locations = '{}', classes = '{class org.waldreg.repository.board.MemoryBoardRepository, class org.waldreg.repository.MemoryBoardStorage, class org.waldreg.repository.user.MemoryUserRepository, class org.waldreg.repository.MemoryUserStorage, class org.waldreg.repository.character.MemoryCharacterRepository, class org.waldreg.repository.MemoryCharacterStorage, class org.waldreg.repository.board.BoardMapper, class org.waldreg.repository.user.UserMapper, class org.waldreg.repository.character.CharacterMapper}', contextInitializerClasses = '[]', activeProfiles = '{}', propertySourceLocations = '{}', propertySourceProperties = '{}', contextCustomizers = set[org.springframework.boot.test.autoconfigure.actuate.metrics.MetricsExportContextCustomizerFactory$DisableMetricExportContextCustomizer@6035b93b, org.springframework.boot.test.autoconfigure.properties.PropertyMappingContextCustomizer@0, org.springframework.boot.test.autoconfigure.web.servlet.WebDriverContextCustomizerFactory$Customizer@57fd91c9, org.springframework.boot.test.context.filter.ExcludeFilterContextCustomizer@565b064f, org.springframework.boot.test.json.DuplicateJsonObjectContextCustomizerFactory$DuplicateJsonObjectContextCustomizer@62163b39, org.springframework.boot.test.mock.mockito.MockitoContextCustomizer@0], contextLoader = 'org.springframework.test.context.support.DelegatingSmartContextLoader', parent = [null]]]
16:30:05.403 [Test worker] DEBUG org.springframework.test.context.cache - Spring test ApplicationContext cache statistics: [DefaultContextCache@64a1923a size = 1, maxSize = 32, parentContextCount = 0, hitCount = 19, missCount = 1]
16:30:05.403 [Test worker] DEBUG org.springframework.test.context.cache.DefaultCacheAwareContextLoaderDelegate - Retrieved ApplicationContext [1357686726] from cache with key [[MergedContextConfiguration@5b7ea70d testClass = BoardRepositoryTest, locations = '{}', classes = '{class org.waldreg.repository.board.MemoryBoardRepository, class org.waldreg.repository.MemoryBoardStorage, class org.waldreg.repository.user.MemoryUserRepository, class org.waldreg.repository.MemoryUserStorage, class org.waldreg.repository.character.MemoryCharacterRepository, class org.waldreg.repository.MemoryCharacterStorage, class org.waldreg.repository.board.BoardMapper, class org.waldreg.repository.user.UserMapper, class org.waldreg.repository.character.CharacterMapper}', contextInitializerClasses = '[]', activeProfiles = '{}', propertySourceLocations = '{}', propertySourceProperties = '{}', contextCustomizers = set[org.springframework.boot.test.autoconfigure.actuate.metrics.MetricsExportContextCustomizerFactory$DisableMetricExportContextCustomizer@6035b93b, org.springframework.boot.test.autoconfigure.properties.PropertyMappingContextCustomizer@0, org.springframework.boot.test.autoconfigure.web.servlet.WebDriverContextCustomizerFactory$Customizer@57fd91c9, org.springframework.boot.test.context.filter.ExcludeFilterContextCustomizer@565b064f, org.springframework.boot.test.json.DuplicateJsonObjectContextCustomizerFactory$DuplicateJsonObjectContextCustomizer@62163b39, org.springframework.boot.test.mock.mockito.MockitoContextCustomizer@0], contextLoader = 'org.springframework.test.context.support.DelegatingSmartContextLoader', parent = [null]]]
16:30:05.403 [Test worker] DEBUG org.springframework.test.context.cache - Spring test ApplicationContext cache statistics: [DefaultContextCache@64a1923a size = 1, maxSize = 32, parentContextCount = 0, hitCount = 20, missCount = 1]
16:30:05.405 [Test worker] DEBUG org.springframework.test.context.cache.DefaultCacheAwareContextLoaderDelegate - Retrieved ApplicationContext [1357686726] from cache with key [[MergedContextConfiguration@5b7ea70d testClass = BoardRepositoryTest, locations = '{}', classes = '{class org.waldreg.repository.board.MemoryBoardRepository, class org.waldreg.repository.MemoryBoardStorage, class org.waldreg.repository.user.MemoryUserRepository, class org.waldreg.repository.MemoryUserStorage, class org.waldreg.repository.character.MemoryCharacterRepository, class org.waldreg.repository.MemoryCharacterStorage, class org.waldreg.repository.board.BoardMapper, class org.waldreg.repository.user.UserMapper, class org.waldreg.repository.character.CharacterMapper}', contextInitializerClasses = '[]', activeProfiles = '{}', propertySourceLocations = '{}', propertySourceProperties = '{}', contextCustomizers = set[org.springframework.boot.test.autoconfigure.actuate.metrics.MetricsExportContextCustomizerFactory$DisableMetricExportContextCustomizer@6035b93b, org.springframework.boot.test.autoconfigure.properties.PropertyMappingContextCustomizer@0, org.springframework.boot.test.autoconfigure.web.servlet.WebDriverContextCustomizerFactory$Customizer@57fd91c9, org.springframework.boot.test.context.filter.ExcludeFilterContextCustomizer@565b064f, org.springframework.boot.test.json.DuplicateJsonObjectContextCustomizerFactory$DuplicateJsonObjectContextCustomizer@62163b39, org.springframework.boot.test.mock.mockito.MockitoContextCustomizer@0], contextLoader = 'org.springframework.test.context.support.DelegatingSmartContextLoader', parent = [null]]]
16:30:05.405 [Test worker] DEBUG org.springframework.test.context.cache - Spring test ApplicationContext cache statistics: [DefaultContextCache@64a1923a size = 1, maxSize = 32, parentContextCount = 0, hitCount = 21, missCount = 1]
16:30:05.406 [Test worker] DEBUG org.springframework.test.context.support.AbstractDirtiesContextTestExecutionListener - After test method: context [DefaultTestContext@652a7737 testClass = BoardRepositoryTest, testInstance = org.waldreg.repository.board.BoardRepositoryTest@51a8313b, testMethod = INQUIRY_BOARD_BY_ID_SUCCESS_TEST@BoardRepositoryTest, testException = org.opentest4j.MultipleFailuresError: Multiple Failures (3 failures)
	org.opentest4j.AssertionFailedError: expected: <null> but was: <2023-02-03T16:30:05.388198500>
	org.opentest4j.AssertionFailedError: expected: <null> but was: <2023-02-03T16:30:05.388198500>
	java.lang.NullPointerException: <no message>, mergedContextConfiguration = [MergedContextConfiguration@5b7ea70d testClass = BoardRepositoryTest, locations = '{}', classes = '{class org.waldreg.repository.board.MemoryBoardRepository, class org.waldreg.repository.MemoryBoardStorage, class org.waldreg.repository.user.MemoryUserRepository, class org.waldreg.repository.MemoryUserStorage, class org.waldreg.repository.character.MemoryCharacterRepository, class org.waldreg.repository.MemoryCharacterStorage, class org.waldreg.repository.board.BoardMapper, class org.waldreg.repository.user.UserMapper, class org.waldreg.repository.character.CharacterMapper}', contextInitializerClasses = '[]', activeProfiles = '{}', propertySourceLocations = '{}', propertySourceProperties = '{}', contextCustomizers = set[org.springframework.boot.test.autoconfigure.actuate.metrics.MetricsExportContextCustomizerFactory$DisableMetricExportContextCustomizer@6035b93b, org.springframework.boot.test.autoconfigure.properties.PropertyMappingContextCustomizer@0, org.springframework.boot.test.autoconfigure.web.servlet.WebDriverContextCustomizerFactory$Customizer@57fd91c9, org.springframework.boot.test.context.filter.ExcludeFilterContextCustomizer@565b064f, org.springframework.boot.test.json.DuplicateJsonObjectContextCustomizerFactory$DuplicateJsonObjectContextCustomizer@62163b39, org.springframework.boot.test.mock.mockito.MockitoContextCustomizer@0], contextLoader = 'org.springframework.test.context.support.DelegatingSmartContextLoader', parent = [null]], attributes = map['org.springframework.test.context.event.ApplicationEventsTestExecutionListener.recordApplicationEvents' -> false]], class annotated with @DirtiesContext [false] with mode [null], method annotated with @DirtiesContext [false] with mode [null].
16:30:05.414 [Test worker] DEBUG org.springframework.test.context.cache.DefaultCacheAwareContextLoaderDelegate - Retrieved ApplicationContext [1357686726] from cache with key [[MergedContextConfiguration@5b7ea70d testClass = BoardRepositoryTest, locations = '{}', classes = '{class org.waldreg.repository.board.MemoryBoardRepository, class org.waldreg.repository.MemoryBoardStorage, class org.waldreg.repository.user.MemoryUserRepository, class org.waldreg.repository.MemoryUserStorage, class org.waldreg.repository.character.MemoryCharacterRepository, class org.waldreg.repository.MemoryCharacterStorage, class org.waldreg.repository.board.BoardMapper, class org.waldreg.repository.user.UserMapper, class org.waldreg.repository.character.CharacterMapper}', contextInitializerClasses = '[]', activeProfiles = '{}', propertySourceLocations = '{}', propertySourceProperties = '{}', contextCustomizers = set[org.springframework.boot.test.autoconfigure.actuate.metrics.MetricsExportContextCustomizerFactory$DisableMetricExportContextCustomizer@6035b93b, org.springframework.boot.test.autoconfigure.properties.PropertyMappingContextCustomizer@0, org.springframework.boot.test.autoconfigure.web.servlet.WebDriverContextCustomizerFactory$Customizer@57fd91c9, org.springframework.boot.test.context.filter.ExcludeFilterContextCustomizer@565b064f, org.springframework.boot.test.json.DuplicateJsonObjectContextCustomizerFactory$DuplicateJsonObjectContextCustomizer@62163b39, org.springframework.boot.test.mock.mockito.MockitoContextCustomizer@0], contextLoader = 'org.springframework.test.context.support.DelegatingSmartContextLoader', parent = [null]]]
16:30:05.415 [Test worker] DEBUG org.springframework.test.context.cache - Spring test ApplicationContext cache statistics: [DefaultContextCache@64a1923a size = 1, maxSize = 32, parentContextCount = 0, hitCount = 22, missCount = 1]
16:30:05.415 [Test worker] DEBUG org.springframework.test.context.support.AbstractDirtiesContextTestExecutionListener - After test class: context [DefaultTestContext@652a7737 testClass = BoardRepositoryTest, testInstance = [null], testMethod = [null], testException = [null], mergedContextConfiguration = [MergedContextConfiguration@5b7ea70d testClass = BoardRepositoryTest, locations = '{}', classes = '{class org.waldreg.repository.board.MemoryBoardRepository, class org.waldreg.repository.MemoryBoardStorage, class org.waldreg.repository.user.MemoryUserRepository, class org.waldreg.repository.MemoryUserStorage, class org.waldreg.repository.character.MemoryCharacterRepository, class org.waldreg.repository.MemoryCharacterStorage, class org.waldreg.repository.board.BoardMapper, class org.waldreg.repository.user.UserMapper, class org.waldreg.repository.character.CharacterMapper}', contextInitializerClasses = '[]', activeProfiles = '{}', propertySourceLocations = '{}', propertySourceProperties = '{}', contextCustomizers = set[org.springframework.boot.test.autoconfigure.actuate.metrics.MetricsExportContextCustomizerFactory$DisableMetricExportContextCustomizer@6035b93b, org.springframework.boot.test.autoconfigure.properties.PropertyMappingContextCustomizer@0, org.springframework.boot.test.autoconfigure.web.servlet.WebDriverContextCustomizerFactory$Customizer@57fd91c9, org.springframework.boot.test.context.filter.ExcludeFilterContextCustomizer@565b064f, org.springframework.boot.test.json.DuplicateJsonObjectContextCustomizerFactory$DuplicateJsonObjectContextCustomizer@62163b39, org.springframework.boot.test.mock.mockito.MockitoContextCustomizer@0], contextLoader = 'org.springframework.test.context.support.DelegatingSmartContextLoader', parent = [null]], attributes = map['org.springframework.test.context.event.ApplicationEventsTestExecutionListener.recordApplicationEvents' -> false]], class annotated with @DirtiesContext [false] with mode [null].
]]></system-out>
  <system-err><![CDATA[]]></system-err>
</testsuite>
