<?xml version="1.0" encoding="UTF-8"?>
<testsuite name="org.waldreg.repository.character.AuthRepositoryTest" tests="3" skipped="0" failures="0" errors="0" timestamp="2023-01-18T09:48:02" hostname="xb-apple.local" time="0.022">
  <properties/>
  <testcase name="유저 조회 실패 password 불일치 테스트" classname="org.waldreg.repository.character.AuthRepositoryTest" time="0.014"/>
  <testcase name="유저 id, password 로 조회 성공 테스트" classname="org.waldreg.repository.character.AuthRepositoryTest" time="0.003"/>
  <testcase name="id로 유저 조회 테스트" classname="org.waldreg.repository.character.AuthRepositoryTest" time="0.002"/>
  <system-out><![CDATA[18:48:02.627 [Test worker] DEBUG org.springframework.test.context.BootstrapUtils - Instantiating CacheAwareContextLoaderDelegate from class [org.springframework.test.context.cache.DefaultCacheAwareContextLoaderDelegate]
18:48:02.631 [Test worker] DEBUG org.springframework.test.context.BootstrapUtils - Instantiating BootstrapContext using constructor [public org.springframework.test.context.support.DefaultBootstrapContext(java.lang.Class,org.springframework.test.context.CacheAwareContextLoaderDelegate)]
18:48:02.639 [Test worker] DEBUG org.springframework.test.context.BootstrapUtils - Instantiating TestContextBootstrapper for test class [org.waldreg.repository.character.AuthRepositoryTest] from class [org.springframework.test.context.support.DefaultTestContextBootstrapper]
18:48:02.645 [Test worker] DEBUG org.springframework.test.context.support.AbstractDelegatingSmartContextLoader - Delegating to AnnotationConfigContextLoader to process context configuration [ContextConfigurationAttributes@2d778add declaringClass = 'org.waldreg.repository.character.AuthRepositoryTest', classes = '{class org.waldreg.repository.auth.MemoryAuthRepository, class org.waldreg.repository.MemoryUserStorage}', locations = '{}', inheritLocations = true, initializers = '{}', inheritInitializers = true, name = [null], contextLoaderClass = 'org.springframework.test.context.ContextLoader'].
18:48:02.659 [Test worker] DEBUG org.springframework.test.context.support.ActiveProfilesUtils - Could not find an 'annotation declaring class' for annotation type [org.springframework.test.context.ActiveProfiles] and class [org.waldreg.repository.character.AuthRepositoryTest]
18:48:02.659 [Test worker] DEBUG org.springframework.test.context.support.DefaultTestContextBootstrapper - @TestExecutionListeners is not present for class [org.waldreg.repository.character.AuthRepositoryTest]: using defaults.
18:48:02.659 [Test worker] INFO org.springframework.test.context.support.DefaultTestContextBootstrapper - Loaded default TestExecutionListener class names from location [META-INF/spring.factories]: [org.springframework.boot.test.autoconfigure.restdocs.RestDocsTestExecutionListener, org.springframework.boot.test.autoconfigure.web.client.MockRestServiceServerResetTestExecutionListener, org.springframework.boot.test.autoconfigure.web.servlet.MockMvcPrintOnlyOnFailureTestExecutionListener, org.springframework.boot.test.autoconfigure.web.servlet.WebDriverTestExecutionListener, org.springframework.boot.test.autoconfigure.webservices.client.MockWebServiceServerTestExecutionListener, org.springframework.boot.test.mock.mockito.MockitoTestExecutionListener, org.springframework.boot.test.mock.mockito.ResetMocksTestExecutionListener, org.springframework.test.context.web.ServletTestExecutionListener, org.springframework.test.context.support.DirtiesContextBeforeModesTestExecutionListener, org.springframework.test.context.event.ApplicationEventsTestExecutionListener, org.springframework.test.context.support.DependencyInjectionTestExecutionListener, org.springframework.test.context.support.DirtiesContextTestExecutionListener, org.springframework.test.context.transaction.TransactionalTestExecutionListener, org.springframework.test.context.jdbc.SqlScriptsTestExecutionListener, org.springframework.test.context.event.EventPublishingTestExecutionListener]
18:48:02.662 [Test worker] DEBUG org.springframework.test.context.support.DefaultTestContextBootstrapper - Skipping candidate TestExecutionListener [org.springframework.test.context.transaction.TransactionalTestExecutionListener] due to a missing dependency. Specify custom listener classes or make the default listener classes and their required dependencies available. Offending class: [org/springframework/transaction/interceptor/TransactionAttributeSource]
18:48:02.662 [Test worker] DEBUG org.springframework.test.context.support.DefaultTestContextBootstrapper - Skipping candidate TestExecutionListener [org.springframework.test.context.jdbc.SqlScriptsTestExecutionListener] due to a missing dependency. Specify custom listener classes or make the default listener classes and their required dependencies available. Offending class: [org/springframework/transaction/interceptor/TransactionAttribute]
18:48:02.662 [Test worker] INFO org.springframework.test.context.support.DefaultTestContextBootstrapper - Using TestExecutionListeners: [org.springframework.test.context.web.ServletTestExecutionListener@74f5ce22, org.springframework.test.context.support.DirtiesContextBeforeModesTestExecutionListener@25aca718, org.springframework.test.context.event.ApplicationEventsTestExecutionListener@16fdec90, org.springframework.boot.test.mock.mockito.MockitoTestExecutionListener@1afdd473, org.springframework.test.context.support.DependencyInjectionTestExecutionListener@40238dd0, org.springframework.test.context.support.DirtiesContextTestExecutionListener@7776ab, org.springframework.test.context.event.EventPublishingTestExecutionListener@79179359, org.springframework.boot.test.autoconfigure.restdocs.RestDocsTestExecutionListener@dbd8e44, org.springframework.boot.test.autoconfigure.web.client.MockRestServiceServerResetTestExecutionListener@51acdf2e, org.springframework.boot.test.autoconfigure.web.servlet.MockMvcPrintOnlyOnFailureTestExecutionListener@6a55299e, org.springframework.boot.test.autoconfigure.web.servlet.WebDriverTestExecutionListener@2f1de2d6, org.springframework.boot.test.autoconfigure.webservices.client.MockWebServiceServerTestExecutionListener@4eb386df, org.springframework.boot.test.mock.mockito.ResetMocksTestExecutionListener@79517588]
18:48:02.663 [Test worker] DEBUG org.springframework.test.context.support.AbstractDirtiesContextTestExecutionListener - Before test class: context [DefaultTestContext@4c51cf28 testClass = AuthRepositoryTest, testInstance = [null], testMethod = [null], testException = [null], mergedContextConfiguration = [MergedContextConfiguration@6995bf68 testClass = AuthRepositoryTest, locations = '{}', classes = '{class org.waldreg.repository.auth.MemoryAuthRepository, class org.waldreg.repository.MemoryUserStorage}', contextInitializerClasses = '[]', activeProfiles = '{}', propertySourceLocations = '{}', propertySourceProperties = '{}', contextCustomizers = set[org.springframework.boot.test.autoconfigure.actuate.metrics.MetricsExportContextCustomizerFactory$DisableMetricExportContextCustomizer@1fc32e4f, org.springframework.boot.test.autoconfigure.properties.PropertyMappingContextCustomizer@0, org.springframework.boot.test.autoconfigure.web.servlet.WebDriverContextCustomizerFactory$Customizer@5d066c7d, org.springframework.boot.test.context.filter.ExcludeFilterContextCustomizer@1603cd68, org.springframework.boot.test.json.DuplicateJsonObjectContextCustomizerFactory$DuplicateJsonObjectContextCustomizer@66c92293, org.springframework.boot.test.mock.mockito.MockitoContextCustomizer@307f9cca], contextLoader = 'org.springframework.test.context.support.DelegatingSmartContextLoader', parent = [null]], attributes = map[[empty]]], class annotated with @DirtiesContext [false] with mode [null].
18:48:02.666 [Test worker] DEBUG org.springframework.test.context.support.AbstractDelegatingSmartContextLoader - Delegating to AnnotationConfigContextLoader to load context from [MergedContextConfiguration@6995bf68 testClass = AuthRepositoryTest, locations = '{}', classes = '{class org.waldreg.repository.auth.MemoryAuthRepository, class org.waldreg.repository.MemoryUserStorage}', contextInitializerClasses = '[]', activeProfiles = '{}', propertySourceLocations = '{}', propertySourceProperties = '{}', contextCustomizers = set[org.springframework.boot.test.autoconfigure.actuate.metrics.MetricsExportContextCustomizerFactory$DisableMetricExportContextCustomizer@1fc32e4f, org.springframework.boot.test.autoconfigure.properties.PropertyMappingContextCustomizer@0, org.springframework.boot.test.autoconfigure.web.servlet.WebDriverContextCustomizerFactory$Customizer@5d066c7d, org.springframework.boot.test.context.filter.ExcludeFilterContextCustomizer@1603cd68, org.springframework.boot.test.json.DuplicateJsonObjectContextCustomizerFactory$DuplicateJsonObjectContextCustomizer@66c92293, org.springframework.boot.test.mock.mockito.MockitoContextCustomizer@307f9cca], contextLoader = 'org.springframework.test.context.support.DelegatingSmartContextLoader', parent = [null]].
18:48:02.666 [Test worker] DEBUG org.springframework.test.context.support.AbstractGenericContextLoader - Loading ApplicationContext for merged context configuration [[MergedContextConfiguration@6995bf68 testClass = AuthRepositoryTest, locations = '{}', classes = '{class org.waldreg.repository.auth.MemoryAuthRepository, class org.waldreg.repository.MemoryUserStorage}', contextInitializerClasses = '[]', activeProfiles = '{}', propertySourceLocations = '{}', propertySourceProperties = '{}', contextCustomizers = set[org.springframework.boot.test.autoconfigure.actuate.metrics.MetricsExportContextCustomizerFactory$DisableMetricExportContextCustomizer@1fc32e4f, org.springframework.boot.test.autoconfigure.properties.PropertyMappingContextCustomizer@0, org.springframework.boot.test.autoconfigure.web.servlet.WebDriverContextCustomizerFactory$Customizer@5d066c7d, org.springframework.boot.test.context.filter.ExcludeFilterContextCustomizer@1603cd68, org.springframework.boot.test.json.DuplicateJsonObjectContextCustomizerFactory$DuplicateJsonObjectContextCustomizer@66c92293, org.springframework.boot.test.mock.mockito.MockitoContextCustomizer@307f9cca], contextLoader = 'org.springframework.test.context.support.DelegatingSmartContextLoader', parent = [null]]].
18:48:02.676 [Test worker] DEBUG org.springframework.core.env.StandardEnvironment - Activating profiles []
18:48:02.676 [Test worker] DEBUG org.springframework.test.context.support.AnnotationConfigContextLoader - Registering component classes: {class org.waldreg.repository.auth.MemoryAuthRepository, class org.waldreg.repository.MemoryUserStorage}
18:48:02.686 [Test worker] DEBUG org.springframework.context.support.GenericApplicationContext - Refreshing org.springframework.context.support.GenericApplicationContext@76012793
18:48:02.689 [Test worker] DEBUG org.springframework.beans.factory.support.DefaultListableBeanFactory - Creating shared instance of singleton bean 'org.springframework.context.annotation.internalConfigurationAnnotationProcessor'
18:48:02.698 [Test worker] DEBUG org.springframework.beans.factory.support.DefaultListableBeanFactory - Creating shared instance of singleton bean 'org.springframework.boot.test.mock.mockito.MockitoPostProcessor'
18:48:02.857 [Test worker] DEBUG org.springframework.beans.factory.support.DefaultListableBeanFactory - Creating shared instance of singleton bean 'org.springframework.context.event.internalEventListenerProcessor'
18:48:02.857 [Test worker] DEBUG org.springframework.beans.factory.support.DefaultListableBeanFactory - Creating shared instance of singleton bean 'org.springframework.context.event.internalEventListenerFactory'
18:48:02.858 [Test worker] DEBUG org.springframework.beans.factory.support.DefaultListableBeanFactory - Creating shared instance of singleton bean 'org.springframework.context.annotation.internalAutowiredAnnotationProcessor'
18:48:02.858 [Test worker] DEBUG org.springframework.beans.factory.support.DefaultListableBeanFactory - Creating shared instance of singleton bean 'org.springframework.context.annotation.internalCommonAnnotationProcessor'
18:48:02.859 [Test worker] DEBUG org.springframework.beans.factory.support.DefaultListableBeanFactory - Creating shared instance of singleton bean 'org.springframework.boot.test.mock.mockito.MockitoPostProcessor$SpyPostProcessor'
18:48:02.862 [Test worker] DEBUG org.springframework.beans.factory.support.DefaultListableBeanFactory - Creating shared instance of singleton bean 'memoryAuthRepository'
18:48:02.865 [Test worker] DEBUG org.springframework.beans.factory.support.DefaultListableBeanFactory - Creating shared instance of singleton bean 'memoryUserStorage'
18:48:02.866 [Test worker] DEBUG org.springframework.beans.factory.support.DefaultListableBeanFactory - Autowiring by type from bean name 'memoryUserStorage' via constructor to bean named 'org.waldreg.repository.MemoryCharacterStorage#0'
18:48:02.870 [Test worker] DEBUG org.springframework.beans.factory.support.DefaultListableBeanFactory - Autowiring by type from bean name 'memoryAuthRepository' via constructor to bean named 'memoryUserStorage'
18:48:02.874 [Test worker] DEBUG org.springframework.test.context.cache.DefaultCacheAwareContextLoaderDelegate - Storing ApplicationContext [1979787155] in cache under key [[MergedContextConfiguration@6995bf68 testClass = AuthRepositoryTest, locations = '{}', classes = '{class org.waldreg.repository.auth.MemoryAuthRepository, class org.waldreg.repository.MemoryUserStorage}', contextInitializerClasses = '[]', activeProfiles = '{}', propertySourceLocations = '{}', propertySourceProperties = '{}', contextCustomizers = set[org.springframework.boot.test.autoconfigure.actuate.metrics.MetricsExportContextCustomizerFactory$DisableMetricExportContextCustomizer@1fc32e4f, org.springframework.boot.test.autoconfigure.properties.PropertyMappingContextCustomizer@0, org.springframework.boot.test.autoconfigure.web.servlet.WebDriverContextCustomizerFactory$Customizer@5d066c7d, org.springframework.boot.test.context.filter.ExcludeFilterContextCustomizer@1603cd68, org.springframework.boot.test.json.DuplicateJsonObjectContextCustomizerFactory$DuplicateJsonObjectContextCustomizer@66c92293, org.springframework.boot.test.mock.mockito.MockitoContextCustomizer@307f9cca], contextLoader = 'org.springframework.test.context.support.DelegatingSmartContextLoader', parent = [null]]]
18:48:02.874 [Test worker] DEBUG org.springframework.test.context.cache - Spring test ApplicationContext cache statistics: [DefaultContextCache@5acc9fdf size = 1, maxSize = 32, parentContextCount = 0, hitCount = 0, missCount = 1]
18:48:02.875 [Test worker] DEBUG org.springframework.test.context.support.DependencyInjectionTestExecutionListener - Performing dependency injection for test context [[DefaultTestContext@4c51cf28 testClass = AuthRepositoryTest, testInstance = org.waldreg.repository.character.AuthRepositoryTest@4b7c4456, testMethod = [null], testException = [null], mergedContextConfiguration = [MergedContextConfiguration@6995bf68 testClass = AuthRepositoryTest, locations = '{}', classes = '{class org.waldreg.repository.auth.MemoryAuthRepository, class org.waldreg.repository.MemoryUserStorage}', contextInitializerClasses = '[]', activeProfiles = '{}', propertySourceLocations = '{}', propertySourceProperties = '{}', contextCustomizers = set[org.springframework.boot.test.autoconfigure.actuate.metrics.MetricsExportContextCustomizerFactory$DisableMetricExportContextCustomizer@1fc32e4f, org.springframework.boot.test.autoconfigure.properties.PropertyMappingContextCustomizer@0, org.springframework.boot.test.autoconfigure.web.servlet.WebDriverContextCustomizerFactory$Customizer@5d066c7d, org.springframework.boot.test.context.filter.ExcludeFilterContextCustomizer@1603cd68, org.springframework.boot.test.json.DuplicateJsonObjectContextCustomizerFactory$DuplicateJsonObjectContextCustomizer@66c92293, org.springframework.boot.test.mock.mockito.MockitoContextCustomizer@307f9cca], contextLoader = 'org.springframework.test.context.support.DelegatingSmartContextLoader', parent = [null]], attributes = map['org.springframework.test.context.event.ApplicationEventsTestExecutionListener.recordApplicationEvents' -> false]]].
18:48:02.875 [Test worker] DEBUG org.springframework.test.context.cache.DefaultCacheAwareContextLoaderDelegate - Retrieved ApplicationContext [1979787155] from cache with key [[MergedContextConfiguration@6995bf68 testClass = AuthRepositoryTest, locations = '{}', classes = '{class org.waldreg.repository.auth.MemoryAuthRepository, class org.waldreg.repository.MemoryUserStorage}', contextInitializerClasses = '[]', activeProfiles = '{}', propertySourceLocations = '{}', propertySourceProperties = '{}', contextCustomizers = set[org.springframework.boot.test.autoconfigure.actuate.metrics.MetricsExportContextCustomizerFactory$DisableMetricExportContextCustomizer@1fc32e4f, org.springframework.boot.test.autoconfigure.properties.PropertyMappingContextCustomizer@0, org.springframework.boot.test.autoconfigure.web.servlet.WebDriverContextCustomizerFactory$Customizer@5d066c7d, org.springframework.boot.test.context.filter.ExcludeFilterContextCustomizer@1603cd68, org.springframework.boot.test.json.DuplicateJsonObjectContextCustomizerFactory$DuplicateJsonObjectContextCustomizer@66c92293, org.springframework.boot.test.mock.mockito.MockitoContextCustomizer@307f9cca], contextLoader = 'org.springframework.test.context.support.DelegatingSmartContextLoader', parent = [null]]]
18:48:02.875 [Test worker] DEBUG org.springframework.test.context.cache - Spring test ApplicationContext cache statistics: [DefaultContextCache@5acc9fdf size = 1, maxSize = 32, parentContextCount = 0, hitCount = 1, missCount = 1]
18:48:02.877 [Test worker] DEBUG org.springframework.test.context.cache.DefaultCacheAwareContextLoaderDelegate - Retrieved ApplicationContext [1979787155] from cache with key [[MergedContextConfiguration@6995bf68 testClass = AuthRepositoryTest, locations = '{}', classes = '{class org.waldreg.repository.auth.MemoryAuthRepository, class org.waldreg.repository.MemoryUserStorage}', contextInitializerClasses = '[]', activeProfiles = '{}', propertySourceLocations = '{}', propertySourceProperties = '{}', contextCustomizers = set[org.springframework.boot.test.autoconfigure.actuate.metrics.MetricsExportContextCustomizerFactory$DisableMetricExportContextCustomizer@1fc32e4f, org.springframework.boot.test.autoconfigure.properties.PropertyMappingContextCustomizer@0, org.springframework.boot.test.autoconfigure.web.servlet.WebDriverContextCustomizerFactory$Customizer@5d066c7d, org.springframework.boot.test.context.filter.ExcludeFilterContextCustomizer@1603cd68, org.springframework.boot.test.json.DuplicateJsonObjectContextCustomizerFactory$DuplicateJsonObjectContextCustomizer@66c92293, org.springframework.boot.test.mock.mockito.MockitoContextCustomizer@307f9cca], contextLoader = 'org.springframework.test.context.support.DelegatingSmartContextLoader', parent = [null]]]
18:48:02.877 [Test worker] DEBUG org.springframework.test.context.cache - Spring test ApplicationContext cache statistics: [DefaultContextCache@5acc9fdf size = 1, maxSize = 32, parentContextCount = 0, hitCount = 2, missCount = 1]
18:48:02.879 [Test worker] DEBUG org.springframework.test.context.support.AbstractDirtiesContextTestExecutionListener - Before test method: context [DefaultTestContext@4c51cf28 testClass = AuthRepositoryTest, testInstance = org.waldreg.repository.character.AuthRepositoryTest@4b7c4456, testMethod = READ_USER_BY_USERID_USERPASSWORD_FAIL_TEST@AuthRepositoryTest, testException = [null], mergedContextConfiguration = [MergedContextConfiguration@6995bf68 testClass = AuthRepositoryTest, locations = '{}', classes = '{class org.waldreg.repository.auth.MemoryAuthRepository, class org.waldreg.repository.MemoryUserStorage}', contextInitializerClasses = '[]', activeProfiles = '{}', propertySourceLocations = '{}', propertySourceProperties = '{}', contextCustomizers = set[org.springframework.boot.test.autoconfigure.actuate.metrics.MetricsExportContextCustomizerFactory$DisableMetricExportContextCustomizer@1fc32e4f, org.springframework.boot.test.autoconfigure.properties.PropertyMappingContextCustomizer@0, org.springframework.boot.test.autoconfigure.web.servlet.WebDriverContextCustomizerFactory$Customizer@5d066c7d, org.springframework.boot.test.context.filter.ExcludeFilterContextCustomizer@1603cd68, org.springframework.boot.test.json.DuplicateJsonObjectContextCustomizerFactory$DuplicateJsonObjectContextCustomizer@66c92293, org.springframework.boot.test.mock.mockito.MockitoContextCustomizer@307f9cca], contextLoader = 'org.springframework.test.context.support.DelegatingSmartContextLoader', parent = [null]], attributes = map['org.springframework.test.context.event.ApplicationEventsTestExecutionListener.recordApplicationEvents' -> false]], class annotated with @DirtiesContext [false] with mode [null], method annotated with @DirtiesContext [false] with mode [null].
18:48:02.879 [Test worker] DEBUG org.springframework.test.context.cache.DefaultCacheAwareContextLoaderDelegate - Retrieved ApplicationContext [1979787155] from cache with key [[MergedContextConfiguration@6995bf68 testClass = AuthRepositoryTest, locations = '{}', classes = '{class org.waldreg.repository.auth.MemoryAuthRepository, class org.waldreg.repository.MemoryUserStorage}', contextInitializerClasses = '[]', activeProfiles = '{}', propertySourceLocations = '{}', propertySourceProperties = '{}', contextCustomizers = set[org.springframework.boot.test.autoconfigure.actuate.metrics.MetricsExportContextCustomizerFactory$DisableMetricExportContextCustomizer@1fc32e4f, org.springframework.boot.test.autoconfigure.properties.PropertyMappingContextCustomizer@0, org.springframework.boot.test.autoconfigure.web.servlet.WebDriverContextCustomizerFactory$Customizer@5d066c7d, org.springframework.boot.test.context.filter.ExcludeFilterContextCustomizer@1603cd68, org.springframework.boot.test.json.DuplicateJsonObjectContextCustomizerFactory$DuplicateJsonObjectContextCustomizer@66c92293, org.springframework.boot.test.mock.mockito.MockitoContextCustomizer@307f9cca], contextLoader = 'org.springframework.test.context.support.DelegatingSmartContextLoader', parent = [null]]]
18:48:02.879 [Test worker] DEBUG org.springframework.test.context.cache - Spring test ApplicationContext cache statistics: [DefaultContextCache@5acc9fdf size = 1, maxSize = 32, parentContextCount = 0, hitCount = 3, missCount = 1]
18:48:02.879 [Test worker] DEBUG org.springframework.test.context.cache.DefaultCacheAwareContextLoaderDelegate - Retrieved ApplicationContext [1979787155] from cache with key [[MergedContextConfiguration@6995bf68 testClass = AuthRepositoryTest, locations = '{}', classes = '{class org.waldreg.repository.auth.MemoryAuthRepository, class org.waldreg.repository.MemoryUserStorage}', contextInitializerClasses = '[]', activeProfiles = '{}', propertySourceLocations = '{}', propertySourceProperties = '{}', contextCustomizers = set[org.springframework.boot.test.autoconfigure.actuate.metrics.MetricsExportContextCustomizerFactory$DisableMetricExportContextCustomizer@1fc32e4f, org.springframework.boot.test.autoconfigure.properties.PropertyMappingContextCustomizer@0, org.springframework.boot.test.autoconfigure.web.servlet.WebDriverContextCustomizerFactory$Customizer@5d066c7d, org.springframework.boot.test.context.filter.ExcludeFilterContextCustomizer@1603cd68, org.springframework.boot.test.json.DuplicateJsonObjectContextCustomizerFactory$DuplicateJsonObjectContextCustomizer@66c92293, org.springframework.boot.test.mock.mockito.MockitoContextCustomizer@307f9cca], contextLoader = 'org.springframework.test.context.support.DelegatingSmartContextLoader', parent = [null]]]
18:48:02.879 [Test worker] DEBUG org.springframework.test.context.cache - Spring test ApplicationContext cache statistics: [DefaultContextCache@5acc9fdf size = 1, maxSize = 32, parentContextCount = 0, hitCount = 4, missCount = 1]
18:48:02.881 [Test worker] DEBUG org.springframework.test.context.cache.DefaultCacheAwareContextLoaderDelegate - Retrieved ApplicationContext [1979787155] from cache with key [[MergedContextConfiguration@6995bf68 testClass = AuthRepositoryTest, locations = '{}', classes = '{class org.waldreg.repository.auth.MemoryAuthRepository, class org.waldreg.repository.MemoryUserStorage}', contextInitializerClasses = '[]', activeProfiles = '{}', propertySourceLocations = '{}', propertySourceProperties = '{}', contextCustomizers = set[org.springframework.boot.test.autoconfigure.actuate.metrics.MetricsExportContextCustomizerFactory$DisableMetricExportContextCustomizer@1fc32e4f, org.springframework.boot.test.autoconfigure.properties.PropertyMappingContextCustomizer@0, org.springframework.boot.test.autoconfigure.web.servlet.WebDriverContextCustomizerFactory$Customizer@5d066c7d, org.springframework.boot.test.context.filter.ExcludeFilterContextCustomizer@1603cd68, org.springframework.boot.test.json.DuplicateJsonObjectContextCustomizerFactory$DuplicateJsonObjectContextCustomizer@66c92293, org.springframework.boot.test.mock.mockito.MockitoContextCustomizer@307f9cca], contextLoader = 'org.springframework.test.context.support.DelegatingSmartContextLoader', parent = [null]]]
18:48:02.881 [Test worker] DEBUG org.springframework.test.context.cache - Spring test ApplicationContext cache statistics: [DefaultContextCache@5acc9fdf size = 1, maxSize = 32, parentContextCount = 0, hitCount = 5, missCount = 1]
18:48:02.889 [Test worker] DEBUG org.springframework.test.context.cache.DefaultCacheAwareContextLoaderDelegate - Retrieved ApplicationContext [1979787155] from cache with key [[MergedContextConfiguration@6995bf68 testClass = AuthRepositoryTest, locations = '{}', classes = '{class org.waldreg.repository.auth.MemoryAuthRepository, class org.waldreg.repository.MemoryUserStorage}', contextInitializerClasses = '[]', activeProfiles = '{}', propertySourceLocations = '{}', propertySourceProperties = '{}', contextCustomizers = set[org.springframework.boot.test.autoconfigure.actuate.metrics.MetricsExportContextCustomizerFactory$DisableMetricExportContextCustomizer@1fc32e4f, org.springframework.boot.test.autoconfigure.properties.PropertyMappingContextCustomizer@0, org.springframework.boot.test.autoconfigure.web.servlet.WebDriverContextCustomizerFactory$Customizer@5d066c7d, org.springframework.boot.test.context.filter.ExcludeFilterContextCustomizer@1603cd68, org.springframework.boot.test.json.DuplicateJsonObjectContextCustomizerFactory$DuplicateJsonObjectContextCustomizer@66c92293, org.springframework.boot.test.mock.mockito.MockitoContextCustomizer@307f9cca], contextLoader = 'org.springframework.test.context.support.DelegatingSmartContextLoader', parent = [null]]]
18:48:02.890 [Test worker] DEBUG org.springframework.test.context.cache - Spring test ApplicationContext cache statistics: [DefaultContextCache@5acc9fdf size = 1, maxSize = 32, parentContextCount = 0, hitCount = 6, missCount = 1]
18:48:02.890 [Test worker] DEBUG org.springframework.test.context.cache.DefaultCacheAwareContextLoaderDelegate - Retrieved ApplicationContext [1979787155] from cache with key [[MergedContextConfiguration@6995bf68 testClass = AuthRepositoryTest, locations = '{}', classes = '{class org.waldreg.repository.auth.MemoryAuthRepository, class org.waldreg.repository.MemoryUserStorage}', contextInitializerClasses = '[]', activeProfiles = '{}', propertySourceLocations = '{}', propertySourceProperties = '{}', contextCustomizers = set[org.springframework.boot.test.autoconfigure.actuate.metrics.MetricsExportContextCustomizerFactory$DisableMetricExportContextCustomizer@1fc32e4f, org.springframework.boot.test.autoconfigure.properties.PropertyMappingContextCustomizer@0, org.springframework.boot.test.autoconfigure.web.servlet.WebDriverContextCustomizerFactory$Customizer@5d066c7d, org.springframework.boot.test.context.filter.ExcludeFilterContextCustomizer@1603cd68, org.springframework.boot.test.json.DuplicateJsonObjectContextCustomizerFactory$DuplicateJsonObjectContextCustomizer@66c92293, org.springframework.boot.test.mock.mockito.MockitoContextCustomizer@307f9cca], contextLoader = 'org.springframework.test.context.support.DelegatingSmartContextLoader', parent = [null]]]
18:48:02.890 [Test worker] DEBUG org.springframework.test.context.cache - Spring test ApplicationContext cache statistics: [DefaultContextCache@5acc9fdf size = 1, maxSize = 32, parentContextCount = 0, hitCount = 7, missCount = 1]
18:48:02.890 [Test worker] DEBUG org.springframework.test.context.cache.DefaultCacheAwareContextLoaderDelegate - Retrieved ApplicationContext [1979787155] from cache with key [[MergedContextConfiguration@6995bf68 testClass = AuthRepositoryTest, locations = '{}', classes = '{class org.waldreg.repository.auth.MemoryAuthRepository, class org.waldreg.repository.MemoryUserStorage}', contextInitializerClasses = '[]', activeProfiles = '{}', propertySourceLocations = '{}', propertySourceProperties = '{}', contextCustomizers = set[org.springframework.boot.test.autoconfigure.actuate.metrics.MetricsExportContextCustomizerFactory$DisableMetricExportContextCustomizer@1fc32e4f, org.springframework.boot.test.autoconfigure.properties.PropertyMappingContextCustomizer@0, org.springframework.boot.test.autoconfigure.web.servlet.WebDriverContextCustomizerFactory$Customizer@5d066c7d, org.springframework.boot.test.context.filter.ExcludeFilterContextCustomizer@1603cd68, org.springframework.boot.test.json.DuplicateJsonObjectContextCustomizerFactory$DuplicateJsonObjectContextCustomizer@66c92293, org.springframework.boot.test.mock.mockito.MockitoContextCustomizer@307f9cca], contextLoader = 'org.springframework.test.context.support.DelegatingSmartContextLoader', parent = [null]]]
18:48:02.890 [Test worker] DEBUG org.springframework.test.context.cache - Spring test ApplicationContext cache statistics: [DefaultContextCache@5acc9fdf size = 1, maxSize = 32, parentContextCount = 0, hitCount = 8, missCount = 1]
18:48:02.890 [Test worker] DEBUG org.springframework.test.context.cache.DefaultCacheAwareContextLoaderDelegate - Retrieved ApplicationContext [1979787155] from cache with key [[MergedContextConfiguration@6995bf68 testClass = AuthRepositoryTest, locations = '{}', classes = '{class org.waldreg.repository.auth.MemoryAuthRepository, class org.waldreg.repository.MemoryUserStorage}', contextInitializerClasses = '[]', activeProfiles = '{}', propertySourceLocations = '{}', propertySourceProperties = '{}', contextCustomizers = set[org.springframework.boot.test.autoconfigure.actuate.metrics.MetricsExportContextCustomizerFactory$DisableMetricExportContextCustomizer@1fc32e4f, org.springframework.boot.test.autoconfigure.properties.PropertyMappingContextCustomizer@0, org.springframework.boot.test.autoconfigure.web.servlet.WebDriverContextCustomizerFactory$Customizer@5d066c7d, org.springframework.boot.test.context.filter.ExcludeFilterContextCustomizer@1603cd68, org.springframework.boot.test.json.DuplicateJsonObjectContextCustomizerFactory$DuplicateJsonObjectContextCustomizer@66c92293, org.springframework.boot.test.mock.mockito.MockitoContextCustomizer@307f9cca], contextLoader = 'org.springframework.test.context.support.DelegatingSmartContextLoader', parent = [null]]]
18:48:02.890 [Test worker] DEBUG org.springframework.test.context.cache - Spring test ApplicationContext cache statistics: [DefaultContextCache@5acc9fdf size = 1, maxSize = 32, parentContextCount = 0, hitCount = 9, missCount = 1]
18:48:02.890 [Test worker] DEBUG org.springframework.test.context.cache.DefaultCacheAwareContextLoaderDelegate - Retrieved ApplicationContext [1979787155] from cache with key [[MergedContextConfiguration@6995bf68 testClass = AuthRepositoryTest, locations = '{}', classes = '{class org.waldreg.repository.auth.MemoryAuthRepository, class org.waldreg.repository.MemoryUserStorage}', contextInitializerClasses = '[]', activeProfiles = '{}', propertySourceLocations = '{}', propertySourceProperties = '{}', contextCustomizers = set[org.springframework.boot.test.autoconfigure.actuate.metrics.MetricsExportContextCustomizerFactory$DisableMetricExportContextCustomizer@1fc32e4f, org.springframework.boot.test.autoconfigure.properties.PropertyMappingContextCustomizer@0, org.springframework.boot.test.autoconfigure.web.servlet.WebDriverContextCustomizerFactory$Customizer@5d066c7d, org.springframework.boot.test.context.filter.ExcludeFilterContextCustomizer@1603cd68, org.springframework.boot.test.json.DuplicateJsonObjectContextCustomizerFactory$DuplicateJsonObjectContextCustomizer@66c92293, org.springframework.boot.test.mock.mockito.MockitoContextCustomizer@307f9cca], contextLoader = 'org.springframework.test.context.support.DelegatingSmartContextLoader', parent = [null]]]
18:48:02.891 [Test worker] DEBUG org.springframework.test.context.cache - Spring test ApplicationContext cache statistics: [DefaultContextCache@5acc9fdf size = 1, maxSize = 32, parentContextCount = 0, hitCount = 10, missCount = 1]
18:48:02.891 [Test worker] DEBUG org.springframework.test.context.cache.DefaultCacheAwareContextLoaderDelegate - Retrieved ApplicationContext [1979787155] from cache with key [[MergedContextConfiguration@6995bf68 testClass = AuthRepositoryTest, locations = '{}', classes = '{class org.waldreg.repository.auth.MemoryAuthRepository, class org.waldreg.repository.MemoryUserStorage}', contextInitializerClasses = '[]', activeProfiles = '{}', propertySourceLocations = '{}', propertySourceProperties = '{}', contextCustomizers = set[org.springframework.boot.test.autoconfigure.actuate.metrics.MetricsExportContextCustomizerFactory$DisableMetricExportContextCustomizer@1fc32e4f, org.springframework.boot.test.autoconfigure.properties.PropertyMappingContextCustomizer@0, org.springframework.boot.test.autoconfigure.web.servlet.WebDriverContextCustomizerFactory$Customizer@5d066c7d, org.springframework.boot.test.context.filter.ExcludeFilterContextCustomizer@1603cd68, org.springframework.boot.test.json.DuplicateJsonObjectContextCustomizerFactory$DuplicateJsonObjectContextCustomizer@66c92293, org.springframework.boot.test.mock.mockito.MockitoContextCustomizer@307f9cca], contextLoader = 'org.springframework.test.context.support.DelegatingSmartContextLoader', parent = [null]]]
18:48:02.891 [Test worker] DEBUG org.springframework.test.context.cache - Spring test ApplicationContext cache statistics: [DefaultContextCache@5acc9fdf size = 1, maxSize = 32, parentContextCount = 0, hitCount = 11, missCount = 1]
18:48:02.891 [Test worker] DEBUG org.springframework.test.context.support.AbstractDirtiesContextTestExecutionListener - After test method: context [DefaultTestContext@4c51cf28 testClass = AuthRepositoryTest, testInstance = org.waldreg.repository.character.AuthRepositoryTest@4b7c4456, testMethod = READ_USER_BY_USERID_USERPASSWORD_FAIL_TEST@AuthRepositoryTest, testException = [null], mergedContextConfiguration = [MergedContextConfiguration@6995bf68 testClass = AuthRepositoryTest, locations = '{}', classes = '{class org.waldreg.repository.auth.MemoryAuthRepository, class org.waldreg.repository.MemoryUserStorage}', contextInitializerClasses = '[]', activeProfiles = '{}', propertySourceLocations = '{}', propertySourceProperties = '{}', contextCustomizers = set[org.springframework.boot.test.autoconfigure.actuate.metrics.MetricsExportContextCustomizerFactory$DisableMetricExportContextCustomizer@1fc32e4f, org.springframework.boot.test.autoconfigure.properties.PropertyMappingContextCustomizer@0, org.springframework.boot.test.autoconfigure.web.servlet.WebDriverContextCustomizerFactory$Customizer@5d066c7d, org.springframework.boot.test.context.filter.ExcludeFilterContextCustomizer@1603cd68, org.springframework.boot.test.json.DuplicateJsonObjectContextCustomizerFactory$DuplicateJsonObjectContextCustomizer@66c92293, org.springframework.boot.test.mock.mockito.MockitoContextCustomizer@307f9cca], contextLoader = 'org.springframework.test.context.support.DelegatingSmartContextLoader', parent = [null]], attributes = map['org.springframework.test.context.event.ApplicationEventsTestExecutionListener.recordApplicationEvents' -> false]], class annotated with @DirtiesContext [false] with mode [null], method annotated with @DirtiesContext [false] with mode [null].
18:48:02.893 [Test worker] DEBUG org.springframework.test.context.cache.DefaultCacheAwareContextLoaderDelegate - Retrieved ApplicationContext [1979787155] from cache with key [[MergedContextConfiguration@6995bf68 testClass = AuthRepositoryTest, locations = '{}', classes = '{class org.waldreg.repository.auth.MemoryAuthRepository, class org.waldreg.repository.MemoryUserStorage}', contextInitializerClasses = '[]', activeProfiles = '{}', propertySourceLocations = '{}', propertySourceProperties = '{}', contextCustomizers = set[org.springframework.boot.test.autoconfigure.actuate.metrics.MetricsExportContextCustomizerFactory$DisableMetricExportContextCustomizer@1fc32e4f, org.springframework.boot.test.autoconfigure.properties.PropertyMappingContextCustomizer@0, org.springframework.boot.test.autoconfigure.web.servlet.WebDriverContextCustomizerFactory$Customizer@5d066c7d, org.springframework.boot.test.context.filter.ExcludeFilterContextCustomizer@1603cd68, org.springframework.boot.test.json.DuplicateJsonObjectContextCustomizerFactory$DuplicateJsonObjectContextCustomizer@66c92293, org.springframework.boot.test.mock.mockito.MockitoContextCustomizer@307f9cca], contextLoader = 'org.springframework.test.context.support.DelegatingSmartContextLoader', parent = [null]]]
18:48:02.893 [Test worker] DEBUG org.springframework.test.context.cache - Spring test ApplicationContext cache statistics: [DefaultContextCache@5acc9fdf size = 1, maxSize = 32, parentContextCount = 0, hitCount = 12, missCount = 1]
18:48:02.893 [Test worker] DEBUG org.springframework.test.context.support.DependencyInjectionTestExecutionListener - Performing dependency injection for test context [[DefaultTestContext@4c51cf28 testClass = AuthRepositoryTest, testInstance = org.waldreg.repository.character.AuthRepositoryTest@4e17913b, testMethod = [null], testException = [null], mergedContextConfiguration = [MergedContextConfiguration@6995bf68 testClass = AuthRepositoryTest, locations = '{}', classes = '{class org.waldreg.repository.auth.MemoryAuthRepository, class org.waldreg.repository.MemoryUserStorage}', contextInitializerClasses = '[]', activeProfiles = '{}', propertySourceLocations = '{}', propertySourceProperties = '{}', contextCustomizers = set[org.springframework.boot.test.autoconfigure.actuate.metrics.MetricsExportContextCustomizerFactory$DisableMetricExportContextCustomizer@1fc32e4f, org.springframework.boot.test.autoconfigure.properties.PropertyMappingContextCustomizer@0, org.springframework.boot.test.autoconfigure.web.servlet.WebDriverContextCustomizerFactory$Customizer@5d066c7d, org.springframework.boot.test.context.filter.ExcludeFilterContextCustomizer@1603cd68, org.springframework.boot.test.json.DuplicateJsonObjectContextCustomizerFactory$DuplicateJsonObjectContextCustomizer@66c92293, org.springframework.boot.test.mock.mockito.MockitoContextCustomizer@307f9cca], contextLoader = 'org.springframework.test.context.support.DelegatingSmartContextLoader', parent = [null]], attributes = map['org.springframework.test.context.event.ApplicationEventsTestExecutionListener.recordApplicationEvents' -> false]]].
18:48:02.893 [Test worker] DEBUG org.springframework.test.context.cache.DefaultCacheAwareContextLoaderDelegate - Retrieved ApplicationContext [1979787155] from cache with key [[MergedContextConfiguration@6995bf68 testClass = AuthRepositoryTest, locations = '{}', classes = '{class org.waldreg.repository.auth.MemoryAuthRepository, class org.waldreg.repository.MemoryUserStorage}', contextInitializerClasses = '[]', activeProfiles = '{}', propertySourceLocations = '{}', propertySourceProperties = '{}', contextCustomizers = set[org.springframework.boot.test.autoconfigure.actuate.metrics.MetricsExportContextCustomizerFactory$DisableMetricExportContextCustomizer@1fc32e4f, org.springframework.boot.test.autoconfigure.properties.PropertyMappingContextCustomizer@0, org.springframework.boot.test.autoconfigure.web.servlet.WebDriverContextCustomizerFactory$Customizer@5d066c7d, org.springframework.boot.test.context.filter.ExcludeFilterContextCustomizer@1603cd68, org.springframework.boot.test.json.DuplicateJsonObjectContextCustomizerFactory$DuplicateJsonObjectContextCustomizer@66c92293, org.springframework.boot.test.mock.mockito.MockitoContextCustomizer@307f9cca], contextLoader = 'org.springframework.test.context.support.DelegatingSmartContextLoader', parent = [null]]]
18:48:02.893 [Test worker] DEBUG org.springframework.test.context.cache - Spring test ApplicationContext cache statistics: [DefaultContextCache@5acc9fdf size = 1, maxSize = 32, parentContextCount = 0, hitCount = 13, missCount = 1]
18:48:02.893 [Test worker] DEBUG org.springframework.test.context.cache.DefaultCacheAwareContextLoaderDelegate - Retrieved ApplicationContext [1979787155] from cache with key [[MergedContextConfiguration@6995bf68 testClass = AuthRepositoryTest, locations = '{}', classes = '{class org.waldreg.repository.auth.MemoryAuthRepository, class org.waldreg.repository.MemoryUserStorage}', contextInitializerClasses = '[]', activeProfiles = '{}', propertySourceLocations = '{}', propertySourceProperties = '{}', contextCustomizers = set[org.springframework.boot.test.autoconfigure.actuate.metrics.MetricsExportContextCustomizerFactory$DisableMetricExportContextCustomizer@1fc32e4f, org.springframework.boot.test.autoconfigure.properties.PropertyMappingContextCustomizer@0, org.springframework.boot.test.autoconfigure.web.servlet.WebDriverContextCustomizerFactory$Customizer@5d066c7d, org.springframework.boot.test.context.filter.ExcludeFilterContextCustomizer@1603cd68, org.springframework.boot.test.json.DuplicateJsonObjectContextCustomizerFactory$DuplicateJsonObjectContextCustomizer@66c92293, org.springframework.boot.test.mock.mockito.MockitoContextCustomizer@307f9cca], contextLoader = 'org.springframework.test.context.support.DelegatingSmartContextLoader', parent = [null]]]
18:48:02.893 [Test worker] DEBUG org.springframework.test.context.cache - Spring test ApplicationContext cache statistics: [DefaultContextCache@5acc9fdf size = 1, maxSize = 32, parentContextCount = 0, hitCount = 14, missCount = 1]
18:48:02.894 [Test worker] DEBUG org.springframework.test.context.support.AbstractDirtiesContextTestExecutionListener - Before test method: context [DefaultTestContext@4c51cf28 testClass = AuthRepositoryTest, testInstance = org.waldreg.repository.character.AuthRepositoryTest@4e17913b, testMethod = READ_USER_BY_USERID_USERPASSWORD_TEST@AuthRepositoryTest, testException = [null], mergedContextConfiguration = [MergedContextConfiguration@6995bf68 testClass = AuthRepositoryTest, locations = '{}', classes = '{class org.waldreg.repository.auth.MemoryAuthRepository, class org.waldreg.repository.MemoryUserStorage}', contextInitializerClasses = '[]', activeProfiles = '{}', propertySourceLocations = '{}', propertySourceProperties = '{}', contextCustomizers = set[org.springframework.boot.test.autoconfigure.actuate.metrics.MetricsExportContextCustomizerFactory$DisableMetricExportContextCustomizer@1fc32e4f, org.springframework.boot.test.autoconfigure.properties.PropertyMappingContextCustomizer@0, org.springframework.boot.test.autoconfigure.web.servlet.WebDriverContextCustomizerFactory$Customizer@5d066c7d, org.springframework.boot.test.context.filter.ExcludeFilterContextCustomizer@1603cd68, org.springframework.boot.test.json.DuplicateJsonObjectContextCustomizerFactory$DuplicateJsonObjectContextCustomizer@66c92293, org.springframework.boot.test.mock.mockito.MockitoContextCustomizer@307f9cca], contextLoader = 'org.springframework.test.context.support.DelegatingSmartContextLoader', parent = [null]], attributes = map['org.springframework.test.context.event.ApplicationEventsTestExecutionListener.recordApplicationEvents' -> false]], class annotated with @DirtiesContext [false] with mode [null], method annotated with @DirtiesContext [false] with mode [null].
18:48:02.894 [Test worker] DEBUG org.springframework.test.context.cache.DefaultCacheAwareContextLoaderDelegate - Retrieved ApplicationContext [1979787155] from cache with key [[MergedContextConfiguration@6995bf68 testClass = AuthRepositoryTest, locations = '{}', classes = '{class org.waldreg.repository.auth.MemoryAuthRepository, class org.waldreg.repository.MemoryUserStorage}', contextInitializerClasses = '[]', activeProfiles = '{}', propertySourceLocations = '{}', propertySourceProperties = '{}', contextCustomizers = set[org.springframework.boot.test.autoconfigure.actuate.metrics.MetricsExportContextCustomizerFactory$DisableMetricExportContextCustomizer@1fc32e4f, org.springframework.boot.test.autoconfigure.properties.PropertyMappingContextCustomizer@0, org.springframework.boot.test.autoconfigure.web.servlet.WebDriverContextCustomizerFactory$Customizer@5d066c7d, org.springframework.boot.test.context.filter.ExcludeFilterContextCustomizer@1603cd68, org.springframework.boot.test.json.DuplicateJsonObjectContextCustomizerFactory$DuplicateJsonObjectContextCustomizer@66c92293, org.springframework.boot.test.mock.mockito.MockitoContextCustomizer@307f9cca], contextLoader = 'org.springframework.test.context.support.DelegatingSmartContextLoader', parent = [null]]]
18:48:02.894 [Test worker] DEBUG org.springframework.test.context.cache - Spring test ApplicationContext cache statistics: [DefaultContextCache@5acc9fdf size = 1, maxSize = 32, parentContextCount = 0, hitCount = 15, missCount = 1]
18:48:02.894 [Test worker] DEBUG org.springframework.test.context.cache.DefaultCacheAwareContextLoaderDelegate - Retrieved ApplicationContext [1979787155] from cache with key [[MergedContextConfiguration@6995bf68 testClass = AuthRepositoryTest, locations = '{}', classes = '{class org.waldreg.repository.auth.MemoryAuthRepository, class org.waldreg.repository.MemoryUserStorage}', contextInitializerClasses = '[]', activeProfiles = '{}', propertySourceLocations = '{}', propertySourceProperties = '{}', contextCustomizers = set[org.springframework.boot.test.autoconfigure.actuate.metrics.MetricsExportContextCustomizerFactory$DisableMetricExportContextCustomizer@1fc32e4f, org.springframework.boot.test.autoconfigure.properties.PropertyMappingContextCustomizer@0, org.springframework.boot.test.autoconfigure.web.servlet.WebDriverContextCustomizerFactory$Customizer@5d066c7d, org.springframework.boot.test.context.filter.ExcludeFilterContextCustomizer@1603cd68, org.springframework.boot.test.json.DuplicateJsonObjectContextCustomizerFactory$DuplicateJsonObjectContextCustomizer@66c92293, org.springframework.boot.test.mock.mockito.MockitoContextCustomizer@307f9cca], contextLoader = 'org.springframework.test.context.support.DelegatingSmartContextLoader', parent = [null]]]
18:48:02.894 [Test worker] DEBUG org.springframework.test.context.cache - Spring test ApplicationContext cache statistics: [DefaultContextCache@5acc9fdf size = 1, maxSize = 32, parentContextCount = 0, hitCount = 16, missCount = 1]
18:48:02.894 [Test worker] DEBUG org.springframework.test.context.cache.DefaultCacheAwareContextLoaderDelegate - Retrieved ApplicationContext [1979787155] from cache with key [[MergedContextConfiguration@6995bf68 testClass = AuthRepositoryTest, locations = '{}', classes = '{class org.waldreg.repository.auth.MemoryAuthRepository, class org.waldreg.repository.MemoryUserStorage}', contextInitializerClasses = '[]', activeProfiles = '{}', propertySourceLocations = '{}', propertySourceProperties = '{}', contextCustomizers = set[org.springframework.boot.test.autoconfigure.actuate.metrics.MetricsExportContextCustomizerFactory$DisableMetricExportContextCustomizer@1fc32e4f, org.springframework.boot.test.autoconfigure.properties.PropertyMappingContextCustomizer@0, org.springframework.boot.test.autoconfigure.web.servlet.WebDriverContextCustomizerFactory$Customizer@5d066c7d, org.springframework.boot.test.context.filter.ExcludeFilterContextCustomizer@1603cd68, org.springframework.boot.test.json.DuplicateJsonObjectContextCustomizerFactory$DuplicateJsonObjectContextCustomizer@66c92293, org.springframework.boot.test.mock.mockito.MockitoContextCustomizer@307f9cca], contextLoader = 'org.springframework.test.context.support.DelegatingSmartContextLoader', parent = [null]]]
18:48:02.894 [Test worker] DEBUG org.springframework.test.context.cache - Spring test ApplicationContext cache statistics: [DefaultContextCache@5acc9fdf size = 1, maxSize = 32, parentContextCount = 0, hitCount = 17, missCount = 1]
18:48:02.896 [Test worker] DEBUG org.springframework.test.context.cache.DefaultCacheAwareContextLoaderDelegate - Retrieved ApplicationContext [1979787155] from cache with key [[MergedContextConfiguration@6995bf68 testClass = AuthRepositoryTest, locations = '{}', classes = '{class org.waldreg.repository.auth.MemoryAuthRepository, class org.waldreg.repository.MemoryUserStorage}', contextInitializerClasses = '[]', activeProfiles = '{}', propertySourceLocations = '{}', propertySourceProperties = '{}', contextCustomizers = set[org.springframework.boot.test.autoconfigure.actuate.metrics.MetricsExportContextCustomizerFactory$DisableMetricExportContextCustomizer@1fc32e4f, org.springframework.boot.test.autoconfigure.properties.PropertyMappingContextCustomizer@0, org.springframework.boot.test.autoconfigure.web.servlet.WebDriverContextCustomizerFactory$Customizer@5d066c7d, org.springframework.boot.test.context.filter.ExcludeFilterContextCustomizer@1603cd68, org.springframework.boot.test.json.DuplicateJsonObjectContextCustomizerFactory$DuplicateJsonObjectContextCustomizer@66c92293, org.springframework.boot.test.mock.mockito.MockitoContextCustomizer@307f9cca], contextLoader = 'org.springframework.test.context.support.DelegatingSmartContextLoader', parent = [null]]]
18:48:02.896 [Test worker] DEBUG org.springframework.test.context.cache - Spring test ApplicationContext cache statistics: [DefaultContextCache@5acc9fdf size = 1, maxSize = 32, parentContextCount = 0, hitCount = 18, missCount = 1]
18:48:02.896 [Test worker] DEBUG org.springframework.test.context.cache.DefaultCacheAwareContextLoaderDelegate - Retrieved ApplicationContext [1979787155] from cache with key [[MergedContextConfiguration@6995bf68 testClass = AuthRepositoryTest, locations = '{}', classes = '{class org.waldreg.repository.auth.MemoryAuthRepository, class org.waldreg.repository.MemoryUserStorage}', contextInitializerClasses = '[]', activeProfiles = '{}', propertySourceLocations = '{}', propertySourceProperties = '{}', contextCustomizers = set[org.springframework.boot.test.autoconfigure.actuate.metrics.MetricsExportContextCustomizerFactory$DisableMetricExportContextCustomizer@1fc32e4f, org.springframework.boot.test.autoconfigure.properties.PropertyMappingContextCustomizer@0, org.springframework.boot.test.autoconfigure.web.servlet.WebDriverContextCustomizerFactory$Customizer@5d066c7d, org.springframework.boot.test.context.filter.ExcludeFilterContextCustomizer@1603cd68, org.springframework.boot.test.json.DuplicateJsonObjectContextCustomizerFactory$DuplicateJsonObjectContextCustomizer@66c92293, org.springframework.boot.test.mock.mockito.MockitoContextCustomizer@307f9cca], contextLoader = 'org.springframework.test.context.support.DelegatingSmartContextLoader', parent = [null]]]
18:48:02.896 [Test worker] DEBUG org.springframework.test.context.cache - Spring test ApplicationContext cache statistics: [DefaultContextCache@5acc9fdf size = 1, maxSize = 32, parentContextCount = 0, hitCount = 19, missCount = 1]
18:48:02.896 [Test worker] DEBUG org.springframework.test.context.cache.DefaultCacheAwareContextLoaderDelegate - Retrieved ApplicationContext [1979787155] from cache with key [[MergedContextConfiguration@6995bf68 testClass = AuthRepositoryTest, locations = '{}', classes = '{class org.waldreg.repository.auth.MemoryAuthRepository, class org.waldreg.repository.MemoryUserStorage}', contextInitializerClasses = '[]', activeProfiles = '{}', propertySourceLocations = '{}', propertySourceProperties = '{}', contextCustomizers = set[org.springframework.boot.test.autoconfigure.actuate.metrics.MetricsExportContextCustomizerFactory$DisableMetricExportContextCustomizer@1fc32e4f, org.springframework.boot.test.autoconfigure.properties.PropertyMappingContextCustomizer@0, org.springframework.boot.test.autoconfigure.web.servlet.WebDriverContextCustomizerFactory$Customizer@5d066c7d, org.springframework.boot.test.context.filter.ExcludeFilterContextCustomizer@1603cd68, org.springframework.boot.test.json.DuplicateJsonObjectContextCustomizerFactory$DuplicateJsonObjectContextCustomizer@66c92293, org.springframework.boot.test.mock.mockito.MockitoContextCustomizer@307f9cca], contextLoader = 'org.springframework.test.context.support.DelegatingSmartContextLoader', parent = [null]]]
18:48:02.896 [Test worker] DEBUG org.springframework.test.context.cache - Spring test ApplicationContext cache statistics: [DefaultContextCache@5acc9fdf size = 1, maxSize = 32, parentContextCount = 0, hitCount = 20, missCount = 1]
18:48:02.896 [Test worker] DEBUG org.springframework.test.context.cache.DefaultCacheAwareContextLoaderDelegate - Retrieved ApplicationContext [1979787155] from cache with key [[MergedContextConfiguration@6995bf68 testClass = AuthRepositoryTest, locations = '{}', classes = '{class org.waldreg.repository.auth.MemoryAuthRepository, class org.waldreg.repository.MemoryUserStorage}', contextInitializerClasses = '[]', activeProfiles = '{}', propertySourceLocations = '{}', propertySourceProperties = '{}', contextCustomizers = set[org.springframework.boot.test.autoconfigure.actuate.metrics.MetricsExportContextCustomizerFactory$DisableMetricExportContextCustomizer@1fc32e4f, org.springframework.boot.test.autoconfigure.properties.PropertyMappingContextCustomizer@0, org.springframework.boot.test.autoconfigure.web.servlet.WebDriverContextCustomizerFactory$Customizer@5d066c7d, org.springframework.boot.test.context.filter.ExcludeFilterContextCustomizer@1603cd68, org.springframework.boot.test.json.DuplicateJsonObjectContextCustomizerFactory$DuplicateJsonObjectContextCustomizer@66c92293, org.springframework.boot.test.mock.mockito.MockitoContextCustomizer@307f9cca], contextLoader = 'org.springframework.test.context.support.DelegatingSmartContextLoader', parent = [null]]]
18:48:02.896 [Test worker] DEBUG org.springframework.test.context.cache - Spring test ApplicationContext cache statistics: [DefaultContextCache@5acc9fdf size = 1, maxSize = 32, parentContextCount = 0, hitCount = 21, missCount = 1]
18:48:02.896 [Test worker] DEBUG org.springframework.test.context.cache.DefaultCacheAwareContextLoaderDelegate - Retrieved ApplicationContext [1979787155] from cache with key [[MergedContextConfiguration@6995bf68 testClass = AuthRepositoryTest, locations = '{}', classes = '{class org.waldreg.repository.auth.MemoryAuthRepository, class org.waldreg.repository.MemoryUserStorage}', contextInitializerClasses = '[]', activeProfiles = '{}', propertySourceLocations = '{}', propertySourceProperties = '{}', contextCustomizers = set[org.springframework.boot.test.autoconfigure.actuate.metrics.MetricsExportContextCustomizerFactory$DisableMetricExportContextCustomizer@1fc32e4f, org.springframework.boot.test.autoconfigure.properties.PropertyMappingContextCustomizer@0, org.springframework.boot.test.autoconfigure.web.servlet.WebDriverContextCustomizerFactory$Customizer@5d066c7d, org.springframework.boot.test.context.filter.ExcludeFilterContextCustomizer@1603cd68, org.springframework.boot.test.json.DuplicateJsonObjectContextCustomizerFactory$DuplicateJsonObjectContextCustomizer@66c92293, org.springframework.boot.test.mock.mockito.MockitoContextCustomizer@307f9cca], contextLoader = 'org.springframework.test.context.support.DelegatingSmartContextLoader', parent = [null]]]
18:48:02.896 [Test worker] DEBUG org.springframework.test.context.cache - Spring test ApplicationContext cache statistics: [DefaultContextCache@5acc9fdf size = 1, maxSize = 32, parentContextCount = 0, hitCount = 22, missCount = 1]
18:48:02.897 [Test worker] DEBUG org.springframework.test.context.cache.DefaultCacheAwareContextLoaderDelegate - Retrieved ApplicationContext [1979787155] from cache with key [[MergedContextConfiguration@6995bf68 testClass = AuthRepositoryTest, locations = '{}', classes = '{class org.waldreg.repository.auth.MemoryAuthRepository, class org.waldreg.repository.MemoryUserStorage}', contextInitializerClasses = '[]', activeProfiles = '{}', propertySourceLocations = '{}', propertySourceProperties = '{}', contextCustomizers = set[org.springframework.boot.test.autoconfigure.actuate.metrics.MetricsExportContextCustomizerFactory$DisableMetricExportContextCustomizer@1fc32e4f, org.springframework.boot.test.autoconfigure.properties.PropertyMappingContextCustomizer@0, org.springframework.boot.test.autoconfigure.web.servlet.WebDriverContextCustomizerFactory$Customizer@5d066c7d, org.springframework.boot.test.context.filter.ExcludeFilterContextCustomizer@1603cd68, org.springframework.boot.test.json.DuplicateJsonObjectContextCustomizerFactory$DuplicateJsonObjectContextCustomizer@66c92293, org.springframework.boot.test.mock.mockito.MockitoContextCustomizer@307f9cca], contextLoader = 'org.springframework.test.context.support.DelegatingSmartContextLoader', parent = [null]]]
18:48:02.897 [Test worker] DEBUG org.springframework.test.context.cache - Spring test ApplicationContext cache statistics: [DefaultContextCache@5acc9fdf size = 1, maxSize = 32, parentContextCount = 0, hitCount = 23, missCount = 1]
18:48:02.897 [Test worker] DEBUG org.springframework.test.context.support.AbstractDirtiesContextTestExecutionListener - After test method: context [DefaultTestContext@4c51cf28 testClass = AuthRepositoryTest, testInstance = org.waldreg.repository.character.AuthRepositoryTest@4e17913b, testMethod = READ_USER_BY_USERID_USERPASSWORD_TEST@AuthRepositoryTest, testException = [null], mergedContextConfiguration = [MergedContextConfiguration@6995bf68 testClass = AuthRepositoryTest, locations = '{}', classes = '{class org.waldreg.repository.auth.MemoryAuthRepository, class org.waldreg.repository.MemoryUserStorage}', contextInitializerClasses = '[]', activeProfiles = '{}', propertySourceLocations = '{}', propertySourceProperties = '{}', contextCustomizers = set[org.springframework.boot.test.autoconfigure.actuate.metrics.MetricsExportContextCustomizerFactory$DisableMetricExportContextCustomizer@1fc32e4f, org.springframework.boot.test.autoconfigure.properties.PropertyMappingContextCustomizer@0, org.springframework.boot.test.autoconfigure.web.servlet.WebDriverContextCustomizerFactory$Customizer@5d066c7d, org.springframework.boot.test.context.filter.ExcludeFilterContextCustomizer@1603cd68, org.springframework.boot.test.json.DuplicateJsonObjectContextCustomizerFactory$DuplicateJsonObjectContextCustomizer@66c92293, org.springframework.boot.test.mock.mockito.MockitoContextCustomizer@307f9cca], contextLoader = 'org.springframework.test.context.support.DelegatingSmartContextLoader', parent = [null]], attributes = map['org.springframework.test.context.event.ApplicationEventsTestExecutionListener.recordApplicationEvents' -> false]], class annotated with @DirtiesContext [false] with mode [null], method annotated with @DirtiesContext [false] with mode [null].
18:48:02.897 [Test worker] DEBUG org.springframework.test.context.cache.DefaultCacheAwareContextLoaderDelegate - Retrieved ApplicationContext [1979787155] from cache with key [[MergedContextConfiguration@6995bf68 testClass = AuthRepositoryTest, locations = '{}', classes = '{class org.waldreg.repository.auth.MemoryAuthRepository, class org.waldreg.repository.MemoryUserStorage}', contextInitializerClasses = '[]', activeProfiles = '{}', propertySourceLocations = '{}', propertySourceProperties = '{}', contextCustomizers = set[org.springframework.boot.test.autoconfigure.actuate.metrics.MetricsExportContextCustomizerFactory$DisableMetricExportContextCustomizer@1fc32e4f, org.springframework.boot.test.autoconfigure.properties.PropertyMappingContextCustomizer@0, org.springframework.boot.test.autoconfigure.web.servlet.WebDriverContextCustomizerFactory$Customizer@5d066c7d, org.springframework.boot.test.context.filter.ExcludeFilterContextCustomizer@1603cd68, org.springframework.boot.test.json.DuplicateJsonObjectContextCustomizerFactory$DuplicateJsonObjectContextCustomizer@66c92293, org.springframework.boot.test.mock.mockito.MockitoContextCustomizer@307f9cca], contextLoader = 'org.springframework.test.context.support.DelegatingSmartContextLoader', parent = [null]]]
18:48:02.897 [Test worker] DEBUG org.springframework.test.context.cache - Spring test ApplicationContext cache statistics: [DefaultContextCache@5acc9fdf size = 1, maxSize = 32, parentContextCount = 0, hitCount = 24, missCount = 1]
18:48:02.897 [Test worker] DEBUG org.springframework.test.context.support.DependencyInjectionTestExecutionListener - Performing dependency injection for test context [[DefaultTestContext@4c51cf28 testClass = AuthRepositoryTest, testInstance = org.waldreg.repository.character.AuthRepositoryTest@7a0f244f, testMethod = [null], testException = [null], mergedContextConfiguration = [MergedContextConfiguration@6995bf68 testClass = AuthRepositoryTest, locations = '{}', classes = '{class org.waldreg.repository.auth.MemoryAuthRepository, class org.waldreg.repository.MemoryUserStorage}', contextInitializerClasses = '[]', activeProfiles = '{}', propertySourceLocations = '{}', propertySourceProperties = '{}', contextCustomizers = set[org.springframework.boot.test.autoconfigure.actuate.metrics.MetricsExportContextCustomizerFactory$DisableMetricExportContextCustomizer@1fc32e4f, org.springframework.boot.test.autoconfigure.properties.PropertyMappingContextCustomizer@0, org.springframework.boot.test.autoconfigure.web.servlet.WebDriverContextCustomizerFactory$Customizer@5d066c7d, org.springframework.boot.test.context.filter.ExcludeFilterContextCustomizer@1603cd68, org.springframework.boot.test.json.DuplicateJsonObjectContextCustomizerFactory$DuplicateJsonObjectContextCustomizer@66c92293, org.springframework.boot.test.mock.mockito.MockitoContextCustomizer@307f9cca], contextLoader = 'org.springframework.test.context.support.DelegatingSmartContextLoader', parent = [null]], attributes = map['org.springframework.test.context.event.ApplicationEventsTestExecutionListener.recordApplicationEvents' -> false]]].
18:48:02.897 [Test worker] DEBUG org.springframework.test.context.cache.DefaultCacheAwareContextLoaderDelegate - Retrieved ApplicationContext [1979787155] from cache with key [[MergedContextConfiguration@6995bf68 testClass = AuthRepositoryTest, locations = '{}', classes = '{class org.waldreg.repository.auth.MemoryAuthRepository, class org.waldreg.repository.MemoryUserStorage}', contextInitializerClasses = '[]', activeProfiles = '{}', propertySourceLocations = '{}', propertySourceProperties = '{}', contextCustomizers = set[org.springframework.boot.test.autoconfigure.actuate.metrics.MetricsExportContextCustomizerFactory$DisableMetricExportContextCustomizer@1fc32e4f, org.springframework.boot.test.autoconfigure.properties.PropertyMappingContextCustomizer@0, org.springframework.boot.test.autoconfigure.web.servlet.WebDriverContextCustomizerFactory$Customizer@5d066c7d, org.springframework.boot.test.context.filter.ExcludeFilterContextCustomizer@1603cd68, org.springframework.boot.test.json.DuplicateJsonObjectContextCustomizerFactory$DuplicateJsonObjectContextCustomizer@66c92293, org.springframework.boot.test.mock.mockito.MockitoContextCustomizer@307f9cca], contextLoader = 'org.springframework.test.context.support.DelegatingSmartContextLoader', parent = [null]]]
18:48:02.897 [Test worker] DEBUG org.springframework.test.context.cache - Spring test ApplicationContext cache statistics: [DefaultContextCache@5acc9fdf size = 1, maxSize = 32, parentContextCount = 0, hitCount = 25, missCount = 1]
18:48:02.898 [Test worker] DEBUG org.springframework.test.context.cache.DefaultCacheAwareContextLoaderDelegate - Retrieved ApplicationContext [1979787155] from cache with key [[MergedContextConfiguration@6995bf68 testClass = AuthRepositoryTest, locations = '{}', classes = '{class org.waldreg.repository.auth.MemoryAuthRepository, class org.waldreg.repository.MemoryUserStorage}', contextInitializerClasses = '[]', activeProfiles = '{}', propertySourceLocations = '{}', propertySourceProperties = '{}', contextCustomizers = set[org.springframework.boot.test.autoconfigure.actuate.metrics.MetricsExportContextCustomizerFactory$DisableMetricExportContextCustomizer@1fc32e4f, org.springframework.boot.test.autoconfigure.properties.PropertyMappingContextCustomizer@0, org.springframework.boot.test.autoconfigure.web.servlet.WebDriverContextCustomizerFactory$Customizer@5d066c7d, org.springframework.boot.test.context.filter.ExcludeFilterContextCustomizer@1603cd68, org.springframework.boot.test.json.DuplicateJsonObjectContextCustomizerFactory$DuplicateJsonObjectContextCustomizer@66c92293, org.springframework.boot.test.mock.mockito.MockitoContextCustomizer@307f9cca], contextLoader = 'org.springframework.test.context.support.DelegatingSmartContextLoader', parent = [null]]]
18:48:02.898 [Test worker] DEBUG org.springframework.test.context.cache - Spring test ApplicationContext cache statistics: [DefaultContextCache@5acc9fdf size = 1, maxSize = 32, parentContextCount = 0, hitCount = 26, missCount = 1]
18:48:02.898 [Test worker] DEBUG org.springframework.test.context.support.AbstractDirtiesContextTestExecutionListener - Before test method: context [DefaultTestContext@4c51cf28 testClass = AuthRepositoryTest, testInstance = org.waldreg.repository.character.AuthRepositoryTest@7a0f244f, testMethod = READ_USER_BY_ID_TEST@AuthRepositoryTest, testException = [null], mergedContextConfiguration = [MergedContextConfiguration@6995bf68 testClass = AuthRepositoryTest, locations = '{}', classes = '{class org.waldreg.repository.auth.MemoryAuthRepository, class org.waldreg.repository.MemoryUserStorage}', contextInitializerClasses = '[]', activeProfiles = '{}', propertySourceLocations = '{}', propertySourceProperties = '{}', contextCustomizers = set[org.springframework.boot.test.autoconfigure.actuate.metrics.MetricsExportContextCustomizerFactory$DisableMetricExportContextCustomizer@1fc32e4f, org.springframework.boot.test.autoconfigure.properties.PropertyMappingContextCustomizer@0, org.springframework.boot.test.autoconfigure.web.servlet.WebDriverContextCustomizerFactory$Customizer@5d066c7d, org.springframework.boot.test.context.filter.ExcludeFilterContextCustomizer@1603cd68, org.springframework.boot.test.json.DuplicateJsonObjectContextCustomizerFactory$DuplicateJsonObjectContextCustomizer@66c92293, org.springframework.boot.test.mock.mockito.MockitoContextCustomizer@307f9cca], contextLoader = 'org.springframework.test.context.support.DelegatingSmartContextLoader', parent = [null]], attributes = map['org.springframework.test.context.event.ApplicationEventsTestExecutionListener.recordApplicationEvents' -> false]], class annotated with @DirtiesContext [false] with mode [null], method annotated with @DirtiesContext [false] with mode [null].
18:48:02.898 [Test worker] DEBUG org.springframework.test.context.cache.DefaultCacheAwareContextLoaderDelegate - Retrieved ApplicationContext [1979787155] from cache with key [[MergedContextConfiguration@6995bf68 testClass = AuthRepositoryTest, locations = '{}', classes = '{class org.waldreg.repository.auth.MemoryAuthRepository, class org.waldreg.repository.MemoryUserStorage}', contextInitializerClasses = '[]', activeProfiles = '{}', propertySourceLocations = '{}', propertySourceProperties = '{}', contextCustomizers = set[org.springframework.boot.test.autoconfigure.actuate.metrics.MetricsExportContextCustomizerFactory$DisableMetricExportContextCustomizer@1fc32e4f, org.springframework.boot.test.autoconfigure.properties.PropertyMappingContextCustomizer@0, org.springframework.boot.test.autoconfigure.web.servlet.WebDriverContextCustomizerFactory$Customizer@5d066c7d, org.springframework.boot.test.context.filter.ExcludeFilterContextCustomizer@1603cd68, org.springframework.boot.test.json.DuplicateJsonObjectContextCustomizerFactory$DuplicateJsonObjectContextCustomizer@66c92293, org.springframework.boot.test.mock.mockito.MockitoContextCustomizer@307f9cca], contextLoader = 'org.springframework.test.context.support.DelegatingSmartContextLoader', parent = [null]]]
18:48:02.898 [Test worker] DEBUG org.springframework.test.context.cache - Spring test ApplicationContext cache statistics: [DefaultContextCache@5acc9fdf size = 1, maxSize = 32, parentContextCount = 0, hitCount = 27, missCount = 1]
18:48:02.898 [Test worker] DEBUG org.springframework.test.context.cache.DefaultCacheAwareContextLoaderDelegate - Retrieved ApplicationContext [1979787155] from cache with key [[MergedContextConfiguration@6995bf68 testClass = AuthRepositoryTest, locations = '{}', classes = '{class org.waldreg.repository.auth.MemoryAuthRepository, class org.waldreg.repository.MemoryUserStorage}', contextInitializerClasses = '[]', activeProfiles = '{}', propertySourceLocations = '{}', propertySourceProperties = '{}', contextCustomizers = set[org.springframework.boot.test.autoconfigure.actuate.metrics.MetricsExportContextCustomizerFactory$DisableMetricExportContextCustomizer@1fc32e4f, org.springframework.boot.test.autoconfigure.properties.PropertyMappingContextCustomizer@0, org.springframework.boot.test.autoconfigure.web.servlet.WebDriverContextCustomizerFactory$Customizer@5d066c7d, org.springframework.boot.test.context.filter.ExcludeFilterContextCustomizer@1603cd68, org.springframework.boot.test.json.DuplicateJsonObjectContextCustomizerFactory$DuplicateJsonObjectContextCustomizer@66c92293, org.springframework.boot.test.mock.mockito.MockitoContextCustomizer@307f9cca], contextLoader = 'org.springframework.test.context.support.DelegatingSmartContextLoader', parent = [null]]]
18:48:02.898 [Test worker] DEBUG org.springframework.test.context.cache - Spring test ApplicationContext cache statistics: [DefaultContextCache@5acc9fdf size = 1, maxSize = 32, parentContextCount = 0, hitCount = 28, missCount = 1]
18:48:02.899 [Test worker] DEBUG org.springframework.test.context.cache.DefaultCacheAwareContextLoaderDelegate - Retrieved ApplicationContext [1979787155] from cache with key [[MergedContextConfiguration@6995bf68 testClass = AuthRepositoryTest, locations = '{}', classes = '{class org.waldreg.repository.auth.MemoryAuthRepository, class org.waldreg.repository.MemoryUserStorage}', contextInitializerClasses = '[]', activeProfiles = '{}', propertySourceLocations = '{}', propertySourceProperties = '{}', contextCustomizers = set[org.springframework.boot.test.autoconfigure.actuate.metrics.MetricsExportContextCustomizerFactory$DisableMetricExportContextCustomizer@1fc32e4f, org.springframework.boot.test.autoconfigure.properties.PropertyMappingContextCustomizer@0, org.springframework.boot.test.autoconfigure.web.servlet.WebDriverContextCustomizerFactory$Customizer@5d066c7d, org.springframework.boot.test.context.filter.ExcludeFilterContextCustomizer@1603cd68, org.springframework.boot.test.json.DuplicateJsonObjectContextCustomizerFactory$DuplicateJsonObjectContextCustomizer@66c92293, org.springframework.boot.test.mock.mockito.MockitoContextCustomizer@307f9cca], contextLoader = 'org.springframework.test.context.support.DelegatingSmartContextLoader', parent = [null]]]
18:48:02.899 [Test worker] DEBUG org.springframework.test.context.cache - Spring test ApplicationContext cache statistics: [DefaultContextCache@5acc9fdf size = 1, maxSize = 32, parentContextCount = 0, hitCount = 29, missCount = 1]
18:48:02.899 [Test worker] DEBUG org.springframework.test.context.cache.DefaultCacheAwareContextLoaderDelegate - Retrieved ApplicationContext [1979787155] from cache with key [[MergedContextConfiguration@6995bf68 testClass = AuthRepositoryTest, locations = '{}', classes = '{class org.waldreg.repository.auth.MemoryAuthRepository, class org.waldreg.repository.MemoryUserStorage}', contextInitializerClasses = '[]', activeProfiles = '{}', propertySourceLocations = '{}', propertySourceProperties = '{}', contextCustomizers = set[org.springframework.boot.test.autoconfigure.actuate.metrics.MetricsExportContextCustomizerFactory$DisableMetricExportContextCustomizer@1fc32e4f, org.springframework.boot.test.autoconfigure.properties.PropertyMappingContextCustomizer@0, org.springframework.boot.test.autoconfigure.web.servlet.WebDriverContextCustomizerFactory$Customizer@5d066c7d, org.springframework.boot.test.context.filter.ExcludeFilterContextCustomizer@1603cd68, org.springframework.boot.test.json.DuplicateJsonObjectContextCustomizerFactory$DuplicateJsonObjectContextCustomizer@66c92293, org.springframework.boot.test.mock.mockito.MockitoContextCustomizer@307f9cca], contextLoader = 'org.springframework.test.context.support.DelegatingSmartContextLoader', parent = [null]]]
18:48:02.899 [Test worker] DEBUG org.springframework.test.context.cache - Spring test ApplicationContext cache statistics: [DefaultContextCache@5acc9fdf size = 1, maxSize = 32, parentContextCount = 0, hitCount = 30, missCount = 1]
18:48:02.899 [Test worker] DEBUG org.springframework.test.context.cache.DefaultCacheAwareContextLoaderDelegate - Retrieved ApplicationContext [1979787155] from cache with key [[MergedContextConfiguration@6995bf68 testClass = AuthRepositoryTest, locations = '{}', classes = '{class org.waldreg.repository.auth.MemoryAuthRepository, class org.waldreg.repository.MemoryUserStorage}', contextInitializerClasses = '[]', activeProfiles = '{}', propertySourceLocations = '{}', propertySourceProperties = '{}', contextCustomizers = set[org.springframework.boot.test.autoconfigure.actuate.metrics.MetricsExportContextCustomizerFactory$DisableMetricExportContextCustomizer@1fc32e4f, org.springframework.boot.test.autoconfigure.properties.PropertyMappingContextCustomizer@0, org.springframework.boot.test.autoconfigure.web.servlet.WebDriverContextCustomizerFactory$Customizer@5d066c7d, org.springframework.boot.test.context.filter.ExcludeFilterContextCustomizer@1603cd68, org.springframework.boot.test.json.DuplicateJsonObjectContextCustomizerFactory$DuplicateJsonObjectContextCustomizer@66c92293, org.springframework.boot.test.mock.mockito.MockitoContextCustomizer@307f9cca], contextLoader = 'org.springframework.test.context.support.DelegatingSmartContextLoader', parent = [null]]]
18:48:02.899 [Test worker] DEBUG org.springframework.test.context.cache - Spring test ApplicationContext cache statistics: [DefaultContextCache@5acc9fdf size = 1, maxSize = 32, parentContextCount = 0, hitCount = 31, missCount = 1]
18:48:02.899 [Test worker] DEBUG org.springframework.test.context.cache.DefaultCacheAwareContextLoaderDelegate - Retrieved ApplicationContext [1979787155] from cache with key [[MergedContextConfiguration@6995bf68 testClass = AuthRepositoryTest, locations = '{}', classes = '{class org.waldreg.repository.auth.MemoryAuthRepository, class org.waldreg.repository.MemoryUserStorage}', contextInitializerClasses = '[]', activeProfiles = '{}', propertySourceLocations = '{}', propertySourceProperties = '{}', contextCustomizers = set[org.springframework.boot.test.autoconfigure.actuate.metrics.MetricsExportContextCustomizerFactory$DisableMetricExportContextCustomizer@1fc32e4f, org.springframework.boot.test.autoconfigure.properties.PropertyMappingContextCustomizer@0, org.springframework.boot.test.autoconfigure.web.servlet.WebDriverContextCustomizerFactory$Customizer@5d066c7d, org.springframework.boot.test.context.filter.ExcludeFilterContextCustomizer@1603cd68, org.springframework.boot.test.json.DuplicateJsonObjectContextCustomizerFactory$DuplicateJsonObjectContextCustomizer@66c92293, org.springframework.boot.test.mock.mockito.MockitoContextCustomizer@307f9cca], contextLoader = 'org.springframework.test.context.support.DelegatingSmartContextLoader', parent = [null]]]
18:48:02.900 [Test worker] DEBUG org.springframework.test.context.cache - Spring test ApplicationContext cache statistics: [DefaultContextCache@5acc9fdf size = 1, maxSize = 32, parentContextCount = 0, hitCount = 32, missCount = 1]
18:48:02.900 [Test worker] DEBUG org.springframework.test.context.cache.DefaultCacheAwareContextLoaderDelegate - Retrieved ApplicationContext [1979787155] from cache with key [[MergedContextConfiguration@6995bf68 testClass = AuthRepositoryTest, locations = '{}', classes = '{class org.waldreg.repository.auth.MemoryAuthRepository, class org.waldreg.repository.MemoryUserStorage}', contextInitializerClasses = '[]', activeProfiles = '{}', propertySourceLocations = '{}', propertySourceProperties = '{}', contextCustomizers = set[org.springframework.boot.test.autoconfigure.actuate.metrics.MetricsExportContextCustomizerFactory$DisableMetricExportContextCustomizer@1fc32e4f, org.springframework.boot.test.autoconfigure.properties.PropertyMappingContextCustomizer@0, org.springframework.boot.test.autoconfigure.web.servlet.WebDriverContextCustomizerFactory$Customizer@5d066c7d, org.springframework.boot.test.context.filter.ExcludeFilterContextCustomizer@1603cd68, org.springframework.boot.test.json.DuplicateJsonObjectContextCustomizerFactory$DuplicateJsonObjectContextCustomizer@66c92293, org.springframework.boot.test.mock.mockito.MockitoContextCustomizer@307f9cca], contextLoader = 'org.springframework.test.context.support.DelegatingSmartContextLoader', parent = [null]]]
18:48:02.900 [Test worker] DEBUG org.springframework.test.context.cache - Spring test ApplicationContext cache statistics: [DefaultContextCache@5acc9fdf size = 1, maxSize = 32, parentContextCount = 0, hitCount = 33, missCount = 1]
18:48:02.900 [Test worker] DEBUG org.springframework.test.context.cache.DefaultCacheAwareContextLoaderDelegate - Retrieved ApplicationContext [1979787155] from cache with key [[MergedContextConfiguration@6995bf68 testClass = AuthRepositoryTest, locations = '{}', classes = '{class org.waldreg.repository.auth.MemoryAuthRepository, class org.waldreg.repository.MemoryUserStorage}', contextInitializerClasses = '[]', activeProfiles = '{}', propertySourceLocations = '{}', propertySourceProperties = '{}', contextCustomizers = set[org.springframework.boot.test.autoconfigure.actuate.metrics.MetricsExportContextCustomizerFactory$DisableMetricExportContextCustomizer@1fc32e4f, org.springframework.boot.test.autoconfigure.properties.PropertyMappingContextCustomizer@0, org.springframework.boot.test.autoconfigure.web.servlet.WebDriverContextCustomizerFactory$Customizer@5d066c7d, org.springframework.boot.test.context.filter.ExcludeFilterContextCustomizer@1603cd68, org.springframework.boot.test.json.DuplicateJsonObjectContextCustomizerFactory$DuplicateJsonObjectContextCustomizer@66c92293, org.springframework.boot.test.mock.mockito.MockitoContextCustomizer@307f9cca], contextLoader = 'org.springframework.test.context.support.DelegatingSmartContextLoader', parent = [null]]]
18:48:02.900 [Test worker] DEBUG org.springframework.test.context.cache - Spring test ApplicationContext cache statistics: [DefaultContextCache@5acc9fdf size = 1, maxSize = 32, parentContextCount = 0, hitCount = 34, missCount = 1]
18:48:02.900 [Test worker] DEBUG org.springframework.test.context.cache.DefaultCacheAwareContextLoaderDelegate - Retrieved ApplicationContext [1979787155] from cache with key [[MergedContextConfiguration@6995bf68 testClass = AuthRepositoryTest, locations = '{}', classes = '{class org.waldreg.repository.auth.MemoryAuthRepository, class org.waldreg.repository.MemoryUserStorage}', contextInitializerClasses = '[]', activeProfiles = '{}', propertySourceLocations = '{}', propertySourceProperties = '{}', contextCustomizers = set[org.springframework.boot.test.autoconfigure.actuate.metrics.MetricsExportContextCustomizerFactory$DisableMetricExportContextCustomizer@1fc32e4f, org.springframework.boot.test.autoconfigure.properties.PropertyMappingContextCustomizer@0, org.springframework.boot.test.autoconfigure.web.servlet.WebDriverContextCustomizerFactory$Customizer@5d066c7d, org.springframework.boot.test.context.filter.ExcludeFilterContextCustomizer@1603cd68, org.springframework.boot.test.json.DuplicateJsonObjectContextCustomizerFactory$DuplicateJsonObjectContextCustomizer@66c92293, org.springframework.boot.test.mock.mockito.MockitoContextCustomizer@307f9cca], contextLoader = 'org.springframework.test.context.support.DelegatingSmartContextLoader', parent = [null]]]
18:48:02.900 [Test worker] DEBUG org.springframework.test.context.cache - Spring test ApplicationContext cache statistics: [DefaultContextCache@5acc9fdf size = 1, maxSize = 32, parentContextCount = 0, hitCount = 35, missCount = 1]
18:48:02.900 [Test worker] DEBUG org.springframework.test.context.support.AbstractDirtiesContextTestExecutionListener - After test method: context [DefaultTestContext@4c51cf28 testClass = AuthRepositoryTest, testInstance = org.waldreg.repository.character.AuthRepositoryTest@7a0f244f, testMethod = READ_USER_BY_ID_TEST@AuthRepositoryTest, testException = [null], mergedContextConfiguration = [MergedContextConfiguration@6995bf68 testClass = AuthRepositoryTest, locations = '{}', classes = '{class org.waldreg.repository.auth.MemoryAuthRepository, class org.waldreg.repository.MemoryUserStorage}', contextInitializerClasses = '[]', activeProfiles = '{}', propertySourceLocations = '{}', propertySourceProperties = '{}', contextCustomizers = set[org.springframework.boot.test.autoconfigure.actuate.metrics.MetricsExportContextCustomizerFactory$DisableMetricExportContextCustomizer@1fc32e4f, org.springframework.boot.test.autoconfigure.properties.PropertyMappingContextCustomizer@0, org.springframework.boot.test.autoconfigure.web.servlet.WebDriverContextCustomizerFactory$Customizer@5d066c7d, org.springframework.boot.test.context.filter.ExcludeFilterContextCustomizer@1603cd68, org.springframework.boot.test.json.DuplicateJsonObjectContextCustomizerFactory$DuplicateJsonObjectContextCustomizer@66c92293, org.springframework.boot.test.mock.mockito.MockitoContextCustomizer@307f9cca], contextLoader = 'org.springframework.test.context.support.DelegatingSmartContextLoader', parent = [null]], attributes = map['org.springframework.test.context.event.ApplicationEventsTestExecutionListener.recordApplicationEvents' -> false]], class annotated with @DirtiesContext [false] with mode [null], method annotated with @DirtiesContext [false] with mode [null].
18:48:02.901 [Test worker] DEBUG org.springframework.test.context.cache.DefaultCacheAwareContextLoaderDelegate - Retrieved ApplicationContext [1979787155] from cache with key [[MergedContextConfiguration@6995bf68 testClass = AuthRepositoryTest, locations = '{}', classes = '{class org.waldreg.repository.auth.MemoryAuthRepository, class org.waldreg.repository.MemoryUserStorage}', contextInitializerClasses = '[]', activeProfiles = '{}', propertySourceLocations = '{}', propertySourceProperties = '{}', contextCustomizers = set[org.springframework.boot.test.autoconfigure.actuate.metrics.MetricsExportContextCustomizerFactory$DisableMetricExportContextCustomizer@1fc32e4f, org.springframework.boot.test.autoconfigure.properties.PropertyMappingContextCustomizer@0, org.springframework.boot.test.autoconfigure.web.servlet.WebDriverContextCustomizerFactory$Customizer@5d066c7d, org.springframework.boot.test.context.filter.ExcludeFilterContextCustomizer@1603cd68, org.springframework.boot.test.json.DuplicateJsonObjectContextCustomizerFactory$DuplicateJsonObjectContextCustomizer@66c92293, org.springframework.boot.test.mock.mockito.MockitoContextCustomizer@307f9cca], contextLoader = 'org.springframework.test.context.support.DelegatingSmartContextLoader', parent = [null]]]
18:48:02.901 [Test worker] DEBUG org.springframework.test.context.cache - Spring test ApplicationContext cache statistics: [DefaultContextCache@5acc9fdf size = 1, maxSize = 32, parentContextCount = 0, hitCount = 36, missCount = 1]
18:48:02.901 [Test worker] DEBUG org.springframework.test.context.support.AbstractDirtiesContextTestExecutionListener - After test class: context [DefaultTestContext@4c51cf28 testClass = AuthRepositoryTest, testInstance = [null], testMethod = [null], testException = [null], mergedContextConfiguration = [MergedContextConfiguration@6995bf68 testClass = AuthRepositoryTest, locations = '{}', classes = '{class org.waldreg.repository.auth.MemoryAuthRepository, class org.waldreg.repository.MemoryUserStorage}', contextInitializerClasses = '[]', activeProfiles = '{}', propertySourceLocations = '{}', propertySourceProperties = '{}', contextCustomizers = set[org.springframework.boot.test.autoconfigure.actuate.metrics.MetricsExportContextCustomizerFactory$DisableMetricExportContextCustomizer@1fc32e4f, org.springframework.boot.test.autoconfigure.properties.PropertyMappingContextCustomizer@0, org.springframework.boot.test.autoconfigure.web.servlet.WebDriverContextCustomizerFactory$Customizer@5d066c7d, org.springframework.boot.test.context.filter.ExcludeFilterContextCustomizer@1603cd68, org.springframework.boot.test.json.DuplicateJsonObjectContextCustomizerFactory$DuplicateJsonObjectContextCustomizer@66c92293, org.springframework.boot.test.mock.mockito.MockitoContextCustomizer@307f9cca], contextLoader = 'org.springframework.test.context.support.DelegatingSmartContextLoader', parent = [null]], attributes = map['org.springframework.test.context.event.ApplicationEventsTestExecutionListener.recordApplicationEvents' -> false]], class annotated with @DirtiesContext [false] with mode [null].
]]></system-out>
  <system-err><![CDATA[]]></system-err>
</testsuite>
