<?xml version="1.0" encoding="UTF-8"?>
<testsuite name="org.waldreg.board.reaction.ReactionManagerTest" tests="3" skipped="0" failures="0" errors="0" timestamp="2023-06-27T14:36:56" hostname="xb-apple.local" time="0.005">
  <properties/>
  <testcase name="반응 남기기 요청 성공" classname="org.waldreg.board.reaction.ReactionManagerTest" time="0.002"/>
  <testcase name="반응 남기기 요청 실패 - 없는 게시글" classname="org.waldreg.board.reaction.ReactionManagerTest" time="0.002"/>
  <testcase name="반응 남기기 요청 실패 - 없는 타입의 반응" classname="org.waldreg.board.reaction.ReactionManagerTest" time="0.001"/>
  <system-out><![CDATA[23:36:56.873 [Test worker] DEBUG org.springframework.test.context.BootstrapUtils - Instantiating CacheAwareContextLoaderDelegate from class [org.springframework.test.context.cache.DefaultCacheAwareContextLoaderDelegate]
23:36:56.873 [Test worker] DEBUG org.springframework.test.context.BootstrapUtils - Instantiating BootstrapContext using constructor [public org.springframework.test.context.support.DefaultBootstrapContext(java.lang.Class,org.springframework.test.context.CacheAwareContextLoaderDelegate)]
23:36:56.873 [Test worker] DEBUG org.springframework.test.context.BootstrapUtils - Instantiating TestContextBootstrapper for test class [org.waldreg.board.reaction.ReactionManagerTest] from class [org.springframework.test.context.support.DefaultTestContextBootstrapper]
23:36:56.873 [Test worker] DEBUG org.springframework.test.context.support.AbstractDelegatingSmartContextLoader - Delegating to AnnotationConfigContextLoader to process context configuration [ContextConfigurationAttributes@b34832b declaringClass = 'org.waldreg.board.reaction.ReactionManagerTest', classes = '{class org.waldreg.board.reaction.management.DefaultReactionManager, class org.waldreg.util.token.DecryptedTokenContext}', locations = '{}', inheritLocations = true, initializers = '{}', inheritInitializers = true, name = [null], contextLoaderClass = 'org.springframework.test.context.ContextLoader'].
23:36:56.873 [Test worker] DEBUG org.springframework.test.context.support.ActiveProfilesUtils - Could not find an 'annotation declaring class' for annotation type [org.springframework.test.context.ActiveProfiles] and class [org.waldreg.board.reaction.ReactionManagerTest]
23:36:56.873 [Test worker] DEBUG org.springframework.test.context.support.DefaultTestContextBootstrapper - @TestExecutionListeners is not present for class [org.waldreg.board.reaction.ReactionManagerTest]: using defaults.
23:36:56.873 [Test worker] INFO org.springframework.test.context.support.DefaultTestContextBootstrapper - Loaded default TestExecutionListener class names from location [META-INF/spring.factories]: [org.springframework.boot.test.autoconfigure.restdocs.RestDocsTestExecutionListener, org.springframework.boot.test.autoconfigure.web.client.MockRestServiceServerResetTestExecutionListener, org.springframework.boot.test.autoconfigure.web.servlet.MockMvcPrintOnlyOnFailureTestExecutionListener, org.springframework.boot.test.autoconfigure.web.servlet.WebDriverTestExecutionListener, org.springframework.boot.test.autoconfigure.webservices.client.MockWebServiceServerTestExecutionListener, org.springframework.boot.test.mock.mockito.MockitoTestExecutionListener, org.springframework.boot.test.mock.mockito.ResetMocksTestExecutionListener, org.springframework.test.context.web.ServletTestExecutionListener, org.springframework.test.context.support.DirtiesContextBeforeModesTestExecutionListener, org.springframework.test.context.event.ApplicationEventsTestExecutionListener, org.springframework.test.context.support.DependencyInjectionTestExecutionListener, org.springframework.test.context.support.DirtiesContextTestExecutionListener, org.springframework.test.context.transaction.TransactionalTestExecutionListener, org.springframework.test.context.jdbc.SqlScriptsTestExecutionListener, org.springframework.test.context.event.EventPublishingTestExecutionListener]
23:36:56.874 [Test worker] DEBUG org.springframework.test.context.support.DefaultTestContextBootstrapper - Skipping candidate TestExecutionListener [org.springframework.test.context.transaction.TransactionalTestExecutionListener] due to a missing dependency. Specify custom listener classes or make the default listener classes and their required dependencies available. Offending class: [org/springframework/transaction/interceptor/TransactionAttributeSource]
23:36:56.874 [Test worker] DEBUG org.springframework.test.context.support.DefaultTestContextBootstrapper - Skipping candidate TestExecutionListener [org.springframework.test.context.jdbc.SqlScriptsTestExecutionListener] due to a missing dependency. Specify custom listener classes or make the default listener classes and their required dependencies available. Offending class: [org/springframework/transaction/interceptor/TransactionAttribute]
23:36:56.874 [Test worker] INFO org.springframework.test.context.support.DefaultTestContextBootstrapper - Using TestExecutionListeners: [org.springframework.test.context.web.ServletTestExecutionListener@3f183caa, org.springframework.test.context.support.DirtiesContextBeforeModesTestExecutionListener@7b66322e, org.springframework.test.context.event.ApplicationEventsTestExecutionListener@63538bb4, org.springframework.boot.test.mock.mockito.MockitoTestExecutionListener@24534cb0, org.springframework.test.context.support.DependencyInjectionTestExecutionListener@5a50d9fc, org.springframework.test.context.support.DirtiesContextTestExecutionListener@106d77da, org.springframework.test.context.event.EventPublishingTestExecutionListener@6f9c5048, org.springframework.boot.test.autoconfigure.restdocs.RestDocsTestExecutionListener@5114b7c7, org.springframework.boot.test.autoconfigure.web.client.MockRestServiceServerResetTestExecutionListener@dd71b20, org.springframework.boot.test.autoconfigure.web.servlet.MockMvcPrintOnlyOnFailureTestExecutionListener@767f6ee7, org.springframework.boot.test.autoconfigure.web.servlet.WebDriverTestExecutionListener@7b6c6e70, org.springframework.boot.test.autoconfigure.webservices.client.MockWebServiceServerTestExecutionListener@f324455, org.springframework.boot.test.mock.mockito.ResetMocksTestExecutionListener@3a894088]
23:36:56.874 [Test worker] DEBUG org.springframework.test.context.support.AbstractDirtiesContextTestExecutionListener - Before test class: context [DefaultTestContext@370c1968 testClass = ReactionManagerTest, testInstance = [null], testMethod = [null], testException = [null], mergedContextConfiguration = [MergedContextConfiguration@2f0bfe17 testClass = ReactionManagerTest, locations = '{}', classes = '{class org.waldreg.board.reaction.management.DefaultReactionManager, class org.waldreg.util.token.DecryptedTokenContext}', contextInitializerClasses = '[]', activeProfiles = '{}', propertySourceLocations = '{}', propertySourceProperties = '{}', contextCustomizers = set[org.springframework.boot.test.autoconfigure.actuate.metrics.MetricsExportContextCustomizerFactory$DisableMetricExportContextCustomizer@62010f5c, org.springframework.boot.test.autoconfigure.properties.PropertyMappingContextCustomizer@0, org.springframework.boot.test.autoconfigure.web.servlet.WebDriverContextCustomizerFactory$Customizer@73cd37c0, org.springframework.boot.test.context.filter.ExcludeFilterContextCustomizer@5a2d131d, org.springframework.boot.test.json.DuplicateJsonObjectContextCustomizerFactory$DuplicateJsonObjectContextCustomizer@1c93f6e1, org.springframework.boot.test.mock.mockito.MockitoContextCustomizer@7b782dea], contextLoader = 'org.springframework.test.context.support.DelegatingSmartContextLoader', parent = [null]], attributes = map[[empty]]], class annotated with @DirtiesContext [false] with mode [null].
23:36:56.874 [Test worker] DEBUG org.springframework.test.context.support.AbstractDelegatingSmartContextLoader - Delegating to AnnotationConfigContextLoader to load context from [MergedContextConfiguration@2f0bfe17 testClass = ReactionManagerTest, locations = '{}', classes = '{class org.waldreg.board.reaction.management.DefaultReactionManager, class org.waldreg.util.token.DecryptedTokenContext}', contextInitializerClasses = '[]', activeProfiles = '{}', propertySourceLocations = '{}', propertySourceProperties = '{}', contextCustomizers = set[org.springframework.boot.test.autoconfigure.actuate.metrics.MetricsExportContextCustomizerFactory$DisableMetricExportContextCustomizer@62010f5c, org.springframework.boot.test.autoconfigure.properties.PropertyMappingContextCustomizer@0, org.springframework.boot.test.autoconfigure.web.servlet.WebDriverContextCustomizerFactory$Customizer@73cd37c0, org.springframework.boot.test.context.filter.ExcludeFilterContextCustomizer@5a2d131d, org.springframework.boot.test.json.DuplicateJsonObjectContextCustomizerFactory$DuplicateJsonObjectContextCustomizer@1c93f6e1, org.springframework.boot.test.mock.mockito.MockitoContextCustomizer@7b782dea], contextLoader = 'org.springframework.test.context.support.DelegatingSmartContextLoader', parent = [null]].
23:36:56.874 [Test worker] DEBUG org.springframework.test.context.support.AbstractGenericContextLoader - Loading ApplicationContext for merged context configuration [[MergedContextConfiguration@2f0bfe17 testClass = ReactionManagerTest, locations = '{}', classes = '{class org.waldreg.board.reaction.management.DefaultReactionManager, class org.waldreg.util.token.DecryptedTokenContext}', contextInitializerClasses = '[]', activeProfiles = '{}', propertySourceLocations = '{}', propertySourceProperties = '{}', contextCustomizers = set[org.springframework.boot.test.autoconfigure.actuate.metrics.MetricsExportContextCustomizerFactory$DisableMetricExportContextCustomizer@62010f5c, org.springframework.boot.test.autoconfigure.properties.PropertyMappingContextCustomizer@0, org.springframework.boot.test.autoconfigure.web.servlet.WebDriverContextCustomizerFactory$Customizer@73cd37c0, org.springframework.boot.test.context.filter.ExcludeFilterContextCustomizer@5a2d131d, org.springframework.boot.test.json.DuplicateJsonObjectContextCustomizerFactory$DuplicateJsonObjectContextCustomizer@1c93f6e1, org.springframework.boot.test.mock.mockito.MockitoContextCustomizer@7b782dea], contextLoader = 'org.springframework.test.context.support.DelegatingSmartContextLoader', parent = [null]]].
23:36:56.874 [Test worker] DEBUG org.springframework.core.env.StandardEnvironment - Activating profiles []
23:36:56.874 [Test worker] DEBUG org.springframework.test.context.support.AnnotationConfigContextLoader - Registering component classes: {class org.waldreg.board.reaction.management.DefaultReactionManager, class org.waldreg.util.token.DecryptedTokenContext}
23:36:56.875 [Test worker] DEBUG org.springframework.context.support.GenericApplicationContext - Refreshing org.springframework.context.support.GenericApplicationContext@3206174f
23:36:56.875 [Test worker] DEBUG org.springframework.beans.factory.support.DefaultListableBeanFactory - Creating shared instance of singleton bean 'org.springframework.context.annotation.internalConfigurationAnnotationProcessor'
23:36:56.875 [Test worker] DEBUG org.springframework.beans.factory.support.DefaultListableBeanFactory - Creating shared instance of singleton bean 'org.springframework.boot.test.mock.mockito.MockitoPostProcessor'
23:36:56.881 [Test worker] DEBUG org.springframework.beans.factory.support.DefaultListableBeanFactory - Creating shared instance of singleton bean 'org.springframework.context.event.internalEventListenerProcessor'
23:36:56.881 [Test worker] DEBUG org.springframework.beans.factory.support.DefaultListableBeanFactory - Creating shared instance of singleton bean 'org.springframework.context.event.internalEventListenerFactory'
23:36:56.881 [Test worker] DEBUG org.springframework.beans.factory.support.DefaultListableBeanFactory - Creating shared instance of singleton bean 'org.springframework.context.annotation.internalAutowiredAnnotationProcessor'
23:36:56.881 [Test worker] DEBUG org.springframework.beans.factory.support.DefaultListableBeanFactory - Creating shared instance of singleton bean 'org.springframework.context.annotation.internalCommonAnnotationProcessor'
23:36:56.881 [Test worker] DEBUG org.springframework.beans.factory.support.DefaultListableBeanFactory - Creating shared instance of singleton bean 'org.springframework.boot.test.mock.mockito.MockitoPostProcessor$SpyPostProcessor'
23:36:56.881 [Test worker] DEBUG org.springframework.beans.factory.support.DefaultListableBeanFactory - Creating shared instance of singleton bean 'defaultReactionManager'
23:36:56.882 [Test worker] DEBUG org.springframework.beans.factory.support.DefaultListableBeanFactory - Autowiring by type from bean name 'defaultReactionManager' via constructor to bean named 'org.waldreg.board.reaction.spi.ReactionInBoardRepository#0'
23:36:56.882 [Test worker] DEBUG org.springframework.beans.factory.support.DefaultListableBeanFactory - Autowiring by type from bean name 'defaultReactionManager' via constructor to bean named 'org.waldreg.board.reaction.spi.ReactionUserRepository#0'
23:36:56.883 [Test worker] DEBUG org.springframework.beans.factory.support.DefaultListableBeanFactory - Creating shared instance of singleton bean 'decryptedTokenContext'
23:36:56.883 [Test worker] DEBUG org.springframework.test.context.cache.DefaultCacheAwareContextLoaderDelegate - Storing ApplicationContext [839259983] in cache under key [[MergedContextConfiguration@2f0bfe17 testClass = ReactionManagerTest, locations = '{}', classes = '{class org.waldreg.board.reaction.management.DefaultReactionManager, class org.waldreg.util.token.DecryptedTokenContext}', contextInitializerClasses = '[]', activeProfiles = '{}', propertySourceLocations = '{}', propertySourceProperties = '{}', contextCustomizers = set[org.springframework.boot.test.autoconfigure.actuate.metrics.MetricsExportContextCustomizerFactory$DisableMetricExportContextCustomizer@62010f5c, org.springframework.boot.test.autoconfigure.properties.PropertyMappingContextCustomizer@0, org.springframework.boot.test.autoconfigure.web.servlet.WebDriverContextCustomizerFactory$Customizer@73cd37c0, org.springframework.boot.test.context.filter.ExcludeFilterContextCustomizer@5a2d131d, org.springframework.boot.test.json.DuplicateJsonObjectContextCustomizerFactory$DuplicateJsonObjectContextCustomizer@1c93f6e1, org.springframework.boot.test.mock.mockito.MockitoContextCustomizer@7b782dea], contextLoader = 'org.springframework.test.context.support.DelegatingSmartContextLoader', parent = [null]]]
23:36:56.883 [Test worker] DEBUG org.springframework.test.context.cache - Spring test ApplicationContext cache statistics: [DefaultContextCache@4afd21c6 size = 5, maxSize = 32, parentContextCount = 0, hitCount = 480, missCount = 5]
23:36:56.883 [Test worker] DEBUG org.springframework.test.context.support.DependencyInjectionTestExecutionListener - Performing dependency injection for test context [[DefaultTestContext@370c1968 testClass = ReactionManagerTest, testInstance = org.waldreg.board.reaction.ReactionManagerTest@4b76aa5a, testMethod = [null], testException = [null], mergedContextConfiguration = [MergedContextConfiguration@2f0bfe17 testClass = ReactionManagerTest, locations = '{}', classes = '{class org.waldreg.board.reaction.management.DefaultReactionManager, class org.waldreg.util.token.DecryptedTokenContext}', contextInitializerClasses = '[]', activeProfiles = '{}', propertySourceLocations = '{}', propertySourceProperties = '{}', contextCustomizers = set[org.springframework.boot.test.autoconfigure.actuate.metrics.MetricsExportContextCustomizerFactory$DisableMetricExportContextCustomizer@62010f5c, org.springframework.boot.test.autoconfigure.properties.PropertyMappingContextCustomizer@0, org.springframework.boot.test.autoconfigure.web.servlet.WebDriverContextCustomizerFactory$Customizer@73cd37c0, org.springframework.boot.test.context.filter.ExcludeFilterContextCustomizer@5a2d131d, org.springframework.boot.test.json.DuplicateJsonObjectContextCustomizerFactory$DuplicateJsonObjectContextCustomizer@1c93f6e1, org.springframework.boot.test.mock.mockito.MockitoContextCustomizer@7b782dea], contextLoader = 'org.springframework.test.context.support.DelegatingSmartContextLoader', parent = [null]], attributes = map['org.springframework.test.context.event.ApplicationEventsTestExecutionListener.recordApplicationEvents' -> false]]].
23:36:56.883 [Test worker] DEBUG org.springframework.test.context.cache.DefaultCacheAwareContextLoaderDelegate - Retrieved ApplicationContext [839259983] from cache with key [[MergedContextConfiguration@2f0bfe17 testClass = ReactionManagerTest, locations = '{}', classes = '{class org.waldreg.board.reaction.management.DefaultReactionManager, class org.waldreg.util.token.DecryptedTokenContext}', contextInitializerClasses = '[]', activeProfiles = '{}', propertySourceLocations = '{}', propertySourceProperties = '{}', contextCustomizers = set[org.springframework.boot.test.autoconfigure.actuate.metrics.MetricsExportContextCustomizerFactory$DisableMetricExportContextCustomizer@62010f5c, org.springframework.boot.test.autoconfigure.properties.PropertyMappingContextCustomizer@0, org.springframework.boot.test.autoconfigure.web.servlet.WebDriverContextCustomizerFactory$Customizer@73cd37c0, org.springframework.boot.test.context.filter.ExcludeFilterContextCustomizer@5a2d131d, org.springframework.boot.test.json.DuplicateJsonObjectContextCustomizerFactory$DuplicateJsonObjectContextCustomizer@1c93f6e1, org.springframework.boot.test.mock.mockito.MockitoContextCustomizer@7b782dea], contextLoader = 'org.springframework.test.context.support.DelegatingSmartContextLoader', parent = [null]]]
23:36:56.883 [Test worker] DEBUG org.springframework.test.context.cache - Spring test ApplicationContext cache statistics: [DefaultContextCache@4afd21c6 size = 5, maxSize = 32, parentContextCount = 0, hitCount = 481, missCount = 5]
23:36:56.884 [Test worker] DEBUG org.springframework.test.context.cache.DefaultCacheAwareContextLoaderDelegate - Retrieved ApplicationContext [839259983] from cache with key [[MergedContextConfiguration@2f0bfe17 testClass = ReactionManagerTest, locations = '{}', classes = '{class org.waldreg.board.reaction.management.DefaultReactionManager, class org.waldreg.util.token.DecryptedTokenContext}', contextInitializerClasses = '[]', activeProfiles = '{}', propertySourceLocations = '{}', propertySourceProperties = '{}', contextCustomizers = set[org.springframework.boot.test.autoconfigure.actuate.metrics.MetricsExportContextCustomizerFactory$DisableMetricExportContextCustomizer@62010f5c, org.springframework.boot.test.autoconfigure.properties.PropertyMappingContextCustomizer@0, org.springframework.boot.test.autoconfigure.web.servlet.WebDriverContextCustomizerFactory$Customizer@73cd37c0, org.springframework.boot.test.context.filter.ExcludeFilterContextCustomizer@5a2d131d, org.springframework.boot.test.json.DuplicateJsonObjectContextCustomizerFactory$DuplicateJsonObjectContextCustomizer@1c93f6e1, org.springframework.boot.test.mock.mockito.MockitoContextCustomizer@7b782dea], contextLoader = 'org.springframework.test.context.support.DelegatingSmartContextLoader', parent = [null]]]
23:36:56.884 [Test worker] DEBUG org.springframework.test.context.cache - Spring test ApplicationContext cache statistics: [DefaultContextCache@4afd21c6 size = 5, maxSize = 32, parentContextCount = 0, hitCount = 482, missCount = 5]
23:36:56.884 [Test worker] DEBUG org.springframework.test.context.support.AbstractDirtiesContextTestExecutionListener - Before test method: context [DefaultTestContext@370c1968 testClass = ReactionManagerTest, testInstance = org.waldreg.board.reaction.ReactionManagerTest@4b76aa5a, testMethod = ADD_REACTION_SUCCESS_TEST@ReactionManagerTest, testException = [null], mergedContextConfiguration = [MergedContextConfiguration@2f0bfe17 testClass = ReactionManagerTest, locations = '{}', classes = '{class org.waldreg.board.reaction.management.DefaultReactionManager, class org.waldreg.util.token.DecryptedTokenContext}', contextInitializerClasses = '[]', activeProfiles = '{}', propertySourceLocations = '{}', propertySourceProperties = '{}', contextCustomizers = set[org.springframework.boot.test.autoconfigure.actuate.metrics.MetricsExportContextCustomizerFactory$DisableMetricExportContextCustomizer@62010f5c, org.springframework.boot.test.autoconfigure.properties.PropertyMappingContextCustomizer@0, org.springframework.boot.test.autoconfigure.web.servlet.WebDriverContextCustomizerFactory$Customizer@73cd37c0, org.springframework.boot.test.context.filter.ExcludeFilterContextCustomizer@5a2d131d, org.springframework.boot.test.json.DuplicateJsonObjectContextCustomizerFactory$DuplicateJsonObjectContextCustomizer@1c93f6e1, org.springframework.boot.test.mock.mockito.MockitoContextCustomizer@7b782dea], contextLoader = 'org.springframework.test.context.support.DelegatingSmartContextLoader', parent = [null]], attributes = map['org.springframework.test.context.event.ApplicationEventsTestExecutionListener.recordApplicationEvents' -> false]], class annotated with @DirtiesContext [false] with mode [null], method annotated with @DirtiesContext [false] with mode [null].
23:36:56.884 [Test worker] DEBUG org.springframework.test.context.cache.DefaultCacheAwareContextLoaderDelegate - Retrieved ApplicationContext [839259983] from cache with key [[MergedContextConfiguration@2f0bfe17 testClass = ReactionManagerTest, locations = '{}', classes = '{class org.waldreg.board.reaction.management.DefaultReactionManager, class org.waldreg.util.token.DecryptedTokenContext}', contextInitializerClasses = '[]', activeProfiles = '{}', propertySourceLocations = '{}', propertySourceProperties = '{}', contextCustomizers = set[org.springframework.boot.test.autoconfigure.actuate.metrics.MetricsExportContextCustomizerFactory$DisableMetricExportContextCustomizer@62010f5c, org.springframework.boot.test.autoconfigure.properties.PropertyMappingContextCustomizer@0, org.springframework.boot.test.autoconfigure.web.servlet.WebDriverContextCustomizerFactory$Customizer@73cd37c0, org.springframework.boot.test.context.filter.ExcludeFilterContextCustomizer@5a2d131d, org.springframework.boot.test.json.DuplicateJsonObjectContextCustomizerFactory$DuplicateJsonObjectContextCustomizer@1c93f6e1, org.springframework.boot.test.mock.mockito.MockitoContextCustomizer@7b782dea], contextLoader = 'org.springframework.test.context.support.DelegatingSmartContextLoader', parent = [null]]]
23:36:56.884 [Test worker] DEBUG org.springframework.test.context.cache - Spring test ApplicationContext cache statistics: [DefaultContextCache@4afd21c6 size = 5, maxSize = 32, parentContextCount = 0, hitCount = 483, missCount = 5]
23:36:56.885 [Test worker] DEBUG org.springframework.test.context.cache.DefaultCacheAwareContextLoaderDelegate - Retrieved ApplicationContext [839259983] from cache with key [[MergedContextConfiguration@2f0bfe17 testClass = ReactionManagerTest, locations = '{}', classes = '{class org.waldreg.board.reaction.management.DefaultReactionManager, class org.waldreg.util.token.DecryptedTokenContext}', contextInitializerClasses = '[]', activeProfiles = '{}', propertySourceLocations = '{}', propertySourceProperties = '{}', contextCustomizers = set[org.springframework.boot.test.autoconfigure.actuate.metrics.MetricsExportContextCustomizerFactory$DisableMetricExportContextCustomizer@62010f5c, org.springframework.boot.test.autoconfigure.properties.PropertyMappingContextCustomizer@0, org.springframework.boot.test.autoconfigure.web.servlet.WebDriverContextCustomizerFactory$Customizer@73cd37c0, org.springframework.boot.test.context.filter.ExcludeFilterContextCustomizer@5a2d131d, org.springframework.boot.test.json.DuplicateJsonObjectContextCustomizerFactory$DuplicateJsonObjectContextCustomizer@1c93f6e1, org.springframework.boot.test.mock.mockito.MockitoContextCustomizer@7b782dea], contextLoader = 'org.springframework.test.context.support.DelegatingSmartContextLoader', parent = [null]]]
23:36:56.885 [Test worker] DEBUG org.springframework.test.context.cache - Spring test ApplicationContext cache statistics: [DefaultContextCache@4afd21c6 size = 5, maxSize = 32, parentContextCount = 0, hitCount = 484, missCount = 5]
23:36:56.885 [Test worker] DEBUG org.springframework.test.context.cache.DefaultCacheAwareContextLoaderDelegate - Retrieved ApplicationContext [839259983] from cache with key [[MergedContextConfiguration@2f0bfe17 testClass = ReactionManagerTest, locations = '{}', classes = '{class org.waldreg.board.reaction.management.DefaultReactionManager, class org.waldreg.util.token.DecryptedTokenContext}', contextInitializerClasses = '[]', activeProfiles = '{}', propertySourceLocations = '{}', propertySourceProperties = '{}', contextCustomizers = set[org.springframework.boot.test.autoconfigure.actuate.metrics.MetricsExportContextCustomizerFactory$DisableMetricExportContextCustomizer@62010f5c, org.springframework.boot.test.autoconfigure.properties.PropertyMappingContextCustomizer@0, org.springframework.boot.test.autoconfigure.web.servlet.WebDriverContextCustomizerFactory$Customizer@73cd37c0, org.springframework.boot.test.context.filter.ExcludeFilterContextCustomizer@5a2d131d, org.springframework.boot.test.json.DuplicateJsonObjectContextCustomizerFactory$DuplicateJsonObjectContextCustomizer@1c93f6e1, org.springframework.boot.test.mock.mockito.MockitoContextCustomizer@7b782dea], contextLoader = 'org.springframework.test.context.support.DelegatingSmartContextLoader', parent = [null]]]
23:36:56.885 [Test worker] DEBUG org.springframework.test.context.cache - Spring test ApplicationContext cache statistics: [DefaultContextCache@4afd21c6 size = 5, maxSize = 32, parentContextCount = 0, hitCount = 485, missCount = 5]
23:36:56.886 [Test worker] DEBUG org.springframework.test.context.cache.DefaultCacheAwareContextLoaderDelegate - Retrieved ApplicationContext [839259983] from cache with key [[MergedContextConfiguration@2f0bfe17 testClass = ReactionManagerTest, locations = '{}', classes = '{class org.waldreg.board.reaction.management.DefaultReactionManager, class org.waldreg.util.token.DecryptedTokenContext}', contextInitializerClasses = '[]', activeProfiles = '{}', propertySourceLocations = '{}', propertySourceProperties = '{}', contextCustomizers = set[org.springframework.boot.test.autoconfigure.actuate.metrics.MetricsExportContextCustomizerFactory$DisableMetricExportContextCustomizer@62010f5c, org.springframework.boot.test.autoconfigure.properties.PropertyMappingContextCustomizer@0, org.springframework.boot.test.autoconfigure.web.servlet.WebDriverContextCustomizerFactory$Customizer@73cd37c0, org.springframework.boot.test.context.filter.ExcludeFilterContextCustomizer@5a2d131d, org.springframework.boot.test.json.DuplicateJsonObjectContextCustomizerFactory$DuplicateJsonObjectContextCustomizer@1c93f6e1, org.springframework.boot.test.mock.mockito.MockitoContextCustomizer@7b782dea], contextLoader = 'org.springframework.test.context.support.DelegatingSmartContextLoader', parent = [null]]]
23:36:56.886 [Test worker] DEBUG org.springframework.test.context.cache - Spring test ApplicationContext cache statistics: [DefaultContextCache@4afd21c6 size = 5, maxSize = 32, parentContextCount = 0, hitCount = 486, missCount = 5]
23:36:56.886 [Test worker] DEBUG org.springframework.test.context.cache.DefaultCacheAwareContextLoaderDelegate - Retrieved ApplicationContext [839259983] from cache with key [[MergedContextConfiguration@2f0bfe17 testClass = ReactionManagerTest, locations = '{}', classes = '{class org.waldreg.board.reaction.management.DefaultReactionManager, class org.waldreg.util.token.DecryptedTokenContext}', contextInitializerClasses = '[]', activeProfiles = '{}', propertySourceLocations = '{}', propertySourceProperties = '{}', contextCustomizers = set[org.springframework.boot.test.autoconfigure.actuate.metrics.MetricsExportContextCustomizerFactory$DisableMetricExportContextCustomizer@62010f5c, org.springframework.boot.test.autoconfigure.properties.PropertyMappingContextCustomizer@0, org.springframework.boot.test.autoconfigure.web.servlet.WebDriverContextCustomizerFactory$Customizer@73cd37c0, org.springframework.boot.test.context.filter.ExcludeFilterContextCustomizer@5a2d131d, org.springframework.boot.test.json.DuplicateJsonObjectContextCustomizerFactory$DuplicateJsonObjectContextCustomizer@1c93f6e1, org.springframework.boot.test.mock.mockito.MockitoContextCustomizer@7b782dea], contextLoader = 'org.springframework.test.context.support.DelegatingSmartContextLoader', parent = [null]]]
23:36:56.886 [Test worker] DEBUG org.springframework.test.context.cache - Spring test ApplicationContext cache statistics: [DefaultContextCache@4afd21c6 size = 5, maxSize = 32, parentContextCount = 0, hitCount = 487, missCount = 5]
23:36:56.886 [Test worker] DEBUG org.springframework.test.context.cache.DefaultCacheAwareContextLoaderDelegate - Retrieved ApplicationContext [839259983] from cache with key [[MergedContextConfiguration@2f0bfe17 testClass = ReactionManagerTest, locations = '{}', classes = '{class org.waldreg.board.reaction.management.DefaultReactionManager, class org.waldreg.util.token.DecryptedTokenContext}', contextInitializerClasses = '[]', activeProfiles = '{}', propertySourceLocations = '{}', propertySourceProperties = '{}', contextCustomizers = set[org.springframework.boot.test.autoconfigure.actuate.metrics.MetricsExportContextCustomizerFactory$DisableMetricExportContextCustomizer@62010f5c, org.springframework.boot.test.autoconfigure.properties.PropertyMappingContextCustomizer@0, org.springframework.boot.test.autoconfigure.web.servlet.WebDriverContextCustomizerFactory$Customizer@73cd37c0, org.springframework.boot.test.context.filter.ExcludeFilterContextCustomizer@5a2d131d, org.springframework.boot.test.json.DuplicateJsonObjectContextCustomizerFactory$DuplicateJsonObjectContextCustomizer@1c93f6e1, org.springframework.boot.test.mock.mockito.MockitoContextCustomizer@7b782dea], contextLoader = 'org.springframework.test.context.support.DelegatingSmartContextLoader', parent = [null]]]
23:36:56.886 [Test worker] DEBUG org.springframework.test.context.cache - Spring test ApplicationContext cache statistics: [DefaultContextCache@4afd21c6 size = 5, maxSize = 32, parentContextCount = 0, hitCount = 488, missCount = 5]
23:36:56.886 [Test worker] DEBUG org.springframework.test.context.cache.DefaultCacheAwareContextLoaderDelegate - Retrieved ApplicationContext [839259983] from cache with key [[MergedContextConfiguration@2f0bfe17 testClass = ReactionManagerTest, locations = '{}', classes = '{class org.waldreg.board.reaction.management.DefaultReactionManager, class org.waldreg.util.token.DecryptedTokenContext}', contextInitializerClasses = '[]', activeProfiles = '{}', propertySourceLocations = '{}', propertySourceProperties = '{}', contextCustomizers = set[org.springframework.boot.test.autoconfigure.actuate.metrics.MetricsExportContextCustomizerFactory$DisableMetricExportContextCustomizer@62010f5c, org.springframework.boot.test.autoconfigure.properties.PropertyMappingContextCustomizer@0, org.springframework.boot.test.autoconfigure.web.servlet.WebDriverContextCustomizerFactory$Customizer@73cd37c0, org.springframework.boot.test.context.filter.ExcludeFilterContextCustomizer@5a2d131d, org.springframework.boot.test.json.DuplicateJsonObjectContextCustomizerFactory$DuplicateJsonObjectContextCustomizer@1c93f6e1, org.springframework.boot.test.mock.mockito.MockitoContextCustomizer@7b782dea], contextLoader = 'org.springframework.test.context.support.DelegatingSmartContextLoader', parent = [null]]]
23:36:56.886 [Test worker] DEBUG org.springframework.test.context.cache - Spring test ApplicationContext cache statistics: [DefaultContextCache@4afd21c6 size = 5, maxSize = 32, parentContextCount = 0, hitCount = 489, missCount = 5]
23:36:56.886 [Test worker] DEBUG org.springframework.test.context.cache.DefaultCacheAwareContextLoaderDelegate - Retrieved ApplicationContext [839259983] from cache with key [[MergedContextConfiguration@2f0bfe17 testClass = ReactionManagerTest, locations = '{}', classes = '{class org.waldreg.board.reaction.management.DefaultReactionManager, class org.waldreg.util.token.DecryptedTokenContext}', contextInitializerClasses = '[]', activeProfiles = '{}', propertySourceLocations = '{}', propertySourceProperties = '{}', contextCustomizers = set[org.springframework.boot.test.autoconfigure.actuate.metrics.MetricsExportContextCustomizerFactory$DisableMetricExportContextCustomizer@62010f5c, org.springframework.boot.test.autoconfigure.properties.PropertyMappingContextCustomizer@0, org.springframework.boot.test.autoconfigure.web.servlet.WebDriverContextCustomizerFactory$Customizer@73cd37c0, org.springframework.boot.test.context.filter.ExcludeFilterContextCustomizer@5a2d131d, org.springframework.boot.test.json.DuplicateJsonObjectContextCustomizerFactory$DuplicateJsonObjectContextCustomizer@1c93f6e1, org.springframework.boot.test.mock.mockito.MockitoContextCustomizer@7b782dea], contextLoader = 'org.springframework.test.context.support.DelegatingSmartContextLoader', parent = [null]]]
23:36:56.886 [Test worker] DEBUG org.springframework.test.context.cache - Spring test ApplicationContext cache statistics: [DefaultContextCache@4afd21c6 size = 5, maxSize = 32, parentContextCount = 0, hitCount = 490, missCount = 5]
23:36:56.886 [Test worker] DEBUG org.springframework.test.context.cache.DefaultCacheAwareContextLoaderDelegate - Retrieved ApplicationContext [839259983] from cache with key [[MergedContextConfiguration@2f0bfe17 testClass = ReactionManagerTest, locations = '{}', classes = '{class org.waldreg.board.reaction.management.DefaultReactionManager, class org.waldreg.util.token.DecryptedTokenContext}', contextInitializerClasses = '[]', activeProfiles = '{}', propertySourceLocations = '{}', propertySourceProperties = '{}', contextCustomizers = set[org.springframework.boot.test.autoconfigure.actuate.metrics.MetricsExportContextCustomizerFactory$DisableMetricExportContextCustomizer@62010f5c, org.springframework.boot.test.autoconfigure.properties.PropertyMappingContextCustomizer@0, org.springframework.boot.test.autoconfigure.web.servlet.WebDriverContextCustomizerFactory$Customizer@73cd37c0, org.springframework.boot.test.context.filter.ExcludeFilterContextCustomizer@5a2d131d, org.springframework.boot.test.json.DuplicateJsonObjectContextCustomizerFactory$DuplicateJsonObjectContextCustomizer@1c93f6e1, org.springframework.boot.test.mock.mockito.MockitoContextCustomizer@7b782dea], contextLoader = 'org.springframework.test.context.support.DelegatingSmartContextLoader', parent = [null]]]
23:36:56.886 [Test worker] DEBUG org.springframework.test.context.cache - Spring test ApplicationContext cache statistics: [DefaultContextCache@4afd21c6 size = 5, maxSize = 32, parentContextCount = 0, hitCount = 491, missCount = 5]
23:36:56.886 [Test worker] DEBUG org.springframework.test.context.support.AbstractDirtiesContextTestExecutionListener - After test method: context [DefaultTestContext@370c1968 testClass = ReactionManagerTest, testInstance = org.waldreg.board.reaction.ReactionManagerTest@4b76aa5a, testMethod = ADD_REACTION_SUCCESS_TEST@ReactionManagerTest, testException = [null], mergedContextConfiguration = [MergedContextConfiguration@2f0bfe17 testClass = ReactionManagerTest, locations = '{}', classes = '{class org.waldreg.board.reaction.management.DefaultReactionManager, class org.waldreg.util.token.DecryptedTokenContext}', contextInitializerClasses = '[]', activeProfiles = '{}', propertySourceLocations = '{}', propertySourceProperties = '{}', contextCustomizers = set[org.springframework.boot.test.autoconfigure.actuate.metrics.MetricsExportContextCustomizerFactory$DisableMetricExportContextCustomizer@62010f5c, org.springframework.boot.test.autoconfigure.properties.PropertyMappingContextCustomizer@0, org.springframework.boot.test.autoconfigure.web.servlet.WebDriverContextCustomizerFactory$Customizer@73cd37c0, org.springframework.boot.test.context.filter.ExcludeFilterContextCustomizer@5a2d131d, org.springframework.boot.test.json.DuplicateJsonObjectContextCustomizerFactory$DuplicateJsonObjectContextCustomizer@1c93f6e1, org.springframework.boot.test.mock.mockito.MockitoContextCustomizer@7b782dea], contextLoader = 'org.springframework.test.context.support.DelegatingSmartContextLoader', parent = [null]], attributes = map['org.springframework.test.context.event.ApplicationEventsTestExecutionListener.recordApplicationEvents' -> false]], class annotated with @DirtiesContext [false] with mode [null], method annotated with @DirtiesContext [false] with mode [null].
23:36:56.886 [Test worker] DEBUG org.springframework.test.context.cache.DefaultCacheAwareContextLoaderDelegate - Retrieved ApplicationContext [839259983] from cache with key [[MergedContextConfiguration@2f0bfe17 testClass = ReactionManagerTest, locations = '{}', classes = '{class org.waldreg.board.reaction.management.DefaultReactionManager, class org.waldreg.util.token.DecryptedTokenContext}', contextInitializerClasses = '[]', activeProfiles = '{}', propertySourceLocations = '{}', propertySourceProperties = '{}', contextCustomizers = set[org.springframework.boot.test.autoconfigure.actuate.metrics.MetricsExportContextCustomizerFactory$DisableMetricExportContextCustomizer@62010f5c, org.springframework.boot.test.autoconfigure.properties.PropertyMappingContextCustomizer@0, org.springframework.boot.test.autoconfigure.web.servlet.WebDriverContextCustomizerFactory$Customizer@73cd37c0, org.springframework.boot.test.context.filter.ExcludeFilterContextCustomizer@5a2d131d, org.springframework.boot.test.json.DuplicateJsonObjectContextCustomizerFactory$DuplicateJsonObjectContextCustomizer@1c93f6e1, org.springframework.boot.test.mock.mockito.MockitoContextCustomizer@7b782dea], contextLoader = 'org.springframework.test.context.support.DelegatingSmartContextLoader', parent = [null]]]
23:36:56.886 [Test worker] DEBUG org.springframework.test.context.cache - Spring test ApplicationContext cache statistics: [DefaultContextCache@4afd21c6 size = 5, maxSize = 32, parentContextCount = 0, hitCount = 492, missCount = 5]
23:36:56.886 [Test worker] DEBUG org.springframework.test.context.support.DependencyInjectionTestExecutionListener - Performing dependency injection for test context [[DefaultTestContext@370c1968 testClass = ReactionManagerTest, testInstance = org.waldreg.board.reaction.ReactionManagerTest@24386839, testMethod = [null], testException = [null], mergedContextConfiguration = [MergedContextConfiguration@2f0bfe17 testClass = ReactionManagerTest, locations = '{}', classes = '{class org.waldreg.board.reaction.management.DefaultReactionManager, class org.waldreg.util.token.DecryptedTokenContext}', contextInitializerClasses = '[]', activeProfiles = '{}', propertySourceLocations = '{}', propertySourceProperties = '{}', contextCustomizers = set[org.springframework.boot.test.autoconfigure.actuate.metrics.MetricsExportContextCustomizerFactory$DisableMetricExportContextCustomizer@62010f5c, org.springframework.boot.test.autoconfigure.properties.PropertyMappingContextCustomizer@0, org.springframework.boot.test.autoconfigure.web.servlet.WebDriverContextCustomizerFactory$Customizer@73cd37c0, org.springframework.boot.test.context.filter.ExcludeFilterContextCustomizer@5a2d131d, org.springframework.boot.test.json.DuplicateJsonObjectContextCustomizerFactory$DuplicateJsonObjectContextCustomizer@1c93f6e1, org.springframework.boot.test.mock.mockito.MockitoContextCustomizer@7b782dea], contextLoader = 'org.springframework.test.context.support.DelegatingSmartContextLoader', parent = [null]], attributes = map['org.springframework.test.context.event.ApplicationEventsTestExecutionListener.recordApplicationEvents' -> false]]].
23:36:56.886 [Test worker] DEBUG org.springframework.test.context.cache.DefaultCacheAwareContextLoaderDelegate - Retrieved ApplicationContext [839259983] from cache with key [[MergedContextConfiguration@2f0bfe17 testClass = ReactionManagerTest, locations = '{}', classes = '{class org.waldreg.board.reaction.management.DefaultReactionManager, class org.waldreg.util.token.DecryptedTokenContext}', contextInitializerClasses = '[]', activeProfiles = '{}', propertySourceLocations = '{}', propertySourceProperties = '{}', contextCustomizers = set[org.springframework.boot.test.autoconfigure.actuate.metrics.MetricsExportContextCustomizerFactory$DisableMetricExportContextCustomizer@62010f5c, org.springframework.boot.test.autoconfigure.properties.PropertyMappingContextCustomizer@0, org.springframework.boot.test.autoconfigure.web.servlet.WebDriverContextCustomizerFactory$Customizer@73cd37c0, org.springframework.boot.test.context.filter.ExcludeFilterContextCustomizer@5a2d131d, org.springframework.boot.test.json.DuplicateJsonObjectContextCustomizerFactory$DuplicateJsonObjectContextCustomizer@1c93f6e1, org.springframework.boot.test.mock.mockito.MockitoContextCustomizer@7b782dea], contextLoader = 'org.springframework.test.context.support.DelegatingSmartContextLoader', parent = [null]]]
23:36:56.886 [Test worker] DEBUG org.springframework.test.context.cache - Spring test ApplicationContext cache statistics: [DefaultContextCache@4afd21c6 size = 5, maxSize = 32, parentContextCount = 0, hitCount = 493, missCount = 5]
23:36:56.887 [Test worker] DEBUG org.springframework.test.context.cache.DefaultCacheAwareContextLoaderDelegate - Retrieved ApplicationContext [839259983] from cache with key [[MergedContextConfiguration@2f0bfe17 testClass = ReactionManagerTest, locations = '{}', classes = '{class org.waldreg.board.reaction.management.DefaultReactionManager, class org.waldreg.util.token.DecryptedTokenContext}', contextInitializerClasses = '[]', activeProfiles = '{}', propertySourceLocations = '{}', propertySourceProperties = '{}', contextCustomizers = set[org.springframework.boot.test.autoconfigure.actuate.metrics.MetricsExportContextCustomizerFactory$DisableMetricExportContextCustomizer@62010f5c, org.springframework.boot.test.autoconfigure.properties.PropertyMappingContextCustomizer@0, org.springframework.boot.test.autoconfigure.web.servlet.WebDriverContextCustomizerFactory$Customizer@73cd37c0, org.springframework.boot.test.context.filter.ExcludeFilterContextCustomizer@5a2d131d, org.springframework.boot.test.json.DuplicateJsonObjectContextCustomizerFactory$DuplicateJsonObjectContextCustomizer@1c93f6e1, org.springframework.boot.test.mock.mockito.MockitoContextCustomizer@7b782dea], contextLoader = 'org.springframework.test.context.support.DelegatingSmartContextLoader', parent = [null]]]
23:36:56.887 [Test worker] DEBUG org.springframework.test.context.cache - Spring test ApplicationContext cache statistics: [DefaultContextCache@4afd21c6 size = 5, maxSize = 32, parentContextCount = 0, hitCount = 494, missCount = 5]
23:36:56.887 [Test worker] DEBUG org.springframework.test.context.support.AbstractDirtiesContextTestExecutionListener - Before test method: context [DefaultTestContext@370c1968 testClass = ReactionManagerTest, testInstance = org.waldreg.board.reaction.ReactionManagerTest@24386839, testMethod = ADD_REACTION_BOARD_DOES_NOT_EXIST_TEST@ReactionManagerTest, testException = [null], mergedContextConfiguration = [MergedContextConfiguration@2f0bfe17 testClass = ReactionManagerTest, locations = '{}', classes = '{class org.waldreg.board.reaction.management.DefaultReactionManager, class org.waldreg.util.token.DecryptedTokenContext}', contextInitializerClasses = '[]', activeProfiles = '{}', propertySourceLocations = '{}', propertySourceProperties = '{}', contextCustomizers = set[org.springframework.boot.test.autoconfigure.actuate.metrics.MetricsExportContextCustomizerFactory$DisableMetricExportContextCustomizer@62010f5c, org.springframework.boot.test.autoconfigure.properties.PropertyMappingContextCustomizer@0, org.springframework.boot.test.autoconfigure.web.servlet.WebDriverContextCustomizerFactory$Customizer@73cd37c0, org.springframework.boot.test.context.filter.ExcludeFilterContextCustomizer@5a2d131d, org.springframework.boot.test.json.DuplicateJsonObjectContextCustomizerFactory$DuplicateJsonObjectContextCustomizer@1c93f6e1, org.springframework.boot.test.mock.mockito.MockitoContextCustomizer@7b782dea], contextLoader = 'org.springframework.test.context.support.DelegatingSmartContextLoader', parent = [null]], attributes = map['org.springframework.test.context.event.ApplicationEventsTestExecutionListener.recordApplicationEvents' -> false]], class annotated with @DirtiesContext [false] with mode [null], method annotated with @DirtiesContext [false] with mode [null].
23:36:56.887 [Test worker] DEBUG org.springframework.test.context.cache.DefaultCacheAwareContextLoaderDelegate - Retrieved ApplicationContext [839259983] from cache with key [[MergedContextConfiguration@2f0bfe17 testClass = ReactionManagerTest, locations = '{}', classes = '{class org.waldreg.board.reaction.management.DefaultReactionManager, class org.waldreg.util.token.DecryptedTokenContext}', contextInitializerClasses = '[]', activeProfiles = '{}', propertySourceLocations = '{}', propertySourceProperties = '{}', contextCustomizers = set[org.springframework.boot.test.autoconfigure.actuate.metrics.MetricsExportContextCustomizerFactory$DisableMetricExportContextCustomizer@62010f5c, org.springframework.boot.test.autoconfigure.properties.PropertyMappingContextCustomizer@0, org.springframework.boot.test.autoconfigure.web.servlet.WebDriverContextCustomizerFactory$Customizer@73cd37c0, org.springframework.boot.test.context.filter.ExcludeFilterContextCustomizer@5a2d131d, org.springframework.boot.test.json.DuplicateJsonObjectContextCustomizerFactory$DuplicateJsonObjectContextCustomizer@1c93f6e1, org.springframework.boot.test.mock.mockito.MockitoContextCustomizer@7b782dea], contextLoader = 'org.springframework.test.context.support.DelegatingSmartContextLoader', parent = [null]]]
23:36:56.887 [Test worker] DEBUG org.springframework.test.context.cache - Spring test ApplicationContext cache statistics: [DefaultContextCache@4afd21c6 size = 5, maxSize = 32, parentContextCount = 0, hitCount = 495, missCount = 5]
23:36:56.887 [Test worker] DEBUG org.springframework.test.context.cache.DefaultCacheAwareContextLoaderDelegate - Retrieved ApplicationContext [839259983] from cache with key [[MergedContextConfiguration@2f0bfe17 testClass = ReactionManagerTest, locations = '{}', classes = '{class org.waldreg.board.reaction.management.DefaultReactionManager, class org.waldreg.util.token.DecryptedTokenContext}', contextInitializerClasses = '[]', activeProfiles = '{}', propertySourceLocations = '{}', propertySourceProperties = '{}', contextCustomizers = set[org.springframework.boot.test.autoconfigure.actuate.metrics.MetricsExportContextCustomizerFactory$DisableMetricExportContextCustomizer@62010f5c, org.springframework.boot.test.autoconfigure.properties.PropertyMappingContextCustomizer@0, org.springframework.boot.test.autoconfigure.web.servlet.WebDriverContextCustomizerFactory$Customizer@73cd37c0, org.springframework.boot.test.context.filter.ExcludeFilterContextCustomizer@5a2d131d, org.springframework.boot.test.json.DuplicateJsonObjectContextCustomizerFactory$DuplicateJsonObjectContextCustomizer@1c93f6e1, org.springframework.boot.test.mock.mockito.MockitoContextCustomizer@7b782dea], contextLoader = 'org.springframework.test.context.support.DelegatingSmartContextLoader', parent = [null]]]
23:36:56.887 [Test worker] DEBUG org.springframework.test.context.cache - Spring test ApplicationContext cache statistics: [DefaultContextCache@4afd21c6 size = 5, maxSize = 32, parentContextCount = 0, hitCount = 496, missCount = 5]
23:36:56.887 [Test worker] DEBUG org.springframework.test.context.cache.DefaultCacheAwareContextLoaderDelegate - Retrieved ApplicationContext [839259983] from cache with key [[MergedContextConfiguration@2f0bfe17 testClass = ReactionManagerTest, locations = '{}', classes = '{class org.waldreg.board.reaction.management.DefaultReactionManager, class org.waldreg.util.token.DecryptedTokenContext}', contextInitializerClasses = '[]', activeProfiles = '{}', propertySourceLocations = '{}', propertySourceProperties = '{}', contextCustomizers = set[org.springframework.boot.test.autoconfigure.actuate.metrics.MetricsExportContextCustomizerFactory$DisableMetricExportContextCustomizer@62010f5c, org.springframework.boot.test.autoconfigure.properties.PropertyMappingContextCustomizer@0, org.springframework.boot.test.autoconfigure.web.servlet.WebDriverContextCustomizerFactory$Customizer@73cd37c0, org.springframework.boot.test.context.filter.ExcludeFilterContextCustomizer@5a2d131d, org.springframework.boot.test.json.DuplicateJsonObjectContextCustomizerFactory$DuplicateJsonObjectContextCustomizer@1c93f6e1, org.springframework.boot.test.mock.mockito.MockitoContextCustomizer@7b782dea], contextLoader = 'org.springframework.test.context.support.DelegatingSmartContextLoader', parent = [null]]]
23:36:56.887 [Test worker] DEBUG org.springframework.test.context.cache - Spring test ApplicationContext cache statistics: [DefaultContextCache@4afd21c6 size = 5, maxSize = 32, parentContextCount = 0, hitCount = 497, missCount = 5]
23:36:56.888 [Test worker] DEBUG org.springframework.test.context.cache.DefaultCacheAwareContextLoaderDelegate - Retrieved ApplicationContext [839259983] from cache with key [[MergedContextConfiguration@2f0bfe17 testClass = ReactionManagerTest, locations = '{}', classes = '{class org.waldreg.board.reaction.management.DefaultReactionManager, class org.waldreg.util.token.DecryptedTokenContext}', contextInitializerClasses = '[]', activeProfiles = '{}', propertySourceLocations = '{}', propertySourceProperties = '{}', contextCustomizers = set[org.springframework.boot.test.autoconfigure.actuate.metrics.MetricsExportContextCustomizerFactory$DisableMetricExportContextCustomizer@62010f5c, org.springframework.boot.test.autoconfigure.properties.PropertyMappingContextCustomizer@0, org.springframework.boot.test.autoconfigure.web.servlet.WebDriverContextCustomizerFactory$Customizer@73cd37c0, org.springframework.boot.test.context.filter.ExcludeFilterContextCustomizer@5a2d131d, org.springframework.boot.test.json.DuplicateJsonObjectContextCustomizerFactory$DuplicateJsonObjectContextCustomizer@1c93f6e1, org.springframework.boot.test.mock.mockito.MockitoContextCustomizer@7b782dea], contextLoader = 'org.springframework.test.context.support.DelegatingSmartContextLoader', parent = [null]]]
23:36:56.888 [Test worker] DEBUG org.springframework.test.context.cache - Spring test ApplicationContext cache statistics: [DefaultContextCache@4afd21c6 size = 5, maxSize = 32, parentContextCount = 0, hitCount = 498, missCount = 5]
23:36:56.888 [Test worker] DEBUG org.springframework.test.context.cache.DefaultCacheAwareContextLoaderDelegate - Retrieved ApplicationContext [839259983] from cache with key [[MergedContextConfiguration@2f0bfe17 testClass = ReactionManagerTest, locations = '{}', classes = '{class org.waldreg.board.reaction.management.DefaultReactionManager, class org.waldreg.util.token.DecryptedTokenContext}', contextInitializerClasses = '[]', activeProfiles = '{}', propertySourceLocations = '{}', propertySourceProperties = '{}', contextCustomizers = set[org.springframework.boot.test.autoconfigure.actuate.metrics.MetricsExportContextCustomizerFactory$DisableMetricExportContextCustomizer@62010f5c, org.springframework.boot.test.autoconfigure.properties.PropertyMappingContextCustomizer@0, org.springframework.boot.test.autoconfigure.web.servlet.WebDriverContextCustomizerFactory$Customizer@73cd37c0, org.springframework.boot.test.context.filter.ExcludeFilterContextCustomizer@5a2d131d, org.springframework.boot.test.json.DuplicateJsonObjectContextCustomizerFactory$DuplicateJsonObjectContextCustomizer@1c93f6e1, org.springframework.boot.test.mock.mockito.MockitoContextCustomizer@7b782dea], contextLoader = 'org.springframework.test.context.support.DelegatingSmartContextLoader', parent = [null]]]
23:36:56.888 [Test worker] DEBUG org.springframework.test.context.cache - Spring test ApplicationContext cache statistics: [DefaultContextCache@4afd21c6 size = 5, maxSize = 32, parentContextCount = 0, hitCount = 499, missCount = 5]
23:36:56.888 [Test worker] DEBUG org.springframework.test.context.cache.DefaultCacheAwareContextLoaderDelegate - Retrieved ApplicationContext [839259983] from cache with key [[MergedContextConfiguration@2f0bfe17 testClass = ReactionManagerTest, locations = '{}', classes = '{class org.waldreg.board.reaction.management.DefaultReactionManager, class org.waldreg.util.token.DecryptedTokenContext}', contextInitializerClasses = '[]', activeProfiles = '{}', propertySourceLocations = '{}', propertySourceProperties = '{}', contextCustomizers = set[org.springframework.boot.test.autoconfigure.actuate.metrics.MetricsExportContextCustomizerFactory$DisableMetricExportContextCustomizer@62010f5c, org.springframework.boot.test.autoconfigure.properties.PropertyMappingContextCustomizer@0, org.springframework.boot.test.autoconfigure.web.servlet.WebDriverContextCustomizerFactory$Customizer@73cd37c0, org.springframework.boot.test.context.filter.ExcludeFilterContextCustomizer@5a2d131d, org.springframework.boot.test.json.DuplicateJsonObjectContextCustomizerFactory$DuplicateJsonObjectContextCustomizer@1c93f6e1, org.springframework.boot.test.mock.mockito.MockitoContextCustomizer@7b782dea], contextLoader = 'org.springframework.test.context.support.DelegatingSmartContextLoader', parent = [null]]]
23:36:56.888 [Test worker] DEBUG org.springframework.test.context.cache - Spring test ApplicationContext cache statistics: [DefaultContextCache@4afd21c6 size = 5, maxSize = 32, parentContextCount = 0, hitCount = 500, missCount = 5]
23:36:56.888 [Test worker] DEBUG org.springframework.test.context.cache.DefaultCacheAwareContextLoaderDelegate - Retrieved ApplicationContext [839259983] from cache with key [[MergedContextConfiguration@2f0bfe17 testClass = ReactionManagerTest, locations = '{}', classes = '{class org.waldreg.board.reaction.management.DefaultReactionManager, class org.waldreg.util.token.DecryptedTokenContext}', contextInitializerClasses = '[]', activeProfiles = '{}', propertySourceLocations = '{}', propertySourceProperties = '{}', contextCustomizers = set[org.springframework.boot.test.autoconfigure.actuate.metrics.MetricsExportContextCustomizerFactory$DisableMetricExportContextCustomizer@62010f5c, org.springframework.boot.test.autoconfigure.properties.PropertyMappingContextCustomizer@0, org.springframework.boot.test.autoconfigure.web.servlet.WebDriverContextCustomizerFactory$Customizer@73cd37c0, org.springframework.boot.test.context.filter.ExcludeFilterContextCustomizer@5a2d131d, org.springframework.boot.test.json.DuplicateJsonObjectContextCustomizerFactory$DuplicateJsonObjectContextCustomizer@1c93f6e1, org.springframework.boot.test.mock.mockito.MockitoContextCustomizer@7b782dea], contextLoader = 'org.springframework.test.context.support.DelegatingSmartContextLoader', parent = [null]]]
23:36:56.888 [Test worker] DEBUG org.springframework.test.context.cache - Spring test ApplicationContext cache statistics: [DefaultContextCache@4afd21c6 size = 5, maxSize = 32, parentContextCount = 0, hitCount = 501, missCount = 5]
23:36:56.888 [Test worker] DEBUG org.springframework.test.context.cache.DefaultCacheAwareContextLoaderDelegate - Retrieved ApplicationContext [839259983] from cache with key [[MergedContextConfiguration@2f0bfe17 testClass = ReactionManagerTest, locations = '{}', classes = '{class org.waldreg.board.reaction.management.DefaultReactionManager, class org.waldreg.util.token.DecryptedTokenContext}', contextInitializerClasses = '[]', activeProfiles = '{}', propertySourceLocations = '{}', propertySourceProperties = '{}', contextCustomizers = set[org.springframework.boot.test.autoconfigure.actuate.metrics.MetricsExportContextCustomizerFactory$DisableMetricExportContextCustomizer@62010f5c, org.springframework.boot.test.autoconfigure.properties.PropertyMappingContextCustomizer@0, org.springframework.boot.test.autoconfigure.web.servlet.WebDriverContextCustomizerFactory$Customizer@73cd37c0, org.springframework.boot.test.context.filter.ExcludeFilterContextCustomizer@5a2d131d, org.springframework.boot.test.json.DuplicateJsonObjectContextCustomizerFactory$DuplicateJsonObjectContextCustomizer@1c93f6e1, org.springframework.boot.test.mock.mockito.MockitoContextCustomizer@7b782dea], contextLoader = 'org.springframework.test.context.support.DelegatingSmartContextLoader', parent = [null]]]
23:36:56.888 [Test worker] DEBUG org.springframework.test.context.cache - Spring test ApplicationContext cache statistics: [DefaultContextCache@4afd21c6 size = 5, maxSize = 32, parentContextCount = 0, hitCount = 502, missCount = 5]
23:36:56.888 [Test worker] DEBUG org.springframework.test.context.cache.DefaultCacheAwareContextLoaderDelegate - Retrieved ApplicationContext [839259983] from cache with key [[MergedContextConfiguration@2f0bfe17 testClass = ReactionManagerTest, locations = '{}', classes = '{class org.waldreg.board.reaction.management.DefaultReactionManager, class org.waldreg.util.token.DecryptedTokenContext}', contextInitializerClasses = '[]', activeProfiles = '{}', propertySourceLocations = '{}', propertySourceProperties = '{}', contextCustomizers = set[org.springframework.boot.test.autoconfigure.actuate.metrics.MetricsExportContextCustomizerFactory$DisableMetricExportContextCustomizer@62010f5c, org.springframework.boot.test.autoconfigure.properties.PropertyMappingContextCustomizer@0, org.springframework.boot.test.autoconfigure.web.servlet.WebDriverContextCustomizerFactory$Customizer@73cd37c0, org.springframework.boot.test.context.filter.ExcludeFilterContextCustomizer@5a2d131d, org.springframework.boot.test.json.DuplicateJsonObjectContextCustomizerFactory$DuplicateJsonObjectContextCustomizer@1c93f6e1, org.springframework.boot.test.mock.mockito.MockitoContextCustomizer@7b782dea], contextLoader = 'org.springframework.test.context.support.DelegatingSmartContextLoader', parent = [null]]]
23:36:56.888 [Test worker] DEBUG org.springframework.test.context.cache - Spring test ApplicationContext cache statistics: [DefaultContextCache@4afd21c6 size = 5, maxSize = 32, parentContextCount = 0, hitCount = 503, missCount = 5]
23:36:56.888 [Test worker] DEBUG org.springframework.test.context.support.AbstractDirtiesContextTestExecutionListener - After test method: context [DefaultTestContext@370c1968 testClass = ReactionManagerTest, testInstance = org.waldreg.board.reaction.ReactionManagerTest@24386839, testMethod = ADD_REACTION_BOARD_DOES_NOT_EXIST_TEST@ReactionManagerTest, testException = [null], mergedContextConfiguration = [MergedContextConfiguration@2f0bfe17 testClass = ReactionManagerTest, locations = '{}', classes = '{class org.waldreg.board.reaction.management.DefaultReactionManager, class org.waldreg.util.token.DecryptedTokenContext}', contextInitializerClasses = '[]', activeProfiles = '{}', propertySourceLocations = '{}', propertySourceProperties = '{}', contextCustomizers = set[org.springframework.boot.test.autoconfigure.actuate.metrics.MetricsExportContextCustomizerFactory$DisableMetricExportContextCustomizer@62010f5c, org.springframework.boot.test.autoconfigure.properties.PropertyMappingContextCustomizer@0, org.springframework.boot.test.autoconfigure.web.servlet.WebDriverContextCustomizerFactory$Customizer@73cd37c0, org.springframework.boot.test.context.filter.ExcludeFilterContextCustomizer@5a2d131d, org.springframework.boot.test.json.DuplicateJsonObjectContextCustomizerFactory$DuplicateJsonObjectContextCustomizer@1c93f6e1, org.springframework.boot.test.mock.mockito.MockitoContextCustomizer@7b782dea], contextLoader = 'org.springframework.test.context.support.DelegatingSmartContextLoader', parent = [null]], attributes = map['org.springframework.test.context.event.ApplicationEventsTestExecutionListener.recordApplicationEvents' -> false]], class annotated with @DirtiesContext [false] with mode [null], method annotated with @DirtiesContext [false] with mode [null].
23:36:56.888 [Test worker] DEBUG org.springframework.test.context.cache.DefaultCacheAwareContextLoaderDelegate - Retrieved ApplicationContext [839259983] from cache with key [[MergedContextConfiguration@2f0bfe17 testClass = ReactionManagerTest, locations = '{}', classes = '{class org.waldreg.board.reaction.management.DefaultReactionManager, class org.waldreg.util.token.DecryptedTokenContext}', contextInitializerClasses = '[]', activeProfiles = '{}', propertySourceLocations = '{}', propertySourceProperties = '{}', contextCustomizers = set[org.springframework.boot.test.autoconfigure.actuate.metrics.MetricsExportContextCustomizerFactory$DisableMetricExportContextCustomizer@62010f5c, org.springframework.boot.test.autoconfigure.properties.PropertyMappingContextCustomizer@0, org.springframework.boot.test.autoconfigure.web.servlet.WebDriverContextCustomizerFactory$Customizer@73cd37c0, org.springframework.boot.test.context.filter.ExcludeFilterContextCustomizer@5a2d131d, org.springframework.boot.test.json.DuplicateJsonObjectContextCustomizerFactory$DuplicateJsonObjectContextCustomizer@1c93f6e1, org.springframework.boot.test.mock.mockito.MockitoContextCustomizer@7b782dea], contextLoader = 'org.springframework.test.context.support.DelegatingSmartContextLoader', parent = [null]]]
23:36:56.888 [Test worker] DEBUG org.springframework.test.context.cache - Spring test ApplicationContext cache statistics: [DefaultContextCache@4afd21c6 size = 5, maxSize = 32, parentContextCount = 0, hitCount = 504, missCount = 5]
23:36:56.888 [Test worker] DEBUG org.springframework.test.context.support.DependencyInjectionTestExecutionListener - Performing dependency injection for test context [[DefaultTestContext@370c1968 testClass = ReactionManagerTest, testInstance = org.waldreg.board.reaction.ReactionManagerTest@439e3cb4, testMethod = [null], testException = [null], mergedContextConfiguration = [MergedContextConfiguration@2f0bfe17 testClass = ReactionManagerTest, locations = '{}', classes = '{class org.waldreg.board.reaction.management.DefaultReactionManager, class org.waldreg.util.token.DecryptedTokenContext}', contextInitializerClasses = '[]', activeProfiles = '{}', propertySourceLocations = '{}', propertySourceProperties = '{}', contextCustomizers = set[org.springframework.boot.test.autoconfigure.actuate.metrics.MetricsExportContextCustomizerFactory$DisableMetricExportContextCustomizer@62010f5c, org.springframework.boot.test.autoconfigure.properties.PropertyMappingContextCustomizer@0, org.springframework.boot.test.autoconfigure.web.servlet.WebDriverContextCustomizerFactory$Customizer@73cd37c0, org.springframework.boot.test.context.filter.ExcludeFilterContextCustomizer@5a2d131d, org.springframework.boot.test.json.DuplicateJsonObjectContextCustomizerFactory$DuplicateJsonObjectContextCustomizer@1c93f6e1, org.springframework.boot.test.mock.mockito.MockitoContextCustomizer@7b782dea], contextLoader = 'org.springframework.test.context.support.DelegatingSmartContextLoader', parent = [null]], attributes = map['org.springframework.test.context.event.ApplicationEventsTestExecutionListener.recordApplicationEvents' -> false]]].
23:36:56.888 [Test worker] DEBUG org.springframework.test.context.cache.DefaultCacheAwareContextLoaderDelegate - Retrieved ApplicationContext [839259983] from cache with key [[MergedContextConfiguration@2f0bfe17 testClass = ReactionManagerTest, locations = '{}', classes = '{class org.waldreg.board.reaction.management.DefaultReactionManager, class org.waldreg.util.token.DecryptedTokenContext}', contextInitializerClasses = '[]', activeProfiles = '{}', propertySourceLocations = '{}', propertySourceProperties = '{}', contextCustomizers = set[org.springframework.boot.test.autoconfigure.actuate.metrics.MetricsExportContextCustomizerFactory$DisableMetricExportContextCustomizer@62010f5c, org.springframework.boot.test.autoconfigure.properties.PropertyMappingContextCustomizer@0, org.springframework.boot.test.autoconfigure.web.servlet.WebDriverContextCustomizerFactory$Customizer@73cd37c0, org.springframework.boot.test.context.filter.ExcludeFilterContextCustomizer@5a2d131d, org.springframework.boot.test.json.DuplicateJsonObjectContextCustomizerFactory$DuplicateJsonObjectContextCustomizer@1c93f6e1, org.springframework.boot.test.mock.mockito.MockitoContextCustomizer@7b782dea], contextLoader = 'org.springframework.test.context.support.DelegatingSmartContextLoader', parent = [null]]]
23:36:56.888 [Test worker] DEBUG org.springframework.test.context.cache - Spring test ApplicationContext cache statistics: [DefaultContextCache@4afd21c6 size = 5, maxSize = 32, parentContextCount = 0, hitCount = 505, missCount = 5]
23:36:56.888 [Test worker] DEBUG org.springframework.test.context.cache.DefaultCacheAwareContextLoaderDelegate - Retrieved ApplicationContext [839259983] from cache with key [[MergedContextConfiguration@2f0bfe17 testClass = ReactionManagerTest, locations = '{}', classes = '{class org.waldreg.board.reaction.management.DefaultReactionManager, class org.waldreg.util.token.DecryptedTokenContext}', contextInitializerClasses = '[]', activeProfiles = '{}', propertySourceLocations = '{}', propertySourceProperties = '{}', contextCustomizers = set[org.springframework.boot.test.autoconfigure.actuate.metrics.MetricsExportContextCustomizerFactory$DisableMetricExportContextCustomizer@62010f5c, org.springframework.boot.test.autoconfigure.properties.PropertyMappingContextCustomizer@0, org.springframework.boot.test.autoconfigure.web.servlet.WebDriverContextCustomizerFactory$Customizer@73cd37c0, org.springframework.boot.test.context.filter.ExcludeFilterContextCustomizer@5a2d131d, org.springframework.boot.test.json.DuplicateJsonObjectContextCustomizerFactory$DuplicateJsonObjectContextCustomizer@1c93f6e1, org.springframework.boot.test.mock.mockito.MockitoContextCustomizer@7b782dea], contextLoader = 'org.springframework.test.context.support.DelegatingSmartContextLoader', parent = [null]]]
23:36:56.888 [Test worker] DEBUG org.springframework.test.context.cache - Spring test ApplicationContext cache statistics: [DefaultContextCache@4afd21c6 size = 5, maxSize = 32, parentContextCount = 0, hitCount = 506, missCount = 5]
23:36:56.889 [Test worker] DEBUG org.springframework.test.context.support.AbstractDirtiesContextTestExecutionListener - Before test method: context [DefaultTestContext@370c1968 testClass = ReactionManagerTest, testInstance = org.waldreg.board.reaction.ReactionManagerTest@439e3cb4, testMethod = ADD_REACTION_UNKNOWN_TYPE_TEST@ReactionManagerTest, testException = [null], mergedContextConfiguration = [MergedContextConfiguration@2f0bfe17 testClass = ReactionManagerTest, locations = '{}', classes = '{class org.waldreg.board.reaction.management.DefaultReactionManager, class org.waldreg.util.token.DecryptedTokenContext}', contextInitializerClasses = '[]', activeProfiles = '{}', propertySourceLocations = '{}', propertySourceProperties = '{}', contextCustomizers = set[org.springframework.boot.test.autoconfigure.actuate.metrics.MetricsExportContextCustomizerFactory$DisableMetricExportContextCustomizer@62010f5c, org.springframework.boot.test.autoconfigure.properties.PropertyMappingContextCustomizer@0, org.springframework.boot.test.autoconfigure.web.servlet.WebDriverContextCustomizerFactory$Customizer@73cd37c0, org.springframework.boot.test.context.filter.ExcludeFilterContextCustomizer@5a2d131d, org.springframework.boot.test.json.DuplicateJsonObjectContextCustomizerFactory$DuplicateJsonObjectContextCustomizer@1c93f6e1, org.springframework.boot.test.mock.mockito.MockitoContextCustomizer@7b782dea], contextLoader = 'org.springframework.test.context.support.DelegatingSmartContextLoader', parent = [null]], attributes = map['org.springframework.test.context.event.ApplicationEventsTestExecutionListener.recordApplicationEvents' -> false]], class annotated with @DirtiesContext [false] with mode [null], method annotated with @DirtiesContext [false] with mode [null].
23:36:56.889 [Test worker] DEBUG org.springframework.test.context.cache.DefaultCacheAwareContextLoaderDelegate - Retrieved ApplicationContext [839259983] from cache with key [[MergedContextConfiguration@2f0bfe17 testClass = ReactionManagerTest, locations = '{}', classes = '{class org.waldreg.board.reaction.management.DefaultReactionManager, class org.waldreg.util.token.DecryptedTokenContext}', contextInitializerClasses = '[]', activeProfiles = '{}', propertySourceLocations = '{}', propertySourceProperties = '{}', contextCustomizers = set[org.springframework.boot.test.autoconfigure.actuate.metrics.MetricsExportContextCustomizerFactory$DisableMetricExportContextCustomizer@62010f5c, org.springframework.boot.test.autoconfigure.properties.PropertyMappingContextCustomizer@0, org.springframework.boot.test.autoconfigure.web.servlet.WebDriverContextCustomizerFactory$Customizer@73cd37c0, org.springframework.boot.test.context.filter.ExcludeFilterContextCustomizer@5a2d131d, org.springframework.boot.test.json.DuplicateJsonObjectContextCustomizerFactory$DuplicateJsonObjectContextCustomizer@1c93f6e1, org.springframework.boot.test.mock.mockito.MockitoContextCustomizer@7b782dea], contextLoader = 'org.springframework.test.context.support.DelegatingSmartContextLoader', parent = [null]]]
23:36:56.889 [Test worker] DEBUG org.springframework.test.context.cache - Spring test ApplicationContext cache statistics: [DefaultContextCache@4afd21c6 size = 5, maxSize = 32, parentContextCount = 0, hitCount = 507, missCount = 5]
23:36:56.889 [Test worker] DEBUG org.springframework.test.context.cache.DefaultCacheAwareContextLoaderDelegate - Retrieved ApplicationContext [839259983] from cache with key [[MergedContextConfiguration@2f0bfe17 testClass = ReactionManagerTest, locations = '{}', classes = '{class org.waldreg.board.reaction.management.DefaultReactionManager, class org.waldreg.util.token.DecryptedTokenContext}', contextInitializerClasses = '[]', activeProfiles = '{}', propertySourceLocations = '{}', propertySourceProperties = '{}', contextCustomizers = set[org.springframework.boot.test.autoconfigure.actuate.metrics.MetricsExportContextCustomizerFactory$DisableMetricExportContextCustomizer@62010f5c, org.springframework.boot.test.autoconfigure.properties.PropertyMappingContextCustomizer@0, org.springframework.boot.test.autoconfigure.web.servlet.WebDriverContextCustomizerFactory$Customizer@73cd37c0, org.springframework.boot.test.context.filter.ExcludeFilterContextCustomizer@5a2d131d, org.springframework.boot.test.json.DuplicateJsonObjectContextCustomizerFactory$DuplicateJsonObjectContextCustomizer@1c93f6e1, org.springframework.boot.test.mock.mockito.MockitoContextCustomizer@7b782dea], contextLoader = 'org.springframework.test.context.support.DelegatingSmartContextLoader', parent = [null]]]
23:36:56.889 [Test worker] DEBUG org.springframework.test.context.cache - Spring test ApplicationContext cache statistics: [DefaultContextCache@4afd21c6 size = 5, maxSize = 32, parentContextCount = 0, hitCount = 508, missCount = 5]
23:36:56.889 [Test worker] DEBUG org.springframework.test.context.cache.DefaultCacheAwareContextLoaderDelegate - Retrieved ApplicationContext [839259983] from cache with key [[MergedContextConfiguration@2f0bfe17 testClass = ReactionManagerTest, locations = '{}', classes = '{class org.waldreg.board.reaction.management.DefaultReactionManager, class org.waldreg.util.token.DecryptedTokenContext}', contextInitializerClasses = '[]', activeProfiles = '{}', propertySourceLocations = '{}', propertySourceProperties = '{}', contextCustomizers = set[org.springframework.boot.test.autoconfigure.actuate.metrics.MetricsExportContextCustomizerFactory$DisableMetricExportContextCustomizer@62010f5c, org.springframework.boot.test.autoconfigure.properties.PropertyMappingContextCustomizer@0, org.springframework.boot.test.autoconfigure.web.servlet.WebDriverContextCustomizerFactory$Customizer@73cd37c0, org.springframework.boot.test.context.filter.ExcludeFilterContextCustomizer@5a2d131d, org.springframework.boot.test.json.DuplicateJsonObjectContextCustomizerFactory$DuplicateJsonObjectContextCustomizer@1c93f6e1, org.springframework.boot.test.mock.mockito.MockitoContextCustomizer@7b782dea], contextLoader = 'org.springframework.test.context.support.DelegatingSmartContextLoader', parent = [null]]]
23:36:56.889 [Test worker] DEBUG org.springframework.test.context.cache - Spring test ApplicationContext cache statistics: [DefaultContextCache@4afd21c6 size = 5, maxSize = 32, parentContextCount = 0, hitCount = 509, missCount = 5]
23:36:56.889 [Test worker] DEBUG org.springframework.test.context.cache.DefaultCacheAwareContextLoaderDelegate - Retrieved ApplicationContext [839259983] from cache with key [[MergedContextConfiguration@2f0bfe17 testClass = ReactionManagerTest, locations = '{}', classes = '{class org.waldreg.board.reaction.management.DefaultReactionManager, class org.waldreg.util.token.DecryptedTokenContext}', contextInitializerClasses = '[]', activeProfiles = '{}', propertySourceLocations = '{}', propertySourceProperties = '{}', contextCustomizers = set[org.springframework.boot.test.autoconfigure.actuate.metrics.MetricsExportContextCustomizerFactory$DisableMetricExportContextCustomizer@62010f5c, org.springframework.boot.test.autoconfigure.properties.PropertyMappingContextCustomizer@0, org.springframework.boot.test.autoconfigure.web.servlet.WebDriverContextCustomizerFactory$Customizer@73cd37c0, org.springframework.boot.test.context.filter.ExcludeFilterContextCustomizer@5a2d131d, org.springframework.boot.test.json.DuplicateJsonObjectContextCustomizerFactory$DuplicateJsonObjectContextCustomizer@1c93f6e1, org.springframework.boot.test.mock.mockito.MockitoContextCustomizer@7b782dea], contextLoader = 'org.springframework.test.context.support.DelegatingSmartContextLoader', parent = [null]]]
23:36:56.889 [Test worker] DEBUG org.springframework.test.context.cache - Spring test ApplicationContext cache statistics: [DefaultContextCache@4afd21c6 size = 5, maxSize = 32, parentContextCount = 0, hitCount = 510, missCount = 5]
23:36:56.889 [Test worker] DEBUG org.springframework.test.context.cache.DefaultCacheAwareContextLoaderDelegate - Retrieved ApplicationContext [839259983] from cache with key [[MergedContextConfiguration@2f0bfe17 testClass = ReactionManagerTest, locations = '{}', classes = '{class org.waldreg.board.reaction.management.DefaultReactionManager, class org.waldreg.util.token.DecryptedTokenContext}', contextInitializerClasses = '[]', activeProfiles = '{}', propertySourceLocations = '{}', propertySourceProperties = '{}', contextCustomizers = set[org.springframework.boot.test.autoconfigure.actuate.metrics.MetricsExportContextCustomizerFactory$DisableMetricExportContextCustomizer@62010f5c, org.springframework.boot.test.autoconfigure.properties.PropertyMappingContextCustomizer@0, org.springframework.boot.test.autoconfigure.web.servlet.WebDriverContextCustomizerFactory$Customizer@73cd37c0, org.springframework.boot.test.context.filter.ExcludeFilterContextCustomizer@5a2d131d, org.springframework.boot.test.json.DuplicateJsonObjectContextCustomizerFactory$DuplicateJsonObjectContextCustomizer@1c93f6e1, org.springframework.boot.test.mock.mockito.MockitoContextCustomizer@7b782dea], contextLoader = 'org.springframework.test.context.support.DelegatingSmartContextLoader', parent = [null]]]
23:36:56.889 [Test worker] DEBUG org.springframework.test.context.cache - Spring test ApplicationContext cache statistics: [DefaultContextCache@4afd21c6 size = 5, maxSize = 32, parentContextCount = 0, hitCount = 511, missCount = 5]
23:36:56.889 [Test worker] DEBUG org.springframework.test.context.cache.DefaultCacheAwareContextLoaderDelegate - Retrieved ApplicationContext [839259983] from cache with key [[MergedContextConfiguration@2f0bfe17 testClass = ReactionManagerTest, locations = '{}', classes = '{class org.waldreg.board.reaction.management.DefaultReactionManager, class org.waldreg.util.token.DecryptedTokenContext}', contextInitializerClasses = '[]', activeProfiles = '{}', propertySourceLocations = '{}', propertySourceProperties = '{}', contextCustomizers = set[org.springframework.boot.test.autoconfigure.actuate.metrics.MetricsExportContextCustomizerFactory$DisableMetricExportContextCustomizer@62010f5c, org.springframework.boot.test.autoconfigure.properties.PropertyMappingContextCustomizer@0, org.springframework.boot.test.autoconfigure.web.servlet.WebDriverContextCustomizerFactory$Customizer@73cd37c0, org.springframework.boot.test.context.filter.ExcludeFilterContextCustomizer@5a2d131d, org.springframework.boot.test.json.DuplicateJsonObjectContextCustomizerFactory$DuplicateJsonObjectContextCustomizer@1c93f6e1, org.springframework.boot.test.mock.mockito.MockitoContextCustomizer@7b782dea], contextLoader = 'org.springframework.test.context.support.DelegatingSmartContextLoader', parent = [null]]]
23:36:56.889 [Test worker] DEBUG org.springframework.test.context.cache - Spring test ApplicationContext cache statistics: [DefaultContextCache@4afd21c6 size = 5, maxSize = 32, parentContextCount = 0, hitCount = 512, missCount = 5]
23:36:56.889 [Test worker] DEBUG org.springframework.test.context.cache.DefaultCacheAwareContextLoaderDelegate - Retrieved ApplicationContext [839259983] from cache with key [[MergedContextConfiguration@2f0bfe17 testClass = ReactionManagerTest, locations = '{}', classes = '{class org.waldreg.board.reaction.management.DefaultReactionManager, class org.waldreg.util.token.DecryptedTokenContext}', contextInitializerClasses = '[]', activeProfiles = '{}', propertySourceLocations = '{}', propertySourceProperties = '{}', contextCustomizers = set[org.springframework.boot.test.autoconfigure.actuate.metrics.MetricsExportContextCustomizerFactory$DisableMetricExportContextCustomizer@62010f5c, org.springframework.boot.test.autoconfigure.properties.PropertyMappingContextCustomizer@0, org.springframework.boot.test.autoconfigure.web.servlet.WebDriverContextCustomizerFactory$Customizer@73cd37c0, org.springframework.boot.test.context.filter.ExcludeFilterContextCustomizer@5a2d131d, org.springframework.boot.test.json.DuplicateJsonObjectContextCustomizerFactory$DuplicateJsonObjectContextCustomizer@1c93f6e1, org.springframework.boot.test.mock.mockito.MockitoContextCustomizer@7b782dea], contextLoader = 'org.springframework.test.context.support.DelegatingSmartContextLoader', parent = [null]]]
23:36:56.889 [Test worker] DEBUG org.springframework.test.context.cache - Spring test ApplicationContext cache statistics: [DefaultContextCache@4afd21c6 size = 5, maxSize = 32, parentContextCount = 0, hitCount = 513, missCount = 5]
23:36:56.889 [Test worker] DEBUG org.springframework.test.context.cache.DefaultCacheAwareContextLoaderDelegate - Retrieved ApplicationContext [839259983] from cache with key [[MergedContextConfiguration@2f0bfe17 testClass = ReactionManagerTest, locations = '{}', classes = '{class org.waldreg.board.reaction.management.DefaultReactionManager, class org.waldreg.util.token.DecryptedTokenContext}', contextInitializerClasses = '[]', activeProfiles = '{}', propertySourceLocations = '{}', propertySourceProperties = '{}', contextCustomizers = set[org.springframework.boot.test.autoconfigure.actuate.metrics.MetricsExportContextCustomizerFactory$DisableMetricExportContextCustomizer@62010f5c, org.springframework.boot.test.autoconfigure.properties.PropertyMappingContextCustomizer@0, org.springframework.boot.test.autoconfigure.web.servlet.WebDriverContextCustomizerFactory$Customizer@73cd37c0, org.springframework.boot.test.context.filter.ExcludeFilterContextCustomizer@5a2d131d, org.springframework.boot.test.json.DuplicateJsonObjectContextCustomizerFactory$DuplicateJsonObjectContextCustomizer@1c93f6e1, org.springframework.boot.test.mock.mockito.MockitoContextCustomizer@7b782dea], contextLoader = 'org.springframework.test.context.support.DelegatingSmartContextLoader', parent = [null]]]
23:36:56.889 [Test worker] DEBUG org.springframework.test.context.cache - Spring test ApplicationContext cache statistics: [DefaultContextCache@4afd21c6 size = 5, maxSize = 32, parentContextCount = 0, hitCount = 514, missCount = 5]
23:36:56.889 [Test worker] DEBUG org.springframework.test.context.cache.DefaultCacheAwareContextLoaderDelegate - Retrieved ApplicationContext [839259983] from cache with key [[MergedContextConfiguration@2f0bfe17 testClass = ReactionManagerTest, locations = '{}', classes = '{class org.waldreg.board.reaction.management.DefaultReactionManager, class org.waldreg.util.token.DecryptedTokenContext}', contextInitializerClasses = '[]', activeProfiles = '{}', propertySourceLocations = '{}', propertySourceProperties = '{}', contextCustomizers = set[org.springframework.boot.test.autoconfigure.actuate.metrics.MetricsExportContextCustomizerFactory$DisableMetricExportContextCustomizer@62010f5c, org.springframework.boot.test.autoconfigure.properties.PropertyMappingContextCustomizer@0, org.springframework.boot.test.autoconfigure.web.servlet.WebDriverContextCustomizerFactory$Customizer@73cd37c0, org.springframework.boot.test.context.filter.ExcludeFilterContextCustomizer@5a2d131d, org.springframework.boot.test.json.DuplicateJsonObjectContextCustomizerFactory$DuplicateJsonObjectContextCustomizer@1c93f6e1, org.springframework.boot.test.mock.mockito.MockitoContextCustomizer@7b782dea], contextLoader = 'org.springframework.test.context.support.DelegatingSmartContextLoader', parent = [null]]]
23:36:56.889 [Test worker] DEBUG org.springframework.test.context.cache - Spring test ApplicationContext cache statistics: [DefaultContextCache@4afd21c6 size = 5, maxSize = 32, parentContextCount = 0, hitCount = 515, missCount = 5]
23:36:56.889 [Test worker] DEBUG org.springframework.test.context.support.AbstractDirtiesContextTestExecutionListener - After test method: context [DefaultTestContext@370c1968 testClass = ReactionManagerTest, testInstance = org.waldreg.board.reaction.ReactionManagerTest@439e3cb4, testMethod = ADD_REACTION_UNKNOWN_TYPE_TEST@ReactionManagerTest, testException = [null], mergedContextConfiguration = [MergedContextConfiguration@2f0bfe17 testClass = ReactionManagerTest, locations = '{}', classes = '{class org.waldreg.board.reaction.management.DefaultReactionManager, class org.waldreg.util.token.DecryptedTokenContext}', contextInitializerClasses = '[]', activeProfiles = '{}', propertySourceLocations = '{}', propertySourceProperties = '{}', contextCustomizers = set[org.springframework.boot.test.autoconfigure.actuate.metrics.MetricsExportContextCustomizerFactory$DisableMetricExportContextCustomizer@62010f5c, org.springframework.boot.test.autoconfigure.properties.PropertyMappingContextCustomizer@0, org.springframework.boot.test.autoconfigure.web.servlet.WebDriverContextCustomizerFactory$Customizer@73cd37c0, org.springframework.boot.test.context.filter.ExcludeFilterContextCustomizer@5a2d131d, org.springframework.boot.test.json.DuplicateJsonObjectContextCustomizerFactory$DuplicateJsonObjectContextCustomizer@1c93f6e1, org.springframework.boot.test.mock.mockito.MockitoContextCustomizer@7b782dea], contextLoader = 'org.springframework.test.context.support.DelegatingSmartContextLoader', parent = [null]], attributes = map['org.springframework.test.context.event.ApplicationEventsTestExecutionListener.recordApplicationEvents' -> false]], class annotated with @DirtiesContext [false] with mode [null], method annotated with @DirtiesContext [false] with mode [null].
23:36:56.889 [Test worker] DEBUG org.springframework.test.context.cache.DefaultCacheAwareContextLoaderDelegate - Retrieved ApplicationContext [839259983] from cache with key [[MergedContextConfiguration@2f0bfe17 testClass = ReactionManagerTest, locations = '{}', classes = '{class org.waldreg.board.reaction.management.DefaultReactionManager, class org.waldreg.util.token.DecryptedTokenContext}', contextInitializerClasses = '[]', activeProfiles = '{}', propertySourceLocations = '{}', propertySourceProperties = '{}', contextCustomizers = set[org.springframework.boot.test.autoconfigure.actuate.metrics.MetricsExportContextCustomizerFactory$DisableMetricExportContextCustomizer@62010f5c, org.springframework.boot.test.autoconfigure.properties.PropertyMappingContextCustomizer@0, org.springframework.boot.test.autoconfigure.web.servlet.WebDriverContextCustomizerFactory$Customizer@73cd37c0, org.springframework.boot.test.context.filter.ExcludeFilterContextCustomizer@5a2d131d, org.springframework.boot.test.json.DuplicateJsonObjectContextCustomizerFactory$DuplicateJsonObjectContextCustomizer@1c93f6e1, org.springframework.boot.test.mock.mockito.MockitoContextCustomizer@7b782dea], contextLoader = 'org.springframework.test.context.support.DelegatingSmartContextLoader', parent = [null]]]
23:36:56.889 [Test worker] DEBUG org.springframework.test.context.cache - Spring test ApplicationContext cache statistics: [DefaultContextCache@4afd21c6 size = 5, maxSize = 32, parentContextCount = 0, hitCount = 516, missCount = 5]
23:36:56.890 [Test worker] DEBUG org.springframework.test.context.support.AbstractDirtiesContextTestExecutionListener - After test class: context [DefaultTestContext@370c1968 testClass = ReactionManagerTest, testInstance = [null], testMethod = [null], testException = [null], mergedContextConfiguration = [MergedContextConfiguration@2f0bfe17 testClass = ReactionManagerTest, locations = '{}', classes = '{class org.waldreg.board.reaction.management.DefaultReactionManager, class org.waldreg.util.token.DecryptedTokenContext}', contextInitializerClasses = '[]', activeProfiles = '{}', propertySourceLocations = '{}', propertySourceProperties = '{}', contextCustomizers = set[org.springframework.boot.test.autoconfigure.actuate.metrics.MetricsExportContextCustomizerFactory$DisableMetricExportContextCustomizer@62010f5c, org.springframework.boot.test.autoconfigure.properties.PropertyMappingContextCustomizer@0, org.springframework.boot.test.autoconfigure.web.servlet.WebDriverContextCustomizerFactory$Customizer@73cd37c0, org.springframework.boot.test.context.filter.ExcludeFilterContextCustomizer@5a2d131d, org.springframework.boot.test.json.DuplicateJsonObjectContextCustomizerFactory$DuplicateJsonObjectContextCustomizer@1c93f6e1, org.springframework.boot.test.mock.mockito.MockitoContextCustomizer@7b782dea], contextLoader = 'org.springframework.test.context.support.DelegatingSmartContextLoader', parent = [null]], attributes = map['org.springframework.test.context.event.ApplicationEventsTestExecutionListener.recordApplicationEvents' -> false]], class annotated with @DirtiesContext [false] with mode [null].
]]></system-out>
  <system-err><![CDATA[]]></system-err>
</testsuite>
