<?xml version="1.0" encoding="UTF-8"?>
<testsuite name="org.waldreg.board.board.BoardManagerTest" tests="18" skipped="0" failures="0" errors="0" timestamp="2023-02-02T16:05:03" hostname="linirinilinrin" time="1.335">
  <properties/>
  <testcase name="전체 게시글 조회 성공" classname="org.waldreg.board.board.BoardManagerTest" time="0.461"/>
  <testcase name="전체 게시글 조회 실패 - 올바르지 않은 범위" classname="org.waldreg.board.board.BoardManagerTest" time="0.042"/>
  <testcase name="유저아이디으로 게시글 검색 성공" classname="org.waldreg.board.board.BoardManagerTest" time="0.086"/>
  <testcase name="게시글 삭제 성공" classname="org.waldreg.board.board.BoardManagerTest" time="0.038"/>
  <testcase name="보드 생성 성공 테스트" classname="org.waldreg.board.board.BoardManagerTest" time="0.057"/>
  <testcase name="게시글 삭제 실패 - 없는 게시글" classname="org.waldreg.board.board.BoardManagerTest" time="0.039"/>
  <testcase name="제목으로 게시글 검색 성공" classname="org.waldreg.board.board.BoardManagerTest" time="0.042"/>
  <testcase name="아이디로 게시글 조회 성공 테스트" classname="org.waldreg.board.board.BoardManagerTest" time="0.041"/>
  <testcase name="제목으로 검색 실패 - 올바르지 않은 범위" classname="org.waldreg.board.board.BoardManagerTest" time="0.042"/>
  <testcase name="내용으로 게시글 검색 성공" classname="org.waldreg.board.board.BoardManagerTest" time="0.04"/>
  <testcase name="게시글 수정 실패 - 카테고리가 없을 때" classname="org.waldreg.board.board.BoardManagerTest" time="0.062"/>
  <testcase name="아이디로 게시글 조회 실패 테스트" classname="org.waldreg.board.board.BoardManagerTest" time="0.04"/>
  <testcase name="카테고리별 전체 게시글 조회 실패 - 올바르지 않은 범위" classname="org.waldreg.board.board.BoardManagerTest" time="0.047"/>
  <testcase name="카테고리별 전체 게시글 조회 실패 - 조회 하려는 카테고리가 없는 경우" classname="org.waldreg.board.board.BoardManagerTest" time="0.04"/>
  <testcase name="카테고리별 전체 게시글 조회 성공" classname="org.waldreg.board.board.BoardManagerTest" time="0.095"/>
  <testcase name="게시글 수정 성공" classname="org.waldreg.board.board.BoardManagerTest" time="0.045"/>
  <testcase name="내용으로 검색 실패 - 올바르지 않은 범위" classname="org.waldreg.board.board.BoardManagerTest" time="0.043"/>
  <testcase name="유저 아이디로 검색 실패 - 올바르지 않은 범위" classname="org.waldreg.board.board.BoardManagerTest" time="0.039"/>
  <system-out><![CDATA[01:04:56.570 [Test worker] DEBUG org.springframework.test.context.BootstrapUtils - Instantiating CacheAwareContextLoaderDelegate from class [org.springframework.test.context.cache.DefaultCacheAwareContextLoaderDelegate]
01:04:56.693 [Test worker] DEBUG org.springframework.test.context.BootstrapUtils - Instantiating BootstrapContext using constructor [public org.springframework.test.context.support.DefaultBootstrapContext(java.lang.Class,org.springframework.test.context.CacheAwareContextLoaderDelegate)]
01:04:56.905 [Test worker] DEBUG org.springframework.test.context.BootstrapUtils - Instantiating TestContextBootstrapper for test class [org.waldreg.board.board.BoardManagerTest] from class [org.springframework.test.context.support.DefaultTestContextBootstrapper]
01:04:57.100 [Test worker] DEBUG org.springframework.test.context.support.AbstractDelegatingSmartContextLoader - Delegating to AnnotationConfigContextLoader to process context configuration [ContextConfigurationAttributes@768fc0f2 declaringClass = 'org.waldreg.board.board.BoardManagerTest', classes = '{class org.waldreg.board.board.management.DefaultBoardManager, class org.waldreg.util.token.DecryptedTokenContext}', locations = '{}', inheritLocations = true, initializers = '{}', inheritInitializers = true, name = [null], contextLoaderClass = 'org.springframework.test.context.ContextLoader'].
01:04:57.492 [Test worker] DEBUG org.springframework.test.context.support.ActiveProfilesUtils - Could not find an 'annotation declaring class' for annotation type [org.springframework.test.context.ActiveProfiles] and class [org.waldreg.board.board.BoardManagerTest]
01:04:57.496 [Test worker] DEBUG org.springframework.test.context.support.DefaultTestContextBootstrapper - @TestExecutionListeners is not present for class [org.waldreg.board.board.BoardManagerTest]: using defaults.
01:04:57.500 [Test worker] INFO org.springframework.test.context.support.DefaultTestContextBootstrapper - Loaded default TestExecutionListener class names from location [META-INF/spring.factories]: [org.springframework.boot.test.autoconfigure.restdocs.RestDocsTestExecutionListener, org.springframework.boot.test.autoconfigure.web.client.MockRestServiceServerResetTestExecutionListener, org.springframework.boot.test.autoconfigure.web.servlet.MockMvcPrintOnlyOnFailureTestExecutionListener, org.springframework.boot.test.autoconfigure.web.servlet.WebDriverTestExecutionListener, org.springframework.boot.test.autoconfigure.webservices.client.MockWebServiceServerTestExecutionListener, org.springframework.boot.test.mock.mockito.MockitoTestExecutionListener, org.springframework.boot.test.mock.mockito.ResetMocksTestExecutionListener, org.springframework.test.context.web.ServletTestExecutionListener, org.springframework.test.context.support.DirtiesContextBeforeModesTestExecutionListener, org.springframework.test.context.event.ApplicationEventsTestExecutionListener, org.springframework.test.context.support.DependencyInjectionTestExecutionListener, org.springframework.test.context.support.DirtiesContextTestExecutionListener, org.springframework.test.context.transaction.TransactionalTestExecutionListener, org.springframework.test.context.jdbc.SqlScriptsTestExecutionListener, org.springframework.test.context.event.EventPublishingTestExecutionListener]
01:04:57.614 [Test worker] DEBUG org.springframework.test.context.support.DefaultTestContextBootstrapper - Skipping candidate TestExecutionListener [org.springframework.test.context.transaction.TransactionalTestExecutionListener] due to a missing dependency. Specify custom listener classes or make the default listener classes and their required dependencies available. Offending class: [org/springframework/transaction/interceptor/TransactionAttributeSource]
01:04:57.619 [Test worker] DEBUG org.springframework.test.context.support.DefaultTestContextBootstrapper - Skipping candidate TestExecutionListener [org.springframework.test.context.jdbc.SqlScriptsTestExecutionListener] due to a missing dependency. Specify custom listener classes or make the default listener classes and their required dependencies available. Offending class: [org/springframework/transaction/interceptor/TransactionAttribute]
01:04:57.619 [Test worker] INFO org.springframework.test.context.support.DefaultTestContextBootstrapper - Using TestExecutionListeners: [org.springframework.test.context.web.ServletTestExecutionListener@7ca20101, org.springframework.test.context.support.DirtiesContextBeforeModesTestExecutionListener@47f9738, org.springframework.test.context.event.ApplicationEventsTestExecutionListener@6155d082, org.springframework.boot.test.mock.mockito.MockitoTestExecutionListener@3a5ecce3, org.springframework.test.context.support.DependencyInjectionTestExecutionListener@561868a0, org.springframework.test.context.support.DirtiesContextTestExecutionListener@2ea6e30c, org.springframework.test.context.event.EventPublishingTestExecutionListener@6138e79a, org.springframework.boot.test.autoconfigure.restdocs.RestDocsTestExecutionListener@2dcd168a, org.springframework.boot.test.autoconfigure.web.client.MockRestServiceServerResetTestExecutionListener@388526fb, org.springframework.boot.test.autoconfigure.web.servlet.MockMvcPrintOnlyOnFailureTestExecutionListener@21a21c64, org.springframework.boot.test.autoconfigure.web.servlet.WebDriverTestExecutionListener@7803bfd, org.springframework.boot.test.autoconfigure.webservices.client.MockWebServiceServerTestExecutionListener@42bc14c1, org.springframework.boot.test.mock.mockito.ResetMocksTestExecutionListener@531f4093]
01:04:57.633 [Test worker] DEBUG org.springframework.test.context.support.AbstractDirtiesContextTestExecutionListener - Before test class: context [DefaultTestContext@1afdd473 testClass = BoardManagerTest, testInstance = [null], testMethod = [null], testException = [null], mergedContextConfiguration = [MergedContextConfiguration@40238dd0 testClass = BoardManagerTest, locations = '{}', classes = '{class org.waldreg.board.board.management.DefaultBoardManager, class org.waldreg.util.token.DecryptedTokenContext}', contextInitializerClasses = '[]', activeProfiles = '{}', propertySourceLocations = '{}', propertySourceProperties = '{}', contextCustomizers = set[org.springframework.boot.test.autoconfigure.actuate.metrics.MetricsExportContextCustomizerFactory$DisableMetricExportContextCustomizer@5c2375a9, org.springframework.boot.test.autoconfigure.properties.PropertyMappingContextCustomizer@0, org.springframework.boot.test.autoconfigure.web.servlet.WebDriverContextCustomizerFactory$Customizer@2fd953a6, org.springframework.boot.test.context.filter.ExcludeFilterContextCustomizer@66c61024, org.springframework.boot.test.json.DuplicateJsonObjectContextCustomizerFactory$DuplicateJsonObjectContextCustomizer@35432107, org.springframework.boot.test.mock.mockito.MockitoContextCustomizer@8f4afa1e], contextLoader = 'org.springframework.test.context.support.DelegatingSmartContextLoader', parent = [null]], attributes = map[[empty]]], class annotated with @DirtiesContext [false] with mode [null].
01:04:57.724 [Test worker] DEBUG org.springframework.test.context.support.AbstractDelegatingSmartContextLoader - Delegating to AnnotationConfigContextLoader to load context from [MergedContextConfiguration@40238dd0 testClass = BoardManagerTest, locations = '{}', classes = '{class org.waldreg.board.board.management.DefaultBoardManager, class org.waldreg.util.token.DecryptedTokenContext}', contextInitializerClasses = '[]', activeProfiles = '{}', propertySourceLocations = '{}', propertySourceProperties = '{}', contextCustomizers = set[org.springframework.boot.test.autoconfigure.actuate.metrics.MetricsExportContextCustomizerFactory$DisableMetricExportContextCustomizer@5c2375a9, org.springframework.boot.test.autoconfigure.properties.PropertyMappingContextCustomizer@0, org.springframework.boot.test.autoconfigure.web.servlet.WebDriverContextCustomizerFactory$Customizer@2fd953a6, org.springframework.boot.test.context.filter.ExcludeFilterContextCustomizer@66c61024, org.springframework.boot.test.json.DuplicateJsonObjectContextCustomizerFactory$DuplicateJsonObjectContextCustomizer@35432107, org.springframework.boot.test.mock.mockito.MockitoContextCustomizer@8f4afa1e], contextLoader = 'org.springframework.test.context.support.DelegatingSmartContextLoader', parent = [null]].
01:04:57.726 [Test worker] DEBUG org.springframework.test.context.support.AbstractGenericContextLoader - Loading ApplicationContext for merged context configuration [[MergedContextConfiguration@40238dd0 testClass = BoardManagerTest, locations = '{}', classes = '{class org.waldreg.board.board.management.DefaultBoardManager, class org.waldreg.util.token.DecryptedTokenContext}', contextInitializerClasses = '[]', activeProfiles = '{}', propertySourceLocations = '{}', propertySourceProperties = '{}', contextCustomizers = set[org.springframework.boot.test.autoconfigure.actuate.metrics.MetricsExportContextCustomizerFactory$DisableMetricExportContextCustomizer@5c2375a9, org.springframework.boot.test.autoconfigure.properties.PropertyMappingContextCustomizer@0, org.springframework.boot.test.autoconfigure.web.servlet.WebDriverContextCustomizerFactory$Customizer@2fd953a6, org.springframework.boot.test.context.filter.ExcludeFilterContextCustomizer@66c61024, org.springframework.boot.test.json.DuplicateJsonObjectContextCustomizerFactory$DuplicateJsonObjectContextCustomizer@35432107, org.springframework.boot.test.mock.mockito.MockitoContextCustomizer@8f4afa1e], contextLoader = 'org.springframework.test.context.support.DelegatingSmartContextLoader', parent = [null]]].
01:04:58.166 [Test worker] DEBUG org.springframework.core.env.StandardEnvironment - Activating profiles []
01:04:58.167 [Test worker] DEBUG org.springframework.test.context.support.AnnotationConfigContextLoader - Registering component classes: {class org.waldreg.board.board.management.DefaultBoardManager, class org.waldreg.util.token.DecryptedTokenContext}
01:04:58.513 [Test worker] DEBUG org.springframework.context.support.GenericApplicationContext - Refreshing org.springframework.context.support.GenericApplicationContext@62727399
01:04:58.654 [Test worker] DEBUG org.springframework.beans.factory.support.DefaultListableBeanFactory - Creating shared instance of singleton bean 'org.springframework.context.annotation.internalConfigurationAnnotationProcessor'
01:04:59.018 [Test worker] DEBUG org.springframework.beans.factory.support.DefaultListableBeanFactory - Creating shared instance of singleton bean 'org.springframework.boot.test.mock.mockito.MockitoPostProcessor'
01:05:02.792 [Test worker] DEBUG org.springframework.beans.factory.support.DefaultListableBeanFactory - Creating shared instance of singleton bean 'org.springframework.context.event.internalEventListenerProcessor'
01:05:02.806 [Test worker] DEBUG org.springframework.beans.factory.support.DefaultListableBeanFactory - Creating shared instance of singleton bean 'org.springframework.context.event.internalEventListenerFactory'
01:05:02.811 [Test worker] DEBUG org.springframework.beans.factory.support.DefaultListableBeanFactory - Creating shared instance of singleton bean 'org.springframework.context.annotation.internalAutowiredAnnotationProcessor'
01:05:02.828 [Test worker] DEBUG org.springframework.beans.factory.support.DefaultListableBeanFactory - Creating shared instance of singleton bean 'org.springframework.context.annotation.internalCommonAnnotationProcessor'
01:05:02.879 [Test worker] DEBUG org.springframework.beans.factory.support.DefaultListableBeanFactory - Creating shared instance of singleton bean 'org.springframework.boot.test.mock.mockito.MockitoPostProcessor$SpyPostProcessor'
01:05:03.005 [Test worker] DEBUG org.springframework.beans.factory.support.DefaultListableBeanFactory - Creating shared instance of singleton bean 'defaultBoardManager'
01:05:03.057 [Test worker] DEBUG org.springframework.beans.factory.support.DefaultListableBeanFactory - Creating shared instance of singleton bean 'decryptedTokenContext'
01:05:03.204 [Test worker] DEBUG org.springframework.beans.factory.support.DefaultListableBeanFactory - Autowiring by type from bean name 'defaultBoardManager' via constructor to bean named 'org.waldreg.board.board.spi.BoardRepository#0'
01:05:03.204 [Test worker] DEBUG org.springframework.beans.factory.support.DefaultListableBeanFactory - Autowiring by type from bean name 'defaultBoardManager' via constructor to bean named 'org.waldreg.board.board.spi.CategoryRepository#0'
01:05:03.204 [Test worker] DEBUG org.springframework.beans.factory.support.DefaultListableBeanFactory - Autowiring by type from bean name 'defaultBoardManager' via constructor to bean named 'org.waldreg.board.board.spi.UserRepository#0'
01:05:03.204 [Test worker] DEBUG org.springframework.beans.factory.support.DefaultListableBeanFactory - Autowiring by type from bean name 'defaultBoardManager' via constructor to bean named 'decryptedTokenContext'
01:05:03.374 [Test worker] DEBUG org.springframework.test.context.cache.DefaultCacheAwareContextLoaderDelegate - Storing ApplicationContext [1651667865] in cache under key [[MergedContextConfiguration@40238dd0 testClass = BoardManagerTest, locations = '{}', classes = '{class org.waldreg.board.board.management.DefaultBoardManager, class org.waldreg.util.token.DecryptedTokenContext}', contextInitializerClasses = '[]', activeProfiles = '{}', propertySourceLocations = '{}', propertySourceProperties = '{}', contextCustomizers = set[org.springframework.boot.test.autoconfigure.actuate.metrics.MetricsExportContextCustomizerFactory$DisableMetricExportContextCustomizer@5c2375a9, org.springframework.boot.test.autoconfigure.properties.PropertyMappingContextCustomizer@0, org.springframework.boot.test.autoconfigure.web.servlet.WebDriverContextCustomizerFactory$Customizer@2fd953a6, org.springframework.boot.test.context.filter.ExcludeFilterContextCustomizer@66c61024, org.springframework.boot.test.json.DuplicateJsonObjectContextCustomizerFactory$DuplicateJsonObjectContextCustomizer@35432107, org.springframework.boot.test.mock.mockito.MockitoContextCustomizer@8f4afa1e], contextLoader = 'org.springframework.test.context.support.DelegatingSmartContextLoader', parent = [null]]]
01:05:03.375 [Test worker] DEBUG org.springframework.test.context.cache - Spring test ApplicationContext cache statistics: [DefaultContextCache@64a9d48c size = 1, maxSize = 32, parentContextCount = 0, hitCount = 0, missCount = 1]
01:05:03.390 [Test worker] DEBUG org.springframework.test.context.support.DependencyInjectionTestExecutionListener - Performing dependency injection for test context [[DefaultTestContext@1afdd473 testClass = BoardManagerTest, testInstance = org.waldreg.board.board.BoardManagerTest@65eabaab, testMethod = [null], testException = [null], mergedContextConfiguration = [MergedContextConfiguration@40238dd0 testClass = BoardManagerTest, locations = '{}', classes = '{class org.waldreg.board.board.management.DefaultBoardManager, class org.waldreg.util.token.DecryptedTokenContext}', contextInitializerClasses = '[]', activeProfiles = '{}', propertySourceLocations = '{}', propertySourceProperties = '{}', contextCustomizers = set[org.springframework.boot.test.autoconfigure.actuate.metrics.MetricsExportContextCustomizerFactory$DisableMetricExportContextCustomizer@5c2375a9, org.springframework.boot.test.autoconfigure.properties.PropertyMappingContextCustomizer@0, org.springframework.boot.test.autoconfigure.web.servlet.WebDriverContextCustomizerFactory$Customizer@2fd953a6, org.springframework.boot.test.context.filter.ExcludeFilterContextCustomizer@66c61024, org.springframework.boot.test.json.DuplicateJsonObjectContextCustomizerFactory$DuplicateJsonObjectContextCustomizer@35432107, org.springframework.boot.test.mock.mockito.MockitoContextCustomizer@8f4afa1e], contextLoader = 'org.springframework.test.context.support.DelegatingSmartContextLoader', parent = [null]], attributes = map['org.springframework.test.context.event.ApplicationEventsTestExecutionListener.recordApplicationEvents' -> false]]].
01:05:03.390 [Test worker] DEBUG org.springframework.test.context.cache.DefaultCacheAwareContextLoaderDelegate - Retrieved ApplicationContext [1651667865] from cache with key [[MergedContextConfiguration@40238dd0 testClass = BoardManagerTest, locations = '{}', classes = '{class org.waldreg.board.board.management.DefaultBoardManager, class org.waldreg.util.token.DecryptedTokenContext}', contextInitializerClasses = '[]', activeProfiles = '{}', propertySourceLocations = '{}', propertySourceProperties = '{}', contextCustomizers = set[org.springframework.boot.test.autoconfigure.actuate.metrics.MetricsExportContextCustomizerFactory$DisableMetricExportContextCustomizer@5c2375a9, org.springframework.boot.test.autoconfigure.properties.PropertyMappingContextCustomizer@0, org.springframework.boot.test.autoconfigure.web.servlet.WebDriverContextCustomizerFactory$Customizer@2fd953a6, org.springframework.boot.test.context.filter.ExcludeFilterContextCustomizer@66c61024, org.springframework.boot.test.json.DuplicateJsonObjectContextCustomizerFactory$DuplicateJsonObjectContextCustomizer@35432107, org.springframework.boot.test.mock.mockito.MockitoContextCustomizer@8f4afa1e], contextLoader = 'org.springframework.test.context.support.DelegatingSmartContextLoader', parent = [null]]]
01:05:03.390 [Test worker] DEBUG org.springframework.test.context.cache - Spring test ApplicationContext cache statistics: [DefaultContextCache@64a9d48c size = 1, maxSize = 32, parentContextCount = 0, hitCount = 1, missCount = 1]
01:05:03.452 [Test worker] DEBUG org.springframework.test.context.cache.DefaultCacheAwareContextLoaderDelegate - Retrieved ApplicationContext [1651667865] from cache with key [[MergedContextConfiguration@40238dd0 testClass = BoardManagerTest, locations = '{}', classes = '{class org.waldreg.board.board.management.DefaultBoardManager, class org.waldreg.util.token.DecryptedTokenContext}', contextInitializerClasses = '[]', activeProfiles = '{}', propertySourceLocations = '{}', propertySourceProperties = '{}', contextCustomizers = set[org.springframework.boot.test.autoconfigure.actuate.metrics.MetricsExportContextCustomizerFactory$DisableMetricExportContextCustomizer@5c2375a9, org.springframework.boot.test.autoconfigure.properties.PropertyMappingContextCustomizer@0, org.springframework.boot.test.autoconfigure.web.servlet.WebDriverContextCustomizerFactory$Customizer@2fd953a6, org.springframework.boot.test.context.filter.ExcludeFilterContextCustomizer@66c61024, org.springframework.boot.test.json.DuplicateJsonObjectContextCustomizerFactory$DuplicateJsonObjectContextCustomizer@35432107, org.springframework.boot.test.mock.mockito.MockitoContextCustomizer@8f4afa1e], contextLoader = 'org.springframework.test.context.support.DelegatingSmartContextLoader', parent = [null]]]
01:05:03.452 [Test worker] DEBUG org.springframework.test.context.cache - Spring test ApplicationContext cache statistics: [DefaultContextCache@64a9d48c size = 1, maxSize = 32, parentContextCount = 0, hitCount = 2, missCount = 1]
01:05:03.487 [Test worker] DEBUG org.springframework.test.context.support.AbstractDirtiesContextTestExecutionListener - Before test method: context [DefaultTestContext@1afdd473 testClass = BoardManagerTest, testInstance = org.waldreg.board.board.BoardManagerTest@65eabaab, testMethod = INQUIRY_ALL_BOARD_SUCCESS_TEST@BoardManagerTest, testException = [null], mergedContextConfiguration = [MergedContextConfiguration@40238dd0 testClass = BoardManagerTest, locations = '{}', classes = '{class org.waldreg.board.board.management.DefaultBoardManager, class org.waldreg.util.token.DecryptedTokenContext}', contextInitializerClasses = '[]', activeProfiles = '{}', propertySourceLocations = '{}', propertySourceProperties = '{}', contextCustomizers = set[org.springframework.boot.test.autoconfigure.actuate.metrics.MetricsExportContextCustomizerFactory$DisableMetricExportContextCustomizer@5c2375a9, org.springframework.boot.test.autoconfigure.properties.PropertyMappingContextCustomizer@0, org.springframework.boot.test.autoconfigure.web.servlet.WebDriverContextCustomizerFactory$Customizer@2fd953a6, org.springframework.boot.test.context.filter.ExcludeFilterContextCustomizer@66c61024, org.springframework.boot.test.json.DuplicateJsonObjectContextCustomizerFactory$DuplicateJsonObjectContextCustomizer@35432107, org.springframework.boot.test.mock.mockito.MockitoContextCustomizer@8f4afa1e], contextLoader = 'org.springframework.test.context.support.DelegatingSmartContextLoader', parent = [null]], attributes = map['org.springframework.test.context.event.ApplicationEventsTestExecutionListener.recordApplicationEvents' -> false]], class annotated with @DirtiesContext [false] with mode [null], method annotated with @DirtiesContext [false] with mode [null].
01:05:03.492 [Test worker] DEBUG org.springframework.test.context.cache.DefaultCacheAwareContextLoaderDelegate - Retrieved ApplicationContext [1651667865] from cache with key [[MergedContextConfiguration@40238dd0 testClass = BoardManagerTest, locations = '{}', classes = '{class org.waldreg.board.board.management.DefaultBoardManager, class org.waldreg.util.token.DecryptedTokenContext}', contextInitializerClasses = '[]', activeProfiles = '{}', propertySourceLocations = '{}', propertySourceProperties = '{}', contextCustomizers = set[org.springframework.boot.test.autoconfigure.actuate.metrics.MetricsExportContextCustomizerFactory$DisableMetricExportContextCustomizer@5c2375a9, org.springframework.boot.test.autoconfigure.properties.PropertyMappingContextCustomizer@0, org.springframework.boot.test.autoconfigure.web.servlet.WebDriverContextCustomizerFactory$Customizer@2fd953a6, org.springframework.boot.test.context.filter.ExcludeFilterContextCustomizer@66c61024, org.springframework.boot.test.json.DuplicateJsonObjectContextCustomizerFactory$DuplicateJsonObjectContextCustomizer@35432107, org.springframework.boot.test.mock.mockito.MockitoContextCustomizer@8f4afa1e], contextLoader = 'org.springframework.test.context.support.DelegatingSmartContextLoader', parent = [null]]]
01:05:03.492 [Test worker] DEBUG org.springframework.test.context.cache - Spring test ApplicationContext cache statistics: [DefaultContextCache@64a9d48c size = 1, maxSize = 32, parentContextCount = 0, hitCount = 3, missCount = 1]
01:05:03.506 [Test worker] DEBUG org.springframework.test.context.cache.DefaultCacheAwareContextLoaderDelegate - Retrieved ApplicationContext [1651667865] from cache with key [[MergedContextConfiguration@40238dd0 testClass = BoardManagerTest, locations = '{}', classes = '{class org.waldreg.board.board.management.DefaultBoardManager, class org.waldreg.util.token.DecryptedTokenContext}', contextInitializerClasses = '[]', activeProfiles = '{}', propertySourceLocations = '{}', propertySourceProperties = '{}', contextCustomizers = set[org.springframework.boot.test.autoconfigure.actuate.metrics.MetricsExportContextCustomizerFactory$DisableMetricExportContextCustomizer@5c2375a9, org.springframework.boot.test.autoconfigure.properties.PropertyMappingContextCustomizer@0, org.springframework.boot.test.autoconfigure.web.servlet.WebDriverContextCustomizerFactory$Customizer@2fd953a6, org.springframework.boot.test.context.filter.ExcludeFilterContextCustomizer@66c61024, org.springframework.boot.test.json.DuplicateJsonObjectContextCustomizerFactory$DuplicateJsonObjectContextCustomizer@35432107, org.springframework.boot.test.mock.mockito.MockitoContextCustomizer@8f4afa1e], contextLoader = 'org.springframework.test.context.support.DelegatingSmartContextLoader', parent = [null]]]
01:05:03.506 [Test worker] DEBUG org.springframework.test.context.cache - Spring test ApplicationContext cache statistics: [DefaultContextCache@64a9d48c size = 1, maxSize = 32, parentContextCount = 0, hitCount = 4, missCount = 1]
01:05:03.564 [Test worker] DEBUG org.springframework.test.context.cache.DefaultCacheAwareContextLoaderDelegate - Retrieved ApplicationContext [1651667865] from cache with key [[MergedContextConfiguration@40238dd0 testClass = BoardManagerTest, locations = '{}', classes = '{class org.waldreg.board.board.management.DefaultBoardManager, class org.waldreg.util.token.DecryptedTokenContext}', contextInitializerClasses = '[]', activeProfiles = '{}', propertySourceLocations = '{}', propertySourceProperties = '{}', contextCustomizers = set[org.springframework.boot.test.autoconfigure.actuate.metrics.MetricsExportContextCustomizerFactory$DisableMetricExportContextCustomizer@5c2375a9, org.springframework.boot.test.autoconfigure.properties.PropertyMappingContextCustomizer@0, org.springframework.boot.test.autoconfigure.web.servlet.WebDriverContextCustomizerFactory$Customizer@2fd953a6, org.springframework.boot.test.context.filter.ExcludeFilterContextCustomizer@66c61024, org.springframework.boot.test.json.DuplicateJsonObjectContextCustomizerFactory$DuplicateJsonObjectContextCustomizer@35432107, org.springframework.boot.test.mock.mockito.MockitoContextCustomizer@8f4afa1e], contextLoader = 'org.springframework.test.context.support.DelegatingSmartContextLoader', parent = [null]]]
01:05:03.564 [Test worker] DEBUG org.springframework.test.context.cache - Spring test ApplicationContext cache statistics: [DefaultContextCache@64a9d48c size = 1, maxSize = 32, parentContextCount = 0, hitCount = 5, missCount = 1]
01:05:03.852 [Test worker] DEBUG org.springframework.test.context.cache.DefaultCacheAwareContextLoaderDelegate - Retrieved ApplicationContext [1651667865] from cache with key [[MergedContextConfiguration@40238dd0 testClass = BoardManagerTest, locations = '{}', classes = '{class org.waldreg.board.board.management.DefaultBoardManager, class org.waldreg.util.token.DecryptedTokenContext}', contextInitializerClasses = '[]', activeProfiles = '{}', propertySourceLocations = '{}', propertySourceProperties = '{}', contextCustomizers = set[org.springframework.boot.test.autoconfigure.actuate.metrics.MetricsExportContextCustomizerFactory$DisableMetricExportContextCustomizer@5c2375a9, org.springframework.boot.test.autoconfigure.properties.PropertyMappingContextCustomizer@0, org.springframework.boot.test.autoconfigure.web.servlet.WebDriverContextCustomizerFactory$Customizer@2fd953a6, org.springframework.boot.test.context.filter.ExcludeFilterContextCustomizer@66c61024, org.springframework.boot.test.json.DuplicateJsonObjectContextCustomizerFactory$DuplicateJsonObjectContextCustomizer@35432107, org.springframework.boot.test.mock.mockito.MockitoContextCustomizer@8f4afa1e], contextLoader = 'org.springframework.test.context.support.DelegatingSmartContextLoader', parent = [null]]]
01:05:03.853 [Test worker] DEBUG org.springframework.test.context.cache - Spring test ApplicationContext cache statistics: [DefaultContextCache@64a9d48c size = 1, maxSize = 32, parentContextCount = 0, hitCount = 6, missCount = 1]
01:05:03.854 [Test worker] DEBUG org.springframework.test.context.cache.DefaultCacheAwareContextLoaderDelegate - Retrieved ApplicationContext [1651667865] from cache with key [[MergedContextConfiguration@40238dd0 testClass = BoardManagerTest, locations = '{}', classes = '{class org.waldreg.board.board.management.DefaultBoardManager, class org.waldreg.util.token.DecryptedTokenContext}', contextInitializerClasses = '[]', activeProfiles = '{}', propertySourceLocations = '{}', propertySourceProperties = '{}', contextCustomizers = set[org.springframework.boot.test.autoconfigure.actuate.metrics.MetricsExportContextCustomizerFactory$DisableMetricExportContextCustomizer@5c2375a9, org.springframework.boot.test.autoconfigure.properties.PropertyMappingContextCustomizer@0, org.springframework.boot.test.autoconfigure.web.servlet.WebDriverContextCustomizerFactory$Customizer@2fd953a6, org.springframework.boot.test.context.filter.ExcludeFilterContextCustomizer@66c61024, org.springframework.boot.test.json.DuplicateJsonObjectContextCustomizerFactory$DuplicateJsonObjectContextCustomizer@35432107, org.springframework.boot.test.mock.mockito.MockitoContextCustomizer@8f4afa1e], contextLoader = 'org.springframework.test.context.support.DelegatingSmartContextLoader', parent = [null]]]
01:05:03.854 [Test worker] DEBUG org.springframework.test.context.cache - Spring test ApplicationContext cache statistics: [DefaultContextCache@64a9d48c size = 1, maxSize = 32, parentContextCount = 0, hitCount = 7, missCount = 1]
01:05:03.862 [Test worker] DEBUG org.springframework.test.context.cache.DefaultCacheAwareContextLoaderDelegate - Retrieved ApplicationContext [1651667865] from cache with key [[MergedContextConfiguration@40238dd0 testClass = BoardManagerTest, locations = '{}', classes = '{class org.waldreg.board.board.management.DefaultBoardManager, class org.waldreg.util.token.DecryptedTokenContext}', contextInitializerClasses = '[]', activeProfiles = '{}', propertySourceLocations = '{}', propertySourceProperties = '{}', contextCustomizers = set[org.springframework.boot.test.autoconfigure.actuate.metrics.MetricsExportContextCustomizerFactory$DisableMetricExportContextCustomizer@5c2375a9, org.springframework.boot.test.autoconfigure.properties.PropertyMappingContextCustomizer@0, org.springframework.boot.test.autoconfigure.web.servlet.WebDriverContextCustomizerFactory$Customizer@2fd953a6, org.springframework.boot.test.context.filter.ExcludeFilterContextCustomizer@66c61024, org.springframework.boot.test.json.DuplicateJsonObjectContextCustomizerFactory$DuplicateJsonObjectContextCustomizer@35432107, org.springframework.boot.test.mock.mockito.MockitoContextCustomizer@8f4afa1e], contextLoader = 'org.springframework.test.context.support.DelegatingSmartContextLoader', parent = [null]]]
01:05:03.862 [Test worker] DEBUG org.springframework.test.context.cache - Spring test ApplicationContext cache statistics: [DefaultContextCache@64a9d48c size = 1, maxSize = 32, parentContextCount = 0, hitCount = 8, missCount = 1]
01:05:03.862 [Test worker] DEBUG org.springframework.test.context.cache.DefaultCacheAwareContextLoaderDelegate - Retrieved ApplicationContext [1651667865] from cache with key [[MergedContextConfiguration@40238dd0 testClass = BoardManagerTest, locations = '{}', classes = '{class org.waldreg.board.board.management.DefaultBoardManager, class org.waldreg.util.token.DecryptedTokenContext}', contextInitializerClasses = '[]', activeProfiles = '{}', propertySourceLocations = '{}', propertySourceProperties = '{}', contextCustomizers = set[org.springframework.boot.test.autoconfigure.actuate.metrics.MetricsExportContextCustomizerFactory$DisableMetricExportContextCustomizer@5c2375a9, org.springframework.boot.test.autoconfigure.properties.PropertyMappingContextCustomizer@0, org.springframework.boot.test.autoconfigure.web.servlet.WebDriverContextCustomizerFactory$Customizer@2fd953a6, org.springframework.boot.test.context.filter.ExcludeFilterContextCustomizer@66c61024, org.springframework.boot.test.json.DuplicateJsonObjectContextCustomizerFactory$DuplicateJsonObjectContextCustomizer@35432107, org.springframework.boot.test.mock.mockito.MockitoContextCustomizer@8f4afa1e], contextLoader = 'org.springframework.test.context.support.DelegatingSmartContextLoader', parent = [null]]]
01:05:03.862 [Test worker] DEBUG org.springframework.test.context.cache - Spring test ApplicationContext cache statistics: [DefaultContextCache@64a9d48c size = 1, maxSize = 32, parentContextCount = 0, hitCount = 9, missCount = 1]
01:05:03.870 [Test worker] DEBUG org.springframework.test.context.cache.DefaultCacheAwareContextLoaderDelegate - Retrieved ApplicationContext [1651667865] from cache with key [[MergedContextConfiguration@40238dd0 testClass = BoardManagerTest, locations = '{}', classes = '{class org.waldreg.board.board.management.DefaultBoardManager, class org.waldreg.util.token.DecryptedTokenContext}', contextInitializerClasses = '[]', activeProfiles = '{}', propertySourceLocations = '{}', propertySourceProperties = '{}', contextCustomizers = set[org.springframework.boot.test.autoconfigure.actuate.metrics.MetricsExportContextCustomizerFactory$DisableMetricExportContextCustomizer@5c2375a9, org.springframework.boot.test.autoconfigure.properties.PropertyMappingContextCustomizer@0, org.springframework.boot.test.autoconfigure.web.servlet.WebDriverContextCustomizerFactory$Customizer@2fd953a6, org.springframework.boot.test.context.filter.ExcludeFilterContextCustomizer@66c61024, org.springframework.boot.test.json.DuplicateJsonObjectContextCustomizerFactory$DuplicateJsonObjectContextCustomizer@35432107, org.springframework.boot.test.mock.mockito.MockitoContextCustomizer@8f4afa1e], contextLoader = 'org.springframework.test.context.support.DelegatingSmartContextLoader', parent = [null]]]
01:05:03.870 [Test worker] DEBUG org.springframework.test.context.cache - Spring test ApplicationContext cache statistics: [DefaultContextCache@64a9d48c size = 1, maxSize = 32, parentContextCount = 0, hitCount = 10, missCount = 1]
01:05:03.885 [Test worker] DEBUG org.springframework.test.context.cache.DefaultCacheAwareContextLoaderDelegate - Retrieved ApplicationContext [1651667865] from cache with key [[MergedContextConfiguration@40238dd0 testClass = BoardManagerTest, locations = '{}', classes = '{class org.waldreg.board.board.management.DefaultBoardManager, class org.waldreg.util.token.DecryptedTokenContext}', contextInitializerClasses = '[]', activeProfiles = '{}', propertySourceLocations = '{}', propertySourceProperties = '{}', contextCustomizers = set[org.springframework.boot.test.autoconfigure.actuate.metrics.MetricsExportContextCustomizerFactory$DisableMetricExportContextCustomizer@5c2375a9, org.springframework.boot.test.autoconfigure.properties.PropertyMappingContextCustomizer@0, org.springframework.boot.test.autoconfigure.web.servlet.WebDriverContextCustomizerFactory$Customizer@2fd953a6, org.springframework.boot.test.context.filter.ExcludeFilterContextCustomizer@66c61024, org.springframework.boot.test.json.DuplicateJsonObjectContextCustomizerFactory$DuplicateJsonObjectContextCustomizer@35432107, org.springframework.boot.test.mock.mockito.MockitoContextCustomizer@8f4afa1e], contextLoader = 'org.springframework.test.context.support.DelegatingSmartContextLoader', parent = [null]]]
01:05:03.886 [Test worker] DEBUG org.springframework.test.context.cache - Spring test ApplicationContext cache statistics: [DefaultContextCache@64a9d48c size = 1, maxSize = 32, parentContextCount = 0, hitCount = 11, missCount = 1]
01:05:03.886 [Test worker] DEBUG org.springframework.test.context.support.AbstractDirtiesContextTestExecutionListener - After test method: context [DefaultTestContext@1afdd473 testClass = BoardManagerTest, testInstance = org.waldreg.board.board.BoardManagerTest@65eabaab, testMethod = INQUIRY_ALL_BOARD_SUCCESS_TEST@BoardManagerTest, testException = [null], mergedContextConfiguration = [MergedContextConfiguration@40238dd0 testClass = BoardManagerTest, locations = '{}', classes = '{class org.waldreg.board.board.management.DefaultBoardManager, class org.waldreg.util.token.DecryptedTokenContext}', contextInitializerClasses = '[]', activeProfiles = '{}', propertySourceLocations = '{}', propertySourceProperties = '{}', contextCustomizers = set[org.springframework.boot.test.autoconfigure.actuate.metrics.MetricsExportContextCustomizerFactory$DisableMetricExportContextCustomizer@5c2375a9, org.springframework.boot.test.autoconfigure.properties.PropertyMappingContextCustomizer@0, org.springframework.boot.test.autoconfigure.web.servlet.WebDriverContextCustomizerFactory$Customizer@2fd953a6, org.springframework.boot.test.context.filter.ExcludeFilterContextCustomizer@66c61024, org.springframework.boot.test.json.DuplicateJsonObjectContextCustomizerFactory$DuplicateJsonObjectContextCustomizer@35432107, org.springframework.boot.test.mock.mockito.MockitoContextCustomizer@8f4afa1e], contextLoader = 'org.springframework.test.context.support.DelegatingSmartContextLoader', parent = [null]], attributes = map['org.springframework.test.context.event.ApplicationEventsTestExecutionListener.recordApplicationEvents' -> false]], class annotated with @DirtiesContext [false] with mode [null], method annotated with @DirtiesContext [false] with mode [null].
01:05:03.937 [Test worker] DEBUG org.springframework.test.context.cache.DefaultCacheAwareContextLoaderDelegate - Retrieved ApplicationContext [1651667865] from cache with key [[MergedContextConfiguration@40238dd0 testClass = BoardManagerTest, locations = '{}', classes = '{class org.waldreg.board.board.management.DefaultBoardManager, class org.waldreg.util.token.DecryptedTokenContext}', contextInitializerClasses = '[]', activeProfiles = '{}', propertySourceLocations = '{}', propertySourceProperties = '{}', contextCustomizers = set[org.springframework.boot.test.autoconfigure.actuate.metrics.MetricsExportContextCustomizerFactory$DisableMetricExportContextCustomizer@5c2375a9, org.springframework.boot.test.autoconfigure.properties.PropertyMappingContextCustomizer@0, org.springframework.boot.test.autoconfigure.web.servlet.WebDriverContextCustomizerFactory$Customizer@2fd953a6, org.springframework.boot.test.context.filter.ExcludeFilterContextCustomizer@66c61024, org.springframework.boot.test.json.DuplicateJsonObjectContextCustomizerFactory$DuplicateJsonObjectContextCustomizer@35432107, org.springframework.boot.test.mock.mockito.MockitoContextCustomizer@8f4afa1e], contextLoader = 'org.springframework.test.context.support.DelegatingSmartContextLoader', parent = [null]]]
01:05:03.937 [Test worker] DEBUG org.springframework.test.context.cache - Spring test ApplicationContext cache statistics: [DefaultContextCache@64a9d48c size = 1, maxSize = 32, parentContextCount = 0, hitCount = 12, missCount = 1]
01:05:03.937 [Test worker] DEBUG org.springframework.test.context.support.DependencyInjectionTestExecutionListener - Performing dependency injection for test context [[DefaultTestContext@1afdd473 testClass = BoardManagerTest, testInstance = org.waldreg.board.board.BoardManagerTest@1f44ddab, testMethod = [null], testException = [null], mergedContextConfiguration = [MergedContextConfiguration@40238dd0 testClass = BoardManagerTest, locations = '{}', classes = '{class org.waldreg.board.board.management.DefaultBoardManager, class org.waldreg.util.token.DecryptedTokenContext}', contextInitializerClasses = '[]', activeProfiles = '{}', propertySourceLocations = '{}', propertySourceProperties = '{}', contextCustomizers = set[org.springframework.boot.test.autoconfigure.actuate.metrics.MetricsExportContextCustomizerFactory$DisableMetricExportContextCustomizer@5c2375a9, org.springframework.boot.test.autoconfigure.properties.PropertyMappingContextCustomizer@0, org.springframework.boot.test.autoconfigure.web.servlet.WebDriverContextCustomizerFactory$Customizer@2fd953a6, org.springframework.boot.test.context.filter.ExcludeFilterContextCustomizer@66c61024, org.springframework.boot.test.json.DuplicateJsonObjectContextCustomizerFactory$DuplicateJsonObjectContextCustomizer@35432107, org.springframework.boot.test.mock.mockito.MockitoContextCustomizer@8f4afa1e], contextLoader = 'org.springframework.test.context.support.DelegatingSmartContextLoader', parent = [null]], attributes = map['org.springframework.test.context.event.ApplicationEventsTestExecutionListener.recordApplicationEvents' -> false]]].
01:05:03.937 [Test worker] DEBUG org.springframework.test.context.cache.DefaultCacheAwareContextLoaderDelegate - Retrieved ApplicationContext [1651667865] from cache with key [[MergedContextConfiguration@40238dd0 testClass = BoardManagerTest, locations = '{}', classes = '{class org.waldreg.board.board.management.DefaultBoardManager, class org.waldreg.util.token.DecryptedTokenContext}', contextInitializerClasses = '[]', activeProfiles = '{}', propertySourceLocations = '{}', propertySourceProperties = '{}', contextCustomizers = set[org.springframework.boot.test.autoconfigure.actuate.metrics.MetricsExportContextCustomizerFactory$DisableMetricExportContextCustomizer@5c2375a9, org.springframework.boot.test.autoconfigure.properties.PropertyMappingContextCustomizer@0, org.springframework.boot.test.autoconfigure.web.servlet.WebDriverContextCustomizerFactory$Customizer@2fd953a6, org.springframework.boot.test.context.filter.ExcludeFilterContextCustomizer@66c61024, org.springframework.boot.test.json.DuplicateJsonObjectContextCustomizerFactory$DuplicateJsonObjectContextCustomizer@35432107, org.springframework.boot.test.mock.mockito.MockitoContextCustomizer@8f4afa1e], contextLoader = 'org.springframework.test.context.support.DelegatingSmartContextLoader', parent = [null]]]
01:05:03.937 [Test worker] DEBUG org.springframework.test.context.cache - Spring test ApplicationContext cache statistics: [DefaultContextCache@64a9d48c size = 1, maxSize = 32, parentContextCount = 0, hitCount = 13, missCount = 1]
01:05:03.938 [Test worker] DEBUG org.springframework.test.context.cache.DefaultCacheAwareContextLoaderDelegate - Retrieved ApplicationContext [1651667865] from cache with key [[MergedContextConfiguration@40238dd0 testClass = BoardManagerTest, locations = '{}', classes = '{class org.waldreg.board.board.management.DefaultBoardManager, class org.waldreg.util.token.DecryptedTokenContext}', contextInitializerClasses = '[]', activeProfiles = '{}', propertySourceLocations = '{}', propertySourceProperties = '{}', contextCustomizers = set[org.springframework.boot.test.autoconfigure.actuate.metrics.MetricsExportContextCustomizerFactory$DisableMetricExportContextCustomizer@5c2375a9, org.springframework.boot.test.autoconfigure.properties.PropertyMappingContextCustomizer@0, org.springframework.boot.test.autoconfigure.web.servlet.WebDriverContextCustomizerFactory$Customizer@2fd953a6, org.springframework.boot.test.context.filter.ExcludeFilterContextCustomizer@66c61024, org.springframework.boot.test.json.DuplicateJsonObjectContextCustomizerFactory$DuplicateJsonObjectContextCustomizer@35432107, org.springframework.boot.test.mock.mockito.MockitoContextCustomizer@8f4afa1e], contextLoader = 'org.springframework.test.context.support.DelegatingSmartContextLoader', parent = [null]]]
01:05:03.938 [Test worker] DEBUG org.springframework.test.context.cache - Spring test ApplicationContext cache statistics: [DefaultContextCache@64a9d48c size = 1, maxSize = 32, parentContextCount = 0, hitCount = 14, missCount = 1]
01:05:03.939 [Test worker] DEBUG org.springframework.test.context.support.AbstractDirtiesContextTestExecutionListener - Before test method: context [DefaultTestContext@1afdd473 testClass = BoardManagerTest, testInstance = org.waldreg.board.board.BoardManagerTest@1f44ddab, testMethod = INQUIRY_ALL_BOARD_INVALID_RANGE_TEST@BoardManagerTest, testException = [null], mergedContextConfiguration = [MergedContextConfiguration@40238dd0 testClass = BoardManagerTest, locations = '{}', classes = '{class org.waldreg.board.board.management.DefaultBoardManager, class org.waldreg.util.token.DecryptedTokenContext}', contextInitializerClasses = '[]', activeProfiles = '{}', propertySourceLocations = '{}', propertySourceProperties = '{}', contextCustomizers = set[org.springframework.boot.test.autoconfigure.actuate.metrics.MetricsExportContextCustomizerFactory$DisableMetricExportContextCustomizer@5c2375a9, org.springframework.boot.test.autoconfigure.properties.PropertyMappingContextCustomizer@0, org.springframework.boot.test.autoconfigure.web.servlet.WebDriverContextCustomizerFactory$Customizer@2fd953a6, org.springframework.boot.test.context.filter.ExcludeFilterContextCustomizer@66c61024, org.springframework.boot.test.json.DuplicateJsonObjectContextCustomizerFactory$DuplicateJsonObjectContextCustomizer@35432107, org.springframework.boot.test.mock.mockito.MockitoContextCustomizer@8f4afa1e], contextLoader = 'org.springframework.test.context.support.DelegatingSmartContextLoader', parent = [null]], attributes = map['org.springframework.test.context.event.ApplicationEventsTestExecutionListener.recordApplicationEvents' -> false]], class annotated with @DirtiesContext [false] with mode [null], method annotated with @DirtiesContext [false] with mode [null].
01:05:03.940 [Test worker] DEBUG org.springframework.test.context.cache.DefaultCacheAwareContextLoaderDelegate - Retrieved ApplicationContext [1651667865] from cache with key [[MergedContextConfiguration@40238dd0 testClass = BoardManagerTest, locations = '{}', classes = '{class org.waldreg.board.board.management.DefaultBoardManager, class org.waldreg.util.token.DecryptedTokenContext}', contextInitializerClasses = '[]', activeProfiles = '{}', propertySourceLocations = '{}', propertySourceProperties = '{}', contextCustomizers = set[org.springframework.boot.test.autoconfigure.actuate.metrics.MetricsExportContextCustomizerFactory$DisableMetricExportContextCustomizer@5c2375a9, org.springframework.boot.test.autoconfigure.properties.PropertyMappingContextCustomizer@0, org.springframework.boot.test.autoconfigure.web.servlet.WebDriverContextCustomizerFactory$Customizer@2fd953a6, org.springframework.boot.test.context.filter.ExcludeFilterContextCustomizer@66c61024, org.springframework.boot.test.json.DuplicateJsonObjectContextCustomizerFactory$DuplicateJsonObjectContextCustomizer@35432107, org.springframework.boot.test.mock.mockito.MockitoContextCustomizer@8f4afa1e], contextLoader = 'org.springframework.test.context.support.DelegatingSmartContextLoader', parent = [null]]]
01:05:03.940 [Test worker] DEBUG org.springframework.test.context.cache - Spring test ApplicationContext cache statistics: [DefaultContextCache@64a9d48c size = 1, maxSize = 32, parentContextCount = 0, hitCount = 15, missCount = 1]
01:05:03.949 [Test worker] DEBUG org.springframework.test.context.cache.DefaultCacheAwareContextLoaderDelegate - Retrieved ApplicationContext [1651667865] from cache with key [[MergedContextConfiguration@40238dd0 testClass = BoardManagerTest, locations = '{}', classes = '{class org.waldreg.board.board.management.DefaultBoardManager, class org.waldreg.util.token.DecryptedTokenContext}', contextInitializerClasses = '[]', activeProfiles = '{}', propertySourceLocations = '{}', propertySourceProperties = '{}', contextCustomizers = set[org.springframework.boot.test.autoconfigure.actuate.metrics.MetricsExportContextCustomizerFactory$DisableMetricExportContextCustomizer@5c2375a9, org.springframework.boot.test.autoconfigure.properties.PropertyMappingContextCustomizer@0, org.springframework.boot.test.autoconfigure.web.servlet.WebDriverContextCustomizerFactory$Customizer@2fd953a6, org.springframework.boot.test.context.filter.ExcludeFilterContextCustomizer@66c61024, org.springframework.boot.test.json.DuplicateJsonObjectContextCustomizerFactory$DuplicateJsonObjectContextCustomizer@35432107, org.springframework.boot.test.mock.mockito.MockitoContextCustomizer@8f4afa1e], contextLoader = 'org.springframework.test.context.support.DelegatingSmartContextLoader', parent = [null]]]
01:05:03.949 [Test worker] DEBUG org.springframework.test.context.cache - Spring test ApplicationContext cache statistics: [DefaultContextCache@64a9d48c size = 1, maxSize = 32, parentContextCount = 0, hitCount = 16, missCount = 1]
01:05:03.950 [Test worker] DEBUG org.springframework.test.context.cache.DefaultCacheAwareContextLoaderDelegate - Retrieved ApplicationContext [1651667865] from cache with key [[MergedContextConfiguration@40238dd0 testClass = BoardManagerTest, locations = '{}', classes = '{class org.waldreg.board.board.management.DefaultBoardManager, class org.waldreg.util.token.DecryptedTokenContext}', contextInitializerClasses = '[]', activeProfiles = '{}', propertySourceLocations = '{}', propertySourceProperties = '{}', contextCustomizers = set[org.springframework.boot.test.autoconfigure.actuate.metrics.MetricsExportContextCustomizerFactory$DisableMetricExportContextCustomizer@5c2375a9, org.springframework.boot.test.autoconfigure.properties.PropertyMappingContextCustomizer@0, org.springframework.boot.test.autoconfigure.web.servlet.WebDriverContextCustomizerFactory$Customizer@2fd953a6, org.springframework.boot.test.context.filter.ExcludeFilterContextCustomizer@66c61024, org.springframework.boot.test.json.DuplicateJsonObjectContextCustomizerFactory$DuplicateJsonObjectContextCustomizer@35432107, org.springframework.boot.test.mock.mockito.MockitoContextCustomizer@8f4afa1e], contextLoader = 'org.springframework.test.context.support.DelegatingSmartContextLoader', parent = [null]]]
01:05:03.950 [Test worker] DEBUG org.springframework.test.context.cache - Spring test ApplicationContext cache statistics: [DefaultContextCache@64a9d48c size = 1, maxSize = 32, parentContextCount = 0, hitCount = 17, missCount = 1]
01:05:03.959 [Test worker] DEBUG org.springframework.test.context.cache.DefaultCacheAwareContextLoaderDelegate - Retrieved ApplicationContext [1651667865] from cache with key [[MergedContextConfiguration@40238dd0 testClass = BoardManagerTest, locations = '{}', classes = '{class org.waldreg.board.board.management.DefaultBoardManager, class org.waldreg.util.token.DecryptedTokenContext}', contextInitializerClasses = '[]', activeProfiles = '{}', propertySourceLocations = '{}', propertySourceProperties = '{}', contextCustomizers = set[org.springframework.boot.test.autoconfigure.actuate.metrics.MetricsExportContextCustomizerFactory$DisableMetricExportContextCustomizer@5c2375a9, org.springframework.boot.test.autoconfigure.properties.PropertyMappingContextCustomizer@0, org.springframework.boot.test.autoconfigure.web.servlet.WebDriverContextCustomizerFactory$Customizer@2fd953a6, org.springframework.boot.test.context.filter.ExcludeFilterContextCustomizer@66c61024, org.springframework.boot.test.json.DuplicateJsonObjectContextCustomizerFactory$DuplicateJsonObjectContextCustomizer@35432107, org.springframework.boot.test.mock.mockito.MockitoContextCustomizer@8f4afa1e], contextLoader = 'org.springframework.test.context.support.DelegatingSmartContextLoader', parent = [null]]]
01:05:03.959 [Test worker] DEBUG org.springframework.test.context.cache - Spring test ApplicationContext cache statistics: [DefaultContextCache@64a9d48c size = 1, maxSize = 32, parentContextCount = 0, hitCount = 18, missCount = 1]
01:05:03.959 [Test worker] DEBUG org.springframework.test.context.cache.DefaultCacheAwareContextLoaderDelegate - Retrieved ApplicationContext [1651667865] from cache with key [[MergedContextConfiguration@40238dd0 testClass = BoardManagerTest, locations = '{}', classes = '{class org.waldreg.board.board.management.DefaultBoardManager, class org.waldreg.util.token.DecryptedTokenContext}', contextInitializerClasses = '[]', activeProfiles = '{}', propertySourceLocations = '{}', propertySourceProperties = '{}', contextCustomizers = set[org.springframework.boot.test.autoconfigure.actuate.metrics.MetricsExportContextCustomizerFactory$DisableMetricExportContextCustomizer@5c2375a9, org.springframework.boot.test.autoconfigure.properties.PropertyMappingContextCustomizer@0, org.springframework.boot.test.autoconfigure.web.servlet.WebDriverContextCustomizerFactory$Customizer@2fd953a6, org.springframework.boot.test.context.filter.ExcludeFilterContextCustomizer@66c61024, org.springframework.boot.test.json.DuplicateJsonObjectContextCustomizerFactory$DuplicateJsonObjectContextCustomizer@35432107, org.springframework.boot.test.mock.mockito.MockitoContextCustomizer@8f4afa1e], contextLoader = 'org.springframework.test.context.support.DelegatingSmartContextLoader', parent = [null]]]
01:05:03.960 [Test worker] DEBUG org.springframework.test.context.cache - Spring test ApplicationContext cache statistics: [DefaultContextCache@64a9d48c size = 1, maxSize = 32, parentContextCount = 0, hitCount = 19, missCount = 1]
01:05:03.971 [Test worker] DEBUG org.springframework.test.context.cache.DefaultCacheAwareContextLoaderDelegate - Retrieved ApplicationContext [1651667865] from cache with key [[MergedContextConfiguration@40238dd0 testClass = BoardManagerTest, locations = '{}', classes = '{class org.waldreg.board.board.management.DefaultBoardManager, class org.waldreg.util.token.DecryptedTokenContext}', contextInitializerClasses = '[]', activeProfiles = '{}', propertySourceLocations = '{}', propertySourceProperties = '{}', contextCustomizers = set[org.springframework.boot.test.autoconfigure.actuate.metrics.MetricsExportContextCustomizerFactory$DisableMetricExportContextCustomizer@5c2375a9, org.springframework.boot.test.autoconfigure.properties.PropertyMappingContextCustomizer@0, org.springframework.boot.test.autoconfigure.web.servlet.WebDriverContextCustomizerFactory$Customizer@2fd953a6, org.springframework.boot.test.context.filter.ExcludeFilterContextCustomizer@66c61024, org.springframework.boot.test.json.DuplicateJsonObjectContextCustomizerFactory$DuplicateJsonObjectContextCustomizer@35432107, org.springframework.boot.test.mock.mockito.MockitoContextCustomizer@8f4afa1e], contextLoader = 'org.springframework.test.context.support.DelegatingSmartContextLoader', parent = [null]]]
01:05:03.971 [Test worker] DEBUG org.springframework.test.context.cache - Spring test ApplicationContext cache statistics: [DefaultContextCache@64a9d48c size = 1, maxSize = 32, parentContextCount = 0, hitCount = 20, missCount = 1]
01:05:03.972 [Test worker] DEBUG org.springframework.test.context.cache.DefaultCacheAwareContextLoaderDelegate - Retrieved ApplicationContext [1651667865] from cache with key [[MergedContextConfiguration@40238dd0 testClass = BoardManagerTest, locations = '{}', classes = '{class org.waldreg.board.board.management.DefaultBoardManager, class org.waldreg.util.token.DecryptedTokenContext}', contextInitializerClasses = '[]', activeProfiles = '{}', propertySourceLocations = '{}', propertySourceProperties = '{}', contextCustomizers = set[org.springframework.boot.test.autoconfigure.actuate.metrics.MetricsExportContextCustomizerFactory$DisableMetricExportContextCustomizer@5c2375a9, org.springframework.boot.test.autoconfigure.properties.PropertyMappingContextCustomizer@0, org.springframework.boot.test.autoconfigure.web.servlet.WebDriverContextCustomizerFactory$Customizer@2fd953a6, org.springframework.boot.test.context.filter.ExcludeFilterContextCustomizer@66c61024, org.springframework.boot.test.json.DuplicateJsonObjectContextCustomizerFactory$DuplicateJsonObjectContextCustomizer@35432107, org.springframework.boot.test.mock.mockito.MockitoContextCustomizer@8f4afa1e], contextLoader = 'org.springframework.test.context.support.DelegatingSmartContextLoader', parent = [null]]]
01:05:03.972 [Test worker] DEBUG org.springframework.test.context.cache - Spring test ApplicationContext cache statistics: [DefaultContextCache@64a9d48c size = 1, maxSize = 32, parentContextCount = 0, hitCount = 21, missCount = 1]
01:05:03.972 [Test worker] DEBUG org.springframework.test.context.cache.DefaultCacheAwareContextLoaderDelegate - Retrieved ApplicationContext [1651667865] from cache with key [[MergedContextConfiguration@40238dd0 testClass = BoardManagerTest, locations = '{}', classes = '{class org.waldreg.board.board.management.DefaultBoardManager, class org.waldreg.util.token.DecryptedTokenContext}', contextInitializerClasses = '[]', activeProfiles = '{}', propertySourceLocations = '{}', propertySourceProperties = '{}', contextCustomizers = set[org.springframework.boot.test.autoconfigure.actuate.metrics.MetricsExportContextCustomizerFactory$DisableMetricExportContextCustomizer@5c2375a9, org.springframework.boot.test.autoconfigure.properties.PropertyMappingContextCustomizer@0, org.springframework.boot.test.autoconfigure.web.servlet.WebDriverContextCustomizerFactory$Customizer@2fd953a6, org.springframework.boot.test.context.filter.ExcludeFilterContextCustomizer@66c61024, org.springframework.boot.test.json.DuplicateJsonObjectContextCustomizerFactory$DuplicateJsonObjectContextCustomizer@35432107, org.springframework.boot.test.mock.mockito.MockitoContextCustomizer@8f4afa1e], contextLoader = 'org.springframework.test.context.support.DelegatingSmartContextLoader', parent = [null]]]
01:05:03.972 [Test worker] DEBUG org.springframework.test.context.cache - Spring test ApplicationContext cache statistics: [DefaultContextCache@64a9d48c size = 1, maxSize = 32, parentContextCount = 0, hitCount = 22, missCount = 1]
01:05:03.980 [Test worker] DEBUG org.springframework.test.context.cache.DefaultCacheAwareContextLoaderDelegate - Retrieved ApplicationContext [1651667865] from cache with key [[MergedContextConfiguration@40238dd0 testClass = BoardManagerTest, locations = '{}', classes = '{class org.waldreg.board.board.management.DefaultBoardManager, class org.waldreg.util.token.DecryptedTokenContext}', contextInitializerClasses = '[]', activeProfiles = '{}', propertySourceLocations = '{}', propertySourceProperties = '{}', contextCustomizers = set[org.springframework.boot.test.autoconfigure.actuate.metrics.MetricsExportContextCustomizerFactory$DisableMetricExportContextCustomizer@5c2375a9, org.springframework.boot.test.autoconfigure.properties.PropertyMappingContextCustomizer@0, org.springframework.boot.test.autoconfigure.web.servlet.WebDriverContextCustomizerFactory$Customizer@2fd953a6, org.springframework.boot.test.context.filter.ExcludeFilterContextCustomizer@66c61024, org.springframework.boot.test.json.DuplicateJsonObjectContextCustomizerFactory$DuplicateJsonObjectContextCustomizer@35432107, org.springframework.boot.test.mock.mockito.MockitoContextCustomizer@8f4afa1e], contextLoader = 'org.springframework.test.context.support.DelegatingSmartContextLoader', parent = [null]]]
01:05:03.980 [Test worker] DEBUG org.springframework.test.context.cache - Spring test ApplicationContext cache statistics: [DefaultContextCache@64a9d48c size = 1, maxSize = 32, parentContextCount = 0, hitCount = 23, missCount = 1]
01:05:03.980 [Test worker] DEBUG org.springframework.test.context.support.AbstractDirtiesContextTestExecutionListener - After test method: context [DefaultTestContext@1afdd473 testClass = BoardManagerTest, testInstance = org.waldreg.board.board.BoardManagerTest@1f44ddab, testMethod = INQUIRY_ALL_BOARD_INVALID_RANGE_TEST@BoardManagerTest, testException = [null], mergedContextConfiguration = [MergedContextConfiguration@40238dd0 testClass = BoardManagerTest, locations = '{}', classes = '{class org.waldreg.board.board.management.DefaultBoardManager, class org.waldreg.util.token.DecryptedTokenContext}', contextInitializerClasses = '[]', activeProfiles = '{}', propertySourceLocations = '{}', propertySourceProperties = '{}', contextCustomizers = set[org.springframework.boot.test.autoconfigure.actuate.metrics.MetricsExportContextCustomizerFactory$DisableMetricExportContextCustomizer@5c2375a9, org.springframework.boot.test.autoconfigure.properties.PropertyMappingContextCustomizer@0, org.springframework.boot.test.autoconfigure.web.servlet.WebDriverContextCustomizerFactory$Customizer@2fd953a6, org.springframework.boot.test.context.filter.ExcludeFilterContextCustomizer@66c61024, org.springframework.boot.test.json.DuplicateJsonObjectContextCustomizerFactory$DuplicateJsonObjectContextCustomizer@35432107, org.springframework.boot.test.mock.mockito.MockitoContextCustomizer@8f4afa1e], contextLoader = 'org.springframework.test.context.support.DelegatingSmartContextLoader', parent = [null]], attributes = map['org.springframework.test.context.event.ApplicationEventsTestExecutionListener.recordApplicationEvents' -> false]], class annotated with @DirtiesContext [false] with mode [null], method annotated with @DirtiesContext [false] with mode [null].
01:05:03.982 [Test worker] DEBUG org.springframework.test.context.cache.DefaultCacheAwareContextLoaderDelegate - Retrieved ApplicationContext [1651667865] from cache with key [[MergedContextConfiguration@40238dd0 testClass = BoardManagerTest, locations = '{}', classes = '{class org.waldreg.board.board.management.DefaultBoardManager, class org.waldreg.util.token.DecryptedTokenContext}', contextInitializerClasses = '[]', activeProfiles = '{}', propertySourceLocations = '{}', propertySourceProperties = '{}', contextCustomizers = set[org.springframework.boot.test.autoconfigure.actuate.metrics.MetricsExportContextCustomizerFactory$DisableMetricExportContextCustomizer@5c2375a9, org.springframework.boot.test.autoconfigure.properties.PropertyMappingContextCustomizer@0, org.springframework.boot.test.autoconfigure.web.servlet.WebDriverContextCustomizerFactory$Customizer@2fd953a6, org.springframework.boot.test.context.filter.ExcludeFilterContextCustomizer@66c61024, org.springframework.boot.test.json.DuplicateJsonObjectContextCustomizerFactory$DuplicateJsonObjectContextCustomizer@35432107, org.springframework.boot.test.mock.mockito.MockitoContextCustomizer@8f4afa1e], contextLoader = 'org.springframework.test.context.support.DelegatingSmartContextLoader', parent = [null]]]
01:05:03.982 [Test worker] DEBUG org.springframework.test.context.cache - Spring test ApplicationContext cache statistics: [DefaultContextCache@64a9d48c size = 1, maxSize = 32, parentContextCount = 0, hitCount = 24, missCount = 1]
01:05:03.983 [Test worker] DEBUG org.springframework.test.context.support.DependencyInjectionTestExecutionListener - Performing dependency injection for test context [[DefaultTestContext@1afdd473 testClass = BoardManagerTest, testInstance = org.waldreg.board.board.BoardManagerTest@4eb45fec, testMethod = [null], testException = [null], mergedContextConfiguration = [MergedContextConfiguration@40238dd0 testClass = BoardManagerTest, locations = '{}', classes = '{class org.waldreg.board.board.management.DefaultBoardManager, class org.waldreg.util.token.DecryptedTokenContext}', contextInitializerClasses = '[]', activeProfiles = '{}', propertySourceLocations = '{}', propertySourceProperties = '{}', contextCustomizers = set[org.springframework.boot.test.autoconfigure.actuate.metrics.MetricsExportContextCustomizerFactory$DisableMetricExportContextCustomizer@5c2375a9, org.springframework.boot.test.autoconfigure.properties.PropertyMappingContextCustomizer@0, org.springframework.boot.test.autoconfigure.web.servlet.WebDriverContextCustomizerFactory$Customizer@2fd953a6, org.springframework.boot.test.context.filter.ExcludeFilterContextCustomizer@66c61024, org.springframework.boot.test.json.DuplicateJsonObjectContextCustomizerFactory$DuplicateJsonObjectContextCustomizer@35432107, org.springframework.boot.test.mock.mockito.MockitoContextCustomizer@8f4afa1e], contextLoader = 'org.springframework.test.context.support.DelegatingSmartContextLoader', parent = [null]], attributes = map['org.springframework.test.context.event.ApplicationEventsTestExecutionListener.recordApplicationEvents' -> false]]].
01:05:03.983 [Test worker] DEBUG org.springframework.test.context.cache.DefaultCacheAwareContextLoaderDelegate - Retrieved ApplicationContext [1651667865] from cache with key [[MergedContextConfiguration@40238dd0 testClass = BoardManagerTest, locations = '{}', classes = '{class org.waldreg.board.board.management.DefaultBoardManager, class org.waldreg.util.token.DecryptedTokenContext}', contextInitializerClasses = '[]', activeProfiles = '{}', propertySourceLocations = '{}', propertySourceProperties = '{}', contextCustomizers = set[org.springframework.boot.test.autoconfigure.actuate.metrics.MetricsExportContextCustomizerFactory$DisableMetricExportContextCustomizer@5c2375a9, org.springframework.boot.test.autoconfigure.properties.PropertyMappingContextCustomizer@0, org.springframework.boot.test.autoconfigure.web.servlet.WebDriverContextCustomizerFactory$Customizer@2fd953a6, org.springframework.boot.test.context.filter.ExcludeFilterContextCustomizer@66c61024, org.springframework.boot.test.json.DuplicateJsonObjectContextCustomizerFactory$DuplicateJsonObjectContextCustomizer@35432107, org.springframework.boot.test.mock.mockito.MockitoContextCustomizer@8f4afa1e], contextLoader = 'org.springframework.test.context.support.DelegatingSmartContextLoader', parent = [null]]]
01:05:03.983 [Test worker] DEBUG org.springframework.test.context.cache - Spring test ApplicationContext cache statistics: [DefaultContextCache@64a9d48c size = 1, maxSize = 32, parentContextCount = 0, hitCount = 25, missCount = 1]
01:05:03.983 [Test worker] DEBUG org.springframework.test.context.cache.DefaultCacheAwareContextLoaderDelegate - Retrieved ApplicationContext [1651667865] from cache with key [[MergedContextConfiguration@40238dd0 testClass = BoardManagerTest, locations = '{}', classes = '{class org.waldreg.board.board.management.DefaultBoardManager, class org.waldreg.util.token.DecryptedTokenContext}', contextInitializerClasses = '[]', activeProfiles = '{}', propertySourceLocations = '{}', propertySourceProperties = '{}', contextCustomizers = set[org.springframework.boot.test.autoconfigure.actuate.metrics.MetricsExportContextCustomizerFactory$DisableMetricExportContextCustomizer@5c2375a9, org.springframework.boot.test.autoconfigure.properties.PropertyMappingContextCustomizer@0, org.springframework.boot.test.autoconfigure.web.servlet.WebDriverContextCustomizerFactory$Customizer@2fd953a6, org.springframework.boot.test.context.filter.ExcludeFilterContextCustomizer@66c61024, org.springframework.boot.test.json.DuplicateJsonObjectContextCustomizerFactory$DuplicateJsonObjectContextCustomizer@35432107, org.springframework.boot.test.mock.mockito.MockitoContextCustomizer@8f4afa1e], contextLoader = 'org.springframework.test.context.support.DelegatingSmartContextLoader', parent = [null]]]
01:05:03.984 [Test worker] DEBUG org.springframework.test.context.cache - Spring test ApplicationContext cache statistics: [DefaultContextCache@64a9d48c size = 1, maxSize = 32, parentContextCount = 0, hitCount = 26, missCount = 1]
01:05:03.984 [Test worker] DEBUG org.springframework.test.context.support.AbstractDirtiesContextTestExecutionListener - Before test method: context [DefaultTestContext@1afdd473 testClass = BoardManagerTest, testInstance = org.waldreg.board.board.BoardManagerTest@4eb45fec, testMethod = SEARCH_BOARD_BY_AUTHOR_USER_ID_TEST@BoardManagerTest, testException = [null], mergedContextConfiguration = [MergedContextConfiguration@40238dd0 testClass = BoardManagerTest, locations = '{}', classes = '{class org.waldreg.board.board.management.DefaultBoardManager, class org.waldreg.util.token.DecryptedTokenContext}', contextInitializerClasses = '[]', activeProfiles = '{}', propertySourceLocations = '{}', propertySourceProperties = '{}', contextCustomizers = set[org.springframework.boot.test.autoconfigure.actuate.metrics.MetricsExportContextCustomizerFactory$DisableMetricExportContextCustomizer@5c2375a9, org.springframework.boot.test.autoconfigure.properties.PropertyMappingContextCustomizer@0, org.springframework.boot.test.autoconfigure.web.servlet.WebDriverContextCustomizerFactory$Customizer@2fd953a6, org.springframework.boot.test.context.filter.ExcludeFilterContextCustomizer@66c61024, org.springframework.boot.test.json.DuplicateJsonObjectContextCustomizerFactory$DuplicateJsonObjectContextCustomizer@35432107, org.springframework.boot.test.mock.mockito.MockitoContextCustomizer@8f4afa1e], contextLoader = 'org.springframework.test.context.support.DelegatingSmartContextLoader', parent = [null]], attributes = map['org.springframework.test.context.event.ApplicationEventsTestExecutionListener.recordApplicationEvents' -> false]], class annotated with @DirtiesContext [false] with mode [null], method annotated with @DirtiesContext [false] with mode [null].
01:05:03.984 [Test worker] DEBUG org.springframework.test.context.cache.DefaultCacheAwareContextLoaderDelegate - Retrieved ApplicationContext [1651667865] from cache with key [[MergedContextConfiguration@40238dd0 testClass = BoardManagerTest, locations = '{}', classes = '{class org.waldreg.board.board.management.DefaultBoardManager, class org.waldreg.util.token.DecryptedTokenContext}', contextInitializerClasses = '[]', activeProfiles = '{}', propertySourceLocations = '{}', propertySourceProperties = '{}', contextCustomizers = set[org.springframework.boot.test.autoconfigure.actuate.metrics.MetricsExportContextCustomizerFactory$DisableMetricExportContextCustomizer@5c2375a9, org.springframework.boot.test.autoconfigure.properties.PropertyMappingContextCustomizer@0, org.springframework.boot.test.autoconfigure.web.servlet.WebDriverContextCustomizerFactory$Customizer@2fd953a6, org.springframework.boot.test.context.filter.ExcludeFilterContextCustomizer@66c61024, org.springframework.boot.test.json.DuplicateJsonObjectContextCustomizerFactory$DuplicateJsonObjectContextCustomizer@35432107, org.springframework.boot.test.mock.mockito.MockitoContextCustomizer@8f4afa1e], contextLoader = 'org.springframework.test.context.support.DelegatingSmartContextLoader', parent = [null]]]
01:05:03.984 [Test worker] DEBUG org.springframework.test.context.cache - Spring test ApplicationContext cache statistics: [DefaultContextCache@64a9d48c size = 1, maxSize = 32, parentContextCount = 0, hitCount = 27, missCount = 1]
01:05:03.994 [Test worker] DEBUG org.springframework.test.context.cache.DefaultCacheAwareContextLoaderDelegate - Retrieved ApplicationContext [1651667865] from cache with key [[MergedContextConfiguration@40238dd0 testClass = BoardManagerTest, locations = '{}', classes = '{class org.waldreg.board.board.management.DefaultBoardManager, class org.waldreg.util.token.DecryptedTokenContext}', contextInitializerClasses = '[]', activeProfiles = '{}', propertySourceLocations = '{}', propertySourceProperties = '{}', contextCustomizers = set[org.springframework.boot.test.autoconfigure.actuate.metrics.MetricsExportContextCustomizerFactory$DisableMetricExportContextCustomizer@5c2375a9, org.springframework.boot.test.autoconfigure.properties.PropertyMappingContextCustomizer@0, org.springframework.boot.test.autoconfigure.web.servlet.WebDriverContextCustomizerFactory$Customizer@2fd953a6, org.springframework.boot.test.context.filter.ExcludeFilterContextCustomizer@66c61024, org.springframework.boot.test.json.DuplicateJsonObjectContextCustomizerFactory$DuplicateJsonObjectContextCustomizer@35432107, org.springframework.boot.test.mock.mockito.MockitoContextCustomizer@8f4afa1e], contextLoader = 'org.springframework.test.context.support.DelegatingSmartContextLoader', parent = [null]]]
01:05:03.994 [Test worker] DEBUG org.springframework.test.context.cache - Spring test ApplicationContext cache statistics: [DefaultContextCache@64a9d48c size = 1, maxSize = 32, parentContextCount = 0, hitCount = 28, missCount = 1]
01:05:03.994 [Test worker] DEBUG org.springframework.test.context.cache.DefaultCacheAwareContextLoaderDelegate - Retrieved ApplicationContext [1651667865] from cache with key [[MergedContextConfiguration@40238dd0 testClass = BoardManagerTest, locations = '{}', classes = '{class org.waldreg.board.board.management.DefaultBoardManager, class org.waldreg.util.token.DecryptedTokenContext}', contextInitializerClasses = '[]', activeProfiles = '{}', propertySourceLocations = '{}', propertySourceProperties = '{}', contextCustomizers = set[org.springframework.boot.test.autoconfigure.actuate.metrics.MetricsExportContextCustomizerFactory$DisableMetricExportContextCustomizer@5c2375a9, org.springframework.boot.test.autoconfigure.properties.PropertyMappingContextCustomizer@0, org.springframework.boot.test.autoconfigure.web.servlet.WebDriverContextCustomizerFactory$Customizer@2fd953a6, org.springframework.boot.test.context.filter.ExcludeFilterContextCustomizer@66c61024, org.springframework.boot.test.json.DuplicateJsonObjectContextCustomizerFactory$DuplicateJsonObjectContextCustomizer@35432107, org.springframework.boot.test.mock.mockito.MockitoContextCustomizer@8f4afa1e], contextLoader = 'org.springframework.test.context.support.DelegatingSmartContextLoader', parent = [null]]]
01:05:03.994 [Test worker] DEBUG org.springframework.test.context.cache - Spring test ApplicationContext cache statistics: [DefaultContextCache@64a9d48c size = 1, maxSize = 32, parentContextCount = 0, hitCount = 29, missCount = 1]
01:05:04.052 [Test worker] DEBUG org.springframework.test.context.cache.DefaultCacheAwareContextLoaderDelegate - Retrieved ApplicationContext [1651667865] from cache with key [[MergedContextConfiguration@40238dd0 testClass = BoardManagerTest, locations = '{}', classes = '{class org.waldreg.board.board.management.DefaultBoardManager, class org.waldreg.util.token.DecryptedTokenContext}', contextInitializerClasses = '[]', activeProfiles = '{}', propertySourceLocations = '{}', propertySourceProperties = '{}', contextCustomizers = set[org.springframework.boot.test.autoconfigure.actuate.metrics.MetricsExportContextCustomizerFactory$DisableMetricExportContextCustomizer@5c2375a9, org.springframework.boot.test.autoconfigure.properties.PropertyMappingContextCustomizer@0, org.springframework.boot.test.autoconfigure.web.servlet.WebDriverContextCustomizerFactory$Customizer@2fd953a6, org.springframework.boot.test.context.filter.ExcludeFilterContextCustomizer@66c61024, org.springframework.boot.test.json.DuplicateJsonObjectContextCustomizerFactory$DuplicateJsonObjectContextCustomizer@35432107, org.springframework.boot.test.mock.mockito.MockitoContextCustomizer@8f4afa1e], contextLoader = 'org.springframework.test.context.support.DelegatingSmartContextLoader', parent = [null]]]
01:05:04.052 [Test worker] DEBUG org.springframework.test.context.cache - Spring test ApplicationContext cache statistics: [DefaultContextCache@64a9d48c size = 1, maxSize = 32, parentContextCount = 0, hitCount = 30, missCount = 1]
01:05:04.052 [Test worker] DEBUG org.springframework.test.context.cache.DefaultCacheAwareContextLoaderDelegate - Retrieved ApplicationContext [1651667865] from cache with key [[MergedContextConfiguration@40238dd0 testClass = BoardManagerTest, locations = '{}', classes = '{class org.waldreg.board.board.management.DefaultBoardManager, class org.waldreg.util.token.DecryptedTokenContext}', contextInitializerClasses = '[]', activeProfiles = '{}', propertySourceLocations = '{}', propertySourceProperties = '{}', contextCustomizers = set[org.springframework.boot.test.autoconfigure.actuate.metrics.MetricsExportContextCustomizerFactory$DisableMetricExportContextCustomizer@5c2375a9, org.springframework.boot.test.autoconfigure.properties.PropertyMappingContextCustomizer@0, org.springframework.boot.test.autoconfigure.web.servlet.WebDriverContextCustomizerFactory$Customizer@2fd953a6, org.springframework.boot.test.context.filter.ExcludeFilterContextCustomizer@66c61024, org.springframework.boot.test.json.DuplicateJsonObjectContextCustomizerFactory$DuplicateJsonObjectContextCustomizer@35432107, org.springframework.boot.test.mock.mockito.MockitoContextCustomizer@8f4afa1e], contextLoader = 'org.springframework.test.context.support.DelegatingSmartContextLoader', parent = [null]]]
01:05:04.053 [Test worker] DEBUG org.springframework.test.context.cache - Spring test ApplicationContext cache statistics: [DefaultContextCache@64a9d48c size = 1, maxSize = 32, parentContextCount = 0, hitCount = 31, missCount = 1]
01:05:04.061 [Test worker] DEBUG org.springframework.test.context.cache.DefaultCacheAwareContextLoaderDelegate - Retrieved ApplicationContext [1651667865] from cache with key [[MergedContextConfiguration@40238dd0 testClass = BoardManagerTest, locations = '{}', classes = '{class org.waldreg.board.board.management.DefaultBoardManager, class org.waldreg.util.token.DecryptedTokenContext}', contextInitializerClasses = '[]', activeProfiles = '{}', propertySourceLocations = '{}', propertySourceProperties = '{}', contextCustomizers = set[org.springframework.boot.test.autoconfigure.actuate.metrics.MetricsExportContextCustomizerFactory$DisableMetricExportContextCustomizer@5c2375a9, org.springframework.boot.test.autoconfigure.properties.PropertyMappingContextCustomizer@0, org.springframework.boot.test.autoconfigure.web.servlet.WebDriverContextCustomizerFactory$Customizer@2fd953a6, org.springframework.boot.test.context.filter.ExcludeFilterContextCustomizer@66c61024, org.springframework.boot.test.json.DuplicateJsonObjectContextCustomizerFactory$DuplicateJsonObjectContextCustomizer@35432107, org.springframework.boot.test.mock.mockito.MockitoContextCustomizer@8f4afa1e], contextLoader = 'org.springframework.test.context.support.DelegatingSmartContextLoader', parent = [null]]]
01:05:04.061 [Test worker] DEBUG org.springframework.test.context.cache - Spring test ApplicationContext cache statistics: [DefaultContextCache@64a9d48c size = 1, maxSize = 32, parentContextCount = 0, hitCount = 32, missCount = 1]
01:05:04.061 [Test worker] DEBUG org.springframework.test.context.cache.DefaultCacheAwareContextLoaderDelegate - Retrieved ApplicationContext [1651667865] from cache with key [[MergedContextConfiguration@40238dd0 testClass = BoardManagerTest, locations = '{}', classes = '{class org.waldreg.board.board.management.DefaultBoardManager, class org.waldreg.util.token.DecryptedTokenContext}', contextInitializerClasses = '[]', activeProfiles = '{}', propertySourceLocations = '{}', propertySourceProperties = '{}', contextCustomizers = set[org.springframework.boot.test.autoconfigure.actuate.metrics.MetricsExportContextCustomizerFactory$DisableMetricExportContextCustomizer@5c2375a9, org.springframework.boot.test.autoconfigure.properties.PropertyMappingContextCustomizer@0, org.springframework.boot.test.autoconfigure.web.servlet.WebDriverContextCustomizerFactory$Customizer@2fd953a6, org.springframework.boot.test.context.filter.ExcludeFilterContextCustomizer@66c61024, org.springframework.boot.test.json.DuplicateJsonObjectContextCustomizerFactory$DuplicateJsonObjectContextCustomizer@35432107, org.springframework.boot.test.mock.mockito.MockitoContextCustomizer@8f4afa1e], contextLoader = 'org.springframework.test.context.support.DelegatingSmartContextLoader', parent = [null]]]
01:05:04.061 [Test worker] DEBUG org.springframework.test.context.cache - Spring test ApplicationContext cache statistics: [DefaultContextCache@64a9d48c size = 1, maxSize = 32, parentContextCount = 0, hitCount = 33, missCount = 1]
01:05:04.061 [Test worker] DEBUG org.springframework.test.context.cache.DefaultCacheAwareContextLoaderDelegate - Retrieved ApplicationContext [1651667865] from cache with key [[MergedContextConfiguration@40238dd0 testClass = BoardManagerTest, locations = '{}', classes = '{class org.waldreg.board.board.management.DefaultBoardManager, class org.waldreg.util.token.DecryptedTokenContext}', contextInitializerClasses = '[]', activeProfiles = '{}', propertySourceLocations = '{}', propertySourceProperties = '{}', contextCustomizers = set[org.springframework.boot.test.autoconfigure.actuate.metrics.MetricsExportContextCustomizerFactory$DisableMetricExportContextCustomizer@5c2375a9, org.springframework.boot.test.autoconfigure.properties.PropertyMappingContextCustomizer@0, org.springframework.boot.test.autoconfigure.web.servlet.WebDriverContextCustomizerFactory$Customizer@2fd953a6, org.springframework.boot.test.context.filter.ExcludeFilterContextCustomizer@66c61024, org.springframework.boot.test.json.DuplicateJsonObjectContextCustomizerFactory$DuplicateJsonObjectContextCustomizer@35432107, org.springframework.boot.test.mock.mockito.MockitoContextCustomizer@8f4afa1e], contextLoader = 'org.springframework.test.context.support.DelegatingSmartContextLoader', parent = [null]]]
01:05:04.062 [Test worker] DEBUG org.springframework.test.context.cache - Spring test ApplicationContext cache statistics: [DefaultContextCache@64a9d48c size = 1, maxSize = 32, parentContextCount = 0, hitCount = 34, missCount = 1]
01:05:04.070 [Test worker] DEBUG org.springframework.test.context.cache.DefaultCacheAwareContextLoaderDelegate - Retrieved ApplicationContext [1651667865] from cache with key [[MergedContextConfiguration@40238dd0 testClass = BoardManagerTest, locations = '{}', classes = '{class org.waldreg.board.board.management.DefaultBoardManager, class org.waldreg.util.token.DecryptedTokenContext}', contextInitializerClasses = '[]', activeProfiles = '{}', propertySourceLocations = '{}', propertySourceProperties = '{}', contextCustomizers = set[org.springframework.boot.test.autoconfigure.actuate.metrics.MetricsExportContextCustomizerFactory$DisableMetricExportContextCustomizer@5c2375a9, org.springframework.boot.test.autoconfigure.properties.PropertyMappingContextCustomizer@0, org.springframework.boot.test.autoconfigure.web.servlet.WebDriverContextCustomizerFactory$Customizer@2fd953a6, org.springframework.boot.test.context.filter.ExcludeFilterContextCustomizer@66c61024, org.springframework.boot.test.json.DuplicateJsonObjectContextCustomizerFactory$DuplicateJsonObjectContextCustomizer@35432107, org.springframework.boot.test.mock.mockito.MockitoContextCustomizer@8f4afa1e], contextLoader = 'org.springframework.test.context.support.DelegatingSmartContextLoader', parent = [null]]]
01:05:04.070 [Test worker] DEBUG org.springframework.test.context.cache - Spring test ApplicationContext cache statistics: [DefaultContextCache@64a9d48c size = 1, maxSize = 32, parentContextCount = 0, hitCount = 35, missCount = 1]
01:05:04.070 [Test worker] DEBUG org.springframework.test.context.support.AbstractDirtiesContextTestExecutionListener - After test method: context [DefaultTestContext@1afdd473 testClass = BoardManagerTest, testInstance = org.waldreg.board.board.BoardManagerTest@4eb45fec, testMethod = SEARCH_BOARD_BY_AUTHOR_USER_ID_TEST@BoardManagerTest, testException = [null], mergedContextConfiguration = [MergedContextConfiguration@40238dd0 testClass = BoardManagerTest, locations = '{}', classes = '{class org.waldreg.board.board.management.DefaultBoardManager, class org.waldreg.util.token.DecryptedTokenContext}', contextInitializerClasses = '[]', activeProfiles = '{}', propertySourceLocations = '{}', propertySourceProperties = '{}', contextCustomizers = set[org.springframework.boot.test.autoconfigure.actuate.metrics.MetricsExportContextCustomizerFactory$DisableMetricExportContextCustomizer@5c2375a9, org.springframework.boot.test.autoconfigure.properties.PropertyMappingContextCustomizer@0, org.springframework.boot.test.autoconfigure.web.servlet.WebDriverContextCustomizerFactory$Customizer@2fd953a6, org.springframework.boot.test.context.filter.ExcludeFilterContextCustomizer@66c61024, org.springframework.boot.test.json.DuplicateJsonObjectContextCustomizerFactory$DuplicateJsonObjectContextCustomizer@35432107, org.springframework.boot.test.mock.mockito.MockitoContextCustomizer@8f4afa1e], contextLoader = 'org.springframework.test.context.support.DelegatingSmartContextLoader', parent = [null]], attributes = map['org.springframework.test.context.event.ApplicationEventsTestExecutionListener.recordApplicationEvents' -> false]], class annotated with @DirtiesContext [false] with mode [null], method annotated with @DirtiesContext [false] with mode [null].
01:05:04.071 [Test worker] DEBUG org.springframework.test.context.cache.DefaultCacheAwareContextLoaderDelegate - Retrieved ApplicationContext [1651667865] from cache with key [[MergedContextConfiguration@40238dd0 testClass = BoardManagerTest, locations = '{}', classes = '{class org.waldreg.board.board.management.DefaultBoardManager, class org.waldreg.util.token.DecryptedTokenContext}', contextInitializerClasses = '[]', activeProfiles = '{}', propertySourceLocations = '{}', propertySourceProperties = '{}', contextCustomizers = set[org.springframework.boot.test.autoconfigure.actuate.metrics.MetricsExportContextCustomizerFactory$DisableMetricExportContextCustomizer@5c2375a9, org.springframework.boot.test.autoconfigure.properties.PropertyMappingContextCustomizer@0, org.springframework.boot.test.autoconfigure.web.servlet.WebDriverContextCustomizerFactory$Customizer@2fd953a6, org.springframework.boot.test.context.filter.ExcludeFilterContextCustomizer@66c61024, org.springframework.boot.test.json.DuplicateJsonObjectContextCustomizerFactory$DuplicateJsonObjectContextCustomizer@35432107, org.springframework.boot.test.mock.mockito.MockitoContextCustomizer@8f4afa1e], contextLoader = 'org.springframework.test.context.support.DelegatingSmartContextLoader', parent = [null]]]
01:05:04.071 [Test worker] DEBUG org.springframework.test.context.cache - Spring test ApplicationContext cache statistics: [DefaultContextCache@64a9d48c size = 1, maxSize = 32, parentContextCount = 0, hitCount = 36, missCount = 1]
01:05:04.071 [Test worker] DEBUG org.springframework.test.context.support.DependencyInjectionTestExecutionListener - Performing dependency injection for test context [[DefaultTestContext@1afdd473 testClass = BoardManagerTest, testInstance = org.waldreg.board.board.BoardManagerTest@1108adc8, testMethod = [null], testException = [null], mergedContextConfiguration = [MergedContextConfiguration@40238dd0 testClass = BoardManagerTest, locations = '{}', classes = '{class org.waldreg.board.board.management.DefaultBoardManager, class org.waldreg.util.token.DecryptedTokenContext}', contextInitializerClasses = '[]', activeProfiles = '{}', propertySourceLocations = '{}', propertySourceProperties = '{}', contextCustomizers = set[org.springframework.boot.test.autoconfigure.actuate.metrics.MetricsExportContextCustomizerFactory$DisableMetricExportContextCustomizer@5c2375a9, org.springframework.boot.test.autoconfigure.properties.PropertyMappingContextCustomizer@0, org.springframework.boot.test.autoconfigure.web.servlet.WebDriverContextCustomizerFactory$Customizer@2fd953a6, org.springframework.boot.test.context.filter.ExcludeFilterContextCustomizer@66c61024, org.springframework.boot.test.json.DuplicateJsonObjectContextCustomizerFactory$DuplicateJsonObjectContextCustomizer@35432107, org.springframework.boot.test.mock.mockito.MockitoContextCustomizer@8f4afa1e], contextLoader = 'org.springframework.test.context.support.DelegatingSmartContextLoader', parent = [null]], attributes = map['org.springframework.test.context.event.ApplicationEventsTestExecutionListener.recordApplicationEvents' -> false]]].
01:05:04.071 [Test worker] DEBUG org.springframework.test.context.cache.DefaultCacheAwareContextLoaderDelegate - Retrieved ApplicationContext [1651667865] from cache with key [[MergedContextConfiguration@40238dd0 testClass = BoardManagerTest, locations = '{}', classes = '{class org.waldreg.board.board.management.DefaultBoardManager, class org.waldreg.util.token.DecryptedTokenContext}', contextInitializerClasses = '[]', activeProfiles = '{}', propertySourceLocations = '{}', propertySourceProperties = '{}', contextCustomizers = set[org.springframework.boot.test.autoconfigure.actuate.metrics.MetricsExportContextCustomizerFactory$DisableMetricExportContextCustomizer@5c2375a9, org.springframework.boot.test.autoconfigure.properties.PropertyMappingContextCustomizer@0, org.springframework.boot.test.autoconfigure.web.servlet.WebDriverContextCustomizerFactory$Customizer@2fd953a6, org.springframework.boot.test.context.filter.ExcludeFilterContextCustomizer@66c61024, org.springframework.boot.test.json.DuplicateJsonObjectContextCustomizerFactory$DuplicateJsonObjectContextCustomizer@35432107, org.springframework.boot.test.mock.mockito.MockitoContextCustomizer@8f4afa1e], contextLoader = 'org.springframework.test.context.support.DelegatingSmartContextLoader', parent = [null]]]
01:05:04.071 [Test worker] DEBUG org.springframework.test.context.cache - Spring test ApplicationContext cache statistics: [DefaultContextCache@64a9d48c size = 1, maxSize = 32, parentContextCount = 0, hitCount = 37, missCount = 1]
01:05:04.072 [Test worker] DEBUG org.springframework.test.context.cache.DefaultCacheAwareContextLoaderDelegate - Retrieved ApplicationContext [1651667865] from cache with key [[MergedContextConfiguration@40238dd0 testClass = BoardManagerTest, locations = '{}', classes = '{class org.waldreg.board.board.management.DefaultBoardManager, class org.waldreg.util.token.DecryptedTokenContext}', contextInitializerClasses = '[]', activeProfiles = '{}', propertySourceLocations = '{}', propertySourceProperties = '{}', contextCustomizers = set[org.springframework.boot.test.autoconfigure.actuate.metrics.MetricsExportContextCustomizerFactory$DisableMetricExportContextCustomizer@5c2375a9, org.springframework.boot.test.autoconfigure.properties.PropertyMappingContextCustomizer@0, org.springframework.boot.test.autoconfigure.web.servlet.WebDriverContextCustomizerFactory$Customizer@2fd953a6, org.springframework.boot.test.context.filter.ExcludeFilterContextCustomizer@66c61024, org.springframework.boot.test.json.DuplicateJsonObjectContextCustomizerFactory$DuplicateJsonObjectContextCustomizer@35432107, org.springframework.boot.test.mock.mockito.MockitoContextCustomizer@8f4afa1e], contextLoader = 'org.springframework.test.context.support.DelegatingSmartContextLoader', parent = [null]]]
01:05:04.072 [Test worker] DEBUG org.springframework.test.context.cache - Spring test ApplicationContext cache statistics: [DefaultContextCache@64a9d48c size = 1, maxSize = 32, parentContextCount = 0, hitCount = 38, missCount = 1]
01:05:04.072 [Test worker] DEBUG org.springframework.test.context.support.AbstractDirtiesContextTestExecutionListener - Before test method: context [DefaultTestContext@1afdd473 testClass = BoardManagerTest, testInstance = org.waldreg.board.board.BoardManagerTest@1108adc8, testMethod = DELETE_BOARD_SUCCESS_TEST@BoardManagerTest, testException = [null], mergedContextConfiguration = [MergedContextConfiguration@40238dd0 testClass = BoardManagerTest, locations = '{}', classes = '{class org.waldreg.board.board.management.DefaultBoardManager, class org.waldreg.util.token.DecryptedTokenContext}', contextInitializerClasses = '[]', activeProfiles = '{}', propertySourceLocations = '{}', propertySourceProperties = '{}', contextCustomizers = set[org.springframework.boot.test.autoconfigure.actuate.metrics.MetricsExportContextCustomizerFactory$DisableMetricExportContextCustomizer@5c2375a9, org.springframework.boot.test.autoconfigure.properties.PropertyMappingContextCustomizer@0, org.springframework.boot.test.autoconfigure.web.servlet.WebDriverContextCustomizerFactory$Customizer@2fd953a6, org.springframework.boot.test.context.filter.ExcludeFilterContextCustomizer@66c61024, org.springframework.boot.test.json.DuplicateJsonObjectContextCustomizerFactory$DuplicateJsonObjectContextCustomizer@35432107, org.springframework.boot.test.mock.mockito.MockitoContextCustomizer@8f4afa1e], contextLoader = 'org.springframework.test.context.support.DelegatingSmartContextLoader', parent = [null]], attributes = map['org.springframework.test.context.event.ApplicationEventsTestExecutionListener.recordApplicationEvents' -> false]], class annotated with @DirtiesContext [false] with mode [null], method annotated with @DirtiesContext [false] with mode [null].
01:05:04.073 [Test worker] DEBUG org.springframework.test.context.cache.DefaultCacheAwareContextLoaderDelegate - Retrieved ApplicationContext [1651667865] from cache with key [[MergedContextConfiguration@40238dd0 testClass = BoardManagerTest, locations = '{}', classes = '{class org.waldreg.board.board.management.DefaultBoardManager, class org.waldreg.util.token.DecryptedTokenContext}', contextInitializerClasses = '[]', activeProfiles = '{}', propertySourceLocations = '{}', propertySourceProperties = '{}', contextCustomizers = set[org.springframework.boot.test.autoconfigure.actuate.metrics.MetricsExportContextCustomizerFactory$DisableMetricExportContextCustomizer@5c2375a9, org.springframework.boot.test.autoconfigure.properties.PropertyMappingContextCustomizer@0, org.springframework.boot.test.autoconfigure.web.servlet.WebDriverContextCustomizerFactory$Customizer@2fd953a6, org.springframework.boot.test.context.filter.ExcludeFilterContextCustomizer@66c61024, org.springframework.boot.test.json.DuplicateJsonObjectContextCustomizerFactory$DuplicateJsonObjectContextCustomizer@35432107, org.springframework.boot.test.mock.mockito.MockitoContextCustomizer@8f4afa1e], contextLoader = 'org.springframework.test.context.support.DelegatingSmartContextLoader', parent = [null]]]
01:05:04.073 [Test worker] DEBUG org.springframework.test.context.cache - Spring test ApplicationContext cache statistics: [DefaultContextCache@64a9d48c size = 1, maxSize = 32, parentContextCount = 0, hitCount = 39, missCount = 1]
01:05:04.083 [Test worker] DEBUG org.springframework.test.context.cache.DefaultCacheAwareContextLoaderDelegate - Retrieved ApplicationContext [1651667865] from cache with key [[MergedContextConfiguration@40238dd0 testClass = BoardManagerTest, locations = '{}', classes = '{class org.waldreg.board.board.management.DefaultBoardManager, class org.waldreg.util.token.DecryptedTokenContext}', contextInitializerClasses = '[]', activeProfiles = '{}', propertySourceLocations = '{}', propertySourceProperties = '{}', contextCustomizers = set[org.springframework.boot.test.autoconfigure.actuate.metrics.MetricsExportContextCustomizerFactory$DisableMetricExportContextCustomizer@5c2375a9, org.springframework.boot.test.autoconfigure.properties.PropertyMappingContextCustomizer@0, org.springframework.boot.test.autoconfigure.web.servlet.WebDriverContextCustomizerFactory$Customizer@2fd953a6, org.springframework.boot.test.context.filter.ExcludeFilterContextCustomizer@66c61024, org.springframework.boot.test.json.DuplicateJsonObjectContextCustomizerFactory$DuplicateJsonObjectContextCustomizer@35432107, org.springframework.boot.test.mock.mockito.MockitoContextCustomizer@8f4afa1e], contextLoader = 'org.springframework.test.context.support.DelegatingSmartContextLoader', parent = [null]]]
01:05:04.084 [Test worker] DEBUG org.springframework.test.context.cache - Spring test ApplicationContext cache statistics: [DefaultContextCache@64a9d48c size = 1, maxSize = 32, parentContextCount = 0, hitCount = 40, missCount = 1]
01:05:04.084 [Test worker] DEBUG org.springframework.test.context.cache.DefaultCacheAwareContextLoaderDelegate - Retrieved ApplicationContext [1651667865] from cache with key [[MergedContextConfiguration@40238dd0 testClass = BoardManagerTest, locations = '{}', classes = '{class org.waldreg.board.board.management.DefaultBoardManager, class org.waldreg.util.token.DecryptedTokenContext}', contextInitializerClasses = '[]', activeProfiles = '{}', propertySourceLocations = '{}', propertySourceProperties = '{}', contextCustomizers = set[org.springframework.boot.test.autoconfigure.actuate.metrics.MetricsExportContextCustomizerFactory$DisableMetricExportContextCustomizer@5c2375a9, org.springframework.boot.test.autoconfigure.properties.PropertyMappingContextCustomizer@0, org.springframework.boot.test.autoconfigure.web.servlet.WebDriverContextCustomizerFactory$Customizer@2fd953a6, org.springframework.boot.test.context.filter.ExcludeFilterContextCustomizer@66c61024, org.springframework.boot.test.json.DuplicateJsonObjectContextCustomizerFactory$DuplicateJsonObjectContextCustomizer@35432107, org.springframework.boot.test.mock.mockito.MockitoContextCustomizer@8f4afa1e], contextLoader = 'org.springframework.test.context.support.DelegatingSmartContextLoader', parent = [null]]]
01:05:04.084 [Test worker] DEBUG org.springframework.test.context.cache - Spring test ApplicationContext cache statistics: [DefaultContextCache@64a9d48c size = 1, maxSize = 32, parentContextCount = 0, hitCount = 41, missCount = 1]
01:05:04.090 [Test worker] DEBUG org.springframework.test.context.cache.DefaultCacheAwareContextLoaderDelegate - Retrieved ApplicationContext [1651667865] from cache with key [[MergedContextConfiguration@40238dd0 testClass = BoardManagerTest, locations = '{}', classes = '{class org.waldreg.board.board.management.DefaultBoardManager, class org.waldreg.util.token.DecryptedTokenContext}', contextInitializerClasses = '[]', activeProfiles = '{}', propertySourceLocations = '{}', propertySourceProperties = '{}', contextCustomizers = set[org.springframework.boot.test.autoconfigure.actuate.metrics.MetricsExportContextCustomizerFactory$DisableMetricExportContextCustomizer@5c2375a9, org.springframework.boot.test.autoconfigure.properties.PropertyMappingContextCustomizer@0, org.springframework.boot.test.autoconfigure.web.servlet.WebDriverContextCustomizerFactory$Customizer@2fd953a6, org.springframework.boot.test.context.filter.ExcludeFilterContextCustomizer@66c61024, org.springframework.boot.test.json.DuplicateJsonObjectContextCustomizerFactory$DuplicateJsonObjectContextCustomizer@35432107, org.springframework.boot.test.mock.mockito.MockitoContextCustomizer@8f4afa1e], contextLoader = 'org.springframework.test.context.support.DelegatingSmartContextLoader', parent = [null]]]
01:05:04.090 [Test worker] DEBUG org.springframework.test.context.cache - Spring test ApplicationContext cache statistics: [DefaultContextCache@64a9d48c size = 1, maxSize = 32, parentContextCount = 0, hitCount = 42, missCount = 1]
01:05:04.091 [Test worker] DEBUG org.springframework.test.context.cache.DefaultCacheAwareContextLoaderDelegate - Retrieved ApplicationContext [1651667865] from cache with key [[MergedContextConfiguration@40238dd0 testClass = BoardManagerTest, locations = '{}', classes = '{class org.waldreg.board.board.management.DefaultBoardManager, class org.waldreg.util.token.DecryptedTokenContext}', contextInitializerClasses = '[]', activeProfiles = '{}', propertySourceLocations = '{}', propertySourceProperties = '{}', contextCustomizers = set[org.springframework.boot.test.autoconfigure.actuate.metrics.MetricsExportContextCustomizerFactory$DisableMetricExportContextCustomizer@5c2375a9, org.springframework.boot.test.autoconfigure.properties.PropertyMappingContextCustomizer@0, org.springframework.boot.test.autoconfigure.web.servlet.WebDriverContextCustomizerFactory$Customizer@2fd953a6, org.springframework.boot.test.context.filter.ExcludeFilterContextCustomizer@66c61024, org.springframework.boot.test.json.DuplicateJsonObjectContextCustomizerFactory$DuplicateJsonObjectContextCustomizer@35432107, org.springframework.boot.test.mock.mockito.MockitoContextCustomizer@8f4afa1e], contextLoader = 'org.springframework.test.context.support.DelegatingSmartContextLoader', parent = [null]]]
01:05:04.091 [Test worker] DEBUG org.springframework.test.context.cache - Spring test ApplicationContext cache statistics: [DefaultContextCache@64a9d48c size = 1, maxSize = 32, parentContextCount = 0, hitCount = 43, missCount = 1]
01:05:04.100 [Test worker] DEBUG org.springframework.test.context.cache.DefaultCacheAwareContextLoaderDelegate - Retrieved ApplicationContext [1651667865] from cache with key [[MergedContextConfiguration@40238dd0 testClass = BoardManagerTest, locations = '{}', classes = '{class org.waldreg.board.board.management.DefaultBoardManager, class org.waldreg.util.token.DecryptedTokenContext}', contextInitializerClasses = '[]', activeProfiles = '{}', propertySourceLocations = '{}', propertySourceProperties = '{}', contextCustomizers = set[org.springframework.boot.test.autoconfigure.actuate.metrics.MetricsExportContextCustomizerFactory$DisableMetricExportContextCustomizer@5c2375a9, org.springframework.boot.test.autoconfigure.properties.PropertyMappingContextCustomizer@0, org.springframework.boot.test.autoconfigure.web.servlet.WebDriverContextCustomizerFactory$Customizer@2fd953a6, org.springframework.boot.test.context.filter.ExcludeFilterContextCustomizer@66c61024, org.springframework.boot.test.json.DuplicateJsonObjectContextCustomizerFactory$DuplicateJsonObjectContextCustomizer@35432107, org.springframework.boot.test.mock.mockito.MockitoContextCustomizer@8f4afa1e], contextLoader = 'org.springframework.test.context.support.DelegatingSmartContextLoader', parent = [null]]]
01:05:04.100 [Test worker] DEBUG org.springframework.test.context.cache - Spring test ApplicationContext cache statistics: [DefaultContextCache@64a9d48c size = 1, maxSize = 32, parentContextCount = 0, hitCount = 44, missCount = 1]
01:05:04.101 [Test worker] DEBUG org.springframework.test.context.cache.DefaultCacheAwareContextLoaderDelegate - Retrieved ApplicationContext [1651667865] from cache with key [[MergedContextConfiguration@40238dd0 testClass = BoardManagerTest, locations = '{}', classes = '{class org.waldreg.board.board.management.DefaultBoardManager, class org.waldreg.util.token.DecryptedTokenContext}', contextInitializerClasses = '[]', activeProfiles = '{}', propertySourceLocations = '{}', propertySourceProperties = '{}', contextCustomizers = set[org.springframework.boot.test.autoconfigure.actuate.metrics.MetricsExportContextCustomizerFactory$DisableMetricExportContextCustomizer@5c2375a9, org.springframework.boot.test.autoconfigure.properties.PropertyMappingContextCustomizer@0, org.springframework.boot.test.autoconfigure.web.servlet.WebDriverContextCustomizerFactory$Customizer@2fd953a6, org.springframework.boot.test.context.filter.ExcludeFilterContextCustomizer@66c61024, org.springframework.boot.test.json.DuplicateJsonObjectContextCustomizerFactory$DuplicateJsonObjectContextCustomizer@35432107, org.springframework.boot.test.mock.mockito.MockitoContextCustomizer@8f4afa1e], contextLoader = 'org.springframework.test.context.support.DelegatingSmartContextLoader', parent = [null]]]
01:05:04.101 [Test worker] DEBUG org.springframework.test.context.cache - Spring test ApplicationContext cache statistics: [DefaultContextCache@64a9d48c size = 1, maxSize = 32, parentContextCount = 0, hitCount = 45, missCount = 1]
01:05:04.101 [Test worker] DEBUG org.springframework.test.context.cache.DefaultCacheAwareContextLoaderDelegate - Retrieved ApplicationContext [1651667865] from cache with key [[MergedContextConfiguration@40238dd0 testClass = BoardManagerTest, locations = '{}', classes = '{class org.waldreg.board.board.management.DefaultBoardManager, class org.waldreg.util.token.DecryptedTokenContext}', contextInitializerClasses = '[]', activeProfiles = '{}', propertySourceLocations = '{}', propertySourceProperties = '{}', contextCustomizers = set[org.springframework.boot.test.autoconfigure.actuate.metrics.MetricsExportContextCustomizerFactory$DisableMetricExportContextCustomizer@5c2375a9, org.springframework.boot.test.autoconfigure.properties.PropertyMappingContextCustomizer@0, org.springframework.boot.test.autoconfigure.web.servlet.WebDriverContextCustomizerFactory$Customizer@2fd953a6, org.springframework.boot.test.context.filter.ExcludeFilterContextCustomizer@66c61024, org.springframework.boot.test.json.DuplicateJsonObjectContextCustomizerFactory$DuplicateJsonObjectContextCustomizer@35432107, org.springframework.boot.test.mock.mockito.MockitoContextCustomizer@8f4afa1e], contextLoader = 'org.springframework.test.context.support.DelegatingSmartContextLoader', parent = [null]]]
01:05:04.101 [Test worker] DEBUG org.springframework.test.context.cache - Spring test ApplicationContext cache statistics: [DefaultContextCache@64a9d48c size = 1, maxSize = 32, parentContextCount = 0, hitCount = 46, missCount = 1]
01:05:04.110 [Test worker] DEBUG org.springframework.test.context.cache.DefaultCacheAwareContextLoaderDelegate - Retrieved ApplicationContext [1651667865] from cache with key [[MergedContextConfiguration@40238dd0 testClass = BoardManagerTest, locations = '{}', classes = '{class org.waldreg.board.board.management.DefaultBoardManager, class org.waldreg.util.token.DecryptedTokenContext}', contextInitializerClasses = '[]', activeProfiles = '{}', propertySourceLocations = '{}', propertySourceProperties = '{}', contextCustomizers = set[org.springframework.boot.test.autoconfigure.actuate.metrics.MetricsExportContextCustomizerFactory$DisableMetricExportContextCustomizer@5c2375a9, org.springframework.boot.test.autoconfigure.properties.PropertyMappingContextCustomizer@0, org.springframework.boot.test.autoconfigure.web.servlet.WebDriverContextCustomizerFactory$Customizer@2fd953a6, org.springframework.boot.test.context.filter.ExcludeFilterContextCustomizer@66c61024, org.springframework.boot.test.json.DuplicateJsonObjectContextCustomizerFactory$DuplicateJsonObjectContextCustomizer@35432107, org.springframework.boot.test.mock.mockito.MockitoContextCustomizer@8f4afa1e], contextLoader = 'org.springframework.test.context.support.DelegatingSmartContextLoader', parent = [null]]]
01:05:04.110 [Test worker] DEBUG org.springframework.test.context.cache - Spring test ApplicationContext cache statistics: [DefaultContextCache@64a9d48c size = 1, maxSize = 32, parentContextCount = 0, hitCount = 47, missCount = 1]
01:05:04.111 [Test worker] DEBUG org.springframework.test.context.support.AbstractDirtiesContextTestExecutionListener - After test method: context [DefaultTestContext@1afdd473 testClass = BoardManagerTest, testInstance = org.waldreg.board.board.BoardManagerTest@1108adc8, testMethod = DELETE_BOARD_SUCCESS_TEST@BoardManagerTest, testException = [null], mergedContextConfiguration = [MergedContextConfiguration@40238dd0 testClass = BoardManagerTest, locations = '{}', classes = '{class org.waldreg.board.board.management.DefaultBoardManager, class org.waldreg.util.token.DecryptedTokenContext}', contextInitializerClasses = '[]', activeProfiles = '{}', propertySourceLocations = '{}', propertySourceProperties = '{}', contextCustomizers = set[org.springframework.boot.test.autoconfigure.actuate.metrics.MetricsExportContextCustomizerFactory$DisableMetricExportContextCustomizer@5c2375a9, org.springframework.boot.test.autoconfigure.properties.PropertyMappingContextCustomizer@0, org.springframework.boot.test.autoconfigure.web.servlet.WebDriverContextCustomizerFactory$Customizer@2fd953a6, org.springframework.boot.test.context.filter.ExcludeFilterContextCustomizer@66c61024, org.springframework.boot.test.json.DuplicateJsonObjectContextCustomizerFactory$DuplicateJsonObjectContextCustomizer@35432107, org.springframework.boot.test.mock.mockito.MockitoContextCustomizer@8f4afa1e], contextLoader = 'org.springframework.test.context.support.DelegatingSmartContextLoader', parent = [null]], attributes = map['org.springframework.test.context.event.ApplicationEventsTestExecutionListener.recordApplicationEvents' -> false]], class annotated with @DirtiesContext [false] with mode [null], method annotated with @DirtiesContext [false] with mode [null].
01:05:04.112 [Test worker] DEBUG org.springframework.test.context.cache.DefaultCacheAwareContextLoaderDelegate - Retrieved ApplicationContext [1651667865] from cache with key [[MergedContextConfiguration@40238dd0 testClass = BoardManagerTest, locations = '{}', classes = '{class org.waldreg.board.board.management.DefaultBoardManager, class org.waldreg.util.token.DecryptedTokenContext}', contextInitializerClasses = '[]', activeProfiles = '{}', propertySourceLocations = '{}', propertySourceProperties = '{}', contextCustomizers = set[org.springframework.boot.test.autoconfigure.actuate.metrics.MetricsExportContextCustomizerFactory$DisableMetricExportContextCustomizer@5c2375a9, org.springframework.boot.test.autoconfigure.properties.PropertyMappingContextCustomizer@0, org.springframework.boot.test.autoconfigure.web.servlet.WebDriverContextCustomizerFactory$Customizer@2fd953a6, org.springframework.boot.test.context.filter.ExcludeFilterContextCustomizer@66c61024, org.springframework.boot.test.json.DuplicateJsonObjectContextCustomizerFactory$DuplicateJsonObjectContextCustomizer@35432107, org.springframework.boot.test.mock.mockito.MockitoContextCustomizer@8f4afa1e], contextLoader = 'org.springframework.test.context.support.DelegatingSmartContextLoader', parent = [null]]]
01:05:04.113 [Test worker] DEBUG org.springframework.test.context.cache - Spring test ApplicationContext cache statistics: [DefaultContextCache@64a9d48c size = 1, maxSize = 32, parentContextCount = 0, hitCount = 48, missCount = 1]
01:05:04.113 [Test worker] DEBUG org.springframework.test.context.support.DependencyInjectionTestExecutionListener - Performing dependency injection for test context [[DefaultTestContext@1afdd473 testClass = BoardManagerTest, testInstance = org.waldreg.board.board.BoardManagerTest@1c5c616f, testMethod = [null], testException = [null], mergedContextConfiguration = [MergedContextConfiguration@40238dd0 testClass = BoardManagerTest, locations = '{}', classes = '{class org.waldreg.board.board.management.DefaultBoardManager, class org.waldreg.util.token.DecryptedTokenContext}', contextInitializerClasses = '[]', activeProfiles = '{}', propertySourceLocations = '{}', propertySourceProperties = '{}', contextCustomizers = set[org.springframework.boot.test.autoconfigure.actuate.metrics.MetricsExportContextCustomizerFactory$DisableMetricExportContextCustomizer@5c2375a9, org.springframework.boot.test.autoconfigure.properties.PropertyMappingContextCustomizer@0, org.springframework.boot.test.autoconfigure.web.servlet.WebDriverContextCustomizerFactory$Customizer@2fd953a6, org.springframework.boot.test.context.filter.ExcludeFilterContextCustomizer@66c61024, org.springframework.boot.test.json.DuplicateJsonObjectContextCustomizerFactory$DuplicateJsonObjectContextCustomizer@35432107, org.springframework.boot.test.mock.mockito.MockitoContextCustomizer@8f4afa1e], contextLoader = 'org.springframework.test.context.support.DelegatingSmartContextLoader', parent = [null]], attributes = map['org.springframework.test.context.event.ApplicationEventsTestExecutionListener.recordApplicationEvents' -> false]]].
01:05:04.113 [Test worker] DEBUG org.springframework.test.context.cache.DefaultCacheAwareContextLoaderDelegate - Retrieved ApplicationContext [1651667865] from cache with key [[MergedContextConfiguration@40238dd0 testClass = BoardManagerTest, locations = '{}', classes = '{class org.waldreg.board.board.management.DefaultBoardManager, class org.waldreg.util.token.DecryptedTokenContext}', contextInitializerClasses = '[]', activeProfiles = '{}', propertySourceLocations = '{}', propertySourceProperties = '{}', contextCustomizers = set[org.springframework.boot.test.autoconfigure.actuate.metrics.MetricsExportContextCustomizerFactory$DisableMetricExportContextCustomizer@5c2375a9, org.springframework.boot.test.autoconfigure.properties.PropertyMappingContextCustomizer@0, org.springframework.boot.test.autoconfigure.web.servlet.WebDriverContextCustomizerFactory$Customizer@2fd953a6, org.springframework.boot.test.context.filter.ExcludeFilterContextCustomizer@66c61024, org.springframework.boot.test.json.DuplicateJsonObjectContextCustomizerFactory$DuplicateJsonObjectContextCustomizer@35432107, org.springframework.boot.test.mock.mockito.MockitoContextCustomizer@8f4afa1e], contextLoader = 'org.springframework.test.context.support.DelegatingSmartContextLoader', parent = [null]]]
01:05:04.113 [Test worker] DEBUG org.springframework.test.context.cache - Spring test ApplicationContext cache statistics: [DefaultContextCache@64a9d48c size = 1, maxSize = 32, parentContextCount = 0, hitCount = 49, missCount = 1]
01:05:04.114 [Test worker] DEBUG org.springframework.test.context.cache.DefaultCacheAwareContextLoaderDelegate - Retrieved ApplicationContext [1651667865] from cache with key [[MergedContextConfiguration@40238dd0 testClass = BoardManagerTest, locations = '{}', classes = '{class org.waldreg.board.board.management.DefaultBoardManager, class org.waldreg.util.token.DecryptedTokenContext}', contextInitializerClasses = '[]', activeProfiles = '{}', propertySourceLocations = '{}', propertySourceProperties = '{}', contextCustomizers = set[org.springframework.boot.test.autoconfigure.actuate.metrics.MetricsExportContextCustomizerFactory$DisableMetricExportContextCustomizer@5c2375a9, org.springframework.boot.test.autoconfigure.properties.PropertyMappingContextCustomizer@0, org.springframework.boot.test.autoconfigure.web.servlet.WebDriverContextCustomizerFactory$Customizer@2fd953a6, org.springframework.boot.test.context.filter.ExcludeFilterContextCustomizer@66c61024, org.springframework.boot.test.json.DuplicateJsonObjectContextCustomizerFactory$DuplicateJsonObjectContextCustomizer@35432107, org.springframework.boot.test.mock.mockito.MockitoContextCustomizer@8f4afa1e], contextLoader = 'org.springframework.test.context.support.DelegatingSmartContextLoader', parent = [null]]]
01:05:04.114 [Test worker] DEBUG org.springframework.test.context.cache - Spring test ApplicationContext cache statistics: [DefaultContextCache@64a9d48c size = 1, maxSize = 32, parentContextCount = 0, hitCount = 50, missCount = 1]
01:05:04.115 [Test worker] DEBUG org.springframework.test.context.support.AbstractDirtiesContextTestExecutionListener - Before test method: context [DefaultTestContext@1afdd473 testClass = BoardManagerTest, testInstance = org.waldreg.board.board.BoardManagerTest@1c5c616f, testMethod = CREATE_BOARD_SUCCESS_TEST@BoardManagerTest, testException = [null], mergedContextConfiguration = [MergedContextConfiguration@40238dd0 testClass = BoardManagerTest, locations = '{}', classes = '{class org.waldreg.board.board.management.DefaultBoardManager, class org.waldreg.util.token.DecryptedTokenContext}', contextInitializerClasses = '[]', activeProfiles = '{}', propertySourceLocations = '{}', propertySourceProperties = '{}', contextCustomizers = set[org.springframework.boot.test.autoconfigure.actuate.metrics.MetricsExportContextCustomizerFactory$DisableMetricExportContextCustomizer@5c2375a9, org.springframework.boot.test.autoconfigure.properties.PropertyMappingContextCustomizer@0, org.springframework.boot.test.autoconfigure.web.servlet.WebDriverContextCustomizerFactory$Customizer@2fd953a6, org.springframework.boot.test.context.filter.ExcludeFilterContextCustomizer@66c61024, org.springframework.boot.test.json.DuplicateJsonObjectContextCustomizerFactory$DuplicateJsonObjectContextCustomizer@35432107, org.springframework.boot.test.mock.mockito.MockitoContextCustomizer@8f4afa1e], contextLoader = 'org.springframework.test.context.support.DelegatingSmartContextLoader', parent = [null]], attributes = map['org.springframework.test.context.event.ApplicationEventsTestExecutionListener.recordApplicationEvents' -> false]], class annotated with @DirtiesContext [false] with mode [null], method annotated with @DirtiesContext [false] with mode [null].
01:05:04.116 [Test worker] DEBUG org.springframework.test.context.cache.DefaultCacheAwareContextLoaderDelegate - Retrieved ApplicationContext [1651667865] from cache with key [[MergedContextConfiguration@40238dd0 testClass = BoardManagerTest, locations = '{}', classes = '{class org.waldreg.board.board.management.DefaultBoardManager, class org.waldreg.util.token.DecryptedTokenContext}', contextInitializerClasses = '[]', activeProfiles = '{}', propertySourceLocations = '{}', propertySourceProperties = '{}', contextCustomizers = set[org.springframework.boot.test.autoconfigure.actuate.metrics.MetricsExportContextCustomizerFactory$DisableMetricExportContextCustomizer@5c2375a9, org.springframework.boot.test.autoconfigure.properties.PropertyMappingContextCustomizer@0, org.springframework.boot.test.autoconfigure.web.servlet.WebDriverContextCustomizerFactory$Customizer@2fd953a6, org.springframework.boot.test.context.filter.ExcludeFilterContextCustomizer@66c61024, org.springframework.boot.test.json.DuplicateJsonObjectContextCustomizerFactory$DuplicateJsonObjectContextCustomizer@35432107, org.springframework.boot.test.mock.mockito.MockitoContextCustomizer@8f4afa1e], contextLoader = 'org.springframework.test.context.support.DelegatingSmartContextLoader', parent = [null]]]
01:05:04.116 [Test worker] DEBUG org.springframework.test.context.cache - Spring test ApplicationContext cache statistics: [DefaultContextCache@64a9d48c size = 1, maxSize = 32, parentContextCount = 0, hitCount = 51, missCount = 1]
01:05:04.126 [Test worker] DEBUG org.springframework.test.context.cache.DefaultCacheAwareContextLoaderDelegate - Retrieved ApplicationContext [1651667865] from cache with key [[MergedContextConfiguration@40238dd0 testClass = BoardManagerTest, locations = '{}', classes = '{class org.waldreg.board.board.management.DefaultBoardManager, class org.waldreg.util.token.DecryptedTokenContext}', contextInitializerClasses = '[]', activeProfiles = '{}', propertySourceLocations = '{}', propertySourceProperties = '{}', contextCustomizers = set[org.springframework.boot.test.autoconfigure.actuate.metrics.MetricsExportContextCustomizerFactory$DisableMetricExportContextCustomizer@5c2375a9, org.springframework.boot.test.autoconfigure.properties.PropertyMappingContextCustomizer@0, org.springframework.boot.test.autoconfigure.web.servlet.WebDriverContextCustomizerFactory$Customizer@2fd953a6, org.springframework.boot.test.context.filter.ExcludeFilterContextCustomizer@66c61024, org.springframework.boot.test.json.DuplicateJsonObjectContextCustomizerFactory$DuplicateJsonObjectContextCustomizer@35432107, org.springframework.boot.test.mock.mockito.MockitoContextCustomizer@8f4afa1e], contextLoader = 'org.springframework.test.context.support.DelegatingSmartContextLoader', parent = [null]]]
01:05:04.126 [Test worker] DEBUG org.springframework.test.context.cache - Spring test ApplicationContext cache statistics: [DefaultContextCache@64a9d48c size = 1, maxSize = 32, parentContextCount = 0, hitCount = 52, missCount = 1]
01:05:04.126 [Test worker] DEBUG org.springframework.test.context.cache.DefaultCacheAwareContextLoaderDelegate - Retrieved ApplicationContext [1651667865] from cache with key [[MergedContextConfiguration@40238dd0 testClass = BoardManagerTest, locations = '{}', classes = '{class org.waldreg.board.board.management.DefaultBoardManager, class org.waldreg.util.token.DecryptedTokenContext}', contextInitializerClasses = '[]', activeProfiles = '{}', propertySourceLocations = '{}', propertySourceProperties = '{}', contextCustomizers = set[org.springframework.boot.test.autoconfigure.actuate.metrics.MetricsExportContextCustomizerFactory$DisableMetricExportContextCustomizer@5c2375a9, org.springframework.boot.test.autoconfigure.properties.PropertyMappingContextCustomizer@0, org.springframework.boot.test.autoconfigure.web.servlet.WebDriverContextCustomizerFactory$Customizer@2fd953a6, org.springframework.boot.test.context.filter.ExcludeFilterContextCustomizer@66c61024, org.springframework.boot.test.json.DuplicateJsonObjectContextCustomizerFactory$DuplicateJsonObjectContextCustomizer@35432107, org.springframework.boot.test.mock.mockito.MockitoContextCustomizer@8f4afa1e], contextLoader = 'org.springframework.test.context.support.DelegatingSmartContextLoader', parent = [null]]]
01:05:04.126 [Test worker] DEBUG org.springframework.test.context.cache - Spring test ApplicationContext cache statistics: [DefaultContextCache@64a9d48c size = 1, maxSize = 32, parentContextCount = 0, hitCount = 53, missCount = 1]
01:05:04.147 [Test worker] DEBUG org.springframework.test.context.cache.DefaultCacheAwareContextLoaderDelegate - Retrieved ApplicationContext [1651667865] from cache with key [[MergedContextConfiguration@40238dd0 testClass = BoardManagerTest, locations = '{}', classes = '{class org.waldreg.board.board.management.DefaultBoardManager, class org.waldreg.util.token.DecryptedTokenContext}', contextInitializerClasses = '[]', activeProfiles = '{}', propertySourceLocations = '{}', propertySourceProperties = '{}', contextCustomizers = set[org.springframework.boot.test.autoconfigure.actuate.metrics.MetricsExportContextCustomizerFactory$DisableMetricExportContextCustomizer@5c2375a9, org.springframework.boot.test.autoconfigure.properties.PropertyMappingContextCustomizer@0, org.springframework.boot.test.autoconfigure.web.servlet.WebDriverContextCustomizerFactory$Customizer@2fd953a6, org.springframework.boot.test.context.filter.ExcludeFilterContextCustomizer@66c61024, org.springframework.boot.test.json.DuplicateJsonObjectContextCustomizerFactory$DuplicateJsonObjectContextCustomizer@35432107, org.springframework.boot.test.mock.mockito.MockitoContextCustomizer@8f4afa1e], contextLoader = 'org.springframework.test.context.support.DelegatingSmartContextLoader', parent = [null]]]
01:05:04.147 [Test worker] DEBUG org.springframework.test.context.cache - Spring test ApplicationContext cache statistics: [DefaultContextCache@64a9d48c size = 1, maxSize = 32, parentContextCount = 0, hitCount = 54, missCount = 1]
01:05:04.147 [Test worker] DEBUG org.springframework.test.context.cache.DefaultCacheAwareContextLoaderDelegate - Retrieved ApplicationContext [1651667865] from cache with key [[MergedContextConfiguration@40238dd0 testClass = BoardManagerTest, locations = '{}', classes = '{class org.waldreg.board.board.management.DefaultBoardManager, class org.waldreg.util.token.DecryptedTokenContext}', contextInitializerClasses = '[]', activeProfiles = '{}', propertySourceLocations = '{}', propertySourceProperties = '{}', contextCustomizers = set[org.springframework.boot.test.autoconfigure.actuate.metrics.MetricsExportContextCustomizerFactory$DisableMetricExportContextCustomizer@5c2375a9, org.springframework.boot.test.autoconfigure.properties.PropertyMappingContextCustomizer@0, org.springframework.boot.test.autoconfigure.web.servlet.WebDriverContextCustomizerFactory$Customizer@2fd953a6, org.springframework.boot.test.context.filter.ExcludeFilterContextCustomizer@66c61024, org.springframework.boot.test.json.DuplicateJsonObjectContextCustomizerFactory$DuplicateJsonObjectContextCustomizer@35432107, org.springframework.boot.test.mock.mockito.MockitoContextCustomizer@8f4afa1e], contextLoader = 'org.springframework.test.context.support.DelegatingSmartContextLoader', parent = [null]]]
01:05:04.147 [Test worker] DEBUG org.springframework.test.context.cache - Spring test ApplicationContext cache statistics: [DefaultContextCache@64a9d48c size = 1, maxSize = 32, parentContextCount = 0, hitCount = 55, missCount = 1]
01:05:04.158 [Test worker] DEBUG org.springframework.test.context.cache.DefaultCacheAwareContextLoaderDelegate - Retrieved ApplicationContext [1651667865] from cache with key [[MergedContextConfiguration@40238dd0 testClass = BoardManagerTest, locations = '{}', classes = '{class org.waldreg.board.board.management.DefaultBoardManager, class org.waldreg.util.token.DecryptedTokenContext}', contextInitializerClasses = '[]', activeProfiles = '{}', propertySourceLocations = '{}', propertySourceProperties = '{}', contextCustomizers = set[org.springframework.boot.test.autoconfigure.actuate.metrics.MetricsExportContextCustomizerFactory$DisableMetricExportContextCustomizer@5c2375a9, org.springframework.boot.test.autoconfigure.properties.PropertyMappingContextCustomizer@0, org.springframework.boot.test.autoconfigure.web.servlet.WebDriverContextCustomizerFactory$Customizer@2fd953a6, org.springframework.boot.test.context.filter.ExcludeFilterContextCustomizer@66c61024, org.springframework.boot.test.json.DuplicateJsonObjectContextCustomizerFactory$DuplicateJsonObjectContextCustomizer@35432107, org.springframework.boot.test.mock.mockito.MockitoContextCustomizer@8f4afa1e], contextLoader = 'org.springframework.test.context.support.DelegatingSmartContextLoader', parent = [null]]]
01:05:04.159 [Test worker] DEBUG org.springframework.test.context.cache - Spring test ApplicationContext cache statistics: [DefaultContextCache@64a9d48c size = 1, maxSize = 32, parentContextCount = 0, hitCount = 56, missCount = 1]
01:05:04.159 [Test worker] DEBUG org.springframework.test.context.cache.DefaultCacheAwareContextLoaderDelegate - Retrieved ApplicationContext [1651667865] from cache with key [[MergedContextConfiguration@40238dd0 testClass = BoardManagerTest, locations = '{}', classes = '{class org.waldreg.board.board.management.DefaultBoardManager, class org.waldreg.util.token.DecryptedTokenContext}', contextInitializerClasses = '[]', activeProfiles = '{}', propertySourceLocations = '{}', propertySourceProperties = '{}', contextCustomizers = set[org.springframework.boot.test.autoconfigure.actuate.metrics.MetricsExportContextCustomizerFactory$DisableMetricExportContextCustomizer@5c2375a9, org.springframework.boot.test.autoconfigure.properties.PropertyMappingContextCustomizer@0, org.springframework.boot.test.autoconfigure.web.servlet.WebDriverContextCustomizerFactory$Customizer@2fd953a6, org.springframework.boot.test.context.filter.ExcludeFilterContextCustomizer@66c61024, org.springframework.boot.test.json.DuplicateJsonObjectContextCustomizerFactory$DuplicateJsonObjectContextCustomizer@35432107, org.springframework.boot.test.mock.mockito.MockitoContextCustomizer@8f4afa1e], contextLoader = 'org.springframework.test.context.support.DelegatingSmartContextLoader', parent = [null]]]
01:05:04.159 [Test worker] DEBUG org.springframework.test.context.cache - Spring test ApplicationContext cache statistics: [DefaultContextCache@64a9d48c size = 1, maxSize = 32, parentContextCount = 0, hitCount = 57, missCount = 1]
01:05:04.159 [Test worker] DEBUG org.springframework.test.context.cache.DefaultCacheAwareContextLoaderDelegate - Retrieved ApplicationContext [1651667865] from cache with key [[MergedContextConfiguration@40238dd0 testClass = BoardManagerTest, locations = '{}', classes = '{class org.waldreg.board.board.management.DefaultBoardManager, class org.waldreg.util.token.DecryptedTokenContext}', contextInitializerClasses = '[]', activeProfiles = '{}', propertySourceLocations = '{}', propertySourceProperties = '{}', contextCustomizers = set[org.springframework.boot.test.autoconfigure.actuate.metrics.MetricsExportContextCustomizerFactory$DisableMetricExportContextCustomizer@5c2375a9, org.springframework.boot.test.autoconfigure.properties.PropertyMappingContextCustomizer@0, org.springframework.boot.test.autoconfigure.web.servlet.WebDriverContextCustomizerFactory$Customizer@2fd953a6, org.springframework.boot.test.context.filter.ExcludeFilterContextCustomizer@66c61024, org.springframework.boot.test.json.DuplicateJsonObjectContextCustomizerFactory$DuplicateJsonObjectContextCustomizer@35432107, org.springframework.boot.test.mock.mockito.MockitoContextCustomizer@8f4afa1e], contextLoader = 'org.springframework.test.context.support.DelegatingSmartContextLoader', parent = [null]]]
01:05:04.159 [Test worker] DEBUG org.springframework.test.context.cache - Spring test ApplicationContext cache statistics: [DefaultContextCache@64a9d48c size = 1, maxSize = 32, parentContextCount = 0, hitCount = 58, missCount = 1]
01:05:04.170 [Test worker] DEBUG org.springframework.test.context.cache.DefaultCacheAwareContextLoaderDelegate - Retrieved ApplicationContext [1651667865] from cache with key [[MergedContextConfiguration@40238dd0 testClass = BoardManagerTest, locations = '{}', classes = '{class org.waldreg.board.board.management.DefaultBoardManager, class org.waldreg.util.token.DecryptedTokenContext}', contextInitializerClasses = '[]', activeProfiles = '{}', propertySourceLocations = '{}', propertySourceProperties = '{}', contextCustomizers = set[org.springframework.boot.test.autoconfigure.actuate.metrics.MetricsExportContextCustomizerFactory$DisableMetricExportContextCustomizer@5c2375a9, org.springframework.boot.test.autoconfigure.properties.PropertyMappingContextCustomizer@0, org.springframework.boot.test.autoconfigure.web.servlet.WebDriverContextCustomizerFactory$Customizer@2fd953a6, org.springframework.boot.test.context.filter.ExcludeFilterContextCustomizer@66c61024, org.springframework.boot.test.json.DuplicateJsonObjectContextCustomizerFactory$DuplicateJsonObjectContextCustomizer@35432107, org.springframework.boot.test.mock.mockito.MockitoContextCustomizer@8f4afa1e], contextLoader = 'org.springframework.test.context.support.DelegatingSmartContextLoader', parent = [null]]]
01:05:04.170 [Test worker] DEBUG org.springframework.test.context.cache - Spring test ApplicationContext cache statistics: [DefaultContextCache@64a9d48c size = 1, maxSize = 32, parentContextCount = 0, hitCount = 59, missCount = 1]
01:05:04.171 [Test worker] DEBUG org.springframework.test.context.support.AbstractDirtiesContextTestExecutionListener - After test method: context [DefaultTestContext@1afdd473 testClass = BoardManagerTest, testInstance = org.waldreg.board.board.BoardManagerTest@1c5c616f, testMethod = CREATE_BOARD_SUCCESS_TEST@BoardManagerTest, testException = [null], mergedContextConfiguration = [MergedContextConfiguration@40238dd0 testClass = BoardManagerTest, locations = '{}', classes = '{class org.waldreg.board.board.management.DefaultBoardManager, class org.waldreg.util.token.DecryptedTokenContext}', contextInitializerClasses = '[]', activeProfiles = '{}', propertySourceLocations = '{}', propertySourceProperties = '{}', contextCustomizers = set[org.springframework.boot.test.autoconfigure.actuate.metrics.MetricsExportContextCustomizerFactory$DisableMetricExportContextCustomizer@5c2375a9, org.springframework.boot.test.autoconfigure.properties.PropertyMappingContextCustomizer@0, org.springframework.boot.test.autoconfigure.web.servlet.WebDriverContextCustomizerFactory$Customizer@2fd953a6, org.springframework.boot.test.context.filter.ExcludeFilterContextCustomizer@66c61024, org.springframework.boot.test.json.DuplicateJsonObjectContextCustomizerFactory$DuplicateJsonObjectContextCustomizer@35432107, org.springframework.boot.test.mock.mockito.MockitoContextCustomizer@8f4afa1e], contextLoader = 'org.springframework.test.context.support.DelegatingSmartContextLoader', parent = [null]], attributes = map['org.springframework.test.context.event.ApplicationEventsTestExecutionListener.recordApplicationEvents' -> false]], class annotated with @DirtiesContext [false] with mode [null], method annotated with @DirtiesContext [false] with mode [null].
01:05:04.172 [Test worker] DEBUG org.springframework.test.context.cache.DefaultCacheAwareContextLoaderDelegate - Retrieved ApplicationContext [1651667865] from cache with key [[MergedContextConfiguration@40238dd0 testClass = BoardManagerTest, locations = '{}', classes = '{class org.waldreg.board.board.management.DefaultBoardManager, class org.waldreg.util.token.DecryptedTokenContext}', contextInitializerClasses = '[]', activeProfiles = '{}', propertySourceLocations = '{}', propertySourceProperties = '{}', contextCustomizers = set[org.springframework.boot.test.autoconfigure.actuate.metrics.MetricsExportContextCustomizerFactory$DisableMetricExportContextCustomizer@5c2375a9, org.springframework.boot.test.autoconfigure.properties.PropertyMappingContextCustomizer@0, org.springframework.boot.test.autoconfigure.web.servlet.WebDriverContextCustomizerFactory$Customizer@2fd953a6, org.springframework.boot.test.context.filter.ExcludeFilterContextCustomizer@66c61024, org.springframework.boot.test.json.DuplicateJsonObjectContextCustomizerFactory$DuplicateJsonObjectContextCustomizer@35432107, org.springframework.boot.test.mock.mockito.MockitoContextCustomizer@8f4afa1e], contextLoader = 'org.springframework.test.context.support.DelegatingSmartContextLoader', parent = [null]]]
01:05:04.172 [Test worker] DEBUG org.springframework.test.context.cache - Spring test ApplicationContext cache statistics: [DefaultContextCache@64a9d48c size = 1, maxSize = 32, parentContextCount = 0, hitCount = 60, missCount = 1]
01:05:04.172 [Test worker] DEBUG org.springframework.test.context.support.DependencyInjectionTestExecutionListener - Performing dependency injection for test context [[DefaultTestContext@1afdd473 testClass = BoardManagerTest, testInstance = org.waldreg.board.board.BoardManagerTest@6a48a7f3, testMethod = [null], testException = [null], mergedContextConfiguration = [MergedContextConfiguration@40238dd0 testClass = BoardManagerTest, locations = '{}', classes = '{class org.waldreg.board.board.management.DefaultBoardManager, class org.waldreg.util.token.DecryptedTokenContext}', contextInitializerClasses = '[]', activeProfiles = '{}', propertySourceLocations = '{}', propertySourceProperties = '{}', contextCustomizers = set[org.springframework.boot.test.autoconfigure.actuate.metrics.MetricsExportContextCustomizerFactory$DisableMetricExportContextCustomizer@5c2375a9, org.springframework.boot.test.autoconfigure.properties.PropertyMappingContextCustomizer@0, org.springframework.boot.test.autoconfigure.web.servlet.WebDriverContextCustomizerFactory$Customizer@2fd953a6, org.springframework.boot.test.context.filter.ExcludeFilterContextCustomizer@66c61024, org.springframework.boot.test.json.DuplicateJsonObjectContextCustomizerFactory$DuplicateJsonObjectContextCustomizer@35432107, org.springframework.boot.test.mock.mockito.MockitoContextCustomizer@8f4afa1e], contextLoader = 'org.springframework.test.context.support.DelegatingSmartContextLoader', parent = [null]], attributes = map['org.springframework.test.context.event.ApplicationEventsTestExecutionListener.recordApplicationEvents' -> false]]].
01:05:04.172 [Test worker] DEBUG org.springframework.test.context.cache.DefaultCacheAwareContextLoaderDelegate - Retrieved ApplicationContext [1651667865] from cache with key [[MergedContextConfiguration@40238dd0 testClass = BoardManagerTest, locations = '{}', classes = '{class org.waldreg.board.board.management.DefaultBoardManager, class org.waldreg.util.token.DecryptedTokenContext}', contextInitializerClasses = '[]', activeProfiles = '{}', propertySourceLocations = '{}', propertySourceProperties = '{}', contextCustomizers = set[org.springframework.boot.test.autoconfigure.actuate.metrics.MetricsExportContextCustomizerFactory$DisableMetricExportContextCustomizer@5c2375a9, org.springframework.boot.test.autoconfigure.properties.PropertyMappingContextCustomizer@0, org.springframework.boot.test.autoconfigure.web.servlet.WebDriverContextCustomizerFactory$Customizer@2fd953a6, org.springframework.boot.test.context.filter.ExcludeFilterContextCustomizer@66c61024, org.springframework.boot.test.json.DuplicateJsonObjectContextCustomizerFactory$DuplicateJsonObjectContextCustomizer@35432107, org.springframework.boot.test.mock.mockito.MockitoContextCustomizer@8f4afa1e], contextLoader = 'org.springframework.test.context.support.DelegatingSmartContextLoader', parent = [null]]]
01:05:04.172 [Test worker] DEBUG org.springframework.test.context.cache - Spring test ApplicationContext cache statistics: [DefaultContextCache@64a9d48c size = 1, maxSize = 32, parentContextCount = 0, hitCount = 61, missCount = 1]
01:05:04.172 [Test worker] DEBUG org.springframework.test.context.cache.DefaultCacheAwareContextLoaderDelegate - Retrieved ApplicationContext [1651667865] from cache with key [[MergedContextConfiguration@40238dd0 testClass = BoardManagerTest, locations = '{}', classes = '{class org.waldreg.board.board.management.DefaultBoardManager, class org.waldreg.util.token.DecryptedTokenContext}', contextInitializerClasses = '[]', activeProfiles = '{}', propertySourceLocations = '{}', propertySourceProperties = '{}', contextCustomizers = set[org.springframework.boot.test.autoconfigure.actuate.metrics.MetricsExportContextCustomizerFactory$DisableMetricExportContextCustomizer@5c2375a9, org.springframework.boot.test.autoconfigure.properties.PropertyMappingContextCustomizer@0, org.springframework.boot.test.autoconfigure.web.servlet.WebDriverContextCustomizerFactory$Customizer@2fd953a6, org.springframework.boot.test.context.filter.ExcludeFilterContextCustomizer@66c61024, org.springframework.boot.test.json.DuplicateJsonObjectContextCustomizerFactory$DuplicateJsonObjectContextCustomizer@35432107, org.springframework.boot.test.mock.mockito.MockitoContextCustomizer@8f4afa1e], contextLoader = 'org.springframework.test.context.support.DelegatingSmartContextLoader', parent = [null]]]
01:05:04.172 [Test worker] DEBUG org.springframework.test.context.cache - Spring test ApplicationContext cache statistics: [DefaultContextCache@64a9d48c size = 1, maxSize = 32, parentContextCount = 0, hitCount = 62, missCount = 1]
01:05:04.173 [Test worker] DEBUG org.springframework.test.context.support.AbstractDirtiesContextTestExecutionListener - Before test method: context [DefaultTestContext@1afdd473 testClass = BoardManagerTest, testInstance = org.waldreg.board.board.BoardManagerTest@6a48a7f3, testMethod = DELETE_BOARD_FAIL_TEST@BoardManagerTest, testException = [null], mergedContextConfiguration = [MergedContextConfiguration@40238dd0 testClass = BoardManagerTest, locations = '{}', classes = '{class org.waldreg.board.board.management.DefaultBoardManager, class org.waldreg.util.token.DecryptedTokenContext}', contextInitializerClasses = '[]', activeProfiles = '{}', propertySourceLocations = '{}', propertySourceProperties = '{}', contextCustomizers = set[org.springframework.boot.test.autoconfigure.actuate.metrics.MetricsExportContextCustomizerFactory$DisableMetricExportContextCustomizer@5c2375a9, org.springframework.boot.test.autoconfigure.properties.PropertyMappingContextCustomizer@0, org.springframework.boot.test.autoconfigure.web.servlet.WebDriverContextCustomizerFactory$Customizer@2fd953a6, org.springframework.boot.test.context.filter.ExcludeFilterContextCustomizer@66c61024, org.springframework.boot.test.json.DuplicateJsonObjectContextCustomizerFactory$DuplicateJsonObjectContextCustomizer@35432107, org.springframework.boot.test.mock.mockito.MockitoContextCustomizer@8f4afa1e], contextLoader = 'org.springframework.test.context.support.DelegatingSmartContextLoader', parent = [null]], attributes = map['org.springframework.test.context.event.ApplicationEventsTestExecutionListener.recordApplicationEvents' -> false]], class annotated with @DirtiesContext [false] with mode [null], method annotated with @DirtiesContext [false] with mode [null].
01:05:04.173 [Test worker] DEBUG org.springframework.test.context.cache.DefaultCacheAwareContextLoaderDelegate - Retrieved ApplicationContext [1651667865] from cache with key [[MergedContextConfiguration@40238dd0 testClass = BoardManagerTest, locations = '{}', classes = '{class org.waldreg.board.board.management.DefaultBoardManager, class org.waldreg.util.token.DecryptedTokenContext}', contextInitializerClasses = '[]', activeProfiles = '{}', propertySourceLocations = '{}', propertySourceProperties = '{}', contextCustomizers = set[org.springframework.boot.test.autoconfigure.actuate.metrics.MetricsExportContextCustomizerFactory$DisableMetricExportContextCustomizer@5c2375a9, org.springframework.boot.test.autoconfigure.properties.PropertyMappingContextCustomizer@0, org.springframework.boot.test.autoconfigure.web.servlet.WebDriverContextCustomizerFactory$Customizer@2fd953a6, org.springframework.boot.test.context.filter.ExcludeFilterContextCustomizer@66c61024, org.springframework.boot.test.json.DuplicateJsonObjectContextCustomizerFactory$DuplicateJsonObjectContextCustomizer@35432107, org.springframework.boot.test.mock.mockito.MockitoContextCustomizer@8f4afa1e], contextLoader = 'org.springframework.test.context.support.DelegatingSmartContextLoader', parent = [null]]]
01:05:04.174 [Test worker] DEBUG org.springframework.test.context.cache - Spring test ApplicationContext cache statistics: [DefaultContextCache@64a9d48c size = 1, maxSize = 32, parentContextCount = 0, hitCount = 63, missCount = 1]
01:05:04.186 [Test worker] DEBUG org.springframework.test.context.cache.DefaultCacheAwareContextLoaderDelegate - Retrieved ApplicationContext [1651667865] from cache with key [[MergedContextConfiguration@40238dd0 testClass = BoardManagerTest, locations = '{}', classes = '{class org.waldreg.board.board.management.DefaultBoardManager, class org.waldreg.util.token.DecryptedTokenContext}', contextInitializerClasses = '[]', activeProfiles = '{}', propertySourceLocations = '{}', propertySourceProperties = '{}', contextCustomizers = set[org.springframework.boot.test.autoconfigure.actuate.metrics.MetricsExportContextCustomizerFactory$DisableMetricExportContextCustomizer@5c2375a9, org.springframework.boot.test.autoconfigure.properties.PropertyMappingContextCustomizer@0, org.springframework.boot.test.autoconfigure.web.servlet.WebDriverContextCustomizerFactory$Customizer@2fd953a6, org.springframework.boot.test.context.filter.ExcludeFilterContextCustomizer@66c61024, org.springframework.boot.test.json.DuplicateJsonObjectContextCustomizerFactory$DuplicateJsonObjectContextCustomizer@35432107, org.springframework.boot.test.mock.mockito.MockitoContextCustomizer@8f4afa1e], contextLoader = 'org.springframework.test.context.support.DelegatingSmartContextLoader', parent = [null]]]
01:05:04.187 [Test worker] DEBUG org.springframework.test.context.cache - Spring test ApplicationContext cache statistics: [DefaultContextCache@64a9d48c size = 1, maxSize = 32, parentContextCount = 0, hitCount = 64, missCount = 1]
01:05:04.187 [Test worker] DEBUG org.springframework.test.context.cache.DefaultCacheAwareContextLoaderDelegate - Retrieved ApplicationContext [1651667865] from cache with key [[MergedContextConfiguration@40238dd0 testClass = BoardManagerTest, locations = '{}', classes = '{class org.waldreg.board.board.management.DefaultBoardManager, class org.waldreg.util.token.DecryptedTokenContext}', contextInitializerClasses = '[]', activeProfiles = '{}', propertySourceLocations = '{}', propertySourceProperties = '{}', contextCustomizers = set[org.springframework.boot.test.autoconfigure.actuate.metrics.MetricsExportContextCustomizerFactory$DisableMetricExportContextCustomizer@5c2375a9, org.springframework.boot.test.autoconfigure.properties.PropertyMappingContextCustomizer@0, org.springframework.boot.test.autoconfigure.web.servlet.WebDriverContextCustomizerFactory$Customizer@2fd953a6, org.springframework.boot.test.context.filter.ExcludeFilterContextCustomizer@66c61024, org.springframework.boot.test.json.DuplicateJsonObjectContextCustomizerFactory$DuplicateJsonObjectContextCustomizer@35432107, org.springframework.boot.test.mock.mockito.MockitoContextCustomizer@8f4afa1e], contextLoader = 'org.springframework.test.context.support.DelegatingSmartContextLoader', parent = [null]]]
01:05:04.187 [Test worker] DEBUG org.springframework.test.context.cache - Spring test ApplicationContext cache statistics: [DefaultContextCache@64a9d48c size = 1, maxSize = 32, parentContextCount = 0, hitCount = 65, missCount = 1]
01:05:04.189 [Test worker] DEBUG org.springframework.test.context.cache.DefaultCacheAwareContextLoaderDelegate - Retrieved ApplicationContext [1651667865] from cache with key [[MergedContextConfiguration@40238dd0 testClass = BoardManagerTest, locations = '{}', classes = '{class org.waldreg.board.board.management.DefaultBoardManager, class org.waldreg.util.token.DecryptedTokenContext}', contextInitializerClasses = '[]', activeProfiles = '{}', propertySourceLocations = '{}', propertySourceProperties = '{}', contextCustomizers = set[org.springframework.boot.test.autoconfigure.actuate.metrics.MetricsExportContextCustomizerFactory$DisableMetricExportContextCustomizer@5c2375a9, org.springframework.boot.test.autoconfigure.properties.PropertyMappingContextCustomizer@0, org.springframework.boot.test.autoconfigure.web.servlet.WebDriverContextCustomizerFactory$Customizer@2fd953a6, org.springframework.boot.test.context.filter.ExcludeFilterContextCustomizer@66c61024, org.springframework.boot.test.json.DuplicateJsonObjectContextCustomizerFactory$DuplicateJsonObjectContextCustomizer@35432107, org.springframework.boot.test.mock.mockito.MockitoContextCustomizer@8f4afa1e], contextLoader = 'org.springframework.test.context.support.DelegatingSmartContextLoader', parent = [null]]]
01:05:04.189 [Test worker] DEBUG org.springframework.test.context.cache - Spring test ApplicationContext cache statistics: [DefaultContextCache@64a9d48c size = 1, maxSize = 32, parentContextCount = 0, hitCount = 66, missCount = 1]
01:05:04.189 [Test worker] DEBUG org.springframework.test.context.cache.DefaultCacheAwareContextLoaderDelegate - Retrieved ApplicationContext [1651667865] from cache with key [[MergedContextConfiguration@40238dd0 testClass = BoardManagerTest, locations = '{}', classes = '{class org.waldreg.board.board.management.DefaultBoardManager, class org.waldreg.util.token.DecryptedTokenContext}', contextInitializerClasses = '[]', activeProfiles = '{}', propertySourceLocations = '{}', propertySourceProperties = '{}', contextCustomizers = set[org.springframework.boot.test.autoconfigure.actuate.metrics.MetricsExportContextCustomizerFactory$DisableMetricExportContextCustomizer@5c2375a9, org.springframework.boot.test.autoconfigure.properties.PropertyMappingContextCustomizer@0, org.springframework.boot.test.autoconfigure.web.servlet.WebDriverContextCustomizerFactory$Customizer@2fd953a6, org.springframework.boot.test.context.filter.ExcludeFilterContextCustomizer@66c61024, org.springframework.boot.test.json.DuplicateJsonObjectContextCustomizerFactory$DuplicateJsonObjectContextCustomizer@35432107, org.springframework.boot.test.mock.mockito.MockitoContextCustomizer@8f4afa1e], contextLoader = 'org.springframework.test.context.support.DelegatingSmartContextLoader', parent = [null]]]
01:05:04.190 [Test worker] DEBUG org.springframework.test.context.cache - Spring test ApplicationContext cache statistics: [DefaultContextCache@64a9d48c size = 1, maxSize = 32, parentContextCount = 0, hitCount = 67, missCount = 1]
01:05:04.201 [Test worker] DEBUG org.springframework.test.context.cache.DefaultCacheAwareContextLoaderDelegate - Retrieved ApplicationContext [1651667865] from cache with key [[MergedContextConfiguration@40238dd0 testClass = BoardManagerTest, locations = '{}', classes = '{class org.waldreg.board.board.management.DefaultBoardManager, class org.waldreg.util.token.DecryptedTokenContext}', contextInitializerClasses = '[]', activeProfiles = '{}', propertySourceLocations = '{}', propertySourceProperties = '{}', contextCustomizers = set[org.springframework.boot.test.autoconfigure.actuate.metrics.MetricsExportContextCustomizerFactory$DisableMetricExportContextCustomizer@5c2375a9, org.springframework.boot.test.autoconfigure.properties.PropertyMappingContextCustomizer@0, org.springframework.boot.test.autoconfigure.web.servlet.WebDriverContextCustomizerFactory$Customizer@2fd953a6, org.springframework.boot.test.context.filter.ExcludeFilterContextCustomizer@66c61024, org.springframework.boot.test.json.DuplicateJsonObjectContextCustomizerFactory$DuplicateJsonObjectContextCustomizer@35432107, org.springframework.boot.test.mock.mockito.MockitoContextCustomizer@8f4afa1e], contextLoader = 'org.springframework.test.context.support.DelegatingSmartContextLoader', parent = [null]]]
01:05:04.201 [Test worker] DEBUG org.springframework.test.context.cache - Spring test ApplicationContext cache statistics: [DefaultContextCache@64a9d48c size = 1, maxSize = 32, parentContextCount = 0, hitCount = 68, missCount = 1]
01:05:04.201 [Test worker] DEBUG org.springframework.test.context.cache.DefaultCacheAwareContextLoaderDelegate - Retrieved ApplicationContext [1651667865] from cache with key [[MergedContextConfiguration@40238dd0 testClass = BoardManagerTest, locations = '{}', classes = '{class org.waldreg.board.board.management.DefaultBoardManager, class org.waldreg.util.token.DecryptedTokenContext}', contextInitializerClasses = '[]', activeProfiles = '{}', propertySourceLocations = '{}', propertySourceProperties = '{}', contextCustomizers = set[org.springframework.boot.test.autoconfigure.actuate.metrics.MetricsExportContextCustomizerFactory$DisableMetricExportContextCustomizer@5c2375a9, org.springframework.boot.test.autoconfigure.properties.PropertyMappingContextCustomizer@0, org.springframework.boot.test.autoconfigure.web.servlet.WebDriverContextCustomizerFactory$Customizer@2fd953a6, org.springframework.boot.test.context.filter.ExcludeFilterContextCustomizer@66c61024, org.springframework.boot.test.json.DuplicateJsonObjectContextCustomizerFactory$DuplicateJsonObjectContextCustomizer@35432107, org.springframework.boot.test.mock.mockito.MockitoContextCustomizer@8f4afa1e], contextLoader = 'org.springframework.test.context.support.DelegatingSmartContextLoader', parent = [null]]]
01:05:04.201 [Test worker] DEBUG org.springframework.test.context.cache - Spring test ApplicationContext cache statistics: [DefaultContextCache@64a9d48c size = 1, maxSize = 32, parentContextCount = 0, hitCount = 69, missCount = 1]
01:05:04.201 [Test worker] DEBUG org.springframework.test.context.cache.DefaultCacheAwareContextLoaderDelegate - Retrieved ApplicationContext [1651667865] from cache with key [[MergedContextConfiguration@40238dd0 testClass = BoardManagerTest, locations = '{}', classes = '{class org.waldreg.board.board.management.DefaultBoardManager, class org.waldreg.util.token.DecryptedTokenContext}', contextInitializerClasses = '[]', activeProfiles = '{}', propertySourceLocations = '{}', propertySourceProperties = '{}', contextCustomizers = set[org.springframework.boot.test.autoconfigure.actuate.metrics.MetricsExportContextCustomizerFactory$DisableMetricExportContextCustomizer@5c2375a9, org.springframework.boot.test.autoconfigure.properties.PropertyMappingContextCustomizer@0, org.springframework.boot.test.autoconfigure.web.servlet.WebDriverContextCustomizerFactory$Customizer@2fd953a6, org.springframework.boot.test.context.filter.ExcludeFilterContextCustomizer@66c61024, org.springframework.boot.test.json.DuplicateJsonObjectContextCustomizerFactory$DuplicateJsonObjectContextCustomizer@35432107, org.springframework.boot.test.mock.mockito.MockitoContextCustomizer@8f4afa1e], contextLoader = 'org.springframework.test.context.support.DelegatingSmartContextLoader', parent = [null]]]
01:05:04.201 [Test worker] DEBUG org.springframework.test.context.cache - Spring test ApplicationContext cache statistics: [DefaultContextCache@64a9d48c size = 1, maxSize = 32, parentContextCount = 0, hitCount = 70, missCount = 1]
01:05:04.212 [Test worker] DEBUG org.springframework.test.context.cache.DefaultCacheAwareContextLoaderDelegate - Retrieved ApplicationContext [1651667865] from cache with key [[MergedContextConfiguration@40238dd0 testClass = BoardManagerTest, locations = '{}', classes = '{class org.waldreg.board.board.management.DefaultBoardManager, class org.waldreg.util.token.DecryptedTokenContext}', contextInitializerClasses = '[]', activeProfiles = '{}', propertySourceLocations = '{}', propertySourceProperties = '{}', contextCustomizers = set[org.springframework.boot.test.autoconfigure.actuate.metrics.MetricsExportContextCustomizerFactory$DisableMetricExportContextCustomizer@5c2375a9, org.springframework.boot.test.autoconfigure.properties.PropertyMappingContextCustomizer@0, org.springframework.boot.test.autoconfigure.web.servlet.WebDriverContextCustomizerFactory$Customizer@2fd953a6, org.springframework.boot.test.context.filter.ExcludeFilterContextCustomizer@66c61024, org.springframework.boot.test.json.DuplicateJsonObjectContextCustomizerFactory$DuplicateJsonObjectContextCustomizer@35432107, org.springframework.boot.test.mock.mockito.MockitoContextCustomizer@8f4afa1e], contextLoader = 'org.springframework.test.context.support.DelegatingSmartContextLoader', parent = [null]]]
01:05:04.212 [Test worker] DEBUG org.springframework.test.context.cache - Spring test ApplicationContext cache statistics: [DefaultContextCache@64a9d48c size = 1, maxSize = 32, parentContextCount = 0, hitCount = 71, missCount = 1]
01:05:04.212 [Test worker] DEBUG org.springframework.test.context.support.AbstractDirtiesContextTestExecutionListener - After test method: context [DefaultTestContext@1afdd473 testClass = BoardManagerTest, testInstance = org.waldreg.board.board.BoardManagerTest@6a48a7f3, testMethod = DELETE_BOARD_FAIL_TEST@BoardManagerTest, testException = [null], mergedContextConfiguration = [MergedContextConfiguration@40238dd0 testClass = BoardManagerTest, locations = '{}', classes = '{class org.waldreg.board.board.management.DefaultBoardManager, class org.waldreg.util.token.DecryptedTokenContext}', contextInitializerClasses = '[]', activeProfiles = '{}', propertySourceLocations = '{}', propertySourceProperties = '{}', contextCustomizers = set[org.springframework.boot.test.autoconfigure.actuate.metrics.MetricsExportContextCustomizerFactory$DisableMetricExportContextCustomizer@5c2375a9, org.springframework.boot.test.autoconfigure.properties.PropertyMappingContextCustomizer@0, org.springframework.boot.test.autoconfigure.web.servlet.WebDriverContextCustomizerFactory$Customizer@2fd953a6, org.springframework.boot.test.context.filter.ExcludeFilterContextCustomizer@66c61024, org.springframework.boot.test.json.DuplicateJsonObjectContextCustomizerFactory$DuplicateJsonObjectContextCustomizer@35432107, org.springframework.boot.test.mock.mockito.MockitoContextCustomizer@8f4afa1e], contextLoader = 'org.springframework.test.context.support.DelegatingSmartContextLoader', parent = [null]], attributes = map['org.springframework.test.context.event.ApplicationEventsTestExecutionListener.recordApplicationEvents' -> false]], class annotated with @DirtiesContext [false] with mode [null], method annotated with @DirtiesContext [false] with mode [null].
01:05:04.213 [Test worker] DEBUG org.springframework.test.context.cache.DefaultCacheAwareContextLoaderDelegate - Retrieved ApplicationContext [1651667865] from cache with key [[MergedContextConfiguration@40238dd0 testClass = BoardManagerTest, locations = '{}', classes = '{class org.waldreg.board.board.management.DefaultBoardManager, class org.waldreg.util.token.DecryptedTokenContext}', contextInitializerClasses = '[]', activeProfiles = '{}', propertySourceLocations = '{}', propertySourceProperties = '{}', contextCustomizers = set[org.springframework.boot.test.autoconfigure.actuate.metrics.MetricsExportContextCustomizerFactory$DisableMetricExportContextCustomizer@5c2375a9, org.springframework.boot.test.autoconfigure.properties.PropertyMappingContextCustomizer@0, org.springframework.boot.test.autoconfigure.web.servlet.WebDriverContextCustomizerFactory$Customizer@2fd953a6, org.springframework.boot.test.context.filter.ExcludeFilterContextCustomizer@66c61024, org.springframework.boot.test.json.DuplicateJsonObjectContextCustomizerFactory$DuplicateJsonObjectContextCustomizer@35432107, org.springframework.boot.test.mock.mockito.MockitoContextCustomizer@8f4afa1e], contextLoader = 'org.springframework.test.context.support.DelegatingSmartContextLoader', parent = [null]]]
01:05:04.213 [Test worker] DEBUG org.springframework.test.context.cache - Spring test ApplicationContext cache statistics: [DefaultContextCache@64a9d48c size = 1, maxSize = 32, parentContextCount = 0, hitCount = 72, missCount = 1]
01:05:04.214 [Test worker] DEBUG org.springframework.test.context.support.DependencyInjectionTestExecutionListener - Performing dependency injection for test context [[DefaultTestContext@1afdd473 testClass = BoardManagerTest, testInstance = org.waldreg.board.board.BoardManagerTest@46d63dbb, testMethod = [null], testException = [null], mergedContextConfiguration = [MergedContextConfiguration@40238dd0 testClass = BoardManagerTest, locations = '{}', classes = '{class org.waldreg.board.board.management.DefaultBoardManager, class org.waldreg.util.token.DecryptedTokenContext}', contextInitializerClasses = '[]', activeProfiles = '{}', propertySourceLocations = '{}', propertySourceProperties = '{}', contextCustomizers = set[org.springframework.boot.test.autoconfigure.actuate.metrics.MetricsExportContextCustomizerFactory$DisableMetricExportContextCustomizer@5c2375a9, org.springframework.boot.test.autoconfigure.properties.PropertyMappingContextCustomizer@0, org.springframework.boot.test.autoconfigure.web.servlet.WebDriverContextCustomizerFactory$Customizer@2fd953a6, org.springframework.boot.test.context.filter.ExcludeFilterContextCustomizer@66c61024, org.springframework.boot.test.json.DuplicateJsonObjectContextCustomizerFactory$DuplicateJsonObjectContextCustomizer@35432107, org.springframework.boot.test.mock.mockito.MockitoContextCustomizer@8f4afa1e], contextLoader = 'org.springframework.test.context.support.DelegatingSmartContextLoader', parent = [null]], attributes = map['org.springframework.test.context.event.ApplicationEventsTestExecutionListener.recordApplicationEvents' -> false]]].
01:05:04.214 [Test worker] DEBUG org.springframework.test.context.cache.DefaultCacheAwareContextLoaderDelegate - Retrieved ApplicationContext [1651667865] from cache with key [[MergedContextConfiguration@40238dd0 testClass = BoardManagerTest, locations = '{}', classes = '{class org.waldreg.board.board.management.DefaultBoardManager, class org.waldreg.util.token.DecryptedTokenContext}', contextInitializerClasses = '[]', activeProfiles = '{}', propertySourceLocations = '{}', propertySourceProperties = '{}', contextCustomizers = set[org.springframework.boot.test.autoconfigure.actuate.metrics.MetricsExportContextCustomizerFactory$DisableMetricExportContextCustomizer@5c2375a9, org.springframework.boot.test.autoconfigure.properties.PropertyMappingContextCustomizer@0, org.springframework.boot.test.autoconfigure.web.servlet.WebDriverContextCustomizerFactory$Customizer@2fd953a6, org.springframework.boot.test.context.filter.ExcludeFilterContextCustomizer@66c61024, org.springframework.boot.test.json.DuplicateJsonObjectContextCustomizerFactory$DuplicateJsonObjectContextCustomizer@35432107, org.springframework.boot.test.mock.mockito.MockitoContextCustomizer@8f4afa1e], contextLoader = 'org.springframework.test.context.support.DelegatingSmartContextLoader', parent = [null]]]
01:05:04.214 [Test worker] DEBUG org.springframework.test.context.cache - Spring test ApplicationContext cache statistics: [DefaultContextCache@64a9d48c size = 1, maxSize = 32, parentContextCount = 0, hitCount = 73, missCount = 1]
01:05:04.214 [Test worker] DEBUG org.springframework.test.context.cache.DefaultCacheAwareContextLoaderDelegate - Retrieved ApplicationContext [1651667865] from cache with key [[MergedContextConfiguration@40238dd0 testClass = BoardManagerTest, locations = '{}', classes = '{class org.waldreg.board.board.management.DefaultBoardManager, class org.waldreg.util.token.DecryptedTokenContext}', contextInitializerClasses = '[]', activeProfiles = '{}', propertySourceLocations = '{}', propertySourceProperties = '{}', contextCustomizers = set[org.springframework.boot.test.autoconfigure.actuate.metrics.MetricsExportContextCustomizerFactory$DisableMetricExportContextCustomizer@5c2375a9, org.springframework.boot.test.autoconfigure.properties.PropertyMappingContextCustomizer@0, org.springframework.boot.test.autoconfigure.web.servlet.WebDriverContextCustomizerFactory$Customizer@2fd953a6, org.springframework.boot.test.context.filter.ExcludeFilterContextCustomizer@66c61024, org.springframework.boot.test.json.DuplicateJsonObjectContextCustomizerFactory$DuplicateJsonObjectContextCustomizer@35432107, org.springframework.boot.test.mock.mockito.MockitoContextCustomizer@8f4afa1e], contextLoader = 'org.springframework.test.context.support.DelegatingSmartContextLoader', parent = [null]]]
01:05:04.214 [Test worker] DEBUG org.springframework.test.context.cache - Spring test ApplicationContext cache statistics: [DefaultContextCache@64a9d48c size = 1, maxSize = 32, parentContextCount = 0, hitCount = 74, missCount = 1]
01:05:04.215 [Test worker] DEBUG org.springframework.test.context.support.AbstractDirtiesContextTestExecutionListener - Before test method: context [DefaultTestContext@1afdd473 testClass = BoardManagerTest, testInstance = org.waldreg.board.board.BoardManagerTest@46d63dbb, testMethod = SEARCH_BOARD_BY_TITLE_TEST@BoardManagerTest, testException = [null], mergedContextConfiguration = [MergedContextConfiguration@40238dd0 testClass = BoardManagerTest, locations = '{}', classes = '{class org.waldreg.board.board.management.DefaultBoardManager, class org.waldreg.util.token.DecryptedTokenContext}', contextInitializerClasses = '[]', activeProfiles = '{}', propertySourceLocations = '{}', propertySourceProperties = '{}', contextCustomizers = set[org.springframework.boot.test.autoconfigure.actuate.metrics.MetricsExportContextCustomizerFactory$DisableMetricExportContextCustomizer@5c2375a9, org.springframework.boot.test.autoconfigure.properties.PropertyMappingContextCustomizer@0, org.springframework.boot.test.autoconfigure.web.servlet.WebDriverContextCustomizerFactory$Customizer@2fd953a6, org.springframework.boot.test.context.filter.ExcludeFilterContextCustomizer@66c61024, org.springframework.boot.test.json.DuplicateJsonObjectContextCustomizerFactory$DuplicateJsonObjectContextCustomizer@35432107, org.springframework.boot.test.mock.mockito.MockitoContextCustomizer@8f4afa1e], contextLoader = 'org.springframework.test.context.support.DelegatingSmartContextLoader', parent = [null]], attributes = map['org.springframework.test.context.event.ApplicationEventsTestExecutionListener.recordApplicationEvents' -> false]], class annotated with @DirtiesContext [false] with mode [null], method annotated with @DirtiesContext [false] with mode [null].
01:05:04.215 [Test worker] DEBUG org.springframework.test.context.cache.DefaultCacheAwareContextLoaderDelegate - Retrieved ApplicationContext [1651667865] from cache with key [[MergedContextConfiguration@40238dd0 testClass = BoardManagerTest, locations = '{}', classes = '{class org.waldreg.board.board.management.DefaultBoardManager, class org.waldreg.util.token.DecryptedTokenContext}', contextInitializerClasses = '[]', activeProfiles = '{}', propertySourceLocations = '{}', propertySourceProperties = '{}', contextCustomizers = set[org.springframework.boot.test.autoconfigure.actuate.metrics.MetricsExportContextCustomizerFactory$DisableMetricExportContextCustomizer@5c2375a9, org.springframework.boot.test.autoconfigure.properties.PropertyMappingContextCustomizer@0, org.springframework.boot.test.autoconfigure.web.servlet.WebDriverContextCustomizerFactory$Customizer@2fd953a6, org.springframework.boot.test.context.filter.ExcludeFilterContextCustomizer@66c61024, org.springframework.boot.test.json.DuplicateJsonObjectContextCustomizerFactory$DuplicateJsonObjectContextCustomizer@35432107, org.springframework.boot.test.mock.mockito.MockitoContextCustomizer@8f4afa1e], contextLoader = 'org.springframework.test.context.support.DelegatingSmartContextLoader', parent = [null]]]
01:05:04.215 [Test worker] DEBUG org.springframework.test.context.cache - Spring test ApplicationContext cache statistics: [DefaultContextCache@64a9d48c size = 1, maxSize = 32, parentContextCount = 0, hitCount = 75, missCount = 1]
01:05:04.229 [Test worker] DEBUG org.springframework.test.context.cache.DefaultCacheAwareContextLoaderDelegate - Retrieved ApplicationContext [1651667865] from cache with key [[MergedContextConfiguration@40238dd0 testClass = BoardManagerTest, locations = '{}', classes = '{class org.waldreg.board.board.management.DefaultBoardManager, class org.waldreg.util.token.DecryptedTokenContext}', contextInitializerClasses = '[]', activeProfiles = '{}', propertySourceLocations = '{}', propertySourceProperties = '{}', contextCustomizers = set[org.springframework.boot.test.autoconfigure.actuate.metrics.MetricsExportContextCustomizerFactory$DisableMetricExportContextCustomizer@5c2375a9, org.springframework.boot.test.autoconfigure.properties.PropertyMappingContextCustomizer@0, org.springframework.boot.test.autoconfigure.web.servlet.WebDriverContextCustomizerFactory$Customizer@2fd953a6, org.springframework.boot.test.context.filter.ExcludeFilterContextCustomizer@66c61024, org.springframework.boot.test.json.DuplicateJsonObjectContextCustomizerFactory$DuplicateJsonObjectContextCustomizer@35432107, org.springframework.boot.test.mock.mockito.MockitoContextCustomizer@8f4afa1e], contextLoader = 'org.springframework.test.context.support.DelegatingSmartContextLoader', parent = [null]]]
01:05:04.229 [Test worker] DEBUG org.springframework.test.context.cache - Spring test ApplicationContext cache statistics: [DefaultContextCache@64a9d48c size = 1, maxSize = 32, parentContextCount = 0, hitCount = 76, missCount = 1]
01:05:04.229 [Test worker] DEBUG org.springframework.test.context.cache.DefaultCacheAwareContextLoaderDelegate - Retrieved ApplicationContext [1651667865] from cache with key [[MergedContextConfiguration@40238dd0 testClass = BoardManagerTest, locations = '{}', classes = '{class org.waldreg.board.board.management.DefaultBoardManager, class org.waldreg.util.token.DecryptedTokenContext}', contextInitializerClasses = '[]', activeProfiles = '{}', propertySourceLocations = '{}', propertySourceProperties = '{}', contextCustomizers = set[org.springframework.boot.test.autoconfigure.actuate.metrics.MetricsExportContextCustomizerFactory$DisableMetricExportContextCustomizer@5c2375a9, org.springframework.boot.test.autoconfigure.properties.PropertyMappingContextCustomizer@0, org.springframework.boot.test.autoconfigure.web.servlet.WebDriverContextCustomizerFactory$Customizer@2fd953a6, org.springframework.boot.test.context.filter.ExcludeFilterContextCustomizer@66c61024, org.springframework.boot.test.json.DuplicateJsonObjectContextCustomizerFactory$DuplicateJsonObjectContextCustomizer@35432107, org.springframework.boot.test.mock.mockito.MockitoContextCustomizer@8f4afa1e], contextLoader = 'org.springframework.test.context.support.DelegatingSmartContextLoader', parent = [null]]]
01:05:04.229 [Test worker] DEBUG org.springframework.test.context.cache - Spring test ApplicationContext cache statistics: [DefaultContextCache@64a9d48c size = 1, maxSize = 32, parentContextCount = 0, hitCount = 77, missCount = 1]
01:05:04.231 [Test worker] DEBUG org.springframework.test.context.cache.DefaultCacheAwareContextLoaderDelegate - Retrieved ApplicationContext [1651667865] from cache with key [[MergedContextConfiguration@40238dd0 testClass = BoardManagerTest, locations = '{}', classes = '{class org.waldreg.board.board.management.DefaultBoardManager, class org.waldreg.util.token.DecryptedTokenContext}', contextInitializerClasses = '[]', activeProfiles = '{}', propertySourceLocations = '{}', propertySourceProperties = '{}', contextCustomizers = set[org.springframework.boot.test.autoconfigure.actuate.metrics.MetricsExportContextCustomizerFactory$DisableMetricExportContextCustomizer@5c2375a9, org.springframework.boot.test.autoconfigure.properties.PropertyMappingContextCustomizer@0, org.springframework.boot.test.autoconfigure.web.servlet.WebDriverContextCustomizerFactory$Customizer@2fd953a6, org.springframework.boot.test.context.filter.ExcludeFilterContextCustomizer@66c61024, org.springframework.boot.test.json.DuplicateJsonObjectContextCustomizerFactory$DuplicateJsonObjectContextCustomizer@35432107, org.springframework.boot.test.mock.mockito.MockitoContextCustomizer@8f4afa1e], contextLoader = 'org.springframework.test.context.support.DelegatingSmartContextLoader', parent = [null]]]
01:05:04.231 [Test worker] DEBUG org.springframework.test.context.cache - Spring test ApplicationContext cache statistics: [DefaultContextCache@64a9d48c size = 1, maxSize = 32, parentContextCount = 0, hitCount = 78, missCount = 1]
01:05:04.231 [Test worker] DEBUG org.springframework.test.context.cache.DefaultCacheAwareContextLoaderDelegate - Retrieved ApplicationContext [1651667865] from cache with key [[MergedContextConfiguration@40238dd0 testClass = BoardManagerTest, locations = '{}', classes = '{class org.waldreg.board.board.management.DefaultBoardManager, class org.waldreg.util.token.DecryptedTokenContext}', contextInitializerClasses = '[]', activeProfiles = '{}', propertySourceLocations = '{}', propertySourceProperties = '{}', contextCustomizers = set[org.springframework.boot.test.autoconfigure.actuate.metrics.MetricsExportContextCustomizerFactory$DisableMetricExportContextCustomizer@5c2375a9, org.springframework.boot.test.autoconfigure.properties.PropertyMappingContextCustomizer@0, org.springframework.boot.test.autoconfigure.web.servlet.WebDriverContextCustomizerFactory$Customizer@2fd953a6, org.springframework.boot.test.context.filter.ExcludeFilterContextCustomizer@66c61024, org.springframework.boot.test.json.DuplicateJsonObjectContextCustomizerFactory$DuplicateJsonObjectContextCustomizer@35432107, org.springframework.boot.test.mock.mockito.MockitoContextCustomizer@8f4afa1e], contextLoader = 'org.springframework.test.context.support.DelegatingSmartContextLoader', parent = [null]]]
01:05:04.232 [Test worker] DEBUG org.springframework.test.context.cache - Spring test ApplicationContext cache statistics: [DefaultContextCache@64a9d48c size = 1, maxSize = 32, parentContextCount = 0, hitCount = 79, missCount = 1]
01:05:04.243 [Test worker] DEBUG org.springframework.test.context.cache.DefaultCacheAwareContextLoaderDelegate - Retrieved ApplicationContext [1651667865] from cache with key [[MergedContextConfiguration@40238dd0 testClass = BoardManagerTest, locations = '{}', classes = '{class org.waldreg.board.board.management.DefaultBoardManager, class org.waldreg.util.token.DecryptedTokenContext}', contextInitializerClasses = '[]', activeProfiles = '{}', propertySourceLocations = '{}', propertySourceProperties = '{}', contextCustomizers = set[org.springframework.boot.test.autoconfigure.actuate.metrics.MetricsExportContextCustomizerFactory$DisableMetricExportContextCustomizer@5c2375a9, org.springframework.boot.test.autoconfigure.properties.PropertyMappingContextCustomizer@0, org.springframework.boot.test.autoconfigure.web.servlet.WebDriverContextCustomizerFactory$Customizer@2fd953a6, org.springframework.boot.test.context.filter.ExcludeFilterContextCustomizer@66c61024, org.springframework.boot.test.json.DuplicateJsonObjectContextCustomizerFactory$DuplicateJsonObjectContextCustomizer@35432107, org.springframework.boot.test.mock.mockito.MockitoContextCustomizer@8f4afa1e], contextLoader = 'org.springframework.test.context.support.DelegatingSmartContextLoader', parent = [null]]]
01:05:04.244 [Test worker] DEBUG org.springframework.test.context.cache - Spring test ApplicationContext cache statistics: [DefaultContextCache@64a9d48c size = 1, maxSize = 32, parentContextCount = 0, hitCount = 80, missCount = 1]
01:05:04.244 [Test worker] DEBUG org.springframework.test.context.cache.DefaultCacheAwareContextLoaderDelegate - Retrieved ApplicationContext [1651667865] from cache with key [[MergedContextConfiguration@40238dd0 testClass = BoardManagerTest, locations = '{}', classes = '{class org.waldreg.board.board.management.DefaultBoardManager, class org.waldreg.util.token.DecryptedTokenContext}', contextInitializerClasses = '[]', activeProfiles = '{}', propertySourceLocations = '{}', propertySourceProperties = '{}', contextCustomizers = set[org.springframework.boot.test.autoconfigure.actuate.metrics.MetricsExportContextCustomizerFactory$DisableMetricExportContextCustomizer@5c2375a9, org.springframework.boot.test.autoconfigure.properties.PropertyMappingContextCustomizer@0, org.springframework.boot.test.autoconfigure.web.servlet.WebDriverContextCustomizerFactory$Customizer@2fd953a6, org.springframework.boot.test.context.filter.ExcludeFilterContextCustomizer@66c61024, org.springframework.boot.test.json.DuplicateJsonObjectContextCustomizerFactory$DuplicateJsonObjectContextCustomizer@35432107, org.springframework.boot.test.mock.mockito.MockitoContextCustomizer@8f4afa1e], contextLoader = 'org.springframework.test.context.support.DelegatingSmartContextLoader', parent = [null]]]
01:05:04.244 [Test worker] DEBUG org.springframework.test.context.cache - Spring test ApplicationContext cache statistics: [DefaultContextCache@64a9d48c size = 1, maxSize = 32, parentContextCount = 0, hitCount = 81, missCount = 1]
01:05:04.244 [Test worker] DEBUG org.springframework.test.context.cache.DefaultCacheAwareContextLoaderDelegate - Retrieved ApplicationContext [1651667865] from cache with key [[MergedContextConfiguration@40238dd0 testClass = BoardManagerTest, locations = '{}', classes = '{class org.waldreg.board.board.management.DefaultBoardManager, class org.waldreg.util.token.DecryptedTokenContext}', contextInitializerClasses = '[]', activeProfiles = '{}', propertySourceLocations = '{}', propertySourceProperties = '{}', contextCustomizers = set[org.springframework.boot.test.autoconfigure.actuate.metrics.MetricsExportContextCustomizerFactory$DisableMetricExportContextCustomizer@5c2375a9, org.springframework.boot.test.autoconfigure.properties.PropertyMappingContextCustomizer@0, org.springframework.boot.test.autoconfigure.web.servlet.WebDriverContextCustomizerFactory$Customizer@2fd953a6, org.springframework.boot.test.context.filter.ExcludeFilterContextCustomizer@66c61024, org.springframework.boot.test.json.DuplicateJsonObjectContextCustomizerFactory$DuplicateJsonObjectContextCustomizer@35432107, org.springframework.boot.test.mock.mockito.MockitoContextCustomizer@8f4afa1e], contextLoader = 'org.springframework.test.context.support.DelegatingSmartContextLoader', parent = [null]]]
01:05:04.244 [Test worker] DEBUG org.springframework.test.context.cache - Spring test ApplicationContext cache statistics: [DefaultContextCache@64a9d48c size = 1, maxSize = 32, parentContextCount = 0, hitCount = 82, missCount = 1]
01:05:04.256 [Test worker] DEBUG org.springframework.test.context.cache.DefaultCacheAwareContextLoaderDelegate - Retrieved ApplicationContext [1651667865] from cache with key [[MergedContextConfiguration@40238dd0 testClass = BoardManagerTest, locations = '{}', classes = '{class org.waldreg.board.board.management.DefaultBoardManager, class org.waldreg.util.token.DecryptedTokenContext}', contextInitializerClasses = '[]', activeProfiles = '{}', propertySourceLocations = '{}', propertySourceProperties = '{}', contextCustomizers = set[org.springframework.boot.test.autoconfigure.actuate.metrics.MetricsExportContextCustomizerFactory$DisableMetricExportContextCustomizer@5c2375a9, org.springframework.boot.test.autoconfigure.properties.PropertyMappingContextCustomizer@0, org.springframework.boot.test.autoconfigure.web.servlet.WebDriverContextCustomizerFactory$Customizer@2fd953a6, org.springframework.boot.test.context.filter.ExcludeFilterContextCustomizer@66c61024, org.springframework.boot.test.json.DuplicateJsonObjectContextCustomizerFactory$DuplicateJsonObjectContextCustomizer@35432107, org.springframework.boot.test.mock.mockito.MockitoContextCustomizer@8f4afa1e], contextLoader = 'org.springframework.test.context.support.DelegatingSmartContextLoader', parent = [null]]]
01:05:04.256 [Test worker] DEBUG org.springframework.test.context.cache - Spring test ApplicationContext cache statistics: [DefaultContextCache@64a9d48c size = 1, maxSize = 32, parentContextCount = 0, hitCount = 83, missCount = 1]
01:05:04.256 [Test worker] DEBUG org.springframework.test.context.support.AbstractDirtiesContextTestExecutionListener - After test method: context [DefaultTestContext@1afdd473 testClass = BoardManagerTest, testInstance = org.waldreg.board.board.BoardManagerTest@46d63dbb, testMethod = SEARCH_BOARD_BY_TITLE_TEST@BoardManagerTest, testException = [null], mergedContextConfiguration = [MergedContextConfiguration@40238dd0 testClass = BoardManagerTest, locations = '{}', classes = '{class org.waldreg.board.board.management.DefaultBoardManager, class org.waldreg.util.token.DecryptedTokenContext}', contextInitializerClasses = '[]', activeProfiles = '{}', propertySourceLocations = '{}', propertySourceProperties = '{}', contextCustomizers = set[org.springframework.boot.test.autoconfigure.actuate.metrics.MetricsExportContextCustomizerFactory$DisableMetricExportContextCustomizer@5c2375a9, org.springframework.boot.test.autoconfigure.properties.PropertyMappingContextCustomizer@0, org.springframework.boot.test.autoconfigure.web.servlet.WebDriverContextCustomizerFactory$Customizer@2fd953a6, org.springframework.boot.test.context.filter.ExcludeFilterContextCustomizer@66c61024, org.springframework.boot.test.json.DuplicateJsonObjectContextCustomizerFactory$DuplicateJsonObjectContextCustomizer@35432107, org.springframework.boot.test.mock.mockito.MockitoContextCustomizer@8f4afa1e], contextLoader = 'org.springframework.test.context.support.DelegatingSmartContextLoader', parent = [null]], attributes = map['org.springframework.test.context.event.ApplicationEventsTestExecutionListener.recordApplicationEvents' -> false]], class annotated with @DirtiesContext [false] with mode [null], method annotated with @DirtiesContext [false] with mode [null].
01:05:04.257 [Test worker] DEBUG org.springframework.test.context.cache.DefaultCacheAwareContextLoaderDelegate - Retrieved ApplicationContext [1651667865] from cache with key [[MergedContextConfiguration@40238dd0 testClass = BoardManagerTest, locations = '{}', classes = '{class org.waldreg.board.board.management.DefaultBoardManager, class org.waldreg.util.token.DecryptedTokenContext}', contextInitializerClasses = '[]', activeProfiles = '{}', propertySourceLocations = '{}', propertySourceProperties = '{}', contextCustomizers = set[org.springframework.boot.test.autoconfigure.actuate.metrics.MetricsExportContextCustomizerFactory$DisableMetricExportContextCustomizer@5c2375a9, org.springframework.boot.test.autoconfigure.properties.PropertyMappingContextCustomizer@0, org.springframework.boot.test.autoconfigure.web.servlet.WebDriverContextCustomizerFactory$Customizer@2fd953a6, org.springframework.boot.test.context.filter.ExcludeFilterContextCustomizer@66c61024, org.springframework.boot.test.json.DuplicateJsonObjectContextCustomizerFactory$DuplicateJsonObjectContextCustomizer@35432107, org.springframework.boot.test.mock.mockito.MockitoContextCustomizer@8f4afa1e], contextLoader = 'org.springframework.test.context.support.DelegatingSmartContextLoader', parent = [null]]]
01:05:04.257 [Test worker] DEBUG org.springframework.test.context.cache - Spring test ApplicationContext cache statistics: [DefaultContextCache@64a9d48c size = 1, maxSize = 32, parentContextCount = 0, hitCount = 84, missCount = 1]
01:05:04.257 [Test worker] DEBUG org.springframework.test.context.support.DependencyInjectionTestExecutionListener - Performing dependency injection for test context [[DefaultTestContext@1afdd473 testClass = BoardManagerTest, testInstance = org.waldreg.board.board.BoardManagerTest@7c2b58c0, testMethod = [null], testException = [null], mergedContextConfiguration = [MergedContextConfiguration@40238dd0 testClass = BoardManagerTest, locations = '{}', classes = '{class org.waldreg.board.board.management.DefaultBoardManager, class org.waldreg.util.token.DecryptedTokenContext}', contextInitializerClasses = '[]', activeProfiles = '{}', propertySourceLocations = '{}', propertySourceProperties = '{}', contextCustomizers = set[org.springframework.boot.test.autoconfigure.actuate.metrics.MetricsExportContextCustomizerFactory$DisableMetricExportContextCustomizer@5c2375a9, org.springframework.boot.test.autoconfigure.properties.PropertyMappingContextCustomizer@0, org.springframework.boot.test.autoconfigure.web.servlet.WebDriverContextCustomizerFactory$Customizer@2fd953a6, org.springframework.boot.test.context.filter.ExcludeFilterContextCustomizer@66c61024, org.springframework.boot.test.json.DuplicateJsonObjectContextCustomizerFactory$DuplicateJsonObjectContextCustomizer@35432107, org.springframework.boot.test.mock.mockito.MockitoContextCustomizer@8f4afa1e], contextLoader = 'org.springframework.test.context.support.DelegatingSmartContextLoader', parent = [null]], attributes = map['org.springframework.test.context.event.ApplicationEventsTestExecutionListener.recordApplicationEvents' -> false]]].
01:05:04.258 [Test worker] DEBUG org.springframework.test.context.cache.DefaultCacheAwareContextLoaderDelegate - Retrieved ApplicationContext [1651667865] from cache with key [[MergedContextConfiguration@40238dd0 testClass = BoardManagerTest, locations = '{}', classes = '{class org.waldreg.board.board.management.DefaultBoardManager, class org.waldreg.util.token.DecryptedTokenContext}', contextInitializerClasses = '[]', activeProfiles = '{}', propertySourceLocations = '{}', propertySourceProperties = '{}', contextCustomizers = set[org.springframework.boot.test.autoconfigure.actuate.metrics.MetricsExportContextCustomizerFactory$DisableMetricExportContextCustomizer@5c2375a9, org.springframework.boot.test.autoconfigure.properties.PropertyMappingContextCustomizer@0, org.springframework.boot.test.autoconfigure.web.servlet.WebDriverContextCustomizerFactory$Customizer@2fd953a6, org.springframework.boot.test.context.filter.ExcludeFilterContextCustomizer@66c61024, org.springframework.boot.test.json.DuplicateJsonObjectContextCustomizerFactory$DuplicateJsonObjectContextCustomizer@35432107, org.springframework.boot.test.mock.mockito.MockitoContextCustomizer@8f4afa1e], contextLoader = 'org.springframework.test.context.support.DelegatingSmartContextLoader', parent = [null]]]
01:05:04.258 [Test worker] DEBUG org.springframework.test.context.cache - Spring test ApplicationContext cache statistics: [DefaultContextCache@64a9d48c size = 1, maxSize = 32, parentContextCount = 0, hitCount = 85, missCount = 1]
01:05:04.258 [Test worker] DEBUG org.springframework.test.context.cache.DefaultCacheAwareContextLoaderDelegate - Retrieved ApplicationContext [1651667865] from cache with key [[MergedContextConfiguration@40238dd0 testClass = BoardManagerTest, locations = '{}', classes = '{class org.waldreg.board.board.management.DefaultBoardManager, class org.waldreg.util.token.DecryptedTokenContext}', contextInitializerClasses = '[]', activeProfiles = '{}', propertySourceLocations = '{}', propertySourceProperties = '{}', contextCustomizers = set[org.springframework.boot.test.autoconfigure.actuate.metrics.MetricsExportContextCustomizerFactory$DisableMetricExportContextCustomizer@5c2375a9, org.springframework.boot.test.autoconfigure.properties.PropertyMappingContextCustomizer@0, org.springframework.boot.test.autoconfigure.web.servlet.WebDriverContextCustomizerFactory$Customizer@2fd953a6, org.springframework.boot.test.context.filter.ExcludeFilterContextCustomizer@66c61024, org.springframework.boot.test.json.DuplicateJsonObjectContextCustomizerFactory$DuplicateJsonObjectContextCustomizer@35432107, org.springframework.boot.test.mock.mockito.MockitoContextCustomizer@8f4afa1e], contextLoader = 'org.springframework.test.context.support.DelegatingSmartContextLoader', parent = [null]]]
01:05:04.258 [Test worker] DEBUG org.springframework.test.context.cache - Spring test ApplicationContext cache statistics: [DefaultContextCache@64a9d48c size = 1, maxSize = 32, parentContextCount = 0, hitCount = 86, missCount = 1]
01:05:04.259 [Test worker] DEBUG org.springframework.test.context.support.AbstractDirtiesContextTestExecutionListener - Before test method: context [DefaultTestContext@1afdd473 testClass = BoardManagerTest, testInstance = org.waldreg.board.board.BoardManagerTest@7c2b58c0, testMethod = INQUIRY_BOARD_BY_ID_TEST@BoardManagerTest, testException = [null], mergedContextConfiguration = [MergedContextConfiguration@40238dd0 testClass = BoardManagerTest, locations = '{}', classes = '{class org.waldreg.board.board.management.DefaultBoardManager, class org.waldreg.util.token.DecryptedTokenContext}', contextInitializerClasses = '[]', activeProfiles = '{}', propertySourceLocations = '{}', propertySourceProperties = '{}', contextCustomizers = set[org.springframework.boot.test.autoconfigure.actuate.metrics.MetricsExportContextCustomizerFactory$DisableMetricExportContextCustomizer@5c2375a9, org.springframework.boot.test.autoconfigure.properties.PropertyMappingContextCustomizer@0, org.springframework.boot.test.autoconfigure.web.servlet.WebDriverContextCustomizerFactory$Customizer@2fd953a6, org.springframework.boot.test.context.filter.ExcludeFilterContextCustomizer@66c61024, org.springframework.boot.test.json.DuplicateJsonObjectContextCustomizerFactory$DuplicateJsonObjectContextCustomizer@35432107, org.springframework.boot.test.mock.mockito.MockitoContextCustomizer@8f4afa1e], contextLoader = 'org.springframework.test.context.support.DelegatingSmartContextLoader', parent = [null]], attributes = map['org.springframework.test.context.event.ApplicationEventsTestExecutionListener.recordApplicationEvents' -> false]], class annotated with @DirtiesContext [false] with mode [null], method annotated with @DirtiesContext [false] with mode [null].
01:05:04.259 [Test worker] DEBUG org.springframework.test.context.cache.DefaultCacheAwareContextLoaderDelegate - Retrieved ApplicationContext [1651667865] from cache with key [[MergedContextConfiguration@40238dd0 testClass = BoardManagerTest, locations = '{}', classes = '{class org.waldreg.board.board.management.DefaultBoardManager, class org.waldreg.util.token.DecryptedTokenContext}', contextInitializerClasses = '[]', activeProfiles = '{}', propertySourceLocations = '{}', propertySourceProperties = '{}', contextCustomizers = set[org.springframework.boot.test.autoconfigure.actuate.metrics.MetricsExportContextCustomizerFactory$DisableMetricExportContextCustomizer@5c2375a9, org.springframework.boot.test.autoconfigure.properties.PropertyMappingContextCustomizer@0, org.springframework.boot.test.autoconfigure.web.servlet.WebDriverContextCustomizerFactory$Customizer@2fd953a6, org.springframework.boot.test.context.filter.ExcludeFilterContextCustomizer@66c61024, org.springframework.boot.test.json.DuplicateJsonObjectContextCustomizerFactory$DuplicateJsonObjectContextCustomizer@35432107, org.springframework.boot.test.mock.mockito.MockitoContextCustomizer@8f4afa1e], contextLoader = 'org.springframework.test.context.support.DelegatingSmartContextLoader', parent = [null]]]
01:05:04.259 [Test worker] DEBUG org.springframework.test.context.cache - Spring test ApplicationContext cache statistics: [DefaultContextCache@64a9d48c size = 1, maxSize = 32, parentContextCount = 0, hitCount = 87, missCount = 1]
01:05:04.270 [Test worker] DEBUG org.springframework.test.context.cache.DefaultCacheAwareContextLoaderDelegate - Retrieved ApplicationContext [1651667865] from cache with key [[MergedContextConfiguration@40238dd0 testClass = BoardManagerTest, locations = '{}', classes = '{class org.waldreg.board.board.management.DefaultBoardManager, class org.waldreg.util.token.DecryptedTokenContext}', contextInitializerClasses = '[]', activeProfiles = '{}', propertySourceLocations = '{}', propertySourceProperties = '{}', contextCustomizers = set[org.springframework.boot.test.autoconfigure.actuate.metrics.MetricsExportContextCustomizerFactory$DisableMetricExportContextCustomizer@5c2375a9, org.springframework.boot.test.autoconfigure.properties.PropertyMappingContextCustomizer@0, org.springframework.boot.test.autoconfigure.web.servlet.WebDriverContextCustomizerFactory$Customizer@2fd953a6, org.springframework.boot.test.context.filter.ExcludeFilterContextCustomizer@66c61024, org.springframework.boot.test.json.DuplicateJsonObjectContextCustomizerFactory$DuplicateJsonObjectContextCustomizer@35432107, org.springframework.boot.test.mock.mockito.MockitoContextCustomizer@8f4afa1e], contextLoader = 'org.springframework.test.context.support.DelegatingSmartContextLoader', parent = [null]]]
01:05:04.270 [Test worker] DEBUG org.springframework.test.context.cache - Spring test ApplicationContext cache statistics: [DefaultContextCache@64a9d48c size = 1, maxSize = 32, parentContextCount = 0, hitCount = 88, missCount = 1]
01:05:04.271 [Test worker] DEBUG org.springframework.test.context.cache.DefaultCacheAwareContextLoaderDelegate - Retrieved ApplicationContext [1651667865] from cache with key [[MergedContextConfiguration@40238dd0 testClass = BoardManagerTest, locations = '{}', classes = '{class org.waldreg.board.board.management.DefaultBoardManager, class org.waldreg.util.token.DecryptedTokenContext}', contextInitializerClasses = '[]', activeProfiles = '{}', propertySourceLocations = '{}', propertySourceProperties = '{}', contextCustomizers = set[org.springframework.boot.test.autoconfigure.actuate.metrics.MetricsExportContextCustomizerFactory$DisableMetricExportContextCustomizer@5c2375a9, org.springframework.boot.test.autoconfigure.properties.PropertyMappingContextCustomizer@0, org.springframework.boot.test.autoconfigure.web.servlet.WebDriverContextCustomizerFactory$Customizer@2fd953a6, org.springframework.boot.test.context.filter.ExcludeFilterContextCustomizer@66c61024, org.springframework.boot.test.json.DuplicateJsonObjectContextCustomizerFactory$DuplicateJsonObjectContextCustomizer@35432107, org.springframework.boot.test.mock.mockito.MockitoContextCustomizer@8f4afa1e], contextLoader = 'org.springframework.test.context.support.DelegatingSmartContextLoader', parent = [null]]]
01:05:04.271 [Test worker] DEBUG org.springframework.test.context.cache - Spring test ApplicationContext cache statistics: [DefaultContextCache@64a9d48c size = 1, maxSize = 32, parentContextCount = 0, hitCount = 89, missCount = 1]
01:05:04.272 [Test worker] DEBUG org.springframework.test.context.cache.DefaultCacheAwareContextLoaderDelegate - Retrieved ApplicationContext [1651667865] from cache with key [[MergedContextConfiguration@40238dd0 testClass = BoardManagerTest, locations = '{}', classes = '{class org.waldreg.board.board.management.DefaultBoardManager, class org.waldreg.util.token.DecryptedTokenContext}', contextInitializerClasses = '[]', activeProfiles = '{}', propertySourceLocations = '{}', propertySourceProperties = '{}', contextCustomizers = set[org.springframework.boot.test.autoconfigure.actuate.metrics.MetricsExportContextCustomizerFactory$DisableMetricExportContextCustomizer@5c2375a9, org.springframework.boot.test.autoconfigure.properties.PropertyMappingContextCustomizer@0, org.springframework.boot.test.autoconfigure.web.servlet.WebDriverContextCustomizerFactory$Customizer@2fd953a6, org.springframework.boot.test.context.filter.ExcludeFilterContextCustomizer@66c61024, org.springframework.boot.test.json.DuplicateJsonObjectContextCustomizerFactory$DuplicateJsonObjectContextCustomizer@35432107, org.springframework.boot.test.mock.mockito.MockitoContextCustomizer@8f4afa1e], contextLoader = 'org.springframework.test.context.support.DelegatingSmartContextLoader', parent = [null]]]
01:05:04.272 [Test worker] DEBUG org.springframework.test.context.cache - Spring test ApplicationContext cache statistics: [DefaultContextCache@64a9d48c size = 1, maxSize = 32, parentContextCount = 0, hitCount = 90, missCount = 1]
01:05:04.273 [Test worker] DEBUG org.springframework.test.context.cache.DefaultCacheAwareContextLoaderDelegate - Retrieved ApplicationContext [1651667865] from cache with key [[MergedContextConfiguration@40238dd0 testClass = BoardManagerTest, locations = '{}', classes = '{class org.waldreg.board.board.management.DefaultBoardManager, class org.waldreg.util.token.DecryptedTokenContext}', contextInitializerClasses = '[]', activeProfiles = '{}', propertySourceLocations = '{}', propertySourceProperties = '{}', contextCustomizers = set[org.springframework.boot.test.autoconfigure.actuate.metrics.MetricsExportContextCustomizerFactory$DisableMetricExportContextCustomizer@5c2375a9, org.springframework.boot.test.autoconfigure.properties.PropertyMappingContextCustomizer@0, org.springframework.boot.test.autoconfigure.web.servlet.WebDriverContextCustomizerFactory$Customizer@2fd953a6, org.springframework.boot.test.context.filter.ExcludeFilterContextCustomizer@66c61024, org.springframework.boot.test.json.DuplicateJsonObjectContextCustomizerFactory$DuplicateJsonObjectContextCustomizer@35432107, org.springframework.boot.test.mock.mockito.MockitoContextCustomizer@8f4afa1e], contextLoader = 'org.springframework.test.context.support.DelegatingSmartContextLoader', parent = [null]]]
01:05:04.273 [Test worker] DEBUG org.springframework.test.context.cache - Spring test ApplicationContext cache statistics: [DefaultContextCache@64a9d48c size = 1, maxSize = 32, parentContextCount = 0, hitCount = 91, missCount = 1]
01:05:04.285 [Test worker] DEBUG org.springframework.test.context.cache.DefaultCacheAwareContextLoaderDelegate - Retrieved ApplicationContext [1651667865] from cache with key [[MergedContextConfiguration@40238dd0 testClass = BoardManagerTest, locations = '{}', classes = '{class org.waldreg.board.board.management.DefaultBoardManager, class org.waldreg.util.token.DecryptedTokenContext}', contextInitializerClasses = '[]', activeProfiles = '{}', propertySourceLocations = '{}', propertySourceProperties = '{}', contextCustomizers = set[org.springframework.boot.test.autoconfigure.actuate.metrics.MetricsExportContextCustomizerFactory$DisableMetricExportContextCustomizer@5c2375a9, org.springframework.boot.test.autoconfigure.properties.PropertyMappingContextCustomizer@0, org.springframework.boot.test.autoconfigure.web.servlet.WebDriverContextCustomizerFactory$Customizer@2fd953a6, org.springframework.boot.test.context.filter.ExcludeFilterContextCustomizer@66c61024, org.springframework.boot.test.json.DuplicateJsonObjectContextCustomizerFactory$DuplicateJsonObjectContextCustomizer@35432107, org.springframework.boot.test.mock.mockito.MockitoContextCustomizer@8f4afa1e], contextLoader = 'org.springframework.test.context.support.DelegatingSmartContextLoader', parent = [null]]]
01:05:04.285 [Test worker] DEBUG org.springframework.test.context.cache - Spring test ApplicationContext cache statistics: [DefaultContextCache@64a9d48c size = 1, maxSize = 32, parentContextCount = 0, hitCount = 92, missCount = 1]
01:05:04.285 [Test worker] DEBUG org.springframework.test.context.cache.DefaultCacheAwareContextLoaderDelegate - Retrieved ApplicationContext [1651667865] from cache with key [[MergedContextConfiguration@40238dd0 testClass = BoardManagerTest, locations = '{}', classes = '{class org.waldreg.board.board.management.DefaultBoardManager, class org.waldreg.util.token.DecryptedTokenContext}', contextInitializerClasses = '[]', activeProfiles = '{}', propertySourceLocations = '{}', propertySourceProperties = '{}', contextCustomizers = set[org.springframework.boot.test.autoconfigure.actuate.metrics.MetricsExportContextCustomizerFactory$DisableMetricExportContextCustomizer@5c2375a9, org.springframework.boot.test.autoconfigure.properties.PropertyMappingContextCustomizer@0, org.springframework.boot.test.autoconfigure.web.servlet.WebDriverContextCustomizerFactory$Customizer@2fd953a6, org.springframework.boot.test.context.filter.ExcludeFilterContextCustomizer@66c61024, org.springframework.boot.test.json.DuplicateJsonObjectContextCustomizerFactory$DuplicateJsonObjectContextCustomizer@35432107, org.springframework.boot.test.mock.mockito.MockitoContextCustomizer@8f4afa1e], contextLoader = 'org.springframework.test.context.support.DelegatingSmartContextLoader', parent = [null]]]
01:05:04.286 [Test worker] DEBUG org.springframework.test.context.cache - Spring test ApplicationContext cache statistics: [DefaultContextCache@64a9d48c size = 1, maxSize = 32, parentContextCount = 0, hitCount = 93, missCount = 1]
01:05:04.286 [Test worker] DEBUG org.springframework.test.context.cache.DefaultCacheAwareContextLoaderDelegate - Retrieved ApplicationContext [1651667865] from cache with key [[MergedContextConfiguration@40238dd0 testClass = BoardManagerTest, locations = '{}', classes = '{class org.waldreg.board.board.management.DefaultBoardManager, class org.waldreg.util.token.DecryptedTokenContext}', contextInitializerClasses = '[]', activeProfiles = '{}', propertySourceLocations = '{}', propertySourceProperties = '{}', contextCustomizers = set[org.springframework.boot.test.autoconfigure.actuate.metrics.MetricsExportContextCustomizerFactory$DisableMetricExportContextCustomizer@5c2375a9, org.springframework.boot.test.autoconfigure.properties.PropertyMappingContextCustomizer@0, org.springframework.boot.test.autoconfigure.web.servlet.WebDriverContextCustomizerFactory$Customizer@2fd953a6, org.springframework.boot.test.context.filter.ExcludeFilterContextCustomizer@66c61024, org.springframework.boot.test.json.DuplicateJsonObjectContextCustomizerFactory$DuplicateJsonObjectContextCustomizer@35432107, org.springframework.boot.test.mock.mockito.MockitoContextCustomizer@8f4afa1e], contextLoader = 'org.springframework.test.context.support.DelegatingSmartContextLoader', parent = [null]]]
01:05:04.286 [Test worker] DEBUG org.springframework.test.context.cache - Spring test ApplicationContext cache statistics: [DefaultContextCache@64a9d48c size = 1, maxSize = 32, parentContextCount = 0, hitCount = 94, missCount = 1]
01:05:04.299 [Test worker] DEBUG org.springframework.test.context.cache.DefaultCacheAwareContextLoaderDelegate - Retrieved ApplicationContext [1651667865] from cache with key [[MergedContextConfiguration@40238dd0 testClass = BoardManagerTest, locations = '{}', classes = '{class org.waldreg.board.board.management.DefaultBoardManager, class org.waldreg.util.token.DecryptedTokenContext}', contextInitializerClasses = '[]', activeProfiles = '{}', propertySourceLocations = '{}', propertySourceProperties = '{}', contextCustomizers = set[org.springframework.boot.test.autoconfigure.actuate.metrics.MetricsExportContextCustomizerFactory$DisableMetricExportContextCustomizer@5c2375a9, org.springframework.boot.test.autoconfigure.properties.PropertyMappingContextCustomizer@0, org.springframework.boot.test.autoconfigure.web.servlet.WebDriverContextCustomizerFactory$Customizer@2fd953a6, org.springframework.boot.test.context.filter.ExcludeFilterContextCustomizer@66c61024, org.springframework.boot.test.json.DuplicateJsonObjectContextCustomizerFactory$DuplicateJsonObjectContextCustomizer@35432107, org.springframework.boot.test.mock.mockito.MockitoContextCustomizer@8f4afa1e], contextLoader = 'org.springframework.test.context.support.DelegatingSmartContextLoader', parent = [null]]]
01:05:04.299 [Test worker] DEBUG org.springframework.test.context.cache - Spring test ApplicationContext cache statistics: [DefaultContextCache@64a9d48c size = 1, maxSize = 32, parentContextCount = 0, hitCount = 95, missCount = 1]
01:05:04.299 [Test worker] DEBUG org.springframework.test.context.support.AbstractDirtiesContextTestExecutionListener - After test method: context [DefaultTestContext@1afdd473 testClass = BoardManagerTest, testInstance = org.waldreg.board.board.BoardManagerTest@7c2b58c0, testMethod = INQUIRY_BOARD_BY_ID_TEST@BoardManagerTest, testException = [null], mergedContextConfiguration = [MergedContextConfiguration@40238dd0 testClass = BoardManagerTest, locations = '{}', classes = '{class org.waldreg.board.board.management.DefaultBoardManager, class org.waldreg.util.token.DecryptedTokenContext}', contextInitializerClasses = '[]', activeProfiles = '{}', propertySourceLocations = '{}', propertySourceProperties = '{}', contextCustomizers = set[org.springframework.boot.test.autoconfigure.actuate.metrics.MetricsExportContextCustomizerFactory$DisableMetricExportContextCustomizer@5c2375a9, org.springframework.boot.test.autoconfigure.properties.PropertyMappingContextCustomizer@0, org.springframework.boot.test.autoconfigure.web.servlet.WebDriverContextCustomizerFactory$Customizer@2fd953a6, org.springframework.boot.test.context.filter.ExcludeFilterContextCustomizer@66c61024, org.springframework.boot.test.json.DuplicateJsonObjectContextCustomizerFactory$DuplicateJsonObjectContextCustomizer@35432107, org.springframework.boot.test.mock.mockito.MockitoContextCustomizer@8f4afa1e], contextLoader = 'org.springframework.test.context.support.DelegatingSmartContextLoader', parent = [null]], attributes = map['org.springframework.test.context.event.ApplicationEventsTestExecutionListener.recordApplicationEvents' -> false]], class annotated with @DirtiesContext [false] with mode [null], method annotated with @DirtiesContext [false] with mode [null].
01:05:04.300 [Test worker] DEBUG org.springframework.test.context.cache.DefaultCacheAwareContextLoaderDelegate - Retrieved ApplicationContext [1651667865] from cache with key [[MergedContextConfiguration@40238dd0 testClass = BoardManagerTest, locations = '{}', classes = '{class org.waldreg.board.board.management.DefaultBoardManager, class org.waldreg.util.token.DecryptedTokenContext}', contextInitializerClasses = '[]', activeProfiles = '{}', propertySourceLocations = '{}', propertySourceProperties = '{}', contextCustomizers = set[org.springframework.boot.test.autoconfigure.actuate.metrics.MetricsExportContextCustomizerFactory$DisableMetricExportContextCustomizer@5c2375a9, org.springframework.boot.test.autoconfigure.properties.PropertyMappingContextCustomizer@0, org.springframework.boot.test.autoconfigure.web.servlet.WebDriverContextCustomizerFactory$Customizer@2fd953a6, org.springframework.boot.test.context.filter.ExcludeFilterContextCustomizer@66c61024, org.springframework.boot.test.json.DuplicateJsonObjectContextCustomizerFactory$DuplicateJsonObjectContextCustomizer@35432107, org.springframework.boot.test.mock.mockito.MockitoContextCustomizer@8f4afa1e], contextLoader = 'org.springframework.test.context.support.DelegatingSmartContextLoader', parent = [null]]]
01:05:04.300 [Test worker] DEBUG org.springframework.test.context.cache - Spring test ApplicationContext cache statistics: [DefaultContextCache@64a9d48c size = 1, maxSize = 32, parentContextCount = 0, hitCount = 96, missCount = 1]
01:05:04.300 [Test worker] DEBUG org.springframework.test.context.support.DependencyInjectionTestExecutionListener - Performing dependency injection for test context [[DefaultTestContext@1afdd473 testClass = BoardManagerTest, testInstance = org.waldreg.board.board.BoardManagerTest@31d6f3fe, testMethod = [null], testException = [null], mergedContextConfiguration = [MergedContextConfiguration@40238dd0 testClass = BoardManagerTest, locations = '{}', classes = '{class org.waldreg.board.board.management.DefaultBoardManager, class org.waldreg.util.token.DecryptedTokenContext}', contextInitializerClasses = '[]', activeProfiles = '{}', propertySourceLocations = '{}', propertySourceProperties = '{}', contextCustomizers = set[org.springframework.boot.test.autoconfigure.actuate.metrics.MetricsExportContextCustomizerFactory$DisableMetricExportContextCustomizer@5c2375a9, org.springframework.boot.test.autoconfigure.properties.PropertyMappingContextCustomizer@0, org.springframework.boot.test.autoconfigure.web.servlet.WebDriverContextCustomizerFactory$Customizer@2fd953a6, org.springframework.boot.test.context.filter.ExcludeFilterContextCustomizer@66c61024, org.springframework.boot.test.json.DuplicateJsonObjectContextCustomizerFactory$DuplicateJsonObjectContextCustomizer@35432107, org.springframework.boot.test.mock.mockito.MockitoContextCustomizer@8f4afa1e], contextLoader = 'org.springframework.test.context.support.DelegatingSmartContextLoader', parent = [null]], attributes = map['org.springframework.test.context.event.ApplicationEventsTestExecutionListener.recordApplicationEvents' -> false]]].
01:05:04.300 [Test worker] DEBUG org.springframework.test.context.cache.DefaultCacheAwareContextLoaderDelegate - Retrieved ApplicationContext [1651667865] from cache with key [[MergedContextConfiguration@40238dd0 testClass = BoardManagerTest, locations = '{}', classes = '{class org.waldreg.board.board.management.DefaultBoardManager, class org.waldreg.util.token.DecryptedTokenContext}', contextInitializerClasses = '[]', activeProfiles = '{}', propertySourceLocations = '{}', propertySourceProperties = '{}', contextCustomizers = set[org.springframework.boot.test.autoconfigure.actuate.metrics.MetricsExportContextCustomizerFactory$DisableMetricExportContextCustomizer@5c2375a9, org.springframework.boot.test.autoconfigure.properties.PropertyMappingContextCustomizer@0, org.springframework.boot.test.autoconfigure.web.servlet.WebDriverContextCustomizerFactory$Customizer@2fd953a6, org.springframework.boot.test.context.filter.ExcludeFilterContextCustomizer@66c61024, org.springframework.boot.test.json.DuplicateJsonObjectContextCustomizerFactory$DuplicateJsonObjectContextCustomizer@35432107, org.springframework.boot.test.mock.mockito.MockitoContextCustomizer@8f4afa1e], contextLoader = 'org.springframework.test.context.support.DelegatingSmartContextLoader', parent = [null]]]
01:05:04.300 [Test worker] DEBUG org.springframework.test.context.cache - Spring test ApplicationContext cache statistics: [DefaultContextCache@64a9d48c size = 1, maxSize = 32, parentContextCount = 0, hitCount = 97, missCount = 1]
01:05:04.301 [Test worker] DEBUG org.springframework.test.context.cache.DefaultCacheAwareContextLoaderDelegate - Retrieved ApplicationContext [1651667865] from cache with key [[MergedContextConfiguration@40238dd0 testClass = BoardManagerTest, locations = '{}', classes = '{class org.waldreg.board.board.management.DefaultBoardManager, class org.waldreg.util.token.DecryptedTokenContext}', contextInitializerClasses = '[]', activeProfiles = '{}', propertySourceLocations = '{}', propertySourceProperties = '{}', contextCustomizers = set[org.springframework.boot.test.autoconfigure.actuate.metrics.MetricsExportContextCustomizerFactory$DisableMetricExportContextCustomizer@5c2375a9, org.springframework.boot.test.autoconfigure.properties.PropertyMappingContextCustomizer@0, org.springframework.boot.test.autoconfigure.web.servlet.WebDriverContextCustomizerFactory$Customizer@2fd953a6, org.springframework.boot.test.context.filter.ExcludeFilterContextCustomizer@66c61024, org.springframework.boot.test.json.DuplicateJsonObjectContextCustomizerFactory$DuplicateJsonObjectContextCustomizer@35432107, org.springframework.boot.test.mock.mockito.MockitoContextCustomizer@8f4afa1e], contextLoader = 'org.springframework.test.context.support.DelegatingSmartContextLoader', parent = [null]]]
01:05:04.301 [Test worker] DEBUG org.springframework.test.context.cache - Spring test ApplicationContext cache statistics: [DefaultContextCache@64a9d48c size = 1, maxSize = 32, parentContextCount = 0, hitCount = 98, missCount = 1]
01:05:04.302 [Test worker] DEBUG org.springframework.test.context.support.AbstractDirtiesContextTestExecutionListener - Before test method: context [DefaultTestContext@1afdd473 testClass = BoardManagerTest, testInstance = org.waldreg.board.board.BoardManagerTest@31d6f3fe, testMethod = SEARCH_BOARD_BY_TITLE_INVALID_RANGE_TEST@BoardManagerTest, testException = [null], mergedContextConfiguration = [MergedContextConfiguration@40238dd0 testClass = BoardManagerTest, locations = '{}', classes = '{class org.waldreg.board.board.management.DefaultBoardManager, class org.waldreg.util.token.DecryptedTokenContext}', contextInitializerClasses = '[]', activeProfiles = '{}', propertySourceLocations = '{}', propertySourceProperties = '{}', contextCustomizers = set[org.springframework.boot.test.autoconfigure.actuate.metrics.MetricsExportContextCustomizerFactory$DisableMetricExportContextCustomizer@5c2375a9, org.springframework.boot.test.autoconfigure.properties.PropertyMappingContextCustomizer@0, org.springframework.boot.test.autoconfigure.web.servlet.WebDriverContextCustomizerFactory$Customizer@2fd953a6, org.springframework.boot.test.context.filter.ExcludeFilterContextCustomizer@66c61024, org.springframework.boot.test.json.DuplicateJsonObjectContextCustomizerFactory$DuplicateJsonObjectContextCustomizer@35432107, org.springframework.boot.test.mock.mockito.MockitoContextCustomizer@8f4afa1e], contextLoader = 'org.springframework.test.context.support.DelegatingSmartContextLoader', parent = [null]], attributes = map['org.springframework.test.context.event.ApplicationEventsTestExecutionListener.recordApplicationEvents' -> false]], class annotated with @DirtiesContext [false] with mode [null], method annotated with @DirtiesContext [false] with mode [null].
01:05:04.302 [Test worker] DEBUG org.springframework.test.context.cache.DefaultCacheAwareContextLoaderDelegate - Retrieved ApplicationContext [1651667865] from cache with key [[MergedContextConfiguration@40238dd0 testClass = BoardManagerTest, locations = '{}', classes = '{class org.waldreg.board.board.management.DefaultBoardManager, class org.waldreg.util.token.DecryptedTokenContext}', contextInitializerClasses = '[]', activeProfiles = '{}', propertySourceLocations = '{}', propertySourceProperties = '{}', contextCustomizers = set[org.springframework.boot.test.autoconfigure.actuate.metrics.MetricsExportContextCustomizerFactory$DisableMetricExportContextCustomizer@5c2375a9, org.springframework.boot.test.autoconfigure.properties.PropertyMappingContextCustomizer@0, org.springframework.boot.test.autoconfigure.web.servlet.WebDriverContextCustomizerFactory$Customizer@2fd953a6, org.springframework.boot.test.context.filter.ExcludeFilterContextCustomizer@66c61024, org.springframework.boot.test.json.DuplicateJsonObjectContextCustomizerFactory$DuplicateJsonObjectContextCustomizer@35432107, org.springframework.boot.test.mock.mockito.MockitoContextCustomizer@8f4afa1e], contextLoader = 'org.springframework.test.context.support.DelegatingSmartContextLoader', parent = [null]]]
01:05:04.302 [Test worker] DEBUG org.springframework.test.context.cache - Spring test ApplicationContext cache statistics: [DefaultContextCache@64a9d48c size = 1, maxSize = 32, parentContextCount = 0, hitCount = 99, missCount = 1]
01:05:04.313 [Test worker] DEBUG org.springframework.test.context.cache.DefaultCacheAwareContextLoaderDelegate - Retrieved ApplicationContext [1651667865] from cache with key [[MergedContextConfiguration@40238dd0 testClass = BoardManagerTest, locations = '{}', classes = '{class org.waldreg.board.board.management.DefaultBoardManager, class org.waldreg.util.token.DecryptedTokenContext}', contextInitializerClasses = '[]', activeProfiles = '{}', propertySourceLocations = '{}', propertySourceProperties = '{}', contextCustomizers = set[org.springframework.boot.test.autoconfigure.actuate.metrics.MetricsExportContextCustomizerFactory$DisableMetricExportContextCustomizer@5c2375a9, org.springframework.boot.test.autoconfigure.properties.PropertyMappingContextCustomizer@0, org.springframework.boot.test.autoconfigure.web.servlet.WebDriverContextCustomizerFactory$Customizer@2fd953a6, org.springframework.boot.test.context.filter.ExcludeFilterContextCustomizer@66c61024, org.springframework.boot.test.json.DuplicateJsonObjectContextCustomizerFactory$DuplicateJsonObjectContextCustomizer@35432107, org.springframework.boot.test.mock.mockito.MockitoContextCustomizer@8f4afa1e], contextLoader = 'org.springframework.test.context.support.DelegatingSmartContextLoader', parent = [null]]]
01:05:04.314 [Test worker] DEBUG org.springframework.test.context.cache - Spring test ApplicationContext cache statistics: [DefaultContextCache@64a9d48c size = 1, maxSize = 32, parentContextCount = 0, hitCount = 100, missCount = 1]
01:05:04.314 [Test worker] DEBUG org.springframework.test.context.cache.DefaultCacheAwareContextLoaderDelegate - Retrieved ApplicationContext [1651667865] from cache with key [[MergedContextConfiguration@40238dd0 testClass = BoardManagerTest, locations = '{}', classes = '{class org.waldreg.board.board.management.DefaultBoardManager, class org.waldreg.util.token.DecryptedTokenContext}', contextInitializerClasses = '[]', activeProfiles = '{}', propertySourceLocations = '{}', propertySourceProperties = '{}', contextCustomizers = set[org.springframework.boot.test.autoconfigure.actuate.metrics.MetricsExportContextCustomizerFactory$DisableMetricExportContextCustomizer@5c2375a9, org.springframework.boot.test.autoconfigure.properties.PropertyMappingContextCustomizer@0, org.springframework.boot.test.autoconfigure.web.servlet.WebDriverContextCustomizerFactory$Customizer@2fd953a6, org.springframework.boot.test.context.filter.ExcludeFilterContextCustomizer@66c61024, org.springframework.boot.test.json.DuplicateJsonObjectContextCustomizerFactory$DuplicateJsonObjectContextCustomizer@35432107, org.springframework.boot.test.mock.mockito.MockitoContextCustomizer@8f4afa1e], contextLoader = 'org.springframework.test.context.support.DelegatingSmartContextLoader', parent = [null]]]
01:05:04.314 [Test worker] DEBUG org.springframework.test.context.cache - Spring test ApplicationContext cache statistics: [DefaultContextCache@64a9d48c size = 1, maxSize = 32, parentContextCount = 0, hitCount = 101, missCount = 1]
01:05:04.315 [Test worker] DEBUG org.springframework.test.context.cache.DefaultCacheAwareContextLoaderDelegate - Retrieved ApplicationContext [1651667865] from cache with key [[MergedContextConfiguration@40238dd0 testClass = BoardManagerTest, locations = '{}', classes = '{class org.waldreg.board.board.management.DefaultBoardManager, class org.waldreg.util.token.DecryptedTokenContext}', contextInitializerClasses = '[]', activeProfiles = '{}', propertySourceLocations = '{}', propertySourceProperties = '{}', contextCustomizers = set[org.springframework.boot.test.autoconfigure.actuate.metrics.MetricsExportContextCustomizerFactory$DisableMetricExportContextCustomizer@5c2375a9, org.springframework.boot.test.autoconfigure.properties.PropertyMappingContextCustomizer@0, org.springframework.boot.test.autoconfigure.web.servlet.WebDriverContextCustomizerFactory$Customizer@2fd953a6, org.springframework.boot.test.context.filter.ExcludeFilterContextCustomizer@66c61024, org.springframework.boot.test.json.DuplicateJsonObjectContextCustomizerFactory$DuplicateJsonObjectContextCustomizer@35432107, org.springframework.boot.test.mock.mockito.MockitoContextCustomizer@8f4afa1e], contextLoader = 'org.springframework.test.context.support.DelegatingSmartContextLoader', parent = [null]]]
01:05:04.315 [Test worker] DEBUG org.springframework.test.context.cache - Spring test ApplicationContext cache statistics: [DefaultContextCache@64a9d48c size = 1, maxSize = 32, parentContextCount = 0, hitCount = 102, missCount = 1]
01:05:04.315 [Test worker] DEBUG org.springframework.test.context.cache.DefaultCacheAwareContextLoaderDelegate - Retrieved ApplicationContext [1651667865] from cache with key [[MergedContextConfiguration@40238dd0 testClass = BoardManagerTest, locations = '{}', classes = '{class org.waldreg.board.board.management.DefaultBoardManager, class org.waldreg.util.token.DecryptedTokenContext}', contextInitializerClasses = '[]', activeProfiles = '{}', propertySourceLocations = '{}', propertySourceProperties = '{}', contextCustomizers = set[org.springframework.boot.test.autoconfigure.actuate.metrics.MetricsExportContextCustomizerFactory$DisableMetricExportContextCustomizer@5c2375a9, org.springframework.boot.test.autoconfigure.properties.PropertyMappingContextCustomizer@0, org.springframework.boot.test.autoconfigure.web.servlet.WebDriverContextCustomizerFactory$Customizer@2fd953a6, org.springframework.boot.test.context.filter.ExcludeFilterContextCustomizer@66c61024, org.springframework.boot.test.json.DuplicateJsonObjectContextCustomizerFactory$DuplicateJsonObjectContextCustomizer@35432107, org.springframework.boot.test.mock.mockito.MockitoContextCustomizer@8f4afa1e], contextLoader = 'org.springframework.test.context.support.DelegatingSmartContextLoader', parent = [null]]]
01:05:04.315 [Test worker] DEBUG org.springframework.test.context.cache - Spring test ApplicationContext cache statistics: [DefaultContextCache@64a9d48c size = 1, maxSize = 32, parentContextCount = 0, hitCount = 103, missCount = 1]
01:05:04.328 [Test worker] DEBUG org.springframework.test.context.cache.DefaultCacheAwareContextLoaderDelegate - Retrieved ApplicationContext [1651667865] from cache with key [[MergedContextConfiguration@40238dd0 testClass = BoardManagerTest, locations = '{}', classes = '{class org.waldreg.board.board.management.DefaultBoardManager, class org.waldreg.util.token.DecryptedTokenContext}', contextInitializerClasses = '[]', activeProfiles = '{}', propertySourceLocations = '{}', propertySourceProperties = '{}', contextCustomizers = set[org.springframework.boot.test.autoconfigure.actuate.metrics.MetricsExportContextCustomizerFactory$DisableMetricExportContextCustomizer@5c2375a9, org.springframework.boot.test.autoconfigure.properties.PropertyMappingContextCustomizer@0, org.springframework.boot.test.autoconfigure.web.servlet.WebDriverContextCustomizerFactory$Customizer@2fd953a6, org.springframework.boot.test.context.filter.ExcludeFilterContextCustomizer@66c61024, org.springframework.boot.test.json.DuplicateJsonObjectContextCustomizerFactory$DuplicateJsonObjectContextCustomizer@35432107, org.springframework.boot.test.mock.mockito.MockitoContextCustomizer@8f4afa1e], contextLoader = 'org.springframework.test.context.support.DelegatingSmartContextLoader', parent = [null]]]
01:05:04.328 [Test worker] DEBUG org.springframework.test.context.cache - Spring test ApplicationContext cache statistics: [DefaultContextCache@64a9d48c size = 1, maxSize = 32, parentContextCount = 0, hitCount = 104, missCount = 1]
01:05:04.328 [Test worker] DEBUG org.springframework.test.context.cache.DefaultCacheAwareContextLoaderDelegate - Retrieved ApplicationContext [1651667865] from cache with key [[MergedContextConfiguration@40238dd0 testClass = BoardManagerTest, locations = '{}', classes = '{class org.waldreg.board.board.management.DefaultBoardManager, class org.waldreg.util.token.DecryptedTokenContext}', contextInitializerClasses = '[]', activeProfiles = '{}', propertySourceLocations = '{}', propertySourceProperties = '{}', contextCustomizers = set[org.springframework.boot.test.autoconfigure.actuate.metrics.MetricsExportContextCustomizerFactory$DisableMetricExportContextCustomizer@5c2375a9, org.springframework.boot.test.autoconfigure.properties.PropertyMappingContextCustomizer@0, org.springframework.boot.test.autoconfigure.web.servlet.WebDriverContextCustomizerFactory$Customizer@2fd953a6, org.springframework.boot.test.context.filter.ExcludeFilterContextCustomizer@66c61024, org.springframework.boot.test.json.DuplicateJsonObjectContextCustomizerFactory$DuplicateJsonObjectContextCustomizer@35432107, org.springframework.boot.test.mock.mockito.MockitoContextCustomizer@8f4afa1e], contextLoader = 'org.springframework.test.context.support.DelegatingSmartContextLoader', parent = [null]]]
01:05:04.329 [Test worker] DEBUG org.springframework.test.context.cache - Spring test ApplicationContext cache statistics: [DefaultContextCache@64a9d48c size = 1, maxSize = 32, parentContextCount = 0, hitCount = 105, missCount = 1]
01:05:04.329 [Test worker] DEBUG org.springframework.test.context.cache.DefaultCacheAwareContextLoaderDelegate - Retrieved ApplicationContext [1651667865] from cache with key [[MergedContextConfiguration@40238dd0 testClass = BoardManagerTest, locations = '{}', classes = '{class org.waldreg.board.board.management.DefaultBoardManager, class org.waldreg.util.token.DecryptedTokenContext}', contextInitializerClasses = '[]', activeProfiles = '{}', propertySourceLocations = '{}', propertySourceProperties = '{}', contextCustomizers = set[org.springframework.boot.test.autoconfigure.actuate.metrics.MetricsExportContextCustomizerFactory$DisableMetricExportContextCustomizer@5c2375a9, org.springframework.boot.test.autoconfigure.properties.PropertyMappingContextCustomizer@0, org.springframework.boot.test.autoconfigure.web.servlet.WebDriverContextCustomizerFactory$Customizer@2fd953a6, org.springframework.boot.test.context.filter.ExcludeFilterContextCustomizer@66c61024, org.springframework.boot.test.json.DuplicateJsonObjectContextCustomizerFactory$DuplicateJsonObjectContextCustomizer@35432107, org.springframework.boot.test.mock.mockito.MockitoContextCustomizer@8f4afa1e], contextLoader = 'org.springframework.test.context.support.DelegatingSmartContextLoader', parent = [null]]]
01:05:04.329 [Test worker] DEBUG org.springframework.test.context.cache - Spring test ApplicationContext cache statistics: [DefaultContextCache@64a9d48c size = 1, maxSize = 32, parentContextCount = 0, hitCount = 106, missCount = 1]
01:05:04.342 [Test worker] DEBUG org.springframework.test.context.cache.DefaultCacheAwareContextLoaderDelegate - Retrieved ApplicationContext [1651667865] from cache with key [[MergedContextConfiguration@40238dd0 testClass = BoardManagerTest, locations = '{}', classes = '{class org.waldreg.board.board.management.DefaultBoardManager, class org.waldreg.util.token.DecryptedTokenContext}', contextInitializerClasses = '[]', activeProfiles = '{}', propertySourceLocations = '{}', propertySourceProperties = '{}', contextCustomizers = set[org.springframework.boot.test.autoconfigure.actuate.metrics.MetricsExportContextCustomizerFactory$DisableMetricExportContextCustomizer@5c2375a9, org.springframework.boot.test.autoconfigure.properties.PropertyMappingContextCustomizer@0, org.springframework.boot.test.autoconfigure.web.servlet.WebDriverContextCustomizerFactory$Customizer@2fd953a6, org.springframework.boot.test.context.filter.ExcludeFilterContextCustomizer@66c61024, org.springframework.boot.test.json.DuplicateJsonObjectContextCustomizerFactory$DuplicateJsonObjectContextCustomizer@35432107, org.springframework.boot.test.mock.mockito.MockitoContextCustomizer@8f4afa1e], contextLoader = 'org.springframework.test.context.support.DelegatingSmartContextLoader', parent = [null]]]
01:05:04.342 [Test worker] DEBUG org.springframework.test.context.cache - Spring test ApplicationContext cache statistics: [DefaultContextCache@64a9d48c size = 1, maxSize = 32, parentContextCount = 0, hitCount = 107, missCount = 1]
01:05:04.343 [Test worker] DEBUG org.springframework.test.context.support.AbstractDirtiesContextTestExecutionListener - After test method: context [DefaultTestContext@1afdd473 testClass = BoardManagerTest, testInstance = org.waldreg.board.board.BoardManagerTest@31d6f3fe, testMethod = SEARCH_BOARD_BY_TITLE_INVALID_RANGE_TEST@BoardManagerTest, testException = [null], mergedContextConfiguration = [MergedContextConfiguration@40238dd0 testClass = BoardManagerTest, locations = '{}', classes = '{class org.waldreg.board.board.management.DefaultBoardManager, class org.waldreg.util.token.DecryptedTokenContext}', contextInitializerClasses = '[]', activeProfiles = '{}', propertySourceLocations = '{}', propertySourceProperties = '{}', contextCustomizers = set[org.springframework.boot.test.autoconfigure.actuate.metrics.MetricsExportContextCustomizerFactory$DisableMetricExportContextCustomizer@5c2375a9, org.springframework.boot.test.autoconfigure.properties.PropertyMappingContextCustomizer@0, org.springframework.boot.test.autoconfigure.web.servlet.WebDriverContextCustomizerFactory$Customizer@2fd953a6, org.springframework.boot.test.context.filter.ExcludeFilterContextCustomizer@66c61024, org.springframework.boot.test.json.DuplicateJsonObjectContextCustomizerFactory$DuplicateJsonObjectContextCustomizer@35432107, org.springframework.boot.test.mock.mockito.MockitoContextCustomizer@8f4afa1e], contextLoader = 'org.springframework.test.context.support.DelegatingSmartContextLoader', parent = [null]], attributes = map['org.springframework.test.context.event.ApplicationEventsTestExecutionListener.recordApplicationEvents' -> false]], class annotated with @DirtiesContext [false] with mode [null], method annotated with @DirtiesContext [false] with mode [null].
01:05:04.344 [Test worker] DEBUG org.springframework.test.context.cache.DefaultCacheAwareContextLoaderDelegate - Retrieved ApplicationContext [1651667865] from cache with key [[MergedContextConfiguration@40238dd0 testClass = BoardManagerTest, locations = '{}', classes = '{class org.waldreg.board.board.management.DefaultBoardManager, class org.waldreg.util.token.DecryptedTokenContext}', contextInitializerClasses = '[]', activeProfiles = '{}', propertySourceLocations = '{}', propertySourceProperties = '{}', contextCustomizers = set[org.springframework.boot.test.autoconfigure.actuate.metrics.MetricsExportContextCustomizerFactory$DisableMetricExportContextCustomizer@5c2375a9, org.springframework.boot.test.autoconfigure.properties.PropertyMappingContextCustomizer@0, org.springframework.boot.test.autoconfigure.web.servlet.WebDriverContextCustomizerFactory$Customizer@2fd953a6, org.springframework.boot.test.context.filter.ExcludeFilterContextCustomizer@66c61024, org.springframework.boot.test.json.DuplicateJsonObjectContextCustomizerFactory$DuplicateJsonObjectContextCustomizer@35432107, org.springframework.boot.test.mock.mockito.MockitoContextCustomizer@8f4afa1e], contextLoader = 'org.springframework.test.context.support.DelegatingSmartContextLoader', parent = [null]]]
01:05:04.344 [Test worker] DEBUG org.springframework.test.context.cache - Spring test ApplicationContext cache statistics: [DefaultContextCache@64a9d48c size = 1, maxSize = 32, parentContextCount = 0, hitCount = 108, missCount = 1]
01:05:04.344 [Test worker] DEBUG org.springframework.test.context.support.DependencyInjectionTestExecutionListener - Performing dependency injection for test context [[DefaultTestContext@1afdd473 testClass = BoardManagerTest, testInstance = org.waldreg.board.board.BoardManagerTest@204e90f7, testMethod = [null], testException = [null], mergedContextConfiguration = [MergedContextConfiguration@40238dd0 testClass = BoardManagerTest, locations = '{}', classes = '{class org.waldreg.board.board.management.DefaultBoardManager, class org.waldreg.util.token.DecryptedTokenContext}', contextInitializerClasses = '[]', activeProfiles = '{}', propertySourceLocations = '{}', propertySourceProperties = '{}', contextCustomizers = set[org.springframework.boot.test.autoconfigure.actuate.metrics.MetricsExportContextCustomizerFactory$DisableMetricExportContextCustomizer@5c2375a9, org.springframework.boot.test.autoconfigure.properties.PropertyMappingContextCustomizer@0, org.springframework.boot.test.autoconfigure.web.servlet.WebDriverContextCustomizerFactory$Customizer@2fd953a6, org.springframework.boot.test.context.filter.ExcludeFilterContextCustomizer@66c61024, org.springframework.boot.test.json.DuplicateJsonObjectContextCustomizerFactory$DuplicateJsonObjectContextCustomizer@35432107, org.springframework.boot.test.mock.mockito.MockitoContextCustomizer@8f4afa1e], contextLoader = 'org.springframework.test.context.support.DelegatingSmartContextLoader', parent = [null]], attributes = map['org.springframework.test.context.event.ApplicationEventsTestExecutionListener.recordApplicationEvents' -> false]]].
01:05:04.344 [Test worker] DEBUG org.springframework.test.context.cache.DefaultCacheAwareContextLoaderDelegate - Retrieved ApplicationContext [1651667865] from cache with key [[MergedContextConfiguration@40238dd0 testClass = BoardManagerTest, locations = '{}', classes = '{class org.waldreg.board.board.management.DefaultBoardManager, class org.waldreg.util.token.DecryptedTokenContext}', contextInitializerClasses = '[]', activeProfiles = '{}', propertySourceLocations = '{}', propertySourceProperties = '{}', contextCustomizers = set[org.springframework.boot.test.autoconfigure.actuate.metrics.MetricsExportContextCustomizerFactory$DisableMetricExportContextCustomizer@5c2375a9, org.springframework.boot.test.autoconfigure.properties.PropertyMappingContextCustomizer@0, org.springframework.boot.test.autoconfigure.web.servlet.WebDriverContextCustomizerFactory$Customizer@2fd953a6, org.springframework.boot.test.context.filter.ExcludeFilterContextCustomizer@66c61024, org.springframework.boot.test.json.DuplicateJsonObjectContextCustomizerFactory$DuplicateJsonObjectContextCustomizer@35432107, org.springframework.boot.test.mock.mockito.MockitoContextCustomizer@8f4afa1e], contextLoader = 'org.springframework.test.context.support.DelegatingSmartContextLoader', parent = [null]]]
01:05:04.344 [Test worker] DEBUG org.springframework.test.context.cache - Spring test ApplicationContext cache statistics: [DefaultContextCache@64a9d48c size = 1, maxSize = 32, parentContextCount = 0, hitCount = 109, missCount = 1]
01:05:04.344 [Test worker] DEBUG org.springframework.test.context.cache.DefaultCacheAwareContextLoaderDelegate - Retrieved ApplicationContext [1651667865] from cache with key [[MergedContextConfiguration@40238dd0 testClass = BoardManagerTest, locations = '{}', classes = '{class org.waldreg.board.board.management.DefaultBoardManager, class org.waldreg.util.token.DecryptedTokenContext}', contextInitializerClasses = '[]', activeProfiles = '{}', propertySourceLocations = '{}', propertySourceProperties = '{}', contextCustomizers = set[org.springframework.boot.test.autoconfigure.actuate.metrics.MetricsExportContextCustomizerFactory$DisableMetricExportContextCustomizer@5c2375a9, org.springframework.boot.test.autoconfigure.properties.PropertyMappingContextCustomizer@0, org.springframework.boot.test.autoconfigure.web.servlet.WebDriverContextCustomizerFactory$Customizer@2fd953a6, org.springframework.boot.test.context.filter.ExcludeFilterContextCustomizer@66c61024, org.springframework.boot.test.json.DuplicateJsonObjectContextCustomizerFactory$DuplicateJsonObjectContextCustomizer@35432107, org.springframework.boot.test.mock.mockito.MockitoContextCustomizer@8f4afa1e], contextLoader = 'org.springframework.test.context.support.DelegatingSmartContextLoader', parent = [null]]]
01:05:04.344 [Test worker] DEBUG org.springframework.test.context.cache - Spring test ApplicationContext cache statistics: [DefaultContextCache@64a9d48c size = 1, maxSize = 32, parentContextCount = 0, hitCount = 110, missCount = 1]
01:05:04.345 [Test worker] DEBUG org.springframework.test.context.support.AbstractDirtiesContextTestExecutionListener - Before test method: context [DefaultTestContext@1afdd473 testClass = BoardManagerTest, testInstance = org.waldreg.board.board.BoardManagerTest@204e90f7, testMethod = SEARCH_BOARD_BY_CONTENT_TEST@BoardManagerTest, testException = [null], mergedContextConfiguration = [MergedContextConfiguration@40238dd0 testClass = BoardManagerTest, locations = '{}', classes = '{class org.waldreg.board.board.management.DefaultBoardManager, class org.waldreg.util.token.DecryptedTokenContext}', contextInitializerClasses = '[]', activeProfiles = '{}', propertySourceLocations = '{}', propertySourceProperties = '{}', contextCustomizers = set[org.springframework.boot.test.autoconfigure.actuate.metrics.MetricsExportContextCustomizerFactory$DisableMetricExportContextCustomizer@5c2375a9, org.springframework.boot.test.autoconfigure.properties.PropertyMappingContextCustomizer@0, org.springframework.boot.test.autoconfigure.web.servlet.WebDriverContextCustomizerFactory$Customizer@2fd953a6, org.springframework.boot.test.context.filter.ExcludeFilterContextCustomizer@66c61024, org.springframework.boot.test.json.DuplicateJsonObjectContextCustomizerFactory$DuplicateJsonObjectContextCustomizer@35432107, org.springframework.boot.test.mock.mockito.MockitoContextCustomizer@8f4afa1e], contextLoader = 'org.springframework.test.context.support.DelegatingSmartContextLoader', parent = [null]], attributes = map['org.springframework.test.context.event.ApplicationEventsTestExecutionListener.recordApplicationEvents' -> false]], class annotated with @DirtiesContext [false] with mode [null], method annotated with @DirtiesContext [false] with mode [null].
01:05:04.345 [Test worker] DEBUG org.springframework.test.context.cache.DefaultCacheAwareContextLoaderDelegate - Retrieved ApplicationContext [1651667865] from cache with key [[MergedContextConfiguration@40238dd0 testClass = BoardManagerTest, locations = '{}', classes = '{class org.waldreg.board.board.management.DefaultBoardManager, class org.waldreg.util.token.DecryptedTokenContext}', contextInitializerClasses = '[]', activeProfiles = '{}', propertySourceLocations = '{}', propertySourceProperties = '{}', contextCustomizers = set[org.springframework.boot.test.autoconfigure.actuate.metrics.MetricsExportContextCustomizerFactory$DisableMetricExportContextCustomizer@5c2375a9, org.springframework.boot.test.autoconfigure.properties.PropertyMappingContextCustomizer@0, org.springframework.boot.test.autoconfigure.web.servlet.WebDriverContextCustomizerFactory$Customizer@2fd953a6, org.springframework.boot.test.context.filter.ExcludeFilterContextCustomizer@66c61024, org.springframework.boot.test.json.DuplicateJsonObjectContextCustomizerFactory$DuplicateJsonObjectContextCustomizer@35432107, org.springframework.boot.test.mock.mockito.MockitoContextCustomizer@8f4afa1e], contextLoader = 'org.springframework.test.context.support.DelegatingSmartContextLoader', parent = [null]]]
01:05:04.345 [Test worker] DEBUG org.springframework.test.context.cache - Spring test ApplicationContext cache statistics: [DefaultContextCache@64a9d48c size = 1, maxSize = 32, parentContextCount = 0, hitCount = 111, missCount = 1]
01:05:04.357 [Test worker] DEBUG org.springframework.test.context.cache.DefaultCacheAwareContextLoaderDelegate - Retrieved ApplicationContext [1651667865] from cache with key [[MergedContextConfiguration@40238dd0 testClass = BoardManagerTest, locations = '{}', classes = '{class org.waldreg.board.board.management.DefaultBoardManager, class org.waldreg.util.token.DecryptedTokenContext}', contextInitializerClasses = '[]', activeProfiles = '{}', propertySourceLocations = '{}', propertySourceProperties = '{}', contextCustomizers = set[org.springframework.boot.test.autoconfigure.actuate.metrics.MetricsExportContextCustomizerFactory$DisableMetricExportContextCustomizer@5c2375a9, org.springframework.boot.test.autoconfigure.properties.PropertyMappingContextCustomizer@0, org.springframework.boot.test.autoconfigure.web.servlet.WebDriverContextCustomizerFactory$Customizer@2fd953a6, org.springframework.boot.test.context.filter.ExcludeFilterContextCustomizer@66c61024, org.springframework.boot.test.json.DuplicateJsonObjectContextCustomizerFactory$DuplicateJsonObjectContextCustomizer@35432107, org.springframework.boot.test.mock.mockito.MockitoContextCustomizer@8f4afa1e], contextLoader = 'org.springframework.test.context.support.DelegatingSmartContextLoader', parent = [null]]]
01:05:04.357 [Test worker] DEBUG org.springframework.test.context.cache - Spring test ApplicationContext cache statistics: [DefaultContextCache@64a9d48c size = 1, maxSize = 32, parentContextCount = 0, hitCount = 112, missCount = 1]
01:05:04.357 [Test worker] DEBUG org.springframework.test.context.cache.DefaultCacheAwareContextLoaderDelegate - Retrieved ApplicationContext [1651667865] from cache with key [[MergedContextConfiguration@40238dd0 testClass = BoardManagerTest, locations = '{}', classes = '{class org.waldreg.board.board.management.DefaultBoardManager, class org.waldreg.util.token.DecryptedTokenContext}', contextInitializerClasses = '[]', activeProfiles = '{}', propertySourceLocations = '{}', propertySourceProperties = '{}', contextCustomizers = set[org.springframework.boot.test.autoconfigure.actuate.metrics.MetricsExportContextCustomizerFactory$DisableMetricExportContextCustomizer@5c2375a9, org.springframework.boot.test.autoconfigure.properties.PropertyMappingContextCustomizer@0, org.springframework.boot.test.autoconfigure.web.servlet.WebDriverContextCustomizerFactory$Customizer@2fd953a6, org.springframework.boot.test.context.filter.ExcludeFilterContextCustomizer@66c61024, org.springframework.boot.test.json.DuplicateJsonObjectContextCustomizerFactory$DuplicateJsonObjectContextCustomizer@35432107, org.springframework.boot.test.mock.mockito.MockitoContextCustomizer@8f4afa1e], contextLoader = 'org.springframework.test.context.support.DelegatingSmartContextLoader', parent = [null]]]
01:05:04.357 [Test worker] DEBUG org.springframework.test.context.cache - Spring test ApplicationContext cache statistics: [DefaultContextCache@64a9d48c size = 1, maxSize = 32, parentContextCount = 0, hitCount = 113, missCount = 1]
01:05:04.359 [Test worker] DEBUG org.springframework.test.context.cache.DefaultCacheAwareContextLoaderDelegate - Retrieved ApplicationContext [1651667865] from cache with key [[MergedContextConfiguration@40238dd0 testClass = BoardManagerTest, locations = '{}', classes = '{class org.waldreg.board.board.management.DefaultBoardManager, class org.waldreg.util.token.DecryptedTokenContext}', contextInitializerClasses = '[]', activeProfiles = '{}', propertySourceLocations = '{}', propertySourceProperties = '{}', contextCustomizers = set[org.springframework.boot.test.autoconfigure.actuate.metrics.MetricsExportContextCustomizerFactory$DisableMetricExportContextCustomizer@5c2375a9, org.springframework.boot.test.autoconfigure.properties.PropertyMappingContextCustomizer@0, org.springframework.boot.test.autoconfigure.web.servlet.WebDriverContextCustomizerFactory$Customizer@2fd953a6, org.springframework.boot.test.context.filter.ExcludeFilterContextCustomizer@66c61024, org.springframework.boot.test.json.DuplicateJsonObjectContextCustomizerFactory$DuplicateJsonObjectContextCustomizer@35432107, org.springframework.boot.test.mock.mockito.MockitoContextCustomizer@8f4afa1e], contextLoader = 'org.springframework.test.context.support.DelegatingSmartContextLoader', parent = [null]]]
01:05:04.360 [Test worker] DEBUG org.springframework.test.context.cache - Spring test ApplicationContext cache statistics: [DefaultContextCache@64a9d48c size = 1, maxSize = 32, parentContextCount = 0, hitCount = 114, missCount = 1]
01:05:04.360 [Test worker] DEBUG org.springframework.test.context.cache.DefaultCacheAwareContextLoaderDelegate - Retrieved ApplicationContext [1651667865] from cache with key [[MergedContextConfiguration@40238dd0 testClass = BoardManagerTest, locations = '{}', classes = '{class org.waldreg.board.board.management.DefaultBoardManager, class org.waldreg.util.token.DecryptedTokenContext}', contextInitializerClasses = '[]', activeProfiles = '{}', propertySourceLocations = '{}', propertySourceProperties = '{}', contextCustomizers = set[org.springframework.boot.test.autoconfigure.actuate.metrics.MetricsExportContextCustomizerFactory$DisableMetricExportContextCustomizer@5c2375a9, org.springframework.boot.test.autoconfigure.properties.PropertyMappingContextCustomizer@0, org.springframework.boot.test.autoconfigure.web.servlet.WebDriverContextCustomizerFactory$Customizer@2fd953a6, org.springframework.boot.test.context.filter.ExcludeFilterContextCustomizer@66c61024, org.springframework.boot.test.json.DuplicateJsonObjectContextCustomizerFactory$DuplicateJsonObjectContextCustomizer@35432107, org.springframework.boot.test.mock.mockito.MockitoContextCustomizer@8f4afa1e], contextLoader = 'org.springframework.test.context.support.DelegatingSmartContextLoader', parent = [null]]]
01:05:04.360 [Test worker] DEBUG org.springframework.test.context.cache - Spring test ApplicationContext cache statistics: [DefaultContextCache@64a9d48c size = 1, maxSize = 32, parentContextCount = 0, hitCount = 115, missCount = 1]
01:05:04.371 [Test worker] DEBUG org.springframework.test.context.cache.DefaultCacheAwareContextLoaderDelegate - Retrieved ApplicationContext [1651667865] from cache with key [[MergedContextConfiguration@40238dd0 testClass = BoardManagerTest, locations = '{}', classes = '{class org.waldreg.board.board.management.DefaultBoardManager, class org.waldreg.util.token.DecryptedTokenContext}', contextInitializerClasses = '[]', activeProfiles = '{}', propertySourceLocations = '{}', propertySourceProperties = '{}', contextCustomizers = set[org.springframework.boot.test.autoconfigure.actuate.metrics.MetricsExportContextCustomizerFactory$DisableMetricExportContextCustomizer@5c2375a9, org.springframework.boot.test.autoconfigure.properties.PropertyMappingContextCustomizer@0, org.springframework.boot.test.autoconfigure.web.servlet.WebDriverContextCustomizerFactory$Customizer@2fd953a6, org.springframework.boot.test.context.filter.ExcludeFilterContextCustomizer@66c61024, org.springframework.boot.test.json.DuplicateJsonObjectContextCustomizerFactory$DuplicateJsonObjectContextCustomizer@35432107, org.springframework.boot.test.mock.mockito.MockitoContextCustomizer@8f4afa1e], contextLoader = 'org.springframework.test.context.support.DelegatingSmartContextLoader', parent = [null]]]
01:05:04.372 [Test worker] DEBUG org.springframework.test.context.cache - Spring test ApplicationContext cache statistics: [DefaultContextCache@64a9d48c size = 1, maxSize = 32, parentContextCount = 0, hitCount = 116, missCount = 1]
01:05:04.372 [Test worker] DEBUG org.springframework.test.context.cache.DefaultCacheAwareContextLoaderDelegate - Retrieved ApplicationContext [1651667865] from cache with key [[MergedContextConfiguration@40238dd0 testClass = BoardManagerTest, locations = '{}', classes = '{class org.waldreg.board.board.management.DefaultBoardManager, class org.waldreg.util.token.DecryptedTokenContext}', contextInitializerClasses = '[]', activeProfiles = '{}', propertySourceLocations = '{}', propertySourceProperties = '{}', contextCustomizers = set[org.springframework.boot.test.autoconfigure.actuate.metrics.MetricsExportContextCustomizerFactory$DisableMetricExportContextCustomizer@5c2375a9, org.springframework.boot.test.autoconfigure.properties.PropertyMappingContextCustomizer@0, org.springframework.boot.test.autoconfigure.web.servlet.WebDriverContextCustomizerFactory$Customizer@2fd953a6, org.springframework.boot.test.context.filter.ExcludeFilterContextCustomizer@66c61024, org.springframework.boot.test.json.DuplicateJsonObjectContextCustomizerFactory$DuplicateJsonObjectContextCustomizer@35432107, org.springframework.boot.test.mock.mockito.MockitoContextCustomizer@8f4afa1e], contextLoader = 'org.springframework.test.context.support.DelegatingSmartContextLoader', parent = [null]]]
01:05:04.372 [Test worker] DEBUG org.springframework.test.context.cache - Spring test ApplicationContext cache statistics: [DefaultContextCache@64a9d48c size = 1, maxSize = 32, parentContextCount = 0, hitCount = 117, missCount = 1]
01:05:04.372 [Test worker] DEBUG org.springframework.test.context.cache.DefaultCacheAwareContextLoaderDelegate - Retrieved ApplicationContext [1651667865] from cache with key [[MergedContextConfiguration@40238dd0 testClass = BoardManagerTest, locations = '{}', classes = '{class org.waldreg.board.board.management.DefaultBoardManager, class org.waldreg.util.token.DecryptedTokenContext}', contextInitializerClasses = '[]', activeProfiles = '{}', propertySourceLocations = '{}', propertySourceProperties = '{}', contextCustomizers = set[org.springframework.boot.test.autoconfigure.actuate.metrics.MetricsExportContextCustomizerFactory$DisableMetricExportContextCustomizer@5c2375a9, org.springframework.boot.test.autoconfigure.properties.PropertyMappingContextCustomizer@0, org.springframework.boot.test.autoconfigure.web.servlet.WebDriverContextCustomizerFactory$Customizer@2fd953a6, org.springframework.boot.test.context.filter.ExcludeFilterContextCustomizer@66c61024, org.springframework.boot.test.json.DuplicateJsonObjectContextCustomizerFactory$DuplicateJsonObjectContextCustomizer@35432107, org.springframework.boot.test.mock.mockito.MockitoContextCustomizer@8f4afa1e], contextLoader = 'org.springframework.test.context.support.DelegatingSmartContextLoader', parent = [null]]]
01:05:04.372 [Test worker] DEBUG org.springframework.test.context.cache - Spring test ApplicationContext cache statistics: [DefaultContextCache@64a9d48c size = 1, maxSize = 32, parentContextCount = 0, hitCount = 118, missCount = 1]
01:05:04.384 [Test worker] DEBUG org.springframework.test.context.cache.DefaultCacheAwareContextLoaderDelegate - Retrieved ApplicationContext [1651667865] from cache with key [[MergedContextConfiguration@40238dd0 testClass = BoardManagerTest, locations = '{}', classes = '{class org.waldreg.board.board.management.DefaultBoardManager, class org.waldreg.util.token.DecryptedTokenContext}', contextInitializerClasses = '[]', activeProfiles = '{}', propertySourceLocations = '{}', propertySourceProperties = '{}', contextCustomizers = set[org.springframework.boot.test.autoconfigure.actuate.metrics.MetricsExportContextCustomizerFactory$DisableMetricExportContextCustomizer@5c2375a9, org.springframework.boot.test.autoconfigure.properties.PropertyMappingContextCustomizer@0, org.springframework.boot.test.autoconfigure.web.servlet.WebDriverContextCustomizerFactory$Customizer@2fd953a6, org.springframework.boot.test.context.filter.ExcludeFilterContextCustomizer@66c61024, org.springframework.boot.test.json.DuplicateJsonObjectContextCustomizerFactory$DuplicateJsonObjectContextCustomizer@35432107, org.springframework.boot.test.mock.mockito.MockitoContextCustomizer@8f4afa1e], contextLoader = 'org.springframework.test.context.support.DelegatingSmartContextLoader', parent = [null]]]
01:05:04.384 [Test worker] DEBUG org.springframework.test.context.cache - Spring test ApplicationContext cache statistics: [DefaultContextCache@64a9d48c size = 1, maxSize = 32, parentContextCount = 0, hitCount = 119, missCount = 1]
01:05:04.384 [Test worker] DEBUG org.springframework.test.context.support.AbstractDirtiesContextTestExecutionListener - After test method: context [DefaultTestContext@1afdd473 testClass = BoardManagerTest, testInstance = org.waldreg.board.board.BoardManagerTest@204e90f7, testMethod = SEARCH_BOARD_BY_CONTENT_TEST@BoardManagerTest, testException = [null], mergedContextConfiguration = [MergedContextConfiguration@40238dd0 testClass = BoardManagerTest, locations = '{}', classes = '{class org.waldreg.board.board.management.DefaultBoardManager, class org.waldreg.util.token.DecryptedTokenContext}', contextInitializerClasses = '[]', activeProfiles = '{}', propertySourceLocations = '{}', propertySourceProperties = '{}', contextCustomizers = set[org.springframework.boot.test.autoconfigure.actuate.metrics.MetricsExportContextCustomizerFactory$DisableMetricExportContextCustomizer@5c2375a9, org.springframework.boot.test.autoconfigure.properties.PropertyMappingContextCustomizer@0, org.springframework.boot.test.autoconfigure.web.servlet.WebDriverContextCustomizerFactory$Customizer@2fd953a6, org.springframework.boot.test.context.filter.ExcludeFilterContextCustomizer@66c61024, org.springframework.boot.test.json.DuplicateJsonObjectContextCustomizerFactory$DuplicateJsonObjectContextCustomizer@35432107, org.springframework.boot.test.mock.mockito.MockitoContextCustomizer@8f4afa1e], contextLoader = 'org.springframework.test.context.support.DelegatingSmartContextLoader', parent = [null]], attributes = map['org.springframework.test.context.event.ApplicationEventsTestExecutionListener.recordApplicationEvents' -> false]], class annotated with @DirtiesContext [false] with mode [null], method annotated with @DirtiesContext [false] with mode [null].
01:05:04.385 [Test worker] DEBUG org.springframework.test.context.cache.DefaultCacheAwareContextLoaderDelegate - Retrieved ApplicationContext [1651667865] from cache with key [[MergedContextConfiguration@40238dd0 testClass = BoardManagerTest, locations = '{}', classes = '{class org.waldreg.board.board.management.DefaultBoardManager, class org.waldreg.util.token.DecryptedTokenContext}', contextInitializerClasses = '[]', activeProfiles = '{}', propertySourceLocations = '{}', propertySourceProperties = '{}', contextCustomizers = set[org.springframework.boot.test.autoconfigure.actuate.metrics.MetricsExportContextCustomizerFactory$DisableMetricExportContextCustomizer@5c2375a9, org.springframework.boot.test.autoconfigure.properties.PropertyMappingContextCustomizer@0, org.springframework.boot.test.autoconfigure.web.servlet.WebDriverContextCustomizerFactory$Customizer@2fd953a6, org.springframework.boot.test.context.filter.ExcludeFilterContextCustomizer@66c61024, org.springframework.boot.test.json.DuplicateJsonObjectContextCustomizerFactory$DuplicateJsonObjectContextCustomizer@35432107, org.springframework.boot.test.mock.mockito.MockitoContextCustomizer@8f4afa1e], contextLoader = 'org.springframework.test.context.support.DelegatingSmartContextLoader', parent = [null]]]
01:05:04.385 [Test worker] DEBUG org.springframework.test.context.cache - Spring test ApplicationContext cache statistics: [DefaultContextCache@64a9d48c size = 1, maxSize = 32, parentContextCount = 0, hitCount = 120, missCount = 1]
01:05:04.385 [Test worker] DEBUG org.springframework.test.context.support.DependencyInjectionTestExecutionListener - Performing dependency injection for test context [[DefaultTestContext@1afdd473 testClass = BoardManagerTest, testInstance = org.waldreg.board.board.BoardManagerTest@71f0b72e, testMethod = [null], testException = [null], mergedContextConfiguration = [MergedContextConfiguration@40238dd0 testClass = BoardManagerTest, locations = '{}', classes = '{class org.waldreg.board.board.management.DefaultBoardManager, class org.waldreg.util.token.DecryptedTokenContext}', contextInitializerClasses = '[]', activeProfiles = '{}', propertySourceLocations = '{}', propertySourceProperties = '{}', contextCustomizers = set[org.springframework.boot.test.autoconfigure.actuate.metrics.MetricsExportContextCustomizerFactory$DisableMetricExportContextCustomizer@5c2375a9, org.springframework.boot.test.autoconfigure.properties.PropertyMappingContextCustomizer@0, org.springframework.boot.test.autoconfigure.web.servlet.WebDriverContextCustomizerFactory$Customizer@2fd953a6, org.springframework.boot.test.context.filter.ExcludeFilterContextCustomizer@66c61024, org.springframework.boot.test.json.DuplicateJsonObjectContextCustomizerFactory$DuplicateJsonObjectContextCustomizer@35432107, org.springframework.boot.test.mock.mockito.MockitoContextCustomizer@8f4afa1e], contextLoader = 'org.springframework.test.context.support.DelegatingSmartContextLoader', parent = [null]], attributes = map['org.springframework.test.context.event.ApplicationEventsTestExecutionListener.recordApplicationEvents' -> false]]].
01:05:04.385 [Test worker] DEBUG org.springframework.test.context.cache.DefaultCacheAwareContextLoaderDelegate - Retrieved ApplicationContext [1651667865] from cache with key [[MergedContextConfiguration@40238dd0 testClass = BoardManagerTest, locations = '{}', classes = '{class org.waldreg.board.board.management.DefaultBoardManager, class org.waldreg.util.token.DecryptedTokenContext}', contextInitializerClasses = '[]', activeProfiles = '{}', propertySourceLocations = '{}', propertySourceProperties = '{}', contextCustomizers = set[org.springframework.boot.test.autoconfigure.actuate.metrics.MetricsExportContextCustomizerFactory$DisableMetricExportContextCustomizer@5c2375a9, org.springframework.boot.test.autoconfigure.properties.PropertyMappingContextCustomizer@0, org.springframework.boot.test.autoconfigure.web.servlet.WebDriverContextCustomizerFactory$Customizer@2fd953a6, org.springframework.boot.test.context.filter.ExcludeFilterContextCustomizer@66c61024, org.springframework.boot.test.json.DuplicateJsonObjectContextCustomizerFactory$DuplicateJsonObjectContextCustomizer@35432107, org.springframework.boot.test.mock.mockito.MockitoContextCustomizer@8f4afa1e], contextLoader = 'org.springframework.test.context.support.DelegatingSmartContextLoader', parent = [null]]]
01:05:04.385 [Test worker] DEBUG org.springframework.test.context.cache - Spring test ApplicationContext cache statistics: [DefaultContextCache@64a9d48c size = 1, maxSize = 32, parentContextCount = 0, hitCount = 121, missCount = 1]
01:05:04.385 [Test worker] DEBUG org.springframework.test.context.cache.DefaultCacheAwareContextLoaderDelegate - Retrieved ApplicationContext [1651667865] from cache with key [[MergedContextConfiguration@40238dd0 testClass = BoardManagerTest, locations = '{}', classes = '{class org.waldreg.board.board.management.DefaultBoardManager, class org.waldreg.util.token.DecryptedTokenContext}', contextInitializerClasses = '[]', activeProfiles = '{}', propertySourceLocations = '{}', propertySourceProperties = '{}', contextCustomizers = set[org.springframework.boot.test.autoconfigure.actuate.metrics.MetricsExportContextCustomizerFactory$DisableMetricExportContextCustomizer@5c2375a9, org.springframework.boot.test.autoconfigure.properties.PropertyMappingContextCustomizer@0, org.springframework.boot.test.autoconfigure.web.servlet.WebDriverContextCustomizerFactory$Customizer@2fd953a6, org.springframework.boot.test.context.filter.ExcludeFilterContextCustomizer@66c61024, org.springframework.boot.test.json.DuplicateJsonObjectContextCustomizerFactory$DuplicateJsonObjectContextCustomizer@35432107, org.springframework.boot.test.mock.mockito.MockitoContextCustomizer@8f4afa1e], contextLoader = 'org.springframework.test.context.support.DelegatingSmartContextLoader', parent = [null]]]
01:05:04.385 [Test worker] DEBUG org.springframework.test.context.cache - Spring test ApplicationContext cache statistics: [DefaultContextCache@64a9d48c size = 1, maxSize = 32, parentContextCount = 0, hitCount = 122, missCount = 1]
01:05:04.386 [Test worker] DEBUG org.springframework.test.context.support.AbstractDirtiesContextTestExecutionListener - Before test method: context [DefaultTestContext@1afdd473 testClass = BoardManagerTest, testInstance = org.waldreg.board.board.BoardManagerTest@71f0b72e, testMethod = MODIFY_BOARD_Fail_CATEGORY_NOT_EXIST_TEST@BoardManagerTest, testException = [null], mergedContextConfiguration = [MergedContextConfiguration@40238dd0 testClass = BoardManagerTest, locations = '{}', classes = '{class org.waldreg.board.board.management.DefaultBoardManager, class org.waldreg.util.token.DecryptedTokenContext}', contextInitializerClasses = '[]', activeProfiles = '{}', propertySourceLocations = '{}', propertySourceProperties = '{}', contextCustomizers = set[org.springframework.boot.test.autoconfigure.actuate.metrics.MetricsExportContextCustomizerFactory$DisableMetricExportContextCustomizer@5c2375a9, org.springframework.boot.test.autoconfigure.properties.PropertyMappingContextCustomizer@0, org.springframework.boot.test.autoconfigure.web.servlet.WebDriverContextCustomizerFactory$Customizer@2fd953a6, org.springframework.boot.test.context.filter.ExcludeFilterContextCustomizer@66c61024, org.springframework.boot.test.json.DuplicateJsonObjectContextCustomizerFactory$DuplicateJsonObjectContextCustomizer@35432107, org.springframework.boot.test.mock.mockito.MockitoContextCustomizer@8f4afa1e], contextLoader = 'org.springframework.test.context.support.DelegatingSmartContextLoader', parent = [null]], attributes = map['org.springframework.test.context.event.ApplicationEventsTestExecutionListener.recordApplicationEvents' -> false]], class annotated with @DirtiesContext [false] with mode [null], method annotated with @DirtiesContext [false] with mode [null].
01:05:04.386 [Test worker] DEBUG org.springframework.test.context.cache.DefaultCacheAwareContextLoaderDelegate - Retrieved ApplicationContext [1651667865] from cache with key [[MergedContextConfiguration@40238dd0 testClass = BoardManagerTest, locations = '{}', classes = '{class org.waldreg.board.board.management.DefaultBoardManager, class org.waldreg.util.token.DecryptedTokenContext}', contextInitializerClasses = '[]', activeProfiles = '{}', propertySourceLocations = '{}', propertySourceProperties = '{}', contextCustomizers = set[org.springframework.boot.test.autoconfigure.actuate.metrics.MetricsExportContextCustomizerFactory$DisableMetricExportContextCustomizer@5c2375a9, org.springframework.boot.test.autoconfigure.properties.PropertyMappingContextCustomizer@0, org.springframework.boot.test.autoconfigure.web.servlet.WebDriverContextCustomizerFactory$Customizer@2fd953a6, org.springframework.boot.test.context.filter.ExcludeFilterContextCustomizer@66c61024, org.springframework.boot.test.json.DuplicateJsonObjectContextCustomizerFactory$DuplicateJsonObjectContextCustomizer@35432107, org.springframework.boot.test.mock.mockito.MockitoContextCustomizer@8f4afa1e], contextLoader = 'org.springframework.test.context.support.DelegatingSmartContextLoader', parent = [null]]]
01:05:04.386 [Test worker] DEBUG org.springframework.test.context.cache - Spring test ApplicationContext cache statistics: [DefaultContextCache@64a9d48c size = 1, maxSize = 32, parentContextCount = 0, hitCount = 123, missCount = 1]
01:05:04.397 [Test worker] DEBUG org.springframework.test.context.cache.DefaultCacheAwareContextLoaderDelegate - Retrieved ApplicationContext [1651667865] from cache with key [[MergedContextConfiguration@40238dd0 testClass = BoardManagerTest, locations = '{}', classes = '{class org.waldreg.board.board.management.DefaultBoardManager, class org.waldreg.util.token.DecryptedTokenContext}', contextInitializerClasses = '[]', activeProfiles = '{}', propertySourceLocations = '{}', propertySourceProperties = '{}', contextCustomizers = set[org.springframework.boot.test.autoconfigure.actuate.metrics.MetricsExportContextCustomizerFactory$DisableMetricExportContextCustomizer@5c2375a9, org.springframework.boot.test.autoconfigure.properties.PropertyMappingContextCustomizer@0, org.springframework.boot.test.autoconfigure.web.servlet.WebDriverContextCustomizerFactory$Customizer@2fd953a6, org.springframework.boot.test.context.filter.ExcludeFilterContextCustomizer@66c61024, org.springframework.boot.test.json.DuplicateJsonObjectContextCustomizerFactory$DuplicateJsonObjectContextCustomizer@35432107, org.springframework.boot.test.mock.mockito.MockitoContextCustomizer@8f4afa1e], contextLoader = 'org.springframework.test.context.support.DelegatingSmartContextLoader', parent = [null]]]
01:05:04.398 [Test worker] DEBUG org.springframework.test.context.cache - Spring test ApplicationContext cache statistics: [DefaultContextCache@64a9d48c size = 1, maxSize = 32, parentContextCount = 0, hitCount = 124, missCount = 1]
01:05:04.398 [Test worker] DEBUG org.springframework.test.context.cache.DefaultCacheAwareContextLoaderDelegate - Retrieved ApplicationContext [1651667865] from cache with key [[MergedContextConfiguration@40238dd0 testClass = BoardManagerTest, locations = '{}', classes = '{class org.waldreg.board.board.management.DefaultBoardManager, class org.waldreg.util.token.DecryptedTokenContext}', contextInitializerClasses = '[]', activeProfiles = '{}', propertySourceLocations = '{}', propertySourceProperties = '{}', contextCustomizers = set[org.springframework.boot.test.autoconfigure.actuate.metrics.MetricsExportContextCustomizerFactory$DisableMetricExportContextCustomizer@5c2375a9, org.springframework.boot.test.autoconfigure.properties.PropertyMappingContextCustomizer@0, org.springframework.boot.test.autoconfigure.web.servlet.WebDriverContextCustomizerFactory$Customizer@2fd953a6, org.springframework.boot.test.context.filter.ExcludeFilterContextCustomizer@66c61024, org.springframework.boot.test.json.DuplicateJsonObjectContextCustomizerFactory$DuplicateJsonObjectContextCustomizer@35432107, org.springframework.boot.test.mock.mockito.MockitoContextCustomizer@8f4afa1e], contextLoader = 'org.springframework.test.context.support.DelegatingSmartContextLoader', parent = [null]]]
01:05:04.398 [Test worker] DEBUG org.springframework.test.context.cache - Spring test ApplicationContext cache statistics: [DefaultContextCache@64a9d48c size = 1, maxSize = 32, parentContextCount = 0, hitCount = 125, missCount = 1]
01:05:04.418 [Test worker] DEBUG org.springframework.test.context.cache.DefaultCacheAwareContextLoaderDelegate - Retrieved ApplicationContext [1651667865] from cache with key [[MergedContextConfiguration@40238dd0 testClass = BoardManagerTest, locations = '{}', classes = '{class org.waldreg.board.board.management.DefaultBoardManager, class org.waldreg.util.token.DecryptedTokenContext}', contextInitializerClasses = '[]', activeProfiles = '{}', propertySourceLocations = '{}', propertySourceProperties = '{}', contextCustomizers = set[org.springframework.boot.test.autoconfigure.actuate.metrics.MetricsExportContextCustomizerFactory$DisableMetricExportContextCustomizer@5c2375a9, org.springframework.boot.test.autoconfigure.properties.PropertyMappingContextCustomizer@0, org.springframework.boot.test.autoconfigure.web.servlet.WebDriverContextCustomizerFactory$Customizer@2fd953a6, org.springframework.boot.test.context.filter.ExcludeFilterContextCustomizer@66c61024, org.springframework.boot.test.json.DuplicateJsonObjectContextCustomizerFactory$DuplicateJsonObjectContextCustomizer@35432107, org.springframework.boot.test.mock.mockito.MockitoContextCustomizer@8f4afa1e], contextLoader = 'org.springframework.test.context.support.DelegatingSmartContextLoader', parent = [null]]]
01:05:04.418 [Test worker] DEBUG org.springframework.test.context.cache - Spring test ApplicationContext cache statistics: [DefaultContextCache@64a9d48c size = 1, maxSize = 32, parentContextCount = 0, hitCount = 126, missCount = 1]
01:05:04.419 [Test worker] DEBUG org.springframework.test.context.cache.DefaultCacheAwareContextLoaderDelegate - Retrieved ApplicationContext [1651667865] from cache with key [[MergedContextConfiguration@40238dd0 testClass = BoardManagerTest, locations = '{}', classes = '{class org.waldreg.board.board.management.DefaultBoardManager, class org.waldreg.util.token.DecryptedTokenContext}', contextInitializerClasses = '[]', activeProfiles = '{}', propertySourceLocations = '{}', propertySourceProperties = '{}', contextCustomizers = set[org.springframework.boot.test.autoconfigure.actuate.metrics.MetricsExportContextCustomizerFactory$DisableMetricExportContextCustomizer@5c2375a9, org.springframework.boot.test.autoconfigure.properties.PropertyMappingContextCustomizer@0, org.springframework.boot.test.autoconfigure.web.servlet.WebDriverContextCustomizerFactory$Customizer@2fd953a6, org.springframework.boot.test.context.filter.ExcludeFilterContextCustomizer@66c61024, org.springframework.boot.test.json.DuplicateJsonObjectContextCustomizerFactory$DuplicateJsonObjectContextCustomizer@35432107, org.springframework.boot.test.mock.mockito.MockitoContextCustomizer@8f4afa1e], contextLoader = 'org.springframework.test.context.support.DelegatingSmartContextLoader', parent = [null]]]
01:05:04.419 [Test worker] DEBUG org.springframework.test.context.cache - Spring test ApplicationContext cache statistics: [DefaultContextCache@64a9d48c size = 1, maxSize = 32, parentContextCount = 0, hitCount = 127, missCount = 1]
01:05:04.434 [Test worker] DEBUG org.springframework.test.context.cache.DefaultCacheAwareContextLoaderDelegate - Retrieved ApplicationContext [1651667865] from cache with key [[MergedContextConfiguration@40238dd0 testClass = BoardManagerTest, locations = '{}', classes = '{class org.waldreg.board.board.management.DefaultBoardManager, class org.waldreg.util.token.DecryptedTokenContext}', contextInitializerClasses = '[]', activeProfiles = '{}', propertySourceLocations = '{}', propertySourceProperties = '{}', contextCustomizers = set[org.springframework.boot.test.autoconfigure.actuate.metrics.MetricsExportContextCustomizerFactory$DisableMetricExportContextCustomizer@5c2375a9, org.springframework.boot.test.autoconfigure.properties.PropertyMappingContextCustomizer@0, org.springframework.boot.test.autoconfigure.web.servlet.WebDriverContextCustomizerFactory$Customizer@2fd953a6, org.springframework.boot.test.context.filter.ExcludeFilterContextCustomizer@66c61024, org.springframework.boot.test.json.DuplicateJsonObjectContextCustomizerFactory$DuplicateJsonObjectContextCustomizer@35432107, org.springframework.boot.test.mock.mockito.MockitoContextCustomizer@8f4afa1e], contextLoader = 'org.springframework.test.context.support.DelegatingSmartContextLoader', parent = [null]]]
01:05:04.434 [Test worker] DEBUG org.springframework.test.context.cache - Spring test ApplicationContext cache statistics: [DefaultContextCache@64a9d48c size = 1, maxSize = 32, parentContextCount = 0, hitCount = 128, missCount = 1]
01:05:04.434 [Test worker] DEBUG org.springframework.test.context.cache.DefaultCacheAwareContextLoaderDelegate - Retrieved ApplicationContext [1651667865] from cache with key [[MergedContextConfiguration@40238dd0 testClass = BoardManagerTest, locations = '{}', classes = '{class org.waldreg.board.board.management.DefaultBoardManager, class org.waldreg.util.token.DecryptedTokenContext}', contextInitializerClasses = '[]', activeProfiles = '{}', propertySourceLocations = '{}', propertySourceProperties = '{}', contextCustomizers = set[org.springframework.boot.test.autoconfigure.actuate.metrics.MetricsExportContextCustomizerFactory$DisableMetricExportContextCustomizer@5c2375a9, org.springframework.boot.test.autoconfigure.properties.PropertyMappingContextCustomizer@0, org.springframework.boot.test.autoconfigure.web.servlet.WebDriverContextCustomizerFactory$Customizer@2fd953a6, org.springframework.boot.test.context.filter.ExcludeFilterContextCustomizer@66c61024, org.springframework.boot.test.json.DuplicateJsonObjectContextCustomizerFactory$DuplicateJsonObjectContextCustomizer@35432107, org.springframework.boot.test.mock.mockito.MockitoContextCustomizer@8f4afa1e], contextLoader = 'org.springframework.test.context.support.DelegatingSmartContextLoader', parent = [null]]]
01:05:04.434 [Test worker] DEBUG org.springframework.test.context.cache - Spring test ApplicationContext cache statistics: [DefaultContextCache@64a9d48c size = 1, maxSize = 32, parentContextCount = 0, hitCount = 129, missCount = 1]
01:05:04.434 [Test worker] DEBUG org.springframework.test.context.cache.DefaultCacheAwareContextLoaderDelegate - Retrieved ApplicationContext [1651667865] from cache with key [[MergedContextConfiguration@40238dd0 testClass = BoardManagerTest, locations = '{}', classes = '{class org.waldreg.board.board.management.DefaultBoardManager, class org.waldreg.util.token.DecryptedTokenContext}', contextInitializerClasses = '[]', activeProfiles = '{}', propertySourceLocations = '{}', propertySourceProperties = '{}', contextCustomizers = set[org.springframework.boot.test.autoconfigure.actuate.metrics.MetricsExportContextCustomizerFactory$DisableMetricExportContextCustomizer@5c2375a9, org.springframework.boot.test.autoconfigure.properties.PropertyMappingContextCustomizer@0, org.springframework.boot.test.autoconfigure.web.servlet.WebDriverContextCustomizerFactory$Customizer@2fd953a6, org.springframework.boot.test.context.filter.ExcludeFilterContextCustomizer@66c61024, org.springframework.boot.test.json.DuplicateJsonObjectContextCustomizerFactory$DuplicateJsonObjectContextCustomizer@35432107, org.springframework.boot.test.mock.mockito.MockitoContextCustomizer@8f4afa1e], contextLoader = 'org.springframework.test.context.support.DelegatingSmartContextLoader', parent = [null]]]
01:05:04.434 [Test worker] DEBUG org.springframework.test.context.cache - Spring test ApplicationContext cache statistics: [DefaultContextCache@64a9d48c size = 1, maxSize = 32, parentContextCount = 0, hitCount = 130, missCount = 1]
01:05:04.447 [Test worker] DEBUG org.springframework.test.context.cache.DefaultCacheAwareContextLoaderDelegate - Retrieved ApplicationContext [1651667865] from cache with key [[MergedContextConfiguration@40238dd0 testClass = BoardManagerTest, locations = '{}', classes = '{class org.waldreg.board.board.management.DefaultBoardManager, class org.waldreg.util.token.DecryptedTokenContext}', contextInitializerClasses = '[]', activeProfiles = '{}', propertySourceLocations = '{}', propertySourceProperties = '{}', contextCustomizers = set[org.springframework.boot.test.autoconfigure.actuate.metrics.MetricsExportContextCustomizerFactory$DisableMetricExportContextCustomizer@5c2375a9, org.springframework.boot.test.autoconfigure.properties.PropertyMappingContextCustomizer@0, org.springframework.boot.test.autoconfigure.web.servlet.WebDriverContextCustomizerFactory$Customizer@2fd953a6, org.springframework.boot.test.context.filter.ExcludeFilterContextCustomizer@66c61024, org.springframework.boot.test.json.DuplicateJsonObjectContextCustomizerFactory$DuplicateJsonObjectContextCustomizer@35432107, org.springframework.boot.test.mock.mockito.MockitoContextCustomizer@8f4afa1e], contextLoader = 'org.springframework.test.context.support.DelegatingSmartContextLoader', parent = [null]]]
01:05:04.447 [Test worker] DEBUG org.springframework.test.context.cache - Spring test ApplicationContext cache statistics: [DefaultContextCache@64a9d48c size = 1, maxSize = 32, parentContextCount = 0, hitCount = 131, missCount = 1]
01:05:04.447 [Test worker] DEBUG org.springframework.test.context.support.AbstractDirtiesContextTestExecutionListener - After test method: context [DefaultTestContext@1afdd473 testClass = BoardManagerTest, testInstance = org.waldreg.board.board.BoardManagerTest@71f0b72e, testMethod = MODIFY_BOARD_Fail_CATEGORY_NOT_EXIST_TEST@BoardManagerTest, testException = [null], mergedContextConfiguration = [MergedContextConfiguration@40238dd0 testClass = BoardManagerTest, locations = '{}', classes = '{class org.waldreg.board.board.management.DefaultBoardManager, class org.waldreg.util.token.DecryptedTokenContext}', contextInitializerClasses = '[]', activeProfiles = '{}', propertySourceLocations = '{}', propertySourceProperties = '{}', contextCustomizers = set[org.springframework.boot.test.autoconfigure.actuate.metrics.MetricsExportContextCustomizerFactory$DisableMetricExportContextCustomizer@5c2375a9, org.springframework.boot.test.autoconfigure.properties.PropertyMappingContextCustomizer@0, org.springframework.boot.test.autoconfigure.web.servlet.WebDriverContextCustomizerFactory$Customizer@2fd953a6, org.springframework.boot.test.context.filter.ExcludeFilterContextCustomizer@66c61024, org.springframework.boot.test.json.DuplicateJsonObjectContextCustomizerFactory$DuplicateJsonObjectContextCustomizer@35432107, org.springframework.boot.test.mock.mockito.MockitoContextCustomizer@8f4afa1e], contextLoader = 'org.springframework.test.context.support.DelegatingSmartContextLoader', parent = [null]], attributes = map['org.springframework.test.context.event.ApplicationEventsTestExecutionListener.recordApplicationEvents' -> false]], class annotated with @DirtiesContext [false] with mode [null], method annotated with @DirtiesContext [false] with mode [null].
01:05:04.448 [Test worker] DEBUG org.springframework.test.context.cache.DefaultCacheAwareContextLoaderDelegate - Retrieved ApplicationContext [1651667865] from cache with key [[MergedContextConfiguration@40238dd0 testClass = BoardManagerTest, locations = '{}', classes = '{class org.waldreg.board.board.management.DefaultBoardManager, class org.waldreg.util.token.DecryptedTokenContext}', contextInitializerClasses = '[]', activeProfiles = '{}', propertySourceLocations = '{}', propertySourceProperties = '{}', contextCustomizers = set[org.springframework.boot.test.autoconfigure.actuate.metrics.MetricsExportContextCustomizerFactory$DisableMetricExportContextCustomizer@5c2375a9, org.springframework.boot.test.autoconfigure.properties.PropertyMappingContextCustomizer@0, org.springframework.boot.test.autoconfigure.web.servlet.WebDriverContextCustomizerFactory$Customizer@2fd953a6, org.springframework.boot.test.context.filter.ExcludeFilterContextCustomizer@66c61024, org.springframework.boot.test.json.DuplicateJsonObjectContextCustomizerFactory$DuplicateJsonObjectContextCustomizer@35432107, org.springframework.boot.test.mock.mockito.MockitoContextCustomizer@8f4afa1e], contextLoader = 'org.springframework.test.context.support.DelegatingSmartContextLoader', parent = [null]]]
01:05:04.448 [Test worker] DEBUG org.springframework.test.context.cache - Spring test ApplicationContext cache statistics: [DefaultContextCache@64a9d48c size = 1, maxSize = 32, parentContextCount = 0, hitCount = 132, missCount = 1]
01:05:04.448 [Test worker] DEBUG org.springframework.test.context.support.DependencyInjectionTestExecutionListener - Performing dependency injection for test context [[DefaultTestContext@1afdd473 testClass = BoardManagerTest, testInstance = org.waldreg.board.board.BoardManagerTest@7808f638, testMethod = [null], testException = [null], mergedContextConfiguration = [MergedContextConfiguration@40238dd0 testClass = BoardManagerTest, locations = '{}', classes = '{class org.waldreg.board.board.management.DefaultBoardManager, class org.waldreg.util.token.DecryptedTokenContext}', contextInitializerClasses = '[]', activeProfiles = '{}', propertySourceLocations = '{}', propertySourceProperties = '{}', contextCustomizers = set[org.springframework.boot.test.autoconfigure.actuate.metrics.MetricsExportContextCustomizerFactory$DisableMetricExportContextCustomizer@5c2375a9, org.springframework.boot.test.autoconfigure.properties.PropertyMappingContextCustomizer@0, org.springframework.boot.test.autoconfigure.web.servlet.WebDriverContextCustomizerFactory$Customizer@2fd953a6, org.springframework.boot.test.context.filter.ExcludeFilterContextCustomizer@66c61024, org.springframework.boot.test.json.DuplicateJsonObjectContextCustomizerFactory$DuplicateJsonObjectContextCustomizer@35432107, org.springframework.boot.test.mock.mockito.MockitoContextCustomizer@8f4afa1e], contextLoader = 'org.springframework.test.context.support.DelegatingSmartContextLoader', parent = [null]], attributes = map['org.springframework.test.context.event.ApplicationEventsTestExecutionListener.recordApplicationEvents' -> false]]].
01:05:04.448 [Test worker] DEBUG org.springframework.test.context.cache.DefaultCacheAwareContextLoaderDelegate - Retrieved ApplicationContext [1651667865] from cache with key [[MergedContextConfiguration@40238dd0 testClass = BoardManagerTest, locations = '{}', classes = '{class org.waldreg.board.board.management.DefaultBoardManager, class org.waldreg.util.token.DecryptedTokenContext}', contextInitializerClasses = '[]', activeProfiles = '{}', propertySourceLocations = '{}', propertySourceProperties = '{}', contextCustomizers = set[org.springframework.boot.test.autoconfigure.actuate.metrics.MetricsExportContextCustomizerFactory$DisableMetricExportContextCustomizer@5c2375a9, org.springframework.boot.test.autoconfigure.properties.PropertyMappingContextCustomizer@0, org.springframework.boot.test.autoconfigure.web.servlet.WebDriverContextCustomizerFactory$Customizer@2fd953a6, org.springframework.boot.test.context.filter.ExcludeFilterContextCustomizer@66c61024, org.springframework.boot.test.json.DuplicateJsonObjectContextCustomizerFactory$DuplicateJsonObjectContextCustomizer@35432107, org.springframework.boot.test.mock.mockito.MockitoContextCustomizer@8f4afa1e], contextLoader = 'org.springframework.test.context.support.DelegatingSmartContextLoader', parent = [null]]]
01:05:04.448 [Test worker] DEBUG org.springframework.test.context.cache - Spring test ApplicationContext cache statistics: [DefaultContextCache@64a9d48c size = 1, maxSize = 32, parentContextCount = 0, hitCount = 133, missCount = 1]
01:05:04.448 [Test worker] DEBUG org.springframework.test.context.cache.DefaultCacheAwareContextLoaderDelegate - Retrieved ApplicationContext [1651667865] from cache with key [[MergedContextConfiguration@40238dd0 testClass = BoardManagerTest, locations = '{}', classes = '{class org.waldreg.board.board.management.DefaultBoardManager, class org.waldreg.util.token.DecryptedTokenContext}', contextInitializerClasses = '[]', activeProfiles = '{}', propertySourceLocations = '{}', propertySourceProperties = '{}', contextCustomizers = set[org.springframework.boot.test.autoconfigure.actuate.metrics.MetricsExportContextCustomizerFactory$DisableMetricExportContextCustomizer@5c2375a9, org.springframework.boot.test.autoconfigure.properties.PropertyMappingContextCustomizer@0, org.springframework.boot.test.autoconfigure.web.servlet.WebDriverContextCustomizerFactory$Customizer@2fd953a6, org.springframework.boot.test.context.filter.ExcludeFilterContextCustomizer@66c61024, org.springframework.boot.test.json.DuplicateJsonObjectContextCustomizerFactory$DuplicateJsonObjectContextCustomizer@35432107, org.springframework.boot.test.mock.mockito.MockitoContextCustomizer@8f4afa1e], contextLoader = 'org.springframework.test.context.support.DelegatingSmartContextLoader', parent = [null]]]
01:05:04.449 [Test worker] DEBUG org.springframework.test.context.cache - Spring test ApplicationContext cache statistics: [DefaultContextCache@64a9d48c size = 1, maxSize = 32, parentContextCount = 0, hitCount = 134, missCount = 1]
01:05:04.449 [Test worker] DEBUG org.springframework.test.context.support.AbstractDirtiesContextTestExecutionListener - Before test method: context [DefaultTestContext@1afdd473 testClass = BoardManagerTest, testInstance = org.waldreg.board.board.BoardManagerTest@7808f638, testMethod = INQUIRY_BOARD_BY_ID_FAIL_TEST@BoardManagerTest, testException = [null], mergedContextConfiguration = [MergedContextConfiguration@40238dd0 testClass = BoardManagerTest, locations = '{}', classes = '{class org.waldreg.board.board.management.DefaultBoardManager, class org.waldreg.util.token.DecryptedTokenContext}', contextInitializerClasses = '[]', activeProfiles = '{}', propertySourceLocations = '{}', propertySourceProperties = '{}', contextCustomizers = set[org.springframework.boot.test.autoconfigure.actuate.metrics.MetricsExportContextCustomizerFactory$DisableMetricExportContextCustomizer@5c2375a9, org.springframework.boot.test.autoconfigure.properties.PropertyMappingContextCustomizer@0, org.springframework.boot.test.autoconfigure.web.servlet.WebDriverContextCustomizerFactory$Customizer@2fd953a6, org.springframework.boot.test.context.filter.ExcludeFilterContextCustomizer@66c61024, org.springframework.boot.test.json.DuplicateJsonObjectContextCustomizerFactory$DuplicateJsonObjectContextCustomizer@35432107, org.springframework.boot.test.mock.mockito.MockitoContextCustomizer@8f4afa1e], contextLoader = 'org.springframework.test.context.support.DelegatingSmartContextLoader', parent = [null]], attributes = map['org.springframework.test.context.event.ApplicationEventsTestExecutionListener.recordApplicationEvents' -> false]], class annotated with @DirtiesContext [false] with mode [null], method annotated with @DirtiesContext [false] with mode [null].
01:05:04.449 [Test worker] DEBUG org.springframework.test.context.cache.DefaultCacheAwareContextLoaderDelegate - Retrieved ApplicationContext [1651667865] from cache with key [[MergedContextConfiguration@40238dd0 testClass = BoardManagerTest, locations = '{}', classes = '{class org.waldreg.board.board.management.DefaultBoardManager, class org.waldreg.util.token.DecryptedTokenContext}', contextInitializerClasses = '[]', activeProfiles = '{}', propertySourceLocations = '{}', propertySourceProperties = '{}', contextCustomizers = set[org.springframework.boot.test.autoconfigure.actuate.metrics.MetricsExportContextCustomizerFactory$DisableMetricExportContextCustomizer@5c2375a9, org.springframework.boot.test.autoconfigure.properties.PropertyMappingContextCustomizer@0, org.springframework.boot.test.autoconfigure.web.servlet.WebDriverContextCustomizerFactory$Customizer@2fd953a6, org.springframework.boot.test.context.filter.ExcludeFilterContextCustomizer@66c61024, org.springframework.boot.test.json.DuplicateJsonObjectContextCustomizerFactory$DuplicateJsonObjectContextCustomizer@35432107, org.springframework.boot.test.mock.mockito.MockitoContextCustomizer@8f4afa1e], contextLoader = 'org.springframework.test.context.support.DelegatingSmartContextLoader', parent = [null]]]
01:05:04.449 [Test worker] DEBUG org.springframework.test.context.cache - Spring test ApplicationContext cache statistics: [DefaultContextCache@64a9d48c size = 1, maxSize = 32, parentContextCount = 0, hitCount = 135, missCount = 1]
01:05:04.461 [Test worker] DEBUG org.springframework.test.context.cache.DefaultCacheAwareContextLoaderDelegate - Retrieved ApplicationContext [1651667865] from cache with key [[MergedContextConfiguration@40238dd0 testClass = BoardManagerTest, locations = '{}', classes = '{class org.waldreg.board.board.management.DefaultBoardManager, class org.waldreg.util.token.DecryptedTokenContext}', contextInitializerClasses = '[]', activeProfiles = '{}', propertySourceLocations = '{}', propertySourceProperties = '{}', contextCustomizers = set[org.springframework.boot.test.autoconfigure.actuate.metrics.MetricsExportContextCustomizerFactory$DisableMetricExportContextCustomizer@5c2375a9, org.springframework.boot.test.autoconfigure.properties.PropertyMappingContextCustomizer@0, org.springframework.boot.test.autoconfigure.web.servlet.WebDriverContextCustomizerFactory$Customizer@2fd953a6, org.springframework.boot.test.context.filter.ExcludeFilterContextCustomizer@66c61024, org.springframework.boot.test.json.DuplicateJsonObjectContextCustomizerFactory$DuplicateJsonObjectContextCustomizer@35432107, org.springframework.boot.test.mock.mockito.MockitoContextCustomizer@8f4afa1e], contextLoader = 'org.springframework.test.context.support.DelegatingSmartContextLoader', parent = [null]]]
01:05:04.461 [Test worker] DEBUG org.springframework.test.context.cache - Spring test ApplicationContext cache statistics: [DefaultContextCache@64a9d48c size = 1, maxSize = 32, parentContextCount = 0, hitCount = 136, missCount = 1]
01:05:04.462 [Test worker] DEBUG org.springframework.test.context.cache.DefaultCacheAwareContextLoaderDelegate - Retrieved ApplicationContext [1651667865] from cache with key [[MergedContextConfiguration@40238dd0 testClass = BoardManagerTest, locations = '{}', classes = '{class org.waldreg.board.board.management.DefaultBoardManager, class org.waldreg.util.token.DecryptedTokenContext}', contextInitializerClasses = '[]', activeProfiles = '{}', propertySourceLocations = '{}', propertySourceProperties = '{}', contextCustomizers = set[org.springframework.boot.test.autoconfigure.actuate.metrics.MetricsExportContextCustomizerFactory$DisableMetricExportContextCustomizer@5c2375a9, org.springframework.boot.test.autoconfigure.properties.PropertyMappingContextCustomizer@0, org.springframework.boot.test.autoconfigure.web.servlet.WebDriverContextCustomizerFactory$Customizer@2fd953a6, org.springframework.boot.test.context.filter.ExcludeFilterContextCustomizer@66c61024, org.springframework.boot.test.json.DuplicateJsonObjectContextCustomizerFactory$DuplicateJsonObjectContextCustomizer@35432107, org.springframework.boot.test.mock.mockito.MockitoContextCustomizer@8f4afa1e], contextLoader = 'org.springframework.test.context.support.DelegatingSmartContextLoader', parent = [null]]]
01:05:04.462 [Test worker] DEBUG org.springframework.test.context.cache - Spring test ApplicationContext cache statistics: [DefaultContextCache@64a9d48c size = 1, maxSize = 32, parentContextCount = 0, hitCount = 137, missCount = 1]
01:05:04.463 [Test worker] DEBUG org.springframework.test.context.cache.DefaultCacheAwareContextLoaderDelegate - Retrieved ApplicationContext [1651667865] from cache with key [[MergedContextConfiguration@40238dd0 testClass = BoardManagerTest, locations = '{}', classes = '{class org.waldreg.board.board.management.DefaultBoardManager, class org.waldreg.util.token.DecryptedTokenContext}', contextInitializerClasses = '[]', activeProfiles = '{}', propertySourceLocations = '{}', propertySourceProperties = '{}', contextCustomizers = set[org.springframework.boot.test.autoconfigure.actuate.metrics.MetricsExportContextCustomizerFactory$DisableMetricExportContextCustomizer@5c2375a9, org.springframework.boot.test.autoconfigure.properties.PropertyMappingContextCustomizer@0, org.springframework.boot.test.autoconfigure.web.servlet.WebDriverContextCustomizerFactory$Customizer@2fd953a6, org.springframework.boot.test.context.filter.ExcludeFilterContextCustomizer@66c61024, org.springframework.boot.test.json.DuplicateJsonObjectContextCustomizerFactory$DuplicateJsonObjectContextCustomizer@35432107, org.springframework.boot.test.mock.mockito.MockitoContextCustomizer@8f4afa1e], contextLoader = 'org.springframework.test.context.support.DelegatingSmartContextLoader', parent = [null]]]
01:05:04.463 [Test worker] DEBUG org.springframework.test.context.cache - Spring test ApplicationContext cache statistics: [DefaultContextCache@64a9d48c size = 1, maxSize = 32, parentContextCount = 0, hitCount = 138, missCount = 1]
01:05:04.463 [Test worker] DEBUG org.springframework.test.context.cache.DefaultCacheAwareContextLoaderDelegate - Retrieved ApplicationContext [1651667865] from cache with key [[MergedContextConfiguration@40238dd0 testClass = BoardManagerTest, locations = '{}', classes = '{class org.waldreg.board.board.management.DefaultBoardManager, class org.waldreg.util.token.DecryptedTokenContext}', contextInitializerClasses = '[]', activeProfiles = '{}', propertySourceLocations = '{}', propertySourceProperties = '{}', contextCustomizers = set[org.springframework.boot.test.autoconfigure.actuate.metrics.MetricsExportContextCustomizerFactory$DisableMetricExportContextCustomizer@5c2375a9, org.springframework.boot.test.autoconfigure.properties.PropertyMappingContextCustomizer@0, org.springframework.boot.test.autoconfigure.web.servlet.WebDriverContextCustomizerFactory$Customizer@2fd953a6, org.springframework.boot.test.context.filter.ExcludeFilterContextCustomizer@66c61024, org.springframework.boot.test.json.DuplicateJsonObjectContextCustomizerFactory$DuplicateJsonObjectContextCustomizer@35432107, org.springframework.boot.test.mock.mockito.MockitoContextCustomizer@8f4afa1e], contextLoader = 'org.springframework.test.context.support.DelegatingSmartContextLoader', parent = [null]]]
01:05:04.463 [Test worker] DEBUG org.springframework.test.context.cache - Spring test ApplicationContext cache statistics: [DefaultContextCache@64a9d48c size = 1, maxSize = 32, parentContextCount = 0, hitCount = 139, missCount = 1]
01:05:04.477 [Test worker] DEBUG org.springframework.test.context.cache.DefaultCacheAwareContextLoaderDelegate - Retrieved ApplicationContext [1651667865] from cache with key [[MergedContextConfiguration@40238dd0 testClass = BoardManagerTest, locations = '{}', classes = '{class org.waldreg.board.board.management.DefaultBoardManager, class org.waldreg.util.token.DecryptedTokenContext}', contextInitializerClasses = '[]', activeProfiles = '{}', propertySourceLocations = '{}', propertySourceProperties = '{}', contextCustomizers = set[org.springframework.boot.test.autoconfigure.actuate.metrics.MetricsExportContextCustomizerFactory$DisableMetricExportContextCustomizer@5c2375a9, org.springframework.boot.test.autoconfigure.properties.PropertyMappingContextCustomizer@0, org.springframework.boot.test.autoconfigure.web.servlet.WebDriverContextCustomizerFactory$Customizer@2fd953a6, org.springframework.boot.test.context.filter.ExcludeFilterContextCustomizer@66c61024, org.springframework.boot.test.json.DuplicateJsonObjectContextCustomizerFactory$DuplicateJsonObjectContextCustomizer@35432107, org.springframework.boot.test.mock.mockito.MockitoContextCustomizer@8f4afa1e], contextLoader = 'org.springframework.test.context.support.DelegatingSmartContextLoader', parent = [null]]]
01:05:04.477 [Test worker] DEBUG org.springframework.test.context.cache - Spring test ApplicationContext cache statistics: [DefaultContextCache@64a9d48c size = 1, maxSize = 32, parentContextCount = 0, hitCount = 140, missCount = 1]
01:05:04.477 [Test worker] DEBUG org.springframework.test.context.cache.DefaultCacheAwareContextLoaderDelegate - Retrieved ApplicationContext [1651667865] from cache with key [[MergedContextConfiguration@40238dd0 testClass = BoardManagerTest, locations = '{}', classes = '{class org.waldreg.board.board.management.DefaultBoardManager, class org.waldreg.util.token.DecryptedTokenContext}', contextInitializerClasses = '[]', activeProfiles = '{}', propertySourceLocations = '{}', propertySourceProperties = '{}', contextCustomizers = set[org.springframework.boot.test.autoconfigure.actuate.metrics.MetricsExportContextCustomizerFactory$DisableMetricExportContextCustomizer@5c2375a9, org.springframework.boot.test.autoconfigure.properties.PropertyMappingContextCustomizer@0, org.springframework.boot.test.autoconfigure.web.servlet.WebDriverContextCustomizerFactory$Customizer@2fd953a6, org.springframework.boot.test.context.filter.ExcludeFilterContextCustomizer@66c61024, org.springframework.boot.test.json.DuplicateJsonObjectContextCustomizerFactory$DuplicateJsonObjectContextCustomizer@35432107, org.springframework.boot.test.mock.mockito.MockitoContextCustomizer@8f4afa1e], contextLoader = 'org.springframework.test.context.support.DelegatingSmartContextLoader', parent = [null]]]
01:05:04.477 [Test worker] DEBUG org.springframework.test.context.cache - Spring test ApplicationContext cache statistics: [DefaultContextCache@64a9d48c size = 1, maxSize = 32, parentContextCount = 0, hitCount = 141, missCount = 1]
01:05:04.477 [Test worker] DEBUG org.springframework.test.context.cache.DefaultCacheAwareContextLoaderDelegate - Retrieved ApplicationContext [1651667865] from cache with key [[MergedContextConfiguration@40238dd0 testClass = BoardManagerTest, locations = '{}', classes = '{class org.waldreg.board.board.management.DefaultBoardManager, class org.waldreg.util.token.DecryptedTokenContext}', contextInitializerClasses = '[]', activeProfiles = '{}', propertySourceLocations = '{}', propertySourceProperties = '{}', contextCustomizers = set[org.springframework.boot.test.autoconfigure.actuate.metrics.MetricsExportContextCustomizerFactory$DisableMetricExportContextCustomizer@5c2375a9, org.springframework.boot.test.autoconfigure.properties.PropertyMappingContextCustomizer@0, org.springframework.boot.test.autoconfigure.web.servlet.WebDriverContextCustomizerFactory$Customizer@2fd953a6, org.springframework.boot.test.context.filter.ExcludeFilterContextCustomizer@66c61024, org.springframework.boot.test.json.DuplicateJsonObjectContextCustomizerFactory$DuplicateJsonObjectContextCustomizer@35432107, org.springframework.boot.test.mock.mockito.MockitoContextCustomizer@8f4afa1e], contextLoader = 'org.springframework.test.context.support.DelegatingSmartContextLoader', parent = [null]]]
01:05:04.477 [Test worker] DEBUG org.springframework.test.context.cache - Spring test ApplicationContext cache statistics: [DefaultContextCache@64a9d48c size = 1, maxSize = 32, parentContextCount = 0, hitCount = 142, missCount = 1]
01:05:04.489 [Test worker] DEBUG org.springframework.test.context.cache.DefaultCacheAwareContextLoaderDelegate - Retrieved ApplicationContext [1651667865] from cache with key [[MergedContextConfiguration@40238dd0 testClass = BoardManagerTest, locations = '{}', classes = '{class org.waldreg.board.board.management.DefaultBoardManager, class org.waldreg.util.token.DecryptedTokenContext}', contextInitializerClasses = '[]', activeProfiles = '{}', propertySourceLocations = '{}', propertySourceProperties = '{}', contextCustomizers = set[org.springframework.boot.test.autoconfigure.actuate.metrics.MetricsExportContextCustomizerFactory$DisableMetricExportContextCustomizer@5c2375a9, org.springframework.boot.test.autoconfigure.properties.PropertyMappingContextCustomizer@0, org.springframework.boot.test.autoconfigure.web.servlet.WebDriverContextCustomizerFactory$Customizer@2fd953a6, org.springframework.boot.test.context.filter.ExcludeFilterContextCustomizer@66c61024, org.springframework.boot.test.json.DuplicateJsonObjectContextCustomizerFactory$DuplicateJsonObjectContextCustomizer@35432107, org.springframework.boot.test.mock.mockito.MockitoContextCustomizer@8f4afa1e], contextLoader = 'org.springframework.test.context.support.DelegatingSmartContextLoader', parent = [null]]]
01:05:04.489 [Test worker] DEBUG org.springframework.test.context.cache - Spring test ApplicationContext cache statistics: [DefaultContextCache@64a9d48c size = 1, maxSize = 32, parentContextCount = 0, hitCount = 143, missCount = 1]
01:05:04.490 [Test worker] DEBUG org.springframework.test.context.support.AbstractDirtiesContextTestExecutionListener - After test method: context [DefaultTestContext@1afdd473 testClass = BoardManagerTest, testInstance = org.waldreg.board.board.BoardManagerTest@7808f638, testMethod = INQUIRY_BOARD_BY_ID_FAIL_TEST@BoardManagerTest, testException = [null], mergedContextConfiguration = [MergedContextConfiguration@40238dd0 testClass = BoardManagerTest, locations = '{}', classes = '{class org.waldreg.board.board.management.DefaultBoardManager, class org.waldreg.util.token.DecryptedTokenContext}', contextInitializerClasses = '[]', activeProfiles = '{}', propertySourceLocations = '{}', propertySourceProperties = '{}', contextCustomizers = set[org.springframework.boot.test.autoconfigure.actuate.metrics.MetricsExportContextCustomizerFactory$DisableMetricExportContextCustomizer@5c2375a9, org.springframework.boot.test.autoconfigure.properties.PropertyMappingContextCustomizer@0, org.springframework.boot.test.autoconfigure.web.servlet.WebDriverContextCustomizerFactory$Customizer@2fd953a6, org.springframework.boot.test.context.filter.ExcludeFilterContextCustomizer@66c61024, org.springframework.boot.test.json.DuplicateJsonObjectContextCustomizerFactory$DuplicateJsonObjectContextCustomizer@35432107, org.springframework.boot.test.mock.mockito.MockitoContextCustomizer@8f4afa1e], contextLoader = 'org.springframework.test.context.support.DelegatingSmartContextLoader', parent = [null]], attributes = map['org.springframework.test.context.event.ApplicationEventsTestExecutionListener.recordApplicationEvents' -> false]], class annotated with @DirtiesContext [false] with mode [null], method annotated with @DirtiesContext [false] with mode [null].
01:05:04.490 [Test worker] DEBUG org.springframework.test.context.cache.DefaultCacheAwareContextLoaderDelegate - Retrieved ApplicationContext [1651667865] from cache with key [[MergedContextConfiguration@40238dd0 testClass = BoardManagerTest, locations = '{}', classes = '{class org.waldreg.board.board.management.DefaultBoardManager, class org.waldreg.util.token.DecryptedTokenContext}', contextInitializerClasses = '[]', activeProfiles = '{}', propertySourceLocations = '{}', propertySourceProperties = '{}', contextCustomizers = set[org.springframework.boot.test.autoconfigure.actuate.metrics.MetricsExportContextCustomizerFactory$DisableMetricExportContextCustomizer@5c2375a9, org.springframework.boot.test.autoconfigure.properties.PropertyMappingContextCustomizer@0, org.springframework.boot.test.autoconfigure.web.servlet.WebDriverContextCustomizerFactory$Customizer@2fd953a6, org.springframework.boot.test.context.filter.ExcludeFilterContextCustomizer@66c61024, org.springframework.boot.test.json.DuplicateJsonObjectContextCustomizerFactory$DuplicateJsonObjectContextCustomizer@35432107, org.springframework.boot.test.mock.mockito.MockitoContextCustomizer@8f4afa1e], contextLoader = 'org.springframework.test.context.support.DelegatingSmartContextLoader', parent = [null]]]
01:05:04.490 [Test worker] DEBUG org.springframework.test.context.cache - Spring test ApplicationContext cache statistics: [DefaultContextCache@64a9d48c size = 1, maxSize = 32, parentContextCount = 0, hitCount = 144, missCount = 1]
01:05:04.491 [Test worker] DEBUG org.springframework.test.context.support.DependencyInjectionTestExecutionListener - Performing dependency injection for test context [[DefaultTestContext@1afdd473 testClass = BoardManagerTest, testInstance = org.waldreg.board.board.BoardManagerTest@1e141e42, testMethod = [null], testException = [null], mergedContextConfiguration = [MergedContextConfiguration@40238dd0 testClass = BoardManagerTest, locations = '{}', classes = '{class org.waldreg.board.board.management.DefaultBoardManager, class org.waldreg.util.token.DecryptedTokenContext}', contextInitializerClasses = '[]', activeProfiles = '{}', propertySourceLocations = '{}', propertySourceProperties = '{}', contextCustomizers = set[org.springframework.boot.test.autoconfigure.actuate.metrics.MetricsExportContextCustomizerFactory$DisableMetricExportContextCustomizer@5c2375a9, org.springframework.boot.test.autoconfigure.properties.PropertyMappingContextCustomizer@0, org.springframework.boot.test.autoconfigure.web.servlet.WebDriverContextCustomizerFactory$Customizer@2fd953a6, org.springframework.boot.test.context.filter.ExcludeFilterContextCustomizer@66c61024, org.springframework.boot.test.json.DuplicateJsonObjectContextCustomizerFactory$DuplicateJsonObjectContextCustomizer@35432107, org.springframework.boot.test.mock.mockito.MockitoContextCustomizer@8f4afa1e], contextLoader = 'org.springframework.test.context.support.DelegatingSmartContextLoader', parent = [null]], attributes = map['org.springframework.test.context.event.ApplicationEventsTestExecutionListener.recordApplicationEvents' -> false]]].
01:05:04.491 [Test worker] DEBUG org.springframework.test.context.cache.DefaultCacheAwareContextLoaderDelegate - Retrieved ApplicationContext [1651667865] from cache with key [[MergedContextConfiguration@40238dd0 testClass = BoardManagerTest, locations = '{}', classes = '{class org.waldreg.board.board.management.DefaultBoardManager, class org.waldreg.util.token.DecryptedTokenContext}', contextInitializerClasses = '[]', activeProfiles = '{}', propertySourceLocations = '{}', propertySourceProperties = '{}', contextCustomizers = set[org.springframework.boot.test.autoconfigure.actuate.metrics.MetricsExportContextCustomizerFactory$DisableMetricExportContextCustomizer@5c2375a9, org.springframework.boot.test.autoconfigure.properties.PropertyMappingContextCustomizer@0, org.springframework.boot.test.autoconfigure.web.servlet.WebDriverContextCustomizerFactory$Customizer@2fd953a6, org.springframework.boot.test.context.filter.ExcludeFilterContextCustomizer@66c61024, org.springframework.boot.test.json.DuplicateJsonObjectContextCustomizerFactory$DuplicateJsonObjectContextCustomizer@35432107, org.springframework.boot.test.mock.mockito.MockitoContextCustomizer@8f4afa1e], contextLoader = 'org.springframework.test.context.support.DelegatingSmartContextLoader', parent = [null]]]
01:05:04.491 [Test worker] DEBUG org.springframework.test.context.cache - Spring test ApplicationContext cache statistics: [DefaultContextCache@64a9d48c size = 1, maxSize = 32, parentContextCount = 0, hitCount = 145, missCount = 1]
01:05:04.491 [Test worker] DEBUG org.springframework.test.context.cache.DefaultCacheAwareContextLoaderDelegate - Retrieved ApplicationContext [1651667865] from cache with key [[MergedContextConfiguration@40238dd0 testClass = BoardManagerTest, locations = '{}', classes = '{class org.waldreg.board.board.management.DefaultBoardManager, class org.waldreg.util.token.DecryptedTokenContext}', contextInitializerClasses = '[]', activeProfiles = '{}', propertySourceLocations = '{}', propertySourceProperties = '{}', contextCustomizers = set[org.springframework.boot.test.autoconfigure.actuate.metrics.MetricsExportContextCustomizerFactory$DisableMetricExportContextCustomizer@5c2375a9, org.springframework.boot.test.autoconfigure.properties.PropertyMappingContextCustomizer@0, org.springframework.boot.test.autoconfigure.web.servlet.WebDriverContextCustomizerFactory$Customizer@2fd953a6, org.springframework.boot.test.context.filter.ExcludeFilterContextCustomizer@66c61024, org.springframework.boot.test.json.DuplicateJsonObjectContextCustomizerFactory$DuplicateJsonObjectContextCustomizer@35432107, org.springframework.boot.test.mock.mockito.MockitoContextCustomizer@8f4afa1e], contextLoader = 'org.springframework.test.context.support.DelegatingSmartContextLoader', parent = [null]]]
01:05:04.491 [Test worker] DEBUG org.springframework.test.context.cache - Spring test ApplicationContext cache statistics: [DefaultContextCache@64a9d48c size = 1, maxSize = 32, parentContextCount = 0, hitCount = 146, missCount = 1]
01:05:04.491 [Test worker] DEBUG org.springframework.test.context.support.AbstractDirtiesContextTestExecutionListener - Before test method: context [DefaultTestContext@1afdd473 testClass = BoardManagerTest, testInstance = org.waldreg.board.board.BoardManagerTest@1e141e42, testMethod = INQUIRY_ALL_BOARD_CATEGORY_FAIL_INVALID_RANGE_TEST@BoardManagerTest, testException = [null], mergedContextConfiguration = [MergedContextConfiguration@40238dd0 testClass = BoardManagerTest, locations = '{}', classes = '{class org.waldreg.board.board.management.DefaultBoardManager, class org.waldreg.util.token.DecryptedTokenContext}', contextInitializerClasses = '[]', activeProfiles = '{}', propertySourceLocations = '{}', propertySourceProperties = '{}', contextCustomizers = set[org.springframework.boot.test.autoconfigure.actuate.metrics.MetricsExportContextCustomizerFactory$DisableMetricExportContextCustomizer@5c2375a9, org.springframework.boot.test.autoconfigure.properties.PropertyMappingContextCustomizer@0, org.springframework.boot.test.autoconfigure.web.servlet.WebDriverContextCustomizerFactory$Customizer@2fd953a6, org.springframework.boot.test.context.filter.ExcludeFilterContextCustomizer@66c61024, org.springframework.boot.test.json.DuplicateJsonObjectContextCustomizerFactory$DuplicateJsonObjectContextCustomizer@35432107, org.springframework.boot.test.mock.mockito.MockitoContextCustomizer@8f4afa1e], contextLoader = 'org.springframework.test.context.support.DelegatingSmartContextLoader', parent = [null]], attributes = map['org.springframework.test.context.event.ApplicationEventsTestExecutionListener.recordApplicationEvents' -> false]], class annotated with @DirtiesContext [false] with mode [null], method annotated with @DirtiesContext [false] with mode [null].
01:05:04.491 [Test worker] DEBUG org.springframework.test.context.cache.DefaultCacheAwareContextLoaderDelegate - Retrieved ApplicationContext [1651667865] from cache with key [[MergedContextConfiguration@40238dd0 testClass = BoardManagerTest, locations = '{}', classes = '{class org.waldreg.board.board.management.DefaultBoardManager, class org.waldreg.util.token.DecryptedTokenContext}', contextInitializerClasses = '[]', activeProfiles = '{}', propertySourceLocations = '{}', propertySourceProperties = '{}', contextCustomizers = set[org.springframework.boot.test.autoconfigure.actuate.metrics.MetricsExportContextCustomizerFactory$DisableMetricExportContextCustomizer@5c2375a9, org.springframework.boot.test.autoconfigure.properties.PropertyMappingContextCustomizer@0, org.springframework.boot.test.autoconfigure.web.servlet.WebDriverContextCustomizerFactory$Customizer@2fd953a6, org.springframework.boot.test.context.filter.ExcludeFilterContextCustomizer@66c61024, org.springframework.boot.test.json.DuplicateJsonObjectContextCustomizerFactory$DuplicateJsonObjectContextCustomizer@35432107, org.springframework.boot.test.mock.mockito.MockitoContextCustomizer@8f4afa1e], contextLoader = 'org.springframework.test.context.support.DelegatingSmartContextLoader', parent = [null]]]
01:05:04.492 [Test worker] DEBUG org.springframework.test.context.cache - Spring test ApplicationContext cache statistics: [DefaultContextCache@64a9d48c size = 1, maxSize = 32, parentContextCount = 0, hitCount = 147, missCount = 1]
01:05:04.505 [Test worker] DEBUG org.springframework.test.context.cache.DefaultCacheAwareContextLoaderDelegate - Retrieved ApplicationContext [1651667865] from cache with key [[MergedContextConfiguration@40238dd0 testClass = BoardManagerTest, locations = '{}', classes = '{class org.waldreg.board.board.management.DefaultBoardManager, class org.waldreg.util.token.DecryptedTokenContext}', contextInitializerClasses = '[]', activeProfiles = '{}', propertySourceLocations = '{}', propertySourceProperties = '{}', contextCustomizers = set[org.springframework.boot.test.autoconfigure.actuate.metrics.MetricsExportContextCustomizerFactory$DisableMetricExportContextCustomizer@5c2375a9, org.springframework.boot.test.autoconfigure.properties.PropertyMappingContextCustomizer@0, org.springframework.boot.test.autoconfigure.web.servlet.WebDriverContextCustomizerFactory$Customizer@2fd953a6, org.springframework.boot.test.context.filter.ExcludeFilterContextCustomizer@66c61024, org.springframework.boot.test.json.DuplicateJsonObjectContextCustomizerFactory$DuplicateJsonObjectContextCustomizer@35432107, org.springframework.boot.test.mock.mockito.MockitoContextCustomizer@8f4afa1e], contextLoader = 'org.springframework.test.context.support.DelegatingSmartContextLoader', parent = [null]]]
01:05:04.505 [Test worker] DEBUG org.springframework.test.context.cache - Spring test ApplicationContext cache statistics: [DefaultContextCache@64a9d48c size = 1, maxSize = 32, parentContextCount = 0, hitCount = 148, missCount = 1]
01:05:04.506 [Test worker] DEBUG org.springframework.test.context.cache.DefaultCacheAwareContextLoaderDelegate - Retrieved ApplicationContext [1651667865] from cache with key [[MergedContextConfiguration@40238dd0 testClass = BoardManagerTest, locations = '{}', classes = '{class org.waldreg.board.board.management.DefaultBoardManager, class org.waldreg.util.token.DecryptedTokenContext}', contextInitializerClasses = '[]', activeProfiles = '{}', propertySourceLocations = '{}', propertySourceProperties = '{}', contextCustomizers = set[org.springframework.boot.test.autoconfigure.actuate.metrics.MetricsExportContextCustomizerFactory$DisableMetricExportContextCustomizer@5c2375a9, org.springframework.boot.test.autoconfigure.properties.PropertyMappingContextCustomizer@0, org.springframework.boot.test.autoconfigure.web.servlet.WebDriverContextCustomizerFactory$Customizer@2fd953a6, org.springframework.boot.test.context.filter.ExcludeFilterContextCustomizer@66c61024, org.springframework.boot.test.json.DuplicateJsonObjectContextCustomizerFactory$DuplicateJsonObjectContextCustomizer@35432107, org.springframework.boot.test.mock.mockito.MockitoContextCustomizer@8f4afa1e], contextLoader = 'org.springframework.test.context.support.DelegatingSmartContextLoader', parent = [null]]]
01:05:04.506 [Test worker] DEBUG org.springframework.test.context.cache - Spring test ApplicationContext cache statistics: [DefaultContextCache@64a9d48c size = 1, maxSize = 32, parentContextCount = 0, hitCount = 149, missCount = 1]
01:05:04.507 [Test worker] DEBUG org.springframework.test.context.cache.DefaultCacheAwareContextLoaderDelegate - Retrieved ApplicationContext [1651667865] from cache with key [[MergedContextConfiguration@40238dd0 testClass = BoardManagerTest, locations = '{}', classes = '{class org.waldreg.board.board.management.DefaultBoardManager, class org.waldreg.util.token.DecryptedTokenContext}', contextInitializerClasses = '[]', activeProfiles = '{}', propertySourceLocations = '{}', propertySourceProperties = '{}', contextCustomizers = set[org.springframework.boot.test.autoconfigure.actuate.metrics.MetricsExportContextCustomizerFactory$DisableMetricExportContextCustomizer@5c2375a9, org.springframework.boot.test.autoconfigure.properties.PropertyMappingContextCustomizer@0, org.springframework.boot.test.autoconfigure.web.servlet.WebDriverContextCustomizerFactory$Customizer@2fd953a6, org.springframework.boot.test.context.filter.ExcludeFilterContextCustomizer@66c61024, org.springframework.boot.test.json.DuplicateJsonObjectContextCustomizerFactory$DuplicateJsonObjectContextCustomizer@35432107, org.springframework.boot.test.mock.mockito.MockitoContextCustomizer@8f4afa1e], contextLoader = 'org.springframework.test.context.support.DelegatingSmartContextLoader', parent = [null]]]
01:05:04.507 [Test worker] DEBUG org.springframework.test.context.cache - Spring test ApplicationContext cache statistics: [DefaultContextCache@64a9d48c size = 1, maxSize = 32, parentContextCount = 0, hitCount = 150, missCount = 1]
01:05:04.507 [Test worker] DEBUG org.springframework.test.context.cache.DefaultCacheAwareContextLoaderDelegate - Retrieved ApplicationContext [1651667865] from cache with key [[MergedContextConfiguration@40238dd0 testClass = BoardManagerTest, locations = '{}', classes = '{class org.waldreg.board.board.management.DefaultBoardManager, class org.waldreg.util.token.DecryptedTokenContext}', contextInitializerClasses = '[]', activeProfiles = '{}', propertySourceLocations = '{}', propertySourceProperties = '{}', contextCustomizers = set[org.springframework.boot.test.autoconfigure.actuate.metrics.MetricsExportContextCustomizerFactory$DisableMetricExportContextCustomizer@5c2375a9, org.springframework.boot.test.autoconfigure.properties.PropertyMappingContextCustomizer@0, org.springframework.boot.test.autoconfigure.web.servlet.WebDriverContextCustomizerFactory$Customizer@2fd953a6, org.springframework.boot.test.context.filter.ExcludeFilterContextCustomizer@66c61024, org.springframework.boot.test.json.DuplicateJsonObjectContextCustomizerFactory$DuplicateJsonObjectContextCustomizer@35432107, org.springframework.boot.test.mock.mockito.MockitoContextCustomizer@8f4afa1e], contextLoader = 'org.springframework.test.context.support.DelegatingSmartContextLoader', parent = [null]]]
01:05:04.507 [Test worker] DEBUG org.springframework.test.context.cache - Spring test ApplicationContext cache statistics: [DefaultContextCache@64a9d48c size = 1, maxSize = 32, parentContextCount = 0, hitCount = 151, missCount = 1]
01:05:04.522 [Test worker] DEBUG org.springframework.test.context.cache.DefaultCacheAwareContextLoaderDelegate - Retrieved ApplicationContext [1651667865] from cache with key [[MergedContextConfiguration@40238dd0 testClass = BoardManagerTest, locations = '{}', classes = '{class org.waldreg.board.board.management.DefaultBoardManager, class org.waldreg.util.token.DecryptedTokenContext}', contextInitializerClasses = '[]', activeProfiles = '{}', propertySourceLocations = '{}', propertySourceProperties = '{}', contextCustomizers = set[org.springframework.boot.test.autoconfigure.actuate.metrics.MetricsExportContextCustomizerFactory$DisableMetricExportContextCustomizer@5c2375a9, org.springframework.boot.test.autoconfigure.properties.PropertyMappingContextCustomizer@0, org.springframework.boot.test.autoconfigure.web.servlet.WebDriverContextCustomizerFactory$Customizer@2fd953a6, org.springframework.boot.test.context.filter.ExcludeFilterContextCustomizer@66c61024, org.springframework.boot.test.json.DuplicateJsonObjectContextCustomizerFactory$DuplicateJsonObjectContextCustomizer@35432107, org.springframework.boot.test.mock.mockito.MockitoContextCustomizer@8f4afa1e], contextLoader = 'org.springframework.test.context.support.DelegatingSmartContextLoader', parent = [null]]]
01:05:04.522 [Test worker] DEBUG org.springframework.test.context.cache - Spring test ApplicationContext cache statistics: [DefaultContextCache@64a9d48c size = 1, maxSize = 32, parentContextCount = 0, hitCount = 152, missCount = 1]
01:05:04.522 [Test worker] DEBUG org.springframework.test.context.cache.DefaultCacheAwareContextLoaderDelegate - Retrieved ApplicationContext [1651667865] from cache with key [[MergedContextConfiguration@40238dd0 testClass = BoardManagerTest, locations = '{}', classes = '{class org.waldreg.board.board.management.DefaultBoardManager, class org.waldreg.util.token.DecryptedTokenContext}', contextInitializerClasses = '[]', activeProfiles = '{}', propertySourceLocations = '{}', propertySourceProperties = '{}', contextCustomizers = set[org.springframework.boot.test.autoconfigure.actuate.metrics.MetricsExportContextCustomizerFactory$DisableMetricExportContextCustomizer@5c2375a9, org.springframework.boot.test.autoconfigure.properties.PropertyMappingContextCustomizer@0, org.springframework.boot.test.autoconfigure.web.servlet.WebDriverContextCustomizerFactory$Customizer@2fd953a6, org.springframework.boot.test.context.filter.ExcludeFilterContextCustomizer@66c61024, org.springframework.boot.test.json.DuplicateJsonObjectContextCustomizerFactory$DuplicateJsonObjectContextCustomizer@35432107, org.springframework.boot.test.mock.mockito.MockitoContextCustomizer@8f4afa1e], contextLoader = 'org.springframework.test.context.support.DelegatingSmartContextLoader', parent = [null]]]
01:05:04.522 [Test worker] DEBUG org.springframework.test.context.cache - Spring test ApplicationContext cache statistics: [DefaultContextCache@64a9d48c size = 1, maxSize = 32, parentContextCount = 0, hitCount = 153, missCount = 1]
01:05:04.522 [Test worker] DEBUG org.springframework.test.context.cache.DefaultCacheAwareContextLoaderDelegate - Retrieved ApplicationContext [1651667865] from cache with key [[MergedContextConfiguration@40238dd0 testClass = BoardManagerTest, locations = '{}', classes = '{class org.waldreg.board.board.management.DefaultBoardManager, class org.waldreg.util.token.DecryptedTokenContext}', contextInitializerClasses = '[]', activeProfiles = '{}', propertySourceLocations = '{}', propertySourceProperties = '{}', contextCustomizers = set[org.springframework.boot.test.autoconfigure.actuate.metrics.MetricsExportContextCustomizerFactory$DisableMetricExportContextCustomizer@5c2375a9, org.springframework.boot.test.autoconfigure.properties.PropertyMappingContextCustomizer@0, org.springframework.boot.test.autoconfigure.web.servlet.WebDriverContextCustomizerFactory$Customizer@2fd953a6, org.springframework.boot.test.context.filter.ExcludeFilterContextCustomizer@66c61024, org.springframework.boot.test.json.DuplicateJsonObjectContextCustomizerFactory$DuplicateJsonObjectContextCustomizer@35432107, org.springframework.boot.test.mock.mockito.MockitoContextCustomizer@8f4afa1e], contextLoader = 'org.springframework.test.context.support.DelegatingSmartContextLoader', parent = [null]]]
01:05:04.522 [Test worker] DEBUG org.springframework.test.context.cache - Spring test ApplicationContext cache statistics: [DefaultContextCache@64a9d48c size = 1, maxSize = 32, parentContextCount = 0, hitCount = 154, missCount = 1]
01:05:04.538 [Test worker] DEBUG org.springframework.test.context.cache.DefaultCacheAwareContextLoaderDelegate - Retrieved ApplicationContext [1651667865] from cache with key [[MergedContextConfiguration@40238dd0 testClass = BoardManagerTest, locations = '{}', classes = '{class org.waldreg.board.board.management.DefaultBoardManager, class org.waldreg.util.token.DecryptedTokenContext}', contextInitializerClasses = '[]', activeProfiles = '{}', propertySourceLocations = '{}', propertySourceProperties = '{}', contextCustomizers = set[org.springframework.boot.test.autoconfigure.actuate.metrics.MetricsExportContextCustomizerFactory$DisableMetricExportContextCustomizer@5c2375a9, org.springframework.boot.test.autoconfigure.properties.PropertyMappingContextCustomizer@0, org.springframework.boot.test.autoconfigure.web.servlet.WebDriverContextCustomizerFactory$Customizer@2fd953a6, org.springframework.boot.test.context.filter.ExcludeFilterContextCustomizer@66c61024, org.springframework.boot.test.json.DuplicateJsonObjectContextCustomizerFactory$DuplicateJsonObjectContextCustomizer@35432107, org.springframework.boot.test.mock.mockito.MockitoContextCustomizer@8f4afa1e], contextLoader = 'org.springframework.test.context.support.DelegatingSmartContextLoader', parent = [null]]]
01:05:04.538 [Test worker] DEBUG org.springframework.test.context.cache - Spring test ApplicationContext cache statistics: [DefaultContextCache@64a9d48c size = 1, maxSize = 32, parentContextCount = 0, hitCount = 155, missCount = 1]
01:05:04.538 [Test worker] DEBUG org.springframework.test.context.support.AbstractDirtiesContextTestExecutionListener - After test method: context [DefaultTestContext@1afdd473 testClass = BoardManagerTest, testInstance = org.waldreg.board.board.BoardManagerTest@1e141e42, testMethod = INQUIRY_ALL_BOARD_CATEGORY_FAIL_INVALID_RANGE_TEST@BoardManagerTest, testException = [null], mergedContextConfiguration = [MergedContextConfiguration@40238dd0 testClass = BoardManagerTest, locations = '{}', classes = '{class org.waldreg.board.board.management.DefaultBoardManager, class org.waldreg.util.token.DecryptedTokenContext}', contextInitializerClasses = '[]', activeProfiles = '{}', propertySourceLocations = '{}', propertySourceProperties = '{}', contextCustomizers = set[org.springframework.boot.test.autoconfigure.actuate.metrics.MetricsExportContextCustomizerFactory$DisableMetricExportContextCustomizer@5c2375a9, org.springframework.boot.test.autoconfigure.properties.PropertyMappingContextCustomizer@0, org.springframework.boot.test.autoconfigure.web.servlet.WebDriverContextCustomizerFactory$Customizer@2fd953a6, org.springframework.boot.test.context.filter.ExcludeFilterContextCustomizer@66c61024, org.springframework.boot.test.json.DuplicateJsonObjectContextCustomizerFactory$DuplicateJsonObjectContextCustomizer@35432107, org.springframework.boot.test.mock.mockito.MockitoContextCustomizer@8f4afa1e], contextLoader = 'org.springframework.test.context.support.DelegatingSmartContextLoader', parent = [null]], attributes = map['org.springframework.test.context.event.ApplicationEventsTestExecutionListener.recordApplicationEvents' -> false]], class annotated with @DirtiesContext [false] with mode [null], method annotated with @DirtiesContext [false] with mode [null].
01:05:04.539 [Test worker] DEBUG org.springframework.test.context.cache.DefaultCacheAwareContextLoaderDelegate - Retrieved ApplicationContext [1651667865] from cache with key [[MergedContextConfiguration@40238dd0 testClass = BoardManagerTest, locations = '{}', classes = '{class org.waldreg.board.board.management.DefaultBoardManager, class org.waldreg.util.token.DecryptedTokenContext}', contextInitializerClasses = '[]', activeProfiles = '{}', propertySourceLocations = '{}', propertySourceProperties = '{}', contextCustomizers = set[org.springframework.boot.test.autoconfigure.actuate.metrics.MetricsExportContextCustomizerFactory$DisableMetricExportContextCustomizer@5c2375a9, org.springframework.boot.test.autoconfigure.properties.PropertyMappingContextCustomizer@0, org.springframework.boot.test.autoconfigure.web.servlet.WebDriverContextCustomizerFactory$Customizer@2fd953a6, org.springframework.boot.test.context.filter.ExcludeFilterContextCustomizer@66c61024, org.springframework.boot.test.json.DuplicateJsonObjectContextCustomizerFactory$DuplicateJsonObjectContextCustomizer@35432107, org.springframework.boot.test.mock.mockito.MockitoContextCustomizer@8f4afa1e], contextLoader = 'org.springframework.test.context.support.DelegatingSmartContextLoader', parent = [null]]]
01:05:04.539 [Test worker] DEBUG org.springframework.test.context.cache - Spring test ApplicationContext cache statistics: [DefaultContextCache@64a9d48c size = 1, maxSize = 32, parentContextCount = 0, hitCount = 156, missCount = 1]
01:05:04.539 [Test worker] DEBUG org.springframework.test.context.support.DependencyInjectionTestExecutionListener - Performing dependency injection for test context [[DefaultTestContext@1afdd473 testClass = BoardManagerTest, testInstance = org.waldreg.board.board.BoardManagerTest@3db663d0, testMethod = [null], testException = [null], mergedContextConfiguration = [MergedContextConfiguration@40238dd0 testClass = BoardManagerTest, locations = '{}', classes = '{class org.waldreg.board.board.management.DefaultBoardManager, class org.waldreg.util.token.DecryptedTokenContext}', contextInitializerClasses = '[]', activeProfiles = '{}', propertySourceLocations = '{}', propertySourceProperties = '{}', contextCustomizers = set[org.springframework.boot.test.autoconfigure.actuate.metrics.MetricsExportContextCustomizerFactory$DisableMetricExportContextCustomizer@5c2375a9, org.springframework.boot.test.autoconfigure.properties.PropertyMappingContextCustomizer@0, org.springframework.boot.test.autoconfigure.web.servlet.WebDriverContextCustomizerFactory$Customizer@2fd953a6, org.springframework.boot.test.context.filter.ExcludeFilterContextCustomizer@66c61024, org.springframework.boot.test.json.DuplicateJsonObjectContextCustomizerFactory$DuplicateJsonObjectContextCustomizer@35432107, org.springframework.boot.test.mock.mockito.MockitoContextCustomizer@8f4afa1e], contextLoader = 'org.springframework.test.context.support.DelegatingSmartContextLoader', parent = [null]], attributes = map['org.springframework.test.context.event.ApplicationEventsTestExecutionListener.recordApplicationEvents' -> false]]].
01:05:04.539 [Test worker] DEBUG org.springframework.test.context.cache.DefaultCacheAwareContextLoaderDelegate - Retrieved ApplicationContext [1651667865] from cache with key [[MergedContextConfiguration@40238dd0 testClass = BoardManagerTest, locations = '{}', classes = '{class org.waldreg.board.board.management.DefaultBoardManager, class org.waldreg.util.token.DecryptedTokenContext}', contextInitializerClasses = '[]', activeProfiles = '{}', propertySourceLocations = '{}', propertySourceProperties = '{}', contextCustomizers = set[org.springframework.boot.test.autoconfigure.actuate.metrics.MetricsExportContextCustomizerFactory$DisableMetricExportContextCustomizer@5c2375a9, org.springframework.boot.test.autoconfigure.properties.PropertyMappingContextCustomizer@0, org.springframework.boot.test.autoconfigure.web.servlet.WebDriverContextCustomizerFactory$Customizer@2fd953a6, org.springframework.boot.test.context.filter.ExcludeFilterContextCustomizer@66c61024, org.springframework.boot.test.json.DuplicateJsonObjectContextCustomizerFactory$DuplicateJsonObjectContextCustomizer@35432107, org.springframework.boot.test.mock.mockito.MockitoContextCustomizer@8f4afa1e], contextLoader = 'org.springframework.test.context.support.DelegatingSmartContextLoader', parent = [null]]]
01:05:04.539 [Test worker] DEBUG org.springframework.test.context.cache - Spring test ApplicationContext cache statistics: [DefaultContextCache@64a9d48c size = 1, maxSize = 32, parentContextCount = 0, hitCount = 157, missCount = 1]
01:05:04.540 [Test worker] DEBUG org.springframework.test.context.cache.DefaultCacheAwareContextLoaderDelegate - Retrieved ApplicationContext [1651667865] from cache with key [[MergedContextConfiguration@40238dd0 testClass = BoardManagerTest, locations = '{}', classes = '{class org.waldreg.board.board.management.DefaultBoardManager, class org.waldreg.util.token.DecryptedTokenContext}', contextInitializerClasses = '[]', activeProfiles = '{}', propertySourceLocations = '{}', propertySourceProperties = '{}', contextCustomizers = set[org.springframework.boot.test.autoconfigure.actuate.metrics.MetricsExportContextCustomizerFactory$DisableMetricExportContextCustomizer@5c2375a9, org.springframework.boot.test.autoconfigure.properties.PropertyMappingContextCustomizer@0, org.springframework.boot.test.autoconfigure.web.servlet.WebDriverContextCustomizerFactory$Customizer@2fd953a6, org.springframework.boot.test.context.filter.ExcludeFilterContextCustomizer@66c61024, org.springframework.boot.test.json.DuplicateJsonObjectContextCustomizerFactory$DuplicateJsonObjectContextCustomizer@35432107, org.springframework.boot.test.mock.mockito.MockitoContextCustomizer@8f4afa1e], contextLoader = 'org.springframework.test.context.support.DelegatingSmartContextLoader', parent = [null]]]
01:05:04.540 [Test worker] DEBUG org.springframework.test.context.cache - Spring test ApplicationContext cache statistics: [DefaultContextCache@64a9d48c size = 1, maxSize = 32, parentContextCount = 0, hitCount = 158, missCount = 1]
01:05:04.541 [Test worker] DEBUG org.springframework.test.context.support.AbstractDirtiesContextTestExecutionListener - Before test method: context [DefaultTestContext@1afdd473 testClass = BoardManagerTest, testInstance = org.waldreg.board.board.BoardManagerTest@3db663d0, testMethod = INQUIRY_ALL_BOARD_BY_CATEGORY_FAIL_TEST@BoardManagerTest, testException = [null], mergedContextConfiguration = [MergedContextConfiguration@40238dd0 testClass = BoardManagerTest, locations = '{}', classes = '{class org.waldreg.board.board.management.DefaultBoardManager, class org.waldreg.util.token.DecryptedTokenContext}', contextInitializerClasses = '[]', activeProfiles = '{}', propertySourceLocations = '{}', propertySourceProperties = '{}', contextCustomizers = set[org.springframework.boot.test.autoconfigure.actuate.metrics.MetricsExportContextCustomizerFactory$DisableMetricExportContextCustomizer@5c2375a9, org.springframework.boot.test.autoconfigure.properties.PropertyMappingContextCustomizer@0, org.springframework.boot.test.autoconfigure.web.servlet.WebDriverContextCustomizerFactory$Customizer@2fd953a6, org.springframework.boot.test.context.filter.ExcludeFilterContextCustomizer@66c61024, org.springframework.boot.test.json.DuplicateJsonObjectContextCustomizerFactory$DuplicateJsonObjectContextCustomizer@35432107, org.springframework.boot.test.mock.mockito.MockitoContextCustomizer@8f4afa1e], contextLoader = 'org.springframework.test.context.support.DelegatingSmartContextLoader', parent = [null]], attributes = map['org.springframework.test.context.event.ApplicationEventsTestExecutionListener.recordApplicationEvents' -> false]], class annotated with @DirtiesContext [false] with mode [null], method annotated with @DirtiesContext [false] with mode [null].
01:05:04.541 [Test worker] DEBUG org.springframework.test.context.cache.DefaultCacheAwareContextLoaderDelegate - Retrieved ApplicationContext [1651667865] from cache with key [[MergedContextConfiguration@40238dd0 testClass = BoardManagerTest, locations = '{}', classes = '{class org.waldreg.board.board.management.DefaultBoardManager, class org.waldreg.util.token.DecryptedTokenContext}', contextInitializerClasses = '[]', activeProfiles = '{}', propertySourceLocations = '{}', propertySourceProperties = '{}', contextCustomizers = set[org.springframework.boot.test.autoconfigure.actuate.metrics.MetricsExportContextCustomizerFactory$DisableMetricExportContextCustomizer@5c2375a9, org.springframework.boot.test.autoconfigure.properties.PropertyMappingContextCustomizer@0, org.springframework.boot.test.autoconfigure.web.servlet.WebDriverContextCustomizerFactory$Customizer@2fd953a6, org.springframework.boot.test.context.filter.ExcludeFilterContextCustomizer@66c61024, org.springframework.boot.test.json.DuplicateJsonObjectContextCustomizerFactory$DuplicateJsonObjectContextCustomizer@35432107, org.springframework.boot.test.mock.mockito.MockitoContextCustomizer@8f4afa1e], contextLoader = 'org.springframework.test.context.support.DelegatingSmartContextLoader', parent = [null]]]
01:05:04.541 [Test worker] DEBUG org.springframework.test.context.cache - Spring test ApplicationContext cache statistics: [DefaultContextCache@64a9d48c size = 1, maxSize = 32, parentContextCount = 0, hitCount = 159, missCount = 1]
01:05:04.554 [Test worker] DEBUG org.springframework.test.context.cache.DefaultCacheAwareContextLoaderDelegate - Retrieved ApplicationContext [1651667865] from cache with key [[MergedContextConfiguration@40238dd0 testClass = BoardManagerTest, locations = '{}', classes = '{class org.waldreg.board.board.management.DefaultBoardManager, class org.waldreg.util.token.DecryptedTokenContext}', contextInitializerClasses = '[]', activeProfiles = '{}', propertySourceLocations = '{}', propertySourceProperties = '{}', contextCustomizers = set[org.springframework.boot.test.autoconfigure.actuate.metrics.MetricsExportContextCustomizerFactory$DisableMetricExportContextCustomizer@5c2375a9, org.springframework.boot.test.autoconfigure.properties.PropertyMappingContextCustomizer@0, org.springframework.boot.test.autoconfigure.web.servlet.WebDriverContextCustomizerFactory$Customizer@2fd953a6, org.springframework.boot.test.context.filter.ExcludeFilterContextCustomizer@66c61024, org.springframework.boot.test.json.DuplicateJsonObjectContextCustomizerFactory$DuplicateJsonObjectContextCustomizer@35432107, org.springframework.boot.test.mock.mockito.MockitoContextCustomizer@8f4afa1e], contextLoader = 'org.springframework.test.context.support.DelegatingSmartContextLoader', parent = [null]]]
01:05:04.554 [Test worker] DEBUG org.springframework.test.context.cache - Spring test ApplicationContext cache statistics: [DefaultContextCache@64a9d48c size = 1, maxSize = 32, parentContextCount = 0, hitCount = 160, missCount = 1]
01:05:04.554 [Test worker] DEBUG org.springframework.test.context.cache.DefaultCacheAwareContextLoaderDelegate - Retrieved ApplicationContext [1651667865] from cache with key [[MergedContextConfiguration@40238dd0 testClass = BoardManagerTest, locations = '{}', classes = '{class org.waldreg.board.board.management.DefaultBoardManager, class org.waldreg.util.token.DecryptedTokenContext}', contextInitializerClasses = '[]', activeProfiles = '{}', propertySourceLocations = '{}', propertySourceProperties = '{}', contextCustomizers = set[org.springframework.boot.test.autoconfigure.actuate.metrics.MetricsExportContextCustomizerFactory$DisableMetricExportContextCustomizer@5c2375a9, org.springframework.boot.test.autoconfigure.properties.PropertyMappingContextCustomizer@0, org.springframework.boot.test.autoconfigure.web.servlet.WebDriverContextCustomizerFactory$Customizer@2fd953a6, org.springframework.boot.test.context.filter.ExcludeFilterContextCustomizer@66c61024, org.springframework.boot.test.json.DuplicateJsonObjectContextCustomizerFactory$DuplicateJsonObjectContextCustomizer@35432107, org.springframework.boot.test.mock.mockito.MockitoContextCustomizer@8f4afa1e], contextLoader = 'org.springframework.test.context.support.DelegatingSmartContextLoader', parent = [null]]]
01:05:04.554 [Test worker] DEBUG org.springframework.test.context.cache - Spring test ApplicationContext cache statistics: [DefaultContextCache@64a9d48c size = 1, maxSize = 32, parentContextCount = 0, hitCount = 161, missCount = 1]
01:05:04.555 [Test worker] DEBUG org.springframework.test.context.cache.DefaultCacheAwareContextLoaderDelegate - Retrieved ApplicationContext [1651667865] from cache with key [[MergedContextConfiguration@40238dd0 testClass = BoardManagerTest, locations = '{}', classes = '{class org.waldreg.board.board.management.DefaultBoardManager, class org.waldreg.util.token.DecryptedTokenContext}', contextInitializerClasses = '[]', activeProfiles = '{}', propertySourceLocations = '{}', propertySourceProperties = '{}', contextCustomizers = set[org.springframework.boot.test.autoconfigure.actuate.metrics.MetricsExportContextCustomizerFactory$DisableMetricExportContextCustomizer@5c2375a9, org.springframework.boot.test.autoconfigure.properties.PropertyMappingContextCustomizer@0, org.springframework.boot.test.autoconfigure.web.servlet.WebDriverContextCustomizerFactory$Customizer@2fd953a6, org.springframework.boot.test.context.filter.ExcludeFilterContextCustomizer@66c61024, org.springframework.boot.test.json.DuplicateJsonObjectContextCustomizerFactory$DuplicateJsonObjectContextCustomizer@35432107, org.springframework.boot.test.mock.mockito.MockitoContextCustomizer@8f4afa1e], contextLoader = 'org.springframework.test.context.support.DelegatingSmartContextLoader', parent = [null]]]
01:05:04.555 [Test worker] DEBUG org.springframework.test.context.cache - Spring test ApplicationContext cache statistics: [DefaultContextCache@64a9d48c size = 1, maxSize = 32, parentContextCount = 0, hitCount = 162, missCount = 1]
01:05:04.555 [Test worker] DEBUG org.springframework.test.context.cache.DefaultCacheAwareContextLoaderDelegate - Retrieved ApplicationContext [1651667865] from cache with key [[MergedContextConfiguration@40238dd0 testClass = BoardManagerTest, locations = '{}', classes = '{class org.waldreg.board.board.management.DefaultBoardManager, class org.waldreg.util.token.DecryptedTokenContext}', contextInitializerClasses = '[]', activeProfiles = '{}', propertySourceLocations = '{}', propertySourceProperties = '{}', contextCustomizers = set[org.springframework.boot.test.autoconfigure.actuate.metrics.MetricsExportContextCustomizerFactory$DisableMetricExportContextCustomizer@5c2375a9, org.springframework.boot.test.autoconfigure.properties.PropertyMappingContextCustomizer@0, org.springframework.boot.test.autoconfigure.web.servlet.WebDriverContextCustomizerFactory$Customizer@2fd953a6, org.springframework.boot.test.context.filter.ExcludeFilterContextCustomizer@66c61024, org.springframework.boot.test.json.DuplicateJsonObjectContextCustomizerFactory$DuplicateJsonObjectContextCustomizer@35432107, org.springframework.boot.test.mock.mockito.MockitoContextCustomizer@8f4afa1e], contextLoader = 'org.springframework.test.context.support.DelegatingSmartContextLoader', parent = [null]]]
01:05:04.555 [Test worker] DEBUG org.springframework.test.context.cache - Spring test ApplicationContext cache statistics: [DefaultContextCache@64a9d48c size = 1, maxSize = 32, parentContextCount = 0, hitCount = 163, missCount = 1]
01:05:04.567 [Test worker] DEBUG org.springframework.test.context.cache.DefaultCacheAwareContextLoaderDelegate - Retrieved ApplicationContext [1651667865] from cache with key [[MergedContextConfiguration@40238dd0 testClass = BoardManagerTest, locations = '{}', classes = '{class org.waldreg.board.board.management.DefaultBoardManager, class org.waldreg.util.token.DecryptedTokenContext}', contextInitializerClasses = '[]', activeProfiles = '{}', propertySourceLocations = '{}', propertySourceProperties = '{}', contextCustomizers = set[org.springframework.boot.test.autoconfigure.actuate.metrics.MetricsExportContextCustomizerFactory$DisableMetricExportContextCustomizer@5c2375a9, org.springframework.boot.test.autoconfigure.properties.PropertyMappingContextCustomizer@0, org.springframework.boot.test.autoconfigure.web.servlet.WebDriverContextCustomizerFactory$Customizer@2fd953a6, org.springframework.boot.test.context.filter.ExcludeFilterContextCustomizer@66c61024, org.springframework.boot.test.json.DuplicateJsonObjectContextCustomizerFactory$DuplicateJsonObjectContextCustomizer@35432107, org.springframework.boot.test.mock.mockito.MockitoContextCustomizer@8f4afa1e], contextLoader = 'org.springframework.test.context.support.DelegatingSmartContextLoader', parent = [null]]]
01:05:04.568 [Test worker] DEBUG org.springframework.test.context.cache - Spring test ApplicationContext cache statistics: [DefaultContextCache@64a9d48c size = 1, maxSize = 32, parentContextCount = 0, hitCount = 164, missCount = 1]
01:05:04.568 [Test worker] DEBUG org.springframework.test.context.cache.DefaultCacheAwareContextLoaderDelegate - Retrieved ApplicationContext [1651667865] from cache with key [[MergedContextConfiguration@40238dd0 testClass = BoardManagerTest, locations = '{}', classes = '{class org.waldreg.board.board.management.DefaultBoardManager, class org.waldreg.util.token.DecryptedTokenContext}', contextInitializerClasses = '[]', activeProfiles = '{}', propertySourceLocations = '{}', propertySourceProperties = '{}', contextCustomizers = set[org.springframework.boot.test.autoconfigure.actuate.metrics.MetricsExportContextCustomizerFactory$DisableMetricExportContextCustomizer@5c2375a9, org.springframework.boot.test.autoconfigure.properties.PropertyMappingContextCustomizer@0, org.springframework.boot.test.autoconfigure.web.servlet.WebDriverContextCustomizerFactory$Customizer@2fd953a6, org.springframework.boot.test.context.filter.ExcludeFilterContextCustomizer@66c61024, org.springframework.boot.test.json.DuplicateJsonObjectContextCustomizerFactory$DuplicateJsonObjectContextCustomizer@35432107, org.springframework.boot.test.mock.mockito.MockitoContextCustomizer@8f4afa1e], contextLoader = 'org.springframework.test.context.support.DelegatingSmartContextLoader', parent = [null]]]
01:05:04.568 [Test worker] DEBUG org.springframework.test.context.cache - Spring test ApplicationContext cache statistics: [DefaultContextCache@64a9d48c size = 1, maxSize = 32, parentContextCount = 0, hitCount = 165, missCount = 1]
01:05:04.568 [Test worker] DEBUG org.springframework.test.context.cache.DefaultCacheAwareContextLoaderDelegate - Retrieved ApplicationContext [1651667865] from cache with key [[MergedContextConfiguration@40238dd0 testClass = BoardManagerTest, locations = '{}', classes = '{class org.waldreg.board.board.management.DefaultBoardManager, class org.waldreg.util.token.DecryptedTokenContext}', contextInitializerClasses = '[]', activeProfiles = '{}', propertySourceLocations = '{}', propertySourceProperties = '{}', contextCustomizers = set[org.springframework.boot.test.autoconfigure.actuate.metrics.MetricsExportContextCustomizerFactory$DisableMetricExportContextCustomizer@5c2375a9, org.springframework.boot.test.autoconfigure.properties.PropertyMappingContextCustomizer@0, org.springframework.boot.test.autoconfigure.web.servlet.WebDriverContextCustomizerFactory$Customizer@2fd953a6, org.springframework.boot.test.context.filter.ExcludeFilterContextCustomizer@66c61024, org.springframework.boot.test.json.DuplicateJsonObjectContextCustomizerFactory$DuplicateJsonObjectContextCustomizer@35432107, org.springframework.boot.test.mock.mockito.MockitoContextCustomizer@8f4afa1e], contextLoader = 'org.springframework.test.context.support.DelegatingSmartContextLoader', parent = [null]]]
01:05:04.568 [Test worker] DEBUG org.springframework.test.context.cache - Spring test ApplicationContext cache statistics: [DefaultContextCache@64a9d48c size = 1, maxSize = 32, parentContextCount = 0, hitCount = 166, missCount = 1]
01:05:04.580 [Test worker] DEBUG org.springframework.test.context.cache.DefaultCacheAwareContextLoaderDelegate - Retrieved ApplicationContext [1651667865] from cache with key [[MergedContextConfiguration@40238dd0 testClass = BoardManagerTest, locations = '{}', classes = '{class org.waldreg.board.board.management.DefaultBoardManager, class org.waldreg.util.token.DecryptedTokenContext}', contextInitializerClasses = '[]', activeProfiles = '{}', propertySourceLocations = '{}', propertySourceProperties = '{}', contextCustomizers = set[org.springframework.boot.test.autoconfigure.actuate.metrics.MetricsExportContextCustomizerFactory$DisableMetricExportContextCustomizer@5c2375a9, org.springframework.boot.test.autoconfigure.properties.PropertyMappingContextCustomizer@0, org.springframework.boot.test.autoconfigure.web.servlet.WebDriverContextCustomizerFactory$Customizer@2fd953a6, org.springframework.boot.test.context.filter.ExcludeFilterContextCustomizer@66c61024, org.springframework.boot.test.json.DuplicateJsonObjectContextCustomizerFactory$DuplicateJsonObjectContextCustomizer@35432107, org.springframework.boot.test.mock.mockito.MockitoContextCustomizer@8f4afa1e], contextLoader = 'org.springframework.test.context.support.DelegatingSmartContextLoader', parent = [null]]]
01:05:04.580 [Test worker] DEBUG org.springframework.test.context.cache - Spring test ApplicationContext cache statistics: [DefaultContextCache@64a9d48c size = 1, maxSize = 32, parentContextCount = 0, hitCount = 167, missCount = 1]
01:05:04.580 [Test worker] DEBUG org.springframework.test.context.support.AbstractDirtiesContextTestExecutionListener - After test method: context [DefaultTestContext@1afdd473 testClass = BoardManagerTest, testInstance = org.waldreg.board.board.BoardManagerTest@3db663d0, testMethod = INQUIRY_ALL_BOARD_BY_CATEGORY_FAIL_TEST@BoardManagerTest, testException = [null], mergedContextConfiguration = [MergedContextConfiguration@40238dd0 testClass = BoardManagerTest, locations = '{}', classes = '{class org.waldreg.board.board.management.DefaultBoardManager, class org.waldreg.util.token.DecryptedTokenContext}', contextInitializerClasses = '[]', activeProfiles = '{}', propertySourceLocations = '{}', propertySourceProperties = '{}', contextCustomizers = set[org.springframework.boot.test.autoconfigure.actuate.metrics.MetricsExportContextCustomizerFactory$DisableMetricExportContextCustomizer@5c2375a9, org.springframework.boot.test.autoconfigure.properties.PropertyMappingContextCustomizer@0, org.springframework.boot.test.autoconfigure.web.servlet.WebDriverContextCustomizerFactory$Customizer@2fd953a6, org.springframework.boot.test.context.filter.ExcludeFilterContextCustomizer@66c61024, org.springframework.boot.test.json.DuplicateJsonObjectContextCustomizerFactory$DuplicateJsonObjectContextCustomizer@35432107, org.springframework.boot.test.mock.mockito.MockitoContextCustomizer@8f4afa1e], contextLoader = 'org.springframework.test.context.support.DelegatingSmartContextLoader', parent = [null]], attributes = map['org.springframework.test.context.event.ApplicationEventsTestExecutionListener.recordApplicationEvents' -> false]], class annotated with @DirtiesContext [false] with mode [null], method annotated with @DirtiesContext [false] with mode [null].
01:05:04.582 [Test worker] DEBUG org.springframework.test.context.cache.DefaultCacheAwareContextLoaderDelegate - Retrieved ApplicationContext [1651667865] from cache with key [[MergedContextConfiguration@40238dd0 testClass = BoardManagerTest, locations = '{}', classes = '{class org.waldreg.board.board.management.DefaultBoardManager, class org.waldreg.util.token.DecryptedTokenContext}', contextInitializerClasses = '[]', activeProfiles = '{}', propertySourceLocations = '{}', propertySourceProperties = '{}', contextCustomizers = set[org.springframework.boot.test.autoconfigure.actuate.metrics.MetricsExportContextCustomizerFactory$DisableMetricExportContextCustomizer@5c2375a9, org.springframework.boot.test.autoconfigure.properties.PropertyMappingContextCustomizer@0, org.springframework.boot.test.autoconfigure.web.servlet.WebDriverContextCustomizerFactory$Customizer@2fd953a6, org.springframework.boot.test.context.filter.ExcludeFilterContextCustomizer@66c61024, org.springframework.boot.test.json.DuplicateJsonObjectContextCustomizerFactory$DuplicateJsonObjectContextCustomizer@35432107, org.springframework.boot.test.mock.mockito.MockitoContextCustomizer@8f4afa1e], contextLoader = 'org.springframework.test.context.support.DelegatingSmartContextLoader', parent = [null]]]
01:05:04.582 [Test worker] DEBUG org.springframework.test.context.cache - Spring test ApplicationContext cache statistics: [DefaultContextCache@64a9d48c size = 1, maxSize = 32, parentContextCount = 0, hitCount = 168, missCount = 1]
01:05:04.582 [Test worker] DEBUG org.springframework.test.context.support.DependencyInjectionTestExecutionListener - Performing dependency injection for test context [[DefaultTestContext@1afdd473 testClass = BoardManagerTest, testInstance = org.waldreg.board.board.BoardManagerTest@ad9e63e, testMethod = [null], testException = [null], mergedContextConfiguration = [MergedContextConfiguration@40238dd0 testClass = BoardManagerTest, locations = '{}', classes = '{class org.waldreg.board.board.management.DefaultBoardManager, class org.waldreg.util.token.DecryptedTokenContext}', contextInitializerClasses = '[]', activeProfiles = '{}', propertySourceLocations = '{}', propertySourceProperties = '{}', contextCustomizers = set[org.springframework.boot.test.autoconfigure.actuate.metrics.MetricsExportContextCustomizerFactory$DisableMetricExportContextCustomizer@5c2375a9, org.springframework.boot.test.autoconfigure.properties.PropertyMappingContextCustomizer@0, org.springframework.boot.test.autoconfigure.web.servlet.WebDriverContextCustomizerFactory$Customizer@2fd953a6, org.springframework.boot.test.context.filter.ExcludeFilterContextCustomizer@66c61024, org.springframework.boot.test.json.DuplicateJsonObjectContextCustomizerFactory$DuplicateJsonObjectContextCustomizer@35432107, org.springframework.boot.test.mock.mockito.MockitoContextCustomizer@8f4afa1e], contextLoader = 'org.springframework.test.context.support.DelegatingSmartContextLoader', parent = [null]], attributes = map['org.springframework.test.context.event.ApplicationEventsTestExecutionListener.recordApplicationEvents' -> false]]].
01:05:04.582 [Test worker] DEBUG org.springframework.test.context.cache.DefaultCacheAwareContextLoaderDelegate - Retrieved ApplicationContext [1651667865] from cache with key [[MergedContextConfiguration@40238dd0 testClass = BoardManagerTest, locations = '{}', classes = '{class org.waldreg.board.board.management.DefaultBoardManager, class org.waldreg.util.token.DecryptedTokenContext}', contextInitializerClasses = '[]', activeProfiles = '{}', propertySourceLocations = '{}', propertySourceProperties = '{}', contextCustomizers = set[org.springframework.boot.test.autoconfigure.actuate.metrics.MetricsExportContextCustomizerFactory$DisableMetricExportContextCustomizer@5c2375a9, org.springframework.boot.test.autoconfigure.properties.PropertyMappingContextCustomizer@0, org.springframework.boot.test.autoconfigure.web.servlet.WebDriverContextCustomizerFactory$Customizer@2fd953a6, org.springframework.boot.test.context.filter.ExcludeFilterContextCustomizer@66c61024, org.springframework.boot.test.json.DuplicateJsonObjectContextCustomizerFactory$DuplicateJsonObjectContextCustomizer@35432107, org.springframework.boot.test.mock.mockito.MockitoContextCustomizer@8f4afa1e], contextLoader = 'org.springframework.test.context.support.DelegatingSmartContextLoader', parent = [null]]]
01:05:04.582 [Test worker] DEBUG org.springframework.test.context.cache - Spring test ApplicationContext cache statistics: [DefaultContextCache@64a9d48c size = 1, maxSize = 32, parentContextCount = 0, hitCount = 169, missCount = 1]
01:05:04.582 [Test worker] DEBUG org.springframework.test.context.cache.DefaultCacheAwareContextLoaderDelegate - Retrieved ApplicationContext [1651667865] from cache with key [[MergedContextConfiguration@40238dd0 testClass = BoardManagerTest, locations = '{}', classes = '{class org.waldreg.board.board.management.DefaultBoardManager, class org.waldreg.util.token.DecryptedTokenContext}', contextInitializerClasses = '[]', activeProfiles = '{}', propertySourceLocations = '{}', propertySourceProperties = '{}', contextCustomizers = set[org.springframework.boot.test.autoconfigure.actuate.metrics.MetricsExportContextCustomizerFactory$DisableMetricExportContextCustomizer@5c2375a9, org.springframework.boot.test.autoconfigure.properties.PropertyMappingContextCustomizer@0, org.springframework.boot.test.autoconfigure.web.servlet.WebDriverContextCustomizerFactory$Customizer@2fd953a6, org.springframework.boot.test.context.filter.ExcludeFilterContextCustomizer@66c61024, org.springframework.boot.test.json.DuplicateJsonObjectContextCustomizerFactory$DuplicateJsonObjectContextCustomizer@35432107, org.springframework.boot.test.mock.mockito.MockitoContextCustomizer@8f4afa1e], contextLoader = 'org.springframework.test.context.support.DelegatingSmartContextLoader', parent = [null]]]
01:05:04.582 [Test worker] DEBUG org.springframework.test.context.cache - Spring test ApplicationContext cache statistics: [DefaultContextCache@64a9d48c size = 1, maxSize = 32, parentContextCount = 0, hitCount = 170, missCount = 1]
01:05:04.583 [Test worker] DEBUG org.springframework.test.context.support.AbstractDirtiesContextTestExecutionListener - Before test method: context [DefaultTestContext@1afdd473 testClass = BoardManagerTest, testInstance = org.waldreg.board.board.BoardManagerTest@ad9e63e, testMethod = INQUIRY_ALL_BOARD_BY_CATEGORY_SUCCESS_TEST@BoardManagerTest, testException = [null], mergedContextConfiguration = [MergedContextConfiguration@40238dd0 testClass = BoardManagerTest, locations = '{}', classes = '{class org.waldreg.board.board.management.DefaultBoardManager, class org.waldreg.util.token.DecryptedTokenContext}', contextInitializerClasses = '[]', activeProfiles = '{}', propertySourceLocations = '{}', propertySourceProperties = '{}', contextCustomizers = set[org.springframework.boot.test.autoconfigure.actuate.metrics.MetricsExportContextCustomizerFactory$DisableMetricExportContextCustomizer@5c2375a9, org.springframework.boot.test.autoconfigure.properties.PropertyMappingContextCustomizer@0, org.springframework.boot.test.autoconfigure.web.servlet.WebDriverContextCustomizerFactory$Customizer@2fd953a6, org.springframework.boot.test.context.filter.ExcludeFilterContextCustomizer@66c61024, org.springframework.boot.test.json.DuplicateJsonObjectContextCustomizerFactory$DuplicateJsonObjectContextCustomizer@35432107, org.springframework.boot.test.mock.mockito.MockitoContextCustomizer@8f4afa1e], contextLoader = 'org.springframework.test.context.support.DelegatingSmartContextLoader', parent = [null]], attributes = map['org.springframework.test.context.event.ApplicationEventsTestExecutionListener.recordApplicationEvents' -> false]], class annotated with @DirtiesContext [false] with mode [null], method annotated with @DirtiesContext [false] with mode [null].
01:05:04.583 [Test worker] DEBUG org.springframework.test.context.cache.DefaultCacheAwareContextLoaderDelegate - Retrieved ApplicationContext [1651667865] from cache with key [[MergedContextConfiguration@40238dd0 testClass = BoardManagerTest, locations = '{}', classes = '{class org.waldreg.board.board.management.DefaultBoardManager, class org.waldreg.util.token.DecryptedTokenContext}', contextInitializerClasses = '[]', activeProfiles = '{}', propertySourceLocations = '{}', propertySourceProperties = '{}', contextCustomizers = set[org.springframework.boot.test.autoconfigure.actuate.metrics.MetricsExportContextCustomizerFactory$DisableMetricExportContextCustomizer@5c2375a9, org.springframework.boot.test.autoconfigure.properties.PropertyMappingContextCustomizer@0, org.springframework.boot.test.autoconfigure.web.servlet.WebDriverContextCustomizerFactory$Customizer@2fd953a6, org.springframework.boot.test.context.filter.ExcludeFilterContextCustomizer@66c61024, org.springframework.boot.test.json.DuplicateJsonObjectContextCustomizerFactory$DuplicateJsonObjectContextCustomizer@35432107, org.springframework.boot.test.mock.mockito.MockitoContextCustomizer@8f4afa1e], contextLoader = 'org.springframework.test.context.support.DelegatingSmartContextLoader', parent = [null]]]
01:05:04.583 [Test worker] DEBUG org.springframework.test.context.cache - Spring test ApplicationContext cache statistics: [DefaultContextCache@64a9d48c size = 1, maxSize = 32, parentContextCount = 0, hitCount = 171, missCount = 1]
01:05:04.616 [Test worker] DEBUG org.springframework.test.context.cache.DefaultCacheAwareContextLoaderDelegate - Retrieved ApplicationContext [1651667865] from cache with key [[MergedContextConfiguration@40238dd0 testClass = BoardManagerTest, locations = '{}', classes = '{class org.waldreg.board.board.management.DefaultBoardManager, class org.waldreg.util.token.DecryptedTokenContext}', contextInitializerClasses = '[]', activeProfiles = '{}', propertySourceLocations = '{}', propertySourceProperties = '{}', contextCustomizers = set[org.springframework.boot.test.autoconfigure.actuate.metrics.MetricsExportContextCustomizerFactory$DisableMetricExportContextCustomizer@5c2375a9, org.springframework.boot.test.autoconfigure.properties.PropertyMappingContextCustomizer@0, org.springframework.boot.test.autoconfigure.web.servlet.WebDriverContextCustomizerFactory$Customizer@2fd953a6, org.springframework.boot.test.context.filter.ExcludeFilterContextCustomizer@66c61024, org.springframework.boot.test.json.DuplicateJsonObjectContextCustomizerFactory$DuplicateJsonObjectContextCustomizer@35432107, org.springframework.boot.test.mock.mockito.MockitoContextCustomizer@8f4afa1e], contextLoader = 'org.springframework.test.context.support.DelegatingSmartContextLoader', parent = [null]]]
01:05:04.616 [Test worker] DEBUG org.springframework.test.context.cache - Spring test ApplicationContext cache statistics: [DefaultContextCache@64a9d48c size = 1, maxSize = 32, parentContextCount = 0, hitCount = 172, missCount = 1]
01:05:04.616 [Test worker] DEBUG org.springframework.test.context.cache.DefaultCacheAwareContextLoaderDelegate - Retrieved ApplicationContext [1651667865] from cache with key [[MergedContextConfiguration@40238dd0 testClass = BoardManagerTest, locations = '{}', classes = '{class org.waldreg.board.board.management.DefaultBoardManager, class org.waldreg.util.token.DecryptedTokenContext}', contextInitializerClasses = '[]', activeProfiles = '{}', propertySourceLocations = '{}', propertySourceProperties = '{}', contextCustomizers = set[org.springframework.boot.test.autoconfigure.actuate.metrics.MetricsExportContextCustomizerFactory$DisableMetricExportContextCustomizer@5c2375a9, org.springframework.boot.test.autoconfigure.properties.PropertyMappingContextCustomizer@0, org.springframework.boot.test.autoconfigure.web.servlet.WebDriverContextCustomizerFactory$Customizer@2fd953a6, org.springframework.boot.test.context.filter.ExcludeFilterContextCustomizer@66c61024, org.springframework.boot.test.json.DuplicateJsonObjectContextCustomizerFactory$DuplicateJsonObjectContextCustomizer@35432107, org.springframework.boot.test.mock.mockito.MockitoContextCustomizer@8f4afa1e], contextLoader = 'org.springframework.test.context.support.DelegatingSmartContextLoader', parent = [null]]]
01:05:04.616 [Test worker] DEBUG org.springframework.test.context.cache - Spring test ApplicationContext cache statistics: [DefaultContextCache@64a9d48c size = 1, maxSize = 32, parentContextCount = 0, hitCount = 173, missCount = 1]
01:05:04.618 [Test worker] DEBUG org.springframework.test.context.cache.DefaultCacheAwareContextLoaderDelegate - Retrieved ApplicationContext [1651667865] from cache with key [[MergedContextConfiguration@40238dd0 testClass = BoardManagerTest, locations = '{}', classes = '{class org.waldreg.board.board.management.DefaultBoardManager, class org.waldreg.util.token.DecryptedTokenContext}', contextInitializerClasses = '[]', activeProfiles = '{}', propertySourceLocations = '{}', propertySourceProperties = '{}', contextCustomizers = set[org.springframework.boot.test.autoconfigure.actuate.metrics.MetricsExportContextCustomizerFactory$DisableMetricExportContextCustomizer@5c2375a9, org.springframework.boot.test.autoconfigure.properties.PropertyMappingContextCustomizer@0, org.springframework.boot.test.autoconfigure.web.servlet.WebDriverContextCustomizerFactory$Customizer@2fd953a6, org.springframework.boot.test.context.filter.ExcludeFilterContextCustomizer@66c61024, org.springframework.boot.test.json.DuplicateJsonObjectContextCustomizerFactory$DuplicateJsonObjectContextCustomizer@35432107, org.springframework.boot.test.mock.mockito.MockitoContextCustomizer@8f4afa1e], contextLoader = 'org.springframework.test.context.support.DelegatingSmartContextLoader', parent = [null]]]
01:05:04.618 [Test worker] DEBUG org.springframework.test.context.cache - Spring test ApplicationContext cache statistics: [DefaultContextCache@64a9d48c size = 1, maxSize = 32, parentContextCount = 0, hitCount = 174, missCount = 1]
01:05:04.618 [Test worker] DEBUG org.springframework.test.context.cache.DefaultCacheAwareContextLoaderDelegate - Retrieved ApplicationContext [1651667865] from cache with key [[MergedContextConfiguration@40238dd0 testClass = BoardManagerTest, locations = '{}', classes = '{class org.waldreg.board.board.management.DefaultBoardManager, class org.waldreg.util.token.DecryptedTokenContext}', contextInitializerClasses = '[]', activeProfiles = '{}', propertySourceLocations = '{}', propertySourceProperties = '{}', contextCustomizers = set[org.springframework.boot.test.autoconfigure.actuate.metrics.MetricsExportContextCustomizerFactory$DisableMetricExportContextCustomizer@5c2375a9, org.springframework.boot.test.autoconfigure.properties.PropertyMappingContextCustomizer@0, org.springframework.boot.test.autoconfigure.web.servlet.WebDriverContextCustomizerFactory$Customizer@2fd953a6, org.springframework.boot.test.context.filter.ExcludeFilterContextCustomizer@66c61024, org.springframework.boot.test.json.DuplicateJsonObjectContextCustomizerFactory$DuplicateJsonObjectContextCustomizer@35432107, org.springframework.boot.test.mock.mockito.MockitoContextCustomizer@8f4afa1e], contextLoader = 'org.springframework.test.context.support.DelegatingSmartContextLoader', parent = [null]]]
01:05:04.618 [Test worker] DEBUG org.springframework.test.context.cache - Spring test ApplicationContext cache statistics: [DefaultContextCache@64a9d48c size = 1, maxSize = 32, parentContextCount = 0, hitCount = 175, missCount = 1]
01:05:04.663 [Test worker] DEBUG org.springframework.test.context.cache.DefaultCacheAwareContextLoaderDelegate - Retrieved ApplicationContext [1651667865] from cache with key [[MergedContextConfiguration@40238dd0 testClass = BoardManagerTest, locations = '{}', classes = '{class org.waldreg.board.board.management.DefaultBoardManager, class org.waldreg.util.token.DecryptedTokenContext}', contextInitializerClasses = '[]', activeProfiles = '{}', propertySourceLocations = '{}', propertySourceProperties = '{}', contextCustomizers = set[org.springframework.boot.test.autoconfigure.actuate.metrics.MetricsExportContextCustomizerFactory$DisableMetricExportContextCustomizer@5c2375a9, org.springframework.boot.test.autoconfigure.properties.PropertyMappingContextCustomizer@0, org.springframework.boot.test.autoconfigure.web.servlet.WebDriverContextCustomizerFactory$Customizer@2fd953a6, org.springframework.boot.test.context.filter.ExcludeFilterContextCustomizer@66c61024, org.springframework.boot.test.json.DuplicateJsonObjectContextCustomizerFactory$DuplicateJsonObjectContextCustomizer@35432107, org.springframework.boot.test.mock.mockito.MockitoContextCustomizer@8f4afa1e], contextLoader = 'org.springframework.test.context.support.DelegatingSmartContextLoader', parent = [null]]]
01:05:04.664 [Test worker] DEBUG org.springframework.test.context.cache - Spring test ApplicationContext cache statistics: [DefaultContextCache@64a9d48c size = 1, maxSize = 32, parentContextCount = 0, hitCount = 176, missCount = 1]
01:05:04.664 [Test worker] DEBUG org.springframework.test.context.cache.DefaultCacheAwareContextLoaderDelegate - Retrieved ApplicationContext [1651667865] from cache with key [[MergedContextConfiguration@40238dd0 testClass = BoardManagerTest, locations = '{}', classes = '{class org.waldreg.board.board.management.DefaultBoardManager, class org.waldreg.util.token.DecryptedTokenContext}', contextInitializerClasses = '[]', activeProfiles = '{}', propertySourceLocations = '{}', propertySourceProperties = '{}', contextCustomizers = set[org.springframework.boot.test.autoconfigure.actuate.metrics.MetricsExportContextCustomizerFactory$DisableMetricExportContextCustomizer@5c2375a9, org.springframework.boot.test.autoconfigure.properties.PropertyMappingContextCustomizer@0, org.springframework.boot.test.autoconfigure.web.servlet.WebDriverContextCustomizerFactory$Customizer@2fd953a6, org.springframework.boot.test.context.filter.ExcludeFilterContextCustomizer@66c61024, org.springframework.boot.test.json.DuplicateJsonObjectContextCustomizerFactory$DuplicateJsonObjectContextCustomizer@35432107, org.springframework.boot.test.mock.mockito.MockitoContextCustomizer@8f4afa1e], contextLoader = 'org.springframework.test.context.support.DelegatingSmartContextLoader', parent = [null]]]
01:05:04.664 [Test worker] DEBUG org.springframework.test.context.cache - Spring test ApplicationContext cache statistics: [DefaultContextCache@64a9d48c size = 1, maxSize = 32, parentContextCount = 0, hitCount = 177, missCount = 1]
01:05:04.664 [Test worker] DEBUG org.springframework.test.context.cache.DefaultCacheAwareContextLoaderDelegate - Retrieved ApplicationContext [1651667865] from cache with key [[MergedContextConfiguration@40238dd0 testClass = BoardManagerTest, locations = '{}', classes = '{class org.waldreg.board.board.management.DefaultBoardManager, class org.waldreg.util.token.DecryptedTokenContext}', contextInitializerClasses = '[]', activeProfiles = '{}', propertySourceLocations = '{}', propertySourceProperties = '{}', contextCustomizers = set[org.springframework.boot.test.autoconfigure.actuate.metrics.MetricsExportContextCustomizerFactory$DisableMetricExportContextCustomizer@5c2375a9, org.springframework.boot.test.autoconfigure.properties.PropertyMappingContextCustomizer@0, org.springframework.boot.test.autoconfigure.web.servlet.WebDriverContextCustomizerFactory$Customizer@2fd953a6, org.springframework.boot.test.context.filter.ExcludeFilterContextCustomizer@66c61024, org.springframework.boot.test.json.DuplicateJsonObjectContextCustomizerFactory$DuplicateJsonObjectContextCustomizer@35432107, org.springframework.boot.test.mock.mockito.MockitoContextCustomizer@8f4afa1e], contextLoader = 'org.springframework.test.context.support.DelegatingSmartContextLoader', parent = [null]]]
01:05:04.664 [Test worker] DEBUG org.springframework.test.context.cache - Spring test ApplicationContext cache statistics: [DefaultContextCache@64a9d48c size = 1, maxSize = 32, parentContextCount = 0, hitCount = 178, missCount = 1]
01:05:04.677 [Test worker] DEBUG org.springframework.test.context.cache.DefaultCacheAwareContextLoaderDelegate - Retrieved ApplicationContext [1651667865] from cache with key [[MergedContextConfiguration@40238dd0 testClass = BoardManagerTest, locations = '{}', classes = '{class org.waldreg.board.board.management.DefaultBoardManager, class org.waldreg.util.token.DecryptedTokenContext}', contextInitializerClasses = '[]', activeProfiles = '{}', propertySourceLocations = '{}', propertySourceProperties = '{}', contextCustomizers = set[org.springframework.boot.test.autoconfigure.actuate.metrics.MetricsExportContextCustomizerFactory$DisableMetricExportContextCustomizer@5c2375a9, org.springframework.boot.test.autoconfigure.properties.PropertyMappingContextCustomizer@0, org.springframework.boot.test.autoconfigure.web.servlet.WebDriverContextCustomizerFactory$Customizer@2fd953a6, org.springframework.boot.test.context.filter.ExcludeFilterContextCustomizer@66c61024, org.springframework.boot.test.json.DuplicateJsonObjectContextCustomizerFactory$DuplicateJsonObjectContextCustomizer@35432107, org.springframework.boot.test.mock.mockito.MockitoContextCustomizer@8f4afa1e], contextLoader = 'org.springframework.test.context.support.DelegatingSmartContextLoader', parent = [null]]]
01:05:04.677 [Test worker] DEBUG org.springframework.test.context.cache - Spring test ApplicationContext cache statistics: [DefaultContextCache@64a9d48c size = 1, maxSize = 32, parentContextCount = 0, hitCount = 179, missCount = 1]
01:05:04.677 [Test worker] DEBUG org.springframework.test.context.support.AbstractDirtiesContextTestExecutionListener - After test method: context [DefaultTestContext@1afdd473 testClass = BoardManagerTest, testInstance = org.waldreg.board.board.BoardManagerTest@ad9e63e, testMethod = INQUIRY_ALL_BOARD_BY_CATEGORY_SUCCESS_TEST@BoardManagerTest, testException = [null], mergedContextConfiguration = [MergedContextConfiguration@40238dd0 testClass = BoardManagerTest, locations = '{}', classes = '{class org.waldreg.board.board.management.DefaultBoardManager, class org.waldreg.util.token.DecryptedTokenContext}', contextInitializerClasses = '[]', activeProfiles = '{}', propertySourceLocations = '{}', propertySourceProperties = '{}', contextCustomizers = set[org.springframework.boot.test.autoconfigure.actuate.metrics.MetricsExportContextCustomizerFactory$DisableMetricExportContextCustomizer@5c2375a9, org.springframework.boot.test.autoconfigure.properties.PropertyMappingContextCustomizer@0, org.springframework.boot.test.autoconfigure.web.servlet.WebDriverContextCustomizerFactory$Customizer@2fd953a6, org.springframework.boot.test.context.filter.ExcludeFilterContextCustomizer@66c61024, org.springframework.boot.test.json.DuplicateJsonObjectContextCustomizerFactory$DuplicateJsonObjectContextCustomizer@35432107, org.springframework.boot.test.mock.mockito.MockitoContextCustomizer@8f4afa1e], contextLoader = 'org.springframework.test.context.support.DelegatingSmartContextLoader', parent = [null]], attributes = map['org.springframework.test.context.event.ApplicationEventsTestExecutionListener.recordApplicationEvents' -> false]], class annotated with @DirtiesContext [false] with mode [null], method annotated with @DirtiesContext [false] with mode [null].
01:05:04.678 [Test worker] DEBUG org.springframework.test.context.cache.DefaultCacheAwareContextLoaderDelegate - Retrieved ApplicationContext [1651667865] from cache with key [[MergedContextConfiguration@40238dd0 testClass = BoardManagerTest, locations = '{}', classes = '{class org.waldreg.board.board.management.DefaultBoardManager, class org.waldreg.util.token.DecryptedTokenContext}', contextInitializerClasses = '[]', activeProfiles = '{}', propertySourceLocations = '{}', propertySourceProperties = '{}', contextCustomizers = set[org.springframework.boot.test.autoconfigure.actuate.metrics.MetricsExportContextCustomizerFactory$DisableMetricExportContextCustomizer@5c2375a9, org.springframework.boot.test.autoconfigure.properties.PropertyMappingContextCustomizer@0, org.springframework.boot.test.autoconfigure.web.servlet.WebDriverContextCustomizerFactory$Customizer@2fd953a6, org.springframework.boot.test.context.filter.ExcludeFilterContextCustomizer@66c61024, org.springframework.boot.test.json.DuplicateJsonObjectContextCustomizerFactory$DuplicateJsonObjectContextCustomizer@35432107, org.springframework.boot.test.mock.mockito.MockitoContextCustomizer@8f4afa1e], contextLoader = 'org.springframework.test.context.support.DelegatingSmartContextLoader', parent = [null]]]
01:05:04.678 [Test worker] DEBUG org.springframework.test.context.cache - Spring test ApplicationContext cache statistics: [DefaultContextCache@64a9d48c size = 1, maxSize = 32, parentContextCount = 0, hitCount = 180, missCount = 1]
01:05:04.678 [Test worker] DEBUG org.springframework.test.context.support.DependencyInjectionTestExecutionListener - Performing dependency injection for test context [[DefaultTestContext@1afdd473 testClass = BoardManagerTest, testInstance = org.waldreg.board.board.BoardManagerTest@3f628ce9, testMethod = [null], testException = [null], mergedContextConfiguration = [MergedContextConfiguration@40238dd0 testClass = BoardManagerTest, locations = '{}', classes = '{class org.waldreg.board.board.management.DefaultBoardManager, class org.waldreg.util.token.DecryptedTokenContext}', contextInitializerClasses = '[]', activeProfiles = '{}', propertySourceLocations = '{}', propertySourceProperties = '{}', contextCustomizers = set[org.springframework.boot.test.autoconfigure.actuate.metrics.MetricsExportContextCustomizerFactory$DisableMetricExportContextCustomizer@5c2375a9, org.springframework.boot.test.autoconfigure.properties.PropertyMappingContextCustomizer@0, org.springframework.boot.test.autoconfigure.web.servlet.WebDriverContextCustomizerFactory$Customizer@2fd953a6, org.springframework.boot.test.context.filter.ExcludeFilterContextCustomizer@66c61024, org.springframework.boot.test.json.DuplicateJsonObjectContextCustomizerFactory$DuplicateJsonObjectContextCustomizer@35432107, org.springframework.boot.test.mock.mockito.MockitoContextCustomizer@8f4afa1e], contextLoader = 'org.springframework.test.context.support.DelegatingSmartContextLoader', parent = [null]], attributes = map['org.springframework.test.context.event.ApplicationEventsTestExecutionListener.recordApplicationEvents' -> false]]].
01:05:04.678 [Test worker] DEBUG org.springframework.test.context.cache.DefaultCacheAwareContextLoaderDelegate - Retrieved ApplicationContext [1651667865] from cache with key [[MergedContextConfiguration@40238dd0 testClass = BoardManagerTest, locations = '{}', classes = '{class org.waldreg.board.board.management.DefaultBoardManager, class org.waldreg.util.token.DecryptedTokenContext}', contextInitializerClasses = '[]', activeProfiles = '{}', propertySourceLocations = '{}', propertySourceProperties = '{}', contextCustomizers = set[org.springframework.boot.test.autoconfigure.actuate.metrics.MetricsExportContextCustomizerFactory$DisableMetricExportContextCustomizer@5c2375a9, org.springframework.boot.test.autoconfigure.properties.PropertyMappingContextCustomizer@0, org.springframework.boot.test.autoconfigure.web.servlet.WebDriverContextCustomizerFactory$Customizer@2fd953a6, org.springframework.boot.test.context.filter.ExcludeFilterContextCustomizer@66c61024, org.springframework.boot.test.json.DuplicateJsonObjectContextCustomizerFactory$DuplicateJsonObjectContextCustomizer@35432107, org.springframework.boot.test.mock.mockito.MockitoContextCustomizer@8f4afa1e], contextLoader = 'org.springframework.test.context.support.DelegatingSmartContextLoader', parent = [null]]]
01:05:04.678 [Test worker] DEBUG org.springframework.test.context.cache - Spring test ApplicationContext cache statistics: [DefaultContextCache@64a9d48c size = 1, maxSize = 32, parentContextCount = 0, hitCount = 181, missCount = 1]
01:05:04.679 [Test worker] DEBUG org.springframework.test.context.cache.DefaultCacheAwareContextLoaderDelegate - Retrieved ApplicationContext [1651667865] from cache with key [[MergedContextConfiguration@40238dd0 testClass = BoardManagerTest, locations = '{}', classes = '{class org.waldreg.board.board.management.DefaultBoardManager, class org.waldreg.util.token.DecryptedTokenContext}', contextInitializerClasses = '[]', activeProfiles = '{}', propertySourceLocations = '{}', propertySourceProperties = '{}', contextCustomizers = set[org.springframework.boot.test.autoconfigure.actuate.metrics.MetricsExportContextCustomizerFactory$DisableMetricExportContextCustomizer@5c2375a9, org.springframework.boot.test.autoconfigure.properties.PropertyMappingContextCustomizer@0, org.springframework.boot.test.autoconfigure.web.servlet.WebDriverContextCustomizerFactory$Customizer@2fd953a6, org.springframework.boot.test.context.filter.ExcludeFilterContextCustomizer@66c61024, org.springframework.boot.test.json.DuplicateJsonObjectContextCustomizerFactory$DuplicateJsonObjectContextCustomizer@35432107, org.springframework.boot.test.mock.mockito.MockitoContextCustomizer@8f4afa1e], contextLoader = 'org.springframework.test.context.support.DelegatingSmartContextLoader', parent = [null]]]
01:05:04.679 [Test worker] DEBUG org.springframework.test.context.cache - Spring test ApplicationContext cache statistics: [DefaultContextCache@64a9d48c size = 1, maxSize = 32, parentContextCount = 0, hitCount = 182, missCount = 1]
01:05:04.679 [Test worker] DEBUG org.springframework.test.context.support.AbstractDirtiesContextTestExecutionListener - Before test method: context [DefaultTestContext@1afdd473 testClass = BoardManagerTest, testInstance = org.waldreg.board.board.BoardManagerTest@3f628ce9, testMethod = MODIFY_BOARD_SUCCESS_TEST@BoardManagerTest, testException = [null], mergedContextConfiguration = [MergedContextConfiguration@40238dd0 testClass = BoardManagerTest, locations = '{}', classes = '{class org.waldreg.board.board.management.DefaultBoardManager, class org.waldreg.util.token.DecryptedTokenContext}', contextInitializerClasses = '[]', activeProfiles = '{}', propertySourceLocations = '{}', propertySourceProperties = '{}', contextCustomizers = set[org.springframework.boot.test.autoconfigure.actuate.metrics.MetricsExportContextCustomizerFactory$DisableMetricExportContextCustomizer@5c2375a9, org.springframework.boot.test.autoconfigure.properties.PropertyMappingContextCustomizer@0, org.springframework.boot.test.autoconfigure.web.servlet.WebDriverContextCustomizerFactory$Customizer@2fd953a6, org.springframework.boot.test.context.filter.ExcludeFilterContextCustomizer@66c61024, org.springframework.boot.test.json.DuplicateJsonObjectContextCustomizerFactory$DuplicateJsonObjectContextCustomizer@35432107, org.springframework.boot.test.mock.mockito.MockitoContextCustomizer@8f4afa1e], contextLoader = 'org.springframework.test.context.support.DelegatingSmartContextLoader', parent = [null]], attributes = map['org.springframework.test.context.event.ApplicationEventsTestExecutionListener.recordApplicationEvents' -> false]], class annotated with @DirtiesContext [false] with mode [null], method annotated with @DirtiesContext [false] with mode [null].
01:05:04.679 [Test worker] DEBUG org.springframework.test.context.cache.DefaultCacheAwareContextLoaderDelegate - Retrieved ApplicationContext [1651667865] from cache with key [[MergedContextConfiguration@40238dd0 testClass = BoardManagerTest, locations = '{}', classes = '{class org.waldreg.board.board.management.DefaultBoardManager, class org.waldreg.util.token.DecryptedTokenContext}', contextInitializerClasses = '[]', activeProfiles = '{}', propertySourceLocations = '{}', propertySourceProperties = '{}', contextCustomizers = set[org.springframework.boot.test.autoconfigure.actuate.metrics.MetricsExportContextCustomizerFactory$DisableMetricExportContextCustomizer@5c2375a9, org.springframework.boot.test.autoconfigure.properties.PropertyMappingContextCustomizer@0, org.springframework.boot.test.autoconfigure.web.servlet.WebDriverContextCustomizerFactory$Customizer@2fd953a6, org.springframework.boot.test.context.filter.ExcludeFilterContextCustomizer@66c61024, org.springframework.boot.test.json.DuplicateJsonObjectContextCustomizerFactory$DuplicateJsonObjectContextCustomizer@35432107, org.springframework.boot.test.mock.mockito.MockitoContextCustomizer@8f4afa1e], contextLoader = 'org.springframework.test.context.support.DelegatingSmartContextLoader', parent = [null]]]
01:05:04.679 [Test worker] DEBUG org.springframework.test.context.cache - Spring test ApplicationContext cache statistics: [DefaultContextCache@64a9d48c size = 1, maxSize = 32, parentContextCount = 0, hitCount = 183, missCount = 1]
01:05:04.693 [Test worker] DEBUG org.springframework.test.context.cache.DefaultCacheAwareContextLoaderDelegate - Retrieved ApplicationContext [1651667865] from cache with key [[MergedContextConfiguration@40238dd0 testClass = BoardManagerTest, locations = '{}', classes = '{class org.waldreg.board.board.management.DefaultBoardManager, class org.waldreg.util.token.DecryptedTokenContext}', contextInitializerClasses = '[]', activeProfiles = '{}', propertySourceLocations = '{}', propertySourceProperties = '{}', contextCustomizers = set[org.springframework.boot.test.autoconfigure.actuate.metrics.MetricsExportContextCustomizerFactory$DisableMetricExportContextCustomizer@5c2375a9, org.springframework.boot.test.autoconfigure.properties.PropertyMappingContextCustomizer@0, org.springframework.boot.test.autoconfigure.web.servlet.WebDriverContextCustomizerFactory$Customizer@2fd953a6, org.springframework.boot.test.context.filter.ExcludeFilterContextCustomizer@66c61024, org.springframework.boot.test.json.DuplicateJsonObjectContextCustomizerFactory$DuplicateJsonObjectContextCustomizer@35432107, org.springframework.boot.test.mock.mockito.MockitoContextCustomizer@8f4afa1e], contextLoader = 'org.springframework.test.context.support.DelegatingSmartContextLoader', parent = [null]]]
01:05:04.693 [Test worker] DEBUG org.springframework.test.context.cache - Spring test ApplicationContext cache statistics: [DefaultContextCache@64a9d48c size = 1, maxSize = 32, parentContextCount = 0, hitCount = 184, missCount = 1]
01:05:04.693 [Test worker] DEBUG org.springframework.test.context.cache.DefaultCacheAwareContextLoaderDelegate - Retrieved ApplicationContext [1651667865] from cache with key [[MergedContextConfiguration@40238dd0 testClass = BoardManagerTest, locations = '{}', classes = '{class org.waldreg.board.board.management.DefaultBoardManager, class org.waldreg.util.token.DecryptedTokenContext}', contextInitializerClasses = '[]', activeProfiles = '{}', propertySourceLocations = '{}', propertySourceProperties = '{}', contextCustomizers = set[org.springframework.boot.test.autoconfigure.actuate.metrics.MetricsExportContextCustomizerFactory$DisableMetricExportContextCustomizer@5c2375a9, org.springframework.boot.test.autoconfigure.properties.PropertyMappingContextCustomizer@0, org.springframework.boot.test.autoconfigure.web.servlet.WebDriverContextCustomizerFactory$Customizer@2fd953a6, org.springframework.boot.test.context.filter.ExcludeFilterContextCustomizer@66c61024, org.springframework.boot.test.json.DuplicateJsonObjectContextCustomizerFactory$DuplicateJsonObjectContextCustomizer@35432107, org.springframework.boot.test.mock.mockito.MockitoContextCustomizer@8f4afa1e], contextLoader = 'org.springframework.test.context.support.DelegatingSmartContextLoader', parent = [null]]]
01:05:04.693 [Test worker] DEBUG org.springframework.test.context.cache - Spring test ApplicationContext cache statistics: [DefaultContextCache@64a9d48c size = 1, maxSize = 32, parentContextCount = 0, hitCount = 185, missCount = 1]
01:05:04.695 [Test worker] DEBUG org.springframework.test.context.cache.DefaultCacheAwareContextLoaderDelegate - Retrieved ApplicationContext [1651667865] from cache with key [[MergedContextConfiguration@40238dd0 testClass = BoardManagerTest, locations = '{}', classes = '{class org.waldreg.board.board.management.DefaultBoardManager, class org.waldreg.util.token.DecryptedTokenContext}', contextInitializerClasses = '[]', activeProfiles = '{}', propertySourceLocations = '{}', propertySourceProperties = '{}', contextCustomizers = set[org.springframework.boot.test.autoconfigure.actuate.metrics.MetricsExportContextCustomizerFactory$DisableMetricExportContextCustomizer@5c2375a9, org.springframework.boot.test.autoconfigure.properties.PropertyMappingContextCustomizer@0, org.springframework.boot.test.autoconfigure.web.servlet.WebDriverContextCustomizerFactory$Customizer@2fd953a6, org.springframework.boot.test.context.filter.ExcludeFilterContextCustomizer@66c61024, org.springframework.boot.test.json.DuplicateJsonObjectContextCustomizerFactory$DuplicateJsonObjectContextCustomizer@35432107, org.springframework.boot.test.mock.mockito.MockitoContextCustomizer@8f4afa1e], contextLoader = 'org.springframework.test.context.support.DelegatingSmartContextLoader', parent = [null]]]
01:05:04.695 [Test worker] DEBUG org.springframework.test.context.cache - Spring test ApplicationContext cache statistics: [DefaultContextCache@64a9d48c size = 1, maxSize = 32, parentContextCount = 0, hitCount = 186, missCount = 1]
01:05:04.695 [Test worker] DEBUG org.springframework.test.context.cache.DefaultCacheAwareContextLoaderDelegate - Retrieved ApplicationContext [1651667865] from cache with key [[MergedContextConfiguration@40238dd0 testClass = BoardManagerTest, locations = '{}', classes = '{class org.waldreg.board.board.management.DefaultBoardManager, class org.waldreg.util.token.DecryptedTokenContext}', contextInitializerClasses = '[]', activeProfiles = '{}', propertySourceLocations = '{}', propertySourceProperties = '{}', contextCustomizers = set[org.springframework.boot.test.autoconfigure.actuate.metrics.MetricsExportContextCustomizerFactory$DisableMetricExportContextCustomizer@5c2375a9, org.springframework.boot.test.autoconfigure.properties.PropertyMappingContextCustomizer@0, org.springframework.boot.test.autoconfigure.web.servlet.WebDriverContextCustomizerFactory$Customizer@2fd953a6, org.springframework.boot.test.context.filter.ExcludeFilterContextCustomizer@66c61024, org.springframework.boot.test.json.DuplicateJsonObjectContextCustomizerFactory$DuplicateJsonObjectContextCustomizer@35432107, org.springframework.boot.test.mock.mockito.MockitoContextCustomizer@8f4afa1e], contextLoader = 'org.springframework.test.context.support.DelegatingSmartContextLoader', parent = [null]]]
01:05:04.695 [Test worker] DEBUG org.springframework.test.context.cache - Spring test ApplicationContext cache statistics: [DefaultContextCache@64a9d48c size = 1, maxSize = 32, parentContextCount = 0, hitCount = 187, missCount = 1]
01:05:04.710 [Test worker] DEBUG org.springframework.test.context.cache.DefaultCacheAwareContextLoaderDelegate - Retrieved ApplicationContext [1651667865] from cache with key [[MergedContextConfiguration@40238dd0 testClass = BoardManagerTest, locations = '{}', classes = '{class org.waldreg.board.board.management.DefaultBoardManager, class org.waldreg.util.token.DecryptedTokenContext}', contextInitializerClasses = '[]', activeProfiles = '{}', propertySourceLocations = '{}', propertySourceProperties = '{}', contextCustomizers = set[org.springframework.boot.test.autoconfigure.actuate.metrics.MetricsExportContextCustomizerFactory$DisableMetricExportContextCustomizer@5c2375a9, org.springframework.boot.test.autoconfigure.properties.PropertyMappingContextCustomizer@0, org.springframework.boot.test.autoconfigure.web.servlet.WebDriverContextCustomizerFactory$Customizer@2fd953a6, org.springframework.boot.test.context.filter.ExcludeFilterContextCustomizer@66c61024, org.springframework.boot.test.json.DuplicateJsonObjectContextCustomizerFactory$DuplicateJsonObjectContextCustomizer@35432107, org.springframework.boot.test.mock.mockito.MockitoContextCustomizer@8f4afa1e], contextLoader = 'org.springframework.test.context.support.DelegatingSmartContextLoader', parent = [null]]]
01:05:04.710 [Test worker] DEBUG org.springframework.test.context.cache - Spring test ApplicationContext cache statistics: [DefaultContextCache@64a9d48c size = 1, maxSize = 32, parentContextCount = 0, hitCount = 188, missCount = 1]
01:05:04.710 [Test worker] DEBUG org.springframework.test.context.cache.DefaultCacheAwareContextLoaderDelegate - Retrieved ApplicationContext [1651667865] from cache with key [[MergedContextConfiguration@40238dd0 testClass = BoardManagerTest, locations = '{}', classes = '{class org.waldreg.board.board.management.DefaultBoardManager, class org.waldreg.util.token.DecryptedTokenContext}', contextInitializerClasses = '[]', activeProfiles = '{}', propertySourceLocations = '{}', propertySourceProperties = '{}', contextCustomizers = set[org.springframework.boot.test.autoconfigure.actuate.metrics.MetricsExportContextCustomizerFactory$DisableMetricExportContextCustomizer@5c2375a9, org.springframework.boot.test.autoconfigure.properties.PropertyMappingContextCustomizer@0, org.springframework.boot.test.autoconfigure.web.servlet.WebDriverContextCustomizerFactory$Customizer@2fd953a6, org.springframework.boot.test.context.filter.ExcludeFilterContextCustomizer@66c61024, org.springframework.boot.test.json.DuplicateJsonObjectContextCustomizerFactory$DuplicateJsonObjectContextCustomizer@35432107, org.springframework.boot.test.mock.mockito.MockitoContextCustomizer@8f4afa1e], contextLoader = 'org.springframework.test.context.support.DelegatingSmartContextLoader', parent = [null]]]
01:05:04.710 [Test worker] DEBUG org.springframework.test.context.cache - Spring test ApplicationContext cache statistics: [DefaultContextCache@64a9d48c size = 1, maxSize = 32, parentContextCount = 0, hitCount = 189, missCount = 1]
01:05:04.710 [Test worker] DEBUG org.springframework.test.context.cache.DefaultCacheAwareContextLoaderDelegate - Retrieved ApplicationContext [1651667865] from cache with key [[MergedContextConfiguration@40238dd0 testClass = BoardManagerTest, locations = '{}', classes = '{class org.waldreg.board.board.management.DefaultBoardManager, class org.waldreg.util.token.DecryptedTokenContext}', contextInitializerClasses = '[]', activeProfiles = '{}', propertySourceLocations = '{}', propertySourceProperties = '{}', contextCustomizers = set[org.springframework.boot.test.autoconfigure.actuate.metrics.MetricsExportContextCustomizerFactory$DisableMetricExportContextCustomizer@5c2375a9, org.springframework.boot.test.autoconfigure.properties.PropertyMappingContextCustomizer@0, org.springframework.boot.test.autoconfigure.web.servlet.WebDriverContextCustomizerFactory$Customizer@2fd953a6, org.springframework.boot.test.context.filter.ExcludeFilterContextCustomizer@66c61024, org.springframework.boot.test.json.DuplicateJsonObjectContextCustomizerFactory$DuplicateJsonObjectContextCustomizer@35432107, org.springframework.boot.test.mock.mockito.MockitoContextCustomizer@8f4afa1e], contextLoader = 'org.springframework.test.context.support.DelegatingSmartContextLoader', parent = [null]]]
01:05:04.710 [Test worker] DEBUG org.springframework.test.context.cache - Spring test ApplicationContext cache statistics: [DefaultContextCache@64a9d48c size = 1, maxSize = 32, parentContextCount = 0, hitCount = 190, missCount = 1]
01:05:04.724 [Test worker] DEBUG org.springframework.test.context.cache.DefaultCacheAwareContextLoaderDelegate - Retrieved ApplicationContext [1651667865] from cache with key [[MergedContextConfiguration@40238dd0 testClass = BoardManagerTest, locations = '{}', classes = '{class org.waldreg.board.board.management.DefaultBoardManager, class org.waldreg.util.token.DecryptedTokenContext}', contextInitializerClasses = '[]', activeProfiles = '{}', propertySourceLocations = '{}', propertySourceProperties = '{}', contextCustomizers = set[org.springframework.boot.test.autoconfigure.actuate.metrics.MetricsExportContextCustomizerFactory$DisableMetricExportContextCustomizer@5c2375a9, org.springframework.boot.test.autoconfigure.properties.PropertyMappingContextCustomizer@0, org.springframework.boot.test.autoconfigure.web.servlet.WebDriverContextCustomizerFactory$Customizer@2fd953a6, org.springframework.boot.test.context.filter.ExcludeFilterContextCustomizer@66c61024, org.springframework.boot.test.json.DuplicateJsonObjectContextCustomizerFactory$DuplicateJsonObjectContextCustomizer@35432107, org.springframework.boot.test.mock.mockito.MockitoContextCustomizer@8f4afa1e], contextLoader = 'org.springframework.test.context.support.DelegatingSmartContextLoader', parent = [null]]]
01:05:04.724 [Test worker] DEBUG org.springframework.test.context.cache - Spring test ApplicationContext cache statistics: [DefaultContextCache@64a9d48c size = 1, maxSize = 32, parentContextCount = 0, hitCount = 191, missCount = 1]
01:05:04.724 [Test worker] DEBUG org.springframework.test.context.support.AbstractDirtiesContextTestExecutionListener - After test method: context [DefaultTestContext@1afdd473 testClass = BoardManagerTest, testInstance = org.waldreg.board.board.BoardManagerTest@3f628ce9, testMethod = MODIFY_BOARD_SUCCESS_TEST@BoardManagerTest, testException = [null], mergedContextConfiguration = [MergedContextConfiguration@40238dd0 testClass = BoardManagerTest, locations = '{}', classes = '{class org.waldreg.board.board.management.DefaultBoardManager, class org.waldreg.util.token.DecryptedTokenContext}', contextInitializerClasses = '[]', activeProfiles = '{}', propertySourceLocations = '{}', propertySourceProperties = '{}', contextCustomizers = set[org.springframework.boot.test.autoconfigure.actuate.metrics.MetricsExportContextCustomizerFactory$DisableMetricExportContextCustomizer@5c2375a9, org.springframework.boot.test.autoconfigure.properties.PropertyMappingContextCustomizer@0, org.springframework.boot.test.autoconfigure.web.servlet.WebDriverContextCustomizerFactory$Customizer@2fd953a6, org.springframework.boot.test.context.filter.ExcludeFilterContextCustomizer@66c61024, org.springframework.boot.test.json.DuplicateJsonObjectContextCustomizerFactory$DuplicateJsonObjectContextCustomizer@35432107, org.springframework.boot.test.mock.mockito.MockitoContextCustomizer@8f4afa1e], contextLoader = 'org.springframework.test.context.support.DelegatingSmartContextLoader', parent = [null]], attributes = map['org.springframework.test.context.event.ApplicationEventsTestExecutionListener.recordApplicationEvents' -> false]], class annotated with @DirtiesContext [false] with mode [null], method annotated with @DirtiesContext [false] with mode [null].
01:05:04.725 [Test worker] DEBUG org.springframework.test.context.cache.DefaultCacheAwareContextLoaderDelegate - Retrieved ApplicationContext [1651667865] from cache with key [[MergedContextConfiguration@40238dd0 testClass = BoardManagerTest, locations = '{}', classes = '{class org.waldreg.board.board.management.DefaultBoardManager, class org.waldreg.util.token.DecryptedTokenContext}', contextInitializerClasses = '[]', activeProfiles = '{}', propertySourceLocations = '{}', propertySourceProperties = '{}', contextCustomizers = set[org.springframework.boot.test.autoconfigure.actuate.metrics.MetricsExportContextCustomizerFactory$DisableMetricExportContextCustomizer@5c2375a9, org.springframework.boot.test.autoconfigure.properties.PropertyMappingContextCustomizer@0, org.springframework.boot.test.autoconfigure.web.servlet.WebDriverContextCustomizerFactory$Customizer@2fd953a6, org.springframework.boot.test.context.filter.ExcludeFilterContextCustomizer@66c61024, org.springframework.boot.test.json.DuplicateJsonObjectContextCustomizerFactory$DuplicateJsonObjectContextCustomizer@35432107, org.springframework.boot.test.mock.mockito.MockitoContextCustomizer@8f4afa1e], contextLoader = 'org.springframework.test.context.support.DelegatingSmartContextLoader', parent = [null]]]
01:05:04.725 [Test worker] DEBUG org.springframework.test.context.cache - Spring test ApplicationContext cache statistics: [DefaultContextCache@64a9d48c size = 1, maxSize = 32, parentContextCount = 0, hitCount = 192, missCount = 1]
01:05:04.726 [Test worker] DEBUG org.springframework.test.context.support.DependencyInjectionTestExecutionListener - Performing dependency injection for test context [[DefaultTestContext@1afdd473 testClass = BoardManagerTest, testInstance = org.waldreg.board.board.BoardManagerTest@5fac521d, testMethod = [null], testException = [null], mergedContextConfiguration = [MergedContextConfiguration@40238dd0 testClass = BoardManagerTest, locations = '{}', classes = '{class org.waldreg.board.board.management.DefaultBoardManager, class org.waldreg.util.token.DecryptedTokenContext}', contextInitializerClasses = '[]', activeProfiles = '{}', propertySourceLocations = '{}', propertySourceProperties = '{}', contextCustomizers = set[org.springframework.boot.test.autoconfigure.actuate.metrics.MetricsExportContextCustomizerFactory$DisableMetricExportContextCustomizer@5c2375a9, org.springframework.boot.test.autoconfigure.properties.PropertyMappingContextCustomizer@0, org.springframework.boot.test.autoconfigure.web.servlet.WebDriverContextCustomizerFactory$Customizer@2fd953a6, org.springframework.boot.test.context.filter.ExcludeFilterContextCustomizer@66c61024, org.springframework.boot.test.json.DuplicateJsonObjectContextCustomizerFactory$DuplicateJsonObjectContextCustomizer@35432107, org.springframework.boot.test.mock.mockito.MockitoContextCustomizer@8f4afa1e], contextLoader = 'org.springframework.test.context.support.DelegatingSmartContextLoader', parent = [null]], attributes = map['org.springframework.test.context.event.ApplicationEventsTestExecutionListener.recordApplicationEvents' -> false]]].
01:05:04.726 [Test worker] DEBUG org.springframework.test.context.cache.DefaultCacheAwareContextLoaderDelegate - Retrieved ApplicationContext [1651667865] from cache with key [[MergedContextConfiguration@40238dd0 testClass = BoardManagerTest, locations = '{}', classes = '{class org.waldreg.board.board.management.DefaultBoardManager, class org.waldreg.util.token.DecryptedTokenContext}', contextInitializerClasses = '[]', activeProfiles = '{}', propertySourceLocations = '{}', propertySourceProperties = '{}', contextCustomizers = set[org.springframework.boot.test.autoconfigure.actuate.metrics.MetricsExportContextCustomizerFactory$DisableMetricExportContextCustomizer@5c2375a9, org.springframework.boot.test.autoconfigure.properties.PropertyMappingContextCustomizer@0, org.springframework.boot.test.autoconfigure.web.servlet.WebDriverContextCustomizerFactory$Customizer@2fd953a6, org.springframework.boot.test.context.filter.ExcludeFilterContextCustomizer@66c61024, org.springframework.boot.test.json.DuplicateJsonObjectContextCustomizerFactory$DuplicateJsonObjectContextCustomizer@35432107, org.springframework.boot.test.mock.mockito.MockitoContextCustomizer@8f4afa1e], contextLoader = 'org.springframework.test.context.support.DelegatingSmartContextLoader', parent = [null]]]
01:05:04.726 [Test worker] DEBUG org.springframework.test.context.cache - Spring test ApplicationContext cache statistics: [DefaultContextCache@64a9d48c size = 1, maxSize = 32, parentContextCount = 0, hitCount = 193, missCount = 1]
01:05:04.726 [Test worker] DEBUG org.springframework.test.context.cache.DefaultCacheAwareContextLoaderDelegate - Retrieved ApplicationContext [1651667865] from cache with key [[MergedContextConfiguration@40238dd0 testClass = BoardManagerTest, locations = '{}', classes = '{class org.waldreg.board.board.management.DefaultBoardManager, class org.waldreg.util.token.DecryptedTokenContext}', contextInitializerClasses = '[]', activeProfiles = '{}', propertySourceLocations = '{}', propertySourceProperties = '{}', contextCustomizers = set[org.springframework.boot.test.autoconfigure.actuate.metrics.MetricsExportContextCustomizerFactory$DisableMetricExportContextCustomizer@5c2375a9, org.springframework.boot.test.autoconfigure.properties.PropertyMappingContextCustomizer@0, org.springframework.boot.test.autoconfigure.web.servlet.WebDriverContextCustomizerFactory$Customizer@2fd953a6, org.springframework.boot.test.context.filter.ExcludeFilterContextCustomizer@66c61024, org.springframework.boot.test.json.DuplicateJsonObjectContextCustomizerFactory$DuplicateJsonObjectContextCustomizer@35432107, org.springframework.boot.test.mock.mockito.MockitoContextCustomizer@8f4afa1e], contextLoader = 'org.springframework.test.context.support.DelegatingSmartContextLoader', parent = [null]]]
01:05:04.726 [Test worker] DEBUG org.springframework.test.context.cache - Spring test ApplicationContext cache statistics: [DefaultContextCache@64a9d48c size = 1, maxSize = 32, parentContextCount = 0, hitCount = 194, missCount = 1]
01:05:04.727 [Test worker] DEBUG org.springframework.test.context.support.AbstractDirtiesContextTestExecutionListener - Before test method: context [DefaultTestContext@1afdd473 testClass = BoardManagerTest, testInstance = org.waldreg.board.board.BoardManagerTest@5fac521d, testMethod = SEARCH_BOARD_BY_CONTENT_INVALID_RANGE_TEST@BoardManagerTest, testException = [null], mergedContextConfiguration = [MergedContextConfiguration@40238dd0 testClass = BoardManagerTest, locations = '{}', classes = '{class org.waldreg.board.board.management.DefaultBoardManager, class org.waldreg.util.token.DecryptedTokenContext}', contextInitializerClasses = '[]', activeProfiles = '{}', propertySourceLocations = '{}', propertySourceProperties = '{}', contextCustomizers = set[org.springframework.boot.test.autoconfigure.actuate.metrics.MetricsExportContextCustomizerFactory$DisableMetricExportContextCustomizer@5c2375a9, org.springframework.boot.test.autoconfigure.properties.PropertyMappingContextCustomizer@0, org.springframework.boot.test.autoconfigure.web.servlet.WebDriverContextCustomizerFactory$Customizer@2fd953a6, org.springframework.boot.test.context.filter.ExcludeFilterContextCustomizer@66c61024, org.springframework.boot.test.json.DuplicateJsonObjectContextCustomizerFactory$DuplicateJsonObjectContextCustomizer@35432107, org.springframework.boot.test.mock.mockito.MockitoContextCustomizer@8f4afa1e], contextLoader = 'org.springframework.test.context.support.DelegatingSmartContextLoader', parent = [null]], attributes = map['org.springframework.test.context.event.ApplicationEventsTestExecutionListener.recordApplicationEvents' -> false]], class annotated with @DirtiesContext [false] with mode [null], method annotated with @DirtiesContext [false] with mode [null].
01:05:04.727 [Test worker] DEBUG org.springframework.test.context.cache.DefaultCacheAwareContextLoaderDelegate - Retrieved ApplicationContext [1651667865] from cache with key [[MergedContextConfiguration@40238dd0 testClass = BoardManagerTest, locations = '{}', classes = '{class org.waldreg.board.board.management.DefaultBoardManager, class org.waldreg.util.token.DecryptedTokenContext}', contextInitializerClasses = '[]', activeProfiles = '{}', propertySourceLocations = '{}', propertySourceProperties = '{}', contextCustomizers = set[org.springframework.boot.test.autoconfigure.actuate.metrics.MetricsExportContextCustomizerFactory$DisableMetricExportContextCustomizer@5c2375a9, org.springframework.boot.test.autoconfigure.properties.PropertyMappingContextCustomizer@0, org.springframework.boot.test.autoconfigure.web.servlet.WebDriverContextCustomizerFactory$Customizer@2fd953a6, org.springframework.boot.test.context.filter.ExcludeFilterContextCustomizer@66c61024, org.springframework.boot.test.json.DuplicateJsonObjectContextCustomizerFactory$DuplicateJsonObjectContextCustomizer@35432107, org.springframework.boot.test.mock.mockito.MockitoContextCustomizer@8f4afa1e], contextLoader = 'org.springframework.test.context.support.DelegatingSmartContextLoader', parent = [null]]]
01:05:04.727 [Test worker] DEBUG org.springframework.test.context.cache - Spring test ApplicationContext cache statistics: [DefaultContextCache@64a9d48c size = 1, maxSize = 32, parentContextCount = 0, hitCount = 195, missCount = 1]
01:05:04.740 [Test worker] DEBUG org.springframework.test.context.cache.DefaultCacheAwareContextLoaderDelegate - Retrieved ApplicationContext [1651667865] from cache with key [[MergedContextConfiguration@40238dd0 testClass = BoardManagerTest, locations = '{}', classes = '{class org.waldreg.board.board.management.DefaultBoardManager, class org.waldreg.util.token.DecryptedTokenContext}', contextInitializerClasses = '[]', activeProfiles = '{}', propertySourceLocations = '{}', propertySourceProperties = '{}', contextCustomizers = set[org.springframework.boot.test.autoconfigure.actuate.metrics.MetricsExportContextCustomizerFactory$DisableMetricExportContextCustomizer@5c2375a9, org.springframework.boot.test.autoconfigure.properties.PropertyMappingContextCustomizer@0, org.springframework.boot.test.autoconfigure.web.servlet.WebDriverContextCustomizerFactory$Customizer@2fd953a6, org.springframework.boot.test.context.filter.ExcludeFilterContextCustomizer@66c61024, org.springframework.boot.test.json.DuplicateJsonObjectContextCustomizerFactory$DuplicateJsonObjectContextCustomizer@35432107, org.springframework.boot.test.mock.mockito.MockitoContextCustomizer@8f4afa1e], contextLoader = 'org.springframework.test.context.support.DelegatingSmartContextLoader', parent = [null]]]
01:05:04.740 [Test worker] DEBUG org.springframework.test.context.cache - Spring test ApplicationContext cache statistics: [DefaultContextCache@64a9d48c size = 1, maxSize = 32, parentContextCount = 0, hitCount = 196, missCount = 1]
01:05:04.740 [Test worker] DEBUG org.springframework.test.context.cache.DefaultCacheAwareContextLoaderDelegate - Retrieved ApplicationContext [1651667865] from cache with key [[MergedContextConfiguration@40238dd0 testClass = BoardManagerTest, locations = '{}', classes = '{class org.waldreg.board.board.management.DefaultBoardManager, class org.waldreg.util.token.DecryptedTokenContext}', contextInitializerClasses = '[]', activeProfiles = '{}', propertySourceLocations = '{}', propertySourceProperties = '{}', contextCustomizers = set[org.springframework.boot.test.autoconfigure.actuate.metrics.MetricsExportContextCustomizerFactory$DisableMetricExportContextCustomizer@5c2375a9, org.springframework.boot.test.autoconfigure.properties.PropertyMappingContextCustomizer@0, org.springframework.boot.test.autoconfigure.web.servlet.WebDriverContextCustomizerFactory$Customizer@2fd953a6, org.springframework.boot.test.context.filter.ExcludeFilterContextCustomizer@66c61024, org.springframework.boot.test.json.DuplicateJsonObjectContextCustomizerFactory$DuplicateJsonObjectContextCustomizer@35432107, org.springframework.boot.test.mock.mockito.MockitoContextCustomizer@8f4afa1e], contextLoader = 'org.springframework.test.context.support.DelegatingSmartContextLoader', parent = [null]]]
01:05:04.740 [Test worker] DEBUG org.springframework.test.context.cache - Spring test ApplicationContext cache statistics: [DefaultContextCache@64a9d48c size = 1, maxSize = 32, parentContextCount = 0, hitCount = 197, missCount = 1]
01:05:04.741 [Test worker] DEBUG org.springframework.test.context.cache.DefaultCacheAwareContextLoaderDelegate - Retrieved ApplicationContext [1651667865] from cache with key [[MergedContextConfiguration@40238dd0 testClass = BoardManagerTest, locations = '{}', classes = '{class org.waldreg.board.board.management.DefaultBoardManager, class org.waldreg.util.token.DecryptedTokenContext}', contextInitializerClasses = '[]', activeProfiles = '{}', propertySourceLocations = '{}', propertySourceProperties = '{}', contextCustomizers = set[org.springframework.boot.test.autoconfigure.actuate.metrics.MetricsExportContextCustomizerFactory$DisableMetricExportContextCustomizer@5c2375a9, org.springframework.boot.test.autoconfigure.properties.PropertyMappingContextCustomizer@0, org.springframework.boot.test.autoconfigure.web.servlet.WebDriverContextCustomizerFactory$Customizer@2fd953a6, org.springframework.boot.test.context.filter.ExcludeFilterContextCustomizer@66c61024, org.springframework.boot.test.json.DuplicateJsonObjectContextCustomizerFactory$DuplicateJsonObjectContextCustomizer@35432107, org.springframework.boot.test.mock.mockito.MockitoContextCustomizer@8f4afa1e], contextLoader = 'org.springframework.test.context.support.DelegatingSmartContextLoader', parent = [null]]]
01:05:04.741 [Test worker] DEBUG org.springframework.test.context.cache - Spring test ApplicationContext cache statistics: [DefaultContextCache@64a9d48c size = 1, maxSize = 32, parentContextCount = 0, hitCount = 198, missCount = 1]
01:05:04.741 [Test worker] DEBUG org.springframework.test.context.cache.DefaultCacheAwareContextLoaderDelegate - Retrieved ApplicationContext [1651667865] from cache with key [[MergedContextConfiguration@40238dd0 testClass = BoardManagerTest, locations = '{}', classes = '{class org.waldreg.board.board.management.DefaultBoardManager, class org.waldreg.util.token.DecryptedTokenContext}', contextInitializerClasses = '[]', activeProfiles = '{}', propertySourceLocations = '{}', propertySourceProperties = '{}', contextCustomizers = set[org.springframework.boot.test.autoconfigure.actuate.metrics.MetricsExportContextCustomizerFactory$DisableMetricExportContextCustomizer@5c2375a9, org.springframework.boot.test.autoconfigure.properties.PropertyMappingContextCustomizer@0, org.springframework.boot.test.autoconfigure.web.servlet.WebDriverContextCustomizerFactory$Customizer@2fd953a6, org.springframework.boot.test.context.filter.ExcludeFilterContextCustomizer@66c61024, org.springframework.boot.test.json.DuplicateJsonObjectContextCustomizerFactory$DuplicateJsonObjectContextCustomizer@35432107, org.springframework.boot.test.mock.mockito.MockitoContextCustomizer@8f4afa1e], contextLoader = 'org.springframework.test.context.support.DelegatingSmartContextLoader', parent = [null]]]
01:05:04.741 [Test worker] DEBUG org.springframework.test.context.cache - Spring test ApplicationContext cache statistics: [DefaultContextCache@64a9d48c size = 1, maxSize = 32, parentContextCount = 0, hitCount = 199, missCount = 1]
01:05:04.755 [Test worker] DEBUG org.springframework.test.context.cache.DefaultCacheAwareContextLoaderDelegate - Retrieved ApplicationContext [1651667865] from cache with key [[MergedContextConfiguration@40238dd0 testClass = BoardManagerTest, locations = '{}', classes = '{class org.waldreg.board.board.management.DefaultBoardManager, class org.waldreg.util.token.DecryptedTokenContext}', contextInitializerClasses = '[]', activeProfiles = '{}', propertySourceLocations = '{}', propertySourceProperties = '{}', contextCustomizers = set[org.springframework.boot.test.autoconfigure.actuate.metrics.MetricsExportContextCustomizerFactory$DisableMetricExportContextCustomizer@5c2375a9, org.springframework.boot.test.autoconfigure.properties.PropertyMappingContextCustomizer@0, org.springframework.boot.test.autoconfigure.web.servlet.WebDriverContextCustomizerFactory$Customizer@2fd953a6, org.springframework.boot.test.context.filter.ExcludeFilterContextCustomizer@66c61024, org.springframework.boot.test.json.DuplicateJsonObjectContextCustomizerFactory$DuplicateJsonObjectContextCustomizer@35432107, org.springframework.boot.test.mock.mockito.MockitoContextCustomizer@8f4afa1e], contextLoader = 'org.springframework.test.context.support.DelegatingSmartContextLoader', parent = [null]]]
01:05:04.755 [Test worker] DEBUG org.springframework.test.context.cache - Spring test ApplicationContext cache statistics: [DefaultContextCache@64a9d48c size = 1, maxSize = 32, parentContextCount = 0, hitCount = 200, missCount = 1]
01:05:04.755 [Test worker] DEBUG org.springframework.test.context.cache.DefaultCacheAwareContextLoaderDelegate - Retrieved ApplicationContext [1651667865] from cache with key [[MergedContextConfiguration@40238dd0 testClass = BoardManagerTest, locations = '{}', classes = '{class org.waldreg.board.board.management.DefaultBoardManager, class org.waldreg.util.token.DecryptedTokenContext}', contextInitializerClasses = '[]', activeProfiles = '{}', propertySourceLocations = '{}', propertySourceProperties = '{}', contextCustomizers = set[org.springframework.boot.test.autoconfigure.actuate.metrics.MetricsExportContextCustomizerFactory$DisableMetricExportContextCustomizer@5c2375a9, org.springframework.boot.test.autoconfigure.properties.PropertyMappingContextCustomizer@0, org.springframework.boot.test.autoconfigure.web.servlet.WebDriverContextCustomizerFactory$Customizer@2fd953a6, org.springframework.boot.test.context.filter.ExcludeFilterContextCustomizer@66c61024, org.springframework.boot.test.json.DuplicateJsonObjectContextCustomizerFactory$DuplicateJsonObjectContextCustomizer@35432107, org.springframework.boot.test.mock.mockito.MockitoContextCustomizer@8f4afa1e], contextLoader = 'org.springframework.test.context.support.DelegatingSmartContextLoader', parent = [null]]]
01:05:04.755 [Test worker] DEBUG org.springframework.test.context.cache - Spring test ApplicationContext cache statistics: [DefaultContextCache@64a9d48c size = 1, maxSize = 32, parentContextCount = 0, hitCount = 201, missCount = 1]
01:05:04.756 [Test worker] DEBUG org.springframework.test.context.cache.DefaultCacheAwareContextLoaderDelegate - Retrieved ApplicationContext [1651667865] from cache with key [[MergedContextConfiguration@40238dd0 testClass = BoardManagerTest, locations = '{}', classes = '{class org.waldreg.board.board.management.DefaultBoardManager, class org.waldreg.util.token.DecryptedTokenContext}', contextInitializerClasses = '[]', activeProfiles = '{}', propertySourceLocations = '{}', propertySourceProperties = '{}', contextCustomizers = set[org.springframework.boot.test.autoconfigure.actuate.metrics.MetricsExportContextCustomizerFactory$DisableMetricExportContextCustomizer@5c2375a9, org.springframework.boot.test.autoconfigure.properties.PropertyMappingContextCustomizer@0, org.springframework.boot.test.autoconfigure.web.servlet.WebDriverContextCustomizerFactory$Customizer@2fd953a6, org.springframework.boot.test.context.filter.ExcludeFilterContextCustomizer@66c61024, org.springframework.boot.test.json.DuplicateJsonObjectContextCustomizerFactory$DuplicateJsonObjectContextCustomizer@35432107, org.springframework.boot.test.mock.mockito.MockitoContextCustomizer@8f4afa1e], contextLoader = 'org.springframework.test.context.support.DelegatingSmartContextLoader', parent = [null]]]
01:05:04.756 [Test worker] DEBUG org.springframework.test.context.cache - Spring test ApplicationContext cache statistics: [DefaultContextCache@64a9d48c size = 1, maxSize = 32, parentContextCount = 0, hitCount = 202, missCount = 1]
01:05:04.769 [Test worker] DEBUG org.springframework.test.context.cache.DefaultCacheAwareContextLoaderDelegate - Retrieved ApplicationContext [1651667865] from cache with key [[MergedContextConfiguration@40238dd0 testClass = BoardManagerTest, locations = '{}', classes = '{class org.waldreg.board.board.management.DefaultBoardManager, class org.waldreg.util.token.DecryptedTokenContext}', contextInitializerClasses = '[]', activeProfiles = '{}', propertySourceLocations = '{}', propertySourceProperties = '{}', contextCustomizers = set[org.springframework.boot.test.autoconfigure.actuate.metrics.MetricsExportContextCustomizerFactory$DisableMetricExportContextCustomizer@5c2375a9, org.springframework.boot.test.autoconfigure.properties.PropertyMappingContextCustomizer@0, org.springframework.boot.test.autoconfigure.web.servlet.WebDriverContextCustomizerFactory$Customizer@2fd953a6, org.springframework.boot.test.context.filter.ExcludeFilterContextCustomizer@66c61024, org.springframework.boot.test.json.DuplicateJsonObjectContextCustomizerFactory$DuplicateJsonObjectContextCustomizer@35432107, org.springframework.boot.test.mock.mockito.MockitoContextCustomizer@8f4afa1e], contextLoader = 'org.springframework.test.context.support.DelegatingSmartContextLoader', parent = [null]]]
01:05:04.769 [Test worker] DEBUG org.springframework.test.context.cache - Spring test ApplicationContext cache statistics: [DefaultContextCache@64a9d48c size = 1, maxSize = 32, parentContextCount = 0, hitCount = 203, missCount = 1]
01:05:04.769 [Test worker] DEBUG org.springframework.test.context.support.AbstractDirtiesContextTestExecutionListener - After test method: context [DefaultTestContext@1afdd473 testClass = BoardManagerTest, testInstance = org.waldreg.board.board.BoardManagerTest@5fac521d, testMethod = SEARCH_BOARD_BY_CONTENT_INVALID_RANGE_TEST@BoardManagerTest, testException = [null], mergedContextConfiguration = [MergedContextConfiguration@40238dd0 testClass = BoardManagerTest, locations = '{}', classes = '{class org.waldreg.board.board.management.DefaultBoardManager, class org.waldreg.util.token.DecryptedTokenContext}', contextInitializerClasses = '[]', activeProfiles = '{}', propertySourceLocations = '{}', propertySourceProperties = '{}', contextCustomizers = set[org.springframework.boot.test.autoconfigure.actuate.metrics.MetricsExportContextCustomizerFactory$DisableMetricExportContextCustomizer@5c2375a9, org.springframework.boot.test.autoconfigure.properties.PropertyMappingContextCustomizer@0, org.springframework.boot.test.autoconfigure.web.servlet.WebDriverContextCustomizerFactory$Customizer@2fd953a6, org.springframework.boot.test.context.filter.ExcludeFilterContextCustomizer@66c61024, org.springframework.boot.test.json.DuplicateJsonObjectContextCustomizerFactory$DuplicateJsonObjectContextCustomizer@35432107, org.springframework.boot.test.mock.mockito.MockitoContextCustomizer@8f4afa1e], contextLoader = 'org.springframework.test.context.support.DelegatingSmartContextLoader', parent = [null]], attributes = map['org.springframework.test.context.event.ApplicationEventsTestExecutionListener.recordApplicationEvents' -> false]], class annotated with @DirtiesContext [false] with mode [null], method annotated with @DirtiesContext [false] with mode [null].
01:05:04.770 [Test worker] DEBUG org.springframework.test.context.cache.DefaultCacheAwareContextLoaderDelegate - Retrieved ApplicationContext [1651667865] from cache with key [[MergedContextConfiguration@40238dd0 testClass = BoardManagerTest, locations = '{}', classes = '{class org.waldreg.board.board.management.DefaultBoardManager, class org.waldreg.util.token.DecryptedTokenContext}', contextInitializerClasses = '[]', activeProfiles = '{}', propertySourceLocations = '{}', propertySourceProperties = '{}', contextCustomizers = set[org.springframework.boot.test.autoconfigure.actuate.metrics.MetricsExportContextCustomizerFactory$DisableMetricExportContextCustomizer@5c2375a9, org.springframework.boot.test.autoconfigure.properties.PropertyMappingContextCustomizer@0, org.springframework.boot.test.autoconfigure.web.servlet.WebDriverContextCustomizerFactory$Customizer@2fd953a6, org.springframework.boot.test.context.filter.ExcludeFilterContextCustomizer@66c61024, org.springframework.boot.test.json.DuplicateJsonObjectContextCustomizerFactory$DuplicateJsonObjectContextCustomizer@35432107, org.springframework.boot.test.mock.mockito.MockitoContextCustomizer@8f4afa1e], contextLoader = 'org.springframework.test.context.support.DelegatingSmartContextLoader', parent = [null]]]
01:05:04.770 [Test worker] DEBUG org.springframework.test.context.cache - Spring test ApplicationContext cache statistics: [DefaultContextCache@64a9d48c size = 1, maxSize = 32, parentContextCount = 0, hitCount = 204, missCount = 1]
01:05:04.770 [Test worker] DEBUG org.springframework.test.context.support.DependencyInjectionTestExecutionListener - Performing dependency injection for test context [[DefaultTestContext@1afdd473 testClass = BoardManagerTest, testInstance = org.waldreg.board.board.BoardManagerTest@7a0f244f, testMethod = [null], testException = [null], mergedContextConfiguration = [MergedContextConfiguration@40238dd0 testClass = BoardManagerTest, locations = '{}', classes = '{class org.waldreg.board.board.management.DefaultBoardManager, class org.waldreg.util.token.DecryptedTokenContext}', contextInitializerClasses = '[]', activeProfiles = '{}', propertySourceLocations = '{}', propertySourceProperties = '{}', contextCustomizers = set[org.springframework.boot.test.autoconfigure.actuate.metrics.MetricsExportContextCustomizerFactory$DisableMetricExportContextCustomizer@5c2375a9, org.springframework.boot.test.autoconfigure.properties.PropertyMappingContextCustomizer@0, org.springframework.boot.test.autoconfigure.web.servlet.WebDriverContextCustomizerFactory$Customizer@2fd953a6, org.springframework.boot.test.context.filter.ExcludeFilterContextCustomizer@66c61024, org.springframework.boot.test.json.DuplicateJsonObjectContextCustomizerFactory$DuplicateJsonObjectContextCustomizer@35432107, org.springframework.boot.test.mock.mockito.MockitoContextCustomizer@8f4afa1e], contextLoader = 'org.springframework.test.context.support.DelegatingSmartContextLoader', parent = [null]], attributes = map['org.springframework.test.context.event.ApplicationEventsTestExecutionListener.recordApplicationEvents' -> false]]].
01:05:04.770 [Test worker] DEBUG org.springframework.test.context.cache.DefaultCacheAwareContextLoaderDelegate - Retrieved ApplicationContext [1651667865] from cache with key [[MergedContextConfiguration@40238dd0 testClass = BoardManagerTest, locations = '{}', classes = '{class org.waldreg.board.board.management.DefaultBoardManager, class org.waldreg.util.token.DecryptedTokenContext}', contextInitializerClasses = '[]', activeProfiles = '{}', propertySourceLocations = '{}', propertySourceProperties = '{}', contextCustomizers = set[org.springframework.boot.test.autoconfigure.actuate.metrics.MetricsExportContextCustomizerFactory$DisableMetricExportContextCustomizer@5c2375a9, org.springframework.boot.test.autoconfigure.properties.PropertyMappingContextCustomizer@0, org.springframework.boot.test.autoconfigure.web.servlet.WebDriverContextCustomizerFactory$Customizer@2fd953a6, org.springframework.boot.test.context.filter.ExcludeFilterContextCustomizer@66c61024, org.springframework.boot.test.json.DuplicateJsonObjectContextCustomizerFactory$DuplicateJsonObjectContextCustomizer@35432107, org.springframework.boot.test.mock.mockito.MockitoContextCustomizer@8f4afa1e], contextLoader = 'org.springframework.test.context.support.DelegatingSmartContextLoader', parent = [null]]]
01:05:04.770 [Test worker] DEBUG org.springframework.test.context.cache - Spring test ApplicationContext cache statistics: [DefaultContextCache@64a9d48c size = 1, maxSize = 32, parentContextCount = 0, hitCount = 205, missCount = 1]
01:05:04.770 [Test worker] DEBUG org.springframework.test.context.cache.DefaultCacheAwareContextLoaderDelegate - Retrieved ApplicationContext [1651667865] from cache with key [[MergedContextConfiguration@40238dd0 testClass = BoardManagerTest, locations = '{}', classes = '{class org.waldreg.board.board.management.DefaultBoardManager, class org.waldreg.util.token.DecryptedTokenContext}', contextInitializerClasses = '[]', activeProfiles = '{}', propertySourceLocations = '{}', propertySourceProperties = '{}', contextCustomizers = set[org.springframework.boot.test.autoconfigure.actuate.metrics.MetricsExportContextCustomizerFactory$DisableMetricExportContextCustomizer@5c2375a9, org.springframework.boot.test.autoconfigure.properties.PropertyMappingContextCustomizer@0, org.springframework.boot.test.autoconfigure.web.servlet.WebDriverContextCustomizerFactory$Customizer@2fd953a6, org.springframework.boot.test.context.filter.ExcludeFilterContextCustomizer@66c61024, org.springframework.boot.test.json.DuplicateJsonObjectContextCustomizerFactory$DuplicateJsonObjectContextCustomizer@35432107, org.springframework.boot.test.mock.mockito.MockitoContextCustomizer@8f4afa1e], contextLoader = 'org.springframework.test.context.support.DelegatingSmartContextLoader', parent = [null]]]
01:05:04.770 [Test worker] DEBUG org.springframework.test.context.cache - Spring test ApplicationContext cache statistics: [DefaultContextCache@64a9d48c size = 1, maxSize = 32, parentContextCount = 0, hitCount = 206, missCount = 1]
01:05:04.771 [Test worker] DEBUG org.springframework.test.context.support.AbstractDirtiesContextTestExecutionListener - Before test method: context [DefaultTestContext@1afdd473 testClass = BoardManagerTest, testInstance = org.waldreg.board.board.BoardManagerTest@7a0f244f, testMethod = SEARCH_BOARD_BY_AUTHOR_INVALID_RANGE_TEST@BoardManagerTest, testException = [null], mergedContextConfiguration = [MergedContextConfiguration@40238dd0 testClass = BoardManagerTest, locations = '{}', classes = '{class org.waldreg.board.board.management.DefaultBoardManager, class org.waldreg.util.token.DecryptedTokenContext}', contextInitializerClasses = '[]', activeProfiles = '{}', propertySourceLocations = '{}', propertySourceProperties = '{}', contextCustomizers = set[org.springframework.boot.test.autoconfigure.actuate.metrics.MetricsExportContextCustomizerFactory$DisableMetricExportContextCustomizer@5c2375a9, org.springframework.boot.test.autoconfigure.properties.PropertyMappingContextCustomizer@0, org.springframework.boot.test.autoconfigure.web.servlet.WebDriverContextCustomizerFactory$Customizer@2fd953a6, org.springframework.boot.test.context.filter.ExcludeFilterContextCustomizer@66c61024, org.springframework.boot.test.json.DuplicateJsonObjectContextCustomizerFactory$DuplicateJsonObjectContextCustomizer@35432107, org.springframework.boot.test.mock.mockito.MockitoContextCustomizer@8f4afa1e], contextLoader = 'org.springframework.test.context.support.DelegatingSmartContextLoader', parent = [null]], attributes = map['org.springframework.test.context.event.ApplicationEventsTestExecutionListener.recordApplicationEvents' -> false]], class annotated with @DirtiesContext [false] with mode [null], method annotated with @DirtiesContext [false] with mode [null].
01:05:04.771 [Test worker] DEBUG org.springframework.test.context.cache.DefaultCacheAwareContextLoaderDelegate - Retrieved ApplicationContext [1651667865] from cache with key [[MergedContextConfiguration@40238dd0 testClass = BoardManagerTest, locations = '{}', classes = '{class org.waldreg.board.board.management.DefaultBoardManager, class org.waldreg.util.token.DecryptedTokenContext}', contextInitializerClasses = '[]', activeProfiles = '{}', propertySourceLocations = '{}', propertySourceProperties = '{}', contextCustomizers = set[org.springframework.boot.test.autoconfigure.actuate.metrics.MetricsExportContextCustomizerFactory$DisableMetricExportContextCustomizer@5c2375a9, org.springframework.boot.test.autoconfigure.properties.PropertyMappingContextCustomizer@0, org.springframework.boot.test.autoconfigure.web.servlet.WebDriverContextCustomizerFactory$Customizer@2fd953a6, org.springframework.boot.test.context.filter.ExcludeFilterContextCustomizer@66c61024, org.springframework.boot.test.json.DuplicateJsonObjectContextCustomizerFactory$DuplicateJsonObjectContextCustomizer@35432107, org.springframework.boot.test.mock.mockito.MockitoContextCustomizer@8f4afa1e], contextLoader = 'org.springframework.test.context.support.DelegatingSmartContextLoader', parent = [null]]]
01:05:04.771 [Test worker] DEBUG org.springframework.test.context.cache - Spring test ApplicationContext cache statistics: [DefaultContextCache@64a9d48c size = 1, maxSize = 32, parentContextCount = 0, hitCount = 207, missCount = 1]
01:05:04.784 [Test worker] DEBUG org.springframework.test.context.cache.DefaultCacheAwareContextLoaderDelegate - Retrieved ApplicationContext [1651667865] from cache with key [[MergedContextConfiguration@40238dd0 testClass = BoardManagerTest, locations = '{}', classes = '{class org.waldreg.board.board.management.DefaultBoardManager, class org.waldreg.util.token.DecryptedTokenContext}', contextInitializerClasses = '[]', activeProfiles = '{}', propertySourceLocations = '{}', propertySourceProperties = '{}', contextCustomizers = set[org.springframework.boot.test.autoconfigure.actuate.metrics.MetricsExportContextCustomizerFactory$DisableMetricExportContextCustomizer@5c2375a9, org.springframework.boot.test.autoconfigure.properties.PropertyMappingContextCustomizer@0, org.springframework.boot.test.autoconfigure.web.servlet.WebDriverContextCustomizerFactory$Customizer@2fd953a6, org.springframework.boot.test.context.filter.ExcludeFilterContextCustomizer@66c61024, org.springframework.boot.test.json.DuplicateJsonObjectContextCustomizerFactory$DuplicateJsonObjectContextCustomizer@35432107, org.springframework.boot.test.mock.mockito.MockitoContextCustomizer@8f4afa1e], contextLoader = 'org.springframework.test.context.support.DelegatingSmartContextLoader', parent = [null]]]
01:05:04.784 [Test worker] DEBUG org.springframework.test.context.cache - Spring test ApplicationContext cache statistics: [DefaultContextCache@64a9d48c size = 1, maxSize = 32, parentContextCount = 0, hitCount = 208, missCount = 1]
01:05:04.784 [Test worker] DEBUG org.springframework.test.context.cache.DefaultCacheAwareContextLoaderDelegate - Retrieved ApplicationContext [1651667865] from cache with key [[MergedContextConfiguration@40238dd0 testClass = BoardManagerTest, locations = '{}', classes = '{class org.waldreg.board.board.management.DefaultBoardManager, class org.waldreg.util.token.DecryptedTokenContext}', contextInitializerClasses = '[]', activeProfiles = '{}', propertySourceLocations = '{}', propertySourceProperties = '{}', contextCustomizers = set[org.springframework.boot.test.autoconfigure.actuate.metrics.MetricsExportContextCustomizerFactory$DisableMetricExportContextCustomizer@5c2375a9, org.springframework.boot.test.autoconfigure.properties.PropertyMappingContextCustomizer@0, org.springframework.boot.test.autoconfigure.web.servlet.WebDriverContextCustomizerFactory$Customizer@2fd953a6, org.springframework.boot.test.context.filter.ExcludeFilterContextCustomizer@66c61024, org.springframework.boot.test.json.DuplicateJsonObjectContextCustomizerFactory$DuplicateJsonObjectContextCustomizer@35432107, org.springframework.boot.test.mock.mockito.MockitoContextCustomizer@8f4afa1e], contextLoader = 'org.springframework.test.context.support.DelegatingSmartContextLoader', parent = [null]]]
01:05:04.784 [Test worker] DEBUG org.springframework.test.context.cache - Spring test ApplicationContext cache statistics: [DefaultContextCache@64a9d48c size = 1, maxSize = 32, parentContextCount = 0, hitCount = 209, missCount = 1]
01:05:04.785 [Test worker] DEBUG org.springframework.test.context.cache.DefaultCacheAwareContextLoaderDelegate - Retrieved ApplicationContext [1651667865] from cache with key [[MergedContextConfiguration@40238dd0 testClass = BoardManagerTest, locations = '{}', classes = '{class org.waldreg.board.board.management.DefaultBoardManager, class org.waldreg.util.token.DecryptedTokenContext}', contextInitializerClasses = '[]', activeProfiles = '{}', propertySourceLocations = '{}', propertySourceProperties = '{}', contextCustomizers = set[org.springframework.boot.test.autoconfigure.actuate.metrics.MetricsExportContextCustomizerFactory$DisableMetricExportContextCustomizer@5c2375a9, org.springframework.boot.test.autoconfigure.properties.PropertyMappingContextCustomizer@0, org.springframework.boot.test.autoconfigure.web.servlet.WebDriverContextCustomizerFactory$Customizer@2fd953a6, org.springframework.boot.test.context.filter.ExcludeFilterContextCustomizer@66c61024, org.springframework.boot.test.json.DuplicateJsonObjectContextCustomizerFactory$DuplicateJsonObjectContextCustomizer@35432107, org.springframework.boot.test.mock.mockito.MockitoContextCustomizer@8f4afa1e], contextLoader = 'org.springframework.test.context.support.DelegatingSmartContextLoader', parent = [null]]]
01:05:04.785 [Test worker] DEBUG org.springframework.test.context.cache - Spring test ApplicationContext cache statistics: [DefaultContextCache@64a9d48c size = 1, maxSize = 32, parentContextCount = 0, hitCount = 210, missCount = 1]
01:05:04.785 [Test worker] DEBUG org.springframework.test.context.cache.DefaultCacheAwareContextLoaderDelegate - Retrieved ApplicationContext [1651667865] from cache with key [[MergedContextConfiguration@40238dd0 testClass = BoardManagerTest, locations = '{}', classes = '{class org.waldreg.board.board.management.DefaultBoardManager, class org.waldreg.util.token.DecryptedTokenContext}', contextInitializerClasses = '[]', activeProfiles = '{}', propertySourceLocations = '{}', propertySourceProperties = '{}', contextCustomizers = set[org.springframework.boot.test.autoconfigure.actuate.metrics.MetricsExportContextCustomizerFactory$DisableMetricExportContextCustomizer@5c2375a9, org.springframework.boot.test.autoconfigure.properties.PropertyMappingContextCustomizer@0, org.springframework.boot.test.autoconfigure.web.servlet.WebDriverContextCustomizerFactory$Customizer@2fd953a6, org.springframework.boot.test.context.filter.ExcludeFilterContextCustomizer@66c61024, org.springframework.boot.test.json.DuplicateJsonObjectContextCustomizerFactory$DuplicateJsonObjectContextCustomizer@35432107, org.springframework.boot.test.mock.mockito.MockitoContextCustomizer@8f4afa1e], contextLoader = 'org.springframework.test.context.support.DelegatingSmartContextLoader', parent = [null]]]
01:05:04.785 [Test worker] DEBUG org.springframework.test.context.cache - Spring test ApplicationContext cache statistics: [DefaultContextCache@64a9d48c size = 1, maxSize = 32, parentContextCount = 0, hitCount = 211, missCount = 1]
01:05:04.796 [Test worker] DEBUG org.springframework.test.context.cache.DefaultCacheAwareContextLoaderDelegate - Retrieved ApplicationContext [1651667865] from cache with key [[MergedContextConfiguration@40238dd0 testClass = BoardManagerTest, locations = '{}', classes = '{class org.waldreg.board.board.management.DefaultBoardManager, class org.waldreg.util.token.DecryptedTokenContext}', contextInitializerClasses = '[]', activeProfiles = '{}', propertySourceLocations = '{}', propertySourceProperties = '{}', contextCustomizers = set[org.springframework.boot.test.autoconfigure.actuate.metrics.MetricsExportContextCustomizerFactory$DisableMetricExportContextCustomizer@5c2375a9, org.springframework.boot.test.autoconfigure.properties.PropertyMappingContextCustomizer@0, org.springframework.boot.test.autoconfigure.web.servlet.WebDriverContextCustomizerFactory$Customizer@2fd953a6, org.springframework.boot.test.context.filter.ExcludeFilterContextCustomizer@66c61024, org.springframework.boot.test.json.DuplicateJsonObjectContextCustomizerFactory$DuplicateJsonObjectContextCustomizer@35432107, org.springframework.boot.test.mock.mockito.MockitoContextCustomizer@8f4afa1e], contextLoader = 'org.springframework.test.context.support.DelegatingSmartContextLoader', parent = [null]]]
01:05:04.796 [Test worker] DEBUG org.springframework.test.context.cache - Spring test ApplicationContext cache statistics: [DefaultContextCache@64a9d48c size = 1, maxSize = 32, parentContextCount = 0, hitCount = 212, missCount = 1]
01:05:04.796 [Test worker] DEBUG org.springframework.test.context.cache.DefaultCacheAwareContextLoaderDelegate - Retrieved ApplicationContext [1651667865] from cache with key [[MergedContextConfiguration@40238dd0 testClass = BoardManagerTest, locations = '{}', classes = '{class org.waldreg.board.board.management.DefaultBoardManager, class org.waldreg.util.token.DecryptedTokenContext}', contextInitializerClasses = '[]', activeProfiles = '{}', propertySourceLocations = '{}', propertySourceProperties = '{}', contextCustomizers = set[org.springframework.boot.test.autoconfigure.actuate.metrics.MetricsExportContextCustomizerFactory$DisableMetricExportContextCustomizer@5c2375a9, org.springframework.boot.test.autoconfigure.properties.PropertyMappingContextCustomizer@0, org.springframework.boot.test.autoconfigure.web.servlet.WebDriverContextCustomizerFactory$Customizer@2fd953a6, org.springframework.boot.test.context.filter.ExcludeFilterContextCustomizer@66c61024, org.springframework.boot.test.json.DuplicateJsonObjectContextCustomizerFactory$DuplicateJsonObjectContextCustomizer@35432107, org.springframework.boot.test.mock.mockito.MockitoContextCustomizer@8f4afa1e], contextLoader = 'org.springframework.test.context.support.DelegatingSmartContextLoader', parent = [null]]]
01:05:04.797 [Test worker] DEBUG org.springframework.test.context.cache - Spring test ApplicationContext cache statistics: [DefaultContextCache@64a9d48c size = 1, maxSize = 32, parentContextCount = 0, hitCount = 213, missCount = 1]
01:05:04.797 [Test worker] DEBUG org.springframework.test.context.cache.DefaultCacheAwareContextLoaderDelegate - Retrieved ApplicationContext [1651667865] from cache with key [[MergedContextConfiguration@40238dd0 testClass = BoardManagerTest, locations = '{}', classes = '{class org.waldreg.board.board.management.DefaultBoardManager, class org.waldreg.util.token.DecryptedTokenContext}', contextInitializerClasses = '[]', activeProfiles = '{}', propertySourceLocations = '{}', propertySourceProperties = '{}', contextCustomizers = set[org.springframework.boot.test.autoconfigure.actuate.metrics.MetricsExportContextCustomizerFactory$DisableMetricExportContextCustomizer@5c2375a9, org.springframework.boot.test.autoconfigure.properties.PropertyMappingContextCustomizer@0, org.springframework.boot.test.autoconfigure.web.servlet.WebDriverContextCustomizerFactory$Customizer@2fd953a6, org.springframework.boot.test.context.filter.ExcludeFilterContextCustomizer@66c61024, org.springframework.boot.test.json.DuplicateJsonObjectContextCustomizerFactory$DuplicateJsonObjectContextCustomizer@35432107, org.springframework.boot.test.mock.mockito.MockitoContextCustomizer@8f4afa1e], contextLoader = 'org.springframework.test.context.support.DelegatingSmartContextLoader', parent = [null]]]
01:05:04.797 [Test worker] DEBUG org.springframework.test.context.cache - Spring test ApplicationContext cache statistics: [DefaultContextCache@64a9d48c size = 1, maxSize = 32, parentContextCount = 0, hitCount = 214, missCount = 1]
01:05:04.809 [Test worker] DEBUG org.springframework.test.context.cache.DefaultCacheAwareContextLoaderDelegate - Retrieved ApplicationContext [1651667865] from cache with key [[MergedContextConfiguration@40238dd0 testClass = BoardManagerTest, locations = '{}', classes = '{class org.waldreg.board.board.management.DefaultBoardManager, class org.waldreg.util.token.DecryptedTokenContext}', contextInitializerClasses = '[]', activeProfiles = '{}', propertySourceLocations = '{}', propertySourceProperties = '{}', contextCustomizers = set[org.springframework.boot.test.autoconfigure.actuate.metrics.MetricsExportContextCustomizerFactory$DisableMetricExportContextCustomizer@5c2375a9, org.springframework.boot.test.autoconfigure.properties.PropertyMappingContextCustomizer@0, org.springframework.boot.test.autoconfigure.web.servlet.WebDriverContextCustomizerFactory$Customizer@2fd953a6, org.springframework.boot.test.context.filter.ExcludeFilterContextCustomizer@66c61024, org.springframework.boot.test.json.DuplicateJsonObjectContextCustomizerFactory$DuplicateJsonObjectContextCustomizer@35432107, org.springframework.boot.test.mock.mockito.MockitoContextCustomizer@8f4afa1e], contextLoader = 'org.springframework.test.context.support.DelegatingSmartContextLoader', parent = [null]]]
01:05:04.809 [Test worker] DEBUG org.springframework.test.context.cache - Spring test ApplicationContext cache statistics: [DefaultContextCache@64a9d48c size = 1, maxSize = 32, parentContextCount = 0, hitCount = 215, missCount = 1]
01:05:04.809 [Test worker] DEBUG org.springframework.test.context.support.AbstractDirtiesContextTestExecutionListener - After test method: context [DefaultTestContext@1afdd473 testClass = BoardManagerTest, testInstance = org.waldreg.board.board.BoardManagerTest@7a0f244f, testMethod = SEARCH_BOARD_BY_AUTHOR_INVALID_RANGE_TEST@BoardManagerTest, testException = [null], mergedContextConfiguration = [MergedContextConfiguration@40238dd0 testClass = BoardManagerTest, locations = '{}', classes = '{class org.waldreg.board.board.management.DefaultBoardManager, class org.waldreg.util.token.DecryptedTokenContext}', contextInitializerClasses = '[]', activeProfiles = '{}', propertySourceLocations = '{}', propertySourceProperties = '{}', contextCustomizers = set[org.springframework.boot.test.autoconfigure.actuate.metrics.MetricsExportContextCustomizerFactory$DisableMetricExportContextCustomizer@5c2375a9, org.springframework.boot.test.autoconfigure.properties.PropertyMappingContextCustomizer@0, org.springframework.boot.test.autoconfigure.web.servlet.WebDriverContextCustomizerFactory$Customizer@2fd953a6, org.springframework.boot.test.context.filter.ExcludeFilterContextCustomizer@66c61024, org.springframework.boot.test.json.DuplicateJsonObjectContextCustomizerFactory$DuplicateJsonObjectContextCustomizer@35432107, org.springframework.boot.test.mock.mockito.MockitoContextCustomizer@8f4afa1e], contextLoader = 'org.springframework.test.context.support.DelegatingSmartContextLoader', parent = [null]], attributes = map['org.springframework.test.context.event.ApplicationEventsTestExecutionListener.recordApplicationEvents' -> false]], class annotated with @DirtiesContext [false] with mode [null], method annotated with @DirtiesContext [false] with mode [null].
01:05:04.818 [Test worker] DEBUG org.springframework.test.context.cache.DefaultCacheAwareContextLoaderDelegate - Retrieved ApplicationContext [1651667865] from cache with key [[MergedContextConfiguration@40238dd0 testClass = BoardManagerTest, locations = '{}', classes = '{class org.waldreg.board.board.management.DefaultBoardManager, class org.waldreg.util.token.DecryptedTokenContext}', contextInitializerClasses = '[]', activeProfiles = '{}', propertySourceLocations = '{}', propertySourceProperties = '{}', contextCustomizers = set[org.springframework.boot.test.autoconfigure.actuate.metrics.MetricsExportContextCustomizerFactory$DisableMetricExportContextCustomizer@5c2375a9, org.springframework.boot.test.autoconfigure.properties.PropertyMappingContextCustomizer@0, org.springframework.boot.test.autoconfigure.web.servlet.WebDriverContextCustomizerFactory$Customizer@2fd953a6, org.springframework.boot.test.context.filter.ExcludeFilterContextCustomizer@66c61024, org.springframework.boot.test.json.DuplicateJsonObjectContextCustomizerFactory$DuplicateJsonObjectContextCustomizer@35432107, org.springframework.boot.test.mock.mockito.MockitoContextCustomizer@8f4afa1e], contextLoader = 'org.springframework.test.context.support.DelegatingSmartContextLoader', parent = [null]]]
01:05:04.819 [Test worker] DEBUG org.springframework.test.context.cache - Spring test ApplicationContext cache statistics: [DefaultContextCache@64a9d48c size = 1, maxSize = 32, parentContextCount = 0, hitCount = 216, missCount = 1]
01:05:04.819 [Test worker] DEBUG org.springframework.test.context.support.AbstractDirtiesContextTestExecutionListener - After test class: context [DefaultTestContext@1afdd473 testClass = BoardManagerTest, testInstance = [null], testMethod = [null], testException = [null], mergedContextConfiguration = [MergedContextConfiguration@40238dd0 testClass = BoardManagerTest, locations = '{}', classes = '{class org.waldreg.board.board.management.DefaultBoardManager, class org.waldreg.util.token.DecryptedTokenContext}', contextInitializerClasses = '[]', activeProfiles = '{}', propertySourceLocations = '{}', propertySourceProperties = '{}', contextCustomizers = set[org.springframework.boot.test.autoconfigure.actuate.metrics.MetricsExportContextCustomizerFactory$DisableMetricExportContextCustomizer@5c2375a9, org.springframework.boot.test.autoconfigure.properties.PropertyMappingContextCustomizer@0, org.springframework.boot.test.autoconfigure.web.servlet.WebDriverContextCustomizerFactory$Customizer@2fd953a6, org.springframework.boot.test.context.filter.ExcludeFilterContextCustomizer@66c61024, org.springframework.boot.test.json.DuplicateJsonObjectContextCustomizerFactory$DuplicateJsonObjectContextCustomizer@35432107, org.springframework.boot.test.mock.mockito.MockitoContextCustomizer@8f4afa1e], contextLoader = 'org.springframework.test.context.support.DelegatingSmartContextLoader', parent = [null]], attributes = map['org.springframework.test.context.event.ApplicationEventsTestExecutionListener.recordApplicationEvents' -> false]], class annotated with @DirtiesContext [false] with mode [null].
]]></system-out>
  <system-err><![CDATA[]]></system-err>
</testsuite>
