<?xml version="1.0" encoding="UTF-8"?>
<testsuite name="org.waldreg.board.reaction.ReactionManagerTest" tests="3" skipped="0" failures="0" errors="0" timestamp="2023-06-27T14:51:42" hostname="xb-apple.local" time="0.005">
  <properties/>
  <testcase name="반응 남기기 요청 성공" classname="org.waldreg.board.reaction.ReactionManagerTest" time="0.001"/>
  <testcase name="반응 남기기 요청 실패 - 없는 게시글" classname="org.waldreg.board.reaction.ReactionManagerTest" time="0.001"/>
  <testcase name="반응 남기기 요청 실패 - 없는 타입의 반응" classname="org.waldreg.board.reaction.ReactionManagerTest" time="0.002"/>
  <system-out><![CDATA[23:51:42.009 [Test worker] DEBUG org.springframework.test.context.BootstrapUtils - Instantiating CacheAwareContextLoaderDelegate from class [org.springframework.test.context.cache.DefaultCacheAwareContextLoaderDelegate]
23:51:42.009 [Test worker] DEBUG org.springframework.test.context.BootstrapUtils - Instantiating BootstrapContext using constructor [public org.springframework.test.context.support.DefaultBootstrapContext(java.lang.Class,org.springframework.test.context.CacheAwareContextLoaderDelegate)]
23:51:42.009 [Test worker] DEBUG org.springframework.test.context.BootstrapUtils - Instantiating TestContextBootstrapper for test class [org.waldreg.board.reaction.ReactionManagerTest] from class [org.springframework.test.context.support.DefaultTestContextBootstrapper]
23:51:42.009 [Test worker] DEBUG org.springframework.test.context.support.AbstractDelegatingSmartContextLoader - Delegating to AnnotationConfigContextLoader to process context configuration [ContextConfigurationAttributes@59b65dce declaringClass = 'org.waldreg.board.reaction.ReactionManagerTest', classes = '{class org.waldreg.board.reaction.management.DefaultReactionManager, class org.waldreg.util.token.DecryptedTokenContext}', locations = '{}', inheritLocations = true, initializers = '{}', inheritInitializers = true, name = [null], contextLoaderClass = 'org.springframework.test.context.ContextLoader'].
23:51:42.009 [Test worker] DEBUG org.springframework.test.context.support.ActiveProfilesUtils - Could not find an 'annotation declaring class' for annotation type [org.springframework.test.context.ActiveProfiles] and class [org.waldreg.board.reaction.ReactionManagerTest]
23:51:42.009 [Test worker] DEBUG org.springframework.test.context.support.DefaultTestContextBootstrapper - @TestExecutionListeners is not present for class [org.waldreg.board.reaction.ReactionManagerTest]: using defaults.
23:51:42.009 [Test worker] INFO org.springframework.test.context.support.DefaultTestContextBootstrapper - Loaded default TestExecutionListener class names from location [META-INF/spring.factories]: [org.springframework.boot.test.autoconfigure.restdocs.RestDocsTestExecutionListener, org.springframework.boot.test.autoconfigure.web.client.MockRestServiceServerResetTestExecutionListener, org.springframework.boot.test.autoconfigure.web.servlet.MockMvcPrintOnlyOnFailureTestExecutionListener, org.springframework.boot.test.autoconfigure.web.servlet.WebDriverTestExecutionListener, org.springframework.boot.test.autoconfigure.webservices.client.MockWebServiceServerTestExecutionListener, org.springframework.boot.test.mock.mockito.MockitoTestExecutionListener, org.springframework.boot.test.mock.mockito.ResetMocksTestExecutionListener, org.springframework.test.context.web.ServletTestExecutionListener, org.springframework.test.context.support.DirtiesContextBeforeModesTestExecutionListener, org.springframework.test.context.event.ApplicationEventsTestExecutionListener, org.springframework.test.context.support.DependencyInjectionTestExecutionListener, org.springframework.test.context.support.DirtiesContextTestExecutionListener, org.springframework.test.context.transaction.TransactionalTestExecutionListener, org.springframework.test.context.jdbc.SqlScriptsTestExecutionListener, org.springframework.test.context.event.EventPublishingTestExecutionListener]
23:51:42.009 [Test worker] DEBUG org.springframework.test.context.support.DefaultTestContextBootstrapper - Skipping candidate TestExecutionListener [org.springframework.test.context.transaction.TransactionalTestExecutionListener] due to a missing dependency. Specify custom listener classes or make the default listener classes and their required dependencies available. Offending class: [org/springframework/transaction/interceptor/TransactionAttributeSource]
23:51:42.009 [Test worker] DEBUG org.springframework.test.context.support.DefaultTestContextBootstrapper - Skipping candidate TestExecutionListener [org.springframework.test.context.jdbc.SqlScriptsTestExecutionListener] due to a missing dependency. Specify custom listener classes or make the default listener classes and their required dependencies available. Offending class: [org/springframework/transaction/interceptor/TransactionAttribute]
23:51:42.009 [Test worker] INFO org.springframework.test.context.support.DefaultTestContextBootstrapper - Using TestExecutionListeners: [org.springframework.test.context.web.ServletTestExecutionListener@a22c4d8, org.springframework.test.context.support.DirtiesContextBeforeModesTestExecutionListener@45cd7bc5, org.springframework.test.context.event.ApplicationEventsTestExecutionListener@6504a875, org.springframework.boot.test.mock.mockito.MockitoTestExecutionListener@35e26d05, org.springframework.test.context.support.DependencyInjectionTestExecutionListener@29fa6b65, org.springframework.test.context.support.DirtiesContextTestExecutionListener@7c72ecc, org.springframework.test.context.event.EventPublishingTestExecutionListener@47406941, org.springframework.boot.test.autoconfigure.restdocs.RestDocsTestExecutionListener@61ecbee9, org.springframework.boot.test.autoconfigure.web.client.MockRestServiceServerResetTestExecutionListener@1bb740f2, org.springframework.boot.test.autoconfigure.web.servlet.MockMvcPrintOnlyOnFailureTestExecutionListener@2538bc06, org.springframework.boot.test.autoconfigure.web.servlet.WebDriverTestExecutionListener@61f6d381, org.springframework.boot.test.autoconfigure.webservices.client.MockWebServiceServerTestExecutionListener@656922a0, org.springframework.boot.test.mock.mockito.ResetMocksTestExecutionListener@44784e2f]
23:51:42.010 [Test worker] DEBUG org.springframework.test.context.support.AbstractDirtiesContextTestExecutionListener - Before test class: context [DefaultTestContext@2440022a testClass = ReactionManagerTest, testInstance = [null], testMethod = [null], testException = [null], mergedContextConfiguration = [MergedContextConfiguration@737db7f8 testClass = ReactionManagerTest, locations = '{}', classes = '{class org.waldreg.board.reaction.management.DefaultReactionManager, class org.waldreg.util.token.DecryptedTokenContext}', contextInitializerClasses = '[]', activeProfiles = '{}', propertySourceLocations = '{}', propertySourceProperties = '{}', contextCustomizers = set[org.springframework.boot.test.autoconfigure.actuate.metrics.MetricsExportContextCustomizerFactory$DisableMetricExportContextCustomizer@31ff43be, org.springframework.boot.test.autoconfigure.properties.PropertyMappingContextCustomizer@0, org.springframework.boot.test.autoconfigure.web.servlet.WebDriverContextCustomizerFactory$Customizer@7a362b6b, org.springframework.boot.test.context.filter.ExcludeFilterContextCustomizer@512baff6, org.springframework.boot.test.json.DuplicateJsonObjectContextCustomizerFactory$DuplicateJsonObjectContextCustomizer@10a9d961, org.springframework.boot.test.mock.mockito.MockitoContextCustomizer@72cf8304], contextLoader = 'org.springframework.test.context.support.DelegatingSmartContextLoader', parent = [null]], attributes = map[[empty]]], class annotated with @DirtiesContext [false] with mode [null].
23:51:42.010 [Test worker] DEBUG org.springframework.test.context.support.AbstractDelegatingSmartContextLoader - Delegating to AnnotationConfigContextLoader to load context from [MergedContextConfiguration@737db7f8 testClass = ReactionManagerTest, locations = '{}', classes = '{class org.waldreg.board.reaction.management.DefaultReactionManager, class org.waldreg.util.token.DecryptedTokenContext}', contextInitializerClasses = '[]', activeProfiles = '{}', propertySourceLocations = '{}', propertySourceProperties = '{}', contextCustomizers = set[org.springframework.boot.test.autoconfigure.actuate.metrics.MetricsExportContextCustomizerFactory$DisableMetricExportContextCustomizer@31ff43be, org.springframework.boot.test.autoconfigure.properties.PropertyMappingContextCustomizer@0, org.springframework.boot.test.autoconfigure.web.servlet.WebDriverContextCustomizerFactory$Customizer@7a362b6b, org.springframework.boot.test.context.filter.ExcludeFilterContextCustomizer@512baff6, org.springframework.boot.test.json.DuplicateJsonObjectContextCustomizerFactory$DuplicateJsonObjectContextCustomizer@10a9d961, org.springframework.boot.test.mock.mockito.MockitoContextCustomizer@72cf8304], contextLoader = 'org.springframework.test.context.support.DelegatingSmartContextLoader', parent = [null]].
23:51:42.010 [Test worker] DEBUG org.springframework.test.context.support.AbstractGenericContextLoader - Loading ApplicationContext for merged context configuration [[MergedContextConfiguration@737db7f8 testClass = ReactionManagerTest, locations = '{}', classes = '{class org.waldreg.board.reaction.management.DefaultReactionManager, class org.waldreg.util.token.DecryptedTokenContext}', contextInitializerClasses = '[]', activeProfiles = '{}', propertySourceLocations = '{}', propertySourceProperties = '{}', contextCustomizers = set[org.springframework.boot.test.autoconfigure.actuate.metrics.MetricsExportContextCustomizerFactory$DisableMetricExportContextCustomizer@31ff43be, org.springframework.boot.test.autoconfigure.properties.PropertyMappingContextCustomizer@0, org.springframework.boot.test.autoconfigure.web.servlet.WebDriverContextCustomizerFactory$Customizer@7a362b6b, org.springframework.boot.test.context.filter.ExcludeFilterContextCustomizer@512baff6, org.springframework.boot.test.json.DuplicateJsonObjectContextCustomizerFactory$DuplicateJsonObjectContextCustomizer@10a9d961, org.springframework.boot.test.mock.mockito.MockitoContextCustomizer@72cf8304], contextLoader = 'org.springframework.test.context.support.DelegatingSmartContextLoader', parent = [null]]].
23:51:42.010 [Test worker] DEBUG org.springframework.core.env.StandardEnvironment - Activating profiles []
23:51:42.010 [Test worker] DEBUG org.springframework.test.context.support.AnnotationConfigContextLoader - Registering component classes: {class org.waldreg.board.reaction.management.DefaultReactionManager, class org.waldreg.util.token.DecryptedTokenContext}
23:51:42.010 [Test worker] DEBUG org.springframework.context.support.GenericApplicationContext - Refreshing org.springframework.context.support.GenericApplicationContext@5f2de715
23:51:42.010 [Test worker] DEBUG org.springframework.beans.factory.support.DefaultListableBeanFactory - Creating shared instance of singleton bean 'org.springframework.context.annotation.internalConfigurationAnnotationProcessor'
23:51:42.014 [Test worker] DEBUG org.springframework.beans.factory.support.DefaultListableBeanFactory - Creating shared instance of singleton bean 'org.springframework.boot.test.mock.mockito.MockitoPostProcessor'
23:51:42.020 [Test worker] DEBUG org.springframework.beans.factory.support.DefaultListableBeanFactory - Creating shared instance of singleton bean 'org.springframework.context.event.internalEventListenerProcessor'
23:51:42.020 [Test worker] DEBUG org.springframework.beans.factory.support.DefaultListableBeanFactory - Creating shared instance of singleton bean 'org.springframework.context.event.internalEventListenerFactory'
23:51:42.020 [Test worker] DEBUG org.springframework.beans.factory.support.DefaultListableBeanFactory - Creating shared instance of singleton bean 'org.springframework.context.annotation.internalAutowiredAnnotationProcessor'
23:51:42.020 [Test worker] DEBUG org.springframework.beans.factory.support.DefaultListableBeanFactory - Creating shared instance of singleton bean 'org.springframework.context.annotation.internalCommonAnnotationProcessor'
23:51:42.020 [Test worker] DEBUG org.springframework.beans.factory.support.DefaultListableBeanFactory - Creating shared instance of singleton bean 'org.springframework.boot.test.mock.mockito.MockitoPostProcessor$SpyPostProcessor'
23:51:42.020 [Test worker] DEBUG org.springframework.beans.factory.support.DefaultListableBeanFactory - Creating shared instance of singleton bean 'defaultReactionManager'
23:51:42.021 [Test worker] DEBUG org.springframework.beans.factory.support.DefaultListableBeanFactory - Autowiring by type from bean name 'defaultReactionManager' via constructor to bean named 'org.waldreg.board.reaction.spi.ReactionInBoardRepository#0'
23:51:42.021 [Test worker] DEBUG org.springframework.beans.factory.support.DefaultListableBeanFactory - Autowiring by type from bean name 'defaultReactionManager' via constructor to bean named 'org.waldreg.board.reaction.spi.ReactionUserRepository#0'
23:51:42.022 [Test worker] DEBUG org.springframework.beans.factory.support.DefaultListableBeanFactory - Creating shared instance of singleton bean 'decryptedTokenContext'
23:51:42.022 [Test worker] DEBUG org.springframework.test.context.cache.DefaultCacheAwareContextLoaderDelegate - Storing ApplicationContext [1596843797] in cache under key [[MergedContextConfiguration@737db7f8 testClass = ReactionManagerTest, locations = '{}', classes = '{class org.waldreg.board.reaction.management.DefaultReactionManager, class org.waldreg.util.token.DecryptedTokenContext}', contextInitializerClasses = '[]', activeProfiles = '{}', propertySourceLocations = '{}', propertySourceProperties = '{}', contextCustomizers = set[org.springframework.boot.test.autoconfigure.actuate.metrics.MetricsExportContextCustomizerFactory$DisableMetricExportContextCustomizer@31ff43be, org.springframework.boot.test.autoconfigure.properties.PropertyMappingContextCustomizer@0, org.springframework.boot.test.autoconfigure.web.servlet.WebDriverContextCustomizerFactory$Customizer@7a362b6b, org.springframework.boot.test.context.filter.ExcludeFilterContextCustomizer@512baff6, org.springframework.boot.test.json.DuplicateJsonObjectContextCustomizerFactory$DuplicateJsonObjectContextCustomizer@10a9d961, org.springframework.boot.test.mock.mockito.MockitoContextCustomizer@72cf8304], contextLoader = 'org.springframework.test.context.support.DelegatingSmartContextLoader', parent = [null]]]
23:51:42.022 [Test worker] DEBUG org.springframework.test.context.cache - Spring test ApplicationContext cache statistics: [DefaultContextCache@4afd21c6 size = 5, maxSize = 32, parentContextCount = 0, hitCount = 483, missCount = 5]
23:51:42.022 [Test worker] DEBUG org.springframework.test.context.support.DependencyInjectionTestExecutionListener - Performing dependency injection for test context [[DefaultTestContext@2440022a testClass = ReactionManagerTest, testInstance = org.waldreg.board.reaction.ReactionManagerTest@788ba63e, testMethod = [null], testException = [null], mergedContextConfiguration = [MergedContextConfiguration@737db7f8 testClass = ReactionManagerTest, locations = '{}', classes = '{class org.waldreg.board.reaction.management.DefaultReactionManager, class org.waldreg.util.token.DecryptedTokenContext}', contextInitializerClasses = '[]', activeProfiles = '{}', propertySourceLocations = '{}', propertySourceProperties = '{}', contextCustomizers = set[org.springframework.boot.test.autoconfigure.actuate.metrics.MetricsExportContextCustomizerFactory$DisableMetricExportContextCustomizer@31ff43be, org.springframework.boot.test.autoconfigure.properties.PropertyMappingContextCustomizer@0, org.springframework.boot.test.autoconfigure.web.servlet.WebDriverContextCustomizerFactory$Customizer@7a362b6b, org.springframework.boot.test.context.filter.ExcludeFilterContextCustomizer@512baff6, org.springframework.boot.test.json.DuplicateJsonObjectContextCustomizerFactory$DuplicateJsonObjectContextCustomizer@10a9d961, org.springframework.boot.test.mock.mockito.MockitoContextCustomizer@72cf8304], contextLoader = 'org.springframework.test.context.support.DelegatingSmartContextLoader', parent = [null]], attributes = map['org.springframework.test.context.event.ApplicationEventsTestExecutionListener.recordApplicationEvents' -> false]]].
23:51:42.022 [Test worker] DEBUG org.springframework.test.context.cache.DefaultCacheAwareContextLoaderDelegate - Retrieved ApplicationContext [1596843797] from cache with key [[MergedContextConfiguration@737db7f8 testClass = ReactionManagerTest, locations = '{}', classes = '{class org.waldreg.board.reaction.management.DefaultReactionManager, class org.waldreg.util.token.DecryptedTokenContext}', contextInitializerClasses = '[]', activeProfiles = '{}', propertySourceLocations = '{}', propertySourceProperties = '{}', contextCustomizers = set[org.springframework.boot.test.autoconfigure.actuate.metrics.MetricsExportContextCustomizerFactory$DisableMetricExportContextCustomizer@31ff43be, org.springframework.boot.test.autoconfigure.properties.PropertyMappingContextCustomizer@0, org.springframework.boot.test.autoconfigure.web.servlet.WebDriverContextCustomizerFactory$Customizer@7a362b6b, org.springframework.boot.test.context.filter.ExcludeFilterContextCustomizer@512baff6, org.springframework.boot.test.json.DuplicateJsonObjectContextCustomizerFactory$DuplicateJsonObjectContextCustomizer@10a9d961, org.springframework.boot.test.mock.mockito.MockitoContextCustomizer@72cf8304], contextLoader = 'org.springframework.test.context.support.DelegatingSmartContextLoader', parent = [null]]]
23:51:42.022 [Test worker] DEBUG org.springframework.test.context.cache - Spring test ApplicationContext cache statistics: [DefaultContextCache@4afd21c6 size = 5, maxSize = 32, parentContextCount = 0, hitCount = 484, missCount = 5]
23:51:42.023 [Test worker] DEBUG org.springframework.test.context.cache.DefaultCacheAwareContextLoaderDelegate - Retrieved ApplicationContext [1596843797] from cache with key [[MergedContextConfiguration@737db7f8 testClass = ReactionManagerTest, locations = '{}', classes = '{class org.waldreg.board.reaction.management.DefaultReactionManager, class org.waldreg.util.token.DecryptedTokenContext}', contextInitializerClasses = '[]', activeProfiles = '{}', propertySourceLocations = '{}', propertySourceProperties = '{}', contextCustomizers = set[org.springframework.boot.test.autoconfigure.actuate.metrics.MetricsExportContextCustomizerFactory$DisableMetricExportContextCustomizer@31ff43be, org.springframework.boot.test.autoconfigure.properties.PropertyMappingContextCustomizer@0, org.springframework.boot.test.autoconfigure.web.servlet.WebDriverContextCustomizerFactory$Customizer@7a362b6b, org.springframework.boot.test.context.filter.ExcludeFilterContextCustomizer@512baff6, org.springframework.boot.test.json.DuplicateJsonObjectContextCustomizerFactory$DuplicateJsonObjectContextCustomizer@10a9d961, org.springframework.boot.test.mock.mockito.MockitoContextCustomizer@72cf8304], contextLoader = 'org.springframework.test.context.support.DelegatingSmartContextLoader', parent = [null]]]
23:51:42.023 [Test worker] DEBUG org.springframework.test.context.cache - Spring test ApplicationContext cache statistics: [DefaultContextCache@4afd21c6 size = 5, maxSize = 32, parentContextCount = 0, hitCount = 485, missCount = 5]
23:51:42.023 [Test worker] DEBUG org.springframework.test.context.support.AbstractDirtiesContextTestExecutionListener - Before test method: context [DefaultTestContext@2440022a testClass = ReactionManagerTest, testInstance = org.waldreg.board.reaction.ReactionManagerTest@788ba63e, testMethod = ADD_REACTION_SUCCESS_TEST@ReactionManagerTest, testException = [null], mergedContextConfiguration = [MergedContextConfiguration@737db7f8 testClass = ReactionManagerTest, locations = '{}', classes = '{class org.waldreg.board.reaction.management.DefaultReactionManager, class org.waldreg.util.token.DecryptedTokenContext}', contextInitializerClasses = '[]', activeProfiles = '{}', propertySourceLocations = '{}', propertySourceProperties = '{}', contextCustomizers = set[org.springframework.boot.test.autoconfigure.actuate.metrics.MetricsExportContextCustomizerFactory$DisableMetricExportContextCustomizer@31ff43be, org.springframework.boot.test.autoconfigure.properties.PropertyMappingContextCustomizer@0, org.springframework.boot.test.autoconfigure.web.servlet.WebDriverContextCustomizerFactory$Customizer@7a362b6b, org.springframework.boot.test.context.filter.ExcludeFilterContextCustomizer@512baff6, org.springframework.boot.test.json.DuplicateJsonObjectContextCustomizerFactory$DuplicateJsonObjectContextCustomizer@10a9d961, org.springframework.boot.test.mock.mockito.MockitoContextCustomizer@72cf8304], contextLoader = 'org.springframework.test.context.support.DelegatingSmartContextLoader', parent = [null]], attributes = map['org.springframework.test.context.event.ApplicationEventsTestExecutionListener.recordApplicationEvents' -> false]], class annotated with @DirtiesContext [false] with mode [null], method annotated with @DirtiesContext [false] with mode [null].
23:51:42.024 [Test worker] DEBUG org.springframework.test.context.cache.DefaultCacheAwareContextLoaderDelegate - Retrieved ApplicationContext [1596843797] from cache with key [[MergedContextConfiguration@737db7f8 testClass = ReactionManagerTest, locations = '{}', classes = '{class org.waldreg.board.reaction.management.DefaultReactionManager, class org.waldreg.util.token.DecryptedTokenContext}', contextInitializerClasses = '[]', activeProfiles = '{}', propertySourceLocations = '{}', propertySourceProperties = '{}', contextCustomizers = set[org.springframework.boot.test.autoconfigure.actuate.metrics.MetricsExportContextCustomizerFactory$DisableMetricExportContextCustomizer@31ff43be, org.springframework.boot.test.autoconfigure.properties.PropertyMappingContextCustomizer@0, org.springframework.boot.test.autoconfigure.web.servlet.WebDriverContextCustomizerFactory$Customizer@7a362b6b, org.springframework.boot.test.context.filter.ExcludeFilterContextCustomizer@512baff6, org.springframework.boot.test.json.DuplicateJsonObjectContextCustomizerFactory$DuplicateJsonObjectContextCustomizer@10a9d961, org.springframework.boot.test.mock.mockito.MockitoContextCustomizer@72cf8304], contextLoader = 'org.springframework.test.context.support.DelegatingSmartContextLoader', parent = [null]]]
23:51:42.024 [Test worker] DEBUG org.springframework.test.context.cache - Spring test ApplicationContext cache statistics: [DefaultContextCache@4afd21c6 size = 5, maxSize = 32, parentContextCount = 0, hitCount = 486, missCount = 5]
23:51:42.024 [Test worker] DEBUG org.springframework.test.context.cache.DefaultCacheAwareContextLoaderDelegate - Retrieved ApplicationContext [1596843797] from cache with key [[MergedContextConfiguration@737db7f8 testClass = ReactionManagerTest, locations = '{}', classes = '{class org.waldreg.board.reaction.management.DefaultReactionManager, class org.waldreg.util.token.DecryptedTokenContext}', contextInitializerClasses = '[]', activeProfiles = '{}', propertySourceLocations = '{}', propertySourceProperties = '{}', contextCustomizers = set[org.springframework.boot.test.autoconfigure.actuate.metrics.MetricsExportContextCustomizerFactory$DisableMetricExportContextCustomizer@31ff43be, org.springframework.boot.test.autoconfigure.properties.PropertyMappingContextCustomizer@0, org.springframework.boot.test.autoconfigure.web.servlet.WebDriverContextCustomizerFactory$Customizer@7a362b6b, org.springframework.boot.test.context.filter.ExcludeFilterContextCustomizer@512baff6, org.springframework.boot.test.json.DuplicateJsonObjectContextCustomizerFactory$DuplicateJsonObjectContextCustomizer@10a9d961, org.springframework.boot.test.mock.mockito.MockitoContextCustomizer@72cf8304], contextLoader = 'org.springframework.test.context.support.DelegatingSmartContextLoader', parent = [null]]]
23:51:42.024 [Test worker] DEBUG org.springframework.test.context.cache - Spring test ApplicationContext cache statistics: [DefaultContextCache@4afd21c6 size = 5, maxSize = 32, parentContextCount = 0, hitCount = 487, missCount = 5]
23:51:42.024 [Test worker] DEBUG org.springframework.test.context.cache.DefaultCacheAwareContextLoaderDelegate - Retrieved ApplicationContext [1596843797] from cache with key [[MergedContextConfiguration@737db7f8 testClass = ReactionManagerTest, locations = '{}', classes = '{class org.waldreg.board.reaction.management.DefaultReactionManager, class org.waldreg.util.token.DecryptedTokenContext}', contextInitializerClasses = '[]', activeProfiles = '{}', propertySourceLocations = '{}', propertySourceProperties = '{}', contextCustomizers = set[org.springframework.boot.test.autoconfigure.actuate.metrics.MetricsExportContextCustomizerFactory$DisableMetricExportContextCustomizer@31ff43be, org.springframework.boot.test.autoconfigure.properties.PropertyMappingContextCustomizer@0, org.springframework.boot.test.autoconfigure.web.servlet.WebDriverContextCustomizerFactory$Customizer@7a362b6b, org.springframework.boot.test.context.filter.ExcludeFilterContextCustomizer@512baff6, org.springframework.boot.test.json.DuplicateJsonObjectContextCustomizerFactory$DuplicateJsonObjectContextCustomizer@10a9d961, org.springframework.boot.test.mock.mockito.MockitoContextCustomizer@72cf8304], contextLoader = 'org.springframework.test.context.support.DelegatingSmartContextLoader', parent = [null]]]
23:51:42.024 [Test worker] DEBUG org.springframework.test.context.cache - Spring test ApplicationContext cache statistics: [DefaultContextCache@4afd21c6 size = 5, maxSize = 32, parentContextCount = 0, hitCount = 488, missCount = 5]
23:51:42.025 [Test worker] DEBUG org.springframework.test.context.cache.DefaultCacheAwareContextLoaderDelegate - Retrieved ApplicationContext [1596843797] from cache with key [[MergedContextConfiguration@737db7f8 testClass = ReactionManagerTest, locations = '{}', classes = '{class org.waldreg.board.reaction.management.DefaultReactionManager, class org.waldreg.util.token.DecryptedTokenContext}', contextInitializerClasses = '[]', activeProfiles = '{}', propertySourceLocations = '{}', propertySourceProperties = '{}', contextCustomizers = set[org.springframework.boot.test.autoconfigure.actuate.metrics.MetricsExportContextCustomizerFactory$DisableMetricExportContextCustomizer@31ff43be, org.springframework.boot.test.autoconfigure.properties.PropertyMappingContextCustomizer@0, org.springframework.boot.test.autoconfigure.web.servlet.WebDriverContextCustomizerFactory$Customizer@7a362b6b, org.springframework.boot.test.context.filter.ExcludeFilterContextCustomizer@512baff6, org.springframework.boot.test.json.DuplicateJsonObjectContextCustomizerFactory$DuplicateJsonObjectContextCustomizer@10a9d961, org.springframework.boot.test.mock.mockito.MockitoContextCustomizer@72cf8304], contextLoader = 'org.springframework.test.context.support.DelegatingSmartContextLoader', parent = [null]]]
23:51:42.025 [Test worker] DEBUG org.springframework.test.context.cache - Spring test ApplicationContext cache statistics: [DefaultContextCache@4afd21c6 size = 5, maxSize = 32, parentContextCount = 0, hitCount = 489, missCount = 5]
23:51:42.025 [Test worker] DEBUG org.springframework.test.context.cache.DefaultCacheAwareContextLoaderDelegate - Retrieved ApplicationContext [1596843797] from cache with key [[MergedContextConfiguration@737db7f8 testClass = ReactionManagerTest, locations = '{}', classes = '{class org.waldreg.board.reaction.management.DefaultReactionManager, class org.waldreg.util.token.DecryptedTokenContext}', contextInitializerClasses = '[]', activeProfiles = '{}', propertySourceLocations = '{}', propertySourceProperties = '{}', contextCustomizers = set[org.springframework.boot.test.autoconfigure.actuate.metrics.MetricsExportContextCustomizerFactory$DisableMetricExportContextCustomizer@31ff43be, org.springframework.boot.test.autoconfigure.properties.PropertyMappingContextCustomizer@0, org.springframework.boot.test.autoconfigure.web.servlet.WebDriverContextCustomizerFactory$Customizer@7a362b6b, org.springframework.boot.test.context.filter.ExcludeFilterContextCustomizer@512baff6, org.springframework.boot.test.json.DuplicateJsonObjectContextCustomizerFactory$DuplicateJsonObjectContextCustomizer@10a9d961, org.springframework.boot.test.mock.mockito.MockitoContextCustomizer@72cf8304], contextLoader = 'org.springframework.test.context.support.DelegatingSmartContextLoader', parent = [null]]]
23:51:42.025 [Test worker] DEBUG org.springframework.test.context.cache - Spring test ApplicationContext cache statistics: [DefaultContextCache@4afd21c6 size = 5, maxSize = 32, parentContextCount = 0, hitCount = 490, missCount = 5]
23:51:42.025 [Test worker] DEBUG org.springframework.test.context.cache.DefaultCacheAwareContextLoaderDelegate - Retrieved ApplicationContext [1596843797] from cache with key [[MergedContextConfiguration@737db7f8 testClass = ReactionManagerTest, locations = '{}', classes = '{class org.waldreg.board.reaction.management.DefaultReactionManager, class org.waldreg.util.token.DecryptedTokenContext}', contextInitializerClasses = '[]', activeProfiles = '{}', propertySourceLocations = '{}', propertySourceProperties = '{}', contextCustomizers = set[org.springframework.boot.test.autoconfigure.actuate.metrics.MetricsExportContextCustomizerFactory$DisableMetricExportContextCustomizer@31ff43be, org.springframework.boot.test.autoconfigure.properties.PropertyMappingContextCustomizer@0, org.springframework.boot.test.autoconfigure.web.servlet.WebDriverContextCustomizerFactory$Customizer@7a362b6b, org.springframework.boot.test.context.filter.ExcludeFilterContextCustomizer@512baff6, org.springframework.boot.test.json.DuplicateJsonObjectContextCustomizerFactory$DuplicateJsonObjectContextCustomizer@10a9d961, org.springframework.boot.test.mock.mockito.MockitoContextCustomizer@72cf8304], contextLoader = 'org.springframework.test.context.support.DelegatingSmartContextLoader', parent = [null]]]
23:51:42.025 [Test worker] DEBUG org.springframework.test.context.cache - Spring test ApplicationContext cache statistics: [DefaultContextCache@4afd21c6 size = 5, maxSize = 32, parentContextCount = 0, hitCount = 491, missCount = 5]
23:51:42.025 [Test worker] DEBUG org.springframework.test.context.cache.DefaultCacheAwareContextLoaderDelegate - Retrieved ApplicationContext [1596843797] from cache with key [[MergedContextConfiguration@737db7f8 testClass = ReactionManagerTest, locations = '{}', classes = '{class org.waldreg.board.reaction.management.DefaultReactionManager, class org.waldreg.util.token.DecryptedTokenContext}', contextInitializerClasses = '[]', activeProfiles = '{}', propertySourceLocations = '{}', propertySourceProperties = '{}', contextCustomizers = set[org.springframework.boot.test.autoconfigure.actuate.metrics.MetricsExportContextCustomizerFactory$DisableMetricExportContextCustomizer@31ff43be, org.springframework.boot.test.autoconfigure.properties.PropertyMappingContextCustomizer@0, org.springframework.boot.test.autoconfigure.web.servlet.WebDriverContextCustomizerFactory$Customizer@7a362b6b, org.springframework.boot.test.context.filter.ExcludeFilterContextCustomizer@512baff6, org.springframework.boot.test.json.DuplicateJsonObjectContextCustomizerFactory$DuplicateJsonObjectContextCustomizer@10a9d961, org.springframework.boot.test.mock.mockito.MockitoContextCustomizer@72cf8304], contextLoader = 'org.springframework.test.context.support.DelegatingSmartContextLoader', parent = [null]]]
23:51:42.025 [Test worker] DEBUG org.springframework.test.context.cache - Spring test ApplicationContext cache statistics: [DefaultContextCache@4afd21c6 size = 5, maxSize = 32, parentContextCount = 0, hitCount = 492, missCount = 5]
23:51:42.025 [Test worker] DEBUG org.springframework.test.context.cache.DefaultCacheAwareContextLoaderDelegate - Retrieved ApplicationContext [1596843797] from cache with key [[MergedContextConfiguration@737db7f8 testClass = ReactionManagerTest, locations = '{}', classes = '{class org.waldreg.board.reaction.management.DefaultReactionManager, class org.waldreg.util.token.DecryptedTokenContext}', contextInitializerClasses = '[]', activeProfiles = '{}', propertySourceLocations = '{}', propertySourceProperties = '{}', contextCustomizers = set[org.springframework.boot.test.autoconfigure.actuate.metrics.MetricsExportContextCustomizerFactory$DisableMetricExportContextCustomizer@31ff43be, org.springframework.boot.test.autoconfigure.properties.PropertyMappingContextCustomizer@0, org.springframework.boot.test.autoconfigure.web.servlet.WebDriverContextCustomizerFactory$Customizer@7a362b6b, org.springframework.boot.test.context.filter.ExcludeFilterContextCustomizer@512baff6, org.springframework.boot.test.json.DuplicateJsonObjectContextCustomizerFactory$DuplicateJsonObjectContextCustomizer@10a9d961, org.springframework.boot.test.mock.mockito.MockitoContextCustomizer@72cf8304], contextLoader = 'org.springframework.test.context.support.DelegatingSmartContextLoader', parent = [null]]]
23:51:42.025 [Test worker] DEBUG org.springframework.test.context.cache - Spring test ApplicationContext cache statistics: [DefaultContextCache@4afd21c6 size = 5, maxSize = 32, parentContextCount = 0, hitCount = 493, missCount = 5]
23:51:42.025 [Test worker] DEBUG org.springframework.test.context.cache.DefaultCacheAwareContextLoaderDelegate - Retrieved ApplicationContext [1596843797] from cache with key [[MergedContextConfiguration@737db7f8 testClass = ReactionManagerTest, locations = '{}', classes = '{class org.waldreg.board.reaction.management.DefaultReactionManager, class org.waldreg.util.token.DecryptedTokenContext}', contextInitializerClasses = '[]', activeProfiles = '{}', propertySourceLocations = '{}', propertySourceProperties = '{}', contextCustomizers = set[org.springframework.boot.test.autoconfigure.actuate.metrics.MetricsExportContextCustomizerFactory$DisableMetricExportContextCustomizer@31ff43be, org.springframework.boot.test.autoconfigure.properties.PropertyMappingContextCustomizer@0, org.springframework.boot.test.autoconfigure.web.servlet.WebDriverContextCustomizerFactory$Customizer@7a362b6b, org.springframework.boot.test.context.filter.ExcludeFilterContextCustomizer@512baff6, org.springframework.boot.test.json.DuplicateJsonObjectContextCustomizerFactory$DuplicateJsonObjectContextCustomizer@10a9d961, org.springframework.boot.test.mock.mockito.MockitoContextCustomizer@72cf8304], contextLoader = 'org.springframework.test.context.support.DelegatingSmartContextLoader', parent = [null]]]
23:51:42.025 [Test worker] DEBUG org.springframework.test.context.cache - Spring test ApplicationContext cache statistics: [DefaultContextCache@4afd21c6 size = 5, maxSize = 32, parentContextCount = 0, hitCount = 494, missCount = 5]
23:51:42.025 [Test worker] DEBUG org.springframework.test.context.support.AbstractDirtiesContextTestExecutionListener - After test method: context [DefaultTestContext@2440022a testClass = ReactionManagerTest, testInstance = org.waldreg.board.reaction.ReactionManagerTest@788ba63e, testMethod = ADD_REACTION_SUCCESS_TEST@ReactionManagerTest, testException = [null], mergedContextConfiguration = [MergedContextConfiguration@737db7f8 testClass = ReactionManagerTest, locations = '{}', classes = '{class org.waldreg.board.reaction.management.DefaultReactionManager, class org.waldreg.util.token.DecryptedTokenContext}', contextInitializerClasses = '[]', activeProfiles = '{}', propertySourceLocations = '{}', propertySourceProperties = '{}', contextCustomizers = set[org.springframework.boot.test.autoconfigure.actuate.metrics.MetricsExportContextCustomizerFactory$DisableMetricExportContextCustomizer@31ff43be, org.springframework.boot.test.autoconfigure.properties.PropertyMappingContextCustomizer@0, org.springframework.boot.test.autoconfigure.web.servlet.WebDriverContextCustomizerFactory$Customizer@7a362b6b, org.springframework.boot.test.context.filter.ExcludeFilterContextCustomizer@512baff6, org.springframework.boot.test.json.DuplicateJsonObjectContextCustomizerFactory$DuplicateJsonObjectContextCustomizer@10a9d961, org.springframework.boot.test.mock.mockito.MockitoContextCustomizer@72cf8304], contextLoader = 'org.springframework.test.context.support.DelegatingSmartContextLoader', parent = [null]], attributes = map['org.springframework.test.context.event.ApplicationEventsTestExecutionListener.recordApplicationEvents' -> false]], class annotated with @DirtiesContext [false] with mode [null], method annotated with @DirtiesContext [false] with mode [null].
23:51:42.025 [Test worker] DEBUG org.springframework.test.context.cache.DefaultCacheAwareContextLoaderDelegate - Retrieved ApplicationContext [1596843797] from cache with key [[MergedContextConfiguration@737db7f8 testClass = ReactionManagerTest, locations = '{}', classes = '{class org.waldreg.board.reaction.management.DefaultReactionManager, class org.waldreg.util.token.DecryptedTokenContext}', contextInitializerClasses = '[]', activeProfiles = '{}', propertySourceLocations = '{}', propertySourceProperties = '{}', contextCustomizers = set[org.springframework.boot.test.autoconfigure.actuate.metrics.MetricsExportContextCustomizerFactory$DisableMetricExportContextCustomizer@31ff43be, org.springframework.boot.test.autoconfigure.properties.PropertyMappingContextCustomizer@0, org.springframework.boot.test.autoconfigure.web.servlet.WebDriverContextCustomizerFactory$Customizer@7a362b6b, org.springframework.boot.test.context.filter.ExcludeFilterContextCustomizer@512baff6, org.springframework.boot.test.json.DuplicateJsonObjectContextCustomizerFactory$DuplicateJsonObjectContextCustomizer@10a9d961, org.springframework.boot.test.mock.mockito.MockitoContextCustomizer@72cf8304], contextLoader = 'org.springframework.test.context.support.DelegatingSmartContextLoader', parent = [null]]]
23:51:42.025 [Test worker] DEBUG org.springframework.test.context.cache - Spring test ApplicationContext cache statistics: [DefaultContextCache@4afd21c6 size = 5, maxSize = 32, parentContextCount = 0, hitCount = 495, missCount = 5]
23:51:42.025 [Test worker] DEBUG org.springframework.test.context.support.DependencyInjectionTestExecutionListener - Performing dependency injection for test context [[DefaultTestContext@2440022a testClass = ReactionManagerTest, testInstance = org.waldreg.board.reaction.ReactionManagerTest@696b4a95, testMethod = [null], testException = [null], mergedContextConfiguration = [MergedContextConfiguration@737db7f8 testClass = ReactionManagerTest, locations = '{}', classes = '{class org.waldreg.board.reaction.management.DefaultReactionManager, class org.waldreg.util.token.DecryptedTokenContext}', contextInitializerClasses = '[]', activeProfiles = '{}', propertySourceLocations = '{}', propertySourceProperties = '{}', contextCustomizers = set[org.springframework.boot.test.autoconfigure.actuate.metrics.MetricsExportContextCustomizerFactory$DisableMetricExportContextCustomizer@31ff43be, org.springframework.boot.test.autoconfigure.properties.PropertyMappingContextCustomizer@0, org.springframework.boot.test.autoconfigure.web.servlet.WebDriverContextCustomizerFactory$Customizer@7a362b6b, org.springframework.boot.test.context.filter.ExcludeFilterContextCustomizer@512baff6, org.springframework.boot.test.json.DuplicateJsonObjectContextCustomizerFactory$DuplicateJsonObjectContextCustomizer@10a9d961, org.springframework.boot.test.mock.mockito.MockitoContextCustomizer@72cf8304], contextLoader = 'org.springframework.test.context.support.DelegatingSmartContextLoader', parent = [null]], attributes = map['org.springframework.test.context.event.ApplicationEventsTestExecutionListener.recordApplicationEvents' -> false]]].
23:51:42.025 [Test worker] DEBUG org.springframework.test.context.cache.DefaultCacheAwareContextLoaderDelegate - Retrieved ApplicationContext [1596843797] from cache with key [[MergedContextConfiguration@737db7f8 testClass = ReactionManagerTest, locations = '{}', classes = '{class org.waldreg.board.reaction.management.DefaultReactionManager, class org.waldreg.util.token.DecryptedTokenContext}', contextInitializerClasses = '[]', activeProfiles = '{}', propertySourceLocations = '{}', propertySourceProperties = '{}', contextCustomizers = set[org.springframework.boot.test.autoconfigure.actuate.metrics.MetricsExportContextCustomizerFactory$DisableMetricExportContextCustomizer@31ff43be, org.springframework.boot.test.autoconfigure.properties.PropertyMappingContextCustomizer@0, org.springframework.boot.test.autoconfigure.web.servlet.WebDriverContextCustomizerFactory$Customizer@7a362b6b, org.springframework.boot.test.context.filter.ExcludeFilterContextCustomizer@512baff6, org.springframework.boot.test.json.DuplicateJsonObjectContextCustomizerFactory$DuplicateJsonObjectContextCustomizer@10a9d961, org.springframework.boot.test.mock.mockito.MockitoContextCustomizer@72cf8304], contextLoader = 'org.springframework.test.context.support.DelegatingSmartContextLoader', parent = [null]]]
23:51:42.025 [Test worker] DEBUG org.springframework.test.context.cache - Spring test ApplicationContext cache statistics: [DefaultContextCache@4afd21c6 size = 5, maxSize = 32, parentContextCount = 0, hitCount = 496, missCount = 5]
23:51:42.025 [Test worker] DEBUG org.springframework.test.context.cache.DefaultCacheAwareContextLoaderDelegate - Retrieved ApplicationContext [1596843797] from cache with key [[MergedContextConfiguration@737db7f8 testClass = ReactionManagerTest, locations = '{}', classes = '{class org.waldreg.board.reaction.management.DefaultReactionManager, class org.waldreg.util.token.DecryptedTokenContext}', contextInitializerClasses = '[]', activeProfiles = '{}', propertySourceLocations = '{}', propertySourceProperties = '{}', contextCustomizers = set[org.springframework.boot.test.autoconfigure.actuate.metrics.MetricsExportContextCustomizerFactory$DisableMetricExportContextCustomizer@31ff43be, org.springframework.boot.test.autoconfigure.properties.PropertyMappingContextCustomizer@0, org.springframework.boot.test.autoconfigure.web.servlet.WebDriverContextCustomizerFactory$Customizer@7a362b6b, org.springframework.boot.test.context.filter.ExcludeFilterContextCustomizer@512baff6, org.springframework.boot.test.json.DuplicateJsonObjectContextCustomizerFactory$DuplicateJsonObjectContextCustomizer@10a9d961, org.springframework.boot.test.mock.mockito.MockitoContextCustomizer@72cf8304], contextLoader = 'org.springframework.test.context.support.DelegatingSmartContextLoader', parent = [null]]]
23:51:42.025 [Test worker] DEBUG org.springframework.test.context.cache - Spring test ApplicationContext cache statistics: [DefaultContextCache@4afd21c6 size = 5, maxSize = 32, parentContextCount = 0, hitCount = 497, missCount = 5]
23:51:42.026 [Test worker] DEBUG org.springframework.test.context.support.AbstractDirtiesContextTestExecutionListener - Before test method: context [DefaultTestContext@2440022a testClass = ReactionManagerTest, testInstance = org.waldreg.board.reaction.ReactionManagerTest@696b4a95, testMethod = ADD_REACTION_BOARD_DOES_NOT_EXIST_TEST@ReactionManagerTest, testException = [null], mergedContextConfiguration = [MergedContextConfiguration@737db7f8 testClass = ReactionManagerTest, locations = '{}', classes = '{class org.waldreg.board.reaction.management.DefaultReactionManager, class org.waldreg.util.token.DecryptedTokenContext}', contextInitializerClasses = '[]', activeProfiles = '{}', propertySourceLocations = '{}', propertySourceProperties = '{}', contextCustomizers = set[org.springframework.boot.test.autoconfigure.actuate.metrics.MetricsExportContextCustomizerFactory$DisableMetricExportContextCustomizer@31ff43be, org.springframework.boot.test.autoconfigure.properties.PropertyMappingContextCustomizer@0, org.springframework.boot.test.autoconfigure.web.servlet.WebDriverContextCustomizerFactory$Customizer@7a362b6b, org.springframework.boot.test.context.filter.ExcludeFilterContextCustomizer@512baff6, org.springframework.boot.test.json.DuplicateJsonObjectContextCustomizerFactory$DuplicateJsonObjectContextCustomizer@10a9d961, org.springframework.boot.test.mock.mockito.MockitoContextCustomizer@72cf8304], contextLoader = 'org.springframework.test.context.support.DelegatingSmartContextLoader', parent = [null]], attributes = map['org.springframework.test.context.event.ApplicationEventsTestExecutionListener.recordApplicationEvents' -> false]], class annotated with @DirtiesContext [false] with mode [null], method annotated with @DirtiesContext [false] with mode [null].
23:51:42.026 [Test worker] DEBUG org.springframework.test.context.cache.DefaultCacheAwareContextLoaderDelegate - Retrieved ApplicationContext [1596843797] from cache with key [[MergedContextConfiguration@737db7f8 testClass = ReactionManagerTest, locations = '{}', classes = '{class org.waldreg.board.reaction.management.DefaultReactionManager, class org.waldreg.util.token.DecryptedTokenContext}', contextInitializerClasses = '[]', activeProfiles = '{}', propertySourceLocations = '{}', propertySourceProperties = '{}', contextCustomizers = set[org.springframework.boot.test.autoconfigure.actuate.metrics.MetricsExportContextCustomizerFactory$DisableMetricExportContextCustomizer@31ff43be, org.springframework.boot.test.autoconfigure.properties.PropertyMappingContextCustomizer@0, org.springframework.boot.test.autoconfigure.web.servlet.WebDriverContextCustomizerFactory$Customizer@7a362b6b, org.springframework.boot.test.context.filter.ExcludeFilterContextCustomizer@512baff6, org.springframework.boot.test.json.DuplicateJsonObjectContextCustomizerFactory$DuplicateJsonObjectContextCustomizer@10a9d961, org.springframework.boot.test.mock.mockito.MockitoContextCustomizer@72cf8304], contextLoader = 'org.springframework.test.context.support.DelegatingSmartContextLoader', parent = [null]]]
23:51:42.026 [Test worker] DEBUG org.springframework.test.context.cache - Spring test ApplicationContext cache statistics: [DefaultContextCache@4afd21c6 size = 5, maxSize = 32, parentContextCount = 0, hitCount = 498, missCount = 5]
23:51:42.026 [Test worker] DEBUG org.springframework.test.context.cache.DefaultCacheAwareContextLoaderDelegate - Retrieved ApplicationContext [1596843797] from cache with key [[MergedContextConfiguration@737db7f8 testClass = ReactionManagerTest, locations = '{}', classes = '{class org.waldreg.board.reaction.management.DefaultReactionManager, class org.waldreg.util.token.DecryptedTokenContext}', contextInitializerClasses = '[]', activeProfiles = '{}', propertySourceLocations = '{}', propertySourceProperties = '{}', contextCustomizers = set[org.springframework.boot.test.autoconfigure.actuate.metrics.MetricsExportContextCustomizerFactory$DisableMetricExportContextCustomizer@31ff43be, org.springframework.boot.test.autoconfigure.properties.PropertyMappingContextCustomizer@0, org.springframework.boot.test.autoconfigure.web.servlet.WebDriverContextCustomizerFactory$Customizer@7a362b6b, org.springframework.boot.test.context.filter.ExcludeFilterContextCustomizer@512baff6, org.springframework.boot.test.json.DuplicateJsonObjectContextCustomizerFactory$DuplicateJsonObjectContextCustomizer@10a9d961, org.springframework.boot.test.mock.mockito.MockitoContextCustomizer@72cf8304], contextLoader = 'org.springframework.test.context.support.DelegatingSmartContextLoader', parent = [null]]]
23:51:42.026 [Test worker] DEBUG org.springframework.test.context.cache - Spring test ApplicationContext cache statistics: [DefaultContextCache@4afd21c6 size = 5, maxSize = 32, parentContextCount = 0, hitCount = 499, missCount = 5]
23:51:42.026 [Test worker] DEBUG org.springframework.test.context.cache.DefaultCacheAwareContextLoaderDelegate - Retrieved ApplicationContext [1596843797] from cache with key [[MergedContextConfiguration@737db7f8 testClass = ReactionManagerTest, locations = '{}', classes = '{class org.waldreg.board.reaction.management.DefaultReactionManager, class org.waldreg.util.token.DecryptedTokenContext}', contextInitializerClasses = '[]', activeProfiles = '{}', propertySourceLocations = '{}', propertySourceProperties = '{}', contextCustomizers = set[org.springframework.boot.test.autoconfigure.actuate.metrics.MetricsExportContextCustomizerFactory$DisableMetricExportContextCustomizer@31ff43be, org.springframework.boot.test.autoconfigure.properties.PropertyMappingContextCustomizer@0, org.springframework.boot.test.autoconfigure.web.servlet.WebDriverContextCustomizerFactory$Customizer@7a362b6b, org.springframework.boot.test.context.filter.ExcludeFilterContextCustomizer@512baff6, org.springframework.boot.test.json.DuplicateJsonObjectContextCustomizerFactory$DuplicateJsonObjectContextCustomizer@10a9d961, org.springframework.boot.test.mock.mockito.MockitoContextCustomizer@72cf8304], contextLoader = 'org.springframework.test.context.support.DelegatingSmartContextLoader', parent = [null]]]
23:51:42.026 [Test worker] DEBUG org.springframework.test.context.cache - Spring test ApplicationContext cache statistics: [DefaultContextCache@4afd21c6 size = 5, maxSize = 32, parentContextCount = 0, hitCount = 500, missCount = 5]
23:51:42.026 [Test worker] DEBUG org.springframework.test.context.cache.DefaultCacheAwareContextLoaderDelegate - Retrieved ApplicationContext [1596843797] from cache with key [[MergedContextConfiguration@737db7f8 testClass = ReactionManagerTest, locations = '{}', classes = '{class org.waldreg.board.reaction.management.DefaultReactionManager, class org.waldreg.util.token.DecryptedTokenContext}', contextInitializerClasses = '[]', activeProfiles = '{}', propertySourceLocations = '{}', propertySourceProperties = '{}', contextCustomizers = set[org.springframework.boot.test.autoconfigure.actuate.metrics.MetricsExportContextCustomizerFactory$DisableMetricExportContextCustomizer@31ff43be, org.springframework.boot.test.autoconfigure.properties.PropertyMappingContextCustomizer@0, org.springframework.boot.test.autoconfigure.web.servlet.WebDriverContextCustomizerFactory$Customizer@7a362b6b, org.springframework.boot.test.context.filter.ExcludeFilterContextCustomizer@512baff6, org.springframework.boot.test.json.DuplicateJsonObjectContextCustomizerFactory$DuplicateJsonObjectContextCustomizer@10a9d961, org.springframework.boot.test.mock.mockito.MockitoContextCustomizer@72cf8304], contextLoader = 'org.springframework.test.context.support.DelegatingSmartContextLoader', parent = [null]]]
23:51:42.026 [Test worker] DEBUG org.springframework.test.context.cache - Spring test ApplicationContext cache statistics: [DefaultContextCache@4afd21c6 size = 5, maxSize = 32, parentContextCount = 0, hitCount = 501, missCount = 5]
23:51:42.026 [Test worker] DEBUG org.springframework.test.context.cache.DefaultCacheAwareContextLoaderDelegate - Retrieved ApplicationContext [1596843797] from cache with key [[MergedContextConfiguration@737db7f8 testClass = ReactionManagerTest, locations = '{}', classes = '{class org.waldreg.board.reaction.management.DefaultReactionManager, class org.waldreg.util.token.DecryptedTokenContext}', contextInitializerClasses = '[]', activeProfiles = '{}', propertySourceLocations = '{}', propertySourceProperties = '{}', contextCustomizers = set[org.springframework.boot.test.autoconfigure.actuate.metrics.MetricsExportContextCustomizerFactory$DisableMetricExportContextCustomizer@31ff43be, org.springframework.boot.test.autoconfigure.properties.PropertyMappingContextCustomizer@0, org.springframework.boot.test.autoconfigure.web.servlet.WebDriverContextCustomizerFactory$Customizer@7a362b6b, org.springframework.boot.test.context.filter.ExcludeFilterContextCustomizer@512baff6, org.springframework.boot.test.json.DuplicateJsonObjectContextCustomizerFactory$DuplicateJsonObjectContextCustomizer@10a9d961, org.springframework.boot.test.mock.mockito.MockitoContextCustomizer@72cf8304], contextLoader = 'org.springframework.test.context.support.DelegatingSmartContextLoader', parent = [null]]]
23:51:42.026 [Test worker] DEBUG org.springframework.test.context.cache - Spring test ApplicationContext cache statistics: [DefaultContextCache@4afd21c6 size = 5, maxSize = 32, parentContextCount = 0, hitCount = 502, missCount = 5]
23:51:42.026 [Test worker] DEBUG org.springframework.test.context.cache.DefaultCacheAwareContextLoaderDelegate - Retrieved ApplicationContext [1596843797] from cache with key [[MergedContextConfiguration@737db7f8 testClass = ReactionManagerTest, locations = '{}', classes = '{class org.waldreg.board.reaction.management.DefaultReactionManager, class org.waldreg.util.token.DecryptedTokenContext}', contextInitializerClasses = '[]', activeProfiles = '{}', propertySourceLocations = '{}', propertySourceProperties = '{}', contextCustomizers = set[org.springframework.boot.test.autoconfigure.actuate.metrics.MetricsExportContextCustomizerFactory$DisableMetricExportContextCustomizer@31ff43be, org.springframework.boot.test.autoconfigure.properties.PropertyMappingContextCustomizer@0, org.springframework.boot.test.autoconfigure.web.servlet.WebDriverContextCustomizerFactory$Customizer@7a362b6b, org.springframework.boot.test.context.filter.ExcludeFilterContextCustomizer@512baff6, org.springframework.boot.test.json.DuplicateJsonObjectContextCustomizerFactory$DuplicateJsonObjectContextCustomizer@10a9d961, org.springframework.boot.test.mock.mockito.MockitoContextCustomizer@72cf8304], contextLoader = 'org.springframework.test.context.support.DelegatingSmartContextLoader', parent = [null]]]
23:51:42.026 [Test worker] DEBUG org.springframework.test.context.cache - Spring test ApplicationContext cache statistics: [DefaultContextCache@4afd21c6 size = 5, maxSize = 32, parentContextCount = 0, hitCount = 503, missCount = 5]
23:51:42.026 [Test worker] DEBUG org.springframework.test.context.cache.DefaultCacheAwareContextLoaderDelegate - Retrieved ApplicationContext [1596843797] from cache with key [[MergedContextConfiguration@737db7f8 testClass = ReactionManagerTest, locations = '{}', classes = '{class org.waldreg.board.reaction.management.DefaultReactionManager, class org.waldreg.util.token.DecryptedTokenContext}', contextInitializerClasses = '[]', activeProfiles = '{}', propertySourceLocations = '{}', propertySourceProperties = '{}', contextCustomizers = set[org.springframework.boot.test.autoconfigure.actuate.metrics.MetricsExportContextCustomizerFactory$DisableMetricExportContextCustomizer@31ff43be, org.springframework.boot.test.autoconfigure.properties.PropertyMappingContextCustomizer@0, org.springframework.boot.test.autoconfigure.web.servlet.WebDriverContextCustomizerFactory$Customizer@7a362b6b, org.springframework.boot.test.context.filter.ExcludeFilterContextCustomizer@512baff6, org.springframework.boot.test.json.DuplicateJsonObjectContextCustomizerFactory$DuplicateJsonObjectContextCustomizer@10a9d961, org.springframework.boot.test.mock.mockito.MockitoContextCustomizer@72cf8304], contextLoader = 'org.springframework.test.context.support.DelegatingSmartContextLoader', parent = [null]]]
23:51:42.026 [Test worker] DEBUG org.springframework.test.context.cache - Spring test ApplicationContext cache statistics: [DefaultContextCache@4afd21c6 size = 5, maxSize = 32, parentContextCount = 0, hitCount = 504, missCount = 5]
23:51:42.026 [Test worker] DEBUG org.springframework.test.context.cache.DefaultCacheAwareContextLoaderDelegate - Retrieved ApplicationContext [1596843797] from cache with key [[MergedContextConfiguration@737db7f8 testClass = ReactionManagerTest, locations = '{}', classes = '{class org.waldreg.board.reaction.management.DefaultReactionManager, class org.waldreg.util.token.DecryptedTokenContext}', contextInitializerClasses = '[]', activeProfiles = '{}', propertySourceLocations = '{}', propertySourceProperties = '{}', contextCustomizers = set[org.springframework.boot.test.autoconfigure.actuate.metrics.MetricsExportContextCustomizerFactory$DisableMetricExportContextCustomizer@31ff43be, org.springframework.boot.test.autoconfigure.properties.PropertyMappingContextCustomizer@0, org.springframework.boot.test.autoconfigure.web.servlet.WebDriverContextCustomizerFactory$Customizer@7a362b6b, org.springframework.boot.test.context.filter.ExcludeFilterContextCustomizer@512baff6, org.springframework.boot.test.json.DuplicateJsonObjectContextCustomizerFactory$DuplicateJsonObjectContextCustomizer@10a9d961, org.springframework.boot.test.mock.mockito.MockitoContextCustomizer@72cf8304], contextLoader = 'org.springframework.test.context.support.DelegatingSmartContextLoader', parent = [null]]]
23:51:42.026 [Test worker] DEBUG org.springframework.test.context.cache - Spring test ApplicationContext cache statistics: [DefaultContextCache@4afd21c6 size = 5, maxSize = 32, parentContextCount = 0, hitCount = 505, missCount = 5]
23:51:42.026 [Test worker] DEBUG org.springframework.test.context.cache.DefaultCacheAwareContextLoaderDelegate - Retrieved ApplicationContext [1596843797] from cache with key [[MergedContextConfiguration@737db7f8 testClass = ReactionManagerTest, locations = '{}', classes = '{class org.waldreg.board.reaction.management.DefaultReactionManager, class org.waldreg.util.token.DecryptedTokenContext}', contextInitializerClasses = '[]', activeProfiles = '{}', propertySourceLocations = '{}', propertySourceProperties = '{}', contextCustomizers = set[org.springframework.boot.test.autoconfigure.actuate.metrics.MetricsExportContextCustomizerFactory$DisableMetricExportContextCustomizer@31ff43be, org.springframework.boot.test.autoconfigure.properties.PropertyMappingContextCustomizer@0, org.springframework.boot.test.autoconfigure.web.servlet.WebDriverContextCustomizerFactory$Customizer@7a362b6b, org.springframework.boot.test.context.filter.ExcludeFilterContextCustomizer@512baff6, org.springframework.boot.test.json.DuplicateJsonObjectContextCustomizerFactory$DuplicateJsonObjectContextCustomizer@10a9d961, org.springframework.boot.test.mock.mockito.MockitoContextCustomizer@72cf8304], contextLoader = 'org.springframework.test.context.support.DelegatingSmartContextLoader', parent = [null]]]
23:51:42.026 [Test worker] DEBUG org.springframework.test.context.cache - Spring test ApplicationContext cache statistics: [DefaultContextCache@4afd21c6 size = 5, maxSize = 32, parentContextCount = 0, hitCount = 506, missCount = 5]
23:51:42.027 [Test worker] DEBUG org.springframework.test.context.support.AbstractDirtiesContextTestExecutionListener - After test method: context [DefaultTestContext@2440022a testClass = ReactionManagerTest, testInstance = org.waldreg.board.reaction.ReactionManagerTest@696b4a95, testMethod = ADD_REACTION_BOARD_DOES_NOT_EXIST_TEST@ReactionManagerTest, testException = [null], mergedContextConfiguration = [MergedContextConfiguration@737db7f8 testClass = ReactionManagerTest, locations = '{}', classes = '{class org.waldreg.board.reaction.management.DefaultReactionManager, class org.waldreg.util.token.DecryptedTokenContext}', contextInitializerClasses = '[]', activeProfiles = '{}', propertySourceLocations = '{}', propertySourceProperties = '{}', contextCustomizers = set[org.springframework.boot.test.autoconfigure.actuate.metrics.MetricsExportContextCustomizerFactory$DisableMetricExportContextCustomizer@31ff43be, org.springframework.boot.test.autoconfigure.properties.PropertyMappingContextCustomizer@0, org.springframework.boot.test.autoconfigure.web.servlet.WebDriverContextCustomizerFactory$Customizer@7a362b6b, org.springframework.boot.test.context.filter.ExcludeFilterContextCustomizer@512baff6, org.springframework.boot.test.json.DuplicateJsonObjectContextCustomizerFactory$DuplicateJsonObjectContextCustomizer@10a9d961, org.springframework.boot.test.mock.mockito.MockitoContextCustomizer@72cf8304], contextLoader = 'org.springframework.test.context.support.DelegatingSmartContextLoader', parent = [null]], attributes = map['org.springframework.test.context.event.ApplicationEventsTestExecutionListener.recordApplicationEvents' -> false]], class annotated with @DirtiesContext [false] with mode [null], method annotated with @DirtiesContext [false] with mode [null].
23:51:42.027 [Test worker] DEBUG org.springframework.test.context.cache.DefaultCacheAwareContextLoaderDelegate - Retrieved ApplicationContext [1596843797] from cache with key [[MergedContextConfiguration@737db7f8 testClass = ReactionManagerTest, locations = '{}', classes = '{class org.waldreg.board.reaction.management.DefaultReactionManager, class org.waldreg.util.token.DecryptedTokenContext}', contextInitializerClasses = '[]', activeProfiles = '{}', propertySourceLocations = '{}', propertySourceProperties = '{}', contextCustomizers = set[org.springframework.boot.test.autoconfigure.actuate.metrics.MetricsExportContextCustomizerFactory$DisableMetricExportContextCustomizer@31ff43be, org.springframework.boot.test.autoconfigure.properties.PropertyMappingContextCustomizer@0, org.springframework.boot.test.autoconfigure.web.servlet.WebDriverContextCustomizerFactory$Customizer@7a362b6b, org.springframework.boot.test.context.filter.ExcludeFilterContextCustomizer@512baff6, org.springframework.boot.test.json.DuplicateJsonObjectContextCustomizerFactory$DuplicateJsonObjectContextCustomizer@10a9d961, org.springframework.boot.test.mock.mockito.MockitoContextCustomizer@72cf8304], contextLoader = 'org.springframework.test.context.support.DelegatingSmartContextLoader', parent = [null]]]
23:51:42.027 [Test worker] DEBUG org.springframework.test.context.cache - Spring test ApplicationContext cache statistics: [DefaultContextCache@4afd21c6 size = 5, maxSize = 32, parentContextCount = 0, hitCount = 507, missCount = 5]
23:51:42.027 [Test worker] DEBUG org.springframework.test.context.support.DependencyInjectionTestExecutionListener - Performing dependency injection for test context [[DefaultTestContext@2440022a testClass = ReactionManagerTest, testInstance = org.waldreg.board.reaction.ReactionManagerTest@4d68b571, testMethod = [null], testException = [null], mergedContextConfiguration = [MergedContextConfiguration@737db7f8 testClass = ReactionManagerTest, locations = '{}', classes = '{class org.waldreg.board.reaction.management.DefaultReactionManager, class org.waldreg.util.token.DecryptedTokenContext}', contextInitializerClasses = '[]', activeProfiles = '{}', propertySourceLocations = '{}', propertySourceProperties = '{}', contextCustomizers = set[org.springframework.boot.test.autoconfigure.actuate.metrics.MetricsExportContextCustomizerFactory$DisableMetricExportContextCustomizer@31ff43be, org.springframework.boot.test.autoconfigure.properties.PropertyMappingContextCustomizer@0, org.springframework.boot.test.autoconfigure.web.servlet.WebDriverContextCustomizerFactory$Customizer@7a362b6b, org.springframework.boot.test.context.filter.ExcludeFilterContextCustomizer@512baff6, org.springframework.boot.test.json.DuplicateJsonObjectContextCustomizerFactory$DuplicateJsonObjectContextCustomizer@10a9d961, org.springframework.boot.test.mock.mockito.MockitoContextCustomizer@72cf8304], contextLoader = 'org.springframework.test.context.support.DelegatingSmartContextLoader', parent = [null]], attributes = map['org.springframework.test.context.event.ApplicationEventsTestExecutionListener.recordApplicationEvents' -> false]]].
23:51:42.027 [Test worker] DEBUG org.springframework.test.context.cache.DefaultCacheAwareContextLoaderDelegate - Retrieved ApplicationContext [1596843797] from cache with key [[MergedContextConfiguration@737db7f8 testClass = ReactionManagerTest, locations = '{}', classes = '{class org.waldreg.board.reaction.management.DefaultReactionManager, class org.waldreg.util.token.DecryptedTokenContext}', contextInitializerClasses = '[]', activeProfiles = '{}', propertySourceLocations = '{}', propertySourceProperties = '{}', contextCustomizers = set[org.springframework.boot.test.autoconfigure.actuate.metrics.MetricsExportContextCustomizerFactory$DisableMetricExportContextCustomizer@31ff43be, org.springframework.boot.test.autoconfigure.properties.PropertyMappingContextCustomizer@0, org.springframework.boot.test.autoconfigure.web.servlet.WebDriverContextCustomizerFactory$Customizer@7a362b6b, org.springframework.boot.test.context.filter.ExcludeFilterContextCustomizer@512baff6, org.springframework.boot.test.json.DuplicateJsonObjectContextCustomizerFactory$DuplicateJsonObjectContextCustomizer@10a9d961, org.springframework.boot.test.mock.mockito.MockitoContextCustomizer@72cf8304], contextLoader = 'org.springframework.test.context.support.DelegatingSmartContextLoader', parent = [null]]]
23:51:42.027 [Test worker] DEBUG org.springframework.test.context.cache - Spring test ApplicationContext cache statistics: [DefaultContextCache@4afd21c6 size = 5, maxSize = 32, parentContextCount = 0, hitCount = 508, missCount = 5]
23:51:42.027 [Test worker] DEBUG org.springframework.test.context.cache.DefaultCacheAwareContextLoaderDelegate - Retrieved ApplicationContext [1596843797] from cache with key [[MergedContextConfiguration@737db7f8 testClass = ReactionManagerTest, locations = '{}', classes = '{class org.waldreg.board.reaction.management.DefaultReactionManager, class org.waldreg.util.token.DecryptedTokenContext}', contextInitializerClasses = '[]', activeProfiles = '{}', propertySourceLocations = '{}', propertySourceProperties = '{}', contextCustomizers = set[org.springframework.boot.test.autoconfigure.actuate.metrics.MetricsExportContextCustomizerFactory$DisableMetricExportContextCustomizer@31ff43be, org.springframework.boot.test.autoconfigure.properties.PropertyMappingContextCustomizer@0, org.springframework.boot.test.autoconfigure.web.servlet.WebDriverContextCustomizerFactory$Customizer@7a362b6b, org.springframework.boot.test.context.filter.ExcludeFilterContextCustomizer@512baff6, org.springframework.boot.test.json.DuplicateJsonObjectContextCustomizerFactory$DuplicateJsonObjectContextCustomizer@10a9d961, org.springframework.boot.test.mock.mockito.MockitoContextCustomizer@72cf8304], contextLoader = 'org.springframework.test.context.support.DelegatingSmartContextLoader', parent = [null]]]
23:51:42.027 [Test worker] DEBUG org.springframework.test.context.cache - Spring test ApplicationContext cache statistics: [DefaultContextCache@4afd21c6 size = 5, maxSize = 32, parentContextCount = 0, hitCount = 509, missCount = 5]
23:51:42.027 [Test worker] DEBUG org.springframework.test.context.support.AbstractDirtiesContextTestExecutionListener - Before test method: context [DefaultTestContext@2440022a testClass = ReactionManagerTest, testInstance = org.waldreg.board.reaction.ReactionManagerTest@4d68b571, testMethod = ADD_REACTION_UNKNOWN_TYPE_TEST@ReactionManagerTest, testException = [null], mergedContextConfiguration = [MergedContextConfiguration@737db7f8 testClass = ReactionManagerTest, locations = '{}', classes = '{class org.waldreg.board.reaction.management.DefaultReactionManager, class org.waldreg.util.token.DecryptedTokenContext}', contextInitializerClasses = '[]', activeProfiles = '{}', propertySourceLocations = '{}', propertySourceProperties = '{}', contextCustomizers = set[org.springframework.boot.test.autoconfigure.actuate.metrics.MetricsExportContextCustomizerFactory$DisableMetricExportContextCustomizer@31ff43be, org.springframework.boot.test.autoconfigure.properties.PropertyMappingContextCustomizer@0, org.springframework.boot.test.autoconfigure.web.servlet.WebDriverContextCustomizerFactory$Customizer@7a362b6b, org.springframework.boot.test.context.filter.ExcludeFilterContextCustomizer@512baff6, org.springframework.boot.test.json.DuplicateJsonObjectContextCustomizerFactory$DuplicateJsonObjectContextCustomizer@10a9d961, org.springframework.boot.test.mock.mockito.MockitoContextCustomizer@72cf8304], contextLoader = 'org.springframework.test.context.support.DelegatingSmartContextLoader', parent = [null]], attributes = map['org.springframework.test.context.event.ApplicationEventsTestExecutionListener.recordApplicationEvents' -> false]], class annotated with @DirtiesContext [false] with mode [null], method annotated with @DirtiesContext [false] with mode [null].
23:51:42.027 [Test worker] DEBUG org.springframework.test.context.cache.DefaultCacheAwareContextLoaderDelegate - Retrieved ApplicationContext [1596843797] from cache with key [[MergedContextConfiguration@737db7f8 testClass = ReactionManagerTest, locations = '{}', classes = '{class org.waldreg.board.reaction.management.DefaultReactionManager, class org.waldreg.util.token.DecryptedTokenContext}', contextInitializerClasses = '[]', activeProfiles = '{}', propertySourceLocations = '{}', propertySourceProperties = '{}', contextCustomizers = set[org.springframework.boot.test.autoconfigure.actuate.metrics.MetricsExportContextCustomizerFactory$DisableMetricExportContextCustomizer@31ff43be, org.springframework.boot.test.autoconfigure.properties.PropertyMappingContextCustomizer@0, org.springframework.boot.test.autoconfigure.web.servlet.WebDriverContextCustomizerFactory$Customizer@7a362b6b, org.springframework.boot.test.context.filter.ExcludeFilterContextCustomizer@512baff6, org.springframework.boot.test.json.DuplicateJsonObjectContextCustomizerFactory$DuplicateJsonObjectContextCustomizer@10a9d961, org.springframework.boot.test.mock.mockito.MockitoContextCustomizer@72cf8304], contextLoader = 'org.springframework.test.context.support.DelegatingSmartContextLoader', parent = [null]]]
23:51:42.027 [Test worker] DEBUG org.springframework.test.context.cache - Spring test ApplicationContext cache statistics: [DefaultContextCache@4afd21c6 size = 5, maxSize = 32, parentContextCount = 0, hitCount = 510, missCount = 5]
23:51:42.027 [Test worker] DEBUG org.springframework.test.context.cache.DefaultCacheAwareContextLoaderDelegate - Retrieved ApplicationContext [1596843797] from cache with key [[MergedContextConfiguration@737db7f8 testClass = ReactionManagerTest, locations = '{}', classes = '{class org.waldreg.board.reaction.management.DefaultReactionManager, class org.waldreg.util.token.DecryptedTokenContext}', contextInitializerClasses = '[]', activeProfiles = '{}', propertySourceLocations = '{}', propertySourceProperties = '{}', contextCustomizers = set[org.springframework.boot.test.autoconfigure.actuate.metrics.MetricsExportContextCustomizerFactory$DisableMetricExportContextCustomizer@31ff43be, org.springframework.boot.test.autoconfigure.properties.PropertyMappingContextCustomizer@0, org.springframework.boot.test.autoconfigure.web.servlet.WebDriverContextCustomizerFactory$Customizer@7a362b6b, org.springframework.boot.test.context.filter.ExcludeFilterContextCustomizer@512baff6, org.springframework.boot.test.json.DuplicateJsonObjectContextCustomizerFactory$DuplicateJsonObjectContextCustomizer@10a9d961, org.springframework.boot.test.mock.mockito.MockitoContextCustomizer@72cf8304], contextLoader = 'org.springframework.test.context.support.DelegatingSmartContextLoader', parent = [null]]]
23:51:42.027 [Test worker] DEBUG org.springframework.test.context.cache - Spring test ApplicationContext cache statistics: [DefaultContextCache@4afd21c6 size = 5, maxSize = 32, parentContextCount = 0, hitCount = 511, missCount = 5]
23:51:42.027 [Test worker] DEBUG org.springframework.test.context.cache.DefaultCacheAwareContextLoaderDelegate - Retrieved ApplicationContext [1596843797] from cache with key [[MergedContextConfiguration@737db7f8 testClass = ReactionManagerTest, locations = '{}', classes = '{class org.waldreg.board.reaction.management.DefaultReactionManager, class org.waldreg.util.token.DecryptedTokenContext}', contextInitializerClasses = '[]', activeProfiles = '{}', propertySourceLocations = '{}', propertySourceProperties = '{}', contextCustomizers = set[org.springframework.boot.test.autoconfigure.actuate.metrics.MetricsExportContextCustomizerFactory$DisableMetricExportContextCustomizer@31ff43be, org.springframework.boot.test.autoconfigure.properties.PropertyMappingContextCustomizer@0, org.springframework.boot.test.autoconfigure.web.servlet.WebDriverContextCustomizerFactory$Customizer@7a362b6b, org.springframework.boot.test.context.filter.ExcludeFilterContextCustomizer@512baff6, org.springframework.boot.test.json.DuplicateJsonObjectContextCustomizerFactory$DuplicateJsonObjectContextCustomizer@10a9d961, org.springframework.boot.test.mock.mockito.MockitoContextCustomizer@72cf8304], contextLoader = 'org.springframework.test.context.support.DelegatingSmartContextLoader', parent = [null]]]
23:51:42.027 [Test worker] DEBUG org.springframework.test.context.cache - Spring test ApplicationContext cache statistics: [DefaultContextCache@4afd21c6 size = 5, maxSize = 32, parentContextCount = 0, hitCount = 512, missCount = 5]
23:51:42.028 [Test worker] DEBUG org.springframework.test.context.cache.DefaultCacheAwareContextLoaderDelegate - Retrieved ApplicationContext [1596843797] from cache with key [[MergedContextConfiguration@737db7f8 testClass = ReactionManagerTest, locations = '{}', classes = '{class org.waldreg.board.reaction.management.DefaultReactionManager, class org.waldreg.util.token.DecryptedTokenContext}', contextInitializerClasses = '[]', activeProfiles = '{}', propertySourceLocations = '{}', propertySourceProperties = '{}', contextCustomizers = set[org.springframework.boot.test.autoconfigure.actuate.metrics.MetricsExportContextCustomizerFactory$DisableMetricExportContextCustomizer@31ff43be, org.springframework.boot.test.autoconfigure.properties.PropertyMappingContextCustomizer@0, org.springframework.boot.test.autoconfigure.web.servlet.WebDriverContextCustomizerFactory$Customizer@7a362b6b, org.springframework.boot.test.context.filter.ExcludeFilterContextCustomizer@512baff6, org.springframework.boot.test.json.DuplicateJsonObjectContextCustomizerFactory$DuplicateJsonObjectContextCustomizer@10a9d961, org.springframework.boot.test.mock.mockito.MockitoContextCustomizer@72cf8304], contextLoader = 'org.springframework.test.context.support.DelegatingSmartContextLoader', parent = [null]]]
23:51:42.028 [Test worker] DEBUG org.springframework.test.context.cache - Spring test ApplicationContext cache statistics: [DefaultContextCache@4afd21c6 size = 5, maxSize = 32, parentContextCount = 0, hitCount = 513, missCount = 5]
23:51:42.028 [Test worker] DEBUG org.springframework.test.context.cache.DefaultCacheAwareContextLoaderDelegate - Retrieved ApplicationContext [1596843797] from cache with key [[MergedContextConfiguration@737db7f8 testClass = ReactionManagerTest, locations = '{}', classes = '{class org.waldreg.board.reaction.management.DefaultReactionManager, class org.waldreg.util.token.DecryptedTokenContext}', contextInitializerClasses = '[]', activeProfiles = '{}', propertySourceLocations = '{}', propertySourceProperties = '{}', contextCustomizers = set[org.springframework.boot.test.autoconfigure.actuate.metrics.MetricsExportContextCustomizerFactory$DisableMetricExportContextCustomizer@31ff43be, org.springframework.boot.test.autoconfigure.properties.PropertyMappingContextCustomizer@0, org.springframework.boot.test.autoconfigure.web.servlet.WebDriverContextCustomizerFactory$Customizer@7a362b6b, org.springframework.boot.test.context.filter.ExcludeFilterContextCustomizer@512baff6, org.springframework.boot.test.json.DuplicateJsonObjectContextCustomizerFactory$DuplicateJsonObjectContextCustomizer@10a9d961, org.springframework.boot.test.mock.mockito.MockitoContextCustomizer@72cf8304], contextLoader = 'org.springframework.test.context.support.DelegatingSmartContextLoader', parent = [null]]]
23:51:42.028 [Test worker] DEBUG org.springframework.test.context.cache - Spring test ApplicationContext cache statistics: [DefaultContextCache@4afd21c6 size = 5, maxSize = 32, parentContextCount = 0, hitCount = 514, missCount = 5]
23:51:42.028 [Test worker] DEBUG org.springframework.test.context.cache.DefaultCacheAwareContextLoaderDelegate - Retrieved ApplicationContext [1596843797] from cache with key [[MergedContextConfiguration@737db7f8 testClass = ReactionManagerTest, locations = '{}', classes = '{class org.waldreg.board.reaction.management.DefaultReactionManager, class org.waldreg.util.token.DecryptedTokenContext}', contextInitializerClasses = '[]', activeProfiles = '{}', propertySourceLocations = '{}', propertySourceProperties = '{}', contextCustomizers = set[org.springframework.boot.test.autoconfigure.actuate.metrics.MetricsExportContextCustomizerFactory$DisableMetricExportContextCustomizer@31ff43be, org.springframework.boot.test.autoconfigure.properties.PropertyMappingContextCustomizer@0, org.springframework.boot.test.autoconfigure.web.servlet.WebDriverContextCustomizerFactory$Customizer@7a362b6b, org.springframework.boot.test.context.filter.ExcludeFilterContextCustomizer@512baff6, org.springframework.boot.test.json.DuplicateJsonObjectContextCustomizerFactory$DuplicateJsonObjectContextCustomizer@10a9d961, org.springframework.boot.test.mock.mockito.MockitoContextCustomizer@72cf8304], contextLoader = 'org.springframework.test.context.support.DelegatingSmartContextLoader', parent = [null]]]
23:51:42.028 [Test worker] DEBUG org.springframework.test.context.cache - Spring test ApplicationContext cache statistics: [DefaultContextCache@4afd21c6 size = 5, maxSize = 32, parentContextCount = 0, hitCount = 515, missCount = 5]
23:51:42.028 [Test worker] DEBUG org.springframework.test.context.cache.DefaultCacheAwareContextLoaderDelegate - Retrieved ApplicationContext [1596843797] from cache with key [[MergedContextConfiguration@737db7f8 testClass = ReactionManagerTest, locations = '{}', classes = '{class org.waldreg.board.reaction.management.DefaultReactionManager, class org.waldreg.util.token.DecryptedTokenContext}', contextInitializerClasses = '[]', activeProfiles = '{}', propertySourceLocations = '{}', propertySourceProperties = '{}', contextCustomizers = set[org.springframework.boot.test.autoconfigure.actuate.metrics.MetricsExportContextCustomizerFactory$DisableMetricExportContextCustomizer@31ff43be, org.springframework.boot.test.autoconfigure.properties.PropertyMappingContextCustomizer@0, org.springframework.boot.test.autoconfigure.web.servlet.WebDriverContextCustomizerFactory$Customizer@7a362b6b, org.springframework.boot.test.context.filter.ExcludeFilterContextCustomizer@512baff6, org.springframework.boot.test.json.DuplicateJsonObjectContextCustomizerFactory$DuplicateJsonObjectContextCustomizer@10a9d961, org.springframework.boot.test.mock.mockito.MockitoContextCustomizer@72cf8304], contextLoader = 'org.springframework.test.context.support.DelegatingSmartContextLoader', parent = [null]]]
23:51:42.028 [Test worker] DEBUG org.springframework.test.context.cache - Spring test ApplicationContext cache statistics: [DefaultContextCache@4afd21c6 size = 5, maxSize = 32, parentContextCount = 0, hitCount = 516, missCount = 5]
23:51:42.028 [Test worker] DEBUG org.springframework.test.context.cache.DefaultCacheAwareContextLoaderDelegate - Retrieved ApplicationContext [1596843797] from cache with key [[MergedContextConfiguration@737db7f8 testClass = ReactionManagerTest, locations = '{}', classes = '{class org.waldreg.board.reaction.management.DefaultReactionManager, class org.waldreg.util.token.DecryptedTokenContext}', contextInitializerClasses = '[]', activeProfiles = '{}', propertySourceLocations = '{}', propertySourceProperties = '{}', contextCustomizers = set[org.springframework.boot.test.autoconfigure.actuate.metrics.MetricsExportContextCustomizerFactory$DisableMetricExportContextCustomizer@31ff43be, org.springframework.boot.test.autoconfigure.properties.PropertyMappingContextCustomizer@0, org.springframework.boot.test.autoconfigure.web.servlet.WebDriverContextCustomizerFactory$Customizer@7a362b6b, org.springframework.boot.test.context.filter.ExcludeFilterContextCustomizer@512baff6, org.springframework.boot.test.json.DuplicateJsonObjectContextCustomizerFactory$DuplicateJsonObjectContextCustomizer@10a9d961, org.springframework.boot.test.mock.mockito.MockitoContextCustomizer@72cf8304], contextLoader = 'org.springframework.test.context.support.DelegatingSmartContextLoader', parent = [null]]]
23:51:42.028 [Test worker] DEBUG org.springframework.test.context.cache - Spring test ApplicationContext cache statistics: [DefaultContextCache@4afd21c6 size = 5, maxSize = 32, parentContextCount = 0, hitCount = 517, missCount = 5]
23:51:42.028 [Test worker] DEBUG org.springframework.test.context.cache.DefaultCacheAwareContextLoaderDelegate - Retrieved ApplicationContext [1596843797] from cache with key [[MergedContextConfiguration@737db7f8 testClass = ReactionManagerTest, locations = '{}', classes = '{class org.waldreg.board.reaction.management.DefaultReactionManager, class org.waldreg.util.token.DecryptedTokenContext}', contextInitializerClasses = '[]', activeProfiles = '{}', propertySourceLocations = '{}', propertySourceProperties = '{}', contextCustomizers = set[org.springframework.boot.test.autoconfigure.actuate.metrics.MetricsExportContextCustomizerFactory$DisableMetricExportContextCustomizer@31ff43be, org.springframework.boot.test.autoconfigure.properties.PropertyMappingContextCustomizer@0, org.springframework.boot.test.autoconfigure.web.servlet.WebDriverContextCustomizerFactory$Customizer@7a362b6b, org.springframework.boot.test.context.filter.ExcludeFilterContextCustomizer@512baff6, org.springframework.boot.test.json.DuplicateJsonObjectContextCustomizerFactory$DuplicateJsonObjectContextCustomizer@10a9d961, org.springframework.boot.test.mock.mockito.MockitoContextCustomizer@72cf8304], contextLoader = 'org.springframework.test.context.support.DelegatingSmartContextLoader', parent = [null]]]
23:51:42.028 [Test worker] DEBUG org.springframework.test.context.cache - Spring test ApplicationContext cache statistics: [DefaultContextCache@4afd21c6 size = 5, maxSize = 32, parentContextCount = 0, hitCount = 518, missCount = 5]
23:51:42.028 [Test worker] DEBUG org.springframework.test.context.support.AbstractDirtiesContextTestExecutionListener - After test method: context [DefaultTestContext@2440022a testClass = ReactionManagerTest, testInstance = org.waldreg.board.reaction.ReactionManagerTest@4d68b571, testMethod = ADD_REACTION_UNKNOWN_TYPE_TEST@ReactionManagerTest, testException = [null], mergedContextConfiguration = [MergedContextConfiguration@737db7f8 testClass = ReactionManagerTest, locations = '{}', classes = '{class org.waldreg.board.reaction.management.DefaultReactionManager, class org.waldreg.util.token.DecryptedTokenContext}', contextInitializerClasses = '[]', activeProfiles = '{}', propertySourceLocations = '{}', propertySourceProperties = '{}', contextCustomizers = set[org.springframework.boot.test.autoconfigure.actuate.metrics.MetricsExportContextCustomizerFactory$DisableMetricExportContextCustomizer@31ff43be, org.springframework.boot.test.autoconfigure.properties.PropertyMappingContextCustomizer@0, org.springframework.boot.test.autoconfigure.web.servlet.WebDriverContextCustomizerFactory$Customizer@7a362b6b, org.springframework.boot.test.context.filter.ExcludeFilterContextCustomizer@512baff6, org.springframework.boot.test.json.DuplicateJsonObjectContextCustomizerFactory$DuplicateJsonObjectContextCustomizer@10a9d961, org.springframework.boot.test.mock.mockito.MockitoContextCustomizer@72cf8304], contextLoader = 'org.springframework.test.context.support.DelegatingSmartContextLoader', parent = [null]], attributes = map['org.springframework.test.context.event.ApplicationEventsTestExecutionListener.recordApplicationEvents' -> false]], class annotated with @DirtiesContext [false] with mode [null], method annotated with @DirtiesContext [false] with mode [null].
23:51:42.029 [Test worker] DEBUG org.springframework.test.context.cache.DefaultCacheAwareContextLoaderDelegate - Retrieved ApplicationContext [1596843797] from cache with key [[MergedContextConfiguration@737db7f8 testClass = ReactionManagerTest, locations = '{}', classes = '{class org.waldreg.board.reaction.management.DefaultReactionManager, class org.waldreg.util.token.DecryptedTokenContext}', contextInitializerClasses = '[]', activeProfiles = '{}', propertySourceLocations = '{}', propertySourceProperties = '{}', contextCustomizers = set[org.springframework.boot.test.autoconfigure.actuate.metrics.MetricsExportContextCustomizerFactory$DisableMetricExportContextCustomizer@31ff43be, org.springframework.boot.test.autoconfigure.properties.PropertyMappingContextCustomizer@0, org.springframework.boot.test.autoconfigure.web.servlet.WebDriverContextCustomizerFactory$Customizer@7a362b6b, org.springframework.boot.test.context.filter.ExcludeFilterContextCustomizer@512baff6, org.springframework.boot.test.json.DuplicateJsonObjectContextCustomizerFactory$DuplicateJsonObjectContextCustomizer@10a9d961, org.springframework.boot.test.mock.mockito.MockitoContextCustomizer@72cf8304], contextLoader = 'org.springframework.test.context.support.DelegatingSmartContextLoader', parent = [null]]]
23:51:42.029 [Test worker] DEBUG org.springframework.test.context.cache - Spring test ApplicationContext cache statistics: [DefaultContextCache@4afd21c6 size = 5, maxSize = 32, parentContextCount = 0, hitCount = 519, missCount = 5]
23:51:42.029 [Test worker] DEBUG org.springframework.test.context.support.AbstractDirtiesContextTestExecutionListener - After test class: context [DefaultTestContext@2440022a testClass = ReactionManagerTest, testInstance = [null], testMethod = [null], testException = [null], mergedContextConfiguration = [MergedContextConfiguration@737db7f8 testClass = ReactionManagerTest, locations = '{}', classes = '{class org.waldreg.board.reaction.management.DefaultReactionManager, class org.waldreg.util.token.DecryptedTokenContext}', contextInitializerClasses = '[]', activeProfiles = '{}', propertySourceLocations = '{}', propertySourceProperties = '{}', contextCustomizers = set[org.springframework.boot.test.autoconfigure.actuate.metrics.MetricsExportContextCustomizerFactory$DisableMetricExportContextCustomizer@31ff43be, org.springframework.boot.test.autoconfigure.properties.PropertyMappingContextCustomizer@0, org.springframework.boot.test.autoconfigure.web.servlet.WebDriverContextCustomizerFactory$Customizer@7a362b6b, org.springframework.boot.test.context.filter.ExcludeFilterContextCustomizer@512baff6, org.springframework.boot.test.json.DuplicateJsonObjectContextCustomizerFactory$DuplicateJsonObjectContextCustomizer@10a9d961, org.springframework.boot.test.mock.mockito.MockitoContextCustomizer@72cf8304], contextLoader = 'org.springframework.test.context.support.DelegatingSmartContextLoader', parent = [null]], attributes = map['org.springframework.test.context.event.ApplicationEventsTestExecutionListener.recordApplicationEvents' -> false]], class annotated with @DirtiesContext [false] with mode [null].
]]></system-out>
  <system-err><![CDATA[]]></system-err>
</testsuite>
