<?xml version="1.0" encoding="UTF-8"?>
<testsuite name="org.waldreg.board.category.CategoryManagerTest" tests="8" skipped="0" failures="0" errors="0" timestamp="2023-06-27T14:36:56" hostname="xb-apple.local" time="0.016">
  <properties/>
  <testcase name="전체 카테고리 조회" classname="org.waldreg.board.category.CategoryManagerTest" time="0.002"/>
  <testcase name="카테고리 수정 성공 테스트" classname="org.waldreg.board.category.CategoryManagerTest" time="0.002"/>
  <testcase name="카테고리 수정 실패 테스트 - 중복된 카테고리 이름" classname="org.waldreg.board.category.CategoryManagerTest" time="0.002"/>
  <testcase name="카테고리 생성 성공 테스트" classname="org.waldreg.board.category.CategoryManagerTest" time="0.002"/>
  <testcase name="카테고리 삭제 성공 테스트" classname="org.waldreg.board.category.CategoryManagerTest" time="0.001"/>
  <testcase name="카테고리 수정 실패 테스트 - 존재하지 않는 카테고리 아이디" classname="org.waldreg.board.category.CategoryManagerTest" time="0.001"/>
  <testcase name="카테고리 삭제 실패 - 없는 카테고리 아이디" classname="org.waldreg.board.category.CategoryManagerTest" time="0.001"/>
  <testcase name="카테고리 생성 실패 중복된 카테고리" classname="org.waldreg.board.category.CategoryManagerTest" time="0.002"/>
  <system-out><![CDATA[23:36:56.713 [Test worker] DEBUG org.springframework.test.context.BootstrapUtils - Instantiating CacheAwareContextLoaderDelegate from class [org.springframework.test.context.cache.DefaultCacheAwareContextLoaderDelegate]
23:36:56.713 [Test worker] DEBUG org.springframework.test.context.BootstrapUtils - Instantiating BootstrapContext using constructor [public org.springframework.test.context.support.DefaultBootstrapContext(java.lang.Class,org.springframework.test.context.CacheAwareContextLoaderDelegate)]
23:36:56.713 [Test worker] DEBUG org.springframework.test.context.BootstrapUtils - Instantiating TestContextBootstrapper for test class [org.waldreg.board.category.CategoryManagerTest] from class [org.springframework.test.context.support.DefaultTestContextBootstrapper]
23:36:56.713 [Test worker] DEBUG org.springframework.test.context.support.AbstractDelegatingSmartContextLoader - Delegating to AnnotationConfigContextLoader to process context configuration [ContextConfigurationAttributes@282ffbf5 declaringClass = 'org.waldreg.board.category.CategoryManagerTest', classes = '{class org.waldreg.board.category.management.DefaultCategoryManager, class org.waldreg.util.token.DecryptedTokenContext}', locations = '{}', inheritLocations = true, initializers = '{}', inheritInitializers = true, name = [null], contextLoaderClass = 'org.springframework.test.context.ContextLoader'].
23:36:56.714 [Test worker] DEBUG org.springframework.test.context.support.ActiveProfilesUtils - Could not find an 'annotation declaring class' for annotation type [org.springframework.test.context.ActiveProfiles] and class [org.waldreg.board.category.CategoryManagerTest]
23:36:56.714 [Test worker] DEBUG org.springframework.test.context.support.DefaultTestContextBootstrapper - @TestExecutionListeners is not present for class [org.waldreg.board.category.CategoryManagerTest]: using defaults.
23:36:56.714 [Test worker] INFO org.springframework.test.context.support.DefaultTestContextBootstrapper - Loaded default TestExecutionListener class names from location [META-INF/spring.factories]: [org.springframework.boot.test.autoconfigure.restdocs.RestDocsTestExecutionListener, org.springframework.boot.test.autoconfigure.web.client.MockRestServiceServerResetTestExecutionListener, org.springframework.boot.test.autoconfigure.web.servlet.MockMvcPrintOnlyOnFailureTestExecutionListener, org.springframework.boot.test.autoconfigure.web.servlet.WebDriverTestExecutionListener, org.springframework.boot.test.autoconfigure.webservices.client.MockWebServiceServerTestExecutionListener, org.springframework.boot.test.mock.mockito.MockitoTestExecutionListener, org.springframework.boot.test.mock.mockito.ResetMocksTestExecutionListener, org.springframework.test.context.web.ServletTestExecutionListener, org.springframework.test.context.support.DirtiesContextBeforeModesTestExecutionListener, org.springframework.test.context.event.ApplicationEventsTestExecutionListener, org.springframework.test.context.support.DependencyInjectionTestExecutionListener, org.springframework.test.context.support.DirtiesContextTestExecutionListener, org.springframework.test.context.transaction.TransactionalTestExecutionListener, org.springframework.test.context.jdbc.SqlScriptsTestExecutionListener, org.springframework.test.context.event.EventPublishingTestExecutionListener]
23:36:56.714 [Test worker] DEBUG org.springframework.test.context.support.DefaultTestContextBootstrapper - Skipping candidate TestExecutionListener [org.springframework.test.context.transaction.TransactionalTestExecutionListener] due to a missing dependency. Specify custom listener classes or make the default listener classes and their required dependencies available. Offending class: [org/springframework/transaction/interceptor/TransactionAttributeSource]
23:36:56.715 [Test worker] DEBUG org.springframework.test.context.support.DefaultTestContextBootstrapper - Skipping candidate TestExecutionListener [org.springframework.test.context.jdbc.SqlScriptsTestExecutionListener] due to a missing dependency. Specify custom listener classes or make the default listener classes and their required dependencies available. Offending class: [org/springframework/transaction/interceptor/TransactionAttribute]
23:36:56.715 [Test worker] INFO org.springframework.test.context.support.DefaultTestContextBootstrapper - Using TestExecutionListeners: [org.springframework.test.context.web.ServletTestExecutionListener@12c60152, org.springframework.test.context.support.DirtiesContextBeforeModesTestExecutionListener@2e807c54, org.springframework.test.context.event.ApplicationEventsTestExecutionListener@6cd164a6, org.springframework.boot.test.mock.mockito.MockitoTestExecutionListener@242a209e, org.springframework.test.context.support.DependencyInjectionTestExecutionListener@64469d8, org.springframework.test.context.support.DirtiesContextTestExecutionListener@2b8bd798, org.springframework.test.context.event.EventPublishingTestExecutionListener@4c18621b, org.springframework.boot.test.autoconfigure.restdocs.RestDocsTestExecutionListener@39c385d6, org.springframework.boot.test.autoconfigure.web.client.MockRestServiceServerResetTestExecutionListener@1cec219f, org.springframework.boot.test.autoconfigure.web.servlet.MockMvcPrintOnlyOnFailureTestExecutionListener@692e028d, org.springframework.boot.test.autoconfigure.web.servlet.WebDriverTestExecutionListener@6629ad09, org.springframework.boot.test.autoconfigure.webservices.client.MockWebServiceServerTestExecutionListener@43e1692f, org.springframework.boot.test.mock.mockito.ResetMocksTestExecutionListener@3e7c4815]
23:36:56.715 [Test worker] DEBUG org.springframework.test.context.support.AbstractDirtiesContextTestExecutionListener - Before test class: context [DefaultTestContext@27df0f3d testClass = CategoryManagerTest, testInstance = [null], testMethod = [null], testException = [null], mergedContextConfiguration = [MergedContextConfiguration@c35af2a testClass = CategoryManagerTest, locations = '{}', classes = '{class org.waldreg.board.category.management.DefaultCategoryManager, class org.waldreg.util.token.DecryptedTokenContext}', contextInitializerClasses = '[]', activeProfiles = '{}', propertySourceLocations = '{}', propertySourceProperties = '{}', contextCustomizers = set[org.springframework.boot.test.autoconfigure.actuate.metrics.MetricsExportContextCustomizerFactory$DisableMetricExportContextCustomizer@62010f5c, org.springframework.boot.test.autoconfigure.properties.PropertyMappingContextCustomizer@0, org.springframework.boot.test.autoconfigure.web.servlet.WebDriverContextCustomizerFactory$Customizer@73cd37c0, org.springframework.boot.test.context.filter.ExcludeFilterContextCustomizer@5a2d131d, org.springframework.boot.test.json.DuplicateJsonObjectContextCustomizerFactory$DuplicateJsonObjectContextCustomizer@1c93f6e1, org.springframework.boot.test.mock.mockito.MockitoContextCustomizer@f6e4aeaa], contextLoader = 'org.springframework.test.context.support.DelegatingSmartContextLoader', parent = [null]], attributes = map[[empty]]], class annotated with @DirtiesContext [false] with mode [null].
23:36:56.715 [Test worker] DEBUG org.springframework.test.context.support.AbstractDelegatingSmartContextLoader - Delegating to AnnotationConfigContextLoader to load context from [MergedContextConfiguration@c35af2a testClass = CategoryManagerTest, locations = '{}', classes = '{class org.waldreg.board.category.management.DefaultCategoryManager, class org.waldreg.util.token.DecryptedTokenContext}', contextInitializerClasses = '[]', activeProfiles = '{}', propertySourceLocations = '{}', propertySourceProperties = '{}', contextCustomizers = set[org.springframework.boot.test.autoconfigure.actuate.metrics.MetricsExportContextCustomizerFactory$DisableMetricExportContextCustomizer@62010f5c, org.springframework.boot.test.autoconfigure.properties.PropertyMappingContextCustomizer@0, org.springframework.boot.test.autoconfigure.web.servlet.WebDriverContextCustomizerFactory$Customizer@73cd37c0, org.springframework.boot.test.context.filter.ExcludeFilterContextCustomizer@5a2d131d, org.springframework.boot.test.json.DuplicateJsonObjectContextCustomizerFactory$DuplicateJsonObjectContextCustomizer@1c93f6e1, org.springframework.boot.test.mock.mockito.MockitoContextCustomizer@f6e4aeaa], contextLoader = 'org.springframework.test.context.support.DelegatingSmartContextLoader', parent = [null]].
23:36:56.715 [Test worker] DEBUG org.springframework.test.context.support.AbstractGenericContextLoader - Loading ApplicationContext for merged context configuration [[MergedContextConfiguration@c35af2a testClass = CategoryManagerTest, locations = '{}', classes = '{class org.waldreg.board.category.management.DefaultCategoryManager, class org.waldreg.util.token.DecryptedTokenContext}', contextInitializerClasses = '[]', activeProfiles = '{}', propertySourceLocations = '{}', propertySourceProperties = '{}', contextCustomizers = set[org.springframework.boot.test.autoconfigure.actuate.metrics.MetricsExportContextCustomizerFactory$DisableMetricExportContextCustomizer@62010f5c, org.springframework.boot.test.autoconfigure.properties.PropertyMappingContextCustomizer@0, org.springframework.boot.test.autoconfigure.web.servlet.WebDriverContextCustomizerFactory$Customizer@73cd37c0, org.springframework.boot.test.context.filter.ExcludeFilterContextCustomizer@5a2d131d, org.springframework.boot.test.json.DuplicateJsonObjectContextCustomizerFactory$DuplicateJsonObjectContextCustomizer@1c93f6e1, org.springframework.boot.test.mock.mockito.MockitoContextCustomizer@f6e4aeaa], contextLoader = 'org.springframework.test.context.support.DelegatingSmartContextLoader', parent = [null]]].
23:36:56.715 [Test worker] DEBUG org.springframework.core.env.StandardEnvironment - Activating profiles []
23:36:56.715 [Test worker] DEBUG org.springframework.test.context.support.AnnotationConfigContextLoader - Registering component classes: {class org.waldreg.board.category.management.DefaultCategoryManager, class org.waldreg.util.token.DecryptedTokenContext}
23:36:56.716 [Test worker] DEBUG org.springframework.context.support.GenericApplicationContext - Refreshing org.springframework.context.support.GenericApplicationContext@44550792
23:36:56.717 [Test worker] DEBUG org.springframework.beans.factory.support.DefaultListableBeanFactory - Creating shared instance of singleton bean 'org.springframework.context.annotation.internalConfigurationAnnotationProcessor'
23:36:56.719 [Test worker] DEBUG org.springframework.beans.factory.support.DefaultListableBeanFactory - Creating shared instance of singleton bean 'org.springframework.boot.test.mock.mockito.MockitoPostProcessor'
23:36:56.728 [Test worker] DEBUG org.springframework.beans.factory.support.DefaultListableBeanFactory - Creating shared instance of singleton bean 'org.springframework.context.event.internalEventListenerProcessor'
23:36:56.728 [Test worker] DEBUG org.springframework.beans.factory.support.DefaultListableBeanFactory - Creating shared instance of singleton bean 'org.springframework.context.event.internalEventListenerFactory'
23:36:56.728 [Test worker] DEBUG org.springframework.beans.factory.support.DefaultListableBeanFactory - Creating shared instance of singleton bean 'org.springframework.context.annotation.internalAutowiredAnnotationProcessor'
23:36:56.728 [Test worker] DEBUG org.springframework.beans.factory.support.DefaultListableBeanFactory - Creating shared instance of singleton bean 'org.springframework.context.annotation.internalCommonAnnotationProcessor'
23:36:56.728 [Test worker] DEBUG org.springframework.beans.factory.support.DefaultListableBeanFactory - Creating shared instance of singleton bean 'org.springframework.boot.test.mock.mockito.MockitoPostProcessor$SpyPostProcessor'
23:36:56.729 [Test worker] DEBUG org.springframework.beans.factory.support.DefaultListableBeanFactory - Creating shared instance of singleton bean 'defaultCategoryManager'
23:36:56.729 [Test worker] DEBUG org.springframework.beans.factory.support.DefaultListableBeanFactory - Autowiring by type from bean name 'defaultCategoryManager' via constructor to bean named 'org.waldreg.board.category.spi.CategoryRepository#0'
23:36:56.731 [Test worker] DEBUG org.springframework.beans.factory.support.DefaultListableBeanFactory - Creating shared instance of singleton bean 'decryptedTokenContext'
23:36:56.732 [Test worker] DEBUG org.springframework.test.context.cache.DefaultCacheAwareContextLoaderDelegate - Storing ApplicationContext [1146423186] in cache under key [[MergedContextConfiguration@c35af2a testClass = CategoryManagerTest, locations = '{}', classes = '{class org.waldreg.board.category.management.DefaultCategoryManager, class org.waldreg.util.token.DecryptedTokenContext}', contextInitializerClasses = '[]', activeProfiles = '{}', propertySourceLocations = '{}', propertySourceProperties = '{}', contextCustomizers = set[org.springframework.boot.test.autoconfigure.actuate.metrics.MetricsExportContextCustomizerFactory$DisableMetricExportContextCustomizer@62010f5c, org.springframework.boot.test.autoconfigure.properties.PropertyMappingContextCustomizer@0, org.springframework.boot.test.autoconfigure.web.servlet.WebDriverContextCustomizerFactory$Customizer@73cd37c0, org.springframework.boot.test.context.filter.ExcludeFilterContextCustomizer@5a2d131d, org.springframework.boot.test.json.DuplicateJsonObjectContextCustomizerFactory$DuplicateJsonObjectContextCustomizer@1c93f6e1, org.springframework.boot.test.mock.mockito.MockitoContextCustomizer@f6e4aeaa], contextLoader = 'org.springframework.test.context.support.DelegatingSmartContextLoader', parent = [null]]]
23:36:56.732 [Test worker] DEBUG org.springframework.test.context.cache - Spring test ApplicationContext cache statistics: [DefaultContextCache@4afd21c6 size = 2, maxSize = 32, parentContextCount = 0, hitCount = 216, missCount = 2]
23:36:56.732 [Test worker] DEBUG org.springframework.test.context.support.DependencyInjectionTestExecutionListener - Performing dependency injection for test context [[DefaultTestContext@27df0f3d testClass = CategoryManagerTest, testInstance = org.waldreg.board.category.CategoryManagerTest@181e72d3, testMethod = [null], testException = [null], mergedContextConfiguration = [MergedContextConfiguration@c35af2a testClass = CategoryManagerTest, locations = '{}', classes = '{class org.waldreg.board.category.management.DefaultCategoryManager, class org.waldreg.util.token.DecryptedTokenContext}', contextInitializerClasses = '[]', activeProfiles = '{}', propertySourceLocations = '{}', propertySourceProperties = '{}', contextCustomizers = set[org.springframework.boot.test.autoconfigure.actuate.metrics.MetricsExportContextCustomizerFactory$DisableMetricExportContextCustomizer@62010f5c, org.springframework.boot.test.autoconfigure.properties.PropertyMappingContextCustomizer@0, org.springframework.boot.test.autoconfigure.web.servlet.WebDriverContextCustomizerFactory$Customizer@73cd37c0, org.springframework.boot.test.context.filter.ExcludeFilterContextCustomizer@5a2d131d, org.springframework.boot.test.json.DuplicateJsonObjectContextCustomizerFactory$DuplicateJsonObjectContextCustomizer@1c93f6e1, org.springframework.boot.test.mock.mockito.MockitoContextCustomizer@f6e4aeaa], contextLoader = 'org.springframework.test.context.support.DelegatingSmartContextLoader', parent = [null]], attributes = map['org.springframework.test.context.event.ApplicationEventsTestExecutionListener.recordApplicationEvents' -> false]]].
23:36:56.732 [Test worker] DEBUG org.springframework.test.context.cache.DefaultCacheAwareContextLoaderDelegate - Retrieved ApplicationContext [1146423186] from cache with key [[MergedContextConfiguration@c35af2a testClass = CategoryManagerTest, locations = '{}', classes = '{class org.waldreg.board.category.management.DefaultCategoryManager, class org.waldreg.util.token.DecryptedTokenContext}', contextInitializerClasses = '[]', activeProfiles = '{}', propertySourceLocations = '{}', propertySourceProperties = '{}', contextCustomizers = set[org.springframework.boot.test.autoconfigure.actuate.metrics.MetricsExportContextCustomizerFactory$DisableMetricExportContextCustomizer@62010f5c, org.springframework.boot.test.autoconfigure.properties.PropertyMappingContextCustomizer@0, org.springframework.boot.test.autoconfigure.web.servlet.WebDriverContextCustomizerFactory$Customizer@73cd37c0, org.springframework.boot.test.context.filter.ExcludeFilterContextCustomizer@5a2d131d, org.springframework.boot.test.json.DuplicateJsonObjectContextCustomizerFactory$DuplicateJsonObjectContextCustomizer@1c93f6e1, org.springframework.boot.test.mock.mockito.MockitoContextCustomizer@f6e4aeaa], contextLoader = 'org.springframework.test.context.support.DelegatingSmartContextLoader', parent = [null]]]
23:36:56.732 [Test worker] DEBUG org.springframework.test.context.cache - Spring test ApplicationContext cache statistics: [DefaultContextCache@4afd21c6 size = 2, maxSize = 32, parentContextCount = 0, hitCount = 217, missCount = 2]
23:36:56.733 [Test worker] DEBUG org.springframework.test.context.cache.DefaultCacheAwareContextLoaderDelegate - Retrieved ApplicationContext [1146423186] from cache with key [[MergedContextConfiguration@c35af2a testClass = CategoryManagerTest, locations = '{}', classes = '{class org.waldreg.board.category.management.DefaultCategoryManager, class org.waldreg.util.token.DecryptedTokenContext}', contextInitializerClasses = '[]', activeProfiles = '{}', propertySourceLocations = '{}', propertySourceProperties = '{}', contextCustomizers = set[org.springframework.boot.test.autoconfigure.actuate.metrics.MetricsExportContextCustomizerFactory$DisableMetricExportContextCustomizer@62010f5c, org.springframework.boot.test.autoconfigure.properties.PropertyMappingContextCustomizer@0, org.springframework.boot.test.autoconfigure.web.servlet.WebDriverContextCustomizerFactory$Customizer@73cd37c0, org.springframework.boot.test.context.filter.ExcludeFilterContextCustomizer@5a2d131d, org.springframework.boot.test.json.DuplicateJsonObjectContextCustomizerFactory$DuplicateJsonObjectContextCustomizer@1c93f6e1, org.springframework.boot.test.mock.mockito.MockitoContextCustomizer@f6e4aeaa], contextLoader = 'org.springframework.test.context.support.DelegatingSmartContextLoader', parent = [null]]]
23:36:56.733 [Test worker] DEBUG org.springframework.test.context.cache - Spring test ApplicationContext cache statistics: [DefaultContextCache@4afd21c6 size = 2, maxSize = 32, parentContextCount = 0, hitCount = 218, missCount = 2]
23:36:56.734 [Test worker] DEBUG org.springframework.test.context.support.AbstractDirtiesContextTestExecutionListener - Before test method: context [DefaultTestContext@27df0f3d testClass = CategoryManagerTest, testInstance = org.waldreg.board.category.CategoryManagerTest@181e72d3, testMethod = INQUIRY_ALL_CATEGORY_TEST@CategoryManagerTest, testException = [null], mergedContextConfiguration = [MergedContextConfiguration@c35af2a testClass = CategoryManagerTest, locations = '{}', classes = '{class org.waldreg.board.category.management.DefaultCategoryManager, class org.waldreg.util.token.DecryptedTokenContext}', contextInitializerClasses = '[]', activeProfiles = '{}', propertySourceLocations = '{}', propertySourceProperties = '{}', contextCustomizers = set[org.springframework.boot.test.autoconfigure.actuate.metrics.MetricsExportContextCustomizerFactory$DisableMetricExportContextCustomizer@62010f5c, org.springframework.boot.test.autoconfigure.properties.PropertyMappingContextCustomizer@0, org.springframework.boot.test.autoconfigure.web.servlet.WebDriverContextCustomizerFactory$Customizer@73cd37c0, org.springframework.boot.test.context.filter.ExcludeFilterContextCustomizer@5a2d131d, org.springframework.boot.test.json.DuplicateJsonObjectContextCustomizerFactory$DuplicateJsonObjectContextCustomizer@1c93f6e1, org.springframework.boot.test.mock.mockito.MockitoContextCustomizer@f6e4aeaa], contextLoader = 'org.springframework.test.context.support.DelegatingSmartContextLoader', parent = [null]], attributes = map['org.springframework.test.context.event.ApplicationEventsTestExecutionListener.recordApplicationEvents' -> false]], class annotated with @DirtiesContext [false] with mode [null], method annotated with @DirtiesContext [false] with mode [null].
23:36:56.734 [Test worker] DEBUG org.springframework.test.context.cache.DefaultCacheAwareContextLoaderDelegate - Retrieved ApplicationContext [1146423186] from cache with key [[MergedContextConfiguration@c35af2a testClass = CategoryManagerTest, locations = '{}', classes = '{class org.waldreg.board.category.management.DefaultCategoryManager, class org.waldreg.util.token.DecryptedTokenContext}', contextInitializerClasses = '[]', activeProfiles = '{}', propertySourceLocations = '{}', propertySourceProperties = '{}', contextCustomizers = set[org.springframework.boot.test.autoconfigure.actuate.metrics.MetricsExportContextCustomizerFactory$DisableMetricExportContextCustomizer@62010f5c, org.springframework.boot.test.autoconfigure.properties.PropertyMappingContextCustomizer@0, org.springframework.boot.test.autoconfigure.web.servlet.WebDriverContextCustomizerFactory$Customizer@73cd37c0, org.springframework.boot.test.context.filter.ExcludeFilterContextCustomizer@5a2d131d, org.springframework.boot.test.json.DuplicateJsonObjectContextCustomizerFactory$DuplicateJsonObjectContextCustomizer@1c93f6e1, org.springframework.boot.test.mock.mockito.MockitoContextCustomizer@f6e4aeaa], contextLoader = 'org.springframework.test.context.support.DelegatingSmartContextLoader', parent = [null]]]
23:36:56.734 [Test worker] DEBUG org.springframework.test.context.cache - Spring test ApplicationContext cache statistics: [DefaultContextCache@4afd21c6 size = 2, maxSize = 32, parentContextCount = 0, hitCount = 219, missCount = 2]
23:36:56.734 [Test worker] DEBUG org.springframework.test.context.cache.DefaultCacheAwareContextLoaderDelegate - Retrieved ApplicationContext [1146423186] from cache with key [[MergedContextConfiguration@c35af2a testClass = CategoryManagerTest, locations = '{}', classes = '{class org.waldreg.board.category.management.DefaultCategoryManager, class org.waldreg.util.token.DecryptedTokenContext}', contextInitializerClasses = '[]', activeProfiles = '{}', propertySourceLocations = '{}', propertySourceProperties = '{}', contextCustomizers = set[org.springframework.boot.test.autoconfigure.actuate.metrics.MetricsExportContextCustomizerFactory$DisableMetricExportContextCustomizer@62010f5c, org.springframework.boot.test.autoconfigure.properties.PropertyMappingContextCustomizer@0, org.springframework.boot.test.autoconfigure.web.servlet.WebDriverContextCustomizerFactory$Customizer@73cd37c0, org.springframework.boot.test.context.filter.ExcludeFilterContextCustomizer@5a2d131d, org.springframework.boot.test.json.DuplicateJsonObjectContextCustomizerFactory$DuplicateJsonObjectContextCustomizer@1c93f6e1, org.springframework.boot.test.mock.mockito.MockitoContextCustomizer@f6e4aeaa], contextLoader = 'org.springframework.test.context.support.DelegatingSmartContextLoader', parent = [null]]]
23:36:56.734 [Test worker] DEBUG org.springframework.test.context.cache - Spring test ApplicationContext cache statistics: [DefaultContextCache@4afd21c6 size = 2, maxSize = 32, parentContextCount = 0, hitCount = 220, missCount = 2]
23:36:56.734 [Test worker] DEBUG org.springframework.test.context.cache.DefaultCacheAwareContextLoaderDelegate - Retrieved ApplicationContext [1146423186] from cache with key [[MergedContextConfiguration@c35af2a testClass = CategoryManagerTest, locations = '{}', classes = '{class org.waldreg.board.category.management.DefaultCategoryManager, class org.waldreg.util.token.DecryptedTokenContext}', contextInitializerClasses = '[]', activeProfiles = '{}', propertySourceLocations = '{}', propertySourceProperties = '{}', contextCustomizers = set[org.springframework.boot.test.autoconfigure.actuate.metrics.MetricsExportContextCustomizerFactory$DisableMetricExportContextCustomizer@62010f5c, org.springframework.boot.test.autoconfigure.properties.PropertyMappingContextCustomizer@0, org.springframework.boot.test.autoconfigure.web.servlet.WebDriverContextCustomizerFactory$Customizer@73cd37c0, org.springframework.boot.test.context.filter.ExcludeFilterContextCustomizer@5a2d131d, org.springframework.boot.test.json.DuplicateJsonObjectContextCustomizerFactory$DuplicateJsonObjectContextCustomizer@1c93f6e1, org.springframework.boot.test.mock.mockito.MockitoContextCustomizer@f6e4aeaa], contextLoader = 'org.springframework.test.context.support.DelegatingSmartContextLoader', parent = [null]]]
23:36:56.734 [Test worker] DEBUG org.springframework.test.context.cache - Spring test ApplicationContext cache statistics: [DefaultContextCache@4afd21c6 size = 2, maxSize = 32, parentContextCount = 0, hitCount = 221, missCount = 2]
23:36:56.734 [Test worker] DEBUG org.springframework.test.context.cache.DefaultCacheAwareContextLoaderDelegate - Retrieved ApplicationContext [1146423186] from cache with key [[MergedContextConfiguration@c35af2a testClass = CategoryManagerTest, locations = '{}', classes = '{class org.waldreg.board.category.management.DefaultCategoryManager, class org.waldreg.util.token.DecryptedTokenContext}', contextInitializerClasses = '[]', activeProfiles = '{}', propertySourceLocations = '{}', propertySourceProperties = '{}', contextCustomizers = set[org.springframework.boot.test.autoconfigure.actuate.metrics.MetricsExportContextCustomizerFactory$DisableMetricExportContextCustomizer@62010f5c, org.springframework.boot.test.autoconfigure.properties.PropertyMappingContextCustomizer@0, org.springframework.boot.test.autoconfigure.web.servlet.WebDriverContextCustomizerFactory$Customizer@73cd37c0, org.springframework.boot.test.context.filter.ExcludeFilterContextCustomizer@5a2d131d, org.springframework.boot.test.json.DuplicateJsonObjectContextCustomizerFactory$DuplicateJsonObjectContextCustomizer@1c93f6e1, org.springframework.boot.test.mock.mockito.MockitoContextCustomizer@f6e4aeaa], contextLoader = 'org.springframework.test.context.support.DelegatingSmartContextLoader', parent = [null]]]
23:36:56.735 [Test worker] DEBUG org.springframework.test.context.cache - Spring test ApplicationContext cache statistics: [DefaultContextCache@4afd21c6 size = 2, maxSize = 32, parentContextCount = 0, hitCount = 222, missCount = 2]
23:36:56.735 [Test worker] DEBUG org.springframework.test.context.cache.DefaultCacheAwareContextLoaderDelegate - Retrieved ApplicationContext [1146423186] from cache with key [[MergedContextConfiguration@c35af2a testClass = CategoryManagerTest, locations = '{}', classes = '{class org.waldreg.board.category.management.DefaultCategoryManager, class org.waldreg.util.token.DecryptedTokenContext}', contextInitializerClasses = '[]', activeProfiles = '{}', propertySourceLocations = '{}', propertySourceProperties = '{}', contextCustomizers = set[org.springframework.boot.test.autoconfigure.actuate.metrics.MetricsExportContextCustomizerFactory$DisableMetricExportContextCustomizer@62010f5c, org.springframework.boot.test.autoconfigure.properties.PropertyMappingContextCustomizer@0, org.springframework.boot.test.autoconfigure.web.servlet.WebDriverContextCustomizerFactory$Customizer@73cd37c0, org.springframework.boot.test.context.filter.ExcludeFilterContextCustomizer@5a2d131d, org.springframework.boot.test.json.DuplicateJsonObjectContextCustomizerFactory$DuplicateJsonObjectContextCustomizer@1c93f6e1, org.springframework.boot.test.mock.mockito.MockitoContextCustomizer@f6e4aeaa], contextLoader = 'org.springframework.test.context.support.DelegatingSmartContextLoader', parent = [null]]]
23:36:56.735 [Test worker] DEBUG org.springframework.test.context.cache - Spring test ApplicationContext cache statistics: [DefaultContextCache@4afd21c6 size = 2, maxSize = 32, parentContextCount = 0, hitCount = 223, missCount = 2]
23:36:56.735 [Test worker] DEBUG org.springframework.test.context.cache.DefaultCacheAwareContextLoaderDelegate - Retrieved ApplicationContext [1146423186] from cache with key [[MergedContextConfiguration@c35af2a testClass = CategoryManagerTest, locations = '{}', classes = '{class org.waldreg.board.category.management.DefaultCategoryManager, class org.waldreg.util.token.DecryptedTokenContext}', contextInitializerClasses = '[]', activeProfiles = '{}', propertySourceLocations = '{}', propertySourceProperties = '{}', contextCustomizers = set[org.springframework.boot.test.autoconfigure.actuate.metrics.MetricsExportContextCustomizerFactory$DisableMetricExportContextCustomizer@62010f5c, org.springframework.boot.test.autoconfigure.properties.PropertyMappingContextCustomizer@0, org.springframework.boot.test.autoconfigure.web.servlet.WebDriverContextCustomizerFactory$Customizer@73cd37c0, org.springframework.boot.test.context.filter.ExcludeFilterContextCustomizer@5a2d131d, org.springframework.boot.test.json.DuplicateJsonObjectContextCustomizerFactory$DuplicateJsonObjectContextCustomizer@1c93f6e1, org.springframework.boot.test.mock.mockito.MockitoContextCustomizer@f6e4aeaa], contextLoader = 'org.springframework.test.context.support.DelegatingSmartContextLoader', parent = [null]]]
23:36:56.735 [Test worker] DEBUG org.springframework.test.context.cache - Spring test ApplicationContext cache statistics: [DefaultContextCache@4afd21c6 size = 2, maxSize = 32, parentContextCount = 0, hitCount = 224, missCount = 2]
23:36:56.735 [Test worker] DEBUG org.springframework.test.context.cache.DefaultCacheAwareContextLoaderDelegate - Retrieved ApplicationContext [1146423186] from cache with key [[MergedContextConfiguration@c35af2a testClass = CategoryManagerTest, locations = '{}', classes = '{class org.waldreg.board.category.management.DefaultCategoryManager, class org.waldreg.util.token.DecryptedTokenContext}', contextInitializerClasses = '[]', activeProfiles = '{}', propertySourceLocations = '{}', propertySourceProperties = '{}', contextCustomizers = set[org.springframework.boot.test.autoconfigure.actuate.metrics.MetricsExportContextCustomizerFactory$DisableMetricExportContextCustomizer@62010f5c, org.springframework.boot.test.autoconfigure.properties.PropertyMappingContextCustomizer@0, org.springframework.boot.test.autoconfigure.web.servlet.WebDriverContextCustomizerFactory$Customizer@73cd37c0, org.springframework.boot.test.context.filter.ExcludeFilterContextCustomizer@5a2d131d, org.springframework.boot.test.json.DuplicateJsonObjectContextCustomizerFactory$DuplicateJsonObjectContextCustomizer@1c93f6e1, org.springframework.boot.test.mock.mockito.MockitoContextCustomizer@f6e4aeaa], contextLoader = 'org.springframework.test.context.support.DelegatingSmartContextLoader', parent = [null]]]
23:36:56.735 [Test worker] DEBUG org.springframework.test.context.cache - Spring test ApplicationContext cache statistics: [DefaultContextCache@4afd21c6 size = 2, maxSize = 32, parentContextCount = 0, hitCount = 225, missCount = 2]
23:36:56.735 [Test worker] DEBUG org.springframework.test.context.cache.DefaultCacheAwareContextLoaderDelegate - Retrieved ApplicationContext [1146423186] from cache with key [[MergedContextConfiguration@c35af2a testClass = CategoryManagerTest, locations = '{}', classes = '{class org.waldreg.board.category.management.DefaultCategoryManager, class org.waldreg.util.token.DecryptedTokenContext}', contextInitializerClasses = '[]', activeProfiles = '{}', propertySourceLocations = '{}', propertySourceProperties = '{}', contextCustomizers = set[org.springframework.boot.test.autoconfigure.actuate.metrics.MetricsExportContextCustomizerFactory$DisableMetricExportContextCustomizer@62010f5c, org.springframework.boot.test.autoconfigure.properties.PropertyMappingContextCustomizer@0, org.springframework.boot.test.autoconfigure.web.servlet.WebDriverContextCustomizerFactory$Customizer@73cd37c0, org.springframework.boot.test.context.filter.ExcludeFilterContextCustomizer@5a2d131d, org.springframework.boot.test.json.DuplicateJsonObjectContextCustomizerFactory$DuplicateJsonObjectContextCustomizer@1c93f6e1, org.springframework.boot.test.mock.mockito.MockitoContextCustomizer@f6e4aeaa], contextLoader = 'org.springframework.test.context.support.DelegatingSmartContextLoader', parent = [null]]]
23:36:56.735 [Test worker] DEBUG org.springframework.test.context.cache - Spring test ApplicationContext cache statistics: [DefaultContextCache@4afd21c6 size = 2, maxSize = 32, parentContextCount = 0, hitCount = 226, missCount = 2]
23:36:56.735 [Test worker] DEBUG org.springframework.test.context.cache.DefaultCacheAwareContextLoaderDelegate - Retrieved ApplicationContext [1146423186] from cache with key [[MergedContextConfiguration@c35af2a testClass = CategoryManagerTest, locations = '{}', classes = '{class org.waldreg.board.category.management.DefaultCategoryManager, class org.waldreg.util.token.DecryptedTokenContext}', contextInitializerClasses = '[]', activeProfiles = '{}', propertySourceLocations = '{}', propertySourceProperties = '{}', contextCustomizers = set[org.springframework.boot.test.autoconfigure.actuate.metrics.MetricsExportContextCustomizerFactory$DisableMetricExportContextCustomizer@62010f5c, org.springframework.boot.test.autoconfigure.properties.PropertyMappingContextCustomizer@0, org.springframework.boot.test.autoconfigure.web.servlet.WebDriverContextCustomizerFactory$Customizer@73cd37c0, org.springframework.boot.test.context.filter.ExcludeFilterContextCustomizer@5a2d131d, org.springframework.boot.test.json.DuplicateJsonObjectContextCustomizerFactory$DuplicateJsonObjectContextCustomizer@1c93f6e1, org.springframework.boot.test.mock.mockito.MockitoContextCustomizer@f6e4aeaa], contextLoader = 'org.springframework.test.context.support.DelegatingSmartContextLoader', parent = [null]]]
23:36:56.735 [Test worker] DEBUG org.springframework.test.context.cache - Spring test ApplicationContext cache statistics: [DefaultContextCache@4afd21c6 size = 2, maxSize = 32, parentContextCount = 0, hitCount = 227, missCount = 2]
23:36:56.735 [Test worker] DEBUG org.springframework.test.context.support.AbstractDirtiesContextTestExecutionListener - After test method: context [DefaultTestContext@27df0f3d testClass = CategoryManagerTest, testInstance = org.waldreg.board.category.CategoryManagerTest@181e72d3, testMethod = INQUIRY_ALL_CATEGORY_TEST@CategoryManagerTest, testException = [null], mergedContextConfiguration = [MergedContextConfiguration@c35af2a testClass = CategoryManagerTest, locations = '{}', classes = '{class org.waldreg.board.category.management.DefaultCategoryManager, class org.waldreg.util.token.DecryptedTokenContext}', contextInitializerClasses = '[]', activeProfiles = '{}', propertySourceLocations = '{}', propertySourceProperties = '{}', contextCustomizers = set[org.springframework.boot.test.autoconfigure.actuate.metrics.MetricsExportContextCustomizerFactory$DisableMetricExportContextCustomizer@62010f5c, org.springframework.boot.test.autoconfigure.properties.PropertyMappingContextCustomizer@0, org.springframework.boot.test.autoconfigure.web.servlet.WebDriverContextCustomizerFactory$Customizer@73cd37c0, org.springframework.boot.test.context.filter.ExcludeFilterContextCustomizer@5a2d131d, org.springframework.boot.test.json.DuplicateJsonObjectContextCustomizerFactory$DuplicateJsonObjectContextCustomizer@1c93f6e1, org.springframework.boot.test.mock.mockito.MockitoContextCustomizer@f6e4aeaa], contextLoader = 'org.springframework.test.context.support.DelegatingSmartContextLoader', parent = [null]], attributes = map['org.springframework.test.context.event.ApplicationEventsTestExecutionListener.recordApplicationEvents' -> false]], class annotated with @DirtiesContext [false] with mode [null], method annotated with @DirtiesContext [false] with mode [null].
23:36:56.735 [Test worker] DEBUG org.springframework.test.context.cache.DefaultCacheAwareContextLoaderDelegate - Retrieved ApplicationContext [1146423186] from cache with key [[MergedContextConfiguration@c35af2a testClass = CategoryManagerTest, locations = '{}', classes = '{class org.waldreg.board.category.management.DefaultCategoryManager, class org.waldreg.util.token.DecryptedTokenContext}', contextInitializerClasses = '[]', activeProfiles = '{}', propertySourceLocations = '{}', propertySourceProperties = '{}', contextCustomizers = set[org.springframework.boot.test.autoconfigure.actuate.metrics.MetricsExportContextCustomizerFactory$DisableMetricExportContextCustomizer@62010f5c, org.springframework.boot.test.autoconfigure.properties.PropertyMappingContextCustomizer@0, org.springframework.boot.test.autoconfigure.web.servlet.WebDriverContextCustomizerFactory$Customizer@73cd37c0, org.springframework.boot.test.context.filter.ExcludeFilterContextCustomizer@5a2d131d, org.springframework.boot.test.json.DuplicateJsonObjectContextCustomizerFactory$DuplicateJsonObjectContextCustomizer@1c93f6e1, org.springframework.boot.test.mock.mockito.MockitoContextCustomizer@f6e4aeaa], contextLoader = 'org.springframework.test.context.support.DelegatingSmartContextLoader', parent = [null]]]
23:36:56.736 [Test worker] DEBUG org.springframework.test.context.cache - Spring test ApplicationContext cache statistics: [DefaultContextCache@4afd21c6 size = 2, maxSize = 32, parentContextCount = 0, hitCount = 228, missCount = 2]
23:36:56.736 [Test worker] DEBUG org.springframework.test.context.support.DependencyInjectionTestExecutionListener - Performing dependency injection for test context [[DefaultTestContext@27df0f3d testClass = CategoryManagerTest, testInstance = org.waldreg.board.category.CategoryManagerTest@158f4cfe, testMethod = [null], testException = [null], mergedContextConfiguration = [MergedContextConfiguration@c35af2a testClass = CategoryManagerTest, locations = '{}', classes = '{class org.waldreg.board.category.management.DefaultCategoryManager, class org.waldreg.util.token.DecryptedTokenContext}', contextInitializerClasses = '[]', activeProfiles = '{}', propertySourceLocations = '{}', propertySourceProperties = '{}', contextCustomizers = set[org.springframework.boot.test.autoconfigure.actuate.metrics.MetricsExportContextCustomizerFactory$DisableMetricExportContextCustomizer@62010f5c, org.springframework.boot.test.autoconfigure.properties.PropertyMappingContextCustomizer@0, org.springframework.boot.test.autoconfigure.web.servlet.WebDriverContextCustomizerFactory$Customizer@73cd37c0, org.springframework.boot.test.context.filter.ExcludeFilterContextCustomizer@5a2d131d, org.springframework.boot.test.json.DuplicateJsonObjectContextCustomizerFactory$DuplicateJsonObjectContextCustomizer@1c93f6e1, org.springframework.boot.test.mock.mockito.MockitoContextCustomizer@f6e4aeaa], contextLoader = 'org.springframework.test.context.support.DelegatingSmartContextLoader', parent = [null]], attributes = map['org.springframework.test.context.event.ApplicationEventsTestExecutionListener.recordApplicationEvents' -> false]]].
23:36:56.736 [Test worker] DEBUG org.springframework.test.context.cache.DefaultCacheAwareContextLoaderDelegate - Retrieved ApplicationContext [1146423186] from cache with key [[MergedContextConfiguration@c35af2a testClass = CategoryManagerTest, locations = '{}', classes = '{class org.waldreg.board.category.management.DefaultCategoryManager, class org.waldreg.util.token.DecryptedTokenContext}', contextInitializerClasses = '[]', activeProfiles = '{}', propertySourceLocations = '{}', propertySourceProperties = '{}', contextCustomizers = set[org.springframework.boot.test.autoconfigure.actuate.metrics.MetricsExportContextCustomizerFactory$DisableMetricExportContextCustomizer@62010f5c, org.springframework.boot.test.autoconfigure.properties.PropertyMappingContextCustomizer@0, org.springframework.boot.test.autoconfigure.web.servlet.WebDriverContextCustomizerFactory$Customizer@73cd37c0, org.springframework.boot.test.context.filter.ExcludeFilterContextCustomizer@5a2d131d, org.springframework.boot.test.json.DuplicateJsonObjectContextCustomizerFactory$DuplicateJsonObjectContextCustomizer@1c93f6e1, org.springframework.boot.test.mock.mockito.MockitoContextCustomizer@f6e4aeaa], contextLoader = 'org.springframework.test.context.support.DelegatingSmartContextLoader', parent = [null]]]
23:36:56.736 [Test worker] DEBUG org.springframework.test.context.cache - Spring test ApplicationContext cache statistics: [DefaultContextCache@4afd21c6 size = 2, maxSize = 32, parentContextCount = 0, hitCount = 229, missCount = 2]
23:36:56.736 [Test worker] DEBUG org.springframework.test.context.cache.DefaultCacheAwareContextLoaderDelegate - Retrieved ApplicationContext [1146423186] from cache with key [[MergedContextConfiguration@c35af2a testClass = CategoryManagerTest, locations = '{}', classes = '{class org.waldreg.board.category.management.DefaultCategoryManager, class org.waldreg.util.token.DecryptedTokenContext}', contextInitializerClasses = '[]', activeProfiles = '{}', propertySourceLocations = '{}', propertySourceProperties = '{}', contextCustomizers = set[org.springframework.boot.test.autoconfigure.actuate.metrics.MetricsExportContextCustomizerFactory$DisableMetricExportContextCustomizer@62010f5c, org.springframework.boot.test.autoconfigure.properties.PropertyMappingContextCustomizer@0, org.springframework.boot.test.autoconfigure.web.servlet.WebDriverContextCustomizerFactory$Customizer@73cd37c0, org.springframework.boot.test.context.filter.ExcludeFilterContextCustomizer@5a2d131d, org.springframework.boot.test.json.DuplicateJsonObjectContextCustomizerFactory$DuplicateJsonObjectContextCustomizer@1c93f6e1, org.springframework.boot.test.mock.mockito.MockitoContextCustomizer@f6e4aeaa], contextLoader = 'org.springframework.test.context.support.DelegatingSmartContextLoader', parent = [null]]]
23:36:56.736 [Test worker] DEBUG org.springframework.test.context.cache - Spring test ApplicationContext cache statistics: [DefaultContextCache@4afd21c6 size = 2, maxSize = 32, parentContextCount = 0, hitCount = 230, missCount = 2]
23:36:56.736 [Test worker] DEBUG org.springframework.test.context.support.AbstractDirtiesContextTestExecutionListener - Before test method: context [DefaultTestContext@27df0f3d testClass = CategoryManagerTest, testInstance = org.waldreg.board.category.CategoryManagerTest@158f4cfe, testMethod = MODIFY_CATEGORY_SUCCESS_TEST@CategoryManagerTest, testException = [null], mergedContextConfiguration = [MergedContextConfiguration@c35af2a testClass = CategoryManagerTest, locations = '{}', classes = '{class org.waldreg.board.category.management.DefaultCategoryManager, class org.waldreg.util.token.DecryptedTokenContext}', contextInitializerClasses = '[]', activeProfiles = '{}', propertySourceLocations = '{}', propertySourceProperties = '{}', contextCustomizers = set[org.springframework.boot.test.autoconfigure.actuate.metrics.MetricsExportContextCustomizerFactory$DisableMetricExportContextCustomizer@62010f5c, org.springframework.boot.test.autoconfigure.properties.PropertyMappingContextCustomizer@0, org.springframework.boot.test.autoconfigure.web.servlet.WebDriverContextCustomizerFactory$Customizer@73cd37c0, org.springframework.boot.test.context.filter.ExcludeFilterContextCustomizer@5a2d131d, org.springframework.boot.test.json.DuplicateJsonObjectContextCustomizerFactory$DuplicateJsonObjectContextCustomizer@1c93f6e1, org.springframework.boot.test.mock.mockito.MockitoContextCustomizer@f6e4aeaa], contextLoader = 'org.springframework.test.context.support.DelegatingSmartContextLoader', parent = [null]], attributes = map['org.springframework.test.context.event.ApplicationEventsTestExecutionListener.recordApplicationEvents' -> false]], class annotated with @DirtiesContext [false] with mode [null], method annotated with @DirtiesContext [false] with mode [null].
23:36:56.736 [Test worker] DEBUG org.springframework.test.context.cache.DefaultCacheAwareContextLoaderDelegate - Retrieved ApplicationContext [1146423186] from cache with key [[MergedContextConfiguration@c35af2a testClass = CategoryManagerTest, locations = '{}', classes = '{class org.waldreg.board.category.management.DefaultCategoryManager, class org.waldreg.util.token.DecryptedTokenContext}', contextInitializerClasses = '[]', activeProfiles = '{}', propertySourceLocations = '{}', propertySourceProperties = '{}', contextCustomizers = set[org.springframework.boot.test.autoconfigure.actuate.metrics.MetricsExportContextCustomizerFactory$DisableMetricExportContextCustomizer@62010f5c, org.springframework.boot.test.autoconfigure.properties.PropertyMappingContextCustomizer@0, org.springframework.boot.test.autoconfigure.web.servlet.WebDriverContextCustomizerFactory$Customizer@73cd37c0, org.springframework.boot.test.context.filter.ExcludeFilterContextCustomizer@5a2d131d, org.springframework.boot.test.json.DuplicateJsonObjectContextCustomizerFactory$DuplicateJsonObjectContextCustomizer@1c93f6e1, org.springframework.boot.test.mock.mockito.MockitoContextCustomizer@f6e4aeaa], contextLoader = 'org.springframework.test.context.support.DelegatingSmartContextLoader', parent = [null]]]
23:36:56.736 [Test worker] DEBUG org.springframework.test.context.cache - Spring test ApplicationContext cache statistics: [DefaultContextCache@4afd21c6 size = 2, maxSize = 32, parentContextCount = 0, hitCount = 231, missCount = 2]
23:36:56.736 [Test worker] DEBUG org.springframework.test.context.cache.DefaultCacheAwareContextLoaderDelegate - Retrieved ApplicationContext [1146423186] from cache with key [[MergedContextConfiguration@c35af2a testClass = CategoryManagerTest, locations = '{}', classes = '{class org.waldreg.board.category.management.DefaultCategoryManager, class org.waldreg.util.token.DecryptedTokenContext}', contextInitializerClasses = '[]', activeProfiles = '{}', propertySourceLocations = '{}', propertySourceProperties = '{}', contextCustomizers = set[org.springframework.boot.test.autoconfigure.actuate.metrics.MetricsExportContextCustomizerFactory$DisableMetricExportContextCustomizer@62010f5c, org.springframework.boot.test.autoconfigure.properties.PropertyMappingContextCustomizer@0, org.springframework.boot.test.autoconfigure.web.servlet.WebDriverContextCustomizerFactory$Customizer@73cd37c0, org.springframework.boot.test.context.filter.ExcludeFilterContextCustomizer@5a2d131d, org.springframework.boot.test.json.DuplicateJsonObjectContextCustomizerFactory$DuplicateJsonObjectContextCustomizer@1c93f6e1, org.springframework.boot.test.mock.mockito.MockitoContextCustomizer@f6e4aeaa], contextLoader = 'org.springframework.test.context.support.DelegatingSmartContextLoader', parent = [null]]]
23:36:56.736 [Test worker] DEBUG org.springframework.test.context.cache - Spring test ApplicationContext cache statistics: [DefaultContextCache@4afd21c6 size = 2, maxSize = 32, parentContextCount = 0, hitCount = 232, missCount = 2]
23:36:56.736 [Test worker] DEBUG org.springframework.test.context.cache.DefaultCacheAwareContextLoaderDelegate - Retrieved ApplicationContext [1146423186] from cache with key [[MergedContextConfiguration@c35af2a testClass = CategoryManagerTest, locations = '{}', classes = '{class org.waldreg.board.category.management.DefaultCategoryManager, class org.waldreg.util.token.DecryptedTokenContext}', contextInitializerClasses = '[]', activeProfiles = '{}', propertySourceLocations = '{}', propertySourceProperties = '{}', contextCustomizers = set[org.springframework.boot.test.autoconfigure.actuate.metrics.MetricsExportContextCustomizerFactory$DisableMetricExportContextCustomizer@62010f5c, org.springframework.boot.test.autoconfigure.properties.PropertyMappingContextCustomizer@0, org.springframework.boot.test.autoconfigure.web.servlet.WebDriverContextCustomizerFactory$Customizer@73cd37c0, org.springframework.boot.test.context.filter.ExcludeFilterContextCustomizer@5a2d131d, org.springframework.boot.test.json.DuplicateJsonObjectContextCustomizerFactory$DuplicateJsonObjectContextCustomizer@1c93f6e1, org.springframework.boot.test.mock.mockito.MockitoContextCustomizer@f6e4aeaa], contextLoader = 'org.springframework.test.context.support.DelegatingSmartContextLoader', parent = [null]]]
23:36:56.736 [Test worker] DEBUG org.springframework.test.context.cache - Spring test ApplicationContext cache statistics: [DefaultContextCache@4afd21c6 size = 2, maxSize = 32, parentContextCount = 0, hitCount = 233, missCount = 2]
23:36:56.737 [Test worker] DEBUG org.springframework.test.context.cache.DefaultCacheAwareContextLoaderDelegate - Retrieved ApplicationContext [1146423186] from cache with key [[MergedContextConfiguration@c35af2a testClass = CategoryManagerTest, locations = '{}', classes = '{class org.waldreg.board.category.management.DefaultCategoryManager, class org.waldreg.util.token.DecryptedTokenContext}', contextInitializerClasses = '[]', activeProfiles = '{}', propertySourceLocations = '{}', propertySourceProperties = '{}', contextCustomizers = set[org.springframework.boot.test.autoconfigure.actuate.metrics.MetricsExportContextCustomizerFactory$DisableMetricExportContextCustomizer@62010f5c, org.springframework.boot.test.autoconfigure.properties.PropertyMappingContextCustomizer@0, org.springframework.boot.test.autoconfigure.web.servlet.WebDriverContextCustomizerFactory$Customizer@73cd37c0, org.springframework.boot.test.context.filter.ExcludeFilterContextCustomizer@5a2d131d, org.springframework.boot.test.json.DuplicateJsonObjectContextCustomizerFactory$DuplicateJsonObjectContextCustomizer@1c93f6e1, org.springframework.boot.test.mock.mockito.MockitoContextCustomizer@f6e4aeaa], contextLoader = 'org.springframework.test.context.support.DelegatingSmartContextLoader', parent = [null]]]
23:36:56.737 [Test worker] DEBUG org.springframework.test.context.cache - Spring test ApplicationContext cache statistics: [DefaultContextCache@4afd21c6 size = 2, maxSize = 32, parentContextCount = 0, hitCount = 234, missCount = 2]
23:36:56.737 [Test worker] DEBUG org.springframework.test.context.cache.DefaultCacheAwareContextLoaderDelegate - Retrieved ApplicationContext [1146423186] from cache with key [[MergedContextConfiguration@c35af2a testClass = CategoryManagerTest, locations = '{}', classes = '{class org.waldreg.board.category.management.DefaultCategoryManager, class org.waldreg.util.token.DecryptedTokenContext}', contextInitializerClasses = '[]', activeProfiles = '{}', propertySourceLocations = '{}', propertySourceProperties = '{}', contextCustomizers = set[org.springframework.boot.test.autoconfigure.actuate.metrics.MetricsExportContextCustomizerFactory$DisableMetricExportContextCustomizer@62010f5c, org.springframework.boot.test.autoconfigure.properties.PropertyMappingContextCustomizer@0, org.springframework.boot.test.autoconfigure.web.servlet.WebDriverContextCustomizerFactory$Customizer@73cd37c0, org.springframework.boot.test.context.filter.ExcludeFilterContextCustomizer@5a2d131d, org.springframework.boot.test.json.DuplicateJsonObjectContextCustomizerFactory$DuplicateJsonObjectContextCustomizer@1c93f6e1, org.springframework.boot.test.mock.mockito.MockitoContextCustomizer@f6e4aeaa], contextLoader = 'org.springframework.test.context.support.DelegatingSmartContextLoader', parent = [null]]]
23:36:56.737 [Test worker] DEBUG org.springframework.test.context.cache - Spring test ApplicationContext cache statistics: [DefaultContextCache@4afd21c6 size = 2, maxSize = 32, parentContextCount = 0, hitCount = 235, missCount = 2]
23:36:56.737 [Test worker] DEBUG org.springframework.test.context.cache.DefaultCacheAwareContextLoaderDelegate - Retrieved ApplicationContext [1146423186] from cache with key [[MergedContextConfiguration@c35af2a testClass = CategoryManagerTest, locations = '{}', classes = '{class org.waldreg.board.category.management.DefaultCategoryManager, class org.waldreg.util.token.DecryptedTokenContext}', contextInitializerClasses = '[]', activeProfiles = '{}', propertySourceLocations = '{}', propertySourceProperties = '{}', contextCustomizers = set[org.springframework.boot.test.autoconfigure.actuate.metrics.MetricsExportContextCustomizerFactory$DisableMetricExportContextCustomizer@62010f5c, org.springframework.boot.test.autoconfigure.properties.PropertyMappingContextCustomizer@0, org.springframework.boot.test.autoconfigure.web.servlet.WebDriverContextCustomizerFactory$Customizer@73cd37c0, org.springframework.boot.test.context.filter.ExcludeFilterContextCustomizer@5a2d131d, org.springframework.boot.test.json.DuplicateJsonObjectContextCustomizerFactory$DuplicateJsonObjectContextCustomizer@1c93f6e1, org.springframework.boot.test.mock.mockito.MockitoContextCustomizer@f6e4aeaa], contextLoader = 'org.springframework.test.context.support.DelegatingSmartContextLoader', parent = [null]]]
23:36:56.737 [Test worker] DEBUG org.springframework.test.context.cache - Spring test ApplicationContext cache statistics: [DefaultContextCache@4afd21c6 size = 2, maxSize = 32, parentContextCount = 0, hitCount = 236, missCount = 2]
23:36:56.737 [Test worker] DEBUG org.springframework.test.context.cache.DefaultCacheAwareContextLoaderDelegate - Retrieved ApplicationContext [1146423186] from cache with key [[MergedContextConfiguration@c35af2a testClass = CategoryManagerTest, locations = '{}', classes = '{class org.waldreg.board.category.management.DefaultCategoryManager, class org.waldreg.util.token.DecryptedTokenContext}', contextInitializerClasses = '[]', activeProfiles = '{}', propertySourceLocations = '{}', propertySourceProperties = '{}', contextCustomizers = set[org.springframework.boot.test.autoconfigure.actuate.metrics.MetricsExportContextCustomizerFactory$DisableMetricExportContextCustomizer@62010f5c, org.springframework.boot.test.autoconfigure.properties.PropertyMappingContextCustomizer@0, org.springframework.boot.test.autoconfigure.web.servlet.WebDriverContextCustomizerFactory$Customizer@73cd37c0, org.springframework.boot.test.context.filter.ExcludeFilterContextCustomizer@5a2d131d, org.springframework.boot.test.json.DuplicateJsonObjectContextCustomizerFactory$DuplicateJsonObjectContextCustomizer@1c93f6e1, org.springframework.boot.test.mock.mockito.MockitoContextCustomizer@f6e4aeaa], contextLoader = 'org.springframework.test.context.support.DelegatingSmartContextLoader', parent = [null]]]
23:36:56.737 [Test worker] DEBUG org.springframework.test.context.cache - Spring test ApplicationContext cache statistics: [DefaultContextCache@4afd21c6 size = 2, maxSize = 32, parentContextCount = 0, hitCount = 237, missCount = 2]
23:36:56.737 [Test worker] DEBUG org.springframework.test.context.cache.DefaultCacheAwareContextLoaderDelegate - Retrieved ApplicationContext [1146423186] from cache with key [[MergedContextConfiguration@c35af2a testClass = CategoryManagerTest, locations = '{}', classes = '{class org.waldreg.board.category.management.DefaultCategoryManager, class org.waldreg.util.token.DecryptedTokenContext}', contextInitializerClasses = '[]', activeProfiles = '{}', propertySourceLocations = '{}', propertySourceProperties = '{}', contextCustomizers = set[org.springframework.boot.test.autoconfigure.actuate.metrics.MetricsExportContextCustomizerFactory$DisableMetricExportContextCustomizer@62010f5c, org.springframework.boot.test.autoconfigure.properties.PropertyMappingContextCustomizer@0, org.springframework.boot.test.autoconfigure.web.servlet.WebDriverContextCustomizerFactory$Customizer@73cd37c0, org.springframework.boot.test.context.filter.ExcludeFilterContextCustomizer@5a2d131d, org.springframework.boot.test.json.DuplicateJsonObjectContextCustomizerFactory$DuplicateJsonObjectContextCustomizer@1c93f6e1, org.springframework.boot.test.mock.mockito.MockitoContextCustomizer@f6e4aeaa], contextLoader = 'org.springframework.test.context.support.DelegatingSmartContextLoader', parent = [null]]]
23:36:56.737 [Test worker] DEBUG org.springframework.test.context.cache - Spring test ApplicationContext cache statistics: [DefaultContextCache@4afd21c6 size = 2, maxSize = 32, parentContextCount = 0, hitCount = 238, missCount = 2]
23:36:56.738 [Test worker] DEBUG org.springframework.test.context.cache.DefaultCacheAwareContextLoaderDelegate - Retrieved ApplicationContext [1146423186] from cache with key [[MergedContextConfiguration@c35af2a testClass = CategoryManagerTest, locations = '{}', classes = '{class org.waldreg.board.category.management.DefaultCategoryManager, class org.waldreg.util.token.DecryptedTokenContext}', contextInitializerClasses = '[]', activeProfiles = '{}', propertySourceLocations = '{}', propertySourceProperties = '{}', contextCustomizers = set[org.springframework.boot.test.autoconfigure.actuate.metrics.MetricsExportContextCustomizerFactory$DisableMetricExportContextCustomizer@62010f5c, org.springframework.boot.test.autoconfigure.properties.PropertyMappingContextCustomizer@0, org.springframework.boot.test.autoconfigure.web.servlet.WebDriverContextCustomizerFactory$Customizer@73cd37c0, org.springframework.boot.test.context.filter.ExcludeFilterContextCustomizer@5a2d131d, org.springframework.boot.test.json.DuplicateJsonObjectContextCustomizerFactory$DuplicateJsonObjectContextCustomizer@1c93f6e1, org.springframework.boot.test.mock.mockito.MockitoContextCustomizer@f6e4aeaa], contextLoader = 'org.springframework.test.context.support.DelegatingSmartContextLoader', parent = [null]]]
23:36:56.738 [Test worker] DEBUG org.springframework.test.context.cache - Spring test ApplicationContext cache statistics: [DefaultContextCache@4afd21c6 size = 2, maxSize = 32, parentContextCount = 0, hitCount = 239, missCount = 2]
23:36:56.738 [Test worker] DEBUG org.springframework.test.context.support.AbstractDirtiesContextTestExecutionListener - After test method: context [DefaultTestContext@27df0f3d testClass = CategoryManagerTest, testInstance = org.waldreg.board.category.CategoryManagerTest@158f4cfe, testMethod = MODIFY_CATEGORY_SUCCESS_TEST@CategoryManagerTest, testException = [null], mergedContextConfiguration = [MergedContextConfiguration@c35af2a testClass = CategoryManagerTest, locations = '{}', classes = '{class org.waldreg.board.category.management.DefaultCategoryManager, class org.waldreg.util.token.DecryptedTokenContext}', contextInitializerClasses = '[]', activeProfiles = '{}', propertySourceLocations = '{}', propertySourceProperties = '{}', contextCustomizers = set[org.springframework.boot.test.autoconfigure.actuate.metrics.MetricsExportContextCustomizerFactory$DisableMetricExportContextCustomizer@62010f5c, org.springframework.boot.test.autoconfigure.properties.PropertyMappingContextCustomizer@0, org.springframework.boot.test.autoconfigure.web.servlet.WebDriverContextCustomizerFactory$Customizer@73cd37c0, org.springframework.boot.test.context.filter.ExcludeFilterContextCustomizer@5a2d131d, org.springframework.boot.test.json.DuplicateJsonObjectContextCustomizerFactory$DuplicateJsonObjectContextCustomizer@1c93f6e1, org.springframework.boot.test.mock.mockito.MockitoContextCustomizer@f6e4aeaa], contextLoader = 'org.springframework.test.context.support.DelegatingSmartContextLoader', parent = [null]], attributes = map['org.springframework.test.context.event.ApplicationEventsTestExecutionListener.recordApplicationEvents' -> false]], class annotated with @DirtiesContext [false] with mode [null], method annotated with @DirtiesContext [false] with mode [null].
23:36:56.738 [Test worker] DEBUG org.springframework.test.context.cache.DefaultCacheAwareContextLoaderDelegate - Retrieved ApplicationContext [1146423186] from cache with key [[MergedContextConfiguration@c35af2a testClass = CategoryManagerTest, locations = '{}', classes = '{class org.waldreg.board.category.management.DefaultCategoryManager, class org.waldreg.util.token.DecryptedTokenContext}', contextInitializerClasses = '[]', activeProfiles = '{}', propertySourceLocations = '{}', propertySourceProperties = '{}', contextCustomizers = set[org.springframework.boot.test.autoconfigure.actuate.metrics.MetricsExportContextCustomizerFactory$DisableMetricExportContextCustomizer@62010f5c, org.springframework.boot.test.autoconfigure.properties.PropertyMappingContextCustomizer@0, org.springframework.boot.test.autoconfigure.web.servlet.WebDriverContextCustomizerFactory$Customizer@73cd37c0, org.springframework.boot.test.context.filter.ExcludeFilterContextCustomizer@5a2d131d, org.springframework.boot.test.json.DuplicateJsonObjectContextCustomizerFactory$DuplicateJsonObjectContextCustomizer@1c93f6e1, org.springframework.boot.test.mock.mockito.MockitoContextCustomizer@f6e4aeaa], contextLoader = 'org.springframework.test.context.support.DelegatingSmartContextLoader', parent = [null]]]
23:36:56.738 [Test worker] DEBUG org.springframework.test.context.cache - Spring test ApplicationContext cache statistics: [DefaultContextCache@4afd21c6 size = 2, maxSize = 32, parentContextCount = 0, hitCount = 240, missCount = 2]
23:36:56.738 [Test worker] DEBUG org.springframework.test.context.support.DependencyInjectionTestExecutionListener - Performing dependency injection for test context [[DefaultTestContext@27df0f3d testClass = CategoryManagerTest, testInstance = org.waldreg.board.category.CategoryManagerTest@5aaaa446, testMethod = [null], testException = [null], mergedContextConfiguration = [MergedContextConfiguration@c35af2a testClass = CategoryManagerTest, locations = '{}', classes = '{class org.waldreg.board.category.management.DefaultCategoryManager, class org.waldreg.util.token.DecryptedTokenContext}', contextInitializerClasses = '[]', activeProfiles = '{}', propertySourceLocations = '{}', propertySourceProperties = '{}', contextCustomizers = set[org.springframework.boot.test.autoconfigure.actuate.metrics.MetricsExportContextCustomizerFactory$DisableMetricExportContextCustomizer@62010f5c, org.springframework.boot.test.autoconfigure.properties.PropertyMappingContextCustomizer@0, org.springframework.boot.test.autoconfigure.web.servlet.WebDriverContextCustomizerFactory$Customizer@73cd37c0, org.springframework.boot.test.context.filter.ExcludeFilterContextCustomizer@5a2d131d, org.springframework.boot.test.json.DuplicateJsonObjectContextCustomizerFactory$DuplicateJsonObjectContextCustomizer@1c93f6e1, org.springframework.boot.test.mock.mockito.MockitoContextCustomizer@f6e4aeaa], contextLoader = 'org.springframework.test.context.support.DelegatingSmartContextLoader', parent = [null]], attributes = map['org.springframework.test.context.event.ApplicationEventsTestExecutionListener.recordApplicationEvents' -> false]]].
23:36:56.738 [Test worker] DEBUG org.springframework.test.context.cache.DefaultCacheAwareContextLoaderDelegate - Retrieved ApplicationContext [1146423186] from cache with key [[MergedContextConfiguration@c35af2a testClass = CategoryManagerTest, locations = '{}', classes = '{class org.waldreg.board.category.management.DefaultCategoryManager, class org.waldreg.util.token.DecryptedTokenContext}', contextInitializerClasses = '[]', activeProfiles = '{}', propertySourceLocations = '{}', propertySourceProperties = '{}', contextCustomizers = set[org.springframework.boot.test.autoconfigure.actuate.metrics.MetricsExportContextCustomizerFactory$DisableMetricExportContextCustomizer@62010f5c, org.springframework.boot.test.autoconfigure.properties.PropertyMappingContextCustomizer@0, org.springframework.boot.test.autoconfigure.web.servlet.WebDriverContextCustomizerFactory$Customizer@73cd37c0, org.springframework.boot.test.context.filter.ExcludeFilterContextCustomizer@5a2d131d, org.springframework.boot.test.json.DuplicateJsonObjectContextCustomizerFactory$DuplicateJsonObjectContextCustomizer@1c93f6e1, org.springframework.boot.test.mock.mockito.MockitoContextCustomizer@f6e4aeaa], contextLoader = 'org.springframework.test.context.support.DelegatingSmartContextLoader', parent = [null]]]
23:36:56.738 [Test worker] DEBUG org.springframework.test.context.cache - Spring test ApplicationContext cache statistics: [DefaultContextCache@4afd21c6 size = 2, maxSize = 32, parentContextCount = 0, hitCount = 241, missCount = 2]
23:36:56.738 [Test worker] DEBUG org.springframework.test.context.cache.DefaultCacheAwareContextLoaderDelegate - Retrieved ApplicationContext [1146423186] from cache with key [[MergedContextConfiguration@c35af2a testClass = CategoryManagerTest, locations = '{}', classes = '{class org.waldreg.board.category.management.DefaultCategoryManager, class org.waldreg.util.token.DecryptedTokenContext}', contextInitializerClasses = '[]', activeProfiles = '{}', propertySourceLocations = '{}', propertySourceProperties = '{}', contextCustomizers = set[org.springframework.boot.test.autoconfigure.actuate.metrics.MetricsExportContextCustomizerFactory$DisableMetricExportContextCustomizer@62010f5c, org.springframework.boot.test.autoconfigure.properties.PropertyMappingContextCustomizer@0, org.springframework.boot.test.autoconfigure.web.servlet.WebDriverContextCustomizerFactory$Customizer@73cd37c0, org.springframework.boot.test.context.filter.ExcludeFilterContextCustomizer@5a2d131d, org.springframework.boot.test.json.DuplicateJsonObjectContextCustomizerFactory$DuplicateJsonObjectContextCustomizer@1c93f6e1, org.springframework.boot.test.mock.mockito.MockitoContextCustomizer@f6e4aeaa], contextLoader = 'org.springframework.test.context.support.DelegatingSmartContextLoader', parent = [null]]]
23:36:56.738 [Test worker] DEBUG org.springframework.test.context.cache - Spring test ApplicationContext cache statistics: [DefaultContextCache@4afd21c6 size = 2, maxSize = 32, parentContextCount = 0, hitCount = 242, missCount = 2]
23:36:56.739 [Test worker] DEBUG org.springframework.test.context.support.AbstractDirtiesContextTestExecutionListener - Before test method: context [DefaultTestContext@27df0f3d testClass = CategoryManagerTest, testInstance = org.waldreg.board.category.CategoryManagerTest@5aaaa446, testMethod = MODIFY_CATEGORY_DUPLICATE_CATEGORY_NAME_TEST@CategoryManagerTest, testException = [null], mergedContextConfiguration = [MergedContextConfiguration@c35af2a testClass = CategoryManagerTest, locations = '{}', classes = '{class org.waldreg.board.category.management.DefaultCategoryManager, class org.waldreg.util.token.DecryptedTokenContext}', contextInitializerClasses = '[]', activeProfiles = '{}', propertySourceLocations = '{}', propertySourceProperties = '{}', contextCustomizers = set[org.springframework.boot.test.autoconfigure.actuate.metrics.MetricsExportContextCustomizerFactory$DisableMetricExportContextCustomizer@62010f5c, org.springframework.boot.test.autoconfigure.properties.PropertyMappingContextCustomizer@0, org.springframework.boot.test.autoconfigure.web.servlet.WebDriverContextCustomizerFactory$Customizer@73cd37c0, org.springframework.boot.test.context.filter.ExcludeFilterContextCustomizer@5a2d131d, org.springframework.boot.test.json.DuplicateJsonObjectContextCustomizerFactory$DuplicateJsonObjectContextCustomizer@1c93f6e1, org.springframework.boot.test.mock.mockito.MockitoContextCustomizer@f6e4aeaa], contextLoader = 'org.springframework.test.context.support.DelegatingSmartContextLoader', parent = [null]], attributes = map['org.springframework.test.context.event.ApplicationEventsTestExecutionListener.recordApplicationEvents' -> false]], class annotated with @DirtiesContext [false] with mode [null], method annotated with @DirtiesContext [false] with mode [null].
23:36:56.739 [Test worker] DEBUG org.springframework.test.context.cache.DefaultCacheAwareContextLoaderDelegate - Retrieved ApplicationContext [1146423186] from cache with key [[MergedContextConfiguration@c35af2a testClass = CategoryManagerTest, locations = '{}', classes = '{class org.waldreg.board.category.management.DefaultCategoryManager, class org.waldreg.util.token.DecryptedTokenContext}', contextInitializerClasses = '[]', activeProfiles = '{}', propertySourceLocations = '{}', propertySourceProperties = '{}', contextCustomizers = set[org.springframework.boot.test.autoconfigure.actuate.metrics.MetricsExportContextCustomizerFactory$DisableMetricExportContextCustomizer@62010f5c, org.springframework.boot.test.autoconfigure.properties.PropertyMappingContextCustomizer@0, org.springframework.boot.test.autoconfigure.web.servlet.WebDriverContextCustomizerFactory$Customizer@73cd37c0, org.springframework.boot.test.context.filter.ExcludeFilterContextCustomizer@5a2d131d, org.springframework.boot.test.json.DuplicateJsonObjectContextCustomizerFactory$DuplicateJsonObjectContextCustomizer@1c93f6e1, org.springframework.boot.test.mock.mockito.MockitoContextCustomizer@f6e4aeaa], contextLoader = 'org.springframework.test.context.support.DelegatingSmartContextLoader', parent = [null]]]
23:36:56.739 [Test worker] DEBUG org.springframework.test.context.cache - Spring test ApplicationContext cache statistics: [DefaultContextCache@4afd21c6 size = 2, maxSize = 32, parentContextCount = 0, hitCount = 243, missCount = 2]
23:36:56.739 [Test worker] DEBUG org.springframework.test.context.cache.DefaultCacheAwareContextLoaderDelegate - Retrieved ApplicationContext [1146423186] from cache with key [[MergedContextConfiguration@c35af2a testClass = CategoryManagerTest, locations = '{}', classes = '{class org.waldreg.board.category.management.DefaultCategoryManager, class org.waldreg.util.token.DecryptedTokenContext}', contextInitializerClasses = '[]', activeProfiles = '{}', propertySourceLocations = '{}', propertySourceProperties = '{}', contextCustomizers = set[org.springframework.boot.test.autoconfigure.actuate.metrics.MetricsExportContextCustomizerFactory$DisableMetricExportContextCustomizer@62010f5c, org.springframework.boot.test.autoconfigure.properties.PropertyMappingContextCustomizer@0, org.springframework.boot.test.autoconfigure.web.servlet.WebDriverContextCustomizerFactory$Customizer@73cd37c0, org.springframework.boot.test.context.filter.ExcludeFilterContextCustomizer@5a2d131d, org.springframework.boot.test.json.DuplicateJsonObjectContextCustomizerFactory$DuplicateJsonObjectContextCustomizer@1c93f6e1, org.springframework.boot.test.mock.mockito.MockitoContextCustomizer@f6e4aeaa], contextLoader = 'org.springframework.test.context.support.DelegatingSmartContextLoader', parent = [null]]]
23:36:56.739 [Test worker] DEBUG org.springframework.test.context.cache - Spring test ApplicationContext cache statistics: [DefaultContextCache@4afd21c6 size = 2, maxSize = 32, parentContextCount = 0, hitCount = 244, missCount = 2]
23:36:56.739 [Test worker] DEBUG org.springframework.test.context.cache.DefaultCacheAwareContextLoaderDelegate - Retrieved ApplicationContext [1146423186] from cache with key [[MergedContextConfiguration@c35af2a testClass = CategoryManagerTest, locations = '{}', classes = '{class org.waldreg.board.category.management.DefaultCategoryManager, class org.waldreg.util.token.DecryptedTokenContext}', contextInitializerClasses = '[]', activeProfiles = '{}', propertySourceLocations = '{}', propertySourceProperties = '{}', contextCustomizers = set[org.springframework.boot.test.autoconfigure.actuate.metrics.MetricsExportContextCustomizerFactory$DisableMetricExportContextCustomizer@62010f5c, org.springframework.boot.test.autoconfigure.properties.PropertyMappingContextCustomizer@0, org.springframework.boot.test.autoconfigure.web.servlet.WebDriverContextCustomizerFactory$Customizer@73cd37c0, org.springframework.boot.test.context.filter.ExcludeFilterContextCustomizer@5a2d131d, org.springframework.boot.test.json.DuplicateJsonObjectContextCustomizerFactory$DuplicateJsonObjectContextCustomizer@1c93f6e1, org.springframework.boot.test.mock.mockito.MockitoContextCustomizer@f6e4aeaa], contextLoader = 'org.springframework.test.context.support.DelegatingSmartContextLoader', parent = [null]]]
23:36:56.739 [Test worker] DEBUG org.springframework.test.context.cache - Spring test ApplicationContext cache statistics: [DefaultContextCache@4afd21c6 size = 2, maxSize = 32, parentContextCount = 0, hitCount = 245, missCount = 2]
23:36:56.739 [Test worker] DEBUG org.springframework.test.context.cache.DefaultCacheAwareContextLoaderDelegate - Retrieved ApplicationContext [1146423186] from cache with key [[MergedContextConfiguration@c35af2a testClass = CategoryManagerTest, locations = '{}', classes = '{class org.waldreg.board.category.management.DefaultCategoryManager, class org.waldreg.util.token.DecryptedTokenContext}', contextInitializerClasses = '[]', activeProfiles = '{}', propertySourceLocations = '{}', propertySourceProperties = '{}', contextCustomizers = set[org.springframework.boot.test.autoconfigure.actuate.metrics.MetricsExportContextCustomizerFactory$DisableMetricExportContextCustomizer@62010f5c, org.springframework.boot.test.autoconfigure.properties.PropertyMappingContextCustomizer@0, org.springframework.boot.test.autoconfigure.web.servlet.WebDriverContextCustomizerFactory$Customizer@73cd37c0, org.springframework.boot.test.context.filter.ExcludeFilterContextCustomizer@5a2d131d, org.springframework.boot.test.json.DuplicateJsonObjectContextCustomizerFactory$DuplicateJsonObjectContextCustomizer@1c93f6e1, org.springframework.boot.test.mock.mockito.MockitoContextCustomizer@f6e4aeaa], contextLoader = 'org.springframework.test.context.support.DelegatingSmartContextLoader', parent = [null]]]
23:36:56.739 [Test worker] DEBUG org.springframework.test.context.cache - Spring test ApplicationContext cache statistics: [DefaultContextCache@4afd21c6 size = 2, maxSize = 32, parentContextCount = 0, hitCount = 246, missCount = 2]
23:36:56.739 [Test worker] DEBUG org.springframework.test.context.cache.DefaultCacheAwareContextLoaderDelegate - Retrieved ApplicationContext [1146423186] from cache with key [[MergedContextConfiguration@c35af2a testClass = CategoryManagerTest, locations = '{}', classes = '{class org.waldreg.board.category.management.DefaultCategoryManager, class org.waldreg.util.token.DecryptedTokenContext}', contextInitializerClasses = '[]', activeProfiles = '{}', propertySourceLocations = '{}', propertySourceProperties = '{}', contextCustomizers = set[org.springframework.boot.test.autoconfigure.actuate.metrics.MetricsExportContextCustomizerFactory$DisableMetricExportContextCustomizer@62010f5c, org.springframework.boot.test.autoconfigure.properties.PropertyMappingContextCustomizer@0, org.springframework.boot.test.autoconfigure.web.servlet.WebDriverContextCustomizerFactory$Customizer@73cd37c0, org.springframework.boot.test.context.filter.ExcludeFilterContextCustomizer@5a2d131d, org.springframework.boot.test.json.DuplicateJsonObjectContextCustomizerFactory$DuplicateJsonObjectContextCustomizer@1c93f6e1, org.springframework.boot.test.mock.mockito.MockitoContextCustomizer@f6e4aeaa], contextLoader = 'org.springframework.test.context.support.DelegatingSmartContextLoader', parent = [null]]]
23:36:56.739 [Test worker] DEBUG org.springframework.test.context.cache - Spring test ApplicationContext cache statistics: [DefaultContextCache@4afd21c6 size = 2, maxSize = 32, parentContextCount = 0, hitCount = 247, missCount = 2]
23:36:56.740 [Test worker] DEBUG org.springframework.test.context.cache.DefaultCacheAwareContextLoaderDelegate - Retrieved ApplicationContext [1146423186] from cache with key [[MergedContextConfiguration@c35af2a testClass = CategoryManagerTest, locations = '{}', classes = '{class org.waldreg.board.category.management.DefaultCategoryManager, class org.waldreg.util.token.DecryptedTokenContext}', contextInitializerClasses = '[]', activeProfiles = '{}', propertySourceLocations = '{}', propertySourceProperties = '{}', contextCustomizers = set[org.springframework.boot.test.autoconfigure.actuate.metrics.MetricsExportContextCustomizerFactory$DisableMetricExportContextCustomizer@62010f5c, org.springframework.boot.test.autoconfigure.properties.PropertyMappingContextCustomizer@0, org.springframework.boot.test.autoconfigure.web.servlet.WebDriverContextCustomizerFactory$Customizer@73cd37c0, org.springframework.boot.test.context.filter.ExcludeFilterContextCustomizer@5a2d131d, org.springframework.boot.test.json.DuplicateJsonObjectContextCustomizerFactory$DuplicateJsonObjectContextCustomizer@1c93f6e1, org.springframework.boot.test.mock.mockito.MockitoContextCustomizer@f6e4aeaa], contextLoader = 'org.springframework.test.context.support.DelegatingSmartContextLoader', parent = [null]]]
23:36:56.740 [Test worker] DEBUG org.springframework.test.context.cache - Spring test ApplicationContext cache statistics: [DefaultContextCache@4afd21c6 size = 2, maxSize = 32, parentContextCount = 0, hitCount = 248, missCount = 2]
23:36:56.740 [Test worker] DEBUG org.springframework.test.context.cache.DefaultCacheAwareContextLoaderDelegate - Retrieved ApplicationContext [1146423186] from cache with key [[MergedContextConfiguration@c35af2a testClass = CategoryManagerTest, locations = '{}', classes = '{class org.waldreg.board.category.management.DefaultCategoryManager, class org.waldreg.util.token.DecryptedTokenContext}', contextInitializerClasses = '[]', activeProfiles = '{}', propertySourceLocations = '{}', propertySourceProperties = '{}', contextCustomizers = set[org.springframework.boot.test.autoconfigure.actuate.metrics.MetricsExportContextCustomizerFactory$DisableMetricExportContextCustomizer@62010f5c, org.springframework.boot.test.autoconfigure.properties.PropertyMappingContextCustomizer@0, org.springframework.boot.test.autoconfigure.web.servlet.WebDriverContextCustomizerFactory$Customizer@73cd37c0, org.springframework.boot.test.context.filter.ExcludeFilterContextCustomizer@5a2d131d, org.springframework.boot.test.json.DuplicateJsonObjectContextCustomizerFactory$DuplicateJsonObjectContextCustomizer@1c93f6e1, org.springframework.boot.test.mock.mockito.MockitoContextCustomizer@f6e4aeaa], contextLoader = 'org.springframework.test.context.support.DelegatingSmartContextLoader', parent = [null]]]
23:36:56.740 [Test worker] DEBUG org.springframework.test.context.cache - Spring test ApplicationContext cache statistics: [DefaultContextCache@4afd21c6 size = 2, maxSize = 32, parentContextCount = 0, hitCount = 249, missCount = 2]
23:36:56.740 [Test worker] DEBUG org.springframework.test.context.cache.DefaultCacheAwareContextLoaderDelegate - Retrieved ApplicationContext [1146423186] from cache with key [[MergedContextConfiguration@c35af2a testClass = CategoryManagerTest, locations = '{}', classes = '{class org.waldreg.board.category.management.DefaultCategoryManager, class org.waldreg.util.token.DecryptedTokenContext}', contextInitializerClasses = '[]', activeProfiles = '{}', propertySourceLocations = '{}', propertySourceProperties = '{}', contextCustomizers = set[org.springframework.boot.test.autoconfigure.actuate.metrics.MetricsExportContextCustomizerFactory$DisableMetricExportContextCustomizer@62010f5c, org.springframework.boot.test.autoconfigure.properties.PropertyMappingContextCustomizer@0, org.springframework.boot.test.autoconfigure.web.servlet.WebDriverContextCustomizerFactory$Customizer@73cd37c0, org.springframework.boot.test.context.filter.ExcludeFilterContextCustomizer@5a2d131d, org.springframework.boot.test.json.DuplicateJsonObjectContextCustomizerFactory$DuplicateJsonObjectContextCustomizer@1c93f6e1, org.springframework.boot.test.mock.mockito.MockitoContextCustomizer@f6e4aeaa], contextLoader = 'org.springframework.test.context.support.DelegatingSmartContextLoader', parent = [null]]]
23:36:56.740 [Test worker] DEBUG org.springframework.test.context.cache - Spring test ApplicationContext cache statistics: [DefaultContextCache@4afd21c6 size = 2, maxSize = 32, parentContextCount = 0, hitCount = 250, missCount = 2]
23:36:56.740 [Test worker] DEBUG org.springframework.test.context.cache.DefaultCacheAwareContextLoaderDelegate - Retrieved ApplicationContext [1146423186] from cache with key [[MergedContextConfiguration@c35af2a testClass = CategoryManagerTest, locations = '{}', classes = '{class org.waldreg.board.category.management.DefaultCategoryManager, class org.waldreg.util.token.DecryptedTokenContext}', contextInitializerClasses = '[]', activeProfiles = '{}', propertySourceLocations = '{}', propertySourceProperties = '{}', contextCustomizers = set[org.springframework.boot.test.autoconfigure.actuate.metrics.MetricsExportContextCustomizerFactory$DisableMetricExportContextCustomizer@62010f5c, org.springframework.boot.test.autoconfigure.properties.PropertyMappingContextCustomizer@0, org.springframework.boot.test.autoconfigure.web.servlet.WebDriverContextCustomizerFactory$Customizer@73cd37c0, org.springframework.boot.test.context.filter.ExcludeFilterContextCustomizer@5a2d131d, org.springframework.boot.test.json.DuplicateJsonObjectContextCustomizerFactory$DuplicateJsonObjectContextCustomizer@1c93f6e1, org.springframework.boot.test.mock.mockito.MockitoContextCustomizer@f6e4aeaa], contextLoader = 'org.springframework.test.context.support.DelegatingSmartContextLoader', parent = [null]]]
23:36:56.740 [Test worker] DEBUG org.springframework.test.context.cache - Spring test ApplicationContext cache statistics: [DefaultContextCache@4afd21c6 size = 2, maxSize = 32, parentContextCount = 0, hitCount = 251, missCount = 2]
23:36:56.740 [Test worker] DEBUG org.springframework.test.context.support.AbstractDirtiesContextTestExecutionListener - After test method: context [DefaultTestContext@27df0f3d testClass = CategoryManagerTest, testInstance = org.waldreg.board.category.CategoryManagerTest@5aaaa446, testMethod = MODIFY_CATEGORY_DUPLICATE_CATEGORY_NAME_TEST@CategoryManagerTest, testException = [null], mergedContextConfiguration = [MergedContextConfiguration@c35af2a testClass = CategoryManagerTest, locations = '{}', classes = '{class org.waldreg.board.category.management.DefaultCategoryManager, class org.waldreg.util.token.DecryptedTokenContext}', contextInitializerClasses = '[]', activeProfiles = '{}', propertySourceLocations = '{}', propertySourceProperties = '{}', contextCustomizers = set[org.springframework.boot.test.autoconfigure.actuate.metrics.MetricsExportContextCustomizerFactory$DisableMetricExportContextCustomizer@62010f5c, org.springframework.boot.test.autoconfigure.properties.PropertyMappingContextCustomizer@0, org.springframework.boot.test.autoconfigure.web.servlet.WebDriverContextCustomizerFactory$Customizer@73cd37c0, org.springframework.boot.test.context.filter.ExcludeFilterContextCustomizer@5a2d131d, org.springframework.boot.test.json.DuplicateJsonObjectContextCustomizerFactory$DuplicateJsonObjectContextCustomizer@1c93f6e1, org.springframework.boot.test.mock.mockito.MockitoContextCustomizer@f6e4aeaa], contextLoader = 'org.springframework.test.context.support.DelegatingSmartContextLoader', parent = [null]], attributes = map['org.springframework.test.context.event.ApplicationEventsTestExecutionListener.recordApplicationEvents' -> false]], class annotated with @DirtiesContext [false] with mode [null], method annotated with @DirtiesContext [false] with mode [null].
23:36:56.740 [Test worker] DEBUG org.springframework.test.context.cache.DefaultCacheAwareContextLoaderDelegate - Retrieved ApplicationContext [1146423186] from cache with key [[MergedContextConfiguration@c35af2a testClass = CategoryManagerTest, locations = '{}', classes = '{class org.waldreg.board.category.management.DefaultCategoryManager, class org.waldreg.util.token.DecryptedTokenContext}', contextInitializerClasses = '[]', activeProfiles = '{}', propertySourceLocations = '{}', propertySourceProperties = '{}', contextCustomizers = set[org.springframework.boot.test.autoconfigure.actuate.metrics.MetricsExportContextCustomizerFactory$DisableMetricExportContextCustomizer@62010f5c, org.springframework.boot.test.autoconfigure.properties.PropertyMappingContextCustomizer@0, org.springframework.boot.test.autoconfigure.web.servlet.WebDriverContextCustomizerFactory$Customizer@73cd37c0, org.springframework.boot.test.context.filter.ExcludeFilterContextCustomizer@5a2d131d, org.springframework.boot.test.json.DuplicateJsonObjectContextCustomizerFactory$DuplicateJsonObjectContextCustomizer@1c93f6e1, org.springframework.boot.test.mock.mockito.MockitoContextCustomizer@f6e4aeaa], contextLoader = 'org.springframework.test.context.support.DelegatingSmartContextLoader', parent = [null]]]
23:36:56.740 [Test worker] DEBUG org.springframework.test.context.cache - Spring test ApplicationContext cache statistics: [DefaultContextCache@4afd21c6 size = 2, maxSize = 32, parentContextCount = 0, hitCount = 252, missCount = 2]
23:36:56.740 [Test worker] DEBUG org.springframework.test.context.support.DependencyInjectionTestExecutionListener - Performing dependency injection for test context [[DefaultTestContext@27df0f3d testClass = CategoryManagerTest, testInstance = org.waldreg.board.category.CategoryManagerTest@7d9ba6c, testMethod = [null], testException = [null], mergedContextConfiguration = [MergedContextConfiguration@c35af2a testClass = CategoryManagerTest, locations = '{}', classes = '{class org.waldreg.board.category.management.DefaultCategoryManager, class org.waldreg.util.token.DecryptedTokenContext}', contextInitializerClasses = '[]', activeProfiles = '{}', propertySourceLocations = '{}', propertySourceProperties = '{}', contextCustomizers = set[org.springframework.boot.test.autoconfigure.actuate.metrics.MetricsExportContextCustomizerFactory$DisableMetricExportContextCustomizer@62010f5c, org.springframework.boot.test.autoconfigure.properties.PropertyMappingContextCustomizer@0, org.springframework.boot.test.autoconfigure.web.servlet.WebDriverContextCustomizerFactory$Customizer@73cd37c0, org.springframework.boot.test.context.filter.ExcludeFilterContextCustomizer@5a2d131d, org.springframework.boot.test.json.DuplicateJsonObjectContextCustomizerFactory$DuplicateJsonObjectContextCustomizer@1c93f6e1, org.springframework.boot.test.mock.mockito.MockitoContextCustomizer@f6e4aeaa], contextLoader = 'org.springframework.test.context.support.DelegatingSmartContextLoader', parent = [null]], attributes = map['org.springframework.test.context.event.ApplicationEventsTestExecutionListener.recordApplicationEvents' -> false]]].
23:36:56.740 [Test worker] DEBUG org.springframework.test.context.cache.DefaultCacheAwareContextLoaderDelegate - Retrieved ApplicationContext [1146423186] from cache with key [[MergedContextConfiguration@c35af2a testClass = CategoryManagerTest, locations = '{}', classes = '{class org.waldreg.board.category.management.DefaultCategoryManager, class org.waldreg.util.token.DecryptedTokenContext}', contextInitializerClasses = '[]', activeProfiles = '{}', propertySourceLocations = '{}', propertySourceProperties = '{}', contextCustomizers = set[org.springframework.boot.test.autoconfigure.actuate.metrics.MetricsExportContextCustomizerFactory$DisableMetricExportContextCustomizer@62010f5c, org.springframework.boot.test.autoconfigure.properties.PropertyMappingContextCustomizer@0, org.springframework.boot.test.autoconfigure.web.servlet.WebDriverContextCustomizerFactory$Customizer@73cd37c0, org.springframework.boot.test.context.filter.ExcludeFilterContextCustomizer@5a2d131d, org.springframework.boot.test.json.DuplicateJsonObjectContextCustomizerFactory$DuplicateJsonObjectContextCustomizer@1c93f6e1, org.springframework.boot.test.mock.mockito.MockitoContextCustomizer@f6e4aeaa], contextLoader = 'org.springframework.test.context.support.DelegatingSmartContextLoader', parent = [null]]]
23:36:56.740 [Test worker] DEBUG org.springframework.test.context.cache - Spring test ApplicationContext cache statistics: [DefaultContextCache@4afd21c6 size = 2, maxSize = 32, parentContextCount = 0, hitCount = 253, missCount = 2]
23:36:56.740 [Test worker] DEBUG org.springframework.test.context.cache.DefaultCacheAwareContextLoaderDelegate - Retrieved ApplicationContext [1146423186] from cache with key [[MergedContextConfiguration@c35af2a testClass = CategoryManagerTest, locations = '{}', classes = '{class org.waldreg.board.category.management.DefaultCategoryManager, class org.waldreg.util.token.DecryptedTokenContext}', contextInitializerClasses = '[]', activeProfiles = '{}', propertySourceLocations = '{}', propertySourceProperties = '{}', contextCustomizers = set[org.springframework.boot.test.autoconfigure.actuate.metrics.MetricsExportContextCustomizerFactory$DisableMetricExportContextCustomizer@62010f5c, org.springframework.boot.test.autoconfigure.properties.PropertyMappingContextCustomizer@0, org.springframework.boot.test.autoconfigure.web.servlet.WebDriverContextCustomizerFactory$Customizer@73cd37c0, org.springframework.boot.test.context.filter.ExcludeFilterContextCustomizer@5a2d131d, org.springframework.boot.test.json.DuplicateJsonObjectContextCustomizerFactory$DuplicateJsonObjectContextCustomizer@1c93f6e1, org.springframework.boot.test.mock.mockito.MockitoContextCustomizer@f6e4aeaa], contextLoader = 'org.springframework.test.context.support.DelegatingSmartContextLoader', parent = [null]]]
23:36:56.740 [Test worker] DEBUG org.springframework.test.context.cache - Spring test ApplicationContext cache statistics: [DefaultContextCache@4afd21c6 size = 2, maxSize = 32, parentContextCount = 0, hitCount = 254, missCount = 2]
23:36:56.741 [Test worker] DEBUG org.springframework.test.context.support.AbstractDirtiesContextTestExecutionListener - Before test method: context [DefaultTestContext@27df0f3d testClass = CategoryManagerTest, testInstance = org.waldreg.board.category.CategoryManagerTest@7d9ba6c, testMethod = CREATE_CATEGORY_SUCCESS_TEST@CategoryManagerTest, testException = [null], mergedContextConfiguration = [MergedContextConfiguration@c35af2a testClass = CategoryManagerTest, locations = '{}', classes = '{class org.waldreg.board.category.management.DefaultCategoryManager, class org.waldreg.util.token.DecryptedTokenContext}', contextInitializerClasses = '[]', activeProfiles = '{}', propertySourceLocations = '{}', propertySourceProperties = '{}', contextCustomizers = set[org.springframework.boot.test.autoconfigure.actuate.metrics.MetricsExportContextCustomizerFactory$DisableMetricExportContextCustomizer@62010f5c, org.springframework.boot.test.autoconfigure.properties.PropertyMappingContextCustomizer@0, org.springframework.boot.test.autoconfigure.web.servlet.WebDriverContextCustomizerFactory$Customizer@73cd37c0, org.springframework.boot.test.context.filter.ExcludeFilterContextCustomizer@5a2d131d, org.springframework.boot.test.json.DuplicateJsonObjectContextCustomizerFactory$DuplicateJsonObjectContextCustomizer@1c93f6e1, org.springframework.boot.test.mock.mockito.MockitoContextCustomizer@f6e4aeaa], contextLoader = 'org.springframework.test.context.support.DelegatingSmartContextLoader', parent = [null]], attributes = map['org.springframework.test.context.event.ApplicationEventsTestExecutionListener.recordApplicationEvents' -> false]], class annotated with @DirtiesContext [false] with mode [null], method annotated with @DirtiesContext [false] with mode [null].
23:36:56.741 [Test worker] DEBUG org.springframework.test.context.cache.DefaultCacheAwareContextLoaderDelegate - Retrieved ApplicationContext [1146423186] from cache with key [[MergedContextConfiguration@c35af2a testClass = CategoryManagerTest, locations = '{}', classes = '{class org.waldreg.board.category.management.DefaultCategoryManager, class org.waldreg.util.token.DecryptedTokenContext}', contextInitializerClasses = '[]', activeProfiles = '{}', propertySourceLocations = '{}', propertySourceProperties = '{}', contextCustomizers = set[org.springframework.boot.test.autoconfigure.actuate.metrics.MetricsExportContextCustomizerFactory$DisableMetricExportContextCustomizer@62010f5c, org.springframework.boot.test.autoconfigure.properties.PropertyMappingContextCustomizer@0, org.springframework.boot.test.autoconfigure.web.servlet.WebDriverContextCustomizerFactory$Customizer@73cd37c0, org.springframework.boot.test.context.filter.ExcludeFilterContextCustomizer@5a2d131d, org.springframework.boot.test.json.DuplicateJsonObjectContextCustomizerFactory$DuplicateJsonObjectContextCustomizer@1c93f6e1, org.springframework.boot.test.mock.mockito.MockitoContextCustomizer@f6e4aeaa], contextLoader = 'org.springframework.test.context.support.DelegatingSmartContextLoader', parent = [null]]]
23:36:56.741 [Test worker] DEBUG org.springframework.test.context.cache - Spring test ApplicationContext cache statistics: [DefaultContextCache@4afd21c6 size = 2, maxSize = 32, parentContextCount = 0, hitCount = 255, missCount = 2]
23:36:56.741 [Test worker] DEBUG org.springframework.test.context.cache.DefaultCacheAwareContextLoaderDelegate - Retrieved ApplicationContext [1146423186] from cache with key [[MergedContextConfiguration@c35af2a testClass = CategoryManagerTest, locations = '{}', classes = '{class org.waldreg.board.category.management.DefaultCategoryManager, class org.waldreg.util.token.DecryptedTokenContext}', contextInitializerClasses = '[]', activeProfiles = '{}', propertySourceLocations = '{}', propertySourceProperties = '{}', contextCustomizers = set[org.springframework.boot.test.autoconfigure.actuate.metrics.MetricsExportContextCustomizerFactory$DisableMetricExportContextCustomizer@62010f5c, org.springframework.boot.test.autoconfigure.properties.PropertyMappingContextCustomizer@0, org.springframework.boot.test.autoconfigure.web.servlet.WebDriverContextCustomizerFactory$Customizer@73cd37c0, org.springframework.boot.test.context.filter.ExcludeFilterContextCustomizer@5a2d131d, org.springframework.boot.test.json.DuplicateJsonObjectContextCustomizerFactory$DuplicateJsonObjectContextCustomizer@1c93f6e1, org.springframework.boot.test.mock.mockito.MockitoContextCustomizer@f6e4aeaa], contextLoader = 'org.springframework.test.context.support.DelegatingSmartContextLoader', parent = [null]]]
23:36:56.741 [Test worker] DEBUG org.springframework.test.context.cache - Spring test ApplicationContext cache statistics: [DefaultContextCache@4afd21c6 size = 2, maxSize = 32, parentContextCount = 0, hitCount = 256, missCount = 2]
23:36:56.741 [Test worker] DEBUG org.springframework.test.context.cache.DefaultCacheAwareContextLoaderDelegate - Retrieved ApplicationContext [1146423186] from cache with key [[MergedContextConfiguration@c35af2a testClass = CategoryManagerTest, locations = '{}', classes = '{class org.waldreg.board.category.management.DefaultCategoryManager, class org.waldreg.util.token.DecryptedTokenContext}', contextInitializerClasses = '[]', activeProfiles = '{}', propertySourceLocations = '{}', propertySourceProperties = '{}', contextCustomizers = set[org.springframework.boot.test.autoconfigure.actuate.metrics.MetricsExportContextCustomizerFactory$DisableMetricExportContextCustomizer@62010f5c, org.springframework.boot.test.autoconfigure.properties.PropertyMappingContextCustomizer@0, org.springframework.boot.test.autoconfigure.web.servlet.WebDriverContextCustomizerFactory$Customizer@73cd37c0, org.springframework.boot.test.context.filter.ExcludeFilterContextCustomizer@5a2d131d, org.springframework.boot.test.json.DuplicateJsonObjectContextCustomizerFactory$DuplicateJsonObjectContextCustomizer@1c93f6e1, org.springframework.boot.test.mock.mockito.MockitoContextCustomizer@f6e4aeaa], contextLoader = 'org.springframework.test.context.support.DelegatingSmartContextLoader', parent = [null]]]
23:36:56.741 [Test worker] DEBUG org.springframework.test.context.cache - Spring test ApplicationContext cache statistics: [DefaultContextCache@4afd21c6 size = 2, maxSize = 32, parentContextCount = 0, hitCount = 257, missCount = 2]
23:36:56.741 [Test worker] DEBUG org.springframework.test.context.cache.DefaultCacheAwareContextLoaderDelegate - Retrieved ApplicationContext [1146423186] from cache with key [[MergedContextConfiguration@c35af2a testClass = CategoryManagerTest, locations = '{}', classes = '{class org.waldreg.board.category.management.DefaultCategoryManager, class org.waldreg.util.token.DecryptedTokenContext}', contextInitializerClasses = '[]', activeProfiles = '{}', propertySourceLocations = '{}', propertySourceProperties = '{}', contextCustomizers = set[org.springframework.boot.test.autoconfigure.actuate.metrics.MetricsExportContextCustomizerFactory$DisableMetricExportContextCustomizer@62010f5c, org.springframework.boot.test.autoconfigure.properties.PropertyMappingContextCustomizer@0, org.springframework.boot.test.autoconfigure.web.servlet.WebDriverContextCustomizerFactory$Customizer@73cd37c0, org.springframework.boot.test.context.filter.ExcludeFilterContextCustomizer@5a2d131d, org.springframework.boot.test.json.DuplicateJsonObjectContextCustomizerFactory$DuplicateJsonObjectContextCustomizer@1c93f6e1, org.springframework.boot.test.mock.mockito.MockitoContextCustomizer@f6e4aeaa], contextLoader = 'org.springframework.test.context.support.DelegatingSmartContextLoader', parent = [null]]]
23:36:56.741 [Test worker] DEBUG org.springframework.test.context.cache - Spring test ApplicationContext cache statistics: [DefaultContextCache@4afd21c6 size = 2, maxSize = 32, parentContextCount = 0, hitCount = 258, missCount = 2]
23:36:56.741 [Test worker] DEBUG org.springframework.test.context.cache.DefaultCacheAwareContextLoaderDelegate - Retrieved ApplicationContext [1146423186] from cache with key [[MergedContextConfiguration@c35af2a testClass = CategoryManagerTest, locations = '{}', classes = '{class org.waldreg.board.category.management.DefaultCategoryManager, class org.waldreg.util.token.DecryptedTokenContext}', contextInitializerClasses = '[]', activeProfiles = '{}', propertySourceLocations = '{}', propertySourceProperties = '{}', contextCustomizers = set[org.springframework.boot.test.autoconfigure.actuate.metrics.MetricsExportContextCustomizerFactory$DisableMetricExportContextCustomizer@62010f5c, org.springframework.boot.test.autoconfigure.properties.PropertyMappingContextCustomizer@0, org.springframework.boot.test.autoconfigure.web.servlet.WebDriverContextCustomizerFactory$Customizer@73cd37c0, org.springframework.boot.test.context.filter.ExcludeFilterContextCustomizer@5a2d131d, org.springframework.boot.test.json.DuplicateJsonObjectContextCustomizerFactory$DuplicateJsonObjectContextCustomizer@1c93f6e1, org.springframework.boot.test.mock.mockito.MockitoContextCustomizer@f6e4aeaa], contextLoader = 'org.springframework.test.context.support.DelegatingSmartContextLoader', parent = [null]]]
23:36:56.741 [Test worker] DEBUG org.springframework.test.context.cache - Spring test ApplicationContext cache statistics: [DefaultContextCache@4afd21c6 size = 2, maxSize = 32, parentContextCount = 0, hitCount = 259, missCount = 2]
23:36:56.742 [Test worker] DEBUG org.springframework.test.context.cache.DefaultCacheAwareContextLoaderDelegate - Retrieved ApplicationContext [1146423186] from cache with key [[MergedContextConfiguration@c35af2a testClass = CategoryManagerTest, locations = '{}', classes = '{class org.waldreg.board.category.management.DefaultCategoryManager, class org.waldreg.util.token.DecryptedTokenContext}', contextInitializerClasses = '[]', activeProfiles = '{}', propertySourceLocations = '{}', propertySourceProperties = '{}', contextCustomizers = set[org.springframework.boot.test.autoconfigure.actuate.metrics.MetricsExportContextCustomizerFactory$DisableMetricExportContextCustomizer@62010f5c, org.springframework.boot.test.autoconfigure.properties.PropertyMappingContextCustomizer@0, org.springframework.boot.test.autoconfigure.web.servlet.WebDriverContextCustomizerFactory$Customizer@73cd37c0, org.springframework.boot.test.context.filter.ExcludeFilterContextCustomizer@5a2d131d, org.springframework.boot.test.json.DuplicateJsonObjectContextCustomizerFactory$DuplicateJsonObjectContextCustomizer@1c93f6e1, org.springframework.boot.test.mock.mockito.MockitoContextCustomizer@f6e4aeaa], contextLoader = 'org.springframework.test.context.support.DelegatingSmartContextLoader', parent = [null]]]
23:36:56.742 [Test worker] DEBUG org.springframework.test.context.cache - Spring test ApplicationContext cache statistics: [DefaultContextCache@4afd21c6 size = 2, maxSize = 32, parentContextCount = 0, hitCount = 260, missCount = 2]
23:36:56.742 [Test worker] DEBUG org.springframework.test.context.cache.DefaultCacheAwareContextLoaderDelegate - Retrieved ApplicationContext [1146423186] from cache with key [[MergedContextConfiguration@c35af2a testClass = CategoryManagerTest, locations = '{}', classes = '{class org.waldreg.board.category.management.DefaultCategoryManager, class org.waldreg.util.token.DecryptedTokenContext}', contextInitializerClasses = '[]', activeProfiles = '{}', propertySourceLocations = '{}', propertySourceProperties = '{}', contextCustomizers = set[org.springframework.boot.test.autoconfigure.actuate.metrics.MetricsExportContextCustomizerFactory$DisableMetricExportContextCustomizer@62010f5c, org.springframework.boot.test.autoconfigure.properties.PropertyMappingContextCustomizer@0, org.springframework.boot.test.autoconfigure.web.servlet.WebDriverContextCustomizerFactory$Customizer@73cd37c0, org.springframework.boot.test.context.filter.ExcludeFilterContextCustomizer@5a2d131d, org.springframework.boot.test.json.DuplicateJsonObjectContextCustomizerFactory$DuplicateJsonObjectContextCustomizer@1c93f6e1, org.springframework.boot.test.mock.mockito.MockitoContextCustomizer@f6e4aeaa], contextLoader = 'org.springframework.test.context.support.DelegatingSmartContextLoader', parent = [null]]]
23:36:56.742 [Test worker] DEBUG org.springframework.test.context.cache - Spring test ApplicationContext cache statistics: [DefaultContextCache@4afd21c6 size = 2, maxSize = 32, parentContextCount = 0, hitCount = 261, missCount = 2]
23:36:56.742 [Test worker] DEBUG org.springframework.test.context.cache.DefaultCacheAwareContextLoaderDelegate - Retrieved ApplicationContext [1146423186] from cache with key [[MergedContextConfiguration@c35af2a testClass = CategoryManagerTest, locations = '{}', classes = '{class org.waldreg.board.category.management.DefaultCategoryManager, class org.waldreg.util.token.DecryptedTokenContext}', contextInitializerClasses = '[]', activeProfiles = '{}', propertySourceLocations = '{}', propertySourceProperties = '{}', contextCustomizers = set[org.springframework.boot.test.autoconfigure.actuate.metrics.MetricsExportContextCustomizerFactory$DisableMetricExportContextCustomizer@62010f5c, org.springframework.boot.test.autoconfigure.properties.PropertyMappingContextCustomizer@0, org.springframework.boot.test.autoconfigure.web.servlet.WebDriverContextCustomizerFactory$Customizer@73cd37c0, org.springframework.boot.test.context.filter.ExcludeFilterContextCustomizer@5a2d131d, org.springframework.boot.test.json.DuplicateJsonObjectContextCustomizerFactory$DuplicateJsonObjectContextCustomizer@1c93f6e1, org.springframework.boot.test.mock.mockito.MockitoContextCustomizer@f6e4aeaa], contextLoader = 'org.springframework.test.context.support.DelegatingSmartContextLoader', parent = [null]]]
23:36:56.742 [Test worker] DEBUG org.springframework.test.context.cache - Spring test ApplicationContext cache statistics: [DefaultContextCache@4afd21c6 size = 2, maxSize = 32, parentContextCount = 0, hitCount = 262, missCount = 2]
23:36:56.742 [Test worker] DEBUG org.springframework.test.context.cache.DefaultCacheAwareContextLoaderDelegate - Retrieved ApplicationContext [1146423186] from cache with key [[MergedContextConfiguration@c35af2a testClass = CategoryManagerTest, locations = '{}', classes = '{class org.waldreg.board.category.management.DefaultCategoryManager, class org.waldreg.util.token.DecryptedTokenContext}', contextInitializerClasses = '[]', activeProfiles = '{}', propertySourceLocations = '{}', propertySourceProperties = '{}', contextCustomizers = set[org.springframework.boot.test.autoconfigure.actuate.metrics.MetricsExportContextCustomizerFactory$DisableMetricExportContextCustomizer@62010f5c, org.springframework.boot.test.autoconfigure.properties.PropertyMappingContextCustomizer@0, org.springframework.boot.test.autoconfigure.web.servlet.WebDriverContextCustomizerFactory$Customizer@73cd37c0, org.springframework.boot.test.context.filter.ExcludeFilterContextCustomizer@5a2d131d, org.springframework.boot.test.json.DuplicateJsonObjectContextCustomizerFactory$DuplicateJsonObjectContextCustomizer@1c93f6e1, org.springframework.boot.test.mock.mockito.MockitoContextCustomizer@f6e4aeaa], contextLoader = 'org.springframework.test.context.support.DelegatingSmartContextLoader', parent = [null]]]
23:36:56.742 [Test worker] DEBUG org.springframework.test.context.cache - Spring test ApplicationContext cache statistics: [DefaultContextCache@4afd21c6 size = 2, maxSize = 32, parentContextCount = 0, hitCount = 263, missCount = 2]
23:36:56.742 [Test worker] DEBUG org.springframework.test.context.support.AbstractDirtiesContextTestExecutionListener - After test method: context [DefaultTestContext@27df0f3d testClass = CategoryManagerTest, testInstance = org.waldreg.board.category.CategoryManagerTest@7d9ba6c, testMethod = CREATE_CATEGORY_SUCCESS_TEST@CategoryManagerTest, testException = [null], mergedContextConfiguration = [MergedContextConfiguration@c35af2a testClass = CategoryManagerTest, locations = '{}', classes = '{class org.waldreg.board.category.management.DefaultCategoryManager, class org.waldreg.util.token.DecryptedTokenContext}', contextInitializerClasses = '[]', activeProfiles = '{}', propertySourceLocations = '{}', propertySourceProperties = '{}', contextCustomizers = set[org.springframework.boot.test.autoconfigure.actuate.metrics.MetricsExportContextCustomizerFactory$DisableMetricExportContextCustomizer@62010f5c, org.springframework.boot.test.autoconfigure.properties.PropertyMappingContextCustomizer@0, org.springframework.boot.test.autoconfigure.web.servlet.WebDriverContextCustomizerFactory$Customizer@73cd37c0, org.springframework.boot.test.context.filter.ExcludeFilterContextCustomizer@5a2d131d, org.springframework.boot.test.json.DuplicateJsonObjectContextCustomizerFactory$DuplicateJsonObjectContextCustomizer@1c93f6e1, org.springframework.boot.test.mock.mockito.MockitoContextCustomizer@f6e4aeaa], contextLoader = 'org.springframework.test.context.support.DelegatingSmartContextLoader', parent = [null]], attributes = map['org.springframework.test.context.event.ApplicationEventsTestExecutionListener.recordApplicationEvents' -> false]], class annotated with @DirtiesContext [false] with mode [null], method annotated with @DirtiesContext [false] with mode [null].
23:36:56.742 [Test worker] DEBUG org.springframework.test.context.cache.DefaultCacheAwareContextLoaderDelegate - Retrieved ApplicationContext [1146423186] from cache with key [[MergedContextConfiguration@c35af2a testClass = CategoryManagerTest, locations = '{}', classes = '{class org.waldreg.board.category.management.DefaultCategoryManager, class org.waldreg.util.token.DecryptedTokenContext}', contextInitializerClasses = '[]', activeProfiles = '{}', propertySourceLocations = '{}', propertySourceProperties = '{}', contextCustomizers = set[org.springframework.boot.test.autoconfigure.actuate.metrics.MetricsExportContextCustomizerFactory$DisableMetricExportContextCustomizer@62010f5c, org.springframework.boot.test.autoconfigure.properties.PropertyMappingContextCustomizer@0, org.springframework.boot.test.autoconfigure.web.servlet.WebDriverContextCustomizerFactory$Customizer@73cd37c0, org.springframework.boot.test.context.filter.ExcludeFilterContextCustomizer@5a2d131d, org.springframework.boot.test.json.DuplicateJsonObjectContextCustomizerFactory$DuplicateJsonObjectContextCustomizer@1c93f6e1, org.springframework.boot.test.mock.mockito.MockitoContextCustomizer@f6e4aeaa], contextLoader = 'org.springframework.test.context.support.DelegatingSmartContextLoader', parent = [null]]]
23:36:56.742 [Test worker] DEBUG org.springframework.test.context.cache - Spring test ApplicationContext cache statistics: [DefaultContextCache@4afd21c6 size = 2, maxSize = 32, parentContextCount = 0, hitCount = 264, missCount = 2]
23:36:56.742 [Test worker] DEBUG org.springframework.test.context.support.DependencyInjectionTestExecutionListener - Performing dependency injection for test context [[DefaultTestContext@27df0f3d testClass = CategoryManagerTest, testInstance = org.waldreg.board.category.CategoryManagerTest@7dd611c8, testMethod = [null], testException = [null], mergedContextConfiguration = [MergedContextConfiguration@c35af2a testClass = CategoryManagerTest, locations = '{}', classes = '{class org.waldreg.board.category.management.DefaultCategoryManager, class org.waldreg.util.token.DecryptedTokenContext}', contextInitializerClasses = '[]', activeProfiles = '{}', propertySourceLocations = '{}', propertySourceProperties = '{}', contextCustomizers = set[org.springframework.boot.test.autoconfigure.actuate.metrics.MetricsExportContextCustomizerFactory$DisableMetricExportContextCustomizer@62010f5c, org.springframework.boot.test.autoconfigure.properties.PropertyMappingContextCustomizer@0, org.springframework.boot.test.autoconfigure.web.servlet.WebDriverContextCustomizerFactory$Customizer@73cd37c0, org.springframework.boot.test.context.filter.ExcludeFilterContextCustomizer@5a2d131d, org.springframework.boot.test.json.DuplicateJsonObjectContextCustomizerFactory$DuplicateJsonObjectContextCustomizer@1c93f6e1, org.springframework.boot.test.mock.mockito.MockitoContextCustomizer@f6e4aeaa], contextLoader = 'org.springframework.test.context.support.DelegatingSmartContextLoader', parent = [null]], attributes = map['org.springframework.test.context.event.ApplicationEventsTestExecutionListener.recordApplicationEvents' -> false]]].
23:36:56.742 [Test worker] DEBUG org.springframework.test.context.cache.DefaultCacheAwareContextLoaderDelegate - Retrieved ApplicationContext [1146423186] from cache with key [[MergedContextConfiguration@c35af2a testClass = CategoryManagerTest, locations = '{}', classes = '{class org.waldreg.board.category.management.DefaultCategoryManager, class org.waldreg.util.token.DecryptedTokenContext}', contextInitializerClasses = '[]', activeProfiles = '{}', propertySourceLocations = '{}', propertySourceProperties = '{}', contextCustomizers = set[org.springframework.boot.test.autoconfigure.actuate.metrics.MetricsExportContextCustomizerFactory$DisableMetricExportContextCustomizer@62010f5c, org.springframework.boot.test.autoconfigure.properties.PropertyMappingContextCustomizer@0, org.springframework.boot.test.autoconfigure.web.servlet.WebDriverContextCustomizerFactory$Customizer@73cd37c0, org.springframework.boot.test.context.filter.ExcludeFilterContextCustomizer@5a2d131d, org.springframework.boot.test.json.DuplicateJsonObjectContextCustomizerFactory$DuplicateJsonObjectContextCustomizer@1c93f6e1, org.springframework.boot.test.mock.mockito.MockitoContextCustomizer@f6e4aeaa], contextLoader = 'org.springframework.test.context.support.DelegatingSmartContextLoader', parent = [null]]]
23:36:56.742 [Test worker] DEBUG org.springframework.test.context.cache - Spring test ApplicationContext cache statistics: [DefaultContextCache@4afd21c6 size = 2, maxSize = 32, parentContextCount = 0, hitCount = 265, missCount = 2]
23:36:56.742 [Test worker] DEBUG org.springframework.test.context.cache.DefaultCacheAwareContextLoaderDelegate - Retrieved ApplicationContext [1146423186] from cache with key [[MergedContextConfiguration@c35af2a testClass = CategoryManagerTest, locations = '{}', classes = '{class org.waldreg.board.category.management.DefaultCategoryManager, class org.waldreg.util.token.DecryptedTokenContext}', contextInitializerClasses = '[]', activeProfiles = '{}', propertySourceLocations = '{}', propertySourceProperties = '{}', contextCustomizers = set[org.springframework.boot.test.autoconfigure.actuate.metrics.MetricsExportContextCustomizerFactory$DisableMetricExportContextCustomizer@62010f5c, org.springframework.boot.test.autoconfigure.properties.PropertyMappingContextCustomizer@0, org.springframework.boot.test.autoconfigure.web.servlet.WebDriverContextCustomizerFactory$Customizer@73cd37c0, org.springframework.boot.test.context.filter.ExcludeFilterContextCustomizer@5a2d131d, org.springframework.boot.test.json.DuplicateJsonObjectContextCustomizerFactory$DuplicateJsonObjectContextCustomizer@1c93f6e1, org.springframework.boot.test.mock.mockito.MockitoContextCustomizer@f6e4aeaa], contextLoader = 'org.springframework.test.context.support.DelegatingSmartContextLoader', parent = [null]]]
23:36:56.742 [Test worker] DEBUG org.springframework.test.context.cache - Spring test ApplicationContext cache statistics: [DefaultContextCache@4afd21c6 size = 2, maxSize = 32, parentContextCount = 0, hitCount = 266, missCount = 2]
23:36:56.743 [Test worker] DEBUG org.springframework.test.context.support.AbstractDirtiesContextTestExecutionListener - Before test method: context [DefaultTestContext@27df0f3d testClass = CategoryManagerTest, testInstance = org.waldreg.board.category.CategoryManagerTest@7dd611c8, testMethod = DELETE_CATEGORY_SUCCESS_TEST@CategoryManagerTest, testException = [null], mergedContextConfiguration = [MergedContextConfiguration@c35af2a testClass = CategoryManagerTest, locations = '{}', classes = '{class org.waldreg.board.category.management.DefaultCategoryManager, class org.waldreg.util.token.DecryptedTokenContext}', contextInitializerClasses = '[]', activeProfiles = '{}', propertySourceLocations = '{}', propertySourceProperties = '{}', contextCustomizers = set[org.springframework.boot.test.autoconfigure.actuate.metrics.MetricsExportContextCustomizerFactory$DisableMetricExportContextCustomizer@62010f5c, org.springframework.boot.test.autoconfigure.properties.PropertyMappingContextCustomizer@0, org.springframework.boot.test.autoconfigure.web.servlet.WebDriverContextCustomizerFactory$Customizer@73cd37c0, org.springframework.boot.test.context.filter.ExcludeFilterContextCustomizer@5a2d131d, org.springframework.boot.test.json.DuplicateJsonObjectContextCustomizerFactory$DuplicateJsonObjectContextCustomizer@1c93f6e1, org.springframework.boot.test.mock.mockito.MockitoContextCustomizer@f6e4aeaa], contextLoader = 'org.springframework.test.context.support.DelegatingSmartContextLoader', parent = [null]], attributes = map['org.springframework.test.context.event.ApplicationEventsTestExecutionListener.recordApplicationEvents' -> false]], class annotated with @DirtiesContext [false] with mode [null], method annotated with @DirtiesContext [false] with mode [null].
23:36:56.743 [Test worker] DEBUG org.springframework.test.context.cache.DefaultCacheAwareContextLoaderDelegate - Retrieved ApplicationContext [1146423186] from cache with key [[MergedContextConfiguration@c35af2a testClass = CategoryManagerTest, locations = '{}', classes = '{class org.waldreg.board.category.management.DefaultCategoryManager, class org.waldreg.util.token.DecryptedTokenContext}', contextInitializerClasses = '[]', activeProfiles = '{}', propertySourceLocations = '{}', propertySourceProperties = '{}', contextCustomizers = set[org.springframework.boot.test.autoconfigure.actuate.metrics.MetricsExportContextCustomizerFactory$DisableMetricExportContextCustomizer@62010f5c, org.springframework.boot.test.autoconfigure.properties.PropertyMappingContextCustomizer@0, org.springframework.boot.test.autoconfigure.web.servlet.WebDriverContextCustomizerFactory$Customizer@73cd37c0, org.springframework.boot.test.context.filter.ExcludeFilterContextCustomizer@5a2d131d, org.springframework.boot.test.json.DuplicateJsonObjectContextCustomizerFactory$DuplicateJsonObjectContextCustomizer@1c93f6e1, org.springframework.boot.test.mock.mockito.MockitoContextCustomizer@f6e4aeaa], contextLoader = 'org.springframework.test.context.support.DelegatingSmartContextLoader', parent = [null]]]
23:36:56.743 [Test worker] DEBUG org.springframework.test.context.cache - Spring test ApplicationContext cache statistics: [DefaultContextCache@4afd21c6 size = 2, maxSize = 32, parentContextCount = 0, hitCount = 267, missCount = 2]
23:36:56.743 [Test worker] DEBUG org.springframework.test.context.cache.DefaultCacheAwareContextLoaderDelegate - Retrieved ApplicationContext [1146423186] from cache with key [[MergedContextConfiguration@c35af2a testClass = CategoryManagerTest, locations = '{}', classes = '{class org.waldreg.board.category.management.DefaultCategoryManager, class org.waldreg.util.token.DecryptedTokenContext}', contextInitializerClasses = '[]', activeProfiles = '{}', propertySourceLocations = '{}', propertySourceProperties = '{}', contextCustomizers = set[org.springframework.boot.test.autoconfigure.actuate.metrics.MetricsExportContextCustomizerFactory$DisableMetricExportContextCustomizer@62010f5c, org.springframework.boot.test.autoconfigure.properties.PropertyMappingContextCustomizer@0, org.springframework.boot.test.autoconfigure.web.servlet.WebDriverContextCustomizerFactory$Customizer@73cd37c0, org.springframework.boot.test.context.filter.ExcludeFilterContextCustomizer@5a2d131d, org.springframework.boot.test.json.DuplicateJsonObjectContextCustomizerFactory$DuplicateJsonObjectContextCustomizer@1c93f6e1, org.springframework.boot.test.mock.mockito.MockitoContextCustomizer@f6e4aeaa], contextLoader = 'org.springframework.test.context.support.DelegatingSmartContextLoader', parent = [null]]]
23:36:56.743 [Test worker] DEBUG org.springframework.test.context.cache - Spring test ApplicationContext cache statistics: [DefaultContextCache@4afd21c6 size = 2, maxSize = 32, parentContextCount = 0, hitCount = 268, missCount = 2]
23:36:56.743 [Test worker] DEBUG org.springframework.test.context.cache.DefaultCacheAwareContextLoaderDelegate - Retrieved ApplicationContext [1146423186] from cache with key [[MergedContextConfiguration@c35af2a testClass = CategoryManagerTest, locations = '{}', classes = '{class org.waldreg.board.category.management.DefaultCategoryManager, class org.waldreg.util.token.DecryptedTokenContext}', contextInitializerClasses = '[]', activeProfiles = '{}', propertySourceLocations = '{}', propertySourceProperties = '{}', contextCustomizers = set[org.springframework.boot.test.autoconfigure.actuate.metrics.MetricsExportContextCustomizerFactory$DisableMetricExportContextCustomizer@62010f5c, org.springframework.boot.test.autoconfigure.properties.PropertyMappingContextCustomizer@0, org.springframework.boot.test.autoconfigure.web.servlet.WebDriverContextCustomizerFactory$Customizer@73cd37c0, org.springframework.boot.test.context.filter.ExcludeFilterContextCustomizer@5a2d131d, org.springframework.boot.test.json.DuplicateJsonObjectContextCustomizerFactory$DuplicateJsonObjectContextCustomizer@1c93f6e1, org.springframework.boot.test.mock.mockito.MockitoContextCustomizer@f6e4aeaa], contextLoader = 'org.springframework.test.context.support.DelegatingSmartContextLoader', parent = [null]]]
23:36:56.743 [Test worker] DEBUG org.springframework.test.context.cache - Spring test ApplicationContext cache statistics: [DefaultContextCache@4afd21c6 size = 2, maxSize = 32, parentContextCount = 0, hitCount = 269, missCount = 2]
23:36:56.743 [Test worker] DEBUG org.springframework.test.context.cache.DefaultCacheAwareContextLoaderDelegate - Retrieved ApplicationContext [1146423186] from cache with key [[MergedContextConfiguration@c35af2a testClass = CategoryManagerTest, locations = '{}', classes = '{class org.waldreg.board.category.management.DefaultCategoryManager, class org.waldreg.util.token.DecryptedTokenContext}', contextInitializerClasses = '[]', activeProfiles = '{}', propertySourceLocations = '{}', propertySourceProperties = '{}', contextCustomizers = set[org.springframework.boot.test.autoconfigure.actuate.metrics.MetricsExportContextCustomizerFactory$DisableMetricExportContextCustomizer@62010f5c, org.springframework.boot.test.autoconfigure.properties.PropertyMappingContextCustomizer@0, org.springframework.boot.test.autoconfigure.web.servlet.WebDriverContextCustomizerFactory$Customizer@73cd37c0, org.springframework.boot.test.context.filter.ExcludeFilterContextCustomizer@5a2d131d, org.springframework.boot.test.json.DuplicateJsonObjectContextCustomizerFactory$DuplicateJsonObjectContextCustomizer@1c93f6e1, org.springframework.boot.test.mock.mockito.MockitoContextCustomizer@f6e4aeaa], contextLoader = 'org.springframework.test.context.support.DelegatingSmartContextLoader', parent = [null]]]
23:36:56.743 [Test worker] DEBUG org.springframework.test.context.cache - Spring test ApplicationContext cache statistics: [DefaultContextCache@4afd21c6 size = 2, maxSize = 32, parentContextCount = 0, hitCount = 270, missCount = 2]
23:36:56.743 [Test worker] DEBUG org.springframework.test.context.cache.DefaultCacheAwareContextLoaderDelegate - Retrieved ApplicationContext [1146423186] from cache with key [[MergedContextConfiguration@c35af2a testClass = CategoryManagerTest, locations = '{}', classes = '{class org.waldreg.board.category.management.DefaultCategoryManager, class org.waldreg.util.token.DecryptedTokenContext}', contextInitializerClasses = '[]', activeProfiles = '{}', propertySourceLocations = '{}', propertySourceProperties = '{}', contextCustomizers = set[org.springframework.boot.test.autoconfigure.actuate.metrics.MetricsExportContextCustomizerFactory$DisableMetricExportContextCustomizer@62010f5c, org.springframework.boot.test.autoconfigure.properties.PropertyMappingContextCustomizer@0, org.springframework.boot.test.autoconfigure.web.servlet.WebDriverContextCustomizerFactory$Customizer@73cd37c0, org.springframework.boot.test.context.filter.ExcludeFilterContextCustomizer@5a2d131d, org.springframework.boot.test.json.DuplicateJsonObjectContextCustomizerFactory$DuplicateJsonObjectContextCustomizer@1c93f6e1, org.springframework.boot.test.mock.mockito.MockitoContextCustomizer@f6e4aeaa], contextLoader = 'org.springframework.test.context.support.DelegatingSmartContextLoader', parent = [null]]]
23:36:56.743 [Test worker] DEBUG org.springframework.test.context.cache - Spring test ApplicationContext cache statistics: [DefaultContextCache@4afd21c6 size = 2, maxSize = 32, parentContextCount = 0, hitCount = 271, missCount = 2]
23:36:56.743 [Test worker] DEBUG org.springframework.test.context.cache.DefaultCacheAwareContextLoaderDelegate - Retrieved ApplicationContext [1146423186] from cache with key [[MergedContextConfiguration@c35af2a testClass = CategoryManagerTest, locations = '{}', classes = '{class org.waldreg.board.category.management.DefaultCategoryManager, class org.waldreg.util.token.DecryptedTokenContext}', contextInitializerClasses = '[]', activeProfiles = '{}', propertySourceLocations = '{}', propertySourceProperties = '{}', contextCustomizers = set[org.springframework.boot.test.autoconfigure.actuate.metrics.MetricsExportContextCustomizerFactory$DisableMetricExportContextCustomizer@62010f5c, org.springframework.boot.test.autoconfigure.properties.PropertyMappingContextCustomizer@0, org.springframework.boot.test.autoconfigure.web.servlet.WebDriverContextCustomizerFactory$Customizer@73cd37c0, org.springframework.boot.test.context.filter.ExcludeFilterContextCustomizer@5a2d131d, org.springframework.boot.test.json.DuplicateJsonObjectContextCustomizerFactory$DuplicateJsonObjectContextCustomizer@1c93f6e1, org.springframework.boot.test.mock.mockito.MockitoContextCustomizer@f6e4aeaa], contextLoader = 'org.springframework.test.context.support.DelegatingSmartContextLoader', parent = [null]]]
23:36:56.743 [Test worker] DEBUG org.springframework.test.context.cache - Spring test ApplicationContext cache statistics: [DefaultContextCache@4afd21c6 size = 2, maxSize = 32, parentContextCount = 0, hitCount = 272, missCount = 2]
23:36:56.743 [Test worker] DEBUG org.springframework.test.context.cache.DefaultCacheAwareContextLoaderDelegate - Retrieved ApplicationContext [1146423186] from cache with key [[MergedContextConfiguration@c35af2a testClass = CategoryManagerTest, locations = '{}', classes = '{class org.waldreg.board.category.management.DefaultCategoryManager, class org.waldreg.util.token.DecryptedTokenContext}', contextInitializerClasses = '[]', activeProfiles = '{}', propertySourceLocations = '{}', propertySourceProperties = '{}', contextCustomizers = set[org.springframework.boot.test.autoconfigure.actuate.metrics.MetricsExportContextCustomizerFactory$DisableMetricExportContextCustomizer@62010f5c, org.springframework.boot.test.autoconfigure.properties.PropertyMappingContextCustomizer@0, org.springframework.boot.test.autoconfigure.web.servlet.WebDriverContextCustomizerFactory$Customizer@73cd37c0, org.springframework.boot.test.context.filter.ExcludeFilterContextCustomizer@5a2d131d, org.springframework.boot.test.json.DuplicateJsonObjectContextCustomizerFactory$DuplicateJsonObjectContextCustomizer@1c93f6e1, org.springframework.boot.test.mock.mockito.MockitoContextCustomizer@f6e4aeaa], contextLoader = 'org.springframework.test.context.support.DelegatingSmartContextLoader', parent = [null]]]
23:36:56.743 [Test worker] DEBUG org.springframework.test.context.cache - Spring test ApplicationContext cache statistics: [DefaultContextCache@4afd21c6 size = 2, maxSize = 32, parentContextCount = 0, hitCount = 273, missCount = 2]
23:36:56.743 [Test worker] DEBUG org.springframework.test.context.cache.DefaultCacheAwareContextLoaderDelegate - Retrieved ApplicationContext [1146423186] from cache with key [[MergedContextConfiguration@c35af2a testClass = CategoryManagerTest, locations = '{}', classes = '{class org.waldreg.board.category.management.DefaultCategoryManager, class org.waldreg.util.token.DecryptedTokenContext}', contextInitializerClasses = '[]', activeProfiles = '{}', propertySourceLocations = '{}', propertySourceProperties = '{}', contextCustomizers = set[org.springframework.boot.test.autoconfigure.actuate.metrics.MetricsExportContextCustomizerFactory$DisableMetricExportContextCustomizer@62010f5c, org.springframework.boot.test.autoconfigure.properties.PropertyMappingContextCustomizer@0, org.springframework.boot.test.autoconfigure.web.servlet.WebDriverContextCustomizerFactory$Customizer@73cd37c0, org.springframework.boot.test.context.filter.ExcludeFilterContextCustomizer@5a2d131d, org.springframework.boot.test.json.DuplicateJsonObjectContextCustomizerFactory$DuplicateJsonObjectContextCustomizer@1c93f6e1, org.springframework.boot.test.mock.mockito.MockitoContextCustomizer@f6e4aeaa], contextLoader = 'org.springframework.test.context.support.DelegatingSmartContextLoader', parent = [null]]]
23:36:56.743 [Test worker] DEBUG org.springframework.test.context.cache - Spring test ApplicationContext cache statistics: [DefaultContextCache@4afd21c6 size = 2, maxSize = 32, parentContextCount = 0, hitCount = 274, missCount = 2]
23:36:56.743 [Test worker] DEBUG org.springframework.test.context.cache.DefaultCacheAwareContextLoaderDelegate - Retrieved ApplicationContext [1146423186] from cache with key [[MergedContextConfiguration@c35af2a testClass = CategoryManagerTest, locations = '{}', classes = '{class org.waldreg.board.category.management.DefaultCategoryManager, class org.waldreg.util.token.DecryptedTokenContext}', contextInitializerClasses = '[]', activeProfiles = '{}', propertySourceLocations = '{}', propertySourceProperties = '{}', contextCustomizers = set[org.springframework.boot.test.autoconfigure.actuate.metrics.MetricsExportContextCustomizerFactory$DisableMetricExportContextCustomizer@62010f5c, org.springframework.boot.test.autoconfigure.properties.PropertyMappingContextCustomizer@0, org.springframework.boot.test.autoconfigure.web.servlet.WebDriverContextCustomizerFactory$Customizer@73cd37c0, org.springframework.boot.test.context.filter.ExcludeFilterContextCustomizer@5a2d131d, org.springframework.boot.test.json.DuplicateJsonObjectContextCustomizerFactory$DuplicateJsonObjectContextCustomizer@1c93f6e1, org.springframework.boot.test.mock.mockito.MockitoContextCustomizer@f6e4aeaa], contextLoader = 'org.springframework.test.context.support.DelegatingSmartContextLoader', parent = [null]]]
23:36:56.743 [Test worker] DEBUG org.springframework.test.context.cache - Spring test ApplicationContext cache statistics: [DefaultContextCache@4afd21c6 size = 2, maxSize = 32, parentContextCount = 0, hitCount = 275, missCount = 2]
23:36:56.743 [Test worker] DEBUG org.springframework.test.context.support.AbstractDirtiesContextTestExecutionListener - After test method: context [DefaultTestContext@27df0f3d testClass = CategoryManagerTest, testInstance = org.waldreg.board.category.CategoryManagerTest@7dd611c8, testMethod = DELETE_CATEGORY_SUCCESS_TEST@CategoryManagerTest, testException = [null], mergedContextConfiguration = [MergedContextConfiguration@c35af2a testClass = CategoryManagerTest, locations = '{}', classes = '{class org.waldreg.board.category.management.DefaultCategoryManager, class org.waldreg.util.token.DecryptedTokenContext}', contextInitializerClasses = '[]', activeProfiles = '{}', propertySourceLocations = '{}', propertySourceProperties = '{}', contextCustomizers = set[org.springframework.boot.test.autoconfigure.actuate.metrics.MetricsExportContextCustomizerFactory$DisableMetricExportContextCustomizer@62010f5c, org.springframework.boot.test.autoconfigure.properties.PropertyMappingContextCustomizer@0, org.springframework.boot.test.autoconfigure.web.servlet.WebDriverContextCustomizerFactory$Customizer@73cd37c0, org.springframework.boot.test.context.filter.ExcludeFilterContextCustomizer@5a2d131d, org.springframework.boot.test.json.DuplicateJsonObjectContextCustomizerFactory$DuplicateJsonObjectContextCustomizer@1c93f6e1, org.springframework.boot.test.mock.mockito.MockitoContextCustomizer@f6e4aeaa], contextLoader = 'org.springframework.test.context.support.DelegatingSmartContextLoader', parent = [null]], attributes = map['org.springframework.test.context.event.ApplicationEventsTestExecutionListener.recordApplicationEvents' -> false]], class annotated with @DirtiesContext [false] with mode [null], method annotated with @DirtiesContext [false] with mode [null].
23:36:56.744 [Test worker] DEBUG org.springframework.test.context.cache.DefaultCacheAwareContextLoaderDelegate - Retrieved ApplicationContext [1146423186] from cache with key [[MergedContextConfiguration@c35af2a testClass = CategoryManagerTest, locations = '{}', classes = '{class org.waldreg.board.category.management.DefaultCategoryManager, class org.waldreg.util.token.DecryptedTokenContext}', contextInitializerClasses = '[]', activeProfiles = '{}', propertySourceLocations = '{}', propertySourceProperties = '{}', contextCustomizers = set[org.springframework.boot.test.autoconfigure.actuate.metrics.MetricsExportContextCustomizerFactory$DisableMetricExportContextCustomizer@62010f5c, org.springframework.boot.test.autoconfigure.properties.PropertyMappingContextCustomizer@0, org.springframework.boot.test.autoconfigure.web.servlet.WebDriverContextCustomizerFactory$Customizer@73cd37c0, org.springframework.boot.test.context.filter.ExcludeFilterContextCustomizer@5a2d131d, org.springframework.boot.test.json.DuplicateJsonObjectContextCustomizerFactory$DuplicateJsonObjectContextCustomizer@1c93f6e1, org.springframework.boot.test.mock.mockito.MockitoContextCustomizer@f6e4aeaa], contextLoader = 'org.springframework.test.context.support.DelegatingSmartContextLoader', parent = [null]]]
23:36:56.744 [Test worker] DEBUG org.springframework.test.context.cache - Spring test ApplicationContext cache statistics: [DefaultContextCache@4afd21c6 size = 2, maxSize = 32, parentContextCount = 0, hitCount = 276, missCount = 2]
23:36:56.744 [Test worker] DEBUG org.springframework.test.context.support.DependencyInjectionTestExecutionListener - Performing dependency injection for test context [[DefaultTestContext@27df0f3d testClass = CategoryManagerTest, testInstance = org.waldreg.board.category.CategoryManagerTest@1702830d, testMethod = [null], testException = [null], mergedContextConfiguration = [MergedContextConfiguration@c35af2a testClass = CategoryManagerTest, locations = '{}', classes = '{class org.waldreg.board.category.management.DefaultCategoryManager, class org.waldreg.util.token.DecryptedTokenContext}', contextInitializerClasses = '[]', activeProfiles = '{}', propertySourceLocations = '{}', propertySourceProperties = '{}', contextCustomizers = set[org.springframework.boot.test.autoconfigure.actuate.metrics.MetricsExportContextCustomizerFactory$DisableMetricExportContextCustomizer@62010f5c, org.springframework.boot.test.autoconfigure.properties.PropertyMappingContextCustomizer@0, org.springframework.boot.test.autoconfigure.web.servlet.WebDriverContextCustomizerFactory$Customizer@73cd37c0, org.springframework.boot.test.context.filter.ExcludeFilterContextCustomizer@5a2d131d, org.springframework.boot.test.json.DuplicateJsonObjectContextCustomizerFactory$DuplicateJsonObjectContextCustomizer@1c93f6e1, org.springframework.boot.test.mock.mockito.MockitoContextCustomizer@f6e4aeaa], contextLoader = 'org.springframework.test.context.support.DelegatingSmartContextLoader', parent = [null]], attributes = map['org.springframework.test.context.event.ApplicationEventsTestExecutionListener.recordApplicationEvents' -> false]]].
23:36:56.744 [Test worker] DEBUG org.springframework.test.context.cache.DefaultCacheAwareContextLoaderDelegate - Retrieved ApplicationContext [1146423186] from cache with key [[MergedContextConfiguration@c35af2a testClass = CategoryManagerTest, locations = '{}', classes = '{class org.waldreg.board.category.management.DefaultCategoryManager, class org.waldreg.util.token.DecryptedTokenContext}', contextInitializerClasses = '[]', activeProfiles = '{}', propertySourceLocations = '{}', propertySourceProperties = '{}', contextCustomizers = set[org.springframework.boot.test.autoconfigure.actuate.metrics.MetricsExportContextCustomizerFactory$DisableMetricExportContextCustomizer@62010f5c, org.springframework.boot.test.autoconfigure.properties.PropertyMappingContextCustomizer@0, org.springframework.boot.test.autoconfigure.web.servlet.WebDriverContextCustomizerFactory$Customizer@73cd37c0, org.springframework.boot.test.context.filter.ExcludeFilterContextCustomizer@5a2d131d, org.springframework.boot.test.json.DuplicateJsonObjectContextCustomizerFactory$DuplicateJsonObjectContextCustomizer@1c93f6e1, org.springframework.boot.test.mock.mockito.MockitoContextCustomizer@f6e4aeaa], contextLoader = 'org.springframework.test.context.support.DelegatingSmartContextLoader', parent = [null]]]
23:36:56.744 [Test worker] DEBUG org.springframework.test.context.cache - Spring test ApplicationContext cache statistics: [DefaultContextCache@4afd21c6 size = 2, maxSize = 32, parentContextCount = 0, hitCount = 277, missCount = 2]
23:36:56.744 [Test worker] DEBUG org.springframework.test.context.cache.DefaultCacheAwareContextLoaderDelegate - Retrieved ApplicationContext [1146423186] from cache with key [[MergedContextConfiguration@c35af2a testClass = CategoryManagerTest, locations = '{}', classes = '{class org.waldreg.board.category.management.DefaultCategoryManager, class org.waldreg.util.token.DecryptedTokenContext}', contextInitializerClasses = '[]', activeProfiles = '{}', propertySourceLocations = '{}', propertySourceProperties = '{}', contextCustomizers = set[org.springframework.boot.test.autoconfigure.actuate.metrics.MetricsExportContextCustomizerFactory$DisableMetricExportContextCustomizer@62010f5c, org.springframework.boot.test.autoconfigure.properties.PropertyMappingContextCustomizer@0, org.springframework.boot.test.autoconfigure.web.servlet.WebDriverContextCustomizerFactory$Customizer@73cd37c0, org.springframework.boot.test.context.filter.ExcludeFilterContextCustomizer@5a2d131d, org.springframework.boot.test.json.DuplicateJsonObjectContextCustomizerFactory$DuplicateJsonObjectContextCustomizer@1c93f6e1, org.springframework.boot.test.mock.mockito.MockitoContextCustomizer@f6e4aeaa], contextLoader = 'org.springframework.test.context.support.DelegatingSmartContextLoader', parent = [null]]]
23:36:56.744 [Test worker] DEBUG org.springframework.test.context.cache - Spring test ApplicationContext cache statistics: [DefaultContextCache@4afd21c6 size = 2, maxSize = 32, parentContextCount = 0, hitCount = 278, missCount = 2]
23:36:56.744 [Test worker] DEBUG org.springframework.test.context.support.AbstractDirtiesContextTestExecutionListener - Before test method: context [DefaultTestContext@27df0f3d testClass = CategoryManagerTest, testInstance = org.waldreg.board.category.CategoryManagerTest@1702830d, testMethod = MODIFY_CATEGORY_DOES_NOT_EXIST_CATEGORY_ID_TEST@CategoryManagerTest, testException = [null], mergedContextConfiguration = [MergedContextConfiguration@c35af2a testClass = CategoryManagerTest, locations = '{}', classes = '{class org.waldreg.board.category.management.DefaultCategoryManager, class org.waldreg.util.token.DecryptedTokenContext}', contextInitializerClasses = '[]', activeProfiles = '{}', propertySourceLocations = '{}', propertySourceProperties = '{}', contextCustomizers = set[org.springframework.boot.test.autoconfigure.actuate.metrics.MetricsExportContextCustomizerFactory$DisableMetricExportContextCustomizer@62010f5c, org.springframework.boot.test.autoconfigure.properties.PropertyMappingContextCustomizer@0, org.springframework.boot.test.autoconfigure.web.servlet.WebDriverContextCustomizerFactory$Customizer@73cd37c0, org.springframework.boot.test.context.filter.ExcludeFilterContextCustomizer@5a2d131d, org.springframework.boot.test.json.DuplicateJsonObjectContextCustomizerFactory$DuplicateJsonObjectContextCustomizer@1c93f6e1, org.springframework.boot.test.mock.mockito.MockitoContextCustomizer@f6e4aeaa], contextLoader = 'org.springframework.test.context.support.DelegatingSmartContextLoader', parent = [null]], attributes = map['org.springframework.test.context.event.ApplicationEventsTestExecutionListener.recordApplicationEvents' -> false]], class annotated with @DirtiesContext [false] with mode [null], method annotated with @DirtiesContext [false] with mode [null].
23:36:56.744 [Test worker] DEBUG org.springframework.test.context.cache.DefaultCacheAwareContextLoaderDelegate - Retrieved ApplicationContext [1146423186] from cache with key [[MergedContextConfiguration@c35af2a testClass = CategoryManagerTest, locations = '{}', classes = '{class org.waldreg.board.category.management.DefaultCategoryManager, class org.waldreg.util.token.DecryptedTokenContext}', contextInitializerClasses = '[]', activeProfiles = '{}', propertySourceLocations = '{}', propertySourceProperties = '{}', contextCustomizers = set[org.springframework.boot.test.autoconfigure.actuate.metrics.MetricsExportContextCustomizerFactory$DisableMetricExportContextCustomizer@62010f5c, org.springframework.boot.test.autoconfigure.properties.PropertyMappingContextCustomizer@0, org.springframework.boot.test.autoconfigure.web.servlet.WebDriverContextCustomizerFactory$Customizer@73cd37c0, org.springframework.boot.test.context.filter.ExcludeFilterContextCustomizer@5a2d131d, org.springframework.boot.test.json.DuplicateJsonObjectContextCustomizerFactory$DuplicateJsonObjectContextCustomizer@1c93f6e1, org.springframework.boot.test.mock.mockito.MockitoContextCustomizer@f6e4aeaa], contextLoader = 'org.springframework.test.context.support.DelegatingSmartContextLoader', parent = [null]]]
23:36:56.744 [Test worker] DEBUG org.springframework.test.context.cache - Spring test ApplicationContext cache statistics: [DefaultContextCache@4afd21c6 size = 2, maxSize = 32, parentContextCount = 0, hitCount = 279, missCount = 2]
23:36:56.744 [Test worker] DEBUG org.springframework.test.context.cache.DefaultCacheAwareContextLoaderDelegate - Retrieved ApplicationContext [1146423186] from cache with key [[MergedContextConfiguration@c35af2a testClass = CategoryManagerTest, locations = '{}', classes = '{class org.waldreg.board.category.management.DefaultCategoryManager, class org.waldreg.util.token.DecryptedTokenContext}', contextInitializerClasses = '[]', activeProfiles = '{}', propertySourceLocations = '{}', propertySourceProperties = '{}', contextCustomizers = set[org.springframework.boot.test.autoconfigure.actuate.metrics.MetricsExportContextCustomizerFactory$DisableMetricExportContextCustomizer@62010f5c, org.springframework.boot.test.autoconfigure.properties.PropertyMappingContextCustomizer@0, org.springframework.boot.test.autoconfigure.web.servlet.WebDriverContextCustomizerFactory$Customizer@73cd37c0, org.springframework.boot.test.context.filter.ExcludeFilterContextCustomizer@5a2d131d, org.springframework.boot.test.json.DuplicateJsonObjectContextCustomizerFactory$DuplicateJsonObjectContextCustomizer@1c93f6e1, org.springframework.boot.test.mock.mockito.MockitoContextCustomizer@f6e4aeaa], contextLoader = 'org.springframework.test.context.support.DelegatingSmartContextLoader', parent = [null]]]
23:36:56.744 [Test worker] DEBUG org.springframework.test.context.cache - Spring test ApplicationContext cache statistics: [DefaultContextCache@4afd21c6 size = 2, maxSize = 32, parentContextCount = 0, hitCount = 280, missCount = 2]
23:36:56.745 [Test worker] DEBUG org.springframework.test.context.cache.DefaultCacheAwareContextLoaderDelegate - Retrieved ApplicationContext [1146423186] from cache with key [[MergedContextConfiguration@c35af2a testClass = CategoryManagerTest, locations = '{}', classes = '{class org.waldreg.board.category.management.DefaultCategoryManager, class org.waldreg.util.token.DecryptedTokenContext}', contextInitializerClasses = '[]', activeProfiles = '{}', propertySourceLocations = '{}', propertySourceProperties = '{}', contextCustomizers = set[org.springframework.boot.test.autoconfigure.actuate.metrics.MetricsExportContextCustomizerFactory$DisableMetricExportContextCustomizer@62010f5c, org.springframework.boot.test.autoconfigure.properties.PropertyMappingContextCustomizer@0, org.springframework.boot.test.autoconfigure.web.servlet.WebDriverContextCustomizerFactory$Customizer@73cd37c0, org.springframework.boot.test.context.filter.ExcludeFilterContextCustomizer@5a2d131d, org.springframework.boot.test.json.DuplicateJsonObjectContextCustomizerFactory$DuplicateJsonObjectContextCustomizer@1c93f6e1, org.springframework.boot.test.mock.mockito.MockitoContextCustomizer@f6e4aeaa], contextLoader = 'org.springframework.test.context.support.DelegatingSmartContextLoader', parent = [null]]]
23:36:56.745 [Test worker] DEBUG org.springframework.test.context.cache - Spring test ApplicationContext cache statistics: [DefaultContextCache@4afd21c6 size = 2, maxSize = 32, parentContextCount = 0, hitCount = 281, missCount = 2]
23:36:56.745 [Test worker] DEBUG org.springframework.test.context.cache.DefaultCacheAwareContextLoaderDelegate - Retrieved ApplicationContext [1146423186] from cache with key [[MergedContextConfiguration@c35af2a testClass = CategoryManagerTest, locations = '{}', classes = '{class org.waldreg.board.category.management.DefaultCategoryManager, class org.waldreg.util.token.DecryptedTokenContext}', contextInitializerClasses = '[]', activeProfiles = '{}', propertySourceLocations = '{}', propertySourceProperties = '{}', contextCustomizers = set[org.springframework.boot.test.autoconfigure.actuate.metrics.MetricsExportContextCustomizerFactory$DisableMetricExportContextCustomizer@62010f5c, org.springframework.boot.test.autoconfigure.properties.PropertyMappingContextCustomizer@0, org.springframework.boot.test.autoconfigure.web.servlet.WebDriverContextCustomizerFactory$Customizer@73cd37c0, org.springframework.boot.test.context.filter.ExcludeFilterContextCustomizer@5a2d131d, org.springframework.boot.test.json.DuplicateJsonObjectContextCustomizerFactory$DuplicateJsonObjectContextCustomizer@1c93f6e1, org.springframework.boot.test.mock.mockito.MockitoContextCustomizer@f6e4aeaa], contextLoader = 'org.springframework.test.context.support.DelegatingSmartContextLoader', parent = [null]]]
23:36:56.745 [Test worker] DEBUG org.springframework.test.context.cache - Spring test ApplicationContext cache statistics: [DefaultContextCache@4afd21c6 size = 2, maxSize = 32, parentContextCount = 0, hitCount = 282, missCount = 2]
23:36:56.745 [Test worker] DEBUG org.springframework.test.context.cache.DefaultCacheAwareContextLoaderDelegate - Retrieved ApplicationContext [1146423186] from cache with key [[MergedContextConfiguration@c35af2a testClass = CategoryManagerTest, locations = '{}', classes = '{class org.waldreg.board.category.management.DefaultCategoryManager, class org.waldreg.util.token.DecryptedTokenContext}', contextInitializerClasses = '[]', activeProfiles = '{}', propertySourceLocations = '{}', propertySourceProperties = '{}', contextCustomizers = set[org.springframework.boot.test.autoconfigure.actuate.metrics.MetricsExportContextCustomizerFactory$DisableMetricExportContextCustomizer@62010f5c, org.springframework.boot.test.autoconfigure.properties.PropertyMappingContextCustomizer@0, org.springframework.boot.test.autoconfigure.web.servlet.WebDriverContextCustomizerFactory$Customizer@73cd37c0, org.springframework.boot.test.context.filter.ExcludeFilterContextCustomizer@5a2d131d, org.springframework.boot.test.json.DuplicateJsonObjectContextCustomizerFactory$DuplicateJsonObjectContextCustomizer@1c93f6e1, org.springframework.boot.test.mock.mockito.MockitoContextCustomizer@f6e4aeaa], contextLoader = 'org.springframework.test.context.support.DelegatingSmartContextLoader', parent = [null]]]
23:36:56.745 [Test worker] DEBUG org.springframework.test.context.cache - Spring test ApplicationContext cache statistics: [DefaultContextCache@4afd21c6 size = 2, maxSize = 32, parentContextCount = 0, hitCount = 283, missCount = 2]
23:36:56.745 [Test worker] DEBUG org.springframework.test.context.cache.DefaultCacheAwareContextLoaderDelegate - Retrieved ApplicationContext [1146423186] from cache with key [[MergedContextConfiguration@c35af2a testClass = CategoryManagerTest, locations = '{}', classes = '{class org.waldreg.board.category.management.DefaultCategoryManager, class org.waldreg.util.token.DecryptedTokenContext}', contextInitializerClasses = '[]', activeProfiles = '{}', propertySourceLocations = '{}', propertySourceProperties = '{}', contextCustomizers = set[org.springframework.boot.test.autoconfigure.actuate.metrics.MetricsExportContextCustomizerFactory$DisableMetricExportContextCustomizer@62010f5c, org.springframework.boot.test.autoconfigure.properties.PropertyMappingContextCustomizer@0, org.springframework.boot.test.autoconfigure.web.servlet.WebDriverContextCustomizerFactory$Customizer@73cd37c0, org.springframework.boot.test.context.filter.ExcludeFilterContextCustomizer@5a2d131d, org.springframework.boot.test.json.DuplicateJsonObjectContextCustomizerFactory$DuplicateJsonObjectContextCustomizer@1c93f6e1, org.springframework.boot.test.mock.mockito.MockitoContextCustomizer@f6e4aeaa], contextLoader = 'org.springframework.test.context.support.DelegatingSmartContextLoader', parent = [null]]]
23:36:56.745 [Test worker] DEBUG org.springframework.test.context.cache - Spring test ApplicationContext cache statistics: [DefaultContextCache@4afd21c6 size = 2, maxSize = 32, parentContextCount = 0, hitCount = 284, missCount = 2]
23:36:56.745 [Test worker] DEBUG org.springframework.test.context.cache.DefaultCacheAwareContextLoaderDelegate - Retrieved ApplicationContext [1146423186] from cache with key [[MergedContextConfiguration@c35af2a testClass = CategoryManagerTest, locations = '{}', classes = '{class org.waldreg.board.category.management.DefaultCategoryManager, class org.waldreg.util.token.DecryptedTokenContext}', contextInitializerClasses = '[]', activeProfiles = '{}', propertySourceLocations = '{}', propertySourceProperties = '{}', contextCustomizers = set[org.springframework.boot.test.autoconfigure.actuate.metrics.MetricsExportContextCustomizerFactory$DisableMetricExportContextCustomizer@62010f5c, org.springframework.boot.test.autoconfigure.properties.PropertyMappingContextCustomizer@0, org.springframework.boot.test.autoconfigure.web.servlet.WebDriverContextCustomizerFactory$Customizer@73cd37c0, org.springframework.boot.test.context.filter.ExcludeFilterContextCustomizer@5a2d131d, org.springframework.boot.test.json.DuplicateJsonObjectContextCustomizerFactory$DuplicateJsonObjectContextCustomizer@1c93f6e1, org.springframework.boot.test.mock.mockito.MockitoContextCustomizer@f6e4aeaa], contextLoader = 'org.springframework.test.context.support.DelegatingSmartContextLoader', parent = [null]]]
23:36:56.745 [Test worker] DEBUG org.springframework.test.context.cache - Spring test ApplicationContext cache statistics: [DefaultContextCache@4afd21c6 size = 2, maxSize = 32, parentContextCount = 0, hitCount = 285, missCount = 2]
23:36:56.745 [Test worker] DEBUG org.springframework.test.context.cache.DefaultCacheAwareContextLoaderDelegate - Retrieved ApplicationContext [1146423186] from cache with key [[MergedContextConfiguration@c35af2a testClass = CategoryManagerTest, locations = '{}', classes = '{class org.waldreg.board.category.management.DefaultCategoryManager, class org.waldreg.util.token.DecryptedTokenContext}', contextInitializerClasses = '[]', activeProfiles = '{}', propertySourceLocations = '{}', propertySourceProperties = '{}', contextCustomizers = set[org.springframework.boot.test.autoconfigure.actuate.metrics.MetricsExportContextCustomizerFactory$DisableMetricExportContextCustomizer@62010f5c, org.springframework.boot.test.autoconfigure.properties.PropertyMappingContextCustomizer@0, org.springframework.boot.test.autoconfigure.web.servlet.WebDriverContextCustomizerFactory$Customizer@73cd37c0, org.springframework.boot.test.context.filter.ExcludeFilterContextCustomizer@5a2d131d, org.springframework.boot.test.json.DuplicateJsonObjectContextCustomizerFactory$DuplicateJsonObjectContextCustomizer@1c93f6e1, org.springframework.boot.test.mock.mockito.MockitoContextCustomizer@f6e4aeaa], contextLoader = 'org.springframework.test.context.support.DelegatingSmartContextLoader', parent = [null]]]
23:36:56.745 [Test worker] DEBUG org.springframework.test.context.cache - Spring test ApplicationContext cache statistics: [DefaultContextCache@4afd21c6 size = 2, maxSize = 32, parentContextCount = 0, hitCount = 286, missCount = 2]
23:36:56.745 [Test worker] DEBUG org.springframework.test.context.cache.DefaultCacheAwareContextLoaderDelegate - Retrieved ApplicationContext [1146423186] from cache with key [[MergedContextConfiguration@c35af2a testClass = CategoryManagerTest, locations = '{}', classes = '{class org.waldreg.board.category.management.DefaultCategoryManager, class org.waldreg.util.token.DecryptedTokenContext}', contextInitializerClasses = '[]', activeProfiles = '{}', propertySourceLocations = '{}', propertySourceProperties = '{}', contextCustomizers = set[org.springframework.boot.test.autoconfigure.actuate.metrics.MetricsExportContextCustomizerFactory$DisableMetricExportContextCustomizer@62010f5c, org.springframework.boot.test.autoconfigure.properties.PropertyMappingContextCustomizer@0, org.springframework.boot.test.autoconfigure.web.servlet.WebDriverContextCustomizerFactory$Customizer@73cd37c0, org.springframework.boot.test.context.filter.ExcludeFilterContextCustomizer@5a2d131d, org.springframework.boot.test.json.DuplicateJsonObjectContextCustomizerFactory$DuplicateJsonObjectContextCustomizer@1c93f6e1, org.springframework.boot.test.mock.mockito.MockitoContextCustomizer@f6e4aeaa], contextLoader = 'org.springframework.test.context.support.DelegatingSmartContextLoader', parent = [null]]]
23:36:56.745 [Test worker] DEBUG org.springframework.test.context.cache - Spring test ApplicationContext cache statistics: [DefaultContextCache@4afd21c6 size = 2, maxSize = 32, parentContextCount = 0, hitCount = 287, missCount = 2]
23:36:56.745 [Test worker] DEBUG org.springframework.test.context.support.AbstractDirtiesContextTestExecutionListener - After test method: context [DefaultTestContext@27df0f3d testClass = CategoryManagerTest, testInstance = org.waldreg.board.category.CategoryManagerTest@1702830d, testMethod = MODIFY_CATEGORY_DOES_NOT_EXIST_CATEGORY_ID_TEST@CategoryManagerTest, testException = [null], mergedContextConfiguration = [MergedContextConfiguration@c35af2a testClass = CategoryManagerTest, locations = '{}', classes = '{class org.waldreg.board.category.management.DefaultCategoryManager, class org.waldreg.util.token.DecryptedTokenContext}', contextInitializerClasses = '[]', activeProfiles = '{}', propertySourceLocations = '{}', propertySourceProperties = '{}', contextCustomizers = set[org.springframework.boot.test.autoconfigure.actuate.metrics.MetricsExportContextCustomizerFactory$DisableMetricExportContextCustomizer@62010f5c, org.springframework.boot.test.autoconfigure.properties.PropertyMappingContextCustomizer@0, org.springframework.boot.test.autoconfigure.web.servlet.WebDriverContextCustomizerFactory$Customizer@73cd37c0, org.springframework.boot.test.context.filter.ExcludeFilterContextCustomizer@5a2d131d, org.springframework.boot.test.json.DuplicateJsonObjectContextCustomizerFactory$DuplicateJsonObjectContextCustomizer@1c93f6e1, org.springframework.boot.test.mock.mockito.MockitoContextCustomizer@f6e4aeaa], contextLoader = 'org.springframework.test.context.support.DelegatingSmartContextLoader', parent = [null]], attributes = map['org.springframework.test.context.event.ApplicationEventsTestExecutionListener.recordApplicationEvents' -> false]], class annotated with @DirtiesContext [false] with mode [null], method annotated with @DirtiesContext [false] with mode [null].
23:36:56.746 [Test worker] DEBUG org.springframework.test.context.cache.DefaultCacheAwareContextLoaderDelegate - Retrieved ApplicationContext [1146423186] from cache with key [[MergedContextConfiguration@c35af2a testClass = CategoryManagerTest, locations = '{}', classes = '{class org.waldreg.board.category.management.DefaultCategoryManager, class org.waldreg.util.token.DecryptedTokenContext}', contextInitializerClasses = '[]', activeProfiles = '{}', propertySourceLocations = '{}', propertySourceProperties = '{}', contextCustomizers = set[org.springframework.boot.test.autoconfigure.actuate.metrics.MetricsExportContextCustomizerFactory$DisableMetricExportContextCustomizer@62010f5c, org.springframework.boot.test.autoconfigure.properties.PropertyMappingContextCustomizer@0, org.springframework.boot.test.autoconfigure.web.servlet.WebDriverContextCustomizerFactory$Customizer@73cd37c0, org.springframework.boot.test.context.filter.ExcludeFilterContextCustomizer@5a2d131d, org.springframework.boot.test.json.DuplicateJsonObjectContextCustomizerFactory$DuplicateJsonObjectContextCustomizer@1c93f6e1, org.springframework.boot.test.mock.mockito.MockitoContextCustomizer@f6e4aeaa], contextLoader = 'org.springframework.test.context.support.DelegatingSmartContextLoader', parent = [null]]]
23:36:56.746 [Test worker] DEBUG org.springframework.test.context.cache - Spring test ApplicationContext cache statistics: [DefaultContextCache@4afd21c6 size = 2, maxSize = 32, parentContextCount = 0, hitCount = 288, missCount = 2]
23:36:56.746 [Test worker] DEBUG org.springframework.test.context.support.DependencyInjectionTestExecutionListener - Performing dependency injection for test context [[DefaultTestContext@27df0f3d testClass = CategoryManagerTest, testInstance = org.waldreg.board.category.CategoryManagerTest@278667fd, testMethod = [null], testException = [null], mergedContextConfiguration = [MergedContextConfiguration@c35af2a testClass = CategoryManagerTest, locations = '{}', classes = '{class org.waldreg.board.category.management.DefaultCategoryManager, class org.waldreg.util.token.DecryptedTokenContext}', contextInitializerClasses = '[]', activeProfiles = '{}', propertySourceLocations = '{}', propertySourceProperties = '{}', contextCustomizers = set[org.springframework.boot.test.autoconfigure.actuate.metrics.MetricsExportContextCustomizerFactory$DisableMetricExportContextCustomizer@62010f5c, org.springframework.boot.test.autoconfigure.properties.PropertyMappingContextCustomizer@0, org.springframework.boot.test.autoconfigure.web.servlet.WebDriverContextCustomizerFactory$Customizer@73cd37c0, org.springframework.boot.test.context.filter.ExcludeFilterContextCustomizer@5a2d131d, org.springframework.boot.test.json.DuplicateJsonObjectContextCustomizerFactory$DuplicateJsonObjectContextCustomizer@1c93f6e1, org.springframework.boot.test.mock.mockito.MockitoContextCustomizer@f6e4aeaa], contextLoader = 'org.springframework.test.context.support.DelegatingSmartContextLoader', parent = [null]], attributes = map['org.springframework.test.context.event.ApplicationEventsTestExecutionListener.recordApplicationEvents' -> false]]].
23:36:56.746 [Test worker] DEBUG org.springframework.test.context.cache.DefaultCacheAwareContextLoaderDelegate - Retrieved ApplicationContext [1146423186] from cache with key [[MergedContextConfiguration@c35af2a testClass = CategoryManagerTest, locations = '{}', classes = '{class org.waldreg.board.category.management.DefaultCategoryManager, class org.waldreg.util.token.DecryptedTokenContext}', contextInitializerClasses = '[]', activeProfiles = '{}', propertySourceLocations = '{}', propertySourceProperties = '{}', contextCustomizers = set[org.springframework.boot.test.autoconfigure.actuate.metrics.MetricsExportContextCustomizerFactory$DisableMetricExportContextCustomizer@62010f5c, org.springframework.boot.test.autoconfigure.properties.PropertyMappingContextCustomizer@0, org.springframework.boot.test.autoconfigure.web.servlet.WebDriverContextCustomizerFactory$Customizer@73cd37c0, org.springframework.boot.test.context.filter.ExcludeFilterContextCustomizer@5a2d131d, org.springframework.boot.test.json.DuplicateJsonObjectContextCustomizerFactory$DuplicateJsonObjectContextCustomizer@1c93f6e1, org.springframework.boot.test.mock.mockito.MockitoContextCustomizer@f6e4aeaa], contextLoader = 'org.springframework.test.context.support.DelegatingSmartContextLoader', parent = [null]]]
23:36:56.746 [Test worker] DEBUG org.springframework.test.context.cache - Spring test ApplicationContext cache statistics: [DefaultContextCache@4afd21c6 size = 2, maxSize = 32, parentContextCount = 0, hitCount = 289, missCount = 2]
23:36:56.746 [Test worker] DEBUG org.springframework.test.context.cache.DefaultCacheAwareContextLoaderDelegate - Retrieved ApplicationContext [1146423186] from cache with key [[MergedContextConfiguration@c35af2a testClass = CategoryManagerTest, locations = '{}', classes = '{class org.waldreg.board.category.management.DefaultCategoryManager, class org.waldreg.util.token.DecryptedTokenContext}', contextInitializerClasses = '[]', activeProfiles = '{}', propertySourceLocations = '{}', propertySourceProperties = '{}', contextCustomizers = set[org.springframework.boot.test.autoconfigure.actuate.metrics.MetricsExportContextCustomizerFactory$DisableMetricExportContextCustomizer@62010f5c, org.springframework.boot.test.autoconfigure.properties.PropertyMappingContextCustomizer@0, org.springframework.boot.test.autoconfigure.web.servlet.WebDriverContextCustomizerFactory$Customizer@73cd37c0, org.springframework.boot.test.context.filter.ExcludeFilterContextCustomizer@5a2d131d, org.springframework.boot.test.json.DuplicateJsonObjectContextCustomizerFactory$DuplicateJsonObjectContextCustomizer@1c93f6e1, org.springframework.boot.test.mock.mockito.MockitoContextCustomizer@f6e4aeaa], contextLoader = 'org.springframework.test.context.support.DelegatingSmartContextLoader', parent = [null]]]
23:36:56.746 [Test worker] DEBUG org.springframework.test.context.cache - Spring test ApplicationContext cache statistics: [DefaultContextCache@4afd21c6 size = 2, maxSize = 32, parentContextCount = 0, hitCount = 290, missCount = 2]
23:36:56.746 [Test worker] DEBUG org.springframework.test.context.support.AbstractDirtiesContextTestExecutionListener - Before test method: context [DefaultTestContext@27df0f3d testClass = CategoryManagerTest, testInstance = org.waldreg.board.category.CategoryManagerTest@278667fd, testMethod = DELETE_CATEGORY_DOES_NOT_EXIST_ID_TEST@CategoryManagerTest, testException = [null], mergedContextConfiguration = [MergedContextConfiguration@c35af2a testClass = CategoryManagerTest, locations = '{}', classes = '{class org.waldreg.board.category.management.DefaultCategoryManager, class org.waldreg.util.token.DecryptedTokenContext}', contextInitializerClasses = '[]', activeProfiles = '{}', propertySourceLocations = '{}', propertySourceProperties = '{}', contextCustomizers = set[org.springframework.boot.test.autoconfigure.actuate.metrics.MetricsExportContextCustomizerFactory$DisableMetricExportContextCustomizer@62010f5c, org.springframework.boot.test.autoconfigure.properties.PropertyMappingContextCustomizer@0, org.springframework.boot.test.autoconfigure.web.servlet.WebDriverContextCustomizerFactory$Customizer@73cd37c0, org.springframework.boot.test.context.filter.ExcludeFilterContextCustomizer@5a2d131d, org.springframework.boot.test.json.DuplicateJsonObjectContextCustomizerFactory$DuplicateJsonObjectContextCustomizer@1c93f6e1, org.springframework.boot.test.mock.mockito.MockitoContextCustomizer@f6e4aeaa], contextLoader = 'org.springframework.test.context.support.DelegatingSmartContextLoader', parent = [null]], attributes = map['org.springframework.test.context.event.ApplicationEventsTestExecutionListener.recordApplicationEvents' -> false]], class annotated with @DirtiesContext [false] with mode [null], method annotated with @DirtiesContext [false] with mode [null].
23:36:56.746 [Test worker] DEBUG org.springframework.test.context.cache.DefaultCacheAwareContextLoaderDelegate - Retrieved ApplicationContext [1146423186] from cache with key [[MergedContextConfiguration@c35af2a testClass = CategoryManagerTest, locations = '{}', classes = '{class org.waldreg.board.category.management.DefaultCategoryManager, class org.waldreg.util.token.DecryptedTokenContext}', contextInitializerClasses = '[]', activeProfiles = '{}', propertySourceLocations = '{}', propertySourceProperties = '{}', contextCustomizers = set[org.springframework.boot.test.autoconfigure.actuate.metrics.MetricsExportContextCustomizerFactory$DisableMetricExportContextCustomizer@62010f5c, org.springframework.boot.test.autoconfigure.properties.PropertyMappingContextCustomizer@0, org.springframework.boot.test.autoconfigure.web.servlet.WebDriverContextCustomizerFactory$Customizer@73cd37c0, org.springframework.boot.test.context.filter.ExcludeFilterContextCustomizer@5a2d131d, org.springframework.boot.test.json.DuplicateJsonObjectContextCustomizerFactory$DuplicateJsonObjectContextCustomizer@1c93f6e1, org.springframework.boot.test.mock.mockito.MockitoContextCustomizer@f6e4aeaa], contextLoader = 'org.springframework.test.context.support.DelegatingSmartContextLoader', parent = [null]]]
23:36:56.746 [Test worker] DEBUG org.springframework.test.context.cache - Spring test ApplicationContext cache statistics: [DefaultContextCache@4afd21c6 size = 2, maxSize = 32, parentContextCount = 0, hitCount = 291, missCount = 2]
23:36:56.746 [Test worker] DEBUG org.springframework.test.context.cache.DefaultCacheAwareContextLoaderDelegate - Retrieved ApplicationContext [1146423186] from cache with key [[MergedContextConfiguration@c35af2a testClass = CategoryManagerTest, locations = '{}', classes = '{class org.waldreg.board.category.management.DefaultCategoryManager, class org.waldreg.util.token.DecryptedTokenContext}', contextInitializerClasses = '[]', activeProfiles = '{}', propertySourceLocations = '{}', propertySourceProperties = '{}', contextCustomizers = set[org.springframework.boot.test.autoconfigure.actuate.metrics.MetricsExportContextCustomizerFactory$DisableMetricExportContextCustomizer@62010f5c, org.springframework.boot.test.autoconfigure.properties.PropertyMappingContextCustomizer@0, org.springframework.boot.test.autoconfigure.web.servlet.WebDriverContextCustomizerFactory$Customizer@73cd37c0, org.springframework.boot.test.context.filter.ExcludeFilterContextCustomizer@5a2d131d, org.springframework.boot.test.json.DuplicateJsonObjectContextCustomizerFactory$DuplicateJsonObjectContextCustomizer@1c93f6e1, org.springframework.boot.test.mock.mockito.MockitoContextCustomizer@f6e4aeaa], contextLoader = 'org.springframework.test.context.support.DelegatingSmartContextLoader', parent = [null]]]
23:36:56.746 [Test worker] DEBUG org.springframework.test.context.cache - Spring test ApplicationContext cache statistics: [DefaultContextCache@4afd21c6 size = 2, maxSize = 32, parentContextCount = 0, hitCount = 292, missCount = 2]
23:36:56.746 [Test worker] DEBUG org.springframework.test.context.cache.DefaultCacheAwareContextLoaderDelegate - Retrieved ApplicationContext [1146423186] from cache with key [[MergedContextConfiguration@c35af2a testClass = CategoryManagerTest, locations = '{}', classes = '{class org.waldreg.board.category.management.DefaultCategoryManager, class org.waldreg.util.token.DecryptedTokenContext}', contextInitializerClasses = '[]', activeProfiles = '{}', propertySourceLocations = '{}', propertySourceProperties = '{}', contextCustomizers = set[org.springframework.boot.test.autoconfigure.actuate.metrics.MetricsExportContextCustomizerFactory$DisableMetricExportContextCustomizer@62010f5c, org.springframework.boot.test.autoconfigure.properties.PropertyMappingContextCustomizer@0, org.springframework.boot.test.autoconfigure.web.servlet.WebDriverContextCustomizerFactory$Customizer@73cd37c0, org.springframework.boot.test.context.filter.ExcludeFilterContextCustomizer@5a2d131d, org.springframework.boot.test.json.DuplicateJsonObjectContextCustomizerFactory$DuplicateJsonObjectContextCustomizer@1c93f6e1, org.springframework.boot.test.mock.mockito.MockitoContextCustomizer@f6e4aeaa], contextLoader = 'org.springframework.test.context.support.DelegatingSmartContextLoader', parent = [null]]]
23:36:56.746 [Test worker] DEBUG org.springframework.test.context.cache - Spring test ApplicationContext cache statistics: [DefaultContextCache@4afd21c6 size = 2, maxSize = 32, parentContextCount = 0, hitCount = 293, missCount = 2]
23:36:56.747 [Test worker] DEBUG org.springframework.test.context.cache.DefaultCacheAwareContextLoaderDelegate - Retrieved ApplicationContext [1146423186] from cache with key [[MergedContextConfiguration@c35af2a testClass = CategoryManagerTest, locations = '{}', classes = '{class org.waldreg.board.category.management.DefaultCategoryManager, class org.waldreg.util.token.DecryptedTokenContext}', contextInitializerClasses = '[]', activeProfiles = '{}', propertySourceLocations = '{}', propertySourceProperties = '{}', contextCustomizers = set[org.springframework.boot.test.autoconfigure.actuate.metrics.MetricsExportContextCustomizerFactory$DisableMetricExportContextCustomizer@62010f5c, org.springframework.boot.test.autoconfigure.properties.PropertyMappingContextCustomizer@0, org.springframework.boot.test.autoconfigure.web.servlet.WebDriverContextCustomizerFactory$Customizer@73cd37c0, org.springframework.boot.test.context.filter.ExcludeFilterContextCustomizer@5a2d131d, org.springframework.boot.test.json.DuplicateJsonObjectContextCustomizerFactory$DuplicateJsonObjectContextCustomizer@1c93f6e1, org.springframework.boot.test.mock.mockito.MockitoContextCustomizer@f6e4aeaa], contextLoader = 'org.springframework.test.context.support.DelegatingSmartContextLoader', parent = [null]]]
23:36:56.747 [Test worker] DEBUG org.springframework.test.context.cache - Spring test ApplicationContext cache statistics: [DefaultContextCache@4afd21c6 size = 2, maxSize = 32, parentContextCount = 0, hitCount = 294, missCount = 2]
23:36:56.747 [Test worker] DEBUG org.springframework.test.context.cache.DefaultCacheAwareContextLoaderDelegate - Retrieved ApplicationContext [1146423186] from cache with key [[MergedContextConfiguration@c35af2a testClass = CategoryManagerTest, locations = '{}', classes = '{class org.waldreg.board.category.management.DefaultCategoryManager, class org.waldreg.util.token.DecryptedTokenContext}', contextInitializerClasses = '[]', activeProfiles = '{}', propertySourceLocations = '{}', propertySourceProperties = '{}', contextCustomizers = set[org.springframework.boot.test.autoconfigure.actuate.metrics.MetricsExportContextCustomizerFactory$DisableMetricExportContextCustomizer@62010f5c, org.springframework.boot.test.autoconfigure.properties.PropertyMappingContextCustomizer@0, org.springframework.boot.test.autoconfigure.web.servlet.WebDriverContextCustomizerFactory$Customizer@73cd37c0, org.springframework.boot.test.context.filter.ExcludeFilterContextCustomizer@5a2d131d, org.springframework.boot.test.json.DuplicateJsonObjectContextCustomizerFactory$DuplicateJsonObjectContextCustomizer@1c93f6e1, org.springframework.boot.test.mock.mockito.MockitoContextCustomizer@f6e4aeaa], contextLoader = 'org.springframework.test.context.support.DelegatingSmartContextLoader', parent = [null]]]
23:36:56.747 [Test worker] DEBUG org.springframework.test.context.cache - Spring test ApplicationContext cache statistics: [DefaultContextCache@4afd21c6 size = 2, maxSize = 32, parentContextCount = 0, hitCount = 295, missCount = 2]
23:36:56.747 [Test worker] DEBUG org.springframework.test.context.cache.DefaultCacheAwareContextLoaderDelegate - Retrieved ApplicationContext [1146423186] from cache with key [[MergedContextConfiguration@c35af2a testClass = CategoryManagerTest, locations = '{}', classes = '{class org.waldreg.board.category.management.DefaultCategoryManager, class org.waldreg.util.token.DecryptedTokenContext}', contextInitializerClasses = '[]', activeProfiles = '{}', propertySourceLocations = '{}', propertySourceProperties = '{}', contextCustomizers = set[org.springframework.boot.test.autoconfigure.actuate.metrics.MetricsExportContextCustomizerFactory$DisableMetricExportContextCustomizer@62010f5c, org.springframework.boot.test.autoconfigure.properties.PropertyMappingContextCustomizer@0, org.springframework.boot.test.autoconfigure.web.servlet.WebDriverContextCustomizerFactory$Customizer@73cd37c0, org.springframework.boot.test.context.filter.ExcludeFilterContextCustomizer@5a2d131d, org.springframework.boot.test.json.DuplicateJsonObjectContextCustomizerFactory$DuplicateJsonObjectContextCustomizer@1c93f6e1, org.springframework.boot.test.mock.mockito.MockitoContextCustomizer@f6e4aeaa], contextLoader = 'org.springframework.test.context.support.DelegatingSmartContextLoader', parent = [null]]]
23:36:56.747 [Test worker] DEBUG org.springframework.test.context.cache - Spring test ApplicationContext cache statistics: [DefaultContextCache@4afd21c6 size = 2, maxSize = 32, parentContextCount = 0, hitCount = 296, missCount = 2]
23:36:56.747 [Test worker] DEBUG org.springframework.test.context.cache.DefaultCacheAwareContextLoaderDelegate - Retrieved ApplicationContext [1146423186] from cache with key [[MergedContextConfiguration@c35af2a testClass = CategoryManagerTest, locations = '{}', classes = '{class org.waldreg.board.category.management.DefaultCategoryManager, class org.waldreg.util.token.DecryptedTokenContext}', contextInitializerClasses = '[]', activeProfiles = '{}', propertySourceLocations = '{}', propertySourceProperties = '{}', contextCustomizers = set[org.springframework.boot.test.autoconfigure.actuate.metrics.MetricsExportContextCustomizerFactory$DisableMetricExportContextCustomizer@62010f5c, org.springframework.boot.test.autoconfigure.properties.PropertyMappingContextCustomizer@0, org.springframework.boot.test.autoconfigure.web.servlet.WebDriverContextCustomizerFactory$Customizer@73cd37c0, org.springframework.boot.test.context.filter.ExcludeFilterContextCustomizer@5a2d131d, org.springframework.boot.test.json.DuplicateJsonObjectContextCustomizerFactory$DuplicateJsonObjectContextCustomizer@1c93f6e1, org.springframework.boot.test.mock.mockito.MockitoContextCustomizer@f6e4aeaa], contextLoader = 'org.springframework.test.context.support.DelegatingSmartContextLoader', parent = [null]]]
23:36:56.747 [Test worker] DEBUG org.springframework.test.context.cache - Spring test ApplicationContext cache statistics: [DefaultContextCache@4afd21c6 size = 2, maxSize = 32, parentContextCount = 0, hitCount = 297, missCount = 2]
23:36:56.747 [Test worker] DEBUG org.springframework.test.context.cache.DefaultCacheAwareContextLoaderDelegate - Retrieved ApplicationContext [1146423186] from cache with key [[MergedContextConfiguration@c35af2a testClass = CategoryManagerTest, locations = '{}', classes = '{class org.waldreg.board.category.management.DefaultCategoryManager, class org.waldreg.util.token.DecryptedTokenContext}', contextInitializerClasses = '[]', activeProfiles = '{}', propertySourceLocations = '{}', propertySourceProperties = '{}', contextCustomizers = set[org.springframework.boot.test.autoconfigure.actuate.metrics.MetricsExportContextCustomizerFactory$DisableMetricExportContextCustomizer@62010f5c, org.springframework.boot.test.autoconfigure.properties.PropertyMappingContextCustomizer@0, org.springframework.boot.test.autoconfigure.web.servlet.WebDriverContextCustomizerFactory$Customizer@73cd37c0, org.springframework.boot.test.context.filter.ExcludeFilterContextCustomizer@5a2d131d, org.springframework.boot.test.json.DuplicateJsonObjectContextCustomizerFactory$DuplicateJsonObjectContextCustomizer@1c93f6e1, org.springframework.boot.test.mock.mockito.MockitoContextCustomizer@f6e4aeaa], contextLoader = 'org.springframework.test.context.support.DelegatingSmartContextLoader', parent = [null]]]
23:36:56.747 [Test worker] DEBUG org.springframework.test.context.cache - Spring test ApplicationContext cache statistics: [DefaultContextCache@4afd21c6 size = 2, maxSize = 32, parentContextCount = 0, hitCount = 298, missCount = 2]
23:36:56.747 [Test worker] DEBUG org.springframework.test.context.cache.DefaultCacheAwareContextLoaderDelegate - Retrieved ApplicationContext [1146423186] from cache with key [[MergedContextConfiguration@c35af2a testClass = CategoryManagerTest, locations = '{}', classes = '{class org.waldreg.board.category.management.DefaultCategoryManager, class org.waldreg.util.token.DecryptedTokenContext}', contextInitializerClasses = '[]', activeProfiles = '{}', propertySourceLocations = '{}', propertySourceProperties = '{}', contextCustomizers = set[org.springframework.boot.test.autoconfigure.actuate.metrics.MetricsExportContextCustomizerFactory$DisableMetricExportContextCustomizer@62010f5c, org.springframework.boot.test.autoconfigure.properties.PropertyMappingContextCustomizer@0, org.springframework.boot.test.autoconfigure.web.servlet.WebDriverContextCustomizerFactory$Customizer@73cd37c0, org.springframework.boot.test.context.filter.ExcludeFilterContextCustomizer@5a2d131d, org.springframework.boot.test.json.DuplicateJsonObjectContextCustomizerFactory$DuplicateJsonObjectContextCustomizer@1c93f6e1, org.springframework.boot.test.mock.mockito.MockitoContextCustomizer@f6e4aeaa], contextLoader = 'org.springframework.test.context.support.DelegatingSmartContextLoader', parent = [null]]]
23:36:56.747 [Test worker] DEBUG org.springframework.test.context.cache - Spring test ApplicationContext cache statistics: [DefaultContextCache@4afd21c6 size = 2, maxSize = 32, parentContextCount = 0, hitCount = 299, missCount = 2]
23:36:56.747 [Test worker] DEBUG org.springframework.test.context.support.AbstractDirtiesContextTestExecutionListener - After test method: context [DefaultTestContext@27df0f3d testClass = CategoryManagerTest, testInstance = org.waldreg.board.category.CategoryManagerTest@278667fd, testMethod = DELETE_CATEGORY_DOES_NOT_EXIST_ID_TEST@CategoryManagerTest, testException = [null], mergedContextConfiguration = [MergedContextConfiguration@c35af2a testClass = CategoryManagerTest, locations = '{}', classes = '{class org.waldreg.board.category.management.DefaultCategoryManager, class org.waldreg.util.token.DecryptedTokenContext}', contextInitializerClasses = '[]', activeProfiles = '{}', propertySourceLocations = '{}', propertySourceProperties = '{}', contextCustomizers = set[org.springframework.boot.test.autoconfigure.actuate.metrics.MetricsExportContextCustomizerFactory$DisableMetricExportContextCustomizer@62010f5c, org.springframework.boot.test.autoconfigure.properties.PropertyMappingContextCustomizer@0, org.springframework.boot.test.autoconfigure.web.servlet.WebDriverContextCustomizerFactory$Customizer@73cd37c0, org.springframework.boot.test.context.filter.ExcludeFilterContextCustomizer@5a2d131d, org.springframework.boot.test.json.DuplicateJsonObjectContextCustomizerFactory$DuplicateJsonObjectContextCustomizer@1c93f6e1, org.springframework.boot.test.mock.mockito.MockitoContextCustomizer@f6e4aeaa], contextLoader = 'org.springframework.test.context.support.DelegatingSmartContextLoader', parent = [null]], attributes = map['org.springframework.test.context.event.ApplicationEventsTestExecutionListener.recordApplicationEvents' -> false]], class annotated with @DirtiesContext [false] with mode [null], method annotated with @DirtiesContext [false] with mode [null].
23:36:56.747 [Test worker] DEBUG org.springframework.test.context.cache.DefaultCacheAwareContextLoaderDelegate - Retrieved ApplicationContext [1146423186] from cache with key [[MergedContextConfiguration@c35af2a testClass = CategoryManagerTest, locations = '{}', classes = '{class org.waldreg.board.category.management.DefaultCategoryManager, class org.waldreg.util.token.DecryptedTokenContext}', contextInitializerClasses = '[]', activeProfiles = '{}', propertySourceLocations = '{}', propertySourceProperties = '{}', contextCustomizers = set[org.springframework.boot.test.autoconfigure.actuate.metrics.MetricsExportContextCustomizerFactory$DisableMetricExportContextCustomizer@62010f5c, org.springframework.boot.test.autoconfigure.properties.PropertyMappingContextCustomizer@0, org.springframework.boot.test.autoconfigure.web.servlet.WebDriverContextCustomizerFactory$Customizer@73cd37c0, org.springframework.boot.test.context.filter.ExcludeFilterContextCustomizer@5a2d131d, org.springframework.boot.test.json.DuplicateJsonObjectContextCustomizerFactory$DuplicateJsonObjectContextCustomizer@1c93f6e1, org.springframework.boot.test.mock.mockito.MockitoContextCustomizer@f6e4aeaa], contextLoader = 'org.springframework.test.context.support.DelegatingSmartContextLoader', parent = [null]]]
23:36:56.747 [Test worker] DEBUG org.springframework.test.context.cache - Spring test ApplicationContext cache statistics: [DefaultContextCache@4afd21c6 size = 2, maxSize = 32, parentContextCount = 0, hitCount = 300, missCount = 2]
23:36:56.747 [Test worker] DEBUG org.springframework.test.context.support.DependencyInjectionTestExecutionListener - Performing dependency injection for test context [[DefaultTestContext@27df0f3d testClass = CategoryManagerTest, testInstance = org.waldreg.board.category.CategoryManagerTest@6b52dd31, testMethod = [null], testException = [null], mergedContextConfiguration = [MergedContextConfiguration@c35af2a testClass = CategoryManagerTest, locations = '{}', classes = '{class org.waldreg.board.category.management.DefaultCategoryManager, class org.waldreg.util.token.DecryptedTokenContext}', contextInitializerClasses = '[]', activeProfiles = '{}', propertySourceLocations = '{}', propertySourceProperties = '{}', contextCustomizers = set[org.springframework.boot.test.autoconfigure.actuate.metrics.MetricsExportContextCustomizerFactory$DisableMetricExportContextCustomizer@62010f5c, org.springframework.boot.test.autoconfigure.properties.PropertyMappingContextCustomizer@0, org.springframework.boot.test.autoconfigure.web.servlet.WebDriverContextCustomizerFactory$Customizer@73cd37c0, org.springframework.boot.test.context.filter.ExcludeFilterContextCustomizer@5a2d131d, org.springframework.boot.test.json.DuplicateJsonObjectContextCustomizerFactory$DuplicateJsonObjectContextCustomizer@1c93f6e1, org.springframework.boot.test.mock.mockito.MockitoContextCustomizer@f6e4aeaa], contextLoader = 'org.springframework.test.context.support.DelegatingSmartContextLoader', parent = [null]], attributes = map['org.springframework.test.context.event.ApplicationEventsTestExecutionListener.recordApplicationEvents' -> false]]].
23:36:56.747 [Test worker] DEBUG org.springframework.test.context.cache.DefaultCacheAwareContextLoaderDelegate - Retrieved ApplicationContext [1146423186] from cache with key [[MergedContextConfiguration@c35af2a testClass = CategoryManagerTest, locations = '{}', classes = '{class org.waldreg.board.category.management.DefaultCategoryManager, class org.waldreg.util.token.DecryptedTokenContext}', contextInitializerClasses = '[]', activeProfiles = '{}', propertySourceLocations = '{}', propertySourceProperties = '{}', contextCustomizers = set[org.springframework.boot.test.autoconfigure.actuate.metrics.MetricsExportContextCustomizerFactory$DisableMetricExportContextCustomizer@62010f5c, org.springframework.boot.test.autoconfigure.properties.PropertyMappingContextCustomizer@0, org.springframework.boot.test.autoconfigure.web.servlet.WebDriverContextCustomizerFactory$Customizer@73cd37c0, org.springframework.boot.test.context.filter.ExcludeFilterContextCustomizer@5a2d131d, org.springframework.boot.test.json.DuplicateJsonObjectContextCustomizerFactory$DuplicateJsonObjectContextCustomizer@1c93f6e1, org.springframework.boot.test.mock.mockito.MockitoContextCustomizer@f6e4aeaa], contextLoader = 'org.springframework.test.context.support.DelegatingSmartContextLoader', parent = [null]]]
23:36:56.747 [Test worker] DEBUG org.springframework.test.context.cache - Spring test ApplicationContext cache statistics: [DefaultContextCache@4afd21c6 size = 2, maxSize = 32, parentContextCount = 0, hitCount = 301, missCount = 2]
23:36:56.747 [Test worker] DEBUG org.springframework.test.context.cache.DefaultCacheAwareContextLoaderDelegate - Retrieved ApplicationContext [1146423186] from cache with key [[MergedContextConfiguration@c35af2a testClass = CategoryManagerTest, locations = '{}', classes = '{class org.waldreg.board.category.management.DefaultCategoryManager, class org.waldreg.util.token.DecryptedTokenContext}', contextInitializerClasses = '[]', activeProfiles = '{}', propertySourceLocations = '{}', propertySourceProperties = '{}', contextCustomizers = set[org.springframework.boot.test.autoconfigure.actuate.metrics.MetricsExportContextCustomizerFactory$DisableMetricExportContextCustomizer@62010f5c, org.springframework.boot.test.autoconfigure.properties.PropertyMappingContextCustomizer@0, org.springframework.boot.test.autoconfigure.web.servlet.WebDriverContextCustomizerFactory$Customizer@73cd37c0, org.springframework.boot.test.context.filter.ExcludeFilterContextCustomizer@5a2d131d, org.springframework.boot.test.json.DuplicateJsonObjectContextCustomizerFactory$DuplicateJsonObjectContextCustomizer@1c93f6e1, org.springframework.boot.test.mock.mockito.MockitoContextCustomizer@f6e4aeaa], contextLoader = 'org.springframework.test.context.support.DelegatingSmartContextLoader', parent = [null]]]
23:36:56.747 [Test worker] DEBUG org.springframework.test.context.cache - Spring test ApplicationContext cache statistics: [DefaultContextCache@4afd21c6 size = 2, maxSize = 32, parentContextCount = 0, hitCount = 302, missCount = 2]
23:36:56.748 [Test worker] DEBUG org.springframework.test.context.support.AbstractDirtiesContextTestExecutionListener - Before test method: context [DefaultTestContext@27df0f3d testClass = CategoryManagerTest, testInstance = org.waldreg.board.category.CategoryManagerTest@6b52dd31, testMethod = CREATE_CATEGORY_DUPLICATE_CATEGORY_NAME_TEST@CategoryManagerTest, testException = [null], mergedContextConfiguration = [MergedContextConfiguration@c35af2a testClass = CategoryManagerTest, locations = '{}', classes = '{class org.waldreg.board.category.management.DefaultCategoryManager, class org.waldreg.util.token.DecryptedTokenContext}', contextInitializerClasses = '[]', activeProfiles = '{}', propertySourceLocations = '{}', propertySourceProperties = '{}', contextCustomizers = set[org.springframework.boot.test.autoconfigure.actuate.metrics.MetricsExportContextCustomizerFactory$DisableMetricExportContextCustomizer@62010f5c, org.springframework.boot.test.autoconfigure.properties.PropertyMappingContextCustomizer@0, org.springframework.boot.test.autoconfigure.web.servlet.WebDriverContextCustomizerFactory$Customizer@73cd37c0, org.springframework.boot.test.context.filter.ExcludeFilterContextCustomizer@5a2d131d, org.springframework.boot.test.json.DuplicateJsonObjectContextCustomizerFactory$DuplicateJsonObjectContextCustomizer@1c93f6e1, org.springframework.boot.test.mock.mockito.MockitoContextCustomizer@f6e4aeaa], contextLoader = 'org.springframework.test.context.support.DelegatingSmartContextLoader', parent = [null]], attributes = map['org.springframework.test.context.event.ApplicationEventsTestExecutionListener.recordApplicationEvents' -> false]], class annotated with @DirtiesContext [false] with mode [null], method annotated with @DirtiesContext [false] with mode [null].
23:36:56.748 [Test worker] DEBUG org.springframework.test.context.cache.DefaultCacheAwareContextLoaderDelegate - Retrieved ApplicationContext [1146423186] from cache with key [[MergedContextConfiguration@c35af2a testClass = CategoryManagerTest, locations = '{}', classes = '{class org.waldreg.board.category.management.DefaultCategoryManager, class org.waldreg.util.token.DecryptedTokenContext}', contextInitializerClasses = '[]', activeProfiles = '{}', propertySourceLocations = '{}', propertySourceProperties = '{}', contextCustomizers = set[org.springframework.boot.test.autoconfigure.actuate.metrics.MetricsExportContextCustomizerFactory$DisableMetricExportContextCustomizer@62010f5c, org.springframework.boot.test.autoconfigure.properties.PropertyMappingContextCustomizer@0, org.springframework.boot.test.autoconfigure.web.servlet.WebDriverContextCustomizerFactory$Customizer@73cd37c0, org.springframework.boot.test.context.filter.ExcludeFilterContextCustomizer@5a2d131d, org.springframework.boot.test.json.DuplicateJsonObjectContextCustomizerFactory$DuplicateJsonObjectContextCustomizer@1c93f6e1, org.springframework.boot.test.mock.mockito.MockitoContextCustomizer@f6e4aeaa], contextLoader = 'org.springframework.test.context.support.DelegatingSmartContextLoader', parent = [null]]]
23:36:56.748 [Test worker] DEBUG org.springframework.test.context.cache - Spring test ApplicationContext cache statistics: [DefaultContextCache@4afd21c6 size = 2, maxSize = 32, parentContextCount = 0, hitCount = 303, missCount = 2]
23:36:56.748 [Test worker] DEBUG org.springframework.test.context.cache.DefaultCacheAwareContextLoaderDelegate - Retrieved ApplicationContext [1146423186] from cache with key [[MergedContextConfiguration@c35af2a testClass = CategoryManagerTest, locations = '{}', classes = '{class org.waldreg.board.category.management.DefaultCategoryManager, class org.waldreg.util.token.DecryptedTokenContext}', contextInitializerClasses = '[]', activeProfiles = '{}', propertySourceLocations = '{}', propertySourceProperties = '{}', contextCustomizers = set[org.springframework.boot.test.autoconfigure.actuate.metrics.MetricsExportContextCustomizerFactory$DisableMetricExportContextCustomizer@62010f5c, org.springframework.boot.test.autoconfigure.properties.PropertyMappingContextCustomizer@0, org.springframework.boot.test.autoconfigure.web.servlet.WebDriverContextCustomizerFactory$Customizer@73cd37c0, org.springframework.boot.test.context.filter.ExcludeFilterContextCustomizer@5a2d131d, org.springframework.boot.test.json.DuplicateJsonObjectContextCustomizerFactory$DuplicateJsonObjectContextCustomizer@1c93f6e1, org.springframework.boot.test.mock.mockito.MockitoContextCustomizer@f6e4aeaa], contextLoader = 'org.springframework.test.context.support.DelegatingSmartContextLoader', parent = [null]]]
23:36:56.748 [Test worker] DEBUG org.springframework.test.context.cache - Spring test ApplicationContext cache statistics: [DefaultContextCache@4afd21c6 size = 2, maxSize = 32, parentContextCount = 0, hitCount = 304, missCount = 2]
23:36:56.748 [Test worker] DEBUG org.springframework.test.context.cache.DefaultCacheAwareContextLoaderDelegate - Retrieved ApplicationContext [1146423186] from cache with key [[MergedContextConfiguration@c35af2a testClass = CategoryManagerTest, locations = '{}', classes = '{class org.waldreg.board.category.management.DefaultCategoryManager, class org.waldreg.util.token.DecryptedTokenContext}', contextInitializerClasses = '[]', activeProfiles = '{}', propertySourceLocations = '{}', propertySourceProperties = '{}', contextCustomizers = set[org.springframework.boot.test.autoconfigure.actuate.metrics.MetricsExportContextCustomizerFactory$DisableMetricExportContextCustomizer@62010f5c, org.springframework.boot.test.autoconfigure.properties.PropertyMappingContextCustomizer@0, org.springframework.boot.test.autoconfigure.web.servlet.WebDriverContextCustomizerFactory$Customizer@73cd37c0, org.springframework.boot.test.context.filter.ExcludeFilterContextCustomizer@5a2d131d, org.springframework.boot.test.json.DuplicateJsonObjectContextCustomizerFactory$DuplicateJsonObjectContextCustomizer@1c93f6e1, org.springframework.boot.test.mock.mockito.MockitoContextCustomizer@f6e4aeaa], contextLoader = 'org.springframework.test.context.support.DelegatingSmartContextLoader', parent = [null]]]
23:36:56.748 [Test worker] DEBUG org.springframework.test.context.cache - Spring test ApplicationContext cache statistics: [DefaultContextCache@4afd21c6 size = 2, maxSize = 32, parentContextCount = 0, hitCount = 305, missCount = 2]
23:36:56.748 [Test worker] DEBUG org.springframework.test.context.cache.DefaultCacheAwareContextLoaderDelegate - Retrieved ApplicationContext [1146423186] from cache with key [[MergedContextConfiguration@c35af2a testClass = CategoryManagerTest, locations = '{}', classes = '{class org.waldreg.board.category.management.DefaultCategoryManager, class org.waldreg.util.token.DecryptedTokenContext}', contextInitializerClasses = '[]', activeProfiles = '{}', propertySourceLocations = '{}', propertySourceProperties = '{}', contextCustomizers = set[org.springframework.boot.test.autoconfigure.actuate.metrics.MetricsExportContextCustomizerFactory$DisableMetricExportContextCustomizer@62010f5c, org.springframework.boot.test.autoconfigure.properties.PropertyMappingContextCustomizer@0, org.springframework.boot.test.autoconfigure.web.servlet.WebDriverContextCustomizerFactory$Customizer@73cd37c0, org.springframework.boot.test.context.filter.ExcludeFilterContextCustomizer@5a2d131d, org.springframework.boot.test.json.DuplicateJsonObjectContextCustomizerFactory$DuplicateJsonObjectContextCustomizer@1c93f6e1, org.springframework.boot.test.mock.mockito.MockitoContextCustomizer@f6e4aeaa], contextLoader = 'org.springframework.test.context.support.DelegatingSmartContextLoader', parent = [null]]]
23:36:56.748 [Test worker] DEBUG org.springframework.test.context.cache - Spring test ApplicationContext cache statistics: [DefaultContextCache@4afd21c6 size = 2, maxSize = 32, parentContextCount = 0, hitCount = 306, missCount = 2]
23:36:56.748 [Test worker] DEBUG org.springframework.test.context.cache.DefaultCacheAwareContextLoaderDelegate - Retrieved ApplicationContext [1146423186] from cache with key [[MergedContextConfiguration@c35af2a testClass = CategoryManagerTest, locations = '{}', classes = '{class org.waldreg.board.category.management.DefaultCategoryManager, class org.waldreg.util.token.DecryptedTokenContext}', contextInitializerClasses = '[]', activeProfiles = '{}', propertySourceLocations = '{}', propertySourceProperties = '{}', contextCustomizers = set[org.springframework.boot.test.autoconfigure.actuate.metrics.MetricsExportContextCustomizerFactory$DisableMetricExportContextCustomizer@62010f5c, org.springframework.boot.test.autoconfigure.properties.PropertyMappingContextCustomizer@0, org.springframework.boot.test.autoconfigure.web.servlet.WebDriverContextCustomizerFactory$Customizer@73cd37c0, org.springframework.boot.test.context.filter.ExcludeFilterContextCustomizer@5a2d131d, org.springframework.boot.test.json.DuplicateJsonObjectContextCustomizerFactory$DuplicateJsonObjectContextCustomizer@1c93f6e1, org.springframework.boot.test.mock.mockito.MockitoContextCustomizer@f6e4aeaa], contextLoader = 'org.springframework.test.context.support.DelegatingSmartContextLoader', parent = [null]]]
23:36:56.749 [Test worker] DEBUG org.springframework.test.context.cache - Spring test ApplicationContext cache statistics: [DefaultContextCache@4afd21c6 size = 2, maxSize = 32, parentContextCount = 0, hitCount = 307, missCount = 2]
23:36:56.749 [Test worker] DEBUG org.springframework.test.context.cache.DefaultCacheAwareContextLoaderDelegate - Retrieved ApplicationContext [1146423186] from cache with key [[MergedContextConfiguration@c35af2a testClass = CategoryManagerTest, locations = '{}', classes = '{class org.waldreg.board.category.management.DefaultCategoryManager, class org.waldreg.util.token.DecryptedTokenContext}', contextInitializerClasses = '[]', activeProfiles = '{}', propertySourceLocations = '{}', propertySourceProperties = '{}', contextCustomizers = set[org.springframework.boot.test.autoconfigure.actuate.metrics.MetricsExportContextCustomizerFactory$DisableMetricExportContextCustomizer@62010f5c, org.springframework.boot.test.autoconfigure.properties.PropertyMappingContextCustomizer@0, org.springframework.boot.test.autoconfigure.web.servlet.WebDriverContextCustomizerFactory$Customizer@73cd37c0, org.springframework.boot.test.context.filter.ExcludeFilterContextCustomizer@5a2d131d, org.springframework.boot.test.json.DuplicateJsonObjectContextCustomizerFactory$DuplicateJsonObjectContextCustomizer@1c93f6e1, org.springframework.boot.test.mock.mockito.MockitoContextCustomizer@f6e4aeaa], contextLoader = 'org.springframework.test.context.support.DelegatingSmartContextLoader', parent = [null]]]
23:36:56.749 [Test worker] DEBUG org.springframework.test.context.cache - Spring test ApplicationContext cache statistics: [DefaultContextCache@4afd21c6 size = 2, maxSize = 32, parentContextCount = 0, hitCount = 308, missCount = 2]
23:36:56.749 [Test worker] DEBUG org.springframework.test.context.cache.DefaultCacheAwareContextLoaderDelegate - Retrieved ApplicationContext [1146423186] from cache with key [[MergedContextConfiguration@c35af2a testClass = CategoryManagerTest, locations = '{}', classes = '{class org.waldreg.board.category.management.DefaultCategoryManager, class org.waldreg.util.token.DecryptedTokenContext}', contextInitializerClasses = '[]', activeProfiles = '{}', propertySourceLocations = '{}', propertySourceProperties = '{}', contextCustomizers = set[org.springframework.boot.test.autoconfigure.actuate.metrics.MetricsExportContextCustomizerFactory$DisableMetricExportContextCustomizer@62010f5c, org.springframework.boot.test.autoconfigure.properties.PropertyMappingContextCustomizer@0, org.springframework.boot.test.autoconfigure.web.servlet.WebDriverContextCustomizerFactory$Customizer@73cd37c0, org.springframework.boot.test.context.filter.ExcludeFilterContextCustomizer@5a2d131d, org.springframework.boot.test.json.DuplicateJsonObjectContextCustomizerFactory$DuplicateJsonObjectContextCustomizer@1c93f6e1, org.springframework.boot.test.mock.mockito.MockitoContextCustomizer@f6e4aeaa], contextLoader = 'org.springframework.test.context.support.DelegatingSmartContextLoader', parent = [null]]]
23:36:56.749 [Test worker] DEBUG org.springframework.test.context.cache - Spring test ApplicationContext cache statistics: [DefaultContextCache@4afd21c6 size = 2, maxSize = 32, parentContextCount = 0, hitCount = 309, missCount = 2]
23:36:56.749 [Test worker] DEBUG org.springframework.test.context.cache.DefaultCacheAwareContextLoaderDelegate - Retrieved ApplicationContext [1146423186] from cache with key [[MergedContextConfiguration@c35af2a testClass = CategoryManagerTest, locations = '{}', classes = '{class org.waldreg.board.category.management.DefaultCategoryManager, class org.waldreg.util.token.DecryptedTokenContext}', contextInitializerClasses = '[]', activeProfiles = '{}', propertySourceLocations = '{}', propertySourceProperties = '{}', contextCustomizers = set[org.springframework.boot.test.autoconfigure.actuate.metrics.MetricsExportContextCustomizerFactory$DisableMetricExportContextCustomizer@62010f5c, org.springframework.boot.test.autoconfigure.properties.PropertyMappingContextCustomizer@0, org.springframework.boot.test.autoconfigure.web.servlet.WebDriverContextCustomizerFactory$Customizer@73cd37c0, org.springframework.boot.test.context.filter.ExcludeFilterContextCustomizer@5a2d131d, org.springframework.boot.test.json.DuplicateJsonObjectContextCustomizerFactory$DuplicateJsonObjectContextCustomizer@1c93f6e1, org.springframework.boot.test.mock.mockito.MockitoContextCustomizer@f6e4aeaa], contextLoader = 'org.springframework.test.context.support.DelegatingSmartContextLoader', parent = [null]]]
23:36:56.749 [Test worker] DEBUG org.springframework.test.context.cache - Spring test ApplicationContext cache statistics: [DefaultContextCache@4afd21c6 size = 2, maxSize = 32, parentContextCount = 0, hitCount = 310, missCount = 2]
23:36:56.749 [Test worker] DEBUG org.springframework.test.context.cache.DefaultCacheAwareContextLoaderDelegate - Retrieved ApplicationContext [1146423186] from cache with key [[MergedContextConfiguration@c35af2a testClass = CategoryManagerTest, locations = '{}', classes = '{class org.waldreg.board.category.management.DefaultCategoryManager, class org.waldreg.util.token.DecryptedTokenContext}', contextInitializerClasses = '[]', activeProfiles = '{}', propertySourceLocations = '{}', propertySourceProperties = '{}', contextCustomizers = set[org.springframework.boot.test.autoconfigure.actuate.metrics.MetricsExportContextCustomizerFactory$DisableMetricExportContextCustomizer@62010f5c, org.springframework.boot.test.autoconfigure.properties.PropertyMappingContextCustomizer@0, org.springframework.boot.test.autoconfigure.web.servlet.WebDriverContextCustomizerFactory$Customizer@73cd37c0, org.springframework.boot.test.context.filter.ExcludeFilterContextCustomizer@5a2d131d, org.springframework.boot.test.json.DuplicateJsonObjectContextCustomizerFactory$DuplicateJsonObjectContextCustomizer@1c93f6e1, org.springframework.boot.test.mock.mockito.MockitoContextCustomizer@f6e4aeaa], contextLoader = 'org.springframework.test.context.support.DelegatingSmartContextLoader', parent = [null]]]
23:36:56.749 [Test worker] DEBUG org.springframework.test.context.cache - Spring test ApplicationContext cache statistics: [DefaultContextCache@4afd21c6 size = 2, maxSize = 32, parentContextCount = 0, hitCount = 311, missCount = 2]
23:36:56.749 [Test worker] DEBUG org.springframework.test.context.support.AbstractDirtiesContextTestExecutionListener - After test method: context [DefaultTestContext@27df0f3d testClass = CategoryManagerTest, testInstance = org.waldreg.board.category.CategoryManagerTest@6b52dd31, testMethod = CREATE_CATEGORY_DUPLICATE_CATEGORY_NAME_TEST@CategoryManagerTest, testException = [null], mergedContextConfiguration = [MergedContextConfiguration@c35af2a testClass = CategoryManagerTest, locations = '{}', classes = '{class org.waldreg.board.category.management.DefaultCategoryManager, class org.waldreg.util.token.DecryptedTokenContext}', contextInitializerClasses = '[]', activeProfiles = '{}', propertySourceLocations = '{}', propertySourceProperties = '{}', contextCustomizers = set[org.springframework.boot.test.autoconfigure.actuate.metrics.MetricsExportContextCustomizerFactory$DisableMetricExportContextCustomizer@62010f5c, org.springframework.boot.test.autoconfigure.properties.PropertyMappingContextCustomizer@0, org.springframework.boot.test.autoconfigure.web.servlet.WebDriverContextCustomizerFactory$Customizer@73cd37c0, org.springframework.boot.test.context.filter.ExcludeFilterContextCustomizer@5a2d131d, org.springframework.boot.test.json.DuplicateJsonObjectContextCustomizerFactory$DuplicateJsonObjectContextCustomizer@1c93f6e1, org.springframework.boot.test.mock.mockito.MockitoContextCustomizer@f6e4aeaa], contextLoader = 'org.springframework.test.context.support.DelegatingSmartContextLoader', parent = [null]], attributes = map['org.springframework.test.context.event.ApplicationEventsTestExecutionListener.recordApplicationEvents' -> false]], class annotated with @DirtiesContext [false] with mode [null], method annotated with @DirtiesContext [false] with mode [null].
23:36:56.749 [Test worker] DEBUG org.springframework.test.context.cache.DefaultCacheAwareContextLoaderDelegate - Retrieved ApplicationContext [1146423186] from cache with key [[MergedContextConfiguration@c35af2a testClass = CategoryManagerTest, locations = '{}', classes = '{class org.waldreg.board.category.management.DefaultCategoryManager, class org.waldreg.util.token.DecryptedTokenContext}', contextInitializerClasses = '[]', activeProfiles = '{}', propertySourceLocations = '{}', propertySourceProperties = '{}', contextCustomizers = set[org.springframework.boot.test.autoconfigure.actuate.metrics.MetricsExportContextCustomizerFactory$DisableMetricExportContextCustomizer@62010f5c, org.springframework.boot.test.autoconfigure.properties.PropertyMappingContextCustomizer@0, org.springframework.boot.test.autoconfigure.web.servlet.WebDriverContextCustomizerFactory$Customizer@73cd37c0, org.springframework.boot.test.context.filter.ExcludeFilterContextCustomizer@5a2d131d, org.springframework.boot.test.json.DuplicateJsonObjectContextCustomizerFactory$DuplicateJsonObjectContextCustomizer@1c93f6e1, org.springframework.boot.test.mock.mockito.MockitoContextCustomizer@f6e4aeaa], contextLoader = 'org.springframework.test.context.support.DelegatingSmartContextLoader', parent = [null]]]
23:36:56.749 [Test worker] DEBUG org.springframework.test.context.cache - Spring test ApplicationContext cache statistics: [DefaultContextCache@4afd21c6 size = 2, maxSize = 32, parentContextCount = 0, hitCount = 312, missCount = 2]
23:36:56.749 [Test worker] DEBUG org.springframework.test.context.support.AbstractDirtiesContextTestExecutionListener - After test class: context [DefaultTestContext@27df0f3d testClass = CategoryManagerTest, testInstance = [null], testMethod = [null], testException = [null], mergedContextConfiguration = [MergedContextConfiguration@c35af2a testClass = CategoryManagerTest, locations = '{}', classes = '{class org.waldreg.board.category.management.DefaultCategoryManager, class org.waldreg.util.token.DecryptedTokenContext}', contextInitializerClasses = '[]', activeProfiles = '{}', propertySourceLocations = '{}', propertySourceProperties = '{}', contextCustomizers = set[org.springframework.boot.test.autoconfigure.actuate.metrics.MetricsExportContextCustomizerFactory$DisableMetricExportContextCustomizer@62010f5c, org.springframework.boot.test.autoconfigure.properties.PropertyMappingContextCustomizer@0, org.springframework.boot.test.autoconfigure.web.servlet.WebDriverContextCustomizerFactory$Customizer@73cd37c0, org.springframework.boot.test.context.filter.ExcludeFilterContextCustomizer@5a2d131d, org.springframework.boot.test.json.DuplicateJsonObjectContextCustomizerFactory$DuplicateJsonObjectContextCustomizer@1c93f6e1, org.springframework.boot.test.mock.mockito.MockitoContextCustomizer@f6e4aeaa], contextLoader = 'org.springframework.test.context.support.DelegatingSmartContextLoader', parent = [null]], attributes = map['org.springframework.test.context.event.ApplicationEventsTestExecutionListener.recordApplicationEvents' -> false]], class annotated with @DirtiesContext [false] with mode [null].
]]></system-out>
  <system-err><![CDATA[]]></system-err>
</testsuite>
