<?xml version="1.0" encoding="UTF-8"?>
<testsuite name="org.waldreg.board.board.BoardManagerTest" tests="18" skipped="0" failures="0" errors="0" timestamp="2023-06-27T14:36:56" hostname="xb-apple.local" time="0.093">
  <properties/>
  <testcase name="전체 게시글 조회 성공" classname="org.waldreg.board.board.BoardManagerTest" time="0.015"/>
  <testcase name="전체 게시글 조회 실패 - 올바르지 않은 범위" classname="org.waldreg.board.board.BoardManagerTest" time="0.005"/>
  <testcase name="유저아이디으로 게시글 검색 성공" classname="org.waldreg.board.board.BoardManagerTest" time="0.004"/>
  <testcase name="게시글 삭제 성공" classname="org.waldreg.board.board.BoardManagerTest" time="0.003"/>
  <testcase name="보드 생성 성공 테스트" classname="org.waldreg.board.board.BoardManagerTest" time="0.005"/>
  <testcase name="게시글 삭제 실패 - 없는 게시글" classname="org.waldreg.board.board.BoardManagerTest" time="0.003"/>
  <testcase name="제목으로 게시글 검색 성공" classname="org.waldreg.board.board.BoardManagerTest" time="0.002"/>
  <testcase name="아이디로 게시글 조회 성공 테스트" classname="org.waldreg.board.board.BoardManagerTest" time="0.003"/>
  <testcase name="제목으로 검색 실패 - 올바르지 않은 범위" classname="org.waldreg.board.board.BoardManagerTest" time="0.003"/>
  <testcase name="내용으로 게시글 검색 성공" classname="org.waldreg.board.board.BoardManagerTest" time="0.004"/>
  <testcase name="게시글 수정 실패 - 카테고리가 없을 때" classname="org.waldreg.board.board.BoardManagerTest" time="0.002"/>
  <testcase name="아이디로 게시글 조회 실패 테스트" classname="org.waldreg.board.board.BoardManagerTest" time="0.002"/>
  <testcase name="카테고리별 전체 게시글 조회 실패 - 올바르지 않은 범위" classname="org.waldreg.board.board.BoardManagerTest" time="0.002"/>
  <testcase name="카테고리별 전체 게시글 조회 실패 - 조회 하려는 카테고리가 없는 경우" classname="org.waldreg.board.board.BoardManagerTest" time="0.002"/>
  <testcase name="카테고리별 전체 게시글 조회 성공" classname="org.waldreg.board.board.BoardManagerTest" time="0.003"/>
  <testcase name="게시글 수정 성공" classname="org.waldreg.board.board.BoardManagerTest" time="0.006"/>
  <testcase name="내용으로 검색 실패 - 올바르지 않은 범위" classname="org.waldreg.board.board.BoardManagerTest" time="0.004"/>
  <testcase name="유저 아이디로 검색 실패 - 올바르지 않은 범위" classname="org.waldreg.board.board.BoardManagerTest" time="0.003"/>
  <system-out><![CDATA[23:36:56.211 [Test worker] DEBUG org.springframework.test.context.BootstrapUtils - Instantiating CacheAwareContextLoaderDelegate from class [org.springframework.test.context.cache.DefaultCacheAwareContextLoaderDelegate]
23:36:56.215 [Test worker] DEBUG org.springframework.test.context.BootstrapUtils - Instantiating BootstrapContext using constructor [public org.springframework.test.context.support.DefaultBootstrapContext(java.lang.Class,org.springframework.test.context.CacheAwareContextLoaderDelegate)]
23:36:56.224 [Test worker] DEBUG org.springframework.test.context.BootstrapUtils - Instantiating TestContextBootstrapper for test class [org.waldreg.board.board.BoardManagerTest] from class [org.springframework.test.context.support.DefaultTestContextBootstrapper]
23:36:56.232 [Test worker] DEBUG org.springframework.test.context.support.AbstractDelegatingSmartContextLoader - Delegating to AnnotationConfigContextLoader to process context configuration [ContextConfigurationAttributes@59e32960 declaringClass = 'org.waldreg.board.board.BoardManagerTest', classes = '{class org.waldreg.board.board.management.DefaultBoardManager, class org.waldreg.util.token.DecryptedTokenContext}', locations = '{}', inheritLocations = true, initializers = '{}', inheritInitializers = true, name = [null], contextLoaderClass = 'org.springframework.test.context.ContextLoader'].
23:36:56.251 [Test worker] DEBUG org.springframework.test.context.support.ActiveProfilesUtils - Could not find an 'annotation declaring class' for annotation type [org.springframework.test.context.ActiveProfiles] and class [org.waldreg.board.board.BoardManagerTest]
23:36:56.251 [Test worker] DEBUG org.springframework.test.context.support.DefaultTestContextBootstrapper - @TestExecutionListeners is not present for class [org.waldreg.board.board.BoardManagerTest]: using defaults.
23:36:56.252 [Test worker] INFO org.springframework.test.context.support.DefaultTestContextBootstrapper - Loaded default TestExecutionListener class names from location [META-INF/spring.factories]: [org.springframework.boot.test.autoconfigure.restdocs.RestDocsTestExecutionListener, org.springframework.boot.test.autoconfigure.web.client.MockRestServiceServerResetTestExecutionListener, org.springframework.boot.test.autoconfigure.web.servlet.MockMvcPrintOnlyOnFailureTestExecutionListener, org.springframework.boot.test.autoconfigure.web.servlet.WebDriverTestExecutionListener, org.springframework.boot.test.autoconfigure.webservices.client.MockWebServiceServerTestExecutionListener, org.springframework.boot.test.mock.mockito.MockitoTestExecutionListener, org.springframework.boot.test.mock.mockito.ResetMocksTestExecutionListener, org.springframework.test.context.web.ServletTestExecutionListener, org.springframework.test.context.support.DirtiesContextBeforeModesTestExecutionListener, org.springframework.test.context.event.ApplicationEventsTestExecutionListener, org.springframework.test.context.support.DependencyInjectionTestExecutionListener, org.springframework.test.context.support.DirtiesContextTestExecutionListener, org.springframework.test.context.transaction.TransactionalTestExecutionListener, org.springframework.test.context.jdbc.SqlScriptsTestExecutionListener, org.springframework.test.context.event.EventPublishingTestExecutionListener]
23:36:56.256 [Test worker] DEBUG org.springframework.test.context.support.DefaultTestContextBootstrapper - Skipping candidate TestExecutionListener [org.springframework.test.context.transaction.TransactionalTestExecutionListener] due to a missing dependency. Specify custom listener classes or make the default listener classes and their required dependencies available. Offending class: [org/springframework/transaction/interceptor/TransactionAttributeSource]
23:36:56.256 [Test worker] DEBUG org.springframework.test.context.support.DefaultTestContextBootstrapper - Skipping candidate TestExecutionListener [org.springframework.test.context.jdbc.SqlScriptsTestExecutionListener] due to a missing dependency. Specify custom listener classes or make the default listener classes and their required dependencies available. Offending class: [org/springframework/transaction/interceptor/TransactionAttribute]
23:36:56.256 [Test worker] INFO org.springframework.test.context.support.DefaultTestContextBootstrapper - Using TestExecutionListeners: [org.springframework.test.context.web.ServletTestExecutionListener@6e4566f1, org.springframework.test.context.support.DirtiesContextBeforeModesTestExecutionListener@4b6e2263, org.springframework.test.context.event.ApplicationEventsTestExecutionListener@344f4dea, org.springframework.boot.test.mock.mockito.MockitoTestExecutionListener@1b7c473a, org.springframework.test.context.support.DependencyInjectionTestExecutionListener@5e4bd84a, org.springframework.test.context.support.DirtiesContextTestExecutionListener@648c94da, org.springframework.test.context.event.EventPublishingTestExecutionListener@2a62b5bc, org.springframework.boot.test.autoconfigure.restdocs.RestDocsTestExecutionListener@53de625d, org.springframework.boot.test.autoconfigure.web.client.MockRestServiceServerResetTestExecutionListener@535779e4, org.springframework.boot.test.autoconfigure.web.servlet.MockMvcPrintOnlyOnFailureTestExecutionListener@53fd0d10, org.springframework.boot.test.autoconfigure.web.servlet.WebDriverTestExecutionListener@6c0d9d86, org.springframework.boot.test.autoconfigure.webservices.client.MockWebServiceServerTestExecutionListener@4ce1d6d0, org.springframework.boot.test.mock.mockito.ResetMocksTestExecutionListener@24111ef1]
23:36:56.257 [Test worker] DEBUG org.springframework.test.context.support.AbstractDirtiesContextTestExecutionListener - Before test class: context [DefaultTestContext@47f9738 testClass = BoardManagerTest, testInstance = [null], testMethod = [null], testException = [null], mergedContextConfiguration = [MergedContextConfiguration@6155d082 testClass = BoardManagerTest, locations = '{}', classes = '{class org.waldreg.board.board.management.DefaultBoardManager, class org.waldreg.util.token.DecryptedTokenContext}', contextInitializerClasses = '[]', activeProfiles = '{}', propertySourceLocations = '{}', propertySourceProperties = '{}', contextCustomizers = set[org.springframework.boot.test.autoconfigure.actuate.metrics.MetricsExportContextCustomizerFactory$DisableMetricExportContextCustomizer@62010f5c, org.springframework.boot.test.autoconfigure.properties.PropertyMappingContextCustomizer@0, org.springframework.boot.test.autoconfigure.web.servlet.WebDriverContextCustomizerFactory$Customizer@73cd37c0, org.springframework.boot.test.context.filter.ExcludeFilterContextCustomizer@5a2d131d, org.springframework.boot.test.json.DuplicateJsonObjectContextCustomizerFactory$DuplicateJsonObjectContextCustomizer@1c93f6e1, org.springframework.boot.test.mock.mockito.MockitoContextCustomizer@f93658d9], contextLoader = 'org.springframework.test.context.support.DelegatingSmartContextLoader', parent = [null]], attributes = map[[empty]]], class annotated with @DirtiesContext [false] with mode [null].
23:36:56.263 [Test worker] DEBUG org.springframework.test.context.support.AbstractDelegatingSmartContextLoader - Delegating to AnnotationConfigContextLoader to load context from [MergedContextConfiguration@6155d082 testClass = BoardManagerTest, locations = '{}', classes = '{class org.waldreg.board.board.management.DefaultBoardManager, class org.waldreg.util.token.DecryptedTokenContext}', contextInitializerClasses = '[]', activeProfiles = '{}', propertySourceLocations = '{}', propertySourceProperties = '{}', contextCustomizers = set[org.springframework.boot.test.autoconfigure.actuate.metrics.MetricsExportContextCustomizerFactory$DisableMetricExportContextCustomizer@62010f5c, org.springframework.boot.test.autoconfigure.properties.PropertyMappingContextCustomizer@0, org.springframework.boot.test.autoconfigure.web.servlet.WebDriverContextCustomizerFactory$Customizer@73cd37c0, org.springframework.boot.test.context.filter.ExcludeFilterContextCustomizer@5a2d131d, org.springframework.boot.test.json.DuplicateJsonObjectContextCustomizerFactory$DuplicateJsonObjectContextCustomizer@1c93f6e1, org.springframework.boot.test.mock.mockito.MockitoContextCustomizer@f93658d9], contextLoader = 'org.springframework.test.context.support.DelegatingSmartContextLoader', parent = [null]].
23:36:56.264 [Test worker] DEBUG org.springframework.test.context.support.AbstractGenericContextLoader - Loading ApplicationContext for merged context configuration [[MergedContextConfiguration@6155d082 testClass = BoardManagerTest, locations = '{}', classes = '{class org.waldreg.board.board.management.DefaultBoardManager, class org.waldreg.util.token.DecryptedTokenContext}', contextInitializerClasses = '[]', activeProfiles = '{}', propertySourceLocations = '{}', propertySourceProperties = '{}', contextCustomizers = set[org.springframework.boot.test.autoconfigure.actuate.metrics.MetricsExportContextCustomizerFactory$DisableMetricExportContextCustomizer@62010f5c, org.springframework.boot.test.autoconfigure.properties.PropertyMappingContextCustomizer@0, org.springframework.boot.test.autoconfigure.web.servlet.WebDriverContextCustomizerFactory$Customizer@73cd37c0, org.springframework.boot.test.context.filter.ExcludeFilterContextCustomizer@5a2d131d, org.springframework.boot.test.json.DuplicateJsonObjectContextCustomizerFactory$DuplicateJsonObjectContextCustomizer@1c93f6e1, org.springframework.boot.test.mock.mockito.MockitoContextCustomizer@f93658d9], contextLoader = 'org.springframework.test.context.support.DelegatingSmartContextLoader', parent = [null]]].
23:36:56.279 [Test worker] DEBUG org.springframework.core.env.StandardEnvironment - Activating profiles []
23:36:56.279 [Test worker] DEBUG org.springframework.test.context.support.AnnotationConfigContextLoader - Registering component classes: {class org.waldreg.board.board.management.DefaultBoardManager, class org.waldreg.util.token.DecryptedTokenContext}
23:36:56.313 [Test worker] DEBUG org.springframework.context.support.GenericApplicationContext - Refreshing org.springframework.context.support.GenericApplicationContext@76884e4b
23:36:56.320 [Test worker] DEBUG org.springframework.beans.factory.support.DefaultListableBeanFactory - Creating shared instance of singleton bean 'org.springframework.context.annotation.internalConfigurationAnnotationProcessor'
23:36:56.340 [Test worker] DEBUG org.springframework.beans.factory.support.DefaultListableBeanFactory - Creating shared instance of singleton bean 'org.springframework.boot.test.mock.mockito.MockitoPostProcessor'
23:36:56.589 [Test worker] DEBUG org.springframework.beans.factory.support.DefaultListableBeanFactory - Creating shared instance of singleton bean 'org.springframework.context.event.internalEventListenerProcessor'
23:36:56.590 [Test worker] DEBUG org.springframework.beans.factory.support.DefaultListableBeanFactory - Creating shared instance of singleton bean 'org.springframework.context.event.internalEventListenerFactory'
23:36:56.591 [Test worker] DEBUG org.springframework.beans.factory.support.DefaultListableBeanFactory - Creating shared instance of singleton bean 'org.springframework.context.annotation.internalAutowiredAnnotationProcessor'
23:36:56.591 [Test worker] DEBUG org.springframework.beans.factory.support.DefaultListableBeanFactory - Creating shared instance of singleton bean 'org.springframework.context.annotation.internalCommonAnnotationProcessor'
23:36:56.593 [Test worker] DEBUG org.springframework.beans.factory.support.DefaultListableBeanFactory - Creating shared instance of singleton bean 'org.springframework.boot.test.mock.mockito.MockitoPostProcessor$SpyPostProcessor'
23:36:56.597 [Test worker] DEBUG org.springframework.beans.factory.support.DefaultListableBeanFactory - Creating shared instance of singleton bean 'defaultBoardManager'
23:36:56.601 [Test worker] DEBUG org.springframework.beans.factory.support.DefaultListableBeanFactory - Creating shared instance of singleton bean 'decryptedTokenContext'
23:36:56.608 [Test worker] DEBUG org.springframework.beans.factory.support.DefaultListableBeanFactory - Autowiring by type from bean name 'defaultBoardManager' via constructor to bean named 'org.waldreg.board.board.spi.BoardRepository#0'
23:36:56.608 [Test worker] DEBUG org.springframework.beans.factory.support.DefaultListableBeanFactory - Autowiring by type from bean name 'defaultBoardManager' via constructor to bean named 'org.waldreg.board.board.spi.BoardInCategoryRepository#0'
23:36:56.608 [Test worker] DEBUG org.springframework.beans.factory.support.DefaultListableBeanFactory - Autowiring by type from bean name 'defaultBoardManager' via constructor to bean named 'org.waldreg.board.board.spi.BoardUserRepository#0'
23:36:56.608 [Test worker] DEBUG org.springframework.beans.factory.support.DefaultListableBeanFactory - Autowiring by type from bean name 'defaultBoardManager' via constructor to bean named 'org.waldreg.board.board.spi.BoardInCommentRepository#0'
23:36:56.608 [Test worker] DEBUG org.springframework.beans.factory.support.DefaultListableBeanFactory - Autowiring by type from bean name 'defaultBoardManager' via constructor to bean named 'decryptedTokenContext'
23:36:56.608 [Test worker] DEBUG org.springframework.beans.factory.support.DefaultListableBeanFactory - Autowiring by type from bean name 'defaultBoardManager' via constructor to bean named 'org.waldreg.board.board.file.FileInfoGettable#0'
23:36:56.613 [Test worker] DEBUG org.springframework.test.context.cache.DefaultCacheAwareContextLoaderDelegate - Storing ApplicationContext [1988644427] in cache under key [[MergedContextConfiguration@6155d082 testClass = BoardManagerTest, locations = '{}', classes = '{class org.waldreg.board.board.management.DefaultBoardManager, class org.waldreg.util.token.DecryptedTokenContext}', contextInitializerClasses = '[]', activeProfiles = '{}', propertySourceLocations = '{}', propertySourceProperties = '{}', contextCustomizers = set[org.springframework.boot.test.autoconfigure.actuate.metrics.MetricsExportContextCustomizerFactory$DisableMetricExportContextCustomizer@62010f5c, org.springframework.boot.test.autoconfigure.properties.PropertyMappingContextCustomizer@0, org.springframework.boot.test.autoconfigure.web.servlet.WebDriverContextCustomizerFactory$Customizer@73cd37c0, org.springframework.boot.test.context.filter.ExcludeFilterContextCustomizer@5a2d131d, org.springframework.boot.test.json.DuplicateJsonObjectContextCustomizerFactory$DuplicateJsonObjectContextCustomizer@1c93f6e1, org.springframework.boot.test.mock.mockito.MockitoContextCustomizer@f93658d9], contextLoader = 'org.springframework.test.context.support.DelegatingSmartContextLoader', parent = [null]]]
23:36:56.614 [Test worker] DEBUG org.springframework.test.context.cache - Spring test ApplicationContext cache statistics: [DefaultContextCache@4afd21c6 size = 1, maxSize = 32, parentContextCount = 0, hitCount = 0, missCount = 1]
23:36:56.614 [Test worker] DEBUG org.springframework.test.context.support.DependencyInjectionTestExecutionListener - Performing dependency injection for test context [[DefaultTestContext@47f9738 testClass = BoardManagerTest, testInstance = org.waldreg.board.board.BoardManagerTest@572e6fd9, testMethod = [null], testException = [null], mergedContextConfiguration = [MergedContextConfiguration@6155d082 testClass = BoardManagerTest, locations = '{}', classes = '{class org.waldreg.board.board.management.DefaultBoardManager, class org.waldreg.util.token.DecryptedTokenContext}', contextInitializerClasses = '[]', activeProfiles = '{}', propertySourceLocations = '{}', propertySourceProperties = '{}', contextCustomizers = set[org.springframework.boot.test.autoconfigure.actuate.metrics.MetricsExportContextCustomizerFactory$DisableMetricExportContextCustomizer@62010f5c, org.springframework.boot.test.autoconfigure.properties.PropertyMappingContextCustomizer@0, org.springframework.boot.test.autoconfigure.web.servlet.WebDriverContextCustomizerFactory$Customizer@73cd37c0, org.springframework.boot.test.context.filter.ExcludeFilterContextCustomizer@5a2d131d, org.springframework.boot.test.json.DuplicateJsonObjectContextCustomizerFactory$DuplicateJsonObjectContextCustomizer@1c93f6e1, org.springframework.boot.test.mock.mockito.MockitoContextCustomizer@f93658d9], contextLoader = 'org.springframework.test.context.support.DelegatingSmartContextLoader', parent = [null]], attributes = map['org.springframework.test.context.event.ApplicationEventsTestExecutionListener.recordApplicationEvents' -> false]]].
23:36:56.614 [Test worker] DEBUG org.springframework.test.context.cache.DefaultCacheAwareContextLoaderDelegate - Retrieved ApplicationContext [1988644427] from cache with key [[MergedContextConfiguration@6155d082 testClass = BoardManagerTest, locations = '{}', classes = '{class org.waldreg.board.board.management.DefaultBoardManager, class org.waldreg.util.token.DecryptedTokenContext}', contextInitializerClasses = '[]', activeProfiles = '{}', propertySourceLocations = '{}', propertySourceProperties = '{}', contextCustomizers = set[org.springframework.boot.test.autoconfigure.actuate.metrics.MetricsExportContextCustomizerFactory$DisableMetricExportContextCustomizer@62010f5c, org.springframework.boot.test.autoconfigure.properties.PropertyMappingContextCustomizer@0, org.springframework.boot.test.autoconfigure.web.servlet.WebDriverContextCustomizerFactory$Customizer@73cd37c0, org.springframework.boot.test.context.filter.ExcludeFilterContextCustomizer@5a2d131d, org.springframework.boot.test.json.DuplicateJsonObjectContextCustomizerFactory$DuplicateJsonObjectContextCustomizer@1c93f6e1, org.springframework.boot.test.mock.mockito.MockitoContextCustomizer@f93658d9], contextLoader = 'org.springframework.test.context.support.DelegatingSmartContextLoader', parent = [null]]]
23:36:56.614 [Test worker] DEBUG org.springframework.test.context.cache - Spring test ApplicationContext cache statistics: [DefaultContextCache@4afd21c6 size = 1, maxSize = 32, parentContextCount = 0, hitCount = 1, missCount = 1]
23:36:56.617 [Test worker] DEBUG org.springframework.test.context.cache.DefaultCacheAwareContextLoaderDelegate - Retrieved ApplicationContext [1988644427] from cache with key [[MergedContextConfiguration@6155d082 testClass = BoardManagerTest, locations = '{}', classes = '{class org.waldreg.board.board.management.DefaultBoardManager, class org.waldreg.util.token.DecryptedTokenContext}', contextInitializerClasses = '[]', activeProfiles = '{}', propertySourceLocations = '{}', propertySourceProperties = '{}', contextCustomizers = set[org.springframework.boot.test.autoconfigure.actuate.metrics.MetricsExportContextCustomizerFactory$DisableMetricExportContextCustomizer@62010f5c, org.springframework.boot.test.autoconfigure.properties.PropertyMappingContextCustomizer@0, org.springframework.boot.test.autoconfigure.web.servlet.WebDriverContextCustomizerFactory$Customizer@73cd37c0, org.springframework.boot.test.context.filter.ExcludeFilterContextCustomizer@5a2d131d, org.springframework.boot.test.json.DuplicateJsonObjectContextCustomizerFactory$DuplicateJsonObjectContextCustomizer@1c93f6e1, org.springframework.boot.test.mock.mockito.MockitoContextCustomizer@f93658d9], contextLoader = 'org.springframework.test.context.support.DelegatingSmartContextLoader', parent = [null]]]
23:36:56.617 [Test worker] DEBUG org.springframework.test.context.cache - Spring test ApplicationContext cache statistics: [DefaultContextCache@4afd21c6 size = 1, maxSize = 32, parentContextCount = 0, hitCount = 2, missCount = 1]
23:36:56.619 [Test worker] DEBUG org.springframework.test.context.support.AbstractDirtiesContextTestExecutionListener - Before test method: context [DefaultTestContext@47f9738 testClass = BoardManagerTest, testInstance = org.waldreg.board.board.BoardManagerTest@572e6fd9, testMethod = INQUIRY_ALL_BOARD_SUCCESS_TEST@BoardManagerTest, testException = [null], mergedContextConfiguration = [MergedContextConfiguration@6155d082 testClass = BoardManagerTest, locations = '{}', classes = '{class org.waldreg.board.board.management.DefaultBoardManager, class org.waldreg.util.token.DecryptedTokenContext}', contextInitializerClasses = '[]', activeProfiles = '{}', propertySourceLocations = '{}', propertySourceProperties = '{}', contextCustomizers = set[org.springframework.boot.test.autoconfigure.actuate.metrics.MetricsExportContextCustomizerFactory$DisableMetricExportContextCustomizer@62010f5c, org.springframework.boot.test.autoconfigure.properties.PropertyMappingContextCustomizer@0, org.springframework.boot.test.autoconfigure.web.servlet.WebDriverContextCustomizerFactory$Customizer@73cd37c0, org.springframework.boot.test.context.filter.ExcludeFilterContextCustomizer@5a2d131d, org.springframework.boot.test.json.DuplicateJsonObjectContextCustomizerFactory$DuplicateJsonObjectContextCustomizer@1c93f6e1, org.springframework.boot.test.mock.mockito.MockitoContextCustomizer@f93658d9], contextLoader = 'org.springframework.test.context.support.DelegatingSmartContextLoader', parent = [null]], attributes = map['org.springframework.test.context.event.ApplicationEventsTestExecutionListener.recordApplicationEvents' -> false]], class annotated with @DirtiesContext [false] with mode [null], method annotated with @DirtiesContext [false] with mode [null].
23:36:56.619 [Test worker] DEBUG org.springframework.test.context.cache.DefaultCacheAwareContextLoaderDelegate - Retrieved ApplicationContext [1988644427] from cache with key [[MergedContextConfiguration@6155d082 testClass = BoardManagerTest, locations = '{}', classes = '{class org.waldreg.board.board.management.DefaultBoardManager, class org.waldreg.util.token.DecryptedTokenContext}', contextInitializerClasses = '[]', activeProfiles = '{}', propertySourceLocations = '{}', propertySourceProperties = '{}', contextCustomizers = set[org.springframework.boot.test.autoconfigure.actuate.metrics.MetricsExportContextCustomizerFactory$DisableMetricExportContextCustomizer@62010f5c, org.springframework.boot.test.autoconfigure.properties.PropertyMappingContextCustomizer@0, org.springframework.boot.test.autoconfigure.web.servlet.WebDriverContextCustomizerFactory$Customizer@73cd37c0, org.springframework.boot.test.context.filter.ExcludeFilterContextCustomizer@5a2d131d, org.springframework.boot.test.json.DuplicateJsonObjectContextCustomizerFactory$DuplicateJsonObjectContextCustomizer@1c93f6e1, org.springframework.boot.test.mock.mockito.MockitoContextCustomizer@f93658d9], contextLoader = 'org.springframework.test.context.support.DelegatingSmartContextLoader', parent = [null]]]
23:36:56.619 [Test worker] DEBUG org.springframework.test.context.cache - Spring test ApplicationContext cache statistics: [DefaultContextCache@4afd21c6 size = 1, maxSize = 32, parentContextCount = 0, hitCount = 3, missCount = 1]
23:36:56.619 [Test worker] DEBUG org.springframework.test.context.cache.DefaultCacheAwareContextLoaderDelegate - Retrieved ApplicationContext [1988644427] from cache with key [[MergedContextConfiguration@6155d082 testClass = BoardManagerTest, locations = '{}', classes = '{class org.waldreg.board.board.management.DefaultBoardManager, class org.waldreg.util.token.DecryptedTokenContext}', contextInitializerClasses = '[]', activeProfiles = '{}', propertySourceLocations = '{}', propertySourceProperties = '{}', contextCustomizers = set[org.springframework.boot.test.autoconfigure.actuate.metrics.MetricsExportContextCustomizerFactory$DisableMetricExportContextCustomizer@62010f5c, org.springframework.boot.test.autoconfigure.properties.PropertyMappingContextCustomizer@0, org.springframework.boot.test.autoconfigure.web.servlet.WebDriverContextCustomizerFactory$Customizer@73cd37c0, org.springframework.boot.test.context.filter.ExcludeFilterContextCustomizer@5a2d131d, org.springframework.boot.test.json.DuplicateJsonObjectContextCustomizerFactory$DuplicateJsonObjectContextCustomizer@1c93f6e1, org.springframework.boot.test.mock.mockito.MockitoContextCustomizer@f93658d9], contextLoader = 'org.springframework.test.context.support.DelegatingSmartContextLoader', parent = [null]]]
23:36:56.619 [Test worker] DEBUG org.springframework.test.context.cache - Spring test ApplicationContext cache statistics: [DefaultContextCache@4afd21c6 size = 1, maxSize = 32, parentContextCount = 0, hitCount = 4, missCount = 1]
23:36:56.623 [Test worker] DEBUG org.springframework.test.context.cache.DefaultCacheAwareContextLoaderDelegate - Retrieved ApplicationContext [1988644427] from cache with key [[MergedContextConfiguration@6155d082 testClass = BoardManagerTest, locations = '{}', classes = '{class org.waldreg.board.board.management.DefaultBoardManager, class org.waldreg.util.token.DecryptedTokenContext}', contextInitializerClasses = '[]', activeProfiles = '{}', propertySourceLocations = '{}', propertySourceProperties = '{}', contextCustomizers = set[org.springframework.boot.test.autoconfigure.actuate.metrics.MetricsExportContextCustomizerFactory$DisableMetricExportContextCustomizer@62010f5c, org.springframework.boot.test.autoconfigure.properties.PropertyMappingContextCustomizer@0, org.springframework.boot.test.autoconfigure.web.servlet.WebDriverContextCustomizerFactory$Customizer@73cd37c0, org.springframework.boot.test.context.filter.ExcludeFilterContextCustomizer@5a2d131d, org.springframework.boot.test.json.DuplicateJsonObjectContextCustomizerFactory$DuplicateJsonObjectContextCustomizer@1c93f6e1, org.springframework.boot.test.mock.mockito.MockitoContextCustomizer@f93658d9], contextLoader = 'org.springframework.test.context.support.DelegatingSmartContextLoader', parent = [null]]]
23:36:56.623 [Test worker] DEBUG org.springframework.test.context.cache - Spring test ApplicationContext cache statistics: [DefaultContextCache@4afd21c6 size = 1, maxSize = 32, parentContextCount = 0, hitCount = 5, missCount = 1]
23:36:56.629 [Test worker] DEBUG org.springframework.test.context.cache.DefaultCacheAwareContextLoaderDelegate - Retrieved ApplicationContext [1988644427] from cache with key [[MergedContextConfiguration@6155d082 testClass = BoardManagerTest, locations = '{}', classes = '{class org.waldreg.board.board.management.DefaultBoardManager, class org.waldreg.util.token.DecryptedTokenContext}', contextInitializerClasses = '[]', activeProfiles = '{}', propertySourceLocations = '{}', propertySourceProperties = '{}', contextCustomizers = set[org.springframework.boot.test.autoconfigure.actuate.metrics.MetricsExportContextCustomizerFactory$DisableMetricExportContextCustomizer@62010f5c, org.springframework.boot.test.autoconfigure.properties.PropertyMappingContextCustomizer@0, org.springframework.boot.test.autoconfigure.web.servlet.WebDriverContextCustomizerFactory$Customizer@73cd37c0, org.springframework.boot.test.context.filter.ExcludeFilterContextCustomizer@5a2d131d, org.springframework.boot.test.json.DuplicateJsonObjectContextCustomizerFactory$DuplicateJsonObjectContextCustomizer@1c93f6e1, org.springframework.boot.test.mock.mockito.MockitoContextCustomizer@f93658d9], contextLoader = 'org.springframework.test.context.support.DelegatingSmartContextLoader', parent = [null]]]
23:36:56.629 [Test worker] DEBUG org.springframework.test.context.cache - Spring test ApplicationContext cache statistics: [DefaultContextCache@4afd21c6 size = 1, maxSize = 32, parentContextCount = 0, hitCount = 6, missCount = 1]
23:36:56.630 [Test worker] DEBUG org.springframework.test.context.cache.DefaultCacheAwareContextLoaderDelegate - Retrieved ApplicationContext [1988644427] from cache with key [[MergedContextConfiguration@6155d082 testClass = BoardManagerTest, locations = '{}', classes = '{class org.waldreg.board.board.management.DefaultBoardManager, class org.waldreg.util.token.DecryptedTokenContext}', contextInitializerClasses = '[]', activeProfiles = '{}', propertySourceLocations = '{}', propertySourceProperties = '{}', contextCustomizers = set[org.springframework.boot.test.autoconfigure.actuate.metrics.MetricsExportContextCustomizerFactory$DisableMetricExportContextCustomizer@62010f5c, org.springframework.boot.test.autoconfigure.properties.PropertyMappingContextCustomizer@0, org.springframework.boot.test.autoconfigure.web.servlet.WebDriverContextCustomizerFactory$Customizer@73cd37c0, org.springframework.boot.test.context.filter.ExcludeFilterContextCustomizer@5a2d131d, org.springframework.boot.test.json.DuplicateJsonObjectContextCustomizerFactory$DuplicateJsonObjectContextCustomizer@1c93f6e1, org.springframework.boot.test.mock.mockito.MockitoContextCustomizer@f93658d9], contextLoader = 'org.springframework.test.context.support.DelegatingSmartContextLoader', parent = [null]]]
23:36:56.630 [Test worker] DEBUG org.springframework.test.context.cache - Spring test ApplicationContext cache statistics: [DefaultContextCache@4afd21c6 size = 1, maxSize = 32, parentContextCount = 0, hitCount = 7, missCount = 1]
23:36:56.630 [Test worker] DEBUG org.springframework.test.context.cache.DefaultCacheAwareContextLoaderDelegate - Retrieved ApplicationContext [1988644427] from cache with key [[MergedContextConfiguration@6155d082 testClass = BoardManagerTest, locations = '{}', classes = '{class org.waldreg.board.board.management.DefaultBoardManager, class org.waldreg.util.token.DecryptedTokenContext}', contextInitializerClasses = '[]', activeProfiles = '{}', propertySourceLocations = '{}', propertySourceProperties = '{}', contextCustomizers = set[org.springframework.boot.test.autoconfigure.actuate.metrics.MetricsExportContextCustomizerFactory$DisableMetricExportContextCustomizer@62010f5c, org.springframework.boot.test.autoconfigure.properties.PropertyMappingContextCustomizer@0, org.springframework.boot.test.autoconfigure.web.servlet.WebDriverContextCustomizerFactory$Customizer@73cd37c0, org.springframework.boot.test.context.filter.ExcludeFilterContextCustomizer@5a2d131d, org.springframework.boot.test.json.DuplicateJsonObjectContextCustomizerFactory$DuplicateJsonObjectContextCustomizer@1c93f6e1, org.springframework.boot.test.mock.mockito.MockitoContextCustomizer@f93658d9], contextLoader = 'org.springframework.test.context.support.DelegatingSmartContextLoader', parent = [null]]]
23:36:56.630 [Test worker] DEBUG org.springframework.test.context.cache - Spring test ApplicationContext cache statistics: [DefaultContextCache@4afd21c6 size = 1, maxSize = 32, parentContextCount = 0, hitCount = 8, missCount = 1]
23:36:56.630 [Test worker] DEBUG org.springframework.test.context.cache.DefaultCacheAwareContextLoaderDelegate - Retrieved ApplicationContext [1988644427] from cache with key [[MergedContextConfiguration@6155d082 testClass = BoardManagerTest, locations = '{}', classes = '{class org.waldreg.board.board.management.DefaultBoardManager, class org.waldreg.util.token.DecryptedTokenContext}', contextInitializerClasses = '[]', activeProfiles = '{}', propertySourceLocations = '{}', propertySourceProperties = '{}', contextCustomizers = set[org.springframework.boot.test.autoconfigure.actuate.metrics.MetricsExportContextCustomizerFactory$DisableMetricExportContextCustomizer@62010f5c, org.springframework.boot.test.autoconfigure.properties.PropertyMappingContextCustomizer@0, org.springframework.boot.test.autoconfigure.web.servlet.WebDriverContextCustomizerFactory$Customizer@73cd37c0, org.springframework.boot.test.context.filter.ExcludeFilterContextCustomizer@5a2d131d, org.springframework.boot.test.json.DuplicateJsonObjectContextCustomizerFactory$DuplicateJsonObjectContextCustomizer@1c93f6e1, org.springframework.boot.test.mock.mockito.MockitoContextCustomizer@f93658d9], contextLoader = 'org.springframework.test.context.support.DelegatingSmartContextLoader', parent = [null]]]
23:36:56.630 [Test worker] DEBUG org.springframework.test.context.cache - Spring test ApplicationContext cache statistics: [DefaultContextCache@4afd21c6 size = 1, maxSize = 32, parentContextCount = 0, hitCount = 9, missCount = 1]
23:36:56.631 [Test worker] DEBUG org.springframework.test.context.cache.DefaultCacheAwareContextLoaderDelegate - Retrieved ApplicationContext [1988644427] from cache with key [[MergedContextConfiguration@6155d082 testClass = BoardManagerTest, locations = '{}', classes = '{class org.waldreg.board.board.management.DefaultBoardManager, class org.waldreg.util.token.DecryptedTokenContext}', contextInitializerClasses = '[]', activeProfiles = '{}', propertySourceLocations = '{}', propertySourceProperties = '{}', contextCustomizers = set[org.springframework.boot.test.autoconfigure.actuate.metrics.MetricsExportContextCustomizerFactory$DisableMetricExportContextCustomizer@62010f5c, org.springframework.boot.test.autoconfigure.properties.PropertyMappingContextCustomizer@0, org.springframework.boot.test.autoconfigure.web.servlet.WebDriverContextCustomizerFactory$Customizer@73cd37c0, org.springframework.boot.test.context.filter.ExcludeFilterContextCustomizer@5a2d131d, org.springframework.boot.test.json.DuplicateJsonObjectContextCustomizerFactory$DuplicateJsonObjectContextCustomizer@1c93f6e1, org.springframework.boot.test.mock.mockito.MockitoContextCustomizer@f93658d9], contextLoader = 'org.springframework.test.context.support.DelegatingSmartContextLoader', parent = [null]]]
23:36:56.631 [Test worker] DEBUG org.springframework.test.context.cache - Spring test ApplicationContext cache statistics: [DefaultContextCache@4afd21c6 size = 1, maxSize = 32, parentContextCount = 0, hitCount = 10, missCount = 1]
23:36:56.632 [Test worker] DEBUG org.springframework.test.context.cache.DefaultCacheAwareContextLoaderDelegate - Retrieved ApplicationContext [1988644427] from cache with key [[MergedContextConfiguration@6155d082 testClass = BoardManagerTest, locations = '{}', classes = '{class org.waldreg.board.board.management.DefaultBoardManager, class org.waldreg.util.token.DecryptedTokenContext}', contextInitializerClasses = '[]', activeProfiles = '{}', propertySourceLocations = '{}', propertySourceProperties = '{}', contextCustomizers = set[org.springframework.boot.test.autoconfigure.actuate.metrics.MetricsExportContextCustomizerFactory$DisableMetricExportContextCustomizer@62010f5c, org.springframework.boot.test.autoconfigure.properties.PropertyMappingContextCustomizer@0, org.springframework.boot.test.autoconfigure.web.servlet.WebDriverContextCustomizerFactory$Customizer@73cd37c0, org.springframework.boot.test.context.filter.ExcludeFilterContextCustomizer@5a2d131d, org.springframework.boot.test.json.DuplicateJsonObjectContextCustomizerFactory$DuplicateJsonObjectContextCustomizer@1c93f6e1, org.springframework.boot.test.mock.mockito.MockitoContextCustomizer@f93658d9], contextLoader = 'org.springframework.test.context.support.DelegatingSmartContextLoader', parent = [null]]]
23:36:56.632 [Test worker] DEBUG org.springframework.test.context.cache - Spring test ApplicationContext cache statistics: [DefaultContextCache@4afd21c6 size = 1, maxSize = 32, parentContextCount = 0, hitCount = 11, missCount = 1]
23:36:56.632 [Test worker] DEBUG org.springframework.test.context.support.AbstractDirtiesContextTestExecutionListener - After test method: context [DefaultTestContext@47f9738 testClass = BoardManagerTest, testInstance = org.waldreg.board.board.BoardManagerTest@572e6fd9, testMethod = INQUIRY_ALL_BOARD_SUCCESS_TEST@BoardManagerTest, testException = [null], mergedContextConfiguration = [MergedContextConfiguration@6155d082 testClass = BoardManagerTest, locations = '{}', classes = '{class org.waldreg.board.board.management.DefaultBoardManager, class org.waldreg.util.token.DecryptedTokenContext}', contextInitializerClasses = '[]', activeProfiles = '{}', propertySourceLocations = '{}', propertySourceProperties = '{}', contextCustomizers = set[org.springframework.boot.test.autoconfigure.actuate.metrics.MetricsExportContextCustomizerFactory$DisableMetricExportContextCustomizer@62010f5c, org.springframework.boot.test.autoconfigure.properties.PropertyMappingContextCustomizer@0, org.springframework.boot.test.autoconfigure.web.servlet.WebDriverContextCustomizerFactory$Customizer@73cd37c0, org.springframework.boot.test.context.filter.ExcludeFilterContextCustomizer@5a2d131d, org.springframework.boot.test.json.DuplicateJsonObjectContextCustomizerFactory$DuplicateJsonObjectContextCustomizer@1c93f6e1, org.springframework.boot.test.mock.mockito.MockitoContextCustomizer@f93658d9], contextLoader = 'org.springframework.test.context.support.DelegatingSmartContextLoader', parent = [null]], attributes = map['org.springframework.test.context.event.ApplicationEventsTestExecutionListener.recordApplicationEvents' -> false]], class annotated with @DirtiesContext [false] with mode [null], method annotated with @DirtiesContext [false] with mode [null].
23:36:56.636 [Test worker] DEBUG org.springframework.test.context.cache.DefaultCacheAwareContextLoaderDelegate - Retrieved ApplicationContext [1988644427] from cache with key [[MergedContextConfiguration@6155d082 testClass = BoardManagerTest, locations = '{}', classes = '{class org.waldreg.board.board.management.DefaultBoardManager, class org.waldreg.util.token.DecryptedTokenContext}', contextInitializerClasses = '[]', activeProfiles = '{}', propertySourceLocations = '{}', propertySourceProperties = '{}', contextCustomizers = set[org.springframework.boot.test.autoconfigure.actuate.metrics.MetricsExportContextCustomizerFactory$DisableMetricExportContextCustomizer@62010f5c, org.springframework.boot.test.autoconfigure.properties.PropertyMappingContextCustomizer@0, org.springframework.boot.test.autoconfigure.web.servlet.WebDriverContextCustomizerFactory$Customizer@73cd37c0, org.springframework.boot.test.context.filter.ExcludeFilterContextCustomizer@5a2d131d, org.springframework.boot.test.json.DuplicateJsonObjectContextCustomizerFactory$DuplicateJsonObjectContextCustomizer@1c93f6e1, org.springframework.boot.test.mock.mockito.MockitoContextCustomizer@f93658d9], contextLoader = 'org.springframework.test.context.support.DelegatingSmartContextLoader', parent = [null]]]
23:36:56.636 [Test worker] DEBUG org.springframework.test.context.cache - Spring test ApplicationContext cache statistics: [DefaultContextCache@4afd21c6 size = 1, maxSize = 32, parentContextCount = 0, hitCount = 12, missCount = 1]
23:36:56.636 [Test worker] DEBUG org.springframework.test.context.support.DependencyInjectionTestExecutionListener - Performing dependency injection for test context [[DefaultTestContext@47f9738 testClass = BoardManagerTest, testInstance = org.waldreg.board.board.BoardManagerTest@23eff5d1, testMethod = [null], testException = [null], mergedContextConfiguration = [MergedContextConfiguration@6155d082 testClass = BoardManagerTest, locations = '{}', classes = '{class org.waldreg.board.board.management.DefaultBoardManager, class org.waldreg.util.token.DecryptedTokenContext}', contextInitializerClasses = '[]', activeProfiles = '{}', propertySourceLocations = '{}', propertySourceProperties = '{}', contextCustomizers = set[org.springframework.boot.test.autoconfigure.actuate.metrics.MetricsExportContextCustomizerFactory$DisableMetricExportContextCustomizer@62010f5c, org.springframework.boot.test.autoconfigure.properties.PropertyMappingContextCustomizer@0, org.springframework.boot.test.autoconfigure.web.servlet.WebDriverContextCustomizerFactory$Customizer@73cd37c0, org.springframework.boot.test.context.filter.ExcludeFilterContextCustomizer@5a2d131d, org.springframework.boot.test.json.DuplicateJsonObjectContextCustomizerFactory$DuplicateJsonObjectContextCustomizer@1c93f6e1, org.springframework.boot.test.mock.mockito.MockitoContextCustomizer@f93658d9], contextLoader = 'org.springframework.test.context.support.DelegatingSmartContextLoader', parent = [null]], attributes = map['org.springframework.test.context.event.ApplicationEventsTestExecutionListener.recordApplicationEvents' -> false]]].
23:36:56.636 [Test worker] DEBUG org.springframework.test.context.cache.DefaultCacheAwareContextLoaderDelegate - Retrieved ApplicationContext [1988644427] from cache with key [[MergedContextConfiguration@6155d082 testClass = BoardManagerTest, locations = '{}', classes = '{class org.waldreg.board.board.management.DefaultBoardManager, class org.waldreg.util.token.DecryptedTokenContext}', contextInitializerClasses = '[]', activeProfiles = '{}', propertySourceLocations = '{}', propertySourceProperties = '{}', contextCustomizers = set[org.springframework.boot.test.autoconfigure.actuate.metrics.MetricsExportContextCustomizerFactory$DisableMetricExportContextCustomizer@62010f5c, org.springframework.boot.test.autoconfigure.properties.PropertyMappingContextCustomizer@0, org.springframework.boot.test.autoconfigure.web.servlet.WebDriverContextCustomizerFactory$Customizer@73cd37c0, org.springframework.boot.test.context.filter.ExcludeFilterContextCustomizer@5a2d131d, org.springframework.boot.test.json.DuplicateJsonObjectContextCustomizerFactory$DuplicateJsonObjectContextCustomizer@1c93f6e1, org.springframework.boot.test.mock.mockito.MockitoContextCustomizer@f93658d9], contextLoader = 'org.springframework.test.context.support.DelegatingSmartContextLoader', parent = [null]]]
23:36:56.636 [Test worker] DEBUG org.springframework.test.context.cache - Spring test ApplicationContext cache statistics: [DefaultContextCache@4afd21c6 size = 1, maxSize = 32, parentContextCount = 0, hitCount = 13, missCount = 1]
23:36:56.636 [Test worker] DEBUG org.springframework.test.context.cache.DefaultCacheAwareContextLoaderDelegate - Retrieved ApplicationContext [1988644427] from cache with key [[MergedContextConfiguration@6155d082 testClass = BoardManagerTest, locations = '{}', classes = '{class org.waldreg.board.board.management.DefaultBoardManager, class org.waldreg.util.token.DecryptedTokenContext}', contextInitializerClasses = '[]', activeProfiles = '{}', propertySourceLocations = '{}', propertySourceProperties = '{}', contextCustomizers = set[org.springframework.boot.test.autoconfigure.actuate.metrics.MetricsExportContextCustomizerFactory$DisableMetricExportContextCustomizer@62010f5c, org.springframework.boot.test.autoconfigure.properties.PropertyMappingContextCustomizer@0, org.springframework.boot.test.autoconfigure.web.servlet.WebDriverContextCustomizerFactory$Customizer@73cd37c0, org.springframework.boot.test.context.filter.ExcludeFilterContextCustomizer@5a2d131d, org.springframework.boot.test.json.DuplicateJsonObjectContextCustomizerFactory$DuplicateJsonObjectContextCustomizer@1c93f6e1, org.springframework.boot.test.mock.mockito.MockitoContextCustomizer@f93658d9], contextLoader = 'org.springframework.test.context.support.DelegatingSmartContextLoader', parent = [null]]]
23:36:56.636 [Test worker] DEBUG org.springframework.test.context.cache - Spring test ApplicationContext cache statistics: [DefaultContextCache@4afd21c6 size = 1, maxSize = 32, parentContextCount = 0, hitCount = 14, missCount = 1]
23:36:56.637 [Test worker] DEBUG org.springframework.test.context.support.AbstractDirtiesContextTestExecutionListener - Before test method: context [DefaultTestContext@47f9738 testClass = BoardManagerTest, testInstance = org.waldreg.board.board.BoardManagerTest@23eff5d1, testMethod = INQUIRY_ALL_BOARD_INVALID_RANGE_TEST@BoardManagerTest, testException = [null], mergedContextConfiguration = [MergedContextConfiguration@6155d082 testClass = BoardManagerTest, locations = '{}', classes = '{class org.waldreg.board.board.management.DefaultBoardManager, class org.waldreg.util.token.DecryptedTokenContext}', contextInitializerClasses = '[]', activeProfiles = '{}', propertySourceLocations = '{}', propertySourceProperties = '{}', contextCustomizers = set[org.springframework.boot.test.autoconfigure.actuate.metrics.MetricsExportContextCustomizerFactory$DisableMetricExportContextCustomizer@62010f5c, org.springframework.boot.test.autoconfigure.properties.PropertyMappingContextCustomizer@0, org.springframework.boot.test.autoconfigure.web.servlet.WebDriverContextCustomizerFactory$Customizer@73cd37c0, org.springframework.boot.test.context.filter.ExcludeFilterContextCustomizer@5a2d131d, org.springframework.boot.test.json.DuplicateJsonObjectContextCustomizerFactory$DuplicateJsonObjectContextCustomizer@1c93f6e1, org.springframework.boot.test.mock.mockito.MockitoContextCustomizer@f93658d9], contextLoader = 'org.springframework.test.context.support.DelegatingSmartContextLoader', parent = [null]], attributes = map['org.springframework.test.context.event.ApplicationEventsTestExecutionListener.recordApplicationEvents' -> false]], class annotated with @DirtiesContext [false] with mode [null], method annotated with @DirtiesContext [false] with mode [null].
23:36:56.637 [Test worker] DEBUG org.springframework.test.context.cache.DefaultCacheAwareContextLoaderDelegate - Retrieved ApplicationContext [1988644427] from cache with key [[MergedContextConfiguration@6155d082 testClass = BoardManagerTest, locations = '{}', classes = '{class org.waldreg.board.board.management.DefaultBoardManager, class org.waldreg.util.token.DecryptedTokenContext}', contextInitializerClasses = '[]', activeProfiles = '{}', propertySourceLocations = '{}', propertySourceProperties = '{}', contextCustomizers = set[org.springframework.boot.test.autoconfigure.actuate.metrics.MetricsExportContextCustomizerFactory$DisableMetricExportContextCustomizer@62010f5c, org.springframework.boot.test.autoconfigure.properties.PropertyMappingContextCustomizer@0, org.springframework.boot.test.autoconfigure.web.servlet.WebDriverContextCustomizerFactory$Customizer@73cd37c0, org.springframework.boot.test.context.filter.ExcludeFilterContextCustomizer@5a2d131d, org.springframework.boot.test.json.DuplicateJsonObjectContextCustomizerFactory$DuplicateJsonObjectContextCustomizer@1c93f6e1, org.springframework.boot.test.mock.mockito.MockitoContextCustomizer@f93658d9], contextLoader = 'org.springframework.test.context.support.DelegatingSmartContextLoader', parent = [null]]]
23:36:56.637 [Test worker] DEBUG org.springframework.test.context.cache - Spring test ApplicationContext cache statistics: [DefaultContextCache@4afd21c6 size = 1, maxSize = 32, parentContextCount = 0, hitCount = 15, missCount = 1]
23:36:56.637 [Test worker] DEBUG org.springframework.test.context.cache.DefaultCacheAwareContextLoaderDelegate - Retrieved ApplicationContext [1988644427] from cache with key [[MergedContextConfiguration@6155d082 testClass = BoardManagerTest, locations = '{}', classes = '{class org.waldreg.board.board.management.DefaultBoardManager, class org.waldreg.util.token.DecryptedTokenContext}', contextInitializerClasses = '[]', activeProfiles = '{}', propertySourceLocations = '{}', propertySourceProperties = '{}', contextCustomizers = set[org.springframework.boot.test.autoconfigure.actuate.metrics.MetricsExportContextCustomizerFactory$DisableMetricExportContextCustomizer@62010f5c, org.springframework.boot.test.autoconfigure.properties.PropertyMappingContextCustomizer@0, org.springframework.boot.test.autoconfigure.web.servlet.WebDriverContextCustomizerFactory$Customizer@73cd37c0, org.springframework.boot.test.context.filter.ExcludeFilterContextCustomizer@5a2d131d, org.springframework.boot.test.json.DuplicateJsonObjectContextCustomizerFactory$DuplicateJsonObjectContextCustomizer@1c93f6e1, org.springframework.boot.test.mock.mockito.MockitoContextCustomizer@f93658d9], contextLoader = 'org.springframework.test.context.support.DelegatingSmartContextLoader', parent = [null]]]
23:36:56.637 [Test worker] DEBUG org.springframework.test.context.cache - Spring test ApplicationContext cache statistics: [DefaultContextCache@4afd21c6 size = 1, maxSize = 32, parentContextCount = 0, hitCount = 16, missCount = 1]
23:36:56.638 [Test worker] DEBUG org.springframework.test.context.cache.DefaultCacheAwareContextLoaderDelegate - Retrieved ApplicationContext [1988644427] from cache with key [[MergedContextConfiguration@6155d082 testClass = BoardManagerTest, locations = '{}', classes = '{class org.waldreg.board.board.management.DefaultBoardManager, class org.waldreg.util.token.DecryptedTokenContext}', contextInitializerClasses = '[]', activeProfiles = '{}', propertySourceLocations = '{}', propertySourceProperties = '{}', contextCustomizers = set[org.springframework.boot.test.autoconfigure.actuate.metrics.MetricsExportContextCustomizerFactory$DisableMetricExportContextCustomizer@62010f5c, org.springframework.boot.test.autoconfigure.properties.PropertyMappingContextCustomizer@0, org.springframework.boot.test.autoconfigure.web.servlet.WebDriverContextCustomizerFactory$Customizer@73cd37c0, org.springframework.boot.test.context.filter.ExcludeFilterContextCustomizer@5a2d131d, org.springframework.boot.test.json.DuplicateJsonObjectContextCustomizerFactory$DuplicateJsonObjectContextCustomizer@1c93f6e1, org.springframework.boot.test.mock.mockito.MockitoContextCustomizer@f93658d9], contextLoader = 'org.springframework.test.context.support.DelegatingSmartContextLoader', parent = [null]]]
23:36:56.638 [Test worker] DEBUG org.springframework.test.context.cache - Spring test ApplicationContext cache statistics: [DefaultContextCache@4afd21c6 size = 1, maxSize = 32, parentContextCount = 0, hitCount = 17, missCount = 1]
23:36:56.640 [Test worker] DEBUG org.springframework.test.context.cache.DefaultCacheAwareContextLoaderDelegate - Retrieved ApplicationContext [1988644427] from cache with key [[MergedContextConfiguration@6155d082 testClass = BoardManagerTest, locations = '{}', classes = '{class org.waldreg.board.board.management.DefaultBoardManager, class org.waldreg.util.token.DecryptedTokenContext}', contextInitializerClasses = '[]', activeProfiles = '{}', propertySourceLocations = '{}', propertySourceProperties = '{}', contextCustomizers = set[org.springframework.boot.test.autoconfigure.actuate.metrics.MetricsExportContextCustomizerFactory$DisableMetricExportContextCustomizer@62010f5c, org.springframework.boot.test.autoconfigure.properties.PropertyMappingContextCustomizer@0, org.springframework.boot.test.autoconfigure.web.servlet.WebDriverContextCustomizerFactory$Customizer@73cd37c0, org.springframework.boot.test.context.filter.ExcludeFilterContextCustomizer@5a2d131d, org.springframework.boot.test.json.DuplicateJsonObjectContextCustomizerFactory$DuplicateJsonObjectContextCustomizer@1c93f6e1, org.springframework.boot.test.mock.mockito.MockitoContextCustomizer@f93658d9], contextLoader = 'org.springframework.test.context.support.DelegatingSmartContextLoader', parent = [null]]]
23:36:56.640 [Test worker] DEBUG org.springframework.test.context.cache - Spring test ApplicationContext cache statistics: [DefaultContextCache@4afd21c6 size = 1, maxSize = 32, parentContextCount = 0, hitCount = 18, missCount = 1]
23:36:56.640 [Test worker] DEBUG org.springframework.test.context.cache.DefaultCacheAwareContextLoaderDelegate - Retrieved ApplicationContext [1988644427] from cache with key [[MergedContextConfiguration@6155d082 testClass = BoardManagerTest, locations = '{}', classes = '{class org.waldreg.board.board.management.DefaultBoardManager, class org.waldreg.util.token.DecryptedTokenContext}', contextInitializerClasses = '[]', activeProfiles = '{}', propertySourceLocations = '{}', propertySourceProperties = '{}', contextCustomizers = set[org.springframework.boot.test.autoconfigure.actuate.metrics.MetricsExportContextCustomizerFactory$DisableMetricExportContextCustomizer@62010f5c, org.springframework.boot.test.autoconfigure.properties.PropertyMappingContextCustomizer@0, org.springframework.boot.test.autoconfigure.web.servlet.WebDriverContextCustomizerFactory$Customizer@73cd37c0, org.springframework.boot.test.context.filter.ExcludeFilterContextCustomizer@5a2d131d, org.springframework.boot.test.json.DuplicateJsonObjectContextCustomizerFactory$DuplicateJsonObjectContextCustomizer@1c93f6e1, org.springframework.boot.test.mock.mockito.MockitoContextCustomizer@f93658d9], contextLoader = 'org.springframework.test.context.support.DelegatingSmartContextLoader', parent = [null]]]
23:36:56.640 [Test worker] DEBUG org.springframework.test.context.cache - Spring test ApplicationContext cache statistics: [DefaultContextCache@4afd21c6 size = 1, maxSize = 32, parentContextCount = 0, hitCount = 19, missCount = 1]
23:36:56.640 [Test worker] DEBUG org.springframework.test.context.cache.DefaultCacheAwareContextLoaderDelegate - Retrieved ApplicationContext [1988644427] from cache with key [[MergedContextConfiguration@6155d082 testClass = BoardManagerTest, locations = '{}', classes = '{class org.waldreg.board.board.management.DefaultBoardManager, class org.waldreg.util.token.DecryptedTokenContext}', contextInitializerClasses = '[]', activeProfiles = '{}', propertySourceLocations = '{}', propertySourceProperties = '{}', contextCustomizers = set[org.springframework.boot.test.autoconfigure.actuate.metrics.MetricsExportContextCustomizerFactory$DisableMetricExportContextCustomizer@62010f5c, org.springframework.boot.test.autoconfigure.properties.PropertyMappingContextCustomizer@0, org.springframework.boot.test.autoconfigure.web.servlet.WebDriverContextCustomizerFactory$Customizer@73cd37c0, org.springframework.boot.test.context.filter.ExcludeFilterContextCustomizer@5a2d131d, org.springframework.boot.test.json.DuplicateJsonObjectContextCustomizerFactory$DuplicateJsonObjectContextCustomizer@1c93f6e1, org.springframework.boot.test.mock.mockito.MockitoContextCustomizer@f93658d9], contextLoader = 'org.springframework.test.context.support.DelegatingSmartContextLoader', parent = [null]]]
23:36:56.640 [Test worker] DEBUG org.springframework.test.context.cache - Spring test ApplicationContext cache statistics: [DefaultContextCache@4afd21c6 size = 1, maxSize = 32, parentContextCount = 0, hitCount = 20, missCount = 1]
23:36:56.641 [Test worker] DEBUG org.springframework.test.context.cache.DefaultCacheAwareContextLoaderDelegate - Retrieved ApplicationContext [1988644427] from cache with key [[MergedContextConfiguration@6155d082 testClass = BoardManagerTest, locations = '{}', classes = '{class org.waldreg.board.board.management.DefaultBoardManager, class org.waldreg.util.token.DecryptedTokenContext}', contextInitializerClasses = '[]', activeProfiles = '{}', propertySourceLocations = '{}', propertySourceProperties = '{}', contextCustomizers = set[org.springframework.boot.test.autoconfigure.actuate.metrics.MetricsExportContextCustomizerFactory$DisableMetricExportContextCustomizer@62010f5c, org.springframework.boot.test.autoconfigure.properties.PropertyMappingContextCustomizer@0, org.springframework.boot.test.autoconfigure.web.servlet.WebDriverContextCustomizerFactory$Customizer@73cd37c0, org.springframework.boot.test.context.filter.ExcludeFilterContextCustomizer@5a2d131d, org.springframework.boot.test.json.DuplicateJsonObjectContextCustomizerFactory$DuplicateJsonObjectContextCustomizer@1c93f6e1, org.springframework.boot.test.mock.mockito.MockitoContextCustomizer@f93658d9], contextLoader = 'org.springframework.test.context.support.DelegatingSmartContextLoader', parent = [null]]]
23:36:56.641 [Test worker] DEBUG org.springframework.test.context.cache - Spring test ApplicationContext cache statistics: [DefaultContextCache@4afd21c6 size = 1, maxSize = 32, parentContextCount = 0, hitCount = 21, missCount = 1]
23:36:56.641 [Test worker] DEBUG org.springframework.test.context.cache.DefaultCacheAwareContextLoaderDelegate - Retrieved ApplicationContext [1988644427] from cache with key [[MergedContextConfiguration@6155d082 testClass = BoardManagerTest, locations = '{}', classes = '{class org.waldreg.board.board.management.DefaultBoardManager, class org.waldreg.util.token.DecryptedTokenContext}', contextInitializerClasses = '[]', activeProfiles = '{}', propertySourceLocations = '{}', propertySourceProperties = '{}', contextCustomizers = set[org.springframework.boot.test.autoconfigure.actuate.metrics.MetricsExportContextCustomizerFactory$DisableMetricExportContextCustomizer@62010f5c, org.springframework.boot.test.autoconfigure.properties.PropertyMappingContextCustomizer@0, org.springframework.boot.test.autoconfigure.web.servlet.WebDriverContextCustomizerFactory$Customizer@73cd37c0, org.springframework.boot.test.context.filter.ExcludeFilterContextCustomizer@5a2d131d, org.springframework.boot.test.json.DuplicateJsonObjectContextCustomizerFactory$DuplicateJsonObjectContextCustomizer@1c93f6e1, org.springframework.boot.test.mock.mockito.MockitoContextCustomizer@f93658d9], contextLoader = 'org.springframework.test.context.support.DelegatingSmartContextLoader', parent = [null]]]
23:36:56.641 [Test worker] DEBUG org.springframework.test.context.cache - Spring test ApplicationContext cache statistics: [DefaultContextCache@4afd21c6 size = 1, maxSize = 32, parentContextCount = 0, hitCount = 22, missCount = 1]
23:36:56.641 [Test worker] DEBUG org.springframework.test.context.cache.DefaultCacheAwareContextLoaderDelegate - Retrieved ApplicationContext [1988644427] from cache with key [[MergedContextConfiguration@6155d082 testClass = BoardManagerTest, locations = '{}', classes = '{class org.waldreg.board.board.management.DefaultBoardManager, class org.waldreg.util.token.DecryptedTokenContext}', contextInitializerClasses = '[]', activeProfiles = '{}', propertySourceLocations = '{}', propertySourceProperties = '{}', contextCustomizers = set[org.springframework.boot.test.autoconfigure.actuate.metrics.MetricsExportContextCustomizerFactory$DisableMetricExportContextCustomizer@62010f5c, org.springframework.boot.test.autoconfigure.properties.PropertyMappingContextCustomizer@0, org.springframework.boot.test.autoconfigure.web.servlet.WebDriverContextCustomizerFactory$Customizer@73cd37c0, org.springframework.boot.test.context.filter.ExcludeFilterContextCustomizer@5a2d131d, org.springframework.boot.test.json.DuplicateJsonObjectContextCustomizerFactory$DuplicateJsonObjectContextCustomizer@1c93f6e1, org.springframework.boot.test.mock.mockito.MockitoContextCustomizer@f93658d9], contextLoader = 'org.springframework.test.context.support.DelegatingSmartContextLoader', parent = [null]]]
23:36:56.641 [Test worker] DEBUG org.springframework.test.context.cache - Spring test ApplicationContext cache statistics: [DefaultContextCache@4afd21c6 size = 1, maxSize = 32, parentContextCount = 0, hitCount = 23, missCount = 1]
23:36:56.641 [Test worker] DEBUG org.springframework.test.context.support.AbstractDirtiesContextTestExecutionListener - After test method: context [DefaultTestContext@47f9738 testClass = BoardManagerTest, testInstance = org.waldreg.board.board.BoardManagerTest@23eff5d1, testMethod = INQUIRY_ALL_BOARD_INVALID_RANGE_TEST@BoardManagerTest, testException = [null], mergedContextConfiguration = [MergedContextConfiguration@6155d082 testClass = BoardManagerTest, locations = '{}', classes = '{class org.waldreg.board.board.management.DefaultBoardManager, class org.waldreg.util.token.DecryptedTokenContext}', contextInitializerClasses = '[]', activeProfiles = '{}', propertySourceLocations = '{}', propertySourceProperties = '{}', contextCustomizers = set[org.springframework.boot.test.autoconfigure.actuate.metrics.MetricsExportContextCustomizerFactory$DisableMetricExportContextCustomizer@62010f5c, org.springframework.boot.test.autoconfigure.properties.PropertyMappingContextCustomizer@0, org.springframework.boot.test.autoconfigure.web.servlet.WebDriverContextCustomizerFactory$Customizer@73cd37c0, org.springframework.boot.test.context.filter.ExcludeFilterContextCustomizer@5a2d131d, org.springframework.boot.test.json.DuplicateJsonObjectContextCustomizerFactory$DuplicateJsonObjectContextCustomizer@1c93f6e1, org.springframework.boot.test.mock.mockito.MockitoContextCustomizer@f93658d9], contextLoader = 'org.springframework.test.context.support.DelegatingSmartContextLoader', parent = [null]], attributes = map['org.springframework.test.context.event.ApplicationEventsTestExecutionListener.recordApplicationEvents' -> false]], class annotated with @DirtiesContext [false] with mode [null], method annotated with @DirtiesContext [false] with mode [null].
23:36:56.642 [Test worker] DEBUG org.springframework.test.context.cache.DefaultCacheAwareContextLoaderDelegate - Retrieved ApplicationContext [1988644427] from cache with key [[MergedContextConfiguration@6155d082 testClass = BoardManagerTest, locations = '{}', classes = '{class org.waldreg.board.board.management.DefaultBoardManager, class org.waldreg.util.token.DecryptedTokenContext}', contextInitializerClasses = '[]', activeProfiles = '{}', propertySourceLocations = '{}', propertySourceProperties = '{}', contextCustomizers = set[org.springframework.boot.test.autoconfigure.actuate.metrics.MetricsExportContextCustomizerFactory$DisableMetricExportContextCustomizer@62010f5c, org.springframework.boot.test.autoconfigure.properties.PropertyMappingContextCustomizer@0, org.springframework.boot.test.autoconfigure.web.servlet.WebDriverContextCustomizerFactory$Customizer@73cd37c0, org.springframework.boot.test.context.filter.ExcludeFilterContextCustomizer@5a2d131d, org.springframework.boot.test.json.DuplicateJsonObjectContextCustomizerFactory$DuplicateJsonObjectContextCustomizer@1c93f6e1, org.springframework.boot.test.mock.mockito.MockitoContextCustomizer@f93658d9], contextLoader = 'org.springframework.test.context.support.DelegatingSmartContextLoader', parent = [null]]]
23:36:56.642 [Test worker] DEBUG org.springframework.test.context.cache - Spring test ApplicationContext cache statistics: [DefaultContextCache@4afd21c6 size = 1, maxSize = 32, parentContextCount = 0, hitCount = 24, missCount = 1]
23:36:56.642 [Test worker] DEBUG org.springframework.test.context.support.DependencyInjectionTestExecutionListener - Performing dependency injection for test context [[DefaultTestContext@47f9738 testClass = BoardManagerTest, testInstance = org.waldreg.board.board.BoardManagerTest@d8d9199, testMethod = [null], testException = [null], mergedContextConfiguration = [MergedContextConfiguration@6155d082 testClass = BoardManagerTest, locations = '{}', classes = '{class org.waldreg.board.board.management.DefaultBoardManager, class org.waldreg.util.token.DecryptedTokenContext}', contextInitializerClasses = '[]', activeProfiles = '{}', propertySourceLocations = '{}', propertySourceProperties = '{}', contextCustomizers = set[org.springframework.boot.test.autoconfigure.actuate.metrics.MetricsExportContextCustomizerFactory$DisableMetricExportContextCustomizer@62010f5c, org.springframework.boot.test.autoconfigure.properties.PropertyMappingContextCustomizer@0, org.springframework.boot.test.autoconfigure.web.servlet.WebDriverContextCustomizerFactory$Customizer@73cd37c0, org.springframework.boot.test.context.filter.ExcludeFilterContextCustomizer@5a2d131d, org.springframework.boot.test.json.DuplicateJsonObjectContextCustomizerFactory$DuplicateJsonObjectContextCustomizer@1c93f6e1, org.springframework.boot.test.mock.mockito.MockitoContextCustomizer@f93658d9], contextLoader = 'org.springframework.test.context.support.DelegatingSmartContextLoader', parent = [null]], attributes = map['org.springframework.test.context.event.ApplicationEventsTestExecutionListener.recordApplicationEvents' -> false]]].
23:36:56.642 [Test worker] DEBUG org.springframework.test.context.cache.DefaultCacheAwareContextLoaderDelegate - Retrieved ApplicationContext [1988644427] from cache with key [[MergedContextConfiguration@6155d082 testClass = BoardManagerTest, locations = '{}', classes = '{class org.waldreg.board.board.management.DefaultBoardManager, class org.waldreg.util.token.DecryptedTokenContext}', contextInitializerClasses = '[]', activeProfiles = '{}', propertySourceLocations = '{}', propertySourceProperties = '{}', contextCustomizers = set[org.springframework.boot.test.autoconfigure.actuate.metrics.MetricsExportContextCustomizerFactory$DisableMetricExportContextCustomizer@62010f5c, org.springframework.boot.test.autoconfigure.properties.PropertyMappingContextCustomizer@0, org.springframework.boot.test.autoconfigure.web.servlet.WebDriverContextCustomizerFactory$Customizer@73cd37c0, org.springframework.boot.test.context.filter.ExcludeFilterContextCustomizer@5a2d131d, org.springframework.boot.test.json.DuplicateJsonObjectContextCustomizerFactory$DuplicateJsonObjectContextCustomizer@1c93f6e1, org.springframework.boot.test.mock.mockito.MockitoContextCustomizer@f93658d9], contextLoader = 'org.springframework.test.context.support.DelegatingSmartContextLoader', parent = [null]]]
23:36:56.642 [Test worker] DEBUG org.springframework.test.context.cache - Spring test ApplicationContext cache statistics: [DefaultContextCache@4afd21c6 size = 1, maxSize = 32, parentContextCount = 0, hitCount = 25, missCount = 1]
23:36:56.642 [Test worker] DEBUG org.springframework.test.context.cache.DefaultCacheAwareContextLoaderDelegate - Retrieved ApplicationContext [1988644427] from cache with key [[MergedContextConfiguration@6155d082 testClass = BoardManagerTest, locations = '{}', classes = '{class org.waldreg.board.board.management.DefaultBoardManager, class org.waldreg.util.token.DecryptedTokenContext}', contextInitializerClasses = '[]', activeProfiles = '{}', propertySourceLocations = '{}', propertySourceProperties = '{}', contextCustomizers = set[org.springframework.boot.test.autoconfigure.actuate.metrics.MetricsExportContextCustomizerFactory$DisableMetricExportContextCustomizer@62010f5c, org.springframework.boot.test.autoconfigure.properties.PropertyMappingContextCustomizer@0, org.springframework.boot.test.autoconfigure.web.servlet.WebDriverContextCustomizerFactory$Customizer@73cd37c0, org.springframework.boot.test.context.filter.ExcludeFilterContextCustomizer@5a2d131d, org.springframework.boot.test.json.DuplicateJsonObjectContextCustomizerFactory$DuplicateJsonObjectContextCustomizer@1c93f6e1, org.springframework.boot.test.mock.mockito.MockitoContextCustomizer@f93658d9], contextLoader = 'org.springframework.test.context.support.DelegatingSmartContextLoader', parent = [null]]]
23:36:56.642 [Test worker] DEBUG org.springframework.test.context.cache - Spring test ApplicationContext cache statistics: [DefaultContextCache@4afd21c6 size = 1, maxSize = 32, parentContextCount = 0, hitCount = 26, missCount = 1]
23:36:56.643 [Test worker] DEBUG org.springframework.test.context.support.AbstractDirtiesContextTestExecutionListener - Before test method: context [DefaultTestContext@47f9738 testClass = BoardManagerTest, testInstance = org.waldreg.board.board.BoardManagerTest@d8d9199, testMethod = SEARCH_BOARD_BY_AUTHOR_USER_ID_TEST@BoardManagerTest, testException = [null], mergedContextConfiguration = [MergedContextConfiguration@6155d082 testClass = BoardManagerTest, locations = '{}', classes = '{class org.waldreg.board.board.management.DefaultBoardManager, class org.waldreg.util.token.DecryptedTokenContext}', contextInitializerClasses = '[]', activeProfiles = '{}', propertySourceLocations = '{}', propertySourceProperties = '{}', contextCustomizers = set[org.springframework.boot.test.autoconfigure.actuate.metrics.MetricsExportContextCustomizerFactory$DisableMetricExportContextCustomizer@62010f5c, org.springframework.boot.test.autoconfigure.properties.PropertyMappingContextCustomizer@0, org.springframework.boot.test.autoconfigure.web.servlet.WebDriverContextCustomizerFactory$Customizer@73cd37c0, org.springframework.boot.test.context.filter.ExcludeFilterContextCustomizer@5a2d131d, org.springframework.boot.test.json.DuplicateJsonObjectContextCustomizerFactory$DuplicateJsonObjectContextCustomizer@1c93f6e1, org.springframework.boot.test.mock.mockito.MockitoContextCustomizer@f93658d9], contextLoader = 'org.springframework.test.context.support.DelegatingSmartContextLoader', parent = [null]], attributes = map['org.springframework.test.context.event.ApplicationEventsTestExecutionListener.recordApplicationEvents' -> false]], class annotated with @DirtiesContext [false] with mode [null], method annotated with @DirtiesContext [false] with mode [null].
23:36:56.643 [Test worker] DEBUG org.springframework.test.context.cache.DefaultCacheAwareContextLoaderDelegate - Retrieved ApplicationContext [1988644427] from cache with key [[MergedContextConfiguration@6155d082 testClass = BoardManagerTest, locations = '{}', classes = '{class org.waldreg.board.board.management.DefaultBoardManager, class org.waldreg.util.token.DecryptedTokenContext}', contextInitializerClasses = '[]', activeProfiles = '{}', propertySourceLocations = '{}', propertySourceProperties = '{}', contextCustomizers = set[org.springframework.boot.test.autoconfigure.actuate.metrics.MetricsExportContextCustomizerFactory$DisableMetricExportContextCustomizer@62010f5c, org.springframework.boot.test.autoconfigure.properties.PropertyMappingContextCustomizer@0, org.springframework.boot.test.autoconfigure.web.servlet.WebDriverContextCustomizerFactory$Customizer@73cd37c0, org.springframework.boot.test.context.filter.ExcludeFilterContextCustomizer@5a2d131d, org.springframework.boot.test.json.DuplicateJsonObjectContextCustomizerFactory$DuplicateJsonObjectContextCustomizer@1c93f6e1, org.springframework.boot.test.mock.mockito.MockitoContextCustomizer@f93658d9], contextLoader = 'org.springframework.test.context.support.DelegatingSmartContextLoader', parent = [null]]]
23:36:56.643 [Test worker] DEBUG org.springframework.test.context.cache - Spring test ApplicationContext cache statistics: [DefaultContextCache@4afd21c6 size = 1, maxSize = 32, parentContextCount = 0, hitCount = 27, missCount = 1]
23:36:56.643 [Test worker] DEBUG org.springframework.test.context.cache.DefaultCacheAwareContextLoaderDelegate - Retrieved ApplicationContext [1988644427] from cache with key [[MergedContextConfiguration@6155d082 testClass = BoardManagerTest, locations = '{}', classes = '{class org.waldreg.board.board.management.DefaultBoardManager, class org.waldreg.util.token.DecryptedTokenContext}', contextInitializerClasses = '[]', activeProfiles = '{}', propertySourceLocations = '{}', propertySourceProperties = '{}', contextCustomizers = set[org.springframework.boot.test.autoconfigure.actuate.metrics.MetricsExportContextCustomizerFactory$DisableMetricExportContextCustomizer@62010f5c, org.springframework.boot.test.autoconfigure.properties.PropertyMappingContextCustomizer@0, org.springframework.boot.test.autoconfigure.web.servlet.WebDriverContextCustomizerFactory$Customizer@73cd37c0, org.springframework.boot.test.context.filter.ExcludeFilterContextCustomizer@5a2d131d, org.springframework.boot.test.json.DuplicateJsonObjectContextCustomizerFactory$DuplicateJsonObjectContextCustomizer@1c93f6e1, org.springframework.boot.test.mock.mockito.MockitoContextCustomizer@f93658d9], contextLoader = 'org.springframework.test.context.support.DelegatingSmartContextLoader', parent = [null]]]
23:36:56.643 [Test worker] DEBUG org.springframework.test.context.cache - Spring test ApplicationContext cache statistics: [DefaultContextCache@4afd21c6 size = 1, maxSize = 32, parentContextCount = 0, hitCount = 28, missCount = 1]
23:36:56.643 [Test worker] DEBUG org.springframework.test.context.cache.DefaultCacheAwareContextLoaderDelegate - Retrieved ApplicationContext [1988644427] from cache with key [[MergedContextConfiguration@6155d082 testClass = BoardManagerTest, locations = '{}', classes = '{class org.waldreg.board.board.management.DefaultBoardManager, class org.waldreg.util.token.DecryptedTokenContext}', contextInitializerClasses = '[]', activeProfiles = '{}', propertySourceLocations = '{}', propertySourceProperties = '{}', contextCustomizers = set[org.springframework.boot.test.autoconfigure.actuate.metrics.MetricsExportContextCustomizerFactory$DisableMetricExportContextCustomizer@62010f5c, org.springframework.boot.test.autoconfigure.properties.PropertyMappingContextCustomizer@0, org.springframework.boot.test.autoconfigure.web.servlet.WebDriverContextCustomizerFactory$Customizer@73cd37c0, org.springframework.boot.test.context.filter.ExcludeFilterContextCustomizer@5a2d131d, org.springframework.boot.test.json.DuplicateJsonObjectContextCustomizerFactory$DuplicateJsonObjectContextCustomizer@1c93f6e1, org.springframework.boot.test.mock.mockito.MockitoContextCustomizer@f93658d9], contextLoader = 'org.springframework.test.context.support.DelegatingSmartContextLoader', parent = [null]]]
23:36:56.643 [Test worker] DEBUG org.springframework.test.context.cache - Spring test ApplicationContext cache statistics: [DefaultContextCache@4afd21c6 size = 1, maxSize = 32, parentContextCount = 0, hitCount = 29, missCount = 1]
23:36:56.645 [Test worker] DEBUG org.springframework.test.context.cache.DefaultCacheAwareContextLoaderDelegate - Retrieved ApplicationContext [1988644427] from cache with key [[MergedContextConfiguration@6155d082 testClass = BoardManagerTest, locations = '{}', classes = '{class org.waldreg.board.board.management.DefaultBoardManager, class org.waldreg.util.token.DecryptedTokenContext}', contextInitializerClasses = '[]', activeProfiles = '{}', propertySourceLocations = '{}', propertySourceProperties = '{}', contextCustomizers = set[org.springframework.boot.test.autoconfigure.actuate.metrics.MetricsExportContextCustomizerFactory$DisableMetricExportContextCustomizer@62010f5c, org.springframework.boot.test.autoconfigure.properties.PropertyMappingContextCustomizer@0, org.springframework.boot.test.autoconfigure.web.servlet.WebDriverContextCustomizerFactory$Customizer@73cd37c0, org.springframework.boot.test.context.filter.ExcludeFilterContextCustomizer@5a2d131d, org.springframework.boot.test.json.DuplicateJsonObjectContextCustomizerFactory$DuplicateJsonObjectContextCustomizer@1c93f6e1, org.springframework.boot.test.mock.mockito.MockitoContextCustomizer@f93658d9], contextLoader = 'org.springframework.test.context.support.DelegatingSmartContextLoader', parent = [null]]]
23:36:56.645 [Test worker] DEBUG org.springframework.test.context.cache - Spring test ApplicationContext cache statistics: [DefaultContextCache@4afd21c6 size = 1, maxSize = 32, parentContextCount = 0, hitCount = 30, missCount = 1]
23:36:56.645 [Test worker] DEBUG org.springframework.test.context.cache.DefaultCacheAwareContextLoaderDelegate - Retrieved ApplicationContext [1988644427] from cache with key [[MergedContextConfiguration@6155d082 testClass = BoardManagerTest, locations = '{}', classes = '{class org.waldreg.board.board.management.DefaultBoardManager, class org.waldreg.util.token.DecryptedTokenContext}', contextInitializerClasses = '[]', activeProfiles = '{}', propertySourceLocations = '{}', propertySourceProperties = '{}', contextCustomizers = set[org.springframework.boot.test.autoconfigure.actuate.metrics.MetricsExportContextCustomizerFactory$DisableMetricExportContextCustomizer@62010f5c, org.springframework.boot.test.autoconfigure.properties.PropertyMappingContextCustomizer@0, org.springframework.boot.test.autoconfigure.web.servlet.WebDriverContextCustomizerFactory$Customizer@73cd37c0, org.springframework.boot.test.context.filter.ExcludeFilterContextCustomizer@5a2d131d, org.springframework.boot.test.json.DuplicateJsonObjectContextCustomizerFactory$DuplicateJsonObjectContextCustomizer@1c93f6e1, org.springframework.boot.test.mock.mockito.MockitoContextCustomizer@f93658d9], contextLoader = 'org.springframework.test.context.support.DelegatingSmartContextLoader', parent = [null]]]
23:36:56.646 [Test worker] DEBUG org.springframework.test.context.cache - Spring test ApplicationContext cache statistics: [DefaultContextCache@4afd21c6 size = 1, maxSize = 32, parentContextCount = 0, hitCount = 31, missCount = 1]
23:36:56.646 [Test worker] DEBUG org.springframework.test.context.cache.DefaultCacheAwareContextLoaderDelegate - Retrieved ApplicationContext [1988644427] from cache with key [[MergedContextConfiguration@6155d082 testClass = BoardManagerTest, locations = '{}', classes = '{class org.waldreg.board.board.management.DefaultBoardManager, class org.waldreg.util.token.DecryptedTokenContext}', contextInitializerClasses = '[]', activeProfiles = '{}', propertySourceLocations = '{}', propertySourceProperties = '{}', contextCustomizers = set[org.springframework.boot.test.autoconfigure.actuate.metrics.MetricsExportContextCustomizerFactory$DisableMetricExportContextCustomizer@62010f5c, org.springframework.boot.test.autoconfigure.properties.PropertyMappingContextCustomizer@0, org.springframework.boot.test.autoconfigure.web.servlet.WebDriverContextCustomizerFactory$Customizer@73cd37c0, org.springframework.boot.test.context.filter.ExcludeFilterContextCustomizer@5a2d131d, org.springframework.boot.test.json.DuplicateJsonObjectContextCustomizerFactory$DuplicateJsonObjectContextCustomizer@1c93f6e1, org.springframework.boot.test.mock.mockito.MockitoContextCustomizer@f93658d9], contextLoader = 'org.springframework.test.context.support.DelegatingSmartContextLoader', parent = [null]]]
23:36:56.646 [Test worker] DEBUG org.springframework.test.context.cache - Spring test ApplicationContext cache statistics: [DefaultContextCache@4afd21c6 size = 1, maxSize = 32, parentContextCount = 0, hitCount = 32, missCount = 1]
23:36:56.646 [Test worker] DEBUG org.springframework.test.context.cache.DefaultCacheAwareContextLoaderDelegate - Retrieved ApplicationContext [1988644427] from cache with key [[MergedContextConfiguration@6155d082 testClass = BoardManagerTest, locations = '{}', classes = '{class org.waldreg.board.board.management.DefaultBoardManager, class org.waldreg.util.token.DecryptedTokenContext}', contextInitializerClasses = '[]', activeProfiles = '{}', propertySourceLocations = '{}', propertySourceProperties = '{}', contextCustomizers = set[org.springframework.boot.test.autoconfigure.actuate.metrics.MetricsExportContextCustomizerFactory$DisableMetricExportContextCustomizer@62010f5c, org.springframework.boot.test.autoconfigure.properties.PropertyMappingContextCustomizer@0, org.springframework.boot.test.autoconfigure.web.servlet.WebDriverContextCustomizerFactory$Customizer@73cd37c0, org.springframework.boot.test.context.filter.ExcludeFilterContextCustomizer@5a2d131d, org.springframework.boot.test.json.DuplicateJsonObjectContextCustomizerFactory$DuplicateJsonObjectContextCustomizer@1c93f6e1, org.springframework.boot.test.mock.mockito.MockitoContextCustomizer@f93658d9], contextLoader = 'org.springframework.test.context.support.DelegatingSmartContextLoader', parent = [null]]]
23:36:56.646 [Test worker] DEBUG org.springframework.test.context.cache - Spring test ApplicationContext cache statistics: [DefaultContextCache@4afd21c6 size = 1, maxSize = 32, parentContextCount = 0, hitCount = 33, missCount = 1]
23:36:56.646 [Test worker] DEBUG org.springframework.test.context.cache.DefaultCacheAwareContextLoaderDelegate - Retrieved ApplicationContext [1988644427] from cache with key [[MergedContextConfiguration@6155d082 testClass = BoardManagerTest, locations = '{}', classes = '{class org.waldreg.board.board.management.DefaultBoardManager, class org.waldreg.util.token.DecryptedTokenContext}', contextInitializerClasses = '[]', activeProfiles = '{}', propertySourceLocations = '{}', propertySourceProperties = '{}', contextCustomizers = set[org.springframework.boot.test.autoconfigure.actuate.metrics.MetricsExportContextCustomizerFactory$DisableMetricExportContextCustomizer@62010f5c, org.springframework.boot.test.autoconfigure.properties.PropertyMappingContextCustomizer@0, org.springframework.boot.test.autoconfigure.web.servlet.WebDriverContextCustomizerFactory$Customizer@73cd37c0, org.springframework.boot.test.context.filter.ExcludeFilterContextCustomizer@5a2d131d, org.springframework.boot.test.json.DuplicateJsonObjectContextCustomizerFactory$DuplicateJsonObjectContextCustomizer@1c93f6e1, org.springframework.boot.test.mock.mockito.MockitoContextCustomizer@f93658d9], contextLoader = 'org.springframework.test.context.support.DelegatingSmartContextLoader', parent = [null]]]
23:36:56.646 [Test worker] DEBUG org.springframework.test.context.cache - Spring test ApplicationContext cache statistics: [DefaultContextCache@4afd21c6 size = 1, maxSize = 32, parentContextCount = 0, hitCount = 34, missCount = 1]
23:36:56.646 [Test worker] DEBUG org.springframework.test.context.cache.DefaultCacheAwareContextLoaderDelegate - Retrieved ApplicationContext [1988644427] from cache with key [[MergedContextConfiguration@6155d082 testClass = BoardManagerTest, locations = '{}', classes = '{class org.waldreg.board.board.management.DefaultBoardManager, class org.waldreg.util.token.DecryptedTokenContext}', contextInitializerClasses = '[]', activeProfiles = '{}', propertySourceLocations = '{}', propertySourceProperties = '{}', contextCustomizers = set[org.springframework.boot.test.autoconfigure.actuate.metrics.MetricsExportContextCustomizerFactory$DisableMetricExportContextCustomizer@62010f5c, org.springframework.boot.test.autoconfigure.properties.PropertyMappingContextCustomizer@0, org.springframework.boot.test.autoconfigure.web.servlet.WebDriverContextCustomizerFactory$Customizer@73cd37c0, org.springframework.boot.test.context.filter.ExcludeFilterContextCustomizer@5a2d131d, org.springframework.boot.test.json.DuplicateJsonObjectContextCustomizerFactory$DuplicateJsonObjectContextCustomizer@1c93f6e1, org.springframework.boot.test.mock.mockito.MockitoContextCustomizer@f93658d9], contextLoader = 'org.springframework.test.context.support.DelegatingSmartContextLoader', parent = [null]]]
23:36:56.646 [Test worker] DEBUG org.springframework.test.context.cache - Spring test ApplicationContext cache statistics: [DefaultContextCache@4afd21c6 size = 1, maxSize = 32, parentContextCount = 0, hitCount = 35, missCount = 1]
23:36:56.646 [Test worker] DEBUG org.springframework.test.context.support.AbstractDirtiesContextTestExecutionListener - After test method: context [DefaultTestContext@47f9738 testClass = BoardManagerTest, testInstance = org.waldreg.board.board.BoardManagerTest@d8d9199, testMethod = SEARCH_BOARD_BY_AUTHOR_USER_ID_TEST@BoardManagerTest, testException = [null], mergedContextConfiguration = [MergedContextConfiguration@6155d082 testClass = BoardManagerTest, locations = '{}', classes = '{class org.waldreg.board.board.management.DefaultBoardManager, class org.waldreg.util.token.DecryptedTokenContext}', contextInitializerClasses = '[]', activeProfiles = '{}', propertySourceLocations = '{}', propertySourceProperties = '{}', contextCustomizers = set[org.springframework.boot.test.autoconfigure.actuate.metrics.MetricsExportContextCustomizerFactory$DisableMetricExportContextCustomizer@62010f5c, org.springframework.boot.test.autoconfigure.properties.PropertyMappingContextCustomizer@0, org.springframework.boot.test.autoconfigure.web.servlet.WebDriverContextCustomizerFactory$Customizer@73cd37c0, org.springframework.boot.test.context.filter.ExcludeFilterContextCustomizer@5a2d131d, org.springframework.boot.test.json.DuplicateJsonObjectContextCustomizerFactory$DuplicateJsonObjectContextCustomizer@1c93f6e1, org.springframework.boot.test.mock.mockito.MockitoContextCustomizer@f93658d9], contextLoader = 'org.springframework.test.context.support.DelegatingSmartContextLoader', parent = [null]], attributes = map['org.springframework.test.context.event.ApplicationEventsTestExecutionListener.recordApplicationEvents' -> false]], class annotated with @DirtiesContext [false] with mode [null], method annotated with @DirtiesContext [false] with mode [null].
23:36:56.647 [Test worker] DEBUG org.springframework.test.context.cache.DefaultCacheAwareContextLoaderDelegate - Retrieved ApplicationContext [1988644427] from cache with key [[MergedContextConfiguration@6155d082 testClass = BoardManagerTest, locations = '{}', classes = '{class org.waldreg.board.board.management.DefaultBoardManager, class org.waldreg.util.token.DecryptedTokenContext}', contextInitializerClasses = '[]', activeProfiles = '{}', propertySourceLocations = '{}', propertySourceProperties = '{}', contextCustomizers = set[org.springframework.boot.test.autoconfigure.actuate.metrics.MetricsExportContextCustomizerFactory$DisableMetricExportContextCustomizer@62010f5c, org.springframework.boot.test.autoconfigure.properties.PropertyMappingContextCustomizer@0, org.springframework.boot.test.autoconfigure.web.servlet.WebDriverContextCustomizerFactory$Customizer@73cd37c0, org.springframework.boot.test.context.filter.ExcludeFilterContextCustomizer@5a2d131d, org.springframework.boot.test.json.DuplicateJsonObjectContextCustomizerFactory$DuplicateJsonObjectContextCustomizer@1c93f6e1, org.springframework.boot.test.mock.mockito.MockitoContextCustomizer@f93658d9], contextLoader = 'org.springframework.test.context.support.DelegatingSmartContextLoader', parent = [null]]]
23:36:56.647 [Test worker] DEBUG org.springframework.test.context.cache - Spring test ApplicationContext cache statistics: [DefaultContextCache@4afd21c6 size = 1, maxSize = 32, parentContextCount = 0, hitCount = 36, missCount = 1]
23:36:56.647 [Test worker] DEBUG org.springframework.test.context.support.DependencyInjectionTestExecutionListener - Performing dependency injection for test context [[DefaultTestContext@47f9738 testClass = BoardManagerTest, testInstance = org.waldreg.board.board.BoardManagerTest@2f61d591, testMethod = [null], testException = [null], mergedContextConfiguration = [MergedContextConfiguration@6155d082 testClass = BoardManagerTest, locations = '{}', classes = '{class org.waldreg.board.board.management.DefaultBoardManager, class org.waldreg.util.token.DecryptedTokenContext}', contextInitializerClasses = '[]', activeProfiles = '{}', propertySourceLocations = '{}', propertySourceProperties = '{}', contextCustomizers = set[org.springframework.boot.test.autoconfigure.actuate.metrics.MetricsExportContextCustomizerFactory$DisableMetricExportContextCustomizer@62010f5c, org.springframework.boot.test.autoconfigure.properties.PropertyMappingContextCustomizer@0, org.springframework.boot.test.autoconfigure.web.servlet.WebDriverContextCustomizerFactory$Customizer@73cd37c0, org.springframework.boot.test.context.filter.ExcludeFilterContextCustomizer@5a2d131d, org.springframework.boot.test.json.DuplicateJsonObjectContextCustomizerFactory$DuplicateJsonObjectContextCustomizer@1c93f6e1, org.springframework.boot.test.mock.mockito.MockitoContextCustomizer@f93658d9], contextLoader = 'org.springframework.test.context.support.DelegatingSmartContextLoader', parent = [null]], attributes = map['org.springframework.test.context.event.ApplicationEventsTestExecutionListener.recordApplicationEvents' -> false]]].
23:36:56.647 [Test worker] DEBUG org.springframework.test.context.cache.DefaultCacheAwareContextLoaderDelegate - Retrieved ApplicationContext [1988644427] from cache with key [[MergedContextConfiguration@6155d082 testClass = BoardManagerTest, locations = '{}', classes = '{class org.waldreg.board.board.management.DefaultBoardManager, class org.waldreg.util.token.DecryptedTokenContext}', contextInitializerClasses = '[]', activeProfiles = '{}', propertySourceLocations = '{}', propertySourceProperties = '{}', contextCustomizers = set[org.springframework.boot.test.autoconfigure.actuate.metrics.MetricsExportContextCustomizerFactory$DisableMetricExportContextCustomizer@62010f5c, org.springframework.boot.test.autoconfigure.properties.PropertyMappingContextCustomizer@0, org.springframework.boot.test.autoconfigure.web.servlet.WebDriverContextCustomizerFactory$Customizer@73cd37c0, org.springframework.boot.test.context.filter.ExcludeFilterContextCustomizer@5a2d131d, org.springframework.boot.test.json.DuplicateJsonObjectContextCustomizerFactory$DuplicateJsonObjectContextCustomizer@1c93f6e1, org.springframework.boot.test.mock.mockito.MockitoContextCustomizer@f93658d9], contextLoader = 'org.springframework.test.context.support.DelegatingSmartContextLoader', parent = [null]]]
23:36:56.647 [Test worker] DEBUG org.springframework.test.context.cache - Spring test ApplicationContext cache statistics: [DefaultContextCache@4afd21c6 size = 1, maxSize = 32, parentContextCount = 0, hitCount = 37, missCount = 1]
23:36:56.647 [Test worker] DEBUG org.springframework.test.context.cache.DefaultCacheAwareContextLoaderDelegate - Retrieved ApplicationContext [1988644427] from cache with key [[MergedContextConfiguration@6155d082 testClass = BoardManagerTest, locations = '{}', classes = '{class org.waldreg.board.board.management.DefaultBoardManager, class org.waldreg.util.token.DecryptedTokenContext}', contextInitializerClasses = '[]', activeProfiles = '{}', propertySourceLocations = '{}', propertySourceProperties = '{}', contextCustomizers = set[org.springframework.boot.test.autoconfigure.actuate.metrics.MetricsExportContextCustomizerFactory$DisableMetricExportContextCustomizer@62010f5c, org.springframework.boot.test.autoconfigure.properties.PropertyMappingContextCustomizer@0, org.springframework.boot.test.autoconfigure.web.servlet.WebDriverContextCustomizerFactory$Customizer@73cd37c0, org.springframework.boot.test.context.filter.ExcludeFilterContextCustomizer@5a2d131d, org.springframework.boot.test.json.DuplicateJsonObjectContextCustomizerFactory$DuplicateJsonObjectContextCustomizer@1c93f6e1, org.springframework.boot.test.mock.mockito.MockitoContextCustomizer@f93658d9], contextLoader = 'org.springframework.test.context.support.DelegatingSmartContextLoader', parent = [null]]]
23:36:56.647 [Test worker] DEBUG org.springframework.test.context.cache - Spring test ApplicationContext cache statistics: [DefaultContextCache@4afd21c6 size = 1, maxSize = 32, parentContextCount = 0, hitCount = 38, missCount = 1]
23:36:56.648 [Test worker] DEBUG org.springframework.test.context.support.AbstractDirtiesContextTestExecutionListener - Before test method: context [DefaultTestContext@47f9738 testClass = BoardManagerTest, testInstance = org.waldreg.board.board.BoardManagerTest@2f61d591, testMethod = DELETE_BOARD_SUCCESS_TEST@BoardManagerTest, testException = [null], mergedContextConfiguration = [MergedContextConfiguration@6155d082 testClass = BoardManagerTest, locations = '{}', classes = '{class org.waldreg.board.board.management.DefaultBoardManager, class org.waldreg.util.token.DecryptedTokenContext}', contextInitializerClasses = '[]', activeProfiles = '{}', propertySourceLocations = '{}', propertySourceProperties = '{}', contextCustomizers = set[org.springframework.boot.test.autoconfigure.actuate.metrics.MetricsExportContextCustomizerFactory$DisableMetricExportContextCustomizer@62010f5c, org.springframework.boot.test.autoconfigure.properties.PropertyMappingContextCustomizer@0, org.springframework.boot.test.autoconfigure.web.servlet.WebDriverContextCustomizerFactory$Customizer@73cd37c0, org.springframework.boot.test.context.filter.ExcludeFilterContextCustomizer@5a2d131d, org.springframework.boot.test.json.DuplicateJsonObjectContextCustomizerFactory$DuplicateJsonObjectContextCustomizer@1c93f6e1, org.springframework.boot.test.mock.mockito.MockitoContextCustomizer@f93658d9], contextLoader = 'org.springframework.test.context.support.DelegatingSmartContextLoader', parent = [null]], attributes = map['org.springframework.test.context.event.ApplicationEventsTestExecutionListener.recordApplicationEvents' -> false]], class annotated with @DirtiesContext [false] with mode [null], method annotated with @DirtiesContext [false] with mode [null].
23:36:56.648 [Test worker] DEBUG org.springframework.test.context.cache.DefaultCacheAwareContextLoaderDelegate - Retrieved ApplicationContext [1988644427] from cache with key [[MergedContextConfiguration@6155d082 testClass = BoardManagerTest, locations = '{}', classes = '{class org.waldreg.board.board.management.DefaultBoardManager, class org.waldreg.util.token.DecryptedTokenContext}', contextInitializerClasses = '[]', activeProfiles = '{}', propertySourceLocations = '{}', propertySourceProperties = '{}', contextCustomizers = set[org.springframework.boot.test.autoconfigure.actuate.metrics.MetricsExportContextCustomizerFactory$DisableMetricExportContextCustomizer@62010f5c, org.springframework.boot.test.autoconfigure.properties.PropertyMappingContextCustomizer@0, org.springframework.boot.test.autoconfigure.web.servlet.WebDriverContextCustomizerFactory$Customizer@73cd37c0, org.springframework.boot.test.context.filter.ExcludeFilterContextCustomizer@5a2d131d, org.springframework.boot.test.json.DuplicateJsonObjectContextCustomizerFactory$DuplicateJsonObjectContextCustomizer@1c93f6e1, org.springframework.boot.test.mock.mockito.MockitoContextCustomizer@f93658d9], contextLoader = 'org.springframework.test.context.support.DelegatingSmartContextLoader', parent = [null]]]
23:36:56.648 [Test worker] DEBUG org.springframework.test.context.cache - Spring test ApplicationContext cache statistics: [DefaultContextCache@4afd21c6 size = 1, maxSize = 32, parentContextCount = 0, hitCount = 39, missCount = 1]
23:36:56.648 [Test worker] DEBUG org.springframework.test.context.cache.DefaultCacheAwareContextLoaderDelegate - Retrieved ApplicationContext [1988644427] from cache with key [[MergedContextConfiguration@6155d082 testClass = BoardManagerTest, locations = '{}', classes = '{class org.waldreg.board.board.management.DefaultBoardManager, class org.waldreg.util.token.DecryptedTokenContext}', contextInitializerClasses = '[]', activeProfiles = '{}', propertySourceLocations = '{}', propertySourceProperties = '{}', contextCustomizers = set[org.springframework.boot.test.autoconfigure.actuate.metrics.MetricsExportContextCustomizerFactory$DisableMetricExportContextCustomizer@62010f5c, org.springframework.boot.test.autoconfigure.properties.PropertyMappingContextCustomizer@0, org.springframework.boot.test.autoconfigure.web.servlet.WebDriverContextCustomizerFactory$Customizer@73cd37c0, org.springframework.boot.test.context.filter.ExcludeFilterContextCustomizer@5a2d131d, org.springframework.boot.test.json.DuplicateJsonObjectContextCustomizerFactory$DuplicateJsonObjectContextCustomizer@1c93f6e1, org.springframework.boot.test.mock.mockito.MockitoContextCustomizer@f93658d9], contextLoader = 'org.springframework.test.context.support.DelegatingSmartContextLoader', parent = [null]]]
23:36:56.648 [Test worker] DEBUG org.springframework.test.context.cache - Spring test ApplicationContext cache statistics: [DefaultContextCache@4afd21c6 size = 1, maxSize = 32, parentContextCount = 0, hitCount = 40, missCount = 1]
23:36:56.648 [Test worker] DEBUG org.springframework.test.context.cache.DefaultCacheAwareContextLoaderDelegate - Retrieved ApplicationContext [1988644427] from cache with key [[MergedContextConfiguration@6155d082 testClass = BoardManagerTest, locations = '{}', classes = '{class org.waldreg.board.board.management.DefaultBoardManager, class org.waldreg.util.token.DecryptedTokenContext}', contextInitializerClasses = '[]', activeProfiles = '{}', propertySourceLocations = '{}', propertySourceProperties = '{}', contextCustomizers = set[org.springframework.boot.test.autoconfigure.actuate.metrics.MetricsExportContextCustomizerFactory$DisableMetricExportContextCustomizer@62010f5c, org.springframework.boot.test.autoconfigure.properties.PropertyMappingContextCustomizer@0, org.springframework.boot.test.autoconfigure.web.servlet.WebDriverContextCustomizerFactory$Customizer@73cd37c0, org.springframework.boot.test.context.filter.ExcludeFilterContextCustomizer@5a2d131d, org.springframework.boot.test.json.DuplicateJsonObjectContextCustomizerFactory$DuplicateJsonObjectContextCustomizer@1c93f6e1, org.springframework.boot.test.mock.mockito.MockitoContextCustomizer@f93658d9], contextLoader = 'org.springframework.test.context.support.DelegatingSmartContextLoader', parent = [null]]]
23:36:56.648 [Test worker] DEBUG org.springframework.test.context.cache - Spring test ApplicationContext cache statistics: [DefaultContextCache@4afd21c6 size = 1, maxSize = 32, parentContextCount = 0, hitCount = 41, missCount = 1]
23:36:56.649 [Test worker] DEBUG org.springframework.test.context.cache.DefaultCacheAwareContextLoaderDelegate - Retrieved ApplicationContext [1988644427] from cache with key [[MergedContextConfiguration@6155d082 testClass = BoardManagerTest, locations = '{}', classes = '{class org.waldreg.board.board.management.DefaultBoardManager, class org.waldreg.util.token.DecryptedTokenContext}', contextInitializerClasses = '[]', activeProfiles = '{}', propertySourceLocations = '{}', propertySourceProperties = '{}', contextCustomizers = set[org.springframework.boot.test.autoconfigure.actuate.metrics.MetricsExportContextCustomizerFactory$DisableMetricExportContextCustomizer@62010f5c, org.springframework.boot.test.autoconfigure.properties.PropertyMappingContextCustomizer@0, org.springframework.boot.test.autoconfigure.web.servlet.WebDriverContextCustomizerFactory$Customizer@73cd37c0, org.springframework.boot.test.context.filter.ExcludeFilterContextCustomizer@5a2d131d, org.springframework.boot.test.json.DuplicateJsonObjectContextCustomizerFactory$DuplicateJsonObjectContextCustomizer@1c93f6e1, org.springframework.boot.test.mock.mockito.MockitoContextCustomizer@f93658d9], contextLoader = 'org.springframework.test.context.support.DelegatingSmartContextLoader', parent = [null]]]
23:36:56.649 [Test worker] DEBUG org.springframework.test.context.cache - Spring test ApplicationContext cache statistics: [DefaultContextCache@4afd21c6 size = 1, maxSize = 32, parentContextCount = 0, hitCount = 42, missCount = 1]
23:36:56.649 [Test worker] DEBUG org.springframework.test.context.cache.DefaultCacheAwareContextLoaderDelegate - Retrieved ApplicationContext [1988644427] from cache with key [[MergedContextConfiguration@6155d082 testClass = BoardManagerTest, locations = '{}', classes = '{class org.waldreg.board.board.management.DefaultBoardManager, class org.waldreg.util.token.DecryptedTokenContext}', contextInitializerClasses = '[]', activeProfiles = '{}', propertySourceLocations = '{}', propertySourceProperties = '{}', contextCustomizers = set[org.springframework.boot.test.autoconfigure.actuate.metrics.MetricsExportContextCustomizerFactory$DisableMetricExportContextCustomizer@62010f5c, org.springframework.boot.test.autoconfigure.properties.PropertyMappingContextCustomizer@0, org.springframework.boot.test.autoconfigure.web.servlet.WebDriverContextCustomizerFactory$Customizer@73cd37c0, org.springframework.boot.test.context.filter.ExcludeFilterContextCustomizer@5a2d131d, org.springframework.boot.test.json.DuplicateJsonObjectContextCustomizerFactory$DuplicateJsonObjectContextCustomizer@1c93f6e1, org.springframework.boot.test.mock.mockito.MockitoContextCustomizer@f93658d9], contextLoader = 'org.springframework.test.context.support.DelegatingSmartContextLoader', parent = [null]]]
23:36:56.649 [Test worker] DEBUG org.springframework.test.context.cache - Spring test ApplicationContext cache statistics: [DefaultContextCache@4afd21c6 size = 1, maxSize = 32, parentContextCount = 0, hitCount = 43, missCount = 1]
23:36:56.649 [Test worker] DEBUG org.springframework.test.context.cache.DefaultCacheAwareContextLoaderDelegate - Retrieved ApplicationContext [1988644427] from cache with key [[MergedContextConfiguration@6155d082 testClass = BoardManagerTest, locations = '{}', classes = '{class org.waldreg.board.board.management.DefaultBoardManager, class org.waldreg.util.token.DecryptedTokenContext}', contextInitializerClasses = '[]', activeProfiles = '{}', propertySourceLocations = '{}', propertySourceProperties = '{}', contextCustomizers = set[org.springframework.boot.test.autoconfigure.actuate.metrics.MetricsExportContextCustomizerFactory$DisableMetricExportContextCustomizer@62010f5c, org.springframework.boot.test.autoconfigure.properties.PropertyMappingContextCustomizer@0, org.springframework.boot.test.autoconfigure.web.servlet.WebDriverContextCustomizerFactory$Customizer@73cd37c0, org.springframework.boot.test.context.filter.ExcludeFilterContextCustomizer@5a2d131d, org.springframework.boot.test.json.DuplicateJsonObjectContextCustomizerFactory$DuplicateJsonObjectContextCustomizer@1c93f6e1, org.springframework.boot.test.mock.mockito.MockitoContextCustomizer@f93658d9], contextLoader = 'org.springframework.test.context.support.DelegatingSmartContextLoader', parent = [null]]]
23:36:56.650 [Test worker] DEBUG org.springframework.test.context.cache - Spring test ApplicationContext cache statistics: [DefaultContextCache@4afd21c6 size = 1, maxSize = 32, parentContextCount = 0, hitCount = 44, missCount = 1]
23:36:56.650 [Test worker] DEBUG org.springframework.test.context.cache.DefaultCacheAwareContextLoaderDelegate - Retrieved ApplicationContext [1988644427] from cache with key [[MergedContextConfiguration@6155d082 testClass = BoardManagerTest, locations = '{}', classes = '{class org.waldreg.board.board.management.DefaultBoardManager, class org.waldreg.util.token.DecryptedTokenContext}', contextInitializerClasses = '[]', activeProfiles = '{}', propertySourceLocations = '{}', propertySourceProperties = '{}', contextCustomizers = set[org.springframework.boot.test.autoconfigure.actuate.metrics.MetricsExportContextCustomizerFactory$DisableMetricExportContextCustomizer@62010f5c, org.springframework.boot.test.autoconfigure.properties.PropertyMappingContextCustomizer@0, org.springframework.boot.test.autoconfigure.web.servlet.WebDriverContextCustomizerFactory$Customizer@73cd37c0, org.springframework.boot.test.context.filter.ExcludeFilterContextCustomizer@5a2d131d, org.springframework.boot.test.json.DuplicateJsonObjectContextCustomizerFactory$DuplicateJsonObjectContextCustomizer@1c93f6e1, org.springframework.boot.test.mock.mockito.MockitoContextCustomizer@f93658d9], contextLoader = 'org.springframework.test.context.support.DelegatingSmartContextLoader', parent = [null]]]
23:36:56.650 [Test worker] DEBUG org.springframework.test.context.cache - Spring test ApplicationContext cache statistics: [DefaultContextCache@4afd21c6 size = 1, maxSize = 32, parentContextCount = 0, hitCount = 45, missCount = 1]
23:36:56.650 [Test worker] DEBUG org.springframework.test.context.cache.DefaultCacheAwareContextLoaderDelegate - Retrieved ApplicationContext [1988644427] from cache with key [[MergedContextConfiguration@6155d082 testClass = BoardManagerTest, locations = '{}', classes = '{class org.waldreg.board.board.management.DefaultBoardManager, class org.waldreg.util.token.DecryptedTokenContext}', contextInitializerClasses = '[]', activeProfiles = '{}', propertySourceLocations = '{}', propertySourceProperties = '{}', contextCustomizers = set[org.springframework.boot.test.autoconfigure.actuate.metrics.MetricsExportContextCustomizerFactory$DisableMetricExportContextCustomizer@62010f5c, org.springframework.boot.test.autoconfigure.properties.PropertyMappingContextCustomizer@0, org.springframework.boot.test.autoconfigure.web.servlet.WebDriverContextCustomizerFactory$Customizer@73cd37c0, org.springframework.boot.test.context.filter.ExcludeFilterContextCustomizer@5a2d131d, org.springframework.boot.test.json.DuplicateJsonObjectContextCustomizerFactory$DuplicateJsonObjectContextCustomizer@1c93f6e1, org.springframework.boot.test.mock.mockito.MockitoContextCustomizer@f93658d9], contextLoader = 'org.springframework.test.context.support.DelegatingSmartContextLoader', parent = [null]]]
23:36:56.650 [Test worker] DEBUG org.springframework.test.context.cache - Spring test ApplicationContext cache statistics: [DefaultContextCache@4afd21c6 size = 1, maxSize = 32, parentContextCount = 0, hitCount = 46, missCount = 1]
23:36:56.650 [Test worker] DEBUG org.springframework.test.context.cache.DefaultCacheAwareContextLoaderDelegate - Retrieved ApplicationContext [1988644427] from cache with key [[MergedContextConfiguration@6155d082 testClass = BoardManagerTest, locations = '{}', classes = '{class org.waldreg.board.board.management.DefaultBoardManager, class org.waldreg.util.token.DecryptedTokenContext}', contextInitializerClasses = '[]', activeProfiles = '{}', propertySourceLocations = '{}', propertySourceProperties = '{}', contextCustomizers = set[org.springframework.boot.test.autoconfigure.actuate.metrics.MetricsExportContextCustomizerFactory$DisableMetricExportContextCustomizer@62010f5c, org.springframework.boot.test.autoconfigure.properties.PropertyMappingContextCustomizer@0, org.springframework.boot.test.autoconfigure.web.servlet.WebDriverContextCustomizerFactory$Customizer@73cd37c0, org.springframework.boot.test.context.filter.ExcludeFilterContextCustomizer@5a2d131d, org.springframework.boot.test.json.DuplicateJsonObjectContextCustomizerFactory$DuplicateJsonObjectContextCustomizer@1c93f6e1, org.springframework.boot.test.mock.mockito.MockitoContextCustomizer@f93658d9], contextLoader = 'org.springframework.test.context.support.DelegatingSmartContextLoader', parent = [null]]]
23:36:56.650 [Test worker] DEBUG org.springframework.test.context.cache - Spring test ApplicationContext cache statistics: [DefaultContextCache@4afd21c6 size = 1, maxSize = 32, parentContextCount = 0, hitCount = 47, missCount = 1]
23:36:56.650 [Test worker] DEBUG org.springframework.test.context.support.AbstractDirtiesContextTestExecutionListener - After test method: context [DefaultTestContext@47f9738 testClass = BoardManagerTest, testInstance = org.waldreg.board.board.BoardManagerTest@2f61d591, testMethod = DELETE_BOARD_SUCCESS_TEST@BoardManagerTest, testException = [null], mergedContextConfiguration = [MergedContextConfiguration@6155d082 testClass = BoardManagerTest, locations = '{}', classes = '{class org.waldreg.board.board.management.DefaultBoardManager, class org.waldreg.util.token.DecryptedTokenContext}', contextInitializerClasses = '[]', activeProfiles = '{}', propertySourceLocations = '{}', propertySourceProperties = '{}', contextCustomizers = set[org.springframework.boot.test.autoconfigure.actuate.metrics.MetricsExportContextCustomizerFactory$DisableMetricExportContextCustomizer@62010f5c, org.springframework.boot.test.autoconfigure.properties.PropertyMappingContextCustomizer@0, org.springframework.boot.test.autoconfigure.web.servlet.WebDriverContextCustomizerFactory$Customizer@73cd37c0, org.springframework.boot.test.context.filter.ExcludeFilterContextCustomizer@5a2d131d, org.springframework.boot.test.json.DuplicateJsonObjectContextCustomizerFactory$DuplicateJsonObjectContextCustomizer@1c93f6e1, org.springframework.boot.test.mock.mockito.MockitoContextCustomizer@f93658d9], contextLoader = 'org.springframework.test.context.support.DelegatingSmartContextLoader', parent = [null]], attributes = map['org.springframework.test.context.event.ApplicationEventsTestExecutionListener.recordApplicationEvents' -> false]], class annotated with @DirtiesContext [false] with mode [null], method annotated with @DirtiesContext [false] with mode [null].
23:36:56.650 [Test worker] DEBUG org.springframework.test.context.cache.DefaultCacheAwareContextLoaderDelegate - Retrieved ApplicationContext [1988644427] from cache with key [[MergedContextConfiguration@6155d082 testClass = BoardManagerTest, locations = '{}', classes = '{class org.waldreg.board.board.management.DefaultBoardManager, class org.waldreg.util.token.DecryptedTokenContext}', contextInitializerClasses = '[]', activeProfiles = '{}', propertySourceLocations = '{}', propertySourceProperties = '{}', contextCustomizers = set[org.springframework.boot.test.autoconfigure.actuate.metrics.MetricsExportContextCustomizerFactory$DisableMetricExportContextCustomizer@62010f5c, org.springframework.boot.test.autoconfigure.properties.PropertyMappingContextCustomizer@0, org.springframework.boot.test.autoconfigure.web.servlet.WebDriverContextCustomizerFactory$Customizer@73cd37c0, org.springframework.boot.test.context.filter.ExcludeFilterContextCustomizer@5a2d131d, org.springframework.boot.test.json.DuplicateJsonObjectContextCustomizerFactory$DuplicateJsonObjectContextCustomizer@1c93f6e1, org.springframework.boot.test.mock.mockito.MockitoContextCustomizer@f93658d9], contextLoader = 'org.springframework.test.context.support.DelegatingSmartContextLoader', parent = [null]]]
23:36:56.651 [Test worker] DEBUG org.springframework.test.context.cache - Spring test ApplicationContext cache statistics: [DefaultContextCache@4afd21c6 size = 1, maxSize = 32, parentContextCount = 0, hitCount = 48, missCount = 1]
23:36:56.651 [Test worker] DEBUG org.springframework.test.context.support.DependencyInjectionTestExecutionListener - Performing dependency injection for test context [[DefaultTestContext@47f9738 testClass = BoardManagerTest, testInstance = org.waldreg.board.board.BoardManagerTest@1416cf9f, testMethod = [null], testException = [null], mergedContextConfiguration = [MergedContextConfiguration@6155d082 testClass = BoardManagerTest, locations = '{}', classes = '{class org.waldreg.board.board.management.DefaultBoardManager, class org.waldreg.util.token.DecryptedTokenContext}', contextInitializerClasses = '[]', activeProfiles = '{}', propertySourceLocations = '{}', propertySourceProperties = '{}', contextCustomizers = set[org.springframework.boot.test.autoconfigure.actuate.metrics.MetricsExportContextCustomizerFactory$DisableMetricExportContextCustomizer@62010f5c, org.springframework.boot.test.autoconfigure.properties.PropertyMappingContextCustomizer@0, org.springframework.boot.test.autoconfigure.web.servlet.WebDriverContextCustomizerFactory$Customizer@73cd37c0, org.springframework.boot.test.context.filter.ExcludeFilterContextCustomizer@5a2d131d, org.springframework.boot.test.json.DuplicateJsonObjectContextCustomizerFactory$DuplicateJsonObjectContextCustomizer@1c93f6e1, org.springframework.boot.test.mock.mockito.MockitoContextCustomizer@f93658d9], contextLoader = 'org.springframework.test.context.support.DelegatingSmartContextLoader', parent = [null]], attributes = map['org.springframework.test.context.event.ApplicationEventsTestExecutionListener.recordApplicationEvents' -> false]]].
23:36:56.651 [Test worker] DEBUG org.springframework.test.context.cache.DefaultCacheAwareContextLoaderDelegate - Retrieved ApplicationContext [1988644427] from cache with key [[MergedContextConfiguration@6155d082 testClass = BoardManagerTest, locations = '{}', classes = '{class org.waldreg.board.board.management.DefaultBoardManager, class org.waldreg.util.token.DecryptedTokenContext}', contextInitializerClasses = '[]', activeProfiles = '{}', propertySourceLocations = '{}', propertySourceProperties = '{}', contextCustomizers = set[org.springframework.boot.test.autoconfigure.actuate.metrics.MetricsExportContextCustomizerFactory$DisableMetricExportContextCustomizer@62010f5c, org.springframework.boot.test.autoconfigure.properties.PropertyMappingContextCustomizer@0, org.springframework.boot.test.autoconfigure.web.servlet.WebDriverContextCustomizerFactory$Customizer@73cd37c0, org.springframework.boot.test.context.filter.ExcludeFilterContextCustomizer@5a2d131d, org.springframework.boot.test.json.DuplicateJsonObjectContextCustomizerFactory$DuplicateJsonObjectContextCustomizer@1c93f6e1, org.springframework.boot.test.mock.mockito.MockitoContextCustomizer@f93658d9], contextLoader = 'org.springframework.test.context.support.DelegatingSmartContextLoader', parent = [null]]]
23:36:56.651 [Test worker] DEBUG org.springframework.test.context.cache - Spring test ApplicationContext cache statistics: [DefaultContextCache@4afd21c6 size = 1, maxSize = 32, parentContextCount = 0, hitCount = 49, missCount = 1]
23:36:56.651 [Test worker] DEBUG org.springframework.test.context.cache.DefaultCacheAwareContextLoaderDelegate - Retrieved ApplicationContext [1988644427] from cache with key [[MergedContextConfiguration@6155d082 testClass = BoardManagerTest, locations = '{}', classes = '{class org.waldreg.board.board.management.DefaultBoardManager, class org.waldreg.util.token.DecryptedTokenContext}', contextInitializerClasses = '[]', activeProfiles = '{}', propertySourceLocations = '{}', propertySourceProperties = '{}', contextCustomizers = set[org.springframework.boot.test.autoconfigure.actuate.metrics.MetricsExportContextCustomizerFactory$DisableMetricExportContextCustomizer@62010f5c, org.springframework.boot.test.autoconfigure.properties.PropertyMappingContextCustomizer@0, org.springframework.boot.test.autoconfigure.web.servlet.WebDriverContextCustomizerFactory$Customizer@73cd37c0, org.springframework.boot.test.context.filter.ExcludeFilterContextCustomizer@5a2d131d, org.springframework.boot.test.json.DuplicateJsonObjectContextCustomizerFactory$DuplicateJsonObjectContextCustomizer@1c93f6e1, org.springframework.boot.test.mock.mockito.MockitoContextCustomizer@f93658d9], contextLoader = 'org.springframework.test.context.support.DelegatingSmartContextLoader', parent = [null]]]
23:36:56.651 [Test worker] DEBUG org.springframework.test.context.cache - Spring test ApplicationContext cache statistics: [DefaultContextCache@4afd21c6 size = 1, maxSize = 32, parentContextCount = 0, hitCount = 50, missCount = 1]
23:36:56.651 [Test worker] DEBUG org.springframework.test.context.support.AbstractDirtiesContextTestExecutionListener - Before test method: context [DefaultTestContext@47f9738 testClass = BoardManagerTest, testInstance = org.waldreg.board.board.BoardManagerTest@1416cf9f, testMethod = CREATE_BOARD_SUCCESS_TEST@BoardManagerTest, testException = [null], mergedContextConfiguration = [MergedContextConfiguration@6155d082 testClass = BoardManagerTest, locations = '{}', classes = '{class org.waldreg.board.board.management.DefaultBoardManager, class org.waldreg.util.token.DecryptedTokenContext}', contextInitializerClasses = '[]', activeProfiles = '{}', propertySourceLocations = '{}', propertySourceProperties = '{}', contextCustomizers = set[org.springframework.boot.test.autoconfigure.actuate.metrics.MetricsExportContextCustomizerFactory$DisableMetricExportContextCustomizer@62010f5c, org.springframework.boot.test.autoconfigure.properties.PropertyMappingContextCustomizer@0, org.springframework.boot.test.autoconfigure.web.servlet.WebDriverContextCustomizerFactory$Customizer@73cd37c0, org.springframework.boot.test.context.filter.ExcludeFilterContextCustomizer@5a2d131d, org.springframework.boot.test.json.DuplicateJsonObjectContextCustomizerFactory$DuplicateJsonObjectContextCustomizer@1c93f6e1, org.springframework.boot.test.mock.mockito.MockitoContextCustomizer@f93658d9], contextLoader = 'org.springframework.test.context.support.DelegatingSmartContextLoader', parent = [null]], attributes = map['org.springframework.test.context.event.ApplicationEventsTestExecutionListener.recordApplicationEvents' -> false]], class annotated with @DirtiesContext [false] with mode [null], method annotated with @DirtiesContext [false] with mode [null].
23:36:56.651 [Test worker] DEBUG org.springframework.test.context.cache.DefaultCacheAwareContextLoaderDelegate - Retrieved ApplicationContext [1988644427] from cache with key [[MergedContextConfiguration@6155d082 testClass = BoardManagerTest, locations = '{}', classes = '{class org.waldreg.board.board.management.DefaultBoardManager, class org.waldreg.util.token.DecryptedTokenContext}', contextInitializerClasses = '[]', activeProfiles = '{}', propertySourceLocations = '{}', propertySourceProperties = '{}', contextCustomizers = set[org.springframework.boot.test.autoconfigure.actuate.metrics.MetricsExportContextCustomizerFactory$DisableMetricExportContextCustomizer@62010f5c, org.springframework.boot.test.autoconfigure.properties.PropertyMappingContextCustomizer@0, org.springframework.boot.test.autoconfigure.web.servlet.WebDriverContextCustomizerFactory$Customizer@73cd37c0, org.springframework.boot.test.context.filter.ExcludeFilterContextCustomizer@5a2d131d, org.springframework.boot.test.json.DuplicateJsonObjectContextCustomizerFactory$DuplicateJsonObjectContextCustomizer@1c93f6e1, org.springframework.boot.test.mock.mockito.MockitoContextCustomizer@f93658d9], contextLoader = 'org.springframework.test.context.support.DelegatingSmartContextLoader', parent = [null]]]
23:36:56.651 [Test worker] DEBUG org.springframework.test.context.cache - Spring test ApplicationContext cache statistics: [DefaultContextCache@4afd21c6 size = 1, maxSize = 32, parentContextCount = 0, hitCount = 51, missCount = 1]
23:36:56.651 [Test worker] DEBUG org.springframework.test.context.cache.DefaultCacheAwareContextLoaderDelegate - Retrieved ApplicationContext [1988644427] from cache with key [[MergedContextConfiguration@6155d082 testClass = BoardManagerTest, locations = '{}', classes = '{class org.waldreg.board.board.management.DefaultBoardManager, class org.waldreg.util.token.DecryptedTokenContext}', contextInitializerClasses = '[]', activeProfiles = '{}', propertySourceLocations = '{}', propertySourceProperties = '{}', contextCustomizers = set[org.springframework.boot.test.autoconfigure.actuate.metrics.MetricsExportContextCustomizerFactory$DisableMetricExportContextCustomizer@62010f5c, org.springframework.boot.test.autoconfigure.properties.PropertyMappingContextCustomizer@0, org.springframework.boot.test.autoconfigure.web.servlet.WebDriverContextCustomizerFactory$Customizer@73cd37c0, org.springframework.boot.test.context.filter.ExcludeFilterContextCustomizer@5a2d131d, org.springframework.boot.test.json.DuplicateJsonObjectContextCustomizerFactory$DuplicateJsonObjectContextCustomizer@1c93f6e1, org.springframework.boot.test.mock.mockito.MockitoContextCustomizer@f93658d9], contextLoader = 'org.springframework.test.context.support.DelegatingSmartContextLoader', parent = [null]]]
23:36:56.651 [Test worker] DEBUG org.springframework.test.context.cache - Spring test ApplicationContext cache statistics: [DefaultContextCache@4afd21c6 size = 1, maxSize = 32, parentContextCount = 0, hitCount = 52, missCount = 1]
23:36:56.652 [Test worker] DEBUG org.springframework.test.context.cache.DefaultCacheAwareContextLoaderDelegate - Retrieved ApplicationContext [1988644427] from cache with key [[MergedContextConfiguration@6155d082 testClass = BoardManagerTest, locations = '{}', classes = '{class org.waldreg.board.board.management.DefaultBoardManager, class org.waldreg.util.token.DecryptedTokenContext}', contextInitializerClasses = '[]', activeProfiles = '{}', propertySourceLocations = '{}', propertySourceProperties = '{}', contextCustomizers = set[org.springframework.boot.test.autoconfigure.actuate.metrics.MetricsExportContextCustomizerFactory$DisableMetricExportContextCustomizer@62010f5c, org.springframework.boot.test.autoconfigure.properties.PropertyMappingContextCustomizer@0, org.springframework.boot.test.autoconfigure.web.servlet.WebDriverContextCustomizerFactory$Customizer@73cd37c0, org.springframework.boot.test.context.filter.ExcludeFilterContextCustomizer@5a2d131d, org.springframework.boot.test.json.DuplicateJsonObjectContextCustomizerFactory$DuplicateJsonObjectContextCustomizer@1c93f6e1, org.springframework.boot.test.mock.mockito.MockitoContextCustomizer@f93658d9], contextLoader = 'org.springframework.test.context.support.DelegatingSmartContextLoader', parent = [null]]]
23:36:56.652 [Test worker] DEBUG org.springframework.test.context.cache - Spring test ApplicationContext cache statistics: [DefaultContextCache@4afd21c6 size = 1, maxSize = 32, parentContextCount = 0, hitCount = 53, missCount = 1]
23:36:56.655 [Test worker] DEBUG org.springframework.test.context.cache.DefaultCacheAwareContextLoaderDelegate - Retrieved ApplicationContext [1988644427] from cache with key [[MergedContextConfiguration@6155d082 testClass = BoardManagerTest, locations = '{}', classes = '{class org.waldreg.board.board.management.DefaultBoardManager, class org.waldreg.util.token.DecryptedTokenContext}', contextInitializerClasses = '[]', activeProfiles = '{}', propertySourceLocations = '{}', propertySourceProperties = '{}', contextCustomizers = set[org.springframework.boot.test.autoconfigure.actuate.metrics.MetricsExportContextCustomizerFactory$DisableMetricExportContextCustomizer@62010f5c, org.springframework.boot.test.autoconfigure.properties.PropertyMappingContextCustomizer@0, org.springframework.boot.test.autoconfigure.web.servlet.WebDriverContextCustomizerFactory$Customizer@73cd37c0, org.springframework.boot.test.context.filter.ExcludeFilterContextCustomizer@5a2d131d, org.springframework.boot.test.json.DuplicateJsonObjectContextCustomizerFactory$DuplicateJsonObjectContextCustomizer@1c93f6e1, org.springframework.boot.test.mock.mockito.MockitoContextCustomizer@f93658d9], contextLoader = 'org.springframework.test.context.support.DelegatingSmartContextLoader', parent = [null]]]
23:36:56.655 [Test worker] DEBUG org.springframework.test.context.cache - Spring test ApplicationContext cache statistics: [DefaultContextCache@4afd21c6 size = 1, maxSize = 32, parentContextCount = 0, hitCount = 54, missCount = 1]
23:36:56.655 [Test worker] DEBUG org.springframework.test.context.cache.DefaultCacheAwareContextLoaderDelegate - Retrieved ApplicationContext [1988644427] from cache with key [[MergedContextConfiguration@6155d082 testClass = BoardManagerTest, locations = '{}', classes = '{class org.waldreg.board.board.management.DefaultBoardManager, class org.waldreg.util.token.DecryptedTokenContext}', contextInitializerClasses = '[]', activeProfiles = '{}', propertySourceLocations = '{}', propertySourceProperties = '{}', contextCustomizers = set[org.springframework.boot.test.autoconfigure.actuate.metrics.MetricsExportContextCustomizerFactory$DisableMetricExportContextCustomizer@62010f5c, org.springframework.boot.test.autoconfigure.properties.PropertyMappingContextCustomizer@0, org.springframework.boot.test.autoconfigure.web.servlet.WebDriverContextCustomizerFactory$Customizer@73cd37c0, org.springframework.boot.test.context.filter.ExcludeFilterContextCustomizer@5a2d131d, org.springframework.boot.test.json.DuplicateJsonObjectContextCustomizerFactory$DuplicateJsonObjectContextCustomizer@1c93f6e1, org.springframework.boot.test.mock.mockito.MockitoContextCustomizer@f93658d9], contextLoader = 'org.springframework.test.context.support.DelegatingSmartContextLoader', parent = [null]]]
23:36:56.655 [Test worker] DEBUG org.springframework.test.context.cache - Spring test ApplicationContext cache statistics: [DefaultContextCache@4afd21c6 size = 1, maxSize = 32, parentContextCount = 0, hitCount = 55, missCount = 1]
23:36:56.655 [Test worker] DEBUG org.springframework.test.context.cache.DefaultCacheAwareContextLoaderDelegate - Retrieved ApplicationContext [1988644427] from cache with key [[MergedContextConfiguration@6155d082 testClass = BoardManagerTest, locations = '{}', classes = '{class org.waldreg.board.board.management.DefaultBoardManager, class org.waldreg.util.token.DecryptedTokenContext}', contextInitializerClasses = '[]', activeProfiles = '{}', propertySourceLocations = '{}', propertySourceProperties = '{}', contextCustomizers = set[org.springframework.boot.test.autoconfigure.actuate.metrics.MetricsExportContextCustomizerFactory$DisableMetricExportContextCustomizer@62010f5c, org.springframework.boot.test.autoconfigure.properties.PropertyMappingContextCustomizer@0, org.springframework.boot.test.autoconfigure.web.servlet.WebDriverContextCustomizerFactory$Customizer@73cd37c0, org.springframework.boot.test.context.filter.ExcludeFilterContextCustomizer@5a2d131d, org.springframework.boot.test.json.DuplicateJsonObjectContextCustomizerFactory$DuplicateJsonObjectContextCustomizer@1c93f6e1, org.springframework.boot.test.mock.mockito.MockitoContextCustomizer@f93658d9], contextLoader = 'org.springframework.test.context.support.DelegatingSmartContextLoader', parent = [null]]]
23:36:56.656 [Test worker] DEBUG org.springframework.test.context.cache - Spring test ApplicationContext cache statistics: [DefaultContextCache@4afd21c6 size = 1, maxSize = 32, parentContextCount = 0, hitCount = 56, missCount = 1]
23:36:56.656 [Test worker] DEBUG org.springframework.test.context.cache.DefaultCacheAwareContextLoaderDelegate - Retrieved ApplicationContext [1988644427] from cache with key [[MergedContextConfiguration@6155d082 testClass = BoardManagerTest, locations = '{}', classes = '{class org.waldreg.board.board.management.DefaultBoardManager, class org.waldreg.util.token.DecryptedTokenContext}', contextInitializerClasses = '[]', activeProfiles = '{}', propertySourceLocations = '{}', propertySourceProperties = '{}', contextCustomizers = set[org.springframework.boot.test.autoconfigure.actuate.metrics.MetricsExportContextCustomizerFactory$DisableMetricExportContextCustomizer@62010f5c, org.springframework.boot.test.autoconfigure.properties.PropertyMappingContextCustomizer@0, org.springframework.boot.test.autoconfigure.web.servlet.WebDriverContextCustomizerFactory$Customizer@73cd37c0, org.springframework.boot.test.context.filter.ExcludeFilterContextCustomizer@5a2d131d, org.springframework.boot.test.json.DuplicateJsonObjectContextCustomizerFactory$DuplicateJsonObjectContextCustomizer@1c93f6e1, org.springframework.boot.test.mock.mockito.MockitoContextCustomizer@f93658d9], contextLoader = 'org.springframework.test.context.support.DelegatingSmartContextLoader', parent = [null]]]
23:36:56.656 [Test worker] DEBUG org.springframework.test.context.cache - Spring test ApplicationContext cache statistics: [DefaultContextCache@4afd21c6 size = 1, maxSize = 32, parentContextCount = 0, hitCount = 57, missCount = 1]
23:36:56.656 [Test worker] DEBUG org.springframework.test.context.cache.DefaultCacheAwareContextLoaderDelegate - Retrieved ApplicationContext [1988644427] from cache with key [[MergedContextConfiguration@6155d082 testClass = BoardManagerTest, locations = '{}', classes = '{class org.waldreg.board.board.management.DefaultBoardManager, class org.waldreg.util.token.DecryptedTokenContext}', contextInitializerClasses = '[]', activeProfiles = '{}', propertySourceLocations = '{}', propertySourceProperties = '{}', contextCustomizers = set[org.springframework.boot.test.autoconfigure.actuate.metrics.MetricsExportContextCustomizerFactory$DisableMetricExportContextCustomizer@62010f5c, org.springframework.boot.test.autoconfigure.properties.PropertyMappingContextCustomizer@0, org.springframework.boot.test.autoconfigure.web.servlet.WebDriverContextCustomizerFactory$Customizer@73cd37c0, org.springframework.boot.test.context.filter.ExcludeFilterContextCustomizer@5a2d131d, org.springframework.boot.test.json.DuplicateJsonObjectContextCustomizerFactory$DuplicateJsonObjectContextCustomizer@1c93f6e1, org.springframework.boot.test.mock.mockito.MockitoContextCustomizer@f93658d9], contextLoader = 'org.springframework.test.context.support.DelegatingSmartContextLoader', parent = [null]]]
23:36:56.656 [Test worker] DEBUG org.springframework.test.context.cache - Spring test ApplicationContext cache statistics: [DefaultContextCache@4afd21c6 size = 1, maxSize = 32, parentContextCount = 0, hitCount = 58, missCount = 1]
23:36:56.656 [Test worker] DEBUG org.springframework.test.context.cache.DefaultCacheAwareContextLoaderDelegate - Retrieved ApplicationContext [1988644427] from cache with key [[MergedContextConfiguration@6155d082 testClass = BoardManagerTest, locations = '{}', classes = '{class org.waldreg.board.board.management.DefaultBoardManager, class org.waldreg.util.token.DecryptedTokenContext}', contextInitializerClasses = '[]', activeProfiles = '{}', propertySourceLocations = '{}', propertySourceProperties = '{}', contextCustomizers = set[org.springframework.boot.test.autoconfigure.actuate.metrics.MetricsExportContextCustomizerFactory$DisableMetricExportContextCustomizer@62010f5c, org.springframework.boot.test.autoconfigure.properties.PropertyMappingContextCustomizer@0, org.springframework.boot.test.autoconfigure.web.servlet.WebDriverContextCustomizerFactory$Customizer@73cd37c0, org.springframework.boot.test.context.filter.ExcludeFilterContextCustomizer@5a2d131d, org.springframework.boot.test.json.DuplicateJsonObjectContextCustomizerFactory$DuplicateJsonObjectContextCustomizer@1c93f6e1, org.springframework.boot.test.mock.mockito.MockitoContextCustomizer@f93658d9], contextLoader = 'org.springframework.test.context.support.DelegatingSmartContextLoader', parent = [null]]]
23:36:56.656 [Test worker] DEBUG org.springframework.test.context.cache - Spring test ApplicationContext cache statistics: [DefaultContextCache@4afd21c6 size = 1, maxSize = 32, parentContextCount = 0, hitCount = 59, missCount = 1]
23:36:56.656 [Test worker] DEBUG org.springframework.test.context.support.AbstractDirtiesContextTestExecutionListener - After test method: context [DefaultTestContext@47f9738 testClass = BoardManagerTest, testInstance = org.waldreg.board.board.BoardManagerTest@1416cf9f, testMethod = CREATE_BOARD_SUCCESS_TEST@BoardManagerTest, testException = [null], mergedContextConfiguration = [MergedContextConfiguration@6155d082 testClass = BoardManagerTest, locations = '{}', classes = '{class org.waldreg.board.board.management.DefaultBoardManager, class org.waldreg.util.token.DecryptedTokenContext}', contextInitializerClasses = '[]', activeProfiles = '{}', propertySourceLocations = '{}', propertySourceProperties = '{}', contextCustomizers = set[org.springframework.boot.test.autoconfigure.actuate.metrics.MetricsExportContextCustomizerFactory$DisableMetricExportContextCustomizer@62010f5c, org.springframework.boot.test.autoconfigure.properties.PropertyMappingContextCustomizer@0, org.springframework.boot.test.autoconfigure.web.servlet.WebDriverContextCustomizerFactory$Customizer@73cd37c0, org.springframework.boot.test.context.filter.ExcludeFilterContextCustomizer@5a2d131d, org.springframework.boot.test.json.DuplicateJsonObjectContextCustomizerFactory$DuplicateJsonObjectContextCustomizer@1c93f6e1, org.springframework.boot.test.mock.mockito.MockitoContextCustomizer@f93658d9], contextLoader = 'org.springframework.test.context.support.DelegatingSmartContextLoader', parent = [null]], attributes = map['org.springframework.test.context.event.ApplicationEventsTestExecutionListener.recordApplicationEvents' -> false]], class annotated with @DirtiesContext [false] with mode [null], method annotated with @DirtiesContext [false] with mode [null].
23:36:56.657 [Test worker] DEBUG org.springframework.test.context.cache.DefaultCacheAwareContextLoaderDelegate - Retrieved ApplicationContext [1988644427] from cache with key [[MergedContextConfiguration@6155d082 testClass = BoardManagerTest, locations = '{}', classes = '{class org.waldreg.board.board.management.DefaultBoardManager, class org.waldreg.util.token.DecryptedTokenContext}', contextInitializerClasses = '[]', activeProfiles = '{}', propertySourceLocations = '{}', propertySourceProperties = '{}', contextCustomizers = set[org.springframework.boot.test.autoconfigure.actuate.metrics.MetricsExportContextCustomizerFactory$DisableMetricExportContextCustomizer@62010f5c, org.springframework.boot.test.autoconfigure.properties.PropertyMappingContextCustomizer@0, org.springframework.boot.test.autoconfigure.web.servlet.WebDriverContextCustomizerFactory$Customizer@73cd37c0, org.springframework.boot.test.context.filter.ExcludeFilterContextCustomizer@5a2d131d, org.springframework.boot.test.json.DuplicateJsonObjectContextCustomizerFactory$DuplicateJsonObjectContextCustomizer@1c93f6e1, org.springframework.boot.test.mock.mockito.MockitoContextCustomizer@f93658d9], contextLoader = 'org.springframework.test.context.support.DelegatingSmartContextLoader', parent = [null]]]
23:36:56.657 [Test worker] DEBUG org.springframework.test.context.cache - Spring test ApplicationContext cache statistics: [DefaultContextCache@4afd21c6 size = 1, maxSize = 32, parentContextCount = 0, hitCount = 60, missCount = 1]
23:36:56.657 [Test worker] DEBUG org.springframework.test.context.support.DependencyInjectionTestExecutionListener - Performing dependency injection for test context [[DefaultTestContext@47f9738 testClass = BoardManagerTest, testInstance = org.waldreg.board.board.BoardManagerTest@6ba7383d, testMethod = [null], testException = [null], mergedContextConfiguration = [MergedContextConfiguration@6155d082 testClass = BoardManagerTest, locations = '{}', classes = '{class org.waldreg.board.board.management.DefaultBoardManager, class org.waldreg.util.token.DecryptedTokenContext}', contextInitializerClasses = '[]', activeProfiles = '{}', propertySourceLocations = '{}', propertySourceProperties = '{}', contextCustomizers = set[org.springframework.boot.test.autoconfigure.actuate.metrics.MetricsExportContextCustomizerFactory$DisableMetricExportContextCustomizer@62010f5c, org.springframework.boot.test.autoconfigure.properties.PropertyMappingContextCustomizer@0, org.springframework.boot.test.autoconfigure.web.servlet.WebDriverContextCustomizerFactory$Customizer@73cd37c0, org.springframework.boot.test.context.filter.ExcludeFilterContextCustomizer@5a2d131d, org.springframework.boot.test.json.DuplicateJsonObjectContextCustomizerFactory$DuplicateJsonObjectContextCustomizer@1c93f6e1, org.springframework.boot.test.mock.mockito.MockitoContextCustomizer@f93658d9], contextLoader = 'org.springframework.test.context.support.DelegatingSmartContextLoader', parent = [null]], attributes = map['org.springframework.test.context.event.ApplicationEventsTestExecutionListener.recordApplicationEvents' -> false]]].
23:36:56.657 [Test worker] DEBUG org.springframework.test.context.cache.DefaultCacheAwareContextLoaderDelegate - Retrieved ApplicationContext [1988644427] from cache with key [[MergedContextConfiguration@6155d082 testClass = BoardManagerTest, locations = '{}', classes = '{class org.waldreg.board.board.management.DefaultBoardManager, class org.waldreg.util.token.DecryptedTokenContext}', contextInitializerClasses = '[]', activeProfiles = '{}', propertySourceLocations = '{}', propertySourceProperties = '{}', contextCustomizers = set[org.springframework.boot.test.autoconfigure.actuate.metrics.MetricsExportContextCustomizerFactory$DisableMetricExportContextCustomizer@62010f5c, org.springframework.boot.test.autoconfigure.properties.PropertyMappingContextCustomizer@0, org.springframework.boot.test.autoconfigure.web.servlet.WebDriverContextCustomizerFactory$Customizer@73cd37c0, org.springframework.boot.test.context.filter.ExcludeFilterContextCustomizer@5a2d131d, org.springframework.boot.test.json.DuplicateJsonObjectContextCustomizerFactory$DuplicateJsonObjectContextCustomizer@1c93f6e1, org.springframework.boot.test.mock.mockito.MockitoContextCustomizer@f93658d9], contextLoader = 'org.springframework.test.context.support.DelegatingSmartContextLoader', parent = [null]]]
23:36:56.657 [Test worker] DEBUG org.springframework.test.context.cache - Spring test ApplicationContext cache statistics: [DefaultContextCache@4afd21c6 size = 1, maxSize = 32, parentContextCount = 0, hitCount = 61, missCount = 1]
23:36:56.657 [Test worker] DEBUG org.springframework.test.context.cache.DefaultCacheAwareContextLoaderDelegate - Retrieved ApplicationContext [1988644427] from cache with key [[MergedContextConfiguration@6155d082 testClass = BoardManagerTest, locations = '{}', classes = '{class org.waldreg.board.board.management.DefaultBoardManager, class org.waldreg.util.token.DecryptedTokenContext}', contextInitializerClasses = '[]', activeProfiles = '{}', propertySourceLocations = '{}', propertySourceProperties = '{}', contextCustomizers = set[org.springframework.boot.test.autoconfigure.actuate.metrics.MetricsExportContextCustomizerFactory$DisableMetricExportContextCustomizer@62010f5c, org.springframework.boot.test.autoconfigure.properties.PropertyMappingContextCustomizer@0, org.springframework.boot.test.autoconfigure.web.servlet.WebDriverContextCustomizerFactory$Customizer@73cd37c0, org.springframework.boot.test.context.filter.ExcludeFilterContextCustomizer@5a2d131d, org.springframework.boot.test.json.DuplicateJsonObjectContextCustomizerFactory$DuplicateJsonObjectContextCustomizer@1c93f6e1, org.springframework.boot.test.mock.mockito.MockitoContextCustomizer@f93658d9], contextLoader = 'org.springframework.test.context.support.DelegatingSmartContextLoader', parent = [null]]]
23:36:56.657 [Test worker] DEBUG org.springframework.test.context.cache - Spring test ApplicationContext cache statistics: [DefaultContextCache@4afd21c6 size = 1, maxSize = 32, parentContextCount = 0, hitCount = 62, missCount = 1]
23:36:56.657 [Test worker] DEBUG org.springframework.test.context.support.AbstractDirtiesContextTestExecutionListener - Before test method: context [DefaultTestContext@47f9738 testClass = BoardManagerTest, testInstance = org.waldreg.board.board.BoardManagerTest@6ba7383d, testMethod = DELETE_BOARD_FAIL_TEST@BoardManagerTest, testException = [null], mergedContextConfiguration = [MergedContextConfiguration@6155d082 testClass = BoardManagerTest, locations = '{}', classes = '{class org.waldreg.board.board.management.DefaultBoardManager, class org.waldreg.util.token.DecryptedTokenContext}', contextInitializerClasses = '[]', activeProfiles = '{}', propertySourceLocations = '{}', propertySourceProperties = '{}', contextCustomizers = set[org.springframework.boot.test.autoconfigure.actuate.metrics.MetricsExportContextCustomizerFactory$DisableMetricExportContextCustomizer@62010f5c, org.springframework.boot.test.autoconfigure.properties.PropertyMappingContextCustomizer@0, org.springframework.boot.test.autoconfigure.web.servlet.WebDriverContextCustomizerFactory$Customizer@73cd37c0, org.springframework.boot.test.context.filter.ExcludeFilterContextCustomizer@5a2d131d, org.springframework.boot.test.json.DuplicateJsonObjectContextCustomizerFactory$DuplicateJsonObjectContextCustomizer@1c93f6e1, org.springframework.boot.test.mock.mockito.MockitoContextCustomizer@f93658d9], contextLoader = 'org.springframework.test.context.support.DelegatingSmartContextLoader', parent = [null]], attributes = map['org.springframework.test.context.event.ApplicationEventsTestExecutionListener.recordApplicationEvents' -> false]], class annotated with @DirtiesContext [false] with mode [null], method annotated with @DirtiesContext [false] with mode [null].
23:36:56.658 [Test worker] DEBUG org.springframework.test.context.cache.DefaultCacheAwareContextLoaderDelegate - Retrieved ApplicationContext [1988644427] from cache with key [[MergedContextConfiguration@6155d082 testClass = BoardManagerTest, locations = '{}', classes = '{class org.waldreg.board.board.management.DefaultBoardManager, class org.waldreg.util.token.DecryptedTokenContext}', contextInitializerClasses = '[]', activeProfiles = '{}', propertySourceLocations = '{}', propertySourceProperties = '{}', contextCustomizers = set[org.springframework.boot.test.autoconfigure.actuate.metrics.MetricsExportContextCustomizerFactory$DisableMetricExportContextCustomizer@62010f5c, org.springframework.boot.test.autoconfigure.properties.PropertyMappingContextCustomizer@0, org.springframework.boot.test.autoconfigure.web.servlet.WebDriverContextCustomizerFactory$Customizer@73cd37c0, org.springframework.boot.test.context.filter.ExcludeFilterContextCustomizer@5a2d131d, org.springframework.boot.test.json.DuplicateJsonObjectContextCustomizerFactory$DuplicateJsonObjectContextCustomizer@1c93f6e1, org.springframework.boot.test.mock.mockito.MockitoContextCustomizer@f93658d9], contextLoader = 'org.springframework.test.context.support.DelegatingSmartContextLoader', parent = [null]]]
23:36:56.658 [Test worker] DEBUG org.springframework.test.context.cache - Spring test ApplicationContext cache statistics: [DefaultContextCache@4afd21c6 size = 1, maxSize = 32, parentContextCount = 0, hitCount = 63, missCount = 1]
23:36:56.658 [Test worker] DEBUG org.springframework.test.context.cache.DefaultCacheAwareContextLoaderDelegate - Retrieved ApplicationContext [1988644427] from cache with key [[MergedContextConfiguration@6155d082 testClass = BoardManagerTest, locations = '{}', classes = '{class org.waldreg.board.board.management.DefaultBoardManager, class org.waldreg.util.token.DecryptedTokenContext}', contextInitializerClasses = '[]', activeProfiles = '{}', propertySourceLocations = '{}', propertySourceProperties = '{}', contextCustomizers = set[org.springframework.boot.test.autoconfigure.actuate.metrics.MetricsExportContextCustomizerFactory$DisableMetricExportContextCustomizer@62010f5c, org.springframework.boot.test.autoconfigure.properties.PropertyMappingContextCustomizer@0, org.springframework.boot.test.autoconfigure.web.servlet.WebDriverContextCustomizerFactory$Customizer@73cd37c0, org.springframework.boot.test.context.filter.ExcludeFilterContextCustomizer@5a2d131d, org.springframework.boot.test.json.DuplicateJsonObjectContextCustomizerFactory$DuplicateJsonObjectContextCustomizer@1c93f6e1, org.springframework.boot.test.mock.mockito.MockitoContextCustomizer@f93658d9], contextLoader = 'org.springframework.test.context.support.DelegatingSmartContextLoader', parent = [null]]]
23:36:56.658 [Test worker] DEBUG org.springframework.test.context.cache - Spring test ApplicationContext cache statistics: [DefaultContextCache@4afd21c6 size = 1, maxSize = 32, parentContextCount = 0, hitCount = 64, missCount = 1]
23:36:56.658 [Test worker] DEBUG org.springframework.test.context.cache.DefaultCacheAwareContextLoaderDelegate - Retrieved ApplicationContext [1988644427] from cache with key [[MergedContextConfiguration@6155d082 testClass = BoardManagerTest, locations = '{}', classes = '{class org.waldreg.board.board.management.DefaultBoardManager, class org.waldreg.util.token.DecryptedTokenContext}', contextInitializerClasses = '[]', activeProfiles = '{}', propertySourceLocations = '{}', propertySourceProperties = '{}', contextCustomizers = set[org.springframework.boot.test.autoconfigure.actuate.metrics.MetricsExportContextCustomizerFactory$DisableMetricExportContextCustomizer@62010f5c, org.springframework.boot.test.autoconfigure.properties.PropertyMappingContextCustomizer@0, org.springframework.boot.test.autoconfigure.web.servlet.WebDriverContextCustomizerFactory$Customizer@73cd37c0, org.springframework.boot.test.context.filter.ExcludeFilterContextCustomizer@5a2d131d, org.springframework.boot.test.json.DuplicateJsonObjectContextCustomizerFactory$DuplicateJsonObjectContextCustomizer@1c93f6e1, org.springframework.boot.test.mock.mockito.MockitoContextCustomizer@f93658d9], contextLoader = 'org.springframework.test.context.support.DelegatingSmartContextLoader', parent = [null]]]
23:36:56.658 [Test worker] DEBUG org.springframework.test.context.cache - Spring test ApplicationContext cache statistics: [DefaultContextCache@4afd21c6 size = 1, maxSize = 32, parentContextCount = 0, hitCount = 65, missCount = 1]
23:36:56.659 [Test worker] DEBUG org.springframework.test.context.cache.DefaultCacheAwareContextLoaderDelegate - Retrieved ApplicationContext [1988644427] from cache with key [[MergedContextConfiguration@6155d082 testClass = BoardManagerTest, locations = '{}', classes = '{class org.waldreg.board.board.management.DefaultBoardManager, class org.waldreg.util.token.DecryptedTokenContext}', contextInitializerClasses = '[]', activeProfiles = '{}', propertySourceLocations = '{}', propertySourceProperties = '{}', contextCustomizers = set[org.springframework.boot.test.autoconfigure.actuate.metrics.MetricsExportContextCustomizerFactory$DisableMetricExportContextCustomizer@62010f5c, org.springframework.boot.test.autoconfigure.properties.PropertyMappingContextCustomizer@0, org.springframework.boot.test.autoconfigure.web.servlet.WebDriverContextCustomizerFactory$Customizer@73cd37c0, org.springframework.boot.test.context.filter.ExcludeFilterContextCustomizer@5a2d131d, org.springframework.boot.test.json.DuplicateJsonObjectContextCustomizerFactory$DuplicateJsonObjectContextCustomizer@1c93f6e1, org.springframework.boot.test.mock.mockito.MockitoContextCustomizer@f93658d9], contextLoader = 'org.springframework.test.context.support.DelegatingSmartContextLoader', parent = [null]]]
23:36:56.659 [Test worker] DEBUG org.springframework.test.context.cache - Spring test ApplicationContext cache statistics: [DefaultContextCache@4afd21c6 size = 1, maxSize = 32, parentContextCount = 0, hitCount = 66, missCount = 1]
23:36:56.659 [Test worker] DEBUG org.springframework.test.context.cache.DefaultCacheAwareContextLoaderDelegate - Retrieved ApplicationContext [1988644427] from cache with key [[MergedContextConfiguration@6155d082 testClass = BoardManagerTest, locations = '{}', classes = '{class org.waldreg.board.board.management.DefaultBoardManager, class org.waldreg.util.token.DecryptedTokenContext}', contextInitializerClasses = '[]', activeProfiles = '{}', propertySourceLocations = '{}', propertySourceProperties = '{}', contextCustomizers = set[org.springframework.boot.test.autoconfigure.actuate.metrics.MetricsExportContextCustomizerFactory$DisableMetricExportContextCustomizer@62010f5c, org.springframework.boot.test.autoconfigure.properties.PropertyMappingContextCustomizer@0, org.springframework.boot.test.autoconfigure.web.servlet.WebDriverContextCustomizerFactory$Customizer@73cd37c0, org.springframework.boot.test.context.filter.ExcludeFilterContextCustomizer@5a2d131d, org.springframework.boot.test.json.DuplicateJsonObjectContextCustomizerFactory$DuplicateJsonObjectContextCustomizer@1c93f6e1, org.springframework.boot.test.mock.mockito.MockitoContextCustomizer@f93658d9], contextLoader = 'org.springframework.test.context.support.DelegatingSmartContextLoader', parent = [null]]]
23:36:56.659 [Test worker] DEBUG org.springframework.test.context.cache - Spring test ApplicationContext cache statistics: [DefaultContextCache@4afd21c6 size = 1, maxSize = 32, parentContextCount = 0, hitCount = 67, missCount = 1]
23:36:56.659 [Test worker] DEBUG org.springframework.test.context.cache.DefaultCacheAwareContextLoaderDelegate - Retrieved ApplicationContext [1988644427] from cache with key [[MergedContextConfiguration@6155d082 testClass = BoardManagerTest, locations = '{}', classes = '{class org.waldreg.board.board.management.DefaultBoardManager, class org.waldreg.util.token.DecryptedTokenContext}', contextInitializerClasses = '[]', activeProfiles = '{}', propertySourceLocations = '{}', propertySourceProperties = '{}', contextCustomizers = set[org.springframework.boot.test.autoconfigure.actuate.metrics.MetricsExportContextCustomizerFactory$DisableMetricExportContextCustomizer@62010f5c, org.springframework.boot.test.autoconfigure.properties.PropertyMappingContextCustomizer@0, org.springframework.boot.test.autoconfigure.web.servlet.WebDriverContextCustomizerFactory$Customizer@73cd37c0, org.springframework.boot.test.context.filter.ExcludeFilterContextCustomizer@5a2d131d, org.springframework.boot.test.json.DuplicateJsonObjectContextCustomizerFactory$DuplicateJsonObjectContextCustomizer@1c93f6e1, org.springframework.boot.test.mock.mockito.MockitoContextCustomizer@f93658d9], contextLoader = 'org.springframework.test.context.support.DelegatingSmartContextLoader', parent = [null]]]
23:36:56.659 [Test worker] DEBUG org.springframework.test.context.cache - Spring test ApplicationContext cache statistics: [DefaultContextCache@4afd21c6 size = 1, maxSize = 32, parentContextCount = 0, hitCount = 68, missCount = 1]
23:36:56.659 [Test worker] DEBUG org.springframework.test.context.cache.DefaultCacheAwareContextLoaderDelegate - Retrieved ApplicationContext [1988644427] from cache with key [[MergedContextConfiguration@6155d082 testClass = BoardManagerTest, locations = '{}', classes = '{class org.waldreg.board.board.management.DefaultBoardManager, class org.waldreg.util.token.DecryptedTokenContext}', contextInitializerClasses = '[]', activeProfiles = '{}', propertySourceLocations = '{}', propertySourceProperties = '{}', contextCustomizers = set[org.springframework.boot.test.autoconfigure.actuate.metrics.MetricsExportContextCustomizerFactory$DisableMetricExportContextCustomizer@62010f5c, org.springframework.boot.test.autoconfigure.properties.PropertyMappingContextCustomizer@0, org.springframework.boot.test.autoconfigure.web.servlet.WebDriverContextCustomizerFactory$Customizer@73cd37c0, org.springframework.boot.test.context.filter.ExcludeFilterContextCustomizer@5a2d131d, org.springframework.boot.test.json.DuplicateJsonObjectContextCustomizerFactory$DuplicateJsonObjectContextCustomizer@1c93f6e1, org.springframework.boot.test.mock.mockito.MockitoContextCustomizer@f93658d9], contextLoader = 'org.springframework.test.context.support.DelegatingSmartContextLoader', parent = [null]]]
23:36:56.659 [Test worker] DEBUG org.springframework.test.context.cache - Spring test ApplicationContext cache statistics: [DefaultContextCache@4afd21c6 size = 1, maxSize = 32, parentContextCount = 0, hitCount = 69, missCount = 1]
23:36:56.659 [Test worker] DEBUG org.springframework.test.context.cache.DefaultCacheAwareContextLoaderDelegate - Retrieved ApplicationContext [1988644427] from cache with key [[MergedContextConfiguration@6155d082 testClass = BoardManagerTest, locations = '{}', classes = '{class org.waldreg.board.board.management.DefaultBoardManager, class org.waldreg.util.token.DecryptedTokenContext}', contextInitializerClasses = '[]', activeProfiles = '{}', propertySourceLocations = '{}', propertySourceProperties = '{}', contextCustomizers = set[org.springframework.boot.test.autoconfigure.actuate.metrics.MetricsExportContextCustomizerFactory$DisableMetricExportContextCustomizer@62010f5c, org.springframework.boot.test.autoconfigure.properties.PropertyMappingContextCustomizer@0, org.springframework.boot.test.autoconfigure.web.servlet.WebDriverContextCustomizerFactory$Customizer@73cd37c0, org.springframework.boot.test.context.filter.ExcludeFilterContextCustomizer@5a2d131d, org.springframework.boot.test.json.DuplicateJsonObjectContextCustomizerFactory$DuplicateJsonObjectContextCustomizer@1c93f6e1, org.springframework.boot.test.mock.mockito.MockitoContextCustomizer@f93658d9], contextLoader = 'org.springframework.test.context.support.DelegatingSmartContextLoader', parent = [null]]]
23:36:56.659 [Test worker] DEBUG org.springframework.test.context.cache - Spring test ApplicationContext cache statistics: [DefaultContextCache@4afd21c6 size = 1, maxSize = 32, parentContextCount = 0, hitCount = 70, missCount = 1]
23:36:56.660 [Test worker] DEBUG org.springframework.test.context.cache.DefaultCacheAwareContextLoaderDelegate - Retrieved ApplicationContext [1988644427] from cache with key [[MergedContextConfiguration@6155d082 testClass = BoardManagerTest, locations = '{}', classes = '{class org.waldreg.board.board.management.DefaultBoardManager, class org.waldreg.util.token.DecryptedTokenContext}', contextInitializerClasses = '[]', activeProfiles = '{}', propertySourceLocations = '{}', propertySourceProperties = '{}', contextCustomizers = set[org.springframework.boot.test.autoconfigure.actuate.metrics.MetricsExportContextCustomizerFactory$DisableMetricExportContextCustomizer@62010f5c, org.springframework.boot.test.autoconfigure.properties.PropertyMappingContextCustomizer@0, org.springframework.boot.test.autoconfigure.web.servlet.WebDriverContextCustomizerFactory$Customizer@73cd37c0, org.springframework.boot.test.context.filter.ExcludeFilterContextCustomizer@5a2d131d, org.springframework.boot.test.json.DuplicateJsonObjectContextCustomizerFactory$DuplicateJsonObjectContextCustomizer@1c93f6e1, org.springframework.boot.test.mock.mockito.MockitoContextCustomizer@f93658d9], contextLoader = 'org.springframework.test.context.support.DelegatingSmartContextLoader', parent = [null]]]
23:36:56.660 [Test worker] DEBUG org.springframework.test.context.cache - Spring test ApplicationContext cache statistics: [DefaultContextCache@4afd21c6 size = 1, maxSize = 32, parentContextCount = 0, hitCount = 71, missCount = 1]
23:36:56.660 [Test worker] DEBUG org.springframework.test.context.support.AbstractDirtiesContextTestExecutionListener - After test method: context [DefaultTestContext@47f9738 testClass = BoardManagerTest, testInstance = org.waldreg.board.board.BoardManagerTest@6ba7383d, testMethod = DELETE_BOARD_FAIL_TEST@BoardManagerTest, testException = [null], mergedContextConfiguration = [MergedContextConfiguration@6155d082 testClass = BoardManagerTest, locations = '{}', classes = '{class org.waldreg.board.board.management.DefaultBoardManager, class org.waldreg.util.token.DecryptedTokenContext}', contextInitializerClasses = '[]', activeProfiles = '{}', propertySourceLocations = '{}', propertySourceProperties = '{}', contextCustomizers = set[org.springframework.boot.test.autoconfigure.actuate.metrics.MetricsExportContextCustomizerFactory$DisableMetricExportContextCustomizer@62010f5c, org.springframework.boot.test.autoconfigure.properties.PropertyMappingContextCustomizer@0, org.springframework.boot.test.autoconfigure.web.servlet.WebDriverContextCustomizerFactory$Customizer@73cd37c0, org.springframework.boot.test.context.filter.ExcludeFilterContextCustomizer@5a2d131d, org.springframework.boot.test.json.DuplicateJsonObjectContextCustomizerFactory$DuplicateJsonObjectContextCustomizer@1c93f6e1, org.springframework.boot.test.mock.mockito.MockitoContextCustomizer@f93658d9], contextLoader = 'org.springframework.test.context.support.DelegatingSmartContextLoader', parent = [null]], attributes = map['org.springframework.test.context.event.ApplicationEventsTestExecutionListener.recordApplicationEvents' -> false]], class annotated with @DirtiesContext [false] with mode [null], method annotated with @DirtiesContext [false] with mode [null].
23:36:56.660 [Test worker] DEBUG org.springframework.test.context.cache.DefaultCacheAwareContextLoaderDelegate - Retrieved ApplicationContext [1988644427] from cache with key [[MergedContextConfiguration@6155d082 testClass = BoardManagerTest, locations = '{}', classes = '{class org.waldreg.board.board.management.DefaultBoardManager, class org.waldreg.util.token.DecryptedTokenContext}', contextInitializerClasses = '[]', activeProfiles = '{}', propertySourceLocations = '{}', propertySourceProperties = '{}', contextCustomizers = set[org.springframework.boot.test.autoconfigure.actuate.metrics.MetricsExportContextCustomizerFactory$DisableMetricExportContextCustomizer@62010f5c, org.springframework.boot.test.autoconfigure.properties.PropertyMappingContextCustomizer@0, org.springframework.boot.test.autoconfigure.web.servlet.WebDriverContextCustomizerFactory$Customizer@73cd37c0, org.springframework.boot.test.context.filter.ExcludeFilterContextCustomizer@5a2d131d, org.springframework.boot.test.json.DuplicateJsonObjectContextCustomizerFactory$DuplicateJsonObjectContextCustomizer@1c93f6e1, org.springframework.boot.test.mock.mockito.MockitoContextCustomizer@f93658d9], contextLoader = 'org.springframework.test.context.support.DelegatingSmartContextLoader', parent = [null]]]
23:36:56.660 [Test worker] DEBUG org.springframework.test.context.cache - Spring test ApplicationContext cache statistics: [DefaultContextCache@4afd21c6 size = 1, maxSize = 32, parentContextCount = 0, hitCount = 72, missCount = 1]
23:36:56.660 [Test worker] DEBUG org.springframework.test.context.support.DependencyInjectionTestExecutionListener - Performing dependency injection for test context [[DefaultTestContext@47f9738 testClass = BoardManagerTest, testInstance = org.waldreg.board.board.BoardManagerTest@5e048149, testMethod = [null], testException = [null], mergedContextConfiguration = [MergedContextConfiguration@6155d082 testClass = BoardManagerTest, locations = '{}', classes = '{class org.waldreg.board.board.management.DefaultBoardManager, class org.waldreg.util.token.DecryptedTokenContext}', contextInitializerClasses = '[]', activeProfiles = '{}', propertySourceLocations = '{}', propertySourceProperties = '{}', contextCustomizers = set[org.springframework.boot.test.autoconfigure.actuate.metrics.MetricsExportContextCustomizerFactory$DisableMetricExportContextCustomizer@62010f5c, org.springframework.boot.test.autoconfigure.properties.PropertyMappingContextCustomizer@0, org.springframework.boot.test.autoconfigure.web.servlet.WebDriverContextCustomizerFactory$Customizer@73cd37c0, org.springframework.boot.test.context.filter.ExcludeFilterContextCustomizer@5a2d131d, org.springframework.boot.test.json.DuplicateJsonObjectContextCustomizerFactory$DuplicateJsonObjectContextCustomizer@1c93f6e1, org.springframework.boot.test.mock.mockito.MockitoContextCustomizer@f93658d9], contextLoader = 'org.springframework.test.context.support.DelegatingSmartContextLoader', parent = [null]], attributes = map['org.springframework.test.context.event.ApplicationEventsTestExecutionListener.recordApplicationEvents' -> false]]].
23:36:56.660 [Test worker] DEBUG org.springframework.test.context.cache.DefaultCacheAwareContextLoaderDelegate - Retrieved ApplicationContext [1988644427] from cache with key [[MergedContextConfiguration@6155d082 testClass = BoardManagerTest, locations = '{}', classes = '{class org.waldreg.board.board.management.DefaultBoardManager, class org.waldreg.util.token.DecryptedTokenContext}', contextInitializerClasses = '[]', activeProfiles = '{}', propertySourceLocations = '{}', propertySourceProperties = '{}', contextCustomizers = set[org.springframework.boot.test.autoconfigure.actuate.metrics.MetricsExportContextCustomizerFactory$DisableMetricExportContextCustomizer@62010f5c, org.springframework.boot.test.autoconfigure.properties.PropertyMappingContextCustomizer@0, org.springframework.boot.test.autoconfigure.web.servlet.WebDriverContextCustomizerFactory$Customizer@73cd37c0, org.springframework.boot.test.context.filter.ExcludeFilterContextCustomizer@5a2d131d, org.springframework.boot.test.json.DuplicateJsonObjectContextCustomizerFactory$DuplicateJsonObjectContextCustomizer@1c93f6e1, org.springframework.boot.test.mock.mockito.MockitoContextCustomizer@f93658d9], contextLoader = 'org.springframework.test.context.support.DelegatingSmartContextLoader', parent = [null]]]
23:36:56.660 [Test worker] DEBUG org.springframework.test.context.cache - Spring test ApplicationContext cache statistics: [DefaultContextCache@4afd21c6 size = 1, maxSize = 32, parentContextCount = 0, hitCount = 73, missCount = 1]
23:36:56.660 [Test worker] DEBUG org.springframework.test.context.cache.DefaultCacheAwareContextLoaderDelegate - Retrieved ApplicationContext [1988644427] from cache with key [[MergedContextConfiguration@6155d082 testClass = BoardManagerTest, locations = '{}', classes = '{class org.waldreg.board.board.management.DefaultBoardManager, class org.waldreg.util.token.DecryptedTokenContext}', contextInitializerClasses = '[]', activeProfiles = '{}', propertySourceLocations = '{}', propertySourceProperties = '{}', contextCustomizers = set[org.springframework.boot.test.autoconfigure.actuate.metrics.MetricsExportContextCustomizerFactory$DisableMetricExportContextCustomizer@62010f5c, org.springframework.boot.test.autoconfigure.properties.PropertyMappingContextCustomizer@0, org.springframework.boot.test.autoconfigure.web.servlet.WebDriverContextCustomizerFactory$Customizer@73cd37c0, org.springframework.boot.test.context.filter.ExcludeFilterContextCustomizer@5a2d131d, org.springframework.boot.test.json.DuplicateJsonObjectContextCustomizerFactory$DuplicateJsonObjectContextCustomizer@1c93f6e1, org.springframework.boot.test.mock.mockito.MockitoContextCustomizer@f93658d9], contextLoader = 'org.springframework.test.context.support.DelegatingSmartContextLoader', parent = [null]]]
23:36:56.661 [Test worker] DEBUG org.springframework.test.context.cache - Spring test ApplicationContext cache statistics: [DefaultContextCache@4afd21c6 size = 1, maxSize = 32, parentContextCount = 0, hitCount = 74, missCount = 1]
23:36:56.661 [Test worker] DEBUG org.springframework.test.context.support.AbstractDirtiesContextTestExecutionListener - Before test method: context [DefaultTestContext@47f9738 testClass = BoardManagerTest, testInstance = org.waldreg.board.board.BoardManagerTest@5e048149, testMethod = SEARCH_BOARD_BY_TITLE_TEST@BoardManagerTest, testException = [null], mergedContextConfiguration = [MergedContextConfiguration@6155d082 testClass = BoardManagerTest, locations = '{}', classes = '{class org.waldreg.board.board.management.DefaultBoardManager, class org.waldreg.util.token.DecryptedTokenContext}', contextInitializerClasses = '[]', activeProfiles = '{}', propertySourceLocations = '{}', propertySourceProperties = '{}', contextCustomizers = set[org.springframework.boot.test.autoconfigure.actuate.metrics.MetricsExportContextCustomizerFactory$DisableMetricExportContextCustomizer@62010f5c, org.springframework.boot.test.autoconfigure.properties.PropertyMappingContextCustomizer@0, org.springframework.boot.test.autoconfigure.web.servlet.WebDriverContextCustomizerFactory$Customizer@73cd37c0, org.springframework.boot.test.context.filter.ExcludeFilterContextCustomizer@5a2d131d, org.springframework.boot.test.json.DuplicateJsonObjectContextCustomizerFactory$DuplicateJsonObjectContextCustomizer@1c93f6e1, org.springframework.boot.test.mock.mockito.MockitoContextCustomizer@f93658d9], contextLoader = 'org.springframework.test.context.support.DelegatingSmartContextLoader', parent = [null]], attributes = map['org.springframework.test.context.event.ApplicationEventsTestExecutionListener.recordApplicationEvents' -> false]], class annotated with @DirtiesContext [false] with mode [null], method annotated with @DirtiesContext [false] with mode [null].
23:36:56.661 [Test worker] DEBUG org.springframework.test.context.cache.DefaultCacheAwareContextLoaderDelegate - Retrieved ApplicationContext [1988644427] from cache with key [[MergedContextConfiguration@6155d082 testClass = BoardManagerTest, locations = '{}', classes = '{class org.waldreg.board.board.management.DefaultBoardManager, class org.waldreg.util.token.DecryptedTokenContext}', contextInitializerClasses = '[]', activeProfiles = '{}', propertySourceLocations = '{}', propertySourceProperties = '{}', contextCustomizers = set[org.springframework.boot.test.autoconfigure.actuate.metrics.MetricsExportContextCustomizerFactory$DisableMetricExportContextCustomizer@62010f5c, org.springframework.boot.test.autoconfigure.properties.PropertyMappingContextCustomizer@0, org.springframework.boot.test.autoconfigure.web.servlet.WebDriverContextCustomizerFactory$Customizer@73cd37c0, org.springframework.boot.test.context.filter.ExcludeFilterContextCustomizer@5a2d131d, org.springframework.boot.test.json.DuplicateJsonObjectContextCustomizerFactory$DuplicateJsonObjectContextCustomizer@1c93f6e1, org.springframework.boot.test.mock.mockito.MockitoContextCustomizer@f93658d9], contextLoader = 'org.springframework.test.context.support.DelegatingSmartContextLoader', parent = [null]]]
23:36:56.661 [Test worker] DEBUG org.springframework.test.context.cache - Spring test ApplicationContext cache statistics: [DefaultContextCache@4afd21c6 size = 1, maxSize = 32, parentContextCount = 0, hitCount = 75, missCount = 1]
23:36:56.661 [Test worker] DEBUG org.springframework.test.context.cache.DefaultCacheAwareContextLoaderDelegate - Retrieved ApplicationContext [1988644427] from cache with key [[MergedContextConfiguration@6155d082 testClass = BoardManagerTest, locations = '{}', classes = '{class org.waldreg.board.board.management.DefaultBoardManager, class org.waldreg.util.token.DecryptedTokenContext}', contextInitializerClasses = '[]', activeProfiles = '{}', propertySourceLocations = '{}', propertySourceProperties = '{}', contextCustomizers = set[org.springframework.boot.test.autoconfigure.actuate.metrics.MetricsExportContextCustomizerFactory$DisableMetricExportContextCustomizer@62010f5c, org.springframework.boot.test.autoconfigure.properties.PropertyMappingContextCustomizer@0, org.springframework.boot.test.autoconfigure.web.servlet.WebDriverContextCustomizerFactory$Customizer@73cd37c0, org.springframework.boot.test.context.filter.ExcludeFilterContextCustomizer@5a2d131d, org.springframework.boot.test.json.DuplicateJsonObjectContextCustomizerFactory$DuplicateJsonObjectContextCustomizer@1c93f6e1, org.springframework.boot.test.mock.mockito.MockitoContextCustomizer@f93658d9], contextLoader = 'org.springframework.test.context.support.DelegatingSmartContextLoader', parent = [null]]]
23:36:56.661 [Test worker] DEBUG org.springframework.test.context.cache - Spring test ApplicationContext cache statistics: [DefaultContextCache@4afd21c6 size = 1, maxSize = 32, parentContextCount = 0, hitCount = 76, missCount = 1]
23:36:56.661 [Test worker] DEBUG org.springframework.test.context.cache.DefaultCacheAwareContextLoaderDelegate - Retrieved ApplicationContext [1988644427] from cache with key [[MergedContextConfiguration@6155d082 testClass = BoardManagerTest, locations = '{}', classes = '{class org.waldreg.board.board.management.DefaultBoardManager, class org.waldreg.util.token.DecryptedTokenContext}', contextInitializerClasses = '[]', activeProfiles = '{}', propertySourceLocations = '{}', propertySourceProperties = '{}', contextCustomizers = set[org.springframework.boot.test.autoconfigure.actuate.metrics.MetricsExportContextCustomizerFactory$DisableMetricExportContextCustomizer@62010f5c, org.springframework.boot.test.autoconfigure.properties.PropertyMappingContextCustomizer@0, org.springframework.boot.test.autoconfigure.web.servlet.WebDriverContextCustomizerFactory$Customizer@73cd37c0, org.springframework.boot.test.context.filter.ExcludeFilterContextCustomizer@5a2d131d, org.springframework.boot.test.json.DuplicateJsonObjectContextCustomizerFactory$DuplicateJsonObjectContextCustomizer@1c93f6e1, org.springframework.boot.test.mock.mockito.MockitoContextCustomizer@f93658d9], contextLoader = 'org.springframework.test.context.support.DelegatingSmartContextLoader', parent = [null]]]
23:36:56.661 [Test worker] DEBUG org.springframework.test.context.cache - Spring test ApplicationContext cache statistics: [DefaultContextCache@4afd21c6 size = 1, maxSize = 32, parentContextCount = 0, hitCount = 77, missCount = 1]
23:36:56.662 [Test worker] DEBUG org.springframework.test.context.cache.DefaultCacheAwareContextLoaderDelegate - Retrieved ApplicationContext [1988644427] from cache with key [[MergedContextConfiguration@6155d082 testClass = BoardManagerTest, locations = '{}', classes = '{class org.waldreg.board.board.management.DefaultBoardManager, class org.waldreg.util.token.DecryptedTokenContext}', contextInitializerClasses = '[]', activeProfiles = '{}', propertySourceLocations = '{}', propertySourceProperties = '{}', contextCustomizers = set[org.springframework.boot.test.autoconfigure.actuate.metrics.MetricsExportContextCustomizerFactory$DisableMetricExportContextCustomizer@62010f5c, org.springframework.boot.test.autoconfigure.properties.PropertyMappingContextCustomizer@0, org.springframework.boot.test.autoconfigure.web.servlet.WebDriverContextCustomizerFactory$Customizer@73cd37c0, org.springframework.boot.test.context.filter.ExcludeFilterContextCustomizer@5a2d131d, org.springframework.boot.test.json.DuplicateJsonObjectContextCustomizerFactory$DuplicateJsonObjectContextCustomizer@1c93f6e1, org.springframework.boot.test.mock.mockito.MockitoContextCustomizer@f93658d9], contextLoader = 'org.springframework.test.context.support.DelegatingSmartContextLoader', parent = [null]]]
23:36:56.662 [Test worker] DEBUG org.springframework.test.context.cache - Spring test ApplicationContext cache statistics: [DefaultContextCache@4afd21c6 size = 1, maxSize = 32, parentContextCount = 0, hitCount = 78, missCount = 1]
23:36:56.663 [Test worker] DEBUG org.springframework.test.context.cache.DefaultCacheAwareContextLoaderDelegate - Retrieved ApplicationContext [1988644427] from cache with key [[MergedContextConfiguration@6155d082 testClass = BoardManagerTest, locations = '{}', classes = '{class org.waldreg.board.board.management.DefaultBoardManager, class org.waldreg.util.token.DecryptedTokenContext}', contextInitializerClasses = '[]', activeProfiles = '{}', propertySourceLocations = '{}', propertySourceProperties = '{}', contextCustomizers = set[org.springframework.boot.test.autoconfigure.actuate.metrics.MetricsExportContextCustomizerFactory$DisableMetricExportContextCustomizer@62010f5c, org.springframework.boot.test.autoconfigure.properties.PropertyMappingContextCustomizer@0, org.springframework.boot.test.autoconfigure.web.servlet.WebDriverContextCustomizerFactory$Customizer@73cd37c0, org.springframework.boot.test.context.filter.ExcludeFilterContextCustomizer@5a2d131d, org.springframework.boot.test.json.DuplicateJsonObjectContextCustomizerFactory$DuplicateJsonObjectContextCustomizer@1c93f6e1, org.springframework.boot.test.mock.mockito.MockitoContextCustomizer@f93658d9], contextLoader = 'org.springframework.test.context.support.DelegatingSmartContextLoader', parent = [null]]]
23:36:56.663 [Test worker] DEBUG org.springframework.test.context.cache - Spring test ApplicationContext cache statistics: [DefaultContextCache@4afd21c6 size = 1, maxSize = 32, parentContextCount = 0, hitCount = 79, missCount = 1]
23:36:56.663 [Test worker] DEBUG org.springframework.test.context.cache.DefaultCacheAwareContextLoaderDelegate - Retrieved ApplicationContext [1988644427] from cache with key [[MergedContextConfiguration@6155d082 testClass = BoardManagerTest, locations = '{}', classes = '{class org.waldreg.board.board.management.DefaultBoardManager, class org.waldreg.util.token.DecryptedTokenContext}', contextInitializerClasses = '[]', activeProfiles = '{}', propertySourceLocations = '{}', propertySourceProperties = '{}', contextCustomizers = set[org.springframework.boot.test.autoconfigure.actuate.metrics.MetricsExportContextCustomizerFactory$DisableMetricExportContextCustomizer@62010f5c, org.springframework.boot.test.autoconfigure.properties.PropertyMappingContextCustomizer@0, org.springframework.boot.test.autoconfigure.web.servlet.WebDriverContextCustomizerFactory$Customizer@73cd37c0, org.springframework.boot.test.context.filter.ExcludeFilterContextCustomizer@5a2d131d, org.springframework.boot.test.json.DuplicateJsonObjectContextCustomizerFactory$DuplicateJsonObjectContextCustomizer@1c93f6e1, org.springframework.boot.test.mock.mockito.MockitoContextCustomizer@f93658d9], contextLoader = 'org.springframework.test.context.support.DelegatingSmartContextLoader', parent = [null]]]
23:36:56.663 [Test worker] DEBUG org.springframework.test.context.cache - Spring test ApplicationContext cache statistics: [DefaultContextCache@4afd21c6 size = 1, maxSize = 32, parentContextCount = 0, hitCount = 80, missCount = 1]
23:36:56.663 [Test worker] DEBUG org.springframework.test.context.cache.DefaultCacheAwareContextLoaderDelegate - Retrieved ApplicationContext [1988644427] from cache with key [[MergedContextConfiguration@6155d082 testClass = BoardManagerTest, locations = '{}', classes = '{class org.waldreg.board.board.management.DefaultBoardManager, class org.waldreg.util.token.DecryptedTokenContext}', contextInitializerClasses = '[]', activeProfiles = '{}', propertySourceLocations = '{}', propertySourceProperties = '{}', contextCustomizers = set[org.springframework.boot.test.autoconfigure.actuate.metrics.MetricsExportContextCustomizerFactory$DisableMetricExportContextCustomizer@62010f5c, org.springframework.boot.test.autoconfigure.properties.PropertyMappingContextCustomizer@0, org.springframework.boot.test.autoconfigure.web.servlet.WebDriverContextCustomizerFactory$Customizer@73cd37c0, org.springframework.boot.test.context.filter.ExcludeFilterContextCustomizer@5a2d131d, org.springframework.boot.test.json.DuplicateJsonObjectContextCustomizerFactory$DuplicateJsonObjectContextCustomizer@1c93f6e1, org.springframework.boot.test.mock.mockito.MockitoContextCustomizer@f93658d9], contextLoader = 'org.springframework.test.context.support.DelegatingSmartContextLoader', parent = [null]]]
23:36:56.663 [Test worker] DEBUG org.springframework.test.context.cache - Spring test ApplicationContext cache statistics: [DefaultContextCache@4afd21c6 size = 1, maxSize = 32, parentContextCount = 0, hitCount = 81, missCount = 1]
23:36:56.663 [Test worker] DEBUG org.springframework.test.context.cache.DefaultCacheAwareContextLoaderDelegate - Retrieved ApplicationContext [1988644427] from cache with key [[MergedContextConfiguration@6155d082 testClass = BoardManagerTest, locations = '{}', classes = '{class org.waldreg.board.board.management.DefaultBoardManager, class org.waldreg.util.token.DecryptedTokenContext}', contextInitializerClasses = '[]', activeProfiles = '{}', propertySourceLocations = '{}', propertySourceProperties = '{}', contextCustomizers = set[org.springframework.boot.test.autoconfigure.actuate.metrics.MetricsExportContextCustomizerFactory$DisableMetricExportContextCustomizer@62010f5c, org.springframework.boot.test.autoconfigure.properties.PropertyMappingContextCustomizer@0, org.springframework.boot.test.autoconfigure.web.servlet.WebDriverContextCustomizerFactory$Customizer@73cd37c0, org.springframework.boot.test.context.filter.ExcludeFilterContextCustomizer@5a2d131d, org.springframework.boot.test.json.DuplicateJsonObjectContextCustomizerFactory$DuplicateJsonObjectContextCustomizer@1c93f6e1, org.springframework.boot.test.mock.mockito.MockitoContextCustomizer@f93658d9], contextLoader = 'org.springframework.test.context.support.DelegatingSmartContextLoader', parent = [null]]]
23:36:56.663 [Test worker] DEBUG org.springframework.test.context.cache - Spring test ApplicationContext cache statistics: [DefaultContextCache@4afd21c6 size = 1, maxSize = 32, parentContextCount = 0, hitCount = 82, missCount = 1]
23:36:56.663 [Test worker] DEBUG org.springframework.test.context.cache.DefaultCacheAwareContextLoaderDelegate - Retrieved ApplicationContext [1988644427] from cache with key [[MergedContextConfiguration@6155d082 testClass = BoardManagerTest, locations = '{}', classes = '{class org.waldreg.board.board.management.DefaultBoardManager, class org.waldreg.util.token.DecryptedTokenContext}', contextInitializerClasses = '[]', activeProfiles = '{}', propertySourceLocations = '{}', propertySourceProperties = '{}', contextCustomizers = set[org.springframework.boot.test.autoconfigure.actuate.metrics.MetricsExportContextCustomizerFactory$DisableMetricExportContextCustomizer@62010f5c, org.springframework.boot.test.autoconfigure.properties.PropertyMappingContextCustomizer@0, org.springframework.boot.test.autoconfigure.web.servlet.WebDriverContextCustomizerFactory$Customizer@73cd37c0, org.springframework.boot.test.context.filter.ExcludeFilterContextCustomizer@5a2d131d, org.springframework.boot.test.json.DuplicateJsonObjectContextCustomizerFactory$DuplicateJsonObjectContextCustomizer@1c93f6e1, org.springframework.boot.test.mock.mockito.MockitoContextCustomizer@f93658d9], contextLoader = 'org.springframework.test.context.support.DelegatingSmartContextLoader', parent = [null]]]
23:36:56.663 [Test worker] DEBUG org.springframework.test.context.cache - Spring test ApplicationContext cache statistics: [DefaultContextCache@4afd21c6 size = 1, maxSize = 32, parentContextCount = 0, hitCount = 83, missCount = 1]
23:36:56.663 [Test worker] DEBUG org.springframework.test.context.support.AbstractDirtiesContextTestExecutionListener - After test method: context [DefaultTestContext@47f9738 testClass = BoardManagerTest, testInstance = org.waldreg.board.board.BoardManagerTest@5e048149, testMethod = SEARCH_BOARD_BY_TITLE_TEST@BoardManagerTest, testException = [null], mergedContextConfiguration = [MergedContextConfiguration@6155d082 testClass = BoardManagerTest, locations = '{}', classes = '{class org.waldreg.board.board.management.DefaultBoardManager, class org.waldreg.util.token.DecryptedTokenContext}', contextInitializerClasses = '[]', activeProfiles = '{}', propertySourceLocations = '{}', propertySourceProperties = '{}', contextCustomizers = set[org.springframework.boot.test.autoconfigure.actuate.metrics.MetricsExportContextCustomizerFactory$DisableMetricExportContextCustomizer@62010f5c, org.springframework.boot.test.autoconfigure.properties.PropertyMappingContextCustomizer@0, org.springframework.boot.test.autoconfigure.web.servlet.WebDriverContextCustomizerFactory$Customizer@73cd37c0, org.springframework.boot.test.context.filter.ExcludeFilterContextCustomizer@5a2d131d, org.springframework.boot.test.json.DuplicateJsonObjectContextCustomizerFactory$DuplicateJsonObjectContextCustomizer@1c93f6e1, org.springframework.boot.test.mock.mockito.MockitoContextCustomizer@f93658d9], contextLoader = 'org.springframework.test.context.support.DelegatingSmartContextLoader', parent = [null]], attributes = map['org.springframework.test.context.event.ApplicationEventsTestExecutionListener.recordApplicationEvents' -> false]], class annotated with @DirtiesContext [false] with mode [null], method annotated with @DirtiesContext [false] with mode [null].
23:36:56.664 [Test worker] DEBUG org.springframework.test.context.cache.DefaultCacheAwareContextLoaderDelegate - Retrieved ApplicationContext [1988644427] from cache with key [[MergedContextConfiguration@6155d082 testClass = BoardManagerTest, locations = '{}', classes = '{class org.waldreg.board.board.management.DefaultBoardManager, class org.waldreg.util.token.DecryptedTokenContext}', contextInitializerClasses = '[]', activeProfiles = '{}', propertySourceLocations = '{}', propertySourceProperties = '{}', contextCustomizers = set[org.springframework.boot.test.autoconfigure.actuate.metrics.MetricsExportContextCustomizerFactory$DisableMetricExportContextCustomizer@62010f5c, org.springframework.boot.test.autoconfigure.properties.PropertyMappingContextCustomizer@0, org.springframework.boot.test.autoconfigure.web.servlet.WebDriverContextCustomizerFactory$Customizer@73cd37c0, org.springframework.boot.test.context.filter.ExcludeFilterContextCustomizer@5a2d131d, org.springframework.boot.test.json.DuplicateJsonObjectContextCustomizerFactory$DuplicateJsonObjectContextCustomizer@1c93f6e1, org.springframework.boot.test.mock.mockito.MockitoContextCustomizer@f93658d9], contextLoader = 'org.springframework.test.context.support.DelegatingSmartContextLoader', parent = [null]]]
23:36:56.664 [Test worker] DEBUG org.springframework.test.context.cache - Spring test ApplicationContext cache statistics: [DefaultContextCache@4afd21c6 size = 1, maxSize = 32, parentContextCount = 0, hitCount = 84, missCount = 1]
23:36:56.664 [Test worker] DEBUG org.springframework.test.context.support.DependencyInjectionTestExecutionListener - Performing dependency injection for test context [[DefaultTestContext@47f9738 testClass = BoardManagerTest, testInstance = org.waldreg.board.board.BoardManagerTest@5c534b5b, testMethod = [null], testException = [null], mergedContextConfiguration = [MergedContextConfiguration@6155d082 testClass = BoardManagerTest, locations = '{}', classes = '{class org.waldreg.board.board.management.DefaultBoardManager, class org.waldreg.util.token.DecryptedTokenContext}', contextInitializerClasses = '[]', activeProfiles = '{}', propertySourceLocations = '{}', propertySourceProperties = '{}', contextCustomizers = set[org.springframework.boot.test.autoconfigure.actuate.metrics.MetricsExportContextCustomizerFactory$DisableMetricExportContextCustomizer@62010f5c, org.springframework.boot.test.autoconfigure.properties.PropertyMappingContextCustomizer@0, org.springframework.boot.test.autoconfigure.web.servlet.WebDriverContextCustomizerFactory$Customizer@73cd37c0, org.springframework.boot.test.context.filter.ExcludeFilterContextCustomizer@5a2d131d, org.springframework.boot.test.json.DuplicateJsonObjectContextCustomizerFactory$DuplicateJsonObjectContextCustomizer@1c93f6e1, org.springframework.boot.test.mock.mockito.MockitoContextCustomizer@f93658d9], contextLoader = 'org.springframework.test.context.support.DelegatingSmartContextLoader', parent = [null]], attributes = map['org.springframework.test.context.event.ApplicationEventsTestExecutionListener.recordApplicationEvents' -> false]]].
23:36:56.664 [Test worker] DEBUG org.springframework.test.context.cache.DefaultCacheAwareContextLoaderDelegate - Retrieved ApplicationContext [1988644427] from cache with key [[MergedContextConfiguration@6155d082 testClass = BoardManagerTest, locations = '{}', classes = '{class org.waldreg.board.board.management.DefaultBoardManager, class org.waldreg.util.token.DecryptedTokenContext}', contextInitializerClasses = '[]', activeProfiles = '{}', propertySourceLocations = '{}', propertySourceProperties = '{}', contextCustomizers = set[org.springframework.boot.test.autoconfigure.actuate.metrics.MetricsExportContextCustomizerFactory$DisableMetricExportContextCustomizer@62010f5c, org.springframework.boot.test.autoconfigure.properties.PropertyMappingContextCustomizer@0, org.springframework.boot.test.autoconfigure.web.servlet.WebDriverContextCustomizerFactory$Customizer@73cd37c0, org.springframework.boot.test.context.filter.ExcludeFilterContextCustomizer@5a2d131d, org.springframework.boot.test.json.DuplicateJsonObjectContextCustomizerFactory$DuplicateJsonObjectContextCustomizer@1c93f6e1, org.springframework.boot.test.mock.mockito.MockitoContextCustomizer@f93658d9], contextLoader = 'org.springframework.test.context.support.DelegatingSmartContextLoader', parent = [null]]]
23:36:56.664 [Test worker] DEBUG org.springframework.test.context.cache - Spring test ApplicationContext cache statistics: [DefaultContextCache@4afd21c6 size = 1, maxSize = 32, parentContextCount = 0, hitCount = 85, missCount = 1]
23:36:56.664 [Test worker] DEBUG org.springframework.test.context.cache.DefaultCacheAwareContextLoaderDelegate - Retrieved ApplicationContext [1988644427] from cache with key [[MergedContextConfiguration@6155d082 testClass = BoardManagerTest, locations = '{}', classes = '{class org.waldreg.board.board.management.DefaultBoardManager, class org.waldreg.util.token.DecryptedTokenContext}', contextInitializerClasses = '[]', activeProfiles = '{}', propertySourceLocations = '{}', propertySourceProperties = '{}', contextCustomizers = set[org.springframework.boot.test.autoconfigure.actuate.metrics.MetricsExportContextCustomizerFactory$DisableMetricExportContextCustomizer@62010f5c, org.springframework.boot.test.autoconfigure.properties.PropertyMappingContextCustomizer@0, org.springframework.boot.test.autoconfigure.web.servlet.WebDriverContextCustomizerFactory$Customizer@73cd37c0, org.springframework.boot.test.context.filter.ExcludeFilterContextCustomizer@5a2d131d, org.springframework.boot.test.json.DuplicateJsonObjectContextCustomizerFactory$DuplicateJsonObjectContextCustomizer@1c93f6e1, org.springframework.boot.test.mock.mockito.MockitoContextCustomizer@f93658d9], contextLoader = 'org.springframework.test.context.support.DelegatingSmartContextLoader', parent = [null]]]
23:36:56.664 [Test worker] DEBUG org.springframework.test.context.cache - Spring test ApplicationContext cache statistics: [DefaultContextCache@4afd21c6 size = 1, maxSize = 32, parentContextCount = 0, hitCount = 86, missCount = 1]
23:36:56.664 [Test worker] DEBUG org.springframework.test.context.support.AbstractDirtiesContextTestExecutionListener - Before test method: context [DefaultTestContext@47f9738 testClass = BoardManagerTest, testInstance = org.waldreg.board.board.BoardManagerTest@5c534b5b, testMethod = INQUIRY_BOARD_BY_ID_TEST@BoardManagerTest, testException = [null], mergedContextConfiguration = [MergedContextConfiguration@6155d082 testClass = BoardManagerTest, locations = '{}', classes = '{class org.waldreg.board.board.management.DefaultBoardManager, class org.waldreg.util.token.DecryptedTokenContext}', contextInitializerClasses = '[]', activeProfiles = '{}', propertySourceLocations = '{}', propertySourceProperties = '{}', contextCustomizers = set[org.springframework.boot.test.autoconfigure.actuate.metrics.MetricsExportContextCustomizerFactory$DisableMetricExportContextCustomizer@62010f5c, org.springframework.boot.test.autoconfigure.properties.PropertyMappingContextCustomizer@0, org.springframework.boot.test.autoconfigure.web.servlet.WebDriverContextCustomizerFactory$Customizer@73cd37c0, org.springframework.boot.test.context.filter.ExcludeFilterContextCustomizer@5a2d131d, org.springframework.boot.test.json.DuplicateJsonObjectContextCustomizerFactory$DuplicateJsonObjectContextCustomizer@1c93f6e1, org.springframework.boot.test.mock.mockito.MockitoContextCustomizer@f93658d9], contextLoader = 'org.springframework.test.context.support.DelegatingSmartContextLoader', parent = [null]], attributes = map['org.springframework.test.context.event.ApplicationEventsTestExecutionListener.recordApplicationEvents' -> false]], class annotated with @DirtiesContext [false] with mode [null], method annotated with @DirtiesContext [false] with mode [null].
23:36:56.664 [Test worker] DEBUG org.springframework.test.context.cache.DefaultCacheAwareContextLoaderDelegate - Retrieved ApplicationContext [1988644427] from cache with key [[MergedContextConfiguration@6155d082 testClass = BoardManagerTest, locations = '{}', classes = '{class org.waldreg.board.board.management.DefaultBoardManager, class org.waldreg.util.token.DecryptedTokenContext}', contextInitializerClasses = '[]', activeProfiles = '{}', propertySourceLocations = '{}', propertySourceProperties = '{}', contextCustomizers = set[org.springframework.boot.test.autoconfigure.actuate.metrics.MetricsExportContextCustomizerFactory$DisableMetricExportContextCustomizer@62010f5c, org.springframework.boot.test.autoconfigure.properties.PropertyMappingContextCustomizer@0, org.springframework.boot.test.autoconfigure.web.servlet.WebDriverContextCustomizerFactory$Customizer@73cd37c0, org.springframework.boot.test.context.filter.ExcludeFilterContextCustomizer@5a2d131d, org.springframework.boot.test.json.DuplicateJsonObjectContextCustomizerFactory$DuplicateJsonObjectContextCustomizer@1c93f6e1, org.springframework.boot.test.mock.mockito.MockitoContextCustomizer@f93658d9], contextLoader = 'org.springframework.test.context.support.DelegatingSmartContextLoader', parent = [null]]]
23:36:56.664 [Test worker] DEBUG org.springframework.test.context.cache - Spring test ApplicationContext cache statistics: [DefaultContextCache@4afd21c6 size = 1, maxSize = 32, parentContextCount = 0, hitCount = 87, missCount = 1]
23:36:56.664 [Test worker] DEBUG org.springframework.test.context.cache.DefaultCacheAwareContextLoaderDelegate - Retrieved ApplicationContext [1988644427] from cache with key [[MergedContextConfiguration@6155d082 testClass = BoardManagerTest, locations = '{}', classes = '{class org.waldreg.board.board.management.DefaultBoardManager, class org.waldreg.util.token.DecryptedTokenContext}', contextInitializerClasses = '[]', activeProfiles = '{}', propertySourceLocations = '{}', propertySourceProperties = '{}', contextCustomizers = set[org.springframework.boot.test.autoconfigure.actuate.metrics.MetricsExportContextCustomizerFactory$DisableMetricExportContextCustomizer@62010f5c, org.springframework.boot.test.autoconfigure.properties.PropertyMappingContextCustomizer@0, org.springframework.boot.test.autoconfigure.web.servlet.WebDriverContextCustomizerFactory$Customizer@73cd37c0, org.springframework.boot.test.context.filter.ExcludeFilterContextCustomizer@5a2d131d, org.springframework.boot.test.json.DuplicateJsonObjectContextCustomizerFactory$DuplicateJsonObjectContextCustomizer@1c93f6e1, org.springframework.boot.test.mock.mockito.MockitoContextCustomizer@f93658d9], contextLoader = 'org.springframework.test.context.support.DelegatingSmartContextLoader', parent = [null]]]
23:36:56.664 [Test worker] DEBUG org.springframework.test.context.cache - Spring test ApplicationContext cache statistics: [DefaultContextCache@4afd21c6 size = 1, maxSize = 32, parentContextCount = 0, hitCount = 88, missCount = 1]
23:36:56.665 [Test worker] DEBUG org.springframework.test.context.cache.DefaultCacheAwareContextLoaderDelegate - Retrieved ApplicationContext [1988644427] from cache with key [[MergedContextConfiguration@6155d082 testClass = BoardManagerTest, locations = '{}', classes = '{class org.waldreg.board.board.management.DefaultBoardManager, class org.waldreg.util.token.DecryptedTokenContext}', contextInitializerClasses = '[]', activeProfiles = '{}', propertySourceLocations = '{}', propertySourceProperties = '{}', contextCustomizers = set[org.springframework.boot.test.autoconfigure.actuate.metrics.MetricsExportContextCustomizerFactory$DisableMetricExportContextCustomizer@62010f5c, org.springframework.boot.test.autoconfigure.properties.PropertyMappingContextCustomizer@0, org.springframework.boot.test.autoconfigure.web.servlet.WebDriverContextCustomizerFactory$Customizer@73cd37c0, org.springframework.boot.test.context.filter.ExcludeFilterContextCustomizer@5a2d131d, org.springframework.boot.test.json.DuplicateJsonObjectContextCustomizerFactory$DuplicateJsonObjectContextCustomizer@1c93f6e1, org.springframework.boot.test.mock.mockito.MockitoContextCustomizer@f93658d9], contextLoader = 'org.springframework.test.context.support.DelegatingSmartContextLoader', parent = [null]]]
23:36:56.665 [Test worker] DEBUG org.springframework.test.context.cache - Spring test ApplicationContext cache statistics: [DefaultContextCache@4afd21c6 size = 1, maxSize = 32, parentContextCount = 0, hitCount = 89, missCount = 1]
23:36:56.665 [Test worker] DEBUG org.springframework.test.context.cache.DefaultCacheAwareContextLoaderDelegate - Retrieved ApplicationContext [1988644427] from cache with key [[MergedContextConfiguration@6155d082 testClass = BoardManagerTest, locations = '{}', classes = '{class org.waldreg.board.board.management.DefaultBoardManager, class org.waldreg.util.token.DecryptedTokenContext}', contextInitializerClasses = '[]', activeProfiles = '{}', propertySourceLocations = '{}', propertySourceProperties = '{}', contextCustomizers = set[org.springframework.boot.test.autoconfigure.actuate.metrics.MetricsExportContextCustomizerFactory$DisableMetricExportContextCustomizer@62010f5c, org.springframework.boot.test.autoconfigure.properties.PropertyMappingContextCustomizer@0, org.springframework.boot.test.autoconfigure.web.servlet.WebDriverContextCustomizerFactory$Customizer@73cd37c0, org.springframework.boot.test.context.filter.ExcludeFilterContextCustomizer@5a2d131d, org.springframework.boot.test.json.DuplicateJsonObjectContextCustomizerFactory$DuplicateJsonObjectContextCustomizer@1c93f6e1, org.springframework.boot.test.mock.mockito.MockitoContextCustomizer@f93658d9], contextLoader = 'org.springframework.test.context.support.DelegatingSmartContextLoader', parent = [null]]]
23:36:56.666 [Test worker] DEBUG org.springframework.test.context.cache - Spring test ApplicationContext cache statistics: [DefaultContextCache@4afd21c6 size = 1, maxSize = 32, parentContextCount = 0, hitCount = 90, missCount = 1]
23:36:56.666 [Test worker] DEBUG org.springframework.test.context.cache.DefaultCacheAwareContextLoaderDelegate - Retrieved ApplicationContext [1988644427] from cache with key [[MergedContextConfiguration@6155d082 testClass = BoardManagerTest, locations = '{}', classes = '{class org.waldreg.board.board.management.DefaultBoardManager, class org.waldreg.util.token.DecryptedTokenContext}', contextInitializerClasses = '[]', activeProfiles = '{}', propertySourceLocations = '{}', propertySourceProperties = '{}', contextCustomizers = set[org.springframework.boot.test.autoconfigure.actuate.metrics.MetricsExportContextCustomizerFactory$DisableMetricExportContextCustomizer@62010f5c, org.springframework.boot.test.autoconfigure.properties.PropertyMappingContextCustomizer@0, org.springframework.boot.test.autoconfigure.web.servlet.WebDriverContextCustomizerFactory$Customizer@73cd37c0, org.springframework.boot.test.context.filter.ExcludeFilterContextCustomizer@5a2d131d, org.springframework.boot.test.json.DuplicateJsonObjectContextCustomizerFactory$DuplicateJsonObjectContextCustomizer@1c93f6e1, org.springframework.boot.test.mock.mockito.MockitoContextCustomizer@f93658d9], contextLoader = 'org.springframework.test.context.support.DelegatingSmartContextLoader', parent = [null]]]
23:36:56.666 [Test worker] DEBUG org.springframework.test.context.cache - Spring test ApplicationContext cache statistics: [DefaultContextCache@4afd21c6 size = 1, maxSize = 32, parentContextCount = 0, hitCount = 91, missCount = 1]
23:36:56.666 [Test worker] DEBUG org.springframework.test.context.cache.DefaultCacheAwareContextLoaderDelegate - Retrieved ApplicationContext [1988644427] from cache with key [[MergedContextConfiguration@6155d082 testClass = BoardManagerTest, locations = '{}', classes = '{class org.waldreg.board.board.management.DefaultBoardManager, class org.waldreg.util.token.DecryptedTokenContext}', contextInitializerClasses = '[]', activeProfiles = '{}', propertySourceLocations = '{}', propertySourceProperties = '{}', contextCustomizers = set[org.springframework.boot.test.autoconfigure.actuate.metrics.MetricsExportContextCustomizerFactory$DisableMetricExportContextCustomizer@62010f5c, org.springframework.boot.test.autoconfigure.properties.PropertyMappingContextCustomizer@0, org.springframework.boot.test.autoconfigure.web.servlet.WebDriverContextCustomizerFactory$Customizer@73cd37c0, org.springframework.boot.test.context.filter.ExcludeFilterContextCustomizer@5a2d131d, org.springframework.boot.test.json.DuplicateJsonObjectContextCustomizerFactory$DuplicateJsonObjectContextCustomizer@1c93f6e1, org.springframework.boot.test.mock.mockito.MockitoContextCustomizer@f93658d9], contextLoader = 'org.springframework.test.context.support.DelegatingSmartContextLoader', parent = [null]]]
23:36:56.666 [Test worker] DEBUG org.springframework.test.context.cache - Spring test ApplicationContext cache statistics: [DefaultContextCache@4afd21c6 size = 1, maxSize = 32, parentContextCount = 0, hitCount = 92, missCount = 1]
23:36:56.666 [Test worker] DEBUG org.springframework.test.context.cache.DefaultCacheAwareContextLoaderDelegate - Retrieved ApplicationContext [1988644427] from cache with key [[MergedContextConfiguration@6155d082 testClass = BoardManagerTest, locations = '{}', classes = '{class org.waldreg.board.board.management.DefaultBoardManager, class org.waldreg.util.token.DecryptedTokenContext}', contextInitializerClasses = '[]', activeProfiles = '{}', propertySourceLocations = '{}', propertySourceProperties = '{}', contextCustomizers = set[org.springframework.boot.test.autoconfigure.actuate.metrics.MetricsExportContextCustomizerFactory$DisableMetricExportContextCustomizer@62010f5c, org.springframework.boot.test.autoconfigure.properties.PropertyMappingContextCustomizer@0, org.springframework.boot.test.autoconfigure.web.servlet.WebDriverContextCustomizerFactory$Customizer@73cd37c0, org.springframework.boot.test.context.filter.ExcludeFilterContextCustomizer@5a2d131d, org.springframework.boot.test.json.DuplicateJsonObjectContextCustomizerFactory$DuplicateJsonObjectContextCustomizer@1c93f6e1, org.springframework.boot.test.mock.mockito.MockitoContextCustomizer@f93658d9], contextLoader = 'org.springframework.test.context.support.DelegatingSmartContextLoader', parent = [null]]]
23:36:56.666 [Test worker] DEBUG org.springframework.test.context.cache - Spring test ApplicationContext cache statistics: [DefaultContextCache@4afd21c6 size = 1, maxSize = 32, parentContextCount = 0, hitCount = 93, missCount = 1]
23:36:56.667 [Test worker] DEBUG org.springframework.test.context.cache.DefaultCacheAwareContextLoaderDelegate - Retrieved ApplicationContext [1988644427] from cache with key [[MergedContextConfiguration@6155d082 testClass = BoardManagerTest, locations = '{}', classes = '{class org.waldreg.board.board.management.DefaultBoardManager, class org.waldreg.util.token.DecryptedTokenContext}', contextInitializerClasses = '[]', activeProfiles = '{}', propertySourceLocations = '{}', propertySourceProperties = '{}', contextCustomizers = set[org.springframework.boot.test.autoconfigure.actuate.metrics.MetricsExportContextCustomizerFactory$DisableMetricExportContextCustomizer@62010f5c, org.springframework.boot.test.autoconfigure.properties.PropertyMappingContextCustomizer@0, org.springframework.boot.test.autoconfigure.web.servlet.WebDriverContextCustomizerFactory$Customizer@73cd37c0, org.springframework.boot.test.context.filter.ExcludeFilterContextCustomizer@5a2d131d, org.springframework.boot.test.json.DuplicateJsonObjectContextCustomizerFactory$DuplicateJsonObjectContextCustomizer@1c93f6e1, org.springframework.boot.test.mock.mockito.MockitoContextCustomizer@f93658d9], contextLoader = 'org.springframework.test.context.support.DelegatingSmartContextLoader', parent = [null]]]
23:36:56.667 [Test worker] DEBUG org.springframework.test.context.cache - Spring test ApplicationContext cache statistics: [DefaultContextCache@4afd21c6 size = 1, maxSize = 32, parentContextCount = 0, hitCount = 94, missCount = 1]
23:36:56.667 [Test worker] DEBUG org.springframework.test.context.cache.DefaultCacheAwareContextLoaderDelegate - Retrieved ApplicationContext [1988644427] from cache with key [[MergedContextConfiguration@6155d082 testClass = BoardManagerTest, locations = '{}', classes = '{class org.waldreg.board.board.management.DefaultBoardManager, class org.waldreg.util.token.DecryptedTokenContext}', contextInitializerClasses = '[]', activeProfiles = '{}', propertySourceLocations = '{}', propertySourceProperties = '{}', contextCustomizers = set[org.springframework.boot.test.autoconfigure.actuate.metrics.MetricsExportContextCustomizerFactory$DisableMetricExportContextCustomizer@62010f5c, org.springframework.boot.test.autoconfigure.properties.PropertyMappingContextCustomizer@0, org.springframework.boot.test.autoconfigure.web.servlet.WebDriverContextCustomizerFactory$Customizer@73cd37c0, org.springframework.boot.test.context.filter.ExcludeFilterContextCustomizer@5a2d131d, org.springframework.boot.test.json.DuplicateJsonObjectContextCustomizerFactory$DuplicateJsonObjectContextCustomizer@1c93f6e1, org.springframework.boot.test.mock.mockito.MockitoContextCustomizer@f93658d9], contextLoader = 'org.springframework.test.context.support.DelegatingSmartContextLoader', parent = [null]]]
23:36:56.667 [Test worker] DEBUG org.springframework.test.context.cache - Spring test ApplicationContext cache statistics: [DefaultContextCache@4afd21c6 size = 1, maxSize = 32, parentContextCount = 0, hitCount = 95, missCount = 1]
23:36:56.667 [Test worker] DEBUG org.springframework.test.context.support.AbstractDirtiesContextTestExecutionListener - After test method: context [DefaultTestContext@47f9738 testClass = BoardManagerTest, testInstance = org.waldreg.board.board.BoardManagerTest@5c534b5b, testMethod = INQUIRY_BOARD_BY_ID_TEST@BoardManagerTest, testException = [null], mergedContextConfiguration = [MergedContextConfiguration@6155d082 testClass = BoardManagerTest, locations = '{}', classes = '{class org.waldreg.board.board.management.DefaultBoardManager, class org.waldreg.util.token.DecryptedTokenContext}', contextInitializerClasses = '[]', activeProfiles = '{}', propertySourceLocations = '{}', propertySourceProperties = '{}', contextCustomizers = set[org.springframework.boot.test.autoconfigure.actuate.metrics.MetricsExportContextCustomizerFactory$DisableMetricExportContextCustomizer@62010f5c, org.springframework.boot.test.autoconfigure.properties.PropertyMappingContextCustomizer@0, org.springframework.boot.test.autoconfigure.web.servlet.WebDriverContextCustomizerFactory$Customizer@73cd37c0, org.springframework.boot.test.context.filter.ExcludeFilterContextCustomizer@5a2d131d, org.springframework.boot.test.json.DuplicateJsonObjectContextCustomizerFactory$DuplicateJsonObjectContextCustomizer@1c93f6e1, org.springframework.boot.test.mock.mockito.MockitoContextCustomizer@f93658d9], contextLoader = 'org.springframework.test.context.support.DelegatingSmartContextLoader', parent = [null]], attributes = map['org.springframework.test.context.event.ApplicationEventsTestExecutionListener.recordApplicationEvents' -> false]], class annotated with @DirtiesContext [false] with mode [null], method annotated with @DirtiesContext [false] with mode [null].
23:36:56.667 [Test worker] DEBUG org.springframework.test.context.cache.DefaultCacheAwareContextLoaderDelegate - Retrieved ApplicationContext [1988644427] from cache with key [[MergedContextConfiguration@6155d082 testClass = BoardManagerTest, locations = '{}', classes = '{class org.waldreg.board.board.management.DefaultBoardManager, class org.waldreg.util.token.DecryptedTokenContext}', contextInitializerClasses = '[]', activeProfiles = '{}', propertySourceLocations = '{}', propertySourceProperties = '{}', contextCustomizers = set[org.springframework.boot.test.autoconfigure.actuate.metrics.MetricsExportContextCustomizerFactory$DisableMetricExportContextCustomizer@62010f5c, org.springframework.boot.test.autoconfigure.properties.PropertyMappingContextCustomizer@0, org.springframework.boot.test.autoconfigure.web.servlet.WebDriverContextCustomizerFactory$Customizer@73cd37c0, org.springframework.boot.test.context.filter.ExcludeFilterContextCustomizer@5a2d131d, org.springframework.boot.test.json.DuplicateJsonObjectContextCustomizerFactory$DuplicateJsonObjectContextCustomizer@1c93f6e1, org.springframework.boot.test.mock.mockito.MockitoContextCustomizer@f93658d9], contextLoader = 'org.springframework.test.context.support.DelegatingSmartContextLoader', parent = [null]]]
23:36:56.667 [Test worker] DEBUG org.springframework.test.context.cache - Spring test ApplicationContext cache statistics: [DefaultContextCache@4afd21c6 size = 1, maxSize = 32, parentContextCount = 0, hitCount = 96, missCount = 1]
23:36:56.667 [Test worker] DEBUG org.springframework.test.context.support.DependencyInjectionTestExecutionListener - Performing dependency injection for test context [[DefaultTestContext@47f9738 testClass = BoardManagerTest, testInstance = org.waldreg.board.board.BoardManagerTest@2ab0702e, testMethod = [null], testException = [null], mergedContextConfiguration = [MergedContextConfiguration@6155d082 testClass = BoardManagerTest, locations = '{}', classes = '{class org.waldreg.board.board.management.DefaultBoardManager, class org.waldreg.util.token.DecryptedTokenContext}', contextInitializerClasses = '[]', activeProfiles = '{}', propertySourceLocations = '{}', propertySourceProperties = '{}', contextCustomizers = set[org.springframework.boot.test.autoconfigure.actuate.metrics.MetricsExportContextCustomizerFactory$DisableMetricExportContextCustomizer@62010f5c, org.springframework.boot.test.autoconfigure.properties.PropertyMappingContextCustomizer@0, org.springframework.boot.test.autoconfigure.web.servlet.WebDriverContextCustomizerFactory$Customizer@73cd37c0, org.springframework.boot.test.context.filter.ExcludeFilterContextCustomizer@5a2d131d, org.springframework.boot.test.json.DuplicateJsonObjectContextCustomizerFactory$DuplicateJsonObjectContextCustomizer@1c93f6e1, org.springframework.boot.test.mock.mockito.MockitoContextCustomizer@f93658d9], contextLoader = 'org.springframework.test.context.support.DelegatingSmartContextLoader', parent = [null]], attributes = map['org.springframework.test.context.event.ApplicationEventsTestExecutionListener.recordApplicationEvents' -> false]]].
23:36:56.667 [Test worker] DEBUG org.springframework.test.context.cache.DefaultCacheAwareContextLoaderDelegate - Retrieved ApplicationContext [1988644427] from cache with key [[MergedContextConfiguration@6155d082 testClass = BoardManagerTest, locations = '{}', classes = '{class org.waldreg.board.board.management.DefaultBoardManager, class org.waldreg.util.token.DecryptedTokenContext}', contextInitializerClasses = '[]', activeProfiles = '{}', propertySourceLocations = '{}', propertySourceProperties = '{}', contextCustomizers = set[org.springframework.boot.test.autoconfigure.actuate.metrics.MetricsExportContextCustomizerFactory$DisableMetricExportContextCustomizer@62010f5c, org.springframework.boot.test.autoconfigure.properties.PropertyMappingContextCustomizer@0, org.springframework.boot.test.autoconfigure.web.servlet.WebDriverContextCustomizerFactory$Customizer@73cd37c0, org.springframework.boot.test.context.filter.ExcludeFilterContextCustomizer@5a2d131d, org.springframework.boot.test.json.DuplicateJsonObjectContextCustomizerFactory$DuplicateJsonObjectContextCustomizer@1c93f6e1, org.springframework.boot.test.mock.mockito.MockitoContextCustomizer@f93658d9], contextLoader = 'org.springframework.test.context.support.DelegatingSmartContextLoader', parent = [null]]]
23:36:56.667 [Test worker] DEBUG org.springframework.test.context.cache - Spring test ApplicationContext cache statistics: [DefaultContextCache@4afd21c6 size = 1, maxSize = 32, parentContextCount = 0, hitCount = 97, missCount = 1]
23:36:56.668 [Test worker] DEBUG org.springframework.test.context.cache.DefaultCacheAwareContextLoaderDelegate - Retrieved ApplicationContext [1988644427] from cache with key [[MergedContextConfiguration@6155d082 testClass = BoardManagerTest, locations = '{}', classes = '{class org.waldreg.board.board.management.DefaultBoardManager, class org.waldreg.util.token.DecryptedTokenContext}', contextInitializerClasses = '[]', activeProfiles = '{}', propertySourceLocations = '{}', propertySourceProperties = '{}', contextCustomizers = set[org.springframework.boot.test.autoconfigure.actuate.metrics.MetricsExportContextCustomizerFactory$DisableMetricExportContextCustomizer@62010f5c, org.springframework.boot.test.autoconfigure.properties.PropertyMappingContextCustomizer@0, org.springframework.boot.test.autoconfigure.web.servlet.WebDriverContextCustomizerFactory$Customizer@73cd37c0, org.springframework.boot.test.context.filter.ExcludeFilterContextCustomizer@5a2d131d, org.springframework.boot.test.json.DuplicateJsonObjectContextCustomizerFactory$DuplicateJsonObjectContextCustomizer@1c93f6e1, org.springframework.boot.test.mock.mockito.MockitoContextCustomizer@f93658d9], contextLoader = 'org.springframework.test.context.support.DelegatingSmartContextLoader', parent = [null]]]
23:36:56.668 [Test worker] DEBUG org.springframework.test.context.cache - Spring test ApplicationContext cache statistics: [DefaultContextCache@4afd21c6 size = 1, maxSize = 32, parentContextCount = 0, hitCount = 98, missCount = 1]
23:36:56.668 [Test worker] DEBUG org.springframework.test.context.support.AbstractDirtiesContextTestExecutionListener - Before test method: context [DefaultTestContext@47f9738 testClass = BoardManagerTest, testInstance = org.waldreg.board.board.BoardManagerTest@2ab0702e, testMethod = SEARCH_BOARD_BY_TITLE_INVALID_RANGE_TEST@BoardManagerTest, testException = [null], mergedContextConfiguration = [MergedContextConfiguration@6155d082 testClass = BoardManagerTest, locations = '{}', classes = '{class org.waldreg.board.board.management.DefaultBoardManager, class org.waldreg.util.token.DecryptedTokenContext}', contextInitializerClasses = '[]', activeProfiles = '{}', propertySourceLocations = '{}', propertySourceProperties = '{}', contextCustomizers = set[org.springframework.boot.test.autoconfigure.actuate.metrics.MetricsExportContextCustomizerFactory$DisableMetricExportContextCustomizer@62010f5c, org.springframework.boot.test.autoconfigure.properties.PropertyMappingContextCustomizer@0, org.springframework.boot.test.autoconfigure.web.servlet.WebDriverContextCustomizerFactory$Customizer@73cd37c0, org.springframework.boot.test.context.filter.ExcludeFilterContextCustomizer@5a2d131d, org.springframework.boot.test.json.DuplicateJsonObjectContextCustomizerFactory$DuplicateJsonObjectContextCustomizer@1c93f6e1, org.springframework.boot.test.mock.mockito.MockitoContextCustomizer@f93658d9], contextLoader = 'org.springframework.test.context.support.DelegatingSmartContextLoader', parent = [null]], attributes = map['org.springframework.test.context.event.ApplicationEventsTestExecutionListener.recordApplicationEvents' -> false]], class annotated with @DirtiesContext [false] with mode [null], method annotated with @DirtiesContext [false] with mode [null].
23:36:56.668 [Test worker] DEBUG org.springframework.test.context.cache.DefaultCacheAwareContextLoaderDelegate - Retrieved ApplicationContext [1988644427] from cache with key [[MergedContextConfiguration@6155d082 testClass = BoardManagerTest, locations = '{}', classes = '{class org.waldreg.board.board.management.DefaultBoardManager, class org.waldreg.util.token.DecryptedTokenContext}', contextInitializerClasses = '[]', activeProfiles = '{}', propertySourceLocations = '{}', propertySourceProperties = '{}', contextCustomizers = set[org.springframework.boot.test.autoconfigure.actuate.metrics.MetricsExportContextCustomizerFactory$DisableMetricExportContextCustomizer@62010f5c, org.springframework.boot.test.autoconfigure.properties.PropertyMappingContextCustomizer@0, org.springframework.boot.test.autoconfigure.web.servlet.WebDriverContextCustomizerFactory$Customizer@73cd37c0, org.springframework.boot.test.context.filter.ExcludeFilterContextCustomizer@5a2d131d, org.springframework.boot.test.json.DuplicateJsonObjectContextCustomizerFactory$DuplicateJsonObjectContextCustomizer@1c93f6e1, org.springframework.boot.test.mock.mockito.MockitoContextCustomizer@f93658d9], contextLoader = 'org.springframework.test.context.support.DelegatingSmartContextLoader', parent = [null]]]
23:36:56.668 [Test worker] DEBUG org.springframework.test.context.cache - Spring test ApplicationContext cache statistics: [DefaultContextCache@4afd21c6 size = 1, maxSize = 32, parentContextCount = 0, hitCount = 99, missCount = 1]
23:36:56.668 [Test worker] DEBUG org.springframework.test.context.cache.DefaultCacheAwareContextLoaderDelegate - Retrieved ApplicationContext [1988644427] from cache with key [[MergedContextConfiguration@6155d082 testClass = BoardManagerTest, locations = '{}', classes = '{class org.waldreg.board.board.management.DefaultBoardManager, class org.waldreg.util.token.DecryptedTokenContext}', contextInitializerClasses = '[]', activeProfiles = '{}', propertySourceLocations = '{}', propertySourceProperties = '{}', contextCustomizers = set[org.springframework.boot.test.autoconfigure.actuate.metrics.MetricsExportContextCustomizerFactory$DisableMetricExportContextCustomizer@62010f5c, org.springframework.boot.test.autoconfigure.properties.PropertyMappingContextCustomizer@0, org.springframework.boot.test.autoconfigure.web.servlet.WebDriverContextCustomizerFactory$Customizer@73cd37c0, org.springframework.boot.test.context.filter.ExcludeFilterContextCustomizer@5a2d131d, org.springframework.boot.test.json.DuplicateJsonObjectContextCustomizerFactory$DuplicateJsonObjectContextCustomizer@1c93f6e1, org.springframework.boot.test.mock.mockito.MockitoContextCustomizer@f93658d9], contextLoader = 'org.springframework.test.context.support.DelegatingSmartContextLoader', parent = [null]]]
23:36:56.668 [Test worker] DEBUG org.springframework.test.context.cache - Spring test ApplicationContext cache statistics: [DefaultContextCache@4afd21c6 size = 1, maxSize = 32, parentContextCount = 0, hitCount = 100, missCount = 1]
23:36:56.668 [Test worker] DEBUG org.springframework.test.context.cache.DefaultCacheAwareContextLoaderDelegate - Retrieved ApplicationContext [1988644427] from cache with key [[MergedContextConfiguration@6155d082 testClass = BoardManagerTest, locations = '{}', classes = '{class org.waldreg.board.board.management.DefaultBoardManager, class org.waldreg.util.token.DecryptedTokenContext}', contextInitializerClasses = '[]', activeProfiles = '{}', propertySourceLocations = '{}', propertySourceProperties = '{}', contextCustomizers = set[org.springframework.boot.test.autoconfigure.actuate.metrics.MetricsExportContextCustomizerFactory$DisableMetricExportContextCustomizer@62010f5c, org.springframework.boot.test.autoconfigure.properties.PropertyMappingContextCustomizer@0, org.springframework.boot.test.autoconfigure.web.servlet.WebDriverContextCustomizerFactory$Customizer@73cd37c0, org.springframework.boot.test.context.filter.ExcludeFilterContextCustomizer@5a2d131d, org.springframework.boot.test.json.DuplicateJsonObjectContextCustomizerFactory$DuplicateJsonObjectContextCustomizer@1c93f6e1, org.springframework.boot.test.mock.mockito.MockitoContextCustomizer@f93658d9], contextLoader = 'org.springframework.test.context.support.DelegatingSmartContextLoader', parent = [null]]]
23:36:56.668 [Test worker] DEBUG org.springframework.test.context.cache - Spring test ApplicationContext cache statistics: [DefaultContextCache@4afd21c6 size = 1, maxSize = 32, parentContextCount = 0, hitCount = 101, missCount = 1]
23:36:56.669 [Test worker] DEBUG org.springframework.test.context.cache.DefaultCacheAwareContextLoaderDelegate - Retrieved ApplicationContext [1988644427] from cache with key [[MergedContextConfiguration@6155d082 testClass = BoardManagerTest, locations = '{}', classes = '{class org.waldreg.board.board.management.DefaultBoardManager, class org.waldreg.util.token.DecryptedTokenContext}', contextInitializerClasses = '[]', activeProfiles = '{}', propertySourceLocations = '{}', propertySourceProperties = '{}', contextCustomizers = set[org.springframework.boot.test.autoconfigure.actuate.metrics.MetricsExportContextCustomizerFactory$DisableMetricExportContextCustomizer@62010f5c, org.springframework.boot.test.autoconfigure.properties.PropertyMappingContextCustomizer@0, org.springframework.boot.test.autoconfigure.web.servlet.WebDriverContextCustomizerFactory$Customizer@73cd37c0, org.springframework.boot.test.context.filter.ExcludeFilterContextCustomizer@5a2d131d, org.springframework.boot.test.json.DuplicateJsonObjectContextCustomizerFactory$DuplicateJsonObjectContextCustomizer@1c93f6e1, org.springframework.boot.test.mock.mockito.MockitoContextCustomizer@f93658d9], contextLoader = 'org.springframework.test.context.support.DelegatingSmartContextLoader', parent = [null]]]
23:36:56.669 [Test worker] DEBUG org.springframework.test.context.cache - Spring test ApplicationContext cache statistics: [DefaultContextCache@4afd21c6 size = 1, maxSize = 32, parentContextCount = 0, hitCount = 102, missCount = 1]
23:36:56.669 [Test worker] DEBUG org.springframework.test.context.cache.DefaultCacheAwareContextLoaderDelegate - Retrieved ApplicationContext [1988644427] from cache with key [[MergedContextConfiguration@6155d082 testClass = BoardManagerTest, locations = '{}', classes = '{class org.waldreg.board.board.management.DefaultBoardManager, class org.waldreg.util.token.DecryptedTokenContext}', contextInitializerClasses = '[]', activeProfiles = '{}', propertySourceLocations = '{}', propertySourceProperties = '{}', contextCustomizers = set[org.springframework.boot.test.autoconfigure.actuate.metrics.MetricsExportContextCustomizerFactory$DisableMetricExportContextCustomizer@62010f5c, org.springframework.boot.test.autoconfigure.properties.PropertyMappingContextCustomizer@0, org.springframework.boot.test.autoconfigure.web.servlet.WebDriverContextCustomizerFactory$Customizer@73cd37c0, org.springframework.boot.test.context.filter.ExcludeFilterContextCustomizer@5a2d131d, org.springframework.boot.test.json.DuplicateJsonObjectContextCustomizerFactory$DuplicateJsonObjectContextCustomizer@1c93f6e1, org.springframework.boot.test.mock.mockito.MockitoContextCustomizer@f93658d9], contextLoader = 'org.springframework.test.context.support.DelegatingSmartContextLoader', parent = [null]]]
23:36:56.669 [Test worker] DEBUG org.springframework.test.context.cache - Spring test ApplicationContext cache statistics: [DefaultContextCache@4afd21c6 size = 1, maxSize = 32, parentContextCount = 0, hitCount = 103, missCount = 1]
23:36:56.669 [Test worker] DEBUG org.springframework.test.context.cache.DefaultCacheAwareContextLoaderDelegate - Retrieved ApplicationContext [1988644427] from cache with key [[MergedContextConfiguration@6155d082 testClass = BoardManagerTest, locations = '{}', classes = '{class org.waldreg.board.board.management.DefaultBoardManager, class org.waldreg.util.token.DecryptedTokenContext}', contextInitializerClasses = '[]', activeProfiles = '{}', propertySourceLocations = '{}', propertySourceProperties = '{}', contextCustomizers = set[org.springframework.boot.test.autoconfigure.actuate.metrics.MetricsExportContextCustomizerFactory$DisableMetricExportContextCustomizer@62010f5c, org.springframework.boot.test.autoconfigure.properties.PropertyMappingContextCustomizer@0, org.springframework.boot.test.autoconfigure.web.servlet.WebDriverContextCustomizerFactory$Customizer@73cd37c0, org.springframework.boot.test.context.filter.ExcludeFilterContextCustomizer@5a2d131d, org.springframework.boot.test.json.DuplicateJsonObjectContextCustomizerFactory$DuplicateJsonObjectContextCustomizer@1c93f6e1, org.springframework.boot.test.mock.mockito.MockitoContextCustomizer@f93658d9], contextLoader = 'org.springframework.test.context.support.DelegatingSmartContextLoader', parent = [null]]]
23:36:56.669 [Test worker] DEBUG org.springframework.test.context.cache - Spring test ApplicationContext cache statistics: [DefaultContextCache@4afd21c6 size = 1, maxSize = 32, parentContextCount = 0, hitCount = 104, missCount = 1]
23:36:56.669 [Test worker] DEBUG org.springframework.test.context.cache.DefaultCacheAwareContextLoaderDelegate - Retrieved ApplicationContext [1988644427] from cache with key [[MergedContextConfiguration@6155d082 testClass = BoardManagerTest, locations = '{}', classes = '{class org.waldreg.board.board.management.DefaultBoardManager, class org.waldreg.util.token.DecryptedTokenContext}', contextInitializerClasses = '[]', activeProfiles = '{}', propertySourceLocations = '{}', propertySourceProperties = '{}', contextCustomizers = set[org.springframework.boot.test.autoconfigure.actuate.metrics.MetricsExportContextCustomizerFactory$DisableMetricExportContextCustomizer@62010f5c, org.springframework.boot.test.autoconfigure.properties.PropertyMappingContextCustomizer@0, org.springframework.boot.test.autoconfigure.web.servlet.WebDriverContextCustomizerFactory$Customizer@73cd37c0, org.springframework.boot.test.context.filter.ExcludeFilterContextCustomizer@5a2d131d, org.springframework.boot.test.json.DuplicateJsonObjectContextCustomizerFactory$DuplicateJsonObjectContextCustomizer@1c93f6e1, org.springframework.boot.test.mock.mockito.MockitoContextCustomizer@f93658d9], contextLoader = 'org.springframework.test.context.support.DelegatingSmartContextLoader', parent = [null]]]
23:36:56.669 [Test worker] DEBUG org.springframework.test.context.cache - Spring test ApplicationContext cache statistics: [DefaultContextCache@4afd21c6 size = 1, maxSize = 32, parentContextCount = 0, hitCount = 105, missCount = 1]
23:36:56.669 [Test worker] DEBUG org.springframework.test.context.cache.DefaultCacheAwareContextLoaderDelegate - Retrieved ApplicationContext [1988644427] from cache with key [[MergedContextConfiguration@6155d082 testClass = BoardManagerTest, locations = '{}', classes = '{class org.waldreg.board.board.management.DefaultBoardManager, class org.waldreg.util.token.DecryptedTokenContext}', contextInitializerClasses = '[]', activeProfiles = '{}', propertySourceLocations = '{}', propertySourceProperties = '{}', contextCustomizers = set[org.springframework.boot.test.autoconfigure.actuate.metrics.MetricsExportContextCustomizerFactory$DisableMetricExportContextCustomizer@62010f5c, org.springframework.boot.test.autoconfigure.properties.PropertyMappingContextCustomizer@0, org.springframework.boot.test.autoconfigure.web.servlet.WebDriverContextCustomizerFactory$Customizer@73cd37c0, org.springframework.boot.test.context.filter.ExcludeFilterContextCustomizer@5a2d131d, org.springframework.boot.test.json.DuplicateJsonObjectContextCustomizerFactory$DuplicateJsonObjectContextCustomizer@1c93f6e1, org.springframework.boot.test.mock.mockito.MockitoContextCustomizer@f93658d9], contextLoader = 'org.springframework.test.context.support.DelegatingSmartContextLoader', parent = [null]]]
23:36:56.669 [Test worker] DEBUG org.springframework.test.context.cache - Spring test ApplicationContext cache statistics: [DefaultContextCache@4afd21c6 size = 1, maxSize = 32, parentContextCount = 0, hitCount = 106, missCount = 1]
23:36:56.671 [Test worker] DEBUG org.springframework.test.context.cache.DefaultCacheAwareContextLoaderDelegate - Retrieved ApplicationContext [1988644427] from cache with key [[MergedContextConfiguration@6155d082 testClass = BoardManagerTest, locations = '{}', classes = '{class org.waldreg.board.board.management.DefaultBoardManager, class org.waldreg.util.token.DecryptedTokenContext}', contextInitializerClasses = '[]', activeProfiles = '{}', propertySourceLocations = '{}', propertySourceProperties = '{}', contextCustomizers = set[org.springframework.boot.test.autoconfigure.actuate.metrics.MetricsExportContextCustomizerFactory$DisableMetricExportContextCustomizer@62010f5c, org.springframework.boot.test.autoconfigure.properties.PropertyMappingContextCustomizer@0, org.springframework.boot.test.autoconfigure.web.servlet.WebDriverContextCustomizerFactory$Customizer@73cd37c0, org.springframework.boot.test.context.filter.ExcludeFilterContextCustomizer@5a2d131d, org.springframework.boot.test.json.DuplicateJsonObjectContextCustomizerFactory$DuplicateJsonObjectContextCustomizer@1c93f6e1, org.springframework.boot.test.mock.mockito.MockitoContextCustomizer@f93658d9], contextLoader = 'org.springframework.test.context.support.DelegatingSmartContextLoader', parent = [null]]]
23:36:56.671 [Test worker] DEBUG org.springframework.test.context.cache - Spring test ApplicationContext cache statistics: [DefaultContextCache@4afd21c6 size = 1, maxSize = 32, parentContextCount = 0, hitCount = 107, missCount = 1]
23:36:56.671 [Test worker] DEBUG org.springframework.test.context.support.AbstractDirtiesContextTestExecutionListener - After test method: context [DefaultTestContext@47f9738 testClass = BoardManagerTest, testInstance = org.waldreg.board.board.BoardManagerTest@2ab0702e, testMethod = SEARCH_BOARD_BY_TITLE_INVALID_RANGE_TEST@BoardManagerTest, testException = [null], mergedContextConfiguration = [MergedContextConfiguration@6155d082 testClass = BoardManagerTest, locations = '{}', classes = '{class org.waldreg.board.board.management.DefaultBoardManager, class org.waldreg.util.token.DecryptedTokenContext}', contextInitializerClasses = '[]', activeProfiles = '{}', propertySourceLocations = '{}', propertySourceProperties = '{}', contextCustomizers = set[org.springframework.boot.test.autoconfigure.actuate.metrics.MetricsExportContextCustomizerFactory$DisableMetricExportContextCustomizer@62010f5c, org.springframework.boot.test.autoconfigure.properties.PropertyMappingContextCustomizer@0, org.springframework.boot.test.autoconfigure.web.servlet.WebDriverContextCustomizerFactory$Customizer@73cd37c0, org.springframework.boot.test.context.filter.ExcludeFilterContextCustomizer@5a2d131d, org.springframework.boot.test.json.DuplicateJsonObjectContextCustomizerFactory$DuplicateJsonObjectContextCustomizer@1c93f6e1, org.springframework.boot.test.mock.mockito.MockitoContextCustomizer@f93658d9], contextLoader = 'org.springframework.test.context.support.DelegatingSmartContextLoader', parent = [null]], attributes = map['org.springframework.test.context.event.ApplicationEventsTestExecutionListener.recordApplicationEvents' -> false]], class annotated with @DirtiesContext [false] with mode [null], method annotated with @DirtiesContext [false] with mode [null].
23:36:56.672 [Test worker] DEBUG org.springframework.test.context.cache.DefaultCacheAwareContextLoaderDelegate - Retrieved ApplicationContext [1988644427] from cache with key [[MergedContextConfiguration@6155d082 testClass = BoardManagerTest, locations = '{}', classes = '{class org.waldreg.board.board.management.DefaultBoardManager, class org.waldreg.util.token.DecryptedTokenContext}', contextInitializerClasses = '[]', activeProfiles = '{}', propertySourceLocations = '{}', propertySourceProperties = '{}', contextCustomizers = set[org.springframework.boot.test.autoconfigure.actuate.metrics.MetricsExportContextCustomizerFactory$DisableMetricExportContextCustomizer@62010f5c, org.springframework.boot.test.autoconfigure.properties.PropertyMappingContextCustomizer@0, org.springframework.boot.test.autoconfigure.web.servlet.WebDriverContextCustomizerFactory$Customizer@73cd37c0, org.springframework.boot.test.context.filter.ExcludeFilterContextCustomizer@5a2d131d, org.springframework.boot.test.json.DuplicateJsonObjectContextCustomizerFactory$DuplicateJsonObjectContextCustomizer@1c93f6e1, org.springframework.boot.test.mock.mockito.MockitoContextCustomizer@f93658d9], contextLoader = 'org.springframework.test.context.support.DelegatingSmartContextLoader', parent = [null]]]
23:36:56.672 [Test worker] DEBUG org.springframework.test.context.cache - Spring test ApplicationContext cache statistics: [DefaultContextCache@4afd21c6 size = 1, maxSize = 32, parentContextCount = 0, hitCount = 108, missCount = 1]
23:36:56.672 [Test worker] DEBUG org.springframework.test.context.support.DependencyInjectionTestExecutionListener - Performing dependency injection for test context [[DefaultTestContext@47f9738 testClass = BoardManagerTest, testInstance = org.waldreg.board.board.BoardManagerTest@e8e0dec, testMethod = [null], testException = [null], mergedContextConfiguration = [MergedContextConfiguration@6155d082 testClass = BoardManagerTest, locations = '{}', classes = '{class org.waldreg.board.board.management.DefaultBoardManager, class org.waldreg.util.token.DecryptedTokenContext}', contextInitializerClasses = '[]', activeProfiles = '{}', propertySourceLocations = '{}', propertySourceProperties = '{}', contextCustomizers = set[org.springframework.boot.test.autoconfigure.actuate.metrics.MetricsExportContextCustomizerFactory$DisableMetricExportContextCustomizer@62010f5c, org.springframework.boot.test.autoconfigure.properties.PropertyMappingContextCustomizer@0, org.springframework.boot.test.autoconfigure.web.servlet.WebDriverContextCustomizerFactory$Customizer@73cd37c0, org.springframework.boot.test.context.filter.ExcludeFilterContextCustomizer@5a2d131d, org.springframework.boot.test.json.DuplicateJsonObjectContextCustomizerFactory$DuplicateJsonObjectContextCustomizer@1c93f6e1, org.springframework.boot.test.mock.mockito.MockitoContextCustomizer@f93658d9], contextLoader = 'org.springframework.test.context.support.DelegatingSmartContextLoader', parent = [null]], attributes = map['org.springframework.test.context.event.ApplicationEventsTestExecutionListener.recordApplicationEvents' -> false]]].
23:36:56.672 [Test worker] DEBUG org.springframework.test.context.cache.DefaultCacheAwareContextLoaderDelegate - Retrieved ApplicationContext [1988644427] from cache with key [[MergedContextConfiguration@6155d082 testClass = BoardManagerTest, locations = '{}', classes = '{class org.waldreg.board.board.management.DefaultBoardManager, class org.waldreg.util.token.DecryptedTokenContext}', contextInitializerClasses = '[]', activeProfiles = '{}', propertySourceLocations = '{}', propertySourceProperties = '{}', contextCustomizers = set[org.springframework.boot.test.autoconfigure.actuate.metrics.MetricsExportContextCustomizerFactory$DisableMetricExportContextCustomizer@62010f5c, org.springframework.boot.test.autoconfigure.properties.PropertyMappingContextCustomizer@0, org.springframework.boot.test.autoconfigure.web.servlet.WebDriverContextCustomizerFactory$Customizer@73cd37c0, org.springframework.boot.test.context.filter.ExcludeFilterContextCustomizer@5a2d131d, org.springframework.boot.test.json.DuplicateJsonObjectContextCustomizerFactory$DuplicateJsonObjectContextCustomizer@1c93f6e1, org.springframework.boot.test.mock.mockito.MockitoContextCustomizer@f93658d9], contextLoader = 'org.springframework.test.context.support.DelegatingSmartContextLoader', parent = [null]]]
23:36:56.672 [Test worker] DEBUG org.springframework.test.context.cache - Spring test ApplicationContext cache statistics: [DefaultContextCache@4afd21c6 size = 1, maxSize = 32, parentContextCount = 0, hitCount = 109, missCount = 1]
23:36:56.672 [Test worker] DEBUG org.springframework.test.context.cache.DefaultCacheAwareContextLoaderDelegate - Retrieved ApplicationContext [1988644427] from cache with key [[MergedContextConfiguration@6155d082 testClass = BoardManagerTest, locations = '{}', classes = '{class org.waldreg.board.board.management.DefaultBoardManager, class org.waldreg.util.token.DecryptedTokenContext}', contextInitializerClasses = '[]', activeProfiles = '{}', propertySourceLocations = '{}', propertySourceProperties = '{}', contextCustomizers = set[org.springframework.boot.test.autoconfigure.actuate.metrics.MetricsExportContextCustomizerFactory$DisableMetricExportContextCustomizer@62010f5c, org.springframework.boot.test.autoconfigure.properties.PropertyMappingContextCustomizer@0, org.springframework.boot.test.autoconfigure.web.servlet.WebDriverContextCustomizerFactory$Customizer@73cd37c0, org.springframework.boot.test.context.filter.ExcludeFilterContextCustomizer@5a2d131d, org.springframework.boot.test.json.DuplicateJsonObjectContextCustomizerFactory$DuplicateJsonObjectContextCustomizer@1c93f6e1, org.springframework.boot.test.mock.mockito.MockitoContextCustomizer@f93658d9], contextLoader = 'org.springframework.test.context.support.DelegatingSmartContextLoader', parent = [null]]]
23:36:56.672 [Test worker] DEBUG org.springframework.test.context.cache - Spring test ApplicationContext cache statistics: [DefaultContextCache@4afd21c6 size = 1, maxSize = 32, parentContextCount = 0, hitCount = 110, missCount = 1]
23:36:56.673 [Test worker] DEBUG org.springframework.test.context.support.AbstractDirtiesContextTestExecutionListener - Before test method: context [DefaultTestContext@47f9738 testClass = BoardManagerTest, testInstance = org.waldreg.board.board.BoardManagerTest@e8e0dec, testMethod = SEARCH_BOARD_BY_CONTENT_TEST@BoardManagerTest, testException = [null], mergedContextConfiguration = [MergedContextConfiguration@6155d082 testClass = BoardManagerTest, locations = '{}', classes = '{class org.waldreg.board.board.management.DefaultBoardManager, class org.waldreg.util.token.DecryptedTokenContext}', contextInitializerClasses = '[]', activeProfiles = '{}', propertySourceLocations = '{}', propertySourceProperties = '{}', contextCustomizers = set[org.springframework.boot.test.autoconfigure.actuate.metrics.MetricsExportContextCustomizerFactory$DisableMetricExportContextCustomizer@62010f5c, org.springframework.boot.test.autoconfigure.properties.PropertyMappingContextCustomizer@0, org.springframework.boot.test.autoconfigure.web.servlet.WebDriverContextCustomizerFactory$Customizer@73cd37c0, org.springframework.boot.test.context.filter.ExcludeFilterContextCustomizer@5a2d131d, org.springframework.boot.test.json.DuplicateJsonObjectContextCustomizerFactory$DuplicateJsonObjectContextCustomizer@1c93f6e1, org.springframework.boot.test.mock.mockito.MockitoContextCustomizer@f93658d9], contextLoader = 'org.springframework.test.context.support.DelegatingSmartContextLoader', parent = [null]], attributes = map['org.springframework.test.context.event.ApplicationEventsTestExecutionListener.recordApplicationEvents' -> false]], class annotated with @DirtiesContext [false] with mode [null], method annotated with @DirtiesContext [false] with mode [null].
23:36:56.673 [Test worker] DEBUG org.springframework.test.context.cache.DefaultCacheAwareContextLoaderDelegate - Retrieved ApplicationContext [1988644427] from cache with key [[MergedContextConfiguration@6155d082 testClass = BoardManagerTest, locations = '{}', classes = '{class org.waldreg.board.board.management.DefaultBoardManager, class org.waldreg.util.token.DecryptedTokenContext}', contextInitializerClasses = '[]', activeProfiles = '{}', propertySourceLocations = '{}', propertySourceProperties = '{}', contextCustomizers = set[org.springframework.boot.test.autoconfigure.actuate.metrics.MetricsExportContextCustomizerFactory$DisableMetricExportContextCustomizer@62010f5c, org.springframework.boot.test.autoconfigure.properties.PropertyMappingContextCustomizer@0, org.springframework.boot.test.autoconfigure.web.servlet.WebDriverContextCustomizerFactory$Customizer@73cd37c0, org.springframework.boot.test.context.filter.ExcludeFilterContextCustomizer@5a2d131d, org.springframework.boot.test.json.DuplicateJsonObjectContextCustomizerFactory$DuplicateJsonObjectContextCustomizer@1c93f6e1, org.springframework.boot.test.mock.mockito.MockitoContextCustomizer@f93658d9], contextLoader = 'org.springframework.test.context.support.DelegatingSmartContextLoader', parent = [null]]]
23:36:56.673 [Test worker] DEBUG org.springframework.test.context.cache - Spring test ApplicationContext cache statistics: [DefaultContextCache@4afd21c6 size = 1, maxSize = 32, parentContextCount = 0, hitCount = 111, missCount = 1]
23:36:56.673 [Test worker] DEBUG org.springframework.test.context.cache.DefaultCacheAwareContextLoaderDelegate - Retrieved ApplicationContext [1988644427] from cache with key [[MergedContextConfiguration@6155d082 testClass = BoardManagerTest, locations = '{}', classes = '{class org.waldreg.board.board.management.DefaultBoardManager, class org.waldreg.util.token.DecryptedTokenContext}', contextInitializerClasses = '[]', activeProfiles = '{}', propertySourceLocations = '{}', propertySourceProperties = '{}', contextCustomizers = set[org.springframework.boot.test.autoconfigure.actuate.metrics.MetricsExportContextCustomizerFactory$DisableMetricExportContextCustomizer@62010f5c, org.springframework.boot.test.autoconfigure.properties.PropertyMappingContextCustomizer@0, org.springframework.boot.test.autoconfigure.web.servlet.WebDriverContextCustomizerFactory$Customizer@73cd37c0, org.springframework.boot.test.context.filter.ExcludeFilterContextCustomizer@5a2d131d, org.springframework.boot.test.json.DuplicateJsonObjectContextCustomizerFactory$DuplicateJsonObjectContextCustomizer@1c93f6e1, org.springframework.boot.test.mock.mockito.MockitoContextCustomizer@f93658d9], contextLoader = 'org.springframework.test.context.support.DelegatingSmartContextLoader', parent = [null]]]
23:36:56.673 [Test worker] DEBUG org.springframework.test.context.cache - Spring test ApplicationContext cache statistics: [DefaultContextCache@4afd21c6 size = 1, maxSize = 32, parentContextCount = 0, hitCount = 112, missCount = 1]
23:36:56.674 [Test worker] DEBUG org.springframework.test.context.cache.DefaultCacheAwareContextLoaderDelegate - Retrieved ApplicationContext [1988644427] from cache with key [[MergedContextConfiguration@6155d082 testClass = BoardManagerTest, locations = '{}', classes = '{class org.waldreg.board.board.management.DefaultBoardManager, class org.waldreg.util.token.DecryptedTokenContext}', contextInitializerClasses = '[]', activeProfiles = '{}', propertySourceLocations = '{}', propertySourceProperties = '{}', contextCustomizers = set[org.springframework.boot.test.autoconfigure.actuate.metrics.MetricsExportContextCustomizerFactory$DisableMetricExportContextCustomizer@62010f5c, org.springframework.boot.test.autoconfigure.properties.PropertyMappingContextCustomizer@0, org.springframework.boot.test.autoconfigure.web.servlet.WebDriverContextCustomizerFactory$Customizer@73cd37c0, org.springframework.boot.test.context.filter.ExcludeFilterContextCustomizer@5a2d131d, org.springframework.boot.test.json.DuplicateJsonObjectContextCustomizerFactory$DuplicateJsonObjectContextCustomizer@1c93f6e1, org.springframework.boot.test.mock.mockito.MockitoContextCustomizer@f93658d9], contextLoader = 'org.springframework.test.context.support.DelegatingSmartContextLoader', parent = [null]]]
23:36:56.674 [Test worker] DEBUG org.springframework.test.context.cache - Spring test ApplicationContext cache statistics: [DefaultContextCache@4afd21c6 size = 1, maxSize = 32, parentContextCount = 0, hitCount = 113, missCount = 1]
23:36:56.675 [Test worker] DEBUG org.springframework.test.context.cache.DefaultCacheAwareContextLoaderDelegate - Retrieved ApplicationContext [1988644427] from cache with key [[MergedContextConfiguration@6155d082 testClass = BoardManagerTest, locations = '{}', classes = '{class org.waldreg.board.board.management.DefaultBoardManager, class org.waldreg.util.token.DecryptedTokenContext}', contextInitializerClasses = '[]', activeProfiles = '{}', propertySourceLocations = '{}', propertySourceProperties = '{}', contextCustomizers = set[org.springframework.boot.test.autoconfigure.actuate.metrics.MetricsExportContextCustomizerFactory$DisableMetricExportContextCustomizer@62010f5c, org.springframework.boot.test.autoconfigure.properties.PropertyMappingContextCustomizer@0, org.springframework.boot.test.autoconfigure.web.servlet.WebDriverContextCustomizerFactory$Customizer@73cd37c0, org.springframework.boot.test.context.filter.ExcludeFilterContextCustomizer@5a2d131d, org.springframework.boot.test.json.DuplicateJsonObjectContextCustomizerFactory$DuplicateJsonObjectContextCustomizer@1c93f6e1, org.springframework.boot.test.mock.mockito.MockitoContextCustomizer@f93658d9], contextLoader = 'org.springframework.test.context.support.DelegatingSmartContextLoader', parent = [null]]]
23:36:56.675 [Test worker] DEBUG org.springframework.test.context.cache - Spring test ApplicationContext cache statistics: [DefaultContextCache@4afd21c6 size = 1, maxSize = 32, parentContextCount = 0, hitCount = 114, missCount = 1]
23:36:56.675 [Test worker] DEBUG org.springframework.test.context.cache.DefaultCacheAwareContextLoaderDelegate - Retrieved ApplicationContext [1988644427] from cache with key [[MergedContextConfiguration@6155d082 testClass = BoardManagerTest, locations = '{}', classes = '{class org.waldreg.board.board.management.DefaultBoardManager, class org.waldreg.util.token.DecryptedTokenContext}', contextInitializerClasses = '[]', activeProfiles = '{}', propertySourceLocations = '{}', propertySourceProperties = '{}', contextCustomizers = set[org.springframework.boot.test.autoconfigure.actuate.metrics.MetricsExportContextCustomizerFactory$DisableMetricExportContextCustomizer@62010f5c, org.springframework.boot.test.autoconfigure.properties.PropertyMappingContextCustomizer@0, org.springframework.boot.test.autoconfigure.web.servlet.WebDriverContextCustomizerFactory$Customizer@73cd37c0, org.springframework.boot.test.context.filter.ExcludeFilterContextCustomizer@5a2d131d, org.springframework.boot.test.json.DuplicateJsonObjectContextCustomizerFactory$DuplicateJsonObjectContextCustomizer@1c93f6e1, org.springframework.boot.test.mock.mockito.MockitoContextCustomizer@f93658d9], contextLoader = 'org.springframework.test.context.support.DelegatingSmartContextLoader', parent = [null]]]
23:36:56.675 [Test worker] DEBUG org.springframework.test.context.cache - Spring test ApplicationContext cache statistics: [DefaultContextCache@4afd21c6 size = 1, maxSize = 32, parentContextCount = 0, hitCount = 115, missCount = 1]
23:36:56.675 [Test worker] DEBUG org.springframework.test.context.cache.DefaultCacheAwareContextLoaderDelegate - Retrieved ApplicationContext [1988644427] from cache with key [[MergedContextConfiguration@6155d082 testClass = BoardManagerTest, locations = '{}', classes = '{class org.waldreg.board.board.management.DefaultBoardManager, class org.waldreg.util.token.DecryptedTokenContext}', contextInitializerClasses = '[]', activeProfiles = '{}', propertySourceLocations = '{}', propertySourceProperties = '{}', contextCustomizers = set[org.springframework.boot.test.autoconfigure.actuate.metrics.MetricsExportContextCustomizerFactory$DisableMetricExportContextCustomizer@62010f5c, org.springframework.boot.test.autoconfigure.properties.PropertyMappingContextCustomizer@0, org.springframework.boot.test.autoconfigure.web.servlet.WebDriverContextCustomizerFactory$Customizer@73cd37c0, org.springframework.boot.test.context.filter.ExcludeFilterContextCustomizer@5a2d131d, org.springframework.boot.test.json.DuplicateJsonObjectContextCustomizerFactory$DuplicateJsonObjectContextCustomizer@1c93f6e1, org.springframework.boot.test.mock.mockito.MockitoContextCustomizer@f93658d9], contextLoader = 'org.springframework.test.context.support.DelegatingSmartContextLoader', parent = [null]]]
23:36:56.675 [Test worker] DEBUG org.springframework.test.context.cache - Spring test ApplicationContext cache statistics: [DefaultContextCache@4afd21c6 size = 1, maxSize = 32, parentContextCount = 0, hitCount = 116, missCount = 1]
23:36:56.675 [Test worker] DEBUG org.springframework.test.context.cache.DefaultCacheAwareContextLoaderDelegate - Retrieved ApplicationContext [1988644427] from cache with key [[MergedContextConfiguration@6155d082 testClass = BoardManagerTest, locations = '{}', classes = '{class org.waldreg.board.board.management.DefaultBoardManager, class org.waldreg.util.token.DecryptedTokenContext}', contextInitializerClasses = '[]', activeProfiles = '{}', propertySourceLocations = '{}', propertySourceProperties = '{}', contextCustomizers = set[org.springframework.boot.test.autoconfigure.actuate.metrics.MetricsExportContextCustomizerFactory$DisableMetricExportContextCustomizer@62010f5c, org.springframework.boot.test.autoconfigure.properties.PropertyMappingContextCustomizer@0, org.springframework.boot.test.autoconfigure.web.servlet.WebDriverContextCustomizerFactory$Customizer@73cd37c0, org.springframework.boot.test.context.filter.ExcludeFilterContextCustomizer@5a2d131d, org.springframework.boot.test.json.DuplicateJsonObjectContextCustomizerFactory$DuplicateJsonObjectContextCustomizer@1c93f6e1, org.springframework.boot.test.mock.mockito.MockitoContextCustomizer@f93658d9], contextLoader = 'org.springframework.test.context.support.DelegatingSmartContextLoader', parent = [null]]]
23:36:56.675 [Test worker] DEBUG org.springframework.test.context.cache - Spring test ApplicationContext cache statistics: [DefaultContextCache@4afd21c6 size = 1, maxSize = 32, parentContextCount = 0, hitCount = 117, missCount = 1]
23:36:56.675 [Test worker] DEBUG org.springframework.test.context.cache.DefaultCacheAwareContextLoaderDelegate - Retrieved ApplicationContext [1988644427] from cache with key [[MergedContextConfiguration@6155d082 testClass = BoardManagerTest, locations = '{}', classes = '{class org.waldreg.board.board.management.DefaultBoardManager, class org.waldreg.util.token.DecryptedTokenContext}', contextInitializerClasses = '[]', activeProfiles = '{}', propertySourceLocations = '{}', propertySourceProperties = '{}', contextCustomizers = set[org.springframework.boot.test.autoconfigure.actuate.metrics.MetricsExportContextCustomizerFactory$DisableMetricExportContextCustomizer@62010f5c, org.springframework.boot.test.autoconfigure.properties.PropertyMappingContextCustomizer@0, org.springframework.boot.test.autoconfigure.web.servlet.WebDriverContextCustomizerFactory$Customizer@73cd37c0, org.springframework.boot.test.context.filter.ExcludeFilterContextCustomizer@5a2d131d, org.springframework.boot.test.json.DuplicateJsonObjectContextCustomizerFactory$DuplicateJsonObjectContextCustomizer@1c93f6e1, org.springframework.boot.test.mock.mockito.MockitoContextCustomizer@f93658d9], contextLoader = 'org.springframework.test.context.support.DelegatingSmartContextLoader', parent = [null]]]
23:36:56.675 [Test worker] DEBUG org.springframework.test.context.cache - Spring test ApplicationContext cache statistics: [DefaultContextCache@4afd21c6 size = 1, maxSize = 32, parentContextCount = 0, hitCount = 118, missCount = 1]
23:36:56.676 [Test worker] DEBUG org.springframework.test.context.cache.DefaultCacheAwareContextLoaderDelegate - Retrieved ApplicationContext [1988644427] from cache with key [[MergedContextConfiguration@6155d082 testClass = BoardManagerTest, locations = '{}', classes = '{class org.waldreg.board.board.management.DefaultBoardManager, class org.waldreg.util.token.DecryptedTokenContext}', contextInitializerClasses = '[]', activeProfiles = '{}', propertySourceLocations = '{}', propertySourceProperties = '{}', contextCustomizers = set[org.springframework.boot.test.autoconfigure.actuate.metrics.MetricsExportContextCustomizerFactory$DisableMetricExportContextCustomizer@62010f5c, org.springframework.boot.test.autoconfigure.properties.PropertyMappingContextCustomizer@0, org.springframework.boot.test.autoconfigure.web.servlet.WebDriverContextCustomizerFactory$Customizer@73cd37c0, org.springframework.boot.test.context.filter.ExcludeFilterContextCustomizer@5a2d131d, org.springframework.boot.test.json.DuplicateJsonObjectContextCustomizerFactory$DuplicateJsonObjectContextCustomizer@1c93f6e1, org.springframework.boot.test.mock.mockito.MockitoContextCustomizer@f93658d9], contextLoader = 'org.springframework.test.context.support.DelegatingSmartContextLoader', parent = [null]]]
23:36:56.676 [Test worker] DEBUG org.springframework.test.context.cache - Spring test ApplicationContext cache statistics: [DefaultContextCache@4afd21c6 size = 1, maxSize = 32, parentContextCount = 0, hitCount = 119, missCount = 1]
23:36:56.676 [Test worker] DEBUG org.springframework.test.context.support.AbstractDirtiesContextTestExecutionListener - After test method: context [DefaultTestContext@47f9738 testClass = BoardManagerTest, testInstance = org.waldreg.board.board.BoardManagerTest@e8e0dec, testMethod = SEARCH_BOARD_BY_CONTENT_TEST@BoardManagerTest, testException = [null], mergedContextConfiguration = [MergedContextConfiguration@6155d082 testClass = BoardManagerTest, locations = '{}', classes = '{class org.waldreg.board.board.management.DefaultBoardManager, class org.waldreg.util.token.DecryptedTokenContext}', contextInitializerClasses = '[]', activeProfiles = '{}', propertySourceLocations = '{}', propertySourceProperties = '{}', contextCustomizers = set[org.springframework.boot.test.autoconfigure.actuate.metrics.MetricsExportContextCustomizerFactory$DisableMetricExportContextCustomizer@62010f5c, org.springframework.boot.test.autoconfigure.properties.PropertyMappingContextCustomizer@0, org.springframework.boot.test.autoconfigure.web.servlet.WebDriverContextCustomizerFactory$Customizer@73cd37c0, org.springframework.boot.test.context.filter.ExcludeFilterContextCustomizer@5a2d131d, org.springframework.boot.test.json.DuplicateJsonObjectContextCustomizerFactory$DuplicateJsonObjectContextCustomizer@1c93f6e1, org.springframework.boot.test.mock.mockito.MockitoContextCustomizer@f93658d9], contextLoader = 'org.springframework.test.context.support.DelegatingSmartContextLoader', parent = [null]], attributes = map['org.springframework.test.context.event.ApplicationEventsTestExecutionListener.recordApplicationEvents' -> false]], class annotated with @DirtiesContext [false] with mode [null], method annotated with @DirtiesContext [false] with mode [null].
23:36:56.677 [Test worker] DEBUG org.springframework.test.context.cache.DefaultCacheAwareContextLoaderDelegate - Retrieved ApplicationContext [1988644427] from cache with key [[MergedContextConfiguration@6155d082 testClass = BoardManagerTest, locations = '{}', classes = '{class org.waldreg.board.board.management.DefaultBoardManager, class org.waldreg.util.token.DecryptedTokenContext}', contextInitializerClasses = '[]', activeProfiles = '{}', propertySourceLocations = '{}', propertySourceProperties = '{}', contextCustomizers = set[org.springframework.boot.test.autoconfigure.actuate.metrics.MetricsExportContextCustomizerFactory$DisableMetricExportContextCustomizer@62010f5c, org.springframework.boot.test.autoconfigure.properties.PropertyMappingContextCustomizer@0, org.springframework.boot.test.autoconfigure.web.servlet.WebDriverContextCustomizerFactory$Customizer@73cd37c0, org.springframework.boot.test.context.filter.ExcludeFilterContextCustomizer@5a2d131d, org.springframework.boot.test.json.DuplicateJsonObjectContextCustomizerFactory$DuplicateJsonObjectContextCustomizer@1c93f6e1, org.springframework.boot.test.mock.mockito.MockitoContextCustomizer@f93658d9], contextLoader = 'org.springframework.test.context.support.DelegatingSmartContextLoader', parent = [null]]]
23:36:56.677 [Test worker] DEBUG org.springframework.test.context.cache - Spring test ApplicationContext cache statistics: [DefaultContextCache@4afd21c6 size = 1, maxSize = 32, parentContextCount = 0, hitCount = 120, missCount = 1]
23:36:56.677 [Test worker] DEBUG org.springframework.test.context.support.DependencyInjectionTestExecutionListener - Performing dependency injection for test context [[DefaultTestContext@47f9738 testClass = BoardManagerTest, testInstance = org.waldreg.board.board.BoardManagerTest@1a6cf771, testMethod = [null], testException = [null], mergedContextConfiguration = [MergedContextConfiguration@6155d082 testClass = BoardManagerTest, locations = '{}', classes = '{class org.waldreg.board.board.management.DefaultBoardManager, class org.waldreg.util.token.DecryptedTokenContext}', contextInitializerClasses = '[]', activeProfiles = '{}', propertySourceLocations = '{}', propertySourceProperties = '{}', contextCustomizers = set[org.springframework.boot.test.autoconfigure.actuate.metrics.MetricsExportContextCustomizerFactory$DisableMetricExportContextCustomizer@62010f5c, org.springframework.boot.test.autoconfigure.properties.PropertyMappingContextCustomizer@0, org.springframework.boot.test.autoconfigure.web.servlet.WebDriverContextCustomizerFactory$Customizer@73cd37c0, org.springframework.boot.test.context.filter.ExcludeFilterContextCustomizer@5a2d131d, org.springframework.boot.test.json.DuplicateJsonObjectContextCustomizerFactory$DuplicateJsonObjectContextCustomizer@1c93f6e1, org.springframework.boot.test.mock.mockito.MockitoContextCustomizer@f93658d9], contextLoader = 'org.springframework.test.context.support.DelegatingSmartContextLoader', parent = [null]], attributes = map['org.springframework.test.context.event.ApplicationEventsTestExecutionListener.recordApplicationEvents' -> false]]].
23:36:56.678 [Test worker] DEBUG org.springframework.test.context.cache.DefaultCacheAwareContextLoaderDelegate - Retrieved ApplicationContext [1988644427] from cache with key [[MergedContextConfiguration@6155d082 testClass = BoardManagerTest, locations = '{}', classes = '{class org.waldreg.board.board.management.DefaultBoardManager, class org.waldreg.util.token.DecryptedTokenContext}', contextInitializerClasses = '[]', activeProfiles = '{}', propertySourceLocations = '{}', propertySourceProperties = '{}', contextCustomizers = set[org.springframework.boot.test.autoconfigure.actuate.metrics.MetricsExportContextCustomizerFactory$DisableMetricExportContextCustomizer@62010f5c, org.springframework.boot.test.autoconfigure.properties.PropertyMappingContextCustomizer@0, org.springframework.boot.test.autoconfigure.web.servlet.WebDriverContextCustomizerFactory$Customizer@73cd37c0, org.springframework.boot.test.context.filter.ExcludeFilterContextCustomizer@5a2d131d, org.springframework.boot.test.json.DuplicateJsonObjectContextCustomizerFactory$DuplicateJsonObjectContextCustomizer@1c93f6e1, org.springframework.boot.test.mock.mockito.MockitoContextCustomizer@f93658d9], contextLoader = 'org.springframework.test.context.support.DelegatingSmartContextLoader', parent = [null]]]
23:36:56.678 [Test worker] DEBUG org.springframework.test.context.cache - Spring test ApplicationContext cache statistics: [DefaultContextCache@4afd21c6 size = 1, maxSize = 32, parentContextCount = 0, hitCount = 121, missCount = 1]
23:36:56.678 [Test worker] DEBUG org.springframework.test.context.cache.DefaultCacheAwareContextLoaderDelegate - Retrieved ApplicationContext [1988644427] from cache with key [[MergedContextConfiguration@6155d082 testClass = BoardManagerTest, locations = '{}', classes = '{class org.waldreg.board.board.management.DefaultBoardManager, class org.waldreg.util.token.DecryptedTokenContext}', contextInitializerClasses = '[]', activeProfiles = '{}', propertySourceLocations = '{}', propertySourceProperties = '{}', contextCustomizers = set[org.springframework.boot.test.autoconfigure.actuate.metrics.MetricsExportContextCustomizerFactory$DisableMetricExportContextCustomizer@62010f5c, org.springframework.boot.test.autoconfigure.properties.PropertyMappingContextCustomizer@0, org.springframework.boot.test.autoconfigure.web.servlet.WebDriverContextCustomizerFactory$Customizer@73cd37c0, org.springframework.boot.test.context.filter.ExcludeFilterContextCustomizer@5a2d131d, org.springframework.boot.test.json.DuplicateJsonObjectContextCustomizerFactory$DuplicateJsonObjectContextCustomizer@1c93f6e1, org.springframework.boot.test.mock.mockito.MockitoContextCustomizer@f93658d9], contextLoader = 'org.springframework.test.context.support.DelegatingSmartContextLoader', parent = [null]]]
23:36:56.678 [Test worker] DEBUG org.springframework.test.context.cache - Spring test ApplicationContext cache statistics: [DefaultContextCache@4afd21c6 size = 1, maxSize = 32, parentContextCount = 0, hitCount = 122, missCount = 1]
23:36:56.678 [Test worker] DEBUG org.springframework.test.context.support.AbstractDirtiesContextTestExecutionListener - Before test method: context [DefaultTestContext@47f9738 testClass = BoardManagerTest, testInstance = org.waldreg.board.board.BoardManagerTest@1a6cf771, testMethod = MODIFY_BOARD_Fail_CATEGORY_NOT_EXIST_TEST@BoardManagerTest, testException = [null], mergedContextConfiguration = [MergedContextConfiguration@6155d082 testClass = BoardManagerTest, locations = '{}', classes = '{class org.waldreg.board.board.management.DefaultBoardManager, class org.waldreg.util.token.DecryptedTokenContext}', contextInitializerClasses = '[]', activeProfiles = '{}', propertySourceLocations = '{}', propertySourceProperties = '{}', contextCustomizers = set[org.springframework.boot.test.autoconfigure.actuate.metrics.MetricsExportContextCustomizerFactory$DisableMetricExportContextCustomizer@62010f5c, org.springframework.boot.test.autoconfigure.properties.PropertyMappingContextCustomizer@0, org.springframework.boot.test.autoconfigure.web.servlet.WebDriverContextCustomizerFactory$Customizer@73cd37c0, org.springframework.boot.test.context.filter.ExcludeFilterContextCustomizer@5a2d131d, org.springframework.boot.test.json.DuplicateJsonObjectContextCustomizerFactory$DuplicateJsonObjectContextCustomizer@1c93f6e1, org.springframework.boot.test.mock.mockito.MockitoContextCustomizer@f93658d9], contextLoader = 'org.springframework.test.context.support.DelegatingSmartContextLoader', parent = [null]], attributes = map['org.springframework.test.context.event.ApplicationEventsTestExecutionListener.recordApplicationEvents' -> false]], class annotated with @DirtiesContext [false] with mode [null], method annotated with @DirtiesContext [false] with mode [null].
23:36:56.678 [Test worker] DEBUG org.springframework.test.context.cache.DefaultCacheAwareContextLoaderDelegate - Retrieved ApplicationContext [1988644427] from cache with key [[MergedContextConfiguration@6155d082 testClass = BoardManagerTest, locations = '{}', classes = '{class org.waldreg.board.board.management.DefaultBoardManager, class org.waldreg.util.token.DecryptedTokenContext}', contextInitializerClasses = '[]', activeProfiles = '{}', propertySourceLocations = '{}', propertySourceProperties = '{}', contextCustomizers = set[org.springframework.boot.test.autoconfigure.actuate.metrics.MetricsExportContextCustomizerFactory$DisableMetricExportContextCustomizer@62010f5c, org.springframework.boot.test.autoconfigure.properties.PropertyMappingContextCustomizer@0, org.springframework.boot.test.autoconfigure.web.servlet.WebDriverContextCustomizerFactory$Customizer@73cd37c0, org.springframework.boot.test.context.filter.ExcludeFilterContextCustomizer@5a2d131d, org.springframework.boot.test.json.DuplicateJsonObjectContextCustomizerFactory$DuplicateJsonObjectContextCustomizer@1c93f6e1, org.springframework.boot.test.mock.mockito.MockitoContextCustomizer@f93658d9], contextLoader = 'org.springframework.test.context.support.DelegatingSmartContextLoader', parent = [null]]]
23:36:56.678 [Test worker] DEBUG org.springframework.test.context.cache - Spring test ApplicationContext cache statistics: [DefaultContextCache@4afd21c6 size = 1, maxSize = 32, parentContextCount = 0, hitCount = 123, missCount = 1]
23:36:56.678 [Test worker] DEBUG org.springframework.test.context.cache.DefaultCacheAwareContextLoaderDelegate - Retrieved ApplicationContext [1988644427] from cache with key [[MergedContextConfiguration@6155d082 testClass = BoardManagerTest, locations = '{}', classes = '{class org.waldreg.board.board.management.DefaultBoardManager, class org.waldreg.util.token.DecryptedTokenContext}', contextInitializerClasses = '[]', activeProfiles = '{}', propertySourceLocations = '{}', propertySourceProperties = '{}', contextCustomizers = set[org.springframework.boot.test.autoconfigure.actuate.metrics.MetricsExportContextCustomizerFactory$DisableMetricExportContextCustomizer@62010f5c, org.springframework.boot.test.autoconfigure.properties.PropertyMappingContextCustomizer@0, org.springframework.boot.test.autoconfigure.web.servlet.WebDriverContextCustomizerFactory$Customizer@73cd37c0, org.springframework.boot.test.context.filter.ExcludeFilterContextCustomizer@5a2d131d, org.springframework.boot.test.json.DuplicateJsonObjectContextCustomizerFactory$DuplicateJsonObjectContextCustomizer@1c93f6e1, org.springframework.boot.test.mock.mockito.MockitoContextCustomizer@f93658d9], contextLoader = 'org.springframework.test.context.support.DelegatingSmartContextLoader', parent = [null]]]
23:36:56.678 [Test worker] DEBUG org.springframework.test.context.cache - Spring test ApplicationContext cache statistics: [DefaultContextCache@4afd21c6 size = 1, maxSize = 32, parentContextCount = 0, hitCount = 124, missCount = 1]
23:36:56.679 [Test worker] DEBUG org.springframework.test.context.cache.DefaultCacheAwareContextLoaderDelegate - Retrieved ApplicationContext [1988644427] from cache with key [[MergedContextConfiguration@6155d082 testClass = BoardManagerTest, locations = '{}', classes = '{class org.waldreg.board.board.management.DefaultBoardManager, class org.waldreg.util.token.DecryptedTokenContext}', contextInitializerClasses = '[]', activeProfiles = '{}', propertySourceLocations = '{}', propertySourceProperties = '{}', contextCustomizers = set[org.springframework.boot.test.autoconfigure.actuate.metrics.MetricsExportContextCustomizerFactory$DisableMetricExportContextCustomizer@62010f5c, org.springframework.boot.test.autoconfigure.properties.PropertyMappingContextCustomizer@0, org.springframework.boot.test.autoconfigure.web.servlet.WebDriverContextCustomizerFactory$Customizer@73cd37c0, org.springframework.boot.test.context.filter.ExcludeFilterContextCustomizer@5a2d131d, org.springframework.boot.test.json.DuplicateJsonObjectContextCustomizerFactory$DuplicateJsonObjectContextCustomizer@1c93f6e1, org.springframework.boot.test.mock.mockito.MockitoContextCustomizer@f93658d9], contextLoader = 'org.springframework.test.context.support.DelegatingSmartContextLoader', parent = [null]]]
23:36:56.679 [Test worker] DEBUG org.springframework.test.context.cache - Spring test ApplicationContext cache statistics: [DefaultContextCache@4afd21c6 size = 1, maxSize = 32, parentContextCount = 0, hitCount = 125, missCount = 1]
23:36:56.679 [Test worker] DEBUG org.springframework.test.context.cache.DefaultCacheAwareContextLoaderDelegate - Retrieved ApplicationContext [1988644427] from cache with key [[MergedContextConfiguration@6155d082 testClass = BoardManagerTest, locations = '{}', classes = '{class org.waldreg.board.board.management.DefaultBoardManager, class org.waldreg.util.token.DecryptedTokenContext}', contextInitializerClasses = '[]', activeProfiles = '{}', propertySourceLocations = '{}', propertySourceProperties = '{}', contextCustomizers = set[org.springframework.boot.test.autoconfigure.actuate.metrics.MetricsExportContextCustomizerFactory$DisableMetricExportContextCustomizer@62010f5c, org.springframework.boot.test.autoconfigure.properties.PropertyMappingContextCustomizer@0, org.springframework.boot.test.autoconfigure.web.servlet.WebDriverContextCustomizerFactory$Customizer@73cd37c0, org.springframework.boot.test.context.filter.ExcludeFilterContextCustomizer@5a2d131d, org.springframework.boot.test.json.DuplicateJsonObjectContextCustomizerFactory$DuplicateJsonObjectContextCustomizer@1c93f6e1, org.springframework.boot.test.mock.mockito.MockitoContextCustomizer@f93658d9], contextLoader = 'org.springframework.test.context.support.DelegatingSmartContextLoader', parent = [null]]]
23:36:56.680 [Test worker] DEBUG org.springframework.test.context.cache - Spring test ApplicationContext cache statistics: [DefaultContextCache@4afd21c6 size = 1, maxSize = 32, parentContextCount = 0, hitCount = 126, missCount = 1]
23:36:56.680 [Test worker] DEBUG org.springframework.test.context.cache.DefaultCacheAwareContextLoaderDelegate - Retrieved ApplicationContext [1988644427] from cache with key [[MergedContextConfiguration@6155d082 testClass = BoardManagerTest, locations = '{}', classes = '{class org.waldreg.board.board.management.DefaultBoardManager, class org.waldreg.util.token.DecryptedTokenContext}', contextInitializerClasses = '[]', activeProfiles = '{}', propertySourceLocations = '{}', propertySourceProperties = '{}', contextCustomizers = set[org.springframework.boot.test.autoconfigure.actuate.metrics.MetricsExportContextCustomizerFactory$DisableMetricExportContextCustomizer@62010f5c, org.springframework.boot.test.autoconfigure.properties.PropertyMappingContextCustomizer@0, org.springframework.boot.test.autoconfigure.web.servlet.WebDriverContextCustomizerFactory$Customizer@73cd37c0, org.springframework.boot.test.context.filter.ExcludeFilterContextCustomizer@5a2d131d, org.springframework.boot.test.json.DuplicateJsonObjectContextCustomizerFactory$DuplicateJsonObjectContextCustomizer@1c93f6e1, org.springframework.boot.test.mock.mockito.MockitoContextCustomizer@f93658d9], contextLoader = 'org.springframework.test.context.support.DelegatingSmartContextLoader', parent = [null]]]
23:36:56.680 [Test worker] DEBUG org.springframework.test.context.cache - Spring test ApplicationContext cache statistics: [DefaultContextCache@4afd21c6 size = 1, maxSize = 32, parentContextCount = 0, hitCount = 127, missCount = 1]
23:36:56.680 [Test worker] DEBUG org.springframework.test.context.cache.DefaultCacheAwareContextLoaderDelegate - Retrieved ApplicationContext [1988644427] from cache with key [[MergedContextConfiguration@6155d082 testClass = BoardManagerTest, locations = '{}', classes = '{class org.waldreg.board.board.management.DefaultBoardManager, class org.waldreg.util.token.DecryptedTokenContext}', contextInitializerClasses = '[]', activeProfiles = '{}', propertySourceLocations = '{}', propertySourceProperties = '{}', contextCustomizers = set[org.springframework.boot.test.autoconfigure.actuate.metrics.MetricsExportContextCustomizerFactory$DisableMetricExportContextCustomizer@62010f5c, org.springframework.boot.test.autoconfigure.properties.PropertyMappingContextCustomizer@0, org.springframework.boot.test.autoconfigure.web.servlet.WebDriverContextCustomizerFactory$Customizer@73cd37c0, org.springframework.boot.test.context.filter.ExcludeFilterContextCustomizer@5a2d131d, org.springframework.boot.test.json.DuplicateJsonObjectContextCustomizerFactory$DuplicateJsonObjectContextCustomizer@1c93f6e1, org.springframework.boot.test.mock.mockito.MockitoContextCustomizer@f93658d9], contextLoader = 'org.springframework.test.context.support.DelegatingSmartContextLoader', parent = [null]]]
23:36:56.680 [Test worker] DEBUG org.springframework.test.context.cache - Spring test ApplicationContext cache statistics: [DefaultContextCache@4afd21c6 size = 1, maxSize = 32, parentContextCount = 0, hitCount = 128, missCount = 1]
23:36:56.680 [Test worker] DEBUG org.springframework.test.context.cache.DefaultCacheAwareContextLoaderDelegate - Retrieved ApplicationContext [1988644427] from cache with key [[MergedContextConfiguration@6155d082 testClass = BoardManagerTest, locations = '{}', classes = '{class org.waldreg.board.board.management.DefaultBoardManager, class org.waldreg.util.token.DecryptedTokenContext}', contextInitializerClasses = '[]', activeProfiles = '{}', propertySourceLocations = '{}', propertySourceProperties = '{}', contextCustomizers = set[org.springframework.boot.test.autoconfigure.actuate.metrics.MetricsExportContextCustomizerFactory$DisableMetricExportContextCustomizer@62010f5c, org.springframework.boot.test.autoconfigure.properties.PropertyMappingContextCustomizer@0, org.springframework.boot.test.autoconfigure.web.servlet.WebDriverContextCustomizerFactory$Customizer@73cd37c0, org.springframework.boot.test.context.filter.ExcludeFilterContextCustomizer@5a2d131d, org.springframework.boot.test.json.DuplicateJsonObjectContextCustomizerFactory$DuplicateJsonObjectContextCustomizer@1c93f6e1, org.springframework.boot.test.mock.mockito.MockitoContextCustomizer@f93658d9], contextLoader = 'org.springframework.test.context.support.DelegatingSmartContextLoader', parent = [null]]]
23:36:56.680 [Test worker] DEBUG org.springframework.test.context.cache - Spring test ApplicationContext cache statistics: [DefaultContextCache@4afd21c6 size = 1, maxSize = 32, parentContextCount = 0, hitCount = 129, missCount = 1]
23:36:56.680 [Test worker] DEBUG org.springframework.test.context.cache.DefaultCacheAwareContextLoaderDelegate - Retrieved ApplicationContext [1988644427] from cache with key [[MergedContextConfiguration@6155d082 testClass = BoardManagerTest, locations = '{}', classes = '{class org.waldreg.board.board.management.DefaultBoardManager, class org.waldreg.util.token.DecryptedTokenContext}', contextInitializerClasses = '[]', activeProfiles = '{}', propertySourceLocations = '{}', propertySourceProperties = '{}', contextCustomizers = set[org.springframework.boot.test.autoconfigure.actuate.metrics.MetricsExportContextCustomizerFactory$DisableMetricExportContextCustomizer@62010f5c, org.springframework.boot.test.autoconfigure.properties.PropertyMappingContextCustomizer@0, org.springframework.boot.test.autoconfigure.web.servlet.WebDriverContextCustomizerFactory$Customizer@73cd37c0, org.springframework.boot.test.context.filter.ExcludeFilterContextCustomizer@5a2d131d, org.springframework.boot.test.json.DuplicateJsonObjectContextCustomizerFactory$DuplicateJsonObjectContextCustomizer@1c93f6e1, org.springframework.boot.test.mock.mockito.MockitoContextCustomizer@f93658d9], contextLoader = 'org.springframework.test.context.support.DelegatingSmartContextLoader', parent = [null]]]
23:36:56.680 [Test worker] DEBUG org.springframework.test.context.cache - Spring test ApplicationContext cache statistics: [DefaultContextCache@4afd21c6 size = 1, maxSize = 32, parentContextCount = 0, hitCount = 130, missCount = 1]
23:36:56.680 [Test worker] DEBUG org.springframework.test.context.cache.DefaultCacheAwareContextLoaderDelegate - Retrieved ApplicationContext [1988644427] from cache with key [[MergedContextConfiguration@6155d082 testClass = BoardManagerTest, locations = '{}', classes = '{class org.waldreg.board.board.management.DefaultBoardManager, class org.waldreg.util.token.DecryptedTokenContext}', contextInitializerClasses = '[]', activeProfiles = '{}', propertySourceLocations = '{}', propertySourceProperties = '{}', contextCustomizers = set[org.springframework.boot.test.autoconfigure.actuate.metrics.MetricsExportContextCustomizerFactory$DisableMetricExportContextCustomizer@62010f5c, org.springframework.boot.test.autoconfigure.properties.PropertyMappingContextCustomizer@0, org.springframework.boot.test.autoconfigure.web.servlet.WebDriverContextCustomizerFactory$Customizer@73cd37c0, org.springframework.boot.test.context.filter.ExcludeFilterContextCustomizer@5a2d131d, org.springframework.boot.test.json.DuplicateJsonObjectContextCustomizerFactory$DuplicateJsonObjectContextCustomizer@1c93f6e1, org.springframework.boot.test.mock.mockito.MockitoContextCustomizer@f93658d9], contextLoader = 'org.springframework.test.context.support.DelegatingSmartContextLoader', parent = [null]]]
23:36:56.680 [Test worker] DEBUG org.springframework.test.context.cache - Spring test ApplicationContext cache statistics: [DefaultContextCache@4afd21c6 size = 1, maxSize = 32, parentContextCount = 0, hitCount = 131, missCount = 1]
23:36:56.680 [Test worker] DEBUG org.springframework.test.context.support.AbstractDirtiesContextTestExecutionListener - After test method: context [DefaultTestContext@47f9738 testClass = BoardManagerTest, testInstance = org.waldreg.board.board.BoardManagerTest@1a6cf771, testMethod = MODIFY_BOARD_Fail_CATEGORY_NOT_EXIST_TEST@BoardManagerTest, testException = [null], mergedContextConfiguration = [MergedContextConfiguration@6155d082 testClass = BoardManagerTest, locations = '{}', classes = '{class org.waldreg.board.board.management.DefaultBoardManager, class org.waldreg.util.token.DecryptedTokenContext}', contextInitializerClasses = '[]', activeProfiles = '{}', propertySourceLocations = '{}', propertySourceProperties = '{}', contextCustomizers = set[org.springframework.boot.test.autoconfigure.actuate.metrics.MetricsExportContextCustomizerFactory$DisableMetricExportContextCustomizer@62010f5c, org.springframework.boot.test.autoconfigure.properties.PropertyMappingContextCustomizer@0, org.springframework.boot.test.autoconfigure.web.servlet.WebDriverContextCustomizerFactory$Customizer@73cd37c0, org.springframework.boot.test.context.filter.ExcludeFilterContextCustomizer@5a2d131d, org.springframework.boot.test.json.DuplicateJsonObjectContextCustomizerFactory$DuplicateJsonObjectContextCustomizer@1c93f6e1, org.springframework.boot.test.mock.mockito.MockitoContextCustomizer@f93658d9], contextLoader = 'org.springframework.test.context.support.DelegatingSmartContextLoader', parent = [null]], attributes = map['org.springframework.test.context.event.ApplicationEventsTestExecutionListener.recordApplicationEvents' -> false]], class annotated with @DirtiesContext [false] with mode [null], method annotated with @DirtiesContext [false] with mode [null].
23:36:56.681 [Test worker] DEBUG org.springframework.test.context.cache.DefaultCacheAwareContextLoaderDelegate - Retrieved ApplicationContext [1988644427] from cache with key [[MergedContextConfiguration@6155d082 testClass = BoardManagerTest, locations = '{}', classes = '{class org.waldreg.board.board.management.DefaultBoardManager, class org.waldreg.util.token.DecryptedTokenContext}', contextInitializerClasses = '[]', activeProfiles = '{}', propertySourceLocations = '{}', propertySourceProperties = '{}', contextCustomizers = set[org.springframework.boot.test.autoconfigure.actuate.metrics.MetricsExportContextCustomizerFactory$DisableMetricExportContextCustomizer@62010f5c, org.springframework.boot.test.autoconfigure.properties.PropertyMappingContextCustomizer@0, org.springframework.boot.test.autoconfigure.web.servlet.WebDriverContextCustomizerFactory$Customizer@73cd37c0, org.springframework.boot.test.context.filter.ExcludeFilterContextCustomizer@5a2d131d, org.springframework.boot.test.json.DuplicateJsonObjectContextCustomizerFactory$DuplicateJsonObjectContextCustomizer@1c93f6e1, org.springframework.boot.test.mock.mockito.MockitoContextCustomizer@f93658d9], contextLoader = 'org.springframework.test.context.support.DelegatingSmartContextLoader', parent = [null]]]
23:36:56.681 [Test worker] DEBUG org.springframework.test.context.cache - Spring test ApplicationContext cache statistics: [DefaultContextCache@4afd21c6 size = 1, maxSize = 32, parentContextCount = 0, hitCount = 132, missCount = 1]
23:36:56.681 [Test worker] DEBUG org.springframework.test.context.support.DependencyInjectionTestExecutionListener - Performing dependency injection for test context [[DefaultTestContext@47f9738 testClass = BoardManagerTest, testInstance = org.waldreg.board.board.BoardManagerTest@60859f5a, testMethod = [null], testException = [null], mergedContextConfiguration = [MergedContextConfiguration@6155d082 testClass = BoardManagerTest, locations = '{}', classes = '{class org.waldreg.board.board.management.DefaultBoardManager, class org.waldreg.util.token.DecryptedTokenContext}', contextInitializerClasses = '[]', activeProfiles = '{}', propertySourceLocations = '{}', propertySourceProperties = '{}', contextCustomizers = set[org.springframework.boot.test.autoconfigure.actuate.metrics.MetricsExportContextCustomizerFactory$DisableMetricExportContextCustomizer@62010f5c, org.springframework.boot.test.autoconfigure.properties.PropertyMappingContextCustomizer@0, org.springframework.boot.test.autoconfigure.web.servlet.WebDriverContextCustomizerFactory$Customizer@73cd37c0, org.springframework.boot.test.context.filter.ExcludeFilterContextCustomizer@5a2d131d, org.springframework.boot.test.json.DuplicateJsonObjectContextCustomizerFactory$DuplicateJsonObjectContextCustomizer@1c93f6e1, org.springframework.boot.test.mock.mockito.MockitoContextCustomizer@f93658d9], contextLoader = 'org.springframework.test.context.support.DelegatingSmartContextLoader', parent = [null]], attributes = map['org.springframework.test.context.event.ApplicationEventsTestExecutionListener.recordApplicationEvents' -> false]]].
23:36:56.681 [Test worker] DEBUG org.springframework.test.context.cache.DefaultCacheAwareContextLoaderDelegate - Retrieved ApplicationContext [1988644427] from cache with key [[MergedContextConfiguration@6155d082 testClass = BoardManagerTest, locations = '{}', classes = '{class org.waldreg.board.board.management.DefaultBoardManager, class org.waldreg.util.token.DecryptedTokenContext}', contextInitializerClasses = '[]', activeProfiles = '{}', propertySourceLocations = '{}', propertySourceProperties = '{}', contextCustomizers = set[org.springframework.boot.test.autoconfigure.actuate.metrics.MetricsExportContextCustomizerFactory$DisableMetricExportContextCustomizer@62010f5c, org.springframework.boot.test.autoconfigure.properties.PropertyMappingContextCustomizer@0, org.springframework.boot.test.autoconfigure.web.servlet.WebDriverContextCustomizerFactory$Customizer@73cd37c0, org.springframework.boot.test.context.filter.ExcludeFilterContextCustomizer@5a2d131d, org.springframework.boot.test.json.DuplicateJsonObjectContextCustomizerFactory$DuplicateJsonObjectContextCustomizer@1c93f6e1, org.springframework.boot.test.mock.mockito.MockitoContextCustomizer@f93658d9], contextLoader = 'org.springframework.test.context.support.DelegatingSmartContextLoader', parent = [null]]]
23:36:56.681 [Test worker] DEBUG org.springframework.test.context.cache - Spring test ApplicationContext cache statistics: [DefaultContextCache@4afd21c6 size = 1, maxSize = 32, parentContextCount = 0, hitCount = 133, missCount = 1]
23:36:56.681 [Test worker] DEBUG org.springframework.test.context.cache.DefaultCacheAwareContextLoaderDelegate - Retrieved ApplicationContext [1988644427] from cache with key [[MergedContextConfiguration@6155d082 testClass = BoardManagerTest, locations = '{}', classes = '{class org.waldreg.board.board.management.DefaultBoardManager, class org.waldreg.util.token.DecryptedTokenContext}', contextInitializerClasses = '[]', activeProfiles = '{}', propertySourceLocations = '{}', propertySourceProperties = '{}', contextCustomizers = set[org.springframework.boot.test.autoconfigure.actuate.metrics.MetricsExportContextCustomizerFactory$DisableMetricExportContextCustomizer@62010f5c, org.springframework.boot.test.autoconfigure.properties.PropertyMappingContextCustomizer@0, org.springframework.boot.test.autoconfigure.web.servlet.WebDriverContextCustomizerFactory$Customizer@73cd37c0, org.springframework.boot.test.context.filter.ExcludeFilterContextCustomizer@5a2d131d, org.springframework.boot.test.json.DuplicateJsonObjectContextCustomizerFactory$DuplicateJsonObjectContextCustomizer@1c93f6e1, org.springframework.boot.test.mock.mockito.MockitoContextCustomizer@f93658d9], contextLoader = 'org.springframework.test.context.support.DelegatingSmartContextLoader', parent = [null]]]
23:36:56.681 [Test worker] DEBUG org.springframework.test.context.cache - Spring test ApplicationContext cache statistics: [DefaultContextCache@4afd21c6 size = 1, maxSize = 32, parentContextCount = 0, hitCount = 134, missCount = 1]
23:36:56.682 [Test worker] DEBUG org.springframework.test.context.support.AbstractDirtiesContextTestExecutionListener - Before test method: context [DefaultTestContext@47f9738 testClass = BoardManagerTest, testInstance = org.waldreg.board.board.BoardManagerTest@60859f5a, testMethod = INQUIRY_BOARD_BY_ID_FAIL_TEST@BoardManagerTest, testException = [null], mergedContextConfiguration = [MergedContextConfiguration@6155d082 testClass = BoardManagerTest, locations = '{}', classes = '{class org.waldreg.board.board.management.DefaultBoardManager, class org.waldreg.util.token.DecryptedTokenContext}', contextInitializerClasses = '[]', activeProfiles = '{}', propertySourceLocations = '{}', propertySourceProperties = '{}', contextCustomizers = set[org.springframework.boot.test.autoconfigure.actuate.metrics.MetricsExportContextCustomizerFactory$DisableMetricExportContextCustomizer@62010f5c, org.springframework.boot.test.autoconfigure.properties.PropertyMappingContextCustomizer@0, org.springframework.boot.test.autoconfigure.web.servlet.WebDriverContextCustomizerFactory$Customizer@73cd37c0, org.springframework.boot.test.context.filter.ExcludeFilterContextCustomizer@5a2d131d, org.springframework.boot.test.json.DuplicateJsonObjectContextCustomizerFactory$DuplicateJsonObjectContextCustomizer@1c93f6e1, org.springframework.boot.test.mock.mockito.MockitoContextCustomizer@f93658d9], contextLoader = 'org.springframework.test.context.support.DelegatingSmartContextLoader', parent = [null]], attributes = map['org.springframework.test.context.event.ApplicationEventsTestExecutionListener.recordApplicationEvents' -> false]], class annotated with @DirtiesContext [false] with mode [null], method annotated with @DirtiesContext [false] with mode [null].
23:36:56.682 [Test worker] DEBUG org.springframework.test.context.cache.DefaultCacheAwareContextLoaderDelegate - Retrieved ApplicationContext [1988644427] from cache with key [[MergedContextConfiguration@6155d082 testClass = BoardManagerTest, locations = '{}', classes = '{class org.waldreg.board.board.management.DefaultBoardManager, class org.waldreg.util.token.DecryptedTokenContext}', contextInitializerClasses = '[]', activeProfiles = '{}', propertySourceLocations = '{}', propertySourceProperties = '{}', contextCustomizers = set[org.springframework.boot.test.autoconfigure.actuate.metrics.MetricsExportContextCustomizerFactory$DisableMetricExportContextCustomizer@62010f5c, org.springframework.boot.test.autoconfigure.properties.PropertyMappingContextCustomizer@0, org.springframework.boot.test.autoconfigure.web.servlet.WebDriverContextCustomizerFactory$Customizer@73cd37c0, org.springframework.boot.test.context.filter.ExcludeFilterContextCustomizer@5a2d131d, org.springframework.boot.test.json.DuplicateJsonObjectContextCustomizerFactory$DuplicateJsonObjectContextCustomizer@1c93f6e1, org.springframework.boot.test.mock.mockito.MockitoContextCustomizer@f93658d9], contextLoader = 'org.springframework.test.context.support.DelegatingSmartContextLoader', parent = [null]]]
23:36:56.682 [Test worker] DEBUG org.springframework.test.context.cache - Spring test ApplicationContext cache statistics: [DefaultContextCache@4afd21c6 size = 1, maxSize = 32, parentContextCount = 0, hitCount = 135, missCount = 1]
23:36:56.682 [Test worker] DEBUG org.springframework.test.context.cache.DefaultCacheAwareContextLoaderDelegate - Retrieved ApplicationContext [1988644427] from cache with key [[MergedContextConfiguration@6155d082 testClass = BoardManagerTest, locations = '{}', classes = '{class org.waldreg.board.board.management.DefaultBoardManager, class org.waldreg.util.token.DecryptedTokenContext}', contextInitializerClasses = '[]', activeProfiles = '{}', propertySourceLocations = '{}', propertySourceProperties = '{}', contextCustomizers = set[org.springframework.boot.test.autoconfigure.actuate.metrics.MetricsExportContextCustomizerFactory$DisableMetricExportContextCustomizer@62010f5c, org.springframework.boot.test.autoconfigure.properties.PropertyMappingContextCustomizer@0, org.springframework.boot.test.autoconfigure.web.servlet.WebDriverContextCustomizerFactory$Customizer@73cd37c0, org.springframework.boot.test.context.filter.ExcludeFilterContextCustomizer@5a2d131d, org.springframework.boot.test.json.DuplicateJsonObjectContextCustomizerFactory$DuplicateJsonObjectContextCustomizer@1c93f6e1, org.springframework.boot.test.mock.mockito.MockitoContextCustomizer@f93658d9], contextLoader = 'org.springframework.test.context.support.DelegatingSmartContextLoader', parent = [null]]]
23:36:56.682 [Test worker] DEBUG org.springframework.test.context.cache - Spring test ApplicationContext cache statistics: [DefaultContextCache@4afd21c6 size = 1, maxSize = 32, parentContextCount = 0, hitCount = 136, missCount = 1]
23:36:56.682 [Test worker] DEBUG org.springframework.test.context.cache.DefaultCacheAwareContextLoaderDelegate - Retrieved ApplicationContext [1988644427] from cache with key [[MergedContextConfiguration@6155d082 testClass = BoardManagerTest, locations = '{}', classes = '{class org.waldreg.board.board.management.DefaultBoardManager, class org.waldreg.util.token.DecryptedTokenContext}', contextInitializerClasses = '[]', activeProfiles = '{}', propertySourceLocations = '{}', propertySourceProperties = '{}', contextCustomizers = set[org.springframework.boot.test.autoconfigure.actuate.metrics.MetricsExportContextCustomizerFactory$DisableMetricExportContextCustomizer@62010f5c, org.springframework.boot.test.autoconfigure.properties.PropertyMappingContextCustomizer@0, org.springframework.boot.test.autoconfigure.web.servlet.WebDriverContextCustomizerFactory$Customizer@73cd37c0, org.springframework.boot.test.context.filter.ExcludeFilterContextCustomizer@5a2d131d, org.springframework.boot.test.json.DuplicateJsonObjectContextCustomizerFactory$DuplicateJsonObjectContextCustomizer@1c93f6e1, org.springframework.boot.test.mock.mockito.MockitoContextCustomizer@f93658d9], contextLoader = 'org.springframework.test.context.support.DelegatingSmartContextLoader', parent = [null]]]
23:36:56.682 [Test worker] DEBUG org.springframework.test.context.cache - Spring test ApplicationContext cache statistics: [DefaultContextCache@4afd21c6 size = 1, maxSize = 32, parentContextCount = 0, hitCount = 137, missCount = 1]
23:36:56.682 [Test worker] DEBUG org.springframework.test.context.cache.DefaultCacheAwareContextLoaderDelegate - Retrieved ApplicationContext [1988644427] from cache with key [[MergedContextConfiguration@6155d082 testClass = BoardManagerTest, locations = '{}', classes = '{class org.waldreg.board.board.management.DefaultBoardManager, class org.waldreg.util.token.DecryptedTokenContext}', contextInitializerClasses = '[]', activeProfiles = '{}', propertySourceLocations = '{}', propertySourceProperties = '{}', contextCustomizers = set[org.springframework.boot.test.autoconfigure.actuate.metrics.MetricsExportContextCustomizerFactory$DisableMetricExportContextCustomizer@62010f5c, org.springframework.boot.test.autoconfigure.properties.PropertyMappingContextCustomizer@0, org.springframework.boot.test.autoconfigure.web.servlet.WebDriverContextCustomizerFactory$Customizer@73cd37c0, org.springframework.boot.test.context.filter.ExcludeFilterContextCustomizer@5a2d131d, org.springframework.boot.test.json.DuplicateJsonObjectContextCustomizerFactory$DuplicateJsonObjectContextCustomizer@1c93f6e1, org.springframework.boot.test.mock.mockito.MockitoContextCustomizer@f93658d9], contextLoader = 'org.springframework.test.context.support.DelegatingSmartContextLoader', parent = [null]]]
23:36:56.682 [Test worker] DEBUG org.springframework.test.context.cache - Spring test ApplicationContext cache statistics: [DefaultContextCache@4afd21c6 size = 1, maxSize = 32, parentContextCount = 0, hitCount = 138, missCount = 1]
23:36:56.683 [Test worker] DEBUG org.springframework.test.context.cache.DefaultCacheAwareContextLoaderDelegate - Retrieved ApplicationContext [1988644427] from cache with key [[MergedContextConfiguration@6155d082 testClass = BoardManagerTest, locations = '{}', classes = '{class org.waldreg.board.board.management.DefaultBoardManager, class org.waldreg.util.token.DecryptedTokenContext}', contextInitializerClasses = '[]', activeProfiles = '{}', propertySourceLocations = '{}', propertySourceProperties = '{}', contextCustomizers = set[org.springframework.boot.test.autoconfigure.actuate.metrics.MetricsExportContextCustomizerFactory$DisableMetricExportContextCustomizer@62010f5c, org.springframework.boot.test.autoconfigure.properties.PropertyMappingContextCustomizer@0, org.springframework.boot.test.autoconfigure.web.servlet.WebDriverContextCustomizerFactory$Customizer@73cd37c0, org.springframework.boot.test.context.filter.ExcludeFilterContextCustomizer@5a2d131d, org.springframework.boot.test.json.DuplicateJsonObjectContextCustomizerFactory$DuplicateJsonObjectContextCustomizer@1c93f6e1, org.springframework.boot.test.mock.mockito.MockitoContextCustomizer@f93658d9], contextLoader = 'org.springframework.test.context.support.DelegatingSmartContextLoader', parent = [null]]]
23:36:56.683 [Test worker] DEBUG org.springframework.test.context.cache - Spring test ApplicationContext cache statistics: [DefaultContextCache@4afd21c6 size = 1, maxSize = 32, parentContextCount = 0, hitCount = 139, missCount = 1]
23:36:56.683 [Test worker] DEBUG org.springframework.test.context.cache.DefaultCacheAwareContextLoaderDelegate - Retrieved ApplicationContext [1988644427] from cache with key [[MergedContextConfiguration@6155d082 testClass = BoardManagerTest, locations = '{}', classes = '{class org.waldreg.board.board.management.DefaultBoardManager, class org.waldreg.util.token.DecryptedTokenContext}', contextInitializerClasses = '[]', activeProfiles = '{}', propertySourceLocations = '{}', propertySourceProperties = '{}', contextCustomizers = set[org.springframework.boot.test.autoconfigure.actuate.metrics.MetricsExportContextCustomizerFactory$DisableMetricExportContextCustomizer@62010f5c, org.springframework.boot.test.autoconfigure.properties.PropertyMappingContextCustomizer@0, org.springframework.boot.test.autoconfigure.web.servlet.WebDriverContextCustomizerFactory$Customizer@73cd37c0, org.springframework.boot.test.context.filter.ExcludeFilterContextCustomizer@5a2d131d, org.springframework.boot.test.json.DuplicateJsonObjectContextCustomizerFactory$DuplicateJsonObjectContextCustomizer@1c93f6e1, org.springframework.boot.test.mock.mockito.MockitoContextCustomizer@f93658d9], contextLoader = 'org.springframework.test.context.support.DelegatingSmartContextLoader', parent = [null]]]
23:36:56.683 [Test worker] DEBUG org.springframework.test.context.cache - Spring test ApplicationContext cache statistics: [DefaultContextCache@4afd21c6 size = 1, maxSize = 32, parentContextCount = 0, hitCount = 140, missCount = 1]
23:36:56.683 [Test worker] DEBUG org.springframework.test.context.cache.DefaultCacheAwareContextLoaderDelegate - Retrieved ApplicationContext [1988644427] from cache with key [[MergedContextConfiguration@6155d082 testClass = BoardManagerTest, locations = '{}', classes = '{class org.waldreg.board.board.management.DefaultBoardManager, class org.waldreg.util.token.DecryptedTokenContext}', contextInitializerClasses = '[]', activeProfiles = '{}', propertySourceLocations = '{}', propertySourceProperties = '{}', contextCustomizers = set[org.springframework.boot.test.autoconfigure.actuate.metrics.MetricsExportContextCustomizerFactory$DisableMetricExportContextCustomizer@62010f5c, org.springframework.boot.test.autoconfigure.properties.PropertyMappingContextCustomizer@0, org.springframework.boot.test.autoconfigure.web.servlet.WebDriverContextCustomizerFactory$Customizer@73cd37c0, org.springframework.boot.test.context.filter.ExcludeFilterContextCustomizer@5a2d131d, org.springframework.boot.test.json.DuplicateJsonObjectContextCustomizerFactory$DuplicateJsonObjectContextCustomizer@1c93f6e1, org.springframework.boot.test.mock.mockito.MockitoContextCustomizer@f93658d9], contextLoader = 'org.springframework.test.context.support.DelegatingSmartContextLoader', parent = [null]]]
23:36:56.683 [Test worker] DEBUG org.springframework.test.context.cache - Spring test ApplicationContext cache statistics: [DefaultContextCache@4afd21c6 size = 1, maxSize = 32, parentContextCount = 0, hitCount = 141, missCount = 1]
23:36:56.683 [Test worker] DEBUG org.springframework.test.context.cache.DefaultCacheAwareContextLoaderDelegate - Retrieved ApplicationContext [1988644427] from cache with key [[MergedContextConfiguration@6155d082 testClass = BoardManagerTest, locations = '{}', classes = '{class org.waldreg.board.board.management.DefaultBoardManager, class org.waldreg.util.token.DecryptedTokenContext}', contextInitializerClasses = '[]', activeProfiles = '{}', propertySourceLocations = '{}', propertySourceProperties = '{}', contextCustomizers = set[org.springframework.boot.test.autoconfigure.actuate.metrics.MetricsExportContextCustomizerFactory$DisableMetricExportContextCustomizer@62010f5c, org.springframework.boot.test.autoconfigure.properties.PropertyMappingContextCustomizer@0, org.springframework.boot.test.autoconfigure.web.servlet.WebDriverContextCustomizerFactory$Customizer@73cd37c0, org.springframework.boot.test.context.filter.ExcludeFilterContextCustomizer@5a2d131d, org.springframework.boot.test.json.DuplicateJsonObjectContextCustomizerFactory$DuplicateJsonObjectContextCustomizer@1c93f6e1, org.springframework.boot.test.mock.mockito.MockitoContextCustomizer@f93658d9], contextLoader = 'org.springframework.test.context.support.DelegatingSmartContextLoader', parent = [null]]]
23:36:56.683 [Test worker] DEBUG org.springframework.test.context.cache - Spring test ApplicationContext cache statistics: [DefaultContextCache@4afd21c6 size = 1, maxSize = 32, parentContextCount = 0, hitCount = 142, missCount = 1]
23:36:56.683 [Test worker] DEBUG org.springframework.test.context.cache.DefaultCacheAwareContextLoaderDelegate - Retrieved ApplicationContext [1988644427] from cache with key [[MergedContextConfiguration@6155d082 testClass = BoardManagerTest, locations = '{}', classes = '{class org.waldreg.board.board.management.DefaultBoardManager, class org.waldreg.util.token.DecryptedTokenContext}', contextInitializerClasses = '[]', activeProfiles = '{}', propertySourceLocations = '{}', propertySourceProperties = '{}', contextCustomizers = set[org.springframework.boot.test.autoconfigure.actuate.metrics.MetricsExportContextCustomizerFactory$DisableMetricExportContextCustomizer@62010f5c, org.springframework.boot.test.autoconfigure.properties.PropertyMappingContextCustomizer@0, org.springframework.boot.test.autoconfigure.web.servlet.WebDriverContextCustomizerFactory$Customizer@73cd37c0, org.springframework.boot.test.context.filter.ExcludeFilterContextCustomizer@5a2d131d, org.springframework.boot.test.json.DuplicateJsonObjectContextCustomizerFactory$DuplicateJsonObjectContextCustomizer@1c93f6e1, org.springframework.boot.test.mock.mockito.MockitoContextCustomizer@f93658d9], contextLoader = 'org.springframework.test.context.support.DelegatingSmartContextLoader', parent = [null]]]
23:36:56.683 [Test worker] DEBUG org.springframework.test.context.cache - Spring test ApplicationContext cache statistics: [DefaultContextCache@4afd21c6 size = 1, maxSize = 32, parentContextCount = 0, hitCount = 143, missCount = 1]
23:36:56.683 [Test worker] DEBUG org.springframework.test.context.support.AbstractDirtiesContextTestExecutionListener - After test method: context [DefaultTestContext@47f9738 testClass = BoardManagerTest, testInstance = org.waldreg.board.board.BoardManagerTest@60859f5a, testMethod = INQUIRY_BOARD_BY_ID_FAIL_TEST@BoardManagerTest, testException = [null], mergedContextConfiguration = [MergedContextConfiguration@6155d082 testClass = BoardManagerTest, locations = '{}', classes = '{class org.waldreg.board.board.management.DefaultBoardManager, class org.waldreg.util.token.DecryptedTokenContext}', contextInitializerClasses = '[]', activeProfiles = '{}', propertySourceLocations = '{}', propertySourceProperties = '{}', contextCustomizers = set[org.springframework.boot.test.autoconfigure.actuate.metrics.MetricsExportContextCustomizerFactory$DisableMetricExportContextCustomizer@62010f5c, org.springframework.boot.test.autoconfigure.properties.PropertyMappingContextCustomizer@0, org.springframework.boot.test.autoconfigure.web.servlet.WebDriverContextCustomizerFactory$Customizer@73cd37c0, org.springframework.boot.test.context.filter.ExcludeFilterContextCustomizer@5a2d131d, org.springframework.boot.test.json.DuplicateJsonObjectContextCustomizerFactory$DuplicateJsonObjectContextCustomizer@1c93f6e1, org.springframework.boot.test.mock.mockito.MockitoContextCustomizer@f93658d9], contextLoader = 'org.springframework.test.context.support.DelegatingSmartContextLoader', parent = [null]], attributes = map['org.springframework.test.context.event.ApplicationEventsTestExecutionListener.recordApplicationEvents' -> false]], class annotated with @DirtiesContext [false] with mode [null], method annotated with @DirtiesContext [false] with mode [null].
23:36:56.684 [Test worker] DEBUG org.springframework.test.context.cache.DefaultCacheAwareContextLoaderDelegate - Retrieved ApplicationContext [1988644427] from cache with key [[MergedContextConfiguration@6155d082 testClass = BoardManagerTest, locations = '{}', classes = '{class org.waldreg.board.board.management.DefaultBoardManager, class org.waldreg.util.token.DecryptedTokenContext}', contextInitializerClasses = '[]', activeProfiles = '{}', propertySourceLocations = '{}', propertySourceProperties = '{}', contextCustomizers = set[org.springframework.boot.test.autoconfigure.actuate.metrics.MetricsExportContextCustomizerFactory$DisableMetricExportContextCustomizer@62010f5c, org.springframework.boot.test.autoconfigure.properties.PropertyMappingContextCustomizer@0, org.springframework.boot.test.autoconfigure.web.servlet.WebDriverContextCustomizerFactory$Customizer@73cd37c0, org.springframework.boot.test.context.filter.ExcludeFilterContextCustomizer@5a2d131d, org.springframework.boot.test.json.DuplicateJsonObjectContextCustomizerFactory$DuplicateJsonObjectContextCustomizer@1c93f6e1, org.springframework.boot.test.mock.mockito.MockitoContextCustomizer@f93658d9], contextLoader = 'org.springframework.test.context.support.DelegatingSmartContextLoader', parent = [null]]]
23:36:56.684 [Test worker] DEBUG org.springframework.test.context.cache - Spring test ApplicationContext cache statistics: [DefaultContextCache@4afd21c6 size = 1, maxSize = 32, parentContextCount = 0, hitCount = 144, missCount = 1]
23:36:56.684 [Test worker] DEBUG org.springframework.test.context.support.DependencyInjectionTestExecutionListener - Performing dependency injection for test context [[DefaultTestContext@47f9738 testClass = BoardManagerTest, testInstance = org.waldreg.board.board.BoardManagerTest@7fd8c559, testMethod = [null], testException = [null], mergedContextConfiguration = [MergedContextConfiguration@6155d082 testClass = BoardManagerTest, locations = '{}', classes = '{class org.waldreg.board.board.management.DefaultBoardManager, class org.waldreg.util.token.DecryptedTokenContext}', contextInitializerClasses = '[]', activeProfiles = '{}', propertySourceLocations = '{}', propertySourceProperties = '{}', contextCustomizers = set[org.springframework.boot.test.autoconfigure.actuate.metrics.MetricsExportContextCustomizerFactory$DisableMetricExportContextCustomizer@62010f5c, org.springframework.boot.test.autoconfigure.properties.PropertyMappingContextCustomizer@0, org.springframework.boot.test.autoconfigure.web.servlet.WebDriverContextCustomizerFactory$Customizer@73cd37c0, org.springframework.boot.test.context.filter.ExcludeFilterContextCustomizer@5a2d131d, org.springframework.boot.test.json.DuplicateJsonObjectContextCustomizerFactory$DuplicateJsonObjectContextCustomizer@1c93f6e1, org.springframework.boot.test.mock.mockito.MockitoContextCustomizer@f93658d9], contextLoader = 'org.springframework.test.context.support.DelegatingSmartContextLoader', parent = [null]], attributes = map['org.springframework.test.context.event.ApplicationEventsTestExecutionListener.recordApplicationEvents' -> false]]].
23:36:56.684 [Test worker] DEBUG org.springframework.test.context.cache.DefaultCacheAwareContextLoaderDelegate - Retrieved ApplicationContext [1988644427] from cache with key [[MergedContextConfiguration@6155d082 testClass = BoardManagerTest, locations = '{}', classes = '{class org.waldreg.board.board.management.DefaultBoardManager, class org.waldreg.util.token.DecryptedTokenContext}', contextInitializerClasses = '[]', activeProfiles = '{}', propertySourceLocations = '{}', propertySourceProperties = '{}', contextCustomizers = set[org.springframework.boot.test.autoconfigure.actuate.metrics.MetricsExportContextCustomizerFactory$DisableMetricExportContextCustomizer@62010f5c, org.springframework.boot.test.autoconfigure.properties.PropertyMappingContextCustomizer@0, org.springframework.boot.test.autoconfigure.web.servlet.WebDriverContextCustomizerFactory$Customizer@73cd37c0, org.springframework.boot.test.context.filter.ExcludeFilterContextCustomizer@5a2d131d, org.springframework.boot.test.json.DuplicateJsonObjectContextCustomizerFactory$DuplicateJsonObjectContextCustomizer@1c93f6e1, org.springframework.boot.test.mock.mockito.MockitoContextCustomizer@f93658d9], contextLoader = 'org.springframework.test.context.support.DelegatingSmartContextLoader', parent = [null]]]
23:36:56.684 [Test worker] DEBUG org.springframework.test.context.cache - Spring test ApplicationContext cache statistics: [DefaultContextCache@4afd21c6 size = 1, maxSize = 32, parentContextCount = 0, hitCount = 145, missCount = 1]
23:36:56.685 [Test worker] DEBUG org.springframework.test.context.cache.DefaultCacheAwareContextLoaderDelegate - Retrieved ApplicationContext [1988644427] from cache with key [[MergedContextConfiguration@6155d082 testClass = BoardManagerTest, locations = '{}', classes = '{class org.waldreg.board.board.management.DefaultBoardManager, class org.waldreg.util.token.DecryptedTokenContext}', contextInitializerClasses = '[]', activeProfiles = '{}', propertySourceLocations = '{}', propertySourceProperties = '{}', contextCustomizers = set[org.springframework.boot.test.autoconfigure.actuate.metrics.MetricsExportContextCustomizerFactory$DisableMetricExportContextCustomizer@62010f5c, org.springframework.boot.test.autoconfigure.properties.PropertyMappingContextCustomizer@0, org.springframework.boot.test.autoconfigure.web.servlet.WebDriverContextCustomizerFactory$Customizer@73cd37c0, org.springframework.boot.test.context.filter.ExcludeFilterContextCustomizer@5a2d131d, org.springframework.boot.test.json.DuplicateJsonObjectContextCustomizerFactory$DuplicateJsonObjectContextCustomizer@1c93f6e1, org.springframework.boot.test.mock.mockito.MockitoContextCustomizer@f93658d9], contextLoader = 'org.springframework.test.context.support.DelegatingSmartContextLoader', parent = [null]]]
23:36:56.685 [Test worker] DEBUG org.springframework.test.context.cache - Spring test ApplicationContext cache statistics: [DefaultContextCache@4afd21c6 size = 1, maxSize = 32, parentContextCount = 0, hitCount = 146, missCount = 1]
23:36:56.685 [Test worker] DEBUG org.springframework.test.context.support.AbstractDirtiesContextTestExecutionListener - Before test method: context [DefaultTestContext@47f9738 testClass = BoardManagerTest, testInstance = org.waldreg.board.board.BoardManagerTest@7fd8c559, testMethod = INQUIRY_ALL_BOARD_CATEGORY_FAIL_INVALID_RANGE_TEST@BoardManagerTest, testException = [null], mergedContextConfiguration = [MergedContextConfiguration@6155d082 testClass = BoardManagerTest, locations = '{}', classes = '{class org.waldreg.board.board.management.DefaultBoardManager, class org.waldreg.util.token.DecryptedTokenContext}', contextInitializerClasses = '[]', activeProfiles = '{}', propertySourceLocations = '{}', propertySourceProperties = '{}', contextCustomizers = set[org.springframework.boot.test.autoconfigure.actuate.metrics.MetricsExportContextCustomizerFactory$DisableMetricExportContextCustomizer@62010f5c, org.springframework.boot.test.autoconfigure.properties.PropertyMappingContextCustomizer@0, org.springframework.boot.test.autoconfigure.web.servlet.WebDriverContextCustomizerFactory$Customizer@73cd37c0, org.springframework.boot.test.context.filter.ExcludeFilterContextCustomizer@5a2d131d, org.springframework.boot.test.json.DuplicateJsonObjectContextCustomizerFactory$DuplicateJsonObjectContextCustomizer@1c93f6e1, org.springframework.boot.test.mock.mockito.MockitoContextCustomizer@f93658d9], contextLoader = 'org.springframework.test.context.support.DelegatingSmartContextLoader', parent = [null]], attributes = map['org.springframework.test.context.event.ApplicationEventsTestExecutionListener.recordApplicationEvents' -> false]], class annotated with @DirtiesContext [false] with mode [null], method annotated with @DirtiesContext [false] with mode [null].
23:36:56.685 [Test worker] DEBUG org.springframework.test.context.cache.DefaultCacheAwareContextLoaderDelegate - Retrieved ApplicationContext [1988644427] from cache with key [[MergedContextConfiguration@6155d082 testClass = BoardManagerTest, locations = '{}', classes = '{class org.waldreg.board.board.management.DefaultBoardManager, class org.waldreg.util.token.DecryptedTokenContext}', contextInitializerClasses = '[]', activeProfiles = '{}', propertySourceLocations = '{}', propertySourceProperties = '{}', contextCustomizers = set[org.springframework.boot.test.autoconfigure.actuate.metrics.MetricsExportContextCustomizerFactory$DisableMetricExportContextCustomizer@62010f5c, org.springframework.boot.test.autoconfigure.properties.PropertyMappingContextCustomizer@0, org.springframework.boot.test.autoconfigure.web.servlet.WebDriverContextCustomizerFactory$Customizer@73cd37c0, org.springframework.boot.test.context.filter.ExcludeFilterContextCustomizer@5a2d131d, org.springframework.boot.test.json.DuplicateJsonObjectContextCustomizerFactory$DuplicateJsonObjectContextCustomizer@1c93f6e1, org.springframework.boot.test.mock.mockito.MockitoContextCustomizer@f93658d9], contextLoader = 'org.springframework.test.context.support.DelegatingSmartContextLoader', parent = [null]]]
23:36:56.685 [Test worker] DEBUG org.springframework.test.context.cache - Spring test ApplicationContext cache statistics: [DefaultContextCache@4afd21c6 size = 1, maxSize = 32, parentContextCount = 0, hitCount = 147, missCount = 1]
23:36:56.685 [Test worker] DEBUG org.springframework.test.context.cache.DefaultCacheAwareContextLoaderDelegate - Retrieved ApplicationContext [1988644427] from cache with key [[MergedContextConfiguration@6155d082 testClass = BoardManagerTest, locations = '{}', classes = '{class org.waldreg.board.board.management.DefaultBoardManager, class org.waldreg.util.token.DecryptedTokenContext}', contextInitializerClasses = '[]', activeProfiles = '{}', propertySourceLocations = '{}', propertySourceProperties = '{}', contextCustomizers = set[org.springframework.boot.test.autoconfigure.actuate.metrics.MetricsExportContextCustomizerFactory$DisableMetricExportContextCustomizer@62010f5c, org.springframework.boot.test.autoconfigure.properties.PropertyMappingContextCustomizer@0, org.springframework.boot.test.autoconfigure.web.servlet.WebDriverContextCustomizerFactory$Customizer@73cd37c0, org.springframework.boot.test.context.filter.ExcludeFilterContextCustomizer@5a2d131d, org.springframework.boot.test.json.DuplicateJsonObjectContextCustomizerFactory$DuplicateJsonObjectContextCustomizer@1c93f6e1, org.springframework.boot.test.mock.mockito.MockitoContextCustomizer@f93658d9], contextLoader = 'org.springframework.test.context.support.DelegatingSmartContextLoader', parent = [null]]]
23:36:56.685 [Test worker] DEBUG org.springframework.test.context.cache - Spring test ApplicationContext cache statistics: [DefaultContextCache@4afd21c6 size = 1, maxSize = 32, parentContextCount = 0, hitCount = 148, missCount = 1]
23:36:56.685 [Test worker] DEBUG org.springframework.test.context.cache.DefaultCacheAwareContextLoaderDelegate - Retrieved ApplicationContext [1988644427] from cache with key [[MergedContextConfiguration@6155d082 testClass = BoardManagerTest, locations = '{}', classes = '{class org.waldreg.board.board.management.DefaultBoardManager, class org.waldreg.util.token.DecryptedTokenContext}', contextInitializerClasses = '[]', activeProfiles = '{}', propertySourceLocations = '{}', propertySourceProperties = '{}', contextCustomizers = set[org.springframework.boot.test.autoconfigure.actuate.metrics.MetricsExportContextCustomizerFactory$DisableMetricExportContextCustomizer@62010f5c, org.springframework.boot.test.autoconfigure.properties.PropertyMappingContextCustomizer@0, org.springframework.boot.test.autoconfigure.web.servlet.WebDriverContextCustomizerFactory$Customizer@73cd37c0, org.springframework.boot.test.context.filter.ExcludeFilterContextCustomizer@5a2d131d, org.springframework.boot.test.json.DuplicateJsonObjectContextCustomizerFactory$DuplicateJsonObjectContextCustomizer@1c93f6e1, org.springframework.boot.test.mock.mockito.MockitoContextCustomizer@f93658d9], contextLoader = 'org.springframework.test.context.support.DelegatingSmartContextLoader', parent = [null]]]
23:36:56.685 [Test worker] DEBUG org.springframework.test.context.cache - Spring test ApplicationContext cache statistics: [DefaultContextCache@4afd21c6 size = 1, maxSize = 32, parentContextCount = 0, hitCount = 149, missCount = 1]
23:36:56.687 [Test worker] DEBUG org.springframework.test.context.cache.DefaultCacheAwareContextLoaderDelegate - Retrieved ApplicationContext [1988644427] from cache with key [[MergedContextConfiguration@6155d082 testClass = BoardManagerTest, locations = '{}', classes = '{class org.waldreg.board.board.management.DefaultBoardManager, class org.waldreg.util.token.DecryptedTokenContext}', contextInitializerClasses = '[]', activeProfiles = '{}', propertySourceLocations = '{}', propertySourceProperties = '{}', contextCustomizers = set[org.springframework.boot.test.autoconfigure.actuate.metrics.MetricsExportContextCustomizerFactory$DisableMetricExportContextCustomizer@62010f5c, org.springframework.boot.test.autoconfigure.properties.PropertyMappingContextCustomizer@0, org.springframework.boot.test.autoconfigure.web.servlet.WebDriverContextCustomizerFactory$Customizer@73cd37c0, org.springframework.boot.test.context.filter.ExcludeFilterContextCustomizer@5a2d131d, org.springframework.boot.test.json.DuplicateJsonObjectContextCustomizerFactory$DuplicateJsonObjectContextCustomizer@1c93f6e1, org.springframework.boot.test.mock.mockito.MockitoContextCustomizer@f93658d9], contextLoader = 'org.springframework.test.context.support.DelegatingSmartContextLoader', parent = [null]]]
23:36:56.687 [Test worker] DEBUG org.springframework.test.context.cache - Spring test ApplicationContext cache statistics: [DefaultContextCache@4afd21c6 size = 1, maxSize = 32, parentContextCount = 0, hitCount = 150, missCount = 1]
23:36:56.687 [Test worker] DEBUG org.springframework.test.context.cache.DefaultCacheAwareContextLoaderDelegate - Retrieved ApplicationContext [1988644427] from cache with key [[MergedContextConfiguration@6155d082 testClass = BoardManagerTest, locations = '{}', classes = '{class org.waldreg.board.board.management.DefaultBoardManager, class org.waldreg.util.token.DecryptedTokenContext}', contextInitializerClasses = '[]', activeProfiles = '{}', propertySourceLocations = '{}', propertySourceProperties = '{}', contextCustomizers = set[org.springframework.boot.test.autoconfigure.actuate.metrics.MetricsExportContextCustomizerFactory$DisableMetricExportContextCustomizer@62010f5c, org.springframework.boot.test.autoconfigure.properties.PropertyMappingContextCustomizer@0, org.springframework.boot.test.autoconfigure.web.servlet.WebDriverContextCustomizerFactory$Customizer@73cd37c0, org.springframework.boot.test.context.filter.ExcludeFilterContextCustomizer@5a2d131d, org.springframework.boot.test.json.DuplicateJsonObjectContextCustomizerFactory$DuplicateJsonObjectContextCustomizer@1c93f6e1, org.springframework.boot.test.mock.mockito.MockitoContextCustomizer@f93658d9], contextLoader = 'org.springframework.test.context.support.DelegatingSmartContextLoader', parent = [null]]]
23:36:56.687 [Test worker] DEBUG org.springframework.test.context.cache - Spring test ApplicationContext cache statistics: [DefaultContextCache@4afd21c6 size = 1, maxSize = 32, parentContextCount = 0, hitCount = 151, missCount = 1]
23:36:56.687 [Test worker] DEBUG org.springframework.test.context.cache.DefaultCacheAwareContextLoaderDelegate - Retrieved ApplicationContext [1988644427] from cache with key [[MergedContextConfiguration@6155d082 testClass = BoardManagerTest, locations = '{}', classes = '{class org.waldreg.board.board.management.DefaultBoardManager, class org.waldreg.util.token.DecryptedTokenContext}', contextInitializerClasses = '[]', activeProfiles = '{}', propertySourceLocations = '{}', propertySourceProperties = '{}', contextCustomizers = set[org.springframework.boot.test.autoconfigure.actuate.metrics.MetricsExportContextCustomizerFactory$DisableMetricExportContextCustomizer@62010f5c, org.springframework.boot.test.autoconfigure.properties.PropertyMappingContextCustomizer@0, org.springframework.boot.test.autoconfigure.web.servlet.WebDriverContextCustomizerFactory$Customizer@73cd37c0, org.springframework.boot.test.context.filter.ExcludeFilterContextCustomizer@5a2d131d, org.springframework.boot.test.json.DuplicateJsonObjectContextCustomizerFactory$DuplicateJsonObjectContextCustomizer@1c93f6e1, org.springframework.boot.test.mock.mockito.MockitoContextCustomizer@f93658d9], contextLoader = 'org.springframework.test.context.support.DelegatingSmartContextLoader', parent = [null]]]
23:36:56.687 [Test worker] DEBUG org.springframework.test.context.cache - Spring test ApplicationContext cache statistics: [DefaultContextCache@4afd21c6 size = 1, maxSize = 32, parentContextCount = 0, hitCount = 152, missCount = 1]
23:36:56.687 [Test worker] DEBUG org.springframework.test.context.cache.DefaultCacheAwareContextLoaderDelegate - Retrieved ApplicationContext [1988644427] from cache with key [[MergedContextConfiguration@6155d082 testClass = BoardManagerTest, locations = '{}', classes = '{class org.waldreg.board.board.management.DefaultBoardManager, class org.waldreg.util.token.DecryptedTokenContext}', contextInitializerClasses = '[]', activeProfiles = '{}', propertySourceLocations = '{}', propertySourceProperties = '{}', contextCustomizers = set[org.springframework.boot.test.autoconfigure.actuate.metrics.MetricsExportContextCustomizerFactory$DisableMetricExportContextCustomizer@62010f5c, org.springframework.boot.test.autoconfigure.properties.PropertyMappingContextCustomizer@0, org.springframework.boot.test.autoconfigure.web.servlet.WebDriverContextCustomizerFactory$Customizer@73cd37c0, org.springframework.boot.test.context.filter.ExcludeFilterContextCustomizer@5a2d131d, org.springframework.boot.test.json.DuplicateJsonObjectContextCustomizerFactory$DuplicateJsonObjectContextCustomizer@1c93f6e1, org.springframework.boot.test.mock.mockito.MockitoContextCustomizer@f93658d9], contextLoader = 'org.springframework.test.context.support.DelegatingSmartContextLoader', parent = [null]]]
23:36:56.687 [Test worker] DEBUG org.springframework.test.context.cache - Spring test ApplicationContext cache statistics: [DefaultContextCache@4afd21c6 size = 1, maxSize = 32, parentContextCount = 0, hitCount = 153, missCount = 1]
23:36:56.687 [Test worker] DEBUG org.springframework.test.context.cache.DefaultCacheAwareContextLoaderDelegate - Retrieved ApplicationContext [1988644427] from cache with key [[MergedContextConfiguration@6155d082 testClass = BoardManagerTest, locations = '{}', classes = '{class org.waldreg.board.board.management.DefaultBoardManager, class org.waldreg.util.token.DecryptedTokenContext}', contextInitializerClasses = '[]', activeProfiles = '{}', propertySourceLocations = '{}', propertySourceProperties = '{}', contextCustomizers = set[org.springframework.boot.test.autoconfigure.actuate.metrics.MetricsExportContextCustomizerFactory$DisableMetricExportContextCustomizer@62010f5c, org.springframework.boot.test.autoconfigure.properties.PropertyMappingContextCustomizer@0, org.springframework.boot.test.autoconfigure.web.servlet.WebDriverContextCustomizerFactory$Customizer@73cd37c0, org.springframework.boot.test.context.filter.ExcludeFilterContextCustomizer@5a2d131d, org.springframework.boot.test.json.DuplicateJsonObjectContextCustomizerFactory$DuplicateJsonObjectContextCustomizer@1c93f6e1, org.springframework.boot.test.mock.mockito.MockitoContextCustomizer@f93658d9], contextLoader = 'org.springframework.test.context.support.DelegatingSmartContextLoader', parent = [null]]]
23:36:56.687 [Test worker] DEBUG org.springframework.test.context.cache - Spring test ApplicationContext cache statistics: [DefaultContextCache@4afd21c6 size = 1, maxSize = 32, parentContextCount = 0, hitCount = 154, missCount = 1]
23:36:56.687 [Test worker] DEBUG org.springframework.test.context.cache.DefaultCacheAwareContextLoaderDelegate - Retrieved ApplicationContext [1988644427] from cache with key [[MergedContextConfiguration@6155d082 testClass = BoardManagerTest, locations = '{}', classes = '{class org.waldreg.board.board.management.DefaultBoardManager, class org.waldreg.util.token.DecryptedTokenContext}', contextInitializerClasses = '[]', activeProfiles = '{}', propertySourceLocations = '{}', propertySourceProperties = '{}', contextCustomizers = set[org.springframework.boot.test.autoconfigure.actuate.metrics.MetricsExportContextCustomizerFactory$DisableMetricExportContextCustomizer@62010f5c, org.springframework.boot.test.autoconfigure.properties.PropertyMappingContextCustomizer@0, org.springframework.boot.test.autoconfigure.web.servlet.WebDriverContextCustomizerFactory$Customizer@73cd37c0, org.springframework.boot.test.context.filter.ExcludeFilterContextCustomizer@5a2d131d, org.springframework.boot.test.json.DuplicateJsonObjectContextCustomizerFactory$DuplicateJsonObjectContextCustomizer@1c93f6e1, org.springframework.boot.test.mock.mockito.MockitoContextCustomizer@f93658d9], contextLoader = 'org.springframework.test.context.support.DelegatingSmartContextLoader', parent = [null]]]
23:36:56.687 [Test worker] DEBUG org.springframework.test.context.cache - Spring test ApplicationContext cache statistics: [DefaultContextCache@4afd21c6 size = 1, maxSize = 32, parentContextCount = 0, hitCount = 155, missCount = 1]
23:36:56.688 [Test worker] DEBUG org.springframework.test.context.support.AbstractDirtiesContextTestExecutionListener - After test method: context [DefaultTestContext@47f9738 testClass = BoardManagerTest, testInstance = org.waldreg.board.board.BoardManagerTest@7fd8c559, testMethod = INQUIRY_ALL_BOARD_CATEGORY_FAIL_INVALID_RANGE_TEST@BoardManagerTest, testException = [null], mergedContextConfiguration = [MergedContextConfiguration@6155d082 testClass = BoardManagerTest, locations = '{}', classes = '{class org.waldreg.board.board.management.DefaultBoardManager, class org.waldreg.util.token.DecryptedTokenContext}', contextInitializerClasses = '[]', activeProfiles = '{}', propertySourceLocations = '{}', propertySourceProperties = '{}', contextCustomizers = set[org.springframework.boot.test.autoconfigure.actuate.metrics.MetricsExportContextCustomizerFactory$DisableMetricExportContextCustomizer@62010f5c, org.springframework.boot.test.autoconfigure.properties.PropertyMappingContextCustomizer@0, org.springframework.boot.test.autoconfigure.web.servlet.WebDriverContextCustomizerFactory$Customizer@73cd37c0, org.springframework.boot.test.context.filter.ExcludeFilterContextCustomizer@5a2d131d, org.springframework.boot.test.json.DuplicateJsonObjectContextCustomizerFactory$DuplicateJsonObjectContextCustomizer@1c93f6e1, org.springframework.boot.test.mock.mockito.MockitoContextCustomizer@f93658d9], contextLoader = 'org.springframework.test.context.support.DelegatingSmartContextLoader', parent = [null]], attributes = map['org.springframework.test.context.event.ApplicationEventsTestExecutionListener.recordApplicationEvents' -> false]], class annotated with @DirtiesContext [false] with mode [null], method annotated with @DirtiesContext [false] with mode [null].
23:36:56.688 [Test worker] DEBUG org.springframework.test.context.cache.DefaultCacheAwareContextLoaderDelegate - Retrieved ApplicationContext [1988644427] from cache with key [[MergedContextConfiguration@6155d082 testClass = BoardManagerTest, locations = '{}', classes = '{class org.waldreg.board.board.management.DefaultBoardManager, class org.waldreg.util.token.DecryptedTokenContext}', contextInitializerClasses = '[]', activeProfiles = '{}', propertySourceLocations = '{}', propertySourceProperties = '{}', contextCustomizers = set[org.springframework.boot.test.autoconfigure.actuate.metrics.MetricsExportContextCustomizerFactory$DisableMetricExportContextCustomizer@62010f5c, org.springframework.boot.test.autoconfigure.properties.PropertyMappingContextCustomizer@0, org.springframework.boot.test.autoconfigure.web.servlet.WebDriverContextCustomizerFactory$Customizer@73cd37c0, org.springframework.boot.test.context.filter.ExcludeFilterContextCustomizer@5a2d131d, org.springframework.boot.test.json.DuplicateJsonObjectContextCustomizerFactory$DuplicateJsonObjectContextCustomizer@1c93f6e1, org.springframework.boot.test.mock.mockito.MockitoContextCustomizer@f93658d9], contextLoader = 'org.springframework.test.context.support.DelegatingSmartContextLoader', parent = [null]]]
23:36:56.688 [Test worker] DEBUG org.springframework.test.context.cache - Spring test ApplicationContext cache statistics: [DefaultContextCache@4afd21c6 size = 1, maxSize = 32, parentContextCount = 0, hitCount = 156, missCount = 1]
23:36:56.688 [Test worker] DEBUG org.springframework.test.context.support.DependencyInjectionTestExecutionListener - Performing dependency injection for test context [[DefaultTestContext@47f9738 testClass = BoardManagerTest, testInstance = org.waldreg.board.board.BoardManagerTest@18acfe88, testMethod = [null], testException = [null], mergedContextConfiguration = [MergedContextConfiguration@6155d082 testClass = BoardManagerTest, locations = '{}', classes = '{class org.waldreg.board.board.management.DefaultBoardManager, class org.waldreg.util.token.DecryptedTokenContext}', contextInitializerClasses = '[]', activeProfiles = '{}', propertySourceLocations = '{}', propertySourceProperties = '{}', contextCustomizers = set[org.springframework.boot.test.autoconfigure.actuate.metrics.MetricsExportContextCustomizerFactory$DisableMetricExportContextCustomizer@62010f5c, org.springframework.boot.test.autoconfigure.properties.PropertyMappingContextCustomizer@0, org.springframework.boot.test.autoconfigure.web.servlet.WebDriverContextCustomizerFactory$Customizer@73cd37c0, org.springframework.boot.test.context.filter.ExcludeFilterContextCustomizer@5a2d131d, org.springframework.boot.test.json.DuplicateJsonObjectContextCustomizerFactory$DuplicateJsonObjectContextCustomizer@1c93f6e1, org.springframework.boot.test.mock.mockito.MockitoContextCustomizer@f93658d9], contextLoader = 'org.springframework.test.context.support.DelegatingSmartContextLoader', parent = [null]], attributes = map['org.springframework.test.context.event.ApplicationEventsTestExecutionListener.recordApplicationEvents' -> false]]].
23:36:56.688 [Test worker] DEBUG org.springframework.test.context.cache.DefaultCacheAwareContextLoaderDelegate - Retrieved ApplicationContext [1988644427] from cache with key [[MergedContextConfiguration@6155d082 testClass = BoardManagerTest, locations = '{}', classes = '{class org.waldreg.board.board.management.DefaultBoardManager, class org.waldreg.util.token.DecryptedTokenContext}', contextInitializerClasses = '[]', activeProfiles = '{}', propertySourceLocations = '{}', propertySourceProperties = '{}', contextCustomizers = set[org.springframework.boot.test.autoconfigure.actuate.metrics.MetricsExportContextCustomizerFactory$DisableMetricExportContextCustomizer@62010f5c, org.springframework.boot.test.autoconfigure.properties.PropertyMappingContextCustomizer@0, org.springframework.boot.test.autoconfigure.web.servlet.WebDriverContextCustomizerFactory$Customizer@73cd37c0, org.springframework.boot.test.context.filter.ExcludeFilterContextCustomizer@5a2d131d, org.springframework.boot.test.json.DuplicateJsonObjectContextCustomizerFactory$DuplicateJsonObjectContextCustomizer@1c93f6e1, org.springframework.boot.test.mock.mockito.MockitoContextCustomizer@f93658d9], contextLoader = 'org.springframework.test.context.support.DelegatingSmartContextLoader', parent = [null]]]
23:36:56.688 [Test worker] DEBUG org.springframework.test.context.cache - Spring test ApplicationContext cache statistics: [DefaultContextCache@4afd21c6 size = 1, maxSize = 32, parentContextCount = 0, hitCount = 157, missCount = 1]
23:36:56.688 [Test worker] DEBUG org.springframework.test.context.cache.DefaultCacheAwareContextLoaderDelegate - Retrieved ApplicationContext [1988644427] from cache with key [[MergedContextConfiguration@6155d082 testClass = BoardManagerTest, locations = '{}', classes = '{class org.waldreg.board.board.management.DefaultBoardManager, class org.waldreg.util.token.DecryptedTokenContext}', contextInitializerClasses = '[]', activeProfiles = '{}', propertySourceLocations = '{}', propertySourceProperties = '{}', contextCustomizers = set[org.springframework.boot.test.autoconfigure.actuate.metrics.MetricsExportContextCustomizerFactory$DisableMetricExportContextCustomizer@62010f5c, org.springframework.boot.test.autoconfigure.properties.PropertyMappingContextCustomizer@0, org.springframework.boot.test.autoconfigure.web.servlet.WebDriverContextCustomizerFactory$Customizer@73cd37c0, org.springframework.boot.test.context.filter.ExcludeFilterContextCustomizer@5a2d131d, org.springframework.boot.test.json.DuplicateJsonObjectContextCustomizerFactory$DuplicateJsonObjectContextCustomizer@1c93f6e1, org.springframework.boot.test.mock.mockito.MockitoContextCustomizer@f93658d9], contextLoader = 'org.springframework.test.context.support.DelegatingSmartContextLoader', parent = [null]]]
23:36:56.688 [Test worker] DEBUG org.springframework.test.context.cache - Spring test ApplicationContext cache statistics: [DefaultContextCache@4afd21c6 size = 1, maxSize = 32, parentContextCount = 0, hitCount = 158, missCount = 1]
23:36:56.689 [Test worker] DEBUG org.springframework.test.context.support.AbstractDirtiesContextTestExecutionListener - Before test method: context [DefaultTestContext@47f9738 testClass = BoardManagerTest, testInstance = org.waldreg.board.board.BoardManagerTest@18acfe88, testMethod = INQUIRY_ALL_BOARD_BY_CATEGORY_FAIL_TEST@BoardManagerTest, testException = [null], mergedContextConfiguration = [MergedContextConfiguration@6155d082 testClass = BoardManagerTest, locations = '{}', classes = '{class org.waldreg.board.board.management.DefaultBoardManager, class org.waldreg.util.token.DecryptedTokenContext}', contextInitializerClasses = '[]', activeProfiles = '{}', propertySourceLocations = '{}', propertySourceProperties = '{}', contextCustomizers = set[org.springframework.boot.test.autoconfigure.actuate.metrics.MetricsExportContextCustomizerFactory$DisableMetricExportContextCustomizer@62010f5c, org.springframework.boot.test.autoconfigure.properties.PropertyMappingContextCustomizer@0, org.springframework.boot.test.autoconfigure.web.servlet.WebDriverContextCustomizerFactory$Customizer@73cd37c0, org.springframework.boot.test.context.filter.ExcludeFilterContextCustomizer@5a2d131d, org.springframework.boot.test.json.DuplicateJsonObjectContextCustomizerFactory$DuplicateJsonObjectContextCustomizer@1c93f6e1, org.springframework.boot.test.mock.mockito.MockitoContextCustomizer@f93658d9], contextLoader = 'org.springframework.test.context.support.DelegatingSmartContextLoader', parent = [null]], attributes = map['org.springframework.test.context.event.ApplicationEventsTestExecutionListener.recordApplicationEvents' -> false]], class annotated with @DirtiesContext [false] with mode [null], method annotated with @DirtiesContext [false] with mode [null].
23:36:56.689 [Test worker] DEBUG org.springframework.test.context.cache.DefaultCacheAwareContextLoaderDelegate - Retrieved ApplicationContext [1988644427] from cache with key [[MergedContextConfiguration@6155d082 testClass = BoardManagerTest, locations = '{}', classes = '{class org.waldreg.board.board.management.DefaultBoardManager, class org.waldreg.util.token.DecryptedTokenContext}', contextInitializerClasses = '[]', activeProfiles = '{}', propertySourceLocations = '{}', propertySourceProperties = '{}', contextCustomizers = set[org.springframework.boot.test.autoconfigure.actuate.metrics.MetricsExportContextCustomizerFactory$DisableMetricExportContextCustomizer@62010f5c, org.springframework.boot.test.autoconfigure.properties.PropertyMappingContextCustomizer@0, org.springframework.boot.test.autoconfigure.web.servlet.WebDriverContextCustomizerFactory$Customizer@73cd37c0, org.springframework.boot.test.context.filter.ExcludeFilterContextCustomizer@5a2d131d, org.springframework.boot.test.json.DuplicateJsonObjectContextCustomizerFactory$DuplicateJsonObjectContextCustomizer@1c93f6e1, org.springframework.boot.test.mock.mockito.MockitoContextCustomizer@f93658d9], contextLoader = 'org.springframework.test.context.support.DelegatingSmartContextLoader', parent = [null]]]
23:36:56.689 [Test worker] DEBUG org.springframework.test.context.cache - Spring test ApplicationContext cache statistics: [DefaultContextCache@4afd21c6 size = 1, maxSize = 32, parentContextCount = 0, hitCount = 159, missCount = 1]
23:36:56.689 [Test worker] DEBUG org.springframework.test.context.cache.DefaultCacheAwareContextLoaderDelegate - Retrieved ApplicationContext [1988644427] from cache with key [[MergedContextConfiguration@6155d082 testClass = BoardManagerTest, locations = '{}', classes = '{class org.waldreg.board.board.management.DefaultBoardManager, class org.waldreg.util.token.DecryptedTokenContext}', contextInitializerClasses = '[]', activeProfiles = '{}', propertySourceLocations = '{}', propertySourceProperties = '{}', contextCustomizers = set[org.springframework.boot.test.autoconfigure.actuate.metrics.MetricsExportContextCustomizerFactory$DisableMetricExportContextCustomizer@62010f5c, org.springframework.boot.test.autoconfigure.properties.PropertyMappingContextCustomizer@0, org.springframework.boot.test.autoconfigure.web.servlet.WebDriverContextCustomizerFactory$Customizer@73cd37c0, org.springframework.boot.test.context.filter.ExcludeFilterContextCustomizer@5a2d131d, org.springframework.boot.test.json.DuplicateJsonObjectContextCustomizerFactory$DuplicateJsonObjectContextCustomizer@1c93f6e1, org.springframework.boot.test.mock.mockito.MockitoContextCustomizer@f93658d9], contextLoader = 'org.springframework.test.context.support.DelegatingSmartContextLoader', parent = [null]]]
23:36:56.689 [Test worker] DEBUG org.springframework.test.context.cache - Spring test ApplicationContext cache statistics: [DefaultContextCache@4afd21c6 size = 1, maxSize = 32, parentContextCount = 0, hitCount = 160, missCount = 1]
23:36:56.689 [Test worker] DEBUG org.springframework.test.context.cache.DefaultCacheAwareContextLoaderDelegate - Retrieved ApplicationContext [1988644427] from cache with key [[MergedContextConfiguration@6155d082 testClass = BoardManagerTest, locations = '{}', classes = '{class org.waldreg.board.board.management.DefaultBoardManager, class org.waldreg.util.token.DecryptedTokenContext}', contextInitializerClasses = '[]', activeProfiles = '{}', propertySourceLocations = '{}', propertySourceProperties = '{}', contextCustomizers = set[org.springframework.boot.test.autoconfigure.actuate.metrics.MetricsExportContextCustomizerFactory$DisableMetricExportContextCustomizer@62010f5c, org.springframework.boot.test.autoconfigure.properties.PropertyMappingContextCustomizer@0, org.springframework.boot.test.autoconfigure.web.servlet.WebDriverContextCustomizerFactory$Customizer@73cd37c0, org.springframework.boot.test.context.filter.ExcludeFilterContextCustomizer@5a2d131d, org.springframework.boot.test.json.DuplicateJsonObjectContextCustomizerFactory$DuplicateJsonObjectContextCustomizer@1c93f6e1, org.springframework.boot.test.mock.mockito.MockitoContextCustomizer@f93658d9], contextLoader = 'org.springframework.test.context.support.DelegatingSmartContextLoader', parent = [null]]]
23:36:56.689 [Test worker] DEBUG org.springframework.test.context.cache - Spring test ApplicationContext cache statistics: [DefaultContextCache@4afd21c6 size = 1, maxSize = 32, parentContextCount = 0, hitCount = 161, missCount = 1]
23:36:56.690 [Test worker] DEBUG org.springframework.test.context.cache.DefaultCacheAwareContextLoaderDelegate - Retrieved ApplicationContext [1988644427] from cache with key [[MergedContextConfiguration@6155d082 testClass = BoardManagerTest, locations = '{}', classes = '{class org.waldreg.board.board.management.DefaultBoardManager, class org.waldreg.util.token.DecryptedTokenContext}', contextInitializerClasses = '[]', activeProfiles = '{}', propertySourceLocations = '{}', propertySourceProperties = '{}', contextCustomizers = set[org.springframework.boot.test.autoconfigure.actuate.metrics.MetricsExportContextCustomizerFactory$DisableMetricExportContextCustomizer@62010f5c, org.springframework.boot.test.autoconfigure.properties.PropertyMappingContextCustomizer@0, org.springframework.boot.test.autoconfigure.web.servlet.WebDriverContextCustomizerFactory$Customizer@73cd37c0, org.springframework.boot.test.context.filter.ExcludeFilterContextCustomizer@5a2d131d, org.springframework.boot.test.json.DuplicateJsonObjectContextCustomizerFactory$DuplicateJsonObjectContextCustomizer@1c93f6e1, org.springframework.boot.test.mock.mockito.MockitoContextCustomizer@f93658d9], contextLoader = 'org.springframework.test.context.support.DelegatingSmartContextLoader', parent = [null]]]
23:36:56.690 [Test worker] DEBUG org.springframework.test.context.cache - Spring test ApplicationContext cache statistics: [DefaultContextCache@4afd21c6 size = 1, maxSize = 32, parentContextCount = 0, hitCount = 162, missCount = 1]
23:36:56.690 [Test worker] DEBUG org.springframework.test.context.cache.DefaultCacheAwareContextLoaderDelegate - Retrieved ApplicationContext [1988644427] from cache with key [[MergedContextConfiguration@6155d082 testClass = BoardManagerTest, locations = '{}', classes = '{class org.waldreg.board.board.management.DefaultBoardManager, class org.waldreg.util.token.DecryptedTokenContext}', contextInitializerClasses = '[]', activeProfiles = '{}', propertySourceLocations = '{}', propertySourceProperties = '{}', contextCustomizers = set[org.springframework.boot.test.autoconfigure.actuate.metrics.MetricsExportContextCustomizerFactory$DisableMetricExportContextCustomizer@62010f5c, org.springframework.boot.test.autoconfigure.properties.PropertyMappingContextCustomizer@0, org.springframework.boot.test.autoconfigure.web.servlet.WebDriverContextCustomizerFactory$Customizer@73cd37c0, org.springframework.boot.test.context.filter.ExcludeFilterContextCustomizer@5a2d131d, org.springframework.boot.test.json.DuplicateJsonObjectContextCustomizerFactory$DuplicateJsonObjectContextCustomizer@1c93f6e1, org.springframework.boot.test.mock.mockito.MockitoContextCustomizer@f93658d9], contextLoader = 'org.springframework.test.context.support.DelegatingSmartContextLoader', parent = [null]]]
23:36:56.690 [Test worker] DEBUG org.springframework.test.context.cache - Spring test ApplicationContext cache statistics: [DefaultContextCache@4afd21c6 size = 1, maxSize = 32, parentContextCount = 0, hitCount = 163, missCount = 1]
23:36:56.691 [Test worker] DEBUG org.springframework.test.context.cache.DefaultCacheAwareContextLoaderDelegate - Retrieved ApplicationContext [1988644427] from cache with key [[MergedContextConfiguration@6155d082 testClass = BoardManagerTest, locations = '{}', classes = '{class org.waldreg.board.board.management.DefaultBoardManager, class org.waldreg.util.token.DecryptedTokenContext}', contextInitializerClasses = '[]', activeProfiles = '{}', propertySourceLocations = '{}', propertySourceProperties = '{}', contextCustomizers = set[org.springframework.boot.test.autoconfigure.actuate.metrics.MetricsExportContextCustomizerFactory$DisableMetricExportContextCustomizer@62010f5c, org.springframework.boot.test.autoconfigure.properties.PropertyMappingContextCustomizer@0, org.springframework.boot.test.autoconfigure.web.servlet.WebDriverContextCustomizerFactory$Customizer@73cd37c0, org.springframework.boot.test.context.filter.ExcludeFilterContextCustomizer@5a2d131d, org.springframework.boot.test.json.DuplicateJsonObjectContextCustomizerFactory$DuplicateJsonObjectContextCustomizer@1c93f6e1, org.springframework.boot.test.mock.mockito.MockitoContextCustomizer@f93658d9], contextLoader = 'org.springframework.test.context.support.DelegatingSmartContextLoader', parent = [null]]]
23:36:56.691 [Test worker] DEBUG org.springframework.test.context.cache - Spring test ApplicationContext cache statistics: [DefaultContextCache@4afd21c6 size = 1, maxSize = 32, parentContextCount = 0, hitCount = 164, missCount = 1]
23:36:56.691 [Test worker] DEBUG org.springframework.test.context.cache.DefaultCacheAwareContextLoaderDelegate - Retrieved ApplicationContext [1988644427] from cache with key [[MergedContextConfiguration@6155d082 testClass = BoardManagerTest, locations = '{}', classes = '{class org.waldreg.board.board.management.DefaultBoardManager, class org.waldreg.util.token.DecryptedTokenContext}', contextInitializerClasses = '[]', activeProfiles = '{}', propertySourceLocations = '{}', propertySourceProperties = '{}', contextCustomizers = set[org.springframework.boot.test.autoconfigure.actuate.metrics.MetricsExportContextCustomizerFactory$DisableMetricExportContextCustomizer@62010f5c, org.springframework.boot.test.autoconfigure.properties.PropertyMappingContextCustomizer@0, org.springframework.boot.test.autoconfigure.web.servlet.WebDriverContextCustomizerFactory$Customizer@73cd37c0, org.springframework.boot.test.context.filter.ExcludeFilterContextCustomizer@5a2d131d, org.springframework.boot.test.json.DuplicateJsonObjectContextCustomizerFactory$DuplicateJsonObjectContextCustomizer@1c93f6e1, org.springframework.boot.test.mock.mockito.MockitoContextCustomizer@f93658d9], contextLoader = 'org.springframework.test.context.support.DelegatingSmartContextLoader', parent = [null]]]
23:36:56.691 [Test worker] DEBUG org.springframework.test.context.cache - Spring test ApplicationContext cache statistics: [DefaultContextCache@4afd21c6 size = 1, maxSize = 32, parentContextCount = 0, hitCount = 165, missCount = 1]
23:36:56.691 [Test worker] DEBUG org.springframework.test.context.cache.DefaultCacheAwareContextLoaderDelegate - Retrieved ApplicationContext [1988644427] from cache with key [[MergedContextConfiguration@6155d082 testClass = BoardManagerTest, locations = '{}', classes = '{class org.waldreg.board.board.management.DefaultBoardManager, class org.waldreg.util.token.DecryptedTokenContext}', contextInitializerClasses = '[]', activeProfiles = '{}', propertySourceLocations = '{}', propertySourceProperties = '{}', contextCustomizers = set[org.springframework.boot.test.autoconfigure.actuate.metrics.MetricsExportContextCustomizerFactory$DisableMetricExportContextCustomizer@62010f5c, org.springframework.boot.test.autoconfigure.properties.PropertyMappingContextCustomizer@0, org.springframework.boot.test.autoconfigure.web.servlet.WebDriverContextCustomizerFactory$Customizer@73cd37c0, org.springframework.boot.test.context.filter.ExcludeFilterContextCustomizer@5a2d131d, org.springframework.boot.test.json.DuplicateJsonObjectContextCustomizerFactory$DuplicateJsonObjectContextCustomizer@1c93f6e1, org.springframework.boot.test.mock.mockito.MockitoContextCustomizer@f93658d9], contextLoader = 'org.springframework.test.context.support.DelegatingSmartContextLoader', parent = [null]]]
23:36:56.691 [Test worker] DEBUG org.springframework.test.context.cache - Spring test ApplicationContext cache statistics: [DefaultContextCache@4afd21c6 size = 1, maxSize = 32, parentContextCount = 0, hitCount = 166, missCount = 1]
23:36:56.691 [Test worker] DEBUG org.springframework.test.context.cache.DefaultCacheAwareContextLoaderDelegate - Retrieved ApplicationContext [1988644427] from cache with key [[MergedContextConfiguration@6155d082 testClass = BoardManagerTest, locations = '{}', classes = '{class org.waldreg.board.board.management.DefaultBoardManager, class org.waldreg.util.token.DecryptedTokenContext}', contextInitializerClasses = '[]', activeProfiles = '{}', propertySourceLocations = '{}', propertySourceProperties = '{}', contextCustomizers = set[org.springframework.boot.test.autoconfigure.actuate.metrics.MetricsExportContextCustomizerFactory$DisableMetricExportContextCustomizer@62010f5c, org.springframework.boot.test.autoconfigure.properties.PropertyMappingContextCustomizer@0, org.springframework.boot.test.autoconfigure.web.servlet.WebDriverContextCustomizerFactory$Customizer@73cd37c0, org.springframework.boot.test.context.filter.ExcludeFilterContextCustomizer@5a2d131d, org.springframework.boot.test.json.DuplicateJsonObjectContextCustomizerFactory$DuplicateJsonObjectContextCustomizer@1c93f6e1, org.springframework.boot.test.mock.mockito.MockitoContextCustomizer@f93658d9], contextLoader = 'org.springframework.test.context.support.DelegatingSmartContextLoader', parent = [null]]]
23:36:56.691 [Test worker] DEBUG org.springframework.test.context.cache - Spring test ApplicationContext cache statistics: [DefaultContextCache@4afd21c6 size = 1, maxSize = 32, parentContextCount = 0, hitCount = 167, missCount = 1]
23:36:56.691 [Test worker] DEBUG org.springframework.test.context.support.AbstractDirtiesContextTestExecutionListener - After test method: context [DefaultTestContext@47f9738 testClass = BoardManagerTest, testInstance = org.waldreg.board.board.BoardManagerTest@18acfe88, testMethod = INQUIRY_ALL_BOARD_BY_CATEGORY_FAIL_TEST@BoardManagerTest, testException = [null], mergedContextConfiguration = [MergedContextConfiguration@6155d082 testClass = BoardManagerTest, locations = '{}', classes = '{class org.waldreg.board.board.management.DefaultBoardManager, class org.waldreg.util.token.DecryptedTokenContext}', contextInitializerClasses = '[]', activeProfiles = '{}', propertySourceLocations = '{}', propertySourceProperties = '{}', contextCustomizers = set[org.springframework.boot.test.autoconfigure.actuate.metrics.MetricsExportContextCustomizerFactory$DisableMetricExportContextCustomizer@62010f5c, org.springframework.boot.test.autoconfigure.properties.PropertyMappingContextCustomizer@0, org.springframework.boot.test.autoconfigure.web.servlet.WebDriverContextCustomizerFactory$Customizer@73cd37c0, org.springframework.boot.test.context.filter.ExcludeFilterContextCustomizer@5a2d131d, org.springframework.boot.test.json.DuplicateJsonObjectContextCustomizerFactory$DuplicateJsonObjectContextCustomizer@1c93f6e1, org.springframework.boot.test.mock.mockito.MockitoContextCustomizer@f93658d9], contextLoader = 'org.springframework.test.context.support.DelegatingSmartContextLoader', parent = [null]], attributes = map['org.springframework.test.context.event.ApplicationEventsTestExecutionListener.recordApplicationEvents' -> false]], class annotated with @DirtiesContext [false] with mode [null], method annotated with @DirtiesContext [false] with mode [null].
23:36:56.691 [Test worker] DEBUG org.springframework.test.context.cache.DefaultCacheAwareContextLoaderDelegate - Retrieved ApplicationContext [1988644427] from cache with key [[MergedContextConfiguration@6155d082 testClass = BoardManagerTest, locations = '{}', classes = '{class org.waldreg.board.board.management.DefaultBoardManager, class org.waldreg.util.token.DecryptedTokenContext}', contextInitializerClasses = '[]', activeProfiles = '{}', propertySourceLocations = '{}', propertySourceProperties = '{}', contextCustomizers = set[org.springframework.boot.test.autoconfigure.actuate.metrics.MetricsExportContextCustomizerFactory$DisableMetricExportContextCustomizer@62010f5c, org.springframework.boot.test.autoconfigure.properties.PropertyMappingContextCustomizer@0, org.springframework.boot.test.autoconfigure.web.servlet.WebDriverContextCustomizerFactory$Customizer@73cd37c0, org.springframework.boot.test.context.filter.ExcludeFilterContextCustomizer@5a2d131d, org.springframework.boot.test.json.DuplicateJsonObjectContextCustomizerFactory$DuplicateJsonObjectContextCustomizer@1c93f6e1, org.springframework.boot.test.mock.mockito.MockitoContextCustomizer@f93658d9], contextLoader = 'org.springframework.test.context.support.DelegatingSmartContextLoader', parent = [null]]]
23:36:56.691 [Test worker] DEBUG org.springframework.test.context.cache - Spring test ApplicationContext cache statistics: [DefaultContextCache@4afd21c6 size = 1, maxSize = 32, parentContextCount = 0, hitCount = 168, missCount = 1]
23:36:56.691 [Test worker] DEBUG org.springframework.test.context.support.DependencyInjectionTestExecutionListener - Performing dependency injection for test context [[DefaultTestContext@47f9738 testClass = BoardManagerTest, testInstance = org.waldreg.board.board.BoardManagerTest@772861aa, testMethod = [null], testException = [null], mergedContextConfiguration = [MergedContextConfiguration@6155d082 testClass = BoardManagerTest, locations = '{}', classes = '{class org.waldreg.board.board.management.DefaultBoardManager, class org.waldreg.util.token.DecryptedTokenContext}', contextInitializerClasses = '[]', activeProfiles = '{}', propertySourceLocations = '{}', propertySourceProperties = '{}', contextCustomizers = set[org.springframework.boot.test.autoconfigure.actuate.metrics.MetricsExportContextCustomizerFactory$DisableMetricExportContextCustomizer@62010f5c, org.springframework.boot.test.autoconfigure.properties.PropertyMappingContextCustomizer@0, org.springframework.boot.test.autoconfigure.web.servlet.WebDriverContextCustomizerFactory$Customizer@73cd37c0, org.springframework.boot.test.context.filter.ExcludeFilterContextCustomizer@5a2d131d, org.springframework.boot.test.json.DuplicateJsonObjectContextCustomizerFactory$DuplicateJsonObjectContextCustomizer@1c93f6e1, org.springframework.boot.test.mock.mockito.MockitoContextCustomizer@f93658d9], contextLoader = 'org.springframework.test.context.support.DelegatingSmartContextLoader', parent = [null]], attributes = map['org.springframework.test.context.event.ApplicationEventsTestExecutionListener.recordApplicationEvents' -> false]]].
23:36:56.691 [Test worker] DEBUG org.springframework.test.context.cache.DefaultCacheAwareContextLoaderDelegate - Retrieved ApplicationContext [1988644427] from cache with key [[MergedContextConfiguration@6155d082 testClass = BoardManagerTest, locations = '{}', classes = '{class org.waldreg.board.board.management.DefaultBoardManager, class org.waldreg.util.token.DecryptedTokenContext}', contextInitializerClasses = '[]', activeProfiles = '{}', propertySourceLocations = '{}', propertySourceProperties = '{}', contextCustomizers = set[org.springframework.boot.test.autoconfigure.actuate.metrics.MetricsExportContextCustomizerFactory$DisableMetricExportContextCustomizer@62010f5c, org.springframework.boot.test.autoconfigure.properties.PropertyMappingContextCustomizer@0, org.springframework.boot.test.autoconfigure.web.servlet.WebDriverContextCustomizerFactory$Customizer@73cd37c0, org.springframework.boot.test.context.filter.ExcludeFilterContextCustomizer@5a2d131d, org.springframework.boot.test.json.DuplicateJsonObjectContextCustomizerFactory$DuplicateJsonObjectContextCustomizer@1c93f6e1, org.springframework.boot.test.mock.mockito.MockitoContextCustomizer@f93658d9], contextLoader = 'org.springframework.test.context.support.DelegatingSmartContextLoader', parent = [null]]]
23:36:56.692 [Test worker] DEBUG org.springframework.test.context.cache - Spring test ApplicationContext cache statistics: [DefaultContextCache@4afd21c6 size = 1, maxSize = 32, parentContextCount = 0, hitCount = 169, missCount = 1]
23:36:56.692 [Test worker] DEBUG org.springframework.test.context.cache.DefaultCacheAwareContextLoaderDelegate - Retrieved ApplicationContext [1988644427] from cache with key [[MergedContextConfiguration@6155d082 testClass = BoardManagerTest, locations = '{}', classes = '{class org.waldreg.board.board.management.DefaultBoardManager, class org.waldreg.util.token.DecryptedTokenContext}', contextInitializerClasses = '[]', activeProfiles = '{}', propertySourceLocations = '{}', propertySourceProperties = '{}', contextCustomizers = set[org.springframework.boot.test.autoconfigure.actuate.metrics.MetricsExportContextCustomizerFactory$DisableMetricExportContextCustomizer@62010f5c, org.springframework.boot.test.autoconfigure.properties.PropertyMappingContextCustomizer@0, org.springframework.boot.test.autoconfigure.web.servlet.WebDriverContextCustomizerFactory$Customizer@73cd37c0, org.springframework.boot.test.context.filter.ExcludeFilterContextCustomizer@5a2d131d, org.springframework.boot.test.json.DuplicateJsonObjectContextCustomizerFactory$DuplicateJsonObjectContextCustomizer@1c93f6e1, org.springframework.boot.test.mock.mockito.MockitoContextCustomizer@f93658d9], contextLoader = 'org.springframework.test.context.support.DelegatingSmartContextLoader', parent = [null]]]
23:36:56.692 [Test worker] DEBUG org.springframework.test.context.cache - Spring test ApplicationContext cache statistics: [DefaultContextCache@4afd21c6 size = 1, maxSize = 32, parentContextCount = 0, hitCount = 170, missCount = 1]
23:36:56.692 [Test worker] DEBUG org.springframework.test.context.support.AbstractDirtiesContextTestExecutionListener - Before test method: context [DefaultTestContext@47f9738 testClass = BoardManagerTest, testInstance = org.waldreg.board.board.BoardManagerTest@772861aa, testMethod = INQUIRY_ALL_BOARD_BY_CATEGORY_SUCCESS_TEST@BoardManagerTest, testException = [null], mergedContextConfiguration = [MergedContextConfiguration@6155d082 testClass = BoardManagerTest, locations = '{}', classes = '{class org.waldreg.board.board.management.DefaultBoardManager, class org.waldreg.util.token.DecryptedTokenContext}', contextInitializerClasses = '[]', activeProfiles = '{}', propertySourceLocations = '{}', propertySourceProperties = '{}', contextCustomizers = set[org.springframework.boot.test.autoconfigure.actuate.metrics.MetricsExportContextCustomizerFactory$DisableMetricExportContextCustomizer@62010f5c, org.springframework.boot.test.autoconfigure.properties.PropertyMappingContextCustomizer@0, org.springframework.boot.test.autoconfigure.web.servlet.WebDriverContextCustomizerFactory$Customizer@73cd37c0, org.springframework.boot.test.context.filter.ExcludeFilterContextCustomizer@5a2d131d, org.springframework.boot.test.json.DuplicateJsonObjectContextCustomizerFactory$DuplicateJsonObjectContextCustomizer@1c93f6e1, org.springframework.boot.test.mock.mockito.MockitoContextCustomizer@f93658d9], contextLoader = 'org.springframework.test.context.support.DelegatingSmartContextLoader', parent = [null]], attributes = map['org.springframework.test.context.event.ApplicationEventsTestExecutionListener.recordApplicationEvents' -> false]], class annotated with @DirtiesContext [false] with mode [null], method annotated with @DirtiesContext [false] with mode [null].
23:36:56.692 [Test worker] DEBUG org.springframework.test.context.cache.DefaultCacheAwareContextLoaderDelegate - Retrieved ApplicationContext [1988644427] from cache with key [[MergedContextConfiguration@6155d082 testClass = BoardManagerTest, locations = '{}', classes = '{class org.waldreg.board.board.management.DefaultBoardManager, class org.waldreg.util.token.DecryptedTokenContext}', contextInitializerClasses = '[]', activeProfiles = '{}', propertySourceLocations = '{}', propertySourceProperties = '{}', contextCustomizers = set[org.springframework.boot.test.autoconfigure.actuate.metrics.MetricsExportContextCustomizerFactory$DisableMetricExportContextCustomizer@62010f5c, org.springframework.boot.test.autoconfigure.properties.PropertyMappingContextCustomizer@0, org.springframework.boot.test.autoconfigure.web.servlet.WebDriverContextCustomizerFactory$Customizer@73cd37c0, org.springframework.boot.test.context.filter.ExcludeFilterContextCustomizer@5a2d131d, org.springframework.boot.test.json.DuplicateJsonObjectContextCustomizerFactory$DuplicateJsonObjectContextCustomizer@1c93f6e1, org.springframework.boot.test.mock.mockito.MockitoContextCustomizer@f93658d9], contextLoader = 'org.springframework.test.context.support.DelegatingSmartContextLoader', parent = [null]]]
23:36:56.692 [Test worker] DEBUG org.springframework.test.context.cache - Spring test ApplicationContext cache statistics: [DefaultContextCache@4afd21c6 size = 1, maxSize = 32, parentContextCount = 0, hitCount = 171, missCount = 1]
23:36:56.692 [Test worker] DEBUG org.springframework.test.context.cache.DefaultCacheAwareContextLoaderDelegate - Retrieved ApplicationContext [1988644427] from cache with key [[MergedContextConfiguration@6155d082 testClass = BoardManagerTest, locations = '{}', classes = '{class org.waldreg.board.board.management.DefaultBoardManager, class org.waldreg.util.token.DecryptedTokenContext}', contextInitializerClasses = '[]', activeProfiles = '{}', propertySourceLocations = '{}', propertySourceProperties = '{}', contextCustomizers = set[org.springframework.boot.test.autoconfigure.actuate.metrics.MetricsExportContextCustomizerFactory$DisableMetricExportContextCustomizer@62010f5c, org.springframework.boot.test.autoconfigure.properties.PropertyMappingContextCustomizer@0, org.springframework.boot.test.autoconfigure.web.servlet.WebDriverContextCustomizerFactory$Customizer@73cd37c0, org.springframework.boot.test.context.filter.ExcludeFilterContextCustomizer@5a2d131d, org.springframework.boot.test.json.DuplicateJsonObjectContextCustomizerFactory$DuplicateJsonObjectContextCustomizer@1c93f6e1, org.springframework.boot.test.mock.mockito.MockitoContextCustomizer@f93658d9], contextLoader = 'org.springframework.test.context.support.DelegatingSmartContextLoader', parent = [null]]]
23:36:56.692 [Test worker] DEBUG org.springframework.test.context.cache - Spring test ApplicationContext cache statistics: [DefaultContextCache@4afd21c6 size = 1, maxSize = 32, parentContextCount = 0, hitCount = 172, missCount = 1]
23:36:56.692 [Test worker] DEBUG org.springframework.test.context.cache.DefaultCacheAwareContextLoaderDelegate - Retrieved ApplicationContext [1988644427] from cache with key [[MergedContextConfiguration@6155d082 testClass = BoardManagerTest, locations = '{}', classes = '{class org.waldreg.board.board.management.DefaultBoardManager, class org.waldreg.util.token.DecryptedTokenContext}', contextInitializerClasses = '[]', activeProfiles = '{}', propertySourceLocations = '{}', propertySourceProperties = '{}', contextCustomizers = set[org.springframework.boot.test.autoconfigure.actuate.metrics.MetricsExportContextCustomizerFactory$DisableMetricExportContextCustomizer@62010f5c, org.springframework.boot.test.autoconfigure.properties.PropertyMappingContextCustomizer@0, org.springframework.boot.test.autoconfigure.web.servlet.WebDriverContextCustomizerFactory$Customizer@73cd37c0, org.springframework.boot.test.context.filter.ExcludeFilterContextCustomizer@5a2d131d, org.springframework.boot.test.json.DuplicateJsonObjectContextCustomizerFactory$DuplicateJsonObjectContextCustomizer@1c93f6e1, org.springframework.boot.test.mock.mockito.MockitoContextCustomizer@f93658d9], contextLoader = 'org.springframework.test.context.support.DelegatingSmartContextLoader', parent = [null]]]
23:36:56.692 [Test worker] DEBUG org.springframework.test.context.cache - Spring test ApplicationContext cache statistics: [DefaultContextCache@4afd21c6 size = 1, maxSize = 32, parentContextCount = 0, hitCount = 173, missCount = 1]
23:36:56.694 [Test worker] DEBUG org.springframework.test.context.cache.DefaultCacheAwareContextLoaderDelegate - Retrieved ApplicationContext [1988644427] from cache with key [[MergedContextConfiguration@6155d082 testClass = BoardManagerTest, locations = '{}', classes = '{class org.waldreg.board.board.management.DefaultBoardManager, class org.waldreg.util.token.DecryptedTokenContext}', contextInitializerClasses = '[]', activeProfiles = '{}', propertySourceLocations = '{}', propertySourceProperties = '{}', contextCustomizers = set[org.springframework.boot.test.autoconfigure.actuate.metrics.MetricsExportContextCustomizerFactory$DisableMetricExportContextCustomizer@62010f5c, org.springframework.boot.test.autoconfigure.properties.PropertyMappingContextCustomizer@0, org.springframework.boot.test.autoconfigure.web.servlet.WebDriverContextCustomizerFactory$Customizer@73cd37c0, org.springframework.boot.test.context.filter.ExcludeFilterContextCustomizer@5a2d131d, org.springframework.boot.test.json.DuplicateJsonObjectContextCustomizerFactory$DuplicateJsonObjectContextCustomizer@1c93f6e1, org.springframework.boot.test.mock.mockito.MockitoContextCustomizer@f93658d9], contextLoader = 'org.springframework.test.context.support.DelegatingSmartContextLoader', parent = [null]]]
23:36:56.694 [Test worker] DEBUG org.springframework.test.context.cache - Spring test ApplicationContext cache statistics: [DefaultContextCache@4afd21c6 size = 1, maxSize = 32, parentContextCount = 0, hitCount = 174, missCount = 1]
23:36:56.695 [Test worker] DEBUG org.springframework.test.context.cache.DefaultCacheAwareContextLoaderDelegate - Retrieved ApplicationContext [1988644427] from cache with key [[MergedContextConfiguration@6155d082 testClass = BoardManagerTest, locations = '{}', classes = '{class org.waldreg.board.board.management.DefaultBoardManager, class org.waldreg.util.token.DecryptedTokenContext}', contextInitializerClasses = '[]', activeProfiles = '{}', propertySourceLocations = '{}', propertySourceProperties = '{}', contextCustomizers = set[org.springframework.boot.test.autoconfigure.actuate.metrics.MetricsExportContextCustomizerFactory$DisableMetricExportContextCustomizer@62010f5c, org.springframework.boot.test.autoconfigure.properties.PropertyMappingContextCustomizer@0, org.springframework.boot.test.autoconfigure.web.servlet.WebDriverContextCustomizerFactory$Customizer@73cd37c0, org.springframework.boot.test.context.filter.ExcludeFilterContextCustomizer@5a2d131d, org.springframework.boot.test.json.DuplicateJsonObjectContextCustomizerFactory$DuplicateJsonObjectContextCustomizer@1c93f6e1, org.springframework.boot.test.mock.mockito.MockitoContextCustomizer@f93658d9], contextLoader = 'org.springframework.test.context.support.DelegatingSmartContextLoader', parent = [null]]]
23:36:56.695 [Test worker] DEBUG org.springframework.test.context.cache - Spring test ApplicationContext cache statistics: [DefaultContextCache@4afd21c6 size = 1, maxSize = 32, parentContextCount = 0, hitCount = 175, missCount = 1]
23:36:56.695 [Test worker] DEBUG org.springframework.test.context.cache.DefaultCacheAwareContextLoaderDelegate - Retrieved ApplicationContext [1988644427] from cache with key [[MergedContextConfiguration@6155d082 testClass = BoardManagerTest, locations = '{}', classes = '{class org.waldreg.board.board.management.DefaultBoardManager, class org.waldreg.util.token.DecryptedTokenContext}', contextInitializerClasses = '[]', activeProfiles = '{}', propertySourceLocations = '{}', propertySourceProperties = '{}', contextCustomizers = set[org.springframework.boot.test.autoconfigure.actuate.metrics.MetricsExportContextCustomizerFactory$DisableMetricExportContextCustomizer@62010f5c, org.springframework.boot.test.autoconfigure.properties.PropertyMappingContextCustomizer@0, org.springframework.boot.test.autoconfigure.web.servlet.WebDriverContextCustomizerFactory$Customizer@73cd37c0, org.springframework.boot.test.context.filter.ExcludeFilterContextCustomizer@5a2d131d, org.springframework.boot.test.json.DuplicateJsonObjectContextCustomizerFactory$DuplicateJsonObjectContextCustomizer@1c93f6e1, org.springframework.boot.test.mock.mockito.MockitoContextCustomizer@f93658d9], contextLoader = 'org.springframework.test.context.support.DelegatingSmartContextLoader', parent = [null]]]
23:36:56.695 [Test worker] DEBUG org.springframework.test.context.cache - Spring test ApplicationContext cache statistics: [DefaultContextCache@4afd21c6 size = 1, maxSize = 32, parentContextCount = 0, hitCount = 176, missCount = 1]
23:36:56.695 [Test worker] DEBUG org.springframework.test.context.cache.DefaultCacheAwareContextLoaderDelegate - Retrieved ApplicationContext [1988644427] from cache with key [[MergedContextConfiguration@6155d082 testClass = BoardManagerTest, locations = '{}', classes = '{class org.waldreg.board.board.management.DefaultBoardManager, class org.waldreg.util.token.DecryptedTokenContext}', contextInitializerClasses = '[]', activeProfiles = '{}', propertySourceLocations = '{}', propertySourceProperties = '{}', contextCustomizers = set[org.springframework.boot.test.autoconfigure.actuate.metrics.MetricsExportContextCustomizerFactory$DisableMetricExportContextCustomizer@62010f5c, org.springframework.boot.test.autoconfigure.properties.PropertyMappingContextCustomizer@0, org.springframework.boot.test.autoconfigure.web.servlet.WebDriverContextCustomizerFactory$Customizer@73cd37c0, org.springframework.boot.test.context.filter.ExcludeFilterContextCustomizer@5a2d131d, org.springframework.boot.test.json.DuplicateJsonObjectContextCustomizerFactory$DuplicateJsonObjectContextCustomizer@1c93f6e1, org.springframework.boot.test.mock.mockito.MockitoContextCustomizer@f93658d9], contextLoader = 'org.springframework.test.context.support.DelegatingSmartContextLoader', parent = [null]]]
23:36:56.695 [Test worker] DEBUG org.springframework.test.context.cache - Spring test ApplicationContext cache statistics: [DefaultContextCache@4afd21c6 size = 1, maxSize = 32, parentContextCount = 0, hitCount = 177, missCount = 1]
23:36:56.695 [Test worker] DEBUG org.springframework.test.context.cache.DefaultCacheAwareContextLoaderDelegate - Retrieved ApplicationContext [1988644427] from cache with key [[MergedContextConfiguration@6155d082 testClass = BoardManagerTest, locations = '{}', classes = '{class org.waldreg.board.board.management.DefaultBoardManager, class org.waldreg.util.token.DecryptedTokenContext}', contextInitializerClasses = '[]', activeProfiles = '{}', propertySourceLocations = '{}', propertySourceProperties = '{}', contextCustomizers = set[org.springframework.boot.test.autoconfigure.actuate.metrics.MetricsExportContextCustomizerFactory$DisableMetricExportContextCustomizer@62010f5c, org.springframework.boot.test.autoconfigure.properties.PropertyMappingContextCustomizer@0, org.springframework.boot.test.autoconfigure.web.servlet.WebDriverContextCustomizerFactory$Customizer@73cd37c0, org.springframework.boot.test.context.filter.ExcludeFilterContextCustomizer@5a2d131d, org.springframework.boot.test.json.DuplicateJsonObjectContextCustomizerFactory$DuplicateJsonObjectContextCustomizer@1c93f6e1, org.springframework.boot.test.mock.mockito.MockitoContextCustomizer@f93658d9], contextLoader = 'org.springframework.test.context.support.DelegatingSmartContextLoader', parent = [null]]]
23:36:56.695 [Test worker] DEBUG org.springframework.test.context.cache - Spring test ApplicationContext cache statistics: [DefaultContextCache@4afd21c6 size = 1, maxSize = 32, parentContextCount = 0, hitCount = 178, missCount = 1]
23:36:56.695 [Test worker] DEBUG org.springframework.test.context.cache.DefaultCacheAwareContextLoaderDelegate - Retrieved ApplicationContext [1988644427] from cache with key [[MergedContextConfiguration@6155d082 testClass = BoardManagerTest, locations = '{}', classes = '{class org.waldreg.board.board.management.DefaultBoardManager, class org.waldreg.util.token.DecryptedTokenContext}', contextInitializerClasses = '[]', activeProfiles = '{}', propertySourceLocations = '{}', propertySourceProperties = '{}', contextCustomizers = set[org.springframework.boot.test.autoconfigure.actuate.metrics.MetricsExportContextCustomizerFactory$DisableMetricExportContextCustomizer@62010f5c, org.springframework.boot.test.autoconfigure.properties.PropertyMappingContextCustomizer@0, org.springframework.boot.test.autoconfigure.web.servlet.WebDriverContextCustomizerFactory$Customizer@73cd37c0, org.springframework.boot.test.context.filter.ExcludeFilterContextCustomizer@5a2d131d, org.springframework.boot.test.json.DuplicateJsonObjectContextCustomizerFactory$DuplicateJsonObjectContextCustomizer@1c93f6e1, org.springframework.boot.test.mock.mockito.MockitoContextCustomizer@f93658d9], contextLoader = 'org.springframework.test.context.support.DelegatingSmartContextLoader', parent = [null]]]
23:36:56.695 [Test worker] DEBUG org.springframework.test.context.cache - Spring test ApplicationContext cache statistics: [DefaultContextCache@4afd21c6 size = 1, maxSize = 32, parentContextCount = 0, hitCount = 179, missCount = 1]
23:36:56.695 [Test worker] DEBUG org.springframework.test.context.support.AbstractDirtiesContextTestExecutionListener - After test method: context [DefaultTestContext@47f9738 testClass = BoardManagerTest, testInstance = org.waldreg.board.board.BoardManagerTest@772861aa, testMethod = INQUIRY_ALL_BOARD_BY_CATEGORY_SUCCESS_TEST@BoardManagerTest, testException = [null], mergedContextConfiguration = [MergedContextConfiguration@6155d082 testClass = BoardManagerTest, locations = '{}', classes = '{class org.waldreg.board.board.management.DefaultBoardManager, class org.waldreg.util.token.DecryptedTokenContext}', contextInitializerClasses = '[]', activeProfiles = '{}', propertySourceLocations = '{}', propertySourceProperties = '{}', contextCustomizers = set[org.springframework.boot.test.autoconfigure.actuate.metrics.MetricsExportContextCustomizerFactory$DisableMetricExportContextCustomizer@62010f5c, org.springframework.boot.test.autoconfigure.properties.PropertyMappingContextCustomizer@0, org.springframework.boot.test.autoconfigure.web.servlet.WebDriverContextCustomizerFactory$Customizer@73cd37c0, org.springframework.boot.test.context.filter.ExcludeFilterContextCustomizer@5a2d131d, org.springframework.boot.test.json.DuplicateJsonObjectContextCustomizerFactory$DuplicateJsonObjectContextCustomizer@1c93f6e1, org.springframework.boot.test.mock.mockito.MockitoContextCustomizer@f93658d9], contextLoader = 'org.springframework.test.context.support.DelegatingSmartContextLoader', parent = [null]], attributes = map['org.springframework.test.context.event.ApplicationEventsTestExecutionListener.recordApplicationEvents' -> false]], class annotated with @DirtiesContext [false] with mode [null], method annotated with @DirtiesContext [false] with mode [null].
23:36:56.696 [Test worker] DEBUG org.springframework.test.context.cache.DefaultCacheAwareContextLoaderDelegate - Retrieved ApplicationContext [1988644427] from cache with key [[MergedContextConfiguration@6155d082 testClass = BoardManagerTest, locations = '{}', classes = '{class org.waldreg.board.board.management.DefaultBoardManager, class org.waldreg.util.token.DecryptedTokenContext}', contextInitializerClasses = '[]', activeProfiles = '{}', propertySourceLocations = '{}', propertySourceProperties = '{}', contextCustomizers = set[org.springframework.boot.test.autoconfigure.actuate.metrics.MetricsExportContextCustomizerFactory$DisableMetricExportContextCustomizer@62010f5c, org.springframework.boot.test.autoconfigure.properties.PropertyMappingContextCustomizer@0, org.springframework.boot.test.autoconfigure.web.servlet.WebDriverContextCustomizerFactory$Customizer@73cd37c0, org.springframework.boot.test.context.filter.ExcludeFilterContextCustomizer@5a2d131d, org.springframework.boot.test.json.DuplicateJsonObjectContextCustomizerFactory$DuplicateJsonObjectContextCustomizer@1c93f6e1, org.springframework.boot.test.mock.mockito.MockitoContextCustomizer@f93658d9], contextLoader = 'org.springframework.test.context.support.DelegatingSmartContextLoader', parent = [null]]]
23:36:56.696 [Test worker] DEBUG org.springframework.test.context.cache - Spring test ApplicationContext cache statistics: [DefaultContextCache@4afd21c6 size = 1, maxSize = 32, parentContextCount = 0, hitCount = 180, missCount = 1]
23:36:56.696 [Test worker] DEBUG org.springframework.test.context.support.DependencyInjectionTestExecutionListener - Performing dependency injection for test context [[DefaultTestContext@47f9738 testClass = BoardManagerTest, testInstance = org.waldreg.board.board.BoardManagerTest@7c1e32c9, testMethod = [null], testException = [null], mergedContextConfiguration = [MergedContextConfiguration@6155d082 testClass = BoardManagerTest, locations = '{}', classes = '{class org.waldreg.board.board.management.DefaultBoardManager, class org.waldreg.util.token.DecryptedTokenContext}', contextInitializerClasses = '[]', activeProfiles = '{}', propertySourceLocations = '{}', propertySourceProperties = '{}', contextCustomizers = set[org.springframework.boot.test.autoconfigure.actuate.metrics.MetricsExportContextCustomizerFactory$DisableMetricExportContextCustomizer@62010f5c, org.springframework.boot.test.autoconfigure.properties.PropertyMappingContextCustomizer@0, org.springframework.boot.test.autoconfigure.web.servlet.WebDriverContextCustomizerFactory$Customizer@73cd37c0, org.springframework.boot.test.context.filter.ExcludeFilterContextCustomizer@5a2d131d, org.springframework.boot.test.json.DuplicateJsonObjectContextCustomizerFactory$DuplicateJsonObjectContextCustomizer@1c93f6e1, org.springframework.boot.test.mock.mockito.MockitoContextCustomizer@f93658d9], contextLoader = 'org.springframework.test.context.support.DelegatingSmartContextLoader', parent = [null]], attributes = map['org.springframework.test.context.event.ApplicationEventsTestExecutionListener.recordApplicationEvents' -> false]]].
23:36:56.696 [Test worker] DEBUG org.springframework.test.context.cache.DefaultCacheAwareContextLoaderDelegate - Retrieved ApplicationContext [1988644427] from cache with key [[MergedContextConfiguration@6155d082 testClass = BoardManagerTest, locations = '{}', classes = '{class org.waldreg.board.board.management.DefaultBoardManager, class org.waldreg.util.token.DecryptedTokenContext}', contextInitializerClasses = '[]', activeProfiles = '{}', propertySourceLocations = '{}', propertySourceProperties = '{}', contextCustomizers = set[org.springframework.boot.test.autoconfigure.actuate.metrics.MetricsExportContextCustomizerFactory$DisableMetricExportContextCustomizer@62010f5c, org.springframework.boot.test.autoconfigure.properties.PropertyMappingContextCustomizer@0, org.springframework.boot.test.autoconfigure.web.servlet.WebDriverContextCustomizerFactory$Customizer@73cd37c0, org.springframework.boot.test.context.filter.ExcludeFilterContextCustomizer@5a2d131d, org.springframework.boot.test.json.DuplicateJsonObjectContextCustomizerFactory$DuplicateJsonObjectContextCustomizer@1c93f6e1, org.springframework.boot.test.mock.mockito.MockitoContextCustomizer@f93658d9], contextLoader = 'org.springframework.test.context.support.DelegatingSmartContextLoader', parent = [null]]]
23:36:56.696 [Test worker] DEBUG org.springframework.test.context.cache - Spring test ApplicationContext cache statistics: [DefaultContextCache@4afd21c6 size = 1, maxSize = 32, parentContextCount = 0, hitCount = 181, missCount = 1]
23:36:56.696 [Test worker] DEBUG org.springframework.test.context.cache.DefaultCacheAwareContextLoaderDelegate - Retrieved ApplicationContext [1988644427] from cache with key [[MergedContextConfiguration@6155d082 testClass = BoardManagerTest, locations = '{}', classes = '{class org.waldreg.board.board.management.DefaultBoardManager, class org.waldreg.util.token.DecryptedTokenContext}', contextInitializerClasses = '[]', activeProfiles = '{}', propertySourceLocations = '{}', propertySourceProperties = '{}', contextCustomizers = set[org.springframework.boot.test.autoconfigure.actuate.metrics.MetricsExportContextCustomizerFactory$DisableMetricExportContextCustomizer@62010f5c, org.springframework.boot.test.autoconfigure.properties.PropertyMappingContextCustomizer@0, org.springframework.boot.test.autoconfigure.web.servlet.WebDriverContextCustomizerFactory$Customizer@73cd37c0, org.springframework.boot.test.context.filter.ExcludeFilterContextCustomizer@5a2d131d, org.springframework.boot.test.json.DuplicateJsonObjectContextCustomizerFactory$DuplicateJsonObjectContextCustomizer@1c93f6e1, org.springframework.boot.test.mock.mockito.MockitoContextCustomizer@f93658d9], contextLoader = 'org.springframework.test.context.support.DelegatingSmartContextLoader', parent = [null]]]
23:36:56.696 [Test worker] DEBUG org.springframework.test.context.cache - Spring test ApplicationContext cache statistics: [DefaultContextCache@4afd21c6 size = 1, maxSize = 32, parentContextCount = 0, hitCount = 182, missCount = 1]
23:36:56.697 [Test worker] DEBUG org.springframework.test.context.support.AbstractDirtiesContextTestExecutionListener - Before test method: context [DefaultTestContext@47f9738 testClass = BoardManagerTest, testInstance = org.waldreg.board.board.BoardManagerTest@7c1e32c9, testMethod = MODIFY_BOARD_SUCCESS_TEST@BoardManagerTest, testException = [null], mergedContextConfiguration = [MergedContextConfiguration@6155d082 testClass = BoardManagerTest, locations = '{}', classes = '{class org.waldreg.board.board.management.DefaultBoardManager, class org.waldreg.util.token.DecryptedTokenContext}', contextInitializerClasses = '[]', activeProfiles = '{}', propertySourceLocations = '{}', propertySourceProperties = '{}', contextCustomizers = set[org.springframework.boot.test.autoconfigure.actuate.metrics.MetricsExportContextCustomizerFactory$DisableMetricExportContextCustomizer@62010f5c, org.springframework.boot.test.autoconfigure.properties.PropertyMappingContextCustomizer@0, org.springframework.boot.test.autoconfigure.web.servlet.WebDriverContextCustomizerFactory$Customizer@73cd37c0, org.springframework.boot.test.context.filter.ExcludeFilterContextCustomizer@5a2d131d, org.springframework.boot.test.json.DuplicateJsonObjectContextCustomizerFactory$DuplicateJsonObjectContextCustomizer@1c93f6e1, org.springframework.boot.test.mock.mockito.MockitoContextCustomizer@f93658d9], contextLoader = 'org.springframework.test.context.support.DelegatingSmartContextLoader', parent = [null]], attributes = map['org.springframework.test.context.event.ApplicationEventsTestExecutionListener.recordApplicationEvents' -> false]], class annotated with @DirtiesContext [false] with mode [null], method annotated with @DirtiesContext [false] with mode [null].
23:36:56.697 [Test worker] DEBUG org.springframework.test.context.cache.DefaultCacheAwareContextLoaderDelegate - Retrieved ApplicationContext [1988644427] from cache with key [[MergedContextConfiguration@6155d082 testClass = BoardManagerTest, locations = '{}', classes = '{class org.waldreg.board.board.management.DefaultBoardManager, class org.waldreg.util.token.DecryptedTokenContext}', contextInitializerClasses = '[]', activeProfiles = '{}', propertySourceLocations = '{}', propertySourceProperties = '{}', contextCustomizers = set[org.springframework.boot.test.autoconfigure.actuate.metrics.MetricsExportContextCustomizerFactory$DisableMetricExportContextCustomizer@62010f5c, org.springframework.boot.test.autoconfigure.properties.PropertyMappingContextCustomizer@0, org.springframework.boot.test.autoconfigure.web.servlet.WebDriverContextCustomizerFactory$Customizer@73cd37c0, org.springframework.boot.test.context.filter.ExcludeFilterContextCustomizer@5a2d131d, org.springframework.boot.test.json.DuplicateJsonObjectContextCustomizerFactory$DuplicateJsonObjectContextCustomizer@1c93f6e1, org.springframework.boot.test.mock.mockito.MockitoContextCustomizer@f93658d9], contextLoader = 'org.springframework.test.context.support.DelegatingSmartContextLoader', parent = [null]]]
23:36:56.697 [Test worker] DEBUG org.springframework.test.context.cache - Spring test ApplicationContext cache statistics: [DefaultContextCache@4afd21c6 size = 1, maxSize = 32, parentContextCount = 0, hitCount = 183, missCount = 1]
23:36:56.697 [Test worker] DEBUG org.springframework.test.context.cache.DefaultCacheAwareContextLoaderDelegate - Retrieved ApplicationContext [1988644427] from cache with key [[MergedContextConfiguration@6155d082 testClass = BoardManagerTest, locations = '{}', classes = '{class org.waldreg.board.board.management.DefaultBoardManager, class org.waldreg.util.token.DecryptedTokenContext}', contextInitializerClasses = '[]', activeProfiles = '{}', propertySourceLocations = '{}', propertySourceProperties = '{}', contextCustomizers = set[org.springframework.boot.test.autoconfigure.actuate.metrics.MetricsExportContextCustomizerFactory$DisableMetricExportContextCustomizer@62010f5c, org.springframework.boot.test.autoconfigure.properties.PropertyMappingContextCustomizer@0, org.springframework.boot.test.autoconfigure.web.servlet.WebDriverContextCustomizerFactory$Customizer@73cd37c0, org.springframework.boot.test.context.filter.ExcludeFilterContextCustomizer@5a2d131d, org.springframework.boot.test.json.DuplicateJsonObjectContextCustomizerFactory$DuplicateJsonObjectContextCustomizer@1c93f6e1, org.springframework.boot.test.mock.mockito.MockitoContextCustomizer@f93658d9], contextLoader = 'org.springframework.test.context.support.DelegatingSmartContextLoader', parent = [null]]]
23:36:56.697 [Test worker] DEBUG org.springframework.test.context.cache - Spring test ApplicationContext cache statistics: [DefaultContextCache@4afd21c6 size = 1, maxSize = 32, parentContextCount = 0, hitCount = 184, missCount = 1]
23:36:56.697 [Test worker] DEBUG org.springframework.test.context.cache.DefaultCacheAwareContextLoaderDelegate - Retrieved ApplicationContext [1988644427] from cache with key [[MergedContextConfiguration@6155d082 testClass = BoardManagerTest, locations = '{}', classes = '{class org.waldreg.board.board.management.DefaultBoardManager, class org.waldreg.util.token.DecryptedTokenContext}', contextInitializerClasses = '[]', activeProfiles = '{}', propertySourceLocations = '{}', propertySourceProperties = '{}', contextCustomizers = set[org.springframework.boot.test.autoconfigure.actuate.metrics.MetricsExportContextCustomizerFactory$DisableMetricExportContextCustomizer@62010f5c, org.springframework.boot.test.autoconfigure.properties.PropertyMappingContextCustomizer@0, org.springframework.boot.test.autoconfigure.web.servlet.WebDriverContextCustomizerFactory$Customizer@73cd37c0, org.springframework.boot.test.context.filter.ExcludeFilterContextCustomizer@5a2d131d, org.springframework.boot.test.json.DuplicateJsonObjectContextCustomizerFactory$DuplicateJsonObjectContextCustomizer@1c93f6e1, org.springframework.boot.test.mock.mockito.MockitoContextCustomizer@f93658d9], contextLoader = 'org.springframework.test.context.support.DelegatingSmartContextLoader', parent = [null]]]
23:36:56.697 [Test worker] DEBUG org.springframework.test.context.cache - Spring test ApplicationContext cache statistics: [DefaultContextCache@4afd21c6 size = 1, maxSize = 32, parentContextCount = 0, hitCount = 185, missCount = 1]
23:36:56.701 [Test worker] DEBUG org.springframework.test.context.cache.DefaultCacheAwareContextLoaderDelegate - Retrieved ApplicationContext [1988644427] from cache with key [[MergedContextConfiguration@6155d082 testClass = BoardManagerTest, locations = '{}', classes = '{class org.waldreg.board.board.management.DefaultBoardManager, class org.waldreg.util.token.DecryptedTokenContext}', contextInitializerClasses = '[]', activeProfiles = '{}', propertySourceLocations = '{}', propertySourceProperties = '{}', contextCustomizers = set[org.springframework.boot.test.autoconfigure.actuate.metrics.MetricsExportContextCustomizerFactory$DisableMetricExportContextCustomizer@62010f5c, org.springframework.boot.test.autoconfigure.properties.PropertyMappingContextCustomizer@0, org.springframework.boot.test.autoconfigure.web.servlet.WebDriverContextCustomizerFactory$Customizer@73cd37c0, org.springframework.boot.test.context.filter.ExcludeFilterContextCustomizer@5a2d131d, org.springframework.boot.test.json.DuplicateJsonObjectContextCustomizerFactory$DuplicateJsonObjectContextCustomizer@1c93f6e1, org.springframework.boot.test.mock.mockito.MockitoContextCustomizer@f93658d9], contextLoader = 'org.springframework.test.context.support.DelegatingSmartContextLoader', parent = [null]]]
23:36:56.701 [Test worker] DEBUG org.springframework.test.context.cache - Spring test ApplicationContext cache statistics: [DefaultContextCache@4afd21c6 size = 1, maxSize = 32, parentContextCount = 0, hitCount = 186, missCount = 1]
23:36:56.701 [Test worker] DEBUG org.springframework.test.context.cache.DefaultCacheAwareContextLoaderDelegate - Retrieved ApplicationContext [1988644427] from cache with key [[MergedContextConfiguration@6155d082 testClass = BoardManagerTest, locations = '{}', classes = '{class org.waldreg.board.board.management.DefaultBoardManager, class org.waldreg.util.token.DecryptedTokenContext}', contextInitializerClasses = '[]', activeProfiles = '{}', propertySourceLocations = '{}', propertySourceProperties = '{}', contextCustomizers = set[org.springframework.boot.test.autoconfigure.actuate.metrics.MetricsExportContextCustomizerFactory$DisableMetricExportContextCustomizer@62010f5c, org.springframework.boot.test.autoconfigure.properties.PropertyMappingContextCustomizer@0, org.springframework.boot.test.autoconfigure.web.servlet.WebDriverContextCustomizerFactory$Customizer@73cd37c0, org.springframework.boot.test.context.filter.ExcludeFilterContextCustomizer@5a2d131d, org.springframework.boot.test.json.DuplicateJsonObjectContextCustomizerFactory$DuplicateJsonObjectContextCustomizer@1c93f6e1, org.springframework.boot.test.mock.mockito.MockitoContextCustomizer@f93658d9], contextLoader = 'org.springframework.test.context.support.DelegatingSmartContextLoader', parent = [null]]]
23:36:56.701 [Test worker] DEBUG org.springframework.test.context.cache - Spring test ApplicationContext cache statistics: [DefaultContextCache@4afd21c6 size = 1, maxSize = 32, parentContextCount = 0, hitCount = 187, missCount = 1]
23:36:56.702 [Test worker] DEBUG org.springframework.test.context.cache.DefaultCacheAwareContextLoaderDelegate - Retrieved ApplicationContext [1988644427] from cache with key [[MergedContextConfiguration@6155d082 testClass = BoardManagerTest, locations = '{}', classes = '{class org.waldreg.board.board.management.DefaultBoardManager, class org.waldreg.util.token.DecryptedTokenContext}', contextInitializerClasses = '[]', activeProfiles = '{}', propertySourceLocations = '{}', propertySourceProperties = '{}', contextCustomizers = set[org.springframework.boot.test.autoconfigure.actuate.metrics.MetricsExportContextCustomizerFactory$DisableMetricExportContextCustomizer@62010f5c, org.springframework.boot.test.autoconfigure.properties.PropertyMappingContextCustomizer@0, org.springframework.boot.test.autoconfigure.web.servlet.WebDriverContextCustomizerFactory$Customizer@73cd37c0, org.springframework.boot.test.context.filter.ExcludeFilterContextCustomizer@5a2d131d, org.springframework.boot.test.json.DuplicateJsonObjectContextCustomizerFactory$DuplicateJsonObjectContextCustomizer@1c93f6e1, org.springframework.boot.test.mock.mockito.MockitoContextCustomizer@f93658d9], contextLoader = 'org.springframework.test.context.support.DelegatingSmartContextLoader', parent = [null]]]
23:36:56.702 [Test worker] DEBUG org.springframework.test.context.cache - Spring test ApplicationContext cache statistics: [DefaultContextCache@4afd21c6 size = 1, maxSize = 32, parentContextCount = 0, hitCount = 188, missCount = 1]
23:36:56.702 [Test worker] DEBUG org.springframework.test.context.cache.DefaultCacheAwareContextLoaderDelegate - Retrieved ApplicationContext [1988644427] from cache with key [[MergedContextConfiguration@6155d082 testClass = BoardManagerTest, locations = '{}', classes = '{class org.waldreg.board.board.management.DefaultBoardManager, class org.waldreg.util.token.DecryptedTokenContext}', contextInitializerClasses = '[]', activeProfiles = '{}', propertySourceLocations = '{}', propertySourceProperties = '{}', contextCustomizers = set[org.springframework.boot.test.autoconfigure.actuate.metrics.MetricsExportContextCustomizerFactory$DisableMetricExportContextCustomizer@62010f5c, org.springframework.boot.test.autoconfigure.properties.PropertyMappingContextCustomizer@0, org.springframework.boot.test.autoconfigure.web.servlet.WebDriverContextCustomizerFactory$Customizer@73cd37c0, org.springframework.boot.test.context.filter.ExcludeFilterContextCustomizer@5a2d131d, org.springframework.boot.test.json.DuplicateJsonObjectContextCustomizerFactory$DuplicateJsonObjectContextCustomizer@1c93f6e1, org.springframework.boot.test.mock.mockito.MockitoContextCustomizer@f93658d9], contextLoader = 'org.springframework.test.context.support.DelegatingSmartContextLoader', parent = [null]]]
23:36:56.702 [Test worker] DEBUG org.springframework.test.context.cache - Spring test ApplicationContext cache statistics: [DefaultContextCache@4afd21c6 size = 1, maxSize = 32, parentContextCount = 0, hitCount = 189, missCount = 1]
23:36:56.702 [Test worker] DEBUG org.springframework.test.context.cache.DefaultCacheAwareContextLoaderDelegate - Retrieved ApplicationContext [1988644427] from cache with key [[MergedContextConfiguration@6155d082 testClass = BoardManagerTest, locations = '{}', classes = '{class org.waldreg.board.board.management.DefaultBoardManager, class org.waldreg.util.token.DecryptedTokenContext}', contextInitializerClasses = '[]', activeProfiles = '{}', propertySourceLocations = '{}', propertySourceProperties = '{}', contextCustomizers = set[org.springframework.boot.test.autoconfigure.actuate.metrics.MetricsExportContextCustomizerFactory$DisableMetricExportContextCustomizer@62010f5c, org.springframework.boot.test.autoconfigure.properties.PropertyMappingContextCustomizer@0, org.springframework.boot.test.autoconfigure.web.servlet.WebDriverContextCustomizerFactory$Customizer@73cd37c0, org.springframework.boot.test.context.filter.ExcludeFilterContextCustomizer@5a2d131d, org.springframework.boot.test.json.DuplicateJsonObjectContextCustomizerFactory$DuplicateJsonObjectContextCustomizer@1c93f6e1, org.springframework.boot.test.mock.mockito.MockitoContextCustomizer@f93658d9], contextLoader = 'org.springframework.test.context.support.DelegatingSmartContextLoader', parent = [null]]]
23:36:56.702 [Test worker] DEBUG org.springframework.test.context.cache - Spring test ApplicationContext cache statistics: [DefaultContextCache@4afd21c6 size = 1, maxSize = 32, parentContextCount = 0, hitCount = 190, missCount = 1]
23:36:56.702 [Test worker] DEBUG org.springframework.test.context.cache.DefaultCacheAwareContextLoaderDelegate - Retrieved ApplicationContext [1988644427] from cache with key [[MergedContextConfiguration@6155d082 testClass = BoardManagerTest, locations = '{}', classes = '{class org.waldreg.board.board.management.DefaultBoardManager, class org.waldreg.util.token.DecryptedTokenContext}', contextInitializerClasses = '[]', activeProfiles = '{}', propertySourceLocations = '{}', propertySourceProperties = '{}', contextCustomizers = set[org.springframework.boot.test.autoconfigure.actuate.metrics.MetricsExportContextCustomizerFactory$DisableMetricExportContextCustomizer@62010f5c, org.springframework.boot.test.autoconfigure.properties.PropertyMappingContextCustomizer@0, org.springframework.boot.test.autoconfigure.web.servlet.WebDriverContextCustomizerFactory$Customizer@73cd37c0, org.springframework.boot.test.context.filter.ExcludeFilterContextCustomizer@5a2d131d, org.springframework.boot.test.json.DuplicateJsonObjectContextCustomizerFactory$DuplicateJsonObjectContextCustomizer@1c93f6e1, org.springframework.boot.test.mock.mockito.MockitoContextCustomizer@f93658d9], contextLoader = 'org.springframework.test.context.support.DelegatingSmartContextLoader', parent = [null]]]
23:36:56.702 [Test worker] DEBUG org.springframework.test.context.cache - Spring test ApplicationContext cache statistics: [DefaultContextCache@4afd21c6 size = 1, maxSize = 32, parentContextCount = 0, hitCount = 191, missCount = 1]
23:36:56.702 [Test worker] DEBUG org.springframework.test.context.support.AbstractDirtiesContextTestExecutionListener - After test method: context [DefaultTestContext@47f9738 testClass = BoardManagerTest, testInstance = org.waldreg.board.board.BoardManagerTest@7c1e32c9, testMethod = MODIFY_BOARD_SUCCESS_TEST@BoardManagerTest, testException = [null], mergedContextConfiguration = [MergedContextConfiguration@6155d082 testClass = BoardManagerTest, locations = '{}', classes = '{class org.waldreg.board.board.management.DefaultBoardManager, class org.waldreg.util.token.DecryptedTokenContext}', contextInitializerClasses = '[]', activeProfiles = '{}', propertySourceLocations = '{}', propertySourceProperties = '{}', contextCustomizers = set[org.springframework.boot.test.autoconfigure.actuate.metrics.MetricsExportContextCustomizerFactory$DisableMetricExportContextCustomizer@62010f5c, org.springframework.boot.test.autoconfigure.properties.PropertyMappingContextCustomizer@0, org.springframework.boot.test.autoconfigure.web.servlet.WebDriverContextCustomizerFactory$Customizer@73cd37c0, org.springframework.boot.test.context.filter.ExcludeFilterContextCustomizer@5a2d131d, org.springframework.boot.test.json.DuplicateJsonObjectContextCustomizerFactory$DuplicateJsonObjectContextCustomizer@1c93f6e1, org.springframework.boot.test.mock.mockito.MockitoContextCustomizer@f93658d9], contextLoader = 'org.springframework.test.context.support.DelegatingSmartContextLoader', parent = [null]], attributes = map['org.springframework.test.context.event.ApplicationEventsTestExecutionListener.recordApplicationEvents' -> false]], class annotated with @DirtiesContext [false] with mode [null], method annotated with @DirtiesContext [false] with mode [null].
23:36:56.703 [Test worker] DEBUG org.springframework.test.context.cache.DefaultCacheAwareContextLoaderDelegate - Retrieved ApplicationContext [1988644427] from cache with key [[MergedContextConfiguration@6155d082 testClass = BoardManagerTest, locations = '{}', classes = '{class org.waldreg.board.board.management.DefaultBoardManager, class org.waldreg.util.token.DecryptedTokenContext}', contextInitializerClasses = '[]', activeProfiles = '{}', propertySourceLocations = '{}', propertySourceProperties = '{}', contextCustomizers = set[org.springframework.boot.test.autoconfigure.actuate.metrics.MetricsExportContextCustomizerFactory$DisableMetricExportContextCustomizer@62010f5c, org.springframework.boot.test.autoconfigure.properties.PropertyMappingContextCustomizer@0, org.springframework.boot.test.autoconfigure.web.servlet.WebDriverContextCustomizerFactory$Customizer@73cd37c0, org.springframework.boot.test.context.filter.ExcludeFilterContextCustomizer@5a2d131d, org.springframework.boot.test.json.DuplicateJsonObjectContextCustomizerFactory$DuplicateJsonObjectContextCustomizer@1c93f6e1, org.springframework.boot.test.mock.mockito.MockitoContextCustomizer@f93658d9], contextLoader = 'org.springframework.test.context.support.DelegatingSmartContextLoader', parent = [null]]]
23:36:56.703 [Test worker] DEBUG org.springframework.test.context.cache - Spring test ApplicationContext cache statistics: [DefaultContextCache@4afd21c6 size = 1, maxSize = 32, parentContextCount = 0, hitCount = 192, missCount = 1]
23:36:56.703 [Test worker] DEBUG org.springframework.test.context.support.DependencyInjectionTestExecutionListener - Performing dependency injection for test context [[DefaultTestContext@47f9738 testClass = BoardManagerTest, testInstance = org.waldreg.board.board.BoardManagerTest@7ca8d498, testMethod = [null], testException = [null], mergedContextConfiguration = [MergedContextConfiguration@6155d082 testClass = BoardManagerTest, locations = '{}', classes = '{class org.waldreg.board.board.management.DefaultBoardManager, class org.waldreg.util.token.DecryptedTokenContext}', contextInitializerClasses = '[]', activeProfiles = '{}', propertySourceLocations = '{}', propertySourceProperties = '{}', contextCustomizers = set[org.springframework.boot.test.autoconfigure.actuate.metrics.MetricsExportContextCustomizerFactory$DisableMetricExportContextCustomizer@62010f5c, org.springframework.boot.test.autoconfigure.properties.PropertyMappingContextCustomizer@0, org.springframework.boot.test.autoconfigure.web.servlet.WebDriverContextCustomizerFactory$Customizer@73cd37c0, org.springframework.boot.test.context.filter.ExcludeFilterContextCustomizer@5a2d131d, org.springframework.boot.test.json.DuplicateJsonObjectContextCustomizerFactory$DuplicateJsonObjectContextCustomizer@1c93f6e1, org.springframework.boot.test.mock.mockito.MockitoContextCustomizer@f93658d9], contextLoader = 'org.springframework.test.context.support.DelegatingSmartContextLoader', parent = [null]], attributes = map['org.springframework.test.context.event.ApplicationEventsTestExecutionListener.recordApplicationEvents' -> false]]].
23:36:56.703 [Test worker] DEBUG org.springframework.test.context.cache.DefaultCacheAwareContextLoaderDelegate - Retrieved ApplicationContext [1988644427] from cache with key [[MergedContextConfiguration@6155d082 testClass = BoardManagerTest, locations = '{}', classes = '{class org.waldreg.board.board.management.DefaultBoardManager, class org.waldreg.util.token.DecryptedTokenContext}', contextInitializerClasses = '[]', activeProfiles = '{}', propertySourceLocations = '{}', propertySourceProperties = '{}', contextCustomizers = set[org.springframework.boot.test.autoconfigure.actuate.metrics.MetricsExportContextCustomizerFactory$DisableMetricExportContextCustomizer@62010f5c, org.springframework.boot.test.autoconfigure.properties.PropertyMappingContextCustomizer@0, org.springframework.boot.test.autoconfigure.web.servlet.WebDriverContextCustomizerFactory$Customizer@73cd37c0, org.springframework.boot.test.context.filter.ExcludeFilterContextCustomizer@5a2d131d, org.springframework.boot.test.json.DuplicateJsonObjectContextCustomizerFactory$DuplicateJsonObjectContextCustomizer@1c93f6e1, org.springframework.boot.test.mock.mockito.MockitoContextCustomizer@f93658d9], contextLoader = 'org.springframework.test.context.support.DelegatingSmartContextLoader', parent = [null]]]
23:36:56.703 [Test worker] DEBUG org.springframework.test.context.cache - Spring test ApplicationContext cache statistics: [DefaultContextCache@4afd21c6 size = 1, maxSize = 32, parentContextCount = 0, hitCount = 193, missCount = 1]
23:36:56.703 [Test worker] DEBUG org.springframework.test.context.cache.DefaultCacheAwareContextLoaderDelegate - Retrieved ApplicationContext [1988644427] from cache with key [[MergedContextConfiguration@6155d082 testClass = BoardManagerTest, locations = '{}', classes = '{class org.waldreg.board.board.management.DefaultBoardManager, class org.waldreg.util.token.DecryptedTokenContext}', contextInitializerClasses = '[]', activeProfiles = '{}', propertySourceLocations = '{}', propertySourceProperties = '{}', contextCustomizers = set[org.springframework.boot.test.autoconfigure.actuate.metrics.MetricsExportContextCustomizerFactory$DisableMetricExportContextCustomizer@62010f5c, org.springframework.boot.test.autoconfigure.properties.PropertyMappingContextCustomizer@0, org.springframework.boot.test.autoconfigure.web.servlet.WebDriverContextCustomizerFactory$Customizer@73cd37c0, org.springframework.boot.test.context.filter.ExcludeFilterContextCustomizer@5a2d131d, org.springframework.boot.test.json.DuplicateJsonObjectContextCustomizerFactory$DuplicateJsonObjectContextCustomizer@1c93f6e1, org.springframework.boot.test.mock.mockito.MockitoContextCustomizer@f93658d9], contextLoader = 'org.springframework.test.context.support.DelegatingSmartContextLoader', parent = [null]]]
23:36:56.703 [Test worker] DEBUG org.springframework.test.context.cache - Spring test ApplicationContext cache statistics: [DefaultContextCache@4afd21c6 size = 1, maxSize = 32, parentContextCount = 0, hitCount = 194, missCount = 1]
23:36:56.704 [Test worker] DEBUG org.springframework.test.context.support.AbstractDirtiesContextTestExecutionListener - Before test method: context [DefaultTestContext@47f9738 testClass = BoardManagerTest, testInstance = org.waldreg.board.board.BoardManagerTest@7ca8d498, testMethod = SEARCH_BOARD_BY_CONTENT_INVALID_RANGE_TEST@BoardManagerTest, testException = [null], mergedContextConfiguration = [MergedContextConfiguration@6155d082 testClass = BoardManagerTest, locations = '{}', classes = '{class org.waldreg.board.board.management.DefaultBoardManager, class org.waldreg.util.token.DecryptedTokenContext}', contextInitializerClasses = '[]', activeProfiles = '{}', propertySourceLocations = '{}', propertySourceProperties = '{}', contextCustomizers = set[org.springframework.boot.test.autoconfigure.actuate.metrics.MetricsExportContextCustomizerFactory$DisableMetricExportContextCustomizer@62010f5c, org.springframework.boot.test.autoconfigure.properties.PropertyMappingContextCustomizer@0, org.springframework.boot.test.autoconfigure.web.servlet.WebDriverContextCustomizerFactory$Customizer@73cd37c0, org.springframework.boot.test.context.filter.ExcludeFilterContextCustomizer@5a2d131d, org.springframework.boot.test.json.DuplicateJsonObjectContextCustomizerFactory$DuplicateJsonObjectContextCustomizer@1c93f6e1, org.springframework.boot.test.mock.mockito.MockitoContextCustomizer@f93658d9], contextLoader = 'org.springframework.test.context.support.DelegatingSmartContextLoader', parent = [null]], attributes = map['org.springframework.test.context.event.ApplicationEventsTestExecutionListener.recordApplicationEvents' -> false]], class annotated with @DirtiesContext [false] with mode [null], method annotated with @DirtiesContext [false] with mode [null].
23:36:56.704 [Test worker] DEBUG org.springframework.test.context.cache.DefaultCacheAwareContextLoaderDelegate - Retrieved ApplicationContext [1988644427] from cache with key [[MergedContextConfiguration@6155d082 testClass = BoardManagerTest, locations = '{}', classes = '{class org.waldreg.board.board.management.DefaultBoardManager, class org.waldreg.util.token.DecryptedTokenContext}', contextInitializerClasses = '[]', activeProfiles = '{}', propertySourceLocations = '{}', propertySourceProperties = '{}', contextCustomizers = set[org.springframework.boot.test.autoconfigure.actuate.metrics.MetricsExportContextCustomizerFactory$DisableMetricExportContextCustomizer@62010f5c, org.springframework.boot.test.autoconfigure.properties.PropertyMappingContextCustomizer@0, org.springframework.boot.test.autoconfigure.web.servlet.WebDriverContextCustomizerFactory$Customizer@73cd37c0, org.springframework.boot.test.context.filter.ExcludeFilterContextCustomizer@5a2d131d, org.springframework.boot.test.json.DuplicateJsonObjectContextCustomizerFactory$DuplicateJsonObjectContextCustomizer@1c93f6e1, org.springframework.boot.test.mock.mockito.MockitoContextCustomizer@f93658d9], contextLoader = 'org.springframework.test.context.support.DelegatingSmartContextLoader', parent = [null]]]
23:36:56.704 [Test worker] DEBUG org.springframework.test.context.cache - Spring test ApplicationContext cache statistics: [DefaultContextCache@4afd21c6 size = 1, maxSize = 32, parentContextCount = 0, hitCount = 195, missCount = 1]
23:36:56.704 [Test worker] DEBUG org.springframework.test.context.cache.DefaultCacheAwareContextLoaderDelegate - Retrieved ApplicationContext [1988644427] from cache with key [[MergedContextConfiguration@6155d082 testClass = BoardManagerTest, locations = '{}', classes = '{class org.waldreg.board.board.management.DefaultBoardManager, class org.waldreg.util.token.DecryptedTokenContext}', contextInitializerClasses = '[]', activeProfiles = '{}', propertySourceLocations = '{}', propertySourceProperties = '{}', contextCustomizers = set[org.springframework.boot.test.autoconfigure.actuate.metrics.MetricsExportContextCustomizerFactory$DisableMetricExportContextCustomizer@62010f5c, org.springframework.boot.test.autoconfigure.properties.PropertyMappingContextCustomizer@0, org.springframework.boot.test.autoconfigure.web.servlet.WebDriverContextCustomizerFactory$Customizer@73cd37c0, org.springframework.boot.test.context.filter.ExcludeFilterContextCustomizer@5a2d131d, org.springframework.boot.test.json.DuplicateJsonObjectContextCustomizerFactory$DuplicateJsonObjectContextCustomizer@1c93f6e1, org.springframework.boot.test.mock.mockito.MockitoContextCustomizer@f93658d9], contextLoader = 'org.springframework.test.context.support.DelegatingSmartContextLoader', parent = [null]]]
23:36:56.704 [Test worker] DEBUG org.springframework.test.context.cache - Spring test ApplicationContext cache statistics: [DefaultContextCache@4afd21c6 size = 1, maxSize = 32, parentContextCount = 0, hitCount = 196, missCount = 1]
23:36:56.704 [Test worker] DEBUG org.springframework.test.context.cache.DefaultCacheAwareContextLoaderDelegate - Retrieved ApplicationContext [1988644427] from cache with key [[MergedContextConfiguration@6155d082 testClass = BoardManagerTest, locations = '{}', classes = '{class org.waldreg.board.board.management.DefaultBoardManager, class org.waldreg.util.token.DecryptedTokenContext}', contextInitializerClasses = '[]', activeProfiles = '{}', propertySourceLocations = '{}', propertySourceProperties = '{}', contextCustomizers = set[org.springframework.boot.test.autoconfigure.actuate.metrics.MetricsExportContextCustomizerFactory$DisableMetricExportContextCustomizer@62010f5c, org.springframework.boot.test.autoconfigure.properties.PropertyMappingContextCustomizer@0, org.springframework.boot.test.autoconfigure.web.servlet.WebDriverContextCustomizerFactory$Customizer@73cd37c0, org.springframework.boot.test.context.filter.ExcludeFilterContextCustomizer@5a2d131d, org.springframework.boot.test.json.DuplicateJsonObjectContextCustomizerFactory$DuplicateJsonObjectContextCustomizer@1c93f6e1, org.springframework.boot.test.mock.mockito.MockitoContextCustomizer@f93658d9], contextLoader = 'org.springframework.test.context.support.DelegatingSmartContextLoader', parent = [null]]]
23:36:56.704 [Test worker] DEBUG org.springframework.test.context.cache - Spring test ApplicationContext cache statistics: [DefaultContextCache@4afd21c6 size = 1, maxSize = 32, parentContextCount = 0, hitCount = 197, missCount = 1]
23:36:56.706 [Test worker] DEBUG org.springframework.test.context.cache.DefaultCacheAwareContextLoaderDelegate - Retrieved ApplicationContext [1988644427] from cache with key [[MergedContextConfiguration@6155d082 testClass = BoardManagerTest, locations = '{}', classes = '{class org.waldreg.board.board.management.DefaultBoardManager, class org.waldreg.util.token.DecryptedTokenContext}', contextInitializerClasses = '[]', activeProfiles = '{}', propertySourceLocations = '{}', propertySourceProperties = '{}', contextCustomizers = set[org.springframework.boot.test.autoconfigure.actuate.metrics.MetricsExportContextCustomizerFactory$DisableMetricExportContextCustomizer@62010f5c, org.springframework.boot.test.autoconfigure.properties.PropertyMappingContextCustomizer@0, org.springframework.boot.test.autoconfigure.web.servlet.WebDriverContextCustomizerFactory$Customizer@73cd37c0, org.springframework.boot.test.context.filter.ExcludeFilterContextCustomizer@5a2d131d, org.springframework.boot.test.json.DuplicateJsonObjectContextCustomizerFactory$DuplicateJsonObjectContextCustomizer@1c93f6e1, org.springframework.boot.test.mock.mockito.MockitoContextCustomizer@f93658d9], contextLoader = 'org.springframework.test.context.support.DelegatingSmartContextLoader', parent = [null]]]
23:36:56.706 [Test worker] DEBUG org.springframework.test.context.cache - Spring test ApplicationContext cache statistics: [DefaultContextCache@4afd21c6 size = 1, maxSize = 32, parentContextCount = 0, hitCount = 198, missCount = 1]
23:36:56.706 [Test worker] DEBUG org.springframework.test.context.cache.DefaultCacheAwareContextLoaderDelegate - Retrieved ApplicationContext [1988644427] from cache with key [[MergedContextConfiguration@6155d082 testClass = BoardManagerTest, locations = '{}', classes = '{class org.waldreg.board.board.management.DefaultBoardManager, class org.waldreg.util.token.DecryptedTokenContext}', contextInitializerClasses = '[]', activeProfiles = '{}', propertySourceLocations = '{}', propertySourceProperties = '{}', contextCustomizers = set[org.springframework.boot.test.autoconfigure.actuate.metrics.MetricsExportContextCustomizerFactory$DisableMetricExportContextCustomizer@62010f5c, org.springframework.boot.test.autoconfigure.properties.PropertyMappingContextCustomizer@0, org.springframework.boot.test.autoconfigure.web.servlet.WebDriverContextCustomizerFactory$Customizer@73cd37c0, org.springframework.boot.test.context.filter.ExcludeFilterContextCustomizer@5a2d131d, org.springframework.boot.test.json.DuplicateJsonObjectContextCustomizerFactory$DuplicateJsonObjectContextCustomizer@1c93f6e1, org.springframework.boot.test.mock.mockito.MockitoContextCustomizer@f93658d9], contextLoader = 'org.springframework.test.context.support.DelegatingSmartContextLoader', parent = [null]]]
23:36:56.706 [Test worker] DEBUG org.springframework.test.context.cache - Spring test ApplicationContext cache statistics: [DefaultContextCache@4afd21c6 size = 1, maxSize = 32, parentContextCount = 0, hitCount = 199, missCount = 1]
23:36:56.707 [Test worker] DEBUG org.springframework.test.context.cache.DefaultCacheAwareContextLoaderDelegate - Retrieved ApplicationContext [1988644427] from cache with key [[MergedContextConfiguration@6155d082 testClass = BoardManagerTest, locations = '{}', classes = '{class org.waldreg.board.board.management.DefaultBoardManager, class org.waldreg.util.token.DecryptedTokenContext}', contextInitializerClasses = '[]', activeProfiles = '{}', propertySourceLocations = '{}', propertySourceProperties = '{}', contextCustomizers = set[org.springframework.boot.test.autoconfigure.actuate.metrics.MetricsExportContextCustomizerFactory$DisableMetricExportContextCustomizer@62010f5c, org.springframework.boot.test.autoconfigure.properties.PropertyMappingContextCustomizer@0, org.springframework.boot.test.autoconfigure.web.servlet.WebDriverContextCustomizerFactory$Customizer@73cd37c0, org.springframework.boot.test.context.filter.ExcludeFilterContextCustomizer@5a2d131d, org.springframework.boot.test.json.DuplicateJsonObjectContextCustomizerFactory$DuplicateJsonObjectContextCustomizer@1c93f6e1, org.springframework.boot.test.mock.mockito.MockitoContextCustomizer@f93658d9], contextLoader = 'org.springframework.test.context.support.DelegatingSmartContextLoader', parent = [null]]]
23:36:56.707 [Test worker] DEBUG org.springframework.test.context.cache - Spring test ApplicationContext cache statistics: [DefaultContextCache@4afd21c6 size = 1, maxSize = 32, parentContextCount = 0, hitCount = 200, missCount = 1]
23:36:56.707 [Test worker] DEBUG org.springframework.test.context.cache.DefaultCacheAwareContextLoaderDelegate - Retrieved ApplicationContext [1988644427] from cache with key [[MergedContextConfiguration@6155d082 testClass = BoardManagerTest, locations = '{}', classes = '{class org.waldreg.board.board.management.DefaultBoardManager, class org.waldreg.util.token.DecryptedTokenContext}', contextInitializerClasses = '[]', activeProfiles = '{}', propertySourceLocations = '{}', propertySourceProperties = '{}', contextCustomizers = set[org.springframework.boot.test.autoconfigure.actuate.metrics.MetricsExportContextCustomizerFactory$DisableMetricExportContextCustomizer@62010f5c, org.springframework.boot.test.autoconfigure.properties.PropertyMappingContextCustomizer@0, org.springframework.boot.test.autoconfigure.web.servlet.WebDriverContextCustomizerFactory$Customizer@73cd37c0, org.springframework.boot.test.context.filter.ExcludeFilterContextCustomizer@5a2d131d, org.springframework.boot.test.json.DuplicateJsonObjectContextCustomizerFactory$DuplicateJsonObjectContextCustomizer@1c93f6e1, org.springframework.boot.test.mock.mockito.MockitoContextCustomizer@f93658d9], contextLoader = 'org.springframework.test.context.support.DelegatingSmartContextLoader', parent = [null]]]
23:36:56.707 [Test worker] DEBUG org.springframework.test.context.cache - Spring test ApplicationContext cache statistics: [DefaultContextCache@4afd21c6 size = 1, maxSize = 32, parentContextCount = 0, hitCount = 201, missCount = 1]
23:36:56.707 [Test worker] DEBUG org.springframework.test.context.cache.DefaultCacheAwareContextLoaderDelegate - Retrieved ApplicationContext [1988644427] from cache with key [[MergedContextConfiguration@6155d082 testClass = BoardManagerTest, locations = '{}', classes = '{class org.waldreg.board.board.management.DefaultBoardManager, class org.waldreg.util.token.DecryptedTokenContext}', contextInitializerClasses = '[]', activeProfiles = '{}', propertySourceLocations = '{}', propertySourceProperties = '{}', contextCustomizers = set[org.springframework.boot.test.autoconfigure.actuate.metrics.MetricsExportContextCustomizerFactory$DisableMetricExportContextCustomizer@62010f5c, org.springframework.boot.test.autoconfigure.properties.PropertyMappingContextCustomizer@0, org.springframework.boot.test.autoconfigure.web.servlet.WebDriverContextCustomizerFactory$Customizer@73cd37c0, org.springframework.boot.test.context.filter.ExcludeFilterContextCustomizer@5a2d131d, org.springframework.boot.test.json.DuplicateJsonObjectContextCustomizerFactory$DuplicateJsonObjectContextCustomizer@1c93f6e1, org.springframework.boot.test.mock.mockito.MockitoContextCustomizer@f93658d9], contextLoader = 'org.springframework.test.context.support.DelegatingSmartContextLoader', parent = [null]]]
23:36:56.707 [Test worker] DEBUG org.springframework.test.context.cache - Spring test ApplicationContext cache statistics: [DefaultContextCache@4afd21c6 size = 1, maxSize = 32, parentContextCount = 0, hitCount = 202, missCount = 1]
23:36:56.707 [Test worker] DEBUG org.springframework.test.context.cache.DefaultCacheAwareContextLoaderDelegate - Retrieved ApplicationContext [1988644427] from cache with key [[MergedContextConfiguration@6155d082 testClass = BoardManagerTest, locations = '{}', classes = '{class org.waldreg.board.board.management.DefaultBoardManager, class org.waldreg.util.token.DecryptedTokenContext}', contextInitializerClasses = '[]', activeProfiles = '{}', propertySourceLocations = '{}', propertySourceProperties = '{}', contextCustomizers = set[org.springframework.boot.test.autoconfigure.actuate.metrics.MetricsExportContextCustomizerFactory$DisableMetricExportContextCustomizer@62010f5c, org.springframework.boot.test.autoconfigure.properties.PropertyMappingContextCustomizer@0, org.springframework.boot.test.autoconfigure.web.servlet.WebDriverContextCustomizerFactory$Customizer@73cd37c0, org.springframework.boot.test.context.filter.ExcludeFilterContextCustomizer@5a2d131d, org.springframework.boot.test.json.DuplicateJsonObjectContextCustomizerFactory$DuplicateJsonObjectContextCustomizer@1c93f6e1, org.springframework.boot.test.mock.mockito.MockitoContextCustomizer@f93658d9], contextLoader = 'org.springframework.test.context.support.DelegatingSmartContextLoader', parent = [null]]]
23:36:56.707 [Test worker] DEBUG org.springframework.test.context.cache - Spring test ApplicationContext cache statistics: [DefaultContextCache@4afd21c6 size = 1, maxSize = 32, parentContextCount = 0, hitCount = 203, missCount = 1]
23:36:56.707 [Test worker] DEBUG org.springframework.test.context.support.AbstractDirtiesContextTestExecutionListener - After test method: context [DefaultTestContext@47f9738 testClass = BoardManagerTest, testInstance = org.waldreg.board.board.BoardManagerTest@7ca8d498, testMethod = SEARCH_BOARD_BY_CONTENT_INVALID_RANGE_TEST@BoardManagerTest, testException = [null], mergedContextConfiguration = [MergedContextConfiguration@6155d082 testClass = BoardManagerTest, locations = '{}', classes = '{class org.waldreg.board.board.management.DefaultBoardManager, class org.waldreg.util.token.DecryptedTokenContext}', contextInitializerClasses = '[]', activeProfiles = '{}', propertySourceLocations = '{}', propertySourceProperties = '{}', contextCustomizers = set[org.springframework.boot.test.autoconfigure.actuate.metrics.MetricsExportContextCustomizerFactory$DisableMetricExportContextCustomizer@62010f5c, org.springframework.boot.test.autoconfigure.properties.PropertyMappingContextCustomizer@0, org.springframework.boot.test.autoconfigure.web.servlet.WebDriverContextCustomizerFactory$Customizer@73cd37c0, org.springframework.boot.test.context.filter.ExcludeFilterContextCustomizer@5a2d131d, org.springframework.boot.test.json.DuplicateJsonObjectContextCustomizerFactory$DuplicateJsonObjectContextCustomizer@1c93f6e1, org.springframework.boot.test.mock.mockito.MockitoContextCustomizer@f93658d9], contextLoader = 'org.springframework.test.context.support.DelegatingSmartContextLoader', parent = [null]], attributes = map['org.springframework.test.context.event.ApplicationEventsTestExecutionListener.recordApplicationEvents' -> false]], class annotated with @DirtiesContext [false] with mode [null], method annotated with @DirtiesContext [false] with mode [null].
23:36:56.708 [Test worker] DEBUG org.springframework.test.context.cache.DefaultCacheAwareContextLoaderDelegate - Retrieved ApplicationContext [1988644427] from cache with key [[MergedContextConfiguration@6155d082 testClass = BoardManagerTest, locations = '{}', classes = '{class org.waldreg.board.board.management.DefaultBoardManager, class org.waldreg.util.token.DecryptedTokenContext}', contextInitializerClasses = '[]', activeProfiles = '{}', propertySourceLocations = '{}', propertySourceProperties = '{}', contextCustomizers = set[org.springframework.boot.test.autoconfigure.actuate.metrics.MetricsExportContextCustomizerFactory$DisableMetricExportContextCustomizer@62010f5c, org.springframework.boot.test.autoconfigure.properties.PropertyMappingContextCustomizer@0, org.springframework.boot.test.autoconfigure.web.servlet.WebDriverContextCustomizerFactory$Customizer@73cd37c0, org.springframework.boot.test.context.filter.ExcludeFilterContextCustomizer@5a2d131d, org.springframework.boot.test.json.DuplicateJsonObjectContextCustomizerFactory$DuplicateJsonObjectContextCustomizer@1c93f6e1, org.springframework.boot.test.mock.mockito.MockitoContextCustomizer@f93658d9], contextLoader = 'org.springframework.test.context.support.DelegatingSmartContextLoader', parent = [null]]]
23:36:56.708 [Test worker] DEBUG org.springframework.test.context.cache - Spring test ApplicationContext cache statistics: [DefaultContextCache@4afd21c6 size = 1, maxSize = 32, parentContextCount = 0, hitCount = 204, missCount = 1]
23:36:56.708 [Test worker] DEBUG org.springframework.test.context.support.DependencyInjectionTestExecutionListener - Performing dependency injection for test context [[DefaultTestContext@47f9738 testClass = BoardManagerTest, testInstance = org.waldreg.board.board.BoardManagerTest@19382338, testMethod = [null], testException = [null], mergedContextConfiguration = [MergedContextConfiguration@6155d082 testClass = BoardManagerTest, locations = '{}', classes = '{class org.waldreg.board.board.management.DefaultBoardManager, class org.waldreg.util.token.DecryptedTokenContext}', contextInitializerClasses = '[]', activeProfiles = '{}', propertySourceLocations = '{}', propertySourceProperties = '{}', contextCustomizers = set[org.springframework.boot.test.autoconfigure.actuate.metrics.MetricsExportContextCustomizerFactory$DisableMetricExportContextCustomizer@62010f5c, org.springframework.boot.test.autoconfigure.properties.PropertyMappingContextCustomizer@0, org.springframework.boot.test.autoconfigure.web.servlet.WebDriverContextCustomizerFactory$Customizer@73cd37c0, org.springframework.boot.test.context.filter.ExcludeFilterContextCustomizer@5a2d131d, org.springframework.boot.test.json.DuplicateJsonObjectContextCustomizerFactory$DuplicateJsonObjectContextCustomizer@1c93f6e1, org.springframework.boot.test.mock.mockito.MockitoContextCustomizer@f93658d9], contextLoader = 'org.springframework.test.context.support.DelegatingSmartContextLoader', parent = [null]], attributes = map['org.springframework.test.context.event.ApplicationEventsTestExecutionListener.recordApplicationEvents' -> false]]].
23:36:56.708 [Test worker] DEBUG org.springframework.test.context.cache.DefaultCacheAwareContextLoaderDelegate - Retrieved ApplicationContext [1988644427] from cache with key [[MergedContextConfiguration@6155d082 testClass = BoardManagerTest, locations = '{}', classes = '{class org.waldreg.board.board.management.DefaultBoardManager, class org.waldreg.util.token.DecryptedTokenContext}', contextInitializerClasses = '[]', activeProfiles = '{}', propertySourceLocations = '{}', propertySourceProperties = '{}', contextCustomizers = set[org.springframework.boot.test.autoconfigure.actuate.metrics.MetricsExportContextCustomizerFactory$DisableMetricExportContextCustomizer@62010f5c, org.springframework.boot.test.autoconfigure.properties.PropertyMappingContextCustomizer@0, org.springframework.boot.test.autoconfigure.web.servlet.WebDriverContextCustomizerFactory$Customizer@73cd37c0, org.springframework.boot.test.context.filter.ExcludeFilterContextCustomizer@5a2d131d, org.springframework.boot.test.json.DuplicateJsonObjectContextCustomizerFactory$DuplicateJsonObjectContextCustomizer@1c93f6e1, org.springframework.boot.test.mock.mockito.MockitoContextCustomizer@f93658d9], contextLoader = 'org.springframework.test.context.support.DelegatingSmartContextLoader', parent = [null]]]
23:36:56.708 [Test worker] DEBUG org.springframework.test.context.cache - Spring test ApplicationContext cache statistics: [DefaultContextCache@4afd21c6 size = 1, maxSize = 32, parentContextCount = 0, hitCount = 205, missCount = 1]
23:36:56.708 [Test worker] DEBUG org.springframework.test.context.cache.DefaultCacheAwareContextLoaderDelegate - Retrieved ApplicationContext [1988644427] from cache with key [[MergedContextConfiguration@6155d082 testClass = BoardManagerTest, locations = '{}', classes = '{class org.waldreg.board.board.management.DefaultBoardManager, class org.waldreg.util.token.DecryptedTokenContext}', contextInitializerClasses = '[]', activeProfiles = '{}', propertySourceLocations = '{}', propertySourceProperties = '{}', contextCustomizers = set[org.springframework.boot.test.autoconfigure.actuate.metrics.MetricsExportContextCustomizerFactory$DisableMetricExportContextCustomizer@62010f5c, org.springframework.boot.test.autoconfigure.properties.PropertyMappingContextCustomizer@0, org.springframework.boot.test.autoconfigure.web.servlet.WebDriverContextCustomizerFactory$Customizer@73cd37c0, org.springframework.boot.test.context.filter.ExcludeFilterContextCustomizer@5a2d131d, org.springframework.boot.test.json.DuplicateJsonObjectContextCustomizerFactory$DuplicateJsonObjectContextCustomizer@1c93f6e1, org.springframework.boot.test.mock.mockito.MockitoContextCustomizer@f93658d9], contextLoader = 'org.springframework.test.context.support.DelegatingSmartContextLoader', parent = [null]]]
23:36:56.708 [Test worker] DEBUG org.springframework.test.context.cache - Spring test ApplicationContext cache statistics: [DefaultContextCache@4afd21c6 size = 1, maxSize = 32, parentContextCount = 0, hitCount = 206, missCount = 1]
23:36:56.709 [Test worker] DEBUG org.springframework.test.context.support.AbstractDirtiesContextTestExecutionListener - Before test method: context [DefaultTestContext@47f9738 testClass = BoardManagerTest, testInstance = org.waldreg.board.board.BoardManagerTest@19382338, testMethod = SEARCH_BOARD_BY_AUTHOR_INVALID_RANGE_TEST@BoardManagerTest, testException = [null], mergedContextConfiguration = [MergedContextConfiguration@6155d082 testClass = BoardManagerTest, locations = '{}', classes = '{class org.waldreg.board.board.management.DefaultBoardManager, class org.waldreg.util.token.DecryptedTokenContext}', contextInitializerClasses = '[]', activeProfiles = '{}', propertySourceLocations = '{}', propertySourceProperties = '{}', contextCustomizers = set[org.springframework.boot.test.autoconfigure.actuate.metrics.MetricsExportContextCustomizerFactory$DisableMetricExportContextCustomizer@62010f5c, org.springframework.boot.test.autoconfigure.properties.PropertyMappingContextCustomizer@0, org.springframework.boot.test.autoconfigure.web.servlet.WebDriverContextCustomizerFactory$Customizer@73cd37c0, org.springframework.boot.test.context.filter.ExcludeFilterContextCustomizer@5a2d131d, org.springframework.boot.test.json.DuplicateJsonObjectContextCustomizerFactory$DuplicateJsonObjectContextCustomizer@1c93f6e1, org.springframework.boot.test.mock.mockito.MockitoContextCustomizer@f93658d9], contextLoader = 'org.springframework.test.context.support.DelegatingSmartContextLoader', parent = [null]], attributes = map['org.springframework.test.context.event.ApplicationEventsTestExecutionListener.recordApplicationEvents' -> false]], class annotated with @DirtiesContext [false] with mode [null], method annotated with @DirtiesContext [false] with mode [null].
23:36:56.709 [Test worker] DEBUG org.springframework.test.context.cache.DefaultCacheAwareContextLoaderDelegate - Retrieved ApplicationContext [1988644427] from cache with key [[MergedContextConfiguration@6155d082 testClass = BoardManagerTest, locations = '{}', classes = '{class org.waldreg.board.board.management.DefaultBoardManager, class org.waldreg.util.token.DecryptedTokenContext}', contextInitializerClasses = '[]', activeProfiles = '{}', propertySourceLocations = '{}', propertySourceProperties = '{}', contextCustomizers = set[org.springframework.boot.test.autoconfigure.actuate.metrics.MetricsExportContextCustomizerFactory$DisableMetricExportContextCustomizer@62010f5c, org.springframework.boot.test.autoconfigure.properties.PropertyMappingContextCustomizer@0, org.springframework.boot.test.autoconfigure.web.servlet.WebDriverContextCustomizerFactory$Customizer@73cd37c0, org.springframework.boot.test.context.filter.ExcludeFilterContextCustomizer@5a2d131d, org.springframework.boot.test.json.DuplicateJsonObjectContextCustomizerFactory$DuplicateJsonObjectContextCustomizer@1c93f6e1, org.springframework.boot.test.mock.mockito.MockitoContextCustomizer@f93658d9], contextLoader = 'org.springframework.test.context.support.DelegatingSmartContextLoader', parent = [null]]]
23:36:56.709 [Test worker] DEBUG org.springframework.test.context.cache - Spring test ApplicationContext cache statistics: [DefaultContextCache@4afd21c6 size = 1, maxSize = 32, parentContextCount = 0, hitCount = 207, missCount = 1]
23:36:56.709 [Test worker] DEBUG org.springframework.test.context.cache.DefaultCacheAwareContextLoaderDelegate - Retrieved ApplicationContext [1988644427] from cache with key [[MergedContextConfiguration@6155d082 testClass = BoardManagerTest, locations = '{}', classes = '{class org.waldreg.board.board.management.DefaultBoardManager, class org.waldreg.util.token.DecryptedTokenContext}', contextInitializerClasses = '[]', activeProfiles = '{}', propertySourceLocations = '{}', propertySourceProperties = '{}', contextCustomizers = set[org.springframework.boot.test.autoconfigure.actuate.metrics.MetricsExportContextCustomizerFactory$DisableMetricExportContextCustomizer@62010f5c, org.springframework.boot.test.autoconfigure.properties.PropertyMappingContextCustomizer@0, org.springframework.boot.test.autoconfigure.web.servlet.WebDriverContextCustomizerFactory$Customizer@73cd37c0, org.springframework.boot.test.context.filter.ExcludeFilterContextCustomizer@5a2d131d, org.springframework.boot.test.json.DuplicateJsonObjectContextCustomizerFactory$DuplicateJsonObjectContextCustomizer@1c93f6e1, org.springframework.boot.test.mock.mockito.MockitoContextCustomizer@f93658d9], contextLoader = 'org.springframework.test.context.support.DelegatingSmartContextLoader', parent = [null]]]
23:36:56.709 [Test worker] DEBUG org.springframework.test.context.cache - Spring test ApplicationContext cache statistics: [DefaultContextCache@4afd21c6 size = 1, maxSize = 32, parentContextCount = 0, hitCount = 208, missCount = 1]
23:36:56.709 [Test worker] DEBUG org.springframework.test.context.cache.DefaultCacheAwareContextLoaderDelegate - Retrieved ApplicationContext [1988644427] from cache with key [[MergedContextConfiguration@6155d082 testClass = BoardManagerTest, locations = '{}', classes = '{class org.waldreg.board.board.management.DefaultBoardManager, class org.waldreg.util.token.DecryptedTokenContext}', contextInitializerClasses = '[]', activeProfiles = '{}', propertySourceLocations = '{}', propertySourceProperties = '{}', contextCustomizers = set[org.springframework.boot.test.autoconfigure.actuate.metrics.MetricsExportContextCustomizerFactory$DisableMetricExportContextCustomizer@62010f5c, org.springframework.boot.test.autoconfigure.properties.PropertyMappingContextCustomizer@0, org.springframework.boot.test.autoconfigure.web.servlet.WebDriverContextCustomizerFactory$Customizer@73cd37c0, org.springframework.boot.test.context.filter.ExcludeFilterContextCustomizer@5a2d131d, org.springframework.boot.test.json.DuplicateJsonObjectContextCustomizerFactory$DuplicateJsonObjectContextCustomizer@1c93f6e1, org.springframework.boot.test.mock.mockito.MockitoContextCustomizer@f93658d9], contextLoader = 'org.springframework.test.context.support.DelegatingSmartContextLoader', parent = [null]]]
23:36:56.709 [Test worker] DEBUG org.springframework.test.context.cache - Spring test ApplicationContext cache statistics: [DefaultContextCache@4afd21c6 size = 1, maxSize = 32, parentContextCount = 0, hitCount = 209, missCount = 1]
23:36:56.710 [Test worker] DEBUG org.springframework.test.context.cache.DefaultCacheAwareContextLoaderDelegate - Retrieved ApplicationContext [1988644427] from cache with key [[MergedContextConfiguration@6155d082 testClass = BoardManagerTest, locations = '{}', classes = '{class org.waldreg.board.board.management.DefaultBoardManager, class org.waldreg.util.token.DecryptedTokenContext}', contextInitializerClasses = '[]', activeProfiles = '{}', propertySourceLocations = '{}', propertySourceProperties = '{}', contextCustomizers = set[org.springframework.boot.test.autoconfigure.actuate.metrics.MetricsExportContextCustomizerFactory$DisableMetricExportContextCustomizer@62010f5c, org.springframework.boot.test.autoconfigure.properties.PropertyMappingContextCustomizer@0, org.springframework.boot.test.autoconfigure.web.servlet.WebDriverContextCustomizerFactory$Customizer@73cd37c0, org.springframework.boot.test.context.filter.ExcludeFilterContextCustomizer@5a2d131d, org.springframework.boot.test.json.DuplicateJsonObjectContextCustomizerFactory$DuplicateJsonObjectContextCustomizer@1c93f6e1, org.springframework.boot.test.mock.mockito.MockitoContextCustomizer@f93658d9], contextLoader = 'org.springframework.test.context.support.DelegatingSmartContextLoader', parent = [null]]]
23:36:56.710 [Test worker] DEBUG org.springframework.test.context.cache - Spring test ApplicationContext cache statistics: [DefaultContextCache@4afd21c6 size = 1, maxSize = 32, parentContextCount = 0, hitCount = 210, missCount = 1]
23:36:56.710 [Test worker] DEBUG org.springframework.test.context.cache.DefaultCacheAwareContextLoaderDelegate - Retrieved ApplicationContext [1988644427] from cache with key [[MergedContextConfiguration@6155d082 testClass = BoardManagerTest, locations = '{}', classes = '{class org.waldreg.board.board.management.DefaultBoardManager, class org.waldreg.util.token.DecryptedTokenContext}', contextInitializerClasses = '[]', activeProfiles = '{}', propertySourceLocations = '{}', propertySourceProperties = '{}', contextCustomizers = set[org.springframework.boot.test.autoconfigure.actuate.metrics.MetricsExportContextCustomizerFactory$DisableMetricExportContextCustomizer@62010f5c, org.springframework.boot.test.autoconfigure.properties.PropertyMappingContextCustomizer@0, org.springframework.boot.test.autoconfigure.web.servlet.WebDriverContextCustomizerFactory$Customizer@73cd37c0, org.springframework.boot.test.context.filter.ExcludeFilterContextCustomizer@5a2d131d, org.springframework.boot.test.json.DuplicateJsonObjectContextCustomizerFactory$DuplicateJsonObjectContextCustomizer@1c93f6e1, org.springframework.boot.test.mock.mockito.MockitoContextCustomizer@f93658d9], contextLoader = 'org.springframework.test.context.support.DelegatingSmartContextLoader', parent = [null]]]
23:36:56.710 [Test worker] DEBUG org.springframework.test.context.cache - Spring test ApplicationContext cache statistics: [DefaultContextCache@4afd21c6 size = 1, maxSize = 32, parentContextCount = 0, hitCount = 211, missCount = 1]
23:36:56.710 [Test worker] DEBUG org.springframework.test.context.cache.DefaultCacheAwareContextLoaderDelegate - Retrieved ApplicationContext [1988644427] from cache with key [[MergedContextConfiguration@6155d082 testClass = BoardManagerTest, locations = '{}', classes = '{class org.waldreg.board.board.management.DefaultBoardManager, class org.waldreg.util.token.DecryptedTokenContext}', contextInitializerClasses = '[]', activeProfiles = '{}', propertySourceLocations = '{}', propertySourceProperties = '{}', contextCustomizers = set[org.springframework.boot.test.autoconfigure.actuate.metrics.MetricsExportContextCustomizerFactory$DisableMetricExportContextCustomizer@62010f5c, org.springframework.boot.test.autoconfigure.properties.PropertyMappingContextCustomizer@0, org.springframework.boot.test.autoconfigure.web.servlet.WebDriverContextCustomizerFactory$Customizer@73cd37c0, org.springframework.boot.test.context.filter.ExcludeFilterContextCustomizer@5a2d131d, org.springframework.boot.test.json.DuplicateJsonObjectContextCustomizerFactory$DuplicateJsonObjectContextCustomizer@1c93f6e1, org.springframework.boot.test.mock.mockito.MockitoContextCustomizer@f93658d9], contextLoader = 'org.springframework.test.context.support.DelegatingSmartContextLoader', parent = [null]]]
23:36:56.710 [Test worker] DEBUG org.springframework.test.context.cache - Spring test ApplicationContext cache statistics: [DefaultContextCache@4afd21c6 size = 1, maxSize = 32, parentContextCount = 0, hitCount = 212, missCount = 1]
23:36:56.710 [Test worker] DEBUG org.springframework.test.context.cache.DefaultCacheAwareContextLoaderDelegate - Retrieved ApplicationContext [1988644427] from cache with key [[MergedContextConfiguration@6155d082 testClass = BoardManagerTest, locations = '{}', classes = '{class org.waldreg.board.board.management.DefaultBoardManager, class org.waldreg.util.token.DecryptedTokenContext}', contextInitializerClasses = '[]', activeProfiles = '{}', propertySourceLocations = '{}', propertySourceProperties = '{}', contextCustomizers = set[org.springframework.boot.test.autoconfigure.actuate.metrics.MetricsExportContextCustomizerFactory$DisableMetricExportContextCustomizer@62010f5c, org.springframework.boot.test.autoconfigure.properties.PropertyMappingContextCustomizer@0, org.springframework.boot.test.autoconfigure.web.servlet.WebDriverContextCustomizerFactory$Customizer@73cd37c0, org.springframework.boot.test.context.filter.ExcludeFilterContextCustomizer@5a2d131d, org.springframework.boot.test.json.DuplicateJsonObjectContextCustomizerFactory$DuplicateJsonObjectContextCustomizer@1c93f6e1, org.springframework.boot.test.mock.mockito.MockitoContextCustomizer@f93658d9], contextLoader = 'org.springframework.test.context.support.DelegatingSmartContextLoader', parent = [null]]]
23:36:56.710 [Test worker] DEBUG org.springframework.test.context.cache - Spring test ApplicationContext cache statistics: [DefaultContextCache@4afd21c6 size = 1, maxSize = 32, parentContextCount = 0, hitCount = 213, missCount = 1]
23:36:56.711 [Test worker] DEBUG org.springframework.test.context.cache.DefaultCacheAwareContextLoaderDelegate - Retrieved ApplicationContext [1988644427] from cache with key [[MergedContextConfiguration@6155d082 testClass = BoardManagerTest, locations = '{}', classes = '{class org.waldreg.board.board.management.DefaultBoardManager, class org.waldreg.util.token.DecryptedTokenContext}', contextInitializerClasses = '[]', activeProfiles = '{}', propertySourceLocations = '{}', propertySourceProperties = '{}', contextCustomizers = set[org.springframework.boot.test.autoconfigure.actuate.metrics.MetricsExportContextCustomizerFactory$DisableMetricExportContextCustomizer@62010f5c, org.springframework.boot.test.autoconfigure.properties.PropertyMappingContextCustomizer@0, org.springframework.boot.test.autoconfigure.web.servlet.WebDriverContextCustomizerFactory$Customizer@73cd37c0, org.springframework.boot.test.context.filter.ExcludeFilterContextCustomizer@5a2d131d, org.springframework.boot.test.json.DuplicateJsonObjectContextCustomizerFactory$DuplicateJsonObjectContextCustomizer@1c93f6e1, org.springframework.boot.test.mock.mockito.MockitoContextCustomizer@f93658d9], contextLoader = 'org.springframework.test.context.support.DelegatingSmartContextLoader', parent = [null]]]
23:36:56.711 [Test worker] DEBUG org.springframework.test.context.cache - Spring test ApplicationContext cache statistics: [DefaultContextCache@4afd21c6 size = 1, maxSize = 32, parentContextCount = 0, hitCount = 214, missCount = 1]
23:36:56.711 [Test worker] DEBUG org.springframework.test.context.cache.DefaultCacheAwareContextLoaderDelegate - Retrieved ApplicationContext [1988644427] from cache with key [[MergedContextConfiguration@6155d082 testClass = BoardManagerTest, locations = '{}', classes = '{class org.waldreg.board.board.management.DefaultBoardManager, class org.waldreg.util.token.DecryptedTokenContext}', contextInitializerClasses = '[]', activeProfiles = '{}', propertySourceLocations = '{}', propertySourceProperties = '{}', contextCustomizers = set[org.springframework.boot.test.autoconfigure.actuate.metrics.MetricsExportContextCustomizerFactory$DisableMetricExportContextCustomizer@62010f5c, org.springframework.boot.test.autoconfigure.properties.PropertyMappingContextCustomizer@0, org.springframework.boot.test.autoconfigure.web.servlet.WebDriverContextCustomizerFactory$Customizer@73cd37c0, org.springframework.boot.test.context.filter.ExcludeFilterContextCustomizer@5a2d131d, org.springframework.boot.test.json.DuplicateJsonObjectContextCustomizerFactory$DuplicateJsonObjectContextCustomizer@1c93f6e1, org.springframework.boot.test.mock.mockito.MockitoContextCustomizer@f93658d9], contextLoader = 'org.springframework.test.context.support.DelegatingSmartContextLoader', parent = [null]]]
23:36:56.711 [Test worker] DEBUG org.springframework.test.context.cache - Spring test ApplicationContext cache statistics: [DefaultContextCache@4afd21c6 size = 1, maxSize = 32, parentContextCount = 0, hitCount = 215, missCount = 1]
23:36:56.711 [Test worker] DEBUG org.springframework.test.context.support.AbstractDirtiesContextTestExecutionListener - After test method: context [DefaultTestContext@47f9738 testClass = BoardManagerTest, testInstance = org.waldreg.board.board.BoardManagerTest@19382338, testMethod = SEARCH_BOARD_BY_AUTHOR_INVALID_RANGE_TEST@BoardManagerTest, testException = [null], mergedContextConfiguration = [MergedContextConfiguration@6155d082 testClass = BoardManagerTest, locations = '{}', classes = '{class org.waldreg.board.board.management.DefaultBoardManager, class org.waldreg.util.token.DecryptedTokenContext}', contextInitializerClasses = '[]', activeProfiles = '{}', propertySourceLocations = '{}', propertySourceProperties = '{}', contextCustomizers = set[org.springframework.boot.test.autoconfigure.actuate.metrics.MetricsExportContextCustomizerFactory$DisableMetricExportContextCustomizer@62010f5c, org.springframework.boot.test.autoconfigure.properties.PropertyMappingContextCustomizer@0, org.springframework.boot.test.autoconfigure.web.servlet.WebDriverContextCustomizerFactory$Customizer@73cd37c0, org.springframework.boot.test.context.filter.ExcludeFilterContextCustomizer@5a2d131d, org.springframework.boot.test.json.DuplicateJsonObjectContextCustomizerFactory$DuplicateJsonObjectContextCustomizer@1c93f6e1, org.springframework.boot.test.mock.mockito.MockitoContextCustomizer@f93658d9], contextLoader = 'org.springframework.test.context.support.DelegatingSmartContextLoader', parent = [null]], attributes = map['org.springframework.test.context.event.ApplicationEventsTestExecutionListener.recordApplicationEvents' -> false]], class annotated with @DirtiesContext [false] with mode [null], method annotated with @DirtiesContext [false] with mode [null].
23:36:56.712 [Test worker] DEBUG org.springframework.test.context.cache.DefaultCacheAwareContextLoaderDelegate - Retrieved ApplicationContext [1988644427] from cache with key [[MergedContextConfiguration@6155d082 testClass = BoardManagerTest, locations = '{}', classes = '{class org.waldreg.board.board.management.DefaultBoardManager, class org.waldreg.util.token.DecryptedTokenContext}', contextInitializerClasses = '[]', activeProfiles = '{}', propertySourceLocations = '{}', propertySourceProperties = '{}', contextCustomizers = set[org.springframework.boot.test.autoconfigure.actuate.metrics.MetricsExportContextCustomizerFactory$DisableMetricExportContextCustomizer@62010f5c, org.springframework.boot.test.autoconfigure.properties.PropertyMappingContextCustomizer@0, org.springframework.boot.test.autoconfigure.web.servlet.WebDriverContextCustomizerFactory$Customizer@73cd37c0, org.springframework.boot.test.context.filter.ExcludeFilterContextCustomizer@5a2d131d, org.springframework.boot.test.json.DuplicateJsonObjectContextCustomizerFactory$DuplicateJsonObjectContextCustomizer@1c93f6e1, org.springframework.boot.test.mock.mockito.MockitoContextCustomizer@f93658d9], contextLoader = 'org.springframework.test.context.support.DelegatingSmartContextLoader', parent = [null]]]
23:36:56.712 [Test worker] DEBUG org.springframework.test.context.cache - Spring test ApplicationContext cache statistics: [DefaultContextCache@4afd21c6 size = 1, maxSize = 32, parentContextCount = 0, hitCount = 216, missCount = 1]
23:36:56.712 [Test worker] DEBUG org.springframework.test.context.support.AbstractDirtiesContextTestExecutionListener - After test class: context [DefaultTestContext@47f9738 testClass = BoardManagerTest, testInstance = [null], testMethod = [null], testException = [null], mergedContextConfiguration = [MergedContextConfiguration@6155d082 testClass = BoardManagerTest, locations = '{}', classes = '{class org.waldreg.board.board.management.DefaultBoardManager, class org.waldreg.util.token.DecryptedTokenContext}', contextInitializerClasses = '[]', activeProfiles = '{}', propertySourceLocations = '{}', propertySourceProperties = '{}', contextCustomizers = set[org.springframework.boot.test.autoconfigure.actuate.metrics.MetricsExportContextCustomizerFactory$DisableMetricExportContextCustomizer@62010f5c, org.springframework.boot.test.autoconfigure.properties.PropertyMappingContextCustomizer@0, org.springframework.boot.test.autoconfigure.web.servlet.WebDriverContextCustomizerFactory$Customizer@73cd37c0, org.springframework.boot.test.context.filter.ExcludeFilterContextCustomizer@5a2d131d, org.springframework.boot.test.json.DuplicateJsonObjectContextCustomizerFactory$DuplicateJsonObjectContextCustomizer@1c93f6e1, org.springframework.boot.test.mock.mockito.MockitoContextCustomizer@f93658d9], contextLoader = 'org.springframework.test.context.support.DelegatingSmartContextLoader', parent = [null]], attributes = map['org.springframework.test.context.event.ApplicationEventsTestExecutionListener.recordApplicationEvents' -> false]], class annotated with @DirtiesContext [false] with mode [null].
]]></system-out>
  <system-err><![CDATA[]]></system-err>
</testsuite>
