<?xml version="1.0" encoding="UTF-8"?>
<testsuite name="org.waldreg.repository.attendance.waiver.repository.JpaWaiverRepositoryTest" tests="3" skipped="0" failures="0" errors="0" timestamp="2023-06-27T14:51:19" hostname="xb-apple.local" time="0.013">
  <properties/>
  <testcase name="출석 면제 신청 및 조회 테스트" classname="org.waldreg.repository.attendance.waiver.repository.JpaWaiverRepositoryTest" time="0.004"/>
  <testcase name="모든 출석 면제 신청 조회 테스트" classname="org.waldreg.repository.attendance.waiver.repository.JpaWaiverRepositoryTest" time="0.004"/>
  <testcase name="출석 면제 요청 삭제 테스트" classname="org.waldreg.repository.attendance.waiver.repository.JpaWaiverRepositoryTest" time="0.005"/>
  <system-out><![CDATA[2023-06-27 23:51:19.472  INFO 92749 --- [    Test worker] b.t.a.o.j.DataJpaTestContextBootstrapper : Neither @ContextConfiguration nor @ContextHierarchy found for test class [org.waldreg.repository.attendance.waiver.repository.JpaWaiverRepositoryTest], using SpringBootContextLoader
2023-06-27 23:51:19.472  INFO 92749 --- [    Test worker] o.s.t.c.support.AbstractContextLoader    : Could not detect default resource locations for test class [org.waldreg.repository.attendance.waiver.repository.JpaWaiverRepositoryTest]: no resource found for suffixes {-context.xml, Context.groovy}.
2023-06-27 23:51:19.472  INFO 92749 --- [    Test worker] t.c.s.AnnotationConfigContextLoaderUtils : Could not detect default configuration classes for test class [org.waldreg.repository.attendance.waiver.repository.JpaWaiverRepositoryTest]: JpaWaiverRepositoryTest does not declare any static, non-private, non-final, nested classes annotated with @Configuration.
2023-06-27 23:51:19.475  INFO 92749 --- [    Test worker] .b.t.c.SpringBootTestContextBootstrapper : Found @SpringBootConfiguration org.waldreg.repository.attendance.JpaAttendanceTestInitializer for test class org.waldreg.repository.attendance.waiver.repository.JpaWaiverRepositoryTest
2023-06-27 23:51:19.475  INFO 92749 --- [    Test worker] b.t.a.o.j.DataJpaTestContextBootstrapper : Loaded default TestExecutionListener class names from location [META-INF/spring.factories]: [org.springframework.boot.test.autoconfigure.restdocs.RestDocsTestExecutionListener, org.springframework.boot.test.autoconfigure.web.client.MockRestServiceServerResetTestExecutionListener, org.springframework.boot.test.autoconfigure.web.servlet.MockMvcPrintOnlyOnFailureTestExecutionListener, org.springframework.boot.test.autoconfigure.web.servlet.WebDriverTestExecutionListener, org.springframework.boot.test.autoconfigure.webservices.client.MockWebServiceServerTestExecutionListener, org.springframework.boot.test.mock.mockito.MockitoTestExecutionListener, org.springframework.boot.test.mock.mockito.ResetMocksTestExecutionListener, org.springframework.test.context.web.ServletTestExecutionListener, org.springframework.test.context.support.DirtiesContextBeforeModesTestExecutionListener, org.springframework.test.context.event.ApplicationEventsTestExecutionListener, org.springframework.test.context.support.DependencyInjectionTestExecutionListener, org.springframework.test.context.support.DirtiesContextTestExecutionListener, org.springframework.test.context.transaction.TransactionalTestExecutionListener, org.springframework.test.context.jdbc.SqlScriptsTestExecutionListener, org.springframework.test.context.event.EventPublishingTestExecutionListener]
2023-06-27 23:51:19.475  INFO 92749 --- [    Test worker] b.t.a.o.j.DataJpaTestContextBootstrapper : Using TestExecutionListeners: [org.springframework.test.context.web.ServletTestExecutionListener@57d6f569, org.springframework.test.context.support.DirtiesContextBeforeModesTestExecutionListener@5854e526, org.springframework.test.context.event.ApplicationEventsTestExecutionListener@289fff3c, org.springframework.boot.test.mock.mockito.MockitoTestExecutionListener@6872201, org.springframework.boot.test.autoconfigure.SpringBootDependencyInjectionTestExecutionListener@669ae205, org.springframework.test.context.support.DirtiesContextTestExecutionListener@19984625, org.springframework.test.context.transaction.TransactionalTestExecutionListener@4e293c35, org.springframework.test.context.jdbc.SqlScriptsTestExecutionListener@718198db, org.springframework.test.context.event.EventPublishingTestExecutionListener@40bac624, org.springframework.boot.test.autoconfigure.restdocs.RestDocsTestExecutionListener@1bc80978, org.springframework.boot.test.autoconfigure.web.client.MockRestServiceServerResetTestExecutionListener@1c8746a0, org.springframework.boot.test.autoconfigure.web.servlet.MockMvcPrintOnlyOnFailureTestExecutionListener@613d42ab, org.springframework.boot.test.autoconfigure.web.servlet.WebDriverTestExecutionListener@7720334e, org.springframework.boot.test.autoconfigure.webservices.client.MockWebServiceServerTestExecutionListener@2c78771b, org.springframework.boot.test.mock.mockito.ResetMocksTestExecutionListener@aec9672]
2023-06-27 23:51:19.477  INFO 92749 --- [    Test worker] o.s.t.c.transaction.TransactionContext   : Began transaction (1) for test context [DefaultTestContext@6789b471 testClass = JpaWaiverRepositoryTest, testInstance = org.waldreg.repository.attendance.waiver.repository.JpaWaiverRepositoryTest@1eb3a6a3, testMethod = WAIVE_TEST@JpaWaiverRepositoryTest, testException = [null], mergedContextConfiguration = [MergedContextConfiguration@30f0b75 testClass = JpaWaiverRepositoryTest, locations = '{}', classes = '{class org.waldreg.repository.attendance.JpaAttendanceTestInitializer}', contextInitializerClasses = '[]', activeProfiles = '{}', propertySourceLocations = '{classpath:h2-application.properties}', propertySourceProperties = '{org.springframework.boot.test.autoconfigure.orm.jpa.DataJpaTestContextBootstrapper=true}', contextCustomizers = set[org.springframework.boot.test.autoconfigure.OverrideAutoConfigurationContextCustomizerFactory$DisableAutoConfigurationContextCustomizer@32a68f4f, org.springframework.boot.test.autoconfigure.actuate.metrics.MetricsExportContextCustomizerFactory$DisableMetricExportContextCustomizer@31dadd46, org.springframework.boot.test.autoconfigure.filter.TypeExcludeFiltersContextCustomizer@351584c0, org.springframework.boot.test.autoconfigure.properties.PropertyMappingContextCustomizer@6f92091e, org.springframework.boot.test.autoconfigure.web.servlet.WebDriverContextCustomizerFactory$Customizer@2dcd168a, [ImportsContextCustomizer@1b6982e4 key = [org.springframework.boot.autoconfigure.cache.CacheAutoConfiguration, org.springframework.boot.autoconfigure.data.jpa.JpaRepositoriesAutoConfiguration, org.springframework.boot.autoconfigure.flyway.FlywayAutoConfiguration, org.springframework.boot.autoconfigure.jdbc.DataSourceAutoConfiguration, org.springframework.boot.autoconfigure.jdbc.DataSourceTransactionManagerAutoConfiguration, org.springframework.boot.autoconfigure.jdbc.JdbcTemplateAutoConfiguration, org.springframework.boot.autoconfigure.liquibase.LiquibaseAutoConfiguration, org.springframework.boot.autoconfigure.orm.jpa.HibernateJpaAutoConfiguration, org.springframework.boot.autoconfigure.sql.init.SqlInitializationAutoConfiguration, org.springframework.boot.autoconfigure.transaction.TransactionAutoConfiguration, org.springframework.boot.test.autoconfigure.jdbc.TestDatabaseAutoConfiguration, org.springframework.boot.test.autoconfigure.orm.jpa.TestEntityManagerAutoConfiguration]], org.springframework.boot.test.context.filter.ExcludeFilterContextCustomizer@5674e1f2, org.springframework.boot.test.json.DuplicateJsonObjectContextCustomizerFactory$DuplicateJsonObjectContextCustomizer@32f232a5, org.springframework.boot.test.mock.mockito.MockitoContextCustomizer@0, org.springframework.boot.test.context.SpringBootTestArgs@1, org.springframework.boot.test.context.SpringBootTestWebEnvironment@0], contextLoader = 'org.springframework.boot.test.context.SpringBootContextLoader', parent = [null]], attributes = map['org.springframework.test.context.event.ApplicationEventsTestExecutionListener.recordApplicationEvents' -> false]]; transaction manager [org.springframework.orm.jpa.JpaTransactionManager@28b7646]; rollback [true]
Hibernate: insert into characters (character_id, character_character_name) values (default, ?)
Hibernate: insert into user (user_id, character_id, user_created_at, user_name, user_phone_number, user_user_id, user_user_password) values (default, ?, ?, ?, ?, ?, ?)
Hibernate: insert into waiver (waiver_waiver_id, waiver_waiver_date, waiver_waiver_reason, user_id) values (default, ?, ?, ?)
Hibernate: select waiver0_.waiver_waiver_id as waiver_w1_23_0_, waiver0_.waiver_waiver_date as waiver_w2_23_0_, waiver0_.waiver_waiver_reason as waiver_w3_23_0_, waiver0_.user_id as user_id4_23_0_ from waiver waiver0_ where waiver0_.waiver_waiver_id=?
Hibernate: select user0_.user_id as user_id1_21_0_, user0_.character_id as characte7_21_0_, user0_.user_created_at as user_cre2_21_0_, user0_.user_name as user_nam3_21_0_, user0_.user_phone_number as user_pho4_21_0_, user0_.user_user_id as user_use5_21_0_, user0_.user_user_password as user_use6_21_0_ from user user0_ where user0_.user_id=?
Hibernate: select character0_.character_id as characte1_6_0_, character0_.character_character_name as characte2_6_0_ from characters character0_ where character0_.character_id=?
2023-06-27 23:51:19.480  INFO 92749 --- [    Test worker] o.s.t.c.transaction.TransactionContext   : Rolled back transaction for test: [DefaultTestContext@6789b471 testClass = JpaWaiverRepositoryTest, testInstance = org.waldreg.repository.attendance.waiver.repository.JpaWaiverRepositoryTest@1eb3a6a3, testMethod = WAIVE_TEST@JpaWaiverRepositoryTest, testException = [null], mergedContextConfiguration = [MergedContextConfiguration@30f0b75 testClass = JpaWaiverRepositoryTest, locations = '{}', classes = '{class org.waldreg.repository.attendance.JpaAttendanceTestInitializer}', contextInitializerClasses = '[]', activeProfiles = '{}', propertySourceLocations = '{classpath:h2-application.properties}', propertySourceProperties = '{org.springframework.boot.test.autoconfigure.orm.jpa.DataJpaTestContextBootstrapper=true}', contextCustomizers = set[org.springframework.boot.test.autoconfigure.OverrideAutoConfigurationContextCustomizerFactory$DisableAutoConfigurationContextCustomizer@32a68f4f, org.springframework.boot.test.autoconfigure.actuate.metrics.MetricsExportContextCustomizerFactory$DisableMetricExportContextCustomizer@31dadd46, org.springframework.boot.test.autoconfigure.filter.TypeExcludeFiltersContextCustomizer@351584c0, org.springframework.boot.test.autoconfigure.properties.PropertyMappingContextCustomizer@6f92091e, org.springframework.boot.test.autoconfigure.web.servlet.WebDriverContextCustomizerFactory$Customizer@2dcd168a, [ImportsContextCustomizer@1b6982e4 key = [org.springframework.boot.autoconfigure.cache.CacheAutoConfiguration, org.springframework.boot.autoconfigure.data.jpa.JpaRepositoriesAutoConfiguration, org.springframework.boot.autoconfigure.flyway.FlywayAutoConfiguration, org.springframework.boot.autoconfigure.jdbc.DataSourceAutoConfiguration, org.springframework.boot.autoconfigure.jdbc.DataSourceTransactionManagerAutoConfiguration, org.springframework.boot.autoconfigure.jdbc.JdbcTemplateAutoConfiguration, org.springframework.boot.autoconfigure.liquibase.LiquibaseAutoConfiguration, org.springframework.boot.autoconfigure.orm.jpa.HibernateJpaAutoConfiguration, org.springframework.boot.autoconfigure.sql.init.SqlInitializationAutoConfiguration, org.springframework.boot.autoconfigure.transaction.TransactionAutoConfiguration, org.springframework.boot.test.autoconfigure.jdbc.TestDatabaseAutoConfiguration, org.springframework.boot.test.autoconfigure.orm.jpa.TestEntityManagerAutoConfiguration]], org.springframework.boot.test.context.filter.ExcludeFilterContextCustomizer@5674e1f2, org.springframework.boot.test.json.DuplicateJsonObjectContextCustomizerFactory$DuplicateJsonObjectContextCustomizer@32f232a5, org.springframework.boot.test.mock.mockito.MockitoContextCustomizer@0, org.springframework.boot.test.context.SpringBootTestArgs@1, org.springframework.boot.test.context.SpringBootTestWebEnvironment@0], contextLoader = 'org.springframework.boot.test.context.SpringBootContextLoader', parent = [null]], attributes = map['org.springframework.test.context.event.ApplicationEventsTestExecutionListener.recordApplicationEvents' -> false]]
2023-06-27 23:51:19.480  INFO 92749 --- [    Test worker] o.s.t.c.transaction.TransactionContext   : Began transaction (1) for test context [DefaultTestContext@6789b471 testClass = JpaWaiverRepositoryTest, testInstance = org.waldreg.repository.attendance.waiver.repository.JpaWaiverRepositoryTest@56a34c0e, testMethod = READ_ALL_WAIVER_TEST@JpaWaiverRepositoryTest, testException = [null], mergedContextConfiguration = [MergedContextConfiguration@30f0b75 testClass = JpaWaiverRepositoryTest, locations = '{}', classes = '{class org.waldreg.repository.attendance.JpaAttendanceTestInitializer}', contextInitializerClasses = '[]', activeProfiles = '{}', propertySourceLocations = '{classpath:h2-application.properties}', propertySourceProperties = '{org.springframework.boot.test.autoconfigure.orm.jpa.DataJpaTestContextBootstrapper=true}', contextCustomizers = set[org.springframework.boot.test.autoconfigure.OverrideAutoConfigurationContextCustomizerFactory$DisableAutoConfigurationContextCustomizer@32a68f4f, org.springframework.boot.test.autoconfigure.actuate.metrics.MetricsExportContextCustomizerFactory$DisableMetricExportContextCustomizer@31dadd46, org.springframework.boot.test.autoconfigure.filter.TypeExcludeFiltersContextCustomizer@351584c0, org.springframework.boot.test.autoconfigure.properties.PropertyMappingContextCustomizer@6f92091e, org.springframework.boot.test.autoconfigure.web.servlet.WebDriverContextCustomizerFactory$Customizer@2dcd168a, [ImportsContextCustomizer@1b6982e4 key = [org.springframework.boot.autoconfigure.cache.CacheAutoConfiguration, org.springframework.boot.autoconfigure.data.jpa.JpaRepositoriesAutoConfiguration, org.springframework.boot.autoconfigure.flyway.FlywayAutoConfiguration, org.springframework.boot.autoconfigure.jdbc.DataSourceAutoConfiguration, org.springframework.boot.autoconfigure.jdbc.DataSourceTransactionManagerAutoConfiguration, org.springframework.boot.autoconfigure.jdbc.JdbcTemplateAutoConfiguration, org.springframework.boot.autoconfigure.liquibase.LiquibaseAutoConfiguration, org.springframework.boot.autoconfigure.orm.jpa.HibernateJpaAutoConfiguration, org.springframework.boot.autoconfigure.sql.init.SqlInitializationAutoConfiguration, org.springframework.boot.autoconfigure.transaction.TransactionAutoConfiguration, org.springframework.boot.test.autoconfigure.jdbc.TestDatabaseAutoConfiguration, org.springframework.boot.test.autoconfigure.orm.jpa.TestEntityManagerAutoConfiguration]], org.springframework.boot.test.context.filter.ExcludeFilterContextCustomizer@5674e1f2, org.springframework.boot.test.json.DuplicateJsonObjectContextCustomizerFactory$DuplicateJsonObjectContextCustomizer@32f232a5, org.springframework.boot.test.mock.mockito.MockitoContextCustomizer@0, org.springframework.boot.test.context.SpringBootTestArgs@1, org.springframework.boot.test.context.SpringBootTestWebEnvironment@0], contextLoader = 'org.springframework.boot.test.context.SpringBootContextLoader', parent = [null]], attributes = map['org.springframework.test.context.event.ApplicationEventsTestExecutionListener.recordApplicationEvents' -> false]]; transaction manager [org.springframework.orm.jpa.JpaTransactionManager@28b7646]; rollback [true]
Hibernate: insert into characters (character_id, character_character_name) values (default, ?)
Hibernate: insert into user (user_id, character_id, user_created_at, user_name, user_phone_number, user_user_id, user_user_password) values (default, ?, ?, ?, ?, ?, ?)
Hibernate: insert into waiver (waiver_waiver_id, waiver_waiver_date, waiver_waiver_reason, user_id) values (default, ?, ?, ?)
Hibernate: insert into waiver (waiver_waiver_id, waiver_waiver_date, waiver_waiver_reason, user_id) values (default, ?, ?, ?)
Hibernate: insert into waiver (waiver_waiver_id, waiver_waiver_date, waiver_waiver_reason, user_id) values (default, ?, ?, ?)
Hibernate: select waiver0_.waiver_waiver_id as waiver_w1_23_, waiver0_.waiver_waiver_date as waiver_w2_23_, waiver0_.waiver_waiver_reason as waiver_w3_23_, waiver0_.user_id as user_id4_23_ from waiver waiver0_
Hibernate: select user0_.user_id as user_id1_21_0_, user0_.character_id as characte7_21_0_, user0_.user_created_at as user_cre2_21_0_, user0_.user_name as user_nam3_21_0_, user0_.user_phone_number as user_pho4_21_0_, user0_.user_user_id as user_use5_21_0_, user0_.user_user_password as user_use6_21_0_ from user user0_ where user0_.user_id=?
Hibernate: select character0_.character_id as characte1_6_0_, character0_.character_character_name as characte2_6_0_ from characters character0_ where character0_.character_id=?
2023-06-27 23:51:19.484  INFO 92749 --- [    Test worker] o.s.t.c.transaction.TransactionContext   : Rolled back transaction for test: [DefaultTestContext@6789b471 testClass = JpaWaiverRepositoryTest, testInstance = org.waldreg.repository.attendance.waiver.repository.JpaWaiverRepositoryTest@56a34c0e, testMethod = READ_ALL_WAIVER_TEST@JpaWaiverRepositoryTest, testException = [null], mergedContextConfiguration = [MergedContextConfiguration@30f0b75 testClass = JpaWaiverRepositoryTest, locations = '{}', classes = '{class org.waldreg.repository.attendance.JpaAttendanceTestInitializer}', contextInitializerClasses = '[]', activeProfiles = '{}', propertySourceLocations = '{classpath:h2-application.properties}', propertySourceProperties = '{org.springframework.boot.test.autoconfigure.orm.jpa.DataJpaTestContextBootstrapper=true}', contextCustomizers = set[org.springframework.boot.test.autoconfigure.OverrideAutoConfigurationContextCustomizerFactory$DisableAutoConfigurationContextCustomizer@32a68f4f, org.springframework.boot.test.autoconfigure.actuate.metrics.MetricsExportContextCustomizerFactory$DisableMetricExportContextCustomizer@31dadd46, org.springframework.boot.test.autoconfigure.filter.TypeExcludeFiltersContextCustomizer@351584c0, org.springframework.boot.test.autoconfigure.properties.PropertyMappingContextCustomizer@6f92091e, org.springframework.boot.test.autoconfigure.web.servlet.WebDriverContextCustomizerFactory$Customizer@2dcd168a, [ImportsContextCustomizer@1b6982e4 key = [org.springframework.boot.autoconfigure.cache.CacheAutoConfiguration, org.springframework.boot.autoconfigure.data.jpa.JpaRepositoriesAutoConfiguration, org.springframework.boot.autoconfigure.flyway.FlywayAutoConfiguration, org.springframework.boot.autoconfigure.jdbc.DataSourceAutoConfiguration, org.springframework.boot.autoconfigure.jdbc.DataSourceTransactionManagerAutoConfiguration, org.springframework.boot.autoconfigure.jdbc.JdbcTemplateAutoConfiguration, org.springframework.boot.autoconfigure.liquibase.LiquibaseAutoConfiguration, org.springframework.boot.autoconfigure.orm.jpa.HibernateJpaAutoConfiguration, org.springframework.boot.autoconfigure.sql.init.SqlInitializationAutoConfiguration, org.springframework.boot.autoconfigure.transaction.TransactionAutoConfiguration, org.springframework.boot.test.autoconfigure.jdbc.TestDatabaseAutoConfiguration, org.springframework.boot.test.autoconfigure.orm.jpa.TestEntityManagerAutoConfiguration]], org.springframework.boot.test.context.filter.ExcludeFilterContextCustomizer@5674e1f2, org.springframework.boot.test.json.DuplicateJsonObjectContextCustomizerFactory$DuplicateJsonObjectContextCustomizer@32f232a5, org.springframework.boot.test.mock.mockito.MockitoContextCustomizer@0, org.springframework.boot.test.context.SpringBootTestArgs@1, org.springframework.boot.test.context.SpringBootTestWebEnvironment@0], contextLoader = 'org.springframework.boot.test.context.SpringBootContextLoader', parent = [null]], attributes = map['org.springframework.test.context.event.ApplicationEventsTestExecutionListener.recordApplicationEvents' -> false]]
2023-06-27 23:51:19.484  INFO 92749 --- [    Test worker] o.s.t.c.transaction.TransactionContext   : Began transaction (1) for test context [DefaultTestContext@6789b471 testClass = JpaWaiverRepositoryTest, testInstance = org.waldreg.repository.attendance.waiver.repository.JpaWaiverRepositoryTest@7011eee0, testMethod = DELETE_WAIVER_TEST@JpaWaiverRepositoryTest, testException = [null], mergedContextConfiguration = [MergedContextConfiguration@30f0b75 testClass = JpaWaiverRepositoryTest, locations = '{}', classes = '{class org.waldreg.repository.attendance.JpaAttendanceTestInitializer}', contextInitializerClasses = '[]', activeProfiles = '{}', propertySourceLocations = '{classpath:h2-application.properties}', propertySourceProperties = '{org.springframework.boot.test.autoconfigure.orm.jpa.DataJpaTestContextBootstrapper=true}', contextCustomizers = set[org.springframework.boot.test.autoconfigure.OverrideAutoConfigurationContextCustomizerFactory$DisableAutoConfigurationContextCustomizer@32a68f4f, org.springframework.boot.test.autoconfigure.actuate.metrics.MetricsExportContextCustomizerFactory$DisableMetricExportContextCustomizer@31dadd46, org.springframework.boot.test.autoconfigure.filter.TypeExcludeFiltersContextCustomizer@351584c0, org.springframework.boot.test.autoconfigure.properties.PropertyMappingContextCustomizer@6f92091e, org.springframework.boot.test.autoconfigure.web.servlet.WebDriverContextCustomizerFactory$Customizer@2dcd168a, [ImportsContextCustomizer@1b6982e4 key = [org.springframework.boot.autoconfigure.cache.CacheAutoConfiguration, org.springframework.boot.autoconfigure.data.jpa.JpaRepositoriesAutoConfiguration, org.springframework.boot.autoconfigure.flyway.FlywayAutoConfiguration, org.springframework.boot.autoconfigure.jdbc.DataSourceAutoConfiguration, org.springframework.boot.autoconfigure.jdbc.DataSourceTransactionManagerAutoConfiguration, org.springframework.boot.autoconfigure.jdbc.JdbcTemplateAutoConfiguration, org.springframework.boot.autoconfigure.liquibase.LiquibaseAutoConfiguration, org.springframework.boot.autoconfigure.orm.jpa.HibernateJpaAutoConfiguration, org.springframework.boot.autoconfigure.sql.init.SqlInitializationAutoConfiguration, org.springframework.boot.autoconfigure.transaction.TransactionAutoConfiguration, org.springframework.boot.test.autoconfigure.jdbc.TestDatabaseAutoConfiguration, org.springframework.boot.test.autoconfigure.orm.jpa.TestEntityManagerAutoConfiguration]], org.springframework.boot.test.context.filter.ExcludeFilterContextCustomizer@5674e1f2, org.springframework.boot.test.json.DuplicateJsonObjectContextCustomizerFactory$DuplicateJsonObjectContextCustomizer@32f232a5, org.springframework.boot.test.mock.mockito.MockitoContextCustomizer@0, org.springframework.boot.test.context.SpringBootTestArgs@1, org.springframework.boot.test.context.SpringBootTestWebEnvironment@0], contextLoader = 'org.springframework.boot.test.context.SpringBootContextLoader', parent = [null]], attributes = map['org.springframework.test.context.event.ApplicationEventsTestExecutionListener.recordApplicationEvents' -> false]]; transaction manager [org.springframework.orm.jpa.JpaTransactionManager@28b7646]; rollback [true]
Hibernate: insert into characters (character_id, character_character_name) values (default, ?)
Hibernate: insert into user (user_id, character_id, user_created_at, user_name, user_phone_number, user_user_id, user_user_password) values (default, ?, ?, ?, ?, ?, ?)
Hibernate: insert into waiver (waiver_waiver_id, waiver_waiver_date, waiver_waiver_reason, user_id) values (default, ?, ?, ?)
Hibernate: select waiver0_.waiver_waiver_id as waiver_w1_23_0_, waiver0_.waiver_waiver_date as waiver_w2_23_0_, waiver0_.waiver_waiver_reason as waiver_w3_23_0_, waiver0_.user_id as user_id4_23_0_ from waiver waiver0_ where waiver0_.waiver_waiver_id=?
Hibernate: select user0_.user_id as user_id1_21_0_, user0_.character_id as characte7_21_0_, user0_.user_created_at as user_cre2_21_0_, user0_.user_name as user_nam3_21_0_, user0_.user_phone_number as user_pho4_21_0_, user0_.user_user_id as user_use5_21_0_, user0_.user_user_password as user_use6_21_0_ from user user0_ where user0_.user_id=?
Hibernate: select character0_.character_id as characte1_6_0_, character0_.character_character_name as characte2_6_0_ from characters character0_ where character0_.character_id=?
Hibernate: delete from waiver where waiver_waiver_id=?
Hibernate: select waiver0_.waiver_waiver_id as waiver_w1_23_0_, waiver0_.waiver_waiver_date as waiver_w2_23_0_, waiver0_.waiver_waiver_reason as waiver_w3_23_0_, waiver0_.user_id as user_id4_23_0_ from waiver waiver0_ where waiver0_.waiver_waiver_id=?
2023-06-27 23:51:19.488  INFO 92749 --- [    Test worker] o.s.t.c.transaction.TransactionContext   : Rolled back transaction for test: [DefaultTestContext@6789b471 testClass = JpaWaiverRepositoryTest, testInstance = org.waldreg.repository.attendance.waiver.repository.JpaWaiverRepositoryTest@7011eee0, testMethod = DELETE_WAIVER_TEST@JpaWaiverRepositoryTest, testException = [null], mergedContextConfiguration = [MergedContextConfiguration@30f0b75 testClass = JpaWaiverRepositoryTest, locations = '{}', classes = '{class org.waldreg.repository.attendance.JpaAttendanceTestInitializer}', contextInitializerClasses = '[]', activeProfiles = '{}', propertySourceLocations = '{classpath:h2-application.properties}', propertySourceProperties = '{org.springframework.boot.test.autoconfigure.orm.jpa.DataJpaTestContextBootstrapper=true}', contextCustomizers = set[org.springframework.boot.test.autoconfigure.OverrideAutoConfigurationContextCustomizerFactory$DisableAutoConfigurationContextCustomizer@32a68f4f, org.springframework.boot.test.autoconfigure.actuate.metrics.MetricsExportContextCustomizerFactory$DisableMetricExportContextCustomizer@31dadd46, org.springframework.boot.test.autoconfigure.filter.TypeExcludeFiltersContextCustomizer@351584c0, org.springframework.boot.test.autoconfigure.properties.PropertyMappingContextCustomizer@6f92091e, org.springframework.boot.test.autoconfigure.web.servlet.WebDriverContextCustomizerFactory$Customizer@2dcd168a, [ImportsContextCustomizer@1b6982e4 key = [org.springframework.boot.autoconfigure.cache.CacheAutoConfiguration, org.springframework.boot.autoconfigure.data.jpa.JpaRepositoriesAutoConfiguration, org.springframework.boot.autoconfigure.flyway.FlywayAutoConfiguration, org.springframework.boot.autoconfigure.jdbc.DataSourceAutoConfiguration, org.springframework.boot.autoconfigure.jdbc.DataSourceTransactionManagerAutoConfiguration, org.springframework.boot.autoconfigure.jdbc.JdbcTemplateAutoConfiguration, org.springframework.boot.autoconfigure.liquibase.LiquibaseAutoConfiguration, org.springframework.boot.autoconfigure.orm.jpa.HibernateJpaAutoConfiguration, org.springframework.boot.autoconfigure.sql.init.SqlInitializationAutoConfiguration, org.springframework.boot.autoconfigure.transaction.TransactionAutoConfiguration, org.springframework.boot.test.autoconfigure.jdbc.TestDatabaseAutoConfiguration, org.springframework.boot.test.autoconfigure.orm.jpa.TestEntityManagerAutoConfiguration]], org.springframework.boot.test.context.filter.ExcludeFilterContextCustomizer@5674e1f2, org.springframework.boot.test.json.DuplicateJsonObjectContextCustomizerFactory$DuplicateJsonObjectContextCustomizer@32f232a5, org.springframework.boot.test.mock.mockito.MockitoContextCustomizer@0, org.springframework.boot.test.context.SpringBootTestArgs@1, org.springframework.boot.test.context.SpringBootTestWebEnvironment@0], contextLoader = 'org.springframework.boot.test.context.SpringBootContextLoader', parent = [null]], attributes = map['org.springframework.test.context.event.ApplicationEventsTestExecutionListener.recordApplicationEvents' -> false]]
]]></system-out>
  <system-err><![CDATA[]]></system-err>
</testsuite>
